<?xml version="1.0" encoding="UTF-8"?>
<con:soapui-project id="57978340-0dac-48cb-adc4-df9a8fcc0e2f" activeEnvironment="Default" name="Client-EuropeanDisabilityCardService-1.0-soapui-project" resourceRoot="" soapui-version="5.1.3" abortOnError="false" runType="SEQUENTIAL" xmlns:con="http://eviware.com/soapui/config"><con:settings/><con:interface xsi:type="con:WsdlInterface" id="d99e6105-6c75-414e-a6e2-0f24b1a6a6af" wsaVersion="NONE" name="EuropeanDisabilityCardServiceHTTPBinding" type="wsdl" bindingName="{http://fidus.brussels/service/europeandisabilitycardservice/v1}EuropeanDisabilityCardServiceHTTPBinding" soapVersion="1_1" anonymous="optional" definition="file:/home/isr/parent/europeandisabilitycardservice/EuropeanDisabilityCardServiceGateway/src/main/resources/wsdl/europeanDisabilityCardService/1.0.0/EuropeanDisabilityCardService_v1.wsdl" xmlns:xsi="http://www.w3.org/2001/XMLSchema-instance"><con:settings/><con:definitionCache type="TEXT" rootPart="file:/home/isr/parent/europeandisabilitycardservice/EuropeanDisabilityCardServiceGateway/src/main/resources/wsdl/europeanDisabilityCardService/1.0.0/EuropeanDisabilityCardService_v1.wsdl"><con:part><con:url>file:/home/isr/parent/europeandisabilitycardservice/EuropeanDisabilityCardServiceGateway/src/main/resources/wsdl/europeanDisabilityCardService/1.0.0/EuropeanDisabilityCardService_v1.wsdl</con:url><con:content><![CDATA[<wsdl:definitions targetNamespace="http://fidus.brussels/service/europeandisabilitycardservice/v1" name="EuropeanDisabilityCardService" xmlns:soap="http://schemas.xmlsoap.org/wsdl/soap/" xmlns:wsdl="http://schemas.xmlsoap.org/wsdl/" xmlns:xsd="http://www.w3.org/2001/XMLSchema" xmlns:mes="http://fidus.brussels/service/europeandisabilitycardservice/messages/v1" xmlns:tns="http://fidus.brussels/service/europeandisabilitycardservice/v1">
  <xsd:annotation>
    <xsd:documentation>EuropeanDisabilityCardService WDSL v1.</xsd:documentation>
  </xsd:annotation>
  <wsdl:types>
    <xsd:schema targetNamespace="http://fidus.brussels/service/europeandisabilitycardservice/v1" elementFormDefault="qualified">
      <xsd:import namespace="http://fidus.brussels/service/europeandisabilitycardservice/messages/v1" schemaLocation="messages/europeanDisabilityCardServiceMessages_v1.xsd"/>
    </xsd:schema>
  </wsdl:types>
  <wsdl:message name="consultActiveCardsRequestMessage">
    <wsdl:part name="ConsultActiveCardsRequest" element="mes:consultActiveCardsRequest"/>
  </wsdl:message>
  <wsdl:message name="consultActiveCardsResponseMessage">
    <wsdl:part name="ConsultActiveCardsResponse" element="mes:consultActiveCardsResponse"/>
  </wsdl:message>
  <wsdl:message name="consultAllCardsRequestMessage">
    <wsdl:part name="ConsultAllCardsRequest" element="mes:consultAllCardsRequest"/>
  </wsdl:message>
  <wsdl:message name="consultAllCardsResponseMessage">
    <wsdl:part name="ConsultAllCardsResponse" element="mes:consultAllCardsResponse"/>
  </wsdl:message>
  <wsdl:message name="createCardRequestMessage">
    <wsdl:part name="CreateCardRequest" element="mes:createCardRequest"/>
  </wsdl:message>
  <wsdl:message name="createCardResponseMessage">
    <wsdl:part name="CreateCardResponse" element="mes:createCardResponse"/>
  </wsdl:message>
  <wsdl:message name="stopOrCancelCardRequestMessage">
    <wsdl:part name="StopOrCancelCardRequest" element="mes:stopOrCancelCardRequest"/>
  </wsdl:message>
  <wsdl:message name="stopOrCancelCardResponseMessage">
    <wsdl:part name="StopOrCancelCardResponse" element="mes:stopOrCancelCardResponse"/>
  </wsdl:message>
  <wsdl:portType name="EuropeanDisabilityCardServicePortType">
    <wsdl:operation name="consultActiveCards">
      <wsdl:input message="tns:consultActiveCardsRequestMessage"/>
      <wsdl:output message="tns:consultActiveCardsResponseMessage"/>
    </wsdl:operation>
    <wsdl:operation name="consultAllCards">
      <wsdl:input message="tns:consultAllCardsRequestMessage"/>
      <wsdl:output message="tns:consultAllCardsResponseMessage"/>
    </wsdl:operation>
    <wsdl:operation name="createCard">
      <wsdl:input message="tns:createCardRequestMessage"/>
      <wsdl:output message="tns:createCardResponseMessage"/>
    </wsdl:operation>
    <wsdl:operation name="stopOrCancelCard">
      <wsdl:input message="tns:stopOrCancelCardRequestMessage"/>
      <wsdl:output message="tns:stopOrCancelCardResponseMessage"/>
    </wsdl:operation>
  </wsdl:portType>
  <wsdl:binding name="EuropeanDisabilityCardServiceHTTPBinding" type="tns:EuropeanDisabilityCardServicePortType">
    <soap:binding style="document" transport="http://schemas.xmlsoap.org/soap/http"/>
    <wsdl:operation name="consultActiveCards">
      <soap:operation soapAction="http://fidus.brussels/services/europeandisabilitycardservice/consultActiveCards"/>
      <wsdl:input>
        <soap:body use="literal"/>
      </wsdl:input>
      <wsdl:output>
        <soap:body use="literal"/>
      </wsdl:output>
    </wsdl:operation>
    <wsdl:operation name="consultAllCards">
      <soap:operation soapAction="http://fidus.brussels/services/europeandisabilitycardservice/consultAllCards"/>
      <wsdl:input>
        <soap:body use="literal"/>
      </wsdl:input>
      <wsdl:output>
        <soap:body use="literal"/>
      </wsdl:output>
    </wsdl:operation>
    <wsdl:operation name="createCard">
      <soap:operation soapAction="http://fidus.brussels/services/europeandisabilitycardservice/createCard"/>
      <wsdl:input>
        <soap:body use="literal"/>
      </wsdl:input>
      <wsdl:output>
        <soap:body use="literal"/>
      </wsdl:output>
    </wsdl:operation>
    <wsdl:operation name="stopOrCancelCard">
      <soap:operation soapAction="http://fidus.brussels/services/europeandisabilitycardservice/stopOrCancelCard"/>
      <wsdl:input>
        <soap:body use="literal"/>
      </wsdl:input>
      <wsdl:output>
        <soap:body use="literal"/>
      </wsdl:output>
    </wsdl:operation>
  </wsdl:binding>
  <wsdl:service name="EuropeanDisabilityCardService_v1">
    <wsdl:port name="EuropeanDisabilityCardService_v1" binding="tns:EuropeanDisabilityCardServiceHTTPBinding">
      <soap:address location="http://fidus.brussels/services/europeandisabilitycardservice/v1"/>
    </wsdl:port>
  </wsdl:service>
</wsdl:definitions>]]></con:content><con:type>http://schemas.xmlsoap.org/wsdl/</con:type></con:part><con:part><con:url>file:/home/isr/parent/europeandisabilitycardservice/EuropeanDisabilityCardServiceGateway/src/main/resources/wsdl/europeanDisabilityCardService/1.0.0/messages/europeanDisabilityCardServiceMessages_v1.xsd</con:url><con:content><![CDATA[<xsd:schema targetNamespace="http://fidus.brussels/service/europeandisabilitycardservice/messages/v1" elementFormDefault="qualified" attributeFormDefault="unqualified" version="1.0" xmlns:xsd="http://www.w3.org/2001/XMLSchema" xmlns:cme="http://fidus.brussels/type/common/messages/v1" xmlns:exc="http://fidus.brussels/type/common/exceptions/v1" xmlns:card="http://kszbcss.fgov.be/types/EuropeanDisabilityCard/v1" xmlns:edccommon="http://kszbcss.fgov.be/types/EuropeanDisabilityCard/common/v1" xmlns:common="http://kszbcss.fgov.be/types/common/v3" xmlns:tns="http://fidus.brussels/service/europeandisabilitycardservice/messages/v1">
  <xsd:import namespace="http://fidus.brussels/type/common/messages/v1" schemaLocation="baseMessageTypes_v1.xsd"/>
  <xsd:import namespace="http://fidus.brussels/type/common/exceptions/v1" schemaLocation="exceptionTypes_v1.xsd"/>
  <xsd:import namespace="http://kszbcss.fgov.be/types/common/v3" schemaLocation="../common/CommonV3.xsd"/>
  <xsd:import namespace="http://kszbcss.fgov.be/types/EuropeanDisabilityCard/v1" schemaLocation="../EuropeanDisabilityCard/EuropeanDisabilityCardV1.xsd"/>
  <xsd:import namespace="http://kszbcss.fgov.be/types/EuropeanDisabilityCard/common/v1" schemaLocation="../EuropeanDisabilityCard/common/EuropeanDisabilityCardCommonV1.xsd"/>
  <!--Request ConsultActiveCards definition-->
  <xsd:complexType name="ConsultActiveCardsRequestType">
    <xsd:sequence>
      <xsd:element name="messageContext" type="cme:RequestMessageContextType"/>
      <xsd:element name="legalContext" type="cme:LegalContextType"/>
      <xsd:element name="request" type="tns:ActiveCardsRequestType"/>
    </xsd:sequence>
  </xsd:complexType>
  <xsd:complexType name="ActiveCardsRequestType">
    <xsd:sequence>
      <xsd:element name="ssin" type="common:SsinType"/>
      <xsd:element name="referenceDate" type="xsd:date" minOccurs="0">
        <xsd:annotation>
          <xsd:documentation>When absent, the system date is considered to be the date of reference.</xsd:documentation>
        </xsd:annotation>
      </xsd:element>
    </xsd:sequence>
  </xsd:complexType>
  <xsd:complexType name="ConsultActiveCardsResponseType">
    <xsd:sequence>
      <xsd:element name="messageContext" type="cme:ResponseMessageContextType"/>
      <xsd:element name="responses" type="tns:ActiveCardsResponsesType" minOccurs="0"/>
      <xsd:element name="exceptions" type="exc:ExceptionsType" minOccurs="0">
        <xsd:annotation>
          <xsd:documentation>Technical errors that occur when processing the message context e.g. insufficient rights.</xsd:documentation>
        </xsd:annotation>
      </xsd:element>
    </xsd:sequence>
  </xsd:complexType>
  <xsd:complexType name="ActiveCardsResponsesType">
    <xsd:sequence>
      <xsd:element name="response" type="tns:ActiveCardsResponseType" minOccurs="1" maxOccurs="1"/>
    </xsd:sequence>
  </xsd:complexType>
  <xsd:complexType name="ActiveCardsResponseType">
    <xsd:sequence>
      <xsd:element name="activeCards" type="card:ActiveCardsType" minOccurs="0"/>
    </xsd:sequence>
  </xsd:complexType>
  <!--Request consultAllCards definition-->
  <xsd:complexType name="ConsultAllCardsRequestType">
    <xsd:sequence>
      <xsd:element name="messageContext" type="cme:RequestMessageContextType"/>
      <xsd:element name="legalContext" type="cme:LegalContextType"/>
      <xsd:element name="request" type="tns:AllCardsRequestType"/>
    </xsd:sequence>
  </xsd:complexType>
  <xsd:complexType name="AllCardsRequestType">
    <xsd:sequence>
      <xsd:element name="ssin" type="common:SsinType"/>
    </xsd:sequence>
  </xsd:complexType>
  <xsd:complexType name="ConsultAllCardsResponseType">
    <xsd:sequence>
      <xsd:element name="messageContext" type="cme:ResponseMessageContextType"/>
      <xsd:element name="responses" type="tns:AllCardsResponsesType" minOccurs="0"/>
      <xsd:element name="exceptions" type="exc:ExceptionsType" minOccurs="0">
        <xsd:annotation>
          <xsd:documentation>Technical errors that occur when processing the message context e.g. insufficient rights.</xsd:documentation>
        </xsd:annotation>
      </xsd:element>
    </xsd:sequence>
  </xsd:complexType>
  <xsd:complexType name="AllCardsResponsesType">
    <xsd:sequence>
      <xsd:element name="response" type="tns:AllCardsResponseType" minOccurs="1" maxOccurs="1"/>
    </xsd:sequence>
  </xsd:complexType>
  <xsd:complexType name="AllCardsResponseType">
    <xsd:sequence>
      <xsd:element name="allCards" type="card:AllCardsType" minOccurs="0"/>
    </xsd:sequence>
  </xsd:complexType>
  <!--Request createCard definition-->
  <xsd:complexType name="CreateCardRequestType">
    <xsd:sequence>
      <xsd:element name="messageContext" type="cme:RequestMessageContextType"/>
      <xsd:element name="legalContext" type="cme:LegalContextType"/>
      <xsd:element name="request" type="tns:NewCardRequestType"/>
    </xsd:sequence>
  </xsd:complexType>
  <xsd:complexType name="NewCardRequestType">
    <xsd:sequence>
      <xsd:element name="ssin" type="common:SsinType"/>
      <xsd:element name="emittingPartner" type="common:EnterpriseNumberType"/>
      <xsd:element name="language" type="common:LanguageType"/>
      <xsd:element name="forceCreation" type="xsd:boolean"/>
    </xsd:sequence>
  </xsd:complexType>
  <xsd:complexType name="CreateCardResponseType">
    <xsd:sequence>
      <xsd:element name="messageContext" type="cme:ResponseMessageContextType"/>
      <xsd:element name="responses" type="tns:NewCardResponseType" minOccurs="0"/>
      <xsd:element name="exceptions" type="exc:ExceptionsType" minOccurs="0">
        <xsd:annotation>
          <xsd:documentation>Technical errors that occur when processing the message context e.g. insufficient rights.</xsd:documentation>
        </xsd:annotation>
      </xsd:element>
    </xsd:sequence>
  </xsd:complexType>
  <xsd:complexType name="NewCardResponseType">
    <xsd:sequence>
      <xsd:element name="newCard" type="card:NewCardType" minOccurs="0"/>
      <xsd:element name="otherActiveCards" type="card:ActiveCardsType" minOccurs="0"/>
    </xsd:sequence>
  </xsd:complexType>
  <!--Request stopOrCancelCard definition-->
  <xsd:complexType name="StopOrCancelCardRequestType">
    <xsd:sequence>
      <xsd:element name="messageContext" type="cme:RequestMessageContextType"/>
      <xsd:element name="legalContext" type="cme:LegalContextType"/>
      <xsd:element name="request" type="tns:StopCancelCardRequestType"/>
    </xsd:sequence>
  </xsd:complexType>
  <xsd:complexType name="StopCancelCardRequestType">
    <xsd:sequence>
      <xsd:element name="cardNumber" type="edccommon:CardNumberType"/>
      <xsd:element name="emittingPartner" type="common:EnterpriseNumberType"/>
    </xsd:sequence>
  </xsd:complexType>
  <xsd:complexType name="StopOrCancelCardResponseType">
    <xsd:sequence>
      <xsd:element name="messageContext" type="cme:ResponseMessageContextType"/>
      <xsd:element name="responses" type="tns:StopCancelCardResponseType" minOccurs="0"/>
      <xsd:element name="exceptions" type="exc:ExceptionsType" minOccurs="0">
        <xsd:annotation>
          <xsd:documentation>Technical errors that occur when processing the message context e.g. insufficient rights.</xsd:documentation>
        </xsd:annotation>
      </xsd:element>
    </xsd:sequence>
  </xsd:complexType>
  <xsd:complexType name="StopCancelCardResponseType">
    <xsd:sequence>
      <xsd:element name="result" type="card:StopOrCancelCardResultType" minOccurs="0"/>
    </xsd:sequence>
  </xsd:complexType>
  <!--Element of the request and the response-->
  <xsd:element name="consultActiveCardsRequest" type="tns:ConsultActiveCardsRequestType"/>
  <xsd:element name="consultActiveCardsResponse" type="tns:ConsultActiveCardsResponseType"/>
  <xsd:element name="consultAllCardsRequest" type="tns:ConsultAllCardsRequestType"/>
  <xsd:element name="consultAllCardsResponse" type="tns:ConsultAllCardsResponseType"/>
  <xsd:element name="createCardRequest" type="tns:CreateCardRequestType"/>
  <xsd:element name="createCardResponse" type="tns:CreateCardResponseType"/>
  <xsd:element name="stopOrCancelCardRequest" type="tns:StopOrCancelCardRequestType"/>
  <xsd:element name="stopOrCancelCardResponse" type="tns:StopOrCancelCardResponseType"/>
</xsd:schema>]]></con:content><con:type>http://www.w3.org/2001/XMLSchema</con:type></con:part><con:part><con:url>file:/home/isr/parent/europeandisabilitycardservice/EuropeanDisabilityCardServiceGateway/src/main/resources/wsdl/europeanDisabilityCardService/1.0.0/messages/baseMessageTypes_v1.xsd</con:url><con:content><![CDATA[<xsd:schema targetNamespace="http://fidus.brussels/type/common/messages/v1" elementFormDefault="qualified" attributeFormDefault="unqualified" version="1.0" xmlns:xsd="http://www.w3.org/2001/XMLSchema" xmlns:cmn="http://fidus.brussels/type/common/v1" xmlns:tns="http://fidus.brussels/type/common/messages/v1">
  <!--Unformatted message Id-->
  <xsd:simpleType name="MessageIdType">
    <xsd:restriction base="xsd:string">
      <xsd:minLength value="1"/>
      <xsd:maxLength value="64"/>
    </xsd:restriction>
  </xsd:simpleType>
  <!--National Number of the person. Format depending on the Register-->
  <xsd:simpleType name="PersonNumberType">
    <xsd:restriction base="xsd:string">
      <xsd:pattern value="[0-9][0-9](([0][0-9])|([1][0-2]))(([0-2][0-9])|([3][0-1]))(([0-9]{2}[1-9])|([0-9][1-9][0-9])|([1-9][0-9]{2}))(([0-8][0-9])|([9][0-7]))">
        <xsd:annotation>
          <xsd:documentation>National Register format</xsd:documentation>
        </xsd:annotation>
      </xsd:pattern>
      <xsd:pattern value="[0-9][0-9](([2][0-9])|([3][0-2]))(([0-2][0-9])|([3][0-1]))[0-9]{3}(([0-8][0-9])|([9][0-7]))">
        <xsd:annotation>
          <xsd:documentation>CBSS Register format: Bis Register</xsd:documentation>
        </xsd:annotation>
      </xsd:pattern>
      <xsd:pattern value="[0-9][0-9](([4][0-9])|([5][0-2]))(([0-2][0-9])|([3][0-1]))[0-9]{3}(([0-8][0-9])|([9][0-7]))">
        <xsd:annotation>
          <xsd:documentation>CBSS Register format: Ter Register</xsd:documentation>
        </xsd:annotation>
      </xsd:pattern>
    </xsd:restriction>
  </xsd:simpleType>
  <!--Request message context-->
  <xsd:complexType name="RequestMessageContextType">
    <xsd:annotation>
      <xsd:documentation>Message context block generated by the consumer.</xsd:documentation>
    </xsd:annotation>
    <xsd:sequence>
      <xsd:element name="messageId" type="tns:MessageIdType">
        <xsd:annotation>
          <xsd:documentation>Consumer must assign their own MessageId reference for the request.</xsd:documentation>
        </xsd:annotation>
      </xsd:element>
      <xsd:element name="timestamp" type="xsd:dateTime" minOccurs="0">
        <xsd:annotation>
          <xsd:documentation>Timestamp when client sent request.</xsd:documentation>
        </xsd:annotation>
      </xsd:element>
    </xsd:sequence>
  </xsd:complexType>
  <!--Response message context-->
  <xsd:complexType name="ResponseMessageContextType">
    <xsd:annotation>
      <xsd:documentation>MessageContext block generated by fidus.</xsd:documentation>
    </xsd:annotation>
    <xsd:sequence>
      <xsd:element name="messageId" type="tns:MessageIdType">
        <xsd:annotation>
          <xsd:documentation>A unique identifier generated by fidus.</xsd:documentation>
        </xsd:annotation>
      </xsd:element>
      <xsd:element name="transactionId" type="tns:MessageIdType">
        <xsd:annotation>
          <xsd:documentation>A unique ID returned to the client for tracing purposes.</xsd:documentation>
        </xsd:annotation>
      </xsd:element>
      <xsd:element name="timestamp" type="xsd:dateTime" minOccurs="0">
        <xsd:annotation>
          <xsd:documentation>Time reply sent by fidus.</xsd:documentation>
        </xsd:annotation>
      </xsd:element>
    </xsd:sequence>
  </xsd:complexType>
  <!--Legal Context : the finality of the Privacy Commission-->
  <xsd:simpleType name="LegalContextType">
    <xsd:restriction base="xsd:string">
      <xsd:minLength value="1"/>
      <xsd:maxLength value="64"/>
    </xsd:restriction>
  </xsd:simpleType>
  <xsd:complexType name="UserContextType">
    <xsd:annotation>
      <xsd:documentation>The user context defines information regarding the actual user performing a request.</xsd:documentation>
    </xsd:annotation>
    <xsd:sequence>
      <xsd:element name="language" type="xsd:language" nillable="true">
        <xsd:annotation>
          <xsd:documentation>The preferred language of the actual user performing the request.
						This influences the language in which response elements are cast.</xsd:documentation>
        </xsd:annotation>
      </xsd:element>
    </xsd:sequence>
  </xsd:complexType>
</xsd:schema>]]></con:content><con:type>http://www.w3.org/2001/XMLSchema</con:type></con:part><con:part><con:url>file:/home/isr/parent/europeandisabilitycardservice/EuropeanDisabilityCardServiceGateway/src/main/resources/wsdl/europeanDisabilityCardService/1.0.0/messages/exceptionTypes_v1.xsd</con:url><con:content><![CDATA[<xsd:schema targetNamespace="http://fidus.brussels/type/common/exceptions/v1" elementFormDefault="qualified" attributeFormDefault="unqualified" version="1.0" xmlns:xsd="http://www.w3.org/2001/XMLSchema" xmlns:tns="http://fidus.brussels/type/common/exceptions/v1">
  <!--Basic error typed-->
  <xsd:complexType name="ExceptionsType">
    <xsd:sequence>
      <xsd:element name="exception" type="tns:ExceptionType" maxOccurs="unbounded"/>
    </xsd:sequence>
  </xsd:complexType>
  <xsd:complexType name="ExceptionType">
    <xsd:sequence>
      <xsd:element name="type" type="tns:ExceptionClassType"/>
      <xsd:element name="code" type="tns:ExceptionCodeType"/>
      <xsd:element name="source" type="tns:ExceptionSourceType"/>
      <xsd:element name="description" type="tns:ExceptionDescriptionType"/>
    </xsd:sequence>
  </xsd:complexType>
  <xsd:simpleType name="ExceptionClassType">
    <xsd:restriction base="xsd:string">
      <xsd:enumeration value="ERROR"/>
      <xsd:enumeration value="WARNING"/>
      <xsd:enumeration value="INFO"/>
    </xsd:restriction>
  </xsd:simpleType>
  <xsd:simpleType name="ExceptionCodeType">
    <xsd:restriction base="xsd:string">
      <xsd:maxLength value="20"/>
    </xsd:restriction>
  </xsd:simpleType>
  <xsd:simpleType name="ExceptionSourceType">
    <xsd:restriction base="xsd:string">
      <xsd:maxLength value="20"/>
    </xsd:restriction>
  </xsd:simpleType>
  <xsd:simpleType name="ExceptionDescriptionType">
    <xsd:restriction base="xsd:string"/>
  </xsd:simpleType>
</xsd:schema>]]></con:content><con:type>http://www.w3.org/2001/XMLSchema</con:type></con:part><con:part><con:url>file:/home/isr/parent/europeandisabilitycardservice/EuropeanDisabilityCardServiceGateway/src/main/resources/wsdl/europeanDisabilityCardService/1.0.0/common/CommonV3.xsd</con:url><con:content><![CDATA[<!--====================================================================================================================================
	* File Name				: CommonV3.xsd
	* Author					: Johan Kumps - Peter Van den Bosch
	* Owner					: Crossroad Bank for Social Security (CBSS)
	* Domain					: CBSS Registries Public Services
	* Creation Date			: 31-05-2010
	* Description				: This XML schema document contains a set of Common XML  type definition and content model fragments for use in CBSS webservices and batch file schema definitions within the CBSS domain. 
	* Revision History		: 09-03-2011  	String2Type added
	*														LegalContext added
	*														DescriptionType refactored + lenght constraint 50 changed to 100
	*														InformationCustomerType.ticket length constraint 32 changed to 36
	*														LegalContext + IntegrationContext concepts added
	*														RuntimeFaultType refactored to CBSSFaultType
	*														Parameters added to BaseRequestType
	*                                18-10-2011 		removed String100Type 
   *                                         				Added InformationNotificationCBSS/InformationNotified
   *                                         				Increased the max number of occurences of Information in CBSSFaultType from 5 to 15
	*									25-10-2011	Refactored unbounded business errors to 25
	*														Refactored SSINType to SsinType
   *                          09-11-2011 Changed namespace to v3
   *                                         thorough validation leading to modifications: see CBSS common XSD types.doc
   *                           18-01-2011          informationNotified: identification renamed to notifiedIdentification (consistency)
   *                                                          CbeNumberType: changed from 9 or 10 digits, to mandatory 10 digits
  *                                                          added types for euro amounts, enterprise numbers and business unit numbers
 *                                                          Removed status and business anomalies from BaseResponseType, as the request fields should be copied in the same order in the response
*                                20-03-2012        Renamed BaseDescriptionType to DescriptionType, removed old DescriptionType
*                                                        Removed DescriptionStyleParametersType
*                                                        Removed RegisterCharacterSetType
*                                 29-05-2012           Really remove RegisterCharacterSetType
*								  14-11-2013		Added InformationCBSSBatchType
*								  04-09-2014		Added SenderReceiverType
*								  07-01-2015		Added SequenceNumberType
*								  03-07-2015		Added NssoRegistrationNumberType
*                                 11-09-2015      Modified NssoRegistrationNumberType to allow both 9 long as temporary 10 long numbers starting with 51.
*                                 16-09-2015      Modified NssoRegistrationNumberType to 10 long numbers starting with 51 or with 0.
*                                 08-02-2016      Added StatusOkType
*                                 27-09-2016      Added YearQuarterType format yyyyQx, QuarterPeriodType and OpenQuarterPeriodType
====================================================================================================================================-->
<xsd:schema targetNamespace="http://kszbcss.fgov.be/types/common/v3" elementFormDefault="unqualified" attributeFormDefault="unqualified" version="3.3.1" xmlns:xsd="http://www.w3.org/2001/XMLSchema" xmlns:tns="http://kszbcss.fgov.be/types/common/v3">
  <!--Request / response meta data-->
  <xsd:simpleType name="SeverityType">
    <xsd:restriction base="xsd:string">
      <xsd:enumeration value="INFORMATION"/>
      <xsd:enumeration value="WARNING"/>
      <xsd:enumeration value="FATAL"/>
    </xsd:restriction>
  </xsd:simpleType>
  <xsd:simpleType name="UUIDType">
    <xsd:restriction base="xsd:string">
      <xsd:pattern value="[\da-fA-F]{8}-[\da-fA-F]{4}-[\da-fA-F]{4}-[\da-fA-F]{4}-[\da-fA-F]{12}"/>
    </xsd:restriction>
  </xsd:simpleType>
  <xsd:simpleType name="TicketType">
    <xsd:restriction base="xsd:string">
      <xsd:maxLength value="36"/>
    </xsd:restriction>
  </xsd:simpleType>
  <xsd:simpleType name="CbeNumberType">
    <xsd:annotation>
      <xsd:documentation>CBE number identifying an enterprise or business unit</xsd:documentation>
    </xsd:annotation>
    <xsd:restriction base="xsd:string">
      <xsd:pattern value="\d{10}"/>
    </xsd:restriction>
  </xsd:simpleType>
  <xsd:simpleType name="EnterpriseNumberType">
    <xsd:annotation>
      <xsd:documentation>CBE enterprise number (starting with 0 or 1)</xsd:documentation>
    </xsd:annotation>
    <xsd:restriction base="xsd:string">
      <xsd:pattern value="[0-1]\d{9}"/>
    </xsd:restriction>
  </xsd:simpleType>
  <xsd:simpleType name="BusinessUnitNumberType">
    <xsd:annotation>
      <xsd:documentation>CBE business unit number (starting with 2-8)</xsd:documentation>
    </xsd:annotation>
    <xsd:restriction base="xsd:string">
      <xsd:pattern value="[2-8]\d{9}"/>
    </xsd:restriction>
  </xsd:simpleType>
  <xsd:simpleType name="SsinType">
    <xsd:restriction base="xsd:string">
      <xsd:pattern value="[0-9][0-9](([0][0-9])|([1][0-2]))(([0-2][0-9])|([3][0-1]))(([0-9]{2}[1-9])|([0-9][1-9][0-9])|([1-9][0-9]{2}))(([0-8][0-9])|([9][0-7]))">
        <xsd:annotation>
          <xsd:documentation xml:lang="FR">Registre National</xsd:documentation>
          <xsd:documentation xml:lang="NL">Rijksregister</xsd:documentation>
        </xsd:annotation>
      </xsd:pattern>
      <xsd:pattern value="[0-9][0-9](([2][0-9])|([3][0-2]))(([0-2][0-9])|([3][0-1]))[0-9]{3}(([0-8][0-9])|([9][0-7]))">
        <xsd:annotation>
          <xsd:documentation xml:lang="FR">Registre Bis : numero Bis</xsd:documentation>
          <xsd:documentation xml:lang="NL">Bis register : Bisnummer</xsd:documentation>
        </xsd:annotation>
      </xsd:pattern>
      <xsd:pattern value="[0-9][0-9](([4][0-9])|([5][0-2]))(([0-2][0-9])|([3][0-1]))[0-9]{3}(([0-8][0-9])|([9][0-7]))">
        <xsd:annotation>
          <xsd:documentation xml:lang="FR">Registre Bis : numero TER</xsd:documentation>
          <xsd:documentation xml:lang="NL">Bisregister : Ternummer</xsd:documentation>
        </xsd:annotation>
      </xsd:pattern>
    </xsd:restriction>
  </xsd:simpleType>
  <xsd:simpleType name="LegalContextType">
    <xsd:restriction base="xsd:string">
      <xsd:maxLength value="64"/>
    </xsd:restriction>
  </xsd:simpleType>
  <xsd:simpleType name="IntegrationContextType">
    <xsd:annotation>
      <xsd:documentation>deprecated type. Use InscriptionContextType instead in new XSDs</xsd:documentation>
    </xsd:annotation>
    <xsd:restriction base="xsd:string">
      <xsd:maxLength value="64"/>
    </xsd:restriction>
  </xsd:simpleType>
  <xsd:simpleType name="InscriptionContextType">
    <xsd:annotation>
      <xsd:documentation>The way in which an organization knows a person (textual equivalent of former numerical quality code)</xsd:documentation>
    </xsd:annotation>
    <xsd:restriction base="xsd:string">
      <xsd:maxLength value="64"/>
    </xsd:restriction>
  </xsd:simpleType>
  <xsd:simpleType name="SequenceNumberType">
    <xsd:restriction base="xsd:long">
      <xsd:minInclusive value="1"/>
      <xsd:totalDigits value="15"/>
    </xsd:restriction>
  </xsd:simpleType>
  <xsd:complexType name="InformationCBSSType">
    <xsd:annotation>
      <xsd:documentation>Information block from CBSS.</xsd:documentation>
    </xsd:annotation>
    <xsd:sequence>
      <xsd:element name="ticketCBSS" type="tns:UUIDType"/>
      <xsd:element name="timestampReceive" type="xsd:dateTime">
        <xsd:annotation>
          <xsd:documentation>Time request was received by CBSS.</xsd:documentation>
        </xsd:annotation>
      </xsd:element>
      <xsd:element name="timestampReply" type="xsd:dateTime">
        <xsd:annotation>
          <xsd:documentation>Time reply was sent by CBSS.</xsd:documentation>
        </xsd:annotation>
      </xsd:element>
    </xsd:sequence>
  </xsd:complexType>
  <xsd:complexType name="InformationCustomerType">
    <xsd:annotation>
      <xsd:documentation>Information block that can be used by the customer for diagnostic use.</xsd:documentation>
    </xsd:annotation>
    <xsd:sequence>
      <xsd:element name="ticket" type="tns:TicketType" minOccurs="0">
        <xsd:annotation>
          <xsd:documentation>Client can assign their own ticket reference for the request. Not mandatory. For non-UUID tickets only the first 32 chars are stored at CBSS.</xsd:documentation>
        </xsd:annotation>
      </xsd:element>
      <xsd:element name="timestampSent" type="xsd:dateTime" minOccurs="0">
        <xsd:annotation>
          <xsd:documentation>Timestamp when client sent request.</xsd:documentation>
        </xsd:annotation>
      </xsd:element>
      <xsd:element name="customerIdentification" type="tns:OrganizationIdentificationType"/>
    </xsd:sequence>
  </xsd:complexType>
  <xsd:complexType name="InformationSupplierType">
    <xsd:annotation>
      <xsd:documentation>Information block for supplier of a service</xsd:documentation>
    </xsd:annotation>
    <xsd:sequence>
      <xsd:element name="ticket" type="tns:TicketType" minOccurs="0">
        <xsd:annotation>
          <xsd:documentation>UUID generated by Customer or Supplier</xsd:documentation>
        </xsd:annotation>
      </xsd:element>
      <xsd:element name="timestampReceive" type="xsd:dateTime" minOccurs="0">
        <xsd:annotation>
          <xsd:documentation>Time of request</xsd:documentation>
        </xsd:annotation>
      </xsd:element>
      <xsd:element name="timestampReply" type="xsd:dateTime" minOccurs="0">
        <xsd:annotation>
          <xsd:documentation>Time of request</xsd:documentation>
        </xsd:annotation>
      </xsd:element>
      <xsd:element name="supplierIdentification" type="tns:OrganizationIdentificationType"/>
    </xsd:sequence>
  </xsd:complexType>
  <xsd:complexType name="InformationNotificationCBSSType">
    <xsd:annotation>
      <xsd:documentation>Deprecated type. Use SenderReceiverType in new batch XSDs. Information block for CBSS info when CBSS notifies partner</xsd:documentation>
    </xsd:annotation>
    <xsd:sequence>
      <xsd:element name="ticketCBSS" type="tns:UUIDType">
        <xsd:annotation>
          <xsd:documentation>UUID generated by Customer or Supplier</xsd:documentation>
        </xsd:annotation>
      </xsd:element>
      <xsd:element name="timestampSent" type="xsd:dateTime">
        <xsd:annotation>
          <xsd:documentation>Time of request</xsd:documentation>
        </xsd:annotation>
      </xsd:element>
    </xsd:sequence>
  </xsd:complexType>
  <xsd:complexType name="InformationNotifiedType">
    <xsd:annotation>
      <xsd:documentation>Deprecated type. Use SenderReceiverType in new batch XSDs. Information block for partner info when CBSS notifies partner</xsd:documentation>
    </xsd:annotation>
    <xsd:sequence>
      <xsd:element name="ticket" type="tns:TicketType" minOccurs="0"/>
      <xsd:element name="timestampReply" type="xsd:dateTime" minOccurs="0"/>
      <xsd:element name="notifiedIdentification" type="tns:OrganizationIdentificationType"/>
    </xsd:sequence>
  </xsd:complexType>
  <xsd:complexType name="InformationCBSSBatchType">
    <xsd:annotation>
      <xsd:documentation>Deprecated type. Use SenderReceiverType in new batch XSDs</xsd:documentation>
    </xsd:annotation>
    <xsd:sequence>
      <xsd:element name="fileId" type="xsd:unsignedLong"/>
      <xsd:element name="fileCreationTimestamp" type="xsd:dateTime"/>
    </xsd:sequence>
  </xsd:complexType>
  <xsd:complexType name="SenderReceiverType">
    <xsd:annotation>
      <xsd:documentation>Information block containing info about the sender or receiver of a message.</xsd:documentation>
    </xsd:annotation>
    <xsd:sequence>
      <xsd:element name="ticket" type="tns:TicketType" minOccurs="0">
        <xsd:annotation>
          <xsd:documentation>The partner can assign a ticket reference to the message. Not mandatory.</xsd:documentation>
        </xsd:annotation>
      </xsd:element>
      <xsd:element name="timestampSent" type="xsd:dateTime" minOccurs="0">
        <xsd:annotation>
          <xsd:documentation>Timestamp when message was sent. In the receiver block of response messages the timestampSent is the timestamp when the request was created by the organization that receives the response.</xsd:documentation>
        </xsd:annotation>
      </xsd:element>
      <xsd:element name="organizationIdentification" type="tns:OrganizationIdentificationType"/>
    </xsd:sequence>
  </xsd:complexType>
  <xsd:complexType name="OrganizationIdentificationType">
    <xsd:choice>
      <xsd:element name="cbeNumber" type="tns:CbeNumberType"/>
      <xsd:sequence>
        <xsd:element name="sector">
          <xsd:simpleType>
            <xsd:restriction base="xsd:unsignedShort">
              <xsd:maxInclusive value="999"/>
            </xsd:restriction>
          </xsd:simpleType>
        </xsd:element>
        <xsd:element name="institution">
          <xsd:simpleType>
            <xsd:restriction base="xsd:unsignedShort">
              <xsd:maxInclusive value="999"/>
            </xsd:restriction>
          </xsd:simpleType>
        </xsd:element>
      </xsd:sequence>
    </xsd:choice>
  </xsd:complexType>
  <xsd:complexType name="OpenPeriodType">
    <xsd:annotation>
      <xsd:documentation>Period containing a begin date and an optional end date.</xsd:documentation>
    </xsd:annotation>
    <xsd:sequence>
      <xsd:element name="beginDate" type="xsd:date"/>
      <xsd:element name="endDate" type="xsd:date" minOccurs="0"/>
    </xsd:sequence>
  </xsd:complexType>
  <xsd:complexType name="PeriodType">
    <xsd:annotation>
      <xsd:documentation>Period containing a begin date and an end date.</xsd:documentation>
    </xsd:annotation>
    <xsd:sequence>
      <xsd:element name="beginDate" type="xsd:date"/>
      <xsd:element name="endDate" type="xsd:date"/>
    </xsd:sequence>
  </xsd:complexType>
  <xsd:complexType name="OpenQuarterPeriodType">
    <xsd:annotation>
      <xsd:documentation>Quarter period containing a quarter begin date and an optional quarter end date.</xsd:documentation>
    </xsd:annotation>
    <xsd:sequence>
      <xsd:element name="beginQuarter" type="tns:YearQuarterType"/>
      <xsd:element name="endQuarter" type="tns:YearQuarterType" minOccurs="0"/>
    </xsd:sequence>
  </xsd:complexType>
  <xsd:complexType name="QuarterPeriodType">
    <xsd:annotation>
      <xsd:documentation>Quarter period containing a quarter begin date and a quarter end date.</xsd:documentation>
    </xsd:annotation>
    <xsd:sequence>
      <xsd:element name="beginQuarter" type="tns:YearQuarterType"/>
      <xsd:element name="endQuarter" type="tns:YearQuarterType"/>
    </xsd:sequence>
  </xsd:complexType>
  <xsd:simpleType name="YearQuarterType">
    <xsd:restriction base="xsd:string">
      <xsd:length value="6"/>
      <xsd:whiteSpace value="collapse"/>
      <xsd:pattern value="[1-2]\d{3}Q(1|2|3|4)"/>
    </xsd:restriction>
  </xsd:simpleType>
  <xsd:simpleType name="IncompleteDateType">
    <xsd:annotation>
      <xsd:documentation>A possibly incomplete date. Format yyyy-mm-dd, yyyy-mm-00 or yyyy-00-00</xsd:documentation>
    </xsd:annotation>
    <xsd:restriction base="xsd:string">
      <xsd:length value="10"/>
      <xsd:whiteSpace value="collapse"/>
      <xsd:pattern value="[0-2][0-9]{3}\-[0-1][0-9]\-[0-3][0-9]"/>
    </xsd:restriction>
  </xsd:simpleType>
  <xsd:simpleType name="DescriptionType">
    <xsd:restriction base="xsd:string">
      <xsd:maxLength value="100"/>
    </xsd:restriction>
  </xsd:simpleType>
  <xsd:simpleType name="LanguageType">
    <xsd:annotation>
      <xsd:documentation>Type specifying the language of a given value</xsd:documentation>
    </xsd:annotation>
    <xsd:restriction base="xsd:string">
      <xsd:enumeration value="NL"/>
      <xsd:enumeration value="FR"/>
      <xsd:enumeration value="DE"/>
    </xsd:restriction>
  </xsd:simpleType>
  <!--Errors and warnings structures-->
  <xsd:group name="BusinessAnomaliesContentFragment">
    <xsd:annotation>
      <xsd:documentation>Structure reporting business errors to the consumer</xsd:documentation>
    </xsd:annotation>
    <xsd:sequence>
      <xsd:element name="businessAnomalies" type="tns:BusinessAnomaliesType" minOccurs="0"/>
    </xsd:sequence>
  </xsd:group>
  <xsd:complexType name="BusinessAnomaliesType">
    <xsd:annotation>
      <xsd:documentation>Type defining the structure of the part of the response containing business Faults</xsd:documentation>
    </xsd:annotation>
    <xsd:sequence>
      <xsd:element name="businessAnomaly" type="tns:BusinessAnomalyType" maxOccurs="25"/>
    </xsd:sequence>
  </xsd:complexType>
  <xsd:complexType name="BusinessAnomalyType">
    <xsd:annotation>
      <xsd:documentation>Type defining the structure of one business Faults</xsd:documentation>
    </xsd:annotation>
    <xsd:sequence>
      <xsd:element name="code" type="xsd:string">
        <xsd:annotation>
          <xsd:documentation>Unique code referring to a description of this Fault</xsd:documentation>
        </xsd:annotation>
      </xsd:element>
      <xsd:element name="severity" type="tns:SeverityType"/>
      <xsd:element name="description">
        <xsd:annotation>
          <xsd:documentation>Some description of this Fault</xsd:documentation>
        </xsd:annotation>
        <xsd:simpleType>
          <xsd:restriction base="xsd:string">
            <xsd:maxLength value="256"/>
          </xsd:restriction>
        </xsd:simpleType>
      </xsd:element>
      <xsd:element name="information" type="tns:InformationType" minOccurs="0" maxOccurs="15"/>
    </xsd:sequence>
  </xsd:complexType>
  <xsd:complexType name="CBSSFaultType">
    <xsd:sequence>
      <xsd:element name="informationCustomer" type="tns:InformationCustomerType" minOccurs="0"/>
      <xsd:element name="informationCBSS" type="tns:InformationCBSSType"/>
      <xsd:element name="detail" type="tns:MessageType" maxOccurs="30"/>
    </xsd:sequence>
  </xsd:complexType>
  <xsd:complexType name="MessageType">
    <xsd:sequence>
      <xsd:element name="severity" type="tns:SeverityType"/>
      <xsd:element name="reasonCode">
        <xsd:simpleType>
          <xsd:restriction base="xsd:string">
            <xsd:maxLength value="16"/>
          </xsd:restriction>
        </xsd:simpleType>
      </xsd:element>
      <xsd:element name="diagnostic">
        <xsd:simpleType>
          <xsd:restriction base="xsd:string">
            <xsd:maxLength value="256"/>
          </xsd:restriction>
        </xsd:simpleType>
      </xsd:element>
      <xsd:element name="authorCode">
        <xsd:simpleType>
          <xsd:restriction base="xsd:string">
            <xsd:maxLength value="64"/>
          </xsd:restriction>
        </xsd:simpleType>
      </xsd:element>
      <xsd:element name="information" type="tns:InformationType" minOccurs="0" maxOccurs="15"/>
    </xsd:sequence>
  </xsd:complexType>
  <xsd:complexType name="InformationType">
    <xsd:sequence>
      <xsd:element name="fieldName">
        <xsd:simpleType>
          <xsd:restriction base="xsd:string">
            <xsd:maxLength value="64"/>
          </xsd:restriction>
        </xsd:simpleType>
      </xsd:element>
      <xsd:element name="fieldValue" minOccurs="0">
        <xsd:simpleType>
          <xsd:restriction base="xsd:string">
            <xsd:maxLength value="256"/>
          </xsd:restriction>
        </xsd:simpleType>
      </xsd:element>
    </xsd:sequence>
  </xsd:complexType>
  <!--Base types for most common request/response format for consultation type operations. Can be used to define request and response types with extension type inheritance. Don't use if it doesn't fit the requirements.-->
  <xsd:complexType name="BaseRequestType" abstract="true">
    <xsd:annotation>
      <xsd:documentation>Type defining the base structure for all service requests</xsd:documentation>
    </xsd:annotation>
    <xsd:sequence>
      <xsd:element name="informationCustomer" type="tns:InformationCustomerType"/>
      <xsd:element name="informationCBSS" type="tns:InformationCBSSType" minOccurs="0"/>
      <xsd:element name="legalContext" type="tns:LegalContextType">
        <xsd:annotation>
          <xsd:documentation>legal context under which the request was made</xsd:documentation>
        </xsd:annotation>
      </xsd:element>
    </xsd:sequence>
  </xsd:complexType>
  <xsd:complexType name="BaseResponseType" abstract="true">
    <xsd:annotation>
      <xsd:documentation>Type defining the base structure for all service responses</xsd:documentation>
    </xsd:annotation>
    <xsd:sequence>
      <xsd:element name="informationCustomer" type="tns:InformationCustomerType"/>
      <xsd:element name="informationCBSS" type="tns:InformationCBSSType"/>
      <xsd:element name="legalContext" type="tns:LegalContextType"/>
    </xsd:sequence>
  </xsd:complexType>
  <!--Commonly used status type for consultation type operations. Define another if it doesn't fit requirements.-->
  <xsd:complexType name="StatusType">
    <xsd:sequence>
      <xsd:element name="value">
        <xsd:annotation>
          <xsd:documentation>global status of the result</xsd:documentation>
        </xsd:annotation>
        <xsd:simpleType>
          <xsd:restriction base="xsd:string">
            <xsd:enumeration value="DATA_FOUND"/>
            <xsd:enumeration value="NO_DATA_FOUND"/>
            <xsd:enumeration value="NO_RESULT"/>
          </xsd:restriction>
        </xsd:simpleType>
      </xsd:element>
      <xsd:element name="code">
        <xsd:annotation>
          <xsd:documentation>the code of the status</xsd:documentation>
        </xsd:annotation>
        <xsd:simpleType>
          <xsd:restriction base="xsd:string">
            <xsd:maxLength value="16"/>
          </xsd:restriction>
        </xsd:simpleType>
      </xsd:element>
      <xsd:element name="description" minOccurs="0">
        <xsd:annotation>
          <xsd:documentation>the description of the status</xsd:documentation>
        </xsd:annotation>
        <xsd:simpleType>
          <xsd:restriction base="xsd:string">
            <xsd:maxLength value="256"/>
          </xsd:restriction>
        </xsd:simpleType>
      </xsd:element>
      <xsd:element name="information" type="tns:InformationType" minOccurs="0" maxOccurs="15"/>
    </xsd:sequence>
  </xsd:complexType>
  <!--Commonly used status type for ok/nok type operations like notifications. Don't use if it doesn't fit requirements.-->
  <xsd:complexType name="StatusOkType">
    <xsd:sequence>
      <xsd:element name="value">
        <xsd:annotation>
          <xsd:documentation>global status of the result</xsd:documentation>
        </xsd:annotation>
        <xsd:simpleType>
          <xsd:restriction base="xsd:string">
            <xsd:enumeration value="OK"/>
            <xsd:enumeration value="NOK"/>
          </xsd:restriction>
        </xsd:simpleType>
      </xsd:element>
      <xsd:element name="code">
        <xsd:annotation>
          <xsd:documentation>the code of the status</xsd:documentation>
        </xsd:annotation>
        <xsd:simpleType>
          <xsd:restriction base="xsd:string">
            <xsd:maxLength value="16"/>
          </xsd:restriction>
        </xsd:simpleType>
      </xsd:element>
      <xsd:element name="description" minOccurs="0">
        <xsd:annotation>
          <xsd:documentation>the description of the status</xsd:documentation>
        </xsd:annotation>
        <xsd:simpleType>
          <xsd:restriction base="xsd:string">
            <xsd:maxLength value="256"/>
          </xsd:restriction>
        </xsd:simpleType>
      </xsd:element>
      <xsd:element name="information" type="tns:InformationType" minOccurs="0" maxOccurs="15"/>
    </xsd:sequence>
  </xsd:complexType>
  <xsd:simpleType name="EuroPositiveAmountType">
    <xsd:restriction base="xsd:decimal">
      <xsd:fractionDigits value="2"/>
      <xsd:maxExclusive value="1000000000000000"/>
    </xsd:restriction>
  </xsd:simpleType>
  <xsd:simpleType name="EuroAmountType">
    <xsd:restriction base="xsd:decimal">
      <xsd:fractionDigits value="2"/>
      <xsd:maxExclusive value="1000000000000000"/>
      <xsd:minExclusive value="-1000000000000000"/>
    </xsd:restriction>
  </xsd:simpleType>
  <xsd:simpleType name="EurocentPositiveAmountType">
    <xsd:restriction base="xsd:unsignedLong">
      <xsd:maxExclusive value="100000000000000000"/>
    </xsd:restriction>
  </xsd:simpleType>
  <xsd:simpleType name="EurocentAmountType">
    <xsd:restriction base="xsd:long">
      <xsd:minExclusive value="-100000000000000000"/>
      <xsd:maxExclusive value="100000000000000000"/>
    </xsd:restriction>
  </xsd:simpleType>
  <xsd:simpleType name="NssoRegistrationNumberType">
    <xsd:annotation>
      <xsd:documentation>Identification number of an enterprise at NSSO (= RSZ/ONSS). Numbers starting with 51 and length 10 are always temporary numbers.</xsd:documentation>
    </xsd:annotation>
    <xsd:restriction base="xsd:string">
      <xsd:pattern value="0\d{9}"/>
      <xsd:pattern value="51\d{8}"/>
    </xsd:restriction>
  </xsd:simpleType>
</xsd:schema>]]></con:content><con:type>http://www.w3.org/2001/XMLSchema</con:type></con:part><con:part><con:url>file:/home/isr/parent/europeandisabilitycardservice/EuropeanDisabilityCardServiceGateway/src/main/resources/wsdl/europeanDisabilityCardService/1.0.0/EuropeanDisabilityCard/EuropeanDisabilityCardV1.xsd</con:url><con:content><![CDATA[<!--edited with XMLSpy v2008 rel. 2 sp2 (http://www.altova.com) by USER (KSZ-BCSS)-->
<!--========================================================================
       	 * Owner :               KSZ / CBSS
         * Creation date :       2017-04-04
         * Description :         Type definitions for the EuropeanDisabilityCard web service.
         * Revision History : 	 2017-04-04: Initial version
========================================================================-->
<xsd:schema targetNamespace="http://kszbcss.fgov.be/types/EuropeanDisabilityCard/v1" elementFormDefault="unqualified" attributeFormDefault="unqualified" version="2017-04-04" xmlns="http://kszbcss.fgov.be/types/EuropeanDisabilityCard/v1" xmlns:xsd="http://www.w3.org/2001/XMLSchema" xmlns:common="http://kszbcss.fgov.be/types/common/v3" xmlns:edccommon="http://kszbcss.fgov.be/types/EuropeanDisabilityCard/common/v1">
  <xsd:import namespace="http://kszbcss.fgov.be/types/common/v3" schemaLocation="../common/CommonV3.xsd"/>
  <xsd:import namespace="http://kszbcss.fgov.be/types/EuropeanDisabilityCard/common/v1" schemaLocation="common/EuropeanDisabilityCardCommonV1.xsd"/>
  <xsd:element name="consultActiveCardsRequest" type="ConsultActiveCardsRequestType"/>
  <xsd:element name="consultActiveCardsResponse" type="ConsultActiveCardsResponseType"/>
  <xsd:element name="consultActiveCardsFault" type="common:CBSSFaultType"/>
  <xsd:complexType name="ConsultActiveCardsRequestType">
    <xsd:complexContent>
      <xsd:extension base="common:BaseRequestType">
        <xsd:sequence>
          <xsd:element name="criteria" type="ConsultActiveCardsCriteriaType"/>
        </xsd:sequence>
      </xsd:extension>
    </xsd:complexContent>
  </xsd:complexType>
  <xsd:complexType name="ConsultActiveCardsResponseType">
    <xsd:complexContent>
      <xsd:extension base="common:BaseResponseType">
        <xsd:sequence>
          <xsd:element name="criteria" type="ConsultActiveCardsCriteriaType"/>
          <xsd:element name="status" type="common:StatusType"/>
          <xsd:element name="ssin" type="SsinWithCanceledAndReplacedByStatusType" minOccurs="0"/>
          <xsd:element name="activeCards" type="ActiveCardsType" minOccurs="0">
            <xsd:annotation>
              <xsd:documentation>Type specifying all active cards as known in the EDC database for the given criteria. A card is active when in not in lifeCycle CANCELED, RETURNED or FAILED, and for which the period of validity comprises the referencedate of the request. The period of validity is [validityBeginDate, min(validityEndDate, prematureValidityEndDate)]</xsd:documentation>
            </xsd:annotation>
          </xsd:element>
        </xsd:sequence>
      </xsd:extension>
    </xsd:complexContent>
  </xsd:complexType>
  <xsd:element name="consultAllCardsRequest" type="ConsultAllCardsRequestType"/>
  <xsd:element name="consultAllCardsResponse" type="ConsultAllCardsResponseType"/>
  <xsd:element name="consultAllCardsFault" type="common:CBSSFaultType"/>
  <xsd:complexType name="ConsultAllCardsRequestType">
    <xsd:complexContent>
      <xsd:extension base="common:BaseRequestType">
        <xsd:sequence>
          <xsd:element name="criteria" type="ConsultAllCardsCriteriaType"/>
        </xsd:sequence>
      </xsd:extension>
    </xsd:complexContent>
  </xsd:complexType>
  <xsd:complexType name="ConsultAllCardsResponseType">
    <xsd:complexContent>
      <xsd:extension base="common:BaseResponseType">
        <xsd:sequence>
          <xsd:element name="criteria" type="ConsultAllCardsCriteriaType"/>
          <xsd:element name="status" type="common:StatusType"/>
          <xsd:element name="ssin" type="SsinWithCanceledAndReplacedByStatusType" minOccurs="0"/>
          <xsd:element name="allCards" type="AllCardsType" minOccurs="0">
            <xsd:annotation>
              <xsd:documentation>Type specifying all existing or non existing cards as known in the EDC database with a beginDate larger than 3 years ago.</xsd:documentation>
            </xsd:annotation>
          </xsd:element>
        </xsd:sequence>
      </xsd:extension>
    </xsd:complexContent>
  </xsd:complexType>
  <xsd:element name="createCardRequest" type="CreateCardRequestType"/>
  <xsd:element name="createCardResponse" type="CreateCardResponseType"/>
  <xsd:element name="createCardFault" type="common:CBSSFaultType"/>
  <xsd:complexType name="CreateCardRequestType">
    <xsd:complexContent>
      <xsd:extension base="common:BaseRequestType">
        <xsd:sequence>
          <xsd:element name="criteria" type="CreateCardCriteriaType"/>
        </xsd:sequence>
      </xsd:extension>
    </xsd:complexContent>
  </xsd:complexType>
  <xsd:complexType name="CreateCardResponseType">
    <xsd:complexContent>
      <xsd:extension base="common:BaseResponseType">
        <xsd:sequence>
          <xsd:element name="criteria" type="CreateCardCriteriaType"/>
          <xsd:element name="status" type="common:StatusType"/>
          <xsd:element name="ssin" type="SsinWithCanceledAndReplacedByStatusType"/>
          <xsd:element name="newCard" type="NewCardType" minOccurs="0">
            <xsd:annotation>
              <xsd:documentation>The new card created for the given criteria. If not present, no new card has been created.</xsd:documentation>
            </xsd:annotation>
          </xsd:element>
          <xsd:element name="otherActiveCards" type="ActiveCardsType" minOccurs="0">
            <xsd:annotation>
              <xsd:documentation>Type specifying all the other active cards (apart from the newly created one) as known in the EDC database for the given criteria. A card is active when in not in lifeCycle CANCELED, RETURNED or FAILED, and for which the period of validity comprises the date of request. The period of validity is [validityBeginDate, min(validityEndDate, prematureValidityEndDate)]</xsd:documentation>
            </xsd:annotation>
          </xsd:element>
        </xsd:sequence>
      </xsd:extension>
    </xsd:complexContent>
  </xsd:complexType>
  <xsd:element name="stopOrCancelCardRequest" type="StopOrCancelCardRequestType"/>
  <xsd:element name="stopOrCancelCardResponse" type="StopOrCancelCardResponseType"/>
  <xsd:element name="stopOrCancelCardFault" type="common:CBSSFaultType"/>
  <xsd:complexType name="StopOrCancelCardRequestType">
    <xsd:complexContent>
      <xsd:extension base="common:BaseRequestType">
        <xsd:sequence>
          <xsd:element name="criteria" type="StopOrCancelCardCriteriaType"/>
        </xsd:sequence>
      </xsd:extension>
    </xsd:complexContent>
  </xsd:complexType>
  <xsd:complexType name="StopOrCancelCardResponseType">
    <xsd:complexContent>
      <xsd:extension base="common:BaseResponseType">
        <xsd:sequence>
          <xsd:element name="criteria" type="StopOrCancelCardCriteriaType"/>
          <xsd:element name="status" type="common:StatusType"/>
          <xsd:element name="result" type="StopOrCancelCardResultType" minOccurs="0"/>
        </xsd:sequence>
      </xsd:extension>
    </xsd:complexContent>
  </xsd:complexType>
  <xsd:complexType name="ConsultActiveCardsCriteriaType">
    <xsd:sequence>
      <xsd:element name="ssin" type="common:SsinType"/>
      <xsd:element name="referenceDate" type="xsd:date" minOccurs="0">
        <xsd:annotation>
          <xsd:documentation>When absent, the system date is considered to be the date of reference.</xsd:documentation>
        </xsd:annotation>
      </xsd:element>
    </xsd:sequence>
  </xsd:complexType>
  <xsd:complexType name="ConsultAllCardsCriteriaType">
    <xsd:sequence>
      <xsd:element name="ssin" type="common:SsinType"/>
    </xsd:sequence>
  </xsd:complexType>
  <xsd:complexType name="CreateCardCriteriaType">
    <xsd:sequence>
      <xsd:element name="ssin" type="common:SsinType"/>
      <xsd:element name="emittingPartner" type="common:EnterpriseNumberType"/>
      <xsd:element name="language" type="common:LanguageType"/>
      <xsd:element name="forceCreation" type="xsd:boolean"/>
    </xsd:sequence>
  </xsd:complexType>
  <xsd:complexType name="StopOrCancelCardCriteriaType">
    <xsd:sequence>
      <xsd:element name="cardNumber" type="edccommon:CardNumberType"/>
      <xsd:element name="emittingPartner" type="common:EnterpriseNumberType"/>
    </xsd:sequence>
  </xsd:complexType>
  <xsd:complexType name="StopOrCancelCardResultType">
    <xsd:choice>
      <xsd:element name="prematureValidityEndDate" type="xsd:date"/>
      <xsd:element name="cardCanceled" type="xsd:boolean" default="true"/>
    </xsd:choice>
  </xsd:complexType>
  <xsd:complexType name="SsinWithCanceledAndReplacedByStatusType">
    <xsd:simpleContent>
      <xsd:extension base="common:SsinType">
        <xsd:attribute name="canceled" type="xsd:boolean"/>
        <xsd:attribute name="replacedBy" type="common:SsinType"/>
      </xsd:extension>
    </xsd:simpleContent>
  </xsd:complexType>
  <xsd:complexType name="ActiveCardsType">
    <xsd:sequence>
      <xsd:element name="card" type="edccommon:CardType" maxOccurs="10"/>
    </xsd:sequence>
  </xsd:complexType>
  <xsd:complexType name="AllCardsType">
    <xsd:sequence>
      <xsd:element name="card" type="edccommon:CardType" maxOccurs="unbounded"/>
    </xsd:sequence>
  </xsd:complexType>
  <xsd:complexType name="NewCardType">
    <xsd:annotation>
      <xsd:documentation>Type specifying the data of a new card as requested and inserted in the EDC database</xsd:documentation>
    </xsd:annotation>
    <xsd:sequence>
      <xsd:element name="card" type="edccommon:CardType">
        <xsd:annotation>
          <xsd:documentation>The data of the card as present in the EDC database</xsd:documentation>
        </xsd:annotation>
      </xsd:element>
      <xsd:element name="legalData" type="LegalDataType">
        <xsd:annotation>
          <xsd:documentation>The legal data used for printing and sending the card.</xsd:documentation>
        </xsd:annotation>
      </xsd:element>
    </xsd:sequence>
  </xsd:complexType>
  <xsd:complexType name="LegalDataType">
    <xsd:annotation>
      <xsd:documentation>Type specifying the legal data used to determine the acceptability of the new card, and used to send to the printing firm for personalising the new card.</xsd:documentation>
    </xsd:annotation>
    <xsd:sequence>
      <xsd:element name="lastName" type="edccommon:NameType"/>
      <xsd:element name="firstName" type="edccommon:NameType" minOccurs="0"/>
      <xsd:element name="genderCode" type="edccommon:GenderCodeType"/>
      <xsd:element name="birthDate" type="common:IncompleteDateType"/>
      <xsd:element name="address" type="edccommon:AddressType"/>
      <xsd:element name="photoPresent" type="xsd:boolean"/>
    </xsd:sequence>
  </xsd:complexType>
</xsd:schema>]]></con:content><con:type>http://www.w3.org/2001/XMLSchema</con:type></con:part><con:part><con:url>file:/home/isr/parent/europeandisabilitycardservice/EuropeanDisabilityCardServiceGateway/src/main/resources/wsdl/europeanDisabilityCardService/1.0.0/EuropeanDisabilityCard/common/EuropeanDisabilityCardCommonV1.xsd</con:url><con:content><![CDATA[<!--edited with XMLSpy v2008 rel. 2 sp2 (http://www.altova.com) by USER (KSZ-BCSS)-->
<!--========================================================================
       	 * Owner :               KSZ / CBSS
         * Creation date :       2017-06-14
         * Description :         Common Type definitions for the EuropeanDisabilityCard 
         * Revision History : 	 2017-06-14: Initial version
========================================================================-->
<xsd:schema targetNamespace="http://kszbcss.fgov.be/types/EuropeanDisabilityCard/common/v1" elementFormDefault="unqualified" attributeFormDefault="unqualified" version="2017-06-14" xmlns="http://kszbcss.fgov.be/types/EuropeanDisabilityCard/common/v1" xmlns:xsd="http://www.w3.org/2001/XMLSchema" xmlns:common="http://kszbcss.fgov.be/types/common/v3">
  <xsd:import namespace="http://kszbcss.fgov.be/types/common/v3" schemaLocation="../../common/CommonV3.xsd"/>
  <xsd:complexType name="CardType">
    <xsd:annotation>
      <xsd:documentation>Type specifying the data of a card as known in the EDC database</xsd:documentation>
    </xsd:annotation>
    <xsd:sequence>
      <xsd:element name="cardNumber" type="CardNumberType"/>
      <xsd:element name="lifePhase" type="LifePhaseType"/>
      <xsd:element name="failureOrReturnReason" type="xsd:string" minOccurs="0"/>
      <xsd:element name="validityBeginDate" type="xsd:date"/>
      <xsd:element name="validityEndDate" type="xsd:date"/>
      <xsd:element name="prematureValidityEndDate" type="xsd:date" minOccurs="0"/>
      <xsd:element name="emittingPartner" type="common:EnterpriseNumberType"/>
      <xsd:element name="latestUpdateTimestamp" type="xsd:dateTime"/>
    </xsd:sequence>
  </xsd:complexType>
  <xsd:simpleType name="CardNumberType">
    <xsd:annotation>
      <xsd:documentation>Type specifying the number of a card</xsd:documentation>
    </xsd:annotation>
    <xsd:restriction base="xsd:integer">
      <xsd:minInclusive value="10000000000"/>
      <xsd:maxInclusive value="99999999999"/>
    </xsd:restriction>
  </xsd:simpleType>
  <xsd:simpleType name="LifePhaseType">
    <xsd:annotation>
      <xsd:documentation>Type specifying the lifecycle of a card</xsd:documentation>
    </xsd:annotation>
    <xsd:restriction base="xsd:string">
      <xsd:enumeration value="REQUESTED"/>
      <xsd:enumeration value="PROCESSING"/>
      <xsd:enumeration value="SENT"/>
      <xsd:enumeration value="RETURNED"/>
      <xsd:enumeration value="FAILED"/>
      <xsd:enumeration value="CANCELED"/>
    </xsd:restriction>
  </xsd:simpleType>
  <xsd:simpleType name="GenderCodeType">
    <xsd:restriction base="xsd:string">
      <xsd:enumeration value="M"/>
      <xsd:enumeration value="F"/>
    </xsd:restriction>
  </xsd:simpleType>
  <xsd:simpleType name="NameType">
    <xsd:restriction base="xsd:string">
      <xsd:minLength value="1"/>
      <xsd:maxLength value="48"/>
    </xsd:restriction>
  </xsd:simpleType>
  <xsd:complexType name="AddressType">
    <xsd:choice>
      <xsd:element name="belgianAddress" type="BelgianAddressType"/>
      <xsd:element name="diplomaticPostAddress" type="DiplomaticPostAddressType"/>
    </xsd:choice>
  </xsd:complexType>
  <xsd:complexType name="DiplomaticPostAddressType">
    <xsd:sequence>
      <xsd:element name="countryName" type="common:DescriptionType"/>
      <xsd:element name="plainAddress" type="PlainAddressType"/>
    </xsd:sequence>
  </xsd:complexType>
  <xsd:complexType name="BelgianAddressType">
    <xsd:sequence>
      <xsd:element name="postalCode" type="PostalCodeType"/>
      <xsd:element name="cityName" type="common:DescriptionType"/>
      <xsd:element name="streetName" type="common:DescriptionType"/>
      <xsd:element name="houseNumber" type="HouseNumberType" minOccurs="0"/>
      <xsd:element name="boxNumber" type="BoxNumberType" minOccurs="0"/>
    </xsd:sequence>
  </xsd:complexType>
  <xsd:simpleType name="PlainAddressType">
    <xsd:restriction base="xsd:string">
      <xsd:minLength value="1"/>
      <xsd:maxLength value="300"/>
    </xsd:restriction>
  </xsd:simpleType>
  <xsd:simpleType name="PostalCodeType">
    <xsd:restriction base="xsd:string">
      <xsd:minLength value="1"/>
      <xsd:maxLength value="15"/>
    </xsd:restriction>
  </xsd:simpleType>
  <xsd:simpleType name="HouseNumberType">
    <xsd:restriction base="xsd:string">
      <xsd:minLength value="1"/>
      <xsd:maxLength value="12"/>
    </xsd:restriction>
  </xsd:simpleType>
  <xsd:simpleType name="BoxNumberType">
    <xsd:restriction base="xsd:string">
      <xsd:minLength value="1"/>
      <xsd:maxLength value="10"/>
    </xsd:restriction>
  </xsd:simpleType>
</xsd:schema>]]></con:content><con:type>http://www.w3.org/2001/XMLSchema</con:type></con:part></con:definitionCache><con:endpoints><con:endpoint>http://fidus.brussels/services/europeandisabilitycardservice/v1</con:endpoint><con:endpoint>http://localhost.localdomain:8088/mockEuropeanDisabilityCardServiceHTTPBinding</con:endpoint><con:endpoint>https://192.168.22.53:8443/services/EuropeanDisabilityCardService_v1.0</con:endpoint><con:endpoint>https://192.168.22.54:8443/services/EuropeanDisabilityCardService_v1.0</con:endpoint><con:endpoint>https://192.168.24.17:8443/services/EuropeanDisabilityCardService_v1.0</con:endpoint><con:endpoint>https://192.168.26.22:8443/services/EuropeanDisabilityCardService_v1.0</con:endpoint><con:endpoint>https://192.168.36.61:8243/services/EuropeanDisabilityCardService_v1.0</con:endpoint><con:endpoint>https://192.168.36.61:8243/services/europeandisabilitycardservice/v1</con:endpoint><con:endpoint>https://esb-security-gw.sta.srv.cirb.lan:8443/services/EuropeanDisabilityCardService_v1.0</con:endpoint><con:endpoint>https://fidus-esb-sg.prd.srv.cirb.lan:8443/services/EuropeanDisabilityCardService_v1.0</con:endpoint><con:endpoint>https://fidus.sec.brussels/services/EuropeanDisabilityCardService_v1.0</con:endpoint><con:endpoint>https://localhost:8243/services/EuropeanDisabilityCardService_v1.0</con:endpoint></con:endpoints><con:operation id="ef319c4b-9a7e-4ea2-9892-fe3f1d6ca9ea" isOneWay="false" action="http://fidus.brussels/services/europeandisabilitycardservice/consultActiveCards" name="consultActiveCards" bindingOperationName="consultActiveCards" type="Request-Response" inputName="" receivesAttachments="false" sendsAttachments="false" anonymous="optional"><con:settings/><con:call id="acba097f-0cd4-482f-9c8c-3f4c0b67e991" name="01- Local -Request" outgoingWss="Outflow DEV" incomingWss="Inflow DEV"><con:settings><con:setting id="com.eviware.soapui.impl.wsdl.WsdlRequest@request-headers">&lt;xml-fragment/></con:setting></con:settings><con:encoding>UTF-8</con:encoding><con:endpoint>https://localhost:8243/services/EuropeanDisabilityCardService_v1.0</con:endpoint><con:request><![CDATA[<soapenv:Envelope xmlns:soapenv="http://schemas.xmlsoap.org/soap/envelope/" xmlns:v1="http://fidus.brussels/service/europeandisabilitycardservice/messages/v1" xmlns:v11="http://fidus.brussels/type/common/messages/v1">
   <soapenv:Header/>
   <soapenv:Body>
      <v1:consultActiveCardsRequest>         
         <v1:messageContext>
            <v11:messageId>${=import static java.util.UUID.randomUUID; uuid = randomUUID() as String}</v11:messageId>
            <!--Optional:-->
            <v11:timestamp>${=new java.text.SimpleDateFormat("yyyy-MM-dd'T'HH:mm:ss.SSS").format(new Date())}</v11:timestamp>
         </v1:messageContext>
         <v1:legalContext>ServiceIntegrator</v1:legalContext>
         <v1:request>
            <v1:ssin>84072002129</v1:ssin>
            <!--Optional:-->
           
         </v1:request>
      </v1:consultActiveCardsRequest>
   </soapenv:Body>
</soapenv:Envelope>]]></con:request><con:credentials><con:selectedAuthProfile>Basic</con:selectedAuthProfile><con:addedBasicAuthenticationTypes>Basic</con:addedBasicAuthenticationTypes><con:authType>Global HTTP Settings</con:authType></con:credentials><con:jmsConfig JMSDeliveryMode="PERSISTENT"/><con:jmsPropertyConfig/><con:wsaConfig mustUnderstand="NONE" version="200508" action="http://fidus.brussels/services/europeandisabilitycardservice/consultActiveCards"/><con:wsrmConfig version="1.2"/></con:call><con:call id="4caf1354-7006-4515-8da7-e69afdc2bd17" name="02- DEV - Request" outgoingWss="Outflow DEV" incomingWss="Inflow DEV"><con:settings><con:setting id="com.eviware.soapui.impl.wsdl.WsdlRequest@request-headers">&lt;xml-fragment/></con:setting></con:settings><con:encoding>UTF-8</con:encoding><con:endpoint>https://192.168.36.61:8243/services/EuropeanDisabilityCardService_v1.0</con:endpoint><con:request><![CDATA[<soapenv:Envelope xmlns:soapenv="http://schemas.xmlsoap.org/soap/envelope/" xmlns:v1="http://fidus.brussels/service/europeandisabilitycardservice/messages/v1" xmlns:v11="http://fidus.brussels/type/common/messages/v1">
   <soapenv:Header/>
   <soapenv:Body>
      <v1:consultActiveCardsRequest>         
         <v1:messageContext>
            <v11:messageId>${=import static java.util.UUID.randomUUID; uuid = randomUUID() as String}</v11:messageId>
            <!--Optional:-->
            <v11:timestamp>${=new java.text.SimpleDateFormat("yyyy-MM-dd'T'HH:mm:ss.SSS").format(new Date())}</v11:timestamp>
         </v1:messageContext>
         <v1:legalContext>ServiceIntegrator</v1:legalContext>
         <v1:request>
            <v1:ssin>84072002128</v1:ssin>
            <!--Optional:-->
            <v1:referenceDate>2017-05-01</v1:referenceDate>
         </v1:request>
      </v1:consultActiveCardsRequest>
   </soapenv:Body>
</soapenv:Envelope>]]></con:request><con:credentials><con:selectedAuthProfile>Basic</con:selectedAuthProfile><con:addedBasicAuthenticationTypes>Basic</con:addedBasicAuthenticationTypes><con:authType>Global HTTP Settings</con:authType></con:credentials><con:jmsConfig JMSDeliveryMode="PERSISTENT"/><con:jmsPropertyConfig/><con:wsaConfig mustUnderstand="NONE" version="200508" action="http://fidus.brussels/services/europeandisabilitycardservice/consultActiveCards"/><con:wsrmConfig version="1.2"/></con:call><con:call id="5df00541-c929-4c0e-9258-66229238e1c5" name="03- Test - External - Request" outgoingWss="Outflow TEST" incomingWss="Inflow TEST"><con:settings><con:setting id="com.eviware.soapui.impl.wsdl.WsdlRequest@request-headers">&lt;xml-fragment/></con:setting></con:settings><con:encoding>UTF-8</con:encoding><con:endpoint>https://192.168.24.17:8443/services/EuropeanDisabilityCardService_v1.0</con:endpoint><con:request><![CDATA[<soapenv:Envelope xmlns:soapenv="http://schemas.xmlsoap.org/soap/envelope/" xmlns:v1="http://fidus.brussels/service/europeandisabilitycardservice/messages/v1" xmlns:v11="http://fidus.brussels/type/common/messages/v1">
   <soapenv:Header/>
   <soapenv:Body>
      <v1:consultActiveCardsRequest>         
         <v1:messageContext>
            <v11:messageId>${=import static java.util.UUID.randomUUID; uuid = randomUUID() as String}</v11:messageId>
            <!--Optional:-->
            <v11:timestamp>${=new java.text.SimpleDateFormat("yyyy-MM-dd'T'HH:mm:ss.SSS").format(new Date())}</v11:timestamp>
         </v1:messageContext>
         <v1:legalContext>ServiceIntegrator</v1:legalContext>
         <v1:request>
            <v1:ssin>84072002128</v1:ssin>
            <!--Optional:-->
            <v1:referenceDate>2017-05-01</v1:referenceDate>
         </v1:request>
      </v1:consultActiveCardsRequest>
   </soapenv:Body>
</soapenv:Envelope>]]></con:request><con:credentials><con:selectedAuthProfile>Basic</con:selectedAuthProfile><con:addedBasicAuthenticationTypes>Basic</con:addedBasicAuthenticationTypes><con:authType>Global HTTP Settings</con:authType></con:credentials><con:jmsConfig JMSDeliveryMode="PERSISTENT"/><con:jmsPropertyConfig/><con:wsaConfig mustUnderstand="NONE" version="200508" action="http://fidus.brussels/services/europeandisabilitycardservice/consultActiveCards"/><con:wsrmConfig version="1.2"/></con:call><con:call id="0f2074f7-9ea3-4d05-ae61-f811c9a70edc" name="03- Test - LB - Request" outgoingWss="Outflow TEST" incomingWss="Inflow TEST"><con:settings><con:setting id="com.eviware.soapui.impl.wsdl.WsdlRequest@request-headers">&lt;xml-fragment/></con:setting></con:settings><con:encoding>UTF-8</con:encoding><con:endpoint>https://esb-security-gw.sta.srv.cirb.lan:8443/services/EuropeanDisabilityCardService_v1.0</con:endpoint><con:request><![CDATA[<soapenv:Envelope xmlns:soapenv="http://schemas.xmlsoap.org/soap/envelope/" xmlns:v1="http://fidus.brussels/service/europeandisabilitycardservice/messages/v1" xmlns:v11="http://fidus.brussels/type/common/messages/v1">
   <soapenv:Header/>
   <soapenv:Body>
      <v1:consultActiveCardsRequest>         
         <v1:messageContext>
            <v11:messageId>${=import static java.util.UUID.randomUUID; uuid = randomUUID() as String}</v11:messageId>
            <!--Optional:-->
            <v11:timestamp>${=new java.text.SimpleDateFormat("yyyy-MM-dd'T'HH:mm:ss.SSS").format(new Date())}</v11:timestamp>
         </v1:messageContext>
         <v1:legalContext>ServiceIntegrator</v1:legalContext>
         <v1:request>
            <v1:ssin>84072002128</v1:ssin>
            <!--Optional:-->
            <v1:referenceDate>2017-05-01</v1:referenceDate>
         </v1:request>
      </v1:consultActiveCardsRequest>
   </soapenv:Body>
</soapenv:Envelope>]]></con:request><con:credentials><con:selectedAuthProfile>Basic</con:selectedAuthProfile><con:addedBasicAuthenticationTypes>Basic</con:addedBasicAuthenticationTypes><con:authType>Global HTTP Settings</con:authType></con:credentials><con:jmsConfig JMSDeliveryMode="PERSISTENT"/><con:jmsPropertyConfig/><con:wsaConfig mustUnderstand="NONE" version="200508" action="http://fidus.brussels/services/europeandisabilitycardservice/consultActiveCards"/><con:wsrmConfig version="1.2"/></con:call><con:call id="4f1017b7-0939-438e-a085-366fc054d3c2" name="03- Test - Worker1 - Request" outgoingWss="Outflow TEST" incomingWss="Inflow TEST"><con:settings><con:setting id="com.eviware.soapui.impl.wsdl.WsdlRequest@request-headers">&lt;xml-fragment/></con:setting></con:settings><con:encoding>UTF-8</con:encoding><con:endpoint>https://192.168.22.53:8443/services/EuropeanDisabilityCardService_v1.0</con:endpoint><con:request><![CDATA[<soapenv:Envelope xmlns:soapenv="http://schemas.xmlsoap.org/soap/envelope/" xmlns:v1="http://fidus.brussels/service/europeandisabilitycardservice/messages/v1" xmlns:v11="http://fidus.brussels/type/common/messages/v1">
   <soapenv:Header/>
   <soapenv:Body>
      <v1:consultActiveCardsRequest>         
         <v1:messageContext>
            <v11:messageId>${=import static java.util.UUID.randomUUID; uuid = randomUUID() as String}</v11:messageId>
            <!--Optional:-->
            <v11:timestamp>${=new java.text.SimpleDateFormat("yyyy-MM-dd'T'HH:mm:ss.SSS").format(new Date())}</v11:timestamp>
         </v1:messageContext>
         <v1:legalContext>ServiceIntegrator</v1:legalContext>
         <v1:request>
            <v1:ssin>13081340449</v1:ssin>
            <!--<v1:referenceDate>2017-08-09</v1:referenceDate>-->
         </v1:request>
      </v1:consultActiveCardsRequest>
   </soapenv:Body>
</soapenv:Envelope>]]></con:request><con:credentials><con:selectedAuthProfile>Basic</con:selectedAuthProfile><con:addedBasicAuthenticationTypes>Basic</con:addedBasicAuthenticationTypes><con:authType>Global HTTP Settings</con:authType></con:credentials><con:jmsConfig JMSDeliveryMode="PERSISTENT"/><con:jmsPropertyConfig/><con:wsaConfig mustUnderstand="NONE" version="200508" action="http://fidus.brussels/services/europeandisabilitycardservice/consultActiveCards"/><con:wsrmConfig version="1.2"/></con:call><con:call id="3dbbb9a9-1195-460c-8a02-0e22734563a0" name="03- Test - Worker2 - Request" outgoingWss="Outflow DEV" incomingWss="Inflow DEV"><con:settings><con:setting id="com.eviware.soapui.impl.wsdl.WsdlRequest@request-headers">&lt;xml-fragment/></con:setting></con:settings><con:encoding>UTF-8</con:encoding><con:endpoint>https://192.168.22.54:8443/services/EuropeanDisabilityCardService_v1.0</con:endpoint><con:request><![CDATA[<soapenv:Envelope xmlns:soapenv="http://schemas.xmlsoap.org/soap/envelope/" xmlns:v1="http://fidus.brussels/service/europeandisabilitycardservice/messages/v1" xmlns:v11="http://fidus.brussels/type/common/messages/v1">
   <soapenv:Header/>
   <soapenv:Body>
      <v1:consultActiveCardsRequest>         
         <v1:messageContext>
            <v11:messageId>${=import static java.util.UUID.randomUUID; uuid = randomUUID() as String}</v11:messageId>
            <!--Optional:-->
            <v11:timestamp>${=new java.text.SimpleDateFormat("yyyy-MM-dd'T'HH:mm:ss.SSS").format(new Date())}</v11:timestamp>
         </v1:messageContext>
         <v1:legalContext>ServiceIntegrator</v1:legalContext>
         <v1:request>
            <v1:ssin>84072002128</v1:ssin>
            <!--Optional:-->
            <v1:referenceDate>2017-05-01</v1:referenceDate>
         </v1:request>
      </v1:consultActiveCardsRequest>
   </soapenv:Body>
</soapenv:Envelope>]]></con:request><con:credentials><con:selectedAuthProfile>Basic</con:selectedAuthProfile><con:addedBasicAuthenticationTypes>Basic</con:addedBasicAuthenticationTypes><con:authType>Global HTTP Settings</con:authType></con:credentials><con:jmsConfig JMSDeliveryMode="PERSISTENT"/><con:jmsPropertyConfig/><con:wsaConfig mustUnderstand="NONE" version="200508" action="http://fidus.brussels/services/europeandisabilitycardservice/consultActiveCards"/><con:wsrmConfig version="1.2"/></con:call><con:call id="823f639a-8542-4d8b-be85-97f91f161681" name="03- Test - External - ActiveCard@RefDate - Request" outgoingWss="Outflow TEST" incomingWss="Inflow TEST"><con:settings><con:setting id="com.eviware.soapui.impl.wsdl.WsdlRequest@request-headers">&lt;xml-fragment/></con:setting></con:settings><con:encoding>UTF-8</con:encoding><con:endpoint>https://192.168.24.17:8443/services/EuropeanDisabilityCardService_v1.0</con:endpoint><con:request><![CDATA[<soapenv:Envelope xmlns:soapenv="http://schemas.xmlsoap.org/soap/envelope/" xmlns:v1="http://fidus.brussels/service/europeandisabilitycardservice/messages/v1" xmlns:v11="http://fidus.brussels/type/common/messages/v1">
   <soapenv:Header/>
   <soapenv:Body>
      <v1:consultActiveCardsRequest>         
         <v1:messageContext>
            <v11:messageId>${=import static java.util.UUID.randomUUID; uuid = randomUUID() as String}</v11:messageId>
            <!--Optional:-->
            <v11:timestamp>${=new java.text.SimpleDateFormat("yyyy-MM-dd'T'HH:mm:ss.SSS").format(new Date())}</v11:timestamp>
         </v1:messageContext>
         <v1:legalContext>ServiceIntegrator</v1:legalContext>
         <v1:request>
            <v1:ssin>81040964736</v1:ssin>
            <!--Optional:-->
            <v1:referenceDate>2017-08-09</v1:referenceDate>
         </v1:request>
      </v1:consultActiveCardsRequest>
   </soapenv:Body>
</soapenv:Envelope>]]></con:request><con:credentials><con:selectedAuthProfile>Basic</con:selectedAuthProfile><con:addedBasicAuthenticationTypes>Basic</con:addedBasicAuthenticationTypes><con:authType>Global HTTP Settings</con:authType></con:credentials><con:jmsConfig JMSDeliveryMode="PERSISTENT"/><con:jmsPropertyConfig/><con:wsaConfig mustUnderstand="NONE" version="200508" action="http://fidus.brussels/services/europeandisabilitycardservice/consultActiveCards"/><con:wsrmConfig version="1.2"/></con:call><con:call id="9aefa770-4978-44a5-b85c-b8d62f255487" name="03- Test - External - Card_NotActive@RefDate - Request" outgoingWss="Outflow TEST" incomingWss="Inflow TEST"><con:settings><con:setting id="com.eviware.soapui.impl.wsdl.WsdlRequest@request-headers">&lt;xml-fragment/></con:setting></con:settings><con:encoding>UTF-8</con:encoding><con:endpoint>https://192.168.24.17:8443/services/EuropeanDisabilityCardService_v1.0</con:endpoint><con:request><![CDATA[<soapenv:Envelope xmlns:soapenv="http://schemas.xmlsoap.org/soap/envelope/" xmlns:v1="http://fidus.brussels/service/europeandisabilitycardservice/messages/v1" xmlns:v11="http://fidus.brussels/type/common/messages/v1">
   <soapenv:Header/>
   <soapenv:Body>
      <v1:consultActiveCardsRequest>         
         <v1:messageContext>
            <v11:messageId>${=import static java.util.UUID.randomUUID; uuid = randomUUID() as String}</v11:messageId>
            <!--Optional:-->
            <v11:timestamp>${=new java.text.SimpleDateFormat("yyyy-MM-dd'T'HH:mm:ss.SSS").format(new Date())}</v11:timestamp>
         </v1:messageContext>
         <v1:legalContext>ServiceIntegrator</v1:legalContext>
         <v1:request>
            <v1:ssin>81040964736</v1:ssin>
            <!--Optional:-->
            <v1:referenceDate>2017-08-01</v1:referenceDate>
         </v1:request>
      </v1:consultActiveCardsRequest>
   </soapenv:Body>
</soapenv:Envelope>]]></con:request><con:credentials><con:selectedAuthProfile>Basic</con:selectedAuthProfile><con:addedBasicAuthenticationTypes>Basic</con:addedBasicAuthenticationTypes><con:authType>Global HTTP Settings</con:authType></con:credentials><con:jmsConfig JMSDeliveryMode="PERSISTENT"/><con:jmsPropertyConfig/><con:wsaConfig mustUnderstand="NONE" version="200508" action="http://fidus.brussels/services/europeandisabilitycardservice/consultActiveCards"/><con:wsrmConfig version="1.2"/></con:call><con:call id="90cda7a4-0cb7-4414-b587-37d8cdbb263c" name="03- Test - External - CancelledSSIN_ActiveCard@RefDate - Request" outgoingWss="Outflow TEST" incomingWss="Inflow TEST"><con:settings><con:setting id="com.eviware.soapui.impl.wsdl.WsdlRequest@request-headers">&lt;xml-fragment/></con:setting></con:settings><con:encoding>UTF-8</con:encoding><con:endpoint>https://192.168.24.17:8443/services/EuropeanDisabilityCardService_v1.0</con:endpoint><con:request><![CDATA[<soapenv:Envelope xmlns:soapenv="http://schemas.xmlsoap.org/soap/envelope/" xmlns:v1="http://fidus.brussels/service/europeandisabilitycardservice/messages/v1" xmlns:v11="http://fidus.brussels/type/common/messages/v1">
   <soapenv:Header/>
   <soapenv:Body>
      <v1:consultActiveCardsRequest>         
         <v1:messageContext>
            <v11:messageId>${=import static java.util.UUID.randomUUID; uuid = randomUUID() as String}</v11:messageId>
            <!--Optional:-->
            <v11:timestamp>${=new java.text.SimpleDateFormat("yyyy-MM-dd'T'HH:mm:ss.SSS").format(new Date())}</v11:timestamp>
         </v1:messageContext>
         <v1:legalContext>ServiceIntegrator</v1:legalContext>
         <v1:request>
            <v1:ssin>89120121658</v1:ssin>
            <!--Optional:-->
            <v1:referenceDate>2017-08-09</v1:referenceDate>
         </v1:request>
      </v1:consultActiveCardsRequest>
   </soapenv:Body>
</soapenv:Envelope>]]></con:request><con:credentials><con:selectedAuthProfile>Basic</con:selectedAuthProfile><con:addedBasicAuthenticationTypes>Basic</con:addedBasicAuthenticationTypes><con:authType>Global HTTP Settings</con:authType></con:credentials><con:jmsConfig JMSDeliveryMode="PERSISTENT"/><con:jmsPropertyConfig/><con:wsaConfig mustUnderstand="NONE" version="200508" action="http://fidus.brussels/services/europeandisabilitycardservice/consultActiveCards"/><con:wsrmConfig version="1.2"/></con:call><con:call id="f0493f49-321a-4cb8-bc8a-da4fbb667dc7" name="03- Test - External - CancelledSSIN_Card_NotActive - Request" outgoingWss="Outflow TEST" incomingWss="Inflow TEST"><con:settings><con:setting id="com.eviware.soapui.impl.wsdl.WsdlRequest@request-headers">&lt;xml-fragment/></con:setting></con:settings><con:encoding>UTF-8</con:encoding><con:endpoint>https://192.168.24.17:8443/services/EuropeanDisabilityCardService_v1.0</con:endpoint><con:request><![CDATA[<soapenv:Envelope xmlns:soapenv="http://schemas.xmlsoap.org/soap/envelope/" xmlns:v1="http://fidus.brussels/service/europeandisabilitycardservice/messages/v1" xmlns:v11="http://fidus.brussels/type/common/messages/v1">
   <soapenv:Header/>
   <soapenv:Body>
      <v1:consultActiveCardsRequest>         
         <v1:messageContext>
            <v11:messageId>${=import static java.util.UUID.randomUUID; uuid = randomUUID() as String}</v11:messageId>
            <!--Optional:-->
            <v11:timestamp>${=new java.text.SimpleDateFormat("yyyy-MM-dd'T'HH:mm:ss.SSS").format(new Date())}</v11:timestamp>
         </v1:messageContext>
         <v1:legalContext>ServiceIntegrator</v1:legalContext>
         <v1:request>
            <v1:ssin>49010193967</v1:ssin>
            <!--Optional:-->
            <v1:referenceDate>2017-08-01</v1:referenceDate>
         </v1:request>
      </v1:consultActiveCardsRequest>
   </soapenv:Body>
</soapenv:Envelope>]]></con:request><con:credentials><con:selectedAuthProfile>Basic</con:selectedAuthProfile><con:addedBasicAuthenticationTypes>Basic</con:addedBasicAuthenticationTypes><con:authType>Global HTTP Settings</con:authType></con:credentials><con:jmsConfig JMSDeliveryMode="PERSISTENT"/><con:jmsPropertyConfig/><con:wsaConfig mustUnderstand="NONE" version="200508" action="http://fidus.brussels/services/europeandisabilitycardservice/consultActiveCards"/><con:wsrmConfig version="1.2"/></con:call><con:call id="b9e1b3c8-b87f-43a6-a65c-75673234db98" name="03- Test - External - SSIN_DeceasedPerson_Card_Active - Request" outgoingWss="Outflow TEST" incomingWss="Inflow TEST"><con:settings><con:setting id="com.eviware.soapui.impl.wsdl.WsdlRequest@request-headers">&lt;xml-fragment/></con:setting></con:settings><con:encoding>UTF-8</con:encoding><con:endpoint>https://192.168.24.17:8443/services/EuropeanDisabilityCardService_v1.0</con:endpoint><con:request><![CDATA[<soapenv:Envelope xmlns:soapenv="http://schemas.xmlsoap.org/soap/envelope/" xmlns:v1="http://fidus.brussels/service/europeandisabilitycardservice/messages/v1" xmlns:v11="http://fidus.brussels/type/common/messages/v1">
   <soapenv:Header/>
   <soapenv:Body>
      <v1:consultActiveCardsRequest>         
         <v1:messageContext>
            <v11:messageId>${=import static java.util.UUID.randomUUID; uuid = randomUUID() as String}</v11:messageId>
            <!--Optional:-->
            <v11:timestamp>${=new java.text.SimpleDateFormat("yyyy-MM-dd'T'HH:mm:ss.SSS").format(new Date())}</v11:timestamp>
         </v1:messageContext>
         <v1:legalContext>ServiceIntegrator</v1:legalContext>
         <v1:request>
            <v1:ssin>21033027563</v1:ssin>
            <!--Optional:-->
            <v1:referenceDate>2017-08-09</v1:referenceDate>
         </v1:request>
      </v1:consultActiveCardsRequest>
   </soapenv:Body>
</soapenv:Envelope>]]></con:request><con:credentials><con:selectedAuthProfile>Basic</con:selectedAuthProfile><con:addedBasicAuthenticationTypes>Basic</con:addedBasicAuthenticationTypes><con:authType>Global HTTP Settings</con:authType></con:credentials><con:jmsConfig JMSDeliveryMode="PERSISTENT"/><con:jmsPropertyConfig/><con:wsaConfig mustUnderstand="NONE" version="200508" action="http://fidus.brussels/services/europeandisabilitycardservice/consultActiveCards"/><con:wsrmConfig version="1.2"/></con:call><con:call id="a1f5c879-3a17-42f5-bd49-01f845596af3" name="03- Test - External - SSIN_DeceasedPerson_NoCard_Active - Request" outgoingWss="Outflow TEST" incomingWss="Inflow TEST"><con:settings><con:setting id="com.eviware.soapui.impl.wsdl.WsdlRequest@request-headers">&lt;xml-fragment/></con:setting></con:settings><con:encoding>UTF-8</con:encoding><con:endpoint>https://192.168.24.17:8443/services/EuropeanDisabilityCardService_v1.0</con:endpoint><con:request><![CDATA[<soapenv:Envelope xmlns:soapenv="http://schemas.xmlsoap.org/soap/envelope/" xmlns:v1="http://fidus.brussels/service/europeandisabilitycardservice/messages/v1" xmlns:v11="http://fidus.brussels/type/common/messages/v1">
   <soapenv:Header/>
   <soapenv:Body>
      <v1:consultActiveCardsRequest>         
         <v1:messageContext>
            <v11:messageId>${=import static java.util.UUID.randomUUID; uuid = randomUUID() as String}</v11:messageId>
            <!--Optional:-->
            <v11:timestamp>${=new java.text.SimpleDateFormat("yyyy-MM-dd'T'HH:mm:ss.SSS").format(new Date())}</v11:timestamp>
         </v1:messageContext>
         <v1:legalContext>ServiceIntegrator</v1:legalContext>
         <v1:request>
            <v1:ssin>18100808031</v1:ssin>
            <!--Optional:-->
            <v1:referenceDate>2017-08-09</v1:referenceDate>
         </v1:request>
      </v1:consultActiveCardsRequest>
   </soapenv:Body>
</soapenv:Envelope>]]></con:request><con:credentials><con:selectedAuthProfile>Basic</con:selectedAuthProfile><con:addedBasicAuthenticationTypes>Basic</con:addedBasicAuthenticationTypes><con:authType>Global HTTP Settings</con:authType></con:credentials><con:jmsConfig JMSDeliveryMode="PERSISTENT"/><con:jmsPropertyConfig/><con:wsaConfig mustUnderstand="NONE" version="200508" action="http://fidus.brussels/services/europeandisabilitycardservice/consultActiveCards"/><con:wsrmConfig version="1.2"/></con:call><con:call id="b02ed8fb-60ab-406e-b04f-dcb29854b8ca" name="03- Test - External - Card_Active@SysDate - Request" outgoingWss="Outflow TEST" incomingWss="Inflow TEST"><con:settings><con:setting id="com.eviware.soapui.impl.wsdl.WsdlRequest@request-headers">&lt;xml-fragment/></con:setting></con:settings><con:encoding>UTF-8</con:encoding><con:endpoint>https://192.168.24.17:8443/services/EuropeanDisabilityCardService_v1.0</con:endpoint><con:request><![CDATA[<soapenv:Envelope xmlns:soapenv="http://schemas.xmlsoap.org/soap/envelope/" xmlns:v1="http://fidus.brussels/service/europeandisabilitycardservice/messages/v1" xmlns:v11="http://fidus.brussels/type/common/messages/v1">
   <soapenv:Header/>
   <soapenv:Body>
      <v1:consultActiveCardsRequest>         
         <v1:messageContext>
            <v11:messageId>${=import static java.util.UUID.randomUUID; uuid = randomUUID() as String}</v11:messageId>
            <!--Optional:-->
            <v11:timestamp>${=new java.text.SimpleDateFormat("yyyy-MM-dd'T'HH:mm:ss.SSS").format(new Date())}</v11:timestamp>
         </v1:messageContext>
         <v1:legalContext>ServiceIntegrator</v1:legalContext>
         <v1:request>
            <v1:ssin>64061324572</v1:ssin>                     
         </v1:request>
      </v1:consultActiveCardsRequest>
   </soapenv:Body>
</soapenv:Envelope>]]></con:request><con:credentials><con:selectedAuthProfile>Basic</con:selectedAuthProfile><con:addedBasicAuthenticationTypes>Basic</con:addedBasicAuthenticationTypes><con:authType>Global HTTP Settings</con:authType></con:credentials><con:jmsConfig JMSDeliveryMode="PERSISTENT"/><con:jmsPropertyConfig/><con:wsaConfig mustUnderstand="NONE" version="200508" action="http://fidus.brussels/services/europeandisabilitycardservice/consultActiveCards"/><con:wsrmConfig version="1.2"/></con:call><con:call id="508b25c0-a234-493d-9273-9a0b45451a5f" name="03- Test - External - Card_Active_OtherPartner - Request" outgoingWss="Outflow TEST" incomingWss="Inflow TEST"><con:settings><con:setting id="com.eviware.soapui.impl.wsdl.WsdlRequest@request-headers">&lt;xml-fragment/></con:setting></con:settings><con:encoding>UTF-8</con:encoding><con:endpoint>https://192.168.24.17:8443/services/EuropeanDisabilityCardService_v1.0</con:endpoint><con:request><![CDATA[<soapenv:Envelope xmlns:soapenv="http://schemas.xmlsoap.org/soap/envelope/" xmlns:v1="http://fidus.brussels/service/europeandisabilitycardservice/messages/v1" xmlns:v11="http://fidus.brussels/type/common/messages/v1">
   <soapenv:Header/>
   <soapenv:Body>
      <v1:consultActiveCardsRequest>         
         <v1:messageContext>
            <v11:messageId>${=import static java.util.UUID.randomUUID; uuid = randomUUID() as String}</v11:messageId>
            <!--Optional:-->
            <v11:timestamp>${=new java.text.SimpleDateFormat("yyyy-MM-dd'T'HH:mm:ss.SSS").format(new Date())}</v11:timestamp>
         </v1:messageContext>
         <v1:legalContext>ServiceIntegrator</v1:legalContext>
         <v1:request>
            <v1:ssin>81091318921</v1:ssin>
         </v1:request>
      </v1:consultActiveCardsRequest>
   </soapenv:Body>
</soapenv:Envelope>]]></con:request><con:credentials><con:selectedAuthProfile>Basic</con:selectedAuthProfile><con:addedBasicAuthenticationTypes>Basic</con:addedBasicAuthenticationTypes><con:authType>Global HTTP Settings</con:authType></con:credentials><con:jmsConfig JMSDeliveryMode="PERSISTENT"/><con:jmsPropertyConfig/><con:wsaConfig mustUnderstand="NONE" version="200508" action="http://fidus.brussels/services/europeandisabilitycardservice/consultActiveCards"/><con:wsrmConfig version="1.2"/></con:call><con:call id="f114f902-b795-4e31-8bd6-71b991e06b2e" name="03- Test - External - Invalid_ReferenceDate - Request" outgoingWss="Outflow TEST" incomingWss="Inflow TEST"><con:settings><con:setting id="com.eviware.soapui.impl.wsdl.WsdlRequest@request-headers">&lt;xml-fragment/></con:setting></con:settings><con:encoding>UTF-8</con:encoding><con:endpoint>https://192.168.24.17:8443/services/EuropeanDisabilityCardService_v1.0</con:endpoint><con:request><![CDATA[<soapenv:Envelope xmlns:soapenv="http://schemas.xmlsoap.org/soap/envelope/" xmlns:v1="http://fidus.brussels/service/europeandisabilitycardservice/messages/v1" xmlns:v11="http://fidus.brussels/type/common/messages/v1">
   <soapenv:Header/>
   <soapenv:Body>
      <v1:consultActiveCardsRequest>         
         <v1:messageContext>
            <v11:messageId>${=import static java.util.UUID.randomUUID; uuid = randomUUID() as String}</v11:messageId>
            <!--Optional:-->
            <v11:timestamp>${=new java.text.SimpleDateFormat("yyyy-MM-dd'T'HH:mm:ss.SSS").format(new Date())}</v11:timestamp>
         </v1:messageContext>
         <v1:legalContext>ServiceIntegrator</v1:legalContext>
         <v1:request>
            <v1:ssin>81091318921</v1:ssin>
            <v1:referenceDate>2016-01-01</v1:referenceDate>
         </v1:request>
      </v1:consultActiveCardsRequest>
   </soapenv:Body>
</soapenv:Envelope>]]></con:request><con:credentials><con:selectedAuthProfile>Basic</con:selectedAuthProfile><con:addedBasicAuthenticationTypes>Basic</con:addedBasicAuthenticationTypes><con:authType>Global HTTP Settings</con:authType></con:credentials><con:jmsConfig JMSDeliveryMode="PERSISTENT"/><con:jmsPropertyConfig/><con:wsaConfig mustUnderstand="NONE" version="200508" action="http://fidus.brussels/services/europeandisabilitycardservice/consultActiveCards"/><con:wsrmConfig version="1.2"/></con:call><con:call id="55f358a0-5e8c-407c-aacd-775ebf737bfe" name="03- Test - External - Invalid_ReferenceDate2 - Request" outgoingWss="Outflow TEST" incomingWss="Inflow TEST"><con:settings><con:setting id="com.eviware.soapui.impl.wsdl.WsdlRequest@request-headers">&lt;xml-fragment/></con:setting></con:settings><con:encoding>UTF-8</con:encoding><con:endpoint>https://192.168.24.17:8443/services/EuropeanDisabilityCardService_v1.0</con:endpoint><con:request><![CDATA[<soapenv:Envelope xmlns:soapenv="http://schemas.xmlsoap.org/soap/envelope/" xmlns:v1="http://fidus.brussels/service/europeandisabilitycardservice/messages/v1" xmlns:v11="http://fidus.brussels/type/common/messages/v1">
   <soapenv:Header/>
   <soapenv:Body>
      <v1:consultActiveCardsRequest>         
         <v1:messageContext>
            <v11:messageId>${=import static java.util.UUID.randomUUID; uuid = randomUUID() as String}</v11:messageId>
            <!--Optional:-->
            <v11:timestamp>${=new java.text.SimpleDateFormat("yyyy-MM-dd'T'HH:mm:ss.SSS").format(new Date())}</v11:timestamp>
         </v1:messageContext>
         <v1:legalContext>ServiceIntegrator</v1:legalContext>
         <v1:request>
            <v1:ssin>81091318921</v1:ssin>
            <v1:referenceDate>2020-01-01</v1:referenceDate>
         </v1:request>
      </v1:consultActiveCardsRequest>
   </soapenv:Body>
</soapenv:Envelope>]]></con:request><con:credentials><con:selectedAuthProfile>Basic</con:selectedAuthProfile><con:addedBasicAuthenticationTypes>Basic</con:addedBasicAuthenticationTypes><con:authType>Global HTTP Settings</con:authType></con:credentials><con:jmsConfig JMSDeliveryMode="PERSISTENT"/><con:jmsPropertyConfig/><con:wsaConfig mustUnderstand="NONE" version="200508" action="http://fidus.brussels/services/europeandisabilitycardservice/consultActiveCards"/><con:wsrmConfig version="1.2"/></con:call><con:call id="e1f070f1-eaf8-41e8-9360-3130a33b5129" name="04- Staging - External - Request" outgoingWss="Outflow STAGING" incomingWss="Inflow STAGING"><con:settings><con:setting id="com.eviware.soapui.impl.wsdl.WsdlRequest@request-headers">&lt;xml-fragment/></con:setting></con:settings><con:encoding>UTF-8</con:encoding><con:endpoint>https://fidus.sec.brussels/services/EuropeanDisabilityCardService_v1.0</con:endpoint><con:request><![CDATA[<soapenv:Envelope xmlns:soapenv="http://schemas.xmlsoap.org/soap/envelope/" xmlns:v1="http://fidus.brussels/service/europeandisabilitycardservice/messages/v1" xmlns:v11="http://fidus.brussels/type/common/messages/v1">
   <soapenv:Header/>
   <soapenv:Body>
      <v1:consultActiveCardsRequest>         
         <v1:messageContext>
            <v11:messageId>${=import static java.util.UUID.randomUUID; uuid = randomUUID() as String}</v11:messageId>
            <!--Optional:-->
            <v11:timestamp>${=new java.text.SimpleDateFormat("yyyy-MM-dd'T'HH:mm:ss.SSS").format(new Date())}</v11:timestamp>
         </v1:messageContext>
         <v1:legalContext>ServiceIntegrator</v1:legalContext>
         <v1:request>
            <v1:ssin>10022104563</v1:ssin>
            <!--Optional:-->
            <v1:referenceDate>2017-09-01</v1:referenceDate>
         </v1:request>
      </v1:consultActiveCardsRequest>
   </soapenv:Body>
</soapenv:Envelope>]]></con:request><con:credentials><con:selectedAuthProfile>Basic</con:selectedAuthProfile><con:addedBasicAuthenticationTypes>Basic</con:addedBasicAuthenticationTypes><con:authType>Global HTTP Settings</con:authType></con:credentials><con:jmsConfig JMSDeliveryMode="PERSISTENT"/><con:jmsPropertyConfig/><con:wsaConfig mustUnderstand="NONE" version="200508" action="http://fidus.brussels/services/europeandisabilitycardservice/consultActiveCards"/><con:wsrmConfig version="1.2"/></con:call><con:call id="f3c37312-2b61-48eb-93b2-50c7d4ac2a45" name="04- Staging - LB - Request" outgoingWss="Outflow STAGING" incomingWss="Inflow STAGING"><con:settings><con:setting id="com.eviware.soapui.impl.wsdl.WsdlRequest@request-headers">&lt;xml-fragment/></con:setting></con:settings><con:encoding>UTF-8</con:encoding><con:endpoint>https://fidus-esb-sg.prd.srv.cirb.lan:8443/services/EuropeanDisabilityCardService_v1.0</con:endpoint><con:request><![CDATA[<soapenv:Envelope xmlns:soapenv="http://schemas.xmlsoap.org/soap/envelope/" xmlns:v1="http://fidus.brussels/service/europeandisabilitycardservice/messages/v1" xmlns:v11="http://fidus.brussels/type/common/messages/v1">
   <soapenv:Header/>
   <soapenv:Body>
      <v1:consultActiveCardsRequest>         
         <v1:messageContext>
            <v11:messageId>${=import static java.util.UUID.randomUUID; uuid = randomUUID() as String}</v11:messageId>
            <!--Optional:-->
            <v11:timestamp>${=new java.text.SimpleDateFormat("yyyy-MM-dd'T'HH:mm:ss.SSS").format(new Date())}</v11:timestamp>
         </v1:messageContext>
         <v1:legalContext>ServiceIntegrator</v1:legalContext>
         <v1:request>
            <v1:ssin>10022104563</v1:ssin>
            <!--Optional:-->
            <v1:referenceDate>2017-09-01</v1:referenceDate>
         </v1:request>
      </v1:consultActiveCardsRequest>
   </soapenv:Body>
</soapenv:Envelope>]]></con:request><con:credentials><con:selectedAuthProfile>Basic</con:selectedAuthProfile><con:addedBasicAuthenticationTypes>Basic</con:addedBasicAuthenticationTypes><con:authType>Global HTTP Settings</con:authType></con:credentials><con:jmsConfig JMSDeliveryMode="PERSISTENT"/><con:jmsPropertyConfig/><con:wsaConfig mustUnderstand="NONE" version="200508" action="http://fidus.brussels/services/europeandisabilitycardservice/consultActiveCards"/><con:wsrmConfig version="1.2"/></con:call><con:call id="c007a15c-7f63-4a1e-bc10-5e53502bb3d1" name="04- Staging - Worker1 - Request" outgoingWss="Outflow STAGING" incomingWss="Inflow STAGING"><con:settings><con:setting id="com.eviware.soapui.impl.wsdl.WsdlRequest@request-headers">&lt;xml-fragment/></con:setting></con:settings><con:encoding>UTF-8</con:encoding><con:endpoint>https://192.168.26.22:8443/services/EuropeanDisabilityCardService_v1.0</con:endpoint><con:request><![CDATA[<soapenv:Envelope xmlns:soapenv="http://schemas.xmlsoap.org/soap/envelope/" xmlns:v1="http://fidus.brussels/service/europeandisabilitycardservice/messages/v1" xmlns:v11="http://fidus.brussels/type/common/messages/v1">
   <soapenv:Header/>
   <soapenv:Body>
      <v1:consultActiveCardsRequest>         
         <v1:messageContext>
            <v11:messageId>${=import static java.util.UUID.randomUUID; uuid = randomUUID() as String}</v11:messageId>
            <!--Optional:-->
            <v11:timestamp>${=new java.text.SimpleDateFormat("yyyy-MM-dd'T'HH:mm:ss.SSS").format(new Date())}</v11:timestamp>
         </v1:messageContext>
         <v1:legalContext>ServiceIntegrator</v1:legalContext>
         <v1:request>
            <v1:ssin>10022104563</v1:ssin>
            <!--Optional:-->
            <v1:referenceDate>2017-09-01</v1:referenceDate>
         </v1:request>
      </v1:consultActiveCardsRequest>
   </soapenv:Body>
</soapenv:Envelope>]]></con:request><con:credentials><con:selectedAuthProfile>Basic</con:selectedAuthProfile><con:addedBasicAuthenticationTypes>Basic</con:addedBasicAuthenticationTypes><con:authType>Global HTTP Settings</con:authType></con:credentials><con:jmsConfig JMSDeliveryMode="PERSISTENT"/><con:jmsPropertyConfig/><con:wsaConfig mustUnderstand="NONE" version="200508" action="http://fidus.brussels/services/europeandisabilitycardservice/consultActiveCards"/><con:wsrmConfig version="1.2"/></con:call><con:call id="2fb4cdef-d76a-4ad6-8463-aff9206eb05e" name="04- Staging - Worker2 - Request" outgoingWss="Outflow STAGING" incomingWss="Inflow STAGING"><con:settings><con:setting id="com.eviware.soapui.impl.wsdl.WsdlRequest@request-headers">&lt;xml-fragment/></con:setting></con:settings><con:encoding>UTF-8</con:encoding><con:endpoint>https://192.168.24.17:8443/services/EuropeanDisabilityCardService_v1.0</con:endpoint><con:request><![CDATA[<soapenv:Envelope xmlns:soapenv="http://schemas.xmlsoap.org/soap/envelope/" xmlns:v1="http://fidus.brussels/service/europeandisabilitycardservice/messages/v1" xmlns:v11="http://fidus.brussels/type/common/messages/v1">
   <soapenv:Header/>
   <soapenv:Body>
      <v1:consultActiveCardsRequest>         
         <v1:messageContext>
            <v11:messageId>${=import static java.util.UUID.randomUUID; uuid = randomUUID() as String}</v11:messageId>
            <!--Optional:-->
            <v11:timestamp>${=new java.text.SimpleDateFormat("yyyy-MM-dd'T'HH:mm:ss.SSS").format(new Date())}</v11:timestamp>
         </v1:messageContext>
         <v1:legalContext>ServiceIntegrator</v1:legalContext>
         <v1:request>
            <v1:ssin>10022104563</v1:ssin>
            <!--Optional:-->
            <v1:referenceDate>2017-09-01</v1:referenceDate>
         </v1:request>
      </v1:consultActiveCardsRequest>
   </soapenv:Body>
</soapenv:Envelope>]]></con:request><con:credentials><con:selectedAuthProfile>Basic</con:selectedAuthProfile><con:addedBasicAuthenticationTypes>Basic</con:addedBasicAuthenticationTypes><con:authType>Global HTTP Settings</con:authType></con:credentials><con:jmsConfig JMSDeliveryMode="PERSISTENT"/><con:jmsPropertyConfig/><con:wsaConfig mustUnderstand="NONE" version="200508" action="http://fidus.brussels/services/europeandisabilitycardservice/consultActiveCards"/><con:wsrmConfig version="1.2"/></con:call><con:call id="01fea03e-ab33-421c-99a9-f1f5f5ebc4e5" name="05- Prod - External - Request" outgoingWss="Outflow PROD" incomingWss="Inflow PROD"><con:settings><con:setting id="com.eviware.soapui.impl.wsdl.WsdlRequest@request-headers">&lt;xml-fragment/></con:setting></con:settings><con:encoding>UTF-8</con:encoding><con:endpoint>https://fidus.sec.brussels/services/EuropeanDisabilityCardService_v1.0</con:endpoint><con:request><![CDATA[<soapenv:Envelope xmlns:soapenv="http://schemas.xmlsoap.org/soap/envelope/" xmlns:v1="http://fidus.brussels/service/europeandisabilitycardservice/messages/v1" xmlns:v11="http://fidus.brussels/type/common/messages/v1">
   <soapenv:Header/>
   <soapenv:Body>
      <v1:consultActiveCardsRequest>         
         <v1:messageContext>
            <v11:messageId>${=import static java.util.UUID.randomUUID; uuid = randomUUID() as String}</v11:messageId>
            <!--Optional:-->
            <v11:timestamp>${=new java.text.SimpleDateFormat("yyyy-MM-dd'T'HH:mm:ss.SSS").format(new Date())}</v11:timestamp>
         </v1:messageContext>
         <v1:legalContext>ServiceIntegrator</v1:legalContext>
         <v1:request>
            <v1:ssin>10022104563</v1:ssin>
            <!--Optional:-->
            <v1:referenceDate>2017-09-01</v1:referenceDate>
         </v1:request>
      </v1:consultActiveCardsRequest>
   </soapenv:Body>
</soapenv:Envelope>]]></con:request><con:credentials><con:selectedAuthProfile>Basic</con:selectedAuthProfile><con:addedBasicAuthenticationTypes>Basic</con:addedBasicAuthenticationTypes><con:authType>Global HTTP Settings</con:authType></con:credentials><con:jmsConfig JMSDeliveryMode="PERSISTENT"/><con:jmsPropertyConfig/><con:wsaConfig mustUnderstand="NONE" version="200508" action="http://fidus.brussels/services/europeandisabilitycardservice/consultActiveCards"/><con:wsrmConfig version="1.2"/></con:call><con:call id="693b67f6-ee6d-4861-a49d-4148dff74df3" name="05- Prod - LB - Request" outgoingWss="Outflow PROD" incomingWss="Inflow PROD"><con:settings><con:setting id="com.eviware.soapui.impl.wsdl.WsdlRequest@request-headers">&lt;xml-fragment/></con:setting></con:settings><con:encoding>UTF-8</con:encoding><con:endpoint>https://fidus-esb-sg.prd.srv.cirb.lan:8443/services/EuropeanDisabilityCardService_v1.0</con:endpoint><con:request><![CDATA[<soapenv:Envelope xmlns:soapenv="http://schemas.xmlsoap.org/soap/envelope/" xmlns:v1="http://fidus.brussels/service/europeandisabilitycardservice/messages/v1" xmlns:v11="http://fidus.brussels/type/common/messages/v1">
   <soapenv:Header/>
   <soapenv:Body>
      <v1:consultActiveCardsRequest>         
         <v1:messageContext>
            <v11:messageId>${=import static java.util.UUID.randomUUID; uuid = randomUUID() as String}</v11:messageId>
            <!--Optional:-->
            <v11:timestamp>${=new java.text.SimpleDateFormat("yyyy-MM-dd'T'HH:mm:ss.SSS").format(new Date())}</v11:timestamp>
         </v1:messageContext>
         <v1:legalContext>ServiceIntegrator</v1:legalContext>
         <v1:request>
            <v1:ssin>10022104563</v1:ssin>
            <!--Optional:-->
            <v1:referenceDate>2017-09-01</v1:referenceDate>
         </v1:request>
      </v1:consultActiveCardsRequest>
   </soapenv:Body>
</soapenv:Envelope>]]></con:request><con:credentials><con:selectedAuthProfile>Basic</con:selectedAuthProfile><con:addedBasicAuthenticationTypes>Basic</con:addedBasicAuthenticationTypes><con:authType>Global HTTP Settings</con:authType></con:credentials><con:jmsConfig JMSDeliveryMode="PERSISTENT"/><con:jmsPropertyConfig/><con:wsaConfig mustUnderstand="NONE" version="200508" action="http://fidus.brussels/services/europeandisabilitycardservice/consultActiveCards"/><con:wsrmConfig version="1.2"/></con:call><con:call id="6f907474-3fe0-436a-a9e5-ee399e161ffb" name="05- Prod - Worker1 - Request" outgoingWss="Outflow PROD" incomingWss="Inflow PROD"><con:settings><con:setting id="com.eviware.soapui.impl.wsdl.WsdlRequest@request-headers">&lt;xml-fragment/></con:setting></con:settings><con:encoding>UTF-8</con:encoding><con:endpoint>https://192.168.26.22:8443/services/EuropeanDisabilityCardService_v1.0</con:endpoint><con:request><![CDATA[<soapenv:Envelope xmlns:soapenv="http://schemas.xmlsoap.org/soap/envelope/" xmlns:v1="http://fidus.brussels/service/europeandisabilitycardservice/messages/v1" xmlns:v11="http://fidus.brussels/type/common/messages/v1">
   <soapenv:Header/>
   <soapenv:Body>
      <v1:consultActiveCardsRequest>         
         <v1:messageContext>
            <v11:messageId>${=import static java.util.UUID.randomUUID; uuid = randomUUID() as String}</v11:messageId>
            <!--Optional:-->
            <v11:timestamp>${=new java.text.SimpleDateFormat("yyyy-MM-dd'T'HH:mm:ss.SSS").format(new Date())}</v11:timestamp>
         </v1:messageContext>
         <v1:legalContext>ServiceIntegrator</v1:legalContext>
         <v1:request>
            <v1:ssin>10022104563</v1:ssin>
            <!--Optional:-->
            <v1:referenceDate>2017-09-01</v1:referenceDate>
         </v1:request>
      </v1:consultActiveCardsRequest>
   </soapenv:Body>
</soapenv:Envelope>]]></con:request><con:credentials><con:selectedAuthProfile>Basic</con:selectedAuthProfile><con:addedBasicAuthenticationTypes>Basic</con:addedBasicAuthenticationTypes><con:authType>Global HTTP Settings</con:authType></con:credentials><con:jmsConfig JMSDeliveryMode="PERSISTENT"/><con:jmsPropertyConfig/><con:wsaConfig mustUnderstand="NONE" version="200508" action="http://fidus.brussels/services/europeandisabilitycardservice/consultActiveCards"/><con:wsrmConfig version="1.2"/></con:call><con:call id="5552ac5e-6004-4bfe-96b8-d56c0688312f" name="05- Prod - Worker2 - Request" outgoingWss="Outflow PROD" incomingWss="Inflow PROD"><con:settings><con:setting id="com.eviware.soapui.impl.wsdl.WsdlRequest@request-headers">&lt;xml-fragment/></con:setting></con:settings><con:encoding>UTF-8</con:encoding><con:endpoint>https://192.168.26.19:8443/services/EuropeanDisabilityCardService_v1.0</con:endpoint><con:request><![CDATA[<soapenv:Envelope xmlns:soapenv="http://schemas.xmlsoap.org/soap/envelope/" xmlns:v1="http://fidus.brussels/service/europeandisabilitycardservice/messages/v1" xmlns:v11="http://fidus.brussels/type/common/messages/v1">
   <soapenv:Header/>
   <soapenv:Body>
      <v1:consultActiveCardsRequest>         
         <v1:messageContext>
            <v11:messageId>${=import static java.util.UUID.randomUUID; uuid = randomUUID() as String}</v11:messageId>
            <!--Optional:-->
            <v11:timestamp>${=new java.text.SimpleDateFormat("yyyy-MM-dd'T'HH:mm:ss.SSS").format(new Date())}</v11:timestamp>
         </v1:messageContext>
         <v1:legalContext>ServiceIntegrator</v1:legalContext>
         <v1:request>
            <v1:ssin>10022104563</v1:ssin>
            <!--Optional:-->
            <v1:referenceDate>2017-09-01</v1:referenceDate>
         </v1:request>
      </v1:consultActiveCardsRequest>
   </soapenv:Body>
</soapenv:Envelope>]]></con:request><con:credentials><con:selectedAuthProfile>Basic</con:selectedAuthProfile><con:addedBasicAuthenticationTypes>Basic</con:addedBasicAuthenticationTypes><con:authType>Global HTTP Settings</con:authType></con:credentials><con:jmsConfig JMSDeliveryMode="PERSISTENT"/><con:jmsPropertyConfig/><con:wsaConfig mustUnderstand="NONE" version="200508" action="http://fidus.brussels/services/europeandisabilitycardservice/consultActiveCards"/><con:wsrmConfig version="1.2"/></con:call></con:operation><con:operation id="b0c3821e-10e1-401c-8cde-04146642446e" isOneWay="false" action="http://fidus.brussels/services/europeandisabilitycardservice/consultAllCards" name="consultAllCards" bindingOperationName="consultAllCards" type="Request-Response" inputName="" receivesAttachments="false" sendsAttachments="false" anonymous="optional"><con:settings/><con:call id="237fb8a9-b079-41cc-973d-697bfa0664d4" name="02 - DEV - Request" outgoingWss="Outflow DEV" incomingWss="Inflow DEV"><con:settings><con:setting id="com.eviware.soapui.impl.wsdl.WsdlRequest@request-headers">&lt;xml-fragment/></con:setting></con:settings><con:encoding>UTF-8</con:encoding><con:endpoint>https://192.168.36.61:8243/services/EuropeanDisabilityCardService_v1.0</con:endpoint><con:request><![CDATA[<soapenv:Envelope xmlns:soapenv="http://schemas.xmlsoap.org/soap/envelope/" xmlns:v1="http://fidus.brussels/service/europeandisabilitycardservice/messages/v1" xmlns:v11="http://fidus.brussels/type/common/messages/v1">
   <soapenv:Header/>
   <soapenv:Body>
      <v1:consultAllCardsRequest>
         <v1:messageContext>
            <v11:messageId>${=import static java.util.UUID.randomUUID; uuid = randomUUID() as String}</v11:messageId>
            <!--Optional:-->
            <v11:timestamp>${=new java.text.SimpleDateFormat("yyyy-MM-dd'T'HH:mm:ss.SSS").format(new Date())}</v11:timestamp>
         </v1:messageContext>
         <v1:legalContext>ServiceIntegrator</v1:legalContext>
         <v1:request>
            <v1:ssin>84072002128</v1:ssin>
         </v1:request>
      </v1:consultAllCardsRequest>
   </soapenv:Body>
</soapenv:Envelope>]]></con:request><con:credentials><con:selectedAuthProfile>Basic</con:selectedAuthProfile><con:addedBasicAuthenticationTypes>Basic</con:addedBasicAuthenticationTypes><con:authType>Global HTTP Settings</con:authType></con:credentials><con:jmsConfig JMSDeliveryMode="PERSISTENT"/><con:jmsPropertyConfig/><con:wsaConfig mustUnderstand="NONE" version="200508" action="http://fidus.brussels/services/europeandisabilitycardservice/consultAllCards"/><con:wsrmConfig version="1.2"/></con:call><con:call id="71c30cd8-d62d-48cc-92e0-74c1ac387721" name="01 - Local - Request" outgoingWss="Outflow DEV" incomingWss="Inflow DEV"><con:settings><con:setting id="com.eviware.soapui.impl.wsdl.WsdlRequest@request-headers">&lt;xml-fragment/></con:setting></con:settings><con:encoding>UTF-8</con:encoding><con:endpoint>https://localhost:8243/services/EuropeanDisabilityCardService_v1.0</con:endpoint><con:request><![CDATA[<soapenv:Envelope xmlns:soapenv="http://schemas.xmlsoap.org/soap/envelope/" xmlns:v1="http://fidus.brussels/service/europeandisabilitycardservice/messages/v1" xmlns:v11="http://fidus.brussels/type/common/messages/v1">
   <soapenv:Header/>
   <soapenv:Body>
      <v1:consultAllCardsRequest>
         <v1:messageContext>
            <v11:messageId>${=import static java.util.UUID.randomUUID; uuid = randomUUID() as String}</v11:messageId>
            <!--Optional:-->
            <v11:timestamp>${=new java.text.SimpleDateFormat("yyyy-MM-dd'T'HH:mm:ss.SSS").format(new Date())}</v11:timestamp>
         </v1:messageContext>
         <v1:legalContext>ServiceIntegrator</v1:legalContext>
         <v1:request>
            <v1:ssin>84072002128</v1:ssin>
         </v1:request>
      </v1:consultAllCardsRequest>
   </soapenv:Body>
</soapenv:Envelope>]]></con:request><con:credentials><con:selectedAuthProfile>Basic</con:selectedAuthProfile><con:addedBasicAuthenticationTypes>Basic</con:addedBasicAuthenticationTypes><con:authType>Global HTTP Settings</con:authType></con:credentials><con:jmsConfig JMSDeliveryMode="PERSISTENT"/><con:jmsPropertyConfig/><con:wsaConfig mustUnderstand="NONE" version="200508" action="http://fidus.brussels/services/europeandisabilitycardservice/consultAllCards"/><con:wsrmConfig version="1.2"/></con:call><con:call id="aca4334e-fe4f-45fc-8777-830f499cc452" name="03 - Test - External - Valid_SSIN- Request" outgoingWss="Outflow TEST" incomingWss="Inflow TEST"><con:settings><con:setting id="com.eviware.soapui.impl.wsdl.WsdlRequest@request-headers">&lt;xml-fragment/></con:setting></con:settings><con:encoding>UTF-8</con:encoding><con:endpoint>https://192.168.24.17:8443/services/EuropeanDisabilityCardService_v1.0</con:endpoint><con:request><![CDATA[<soapenv:Envelope xmlns:soapenv="http://schemas.xmlsoap.org/soap/envelope/" xmlns:v1="http://fidus.brussels/service/europeandisabilitycardservice/messages/v1" xmlns:v11="http://fidus.brussels/type/common/messages/v1">
   <soapenv:Header/>
   <soapenv:Body>
      <v1:consultAllCardsRequest>
         <v1:messageContext>
            <v11:messageId>${=import static java.util.UUID.randomUUID; uuid = randomUUID() as String}</v11:messageId>
            <!--Optional:-->
            <v11:timestamp>${=new java.text.SimpleDateFormat("yyyy-MM-dd'T'HH:mm:ss.SSS").format(new Date())}</v11:timestamp>
         </v1:messageContext>
         <v1:legalContext>ServiceIntegrator</v1:legalContext>
         <v1:request>
            <v1:ssin>13020111772</v1:ssin>
         </v1:request>
      </v1:consultAllCardsRequest>
   </soapenv:Body>
</soapenv:Envelope>]]></con:request><con:credentials><con:selectedAuthProfile>Basic</con:selectedAuthProfile><con:addedBasicAuthenticationTypes>Basic</con:addedBasicAuthenticationTypes><con:authType>Global HTTP Settings</con:authType></con:credentials><con:jmsConfig JMSDeliveryMode="PERSISTENT"/><con:jmsPropertyConfig/><con:wsaConfig mustUnderstand="NONE" version="200508" action="http://fidus.brussels/services/europeandisabilitycardservice/consultAllCards"/><con:wsrmConfig version="1.2"/></con:call><con:call id="1afff605-4331-4f59-a8fc-1d5222055d44" name="03 - Test - LB - Request" outgoingWss="Outflow TEST" incomingWss="Inflow TEST"><con:settings><con:setting id="com.eviware.soapui.impl.wsdl.WsdlRequest@request-headers">&lt;xml-fragment/></con:setting></con:settings><con:encoding>UTF-8</con:encoding><con:endpoint>https://esb-security-gw.sta.srv.cirb.lan:8443/services/EuropeanDisabilityCardService_v1.0</con:endpoint><con:request><![CDATA[<soapenv:Envelope xmlns:soapenv="http://schemas.xmlsoap.org/soap/envelope/" xmlns:v1="http://fidus.brussels/service/europeandisabilitycardservice/messages/v1" xmlns:v11="http://fidus.brussels/type/common/messages/v1">
   <soapenv:Header/>
   <soapenv:Body>
      <v1:consultAllCardsRequest>
         <v1:messageContext>
            <v11:messageId>${=import static java.util.UUID.randomUUID; uuid = randomUUID() as String}</v11:messageId>
            <!--Optional:-->
            <v11:timestamp>${=new java.text.SimpleDateFormat("yyyy-MM-dd'T'HH:mm:ss.SSS").format(new Date())}</v11:timestamp>
         </v1:messageContext>
         <v1:legalContext>ServiceIntegrator</v1:legalContext>
         <v1:request>
            <v1:ssin>13020111772</v1:ssin>
         </v1:request>
      </v1:consultAllCardsRequest>
   </soapenv:Body>
</soapenv:Envelope>]]></con:request><con:credentials><con:selectedAuthProfile>Basic</con:selectedAuthProfile><con:addedBasicAuthenticationTypes>Basic</con:addedBasicAuthenticationTypes><con:authType>Global HTTP Settings</con:authType></con:credentials><con:jmsConfig JMSDeliveryMode="PERSISTENT"/><con:jmsPropertyConfig/><con:wsaConfig mustUnderstand="NONE" version="200508" action="http://fidus.brussels/services/europeandisabilitycardservice/consultAllCards"/><con:wsrmConfig version="1.2"/></con:call><con:call id="ebe9453f-2fa2-464a-b859-7e44073e2d18" name="03 - Test - Worker1 - Request" outgoingWss="Outflow TEST" incomingWss="Inflow TEST"><con:settings><con:setting id="com.eviware.soapui.impl.wsdl.WsdlRequest@request-headers">&lt;xml-fragment/></con:setting></con:settings><con:encoding>UTF-8</con:encoding><con:endpoint>https://192.168.22.53:8443/services/EuropeanDisabilityCardService_v1.0</con:endpoint><con:request><![CDATA[<soapenv:Envelope xmlns:soapenv="http://schemas.xmlsoap.org/soap/envelope/" xmlns:v1="http://fidus.brussels/service/europeandisabilitycardservice/messages/v1" xmlns:v11="http://fidus.brussels/type/common/messages/v1">
   <soapenv:Header/>
   <soapenv:Body>
      <v1:consultAllCardsRequest>
         <v1:messageContext>
            <v11:messageId>${=import static java.util.UUID.randomUUID; uuid = randomUUID() as String}</v11:messageId>
            <!--Optional:-->
            <v11:timestamp>${=new java.text.SimpleDateFormat("yyyy-MM-dd'T'HH:mm:ss.SSS").format(new Date())}</v11:timestamp>
         </v1:messageContext>
         <v1:legalContext>ServiceIntegrator</v1:legalContext>
         <v1:request>            
            <v1:ssin>89120121658</v1:ssin>
         </v1:request>
      </v1:consultAllCardsRequest>
   </soapenv:Body>
</soapenv:Envelope>]]></con:request><con:credentials><con:selectedAuthProfile>Basic</con:selectedAuthProfile><con:addedBasicAuthenticationTypes>Basic</con:addedBasicAuthenticationTypes><con:authType>Global HTTP Settings</con:authType></con:credentials><con:jmsConfig JMSDeliveryMode="PERSISTENT"/><con:jmsPropertyConfig/><con:wsaConfig mustUnderstand="NONE" version="200508" action="http://fidus.brussels/services/europeandisabilitycardservice/consultAllCards"/><con:wsrmConfig version="1.2"/></con:call><con:call id="6a5a6932-dba3-45ab-b09a-33d4765cd6e3" name="03 - Test - Worker2 - Request" outgoingWss="Outflow TEST" incomingWss="Inflow TEST"><con:settings><con:setting id="com.eviware.soapui.impl.wsdl.WsdlRequest@request-headers">&lt;xml-fragment/></con:setting></con:settings><con:encoding>UTF-8</con:encoding><con:endpoint>https://192.168.22.53:8443/services/EuropeanDisabilityCardService_v1.0</con:endpoint><con:request><![CDATA[<soapenv:Envelope xmlns:soapenv="http://schemas.xmlsoap.org/soap/envelope/" xmlns:v1="http://fidus.brussels/service/europeandisabilitycardservice/messages/v1" xmlns:v11="http://fidus.brussels/type/common/messages/v1">
   <soapenv:Header/>
   <soapenv:Body>
      <v1:consultAllCardsRequest>
         <v1:messageContext>
            <v11:messageId>${=import static java.util.UUID.randomUUID; uuid = randomUUID() as String}</v11:messageId>
            <!--Optional:-->
            <v11:timestamp>${=new java.text.SimpleDateFormat("yyyy-MM-dd'T'HH:mm:ss.SSS").format(new Date())}</v11:timestamp>
         </v1:messageContext>
         <v1:legalContext>ServiceIntegrator</v1:legalContext>
         <v1:request>
            <v1:ssin>13020111772</v1:ssin>
         </v1:request>
      </v1:consultAllCardsRequest>
   </soapenv:Body>
</soapenv:Envelope>]]></con:request><con:credentials><con:selectedAuthProfile>Basic</con:selectedAuthProfile><con:addedBasicAuthenticationTypes>Basic</con:addedBasicAuthenticationTypes><con:authType>Global HTTP Settings</con:authType></con:credentials><con:jmsConfig JMSDeliveryMode="PERSISTENT"/><con:jmsPropertyConfig/><con:wsaConfig mustUnderstand="NONE" version="200508" action="http://fidus.brussels/services/europeandisabilitycardservice/consultAllCards"/><con:wsrmConfig version="1.2"/></con:call><con:call id="353be6d9-fd8f-4f0e-ac41-dea0a8adc368" name="03 - Test - External - InValid_SSIN- Request" outgoingWss="Outflow TEST" incomingWss="Inflow TEST"><con:settings><con:setting id="com.eviware.soapui.impl.wsdl.WsdlRequest@request-headers">&lt;xml-fragment/></con:setting></con:settings><con:encoding>UTF-8</con:encoding><con:endpoint>https://192.168.24.17:8443/services/EuropeanDisabilityCardService_v1.0</con:endpoint><con:request><![CDATA[<soapenv:Envelope xmlns:soapenv="http://schemas.xmlsoap.org/soap/envelope/" xmlns:v1="http://fidus.brussels/service/europeandisabilitycardservice/messages/v1" xmlns:v11="http://fidus.brussels/type/common/messages/v1">
   <soapenv:Header/>
   <soapenv:Body>
      <v1:consultAllCardsRequest>
         <v1:messageContext>
            <v11:messageId>${=import static java.util.UUID.randomUUID; uuid = randomUUID() as String}</v11:messageId>
            <!--Optional:-->
            <v11:timestamp>${=new java.text.SimpleDateFormat("yyyy-MM-dd'T'HH:mm:ss.SSS").format(new Date())}</v11:timestamp>
         </v1:messageContext>
         <v1:legalContext>ServiceIntegrator</v1:legalContext>
         <v1:request>
            <v1:ssin>23020111772</v1:ssin>
         </v1:request>
      </v1:consultAllCardsRequest>
   </soapenv:Body>
</soapenv:Envelope>]]></con:request><con:credentials><con:selectedAuthProfile>Basic</con:selectedAuthProfile><con:addedBasicAuthenticationTypes>Basic</con:addedBasicAuthenticationTypes><con:authType>Global HTTP Settings</con:authType></con:credentials><con:jmsConfig JMSDeliveryMode="PERSISTENT"/><con:jmsPropertyConfig/><con:wsaConfig mustUnderstand="NONE" version="200508" action="http://fidus.brussels/services/europeandisabilitycardservice/consultAllCards"/><con:wsrmConfig version="1.2"/></con:call><con:call id="232a362f-e4ae-4b15-8468-cc416bc11f52" name="03 - Test - External - Valid_SSIN_NoExist- Request" outgoingWss="Outflow TEST" incomingWss="Inflow TEST"><con:settings><con:setting id="com.eviware.soapui.impl.wsdl.WsdlRequest@request-headers">&lt;xml-fragment/></con:setting></con:settings><con:encoding>UTF-8</con:encoding><con:endpoint>https://192.168.24.17:8443/services/EuropeanDisabilityCardService_v1.0</con:endpoint><con:request><![CDATA[<soapenv:Envelope xmlns:soapenv="http://schemas.xmlsoap.org/soap/envelope/" xmlns:v1="http://fidus.brussels/service/europeandisabilitycardservice/messages/v1" xmlns:v11="http://fidus.brussels/type/common/messages/v1">
   <soapenv:Header/>
   <soapenv:Body>
      <v1:consultAllCardsRequest>
         <v1:messageContext>
            <v11:messageId>${=import static java.util.UUID.randomUUID; uuid = randomUUID() as String}</v11:messageId>
            <!--Optional:-->
            <v11:timestamp>${=new java.text.SimpleDateFormat("yyyy-MM-dd'T'HH:mm:ss.SSS").format(new Date())}</v11:timestamp>
         </v1:messageContext>
         <v1:legalContext>ServiceIntegrator</v1:legalContext>
         <v1:request>
            <v1:ssin>84072088834</v1:ssin>
         </v1:request>
      </v1:consultAllCardsRequest>
   </soapenv:Body>
</soapenv:Envelope>]]></con:request><con:credentials><con:selectedAuthProfile>Basic</con:selectedAuthProfile><con:addedBasicAuthenticationTypes>Basic</con:addedBasicAuthenticationTypes><con:authType>Global HTTP Settings</con:authType></con:credentials><con:jmsConfig JMSDeliveryMode="PERSISTENT"/><con:jmsPropertyConfig/><con:wsaConfig mustUnderstand="NONE" version="200508" action="http://fidus.brussels/services/europeandisabilitycardservice/consultAllCards"/><con:wsrmConfig version="1.2"/></con:call><con:call id="ad64133e-6b4f-40da-b430-f046d5dc150e" name="03 - Test - External - Old_SSIN- Request" outgoingWss="Outflow TEST" incomingWss="Inflow TEST"><con:settings><con:setting id="com.eviware.soapui.impl.wsdl.WsdlRequest@request-headers">&lt;xml-fragment/></con:setting></con:settings><con:encoding>UTF-8</con:encoding><con:endpoint>https://192.168.24.17:8443/services/EuropeanDisabilityCardService_v1.0</con:endpoint><con:request><![CDATA[<soapenv:Envelope xmlns:soapenv="http://schemas.xmlsoap.org/soap/envelope/" xmlns:v1="http://fidus.brussels/service/europeandisabilitycardservice/messages/v1" xmlns:v11="http://fidus.brussels/type/common/messages/v1">
   <soapenv:Header/>
   <soapenv:Body>
      <v1:consultAllCardsRequest>
         <v1:messageContext>
            <v11:messageId>${=import static java.util.UUID.randomUUID; uuid = randomUUID() as String}</v11:messageId>
            <!--Optional:-->
            <v11:timestamp>${=new java.text.SimpleDateFormat("yyyy-MM-dd'T'HH:mm:ss.SSS").format(new Date())}</v11:timestamp>
         </v1:messageContext>
         <v1:legalContext>ServiceIntegrator</v1:legalContext>
         <v1:request>
            <v1:ssin>91071662579</v1:ssin>
         </v1:request>
      </v1:consultAllCardsRequest>
   </soapenv:Body>
</soapenv:Envelope>]]></con:request><con:credentials><con:selectedAuthProfile>Basic</con:selectedAuthProfile><con:addedBasicAuthenticationTypes>Basic</con:addedBasicAuthenticationTypes><con:authType>Global HTTP Settings</con:authType></con:credentials><con:jmsConfig JMSDeliveryMode="PERSISTENT"/><con:jmsPropertyConfig/><con:wsaConfig mustUnderstand="NONE" version="200508" action="http://fidus.brussels/services/europeandisabilitycardservice/consultAllCards"/><con:wsrmConfig version="1.2"/></con:call><con:call id="15bf1fe2-7544-4257-95f2-6e218a9c8187" name="03 - Test - External - ActiveCard- Request" outgoingWss="Outflow TEST" incomingWss="Inflow TEST"><con:settings><con:setting id="com.eviware.soapui.impl.wsdl.WsdlRequest@request-headers">&lt;xml-fragment/></con:setting></con:settings><con:encoding>UTF-8</con:encoding><con:endpoint>https://192.168.24.17:8443/services/EuropeanDisabilityCardService_v1.0</con:endpoint><con:request><![CDATA[<soapenv:Envelope xmlns:soapenv="http://schemas.xmlsoap.org/soap/envelope/" xmlns:v1="http://fidus.brussels/service/europeandisabilitycardservice/messages/v1" xmlns:v11="http://fidus.brussels/type/common/messages/v1">
   <soapenv:Header/>
   <soapenv:Body>
      <v1:consultAllCardsRequest>
         <v1:messageContext>
            <v11:messageId>${=import static java.util.UUID.randomUUID; uuid = randomUUID() as String}</v11:messageId>
            <!--Optional:-->
            <v11:timestamp>${=new java.text.SimpleDateFormat("yyyy-MM-dd'T'HH:mm:ss.SSS").format(new Date())}</v11:timestamp>
         </v1:messageContext>
         <v1:legalContext>ServiceIntegrator</v1:legalContext>
         <v1:request>
            <v1:ssin>10022104563</v1:ssin>
         </v1:request>
      </v1:consultAllCardsRequest>
   </soapenv:Body>
</soapenv:Envelope>]]></con:request><con:credentials><con:selectedAuthProfile>Basic</con:selectedAuthProfile><con:addedBasicAuthenticationTypes>Basic</con:addedBasicAuthenticationTypes><con:authType>Global HTTP Settings</con:authType></con:credentials><con:jmsConfig JMSDeliveryMode="PERSISTENT"/><con:jmsPropertyConfig/><con:wsaConfig mustUnderstand="NONE" version="200508" action="http://fidus.brussels/services/europeandisabilitycardservice/consultAllCards"/><con:wsrmConfig version="1.2"/></con:call><con:call id="907c6d22-f0f0-47eb-a939-76bfe7fc5d26" name="03 - Test - External - CancelledSSIN_NoActiveCard- Request" outgoingWss="Outflow TEST" incomingWss="Inflow TEST"><con:settings><con:setting id="com.eviware.soapui.impl.wsdl.WsdlRequest@request-headers">&lt;xml-fragment/></con:setting></con:settings><con:encoding>UTF-8</con:encoding><con:endpoint>https://192.168.24.17:8443/services/EuropeanDisabilityCardService_v1.0</con:endpoint><con:request><![CDATA[<soapenv:Envelope xmlns:soapenv="http://schemas.xmlsoap.org/soap/envelope/" xmlns:v1="http://fidus.brussels/service/europeandisabilitycardservice/messages/v1" xmlns:v11="http://fidus.brussels/type/common/messages/v1">
   <soapenv:Header/>
   <soapenv:Body>
      <v1:consultAllCardsRequest>
         <v1:messageContext>
            <v11:messageId>${=import static java.util.UUID.randomUUID; uuid = randomUUID() as String}</v11:messageId>
            <!--Optional:-->
            <v11:timestamp>${=new java.text.SimpleDateFormat("yyyy-MM-dd'T'HH:mm:ss.SSS").format(new Date())}</v11:timestamp>
         </v1:messageContext>
         <v1:legalContext>ServiceIntegrator</v1:legalContext>
         <v1:request>
            <v1:ssin>49010193967</v1:ssin>
         </v1:request>
      </v1:consultAllCardsRequest>
   </soapenv:Body>
</soapenv:Envelope>]]></con:request><con:credentials><con:selectedAuthProfile>Basic</con:selectedAuthProfile><con:addedBasicAuthenticationTypes>Basic</con:addedBasicAuthenticationTypes><con:authType>Global HTTP Settings</con:authType></con:credentials><con:jmsConfig JMSDeliveryMode="PERSISTENT"/><con:jmsPropertyConfig/><con:wsaConfig mustUnderstand="NONE" version="200508" action="http://fidus.brussels/services/europeandisabilitycardservice/consultAllCards"/><con:wsrmConfig version="1.2"/></con:call><con:call id="bdaab6f7-17f9-4931-b6e1-4bf065b80f97" name="03 - Test - External - CancelledSSIN_ActiveCard- Request" outgoingWss="Outflow TEST" incomingWss="Inflow TEST"><con:settings><con:setting id="com.eviware.soapui.impl.wsdl.WsdlRequest@request-headers">&lt;xml-fragment/></con:setting></con:settings><con:encoding>UTF-8</con:encoding><con:endpoint>https://192.168.24.17:8443/services/EuropeanDisabilityCardService_v1.0</con:endpoint><con:request><![CDATA[<soapenv:Envelope xmlns:soapenv="http://schemas.xmlsoap.org/soap/envelope/" xmlns:v1="http://fidus.brussels/service/europeandisabilitycardservice/messages/v1" xmlns:v11="http://fidus.brussels/type/common/messages/v1">
   <soapenv:Header/>
   <soapenv:Body>
      <v1:consultAllCardsRequest>
         <v1:messageContext>
            <v11:messageId>${=import static java.util.UUID.randomUUID; uuid = randomUUID() as String}</v11:messageId>
            <!--Optional:-->
            <v11:timestamp>${=new java.text.SimpleDateFormat("yyyy-MM-dd'T'HH:mm:ss.SSS").format(new Date())}</v11:timestamp>
         </v1:messageContext>
         <v1:legalContext>ServiceIntegrator</v1:legalContext>
         <v1:request>
            <v1:ssin>89120121658</v1:ssin>
         </v1:request>
      </v1:consultAllCardsRequest>
   </soapenv:Body>
</soapenv:Envelope>]]></con:request><con:credentials><con:selectedAuthProfile>Basic</con:selectedAuthProfile><con:addedBasicAuthenticationTypes>Basic</con:addedBasicAuthenticationTypes><con:authType>Global HTTP Settings</con:authType></con:credentials><con:jmsConfig JMSDeliveryMode="PERSISTENT"/><con:jmsPropertyConfig/><con:wsaConfig mustUnderstand="NONE" version="200508" action="http://fidus.brussels/services/europeandisabilitycardservice/consultAllCards"/><con:wsrmConfig version="1.2"/></con:call><con:call id="5fc7a4db-1e4b-45c5-b274-e17cd73b9276" name="03 - Test - External - SSIN_DeceasedPerson_ActiveCard- Request" outgoingWss="Outflow TEST" incomingWss="Inflow TEST"><con:settings><con:setting id="com.eviware.soapui.impl.wsdl.WsdlRequest@request-headers">&lt;xml-fragment/></con:setting></con:settings><con:encoding>UTF-8</con:encoding><con:endpoint>https://192.168.24.17:8443/services/EuropeanDisabilityCardService_v1.0</con:endpoint><con:request><![CDATA[<soapenv:Envelope xmlns:soapenv="http://schemas.xmlsoap.org/soap/envelope/" xmlns:v1="http://fidus.brussels/service/europeandisabilitycardservice/messages/v1" xmlns:v11="http://fidus.brussels/type/common/messages/v1">
   <soapenv:Header/>
   <soapenv:Body>
      <v1:consultAllCardsRequest>
         <v1:messageContext>
            <v11:messageId>${=import static java.util.UUID.randomUUID; uuid = randomUUID() as String}</v11:messageId>
            <!--Optional:-->
            <v11:timestamp>${=new java.text.SimpleDateFormat("yyyy-MM-dd'T'HH:mm:ss.SSS").format(new Date())}</v11:timestamp>
         </v1:messageContext>
         <v1:legalContext>ServiceIntegrator</v1:legalContext>
         <v1:request>
            <v1:ssin>21033027563</v1:ssin>
         </v1:request>
      </v1:consultAllCardsRequest>
   </soapenv:Body>
</soapenv:Envelope>]]></con:request><con:credentials><con:selectedAuthProfile>Basic</con:selectedAuthProfile><con:addedBasicAuthenticationTypes>Basic</con:addedBasicAuthenticationTypes><con:authType>Global HTTP Settings</con:authType></con:credentials><con:jmsConfig JMSDeliveryMode="PERSISTENT"/><con:jmsPropertyConfig/><con:wsaConfig mustUnderstand="NONE" version="200508" action="http://fidus.brussels/services/europeandisabilitycardservice/consultAllCards"/><con:wsrmConfig version="1.2"/></con:call><con:call id="64dbd345-d443-4403-be31-c5a307df0cac" name="03 - Test - External - SSIN_DeceasedPerson_NoActiveCard- Request" outgoingWss="Outflow TEST" incomingWss="Inflow TEST"><con:settings><con:setting id="com.eviware.soapui.impl.wsdl.WsdlRequest@request-headers">&lt;xml-fragment/></con:setting></con:settings><con:encoding>UTF-8</con:encoding><con:endpoint>https://192.168.24.17:8443/services/EuropeanDisabilityCardService_v1.0</con:endpoint><con:request><![CDATA[<soapenv:Envelope xmlns:soapenv="http://schemas.xmlsoap.org/soap/envelope/" xmlns:v1="http://fidus.brussels/service/europeandisabilitycardservice/messages/v1" xmlns:v11="http://fidus.brussels/type/common/messages/v1">
   <soapenv:Header/>
   <soapenv:Body>
      <v1:consultAllCardsRequest>
         <v1:messageContext>
            <v11:messageId>${=import static java.util.UUID.randomUUID; uuid = randomUUID() as String}</v11:messageId>
            <!--Optional:-->
            <v11:timestamp>${=new java.text.SimpleDateFormat("yyyy-MM-dd'T'HH:mm:ss.SSS").format(new Date())}</v11:timestamp>
         </v1:messageContext>
         <v1:legalContext>ServiceIntegrator</v1:legalContext>
         <v1:request>
            <v1:ssin>18100808031</v1:ssin>
         </v1:request>
      </v1:consultAllCardsRequest>
   </soapenv:Body>
</soapenv:Envelope>]]></con:request><con:credentials><con:selectedAuthProfile>Basic</con:selectedAuthProfile><con:addedBasicAuthenticationTypes>Basic</con:addedBasicAuthenticationTypes><con:authType>Global HTTP Settings</con:authType></con:credentials><con:jmsConfig JMSDeliveryMode="PERSISTENT"/><con:jmsPropertyConfig/><con:wsaConfig mustUnderstand="NONE" version="200508" action="http://fidus.brussels/services/europeandisabilitycardservice/consultAllCards"/><con:wsrmConfig version="1.2"/></con:call><con:call id="88861ea5-31d9-4b5f-a502-8588f63c3463" name="03 - Test - External - ReturnedCard- Request" outgoingWss="Outflow TEST" incomingWss="Inflow TEST"><con:settings><con:setting id="com.eviware.soapui.impl.wsdl.WsdlRequest@request-headers">&lt;xml-fragment/></con:setting></con:settings><con:encoding>UTF-8</con:encoding><con:endpoint>https://192.168.24.17:8443/services/EuropeanDisabilityCardService_v1.0</con:endpoint><con:request><![CDATA[<soapenv:Envelope xmlns:soapenv="http://schemas.xmlsoap.org/soap/envelope/" xmlns:v1="http://fidus.brussels/service/europeandisabilitycardservice/messages/v1" xmlns:v11="http://fidus.brussels/type/common/messages/v1">
   <soapenv:Header/>
   <soapenv:Body>
      <v1:consultAllCardsRequest>
         <v1:messageContext>
            <v11:messageId>${=import static java.util.UUID.randomUUID; uuid = randomUUID() as String}</v11:messageId>
            <!--Optional:-->
            <v11:timestamp>${=new java.text.SimpleDateFormat("yyyy-MM-dd'T'HH:mm:ss.SSS").format(new Date())}</v11:timestamp>
         </v1:messageContext>
         <v1:legalContext>ServiceIntegrator</v1:legalContext>
         <v1:request>
            <v1:ssin>77020601578</v1:ssin>
         </v1:request>
      </v1:consultAllCardsRequest>
   </soapenv:Body>
</soapenv:Envelope>]]></con:request><con:credentials><con:selectedAuthProfile>Basic</con:selectedAuthProfile><con:addedBasicAuthenticationTypes>Basic</con:addedBasicAuthenticationTypes><con:authType>Global HTTP Settings</con:authType></con:credentials><con:jmsConfig JMSDeliveryMode="PERSISTENT"/><con:jmsPropertyConfig/><con:wsaConfig mustUnderstand="NONE" version="200508" action="http://fidus.brussels/services/europeandisabilitycardservice/consultAllCards"/><con:wsrmConfig version="1.2"/></con:call><con:call id="ca43bc68-62c3-4c0b-aa9b-6b7819c695b9" name="03 - Test - External - FailedCard- Request" outgoingWss="Outflow TEST" incomingWss="Inflow TEST"><con:settings><con:setting id="com.eviware.soapui.impl.wsdl.WsdlRequest@request-headers">&lt;xml-fragment/></con:setting></con:settings><con:encoding>UTF-8</con:encoding><con:endpoint>https://192.168.24.17:8443/services/EuropeanDisabilityCardService_v1.0</con:endpoint><con:request><![CDATA[<soapenv:Envelope xmlns:soapenv="http://schemas.xmlsoap.org/soap/envelope/" xmlns:v1="http://fidus.brussels/service/europeandisabilitycardservice/messages/v1" xmlns:v11="http://fidus.brussels/type/common/messages/v1">
   <soapenv:Header/>
   <soapenv:Body>
      <v1:consultAllCardsRequest>
         <v1:messageContext>
            <v11:messageId>${=import static java.util.UUID.randomUUID; uuid = randomUUID() as String}</v11:messageId>
            <!--Optional:-->
            <v11:timestamp>${=new java.text.SimpleDateFormat("yyyy-MM-dd'T'HH:mm:ss.SSS").format(new Date())}</v11:timestamp>
         </v1:messageContext>
         <v1:legalContext>ServiceIntegrator</v1:legalContext>
         <v1:request>
            <v1:ssin>77020601578</v1:ssin>
         </v1:request>
      </v1:consultAllCardsRequest>
   </soapenv:Body>
</soapenv:Envelope>]]></con:request><con:credentials><con:selectedAuthProfile>Basic</con:selectedAuthProfile><con:addedBasicAuthenticationTypes>Basic</con:addedBasicAuthenticationTypes><con:authType>Global HTTP Settings</con:authType></con:credentials><con:jmsConfig JMSDeliveryMode="PERSISTENT"/><con:jmsPropertyConfig/><con:wsaConfig mustUnderstand="NONE" version="200508" action="http://fidus.brussels/services/europeandisabilitycardservice/consultAllCards"/><con:wsrmConfig version="1.2"/></con:call><con:call id="e779f21c-e2fe-41c4-90af-cf8ec1e2941a" name="03 - Test - External - VariousCards- Request" outgoingWss="Outflow TEST" incomingWss="Inflow TEST"><con:settings><con:setting id="com.eviware.soapui.impl.wsdl.WsdlRequest@request-headers">&lt;xml-fragment/></con:setting></con:settings><con:encoding>UTF-8</con:encoding><con:endpoint>https://192.168.24.17:8443/services/EuropeanDisabilityCardService_v1.0</con:endpoint><con:request><![CDATA[<soapenv:Envelope xmlns:soapenv="http://schemas.xmlsoap.org/soap/envelope/" xmlns:v1="http://fidus.brussels/service/europeandisabilitycardservice/messages/v1" xmlns:v11="http://fidus.brussels/type/common/messages/v1">
   <soapenv:Header/>
   <soapenv:Body>
      <v1:consultAllCardsRequest>
         <v1:messageContext>
            <v11:messageId>${=import static java.util.UUID.randomUUID; uuid = randomUUID() as String}</v11:messageId>
            <!--Optional:-->
            <v11:timestamp>${=new java.text.SimpleDateFormat("yyyy-MM-dd'T'HH:mm:ss.SSS").format(new Date())}</v11:timestamp>
         </v1:messageContext>
         <v1:legalContext>ServiceIntegrator</v1:legalContext>
         <v1:request>
            <v1:ssin>13020111772</v1:ssin>
         </v1:request>
      </v1:consultAllCardsRequest>
   </soapenv:Body>
</soapenv:Envelope>]]></con:request><con:credentials><con:selectedAuthProfile>Basic</con:selectedAuthProfile><con:addedBasicAuthenticationTypes>Basic</con:addedBasicAuthenticationTypes><con:authType>Global HTTP Settings</con:authType></con:credentials><con:jmsConfig JMSDeliveryMode="PERSISTENT"/><con:jmsPropertyConfig/><con:wsaConfig mustUnderstand="NONE" version="200508" action="http://fidus.brussels/services/europeandisabilitycardservice/consultAllCards"/><con:wsrmConfig version="1.2"/></con:call><con:call id="37537190-a2a7-4b2e-984a-3fd20cb979a9" name="04 - Staging - External - Request" outgoingWss="Outflow STAGING" incomingWss="Inflow STAGING"><con:settings><con:setting id="com.eviware.soapui.impl.wsdl.WsdlRequest@request-headers">&lt;xml-fragment/></con:setting></con:settings><con:encoding>UTF-8</con:encoding><con:endpoint>https://fidus.sec.brussels/services/EuropeanDisabilityCardService_v1.0</con:endpoint><con:request><![CDATA[<soapenv:Envelope xmlns:soapenv="http://schemas.xmlsoap.org/soap/envelope/" xmlns:v1="http://fidus.brussels/service/europeandisabilitycardservice/messages/v1" xmlns:v11="http://fidus.brussels/type/common/messages/v1">
   <soapenv:Header/>
   <soapenv:Body>
      <v1:consultAllCardsRequest>
         <v1:messageContext>
            <v11:messageId>${=import static java.util.UUID.randomUUID; uuid = randomUUID() as String}</v11:messageId>
            <!--Optional:-->
            <v11:timestamp>${=new java.text.SimpleDateFormat("yyyy-MM-dd'T'HH:mm:ss.SSS").format(new Date())}</v11:timestamp>
         </v1:messageContext>
         <v1:legalContext>ServiceIntegrator</v1:legalContext>
         <v1:request>
            <v1:ssin>10022104563</v1:ssin>
         </v1:request>
      </v1:consultAllCardsRequest>
   </soapenv:Body>
</soapenv:Envelope>]]></con:request><con:credentials><con:selectedAuthProfile>Basic</con:selectedAuthProfile><con:addedBasicAuthenticationTypes>Basic</con:addedBasicAuthenticationTypes><con:authType>Global HTTP Settings</con:authType></con:credentials><con:jmsConfig JMSDeliveryMode="PERSISTENT"/><con:jmsPropertyConfig/><con:wsaConfig mustUnderstand="NONE" version="200508" action="http://fidus.brussels/services/europeandisabilitycardservice/consultAllCards"/><con:wsrmConfig version="1.2"/></con:call><con:call id="d812693c-fb86-4adf-86cb-e1071b39e456" name="04 - Staging - LB - Request" outgoingWss="Outflow STAGING" incomingWss="Inflow STAGING"><con:settings><con:setting id="com.eviware.soapui.impl.wsdl.WsdlRequest@request-headers">&lt;xml-fragment/></con:setting></con:settings><con:encoding>UTF-8</con:encoding><con:endpoint>https://fidus-esb-sg.prd.srv.cirb.lan:8443/services/EuropeanDisabilityCardService_v1.0</con:endpoint><con:request><![CDATA[<soapenv:Envelope xmlns:soapenv="http://schemas.xmlsoap.org/soap/envelope/" xmlns:v1="http://fidus.brussels/service/europeandisabilitycardservice/messages/v1" xmlns:v11="http://fidus.brussels/type/common/messages/v1">
   <soapenv:Header/>
   <soapenv:Body>
      <v1:consultAllCardsRequest>
         <v1:messageContext>
            <v11:messageId>${=import static java.util.UUID.randomUUID; uuid = randomUUID() as String}</v11:messageId>
            <!--Optional:-->
            <v11:timestamp>${=new java.text.SimpleDateFormat("yyyy-MM-dd'T'HH:mm:ss.SSS").format(new Date())}</v11:timestamp>
         </v1:messageContext>
         <v1:legalContext>ServiceIntegrator</v1:legalContext>
         <v1:request>
            <v1:ssin>10022104563</v1:ssin>
         </v1:request>
      </v1:consultAllCardsRequest>
   </soapenv:Body>
</soapenv:Envelope>]]></con:request><con:credentials><con:selectedAuthProfile>Basic</con:selectedAuthProfile><con:addedBasicAuthenticationTypes>Basic</con:addedBasicAuthenticationTypes><con:authType>Global HTTP Settings</con:authType></con:credentials><con:jmsConfig JMSDeliveryMode="PERSISTENT"/><con:jmsPropertyConfig/><con:wsaConfig mustUnderstand="NONE" version="200508" action="http://fidus.brussels/services/europeandisabilitycardservice/consultAllCards"/><con:wsrmConfig version="1.2"/></con:call><con:call id="fb1ae64e-a846-4890-bd1e-4108631d41eb" name="04 - Staging - Worker1 - Request" outgoingWss="Outflow STAGING" incomingWss="Inflow STAGING"><con:settings><con:setting id="com.eviware.soapui.impl.wsdl.WsdlRequest@request-headers">&lt;xml-fragment/></con:setting></con:settings><con:encoding>UTF-8</con:encoding><con:endpoint>https://192.168.26.22:8443/services/EuropeanDisabilityCardService_v1.0</con:endpoint><con:request><![CDATA[<soapenv:Envelope xmlns:soapenv="http://schemas.xmlsoap.org/soap/envelope/" xmlns:v1="http://fidus.brussels/service/europeandisabilitycardservice/messages/v1" xmlns:v11="http://fidus.brussels/type/common/messages/v1">
   <soapenv:Header/>
   <soapenv:Body>
      <v1:consultAllCardsRequest>
         <v1:messageContext>
            <v11:messageId>${=import static java.util.UUID.randomUUID; uuid = randomUUID() as String}</v11:messageId>
            <!--Optional:-->
            <v11:timestamp>${=new java.text.SimpleDateFormat("yyyy-MM-dd'T'HH:mm:ss.SSS").format(new Date())}</v11:timestamp>
         </v1:messageContext>
         <v1:legalContext>ServiceIntegrator</v1:legalContext>
         <v1:request>
            <v1:ssin>10022104563</v1:ssin>
         </v1:request>
      </v1:consultAllCardsRequest>
   </soapenv:Body>
</soapenv:Envelope>]]></con:request><con:credentials><con:selectedAuthProfile>Basic</con:selectedAuthProfile><con:addedBasicAuthenticationTypes>Basic</con:addedBasicAuthenticationTypes><con:authType>Global HTTP Settings</con:authType></con:credentials><con:jmsConfig JMSDeliveryMode="PERSISTENT"/><con:jmsPropertyConfig/><con:wsaConfig mustUnderstand="NONE" version="200508" action="http://fidus.brussels/services/europeandisabilitycardservice/consultAllCards"/><con:wsrmConfig version="1.2"/></con:call><con:call id="35875cc7-b43d-4af7-ad05-8467a3a64f9d" name="04 - Staging - Worker2 - Request" outgoingWss="Outflow STAGING" incomingWss="Inflow STAGING"><con:settings><con:setting id="com.eviware.soapui.impl.wsdl.WsdlRequest@request-headers">&lt;xml-fragment/></con:setting></con:settings><con:encoding>UTF-8</con:encoding><con:endpoint>https://192.168.24.17:8443/services/EuropeanDisabilityCardService_v1.0</con:endpoint><con:request><![CDATA[<soapenv:Envelope xmlns:soapenv="http://schemas.xmlsoap.org/soap/envelope/" xmlns:v1="http://fidus.brussels/service/europeandisabilitycardservice/messages/v1" xmlns:v11="http://fidus.brussels/type/common/messages/v1">
   <soapenv:Header/>
   <soapenv:Body>
      <v1:consultAllCardsRequest>
         <v1:messageContext>
            <v11:messageId>${=import static java.util.UUID.randomUUID; uuid = randomUUID() as String}</v11:messageId>
            <!--Optional:-->
            <v11:timestamp>${=new java.text.SimpleDateFormat("yyyy-MM-dd'T'HH:mm:ss.SSS").format(new Date())}</v11:timestamp>
         </v1:messageContext>
         <v1:legalContext>ServiceIntegrator</v1:legalContext>
         <v1:request>
            <v1:ssin>10022104563</v1:ssin>
         </v1:request>
      </v1:consultAllCardsRequest>
   </soapenv:Body>
</soapenv:Envelope>]]></con:request><con:credentials><con:selectedAuthProfile>Basic</con:selectedAuthProfile><con:addedBasicAuthenticationTypes>Basic</con:addedBasicAuthenticationTypes><con:authType>Global HTTP Settings</con:authType></con:credentials><con:jmsConfig JMSDeliveryMode="PERSISTENT"/><con:jmsPropertyConfig/><con:wsaConfig mustUnderstand="NONE" version="200508" action="http://fidus.brussels/services/europeandisabilitycardservice/consultAllCards"/><con:wsrmConfig version="1.2"/></con:call><con:call id="ed5395dc-c31f-44bb-8b43-972473c78161" name="05 - Prod - Worker1 - Request" outgoingWss="Outflow PROD" incomingWss="Inflow PROD"><con:settings><con:setting id="com.eviware.soapui.impl.wsdl.WsdlRequest@request-headers">&lt;xml-fragment/></con:setting></con:settings><con:encoding>UTF-8</con:encoding><con:endpoint>https://192.168.26.22:8443/services/EuropeanDisabilityCardService_v1.0</con:endpoint><con:request><![CDATA[<soapenv:Envelope xmlns:soapenv="http://schemas.xmlsoap.org/soap/envelope/" xmlns:v1="http://fidus.brussels/service/europeandisabilitycardservice/messages/v1" xmlns:v11="http://fidus.brussels/type/common/messages/v1">
   <soapenv:Header/>
   <soapenv:Body>
      <v1:consultAllCardsRequest>
         <v1:messageContext>
            <v11:messageId>${=import static java.util.UUID.randomUUID; uuid = randomUUID() as String}</v11:messageId>
            <!--Optional:-->
            <v11:timestamp>${=new java.text.SimpleDateFormat("yyyy-MM-dd'T'HH:mm:ss.SSS").format(new Date())}</v11:timestamp>
         </v1:messageContext>
         <v1:legalContext>ServiceIntegrator</v1:legalContext>
         <v1:request>
            <v1:ssin>10022104563</v1:ssin>
         </v1:request>
      </v1:consultAllCardsRequest>
   </soapenv:Body>
</soapenv:Envelope>]]></con:request><con:credentials><con:selectedAuthProfile>Basic</con:selectedAuthProfile><con:addedBasicAuthenticationTypes>Basic</con:addedBasicAuthenticationTypes><con:authType>Global HTTP Settings</con:authType></con:credentials><con:jmsConfig JMSDeliveryMode="PERSISTENT"/><con:jmsPropertyConfig/><con:wsaConfig mustUnderstand="NONE" version="200508" action="http://fidus.brussels/services/europeandisabilitycardservice/consultAllCards"/><con:wsrmConfig version="1.2"/></con:call><con:call id="c06257ce-5ad8-43be-b3f0-79a66c311705" name="05 - Prod - Worker2 - Request" outgoingWss="Outflow PROD" incomingWss="Inflow PROD"><con:settings><con:setting id="com.eviware.soapui.impl.wsdl.WsdlRequest@request-headers">&lt;xml-fragment/></con:setting></con:settings><con:encoding>UTF-8</con:encoding><con:endpoint>https://192.168.26.19:8443/services/EuropeanDisabilityCardService_v1.0</con:endpoint><con:request><![CDATA[<soapenv:Envelope xmlns:soapenv="http://schemas.xmlsoap.org/soap/envelope/" xmlns:v1="http://fidus.brussels/service/europeandisabilitycardservice/messages/v1" xmlns:v11="http://fidus.brussels/type/common/messages/v1">
   <soapenv:Header/>
   <soapenv:Body>
      <v1:consultAllCardsRequest>
         <v1:messageContext>
            <v11:messageId>${=import static java.util.UUID.randomUUID; uuid = randomUUID() as String}</v11:messageId>
            <!--Optional:-->
            <v11:timestamp>${=new java.text.SimpleDateFormat("yyyy-MM-dd'T'HH:mm:ss.SSS").format(new Date())}</v11:timestamp>
         </v1:messageContext>
         <v1:legalContext>ServiceIntegrator</v1:legalContext>
         <v1:request>
            <v1:ssin>10022104563</v1:ssin>
         </v1:request>
      </v1:consultAllCardsRequest>
   </soapenv:Body>
</soapenv:Envelope>]]></con:request><con:credentials><con:selectedAuthProfile>Basic</con:selectedAuthProfile><con:addedBasicAuthenticationTypes>Basic</con:addedBasicAuthenticationTypes><con:authType>Global HTTP Settings</con:authType></con:credentials><con:jmsConfig JMSDeliveryMode="PERSISTENT"/><con:jmsPropertyConfig/><con:wsaConfig mustUnderstand="NONE" version="200508" action="http://fidus.brussels/services/europeandisabilitycardservice/consultAllCards"/><con:wsrmConfig version="1.2"/></con:call><con:call id="02f7c9a8-6fea-49ff-933c-b6643d6dad11" name="05 - Prod - External - Request" outgoingWss="Outflow PROD" incomingWss="Inflow PROD"><con:settings><con:setting id="com.eviware.soapui.impl.wsdl.WsdlRequest@request-headers">&lt;xml-fragment/></con:setting></con:settings><con:encoding>UTF-8</con:encoding><con:endpoint>https://fidus.sec.brussels/services/EuropeanDisabilityCardService_v1.0</con:endpoint><con:request><![CDATA[<soapenv:Envelope xmlns:soapenv="http://schemas.xmlsoap.org/soap/envelope/" xmlns:v1="http://fidus.brussels/service/europeandisabilitycardservice/messages/v1" xmlns:v11="http://fidus.brussels/type/common/messages/v1">
   <soapenv:Header/>
   <soapenv:Body>
      <v1:consultAllCardsRequest>
         <v1:messageContext>
            <v11:messageId>${=import static java.util.UUID.randomUUID; uuid = randomUUID() as String}</v11:messageId>
            <!--Optional:-->
            <v11:timestamp>${=new java.text.SimpleDateFormat("yyyy-MM-dd'T'HH:mm:ss.SSS").format(new Date())}</v11:timestamp>
         </v1:messageContext>
         <v1:legalContext>ServiceIntegrator</v1:legalContext>
         <v1:request>
            <v1:ssin>10022104563</v1:ssin>
         </v1:request>
      </v1:consultAllCardsRequest>
   </soapenv:Body>
</soapenv:Envelope>]]></con:request><con:credentials><con:selectedAuthProfile>Basic</con:selectedAuthProfile><con:addedBasicAuthenticationTypes>Basic</con:addedBasicAuthenticationTypes><con:authType>Global HTTP Settings</con:authType></con:credentials><con:jmsConfig JMSDeliveryMode="PERSISTENT"/><con:jmsPropertyConfig/><con:wsaConfig mustUnderstand="NONE" version="200508" action="http://fidus.brussels/services/europeandisabilitycardservice/consultAllCards"/><con:wsrmConfig version="1.2"/></con:call><con:call id="bd81ed3c-3c44-4ef2-8edc-1403cea6fa78" name="05 - Prod - LB - Request" outgoingWss="Outflow PROD" incomingWss="Inflow PROD"><con:settings><con:setting id="com.eviware.soapui.impl.wsdl.WsdlRequest@request-headers">&lt;xml-fragment/></con:setting></con:settings><con:encoding>UTF-8</con:encoding><con:endpoint>https://fidus-esb-sg.prd.srv.cirb.lan:8443/services/EuropeanDisabilityCardService_v1.0</con:endpoint><con:request><![CDATA[<soapenv:Envelope xmlns:soapenv="http://schemas.xmlsoap.org/soap/envelope/" xmlns:v1="http://fidus.brussels/service/europeandisabilitycardservice/messages/v1" xmlns:v11="http://fidus.brussels/type/common/messages/v1">
   <soapenv:Header/>
   <soapenv:Body>
      <v1:consultAllCardsRequest>
         <v1:messageContext>
            <v11:messageId>${=import static java.util.UUID.randomUUID; uuid = randomUUID() as String}</v11:messageId>
            <!--Optional:-->
            <v11:timestamp>${=new java.text.SimpleDateFormat("yyyy-MM-dd'T'HH:mm:ss.SSS").format(new Date())}</v11:timestamp>
         </v1:messageContext>
         <v1:legalContext>ServiceIntegrator</v1:legalContext>
         <v1:request>
            <v1:ssin>10022104563</v1:ssin>
         </v1:request>
      </v1:consultAllCardsRequest>
   </soapenv:Body>
</soapenv:Envelope>]]></con:request><con:credentials><con:selectedAuthProfile>Basic</con:selectedAuthProfile><con:addedBasicAuthenticationTypes>Basic</con:addedBasicAuthenticationTypes><con:authType>Global HTTP Settings</con:authType></con:credentials><con:jmsConfig JMSDeliveryMode="PERSISTENT"/><con:jmsPropertyConfig/><con:wsaConfig mustUnderstand="NONE" version="200508" action="http://fidus.brussels/services/europeandisabilitycardservice/consultAllCards"/><con:wsrmConfig version="1.2"/></con:call></con:operation><con:operation id="92e0646c-175a-42be-8a29-7ef26b391349" isOneWay="false" action="http://fidus.brussels/services/europeandisabilitycardservice/createCard" name="createCard" bindingOperationName="createCard" type="Request-Response" inputName="" receivesAttachments="false" sendsAttachments="false" anonymous="optional"><con:settings/><con:call id="858098d6-6ba4-4e52-8072-d2fe9394705c" name="01 - Local - Request" outgoingWss="Outflow DEV"><con:settings><con:setting id="com.eviware.soapui.impl.wsdl.WsdlRequest@request-headers">&lt;xml-fragment/></con:setting></con:settings><con:encoding>UTF-8</con:encoding><con:endpoint>https://localhost:8243/services/EuropeanDisabilityCardService_v1.0</con:endpoint><con:request><![CDATA[<soapenv:Envelope xmlns:soapenv="http://schemas.xmlsoap.org/soap/envelope/" xmlns:v1="http://fidus.brussels/service/europeandisabilitycardservice/messages/v1" xmlns:v11="http://fidus.brussels/type/common/messages/v1">
   <soapenv:Header/>
   <soapenv:Body>
      <v1:createCardRequest>
         <v1:messageContext>
            <v11:messageId>${=import static java.util.UUID.randomUUID; uuid = randomUUID() as String}</v11:messageId>
            <!--Optional:-->
            <v11:timestamp>${=new java.text.SimpleDateFormat("yyyy-MM-dd'T'HH:mm:ss.SSS").format(new Date())}</v11:timestamp>
         </v1:messageContext>
         <v1:legalContext>ServiceIntegrator</v1:legalContext>
         <v1:request>
            <v1:ssin>84072002128</v1:ssin>
            <v1:emittingPartner>0646877855</v1:emittingPartner>
            <v1:language>NL</v1:language>
            <v1:forceCreation>false</v1:forceCreation>
         </v1:request>
      </v1:createCardRequest>
   </soapenv:Body>
</soapenv:Envelope>]]></con:request><con:credentials><con:selectedAuthProfile>Basic</con:selectedAuthProfile><con:addedBasicAuthenticationTypes>Basic</con:addedBasicAuthenticationTypes><con:authType>Global HTTP Settings</con:authType></con:credentials><con:jmsConfig JMSDeliveryMode="PERSISTENT"/><con:jmsPropertyConfig/><con:wsaConfig mustUnderstand="NONE" version="200508" action="http://fidus.brussels/services/europeandisabilitycardservice/createCard"/><con:wsrmConfig version="1.2"/></con:call><con:call id="a60102b9-4140-42c1-b1e5-7f90d1d80a3f" name="02 - DEV - Request" outgoingWss="Outflow DEV" incomingWss="Inflow DEV"><con:settings><con:setting id="com.eviware.soapui.impl.wsdl.WsdlRequest@request-headers">&lt;xml-fragment/></con:setting></con:settings><con:encoding>UTF-8</con:encoding><con:endpoint>https://192.168.36.61:8243/services/EuropeanDisabilityCardService_v1.0</con:endpoint><con:request><![CDATA[<soapenv:Envelope xmlns:soapenv="http://schemas.xmlsoap.org/soap/envelope/" xmlns:v1="http://fidus.brussels/service/europeandisabilitycardservice/messages/v1" xmlns:v11="http://fidus.brussels/type/common/messages/v1">
   <soapenv:Header/>
   <soapenv:Body>
      <v1:createCardRequest>
         <v1:messageContext>
            <v11:messageId>${=import static java.util.UUID.randomUUID; uuid = randomUUID() as String}</v11:messageId>
            <!--Optional:-->
            <v11:timestamp>${=new java.text.SimpleDateFormat("yyyy-MM-dd'T'HH:mm:ss.SSS").format(new Date())}</v11:timestamp>
         </v1:messageContext>
         <v1:legalContext>ServiceIntegrator</v1:legalContext>
         <v1:request>
            <v1:ssin>84072002128</v1:ssin>
            <v1:emittingPartner>0646877855</v1:emittingPartner>
            <v1:language>NL</v1:language>
            <v1:forceCreation>true</v1:forceCreation>
         </v1:request>
      </v1:createCardRequest>
   </soapenv:Body>
</soapenv:Envelope>]]></con:request><con:credentials><con:selectedAuthProfile>Basic</con:selectedAuthProfile><con:addedBasicAuthenticationTypes>Basic</con:addedBasicAuthenticationTypes><con:authType>Global HTTP Settings</con:authType></con:credentials><con:jmsConfig JMSDeliveryMode="PERSISTENT"/><con:jmsPropertyConfig/><con:wsaConfig mustUnderstand="NONE" version="200508" action="http://fidus.brussels/services/europeandisabilitycardservice/createCard"/><con:wsrmConfig version="1.2"/></con:call><con:call id="c2571f5e-a5bc-4fa5-984a-4e179044d739" name="03 - Test - External - Radiated_SSIN - Request" outgoingWss="Outflow TEST" incomingWss="Inflow TEST"><con:settings><con:setting id="com.eviware.soapui.impl.wsdl.WsdlRequest@request-headers">&lt;xml-fragment/></con:setting></con:settings><con:encoding>UTF-8</con:encoding><con:endpoint>https://192.168.24.17:8443/services/EuropeanDisabilityCardService_v1.0</con:endpoint><con:request><![CDATA[<soapenv:Envelope xmlns:soapenv="http://schemas.xmlsoap.org/soap/envelope/" xmlns:v1="http://fidus.brussels/service/europeandisabilitycardservice/messages/v1" xmlns:v11="http://fidus.brussels/type/common/messages/v1">
   <soapenv:Header/>
   <soapenv:Body>
      <v1:createCardRequest>
         <v1:messageContext>
            <v11:messageId>${=import static java.util.UUID.randomUUID; uuid = randomUUID() as String}</v11:messageId>
            <!--Optional:-->
            <v11:timestamp>${=new java.text.SimpleDateFormat("yyyy-MM-dd'T'HH:mm:ss.SSS").format(new Date())}</v11:timestamp>
         </v1:messageContext>
         <v1:legalContext>ServiceIntegrator</v1:legalContext>
         <v1:request>
            <v1:ssin>89040662426</v1:ssin>
            <v1:emittingPartner>0457419435</v1:emittingPartner>
            <v1:language>NL</v1:language>
            <v1:forceCreation>true</v1:forceCreation>
         </v1:request>
      </v1:createCardRequest>
   </soapenv:Body>
</soapenv:Envelope>]]></con:request><con:credentials><con:selectedAuthProfile>Basic</con:selectedAuthProfile><con:addedBasicAuthenticationTypes>Basic</con:addedBasicAuthenticationTypes><con:authType>Global HTTP Settings</con:authType></con:credentials><con:jmsConfig JMSDeliveryMode="PERSISTENT"/><con:jmsPropertyConfig/><con:wsaConfig mustUnderstand="NONE" version="200508" action="http://fidus.brussels/services/europeandisabilitycardservice/createCard"/><con:wsrmConfig version="1.2"/></con:call><con:call id="fcbcdd1b-3581-4e03-8962-490997fdc4e3" name="03 - Test - LB - Request" outgoingWss="Outflow TEST" incomingWss="Inflow TEST"><con:settings><con:setting id="com.eviware.soapui.impl.wsdl.WsdlRequest@request-headers">&lt;xml-fragment/></con:setting></con:settings><con:encoding>UTF-8</con:encoding><con:endpoint>https://esb-security-gw.sta.srv.cirb.lan:8443/services/EuropeanDisabilityCardService_v1.0</con:endpoint><con:request><![CDATA[<soapenv:Envelope xmlns:soapenv="http://schemas.xmlsoap.org/soap/envelope/" xmlns:v1="http://fidus.brussels/service/europeandisabilitycardservice/messages/v1" xmlns:v11="http://fidus.brussels/type/common/messages/v1">
   <soapenv:Header/>
   <soapenv:Body>
      <v1:createCardRequest>
         <v1:messageContext>
            <v11:messageId>${=import static java.util.UUID.randomUUID; uuid = randomUUID() as String}</v11:messageId>
            <!--Optional:-->
            <v11:timestamp>${=new java.text.SimpleDateFormat("yyyy-MM-dd'T'HH:mm:ss.SSS").format(new Date())}</v11:timestamp>
         </v1:messageContext>
         <v1:legalContext>ServiceIntegrator</v1:legalContext>
         <v1:request>
            <v1:ssin>84072002128</v1:ssin>
            <v1:emittingPartner>0646877855</v1:emittingPartner>
            <v1:language>NL</v1:language>
            <v1:forceCreation>true</v1:forceCreation>
         </v1:request>
      </v1:createCardRequest>
   </soapenv:Body>
</soapenv:Envelope>]]></con:request><con:credentials><con:selectedAuthProfile>Basic</con:selectedAuthProfile><con:addedBasicAuthenticationTypes>Basic</con:addedBasicAuthenticationTypes><con:authType>Global HTTP Settings</con:authType></con:credentials><con:jmsConfig JMSDeliveryMode="PERSISTENT"/><con:jmsPropertyConfig/><con:wsaConfig mustUnderstand="NONE" version="200508" action="http://fidus.brussels/services/europeandisabilitycardservice/createCard"/><con:wsrmConfig version="1.2"/></con:call><con:call id="a9ff923e-b552-440b-a265-e3f77e9538bb" name="03 - Test - Worker1 - Request" outgoingWss="Outflow TEST" incomingWss="Inflow TEST"><con:settings><con:setting id="com.eviware.soapui.impl.wsdl.WsdlRequest@request-headers">&lt;xml-fragment/></con:setting></con:settings><con:encoding>UTF-8</con:encoding><con:endpoint>https://192.168.22.53:8443/services/EuropeanDisabilityCardService_v1.0</con:endpoint><con:request><![CDATA[<soapenv:Envelope xmlns:soapenv="http://schemas.xmlsoap.org/soap/envelope/" xmlns:v1="http://fidus.brussels/service/europeandisabilitycardservice/messages/v1" xmlns:v11="http://fidus.brussels/type/common/messages/v1">
   <soapenv:Header/>
   <soapenv:Body>
      <v1:createCardRequest>
         <v1:messageContext>
            <v11:messageId>${=import static java.util.UUID.randomUUID; uuid = randomUUID() as String}</v11:messageId>
            <!--Optional:-->
            <v11:timestamp>${=new java.text.SimpleDateFormat("yyyy-MM-dd'T'HH:mm:ss.SSS").format(new Date())}</v11:timestamp>
         </v1:messageContext>
         <v1:legalContext>ServiceIntegrator</v1:legalContext>
         <v1:request>
            <v1:ssin>84072002128</v1:ssin>
            <v1:emittingPartner>0457419435</v1:emittingPartner>
            <v1:language>NL</v1:language>
            <v1:forceCreation>true</v1:forceCreation>
         </v1:request>
      </v1:createCardRequest>
   </soapenv:Body>
</soapenv:Envelope>]]></con:request><con:credentials><con:selectedAuthProfile>Basic</con:selectedAuthProfile><con:addedBasicAuthenticationTypes>Basic</con:addedBasicAuthenticationTypes><con:authType>Global HTTP Settings</con:authType></con:credentials><con:jmsConfig JMSDeliveryMode="PERSISTENT"/><con:jmsPropertyConfig/><con:wsaConfig mustUnderstand="NONE" version="200508" action="http://fidus.brussels/services/europeandisabilitycardservice/createCard"/><con:wsrmConfig version="1.2"/></con:call><con:call id="3d755474-1389-4523-a8b5-c94843ea8324" name="03 - Test - Worker2 - Request" outgoingWss="Outflow TEST" incomingWss="Inflow TEST"><con:settings><con:setting id="com.eviware.soapui.impl.wsdl.WsdlRequest@request-headers">&lt;xml-fragment/></con:setting></con:settings><con:encoding>UTF-8</con:encoding><con:endpoint>https://192.168.22.54:8443/services/EuropeanDisabilityCardService_v1.0</con:endpoint><con:request><![CDATA[<soapenv:Envelope xmlns:soapenv="http://schemas.xmlsoap.org/soap/envelope/" xmlns:v1="http://fidus.brussels/service/europeandisabilitycardservice/messages/v1" xmlns:v11="http://fidus.brussels/type/common/messages/v1">
   <soapenv:Header/>
   <soapenv:Body>
      <v1:createCardRequest>
         <v1:messageContext>
            <v11:messageId>${=import static java.util.UUID.randomUUID; uuid = randomUUID() as String}</v11:messageId>
            <!--Optional:-->
            <v11:timestamp>${=new java.text.SimpleDateFormat("yyyy-MM-dd'T'HH:mm:ss.SSS").format(new Date())}</v11:timestamp>
         </v1:messageContext>
         <v1:legalContext>ServiceIntegrator</v1:legalContext>
         <v1:request>
            <v1:ssin>84072002128</v1:ssin>
            <v1:emittingPartner>0646877855</v1:emittingPartner>
            <v1:language>NL</v1:language>
            <v1:forceCreation>true</v1:forceCreation>
         </v1:request>
      </v1:createCardRequest>
   </soapenv:Body>
</soapenv:Envelope>]]></con:request><con:credentials><con:selectedAuthProfile>Basic</con:selectedAuthProfile><con:addedBasicAuthenticationTypes>Basic</con:addedBasicAuthenticationTypes><con:authType>Global HTTP Settings</con:authType></con:credentials><con:jmsConfig JMSDeliveryMode="PERSISTENT"/><con:jmsPropertyConfig/><con:wsaConfig mustUnderstand="NONE" version="200508" action="http://fidus.brussels/services/europeandisabilitycardservice/createCard"/><con:wsrmConfig version="1.2"/></con:call><con:call id="5a460e18-67bc-46ef-b744-0a73eba870e6" name="03 - Test - External - Cancelled_SSIN - Request" outgoingWss="Outflow TEST" incomingWss="Inflow TEST"><con:settings><con:setting id="com.eviware.soapui.impl.wsdl.WsdlRequest@request-headers">&lt;xml-fragment/></con:setting></con:settings><con:encoding>UTF-8</con:encoding><con:endpoint>https://192.168.24.17:8443/services/EuropeanDisabilityCardService_v1.0</con:endpoint><con:request><![CDATA[<soapenv:Envelope xmlns:soapenv="http://schemas.xmlsoap.org/soap/envelope/" xmlns:v1="http://fidus.brussels/service/europeandisabilitycardservice/messages/v1" xmlns:v11="http://fidus.brussels/type/common/messages/v1">
   <soapenv:Header/>
   <soapenv:Body>
      <v1:createCardRequest>
         <v1:messageContext>
            <v11:messageId>${=import static java.util.UUID.randomUUID; uuid = randomUUID() as String}</v11:messageId>
            <!--Optional:-->
            <v11:timestamp>${=new java.text.SimpleDateFormat("yyyy-MM-dd'T'HH:mm:ss.SSS").format(new Date())}</v11:timestamp>
         </v1:messageContext>
         <v1:legalContext>ServiceIntegrator</v1:legalContext>
         <v1:request>
            <v1:ssin>49010193967</v1:ssin>
            <v1:emittingPartner>0457419435</v1:emittingPartner>
            <v1:language>NL</v1:language>
            <v1:forceCreation>false</v1:forceCreation>
         </v1:request>
      </v1:createCardRequest>
   </soapenv:Body>
</soapenv:Envelope>]]></con:request><con:credentials><con:selectedAuthProfile>Basic</con:selectedAuthProfile><con:addedBasicAuthenticationTypes>Basic</con:addedBasicAuthenticationTypes><con:authType>Global HTTP Settings</con:authType></con:credentials><con:jmsConfig JMSDeliveryMode="PERSISTENT"/><con:jmsPropertyConfig/><con:wsaConfig mustUnderstand="NONE" version="200508" action="http://fidus.brussels/services/europeandisabilitycardservice/createCard"/><con:wsrmConfig version="1.2"/></con:call><con:call id="c228a3a0-67ea-4c23-a7a9-41faeeaeeacb" name="03 - Test - External - SSIN_DeceasedPerson - Request" outgoingWss="Outflow TEST" incomingWss="Inflow TEST"><con:settings><con:setting id="com.eviware.soapui.impl.wsdl.WsdlRequest@request-headers">&lt;xml-fragment/></con:setting></con:settings><con:encoding>UTF-8</con:encoding><con:endpoint>https://192.168.24.17:8443/services/EuropeanDisabilityCardService_v1.0</con:endpoint><con:request><![CDATA[<soapenv:Envelope xmlns:soapenv="http://schemas.xmlsoap.org/soap/envelope/" xmlns:v1="http://fidus.brussels/service/europeandisabilitycardservice/messages/v1" xmlns:v11="http://fidus.brussels/type/common/messages/v1">
   <soapenv:Header/>
   <soapenv:Body>
      <v1:createCardRequest>
         <v1:messageContext>
            <v11:messageId>${=import static java.util.UUID.randomUUID; uuid = randomUUID() as String}</v11:messageId>
            <!--Optional:-->
            <v11:timestamp>${=new java.text.SimpleDateFormat("yyyy-MM-dd'T'HH:mm:ss.SSS").format(new Date())}</v11:timestamp>
         </v1:messageContext>
         <v1:legalContext>ServiceIntegrator</v1:legalContext>
         <v1:request>
            <v1:ssin>18100808031</v1:ssin>
            <v1:emittingPartner>0457419435</v1:emittingPartner>
            <v1:language>NL</v1:language>
            <v1:forceCreation>false</v1:forceCreation>
         </v1:request>
      </v1:createCardRequest>
   </soapenv:Body>
</soapenv:Envelope>]]></con:request><con:credentials><con:selectedAuthProfile>Basic</con:selectedAuthProfile><con:addedBasicAuthenticationTypes>Basic</con:addedBasicAuthenticationTypes><con:authType>Global HTTP Settings</con:authType></con:credentials><con:jmsConfig JMSDeliveryMode="PERSISTENT"/><con:jmsPropertyConfig/><con:wsaConfig mustUnderstand="NONE" version="200508" action="http://fidus.brussels/services/europeandisabilitycardservice/createCard"/><con:wsrmConfig version="1.2"/></con:call><con:call id="9eba0f97-7e81-4693-8821-78cf3485f659" name="03 - Test - External - CBE_NotValid_EmittingPartner - Request" outgoingWss="Outflow TEST" incomingWss="Inflow TEST"><con:settings><con:setting id="com.eviware.soapui.impl.wsdl.WsdlRequest@request-headers">&lt;xml-fragment/></con:setting></con:settings><con:encoding>UTF-8</con:encoding><con:endpoint>https://192.168.24.17:8443/services/EuropeanDisabilityCardService_v1.0</con:endpoint><con:request><![CDATA[<soapenv:Envelope xmlns:soapenv="http://schemas.xmlsoap.org/soap/envelope/" xmlns:v1="http://fidus.brussels/service/europeandisabilitycardservice/messages/v1" xmlns:v11="http://fidus.brussels/type/common/messages/v1">
   <soapenv:Header/>
   <soapenv:Body>
      <v1:createCardRequest>
         <v1:messageContext>
            <v11:messageId>${=import static java.util.UUID.randomUUID; uuid = randomUUID() as String}</v11:messageId>
            <!--Optional:-->
            <v11:timestamp>${=new java.text.SimpleDateFormat("yyyy-MM-dd'T'HH:mm:ss.SSS").format(new Date())}</v11:timestamp>
         </v1:messageContext>
         <v1:legalContext>ServiceIntegrator</v1:legalContext>
         <v1:request>
            <v1:ssin>50081133058</v1:ssin>
            <v1:emittingPartner>0887164275</v1:emittingPartner>
            <v1:language>NL</v1:language>
            <v1:forceCreation>false</v1:forceCreation>
         </v1:request>
      </v1:createCardRequest>
   </soapenv:Body>
</soapenv:Envelope>]]></con:request><con:credentials><con:selectedAuthProfile>Basic</con:selectedAuthProfile><con:addedBasicAuthenticationTypes>Basic</con:addedBasicAuthenticationTypes><con:authType>Global HTTP Settings</con:authType></con:credentials><con:jmsConfig JMSDeliveryMode="PERSISTENT"/><con:jmsPropertyConfig/><con:wsaConfig mustUnderstand="NONE" version="200508" action="http://fidus.brussels/services/europeandisabilitycardservice/createCard"/><con:wsrmConfig version="1.2"/></con:call><con:call id="6d237178-295d-4ab5-9687-37e15608dafa" name="03 - Test - External - ActiveCard_Other_EmittingPartner - Request" outgoingWss="Outflow TEST" incomingWss="Inflow TEST"><con:settings><con:setting id="com.eviware.soapui.impl.wsdl.WsdlRequest@request-headers">&lt;xml-fragment/></con:setting></con:settings><con:encoding>UTF-8</con:encoding><con:endpoint>https://192.168.24.17:8443/services/EuropeanDisabilityCardService_v1.0</con:endpoint><con:request><![CDATA[<soapenv:Envelope xmlns:soapenv="http://schemas.xmlsoap.org/soap/envelope/" xmlns:v1="http://fidus.brussels/service/europeandisabilitycardservice/messages/v1" xmlns:v11="http://fidus.brussels/type/common/messages/v1">
   <soapenv:Header/>
   <soapenv:Body>
      <v1:createCardRequest>
         <v1:messageContext>
            <v11:messageId>${=import static java.util.UUID.randomUUID; uuid = randomUUID() as String}</v11:messageId>
            <!--Optional:-->
            <v11:timestamp>${=new java.text.SimpleDateFormat("yyyy-MM-dd'T'HH:mm:ss.SSS").format(new Date())}</v11:timestamp>
         </v1:messageContext>
         <v1:legalContext>ServiceIntegrator</v1:legalContext>
         <v1:request>
            <v1:ssin>50081133058</v1:ssin>
            <v1:emittingPartner>0457419435</v1:emittingPartner>
            <v1:language>NL</v1:language>
            <v1:forceCreation>false</v1:forceCreation>
         </v1:request>
      </v1:createCardRequest>
   </soapenv:Body>
</soapenv:Envelope>]]></con:request><con:credentials><con:selectedAuthProfile>Basic</con:selectedAuthProfile><con:addedBasicAuthenticationTypes>Basic</con:addedBasicAuthenticationTypes><con:authType>Global HTTP Settings</con:authType></con:credentials><con:jmsConfig JMSDeliveryMode="PERSISTENT"/><con:jmsPropertyConfig/><con:wsaConfig mustUnderstand="NONE" version="200508" action="http://fidus.brussels/services/europeandisabilitycardservice/createCard"/><con:wsrmConfig version="1.2"/></con:call><con:call id="f64d5a6f-b444-43e0-b63d-36e2dd0ccd33" name="03 - Test - External - CreateCard - Request" outgoingWss="Outflow TEST" incomingWss="Inflow TEST"><con:settings><con:setting id="com.eviware.soapui.impl.wsdl.WsdlRequest@request-headers">&lt;xml-fragment/></con:setting></con:settings><con:encoding>UTF-8</con:encoding><con:endpoint>https://192.168.24.17:8443/services/EuropeanDisabilityCardService_v1.0</con:endpoint><con:request><![CDATA[<soapenv:Envelope xmlns:soapenv="http://schemas.xmlsoap.org/soap/envelope/" xmlns:v1="http://fidus.brussels/service/europeandisabilitycardservice/messages/v1" xmlns:v11="http://fidus.brussels/type/common/messages/v1">
   <soapenv:Header/>
   <soapenv:Body>
      <v1:createCardRequest>
         <v1:messageContext>
            <v11:messageId>${=import static java.util.UUID.randomUUID; uuid = randomUUID() as String}</v11:messageId>
            <!--Optional:-->
            <v11:timestamp>${=new java.text.SimpleDateFormat("yyyy-MM-dd'T'HH:mm:ss.SSS").format(new Date())}</v11:timestamp>
         </v1:messageContext>
         <v1:legalContext>ServiceIntegrator</v1:legalContext>
         <v1:request>
            <v1:ssin>91040526866</v1:ssin>
            <v1:emittingPartner>0457419435</v1:emittingPartner>
            <v1:language>NL</v1:language>
            <v1:forceCreation>true</v1:forceCreation>
         </v1:request>
      </v1:createCardRequest>
   </soapenv:Body>
</soapenv:Envelope>]]></con:request><con:credentials><con:selectedAuthProfile>Basic</con:selectedAuthProfile><con:addedBasicAuthenticationTypes>Basic</con:addedBasicAuthenticationTypes><con:authType>Global HTTP Settings</con:authType></con:credentials><con:jmsConfig JMSDeliveryMode="PERSISTENT"/><con:jmsPropertyConfig/><con:wsaConfig mustUnderstand="NONE" version="200508" action="http://fidus.brussels/services/europeandisabilitycardservice/createCard"/><con:wsrmConfig version="1.2"/></con:call><con:call id="6ef4bdb7-8f72-446a-9595-565ee38a3227" name="03 - Test - External - CreateNewCard_CardActive - Request" outgoingWss="Outflow TEST" incomingWss="Inflow TEST"><con:settings><con:setting id="com.eviware.soapui.impl.wsdl.WsdlRequest@request-headers">&lt;xml-fragment/></con:setting></con:settings><con:encoding>UTF-8</con:encoding><con:endpoint>https://192.168.24.17:8443/services/EuropeanDisabilityCardService_v1.0</con:endpoint><con:request><![CDATA[<soapenv:Envelope xmlns:soapenv="http://schemas.xmlsoap.org/soap/envelope/" xmlns:v1="http://fidus.brussels/service/europeandisabilitycardservice/messages/v1" xmlns:v11="http://fidus.brussels/type/common/messages/v1">
   <soapenv:Header/>
   <soapenv:Body>
      <v1:createCardRequest>
         <v1:messageContext>
            <v11:messageId>${=import static java.util.UUID.randomUUID; uuid = randomUUID() as String}</v11:messageId>
            <!--Optional:-->
            <v11:timestamp>${=new java.text.SimpleDateFormat("yyyy-MM-dd'T'HH:mm:ss.SSS").format(new Date())}</v11:timestamp>
         </v1:messageContext>
         <v1:legalContext>ServiceIntegrator</v1:legalContext>
         <v1:request>
            <v1:ssin>84010118405</v1:ssin>
            <v1:emittingPartner>0457419435</v1:emittingPartner>
            <v1:language>NL</v1:language>
            <v1:forceCreation>false</v1:forceCreation>
         </v1:request>
      </v1:createCardRequest>
   </soapenv:Body>
</soapenv:Envelope>]]></con:request><con:credentials><con:selectedAuthProfile>Basic</con:selectedAuthProfile><con:addedBasicAuthenticationTypes>Basic</con:addedBasicAuthenticationTypes><con:authType>Global HTTP Settings</con:authType></con:credentials><con:jmsConfig JMSDeliveryMode="PERSISTENT"/><con:jmsPropertyConfig/><con:wsaConfig mustUnderstand="NONE" version="200508" action="http://fidus.brussels/services/europeandisabilitycardservice/createCard"/><con:wsrmConfig version="1.2"/></con:call><con:call id="fe9b588f-1123-4911-8004-0e40ba5e78c1" name="03 - Test - External - ForceCreateNewCard - Request" outgoingWss="Outflow TEST" incomingWss="Inflow TEST"><con:settings><con:setting id="com.eviware.soapui.impl.wsdl.WsdlRequest@request-headers">&lt;xml-fragment/></con:setting></con:settings><con:encoding>UTF-8</con:encoding><con:endpoint>https://192.168.24.17:8443/services/EuropeanDisabilityCardService_v1.0</con:endpoint><con:request><![CDATA[<soapenv:Envelope xmlns:soapenv="http://schemas.xmlsoap.org/soap/envelope/" xmlns:v1="http://fidus.brussels/service/europeandisabilitycardservice/messages/v1" xmlns:v11="http://fidus.brussels/type/common/messages/v1">
   <soapenv:Header/>
   <soapenv:Body>
      <v1:createCardRequest>
         <v1:messageContext>
            <v11:messageId>${=import static java.util.UUID.randomUUID; uuid = randomUUID() as String}</v11:messageId>
            <!--Optional:-->
            <v11:timestamp>${=new java.text.SimpleDateFormat("yyyy-MM-dd'T'HH:mm:ss.SSS").format(new Date())}</v11:timestamp>
         </v1:messageContext>
         <v1:legalContext>ServiceIntegrator</v1:legalContext>
         <v1:request>
            <v1:ssin>50081133058</v1:ssin>
            <v1:emittingPartner>0457419435</v1:emittingPartner>
            <v1:language>NL</v1:language>
            <v1:forceCreation>true</v1:forceCreation>
         </v1:request>
      </v1:createCardRequest>
   </soapenv:Body>
</soapenv:Envelope>]]></con:request><con:credentials><con:selectedAuthProfile>Basic</con:selectedAuthProfile><con:addedBasicAuthenticationTypes>Basic</con:addedBasicAuthenticationTypes><con:authType>Global HTTP Settings</con:authType></con:credentials><con:jmsConfig JMSDeliveryMode="PERSISTENT"/><con:jmsPropertyConfig/><con:wsaConfig mustUnderstand="NONE" version="200508" action="http://fidus.brussels/services/europeandisabilitycardservice/createCard"/><con:wsrmConfig version="1.2"/></con:call><con:call id="e77998c9-bd48-4492-8e90-548fd19a46bb" name="03 - Test - External - 30.ForceCreateNewCard - Request" outgoingWss="Outflow TEST" incomingWss="Inflow TEST"><con:settings><con:setting id="com.eviware.soapui.impl.wsdl.WsdlRequest@request-headers">&lt;xml-fragment/></con:setting></con:settings><con:encoding>UTF-8</con:encoding><con:endpoint>https://192.168.24.17:8443/services/EuropeanDisabilityCardService_v1.0</con:endpoint><con:request><![CDATA[<soapenv:Envelope xmlns:soapenv="http://schemas.xmlsoap.org/soap/envelope/" xmlns:v1="http://fidus.brussels/service/europeandisabilitycardservice/messages/v1" xmlns:v11="http://fidus.brussels/type/common/messages/v1">
   <soapenv:Header/>
   <soapenv:Body>
      <v1:createCardRequest>
         <v1:messageContext>
            <v11:messageId>${=import static java.util.UUID.randomUUID; uuid = randomUUID() as String}</v11:messageId>
            <!--Optional:-->
            <v11:timestamp>${=new java.text.SimpleDateFormat("yyyy-MM-dd'T'HH:mm:ss.SSS").format(new Date())}</v11:timestamp>
         </v1:messageContext>
         <v1:legalContext>ServiceIntegrator</v1:legalContext>
         <v1:request>
            <v1:ssin>67052624133</v1:ssin>
            <v1:emittingPartner>0457419435</v1:emittingPartner>
            <v1:language>NL</v1:language>
            <v1:forceCreation>true</v1:forceCreation>
         </v1:request>
      </v1:createCardRequest>
   </soapenv:Body>
</soapenv:Envelope>]]></con:request><con:credentials><con:selectedAuthProfile>Basic</con:selectedAuthProfile><con:addedBasicAuthenticationTypes>Basic</con:addedBasicAuthenticationTypes><con:authType>Global HTTP Settings</con:authType></con:credentials><con:jmsConfig JMSDeliveryMode="PERSISTENT"/><con:jmsPropertyConfig/><con:wsaConfig mustUnderstand="NONE" version="200508" action="http://fidus.brussels/services/europeandisabilitycardservice/createCard"/><con:wsrmConfig version="1.2"/></con:call><con:call id="fe7bfacc-e00b-497c-8e90-e5e72a744638" name="03 - Test - External - 31.CreateCard_CancelledCard - Request" outgoingWss="Outflow TEST" incomingWss="Inflow TEST"><con:settings><con:setting id="com.eviware.soapui.impl.wsdl.WsdlRequest@request-headers">&lt;xml-fragment/></con:setting></con:settings><con:encoding>UTF-8</con:encoding><con:endpoint>https://192.168.24.17:8443/services/EuropeanDisabilityCardService_v1.0</con:endpoint><con:request><![CDATA[<soapenv:Envelope xmlns:soapenv="http://schemas.xmlsoap.org/soap/envelope/" xmlns:v1="http://fidus.brussels/service/europeandisabilitycardservice/messages/v1" xmlns:v11="http://fidus.brussels/type/common/messages/v1">
   <soapenv:Header/>
   <soapenv:Body>
      <v1:createCardRequest>
         <v1:messageContext>
            <v11:messageId>${=import static java.util.UUID.randomUUID; uuid = randomUUID() as String}</v11:messageId>
            <!--Optional:-->
            <v11:timestamp>${=new java.text.SimpleDateFormat("yyyy-MM-dd'T'HH:mm:ss.SSS").format(new Date())}</v11:timestamp>
         </v1:messageContext>
         <v1:legalContext>ServiceIntegrator</v1:legalContext>
         <v1:request>
            <v1:ssin>64061324572</v1:ssin>
            <v1:emittingPartner>0457419435</v1:emittingPartner>
            <v1:language>NL</v1:language>
            <v1:forceCreation>false</v1:forceCreation>
         </v1:request>
      </v1:createCardRequest>
   </soapenv:Body>
</soapenv:Envelope>]]></con:request><con:credentials><con:selectedAuthProfile>Basic</con:selectedAuthProfile><con:addedBasicAuthenticationTypes>Basic</con:addedBasicAuthenticationTypes><con:authType>Global HTTP Settings</con:authType></con:credentials><con:jmsConfig JMSDeliveryMode="PERSISTENT"/><con:jmsPropertyConfig/><con:wsaConfig mustUnderstand="NONE" version="200508" action="http://fidus.brussels/services/europeandisabilitycardservice/createCard"/><con:wsrmConfig version="1.2"/></con:call><con:call id="5f3d0e79-621d-45c5-ac71-5dfde32a0e13" name="03 - Test - External - 32.ForcedCreateCard_ActiveCard - Request" outgoingWss="Outflow TEST" incomingWss="Inflow TEST"><con:settings><con:setting id="com.eviware.soapui.impl.wsdl.WsdlRequest@request-headers">&lt;xml-fragment/></con:setting></con:settings><con:encoding>UTF-8</con:encoding><con:endpoint>https://192.168.24.17:8443/services/EuropeanDisabilityCardService_v1.0</con:endpoint><con:request><![CDATA[<soapenv:Envelope xmlns:soapenv="http://schemas.xmlsoap.org/soap/envelope/" xmlns:v1="http://fidus.brussels/service/europeandisabilitycardservice/messages/v1" xmlns:v11="http://fidus.brussels/type/common/messages/v1">
   <soapenv:Header/>
   <soapenv:Body>
      <v1:createCardRequest>
         <v1:messageContext>
            <v11:messageId>${=import static java.util.UUID.randomUUID; uuid = randomUUID() as String}</v11:messageId>
            <!--Optional:-->
            <v11:timestamp>${=new java.text.SimpleDateFormat("yyyy-MM-dd'T'HH:mm:ss.SSS").format(new Date())}</v11:timestamp>
         </v1:messageContext>
         <v1:legalContext>ServiceIntegrator</v1:legalContext>
         <v1:request>
            <v1:ssin>64061324572</v1:ssin>
            <v1:emittingPartner>0457419435</v1:emittingPartner>
            <v1:language>NL</v1:language>
            <v1:forceCreation>true</v1:forceCreation>
         </v1:request>
      </v1:createCardRequest>
   </soapenv:Body>
</soapenv:Envelope>]]></con:request><con:credentials><con:selectedAuthProfile>Basic</con:selectedAuthProfile><con:addedBasicAuthenticationTypes>Basic</con:addedBasicAuthenticationTypes><con:authType>Global HTTP Settings</con:authType></con:credentials><con:jmsConfig JMSDeliveryMode="PERSISTENT"/><con:jmsPropertyConfig/><con:wsaConfig mustUnderstand="NONE" version="200508" action="http://fidus.brussels/services/europeandisabilitycardservice/createCard"/><con:wsrmConfig version="1.2"/></con:call><con:call id="f5bbcbf2-0cce-4f32-8650-0a9e6eb0f7b4" name="04 - Staging - External - Request" outgoingWss="Outflow STAGING" incomingWss="Inflow STAGING"><con:settings><con:setting id="com.eviware.soapui.impl.wsdl.WsdlRequest@request-headers">&lt;xml-fragment/></con:setting></con:settings><con:encoding>UTF-8</con:encoding><con:endpoint>https://fidus.sec.brussels/services/EuropeanDisabilityCardService_v1.0</con:endpoint><con:request><![CDATA[<soapenv:Envelope xmlns:soapenv="http://schemas.xmlsoap.org/soap/envelope/" xmlns:v1="http://fidus.brussels/service/europeandisabilitycardservice/messages/v1" xmlns:v11="http://fidus.brussels/type/common/messages/v1">
   <soapenv:Header/>
   <soapenv:Body>
      <v1:createCardRequest>
         <v1:messageContext>
            <v11:messageId>${=import static java.util.UUID.randomUUID; uuid = randomUUID() as String}</v11:messageId>
            <!--Optional:-->
            <v11:timestamp>${=new java.text.SimpleDateFormat("yyyy-MM-dd'T'HH:mm:ss.SSS").format(new Date())}</v11:timestamp>
         </v1:messageContext>
         <v1:legalContext>ServiceIntegrator</v1:legalContext>
         <v1:request>
            <v1:ssin>67052624133</v1:ssin>
            <v1:emittingPartner>0457419435</v1:emittingPartner>
            <v1:language>NL</v1:language>
            <v1:forceCreation>true</v1:forceCreation>
         </v1:request>
      </v1:createCardRequest>
   </soapenv:Body>
</soapenv:Envelope>]]></con:request><con:credentials><con:selectedAuthProfile>Basic</con:selectedAuthProfile><con:addedBasicAuthenticationTypes>Basic</con:addedBasicAuthenticationTypes><con:authType>Global HTTP Settings</con:authType></con:credentials><con:jmsConfig JMSDeliveryMode="PERSISTENT"/><con:jmsPropertyConfig/><con:wsaConfig mustUnderstand="NONE" version="200508" action="http://fidus.brussels/services/europeandisabilitycardservice/createCard"/><con:wsrmConfig version="1.2"/></con:call><con:call id="eb2e523a-1f19-4247-9972-c64cf9d8c031" name="04 - Staging - LB - Request" outgoingWss="Outflow STAGING" incomingWss="Inflow STAGING"><con:settings><con:setting id="com.eviware.soapui.impl.wsdl.WsdlRequest@request-headers">&lt;xml-fragment/></con:setting></con:settings><con:encoding>UTF-8</con:encoding><con:endpoint>https://fidus-esb-sg.prd.srv.cirb.lan:8443/services/EuropeanDisabilityCardService_v1.0</con:endpoint><con:request><![CDATA[<soapenv:Envelope xmlns:soapenv="http://schemas.xmlsoap.org/soap/envelope/" xmlns:v1="http://fidus.brussels/service/europeandisabilitycardservice/messages/v1" xmlns:v11="http://fidus.brussels/type/common/messages/v1">
   <soapenv:Header/>
   <soapenv:Body>
      <v1:createCardRequest>
         <v1:messageContext>
            <v11:messageId>${=import static java.util.UUID.randomUUID; uuid = randomUUID() as String}</v11:messageId>
            <!--Optional:-->
            <v11:timestamp>${=new java.text.SimpleDateFormat("yyyy-MM-dd'T'HH:mm:ss.SSS").format(new Date())}</v11:timestamp>
         </v1:messageContext>
         <v1:legalContext>ServiceIntegrator</v1:legalContext>
         <v1:request>
            <v1:ssin>91040526866</v1:ssin>
            <v1:emittingPartner>0457419435</v1:emittingPartner>
            <v1:language>NL</v1:language>
            <v1:forceCreation>true</v1:forceCreation>
         </v1:request>
      </v1:createCardRequest>
   </soapenv:Body>
</soapenv:Envelope>]]></con:request><con:credentials><con:selectedAuthProfile>Basic</con:selectedAuthProfile><con:addedBasicAuthenticationTypes>Basic</con:addedBasicAuthenticationTypes><con:authType>Global HTTP Settings</con:authType></con:credentials><con:jmsConfig JMSDeliveryMode="PERSISTENT"/><con:jmsPropertyConfig/><con:wsaConfig mustUnderstand="NONE" version="200508" action="http://fidus.brussels/services/europeandisabilitycardservice/createCard"/><con:wsrmConfig version="1.2"/></con:call><con:call id="6b98ae3d-4d80-496f-9911-736b4360d371" name="04 - Staging - Worker1 - Request" outgoingWss="Outflow STAGING" incomingWss="Inflow STAGING"><con:settings><con:setting id="com.eviware.soapui.impl.wsdl.WsdlRequest@request-headers">&lt;xml-fragment/></con:setting></con:settings><con:encoding>UTF-8</con:encoding><con:endpoint>https://192.168.26.22:8443/services/EuropeanDisabilityCardService_v1.0</con:endpoint><con:request><![CDATA[<soapenv:Envelope xmlns:soapenv="http://schemas.xmlsoap.org/soap/envelope/" xmlns:v1="http://fidus.brussels/service/europeandisabilitycardservice/messages/v1" xmlns:v11="http://fidus.brussels/type/common/messages/v1">
   <soapenv:Header/>
   <soapenv:Body>
      <v1:createCardRequest>
         <v1:messageContext>
            <v11:messageId>${=import static java.util.UUID.randomUUID; uuid = randomUUID() as String}</v11:messageId>
            <!--Optional:-->
            <v11:timestamp>${=new java.text.SimpleDateFormat("yyyy-MM-dd'T'HH:mm:ss.SSS").format(new Date())}</v11:timestamp>
         </v1:messageContext>
         <v1:legalContext>ServiceIntegrator</v1:legalContext>
         <v1:request>
            <v1:ssin>84010118405</v1:ssin>
            <v1:emittingPartner>0457419435</v1:emittingPartner>
            <v1:language>NL</v1:language>
            <v1:forceCreation>true</v1:forceCreation>
         </v1:request>
      </v1:createCardRequest>
   </soapenv:Body>
</soapenv:Envelope>]]></con:request><con:credentials><con:selectedAuthProfile>Basic</con:selectedAuthProfile><con:addedBasicAuthenticationTypes>Basic</con:addedBasicAuthenticationTypes><con:authType>Global HTTP Settings</con:authType></con:credentials><con:jmsConfig JMSDeliveryMode="PERSISTENT"/><con:jmsPropertyConfig/><con:wsaConfig mustUnderstand="NONE" version="200508" action="http://fidus.brussels/services/europeandisabilitycardservice/createCard"/><con:wsrmConfig version="1.2"/></con:call><con:call id="a865192d-74bb-4b6c-92e2-4c11fd6db23b" name="04 - Staging - Worker2 - Request" outgoingWss="Outflow STAGING" incomingWss="Inflow STAGING"><con:settings><con:setting id="com.eviware.soapui.impl.wsdl.WsdlRequest@request-headers">&lt;xml-fragment/></con:setting></con:settings><con:encoding>UTF-8</con:encoding><con:endpoint>https://192.168.24.17:8443/services/EuropeanDisabilityCardService_v1.0</con:endpoint><con:request><![CDATA[<soapenv:Envelope xmlns:soapenv="http://schemas.xmlsoap.org/soap/envelope/" xmlns:v1="http://fidus.brussels/service/europeandisabilitycardservice/messages/v1" xmlns:v11="http://fidus.brussels/type/common/messages/v1">
   <soapenv:Header/>
   <soapenv:Body>
      <v1:createCardRequest>
         <v1:messageContext>
            <v11:messageId>${=import static java.util.UUID.randomUUID; uuid = randomUUID() as String}</v11:messageId>
            <!--Optional:-->
            <v11:timestamp>${=new java.text.SimpleDateFormat("yyyy-MM-dd'T'HH:mm:ss.SSS").format(new Date())}</v11:timestamp>
         </v1:messageContext>
         <v1:legalContext>ServiceIntegrator</v1:legalContext>
         <v1:request>
            <v1:ssin>50081133058</v1:ssin>
            <v1:emittingPartner>0457419435</v1:emittingPartner>
            <v1:language>NL</v1:language>
            <v1:forceCreation>true</v1:forceCreation>
         </v1:request>
      </v1:createCardRequest>
   </soapenv:Body>
</soapenv:Envelope>]]></con:request><con:credentials><con:selectedAuthProfile>Basic</con:selectedAuthProfile><con:addedBasicAuthenticationTypes>Basic</con:addedBasicAuthenticationTypes><con:authType>Global HTTP Settings</con:authType></con:credentials><con:jmsConfig JMSDeliveryMode="PERSISTENT"/><con:jmsPropertyConfig/><con:wsaConfig mustUnderstand="NONE" version="200508" action="http://fidus.brussels/services/europeandisabilitycardservice/createCard"/><con:wsrmConfig version="1.2"/></con:call></con:operation><con:operation id="2155c4dd-83f4-48d8-ba73-5b04b1d21219" isOneWay="false" action="http://fidus.brussels/services/europeandisabilitycardservice/stopOrCancelCard" name="stopOrCancelCard" bindingOperationName="stopOrCancelCard" type="Request-Response" inputName="" receivesAttachments="false" sendsAttachments="false" anonymous="optional"><con:settings/><con:call id="3d816efe-5310-4bbd-bb4c-707dfadaff2b" name="01 - Local - Request" outgoingWss="Outflow DEV" incomingWss="Inflow DEV"><con:settings><con:setting id="com.eviware.soapui.impl.wsdl.WsdlRequest@request-headers">&lt;xml-fragment/></con:setting></con:settings><con:encoding>UTF-8</con:encoding><con:endpoint>https://localhost:8243/services/EuropeanDisabilityCardService_v1.0</con:endpoint><con:request><![CDATA[<soapenv:Envelope xmlns:soapenv="http://schemas.xmlsoap.org/soap/envelope/" xmlns:v1="http://fidus.brussels/service/europeandisabilitycardservice/messages/v1" xmlns:v11="http://fidus.brussels/type/common/messages/v1">
   <soapenv:Header/>
   <soapenv:Body>
      <v1:stopOrCancelCardRequest>
         <v1:messageContext>
            <v11:messageId>${=import static java.util.UUID.randomUUID; uuid = randomUUID() as String}</v11:messageId>
            <!--Optional:-->
            <v11:timestamp>${=new java.text.SimpleDateFormat("yyyy-MM-dd'T'HH:mm:ss.SSS").format(new Date())}</v11:timestamp>
         </v1:messageContext>
         <v1:legalContext>ServiceIntegrator</v1:legalContext>
         <v1:request>            
            <v1:cardNumber>10000000115</v1:cardNumber>
            <v1:emittingPartner>0646877855</v1:emittingPartner>
         </v1:request>
      </v1:stopOrCancelCardRequest>
   </soapenv:Body>
</soapenv:Envelope>]]></con:request><con:credentials><con:selectedAuthProfile>Basic</con:selectedAuthProfile><con:addedBasicAuthenticationTypes>Basic</con:addedBasicAuthenticationTypes><con:authType>Global HTTP Settings</con:authType></con:credentials><con:jmsConfig JMSDeliveryMode="PERSISTENT"/><con:jmsPropertyConfig/><con:wsaConfig mustUnderstand="NONE" version="200508" action="http://fidus.brussels/services/europeandisabilitycardservice/stopOrCancelCard"/><con:wsrmConfig version="1.2"/></con:call><con:call id="4da60873-fcdd-44fe-9121-301c21e5f74e" name="02 - DEV - Request" outgoingWss="Outflow DEV" incomingWss="Inflow DEV"><con:settings><con:setting id="com.eviware.soapui.impl.wsdl.WsdlRequest@request-headers">&lt;xml-fragment/></con:setting></con:settings><con:encoding>UTF-8</con:encoding><con:endpoint>https://192.168.36.61:8243/services/EuropeanDisabilityCardService_v1.0</con:endpoint><con:request><![CDATA[<soapenv:Envelope xmlns:soapenv="http://schemas.xmlsoap.org/soap/envelope/" xmlns:v1="http://fidus.brussels/service/europeandisabilitycardservice/messages/v1" xmlns:v11="http://fidus.brussels/type/common/messages/v1">
   <soapenv:Header/>
   <soapenv:Body>
      <v1:stopOrCancelCardRequest>
         <v1:messageContext>
            <v11:messageId>${=import static java.util.UUID.randomUUID; uuid = randomUUID() as String}</v11:messageId>
            <!--Optional:-->
            <v11:timestamp>${=new java.text.SimpleDateFormat("yyyy-MM-dd'T'HH:mm:ss.SSS").format(new Date())}</v11:timestamp>
         </v1:messageContext>
         <v1:legalContext>ServiceIntegrator</v1:legalContext>
         <v1:request>            
            <v1:cardNumber>10000000115</v1:cardNumber>
            <v1:emittingPartner>0646877855</v1:emittingPartner>
         </v1:request>
      </v1:stopOrCancelCardRequest>
   </soapenv:Body>
</soapenv:Envelope>]]></con:request><con:credentials><con:selectedAuthProfile>Basic</con:selectedAuthProfile><con:addedBasicAuthenticationTypes>Basic</con:addedBasicAuthenticationTypes><con:authType>Global HTTP Settings</con:authType></con:credentials><con:jmsConfig JMSDeliveryMode="PERSISTENT"/><con:jmsPropertyConfig/><con:wsaConfig mustUnderstand="NONE" version="200508" action="http://fidus.brussels/services/europeandisabilitycardservice/stopOrCancelCard"/><con:wsrmConfig version="1.2"/></con:call><con:call id="56b57445-8c2f-4e78-82dc-4a74e8f0df3c" name="03 - Test - External - 35.CBE_NoValidEmittingPartner - Request" outgoingWss="Outflow TEST" incomingWss="Inflow TEST"><con:settings><con:setting id="com.eviware.soapui.impl.wsdl.WsdlRequest@request-headers">&lt;xml-fragment/></con:setting></con:settings><con:encoding>UTF-8</con:encoding><con:endpoint>https://192.168.24.17:8443/services/EuropeanDisabilityCardService_v1.0</con:endpoint><con:request><![CDATA[<soapenv:Envelope xmlns:soapenv="http://schemas.xmlsoap.org/soap/envelope/" xmlns:v1="http://fidus.brussels/service/europeandisabilitycardservice/messages/v1" xmlns:v11="http://fidus.brussels/type/common/messages/v1">
   <soapenv:Header/>
   <soapenv:Body>
      <v1:stopOrCancelCardRequest>
         <v1:messageContext>
            <v11:messageId>${=import static java.util.UUID.randomUUID; uuid = randomUUID() as String}</v11:messageId>
            <!--Optional:-->
            <v11:timestamp>${=new java.text.SimpleDateFormat("yyyy-MM-dd'T'HH:mm:ss.SSS").format(new Date())}</v11:timestamp>
         </v1:messageContext>
         <v1:legalContext>ServiceIntegrator</v1:legalContext>
         <v1:request>            
            <v1:cardNumber>10000000115</v1:cardNumber>
            <v1:emittingPartner>0646877855</v1:emittingPartner>
         </v1:request>
      </v1:stopOrCancelCardRequest>
   </soapenv:Body>
</soapenv:Envelope>]]></con:request><con:credentials><con:selectedAuthProfile>Basic</con:selectedAuthProfile><con:addedBasicAuthenticationTypes>Basic</con:addedBasicAuthenticationTypes><con:authType>Global HTTP Settings</con:authType></con:credentials><con:jmsConfig JMSDeliveryMode="PERSISTENT"/><con:jmsPropertyConfig/><con:wsaConfig mustUnderstand="NONE" version="200508" action="http://fidus.brussels/services/europeandisabilitycardservice/stopOrCancelCard"/><con:wsrmConfig version="1.2"/></con:call><con:call id="c3ae21bf-e446-4212-8a45-33dfe0c496ba" name="03 - Test - LB - Request" outgoingWss="Outflow TEST" incomingWss="Inflow TEST"><con:settings><con:setting id="com.eviware.soapui.impl.wsdl.WsdlRequest@request-headers">&lt;xml-fragment/></con:setting></con:settings><con:encoding>UTF-8</con:encoding><con:endpoint>https://esb-security-gw.sta.srv.cirb.lan:8443/services/EuropeanDisabilityCardService_v1.0</con:endpoint><con:request><![CDATA[<soapenv:Envelope xmlns:soapenv="http://schemas.xmlsoap.org/soap/envelope/" xmlns:v1="http://fidus.brussels/service/europeandisabilitycardservice/messages/v1" xmlns:v11="http://fidus.brussels/type/common/messages/v1">
   <soapenv:Header/>
   <soapenv:Body>
      <v1:stopOrCancelCardRequest>
         <v1:messageContext>
            <v11:messageId>${=import static java.util.UUID.randomUUID; uuid = randomUUID() as String}</v11:messageId>
            <!--Optional:-->
            <v11:timestamp>${=new java.text.SimpleDateFormat("yyyy-MM-dd'T'HH:mm:ss.SSS").format(new Date())}</v11:timestamp>
         </v1:messageContext>
         <v1:legalContext>ServiceIntegrator</v1:legalContext>
         <v1:request>            
            <v1:cardNumber>10000000115</v1:cardNumber>
            <v1:emittingPartner>0646877855</v1:emittingPartner>
         </v1:request>
      </v1:stopOrCancelCardRequest>
   </soapenv:Body>
</soapenv:Envelope>]]></con:request><con:credentials><con:selectedAuthProfile>Basic</con:selectedAuthProfile><con:addedBasicAuthenticationTypes>Basic</con:addedBasicAuthenticationTypes><con:authType>Global HTTP Settings</con:authType></con:credentials><con:jmsConfig JMSDeliveryMode="PERSISTENT"/><con:jmsPropertyConfig/><con:wsaConfig mustUnderstand="NONE" version="200508" action="http://fidus.brussels/services/europeandisabilitycardservice/stopOrCancelCard"/><con:wsrmConfig version="1.2"/></con:call><con:call id="45278b4e-e9a0-445b-804f-4b0d91b6b7a0" name="03 - Test - Worker1 - Request" outgoingWss="Outflow TEST" incomingWss="Inflow TEST"><con:settings><con:setting id="com.eviware.soapui.impl.wsdl.WsdlRequest@request-headers">&lt;xml-fragment/></con:setting></con:settings><con:encoding>UTF-8</con:encoding><con:endpoint>https://192.168.22.53:8443/services/EuropeanDisabilityCardService_v1.0</con:endpoint><con:request><![CDATA[<soapenv:Envelope xmlns:soapenv="http://schemas.xmlsoap.org/soap/envelope/" xmlns:v1="http://fidus.brussels/service/europeandisabilitycardservice/messages/v1" xmlns:v11="http://fidus.brussels/type/common/messages/v1">
   <soapenv:Header/>
   <soapenv:Body>
      <v1:stopOrCancelCardRequest>
         <v1:messageContext>
            <v11:messageId>${=import static java.util.UUID.randomUUID; uuid = randomUUID() as String}</v11:messageId>
            <!--Optional:-->
            <v11:timestamp>${=new java.text.SimpleDateFormat("yyyy-MM-dd'T'HH:mm:ss.SSS").format(new Date())}</v11:timestamp>
         </v1:messageContext>
         <v1:legalContext>ServiceIntegrator</v1:legalContext>
         <v1:request>            
            <v1:cardNumber>10000000115</v1:cardNumber>
            <v1:emittingPartner>0646877855</v1:emittingPartner>
         </v1:request>
      </v1:stopOrCancelCardRequest>
   </soapenv:Body>
</soapenv:Envelope>]]></con:request><con:credentials><con:selectedAuthProfile>Basic</con:selectedAuthProfile><con:addedBasicAuthenticationTypes>Basic</con:addedBasicAuthenticationTypes><con:authType>Global HTTP Settings</con:authType></con:credentials><con:jmsConfig JMSDeliveryMode="PERSISTENT"/><con:jmsPropertyConfig/><con:wsaConfig mustUnderstand="NONE" version="200508" action="http://fidus.brussels/services/europeandisabilitycardservice/stopOrCancelCard"/><con:wsrmConfig version="1.2"/></con:call><con:call id="70ea471d-af7b-4b50-92ea-a914841eeb35" name="03 - Test - Worker2 - Request" outgoingWss="Outflow TEST" incomingWss="Inflow DEV"><con:settings><con:setting id="com.eviware.soapui.impl.wsdl.WsdlRequest@request-headers">&lt;xml-fragment/></con:setting></con:settings><con:encoding>UTF-8</con:encoding><con:endpoint>https://192.168.22.54:8443/services/EuropeanDisabilityCardService_v1.0</con:endpoint><con:request><![CDATA[<soapenv:Envelope xmlns:soapenv="http://schemas.xmlsoap.org/soap/envelope/" xmlns:v1="http://fidus.brussels/service/europeandisabilitycardservice/messages/v1" xmlns:v11="http://fidus.brussels/type/common/messages/v1">
   <soapenv:Header/>
   <soapenv:Body>
      <v1:stopOrCancelCardRequest>
         <v1:messageContext>
            <v11:messageId>${=import static java.util.UUID.randomUUID; uuid = randomUUID() as String}</v11:messageId>
            <!--Optional:-->
            <v11:timestamp>${=new java.text.SimpleDateFormat("yyyy-MM-dd'T'HH:mm:ss.SSS").format(new Date())}</v11:timestamp>
         </v1:messageContext>
         <v1:legalContext>ServiceIntegrator</v1:legalContext>
         <v1:request>            
            <v1:cardNumber>10000000115</v1:cardNumber>
            <v1:emittingPartner>0646877855</v1:emittingPartner>
         </v1:request>
      </v1:stopOrCancelCardRequest>
   </soapenv:Body>
</soapenv:Envelope>]]></con:request><con:credentials><con:selectedAuthProfile>Basic</con:selectedAuthProfile><con:addedBasicAuthenticationTypes>Basic</con:addedBasicAuthenticationTypes><con:authType>Global HTTP Settings</con:authType></con:credentials><con:jmsConfig JMSDeliveryMode="PERSISTENT"/><con:jmsPropertyConfig/><con:wsaConfig mustUnderstand="NONE" version="200508" action="http://fidus.brussels/services/europeandisabilitycardservice/stopOrCancelCard"/><con:wsrmConfig version="1.2"/></con:call><con:call id="bfb53259-3617-4e68-aa0b-0b74856776ed" name="Request 1"><con:settings/><con:encoding>UTF-8</con:encoding><con:endpoint>http://fidus.brussels/services/europeandisabilitycardservice/v1</con:endpoint><con:request><![CDATA[<soapenv:Envelope xmlns:soapenv="http://schemas.xmlsoap.org/soap/envelope/" xmlns:v1="http://fidus.brussels/service/europeandisabilitycardservice/messages/v1" xmlns:v11="http://fidus.brussels/type/common/messages/v1">
   <soapenv:Header/>
   <soapenv:Body>
      <v1:stopOrCancelCardRequest>
         <v1:messageContext>
            <v11:messageId>?</v11:messageId>
            <!--Optional:-->
            <v11:timestamp>?</v11:timestamp>
         </v1:messageContext>
         <v1:legalContext>?</v1:legalContext>
         <v1:request>
            <v1:cardNumber>?</v1:cardNumber>
            <v1:emittingPartner>?</v1:emittingPartner>
         </v1:request>
      </v1:stopOrCancelCardRequest>
   </soapenv:Body>
</soapenv:Envelope>]]></con:request><con:wsaConfig mustUnderstand="NONE" version="200508" action="http://fidus.brussels/services/europeandisabilitycardservice/stopOrCancelCard"/></con:call><con:call id="1e3b5981-ded2-49ee-bd4b-27705dfc15f2" name="03 - Test - External - 36.Cardnr_notExist - Request" outgoingWss="Outflow TEST" incomingWss="Inflow TEST"><con:settings><con:setting id="com.eviware.soapui.impl.wsdl.WsdlRequest@request-headers">&lt;xml-fragment/></con:setting></con:settings><con:encoding>UTF-8</con:encoding><con:endpoint>https://192.168.24.17:8443/services/EuropeanDisabilityCardService_v1.0</con:endpoint><con:request><![CDATA[<soapenv:Envelope xmlns:soapenv="http://schemas.xmlsoap.org/soap/envelope/" xmlns:v1="http://fidus.brussels/service/europeandisabilitycardservice/messages/v1" xmlns:v11="http://fidus.brussels/type/common/messages/v1">
   <soapenv:Header/>
   <soapenv:Body>
      <v1:stopOrCancelCardRequest>
         <v1:messageContext>
            <v11:messageId>${=import static java.util.UUID.randomUUID; uuid = randomUUID() as String}</v11:messageId>
            <!--Optional:-->
            <v11:timestamp>${=new java.text.SimpleDateFormat("yyyy-MM-dd'T'HH:mm:ss.SSS").format(new Date())}</v11:timestamp>
         </v1:messageContext>
         <v1:legalContext>ServiceIntegrator</v1:legalContext>
         <v1:request>            
            <v1:cardNumber>10000008726</v1:cardNumber>
            <v1:emittingPartner>0457419435</v1:emittingPartner>
         </v1:request>
      </v1:stopOrCancelCardRequest>
   </soapenv:Body>
</soapenv:Envelope>]]></con:request><con:credentials><con:selectedAuthProfile>Basic</con:selectedAuthProfile><con:addedBasicAuthenticationTypes>Basic</con:addedBasicAuthenticationTypes><con:authType>Global HTTP Settings</con:authType></con:credentials><con:jmsConfig JMSDeliveryMode="PERSISTENT"/><con:jmsPropertyConfig/><con:wsaConfig mustUnderstand="NONE" version="200508" action="http://fidus.brussels/services/europeandisabilitycardservice/stopOrCancelCard"/><con:wsrmConfig version="1.2"/></con:call><con:call id="de82a032-cacc-42d3-8cbe-b3a5e0217f55" name="03 - Test - External - CancelledCard - Request" outgoingWss="Outflow TEST" incomingWss="Inflow TEST"><con:settings><con:setting id="com.eviware.soapui.impl.wsdl.WsdlRequest@request-headers">&lt;xml-fragment/></con:setting></con:settings><con:encoding>UTF-8</con:encoding><con:endpoint>https://192.168.24.17:8443/services/EuropeanDisabilityCardService_v1.0</con:endpoint><con:request><![CDATA[<soapenv:Envelope xmlns:soapenv="http://schemas.xmlsoap.org/soap/envelope/" xmlns:v1="http://fidus.brussels/service/europeandisabilitycardservice/messages/v1" xmlns:v11="http://fidus.brussels/type/common/messages/v1">
   <soapenv:Header/>
   <soapenv:Body>
      <v1:stopOrCancelCardRequest>
         <v1:messageContext>
            <v11:messageId>${=import static java.util.UUID.randomUUID; uuid = randomUUID() as String}</v11:messageId>
            <!--Optional:-->
            <v11:timestamp>${=new java.text.SimpleDateFormat("yyyy-MM-dd'T'HH:mm:ss.SSS").format(new Date())}</v11:timestamp>
         </v1:messageContext>
         <v1:legalContext>ServiceIntegrator</v1:legalContext>
         <v1:request>            
            <v1:cardNumber>10000018426</v1:cardNumber>
            <v1:emittingPartner>0457419435</v1:emittingPartner>
         </v1:request>
      </v1:stopOrCancelCardRequest>
   </soapenv:Body>
</soapenv:Envelope>]]></con:request><con:credentials><con:selectedAuthProfile>Basic</con:selectedAuthProfile><con:addedBasicAuthenticationTypes>Basic</con:addedBasicAuthenticationTypes><con:authType>Global HTTP Settings</con:authType></con:credentials><con:jmsConfig JMSDeliveryMode="PERSISTENT"/><con:jmsPropertyConfig/><con:wsaConfig mustUnderstand="NONE" version="200508" action="http://fidus.brussels/services/europeandisabilitycardservice/stopOrCancelCard"/><con:wsrmConfig version="1.2"/></con:call><con:call id="7d113f2e-f82a-4b40-abd7-506d451d268a" name="03 - Test - External - Cancel_ActiveCard - Request" outgoingWss="Outflow TEST" incomingWss="Inflow TEST"><con:settings><con:setting id="com.eviware.soapui.impl.wsdl.WsdlRequest@request-headers">&lt;xml-fragment/></con:setting></con:settings><con:encoding>UTF-8</con:encoding><con:endpoint>https://192.168.24.17:8443/services/EuropeanDisabilityCardService_v1.0</con:endpoint><con:request><![CDATA[<soapenv:Envelope xmlns:soapenv="http://schemas.xmlsoap.org/soap/envelope/" xmlns:v1="http://fidus.brussels/service/europeandisabilitycardservice/messages/v1" xmlns:v11="http://fidus.brussels/type/common/messages/v1">
   <soapenv:Header/>
   <soapenv:Body>
      <v1:stopOrCancelCardRequest>
         <v1:messageContext>
            <v11:messageId>${=import static java.util.UUID.randomUUID; uuid = randomUUID() as String}</v11:messageId>
            <!--Optional:-->
            <v11:timestamp>${=new java.text.SimpleDateFormat("yyyy-MM-dd'T'HH:mm:ss.SSS").format(new Date())}</v11:timestamp>
         </v1:messageContext>
         <v1:legalContext>ServiceIntegrator</v1:legalContext>
         <v1:request>            
            <v1:cardNumber>10000018921</v1:cardNumber>
            <v1:emittingPartner>0457419435</v1:emittingPartner>
         </v1:request>
      </v1:stopOrCancelCardRequest>
   </soapenv:Body>
</soapenv:Envelope>]]></con:request><con:credentials><con:selectedAuthProfile>Basic</con:selectedAuthProfile><con:addedBasicAuthenticationTypes>Basic</con:addedBasicAuthenticationTypes><con:authType>Global HTTP Settings</con:authType></con:credentials><con:jmsConfig JMSDeliveryMode="PERSISTENT"/><con:jmsPropertyConfig/><con:wsaConfig mustUnderstand="NONE" version="200508" action="http://fidus.brussels/services/europeandisabilitycardservice/stopOrCancelCard"/><con:wsrmConfig version="1.2"/></con:call><con:call id="d4b6801c-7426-4ae5-b29f-8dec6d7219c0" name="03 - Test - External - 37.Cancel_CancelledCard - Request" outgoingWss="Outflow TEST" incomingWss="Inflow TEST"><con:settings><con:setting id="com.eviware.soapui.impl.wsdl.WsdlRequest@request-headers">&lt;xml-fragment/></con:setting></con:settings><con:encoding>UTF-8</con:encoding><con:endpoint>https://192.168.24.17:8443/services/EuropeanDisabilityCardService_v1.0</con:endpoint><con:request><![CDATA[<soapenv:Envelope xmlns:soapenv="http://schemas.xmlsoap.org/soap/envelope/" xmlns:v1="http://fidus.brussels/service/europeandisabilitycardservice/messages/v1" xmlns:v11="http://fidus.brussels/type/common/messages/v1">
   <soapenv:Header/>
   <soapenv:Body>
      <v1:stopOrCancelCardRequest>
         <v1:messageContext>
            <v11:messageId>${=import static java.util.UUID.randomUUID; uuid = randomUUID() as String}</v11:messageId>
            <!--Optional:-->
            <v11:timestamp>${=new java.text.SimpleDateFormat("yyyy-MM-dd'T'HH:mm:ss.SSS").format(new Date())}</v11:timestamp>
         </v1:messageContext>
         <v1:legalContext>ServiceIntegrator</v1:legalContext>
         <v1:request>            
            <v1:cardNumber>10000007142</v1:cardNumber>
            <v1:emittingPartner>0457419435</v1:emittingPartner>
         </v1:request>
      </v1:stopOrCancelCardRequest>
   </soapenv:Body>
</soapenv:Envelope>]]></con:request><con:credentials><con:selectedAuthProfile>Basic</con:selectedAuthProfile><con:addedBasicAuthenticationTypes>Basic</con:addedBasicAuthenticationTypes><con:authType>Global HTTP Settings</con:authType></con:credentials><con:jmsConfig JMSDeliveryMode="PERSISTENT"/><con:jmsPropertyConfig/><con:wsaConfig mustUnderstand="NONE" version="200508" action="http://fidus.brussels/services/europeandisabilitycardservice/stopOrCancelCard"/><con:wsrmConfig version="1.2"/></con:call><con:call id="f83c917a-2c13-4897-a2cf-de1eb8d6654f" name="03 - Test - External - 38.Cancel_ActiveCard - Request" outgoingWss="Outflow TEST" incomingWss="Inflow TEST"><con:settings><con:setting id="com.eviware.soapui.impl.wsdl.WsdlRequest@request-headers">&lt;xml-fragment/></con:setting></con:settings><con:encoding>UTF-8</con:encoding><con:endpoint>https://192.168.24.17:8443/services/EuropeanDisabilityCardService_v1.0</con:endpoint><con:request><![CDATA[<soapenv:Envelope xmlns:soapenv="http://schemas.xmlsoap.org/soap/envelope/" xmlns:v1="http://fidus.brussels/service/europeandisabilitycardservice/messages/v1" xmlns:v11="http://fidus.brussels/type/common/messages/v1">
   <soapenv:Header/>
   <soapenv:Body>
      <v1:stopOrCancelCardRequest>
         <v1:messageContext>
            <v11:messageId>${=import static java.util.UUID.randomUUID; uuid = randomUUID() as String}</v11:messageId>
            <!--Optional:-->
            <v11:timestamp>${=new java.text.SimpleDateFormat("yyyy-MM-dd'T'HH:mm:ss.SSS").format(new Date())}</v11:timestamp>
         </v1:messageContext>
         <v1:legalContext>ServiceIntegrator</v1:legalContext>
         <v1:request>            
            <v1:cardNumber>10000033965</v1:cardNumber>
            <v1:emittingPartner>0457419435</v1:emittingPartner>
         </v1:request>
      </v1:stopOrCancelCardRequest>
   </soapenv:Body>
</soapenv:Envelope>]]></con:request><con:credentials><con:selectedAuthProfile>Basic</con:selectedAuthProfile><con:addedBasicAuthenticationTypes>Basic</con:addedBasicAuthenticationTypes><con:authType>Global HTTP Settings</con:authType></con:credentials><con:jmsConfig JMSDeliveryMode="PERSISTENT"/><con:jmsPropertyConfig/><con:wsaConfig mustUnderstand="NONE" version="200508" action="http://fidus.brussels/services/europeandisabilitycardservice/stopOrCancelCard"/><con:wsrmConfig version="1.2"/></con:call><con:call id="bfc53a24-bf0c-4d65-b9fb-e7230174a8ae" name="03 - Test - External - 39.CloseCard_inProcessing - Request" outgoingWss="Outflow TEST" incomingWss="Inflow TEST"><con:settings><con:setting id="com.eviware.soapui.impl.wsdl.WsdlRequest@request-headers">&lt;xml-fragment/></con:setting></con:settings><con:encoding>UTF-8</con:encoding><con:endpoint>https://192.168.24.17:8443/services/EuropeanDisabilityCardService_v1.0</con:endpoint><con:request><![CDATA[<soapenv:Envelope xmlns:soapenv="http://schemas.xmlsoap.org/soap/envelope/" xmlns:v1="http://fidus.brussels/service/europeandisabilitycardservice/messages/v1" xmlns:v11="http://fidus.brussels/type/common/messages/v1">
   <soapenv:Header/>
   <soapenv:Body>
      <v1:stopOrCancelCardRequest>
         <v1:messageContext>
            <v11:messageId>${=import static java.util.UUID.randomUUID; uuid = randomUUID() as String}</v11:messageId>
            <!--Optional:-->
            <v11:timestamp>${=new java.text.SimpleDateFormat("yyyy-MM-dd'T'HH:mm:ss.SSS").format(new Date())}</v11:timestamp>
         </v1:messageContext>
         <v1:legalContext>ServiceIntegrator</v1:legalContext>
         <v1:request>            
            <v1:cardNumber>84081632545</v1:cardNumber>
            <v1:emittingPartner>0457419435</v1:emittingPartner>
         </v1:request>
      </v1:stopOrCancelCardRequest>
   </soapenv:Body>
</soapenv:Envelope>]]></con:request><con:credentials><con:selectedAuthProfile>Basic</con:selectedAuthProfile><con:addedBasicAuthenticationTypes>Basic</con:addedBasicAuthenticationTypes><con:authType>Global HTTP Settings</con:authType></con:credentials><con:jmsConfig JMSDeliveryMode="PERSISTENT"/><con:jmsPropertyConfig/><con:wsaConfig mustUnderstand="NONE" version="200508" action="http://fidus.brussels/services/europeandisabilitycardservice/stopOrCancelCard"/><con:wsrmConfig version="1.2"/></con:call><con:call id="1eaf074b-0a0b-47c8-be6c-bd9fd7829abf" name="03 - Test - External - 40.CloseCard_in_SENT - Request" outgoingWss="Outflow TEST" incomingWss="Inflow TEST"><con:settings><con:setting id="com.eviware.soapui.impl.wsdl.WsdlRequest@request-headers">&lt;xml-fragment/></con:setting></con:settings><con:encoding>UTF-8</con:encoding><con:endpoint>https://192.168.24.17:8443/services/EuropeanDisabilityCardService_v1.0</con:endpoint><con:request><![CDATA[<soapenv:Envelope xmlns:soapenv="http://schemas.xmlsoap.org/soap/envelope/" xmlns:v1="http://fidus.brussels/service/europeandisabilitycardservice/messages/v1" xmlns:v11="http://fidus.brussels/type/common/messages/v1">
   <soapenv:Header/>
   <soapenv:Body>
      <v1:stopOrCancelCardRequest>
         <v1:messageContext>
            <v11:messageId>${=import static java.util.UUID.randomUUID; uuid = randomUUID() as String}</v11:messageId>
            <!--Optional:-->
            <v11:timestamp>${=new java.text.SimpleDateFormat("yyyy-MM-dd'T'HH:mm:ss.SSS").format(new Date())}</v11:timestamp>
         </v1:messageContext>
         <v1:legalContext>ServiceIntegrator</v1:legalContext>
         <v1:request>            
            <v1:cardNumber>10000012981</v1:cardNumber>
            <v1:emittingPartner>0457419435</v1:emittingPartner>
         </v1:request>
      </v1:stopOrCancelCardRequest>
   </soapenv:Body>
</soapenv:Envelope>]]></con:request><con:credentials><con:selectedAuthProfile>Basic</con:selectedAuthProfile><con:addedBasicAuthenticationTypes>Basic</con:addedBasicAuthenticationTypes><con:authType>Global HTTP Settings</con:authType></con:credentials><con:jmsConfig JMSDeliveryMode="PERSISTENT"/><con:jmsPropertyConfig/><con:wsaConfig mustUnderstand="NONE" version="200508" action="http://fidus.brussels/services/europeandisabilitycardservice/stopOrCancelCard"/><con:wsrmConfig version="1.2"/></con:call><con:call id="ec3df565-421d-460c-aa4e-8506b737d3e3" name="03 - Test - External - 41.CloseCard_OtherEmittingPartner - Request" outgoingWss="Outflow TEST" incomingWss="Inflow TEST"><con:settings><con:setting id="com.eviware.soapui.impl.wsdl.WsdlRequest@request-headers">&lt;xml-fragment/></con:setting></con:settings><con:encoding>UTF-8</con:encoding><con:endpoint>https://192.168.24.17:8443/services/EuropeanDisabilityCardService_v1.0</con:endpoint><con:request><![CDATA[<soapenv:Envelope xmlns:soapenv="http://schemas.xmlsoap.org/soap/envelope/" xmlns:v1="http://fidus.brussels/service/europeandisabilitycardservice/messages/v1" xmlns:v11="http://fidus.brussels/type/common/messages/v1">
   <soapenv:Header/>
   <soapenv:Body>
      <v1:stopOrCancelCardRequest>
         <v1:messageContext>
            <v11:messageId>${=import static java.util.UUID.randomUUID; uuid = randomUUID() as String}</v11:messageId>
            <!--Optional:-->
            <v11:timestamp>${=new java.text.SimpleDateFormat("yyyy-MM-dd'T'HH:mm:ss.SSS").format(new Date())}</v11:timestamp>
         </v1:messageContext>
         <v1:legalContext>ServiceIntegrator</v1:legalContext>
         <v1:request>            
            <v1:cardNumber>10000012090</v1:cardNumber>
            <v1:emittingPartner>0457419435</v1:emittingPartner>
         </v1:request>
      </v1:stopOrCancelCardRequest>
   </soapenv:Body>
</soapenv:Envelope>]]></con:request><con:credentials><con:selectedAuthProfile>Basic</con:selectedAuthProfile><con:addedBasicAuthenticationTypes>Basic</con:addedBasicAuthenticationTypes><con:authType>Global HTTP Settings</con:authType></con:credentials><con:jmsConfig JMSDeliveryMode="PERSISTENT"/><con:jmsPropertyConfig/><con:wsaConfig mustUnderstand="NONE" version="200508" action="http://fidus.brussels/services/europeandisabilitycardservice/stopOrCancelCard"/><con:wsrmConfig version="1.2"/></con:call><con:call id="ebd500fa-bb64-40b4-91b8-2ee9e7210d5b" name="03 - Test - External - 42.CloseCard_Invalid_CardNumber - Request" outgoingWss="Outflow TEST" incomingWss="Inflow TEST"><con:settings><con:setting id="com.eviware.soapui.impl.wsdl.WsdlRequest@request-headers">&lt;xml-fragment/></con:setting></con:settings><con:encoding>UTF-8</con:encoding><con:endpoint>https://192.168.24.17:8443/services/EuropeanDisabilityCardService_v1.0</con:endpoint><con:request><![CDATA[<soapenv:Envelope xmlns:soapenv="http://schemas.xmlsoap.org/soap/envelope/" xmlns:v1="http://fidus.brussels/service/europeandisabilitycardservice/messages/v1" xmlns:v11="http://fidus.brussels/type/common/messages/v1">
   <soapenv:Header/>
   <soapenv:Body>
      <v1:stopOrCancelCardRequest>
         <v1:messageContext>
            <v11:messageId>${=import static java.util.UUID.randomUUID; uuid = randomUUID() as String}</v11:messageId>
            <!--Optional:-->
            <v11:timestamp>${=new java.text.SimpleDateFormat("yyyy-MM-dd'T'HH:mm:ss.SSS").format(new Date())}</v11:timestamp>
         </v1:messageContext>
         <v1:legalContext>ServiceIntegrator</v1:legalContext>
         <v1:request>            
            <v1:cardNumber>13081340449</v1:cardNumber>
            <v1:emittingPartner>0457419435</v1:emittingPartner>
         </v1:request>
      </v1:stopOrCancelCardRequest>
   </soapenv:Body>
</soapenv:Envelope>]]></con:request><con:credentials><con:selectedAuthProfile>Basic</con:selectedAuthProfile><con:addedBasicAuthenticationTypes>Basic</con:addedBasicAuthenticationTypes><con:authType>Global HTTP Settings</con:authType></con:credentials><con:jmsConfig JMSDeliveryMode="PERSISTENT"/><con:jmsPropertyConfig/><con:wsaConfig mustUnderstand="NONE" version="200508" action="http://fidus.brussels/services/europeandisabilitycardservice/stopOrCancelCard"/><con:wsrmConfig version="1.2"/></con:call><con:call id="51d8af9b-6240-4eab-8cdb-75491af2e753" name="04 - Staging - External - Request" outgoingWss="Outflow STAGING" incomingWss="Inflow STAGING"><con:settings><con:setting id="com.eviware.soapui.impl.wsdl.WsdlRequest@request-headers">&lt;xml-fragment/></con:setting></con:settings><con:encoding>UTF-8</con:encoding><con:endpoint>https://fidus.sec.brussels/services/EuropeanDisabilityCardService_v1.0</con:endpoint><con:request><![CDATA[<soapenv:Envelope xmlns:soapenv="http://schemas.xmlsoap.org/soap/envelope/" xmlns:v1="http://fidus.brussels/service/europeandisabilitycardservice/messages/v1" xmlns:v11="http://fidus.brussels/type/common/messages/v1">
   <soapenv:Header/>
   <soapenv:Body>
      <v1:stopOrCancelCardRequest>
         <v1:messageContext>
            <v11:messageId>${=import static java.util.UUID.randomUUID; uuid = randomUUID() as String}</v11:messageId>
            <!--Optional:-->
            <v11:timestamp>${=new java.text.SimpleDateFormat("yyyy-MM-dd'T'HH:mm:ss.SSS").format(new Date())}</v11:timestamp>
         </v1:messageContext>
         <v1:legalContext>ServiceIntegrator</v1:legalContext>
         <v1:request>            
            <v1:cardNumber>20000009732</v1:cardNumber>
            <v1:emittingPartner>0457419435</v1:emittingPartner>
         </v1:request>
      </v1:stopOrCancelCardRequest>
   </soapenv:Body>
</soapenv:Envelope>]]></con:request><con:credentials><con:selectedAuthProfile>Basic</con:selectedAuthProfile><con:addedBasicAuthenticationTypes>Basic</con:addedBasicAuthenticationTypes><con:authType>Global HTTP Settings</con:authType></con:credentials><con:jmsConfig JMSDeliveryMode="PERSISTENT"/><con:jmsPropertyConfig/><con:wsaConfig mustUnderstand="NONE" version="200508" action="http://fidus.brussels/services/europeandisabilitycardservice/stopOrCancelCard"/><con:wsrmConfig version="1.2"/></con:call><con:call id="15dca2e8-ac19-4035-8d0b-6d15efecee5e" name="04 - Staging - LB - Request" outgoingWss="Outflow STAGING" incomingWss="Inflow STAGING"><con:settings><con:setting id="com.eviware.soapui.impl.wsdl.WsdlRequest@request-headers">&lt;xml-fragment/></con:setting></con:settings><con:encoding>UTF-8</con:encoding><con:endpoint>https://fidus-esb-sg.prd.srv.cirb.lan:8443/services/EuropeanDisabilityCardService_v1.0</con:endpoint><con:request><![CDATA[<soapenv:Envelope xmlns:soapenv="http://schemas.xmlsoap.org/soap/envelope/" xmlns:v1="http://fidus.brussels/service/europeandisabilitycardservice/messages/v1" xmlns:v11="http://fidus.brussels/type/common/messages/v1">
   <soapenv:Header/>
   <soapenv:Body>
      <v1:stopOrCancelCardRequest>
         <v1:messageContext>
            <v11:messageId>${=import static java.util.UUID.randomUUID; uuid = randomUUID() as String}</v11:messageId>
            <!--Optional:-->
            <v11:timestamp>${=new java.text.SimpleDateFormat("yyyy-MM-dd'T'HH:mm:ss.SSS").format(new Date())}</v11:timestamp>
         </v1:messageContext>
         <v1:legalContext>ServiceIntegrator</v1:legalContext>
         <v1:request>            
            <v1:cardNumber>20000009534</v1:cardNumber>
            <v1:emittingPartner>0457419435</v1:emittingPartner>
         </v1:request>
      </v1:stopOrCancelCardRequest>
   </soapenv:Body>
</soapenv:Envelope>]]></con:request><con:credentials><con:selectedAuthProfile>Basic</con:selectedAuthProfile><con:addedBasicAuthenticationTypes>Basic</con:addedBasicAuthenticationTypes><con:authType>Global HTTP Settings</con:authType></con:credentials><con:jmsConfig JMSDeliveryMode="PERSISTENT"/><con:jmsPropertyConfig/><con:wsaConfig mustUnderstand="NONE" version="200508" action="http://fidus.brussels/services/europeandisabilitycardservice/stopOrCancelCard"/><con:wsrmConfig version="1.2"/></con:call><con:call id="fab4aecf-9076-4306-aab7-f6c426422704" name="04 - Staging - Worker1 - Request" outgoingWss="Outflow STAGING" incomingWss="Inflow STAGING"><con:settings><con:setting id="com.eviware.soapui.impl.wsdl.WsdlRequest@request-headers">&lt;xml-fragment/></con:setting></con:settings><con:encoding>UTF-8</con:encoding><con:endpoint>https://192.168.26.22:8443/services/EuropeanDisabilityCardService_v1.0</con:endpoint><con:request><![CDATA[<soapenv:Envelope xmlns:soapenv="http://schemas.xmlsoap.org/soap/envelope/" xmlns:v1="http://fidus.brussels/service/europeandisabilitycardservice/messages/v1" xmlns:v11="http://fidus.brussels/type/common/messages/v1">
   <soapenv:Header/>
   <soapenv:Body>
      <v1:stopOrCancelCardRequest>
         <v1:messageContext>
            <v11:messageId>${=import static java.util.UUID.randomUUID; uuid = randomUUID() as String}</v11:messageId>
            <!--Optional:-->
            <v11:timestamp>${=new java.text.SimpleDateFormat("yyyy-MM-dd'T'HH:mm:ss.SSS").format(new Date())}</v11:timestamp>
         </v1:messageContext>
         <v1:legalContext>ServiceIntegrator</v1:legalContext>
         <v1:request>            
            <v1:cardNumber>20000009633</v1:cardNumber>
            <v1:emittingPartner>0457419435</v1:emittingPartner>
         </v1:request>
      </v1:stopOrCancelCardRequest>
   </soapenv:Body>
</soapenv:Envelope>]]></con:request><con:credentials><con:selectedAuthProfile>Basic</con:selectedAuthProfile><con:addedBasicAuthenticationTypes>Basic</con:addedBasicAuthenticationTypes><con:authType>Global HTTP Settings</con:authType></con:credentials><con:jmsConfig JMSDeliveryMode="PERSISTENT"/><con:jmsPropertyConfig/><con:wsaConfig mustUnderstand="NONE" version="200508" action="http://fidus.brussels/services/europeandisabilitycardservice/stopOrCancelCard"/><con:wsrmConfig version="1.2"/></con:call><con:call id="2692289a-3248-422d-8d3d-3ae4070f14ce" name="04 - Staging - Worker2 - Request" outgoingWss="Outflow STAGING" incomingWss="Inflow STAGING"><con:settings><con:setting id="com.eviware.soapui.impl.wsdl.WsdlRequest@request-headers">&lt;xml-fragment/></con:setting></con:settings><con:encoding>UTF-8</con:encoding><con:endpoint>https://192.168.24.17:8443/services/EuropeanDisabilityCardService_v1.0</con:endpoint><con:request><![CDATA[<soapenv:Envelope xmlns:soapenv="http://schemas.xmlsoap.org/soap/envelope/" xmlns:v1="http://fidus.brussels/service/europeandisabilitycardservice/messages/v1" xmlns:v11="http://fidus.brussels/type/common/messages/v1">
   <soapenv:Header/>
   <soapenv:Body>
      <v1:stopOrCancelCardRequest>
         <v1:messageContext>
            <v11:messageId>${=import static java.util.UUID.randomUUID; uuid = randomUUID() as String}</v11:messageId>
            <!--Optional:-->
            <v11:timestamp>${=new java.text.SimpleDateFormat("yyyy-MM-dd'T'HH:mm:ss.SSS").format(new Date())}</v11:timestamp>
         </v1:messageContext>
         <v1:legalContext>ServiceIntegrator</v1:legalContext>
         <v1:request>            
            <v1:cardNumber>20000009435</v1:cardNumber>
            <v1:emittingPartner>0457419435</v1:emittingPartner>
         </v1:request>
      </v1:stopOrCancelCardRequest>
   </soapenv:Body>
</soapenv:Envelope>]]></con:request><con:credentials><con:selectedAuthProfile>Basic</con:selectedAuthProfile><con:addedBasicAuthenticationTypes>Basic</con:addedBasicAuthenticationTypes><con:authType>Global HTTP Settings</con:authType></con:credentials><con:jmsConfig JMSDeliveryMode="PERSISTENT"/><con:jmsPropertyConfig/><con:wsaConfig mustUnderstand="NONE" version="200508" action="http://fidus.brussels/services/europeandisabilitycardservice/stopOrCancelCard"/><con:wsrmConfig version="1.2"/></con:call></con:operation></con:interface><con:testSuite id="0ce79c57-82b4-4822-9bc4-b88b79316681" name="DEV"><con:settings/><con:runType>SEQUENTIAL</con:runType><con:testCase id="ebfde46f-78a1-499d-bec3-1a4fd036022d" failOnError="true" failTestCaseOnErrors="true" keepSession="false" maxResults="0" name="consultActiveCards" searchProperties="true"><con:settings/><con:testStep type="request" id="4c39934f-7ccb-4134-b23a-a8d7fe1c2a26" name="testcase02- DEV - Request"><con:settings/><con:config xsi:type="con:RequestStep" xmlns:xsi="http://www.w3.org/2001/XMLSchema-instance"><con:interface>EuropeanDisabilityCardServiceHTTPBinding</con:interface><con:operation>consultActiveCards</con:operation><con:request name="testcase02- DEV - Request" id="9084d5a0-cb2a-4f43-82fd-946f30a46570" outgoingWss="Outflow DEV"><con:settings/><con:encoding>UTF-8</con:encoding><con:endpoint>https://192.168.36.61:8243/services/EuropeanDisabilityCardService_v1.0</con:endpoint><con:request><![CDATA[<soapenv:Envelope xmlns:soapenv="http://schemas.xmlsoap.org/soap/envelope/" xmlns:v1="http://fidus.brussels/service/europeandisabilitycardservice/messages/v1" xmlns:v11="http://fidus.brussels/type/common/messages/v1">
   <soapenv:Header/>
   <soapenv:Body>
      <v1:consultActiveCardsRequest>         
         <v1:messageContext>
            <v11:messageId>${=import static java.util.UUID.randomUUID; uuid = randomUUID() as String}</v11:messageId>
            <!--Optional:-->
            <v11:timestamp>${=new java.text.SimpleDateFormat("yyyy-MM-dd'T'HH:mm:ss.SSS").format(new Date())}</v11:timestamp>
         </v1:messageContext>
         <v1:legalContext>ServiceIntegrator</v1:legalContext>
         <v1:request>
            <v1:ssin>84072002128</v1:ssin>
            <!--Optional:-->
            <v1:referenceDate>2017-05-01</v1:referenceDate>
         </v1:request>
      </v1:consultActiveCardsRequest>
   </soapenv:Body>
</soapenv:Envelope>]]></con:request><con:assertion type="SOAP Fault Assertion" id="8ea2532d-8b20-440a-941f-74194adcc870" name="Not SOAP Fault"/><con:assertion type="SOAP Response" id="339f95e9-5e43-4203-a7dd-8501785cc6d2" name="SOAP Response"/><con:assertion type="Schema Compliance" id="f5e33065-0d93-40fb-8e28-4822a8ea101f" name="Schema Compliance"><con:configuration/></con:assertion><con:wsaConfig action="http://fidus.brussels/services/europeandisabilitycardservice/consultActiveCards"/></con:request></con:config></con:testStep><con:properties/></con:testCase><con:testCase id="167baf0d-43e9-439f-9e7c-43c14c98f0da" failOnError="true" failTestCaseOnErrors="true" keepSession="false" maxResults="0" name="consultAllCards" searchProperties="true"><con:settings/><con:testStep type="request" id="8f72d0fa-38ce-4740-8d7d-e32f0140d3dc" name="testcase02 - DEV - Request"><con:settings/><con:config xsi:type="con:RequestStep" xmlns:xsi="http://www.w3.org/2001/XMLSchema-instance"><con:interface>EuropeanDisabilityCardServiceHTTPBinding</con:interface><con:operation>consultAllCards</con:operation><con:request name="testcase02 - DEV - Request" id="0b4ee65e-09b2-4735-b011-d17c44019d05" outgoingWss="Outflow DEV"><con:settings/><con:encoding>UTF-8</con:encoding><con:endpoint>https://192.168.36.61:8243/services/EuropeanDisabilityCardService_v1.0</con:endpoint><con:request><![CDATA[<soapenv:Envelope xmlns:soapenv="http://schemas.xmlsoap.org/soap/envelope/" xmlns:v1="http://fidus.brussels/service/europeandisabilitycardservice/messages/v1" xmlns:v11="http://fidus.brussels/type/common/messages/v1">
   <soapenv:Header/>
   <soapenv:Body>
      <v1:consultAllCardsRequest>
         <v1:messageContext>
            <v11:messageId>${=import static java.util.UUID.randomUUID; uuid = randomUUID() as String}</v11:messageId>
            <!--Optional:-->
            <v11:timestamp>${=new java.text.SimpleDateFormat("yyyy-MM-dd'T'HH:mm:ss.SSS").format(new Date())}</v11:timestamp>
         </v1:messageContext>
         <v1:legalContext>ServiceIntegrator</v1:legalContext>
         <v1:request>
            <v1:ssin>84072002128</v1:ssin>
         </v1:request>
      </v1:consultAllCardsRequest>
   </soapenv:Body>
</soapenv:Envelope>]]></con:request><con:assertion type="SOAP Fault Assertion" id="b6d9c178-0c6a-4298-90d4-b737e2dcba37" name="Not SOAP Fault"/><con:assertion type="SOAP Response" id="391c2f15-d738-4ac9-8597-d30dd08fe3be" name="SOAP Response"/><con:assertion type="Schema Compliance" id="e23a9d70-1bfc-4b91-b537-c22080669d57" name="Schema Compliance"><con:configuration/></con:assertion><con:wsaConfig action="http://fidus.brussels/services/europeandisabilitycardservice/consultAllCards"/></con:request></con:config></con:testStep><con:properties/></con:testCase><con:testCase id="125db6c0-1940-49fd-b6b5-fbdada1ffb49" failOnError="true" failTestCaseOnErrors="true" keepSession="false" maxResults="0" name="createCard" searchProperties="true"><con:settings/><con:testStep type="request" id="65515c3c-e7fe-49e0-b707-2987611be501" name="testcase02 - DEV - Request"><con:settings/><con:config xsi:type="con:RequestStep" xmlns:xsi="http://www.w3.org/2001/XMLSchema-instance"><con:interface>EuropeanDisabilityCardServiceHTTPBinding</con:interface><con:operation>createCard</con:operation><con:request name="testcase02 - DEV - Request" id="07131722-18e4-4baf-bc21-3abc7481d44d" outgoingWss="Outflow DEV"><con:settings/><con:encoding>UTF-8</con:encoding><con:endpoint>https://192.168.36.61:8243/services/EuropeanDisabilityCardService_v1.0</con:endpoint><con:request><![CDATA[<soapenv:Envelope xmlns:soapenv="http://schemas.xmlsoap.org/soap/envelope/" xmlns:v1="http://fidus.brussels/service/europeandisabilitycardservice/messages/v1" xmlns:v11="http://fidus.brussels/type/common/messages/v1">
   <soapenv:Header/>
   <soapenv:Body>
      <v1:createCardRequest>
         <v1:messageContext>
            <v11:messageId>${=import static java.util.UUID.randomUUID; uuid = randomUUID() as String}</v11:messageId>
            <!--Optional:-->
            <v11:timestamp>${=new java.text.SimpleDateFormat("yyyy-MM-dd'T'HH:mm:ss.SSS").format(new Date())}</v11:timestamp>
         </v1:messageContext>
         <v1:legalContext>ServiceIntegrator</v1:legalContext>
         <v1:request>
            <v1:ssin>84072002128</v1:ssin>
            <v1:emittingPartner>0646877855</v1:emittingPartner>
            <v1:language>NL</v1:language>
            <v1:forceCreation>true</v1:forceCreation>
         </v1:request>
      </v1:createCardRequest>
   </soapenv:Body>
</soapenv:Envelope>]]></con:request><con:assertion type="SOAP Fault Assertion" id="f443b3e5-ede0-4fe4-80b2-908bf5def316" name="Not SOAP Fault"/><con:assertion type="SOAP Response" id="c0bba7f6-1738-4044-ba10-f46e19ddcafc" name="SOAP Response"/><con:assertion type="Schema Compliance" id="5232bb3f-3f5e-4213-8207-a253d5e98cb5" name="Schema Compliance"><con:configuration/></con:assertion><con:wsaConfig action="http://fidus.brussels/services/europeandisabilitycardservice/createCard"/></con:request></con:config></con:testStep><con:properties/></con:testCase><con:testCase id="cfe9c2aa-de13-4b55-9e15-5c2bca26c6d9" failOnError="true" failTestCaseOnErrors="true" keepSession="false" maxResults="0" name="stopOrCancelCard" searchProperties="true"><con:settings/><con:testStep type="request" id="cc9db436-bff4-4d30-85ae-1282f23a173b" name="testcase02 - DEV - Request"><con:settings/><con:config xsi:type="con:RequestStep" xmlns:xsi="http://www.w3.org/2001/XMLSchema-instance"><con:interface>EuropeanDisabilityCardServiceHTTPBinding</con:interface><con:operation>stopOrCancelCard</con:operation><con:request name="testcase02 - DEV - Request" id="2fdfa967-b162-4fee-91ac-6f47362e46b2" outgoingWss="Outflow DEV"><con:settings/><con:encoding>UTF-8</con:encoding><con:endpoint>https://192.168.36.61:8243/services/EuropeanDisabilityCardService_v1.0</con:endpoint><con:request><![CDATA[<soapenv:Envelope xmlns:soapenv="http://schemas.xmlsoap.org/soap/envelope/" xmlns:v1="http://fidus.brussels/service/europeandisabilitycardservice/messages/v1" xmlns:v11="http://fidus.brussels/type/common/messages/v1">
   <soapenv:Header/>
   <soapenv:Body>
      <v1:stopOrCancelCardRequest>
         <v1:messageContext>
            <v11:messageId>${=import static java.util.UUID.randomUUID; uuid = randomUUID() as String}</v11:messageId>
            <!--Optional:-->
            <v11:timestamp>${=new java.text.SimpleDateFormat("yyyy-MM-dd'T'HH:mm:ss.SSS").format(new Date())}</v11:timestamp>
         </v1:messageContext>
         <v1:legalContext>ServiceIntegrator</v1:legalContext>
         <v1:request>            
            <v1:cardNumber>10000000115</v1:cardNumber>
            <v1:emittingPartner>0646877855</v1:emittingPartner>
         </v1:request>
      </v1:stopOrCancelCardRequest>
   </soapenv:Body>
</soapenv:Envelope>]]></con:request><con:assertion type="SOAP Fault Assertion" id="0d92b315-a4cb-4166-80ff-feaa790cb202" name="Not SOAP Fault"/><con:assertion type="SOAP Response" id="6918600e-2b37-40d3-bc0b-ad98c00cae2e" name="SOAP Response"/><con:assertion type="Schema Compliance" id="dd4cd2fb-19ef-4b22-91ae-32e8c696eafa" name="Schema Compliance"><con:configuration/></con:assertion><con:wsaConfig action="http://fidus.brussels/services/europeandisabilitycardservice/stopOrCancelCard"/></con:request></con:config></con:testStep><con:properties/></con:testCase><con:properties/></con:testSuite><con:testSuite id="217763cf-7001-496f-acdc-0a170a7a4421" name="TEST"><con:settings/><con:runType>SEQUENTIAL</con:runType><con:testCase id="8bf47e26-3d12-4019-a2b7-30131fe49013" failOnError="true" failTestCaseOnErrors="true" keepSession="false" maxResults="0" name="consultActiveCards" searchProperties="true"><con:settings/><con:testStep type="request" id="4ae8a836-ef19-44c5-82db-07d36a4be8de" name="testcase03- Test - External - Request"><con:settings/><con:config xsi:type="con:RequestStep" xmlns:xsi="http://www.w3.org/2001/XMLSchema-instance"><con:interface>EuropeanDisabilityCardServiceHTTPBinding</con:interface><con:operation>consultActiveCards</con:operation><con:request name="testcase03- Test - External - Request" id="254e0fd6-aaac-46c5-90eb-2aa5ecb5bccb" outgoingWss="Outflow TEST"><con:settings/><con:encoding>UTF-8</con:encoding><con:endpoint>https://192.168.24.17:8443/services/EuropeanDisabilityCardService_v1.0</con:endpoint><con:request><![CDATA[<soapenv:Envelope xmlns:soapenv="http://schemas.xmlsoap.org/soap/envelope/" xmlns:v1="http://fidus.brussels/service/europeandisabilitycardservice/messages/v1" xmlns:v11="http://fidus.brussels/type/common/messages/v1">
   <soapenv:Header/>
   <soapenv:Body>
      <v1:consultActiveCardsRequest>         
         <v1:messageContext>
            <v11:messageId>${=import static java.util.UUID.randomUUID; uuid = randomUUID() as String}</v11:messageId>
            <!--Optional:-->
            <v11:timestamp>${=new java.text.SimpleDateFormat("yyyy-MM-dd'T'HH:mm:ss.SSS").format(new Date())}</v11:timestamp>
         </v1:messageContext>
         <v1:legalContext>ServiceIntegrator</v1:legalContext>
         <v1:request>
            <v1:ssin>84072002128</v1:ssin>
            <!--Optional:-->
            <v1:referenceDate>2017-05-01</v1:referenceDate>
         </v1:request>
      </v1:consultActiveCardsRequest>
   </soapenv:Body>
</soapenv:Envelope>]]></con:request><con:assertion type="SOAP Fault Assertion" id="9fd0834e-de78-4a12-b1e2-dc96c4bcf198" name="Not SOAP Fault"/><con:assertion type="SOAP Response" id="a42d20c2-6e04-4303-a40d-7317cac84564" name="SOAP Response"/><con:assertion type="Schema Compliance" id="acad2041-8021-413e-aa30-f541b5639279" name="Schema Compliance"><con:configuration/></con:assertion><con:wsaConfig action="http://fidus.brussels/services/europeandisabilitycardservice/consultActiveCards"/></con:request></con:config></con:testStep><con:testStep type="request" id="cd13969b-4e13-433b-92a3-459cb75ec700" name="testcase03- Test - LB - Request"><con:settings/><con:config xsi:type="con:RequestStep" xmlns:xsi="http://www.w3.org/2001/XMLSchema-instance"><con:interface>EuropeanDisabilityCardServiceHTTPBinding</con:interface><con:operation>consultActiveCards</con:operation><con:request name="testcase03- Test - LB - Request" id="6ef1805f-6d59-4d3c-afad-b0084f04a0dd" outgoingWss="Outflow TEST"><con:settings/><con:encoding>UTF-8</con:encoding><con:endpoint>https://esb-security-gw.sta.srv.cirb.lan:8443/services/EuropeanDisabilityCardService_v1.0</con:endpoint><con:request><![CDATA[<soapenv:Envelope xmlns:soapenv="http://schemas.xmlsoap.org/soap/envelope/" xmlns:v1="http://fidus.brussels/service/europeandisabilitycardservice/messages/v1" xmlns:v11="http://fidus.brussels/type/common/messages/v1">
   <soapenv:Header/>
   <soapenv:Body>
      <v1:consultActiveCardsRequest>         
         <v1:messageContext>
            <v11:messageId>${=import static java.util.UUID.randomUUID; uuid = randomUUID() as String}</v11:messageId>
            <!--Optional:-->
            <v11:timestamp>${=new java.text.SimpleDateFormat("yyyy-MM-dd'T'HH:mm:ss.SSS").format(new Date())}</v11:timestamp>
         </v1:messageContext>
         <v1:legalContext>ServiceIntegrator</v1:legalContext>
         <v1:request>
            <v1:ssin>84072002128</v1:ssin>
            <!--Optional:-->
            <v1:referenceDate>2017-05-01</v1:referenceDate>
         </v1:request>
      </v1:consultActiveCardsRequest>
   </soapenv:Body>
</soapenv:Envelope>]]></con:request><con:assertion type="SOAP Fault Assertion" id="5238b935-5327-4bae-97e3-b7a4840b5910" name="Not SOAP Fault"/><con:assertion type="SOAP Response" id="4d839d48-dbf5-4856-85ae-de82d7812f0a" name="SOAP Response"/><con:assertion type="Schema Compliance" id="26f4a407-dc11-435b-be18-9bbe729c25df" name="Schema Compliance"><con:configuration/></con:assertion><con:wsaConfig action="http://fidus.brussels/services/europeandisabilitycardservice/consultActiveCards"/></con:request></con:config></con:testStep><con:testStep type="request" id="d39a4dd9-b9e4-4bf4-9ac1-11408fbc7a5b" name="testcase03- Test - Worker1 - Request"><con:settings/><con:config xsi:type="con:RequestStep" xmlns:xsi="http://www.w3.org/2001/XMLSchema-instance"><con:interface>EuropeanDisabilityCardServiceHTTPBinding</con:interface><con:operation>consultActiveCards</con:operation><con:request name="testcase03- Test - Worker1 - Request" id="152e897a-af2d-47a4-80c6-c11bce5853a7" outgoingWss="Outflow TEST"><con:settings/><con:encoding>UTF-8</con:encoding><con:endpoint>https://192.168.24.45:8443/services/EuropeanDisabilityCardService_v1.0</con:endpoint><con:request><![CDATA[<soapenv:Envelope xmlns:soapenv="http://schemas.xmlsoap.org/soap/envelope/" xmlns:v1="http://fidus.brussels/service/europeandisabilitycardservice/messages/v1" xmlns:v11="http://fidus.brussels/type/common/messages/v1">
   <soapenv:Header/>
   <soapenv:Body>
      <v1:consultActiveCardsRequest>         
         <v1:messageContext>
            <v11:messageId>${=import static java.util.UUID.randomUUID; uuid = randomUUID() as String}</v11:messageId>
            <!--Optional:-->
            <v11:timestamp>${=new java.text.SimpleDateFormat("yyyy-MM-dd'T'HH:mm:ss.SSS").format(new Date())}</v11:timestamp>
         </v1:messageContext>
         <v1:legalContext>ServiceIntegrator</v1:legalContext>
         <v1:request>
            <v1:ssin>13081340449</v1:ssin>
            <!--<v1:referenceDate>2017-08-09</v1:referenceDate>-->
         </v1:request>
      </v1:consultActiveCardsRequest>
   </soapenv:Body>
</soapenv:Envelope>]]></con:request><con:assertion type="SOAP Fault Assertion" id="9cd14026-6a0f-43cb-8fdc-e20675f20947" name="Not SOAP Fault"/><con:assertion type="SOAP Response" id="f372e4b1-8962-4101-b098-f170ceddd9cb" name="SOAP Response"/><con:assertion type="Schema Compliance" id="5ec8825f-ef06-4372-8e4a-eb4a809885a7" name="Schema Compliance"><con:configuration/></con:assertion><con:wsaConfig action="http://fidus.brussels/services/europeandisabilitycardservice/consultActiveCards"/></con:request></con:config></con:testStep><con:testStep type="request" id="eff40d2d-3de8-4ccf-a747-4c99fc6fb041" name="testcase03- Test - Worker2 - Request"><con:settings/><con:config xsi:type="con:RequestStep" xmlns:xsi="http://www.w3.org/2001/XMLSchema-instance"><con:interface>EuropeanDisabilityCardServiceHTTPBinding</con:interface><con:operation>consultActiveCards</con:operation><con:request name="testcase03- Test - Worker2 - Request" id="e91d25ea-bddd-453b-a759-8f671987a4a6" outgoingWss="Outflow TEST"><con:settings/><con:encoding>UTF-8</con:encoding><con:endpoint>https://192.168.24.51:8443/services/EuropeanDisabilityCardService_v1.0</con:endpoint><con:request><![CDATA[<soapenv:Envelope xmlns:soapenv="http://schemas.xmlsoap.org/soap/envelope/" xmlns:v1="http://fidus.brussels/service/europeandisabilitycardservice/messages/v1" xmlns:v11="http://fidus.brussels/type/common/messages/v1">
   <soapenv:Header/>
   <soapenv:Body>
      <v1:consultActiveCardsRequest>         
         <v1:messageContext>
            <v11:messageId>${=import static java.util.UUID.randomUUID; uuid = randomUUID() as String}</v11:messageId>
            <!--Optional:-->
            <v11:timestamp>${=new java.text.SimpleDateFormat("yyyy-MM-dd'T'HH:mm:ss.SSS").format(new Date())}</v11:timestamp>
         </v1:messageContext>
         <v1:legalContext>ServiceIntegrator</v1:legalContext>
         <v1:request>
            <v1:ssin>84072002128</v1:ssin>
            <!--Optional:-->
            <v1:referenceDate>2017-05-01</v1:referenceDate>
         </v1:request>
      </v1:consultActiveCardsRequest>
   </soapenv:Body>
</soapenv:Envelope>]]></con:request><con:assertion type="SOAP Fault Assertion" id="72819c56-f9ae-4653-9662-e492898e94db" name="Not SOAP Fault"/><con:assertion type="SOAP Response" id="f84f7108-c241-4105-873f-6d408826aa69" name="SOAP Response"/><con:assertion type="Schema Compliance" id="d5ab34e8-94d9-4eee-9420-fd6e82774d38" name="Schema Compliance"><con:configuration/></con:assertion><con:wsaConfig action="http://fidus.brussels/services/europeandisabilitycardservice/consultActiveCards"/></con:request></con:config></con:testStep><con:testStep type="request" id="72dda5c9-12e2-45db-aae7-497b2676627a" name="testcase03- Test - External - ActiveCard@RefDate - Request"><con:settings/><con:config xsi:type="con:RequestStep" xmlns:xsi="http://www.w3.org/2001/XMLSchema-instance"><con:interface>EuropeanDisabilityCardServiceHTTPBinding</con:interface><con:operation>consultActiveCards</con:operation><con:request name="testcase03- Test - External - ActiveCard@RefDate - Request" id="83e1e976-41ac-408c-bf24-edbf0e8ea371" outgoingWss="Outflow TEST"><con:settings/><con:encoding>UTF-8</con:encoding><con:endpoint>https://192.168.24.17:8443/services/EuropeanDisabilityCardService_v1.0</con:endpoint><con:request><![CDATA[<soapenv:Envelope xmlns:soapenv="http://schemas.xmlsoap.org/soap/envelope/" xmlns:v1="http://fidus.brussels/service/europeandisabilitycardservice/messages/v1" xmlns:v11="http://fidus.brussels/type/common/messages/v1">
   <soapenv:Header/>
   <soapenv:Body>
      <v1:consultActiveCardsRequest>         
         <v1:messageContext>
            <v11:messageId>${=import static java.util.UUID.randomUUID; uuid = randomUUID() as String}</v11:messageId>
            <!--Optional:-->
            <v11:timestamp>${=new java.text.SimpleDateFormat("yyyy-MM-dd'T'HH:mm:ss.SSS").format(new Date())}</v11:timestamp>
         </v1:messageContext>
         <v1:legalContext>ServiceIntegrator</v1:legalContext>
         <v1:request>
            <v1:ssin>81040964736</v1:ssin>
            <!--Optional:-->
            <v1:referenceDate>2017-08-09</v1:referenceDate>
         </v1:request>
      </v1:consultActiveCardsRequest>
   </soapenv:Body>
</soapenv:Envelope>]]></con:request><con:assertion type="SOAP Fault Assertion" id="8559d80e-60bf-44b3-a97f-1cefeb11dc32" name="Not SOAP Fault"/><con:assertion type="SOAP Response" id="cdc7bdfa-3f5b-4895-b957-bee6ed444e18" name="SOAP Response"/><con:assertion type="Schema Compliance" id="52b720fe-5262-41d0-8f87-26341c7695c6" name="Schema Compliance"><con:configuration/></con:assertion><con:wsaConfig action="http://fidus.brussels/services/europeandisabilitycardservice/consultActiveCards"/></con:request></con:config></con:testStep><con:testStep type="request" id="5d19f94d-4b46-4cd6-9c03-0c3923d9f867" name="testcase03- Test - External - Card_NotActive@RefDate - Request"><con:settings/><con:config xsi:type="con:RequestStep" xmlns:xsi="http://www.w3.org/2001/XMLSchema-instance"><con:interface>EuropeanDisabilityCardServiceHTTPBinding</con:interface><con:operation>consultActiveCards</con:operation><con:request name="testcase03- Test - External - Card_NotActive@RefDate - Request" id="07eeaec9-146f-4911-9834-52c1e5b0f4e5" outgoingWss="Outflow TEST"><con:settings/><con:encoding>UTF-8</con:encoding><con:endpoint>https://192.168.24.17:8443/services/EuropeanDisabilityCardService_v1.0</con:endpoint><con:request><![CDATA[<soapenv:Envelope xmlns:soapenv="http://schemas.xmlsoap.org/soap/envelope/" xmlns:v1="http://fidus.brussels/service/europeandisabilitycardservice/messages/v1" xmlns:v11="http://fidus.brussels/type/common/messages/v1">
   <soapenv:Header/>
   <soapenv:Body>
      <v1:consultActiveCardsRequest>         
         <v1:messageContext>
            <v11:messageId>${=import static java.util.UUID.randomUUID; uuid = randomUUID() as String}</v11:messageId>
            <!--Optional:-->
            <v11:timestamp>${=new java.text.SimpleDateFormat("yyyy-MM-dd'T'HH:mm:ss.SSS").format(new Date())}</v11:timestamp>
         </v1:messageContext>
         <v1:legalContext>ServiceIntegrator</v1:legalContext>
         <v1:request>
            <v1:ssin>81040964736</v1:ssin>
            <!--Optional:-->
            <v1:referenceDate>2017-08-01</v1:referenceDate>
         </v1:request>
      </v1:consultActiveCardsRequest>
   </soapenv:Body>
</soapenv:Envelope>]]></con:request><con:assertion type="SOAP Fault Assertion" id="de941293-2741-46b9-9546-a44c2469f87e" name="Not SOAP Fault"/><con:assertion type="SOAP Response" id="f3b81ed5-e3e7-435a-9418-bd1f14b1b3fe" name="SOAP Response"/><con:assertion type="Schema Compliance" id="2591c293-61ca-4b45-9526-5f3ef1f8166d" name="Schema Compliance"><con:configuration/></con:assertion><con:wsaConfig action="http://fidus.brussels/services/europeandisabilitycardservice/consultActiveCards"/></con:request></con:config></con:testStep><con:testStep type="request" id="27ada536-fe6d-4bcd-b4c7-da54b1afa36a" name="testcase03- Test - External - CancelledSSIN_ActiveCard@RefDate - Request"><con:settings/><con:config xsi:type="con:RequestStep" xmlns:xsi="http://www.w3.org/2001/XMLSchema-instance"><con:interface>EuropeanDisabilityCardServiceHTTPBinding</con:interface><con:operation>consultActiveCards</con:operation><con:request name="testcase03- Test - External - CancelledSSIN_ActiveCard@RefDate - Request" id="0573fb76-5908-489a-9a8b-4e929dc52f8c" outgoingWss="Outflow TEST"><con:settings/><con:encoding>UTF-8</con:encoding><con:endpoint>https://192.168.24.17:8443/services/EuropeanDisabilityCardService_v1.0</con:endpoint><con:request><![CDATA[<soapenv:Envelope xmlns:soapenv="http://schemas.xmlsoap.org/soap/envelope/" xmlns:v1="http://fidus.brussels/service/europeandisabilitycardservice/messages/v1" xmlns:v11="http://fidus.brussels/type/common/messages/v1">
   <soapenv:Header/>
   <soapenv:Body>
      <v1:consultActiveCardsRequest>         
         <v1:messageContext>
            <v11:messageId>${=import static java.util.UUID.randomUUID; uuid = randomUUID() as String}</v11:messageId>
            <!--Optional:-->
            <v11:timestamp>${=new java.text.SimpleDateFormat("yyyy-MM-dd'T'HH:mm:ss.SSS").format(new Date())}</v11:timestamp>
         </v1:messageContext>
         <v1:legalContext>ServiceIntegrator</v1:legalContext>
         <v1:request>
            <v1:ssin>89120121658</v1:ssin>
            <!--Optional:-->
            <v1:referenceDate>2017-08-09</v1:referenceDate>
         </v1:request>
      </v1:consultActiveCardsRequest>
   </soapenv:Body>
</soapenv:Envelope>]]></con:request><con:assertion type="SOAP Fault Assertion" id="d964f1b8-ea7d-4f4b-86c9-95ac629dac0a" name="Not SOAP Fault"/><con:assertion type="SOAP Response" id="cbb1c44e-48a0-4c52-a4d0-a9bec4741b73" name="SOAP Response"/><con:assertion type="Schema Compliance" id="8e33cb0a-b007-4c2f-9505-67c39c8b269c" name="Schema Compliance"><con:configuration/></con:assertion><con:wsaConfig action="http://fidus.brussels/services/europeandisabilitycardservice/consultActiveCards"/></con:request></con:config></con:testStep><con:testStep type="request" id="af53fdab-dc88-44f7-b3a1-2870f365b195" name="testcase03- Test - External - CancelledSSIN_Card_NotActive - Request"><con:settings/><con:config xsi:type="con:RequestStep" xmlns:xsi="http://www.w3.org/2001/XMLSchema-instance"><con:interface>EuropeanDisabilityCardServiceHTTPBinding</con:interface><con:operation>consultActiveCards</con:operation><con:request name="testcase03- Test - External - CancelledSSIN_Card_NotActive - Request" id="0a64aab7-0b88-48fe-907a-9f87fed52c04" outgoingWss="Outflow TEST"><con:settings/><con:encoding>UTF-8</con:encoding><con:endpoint>https://192.168.24.17:8443/services/EuropeanDisabilityCardService_v1.0</con:endpoint><con:request><![CDATA[<soapenv:Envelope xmlns:soapenv="http://schemas.xmlsoap.org/soap/envelope/" xmlns:v1="http://fidus.brussels/service/europeandisabilitycardservice/messages/v1" xmlns:v11="http://fidus.brussels/type/common/messages/v1">
   <soapenv:Header/>
   <soapenv:Body>
      <v1:consultActiveCardsRequest>         
         <v1:messageContext>
            <v11:messageId>${=import static java.util.UUID.randomUUID; uuid = randomUUID() as String}</v11:messageId>
            <!--Optional:-->
            <v11:timestamp>${=new java.text.SimpleDateFormat("yyyy-MM-dd'T'HH:mm:ss.SSS").format(new Date())}</v11:timestamp>
         </v1:messageContext>
         <v1:legalContext>ServiceIntegrator</v1:legalContext>
         <v1:request>
            <v1:ssin>49010193967</v1:ssin>
            <!--Optional:-->
            <v1:referenceDate>2017-08-01</v1:referenceDate>
         </v1:request>
      </v1:consultActiveCardsRequest>
   </soapenv:Body>
</soapenv:Envelope>]]></con:request><con:assertion type="SOAP Fault Assertion" id="6e8d19c2-30ee-4673-b6cd-2e73bd97dbf7" name="Not SOAP Fault"/><con:assertion type="SOAP Response" id="12f57748-e53f-4550-bc37-e5a9c072ff1a" name="SOAP Response"/><con:assertion type="Schema Compliance" id="fc02aa92-bfc6-4604-ba93-1758f3b92416" name="Schema Compliance"><con:configuration/></con:assertion><con:wsaConfig action="http://fidus.brussels/services/europeandisabilitycardservice/consultActiveCards"/></con:request></con:config></con:testStep><con:testStep type="request" id="2919e7d9-bcd5-4b2e-9b5d-c20650cafc88" name="testcase03- Test - External - SSIN_DeceasedPerson_Card_Active - Request"><con:settings/><con:config xsi:type="con:RequestStep" xmlns:xsi="http://www.w3.org/2001/XMLSchema-instance"><con:interface>EuropeanDisabilityCardServiceHTTPBinding</con:interface><con:operation>consultActiveCards</con:operation><con:request name="testcase03- Test - External - SSIN_DeceasedPerson_Card_Active - Request" id="f39a66e6-6f70-4cf0-b7f1-18691739ae65" outgoingWss="Outflow TEST"><con:settings/><con:encoding>UTF-8</con:encoding><con:endpoint>https://192.168.24.17:8443/services/EuropeanDisabilityCardService_v1.0</con:endpoint><con:request><![CDATA[<soapenv:Envelope xmlns:soapenv="http://schemas.xmlsoap.org/soap/envelope/" xmlns:v1="http://fidus.brussels/service/europeandisabilitycardservice/messages/v1" xmlns:v11="http://fidus.brussels/type/common/messages/v1">
   <soapenv:Header/>
   <soapenv:Body>
      <v1:consultActiveCardsRequest>         
         <v1:messageContext>
            <v11:messageId>${=import static java.util.UUID.randomUUID; uuid = randomUUID() as String}</v11:messageId>
            <!--Optional:-->
            <v11:timestamp>${=new java.text.SimpleDateFormat("yyyy-MM-dd'T'HH:mm:ss.SSS").format(new Date())}</v11:timestamp>
         </v1:messageContext>
         <v1:legalContext>ServiceIntegrator</v1:legalContext>
         <v1:request>
            <v1:ssin>21033027563</v1:ssin>
            <!--Optional:-->
            <v1:referenceDate>2017-08-09</v1:referenceDate>
         </v1:request>
      </v1:consultActiveCardsRequest>
   </soapenv:Body>
</soapenv:Envelope>]]></con:request><con:assertion type="SOAP Fault Assertion" id="55f0aba0-2a3a-4529-860c-c0b7b4ab53fb" name="Not SOAP Fault"/><con:assertion type="SOAP Response" id="9d72f4c2-bac9-4d79-bbe0-68acc2c9b565" name="SOAP Response"/><con:assertion type="Schema Compliance" id="0ebe4685-3385-438c-a799-ebb967637b7b" name="Schema Compliance"><con:configuration/></con:assertion><con:wsaConfig action="http://fidus.brussels/services/europeandisabilitycardservice/consultActiveCards"/></con:request></con:config></con:testStep><con:testStep type="request" id="dfabe710-d509-4985-ae3f-7b4fea780bd2" name="testcase03- Test - External - SSIN_DeceasedPerson_NoCard_Active - Request"><con:settings/><con:config xsi:type="con:RequestStep" xmlns:xsi="http://www.w3.org/2001/XMLSchema-instance"><con:interface>EuropeanDisabilityCardServiceHTTPBinding</con:interface><con:operation>consultActiveCards</con:operation><con:request name="testcase03- Test - External - SSIN_DeceasedPerson_NoCard_Active - Request" id="660417ae-5cc3-422f-8396-d473a2d7f3fd" outgoingWss="Outflow TEST"><con:settings/><con:encoding>UTF-8</con:encoding><con:endpoint>https://192.168.24.17:8443/services/EuropeanDisabilityCardService_v1.0</con:endpoint><con:request><![CDATA[<soapenv:Envelope xmlns:soapenv="http://schemas.xmlsoap.org/soap/envelope/" xmlns:v1="http://fidus.brussels/service/europeandisabilitycardservice/messages/v1" xmlns:v11="http://fidus.brussels/type/common/messages/v1">
   <soapenv:Header/>
   <soapenv:Body>
      <v1:consultActiveCardsRequest>         
         <v1:messageContext>
            <v11:messageId>${=import static java.util.UUID.randomUUID; uuid = randomUUID() as String}</v11:messageId>
            <!--Optional:-->
            <v11:timestamp>${=new java.text.SimpleDateFormat("yyyy-MM-dd'T'HH:mm:ss.SSS").format(new Date())}</v11:timestamp>
         </v1:messageContext>
         <v1:legalContext>ServiceIntegrator</v1:legalContext>
         <v1:request>
            <v1:ssin>18100808031</v1:ssin>
            <!--Optional:-->
            <v1:referenceDate>2017-08-09</v1:referenceDate>
         </v1:request>
      </v1:consultActiveCardsRequest>
   </soapenv:Body>
</soapenv:Envelope>]]></con:request><con:assertion type="SOAP Fault Assertion" id="15612cad-151a-4d3b-a479-41d8ee09d470" name="Not SOAP Fault"/><con:assertion type="SOAP Response" id="e2814b29-dfff-48a5-9bcc-cf73012a80e5" name="SOAP Response"/><con:assertion type="Schema Compliance" id="b76f58cf-8cff-4965-ac1c-e5375a9dc133" name="Schema Compliance"><con:configuration/></con:assertion><con:wsaConfig action="http://fidus.brussels/services/europeandisabilitycardservice/consultActiveCards"/></con:request></con:config></con:testStep><con:testStep type="request" id="7ed8fb62-a5ca-4151-965a-f1cea2652b35" name="testcase03- Test - External - Card_Active@SysDate - Request"><con:settings/><con:config xsi:type="con:RequestStep" xmlns:xsi="http://www.w3.org/2001/XMLSchema-instance"><con:interface>EuropeanDisabilityCardServiceHTTPBinding</con:interface><con:operation>consultActiveCards</con:operation><con:request name="testcase03- Test - External - Card_Active@SysDate - Request" id="6adfbf04-fb80-4c93-af5a-ecf0ee16bc05" outgoingWss="Outflow TEST"><con:settings/><con:encoding>UTF-8</con:encoding><con:endpoint>https://192.168.24.17:8443/services/EuropeanDisabilityCardService_v1.0</con:endpoint><con:request><![CDATA[<soapenv:Envelope xmlns:soapenv="http://schemas.xmlsoap.org/soap/envelope/" xmlns:v1="http://fidus.brussels/service/europeandisabilitycardservice/messages/v1" xmlns:v11="http://fidus.brussels/type/common/messages/v1">
   <soapenv:Header/>
   <soapenv:Body>
      <v1:consultActiveCardsRequest>         
         <v1:messageContext>
            <v11:messageId>${=import static java.util.UUID.randomUUID; uuid = randomUUID() as String}</v11:messageId>
            <!--Optional:-->
            <v11:timestamp>${=new java.text.SimpleDateFormat("yyyy-MM-dd'T'HH:mm:ss.SSS").format(new Date())}</v11:timestamp>
         </v1:messageContext>
         <v1:legalContext>ServiceIntegrator</v1:legalContext>
         <v1:request>
            <v1:ssin>64061324572</v1:ssin>                     
         </v1:request>
      </v1:consultActiveCardsRequest>
   </soapenv:Body>
</soapenv:Envelope>]]></con:request><con:assertion type="SOAP Fault Assertion" id="816fd265-530d-42cf-9c66-f0ef5a6b2167" name="Not SOAP Fault"/><con:assertion type="SOAP Response" id="3f7af95e-a698-4a8f-8ff0-540d7c0d0894" name="SOAP Response"/><con:assertion type="Schema Compliance" id="0bfe74ec-0be4-405c-9a05-aa62ac8180c1" name="Schema Compliance"><con:configuration/></con:assertion><con:wsaConfig action="http://fidus.brussels/services/europeandisabilitycardservice/consultActiveCards"/></con:request></con:config></con:testStep><con:testStep type="request" id="2ed45958-50f1-46ef-875c-032f2bbc9051" name="testcase03- Test - External - Card_Active_OtherPartner - Request"><con:settings/><con:config xsi:type="con:RequestStep" xmlns:xsi="http://www.w3.org/2001/XMLSchema-instance"><con:interface>EuropeanDisabilityCardServiceHTTPBinding</con:interface><con:operation>consultActiveCards</con:operation><con:request name="testcase03- Test - External - Card_Active_OtherPartner - Request" id="156335e4-02d1-498e-912e-ffaa94764644" outgoingWss="Outflow TEST"><con:settings/><con:encoding>UTF-8</con:encoding><con:endpoint>https://192.168.24.17:8443/services/EuropeanDisabilityCardService_v1.0</con:endpoint><con:request><![CDATA[<soapenv:Envelope xmlns:soapenv="http://schemas.xmlsoap.org/soap/envelope/" xmlns:v1="http://fidus.brussels/service/europeandisabilitycardservice/messages/v1" xmlns:v11="http://fidus.brussels/type/common/messages/v1">
   <soapenv:Header/>
   <soapenv:Body>
      <v1:consultActiveCardsRequest>         
         <v1:messageContext>
            <v11:messageId>${=import static java.util.UUID.randomUUID; uuid = randomUUID() as String}</v11:messageId>
            <!--Optional:-->
            <v11:timestamp>${=new java.text.SimpleDateFormat("yyyy-MM-dd'T'HH:mm:ss.SSS").format(new Date())}</v11:timestamp>
         </v1:messageContext>
         <v1:legalContext>ServiceIntegrator</v1:legalContext>
         <v1:request>
            <v1:ssin>81091318921</v1:ssin>
         </v1:request>
      </v1:consultActiveCardsRequest>
   </soapenv:Body>
</soapenv:Envelope>]]></con:request><con:assertion type="SOAP Fault Assertion" id="9f478f08-e31e-439b-b118-a6c59105075b" name="Not SOAP Fault"/><con:assertion type="SOAP Response" id="5b0081f7-81e4-4a12-8f66-5309bfe5d420" name="SOAP Response"/><con:assertion type="Schema Compliance" id="be1431af-bbfb-40c2-a70e-31df6e979fe9" name="Schema Compliance"><con:configuration/></con:assertion><con:wsaConfig action="http://fidus.brussels/services/europeandisabilitycardservice/consultActiveCards"/></con:request></con:config></con:testStep><con:testStep type="request" id="42af5318-3a3d-4f54-93a5-b0baa9ce468d" name="testcase03- Test - External - Invalid_ReferenceDate - Request"><con:settings/><con:config xsi:type="con:RequestStep" xmlns:xsi="http://www.w3.org/2001/XMLSchema-instance"><con:interface>EuropeanDisabilityCardServiceHTTPBinding</con:interface><con:operation>consultActiveCards</con:operation><con:request name="testcase03- Test - External - Invalid_ReferenceDate - Request" id="55f5da40-6cba-4b84-9d2c-659dd907bdd0" outgoingWss="Outflow TEST"><con:settings/><con:encoding>UTF-8</con:encoding><con:endpoint>https://192.168.24.17:8443/services/EuropeanDisabilityCardService_v1.0</con:endpoint><con:request><![CDATA[<soapenv:Envelope xmlns:soapenv="http://schemas.xmlsoap.org/soap/envelope/" xmlns:v1="http://fidus.brussels/service/europeandisabilitycardservice/messages/v1" xmlns:v11="http://fidus.brussels/type/common/messages/v1">
   <soapenv:Header/>
   <soapenv:Body>
      <v1:consultActiveCardsRequest>         
         <v1:messageContext>
            <v11:messageId>${=import static java.util.UUID.randomUUID; uuid = randomUUID() as String}</v11:messageId>
            <!--Optional:-->
            <v11:timestamp>${=new java.text.SimpleDateFormat("yyyy-MM-dd'T'HH:mm:ss.SSS").format(new Date())}</v11:timestamp>
         </v1:messageContext>
         <v1:legalContext>ServiceIntegrator</v1:legalContext>
         <v1:request>
            <v1:ssin>81091318921</v1:ssin>
            <v1:referenceDate>2016-01-01</v1:referenceDate>
         </v1:request>
      </v1:consultActiveCardsRequest>
   </soapenv:Body>
</soapenv:Envelope>]]></con:request><con:assertion type="SOAP Fault Assertion" id="1555bcd4-e0b9-40b9-85cf-052f6ed536bc" name="Not SOAP Fault"/><con:assertion type="SOAP Response" id="cbbe207b-8d21-4c7c-a812-791bf8ab615d" name="SOAP Response"/><con:assertion type="Schema Compliance" id="8cb7bc4d-4441-4db1-84b9-c2eb9132666b" name="Schema Compliance"><con:configuration/></con:assertion><con:wsaConfig action="http://fidus.brussels/services/europeandisabilitycardservice/consultActiveCards"/></con:request></con:config></con:testStep><con:testStep type="request" id="1d9c3cb1-f523-49f2-8f24-fde3c6e293e2" name="testcase03- Test - External - Invalid_ReferenceDate2 - Request"><con:settings/><con:config xsi:type="con:RequestStep" xmlns:xsi="http://www.w3.org/2001/XMLSchema-instance"><con:interface>EuropeanDisabilityCardServiceHTTPBinding</con:interface><con:operation>consultActiveCards</con:operation><con:request name="testcase03- Test - External - Invalid_ReferenceDate2 - Request" id="8ade8512-8aff-476c-bba9-2c8f7a56fd56" outgoingWss="Outflow TEST"><con:settings/><con:encoding>UTF-8</con:encoding><con:endpoint>https://192.168.24.17:8443/services/EuropeanDisabilityCardService_v1.0</con:endpoint><con:request><![CDATA[<soapenv:Envelope xmlns:soapenv="http://schemas.xmlsoap.org/soap/envelope/" xmlns:v1="http://fidus.brussels/service/europeandisabilitycardservice/messages/v1" xmlns:v11="http://fidus.brussels/type/common/messages/v1">
   <soapenv:Header/>
   <soapenv:Body>
      <v1:consultActiveCardsRequest>         
         <v1:messageContext>
            <v11:messageId>${=import static java.util.UUID.randomUUID; uuid = randomUUID() as String}</v11:messageId>
            <!--Optional:-->
            <v11:timestamp>${=new java.text.SimpleDateFormat("yyyy-MM-dd'T'HH:mm:ss.SSS").format(new Date())}</v11:timestamp>
         </v1:messageContext>
         <v1:legalContext>ServiceIntegrator</v1:legalContext>
         <v1:request>
            <v1:ssin>81091318921</v1:ssin>
            <v1:referenceDate>2020-01-01</v1:referenceDate>
         </v1:request>
      </v1:consultActiveCardsRequest>
   </soapenv:Body>
</soapenv:Envelope>]]></con:request><con:assertion type="SOAP Fault Assertion" id="17d8e3f9-ebf1-480f-8ed6-bbc69804e01e" name="Not SOAP Fault"/><con:assertion type="SOAP Response" id="71704245-2c7c-4d4c-879b-40e787c50048" name="SOAP Response"/><con:assertion type="Schema Compliance" id="275c8fb3-f010-445e-9f36-c59d17babe29" name="Schema Compliance"><con:configuration/></con:assertion><con:wsaConfig action="http://fidus.brussels/services/europeandisabilitycardservice/consultActiveCards"/></con:request></con:config></con:testStep><con:properties/></con:testCase><con:testCase id="9887b34d-faba-4056-bb6f-5e77ac45b6f3" failOnError="true" failTestCaseOnErrors="true" keepSession="false" maxResults="0" name="consultAllCards" searchProperties="true"><con:settings/><con:testStep type="request" id="edd1fed2-9b60-4fb4-92a8-7d29c3356b22" name="testcase03 - Test - External - Valid_SSIN- Request"><con:settings/><con:config xsi:type="con:RequestStep" xmlns:xsi="http://www.w3.org/2001/XMLSchema-instance"><con:interface>EuropeanDisabilityCardServiceHTTPBinding</con:interface><con:operation>consultAllCards</con:operation><con:request name="testcase03 - Test - External - Valid_SSIN- Request" id="c36d9233-bac7-483d-967d-0566868e24ed" outgoingWss="Outflow TEST"><con:settings/><con:encoding>UTF-8</con:encoding><con:endpoint>https://192.168.24.17:8443/services/EuropeanDisabilityCardService_v1.0</con:endpoint><con:request><![CDATA[<soapenv:Envelope xmlns:soapenv="http://schemas.xmlsoap.org/soap/envelope/" xmlns:v1="http://fidus.brussels/service/europeandisabilitycardservice/messages/v1" xmlns:v11="http://fidus.brussels/type/common/messages/v1">
   <soapenv:Header/>
   <soapenv:Body>
      <v1:consultAllCardsRequest>
         <v1:messageContext>
            <v11:messageId>${=import static java.util.UUID.randomUUID; uuid = randomUUID() as String}</v11:messageId>
            <!--Optional:-->
            <v11:timestamp>${=new java.text.SimpleDateFormat("yyyy-MM-dd'T'HH:mm:ss.SSS").format(new Date())}</v11:timestamp>
         </v1:messageContext>
         <v1:legalContext>ServiceIntegrator</v1:legalContext>
         <v1:request>
            <v1:ssin>13020111772</v1:ssin>
         </v1:request>
      </v1:consultAllCardsRequest>
   </soapenv:Body>
</soapenv:Envelope>]]></con:request><con:assertion type="SOAP Fault Assertion" id="181277c4-b218-4c97-82fa-83d8356333cf" name="Not SOAP Fault"/><con:assertion type="SOAP Response" id="27be918a-9445-4c5f-8d8d-b6cfb8dff450" name="SOAP Response"/><con:assertion type="Schema Compliance" id="b9ea4dfa-ff91-49f3-bee5-ceeb9eacfad6" name="Schema Compliance"><con:configuration/></con:assertion><con:wsaConfig action="http://fidus.brussels/services/europeandisabilitycardservice/consultAllCards"/></con:request></con:config></con:testStep><con:testStep type="request" id="6a76f6ef-3778-48f3-97d4-f8b0fda7175e" name="testcase03 - Test - LB - Request"><con:settings/><con:config xsi:type="con:RequestStep" xmlns:xsi="http://www.w3.org/2001/XMLSchema-instance"><con:interface>EuropeanDisabilityCardServiceHTTPBinding</con:interface><con:operation>consultAllCards</con:operation><con:request name="testcase03 - Test - LB - Request" id="a1032424-013a-4300-bba0-c6414315cda3" outgoingWss="Outflow TEST"><con:settings/><con:encoding>UTF-8</con:encoding><con:endpoint>https://esb-security-gw.sta.srv.cirb.lan:8443/services/EuropeanDisabilityCardService_v1.0</con:endpoint><con:request><![CDATA[<soapenv:Envelope xmlns:soapenv="http://schemas.xmlsoap.org/soap/envelope/" xmlns:v1="http://fidus.brussels/service/europeandisabilitycardservice/messages/v1" xmlns:v11="http://fidus.brussels/type/common/messages/v1">
   <soapenv:Header/>
   <soapenv:Body>
      <v1:consultAllCardsRequest>
         <v1:messageContext>
            <v11:messageId>${=import static java.util.UUID.randomUUID; uuid = randomUUID() as String}</v11:messageId>
            <!--Optional:-->
            <v11:timestamp>${=new java.text.SimpleDateFormat("yyyy-MM-dd'T'HH:mm:ss.SSS").format(new Date())}</v11:timestamp>
         </v1:messageContext>
         <v1:legalContext>ServiceIntegrator</v1:legalContext>
         <v1:request>
            <v1:ssin>13020111772</v1:ssin>
         </v1:request>
      </v1:consultAllCardsRequest>
   </soapenv:Body>
</soapenv:Envelope>]]></con:request><con:assertion type="SOAP Fault Assertion" id="ba578bb6-6791-4745-b21c-7e03122d08f5" name="Not SOAP Fault"/><con:assertion type="SOAP Response" id="a64e269d-bfc4-4a51-89c4-48204af075e9" name="SOAP Response"/><con:assertion type="Schema Compliance" id="9b5fd91a-383c-4781-97ad-537ef69030a4" name="Schema Compliance"><con:configuration/></con:assertion><con:wsaConfig action="http://fidus.brussels/services/europeandisabilitycardservice/consultAllCards"/></con:request></con:config></con:testStep><con:testStep type="request" id="cd9fe9e1-9053-49f3-a71f-8e331831f78e" name="testcase03 - Test - Worker1 - Request"><con:settings/><con:config xsi:type="con:RequestStep" xmlns:xsi="http://www.w3.org/2001/XMLSchema-instance"><con:interface>EuropeanDisabilityCardServiceHTTPBinding</con:interface><con:operation>consultAllCards</con:operation><con:request name="testcase03 - Test - Worker1 - Request" id="48a159cd-71ea-4633-8f3f-21f3e27ef712" outgoingWss="Outflow TEST"><con:settings/><con:encoding>UTF-8</con:encoding><con:endpoint>https://192.168.24.45:8443/services/EuropeanDisabilityCardService_v1.0</con:endpoint><con:request><![CDATA[<soapenv:Envelope xmlns:soapenv="http://schemas.xmlsoap.org/soap/envelope/" xmlns:v1="http://fidus.brussels/service/europeandisabilitycardservice/messages/v1" xmlns:v11="http://fidus.brussels/type/common/messages/v1">
   <soapenv:Header/>
   <soapenv:Body>
      <v1:consultAllCardsRequest>
         <v1:messageContext>
            <v11:messageId>${=import static java.util.UUID.randomUUID; uuid = randomUUID() as String}</v11:messageId>
            <!--Optional:-->
            <v11:timestamp>${=new java.text.SimpleDateFormat("yyyy-MM-dd'T'HH:mm:ss.SSS").format(new Date())}</v11:timestamp>
         </v1:messageContext>
         <v1:legalContext>ServiceIntegrator</v1:legalContext>
         <v1:request>            
            <v1:ssin>89120121658</v1:ssin>
         </v1:request>
      </v1:consultAllCardsRequest>
   </soapenv:Body>
</soapenv:Envelope>]]></con:request><con:assertion type="SOAP Fault Assertion" id="8ce916fc-b506-4819-a7e7-bdf19aea2864" name="Not SOAP Fault"/><con:assertion type="SOAP Response" id="e6f766c3-cac4-4028-9881-39394ba4ee5c" name="SOAP Response"/><con:assertion type="Schema Compliance" id="dbd12cb3-603d-4333-9cd0-6bb6d2c3548f" name="Schema Compliance"><con:configuration/></con:assertion><con:wsaConfig action="http://fidus.brussels/services/europeandisabilitycardservice/consultAllCards"/></con:request></con:config></con:testStep><con:testStep type="request" id="0dfc7f67-7afd-49f4-88a3-36fe52b48048" name="testcase03 - Test - Worker2 - Request"><con:settings/><con:config xsi:type="con:RequestStep" xmlns:xsi="http://www.w3.org/2001/XMLSchema-instance"><con:interface>EuropeanDisabilityCardServiceHTTPBinding</con:interface><con:operation>consultAllCards</con:operation><con:request name="testcase03 - Test - Worker2 - Request" id="dc7eb1b3-498a-4a38-a965-4020294224bb" outgoingWss="Outflow TEST"><con:settings/><con:encoding>UTF-8</con:encoding><con:endpoint>https://192.168.24.51:8443/services/EuropeanDisabilityCardService_v1.0</con:endpoint><con:request><![CDATA[<soapenv:Envelope xmlns:soapenv="http://schemas.xmlsoap.org/soap/envelope/" xmlns:v1="http://fidus.brussels/service/europeandisabilitycardservice/messages/v1" xmlns:v11="http://fidus.brussels/type/common/messages/v1">
   <soapenv:Header/>
   <soapenv:Body>
      <v1:consultAllCardsRequest>
         <v1:messageContext>
            <v11:messageId>${=import static java.util.UUID.randomUUID; uuid = randomUUID() as String}</v11:messageId>
            <!--Optional:-->
            <v11:timestamp>${=new java.text.SimpleDateFormat("yyyy-MM-dd'T'HH:mm:ss.SSS").format(new Date())}</v11:timestamp>
         </v1:messageContext>
         <v1:legalContext>ServiceIntegrator</v1:legalContext>
         <v1:request>
            <v1:ssin>13020111772</v1:ssin>
         </v1:request>
      </v1:consultAllCardsRequest>
   </soapenv:Body>
</soapenv:Envelope>]]></con:request><con:assertion type="SOAP Fault Assertion" id="f2415754-84cc-415a-8054-0ba9613cf11a" name="Not SOAP Fault"/><con:assertion type="SOAP Response" id="fc4be575-a8fe-4ce5-a664-44389268bd71" name="SOAP Response"/><con:assertion type="Schema Compliance" id="b931d0ea-3e98-4f36-a60d-541ab1cdf7ea" name="Schema Compliance"><con:configuration/></con:assertion><con:wsaConfig action="http://fidus.brussels/services/europeandisabilitycardservice/consultAllCards"/></con:request></con:config></con:testStep><con:testStep type="request" id="07d46882-fa1d-4c92-838b-cb3b2424b29a" name="testcase03 - Test - External - InValid_SSIN- Request"><con:settings/><con:config xsi:type="con:RequestStep" xmlns:xsi="http://www.w3.org/2001/XMLSchema-instance"><con:interface>EuropeanDisabilityCardServiceHTTPBinding</con:interface><con:operation>consultAllCards</con:operation><con:request name="testcase03 - Test - External - InValid_SSIN- Request" id="86dac022-0d23-4fb7-9dc6-737a1e502dbd" outgoingWss="Outflow TEST"><con:settings/><con:encoding>UTF-8</con:encoding><con:endpoint>https://192.168.24.17:8443/services/EuropeanDisabilityCardService_v1.0</con:endpoint><con:request><![CDATA[<soapenv:Envelope xmlns:soapenv="http://schemas.xmlsoap.org/soap/envelope/" xmlns:v1="http://fidus.brussels/service/europeandisabilitycardservice/messages/v1" xmlns:v11="http://fidus.brussels/type/common/messages/v1">
   <soapenv:Header/>
   <soapenv:Body>
      <v1:consultAllCardsRequest>
         <v1:messageContext>
            <v11:messageId>${=import static java.util.UUID.randomUUID; uuid = randomUUID() as String}</v11:messageId>
            <!--Optional:-->
            <v11:timestamp>${=new java.text.SimpleDateFormat("yyyy-MM-dd'T'HH:mm:ss.SSS").format(new Date())}</v11:timestamp>
         </v1:messageContext>
         <v1:legalContext>ServiceIntegrator</v1:legalContext>
         <v1:request>
            <v1:ssin>23020111772</v1:ssin>
         </v1:request>
      </v1:consultAllCardsRequest>
   </soapenv:Body>
</soapenv:Envelope>]]></con:request><con:assertion type="SOAP Fault Assertion" id="b671d328-81bc-437a-98b7-59709c068149" name="Not SOAP Fault"/><con:assertion type="SOAP Response" id="bced74f1-8898-493f-a0b9-a35982923b5f" name="SOAP Response"/><con:assertion type="Schema Compliance" id="3d67e744-75f4-43d1-9acc-d91c2ac43ff7" name="Schema Compliance"><con:configuration/></con:assertion><con:wsaConfig action="http://fidus.brussels/services/europeandisabilitycardservice/consultAllCards"/></con:request></con:config></con:testStep><con:testStep type="request" id="477c9c42-68ca-4382-9d65-7342a85136c3" name="testcase03 - Test - External - Valid_SSIN_NoExist- Request"><con:settings/><con:config xsi:type="con:RequestStep" xmlns:xsi="http://www.w3.org/2001/XMLSchema-instance"><con:interface>EuropeanDisabilityCardServiceHTTPBinding</con:interface><con:operation>consultAllCards</con:operation><con:request name="testcase03 - Test - External - Valid_SSIN_NoExist- Request" id="d8635919-7e27-4549-8a90-7849310538b9" outgoingWss="Outflow TEST"><con:settings/><con:encoding>UTF-8</con:encoding><con:endpoint>https://192.168.24.17:8443/services/EuropeanDisabilityCardService_v1.0</con:endpoint><con:request><![CDATA[<soapenv:Envelope xmlns:soapenv="http://schemas.xmlsoap.org/soap/envelope/" xmlns:v1="http://fidus.brussels/service/europeandisabilitycardservice/messages/v1" xmlns:v11="http://fidus.brussels/type/common/messages/v1">
   <soapenv:Header/>
   <soapenv:Body>
      <v1:consultAllCardsRequest>
         <v1:messageContext>
            <v11:messageId>${=import static java.util.UUID.randomUUID; uuid = randomUUID() as String}</v11:messageId>
            <!--Optional:-->
            <v11:timestamp>${=new java.text.SimpleDateFormat("yyyy-MM-dd'T'HH:mm:ss.SSS").format(new Date())}</v11:timestamp>
         </v1:messageContext>
         <v1:legalContext>ServiceIntegrator</v1:legalContext>
         <v1:request>
            <v1:ssin>84072088834</v1:ssin>
         </v1:request>
      </v1:consultAllCardsRequest>
   </soapenv:Body>
</soapenv:Envelope>]]></con:request><con:assertion type="SOAP Fault Assertion" id="7872c88d-dbae-4551-958d-9b08f77500a5" name="Not SOAP Fault"/><con:assertion type="SOAP Response" id="854ca54e-5cb4-4ea9-b60f-93f5839a7e71" name="SOAP Response"/><con:assertion type="Schema Compliance" id="27429664-75e0-4d20-b25a-ee46b7da61d7" name="Schema Compliance"><con:configuration/></con:assertion><con:wsaConfig action="http://fidus.brussels/services/europeandisabilitycardservice/consultAllCards"/></con:request></con:config></con:testStep><con:testStep type="request" id="f16ebcf3-0a1c-4331-a10d-61a1f63c4755" name="testcase03 - Test - External - Old_SSIN- Request"><con:settings/><con:config xsi:type="con:RequestStep" xmlns:xsi="http://www.w3.org/2001/XMLSchema-instance"><con:interface>EuropeanDisabilityCardServiceHTTPBinding</con:interface><con:operation>consultAllCards</con:operation><con:request name="testcase03 - Test - External - Old_SSIN- Request" id="a09dcf57-94c2-4525-90b9-839fdcb2b859" outgoingWss="Outflow TEST"><con:settings/><con:encoding>UTF-8</con:encoding><con:endpoint>https://192.168.24.17:8443/services/EuropeanDisabilityCardService_v1.0</con:endpoint><con:request><![CDATA[<soapenv:Envelope xmlns:soapenv="http://schemas.xmlsoap.org/soap/envelope/" xmlns:v1="http://fidus.brussels/service/europeandisabilitycardservice/messages/v1" xmlns:v11="http://fidus.brussels/type/common/messages/v1">
   <soapenv:Header/>
   <soapenv:Body>
      <v1:consultAllCardsRequest>
         <v1:messageContext>
            <v11:messageId>${=import static java.util.UUID.randomUUID; uuid = randomUUID() as String}</v11:messageId>
            <!--Optional:-->
            <v11:timestamp>${=new java.text.SimpleDateFormat("yyyy-MM-dd'T'HH:mm:ss.SSS").format(new Date())}</v11:timestamp>
         </v1:messageContext>
         <v1:legalContext>ServiceIntegrator</v1:legalContext>
         <v1:request>
            <v1:ssin>91071662579</v1:ssin>
         </v1:request>
      </v1:consultAllCardsRequest>
   </soapenv:Body>
</soapenv:Envelope>]]></con:request><con:assertion type="SOAP Fault Assertion" id="8754ea01-a6d1-4f3c-96e1-2af7aad9f223" name="Not SOAP Fault"/><con:assertion type="SOAP Response" id="17f01f53-fda5-4cc1-a8fb-080ec274d836" name="SOAP Response"/><con:assertion type="Schema Compliance" id="5f8e34b2-7fee-4dd5-8aea-60318646037f" name="Schema Compliance"><con:configuration/></con:assertion><con:wsaConfig action="http://fidus.brussels/services/europeandisabilitycardservice/consultAllCards"/></con:request></con:config></con:testStep><con:testStep type="request" id="7e7826f6-2e3a-4475-85cb-d89fa9ea6a89" name="testcase03 - Test - External - ActiveCard- Request"><con:settings/><con:config xsi:type="con:RequestStep" xmlns:xsi="http://www.w3.org/2001/XMLSchema-instance"><con:interface>EuropeanDisabilityCardServiceHTTPBinding</con:interface><con:operation>consultAllCards</con:operation><con:request name="testcase03 - Test - External - ActiveCard- Request" id="e33b92b6-5461-4827-bb6c-a04770401a5f" outgoingWss="Outflow TEST"><con:settings/><con:encoding>UTF-8</con:encoding><con:endpoint>https://192.168.24.17:8443/services/EuropeanDisabilityCardService_v1.0</con:endpoint><con:request><![CDATA[<soapenv:Envelope xmlns:soapenv="http://schemas.xmlsoap.org/soap/envelope/" xmlns:v1="http://fidus.brussels/service/europeandisabilitycardservice/messages/v1" xmlns:v11="http://fidus.brussels/type/common/messages/v1">
   <soapenv:Header/>
   <soapenv:Body>
      <v1:consultAllCardsRequest>
         <v1:messageContext>
            <v11:messageId>${=import static java.util.UUID.randomUUID; uuid = randomUUID() as String}</v11:messageId>
            <!--Optional:-->
            <v11:timestamp>${=new java.text.SimpleDateFormat("yyyy-MM-dd'T'HH:mm:ss.SSS").format(new Date())}</v11:timestamp>
         </v1:messageContext>
         <v1:legalContext>ServiceIntegrator</v1:legalContext>
         <v1:request>
            <v1:ssin>10022104563</v1:ssin>
         </v1:request>
      </v1:consultAllCardsRequest>
   </soapenv:Body>
</soapenv:Envelope>]]></con:request><con:assertion type="SOAP Fault Assertion" id="6b0579c8-062b-444b-8188-b7fd65b8e685" name="Not SOAP Fault"/><con:assertion type="SOAP Response" id="093f4c91-1e17-4347-b475-b9c9f41c72bf" name="SOAP Response"/><con:assertion type="Schema Compliance" id="4198bc6e-ebf8-4d8f-90d9-14fc3df07a2e" name="Schema Compliance"><con:configuration/></con:assertion><con:wsaConfig action="http://fidus.brussels/services/europeandisabilitycardservice/consultAllCards"/></con:request></con:config></con:testStep><con:testStep type="request" id="8170579d-5a45-4904-a16c-0884515750f5" name="testcase03 - Test - External - CancelledSSIN_NoActiveCard- Request"><con:settings/><con:config xsi:type="con:RequestStep" xmlns:xsi="http://www.w3.org/2001/XMLSchema-instance"><con:interface>EuropeanDisabilityCardServiceHTTPBinding</con:interface><con:operation>consultAllCards</con:operation><con:request name="testcase03 - Test - External - CancelledSSIN_NoActiveCard- Request" id="fe3dc166-d61c-4e15-9756-c0ae9241cc8d" outgoingWss="Outflow TEST"><con:settings/><con:encoding>UTF-8</con:encoding><con:endpoint>https://192.168.24.17:8443/services/EuropeanDisabilityCardService_v1.0</con:endpoint><con:request><![CDATA[<soapenv:Envelope xmlns:soapenv="http://schemas.xmlsoap.org/soap/envelope/" xmlns:v1="http://fidus.brussels/service/europeandisabilitycardservice/messages/v1" xmlns:v11="http://fidus.brussels/type/common/messages/v1">
   <soapenv:Header/>
   <soapenv:Body>
      <v1:consultAllCardsRequest>
         <v1:messageContext>
            <v11:messageId>${=import static java.util.UUID.randomUUID; uuid = randomUUID() as String}</v11:messageId>
            <!--Optional:-->
            <v11:timestamp>${=new java.text.SimpleDateFormat("yyyy-MM-dd'T'HH:mm:ss.SSS").format(new Date())}</v11:timestamp>
         </v1:messageContext>
         <v1:legalContext>ServiceIntegrator</v1:legalContext>
         <v1:request>
            <v1:ssin>49010193967</v1:ssin>
         </v1:request>
      </v1:consultAllCardsRequest>
   </soapenv:Body>
</soapenv:Envelope>]]></con:request><con:assertion type="SOAP Fault Assertion" id="68f175c6-e3d6-4e1f-9fa8-5227f49e50c7" name="Not SOAP Fault"/><con:assertion type="SOAP Response" id="4ca1a8f0-9bc6-4584-af1c-86e0f960b131" name="SOAP Response"/><con:assertion type="Schema Compliance" id="bae04a53-0e03-4748-9592-6086ff76bb01" name="Schema Compliance"><con:configuration/></con:assertion><con:wsaConfig action="http://fidus.brussels/services/europeandisabilitycardservice/consultAllCards"/></con:request></con:config></con:testStep><con:testStep type="request" id="17f2b864-80eb-48b9-9e0d-82133045de89" name="testcase03 - Test - External - CancelledSSIN_ActiveCard- Request"><con:settings/><con:config xsi:type="con:RequestStep" xmlns:xsi="http://www.w3.org/2001/XMLSchema-instance"><con:interface>EuropeanDisabilityCardServiceHTTPBinding</con:interface><con:operation>consultAllCards</con:operation><con:request name="testcase03 - Test - External - CancelledSSIN_ActiveCard- Request" id="0f389fd3-1d09-4ba5-8364-b251cc83d8b1" outgoingWss="Outflow TEST"><con:settings/><con:encoding>UTF-8</con:encoding><con:endpoint>https://192.168.24.17:8443/services/EuropeanDisabilityCardService_v1.0</con:endpoint><con:request><![CDATA[<soapenv:Envelope xmlns:soapenv="http://schemas.xmlsoap.org/soap/envelope/" xmlns:v1="http://fidus.brussels/service/europeandisabilitycardservice/messages/v1" xmlns:v11="http://fidus.brussels/type/common/messages/v1">
   <soapenv:Header/>
   <soapenv:Body>
      <v1:consultAllCardsRequest>
         <v1:messageContext>
            <v11:messageId>${=import static java.util.UUID.randomUUID; uuid = randomUUID() as String}</v11:messageId>
            <!--Optional:-->
            <v11:timestamp>${=new java.text.SimpleDateFormat("yyyy-MM-dd'T'HH:mm:ss.SSS").format(new Date())}</v11:timestamp>
         </v1:messageContext>
         <v1:legalContext>ServiceIntegrator</v1:legalContext>
         <v1:request>
            <v1:ssin>89120121658</v1:ssin>
         </v1:request>
      </v1:consultAllCardsRequest>
   </soapenv:Body>
</soapenv:Envelope>]]></con:request><con:assertion type="SOAP Fault Assertion" id="e141b2f6-3850-4bc9-b526-7beada36a153" name="Not SOAP Fault"/><con:assertion type="SOAP Response" id="1e226730-ceb5-4fbd-b18e-a12d2e0f919c" name="SOAP Response"/><con:assertion type="Schema Compliance" id="79902f95-2fef-4c4a-bebb-64971773c88b" name="Schema Compliance"><con:configuration/></con:assertion><con:wsaConfig action="http://fidus.brussels/services/europeandisabilitycardservice/consultAllCards"/></con:request></con:config></con:testStep><con:testStep type="request" id="27502396-0045-4d47-b90c-d7b93d2aefe8" name="testcase03 - Test - External - SSIN_DeceasedPerson_ActiveCard- Request"><con:settings/><con:config xsi:type="con:RequestStep" xmlns:xsi="http://www.w3.org/2001/XMLSchema-instance"><con:interface>EuropeanDisabilityCardServiceHTTPBinding</con:interface><con:operation>consultAllCards</con:operation><con:request name="testcase03 - Test - External - SSIN_DeceasedPerson_ActiveCard- Request" id="bbd7b617-bdc7-4dc2-b582-6f642d02e896" outgoingWss="Outflow TEST"><con:settings/><con:encoding>UTF-8</con:encoding><con:endpoint>https://192.168.24.17:8443/services/EuropeanDisabilityCardService_v1.0</con:endpoint><con:request><![CDATA[<soapenv:Envelope xmlns:soapenv="http://schemas.xmlsoap.org/soap/envelope/" xmlns:v1="http://fidus.brussels/service/europeandisabilitycardservice/messages/v1" xmlns:v11="http://fidus.brussels/type/common/messages/v1">
   <soapenv:Header/>
   <soapenv:Body>
      <v1:consultAllCardsRequest>
         <v1:messageContext>
            <v11:messageId>${=import static java.util.UUID.randomUUID; uuid = randomUUID() as String}</v11:messageId>
            <!--Optional:-->
            <v11:timestamp>${=new java.text.SimpleDateFormat("yyyy-MM-dd'T'HH:mm:ss.SSS").format(new Date())}</v11:timestamp>
         </v1:messageContext>
         <v1:legalContext>ServiceIntegrator</v1:legalContext>
         <v1:request>
            <v1:ssin>21033027563</v1:ssin>
         </v1:request>
      </v1:consultAllCardsRequest>
   </soapenv:Body>
</soapenv:Envelope>]]></con:request><con:assertion type="SOAP Fault Assertion" id="eea51185-a295-4653-aebf-9387febea97c" name="Not SOAP Fault"/><con:assertion type="SOAP Response" id="165db6e4-6462-4df8-84de-f641f717f666" name="SOAP Response"/><con:assertion type="Schema Compliance" id="92f4f7a0-e603-4401-b161-3bfc7f830fed" name="Schema Compliance"><con:configuration/></con:assertion><con:wsaConfig action="http://fidus.brussels/services/europeandisabilitycardservice/consultAllCards"/></con:request></con:config></con:testStep><con:testStep type="request" id="c67a37b9-dba8-4b79-a38e-155b194cba7e" name="testcase03 - Test - External - SSIN_DeceasedPerson_NoActiveCard- Request"><con:settings/><con:config xsi:type="con:RequestStep" xmlns:xsi="http://www.w3.org/2001/XMLSchema-instance"><con:interface>EuropeanDisabilityCardServiceHTTPBinding</con:interface><con:operation>consultAllCards</con:operation><con:request name="testcase03 - Test - External - SSIN_DeceasedPerson_NoActiveCard- Request" id="f51d4447-c176-48f8-8354-be57972768ea" outgoingWss="Outflow TEST"><con:settings/><con:encoding>UTF-8</con:encoding><con:endpoint>https://192.168.24.17:8443/services/EuropeanDisabilityCardService_v1.0</con:endpoint><con:request><![CDATA[<soapenv:Envelope xmlns:soapenv="http://schemas.xmlsoap.org/soap/envelope/" xmlns:v1="http://fidus.brussels/service/europeandisabilitycardservice/messages/v1" xmlns:v11="http://fidus.brussels/type/common/messages/v1">
   <soapenv:Header/>
   <soapenv:Body>
      <v1:consultAllCardsRequest>
         <v1:messageContext>
            <v11:messageId>${=import static java.util.UUID.randomUUID; uuid = randomUUID() as String}</v11:messageId>
            <!--Optional:-->
            <v11:timestamp>${=new java.text.SimpleDateFormat("yyyy-MM-dd'T'HH:mm:ss.SSS").format(new Date())}</v11:timestamp>
         </v1:messageContext>
         <v1:legalContext>ServiceIntegrator</v1:legalContext>
         <v1:request>
            <v1:ssin>18100808031</v1:ssin>
         </v1:request>
      </v1:consultAllCardsRequest>
   </soapenv:Body>
</soapenv:Envelope>]]></con:request><con:assertion type="SOAP Fault Assertion" id="a888beb9-eff5-4f68-9bb5-f9524133626b" name="Not SOAP Fault"/><con:assertion type="SOAP Response" id="d7739f72-42dc-46ed-b8dc-7c1ec5af149b" name="SOAP Response"/><con:assertion type="Schema Compliance" id="8f00a5c8-8136-4ff8-aec8-5f3d656143e6" name="Schema Compliance"><con:configuration/></con:assertion><con:wsaConfig action="http://fidus.brussels/services/europeandisabilitycardservice/consultAllCards"/></con:request></con:config></con:testStep><con:testStep type="request" id="cf1e5bf4-a996-42b4-9b8c-67b0ba985b4b" name="testcase03 - Test - External - ReturnedCard- Request"><con:settings/><con:config xsi:type="con:RequestStep" xmlns:xsi="http://www.w3.org/2001/XMLSchema-instance"><con:interface>EuropeanDisabilityCardServiceHTTPBinding</con:interface><con:operation>consultAllCards</con:operation><con:request name="testcase03 - Test - External - ReturnedCard- Request" id="bdf8f57f-612a-4249-a076-157c22d9dc88" outgoingWss="Outflow TEST"><con:settings/><con:encoding>UTF-8</con:encoding><con:endpoint>https://192.168.24.17:8443/services/EuropeanDisabilityCardService_v1.0</con:endpoint><con:request><![CDATA[<soapenv:Envelope xmlns:soapenv="http://schemas.xmlsoap.org/soap/envelope/" xmlns:v1="http://fidus.brussels/service/europeandisabilitycardservice/messages/v1" xmlns:v11="http://fidus.brussels/type/common/messages/v1">
   <soapenv:Header/>
   <soapenv:Body>
      <v1:consultAllCardsRequest>
         <v1:messageContext>
            <v11:messageId>${=import static java.util.UUID.randomUUID; uuid = randomUUID() as String}</v11:messageId>
            <!--Optional:-->
            <v11:timestamp>${=new java.text.SimpleDateFormat("yyyy-MM-dd'T'HH:mm:ss.SSS").format(new Date())}</v11:timestamp>
         </v1:messageContext>
         <v1:legalContext>ServiceIntegrator</v1:legalContext>
         <v1:request>
            <v1:ssin>77020601578</v1:ssin>
         </v1:request>
      </v1:consultAllCardsRequest>
   </soapenv:Body>
</soapenv:Envelope>]]></con:request><con:assertion type="SOAP Fault Assertion" id="f8933838-00e9-4899-b0eb-8e47a88a9f55" name="Not SOAP Fault"/><con:assertion type="SOAP Response" id="04375d77-85ca-45cb-a737-8ac7755e145c" name="SOAP Response"/><con:assertion type="Schema Compliance" id="585128fc-1ecc-4c69-b0eb-e450c48470f0" name="Schema Compliance"><con:configuration/></con:assertion><con:wsaConfig action="http://fidus.brussels/services/europeandisabilitycardservice/consultAllCards"/></con:request></con:config></con:testStep><con:testStep type="request" id="487aedfa-7c0e-41b6-9b1a-c9b61d5804ff" name="testcase03 - Test - External - FailedCard- Request"><con:settings/><con:config xsi:type="con:RequestStep" xmlns:xsi="http://www.w3.org/2001/XMLSchema-instance"><con:interface>EuropeanDisabilityCardServiceHTTPBinding</con:interface><con:operation>consultAllCards</con:operation><con:request name="testcase03 - Test - External - FailedCard- Request" id="a003f42f-9976-41c3-887f-82c50f4ed284" outgoingWss="Outflow TEST"><con:settings/><con:encoding>UTF-8</con:encoding><con:endpoint>https://192.168.24.17:8443/services/EuropeanDisabilityCardService_v1.0</con:endpoint><con:request><![CDATA[<soapenv:Envelope xmlns:soapenv="http://schemas.xmlsoap.org/soap/envelope/" xmlns:v1="http://fidus.brussels/service/europeandisabilitycardservice/messages/v1" xmlns:v11="http://fidus.brussels/type/common/messages/v1">
   <soapenv:Header/>
   <soapenv:Body>
      <v1:consultAllCardsRequest>
         <v1:messageContext>
            <v11:messageId>${=import static java.util.UUID.randomUUID; uuid = randomUUID() as String}</v11:messageId>
            <!--Optional:-->
            <v11:timestamp>${=new java.text.SimpleDateFormat("yyyy-MM-dd'T'HH:mm:ss.SSS").format(new Date())}</v11:timestamp>
         </v1:messageContext>
         <v1:legalContext>ServiceIntegrator</v1:legalContext>
         <v1:request>
            <v1:ssin>77020601578</v1:ssin>
         </v1:request>
      </v1:consultAllCardsRequest>
   </soapenv:Body>
</soapenv:Envelope>]]></con:request><con:assertion type="SOAP Fault Assertion" id="352c1972-0cdc-4101-b387-4eb0100b9d2f" name="Not SOAP Fault"/><con:assertion type="SOAP Response" id="c7d68931-d049-40d6-99c3-260366c2a934" name="SOAP Response"/><con:assertion type="Schema Compliance" id="15db010f-3751-458a-9b50-ed0dab55a792" name="Schema Compliance"><con:configuration/></con:assertion><con:wsaConfig action="http://fidus.brussels/services/europeandisabilitycardservice/consultAllCards"/></con:request></con:config></con:testStep><con:testStep type="request" id="66a5dbee-4b4a-4060-b30b-aa039a82daa1" name="testcase03 - Test - External - VariousCards- Request"><con:settings/><con:config xsi:type="con:RequestStep" xmlns:xsi="http://www.w3.org/2001/XMLSchema-instance"><con:interface>EuropeanDisabilityCardServiceHTTPBinding</con:interface><con:operation>consultAllCards</con:operation><con:request name="testcase03 - Test - External - VariousCards- Request" id="26ef963e-82e3-40e0-abec-ee3ba9dfc9e2" outgoingWss="Outflow TEST"><con:settings/><con:encoding>UTF-8</con:encoding><con:endpoint>https://192.168.24.17:8443/services/EuropeanDisabilityCardService_v1.0</con:endpoint><con:request><![CDATA[<soapenv:Envelope xmlns:soapenv="http://schemas.xmlsoap.org/soap/envelope/" xmlns:v1="http://fidus.brussels/service/europeandisabilitycardservice/messages/v1" xmlns:v11="http://fidus.brussels/type/common/messages/v1">
   <soapenv:Header/>
   <soapenv:Body>
      <v1:consultAllCardsRequest>
         <v1:messageContext>
            <v11:messageId>${=import static java.util.UUID.randomUUID; uuid = randomUUID() as String}</v11:messageId>
            <!--Optional:-->
            <v11:timestamp>${=new java.text.SimpleDateFormat("yyyy-MM-dd'T'HH:mm:ss.SSS").format(new Date())}</v11:timestamp>
         </v1:messageContext>
         <v1:legalContext>ServiceIntegrator</v1:legalContext>
         <v1:request>
            <v1:ssin>13020111772</v1:ssin>
         </v1:request>
      </v1:consultAllCardsRequest>
   </soapenv:Body>
</soapenv:Envelope>]]></con:request><con:assertion type="SOAP Fault Assertion" id="f15ee29a-c985-424a-8e64-68306a46614f" name="Not SOAP Fault"/><con:assertion type="SOAP Response" id="20e62659-f4be-460d-9fac-d8614210a563" name="SOAP Response"/><con:assertion type="Schema Compliance" id="e7c08723-a44e-4ad5-a2a0-c9abf9c3c9f9" name="Schema Compliance"><con:configuration/></con:assertion><con:wsaConfig action="http://fidus.brussels/services/europeandisabilitycardservice/consultAllCards"/></con:request></con:config></con:testStep><con:properties/></con:testCase><con:testCase id="50adf2b1-64cd-4e1e-aabc-ceb41a680c12" failOnError="true" failTestCaseOnErrors="true" keepSession="false" maxResults="0" name="createCard" searchProperties="true"><con:settings/><con:testStep type="request" id="facd6d14-0dbf-42ba-b85c-bdbae2730973" name="testcase03 - Test - External - Radiated_SSIN - Request"><con:settings/><con:config xsi:type="con:RequestStep" xmlns:xsi="http://www.w3.org/2001/XMLSchema-instance"><con:interface>EuropeanDisabilityCardServiceHTTPBinding</con:interface><con:operation>createCard</con:operation><con:request name="testcase03 - Test - External - Radiated_SSIN - Request" id="d0d28b4e-94a5-40c2-bb3f-de6a27010be7" outgoingWss="Outflow TEST"><con:settings/><con:encoding>UTF-8</con:encoding><con:endpoint>https://192.168.24.17:8443/services/EuropeanDisabilityCardService_v1.0</con:endpoint><con:request><![CDATA[<soapenv:Envelope xmlns:soapenv="http://schemas.xmlsoap.org/soap/envelope/" xmlns:v1="http://fidus.brussels/service/europeandisabilitycardservice/messages/v1" xmlns:v11="http://fidus.brussels/type/common/messages/v1">
   <soapenv:Header/>
   <soapenv:Body>
      <v1:createCardRequest>
         <v1:messageContext>
            <v11:messageId>${=import static java.util.UUID.randomUUID; uuid = randomUUID() as String}</v11:messageId>
            <!--Optional:-->
            <v11:timestamp>${=new java.text.SimpleDateFormat("yyyy-MM-dd'T'HH:mm:ss.SSS").format(new Date())}</v11:timestamp>
         </v1:messageContext>
         <v1:legalContext>ServiceIntegrator</v1:legalContext>
         <v1:request>
            <v1:ssin>89040662426</v1:ssin>
            <v1:emittingPartner>0457419435</v1:emittingPartner>
            <v1:language>NL</v1:language>
            <v1:forceCreation>true</v1:forceCreation>
         </v1:request>
      </v1:createCardRequest>
   </soapenv:Body>
</soapenv:Envelope>]]></con:request><con:assertion type="SOAP Fault Assertion" id="0125050e-1c85-4488-8d91-112780c24ea7" name="Not SOAP Fault"/><con:assertion type="SOAP Response" id="9b971098-cf6a-4aa9-bcc7-60c5bebe0f3b" name="SOAP Response"/><con:assertion type="Schema Compliance" id="ec5f9dfb-b915-4b6f-b807-4467cb9bb3af" name="Schema Compliance"><con:configuration/></con:assertion><con:wsaConfig action="http://fidus.brussels/services/europeandisabilitycardservice/createCard"/></con:request></con:config></con:testStep><con:testStep type="request" id="015de9e8-6768-4426-aeee-26528718ac2f" name="testcase03 - Test - LB - Request"><con:settings/><con:config xsi:type="con:RequestStep" xmlns:xsi="http://www.w3.org/2001/XMLSchema-instance"><con:interface>EuropeanDisabilityCardServiceHTTPBinding</con:interface><con:operation>createCard</con:operation><con:request name="testcase03 - Test - LB - Request" id="b5f9c7bd-c1ae-4f3b-83e2-e627a317deac" outgoingWss="Outflow TEST"><con:settings/><con:encoding>UTF-8</con:encoding><con:endpoint>https://esb-security-gw.sta.srv.cirb.lan:8443/services/EuropeanDisabilityCardService_v1.0</con:endpoint><con:request><![CDATA[<soapenv:Envelope xmlns:soapenv="http://schemas.xmlsoap.org/soap/envelope/" xmlns:v1="http://fidus.brussels/service/europeandisabilitycardservice/messages/v1" xmlns:v11="http://fidus.brussels/type/common/messages/v1">
   <soapenv:Header/>
   <soapenv:Body>
      <v1:createCardRequest>
         <v1:messageContext>
            <v11:messageId>${=import static java.util.UUID.randomUUID; uuid = randomUUID() as String}</v11:messageId>
            <!--Optional:-->
            <v11:timestamp>${=new java.text.SimpleDateFormat("yyyy-MM-dd'T'HH:mm:ss.SSS").format(new Date())}</v11:timestamp>
         </v1:messageContext>
         <v1:legalContext>ServiceIntegrator</v1:legalContext>
         <v1:request>
            <v1:ssin>84072002128</v1:ssin>
            <v1:emittingPartner>0646877855</v1:emittingPartner>
            <v1:language>NL</v1:language>
            <v1:forceCreation>true</v1:forceCreation>
         </v1:request>
      </v1:createCardRequest>
   </soapenv:Body>
</soapenv:Envelope>]]></con:request><con:assertion type="SOAP Fault Assertion" id="1051a634-1084-432e-b112-b23794e82507" name="Not SOAP Fault"/><con:assertion type="SOAP Response" id="f1a69579-3cf0-44ac-9fbf-1ea954c394c2" name="SOAP Response"/><con:assertion type="Schema Compliance" id="3df1867a-bfa4-4490-8855-ddca7590a7ab" name="Schema Compliance"><con:configuration/></con:assertion><con:wsaConfig action="http://fidus.brussels/services/europeandisabilitycardservice/createCard"/></con:request></con:config></con:testStep><con:testStep type="request" id="5052c069-559d-4361-85e8-79dd4b627c29" name="testcase03 - Test - Worker1 - Request"><con:settings/><con:config xsi:type="con:RequestStep" xmlns:xsi="http://www.w3.org/2001/XMLSchema-instance"><con:interface>EuropeanDisabilityCardServiceHTTPBinding</con:interface><con:operation>createCard</con:operation><con:request name="testcase03 - Test - Worker1 - Request" id="f5631f49-1ee8-435b-b683-f9c73939f6ef" outgoingWss="Outflow TEST"><con:settings/><con:encoding>UTF-8</con:encoding><con:endpoint>https://192.168.24.45:8443/services/EuropeanDisabilityCardService_v1.0</con:endpoint><con:request><![CDATA[<soapenv:Envelope xmlns:soapenv="http://schemas.xmlsoap.org/soap/envelope/" xmlns:v1="http://fidus.brussels/service/europeandisabilitycardservice/messages/v1" xmlns:v11="http://fidus.brussels/type/common/messages/v1">
   <soapenv:Header/>
   <soapenv:Body>
      <v1:createCardRequest>
         <v1:messageContext>
            <v11:messageId>${=import static java.util.UUID.randomUUID; uuid = randomUUID() as String}</v11:messageId>
            <!--Optional:-->
            <v11:timestamp>${=new java.text.SimpleDateFormat("yyyy-MM-dd'T'HH:mm:ss.SSS").format(new Date())}</v11:timestamp>
         </v1:messageContext>
         <v1:legalContext>ServiceIntegrator</v1:legalContext>
         <v1:request>
            <v1:ssin>84072002128</v1:ssin>
            <v1:emittingPartner>0457419435</v1:emittingPartner>
            <v1:language>NL</v1:language>
            <v1:forceCreation>true</v1:forceCreation>
         </v1:request>
      </v1:createCardRequest>
   </soapenv:Body>
</soapenv:Envelope>]]></con:request><con:assertion type="SOAP Fault Assertion" id="bf01ca32-aa70-4368-9056-880b1446c888" name="Not SOAP Fault"/><con:assertion type="SOAP Response" id="2262ab54-15bb-451f-93f5-39fb4fb2a32b" name="SOAP Response"/><con:assertion type="Schema Compliance" id="f0716cef-6159-42f3-9e6e-d0b4cccef510" name="Schema Compliance"><con:configuration/></con:assertion><con:wsaConfig action="http://fidus.brussels/services/europeandisabilitycardservice/createCard"/></con:request></con:config></con:testStep><con:testStep type="request" id="afeb8a5c-de76-4386-9217-b7b1d802b173" name="testcase03 - Test - Worker2 - Request"><con:settings/><con:config xsi:type="con:RequestStep" xmlns:xsi="http://www.w3.org/2001/XMLSchema-instance"><con:interface>EuropeanDisabilityCardServiceHTTPBinding</con:interface><con:operation>createCard</con:operation><con:request name="testcase03 - Test - Worker2 - Request" id="38193645-0c3c-4453-9e7d-b4c1f89ec718" outgoingWss="Outflow TEST"><con:settings/><con:encoding>UTF-8</con:encoding><con:endpoint>https://192.168.24.51:8443/services/EuropeanDisabilityCardService_v1.0</con:endpoint><con:request><![CDATA[<soapenv:Envelope xmlns:soapenv="http://schemas.xmlsoap.org/soap/envelope/" xmlns:v1="http://fidus.brussels/service/europeandisabilitycardservice/messages/v1" xmlns:v11="http://fidus.brussels/type/common/messages/v1">
   <soapenv:Header/>
   <soapenv:Body>
      <v1:createCardRequest>
         <v1:messageContext>
            <v11:messageId>${=import static java.util.UUID.randomUUID; uuid = randomUUID() as String}</v11:messageId>
            <!--Optional:-->
            <v11:timestamp>${=new java.text.SimpleDateFormat("yyyy-MM-dd'T'HH:mm:ss.SSS").format(new Date())}</v11:timestamp>
         </v1:messageContext>
         <v1:legalContext>ServiceIntegrator</v1:legalContext>
         <v1:request>
            <v1:ssin>84072002128</v1:ssin>
            <v1:emittingPartner>0646877855</v1:emittingPartner>
            <v1:language>NL</v1:language>
            <v1:forceCreation>true</v1:forceCreation>
         </v1:request>
      </v1:createCardRequest>
   </soapenv:Body>
</soapenv:Envelope>]]></con:request><con:assertion type="SOAP Fault Assertion" id="2c9b9a2a-f0f5-4192-9f6b-7f97040e769a" name="Not SOAP Fault"/><con:assertion type="SOAP Response" id="31543574-8f02-4512-91a7-987d4871161d" name="SOAP Response"/><con:assertion type="Schema Compliance" id="953fd759-73d3-4dcf-96a0-5d6daa1fca3b" name="Schema Compliance"><con:configuration/></con:assertion><con:wsaConfig action="http://fidus.brussels/services/europeandisabilitycardservice/createCard"/></con:request></con:config></con:testStep><con:testStep type="request" id="391376e5-3477-460f-afca-c90aae3bff5a" name="testcase03 - Test - External - Cancelled_SSIN - Request"><con:settings/><con:config xsi:type="con:RequestStep" xmlns:xsi="http://www.w3.org/2001/XMLSchema-instance"><con:interface>EuropeanDisabilityCardServiceHTTPBinding</con:interface><con:operation>createCard</con:operation><con:request name="testcase03 - Test - External - Cancelled_SSIN - Request" id="f7136d5c-a0c6-45b2-8f94-ec3dfdbb38d5" outgoingWss="Outflow TEST"><con:settings/><con:encoding>UTF-8</con:encoding><con:endpoint>https://192.168.24.17:8443/services/EuropeanDisabilityCardService_v1.0</con:endpoint><con:request><![CDATA[<soapenv:Envelope xmlns:soapenv="http://schemas.xmlsoap.org/soap/envelope/" xmlns:v1="http://fidus.brussels/service/europeandisabilitycardservice/messages/v1" xmlns:v11="http://fidus.brussels/type/common/messages/v1">
   <soapenv:Header/>
   <soapenv:Body>
      <v1:createCardRequest>
         <v1:messageContext>
            <v11:messageId>${=import static java.util.UUID.randomUUID; uuid = randomUUID() as String}</v11:messageId>
            <!--Optional:-->
            <v11:timestamp>${=new java.text.SimpleDateFormat("yyyy-MM-dd'T'HH:mm:ss.SSS").format(new Date())}</v11:timestamp>
         </v1:messageContext>
         <v1:legalContext>ServiceIntegrator</v1:legalContext>
         <v1:request>
            <v1:ssin>49010193967</v1:ssin>
            <v1:emittingPartner>0457419435</v1:emittingPartner>
            <v1:language>NL</v1:language>
            <v1:forceCreation>false</v1:forceCreation>
         </v1:request>
      </v1:createCardRequest>
   </soapenv:Body>
</soapenv:Envelope>]]></con:request><con:assertion type="SOAP Fault Assertion" id="21f494ba-f44a-4305-b96a-bde6ade4fbaf" name="Not SOAP Fault"/><con:assertion type="SOAP Response" id="071c1da3-394f-4a42-a60e-9785554c1c2c" name="SOAP Response"/><con:assertion type="Schema Compliance" id="908fa09e-fbbe-4e4c-8a89-6d435dff6458" name="Schema Compliance"><con:configuration/></con:assertion><con:wsaConfig action="http://fidus.brussels/services/europeandisabilitycardservice/createCard"/></con:request></con:config></con:testStep><con:testStep type="request" id="5a699d8d-80a8-4807-92d7-e2bca71ab2ef" name="testcase03 - Test - External - SSIN_DeceasedPerson - Request"><con:settings/><con:config xsi:type="con:RequestStep" xmlns:xsi="http://www.w3.org/2001/XMLSchema-instance"><con:interface>EuropeanDisabilityCardServiceHTTPBinding</con:interface><con:operation>createCard</con:operation><con:request name="testcase03 - Test - External - SSIN_DeceasedPerson - Request" id="fd30045b-8f7b-496b-a8e1-178379d097cb" outgoingWss="Outflow TEST"><con:settings/><con:encoding>UTF-8</con:encoding><con:endpoint>https://192.168.24.17:8443/services/EuropeanDisabilityCardService_v1.0</con:endpoint><con:request><![CDATA[<soapenv:Envelope xmlns:soapenv="http://schemas.xmlsoap.org/soap/envelope/" xmlns:v1="http://fidus.brussels/service/europeandisabilitycardservice/messages/v1" xmlns:v11="http://fidus.brussels/type/common/messages/v1">
   <soapenv:Header/>
   <soapenv:Body>
      <v1:createCardRequest>
         <v1:messageContext>
            <v11:messageId>${=import static java.util.UUID.randomUUID; uuid = randomUUID() as String}</v11:messageId>
            <!--Optional:-->
            <v11:timestamp>${=new java.text.SimpleDateFormat("yyyy-MM-dd'T'HH:mm:ss.SSS").format(new Date())}</v11:timestamp>
         </v1:messageContext>
         <v1:legalContext>ServiceIntegrator</v1:legalContext>
         <v1:request>
            <v1:ssin>18100808031</v1:ssin>
            <v1:emittingPartner>0457419435</v1:emittingPartner>
            <v1:language>NL</v1:language>
            <v1:forceCreation>false</v1:forceCreation>
         </v1:request>
      </v1:createCardRequest>
   </soapenv:Body>
</soapenv:Envelope>]]></con:request><con:assertion type="SOAP Fault Assertion" id="f91db667-b00c-47e0-80dc-e70eb823362b" name="Not SOAP Fault"/><con:assertion type="SOAP Response" id="61705c47-adbb-4c36-91bb-fd733544edd8" name="SOAP Response"/><con:assertion type="Schema Compliance" id="453aeb6a-903f-4cd4-a86e-7870f4b27349" name="Schema Compliance"><con:configuration/></con:assertion><con:wsaConfig action="http://fidus.brussels/services/europeandisabilitycardservice/createCard"/></con:request></con:config></con:testStep><con:testStep type="request" id="0fdfe0fc-0225-49e1-a818-29e93123df5d" name="testcase03 - Test - External - CBE_NotValid_EmittingPartner - Request"><con:settings/><con:config xsi:type="con:RequestStep" xmlns:xsi="http://www.w3.org/2001/XMLSchema-instance"><con:interface>EuropeanDisabilityCardServiceHTTPBinding</con:interface><con:operation>createCard</con:operation><con:request name="testcase03 - Test - External - CBE_NotValid_EmittingPartner - Request" id="4674c0fd-d538-431f-bf0f-9136010c6877" outgoingWss="Outflow TEST"><con:settings/><con:encoding>UTF-8</con:encoding><con:endpoint>https://192.168.24.17:8443/services/EuropeanDisabilityCardService_v1.0</con:endpoint><con:request><![CDATA[<soapenv:Envelope xmlns:soapenv="http://schemas.xmlsoap.org/soap/envelope/" xmlns:v1="http://fidus.brussels/service/europeandisabilitycardservice/messages/v1" xmlns:v11="http://fidus.brussels/type/common/messages/v1">
   <soapenv:Header/>
   <soapenv:Body>
      <v1:createCardRequest>
         <v1:messageContext>
            <v11:messageId>${=import static java.util.UUID.randomUUID; uuid = randomUUID() as String}</v11:messageId>
            <!--Optional:-->
            <v11:timestamp>${=new java.text.SimpleDateFormat("yyyy-MM-dd'T'HH:mm:ss.SSS").format(new Date())}</v11:timestamp>
         </v1:messageContext>
         <v1:legalContext>ServiceIntegrator</v1:legalContext>
         <v1:request>
            <v1:ssin>50081133058</v1:ssin>
            <v1:emittingPartner>0887164275</v1:emittingPartner>
            <v1:language>NL</v1:language>
            <v1:forceCreation>false</v1:forceCreation>
         </v1:request>
      </v1:createCardRequest>
   </soapenv:Body>
</soapenv:Envelope>]]></con:request><con:assertion type="SOAP Fault Assertion" id="04e9c391-7311-465e-9ff7-7f6d9674ee40" name="Not SOAP Fault"/><con:assertion type="SOAP Response" id="494b5e74-6acc-4259-a32b-b40794dfaa69" name="SOAP Response"/><con:assertion type="Schema Compliance" id="2696f0bb-8fce-4164-bcfc-b2490d85e268" name="Schema Compliance"><con:configuration/></con:assertion><con:wsaConfig action="http://fidus.brussels/services/europeandisabilitycardservice/createCard"/></con:request></con:config></con:testStep><con:testStep type="request" id="d5c38f18-382d-4455-8724-43ccda16fb6c" name="testcase03 - Test - External - ActiveCard_Other_EmittingPartner - Request"><con:settings/><con:config xsi:type="con:RequestStep" xmlns:xsi="http://www.w3.org/2001/XMLSchema-instance"><con:interface>EuropeanDisabilityCardServiceHTTPBinding</con:interface><con:operation>createCard</con:operation><con:request name="testcase03 - Test - External - ActiveCard_Other_EmittingPartner - Request" id="092d1812-e6ec-4023-aee4-736286944cbc" outgoingWss="Outflow TEST"><con:settings/><con:encoding>UTF-8</con:encoding><con:endpoint>https://192.168.24.17:8443/services/EuropeanDisabilityCardService_v1.0</con:endpoint><con:request><![CDATA[<soapenv:Envelope xmlns:soapenv="http://schemas.xmlsoap.org/soap/envelope/" xmlns:v1="http://fidus.brussels/service/europeandisabilitycardservice/messages/v1" xmlns:v11="http://fidus.brussels/type/common/messages/v1">
   <soapenv:Header/>
   <soapenv:Body>
      <v1:createCardRequest>
         <v1:messageContext>
            <v11:messageId>${=import static java.util.UUID.randomUUID; uuid = randomUUID() as String}</v11:messageId>
            <!--Optional:-->
            <v11:timestamp>${=new java.text.SimpleDateFormat("yyyy-MM-dd'T'HH:mm:ss.SSS").format(new Date())}</v11:timestamp>
         </v1:messageContext>
         <v1:legalContext>ServiceIntegrator</v1:legalContext>
         <v1:request>
            <v1:ssin>50081133058</v1:ssin>
            <v1:emittingPartner>0457419435</v1:emittingPartner>
            <v1:language>NL</v1:language>
            <v1:forceCreation>false</v1:forceCreation>
         </v1:request>
      </v1:createCardRequest>
   </soapenv:Body>
</soapenv:Envelope>]]></con:request><con:assertion type="SOAP Fault Assertion" id="d372a4ba-fdcf-43b9-ab5a-a3a8cdc4abf8" name="Not SOAP Fault"/><con:assertion type="SOAP Response" id="90320150-543a-4cee-868e-76f16d4a0b20" name="SOAP Response"/><con:assertion type="Schema Compliance" id="af80551a-f766-4abb-a891-8250aa4f58d6" name="Schema Compliance"><con:configuration/></con:assertion><con:wsaConfig action="http://fidus.brussels/services/europeandisabilitycardservice/createCard"/></con:request></con:config></con:testStep><con:testStep type="request" id="53acaa63-b5a2-4a2b-8401-3451d46494bd" name="testcase03 - Test - External - CreateCard - Request"><con:settings/><con:config xsi:type="con:RequestStep" xmlns:xsi="http://www.w3.org/2001/XMLSchema-instance"><con:interface>EuropeanDisabilityCardServiceHTTPBinding</con:interface><con:operation>createCard</con:operation><con:request name="testcase03 - Test - External - CreateCard - Request" id="92436be4-f0da-4dc2-a1c5-56e3615c9e7f" outgoingWss="Outflow TEST"><con:settings/><con:encoding>UTF-8</con:encoding><con:endpoint>https://192.168.24.17:8443/services/EuropeanDisabilityCardService_v1.0</con:endpoint><con:request><![CDATA[<soapenv:Envelope xmlns:soapenv="http://schemas.xmlsoap.org/soap/envelope/" xmlns:v1="http://fidus.brussels/service/europeandisabilitycardservice/messages/v1" xmlns:v11="http://fidus.brussels/type/common/messages/v1">
   <soapenv:Header/>
   <soapenv:Body>
      <v1:createCardRequest>
         <v1:messageContext>
            <v11:messageId>${=import static java.util.UUID.randomUUID; uuid = randomUUID() as String}</v11:messageId>
            <!--Optional:-->
            <v11:timestamp>${=new java.text.SimpleDateFormat("yyyy-MM-dd'T'HH:mm:ss.SSS").format(new Date())}</v11:timestamp>
         </v1:messageContext>
         <v1:legalContext>ServiceIntegrator</v1:legalContext>
         <v1:request>
            <v1:ssin>91040526866</v1:ssin>
            <v1:emittingPartner>0457419435</v1:emittingPartner>
            <v1:language>NL</v1:language>
            <v1:forceCreation>true</v1:forceCreation>
         </v1:request>
      </v1:createCardRequest>
   </soapenv:Body>
</soapenv:Envelope>]]></con:request><con:assertion type="SOAP Fault Assertion" id="ba5012ce-5f94-4d70-b816-d75be141dc28" name="Not SOAP Fault"/><con:assertion type="SOAP Response" id="faf67fe8-6ad3-4aa2-989e-8c7c1a949ed3" name="SOAP Response"/><con:assertion type="Schema Compliance" id="8305ad1b-a0e1-4946-931d-8d074947a272" name="Schema Compliance"><con:configuration/></con:assertion><con:wsaConfig action="http://fidus.brussels/services/europeandisabilitycardservice/createCard"/></con:request></con:config></con:testStep><con:testStep type="request" id="c085f479-a91d-4c72-87ed-60197f0b4928" name="testcase03 - Test - External - CreateNewCard_CardActive - Request"><con:settings/><con:config xsi:type="con:RequestStep" xmlns:xsi="http://www.w3.org/2001/XMLSchema-instance"><con:interface>EuropeanDisabilityCardServiceHTTPBinding</con:interface><con:operation>createCard</con:operation><con:request name="testcase03 - Test - External - CreateNewCard_CardActive - Request" id="a6ff514b-c9f5-432b-b29e-e92a9b4f0980" outgoingWss="Outflow TEST"><con:settings/><con:encoding>UTF-8</con:encoding><con:endpoint>https://192.168.24.17:8443/services/EuropeanDisabilityCardService_v1.0</con:endpoint><con:request><![CDATA[<soapenv:Envelope xmlns:soapenv="http://schemas.xmlsoap.org/soap/envelope/" xmlns:v1="http://fidus.brussels/service/europeandisabilitycardservice/messages/v1" xmlns:v11="http://fidus.brussels/type/common/messages/v1">
   <soapenv:Header/>
   <soapenv:Body>
      <v1:createCardRequest>
         <v1:messageContext>
            <v11:messageId>${=import static java.util.UUID.randomUUID; uuid = randomUUID() as String}</v11:messageId>
            <!--Optional:-->
            <v11:timestamp>${=new java.text.SimpleDateFormat("yyyy-MM-dd'T'HH:mm:ss.SSS").format(new Date())}</v11:timestamp>
         </v1:messageContext>
         <v1:legalContext>ServiceIntegrator</v1:legalContext>
         <v1:request>
            <v1:ssin>84010118405</v1:ssin>
            <v1:emittingPartner>0457419435</v1:emittingPartner>
            <v1:language>NL</v1:language>
            <v1:forceCreation>false</v1:forceCreation>
         </v1:request>
      </v1:createCardRequest>
   </soapenv:Body>
</soapenv:Envelope>]]></con:request><con:assertion type="SOAP Fault Assertion" id="98b1adf4-07b4-4579-acc8-3c7dc4d6a645" name="Not SOAP Fault"/><con:assertion type="SOAP Response" id="46b6e908-7892-426b-abaa-972279ce12ac" name="SOAP Response"/><con:assertion type="Schema Compliance" id="a8b6c13e-2b32-468e-9931-74fcae907930" name="Schema Compliance"><con:configuration/></con:assertion><con:wsaConfig action="http://fidus.brussels/services/europeandisabilitycardservice/createCard"/></con:request></con:config></con:testStep><con:testStep type="request" id="575f2ee3-bb75-4bb1-9ff7-6d8fe2f8969e" name="testcase03 - Test - External - ForceCreateNewCard - Request"><con:settings/><con:config xsi:type="con:RequestStep" xmlns:xsi="http://www.w3.org/2001/XMLSchema-instance"><con:interface>EuropeanDisabilityCardServiceHTTPBinding</con:interface><con:operation>createCard</con:operation><con:request name="testcase03 - Test - External - ForceCreateNewCard - Request" id="534563a1-a84d-4ab6-96fe-97c8288a68ef" outgoingWss="Outflow TEST"><con:settings/><con:encoding>UTF-8</con:encoding><con:endpoint>https://192.168.24.17:8443/services/EuropeanDisabilityCardService_v1.0</con:endpoint><con:request><![CDATA[<soapenv:Envelope xmlns:soapenv="http://schemas.xmlsoap.org/soap/envelope/" xmlns:v1="http://fidus.brussels/service/europeandisabilitycardservice/messages/v1" xmlns:v11="http://fidus.brussels/type/common/messages/v1">
   <soapenv:Header/>
   <soapenv:Body>
      <v1:createCardRequest>
         <v1:messageContext>
            <v11:messageId>${=import static java.util.UUID.randomUUID; uuid = randomUUID() as String}</v11:messageId>
            <!--Optional:-->
            <v11:timestamp>${=new java.text.SimpleDateFormat("yyyy-MM-dd'T'HH:mm:ss.SSS").format(new Date())}</v11:timestamp>
         </v1:messageContext>
         <v1:legalContext>ServiceIntegrator</v1:legalContext>
         <v1:request>
            <v1:ssin>50081133058</v1:ssin>
            <v1:emittingPartner>0457419435</v1:emittingPartner>
            <v1:language>NL</v1:language>
            <v1:forceCreation>true</v1:forceCreation>
         </v1:request>
      </v1:createCardRequest>
   </soapenv:Body>
</soapenv:Envelope>]]></con:request><con:assertion type="SOAP Fault Assertion" id="a2f66272-bfe5-492a-915b-87ef90782f17" name="Not SOAP Fault"/><con:assertion type="SOAP Response" id="dabf68e0-ff0b-4704-bf84-7a7b998053d4" name="SOAP Response"/><con:assertion type="Schema Compliance" id="3d4b753a-aca2-4c9d-bb07-55227e73170a" name="Schema Compliance"><con:configuration/></con:assertion><con:wsaConfig action="http://fidus.brussels/services/europeandisabilitycardservice/createCard"/></con:request></con:config></con:testStep><con:testStep type="request" id="b1a133a4-8540-460d-a16a-ba32bebcd86d" name="testcase03 - Test - External - 30.ForceCreateNewCard - Request"><con:settings/><con:config xsi:type="con:RequestStep" xmlns:xsi="http://www.w3.org/2001/XMLSchema-instance"><con:interface>EuropeanDisabilityCardServiceHTTPBinding</con:interface><con:operation>createCard</con:operation><con:request name="testcase03 - Test - External - 30.ForceCreateNewCard - Request" id="8eaa89e4-3ce8-403d-a384-1de31f9982d9" outgoingWss="Outflow TEST"><con:settings/><con:encoding>UTF-8</con:encoding><con:endpoint>https://192.168.24.17:8443/services/EuropeanDisabilityCardService_v1.0</con:endpoint><con:request><![CDATA[<soapenv:Envelope xmlns:soapenv="http://schemas.xmlsoap.org/soap/envelope/" xmlns:v1="http://fidus.brussels/service/europeandisabilitycardservice/messages/v1" xmlns:v11="http://fidus.brussels/type/common/messages/v1">
   <soapenv:Header/>
   <soapenv:Body>
      <v1:createCardRequest>
         <v1:messageContext>
            <v11:messageId>${=import static java.util.UUID.randomUUID; uuid = randomUUID() as String}</v11:messageId>
            <!--Optional:-->
            <v11:timestamp>${=new java.text.SimpleDateFormat("yyyy-MM-dd'T'HH:mm:ss.SSS").format(new Date())}</v11:timestamp>
         </v1:messageContext>
         <v1:legalContext>ServiceIntegrator</v1:legalContext>
         <v1:request>
            <v1:ssin>67052624133</v1:ssin>
            <v1:emittingPartner>0457419435</v1:emittingPartner>
            <v1:language>NL</v1:language>
            <v1:forceCreation>true</v1:forceCreation>
         </v1:request>
      </v1:createCardRequest>
   </soapenv:Body>
</soapenv:Envelope>]]></con:request><con:assertion type="SOAP Fault Assertion" id="842829d9-f1ae-4fd5-ae86-916083163674" name="Not SOAP Fault"/><con:assertion type="SOAP Response" id="2ce21fb7-3db0-4767-9d22-bc0e654e00ee" name="SOAP Response"/><con:assertion type="Schema Compliance" id="b06baf0e-d80b-4cf8-b65d-39884ef172ba" name="Schema Compliance"><con:configuration/></con:assertion><con:wsaConfig action="http://fidus.brussels/services/europeandisabilitycardservice/createCard"/></con:request></con:config></con:testStep><con:testStep type="request" id="ff7dfe50-3888-45c8-af8d-fa9312b83080" name="testcase03 - Test - External - 31.CreateCard_CancelledCard - Request"><con:settings/><con:config xsi:type="con:RequestStep" xmlns:xsi="http://www.w3.org/2001/XMLSchema-instance"><con:interface>EuropeanDisabilityCardServiceHTTPBinding</con:interface><con:operation>createCard</con:operation><con:request name="testcase03 - Test - External - 31.CreateCard_CancelledCard - Request" id="c787e202-eb1f-4b20-a4b0-83ad4aff618c" outgoingWss="Outflow TEST"><con:settings/><con:encoding>UTF-8</con:encoding><con:endpoint>https://192.168.24.17:8443/services/EuropeanDisabilityCardService_v1.0</con:endpoint><con:request><![CDATA[<soapenv:Envelope xmlns:soapenv="http://schemas.xmlsoap.org/soap/envelope/" xmlns:v1="http://fidus.brussels/service/europeandisabilitycardservice/messages/v1" xmlns:v11="http://fidus.brussels/type/common/messages/v1">
   <soapenv:Header/>
   <soapenv:Body>
      <v1:createCardRequest>
         <v1:messageContext>
            <v11:messageId>${=import static java.util.UUID.randomUUID; uuid = randomUUID() as String}</v11:messageId>
            <!--Optional:-->
            <v11:timestamp>${=new java.text.SimpleDateFormat("yyyy-MM-dd'T'HH:mm:ss.SSS").format(new Date())}</v11:timestamp>
         </v1:messageContext>
         <v1:legalContext>ServiceIntegrator</v1:legalContext>
         <v1:request>
            <v1:ssin>64061324572</v1:ssin>
            <v1:emittingPartner>0457419435</v1:emittingPartner>
            <v1:language>NL</v1:language>
            <v1:forceCreation>false</v1:forceCreation>
         </v1:request>
      </v1:createCardRequest>
   </soapenv:Body>
</soapenv:Envelope>]]></con:request><con:assertion type="SOAP Fault Assertion" id="7b531d9d-d6cb-4545-b076-0274f98a8ae6" name="Not SOAP Fault"/><con:assertion type="SOAP Response" id="22aa45c4-ddc2-4350-a57c-d0ccd2028c48" name="SOAP Response"/><con:assertion type="Schema Compliance" id="fdd5934b-dc17-4c07-aadd-3affafc357ba" name="Schema Compliance"><con:configuration/></con:assertion><con:wsaConfig action="http://fidus.brussels/services/europeandisabilitycardservice/createCard"/></con:request></con:config></con:testStep><con:testStep type="request" id="d7a54c9b-245e-4ffb-8c78-2488daee7ea9" name="testcase03 - Test - External - 32.ForcedCreateCard_ActiveCard - Request"><con:settings/><con:config xsi:type="con:RequestStep" xmlns:xsi="http://www.w3.org/2001/XMLSchema-instance"><con:interface>EuropeanDisabilityCardServiceHTTPBinding</con:interface><con:operation>createCard</con:operation><con:request name="testcase03 - Test - External - 32.ForcedCreateCard_ActiveCard - Request" id="b665aa4a-5f05-4461-9d26-8d88b00cdb4e" outgoingWss="Outflow TEST"><con:settings/><con:encoding>UTF-8</con:encoding><con:endpoint>https://192.168.24.17:8443/services/EuropeanDisabilityCardService_v1.0</con:endpoint><con:request><![CDATA[<soapenv:Envelope xmlns:soapenv="http://schemas.xmlsoap.org/soap/envelope/" xmlns:v1="http://fidus.brussels/service/europeandisabilitycardservice/messages/v1" xmlns:v11="http://fidus.brussels/type/common/messages/v1">
   <soapenv:Header/>
   <soapenv:Body>
      <v1:createCardRequest>
         <v1:messageContext>
            <v11:messageId>${=import static java.util.UUID.randomUUID; uuid = randomUUID() as String}</v11:messageId>
            <!--Optional:-->
            <v11:timestamp>${=new java.text.SimpleDateFormat("yyyy-MM-dd'T'HH:mm:ss.SSS").format(new Date())}</v11:timestamp>
         </v1:messageContext>
         <v1:legalContext>ServiceIntegrator</v1:legalContext>
         <v1:request>
            <v1:ssin>64061324572</v1:ssin>
            <v1:emittingPartner>0457419435</v1:emittingPartner>
            <v1:language>NL</v1:language>
            <v1:forceCreation>true</v1:forceCreation>
         </v1:request>
      </v1:createCardRequest>
   </soapenv:Body>
</soapenv:Envelope>]]></con:request><con:assertion type="SOAP Fault Assertion" id="6f5dd769-674e-4f8f-bc6f-0a07cf7d31fe" name="Not SOAP Fault"/><con:assertion type="SOAP Response" id="a754de12-f9c4-4821-90ff-88712fca28da" name="SOAP Response"/><con:assertion type="Schema Compliance" id="94602229-7851-4f1a-9315-06f99f27d0d0" name="Schema Compliance"><con:configuration/></con:assertion><con:wsaConfig action="http://fidus.brussels/services/europeandisabilitycardservice/createCard"/></con:request></con:config></con:testStep><con:properties/></con:testCase><con:testCase id="22ad9462-c855-45f7-b947-91d21e7ade48" failOnError="true" failTestCaseOnErrors="true" keepSession="false" maxResults="0" name="stopOrCancelCard" searchProperties="true"><con:settings/><con:testStep type="request" id="8999c5d9-b110-4bf3-bf00-067858d76833" name="testcase03 - Test - External - 35.CBE_NoValidEmittingPartner - Request"><con:settings/><con:config xsi:type="con:RequestStep" xmlns:xsi="http://www.w3.org/2001/XMLSchema-instance"><con:interface>EuropeanDisabilityCardServiceHTTPBinding</con:interface><con:operation>stopOrCancelCard</con:operation><con:request name="testcase03 - Test - External - 35.CBE_NoValidEmittingPartner - Request" id="dced7725-7348-4599-afcc-52663571366e" outgoingWss="Outflow TEST"><con:settings/><con:encoding>UTF-8</con:encoding><con:endpoint>https://192.168.24.17:8443/services/EuropeanDisabilityCardService_v1.0</con:endpoint><con:request><![CDATA[<soapenv:Envelope xmlns:soapenv="http://schemas.xmlsoap.org/soap/envelope/" xmlns:v1="http://fidus.brussels/service/europeandisabilitycardservice/messages/v1" xmlns:v11="http://fidus.brussels/type/common/messages/v1">
   <soapenv:Header/>
   <soapenv:Body>
      <v1:stopOrCancelCardRequest>
         <v1:messageContext>
            <v11:messageId>${=import static java.util.UUID.randomUUID; uuid = randomUUID() as String}</v11:messageId>
            <!--Optional:-->
            <v11:timestamp>${=new java.text.SimpleDateFormat("yyyy-MM-dd'T'HH:mm:ss.SSS").format(new Date())}</v11:timestamp>
         </v1:messageContext>
         <v1:legalContext>ServiceIntegrator</v1:legalContext>
         <v1:request>            
            <v1:cardNumber>10000000115</v1:cardNumber>
            <v1:emittingPartner>0646877855</v1:emittingPartner>
         </v1:request>
      </v1:stopOrCancelCardRequest>
   </soapenv:Body>
</soapenv:Envelope>]]></con:request><con:assertion type="SOAP Fault Assertion" id="b451d7dc-6dee-44ed-bb06-91d13751e6d8" name="Not SOAP Fault"/><con:assertion type="SOAP Response" id="11085d99-0cc7-4f42-bb8b-aa34ecfd9e82" name="SOAP Response"/><con:assertion type="Schema Compliance" id="65a24844-53d7-4ef9-8bed-28de0734873a" name="Schema Compliance"><con:configuration/></con:assertion><con:wsaConfig action="http://fidus.brussels/services/europeandisabilitycardservice/stopOrCancelCard"/></con:request></con:config></con:testStep><con:testStep type="request" id="d63c10a2-a006-48bf-a9c8-99811fda2376" name="testcase03 - Test - LB - Request"><con:settings/><con:config xsi:type="con:RequestStep" xmlns:xsi="http://www.w3.org/2001/XMLSchema-instance"><con:interface>EuropeanDisabilityCardServiceHTTPBinding</con:interface><con:operation>stopOrCancelCard</con:operation><con:request name="testcase03 - Test - LB - Request" id="fe7836e9-66bc-4242-97e3-4b7691e42cac" outgoingWss="Outflow TEST"><con:settings/><con:encoding>UTF-8</con:encoding><con:endpoint>https://esb-security-gw.sta.srv.cirb.lan:8443/services/EuropeanDisabilityCardService_v1.0</con:endpoint><con:request><![CDATA[<soapenv:Envelope xmlns:soapenv="http://schemas.xmlsoap.org/soap/envelope/" xmlns:v1="http://fidus.brussels/service/europeandisabilitycardservice/messages/v1" xmlns:v11="http://fidus.brussels/type/common/messages/v1">
   <soapenv:Header/>
   <soapenv:Body>
      <v1:stopOrCancelCardRequest>
         <v1:messageContext>
            <v11:messageId>${=import static java.util.UUID.randomUUID; uuid = randomUUID() as String}</v11:messageId>
            <!--Optional:-->
            <v11:timestamp>${=new java.text.SimpleDateFormat("yyyy-MM-dd'T'HH:mm:ss.SSS").format(new Date())}</v11:timestamp>
         </v1:messageContext>
         <v1:legalContext>ServiceIntegrator</v1:legalContext>
         <v1:request>            
            <v1:cardNumber>10000000115</v1:cardNumber>
            <v1:emittingPartner>0646877855</v1:emittingPartner>
         </v1:request>
      </v1:stopOrCancelCardRequest>
   </soapenv:Body>
</soapenv:Envelope>]]></con:request><con:assertion type="SOAP Fault Assertion" id="f40f7635-2554-40ab-a40b-8aeeccee7cd7" name="Not SOAP Fault"/><con:assertion type="SOAP Response" id="4cf678bf-078e-44db-b7d3-e6a700db3c31" name="SOAP Response"/><con:assertion type="Schema Compliance" id="171ee98a-6839-4f04-8fa2-876947230074" name="Schema Compliance"><con:configuration/></con:assertion><con:wsaConfig action="http://fidus.brussels/services/europeandisabilitycardservice/stopOrCancelCard"/></con:request></con:config></con:testStep><con:testStep type="request" id="e672813e-e658-4155-918a-a8d18501edc7" name="testcase03 - Test - Worker1 - Request"><con:settings/><con:config xsi:type="con:RequestStep" xmlns:xsi="http://www.w3.org/2001/XMLSchema-instance"><con:interface>EuropeanDisabilityCardServiceHTTPBinding</con:interface><con:operation>stopOrCancelCard</con:operation><con:request name="testcase03 - Test - Worker1 - Request" id="0d374d6a-7886-41d0-946a-a7169444121b" outgoingWss="Outflow TEST"><con:settings/><con:encoding>UTF-8</con:encoding><con:endpoint>https://192.168.24.45:8443/services/EuropeanDisabilityCardService_v1.0</con:endpoint><con:request><![CDATA[<soapenv:Envelope xmlns:soapenv="http://schemas.xmlsoap.org/soap/envelope/" xmlns:v1="http://fidus.brussels/service/europeandisabilitycardservice/messages/v1" xmlns:v11="http://fidus.brussels/type/common/messages/v1">
   <soapenv:Header/>
   <soapenv:Body>
      <v1:stopOrCancelCardRequest>
         <v1:messageContext>
            <v11:messageId>${=import static java.util.UUID.randomUUID; uuid = randomUUID() as String}</v11:messageId>
            <!--Optional:-->
            <v11:timestamp>${=new java.text.SimpleDateFormat("yyyy-MM-dd'T'HH:mm:ss.SSS").format(new Date())}</v11:timestamp>
         </v1:messageContext>
         <v1:legalContext>ServiceIntegrator</v1:legalContext>
         <v1:request>            
            <v1:cardNumber>10000000115</v1:cardNumber>
            <v1:emittingPartner>0646877855</v1:emittingPartner>
         </v1:request>
      </v1:stopOrCancelCardRequest>
   </soapenv:Body>
</soapenv:Envelope>]]></con:request><con:assertion type="SOAP Fault Assertion" id="b80b3f67-2d86-4214-b778-a6257a2e76f2" name="Not SOAP Fault"/><con:assertion type="SOAP Response" id="d3921089-6177-4da0-84aa-c6cb9a9967f0" name="SOAP Response"/><con:assertion type="Schema Compliance" id="a579f206-2357-4f92-8f59-06d9d11c0345" name="Schema Compliance"><con:configuration/></con:assertion><con:wsaConfig action="http://fidus.brussels/services/europeandisabilitycardservice/stopOrCancelCard"/></con:request></con:config></con:testStep><con:testStep type="request" id="3b7b2311-e649-4283-841c-178cd7774fda" name="testcase03 - Test - Worker2 - Request"><con:settings/><con:config xsi:type="con:RequestStep" xmlns:xsi="http://www.w3.org/2001/XMLSchema-instance"><con:interface>EuropeanDisabilityCardServiceHTTPBinding</con:interface><con:operation>stopOrCancelCard</con:operation><con:request name="testcase03 - Test - Worker2 - Request" id="d25b1ab4-b0c5-4aa1-805f-025e185c8c27" outgoingWss="Outflow TEST"><con:settings/><con:encoding>UTF-8</con:encoding><con:endpoint>https://192.168.24.51:8443/services/EuropeanDisabilityCardService_v1.0</con:endpoint><con:request><![CDATA[<soapenv:Envelope xmlns:soapenv="http://schemas.xmlsoap.org/soap/envelope/" xmlns:v1="http://fidus.brussels/service/europeandisabilitycardservice/messages/v1" xmlns:v11="http://fidus.brussels/type/common/messages/v1">
   <soapenv:Header/>
   <soapenv:Body>
      <v1:stopOrCancelCardRequest>
         <v1:messageContext>
            <v11:messageId>${=import static java.util.UUID.randomUUID; uuid = randomUUID() as String}</v11:messageId>
            <!--Optional:-->
            <v11:timestamp>${=new java.text.SimpleDateFormat("yyyy-MM-dd'T'HH:mm:ss.SSS").format(new Date())}</v11:timestamp>
         </v1:messageContext>
         <v1:legalContext>ServiceIntegrator</v1:legalContext>
         <v1:request>            
            <v1:cardNumber>10000000115</v1:cardNumber>
            <v1:emittingPartner>0646877855</v1:emittingPartner>
         </v1:request>
      </v1:stopOrCancelCardRequest>
   </soapenv:Body>
</soapenv:Envelope>]]></con:request><con:assertion type="SOAP Fault Assertion" id="925027d8-d120-4852-b75f-4a993605f173" name="Not SOAP Fault"/><con:assertion type="SOAP Response" id="ad18b5bf-43f2-403f-a6a0-ea1550ae2549" name="SOAP Response"/><con:assertion type="Schema Compliance" id="74db2cc7-a843-4f1a-aa90-9ee04260cf84" name="Schema Compliance"><con:configuration/></con:assertion><con:wsaConfig action="http://fidus.brussels/services/europeandisabilitycardservice/stopOrCancelCard"/></con:request></con:config></con:testStep><con:testStep type="request" id="86ccbe8b-98b8-431d-b477-b9f68576f3e3" name="testcase03 - Test - External - 36.Cardnr_notExist - Request"><con:settings/><con:config xsi:type="con:RequestStep" xmlns:xsi="http://www.w3.org/2001/XMLSchema-instance"><con:interface>EuropeanDisabilityCardServiceHTTPBinding</con:interface><con:operation>stopOrCancelCard</con:operation><con:request name="testcase03 - Test - External - 36.Cardnr_notExist - Request" id="a69cf46d-7c7f-454e-b75c-5bd7c89e84af" outgoingWss="Outflow TEST"><con:settings/><con:encoding>UTF-8</con:encoding><con:endpoint>https://192.168.24.17:8443/services/EuropeanDisabilityCardService_v1.0</con:endpoint><con:request><![CDATA[<soapenv:Envelope xmlns:soapenv="http://schemas.xmlsoap.org/soap/envelope/" xmlns:v1="http://fidus.brussels/service/europeandisabilitycardservice/messages/v1" xmlns:v11="http://fidus.brussels/type/common/messages/v1">
   <soapenv:Header/>
   <soapenv:Body>
      <v1:stopOrCancelCardRequest>
         <v1:messageContext>
            <v11:messageId>${=import static java.util.UUID.randomUUID; uuid = randomUUID() as String}</v11:messageId>
            <!--Optional:-->
            <v11:timestamp>${=new java.text.SimpleDateFormat("yyyy-MM-dd'T'HH:mm:ss.SSS").format(new Date())}</v11:timestamp>
         </v1:messageContext>
         <v1:legalContext>ServiceIntegrator</v1:legalContext>
         <v1:request>            
            <v1:cardNumber>10000008726</v1:cardNumber>
            <v1:emittingPartner>0457419435</v1:emittingPartner>
         </v1:request>
      </v1:stopOrCancelCardRequest>
   </soapenv:Body>
</soapenv:Envelope>]]></con:request><con:assertion type="SOAP Fault Assertion" id="05d39a74-25ae-4573-869a-ed9c1fc2e336" name="Not SOAP Fault"/><con:assertion type="SOAP Response" id="c5b96b56-94c4-4491-970c-e9236b7d0134" name="SOAP Response"/><con:assertion type="Schema Compliance" id="139a3862-e17e-4157-8984-8bf6141a5163" name="Schema Compliance"><con:configuration/></con:assertion><con:wsaConfig action="http://fidus.brussels/services/europeandisabilitycardservice/stopOrCancelCard"/></con:request></con:config></con:testStep><con:testStep type="request" id="7ad75139-8e7c-429e-943e-29df9b7472a3" name="testcase03 - Test - External - CancelledCard - Request"><con:settings/><con:config xsi:type="con:RequestStep" xmlns:xsi="http://www.w3.org/2001/XMLSchema-instance"><con:interface>EuropeanDisabilityCardServiceHTTPBinding</con:interface><con:operation>stopOrCancelCard</con:operation><con:request name="testcase03 - Test - External - CancelledCard - Request" id="8aeb8fe3-6897-4079-8fce-17e93e4e8067" outgoingWss="Outflow TEST"><con:settings/><con:encoding>UTF-8</con:encoding><con:endpoint>https://192.168.24.17:8443/services/EuropeanDisabilityCardService_v1.0</con:endpoint><con:request><![CDATA[<soapenv:Envelope xmlns:soapenv="http://schemas.xmlsoap.org/soap/envelope/" xmlns:v1="http://fidus.brussels/service/europeandisabilitycardservice/messages/v1" xmlns:v11="http://fidus.brussels/type/common/messages/v1">
   <soapenv:Header/>
   <soapenv:Body>
      <v1:stopOrCancelCardRequest>
         <v1:messageContext>
            <v11:messageId>${=import static java.util.UUID.randomUUID; uuid = randomUUID() as String}</v11:messageId>
            <!--Optional:-->
            <v11:timestamp>${=new java.text.SimpleDateFormat("yyyy-MM-dd'T'HH:mm:ss.SSS").format(new Date())}</v11:timestamp>
         </v1:messageContext>
         <v1:legalContext>ServiceIntegrator</v1:legalContext>
         <v1:request>            
            <v1:cardNumber>10000018426</v1:cardNumber>
            <v1:emittingPartner>0457419435</v1:emittingPartner>
         </v1:request>
      </v1:stopOrCancelCardRequest>
   </soapenv:Body>
</soapenv:Envelope>]]></con:request><con:assertion type="SOAP Fault Assertion" id="fb1f974c-e8b0-46f7-8940-8ba8aa3f3c26" name="Not SOAP Fault"/><con:assertion type="SOAP Response" id="132bea77-e6d4-413e-a83c-3745df45e85a" name="SOAP Response"/><con:assertion type="Schema Compliance" id="1c0b6368-a482-48f5-808a-d13e767d0cce" name="Schema Compliance"><con:configuration/></con:assertion><con:wsaConfig action="http://fidus.brussels/services/europeandisabilitycardservice/stopOrCancelCard"/></con:request></con:config></con:testStep><con:testStep type="request" id="b8a7e60b-54ac-49b0-9922-fb1b1fc71124" name="testcase03 - Test - External - Cancel_ActiveCard - Request"><con:settings/><con:config xsi:type="con:RequestStep" xmlns:xsi="http://www.w3.org/2001/XMLSchema-instance"><con:interface>EuropeanDisabilityCardServiceHTTPBinding</con:interface><con:operation>stopOrCancelCard</con:operation><con:request name="testcase03 - Test - External - Cancel_ActiveCard - Request" id="8d78b7f1-f9f7-4236-9dfd-2ff37c779d31" outgoingWss="Outflow TEST"><con:settings/><con:encoding>UTF-8</con:encoding><con:endpoint>https://192.168.24.17:8443/services/EuropeanDisabilityCardService_v1.0</con:endpoint><con:request><![CDATA[<soapenv:Envelope xmlns:soapenv="http://schemas.xmlsoap.org/soap/envelope/" xmlns:v1="http://fidus.brussels/service/europeandisabilitycardservice/messages/v1" xmlns:v11="http://fidus.brussels/type/common/messages/v1">
   <soapenv:Header/>
   <soapenv:Body>
      <v1:stopOrCancelCardRequest>
         <v1:messageContext>
            <v11:messageId>${=import static java.util.UUID.randomUUID; uuid = randomUUID() as String}</v11:messageId>
            <!--Optional:-->
            <v11:timestamp>${=new java.text.SimpleDateFormat("yyyy-MM-dd'T'HH:mm:ss.SSS").format(new Date())}</v11:timestamp>
         </v1:messageContext>
         <v1:legalContext>ServiceIntegrator</v1:legalContext>
         <v1:request>            
            <v1:cardNumber>10000018921</v1:cardNumber>
            <v1:emittingPartner>0457419435</v1:emittingPartner>
         </v1:request>
      </v1:stopOrCancelCardRequest>
   </soapenv:Body>
</soapenv:Envelope>]]></con:request><con:assertion type="SOAP Fault Assertion" id="ebb463d9-e455-4803-bfd8-57ac260d26ef" name="Not SOAP Fault"/><con:assertion type="SOAP Response" id="e76b8687-bce2-42c0-a336-760b9d931d00" name="SOAP Response"/><con:assertion type="Schema Compliance" id="28e00768-e2a7-411c-bf5c-c725ddcdd189" name="Schema Compliance"><con:configuration/></con:assertion><con:wsaConfig action="http://fidus.brussels/services/europeandisabilitycardservice/stopOrCancelCard"/></con:request></con:config></con:testStep><con:testStep type="request" id="3400e315-54a4-48e3-89ae-4e511de45791" name="testcase03 - Test - External - 37.Cancel_CancelledCard - Request"><con:settings/><con:config xsi:type="con:RequestStep" xmlns:xsi="http://www.w3.org/2001/XMLSchema-instance"><con:interface>EuropeanDisabilityCardServiceHTTPBinding</con:interface><con:operation>stopOrCancelCard</con:operation><con:request name="testcase03 - Test - External - 37.Cancel_CancelledCard - Request" id="4359135f-b079-4a23-b089-da7433778175" outgoingWss="Outflow TEST"><con:settings/><con:encoding>UTF-8</con:encoding><con:endpoint>https://192.168.24.17:8443/services/EuropeanDisabilityCardService_v1.0</con:endpoint><con:request><![CDATA[<soapenv:Envelope xmlns:soapenv="http://schemas.xmlsoap.org/soap/envelope/" xmlns:v1="http://fidus.brussels/service/europeandisabilitycardservice/messages/v1" xmlns:v11="http://fidus.brussels/type/common/messages/v1">
   <soapenv:Header/>
   <soapenv:Body>
      <v1:stopOrCancelCardRequest>
         <v1:messageContext>
            <v11:messageId>${=import static java.util.UUID.randomUUID; uuid = randomUUID() as String}</v11:messageId>
            <!--Optional:-->
            <v11:timestamp>${=new java.text.SimpleDateFormat("yyyy-MM-dd'T'HH:mm:ss.SSS").format(new Date())}</v11:timestamp>
         </v1:messageContext>
         <v1:legalContext>ServiceIntegrator</v1:legalContext>
         <v1:request>            
            <v1:cardNumber>10000007142</v1:cardNumber>
            <v1:emittingPartner>0457419435</v1:emittingPartner>
         </v1:request>
      </v1:stopOrCancelCardRequest>
   </soapenv:Body>
</soapenv:Envelope>]]></con:request><con:assertion type="SOAP Fault Assertion" id="e3ce8bc5-ec0d-467d-b6a3-e6bbe2b32b09" name="Not SOAP Fault"/><con:assertion type="SOAP Response" id="3927f1ba-8cc5-4c4a-9de7-9602b7c55c03" name="SOAP Response"/><con:assertion type="Schema Compliance" id="f629e30a-c5e1-4340-aa0b-3a56d209eee6" name="Schema Compliance"><con:configuration/></con:assertion><con:wsaConfig action="http://fidus.brussels/services/europeandisabilitycardservice/stopOrCancelCard"/></con:request></con:config></con:testStep><con:testStep type="request" id="c2f12733-a69e-43d0-aa08-21ad1ca34dc8" name="testcase03 - Test - External - 38.Cancel_ActiveCard - Request"><con:settings/><con:config xsi:type="con:RequestStep" xmlns:xsi="http://www.w3.org/2001/XMLSchema-instance"><con:interface>EuropeanDisabilityCardServiceHTTPBinding</con:interface><con:operation>stopOrCancelCard</con:operation><con:request name="testcase03 - Test - External - 38.Cancel_ActiveCard - Request" id="82c1517f-cafd-43dc-9f76-871dab3771e9" outgoingWss="Outflow TEST"><con:settings/><con:encoding>UTF-8</con:encoding><con:endpoint>https://192.168.24.17:8443/services/EuropeanDisabilityCardService_v1.0</con:endpoint><con:request><![CDATA[<soapenv:Envelope xmlns:soapenv="http://schemas.xmlsoap.org/soap/envelope/" xmlns:v1="http://fidus.brussels/service/europeandisabilitycardservice/messages/v1" xmlns:v11="http://fidus.brussels/type/common/messages/v1">
   <soapenv:Header/>
   <soapenv:Body>
      <v1:stopOrCancelCardRequest>
         <v1:messageContext>
            <v11:messageId>${=import static java.util.UUID.randomUUID; uuid = randomUUID() as String}</v11:messageId>
            <!--Optional:-->
            <v11:timestamp>${=new java.text.SimpleDateFormat("yyyy-MM-dd'T'HH:mm:ss.SSS").format(new Date())}</v11:timestamp>
         </v1:messageContext>
         <v1:legalContext>ServiceIntegrator</v1:legalContext>
         <v1:request>            
            <v1:cardNumber>10000033965</v1:cardNumber>
            <v1:emittingPartner>0457419435</v1:emittingPartner>
         </v1:request>
      </v1:stopOrCancelCardRequest>
   </soapenv:Body>
</soapenv:Envelope>]]></con:request><con:assertion type="SOAP Fault Assertion" id="9cc32d83-d103-4864-bc63-bf643f0c9c1a" name="Not SOAP Fault"/><con:assertion type="SOAP Response" id="5f690e42-7b2e-46b1-a59c-18528144106b" name="SOAP Response"/><con:assertion type="Schema Compliance" id="dc9d599a-db92-4719-8a57-696d1f93096a" name="Schema Compliance"><con:configuration/></con:assertion><con:wsaConfig action="http://fidus.brussels/services/europeandisabilitycardservice/stopOrCancelCard"/></con:request></con:config></con:testStep><con:testStep type="request" id="85666cab-3bdb-4f8e-bfc0-04bd1da2a303" name="testcase03 - Test - External - 39.CloseCard_inProcessing - Request"><con:settings/><con:config xsi:type="con:RequestStep" xmlns:xsi="http://www.w3.org/2001/XMLSchema-instance"><con:interface>EuropeanDisabilityCardServiceHTTPBinding</con:interface><con:operation>stopOrCancelCard</con:operation><con:request name="testcase03 - Test - External - 39.CloseCard_inProcessing - Request" id="803026c5-a5a8-4089-b265-ef4e21b97138" outgoingWss="Outflow TEST"><con:settings/><con:encoding>UTF-8</con:encoding><con:endpoint>https://192.168.24.17:8443/services/EuropeanDisabilityCardService_v1.0</con:endpoint><con:request><![CDATA[<soapenv:Envelope xmlns:soapenv="http://schemas.xmlsoap.org/soap/envelope/" xmlns:v1="http://fidus.brussels/service/europeandisabilitycardservice/messages/v1" xmlns:v11="http://fidus.brussels/type/common/messages/v1">
   <soapenv:Header/>
   <soapenv:Body>
      <v1:stopOrCancelCardRequest>
         <v1:messageContext>
            <v11:messageId>${=import static java.util.UUID.randomUUID; uuid = randomUUID() as String}</v11:messageId>
            <!--Optional:-->
            <v11:timestamp>${=new java.text.SimpleDateFormat("yyyy-MM-dd'T'HH:mm:ss.SSS").format(new Date())}</v11:timestamp>
         </v1:messageContext>
         <v1:legalContext>ServiceIntegrator</v1:legalContext>
         <v1:request>            
            <v1:cardNumber>84081632545</v1:cardNumber>
            <v1:emittingPartner>0457419435</v1:emittingPartner>
         </v1:request>
      </v1:stopOrCancelCardRequest>
   </soapenv:Body>
</soapenv:Envelope>]]></con:request><con:assertion type="SOAP Fault Assertion" id="302184d1-d0cb-4bb9-8e7f-d493502a223d" name="Not SOAP Fault"/><con:assertion type="SOAP Response" id="ffcbbfd1-4868-4920-8a14-cdecf935dca0" name="SOAP Response"/><con:assertion type="Schema Compliance" id="98ff718f-8d60-4e24-9ec8-ab2688c8df62" name="Schema Compliance"><con:configuration/></con:assertion><con:wsaConfig action="http://fidus.brussels/services/europeandisabilitycardservice/stopOrCancelCard"/></con:request></con:config></con:testStep><con:testStep type="request" id="c12c92ac-4929-4778-9f7e-2dfddc88c318" name="testcase03 - Test - External - 40.CloseCard_in_SENT - Request"><con:settings/><con:config xsi:type="con:RequestStep" xmlns:xsi="http://www.w3.org/2001/XMLSchema-instance"><con:interface>EuropeanDisabilityCardServiceHTTPBinding</con:interface><con:operation>stopOrCancelCard</con:operation><con:request name="testcase03 - Test - External - 40.CloseCard_in_SENT - Request" id="45aa0828-c864-4293-94c3-2e6c4cd36b0d" outgoingWss="Outflow TEST"><con:settings/><con:encoding>UTF-8</con:encoding><con:endpoint>https://192.168.24.17:8443/services/EuropeanDisabilityCardService_v1.0</con:endpoint><con:request><![CDATA[<soapenv:Envelope xmlns:soapenv="http://schemas.xmlsoap.org/soap/envelope/" xmlns:v1="http://fidus.brussels/service/europeandisabilitycardservice/messages/v1" xmlns:v11="http://fidus.brussels/type/common/messages/v1">
   <soapenv:Header/>
   <soapenv:Body>
      <v1:stopOrCancelCardRequest>
         <v1:messageContext>
            <v11:messageId>${=import static java.util.UUID.randomUUID; uuid = randomUUID() as String}</v11:messageId>
            <!--Optional:-->
            <v11:timestamp>${=new java.text.SimpleDateFormat("yyyy-MM-dd'T'HH:mm:ss.SSS").format(new Date())}</v11:timestamp>
         </v1:messageContext>
         <v1:legalContext>ServiceIntegrator</v1:legalContext>
         <v1:request>            
            <v1:cardNumber>10000012981</v1:cardNumber>
            <v1:emittingPartner>0457419435</v1:emittingPartner>
         </v1:request>
      </v1:stopOrCancelCardRequest>
   </soapenv:Body>
</soapenv:Envelope>]]></con:request><con:assertion type="SOAP Fault Assertion" id="29171ec5-9a4d-4f3f-a76c-24cffb823e32" name="Not SOAP Fault"/><con:assertion type="SOAP Response" id="2008fe0c-5b39-4440-9e61-84a207231b6e" name="SOAP Response"/><con:assertion type="Schema Compliance" id="1447df87-3667-40e4-a74f-1b656dab222e" name="Schema Compliance"><con:configuration/></con:assertion><con:wsaConfig action="http://fidus.brussels/services/europeandisabilitycardservice/stopOrCancelCard"/></con:request></con:config></con:testStep><con:testStep type="request" id="5e280bce-ac08-4451-b818-5af4633297d9" name="testcase03 - Test - External - 41.CloseCard_OtherEmittingPartner - Request"><con:settings/><con:config xsi:type="con:RequestStep" xmlns:xsi="http://www.w3.org/2001/XMLSchema-instance"><con:interface>EuropeanDisabilityCardServiceHTTPBinding</con:interface><con:operation>stopOrCancelCard</con:operation><con:request name="testcase03 - Test - External - 41.CloseCard_OtherEmittingPartner - Request" id="72663d86-98d6-4186-83bc-f3a3212ad5fa" outgoingWss="Outflow TEST"><con:settings/><con:encoding>UTF-8</con:encoding><con:endpoint>https://192.168.24.17:8443/services/EuropeanDisabilityCardService_v1.0</con:endpoint><con:request><![CDATA[<soapenv:Envelope xmlns:soapenv="http://schemas.xmlsoap.org/soap/envelope/" xmlns:v1="http://fidus.brussels/service/europeandisabilitycardservice/messages/v1" xmlns:v11="http://fidus.brussels/type/common/messages/v1">
   <soapenv:Header/>
   <soapenv:Body>
      <v1:stopOrCancelCardRequest>
         <v1:messageContext>
            <v11:messageId>${=import static java.util.UUID.randomUUID; uuid = randomUUID() as String}</v11:messageId>
            <!--Optional:-->
            <v11:timestamp>${=new java.text.SimpleDateFormat("yyyy-MM-dd'T'HH:mm:ss.SSS").format(new Date())}</v11:timestamp>
         </v1:messageContext>
         <v1:legalContext>ServiceIntegrator</v1:legalContext>
         <v1:request>            
            <v1:cardNumber>10000012090</v1:cardNumber>
            <v1:emittingPartner>0457419435</v1:emittingPartner>
         </v1:request>
      </v1:stopOrCancelCardRequest>
   </soapenv:Body>
</soapenv:Envelope>]]></con:request><con:assertion type="SOAP Fault Assertion" id="77606ba7-840c-4146-aea7-9b2d58ba7b35" name="Not SOAP Fault"/><con:assertion type="SOAP Response" id="3197dd20-a260-43d7-944d-ef75ad464483" name="SOAP Response"/><con:assertion type="Schema Compliance" id="2ed7c770-0884-405b-8167-5aef62e9aab4" name="Schema Compliance"><con:configuration/></con:assertion><con:wsaConfig action="http://fidus.brussels/services/europeandisabilitycardservice/stopOrCancelCard"/></con:request></con:config></con:testStep><con:testStep type="request" id="abaaea06-9842-4506-b15a-f1e32bb6fbbd" name="testcase03 - Test - External - 42.CloseCard_Invalid_CardNumber - Request"><con:settings/><con:config xsi:type="con:RequestStep" xmlns:xsi="http://www.w3.org/2001/XMLSchema-instance"><con:interface>EuropeanDisabilityCardServiceHTTPBinding</con:interface><con:operation>stopOrCancelCard</con:operation><con:request name="testcase03 - Test - External - 42.CloseCard_Invalid_CardNumber - Request" id="b080486d-5a3e-407e-bf1a-0a120088f8d5" outgoingWss="Outflow TEST"><con:settings/><con:encoding>UTF-8</con:encoding><con:endpoint>https://192.168.24.17:8443/services/EuropeanDisabilityCardService_v1.0</con:endpoint><con:request><![CDATA[<soapenv:Envelope xmlns:soapenv="http://schemas.xmlsoap.org/soap/envelope/" xmlns:v1="http://fidus.brussels/service/europeandisabilitycardservice/messages/v1" xmlns:v11="http://fidus.brussels/type/common/messages/v1">
   <soapenv:Header/>
   <soapenv:Body>
      <v1:stopOrCancelCardRequest>
         <v1:messageContext>
            <v11:messageId>${=import static java.util.UUID.randomUUID; uuid = randomUUID() as String}</v11:messageId>
            <!--Optional:-->
            <v11:timestamp>${=new java.text.SimpleDateFormat("yyyy-MM-dd'T'HH:mm:ss.SSS").format(new Date())}</v11:timestamp>
         </v1:messageContext>
         <v1:legalContext>ServiceIntegrator</v1:legalContext>
         <v1:request>            
            <v1:cardNumber>13081340449</v1:cardNumber>
            <v1:emittingPartner>0457419435</v1:emittingPartner>
         </v1:request>
      </v1:stopOrCancelCardRequest>
   </soapenv:Body>
</soapenv:Envelope>]]></con:request><con:assertion type="SOAP Fault Assertion" id="917148be-df9a-4e5a-985b-c6f965ad9a45" name="Not SOAP Fault"/><con:assertion type="SOAP Response" id="2d281773-d482-4340-b756-a687aee41fa8" name="SOAP Response"/><con:assertion type="Schema Compliance" id="a661625b-6962-45e4-b04e-87aa852356ac" name="Schema Compliance"><con:configuration/></con:assertion><con:wsaConfig action="http://fidus.brussels/services/europeandisabilitycardservice/stopOrCancelCard"/></con:request></con:config></con:testStep><con:properties/></con:testCase><con:properties/></con:testSuite><con:testSuite id="52e97fba-e783-4db1-bc73-839ece0e185c" name="STAG"><con:settings/><con:runType>SEQUENTIAL</con:runType><con:testCase id="0531df60-4c1c-46e4-a53d-d5051572bc20" failOnError="true" failTestCaseOnErrors="true" keepSession="false" maxResults="0" name="consultActiveCards" searchProperties="true"><con:settings/><con:testStep type="request" id="23de8d6b-17fe-4162-98fe-2a1c08feb09b" name="testcase04- Staging - External - Request"><con:settings/><con:config xsi:type="con:RequestStep" xmlns:xsi="http://www.w3.org/2001/XMLSchema-instance"><con:interface>EuropeanDisabilityCardServiceHTTPBinding</con:interface><con:operation>consultActiveCards</con:operation><con:request name="testcase04- Staging - External - Request" id="8ce83ba7-2569-4f7f-9b27-45662f548440" outgoingWss="Outflow STAG"><con:settings/><con:encoding>UTF-8</con:encoding><con:endpoint>https://fidus.sec.brussels/services/EuropeanDisabilityCardService_v1.0</con:endpoint><con:request><![CDATA[<soapenv:Envelope xmlns:soapenv="http://schemas.xmlsoap.org/soap/envelope/" xmlns:v1="http://fidus.brussels/service/europeandisabilitycardservice/messages/v1" xmlns:v11="http://fidus.brussels/type/common/messages/v1">
   <soapenv:Header/>
   <soapenv:Body>
      <v1:consultActiveCardsRequest>         
         <v1:messageContext>
            <v11:messageId>${=import static java.util.UUID.randomUUID; uuid = randomUUID() as String}</v11:messageId>
            <!--Optional:-->
            <v11:timestamp>${=new java.text.SimpleDateFormat("yyyy-MM-dd'T'HH:mm:ss.SSS").format(new Date())}</v11:timestamp>
         </v1:messageContext>
         <v1:legalContext>ServiceIntegrator</v1:legalContext>
         <v1:request>
            <v1:ssin>10022104563</v1:ssin>
            <!--Optional:-->
            <v1:referenceDate>2017-09-01</v1:referenceDate>
         </v1:request>
      </v1:consultActiveCardsRequest>
   </soapenv:Body>
</soapenv:Envelope>]]></con:request><con:assertion type="SOAP Fault Assertion" id="312c3ad4-6ad2-4589-b570-8a3d2311e9f5" name="Not SOAP Fault"/><con:assertion type="SOAP Response" id="17750050-4995-46c9-808e-890a3c1ae96e" name="SOAP Response"/><con:assertion type="Schema Compliance" id="ec7a0943-72f8-4998-9746-6e20ecc644a8" name="Schema Compliance"><con:configuration/></con:assertion><con:wsaConfig action="http://fidus.brussels/services/europeandisabilitycardservice/consultActiveCards"/></con:request></con:config></con:testStep><con:testStep type="request" id="7683c7cf-84cf-44cc-8b4d-8c68c0443b7d" name="testcase04- Staging - LB - Request"><con:settings/><con:config xsi:type="con:RequestStep" xmlns:xsi="http://www.w3.org/2001/XMLSchema-instance"><con:interface>EuropeanDisabilityCardServiceHTTPBinding</con:interface><con:operation>consultActiveCards</con:operation><con:request name="testcase04- Staging - LB - Request" id="d73096c7-31c2-4526-872b-65d1cd21e113" outgoingWss="Outflow STAG"><con:settings/><con:encoding>UTF-8</con:encoding><con:endpoint>https://fidus-esb-sg.prd.srv.cirb.lan:8443/services/EuropeanDisabilityCardService_v1.0</con:endpoint><con:request><![CDATA[<soapenv:Envelope xmlns:soapenv="http://schemas.xmlsoap.org/soap/envelope/" xmlns:v1="http://fidus.brussels/service/europeandisabilitycardservice/messages/v1" xmlns:v11="http://fidus.brussels/type/common/messages/v1">
   <soapenv:Header/>
   <soapenv:Body>
      <v1:consultActiveCardsRequest>         
         <v1:messageContext>
            <v11:messageId>${=import static java.util.UUID.randomUUID; uuid = randomUUID() as String}</v11:messageId>
            <!--Optional:-->
            <v11:timestamp>${=new java.text.SimpleDateFormat("yyyy-MM-dd'T'HH:mm:ss.SSS").format(new Date())}</v11:timestamp>
         </v1:messageContext>
         <v1:legalContext>ServiceIntegrator</v1:legalContext>
         <v1:request>
            <v1:ssin>10022104563</v1:ssin>
            <!--Optional:-->
            <v1:referenceDate>2017-09-01</v1:referenceDate>
         </v1:request>
      </v1:consultActiveCardsRequest>
   </soapenv:Body>
</soapenv:Envelope>]]></con:request><con:assertion type="SOAP Fault Assertion" id="4c2b9f94-0906-400e-8cad-20f7b123b630" name="Not SOAP Fault"/><con:assertion type="SOAP Response" id="19563e3d-2ede-44c1-9830-9b8051c9109e" name="SOAP Response"/><con:assertion type="Schema Compliance" id="1ad9cfa2-7fbc-48f2-8eb5-686fe0076a69" name="Schema Compliance"><con:configuration/></con:assertion><con:wsaConfig action="http://fidus.brussels/services/europeandisabilitycardservice/consultActiveCards"/></con:request></con:config></con:testStep><con:testStep type="request" id="0a29db4a-1b4c-42a3-a4f3-f50f218c5cc1" name="testcase04- Staging - Worker1 - Request"><con:settings/><con:config xsi:type="con:RequestStep" xmlns:xsi="http://www.w3.org/2001/XMLSchema-instance"><con:interface>EuropeanDisabilityCardServiceHTTPBinding</con:interface><con:operation>consultActiveCards</con:operation><con:request name="testcase04- Staging - Worker1 - Request" id="21dac427-34e0-4b95-8b15-9015f345afb4" outgoingWss="Outflow STAG"><con:settings/><con:encoding>UTF-8</con:encoding><con:endpoint>https://192.168.24.57:8443/services/EuropeanDisabilityCardService_v1.0</con:endpoint><con:request><![CDATA[<soapenv:Envelope xmlns:soapenv="http://schemas.xmlsoap.org/soap/envelope/" xmlns:v1="http://fidus.brussels/service/europeandisabilitycardservice/messages/v1" xmlns:v11="http://fidus.brussels/type/common/messages/v1">
   <soapenv:Header/>
   <soapenv:Body>
      <v1:consultActiveCardsRequest>         
         <v1:messageContext>
            <v11:messageId>${=import static java.util.UUID.randomUUID; uuid = randomUUID() as String}</v11:messageId>
            <!--Optional:-->
            <v11:timestamp>${=new java.text.SimpleDateFormat("yyyy-MM-dd'T'HH:mm:ss.SSS").format(new Date())}</v11:timestamp>
         </v1:messageContext>
         <v1:legalContext>ServiceIntegrator</v1:legalContext>
         <v1:request>
            <v1:ssin>10022104563</v1:ssin>
            <!--Optional:-->
            <v1:referenceDate>2017-09-01</v1:referenceDate>
         </v1:request>
      </v1:consultActiveCardsRequest>
   </soapenv:Body>
</soapenv:Envelope>]]></con:request><con:assertion type="SOAP Fault Assertion" id="f94c6749-fb4e-4d68-9286-966720fbb56b" name="Not SOAP Fault"/><con:assertion type="SOAP Response" id="d398f63b-809b-462d-b4f7-5dd1eddb2cfd" name="SOAP Response"/><con:assertion type="Schema Compliance" id="11f7c622-9780-42d9-b94d-26fb186e85a9" name="Schema Compliance"><con:configuration/></con:assertion><con:wsaConfig action="http://fidus.brussels/services/europeandisabilitycardservice/consultActiveCards"/></con:request></con:config></con:testStep><con:testStep type="request" id="a2eec01c-1dc6-4004-8d54-61ba7430df22" name="testcase04- Staging - Worker2 - Request"><con:settings/><con:config xsi:type="con:RequestStep" xmlns:xsi="http://www.w3.org/2001/XMLSchema-instance"><con:interface>EuropeanDisabilityCardServiceHTTPBinding</con:interface><con:operation>consultActiveCards</con:operation><con:request name="testcase04- Staging - Worker2 - Request" id="4e8bd772-03f5-4b84-9c28-3a308715636d" outgoingWss="Outflow STAG"><con:settings/><con:encoding>UTF-8</con:encoding><con:endpoint>https://192.168.24.64:8443/services/EuropeanDisabilityCardService_v1.0</con:endpoint><con:request><![CDATA[<soapenv:Envelope xmlns:soapenv="http://schemas.xmlsoap.org/soap/envelope/" xmlns:v1="http://fidus.brussels/service/europeandisabilitycardservice/messages/v1" xmlns:v11="http://fidus.brussels/type/common/messages/v1">
   <soapenv:Header/>
   <soapenv:Body>
      <v1:consultActiveCardsRequest>         
         <v1:messageContext>
            <v11:messageId>${=import static java.util.UUID.randomUUID; uuid = randomUUID() as String}</v11:messageId>
            <!--Optional:-->
            <v11:timestamp>${=new java.text.SimpleDateFormat("yyyy-MM-dd'T'HH:mm:ss.SSS").format(new Date())}</v11:timestamp>
         </v1:messageContext>
         <v1:legalContext>ServiceIntegrator</v1:legalContext>
         <v1:request>
            <v1:ssin>10022104563</v1:ssin>
            <!--Optional:-->
            <v1:referenceDate>2017-09-01</v1:referenceDate>
         </v1:request>
      </v1:consultActiveCardsRequest>
   </soapenv:Body>
</soapenv:Envelope>]]></con:request><con:assertion type="SOAP Fault Assertion" id="9683a273-3db0-43c0-89b1-46ad0cc8e73a" name="Not SOAP Fault"/><con:assertion type="SOAP Response" id="ee554489-5909-4e32-a069-ec9a6d4959da" name="SOAP Response"/><con:assertion type="Schema Compliance" id="2ae2cf04-5c59-4d89-b18b-719c6ace9e3e" name="Schema Compliance"><con:configuration/></con:assertion><con:wsaConfig action="http://fidus.brussels/services/europeandisabilitycardservice/consultActiveCards"/></con:request></con:config></con:testStep><con:properties/></con:testCase><con:testCase id="117d7ec3-c32c-4162-a786-331ef0db05bb" failOnError="true" failTestCaseOnErrors="true" keepSession="false" maxResults="0" name="consultAllCards" searchProperties="true"><con:settings/><con:testStep type="request" id="2731a88d-3217-4391-b541-075466cc7e36" name="testcase04 - Staging - External - Request"><con:settings/><con:config xsi:type="con:RequestStep" xmlns:xsi="http://www.w3.org/2001/XMLSchema-instance"><con:interface>EuropeanDisabilityCardServiceHTTPBinding</con:interface><con:operation>consultAllCards</con:operation><con:request name="testcase04 - Staging - External - Request" id="62ffef3a-ee43-447f-8057-6f8822f9c6b9" outgoingWss="Outflow STAG"><con:settings/><con:encoding>UTF-8</con:encoding><con:endpoint>https://fidus.sec.brussels/services/EuropeanDisabilityCardService_v1.0</con:endpoint><con:request><![CDATA[<soapenv:Envelope xmlns:soapenv="http://schemas.xmlsoap.org/soap/envelope/" xmlns:v1="http://fidus.brussels/service/europeandisabilitycardservice/messages/v1" xmlns:v11="http://fidus.brussels/type/common/messages/v1">
   <soapenv:Header/>
   <soapenv:Body>
      <v1:consultAllCardsRequest>
         <v1:messageContext>
            <v11:messageId>${=import static java.util.UUID.randomUUID; uuid = randomUUID() as String}</v11:messageId>
            <!--Optional:-->
            <v11:timestamp>${=new java.text.SimpleDateFormat("yyyy-MM-dd'T'HH:mm:ss.SSS").format(new Date())}</v11:timestamp>
         </v1:messageContext>
         <v1:legalContext>ServiceIntegrator</v1:legalContext>
         <v1:request>
            <v1:ssin>10022104563</v1:ssin>
         </v1:request>
      </v1:consultAllCardsRequest>
   </soapenv:Body>
</soapenv:Envelope>]]></con:request><con:assertion type="SOAP Fault Assertion" id="2b200316-cfb8-4a96-9e34-b09842c11906" name="Not SOAP Fault"/><con:assertion type="SOAP Response" id="14ed2da6-793e-4ca3-8dad-211d3174ea34" name="SOAP Response"/><con:assertion type="Schema Compliance" id="db5c62f1-57a8-45e3-a7e3-29766b299260" name="Schema Compliance"><con:configuration/></con:assertion><con:wsaConfig action="http://fidus.brussels/services/europeandisabilitycardservice/consultAllCards"/></con:request></con:config></con:testStep><con:testStep type="request" id="4656a0cf-7029-4d8f-88ec-f5c1781e0740" name="testcase04 - Staging - LB - Request"><con:settings/><con:config xsi:type="con:RequestStep" xmlns:xsi="http://www.w3.org/2001/XMLSchema-instance"><con:interface>EuropeanDisabilityCardServiceHTTPBinding</con:interface><con:operation>consultAllCards</con:operation><con:request name="testcase04 - Staging - LB - Request" id="eb35cb33-7c1d-4d58-b5e4-904fc761e4a4" outgoingWss="Outflow STAG"><con:settings/><con:encoding>UTF-8</con:encoding><con:endpoint>https://fidus-esb-sg.prd.srv.cirb.lan:8443/services/EuropeanDisabilityCardService_v1.0</con:endpoint><con:request><![CDATA[<soapenv:Envelope xmlns:soapenv="http://schemas.xmlsoap.org/soap/envelope/" xmlns:v1="http://fidus.brussels/service/europeandisabilitycardservice/messages/v1" xmlns:v11="http://fidus.brussels/type/common/messages/v1">
   <soapenv:Header/>
   <soapenv:Body>
      <v1:consultAllCardsRequest>
         <v1:messageContext>
            <v11:messageId>${=import static java.util.UUID.randomUUID; uuid = randomUUID() as String}</v11:messageId>
            <!--Optional:-->
            <v11:timestamp>${=new java.text.SimpleDateFormat("yyyy-MM-dd'T'HH:mm:ss.SSS").format(new Date())}</v11:timestamp>
         </v1:messageContext>
         <v1:legalContext>ServiceIntegrator</v1:legalContext>
         <v1:request>
            <v1:ssin>10022104563</v1:ssin>
         </v1:request>
      </v1:consultAllCardsRequest>
   </soapenv:Body>
</soapenv:Envelope>]]></con:request><con:assertion type="SOAP Fault Assertion" id="33b35596-b824-4dc7-8383-6dca37be27a4" name="Not SOAP Fault"/><con:assertion type="SOAP Response" id="48ea2e65-6751-4043-b44b-75c2d99e6267" name="SOAP Response"/><con:assertion type="Schema Compliance" id="4e95a7cc-c6e4-4b8a-89c8-6350745299d0" name="Schema Compliance"><con:configuration/></con:assertion><con:wsaConfig action="http://fidus.brussels/services/europeandisabilitycardservice/consultAllCards"/></con:request></con:config></con:testStep><con:testStep type="request" id="2efbb2af-516f-43f8-92ac-45cc615ef670" name="testcase04 - Staging - Worker1 - Request"><con:settings/><con:config xsi:type="con:RequestStep" xmlns:xsi="http://www.w3.org/2001/XMLSchema-instance"><con:interface>EuropeanDisabilityCardServiceHTTPBinding</con:interface><con:operation>consultAllCards</con:operation><con:request name="testcase04 - Staging - Worker1 - Request" id="71e45774-e32f-4452-875b-77f22bca988d" outgoingWss="Outflow STAG"><con:settings/><con:encoding>UTF-8</con:encoding><con:endpoint>https://192.168.24.57:8443/services/EuropeanDisabilityCardService_v1.0</con:endpoint><con:request><![CDATA[<soapenv:Envelope xmlns:soapenv="http://schemas.xmlsoap.org/soap/envelope/" xmlns:v1="http://fidus.brussels/service/europeandisabilitycardservice/messages/v1" xmlns:v11="http://fidus.brussels/type/common/messages/v1">
   <soapenv:Header/>
   <soapenv:Body>
      <v1:consultAllCardsRequest>
         <v1:messageContext>
            <v11:messageId>${=import static java.util.UUID.randomUUID; uuid = randomUUID() as String}</v11:messageId>
            <!--Optional:-->
            <v11:timestamp>${=new java.text.SimpleDateFormat("yyyy-MM-dd'T'HH:mm:ss.SSS").format(new Date())}</v11:timestamp>
         </v1:messageContext>
         <v1:legalContext>ServiceIntegrator</v1:legalContext>
         <v1:request>
            <v1:ssin>10022104563</v1:ssin>
         </v1:request>
      </v1:consultAllCardsRequest>
   </soapenv:Body>
</soapenv:Envelope>]]></con:request><con:assertion type="SOAP Fault Assertion" id="6853d7ae-c24c-4218-9db3-246a1b5f1eb3" name="Not SOAP Fault"/><con:assertion type="SOAP Response" id="c4a069dd-7900-41a2-848a-9084f7cf8700" name="SOAP Response"/><con:assertion type="Schema Compliance" id="4ab0bd21-cd2a-4a5f-a385-c005c83b148a" name="Schema Compliance"><con:configuration/></con:assertion><con:wsaConfig action="http://fidus.brussels/services/europeandisabilitycardservice/consultAllCards"/></con:request></con:config></con:testStep><con:testStep type="request" id="ce6dd13e-3796-44d6-9b2a-7e3e2f1259df" name="testcase04 - Staging - Worker2 - Request"><con:settings/><con:config xsi:type="con:RequestStep" xmlns:xsi="http://www.w3.org/2001/XMLSchema-instance"><con:interface>EuropeanDisabilityCardServiceHTTPBinding</con:interface><con:operation>consultAllCards</con:operation><con:request name="testcase04 - Staging - Worker2 - Request" id="81ac389e-a986-4061-a55c-ec8be27089be" outgoingWss="Outflow STAG"><con:settings/><con:encoding>UTF-8</con:encoding><con:endpoint>https://192.168.24.64:8443/services/EuropeanDisabilityCardService_v1.0</con:endpoint><con:request><![CDATA[<soapenv:Envelope xmlns:soapenv="http://schemas.xmlsoap.org/soap/envelope/" xmlns:v1="http://fidus.brussels/service/europeandisabilitycardservice/messages/v1" xmlns:v11="http://fidus.brussels/type/common/messages/v1">
   <soapenv:Header/>
   <soapenv:Body>
      <v1:consultAllCardsRequest>
         <v1:messageContext>
            <v11:messageId>${=import static java.util.UUID.randomUUID; uuid = randomUUID() as String}</v11:messageId>
            <!--Optional:-->
            <v11:timestamp>${=new java.text.SimpleDateFormat("yyyy-MM-dd'T'HH:mm:ss.SSS").format(new Date())}</v11:timestamp>
         </v1:messageContext>
         <v1:legalContext>ServiceIntegrator</v1:legalContext>
         <v1:request>
            <v1:ssin>10022104563</v1:ssin>
         </v1:request>
      </v1:consultAllCardsRequest>
   </soapenv:Body>
</soapenv:Envelope>]]></con:request><con:assertion type="SOAP Fault Assertion" id="34f95e7f-8580-47fd-8c7e-360bb0ca075d" name="Not SOAP Fault"/><con:assertion type="SOAP Response" id="b362ed22-8aa4-470b-93e9-3e8f064a7f04" name="SOAP Response"/><con:assertion type="Schema Compliance" id="f37b9bd1-230f-40a0-9a40-d1c0b4bae824" name="Schema Compliance"><con:configuration/></con:assertion><con:wsaConfig action="http://fidus.brussels/services/europeandisabilitycardservice/consultAllCards"/></con:request></con:config></con:testStep><con:properties/></con:testCase><con:testCase id="a2a3638d-1db8-47e7-8b22-a280c33ec5c2" failOnError="true" failTestCaseOnErrors="true" keepSession="false" maxResults="0" name="createCard" searchProperties="true"><con:settings/><con:testStep type="request" id="1fd44314-a637-4be8-af8e-2d8ba5733c02" name="testcase04 - Staging - External - Request"><con:settings/><con:config xsi:type="con:RequestStep" xmlns:xsi="http://www.w3.org/2001/XMLSchema-instance"><con:interface>EuropeanDisabilityCardServiceHTTPBinding</con:interface><con:operation>createCard</con:operation><con:request name="testcase04 - Staging - External - Request" id="aa0e6e54-9e73-4791-a55a-52d9cf853271" outgoingWss="Outflow STAG"><con:settings/><con:encoding>UTF-8</con:encoding><con:endpoint>https://fidus.sec.brussels/services/EuropeanDisabilityCardService_v1.0</con:endpoint><con:request><![CDATA[<soapenv:Envelope xmlns:soapenv="http://schemas.xmlsoap.org/soap/envelope/" xmlns:v1="http://fidus.brussels/service/europeandisabilitycardservice/messages/v1" xmlns:v11="http://fidus.brussels/type/common/messages/v1">
   <soapenv:Header/>
   <soapenv:Body>
      <v1:createCardRequest>
         <v1:messageContext>
            <v11:messageId>${=import static java.util.UUID.randomUUID; uuid = randomUUID() as String}</v11:messageId>
            <!--Optional:-->
            <v11:timestamp>${=new java.text.SimpleDateFormat("yyyy-MM-dd'T'HH:mm:ss.SSS").format(new Date())}</v11:timestamp>
         </v1:messageContext>
         <v1:legalContext>ServiceIntegrator</v1:legalContext>
         <v1:request>
            <v1:ssin>67052624133</v1:ssin>
            <v1:emittingPartner>0457419435</v1:emittingPartner>
            <v1:language>NL</v1:language>
            <v1:forceCreation>true</v1:forceCreation>
         </v1:request>
      </v1:createCardRequest>
   </soapenv:Body>
</soapenv:Envelope>]]></con:request><con:assertion type="SOAP Fault Assertion" id="0d7b26e9-e308-483a-832f-ee7d2b349b09" name="Not SOAP Fault"/><con:assertion type="SOAP Response" id="a63550ae-d097-4da4-91e6-28d8724e9b29" name="SOAP Response"/><con:assertion type="Schema Compliance" id="47d92f16-5c92-4552-9c33-63e16bd8825b" name="Schema Compliance"><con:configuration/></con:assertion><con:wsaConfig action="http://fidus.brussels/services/europeandisabilitycardservice/createCard"/></con:request></con:config></con:testStep><con:testStep type="request" id="f5df5670-b663-49d4-be8c-b6d7a3c7c8f6" name="testcase04 - Staging - LB - Request"><con:settings/><con:config xsi:type="con:RequestStep" xmlns:xsi="http://www.w3.org/2001/XMLSchema-instance"><con:interface>EuropeanDisabilityCardServiceHTTPBinding</con:interface><con:operation>createCard</con:operation><con:request name="testcase04 - Staging - LB - Request" id="fafabbb0-634f-4a81-a998-4283ba6423c0" outgoingWss="Outflow STAG"><con:settings/><con:encoding>UTF-8</con:encoding><con:endpoint>https://fidus-esb-sg.prd.srv.cirb.lan:8443/services/EuropeanDisabilityCardService_v1.0</con:endpoint><con:request><![CDATA[<soapenv:Envelope xmlns:soapenv="http://schemas.xmlsoap.org/soap/envelope/" xmlns:v1="http://fidus.brussels/service/europeandisabilitycardservice/messages/v1" xmlns:v11="http://fidus.brussels/type/common/messages/v1">
   <soapenv:Header/>
   <soapenv:Body>
      <v1:createCardRequest>
         <v1:messageContext>
            <v11:messageId>${=import static java.util.UUID.randomUUID; uuid = randomUUID() as String}</v11:messageId>
            <!--Optional:-->
            <v11:timestamp>${=new java.text.SimpleDateFormat("yyyy-MM-dd'T'HH:mm:ss.SSS").format(new Date())}</v11:timestamp>
         </v1:messageContext>
         <v1:legalContext>ServiceIntegrator</v1:legalContext>
         <v1:request>
            <v1:ssin>91040526866</v1:ssin>
            <v1:emittingPartner>0457419435</v1:emittingPartner>
            <v1:language>NL</v1:language>
            <v1:forceCreation>true</v1:forceCreation>
         </v1:request>
      </v1:createCardRequest>
   </soapenv:Body>
</soapenv:Envelope>]]></con:request><con:assertion type="SOAP Fault Assertion" id="2067bfa8-d5e2-4d6e-8b62-8e2f4c1a59e7" name="Not SOAP Fault"/><con:assertion type="SOAP Response" id="b7cb6e20-c002-4795-869e-d66bea37fdff" name="SOAP Response"/><con:assertion type="Schema Compliance" id="1fcbecae-38e9-4a02-8981-85743e231dfc" name="Schema Compliance"><con:configuration/></con:assertion><con:wsaConfig action="http://fidus.brussels/services/europeandisabilitycardservice/createCard"/></con:request></con:config></con:testStep><con:testStep type="request" id="5ed8d220-6d7e-4607-956a-8999bebd8113" name="testcase04 - Staging - Worker1 - Request"><con:settings/><con:config xsi:type="con:RequestStep" xmlns:xsi="http://www.w3.org/2001/XMLSchema-instance"><con:interface>EuropeanDisabilityCardServiceHTTPBinding</con:interface><con:operation>createCard</con:operation><con:request name="testcase04 - Staging - Worker1 - Request" id="c75def43-acb2-4266-8083-62bf9c350b35" outgoingWss="Outflow STAG"><con:settings/><con:encoding>UTF-8</con:encoding><con:endpoint>https://192.168.24.57:8443/services/EuropeanDisabilityCardService_v1.0</con:endpoint><con:request><![CDATA[<soapenv:Envelope xmlns:soapenv="http://schemas.xmlsoap.org/soap/envelope/" xmlns:v1="http://fidus.brussels/service/europeandisabilitycardservice/messages/v1" xmlns:v11="http://fidus.brussels/type/common/messages/v1">
   <soapenv:Header/>
   <soapenv:Body>
      <v1:createCardRequest>
         <v1:messageContext>
            <v11:messageId>${=import static java.util.UUID.randomUUID; uuid = randomUUID() as String}</v11:messageId>
            <!--Optional:-->
            <v11:timestamp>${=new java.text.SimpleDateFormat("yyyy-MM-dd'T'HH:mm:ss.SSS").format(new Date())}</v11:timestamp>
         </v1:messageContext>
         <v1:legalContext>ServiceIntegrator</v1:legalContext>
         <v1:request>
            <v1:ssin>84010118405</v1:ssin>
            <v1:emittingPartner>0457419435</v1:emittingPartner>
            <v1:language>NL</v1:language>
            <v1:forceCreation>true</v1:forceCreation>
         </v1:request>
      </v1:createCardRequest>
   </soapenv:Body>
</soapenv:Envelope>]]></con:request><con:assertion type="SOAP Fault Assertion" id="e15114e7-e933-4f1d-adfa-ed0ad5997d14" name="Not SOAP Fault"/><con:assertion type="SOAP Response" id="deba47c4-6d76-4b5c-be92-dac81e7b7b03" name="SOAP Response"/><con:assertion type="Schema Compliance" id="b1e36ca1-e771-4c8c-a16c-8fa5b04560a3" name="Schema Compliance"><con:configuration/></con:assertion><con:wsaConfig action="http://fidus.brussels/services/europeandisabilitycardservice/createCard"/></con:request></con:config></con:testStep><con:testStep type="request" id="081ce164-c85e-44e9-882a-3d3e0ac87364" name="testcase04 - Staging - Worker2 - Request"><con:settings/><con:config xsi:type="con:RequestStep" xmlns:xsi="http://www.w3.org/2001/XMLSchema-instance"><con:interface>EuropeanDisabilityCardServiceHTTPBinding</con:interface><con:operation>createCard</con:operation><con:request name="testcase04 - Staging - Worker2 - Request" id="c52010b5-8860-4ddb-bbd6-ac3446e58cc6" outgoingWss="Outflow STAG"><con:settings/><con:encoding>UTF-8</con:encoding><con:endpoint>https://192.168.24.64:8443/services/EuropeanDisabilityCardService_v1.0</con:endpoint><con:request><![CDATA[<soapenv:Envelope xmlns:soapenv="http://schemas.xmlsoap.org/soap/envelope/" xmlns:v1="http://fidus.brussels/service/europeandisabilitycardservice/messages/v1" xmlns:v11="http://fidus.brussels/type/common/messages/v1">
   <soapenv:Header/>
   <soapenv:Body>
      <v1:createCardRequest>
         <v1:messageContext>
            <v11:messageId>${=import static java.util.UUID.randomUUID; uuid = randomUUID() as String}</v11:messageId>
            <!--Optional:-->
            <v11:timestamp>${=new java.text.SimpleDateFormat("yyyy-MM-dd'T'HH:mm:ss.SSS").format(new Date())}</v11:timestamp>
         </v1:messageContext>
         <v1:legalContext>ServiceIntegrator</v1:legalContext>
         <v1:request>
            <v1:ssin>50081133058</v1:ssin>
            <v1:emittingPartner>0457419435</v1:emittingPartner>
            <v1:language>NL</v1:language>
            <v1:forceCreation>true</v1:forceCreation>
         </v1:request>
      </v1:createCardRequest>
   </soapenv:Body>
</soapenv:Envelope>]]></con:request><con:assertion type="SOAP Fault Assertion" id="826da294-3bda-4396-bdd4-481b47cb63d8" name="Not SOAP Fault"/><con:assertion type="SOAP Response" id="6d66c16c-1c19-40af-8366-d12eeffb1ed3" name="SOAP Response"/><con:assertion type="Schema Compliance" id="268c5509-2a03-472a-9009-340ffd9d1e9e" name="Schema Compliance"><con:configuration/></con:assertion><con:wsaConfig action="http://fidus.brussels/services/europeandisabilitycardservice/createCard"/></con:request></con:config></con:testStep><con:properties/></con:testCase><con:testCase id="60908b35-060b-4325-8c4a-82fa7274385c" failOnError="true" failTestCaseOnErrors="true" keepSession="false" maxResults="0" name="stopOrCancelCard" searchProperties="true"><con:settings/><con:testStep type="request" id="fbf4bf94-feb9-4e03-8582-faa80325605b" name="testcase04 - Staging - External - Request"><con:settings/><con:config xsi:type="con:RequestStep" xmlns:xsi="http://www.w3.org/2001/XMLSchema-instance"><con:interface>EuropeanDisabilityCardServiceHTTPBinding</con:interface><con:operation>stopOrCancelCard</con:operation><con:request name="testcase04 - Staging - External - Request" id="9070c64c-311f-4271-b63a-001fc73f72c3" outgoingWss="Outflow STAG"><con:settings/><con:encoding>UTF-8</con:encoding><con:endpoint>https://fidus.sec.brussels/services/EuropeanDisabilityCardService_v1.0</con:endpoint><con:request><![CDATA[<soapenv:Envelope xmlns:soapenv="http://schemas.xmlsoap.org/soap/envelope/" xmlns:v1="http://fidus.brussels/service/europeandisabilitycardservice/messages/v1" xmlns:v11="http://fidus.brussels/type/common/messages/v1">
   <soapenv:Header/>
   <soapenv:Body>
      <v1:stopOrCancelCardRequest>
         <v1:messageContext>
            <v11:messageId>${=import static java.util.UUID.randomUUID; uuid = randomUUID() as String}</v11:messageId>
            <!--Optional:-->
            <v11:timestamp>${=new java.text.SimpleDateFormat("yyyy-MM-dd'T'HH:mm:ss.SSS").format(new Date())}</v11:timestamp>
         </v1:messageContext>
         <v1:legalContext>ServiceIntegrator</v1:legalContext>
         <v1:request>            
            <v1:cardNumber>20000009732</v1:cardNumber>
            <v1:emittingPartner>0457419435</v1:emittingPartner>
         </v1:request>
      </v1:stopOrCancelCardRequest>
   </soapenv:Body>
</soapenv:Envelope>]]></con:request><con:assertion type="SOAP Fault Assertion" id="5c627b05-d603-4100-9029-26d6597e8c8c" name="Not SOAP Fault"/><con:assertion type="SOAP Response" id="469d2114-c2cf-44ca-998e-286de9b3fcaf" name="SOAP Response"/><con:assertion type="Schema Compliance" id="c027ce39-f599-4cca-a4ee-4c9403b08d50" name="Schema Compliance"><con:configuration/></con:assertion><con:wsaConfig action="http://fidus.brussels/services/europeandisabilitycardservice/stopOrCancelCard"/></con:request></con:config></con:testStep><con:testStep type="request" id="4351f42c-728b-4236-a06d-0f55cd1894ca" name="testcase04 - Staging - LB - Request"><con:settings/><con:config xsi:type="con:RequestStep" xmlns:xsi="http://www.w3.org/2001/XMLSchema-instance"><con:interface>EuropeanDisabilityCardServiceHTTPBinding</con:interface><con:operation>stopOrCancelCard</con:operation><con:request name="testcase04 - Staging - LB - Request" id="37b2d857-2d54-4561-9176-73184d04c04f" outgoingWss="Outflow STAG"><con:settings/><con:encoding>UTF-8</con:encoding><con:endpoint>https://fidus-esb-sg.prd.srv.cirb.lan:8443/services/EuropeanDisabilityCardService_v1.0</con:endpoint><con:request><![CDATA[<soapenv:Envelope xmlns:soapenv="http://schemas.xmlsoap.org/soap/envelope/" xmlns:v1="http://fidus.brussels/service/europeandisabilitycardservice/messages/v1" xmlns:v11="http://fidus.brussels/type/common/messages/v1">
   <soapenv:Header/>
   <soapenv:Body>
      <v1:stopOrCancelCardRequest>
         <v1:messageContext>
            <v11:messageId>${=import static java.util.UUID.randomUUID; uuid = randomUUID() as String}</v11:messageId>
            <!--Optional:-->
            <v11:timestamp>${=new java.text.SimpleDateFormat("yyyy-MM-dd'T'HH:mm:ss.SSS").format(new Date())}</v11:timestamp>
         </v1:messageContext>
         <v1:legalContext>ServiceIntegrator</v1:legalContext>
         <v1:request>            
            <v1:cardNumber>20000009534</v1:cardNumber>
            <v1:emittingPartner>0457419435</v1:emittingPartner>
         </v1:request>
      </v1:stopOrCancelCardRequest>
   </soapenv:Body>
</soapenv:Envelope>]]></con:request><con:assertion type="SOAP Fault Assertion" id="29f73106-3507-42f2-882a-ba3c07109dda" name="Not SOAP Fault"/><con:assertion type="SOAP Response" id="258bd72f-9655-4f1c-a72e-e561b0d681d0" name="SOAP Response"/><con:assertion type="Schema Compliance" id="7e5dca69-8520-4698-9f3f-4dd263a6bea6" name="Schema Compliance"><con:configuration/></con:assertion><con:wsaConfig action="http://fidus.brussels/services/europeandisabilitycardservice/stopOrCancelCard"/></con:request></con:config></con:testStep><con:testStep type="request" id="e6ff1ae7-b8e4-4f82-8725-10303eaa66e2" name="testcase04 - Staging - Worker1 - Request"><con:settings/><con:config xsi:type="con:RequestStep" xmlns:xsi="http://www.w3.org/2001/XMLSchema-instance"><con:interface>EuropeanDisabilityCardServiceHTTPBinding</con:interface><con:operation>stopOrCancelCard</con:operation><con:request name="testcase04 - Staging - Worker1 - Request" id="651b0343-70e4-4c09-b8ee-aee7e7f000e6" outgoingWss="Outflow STAG"><con:settings/><con:encoding>UTF-8</con:encoding><con:endpoint>https://192.168.24.57:8443/services/EuropeanDisabilityCardService_v1.0</con:endpoint><con:request><![CDATA[<soapenv:Envelope xmlns:soapenv="http://schemas.xmlsoap.org/soap/envelope/" xmlns:v1="http://fidus.brussels/service/europeandisabilitycardservice/messages/v1" xmlns:v11="http://fidus.brussels/type/common/messages/v1">
   <soapenv:Header/>
   <soapenv:Body>
      <v1:stopOrCancelCardRequest>
         <v1:messageContext>
            <v11:messageId>${=import static java.util.UUID.randomUUID; uuid = randomUUID() as String}</v11:messageId>
            <!--Optional:-->
            <v11:timestamp>${=new java.text.SimpleDateFormat("yyyy-MM-dd'T'HH:mm:ss.SSS").format(new Date())}</v11:timestamp>
         </v1:messageContext>
         <v1:legalContext>ServiceIntegrator</v1:legalContext>
         <v1:request>            
            <v1:cardNumber>20000009633</v1:cardNumber>
            <v1:emittingPartner>0457419435</v1:emittingPartner>
         </v1:request>
      </v1:stopOrCancelCardRequest>
   </soapenv:Body>
</soapenv:Envelope>]]></con:request><con:assertion type="SOAP Fault Assertion" id="ca2d0b3d-e936-4e04-8215-54ada2a49df6" name="Not SOAP Fault"/><con:assertion type="SOAP Response" id="40e23c7a-e046-4c7f-a1b6-ece3ac2ef24c" name="SOAP Response"/><con:assertion type="Schema Compliance" id="81cd01a8-9c00-4676-8fbf-34aa961d1a1d" name="Schema Compliance"><con:configuration/></con:assertion><con:wsaConfig action="http://fidus.brussels/services/europeandisabilitycardservice/stopOrCancelCard"/></con:request></con:config></con:testStep><con:testStep type="request" id="f0e0fb82-2a38-441d-ae1c-f520df379308" name="testcase04 - Staging - Worker2 - Request"><con:settings/><con:config xsi:type="con:RequestStep" xmlns:xsi="http://www.w3.org/2001/XMLSchema-instance"><con:interface>EuropeanDisabilityCardServiceHTTPBinding</con:interface><con:operation>stopOrCancelCard</con:operation><con:request name="testcase04 - Staging - Worker2 - Request" id="181619ad-d0e1-4197-a359-77b4c73ea83d" outgoingWss="Outflow STAG"><con:settings/><con:encoding>UTF-8</con:encoding><con:endpoint>https://192.168.24.64:8443/services/EuropeanDisabilityCardService_v1.0</con:endpoint><con:request><![CDATA[<soapenv:Envelope xmlns:soapenv="http://schemas.xmlsoap.org/soap/envelope/" xmlns:v1="http://fidus.brussels/service/europeandisabilitycardservice/messages/v1" xmlns:v11="http://fidus.brussels/type/common/messages/v1">
   <soapenv:Header/>
   <soapenv:Body>
      <v1:stopOrCancelCardRequest>
         <v1:messageContext>
            <v11:messageId>${=import static java.util.UUID.randomUUID; uuid = randomUUID() as String}</v11:messageId>
            <!--Optional:-->
            <v11:timestamp>${=new java.text.SimpleDateFormat("yyyy-MM-dd'T'HH:mm:ss.SSS").format(new Date())}</v11:timestamp>
         </v1:messageContext>
         <v1:legalContext>ServiceIntegrator</v1:legalContext>
         <v1:request>            
            <v1:cardNumber>20000009435</v1:cardNumber>
            <v1:emittingPartner>0457419435</v1:emittingPartner>
         </v1:request>
      </v1:stopOrCancelCardRequest>
   </soapenv:Body>
</soapenv:Envelope>]]></con:request><con:assertion type="SOAP Fault Assertion" id="6179e67b-f8e5-48a7-bcb0-c01e05748b67" name="Not SOAP Fault"/><con:assertion type="SOAP Response" id="cc0c45fe-cf43-4c57-bf2d-d3a4dac0290b" name="SOAP Response"/><con:assertion type="Schema Compliance" id="86495524-caa9-42c8-9fde-35fae1a1d72b" name="Schema Compliance"><con:configuration/></con:assertion><con:wsaConfig action="http://fidus.brussels/services/europeandisabilitycardservice/stopOrCancelCard"/></con:request></con:config></con:testStep><con:properties/></con:testCase><con:properties/></con:testSuite><con:testSuite id="f0cc0f88-d57f-4e51-8c7b-7fbe7a6211c2" name="PROD"><con:settings/><con:runType>SEQUENTIAL</con:runType><con:testCase id="4ac34811-6fbe-408d-bc73-393418c2e90d" failOnError="true" failTestCaseOnErrors="true" keepSession="false" maxResults="0" name="consultActiveCards" searchProperties="true"><con:settings/><con:testStep type="request" id="29263dd3-49f0-43d2-8ebf-3d3dde5775bd" name="testcase05- Prod - External - Request"><con:settings/><con:config xsi:type="con:RequestStep" xmlns:xsi="http://www.w3.org/2001/XMLSchema-instance"><con:interface>EuropeanDisabilityCardServiceHTTPBinding</con:interface><con:operation>consultActiveCards</con:operation><con:request name="testcase05- Prod - External - Request" id="8c64291f-8101-448c-8933-12a1cc415b25" outgoingWss="Outflow PROD"><con:settings/><con:encoding>UTF-8</con:encoding><con:endpoint>https://fidus.sec.brussels/services/EuropeanDisabilityCardService_v1.0</con:endpoint><con:request><![CDATA[<soapenv:Envelope xmlns:soapenv="http://schemas.xmlsoap.org/soap/envelope/" xmlns:v1="http://fidus.brussels/service/europeandisabilitycardservice/messages/v1" xmlns:v11="http://fidus.brussels/type/common/messages/v1">
   <soapenv:Header/>
   <soapenv:Body>
      <v1:consultActiveCardsRequest>         
         <v1:messageContext>
            <v11:messageId>${=import static java.util.UUID.randomUUID; uuid = randomUUID() as String}</v11:messageId>
            <!--Optional:-->
            <v11:timestamp>${=new java.text.SimpleDateFormat("yyyy-MM-dd'T'HH:mm:ss.SSS").format(new Date())}</v11:timestamp>
         </v1:messageContext>
         <v1:legalContext>ServiceIntegrator</v1:legalContext>
         <v1:request>
            <v1:ssin>10022104563</v1:ssin>
            <!--Optional:-->
            <v1:referenceDate>2017-09-01</v1:referenceDate>
         </v1:request>
      </v1:consultActiveCardsRequest>
   </soapenv:Body>
</soapenv:Envelope>]]></con:request><con:assertion type="SOAP Fault Assertion" id="982c280b-747b-49d1-9bd8-d5c3223a7284" name="Not SOAP Fault"/><con:assertion type="SOAP Response" id="40d30dbe-a69d-45de-b494-ec6748d0afde" name="SOAP Response"/><con:assertion type="Schema Compliance" id="a6a78b94-e70d-41e6-bde4-76fbf5c12169" name="Schema Compliance"><con:configuration/></con:assertion><con:wsaConfig action="http://fidus.brussels/services/europeandisabilitycardservice/consultActiveCards"/></con:request></con:config></con:testStep><con:testStep type="request" id="6eb0215a-03e0-4dba-ad7f-ac0f8ef0ff32" name="testcase05- Prod - LB - Request"><con:settings/><con:config xsi:type="con:RequestStep" xmlns:xsi="http://www.w3.org/2001/XMLSchema-instance"><con:interface>EuropeanDisabilityCardServiceHTTPBinding</con:interface><con:operation>consultActiveCards</con:operation><con:request name="testcase05- Prod - LB - Request" id="5afc6a7d-b0b4-4735-b403-5eb141b31e2a" outgoingWss="Outflow PROD"><con:settings/><con:encoding>UTF-8</con:encoding><con:endpoint>https://fidus-esb-sg.prd.srv.cirb.lan:8443/services/EuropeanDisabilityCardService_v1.0</con:endpoint><con:request><![CDATA[<soapenv:Envelope xmlns:soapenv="http://schemas.xmlsoap.org/soap/envelope/" xmlns:v1="http://fidus.brussels/service/europeandisabilitycardservice/messages/v1" xmlns:v11="http://fidus.brussels/type/common/messages/v1">
   <soapenv:Header/>
   <soapenv:Body>
      <v1:consultActiveCardsRequest>         
         <v1:messageContext>
            <v11:messageId>${=import static java.util.UUID.randomUUID; uuid = randomUUID() as String}</v11:messageId>
            <!--Optional:-->
            <v11:timestamp>${=new java.text.SimpleDateFormat("yyyy-MM-dd'T'HH:mm:ss.SSS").format(new Date())}</v11:timestamp>
         </v1:messageContext>
         <v1:legalContext>ServiceIntegrator</v1:legalContext>
         <v1:request>
            <v1:ssin>10022104563</v1:ssin>
            <!--Optional:-->
            <v1:referenceDate>2017-09-01</v1:referenceDate>
         </v1:request>
      </v1:consultActiveCardsRequest>
   </soapenv:Body>
</soapenv:Envelope>]]></con:request><con:assertion type="SOAP Fault Assertion" id="89ac4720-8637-49fe-812e-cbab604ee859" name="Not SOAP Fault"/><con:assertion type="SOAP Response" id="92acec52-6a5b-4ec7-a3e1-4eef940c3a6e" name="SOAP Response"/><con:assertion type="Schema Compliance" id="bf726162-bc75-4384-a9bf-979d01c04efb" name="Schema Compliance"><con:configuration/></con:assertion><con:wsaConfig action="http://fidus.brussels/services/europeandisabilitycardservice/consultActiveCards"/></con:request></con:config></con:testStep><con:testStep type="request" id="f5762a76-7d79-45a3-9dc6-9f0b3e307587" name="testcase05- Prod - Worker1 - Request"><con:settings/><con:config xsi:type="con:RequestStep" xmlns:xsi="http://www.w3.org/2001/XMLSchema-instance"><con:interface>EuropeanDisabilityCardServiceHTTPBinding</con:interface><con:operation>consultActiveCards</con:operation><con:request name="testcase05- Prod - Worker1 - Request" id="477ead6e-a994-4c2b-9bdb-088cc067fd6f" outgoingWss="Outflow PROD"><con:settings/><con:encoding>UTF-8</con:encoding><con:endpoint>https://192.168.26.22:8443/services/EuropeanDisabilityCardService_v1.0</con:endpoint><con:request><![CDATA[<soapenv:Envelope xmlns:soapenv="http://schemas.xmlsoap.org/soap/envelope/" xmlns:v1="http://fidus.brussels/service/europeandisabilitycardservice/messages/v1" xmlns:v11="http://fidus.brussels/type/common/messages/v1">
   <soapenv:Header/>
   <soapenv:Body>
      <v1:consultActiveCardsRequest>         
         <v1:messageContext>
            <v11:messageId>${=import static java.util.UUID.randomUUID; uuid = randomUUID() as String}</v11:messageId>
            <!--Optional:-->
            <v11:timestamp>${=new java.text.SimpleDateFormat("yyyy-MM-dd'T'HH:mm:ss.SSS").format(new Date())}</v11:timestamp>
         </v1:messageContext>
         <v1:legalContext>ServiceIntegrator</v1:legalContext>
         <v1:request>
            <v1:ssin>10022104563</v1:ssin>
            <!--Optional:-->
            <v1:referenceDate>2017-09-01</v1:referenceDate>
         </v1:request>
      </v1:consultActiveCardsRequest>
   </soapenv:Body>
</soapenv:Envelope>]]></con:request><con:assertion type="SOAP Fault Assertion" id="0f96d539-7c18-4cbd-a65c-a4551ef79fb7" name="Not SOAP Fault"/><con:assertion type="SOAP Response" id="b96af71e-f394-4af6-aded-40eb5065bcb0" name="SOAP Response"/><con:assertion type="Schema Compliance" id="7013ac6b-b4e8-4596-885d-f370e1c5b0ec" name="Schema Compliance"><con:configuration/></con:assertion><con:wsaConfig action="http://fidus.brussels/services/europeandisabilitycardservice/consultActiveCards"/></con:request></con:config></con:testStep><con:testStep type="request" id="16bf6908-3dbb-457e-81d2-e8eb919f71ef" name="testcase05- Prod - Worker2 - Request"><con:settings/><con:config xsi:type="con:RequestStep" xmlns:xsi="http://www.w3.org/2001/XMLSchema-instance"><con:interface>EuropeanDisabilityCardServiceHTTPBinding</con:interface><con:operation>consultActiveCards</con:operation><con:request name="testcase05- Prod - Worker2 - Request" id="e4b500a5-de63-4834-b222-3eed941f4ca2" outgoingWss="Outflow PROD"><con:settings/><con:encoding>UTF-8</con:encoding><con:endpoint>https://192.168.26.19:8443/services/EuropeanDisabilityCardService_v1.0</con:endpoint><con:request><![CDATA[<soapenv:Envelope xmlns:soapenv="http://schemas.xmlsoap.org/soap/envelope/" xmlns:v1="http://fidus.brussels/service/europeandisabilitycardservice/messages/v1" xmlns:v11="http://fidus.brussels/type/common/messages/v1">
   <soapenv:Header/>
   <soapenv:Body>
      <v1:consultActiveCardsRequest>         
         <v1:messageContext>
            <v11:messageId>${=import static java.util.UUID.randomUUID; uuid = randomUUID() as String}</v11:messageId>
            <!--Optional:-->
            <v11:timestamp>${=new java.text.SimpleDateFormat("yyyy-MM-dd'T'HH:mm:ss.SSS").format(new Date())}</v11:timestamp>
         </v1:messageContext>
         <v1:legalContext>ServiceIntegrator</v1:legalContext>
         <v1:request>
            <v1:ssin>10022104563</v1:ssin>
            <!--Optional:-->
            <v1:referenceDate>2017-09-01</v1:referenceDate>
         </v1:request>
      </v1:consultActiveCardsRequest>
   </soapenv:Body>
</soapenv:Envelope>]]></con:request><con:assertion type="SOAP Fault Assertion" id="467b0cb6-f3ad-4f07-a3e9-dc87db2d3789" name="Not SOAP Fault"/><con:assertion type="SOAP Response" id="333b338c-6f0f-4eb7-bdd6-a5b61a500a0d" name="SOAP Response"/><con:assertion type="Schema Compliance" id="d052fe82-e2dc-46bc-b156-37fd374cd7af" name="Schema Compliance"><con:configuration/></con:assertion><con:wsaConfig action="http://fidus.brussels/services/europeandisabilitycardservice/consultActiveCards"/></con:request></con:config></con:testStep><con:properties/></con:testCase><con:testCase id="b481b365-9206-44fe-8efd-059948a9e181" failOnError="true" failTestCaseOnErrors="true" keepSession="false" maxResults="0" name="consultAllCards" searchProperties="true"><con:settings/><con:testStep type="request" id="f93b16b8-1c91-4c85-9acd-2897169e20d9" name="testcase05 - Prod - Worker1 - Request"><con:settings/><con:config xsi:type="con:RequestStep" xmlns:xsi="http://www.w3.org/2001/XMLSchema-instance"><con:interface>EuropeanDisabilityCardServiceHTTPBinding</con:interface><con:operation>consultAllCards</con:operation><con:request name="testcase05 - Prod - Worker1 - Request" id="b245e9d1-6f91-4392-98b4-9a3fa78a840a" outgoingWss="Outflow PROD"><con:settings/><con:encoding>UTF-8</con:encoding><con:endpoint>https://192.168.26.22:8443/services/EuropeanDisabilityCardService_v1.0</con:endpoint><con:request><![CDATA[<soapenv:Envelope xmlns:soapenv="http://schemas.xmlsoap.org/soap/envelope/" xmlns:v1="http://fidus.brussels/service/europeandisabilitycardservice/messages/v1" xmlns:v11="http://fidus.brussels/type/common/messages/v1">
   <soapenv:Header/>
   <soapenv:Body>
      <v1:consultAllCardsRequest>
         <v1:messageContext>
            <v11:messageId>${=import static java.util.UUID.randomUUID; uuid = randomUUID() as String}</v11:messageId>
            <!--Optional:-->
            <v11:timestamp>${=new java.text.SimpleDateFormat("yyyy-MM-dd'T'HH:mm:ss.SSS").format(new Date())}</v11:timestamp>
         </v1:messageContext>
         <v1:legalContext>ServiceIntegrator</v1:legalContext>
         <v1:request>
            <v1:ssin>10022104563</v1:ssin>
         </v1:request>
      </v1:consultAllCardsRequest>
   </soapenv:Body>
</soapenv:Envelope>]]></con:request><con:assertion type="SOAP Fault Assertion" id="c58a5595-e8e0-434c-a307-9946301a8bd8" name="Not SOAP Fault"/><con:assertion type="SOAP Response" id="4eee3995-b54d-427a-b4ea-75b2bfbd6885" name="SOAP Response"/><con:assertion type="Schema Compliance" id="7368becf-bf5f-407b-a54d-c8ef0221aab5" name="Schema Compliance"><con:configuration/></con:assertion><con:wsaConfig action="http://fidus.brussels/services/europeandisabilitycardservice/consultAllCards"/></con:request></con:config></con:testStep><con:testStep type="request" id="78468a50-fe42-47f3-9402-9d7266e7741b" name="testcase05 - Prod - Worker2 - Request"><con:settings/><con:config xsi:type="con:RequestStep" xmlns:xsi="http://www.w3.org/2001/XMLSchema-instance"><con:interface>EuropeanDisabilityCardServiceHTTPBinding</con:interface><con:operation>consultAllCards</con:operation><con:request name="testcase05 - Prod - Worker2 - Request" id="08a59d49-53cc-4929-b2e5-16cb4c42a9c5" outgoingWss="Outflow PROD"><con:settings/><con:encoding>UTF-8</con:encoding><con:endpoint>https://192.168.26.19:8443/services/EuropeanDisabilityCardService_v1.0</con:endpoint><con:request><![CDATA[<soapenv:Envelope xmlns:soapenv="http://schemas.xmlsoap.org/soap/envelope/" xmlns:v1="http://fidus.brussels/service/europeandisabilitycardservice/messages/v1" xmlns:v11="http://fidus.brussels/type/common/messages/v1">
   <soapenv:Header/>
   <soapenv:Body>
      <v1:consultAllCardsRequest>
         <v1:messageContext>
            <v11:messageId>${=import static java.util.UUID.randomUUID; uuid = randomUUID() as String}</v11:messageId>
            <!--Optional:-->
            <v11:timestamp>${=new java.text.SimpleDateFormat("yyyy-MM-dd'T'HH:mm:ss.SSS").format(new Date())}</v11:timestamp>
         </v1:messageContext>
         <v1:legalContext>ServiceIntegrator</v1:legalContext>
         <v1:request>
            <v1:ssin>10022104563</v1:ssin>
         </v1:request>
      </v1:consultAllCardsRequest>
   </soapenv:Body>
</soapenv:Envelope>]]></con:request><con:assertion type="SOAP Fault Assertion" id="a42ef647-e2e6-45ea-8235-9476a35b5cda" name="Not SOAP Fault"/><con:assertion type="SOAP Response" id="b26ec0cb-4eab-4860-8689-e0f748923598" name="SOAP Response"/><con:assertion type="Schema Compliance" id="72b68c39-d9c9-4f9e-8ad2-2b3082d8b800" name="Schema Compliance"><con:configuration/></con:assertion><con:wsaConfig action="http://fidus.brussels/services/europeandisabilitycardservice/consultAllCards"/></con:request></con:config></con:testStep><con:testStep type="request" id="a0394f5e-ce26-4c55-ad91-059581fc9eae" name="testcase05 - Prod - External - Request"><con:settings/><con:config xsi:type="con:RequestStep" xmlns:xsi="http://www.w3.org/2001/XMLSchema-instance"><con:interface>EuropeanDisabilityCardServiceHTTPBinding</con:interface><con:operation>consultAllCards</con:operation><con:request name="testcase05 - Prod - External - Request" id="a752bcda-1970-4c07-ab91-6fa97187ff0d" outgoingWss="Outflow PROD"><con:settings/><con:encoding>UTF-8</con:encoding><con:endpoint>https://fidus.sec.brussels/services/EuropeanDisabilityCardService_v1.0</con:endpoint><con:request><![CDATA[<soapenv:Envelope xmlns:soapenv="http://schemas.xmlsoap.org/soap/envelope/" xmlns:v1="http://fidus.brussels/service/europeandisabilitycardservice/messages/v1" xmlns:v11="http://fidus.brussels/type/common/messages/v1">
   <soapenv:Header/>
   <soapenv:Body>
      <v1:consultAllCardsRequest>
         <v1:messageContext>
            <v11:messageId>${=import static java.util.UUID.randomUUID; uuid = randomUUID() as String}</v11:messageId>
            <!--Optional:-->
            <v11:timestamp>${=new java.text.SimpleDateFormat("yyyy-MM-dd'T'HH:mm:ss.SSS").format(new Date())}</v11:timestamp>
         </v1:messageContext>
         <v1:legalContext>ServiceIntegrator</v1:legalContext>
         <v1:request>
            <v1:ssin>10022104563</v1:ssin>
         </v1:request>
      </v1:consultAllCardsRequest>
   </soapenv:Body>
</soapenv:Envelope>]]></con:request><con:assertion type="SOAP Fault Assertion" id="aced0293-8727-4d3c-a35c-2db0c5003c1c" name="Not SOAP Fault"/><con:assertion type="SOAP Response" id="d1df7cbc-f6a5-4c32-995f-1af9b5507776" name="SOAP Response"/><con:assertion type="Schema Compliance" id="b419062f-d85c-4c23-bba4-a7c260fad59b" name="Schema Compliance"><con:configuration/></con:assertion><con:wsaConfig action="http://fidus.brussels/services/europeandisabilitycardservice/consultAllCards"/></con:request></con:config></con:testStep><con:testStep type="request" id="7aa322e1-41c4-4726-81cc-07d3a85fb0f0" name="testcase05 - Prod - LB - Request"><con:settings/><con:config xsi:type="con:RequestStep" xmlns:xsi="http://www.w3.org/2001/XMLSchema-instance"><con:interface>EuropeanDisabilityCardServiceHTTPBinding</con:interface><con:operation>consultAllCards</con:operation><con:request name="testcase05 - Prod - LB - Request" id="94101496-bab4-4f23-9861-5847b8b24bdb" outgoingWss="Outflow PROD"><con:settings/><con:encoding>UTF-8</con:encoding><con:endpoint>https://fidus-esb-sg.prd.srv.cirb.lan:8443/services/EuropeanDisabilityCardService_v1.0</con:endpoint><con:request><![CDATA[<soapenv:Envelope xmlns:soapenv="http://schemas.xmlsoap.org/soap/envelope/" xmlns:v1="http://fidus.brussels/service/europeandisabilitycardservice/messages/v1" xmlns:v11="http://fidus.brussels/type/common/messages/v1">
   <soapenv:Header/>
   <soapenv:Body>
      <v1:consultAllCardsRequest>
         <v1:messageContext>
            <v11:messageId>${=import static java.util.UUID.randomUUID; uuid = randomUUID() as String}</v11:messageId>
            <!--Optional:-->
            <v11:timestamp>${=new java.text.SimpleDateFormat("yyyy-MM-dd'T'HH:mm:ss.SSS").format(new Date())}</v11:timestamp>
         </v1:messageContext>
         <v1:legalContext>ServiceIntegrator</v1:legalContext>
         <v1:request>
            <v1:ssin>10022104563</v1:ssin>
         </v1:request>
      </v1:consultAllCardsRequest>
   </soapenv:Body>
</soapenv:Envelope>]]></con:request><con:assertion type="SOAP Fault Assertion" id="fa3f10b6-610f-42a4-aadf-e5f9c4287a02" name="Not SOAP Fault"/><con:assertion type="SOAP Response" id="4eda3116-f015-4c15-9408-1e326161b3f6" name="SOAP Response"/><con:assertion type="Schema Compliance" id="9c5edb52-a801-4245-b185-280350afbacd" name="Schema Compliance"><con:configuration/></con:assertion><con:wsaConfig action="http://fidus.brussels/services/europeandisabilitycardservice/consultAllCards"/></con:request></con:config></con:testStep><con:properties/></con:testCase><con:properties/></con:testSuite><con:mockService id="02ec3aaa-1282-4229-8091-7e3b8baca221" port="8088" path="/mockEuropeanDisabilityCardServiceHTTPBinding" host="localhost.localdomain" name="MockService 1"><con:settings><con:setting id="com.eviware.soapui.impl.wsdl.mock.WsdlMockService@require-soap-action">false</con:setting></con:settings><con:properties/><con:mockOperation name="consultActiveCards" id="9de3ffeb-0ef9-4f53-939c-7f8664365534" interface="EuropeanDisabilityCardServiceHTTPBinding" operation="consultActiveCards"><con:settings/><con:defaultResponse>Response 1</con:defaultResponse><con:dispatchStyle>SEQUENCE</con:dispatchStyle><con:response name="Response 1" id="73cfac59-2d73-4590-99ee-71a3f6efdee5" httpResponseStatus="200" encoding="UTF-8"><con:settings/><con:responseContent><![CDATA[<soapenv:Envelope xmlns:soapenv="http://schemas.xmlsoap.org/soap/envelope/" xmlns:v1="http://fidus.brussels/service/europeandisabilitycardservice/messages/v1" xmlns:v11="http://fidus.brussels/type/common/messages/v1" xmlns:v12="http://fidus.brussels/type/common/exceptions/v1">
   <soapenv:Header/>
   <soapenv:Body>
      <v1:consultActiveCardsResponse>
         <v1:messageContext>
            <v11:messageId>?</v11:messageId>
            <v11:transactionId>?</v11:transactionId>
            <!--Optional:-->
            <v11:timestamp>?</v11:timestamp>
         </v1:messageContext>
         <!--Optional:-->
         <v1:responses>
            <informationCustomer>
               <!--Optional:-->
               <ticket>?</ticket>
               <!--Optional:-->
               <timestampSent>?</timestampSent>
               <customerIdentification>
                  <!--You have a CHOICE of the next 2 items at this level-->
                  <cbeNumber>?</cbeNumber>
                  <sector>?</sector>
                  <institution>?</institution>
               </customerIdentification>
            </informationCustomer>
            <informationCBSS>
               <ticketCBSS>?</ticketCBSS>
               <timestampReceive>?</timestampReceive>
               <timestampReply>?</timestampReply>
            </informationCBSS>
            <legalContext>?</legalContext>
            <criteria>
               <ssin>?</ssin>
               <!--Optional:-->
               <referenceDate>?</referenceDate>
            </criteria>
            <status>
               <value>?</value>
               <code>?</code>
               <!--Optional:-->
               <description>?</description>
               <!--0 to 15 repetitions:-->
               <information>
                  <fieldName>?</fieldName>
                  <!--Optional:-->
                  <fieldValue>?</fieldValue>
               </information>
            </status>
            <!--Optional:-->
            <ssin canceled="?" replacedBy="?">?</ssin>
            <!--Optional:-->
            <activeCards>
               <!--1 to 10 repetitions:-->
               <card>
                  <cardNumber>?</cardNumber>
                  <lifePhase>?</lifePhase>
                  <!--Optional:-->
                  <failureOrReturnReason>?</failureOrReturnReason>
                  <validityBeginDate>?</validityBeginDate>
                  <validityEndDate>?</validityEndDate>
                  <!--Optional:-->
                  <prematureValidityEndDate>?</prematureValidityEndDate>
                  <emittingPartner>?</emittingPartner>
                  <latestUpdateTimestamp>?</latestUpdateTimestamp>
               </card>
            </activeCards>
         </v1:responses>
         <!--Optional:-->
         <v1:exceptions>
            <!--1 or more repetitions:-->
            <v12:exception>
               <v12:type>?</v12:type>
               <v12:code>?</v12:code>
               <v12:source>?</v12:source>
               <v12:description>?</v12:description>
            </v12:exception>
         </v1:exceptions>
      </v1:consultActiveCardsResponse>
   </soapenv:Body>
</soapenv:Envelope>]]></con:responseContent><con:wsaConfig mustUnderstand="NONE" version="200508" action="http://fidus.brussels/services/europeandisabilitycardservice/consultActiveCards"/></con:response><con:dispatchConfig/></con:mockOperation><con:mockOperation name="consultAllCards" id="6f537f29-83dc-449b-9ade-ad8412322538" interface="EuropeanDisabilityCardServiceHTTPBinding" operation="consultAllCards"><con:settings/><con:defaultResponse>Response 1</con:defaultResponse><con:dispatchStyle>SEQUENCE</con:dispatchStyle><con:response name="Response 1" id="d94533b9-0447-479f-98c7-738f216bd41f" httpResponseStatus="200" encoding="UTF-8"><con:settings/><con:responseContent><![CDATA[<soapenv:Envelope xmlns:soapenv="http://schemas.xmlsoap.org/soap/envelope/" xmlns:v1="http://fidus.brussels/service/europeandisabilitycardservice/messages/v1" xmlns:v11="http://fidus.brussels/type/common/messages/v1" xmlns:v12="http://fidus.brussels/type/common/exceptions/v1">
   <soapenv:Header/>
   <soapenv:Body>
      <v1:consultAllCardsResponse>
         <v1:messageContext>
            <v11:messageId>?</v11:messageId>
            <v11:transactionId>?</v11:transactionId>
            <!--Optional:-->
            <v11:timestamp>?</v11:timestamp>
         </v1:messageContext>
         <!--Optional:-->
         <v1:responses>
            <informationCustomer>
               <!--Optional:-->
               <ticket>?</ticket>
               <!--Optional:-->
               <timestampSent>?</timestampSent>
               <customerIdentification>
                  <!--You have a CHOICE of the next 2 items at this level-->
                  <cbeNumber>?</cbeNumber>
                  <sector>?</sector>
                  <institution>?</institution>
               </customerIdentification>
            </informationCustomer>
            <informationCBSS>
               <ticketCBSS>?</ticketCBSS>
               <timestampReceive>?</timestampReceive>
               <timestampReply>?</timestampReply>
            </informationCBSS>
            <legalContext>?</legalContext>
            <criteria>
               <ssin>?</ssin>
            </criteria>
            <status>
               <value>?</value>
               <code>?</code>
               <!--Optional:-->
               <description>?</description>
               <!--0 to 15 repetitions:-->
               <information>
                  <fieldName>?</fieldName>
                  <!--Optional:-->
                  <fieldValue>?</fieldValue>
               </information>
            </status>
            <!--Optional:-->
            <ssin canceled="?" replacedBy="?">?</ssin>
            <!--Optional:-->
            <allCards>
               <!--1 or more repetitions:-->
               <card>
                  <cardNumber>?</cardNumber>
                  <lifePhase>?</lifePhase>
                  <!--Optional:-->
                  <failureOrReturnReason>?</failureOrReturnReason>
                  <validityBeginDate>?</validityBeginDate>
                  <validityEndDate>?</validityEndDate>
                  <!--Optional:-->
                  <prematureValidityEndDate>?</prematureValidityEndDate>
                  <emittingPartner>?</emittingPartner>
                  <latestUpdateTimestamp>?</latestUpdateTimestamp>
               </card>
            </allCards>
         </v1:responses>
         <!--Optional:-->
         <v1:exceptions>
            <!--1 or more repetitions:-->
            <v12:exception>
               <v12:type>?</v12:type>
               <v12:code>?</v12:code>
               <v12:source>?</v12:source>
               <v12:description>?</v12:description>
            </v12:exception>
         </v1:exceptions>
      </v1:consultAllCardsResponse>
   </soapenv:Body>
</soapenv:Envelope>]]></con:responseContent><con:wsaConfig mustUnderstand="NONE" version="200508" action="http://fidus.brussels/services/europeandisabilitycardservice/consultAllCards"/></con:response><con:dispatchConfig/></con:mockOperation><con:mockOperation name="createCard" id="37492b36-132c-4cb3-87f8-c64bc9a995e1" interface="EuropeanDisabilityCardServiceHTTPBinding" operation="createCard"><con:settings/><con:defaultResponse>Response 1</con:defaultResponse><con:dispatchStyle>SEQUENCE</con:dispatchStyle><con:response name="Response 1" id="60f56773-f9e5-467d-be78-8da4389b583f" httpResponseStatus="200" encoding="UTF-8"><con:settings/><con:responseContent><![CDATA[<soapenv:Envelope xmlns:soapenv="http://schemas.xmlsoap.org/soap/envelope/" xmlns:v1="http://fidus.brussels/service/europeandisabilitycardservice/messages/v1" xmlns:v11="http://fidus.brussels/type/common/messages/v1" xmlns:v12="http://fidus.brussels/type/common/exceptions/v1">
   <soapenv:Header/>
   <soapenv:Body>
      <v1:createCardResponse>
         <v1:messageContext>
            <v11:messageId>?</v11:messageId>
            <v11:transactionId>?</v11:transactionId>
            <!--Optional:-->
            <v11:timestamp>?</v11:timestamp>
         </v1:messageContext>
         <!--Optional:-->
         <v1:responses>
            <informationCustomer>
               <!--Optional:-->
               <ticket>?</ticket>
               <!--Optional:-->
               <timestampSent>?</timestampSent>
               <customerIdentification>
                  <!--You have a CHOICE of the next 2 items at this level-->
                  <cbeNumber>?</cbeNumber>
                  <sector>?</sector>
                  <institution>?</institution>
               </customerIdentification>
            </informationCustomer>
            <informationCBSS>
               <ticketCBSS>?</ticketCBSS>
               <timestampReceive>?</timestampReceive>
               <timestampReply>?</timestampReply>
            </informationCBSS>
            <legalContext>?</legalContext>
            <criteria>
               <ssin>?</ssin>
               <emittingPartner>?</emittingPartner>
               <language>?</language>
               <forceCreation>?</forceCreation>
            </criteria>
            <status>
               <value>?</value>
               <code>?</code>
               <!--Optional:-->
               <description>?</description>
               <!--0 to 15 repetitions:-->
               <information>
                  <fieldName>?</fieldName>
                  <!--Optional:-->
                  <fieldValue>?</fieldValue>
               </information>
            </status>
            <ssin canceled="?" replacedBy="?">?</ssin>
            <!--Optional:-->
            <newCard>
               <card>
                  <cardNumber>?</cardNumber>
                  <lifePhase>?</lifePhase>
                  <!--Optional:-->
                  <failureOrReturnReason>?</failureOrReturnReason>
                  <validityBeginDate>?</validityBeginDate>
                  <validityEndDate>?</validityEndDate>
                  <!--Optional:-->
                  <prematureValidityEndDate>?</prematureValidityEndDate>
                  <emittingPartner>?</emittingPartner>
                  <latestUpdateTimestamp>?</latestUpdateTimestamp>
               </card>
               <legalData>
                  <lastName>?</lastName>
                  <!--Optional:-->
                  <firstName>?</firstName>
                  <genderCode>?</genderCode>
                  <birthDate>?</birthDate>
                  <address>
                     <!--You have a CHOICE of the next 2 items at this level-->
                     <belgianAddress>
                        <postalCode>?</postalCode>
                        <cityName>?</cityName>
                        <streetName>?</streetName>
                        <!--Optional:-->
                        <houseNumber>?</houseNumber>
                        <!--Optional:-->
                        <boxNumber>?</boxNumber>
                     </belgianAddress>
                     <diplomaticPostAddress>
                        <countryName>?</countryName>
                        <plainAddress>?</plainAddress>
                     </diplomaticPostAddress>
                  </address>
                  <photoPresent>?</photoPresent>
               </legalData>
            </newCard>
            <!--Optional:-->
            <otherActiveCards>
               <!--1 to 10 repetitions:-->
               <card>
                  <cardNumber>?</cardNumber>
                  <lifePhase>?</lifePhase>
                  <!--Optional:-->
                  <failureOrReturnReason>?</failureOrReturnReason>
                  <validityBeginDate>?</validityBeginDate>
                  <validityEndDate>?</validityEndDate>
                  <!--Optional:-->
                  <prematureValidityEndDate>?</prematureValidityEndDate>
                  <emittingPartner>?</emittingPartner>
                  <latestUpdateTimestamp>?</latestUpdateTimestamp>
               </card>
            </otherActiveCards>
         </v1:responses>
         <!--Optional:-->
         <v1:exceptions>
            <!--1 or more repetitions:-->
            <v12:exception>
               <v12:type>?</v12:type>
               <v12:code>?</v12:code>
               <v12:source>?</v12:source>
               <v12:description>?</v12:description>
            </v12:exception>
         </v1:exceptions>
      </v1:createCardResponse>
   </soapenv:Body>
</soapenv:Envelope>]]></con:responseContent><con:wsaConfig mustUnderstand="NONE" version="200508" action="http://fidus.brussels/services/europeandisabilitycardservice/createCard"/></con:response><con:dispatchConfig/></con:mockOperation><con:mockOperation name="stopOrCancelCard" id="9a242153-1c78-4b08-95af-c49cedd5db47" interface="EuropeanDisabilityCardServiceHTTPBinding" operation="stopOrCancelCard"><con:settings/><con:defaultResponse>Response 1</con:defaultResponse><con:dispatchStyle>SEQUENCE</con:dispatchStyle><con:response name="Response 1" id="f90f7dc3-1ff6-4c78-968e-439afb632b34" httpResponseStatus="200" encoding="UTF-8"><con:settings/><con:responseContent><![CDATA[<soapenv:Envelope xmlns:soapenv="http://schemas.xmlsoap.org/soap/envelope/" xmlns:v1="http://fidus.brussels/service/europeandisabilitycardservice/messages/v1" xmlns:v11="http://fidus.brussels/type/common/messages/v1" xmlns:v12="http://fidus.brussels/type/common/exceptions/v1">
   <soapenv:Header/>
   <soapenv:Body>
      <v1:stopOrCancelCardResponse>
         <v1:messageContext>
            <v11:messageId>?</v11:messageId>
            <v11:transactionId>?</v11:transactionId>
            <!--Optional:-->
            <v11:timestamp>?</v11:timestamp>
         </v1:messageContext>
         <!--Optional:-->
         <v1:responses>
            <informationCustomer>
               <!--Optional:-->
               <ticket>?</ticket>
               <!--Optional:-->
               <timestampSent>?</timestampSent>
               <customerIdentification>
                  <!--You have a CHOICE of the next 2 items at this level-->
                  <cbeNumber>?</cbeNumber>
                  <sector>?</sector>
                  <institution>?</institution>
               </customerIdentification>
            </informationCustomer>
            <informationCBSS>
               <ticketCBSS>?</ticketCBSS>
               <timestampReceive>?</timestampReceive>
               <timestampReply>?</timestampReply>
            </informationCBSS>
            <legalContext>?</legalContext>
            <criteria>
               <cardNumber>?</cardNumber>
               <emittingPartner>?</emittingPartner>
            </criteria>
            <status>
               <value>?</value>
               <code>?</code>
               <!--Optional:-->
               <description>?</description>
               <!--0 to 15 repetitions:-->
               <information>
                  <fieldName>?</fieldName>
                  <!--Optional:-->
                  <fieldValue>?</fieldValue>
               </information>
            </status>
            <!--Optional:-->
            <result>
               <!--You have a CHOICE of the next 2 items at this level-->
               <prematureValidityEndDate>?</prematureValidityEndDate>
               <cardCanceled>true</cardCanceled>
            </result>
         </v1:responses>
         <!--Optional:-->
         <v1:exceptions>
            <!--1 or more repetitions:-->
            <v12:exception>
               <v12:type>?</v12:type>
               <v12:code>?</v12:code>
               <v12:source>?</v12:source>
               <v12:description>?</v12:description>
            </v12:exception>
         </v1:exceptions>
      </v1:stopOrCancelCardResponse>
   </soapenv:Body>
</soapenv:Envelope>]]></con:responseContent><con:wsaConfig mustUnderstand="NONE" version="200508" action="http://fidus.brussels/services/europeandisabilitycardservice/stopOrCancelCard"/></con:response><con:dispatchConfig/></con:mockOperation></con:mockService><con:properties/><con:wssContainer><con:crypto><con:source>data/wso2/keystores/user-rajarshi.jks</con:source><con:password>test@fidus01</con:password><con:type>KEYSTORE</con:type></con:crypto><con:outgoing><con:name>Outflow DEV</con:name></con:outgoing><con:outgoing><con:name>Outflow TEST</con:name><con:entry type="Signature" username="testuser-test.fidus.brussels" password="test@fidus01"><con:configuration><crypto>user-rajarshi.jks</crypto><keyIdentifierType>3</keyIdentifierType><signatureAlgorithm/><signatureCanonicalization/><useSingleCert>true</useSingleCert><digestAlgorithm/><customTokenValueType/><customTokenId/></con:configuration></con:entry><con:entry type="Timestamp"><con:configuration><timeToLive>300000</timeToLive><strictTimestamp>true</strictTimestamp></con:configuration></con:entry></con:outgoing><con:outgoing><con:name>Outflow STAG</con:name></con:outgoing><con:outgoing><con:name>Outflow PROD</con:name></con:outgoing></con:wssContainer><con:oAuth2ProfileContainer/><con:oAuth1ProfileContainer/><con:sensitiveInformation/></con:soapui-project>