<?xml version="1.0" encoding="UTF-8"?>
<con:soapui-project id="8b299915-b0b3-4dfe-ae60-cde61eeda900" activeEnvironment="Default" name="Client-InvoiceService-1.0-soapui-project" resourceRoot="" soapui-version="5.1.3" abortOnError="false" runType="SEQUENTIAL" xmlns:con="http://eviware.com/soapui/config"><con:settings/><con:interface xsi:type="con:WsdlInterface" id="366ece34-fc9d-45db-9a55-f7a5a3884d5e" wsaVersion="NONE" name="InvoiceServiceHTTPBinding" type="wsdl" bindingName="{http://fidus.brussels/service/invoiceservice/v1}InvoiceServiceHTTPBinding" soapVersion="1_1" anonymous="optional" definition="file:/home/isr/git/parent/invoiceservice/InvoiceServiceRegistry/wsdl/invoiceService/1.0.0/InvoiceService_v1.wsdl" xmlns:xsi="http://www.w3.org/2001/XMLSchema-instance"><con:settings/><con:definitionCache type="TEXT" rootPart="file:/home/isr/git/parent/invoiceservice/InvoiceServiceRegistry/wsdl/invoiceService/1.0.0/InvoiceService_v1.wsdl"><con:part><con:url>file:/home/isr/git/parent/invoiceservice/InvoiceServiceRegistry/wsdl/invoiceService/1.0.0/InvoiceService_v1.wsdl</con:url><con:content><![CDATA[<wsdl:definitions targetNamespace="http://fidus.brussels/service/invoiceservice/v1" name="InvoiceService" xmlns:soap="http://schemas.xmlsoap.org/wsdl/soap/" xmlns:wsdl="http://schemas.xmlsoap.org/wsdl/" xmlns:xsd="http://www.w3.org/2001/XMLSchema" xmlns:mes="http://fidus.brussels/service/invoiceservice/messages/v1" xmlns:tns="http://fidus.brussels/service/invoiceservice/v1">
  <xsd:annotation>
    <xsd:documentation>InvoiceService WDSL v1.</xsd:documentation>
  </xsd:annotation>
  <wsdl:types>
    <xsd:schema targetNamespace="http://fidus.brussels/service/invoiceservice/v1" elementFormDefault="qualified">
      <xsd:import namespace="http://fidus.brussels/service/invoiceservice/messages/v1" schemaLocation="messages/invoiceServiceMessages_v1.xsd"/>
    </xsd:schema>
  </wsdl:types>
  <wsdl:message name="submitInboxRequestRequestMessage">
    <wsdl:part name="SubmitInboxRequestRequest" element="mes:submitInboxRequestRequest"/>
  </wsdl:message>
  <wsdl:message name="submitInboxRequestResponseMessage">
    <wsdl:part name="SubmitInboxRequestResponse" element="mes:submitInboxRequestResponse"/>
  </wsdl:message>
  <wsdl:message name="submitApplicationResponseRequestMessage">
    <wsdl:part name="SubmitApplicationResponseRequest" element="mes:submitApplicationResponseRequest"/>
  </wsdl:message>
  <wsdl:message name="submitApplicationResponseResponseMessage">
    <wsdl:part name="SubmitApplicationResponseResponse" element="mes:submitApplicationResponseResponse"/>
  </wsdl:message>
  <wsdl:message name="retrieveRequestRequestMessage">
    <wsdl:part name="RetrieveRequestRequest" element="mes:retrieveRequestRequest"/>
  </wsdl:message>
  <wsdl:message name="retrieveRequestResponseMessage">
    <wsdl:part name="RetrieveRequestResponse" element="mes:retrieveRequestResponse"/>
  </wsdl:message>
  <wsdl:message name="markRequestRequestMessage">
    <wsdl:part name="MarkRequestRequest" element="mes:markRequestRequest"/>
  </wsdl:message>
  <wsdl:message name="markRequestResponseMessage">
    <wsdl:part name="MarkRequestResponse" element="mes:markRequestResponse"/>
  </wsdl:message>
  <wsdl:portType name="InvoiceServicePortType">
    <wsdl:operation name="submitInboxRequest">
      <wsdl:input message="tns:submitInboxRequestRequestMessage"/>
      <wsdl:output message="tns:submitInboxRequestResponseMessage"/>
    </wsdl:operation>
    <wsdl:operation name="submitApplicationResponse">
      <wsdl:input message="tns:submitApplicationResponseRequestMessage"/>
      <wsdl:output message="tns:submitApplicationResponseResponseMessage"/>
    </wsdl:operation>
    <wsdl:operation name="retrieveRequest">
      <wsdl:input message="tns:retrieveRequestRequestMessage"/>
      <wsdl:output message="tns:retrieveRequestResponseMessage"/>
    </wsdl:operation>
    <wsdl:operation name="markRequest">
      <wsdl:input message="tns:markRequestRequestMessage"/>
      <wsdl:output message="tns:markRequestResponseMessage"/>
    </wsdl:operation>
  </wsdl:portType>
  <wsdl:binding name="InvoiceServiceHTTPBinding" type="tns:InvoiceServicePortType">
    <soap:binding style="document" transport="http://schemas.xmlsoap.org/soap/http"/>
    <wsdl:operation name="submitInboxRequest">
      <soap:operation soapAction="http://fidus.brussels/services/invoiceservice/submitInboxRequest"/>
      <wsdl:input>
        <soap:body use="literal"/>
      </wsdl:input>
      <wsdl:output>
        <soap:body use="literal"/>
      </wsdl:output>
    </wsdl:operation>
    <wsdl:operation name="submitApplicationResponse">
      <soap:operation soapAction="http://fidus.brussels/services/invoiceservice/submitApplicationResponse"/>
      <wsdl:input>
        <soap:body use="literal"/>
      </wsdl:input>
      <wsdl:output>
        <soap:body use="literal"/>
      </wsdl:output>
    </wsdl:operation>
    <wsdl:operation name="retrieveRequest">
      <soap:operation soapAction="http://fidus.brussels/services/invoiceservice/retrieveRequest"/>
      <wsdl:input>
        <soap:body use="literal"/>
      </wsdl:input>
      <wsdl:output>
        <soap:body use="literal"/>
      </wsdl:output>
    </wsdl:operation>
    <wsdl:operation name="markRequest">
      <soap:operation soapAction="http://fidus.brussels/services/invoiceservice/markRequest"/>
      <wsdl:input>
        <soap:body use="literal"/>
      </wsdl:input>
      <wsdl:output>
        <soap:body use="literal"/>
      </wsdl:output>
    </wsdl:operation>
  </wsdl:binding>
  <wsdl:service name="InvoiceService_v1">
    <wsdl:port name="InvoiceService_v1" binding="tns:InvoiceServiceHTTPBinding">
      <soap:address location="http://fidus.brussels/services/invoiceservice/v1"/>
    </wsdl:port>
  </wsdl:service>
</wsdl:definitions>]]></con:content><con:type>http://schemas.xmlsoap.org/wsdl/</con:type></con:part><con:part><con:url>file:/home/isr/git/parent/invoiceservice/InvoiceServiceRegistry/wsdl/invoiceService/1.0.0/messages/invoiceServiceMessages_v1.xsd</con:url><con:content><![CDATA[<xsd:schema targetNamespace="http://fidus.brussels/service/invoiceservice/messages/v1" elementFormDefault="qualified" attributeFormDefault="unqualified" version="1.0" xmlns:xsd="http://www.w3.org/2001/XMLSchema" xmlns:cme="http://fidus.brussels/type/common/messages/v1" xmlns:exc="http://fidus.brussels/type/common/exceptions/v1" xmlns:tns="http://fidus.brussels/service/invoiceservice/messages/v1" xmlns:csm="http://fsb.belgium.be/einvoicing/customerService/messages/v1_00">
  <xsd:import namespace="http://fidus.brussels/type/common/messages/v1" schemaLocation="baseMessageTypes_v1.xsd"/>
  <xsd:import namespace="http://fidus.brussels/type/common/exceptions/v1" schemaLocation="exceptionTypes_v1.xsd"/>
  <xsd:import namespace="http://fsb.belgium.be/einvoicing/customerService/messages/v1_00" schemaLocation="../invoice/customerServiceMessages.xsd"/>
  <!--Request getInvoiceService definition-->
  <xsd:complexType name="SubmitInboxRequestRequestType">
    <xsd:sequence>
      <xsd:element name="messageContext" type="cme:RequestMessageContextType"/>
      <xsd:element name="request" type="csm:SubmitInboxRequestRequestType"/>
    </xsd:sequence>
  </xsd:complexType>
  <xsd:complexType name="SubmitApplicationResponseRequestType">
    <xsd:sequence>
      <xsd:element name="messageContext" type="cme:RequestMessageContextType"/>
      <xsd:element name="request" type="csm:SubmitApplicationResponseRequestType"/>
    </xsd:sequence>
  </xsd:complexType>
  <xsd:complexType name="RetrieveRequestRequestType">
    <xsd:sequence>
      <xsd:element name="messageContext" type="cme:RequestMessageContextType"/>
      <xsd:element name="request" type="csm:RetrieveRequestRequestType"/>
    </xsd:sequence>
  </xsd:complexType>
  <xsd:complexType name="MarkRequestRequestType">
    <xsd:sequence>
      <xsd:element name="messageContext" type="cme:RequestMessageContextType"/>
      <xsd:element name="request" type="csm:MarkRequestRequestType"/>
    </xsd:sequence>
  </xsd:complexType>
  <!--Request getInvoiceService definition-->
  <xsd:complexType name="SubmitInboxRequestResponseType">
    <xsd:sequence>
      <xsd:element name="messageContext" type="cme:ResponseMessageContextType"/>
      <xsd:element name="responses" type="tns:SirResponsesType" minOccurs="0"/>
      <xsd:element name="exceptions" type="exc:ExceptionsType" minOccurs="0">
        <xsd:annotation>
          <xsd:documentation>Technical errors that occur when processing the message context e.g. insufficient rights.</xsd:documentation>
        </xsd:annotation>
      </xsd:element>
    </xsd:sequence>
  </xsd:complexType>
  <xsd:complexType name="SubmitApplicationResponseResponseType">
    <xsd:sequence>
      <xsd:element name="messageContext" type="cme:ResponseMessageContextType"/>
      <xsd:element name="responses" type="tns:SarResponsesType" minOccurs="0"/>
      <xsd:element name="exceptions" type="exc:ExceptionsType" minOccurs="0">
        <xsd:annotation>
          <xsd:documentation>Technical errors that occur when processing the message context e.g. insufficient rights.</xsd:documentation>
        </xsd:annotation>
      </xsd:element>
    </xsd:sequence>
  </xsd:complexType>
  <xsd:complexType name="RetrieveRequestResponseType">
    <xsd:sequence>
      <xsd:element name="messageContext" type="cme:ResponseMessageContextType"/>
      <xsd:element name="responses" type="tns:RrResponsesType" minOccurs="0"/>
      <xsd:element name="exceptions" type="exc:ExceptionsType" minOccurs="0">
        <xsd:annotation>
          <xsd:documentation>Technical errors that occur when processing the message context e.g. insufficient rights.</xsd:documentation>
        </xsd:annotation>
      </xsd:element>
    </xsd:sequence>
  </xsd:complexType>
  <xsd:complexType name="MarkRequestResponseType">
    <xsd:sequence>
      <xsd:element name="messageContext" type="cme:ResponseMessageContextType"/>
      <xsd:element name="responses" type="tns:MrResponsesType" minOccurs="0"/>
      <xsd:element name="exceptions" type="exc:ExceptionsType" minOccurs="0">
        <xsd:annotation>
          <xsd:documentation>Technical errors that occur when processing the message context e.g. insufficient rights.</xsd:documentation>
        </xsd:annotation>
      </xsd:element>
    </xsd:sequence>
  </xsd:complexType>
  <xsd:complexType name="SirResponsesType">
    <xsd:sequence>
      <xsd:element name="response" type="tns:SirResponseType" minOccurs="1" maxOccurs="1"/>
    </xsd:sequence>
  </xsd:complexType>
  <xsd:complexType name="SirResponseType">
    <xsd:sequence>
      <xsd:element name="invoice" type="csm:SubmitInboxRequestResponseType" minOccurs="0" maxOccurs="unbounded"/>
      <xsd:element name="exceptions" type="exc:ExceptionsType" minOccurs="0">
        <xsd:annotation>
          <xsd:documentation>Business exceptions that occur when processing the request or response e.g. missing data for a single response element.
						Exceptions at this level may contain back-end specific codes and content.</xsd:documentation>
        </xsd:annotation>
      </xsd:element>
    </xsd:sequence>
  </xsd:complexType>
  <xsd:complexType name="SarResponsesType">
    <xsd:sequence>
      <xsd:element name="response" type="tns:SarResponseType" minOccurs="1" maxOccurs="1"/>
    </xsd:sequence>
  </xsd:complexType>
  <xsd:complexType name="SarResponseType">
    <xsd:sequence>
      <xsd:element name="invoice" type="csm:SubmitApplicationResponseResponseType" minOccurs="0" maxOccurs="unbounded"/>
      <xsd:element name="exceptions" type="exc:ExceptionsType" minOccurs="0">
        <xsd:annotation>
          <xsd:documentation>Business exceptions that occur when processing the request or response e.g. missing data for a single response element.
						Exceptions at this level may contain back-end specific codes and content.</xsd:documentation>
        </xsd:annotation>
      </xsd:element>
    </xsd:sequence>
  </xsd:complexType>
  <xsd:complexType name="RrResponsesType">
    <xsd:sequence>
      <xsd:element name="response" type="tns:RrResponseType" minOccurs="1" maxOccurs="1"/>
    </xsd:sequence>
  </xsd:complexType>
  <xsd:complexType name="RrResponseType">
    <xsd:sequence>
      <xsd:element name="invoice" type="csm:RetrieveRequestResponseType" minOccurs="0" maxOccurs="unbounded"/>
      <xsd:element name="exceptions" type="exc:ExceptionsType" minOccurs="0">
        <xsd:annotation>
          <xsd:documentation>Business exceptions that occur when processing the request or response e.g. missing data for a single response element.
						Exceptions at this level may contain back-end specific codes and content.</xsd:documentation>
        </xsd:annotation>
      </xsd:element>
    </xsd:sequence>
  </xsd:complexType>
  <xsd:complexType name="MrResponsesType">
    <xsd:sequence>
      <xsd:element name="response" type="tns:MrResponseType" minOccurs="1" maxOccurs="1"/>
    </xsd:sequence>
  </xsd:complexType>
  <xsd:complexType name="MrResponseType">
    <xsd:sequence>
      <xsd:element name="invoice" type="csm:MarkRequestResponseType" minOccurs="0" maxOccurs="unbounded"/>
      <xsd:element name="exceptions" type="exc:ExceptionsType" minOccurs="0">
        <xsd:annotation>
          <xsd:documentation>Business exceptions that occur when processing the request or response e.g. missing data for a single response element.
						Exceptions at this level may contain back-end specific codes and content.</xsd:documentation>
        </xsd:annotation>
      </xsd:element>
    </xsd:sequence>
  </xsd:complexType>
  <!--Element of the request and the response-->
  <xsd:element name="submitInboxRequestRequest" type="tns:SubmitInboxRequestRequestType"/>
  <xsd:element name="submitInboxRequestResponse" type="tns:SubmitInboxRequestResponseType"/>
  <xsd:element name="submitApplicationResponseRequest" type="tns:SubmitApplicationResponseRequestType"/>
  <xsd:element name="submitApplicationResponseResponse" type="tns:SubmitApplicationResponseResponseType"/>
  <xsd:element name="retrieveRequestRequest" type="tns:RetrieveRequestRequestType"/>
  <xsd:element name="retrieveRequestResponse" type="tns:RetrieveRequestResponseType"/>
  <xsd:element name="markRequestRequest" type="tns:MarkRequestRequestType"/>
  <xsd:element name="markRequestResponse" type="tns:MarkRequestResponseType"/>
</xsd:schema>]]></con:content><con:type>http://www.w3.org/2001/XMLSchema</con:type></con:part><con:part><con:url>file:/home/isr/git/parent/invoiceservice/InvoiceServiceRegistry/wsdl/invoiceService/1.0.0/messages/baseMessageTypes_v1.xsd</con:url><con:content><![CDATA[<xsd:schema targetNamespace="http://fidus.brussels/type/common/messages/v1" elementFormDefault="qualified" attributeFormDefault="unqualified" version="1.0" xmlns:xsd="http://www.w3.org/2001/XMLSchema" xmlns:cmn="http://fidus.brussels/type/common/v1" xmlns:tns="http://fidus.brussels/type/common/messages/v1">
  <!--Unformatted message Id-->
  <xsd:simpleType name="MessageIdType">
    <xsd:restriction base="xsd:string">
      <xsd:minLength value="1"/>
      <xsd:maxLength value="64"/>
    </xsd:restriction>
  </xsd:simpleType>
  <!--National Number of the person. Format depending on the Register-->
  <xsd:simpleType name="PersonNumberType">
    <xsd:restriction base="xsd:string">
      <xsd:pattern value="[0-9][0-9](([0][0-9])|([1][0-2]))(([0-2][0-9])|([3][0-1]))(([0-9]{2}[1-9])|([0-9][1-9][0-9])|([1-9][0-9]{2}))(([0-8][0-9])|([9][0-7]))">
        <xsd:annotation>
          <xsd:documentation>National Register format</xsd:documentation>
        </xsd:annotation>
      </xsd:pattern>
      <xsd:pattern value="[0-9][0-9](([2][0-9])|([3][0-2]))(([0-2][0-9])|([3][0-1]))[0-9]{3}(([0-8][0-9])|([9][0-7]))">
        <xsd:annotation>
          <xsd:documentation>CBSS Register format: Bis Register</xsd:documentation>
        </xsd:annotation>
      </xsd:pattern>
      <xsd:pattern value="[0-9][0-9](([4][0-9])|([5][0-2]))(([0-2][0-9])|([3][0-1]))[0-9]{3}(([0-8][0-9])|([9][0-7]))">
        <xsd:annotation>
          <xsd:documentation>CBSS Register format: Ter Register</xsd:documentation>
        </xsd:annotation>
      </xsd:pattern>
    </xsd:restriction>
  </xsd:simpleType>
  <!--Request message context-->
  <xsd:complexType name="RequestMessageContextType">
    <xsd:annotation>
      <xsd:documentation>Message context block generated by the consumer.</xsd:documentation>
    </xsd:annotation>
    <xsd:sequence>
      <xsd:element name="messageId" type="tns:MessageIdType">
        <xsd:annotation>
          <xsd:documentation>Consumer must assign their own MessageId reference for the request.</xsd:documentation>
        </xsd:annotation>
      </xsd:element>
      <xsd:element name="timestamp" type="xsd:dateTime" minOccurs="0">
        <xsd:annotation>
          <xsd:documentation>Timestamp when client sent request.</xsd:documentation>
        </xsd:annotation>
      </xsd:element>
    </xsd:sequence>
  </xsd:complexType>
  <!--Response message context-->
  <xsd:complexType name="ResponseMessageContextType">
    <xsd:annotation>
      <xsd:documentation>MessageContext block generated by fidus.</xsd:documentation>
    </xsd:annotation>
    <xsd:sequence>
      <xsd:element name="messageId" type="tns:MessageIdType">
        <xsd:annotation>
          <xsd:documentation>A unique identifier generated by fidus.</xsd:documentation>
        </xsd:annotation>
      </xsd:element>
      <xsd:element name="transactionId" type="tns:MessageIdType">
        <xsd:annotation>
          <xsd:documentation>A unique ID returned to the client for tracing purposes.</xsd:documentation>
        </xsd:annotation>
      </xsd:element>
      <xsd:element name="timestamp" type="xsd:dateTime" minOccurs="0">
        <xsd:annotation>
          <xsd:documentation>Time reply sent by fidus.</xsd:documentation>
        </xsd:annotation>
      </xsd:element>
    </xsd:sequence>
  </xsd:complexType>
  <!--Legal Context : the finality of the Privacy Commission-->
  <xsd:simpleType name="LegalContextType">
    <xsd:restriction base="xsd:string">
      <xsd:minLength value="1"/>
      <xsd:maxLength value="64"/>
    </xsd:restriction>
  </xsd:simpleType>
  <xsd:complexType name="UserContextType">
    <xsd:annotation>
      <xsd:documentation>The user context defines information regarding the actual user performing a request.</xsd:documentation>
    </xsd:annotation>
    <xsd:sequence>
      <xsd:element name="language" type="xsd:language" nillable="true">
        <xsd:annotation>
          <xsd:documentation>The preferred language of the actual user performing the request.
						This influences the language in which response elements are cast.</xsd:documentation>
        </xsd:annotation>
      </xsd:element>
    </xsd:sequence>
  </xsd:complexType>
</xsd:schema>]]></con:content><con:type>http://www.w3.org/2001/XMLSchema</con:type></con:part><con:part><con:url>file:/home/isr/git/parent/invoiceservice/InvoiceServiceRegistry/wsdl/invoiceService/1.0.0/messages/exceptionTypes_v1.xsd</con:url><con:content><![CDATA[<xsd:schema targetNamespace="http://fidus.brussels/type/common/exceptions/v1" elementFormDefault="qualified" attributeFormDefault="unqualified" version="1.0" xmlns:xsd="http://www.w3.org/2001/XMLSchema" xmlns:tns="http://fidus.brussels/type/common/exceptions/v1">
  <!--Basic error typed-->
  <xsd:complexType name="ExceptionsType">
    <xsd:sequence>
      <xsd:element name="exception" type="tns:ExceptionType" maxOccurs="unbounded"/>
    </xsd:sequence>
  </xsd:complexType>
  <xsd:complexType name="ExceptionType">
    <xsd:sequence>
      <xsd:element name="type" type="tns:ExceptionClassType"/>
      <xsd:element name="code" type="tns:ExceptionCodeType"/>
      <xsd:element name="source" type="tns:ExceptionSourceType"/>
      <xsd:element name="description" type="tns:ExceptionDescriptionType"/>
    </xsd:sequence>
  </xsd:complexType>
  <xsd:simpleType name="ExceptionClassType">
    <xsd:restriction base="xsd:string">
      <xsd:enumeration value="ERROR"/>
      <xsd:enumeration value="WARNING"/>
      <xsd:enumeration value="INFO"/>
    </xsd:restriction>
  </xsd:simpleType>
  <xsd:simpleType name="ExceptionCodeType">
    <xsd:restriction base="xsd:string">
      <xsd:maxLength value="20"/>
    </xsd:restriction>
  </xsd:simpleType>
  <xsd:simpleType name="ExceptionSourceType">
    <xsd:restriction base="xsd:string">
      <xsd:maxLength value="20"/>
    </xsd:restriction>
  </xsd:simpleType>
  <xsd:simpleType name="ExceptionDescriptionType">
    <xsd:restriction base="xsd:string"/>
  </xsd:simpleType>
</xsd:schema>]]></con:content><con:type>http://www.w3.org/2001/XMLSchema</con:type></con:part><con:part><con:url>file:/home/isr/git/parent/invoiceservice/InvoiceServiceRegistry/wsdl/invoiceService/1.0.0/invoice/customerServiceMessages.xsd</con:url><con:content><![CDATA[<xs:schema targetNamespace="http://fsb.belgium.be/einvoicing/customerService/messages/v1_00" elementFormDefault="qualified" attributeFormDefault="unqualified" version="1.00" xmlns:xs="http://www.w3.org/2001/XMLSchema" xmlns:inv="urn:oasis:names:specification:ubl:schema:xsd:Invoice-2" xmlns:cre="urn:oasis:names:specification:ubl:schema:xsd:CreditNote-2" xmlns:att="urn:oasis:names:specification:ubl:schema:xsd:AttachedDocument-2" xmlns:app="urn:oasis:names:specification:ubl:schema:xsd:ApplicationResponse-2" xmlns:agg="urn:oasis:names:specification:ubl:schema:xsd:CommonAggregateComponents-2" xmlns:bas="urn:oasis:names:specification:ubl:schema:xsd:CommonBasicComponents-2" xmlns:ext="urn:oasis:names:specification:ubl:schema:xsd:CommonExtensionComponents-2" xmlns:tns="http://fsb.belgium.be/einvoicing/customerService/messages/v1_00" xmlns:wsi="http://ws-i.org/profiles/basic/1.1/xsd">
  <xs:annotation>
    <xs:documentation>Definition of the request and response messages used by the e-Invoicing CustomerService</xs:documentation>
  </xs:annotation>
  <xs:import namespace="urn:oasis:names:specification:ubl:schema:xsd:Invoice-2" schemaLocation="UBL-Invoice-2.0.xsd"/>
  <xs:import namespace="urn:oasis:names:specification:ubl:schema:xsd:CreditNote-2" schemaLocation="UBL-CreditNote-2.0.xsd"/>
  <xs:import namespace="urn:oasis:names:specification:ubl:schema:xsd:AttachedDocument-2" schemaLocation="UBL-AttachedDocument-2.0.xsd"/>
  <xs:import namespace="urn:oasis:names:specification:ubl:schema:xsd:ApplicationResponse-2" schemaLocation="UBL-ApplicationResponse-2.0.xsd"/>
  <xs:import namespace="urn:oasis:names:specification:ubl:schema:xsd:CommonAggregateComponents-2" schemaLocation="UBL-CommonAggregateComponents-2.0.xsd"/>
  <xs:import namespace="urn:oasis:names:specification:ubl:schema:xsd:CommonBasicComponents-2" schemaLocation="UBL-CommonBasicComponents-2.0.xsd"/>
  <xs:import namespace="urn:oasis:names:specification:ubl:schema:xsd:CommonExtensionComponents-2" schemaLocation="UBL-CommonExtensionComponents-2.0.xsd"/>
  <xs:import namespace="http://ws-i.org/profiles/basic/1.1/xsd" schemaLocation="SwaRef.xsd"/>
  <xs:element name="submitInboxRequestRequest" type="tns:SubmitInboxRequestRequestType"/>
  <xs:element name="submitInboxRequestResponse" type="tns:SubmitInboxRequestResponseType"/>
  <xs:element name="retrieveRequestRequest" type="tns:RetrieveRequestRequestType"/>
  <xs:element name="retrieveRequestResponse" type="tns:RetrieveRequestResponseType"/>
  <xs:element name="markRequestRequest" type="tns:MarkRequestRequestType"/>
  <xs:element name="markRequestResponse" type="tns:MarkRequestResponseType"/>
  <xs:element name="submitApplicationResponseRequest" type="tns:SubmitApplicationResponseRequestType"/>
  <xs:element name="submitApplicationResponseResponse" type="tns:SubmitApplicationResponseResponseType"/>
  <xs:element name="File" type="xs:base64Binary"/>
  <xs:complexType name="SubmitInboxRequestRequestType">
    <xs:annotation>
      <xs:documentation>There is one Inbox per receiver party</xs:documentation>
    </xs:annotation>
    <xs:sequence>
      <xs:element ref="agg:ReceiverParty"/>
    </xs:sequence>
  </xs:complexType>
  <xs:complexType name="SubmitInboxRequestResponseType">
    <xs:annotation>
      <xs:documentation>A sequence of documents sitting in the inbox</xs:documentation>
    </xs:annotation>
    <xs:sequence>
      <xs:element name="DocumentGroup" minOccurs="0" maxOccurs="unbounded" type="tns:DocumentGroupType"/>
    </xs:sequence>
  </xs:complexType>
  <xs:complexType name="RetrieveRequestRequestType">
    <xs:annotation>
      <xs:documentation>SenderParty, ID and DocumentTypeCode are taken from the Inbox documents</xs:documentation>
    </xs:annotation>
    <xs:sequence>
      <xs:element ref="agg:SenderParty"/>
      <xs:element ref="agg:ReceiverParty"/>
      <xs:element ref="bas:ID"/>
      <xs:element ref="bas:DocumentTypeCode"/>
    </xs:sequence>
  </xs:complexType>
  <xs:complexType name="RetrieveRequestResponseType">
    <xs:annotation>
      <xs:documentation></xs:documentation>
    </xs:annotation>
    <xs:sequence>
      <xs:element ref="ext:UBLExtensions" minOccurs="0"/>
      <xs:choice minOccurs="0">
        <xs:element ref="inv:Invoice"/>
        <xs:element ref="cre:CreditNote"/>
        <xs:element ref="app:ApplicationResponse"/>
        <xs:sequence>
          <xs:element ref="att:AttachedDocument"/>
          <xs:element name="Attachment" type="wsi:swaRef" minOccurs="0"/>
        </xs:sequence>
      </xs:choice>
    </xs:sequence>
  </xs:complexType>
  <xs:complexType name="MarkRequestRequestType">
    <xs:annotation>
      <xs:documentation></xs:documentation>
    </xs:annotation>
    <xs:sequence>
      <xs:element ref="agg:SenderParty"/>
      <xs:element ref="agg:ReceiverParty"/>
      <xs:element ref="bas:ID"/>
      <xs:element ref="bas:DocumentTypeCode"/>
    </xs:sequence>
  </xs:complexType>
  <xs:complexType name="MarkRequestResponseType">
    <xs:annotation>
      <xs:documentation></xs:documentation>
    </xs:annotation>
    <xs:sequence>
      <xs:element name="acknowledgement" type="tns:AcknowledgementType"/>
    </xs:sequence>
  </xs:complexType>
  <xs:complexType name="SubmitApplicationResponseRequestType">
    <xs:annotation>
      <xs:documentation></xs:documentation>
    </xs:annotation>
    <xs:sequence>
      <xs:element ref="app:ApplicationResponse"/>
    </xs:sequence>
  </xs:complexType>
  <xs:complexType name="SubmitApplicationResponseResponseType">
    <xs:annotation>
      <xs:documentation></xs:documentation>
    </xs:annotation>
    <xs:sequence>
      <xs:element name="acknowledgement" type="tns:AcknowledgementType"/>
    </xs:sequence>
  </xs:complexType>
  <xs:simpleType name="AcknowledgementType">
    <xs:restriction base="xs:string">
      <xs:enumeration value="OK"/>
      <xs:enumeration value="NOK"/>
    </xs:restriction>
  </xs:simpleType>
  <xs:complexType name="DocumentGroupType">
    <xs:annotation>
      <xs:documentation></xs:documentation>
    </xs:annotation>
    <xs:sequence>
      <xs:element name="Document" type="tns:DocumentType"/>
      <xs:element name="ParentDocument" type="tns:DocumentType" minOccurs="0"/>
    </xs:sequence>
  </xs:complexType>
  <xs:complexType name="DocumentType">
    <xs:annotation>
      <xs:documentation></xs:documentation>
    </xs:annotation>
    <xs:sequence>
      <xs:element ref="agg:Response" minOccurs="0"/>
      <xs:element ref="agg:Status"/>
      <xs:element ref="agg:DocumentReference"/>
      <xs:element ref="agg:SenderParty"/>
      <xs:element ref="agg:ReceiverParty" minOccurs="0"/>
    </xs:sequence>
  </xs:complexType>
</xs:schema>]]></con:content><con:type>http://www.w3.org/2001/XMLSchema</con:type></con:part><con:part><con:url>file:/home/isr/git/parent/invoiceservice/InvoiceServiceRegistry/wsdl/invoiceService/1.0.0/invoice/UBL-Invoice-2.0.xsd</con:url><con:content><![CDATA[<!--Document Type:     Invoice
  Generated On:      Tue Oct 03 2:26:38 P3 2006-->
<!--===== xsd:schema Element With Namespaces Declarations =====-->
<xsd:schema targetNamespace="urn:oasis:names:specification:ubl:schema:xsd:Invoice-2" elementFormDefault="qualified" attributeFormDefault="unqualified" version="2.0" xmlns:xsd="http://www.w3.org/2001/XMLSchema" xmlns="urn:oasis:names:specification:ubl:schema:xsd:Invoice-2" xmlns:cac="urn:oasis:names:specification:ubl:schema:xsd:CommonAggregateComponents-2" xmlns:cbc="urn:oasis:names:specification:ubl:schema:xsd:CommonBasicComponents-2" xmlns:udt="urn:un:unece:uncefact:data:specification:UnqualifiedDataTypesSchemaModule:2" xmlns:ccts="urn:un:unece:uncefact:documentation:2" xmlns:ext="urn:oasis:names:specification:ubl:schema:xsd:CommonExtensionComponents-2" xmlns:qdt="urn:oasis:names:specification:ubl:schema:xsd:QualifiedDatatypes-2">
  <!--===== Imports =====-->
  <xsd:import namespace="urn:oasis:names:specification:ubl:schema:xsd:CommonAggregateComponents-2" schemaLocation="UBL-CommonAggregateComponents-2.0.xsd"/>
  <xsd:import namespace="urn:oasis:names:specification:ubl:schema:xsd:CommonBasicComponents-2" schemaLocation="UBL-CommonBasicComponents-2.0.xsd"/>
  <xsd:import namespace="urn:un:unece:uncefact:data:specification:UnqualifiedDataTypesSchemaModule:2" schemaLocation="UnqualifiedDataTypeSchemaModule-2.0.xsd"/>
  <xsd:import namespace="urn:oasis:names:specification:ubl:schema:xsd:CommonExtensionComponents-2" schemaLocation="UBL-CommonExtensionComponents-2.0.xsd"/>
  <xsd:import namespace="urn:oasis:names:specification:ubl:schema:xsd:QualifiedDatatypes-2" schemaLocation="UBL-QualifiedDatatypes-2.0.xsd"/>
  <!--===== Root Element =====-->
  <xsd:element name="Invoice" type="InvoiceType">
    <xsd:annotation>
      <xsd:documentation>This element MUST be conveyed as the root element in any instance document based on this Schema expression</xsd:documentation>
    </xsd:annotation>
  </xsd:element>
  <xsd:complexType name="InvoiceType">
    <xsd:annotation>
      <xsd:documentation>
        <ccts:Component>
          <ccts:ComponentType>ABIE</ccts:ComponentType>
          <ccts:DictionaryEntryName>Invoice. Details</ccts:DictionaryEntryName>
          <ccts:Definition>The document used to request payment.</ccts:Definition>
          <ccts:ObjectClass>Invoice</ccts:ObjectClass>
        </ccts:Component>
      </xsd:documentation>
    </xsd:annotation>
    <xsd:sequence>
      <xsd:element ref="ext:UBLExtensions" minOccurs="0" maxOccurs="1">
        <xsd:annotation>
          <xsd:documentation>A container for all extensions present in the document.</xsd:documentation>
        </xsd:annotation>
      </xsd:element>
      <xsd:element ref="cbc:UBLVersionID" minOccurs="0" maxOccurs="1">
        <xsd:annotation>
          <xsd:documentation>
            <ccts:Component>
              <ccts:ComponentType>BBIE</ccts:ComponentType>
              <ccts:DictionaryEntryName>Invoice. UBL Version Identifier. Identifier</ccts:DictionaryEntryName>
              <ccts:Definition>The earliest version of the UBL 2 schema for this document type that defines all of the elements that might be encountered in the current instance.</ccts:Definition>
              <ccts:Cardinality>0..1</ccts:Cardinality>
              <ccts:ObjectClass>Invoice</ccts:ObjectClass>
              <ccts:PropertyTerm>UBL Version Identifier</ccts:PropertyTerm>
              <ccts:RepresentationTerm>Identifier</ccts:RepresentationTerm>
              <ccts:DataType>Identifier. Type</ccts:DataType>
              <ccts:Examples>2.0.5</ccts:Examples>
            </ccts:Component>
          </xsd:documentation>
        </xsd:annotation>
      </xsd:element>
      <xsd:element ref="cbc:CustomizationID" minOccurs="0" maxOccurs="1">
        <xsd:annotation>
          <xsd:documentation>
            <ccts:Component>
              <ccts:ComponentType>BBIE</ccts:ComponentType>
              <ccts:DictionaryEntryName>Invoice. Customization Identifier. Identifier</ccts:DictionaryEntryName>
              <ccts:Definition>Identifies a user-defined customization of UBL for a specific use.</ccts:Definition>
              <ccts:Cardinality>0..1</ccts:Cardinality>
              <ccts:ObjectClass>Invoice</ccts:ObjectClass>
              <ccts:PropertyTerm>Customization Identifier</ccts:PropertyTerm>
              <ccts:RepresentationTerm>Identifier</ccts:RepresentationTerm>
              <ccts:DataType>Identifier. Type</ccts:DataType>
              <ccts:Examples>NES</ccts:Examples>
            </ccts:Component>
          </xsd:documentation>
        </xsd:annotation>
      </xsd:element>
      <xsd:element ref="cbc:ProfileID" minOccurs="0" maxOccurs="1">
        <xsd:annotation>
          <xsd:documentation>
            <ccts:Component>
              <ccts:ComponentType>BBIE</ccts:ComponentType>
              <ccts:DictionaryEntryName>Invoice. Profile Identifier. Identifier</ccts:DictionaryEntryName>
              <ccts:Definition>Identifies a user-defined profile of the customization of UBL being used.</ccts:Definition>
              <ccts:Cardinality>0..1</ccts:Cardinality>
              <ccts:ObjectClass>Invoice</ccts:ObjectClass>
              <ccts:PropertyTerm>Profile Identifier</ccts:PropertyTerm>
              <ccts:RepresentationTerm>Identifier</ccts:RepresentationTerm>
              <ccts:DataType>Identifier. Type</ccts:DataType>
              <ccts:Examples>BasicProcurementProcess</ccts:Examples>
            </ccts:Component>
          </xsd:documentation>
        </xsd:annotation>
      </xsd:element>
      <xsd:element ref="cbc:ID" minOccurs="1" maxOccurs="1">
        <xsd:annotation>
          <xsd:documentation>
            <ccts:Component>
              <ccts:ComponentType>BBIE</ccts:ComponentType>
              <ccts:DictionaryEntryName>Invoice. Identifier</ccts:DictionaryEntryName>
              <ccts:Definition>An identifier for the Invoice assigned by the Creditor.</ccts:Definition>
              <ccts:Cardinality>1</ccts:Cardinality>
              <ccts:ObjectClass>Invoice</ccts:ObjectClass>
              <ccts:PropertyTerm>Identifier</ccts:PropertyTerm>
              <ccts:RepresentationTerm>Identifier</ccts:RepresentationTerm>
              <ccts:DataType>Identifier. Type</ccts:DataType>
              <ccts:AlternativeBusinessTerms>Invoice Number</ccts:AlternativeBusinessTerms>
            </ccts:Component>
          </xsd:documentation>
        </xsd:annotation>
      </xsd:element>
      <xsd:element ref="cbc:CopyIndicator" minOccurs="0" maxOccurs="1">
        <xsd:annotation>
          <xsd:documentation>
            <ccts:Component>
              <ccts:ComponentType>BBIE</ccts:ComponentType>
              <ccts:DictionaryEntryName>Invoice. Copy_ Indicator. Indicator</ccts:DictionaryEntryName>
              <ccts:Definition>Indicates whether a document is a copy (true) or not (false).</ccts:Definition>
              <ccts:Cardinality>0..1</ccts:Cardinality>
              <ccts:ObjectClass>Invoice</ccts:ObjectClass>
              <ccts:PropertyTermQualifier>Copy</ccts:PropertyTermQualifier>
              <ccts:PropertyTerm>Indicator</ccts:PropertyTerm>
              <ccts:RepresentationTerm>Indicator</ccts:RepresentationTerm>
              <ccts:DataType>Indicator. Type</ccts:DataType>
            </ccts:Component>
          </xsd:documentation>
        </xsd:annotation>
      </xsd:element>
      <xsd:element ref="cbc:UUID" minOccurs="0" maxOccurs="1">
        <xsd:annotation>
          <xsd:documentation>
            <ccts:Component>
              <ccts:ComponentType>BBIE</ccts:ComponentType>
              <ccts:DictionaryEntryName>Invoice. UUID. Identifier</ccts:DictionaryEntryName>
              <ccts:Definition>A universally unique identifier for an instance of this ABIE.</ccts:Definition>
              <ccts:Cardinality>0..1</ccts:Cardinality>
              <ccts:ObjectClass>Invoice</ccts:ObjectClass>
              <ccts:PropertyTerm>UUID</ccts:PropertyTerm>
              <ccts:RepresentationTerm>Identifier</ccts:RepresentationTerm>
              <ccts:DataType>Identifier. Type</ccts:DataType>
            </ccts:Component>
          </xsd:documentation>
        </xsd:annotation>
      </xsd:element>
      <xsd:element ref="cbc:IssueDate" minOccurs="1" maxOccurs="1">
        <xsd:annotation>
          <xsd:documentation>
            <ccts:Component>
              <ccts:ComponentType>BBIE</ccts:ComponentType>
              <ccts:DictionaryEntryName>Invoice. Issue Date. Date</ccts:DictionaryEntryName>
              <ccts:Definition>The date assigned by the Creditor on which the Invoice was issued.</ccts:Definition>
              <ccts:Cardinality>1</ccts:Cardinality>
              <ccts:ObjectClass>Invoice</ccts:ObjectClass>
              <ccts:PropertyTerm>Issue Date</ccts:PropertyTerm>
              <ccts:RepresentationTerm>Date</ccts:RepresentationTerm>
              <ccts:DataType>Date. Type</ccts:DataType>
              <ccts:AlternativeBusinessTerms>Invoice Date</ccts:AlternativeBusinessTerms>
            </ccts:Component>
          </xsd:documentation>
        </xsd:annotation>
      </xsd:element>
      <xsd:element ref="cbc:IssueTime" minOccurs="0" maxOccurs="1">
        <xsd:annotation>
          <xsd:documentation>
            <ccts:Component>
              <ccts:ComponentType>BBIE</ccts:ComponentType>
              <ccts:DictionaryEntryName>Invoice. Issue Time. Time</ccts:DictionaryEntryName>
              <ccts:Definition>The time assigned by the Creditor at which the Invoice was issued.</ccts:Definition>
              <ccts:Cardinality>0..1</ccts:Cardinality>
              <ccts:ObjectClass>Invoice</ccts:ObjectClass>
              <ccts:PropertyTerm>Issue Time</ccts:PropertyTerm>
              <ccts:RepresentationTerm>Time</ccts:RepresentationTerm>
              <ccts:DataType>Time. Type</ccts:DataType>
            </ccts:Component>
          </xsd:documentation>
        </xsd:annotation>
      </xsd:element>
      <xsd:element ref="cbc:InvoiceTypeCode" minOccurs="0" maxOccurs="1">
        <xsd:annotation>
          <xsd:documentation>
            <ccts:Component>
              <ccts:ComponentType>BBIE</ccts:ComponentType>
              <ccts:DictionaryEntryName>Invoice. Invoice Type Code. Code</ccts:DictionaryEntryName>
              <ccts:Definition>Code specifying the type of the Invoice.</ccts:Definition>
              <ccts:Cardinality>0..1</ccts:Cardinality>
              <ccts:ObjectClass>Invoice</ccts:ObjectClass>
              <ccts:PropertyTerm>Invoice Type Code</ccts:PropertyTerm>
              <ccts:RepresentationTerm>Code</ccts:RepresentationTerm>
              <ccts:DataType>Code. Type</ccts:DataType>
            </ccts:Component>
          </xsd:documentation>
        </xsd:annotation>
      </xsd:element>
      <xsd:element ref="cbc:Note" minOccurs="0" maxOccurs="unbounded">
        <xsd:annotation>
          <xsd:documentation>
            <ccts:Component>
              <ccts:ComponentType>BBIE</ccts:ComponentType>
              <ccts:DictionaryEntryName>Invoice. Note. Text</ccts:DictionaryEntryName>
              <ccts:Definition>Free-form text applying to the Invoice. This element may contain notes or any other similar information that is not contained explicitly in another structure.</ccts:Definition>
              <ccts:Cardinality>0..n</ccts:Cardinality>
              <ccts:ObjectClass>Invoice</ccts:ObjectClass>
              <ccts:PropertyTerm>Note</ccts:PropertyTerm>
              <ccts:RepresentationTerm>Text</ccts:RepresentationTerm>
              <ccts:DataType>Text. Type</ccts:DataType>
            </ccts:Component>
          </xsd:documentation>
        </xsd:annotation>
      </xsd:element>
      <xsd:element ref="cbc:TaxPointDate" minOccurs="0" maxOccurs="1">
        <xsd:annotation>
          <xsd:documentation>
            <ccts:Component>
              <ccts:ComponentType>BBIE</ccts:ComponentType>
              <ccts:DictionaryEntryName>Invoice. Tax Point Date. Date</ccts:DictionaryEntryName>
              <ccts:Definition>The date of the Invoice, used to indicate the point at which tax becomes applicable.</ccts:Definition>
              <ccts:Cardinality>0..1</ccts:Cardinality>
              <ccts:ObjectClass>Invoice</ccts:ObjectClass>
              <ccts:PropertyTerm>Tax Point Date</ccts:PropertyTerm>
              <ccts:RepresentationTerm>Date</ccts:RepresentationTerm>
              <ccts:DataType>Date. Type</ccts:DataType>
            </ccts:Component>
          </xsd:documentation>
        </xsd:annotation>
      </xsd:element>
      <xsd:element ref="cbc:DocumentCurrencyCode" minOccurs="0" maxOccurs="1">
        <xsd:annotation>
          <xsd:documentation>
            <ccts:Component>
              <ccts:ComponentType>BBIE</ccts:ComponentType>
              <ccts:DictionaryEntryName>Invoice. Document_ Currency Code. Code</ccts:DictionaryEntryName>
              <ccts:Definition>The currency in which the Document is presented. This may be the same currency as the pricing or as the tax.</ccts:Definition>
              <ccts:Cardinality>0..1</ccts:Cardinality>
              <ccts:ObjectClass>Invoice</ccts:ObjectClass>
              <ccts:PropertyTermQualifier>Document</ccts:PropertyTermQualifier>
              <ccts:PropertyTerm>Currency Code</ccts:PropertyTerm>
              <ccts:RepresentationTerm>Code</ccts:RepresentationTerm>
              <ccts:DataType>Currency_ Code. Type</ccts:DataType>
            </ccts:Component>
          </xsd:documentation>
        </xsd:annotation>
      </xsd:element>
      <xsd:element ref="cbc:TaxCurrencyCode" minOccurs="0" maxOccurs="1">
        <xsd:annotation>
          <xsd:documentation>
            <ccts:Component>
              <ccts:ComponentType>BBIE</ccts:ComponentType>
              <ccts:DictionaryEntryName>Invoice. Tax_ Currency Code. Code</ccts:DictionaryEntryName>
              <ccts:Definition>The currency used for tax amounts in the Invoice.</ccts:Definition>
              <ccts:Cardinality>0..1</ccts:Cardinality>
              <ccts:ObjectClass>Invoice</ccts:ObjectClass>
              <ccts:PropertyTermQualifier>Tax</ccts:PropertyTermQualifier>
              <ccts:PropertyTerm>Currency Code</ccts:PropertyTerm>
              <ccts:RepresentationTerm>Code</ccts:RepresentationTerm>
              <ccts:DataType>Currency_ Code. Type</ccts:DataType>
            </ccts:Component>
          </xsd:documentation>
        </xsd:annotation>
      </xsd:element>
      <xsd:element ref="cbc:PricingCurrencyCode" minOccurs="0" maxOccurs="1">
        <xsd:annotation>
          <xsd:documentation>
            <ccts:Component>
              <ccts:ComponentType>BBIE</ccts:ComponentType>
              <ccts:DictionaryEntryName>Invoice. Pricing_ Currency Code. Code</ccts:DictionaryEntryName>
              <ccts:Definition>The currency used for prices in the Invoice.</ccts:Definition>
              <ccts:Cardinality>0..1</ccts:Cardinality>
              <ccts:ObjectClass>Invoice</ccts:ObjectClass>
              <ccts:PropertyTermQualifier>Pricing</ccts:PropertyTermQualifier>
              <ccts:PropertyTerm>Currency Code</ccts:PropertyTerm>
              <ccts:RepresentationTerm>Code</ccts:RepresentationTerm>
              <ccts:DataType>Currency_ Code. Type</ccts:DataType>
            </ccts:Component>
          </xsd:documentation>
        </xsd:annotation>
      </xsd:element>
      <xsd:element ref="cbc:PaymentCurrencyCode" minOccurs="0" maxOccurs="1">
        <xsd:annotation>
          <xsd:documentation>
            <ccts:Component>
              <ccts:ComponentType>BBIE</ccts:ComponentType>
              <ccts:DictionaryEntryName>Invoice. Payment_ Currency Code. Code</ccts:DictionaryEntryName>
              <ccts:Definition>The currency used for payment in the Invoice.</ccts:Definition>
              <ccts:Cardinality>0..1</ccts:Cardinality>
              <ccts:ObjectClass>Invoice</ccts:ObjectClass>
              <ccts:PropertyTermQualifier>Payment</ccts:PropertyTermQualifier>
              <ccts:PropertyTerm>Currency Code</ccts:PropertyTerm>
              <ccts:RepresentationTerm>Code</ccts:RepresentationTerm>
              <ccts:DataType>Currency_ Code. Type</ccts:DataType>
            </ccts:Component>
          </xsd:documentation>
        </xsd:annotation>
      </xsd:element>
      <xsd:element ref="cbc:PaymentAlternativeCurrencyCode" minOccurs="0" maxOccurs="1">
        <xsd:annotation>
          <xsd:documentation>
            <ccts:Component>
              <ccts:ComponentType>BBIE</ccts:ComponentType>
              <ccts:DictionaryEntryName>Invoice. Payment Alternative_ Currency Code. Code</ccts:DictionaryEntryName>
              <ccts:Definition>The alternative currency used for payment in the Invoice.</ccts:Definition>
              <ccts:Cardinality>0..1</ccts:Cardinality>
              <ccts:ObjectClass>Invoice</ccts:ObjectClass>
              <ccts:PropertyTermQualifier>Payment Alternative</ccts:PropertyTermQualifier>
              <ccts:PropertyTerm>Currency Code</ccts:PropertyTerm>
              <ccts:RepresentationTerm>Code</ccts:RepresentationTerm>
              <ccts:DataType>Currency_ Code. Type</ccts:DataType>
            </ccts:Component>
          </xsd:documentation>
        </xsd:annotation>
      </xsd:element>
      <xsd:element ref="cbc:AccountingCostCode" minOccurs="0" maxOccurs="1">
        <xsd:annotation>
          <xsd:documentation>
            <ccts:Component>
              <ccts:ComponentType>BBIE</ccts:ComponentType>
              <ccts:DictionaryEntryName>Invoice. Accounting Cost Code. Code</ccts:DictionaryEntryName>
              <ccts:Definition>The Buyer's accounting code applied to the Invoice as a whole.</ccts:Definition>
              <ccts:Cardinality>0..1</ccts:Cardinality>
              <ccts:ObjectClass>Invoice</ccts:ObjectClass>
              <ccts:PropertyTerm>Accounting Cost Code</ccts:PropertyTerm>
              <ccts:RepresentationTerm>Code</ccts:RepresentationTerm>
              <ccts:DataType>Code. Type</ccts:DataType>
            </ccts:Component>
          </xsd:documentation>
        </xsd:annotation>
      </xsd:element>
      <xsd:element ref="cbc:AccountingCost" minOccurs="0" maxOccurs="1">
        <xsd:annotation>
          <xsd:documentation>
            <ccts:Component>
              <ccts:ComponentType>BBIE</ccts:ComponentType>
              <ccts:DictionaryEntryName>Invoice. Accounting Cost. Text</ccts:DictionaryEntryName>
              <ccts:Definition>The Buyer's accounting code applied to the Invoice as a whole, expressed as text.</ccts:Definition>
              <ccts:Cardinality>0..1</ccts:Cardinality>
              <ccts:ObjectClass>Invoice</ccts:ObjectClass>
              <ccts:PropertyTerm>Accounting Cost</ccts:PropertyTerm>
              <ccts:RepresentationTerm>Text</ccts:RepresentationTerm>
              <ccts:DataType>Text. Type</ccts:DataType>
            </ccts:Component>
          </xsd:documentation>
        </xsd:annotation>
      </xsd:element>
      <xsd:element ref="cbc:LineCountNumeric" minOccurs="0" maxOccurs="1">
        <xsd:annotation>
          <xsd:documentation>
            <ccts:Component>
              <ccts:ComponentType>BBIE</ccts:ComponentType>
              <ccts:DictionaryEntryName>Invoice. Line Count. Numeric</ccts:DictionaryEntryName>
              <ccts:Definition>The number of lines in the document.</ccts:Definition>
              <ccts:Cardinality>0..1</ccts:Cardinality>
              <ccts:ObjectClass>Invoice</ccts:ObjectClass>
              <ccts:PropertyTerm>Line Count</ccts:PropertyTerm>
              <ccts:RepresentationTerm>Numeric</ccts:RepresentationTerm>
              <ccts:DataType>Numeric. Type</ccts:DataType>
            </ccts:Component>
          </xsd:documentation>
        </xsd:annotation>
      </xsd:element>
      <xsd:element ref="cac:InvoicePeriod" minOccurs="0" maxOccurs="unbounded">
        <xsd:annotation>
          <xsd:documentation>
            <ccts:Component>
              <ccts:ComponentType>ASBIE</ccts:ComponentType>
              <ccts:DictionaryEntryName>Invoice. Invoice_ Period. Period</ccts:DictionaryEntryName>
              <ccts:Definition>An association to period(s) to which the Invoice applies.</ccts:Definition>
              <ccts:Cardinality>0..n</ccts:Cardinality>
              <ccts:ObjectClass>Invoice</ccts:ObjectClass>
              <ccts:PropertyTermQualifier>Invoice</ccts:PropertyTermQualifier>
              <ccts:PropertyTerm>Period</ccts:PropertyTerm>
              <ccts:AssociatedObjectClass>Period</ccts:AssociatedObjectClass>
            </ccts:Component>
          </xsd:documentation>
        </xsd:annotation>
      </xsd:element>
      <xsd:element ref="cac:OrderReference" minOccurs="0" maxOccurs="1">
        <xsd:annotation>
          <xsd:documentation>
            <ccts:Component>
              <ccts:ComponentType>ASBIE</ccts:ComponentType>
              <ccts:DictionaryEntryName>Invoice. Order Reference</ccts:DictionaryEntryName>
              <ccts:Definition>An association to Order Reference.</ccts:Definition>
              <ccts:Cardinality>0..1</ccts:Cardinality>
              <ccts:ObjectClass>Invoice</ccts:ObjectClass>
              <ccts:PropertyTerm>Order Reference</ccts:PropertyTerm>
              <ccts:AssociatedObjectClass>Order Reference</ccts:AssociatedObjectClass>
            </ccts:Component>
          </xsd:documentation>
        </xsd:annotation>
      </xsd:element>
      <xsd:element ref="cac:BillingReference" minOccurs="0" maxOccurs="unbounded">
        <xsd:annotation>
          <xsd:documentation>
            <ccts:Component>
              <ccts:ComponentType>ASBIE</ccts:ComponentType>
              <ccts:DictionaryEntryName>Invoice. Billing Reference</ccts:DictionaryEntryName>
              <ccts:Definition>An association to Billing Reference.</ccts:Definition>
              <ccts:Cardinality>0..n</ccts:Cardinality>
              <ccts:ObjectClass>Invoice</ccts:ObjectClass>
              <ccts:PropertyTerm>Billing Reference</ccts:PropertyTerm>
              <ccts:AssociatedObjectClass>Billing Reference</ccts:AssociatedObjectClass>
            </ccts:Component>
          </xsd:documentation>
        </xsd:annotation>
      </xsd:element>
      <xsd:element ref="cac:DespatchDocumentReference" minOccurs="0" maxOccurs="unbounded">
        <xsd:annotation>
          <xsd:documentation>
            <ccts:Component>
              <ccts:ComponentType>ASBIE</ccts:ComponentType>
              <ccts:DictionaryEntryName>Invoice. Despatch_ Document Reference. Document Reference</ccts:DictionaryEntryName>
              <ccts:Definition>An associative reference to Despatch Advice.</ccts:Definition>
              <ccts:Cardinality>0..n</ccts:Cardinality>
              <ccts:ObjectClass>Invoice</ccts:ObjectClass>
              <ccts:PropertyTermQualifier>Despatch</ccts:PropertyTermQualifier>
              <ccts:PropertyTerm>Document Reference</ccts:PropertyTerm>
              <ccts:AssociatedObjectClass>Document Reference</ccts:AssociatedObjectClass>
            </ccts:Component>
          </xsd:documentation>
        </xsd:annotation>
      </xsd:element>
      <xsd:element ref="cac:ReceiptDocumentReference" minOccurs="0" maxOccurs="unbounded">
        <xsd:annotation>
          <xsd:documentation>
            <ccts:Component>
              <ccts:ComponentType>ASBIE</ccts:ComponentType>
              <ccts:DictionaryEntryName>Invoice. Receipt_ Document Reference. Document Reference</ccts:DictionaryEntryName>
              <ccts:Definition>An associative reference to Receipt Advice.</ccts:Definition>
              <ccts:Cardinality>0..n</ccts:Cardinality>
              <ccts:ObjectClass>Invoice</ccts:ObjectClass>
              <ccts:PropertyTermQualifier>Receipt</ccts:PropertyTermQualifier>
              <ccts:PropertyTerm>Document Reference</ccts:PropertyTerm>
              <ccts:AssociatedObjectClass>Document Reference</ccts:AssociatedObjectClass>
            </ccts:Component>
          </xsd:documentation>
        </xsd:annotation>
      </xsd:element>
      <xsd:element ref="cac:OriginatorDocumentReference" minOccurs="0" maxOccurs="unbounded">
        <xsd:annotation>
          <xsd:documentation>
            <ccts:Component>
              <ccts:ComponentType>ASBIE</ccts:ComponentType>
              <ccts:DictionaryEntryName>Invoice. Originator_ Document Reference. Document Reference</ccts:DictionaryEntryName>
              <ccts:Definition>An associative reference to Originator Document.</ccts:Definition>
              <ccts:Cardinality>0..n</ccts:Cardinality>
              <ccts:ObjectClass>Invoice</ccts:ObjectClass>
              <ccts:PropertyTermQualifier>Originator</ccts:PropertyTermQualifier>
              <ccts:PropertyTerm>Document Reference</ccts:PropertyTerm>
              <ccts:AssociatedObjectClass>Document Reference</ccts:AssociatedObjectClass>
            </ccts:Component>
          </xsd:documentation>
        </xsd:annotation>
      </xsd:element>
      <xsd:element ref="cac:ContractDocumentReference" minOccurs="0" maxOccurs="unbounded">
        <xsd:annotation>
          <xsd:documentation>
            <ccts:Component>
              <ccts:ComponentType>ASBIE</ccts:ComponentType>
              <ccts:DictionaryEntryName>Invoice. Contract_ Document Reference. Document Reference</ccts:DictionaryEntryName>
              <ccts:Definition>An associative reference to Contract.</ccts:Definition>
              <ccts:Cardinality>0..n</ccts:Cardinality>
              <ccts:ObjectClass>Invoice</ccts:ObjectClass>
              <ccts:PropertyTermQualifier>Contract</ccts:PropertyTermQualifier>
              <ccts:PropertyTerm>Document Reference</ccts:PropertyTerm>
              <ccts:AssociatedObjectClass>Document Reference</ccts:AssociatedObjectClass>
            </ccts:Component>
          </xsd:documentation>
        </xsd:annotation>
      </xsd:element>
      <xsd:element ref="cac:AdditionalDocumentReference" minOccurs="0" maxOccurs="unbounded">
        <xsd:annotation>
          <xsd:documentation>
            <ccts:Component>
              <ccts:ComponentType>ASBIE</ccts:ComponentType>
              <ccts:DictionaryEntryName>Invoice. Additional_ Document Reference. Document Reference</ccts:DictionaryEntryName>
              <ccts:Definition>An associative reference to Additional Document.</ccts:Definition>
              <ccts:Cardinality>0..n</ccts:Cardinality>
              <ccts:ObjectClass>Invoice</ccts:ObjectClass>
              <ccts:PropertyTermQualifier>Additional</ccts:PropertyTermQualifier>
              <ccts:PropertyTerm>Document Reference</ccts:PropertyTerm>
              <ccts:AssociatedObjectClass>Document Reference</ccts:AssociatedObjectClass>
            </ccts:Component>
          </xsd:documentation>
        </xsd:annotation>
      </xsd:element>
      <xsd:element ref="cac:Signature" minOccurs="0" maxOccurs="unbounded">
        <xsd:annotation>
          <xsd:documentation>
            <ccts:Component>
              <ccts:ComponentType>ASBIE</ccts:ComponentType>
              <ccts:DictionaryEntryName>Invoice. Signature</ccts:DictionaryEntryName>
              <ccts:Definition>An association to Signature.</ccts:Definition>
              <ccts:Cardinality>0..n</ccts:Cardinality>
              <ccts:ObjectClass>Invoice</ccts:ObjectClass>
              <ccts:PropertyTerm>Signature</ccts:PropertyTerm>
              <ccts:AssociatedObjectClass>Signature</ccts:AssociatedObjectClass>
            </ccts:Component>
          </xsd:documentation>
        </xsd:annotation>
      </xsd:element>
      <xsd:element ref="cac:AccountingSupplierParty" minOccurs="1" maxOccurs="1">
        <xsd:annotation>
          <xsd:documentation>
            <ccts:Component>
              <ccts:ComponentType>ASBIE</ccts:ComponentType>
              <ccts:DictionaryEntryName>Invoice. Accounting_ Supplier Party. Supplier Party</ccts:DictionaryEntryName>
              <ccts:Definition>An association to the Accounting Supplier Party.</ccts:Definition>
              <ccts:Cardinality>1</ccts:Cardinality>
              <ccts:ObjectClass>Invoice</ccts:ObjectClass>
              <ccts:PropertyTermQualifier>Accounting</ccts:PropertyTermQualifier>
              <ccts:PropertyTerm>Supplier Party</ccts:PropertyTerm>
              <ccts:AssociatedObjectClass>Supplier Party</ccts:AssociatedObjectClass>
            </ccts:Component>
          </xsd:documentation>
        </xsd:annotation>
      </xsd:element>
      <xsd:element ref="cac:AccountingCustomerParty" minOccurs="1" maxOccurs="1">
        <xsd:annotation>
          <xsd:documentation>
            <ccts:Component>
              <ccts:ComponentType>ASBIE</ccts:ComponentType>
              <ccts:DictionaryEntryName>Invoice. Accounting_ Customer Party. Customer Party</ccts:DictionaryEntryName>
              <ccts:Definition>An association to the Accounting Customer Party.</ccts:Definition>
              <ccts:Cardinality>1</ccts:Cardinality>
              <ccts:ObjectClass>Invoice</ccts:ObjectClass>
              <ccts:PropertyTermQualifier>Accounting</ccts:PropertyTermQualifier>
              <ccts:PropertyTerm>Customer Party</ccts:PropertyTerm>
              <ccts:AssociatedObjectClass>Customer Party</ccts:AssociatedObjectClass>
            </ccts:Component>
          </xsd:documentation>
        </xsd:annotation>
      </xsd:element>
      <xsd:element ref="cac:PayeeParty" minOccurs="0" maxOccurs="1">
        <xsd:annotation>
          <xsd:documentation>
            <ccts:Component>
              <ccts:ComponentType>ASBIE</ccts:ComponentType>
              <ccts:DictionaryEntryName>Invoice. Payee_ Party. Party</ccts:DictionaryEntryName>
              <ccts:Definition>An association to the Payee.</ccts:Definition>
              <ccts:Cardinality>0..1</ccts:Cardinality>
              <ccts:ObjectClass>Invoice</ccts:ObjectClass>
              <ccts:PropertyTermQualifier>Payee</ccts:PropertyTermQualifier>
              <ccts:PropertyTerm>Party</ccts:PropertyTerm>
              <ccts:AssociatedObjectClass>Party</ccts:AssociatedObjectClass>
            </ccts:Component>
          </xsd:documentation>
        </xsd:annotation>
      </xsd:element>
      <xsd:element ref="cac:BuyerCustomerParty" minOccurs="0" maxOccurs="1">
        <xsd:annotation>
          <xsd:documentation>
            <ccts:Component>
              <ccts:ComponentType>ASBIE</ccts:ComponentType>
              <ccts:DictionaryEntryName>Invoice. Buyer_ Customer Party. Customer Party</ccts:DictionaryEntryName>
              <ccts:Definition>An association to the Buyer.</ccts:Definition>
              <ccts:Cardinality>0..1</ccts:Cardinality>
              <ccts:ObjectClass>Invoice</ccts:ObjectClass>
              <ccts:PropertyTermQualifier>Buyer</ccts:PropertyTermQualifier>
              <ccts:PropertyTerm>Customer Party</ccts:PropertyTerm>
              <ccts:AssociatedObjectClass>Customer Party</ccts:AssociatedObjectClass>
            </ccts:Component>
          </xsd:documentation>
        </xsd:annotation>
      </xsd:element>
      <xsd:element ref="cac:SellerSupplierParty" minOccurs="0" maxOccurs="1">
        <xsd:annotation>
          <xsd:documentation>
            <ccts:Component>
              <ccts:ComponentType>ASBIE</ccts:ComponentType>
              <ccts:DictionaryEntryName>Invoice. Seller_ Supplier Party. Supplier Party</ccts:DictionaryEntryName>
              <ccts:Definition>An association to the Seller.</ccts:Definition>
              <ccts:Cardinality>0..1</ccts:Cardinality>
              <ccts:ObjectClass>Invoice</ccts:ObjectClass>
              <ccts:PropertyTermQualifier>Seller</ccts:PropertyTermQualifier>
              <ccts:PropertyTerm>Supplier Party</ccts:PropertyTerm>
              <ccts:AssociatedObjectClass>Supplier Party</ccts:AssociatedObjectClass>
            </ccts:Component>
          </xsd:documentation>
        </xsd:annotation>
      </xsd:element>
      <xsd:element ref="cac:TaxRepresentativeParty" minOccurs="0" maxOccurs="1">
        <xsd:annotation>
          <xsd:documentation>
            <ccts:Component>
              <ccts:ComponentType>ASBIE</ccts:ComponentType>
              <ccts:DictionaryEntryName>Invoice. Tax Representative_ Party. Party</ccts:DictionaryEntryName>
              <ccts:Definition>An association to the Tax Representative.</ccts:Definition>
              <ccts:Cardinality>0..1</ccts:Cardinality>
              <ccts:ObjectClass>Invoice</ccts:ObjectClass>
              <ccts:PropertyTermQualifier>Tax Representative</ccts:PropertyTermQualifier>
              <ccts:PropertyTerm>Party</ccts:PropertyTerm>
              <ccts:AssociatedObjectClass>Party</ccts:AssociatedObjectClass>
            </ccts:Component>
          </xsd:documentation>
        </xsd:annotation>
      </xsd:element>
      <xsd:element ref="cac:Delivery" minOccurs="0" maxOccurs="unbounded">
        <xsd:annotation>
          <xsd:documentation>
            <ccts:Component>
              <ccts:ComponentType>ASBIE</ccts:ComponentType>
              <ccts:DictionaryEntryName>Invoice. Delivery</ccts:DictionaryEntryName>
              <ccts:Definition>An association to Delivery.</ccts:Definition>
              <ccts:Cardinality>0..n</ccts:Cardinality>
              <ccts:ObjectClass>Invoice</ccts:ObjectClass>
              <ccts:PropertyTerm>Delivery</ccts:PropertyTerm>
              <ccts:AssociatedObjectClass>Delivery</ccts:AssociatedObjectClass>
            </ccts:Component>
          </xsd:documentation>
        </xsd:annotation>
      </xsd:element>
      <xsd:element ref="cac:DeliveryTerms" minOccurs="0" maxOccurs="1">
        <xsd:annotation>
          <xsd:documentation>
            <ccts:Component>
              <ccts:ComponentType>ASBIE</ccts:ComponentType>
              <ccts:DictionaryEntryName>Invoice. Delivery Terms</ccts:DictionaryEntryName>
              <ccts:Definition>An association to Delivery Terms.</ccts:Definition>
              <ccts:Cardinality>0..1</ccts:Cardinality>
              <ccts:ObjectClass>Invoice</ccts:ObjectClass>
              <ccts:PropertyTerm>Delivery Terms</ccts:PropertyTerm>
              <ccts:AssociatedObjectClass>Delivery Terms</ccts:AssociatedObjectClass>
            </ccts:Component>
          </xsd:documentation>
        </xsd:annotation>
      </xsd:element>
      <xsd:element ref="cac:PaymentMeans" minOccurs="0" maxOccurs="unbounded">
        <xsd:annotation>
          <xsd:documentation>
            <ccts:Component>
              <ccts:ComponentType>ASBIE</ccts:ComponentType>
              <ccts:DictionaryEntryName>Invoice. Payment Means</ccts:DictionaryEntryName>
              <ccts:Definition>An association to Payment Means.</ccts:Definition>
              <ccts:Cardinality>0..n</ccts:Cardinality>
              <ccts:ObjectClass>Invoice</ccts:ObjectClass>
              <ccts:PropertyTerm>Payment Means</ccts:PropertyTerm>
              <ccts:AssociatedObjectClass>Payment Means</ccts:AssociatedObjectClass>
            </ccts:Component>
          </xsd:documentation>
        </xsd:annotation>
      </xsd:element>
      <xsd:element ref="cac:PaymentTerms" minOccurs="0" maxOccurs="unbounded">
        <xsd:annotation>
          <xsd:documentation>
            <ccts:Component>
              <ccts:ComponentType>ASBIE</ccts:ComponentType>
              <ccts:DictionaryEntryName>Invoice. Payment Terms</ccts:DictionaryEntryName>
              <ccts:Definition>An association to Payment Terms.</ccts:Definition>
              <ccts:Cardinality>0..n</ccts:Cardinality>
              <ccts:ObjectClass>Invoice</ccts:ObjectClass>
              <ccts:PropertyTerm>Payment Terms</ccts:PropertyTerm>
              <ccts:AssociatedObjectClass>Payment Terms</ccts:AssociatedObjectClass>
            </ccts:Component>
          </xsd:documentation>
        </xsd:annotation>
      </xsd:element>
      <xsd:element ref="cac:PrepaidPayment" minOccurs="0" maxOccurs="unbounded">
        <xsd:annotation>
          <xsd:documentation>
            <ccts:Component>
              <ccts:ComponentType>ASBIE</ccts:ComponentType>
              <ccts:DictionaryEntryName>Invoice. Prepaid_ Payment. Payment</ccts:DictionaryEntryName>
              <ccts:Definition>An association to prepaid payment(s).</ccts:Definition>
              <ccts:Cardinality>0..n</ccts:Cardinality>
              <ccts:ObjectClass>Invoice</ccts:ObjectClass>
              <ccts:PropertyTermQualifier>Prepaid</ccts:PropertyTermQualifier>
              <ccts:PropertyTerm>Payment</ccts:PropertyTerm>
              <ccts:AssociatedObjectClass>Payment</ccts:AssociatedObjectClass>
            </ccts:Component>
          </xsd:documentation>
        </xsd:annotation>
      </xsd:element>
      <xsd:element ref="cac:AllowanceCharge" minOccurs="0" maxOccurs="unbounded">
        <xsd:annotation>
          <xsd:documentation>
            <ccts:Component>
              <ccts:ComponentType>ASBIE</ccts:ComponentType>
              <ccts:DictionaryEntryName>Invoice. Allowance Charge</ccts:DictionaryEntryName>
              <ccts:Definition>An association to Allowances and Charges that apply to the Invoice as a whole.</ccts:Definition>
              <ccts:Cardinality>0..n</ccts:Cardinality>
              <ccts:ObjectClass>Invoice</ccts:ObjectClass>
              <ccts:PropertyTerm>Allowance Charge</ccts:PropertyTerm>
              <ccts:AssociatedObjectClass>Allowance Charge</ccts:AssociatedObjectClass>
            </ccts:Component>
          </xsd:documentation>
        </xsd:annotation>
      </xsd:element>
      <xsd:element ref="cac:TaxExchangeRate" minOccurs="0" maxOccurs="1">
        <xsd:annotation>
          <xsd:documentation>
            <ccts:Component>
              <ccts:ComponentType>ASBIE</ccts:ComponentType>
              <ccts:DictionaryEntryName>Invoice. Tax_ Exchange Rate. Exchange Rate</ccts:DictionaryEntryName>
              <ccts:Definition>An association to Exchange Rate between the Document Currency and the Tax Currency.</ccts:Definition>
              <ccts:Cardinality>0..1</ccts:Cardinality>
              <ccts:ObjectClass>Invoice</ccts:ObjectClass>
              <ccts:PropertyTermQualifier>Tax</ccts:PropertyTermQualifier>
              <ccts:PropertyTerm>Exchange Rate</ccts:PropertyTerm>
              <ccts:AssociatedObjectClass>Exchange Rate</ccts:AssociatedObjectClass>
            </ccts:Component>
          </xsd:documentation>
        </xsd:annotation>
      </xsd:element>
      <xsd:element ref="cac:PricingExchangeRate" minOccurs="0" maxOccurs="1">
        <xsd:annotation>
          <xsd:documentation>
            <ccts:Component>
              <ccts:ComponentType>ASBIE</ccts:ComponentType>
              <ccts:DictionaryEntryName>Invoice. Pricing_ Exchange Rate. Exchange Rate</ccts:DictionaryEntryName>
              <ccts:Definition>An association to Exchange Rate between the Document Currency and the Pricing Currency.</ccts:Definition>
              <ccts:Cardinality>0..1</ccts:Cardinality>
              <ccts:ObjectClass>Invoice</ccts:ObjectClass>
              <ccts:PropertyTermQualifier>Pricing</ccts:PropertyTermQualifier>
              <ccts:PropertyTerm>Exchange Rate</ccts:PropertyTerm>
              <ccts:AssociatedObjectClass>Exchange Rate</ccts:AssociatedObjectClass>
            </ccts:Component>
          </xsd:documentation>
        </xsd:annotation>
      </xsd:element>
      <xsd:element ref="cac:PaymentExchangeRate" minOccurs="0" maxOccurs="1">
        <xsd:annotation>
          <xsd:documentation>
            <ccts:Component>
              <ccts:ComponentType>ASBIE</ccts:ComponentType>
              <ccts:DictionaryEntryName>Invoice. Payment_ Exchange Rate. Exchange Rate</ccts:DictionaryEntryName>
              <ccts:Definition>An association to Exchange Rate between the Document Currency and the Payment Currency.</ccts:Definition>
              <ccts:Cardinality>0..1</ccts:Cardinality>
              <ccts:ObjectClass>Invoice</ccts:ObjectClass>
              <ccts:PropertyTermQualifier>Payment</ccts:PropertyTermQualifier>
              <ccts:PropertyTerm>Exchange Rate</ccts:PropertyTerm>
              <ccts:AssociatedObjectClass>Exchange Rate</ccts:AssociatedObjectClass>
            </ccts:Component>
          </xsd:documentation>
        </xsd:annotation>
      </xsd:element>
      <xsd:element ref="cac:PaymentAlternativeExchangeRate" minOccurs="0" maxOccurs="1">
        <xsd:annotation>
          <xsd:documentation>
            <ccts:Component>
              <ccts:ComponentType>ASBIE</ccts:ComponentType>
              <ccts:DictionaryEntryName>Invoice. Payment Alternative_ Exchange Rate. Exchange Rate</ccts:DictionaryEntryName>
              <ccts:Definition>An association to Exchange Rate between the Document Currency and the Payment Alternative Currency.</ccts:Definition>
              <ccts:Cardinality>0..1</ccts:Cardinality>
              <ccts:ObjectClass>Invoice</ccts:ObjectClass>
              <ccts:PropertyTermQualifier>Payment Alternative</ccts:PropertyTermQualifier>
              <ccts:PropertyTerm>Exchange Rate</ccts:PropertyTerm>
              <ccts:AssociatedObjectClass>Exchange Rate</ccts:AssociatedObjectClass>
            </ccts:Component>
          </xsd:documentation>
        </xsd:annotation>
      </xsd:element>
      <xsd:element ref="cac:TaxTotal" minOccurs="0" maxOccurs="unbounded">
        <xsd:annotation>
          <xsd:documentation>
            <ccts:Component>
              <ccts:ComponentType>ASBIE</ccts:ComponentType>
              <ccts:DictionaryEntryName>Invoice. Tax Total</ccts:DictionaryEntryName>
              <ccts:Definition>An association to tax total for specific tax types/rates.</ccts:Definition>
              <ccts:Cardinality>0..n</ccts:Cardinality>
              <ccts:ObjectClass>Invoice</ccts:ObjectClass>
              <ccts:PropertyTerm>Tax Total</ccts:PropertyTerm>
              <ccts:AssociatedObjectClass>Tax Total</ccts:AssociatedObjectClass>
            </ccts:Component>
          </xsd:documentation>
        </xsd:annotation>
      </xsd:element>
      <xsd:element ref="cac:LegalMonetaryTotal" minOccurs="1" maxOccurs="1">
        <xsd:annotation>
          <xsd:documentation>
            <ccts:Component>
              <ccts:ComponentType>ASBIE</ccts:ComponentType>
              <ccts:DictionaryEntryName>Invoice. Legal_ Monetary Total. Monetary Total</ccts:DictionaryEntryName>
              <ccts:Definition>An association to the total amount payable on the Invoice, including Allowances, Charges, and Taxes.</ccts:Definition>
              <ccts:Cardinality>1</ccts:Cardinality>
              <ccts:ObjectClass>Invoice</ccts:ObjectClass>
              <ccts:PropertyTermQualifier>Legal</ccts:PropertyTermQualifier>
              <ccts:PropertyTerm>Monetary Total</ccts:PropertyTerm>
              <ccts:AssociatedObjectClass>Monetary Total</ccts:AssociatedObjectClass>
            </ccts:Component>
          </xsd:documentation>
        </xsd:annotation>
      </xsd:element>
      <xsd:element ref="cac:InvoiceLine" minOccurs="1" maxOccurs="unbounded">
        <xsd:annotation>
          <xsd:documentation>
            <ccts:Component>
              <ccts:ComponentType>ASBIE</ccts:ComponentType>
              <ccts:DictionaryEntryName>Invoice. Invoice Line</ccts:DictionaryEntryName>
              <ccts:Definition>An association to one or more Invoice Lines.</ccts:Definition>
              <ccts:Cardinality>1..n</ccts:Cardinality>
              <ccts:ObjectClass>Invoice</ccts:ObjectClass>
              <ccts:PropertyTerm>Invoice Line</ccts:PropertyTerm>
              <ccts:AssociatedObjectClass>Invoice Line</ccts:AssociatedObjectClass>
            </ccts:Component>
          </xsd:documentation>
        </xsd:annotation>
      </xsd:element>
    </xsd:sequence>
  </xsd:complexType>
  <!--===== Element Declarations =====-->
  <!--===== Type Definitions =====-->
  <!--===== Basic Business Information Entity Type Definitions =====-->
</xsd:schema>
<!--===== Copyright Notice =====-->
<!--OASIS takes no position regarding the validity or scope of any 
  intellectual property or other rights that might be claimed to pertain 
  to the implementation or use of the technology described in this 
  document or the extent to which any license under such rights 
  might or might not be available; neither does it represent that it has 
  made any effort to identify any such rights. Information on OASIS's 
  procedures with respect to rights in OASIS specifications can be 
  found at the OASIS website. Copies of claims of rights made 
  available for publication and any assurances of licenses to be made 
  available, or the result of an attempt made to obtain a general 
  license or permission for the use of such proprietary rights by 
  implementors or users of this specification, can be obtained from 
  the OASIS Executive Director.

  OASIS invites any interested party to bring to its attention any 
  copyrights, patents or patent applications, or other proprietary 
  rights which may cover technology that may be required to 
  implement this specification. Please address the information to the 
  OASIS Executive Director.
  
  Copyright (C) OASIS Open 2001-2006. All Rights Reserved.

  This document and translations of it may be copied and furnished to 
  others, and derivative works that comment on or otherwise explain 
  it or assist in its implementation may be prepared, copied, 
  published and distributed, in whole or in part, without restriction of 
  any kind, provided that the above copyright notice and this 
  paragraph are included on all such copies and derivative works. 
  However, this document itself may not be modified in any way, 
  such as by removing the copyright notice or references to OASIS, 
  except as needed for the purpose of developing OASIS 
  specifications, in which case the procedures for copyrights defined 
  in the OASIS Intellectual Property Rights document must be 
  followed, or as required to translate it into languages other than 
  English. 

  The limited permissions granted above are perpetual and will not be 
  revoked by OASIS or its successors or assigns. 

  This document and the information contained herein is provided on 
  an "AS IS" basis and OASIS DISCLAIMS ALL WARRANTIES, 
  EXPRESS OR IMPLIED, INCLUDING BUT NOT LIMITED TO ANY 
  WARRANTY THAT THE USE OF THE INFORMATION HEREIN 
  WILL NOT INFRINGE ANY RIGHTS OR ANY IMPLIED 
  WARRANTIES OF MERCHANTABILITY OR FITNESS FOR A 
  PARTICULAR PURPOSE.-->]]></con:content><con:type>http://www.w3.org/2001/XMLSchema</con:type></con:part><con:part><con:url>file:/home/isr/git/parent/invoiceservice/InvoiceServiceRegistry/wsdl/invoiceService/1.0.0/invoice/UBL-CommonAggregateComponents-2.0.xsd</con:url><con:content><![CDATA[<!--Document Type:     CommonAggregateComponents
  Generated On:      Tue Oct 03 2:26:38 P3 2006-->
<!--===== xsd:schema Element With Namespaces Declarations =====-->
<xsd:schema targetNamespace="urn:oasis:names:specification:ubl:schema:xsd:CommonAggregateComponents-2" elementFormDefault="qualified" attributeFormDefault="unqualified" version="2.0" xmlns:xsd="http://www.w3.org/2001/XMLSchema" xmlns="urn:oasis:names:specification:ubl:schema:xsd:CommonAggregateComponents-2" xmlns:cbc="urn:oasis:names:specification:ubl:schema:xsd:CommonBasicComponents-2" xmlns:udt="urn:un:unece:uncefact:data:specification:UnqualifiedDataTypesSchemaModule:2" xmlns:ccts="urn:un:unece:uncefact:documentation:2" xmlns:qdt="urn:oasis:names:specification:ubl:schema:xsd:QualifiedDatatypes-2">
  <!--===== Imports =====-->
  <xsd:import namespace="urn:oasis:names:specification:ubl:schema:xsd:CommonBasicComponents-2" schemaLocation="UBL-CommonBasicComponents-2.0.xsd"/>
  <xsd:import namespace="urn:un:unece:uncefact:data:specification:UnqualifiedDataTypesSchemaModule:2" schemaLocation="UnqualifiedDataTypeSchemaModule-2.0.xsd"/>
  <xsd:import namespace="urn:oasis:names:specification:ubl:schema:xsd:QualifiedDatatypes-2" schemaLocation="UBL-QualifiedDatatypes-2.0.xsd"/>
  <!--===== Element Declarations =====-->
  <xsd:element name="AccessoryRelatedItem" type="RelatedItemType"/>
  <xsd:element name="AccountingContact" type="ContactType"/>
  <xsd:element name="AccountingCustomerParty" type="CustomerPartyType"/>
  <xsd:element name="AccountingSupplierParty" type="SupplierPartyType"/>
  <xsd:element name="ActualPackage" type="PackageType"/>
  <xsd:element name="AdditionalDocumentReference" type="DocumentReferenceType"/>
  <xsd:element name="AdditionalItemIdentification" type="ItemIdentificationType"/>
  <xsd:element name="AdditionalItemProperty" type="ItemPropertyType"/>
  <xsd:element name="AdditionalTemperature" type="TemperatureType"/>
  <xsd:element name="Address" type="AddressType"/>
  <xsd:element name="AddressLine" type="AddressLineType"/>
  <xsd:element name="AgentParty" type="PartyType"/>
  <xsd:element name="AirTransport" type="AirTransportType"/>
  <xsd:element name="AllowanceCharge" type="AllowanceChargeType"/>
  <xsd:element name="AlternativeConditionPrice" type="PriceType"/>
  <xsd:element name="AnticipatedMonetaryTotal" type="MonetaryTotalType"/>
  <xsd:element name="ApplicableAddress" type="AddressType"/>
  <xsd:element name="ApplicableTaxCategory" type="TaxCategoryType"/>
  <xsd:element name="ApplicableTerritoryAddress" type="AddressType"/>
  <xsd:element name="Attachment" type="AttachmentType"/>
  <xsd:element name="BillingReference" type="BillingReferenceType"/>
  <xsd:element name="BillingReferenceLine" type="BillingReferenceLineType"/>
  <xsd:element name="Branch" type="BranchType"/>
  <xsd:element name="BuyerContact" type="ContactType"/>
  <xsd:element name="BuyerCustomerParty" type="CustomerPartyType"/>
  <xsd:element name="BuyerProposedSubstituteLineItem" type="LineItemType"/>
  <xsd:element name="BuyersItemIdentification" type="ItemIdentificationType"/>
  <xsd:element name="CardAccount" type="CardAccountType"/>
  <xsd:element name="CarrierParty" type="PartyType"/>
  <xsd:element name="CatalogueDocumentReference" type="DocumentReferenceType"/>
  <xsd:element name="CatalogueItemIdentification" type="ItemIdentificationType"/>
  <xsd:element name="CatalogueItemSpecificationUpdateLine" type="CatalogueItemSpecificationUpdateLineType"/>
  <xsd:element name="CatalogueLine" type="CatalogueLineType"/>
  <xsd:element name="CatalogueLineReference" type="LineReferenceType"/>
  <xsd:element name="CataloguePricingUpdateLine" type="CataloguePricingUpdateLineType"/>
  <xsd:element name="CatalogueReference" type="CatalogueReferenceType"/>
  <xsd:element name="CatalogueRequestLine" type="CatalogueRequestLineType"/>
  <xsd:element name="CategorizesClassificationCategory" type="ClassificationCategoryType"/>
  <xsd:element name="CertificateOfOriginApplication" type="CertificateOfOriginApplicationType"/>
  <xsd:element name="ClassificationCategory" type="ClassificationCategoryType"/>
  <xsd:element name="ClassificationScheme" type="ClassificationSchemeType"/>
  <xsd:element name="ClassifiedTaxCategory" type="TaxCategoryType"/>
  <xsd:element name="CommodityClassification" type="CommodityClassificationType"/>
  <xsd:element name="Communication" type="CommunicationType"/>
  <xsd:element name="ComplementaryRelatedItem" type="RelatedItemType"/>
  <xsd:element name="ComponentRelatedItem" type="RelatedItemType"/>
  <xsd:element name="ConsigneeParty" type="PartyType"/>
  <xsd:element name="Consignment" type="ConsignmentType"/>
  <xsd:element name="ConsignorParty" type="PartyType"/>
  <xsd:element name="Contact" type="ContactType"/>
  <xsd:element name="ContactParty" type="PartyType"/>
  <xsd:element name="ContainedGoodsItem" type="GoodsItemType"/>
  <xsd:element name="ContainedPackage" type="PackageType"/>
  <xsd:element name="Contract" type="ContractType"/>
  <xsd:element name="ContractDocumentReference" type="DocumentReferenceType"/>
  <xsd:element name="ContractorCustomerParty" type="CustomerPartyType"/>
  <xsd:element name="CorporateRegistrationScheme" type="CorporateRegistrationSchemeType"/>
  <xsd:element name="Country" type="CountryType"/>
  <xsd:element name="CreditAccount" type="CreditAccountType"/>
  <xsd:element name="CreditNoteDocumentReference" type="DocumentReferenceType"/>
  <xsd:element name="CreditNoteLine" type="CreditNoteLineType"/>
  <xsd:element name="CurrentStatus" type="StatusType"/>
  <xsd:element name="CustomerParty" type="CustomerPartyType"/>
  <xsd:element name="DebitNoteDocumentReference" type="DocumentReferenceType"/>
  <xsd:element name="DebitNoteLine" type="DebitNoteLineType"/>
  <xsd:element name="DefaultLanguage" type="LanguageType"/>
  <xsd:element name="DeletedCatalogueReference" type="CatalogueReferenceType"/>
  <xsd:element name="Delivery" type="DeliveryType"/>
  <xsd:element name="DeliveryAddress" type="AddressType"/>
  <xsd:element name="DeliveryContact" type="ContactType"/>
  <xsd:element name="DeliveryCustomerParty" type="CustomerPartyType"/>
  <xsd:element name="DeliveryLocation" type="LocationType"/>
  <xsd:element name="DeliveryParty" type="PartyType"/>
  <xsd:element name="DeliveryTerms" type="DeliveryTermsType"/>
  <xsd:element name="DeliveryUnit" type="DeliveryUnitType"/>
  <xsd:element name="Despatch" type="DespatchType"/>
  <xsd:element name="DespatchAddress" type="AddressType"/>
  <xsd:element name="DespatchContact" type="ContactType"/>
  <xsd:element name="DespatchDocumentReference" type="DocumentReferenceType"/>
  <xsd:element name="DespatchLine" type="DespatchLineType"/>
  <xsd:element name="DespatchLineReference" type="LineReferenceType"/>
  <xsd:element name="DespatchParty" type="PartyType"/>
  <xsd:element name="DespatchSupplierParty" type="SupplierPartyType"/>
  <xsd:element name="DestinationCountry" type="CountryType"/>
  <xsd:element name="DigitalSignatureAttachment" type="AttachmentType"/>
  <xsd:element name="Dimension" type="DimensionType"/>
  <xsd:element name="DiscrepancyResponse" type="ResponseType"/>
  <xsd:element name="DocumentDistribution" type="DocumentDistributionType"/>
  <xsd:element name="DocumentReference" type="DocumentReferenceType"/>
  <xsd:element name="DocumentResponse" type="DocumentResponseType"/>
  <xsd:element name="EmbassyEndorsement" type="EndorsementType"/>
  <xsd:element name="EmergencyTemperature" type="TemperatureType"/>
  <xsd:element name="Endorsement" type="EndorsementType"/>
  <xsd:element name="EndorserParty" type="EndorserPartyType"/>
  <xsd:element name="EstimatedDeliveryPeriod" type="PeriodType"/>
  <xsd:element name="ExchangeRate" type="ExchangeRateType"/>
  <xsd:element name="ExportCountry" type="CountryType"/>
  <xsd:element name="ExporterParty" type="PartyType"/>
  <xsd:element name="ExternalReference" type="ExternalReferenceType"/>
  <xsd:element name="FinalDeliveryParty" type="PartyType"/>
  <xsd:element name="FinalDeliveryTransportationService" type="TransportationServiceType"/>
  <xsd:element name="FinalDestinationCountry" type="CountryType"/>
  <xsd:element name="FinancialAccount" type="FinancialAccountType"/>
  <xsd:element name="FinancialInstitution" type="FinancialInstitutionType"/>
  <xsd:element name="FinancialInstitutionBranch" type="BranchType"/>
  <xsd:element name="FirstArrivalPortLocation" type="LocationType"/>
  <xsd:element name="FlashpointTemperature" type="TemperatureType"/>
  <xsd:element name="ForeignExchangeContract" type="ContractType"/>
  <xsd:element name="FreightAllowanceCharge" type="AllowanceChargeType"/>
  <xsd:element name="FreightForwarderParty" type="PartyType"/>
  <xsd:element name="GoodsItem" type="GoodsItemType"/>
  <xsd:element name="GoodsItemContainer" type="GoodsItemContainerType"/>
  <xsd:element name="HandlingUnitDespatchLine" type="DespatchLineType"/>
  <xsd:element name="HazardousGoodsTransit" type="HazardousGoodsTransitType"/>
  <xsd:element name="HazardousItem" type="HazardousItemType"/>
  <xsd:element name="ImporterParty" type="PartyType"/>
  <xsd:element name="InformationContentProviderParty" type="PartyType"/>
  <xsd:element name="InsuranceEndorsement" type="EndorsementType"/>
  <xsd:element name="InvoiceDocumentReference" type="DocumentReferenceType"/>
  <xsd:element name="InvoiceLine" type="InvoiceLineType"/>
  <xsd:element name="InvoicePeriod" type="PeriodType"/>
  <xsd:element name="IssuerEndorsement" type="EndorsementType"/>
  <xsd:element name="IssuerParty" type="PartyType"/>
  <xsd:element name="IssuingCountry" type="CountryType"/>
  <xsd:element name="Item" type="ItemType"/>
  <xsd:element name="ItemComparison" type="ItemComparisonType"/>
  <xsd:element name="ItemIdentification" type="ItemIdentificationType"/>
  <xsd:element name="ItemInstance" type="ItemInstanceType"/>
  <xsd:element name="ItemLocationQuantity" type="ItemLocationQuantityType"/>
  <xsd:element name="ItemProperty" type="ItemPropertyType"/>
  <xsd:element name="ItemPropertyGroup" type="ItemPropertyGroupType"/>
  <xsd:element name="ItemSpecificationDocumentReference" type="DocumentReferenceType"/>
  <xsd:element name="JurisdictionRegionAddress" type="AddressType"/>
  <xsd:element name="Language" type="LanguageType"/>
  <xsd:element name="LastExitPortLocation" type="LocationType"/>
  <xsd:element name="LegalMonetaryTotal" type="MonetaryTotalType"/>
  <xsd:element name="LineItem" type="LineItemType"/>
  <xsd:element name="LineReference" type="LineReferenceType"/>
  <xsd:element name="LineResponse" type="LineResponseType"/>
  <xsd:element name="LineValidityPeriod" type="PeriodType"/>
  <xsd:element name="LoadingLocation" type="LocationType"/>
  <xsd:element name="LoadingPortLocation" type="LocationType"/>
  <xsd:element name="LoadingProofParty" type="PartyType"/>
  <xsd:element name="Location" type="LocationType"/>
  <xsd:element name="LocationCoordinate" type="LocationCoordinateType"/>
  <xsd:element name="LotIdentification" type="LotIdentificationType"/>
  <xsd:element name="ManufacturerParty" type="PartyType"/>
  <xsd:element name="ManufacturersItemIdentification" type="ItemIdentificationType"/>
  <xsd:element name="MaritimeTransport" type="MaritimeTransportType"/>
  <xsd:element name="MaximumTemperature" type="TemperatureType"/>
  <xsd:element name="MeasurementDimension" type="DimensionType"/>
  <xsd:element name="MinimumTemperature" type="TemperatureType"/>
  <xsd:element name="MonetaryTotal" type="MonetaryTotalType"/>
  <xsd:element name="NotifyParty" type="PartyType"/>
  <xsd:element name="OrderDocumentReference" type="DocumentReferenceType"/>
  <xsd:element name="OrderedShipment" type="OrderedShipmentType"/>
  <xsd:element name="OrderLine" type="OrderLineType"/>
  <xsd:element name="OrderLineReference" type="OrderLineReferenceType"/>
  <xsd:element name="OrderReference" type="OrderReferenceType"/>
  <xsd:element name="OriginAddress" type="AddressType"/>
  <xsd:element name="OriginalDepartureCountry" type="CountryType"/>
  <xsd:element name="OriginalDespatchParty" type="PartyType"/>
  <xsd:element name="OriginalDespatchTransportationService" type="TransportationServiceType"/>
  <xsd:element name="OriginalDocumentReference" type="DocumentReferenceType"/>
  <xsd:element name="OriginalItemLocationQuantity" type="ItemLocationQuantityType"/>
  <xsd:element name="OriginatorCustomerParty" type="CustomerPartyType"/>
  <xsd:element name="OriginatorDocumentReference" type="DocumentReferenceType"/>
  <xsd:element name="OriginatorParty" type="PartyType"/>
  <xsd:element name="OriginCountry" type="CountryType"/>
  <xsd:element name="OtherCommunication" type="CommunicationType"/>
  <xsd:element name="OwnerParty" type="PartyType"/>
  <xsd:element name="Package" type="PackageType"/>
  <xsd:element name="Party" type="PartyType"/>
  <xsd:element name="PartyIdentification" type="PartyIdentificationType"/>
  <xsd:element name="PartyLegalEntity" type="PartyLegalEntityType"/>
  <xsd:element name="PartyName" type="PartyNameType"/>
  <xsd:element name="PartyTaxScheme" type="PartyTaxSchemeType"/>
  <xsd:element name="PayeeFinancialAccount" type="FinancialAccountType"/>
  <xsd:element name="PayeeParty" type="PartyType"/>
  <xsd:element name="PayerFinancialAccount" type="FinancialAccountType"/>
  <xsd:element name="Payment" type="PaymentType"/>
  <xsd:element name="PaymentAlternativeExchangeRate" type="ExchangeRateType"/>
  <xsd:element name="PaymentExchangeRate" type="ExchangeRateType"/>
  <xsd:element name="PaymentMeans" type="PaymentMeansType"/>
  <xsd:element name="PaymentTerms" type="PaymentTermsType"/>
  <xsd:element name="PenaltyPeriod" type="PeriodType"/>
  <xsd:element name="Period" type="PeriodType"/>
  <xsd:element name="Person" type="PersonType"/>
  <xsd:element name="PhysicalAttribute" type="PhysicalAttributeType"/>
  <xsd:element name="PhysicalLocation" type="LocationType"/>
  <xsd:element name="PostalAddress" type="AddressType"/>
  <xsd:element name="PrepaidPayment" type="PaymentType"/>
  <xsd:element name="PreparationParty" type="PartyType"/>
  <xsd:element name="PreviousPriceList" type="PriceListType"/>
  <xsd:element name="Price" type="PriceType"/>
  <xsd:element name="PriceList" type="PriceListType"/>
  <xsd:element name="PricingExchangeRate" type="ExchangeRateType"/>
  <xsd:element name="PricingReference" type="PricingReferenceType"/>
  <xsd:element name="PromisedDeliveryPeriod" type="PeriodType"/>
  <xsd:element name="ProviderParty" type="PartyType"/>
  <xsd:element name="QuotationDocumentReference" type="DocumentReferenceType"/>
  <xsd:element name="QuotationLine" type="QuotationLineType"/>
  <xsd:element name="QuotationLineReference" type="LineReferenceType"/>
  <xsd:element name="QuotedMonetaryTotal" type="MonetaryTotalType"/>
  <xsd:element name="RailTransport" type="RailTransportType"/>
  <xsd:element name="ReceiptDocumentReference" type="DocumentReferenceType"/>
  <xsd:element name="ReceiptLine" type="ReceiptLineType"/>
  <xsd:element name="ReceiptLineReference" type="LineReferenceType"/>
  <xsd:element name="ReceivedHandlingUnitReceiptLine" type="ReceiptLineType"/>
  <xsd:element name="ReceiverParty" type="PartyType"/>
  <xsd:element name="RecipientParty" type="PartyType"/>
  <xsd:element name="ReferencedContract" type="ContractType"/>
  <xsd:element name="RegistrationAddress" type="AddressType"/>
  <xsd:element name="RelatedCatalogueReference" type="CatalogueReferenceType"/>
  <xsd:element name="RelatedItem" type="RelatedItemType"/>
  <xsd:element name="ReminderDocumentReference" type="DocumentReferenceType"/>
  <xsd:element name="ReminderLine" type="ReminderLineType"/>
  <xsd:element name="ReminderPeriod" type="PeriodType"/>
  <xsd:element name="RemittanceAdviceLine" type="RemittanceAdviceLineType"/>
  <xsd:element name="ReplacementRelatedItem" type="RelatedItemType"/>
  <xsd:element name="ReportedShipment" type="ShipmentType"/>
  <xsd:element name="RequestedCatalogueReference" type="CatalogueReferenceType"/>
  <xsd:element name="RequestedClassificationScheme" type="ClassificationSchemeType"/>
  <xsd:element name="RequestedDeliveryPeriod" type="PeriodType"/>
  <xsd:element name="RequestedLanguage" type="LanguageType"/>
  <xsd:element name="RequestedMonetaryTotal" type="MonetaryTotalType"/>
  <xsd:element name="RequestForQuotationDocumentReference" type="DocumentReferenceType"/>
  <xsd:element name="RequestForQuotationLine" type="RequestForQuotationLineType"/>
  <xsd:element name="RequiredItemLocationQuantity" type="ItemLocationQuantityType"/>
  <xsd:element name="RequiredRelatedItem" type="RelatedItemType"/>
  <xsd:element name="Response" type="ResponseType"/>
  <xsd:element name="RoadTransport" type="RoadTransportType"/>
  <xsd:element name="SecondaryHazard" type="SecondaryHazardType"/>
  <xsd:element name="SelfBilledCreditNoteDocumentReference" type="DocumentReferenceType"/>
  <xsd:element name="SelfBilledInvoiceDocumentReference" type="DocumentReferenceType"/>
  <xsd:element name="SellerContact" type="ContactType"/>
  <xsd:element name="SellerProposedSubstituteLineItem" type="LineItemType"/>
  <xsd:element name="SellersItemIdentification" type="ItemIdentificationType"/>
  <xsd:element name="SellerSubstitutedLineItem" type="LineItemType"/>
  <xsd:element name="SellerSupplierParty" type="SupplierPartyType"/>
  <xsd:element name="SenderParty" type="PartyType"/>
  <xsd:element name="SettlementPeriod" type="PeriodType"/>
  <xsd:element name="Shipment" type="ShipmentType"/>
  <xsd:element name="ShipmentStage" type="ShipmentStageType"/>
  <xsd:element name="SignatoryContact" type="ContactType"/>
  <xsd:element name="SignatoryParty" type="PartyType"/>
  <xsd:element name="Signature" type="SignatureType"/>
  <xsd:element name="StandardItemIdentification" type="ItemIdentificationType"/>
  <xsd:element name="StatementDocumentReference" type="DocumentReferenceType"/>
  <xsd:element name="StatementLine" type="StatementLineType"/>
  <xsd:element name="StatementPeriod" type="PeriodType"/>
  <xsd:element name="Status" type="StatusType"/>
  <xsd:element name="Stowage" type="StowageType"/>
  <xsd:element name="SupplierParty" type="SupplierPartyType"/>
  <xsd:element name="SupportingDocumentReference" type="DocumentReferenceType"/>
  <xsd:element name="TaxCategory" type="TaxCategoryType"/>
  <xsd:element name="TaxExchangeRate" type="ExchangeRateType"/>
  <xsd:element name="TaxRepresentativeParty" type="PartyType"/>
  <xsd:element name="TaxScheme" type="TaxSchemeType"/>
  <xsd:element name="TaxSubtotal" type="TaxSubtotalType"/>
  <xsd:element name="TaxTotal" type="TaxTotalType"/>
  <xsd:element name="Temperature" type="TemperatureType"/>
  <xsd:element name="TradingTerms" type="TradingTermsType"/>
  <xsd:element name="TransactionConditions" type="TransactionConditionsType"/>
  <xsd:element name="TransitCountry" type="CountryType"/>
  <xsd:element name="TransitPeriod" type="PeriodType"/>
  <xsd:element name="TransportationService" type="TransportationServiceType"/>
  <xsd:element name="TransportContract" type="ContractType"/>
  <xsd:element name="TransportEquipment" type="TransportEquipmentType"/>
  <xsd:element name="TransportEquipmentSeal" type="TransportEquipmentSealType"/>
  <xsd:element name="TransportEvent" type="TransportEventType"/>
  <xsd:element name="TransportHandlingUnit" type="TransportHandlingUnitType"/>
  <xsd:element name="TransportMeans" type="TransportMeansType"/>
  <xsd:element name="TransshipPortLocation" type="LocationType"/>
  <xsd:element name="UnloadingPortLocation" type="LocationType"/>
  <xsd:element name="UsabilityPeriod" type="PeriodType"/>
  <xsd:element name="ValidityPeriod" type="PeriodType"/>
  <xsd:element name="WarrantyParty" type="PartyType"/>
  <xsd:element name="WarrantyValidityPeriod" type="PeriodType"/>
  <!--===== Type Definitions =====-->
  <!--===== Aggregate Business Information Entity Type Definitions =====-->
  <xsd:complexType name="AddressType">
    <xsd:annotation>
      <xsd:documentation>
        <ccts:Component>
          <ccts:ComponentType>ABIE</ccts:ComponentType>
          <ccts:DictionaryEntryName>Address. Details</ccts:DictionaryEntryName>
          <ccts:Definition>Information about a structured address.</ccts:Definition>
          <ccts:ObjectClass>Address</ccts:ObjectClass>
        </ccts:Component>
      </xsd:documentation>
    </xsd:annotation>
    <xsd:sequence>
      <xsd:element ref="cbc:ID" minOccurs="0" maxOccurs="1">
        <xsd:annotation>
          <xsd:documentation>
            <ccts:Component>
              <ccts:ComponentType>BBIE</ccts:ComponentType>
              <ccts:DictionaryEntryName>Address. Identifier</ccts:DictionaryEntryName>
              <ccts:Definition>An identifier for a specific address within a scheme of registered addresses.</ccts:Definition>
              <ccts:Cardinality>0..1</ccts:Cardinality>
              <ccts:ObjectClass>Address</ccts:ObjectClass>
              <ccts:PropertyTerm>Identifier</ccts:PropertyTerm>
              <ccts:RepresentationTerm>Identifier</ccts:RepresentationTerm>
              <ccts:DataType>Identifier. Type</ccts:DataType>
              <ccts:AlternativeBusinessTerms>DetailsKey</ccts:AlternativeBusinessTerms>
            </ccts:Component>
          </xsd:documentation>
        </xsd:annotation>
      </xsd:element>
      <xsd:element ref="cbc:AddressTypeCode" minOccurs="0" maxOccurs="1">
        <xsd:annotation>
          <xsd:documentation>
            <ccts:Component>
              <ccts:ComponentType>BBIE</ccts:ComponentType>
              <ccts:DictionaryEntryName>Address. Address Type Code. Code</ccts:DictionaryEntryName>
              <ccts:Definition>A code specifying the type of this address, such as business address or home address.</ccts:Definition>
              <ccts:Cardinality>0..1</ccts:Cardinality>
              <ccts:ObjectClass>Address</ccts:ObjectClass>
              <ccts:PropertyTerm>Address Type Code</ccts:PropertyTerm>
              <ccts:RepresentationTerm>Code</ccts:RepresentationTerm>
              <ccts:DataType>Code. Type</ccts:DataType>
            </ccts:Component>
          </xsd:documentation>
        </xsd:annotation>
      </xsd:element>
      <xsd:element ref="cbc:AddressFormatCode" minOccurs="0" maxOccurs="1">
        <xsd:annotation>
          <xsd:documentation>
            <ccts:Component>
              <ccts:ComponentType>BBIE</ccts:ComponentType>
              <ccts:DictionaryEntryName>Address. Address Format Code. Code</ccts:DictionaryEntryName>
              <ccts:Definition>A code specifying the format of this address.</ccts:Definition>
              <ccts:Cardinality>0..1</ccts:Cardinality>
              <ccts:ObjectClass>Address</ccts:ObjectClass>
              <ccts:PropertyTerm>Address Format Code</ccts:PropertyTerm>
              <ccts:RepresentationTerm>Code</ccts:RepresentationTerm>
              <ccts:DataType>Code. Type</ccts:DataType>
            </ccts:Component>
          </xsd:documentation>
        </xsd:annotation>
      </xsd:element>
      <xsd:element ref="cbc:Postbox" minOccurs="0" maxOccurs="1">
        <xsd:annotation>
          <xsd:documentation>
            <ccts:Component>
              <ccts:ComponentType>BBIE</ccts:ComponentType>
              <ccts:DictionaryEntryName>Address. Postbox. Text</ccts:DictionaryEntryName>
              <ccts:Definition>A post office box number.</ccts:Definition>
              <ccts:Cardinality>0..1</ccts:Cardinality>
              <ccts:ObjectClass>Address</ccts:ObjectClass>
              <ccts:PropertyTerm>Postbox</ccts:PropertyTerm>
              <ccts:RepresentationTerm>Text</ccts:RepresentationTerm>
              <ccts:DataType>Text. Type</ccts:DataType>
              <ccts:AlternativeBusinessTerms>PostBox, PO Box</ccts:AlternativeBusinessTerms>
              <ccts:Examples>"123"</ccts:Examples>
            </ccts:Component>
          </xsd:documentation>
        </xsd:annotation>
      </xsd:element>
      <xsd:element ref="cbc:Floor" minOccurs="0" maxOccurs="1">
        <xsd:annotation>
          <xsd:documentation>
            <ccts:Component>
              <ccts:ComponentType>BBIE</ccts:ComponentType>
              <ccts:DictionaryEntryName>Address. Floor. Text</ccts:DictionaryEntryName>
              <ccts:Definition>An addressable floor of a building.</ccts:Definition>
              <ccts:Cardinality>0..1</ccts:Cardinality>
              <ccts:ObjectClass>Address</ccts:ObjectClass>
              <ccts:PropertyTerm>Floor</ccts:PropertyTerm>
              <ccts:RepresentationTerm>Text</ccts:RepresentationTerm>
              <ccts:DataType>Text. Type</ccts:DataType>
              <ccts:AlternativeBusinessTerms>SubPremiseNumber</ccts:AlternativeBusinessTerms>
              <ccts:Examples>"30"</ccts:Examples>
            </ccts:Component>
          </xsd:documentation>
        </xsd:annotation>
      </xsd:element>
      <xsd:element ref="cbc:Room" minOccurs="0" maxOccurs="1">
        <xsd:annotation>
          <xsd:documentation>
            <ccts:Component>
              <ccts:ComponentType>BBIE</ccts:ComponentType>
              <ccts:DictionaryEntryName>Address. Room. Text</ccts:DictionaryEntryName>
              <ccts:Definition>A room, suite, or apartment of a building.</ccts:Definition>
              <ccts:Cardinality>0..1</ccts:Cardinality>
              <ccts:ObjectClass>Address</ccts:ObjectClass>
              <ccts:PropertyTerm>Room</ccts:PropertyTerm>
              <ccts:RepresentationTerm>Text</ccts:RepresentationTerm>
              <ccts:DataType>Text. Type</ccts:DataType>
              <ccts:AlternativeBusinessTerms>SubPremiseNumber</ccts:AlternativeBusinessTerms>
              <ccts:Examples>"Reception"</ccts:Examples>
            </ccts:Component>
          </xsd:documentation>
        </xsd:annotation>
      </xsd:element>
      <xsd:element ref="cbc:StreetName" minOccurs="0" maxOccurs="1">
        <xsd:annotation>
          <xsd:documentation>
            <ccts:Component>
              <ccts:ComponentType>BBIE</ccts:ComponentType>
              <ccts:DictionaryEntryName>Address. Street Name. Name</ccts:DictionaryEntryName>
              <ccts:Definition>The name of a street.</ccts:Definition>
              <ccts:Cardinality>0..1</ccts:Cardinality>
              <ccts:ObjectClass>Address</ccts:ObjectClass>
              <ccts:PropertyTerm>Street Name</ccts:PropertyTerm>
              <ccts:RepresentationTerm>Name</ccts:RepresentationTerm>
              <ccts:DataType>Name. Type</ccts:DataType>
              <ccts:AlternativeBusinessTerms>Thoroughfare</ccts:AlternativeBusinessTerms>
              <ccts:Examples>"Kwun Tong Road"</ccts:Examples>
            </ccts:Component>
          </xsd:documentation>
        </xsd:annotation>
      </xsd:element>
      <xsd:element ref="cbc:AdditionalStreetName" minOccurs="0" maxOccurs="1">
        <xsd:annotation>
          <xsd:documentation>
            <ccts:Component>
              <ccts:ComponentType>BBIE</ccts:ComponentType>
              <ccts:DictionaryEntryName>Address. Additional_ Street Name. Name</ccts:DictionaryEntryName>
              <ccts:Definition>An additional name of a street used to further specify the street name.</ccts:Definition>
              <ccts:Cardinality>0..1</ccts:Cardinality>
              <ccts:ObjectClass>Address</ccts:ObjectClass>
              <ccts:PropertyTermQualifier>Additional</ccts:PropertyTermQualifier>
              <ccts:PropertyTerm>Street Name</ccts:PropertyTerm>
              <ccts:RepresentationTerm>Name</ccts:RepresentationTerm>
              <ccts:DataType>Name. Type</ccts:DataType>
              <ccts:AlternativeBusinessTerms>Thoroughfare</ccts:AlternativeBusinessTerms>
              <ccts:Examples>"Cnr Aberdeen Road"</ccts:Examples>
            </ccts:Component>
          </xsd:documentation>
        </xsd:annotation>
      </xsd:element>
      <xsd:element ref="cbc:BlockName" minOccurs="0" maxOccurs="1">
        <xsd:annotation>
          <xsd:documentation>
            <ccts:Component>
              <ccts:ComponentType>BBIE</ccts:ComponentType>
              <ccts:DictionaryEntryName>Address. Block Name. Name</ccts:DictionaryEntryName>
              <ccts:Definition>The block name, expressed as text, for an area surrounded by streets and usually containing several buildings for this address.</ccts:Definition>
              <ccts:Cardinality>0..1</ccts:Cardinality>
              <ccts:ObjectClass>Address</ccts:ObjectClass>
              <ccts:PropertyTerm>Block Name</ccts:PropertyTerm>
              <ccts:RepresentationTerm>Name</ccts:RepresentationTerm>
              <ccts:DataType>Name. Type</ccts:DataType>
              <ccts:Examples>Seabird</ccts:Examples>
            </ccts:Component>
          </xsd:documentation>
        </xsd:annotation>
      </xsd:element>
      <xsd:element ref="cbc:BuildingName" minOccurs="0" maxOccurs="1">
        <xsd:annotation>
          <xsd:documentation>
            <ccts:Component>
              <ccts:ComponentType>BBIE</ccts:ComponentType>
              <ccts:DictionaryEntryName>Address. Building Name. Name</ccts:DictionaryEntryName>
              <ccts:Definition>The name of a building.</ccts:Definition>
              <ccts:Cardinality>0..1</ccts:Cardinality>
              <ccts:ObjectClass>Address</ccts:ObjectClass>
              <ccts:PropertyTerm>Building Name</ccts:PropertyTerm>
              <ccts:RepresentationTerm>Name</ccts:RepresentationTerm>
              <ccts:DataType>Name. Type</ccts:DataType>
              <ccts:AlternativeBusinessTerms>BuildingName</ccts:AlternativeBusinessTerms>
              <ccts:Examples>"Plot 421"</ccts:Examples>
            </ccts:Component>
          </xsd:documentation>
        </xsd:annotation>
      </xsd:element>
      <xsd:element ref="cbc:BuildingNumber" minOccurs="0" maxOccurs="1">
        <xsd:annotation>
          <xsd:documentation>
            <ccts:Component>
              <ccts:ComponentType>BBIE</ccts:ComponentType>
              <ccts:DictionaryEntryName>Address. Building Number. Text</ccts:DictionaryEntryName>
              <ccts:Definition>The number of a building.</ccts:Definition>
              <ccts:Cardinality>0..1</ccts:Cardinality>
              <ccts:ObjectClass>Address</ccts:ObjectClass>
              <ccts:PropertyTerm>Building Number</ccts:PropertyTerm>
              <ccts:RepresentationTerm>Text</ccts:RepresentationTerm>
              <ccts:DataType>Text. Type</ccts:DataType>
              <ccts:AlternativeBusinessTerms>PremiseNumber</ccts:AlternativeBusinessTerms>
              <ccts:Examples>"388"</ccts:Examples>
            </ccts:Component>
          </xsd:documentation>
        </xsd:annotation>
      </xsd:element>
      <xsd:element ref="cbc:InhouseMail" minOccurs="0" maxOccurs="1">
        <xsd:annotation>
          <xsd:documentation>
            <ccts:Component>
              <ccts:ComponentType>BBIE</ccts:ComponentType>
              <ccts:DictionaryEntryName>Address. Inhouse_ Mail. Text</ccts:DictionaryEntryName>
              <ccts:Definition>A specific location within a building.</ccts:Definition>
              <ccts:Cardinality>0..1</ccts:Cardinality>
              <ccts:ObjectClass>Address</ccts:ObjectClass>
              <ccts:PropertyTermQualifier>Inhouse</ccts:PropertyTermQualifier>
              <ccts:PropertyTerm>Mail</ccts:PropertyTerm>
              <ccts:RepresentationTerm>Text</ccts:RepresentationTerm>
              <ccts:DataType>Text. Type</ccts:DataType>
              <ccts:AlternativeBusinessTerms>MailStop</ccts:AlternativeBusinessTerms>
            </ccts:Component>
          </xsd:documentation>
        </xsd:annotation>
      </xsd:element>
      <xsd:element ref="cbc:Department" minOccurs="0" maxOccurs="1">
        <xsd:annotation>
          <xsd:documentation>
            <ccts:Component>
              <ccts:ComponentType>BBIE</ccts:ComponentType>
              <ccts:DictionaryEntryName>Address. Department. Text</ccts:DictionaryEntryName>
              <ccts:Definition>An addressable department of an organization.</ccts:Definition>
              <ccts:Cardinality>0..1</ccts:Cardinality>
              <ccts:ObjectClass>Address</ccts:ObjectClass>
              <ccts:PropertyTerm>Department</ccts:PropertyTerm>
              <ccts:RepresentationTerm>Text</ccts:RepresentationTerm>
              <ccts:DataType>Text. Type</ccts:DataType>
              <ccts:AlternativeBusinessTerms>Department</ccts:AlternativeBusinessTerms>
              <ccts:Examples>"Accounts Payable"</ccts:Examples>
            </ccts:Component>
          </xsd:documentation>
        </xsd:annotation>
      </xsd:element>
      <xsd:element ref="cbc:MarkAttention" minOccurs="0" maxOccurs="1">
        <xsd:annotation>
          <xsd:documentation>
            <ccts:Component>
              <ccts:ComponentType>BBIE</ccts:ComponentType>
              <ccts:DictionaryEntryName>Address. Mark Attention. Text</ccts:DictionaryEntryName>
              <ccts:Definition>The name, expressed as text, of a person or department in the organization to whom incoming mail is marked with words such as 'for the attention of' or 'FAO' or 'ATTN' for this address.</ccts:Definition>
              <ccts:Cardinality>0..1</ccts:Cardinality>
              <ccts:ObjectClass>Address</ccts:ObjectClass>
              <ccts:PropertyTerm>Mark Attention</ccts:PropertyTerm>
              <ccts:RepresentationTerm>Text</ccts:RepresentationTerm>
              <ccts:DataType>Text. Type</ccts:DataType>
            </ccts:Component>
          </xsd:documentation>
        </xsd:annotation>
      </xsd:element>
      <xsd:element ref="cbc:MarkCare" minOccurs="0" maxOccurs="1">
        <xsd:annotation>
          <xsd:documentation>
            <ccts:Component>
              <ccts:ComponentType>BBIE</ccts:ComponentType>
              <ccts:DictionaryEntryName>Address. Mark Care. Text</ccts:DictionaryEntryName>
              <ccts:Definition>The name, expressed as text, of a person or organization at this address to whom incoming mail is marked with words such as 'care of' or 'C/O'.</ccts:Definition>
              <ccts:Cardinality>0..1</ccts:Cardinality>
              <ccts:ObjectClass>Address</ccts:ObjectClass>
              <ccts:PropertyTerm>Mark Care</ccts:PropertyTerm>
              <ccts:RepresentationTerm>Text</ccts:RepresentationTerm>
              <ccts:DataType>Text. Type</ccts:DataType>
            </ccts:Component>
          </xsd:documentation>
        </xsd:annotation>
      </xsd:element>
      <xsd:element ref="cbc:PlotIdentification" minOccurs="0" maxOccurs="1">
        <xsd:annotation>
          <xsd:documentation>
            <ccts:Component>
              <ccts:ComponentType>BBIE</ccts:ComponentType>
              <ccts:DictionaryEntryName>Address. Plot Identification. Text</ccts:DictionaryEntryName>
              <ccts:Definition>The textual expression of the unique identifier for the piece of land on which this address is located such as a plot number.</ccts:Definition>
              <ccts:Cardinality>0..1</ccts:Cardinality>
              <ccts:ObjectClass>Address</ccts:ObjectClass>
              <ccts:PropertyTerm>Plot Identification</ccts:PropertyTerm>
              <ccts:RepresentationTerm>Text</ccts:RepresentationTerm>
              <ccts:DataType>Text. Type</ccts:DataType>
            </ccts:Component>
          </xsd:documentation>
        </xsd:annotation>
      </xsd:element>
      <xsd:element ref="cbc:CitySubdivisionName" minOccurs="0" maxOccurs="1">
        <xsd:annotation>
          <xsd:documentation>
            <ccts:Component>
              <ccts:ComponentType>BBIE</ccts:ComponentType>
              <ccts:DictionaryEntryName>Address. City Subdivision Name. Name</ccts:DictionaryEntryName>
              <ccts:Definition>A name, expressed as text, of a subdivision of a city for this address, for example, a district or borough.</ccts:Definition>
              <ccts:Cardinality>0..1</ccts:Cardinality>
              <ccts:ObjectClass>Address</ccts:ObjectClass>
              <ccts:PropertyTerm>City Subdivision Name</ccts:PropertyTerm>
              <ccts:RepresentationTerm>Name</ccts:RepresentationTerm>
              <ccts:DataType>Name. Type</ccts:DataType>
            </ccts:Component>
          </xsd:documentation>
        </xsd:annotation>
      </xsd:element>
      <xsd:element ref="cbc:CityName" minOccurs="0" maxOccurs="1">
        <xsd:annotation>
          <xsd:documentation>
            <ccts:Component>
              <ccts:ComponentType>BBIE</ccts:ComponentType>
              <ccts:DictionaryEntryName>Address. City Name. Name</ccts:DictionaryEntryName>
              <ccts:Definition>The name of a city, town, or village.</ccts:Definition>
              <ccts:Cardinality>0..1</ccts:Cardinality>
              <ccts:ObjectClass>Address</ccts:ObjectClass>
              <ccts:PropertyTerm>City Name</ccts:PropertyTerm>
              <ccts:RepresentationTerm>Name</ccts:RepresentationTerm>
              <ccts:DataType>Name. Type</ccts:DataType>
              <ccts:AlternativeBusinessTerms>LocalityName</ccts:AlternativeBusinessTerms>
              <ccts:Examples>"Hong Kong"</ccts:Examples>
            </ccts:Component>
          </xsd:documentation>
        </xsd:annotation>
      </xsd:element>
      <xsd:element ref="cbc:PostalZone" minOccurs="0" maxOccurs="1">
        <xsd:annotation>
          <xsd:documentation>
            <ccts:Component>
              <ccts:ComponentType>BBIE</ccts:ComponentType>
              <ccts:DictionaryEntryName>Address. Postal_ Zone. Text</ccts:DictionaryEntryName>
              <ccts:Definition>The identifier for an addressable group of properties according to the relevant national postal service, such as a ZIP code or Post Code.</ccts:Definition>
              <ccts:Cardinality>0..1</ccts:Cardinality>
              <ccts:ObjectClass>Address</ccts:ObjectClass>
              <ccts:PropertyTermQualifier>Postal</ccts:PropertyTermQualifier>
              <ccts:PropertyTerm>Zone</ccts:PropertyTerm>
              <ccts:RepresentationTerm>Text</ccts:RepresentationTerm>
              <ccts:DataType>Text. Type</ccts:DataType>
              <ccts:AlternativeBusinessTerms>PostalCodeNumber</ccts:AlternativeBusinessTerms>
              <ccts:Examples>"SW11 4EW" "2500 GG"</ccts:Examples>
            </ccts:Component>
          </xsd:documentation>
        </xsd:annotation>
      </xsd:element>
      <xsd:element ref="cbc:CountrySubentity" minOccurs="0" maxOccurs="1">
        <xsd:annotation>
          <xsd:documentation>
            <ccts:Component>
              <ccts:ComponentType>BBIE</ccts:ComponentType>
              <ccts:DictionaryEntryName>Address. Country Subentity. Text</ccts:DictionaryEntryName>
              <ccts:Definition>A territorial division of a country, such as a county or state.</ccts:Definition>
              <ccts:Cardinality>0..1</ccts:Cardinality>
              <ccts:ObjectClass>Address</ccts:ObjectClass>
              <ccts:PropertyTerm>Country Subentity</ccts:PropertyTerm>
              <ccts:RepresentationTerm>Text</ccts:RepresentationTerm>
              <ccts:DataType>Text. Type</ccts:DataType>
              <ccts:AlternativeBusinessTerms>AdministrativeArea, State, Country, Shire, Canton</ccts:AlternativeBusinessTerms>
              <ccts:Examples>"Florida","Tamilnadu"</ccts:Examples>
            </ccts:Component>
          </xsd:documentation>
        </xsd:annotation>
      </xsd:element>
      <xsd:element ref="cbc:CountrySubentityCode" minOccurs="0" maxOccurs="1">
        <xsd:annotation>
          <xsd:documentation>
            <ccts:Component>
              <ccts:ComponentType>BBIE</ccts:ComponentType>
              <ccts:DictionaryEntryName>Address. Country Subentity Code. Code</ccts:DictionaryEntryName>
              <ccts:Definition>A territorial division of a country, such as a county or state, expressed as a code.</ccts:Definition>
              <ccts:Cardinality>0..1</ccts:Cardinality>
              <ccts:ObjectClass>Address</ccts:ObjectClass>
              <ccts:PropertyTerm>Country Subentity Code</ccts:PropertyTerm>
              <ccts:RepresentationTerm>Code</ccts:RepresentationTerm>
              <ccts:DataType>Code. Type</ccts:DataType>
              <ccts:AlternativeBusinessTerms>AdministrativeAreaCode, State Code</ccts:AlternativeBusinessTerms>
            </ccts:Component>
          </xsd:documentation>
        </xsd:annotation>
      </xsd:element>
      <xsd:element ref="cbc:Region" minOccurs="0" maxOccurs="1">
        <xsd:annotation>
          <xsd:documentation>
            <ccts:Component>
              <ccts:ComponentType>BBIE</ccts:ComponentType>
              <ccts:DictionaryEntryName>Address. Region. Text</ccts:DictionaryEntryName>
              <ccts:Definition>An addressable region or group of countries.</ccts:Definition>
              <ccts:Cardinality>0..1</ccts:Cardinality>
              <ccts:ObjectClass>Address</ccts:ObjectClass>
              <ccts:PropertyTerm>Region</ccts:PropertyTerm>
              <ccts:RepresentationTerm>Text</ccts:RepresentationTerm>
              <ccts:DataType>Text. Type</ccts:DataType>
              <ccts:AlternativeBusinessTerms>LocalityName, Economic Zone</ccts:AlternativeBusinessTerms>
              <ccts:Examples>"European Union"</ccts:Examples>
            </ccts:Component>
          </xsd:documentation>
        </xsd:annotation>
      </xsd:element>
      <xsd:element ref="cbc:District" minOccurs="0" maxOccurs="1">
        <xsd:annotation>
          <xsd:documentation>
            <ccts:Component>
              <ccts:ComponentType>BBIE</ccts:ComponentType>
              <ccts:DictionaryEntryName>Address. District. Text</ccts:DictionaryEntryName>
              <ccts:Definition>A geographical division of a country.</ccts:Definition>
              <ccts:Cardinality>0..1</ccts:Cardinality>
              <ccts:ObjectClass>Address</ccts:ObjectClass>
              <ccts:PropertyTerm>District</ccts:PropertyTerm>
              <ccts:RepresentationTerm>Text</ccts:RepresentationTerm>
              <ccts:DataType>Text. Type</ccts:DataType>
              <ccts:AlternativeBusinessTerms>LocalityName, Area</ccts:AlternativeBusinessTerms>
              <ccts:Examples>"East Coast"</ccts:Examples>
            </ccts:Component>
          </xsd:documentation>
        </xsd:annotation>
      </xsd:element>
      <xsd:element ref="cbc:TimezoneOffset" minOccurs="0" maxOccurs="1">
        <xsd:annotation>
          <xsd:documentation>
            <ccts:Component>
              <ccts:ComponentType>BBIE</ccts:ComponentType>
              <ccts:DictionaryEntryName>Address. Timezone Offset. Text</ccts:DictionaryEntryName>
              <ccts:Definition>For the time zone in which the address is situated, the measure of time offset from Universal Coordinated Time (UTC).</ccts:Definition>
              <ccts:Cardinality>0..1</ccts:Cardinality>
              <ccts:ObjectClass>Address</ccts:ObjectClass>
              <ccts:PropertyTerm>Timezone Offset</ccts:PropertyTerm>
              <ccts:RepresentationTerm>Text</ccts:RepresentationTerm>
              <ccts:DataType>Text. Type</ccts:DataType>
              <ccts:Examples>"+8:00" "-3:00"</ccts:Examples>
            </ccts:Component>
          </xsd:documentation>
        </xsd:annotation>
      </xsd:element>
      <xsd:element ref="AddressLine" minOccurs="0" maxOccurs="unbounded">
        <xsd:annotation>
          <xsd:documentation>
            <ccts:Component>
              <ccts:ComponentType>ASBIE</ccts:ComponentType>
              <ccts:DictionaryEntryName>Address. Address Line</ccts:DictionaryEntryName>
              <ccts:Definition>An association to Address Line.</ccts:Definition>
              <ccts:Cardinality>0..n</ccts:Cardinality>
              <ccts:ObjectClass>Address</ccts:ObjectClass>
              <ccts:PropertyTerm>Address Line</ccts:PropertyTerm>
              <ccts:AssociatedObjectClass>Address Line</ccts:AssociatedObjectClass>
            </ccts:Component>
          </xsd:documentation>
        </xsd:annotation>
      </xsd:element>
      <xsd:element ref="Country" minOccurs="0" maxOccurs="1">
        <xsd:annotation>
          <xsd:documentation>
            <ccts:Component>
              <ccts:ComponentType>ASBIE</ccts:ComponentType>
              <ccts:DictionaryEntryName>Address. Country</ccts:DictionaryEntryName>
              <ccts:Definition>An association to Country.</ccts:Definition>
              <ccts:Cardinality>0..1</ccts:Cardinality>
              <ccts:ObjectClass>Address</ccts:ObjectClass>
              <ccts:PropertyTerm>Country</ccts:PropertyTerm>
              <ccts:AssociatedObjectClass>Country</ccts:AssociatedObjectClass>
            </ccts:Component>
          </xsd:documentation>
        </xsd:annotation>
      </xsd:element>
      <xsd:element ref="LocationCoordinate" minOccurs="0" maxOccurs="1">
        <xsd:annotation>
          <xsd:documentation>
            <ccts:Component>
              <ccts:ComponentType>ASBIE</ccts:ComponentType>
              <ccts:DictionaryEntryName>Address. Location Coordinate</ccts:DictionaryEntryName>
              <ccts:Definition>An association to Location Coordinate.</ccts:Definition>
              <ccts:Cardinality>0..1</ccts:Cardinality>
              <ccts:ObjectClass>Address</ccts:ObjectClass>
              <ccts:PropertyTerm>Location Coordinate</ccts:PropertyTerm>
              <ccts:AssociatedObjectClass>Location Coordinate</ccts:AssociatedObjectClass>
            </ccts:Component>
          </xsd:documentation>
        </xsd:annotation>
      </xsd:element>
    </xsd:sequence>
  </xsd:complexType>
  <xsd:complexType name="AddressLineType">
    <xsd:annotation>
      <xsd:documentation>
        <ccts:Component>
          <ccts:ComponentType>ABIE</ccts:ComponentType>
          <ccts:DictionaryEntryName>Address Line. Details</ccts:DictionaryEntryName>
          <ccts:Definition>Information about a line of address expressed as unstructured text.</ccts:Definition>
          <ccts:ObjectClass>Address Line</ccts:ObjectClass>
        </ccts:Component>
      </xsd:documentation>
    </xsd:annotation>
    <xsd:sequence>
      <xsd:element ref="cbc:Line" minOccurs="1" maxOccurs="1">
        <xsd:annotation>
          <xsd:documentation>
            <ccts:Component>
              <ccts:ComponentType>BBIE</ccts:ComponentType>
              <ccts:DictionaryEntryName>Address Line. Line. Text</ccts:DictionaryEntryName>
              <ccts:Definition>A line of address expressed as unstructured text.</ccts:Definition>
              <ccts:Cardinality>1</ccts:Cardinality>
              <ccts:ObjectClass>Address Line</ccts:ObjectClass>
              <ccts:PropertyTerm>Line</ccts:PropertyTerm>
              <ccts:RepresentationTerm>Text</ccts:RepresentationTerm>
              <ccts:DataType>Text. Type</ccts:DataType>
              <ccts:Examples>"123 Standard Chartered Tower"</ccts:Examples>
            </ccts:Component>
          </xsd:documentation>
        </xsd:annotation>
      </xsd:element>
    </xsd:sequence>
  </xsd:complexType>
  <xsd:complexType name="AirTransportType">
    <xsd:annotation>
      <xsd:documentation>
        <ccts:Component>
          <ccts:ComponentType>ABIE</ccts:ComponentType>
          <ccts:DictionaryEntryName>Air Transport. Details</ccts:DictionaryEntryName>
          <ccts:Definition>Information related to an aircraft.</ccts:Definition>
          <ccts:ObjectClass>Air Transport</ccts:ObjectClass>
        </ccts:Component>
      </xsd:documentation>
    </xsd:annotation>
    <xsd:sequence>
      <xsd:element ref="cbc:AircraftID" minOccurs="1" maxOccurs="1">
        <xsd:annotation>
          <xsd:documentation>
            <ccts:Component>
              <ccts:ComponentType>BBIE</ccts:ComponentType>
              <ccts:DictionaryEntryName>Air Transport. Aircraft Identifier. Identifier</ccts:DictionaryEntryName>
              <ccts:Definition>Identifies a specific aircraft.</ccts:Definition>
              <ccts:Cardinality>1</ccts:Cardinality>
              <ccts:ObjectClass>Air Transport</ccts:ObjectClass>
              <ccts:PropertyTerm>Aircraft Identifier</ccts:PropertyTerm>
              <ccts:RepresentationTerm>Identifier</ccts:RepresentationTerm>
              <ccts:DataType>Identifier. Type</ccts:DataType>
            </ccts:Component>
          </xsd:documentation>
        </xsd:annotation>
      </xsd:element>
    </xsd:sequence>
  </xsd:complexType>
  <xsd:complexType name="AllowanceChargeType">
    <xsd:annotation>
      <xsd:documentation>
        <ccts:Component>
          <ccts:ComponentType>ABIE</ccts:ComponentType>
          <ccts:DictionaryEntryName>Allowance Charge. Details</ccts:DictionaryEntryName>
          <ccts:Definition>Information about a charge or discount price component.</ccts:Definition>
          <ccts:ObjectClass>Allowance Charge</ccts:ObjectClass>
        </ccts:Component>
      </xsd:documentation>
    </xsd:annotation>
    <xsd:sequence>
      <xsd:element ref="cbc:ID" minOccurs="0" maxOccurs="1">
        <xsd:annotation>
          <xsd:documentation>
            <ccts:Component>
              <ccts:ComponentType>BBIE</ccts:ComponentType>
              <ccts:DictionaryEntryName>Allowance Charge. Identifier</ccts:DictionaryEntryName>
              <ccts:Definition>Identifies an Allowance Charge.</ccts:Definition>
              <ccts:Cardinality>0..1</ccts:Cardinality>
              <ccts:ObjectClass>Allowance Charge</ccts:ObjectClass>
              <ccts:PropertyTerm>Identifier</ccts:PropertyTerm>
              <ccts:RepresentationTerm>Identifier</ccts:RepresentationTerm>
              <ccts:DataType>Identifier. Type</ccts:DataType>
            </ccts:Component>
          </xsd:documentation>
        </xsd:annotation>
      </xsd:element>
      <xsd:element ref="cbc:ChargeIndicator" minOccurs="1" maxOccurs="1">
        <xsd:annotation>
          <xsd:documentation>
            <ccts:Component>
              <ccts:ComponentType>BBIE</ccts:ComponentType>
              <ccts:DictionaryEntryName>Allowance Charge. Charge_ Indicator. Indicator</ccts:DictionaryEntryName>
              <ccts:Definition>Indicates whether the Allowance Charge is a charge (true) or a discount (false).</ccts:Definition>
              <ccts:Cardinality>1</ccts:Cardinality>
              <ccts:ObjectClass>Allowance Charge</ccts:ObjectClass>
              <ccts:PropertyTermQualifier>Charge</ccts:PropertyTermQualifier>
              <ccts:PropertyTerm>Indicator</ccts:PropertyTerm>
              <ccts:RepresentationTerm>Indicator</ccts:RepresentationTerm>
              <ccts:DataType>Indicator. Type</ccts:DataType>
            </ccts:Component>
          </xsd:documentation>
        </xsd:annotation>
      </xsd:element>
      <xsd:element ref="cbc:AllowanceChargeReasonCode" minOccurs="0" maxOccurs="1">
        <xsd:annotation>
          <xsd:documentation>
            <ccts:Component>
              <ccts:ComponentType>BBIE</ccts:ComponentType>
              <ccts:DictionaryEntryName>Allowance Charge. Allowance Charge Reason Code. Code</ccts:DictionaryEntryName>
              <ccts:Definition>The reason for the Allowance Charge, expressed as a code.</ccts:Definition>
              <ccts:Cardinality>0..1</ccts:Cardinality>
              <ccts:ObjectClass>Allowance Charge</ccts:ObjectClass>
              <ccts:PropertyTerm>Allowance Charge Reason Code</ccts:PropertyTerm>
              <ccts:RepresentationTerm>Code</ccts:RepresentationTerm>
              <ccts:DataType>Allowance Charge Reason_ Code. Type</ccts:DataType>
            </ccts:Component>
          </xsd:documentation>
        </xsd:annotation>
      </xsd:element>
      <xsd:element ref="cbc:AllowanceChargeReason" minOccurs="0" maxOccurs="1">
        <xsd:annotation>
          <xsd:documentation>
            <ccts:Component>
              <ccts:ComponentType>BBIE</ccts:ComponentType>
              <ccts:DictionaryEntryName>Allowance Charge. Allowance Charge_ Reason. Text</ccts:DictionaryEntryName>
              <ccts:Definition>The reason for the Allowance Charge, expressed as text.</ccts:Definition>
              <ccts:Cardinality>0..1</ccts:Cardinality>
              <ccts:ObjectClass>Allowance Charge</ccts:ObjectClass>
              <ccts:PropertyTermQualifier>Allowance Charge</ccts:PropertyTermQualifier>
              <ccts:PropertyTerm>Reason</ccts:PropertyTerm>
              <ccts:RepresentationTerm>Text</ccts:RepresentationTerm>
              <ccts:DataType>Text. Type</ccts:DataType>
            </ccts:Component>
          </xsd:documentation>
        </xsd:annotation>
      </xsd:element>
      <xsd:element ref="cbc:MultiplierFactorNumeric" minOccurs="0" maxOccurs="1">
        <xsd:annotation>
          <xsd:documentation>
            <ccts:Component>
              <ccts:ComponentType>BBIE</ccts:ComponentType>
              <ccts:DictionaryEntryName>Allowance Charge. Multiplier_ Factor. Numeric</ccts:DictionaryEntryName>
              <ccts:Definition>The factor applied to the Base Amount to calculate the Allowance Charge.</ccts:Definition>
              <ccts:Cardinality>0..1</ccts:Cardinality>
              <ccts:ObjectClass>Allowance Charge</ccts:ObjectClass>
              <ccts:PropertyTermQualifier>Multiplier</ccts:PropertyTermQualifier>
              <ccts:PropertyTerm>Factor</ccts:PropertyTerm>
              <ccts:RepresentationTerm>Numeric</ccts:RepresentationTerm>
              <ccts:DataType>Numeric. Type</ccts:DataType>
              <ccts:Examples>0.20</ccts:Examples>
            </ccts:Component>
          </xsd:documentation>
        </xsd:annotation>
      </xsd:element>
      <xsd:element ref="cbc:PrepaidIndicator" minOccurs="0" maxOccurs="1">
        <xsd:annotation>
          <xsd:documentation>
            <ccts:Component>
              <ccts:ComponentType>BBIE</ccts:ComponentType>
              <ccts:DictionaryEntryName>Allowance Charge. Prepaid_ Indicator. Indicator</ccts:DictionaryEntryName>
              <ccts:Definition>Indicates whether the Allowance Charge is prepaid (true) or not (false).</ccts:Definition>
              <ccts:Cardinality>0..1</ccts:Cardinality>
              <ccts:ObjectClass>Allowance Charge</ccts:ObjectClass>
              <ccts:PropertyTermQualifier>Prepaid</ccts:PropertyTermQualifier>
              <ccts:PropertyTerm>Indicator</ccts:PropertyTerm>
              <ccts:RepresentationTerm>Indicator</ccts:RepresentationTerm>
              <ccts:DataType>Indicator. Type</ccts:DataType>
            </ccts:Component>
          </xsd:documentation>
        </xsd:annotation>
      </xsd:element>
      <xsd:element ref="cbc:SequenceNumeric" minOccurs="0" maxOccurs="1">
        <xsd:annotation>
          <xsd:documentation>
            <ccts:Component>
              <ccts:ComponentType>BBIE</ccts:ComponentType>
              <ccts:DictionaryEntryName>Allowance Charge. Sequence. Numeric</ccts:DictionaryEntryName>
              <ccts:Definition>Identifies the numerical order sequence in which Allowance Charges are calculated when multiple Allowance Charges apply. If all Allowance Charges apply to the same Base Amount, SequenceNumeric will be '1' for all Allowance Charges.</ccts:Definition>
              <ccts:Cardinality>0..1</ccts:Cardinality>
              <ccts:ObjectClass>Allowance Charge</ccts:ObjectClass>
              <ccts:PropertyTerm>Sequence</ccts:PropertyTerm>
              <ccts:RepresentationTerm>Numeric</ccts:RepresentationTerm>
              <ccts:DataType>Numeric. Type</ccts:DataType>
              <ccts:Examples>1, 2, 3, 4, etc.</ccts:Examples>
            </ccts:Component>
          </xsd:documentation>
        </xsd:annotation>
      </xsd:element>
      <xsd:element ref="cbc:Amount" minOccurs="1" maxOccurs="1">
        <xsd:annotation>
          <xsd:documentation>
            <ccts:Component>
              <ccts:ComponentType>BBIE</ccts:ComponentType>
              <ccts:DictionaryEntryName>Allowance Charge. Amount</ccts:DictionaryEntryName>
              <ccts:Definition>The Allowance Charge amount.</ccts:Definition>
              <ccts:Cardinality>1</ccts:Cardinality>
              <ccts:ObjectClass>Allowance Charge</ccts:ObjectClass>
              <ccts:PropertyTerm>Amount</ccts:PropertyTerm>
              <ccts:RepresentationTerm>Amount</ccts:RepresentationTerm>
              <ccts:DataType>Amount. Type</ccts:DataType>
              <ccts:Examples>35,23</ccts:Examples>
            </ccts:Component>
          </xsd:documentation>
        </xsd:annotation>
      </xsd:element>
      <xsd:element ref="cbc:BaseAmount" minOccurs="0" maxOccurs="1">
        <xsd:annotation>
          <xsd:documentation>
            <ccts:Component>
              <ccts:ComponentType>BBIE</ccts:ComponentType>
              <ccts:DictionaryEntryName>Allowance Charge. Base_ Amount. Amount</ccts:DictionaryEntryName>
              <ccts:Definition>The amount to which the MultiplierFactorNumeric is applied to calculate the Allowance Charge.</ccts:Definition>
              <ccts:Cardinality>0..1</ccts:Cardinality>
              <ccts:ObjectClass>Allowance Charge</ccts:ObjectClass>
              <ccts:PropertyTermQualifier>Base</ccts:PropertyTermQualifier>
              <ccts:PropertyTerm>Amount</ccts:PropertyTerm>
              <ccts:RepresentationTerm>Amount</ccts:RepresentationTerm>
              <ccts:DataType>Amount. Type</ccts:DataType>
            </ccts:Component>
          </xsd:documentation>
        </xsd:annotation>
      </xsd:element>
      <xsd:element ref="cbc:AccountingCostCode" minOccurs="0" maxOccurs="1">
        <xsd:annotation>
          <xsd:documentation>
            <ccts:Component>
              <ccts:ComponentType>BBIE</ccts:ComponentType>
              <ccts:DictionaryEntryName>Allowance Charge. Accounting Cost Code. Code</ccts:DictionaryEntryName>
              <ccts:Definition>The buyer's accounting code as applied to the Allowance Charge.</ccts:Definition>
              <ccts:Cardinality>0..1</ccts:Cardinality>
              <ccts:ObjectClass>Allowance Charge</ccts:ObjectClass>
              <ccts:PropertyTerm>Accounting Cost Code</ccts:PropertyTerm>
              <ccts:RepresentationTerm>Code</ccts:RepresentationTerm>
              <ccts:DataType>Code. Type</ccts:DataType>
            </ccts:Component>
          </xsd:documentation>
        </xsd:annotation>
      </xsd:element>
      <xsd:element ref="cbc:AccountingCost" minOccurs="0" maxOccurs="1">
        <xsd:annotation>
          <xsd:documentation>
            <ccts:Component>
              <ccts:ComponentType>BBIE</ccts:ComponentType>
              <ccts:DictionaryEntryName>Allowance Charge. Accounting Cost. Text</ccts:DictionaryEntryName>
              <ccts:Definition>The buyer's accounting code as applied to the Allowance Charge expressed as text.</ccts:Definition>
              <ccts:Cardinality>0..1</ccts:Cardinality>
              <ccts:ObjectClass>Allowance Charge</ccts:ObjectClass>
              <ccts:PropertyTerm>Accounting Cost</ccts:PropertyTerm>
              <ccts:RepresentationTerm>Text</ccts:RepresentationTerm>
              <ccts:DataType>Text. Type</ccts:DataType>
            </ccts:Component>
          </xsd:documentation>
        </xsd:annotation>
      </xsd:element>
      <xsd:element ref="TaxCategory" minOccurs="0" maxOccurs="unbounded">
        <xsd:annotation>
          <xsd:documentation>
            <ccts:Component>
              <ccts:ComponentType>ASBIE</ccts:ComponentType>
              <ccts:DictionaryEntryName>Allowance Charge. Tax Category</ccts:DictionaryEntryName>
              <ccts:Definition>An association to Tax Category.</ccts:Definition>
              <ccts:Cardinality>0..n</ccts:Cardinality>
              <ccts:ObjectClass>Allowance Charge</ccts:ObjectClass>
              <ccts:PropertyTerm>Tax Category</ccts:PropertyTerm>
              <ccts:AssociatedObjectClass>Tax Category</ccts:AssociatedObjectClass>
            </ccts:Component>
          </xsd:documentation>
        </xsd:annotation>
      </xsd:element>
      <xsd:element ref="TaxTotal" minOccurs="0" maxOccurs="1">
        <xsd:annotation>
          <xsd:documentation>
            <ccts:Component>
              <ccts:ComponentType>ASBIE</ccts:ComponentType>
              <ccts:DictionaryEntryName>Allowance Charge. Tax Total</ccts:DictionaryEntryName>
              <ccts:Definition>An association to Tax Total.</ccts:Definition>
              <ccts:Cardinality>0..1</ccts:Cardinality>
              <ccts:ObjectClass>Allowance Charge</ccts:ObjectClass>
              <ccts:PropertyTerm>Tax Total</ccts:PropertyTerm>
              <ccts:AssociatedObjectClass>Tax Total</ccts:AssociatedObjectClass>
            </ccts:Component>
          </xsd:documentation>
        </xsd:annotation>
      </xsd:element>
      <xsd:element ref="PaymentMeans" minOccurs="0" maxOccurs="unbounded">
        <xsd:annotation>
          <xsd:documentation>
            <ccts:Component>
              <ccts:ComponentType>ASBIE</ccts:ComponentType>
              <ccts:DictionaryEntryName>Allowance Charge. Payment Means</ccts:DictionaryEntryName>
              <ccts:Definition>An association to Payment Means.</ccts:Definition>
              <ccts:Cardinality>0..n</ccts:Cardinality>
              <ccts:ObjectClass>Allowance Charge</ccts:ObjectClass>
              <ccts:PropertyTerm>Payment Means</ccts:PropertyTerm>
              <ccts:AssociatedObjectClass>Payment Means</ccts:AssociatedObjectClass>
            </ccts:Component>
          </xsd:documentation>
        </xsd:annotation>
      </xsd:element>
    </xsd:sequence>
  </xsd:complexType>
  <xsd:complexType name="AttachmentType">
    <xsd:annotation>
      <xsd:documentation>
        <ccts:Component>
          <ccts:ComponentType>ABIE</ccts:ComponentType>
          <ccts:DictionaryEntryName>Attachment. Details</ccts:DictionaryEntryName>
          <ccts:Definition>Information about an attached document. An attachment can be referred to externally (with the URI element) or internally (with the MIME reference element) or contained within the document itself (with the EmbeddedDocument element).</ccts:Definition>
          <ccts:ObjectClass>Attachment</ccts:ObjectClass>
        </ccts:Component>
      </xsd:documentation>
    </xsd:annotation>
    <xsd:sequence>
      <xsd:element ref="cbc:EmbeddedDocumentBinaryObject" minOccurs="0" maxOccurs="1">
        <xsd:annotation>
          <xsd:documentation>
            <ccts:Component>
              <ccts:ComponentType>BBIE</ccts:ComponentType>
              <ccts:DictionaryEntryName>Attachment. Embedded_ Document. Binary Object</ccts:DictionaryEntryName>
              <ccts:Definition>Contains an embedded document as a BLOB (binary large object).</ccts:Definition>
              <ccts:Cardinality>0..1</ccts:Cardinality>
              <ccts:ObjectClass>Attachment</ccts:ObjectClass>
              <ccts:PropertyTermQualifier>Embedded</ccts:PropertyTermQualifier>
              <ccts:PropertyTerm>Document</ccts:PropertyTerm>
              <ccts:RepresentationTerm>Binary Object</ccts:RepresentationTerm>
              <ccts:DataType>Binary Object. Type</ccts:DataType>
            </ccts:Component>
          </xsd:documentation>
        </xsd:annotation>
      </xsd:element>
      <xsd:element ref="ExternalReference" minOccurs="0" maxOccurs="1">
        <xsd:annotation>
          <xsd:documentation>
            <ccts:Component>
              <ccts:ComponentType>ASBIE</ccts:ComponentType>
              <ccts:DictionaryEntryName>Attachment. External Reference</ccts:DictionaryEntryName>
              <ccts:Definition>An attached document, externally referred to, referred to in the MIME location, or embedded.</ccts:Definition>
              <ccts:Cardinality>0..1</ccts:Cardinality>
              <ccts:ObjectClass>Attachment</ccts:ObjectClass>
              <ccts:PropertyTerm>External Reference</ccts:PropertyTerm>
              <ccts:AssociatedObjectClass>External Reference</ccts:AssociatedObjectClass>
            </ccts:Component>
          </xsd:documentation>
        </xsd:annotation>
      </xsd:element>
    </xsd:sequence>
  </xsd:complexType>
  <xsd:complexType name="BillingReferenceType">
    <xsd:annotation>
      <xsd:documentation>
        <ccts:Component>
          <ccts:ComponentType>ABIE</ccts:ComponentType>
          <ccts:DictionaryEntryName>Billing Reference. Details</ccts:DictionaryEntryName>
          <ccts:Definition>Information directly relating to a related document.</ccts:Definition>
          <ccts:ObjectClass>Billing Reference</ccts:ObjectClass>
        </ccts:Component>
      </xsd:documentation>
    </xsd:annotation>
    <xsd:sequence>
      <xsd:element ref="InvoiceDocumentReference" minOccurs="0" maxOccurs="1">
        <xsd:annotation>
          <xsd:documentation>
            <ccts:Component>
              <ccts:ComponentType>ASBIE</ccts:ComponentType>
              <ccts:DictionaryEntryName>Billing Reference. Invoice_ Document Reference. Document Reference</ccts:DictionaryEntryName>
              <ccts:Definition>An associative reference to Invoice.</ccts:Definition>
              <ccts:Cardinality>0..1</ccts:Cardinality>
              <ccts:ObjectClass>Billing Reference</ccts:ObjectClass>
              <ccts:PropertyTermQualifier>Invoice</ccts:PropertyTermQualifier>
              <ccts:PropertyTerm>Document Reference</ccts:PropertyTerm>
              <ccts:AssociatedObjectClass>Document Reference</ccts:AssociatedObjectClass>
            </ccts:Component>
          </xsd:documentation>
        </xsd:annotation>
      </xsd:element>
      <xsd:element ref="SelfBilledInvoiceDocumentReference" minOccurs="0" maxOccurs="1">
        <xsd:annotation>
          <xsd:documentation>
            <ccts:Component>
              <ccts:ComponentType>ASBIE</ccts:ComponentType>
              <ccts:DictionaryEntryName>Billing Reference. Self Billed Invoice_ Document Reference. Document Reference</ccts:DictionaryEntryName>
              <ccts:Definition>An associative reference to Self Billed Invoice.</ccts:Definition>
              <ccts:Cardinality>0..1</ccts:Cardinality>
              <ccts:ObjectClass>Billing Reference</ccts:ObjectClass>
              <ccts:PropertyTermQualifier>Self Billed Invoice</ccts:PropertyTermQualifier>
              <ccts:PropertyTerm>Document Reference</ccts:PropertyTerm>
              <ccts:AssociatedObjectClass>Document Reference</ccts:AssociatedObjectClass>
            </ccts:Component>
          </xsd:documentation>
        </xsd:annotation>
      </xsd:element>
      <xsd:element ref="CreditNoteDocumentReference" minOccurs="0" maxOccurs="1">
        <xsd:annotation>
          <xsd:documentation>
            <ccts:Component>
              <ccts:ComponentType>ASBIE</ccts:ComponentType>
              <ccts:DictionaryEntryName>Billing Reference. Credit Note_ Document Reference. Document Reference</ccts:DictionaryEntryName>
              <ccts:Definition>An associative reference to Credit Note.</ccts:Definition>
              <ccts:Cardinality>0..1</ccts:Cardinality>
              <ccts:ObjectClass>Billing Reference</ccts:ObjectClass>
              <ccts:PropertyTermQualifier>Credit Note</ccts:PropertyTermQualifier>
              <ccts:PropertyTerm>Document Reference</ccts:PropertyTerm>
              <ccts:AssociatedObjectClass>Document Reference</ccts:AssociatedObjectClass>
            </ccts:Component>
          </xsd:documentation>
        </xsd:annotation>
      </xsd:element>
      <xsd:element ref="SelfBilledCreditNoteDocumentReference" minOccurs="0" maxOccurs="1">
        <xsd:annotation>
          <xsd:documentation>
            <ccts:Component>
              <ccts:ComponentType>ASBIE</ccts:ComponentType>
              <ccts:DictionaryEntryName>Billing Reference. Self Billed Credit Note_ Document Reference. Document Reference</ccts:DictionaryEntryName>
              <ccts:Definition>An associative reference to Self Billed Credit Note.</ccts:Definition>
              <ccts:Cardinality>0..1</ccts:Cardinality>
              <ccts:ObjectClass>Billing Reference</ccts:ObjectClass>
              <ccts:PropertyTermQualifier>Self Billed Credit Note</ccts:PropertyTermQualifier>
              <ccts:PropertyTerm>Document Reference</ccts:PropertyTerm>
              <ccts:AssociatedObjectClass>Document Reference</ccts:AssociatedObjectClass>
            </ccts:Component>
          </xsd:documentation>
        </xsd:annotation>
      </xsd:element>
      <xsd:element ref="DebitNoteDocumentReference" minOccurs="0" maxOccurs="1">
        <xsd:annotation>
          <xsd:documentation>
            <ccts:Component>
              <ccts:ComponentType>ASBIE</ccts:ComponentType>
              <ccts:DictionaryEntryName>Billing Reference. Debit Note_ Document Reference. Document Reference</ccts:DictionaryEntryName>
              <ccts:Definition>An associative reference to Debit Note.</ccts:Definition>
              <ccts:Cardinality>0..1</ccts:Cardinality>
              <ccts:ObjectClass>Billing Reference</ccts:ObjectClass>
              <ccts:PropertyTermQualifier>Debit Note</ccts:PropertyTermQualifier>
              <ccts:PropertyTerm>Document Reference</ccts:PropertyTerm>
              <ccts:AssociatedObjectClass>Document Reference</ccts:AssociatedObjectClass>
            </ccts:Component>
          </xsd:documentation>
        </xsd:annotation>
      </xsd:element>
      <xsd:element ref="ReminderDocumentReference" minOccurs="0" maxOccurs="1">
        <xsd:annotation>
          <xsd:documentation>
            <ccts:Component>
              <ccts:ComponentType>ASBIE</ccts:ComponentType>
              <ccts:DictionaryEntryName>Billing Reference. Reminder_ Document Reference. Document Reference</ccts:DictionaryEntryName>
              <ccts:Definition>An associative reference to Reminder Document Reference</ccts:Definition>
              <ccts:Cardinality>0..1</ccts:Cardinality>
              <ccts:ObjectClass>Billing Reference</ccts:ObjectClass>
              <ccts:PropertyTermQualifier>Reminder</ccts:PropertyTermQualifier>
              <ccts:PropertyTerm>Document Reference</ccts:PropertyTerm>
              <ccts:AssociatedObjectClass>Document Reference</ccts:AssociatedObjectClass>
            </ccts:Component>
          </xsd:documentation>
        </xsd:annotation>
      </xsd:element>
      <xsd:element ref="AdditionalDocumentReference" minOccurs="0" maxOccurs="1">
        <xsd:annotation>
          <xsd:documentation>
            <ccts:Component>
              <ccts:ComponentType>ASBIE</ccts:ComponentType>
              <ccts:DictionaryEntryName>Billing Reference. Additional_ Document Reference. Document Reference</ccts:DictionaryEntryName>
              <ccts:Definition>An associative reference to Additional Document.</ccts:Definition>
              <ccts:Cardinality>0..1</ccts:Cardinality>
              <ccts:ObjectClass>Billing Reference</ccts:ObjectClass>
              <ccts:PropertyTermQualifier>Additional</ccts:PropertyTermQualifier>
              <ccts:PropertyTerm>Document Reference</ccts:PropertyTerm>
              <ccts:AssociatedObjectClass>Document Reference</ccts:AssociatedObjectClass>
            </ccts:Component>
          </xsd:documentation>
        </xsd:annotation>
      </xsd:element>
      <xsd:element ref="BillingReferenceLine" minOccurs="0" maxOccurs="unbounded">
        <xsd:annotation>
          <xsd:documentation>
            <ccts:Component>
              <ccts:ComponentType>ASBIE</ccts:ComponentType>
              <ccts:DictionaryEntryName>Billing Reference. Billing Reference Line</ccts:DictionaryEntryName>
              <ccts:Definition>An association to Billing Reference Line.</ccts:Definition>
              <ccts:Cardinality>0..n</ccts:Cardinality>
              <ccts:ObjectClass>Billing Reference</ccts:ObjectClass>
              <ccts:PropertyTerm>Billing Reference Line</ccts:PropertyTerm>
              <ccts:AssociatedObjectClass>Billing Reference Line</ccts:AssociatedObjectClass>
            </ccts:Component>
          </xsd:documentation>
        </xsd:annotation>
      </xsd:element>
    </xsd:sequence>
  </xsd:complexType>
  <xsd:complexType name="BillingReferenceLineType">
    <xsd:annotation>
      <xsd:documentation>
        <ccts:Component>
          <ccts:ComponentType>ABIE</ccts:ComponentType>
          <ccts:DictionaryEntryName>Billing Reference Line. Details</ccts:DictionaryEntryName>
          <ccts:Definition>Information about a Billing Line.</ccts:Definition>
          <ccts:ObjectClass>Billing Reference Line</ccts:ObjectClass>
        </ccts:Component>
      </xsd:documentation>
    </xsd:annotation>
    <xsd:sequence>
      <xsd:element ref="cbc:ID" minOccurs="1" maxOccurs="1">
        <xsd:annotation>
          <xsd:documentation>
            <ccts:Component>
              <ccts:ComponentType>BBIE</ccts:ComponentType>
              <ccts:DictionaryEntryName>Billing Reference Line. Identifier</ccts:DictionaryEntryName>
              <ccts:Definition>An identifier for the Billing Line.</ccts:Definition>
              <ccts:Cardinality>1</ccts:Cardinality>
              <ccts:ObjectClass>Billing Reference Line</ccts:ObjectClass>
              <ccts:PropertyTerm>Identifier</ccts:PropertyTerm>
              <ccts:RepresentationTerm>Identifier</ccts:RepresentationTerm>
              <ccts:DataType>Identifier. Type</ccts:DataType>
            </ccts:Component>
          </xsd:documentation>
        </xsd:annotation>
      </xsd:element>
      <xsd:element ref="cbc:Amount" minOccurs="0" maxOccurs="1">
        <xsd:annotation>
          <xsd:documentation>
            <ccts:Component>
              <ccts:ComponentType>BBIE</ccts:ComponentType>
              <ccts:DictionaryEntryName>Billing Reference Line. Amount</ccts:DictionaryEntryName>
              <ccts:Definition>The amount of the Billing Line, including Allowance Charges but net of taxes.</ccts:Definition>
              <ccts:Cardinality>0..1</ccts:Cardinality>
              <ccts:ObjectClass>Billing Reference Line</ccts:ObjectClass>
              <ccts:PropertyTerm>Amount</ccts:PropertyTerm>
              <ccts:RepresentationTerm>Amount</ccts:RepresentationTerm>
              <ccts:DataType>Amount. Type</ccts:DataType>
            </ccts:Component>
          </xsd:documentation>
        </xsd:annotation>
      </xsd:element>
      <xsd:element ref="AllowanceCharge" minOccurs="0" maxOccurs="unbounded">
        <xsd:annotation>
          <xsd:documentation>
            <ccts:Component>
              <ccts:ComponentType>ASBIE</ccts:ComponentType>
              <ccts:DictionaryEntryName>Billing Reference Line. Allowance Charge</ccts:DictionaryEntryName>
              <ccts:Definition>An association to Allowance Charge.</ccts:Definition>
              <ccts:Cardinality>0..n</ccts:Cardinality>
              <ccts:ObjectClass>Billing Reference Line</ccts:ObjectClass>
              <ccts:PropertyTerm>Allowance Charge</ccts:PropertyTerm>
              <ccts:AssociatedObjectClass>Allowance Charge</ccts:AssociatedObjectClass>
            </ccts:Component>
          </xsd:documentation>
        </xsd:annotation>
      </xsd:element>
    </xsd:sequence>
  </xsd:complexType>
  <xsd:complexType name="BranchType">
    <xsd:annotation>
      <xsd:documentation>
        <ccts:Component>
          <ccts:ComponentType>ABIE</ccts:ComponentType>
          <ccts:DictionaryEntryName>Branch. Details</ccts:DictionaryEntryName>
          <ccts:Definition>Information about a branch or division of an organization.</ccts:Definition>
          <ccts:ObjectClass>Branch</ccts:ObjectClass>
        </ccts:Component>
      </xsd:documentation>
    </xsd:annotation>
    <xsd:sequence>
      <xsd:element ref="cbc:ID" minOccurs="0" maxOccurs="1">
        <xsd:annotation>
          <xsd:documentation>
            <ccts:Component>
              <ccts:ComponentType>BBIE</ccts:ComponentType>
              <ccts:DictionaryEntryName>Branch. Identifier</ccts:DictionaryEntryName>
              <ccts:Definition>An identifier for a branch or division of an organization.</ccts:Definition>
              <ccts:Cardinality>0..1</ccts:Cardinality>
              <ccts:ObjectClass>Branch</ccts:ObjectClass>
              <ccts:PropertyTerm>Identifier</ccts:PropertyTerm>
              <ccts:RepresentationTerm>Identifier</ccts:RepresentationTerm>
              <ccts:DataType>Identifier. Type</ccts:DataType>
            </ccts:Component>
          </xsd:documentation>
        </xsd:annotation>
      </xsd:element>
      <xsd:element ref="cbc:Name" minOccurs="0" maxOccurs="1">
        <xsd:annotation>
          <xsd:documentation>
            <ccts:Component>
              <ccts:ComponentType>BBIE</ccts:ComponentType>
              <ccts:DictionaryEntryName>Branch. Name</ccts:DictionaryEntryName>
              <ccts:Definition>The name of a branch or division of an organization.</ccts:Definition>
              <ccts:Cardinality>0..1</ccts:Cardinality>
              <ccts:ObjectClass>Branch</ccts:ObjectClass>
              <ccts:PropertyTerm>Name</ccts:PropertyTerm>
              <ccts:RepresentationTerm>Name</ccts:RepresentationTerm>
              <ccts:DataType>Name. Type</ccts:DataType>
            </ccts:Component>
          </xsd:documentation>
        </xsd:annotation>
      </xsd:element>
      <xsd:element ref="FinancialInstitution" minOccurs="0" maxOccurs="1">
        <xsd:annotation>
          <xsd:documentation>
            <ccts:Component>
              <ccts:ComponentType>ASBIE</ccts:ComponentType>
              <ccts:DictionaryEntryName>Branch. Financial Institution</ccts:DictionaryEntryName>
              <ccts:Definition>An association to Financial Institution.</ccts:Definition>
              <ccts:Cardinality>0..1</ccts:Cardinality>
              <ccts:ObjectClass>Branch</ccts:ObjectClass>
              <ccts:PropertyTerm>Financial Institution</ccts:PropertyTerm>
              <ccts:AssociatedObjectClass>Financial Institution</ccts:AssociatedObjectClass>
            </ccts:Component>
          </xsd:documentation>
        </xsd:annotation>
      </xsd:element>
      <xsd:element ref="Address" minOccurs="0" maxOccurs="1">
        <xsd:annotation>
          <xsd:documentation>
            <ccts:Component>
              <ccts:ComponentType>ASBIE</ccts:ComponentType>
              <ccts:DictionaryEntryName>Branch. Address</ccts:DictionaryEntryName>
              <ccts:Definition>An association to Address.</ccts:Definition>
              <ccts:Cardinality>0..1</ccts:Cardinality>
              <ccts:ObjectClass>Branch</ccts:ObjectClass>
              <ccts:PropertyTerm>Address</ccts:PropertyTerm>
              <ccts:AssociatedObjectClass>Address</ccts:AssociatedObjectClass>
            </ccts:Component>
          </xsd:documentation>
        </xsd:annotation>
      </xsd:element>
    </xsd:sequence>
  </xsd:complexType>
  <xsd:complexType name="CardAccountType">
    <xsd:annotation>
      <xsd:documentation>
        <ccts:Component>
          <ccts:ComponentType>ABIE</ccts:ComponentType>
          <ccts:DictionaryEntryName>Card Account. Details</ccts:DictionaryEntryName>
          <ccts:Definition>Information about a credit card, debit card, or charge card.</ccts:Definition>
          <ccts:ObjectClass>Card Account</ccts:ObjectClass>
        </ccts:Component>
      </xsd:documentation>
    </xsd:annotation>
    <xsd:sequence>
      <xsd:element ref="cbc:PrimaryAccountNumberID" minOccurs="1" maxOccurs="1">
        <xsd:annotation>
          <xsd:documentation>
            <ccts:Component>
              <ccts:ComponentType>BBIE</ccts:ComponentType>
              <ccts:DictionaryEntryName>Card Account. Primary_ Account Number. Identifier</ccts:DictionaryEntryName>
              <ccts:Definition>The card number; the Primary Account Number (PAN).</ccts:Definition>
              <ccts:Cardinality>1</ccts:Cardinality>
              <ccts:ObjectClass>Card Account</ccts:ObjectClass>
              <ccts:PropertyTermQualifier>Primary</ccts:PropertyTermQualifier>
              <ccts:PropertyTerm>Account Number</ccts:PropertyTerm>
              <ccts:RepresentationTerm>Identifier</ccts:RepresentationTerm>
              <ccts:DataType>Identifier. Type</ccts:DataType>
              <ccts:Examples>4558 XXXX XXXX XXXX (a real card number)</ccts:Examples>
            </ccts:Component>
          </xsd:documentation>
        </xsd:annotation>
      </xsd:element>
      <xsd:element ref="cbc:NetworkID" minOccurs="1" maxOccurs="1">
        <xsd:annotation>
          <xsd:documentation>
            <ccts:Component>
              <ccts:ComponentType>BBIE</ccts:ComponentType>
              <ccts:DictionaryEntryName>Card Account. Network. Identifier</ccts:DictionaryEntryName>
              <ccts:Definition>The card network provider.</ccts:Definition>
              <ccts:Cardinality>1</ccts:Cardinality>
              <ccts:ObjectClass>Card Account</ccts:ObjectClass>
              <ccts:PropertyTerm>Network</ccts:PropertyTerm>
              <ccts:RepresentationTerm>Identifier</ccts:RepresentationTerm>
              <ccts:DataType>Identifier. Type</ccts:DataType>
              <ccts:Examples>“VISA”, “MasterCard”, “American Express”</ccts:Examples>
            </ccts:Component>
          </xsd:documentation>
        </xsd:annotation>
      </xsd:element>
      <xsd:element ref="cbc:CardTypeCode" minOccurs="0" maxOccurs="1">
        <xsd:annotation>
          <xsd:documentation>
            <ccts:Component>
              <ccts:ComponentType>BBIE</ccts:ComponentType>
              <ccts:DictionaryEntryName>Card Account. Card Type Code. Code</ccts:DictionaryEntryName>
              <ccts:Definition>The type of card.</ccts:Definition>
              <ccts:Cardinality>0..1</ccts:Cardinality>
              <ccts:ObjectClass>Card Account</ccts:ObjectClass>
              <ccts:PropertyTerm>Card Type Code</ccts:PropertyTerm>
              <ccts:RepresentationTerm>Code</ccts:RepresentationTerm>
              <ccts:DataType>Code. Type</ccts:DataType>
              <ccts:Examples>“Debit Card”, “Credit Card”, “Procurement Card”</ccts:Examples>
            </ccts:Component>
          </xsd:documentation>
        </xsd:annotation>
      </xsd:element>
      <xsd:element ref="cbc:ValidityStartDate" minOccurs="0" maxOccurs="1">
        <xsd:annotation>
          <xsd:documentation>
            <ccts:Component>
              <ccts:ComponentType>BBIE</ccts:ComponentType>
              <ccts:DictionaryEntryName>Card Account. Validity Start Date. Date</ccts:DictionaryEntryName>
              <ccts:Definition>The date from which the card is valid.</ccts:Definition>
              <ccts:Cardinality>0..1</ccts:Cardinality>
              <ccts:ObjectClass>Card Account</ccts:ObjectClass>
              <ccts:PropertyTerm>Validity Start Date</ccts:PropertyTerm>
              <ccts:RepresentationTerm>Date</ccts:RepresentationTerm>
              <ccts:DataType>Date. Type</ccts:DataType>
            </ccts:Component>
          </xsd:documentation>
        </xsd:annotation>
      </xsd:element>
      <xsd:element ref="cbc:ExpiryDate" minOccurs="0" maxOccurs="1">
        <xsd:annotation>
          <xsd:documentation>
            <ccts:Component>
              <ccts:ComponentType>BBIE</ccts:ComponentType>
              <ccts:DictionaryEntryName>Card Account. Expiry Date. Date</ccts:DictionaryEntryName>
              <ccts:Definition>The date up to which the card is valid.</ccts:Definition>
              <ccts:Cardinality>0..1</ccts:Cardinality>
              <ccts:ObjectClass>Card Account</ccts:ObjectClass>
              <ccts:PropertyTerm>Expiry Date</ccts:PropertyTerm>
              <ccts:RepresentationTerm>Date</ccts:RepresentationTerm>
              <ccts:DataType>Date. Type</ccts:DataType>
            </ccts:Component>
          </xsd:documentation>
        </xsd:annotation>
      </xsd:element>
      <xsd:element ref="cbc:IssuerID" minOccurs="0" maxOccurs="1">
        <xsd:annotation>
          <xsd:documentation>
            <ccts:Component>
              <ccts:ComponentType>BBIE</ccts:ComponentType>
              <ccts:DictionaryEntryName>Card Account. Issuer. Identifier</ccts:DictionaryEntryName>
              <ccts:Definition>The identifier for the card issuer.</ccts:Definition>
              <ccts:Cardinality>0..1</ccts:Cardinality>
              <ccts:ObjectClass>Card Account</ccts:ObjectClass>
              <ccts:PropertyTerm>Issuer</ccts:PropertyTerm>
              <ccts:RepresentationTerm>Identifier</ccts:RepresentationTerm>
              <ccts:DataType>Identifier. Type</ccts:DataType>
            </ccts:Component>
          </xsd:documentation>
        </xsd:annotation>
      </xsd:element>
      <xsd:element ref="cbc:IssueNumberID" minOccurs="0" maxOccurs="1">
        <xsd:annotation>
          <xsd:documentation>
            <ccts:Component>
              <ccts:ComponentType>BBIE</ccts:ComponentType>
              <ccts:DictionaryEntryName>Card Account. Issue Number. Identifier</ccts:DictionaryEntryName>
              <ccts:Definition>The card issue number.</ccts:Definition>
              <ccts:Cardinality>0..1</ccts:Cardinality>
              <ccts:ObjectClass>Card Account</ccts:ObjectClass>
              <ccts:PropertyTerm>Issue Number</ccts:PropertyTerm>
              <ccts:RepresentationTerm>Identifier</ccts:RepresentationTerm>
              <ccts:DataType>Identifier. Type</ccts:DataType>
            </ccts:Component>
          </xsd:documentation>
        </xsd:annotation>
      </xsd:element>
      <xsd:element ref="cbc:CV2ID" minOccurs="0" maxOccurs="1">
        <xsd:annotation>
          <xsd:documentation>
            <ccts:Component>
              <ccts:ComponentType>BBIE</ccts:ComponentType>
              <ccts:DictionaryEntryName>Card Account. CV2. Identifier</ccts:DictionaryEntryName>
              <ccts:Definition>The Card Verification Value.</ccts:Definition>
              <ccts:Cardinality>0..1</ccts:Cardinality>
              <ccts:ObjectClass>Card Account</ccts:ObjectClass>
              <ccts:PropertyTerm>CV2</ccts:PropertyTerm>
              <ccts:RepresentationTerm>Identifier</ccts:RepresentationTerm>
              <ccts:DataType>Identifier. Type</ccts:DataType>
            </ccts:Component>
          </xsd:documentation>
        </xsd:annotation>
      </xsd:element>
      <xsd:element ref="cbc:CardChipCode" minOccurs="0" maxOccurs="1">
        <xsd:annotation>
          <xsd:documentation>
            <ccts:Component>
              <ccts:ComponentType>BBIE</ccts:ComponentType>
              <ccts:DictionaryEntryName>Card Account. Card Chip Code. Code</ccts:DictionaryEntryName>
              <ccts:Definition>The distinction between CHIP and MAG STRIPE cards.</ccts:Definition>
              <ccts:Cardinality>0..1</ccts:Cardinality>
              <ccts:ObjectClass>Card Account</ccts:ObjectClass>
              <ccts:PropertyTerm>Card Chip Code</ccts:PropertyTerm>
              <ccts:RepresentationTerm>Code</ccts:RepresentationTerm>
              <ccts:DataType>Chip_ Code. Type</ccts:DataType>
            </ccts:Component>
          </xsd:documentation>
        </xsd:annotation>
      </xsd:element>
      <xsd:element ref="cbc:ChipApplicationID" minOccurs="0" maxOccurs="1">
        <xsd:annotation>
          <xsd:documentation>
            <ccts:Component>
              <ccts:ComponentType>BBIE</ccts:ComponentType>
              <ccts:DictionaryEntryName>Card Account. Chip_ Application. Identifier</ccts:DictionaryEntryName>
              <ccts:Definition>An identifier for the application (AID) on a chip card that provides the information quoted.</ccts:Definition>
              <ccts:Cardinality>0..1</ccts:Cardinality>
              <ccts:ObjectClass>Card Account</ccts:ObjectClass>
              <ccts:PropertyTermQualifier>Chip</ccts:PropertyTermQualifier>
              <ccts:PropertyTerm>Application</ccts:PropertyTerm>
              <ccts:RepresentationTerm>Identifier</ccts:RepresentationTerm>
              <ccts:DataType>Identifier. Type</ccts:DataType>
            </ccts:Component>
          </xsd:documentation>
        </xsd:annotation>
      </xsd:element>
      <xsd:element ref="cbc:HolderName" minOccurs="0" maxOccurs="1">
        <xsd:annotation>
          <xsd:documentation>
            <ccts:Component>
              <ccts:ComponentType>BBIE</ccts:ComponentType>
              <ccts:DictionaryEntryName>Card Account. Holder. Name</ccts:DictionaryEntryName>
              <ccts:Definition>The name of the cardholder.</ccts:Definition>
              <ccts:Cardinality>0..1</ccts:Cardinality>
              <ccts:ObjectClass>Card Account</ccts:ObjectClass>
              <ccts:PropertyTerm>Holder</ccts:PropertyTerm>
              <ccts:RepresentationTerm>Name</ccts:RepresentationTerm>
              <ccts:DataType>Name. Type</ccts:DataType>
            </ccts:Component>
          </xsd:documentation>
        </xsd:annotation>
      </xsd:element>
    </xsd:sequence>
  </xsd:complexType>
  <xsd:complexType name="CatalogueItemSpecificationUpdateLineType">
    <xsd:annotation>
      <xsd:documentation>
        <ccts:Component>
          <ccts:ComponentType>ABIE</ccts:ComponentType>
          <ccts:DictionaryEntryName>Catalogue Item Specification Update Line. Details</ccts:DictionaryEntryName>
          <ccts:Definition>Details of Catalogue Line Item Specification.</ccts:Definition>
          <ccts:ObjectClass>Catalogue Item Specification Update Line</ccts:ObjectClass>
        </ccts:Component>
      </xsd:documentation>
    </xsd:annotation>
    <xsd:sequence>
      <xsd:element ref="cbc:ID" minOccurs="1" maxOccurs="1">
        <xsd:annotation>
          <xsd:documentation>
            <ccts:Component>
              <ccts:ComponentType>BBIE</ccts:ComponentType>
              <ccts:DictionaryEntryName>Catalogue Item Specification Update Line. Identifier</ccts:DictionaryEntryName>
              <ccts:Definition>A unique instance identifier for the line in this Catalogue document.</ccts:Definition>
              <ccts:Cardinality>1</ccts:Cardinality>
              <ccts:ObjectClass>Catalogue Item Specification Update Line</ccts:ObjectClass>
              <ccts:PropertyTerm>Identifier</ccts:PropertyTerm>
              <ccts:RepresentationTerm>Identifier</ccts:RepresentationTerm>
              <ccts:DataType>Identifier. Type</ccts:DataType>
              <ccts:Examples>"1"</ccts:Examples>
            </ccts:Component>
          </xsd:documentation>
        </xsd:annotation>
      </xsd:element>
      <xsd:element ref="ContractorCustomerParty" minOccurs="0" maxOccurs="1">
        <xsd:annotation>
          <xsd:documentation>
            <ccts:Component>
              <ccts:ComponentType>ASBIE</ccts:ComponentType>
              <ccts:DictionaryEntryName>Catalogue Item Specification Update Line. Contractor_ Customer Party. Customer Party</ccts:DictionaryEntryName>
              <ccts:Definition>The Customer Party responsible for the contract to which the Catalogue relates.</ccts:Definition>
              <ccts:Cardinality>0..1</ccts:Cardinality>
              <ccts:ObjectClass>Catalogue Item Specification Update Line</ccts:ObjectClass>
              <ccts:PropertyTermQualifier>Contractor</ccts:PropertyTermQualifier>
              <ccts:PropertyTerm>Customer Party</ccts:PropertyTerm>
              <ccts:AssociatedObjectClass>Customer Party</ccts:AssociatedObjectClass>
            </ccts:Component>
          </xsd:documentation>
        </xsd:annotation>
      </xsd:element>
      <xsd:element ref="SellerSupplierParty" minOccurs="0" maxOccurs="1">
        <xsd:annotation>
          <xsd:documentation>
            <ccts:Component>
              <ccts:ComponentType>ASBIE</ccts:ComponentType>
              <ccts:DictionaryEntryName>Catalogue Item Specification Update Line. Seller_ Supplier Party. Supplier Party</ccts:DictionaryEntryName>
              <ccts:Definition>An association to the Seller of the item.</ccts:Definition>
              <ccts:Cardinality>0..1</ccts:Cardinality>
              <ccts:ObjectClass>Catalogue Item Specification Update Line</ccts:ObjectClass>
              <ccts:PropertyTermQualifier>Seller</ccts:PropertyTermQualifier>
              <ccts:PropertyTerm>Supplier Party</ccts:PropertyTerm>
              <ccts:AssociatedObjectClass>Supplier Party</ccts:AssociatedObjectClass>
            </ccts:Component>
          </xsd:documentation>
        </xsd:annotation>
      </xsd:element>
      <xsd:element ref="Item" minOccurs="1" maxOccurs="1">
        <xsd:annotation>
          <xsd:documentation>
            <ccts:Component>
              <ccts:ComponentType>ASBIE</ccts:ComponentType>
              <ccts:DictionaryEntryName>Catalogue Item Specification Update Line. Item</ccts:DictionaryEntryName>
              <ccts:Definition>An association to Item itself.</ccts:Definition>
              <ccts:Cardinality>1</ccts:Cardinality>
              <ccts:ObjectClass>Catalogue Item Specification Update Line</ccts:ObjectClass>
              <ccts:PropertyTerm>Item</ccts:PropertyTerm>
              <ccts:AssociatedObjectClass>Item</ccts:AssociatedObjectClass>
            </ccts:Component>
          </xsd:documentation>
        </xsd:annotation>
      </xsd:element>
    </xsd:sequence>
  </xsd:complexType>
  <xsd:complexType name="CatalogueLineType">
    <xsd:annotation>
      <xsd:documentation>
        <ccts:Component>
          <ccts:ComponentType>ABIE</ccts:ComponentType>
          <ccts:DictionaryEntryName>Catalogue Line. Details</ccts:DictionaryEntryName>
          <ccts:Definition>The basic element of Catalogue; something that can be bought.</ccts:Definition>
          <ccts:ObjectClass>Catalogue Line</ccts:ObjectClass>
        </ccts:Component>
      </xsd:documentation>
    </xsd:annotation>
    <xsd:sequence>
      <xsd:element ref="cbc:ID" minOccurs="1" maxOccurs="1">
        <xsd:annotation>
          <xsd:documentation>
            <ccts:Component>
              <ccts:ComponentType>BBIE</ccts:ComponentType>
              <ccts:DictionaryEntryName>Catalogue Line. Identifier</ccts:DictionaryEntryName>
              <ccts:Definition>A unique instance identifier for the line in this Catalogue document.</ccts:Definition>
              <ccts:Cardinality>1</ccts:Cardinality>
              <ccts:ObjectClass>Catalogue Line</ccts:ObjectClass>
              <ccts:PropertyTerm>Identifier</ccts:PropertyTerm>
              <ccts:RepresentationTerm>Identifier</ccts:RepresentationTerm>
              <ccts:DataType>Identifier. Type</ccts:DataType>
              <ccts:Examples>"1"</ccts:Examples>
            </ccts:Component>
          </xsd:documentation>
        </xsd:annotation>
      </xsd:element>
      <xsd:element ref="cbc:ActionCode" minOccurs="0" maxOccurs="1">
        <xsd:annotation>
          <xsd:documentation>
            <ccts:Component>
              <ccts:ComponentType>BBIE</ccts:ComponentType>
              <ccts:DictionaryEntryName>Catalogue Line. Action Code. Code</ccts:DictionaryEntryName>
              <ccts:Definition>Code indicating the action required for this item to synchronize with external repositories.</ccts:Definition>
              <ccts:Cardinality>0..1</ccts:Cardinality>
              <ccts:ObjectClass>Catalogue Line</ccts:ObjectClass>
              <ccts:PropertyTerm>Action Code</ccts:PropertyTerm>
              <ccts:RepresentationTerm>Code</ccts:RepresentationTerm>
              <ccts:DataType>Code. Type</ccts:DataType>
              <ccts:Examples>"Replace", "Update", "Delete","Add"</ccts:Examples>
            </ccts:Component>
          </xsd:documentation>
        </xsd:annotation>
      </xsd:element>
      <xsd:element ref="cbc:LifeCycleStatusCode" minOccurs="0" maxOccurs="1">
        <xsd:annotation>
          <xsd:documentation>
            <ccts:Component>
              <ccts:ComponentType>BBIE</ccts:ComponentType>
              <ccts:DictionaryEntryName>Catalogue Line. Life Cycle Status Code. Code</ccts:DictionaryEntryName>
              <ccts:Definition>Code indicating availability of this line.</ccts:Definition>
              <ccts:Cardinality>0..1</ccts:Cardinality>
              <ccts:ObjectClass>Catalogue Line</ccts:ObjectClass>
              <ccts:PropertyTerm>Life Cycle Status Code</ccts:PropertyTerm>
              <ccts:RepresentationTerm>Code</ccts:RepresentationTerm>
              <ccts:DataType>Code. Type</ccts:DataType>
              <ccts:Examples>"new - announcement only", "new and available", "deleted - announcement only"</ccts:Examples>
            </ccts:Component>
          </xsd:documentation>
        </xsd:annotation>
      </xsd:element>
      <xsd:element ref="cbc:ContractSubdivision" minOccurs="0" maxOccurs="1">
        <xsd:annotation>
          <xsd:documentation>
            <ccts:Component>
              <ccts:ComponentType>BBIE</ccts:ComponentType>
              <ccts:DictionaryEntryName>Catalogue Line. Contract Subdivision. Text</ccts:DictionaryEntryName>
              <ccts:Definition>Identifies a subdivision of a contract or tender.</ccts:Definition>
              <ccts:Cardinality>0..1</ccts:Cardinality>
              <ccts:ObjectClass>Catalogue Line</ccts:ObjectClass>
              <ccts:PropertyTerm>Contract Subdivision</ccts:PropertyTerm>
              <ccts:RepresentationTerm>Text</ccts:RepresentationTerm>
              <ccts:DataType>Text. Type</ccts:DataType>
              <ccts:Examples>"Installation", "Phase One", Support and Maintenance"</ccts:Examples>
            </ccts:Component>
          </xsd:documentation>
        </xsd:annotation>
      </xsd:element>
      <xsd:element ref="cbc:Note" minOccurs="0" maxOccurs="unbounded">
        <xsd:annotation>
          <xsd:documentation>
            <ccts:Component>
              <ccts:ComponentType>BBIE</ccts:ComponentType>
              <ccts:DictionaryEntryName>Catalogue Line. Note. Text</ccts:DictionaryEntryName>
              <ccts:Definition>Free-text note used for non-structured information about the line in the specific Catalogue document (intended to be human readable).</ccts:Definition>
              <ccts:Cardinality>0..n</ccts:Cardinality>
              <ccts:ObjectClass>Catalogue Line</ccts:ObjectClass>
              <ccts:PropertyTerm>Note</ccts:PropertyTerm>
              <ccts:RepresentationTerm>Text</ccts:RepresentationTerm>
              <ccts:DataType>Text. Type</ccts:DataType>
            </ccts:Component>
          </xsd:documentation>
        </xsd:annotation>
      </xsd:element>
      <xsd:element ref="cbc:OrderableIndicator" minOccurs="0" maxOccurs="1">
        <xsd:annotation>
          <xsd:documentation>
            <ccts:Component>
              <ccts:ComponentType>BBIE</ccts:ComponentType>
              <ccts:DictionaryEntryName>Catalogue Line. Orderable_ Indicator. Indicator</ccts:DictionaryEntryName>
              <ccts:Definition>Indicates whether the line is orderable (that is, not just for information only).</ccts:Definition>
              <ccts:Cardinality>0..1</ccts:Cardinality>
              <ccts:ObjectClass>Catalogue Line</ccts:ObjectClass>
              <ccts:PropertyTermQualifier>Orderable</ccts:PropertyTermQualifier>
              <ccts:PropertyTerm>Indicator</ccts:PropertyTerm>
              <ccts:RepresentationTerm>Indicator</ccts:RepresentationTerm>
              <ccts:DataType>Indicator. Type</ccts:DataType>
              <ccts:Examples>TRUE means orderable, FALSE means not orderable</ccts:Examples>
            </ccts:Component>
          </xsd:documentation>
        </xsd:annotation>
      </xsd:element>
      <xsd:element ref="cbc:OrderableUnit" minOccurs="0" maxOccurs="1">
        <xsd:annotation>
          <xsd:documentation>
            <ccts:Component>
              <ccts:ComponentType>BBIE</ccts:ComponentType>
              <ccts:DictionaryEntryName>Catalogue Line. Orderable_ Unit. Text</ccts:DictionaryEntryName>
              <ccts:Definition>The unit that can be ordered.</ccts:Definition>
              <ccts:Cardinality>0..1</ccts:Cardinality>
              <ccts:ObjectClass>Catalogue Line</ccts:ObjectClass>
              <ccts:PropertyTermQualifier>Orderable</ccts:PropertyTermQualifier>
              <ccts:PropertyTerm>Unit</ccts:PropertyTerm>
              <ccts:RepresentationTerm>Text</ccts:RepresentationTerm>
              <ccts:DataType>Text. Type</ccts:DataType>
            </ccts:Component>
          </xsd:documentation>
        </xsd:annotation>
      </xsd:element>
      <xsd:element ref="cbc:ContentUnitQuantity" minOccurs="0" maxOccurs="1">
        <xsd:annotation>
          <xsd:documentation>
            <ccts:Component>
              <ccts:ComponentType>BBIE</ccts:ComponentType>
              <ccts:DictionaryEntryName>Catalogue Line. Content Unit. Quantity</ccts:DictionaryEntryName>
              <ccts:Definition>The quantity of the order unit of measure of the line.</ccts:Definition>
              <ccts:Cardinality>0..1</ccts:Cardinality>
              <ccts:ObjectClass>Catalogue Line</ccts:ObjectClass>
              <ccts:PropertyTerm>Content Unit</ccts:PropertyTerm>
              <ccts:RepresentationTerm>Quantity</ccts:RepresentationTerm>
              <ccts:DataType>Quantity. Type</ccts:DataType>
              <ccts:Examples>If order unit measure identifier is "each", then content unit quantity is "1".</ccts:Examples>
            </ccts:Component>
          </xsd:documentation>
        </xsd:annotation>
      </xsd:element>
      <xsd:element ref="cbc:OrderQuantityIncrementNumeric" minOccurs="0" maxOccurs="1">
        <xsd:annotation>
          <xsd:documentation>
            <ccts:Component>
              <ccts:ComponentType>BBIE</ccts:ComponentType>
              <ccts:DictionaryEntryName>Catalogue Line. Order Quantity Increment. Numeric</ccts:DictionaryEntryName>
              <ccts:Definition>The number of items that can set the order quantity increments.</ccts:Definition>
              <ccts:Cardinality>0..1</ccts:Cardinality>
              <ccts:ObjectClass>Catalogue Line</ccts:ObjectClass>
              <ccts:PropertyTerm>Order Quantity Increment</ccts:PropertyTerm>
              <ccts:RepresentationTerm>Numeric</ccts:RepresentationTerm>
              <ccts:DataType>Numeric. Type</ccts:DataType>
            </ccts:Component>
          </xsd:documentation>
        </xsd:annotation>
      </xsd:element>
      <xsd:element ref="cbc:MinimumOrderQuantity" minOccurs="0" maxOccurs="1">
        <xsd:annotation>
          <xsd:documentation>
            <ccts:Component>
              <ccts:ComponentType>BBIE</ccts:ComponentType>
              <ccts:DictionaryEntryName>Catalogue Line. Minimum_ Order Quantity. Quantity</ccts:DictionaryEntryName>
              <ccts:Definition>The minimum amount of items that can be ordered.</ccts:Definition>
              <ccts:Cardinality>0..1</ccts:Cardinality>
              <ccts:ObjectClass>Catalogue Line</ccts:ObjectClass>
              <ccts:PropertyTermQualifier>Minimum</ccts:PropertyTermQualifier>
              <ccts:PropertyTerm>Order Quantity</ccts:PropertyTerm>
              <ccts:RepresentationTerm>Quantity</ccts:RepresentationTerm>
              <ccts:DataType>Quantity. Type</ccts:DataType>
              <ccts:Examples>"10 boxes"</ccts:Examples>
            </ccts:Component>
          </xsd:documentation>
        </xsd:annotation>
      </xsd:element>
      <xsd:element ref="cbc:MaximumOrderQuantity" minOccurs="0" maxOccurs="1">
        <xsd:annotation>
          <xsd:documentation>
            <ccts:Component>
              <ccts:ComponentType>BBIE</ccts:ComponentType>
              <ccts:DictionaryEntryName>Catalogue Line. Maximum_ Order Quantity. Quantity</ccts:DictionaryEntryName>
              <ccts:Definition>The maximum amount of items that can be ordered.</ccts:Definition>
              <ccts:Cardinality>0..1</ccts:Cardinality>
              <ccts:ObjectClass>Catalogue Line</ccts:ObjectClass>
              <ccts:PropertyTermQualifier>Maximum</ccts:PropertyTermQualifier>
              <ccts:PropertyTerm>Order Quantity</ccts:PropertyTerm>
              <ccts:RepresentationTerm>Quantity</ccts:RepresentationTerm>
              <ccts:DataType>Quantity. Type</ccts:DataType>
              <ccts:Examples>"1 tonne"</ccts:Examples>
            </ccts:Component>
          </xsd:documentation>
        </xsd:annotation>
      </xsd:element>
      <xsd:element ref="cbc:WarrantyInformation" minOccurs="0" maxOccurs="unbounded">
        <xsd:annotation>
          <xsd:documentation>
            <ccts:Component>
              <ccts:ComponentType>BBIE</ccts:ComponentType>
              <ccts:DictionaryEntryName>Catalogue Line. Warranty_ Information. Text</ccts:DictionaryEntryName>
              <ccts:Definition>Information regarding the warranty for the good or service.  Warranty may be provided by any Party (can be described in the assiciation to Warranty Party).</ccts:Definition>
              <ccts:Cardinality>0..n</ccts:Cardinality>
              <ccts:ObjectClass>Catalogue Line</ccts:ObjectClass>
              <ccts:PropertyTermQualifier>Warranty</ccts:PropertyTermQualifier>
              <ccts:PropertyTerm>Information</ccts:PropertyTerm>
              <ccts:RepresentationTerm>Text</ccts:RepresentationTerm>
              <ccts:DataType>Text. Type</ccts:DataType>
              <ccts:Examples>"Unless specified otherwise and in addition to any rights the Customer may have under statute, Dell warrants to the Customer that Dell branded Products (excluding third party products and software), will be free from defects in materials and workmanship affecting normal use for a period of one year from invoice date ('Standard Warranty')."</ccts:Examples>
            </ccts:Component>
          </xsd:documentation>
        </xsd:annotation>
      </xsd:element>
      <xsd:element ref="cbc:PackLevelCode" minOccurs="0" maxOccurs="1">
        <xsd:annotation>
          <xsd:documentation>
            <ccts:Component>
              <ccts:ComponentType>BBIE</ccts:ComponentType>
              <ccts:DictionaryEntryName>Catalogue Line. Pack Level Code. Code</ccts:DictionaryEntryName>
              <ccts:Definition>The level of packaging involved.</ccts:Definition>
              <ccts:Cardinality>0..1</ccts:Cardinality>
              <ccts:ObjectClass>Catalogue Line</ccts:ObjectClass>
              <ccts:PropertyTerm>Pack Level Code</ccts:PropertyTerm>
              <ccts:RepresentationTerm>Code</ccts:RepresentationTerm>
              <ccts:DataType>Code. Type</ccts:DataType>
              <ccts:AlternativeBusinessTerms>Consumer Unit, Trading Unit</ccts:AlternativeBusinessTerms>
              <ccts:Examples>"level 2", "Group 4"</ccts:Examples>
            </ccts:Component>
          </xsd:documentation>
        </xsd:annotation>
      </xsd:element>
      <xsd:element ref="ContractorCustomerParty" minOccurs="0" maxOccurs="1">
        <xsd:annotation>
          <xsd:documentation>
            <ccts:Component>
              <ccts:ComponentType>ASBIE</ccts:ComponentType>
              <ccts:DictionaryEntryName>Catalogue Line. Contractor_ Customer Party. Customer Party</ccts:DictionaryEntryName>
              <ccts:Definition>The Customer Party responsible for the contract to which the Catalogue relates.</ccts:Definition>
              <ccts:Cardinality>0..1</ccts:Cardinality>
              <ccts:ObjectClass>Catalogue Line</ccts:ObjectClass>
              <ccts:PropertyTermQualifier>Contractor</ccts:PropertyTermQualifier>
              <ccts:PropertyTerm>Customer Party</ccts:PropertyTerm>
              <ccts:AssociatedObjectClass>Customer Party</ccts:AssociatedObjectClass>
            </ccts:Component>
          </xsd:documentation>
        </xsd:annotation>
      </xsd:element>
      <xsd:element ref="SellerSupplierParty" minOccurs="0" maxOccurs="1">
        <xsd:annotation>
          <xsd:documentation>
            <ccts:Component>
              <ccts:ComponentType>ASBIE</ccts:ComponentType>
              <ccts:DictionaryEntryName>Catalogue Line. Seller_ Supplier Party. Supplier Party</ccts:DictionaryEntryName>
              <ccts:Definition>An association to Seller of the item.</ccts:Definition>
              <ccts:Cardinality>0..1</ccts:Cardinality>
              <ccts:ObjectClass>Catalogue Line</ccts:ObjectClass>
              <ccts:PropertyTermQualifier>Seller</ccts:PropertyTermQualifier>
              <ccts:PropertyTerm>Supplier Party</ccts:PropertyTerm>
              <ccts:AssociatedObjectClass>Supplier Party</ccts:AssociatedObjectClass>
            </ccts:Component>
          </xsd:documentation>
        </xsd:annotation>
      </xsd:element>
      <xsd:element ref="WarrantyParty" minOccurs="0" maxOccurs="1">
        <xsd:annotation>
          <xsd:documentation>
            <ccts:Component>
              <ccts:ComponentType>ASBIE</ccts:ComponentType>
              <ccts:DictionaryEntryName>Catalogue Line. Warranty_ Party. Party</ccts:DictionaryEntryName>
              <ccts:Definition>The party responsible for the Warranty.</ccts:Definition>
              <ccts:Cardinality>0..1</ccts:Cardinality>
              <ccts:ObjectClass>Catalogue Line</ccts:ObjectClass>
              <ccts:PropertyTermQualifier>Warranty</ccts:PropertyTermQualifier>
              <ccts:PropertyTerm>Party</ccts:PropertyTerm>
              <ccts:AssociatedObjectClass>Party</ccts:AssociatedObjectClass>
            </ccts:Component>
          </xsd:documentation>
        </xsd:annotation>
      </xsd:element>
      <xsd:element ref="WarrantyValidityPeriod" minOccurs="0" maxOccurs="1">
        <xsd:annotation>
          <xsd:documentation>
            <ccts:Component>
              <ccts:ComponentType>ASBIE</ccts:ComponentType>
              <ccts:DictionaryEntryName>Catalogue Line. Warranty Validity_ Period. Period</ccts:DictionaryEntryName>
              <ccts:Definition>The period for which the Warranty is valid.</ccts:Definition>
              <ccts:Cardinality>0..1</ccts:Cardinality>
              <ccts:ObjectClass>Catalogue Line</ccts:ObjectClass>
              <ccts:PropertyTermQualifier>Warranty Validity</ccts:PropertyTermQualifier>
              <ccts:PropertyTerm>Period</ccts:PropertyTerm>
              <ccts:AssociatedObjectClass>Period</ccts:AssociatedObjectClass>
            </ccts:Component>
          </xsd:documentation>
        </xsd:annotation>
      </xsd:element>
      <xsd:element ref="LineValidityPeriod" minOccurs="0" maxOccurs="1">
        <xsd:annotation>
          <xsd:documentation>
            <ccts:Component>
              <ccts:ComponentType>ASBIE</ccts:ComponentType>
              <ccts:DictionaryEntryName>Catalogue Line. Line Validity_ Period. Period</ccts:DictionaryEntryName>
              <ccts:Definition>The period for which the Catalogue Line is valid.</ccts:Definition>
              <ccts:Cardinality>0..1</ccts:Cardinality>
              <ccts:ObjectClass>Catalogue Line</ccts:ObjectClass>
              <ccts:PropertyTermQualifier>Line Validity</ccts:PropertyTermQualifier>
              <ccts:PropertyTerm>Period</ccts:PropertyTerm>
              <ccts:AssociatedObjectClass>Period</ccts:AssociatedObjectClass>
            </ccts:Component>
          </xsd:documentation>
        </xsd:annotation>
      </xsd:element>
      <xsd:element ref="ItemComparison" minOccurs="0" maxOccurs="unbounded">
        <xsd:annotation>
          <xsd:documentation>
            <ccts:Component>
              <ccts:ComponentType>ASBIE</ccts:ComponentType>
              <ccts:DictionaryEntryName>Catalogue Line. Item Comparison</ccts:DictionaryEntryName>
              <ccts:Definition>An association to comparative details for this Item.</ccts:Definition>
              <ccts:Cardinality>0..n</ccts:Cardinality>
              <ccts:ObjectClass>Catalogue Line</ccts:ObjectClass>
              <ccts:PropertyTerm>Item Comparison</ccts:PropertyTerm>
              <ccts:AssociatedObjectClass>Item Comparison</ccts:AssociatedObjectClass>
            </ccts:Component>
          </xsd:documentation>
        </xsd:annotation>
      </xsd:element>
      <xsd:element ref="ComponentRelatedItem" minOccurs="0" maxOccurs="unbounded">
        <xsd:annotation>
          <xsd:documentation>
            <ccts:Component>
              <ccts:ComponentType>ASBIE</ccts:ComponentType>
              <ccts:DictionaryEntryName>Catalogue Line. Component_ Related Item. Related Item</ccts:DictionaryEntryName>
              <ccts:Definition>An association that describes any catalogue items that may be components of this Item.</ccts:Definition>
              <ccts:Cardinality>0..n</ccts:Cardinality>
              <ccts:ObjectClass>Catalogue Line</ccts:ObjectClass>
              <ccts:PropertyTermQualifier>Component</ccts:PropertyTermQualifier>
              <ccts:PropertyTerm>Related Item</ccts:PropertyTerm>
              <ccts:AssociatedObjectClass>Related Item</ccts:AssociatedObjectClass>
            </ccts:Component>
          </xsd:documentation>
        </xsd:annotation>
      </xsd:element>
      <xsd:element ref="AccessoryRelatedItem" minOccurs="0" maxOccurs="unbounded">
        <xsd:annotation>
          <xsd:documentation>
            <ccts:Component>
              <ccts:ComponentType>ASBIE</ccts:ComponentType>
              <ccts:DictionaryEntryName>Catalogue Line. Accessory_ Related Item. Related Item</ccts:DictionaryEntryName>
              <ccts:Definition>An association that describes any catalogue items that may be optional accessories to this Item.</ccts:Definition>
              <ccts:Cardinality>0..n</ccts:Cardinality>
              <ccts:ObjectClass>Catalogue Line</ccts:ObjectClass>
              <ccts:PropertyTermQualifier>Accessory</ccts:PropertyTermQualifier>
              <ccts:PropertyTerm>Related Item</ccts:PropertyTerm>
              <ccts:AssociatedObjectClass>Related Item</ccts:AssociatedObjectClass>
            </ccts:Component>
          </xsd:documentation>
        </xsd:annotation>
      </xsd:element>
      <xsd:element ref="RequiredRelatedItem" minOccurs="0" maxOccurs="unbounded">
        <xsd:annotation>
          <xsd:documentation>
            <ccts:Component>
              <ccts:ComponentType>ASBIE</ccts:ComponentType>
              <ccts:DictionaryEntryName>Catalogue Line. Required_ Related Item. Related Item</ccts:DictionaryEntryName>
              <ccts:Definition>An association that describes any catalogue items that may be required for this Item.</ccts:Definition>
              <ccts:Cardinality>0..n</ccts:Cardinality>
              <ccts:ObjectClass>Catalogue Line</ccts:ObjectClass>
              <ccts:PropertyTermQualifier>Required</ccts:PropertyTermQualifier>
              <ccts:PropertyTerm>Related Item</ccts:PropertyTerm>
              <ccts:AssociatedObjectClass>Related Item</ccts:AssociatedObjectClass>
            </ccts:Component>
          </xsd:documentation>
        </xsd:annotation>
      </xsd:element>
      <xsd:element ref="ReplacementRelatedItem" minOccurs="0" maxOccurs="unbounded">
        <xsd:annotation>
          <xsd:documentation>
            <ccts:Component>
              <ccts:ComponentType>ASBIE</ccts:ComponentType>
              <ccts:DictionaryEntryName>Catalogue Line. Replacement_ Related Item. Related Item</ccts:DictionaryEntryName>
              <ccts:Definition>An association that describes any catalogue items that may be replacements for this Item.</ccts:Definition>
              <ccts:Cardinality>0..n</ccts:Cardinality>
              <ccts:ObjectClass>Catalogue Line</ccts:ObjectClass>
              <ccts:PropertyTermQualifier>Replacement</ccts:PropertyTermQualifier>
              <ccts:PropertyTerm>Related Item</ccts:PropertyTerm>
              <ccts:AssociatedObjectClass>Related Item</ccts:AssociatedObjectClass>
            </ccts:Component>
          </xsd:documentation>
        </xsd:annotation>
      </xsd:element>
      <xsd:element ref="ComplementaryRelatedItem" minOccurs="0" maxOccurs="unbounded">
        <xsd:annotation>
          <xsd:documentation>
            <ccts:Component>
              <ccts:ComponentType>ASBIE</ccts:ComponentType>
              <ccts:DictionaryEntryName>Catalogue Line. Complementary_ Related Item. Related Item</ccts:DictionaryEntryName>
              <ccts:Definition>An association that describes any catalogue items that may complement this Item.</ccts:Definition>
              <ccts:Cardinality>0..n</ccts:Cardinality>
              <ccts:ObjectClass>Catalogue Line</ccts:ObjectClass>
              <ccts:PropertyTermQualifier>Complementary</ccts:PropertyTermQualifier>
              <ccts:PropertyTerm>Related Item</ccts:PropertyTerm>
              <ccts:AssociatedObjectClass>Related Item</ccts:AssociatedObjectClass>
            </ccts:Component>
          </xsd:documentation>
        </xsd:annotation>
      </xsd:element>
      <xsd:element ref="RequiredItemLocationQuantity" minOccurs="0" maxOccurs="unbounded">
        <xsd:annotation>
          <xsd:documentation>
            <ccts:Component>
              <ccts:ComponentType>ASBIE</ccts:ComponentType>
              <ccts:DictionaryEntryName>Catalogue Line. Required_ Item Location Quantity. Item Location Quantity</ccts:DictionaryEntryName>
              <ccts:Definition>An association to the description of properties related to locations and quantities of the Item.</ccts:Definition>
              <ccts:Cardinality>0..n</ccts:Cardinality>
              <ccts:ObjectClass>Catalogue Line</ccts:ObjectClass>
              <ccts:PropertyTermQualifier>Required</ccts:PropertyTermQualifier>
              <ccts:PropertyTerm>Item Location Quantity</ccts:PropertyTerm>
              <ccts:AssociatedObjectClass>Item Location Quantity</ccts:AssociatedObjectClass>
            </ccts:Component>
          </xsd:documentation>
        </xsd:annotation>
      </xsd:element>
      <xsd:element ref="DocumentReference" minOccurs="0" maxOccurs="unbounded">
        <xsd:annotation>
          <xsd:documentation>
            <ccts:Component>
              <ccts:ComponentType>ASBIE</ccts:ComponentType>
              <ccts:DictionaryEntryName>Catalogue Line. Document Reference</ccts:DictionaryEntryName>
              <ccts:Definition>An association to Document Reference.</ccts:Definition>
              <ccts:Cardinality>0..n</ccts:Cardinality>
              <ccts:ObjectClass>Catalogue Line</ccts:ObjectClass>
              <ccts:PropertyTerm>Document Reference</ccts:PropertyTerm>
              <ccts:AssociatedObjectClass>Document Reference</ccts:AssociatedObjectClass>
            </ccts:Component>
          </xsd:documentation>
        </xsd:annotation>
      </xsd:element>
      <xsd:element ref="Item" minOccurs="1" maxOccurs="1">
        <xsd:annotation>
          <xsd:documentation>
            <ccts:Component>
              <ccts:ComponentType>ASBIE</ccts:ComponentType>
              <ccts:DictionaryEntryName>Catalogue Line. Item</ccts:DictionaryEntryName>
              <ccts:Definition>An association to the Item itself.</ccts:Definition>
              <ccts:Cardinality>1</ccts:Cardinality>
              <ccts:ObjectClass>Catalogue Line</ccts:ObjectClass>
              <ccts:PropertyTerm>Item</ccts:PropertyTerm>
              <ccts:AssociatedObjectClass>Item</ccts:AssociatedObjectClass>
            </ccts:Component>
          </xsd:documentation>
        </xsd:annotation>
      </xsd:element>
    </xsd:sequence>
  </xsd:complexType>
  <xsd:complexType name="CataloguePricingUpdateLineType">
    <xsd:annotation>
      <xsd:documentation>
        <ccts:Component>
          <ccts:ComponentType>ABIE</ccts:ComponentType>
          <ccts:DictionaryEntryName>Catalogue Pricing Update Line. Details</ccts:DictionaryEntryName>
          <ccts:Definition>Details of Catalogue Line Pricing.</ccts:Definition>
          <ccts:ObjectClass>Catalogue Pricing Update Line</ccts:ObjectClass>
        </ccts:Component>
      </xsd:documentation>
    </xsd:annotation>
    <xsd:sequence>
      <xsd:element ref="cbc:ID" minOccurs="1" maxOccurs="1">
        <xsd:annotation>
          <xsd:documentation>
            <ccts:Component>
              <ccts:ComponentType>BBIE</ccts:ComponentType>
              <ccts:DictionaryEntryName>Catalogue Pricing Update Line. Identifier</ccts:DictionaryEntryName>
              <ccts:Definition>A unique instance identifier for the line in this Catalogue document.</ccts:Definition>
              <ccts:Cardinality>1</ccts:Cardinality>
              <ccts:ObjectClass>Catalogue Pricing Update Line</ccts:ObjectClass>
              <ccts:PropertyTerm>Identifier</ccts:PropertyTerm>
              <ccts:RepresentationTerm>Identifier</ccts:RepresentationTerm>
              <ccts:DataType>Identifier. Type</ccts:DataType>
              <ccts:Examples>"1"</ccts:Examples>
            </ccts:Component>
          </xsd:documentation>
        </xsd:annotation>
      </xsd:element>
      <xsd:element ref="ContractorCustomerParty" minOccurs="0" maxOccurs="1">
        <xsd:annotation>
          <xsd:documentation>
            <ccts:Component>
              <ccts:ComponentType>ASBIE</ccts:ComponentType>
              <ccts:DictionaryEntryName>Catalogue Pricing Update Line. Contractor_ Customer Party. Customer Party</ccts:DictionaryEntryName>
              <ccts:Definition>The Customer Party responsible for the contract to which the Catalogue relates.</ccts:Definition>
              <ccts:Cardinality>0..1</ccts:Cardinality>
              <ccts:ObjectClass>Catalogue Pricing Update Line</ccts:ObjectClass>
              <ccts:PropertyTermQualifier>Contractor</ccts:PropertyTermQualifier>
              <ccts:PropertyTerm>Customer Party</ccts:PropertyTerm>
              <ccts:AssociatedObjectClass>Customer Party</ccts:AssociatedObjectClass>
            </ccts:Component>
          </xsd:documentation>
        </xsd:annotation>
      </xsd:element>
      <xsd:element ref="SellerSupplierParty" minOccurs="0" maxOccurs="1">
        <xsd:annotation>
          <xsd:documentation>
            <ccts:Component>
              <ccts:ComponentType>ASBIE</ccts:ComponentType>
              <ccts:DictionaryEntryName>Catalogue Pricing Update Line. Seller_ Supplier Party. Supplier Party</ccts:DictionaryEntryName>
              <ccts:Definition>An association to the Seller of the Item.</ccts:Definition>
              <ccts:Cardinality>0..1</ccts:Cardinality>
              <ccts:ObjectClass>Catalogue Pricing Update Line</ccts:ObjectClass>
              <ccts:PropertyTermQualifier>Seller</ccts:PropertyTermQualifier>
              <ccts:PropertyTerm>Supplier Party</ccts:PropertyTerm>
              <ccts:AssociatedObjectClass>Supplier Party</ccts:AssociatedObjectClass>
            </ccts:Component>
          </xsd:documentation>
        </xsd:annotation>
      </xsd:element>
      <xsd:element ref="RequiredItemLocationQuantity" minOccurs="0" maxOccurs="unbounded">
        <xsd:annotation>
          <xsd:documentation>
            <ccts:Component>
              <ccts:ComponentType>ASBIE</ccts:ComponentType>
              <ccts:DictionaryEntryName>Catalogue Pricing Update Line. Required_ Item Location Quantity. Item Location Quantity</ccts:DictionaryEntryName>
              <ccts:Definition>An association to the description of properties related to locations and quantities of the item.</ccts:Definition>
              <ccts:Cardinality>0..n</ccts:Cardinality>
              <ccts:ObjectClass>Catalogue Pricing Update Line</ccts:ObjectClass>
              <ccts:PropertyTermQualifier>Required</ccts:PropertyTermQualifier>
              <ccts:PropertyTerm>Item Location Quantity</ccts:PropertyTerm>
              <ccts:AssociatedObjectClass>Item Location Quantity</ccts:AssociatedObjectClass>
            </ccts:Component>
          </xsd:documentation>
        </xsd:annotation>
      </xsd:element>
    </xsd:sequence>
  </xsd:complexType>
  <xsd:complexType name="CatalogueReferenceType">
    <xsd:annotation>
      <xsd:documentation>
        <ccts:Component>
          <ccts:ComponentType>ABIE</ccts:ComponentType>
          <ccts:DictionaryEntryName>Catalogue Reference. Details</ccts:DictionaryEntryName>
          <ccts:Definition>A reference to a Catalogue.</ccts:Definition>
          <ccts:ObjectClass>Catalogue Reference</ccts:ObjectClass>
        </ccts:Component>
      </xsd:documentation>
    </xsd:annotation>
    <xsd:sequence>
      <xsd:element ref="cbc:ID" minOccurs="1" maxOccurs="1">
        <xsd:annotation>
          <xsd:documentation>
            <ccts:Component>
              <ccts:ComponentType>BBIE</ccts:ComponentType>
              <ccts:DictionaryEntryName>Catalogue Reference. Identifier</ccts:DictionaryEntryName>
              <ccts:Definition>An identifier for the Catalogue document.</ccts:Definition>
              <ccts:Cardinality>1</ccts:Cardinality>
              <ccts:ObjectClass>Catalogue Reference</ccts:ObjectClass>
              <ccts:PropertyTerm>Identifier</ccts:PropertyTerm>
              <ccts:RepresentationTerm>Identifier</ccts:RepresentationTerm>
              <ccts:DataType>Identifier. Type</ccts:DataType>
            </ccts:Component>
          </xsd:documentation>
        </xsd:annotation>
      </xsd:element>
      <xsd:element ref="cbc:UUID" minOccurs="0" maxOccurs="1">
        <xsd:annotation>
          <xsd:documentation>
            <ccts:Component>
              <ccts:ComponentType>BBIE</ccts:ComponentType>
              <ccts:DictionaryEntryName>Catalogue Reference. UUID. Identifier</ccts:DictionaryEntryName>
              <ccts:Definition>A universally unique identifier for an instance of this ABIE.</ccts:Definition>
              <ccts:Cardinality>0..1</ccts:Cardinality>
              <ccts:ObjectClass>Catalogue Reference</ccts:ObjectClass>
              <ccts:PropertyTerm>UUID</ccts:PropertyTerm>
              <ccts:RepresentationTerm>Identifier</ccts:RepresentationTerm>
              <ccts:DataType>Identifier. Type</ccts:DataType>
            </ccts:Component>
          </xsd:documentation>
        </xsd:annotation>
      </xsd:element>
      <xsd:element ref="cbc:IssueDate" minOccurs="0" maxOccurs="1">
        <xsd:annotation>
          <xsd:documentation>
            <ccts:Component>
              <ccts:ComponentType>BBIE</ccts:ComponentType>
              <ccts:DictionaryEntryName>Catalogue Reference. Issue Date. Date</ccts:DictionaryEntryName>
              <ccts:Definition>The date when the Catalogue was issued.</ccts:Definition>
              <ccts:Cardinality>0..1</ccts:Cardinality>
              <ccts:ObjectClass>Catalogue Reference</ccts:ObjectClass>
              <ccts:PropertyTerm>Issue Date</ccts:PropertyTerm>
              <ccts:RepresentationTerm>Date</ccts:RepresentationTerm>
              <ccts:DataType>Date. Type</ccts:DataType>
            </ccts:Component>
          </xsd:documentation>
        </xsd:annotation>
      </xsd:element>
      <xsd:element ref="cbc:IssueTime" minOccurs="0" maxOccurs="1">
        <xsd:annotation>
          <xsd:documentation>
            <ccts:Component>
              <ccts:ComponentType>BBIE</ccts:ComponentType>
              <ccts:DictionaryEntryName>Catalogue Reference. Issue Time. Time</ccts:DictionaryEntryName>
              <ccts:Definition>The time when the Catalogue was issued.</ccts:Definition>
              <ccts:Cardinality>0..1</ccts:Cardinality>
              <ccts:ObjectClass>Catalogue Reference</ccts:ObjectClass>
              <ccts:PropertyTerm>Issue Time</ccts:PropertyTerm>
              <ccts:RepresentationTerm>Time</ccts:RepresentationTerm>
              <ccts:DataType>Time. Type</ccts:DataType>
            </ccts:Component>
          </xsd:documentation>
        </xsd:annotation>
      </xsd:element>
      <xsd:element ref="cbc:RevisionDate" minOccurs="0" maxOccurs="1">
        <xsd:annotation>
          <xsd:documentation>
            <ccts:Component>
              <ccts:ComponentType>BBIE</ccts:ComponentType>
              <ccts:DictionaryEntryName>Catalogue Reference. Revision Date. Date</ccts:DictionaryEntryName>
              <ccts:Definition>The date on which the information in the Catalogue was revised.</ccts:Definition>
              <ccts:Cardinality>0..1</ccts:Cardinality>
              <ccts:ObjectClass>Catalogue Reference</ccts:ObjectClass>
              <ccts:PropertyTerm>Revision Date</ccts:PropertyTerm>
              <ccts:RepresentationTerm>Date</ccts:RepresentationTerm>
              <ccts:DataType>Date. Type</ccts:DataType>
            </ccts:Component>
          </xsd:documentation>
        </xsd:annotation>
      </xsd:element>
      <xsd:element ref="cbc:RevisionTime" minOccurs="0" maxOccurs="1">
        <xsd:annotation>
          <xsd:documentation>
            <ccts:Component>
              <ccts:ComponentType>BBIE</ccts:ComponentType>
              <ccts:DictionaryEntryName>Catalogue Reference. Revision Time. Time</ccts:DictionaryEntryName>
              <ccts:Definition>The time at which the information in the Catalogue was revised.</ccts:Definition>
              <ccts:Cardinality>0..1</ccts:Cardinality>
              <ccts:ObjectClass>Catalogue Reference</ccts:ObjectClass>
              <ccts:PropertyTerm>Revision Time</ccts:PropertyTerm>
              <ccts:RepresentationTerm>Time</ccts:RepresentationTerm>
              <ccts:DataType>Time. Type</ccts:DataType>
            </ccts:Component>
          </xsd:documentation>
        </xsd:annotation>
      </xsd:element>
      <xsd:element ref="cbc:Note" minOccurs="0" maxOccurs="unbounded">
        <xsd:annotation>
          <xsd:documentation>
            <ccts:Component>
              <ccts:ComponentType>BBIE</ccts:ComponentType>
              <ccts:DictionaryEntryName>Catalogue Reference. Note. Text</ccts:DictionaryEntryName>
              <ccts:Definition>A free-text note about the Catalogue. This is used for information which is only human readable.</ccts:Definition>
              <ccts:Cardinality>0..n</ccts:Cardinality>
              <ccts:ObjectClass>Catalogue Reference</ccts:ObjectClass>
              <ccts:PropertyTerm>Note</ccts:PropertyTerm>
              <ccts:RepresentationTerm>Text</ccts:RepresentationTerm>
              <ccts:DataType>Text. Type</ccts:DataType>
            </ccts:Component>
          </xsd:documentation>
        </xsd:annotation>
      </xsd:element>
      <xsd:element ref="cbc:Description" minOccurs="0" maxOccurs="unbounded">
        <xsd:annotation>
          <xsd:documentation>
            <ccts:Component>
              <ccts:ComponentType>BBIE</ccts:ComponentType>
              <ccts:DictionaryEntryName>Catalogue Reference. Description. Text</ccts:DictionaryEntryName>
              <ccts:Definition>A description of the Catalogue.</ccts:Definition>
              <ccts:Cardinality>0..n</ccts:Cardinality>
              <ccts:ObjectClass>Catalogue Reference</ccts:ObjectClass>
              <ccts:PropertyTerm>Description</ccts:PropertyTerm>
              <ccts:RepresentationTerm>Text</ccts:RepresentationTerm>
              <ccts:DataType>Text. Type</ccts:DataType>
              <ccts:Examples>"computer accessories for laptops"</ccts:Examples>
            </ccts:Component>
          </xsd:documentation>
        </xsd:annotation>
      </xsd:element>
      <xsd:element ref="cbc:VersionID" minOccurs="0" maxOccurs="1">
        <xsd:annotation>
          <xsd:documentation>
            <ccts:Component>
              <ccts:ComponentType>BBIE</ccts:ComponentType>
              <ccts:DictionaryEntryName>Catalogue Reference. Version. Identifier</ccts:DictionaryEntryName>
              <ccts:Definition>Indicates the current version of the Catalogue.</ccts:Definition>
              <ccts:Cardinality>0..1</ccts:Cardinality>
              <ccts:ObjectClass>Catalogue Reference</ccts:ObjectClass>
              <ccts:PropertyTerm>Version</ccts:PropertyTerm>
              <ccts:RepresentationTerm>Identifier</ccts:RepresentationTerm>
              <ccts:DataType>Identifier. Type</ccts:DataType>
              <ccts:Examples>"1.1"</ccts:Examples>
            </ccts:Component>
          </xsd:documentation>
        </xsd:annotation>
      </xsd:element>
      <xsd:element ref="cbc:PreviousVersionID" minOccurs="0" maxOccurs="1">
        <xsd:annotation>
          <xsd:documentation>
            <ccts:Component>
              <ccts:ComponentType>BBIE</ccts:ComponentType>
              <ccts:DictionaryEntryName>Catalogue Reference. Previous_ Version. Identifier</ccts:DictionaryEntryName>
              <ccts:Definition>Indicates the previous version (the version superseded by this Catalogue).</ccts:Definition>
              <ccts:Cardinality>0..1</ccts:Cardinality>
              <ccts:ObjectClass>Catalogue Reference</ccts:ObjectClass>
              <ccts:PropertyTermQualifier>Previous</ccts:PropertyTermQualifier>
              <ccts:PropertyTerm>Version</ccts:PropertyTerm>
              <ccts:RepresentationTerm>Identifier</ccts:RepresentationTerm>
              <ccts:DataType>Identifier. Type</ccts:DataType>
              <ccts:Examples>"1.0"</ccts:Examples>
            </ccts:Component>
          </xsd:documentation>
        </xsd:annotation>
      </xsd:element>
    </xsd:sequence>
  </xsd:complexType>
  <xsd:complexType name="CatalogueRequestLineType">
    <xsd:annotation>
      <xsd:documentation>
        <ccts:Component>
          <ccts:ComponentType>ABIE</ccts:ComponentType>
          <ccts:DictionaryEntryName>Catalogue Request Line. Details</ccts:DictionaryEntryName>
          <ccts:Definition>The basic element of Catalogue; something that can be bought.</ccts:Definition>
          <ccts:ObjectClass>Catalogue Request Line</ccts:ObjectClass>
        </ccts:Component>
      </xsd:documentation>
    </xsd:annotation>
    <xsd:sequence>
      <xsd:element ref="cbc:ID" minOccurs="1" maxOccurs="1">
        <xsd:annotation>
          <xsd:documentation>
            <ccts:Component>
              <ccts:ComponentType>BBIE</ccts:ComponentType>
              <ccts:DictionaryEntryName>Catalogue Request Line. Identifier</ccts:DictionaryEntryName>
              <ccts:Definition>A unique instance identifier for the line in this Catalogue document.</ccts:Definition>
              <ccts:Cardinality>1</ccts:Cardinality>
              <ccts:ObjectClass>Catalogue Request Line</ccts:ObjectClass>
              <ccts:PropertyTerm>Identifier</ccts:PropertyTerm>
              <ccts:RepresentationTerm>Identifier</ccts:RepresentationTerm>
              <ccts:DataType>Identifier. Type</ccts:DataType>
              <ccts:Examples>"1"</ccts:Examples>
            </ccts:Component>
          </xsd:documentation>
        </xsd:annotation>
      </xsd:element>
      <xsd:element ref="cbc:ContractSubdivision" minOccurs="0" maxOccurs="1">
        <xsd:annotation>
          <xsd:documentation>
            <ccts:Component>
              <ccts:ComponentType>BBIE</ccts:ComponentType>
              <ccts:DictionaryEntryName>Catalogue Request Line. Contract Subdivision. Text</ccts:DictionaryEntryName>
              <ccts:Definition>Identifies a subdivision of a contract or tender.</ccts:Definition>
              <ccts:Cardinality>0..1</ccts:Cardinality>
              <ccts:ObjectClass>Catalogue Request Line</ccts:ObjectClass>
              <ccts:PropertyTerm>Contract Subdivision</ccts:PropertyTerm>
              <ccts:RepresentationTerm>Text</ccts:RepresentationTerm>
              <ccts:DataType>Text. Type</ccts:DataType>
              <ccts:Examples>"Installation", "Phase One", Support and Maintenance"</ccts:Examples>
            </ccts:Component>
          </xsd:documentation>
        </xsd:annotation>
      </xsd:element>
      <xsd:element ref="cbc:Note" minOccurs="0" maxOccurs="unbounded">
        <xsd:annotation>
          <xsd:documentation>
            <ccts:Component>
              <ccts:ComponentType>BBIE</ccts:ComponentType>
              <ccts:DictionaryEntryName>Catalogue Request Line. Note. Text</ccts:DictionaryEntryName>
              <ccts:Definition>Free-text note used for non-structured information about the line in the specific Catalogue document (intended to be human readable).</ccts:Definition>
              <ccts:Cardinality>0..n</ccts:Cardinality>
              <ccts:ObjectClass>Catalogue Request Line</ccts:ObjectClass>
              <ccts:PropertyTerm>Note</ccts:PropertyTerm>
              <ccts:RepresentationTerm>Text</ccts:RepresentationTerm>
              <ccts:DataType>Text. Type</ccts:DataType>
            </ccts:Component>
          </xsd:documentation>
        </xsd:annotation>
      </xsd:element>
      <xsd:element ref="LineValidityPeriod" minOccurs="0" maxOccurs="1">
        <xsd:annotation>
          <xsd:documentation>
            <ccts:Component>
              <ccts:ComponentType>ASBIE</ccts:ComponentType>
              <ccts:DictionaryEntryName>Catalogue Request Line. Line Validity_ Period. Period</ccts:DictionaryEntryName>
              <ccts:Definition>The period for which the Catalogue Line is valid.</ccts:Definition>
              <ccts:Cardinality>0..1</ccts:Cardinality>
              <ccts:ObjectClass>Catalogue Request Line</ccts:ObjectClass>
              <ccts:PropertyTermQualifier>Line Validity</ccts:PropertyTermQualifier>
              <ccts:PropertyTerm>Period</ccts:PropertyTerm>
              <ccts:AssociatedObjectClass>Period</ccts:AssociatedObjectClass>
            </ccts:Component>
          </xsd:documentation>
        </xsd:annotation>
      </xsd:element>
      <xsd:element ref="RequiredItemLocationQuantity" minOccurs="0" maxOccurs="unbounded">
        <xsd:annotation>
          <xsd:documentation>
            <ccts:Component>
              <ccts:ComponentType>ASBIE</ccts:ComponentType>
              <ccts:DictionaryEntryName>Catalogue Request Line. Required_ Item Location Quantity. Item Location Quantity</ccts:DictionaryEntryName>
              <ccts:Definition>An association to the description of properties related to locations and quantities of the item.</ccts:Definition>
              <ccts:Cardinality>0..n</ccts:Cardinality>
              <ccts:ObjectClass>Catalogue Request Line</ccts:ObjectClass>
              <ccts:PropertyTermQualifier>Required</ccts:PropertyTermQualifier>
              <ccts:PropertyTerm>Item Location Quantity</ccts:PropertyTerm>
              <ccts:AssociatedObjectClass>Item Location Quantity</ccts:AssociatedObjectClass>
            </ccts:Component>
          </xsd:documentation>
        </xsd:annotation>
      </xsd:element>
      <xsd:element ref="Item" minOccurs="1" maxOccurs="1">
        <xsd:annotation>
          <xsd:documentation>
            <ccts:Component>
              <ccts:ComponentType>ASBIE</ccts:ComponentType>
              <ccts:DictionaryEntryName>Catalogue Request Line. Item</ccts:DictionaryEntryName>
              <ccts:Definition>An association to the Item itself.</ccts:Definition>
              <ccts:Cardinality>1</ccts:Cardinality>
              <ccts:ObjectClass>Catalogue Request Line</ccts:ObjectClass>
              <ccts:PropertyTerm>Item</ccts:PropertyTerm>
              <ccts:AssociatedObjectClass>Item</ccts:AssociatedObjectClass>
            </ccts:Component>
          </xsd:documentation>
        </xsd:annotation>
      </xsd:element>
    </xsd:sequence>
  </xsd:complexType>
  <xsd:complexType name="CertificateOfOriginApplicationType">
    <xsd:annotation>
      <xsd:documentation>
        <ccts:Component>
          <ccts:ComponentType>ABIE</ccts:ComponentType>
          <ccts:DictionaryEntryName>Certificate Of Origin Application. Details</ccts:DictionaryEntryName>
          <ccts:Definition>A document that contains information of CO application.</ccts:Definition>
          <ccts:ObjectClass>Certificate Of Origin Application</ccts:ObjectClass>
        </ccts:Component>
      </xsd:documentation>
    </xsd:annotation>
    <xsd:sequence>
      <xsd:element ref="cbc:ReferenceID" minOccurs="1" maxOccurs="1">
        <xsd:annotation>
          <xsd:documentation>
            <ccts:Component>
              <ccts:ComponentType>BBIE</ccts:ComponentType>
              <ccts:DictionaryEntryName>Certificate Of Origin Application. Reference. Identifier</ccts:DictionaryEntryName>
              <ccts:Definition>Holds the unique number that identifies the Despatch Advice, typically according to the seller's system that generated the Despatch Advice.</ccts:Definition>
              <ccts:Cardinality>1</ccts:Cardinality>
              <ccts:ObjectClass>Certificate Of Origin Application</ccts:ObjectClass>
              <ccts:PropertyTerm>Reference</ccts:PropertyTerm>
              <ccts:RepresentationTerm>Identifier</ccts:RepresentationTerm>
              <ccts:DataType>Identifier. Type</ccts:DataType>
            </ccts:Component>
          </xsd:documentation>
        </xsd:annotation>
      </xsd:element>
      <xsd:element ref="cbc:CertificateType" minOccurs="1" maxOccurs="1">
        <xsd:annotation>
          <xsd:documentation>
            <ccts:Component>
              <ccts:ComponentType>BBIE</ccts:ComponentType>
              <ccts:DictionaryEntryName>Certificate Of Origin Application. Certificate Type. Text</ccts:DictionaryEntryName>
              <ccts:Definition>Type of CO. Type could be Ordinary, Re-export, Commonwealth Preferential etc.</ccts:Definition>
              <ccts:Cardinality>1</ccts:Cardinality>
              <ccts:ObjectClass>Certificate Of Origin Application</ccts:ObjectClass>
              <ccts:PropertyTerm>Certificate Type</ccts:PropertyTerm>
              <ccts:RepresentationTerm>Text</ccts:RepresentationTerm>
              <ccts:DataType>Text. Type</ccts:DataType>
            </ccts:Component>
          </xsd:documentation>
        </xsd:annotation>
      </xsd:element>
      <xsd:element ref="cbc:ApplicationStatusCode" minOccurs="0" maxOccurs="1">
        <xsd:annotation>
          <xsd:documentation>
            <ccts:Component>
              <ccts:ComponentType>BBIE</ccts:ComponentType>
              <ccts:DictionaryEntryName>Certificate Of Origin Application. Application Status Code. Code</ccts:DictionaryEntryName>
              <ccts:Definition>Indicates the status of the application (revision, replacement, etc.).</ccts:Definition>
              <ccts:Cardinality>0..1</ccts:Cardinality>
              <ccts:ObjectClass>Certificate Of Origin Application</ccts:ObjectClass>
              <ccts:PropertyTerm>Application Status Code</ccts:PropertyTerm>
              <ccts:RepresentationTerm>Code</ccts:RepresentationTerm>
              <ccts:DataType>Code. Type</ccts:DataType>
            </ccts:Component>
          </xsd:documentation>
        </xsd:annotation>
      </xsd:element>
      <xsd:element ref="cbc:OriginalJobID" minOccurs="1" maxOccurs="1">
        <xsd:annotation>
          <xsd:documentation>
            <ccts:Component>
              <ccts:ComponentType>BBIE</ccts:ComponentType>
              <ccts:DictionaryEntryName>Certificate Of Origin Application. Original_ Job Identifier. Identifier</ccts:DictionaryEntryName>
              <ccts:Definition>The latest Job Number given to the Origin application. This is used by the system to keep track of the amendments or cancellation of the origin application applied earlier.</ccts:Definition>
              <ccts:Cardinality>1</ccts:Cardinality>
              <ccts:ObjectClass>Certificate Of Origin Application</ccts:ObjectClass>
              <ccts:PropertyTermQualifier>Original</ccts:PropertyTermQualifier>
              <ccts:PropertyTerm>Job Identifier</ccts:PropertyTerm>
              <ccts:RepresentationTerm>Identifier</ccts:RepresentationTerm>
              <ccts:DataType>Identifier. Type</ccts:DataType>
            </ccts:Component>
          </xsd:documentation>
        </xsd:annotation>
      </xsd:element>
      <xsd:element ref="cbc:PreviousJobID" minOccurs="0" maxOccurs="1">
        <xsd:annotation>
          <xsd:documentation>
            <ccts:Component>
              <ccts:ComponentType>BBIE</ccts:ComponentType>
              <ccts:DictionaryEntryName>Certificate Of Origin Application. Previous_ Job Identifier. Identifier</ccts:DictionaryEntryName>
              <ccts:Definition>The previous Job Number assigned in case the application undergoes query or change. This is used by the system to keep track of the amendments or cancellation of the origin application applied earlier.</ccts:Definition>
              <ccts:Cardinality>0..1</ccts:Cardinality>
              <ccts:ObjectClass>Certificate Of Origin Application</ccts:ObjectClass>
              <ccts:PropertyTermQualifier>Previous</ccts:PropertyTermQualifier>
              <ccts:PropertyTerm>Job Identifier</ccts:PropertyTerm>
              <ccts:RepresentationTerm>Identifier</ccts:RepresentationTerm>
              <ccts:DataType>Identifier. Type</ccts:DataType>
            </ccts:Component>
          </xsd:documentation>
        </xsd:annotation>
      </xsd:element>
      <xsd:element ref="cbc:Remarks" minOccurs="0" maxOccurs="1">
        <xsd:annotation>
          <xsd:documentation>
            <ccts:Component>
              <ccts:ComponentType>BBIE</ccts:ComponentType>
              <ccts:DictionaryEntryName>Certificate Of Origin Application. Remarks. Text</ccts:DictionaryEntryName>
              <ccts:Definition>Remarks by the applicant for the Certificate of Origin Application.</ccts:Definition>
              <ccts:Cardinality>0..1</ccts:Cardinality>
              <ccts:ObjectClass>Certificate Of Origin Application</ccts:ObjectClass>
              <ccts:PropertyTerm>Remarks</ccts:PropertyTerm>
              <ccts:RepresentationTerm>Text</ccts:RepresentationTerm>
              <ccts:DataType>Text. Type</ccts:DataType>
            </ccts:Component>
          </xsd:documentation>
        </xsd:annotation>
      </xsd:element>
      <xsd:element ref="Shipment" minOccurs="1" maxOccurs="1">
        <xsd:annotation>
          <xsd:documentation>
            <ccts:Component>
              <ccts:ComponentType>ASBIE</ccts:ComponentType>
              <ccts:DictionaryEntryName>Certificate Of Origin Application. Shipment</ccts:DictionaryEntryName>
              <ccts:Definition>Information about the separately identifiable collection of goods items (available to be) transported from one consignor to one consignee via one or more modes of transport.</ccts:Definition>
              <ccts:Cardinality>1</ccts:Cardinality>
              <ccts:ObjectClass>Certificate Of Origin Application</ccts:ObjectClass>
              <ccts:PropertyTerm>Shipment</ccts:PropertyTerm>
              <ccts:AssociatedObjectClass>Shipment</ccts:AssociatedObjectClass>
            </ccts:Component>
          </xsd:documentation>
        </xsd:annotation>
      </xsd:element>
      <xsd:element ref="EndorserParty" minOccurs="1" maxOccurs="unbounded">
        <xsd:annotation>
          <xsd:documentation>
            <ccts:Component>
              <ccts:ComponentType>ASBIE</ccts:ComponentType>
              <ccts:DictionaryEntryName>Certificate Of Origin Application. Endorser Party</ccts:DictionaryEntryName>
              <ccts:Definition>The party providing the endorsement.</ccts:Definition>
              <ccts:Cardinality>1..n</ccts:Cardinality>
              <ccts:ObjectClass>Certificate Of Origin Application</ccts:ObjectClass>
              <ccts:PropertyTerm>Endorser Party</ccts:PropertyTerm>
              <ccts:AssociatedObjectClass>Endorser Party</ccts:AssociatedObjectClass>
            </ccts:Component>
          </xsd:documentation>
        </xsd:annotation>
      </xsd:element>
      <xsd:element ref="PreparationParty" minOccurs="1" maxOccurs="1">
        <xsd:annotation>
          <xsd:documentation>
            <ccts:Component>
              <ccts:ComponentType>ASBIE</ccts:ComponentType>
              <ccts:DictionaryEntryName>Certificate Of Origin Application. Preparation_ Party. Party</ccts:DictionaryEntryName>
              <ccts:Definition>Details of an individual, a group, or a body that prepares the Certificate of Origin application.</ccts:Definition>
              <ccts:Cardinality>1</ccts:Cardinality>
              <ccts:ObjectClass>Certificate Of Origin Application</ccts:ObjectClass>
              <ccts:PropertyTermQualifier>Preparation</ccts:PropertyTermQualifier>
              <ccts:PropertyTerm>Party</ccts:PropertyTerm>
              <ccts:AssociatedObjectClass>Party</ccts:AssociatedObjectClass>
            </ccts:Component>
          </xsd:documentation>
        </xsd:annotation>
      </xsd:element>
      <xsd:element ref="IssuerParty" minOccurs="1" maxOccurs="1">
        <xsd:annotation>
          <xsd:documentation>
            <ccts:Component>
              <ccts:ComponentType>ASBIE</ccts:ComponentType>
              <ccts:DictionaryEntryName>Certificate Of Origin Application. Issuer_ Party. Party</ccts:DictionaryEntryName>
              <ccts:Definition>Details of the authorized organization that issued the Certificate of Origin.</ccts:Definition>
              <ccts:Cardinality>1</ccts:Cardinality>
              <ccts:ObjectClass>Certificate Of Origin Application</ccts:ObjectClass>
              <ccts:PropertyTermQualifier>Issuer</ccts:PropertyTermQualifier>
              <ccts:PropertyTerm>Party</ccts:PropertyTerm>
              <ccts:AssociatedObjectClass>Party</ccts:AssociatedObjectClass>
            </ccts:Component>
          </xsd:documentation>
        </xsd:annotation>
      </xsd:element>
      <xsd:element ref="IssuingCountry" minOccurs="1" maxOccurs="1">
        <xsd:annotation>
          <xsd:documentation>
            <ccts:Component>
              <ccts:ComponentType>ASBIE</ccts:ComponentType>
              <ccts:DictionaryEntryName>Certificate Of Origin Application. Issuing_ Country. Country</ccts:DictionaryEntryName>
              <ccts:Definition>The country for which the Certificate of Origin is issued.</ccts:Definition>
              <ccts:Cardinality>1</ccts:Cardinality>
              <ccts:ObjectClass>Certificate Of Origin Application</ccts:ObjectClass>
              <ccts:PropertyTermQualifier>Issuing</ccts:PropertyTermQualifier>
              <ccts:PropertyTerm>Country</ccts:PropertyTerm>
              <ccts:AssociatedObjectClass>Country</ccts:AssociatedObjectClass>
            </ccts:Component>
          </xsd:documentation>
        </xsd:annotation>
      </xsd:element>
      <xsd:element ref="DocumentDistribution" minOccurs="0" maxOccurs="unbounded">
        <xsd:annotation>
          <xsd:documentation>
            <ccts:Component>
              <ccts:ComponentType>ASBIE</ccts:ComponentType>
              <ccts:DictionaryEntryName>Certificate Of Origin Application. Document Distribution</ccts:DictionaryEntryName>
              <ccts:Definition>The distribution of the Certificate of Origin to interested parties.</ccts:Definition>
              <ccts:Cardinality>0..n</ccts:Cardinality>
              <ccts:ObjectClass>Certificate Of Origin Application</ccts:ObjectClass>
              <ccts:PropertyTerm>Document Distribution</ccts:PropertyTerm>
              <ccts:AssociatedObjectClass>Document Distribution</ccts:AssociatedObjectClass>
            </ccts:Component>
          </xsd:documentation>
        </xsd:annotation>
      </xsd:element>
      <xsd:element ref="SupportingDocumentReference" minOccurs="0" maxOccurs="unbounded">
        <xsd:annotation>
          <xsd:documentation>
            <ccts:Component>
              <ccts:ComponentType>ASBIE</ccts:ComponentType>
              <ccts:DictionaryEntryName>Certificate Of Origin Application. Supporting_ Document Reference. Document Reference</ccts:DictionaryEntryName>
              <ccts:Definition>An associative reference to a supporting document.</ccts:Definition>
              <ccts:Cardinality>0..n</ccts:Cardinality>
              <ccts:ObjectClass>Certificate Of Origin Application</ccts:ObjectClass>
              <ccts:PropertyTermQualifier>Supporting</ccts:PropertyTermQualifier>
              <ccts:PropertyTerm>Document Reference</ccts:PropertyTerm>
              <ccts:AssociatedObjectClass>Document Reference</ccts:AssociatedObjectClass>
            </ccts:Component>
          </xsd:documentation>
        </xsd:annotation>
      </xsd:element>
      <xsd:element ref="Signature" minOccurs="0" maxOccurs="unbounded">
        <xsd:annotation>
          <xsd:documentation>
            <ccts:Component>
              <ccts:ComponentType>ASBIE</ccts:ComponentType>
              <ccts:DictionaryEntryName>Certificate Of Origin Application. Signature</ccts:DictionaryEntryName>
              <ccts:Definition>One or more signatures applied to the document instance.</ccts:Definition>
              <ccts:Cardinality>0..n</ccts:Cardinality>
              <ccts:ObjectClass>Certificate Of Origin Application</ccts:ObjectClass>
              <ccts:PropertyTerm>Signature</ccts:PropertyTerm>
              <ccts:AssociatedObjectClass>Signature</ccts:AssociatedObjectClass>
            </ccts:Component>
          </xsd:documentation>
        </xsd:annotation>
      </xsd:element>
    </xsd:sequence>
  </xsd:complexType>
  <xsd:complexType name="ClassificationCategoryType">
    <xsd:annotation>
      <xsd:documentation>
        <ccts:Component>
          <ccts:ComponentType>ABIE</ccts:ComponentType>
          <ccts:DictionaryEntryName>Classification Category. Details</ccts:DictionaryEntryName>
          <ccts:Definition>Information about a Classification Category; a subdivision of a Classification Scheme.</ccts:Definition>
          <ccts:ObjectClass>Classification Category</ccts:ObjectClass>
        </ccts:Component>
      </xsd:documentation>
    </xsd:annotation>
    <xsd:sequence>
      <xsd:element ref="cbc:Name" minOccurs="0" maxOccurs="1">
        <xsd:annotation>
          <xsd:documentation>
            <ccts:Component>
              <ccts:ComponentType>BBIE</ccts:ComponentType>
              <ccts:DictionaryEntryName>Classification Category. Name</ccts:DictionaryEntryName>
              <ccts:Definition>The name of the Classification Category.</ccts:Definition>
              <ccts:Cardinality>0..1</ccts:Cardinality>
              <ccts:ObjectClass>Classification Category</ccts:ObjectClass>
              <ccts:PropertyTerm>Name</ccts:PropertyTerm>
              <ccts:RepresentationTerm>Name</ccts:RepresentationTerm>
              <ccts:DataType>Name. Type</ccts:DataType>
              <ccts:AlternativeBusinessTerms>Code List Name</ccts:AlternativeBusinessTerms>
              <ccts:Examples>"UNSPSC Class", "UNSPSC Segment", "UNSPSC Family"</ccts:Examples>
            </ccts:Component>
          </xsd:documentation>
        </xsd:annotation>
      </xsd:element>
      <xsd:element ref="cbc:CodeValue" minOccurs="0" maxOccurs="1">
        <xsd:annotation>
          <xsd:documentation>
            <ccts:Component>
              <ccts:ComponentType>BBIE</ccts:ComponentType>
              <ccts:DictionaryEntryName>Classification Category. Code Value. Text</ccts:DictionaryEntryName>
              <ccts:Definition>The Classification Category value.</ccts:Definition>
              <ccts:Cardinality>0..1</ccts:Cardinality>
              <ccts:ObjectClass>Classification Category</ccts:ObjectClass>
              <ccts:PropertyTerm>Code Value</ccts:PropertyTerm>
              <ccts:RepresentationTerm>Text</ccts:RepresentationTerm>
              <ccts:DataType>Text. Type</ccts:DataType>
              <ccts:AlternativeBusinessTerms>Code Value</ccts:AlternativeBusinessTerms>
              <ccts:Examples>3420001, 3273666, HSJJD-213</ccts:Examples>
            </ccts:Component>
          </xsd:documentation>
        </xsd:annotation>
      </xsd:element>
      <xsd:element ref="cbc:Description" minOccurs="0" maxOccurs="unbounded">
        <xsd:annotation>
          <xsd:documentation>
            <ccts:Component>
              <ccts:ComponentType>BBIE</ccts:ComponentType>
              <ccts:DictionaryEntryName>Classification Category. Description. Text</ccts:DictionaryEntryName>
              <ccts:Definition>The description of the Classification Category.</ccts:Definition>
              <ccts:Cardinality>0..n</ccts:Cardinality>
              <ccts:ObjectClass>Classification Category</ccts:ObjectClass>
              <ccts:PropertyTerm>Description</ccts:PropertyTerm>
              <ccts:RepresentationTerm>Text</ccts:RepresentationTerm>
              <ccts:DataType>Text. Type</ccts:DataType>
              <ccts:AlternativeBusinessTerms>Code Name</ccts:AlternativeBusinessTerms>
              <ccts:Examples>"Electrical Goods", "Wooden Toys"</ccts:Examples>
            </ccts:Component>
          </xsd:documentation>
        </xsd:annotation>
      </xsd:element>
      <xsd:element ref="CategorizesClassificationCategory" minOccurs="0" maxOccurs="unbounded">
        <xsd:annotation>
          <xsd:documentation>
            <ccts:Component>
              <ccts:ComponentType>ASBIE</ccts:ComponentType>
              <ccts:DictionaryEntryName>Classification Category. Categorizes_ Classification Category. Classification Category</ccts:DictionaryEntryName>
              <ccts:Definition>An association to subcategories within the Category.</ccts:Definition>
              <ccts:Cardinality>0..n</ccts:Cardinality>
              <ccts:ObjectClass>Classification Category</ccts:ObjectClass>
              <ccts:PropertyTermQualifier>Categorizes</ccts:PropertyTermQualifier>
              <ccts:PropertyTerm>Classification Category</ccts:PropertyTerm>
              <ccts:AssociatedObjectClass>Classification Category</ccts:AssociatedObjectClass>
            </ccts:Component>
          </xsd:documentation>
        </xsd:annotation>
      </xsd:element>
    </xsd:sequence>
  </xsd:complexType>
  <xsd:complexType name="ClassificationSchemeType">
    <xsd:annotation>
      <xsd:documentation>
        <ccts:Component>
          <ccts:ComponentType>ABIE</ccts:ComponentType>
          <ccts:DictionaryEntryName>Classification Scheme. Details</ccts:DictionaryEntryName>
          <ccts:Definition>Information about Classification Scheme; a scheme that defines a taxonomy for classifying goods or services.</ccts:Definition>
          <ccts:ObjectClass>Classification Scheme</ccts:ObjectClass>
        </ccts:Component>
      </xsd:documentation>
    </xsd:annotation>
    <xsd:sequence>
      <xsd:element ref="cbc:ID" minOccurs="1" maxOccurs="1">
        <xsd:annotation>
          <xsd:documentation>
            <ccts:Component>
              <ccts:ComponentType>BBIE</ccts:ComponentType>
              <ccts:DictionaryEntryName>Classification Scheme. Identifier</ccts:DictionaryEntryName>
              <ccts:Definition>An identifier for the classification scheme.</ccts:Definition>
              <ccts:Cardinality>1</ccts:Cardinality>
              <ccts:ObjectClass>Classification Scheme</ccts:ObjectClass>
              <ccts:PropertyTerm>Identifier</ccts:PropertyTerm>
              <ccts:RepresentationTerm>Identifier</ccts:RepresentationTerm>
              <ccts:DataType>Identifier. Type</ccts:DataType>
            </ccts:Component>
          </xsd:documentation>
        </xsd:annotation>
      </xsd:element>
      <xsd:element ref="cbc:UUID" minOccurs="0" maxOccurs="1">
        <xsd:annotation>
          <xsd:documentation>
            <ccts:Component>
              <ccts:ComponentType>BBIE</ccts:ComponentType>
              <ccts:DictionaryEntryName>Classification Scheme. UUID. Identifier</ccts:DictionaryEntryName>
              <ccts:Definition>A universally unique identifier for an instance of this ABIE.</ccts:Definition>
              <ccts:Cardinality>0..1</ccts:Cardinality>
              <ccts:ObjectClass>Classification Scheme</ccts:ObjectClass>
              <ccts:PropertyTerm>UUID</ccts:PropertyTerm>
              <ccts:RepresentationTerm>Identifier</ccts:RepresentationTerm>
              <ccts:DataType>Identifier. Type</ccts:DataType>
            </ccts:Component>
          </xsd:documentation>
        </xsd:annotation>
      </xsd:element>
      <xsd:element ref="cbc:LastRevisionDate" minOccurs="0" maxOccurs="1">
        <xsd:annotation>
          <xsd:documentation>
            <ccts:Component>
              <ccts:ComponentType>BBIE</ccts:ComponentType>
              <ccts:DictionaryEntryName>Classification Scheme. Last_ Revision Date. Date</ccts:DictionaryEntryName>
              <ccts:Definition>The date at which the classification scheme was last revised.</ccts:Definition>
              <ccts:Cardinality>0..1</ccts:Cardinality>
              <ccts:ObjectClass>Classification Scheme</ccts:ObjectClass>
              <ccts:PropertyTermQualifier>Last</ccts:PropertyTermQualifier>
              <ccts:PropertyTerm>Revision Date</ccts:PropertyTerm>
              <ccts:RepresentationTerm>Date</ccts:RepresentationTerm>
              <ccts:DataType>Date. Type</ccts:DataType>
            </ccts:Component>
          </xsd:documentation>
        </xsd:annotation>
      </xsd:element>
      <xsd:element ref="cbc:LastRevisionTime" minOccurs="0" maxOccurs="1">
        <xsd:annotation>
          <xsd:documentation>
            <ccts:Component>
              <ccts:ComponentType>BBIE</ccts:ComponentType>
              <ccts:DictionaryEntryName>Classification Scheme. Last_ Revision Time. Time</ccts:DictionaryEntryName>
              <ccts:Definition>The time at which the classification scheme was last revised.</ccts:Definition>
              <ccts:Cardinality>0..1</ccts:Cardinality>
              <ccts:ObjectClass>Classification Scheme</ccts:ObjectClass>
              <ccts:PropertyTermQualifier>Last</ccts:PropertyTermQualifier>
              <ccts:PropertyTerm>Revision Time</ccts:PropertyTerm>
              <ccts:RepresentationTerm>Time</ccts:RepresentationTerm>
              <ccts:DataType>Time. Type</ccts:DataType>
            </ccts:Component>
          </xsd:documentation>
        </xsd:annotation>
      </xsd:element>
      <xsd:element ref="cbc:Note" minOccurs="0" maxOccurs="1">
        <xsd:annotation>
          <xsd:documentation>
            <ccts:Component>
              <ccts:ComponentType>BBIE</ccts:ComponentType>
              <ccts:DictionaryEntryName>Classification Scheme. Note. Text</ccts:DictionaryEntryName>
              <ccts:Definition>Free-form text applying to the Classification Scheme. This element may contain notes or any other similar information that is not contained explicitly in another structure.</ccts:Definition>
              <ccts:Cardinality>0..1</ccts:Cardinality>
              <ccts:ObjectClass>Classification Scheme</ccts:ObjectClass>
              <ccts:PropertyTerm>Note</ccts:PropertyTerm>
              <ccts:RepresentationTerm>Text</ccts:RepresentationTerm>
              <ccts:DataType>Text. Type</ccts:DataType>
            </ccts:Component>
          </xsd:documentation>
        </xsd:annotation>
      </xsd:element>
      <xsd:element ref="cbc:Name" minOccurs="0" maxOccurs="1">
        <xsd:annotation>
          <xsd:documentation>
            <ccts:Component>
              <ccts:ComponentType>BBIE</ccts:ComponentType>
              <ccts:DictionaryEntryName>Classification Scheme. Name</ccts:DictionaryEntryName>
              <ccts:Definition>The name of the Classification Scheme.</ccts:Definition>
              <ccts:Cardinality>0..1</ccts:Cardinality>
              <ccts:ObjectClass>Classification Scheme</ccts:ObjectClass>
              <ccts:PropertyTerm>Name</ccts:PropertyTerm>
              <ccts:RepresentationTerm>Name</ccts:RepresentationTerm>
              <ccts:DataType>Name. Type</ccts:DataType>
              <ccts:Examples>"UNSPSC"</ccts:Examples>
            </ccts:Component>
          </xsd:documentation>
        </xsd:annotation>
      </xsd:element>
      <xsd:element ref="cbc:Description" minOccurs="0" maxOccurs="unbounded">
        <xsd:annotation>
          <xsd:documentation>
            <ccts:Component>
              <ccts:ComponentType>BBIE</ccts:ComponentType>
              <ccts:DictionaryEntryName>Classification Scheme. Description. Text</ccts:DictionaryEntryName>
              <ccts:Definition>A description of the Classification Scheme.</ccts:Definition>
              <ccts:Cardinality>0..n</ccts:Cardinality>
              <ccts:ObjectClass>Classification Scheme</ccts:ObjectClass>
              <ccts:PropertyTerm>Description</ccts:PropertyTerm>
              <ccts:RepresentationTerm>Text</ccts:RepresentationTerm>
              <ccts:DataType>Text. Type</ccts:DataType>
              <ccts:Examples>"an open, global multi-sector standard for classification of products and services"</ccts:Examples>
            </ccts:Component>
          </xsd:documentation>
        </xsd:annotation>
      </xsd:element>
      <xsd:element ref="cbc:AgencyID" minOccurs="0" maxOccurs="1">
        <xsd:annotation>
          <xsd:documentation>
            <ccts:Component>
              <ccts:ComponentType>BBIE</ccts:ComponentType>
              <ccts:DictionaryEntryName>Classification Scheme. Agency Identifier. Identifier</ccts:DictionaryEntryName>
              <ccts:Definition>Identifies the agency that maintains the Classification Scheme.</ccts:Definition>
              <ccts:Cardinality>0..1</ccts:Cardinality>
              <ccts:ObjectClass>Classification Scheme</ccts:ObjectClass>
              <ccts:PropertyTerm>Agency Identifier</ccts:PropertyTerm>
              <ccts:RepresentationTerm>Identifier</ccts:RepresentationTerm>
              <ccts:DataType>Identifier. Type</ccts:DataType>
              <ccts:Examples>Defaults to the UN/EDIFACT data element 3055 code list.</ccts:Examples>
            </ccts:Component>
          </xsd:documentation>
        </xsd:annotation>
      </xsd:element>
      <xsd:element ref="cbc:AgencyName" minOccurs="0" maxOccurs="1">
        <xsd:annotation>
          <xsd:documentation>
            <ccts:Component>
              <ccts:ComponentType>BBIE</ccts:ComponentType>
              <ccts:DictionaryEntryName>Classification Scheme. Agency Name. Text</ccts:DictionaryEntryName>
              <ccts:Definition>The name of the agency that maintains the Classification Scheme.</ccts:Definition>
              <ccts:Cardinality>0..1</ccts:Cardinality>
              <ccts:ObjectClass>Classification Scheme</ccts:ObjectClass>
              <ccts:PropertyTerm>Agency Name</ccts:PropertyTerm>
              <ccts:RepresentationTerm>Text</ccts:RepresentationTerm>
              <ccts:DataType>Text. Type</ccts:DataType>
            </ccts:Component>
          </xsd:documentation>
        </xsd:annotation>
      </xsd:element>
      <xsd:element ref="cbc:VersionID" minOccurs="0" maxOccurs="1">
        <xsd:annotation>
          <xsd:documentation>
            <ccts:Component>
              <ccts:ComponentType>BBIE</ccts:ComponentType>
              <ccts:DictionaryEntryName>Classification Scheme. Version. Identifier</ccts:DictionaryEntryName>
              <ccts:Definition>Identifies the version of the Classification Scheme.</ccts:Definition>
              <ccts:Cardinality>0..1</ccts:Cardinality>
              <ccts:ObjectClass>Classification Scheme</ccts:ObjectClass>
              <ccts:PropertyTerm>Version</ccts:PropertyTerm>
              <ccts:RepresentationTerm>Identifier</ccts:RepresentationTerm>
              <ccts:DataType>Identifier. Type</ccts:DataType>
            </ccts:Component>
          </xsd:documentation>
        </xsd:annotation>
      </xsd:element>
      <xsd:element ref="cbc:URI" minOccurs="0" maxOccurs="1">
        <xsd:annotation>
          <xsd:documentation>
            <ccts:Component>
              <ccts:ComponentType>BBIE</ccts:ComponentType>
              <ccts:DictionaryEntryName>Classification Scheme. URI. Identifier</ccts:DictionaryEntryName>
              <ccts:Definition>The Uniform Resource Identifier (URI) that identifies where the Classification is located.</ccts:Definition>
              <ccts:Cardinality>0..1</ccts:Cardinality>
              <ccts:ObjectClass>Classification Scheme</ccts:ObjectClass>
              <ccts:PropertyTerm>URI</ccts:PropertyTerm>
              <ccts:RepresentationTerm>Identifier</ccts:RepresentationTerm>
              <ccts:DataType>Identifier. Type</ccts:DataType>
            </ccts:Component>
          </xsd:documentation>
        </xsd:annotation>
      </xsd:element>
      <xsd:element ref="cbc:SchemeURI" minOccurs="0" maxOccurs="1">
        <xsd:annotation>
          <xsd:documentation>
            <ccts:Component>
              <ccts:ComponentType>BBIE</ccts:ComponentType>
              <ccts:DictionaryEntryName>Classification Scheme. Scheme_ URI. Identifier</ccts:DictionaryEntryName>
              <ccts:Definition>The Uniform Resource Identifier (URI) that identifies where the Classification Scheme is located.</ccts:Definition>
              <ccts:Cardinality>0..1</ccts:Cardinality>
              <ccts:ObjectClass>Classification Scheme</ccts:ObjectClass>
              <ccts:PropertyTermQualifier>Scheme</ccts:PropertyTermQualifier>
              <ccts:PropertyTerm>URI</ccts:PropertyTerm>
              <ccts:RepresentationTerm>Identifier</ccts:RepresentationTerm>
              <ccts:DataType>Identifier. Type</ccts:DataType>
            </ccts:Component>
          </xsd:documentation>
        </xsd:annotation>
      </xsd:element>
      <xsd:element ref="cbc:LanguageID" minOccurs="0" maxOccurs="1">
        <xsd:annotation>
          <xsd:documentation>
            <ccts:Component>
              <ccts:ComponentType>BBIE</ccts:ComponentType>
              <ccts:DictionaryEntryName>Classification Scheme. Language. Identifier</ccts:DictionaryEntryName>
              <ccts:Definition>Identifies the language of the Classification Scheme.</ccts:Definition>
              <ccts:Cardinality>0..1</ccts:Cardinality>
              <ccts:ObjectClass>Classification Scheme</ccts:ObjectClass>
              <ccts:PropertyTerm>Language</ccts:PropertyTerm>
              <ccts:RepresentationTerm>Identifier</ccts:RepresentationTerm>
              <ccts:DataType>Identifier. Type</ccts:DataType>
            </ccts:Component>
          </xsd:documentation>
        </xsd:annotation>
      </xsd:element>
      <xsd:element ref="ClassificationCategory" minOccurs="1" maxOccurs="unbounded">
        <xsd:annotation>
          <xsd:documentation>
            <ccts:Component>
              <ccts:ComponentType>ASBIE</ccts:ComponentType>
              <ccts:DictionaryEntryName>Classification Scheme. Classification Category</ccts:DictionaryEntryName>
              <ccts:Definition>An association to Classification Category.</ccts:Definition>
              <ccts:Cardinality>1..n</ccts:Cardinality>
              <ccts:ObjectClass>Classification Scheme</ccts:ObjectClass>
              <ccts:PropertyTerm>Classification Category</ccts:PropertyTerm>
              <ccts:AssociatedObjectClass>Classification Category</ccts:AssociatedObjectClass>
            </ccts:Component>
          </xsd:documentation>
        </xsd:annotation>
      </xsd:element>
    </xsd:sequence>
  </xsd:complexType>
  <xsd:complexType name="CommodityClassificationType">
    <xsd:annotation>
      <xsd:documentation>
        <ccts:Component>
          <ccts:ComponentType>ABIE</ccts:ComponentType>
          <ccts:DictionaryEntryName>Commodity Classification. Details</ccts:DictionaryEntryName>
          <ccts:Definition>Information about Commodity Classification.</ccts:Definition>
          <ccts:ObjectClass>Commodity Classification</ccts:ObjectClass>
        </ccts:Component>
      </xsd:documentation>
    </xsd:annotation>
    <xsd:sequence>
      <xsd:element ref="cbc:NatureCode" minOccurs="0" maxOccurs="1">
        <xsd:annotation>
          <xsd:documentation>
            <ccts:Component>
              <ccts:ComponentType>BBIE</ccts:ComponentType>
              <ccts:DictionaryEntryName>Commodity Classification. Nature Code. Code</ccts:DictionaryEntryName>
              <ccts:Definition>The high-level nature of the Classification issued by a specific maintenance agency, expressed as a code.</ccts:Definition>
              <ccts:Cardinality>0..1</ccts:Cardinality>
              <ccts:ObjectClass>Commodity Classification</ccts:ObjectClass>
              <ccts:PropertyTerm>Nature Code</ccts:PropertyTerm>
              <ccts:RepresentationTerm>Code</ccts:RepresentationTerm>
              <ccts:DataType>Code. Type</ccts:DataType>
              <ccts:Examples>"wooden products"</ccts:Examples>
            </ccts:Component>
          </xsd:documentation>
        </xsd:annotation>
      </xsd:element>
      <xsd:element ref="cbc:CargoTypeCode" minOccurs="0" maxOccurs="1">
        <xsd:annotation>
          <xsd:documentation>
            <ccts:Component>
              <ccts:ComponentType>BBIE</ccts:ComponentType>
              <ccts:DictionaryEntryName>Commodity Classification. Cargo Type Code. Code</ccts:DictionaryEntryName>
              <ccts:Definition>The type of cargo, expressed as a code.</ccts:Definition>
              <ccts:Cardinality>0..1</ccts:Cardinality>
              <ccts:ObjectClass>Commodity Classification</ccts:ObjectClass>
              <ccts:PropertyTerm>Cargo Type Code</ccts:PropertyTerm>
              <ccts:RepresentationTerm>Code</ccts:RepresentationTerm>
              <ccts:DataType>Code. Type</ccts:DataType>
              <ccts:Examples>"Refrigerated"</ccts:Examples>
            </ccts:Component>
          </xsd:documentation>
        </xsd:annotation>
      </xsd:element>
      <xsd:element ref="cbc:CommodityCode" minOccurs="0" maxOccurs="1">
        <xsd:annotation>
          <xsd:documentation>
            <ccts:Component>
              <ccts:ComponentType>BBIE</ccts:ComponentType>
              <ccts:DictionaryEntryName>Commodity Classification. Commodity Code. Code</ccts:DictionaryEntryName>
              <ccts:Definition>The harmonized international commodity code for regulatory (customs and trade statistics) purposes.</ccts:Definition>
              <ccts:Cardinality>0..1</ccts:Cardinality>
              <ccts:ObjectClass>Commodity Classification</ccts:ObjectClass>
              <ccts:PropertyTerm>Commodity Code</ccts:PropertyTerm>
              <ccts:RepresentationTerm>Code</ccts:RepresentationTerm>
              <ccts:DataType>Code. Type</ccts:DataType>
              <ccts:AlternativeBusinessTerms>Harmonized Code</ccts:AlternativeBusinessTerms>
              <ccts:Examples>"1102222883"</ccts:Examples>
            </ccts:Component>
          </xsd:documentation>
        </xsd:annotation>
      </xsd:element>
      <xsd:element ref="cbc:ItemClassificationCode" minOccurs="0" maxOccurs="1">
        <xsd:annotation>
          <xsd:documentation>
            <ccts:Component>
              <ccts:ComponentType>BBIE</ccts:ComponentType>
              <ccts:DictionaryEntryName>Commodity Classification. Item Classification Code. Code</ccts:DictionaryEntryName>
              <ccts:Definition>The trade commodity classification, expressed as a code.</ccts:Definition>
              <ccts:Cardinality>0..1</ccts:Cardinality>
              <ccts:ObjectClass>Commodity Classification</ccts:ObjectClass>
              <ccts:PropertyTerm>Item Classification Code</ccts:PropertyTerm>
              <ccts:RepresentationTerm>Code</ccts:RepresentationTerm>
              <ccts:DataType>Code. Type</ccts:DataType>
              <ccts:AlternativeBusinessTerms>UN/SPSC Code</ccts:AlternativeBusinessTerms>
              <ccts:Examples>"3440234"</ccts:Examples>
            </ccts:Component>
          </xsd:documentation>
        </xsd:annotation>
      </xsd:element>
    </xsd:sequence>
  </xsd:complexType>
  <xsd:complexType name="CommunicationType">
    <xsd:annotation>
      <xsd:documentation>
        <ccts:Component>
          <ccts:ComponentType>ABIE</ccts:ComponentType>
          <ccts:DictionaryEntryName>Communication. Details</ccts:DictionaryEntryName>
          <ccts:Definition>Information about a means of communication.</ccts:Definition>
          <ccts:ObjectClass>Communication</ccts:ObjectClass>
        </ccts:Component>
      </xsd:documentation>
    </xsd:annotation>
    <xsd:sequence>
      <xsd:element ref="cbc:ChannelCode" minOccurs="0" maxOccurs="1">
        <xsd:annotation>
          <xsd:documentation>
            <ccts:Component>
              <ccts:ComponentType>BBIE</ccts:ComponentType>
              <ccts:DictionaryEntryName>Communication. Channel Code. Code</ccts:DictionaryEntryName>
              <ccts:Definition>The method of communication, expressed as a code.</ccts:Definition>
              <ccts:Cardinality>0..1</ccts:Cardinality>
              <ccts:ObjectClass>Communication</ccts:ObjectClass>
              <ccts:PropertyTerm>Channel Code</ccts:PropertyTerm>
              <ccts:RepresentationTerm>Code</ccts:RepresentationTerm>
              <ccts:DataType>Channel_ Code. Type</ccts:DataType>
              <ccts:Examples>Phone Fax Email</ccts:Examples>
            </ccts:Component>
          </xsd:documentation>
        </xsd:annotation>
      </xsd:element>
      <xsd:element ref="cbc:Channel" minOccurs="0" maxOccurs="1">
        <xsd:annotation>
          <xsd:documentation>
            <ccts:Component>
              <ccts:ComponentType>BBIE</ccts:ComponentType>
              <ccts:DictionaryEntryName>Communication. Channel. Text</ccts:DictionaryEntryName>
              <ccts:Definition>The method of communication, expressed as text.</ccts:Definition>
              <ccts:Cardinality>0..1</ccts:Cardinality>
              <ccts:ObjectClass>Communication</ccts:ObjectClass>
              <ccts:PropertyTerm>Channel</ccts:PropertyTerm>
              <ccts:RepresentationTerm>Text</ccts:RepresentationTerm>
              <ccts:DataType>Text. Type</ccts:DataType>
              <ccts:Examples>Skype</ccts:Examples>
            </ccts:Component>
          </xsd:documentation>
        </xsd:annotation>
      </xsd:element>
      <xsd:element ref="cbc:Value" minOccurs="0" maxOccurs="1">
        <xsd:annotation>
          <xsd:documentation>
            <ccts:Component>
              <ccts:ComponentType>BBIE</ccts:ComponentType>
              <ccts:DictionaryEntryName>Communication. Value. Text</ccts:DictionaryEntryName>
              <ccts:Definition>The communication value, such as phone number or email address.</ccts:Definition>
              <ccts:Cardinality>0..1</ccts:Cardinality>
              <ccts:ObjectClass>Communication</ccts:ObjectClass>
              <ccts:PropertyTerm>Value</ccts:PropertyTerm>
              <ccts:RepresentationTerm>Text</ccts:RepresentationTerm>
              <ccts:DataType>Text. Type</ccts:DataType>
              <ccts:Examples>"+44 1 2345 6789" "president@whitehouse.com"</ccts:Examples>
            </ccts:Component>
          </xsd:documentation>
        </xsd:annotation>
      </xsd:element>
    </xsd:sequence>
  </xsd:complexType>
  <xsd:complexType name="ConsignmentType">
    <xsd:annotation>
      <xsd:documentation>
        <ccts:Component>
          <ccts:ComponentType>ABIE</ccts:ComponentType>
          <ccts:DictionaryEntryName>Consignment. Details</ccts:DictionaryEntryName>
          <ccts:Definition>A separately identifiable collection of goods items (available to be) transported from one consignor to one consignee via one or more modes of transport.</ccts:Definition>
          <ccts:ObjectClass>Consignment</ccts:ObjectClass>
        </ccts:Component>
      </xsd:documentation>
    </xsd:annotation>
    <xsd:sequence>
      <xsd:element ref="cbc:ID" minOccurs="1" maxOccurs="1">
        <xsd:annotation>
          <xsd:documentation>
            <ccts:Component>
              <ccts:ComponentType>BBIE</ccts:ComponentType>
              <ccts:DictionaryEntryName>Consignment. Identifier</ccts:DictionaryEntryName>
              <ccts:Definition>Unique number assigned to goods, both for import and export.</ccts:Definition>
              <ccts:Cardinality>1</ccts:Cardinality>
              <ccts:ObjectClass>Consignment</ccts:ObjectClass>
              <ccts:PropertyTerm>Identifier</ccts:PropertyTerm>
              <ccts:RepresentationTerm>Identifier</ccts:RepresentationTerm>
              <ccts:DataType>Identifier. Type</ccts:DataType>
              <ccts:AlternativeBusinessTerms>Unique consignment reference number (UCR)</ccts:AlternativeBusinessTerms>
            </ccts:Component>
          </xsd:documentation>
        </xsd:annotation>
      </xsd:element>
      <xsd:element ref="cbc:SummaryDescription" minOccurs="0" maxOccurs="unbounded">
        <xsd:annotation>
          <xsd:documentation>
            <ccts:Component>
              <ccts:ComponentType>BBIE</ccts:ComponentType>
              <ccts:DictionaryEntryName>Consignment. Summary_ Description. Text</ccts:DictionaryEntryName>
              <ccts:Definition>General descriptive text that is not part of any remarks.</ccts:Definition>
              <ccts:Cardinality>0..n</ccts:Cardinality>
              <ccts:ObjectClass>Consignment</ccts:ObjectClass>
              <ccts:PropertyTermQualifier>Summary</ccts:PropertyTermQualifier>
              <ccts:PropertyTerm>Description</ccts:PropertyTerm>
              <ccts:RepresentationTerm>Text</ccts:RepresentationTerm>
              <ccts:DataType>Text. Type</ccts:DataType>
            </ccts:Component>
          </xsd:documentation>
        </xsd:annotation>
      </xsd:element>
      <xsd:element ref="cbc:TotalInvoiceAmount" minOccurs="0" maxOccurs="1">
        <xsd:annotation>
          <xsd:documentation>
            <ccts:Component>
              <ccts:ComponentType>BBIE</ccts:ComponentType>
              <ccts:DictionaryEntryName>Consignment. Total_ Invoice Amount. Amount</ccts:DictionaryEntryName>
              <ccts:Definition>Total of all invoice amounts declared in a single consignment.</ccts:Definition>
              <ccts:Cardinality>0..1</ccts:Cardinality>
              <ccts:ObjectClass>Consignment</ccts:ObjectClass>
              <ccts:PropertyTermQualifier>Total</ccts:PropertyTermQualifier>
              <ccts:PropertyTerm>Invoice Amount</ccts:PropertyTerm>
              <ccts:RepresentationTerm>Amount</ccts:RepresentationTerm>
              <ccts:DataType>Amount. Type</ccts:DataType>
            </ccts:Component>
          </xsd:documentation>
        </xsd:annotation>
      </xsd:element>
      <xsd:element ref="cbc:DeclaredCustomsValueAmount" minOccurs="0" maxOccurs="1">
        <xsd:annotation>
          <xsd:documentation>
            <ccts:Component>
              <ccts:ComponentType>BBIE</ccts:ComponentType>
              <ccts:DictionaryEntryName>Consignment. Declared Customs_ Value. Amount</ccts:DictionaryEntryName>
              <ccts:Definition>Amount declared for customs purposes of those goods in a consignment, whether or not they are subject to the same customs procedure, tariff/statistical heading, country information, and duty regime.</ccts:Definition>
              <ccts:Cardinality>0..1</ccts:Cardinality>
              <ccts:ObjectClass>Consignment</ccts:ObjectClass>
              <ccts:PropertyTermQualifier>Declared Customs</ccts:PropertyTermQualifier>
              <ccts:PropertyTerm>Value</ccts:PropertyTerm>
              <ccts:RepresentationTerm>Amount</ccts:RepresentationTerm>
              <ccts:DataType>Amount. Type</ccts:DataType>
            </ccts:Component>
          </xsd:documentation>
        </xsd:annotation>
      </xsd:element>
      <xsd:element ref="cbc:TariffDescription" minOccurs="0" maxOccurs="unbounded">
        <xsd:annotation>
          <xsd:documentation>
            <ccts:Component>
              <ccts:ComponentType>BBIE</ccts:ComponentType>
              <ccts:DictionaryEntryName>Consignment. Tariff Description. Text</ccts:DictionaryEntryName>
              <ccts:Definition>A description of the tariff applied to a consignment.</ccts:Definition>
              <ccts:Cardinality>0..n</ccts:Cardinality>
              <ccts:ObjectClass>Consignment</ccts:ObjectClass>
              <ccts:PropertyTerm>Tariff Description</ccts:PropertyTerm>
              <ccts:RepresentationTerm>Text</ccts:RepresentationTerm>
              <ccts:DataType>Text. Type</ccts:DataType>
            </ccts:Component>
          </xsd:documentation>
        </xsd:annotation>
      </xsd:element>
      <xsd:element ref="cbc:TariffCode" minOccurs="0" maxOccurs="1">
        <xsd:annotation>
          <xsd:documentation>
            <ccts:Component>
              <ccts:ComponentType>BBIE</ccts:ComponentType>
              <ccts:DictionaryEntryName>Consignment. Tariff Code. Code</ccts:DictionaryEntryName>
              <ccts:Definition>Code specifying a tariff applied to a consignment.</ccts:Definition>
              <ccts:Cardinality>0..1</ccts:Cardinality>
              <ccts:ObjectClass>Consignment</ccts:ObjectClass>
              <ccts:PropertyTerm>Tariff Code</ccts:PropertyTerm>
              <ccts:RepresentationTerm>Code</ccts:RepresentationTerm>
              <ccts:DataType>Code. Type</ccts:DataType>
              <ccts:AlternativeBusinessTerms>Tariff code number (WCO ID 145)</ccts:AlternativeBusinessTerms>
            </ccts:Component>
          </xsd:documentation>
        </xsd:annotation>
      </xsd:element>
      <xsd:element ref="cbc:InsurancePremiumAmount" minOccurs="0" maxOccurs="1">
        <xsd:annotation>
          <xsd:documentation>
            <ccts:Component>
              <ccts:ComponentType>BBIE</ccts:ComponentType>
              <ccts:DictionaryEntryName>Consignment. Insurance Premium Amount. Amount</ccts:DictionaryEntryName>
              <ccts:Definition>Amount of premium payable to the insurance company for insuring the goods.</ccts:Definition>
              <ccts:Cardinality>0..1</ccts:Cardinality>
              <ccts:ObjectClass>Consignment</ccts:ObjectClass>
              <ccts:PropertyTerm>Insurance Premium Amount</ccts:PropertyTerm>
              <ccts:RepresentationTerm>Amount</ccts:RepresentationTerm>
              <ccts:DataType>Amount. Type</ccts:DataType>
              <ccts:AlternativeBusinessTerms>Insurance Cost</ccts:AlternativeBusinessTerms>
            </ccts:Component>
          </xsd:documentation>
        </xsd:annotation>
      </xsd:element>
      <xsd:element ref="cbc:GrossWeightMeasure" minOccurs="0" maxOccurs="1">
        <xsd:annotation>
          <xsd:documentation>
            <ccts:Component>
              <ccts:ComponentType>BBIE</ccts:ComponentType>
              <ccts:DictionaryEntryName>Consignment. Gross_ Weight. Measure</ccts:DictionaryEntryName>
              <ccts:Definition>Total weight (mass) of goods for a declaration, including packaging but excluding the carrier's equipment.</ccts:Definition>
              <ccts:Cardinality>0..1</ccts:Cardinality>
              <ccts:ObjectClass>Consignment</ccts:ObjectClass>
              <ccts:PropertyTermQualifier>Gross</ccts:PropertyTermQualifier>
              <ccts:PropertyTerm>Weight</ccts:PropertyTerm>
              <ccts:RepresentationTerm>Measure</ccts:RepresentationTerm>
              <ccts:DataType>Measure. Type</ccts:DataType>
              <ccts:AlternativeBusinessTerms>Total gross weight (WCO ID 131)</ccts:AlternativeBusinessTerms>
              <ccts:Examples>Total cube of all goods items referred to as one consignment.</ccts:Examples>
            </ccts:Component>
          </xsd:documentation>
        </xsd:annotation>
      </xsd:element>
      <xsd:element ref="cbc:NetWeightMeasure" minOccurs="0" maxOccurs="1">
        <xsd:annotation>
          <xsd:documentation>
            <ccts:Component>
              <ccts:ComponentType>BBIE</ccts:ComponentType>
              <ccts:DictionaryEntryName>Consignment. Net_ Weight. Measure</ccts:DictionaryEntryName>
              <ccts:Definition>Total net weight (mass) of all the goods items referred to as one consignment.</ccts:Definition>
              <ccts:Cardinality>0..1</ccts:Cardinality>
              <ccts:ObjectClass>Consignment</ccts:ObjectClass>
              <ccts:PropertyTermQualifier>Net</ccts:PropertyTermQualifier>
              <ccts:PropertyTerm>Weight</ccts:PropertyTerm>
              <ccts:RepresentationTerm>Measure</ccts:RepresentationTerm>
              <ccts:DataType>Measure. Type</ccts:DataType>
            </ccts:Component>
          </xsd:documentation>
        </xsd:annotation>
      </xsd:element>
      <xsd:element ref="cbc:NetNetWeightMeasure" minOccurs="0" maxOccurs="1">
        <xsd:annotation>
          <xsd:documentation>
            <ccts:Component>
              <ccts:ComponentType>BBIE</ccts:ComponentType>
              <ccts:DictionaryEntryName>Consignment. Net Net_ Weight. Measure</ccts:DictionaryEntryName>
              <ccts:Definition>Weight (mass) of the goods themselves without any packing.</ccts:Definition>
              <ccts:Cardinality>0..1</ccts:Cardinality>
              <ccts:ObjectClass>Consignment</ccts:ObjectClass>
              <ccts:PropertyTermQualifier>Net Net</ccts:PropertyTermQualifier>
              <ccts:PropertyTerm>Weight</ccts:PropertyTerm>
              <ccts:RepresentationTerm>Measure</ccts:RepresentationTerm>
              <ccts:DataType>Measure. Type</ccts:DataType>
            </ccts:Component>
          </xsd:documentation>
        </xsd:annotation>
      </xsd:element>
      <xsd:element ref="cbc:ChargeableWeightMeasure" minOccurs="0" maxOccurs="1">
        <xsd:annotation>
          <xsd:documentation>
            <ccts:Component>
              <ccts:ComponentType>BBIE</ccts:ComponentType>
              <ccts:DictionaryEntryName>Consignment. Chargeable_ Weight. Measure</ccts:DictionaryEntryName>
              <ccts:Definition>Gross weight (mass) on which a charge is to be based.</ccts:Definition>
              <ccts:Cardinality>0..1</ccts:Cardinality>
              <ccts:ObjectClass>Consignment</ccts:ObjectClass>
              <ccts:PropertyTermQualifier>Chargeable</ccts:PropertyTermQualifier>
              <ccts:PropertyTerm>Weight</ccts:PropertyTerm>
              <ccts:RepresentationTerm>Measure</ccts:RepresentationTerm>
              <ccts:DataType>Measure. Type</ccts:DataType>
              <ccts:AlternativeBusinessTerms>Chargeable Weight. Basis.Measure</ccts:AlternativeBusinessTerms>
            </ccts:Component>
          </xsd:documentation>
        </xsd:annotation>
      </xsd:element>
      <xsd:element ref="cbc:GrossVolumeMeasure" minOccurs="0" maxOccurs="1">
        <xsd:annotation>
          <xsd:documentation>
            <ccts:Component>
              <ccts:ComponentType>BBIE</ccts:ComponentType>
              <ccts:DictionaryEntryName>Consignment. Gross_ Volume. Measure</ccts:DictionaryEntryName>
              <ccts:Definition>Total volume of all goods items referred to as one consignment.</ccts:Definition>
              <ccts:Cardinality>0..1</ccts:Cardinality>
              <ccts:ObjectClass>Consignment</ccts:ObjectClass>
              <ccts:PropertyTermQualifier>Gross</ccts:PropertyTermQualifier>
              <ccts:PropertyTerm>Volume</ccts:PropertyTerm>
              <ccts:RepresentationTerm>Measure</ccts:RepresentationTerm>
              <ccts:DataType>Measure. Type</ccts:DataType>
              <ccts:AlternativeBusinessTerms>Cube</ccts:AlternativeBusinessTerms>
            </ccts:Component>
          </xsd:documentation>
        </xsd:annotation>
      </xsd:element>
      <xsd:element ref="cbc:NetVolumeMeasure" minOccurs="0" maxOccurs="1">
        <xsd:annotation>
          <xsd:documentation>
            <ccts:Component>
              <ccts:ComponentType>BBIE</ccts:ComponentType>
              <ccts:DictionaryEntryName>Consignment. Net_ Volume. Measure</ccts:DictionaryEntryName>
              <ccts:Definition>Net volume of all goods items referred to as one consignment.</ccts:Definition>
              <ccts:Cardinality>0..1</ccts:Cardinality>
              <ccts:ObjectClass>Consignment</ccts:ObjectClass>
              <ccts:PropertyTermQualifier>Net</ccts:PropertyTermQualifier>
              <ccts:PropertyTerm>Volume</ccts:PropertyTerm>
              <ccts:RepresentationTerm>Measure</ccts:RepresentationTerm>
              <ccts:DataType>Measure. Type</ccts:DataType>
            </ccts:Component>
          </xsd:documentation>
        </xsd:annotation>
      </xsd:element>
      <xsd:element ref="cbc:LoadingLengthMeasure" minOccurs="0" maxOccurs="1">
        <xsd:annotation>
          <xsd:documentation>
            <ccts:Component>
              <ccts:ComponentType>BBIE</ccts:ComponentType>
              <ccts:DictionaryEntryName>Consignment. Loading_ Length. Measure</ccts:DictionaryEntryName>
              <ccts:Definition>Total length in a means of transport or a piece of transport equipment whereby the complete width and height over that length is needed for loading all the consignments referred to as one consolidation.</ccts:Definition>
              <ccts:Cardinality>0..1</ccts:Cardinality>
              <ccts:ObjectClass>Consignment</ccts:ObjectClass>
              <ccts:PropertyTermQualifier>Loading</ccts:PropertyTermQualifier>
              <ccts:PropertyTerm>Length</ccts:PropertyTerm>
              <ccts:RepresentationTerm>Measure</ccts:RepresentationTerm>
              <ccts:DataType>Measure. Type</ccts:DataType>
            </ccts:Component>
          </xsd:documentation>
        </xsd:annotation>
      </xsd:element>
      <xsd:element ref="cbc:Remarks" minOccurs="0" maxOccurs="unbounded">
        <xsd:annotation>
          <xsd:documentation>
            <ccts:Component>
              <ccts:ComponentType>BBIE</ccts:ComponentType>
              <ccts:DictionaryEntryName>Consignment. Remarks. Text</ccts:DictionaryEntryName>
              <ccts:Definition>Remarks concerning the complete consignment to be printed on the transport document.</ccts:Definition>
              <ccts:Cardinality>0..n</ccts:Cardinality>
              <ccts:ObjectClass>Consignment</ccts:ObjectClass>
              <ccts:PropertyTerm>Remarks</ccts:PropertyTerm>
              <ccts:RepresentationTerm>Text</ccts:RepresentationTerm>
              <ccts:DataType>Text. Type</ccts:DataType>
            </ccts:Component>
          </xsd:documentation>
        </xsd:annotation>
      </xsd:element>
      <xsd:element ref="cbc:HazardousRiskIndicator" minOccurs="0" maxOccurs="1">
        <xsd:annotation>
          <xsd:documentation>
            <ccts:Component>
              <ccts:ComponentType>BBIE</ccts:ComponentType>
              <ccts:DictionaryEntryName>Consignment. Hazardous Risk_ Indicator. Indicator</ccts:DictionaryEntryName>
              <ccts:Definition>Indication that the transport is or is not subject to an international regulation concerning the carriage of dangerous goods.</ccts:Definition>
              <ccts:Cardinality>0..1</ccts:Cardinality>
              <ccts:ObjectClass>Consignment</ccts:ObjectClass>
              <ccts:PropertyTermQualifier>Hazardous Risk</ccts:PropertyTermQualifier>
              <ccts:PropertyTerm>Indicator</ccts:PropertyTerm>
              <ccts:RepresentationTerm>Indicator</ccts:RepresentationTerm>
              <ccts:DataType>Indicator. Type</ccts:DataType>
              <ccts:AlternativeBusinessTerms>Dangerous Goods RID Indicator</ccts:AlternativeBusinessTerms>
              <ccts:Examples>default is negative</ccts:Examples>
            </ccts:Component>
          </xsd:documentation>
        </xsd:annotation>
      </xsd:element>
      <xsd:element ref="ConsigneeParty" minOccurs="0" maxOccurs="1">
        <xsd:annotation>
          <xsd:documentation>
            <ccts:Component>
              <ccts:ComponentType>ASBIE</ccts:ComponentType>
              <ccts:DictionaryEntryName>Consignment. Consignee_ Party. Party</ccts:DictionaryEntryName>
              <ccts:Definition>Party to which goods are consigned.</ccts:Definition>
              <ccts:Cardinality>0..1</ccts:Cardinality>
              <ccts:ObjectClass>Consignment</ccts:ObjectClass>
              <ccts:PropertyTermQualifier>Consignee</ccts:PropertyTermQualifier>
              <ccts:PropertyTerm>Party</ccts:PropertyTerm>
              <ccts:AssociatedObjectClass>Party</ccts:AssociatedObjectClass>
            </ccts:Component>
          </xsd:documentation>
        </xsd:annotation>
      </xsd:element>
      <xsd:element ref="ExporterParty" minOccurs="0" maxOccurs="1">
        <xsd:annotation>
          <xsd:documentation>
            <ccts:Component>
              <ccts:ComponentType>ASBIE</ccts:ComponentType>
              <ccts:DictionaryEntryName>Consignment. Exporter_ Party. Party</ccts:DictionaryEntryName>
              <ccts:Definition>The party who makes the export declaration, or on whose behalf the export declaration is made, and who is the owner of the goods or has similar right of disposal over them at the time when the declaration is accepted.</ccts:Definition>
              <ccts:Cardinality>0..1</ccts:Cardinality>
              <ccts:ObjectClass>Consignment</ccts:ObjectClass>
              <ccts:PropertyTermQualifier>Exporter</ccts:PropertyTermQualifier>
              <ccts:PropertyTerm>Party</ccts:PropertyTerm>
              <ccts:AssociatedObjectClass>Party</ccts:AssociatedObjectClass>
            </ccts:Component>
          </xsd:documentation>
        </xsd:annotation>
      </xsd:element>
      <xsd:element ref="ConsignorParty" minOccurs="0" maxOccurs="1">
        <xsd:annotation>
          <xsd:documentation>
            <ccts:Component>
              <ccts:ComponentType>ASBIE</ccts:ComponentType>
              <ccts:DictionaryEntryName>Consignment. Consignor_ Party. Party</ccts:DictionaryEntryName>
              <ccts:Definition>The party consigning goods, as stipulated in the transport contract by the party ordering transport.</ccts:Definition>
              <ccts:Cardinality>0..1</ccts:Cardinality>
              <ccts:ObjectClass>Consignment</ccts:ObjectClass>
              <ccts:PropertyTermQualifier>Consignor</ccts:PropertyTermQualifier>
              <ccts:PropertyTerm>Party</ccts:PropertyTerm>
              <ccts:AssociatedObjectClass>Party</ccts:AssociatedObjectClass>
            </ccts:Component>
          </xsd:documentation>
        </xsd:annotation>
      </xsd:element>
      <xsd:element ref="ImporterParty" minOccurs="0" maxOccurs="1">
        <xsd:annotation>
          <xsd:documentation>
            <ccts:Component>
              <ccts:ComponentType>ASBIE</ccts:ComponentType>
              <ccts:DictionaryEntryName>Consignment. Importer_ Party. Party</ccts:DictionaryEntryName>
              <ccts:Definition>The party who makes an import declaration, or on whose behalf a Customs clearing agent or other authorized person makes an import declaration. This may include a person who has possession of the goods or to whom the goods are consigned.</ccts:Definition>
              <ccts:Cardinality>0..1</ccts:Cardinality>
              <ccts:ObjectClass>Consignment</ccts:ObjectClass>
              <ccts:PropertyTermQualifier>Importer</ccts:PropertyTermQualifier>
              <ccts:PropertyTerm>Party</ccts:PropertyTerm>
              <ccts:AssociatedObjectClass>Party</ccts:AssociatedObjectClass>
            </ccts:Component>
          </xsd:documentation>
        </xsd:annotation>
      </xsd:element>
      <xsd:element ref="CarrierParty" minOccurs="0" maxOccurs="1">
        <xsd:annotation>
          <xsd:documentation>
            <ccts:Component>
              <ccts:ComponentType>ASBIE</ccts:ComponentType>
              <ccts:DictionaryEntryName>Consignment. Carrier_ Party. Party</ccts:DictionaryEntryName>
              <ccts:Definition>The party providing the transport of goods between named points.</ccts:Definition>
              <ccts:Cardinality>0..1</ccts:Cardinality>
              <ccts:ObjectClass>Consignment</ccts:ObjectClass>
              <ccts:PropertyTermQualifier>Carrier</ccts:PropertyTermQualifier>
              <ccts:PropertyTerm>Party</ccts:PropertyTerm>
              <ccts:AssociatedObjectClass>Party</ccts:AssociatedObjectClass>
            </ccts:Component>
          </xsd:documentation>
        </xsd:annotation>
      </xsd:element>
      <xsd:element ref="FreightForwarderParty" minOccurs="0" maxOccurs="1">
        <xsd:annotation>
          <xsd:documentation>
            <ccts:Component>
              <ccts:ComponentType>ASBIE</ccts:ComponentType>
              <ccts:DictionaryEntryName>Consignment. Freight Forwarder_ Party. Party</ccts:DictionaryEntryName>
              <ccts:Definition>The party combining individual smaller consignments into a single larger shipment (so called consolidated shipment) that is sent to a counterpart who mirrors the consolidator's activity by dividing the consolidated consignment into its original components.</ccts:Definition>
              <ccts:Cardinality>0..1</ccts:Cardinality>
              <ccts:ObjectClass>Consignment</ccts:ObjectClass>
              <ccts:PropertyTermQualifier>Freight Forwarder</ccts:PropertyTermQualifier>
              <ccts:PropertyTerm>Party</ccts:PropertyTerm>
              <ccts:AssociatedObjectClass>Party</ccts:AssociatedObjectClass>
            </ccts:Component>
          </xsd:documentation>
        </xsd:annotation>
      </xsd:element>
      <xsd:element ref="NotifyParty" minOccurs="0" maxOccurs="1">
        <xsd:annotation>
          <xsd:documentation>
            <ccts:Component>
              <ccts:ComponentType>ASBIE</ccts:ComponentType>
              <ccts:DictionaryEntryName>Consignment. Notify_ Party. Party</ccts:DictionaryEntryName>
              <ccts:Definition>The party to be notified.</ccts:Definition>
              <ccts:Cardinality>0..1</ccts:Cardinality>
              <ccts:ObjectClass>Consignment</ccts:ObjectClass>
              <ccts:PropertyTermQualifier>Notify</ccts:PropertyTermQualifier>
              <ccts:PropertyTerm>Party</ccts:PropertyTerm>
              <ccts:AssociatedObjectClass>Party</ccts:AssociatedObjectClass>
            </ccts:Component>
          </xsd:documentation>
        </xsd:annotation>
      </xsd:element>
      <xsd:element ref="OriginalDespatchParty" minOccurs="0" maxOccurs="1">
        <xsd:annotation>
          <xsd:documentation>
            <ccts:Component>
              <ccts:ComponentType>ASBIE</ccts:ComponentType>
              <ccts:DictionaryEntryName>Consignment. Original Despatch_ Party. Party</ccts:DictionaryEntryName>
              <ccts:Definition>The original despatch party.</ccts:Definition>
              <ccts:Cardinality>0..1</ccts:Cardinality>
              <ccts:ObjectClass>Consignment</ccts:ObjectClass>
              <ccts:PropertyTermQualifier>Original Despatch</ccts:PropertyTermQualifier>
              <ccts:PropertyTerm>Party</ccts:PropertyTerm>
              <ccts:AssociatedObjectClass>Party</ccts:AssociatedObjectClass>
            </ccts:Component>
          </xsd:documentation>
        </xsd:annotation>
      </xsd:element>
      <xsd:element ref="FinalDeliveryParty" minOccurs="0" maxOccurs="1">
        <xsd:annotation>
          <xsd:documentation>
            <ccts:Component>
              <ccts:ComponentType>ASBIE</ccts:ComponentType>
              <ccts:DictionaryEntryName>Consignment. Final Delivery_ Party. Party</ccts:DictionaryEntryName>
              <ccts:Definition>The final delivery party.</ccts:Definition>
              <ccts:Cardinality>0..1</ccts:Cardinality>
              <ccts:ObjectClass>Consignment</ccts:ObjectClass>
              <ccts:PropertyTermQualifier>Final Delivery</ccts:PropertyTermQualifier>
              <ccts:PropertyTerm>Party</ccts:PropertyTerm>
              <ccts:AssociatedObjectClass>Party</ccts:AssociatedObjectClass>
            </ccts:Component>
          </xsd:documentation>
        </xsd:annotation>
      </xsd:element>
      <xsd:element ref="OriginalDepartureCountry" minOccurs="0" maxOccurs="1">
        <xsd:annotation>
          <xsd:documentation>
            <ccts:Component>
              <ccts:ComponentType>ASBIE</ccts:ComponentType>
              <ccts:DictionaryEntryName>Consignment. Original Departure_ Country. Country</ccts:DictionaryEntryName>
              <ccts:Definition>The country from which the goods are originally exported, without any commercial transaction taking place in intermediate countries.</ccts:Definition>
              <ccts:Cardinality>0..1</ccts:Cardinality>
              <ccts:ObjectClass>Consignment</ccts:ObjectClass>
              <ccts:PropertyTermQualifier>Original Departure</ccts:PropertyTermQualifier>
              <ccts:PropertyTerm>Country</ccts:PropertyTerm>
              <ccts:AssociatedObjectClass>Country</ccts:AssociatedObjectClass>
            </ccts:Component>
          </xsd:documentation>
        </xsd:annotation>
      </xsd:element>
      <xsd:element ref="FinalDestinationCountry" minOccurs="0" maxOccurs="1">
        <xsd:annotation>
          <xsd:documentation>
            <ccts:Component>
              <ccts:ComponentType>ASBIE</ccts:ComponentType>
              <ccts:DictionaryEntryName>Consignment. Final Destination_ Country. Country</ccts:DictionaryEntryName>
              <ccts:Definition>Name of the country to which the goods are to be delivered to the final consignee or buyer.</ccts:Definition>
              <ccts:Cardinality>0..1</ccts:Cardinality>
              <ccts:ObjectClass>Consignment</ccts:ObjectClass>
              <ccts:PropertyTermQualifier>Final Destination</ccts:PropertyTermQualifier>
              <ccts:PropertyTerm>Country</ccts:PropertyTerm>
              <ccts:AssociatedObjectClass>Country</ccts:AssociatedObjectClass>
            </ccts:Component>
          </xsd:documentation>
        </xsd:annotation>
      </xsd:element>
      <xsd:element ref="TransitCountry" minOccurs="0" maxOccurs="unbounded">
        <xsd:annotation>
          <xsd:documentation>
            <ccts:Component>
              <ccts:ComponentType>ASBIE</ccts:ComponentType>
              <ccts:DictionaryEntryName>Consignment. Transit_ Country. Country</ccts:DictionaryEntryName>
              <ccts:Definition>The countries through which goods or passengers are routed between the country of original departure and the country of final destination.</ccts:Definition>
              <ccts:Cardinality>0..n</ccts:Cardinality>
              <ccts:ObjectClass>Consignment</ccts:ObjectClass>
              <ccts:PropertyTermQualifier>Transit</ccts:PropertyTermQualifier>
              <ccts:PropertyTerm>Country</ccts:PropertyTerm>
              <ccts:AssociatedObjectClass>Country</ccts:AssociatedObjectClass>
            </ccts:Component>
          </xsd:documentation>
        </xsd:annotation>
      </xsd:element>
      <xsd:element ref="TransportContract" minOccurs="0" maxOccurs="1">
        <xsd:annotation>
          <xsd:documentation>
            <ccts:Component>
              <ccts:ComponentType>ASBIE</ccts:ComponentType>
              <ccts:DictionaryEntryName>Consignment. Transport_ Contract. Contract</ccts:DictionaryEntryName>
              <ccts:Definition>An association to Transport Contact.</ccts:Definition>
              <ccts:Cardinality>0..1</ccts:Cardinality>
              <ccts:ObjectClass>Consignment</ccts:ObjectClass>
              <ccts:PropertyTermQualifier>Transport</ccts:PropertyTermQualifier>
              <ccts:PropertyTerm>Contract</ccts:PropertyTerm>
              <ccts:AssociatedObjectClass>Contract</ccts:AssociatedObjectClass>
            </ccts:Component>
          </xsd:documentation>
        </xsd:annotation>
      </xsd:element>
      <xsd:element ref="OriginalDespatchTransportationService" minOccurs="0" maxOccurs="1">
        <xsd:annotation>
          <xsd:documentation>
            <ccts:Component>
              <ccts:ComponentType>ASBIE</ccts:ComponentType>
              <ccts:DictionaryEntryName>Consignment. Original Despatch_ Transportation Service. Transportation Service</ccts:DictionaryEntryName>
              <ccts:Definition>The service for pick-up from the consignor under the transport contract.</ccts:Definition>
              <ccts:Cardinality>0..1</ccts:Cardinality>
              <ccts:ObjectClass>Consignment</ccts:ObjectClass>
              <ccts:PropertyTermQualifier>Original Despatch</ccts:PropertyTermQualifier>
              <ccts:PropertyTerm>Transportation Service</ccts:PropertyTerm>
              <ccts:AssociatedObjectClass>Transportation Service</ccts:AssociatedObjectClass>
            </ccts:Component>
          </xsd:documentation>
        </xsd:annotation>
      </xsd:element>
      <xsd:element ref="FinalDeliveryTransportationService" minOccurs="0" maxOccurs="1">
        <xsd:annotation>
          <xsd:documentation>
            <ccts:Component>
              <ccts:ComponentType>ASBIE</ccts:ComponentType>
              <ccts:DictionaryEntryName>Consignment. Final Delivery_ Transportation Service. Transportation Service</ccts:DictionaryEntryName>
              <ccts:Definition>The service for delivery to the consignee under the transport contract.</ccts:Definition>
              <ccts:Cardinality>0..1</ccts:Cardinality>
              <ccts:ObjectClass>Consignment</ccts:ObjectClass>
              <ccts:PropertyTermQualifier>Final Delivery</ccts:PropertyTermQualifier>
              <ccts:PropertyTerm>Transportation Service</ccts:PropertyTerm>
              <ccts:AssociatedObjectClass>Transportation Service</ccts:AssociatedObjectClass>
            </ccts:Component>
          </xsd:documentation>
        </xsd:annotation>
      </xsd:element>
      <xsd:element ref="DeliveryTerms" minOccurs="0" maxOccurs="1">
        <xsd:annotation>
          <xsd:documentation>
            <ccts:Component>
              <ccts:ComponentType>ASBIE</ccts:ComponentType>
              <ccts:DictionaryEntryName>Consignment. Delivery Terms</ccts:DictionaryEntryName>
              <ccts:Definition>All the conditions agreed upon between a seller and a buyer with regard to the delivery of goods and/or services, e.g., CIF, FOB, or EXW from the INCOTERMS Terms of Delivery.</ccts:Definition>
              <ccts:Cardinality>0..1</ccts:Cardinality>
              <ccts:ObjectClass>Consignment</ccts:ObjectClass>
              <ccts:PropertyTerm>Delivery Terms</ccts:PropertyTerm>
              <ccts:AssociatedObjectClass>Delivery Terms</ccts:AssociatedObjectClass>
            </ccts:Component>
          </xsd:documentation>
        </xsd:annotation>
      </xsd:element>
      <xsd:element ref="PaymentTerms" minOccurs="0" maxOccurs="1">
        <xsd:annotation>
          <xsd:documentation>
            <ccts:Component>
              <ccts:ComponentType>ASBIE</ccts:ComponentType>
              <ccts:DictionaryEntryName>Consignment. Payment Terms</ccts:DictionaryEntryName>
              <ccts:Definition>The conditions of payment between the parties in a transaction.</ccts:Definition>
              <ccts:Cardinality>0..1</ccts:Cardinality>
              <ccts:ObjectClass>Consignment</ccts:ObjectClass>
              <ccts:PropertyTerm>Payment Terms</ccts:PropertyTerm>
              <ccts:AssociatedObjectClass>Payment Terms</ccts:AssociatedObjectClass>
            </ccts:Component>
          </xsd:documentation>
        </xsd:annotation>
      </xsd:element>
      <xsd:element ref="FreightAllowanceCharge" minOccurs="0" maxOccurs="unbounded">
        <xsd:annotation>
          <xsd:documentation>
            <ccts:Component>
              <ccts:ComponentType>ASBIE</ccts:ComponentType>
              <ccts:DictionaryEntryName>Consignment. Freight_ Allowance Charge. Allowance Charge</ccts:DictionaryEntryName>
              <ccts:Definition>Costs incurred by the shipper in moving goods, by whatever means, from one place to another under the terms of the contract of carriage. In addition to transport costs, this may include such elements as packing, documentation, loading, unloading, and insurance (to the extent that they relate to the freight costs).</ccts:Definition>
              <ccts:Cardinality>0..n</ccts:Cardinality>
              <ccts:ObjectClass>Consignment</ccts:ObjectClass>
              <ccts:PropertyTermQualifier>Freight</ccts:PropertyTermQualifier>
              <ccts:PropertyTerm>Allowance Charge</ccts:PropertyTerm>
              <ccts:AssociatedObjectClass>Allowance Charge</ccts:AssociatedObjectClass>
            </ccts:Component>
          </xsd:documentation>
        </xsd:annotation>
      </xsd:element>
    </xsd:sequence>
  </xsd:complexType>
  <xsd:complexType name="ContactType">
    <xsd:annotation>
      <xsd:documentation>
        <ccts:Component>
          <ccts:ComponentType>ABIE</ccts:ComponentType>
          <ccts:DictionaryEntryName>Contact. Details</ccts:DictionaryEntryName>
          <ccts:Definition>Information about a contactable person or organization department.</ccts:Definition>
          <ccts:ObjectClass>Contact</ccts:ObjectClass>
        </ccts:Component>
      </xsd:documentation>
    </xsd:annotation>
    <xsd:sequence>
      <xsd:element ref="cbc:ID" minOccurs="0" maxOccurs="1">
        <xsd:annotation>
          <xsd:documentation>
            <ccts:Component>
              <ccts:ComponentType>BBIE</ccts:ComponentType>
              <ccts:DictionaryEntryName>Contact. Identifier</ccts:DictionaryEntryName>
              <ccts:Definition>An identifier for the Contact.</ccts:Definition>
              <ccts:Cardinality>0..1</ccts:Cardinality>
              <ccts:ObjectClass>Contact</ccts:ObjectClass>
              <ccts:PropertyTerm>Identifier</ccts:PropertyTerm>
              <ccts:RepresentationTerm>Identifier</ccts:RepresentationTerm>
              <ccts:DataType>Identifier. Type</ccts:DataType>
              <ccts:Examples>"Receivals Clerk"</ccts:Examples>
            </ccts:Component>
          </xsd:documentation>
        </xsd:annotation>
      </xsd:element>
      <xsd:element ref="cbc:Name" minOccurs="0" maxOccurs="1">
        <xsd:annotation>
          <xsd:documentation>
            <ccts:Component>
              <ccts:ComponentType>BBIE</ccts:ComponentType>
              <ccts:DictionaryEntryName>Contact. Name</ccts:DictionaryEntryName>
              <ccts:Definition>The name of the Contact.</ccts:Definition>
              <ccts:Cardinality>0..1</ccts:Cardinality>
              <ccts:ObjectClass>Contact</ccts:ObjectClass>
              <ccts:PropertyTerm>Name</ccts:PropertyTerm>
              <ccts:RepresentationTerm>Name</ccts:RepresentationTerm>
              <ccts:DataType>Name. Type</ccts:DataType>
              <ccts:Examples>"Delivery Dock"</ccts:Examples>
            </ccts:Component>
          </xsd:documentation>
        </xsd:annotation>
      </xsd:element>
      <xsd:element ref="cbc:Telephone" minOccurs="0" maxOccurs="1">
        <xsd:annotation>
          <xsd:documentation>
            <ccts:Component>
              <ccts:ComponentType>BBIE</ccts:ComponentType>
              <ccts:DictionaryEntryName>Contact. Telephone. Text</ccts:DictionaryEntryName>
              <ccts:Definition>The telephone number of the Contact.</ccts:Definition>
              <ccts:Cardinality>0..1</ccts:Cardinality>
              <ccts:ObjectClass>Contact</ccts:ObjectClass>
              <ccts:PropertyTerm>Telephone</ccts:PropertyTerm>
              <ccts:RepresentationTerm>Text</ccts:RepresentationTerm>
              <ccts:DataType>Text. Type</ccts:DataType>
            </ccts:Component>
          </xsd:documentation>
        </xsd:annotation>
      </xsd:element>
      <xsd:element ref="cbc:Telefax" minOccurs="0" maxOccurs="1">
        <xsd:annotation>
          <xsd:documentation>
            <ccts:Component>
              <ccts:ComponentType>BBIE</ccts:ComponentType>
              <ccts:DictionaryEntryName>Contact. Telefax. Text</ccts:DictionaryEntryName>
              <ccts:Definition>The fax number of the Contact.</ccts:Definition>
              <ccts:Cardinality>0..1</ccts:Cardinality>
              <ccts:ObjectClass>Contact</ccts:ObjectClass>
              <ccts:PropertyTerm>Telefax</ccts:PropertyTerm>
              <ccts:RepresentationTerm>Text</ccts:RepresentationTerm>
              <ccts:DataType>Text. Type</ccts:DataType>
            </ccts:Component>
          </xsd:documentation>
        </xsd:annotation>
      </xsd:element>
      <xsd:element ref="cbc:ElectronicMail" minOccurs="0" maxOccurs="1">
        <xsd:annotation>
          <xsd:documentation>
            <ccts:Component>
              <ccts:ComponentType>BBIE</ccts:ComponentType>
              <ccts:DictionaryEntryName>Contact. Electronic_ Mail. Text</ccts:DictionaryEntryName>
              <ccts:Definition>The email address of the Contact.</ccts:Definition>
              <ccts:Cardinality>0..1</ccts:Cardinality>
              <ccts:ObjectClass>Contact</ccts:ObjectClass>
              <ccts:PropertyTermQualifier>Electronic</ccts:PropertyTermQualifier>
              <ccts:PropertyTerm>Mail</ccts:PropertyTerm>
              <ccts:RepresentationTerm>Text</ccts:RepresentationTerm>
              <ccts:DataType>Text. Type</ccts:DataType>
            </ccts:Component>
          </xsd:documentation>
        </xsd:annotation>
      </xsd:element>
      <xsd:element ref="cbc:Note" minOccurs="0" maxOccurs="1">
        <xsd:annotation>
          <xsd:documentation>
            <ccts:Component>
              <ccts:ComponentType>BBIE</ccts:ComponentType>
              <ccts:DictionaryEntryName>Contact. Note. Text</ccts:DictionaryEntryName>
              <ccts:Definition>A note such as 'Emergency' or 'After Hours' describing the circumstances in which the Contact can be used.</ccts:Definition>
              <ccts:Cardinality>0..1</ccts:Cardinality>
              <ccts:ObjectClass>Contact</ccts:ObjectClass>
              <ccts:PropertyTerm>Note</ccts:PropertyTerm>
              <ccts:RepresentationTerm>Text</ccts:RepresentationTerm>
              <ccts:DataType>Text. Type</ccts:DataType>
            </ccts:Component>
          </xsd:documentation>
        </xsd:annotation>
      </xsd:element>
      <xsd:element ref="OtherCommunication" minOccurs="0" maxOccurs="unbounded">
        <xsd:annotation>
          <xsd:documentation>
            <ccts:Component>
              <ccts:ComponentType>ASBIE</ccts:ComponentType>
              <ccts:DictionaryEntryName>Contact. Other_ Communication. Communication</ccts:DictionaryEntryName>
              <ccts:Definition>An association to Other Communication.</ccts:Definition>
              <ccts:Cardinality>0..n</ccts:Cardinality>
              <ccts:ObjectClass>Contact</ccts:ObjectClass>
              <ccts:PropertyTermQualifier>Other</ccts:PropertyTermQualifier>
              <ccts:PropertyTerm>Communication</ccts:PropertyTerm>
              <ccts:AssociatedObjectClass>Communication</ccts:AssociatedObjectClass>
            </ccts:Component>
          </xsd:documentation>
        </xsd:annotation>
      </xsd:element>
    </xsd:sequence>
  </xsd:complexType>
  <xsd:complexType name="ContractType">
    <xsd:annotation>
      <xsd:documentation>
        <ccts:Component>
          <ccts:ComponentType>ABIE</ccts:ComponentType>
          <ccts:DictionaryEntryName>Contract. Details</ccts:DictionaryEntryName>
          <ccts:Definition>Information about a Contract.</ccts:Definition>
          <ccts:ObjectClass>Contract</ccts:ObjectClass>
        </ccts:Component>
      </xsd:documentation>
    </xsd:annotation>
    <xsd:sequence>
      <xsd:element ref="cbc:ID" minOccurs="0" maxOccurs="1">
        <xsd:annotation>
          <xsd:documentation>
            <ccts:Component>
              <ccts:ComponentType>BBIE</ccts:ComponentType>
              <ccts:DictionaryEntryName>Contract. Identifier</ccts:DictionaryEntryName>
              <ccts:Definition>Identifies the Contract.</ccts:Definition>
              <ccts:Cardinality>0..1</ccts:Cardinality>
              <ccts:ObjectClass>Contract</ccts:ObjectClass>
              <ccts:PropertyTerm>Identifier</ccts:PropertyTerm>
              <ccts:RepresentationTerm>Identifier</ccts:RepresentationTerm>
              <ccts:DataType>Identifier. Type</ccts:DataType>
              <ccts:Examples>"CC23"</ccts:Examples>
            </ccts:Component>
          </xsd:documentation>
        </xsd:annotation>
      </xsd:element>
      <xsd:element ref="cbc:IssueDate" minOccurs="0" maxOccurs="1">
        <xsd:annotation>
          <xsd:documentation>
            <ccts:Component>
              <ccts:ComponentType>BBIE</ccts:ComponentType>
              <ccts:DictionaryEntryName>Contract. Issue Date. Date</ccts:DictionaryEntryName>
              <ccts:Definition>The date on which the Contract was issued.</ccts:Definition>
              <ccts:Cardinality>0..1</ccts:Cardinality>
              <ccts:ObjectClass>Contract</ccts:ObjectClass>
              <ccts:PropertyTerm>Issue Date</ccts:PropertyTerm>
              <ccts:RepresentationTerm>Date</ccts:RepresentationTerm>
              <ccts:DataType>Date. Type</ccts:DataType>
            </ccts:Component>
          </xsd:documentation>
        </xsd:annotation>
      </xsd:element>
      <xsd:element ref="cbc:IssueTime" minOccurs="0" maxOccurs="1">
        <xsd:annotation>
          <xsd:documentation>
            <ccts:Component>
              <ccts:ComponentType>BBIE</ccts:ComponentType>
              <ccts:DictionaryEntryName>Contract. Issue Time. Time</ccts:DictionaryEntryName>
              <ccts:Definition>The time at which the Contract was issued.</ccts:Definition>
              <ccts:Cardinality>0..1</ccts:Cardinality>
              <ccts:ObjectClass>Contract</ccts:ObjectClass>
              <ccts:PropertyTerm>Issue Time</ccts:PropertyTerm>
              <ccts:RepresentationTerm>Time</ccts:RepresentationTerm>
              <ccts:DataType>Time. Type</ccts:DataType>
            </ccts:Component>
          </xsd:documentation>
        </xsd:annotation>
      </xsd:element>
      <xsd:element ref="cbc:ContractTypeCode" minOccurs="0" maxOccurs="1">
        <xsd:annotation>
          <xsd:documentation>
            <ccts:Component>
              <ccts:ComponentType>BBIE</ccts:ComponentType>
              <ccts:DictionaryEntryName>Contract. Contract Type Code. Code</ccts:DictionaryEntryName>
              <ccts:Definition>The type of Contract, expressed as a code.</ccts:Definition>
              <ccts:Cardinality>0..1</ccts:Cardinality>
              <ccts:ObjectClass>Contract</ccts:ObjectClass>
              <ccts:PropertyTerm>Contract Type Code</ccts:PropertyTerm>
              <ccts:RepresentationTerm>Code</ccts:RepresentationTerm>
              <ccts:DataType>Code. Type</ccts:DataType>
            </ccts:Component>
          </xsd:documentation>
        </xsd:annotation>
      </xsd:element>
      <xsd:element ref="cbc:ContractType" minOccurs="0" maxOccurs="1">
        <xsd:annotation>
          <xsd:documentation>
            <ccts:Component>
              <ccts:ComponentType>BBIE</ccts:ComponentType>
              <ccts:DictionaryEntryName>Contract. Contract Type. Text</ccts:DictionaryEntryName>
              <ccts:Definition>The type of Contract, expressed as text.</ccts:Definition>
              <ccts:Cardinality>0..1</ccts:Cardinality>
              <ccts:ObjectClass>Contract</ccts:ObjectClass>
              <ccts:PropertyTerm>Contract Type</ccts:PropertyTerm>
              <ccts:RepresentationTerm>Text</ccts:RepresentationTerm>
              <ccts:DataType>Text. Type</ccts:DataType>
            </ccts:Component>
          </xsd:documentation>
        </xsd:annotation>
      </xsd:element>
      <xsd:element ref="ValidityPeriod" minOccurs="0" maxOccurs="1">
        <xsd:annotation>
          <xsd:documentation>
            <ccts:Component>
              <ccts:ComponentType>ASBIE</ccts:ComponentType>
              <ccts:DictionaryEntryName>Contract. Validity_ Period. Period</ccts:DictionaryEntryName>
              <ccts:Definition>An association to Validity Period.</ccts:Definition>
              <ccts:Cardinality>0..1</ccts:Cardinality>
              <ccts:ObjectClass>Contract</ccts:ObjectClass>
              <ccts:PropertyTermQualifier>Validity</ccts:PropertyTermQualifier>
              <ccts:PropertyTerm>Period</ccts:PropertyTerm>
              <ccts:AssociatedObjectClass>Period</ccts:AssociatedObjectClass>
            </ccts:Component>
          </xsd:documentation>
        </xsd:annotation>
      </xsd:element>
      <xsd:element ref="ContractDocumentReference" minOccurs="0" maxOccurs="unbounded">
        <xsd:annotation>
          <xsd:documentation>
            <ccts:Component>
              <ccts:ComponentType>ASBIE</ccts:ComponentType>
              <ccts:DictionaryEntryName>Contract. Contract_ Document Reference. Document Reference</ccts:DictionaryEntryName>
              <ccts:Definition>An associative reference to Contract Document.</ccts:Definition>
              <ccts:Cardinality>0..n</ccts:Cardinality>
              <ccts:ObjectClass>Contract</ccts:ObjectClass>
              <ccts:PropertyTermQualifier>Contract</ccts:PropertyTermQualifier>
              <ccts:PropertyTerm>Document Reference</ccts:PropertyTerm>
              <ccts:AssociatedObjectClass>Document Reference</ccts:AssociatedObjectClass>
            </ccts:Component>
          </xsd:documentation>
        </xsd:annotation>
      </xsd:element>
    </xsd:sequence>
  </xsd:complexType>
  <xsd:complexType name="CorporateRegistrationSchemeType">
    <xsd:annotation>
      <xsd:documentation>
        <ccts:Component>
          <ccts:ComponentType>ABIE</ccts:ComponentType>
          <ccts:DictionaryEntryName>Corporate Registration Scheme. Details</ccts:DictionaryEntryName>
          <ccts:Definition>Information directly relating a scheme for corporate registration of businesses.</ccts:Definition>
          <ccts:ObjectClass>Corporate Registration Scheme</ccts:ObjectClass>
        </ccts:Component>
      </xsd:documentation>
    </xsd:annotation>
    <xsd:sequence>
      <xsd:element ref="cbc:ID" minOccurs="0" maxOccurs="1">
        <xsd:annotation>
          <xsd:documentation>
            <ccts:Component>
              <ccts:ComponentType>BBIE</ccts:ComponentType>
              <ccts:DictionaryEntryName>Corporate Registration Scheme. Identifier</ccts:DictionaryEntryName>
              <ccts:Definition>Identifies the scheme.</ccts:Definition>
              <ccts:Cardinality>0..1</ccts:Cardinality>
              <ccts:ObjectClass>Corporate Registration Scheme</ccts:ObjectClass>
              <ccts:PropertyTerm>Identifier</ccts:PropertyTerm>
              <ccts:RepresentationTerm>Identifier</ccts:RepresentationTerm>
              <ccts:DataType>Identifier. Type</ccts:DataType>
              <ccts:Examples>"ASIC" in Australia</ccts:Examples>
            </ccts:Component>
          </xsd:documentation>
        </xsd:annotation>
      </xsd:element>
      <xsd:element ref="cbc:Name" minOccurs="0" maxOccurs="1">
        <xsd:annotation>
          <xsd:documentation>
            <ccts:Component>
              <ccts:ComponentType>BBIE</ccts:ComponentType>
              <ccts:DictionaryEntryName>Corporate Registration Scheme. Name</ccts:DictionaryEntryName>
              <ccts:Definition>Identifies the scheme by name.</ccts:Definition>
              <ccts:Cardinality>0..1</ccts:Cardinality>
              <ccts:ObjectClass>Corporate Registration Scheme</ccts:ObjectClass>
              <ccts:PropertyTerm>Name</ccts:PropertyTerm>
              <ccts:RepresentationTerm>Name</ccts:RepresentationTerm>
              <ccts:DataType>Name. Type</ccts:DataType>
              <ccts:Examples>"Australian Securities and Investment Commission" in Australia</ccts:Examples>
            </ccts:Component>
          </xsd:documentation>
        </xsd:annotation>
      </xsd:element>
      <xsd:element ref="cbc:CorporateRegistrationTypeCode" minOccurs="0" maxOccurs="1">
        <xsd:annotation>
          <xsd:documentation>
            <ccts:Component>
              <ccts:ComponentType>BBIE</ccts:ComponentType>
              <ccts:DictionaryEntryName>Corporate Registration Scheme. Corporate Registration Type Code. Code</ccts:DictionaryEntryName>
              <ccts:Definition>Identifies the type of scheme.</ccts:Definition>
              <ccts:Cardinality>0..1</ccts:Cardinality>
              <ccts:ObjectClass>Corporate Registration Scheme</ccts:ObjectClass>
              <ccts:PropertyTerm>Corporate Registration Type Code</ccts:PropertyTerm>
              <ccts:RepresentationTerm>Code</ccts:RepresentationTerm>
              <ccts:DataType>Code. Type</ccts:DataType>
              <ccts:Examples>"ACN"</ccts:Examples>
            </ccts:Component>
          </xsd:documentation>
        </xsd:annotation>
      </xsd:element>
      <xsd:element ref="JurisdictionRegionAddress" minOccurs="0" maxOccurs="unbounded">
        <xsd:annotation>
          <xsd:documentation>
            <ccts:Component>
              <ccts:ComponentType>ASBIE</ccts:ComponentType>
              <ccts:DictionaryEntryName>Corporate Registration Scheme. Jurisdiction Region_ Address. Address</ccts:DictionaryEntryName>
              <ccts:Definition>Associates the registration scheme with particulars that identify and locate the geographic area to which the scheme applies.</ccts:Definition>
              <ccts:Cardinality>0..n</ccts:Cardinality>
              <ccts:ObjectClass>Corporate Registration Scheme</ccts:ObjectClass>
              <ccts:PropertyTermQualifier>Jurisdiction Region</ccts:PropertyTermQualifier>
              <ccts:PropertyTerm>Address</ccts:PropertyTerm>
              <ccts:AssociatedObjectClass>Address</ccts:AssociatedObjectClass>
            </ccts:Component>
          </xsd:documentation>
        </xsd:annotation>
      </xsd:element>
    </xsd:sequence>
  </xsd:complexType>
  <xsd:complexType name="CountryType">
    <xsd:annotation>
      <xsd:documentation>
        <ccts:Component>
          <ccts:ComponentType>ABIE</ccts:ComponentType>
          <ccts:DictionaryEntryName>Country. Details</ccts:DictionaryEntryName>
          <ccts:Definition>Information about a geopolitical country.</ccts:Definition>
          <ccts:ObjectClass>Country</ccts:ObjectClass>
        </ccts:Component>
      </xsd:documentation>
    </xsd:annotation>
    <xsd:sequence>
      <xsd:element ref="cbc:IdentificationCode" minOccurs="0" maxOccurs="1">
        <xsd:annotation>
          <xsd:documentation>
            <ccts:Component>
              <ccts:ComponentType>BBIE</ccts:ComponentType>
              <ccts:DictionaryEntryName>Country. Identification Code. Code</ccts:DictionaryEntryName>
              <ccts:Definition>An identifier for the Country.</ccts:Definition>
              <ccts:Cardinality>0..1</ccts:Cardinality>
              <ccts:ObjectClass>Country</ccts:ObjectClass>
              <ccts:PropertyTerm>Identification Code</ccts:PropertyTerm>
              <ccts:RepresentationTerm>Code</ccts:RepresentationTerm>
              <ccts:DataType>Country Identification_ Code. Type</ccts:DataType>
            </ccts:Component>
          </xsd:documentation>
        </xsd:annotation>
      </xsd:element>
      <xsd:element ref="cbc:Name" minOccurs="0" maxOccurs="1">
        <xsd:annotation>
          <xsd:documentation>
            <ccts:Component>
              <ccts:ComponentType>BBIE</ccts:ComponentType>
              <ccts:DictionaryEntryName>Country. Name</ccts:DictionaryEntryName>
              <ccts:Definition>The name of the Country.</ccts:Definition>
              <ccts:Cardinality>0..1</ccts:Cardinality>
              <ccts:ObjectClass>Country</ccts:ObjectClass>
              <ccts:PropertyTerm>Name</ccts:PropertyTerm>
              <ccts:RepresentationTerm>Name</ccts:RepresentationTerm>
              <ccts:DataType>Name. Type</ccts:DataType>
              <ccts:Examples>“SOUTH AFRICA”</ccts:Examples>
            </ccts:Component>
          </xsd:documentation>
        </xsd:annotation>
      </xsd:element>
    </xsd:sequence>
  </xsd:complexType>
  <xsd:complexType name="CreditAccountType">
    <xsd:annotation>
      <xsd:documentation>
        <ccts:Component>
          <ccts:ComponentType>ABIE</ccts:ComponentType>
          <ccts:DictionaryEntryName>Credit Account. Details</ccts:DictionaryEntryName>
          <ccts:Definition>Information about a Credit Account (for sales on account).</ccts:Definition>
          <ccts:ObjectClass>Credit Account</ccts:ObjectClass>
        </ccts:Component>
      </xsd:documentation>
    </xsd:annotation>
    <xsd:sequence>
      <xsd:element ref="cbc:AccountID" minOccurs="1" maxOccurs="1">
        <xsd:annotation>
          <xsd:documentation>
            <ccts:Component>
              <ccts:ComponentType>BBIE</ccts:ComponentType>
              <ccts:DictionaryEntryName>Credit Account. Account Identifier. Identifier</ccts:DictionaryEntryName>
              <ccts:Definition>Identifies the Credit Account.</ccts:Definition>
              <ccts:Cardinality>1</ccts:Cardinality>
              <ccts:ObjectClass>Credit Account</ccts:ObjectClass>
              <ccts:PropertyTerm>Account Identifier</ccts:PropertyTerm>
              <ccts:RepresentationTerm>Identifier</ccts:RepresentationTerm>
              <ccts:DataType>Identifier. Type</ccts:DataType>
              <ccts:Examples>"Customer Code 29"</ccts:Examples>
            </ccts:Component>
          </xsd:documentation>
        </xsd:annotation>
      </xsd:element>
    </xsd:sequence>
  </xsd:complexType>
  <xsd:complexType name="CreditNoteLineType">
    <xsd:annotation>
      <xsd:documentation>
        <ccts:Component>
          <ccts:ComponentType>ABIE</ccts:ComponentType>
          <ccts:DictionaryEntryName>Credit Note Line. Details</ccts:DictionaryEntryName>
          <ccts:Definition>Information about a Credit Note Line.</ccts:Definition>
          <ccts:ObjectClass>Credit Note Line</ccts:ObjectClass>
        </ccts:Component>
      </xsd:documentation>
    </xsd:annotation>
    <xsd:sequence>
      <xsd:element ref="cbc:ID" minOccurs="1" maxOccurs="1">
        <xsd:annotation>
          <xsd:documentation>
            <ccts:Component>
              <ccts:ComponentType>BBIE</ccts:ComponentType>
              <ccts:DictionaryEntryName>Credit Note Line. Identifier</ccts:DictionaryEntryName>
              <ccts:Definition>Identifies the Credit Note Line.</ccts:Definition>
              <ccts:Cardinality>1</ccts:Cardinality>
              <ccts:ObjectClass>Credit Note Line</ccts:ObjectClass>
              <ccts:PropertyTerm>Identifier</ccts:PropertyTerm>
              <ccts:RepresentationTerm>Identifier</ccts:RepresentationTerm>
              <ccts:DataType>Identifier. Type</ccts:DataType>
            </ccts:Component>
          </xsd:documentation>
        </xsd:annotation>
      </xsd:element>
      <xsd:element ref="cbc:UUID" minOccurs="0" maxOccurs="1">
        <xsd:annotation>
          <xsd:documentation>
            <ccts:Component>
              <ccts:ComponentType>BBIE</ccts:ComponentType>
              <ccts:DictionaryEntryName>Credit Note Line. UUID. Identifier</ccts:DictionaryEntryName>
              <ccts:Definition>A universally unique identifier for an instance of this ABIE.</ccts:Definition>
              <ccts:Cardinality>0..1</ccts:Cardinality>
              <ccts:ObjectClass>Credit Note Line</ccts:ObjectClass>
              <ccts:PropertyTerm>UUID</ccts:PropertyTerm>
              <ccts:RepresentationTerm>Identifier</ccts:RepresentationTerm>
              <ccts:DataType>Identifier. Type</ccts:DataType>
            </ccts:Component>
          </xsd:documentation>
        </xsd:annotation>
      </xsd:element>
      <xsd:element ref="cbc:Note" minOccurs="0" maxOccurs="1">
        <xsd:annotation>
          <xsd:documentation>
            <ccts:Component>
              <ccts:ComponentType>BBIE</ccts:ComponentType>
              <ccts:DictionaryEntryName>Credit Note Line. Note. Text</ccts:DictionaryEntryName>
              <ccts:Definition>Free-form text applying to the Credit Note Line. This element may contain notes or any other similar information that is not contained explicitly in another structure.</ccts:Definition>
              <ccts:Cardinality>0..1</ccts:Cardinality>
              <ccts:ObjectClass>Credit Note Line</ccts:ObjectClass>
              <ccts:PropertyTerm>Note</ccts:PropertyTerm>
              <ccts:RepresentationTerm>Text</ccts:RepresentationTerm>
              <ccts:DataType>Text. Type</ccts:DataType>
            </ccts:Component>
          </xsd:documentation>
        </xsd:annotation>
      </xsd:element>
      <xsd:element ref="cbc:CreditedQuantity" minOccurs="0" maxOccurs="1">
        <xsd:annotation>
          <xsd:documentation>
            <ccts:Component>
              <ccts:ComponentType>BBIE</ccts:ComponentType>
              <ccts:DictionaryEntryName>Credit Note Line. Credited_ Quantity. Quantity</ccts:DictionaryEntryName>
              <ccts:Definition>The quantity of Items credited.</ccts:Definition>
              <ccts:Cardinality>0..1</ccts:Cardinality>
              <ccts:ObjectClass>Credit Note Line</ccts:ObjectClass>
              <ccts:PropertyTermQualifier>Credited</ccts:PropertyTermQualifier>
              <ccts:PropertyTerm>Quantity</ccts:PropertyTerm>
              <ccts:RepresentationTerm>Quantity</ccts:RepresentationTerm>
              <ccts:DataType>Quantity. Type</ccts:DataType>
            </ccts:Component>
          </xsd:documentation>
        </xsd:annotation>
      </xsd:element>
      <xsd:element ref="cbc:LineExtensionAmount" minOccurs="0" maxOccurs="1">
        <xsd:annotation>
          <xsd:documentation>
            <ccts:Component>
              <ccts:ComponentType>BBIE</ccts:ComponentType>
              <ccts:DictionaryEntryName>Credit Note Line. Line Extension Amount. Amount</ccts:DictionaryEntryName>
              <ccts:Definition>The total amount for the Credit Note Line, including Allowance Charges but net of taxes.</ccts:Definition>
              <ccts:Cardinality>0..1</ccts:Cardinality>
              <ccts:ObjectClass>Credit Note Line</ccts:ObjectClass>
              <ccts:PropertyTerm>Line Extension Amount</ccts:PropertyTerm>
              <ccts:RepresentationTerm>Amount</ccts:RepresentationTerm>
              <ccts:DataType>Amount. Type</ccts:DataType>
            </ccts:Component>
          </xsd:documentation>
        </xsd:annotation>
      </xsd:element>
      <xsd:element ref="cbc:TaxPointDate" minOccurs="0" maxOccurs="1">
        <xsd:annotation>
          <xsd:documentation>
            <ccts:Component>
              <ccts:ComponentType>BBIE</ccts:ComponentType>
              <ccts:DictionaryEntryName>Credit Note Line. Tax Point Date. Date</ccts:DictionaryEntryName>
              <ccts:Definition>The date of the Credit Note Line, used to indicate the point at which tax becomes applicable.</ccts:Definition>
              <ccts:Cardinality>0..1</ccts:Cardinality>
              <ccts:ObjectClass>Credit Note Line</ccts:ObjectClass>
              <ccts:PropertyTerm>Tax Point Date</ccts:PropertyTerm>
              <ccts:RepresentationTerm>Date</ccts:RepresentationTerm>
              <ccts:DataType>Date. Type</ccts:DataType>
            </ccts:Component>
          </xsd:documentation>
        </xsd:annotation>
      </xsd:element>
      <xsd:element ref="cbc:AccountingCostCode" minOccurs="0" maxOccurs="1">
        <xsd:annotation>
          <xsd:documentation>
            <ccts:Component>
              <ccts:ComponentType>BBIE</ccts:ComponentType>
              <ccts:DictionaryEntryName>Credit Note Line. Accounting Cost Code. Code</ccts:DictionaryEntryName>
              <ccts:Definition>The buyer's accounting code applied to the Credit Note Line.</ccts:Definition>
              <ccts:Cardinality>0..1</ccts:Cardinality>
              <ccts:ObjectClass>Credit Note Line</ccts:ObjectClass>
              <ccts:PropertyTerm>Accounting Cost Code</ccts:PropertyTerm>
              <ccts:RepresentationTerm>Code</ccts:RepresentationTerm>
              <ccts:DataType>Code. Type</ccts:DataType>
            </ccts:Component>
          </xsd:documentation>
        </xsd:annotation>
      </xsd:element>
      <xsd:element ref="cbc:AccountingCost" minOccurs="0" maxOccurs="1">
        <xsd:annotation>
          <xsd:documentation>
            <ccts:Component>
              <ccts:ComponentType>BBIE</ccts:ComponentType>
              <ccts:DictionaryEntryName>Credit Note Line. Accounting Cost. Text</ccts:DictionaryEntryName>
              <ccts:Definition>The buyer's accounting code applied to the Credit Note Line, expressed as text.</ccts:Definition>
              <ccts:Cardinality>0..1</ccts:Cardinality>
              <ccts:ObjectClass>Credit Note Line</ccts:ObjectClass>
              <ccts:PropertyTerm>Accounting Cost</ccts:PropertyTerm>
              <ccts:RepresentationTerm>Text</ccts:RepresentationTerm>
              <ccts:DataType>Text. Type</ccts:DataType>
            </ccts:Component>
          </xsd:documentation>
        </xsd:annotation>
      </xsd:element>
      <xsd:element ref="DiscrepancyResponse" minOccurs="0" maxOccurs="unbounded">
        <xsd:annotation>
          <xsd:documentation>
            <ccts:Component>
              <ccts:ComponentType>ASBIE</ccts:ComponentType>
              <ccts:DictionaryEntryName>Credit Note Line. Discrepancy_ Response. Response</ccts:DictionaryEntryName>
              <ccts:Definition>An association to Discrepancy Response; the reason for the Credit.</ccts:Definition>
              <ccts:Cardinality>0..n</ccts:Cardinality>
              <ccts:ObjectClass>Credit Note Line</ccts:ObjectClass>
              <ccts:PropertyTermQualifier>Discrepancy</ccts:PropertyTermQualifier>
              <ccts:PropertyTerm>Response</ccts:PropertyTerm>
              <ccts:AssociatedObjectClass>Response</ccts:AssociatedObjectClass>
            </ccts:Component>
          </xsd:documentation>
        </xsd:annotation>
      </xsd:element>
      <xsd:element ref="DespatchLineReference" minOccurs="0" maxOccurs="unbounded">
        <xsd:annotation>
          <xsd:documentation>
            <ccts:Component>
              <ccts:ComponentType>ASBIE</ccts:ComponentType>
              <ccts:DictionaryEntryName>Credit Note Line. Despatch_ Line Reference. Line Reference</ccts:DictionaryEntryName>
              <ccts:Definition>An associative reference to Despatch Line.</ccts:Definition>
              <ccts:Cardinality>0..n</ccts:Cardinality>
              <ccts:ObjectClass>Credit Note Line</ccts:ObjectClass>
              <ccts:PropertyTermQualifier>Despatch</ccts:PropertyTermQualifier>
              <ccts:PropertyTerm>Line Reference</ccts:PropertyTerm>
              <ccts:AssociatedObjectClass>Line Reference</ccts:AssociatedObjectClass>
            </ccts:Component>
          </xsd:documentation>
        </xsd:annotation>
      </xsd:element>
      <xsd:element ref="ReceiptLineReference" minOccurs="0" maxOccurs="unbounded">
        <xsd:annotation>
          <xsd:documentation>
            <ccts:Component>
              <ccts:ComponentType>ASBIE</ccts:ComponentType>
              <ccts:DictionaryEntryName>Credit Note Line. Receipt_ Line Reference. Line Reference</ccts:DictionaryEntryName>
              <ccts:Definition>An associative reference to Receipt Line.</ccts:Definition>
              <ccts:Cardinality>0..n</ccts:Cardinality>
              <ccts:ObjectClass>Credit Note Line</ccts:ObjectClass>
              <ccts:PropertyTermQualifier>Receipt</ccts:PropertyTermQualifier>
              <ccts:PropertyTerm>Line Reference</ccts:PropertyTerm>
              <ccts:AssociatedObjectClass>Line Reference</ccts:AssociatedObjectClass>
            </ccts:Component>
          </xsd:documentation>
        </xsd:annotation>
      </xsd:element>
      <xsd:element ref="BillingReference" minOccurs="0" maxOccurs="unbounded">
        <xsd:annotation>
          <xsd:documentation>
            <ccts:Component>
              <ccts:ComponentType>ASBIE</ccts:ComponentType>
              <ccts:DictionaryEntryName>Credit Note Line. Billing Reference</ccts:DictionaryEntryName>
              <ccts:Definition>An association to Billing Reference.</ccts:Definition>
              <ccts:Cardinality>0..n</ccts:Cardinality>
              <ccts:ObjectClass>Credit Note Line</ccts:ObjectClass>
              <ccts:PropertyTerm>Billing Reference</ccts:PropertyTerm>
              <ccts:AssociatedObjectClass>Billing Reference</ccts:AssociatedObjectClass>
            </ccts:Component>
          </xsd:documentation>
        </xsd:annotation>
      </xsd:element>
      <xsd:element ref="DocumentReference" minOccurs="0" maxOccurs="unbounded">
        <xsd:annotation>
          <xsd:documentation>
            <ccts:Component>
              <ccts:ComponentType>ASBIE</ccts:ComponentType>
              <ccts:DictionaryEntryName>Credit Note Line. Document Reference</ccts:DictionaryEntryName>
              <ccts:Definition>An association to Document Reference.</ccts:Definition>
              <ccts:Cardinality>0..n</ccts:Cardinality>
              <ccts:ObjectClass>Credit Note Line</ccts:ObjectClass>
              <ccts:PropertyTerm>Document Reference</ccts:PropertyTerm>
              <ccts:AssociatedObjectClass>Document Reference</ccts:AssociatedObjectClass>
            </ccts:Component>
          </xsd:documentation>
        </xsd:annotation>
      </xsd:element>
      <xsd:element ref="PricingReference" minOccurs="0" maxOccurs="1">
        <xsd:annotation>
          <xsd:documentation>
            <ccts:Component>
              <ccts:ComponentType>ASBIE</ccts:ComponentType>
              <ccts:DictionaryEntryName>Credit Note Line. Pricing Reference</ccts:DictionaryEntryName>
              <ccts:Definition>An association to Pricing Reference.</ccts:Definition>
              <ccts:Cardinality>0..1</ccts:Cardinality>
              <ccts:ObjectClass>Credit Note Line</ccts:ObjectClass>
              <ccts:PropertyTerm>Pricing Reference</ccts:PropertyTerm>
              <ccts:AssociatedObjectClass>Pricing Reference</ccts:AssociatedObjectClass>
            </ccts:Component>
          </xsd:documentation>
        </xsd:annotation>
      </xsd:element>
      <xsd:element ref="Delivery" minOccurs="0" maxOccurs="unbounded">
        <xsd:annotation>
          <xsd:documentation>
            <ccts:Component>
              <ccts:ComponentType>ASBIE</ccts:ComponentType>
              <ccts:DictionaryEntryName>Credit Note Line. Delivery</ccts:DictionaryEntryName>
              <ccts:Definition>An association to Delivery.</ccts:Definition>
              <ccts:Cardinality>0..n</ccts:Cardinality>
              <ccts:ObjectClass>Credit Note Line</ccts:ObjectClass>
              <ccts:PropertyTerm>Delivery</ccts:PropertyTerm>
              <ccts:AssociatedObjectClass>Delivery</ccts:AssociatedObjectClass>
            </ccts:Component>
          </xsd:documentation>
        </xsd:annotation>
      </xsd:element>
      <xsd:element ref="TaxTotal" minOccurs="0" maxOccurs="unbounded">
        <xsd:annotation>
          <xsd:documentation>
            <ccts:Component>
              <ccts:ComponentType>ASBIE</ccts:ComponentType>
              <ccts:DictionaryEntryName>Credit Note Line. Tax Total</ccts:DictionaryEntryName>
              <ccts:Definition>An association to Tax Total.</ccts:Definition>
              <ccts:Cardinality>0..n</ccts:Cardinality>
              <ccts:ObjectClass>Credit Note Line</ccts:ObjectClass>
              <ccts:PropertyTerm>Tax Total</ccts:PropertyTerm>
              <ccts:AssociatedObjectClass>Tax Total</ccts:AssociatedObjectClass>
            </ccts:Component>
          </xsd:documentation>
        </xsd:annotation>
      </xsd:element>
      <xsd:element ref="Item" minOccurs="0" maxOccurs="1">
        <xsd:annotation>
          <xsd:documentation>
            <ccts:Component>
              <ccts:ComponentType>ASBIE</ccts:ComponentType>
              <ccts:DictionaryEntryName>Credit Note Line. Item</ccts:DictionaryEntryName>
              <ccts:Definition>An association to Item</ccts:Definition>
              <ccts:Cardinality>0..1</ccts:Cardinality>
              <ccts:ObjectClass>Credit Note Line</ccts:ObjectClass>
              <ccts:PropertyTerm>Item</ccts:PropertyTerm>
              <ccts:AssociatedObjectClass>Item</ccts:AssociatedObjectClass>
            </ccts:Component>
          </xsd:documentation>
        </xsd:annotation>
      </xsd:element>
      <xsd:element ref="Price" minOccurs="0" maxOccurs="1">
        <xsd:annotation>
          <xsd:documentation>
            <ccts:Component>
              <ccts:ComponentType>ASBIE</ccts:ComponentType>
              <ccts:DictionaryEntryName>Credit Note Line. Price</ccts:DictionaryEntryName>
              <ccts:Definition>An association to Price.</ccts:Definition>
              <ccts:Cardinality>0..1</ccts:Cardinality>
              <ccts:ObjectClass>Credit Note Line</ccts:ObjectClass>
              <ccts:PropertyTerm>Price</ccts:PropertyTerm>
              <ccts:AssociatedObjectClass>Price</ccts:AssociatedObjectClass>
            </ccts:Component>
          </xsd:documentation>
        </xsd:annotation>
      </xsd:element>
    </xsd:sequence>
  </xsd:complexType>
  <xsd:complexType name="CustomerPartyType">
    <xsd:annotation>
      <xsd:documentation>
        <ccts:Component>
          <ccts:ComponentType>ABIE</ccts:ComponentType>
          <ccts:DictionaryEntryName>Customer Party. Details</ccts:DictionaryEntryName>
          <ccts:Definition>Information about the Customer Party.</ccts:Definition>
          <ccts:ObjectClass>Customer Party</ccts:ObjectClass>
        </ccts:Component>
      </xsd:documentation>
    </xsd:annotation>
    <xsd:sequence>
      <xsd:element ref="cbc:CustomerAssignedAccountID" minOccurs="0" maxOccurs="1">
        <xsd:annotation>
          <xsd:documentation>
            <ccts:Component>
              <ccts:ComponentType>BBIE</ccts:ComponentType>
              <ccts:DictionaryEntryName>Customer Party. Customer Assigned_ Account Identifier. Identifier</ccts:DictionaryEntryName>
              <ccts:Definition>An identifier for the Customer's account, assigned by the Customer itself.</ccts:Definition>
              <ccts:Cardinality>0..1</ccts:Cardinality>
              <ccts:ObjectClass>Customer Party</ccts:ObjectClass>
              <ccts:PropertyTermQualifier>Customer Assigned</ccts:PropertyTermQualifier>
              <ccts:PropertyTerm>Account Identifier</ccts:PropertyTerm>
              <ccts:RepresentationTerm>Identifier</ccts:RepresentationTerm>
              <ccts:DataType>Identifier. Type</ccts:DataType>
            </ccts:Component>
          </xsd:documentation>
        </xsd:annotation>
      </xsd:element>
      <xsd:element ref="cbc:SupplierAssignedAccountID" minOccurs="0" maxOccurs="1">
        <xsd:annotation>
          <xsd:documentation>
            <ccts:Component>
              <ccts:ComponentType>BBIE</ccts:ComponentType>
              <ccts:DictionaryEntryName>Customer Party. Supplier Assigned_ Account Identifier. Identifier</ccts:DictionaryEntryName>
              <ccts:Definition>An identifier for the Customer's account, assigned by the Supplier.</ccts:Definition>
              <ccts:Cardinality>0..1</ccts:Cardinality>
              <ccts:ObjectClass>Customer Party</ccts:ObjectClass>
              <ccts:PropertyTermQualifier>Supplier Assigned</ccts:PropertyTermQualifier>
              <ccts:PropertyTerm>Account Identifier</ccts:PropertyTerm>
              <ccts:RepresentationTerm>Identifier</ccts:RepresentationTerm>
              <ccts:DataType>Identifier. Type</ccts:DataType>
            </ccts:Component>
          </xsd:documentation>
        </xsd:annotation>
      </xsd:element>
      <xsd:element ref="cbc:AdditionalAccountID" minOccurs="0" maxOccurs="unbounded">
        <xsd:annotation>
          <xsd:documentation>
            <ccts:Component>
              <ccts:ComponentType>BBIE</ccts:ComponentType>
              <ccts:DictionaryEntryName>Customer Party. Additional_ Account Identifier. Identifier</ccts:DictionaryEntryName>
              <ccts:Definition>An identifier for the Customer's account, assigned by a third party.</ccts:Definition>
              <ccts:Cardinality>0..n</ccts:Cardinality>
              <ccts:ObjectClass>Customer Party</ccts:ObjectClass>
              <ccts:PropertyTermQualifier>Additional</ccts:PropertyTermQualifier>
              <ccts:PropertyTerm>Account Identifier</ccts:PropertyTerm>
              <ccts:RepresentationTerm>Identifier</ccts:RepresentationTerm>
              <ccts:DataType>Identifier. Type</ccts:DataType>
            </ccts:Component>
          </xsd:documentation>
        </xsd:annotation>
      </xsd:element>
      <xsd:element ref="Party" minOccurs="0" maxOccurs="1">
        <xsd:annotation>
          <xsd:documentation>
            <ccts:Component>
              <ccts:ComponentType>ASBIE</ccts:ComponentType>
              <ccts:DictionaryEntryName>Customer Party. Party</ccts:DictionaryEntryName>
              <ccts:Definition>An association to Party.</ccts:Definition>
              <ccts:Cardinality>0..1</ccts:Cardinality>
              <ccts:ObjectClass>Customer Party</ccts:ObjectClass>
              <ccts:PropertyTerm>Party</ccts:PropertyTerm>
              <ccts:AssociatedObjectClass>Party</ccts:AssociatedObjectClass>
            </ccts:Component>
          </xsd:documentation>
        </xsd:annotation>
      </xsd:element>
      <xsd:element ref="DeliveryContact" minOccurs="0" maxOccurs="1">
        <xsd:annotation>
          <xsd:documentation>
            <ccts:Component>
              <ccts:ComponentType>ASBIE</ccts:ComponentType>
              <ccts:DictionaryEntryName>Customer Party. Delivery_ Contact. Contact</ccts:DictionaryEntryName>
              <ccts:Definition>An association to Delivery Contact.</ccts:Definition>
              <ccts:Cardinality>0..1</ccts:Cardinality>
              <ccts:ObjectClass>Customer Party</ccts:ObjectClass>
              <ccts:PropertyTermQualifier>Delivery</ccts:PropertyTermQualifier>
              <ccts:PropertyTerm>Contact</ccts:PropertyTerm>
              <ccts:AssociatedObjectClass>Contact</ccts:AssociatedObjectClass>
            </ccts:Component>
          </xsd:documentation>
        </xsd:annotation>
      </xsd:element>
      <xsd:element ref="AccountingContact" minOccurs="0" maxOccurs="1">
        <xsd:annotation>
          <xsd:documentation>
            <ccts:Component>
              <ccts:ComponentType>ASBIE</ccts:ComponentType>
              <ccts:DictionaryEntryName>Customer Party. Accounting_ Contact. Contact</ccts:DictionaryEntryName>
              <ccts:Definition>An association to Accounting Contact (Customer).</ccts:Definition>
              <ccts:Cardinality>0..1</ccts:Cardinality>
              <ccts:ObjectClass>Customer Party</ccts:ObjectClass>
              <ccts:PropertyTermQualifier>Accounting</ccts:PropertyTermQualifier>
              <ccts:PropertyTerm>Contact</ccts:PropertyTerm>
              <ccts:AssociatedObjectClass>Contact</ccts:AssociatedObjectClass>
            </ccts:Component>
          </xsd:documentation>
        </xsd:annotation>
      </xsd:element>
      <xsd:element ref="BuyerContact" minOccurs="0" maxOccurs="1">
        <xsd:annotation>
          <xsd:documentation>
            <ccts:Component>
              <ccts:ComponentType>ASBIE</ccts:ComponentType>
              <ccts:DictionaryEntryName>Customer Party. Buyer_ Contact. Contact</ccts:DictionaryEntryName>
              <ccts:Definition>An association to Buyer Contact.</ccts:Definition>
              <ccts:Cardinality>0..1</ccts:Cardinality>
              <ccts:ObjectClass>Customer Party</ccts:ObjectClass>
              <ccts:PropertyTermQualifier>Buyer</ccts:PropertyTermQualifier>
              <ccts:PropertyTerm>Contact</ccts:PropertyTerm>
              <ccts:AssociatedObjectClass>Contact</ccts:AssociatedObjectClass>
            </ccts:Component>
          </xsd:documentation>
        </xsd:annotation>
      </xsd:element>
    </xsd:sequence>
  </xsd:complexType>
  <xsd:complexType name="DebitNoteLineType">
    <xsd:annotation>
      <xsd:documentation>
        <ccts:Component>
          <ccts:ComponentType>ABIE</ccts:ComponentType>
          <ccts:DictionaryEntryName>Debit Note Line. Details</ccts:DictionaryEntryName>
          <ccts:Definition>Information about a Debit Note Line.</ccts:Definition>
          <ccts:ObjectClass>Debit Note Line</ccts:ObjectClass>
        </ccts:Component>
      </xsd:documentation>
    </xsd:annotation>
    <xsd:sequence>
      <xsd:element ref="cbc:ID" minOccurs="1" maxOccurs="1">
        <xsd:annotation>
          <xsd:documentation>
            <ccts:Component>
              <ccts:ComponentType>BBIE</ccts:ComponentType>
              <ccts:DictionaryEntryName>Debit Note Line. Identifier</ccts:DictionaryEntryName>
              <ccts:Definition>Identifies the Debit Note Line.</ccts:Definition>
              <ccts:Cardinality>1</ccts:Cardinality>
              <ccts:ObjectClass>Debit Note Line</ccts:ObjectClass>
              <ccts:PropertyTerm>Identifier</ccts:PropertyTerm>
              <ccts:RepresentationTerm>Identifier</ccts:RepresentationTerm>
              <ccts:DataType>Identifier. Type</ccts:DataType>
            </ccts:Component>
          </xsd:documentation>
        </xsd:annotation>
      </xsd:element>
      <xsd:element ref="cbc:UUID" minOccurs="0" maxOccurs="1">
        <xsd:annotation>
          <xsd:documentation>
            <ccts:Component>
              <ccts:ComponentType>BBIE</ccts:ComponentType>
              <ccts:DictionaryEntryName>Debit Note Line. UUID. Identifier</ccts:DictionaryEntryName>
              <ccts:Definition>A universally unique identifier for an instance of this ABIE.</ccts:Definition>
              <ccts:Cardinality>0..1</ccts:Cardinality>
              <ccts:ObjectClass>Debit Note Line</ccts:ObjectClass>
              <ccts:PropertyTerm>UUID</ccts:PropertyTerm>
              <ccts:RepresentationTerm>Identifier</ccts:RepresentationTerm>
              <ccts:DataType>Identifier. Type</ccts:DataType>
            </ccts:Component>
          </xsd:documentation>
        </xsd:annotation>
      </xsd:element>
      <xsd:element ref="cbc:Note" minOccurs="0" maxOccurs="1">
        <xsd:annotation>
          <xsd:documentation>
            <ccts:Component>
              <ccts:ComponentType>BBIE</ccts:ComponentType>
              <ccts:DictionaryEntryName>Debit Note Line. Note. Text</ccts:DictionaryEntryName>
              <ccts:Definition>Free-form text applying to the Debit Note Line. This element may contain notes or any other similar information that is not contained explicitly in another structure.</ccts:Definition>
              <ccts:Cardinality>0..1</ccts:Cardinality>
              <ccts:ObjectClass>Debit Note Line</ccts:ObjectClass>
              <ccts:PropertyTerm>Note</ccts:PropertyTerm>
              <ccts:RepresentationTerm>Text</ccts:RepresentationTerm>
              <ccts:DataType>Text. Type</ccts:DataType>
            </ccts:Component>
          </xsd:documentation>
        </xsd:annotation>
      </xsd:element>
      <xsd:element ref="cbc:DebitedQuantity" minOccurs="0" maxOccurs="1">
        <xsd:annotation>
          <xsd:documentation>
            <ccts:Component>
              <ccts:ComponentType>BBIE</ccts:ComponentType>
              <ccts:DictionaryEntryName>Debit Note Line. Debited_ Quantity. Quantity</ccts:DictionaryEntryName>
              <ccts:Definition>The quantity of Items debited.</ccts:Definition>
              <ccts:Cardinality>0..1</ccts:Cardinality>
              <ccts:ObjectClass>Debit Note Line</ccts:ObjectClass>
              <ccts:PropertyTermQualifier>Debited</ccts:PropertyTermQualifier>
              <ccts:PropertyTerm>Quantity</ccts:PropertyTerm>
              <ccts:RepresentationTerm>Quantity</ccts:RepresentationTerm>
              <ccts:DataType>Quantity. Type</ccts:DataType>
            </ccts:Component>
          </xsd:documentation>
        </xsd:annotation>
      </xsd:element>
      <xsd:element ref="cbc:LineExtensionAmount" minOccurs="1" maxOccurs="1">
        <xsd:annotation>
          <xsd:documentation>
            <ccts:Component>
              <ccts:ComponentType>BBIE</ccts:ComponentType>
              <ccts:DictionaryEntryName>Debit Note Line. Line Extension Amount. Amount</ccts:DictionaryEntryName>
              <ccts:Definition>The total amount for the Debit Note Line, including Allowance Charges but net of taxes.</ccts:Definition>
              <ccts:Cardinality>1</ccts:Cardinality>
              <ccts:ObjectClass>Debit Note Line</ccts:ObjectClass>
              <ccts:PropertyTerm>Line Extension Amount</ccts:PropertyTerm>
              <ccts:RepresentationTerm>Amount</ccts:RepresentationTerm>
              <ccts:DataType>Amount. Type</ccts:DataType>
            </ccts:Component>
          </xsd:documentation>
        </xsd:annotation>
      </xsd:element>
      <xsd:element ref="cbc:TaxPointDate" minOccurs="0" maxOccurs="1">
        <xsd:annotation>
          <xsd:documentation>
            <ccts:Component>
              <ccts:ComponentType>BBIE</ccts:ComponentType>
              <ccts:DictionaryEntryName>Debit Note Line. Tax Point Date. Date</ccts:DictionaryEntryName>
              <ccts:Definition>The date of the Debit Note Line, used to indicate the point at which tax becomes applicable.</ccts:Definition>
              <ccts:Cardinality>0..1</ccts:Cardinality>
              <ccts:ObjectClass>Debit Note Line</ccts:ObjectClass>
              <ccts:PropertyTerm>Tax Point Date</ccts:PropertyTerm>
              <ccts:RepresentationTerm>Date</ccts:RepresentationTerm>
              <ccts:DataType>Date. Type</ccts:DataType>
            </ccts:Component>
          </xsd:documentation>
        </xsd:annotation>
      </xsd:element>
      <xsd:element ref="cbc:AccountingCostCode" minOccurs="0" maxOccurs="1">
        <xsd:annotation>
          <xsd:documentation>
            <ccts:Component>
              <ccts:ComponentType>BBIE</ccts:ComponentType>
              <ccts:DictionaryEntryName>Debit Note Line. Accounting Cost Code. Code</ccts:DictionaryEntryName>
              <ccts:Definition>The buyer's accounting code applied to the Debit Note Line.</ccts:Definition>
              <ccts:Cardinality>0..1</ccts:Cardinality>
              <ccts:ObjectClass>Debit Note Line</ccts:ObjectClass>
              <ccts:PropertyTerm>Accounting Cost Code</ccts:PropertyTerm>
              <ccts:RepresentationTerm>Code</ccts:RepresentationTerm>
              <ccts:DataType>Code. Type</ccts:DataType>
            </ccts:Component>
          </xsd:documentation>
        </xsd:annotation>
      </xsd:element>
      <xsd:element ref="cbc:AccountingCost" minOccurs="0" maxOccurs="1">
        <xsd:annotation>
          <xsd:documentation>
            <ccts:Component>
              <ccts:ComponentType>BBIE</ccts:ComponentType>
              <ccts:DictionaryEntryName>Debit Note Line. Accounting Cost. Text</ccts:DictionaryEntryName>
              <ccts:Definition>The buyer's accounting code applied to the Debit Note Line, expressed as text.</ccts:Definition>
              <ccts:Cardinality>0..1</ccts:Cardinality>
              <ccts:ObjectClass>Debit Note Line</ccts:ObjectClass>
              <ccts:PropertyTerm>Accounting Cost</ccts:PropertyTerm>
              <ccts:RepresentationTerm>Text</ccts:RepresentationTerm>
              <ccts:DataType>Text. Type</ccts:DataType>
            </ccts:Component>
          </xsd:documentation>
        </xsd:annotation>
      </xsd:element>
      <xsd:element ref="DiscrepancyResponse" minOccurs="0" maxOccurs="unbounded">
        <xsd:annotation>
          <xsd:documentation>
            <ccts:Component>
              <ccts:ComponentType>ASBIE</ccts:ComponentType>
              <ccts:DictionaryEntryName>Debit Note Line. Discrepancy_ Response. Response</ccts:DictionaryEntryName>
              <ccts:Definition>An association to Discrepancy Response; the reason for the Debit.</ccts:Definition>
              <ccts:Cardinality>0..n</ccts:Cardinality>
              <ccts:ObjectClass>Debit Note Line</ccts:ObjectClass>
              <ccts:PropertyTermQualifier>Discrepancy</ccts:PropertyTermQualifier>
              <ccts:PropertyTerm>Response</ccts:PropertyTerm>
              <ccts:AssociatedObjectClass>Response</ccts:AssociatedObjectClass>
            </ccts:Component>
          </xsd:documentation>
        </xsd:annotation>
      </xsd:element>
      <xsd:element ref="DespatchLineReference" minOccurs="0" maxOccurs="unbounded">
        <xsd:annotation>
          <xsd:documentation>
            <ccts:Component>
              <ccts:ComponentType>ASBIE</ccts:ComponentType>
              <ccts:DictionaryEntryName>Debit Note Line. Despatch_ Line Reference. Line Reference</ccts:DictionaryEntryName>
              <ccts:Definition>An associative reference to Despatch Line.</ccts:Definition>
              <ccts:Cardinality>0..n</ccts:Cardinality>
              <ccts:ObjectClass>Debit Note Line</ccts:ObjectClass>
              <ccts:PropertyTermQualifier>Despatch</ccts:PropertyTermQualifier>
              <ccts:PropertyTerm>Line Reference</ccts:PropertyTerm>
              <ccts:AssociatedObjectClass>Line Reference</ccts:AssociatedObjectClass>
            </ccts:Component>
          </xsd:documentation>
        </xsd:annotation>
      </xsd:element>
      <xsd:element ref="ReceiptLineReference" minOccurs="0" maxOccurs="unbounded">
        <xsd:annotation>
          <xsd:documentation>
            <ccts:Component>
              <ccts:ComponentType>ASBIE</ccts:ComponentType>
              <ccts:DictionaryEntryName>Debit Note Line. Receipt_ Line Reference. Line Reference</ccts:DictionaryEntryName>
              <ccts:Definition>An associative reference to Receipt Line.</ccts:Definition>
              <ccts:Cardinality>0..n</ccts:Cardinality>
              <ccts:ObjectClass>Debit Note Line</ccts:ObjectClass>
              <ccts:PropertyTermQualifier>Receipt</ccts:PropertyTermQualifier>
              <ccts:PropertyTerm>Line Reference</ccts:PropertyTerm>
              <ccts:AssociatedObjectClass>Line Reference</ccts:AssociatedObjectClass>
            </ccts:Component>
          </xsd:documentation>
        </xsd:annotation>
      </xsd:element>
      <xsd:element ref="BillingReference" minOccurs="0" maxOccurs="unbounded">
        <xsd:annotation>
          <xsd:documentation>
            <ccts:Component>
              <ccts:ComponentType>ASBIE</ccts:ComponentType>
              <ccts:DictionaryEntryName>Debit Note Line. Billing Reference</ccts:DictionaryEntryName>
              <ccts:Definition>An association to Billing Reference.</ccts:Definition>
              <ccts:Cardinality>0..n</ccts:Cardinality>
              <ccts:ObjectClass>Debit Note Line</ccts:ObjectClass>
              <ccts:PropertyTerm>Billing Reference</ccts:PropertyTerm>
              <ccts:AssociatedObjectClass>Billing Reference</ccts:AssociatedObjectClass>
            </ccts:Component>
          </xsd:documentation>
        </xsd:annotation>
      </xsd:element>
      <xsd:element ref="DocumentReference" minOccurs="0" maxOccurs="unbounded">
        <xsd:annotation>
          <xsd:documentation>
            <ccts:Component>
              <ccts:ComponentType>ASBIE</ccts:ComponentType>
              <ccts:DictionaryEntryName>Debit Note Line. Document Reference</ccts:DictionaryEntryName>
              <ccts:Definition>An association to Document Reference.</ccts:Definition>
              <ccts:Cardinality>0..n</ccts:Cardinality>
              <ccts:ObjectClass>Debit Note Line</ccts:ObjectClass>
              <ccts:PropertyTerm>Document Reference</ccts:PropertyTerm>
              <ccts:AssociatedObjectClass>Document Reference</ccts:AssociatedObjectClass>
            </ccts:Component>
          </xsd:documentation>
        </xsd:annotation>
      </xsd:element>
      <xsd:element ref="PricingReference" minOccurs="0" maxOccurs="1">
        <xsd:annotation>
          <xsd:documentation>
            <ccts:Component>
              <ccts:ComponentType>ASBIE</ccts:ComponentType>
              <ccts:DictionaryEntryName>Debit Note Line. Pricing Reference</ccts:DictionaryEntryName>
              <ccts:Definition>An association to Pricing Reference.</ccts:Definition>
              <ccts:Cardinality>0..1</ccts:Cardinality>
              <ccts:ObjectClass>Debit Note Line</ccts:ObjectClass>
              <ccts:PropertyTerm>Pricing Reference</ccts:PropertyTerm>
              <ccts:AssociatedObjectClass>Pricing Reference</ccts:AssociatedObjectClass>
            </ccts:Component>
          </xsd:documentation>
        </xsd:annotation>
      </xsd:element>
      <xsd:element ref="Delivery" minOccurs="0" maxOccurs="unbounded">
        <xsd:annotation>
          <xsd:documentation>
            <ccts:Component>
              <ccts:ComponentType>ASBIE</ccts:ComponentType>
              <ccts:DictionaryEntryName>Debit Note Line. Delivery</ccts:DictionaryEntryName>
              <ccts:Definition>An association to Delivery.</ccts:Definition>
              <ccts:Cardinality>0..n</ccts:Cardinality>
              <ccts:ObjectClass>Debit Note Line</ccts:ObjectClass>
              <ccts:PropertyTerm>Delivery</ccts:PropertyTerm>
              <ccts:AssociatedObjectClass>Delivery</ccts:AssociatedObjectClass>
            </ccts:Component>
          </xsd:documentation>
        </xsd:annotation>
      </xsd:element>
      <xsd:element ref="TaxTotal" minOccurs="0" maxOccurs="unbounded">
        <xsd:annotation>
          <xsd:documentation>
            <ccts:Component>
              <ccts:ComponentType>ASBIE</ccts:ComponentType>
              <ccts:DictionaryEntryName>Debit Note Line. Tax Total</ccts:DictionaryEntryName>
              <ccts:Definition>An association to Tax Total.</ccts:Definition>
              <ccts:Cardinality>0..n</ccts:Cardinality>
              <ccts:ObjectClass>Debit Note Line</ccts:ObjectClass>
              <ccts:PropertyTerm>Tax Total</ccts:PropertyTerm>
              <ccts:AssociatedObjectClass>Tax Total</ccts:AssociatedObjectClass>
            </ccts:Component>
          </xsd:documentation>
        </xsd:annotation>
      </xsd:element>
      <xsd:element ref="Item" minOccurs="0" maxOccurs="1">
        <xsd:annotation>
          <xsd:documentation>
            <ccts:Component>
              <ccts:ComponentType>ASBIE</ccts:ComponentType>
              <ccts:DictionaryEntryName>Debit Note Line. Item</ccts:DictionaryEntryName>
              <ccts:Definition>An association to Item</ccts:Definition>
              <ccts:Cardinality>0..1</ccts:Cardinality>
              <ccts:ObjectClass>Debit Note Line</ccts:ObjectClass>
              <ccts:PropertyTerm>Item</ccts:PropertyTerm>
              <ccts:AssociatedObjectClass>Item</ccts:AssociatedObjectClass>
            </ccts:Component>
          </xsd:documentation>
        </xsd:annotation>
      </xsd:element>
      <xsd:element ref="Price" minOccurs="0" maxOccurs="1">
        <xsd:annotation>
          <xsd:documentation>
            <ccts:Component>
              <ccts:ComponentType>ASBIE</ccts:ComponentType>
              <ccts:DictionaryEntryName>Debit Note Line. Price</ccts:DictionaryEntryName>
              <ccts:Definition>An association to Price.</ccts:Definition>
              <ccts:Cardinality>0..1</ccts:Cardinality>
              <ccts:ObjectClass>Debit Note Line</ccts:ObjectClass>
              <ccts:PropertyTerm>Price</ccts:PropertyTerm>
              <ccts:AssociatedObjectClass>Price</ccts:AssociatedObjectClass>
            </ccts:Component>
          </xsd:documentation>
        </xsd:annotation>
      </xsd:element>
    </xsd:sequence>
  </xsd:complexType>
  <xsd:complexType name="DeliveryType">
    <xsd:annotation>
      <xsd:documentation>
        <ccts:Component>
          <ccts:ComponentType>ABIE</ccts:ComponentType>
          <ccts:DictionaryEntryName>Delivery. Details</ccts:DictionaryEntryName>
          <ccts:Definition>Information about Delivery.</ccts:Definition>
          <ccts:ObjectClass>Delivery</ccts:ObjectClass>
        </ccts:Component>
      </xsd:documentation>
    </xsd:annotation>
    <xsd:sequence>
      <xsd:element ref="cbc:ID" minOccurs="0" maxOccurs="1">
        <xsd:annotation>
          <xsd:documentation>
            <ccts:Component>
              <ccts:ComponentType>BBIE</ccts:ComponentType>
              <ccts:DictionaryEntryName>Delivery. Identifier</ccts:DictionaryEntryName>
              <ccts:Definition>Identifies the Delivery.</ccts:Definition>
              <ccts:Cardinality>0..1</ccts:Cardinality>
              <ccts:ObjectClass>Delivery</ccts:ObjectClass>
              <ccts:PropertyTerm>Identifier</ccts:PropertyTerm>
              <ccts:RepresentationTerm>Identifier</ccts:RepresentationTerm>
              <ccts:DataType>Identifier. Type</ccts:DataType>
            </ccts:Component>
          </xsd:documentation>
        </xsd:annotation>
      </xsd:element>
      <xsd:element ref="cbc:Quantity" minOccurs="0" maxOccurs="1">
        <xsd:annotation>
          <xsd:documentation>
            <ccts:Component>
              <ccts:ComponentType>BBIE</ccts:ComponentType>
              <ccts:DictionaryEntryName>Delivery. Quantity</ccts:DictionaryEntryName>
              <ccts:Definition>The quantity in a Delivery.</ccts:Definition>
              <ccts:Cardinality>0..1</ccts:Cardinality>
              <ccts:ObjectClass>Delivery</ccts:ObjectClass>
              <ccts:PropertyTerm>Quantity</ccts:PropertyTerm>
              <ccts:RepresentationTerm>Quantity</ccts:RepresentationTerm>
              <ccts:DataType>Quantity. Type</ccts:DataType>
            </ccts:Component>
          </xsd:documentation>
        </xsd:annotation>
      </xsd:element>
      <xsd:element ref="cbc:MinimumQuantity" minOccurs="0" maxOccurs="1">
        <xsd:annotation>
          <xsd:documentation>
            <ccts:Component>
              <ccts:ComponentType>BBIE</ccts:ComponentType>
              <ccts:DictionaryEntryName>Delivery. Minimum_ Quantity. Quantity</ccts:DictionaryEntryName>
              <ccts:Definition>The minimum quantity in a Delivery.</ccts:Definition>
              <ccts:Cardinality>0..1</ccts:Cardinality>
              <ccts:ObjectClass>Delivery</ccts:ObjectClass>
              <ccts:PropertyTermQualifier>Minimum</ccts:PropertyTermQualifier>
              <ccts:PropertyTerm>Quantity</ccts:PropertyTerm>
              <ccts:RepresentationTerm>Quantity</ccts:RepresentationTerm>
              <ccts:DataType>Quantity. Type</ccts:DataType>
            </ccts:Component>
          </xsd:documentation>
        </xsd:annotation>
      </xsd:element>
      <xsd:element ref="cbc:MaximumQuantity" minOccurs="0" maxOccurs="1">
        <xsd:annotation>
          <xsd:documentation>
            <ccts:Component>
              <ccts:ComponentType>BBIE</ccts:ComponentType>
              <ccts:DictionaryEntryName>Delivery. Maximum_ Quantity. Quantity</ccts:DictionaryEntryName>
              <ccts:Definition>The maximum quantity in a Delivery.</ccts:Definition>
              <ccts:Cardinality>0..1</ccts:Cardinality>
              <ccts:ObjectClass>Delivery</ccts:ObjectClass>
              <ccts:PropertyTermQualifier>Maximum</ccts:PropertyTermQualifier>
              <ccts:PropertyTerm>Quantity</ccts:PropertyTerm>
              <ccts:RepresentationTerm>Quantity</ccts:RepresentationTerm>
              <ccts:DataType>Quantity. Type</ccts:DataType>
            </ccts:Component>
          </xsd:documentation>
        </xsd:annotation>
      </xsd:element>
      <xsd:element ref="cbc:ActualDeliveryDate" minOccurs="0" maxOccurs="1">
        <xsd:annotation>
          <xsd:documentation>
            <ccts:Component>
              <ccts:ComponentType>BBIE</ccts:ComponentType>
              <ccts:DictionaryEntryName>Delivery. Actual_ Delivery Date. Date</ccts:DictionaryEntryName>
              <ccts:Definition>The actual Delivery date.</ccts:Definition>
              <ccts:Cardinality>0..1</ccts:Cardinality>
              <ccts:ObjectClass>Delivery</ccts:ObjectClass>
              <ccts:PropertyTermQualifier>Actual</ccts:PropertyTermQualifier>
              <ccts:PropertyTerm>Delivery Date</ccts:PropertyTerm>
              <ccts:RepresentationTerm>Date</ccts:RepresentationTerm>
              <ccts:DataType>Date. Type</ccts:DataType>
            </ccts:Component>
          </xsd:documentation>
        </xsd:annotation>
      </xsd:element>
      <xsd:element ref="cbc:ActualDeliveryTime" minOccurs="0" maxOccurs="1">
        <xsd:annotation>
          <xsd:documentation>
            <ccts:Component>
              <ccts:ComponentType>BBIE</ccts:ComponentType>
              <ccts:DictionaryEntryName>Delivery. Actual_ Delivery Time. Time</ccts:DictionaryEntryName>
              <ccts:Definition>The actual Delivery time.</ccts:Definition>
              <ccts:Cardinality>0..1</ccts:Cardinality>
              <ccts:ObjectClass>Delivery</ccts:ObjectClass>
              <ccts:PropertyTermQualifier>Actual</ccts:PropertyTermQualifier>
              <ccts:PropertyTerm>Delivery Time</ccts:PropertyTerm>
              <ccts:RepresentationTerm>Time</ccts:RepresentationTerm>
              <ccts:DataType>Time. Type</ccts:DataType>
            </ccts:Component>
          </xsd:documentation>
        </xsd:annotation>
      </xsd:element>
      <xsd:element ref="cbc:LatestDeliveryDate" minOccurs="0" maxOccurs="1">
        <xsd:annotation>
          <xsd:documentation>
            <ccts:Component>
              <ccts:ComponentType>BBIE</ccts:ComponentType>
              <ccts:DictionaryEntryName>Delivery. Latest_ Delivery Date. Date</ccts:DictionaryEntryName>
              <ccts:Definition>The latest delivery date allowed by the buyer.</ccts:Definition>
              <ccts:Cardinality>0..1</ccts:Cardinality>
              <ccts:ObjectClass>Delivery</ccts:ObjectClass>
              <ccts:PropertyTermQualifier>Latest</ccts:PropertyTermQualifier>
              <ccts:PropertyTerm>Delivery Date</ccts:PropertyTerm>
              <ccts:RepresentationTerm>Date</ccts:RepresentationTerm>
              <ccts:DataType>Date. Type</ccts:DataType>
            </ccts:Component>
          </xsd:documentation>
        </xsd:annotation>
      </xsd:element>
      <xsd:element ref="cbc:LatestDeliveryTime" minOccurs="0" maxOccurs="1">
        <xsd:annotation>
          <xsd:documentation>
            <ccts:Component>
              <ccts:ComponentType>BBIE</ccts:ComponentType>
              <ccts:DictionaryEntryName>Delivery. Latest_ Delivery Time. Time</ccts:DictionaryEntryName>
              <ccts:Definition>The latest delivery time allowed by the buyer.</ccts:Definition>
              <ccts:Cardinality>0..1</ccts:Cardinality>
              <ccts:ObjectClass>Delivery</ccts:ObjectClass>
              <ccts:PropertyTermQualifier>Latest</ccts:PropertyTermQualifier>
              <ccts:PropertyTerm>Delivery Time</ccts:PropertyTerm>
              <ccts:RepresentationTerm>Time</ccts:RepresentationTerm>
              <ccts:DataType>Time. Type</ccts:DataType>
            </ccts:Component>
          </xsd:documentation>
        </xsd:annotation>
      </xsd:element>
      <xsd:element ref="cbc:TrackingID" minOccurs="0" maxOccurs="1">
        <xsd:annotation>
          <xsd:documentation>
            <ccts:Component>
              <ccts:ComponentType>BBIE</ccts:ComponentType>
              <ccts:DictionaryEntryName>Delivery. Tracking Identifier. Identifier</ccts:DictionaryEntryName>
              <ccts:Definition>The delivery Tracking ID (for transport tracking).</ccts:Definition>
              <ccts:Cardinality>0..1</ccts:Cardinality>
              <ccts:ObjectClass>Delivery</ccts:ObjectClass>
              <ccts:PropertyTerm>Tracking Identifier</ccts:PropertyTerm>
              <ccts:RepresentationTerm>Identifier</ccts:RepresentationTerm>
              <ccts:DataType>Identifier. Type</ccts:DataType>
            </ccts:Component>
          </xsd:documentation>
        </xsd:annotation>
      </xsd:element>
      <xsd:element ref="DeliveryAddress" minOccurs="0" maxOccurs="1">
        <xsd:annotation>
          <xsd:documentation>
            <ccts:Component>
              <ccts:ComponentType>ASBIE</ccts:ComponentType>
              <ccts:DictionaryEntryName>Delivery. Delivery_ Address. Address</ccts:DictionaryEntryName>
              <ccts:Definition>An association to Delivery Address.</ccts:Definition>
              <ccts:Cardinality>0..1</ccts:Cardinality>
              <ccts:ObjectClass>Delivery</ccts:ObjectClass>
              <ccts:PropertyTermQualifier>Delivery</ccts:PropertyTermQualifier>
              <ccts:PropertyTerm>Address</ccts:PropertyTerm>
              <ccts:AssociatedObjectClass>Address</ccts:AssociatedObjectClass>
            </ccts:Component>
          </xsd:documentation>
        </xsd:annotation>
      </xsd:element>
      <xsd:element ref="DeliveryLocation" minOccurs="0" maxOccurs="1">
        <xsd:annotation>
          <xsd:documentation>
            <ccts:Component>
              <ccts:ComponentType>ASBIE</ccts:ComponentType>
              <ccts:DictionaryEntryName>Delivery. Delivery_ Location. Location</ccts:DictionaryEntryName>
              <ccts:Definition>An association to Location.</ccts:Definition>
              <ccts:Cardinality>0..1</ccts:Cardinality>
              <ccts:ObjectClass>Delivery</ccts:ObjectClass>
              <ccts:PropertyTermQualifier>Delivery</ccts:PropertyTermQualifier>
              <ccts:PropertyTerm>Location</ccts:PropertyTerm>
              <ccts:AssociatedObjectClass>Location</ccts:AssociatedObjectClass>
            </ccts:Component>
          </xsd:documentation>
        </xsd:annotation>
      </xsd:element>
      <xsd:element ref="RequestedDeliveryPeriod" minOccurs="0" maxOccurs="1">
        <xsd:annotation>
          <xsd:documentation>
            <ccts:Component>
              <ccts:ComponentType>ASBIE</ccts:ComponentType>
              <ccts:DictionaryEntryName>Delivery. Requested Delivery_ Period. Period</ccts:DictionaryEntryName>
              <ccts:Definition>The requested Period for Delivery.</ccts:Definition>
              <ccts:Cardinality>0..1</ccts:Cardinality>
              <ccts:ObjectClass>Delivery</ccts:ObjectClass>
              <ccts:PropertyTermQualifier>Requested Delivery</ccts:PropertyTermQualifier>
              <ccts:PropertyTerm>Period</ccts:PropertyTerm>
              <ccts:AssociatedObjectClass>Period</ccts:AssociatedObjectClass>
            </ccts:Component>
          </xsd:documentation>
        </xsd:annotation>
      </xsd:element>
      <xsd:element ref="PromisedDeliveryPeriod" minOccurs="0" maxOccurs="1">
        <xsd:annotation>
          <xsd:documentation>
            <ccts:Component>
              <ccts:ComponentType>ASBIE</ccts:ComponentType>
              <ccts:DictionaryEntryName>Delivery. Promised Delivery_ Period. Period</ccts:DictionaryEntryName>
              <ccts:Definition>The promised Period for Delivery.</ccts:Definition>
              <ccts:Cardinality>0..1</ccts:Cardinality>
              <ccts:ObjectClass>Delivery</ccts:ObjectClass>
              <ccts:PropertyTermQualifier>Promised Delivery</ccts:PropertyTermQualifier>
              <ccts:PropertyTerm>Period</ccts:PropertyTerm>
              <ccts:AssociatedObjectClass>Period</ccts:AssociatedObjectClass>
            </ccts:Component>
          </xsd:documentation>
        </xsd:annotation>
      </xsd:element>
      <xsd:element ref="EstimatedDeliveryPeriod" minOccurs="0" maxOccurs="1">
        <xsd:annotation>
          <xsd:documentation>
            <ccts:Component>
              <ccts:ComponentType>ASBIE</ccts:ComponentType>
              <ccts:DictionaryEntryName>Delivery. Estimated Delivery_ Period. Period</ccts:DictionaryEntryName>
              <ccts:Definition>The estimated Period for Delivery.</ccts:Definition>
              <ccts:Cardinality>0..1</ccts:Cardinality>
              <ccts:ObjectClass>Delivery</ccts:ObjectClass>
              <ccts:PropertyTermQualifier>Estimated Delivery</ccts:PropertyTermQualifier>
              <ccts:PropertyTerm>Period</ccts:PropertyTerm>
              <ccts:AssociatedObjectClass>Period</ccts:AssociatedObjectClass>
            </ccts:Component>
          </xsd:documentation>
        </xsd:annotation>
      </xsd:element>
      <xsd:element ref="DeliveryParty" minOccurs="0" maxOccurs="1">
        <xsd:annotation>
          <xsd:documentation>
            <ccts:Component>
              <ccts:ComponentType>ASBIE</ccts:ComponentType>
              <ccts:DictionaryEntryName>Delivery. Delivery_ Party. Party</ccts:DictionaryEntryName>
              <ccts:Definition>The party to whom the goods/services are delivered.</ccts:Definition>
              <ccts:Cardinality>0..1</ccts:Cardinality>
              <ccts:ObjectClass>Delivery</ccts:ObjectClass>
              <ccts:PropertyTermQualifier>Delivery</ccts:PropertyTermQualifier>
              <ccts:PropertyTerm>Party</ccts:PropertyTerm>
              <ccts:AssociatedObjectClass>Party</ccts:AssociatedObjectClass>
            </ccts:Component>
          </xsd:documentation>
        </xsd:annotation>
      </xsd:element>
      <xsd:element ref="Despatch" minOccurs="0" maxOccurs="1">
        <xsd:annotation>
          <xsd:documentation>
            <ccts:Component>
              <ccts:ComponentType>ASBIE</ccts:ComponentType>
              <ccts:DictionaryEntryName>Delivery. Despatch</ccts:DictionaryEntryName>
              <ccts:Definition>An association to the Despatch.</ccts:Definition>
              <ccts:Cardinality>0..1</ccts:Cardinality>
              <ccts:ObjectClass>Delivery</ccts:ObjectClass>
              <ccts:PropertyTerm>Despatch</ccts:PropertyTerm>
              <ccts:AssociatedObjectClass>Despatch</ccts:AssociatedObjectClass>
            </ccts:Component>
          </xsd:documentation>
        </xsd:annotation>
      </xsd:element>
    </xsd:sequence>
  </xsd:complexType>
  <xsd:complexType name="DeliveryTermsType">
    <xsd:annotation>
      <xsd:documentation>
        <ccts:Component>
          <ccts:ComponentType>ABIE</ccts:ComponentType>
          <ccts:DictionaryEntryName>Delivery Terms. Details</ccts:DictionaryEntryName>
          <ccts:Definition>Information about Delivery Terms.</ccts:Definition>
          <ccts:ObjectClass>Delivery Terms</ccts:ObjectClass>
        </ccts:Component>
      </xsd:documentation>
    </xsd:annotation>
    <xsd:sequence>
      <xsd:element ref="cbc:ID" minOccurs="0" maxOccurs="1">
        <xsd:annotation>
          <xsd:documentation>
            <ccts:Component>
              <ccts:ComponentType>BBIE</ccts:ComponentType>
              <ccts:DictionaryEntryName>Delivery Terms. Identifier</ccts:DictionaryEntryName>
              <ccts:Definition>Identifies the Delivery Terms.</ccts:Definition>
              <ccts:Cardinality>0..1</ccts:Cardinality>
              <ccts:ObjectClass>Delivery Terms</ccts:ObjectClass>
              <ccts:PropertyTerm>Identifier</ccts:PropertyTerm>
              <ccts:RepresentationTerm>Identifier</ccts:RepresentationTerm>
              <ccts:DataType>Identifier. Type</ccts:DataType>
              <ccts:Examples>CIF, FOB, or EXW from the INCOTERMS Terms of Delivery. (2000 version preferred.)</ccts:Examples>
            </ccts:Component>
          </xsd:documentation>
        </xsd:annotation>
      </xsd:element>
      <xsd:element ref="cbc:SpecialTerms" minOccurs="0" maxOccurs="1">
        <xsd:annotation>
          <xsd:documentation>
            <ccts:Component>
              <ccts:ComponentType>BBIE</ccts:ComponentType>
              <ccts:DictionaryEntryName>Delivery Terms. Special_ Terms. Text</ccts:DictionaryEntryName>
              <ccts:Definition>A description of special conditions relating to the Delivery Terms.</ccts:Definition>
              <ccts:Cardinality>0..1</ccts:Cardinality>
              <ccts:ObjectClass>Delivery Terms</ccts:ObjectClass>
              <ccts:PropertyTermQualifier>Special</ccts:PropertyTermQualifier>
              <ccts:PropertyTerm>Terms</ccts:PropertyTerm>
              <ccts:RepresentationTerm>Text</ccts:RepresentationTerm>
              <ccts:DataType>Text. Type</ccts:DataType>
            </ccts:Component>
          </xsd:documentation>
        </xsd:annotation>
      </xsd:element>
      <xsd:element ref="cbc:LossRiskResponsibilityCode" minOccurs="0" maxOccurs="1">
        <xsd:annotation>
          <xsd:documentation>
            <ccts:Component>
              <ccts:ComponentType>BBIE</ccts:ComponentType>
              <ccts:DictionaryEntryName>Delivery Terms. Loss Risk Responsibility Code. Code</ccts:DictionaryEntryName>
              <ccts:Definition>An identifier for the responsibility for loss risk in the context of the Delivery Terms, expressed as a code.</ccts:Definition>
              <ccts:Cardinality>0..1</ccts:Cardinality>
              <ccts:ObjectClass>Delivery Terms</ccts:ObjectClass>
              <ccts:PropertyTerm>Loss Risk Responsibility Code</ccts:PropertyTerm>
              <ccts:RepresentationTerm>Code</ccts:RepresentationTerm>
              <ccts:DataType>Code. Type</ccts:DataType>
            </ccts:Component>
          </xsd:documentation>
        </xsd:annotation>
      </xsd:element>
      <xsd:element ref="cbc:LossRisk" minOccurs="0" maxOccurs="1">
        <xsd:annotation>
          <xsd:documentation>
            <ccts:Component>
              <ccts:ComponentType>BBIE</ccts:ComponentType>
              <ccts:DictionaryEntryName>Delivery Terms. Loss Risk. Text</ccts:DictionaryEntryName>
              <ccts:Definition>A description of the loss risk in the context of the Delivery Terms.</ccts:Definition>
              <ccts:Cardinality>0..1</ccts:Cardinality>
              <ccts:ObjectClass>Delivery Terms</ccts:ObjectClass>
              <ccts:PropertyTerm>Loss Risk</ccts:PropertyTerm>
              <ccts:RepresentationTerm>Text</ccts:RepresentationTerm>
              <ccts:DataType>Text. Type</ccts:DataType>
            </ccts:Component>
          </xsd:documentation>
        </xsd:annotation>
      </xsd:element>
      <xsd:element ref="DeliveryLocation" minOccurs="0" maxOccurs="1">
        <xsd:annotation>
          <xsd:documentation>
            <ccts:Component>
              <ccts:ComponentType>ASBIE</ccts:ComponentType>
              <ccts:DictionaryEntryName>Delivery Terms. Delivery_ Location. Location</ccts:DictionaryEntryName>
              <ccts:Definition>An association to Location, e.g., a port.</ccts:Definition>
              <ccts:Cardinality>0..1</ccts:Cardinality>
              <ccts:ObjectClass>Delivery Terms</ccts:ObjectClass>
              <ccts:PropertyTermQualifier>Delivery</ccts:PropertyTermQualifier>
              <ccts:PropertyTerm>Location</ccts:PropertyTerm>
              <ccts:AssociatedObjectClass>Location</ccts:AssociatedObjectClass>
            </ccts:Component>
          </xsd:documentation>
        </xsd:annotation>
      </xsd:element>
      <xsd:element ref="AllowanceCharge" minOccurs="0" maxOccurs="1">
        <xsd:annotation>
          <xsd:documentation>
            <ccts:Component>
              <ccts:ComponentType>ASBIE</ccts:ComponentType>
              <ccts:DictionaryEntryName>Delivery Terms. Allowance Charge</ccts:DictionaryEntryName>
              <ccts:Definition>An association to Allowance Charge.</ccts:Definition>
              <ccts:Cardinality>0..1</ccts:Cardinality>
              <ccts:ObjectClass>Delivery Terms</ccts:ObjectClass>
              <ccts:PropertyTerm>Allowance Charge</ccts:PropertyTerm>
              <ccts:AssociatedObjectClass>Allowance Charge</ccts:AssociatedObjectClass>
            </ccts:Component>
          </xsd:documentation>
        </xsd:annotation>
      </xsd:element>
    </xsd:sequence>
  </xsd:complexType>
  <xsd:complexType name="DeliveryUnitType">
    <xsd:annotation>
      <xsd:documentation>
        <ccts:Component>
          <ccts:ComponentType>ABIE</ccts:ComponentType>
          <ccts:DictionaryEntryName>Delivery Unit. Details</ccts:DictionaryEntryName>
          <ccts:Definition>Information about a Delivery Unit.</ccts:Definition>
          <ccts:ObjectClass>Delivery Unit</ccts:ObjectClass>
        </ccts:Component>
      </xsd:documentation>
    </xsd:annotation>
    <xsd:sequence>
      <xsd:element ref="cbc:BatchQuantity" minOccurs="1" maxOccurs="1">
        <xsd:annotation>
          <xsd:documentation>
            <ccts:Component>
              <ccts:ComponentType>BBIE</ccts:ComponentType>
              <ccts:DictionaryEntryName>Delivery Unit. Batch Quantity. Quantity</ccts:DictionaryEntryName>
              <ccts:Definition>The quantity of ordered Items that constitutes a batch for delivery purposes.</ccts:Definition>
              <ccts:Cardinality>1</ccts:Cardinality>
              <ccts:ObjectClass>Delivery Unit</ccts:ObjectClass>
              <ccts:PropertyTerm>Batch Quantity</ccts:PropertyTerm>
              <ccts:RepresentationTerm>Quantity</ccts:RepresentationTerm>
              <ccts:DataType>Quantity. Type</ccts:DataType>
              <ccts:Examples>"100 units", "by the dozen"</ccts:Examples>
            </ccts:Component>
          </xsd:documentation>
        </xsd:annotation>
      </xsd:element>
      <xsd:element ref="cbc:ConsumerUnitQuantity" minOccurs="0" maxOccurs="1">
        <xsd:annotation>
          <xsd:documentation>
            <ccts:Component>
              <ccts:ComponentType>BBIE</ccts:ComponentType>
              <ccts:DictionaryEntryName>Delivery Unit. Consumer_ Unit. Quantity</ccts:DictionaryEntryName>
              <ccts:Definition>The quantity of consumer units in the Delivery Unit.</ccts:Definition>
              <ccts:Cardinality>0..1</ccts:Cardinality>
              <ccts:ObjectClass>Delivery Unit</ccts:ObjectClass>
              <ccts:PropertyTermQualifier>Consumer</ccts:PropertyTermQualifier>
              <ccts:PropertyTerm>Unit</ccts:PropertyTerm>
              <ccts:RepresentationTerm>Quantity</ccts:RepresentationTerm>
              <ccts:DataType>Quantity. Type</ccts:DataType>
              <ccts:Examples>"packs of 10"</ccts:Examples>
            </ccts:Component>
          </xsd:documentation>
        </xsd:annotation>
      </xsd:element>
      <xsd:element ref="cbc:HazardousRiskIndicator" minOccurs="0" maxOccurs="1">
        <xsd:annotation>
          <xsd:documentation>
            <ccts:Component>
              <ccts:ComponentType>BBIE</ccts:ComponentType>
              <ccts:DictionaryEntryName>Delivery Unit. Hazardous Risk_ Indicator. Indicator</ccts:DictionaryEntryName>
              <ccts:Definition>Indicates whether the Item as delivered is hazardous.</ccts:Definition>
              <ccts:Cardinality>0..1</ccts:Cardinality>
              <ccts:ObjectClass>Delivery Unit</ccts:ObjectClass>
              <ccts:PropertyTermQualifier>Hazardous Risk</ccts:PropertyTermQualifier>
              <ccts:PropertyTerm>Indicator</ccts:PropertyTerm>
              <ccts:RepresentationTerm>Indicator</ccts:RepresentationTerm>
              <ccts:DataType>Indicator. Type</ccts:DataType>
              <ccts:Examples>Default is negative</ccts:Examples>
            </ccts:Component>
          </xsd:documentation>
        </xsd:annotation>
      </xsd:element>
    </xsd:sequence>
  </xsd:complexType>
  <xsd:complexType name="DespatchType">
    <xsd:annotation>
      <xsd:documentation>
        <ccts:Component>
          <ccts:ComponentType>ABIE</ccts:ComponentType>
          <ccts:DictionaryEntryName>Despatch. Details</ccts:DictionaryEntryName>
          <ccts:Definition>Information about Despatch.</ccts:Definition>
          <ccts:ObjectClass>Despatch</ccts:ObjectClass>
        </ccts:Component>
      </xsd:documentation>
    </xsd:annotation>
    <xsd:sequence>
      <xsd:element ref="cbc:ID" minOccurs="0" maxOccurs="1">
        <xsd:annotation>
          <xsd:documentation>
            <ccts:Component>
              <ccts:ComponentType>BBIE</ccts:ComponentType>
              <ccts:DictionaryEntryName>Despatch. Identifier</ccts:DictionaryEntryName>
              <ccts:Definition>The identifier for the Delivery.</ccts:Definition>
              <ccts:Cardinality>0..1</ccts:Cardinality>
              <ccts:ObjectClass>Despatch</ccts:ObjectClass>
              <ccts:PropertyTerm>Identifier</ccts:PropertyTerm>
              <ccts:RepresentationTerm>Identifier</ccts:RepresentationTerm>
              <ccts:DataType>Identifier. Type</ccts:DataType>
            </ccts:Component>
          </xsd:documentation>
        </xsd:annotation>
      </xsd:element>
      <xsd:element ref="cbc:RequestedDespatchDate" minOccurs="0" maxOccurs="1">
        <xsd:annotation>
          <xsd:documentation>
            <ccts:Component>
              <ccts:ComponentType>BBIE</ccts:ComponentType>
              <ccts:DictionaryEntryName>Despatch. Requested_ Despatch Date. Date</ccts:DictionaryEntryName>
              <ccts:Definition>The despatch (pick-up) date requested by the buyer.</ccts:Definition>
              <ccts:Cardinality>0..1</ccts:Cardinality>
              <ccts:ObjectClass>Despatch</ccts:ObjectClass>
              <ccts:PropertyTermQualifier>Requested</ccts:PropertyTermQualifier>
              <ccts:PropertyTerm>Despatch Date</ccts:PropertyTerm>
              <ccts:RepresentationTerm>Date</ccts:RepresentationTerm>
              <ccts:DataType>Date. Type</ccts:DataType>
            </ccts:Component>
          </xsd:documentation>
        </xsd:annotation>
      </xsd:element>
      <xsd:element ref="cbc:RequestedDespatchTime" minOccurs="0" maxOccurs="1">
        <xsd:annotation>
          <xsd:documentation>
            <ccts:Component>
              <ccts:ComponentType>BBIE</ccts:ComponentType>
              <ccts:DictionaryEntryName>Despatch. Requested_ Despatch Time. Time</ccts:DictionaryEntryName>
              <ccts:Definition>The despatch (pick-up) time requested by the buyer.</ccts:Definition>
              <ccts:Cardinality>0..1</ccts:Cardinality>
              <ccts:ObjectClass>Despatch</ccts:ObjectClass>
              <ccts:PropertyTermQualifier>Requested</ccts:PropertyTermQualifier>
              <ccts:PropertyTerm>Despatch Time</ccts:PropertyTerm>
              <ccts:RepresentationTerm>Time</ccts:RepresentationTerm>
              <ccts:DataType>Time. Type</ccts:DataType>
            </ccts:Component>
          </xsd:documentation>
        </xsd:annotation>
      </xsd:element>
      <xsd:element ref="cbc:EstimatedDespatchDate" minOccurs="0" maxOccurs="1">
        <xsd:annotation>
          <xsd:documentation>
            <ccts:Component>
              <ccts:ComponentType>BBIE</ccts:ComponentType>
              <ccts:DictionaryEntryName>Despatch. Estimated_ Despatch Date. Date</ccts:DictionaryEntryName>
              <ccts:Definition>The despatch (pick-up) date estimated by the seller or Despatch.</ccts:Definition>
              <ccts:Cardinality>0..1</ccts:Cardinality>
              <ccts:ObjectClass>Despatch</ccts:ObjectClass>
              <ccts:PropertyTermQualifier>Estimated</ccts:PropertyTermQualifier>
              <ccts:PropertyTerm>Despatch Date</ccts:PropertyTerm>
              <ccts:RepresentationTerm>Date</ccts:RepresentationTerm>
              <ccts:DataType>Date. Type</ccts:DataType>
            </ccts:Component>
          </xsd:documentation>
        </xsd:annotation>
      </xsd:element>
      <xsd:element ref="cbc:EstimatedDespatchTime" minOccurs="0" maxOccurs="1">
        <xsd:annotation>
          <xsd:documentation>
            <ccts:Component>
              <ccts:ComponentType>BBIE</ccts:ComponentType>
              <ccts:DictionaryEntryName>Despatch. Estimated_ Despatch Time. Time</ccts:DictionaryEntryName>
              <ccts:Definition>The despatch (pick-up) time estimated by the seller or Despatch.</ccts:Definition>
              <ccts:Cardinality>0..1</ccts:Cardinality>
              <ccts:ObjectClass>Despatch</ccts:ObjectClass>
              <ccts:PropertyTermQualifier>Estimated</ccts:PropertyTermQualifier>
              <ccts:PropertyTerm>Despatch Time</ccts:PropertyTerm>
              <ccts:RepresentationTerm>Time</ccts:RepresentationTerm>
              <ccts:DataType>Time. Type</ccts:DataType>
            </ccts:Component>
          </xsd:documentation>
        </xsd:annotation>
      </xsd:element>
      <xsd:element ref="cbc:ActualDespatchDate" minOccurs="0" maxOccurs="1">
        <xsd:annotation>
          <xsd:documentation>
            <ccts:Component>
              <ccts:ComponentType>BBIE</ccts:ComponentType>
              <ccts:DictionaryEntryName>Despatch. Actual_ Despatch Date. Date</ccts:DictionaryEntryName>
              <ccts:Definition>The actual despatch (pick-up) date.</ccts:Definition>
              <ccts:Cardinality>0..1</ccts:Cardinality>
              <ccts:ObjectClass>Despatch</ccts:ObjectClass>
              <ccts:PropertyTermQualifier>Actual</ccts:PropertyTermQualifier>
              <ccts:PropertyTerm>Despatch Date</ccts:PropertyTerm>
              <ccts:RepresentationTerm>Date</ccts:RepresentationTerm>
              <ccts:DataType>Date. Type</ccts:DataType>
            </ccts:Component>
          </xsd:documentation>
        </xsd:annotation>
      </xsd:element>
      <xsd:element ref="cbc:ActualDespatchTime" minOccurs="0" maxOccurs="1">
        <xsd:annotation>
          <xsd:documentation>
            <ccts:Component>
              <ccts:ComponentType>BBIE</ccts:ComponentType>
              <ccts:DictionaryEntryName>Despatch. Actual_ Despatch Time. Time</ccts:DictionaryEntryName>
              <ccts:Definition>The actual despatch (pick-up) time.</ccts:Definition>
              <ccts:Cardinality>0..1</ccts:Cardinality>
              <ccts:ObjectClass>Despatch</ccts:ObjectClass>
              <ccts:PropertyTermQualifier>Actual</ccts:PropertyTermQualifier>
              <ccts:PropertyTerm>Despatch Time</ccts:PropertyTerm>
              <ccts:RepresentationTerm>Time</ccts:RepresentationTerm>
              <ccts:DataType>Time. Type</ccts:DataType>
            </ccts:Component>
          </xsd:documentation>
        </xsd:annotation>
      </xsd:element>
      <xsd:element ref="DespatchAddress" minOccurs="0" maxOccurs="1">
        <xsd:annotation>
          <xsd:documentation>
            <ccts:Component>
              <ccts:ComponentType>ASBIE</ccts:ComponentType>
              <ccts:DictionaryEntryName>Despatch. Despatch_ Address. Address</ccts:DictionaryEntryName>
              <ccts:Definition>An association to Despatch Address.</ccts:Definition>
              <ccts:Cardinality>0..1</ccts:Cardinality>
              <ccts:ObjectClass>Despatch</ccts:ObjectClass>
              <ccts:PropertyTermQualifier>Despatch</ccts:PropertyTermQualifier>
              <ccts:PropertyTerm>Address</ccts:PropertyTerm>
              <ccts:AssociatedObjectClass>Address</ccts:AssociatedObjectClass>
            </ccts:Component>
          </xsd:documentation>
        </xsd:annotation>
      </xsd:element>
      <xsd:element ref="DespatchParty" minOccurs="0" maxOccurs="1">
        <xsd:annotation>
          <xsd:documentation>
            <ccts:Component>
              <ccts:ComponentType>ASBIE</ccts:ComponentType>
              <ccts:DictionaryEntryName>Despatch. Despatch_ Party. Party</ccts:DictionaryEntryName>
              <ccts:Definition>The party who despatched the delivery.</ccts:Definition>
              <ccts:Cardinality>0..1</ccts:Cardinality>
              <ccts:ObjectClass>Despatch</ccts:ObjectClass>
              <ccts:PropertyTermQualifier>Despatch</ccts:PropertyTermQualifier>
              <ccts:PropertyTerm>Party</ccts:PropertyTerm>
              <ccts:AssociatedObjectClass>Party</ccts:AssociatedObjectClass>
            </ccts:Component>
          </xsd:documentation>
        </xsd:annotation>
      </xsd:element>
      <xsd:element ref="Contact" minOccurs="0" maxOccurs="1">
        <xsd:annotation>
          <xsd:documentation>
            <ccts:Component>
              <ccts:ComponentType>ASBIE</ccts:ComponentType>
              <ccts:DictionaryEntryName>Despatch. Contact</ccts:DictionaryEntryName>
              <ccts:Definition>An association to Contact.</ccts:Definition>
              <ccts:Cardinality>0..1</ccts:Cardinality>
              <ccts:ObjectClass>Despatch</ccts:ObjectClass>
              <ccts:PropertyTerm>Contact</ccts:PropertyTerm>
              <ccts:AssociatedObjectClass>Contact</ccts:AssociatedObjectClass>
            </ccts:Component>
          </xsd:documentation>
        </xsd:annotation>
      </xsd:element>
    </xsd:sequence>
  </xsd:complexType>
  <xsd:complexType name="DespatchLineType">
    <xsd:annotation>
      <xsd:documentation>
        <ccts:Component>
          <ccts:ComponentType>ABIE</ccts:ComponentType>
          <ccts:DictionaryEntryName>Despatch Line. Details</ccts:DictionaryEntryName>
          <ccts:Definition>Information about a Despatch Line.</ccts:Definition>
          <ccts:ObjectClass>Despatch Line</ccts:ObjectClass>
        </ccts:Component>
      </xsd:documentation>
    </xsd:annotation>
    <xsd:sequence>
      <xsd:element ref="cbc:ID" minOccurs="1" maxOccurs="1">
        <xsd:annotation>
          <xsd:documentation>
            <ccts:Component>
              <ccts:ComponentType>BBIE</ccts:ComponentType>
              <ccts:DictionaryEntryName>Despatch Line. Identifier</ccts:DictionaryEntryName>
              <ccts:Definition>Identifies the Despatch Line.</ccts:Definition>
              <ccts:Cardinality>1</ccts:Cardinality>
              <ccts:ObjectClass>Despatch Line</ccts:ObjectClass>
              <ccts:PropertyTerm>Identifier</ccts:PropertyTerm>
              <ccts:RepresentationTerm>Identifier</ccts:RepresentationTerm>
              <ccts:DataType>Identifier. Type</ccts:DataType>
            </ccts:Component>
          </xsd:documentation>
        </xsd:annotation>
      </xsd:element>
      <xsd:element ref="cbc:UUID" minOccurs="0" maxOccurs="1">
        <xsd:annotation>
          <xsd:documentation>
            <ccts:Component>
              <ccts:ComponentType>BBIE</ccts:ComponentType>
              <ccts:DictionaryEntryName>Despatch Line. UUID. Identifier</ccts:DictionaryEntryName>
              <ccts:Definition>A universally unique identifier for an instance of this ABIE.</ccts:Definition>
              <ccts:Cardinality>0..1</ccts:Cardinality>
              <ccts:ObjectClass>Despatch Line</ccts:ObjectClass>
              <ccts:PropertyTerm>UUID</ccts:PropertyTerm>
              <ccts:RepresentationTerm>Identifier</ccts:RepresentationTerm>
              <ccts:DataType>Identifier. Type</ccts:DataType>
            </ccts:Component>
          </xsd:documentation>
        </xsd:annotation>
      </xsd:element>
      <xsd:element ref="cbc:Note" minOccurs="0" maxOccurs="1">
        <xsd:annotation>
          <xsd:documentation>
            <ccts:Component>
              <ccts:ComponentType>BBIE</ccts:ComponentType>
              <ccts:DictionaryEntryName>Despatch Line. Note. Text</ccts:DictionaryEntryName>
              <ccts:Definition>Free-form text applying to the Despatch Line. This element may contain notes or any other similar information that is not contained explicitly in another structure.</ccts:Definition>
              <ccts:Cardinality>0..1</ccts:Cardinality>
              <ccts:ObjectClass>Despatch Line</ccts:ObjectClass>
              <ccts:PropertyTerm>Note</ccts:PropertyTerm>
              <ccts:RepresentationTerm>Text</ccts:RepresentationTerm>
              <ccts:DataType>Text. Type</ccts:DataType>
            </ccts:Component>
          </xsd:documentation>
        </xsd:annotation>
      </xsd:element>
      <xsd:element ref="cbc:LineStatusCode" minOccurs="0" maxOccurs="1">
        <xsd:annotation>
          <xsd:documentation>
            <ccts:Component>
              <ccts:ComponentType>BBIE</ccts:ComponentType>
              <ccts:DictionaryEntryName>Despatch Line. Line Status Code. Code</ccts:DictionaryEntryName>
              <ccts:Definition>Identifies the status of the Despatch Line with respect to its original state.</ccts:Definition>
              <ccts:Cardinality>0..1</ccts:Cardinality>
              <ccts:ObjectClass>Despatch Line</ccts:ObjectClass>
              <ccts:PropertyTerm>Line Status Code</ccts:PropertyTerm>
              <ccts:RepresentationTerm>Code</ccts:RepresentationTerm>
              <ccts:DataType>Line Status_ Code. Type</ccts:DataType>
            </ccts:Component>
          </xsd:documentation>
        </xsd:annotation>
      </xsd:element>
      <xsd:element ref="cbc:DeliveredQuantity" minOccurs="0" maxOccurs="1">
        <xsd:annotation>
          <xsd:documentation>
            <ccts:Component>
              <ccts:ComponentType>BBIE</ccts:ComponentType>
              <ccts:DictionaryEntryName>Despatch Line. Delivered_ Quantity. Quantity</ccts:DictionaryEntryName>
              <ccts:Definition>The quantity despatched.</ccts:Definition>
              <ccts:Cardinality>0..1</ccts:Cardinality>
              <ccts:ObjectClass>Despatch Line</ccts:ObjectClass>
              <ccts:PropertyTermQualifier>Delivered</ccts:PropertyTermQualifier>
              <ccts:PropertyTerm>Quantity</ccts:PropertyTerm>
              <ccts:RepresentationTerm>Quantity</ccts:RepresentationTerm>
              <ccts:DataType>Quantity. Type</ccts:DataType>
            </ccts:Component>
          </xsd:documentation>
        </xsd:annotation>
      </xsd:element>
      <xsd:element ref="cbc:BackorderQuantity" minOccurs="0" maxOccurs="1">
        <xsd:annotation>
          <xsd:documentation>
            <ccts:Component>
              <ccts:ComponentType>BBIE</ccts:ComponentType>
              <ccts:DictionaryEntryName>Despatch Line. Backorder_ Quantity. Quantity</ccts:DictionaryEntryName>
              <ccts:Definition>The quantity on Back Order at the Supplier.</ccts:Definition>
              <ccts:Cardinality>0..1</ccts:Cardinality>
              <ccts:ObjectClass>Despatch Line</ccts:ObjectClass>
              <ccts:PropertyTermQualifier>Backorder</ccts:PropertyTermQualifier>
              <ccts:PropertyTerm>Quantity</ccts:PropertyTerm>
              <ccts:RepresentationTerm>Quantity</ccts:RepresentationTerm>
              <ccts:DataType>Quantity. Type</ccts:DataType>
            </ccts:Component>
          </xsd:documentation>
        </xsd:annotation>
      </xsd:element>
      <xsd:element ref="cbc:BackorderReason" minOccurs="0" maxOccurs="1">
        <xsd:annotation>
          <xsd:documentation>
            <ccts:Component>
              <ccts:ComponentType>BBIE</ccts:ComponentType>
              <ccts:DictionaryEntryName>Despatch Line. Backorder_ Reason. Text</ccts:DictionaryEntryName>
              <ccts:Definition>The reason for the Back Order.</ccts:Definition>
              <ccts:Cardinality>0..1</ccts:Cardinality>
              <ccts:ObjectClass>Despatch Line</ccts:ObjectClass>
              <ccts:PropertyTermQualifier>Backorder</ccts:PropertyTermQualifier>
              <ccts:PropertyTerm>Reason</ccts:PropertyTerm>
              <ccts:RepresentationTerm>Text</ccts:RepresentationTerm>
              <ccts:DataType>Text. Type</ccts:DataType>
            </ccts:Component>
          </xsd:documentation>
        </xsd:annotation>
      </xsd:element>
      <xsd:element ref="cbc:OutstandingQuantity" minOccurs="0" maxOccurs="1">
        <xsd:annotation>
          <xsd:documentation>
            <ccts:Component>
              <ccts:ComponentType>BBIE</ccts:ComponentType>
              <ccts:DictionaryEntryName>Despatch Line. Outstanding_ Quantity. Quantity</ccts:DictionaryEntryName>
              <ccts:Definition>The quantity outstanding (which will follow in a later despatch).</ccts:Definition>
              <ccts:Cardinality>0..1</ccts:Cardinality>
              <ccts:ObjectClass>Despatch Line</ccts:ObjectClass>
              <ccts:PropertyTermQualifier>Outstanding</ccts:PropertyTermQualifier>
              <ccts:PropertyTerm>Quantity</ccts:PropertyTerm>
              <ccts:RepresentationTerm>Quantity</ccts:RepresentationTerm>
              <ccts:DataType>Quantity. Type</ccts:DataType>
            </ccts:Component>
          </xsd:documentation>
        </xsd:annotation>
      </xsd:element>
      <xsd:element ref="cbc:OutstandingReason" minOccurs="0" maxOccurs="1">
        <xsd:annotation>
          <xsd:documentation>
            <ccts:Component>
              <ccts:ComponentType>BBIE</ccts:ComponentType>
              <ccts:DictionaryEntryName>Despatch Line. Outstanding_ Reason. Text</ccts:DictionaryEntryName>
              <ccts:Definition>The reason for the Outstanding Quantity.</ccts:Definition>
              <ccts:Cardinality>0..1</ccts:Cardinality>
              <ccts:ObjectClass>Despatch Line</ccts:ObjectClass>
              <ccts:PropertyTermQualifier>Outstanding</ccts:PropertyTermQualifier>
              <ccts:PropertyTerm>Reason</ccts:PropertyTerm>
              <ccts:RepresentationTerm>Text</ccts:RepresentationTerm>
              <ccts:DataType>Text. Type</ccts:DataType>
            </ccts:Component>
          </xsd:documentation>
        </xsd:annotation>
      </xsd:element>
      <xsd:element ref="cbc:OversupplyQuantity" minOccurs="0" maxOccurs="1">
        <xsd:annotation>
          <xsd:documentation>
            <ccts:Component>
              <ccts:ComponentType>BBIE</ccts:ComponentType>
              <ccts:DictionaryEntryName>Despatch Line. Oversupply_ Quantity. Quantity</ccts:DictionaryEntryName>
              <ccts:Definition>The quantity over-supplied.</ccts:Definition>
              <ccts:Cardinality>0..1</ccts:Cardinality>
              <ccts:ObjectClass>Despatch Line</ccts:ObjectClass>
              <ccts:PropertyTermQualifier>Oversupply</ccts:PropertyTermQualifier>
              <ccts:PropertyTerm>Quantity</ccts:PropertyTerm>
              <ccts:RepresentationTerm>Quantity</ccts:RepresentationTerm>
              <ccts:DataType>Quantity. Type</ccts:DataType>
            </ccts:Component>
          </xsd:documentation>
        </xsd:annotation>
      </xsd:element>
      <xsd:element ref="OrderLineReference" minOccurs="1" maxOccurs="unbounded">
        <xsd:annotation>
          <xsd:documentation>
            <ccts:Component>
              <ccts:ComponentType>ASBIE</ccts:ComponentType>
              <ccts:DictionaryEntryName>Despatch Line. Order Line Reference</ccts:DictionaryEntryName>
              <ccts:Definition>An association to Order Line Reference.</ccts:Definition>
              <ccts:Cardinality>1..n</ccts:Cardinality>
              <ccts:ObjectClass>Despatch Line</ccts:ObjectClass>
              <ccts:PropertyTerm>Order Line Reference</ccts:PropertyTerm>
              <ccts:AssociatedObjectClass>Order Line Reference</ccts:AssociatedObjectClass>
            </ccts:Component>
          </xsd:documentation>
        </xsd:annotation>
      </xsd:element>
      <xsd:element ref="DocumentReference" minOccurs="0" maxOccurs="unbounded">
        <xsd:annotation>
          <xsd:documentation>
            <ccts:Component>
              <ccts:ComponentType>ASBIE</ccts:ComponentType>
              <ccts:DictionaryEntryName>Despatch Line. Document Reference</ccts:DictionaryEntryName>
              <ccts:Definition>An association to Document Reference.</ccts:Definition>
              <ccts:Cardinality>0..n</ccts:Cardinality>
              <ccts:ObjectClass>Despatch Line</ccts:ObjectClass>
              <ccts:PropertyTerm>Document Reference</ccts:PropertyTerm>
              <ccts:AssociatedObjectClass>Document Reference</ccts:AssociatedObjectClass>
            </ccts:Component>
          </xsd:documentation>
        </xsd:annotation>
      </xsd:element>
      <xsd:element ref="Item" minOccurs="1" maxOccurs="1">
        <xsd:annotation>
          <xsd:documentation>
            <ccts:Component>
              <ccts:ComponentType>ASBIE</ccts:ComponentType>
              <ccts:DictionaryEntryName>Despatch Line. Item</ccts:DictionaryEntryName>
              <ccts:Definition>An association to Item.</ccts:Definition>
              <ccts:Cardinality>1</ccts:Cardinality>
              <ccts:ObjectClass>Despatch Line</ccts:ObjectClass>
              <ccts:PropertyTerm>Item</ccts:PropertyTerm>
              <ccts:AssociatedObjectClass>Item</ccts:AssociatedObjectClass>
            </ccts:Component>
          </xsd:documentation>
        </xsd:annotation>
      </xsd:element>
      <xsd:element ref="Shipment" minOccurs="0" maxOccurs="unbounded">
        <xsd:annotation>
          <xsd:documentation>
            <ccts:Component>
              <ccts:ComponentType>ASBIE</ccts:ComponentType>
              <ccts:DictionaryEntryName>Despatch Line. Shipment</ccts:DictionaryEntryName>
              <ccts:Definition>An association to Shipment.</ccts:Definition>
              <ccts:Cardinality>0..n</ccts:Cardinality>
              <ccts:ObjectClass>Despatch Line</ccts:ObjectClass>
              <ccts:PropertyTerm>Shipment</ccts:PropertyTerm>
              <ccts:AssociatedObjectClass>Shipment</ccts:AssociatedObjectClass>
            </ccts:Component>
          </xsd:documentation>
        </xsd:annotation>
      </xsd:element>
    </xsd:sequence>
  </xsd:complexType>
  <xsd:complexType name="DimensionType">
    <xsd:annotation>
      <xsd:documentation>
        <ccts:Component>
          <ccts:ComponentType>ABIE</ccts:ComponentType>
          <ccts:DictionaryEntryName>Dimension. Details</ccts:DictionaryEntryName>
          <ccts:Definition>Information about a measurable dimension of an item.</ccts:Definition>
          <ccts:ObjectClass>Dimension</ccts:ObjectClass>
        </ccts:Component>
      </xsd:documentation>
    </xsd:annotation>
    <xsd:sequence>
      <xsd:element ref="cbc:AttributeID" minOccurs="1" maxOccurs="1">
        <xsd:annotation>
          <xsd:documentation>
            <ccts:Component>
              <ccts:ComponentType>BBIE</ccts:ComponentType>
              <ccts:DictionaryEntryName>Dimension. Attribute Identifier. Identifier</ccts:DictionaryEntryName>
              <ccts:Definition>An identifier for the attribute to which the measure applies.</ccts:Definition>
              <ccts:Cardinality>1</ccts:Cardinality>
              <ccts:ObjectClass>Dimension</ccts:ObjectClass>
              <ccts:PropertyTerm>Attribute Identifier</ccts:PropertyTerm>
              <ccts:RepresentationTerm>Identifier</ccts:RepresentationTerm>
              <ccts:DataType>Identifier. Type</ccts:DataType>
            </ccts:Component>
          </xsd:documentation>
        </xsd:annotation>
      </xsd:element>
      <xsd:element ref="cbc:Measure" minOccurs="0" maxOccurs="1">
        <xsd:annotation>
          <xsd:documentation>
            <ccts:Component>
              <ccts:ComponentType>BBIE</ccts:ComponentType>
              <ccts:DictionaryEntryName>Dimension. Measure</ccts:DictionaryEntryName>
              <ccts:Definition>The measurement value.</ccts:Definition>
              <ccts:Cardinality>0..1</ccts:Cardinality>
              <ccts:ObjectClass>Dimension</ccts:ObjectClass>
              <ccts:PropertyTerm>Measure</ccts:PropertyTerm>
              <ccts:RepresentationTerm>Measure</ccts:RepresentationTerm>
              <ccts:DataType>Measure. Type</ccts:DataType>
            </ccts:Component>
          </xsd:documentation>
        </xsd:annotation>
      </xsd:element>
      <xsd:element ref="cbc:Description" minOccurs="0" maxOccurs="unbounded">
        <xsd:annotation>
          <xsd:documentation>
            <ccts:Component>
              <ccts:ComponentType>BBIE</ccts:ComponentType>
              <ccts:DictionaryEntryName>Dimension. Description. Text</ccts:DictionaryEntryName>
              <ccts:Definition>A description of the attribute or measurement of the attribute.</ccts:Definition>
              <ccts:Cardinality>0..n</ccts:Cardinality>
              <ccts:ObjectClass>Dimension</ccts:ObjectClass>
              <ccts:PropertyTerm>Description</ccts:PropertyTerm>
              <ccts:RepresentationTerm>Text</ccts:RepresentationTerm>
              <ccts:DataType>Text. Type</ccts:DataType>
            </ccts:Component>
          </xsd:documentation>
        </xsd:annotation>
      </xsd:element>
      <xsd:element ref="cbc:MinimumMeasure" minOccurs="0" maxOccurs="1">
        <xsd:annotation>
          <xsd:documentation>
            <ccts:Component>
              <ccts:ComponentType>BBIE</ccts:ComponentType>
              <ccts:DictionaryEntryName>Dimension. Minimum_ Measure. Measure</ccts:DictionaryEntryName>
              <ccts:Definition>The minimum value in a range of measurement.</ccts:Definition>
              <ccts:Cardinality>0..1</ccts:Cardinality>
              <ccts:ObjectClass>Dimension</ccts:ObjectClass>
              <ccts:PropertyTermQualifier>Minimum</ccts:PropertyTermQualifier>
              <ccts:PropertyTerm>Measure</ccts:PropertyTerm>
              <ccts:RepresentationTerm>Measure</ccts:RepresentationTerm>
              <ccts:DataType>Measure. Type</ccts:DataType>
            </ccts:Component>
          </xsd:documentation>
        </xsd:annotation>
      </xsd:element>
      <xsd:element ref="cbc:MaximumMeasure" minOccurs="0" maxOccurs="1">
        <xsd:annotation>
          <xsd:documentation>
            <ccts:Component>
              <ccts:ComponentType>BBIE</ccts:ComponentType>
              <ccts:DictionaryEntryName>Dimension. Maximum_ Measure. Measure</ccts:DictionaryEntryName>
              <ccts:Definition>The maximum value in a range of measurement.</ccts:Definition>
              <ccts:Cardinality>0..1</ccts:Cardinality>
              <ccts:ObjectClass>Dimension</ccts:ObjectClass>
              <ccts:PropertyTermQualifier>Maximum</ccts:PropertyTermQualifier>
              <ccts:PropertyTerm>Measure</ccts:PropertyTerm>
              <ccts:RepresentationTerm>Measure</ccts:RepresentationTerm>
              <ccts:DataType>Measure. Type</ccts:DataType>
            </ccts:Component>
          </xsd:documentation>
        </xsd:annotation>
      </xsd:element>
    </xsd:sequence>
  </xsd:complexType>
  <xsd:complexType name="DocumentDistributionType">
    <xsd:annotation>
      <xsd:documentation>
        <ccts:Component>
          <ccts:ComponentType>ABIE</ccts:ComponentType>
          <ccts:DictionaryEntryName>Document Distribution. Details</ccts:DictionaryEntryName>
          <ccts:Definition>The details of the distribution of the document among business partners.</ccts:Definition>
          <ccts:ObjectClass>Document Distribution</ccts:ObjectClass>
        </ccts:Component>
      </xsd:documentation>
    </xsd:annotation>
    <xsd:sequence>
      <xsd:element ref="cbc:PrintQualifier" minOccurs="1" maxOccurs="1">
        <xsd:annotation>
          <xsd:documentation>
            <ccts:Component>
              <ccts:ComponentType>BBIE</ccts:ComponentType>
              <ccts:DictionaryEntryName>Document Distribution. Print_ Qualifier. Text</ccts:DictionaryEntryName>
              <ccts:Definition>The access right for a Party to distribute the document.</ccts:Definition>
              <ccts:Cardinality>1</ccts:Cardinality>
              <ccts:ObjectClass>Document Distribution</ccts:ObjectClass>
              <ccts:PropertyTermQualifier>Print</ccts:PropertyTermQualifier>
              <ccts:PropertyTerm>Qualifier</ccts:PropertyTerm>
              <ccts:RepresentationTerm>Text</ccts:RepresentationTerm>
              <ccts:DataType>Text. Type</ccts:DataType>
            </ccts:Component>
          </xsd:documentation>
        </xsd:annotation>
      </xsd:element>
      <xsd:element ref="cbc:MaximumCopiesNumeric" minOccurs="1" maxOccurs="1">
        <xsd:annotation>
          <xsd:documentation>
            <ccts:Component>
              <ccts:ComponentType>BBIE</ccts:ComponentType>
              <ccts:DictionaryEntryName>Document Distribution. Maximum_ Copies. Numeric</ccts:DictionaryEntryName>
              <ccts:Definition>Specifies the maximum number of copies of the document that the user can print.</ccts:Definition>
              <ccts:Cardinality>1</ccts:Cardinality>
              <ccts:ObjectClass>Document Distribution</ccts:ObjectClass>
              <ccts:PropertyTermQualifier>Maximum</ccts:PropertyTermQualifier>
              <ccts:PropertyTerm>Copies</ccts:PropertyTerm>
              <ccts:RepresentationTerm>Numeric</ccts:RepresentationTerm>
              <ccts:DataType>Numeric. Type</ccts:DataType>
            </ccts:Component>
          </xsd:documentation>
        </xsd:annotation>
      </xsd:element>
      <xsd:element ref="Party" minOccurs="1" maxOccurs="1">
        <xsd:annotation>
          <xsd:documentation>
            <ccts:Component>
              <ccts:ComponentType>ASBIE</ccts:ComponentType>
              <ccts:DictionaryEntryName>Document Distribution. Party</ccts:DictionaryEntryName>
              <ccts:Definition>Details of the Party who can access the document.</ccts:Definition>
              <ccts:Cardinality>1</ccts:Cardinality>
              <ccts:ObjectClass>Document Distribution</ccts:ObjectClass>
              <ccts:PropertyTerm>Party</ccts:PropertyTerm>
              <ccts:AssociatedObjectClass>Party</ccts:AssociatedObjectClass>
            </ccts:Component>
          </xsd:documentation>
        </xsd:annotation>
      </xsd:element>
    </xsd:sequence>
  </xsd:complexType>
  <xsd:complexType name="DocumentReferenceType">
    <xsd:annotation>
      <xsd:documentation>
        <ccts:Component>
          <ccts:ComponentType>ABIE</ccts:ComponentType>
          <ccts:DictionaryEntryName>Document Reference. Details</ccts:DictionaryEntryName>
          <ccts:Definition>Information about a document referred to in another document.</ccts:Definition>
          <ccts:ObjectClass>Document Reference</ccts:ObjectClass>
        </ccts:Component>
      </xsd:documentation>
    </xsd:annotation>
    <xsd:sequence>
      <xsd:element ref="cbc:ID" minOccurs="1" maxOccurs="1">
        <xsd:annotation>
          <xsd:documentation>
            <ccts:Component>
              <ccts:ComponentType>BBIE</ccts:ComponentType>
              <ccts:DictionaryEntryName>Document Reference. Identifier</ccts:DictionaryEntryName>
              <ccts:Definition>Identifies the document being referred to.</ccts:Definition>
              <ccts:Cardinality>1</ccts:Cardinality>
              <ccts:ObjectClass>Document Reference</ccts:ObjectClass>
              <ccts:PropertyTerm>Identifier</ccts:PropertyTerm>
              <ccts:RepresentationTerm>Identifier</ccts:RepresentationTerm>
              <ccts:DataType>Identifier. Type</ccts:DataType>
              <ccts:Examples>"PO-001" "3333-44-123"</ccts:Examples>
            </ccts:Component>
          </xsd:documentation>
        </xsd:annotation>
      </xsd:element>
      <xsd:element ref="cbc:CopyIndicator" minOccurs="0" maxOccurs="1">
        <xsd:annotation>
          <xsd:documentation>
            <ccts:Component>
              <ccts:ComponentType>BBIE</ccts:ComponentType>
              <ccts:DictionaryEntryName>Document Reference. Copy_ Indicator. Indicator</ccts:DictionaryEntryName>
              <ccts:Definition>Indicates whether the referenced document is a copy (true) or the original (false).</ccts:Definition>
              <ccts:Cardinality>0..1</ccts:Cardinality>
              <ccts:ObjectClass>Document Reference</ccts:ObjectClass>
              <ccts:PropertyTermQualifier>Copy</ccts:PropertyTermQualifier>
              <ccts:PropertyTerm>Indicator</ccts:PropertyTerm>
              <ccts:RepresentationTerm>Indicator</ccts:RepresentationTerm>
              <ccts:DataType>Indicator. Type</ccts:DataType>
            </ccts:Component>
          </xsd:documentation>
        </xsd:annotation>
      </xsd:element>
      <xsd:element ref="cbc:UUID" minOccurs="0" maxOccurs="1">
        <xsd:annotation>
          <xsd:documentation>
            <ccts:Component>
              <ccts:ComponentType>BBIE</ccts:ComponentType>
              <ccts:DictionaryEntryName>Document Reference. UUID. Identifier</ccts:DictionaryEntryName>
              <ccts:Definition>A universally unique identifier for an instance of this ABIE.</ccts:Definition>
              <ccts:Cardinality>0..1</ccts:Cardinality>
              <ccts:ObjectClass>Document Reference</ccts:ObjectClass>
              <ccts:PropertyTerm>UUID</ccts:PropertyTerm>
              <ccts:RepresentationTerm>Identifier</ccts:RepresentationTerm>
              <ccts:DataType>Identifier. Type</ccts:DataType>
            </ccts:Component>
          </xsd:documentation>
        </xsd:annotation>
      </xsd:element>
      <xsd:element ref="cbc:IssueDate" minOccurs="0" maxOccurs="1">
        <xsd:annotation>
          <xsd:documentation>
            <ccts:Component>
              <ccts:ComponentType>BBIE</ccts:ComponentType>
              <ccts:DictionaryEntryName>Document Reference. Issue Date. Date</ccts:DictionaryEntryName>
              <ccts:Definition>The date, assigned by the sender of the referenced document, on which the referenced document was issued.</ccts:Definition>
              <ccts:Cardinality>0..1</ccts:Cardinality>
              <ccts:ObjectClass>Document Reference</ccts:ObjectClass>
              <ccts:PropertyTerm>Issue Date</ccts:PropertyTerm>
              <ccts:RepresentationTerm>Date</ccts:RepresentationTerm>
              <ccts:DataType>Date. Type</ccts:DataType>
            </ccts:Component>
          </xsd:documentation>
        </xsd:annotation>
      </xsd:element>
      <xsd:element ref="cbc:DocumentTypeCode" minOccurs="0" maxOccurs="1">
        <xsd:annotation>
          <xsd:documentation>
            <ccts:Component>
              <ccts:ComponentType>BBIE</ccts:ComponentType>
              <ccts:DictionaryEntryName>Document Reference. Document Type Code. Code</ccts:DictionaryEntryName>
              <ccts:Definition>The document type, expressed as a code.</ccts:Definition>
              <ccts:Cardinality>0..1</ccts:Cardinality>
              <ccts:ObjectClass>Document Reference</ccts:ObjectClass>
              <ccts:PropertyTerm>Document Type Code</ccts:PropertyTerm>
              <ccts:RepresentationTerm>Code</ccts:RepresentationTerm>
              <ccts:DataType>Code. Type</ccts:DataType>
            </ccts:Component>
          </xsd:documentation>
        </xsd:annotation>
      </xsd:element>
      <xsd:element ref="cbc:DocumentType" minOccurs="0" maxOccurs="1">
        <xsd:annotation>
          <xsd:documentation>
            <ccts:Component>
              <ccts:ComponentType>BBIE</ccts:ComponentType>
              <ccts:DictionaryEntryName>Document Reference. Document Type. Text</ccts:DictionaryEntryName>
              <ccts:Definition>The document type, expressed as text.</ccts:Definition>
              <ccts:Cardinality>0..1</ccts:Cardinality>
              <ccts:ObjectClass>Document Reference</ccts:ObjectClass>
              <ccts:PropertyTerm>Document Type</ccts:PropertyTerm>
              <ccts:RepresentationTerm>Text</ccts:RepresentationTerm>
              <ccts:DataType>Text. Type</ccts:DataType>
            </ccts:Component>
          </xsd:documentation>
        </xsd:annotation>
      </xsd:element>
      <xsd:element ref="cbc:XPath" minOccurs="0" maxOccurs="unbounded">
        <xsd:annotation>
          <xsd:documentation>
            <ccts:Component>
              <ccts:ComponentType>BBIE</ccts:ComponentType>
              <ccts:DictionaryEntryName>Document Reference. XPath. Text</ccts:DictionaryEntryName>
              <ccts:Definition>Refers to another part of the same document instance.</ccts:Definition>
              <ccts:Cardinality>0..n</ccts:Cardinality>
              <ccts:ObjectClass>Document Reference</ccts:ObjectClass>
              <ccts:PropertyTerm>XPath</ccts:PropertyTerm>
              <ccts:RepresentationTerm>Text</ccts:RepresentationTerm>
              <ccts:DataType>Text. Type</ccts:DataType>
            </ccts:Component>
          </xsd:documentation>
        </xsd:annotation>
      </xsd:element>
      <xsd:element ref="Attachment" minOccurs="0" maxOccurs="1">
        <xsd:annotation>
          <xsd:documentation>
            <ccts:Component>
              <ccts:ComponentType>ASBIE</ccts:ComponentType>
              <ccts:DictionaryEntryName>Document Reference. Attachment</ccts:DictionaryEntryName>
              <ccts:Definition>An attached document, externally referred to, referred to in the MIME location, or embedded.</ccts:Definition>
              <ccts:Cardinality>0..1</ccts:Cardinality>
              <ccts:ObjectClass>Document Reference</ccts:ObjectClass>
              <ccts:PropertyTerm>Attachment</ccts:PropertyTerm>
              <ccts:AssociatedObjectClass>Attachment</ccts:AssociatedObjectClass>
            </ccts:Component>
          </xsd:documentation>
        </xsd:annotation>
      </xsd:element>
    </xsd:sequence>
  </xsd:complexType>
  <xsd:complexType name="DocumentResponseType">
    <xsd:annotation>
      <xsd:documentation>
        <ccts:Component>
          <ccts:ComponentType>ABIE</ccts:ComponentType>
          <ccts:DictionaryEntryName>Document Response. Details</ccts:DictionaryEntryName>
          <ccts:Definition>Information about responses to a document (at the application level).</ccts:Definition>
          <ccts:ObjectClass>Document Response</ccts:ObjectClass>
        </ccts:Component>
      </xsd:documentation>
    </xsd:annotation>
    <xsd:sequence>
      <xsd:element ref="Response" minOccurs="1" maxOccurs="1">
        <xsd:annotation>
          <xsd:documentation>
            <ccts:Component>
              <ccts:ComponentType>ASBIE</ccts:ComponentType>
              <ccts:DictionaryEntryName>Document Response. Response</ccts:DictionaryEntryName>
              <ccts:Definition>The response to the document.</ccts:Definition>
              <ccts:Cardinality>1</ccts:Cardinality>
              <ccts:ObjectClass>Document Response</ccts:ObjectClass>
              <ccts:PropertyTerm>Response</ccts:PropertyTerm>
              <ccts:AssociatedObjectClass>Response</ccts:AssociatedObjectClass>
            </ccts:Component>
          </xsd:documentation>
        </xsd:annotation>
      </xsd:element>
      <xsd:element ref="DocumentReference" minOccurs="1" maxOccurs="1">
        <xsd:annotation>
          <xsd:documentation>
            <ccts:Component>
              <ccts:ComponentType>ASBIE</ccts:ComponentType>
              <ccts:DictionaryEntryName>Document Response. Document Reference</ccts:DictionaryEntryName>
              <ccts:Definition>An association to Document Reference.</ccts:Definition>
              <ccts:Cardinality>1</ccts:Cardinality>
              <ccts:ObjectClass>Document Response</ccts:ObjectClass>
              <ccts:PropertyTerm>Document Reference</ccts:PropertyTerm>
              <ccts:AssociatedObjectClass>Document Reference</ccts:AssociatedObjectClass>
            </ccts:Component>
          </xsd:documentation>
        </xsd:annotation>
      </xsd:element>
      <xsd:element ref="IssuerParty" minOccurs="0" maxOccurs="1">
        <xsd:annotation>
          <xsd:documentation>
            <ccts:Component>
              <ccts:ComponentType>ASBIE</ccts:ComponentType>
              <ccts:DictionaryEntryName>Document Response. Issuer_ Party. Party</ccts:DictionaryEntryName>
              <ccts:Definition>The party who issued a document.</ccts:Definition>
              <ccts:Cardinality>0..1</ccts:Cardinality>
              <ccts:ObjectClass>Document Response</ccts:ObjectClass>
              <ccts:PropertyTermQualifier>Issuer</ccts:PropertyTermQualifier>
              <ccts:PropertyTerm>Party</ccts:PropertyTerm>
              <ccts:AssociatedObjectClass>Party</ccts:AssociatedObjectClass>
            </ccts:Component>
          </xsd:documentation>
        </xsd:annotation>
      </xsd:element>
      <xsd:element ref="RecipientParty" minOccurs="0" maxOccurs="1">
        <xsd:annotation>
          <xsd:documentation>
            <ccts:Component>
              <ccts:ComponentType>ASBIE</ccts:ComponentType>
              <ccts:DictionaryEntryName>Document Response. Recipient_ Party. Party</ccts:DictionaryEntryName>
              <ccts:Definition>The party for whom the document is intended.</ccts:Definition>
              <ccts:Cardinality>0..1</ccts:Cardinality>
              <ccts:ObjectClass>Document Response</ccts:ObjectClass>
              <ccts:PropertyTermQualifier>Recipient</ccts:PropertyTermQualifier>
              <ccts:PropertyTerm>Party</ccts:PropertyTerm>
              <ccts:AssociatedObjectClass>Party</ccts:AssociatedObjectClass>
            </ccts:Component>
          </xsd:documentation>
        </xsd:annotation>
      </xsd:element>
      <xsd:element ref="LineResponse" minOccurs="0" maxOccurs="unbounded">
        <xsd:annotation>
          <xsd:documentation>
            <ccts:Component>
              <ccts:ComponentType>ASBIE</ccts:ComponentType>
              <ccts:DictionaryEntryName>Document Response. Line Response</ccts:DictionaryEntryName>
              <ccts:Definition>Response to various lines in the document.</ccts:Definition>
              <ccts:Cardinality>0..n</ccts:Cardinality>
              <ccts:ObjectClass>Document Response</ccts:ObjectClass>
              <ccts:PropertyTerm>Line Response</ccts:PropertyTerm>
              <ccts:AssociatedObjectClass>Line Response</ccts:AssociatedObjectClass>
            </ccts:Component>
          </xsd:documentation>
        </xsd:annotation>
      </xsd:element>
    </xsd:sequence>
  </xsd:complexType>
  <xsd:complexType name="EndorsementType">
    <xsd:annotation>
      <xsd:documentation>
        <ccts:Component>
          <ccts:ComponentType>ABIE</ccts:ComponentType>
          <ccts:DictionaryEntryName>Endorsement. Details</ccts:DictionaryEntryName>
          <ccts:Definition>Details of an endorsement on the document.</ccts:Definition>
          <ccts:ObjectClass>Endorsement</ccts:ObjectClass>
        </ccts:Component>
      </xsd:documentation>
    </xsd:annotation>
    <xsd:sequence>
      <xsd:element ref="cbc:DocumentID" minOccurs="1" maxOccurs="1">
        <xsd:annotation>
          <xsd:documentation>
            <ccts:Component>
              <ccts:ComponentType>BBIE</ccts:ComponentType>
              <ccts:DictionaryEntryName>Endorsement. Document. Identifier</ccts:DictionaryEntryName>
              <ccts:Definition>Identifies the endorsement.</ccts:Definition>
              <ccts:Cardinality>1</ccts:Cardinality>
              <ccts:ObjectClass>Endorsement</ccts:ObjectClass>
              <ccts:PropertyTerm>Document</ccts:PropertyTerm>
              <ccts:RepresentationTerm>Identifier</ccts:RepresentationTerm>
              <ccts:DataType>Identifier. Type</ccts:DataType>
            </ccts:Component>
          </xsd:documentation>
        </xsd:annotation>
      </xsd:element>
      <xsd:element ref="cbc:ApprovalStatus" minOccurs="1" maxOccurs="1">
        <xsd:annotation>
          <xsd:documentation>
            <ccts:Component>
              <ccts:ComponentType>BBIE</ccts:ComponentType>
              <ccts:DictionaryEntryName>Endorsement. Approval Status. Text</ccts:DictionaryEntryName>
              <ccts:Definition>Specifies the status of the endorsement.</ccts:Definition>
              <ccts:Cardinality>1</ccts:Cardinality>
              <ccts:ObjectClass>Endorsement</ccts:ObjectClass>
              <ccts:PropertyTerm>Approval Status</ccts:PropertyTerm>
              <ccts:RepresentationTerm>Text</ccts:RepresentationTerm>
              <ccts:DataType>Text. Type</ccts:DataType>
              <ccts:AlternativeBusinessTerms>Authentication Code</ccts:AlternativeBusinessTerms>
            </ccts:Component>
          </xsd:documentation>
        </xsd:annotation>
      </xsd:element>
      <xsd:element ref="cbc:Remarks" minOccurs="0" maxOccurs="unbounded">
        <xsd:annotation>
          <xsd:documentation>
            <ccts:Component>
              <ccts:ComponentType>BBIE</ccts:ComponentType>
              <ccts:DictionaryEntryName>Endorsement. Remarks. Text</ccts:DictionaryEntryName>
              <ccts:Definition>Remarks by the endorsing party.</ccts:Definition>
              <ccts:Cardinality>0..n</ccts:Cardinality>
              <ccts:ObjectClass>Endorsement</ccts:ObjectClass>
              <ccts:PropertyTerm>Remarks</ccts:PropertyTerm>
              <ccts:RepresentationTerm>Text</ccts:RepresentationTerm>
              <ccts:DataType>Text. Type</ccts:DataType>
            </ccts:Component>
          </xsd:documentation>
        </xsd:annotation>
      </xsd:element>
      <xsd:element ref="EndorserParty" minOccurs="1" maxOccurs="1">
        <xsd:annotation>
          <xsd:documentation>
            <ccts:Component>
              <ccts:ComponentType>ASBIE</ccts:ComponentType>
              <ccts:DictionaryEntryName>Endorsement. Endorser Party</ccts:DictionaryEntryName>
              <ccts:Definition>The type of party providing the endorsement.</ccts:Definition>
              <ccts:Cardinality>1</ccts:Cardinality>
              <ccts:ObjectClass>Endorsement</ccts:ObjectClass>
              <ccts:PropertyTerm>Endorser Party</ccts:PropertyTerm>
              <ccts:AssociatedObjectClass>Endorser Party</ccts:AssociatedObjectClass>
            </ccts:Component>
          </xsd:documentation>
        </xsd:annotation>
      </xsd:element>
      <xsd:element ref="Signature" minOccurs="0" maxOccurs="unbounded">
        <xsd:annotation>
          <xsd:documentation>
            <ccts:Component>
              <ccts:ComponentType>ASBIE</ccts:ComponentType>
              <ccts:DictionaryEntryName>Endorsement. Signature</ccts:DictionaryEntryName>
              <ccts:Definition>One or more signatures applied to the endorsement.</ccts:Definition>
              <ccts:Cardinality>0..n</ccts:Cardinality>
              <ccts:ObjectClass>Endorsement</ccts:ObjectClass>
              <ccts:PropertyTerm>Signature</ccts:PropertyTerm>
              <ccts:AssociatedObjectClass>Signature</ccts:AssociatedObjectClass>
            </ccts:Component>
          </xsd:documentation>
        </xsd:annotation>
      </xsd:element>
    </xsd:sequence>
  </xsd:complexType>
  <xsd:complexType name="EndorserPartyType">
    <xsd:annotation>
      <xsd:documentation>
        <ccts:Component>
          <ccts:ComponentType>ABIE</ccts:ComponentType>
          <ccts:DictionaryEntryName>Endorser Party. Details</ccts:DictionaryEntryName>
          <ccts:Definition>The party endorsing a document.</ccts:Definition>
          <ccts:ObjectClass>Endorser Party</ccts:ObjectClass>
        </ccts:Component>
      </xsd:documentation>
    </xsd:annotation>
    <xsd:sequence>
      <xsd:element ref="cbc:RoleCode" minOccurs="1" maxOccurs="1">
        <xsd:annotation>
          <xsd:documentation>
            <ccts:Component>
              <ccts:ComponentType>BBIE</ccts:ComponentType>
              <ccts:DictionaryEntryName>Endorser Party. Role Code. Code</ccts:DictionaryEntryName>
              <ccts:Definition>The role of the party providing the endorsement, e.g., Issuer, Embassy, Insurance, etc.</ccts:Definition>
              <ccts:Cardinality>1</ccts:Cardinality>
              <ccts:ObjectClass>Endorser Party</ccts:ObjectClass>
              <ccts:PropertyTerm>Role Code</ccts:PropertyTerm>
              <ccts:RepresentationTerm>Code</ccts:RepresentationTerm>
              <ccts:DataType>Code. Type</ccts:DataType>
            </ccts:Component>
          </xsd:documentation>
        </xsd:annotation>
      </xsd:element>
      <xsd:element ref="cbc:SequenceNumeric" minOccurs="1" maxOccurs="1">
        <xsd:annotation>
          <xsd:documentation>
            <ccts:Component>
              <ccts:ComponentType>BBIE</ccts:ComponentType>
              <ccts:DictionaryEntryName>Endorser Party. Sequence. Numeric</ccts:DictionaryEntryName>
              <ccts:Definition>The sequence in which the endorsements are to be applied.</ccts:Definition>
              <ccts:Cardinality>1</ccts:Cardinality>
              <ccts:ObjectClass>Endorser Party</ccts:ObjectClass>
              <ccts:PropertyTerm>Sequence</ccts:PropertyTerm>
              <ccts:RepresentationTerm>Numeric</ccts:RepresentationTerm>
              <ccts:DataType>Numeric. Type</ccts:DataType>
            </ccts:Component>
          </xsd:documentation>
        </xsd:annotation>
      </xsd:element>
      <xsd:element ref="Party" minOccurs="1" maxOccurs="1">
        <xsd:annotation>
          <xsd:documentation>
            <ccts:Component>
              <ccts:ComponentType>ASBIE</ccts:ComponentType>
              <ccts:DictionaryEntryName>Endorser Party. Party</ccts:DictionaryEntryName>
              <ccts:Definition>Details of the party endorsing the application.</ccts:Definition>
              <ccts:Cardinality>1</ccts:Cardinality>
              <ccts:ObjectClass>Endorser Party</ccts:ObjectClass>
              <ccts:PropertyTerm>Party</ccts:PropertyTerm>
              <ccts:AssociatedObjectClass>Party</ccts:AssociatedObjectClass>
            </ccts:Component>
          </xsd:documentation>
        </xsd:annotation>
      </xsd:element>
      <xsd:element ref="SignatoryContact" minOccurs="1" maxOccurs="1">
        <xsd:annotation>
          <xsd:documentation>
            <ccts:Component>
              <ccts:ComponentType>ASBIE</ccts:ComponentType>
              <ccts:DictionaryEntryName>Endorser Party. Signatory_ Contact. Contact</ccts:DictionaryEntryName>
              <ccts:Definition>Details of the individual representing the exporter who signs the Certificate of Origin application before submitting it to the Issuer Party.</ccts:Definition>
              <ccts:Cardinality>1</ccts:Cardinality>
              <ccts:ObjectClass>Endorser Party</ccts:ObjectClass>
              <ccts:PropertyTermQualifier>Signatory</ccts:PropertyTermQualifier>
              <ccts:PropertyTerm>Contact</ccts:PropertyTerm>
              <ccts:AssociatedObjectClass>Contact</ccts:AssociatedObjectClass>
            </ccts:Component>
          </xsd:documentation>
        </xsd:annotation>
      </xsd:element>
    </xsd:sequence>
  </xsd:complexType>
  <xsd:complexType name="ExchangeRateType">
    <xsd:annotation>
      <xsd:documentation>
        <ccts:Component>
          <ccts:ComponentType>ABIE</ccts:ComponentType>
          <ccts:DictionaryEntryName>Exchange Rate. Details</ccts:DictionaryEntryName>
          <ccts:Definition>Information about Exchange Rate.</ccts:Definition>
          <ccts:ObjectClass>Exchange Rate</ccts:ObjectClass>
        </ccts:Component>
      </xsd:documentation>
    </xsd:annotation>
    <xsd:sequence>
      <xsd:element ref="cbc:SourceCurrencyCode" minOccurs="1" maxOccurs="1">
        <xsd:annotation>
          <xsd:documentation>
            <ccts:Component>
              <ccts:ComponentType>BBIE</ccts:ComponentType>
              <ccts:DictionaryEntryName>Exchange Rate. Source_ Currency Code. Code</ccts:DictionaryEntryName>
              <ccts:Definition>The reference currency for the Exchange Rate; the currency from which the exchange is being made (CC Definition).</ccts:Definition>
              <ccts:Cardinality>1</ccts:Cardinality>
              <ccts:ObjectClass>Exchange Rate</ccts:ObjectClass>
              <ccts:PropertyTermQualifier>Source</ccts:PropertyTermQualifier>
              <ccts:PropertyTerm>Currency Code</ccts:PropertyTerm>
              <ccts:RepresentationTerm>Code</ccts:RepresentationTerm>
              <ccts:DataType>Currency_ Code. Type</ccts:DataType>
            </ccts:Component>
          </xsd:documentation>
        </xsd:annotation>
      </xsd:element>
      <xsd:element ref="cbc:SourceCurrencyBaseRate" minOccurs="0" maxOccurs="1">
        <xsd:annotation>
          <xsd:documentation>
            <ccts:Component>
              <ccts:ComponentType>BBIE</ccts:ComponentType>
              <ccts:DictionaryEntryName>Exchange Rate. Source_ Currency Base Rate. Rate</ccts:DictionaryEntryName>
              <ccts:Definition>The unit base of the source currency for currencies with small denominations.</ccts:Definition>
              <ccts:Cardinality>0..1</ccts:Cardinality>
              <ccts:ObjectClass>Exchange Rate</ccts:ObjectClass>
              <ccts:PropertyTermQualifier>Source</ccts:PropertyTermQualifier>
              <ccts:PropertyTerm>Currency Base Rate</ccts:PropertyTerm>
              <ccts:RepresentationTerm>Rate</ccts:RepresentationTerm>
              <ccts:DataType>Rate. Type</ccts:DataType>
            </ccts:Component>
          </xsd:documentation>
        </xsd:annotation>
      </xsd:element>
      <xsd:element ref="cbc:TargetCurrencyCode" minOccurs="1" maxOccurs="1">
        <xsd:annotation>
          <xsd:documentation>
            <ccts:Component>
              <ccts:ComponentType>BBIE</ccts:ComponentType>
              <ccts:DictionaryEntryName>Exchange Rate. Target_ Currency Code. Code</ccts:DictionaryEntryName>
              <ccts:Definition>The target currency for the Exchange Rate; the currency to which the exchange is being made (CC Definition).</ccts:Definition>
              <ccts:Cardinality>1</ccts:Cardinality>
              <ccts:ObjectClass>Exchange Rate</ccts:ObjectClass>
              <ccts:PropertyTermQualifier>Target</ccts:PropertyTermQualifier>
              <ccts:PropertyTerm>Currency Code</ccts:PropertyTerm>
              <ccts:RepresentationTerm>Code</ccts:RepresentationTerm>
              <ccts:DataType>Currency_ Code. Type</ccts:DataType>
            </ccts:Component>
          </xsd:documentation>
        </xsd:annotation>
      </xsd:element>
      <xsd:element ref="cbc:TargetCurrencyBaseRate" minOccurs="0" maxOccurs="1">
        <xsd:annotation>
          <xsd:documentation>
            <ccts:Component>
              <ccts:ComponentType>BBIE</ccts:ComponentType>
              <ccts:DictionaryEntryName>Exchange Rate. Target_ Currency Base Rate. Rate</ccts:DictionaryEntryName>
              <ccts:Definition>The unit base of the target currency for currencies with small denominations.</ccts:Definition>
              <ccts:Cardinality>0..1</ccts:Cardinality>
              <ccts:ObjectClass>Exchange Rate</ccts:ObjectClass>
              <ccts:PropertyTermQualifier>Target</ccts:PropertyTermQualifier>
              <ccts:PropertyTerm>Currency Base Rate</ccts:PropertyTerm>
              <ccts:RepresentationTerm>Rate</ccts:RepresentationTerm>
              <ccts:DataType>Rate. Type</ccts:DataType>
            </ccts:Component>
          </xsd:documentation>
        </xsd:annotation>
      </xsd:element>
      <xsd:element ref="cbc:ExchangeMarketID" minOccurs="0" maxOccurs="1">
        <xsd:annotation>
          <xsd:documentation>
            <ccts:Component>
              <ccts:ComponentType>BBIE</ccts:ComponentType>
              <ccts:DictionaryEntryName>Exchange Rate. Exchange Market Identifier. Identifier</ccts:DictionaryEntryName>
              <ccts:Definition>Identifies the currency exchange market used as the source of the Exchange Rate.</ccts:Definition>
              <ccts:Cardinality>0..1</ccts:Cardinality>
              <ccts:ObjectClass>Exchange Rate</ccts:ObjectClass>
              <ccts:PropertyTerm>Exchange Market Identifier</ccts:PropertyTerm>
              <ccts:RepresentationTerm>Identifier</ccts:RepresentationTerm>
              <ccts:DataType>Identifier. Type</ccts:DataType>
            </ccts:Component>
          </xsd:documentation>
        </xsd:annotation>
      </xsd:element>
      <xsd:element ref="cbc:CalculationRate" minOccurs="0" maxOccurs="1">
        <xsd:annotation>
          <xsd:documentation>
            <ccts:Component>
              <ccts:ComponentType>BBIE</ccts:ComponentType>
              <ccts:DictionaryEntryName>Exchange Rate. Calculation Rate. Rate</ccts:DictionaryEntryName>
              <ccts:Definition>The factor applied to the source currency to calculate the target currency.</ccts:Definition>
              <ccts:Cardinality>0..1</ccts:Cardinality>
              <ccts:ObjectClass>Exchange Rate</ccts:ObjectClass>
              <ccts:PropertyTerm>Calculation Rate</ccts:PropertyTerm>
              <ccts:RepresentationTerm>Rate</ccts:RepresentationTerm>
              <ccts:DataType>Rate. Type</ccts:DataType>
            </ccts:Component>
          </xsd:documentation>
        </xsd:annotation>
      </xsd:element>
      <xsd:element ref="cbc:MathematicOperatorCode" minOccurs="0" maxOccurs="1">
        <xsd:annotation>
          <xsd:documentation>
            <ccts:Component>
              <ccts:ComponentType>BBIE</ccts:ComponentType>
              <ccts:DictionaryEntryName>Exchange Rate. Mathematic Operator Code. Code</ccts:DictionaryEntryName>
              <ccts:Definition>An identifier for whether the Calculation Rate should be used to multiply or to divide, expressed as a code.</ccts:Definition>
              <ccts:Cardinality>0..1</ccts:Cardinality>
              <ccts:ObjectClass>Exchange Rate</ccts:ObjectClass>
              <ccts:PropertyTerm>Mathematic Operator Code</ccts:PropertyTerm>
              <ccts:RepresentationTerm>Code</ccts:RepresentationTerm>
              <ccts:DataType>Operator_ Code. Type</ccts:DataType>
            </ccts:Component>
          </xsd:documentation>
        </xsd:annotation>
      </xsd:element>
      <xsd:element ref="cbc:Date" minOccurs="0" maxOccurs="1">
        <xsd:annotation>
          <xsd:documentation>
            <ccts:Component>
              <ccts:ComponentType>BBIE</ccts:ComponentType>
              <ccts:DictionaryEntryName>Exchange Rate. Date</ccts:DictionaryEntryName>
              <ccts:Definition>The date of the Exchange.</ccts:Definition>
              <ccts:Cardinality>0..1</ccts:Cardinality>
              <ccts:ObjectClass>Exchange Rate</ccts:ObjectClass>
              <ccts:PropertyTerm>Date</ccts:PropertyTerm>
              <ccts:RepresentationTerm>Date</ccts:RepresentationTerm>
              <ccts:DataType>Date. Type</ccts:DataType>
            </ccts:Component>
          </xsd:documentation>
        </xsd:annotation>
      </xsd:element>
      <xsd:element ref="ForeignExchangeContract" minOccurs="0" maxOccurs="1">
        <xsd:annotation>
          <xsd:documentation>
            <ccts:Component>
              <ccts:ComponentType>ASBIE</ccts:ComponentType>
              <ccts:DictionaryEntryName>Exchange Rate. Foreign Exchange_ Contract. Contract</ccts:DictionaryEntryName>
              <ccts:Definition>An association to Foreign Exchange Contract.</ccts:Definition>
              <ccts:Cardinality>0..1</ccts:Cardinality>
              <ccts:ObjectClass>Exchange Rate</ccts:ObjectClass>
              <ccts:PropertyTermQualifier>Foreign Exchange</ccts:PropertyTermQualifier>
              <ccts:PropertyTerm>Contract</ccts:PropertyTerm>
              <ccts:AssociatedObjectClass>Contract</ccts:AssociatedObjectClass>
            </ccts:Component>
          </xsd:documentation>
        </xsd:annotation>
      </xsd:element>
    </xsd:sequence>
  </xsd:complexType>
  <xsd:complexType name="ExternalReferenceType">
    <xsd:annotation>
      <xsd:documentation>
        <ccts:Component>
          <ccts:ComponentType>ABIE</ccts:ComponentType>
          <ccts:DictionaryEntryName>External Reference. Details</ccts:DictionaryEntryName>
          <ccts:Definition>Information directly relating to an external reference i.e. a document stored at a remote location.</ccts:Definition>
          <ccts:ObjectClass>External Reference</ccts:ObjectClass>
        </ccts:Component>
      </xsd:documentation>
    </xsd:annotation>
    <xsd:sequence>
      <xsd:element ref="cbc:URI" minOccurs="0" maxOccurs="1">
        <xsd:annotation>
          <xsd:documentation>
            <ccts:Component>
              <ccts:ComponentType>BBIE</ccts:ComponentType>
              <ccts:DictionaryEntryName>External Reference. URI. Identifier</ccts:DictionaryEntryName>
              <ccts:Definition>The Uniform Resource Identifier (URI) that identifies where the external document is located.</ccts:Definition>
              <ccts:Cardinality>0..1</ccts:Cardinality>
              <ccts:ObjectClass>External Reference</ccts:ObjectClass>
              <ccts:PropertyTerm>URI</ccts:PropertyTerm>
              <ccts:RepresentationTerm>Identifier</ccts:RepresentationTerm>
              <ccts:DataType>Identifier. Type</ccts:DataType>
            </ccts:Component>
          </xsd:documentation>
        </xsd:annotation>
      </xsd:element>
      <xsd:element ref="cbc:DocumentHash" minOccurs="0" maxOccurs="1">
        <xsd:annotation>
          <xsd:documentation>
            <ccts:Component>
              <ccts:ComponentType>BBIE</ccts:ComponentType>
              <ccts:DictionaryEntryName>External Reference. Document Hash. Text</ccts:DictionaryEntryName>
              <ccts:Definition>Specifies the hash code for the externally stored document.</ccts:Definition>
              <ccts:Cardinality>0..1</ccts:Cardinality>
              <ccts:ObjectClass>External Reference</ccts:ObjectClass>
              <ccts:PropertyTerm>Document Hash</ccts:PropertyTerm>
              <ccts:RepresentationTerm>Text</ccts:RepresentationTerm>
              <ccts:DataType>Text. Type</ccts:DataType>
            </ccts:Component>
          </xsd:documentation>
        </xsd:annotation>
      </xsd:element>
      <xsd:element ref="cbc:ExpiryDate" minOccurs="0" maxOccurs="1">
        <xsd:annotation>
          <xsd:documentation>
            <ccts:Component>
              <ccts:ComponentType>BBIE</ccts:ComponentType>
              <ccts:DictionaryEntryName>External Reference. Expiry Date. Date</ccts:DictionaryEntryName>
              <ccts:Definition>The date on which the document can no longer be found on the URI.</ccts:Definition>
              <ccts:Cardinality>0..1</ccts:Cardinality>
              <ccts:ObjectClass>External Reference</ccts:ObjectClass>
              <ccts:PropertyTerm>Expiry Date</ccts:PropertyTerm>
              <ccts:RepresentationTerm>Date</ccts:RepresentationTerm>
              <ccts:DataType>Date. Type</ccts:DataType>
            </ccts:Component>
          </xsd:documentation>
        </xsd:annotation>
      </xsd:element>
      <xsd:element ref="cbc:ExpiryTime" minOccurs="0" maxOccurs="1">
        <xsd:annotation>
          <xsd:documentation>
            <ccts:Component>
              <ccts:ComponentType>BBIE</ccts:ComponentType>
              <ccts:DictionaryEntryName>External Reference. Expiry Time. Time</ccts:DictionaryEntryName>
              <ccts:Definition>The time on which the document can no longer be found on the URI.</ccts:Definition>
              <ccts:Cardinality>0..1</ccts:Cardinality>
              <ccts:ObjectClass>External Reference</ccts:ObjectClass>
              <ccts:PropertyTerm>Expiry Time</ccts:PropertyTerm>
              <ccts:RepresentationTerm>Time</ccts:RepresentationTerm>
              <ccts:DataType>Time. Type</ccts:DataType>
            </ccts:Component>
          </xsd:documentation>
        </xsd:annotation>
      </xsd:element>
    </xsd:sequence>
  </xsd:complexType>
  <xsd:complexType name="FinancialAccountType">
    <xsd:annotation>
      <xsd:documentation>
        <ccts:Component>
          <ccts:ComponentType>ABIE</ccts:ComponentType>
          <ccts:DictionaryEntryName>Financial Account. Details</ccts:DictionaryEntryName>
          <ccts:Definition>Information about a Financial Account.</ccts:Definition>
          <ccts:ObjectClass>Financial Account</ccts:ObjectClass>
        </ccts:Component>
      </xsd:documentation>
    </xsd:annotation>
    <xsd:sequence>
      <xsd:element ref="cbc:ID" minOccurs="0" maxOccurs="1">
        <xsd:annotation>
          <xsd:documentation>
            <ccts:Component>
              <ccts:ComponentType>BBIE</ccts:ComponentType>
              <ccts:DictionaryEntryName>Financial Account. Identifier</ccts:DictionaryEntryName>
              <ccts:Definition>The identifier for the Financial Account; the Bank Account Number.</ccts:Definition>
              <ccts:Cardinality>0..1</ccts:Cardinality>
              <ccts:ObjectClass>Financial Account</ccts:ObjectClass>
              <ccts:PropertyTerm>Identifier</ccts:PropertyTerm>
              <ccts:RepresentationTerm>Identifier</ccts:RepresentationTerm>
              <ccts:DataType>Identifier. Type</ccts:DataType>
              <ccts:Examples>SWIFT(BIC) and IBAN are defined in ISO 9362 and ISO 13616.</ccts:Examples>
            </ccts:Component>
          </xsd:documentation>
        </xsd:annotation>
      </xsd:element>
      <xsd:element ref="cbc:Name" minOccurs="0" maxOccurs="1">
        <xsd:annotation>
          <xsd:documentation>
            <ccts:Component>
              <ccts:ComponentType>BBIE</ccts:ComponentType>
              <ccts:DictionaryEntryName>Financial Account. Name</ccts:DictionaryEntryName>
              <ccts:Definition>The name of the Financial Account.</ccts:Definition>
              <ccts:Cardinality>0..1</ccts:Cardinality>
              <ccts:ObjectClass>Financial Account</ccts:ObjectClass>
              <ccts:PropertyTerm>Name</ccts:PropertyTerm>
              <ccts:RepresentationTerm>Name</ccts:RepresentationTerm>
              <ccts:DataType>Name. Type</ccts:DataType>
            </ccts:Component>
          </xsd:documentation>
        </xsd:annotation>
      </xsd:element>
      <xsd:element ref="cbc:AccountTypeCode" minOccurs="0" maxOccurs="1">
        <xsd:annotation>
          <xsd:documentation>
            <ccts:Component>
              <ccts:ComponentType>BBIE</ccts:ComponentType>
              <ccts:DictionaryEntryName>Financial Account. Account Type Code. Code</ccts:DictionaryEntryName>
              <ccts:Definition>The type of Financial Account, expressed as a code.</ccts:Definition>
              <ccts:Cardinality>0..1</ccts:Cardinality>
              <ccts:ObjectClass>Financial Account</ccts:ObjectClass>
              <ccts:PropertyTerm>Account Type Code</ccts:PropertyTerm>
              <ccts:RepresentationTerm>Code</ccts:RepresentationTerm>
              <ccts:DataType>Code. Type</ccts:DataType>
            </ccts:Component>
          </xsd:documentation>
        </xsd:annotation>
      </xsd:element>
      <xsd:element ref="cbc:CurrencyCode" minOccurs="0" maxOccurs="1">
        <xsd:annotation>
          <xsd:documentation>
            <ccts:Component>
              <ccts:ComponentType>BBIE</ccts:ComponentType>
              <ccts:DictionaryEntryName>Financial Account. Currency Code. Code</ccts:DictionaryEntryName>
              <ccts:Definition>The currency in which the Financial Account is held, expressed as a code.</ccts:Definition>
              <ccts:Cardinality>0..1</ccts:Cardinality>
              <ccts:ObjectClass>Financial Account</ccts:ObjectClass>
              <ccts:PropertyTerm>Currency Code</ccts:PropertyTerm>
              <ccts:RepresentationTerm>Code</ccts:RepresentationTerm>
              <ccts:DataType>Currency_ Code. Type</ccts:DataType>
            </ccts:Component>
          </xsd:documentation>
        </xsd:annotation>
      </xsd:element>
      <xsd:element ref="cbc:PaymentNote" minOccurs="0" maxOccurs="unbounded">
        <xsd:annotation>
          <xsd:documentation>
            <ccts:Component>
              <ccts:ComponentType>BBIE</ccts:ComponentType>
              <ccts:DictionaryEntryName>Financial Account. Payment_ Note. Text</ccts:DictionaryEntryName>
              <ccts:Definition>Free-form text applying to the Payment to the owner of this account.</ccts:Definition>
              <ccts:Cardinality>0..n</ccts:Cardinality>
              <ccts:ObjectClass>Financial Account</ccts:ObjectClass>
              <ccts:PropertyTermQualifier>Payment</ccts:PropertyTermQualifier>
              <ccts:PropertyTerm>Note</ccts:PropertyTerm>
              <ccts:RepresentationTerm>Text</ccts:RepresentationTerm>
              <ccts:DataType>Text. Type</ccts:DataType>
            </ccts:Component>
          </xsd:documentation>
        </xsd:annotation>
      </xsd:element>
      <xsd:element ref="FinancialInstitutionBranch" minOccurs="0" maxOccurs="1">
        <xsd:annotation>
          <xsd:documentation>
            <ccts:Component>
              <ccts:ComponentType>ASBIE</ccts:ComponentType>
              <ccts:DictionaryEntryName>Financial Account. Financial Institution_ Branch. Branch</ccts:DictionaryEntryName>
              <ccts:Definition>An association to Financial Institution Branch.</ccts:Definition>
              <ccts:Cardinality>0..1</ccts:Cardinality>
              <ccts:ObjectClass>Financial Account</ccts:ObjectClass>
              <ccts:PropertyTermQualifier>Financial Institution</ccts:PropertyTermQualifier>
              <ccts:PropertyTerm>Branch</ccts:PropertyTerm>
              <ccts:AssociatedObjectClass>Branch</ccts:AssociatedObjectClass>
            </ccts:Component>
          </xsd:documentation>
        </xsd:annotation>
      </xsd:element>
      <xsd:element ref="Country" minOccurs="0" maxOccurs="1">
        <xsd:annotation>
          <xsd:documentation>
            <ccts:Component>
              <ccts:ComponentType>ASBIE</ccts:ComponentType>
              <ccts:DictionaryEntryName>Financial Account. Country</ccts:DictionaryEntryName>
              <ccts:Definition>An association to Country.</ccts:Definition>
              <ccts:Cardinality>0..1</ccts:Cardinality>
              <ccts:ObjectClass>Financial Account</ccts:ObjectClass>
              <ccts:PropertyTerm>Country</ccts:PropertyTerm>
              <ccts:AssociatedObjectClass>Country</ccts:AssociatedObjectClass>
            </ccts:Component>
          </xsd:documentation>
        </xsd:annotation>
      </xsd:element>
    </xsd:sequence>
  </xsd:complexType>
  <xsd:complexType name="FinancialInstitutionType">
    <xsd:annotation>
      <xsd:documentation>
        <ccts:Component>
          <ccts:ComponentType>ABIE</ccts:ComponentType>
          <ccts:DictionaryEntryName>Financial Institution. Details</ccts:DictionaryEntryName>
          <ccts:Definition>Information about a Financial Institution.</ccts:Definition>
          <ccts:ObjectClass>Financial Institution</ccts:ObjectClass>
        </ccts:Component>
      </xsd:documentation>
    </xsd:annotation>
    <xsd:sequence>
      <xsd:element ref="cbc:ID" minOccurs="0" maxOccurs="1">
        <xsd:annotation>
          <xsd:documentation>
            <ccts:Component>
              <ccts:ComponentType>BBIE</ccts:ComponentType>
              <ccts:DictionaryEntryName>Financial Institution. Identifier</ccts:DictionaryEntryName>
              <ccts:Definition>The identifier for the Financial Institution expressed as a code; ISO 9362 BIC (Bank Identification Code) is recommended.</ccts:Definition>
              <ccts:Cardinality>0..1</ccts:Cardinality>
              <ccts:ObjectClass>Financial Institution</ccts:ObjectClass>
              <ccts:PropertyTerm>Identifier</ccts:PropertyTerm>
              <ccts:RepresentationTerm>Identifier</ccts:RepresentationTerm>
              <ccts:DataType>Identifier. Type</ccts:DataType>
            </ccts:Component>
          </xsd:documentation>
        </xsd:annotation>
      </xsd:element>
      <xsd:element ref="cbc:Name" minOccurs="0" maxOccurs="1">
        <xsd:annotation>
          <xsd:documentation>
            <ccts:Component>
              <ccts:ComponentType>BBIE</ccts:ComponentType>
              <ccts:DictionaryEntryName>Financial Institution. Name</ccts:DictionaryEntryName>
              <ccts:Definition>The name of the Financial Institution.</ccts:Definition>
              <ccts:Cardinality>0..1</ccts:Cardinality>
              <ccts:ObjectClass>Financial Institution</ccts:ObjectClass>
              <ccts:PropertyTerm>Name</ccts:PropertyTerm>
              <ccts:RepresentationTerm>Name</ccts:RepresentationTerm>
              <ccts:DataType>Name. Type</ccts:DataType>
            </ccts:Component>
          </xsd:documentation>
        </xsd:annotation>
      </xsd:element>
      <xsd:element ref="Address" minOccurs="0" maxOccurs="1">
        <xsd:annotation>
          <xsd:documentation>
            <ccts:Component>
              <ccts:ComponentType>ASBIE</ccts:ComponentType>
              <ccts:DictionaryEntryName>Financial Institution. Address</ccts:DictionaryEntryName>
              <ccts:Definition>An association to Address.</ccts:Definition>
              <ccts:Cardinality>0..1</ccts:Cardinality>
              <ccts:ObjectClass>Financial Institution</ccts:ObjectClass>
              <ccts:PropertyTerm>Address</ccts:PropertyTerm>
              <ccts:AssociatedObjectClass>Address</ccts:AssociatedObjectClass>
            </ccts:Component>
          </xsd:documentation>
        </xsd:annotation>
      </xsd:element>
    </xsd:sequence>
  </xsd:complexType>
  <xsd:complexType name="GoodsItemType">
    <xsd:annotation>
      <xsd:documentation>
        <ccts:Component>
          <ccts:ComponentType>ABIE</ccts:ComponentType>
          <ccts:DictionaryEntryName>Goods Item. Details</ccts:DictionaryEntryName>
          <ccts:Definition>A separately identifiable quantity of products of a single product type.</ccts:Definition>
          <ccts:ObjectClass>Goods Item</ccts:ObjectClass>
        </ccts:Component>
      </xsd:documentation>
    </xsd:annotation>
    <xsd:sequence>
      <xsd:element ref="cbc:ID" minOccurs="1" maxOccurs="1">
        <xsd:annotation>
          <xsd:documentation>
            <ccts:Component>
              <ccts:ComponentType>BBIE</ccts:ComponentType>
              <ccts:DictionaryEntryName>Goods Item. Identifier</ccts:DictionaryEntryName>
              <ccts:Definition>An identifier for the goods item.</ccts:Definition>
              <ccts:Cardinality>1</ccts:Cardinality>
              <ccts:ObjectClass>Goods Item</ccts:ObjectClass>
              <ccts:PropertyTerm>Identifier</ccts:PropertyTerm>
              <ccts:RepresentationTerm>Identifier</ccts:RepresentationTerm>
              <ccts:DataType>Identifier. Type</ccts:DataType>
            </ccts:Component>
          </xsd:documentation>
        </xsd:annotation>
      </xsd:element>
      <xsd:element ref="cbc:SequenceNumberID" minOccurs="0" maxOccurs="1">
        <xsd:annotation>
          <xsd:documentation>
            <ccts:Component>
              <ccts:ComponentType>BBIE</ccts:ComponentType>
              <ccts:DictionaryEntryName>Goods Item. Sequence Number. Identifier</ccts:DictionaryEntryName>
              <ccts:Definition>Sequence number differentiating a specific goods item within a consignment.</ccts:Definition>
              <ccts:Cardinality>0..1</ccts:Cardinality>
              <ccts:ObjectClass>Goods Item</ccts:ObjectClass>
              <ccts:PropertyTerm>Sequence Number</ccts:PropertyTerm>
              <ccts:RepresentationTerm>Identifier</ccts:RepresentationTerm>
              <ccts:DataType>Identifier. Type</ccts:DataType>
              <ccts:AlternativeBusinessTerms>Customs item number (WCO ID 021), Sequence Position</ccts:AlternativeBusinessTerms>
            </ccts:Component>
          </xsd:documentation>
        </xsd:annotation>
      </xsd:element>
      <xsd:element ref="cbc:Description" minOccurs="0" maxOccurs="unbounded">
        <xsd:annotation>
          <xsd:documentation>
            <ccts:Component>
              <ccts:ComponentType>BBIE</ccts:ComponentType>
              <ccts:DictionaryEntryName>Goods Item. Description. Text</ccts:DictionaryEntryName>
              <ccts:Definition>Plain language description of a goods item sufficient to identify it for customs, statistical, or transport purposes.</ccts:Definition>
              <ccts:Cardinality>0..n</ccts:Cardinality>
              <ccts:ObjectClass>Goods Item</ccts:ObjectClass>
              <ccts:PropertyTerm>Description</ccts:PropertyTerm>
              <ccts:RepresentationTerm>Text</ccts:RepresentationTerm>
              <ccts:DataType>Text. Type</ccts:DataType>
              <ccts:AlternativeBusinessTerms>Description of goods (WCO ID 137)</ccts:AlternativeBusinessTerms>
            </ccts:Component>
          </xsd:documentation>
        </xsd:annotation>
      </xsd:element>
      <xsd:element ref="cbc:HazardousRiskIndicator" minOccurs="0" maxOccurs="1">
        <xsd:annotation>
          <xsd:documentation>
            <ccts:Component>
              <ccts:ComponentType>BBIE</ccts:ComponentType>
              <ccts:DictionaryEntryName>Goods Item. Hazardous Risk_ Indicator. Indicator</ccts:DictionaryEntryName>
              <ccts:Definition>Indicates whether the goods item includes hazardous items (dangerous goods).</ccts:Definition>
              <ccts:Cardinality>0..1</ccts:Cardinality>
              <ccts:ObjectClass>Goods Item</ccts:ObjectClass>
              <ccts:PropertyTermQualifier>Hazardous Risk</ccts:PropertyTermQualifier>
              <ccts:PropertyTerm>Indicator</ccts:PropertyTerm>
              <ccts:RepresentationTerm>Indicator</ccts:RepresentationTerm>
              <ccts:DataType>Indicator. Type</ccts:DataType>
              <ccts:Examples>default is negative</ccts:Examples>
            </ccts:Component>
          </xsd:documentation>
        </xsd:annotation>
      </xsd:element>
      <xsd:element ref="cbc:DeclaredCustomsValueAmount" minOccurs="0" maxOccurs="1">
        <xsd:annotation>
          <xsd:documentation>
            <ccts:Component>
              <ccts:ComponentType>BBIE</ccts:ComponentType>
              <ccts:DictionaryEntryName>Goods Item. Declared Customs_ Value. Amount</ccts:DictionaryEntryName>
              <ccts:Definition>Amount declared for Customs purposes of those goods in a consignment which are subject to the same Customs procedure and have the same tariff/statistical heading, country information, and duty regime.</ccts:Definition>
              <ccts:Cardinality>0..1</ccts:Cardinality>
              <ccts:ObjectClass>Goods Item</ccts:ObjectClass>
              <ccts:PropertyTermQualifier>Declared Customs</ccts:PropertyTermQualifier>
              <ccts:PropertyTerm>Value</ccts:PropertyTerm>
              <ccts:RepresentationTerm>Amount</ccts:RepresentationTerm>
              <ccts:DataType>Amount. Type</ccts:DataType>
              <ccts:AlternativeBusinessTerms>For Customs Value (WCO ID 108)</ccts:AlternativeBusinessTerms>
            </ccts:Component>
          </xsd:documentation>
        </xsd:annotation>
      </xsd:element>
      <xsd:element ref="cbc:DeclaredForCarriageValueAmount" minOccurs="0" maxOccurs="1">
        <xsd:annotation>
          <xsd:documentation>
            <ccts:Component>
              <ccts:ComponentType>BBIE</ccts:ComponentType>
              <ccts:DictionaryEntryName>Goods Item. Declared For Carriage_ Value. Amount</ccts:DictionaryEntryName>
              <ccts:Definition>Value declared by the shipper or his agent solely for the purpose of varying the carrier's level of liability from that provided in the contract of carriage in case of loss or damage to goods or delayed delivery.</ccts:Definition>
              <ccts:Cardinality>0..1</ccts:Cardinality>
              <ccts:ObjectClass>Goods Item</ccts:ObjectClass>
              <ccts:PropertyTermQualifier>Declared For Carriage</ccts:PropertyTermQualifier>
              <ccts:PropertyTerm>Value</ccts:PropertyTerm>
              <ccts:RepresentationTerm>Amount</ccts:RepresentationTerm>
              <ccts:DataType>Amount. Type</ccts:DataType>
              <ccts:AlternativeBusinessTerms>Interest in delivery, declared value for carriage</ccts:AlternativeBusinessTerms>
            </ccts:Component>
          </xsd:documentation>
        </xsd:annotation>
      </xsd:element>
      <xsd:element ref="cbc:DeclaredStatisticsValueAmount" minOccurs="0" maxOccurs="1">
        <xsd:annotation>
          <xsd:documentation>
            <ccts:Component>
              <ccts:ComponentType>BBIE</ccts:ComponentType>
              <ccts:DictionaryEntryName>Goods Item. Declared Statistics_ Value. Amount</ccts:DictionaryEntryName>
              <ccts:Definition>Value declared for statistical purposes of those goods in a consignment which have the same statistical heading.</ccts:Definition>
              <ccts:Cardinality>0..1</ccts:Cardinality>
              <ccts:ObjectClass>Goods Item</ccts:ObjectClass>
              <ccts:PropertyTermQualifier>Declared Statistics</ccts:PropertyTermQualifier>
              <ccts:PropertyTerm>Value</ccts:PropertyTerm>
              <ccts:RepresentationTerm>Amount</ccts:RepresentationTerm>
              <ccts:DataType>Amount. Type</ccts:DataType>
              <ccts:AlternativeBusinessTerms>Statistical Value (WCO ID 114)</ccts:AlternativeBusinessTerms>
            </ccts:Component>
          </xsd:documentation>
        </xsd:annotation>
      </xsd:element>
      <xsd:element ref="cbc:FreeOnBoardValueAmount" minOccurs="0" maxOccurs="1">
        <xsd:annotation>
          <xsd:documentation>
            <ccts:Component>
              <ccts:ComponentType>BBIE</ccts:ComponentType>
              <ccts:DictionaryEntryName>Goods Item. Free On Board_ Value. Amount</ccts:DictionaryEntryName>
              <ccts:Definition>Monetary amount that has to be or has been paid as calculated under the applicable trade delivery.</ccts:Definition>
              <ccts:Cardinality>0..1</ccts:Cardinality>
              <ccts:ObjectClass>Goods Item</ccts:ObjectClass>
              <ccts:PropertyTermQualifier>Free On Board</ccts:PropertyTermQualifier>
              <ccts:PropertyTerm>Value</ccts:PropertyTerm>
              <ccts:RepresentationTerm>Amount</ccts:RepresentationTerm>
              <ccts:DataType>Amount. Type</ccts:DataType>
              <ccts:AlternativeBusinessTerms>FOB Value</ccts:AlternativeBusinessTerms>
            </ccts:Component>
          </xsd:documentation>
        </xsd:annotation>
      </xsd:element>
      <xsd:element ref="cbc:InsuranceValueAmount" minOccurs="0" maxOccurs="1">
        <xsd:annotation>
          <xsd:documentation>
            <ccts:Component>
              <ccts:ComponentType>BBIE</ccts:ComponentType>
              <ccts:DictionaryEntryName>Goods Item. Insurance_ Value. Amount</ccts:DictionaryEntryName>
              <ccts:Definition>The amount covered by an insurance for a particular goods item.</ccts:Definition>
              <ccts:Cardinality>0..1</ccts:Cardinality>
              <ccts:ObjectClass>Goods Item</ccts:ObjectClass>
              <ccts:PropertyTermQualifier>Insurance</ccts:PropertyTermQualifier>
              <ccts:PropertyTerm>Value</ccts:PropertyTerm>
              <ccts:RepresentationTerm>Amount</ccts:RepresentationTerm>
              <ccts:DataType>Amount. Type</ccts:DataType>
              <ccts:AlternativeBusinessTerms>Value Insured</ccts:AlternativeBusinessTerms>
            </ccts:Component>
          </xsd:documentation>
        </xsd:annotation>
      </xsd:element>
      <xsd:element ref="cbc:ValueAmount" minOccurs="0" maxOccurs="1">
        <xsd:annotation>
          <xsd:documentation>
            <ccts:Component>
              <ccts:ComponentType>BBIE</ccts:ComponentType>
              <ccts:DictionaryEntryName>Goods Item. Value. Amount</ccts:DictionaryEntryName>
              <ccts:Definition>Specifies the amount on which a duty, tax, or fee will be assessed.</ccts:Definition>
              <ccts:Cardinality>0..1</ccts:Cardinality>
              <ccts:ObjectClass>Goods Item</ccts:ObjectClass>
              <ccts:PropertyTerm>Value</ccts:PropertyTerm>
              <ccts:RepresentationTerm>Amount</ccts:RepresentationTerm>
              <ccts:DataType>Amount. Type</ccts:DataType>
              <ccts:AlternativeBusinessTerms>Duty/tax/fee assessment basis in value (WCO ID 116)</ccts:AlternativeBusinessTerms>
            </ccts:Component>
          </xsd:documentation>
        </xsd:annotation>
      </xsd:element>
      <xsd:element ref="cbc:GrossWeightMeasure" minOccurs="0" maxOccurs="1">
        <xsd:annotation>
          <xsd:documentation>
            <ccts:Component>
              <ccts:ComponentType>BBIE</ccts:ComponentType>
              <ccts:DictionaryEntryName>Goods Item. Gross_ Weight. Measure</ccts:DictionaryEntryName>
              <ccts:Definition>Weight (mass) of goods, including packaging but excluding the carrier's equipment.</ccts:Definition>
              <ccts:Cardinality>0..1</ccts:Cardinality>
              <ccts:ObjectClass>Goods Item</ccts:ObjectClass>
              <ccts:PropertyTermQualifier>Gross</ccts:PropertyTermQualifier>
              <ccts:PropertyTerm>Weight</ccts:PropertyTerm>
              <ccts:RepresentationTerm>Measure</ccts:RepresentationTerm>
              <ccts:DataType>Measure. Type</ccts:DataType>
              <ccts:AlternativeBusinessTerms>Actual Gross Weight</ccts:AlternativeBusinessTerms>
            </ccts:Component>
          </xsd:documentation>
        </xsd:annotation>
      </xsd:element>
      <xsd:element ref="cbc:NetWeightMeasure" minOccurs="0" maxOccurs="1">
        <xsd:annotation>
          <xsd:documentation>
            <ccts:Component>
              <ccts:ComponentType>BBIE</ccts:ComponentType>
              <ccts:DictionaryEntryName>Goods Item. Net_ Weight. Measure</ccts:DictionaryEntryName>
              <ccts:Definition>Weight (mass) of goods item, excluding all packing but including any packaging that normally goes with the goods.</ccts:Definition>
              <ccts:Cardinality>0..1</ccts:Cardinality>
              <ccts:ObjectClass>Goods Item</ccts:ObjectClass>
              <ccts:PropertyTermQualifier>Net</ccts:PropertyTermQualifier>
              <ccts:PropertyTerm>Weight</ccts:PropertyTerm>
              <ccts:RepresentationTerm>Measure</ccts:RepresentationTerm>
              <ccts:DataType>Measure. Type</ccts:DataType>
            </ccts:Component>
          </xsd:documentation>
        </xsd:annotation>
      </xsd:element>
      <xsd:element ref="cbc:NetNetWeightMeasure" minOccurs="0" maxOccurs="1">
        <xsd:annotation>
          <xsd:documentation>
            <ccts:Component>
              <ccts:ComponentType>BBIE</ccts:ComponentType>
              <ccts:DictionaryEntryName>Goods Item. Net Net_ Weight. Measure</ccts:DictionaryEntryName>
              <ccts:Definition>Weight (mass) of goods without any packaging.</ccts:Definition>
              <ccts:Cardinality>0..1</ccts:Cardinality>
              <ccts:ObjectClass>Goods Item</ccts:ObjectClass>
              <ccts:PropertyTermQualifier>Net Net</ccts:PropertyTermQualifier>
              <ccts:PropertyTerm>Weight</ccts:PropertyTerm>
              <ccts:RepresentationTerm>Measure</ccts:RepresentationTerm>
              <ccts:DataType>Measure. Type</ccts:DataType>
              <ccts:AlternativeBusinessTerms>Customs Weight (WCO ID 128)</ccts:AlternativeBusinessTerms>
            </ccts:Component>
          </xsd:documentation>
        </xsd:annotation>
      </xsd:element>
      <xsd:element ref="cbc:ChargeableWeightMeasure" minOccurs="0" maxOccurs="1">
        <xsd:annotation>
          <xsd:documentation>
            <ccts:Component>
              <ccts:ComponentType>BBIE</ccts:ComponentType>
              <ccts:DictionaryEntryName>Goods Item. Chargeable_ Weight. Measure</ccts:DictionaryEntryName>
              <ccts:Definition>Gross weight (mass) on which a charge is to be based.</ccts:Definition>
              <ccts:Cardinality>0..1</ccts:Cardinality>
              <ccts:ObjectClass>Goods Item</ccts:ObjectClass>
              <ccts:PropertyTermQualifier>Chargeable</ccts:PropertyTermQualifier>
              <ccts:PropertyTerm>Weight</ccts:PropertyTerm>
              <ccts:RepresentationTerm>Measure</ccts:RepresentationTerm>
              <ccts:DataType>Measure. Type</ccts:DataType>
            </ccts:Component>
          </xsd:documentation>
        </xsd:annotation>
      </xsd:element>
      <xsd:element ref="cbc:GrossVolumeMeasure" minOccurs="0" maxOccurs="1">
        <xsd:annotation>
          <xsd:documentation>
            <ccts:Component>
              <ccts:ComponentType>BBIE</ccts:ComponentType>
              <ccts:DictionaryEntryName>Goods Item. Gross_ Volume. Measure</ccts:DictionaryEntryName>
              <ccts:Definition>Measurement normally arrived at by multiplying the maximum length, width, and height of the goods item.</ccts:Definition>
              <ccts:Cardinality>0..1</ccts:Cardinality>
              <ccts:ObjectClass>Goods Item</ccts:ObjectClass>
              <ccts:PropertyTermQualifier>Gross</ccts:PropertyTermQualifier>
              <ccts:PropertyTerm>Volume</ccts:PropertyTerm>
              <ccts:RepresentationTerm>Measure</ccts:RepresentationTerm>
              <ccts:DataType>Measure. Type</ccts:DataType>
              <ccts:AlternativeBusinessTerms>Volume, Gross Measurement Cube (GMC), Cube (WCO ID 134)</ccts:AlternativeBusinessTerms>
            </ccts:Component>
          </xsd:documentation>
        </xsd:annotation>
      </xsd:element>
      <xsd:element ref="cbc:NetVolumeMeasure" minOccurs="0" maxOccurs="1">
        <xsd:annotation>
          <xsd:documentation>
            <ccts:Component>
              <ccts:ComponentType>BBIE</ccts:ComponentType>
              <ccts:DictionaryEntryName>Goods Item. Net_ Volume. Measure</ccts:DictionaryEntryName>
              <ccts:Definition>The volume contained by a goods item, excluding the volume of any packaging material.</ccts:Definition>
              <ccts:Cardinality>0..1</ccts:Cardinality>
              <ccts:ObjectClass>Goods Item</ccts:ObjectClass>
              <ccts:PropertyTermQualifier>Net</ccts:PropertyTermQualifier>
              <ccts:PropertyTerm>Volume</ccts:PropertyTerm>
              <ccts:RepresentationTerm>Measure</ccts:RepresentationTerm>
              <ccts:DataType>Measure. Type</ccts:DataType>
            </ccts:Component>
          </xsd:documentation>
        </xsd:annotation>
      </xsd:element>
      <xsd:element ref="cbc:Quantity" minOccurs="0" maxOccurs="1">
        <xsd:annotation>
          <xsd:documentation>
            <ccts:Component>
              <ccts:ComponentType>BBIE</ccts:ComponentType>
              <ccts:DictionaryEntryName>Goods Item. Quantity</ccts:DictionaryEntryName>
              <ccts:Definition>Number of goods items.</ccts:Definition>
              <ccts:Cardinality>0..1</ccts:Cardinality>
              <ccts:ObjectClass>Goods Item</ccts:ObjectClass>
              <ccts:PropertyTerm>Quantity</ccts:PropertyTerm>
              <ccts:RepresentationTerm>Quantity</ccts:RepresentationTerm>
              <ccts:DataType>Quantity. Type</ccts:DataType>
            </ccts:Component>
          </xsd:documentation>
        </xsd:annotation>
      </xsd:element>
      <xsd:element ref="cbc:PreferenceCriterionCode" minOccurs="0" maxOccurs="1">
        <xsd:annotation>
          <xsd:documentation>
            <ccts:Component>
              <ccts:ComponentType>BBIE</ccts:ComponentType>
              <ccts:DictionaryEntryName>Goods Item. Preference Criterion. Code</ccts:DictionaryEntryName>
              <ccts:Definition>Specifies the treatment preference for this good according to international trading agreements.</ccts:Definition>
              <ccts:Cardinality>0..1</ccts:Cardinality>
              <ccts:ObjectClass>Goods Item</ccts:ObjectClass>
              <ccts:PropertyTerm>Preference Criterion</ccts:PropertyTerm>
              <ccts:RepresentationTerm>Code</ccts:RepresentationTerm>
              <ccts:DataType>Code. Type</ccts:DataType>
              <ccts:Examples>"Preference Criterion" is used in the following manner in the paper CO of another country (e.g.):
"A" - The good is "wholly obtained or produced entirely" in the territory of one or more of the NAFTA countries as reference in Article 415. Note: The purchase of a good in the territory does not necessarily render it "wholly obtained or produced".  If the good is an agricultural good, see also criterion F and Annex 703.2. (Reference: Article 401(a), 415).
"B" - ...
"C" - ...
"D" - ...
"E" - ...
"F" - The good is an originating agricultural good under preference criterion A,B, or C above and is not subjected to quantitative restriction in the importing NAFTA country because....
Thus, the column "Preference Criterion" will indicate either A, B, C,...</ccts:Examples>
            </ccts:Component>
          </xsd:documentation>
        </xsd:annotation>
      </xsd:element>
      <xsd:element ref="cbc:RequiredCustomsID" minOccurs="0" maxOccurs="1">
        <xsd:annotation>
          <xsd:documentation>
            <ccts:Component>
              <ccts:ComponentType>BBIE</ccts:ComponentType>
              <ccts:DictionaryEntryName>Goods Item. Required_ Customs Identifier. Identifier</ccts:DictionaryEntryName>
              <ccts:Definition>Additional tariff codes required to specify a type of goods for Customs, transport, statistical, or other regulatory purposes.</ccts:Definition>
              <ccts:Cardinality>0..1</ccts:Cardinality>
              <ccts:ObjectClass>Goods Item</ccts:ObjectClass>
              <ccts:PropertyTermQualifier>Required</ccts:PropertyTermQualifier>
              <ccts:PropertyTerm>Customs Identifier</ccts:PropertyTerm>
              <ccts:RepresentationTerm>Identifier</ccts:RepresentationTerm>
              <ccts:DataType>Identifier. Type</ccts:DataType>
              <ccts:AlternativeBusinessTerms>Tariff code extensions (WCO ID 255)</ccts:AlternativeBusinessTerms>
            </ccts:Component>
          </xsd:documentation>
        </xsd:annotation>
      </xsd:element>
      <xsd:element ref="cbc:CustomsStatusCode" minOccurs="0" maxOccurs="1">
        <xsd:annotation>
          <xsd:documentation>
            <ccts:Component>
              <ccts:ComponentType>BBIE</ccts:ComponentType>
              <ccts:DictionaryEntryName>Goods Item. Customs Status Code. Code</ccts:DictionaryEntryName>
              <ccts:Definition>Status of goods as identified by customs for regulation purposes.</ccts:Definition>
              <ccts:Cardinality>0..1</ccts:Cardinality>
              <ccts:ObjectClass>Goods Item</ccts:ObjectClass>
              <ccts:PropertyTerm>Customs Status Code</ccts:PropertyTerm>
              <ccts:RepresentationTerm>Code</ccts:RepresentationTerm>
              <ccts:DataType>Code. Type</ccts:DataType>
              <ccts:AlternativeBusinessTerms>Customs status of goods (WCO ID 094)</ccts:AlternativeBusinessTerms>
            </ccts:Component>
          </xsd:documentation>
        </xsd:annotation>
      </xsd:element>
      <xsd:element ref="cbc:CustomsTariffQuantity" minOccurs="0" maxOccurs="1">
        <xsd:annotation>
          <xsd:documentation>
            <ccts:Component>
              <ccts:ComponentType>BBIE</ccts:ComponentType>
              <ccts:DictionaryEntryName>Goods Item. Customs Tariff Quantity. Quantity</ccts:DictionaryEntryName>
              <ccts:Definition>Quantity of the goods in the unit as required by Customs for tariff, statistical, or fiscal purposes.</ccts:Definition>
              <ccts:Cardinality>0..1</ccts:Cardinality>
              <ccts:ObjectClass>Goods Item</ccts:ObjectClass>
              <ccts:PropertyTerm>Customs Tariff Quantity</ccts:PropertyTerm>
              <ccts:RepresentationTerm>Quantity</ccts:RepresentationTerm>
              <ccts:DataType>Quantity. Type</ccts:DataType>
            </ccts:Component>
          </xsd:documentation>
        </xsd:annotation>
      </xsd:element>
      <xsd:element ref="cbc:CustomsImportClassifiedIndicator" minOccurs="0" maxOccurs="1">
        <xsd:annotation>
          <xsd:documentation>
            <ccts:Component>
              <ccts:ComponentType>BBIE</ccts:ComponentType>
              <ccts:DictionaryEntryName>Goods Item. Customs Import_ Classified Indicator. Indicator</ccts:DictionaryEntryName>
              <ccts:Definition>Indicates whether the goods have been customs classified for import.</ccts:Definition>
              <ccts:Cardinality>0..1</ccts:Cardinality>
              <ccts:ObjectClass>Goods Item</ccts:ObjectClass>
              <ccts:PropertyTermQualifier>Customs Import</ccts:PropertyTermQualifier>
              <ccts:PropertyTerm>Classified Indicator</ccts:PropertyTerm>
              <ccts:RepresentationTerm>Indicator</ccts:RepresentationTerm>
              <ccts:DataType>Indicator. Type</ccts:DataType>
            </ccts:Component>
          </xsd:documentation>
        </xsd:annotation>
      </xsd:element>
      <xsd:element ref="Item" minOccurs="0" maxOccurs="unbounded">
        <xsd:annotation>
          <xsd:documentation>
            <ccts:Component>
              <ccts:ComponentType>ASBIE</ccts:ComponentType>
              <ccts:DictionaryEntryName>Goods Item. Item</ccts:DictionaryEntryName>
              <ccts:Definition>Association to a description of the good or service.</ccts:Definition>
              <ccts:Cardinality>0..n</ccts:Cardinality>
              <ccts:ObjectClass>Goods Item</ccts:ObjectClass>
              <ccts:PropertyTerm>Item</ccts:PropertyTerm>
              <ccts:AssociatedObjectClass>Item</ccts:AssociatedObjectClass>
            </ccts:Component>
          </xsd:documentation>
        </xsd:annotation>
      </xsd:element>
      <xsd:element ref="GoodsItemContainer" minOccurs="0" maxOccurs="unbounded">
        <xsd:annotation>
          <xsd:documentation>
            <ccts:Component>
              <ccts:ComponentType>ASBIE</ccts:ComponentType>
              <ccts:DictionaryEntryName>Goods Item. Goods Item Container</ccts:DictionaryEntryName>
              <ccts:Definition>Association to describe the transporting of a goods item in a unit of transport equipment (e.g., container).</ccts:Definition>
              <ccts:Cardinality>0..n</ccts:Cardinality>
              <ccts:ObjectClass>Goods Item</ccts:ObjectClass>
              <ccts:PropertyTerm>Goods Item Container</ccts:PropertyTerm>
              <ccts:AssociatedObjectClass>Goods Item Container</ccts:AssociatedObjectClass>
            </ccts:Component>
          </xsd:documentation>
        </xsd:annotation>
      </xsd:element>
      <xsd:element ref="FreightAllowanceCharge" minOccurs="0" maxOccurs="unbounded">
        <xsd:annotation>
          <xsd:documentation>
            <ccts:Component>
              <ccts:ComponentType>ASBIE</ccts:ComponentType>
              <ccts:DictionaryEntryName>Goods Item. Freight_ Allowance Charge. Allowance Charge</ccts:DictionaryEntryName>
              <ccts:Definition>Costs incurred by the shipper in moving goods, by whatever means, from one place to another under the terms of the contract of carriage. In addition to transport costs, this may include such elements as packing, documentation, loading, unloading, and insurance (to the extent that they relate to the freight costs).</ccts:Definition>
              <ccts:Cardinality>0..n</ccts:Cardinality>
              <ccts:ObjectClass>Goods Item</ccts:ObjectClass>
              <ccts:PropertyTermQualifier>Freight</ccts:PropertyTermQualifier>
              <ccts:PropertyTerm>Allowance Charge</ccts:PropertyTerm>
              <ccts:AssociatedObjectClass>Allowance Charge</ccts:AssociatedObjectClass>
            </ccts:Component>
          </xsd:documentation>
        </xsd:annotation>
      </xsd:element>
      <xsd:element ref="InvoiceLine" minOccurs="0" maxOccurs="unbounded">
        <xsd:annotation>
          <xsd:documentation>
            <ccts:Component>
              <ccts:ComponentType>ASBIE</ccts:ComponentType>
              <ccts:DictionaryEntryName>Goods Item. Invoice Line</ccts:DictionaryEntryName>
              <ccts:Definition>Association to information directly relating to a line item of an invoice.</ccts:Definition>
              <ccts:Cardinality>0..n</ccts:Cardinality>
              <ccts:ObjectClass>Goods Item</ccts:ObjectClass>
              <ccts:PropertyTerm>Invoice Line</ccts:PropertyTerm>
              <ccts:AssociatedObjectClass>Invoice Line</ccts:AssociatedObjectClass>
            </ccts:Component>
          </xsd:documentation>
        </xsd:annotation>
      </xsd:element>
      <xsd:element ref="Temperature" minOccurs="0" maxOccurs="unbounded">
        <xsd:annotation>
          <xsd:documentation>
            <ccts:Component>
              <ccts:ComponentType>ASBIE</ccts:ComponentType>
              <ccts:DictionaryEntryName>Goods Item. Temperature</ccts:DictionaryEntryName>
              <ccts:Definition>Any temperatures associated with the goods.</ccts:Definition>
              <ccts:Cardinality>0..n</ccts:Cardinality>
              <ccts:ObjectClass>Goods Item</ccts:ObjectClass>
              <ccts:PropertyTerm>Temperature</ccts:PropertyTerm>
              <ccts:AssociatedObjectClass>Temperature</ccts:AssociatedObjectClass>
            </ccts:Component>
          </xsd:documentation>
        </xsd:annotation>
      </xsd:element>
      <xsd:element ref="ContainedGoodsItem" minOccurs="0" maxOccurs="unbounded">
        <xsd:annotation>
          <xsd:documentation>
            <ccts:Component>
              <ccts:ComponentType>ASBIE</ccts:ComponentType>
              <ccts:DictionaryEntryName>Goods Item. Contained_ Goods Item. Goods Item</ccts:DictionaryEntryName>
              <ccts:Definition>Associates with any other goods items contained in this goods item.</ccts:Definition>
              <ccts:Cardinality>0..n</ccts:Cardinality>
              <ccts:ObjectClass>Goods Item</ccts:ObjectClass>
              <ccts:PropertyTermQualifier>Contained</ccts:PropertyTermQualifier>
              <ccts:PropertyTerm>Goods Item</ccts:PropertyTerm>
              <ccts:AssociatedObjectClass>Goods Item</ccts:AssociatedObjectClass>
            </ccts:Component>
          </xsd:documentation>
        </xsd:annotation>
      </xsd:element>
      <xsd:element ref="OriginAddress" minOccurs="0" maxOccurs="1">
        <xsd:annotation>
          <xsd:documentation>
            <ccts:Component>
              <ccts:ComponentType>ASBIE</ccts:ComponentType>
              <ccts:DictionaryEntryName>Goods Item. Origin_ Address. Address</ccts:DictionaryEntryName>
              <ccts:Definition>Region in which the goods have been produced or manufactured, according to criteria laid down for the purposes of application of the Customs tariff, or quantitative restrictions, or any other measure related to trade.</ccts:Definition>
              <ccts:Cardinality>0..1</ccts:Cardinality>
              <ccts:ObjectClass>Goods Item</ccts:ObjectClass>
              <ccts:PropertyTermQualifier>Origin</ccts:PropertyTermQualifier>
              <ccts:PropertyTerm>Address</ccts:PropertyTerm>
              <ccts:AssociatedObjectClass>Address</ccts:AssociatedObjectClass>
            </ccts:Component>
          </xsd:documentation>
        </xsd:annotation>
      </xsd:element>
    </xsd:sequence>
  </xsd:complexType>
  <xsd:complexType name="GoodsItemContainerType">
    <xsd:annotation>
      <xsd:documentation>
        <ccts:Component>
          <ccts:ComponentType>ABIE</ccts:ComponentType>
          <ccts:DictionaryEntryName>Goods Item Container. Details</ccts:DictionaryEntryName>
          <ccts:Definition>How goods items are split across transport equipment.</ccts:Definition>
          <ccts:ObjectClass>Goods Item Container</ccts:ObjectClass>
        </ccts:Component>
      </xsd:documentation>
    </xsd:annotation>
    <xsd:sequence>
      <xsd:element ref="cbc:ID" minOccurs="1" maxOccurs="1">
        <xsd:annotation>
          <xsd:documentation>
            <ccts:Component>
              <ccts:ComponentType>BBIE</ccts:ComponentType>
              <ccts:DictionaryEntryName>Goods Item Container. Identifier</ccts:DictionaryEntryName>
              <ccts:Definition>Identifies goods items split across transport equipment.</ccts:Definition>
              <ccts:Cardinality>1</ccts:Cardinality>
              <ccts:ObjectClass>Goods Item Container</ccts:ObjectClass>
              <ccts:PropertyTerm>Identifier</ccts:PropertyTerm>
              <ccts:RepresentationTerm>Identifier</ccts:RepresentationTerm>
              <ccts:DataType>Identifier. Type</ccts:DataType>
            </ccts:Component>
          </xsd:documentation>
        </xsd:annotation>
      </xsd:element>
      <xsd:element ref="cbc:Quantity" minOccurs="0" maxOccurs="1">
        <xsd:annotation>
          <xsd:documentation>
            <ccts:Component>
              <ccts:ComponentType>BBIE</ccts:ComponentType>
              <ccts:DictionaryEntryName>Goods Item Container. Quantity</ccts:DictionaryEntryName>
              <ccts:Definition>Number of goods items loaded into or onto one piece of transport equipment as a total consignment or part of a consignment.</ccts:Definition>
              <ccts:Cardinality>0..1</ccts:Cardinality>
              <ccts:ObjectClass>Goods Item Container</ccts:ObjectClass>
              <ccts:PropertyTerm>Quantity</ccts:PropertyTerm>
              <ccts:RepresentationTerm>Quantity</ccts:RepresentationTerm>
              <ccts:DataType>Quantity. Type</ccts:DataType>
              <ccts:AlternativeBusinessTerms>Number of packages stuffed</ccts:AlternativeBusinessTerms>
            </ccts:Component>
          </xsd:documentation>
        </xsd:annotation>
      </xsd:element>
      <xsd:element ref="TransportEquipment" minOccurs="0" maxOccurs="unbounded">
        <xsd:annotation>
          <xsd:documentation>
            <ccts:Component>
              <ccts:ComponentType>ASBIE</ccts:ComponentType>
              <ccts:DictionaryEntryName>Goods Item Container. Transport Equipment</ccts:DictionaryEntryName>
              <ccts:Definition>Associates the containers for a single goods item.</ccts:Definition>
              <ccts:Cardinality>0..n</ccts:Cardinality>
              <ccts:ObjectClass>Goods Item Container</ccts:ObjectClass>
              <ccts:PropertyTerm>Transport Equipment</ccts:PropertyTerm>
              <ccts:AssociatedObjectClass>Transport Equipment</ccts:AssociatedObjectClass>
            </ccts:Component>
          </xsd:documentation>
        </xsd:annotation>
      </xsd:element>
    </xsd:sequence>
  </xsd:complexType>
  <xsd:complexType name="HazardousGoodsTransitType">
    <xsd:annotation>
      <xsd:documentation>
        <ccts:Component>
          <ccts:ComponentType>ABIE</ccts:ComponentType>
          <ccts:DictionaryEntryName>Hazardous Goods Transit. Details</ccts:DictionaryEntryName>
          <ccts:Definition>Information about Hazardous Goods Transit.</ccts:Definition>
          <ccts:ObjectClass>Hazardous Goods Transit</ccts:ObjectClass>
        </ccts:Component>
      </xsd:documentation>
    </xsd:annotation>
    <xsd:sequence>
      <xsd:element ref="cbc:TransportEmergencyCardCode" minOccurs="0" maxOccurs="1">
        <xsd:annotation>
          <xsd:documentation>
            <ccts:Component>
              <ccts:ComponentType>BBIE</ccts:ComponentType>
              <ccts:DictionaryEntryName>Hazardous Goods Transit. Transport Emergency Card Code. Code</ccts:DictionaryEntryName>
              <ccts:Definition>The identifier for a transport emergency card, describing the actions to be taken in an emergency in transporting the Hazardous Goods. May be the identity number of a hazardous emergency response plan assigned by the appropriate authority.</ccts:Definition>
              <ccts:Cardinality>0..1</ccts:Cardinality>
              <ccts:ObjectClass>Hazardous Goods Transit</ccts:ObjectClass>
              <ccts:PropertyTerm>Transport Emergency Card Code</ccts:PropertyTerm>
              <ccts:RepresentationTerm>Code</ccts:RepresentationTerm>
              <ccts:DataType>Code. Type</ccts:DataType>
              <ccts:AlternativeBusinessTerms>TREM card</ccts:AlternativeBusinessTerms>
            </ccts:Component>
          </xsd:documentation>
        </xsd:annotation>
      </xsd:element>
      <xsd:element ref="cbc:PackingCriteriaCode" minOccurs="0" maxOccurs="1">
        <xsd:annotation>
          <xsd:documentation>
            <ccts:Component>
              <ccts:ComponentType>BBIE</ccts:ComponentType>
              <ccts:DictionaryEntryName>Hazardous Goods Transit. Packing Criteria Code. Code</ccts:DictionaryEntryName>
              <ccts:Definition>A code identifying the packaging requirement for the transportation of the Hazardous Goods as assigned by IATA/IMDB/ADR/RID etc.</ccts:Definition>
              <ccts:Cardinality>0..1</ccts:Cardinality>
              <ccts:ObjectClass>Hazardous Goods Transit</ccts:ObjectClass>
              <ccts:PropertyTerm>Packing Criteria Code</ccts:PropertyTerm>
              <ccts:RepresentationTerm>Code</ccts:RepresentationTerm>
              <ccts:DataType>Code. Type</ccts:DataType>
              <ccts:AlternativeBusinessTerms>Packing Group</ccts:AlternativeBusinessTerms>
            </ccts:Component>
          </xsd:documentation>
        </xsd:annotation>
      </xsd:element>
      <xsd:element ref="cbc:HazardousRegulationCode" minOccurs="0" maxOccurs="1">
        <xsd:annotation>
          <xsd:documentation>
            <ccts:Component>
              <ccts:ComponentType>BBIE</ccts:ComponentType>
              <ccts:DictionaryEntryName>Hazardous Goods Transit. Hazardous Regulation Code. Code</ccts:DictionaryEntryName>
              <ccts:Definition>The identifier for a set of legal regulations that govern the transportation of the Hazardous Goods, expressed as a code.</ccts:Definition>
              <ccts:Cardinality>0..1</ccts:Cardinality>
              <ccts:ObjectClass>Hazardous Goods Transit</ccts:ObjectClass>
              <ccts:PropertyTerm>Hazardous Regulation Code</ccts:PropertyTerm>
              <ccts:RepresentationTerm>Code</ccts:RepresentationTerm>
              <ccts:DataType>Code. Type</ccts:DataType>
            </ccts:Component>
          </xsd:documentation>
        </xsd:annotation>
      </xsd:element>
      <xsd:element ref="cbc:InhalationToxicityZoneCode" minOccurs="0" maxOccurs="1">
        <xsd:annotation>
          <xsd:documentation>
            <ccts:Component>
              <ccts:ComponentType>BBIE</ccts:ComponentType>
              <ccts:DictionaryEntryName>Hazardous Goods Transit. Inhalation Toxicity Zone Code. Code</ccts:DictionaryEntryName>
              <ccts:Definition>An identifier for the Inhalation Toxicity Hazard Zone for the Hazardous Goods, as defined by the US Department of Transportation, expressed as a code.</ccts:Definition>
              <ccts:Cardinality>0..1</ccts:Cardinality>
              <ccts:ObjectClass>Hazardous Goods Transit</ccts:ObjectClass>
              <ccts:PropertyTerm>Inhalation Toxicity Zone Code</ccts:PropertyTerm>
              <ccts:RepresentationTerm>Code</ccts:RepresentationTerm>
              <ccts:DataType>Code. Type</ccts:DataType>
            </ccts:Component>
          </xsd:documentation>
        </xsd:annotation>
      </xsd:element>
      <xsd:element ref="cbc:TransportAuthorizationCode" minOccurs="0" maxOccurs="1">
        <xsd:annotation>
          <xsd:documentation>
            <ccts:Component>
              <ccts:ComponentType>BBIE</ccts:ComponentType>
              <ccts:DictionaryEntryName>Hazardous Goods Transit. Transport Authorization Code. Code</ccts:DictionaryEntryName>
              <ccts:Definition>Code specifying the authorization for the transportation of hazardous cargo.</ccts:Definition>
              <ccts:Cardinality>0..1</ccts:Cardinality>
              <ccts:ObjectClass>Hazardous Goods Transit</ccts:ObjectClass>
              <ccts:PropertyTerm>Transport Authorization Code</ccts:PropertyTerm>
              <ccts:RepresentationTerm>Code</ccts:RepresentationTerm>
              <ccts:DataType>Code. Type</ccts:DataType>
              <ccts:AlternativeBusinessTerms>Permission for Transport</ccts:AlternativeBusinessTerms>
            </ccts:Component>
          </xsd:documentation>
        </xsd:annotation>
      </xsd:element>
      <xsd:element ref="MaximumTemperature" minOccurs="0" maxOccurs="1">
        <xsd:annotation>
          <xsd:documentation>
            <ccts:Component>
              <ccts:ComponentType>ASBIE</ccts:ComponentType>
              <ccts:DictionaryEntryName>Hazardous Goods Transit. Maximum_ Temperature. Temperature</ccts:DictionaryEntryName>
              <ccts:Definition>An association to Maximum Temperature (at which the Hazardous Goods can be safely transported).</ccts:Definition>
              <ccts:Cardinality>0..1</ccts:Cardinality>
              <ccts:ObjectClass>Hazardous Goods Transit</ccts:ObjectClass>
              <ccts:PropertyTermQualifier>Maximum</ccts:PropertyTermQualifier>
              <ccts:PropertyTerm>Temperature</ccts:PropertyTerm>
              <ccts:AssociatedObjectClass>Temperature</ccts:AssociatedObjectClass>
            </ccts:Component>
          </xsd:documentation>
        </xsd:annotation>
      </xsd:element>
      <xsd:element ref="MinimumTemperature" minOccurs="0" maxOccurs="1">
        <xsd:annotation>
          <xsd:documentation>
            <ccts:Component>
              <ccts:ComponentType>ASBIE</ccts:ComponentType>
              <ccts:DictionaryEntryName>Hazardous Goods Transit. Minimum_ Temperature. Temperature</ccts:DictionaryEntryName>
              <ccts:Definition>An association to Minimum Temperature (at which the Hazardous Goods can be safely transported).</ccts:Definition>
              <ccts:Cardinality>0..1</ccts:Cardinality>
              <ccts:ObjectClass>Hazardous Goods Transit</ccts:ObjectClass>
              <ccts:PropertyTermQualifier>Minimum</ccts:PropertyTermQualifier>
              <ccts:PropertyTerm>Temperature</ccts:PropertyTerm>
              <ccts:AssociatedObjectClass>Temperature</ccts:AssociatedObjectClass>
            </ccts:Component>
          </xsd:documentation>
        </xsd:annotation>
      </xsd:element>
    </xsd:sequence>
  </xsd:complexType>
  <xsd:complexType name="HazardousItemType">
    <xsd:annotation>
      <xsd:documentation>
        <ccts:Component>
          <ccts:ComponentType>ABIE</ccts:ComponentType>
          <ccts:DictionaryEntryName>Hazardous Item. Details</ccts:DictionaryEntryName>
          <ccts:Definition>Information about a Hazardous Item.</ccts:Definition>
          <ccts:ObjectClass>Hazardous Item</ccts:ObjectClass>
        </ccts:Component>
      </xsd:documentation>
    </xsd:annotation>
    <xsd:sequence>
      <xsd:element ref="cbc:ID" minOccurs="0" maxOccurs="1">
        <xsd:annotation>
          <xsd:documentation>
            <ccts:Component>
              <ccts:ComponentType>BBIE</ccts:ComponentType>
              <ccts:DictionaryEntryName>Hazardous Item. Identifier</ccts:DictionaryEntryName>
              <ccts:Definition>The identifier for a Hazardous Item.</ccts:Definition>
              <ccts:Cardinality>0..1</ccts:Cardinality>
              <ccts:ObjectClass>Hazardous Item</ccts:ObjectClass>
              <ccts:PropertyTerm>Identifier</ccts:PropertyTerm>
              <ccts:RepresentationTerm>Identifier</ccts:RepresentationTerm>
              <ccts:DataType>Identifier. Type</ccts:DataType>
              <ccts:Examples>"Round Up"</ccts:Examples>
            </ccts:Component>
          </xsd:documentation>
        </xsd:annotation>
      </xsd:element>
      <xsd:element ref="cbc:PlacardNotation" minOccurs="0" maxOccurs="1">
        <xsd:annotation>
          <xsd:documentation>
            <ccts:Component>
              <ccts:ComponentType>BBIE</ccts:ComponentType>
              <ccts:DictionaryEntryName>Hazardous Item. Placard Notation. Text</ccts:DictionaryEntryName>
              <ccts:Definition>The placard notation corresponding to the hazard class of the hazardous commodity. Can also be the hazard identification number of the orange placard (upper part) required on the means of transport.</ccts:Definition>
              <ccts:Cardinality>0..1</ccts:Cardinality>
              <ccts:ObjectClass>Hazardous Item</ccts:ObjectClass>
              <ccts:PropertyTerm>Placard Notation</ccts:PropertyTerm>
              <ccts:RepresentationTerm>Text</ccts:RepresentationTerm>
              <ccts:DataType>Text. Type</ccts:DataType>
              <ccts:Examples>"5.1"</ccts:Examples>
            </ccts:Component>
          </xsd:documentation>
        </xsd:annotation>
      </xsd:element>
      <xsd:element ref="cbc:PlacardEndorsement" minOccurs="0" maxOccurs="1">
        <xsd:annotation>
          <xsd:documentation>
            <ccts:Component>
              <ccts:ComponentType>BBIE</ccts:ComponentType>
              <ccts:DictionaryEntryName>Hazardous Item. Placard Endorsement. Text</ccts:DictionaryEntryName>
              <ccts:Definition>The placard endorsement that is to be shown on the shipping papers for the hazardous commodity. Can also be used for the number of the orange placard (lower part) required on the means of transport.</ccts:Definition>
              <ccts:Cardinality>0..1</ccts:Cardinality>
              <ccts:ObjectClass>Hazardous Item</ccts:ObjectClass>
              <ccts:PropertyTerm>Placard Endorsement</ccts:PropertyTerm>
              <ccts:RepresentationTerm>Text</ccts:RepresentationTerm>
              <ccts:DataType>Text. Type</ccts:DataType>
              <ccts:Examples>"2"</ccts:Examples>
            </ccts:Component>
          </xsd:documentation>
        </xsd:annotation>
      </xsd:element>
      <xsd:element ref="cbc:AdditionalInformation" minOccurs="0" maxOccurs="1">
        <xsd:annotation>
          <xsd:documentation>
            <ccts:Component>
              <ccts:ComponentType>BBIE</ccts:ComponentType>
              <ccts:DictionaryEntryName>Hazardous Item. Additional_ Information. Text</ccts:DictionaryEntryName>
              <ccts:Definition>Additional information about the hazardous substance. Can be used to specify information such as the type of regulatory requirements that apply to a description.</ccts:Definition>
              <ccts:Cardinality>0..1</ccts:Cardinality>
              <ccts:ObjectClass>Hazardous Item</ccts:ObjectClass>
              <ccts:PropertyTermQualifier>Additional</ccts:PropertyTermQualifier>
              <ccts:PropertyTerm>Information</ccts:PropertyTerm>
              <ccts:RepresentationTerm>Text</ccts:RepresentationTerm>
              <ccts:DataType>Text. Type</ccts:DataType>
              <ccts:Examples>"Must be stored away from flammable materials" "N.O.S. or a Waste Characteristics Code in conjunction with an EPA Waste Stream code"</ccts:Examples>
            </ccts:Component>
          </xsd:documentation>
        </xsd:annotation>
      </xsd:element>
      <xsd:element ref="cbc:UNDGCode" minOccurs="0" maxOccurs="1">
        <xsd:annotation>
          <xsd:documentation>
            <ccts:Component>
              <ccts:ComponentType>BBIE</ccts:ComponentType>
              <ccts:DictionaryEntryName>Hazardous Item. UNDG Code. Code</ccts:DictionaryEntryName>
              <ccts:Definition>The identifier assigned to transportable hazardous goods by the United Nations, expressed as a code.</ccts:Definition>
              <ccts:Cardinality>0..1</ccts:Cardinality>
              <ccts:ObjectClass>Hazardous Item</ccts:ObjectClass>
              <ccts:PropertyTerm>UNDG Code</ccts:PropertyTerm>
              <ccts:RepresentationTerm>Code</ccts:RepresentationTerm>
              <ccts:DataType>Code. Type</ccts:DataType>
              <ccts:AlternativeBusinessTerms>UN Code</ccts:AlternativeBusinessTerms>
            </ccts:Component>
          </xsd:documentation>
        </xsd:annotation>
      </xsd:element>
      <xsd:element ref="cbc:EmergencyProceduresCode" minOccurs="0" maxOccurs="1">
        <xsd:annotation>
          <xsd:documentation>
            <ccts:Component>
              <ccts:ComponentType>BBIE</ccts:ComponentType>
              <ccts:DictionaryEntryName>Hazardous Item. Emergency Procedures Code. Code</ccts:DictionaryEntryName>
              <ccts:Definition>The emergency procedures for the Hazardous Item, expressed as a code.</ccts:Definition>
              <ccts:Cardinality>0..1</ccts:Cardinality>
              <ccts:ObjectClass>Hazardous Item</ccts:ObjectClass>
              <ccts:PropertyTerm>Emergency Procedures Code</ccts:PropertyTerm>
              <ccts:RepresentationTerm>Code</ccts:RepresentationTerm>
              <ccts:DataType>Code. Type</ccts:DataType>
              <ccts:AlternativeBusinessTerms>EMG code, EMS Page Number</ccts:AlternativeBusinessTerms>
            </ccts:Component>
          </xsd:documentation>
        </xsd:annotation>
      </xsd:element>
      <xsd:element ref="cbc:MedicalFirstAidGuideCode" minOccurs="0" maxOccurs="1">
        <xsd:annotation>
          <xsd:documentation>
            <ccts:Component>
              <ccts:ComponentType>BBIE</ccts:ComponentType>
              <ccts:DictionaryEntryName>Hazardous Item. Medical First Aid Guide Code. Code</ccts:DictionaryEntryName>
              <ccts:Definition>The identifier of a medical first aid guide that is relevant to specific hazardous goods, expressed as a code.</ccts:Definition>
              <ccts:Cardinality>0..1</ccts:Cardinality>
              <ccts:ObjectClass>Hazardous Item</ccts:ObjectClass>
              <ccts:PropertyTerm>Medical First Aid Guide Code</ccts:PropertyTerm>
              <ccts:RepresentationTerm>Code</ccts:RepresentationTerm>
              <ccts:DataType>Code. Type</ccts:DataType>
              <ccts:AlternativeBusinessTerms>MFAG page number</ccts:AlternativeBusinessTerms>
            </ccts:Component>
          </xsd:documentation>
        </xsd:annotation>
      </xsd:element>
      <xsd:element ref="cbc:TechnicalName" minOccurs="0" maxOccurs="1">
        <xsd:annotation>
          <xsd:documentation>
            <ccts:Component>
              <ccts:ComponentType>BBIE</ccts:ComponentType>
              <ccts:DictionaryEntryName>Hazardous Item. Technical_ Name. Name</ccts:DictionaryEntryName>
              <ccts:Definition>The full technical name of the specific hazardous substance.</ccts:Definition>
              <ccts:Cardinality>0..1</ccts:Cardinality>
              <ccts:ObjectClass>Hazardous Item</ccts:ObjectClass>
              <ccts:PropertyTermQualifier>Technical</ccts:PropertyTermQualifier>
              <ccts:PropertyTerm>Name</ccts:PropertyTerm>
              <ccts:RepresentationTerm>Name</ccts:RepresentationTerm>
              <ccts:DataType>Name. Type</ccts:DataType>
              <ccts:Examples>"Granular Sodium Chlorate WeedKiller"</ccts:Examples>
            </ccts:Component>
          </xsd:documentation>
        </xsd:annotation>
      </xsd:element>
      <xsd:element ref="cbc:CategoryName" minOccurs="0" maxOccurs="1">
        <xsd:annotation>
          <xsd:documentation>
            <ccts:Component>
              <ccts:ComponentType>BBIE</ccts:ComponentType>
              <ccts:DictionaryEntryName>Hazardous Item. Category. Name</ccts:DictionaryEntryName>
              <ccts:Definition>The name of the category of hazard that applies to the Item.</ccts:Definition>
              <ccts:Cardinality>0..1</ccts:Cardinality>
              <ccts:ObjectClass>Hazardous Item</ccts:ObjectClass>
              <ccts:PropertyTerm>Category</ccts:PropertyTerm>
              <ccts:RepresentationTerm>Name</ccts:RepresentationTerm>
              <ccts:DataType>Name. Type</ccts:DataType>
            </ccts:Component>
          </xsd:documentation>
        </xsd:annotation>
      </xsd:element>
      <xsd:element ref="cbc:HazardousCategoryCode" minOccurs="0" maxOccurs="1">
        <xsd:annotation>
          <xsd:documentation>
            <ccts:Component>
              <ccts:ComponentType>BBIE</ccts:ComponentType>
              <ccts:DictionaryEntryName>Hazardous Item. Hazardous Category Code. Code</ccts:DictionaryEntryName>
              <ccts:Definition>Code specifying a kind of hazard for a material.</ccts:Definition>
              <ccts:Cardinality>0..1</ccts:Cardinality>
              <ccts:ObjectClass>Hazardous Item</ccts:ObjectClass>
              <ccts:PropertyTerm>Hazardous Category Code</ccts:PropertyTerm>
              <ccts:RepresentationTerm>Code</ccts:RepresentationTerm>
              <ccts:DataType>Code. Type</ccts:DataType>
              <ccts:AlternativeBusinessTerms>Hazardous material class code</ccts:AlternativeBusinessTerms>
            </ccts:Component>
          </xsd:documentation>
        </xsd:annotation>
      </xsd:element>
      <xsd:element ref="cbc:UpperOrangeHazardPlacardID" minOccurs="0" maxOccurs="1">
        <xsd:annotation>
          <xsd:documentation>
            <ccts:Component>
              <ccts:ComponentType>BBIE</ccts:ComponentType>
              <ccts:DictionaryEntryName>Hazardous Item. Upper_ Orange Hazard Placard Identifier. Identifier</ccts:DictionaryEntryName>
              <ccts:Definition>Specifies the identity number for the upper part of the orange hazard placard required on the means of transport.</ccts:Definition>
              <ccts:Cardinality>0..1</ccts:Cardinality>
              <ccts:ObjectClass>Hazardous Item</ccts:ObjectClass>
              <ccts:PropertyTermQualifier>Upper</ccts:PropertyTermQualifier>
              <ccts:PropertyTerm>Orange Hazard Placard Identifier</ccts:PropertyTerm>
              <ccts:RepresentationTerm>Identifier</ccts:RepresentationTerm>
              <ccts:DataType>Identifier. Type</ccts:DataType>
              <ccts:AlternativeBusinessTerms>Hazard identification number (upper part)</ccts:AlternativeBusinessTerms>
            </ccts:Component>
          </xsd:documentation>
        </xsd:annotation>
      </xsd:element>
      <xsd:element ref="cbc:LowerOrangeHazardPlacardID" minOccurs="0" maxOccurs="1">
        <xsd:annotation>
          <xsd:documentation>
            <ccts:Component>
              <ccts:ComponentType>BBIE</ccts:ComponentType>
              <ccts:DictionaryEntryName>Hazardous Item. Lower_ Orange Hazard Placard Identifier. Identifier</ccts:DictionaryEntryName>
              <ccts:Definition>Specifies the identity number for the lower part of the orange hazard placard required on the means of transport.</ccts:Definition>
              <ccts:Cardinality>0..1</ccts:Cardinality>
              <ccts:ObjectClass>Hazardous Item</ccts:ObjectClass>
              <ccts:PropertyTermQualifier>Lower</ccts:PropertyTermQualifier>
              <ccts:PropertyTerm>Orange Hazard Placard Identifier</ccts:PropertyTerm>
              <ccts:RepresentationTerm>Identifier</ccts:RepresentationTerm>
              <ccts:DataType>Identifier. Type</ccts:DataType>
              <ccts:AlternativeBusinessTerms>Substance identification number (lower part)</ccts:AlternativeBusinessTerms>
            </ccts:Component>
          </xsd:documentation>
        </xsd:annotation>
      </xsd:element>
      <xsd:element ref="cbc:MarkingID" minOccurs="0" maxOccurs="1">
        <xsd:annotation>
          <xsd:documentation>
            <ccts:Component>
              <ccts:ComponentType>BBIE</ccts:ComponentType>
              <ccts:DictionaryEntryName>Hazardous Item. Marking Identifier. Identifier</ccts:DictionaryEntryName>
              <ccts:Definition>Identifies the marking of dangerous goods.</ccts:Definition>
              <ccts:Cardinality>0..1</ccts:Cardinality>
              <ccts:ObjectClass>Hazardous Item</ccts:ObjectClass>
              <ccts:PropertyTerm>Marking Identifier</ccts:PropertyTerm>
              <ccts:RepresentationTerm>Identifier</ccts:RepresentationTerm>
              <ccts:DataType>Identifier. Type</ccts:DataType>
              <ccts:AlternativeBusinessTerms>Dangerous goods label marking</ccts:AlternativeBusinessTerms>
            </ccts:Component>
          </xsd:documentation>
        </xsd:annotation>
      </xsd:element>
      <xsd:element ref="cbc:HazardClassID" minOccurs="0" maxOccurs="1">
        <xsd:annotation>
          <xsd:documentation>
            <ccts:Component>
              <ccts:ComponentType>BBIE</ccts:ComponentType>
              <ccts:DictionaryEntryName>Hazardous Item. Hazard Class Identifier. Identifier</ccts:DictionaryEntryName>
              <ccts:Definition>Identifies a hazard class applicable to dangerous goods as defined by the relevant regulation authority, such as the IMDG Class Number of the SOLAS Convention of IMO and the ADR/RID Class Number for the road/rail environment.</ccts:Definition>
              <ccts:Cardinality>0..1</ccts:Cardinality>
              <ccts:ObjectClass>Hazardous Item</ccts:ObjectClass>
              <ccts:PropertyTerm>Hazard Class Identifier</ccts:PropertyTerm>
              <ccts:RepresentationTerm>Identifier</ccts:RepresentationTerm>
              <ccts:DataType>Identifier. Type</ccts:DataType>
              <ccts:AlternativeBusinessTerms>IMDG Class Number, ADR/RID Class Number</ccts:AlternativeBusinessTerms>
            </ccts:Component>
          </xsd:documentation>
        </xsd:annotation>
      </xsd:element>
      <xsd:element ref="cbc:NetWeightMeasure" minOccurs="0" maxOccurs="1">
        <xsd:annotation>
          <xsd:documentation>
            <ccts:Component>
              <ccts:ComponentType>BBIE</ccts:ComponentType>
              <ccts:DictionaryEntryName>Hazardous Item. Net_ Weight. Measure</ccts:DictionaryEntryName>
              <ccts:Definition>The total net weight of hazardous goods; the weight of the goods plus packaging.</ccts:Definition>
              <ccts:Cardinality>0..1</ccts:Cardinality>
              <ccts:ObjectClass>Hazardous Item</ccts:ObjectClass>
              <ccts:PropertyTermQualifier>Net</ccts:PropertyTermQualifier>
              <ccts:PropertyTerm>Weight</ccts:PropertyTerm>
              <ccts:RepresentationTerm>Measure</ccts:RepresentationTerm>
              <ccts:DataType>Measure. Type</ccts:DataType>
            </ccts:Component>
          </xsd:documentation>
        </xsd:annotation>
      </xsd:element>
      <xsd:element ref="cbc:NetVolumeMeasure" minOccurs="0" maxOccurs="1">
        <xsd:annotation>
          <xsd:documentation>
            <ccts:Component>
              <ccts:ComponentType>BBIE</ccts:ComponentType>
              <ccts:DictionaryEntryName>Hazardous Item. Net_ Volume. Measure</ccts:DictionaryEntryName>
              <ccts:Definition>The volume of hazardous goods net of packaging and transport equipment.</ccts:Definition>
              <ccts:Cardinality>0..1</ccts:Cardinality>
              <ccts:ObjectClass>Hazardous Item</ccts:ObjectClass>
              <ccts:PropertyTermQualifier>Net</ccts:PropertyTermQualifier>
              <ccts:PropertyTerm>Volume</ccts:PropertyTerm>
              <ccts:RepresentationTerm>Measure</ccts:RepresentationTerm>
              <ccts:DataType>Measure. Type</ccts:DataType>
            </ccts:Component>
          </xsd:documentation>
        </xsd:annotation>
      </xsd:element>
      <xsd:element ref="cbc:Quantity" minOccurs="0" maxOccurs="1">
        <xsd:annotation>
          <xsd:documentation>
            <ccts:Component>
              <ccts:ComponentType>BBIE</ccts:ComponentType>
              <ccts:DictionaryEntryName>Hazardous Item. Quantity</ccts:DictionaryEntryName>
              <ccts:Definition>The quantity of goods that are hazardous.</ccts:Definition>
              <ccts:Cardinality>0..1</ccts:Cardinality>
              <ccts:ObjectClass>Hazardous Item</ccts:ObjectClass>
              <ccts:PropertyTerm>Quantity</ccts:PropertyTerm>
              <ccts:RepresentationTerm>Quantity</ccts:RepresentationTerm>
              <ccts:DataType>Quantity. Type</ccts:DataType>
            </ccts:Component>
          </xsd:documentation>
        </xsd:annotation>
      </xsd:element>
      <xsd:element ref="ContactParty" minOccurs="0" maxOccurs="1">
        <xsd:annotation>
          <xsd:documentation>
            <ccts:Component>
              <ccts:ComponentType>ASBIE</ccts:ComponentType>
              <ccts:DictionaryEntryName>Hazardous Item. Contact_ Party. Party</ccts:DictionaryEntryName>
              <ccts:Definition>Associates the Hazardous Item with details of an individual, group, or body that is the contact in case of hazard incident.</ccts:Definition>
              <ccts:Cardinality>0..1</ccts:Cardinality>
              <ccts:ObjectClass>Hazardous Item</ccts:ObjectClass>
              <ccts:PropertyTermQualifier>Contact</ccts:PropertyTermQualifier>
              <ccts:PropertyTerm>Party</ccts:PropertyTerm>
              <ccts:AssociatedObjectClass>Party</ccts:AssociatedObjectClass>
            </ccts:Component>
          </xsd:documentation>
        </xsd:annotation>
      </xsd:element>
      <xsd:element ref="SecondaryHazard" minOccurs="0" maxOccurs="unbounded">
        <xsd:annotation>
          <xsd:documentation>
            <ccts:Component>
              <ccts:ComponentType>ASBIE</ccts:ComponentType>
              <ccts:DictionaryEntryName>Hazardous Item. Secondary Hazard</ccts:DictionaryEntryName>
              <ccts:Definition>Associates the Hazardous Item with information about secondary hazards.</ccts:Definition>
              <ccts:Cardinality>0..n</ccts:Cardinality>
              <ccts:ObjectClass>Hazardous Item</ccts:ObjectClass>
              <ccts:PropertyTerm>Secondary Hazard</ccts:PropertyTerm>
              <ccts:AssociatedObjectClass>Secondary Hazard</ccts:AssociatedObjectClass>
            </ccts:Component>
          </xsd:documentation>
        </xsd:annotation>
      </xsd:element>
      <xsd:element ref="HazardousGoodsTransit" minOccurs="0" maxOccurs="unbounded">
        <xsd:annotation>
          <xsd:documentation>
            <ccts:Component>
              <ccts:ComponentType>ASBIE</ccts:ComponentType>
              <ccts:DictionaryEntryName>Hazardous Item. Hazardous Goods Transit</ccts:DictionaryEntryName>
              <ccts:Definition>Associates the Hazardous Item with information about the transportation of hazardous goods.</ccts:Definition>
              <ccts:Cardinality>0..n</ccts:Cardinality>
              <ccts:ObjectClass>Hazardous Item</ccts:ObjectClass>
              <ccts:PropertyTerm>Hazardous Goods Transit</ccts:PropertyTerm>
              <ccts:AssociatedObjectClass>Hazardous Goods Transit</ccts:AssociatedObjectClass>
            </ccts:Component>
          </xsd:documentation>
        </xsd:annotation>
      </xsd:element>
      <xsd:element ref="EmergencyTemperature" minOccurs="0" maxOccurs="1">
        <xsd:annotation>
          <xsd:documentation>
            <ccts:Component>
              <ccts:ComponentType>ASBIE</ccts:ComponentType>
              <ccts:DictionaryEntryName>Hazardous Item. Emergency_ Temperature. Temperature</ccts:DictionaryEntryName>
              <ccts:Definition>Associates the Hazardous Item with the temperature at which emergency procedures apply during the handling of temperature-controlled hazardous goods.</ccts:Definition>
              <ccts:Cardinality>0..1</ccts:Cardinality>
              <ccts:ObjectClass>Hazardous Item</ccts:ObjectClass>
              <ccts:PropertyTermQualifier>Emergency</ccts:PropertyTermQualifier>
              <ccts:PropertyTerm>Temperature</ccts:PropertyTerm>
              <ccts:AssociatedObjectClass>Temperature</ccts:AssociatedObjectClass>
            </ccts:Component>
          </xsd:documentation>
        </xsd:annotation>
      </xsd:element>
      <xsd:element ref="FlashpointTemperature" minOccurs="0" maxOccurs="1">
        <xsd:annotation>
          <xsd:documentation>
            <ccts:Component>
              <ccts:ComponentType>ASBIE</ccts:ComponentType>
              <ccts:DictionaryEntryName>Hazardous Item. Flashpoint_ Temperature. Temperature</ccts:DictionaryEntryName>
              <ccts:Definition>Associates the Hazardous Item with the lowest temperature at which the vapor of a combustible liquid can be made to ignite momentarily in air, known in hazardous goods procedures as the flashpoint.</ccts:Definition>
              <ccts:Cardinality>0..1</ccts:Cardinality>
              <ccts:ObjectClass>Hazardous Item</ccts:ObjectClass>
              <ccts:PropertyTermQualifier>Flashpoint</ccts:PropertyTermQualifier>
              <ccts:PropertyTerm>Temperature</ccts:PropertyTerm>
              <ccts:AssociatedObjectClass>Temperature</ccts:AssociatedObjectClass>
            </ccts:Component>
          </xsd:documentation>
        </xsd:annotation>
      </xsd:element>
      <xsd:element ref="AdditionalTemperature" minOccurs="0" maxOccurs="unbounded">
        <xsd:annotation>
          <xsd:documentation>
            <ccts:Component>
              <ccts:ComponentType>ASBIE</ccts:ComponentType>
              <ccts:DictionaryEntryName>Hazardous Item. Additional_ Temperature. Temperature</ccts:DictionaryEntryName>
              <ccts:Definition>Information providing details of temperatures relevant to the handling of hazardous goods.</ccts:Definition>
              <ccts:Cardinality>0..n</ccts:Cardinality>
              <ccts:ObjectClass>Hazardous Item</ccts:ObjectClass>
              <ccts:PropertyTermQualifier>Additional</ccts:PropertyTermQualifier>
              <ccts:PropertyTerm>Temperature</ccts:PropertyTerm>
              <ccts:AssociatedObjectClass>Temperature</ccts:AssociatedObjectClass>
            </ccts:Component>
          </xsd:documentation>
        </xsd:annotation>
      </xsd:element>
    </xsd:sequence>
  </xsd:complexType>
  <xsd:complexType name="InvoiceLineType">
    <xsd:annotation>
      <xsd:documentation>
        <ccts:Component>
          <ccts:ComponentType>ABIE</ccts:ComponentType>
          <ccts:DictionaryEntryName>Invoice Line. Details</ccts:DictionaryEntryName>
          <ccts:Definition>Information about an Invoice Line.</ccts:Definition>
          <ccts:ObjectClass>Invoice Line</ccts:ObjectClass>
        </ccts:Component>
      </xsd:documentation>
    </xsd:annotation>
    <xsd:sequence>
      <xsd:element ref="cbc:ID" minOccurs="1" maxOccurs="1">
        <xsd:annotation>
          <xsd:documentation>
            <ccts:Component>
              <ccts:ComponentType>BBIE</ccts:ComponentType>
              <ccts:DictionaryEntryName>Invoice Line. Identifier</ccts:DictionaryEntryName>
              <ccts:Definition>Identifies the Invoice Line.</ccts:Definition>
              <ccts:Cardinality>1</ccts:Cardinality>
              <ccts:ObjectClass>Invoice Line</ccts:ObjectClass>
              <ccts:PropertyTerm>Identifier</ccts:PropertyTerm>
              <ccts:RepresentationTerm>Identifier</ccts:RepresentationTerm>
              <ccts:DataType>Identifier. Type</ccts:DataType>
            </ccts:Component>
          </xsd:documentation>
        </xsd:annotation>
      </xsd:element>
      <xsd:element ref="cbc:UUID" minOccurs="0" maxOccurs="1">
        <xsd:annotation>
          <xsd:documentation>
            <ccts:Component>
              <ccts:ComponentType>BBIE</ccts:ComponentType>
              <ccts:DictionaryEntryName>Invoice Line. UUID. Identifier</ccts:DictionaryEntryName>
              <ccts:Definition>A universally unique identifier for an instance of this ABIE.</ccts:Definition>
              <ccts:Cardinality>0..1</ccts:Cardinality>
              <ccts:ObjectClass>Invoice Line</ccts:ObjectClass>
              <ccts:PropertyTerm>UUID</ccts:PropertyTerm>
              <ccts:RepresentationTerm>Identifier</ccts:RepresentationTerm>
              <ccts:DataType>Identifier. Type</ccts:DataType>
            </ccts:Component>
          </xsd:documentation>
        </xsd:annotation>
      </xsd:element>
      <xsd:element ref="cbc:Note" minOccurs="0" maxOccurs="1">
        <xsd:annotation>
          <xsd:documentation>
            <ccts:Component>
              <ccts:ComponentType>BBIE</ccts:ComponentType>
              <ccts:DictionaryEntryName>Invoice Line. Note. Text</ccts:DictionaryEntryName>
              <ccts:Definition>Free-form text applying to the Invoice Line. This element may contain notes or any other similar information that is not contained explicitly in another structure.</ccts:Definition>
              <ccts:Cardinality>0..1</ccts:Cardinality>
              <ccts:ObjectClass>Invoice Line</ccts:ObjectClass>
              <ccts:PropertyTerm>Note</ccts:PropertyTerm>
              <ccts:RepresentationTerm>Text</ccts:RepresentationTerm>
              <ccts:DataType>Text. Type</ccts:DataType>
            </ccts:Component>
          </xsd:documentation>
        </xsd:annotation>
      </xsd:element>
      <xsd:element ref="cbc:InvoicedQuantity" minOccurs="0" maxOccurs="1">
        <xsd:annotation>
          <xsd:documentation>
            <ccts:Component>
              <ccts:ComponentType>BBIE</ccts:ComponentType>
              <ccts:DictionaryEntryName>Invoice Line. Invoiced_ Quantity. Quantity</ccts:DictionaryEntryName>
              <ccts:Definition>The quantity (of Items) on the Invoice Line.</ccts:Definition>
              <ccts:Cardinality>0..1</ccts:Cardinality>
              <ccts:ObjectClass>Invoice Line</ccts:ObjectClass>
              <ccts:PropertyTermQualifier>Invoiced</ccts:PropertyTermQualifier>
              <ccts:PropertyTerm>Quantity</ccts:PropertyTerm>
              <ccts:RepresentationTerm>Quantity</ccts:RepresentationTerm>
              <ccts:DataType>Quantity. Type</ccts:DataType>
            </ccts:Component>
          </xsd:documentation>
        </xsd:annotation>
      </xsd:element>
      <xsd:element ref="cbc:LineExtensionAmount" minOccurs="1" maxOccurs="1">
        <xsd:annotation>
          <xsd:documentation>
            <ccts:Component>
              <ccts:ComponentType>BBIE</ccts:ComponentType>
              <ccts:DictionaryEntryName>Invoice Line. Line Extension Amount. Amount</ccts:DictionaryEntryName>
              <ccts:Definition>The total amount for the Invoice Line, including Allowance Charges but net of taxes.</ccts:Definition>
              <ccts:Cardinality>1</ccts:Cardinality>
              <ccts:ObjectClass>Invoice Line</ccts:ObjectClass>
              <ccts:PropertyTerm>Line Extension Amount</ccts:PropertyTerm>
              <ccts:RepresentationTerm>Amount</ccts:RepresentationTerm>
              <ccts:DataType>Amount. Type</ccts:DataType>
            </ccts:Component>
          </xsd:documentation>
        </xsd:annotation>
      </xsd:element>
      <xsd:element ref="cbc:TaxPointDate" minOccurs="0" maxOccurs="1">
        <xsd:annotation>
          <xsd:documentation>
            <ccts:Component>
              <ccts:ComponentType>BBIE</ccts:ComponentType>
              <ccts:DictionaryEntryName>Invoice Line. Tax Point Date. Date</ccts:DictionaryEntryName>
              <ccts:Definition>The date of the Invoice Line, used to indicate the point at which tax becomes applicable.</ccts:Definition>
              <ccts:Cardinality>0..1</ccts:Cardinality>
              <ccts:ObjectClass>Invoice Line</ccts:ObjectClass>
              <ccts:PropertyTerm>Tax Point Date</ccts:PropertyTerm>
              <ccts:RepresentationTerm>Date</ccts:RepresentationTerm>
              <ccts:DataType>Date. Type</ccts:DataType>
            </ccts:Component>
          </xsd:documentation>
        </xsd:annotation>
      </xsd:element>
      <xsd:element ref="cbc:AccountingCostCode" minOccurs="0" maxOccurs="1">
        <xsd:annotation>
          <xsd:documentation>
            <ccts:Component>
              <ccts:ComponentType>BBIE</ccts:ComponentType>
              <ccts:DictionaryEntryName>Invoice Line. Accounting Cost Code. Code</ccts:DictionaryEntryName>
              <ccts:Definition>The buyer's accounting code applied to the Invoice Line.</ccts:Definition>
              <ccts:Cardinality>0..1</ccts:Cardinality>
              <ccts:ObjectClass>Invoice Line</ccts:ObjectClass>
              <ccts:PropertyTerm>Accounting Cost Code</ccts:PropertyTerm>
              <ccts:RepresentationTerm>Code</ccts:RepresentationTerm>
              <ccts:DataType>Code. Type</ccts:DataType>
            </ccts:Component>
          </xsd:documentation>
        </xsd:annotation>
      </xsd:element>
      <xsd:element ref="cbc:AccountingCost" minOccurs="0" maxOccurs="1">
        <xsd:annotation>
          <xsd:documentation>
            <ccts:Component>
              <ccts:ComponentType>BBIE</ccts:ComponentType>
              <ccts:DictionaryEntryName>Invoice Line. Accounting Cost. Text</ccts:DictionaryEntryName>
              <ccts:Definition>The buyer's accounting code applied to the Invoice Line, expressed as text.</ccts:Definition>
              <ccts:Cardinality>0..1</ccts:Cardinality>
              <ccts:ObjectClass>Invoice Line</ccts:ObjectClass>
              <ccts:PropertyTerm>Accounting Cost</ccts:PropertyTerm>
              <ccts:RepresentationTerm>Text</ccts:RepresentationTerm>
              <ccts:DataType>Text. Type</ccts:DataType>
            </ccts:Component>
          </xsd:documentation>
        </xsd:annotation>
      </xsd:element>
      <xsd:element ref="cbc:FreeOfChargeIndicator" minOccurs="0" maxOccurs="1">
        <xsd:annotation>
          <xsd:documentation>
            <ccts:Component>
              <ccts:ComponentType>BBIE</ccts:ComponentType>
              <ccts:DictionaryEntryName>Invoice Line. Free Of Charge_ Indicator. Indicator</ccts:DictionaryEntryName>
              <ccts:Definition>Indicates whether the Invoice Line is Free Of Charge (default = false).</ccts:Definition>
              <ccts:Cardinality>0..1</ccts:Cardinality>
              <ccts:ObjectClass>Invoice Line</ccts:ObjectClass>
              <ccts:PropertyTermQualifier>Free Of Charge</ccts:PropertyTermQualifier>
              <ccts:PropertyTerm>Indicator</ccts:PropertyTerm>
              <ccts:RepresentationTerm>Indicator</ccts:RepresentationTerm>
              <ccts:DataType>Indicator. Type</ccts:DataType>
            </ccts:Component>
          </xsd:documentation>
        </xsd:annotation>
      </xsd:element>
      <xsd:element ref="OrderLineReference" minOccurs="0" maxOccurs="unbounded">
        <xsd:annotation>
          <xsd:documentation>
            <ccts:Component>
              <ccts:ComponentType>ASBIE</ccts:ComponentType>
              <ccts:DictionaryEntryName>Invoice Line. Order Line Reference</ccts:DictionaryEntryName>
              <ccts:Definition>An association to Order Line Reference.</ccts:Definition>
              <ccts:Cardinality>0..n</ccts:Cardinality>
              <ccts:ObjectClass>Invoice Line</ccts:ObjectClass>
              <ccts:PropertyTerm>Order Line Reference</ccts:PropertyTerm>
              <ccts:AssociatedObjectClass>Order Line Reference</ccts:AssociatedObjectClass>
            </ccts:Component>
          </xsd:documentation>
        </xsd:annotation>
      </xsd:element>
      <xsd:element ref="DespatchLineReference" minOccurs="0" maxOccurs="unbounded">
        <xsd:annotation>
          <xsd:documentation>
            <ccts:Component>
              <ccts:ComponentType>ASBIE</ccts:ComponentType>
              <ccts:DictionaryEntryName>Invoice Line. Despatch_ Line Reference. Line Reference</ccts:DictionaryEntryName>
              <ccts:Definition>An associative reference to Despatch Line.</ccts:Definition>
              <ccts:Cardinality>0..n</ccts:Cardinality>
              <ccts:ObjectClass>Invoice Line</ccts:ObjectClass>
              <ccts:PropertyTermQualifier>Despatch</ccts:PropertyTermQualifier>
              <ccts:PropertyTerm>Line Reference</ccts:PropertyTerm>
              <ccts:AssociatedObjectClass>Line Reference</ccts:AssociatedObjectClass>
            </ccts:Component>
          </xsd:documentation>
        </xsd:annotation>
      </xsd:element>
      <xsd:element ref="ReceiptLineReference" minOccurs="0" maxOccurs="unbounded">
        <xsd:annotation>
          <xsd:documentation>
            <ccts:Component>
              <ccts:ComponentType>ASBIE</ccts:ComponentType>
              <ccts:DictionaryEntryName>Invoice Line. Receipt_ Line Reference. Line Reference</ccts:DictionaryEntryName>
              <ccts:Definition>An associative reference to Receipt Line.</ccts:Definition>
              <ccts:Cardinality>0..n</ccts:Cardinality>
              <ccts:ObjectClass>Invoice Line</ccts:ObjectClass>
              <ccts:PropertyTermQualifier>Receipt</ccts:PropertyTermQualifier>
              <ccts:PropertyTerm>Line Reference</ccts:PropertyTerm>
              <ccts:AssociatedObjectClass>Line Reference</ccts:AssociatedObjectClass>
            </ccts:Component>
          </xsd:documentation>
        </xsd:annotation>
      </xsd:element>
      <xsd:element ref="BillingReference" minOccurs="0" maxOccurs="unbounded">
        <xsd:annotation>
          <xsd:documentation>
            <ccts:Component>
              <ccts:ComponentType>ASBIE</ccts:ComponentType>
              <ccts:DictionaryEntryName>Invoice Line. Billing Reference</ccts:DictionaryEntryName>
              <ccts:Definition>An association to Billing Reference.</ccts:Definition>
              <ccts:Cardinality>0..n</ccts:Cardinality>
              <ccts:ObjectClass>Invoice Line</ccts:ObjectClass>
              <ccts:PropertyTerm>Billing Reference</ccts:PropertyTerm>
              <ccts:AssociatedObjectClass>Billing Reference</ccts:AssociatedObjectClass>
            </ccts:Component>
          </xsd:documentation>
        </xsd:annotation>
      </xsd:element>
      <xsd:element ref="DocumentReference" minOccurs="0" maxOccurs="unbounded">
        <xsd:annotation>
          <xsd:documentation>
            <ccts:Component>
              <ccts:ComponentType>ASBIE</ccts:ComponentType>
              <ccts:DictionaryEntryName>Invoice Line. Document Reference</ccts:DictionaryEntryName>
              <ccts:Definition>An association to Document Reference.</ccts:Definition>
              <ccts:Cardinality>0..n</ccts:Cardinality>
              <ccts:ObjectClass>Invoice Line</ccts:ObjectClass>
              <ccts:PropertyTerm>Document Reference</ccts:PropertyTerm>
              <ccts:AssociatedObjectClass>Document Reference</ccts:AssociatedObjectClass>
            </ccts:Component>
          </xsd:documentation>
        </xsd:annotation>
      </xsd:element>
      <xsd:element ref="PricingReference" minOccurs="0" maxOccurs="1">
        <xsd:annotation>
          <xsd:documentation>
            <ccts:Component>
              <ccts:ComponentType>ASBIE</ccts:ComponentType>
              <ccts:DictionaryEntryName>Invoice Line. Pricing Reference</ccts:DictionaryEntryName>
              <ccts:Definition>An association to Pricing Reference.</ccts:Definition>
              <ccts:Cardinality>0..1</ccts:Cardinality>
              <ccts:ObjectClass>Invoice Line</ccts:ObjectClass>
              <ccts:PropertyTerm>Pricing Reference</ccts:PropertyTerm>
              <ccts:AssociatedObjectClass>Pricing Reference</ccts:AssociatedObjectClass>
            </ccts:Component>
          </xsd:documentation>
        </xsd:annotation>
      </xsd:element>
      <xsd:element ref="OriginatorParty" minOccurs="0" maxOccurs="1">
        <xsd:annotation>
          <xsd:documentation>
            <ccts:Component>
              <ccts:ComponentType>ASBIE</ccts:ComponentType>
              <ccts:DictionaryEntryName>Invoice Line. Originator_ Party. Party</ccts:DictionaryEntryName>
              <ccts:Definition>The party who originated the Order to which the Invoice is related.</ccts:Definition>
              <ccts:Cardinality>0..1</ccts:Cardinality>
              <ccts:ObjectClass>Invoice Line</ccts:ObjectClass>
              <ccts:PropertyTermQualifier>Originator</ccts:PropertyTermQualifier>
              <ccts:PropertyTerm>Party</ccts:PropertyTerm>
              <ccts:AssociatedObjectClass>Party</ccts:AssociatedObjectClass>
            </ccts:Component>
          </xsd:documentation>
        </xsd:annotation>
      </xsd:element>
      <xsd:element ref="Delivery" minOccurs="0" maxOccurs="unbounded">
        <xsd:annotation>
          <xsd:documentation>
            <ccts:Component>
              <ccts:ComponentType>ASBIE</ccts:ComponentType>
              <ccts:DictionaryEntryName>Invoice Line. Delivery</ccts:DictionaryEntryName>
              <ccts:Definition>An association to Delivery.</ccts:Definition>
              <ccts:Cardinality>0..n</ccts:Cardinality>
              <ccts:ObjectClass>Invoice Line</ccts:ObjectClass>
              <ccts:PropertyTerm>Delivery</ccts:PropertyTerm>
              <ccts:AssociatedObjectClass>Delivery</ccts:AssociatedObjectClass>
            </ccts:Component>
          </xsd:documentation>
        </xsd:annotation>
      </xsd:element>
      <xsd:element ref="PaymentTerms" minOccurs="0" maxOccurs="unbounded">
        <xsd:annotation>
          <xsd:documentation>
            <ccts:Component>
              <ccts:ComponentType>ASBIE</ccts:ComponentType>
              <ccts:DictionaryEntryName>Invoice Line. Payment Terms</ccts:DictionaryEntryName>
              <ccts:Definition>An association to Payment Terms.</ccts:Definition>
              <ccts:Cardinality>0..n</ccts:Cardinality>
              <ccts:ObjectClass>Invoice Line</ccts:ObjectClass>
              <ccts:PropertyTerm>Payment Terms</ccts:PropertyTerm>
              <ccts:AssociatedObjectClass>Payment Terms</ccts:AssociatedObjectClass>
            </ccts:Component>
          </xsd:documentation>
        </xsd:annotation>
      </xsd:element>
      <xsd:element ref="AllowanceCharge" minOccurs="0" maxOccurs="unbounded">
        <xsd:annotation>
          <xsd:documentation>
            <ccts:Component>
              <ccts:ComponentType>ASBIE</ccts:ComponentType>
              <ccts:DictionaryEntryName>Invoice Line. Allowance Charge</ccts:DictionaryEntryName>
              <ccts:Definition>An association to Allowance Charge.</ccts:Definition>
              <ccts:Cardinality>0..n</ccts:Cardinality>
              <ccts:ObjectClass>Invoice Line</ccts:ObjectClass>
              <ccts:PropertyTerm>Allowance Charge</ccts:PropertyTerm>
              <ccts:AssociatedObjectClass>Allowance Charge</ccts:AssociatedObjectClass>
            </ccts:Component>
          </xsd:documentation>
        </xsd:annotation>
      </xsd:element>
      <xsd:element ref="TaxTotal" minOccurs="0" maxOccurs="unbounded">
        <xsd:annotation>
          <xsd:documentation>
            <ccts:Component>
              <ccts:ComponentType>ASBIE</ccts:ComponentType>
              <ccts:DictionaryEntryName>Invoice Line. Tax Total</ccts:DictionaryEntryName>
              <ccts:Definition>An association to Tax Total.</ccts:Definition>
              <ccts:Cardinality>0..n</ccts:Cardinality>
              <ccts:ObjectClass>Invoice Line</ccts:ObjectClass>
              <ccts:PropertyTerm>Tax Total</ccts:PropertyTerm>
              <ccts:AssociatedObjectClass>Tax Total</ccts:AssociatedObjectClass>
            </ccts:Component>
          </xsd:documentation>
        </xsd:annotation>
      </xsd:element>
      <xsd:element ref="Item" minOccurs="1" maxOccurs="1">
        <xsd:annotation>
          <xsd:documentation>
            <ccts:Component>
              <ccts:ComponentType>ASBIE</ccts:ComponentType>
              <ccts:DictionaryEntryName>Invoice Line. Item</ccts:DictionaryEntryName>
              <ccts:Definition>An association to Item.</ccts:Definition>
              <ccts:Cardinality>1</ccts:Cardinality>
              <ccts:ObjectClass>Invoice Line</ccts:ObjectClass>
              <ccts:PropertyTerm>Item</ccts:PropertyTerm>
              <ccts:AssociatedObjectClass>Item</ccts:AssociatedObjectClass>
            </ccts:Component>
          </xsd:documentation>
        </xsd:annotation>
      </xsd:element>
      <xsd:element ref="Price" minOccurs="0" maxOccurs="1">
        <xsd:annotation>
          <xsd:documentation>
            <ccts:Component>
              <ccts:ComponentType>ASBIE</ccts:ComponentType>
              <ccts:DictionaryEntryName>Invoice Line. Price</ccts:DictionaryEntryName>
              <ccts:Definition>An association to Price.</ccts:Definition>
              <ccts:Cardinality>0..1</ccts:Cardinality>
              <ccts:ObjectClass>Invoice Line</ccts:ObjectClass>
              <ccts:PropertyTerm>Price</ccts:PropertyTerm>
              <ccts:AssociatedObjectClass>Price</ccts:AssociatedObjectClass>
            </ccts:Component>
          </xsd:documentation>
        </xsd:annotation>
      </xsd:element>
      <xsd:element ref="DeliveryTerms" minOccurs="0" maxOccurs="1">
        <xsd:annotation>
          <xsd:documentation>
            <ccts:Component>
              <ccts:ComponentType>ASBIE</ccts:ComponentType>
              <ccts:DictionaryEntryName>Invoice Line. Delivery Terms</ccts:DictionaryEntryName>
              <ccts:Definition>An association to Delivery Terms.</ccts:Definition>
              <ccts:Cardinality>0..1</ccts:Cardinality>
              <ccts:ObjectClass>Invoice Line</ccts:ObjectClass>
              <ccts:PropertyTerm>Delivery Terms</ccts:PropertyTerm>
              <ccts:AssociatedObjectClass>Delivery Terms</ccts:AssociatedObjectClass>
            </ccts:Component>
          </xsd:documentation>
        </xsd:annotation>
      </xsd:element>
    </xsd:sequence>
  </xsd:complexType>
  <xsd:complexType name="ItemType">
    <xsd:annotation>
      <xsd:documentation>
        <ccts:Component>
          <ccts:ComponentType>ABIE</ccts:ComponentType>
          <ccts:DictionaryEntryName>Item. Details</ccts:DictionaryEntryName>
          <ccts:Definition>Information directly relating to an item.</ccts:Definition>
          <ccts:ObjectClass>Item</ccts:ObjectClass>
          <ccts:AlternativeBusinessTerms>article, product, goods item</ccts:AlternativeBusinessTerms>
        </ccts:Component>
      </xsd:documentation>
    </xsd:annotation>
    <xsd:sequence>
      <xsd:element ref="cbc:Description" minOccurs="0" maxOccurs="unbounded">
        <xsd:annotation>
          <xsd:documentation>
            <ccts:Component>
              <ccts:ComponentType>BBIE</ccts:ComponentType>
              <ccts:DictionaryEntryName>Item. Description. Text</ccts:DictionaryEntryName>
              <ccts:Definition>Free-form field that can be used to give a text description of the item.</ccts:Definition>
              <ccts:Cardinality>0..n</ccts:Cardinality>
              <ccts:ObjectClass>Item</ccts:ObjectClass>
              <ccts:PropertyTerm>Description</ccts:PropertyTerm>
              <ccts:RepresentationTerm>Text</ccts:RepresentationTerm>
              <ccts:DataType>Text. Type</ccts:DataType>
            </ccts:Component>
          </xsd:documentation>
        </xsd:annotation>
      </xsd:element>
      <xsd:element ref="cbc:PackQuantity" minOccurs="0" maxOccurs="1">
        <xsd:annotation>
          <xsd:documentation>
            <ccts:Component>
              <ccts:ComponentType>BBIE</ccts:ComponentType>
              <ccts:DictionaryEntryName>Item. Pack Quantity. Quantity</ccts:DictionaryEntryName>
              <ccts:Definition>The unit packaging quantity.</ccts:Definition>
              <ccts:Cardinality>0..1</ccts:Cardinality>
              <ccts:ObjectClass>Item</ccts:ObjectClass>
              <ccts:PropertyTerm>Pack Quantity</ccts:PropertyTerm>
              <ccts:RepresentationTerm>Quantity</ccts:RepresentationTerm>
              <ccts:DataType>Quantity. Type</ccts:DataType>
            </ccts:Component>
          </xsd:documentation>
        </xsd:annotation>
      </xsd:element>
      <xsd:element ref="cbc:PackSizeNumeric" minOccurs="0" maxOccurs="1">
        <xsd:annotation>
          <xsd:documentation>
            <ccts:Component>
              <ccts:ComponentType>BBIE</ccts:ComponentType>
              <ccts:DictionaryEntryName>Item. Pack Size. Numeric</ccts:DictionaryEntryName>
              <ccts:Definition>The number of items in a pack.</ccts:Definition>
              <ccts:Cardinality>0..1</ccts:Cardinality>
              <ccts:ObjectClass>Item</ccts:ObjectClass>
              <ccts:PropertyTerm>Pack Size</ccts:PropertyTerm>
              <ccts:RepresentationTerm>Numeric</ccts:RepresentationTerm>
              <ccts:DataType>Numeric. Type</ccts:DataType>
            </ccts:Component>
          </xsd:documentation>
        </xsd:annotation>
      </xsd:element>
      <xsd:element ref="cbc:CatalogueIndicator" minOccurs="0" maxOccurs="1">
        <xsd:annotation>
          <xsd:documentation>
            <ccts:Component>
              <ccts:ComponentType>BBIE</ccts:ComponentType>
              <ccts:DictionaryEntryName>Item. Catalogue_ Indicator. Indicator</ccts:DictionaryEntryName>
              <ccts:Definition>Indicates whether the item was ordered from a Catalogue (true) or not (false).</ccts:Definition>
              <ccts:Cardinality>0..1</ccts:Cardinality>
              <ccts:ObjectClass>Item</ccts:ObjectClass>
              <ccts:PropertyTermQualifier>Catalogue</ccts:PropertyTermQualifier>
              <ccts:PropertyTerm>Indicator</ccts:PropertyTerm>
              <ccts:RepresentationTerm>Indicator</ccts:RepresentationTerm>
              <ccts:DataType>Indicator. Type</ccts:DataType>
            </ccts:Component>
          </xsd:documentation>
        </xsd:annotation>
      </xsd:element>
      <xsd:element ref="cbc:Name" minOccurs="0" maxOccurs="1">
        <xsd:annotation>
          <xsd:documentation>
            <ccts:Component>
              <ccts:ComponentType>BBIE</ccts:ComponentType>
              <ccts:DictionaryEntryName>Item. Name</ccts:DictionaryEntryName>
              <ccts:Definition>A short name optionally given to an item, such as a name from a Catalogue, as distinct from a description.</ccts:Definition>
              <ccts:Cardinality>0..1</ccts:Cardinality>
              <ccts:ObjectClass>Item</ccts:ObjectClass>
              <ccts:PropertyTerm>Name</ccts:PropertyTerm>
              <ccts:RepresentationTerm>Name</ccts:RepresentationTerm>
              <ccts:DataType>Name. Type</ccts:DataType>
            </ccts:Component>
          </xsd:documentation>
        </xsd:annotation>
      </xsd:element>
      <xsd:element ref="cbc:HazardousRiskIndicator" minOccurs="0" maxOccurs="1">
        <xsd:annotation>
          <xsd:documentation>
            <ccts:Component>
              <ccts:ComponentType>BBIE</ccts:ComponentType>
              <ccts:DictionaryEntryName>Item. Hazardous Risk_ Indicator. Indicator</ccts:DictionaryEntryName>
              <ccts:Definition>Indicates whether the item as delivered is hazardous.</ccts:Definition>
              <ccts:Cardinality>0..1</ccts:Cardinality>
              <ccts:ObjectClass>Item</ccts:ObjectClass>
              <ccts:PropertyTermQualifier>Hazardous Risk</ccts:PropertyTermQualifier>
              <ccts:PropertyTerm>Indicator</ccts:PropertyTerm>
              <ccts:RepresentationTerm>Indicator</ccts:RepresentationTerm>
              <ccts:DataType>Indicator. Type</ccts:DataType>
              <ccts:Examples>Default is negative</ccts:Examples>
            </ccts:Component>
          </xsd:documentation>
        </xsd:annotation>
      </xsd:element>
      <xsd:element ref="cbc:AdditionalInformation" minOccurs="0" maxOccurs="1">
        <xsd:annotation>
          <xsd:documentation>
            <ccts:Component>
              <ccts:ComponentType>BBIE</ccts:ComponentType>
              <ccts:DictionaryEntryName>Item. Additional_ Information. Text</ccts:DictionaryEntryName>
              <ccts:Definition>Provides more details of the item (e.g., the URL of a relevant web page).</ccts:Definition>
              <ccts:Cardinality>0..1</ccts:Cardinality>
              <ccts:ObjectClass>Item</ccts:ObjectClass>
              <ccts:PropertyTermQualifier>Additional</ccts:PropertyTermQualifier>
              <ccts:PropertyTerm>Information</ccts:PropertyTerm>
              <ccts:RepresentationTerm>Text</ccts:RepresentationTerm>
              <ccts:DataType>Text. Type</ccts:DataType>
            </ccts:Component>
          </xsd:documentation>
        </xsd:annotation>
      </xsd:element>
      <xsd:element ref="cbc:Keyword" minOccurs="0" maxOccurs="unbounded">
        <xsd:annotation>
          <xsd:documentation>
            <ccts:Component>
              <ccts:ComponentType>BBIE</ccts:ComponentType>
              <ccts:DictionaryEntryName>Item. Keyword. Text</ccts:DictionaryEntryName>
              <ccts:Definition>A Seller Party-defined search string for the item. Also could be synonyms for identifying the item.</ccts:Definition>
              <ccts:Cardinality>0..n</ccts:Cardinality>
              <ccts:ObjectClass>Item</ccts:ObjectClass>
              <ccts:PropertyTerm>Keyword</ccts:PropertyTerm>
              <ccts:RepresentationTerm>Text</ccts:RepresentationTerm>
              <ccts:DataType>Text. Type</ccts:DataType>
            </ccts:Component>
          </xsd:documentation>
        </xsd:annotation>
      </xsd:element>
      <xsd:element ref="cbc:BrandName" minOccurs="0" maxOccurs="unbounded">
        <xsd:annotation>
          <xsd:documentation>
            <ccts:Component>
              <ccts:ComponentType>BBIE</ccts:ComponentType>
              <ccts:DictionaryEntryName>Item. Brand Name. Name</ccts:DictionaryEntryName>
              <ccts:Definition>Brand name for the item.</ccts:Definition>
              <ccts:Cardinality>0..n</ccts:Cardinality>
              <ccts:ObjectClass>Item</ccts:ObjectClass>
              <ccts:PropertyTerm>Brand Name</ccts:PropertyTerm>
              <ccts:RepresentationTerm>Name</ccts:RepresentationTerm>
              <ccts:DataType>Name. Type</ccts:DataType>
              <ccts:Examples>Coca-Cola</ccts:Examples>
            </ccts:Component>
          </xsd:documentation>
        </xsd:annotation>
      </xsd:element>
      <xsd:element ref="cbc:ModelName" minOccurs="0" maxOccurs="unbounded">
        <xsd:annotation>
          <xsd:documentation>
            <ccts:Component>
              <ccts:ComponentType>BBIE</ccts:ComponentType>
              <ccts:DictionaryEntryName>Item. Model Name. Name</ccts:DictionaryEntryName>
              <ccts:Definition>Model name for the item.</ccts:Definition>
              <ccts:Cardinality>0..n</ccts:Cardinality>
              <ccts:ObjectClass>Item</ccts:ObjectClass>
              <ccts:PropertyTerm>Model Name</ccts:PropertyTerm>
              <ccts:RepresentationTerm>Name</ccts:RepresentationTerm>
              <ccts:DataType>Name. Type</ccts:DataType>
              <ccts:Examples>"VW Beetle"</ccts:Examples>
            </ccts:Component>
          </xsd:documentation>
        </xsd:annotation>
      </xsd:element>
      <xsd:element ref="BuyersItemIdentification" minOccurs="0" maxOccurs="1">
        <xsd:annotation>
          <xsd:documentation>
            <ccts:Component>
              <ccts:ComponentType>ASBIE</ccts:ComponentType>
              <ccts:DictionaryEntryName>Item. Buyers_ Item Identification. Item Identification</ccts:DictionaryEntryName>
              <ccts:Definition>Associates the item with its identification according to the buyer's system.</ccts:Definition>
              <ccts:Cardinality>0..1</ccts:Cardinality>
              <ccts:ObjectClass>Item</ccts:ObjectClass>
              <ccts:PropertyTermQualifier>Buyers</ccts:PropertyTermQualifier>
              <ccts:PropertyTerm>Item Identification</ccts:PropertyTerm>
              <ccts:AssociatedObjectClass>Item Identification</ccts:AssociatedObjectClass>
            </ccts:Component>
          </xsd:documentation>
        </xsd:annotation>
      </xsd:element>
      <xsd:element ref="SellersItemIdentification" minOccurs="0" maxOccurs="1">
        <xsd:annotation>
          <xsd:documentation>
            <ccts:Component>
              <ccts:ComponentType>ASBIE</ccts:ComponentType>
              <ccts:DictionaryEntryName>Item. Sellers_ Item Identification. Item Identification</ccts:DictionaryEntryName>
              <ccts:Definition>Associates the item with its identification according to the seller's system.</ccts:Definition>
              <ccts:Cardinality>0..1</ccts:Cardinality>
              <ccts:ObjectClass>Item</ccts:ObjectClass>
              <ccts:PropertyTermQualifier>Sellers</ccts:PropertyTermQualifier>
              <ccts:PropertyTerm>Item Identification</ccts:PropertyTerm>
              <ccts:AssociatedObjectClass>Item Identification</ccts:AssociatedObjectClass>
            </ccts:Component>
          </xsd:documentation>
        </xsd:annotation>
      </xsd:element>
      <xsd:element ref="ManufacturersItemIdentification" minOccurs="0" maxOccurs="unbounded">
        <xsd:annotation>
          <xsd:documentation>
            <ccts:Component>
              <ccts:ComponentType>ASBIE</ccts:ComponentType>
              <ccts:DictionaryEntryName>Item. Manufacturers_ Item Identification. Item Identification</ccts:DictionaryEntryName>
              <ccts:Definition>Associates the item with its identification according to the manufacturer's system.</ccts:Definition>
              <ccts:Cardinality>0..n</ccts:Cardinality>
              <ccts:ObjectClass>Item</ccts:ObjectClass>
              <ccts:PropertyTermQualifier>Manufacturers</ccts:PropertyTermQualifier>
              <ccts:PropertyTerm>Item Identification</ccts:PropertyTerm>
              <ccts:AssociatedObjectClass>Item Identification</ccts:AssociatedObjectClass>
            </ccts:Component>
          </xsd:documentation>
        </xsd:annotation>
      </xsd:element>
      <xsd:element ref="StandardItemIdentification" minOccurs="0" maxOccurs="1">
        <xsd:annotation>
          <xsd:documentation>
            <ccts:Component>
              <ccts:ComponentType>ASBIE</ccts:ComponentType>
              <ccts:DictionaryEntryName>Item. Standard_ Item Identification. Item Identification</ccts:DictionaryEntryName>
              <ccts:Definition>Associates the item with its identification according to a standard system.</ccts:Definition>
              <ccts:Cardinality>0..1</ccts:Cardinality>
              <ccts:ObjectClass>Item</ccts:ObjectClass>
              <ccts:PropertyTermQualifier>Standard</ccts:PropertyTermQualifier>
              <ccts:PropertyTerm>Item Identification</ccts:PropertyTerm>
              <ccts:AssociatedObjectClass>Item Identification</ccts:AssociatedObjectClass>
            </ccts:Component>
          </xsd:documentation>
        </xsd:annotation>
      </xsd:element>
      <xsd:element ref="CatalogueItemIdentification" minOccurs="0" maxOccurs="1">
        <xsd:annotation>
          <xsd:documentation>
            <ccts:Component>
              <ccts:ComponentType>ASBIE</ccts:ComponentType>
              <ccts:DictionaryEntryName>Item. Catalogue_ Item Identification. Item Identification</ccts:DictionaryEntryName>
              <ccts:Definition>Associates the item with its identification according to a cataloguing system.</ccts:Definition>
              <ccts:Cardinality>0..1</ccts:Cardinality>
              <ccts:ObjectClass>Item</ccts:ObjectClass>
              <ccts:PropertyTermQualifier>Catalogue</ccts:PropertyTermQualifier>
              <ccts:PropertyTerm>Item Identification</ccts:PropertyTerm>
              <ccts:AssociatedObjectClass>Item Identification</ccts:AssociatedObjectClass>
            </ccts:Component>
          </xsd:documentation>
        </xsd:annotation>
      </xsd:element>
      <xsd:element ref="AdditionalItemIdentification" minOccurs="0" maxOccurs="unbounded">
        <xsd:annotation>
          <xsd:documentation>
            <ccts:Component>
              <ccts:ComponentType>ASBIE</ccts:ComponentType>
              <ccts:DictionaryEntryName>Item. Additional_ Item Identification. Item Identification</ccts:DictionaryEntryName>
              <ccts:Definition>Associates the item with other identification means.</ccts:Definition>
              <ccts:Cardinality>0..n</ccts:Cardinality>
              <ccts:ObjectClass>Item</ccts:ObjectClass>
              <ccts:PropertyTermQualifier>Additional</ccts:PropertyTermQualifier>
              <ccts:PropertyTerm>Item Identification</ccts:PropertyTerm>
              <ccts:AssociatedObjectClass>Item Identification</ccts:AssociatedObjectClass>
            </ccts:Component>
          </xsd:documentation>
        </xsd:annotation>
      </xsd:element>
      <xsd:element ref="CatalogueDocumentReference" minOccurs="0" maxOccurs="1">
        <xsd:annotation>
          <xsd:documentation>
            <ccts:Component>
              <ccts:ComponentType>ASBIE</ccts:ComponentType>
              <ccts:DictionaryEntryName>Item. Catalogue_ Document Reference. Document Reference</ccts:DictionaryEntryName>
              <ccts:Definition>An associative reference to Catalogue.</ccts:Definition>
              <ccts:Cardinality>0..1</ccts:Cardinality>
              <ccts:ObjectClass>Item</ccts:ObjectClass>
              <ccts:PropertyTermQualifier>Catalogue</ccts:PropertyTermQualifier>
              <ccts:PropertyTerm>Document Reference</ccts:PropertyTerm>
              <ccts:AssociatedObjectClass>Document Reference</ccts:AssociatedObjectClass>
            </ccts:Component>
          </xsd:documentation>
        </xsd:annotation>
      </xsd:element>
      <xsd:element ref="ItemSpecificationDocumentReference" minOccurs="0" maxOccurs="unbounded">
        <xsd:annotation>
          <xsd:documentation>
            <ccts:Component>
              <ccts:ComponentType>ASBIE</ccts:ComponentType>
              <ccts:DictionaryEntryName>Item. Item Specification_ Document Reference. Document Reference</ccts:DictionaryEntryName>
              <ccts:Definition>An associative reference to a document providing Item specification.</ccts:Definition>
              <ccts:Cardinality>0..n</ccts:Cardinality>
              <ccts:ObjectClass>Item</ccts:ObjectClass>
              <ccts:PropertyTermQualifier>Item Specification</ccts:PropertyTermQualifier>
              <ccts:PropertyTerm>Document Reference</ccts:PropertyTerm>
              <ccts:AssociatedObjectClass>Document Reference</ccts:AssociatedObjectClass>
            </ccts:Component>
          </xsd:documentation>
        </xsd:annotation>
      </xsd:element>
      <xsd:element ref="OriginCountry" minOccurs="0" maxOccurs="1">
        <xsd:annotation>
          <xsd:documentation>
            <ccts:Component>
              <ccts:ComponentType>ASBIE</ccts:ComponentType>
              <ccts:DictionaryEntryName>Item. Origin_ Country. Country</ccts:DictionaryEntryName>
              <ccts:Definition>Associates the item with its country of origin.</ccts:Definition>
              <ccts:Cardinality>0..1</ccts:Cardinality>
              <ccts:ObjectClass>Item</ccts:ObjectClass>
              <ccts:PropertyTermQualifier>Origin</ccts:PropertyTermQualifier>
              <ccts:PropertyTerm>Country</ccts:PropertyTerm>
              <ccts:AssociatedObjectClass>Country</ccts:AssociatedObjectClass>
            </ccts:Component>
          </xsd:documentation>
        </xsd:annotation>
      </xsd:element>
      <xsd:element ref="CommodityClassification" minOccurs="0" maxOccurs="unbounded">
        <xsd:annotation>
          <xsd:documentation>
            <ccts:Component>
              <ccts:ComponentType>ASBIE</ccts:ComponentType>
              <ccts:DictionaryEntryName>Item. Commodity Classification</ccts:DictionaryEntryName>
              <ccts:Definition>Associates the item with its classification(s) according to a commodity classifying system.</ccts:Definition>
              <ccts:Cardinality>0..n</ccts:Cardinality>
              <ccts:ObjectClass>Item</ccts:ObjectClass>
              <ccts:PropertyTerm>Commodity Classification</ccts:PropertyTerm>
              <ccts:AssociatedObjectClass>Commodity Classification</ccts:AssociatedObjectClass>
            </ccts:Component>
          </xsd:documentation>
        </xsd:annotation>
      </xsd:element>
      <xsd:element ref="TransactionConditions" minOccurs="0" maxOccurs="unbounded">
        <xsd:annotation>
          <xsd:documentation>
            <ccts:Component>
              <ccts:ComponentType>ASBIE</ccts:ComponentType>
              <ccts:DictionaryEntryName>Item. Transaction Conditions</ccts:DictionaryEntryName>
              <ccts:Definition>Associates the item with sales conditions appertaining to it.</ccts:Definition>
              <ccts:Cardinality>0..n</ccts:Cardinality>
              <ccts:ObjectClass>Item</ccts:ObjectClass>
              <ccts:PropertyTerm>Transaction Conditions</ccts:PropertyTerm>
              <ccts:AssociatedObjectClass>Transaction Conditions</ccts:AssociatedObjectClass>
            </ccts:Component>
          </xsd:documentation>
        </xsd:annotation>
      </xsd:element>
      <xsd:element ref="HazardousItem" minOccurs="0" maxOccurs="unbounded">
        <xsd:annotation>
          <xsd:documentation>
            <ccts:Component>
              <ccts:ComponentType>ASBIE</ccts:ComponentType>
              <ccts:DictionaryEntryName>Item. Hazardous Item</ccts:DictionaryEntryName>
              <ccts:Definition>Associates the item with its hazardous item information.</ccts:Definition>
              <ccts:Cardinality>0..n</ccts:Cardinality>
              <ccts:ObjectClass>Item</ccts:ObjectClass>
              <ccts:PropertyTerm>Hazardous Item</ccts:PropertyTerm>
              <ccts:AssociatedObjectClass>Hazardous Item</ccts:AssociatedObjectClass>
            </ccts:Component>
          </xsd:documentation>
        </xsd:annotation>
      </xsd:element>
      <xsd:element ref="ClassifiedTaxCategory" minOccurs="0" maxOccurs="unbounded">
        <xsd:annotation>
          <xsd:documentation>
            <ccts:Component>
              <ccts:ComponentType>ASBIE</ccts:ComponentType>
              <ccts:DictionaryEntryName>Item. Classified_ Tax Category. Tax Category</ccts:DictionaryEntryName>
              <ccts:Definition>Classifies the item using one or more categories of taxes.</ccts:Definition>
              <ccts:Cardinality>0..n</ccts:Cardinality>
              <ccts:ObjectClass>Item</ccts:ObjectClass>
              <ccts:PropertyTermQualifier>Classified</ccts:PropertyTermQualifier>
              <ccts:PropertyTerm>Tax Category</ccts:PropertyTerm>
              <ccts:AssociatedObjectClass>Tax Category</ccts:AssociatedObjectClass>
            </ccts:Component>
          </xsd:documentation>
        </xsd:annotation>
      </xsd:element>
      <xsd:element ref="AdditionalItemProperty" minOccurs="0" maxOccurs="unbounded">
        <xsd:annotation>
          <xsd:documentation>
            <ccts:Component>
              <ccts:ComponentType>ASBIE</ccts:ComponentType>
              <ccts:DictionaryEntryName>Item. Additional_ Item Property. Item Property</ccts:DictionaryEntryName>
              <ccts:Definition>Associates the item with a set of additional properties.</ccts:Definition>
              <ccts:Cardinality>0..n</ccts:Cardinality>
              <ccts:ObjectClass>Item</ccts:ObjectClass>
              <ccts:PropertyTermQualifier>Additional</ccts:PropertyTermQualifier>
              <ccts:PropertyTerm>Item Property</ccts:PropertyTerm>
              <ccts:AssociatedObjectClass>Item Property</ccts:AssociatedObjectClass>
            </ccts:Component>
          </xsd:documentation>
        </xsd:annotation>
      </xsd:element>
      <xsd:element ref="ManufacturerParty" minOccurs="0" maxOccurs="unbounded">
        <xsd:annotation>
          <xsd:documentation>
            <ccts:Component>
              <ccts:ComponentType>ASBIE</ccts:ComponentType>
              <ccts:DictionaryEntryName>Item. Manufacturer_ Party. Party</ccts:DictionaryEntryName>
              <ccts:Definition>Associates the item with its manufacturer.</ccts:Definition>
              <ccts:Cardinality>0..n</ccts:Cardinality>
              <ccts:ObjectClass>Item</ccts:ObjectClass>
              <ccts:PropertyTermQualifier>Manufacturer</ccts:PropertyTermQualifier>
              <ccts:PropertyTerm>Party</ccts:PropertyTerm>
              <ccts:AssociatedObjectClass>Party</ccts:AssociatedObjectClass>
            </ccts:Component>
          </xsd:documentation>
        </xsd:annotation>
      </xsd:element>
      <xsd:element ref="InformationContentProviderParty" minOccurs="0" maxOccurs="1">
        <xsd:annotation>
          <xsd:documentation>
            <ccts:Component>
              <ccts:ComponentType>ASBIE</ccts:ComponentType>
              <ccts:DictionaryEntryName>Item. Information Content Provider_ Party. Party</ccts:DictionaryEntryName>
              <ccts:Definition>Associates the item with the party responsible for the its specification.</ccts:Definition>
              <ccts:Cardinality>0..1</ccts:Cardinality>
              <ccts:ObjectClass>Item</ccts:ObjectClass>
              <ccts:PropertyTermQualifier>Information Content Provider</ccts:PropertyTermQualifier>
              <ccts:PropertyTerm>Party</ccts:PropertyTerm>
              <ccts:AssociatedObjectClass>Party</ccts:AssociatedObjectClass>
            </ccts:Component>
          </xsd:documentation>
        </xsd:annotation>
      </xsd:element>
      <xsd:element ref="OriginAddress" minOccurs="0" maxOccurs="unbounded">
        <xsd:annotation>
          <xsd:documentation>
            <ccts:Component>
              <ccts:ComponentType>ASBIE</ccts:ComponentType>
              <ccts:DictionaryEntryName>Item. Origin_ Address. Address</ccts:DictionaryEntryName>
              <ccts:Definition>Associates the item with the region of origin (not the country).</ccts:Definition>
              <ccts:Cardinality>0..n</ccts:Cardinality>
              <ccts:ObjectClass>Item</ccts:ObjectClass>
              <ccts:PropertyTermQualifier>Origin</ccts:PropertyTermQualifier>
              <ccts:PropertyTerm>Address</ccts:PropertyTerm>
              <ccts:AssociatedObjectClass>Address</ccts:AssociatedObjectClass>
            </ccts:Component>
          </xsd:documentation>
        </xsd:annotation>
      </xsd:element>
      <xsd:element ref="ItemInstance" minOccurs="0" maxOccurs="unbounded">
        <xsd:annotation>
          <xsd:documentation>
            <ccts:Component>
              <ccts:ComponentType>ASBIE</ccts:ComponentType>
              <ccts:DictionaryEntryName>Item. Item Instance</ccts:DictionaryEntryName>
              <ccts:Definition>An association to Item Instance.</ccts:Definition>
              <ccts:Cardinality>0..n</ccts:Cardinality>
              <ccts:ObjectClass>Item</ccts:ObjectClass>
              <ccts:PropertyTerm>Item Instance</ccts:PropertyTerm>
              <ccts:AssociatedObjectClass>Item Instance</ccts:AssociatedObjectClass>
            </ccts:Component>
          </xsd:documentation>
        </xsd:annotation>
      </xsd:element>
    </xsd:sequence>
  </xsd:complexType>
  <xsd:complexType name="ItemComparisonType">
    <xsd:annotation>
      <xsd:documentation>
        <ccts:Component>
          <ccts:ComponentType>ABIE</ccts:ComponentType>
          <ccts:DictionaryEntryName>Item Comparison. Details</ccts:DictionaryEntryName>
          <ccts:Definition>Used to compare different items based on cost, quantity, or measurements.</ccts:Definition>
          <ccts:ObjectClass>Item Comparison</ccts:ObjectClass>
        </ccts:Component>
      </xsd:documentation>
    </xsd:annotation>
    <xsd:sequence>
      <xsd:element ref="cbc:PriceAmount" minOccurs="0" maxOccurs="1">
        <xsd:annotation>
          <xsd:documentation>
            <ccts:Component>
              <ccts:ComponentType>BBIE</ccts:ComponentType>
              <ccts:DictionaryEntryName>Item Comparison. Price. Amount</ccts:DictionaryEntryName>
              <ccts:Definition>The price for the comparison quantity of the item.</ccts:Definition>
              <ccts:Cardinality>0..1</ccts:Cardinality>
              <ccts:ObjectClass>Item Comparison</ccts:ObjectClass>
              <ccts:PropertyTerm>Price</ccts:PropertyTerm>
              <ccts:RepresentationTerm>Amount</ccts:RepresentationTerm>
              <ccts:DataType>Amount. Type</ccts:DataType>
            </ccts:Component>
          </xsd:documentation>
        </xsd:annotation>
      </xsd:element>
      <xsd:element ref="cbc:Quantity" minOccurs="0" maxOccurs="1">
        <xsd:annotation>
          <xsd:documentation>
            <ccts:Component>
              <ccts:ComponentType>BBIE</ccts:ComponentType>
              <ccts:DictionaryEntryName>Item Comparison. Quantity</ccts:DictionaryEntryName>
              <ccts:Definition>The quantity used for price comparison with other items.</ccts:Definition>
              <ccts:Cardinality>0..1</ccts:Cardinality>
              <ccts:ObjectClass>Item Comparison</ccts:ObjectClass>
              <ccts:PropertyTerm>Quantity</ccts:PropertyTerm>
              <ccts:RepresentationTerm>Quantity</ccts:RepresentationTerm>
              <ccts:DataType>Quantity. Type</ccts:DataType>
              <ccts:Examples>"per unit"</ccts:Examples>
            </ccts:Component>
          </xsd:documentation>
        </xsd:annotation>
      </xsd:element>
    </xsd:sequence>
  </xsd:complexType>
  <xsd:complexType name="ItemIdentificationType">
    <xsd:annotation>
      <xsd:documentation>
        <ccts:Component>
          <ccts:ComponentType>ABIE</ccts:ComponentType>
          <ccts:DictionaryEntryName>Item Identification. Details</ccts:DictionaryEntryName>
          <ccts:Definition>Information about item identification.</ccts:Definition>
          <ccts:ObjectClass>Item Identification</ccts:ObjectClass>
        </ccts:Component>
      </xsd:documentation>
    </xsd:annotation>
    <xsd:sequence>
      <xsd:element ref="cbc:ID" minOccurs="1" maxOccurs="1">
        <xsd:annotation>
          <xsd:documentation>
            <ccts:Component>
              <ccts:ComponentType>BBIE</ccts:ComponentType>
              <ccts:DictionaryEntryName>Item Identification. Identifier</ccts:DictionaryEntryName>
              <ccts:Definition>An identifier for an item.</ccts:Definition>
              <ccts:Cardinality>1</ccts:Cardinality>
              <ccts:ObjectClass>Item Identification</ccts:ObjectClass>
              <ccts:PropertyTerm>Identifier</ccts:PropertyTerm>
              <ccts:RepresentationTerm>Identifier</ccts:RepresentationTerm>
              <ccts:DataType>Identifier. Type</ccts:DataType>
              <ccts:Examples>"CUST001" "3333-44-123"</ccts:Examples>
            </ccts:Component>
          </xsd:documentation>
        </xsd:annotation>
      </xsd:element>
      <xsd:element ref="cbc:ExtendedID" minOccurs="0" maxOccurs="1">
        <xsd:annotation>
          <xsd:documentation>
            <ccts:Component>
              <ccts:ComponentType>BBIE</ccts:ComponentType>
              <ccts:DictionaryEntryName>Item Identification. Extended_ Identifier. Identifier</ccts:DictionaryEntryName>
              <ccts:Definition>An extended identifier for the item that identifies the item with specific properties, e.g., Item 123 = Chair / Item 123 Ext 45 = brown chair.</ccts:Definition>
              <ccts:Cardinality>0..1</ccts:Cardinality>
              <ccts:ObjectClass>Item Identification</ccts:ObjectClass>
              <ccts:PropertyTermQualifier>Extended</ccts:PropertyTermQualifier>
              <ccts:PropertyTerm>Identifier</ccts:PropertyTerm>
              <ccts:RepresentationTerm>Identifier</ccts:RepresentationTerm>
              <ccts:DataType>Identifier. Type</ccts:DataType>
            </ccts:Component>
          </xsd:documentation>
        </xsd:annotation>
      </xsd:element>
      <xsd:element ref="PhysicalAttribute" minOccurs="0" maxOccurs="unbounded">
        <xsd:annotation>
          <xsd:documentation>
            <ccts:Component>
              <ccts:ComponentType>ASBIE</ccts:ComponentType>
              <ccts:DictionaryEntryName>Item Identification. Physical Attribute</ccts:DictionaryEntryName>
              <ccts:Definition>An association to Physical Attribute.</ccts:Definition>
              <ccts:Cardinality>0..n</ccts:Cardinality>
              <ccts:ObjectClass>Item Identification</ccts:ObjectClass>
              <ccts:PropertyTerm>Physical Attribute</ccts:PropertyTerm>
              <ccts:AssociatedObjectClass>Physical Attribute</ccts:AssociatedObjectClass>
            </ccts:Component>
          </xsd:documentation>
        </xsd:annotation>
      </xsd:element>
      <xsd:element ref="MeasurementDimension" minOccurs="0" maxOccurs="unbounded">
        <xsd:annotation>
          <xsd:documentation>
            <ccts:Component>
              <ccts:ComponentType>ASBIE</ccts:ComponentType>
              <ccts:DictionaryEntryName>Item Identification. Measurement_ Dimension. Dimension</ccts:DictionaryEntryName>
              <ccts:Definition>An association to Measurement Dimension.</ccts:Definition>
              <ccts:Cardinality>0..n</ccts:Cardinality>
              <ccts:ObjectClass>Item Identification</ccts:ObjectClass>
              <ccts:PropertyTermQualifier>Measurement</ccts:PropertyTermQualifier>
              <ccts:PropertyTerm>Dimension</ccts:PropertyTerm>
              <ccts:AssociatedObjectClass>Dimension</ccts:AssociatedObjectClass>
            </ccts:Component>
          </xsd:documentation>
        </xsd:annotation>
      </xsd:element>
      <xsd:element ref="IssuerParty" minOccurs="0" maxOccurs="1">
        <xsd:annotation>
          <xsd:documentation>
            <ccts:Component>
              <ccts:ComponentType>ASBIE</ccts:ComponentType>
              <ccts:DictionaryEntryName>Item Identification. Issuer_ Party. Party</ccts:DictionaryEntryName>
              <ccts:Definition>An association to Issuer Party i.e. the Party that issued the Item Identification.</ccts:Definition>
              <ccts:Cardinality>0..1</ccts:Cardinality>
              <ccts:ObjectClass>Item Identification</ccts:ObjectClass>
              <ccts:PropertyTermQualifier>Issuer</ccts:PropertyTermQualifier>
              <ccts:PropertyTerm>Party</ccts:PropertyTerm>
              <ccts:AssociatedObjectClass>Party</ccts:AssociatedObjectClass>
            </ccts:Component>
          </xsd:documentation>
        </xsd:annotation>
      </xsd:element>
    </xsd:sequence>
  </xsd:complexType>
  <xsd:complexType name="ItemInstanceType">
    <xsd:annotation>
      <xsd:documentation>
        <ccts:Component>
          <ccts:ComponentType>ABIE</ccts:ComponentType>
          <ccts:DictionaryEntryName>Item Instance. Details</ccts:DictionaryEntryName>
          <ccts:Definition>Information about a specific instance of an item.</ccts:Definition>
          <ccts:ObjectClass>Item Instance</ccts:ObjectClass>
        </ccts:Component>
      </xsd:documentation>
    </xsd:annotation>
    <xsd:sequence>
      <xsd:element ref="cbc:ProductTraceID" minOccurs="0" maxOccurs="1">
        <xsd:annotation>
          <xsd:documentation>
            <ccts:Component>
              <ccts:ComponentType>BBIE</ccts:ComponentType>
              <ccts:DictionaryEntryName>Item Instance. Product Trace_ Identifier. Identifier</ccts:DictionaryEntryName>
              <ccts:Definition>An identifier used for tracing the item, such as the EPC number used in RFID.</ccts:Definition>
              <ccts:Cardinality>0..1</ccts:Cardinality>
              <ccts:ObjectClass>Item Instance</ccts:ObjectClass>
              <ccts:PropertyTermQualifier>Product Trace</ccts:PropertyTermQualifier>
              <ccts:PropertyTerm>Identifier</ccts:PropertyTerm>
              <ccts:RepresentationTerm>Identifier</ccts:RepresentationTerm>
              <ccts:DataType>Identifier. Type</ccts:DataType>
            </ccts:Component>
          </xsd:documentation>
        </xsd:annotation>
      </xsd:element>
      <xsd:element ref="cbc:ManufactureDate" minOccurs="0" maxOccurs="1">
        <xsd:annotation>
          <xsd:documentation>
            <ccts:Component>
              <ccts:ComponentType>BBIE</ccts:ComponentType>
              <ccts:DictionaryEntryName>Item Instance. Manufacture Date. Date</ccts:DictionaryEntryName>
              <ccts:Definition>The date of manufacture of the Item Instance.</ccts:Definition>
              <ccts:Cardinality>0..1</ccts:Cardinality>
              <ccts:ObjectClass>Item Instance</ccts:ObjectClass>
              <ccts:PropertyTerm>Manufacture Date</ccts:PropertyTerm>
              <ccts:RepresentationTerm>Date</ccts:RepresentationTerm>
              <ccts:DataType>Date. Type</ccts:DataType>
            </ccts:Component>
          </xsd:documentation>
        </xsd:annotation>
      </xsd:element>
      <xsd:element ref="cbc:ManufactureTime" minOccurs="0" maxOccurs="1">
        <xsd:annotation>
          <xsd:documentation>
            <ccts:Component>
              <ccts:ComponentType>BBIE</ccts:ComponentType>
              <ccts:DictionaryEntryName>Item Instance. Manufacture Time. Time</ccts:DictionaryEntryName>
              <ccts:Definition>The time of manufacture of the Item Instance.</ccts:Definition>
              <ccts:Cardinality>0..1</ccts:Cardinality>
              <ccts:ObjectClass>Item Instance</ccts:ObjectClass>
              <ccts:PropertyTerm>Manufacture Time</ccts:PropertyTerm>
              <ccts:RepresentationTerm>Time</ccts:RepresentationTerm>
              <ccts:DataType>Time. Type</ccts:DataType>
            </ccts:Component>
          </xsd:documentation>
        </xsd:annotation>
      </xsd:element>
      <xsd:element ref="cbc:RegistrationID" minOccurs="0" maxOccurs="1">
        <xsd:annotation>
          <xsd:documentation>
            <ccts:Component>
              <ccts:ComponentType>BBIE</ccts:ComponentType>
              <ccts:DictionaryEntryName>Item Instance. Registration Identifier. Identifier</ccts:DictionaryEntryName>
              <ccts:Definition>The registration identifier of the Item Instance.</ccts:Definition>
              <ccts:Cardinality>0..1</ccts:Cardinality>
              <ccts:ObjectClass>Item Instance</ccts:ObjectClass>
              <ccts:PropertyTerm>Registration Identifier</ccts:PropertyTerm>
              <ccts:RepresentationTerm>Identifier</ccts:RepresentationTerm>
              <ccts:DataType>Identifier. Type</ccts:DataType>
              <ccts:Examples>car registration or licensing number</ccts:Examples>
            </ccts:Component>
          </xsd:documentation>
        </xsd:annotation>
      </xsd:element>
      <xsd:element ref="cbc:SerialID" minOccurs="0" maxOccurs="1">
        <xsd:annotation>
          <xsd:documentation>
            <ccts:Component>
              <ccts:ComponentType>BBIE</ccts:ComponentType>
              <ccts:DictionaryEntryName>Item Instance. Serial Identifier. Identifier</ccts:DictionaryEntryName>
              <ccts:Definition>The serial number of the Item Instance.</ccts:Definition>
              <ccts:Cardinality>0..1</ccts:Cardinality>
              <ccts:ObjectClass>Item Instance</ccts:ObjectClass>
              <ccts:PropertyTerm>Serial Identifier</ccts:PropertyTerm>
              <ccts:RepresentationTerm>Identifier</ccts:RepresentationTerm>
              <ccts:DataType>Identifier. Type</ccts:DataType>
              <ccts:Examples>chassis number of a car</ccts:Examples>
            </ccts:Component>
          </xsd:documentation>
        </xsd:annotation>
      </xsd:element>
      <xsd:element ref="AdditionalItemProperty" minOccurs="0" maxOccurs="unbounded">
        <xsd:annotation>
          <xsd:documentation>
            <ccts:Component>
              <ccts:ComponentType>ASBIE</ccts:ComponentType>
              <ccts:DictionaryEntryName>Item Instance. Additional_ Item Property. Item Property</ccts:DictionaryEntryName>
              <ccts:Definition>An association to Additional Item Property.</ccts:Definition>
              <ccts:Cardinality>0..n</ccts:Cardinality>
              <ccts:ObjectClass>Item Instance</ccts:ObjectClass>
              <ccts:PropertyTermQualifier>Additional</ccts:PropertyTermQualifier>
              <ccts:PropertyTerm>Item Property</ccts:PropertyTerm>
              <ccts:AssociatedObjectClass>Item Property</ccts:AssociatedObjectClass>
            </ccts:Component>
          </xsd:documentation>
        </xsd:annotation>
      </xsd:element>
      <xsd:element ref="LotIdentification" minOccurs="0" maxOccurs="1">
        <xsd:annotation>
          <xsd:documentation>
            <ccts:Component>
              <ccts:ComponentType>ASBIE</ccts:ComponentType>
              <ccts:DictionaryEntryName>Item Instance. Lot Identification</ccts:DictionaryEntryName>
              <ccts:Definition>Associates the item instance with its lot identification (the identification that allows recall of the item if necessary).</ccts:Definition>
              <ccts:Cardinality>0..1</ccts:Cardinality>
              <ccts:ObjectClass>Item Instance</ccts:ObjectClass>
              <ccts:PropertyTerm>Lot Identification</ccts:PropertyTerm>
              <ccts:AssociatedObjectClass>Lot Identification</ccts:AssociatedObjectClass>
            </ccts:Component>
          </xsd:documentation>
        </xsd:annotation>
      </xsd:element>
    </xsd:sequence>
  </xsd:complexType>
  <xsd:complexType name="ItemLocationQuantityType">
    <xsd:annotation>
      <xsd:documentation>
        <ccts:Component>
          <ccts:ComponentType>ABIE</ccts:ComponentType>
          <ccts:DictionaryEntryName>Item Location Quantity. Details</ccts:DictionaryEntryName>
          <ccts:Definition>Information about the properties of an item as they relate to specific quantities and/or specific locations.</ccts:Definition>
          <ccts:ObjectClass>Item Location Quantity</ccts:ObjectClass>
        </ccts:Component>
      </xsd:documentation>
    </xsd:annotation>
    <xsd:sequence>
      <xsd:element ref="cbc:LeadTimeMeasure" minOccurs="0" maxOccurs="1">
        <xsd:annotation>
          <xsd:documentation>
            <ccts:Component>
              <ccts:ComponentType>BBIE</ccts:ComponentType>
              <ccts:DictionaryEntryName>Item Location Quantity. Lead Time. Measure</ccts:DictionaryEntryName>
              <ccts:Definition>The time taken from the time of order to the time of delivery for an item.</ccts:Definition>
              <ccts:Cardinality>0..1</ccts:Cardinality>
              <ccts:ObjectClass>Item Location Quantity</ccts:ObjectClass>
              <ccts:PropertyTerm>Lead Time</ccts:PropertyTerm>
              <ccts:RepresentationTerm>Measure</ccts:RepresentationTerm>
              <ccts:DataType>Measure. Type</ccts:DataType>
              <ccts:Examples>"2 days", "24 hours"</ccts:Examples>
            </ccts:Component>
          </xsd:documentation>
        </xsd:annotation>
      </xsd:element>
      <xsd:element ref="cbc:MinimumQuantity" minOccurs="0" maxOccurs="1">
        <xsd:annotation>
          <xsd:documentation>
            <ccts:Component>
              <ccts:ComponentType>BBIE</ccts:ComponentType>
              <ccts:DictionaryEntryName>Item Location Quantity. Minimum_ Quantity. Quantity</ccts:DictionaryEntryName>
              <ccts:Definition>The minimum quantity that can be ordered to qualify for a specific price.</ccts:Definition>
              <ccts:Cardinality>0..1</ccts:Cardinality>
              <ccts:ObjectClass>Item Location Quantity</ccts:ObjectClass>
              <ccts:PropertyTermQualifier>Minimum</ccts:PropertyTermQualifier>
              <ccts:PropertyTerm>Quantity</ccts:PropertyTerm>
              <ccts:RepresentationTerm>Quantity</ccts:RepresentationTerm>
              <ccts:DataType>Quantity. Type</ccts:DataType>
              <ccts:Examples>"10 boxes", "1 carton", "1000 sheets"</ccts:Examples>
            </ccts:Component>
          </xsd:documentation>
        </xsd:annotation>
      </xsd:element>
      <xsd:element ref="cbc:MaximumQuantity" minOccurs="0" maxOccurs="1">
        <xsd:annotation>
          <xsd:documentation>
            <ccts:Component>
              <ccts:ComponentType>BBIE</ccts:ComponentType>
              <ccts:DictionaryEntryName>Item Location Quantity. Maximum_ Quantity. Quantity</ccts:DictionaryEntryName>
              <ccts:Definition>The maximum quantity that can be ordered to qualify for a specific price.</ccts:Definition>
              <ccts:Cardinality>0..1</ccts:Cardinality>
              <ccts:ObjectClass>Item Location Quantity</ccts:ObjectClass>
              <ccts:PropertyTermQualifier>Maximum</ccts:PropertyTermQualifier>
              <ccts:PropertyTerm>Quantity</ccts:PropertyTerm>
              <ccts:RepresentationTerm>Quantity</ccts:RepresentationTerm>
              <ccts:DataType>Quantity. Type</ccts:DataType>
              <ccts:Examples>"10 boxes", "1 carton", "1000 sheets"</ccts:Examples>
            </ccts:Component>
          </xsd:documentation>
        </xsd:annotation>
      </xsd:element>
      <xsd:element ref="cbc:HazardousRiskIndicator" minOccurs="0" maxOccurs="1">
        <xsd:annotation>
          <xsd:documentation>
            <ccts:Component>
              <ccts:ComponentType>BBIE</ccts:ComponentType>
              <ccts:DictionaryEntryName>Item Location Quantity. Hazardous Risk_ Indicator. Indicator</ccts:DictionaryEntryName>
              <ccts:Definition>Indicates whether the item as delivered, in the stated quantity to the stated location, is hazardous.</ccts:Definition>
              <ccts:Cardinality>0..1</ccts:Cardinality>
              <ccts:ObjectClass>Item Location Quantity</ccts:ObjectClass>
              <ccts:PropertyTermQualifier>Hazardous Risk</ccts:PropertyTermQualifier>
              <ccts:PropertyTerm>Indicator</ccts:PropertyTerm>
              <ccts:RepresentationTerm>Indicator</ccts:RepresentationTerm>
              <ccts:DataType>Indicator. Type</ccts:DataType>
              <ccts:Examples>Default is negative</ccts:Examples>
            </ccts:Component>
          </xsd:documentation>
        </xsd:annotation>
      </xsd:element>
      <xsd:element ref="cbc:TradingRestrictions" minOccurs="0" maxOccurs="unbounded">
        <xsd:annotation>
          <xsd:documentation>
            <ccts:Component>
              <ccts:ComponentType>BBIE</ccts:ComponentType>
              <ccts:DictionaryEntryName>Item Location Quantity. Trading Restrictions. Text</ccts:DictionaryEntryName>
              <ccts:Definition>A description of trade restrictions that apply to the item or quantities of the item.</ccts:Definition>
              <ccts:Cardinality>0..n</ccts:Cardinality>
              <ccts:ObjectClass>Item Location Quantity</ccts:ObjectClass>
              <ccts:PropertyTerm>Trading Restrictions</ccts:PropertyTerm>
              <ccts:RepresentationTerm>Text</ccts:RepresentationTerm>
              <ccts:DataType>Text. Type</ccts:DataType>
              <ccts:Examples>"not for export"</ccts:Examples>
            </ccts:Component>
          </xsd:documentation>
        </xsd:annotation>
      </xsd:element>
      <xsd:element ref="ApplicableTerritoryAddress" minOccurs="0" maxOccurs="unbounded">
        <xsd:annotation>
          <xsd:documentation>
            <ccts:Component>
              <ccts:ComponentType>ASBIE</ccts:ComponentType>
              <ccts:DictionaryEntryName>Item Location Quantity. Applicable Territory_ Address. Address</ccts:DictionaryEntryName>
              <ccts:Definition>An association to Territory (Address).</ccts:Definition>
              <ccts:Cardinality>0..n</ccts:Cardinality>
              <ccts:ObjectClass>Item Location Quantity</ccts:ObjectClass>
              <ccts:PropertyTermQualifier>Applicable Territory</ccts:PropertyTermQualifier>
              <ccts:PropertyTerm>Address</ccts:PropertyTerm>
              <ccts:AssociatedObjectClass>Address</ccts:AssociatedObjectClass>
            </ccts:Component>
          </xsd:documentation>
        </xsd:annotation>
      </xsd:element>
      <xsd:element ref="Price" minOccurs="0" maxOccurs="1">
        <xsd:annotation>
          <xsd:documentation>
            <ccts:Component>
              <ccts:ComponentType>ASBIE</ccts:ComponentType>
              <ccts:DictionaryEntryName>Item Location Quantity. Price</ccts:DictionaryEntryName>
              <ccts:Definition>An association to Price.</ccts:Definition>
              <ccts:Cardinality>0..1</ccts:Cardinality>
              <ccts:ObjectClass>Item Location Quantity</ccts:ObjectClass>
              <ccts:PropertyTerm>Price</ccts:PropertyTerm>
              <ccts:AssociatedObjectClass>Price</ccts:AssociatedObjectClass>
            </ccts:Component>
          </xsd:documentation>
        </xsd:annotation>
      </xsd:element>
      <xsd:element ref="DeliveryUnit" minOccurs="0" maxOccurs="unbounded">
        <xsd:annotation>
          <xsd:documentation>
            <ccts:Component>
              <ccts:ComponentType>ASBIE</ccts:ComponentType>
              <ccts:DictionaryEntryName>Item Location Quantity. Delivery Unit</ccts:DictionaryEntryName>
              <ccts:Definition>An association to Delivery Unit.</ccts:Definition>
              <ccts:Cardinality>0..n</ccts:Cardinality>
              <ccts:ObjectClass>Item Location Quantity</ccts:ObjectClass>
              <ccts:PropertyTerm>Delivery Unit</ccts:PropertyTerm>
              <ccts:AssociatedObjectClass>Delivery Unit</ccts:AssociatedObjectClass>
            </ccts:Component>
          </xsd:documentation>
        </xsd:annotation>
      </xsd:element>
      <xsd:element ref="ApplicableTaxCategory" minOccurs="0" maxOccurs="unbounded">
        <xsd:annotation>
          <xsd:documentation>
            <ccts:Component>
              <ccts:ComponentType>ASBIE</ccts:ComponentType>
              <ccts:DictionaryEntryName>Item Location Quantity. Applicable_ Tax Category. Tax Category</ccts:DictionaryEntryName>
              <ccts:Definition>An association to Tax Category.</ccts:Definition>
              <ccts:Cardinality>0..n</ccts:Cardinality>
              <ccts:ObjectClass>Item Location Quantity</ccts:ObjectClass>
              <ccts:PropertyTermQualifier>Applicable</ccts:PropertyTermQualifier>
              <ccts:PropertyTerm>Tax Category</ccts:PropertyTerm>
              <ccts:AssociatedObjectClass>Tax Category</ccts:AssociatedObjectClass>
            </ccts:Component>
          </xsd:documentation>
        </xsd:annotation>
      </xsd:element>
    </xsd:sequence>
  </xsd:complexType>
  <xsd:complexType name="ItemPropertyType">
    <xsd:annotation>
      <xsd:documentation>
        <ccts:Component>
          <ccts:ComponentType>ABIE</ccts:ComponentType>
          <ccts:DictionaryEntryName>Item Property. Details</ccts:DictionaryEntryName>
          <ccts:Definition>Information about specific Item Properties.</ccts:Definition>
          <ccts:ObjectClass>Item Property</ccts:ObjectClass>
        </ccts:Component>
      </xsd:documentation>
    </xsd:annotation>
    <xsd:sequence>
      <xsd:element ref="cbc:Name" minOccurs="1" maxOccurs="1">
        <xsd:annotation>
          <xsd:documentation>
            <ccts:Component>
              <ccts:ComponentType>BBIE</ccts:ComponentType>
              <ccts:DictionaryEntryName>Item Property. Name</ccts:DictionaryEntryName>
              <ccts:Definition>The name of the Item Property.</ccts:Definition>
              <ccts:Cardinality>1</ccts:Cardinality>
              <ccts:ObjectClass>Item Property</ccts:ObjectClass>
              <ccts:PropertyTerm>Name</ccts:PropertyTerm>
              <ccts:RepresentationTerm>Name</ccts:RepresentationTerm>
              <ccts:DataType>Name. Type</ccts:DataType>
              <ccts:Examples>"Energy Rating", "Collar Size", "Fat Content"</ccts:Examples>
            </ccts:Component>
          </xsd:documentation>
        </xsd:annotation>
      </xsd:element>
      <xsd:element ref="cbc:Value" minOccurs="1" maxOccurs="1">
        <xsd:annotation>
          <xsd:documentation>
            <ccts:Component>
              <ccts:ComponentType>BBIE</ccts:ComponentType>
              <ccts:DictionaryEntryName>Item Property. Value. Text</ccts:DictionaryEntryName>
              <ccts:Definition>The Item Property value.</ccts:Definition>
              <ccts:Cardinality>1</ccts:Cardinality>
              <ccts:ObjectClass>Item Property</ccts:ObjectClass>
              <ccts:PropertyTerm>Value</ccts:PropertyTerm>
              <ccts:RepresentationTerm>Text</ccts:RepresentationTerm>
              <ccts:DataType>Text. Type</ccts:DataType>
              <ccts:Examples>"100 watts", "15 European", "20% +/- 5%"</ccts:Examples>
            </ccts:Component>
          </xsd:documentation>
        </xsd:annotation>
      </xsd:element>
      <xsd:element ref="UsabilityPeriod" minOccurs="0" maxOccurs="1">
        <xsd:annotation>
          <xsd:documentation>
            <ccts:Component>
              <ccts:ComponentType>ASBIE</ccts:ComponentType>
              <ccts:DictionaryEntryName>Item Property. Usability_ Period. Period</ccts:DictionaryEntryName>
              <ccts:Definition>The period for which the Item Property is valid.</ccts:Definition>
              <ccts:Cardinality>0..1</ccts:Cardinality>
              <ccts:ObjectClass>Item Property</ccts:ObjectClass>
              <ccts:PropertyTermQualifier>Usability</ccts:PropertyTermQualifier>
              <ccts:PropertyTerm>Period</ccts:PropertyTerm>
              <ccts:AssociatedObjectClass>Period</ccts:AssociatedObjectClass>
            </ccts:Component>
          </xsd:documentation>
        </xsd:annotation>
      </xsd:element>
      <xsd:element ref="ItemPropertyGroup" minOccurs="0" maxOccurs="unbounded">
        <xsd:annotation>
          <xsd:documentation>
            <ccts:Component>
              <ccts:ComponentType>ASBIE</ccts:ComponentType>
              <ccts:DictionaryEntryName>Item Property. Item Property Group</ccts:DictionaryEntryName>
              <ccts:Definition>An association to Item Property Group.</ccts:Definition>
              <ccts:Cardinality>0..n</ccts:Cardinality>
              <ccts:ObjectClass>Item Property</ccts:ObjectClass>
              <ccts:PropertyTerm>Item Property Group</ccts:PropertyTerm>
              <ccts:AssociatedObjectClass>Item Property Group</ccts:AssociatedObjectClass>
            </ccts:Component>
          </xsd:documentation>
        </xsd:annotation>
      </xsd:element>
    </xsd:sequence>
  </xsd:complexType>
  <xsd:complexType name="ItemPropertyGroupType">
    <xsd:annotation>
      <xsd:documentation>
        <ccts:Component>
          <ccts:ComponentType>ABIE</ccts:ComponentType>
          <ccts:DictionaryEntryName>Item Property Group. Details</ccts:DictionaryEntryName>
          <ccts:Definition>Information about sets of classifications (or groups) of Item Properties.</ccts:Definition>
          <ccts:ObjectClass>Item Property Group</ccts:ObjectClass>
        </ccts:Component>
      </xsd:documentation>
    </xsd:annotation>
    <xsd:sequence>
      <xsd:element ref="cbc:ID" minOccurs="1" maxOccurs="1">
        <xsd:annotation>
          <xsd:documentation>
            <ccts:Component>
              <ccts:ComponentType>BBIE</ccts:ComponentType>
              <ccts:DictionaryEntryName>Item Property Group. Identifier</ccts:DictionaryEntryName>
              <ccts:Definition>An identifier for the Item Property Group.</ccts:Definition>
              <ccts:Cardinality>1</ccts:Cardinality>
              <ccts:ObjectClass>Item Property Group</ccts:ObjectClass>
              <ccts:PropertyTerm>Identifier</ccts:PropertyTerm>
              <ccts:RepresentationTerm>Identifier</ccts:RepresentationTerm>
              <ccts:DataType>Identifier. Type</ccts:DataType>
              <ccts:Examples>"233-004"</ccts:Examples>
            </ccts:Component>
          </xsd:documentation>
        </xsd:annotation>
      </xsd:element>
      <xsd:element ref="cbc:Name" minOccurs="0" maxOccurs="1">
        <xsd:annotation>
          <xsd:documentation>
            <ccts:Component>
              <ccts:ComponentType>BBIE</ccts:ComponentType>
              <ccts:DictionaryEntryName>Item Property Group. Name</ccts:DictionaryEntryName>
              <ccts:Definition>The name of the Item Property Group.</ccts:Definition>
              <ccts:Cardinality>0..1</ccts:Cardinality>
              <ccts:ObjectClass>Item Property Group</ccts:ObjectClass>
              <ccts:PropertyTerm>Name</ccts:PropertyTerm>
              <ccts:RepresentationTerm>Name</ccts:RepresentationTerm>
              <ccts:DataType>Name. Type</ccts:DataType>
              <ccts:Examples>"Electrical Specifications", "Dietary Content"</ccts:Examples>
            </ccts:Component>
          </xsd:documentation>
        </xsd:annotation>
      </xsd:element>
    </xsd:sequence>
  </xsd:complexType>
  <xsd:complexType name="LanguageType">
    <xsd:annotation>
      <xsd:documentation>
        <ccts:Component>
          <ccts:ComponentType>ABIE</ccts:ComponentType>
          <ccts:DictionaryEntryName>Language. Details</ccts:DictionaryEntryName>
          <ccts:Definition>Information about Language.</ccts:Definition>
          <ccts:ObjectClass>Language</ccts:ObjectClass>
        </ccts:Component>
      </xsd:documentation>
    </xsd:annotation>
    <xsd:sequence>
      <xsd:element ref="cbc:ID" minOccurs="0" maxOccurs="1">
        <xsd:annotation>
          <xsd:documentation>
            <ccts:Component>
              <ccts:ComponentType>BBIE</ccts:ComponentType>
              <ccts:DictionaryEntryName>Language. Identifier</ccts:DictionaryEntryName>
              <ccts:Definition>An identifier for a language, expressed as a code.</ccts:Definition>
              <ccts:Cardinality>0..1</ccts:Cardinality>
              <ccts:ObjectClass>Language</ccts:ObjectClass>
              <ccts:PropertyTerm>Identifier</ccts:PropertyTerm>
              <ccts:RepresentationTerm>Identifier</ccts:RepresentationTerm>
              <ccts:DataType>Identifier. Type</ccts:DataType>
            </ccts:Component>
          </xsd:documentation>
        </xsd:annotation>
      </xsd:element>
      <xsd:element ref="cbc:Name" minOccurs="0" maxOccurs="1">
        <xsd:annotation>
          <xsd:documentation>
            <ccts:Component>
              <ccts:ComponentType>BBIE</ccts:ComponentType>
              <ccts:DictionaryEntryName>Language. Name</ccts:DictionaryEntryName>
              <ccts:Definition>The name of the language.</ccts:Definition>
              <ccts:Cardinality>0..1</ccts:Cardinality>
              <ccts:ObjectClass>Language</ccts:ObjectClass>
              <ccts:PropertyTerm>Name</ccts:PropertyTerm>
              <ccts:RepresentationTerm>Name</ccts:RepresentationTerm>
              <ccts:DataType>Name. Type</ccts:DataType>
            </ccts:Component>
          </xsd:documentation>
        </xsd:annotation>
      </xsd:element>
      <xsd:element ref="cbc:LocaleCode" minOccurs="0" maxOccurs="1">
        <xsd:annotation>
          <xsd:documentation>
            <ccts:Component>
              <ccts:ComponentType>BBIE</ccts:ComponentType>
              <ccts:DictionaryEntryName>Language. Locale Code. Code</ccts:DictionaryEntryName>
              <ccts:Definition>The locale where the language is used, expressed as a code.</ccts:Definition>
              <ccts:Cardinality>0..1</ccts:Cardinality>
              <ccts:ObjectClass>Language</ccts:ObjectClass>
              <ccts:PropertyTerm>Locale Code</ccts:PropertyTerm>
              <ccts:RepresentationTerm>Code</ccts:RepresentationTerm>
              <ccts:DataType>Code. Type</ccts:DataType>
            </ccts:Component>
          </xsd:documentation>
        </xsd:annotation>
      </xsd:element>
    </xsd:sequence>
  </xsd:complexType>
  <xsd:complexType name="LineItemType">
    <xsd:annotation>
      <xsd:documentation>
        <ccts:Component>
          <ccts:ComponentType>ABIE</ccts:ComponentType>
          <ccts:DictionaryEntryName>Line Item. Details</ccts:DictionaryEntryName>
          <ccts:Definition>Information about a Line Item.</ccts:Definition>
          <ccts:ObjectClass>Line Item</ccts:ObjectClass>
        </ccts:Component>
      </xsd:documentation>
    </xsd:annotation>
    <xsd:sequence>
      <xsd:element ref="cbc:ID" minOccurs="1" maxOccurs="1">
        <xsd:annotation>
          <xsd:documentation>
            <ccts:Component>
              <ccts:ComponentType>BBIE</ccts:ComponentType>
              <ccts:DictionaryEntryName>Line Item. Identifier</ccts:DictionaryEntryName>
              <ccts:Definition>Identifies the Line Item assigned by the buyer.</ccts:Definition>
              <ccts:Cardinality>1</ccts:Cardinality>
              <ccts:ObjectClass>Line Item</ccts:ObjectClass>
              <ccts:PropertyTerm>Identifier</ccts:PropertyTerm>
              <ccts:RepresentationTerm>Identifier</ccts:RepresentationTerm>
              <ccts:DataType>Identifier. Type</ccts:DataType>
            </ccts:Component>
          </xsd:documentation>
        </xsd:annotation>
      </xsd:element>
      <xsd:element ref="cbc:SalesOrderID" minOccurs="0" maxOccurs="1">
        <xsd:annotation>
          <xsd:documentation>
            <ccts:Component>
              <ccts:ComponentType>BBIE</ccts:ComponentType>
              <ccts:DictionaryEntryName>Line Item. Sales_ Order Identifier. Identifier</ccts:DictionaryEntryName>
              <ccts:Definition>The identification given to a Line by the seller.</ccts:Definition>
              <ccts:Cardinality>0..1</ccts:Cardinality>
              <ccts:ObjectClass>Line Item</ccts:ObjectClass>
              <ccts:PropertyTermQualifier>Sales</ccts:PropertyTermQualifier>
              <ccts:PropertyTerm>Order Identifier</ccts:PropertyTerm>
              <ccts:RepresentationTerm>Identifier</ccts:RepresentationTerm>
              <ccts:DataType>Identifier. Type</ccts:DataType>
            </ccts:Component>
          </xsd:documentation>
        </xsd:annotation>
      </xsd:element>
      <xsd:element ref="cbc:UUID" minOccurs="0" maxOccurs="1">
        <xsd:annotation>
          <xsd:documentation>
            <ccts:Component>
              <ccts:ComponentType>BBIE</ccts:ComponentType>
              <ccts:DictionaryEntryName>Line Item. UUID. Identifier</ccts:DictionaryEntryName>
              <ccts:Definition>A universally unique identifier for an instance of this ABIE.</ccts:Definition>
              <ccts:Cardinality>0..1</ccts:Cardinality>
              <ccts:ObjectClass>Line Item</ccts:ObjectClass>
              <ccts:PropertyTerm>UUID</ccts:PropertyTerm>
              <ccts:RepresentationTerm>Identifier</ccts:RepresentationTerm>
              <ccts:DataType>Identifier. Type</ccts:DataType>
            </ccts:Component>
          </xsd:documentation>
        </xsd:annotation>
      </xsd:element>
      <xsd:element ref="cbc:Note" minOccurs="0" maxOccurs="1">
        <xsd:annotation>
          <xsd:documentation>
            <ccts:Component>
              <ccts:ComponentType>BBIE</ccts:ComponentType>
              <ccts:DictionaryEntryName>Line Item. Note. Text</ccts:DictionaryEntryName>
              <ccts:Definition>Free-form text applying to the Line Item. This element may contain notes or any other similar information that is not contained explicitly in another structure.</ccts:Definition>
              <ccts:Cardinality>0..1</ccts:Cardinality>
              <ccts:ObjectClass>Line Item</ccts:ObjectClass>
              <ccts:PropertyTerm>Note</ccts:PropertyTerm>
              <ccts:RepresentationTerm>Text</ccts:RepresentationTerm>
              <ccts:DataType>Text. Type</ccts:DataType>
            </ccts:Component>
          </xsd:documentation>
        </xsd:annotation>
      </xsd:element>
      <xsd:element ref="cbc:LineStatusCode" minOccurs="0" maxOccurs="1">
        <xsd:annotation>
          <xsd:documentation>
            <ccts:Component>
              <ccts:ComponentType>BBIE</ccts:ComponentType>
              <ccts:DictionaryEntryName>Line Item. Line Status Code. Code</ccts:DictionaryEntryName>
              <ccts:Definition>Identifies the status of the Line with respect to its original state.</ccts:Definition>
              <ccts:Cardinality>0..1</ccts:Cardinality>
              <ccts:ObjectClass>Line Item</ccts:ObjectClass>
              <ccts:PropertyTerm>Line Status Code</ccts:PropertyTerm>
              <ccts:RepresentationTerm>Code</ccts:RepresentationTerm>
              <ccts:DataType>Line Status_ Code. Type</ccts:DataType>
            </ccts:Component>
          </xsd:documentation>
        </xsd:annotation>
      </xsd:element>
      <xsd:element ref="cbc:Quantity" minOccurs="0" maxOccurs="1">
        <xsd:annotation>
          <xsd:documentation>
            <ccts:Component>
              <ccts:ComponentType>BBIE</ccts:ComponentType>
              <ccts:DictionaryEntryName>Line Item. Quantity</ccts:DictionaryEntryName>
              <ccts:Definition>The quantity of Items for the Line Item.</ccts:Definition>
              <ccts:Cardinality>0..1</ccts:Cardinality>
              <ccts:ObjectClass>Line Item</ccts:ObjectClass>
              <ccts:PropertyTerm>Quantity</ccts:PropertyTerm>
              <ccts:RepresentationTerm>Quantity</ccts:RepresentationTerm>
              <ccts:DataType>Quantity. Type</ccts:DataType>
            </ccts:Component>
          </xsd:documentation>
        </xsd:annotation>
      </xsd:element>
      <xsd:element ref="cbc:LineExtensionAmount" minOccurs="0" maxOccurs="1">
        <xsd:annotation>
          <xsd:documentation>
            <ccts:Component>
              <ccts:ComponentType>BBIE</ccts:ComponentType>
              <ccts:DictionaryEntryName>Line Item. Line Extension Amount. Amount</ccts:DictionaryEntryName>
              <ccts:Definition>The total amount for the Line Item, including Allowance Charges but net of taxes.</ccts:Definition>
              <ccts:Cardinality>0..1</ccts:Cardinality>
              <ccts:ObjectClass>Line Item</ccts:ObjectClass>
              <ccts:PropertyTerm>Line Extension Amount</ccts:PropertyTerm>
              <ccts:RepresentationTerm>Amount</ccts:RepresentationTerm>
              <ccts:DataType>Amount. Type</ccts:DataType>
            </ccts:Component>
          </xsd:documentation>
        </xsd:annotation>
      </xsd:element>
      <xsd:element ref="cbc:TotalTaxAmount" minOccurs="0" maxOccurs="1">
        <xsd:annotation>
          <xsd:documentation>
            <ccts:Component>
              <ccts:ComponentType>BBIE</ccts:ComponentType>
              <ccts:DictionaryEntryName>Line Item. Total_ Tax Amount. Amount</ccts:DictionaryEntryName>
              <ccts:Definition>The total tax amount for the Line Item.</ccts:Definition>
              <ccts:Cardinality>0..1</ccts:Cardinality>
              <ccts:ObjectClass>Line Item</ccts:ObjectClass>
              <ccts:PropertyTermQualifier>Total</ccts:PropertyTermQualifier>
              <ccts:PropertyTerm>Tax Amount</ccts:PropertyTerm>
              <ccts:RepresentationTerm>Amount</ccts:RepresentationTerm>
              <ccts:DataType>Amount. Type</ccts:DataType>
            </ccts:Component>
          </xsd:documentation>
        </xsd:annotation>
      </xsd:element>
      <xsd:element ref="cbc:MinimumQuantity" minOccurs="0" maxOccurs="1">
        <xsd:annotation>
          <xsd:documentation>
            <ccts:Component>
              <ccts:ComponentType>BBIE</ccts:ComponentType>
              <ccts:DictionaryEntryName>Line Item. Minimum_ Quantity. Quantity</ccts:DictionaryEntryName>
              <ccts:Definition>The minimum quantity for the Item on the Line.</ccts:Definition>
              <ccts:Cardinality>0..1</ccts:Cardinality>
              <ccts:ObjectClass>Line Item</ccts:ObjectClass>
              <ccts:PropertyTermQualifier>Minimum</ccts:PropertyTermQualifier>
              <ccts:PropertyTerm>Quantity</ccts:PropertyTerm>
              <ccts:RepresentationTerm>Quantity</ccts:RepresentationTerm>
              <ccts:DataType>Quantity. Type</ccts:DataType>
            </ccts:Component>
          </xsd:documentation>
        </xsd:annotation>
      </xsd:element>
      <xsd:element ref="cbc:MaximumQuantity" minOccurs="0" maxOccurs="1">
        <xsd:annotation>
          <xsd:documentation>
            <ccts:Component>
              <ccts:ComponentType>BBIE</ccts:ComponentType>
              <ccts:DictionaryEntryName>Line Item. Maximum_ Quantity. Quantity</ccts:DictionaryEntryName>
              <ccts:Definition>The maximum quantity for the Item on the Line.</ccts:Definition>
              <ccts:Cardinality>0..1</ccts:Cardinality>
              <ccts:ObjectClass>Line Item</ccts:ObjectClass>
              <ccts:PropertyTermQualifier>Maximum</ccts:PropertyTermQualifier>
              <ccts:PropertyTerm>Quantity</ccts:PropertyTerm>
              <ccts:RepresentationTerm>Quantity</ccts:RepresentationTerm>
              <ccts:DataType>Quantity. Type</ccts:DataType>
            </ccts:Component>
          </xsd:documentation>
        </xsd:annotation>
      </xsd:element>
      <xsd:element ref="cbc:MinimumBackorderQuantity" minOccurs="0" maxOccurs="1">
        <xsd:annotation>
          <xsd:documentation>
            <ccts:Component>
              <ccts:ComponentType>BBIE</ccts:ComponentType>
              <ccts:DictionaryEntryName>Line Item. Minimum_ Backorder. Quantity</ccts:DictionaryEntryName>
              <ccts:Definition>The minimum back order quantity (where back order is allowed).</ccts:Definition>
              <ccts:Cardinality>0..1</ccts:Cardinality>
              <ccts:ObjectClass>Line Item</ccts:ObjectClass>
              <ccts:PropertyTermQualifier>Minimum</ccts:PropertyTermQualifier>
              <ccts:PropertyTerm>Backorder</ccts:PropertyTerm>
              <ccts:RepresentationTerm>Quantity</ccts:RepresentationTerm>
              <ccts:DataType>Quantity. Type</ccts:DataType>
            </ccts:Component>
          </xsd:documentation>
        </xsd:annotation>
      </xsd:element>
      <xsd:element ref="cbc:MaximumBackorderQuantity" minOccurs="0" maxOccurs="1">
        <xsd:annotation>
          <xsd:documentation>
            <ccts:Component>
              <ccts:ComponentType>BBIE</ccts:ComponentType>
              <ccts:DictionaryEntryName>Line Item. Maximum_ Backorder. Quantity</ccts:DictionaryEntryName>
              <ccts:Definition>The maximum back order quantity (where back order is allowed).</ccts:Definition>
              <ccts:Cardinality>0..1</ccts:Cardinality>
              <ccts:ObjectClass>Line Item</ccts:ObjectClass>
              <ccts:PropertyTermQualifier>Maximum</ccts:PropertyTermQualifier>
              <ccts:PropertyTerm>Backorder</ccts:PropertyTerm>
              <ccts:RepresentationTerm>Quantity</ccts:RepresentationTerm>
              <ccts:DataType>Quantity. Type</ccts:DataType>
            </ccts:Component>
          </xsd:documentation>
        </xsd:annotation>
      </xsd:element>
      <xsd:element ref="cbc:InspectionMethodCode" minOccurs="0" maxOccurs="1">
        <xsd:annotation>
          <xsd:documentation>
            <ccts:Component>
              <ccts:ComponentType>BBIE</ccts:ComponentType>
              <ccts:DictionaryEntryName>Line Item. Inspection Method. Code</ccts:DictionaryEntryName>
              <ccts:Definition>Inspection requirements for a Line Item, expressed as a code.</ccts:Definition>
              <ccts:Cardinality>0..1</ccts:Cardinality>
              <ccts:ObjectClass>Line Item</ccts:ObjectClass>
              <ccts:PropertyTerm>Inspection Method</ccts:PropertyTerm>
              <ccts:RepresentationTerm>Code</ccts:RepresentationTerm>
              <ccts:DataType>Code. Type</ccts:DataType>
            </ccts:Component>
          </xsd:documentation>
        </xsd:annotation>
      </xsd:element>
      <xsd:element ref="cbc:PartialDeliveryIndicator" minOccurs="0" maxOccurs="1">
        <xsd:annotation>
          <xsd:documentation>
            <ccts:Component>
              <ccts:ComponentType>BBIE</ccts:ComponentType>
              <ccts:DictionaryEntryName>Line Item. Partial Delivery Indicator. Indicator</ccts:DictionaryEntryName>
              <ccts:Definition>Indicates whether a partial delivery is allowed.</ccts:Definition>
              <ccts:Cardinality>0..1</ccts:Cardinality>
              <ccts:ObjectClass>Line Item</ccts:ObjectClass>
              <ccts:PropertyTerm>Partial Delivery Indicator</ccts:PropertyTerm>
              <ccts:RepresentationTerm>Indicator</ccts:RepresentationTerm>
              <ccts:DataType>Indicator. Type</ccts:DataType>
            </ccts:Component>
          </xsd:documentation>
        </xsd:annotation>
      </xsd:element>
      <xsd:element ref="cbc:BackOrderAllowedIndicator" minOccurs="0" maxOccurs="1">
        <xsd:annotation>
          <xsd:documentation>
            <ccts:Component>
              <ccts:ComponentType>BBIE</ccts:ComponentType>
              <ccts:DictionaryEntryName>Line Item. Back Order Allowed Indicator. Indicator</ccts:DictionaryEntryName>
              <ccts:Definition>Indicates whether back order is allowed.</ccts:Definition>
              <ccts:Cardinality>0..1</ccts:Cardinality>
              <ccts:ObjectClass>Line Item</ccts:ObjectClass>
              <ccts:PropertyTerm>Back Order Allowed Indicator</ccts:PropertyTerm>
              <ccts:RepresentationTerm>Indicator</ccts:RepresentationTerm>
              <ccts:DataType>Indicator. Type</ccts:DataType>
            </ccts:Component>
          </xsd:documentation>
        </xsd:annotation>
      </xsd:element>
      <xsd:element ref="cbc:AccountingCostCode" minOccurs="0" maxOccurs="1">
        <xsd:annotation>
          <xsd:documentation>
            <ccts:Component>
              <ccts:ComponentType>BBIE</ccts:ComponentType>
              <ccts:DictionaryEntryName>Line Item. Accounting Cost Code. Code</ccts:DictionaryEntryName>
              <ccts:Definition>The buyer's accounting code applied to the Line Item.</ccts:Definition>
              <ccts:Cardinality>0..1</ccts:Cardinality>
              <ccts:ObjectClass>Line Item</ccts:ObjectClass>
              <ccts:PropertyTerm>Accounting Cost Code</ccts:PropertyTerm>
              <ccts:RepresentationTerm>Code</ccts:RepresentationTerm>
              <ccts:DataType>Code. Type</ccts:DataType>
            </ccts:Component>
          </xsd:documentation>
        </xsd:annotation>
      </xsd:element>
      <xsd:element ref="cbc:AccountingCost" minOccurs="0" maxOccurs="1">
        <xsd:annotation>
          <xsd:documentation>
            <ccts:Component>
              <ccts:ComponentType>BBIE</ccts:ComponentType>
              <ccts:DictionaryEntryName>Line Item. Accounting Cost. Text</ccts:DictionaryEntryName>
              <ccts:Definition>The buyer's accounting code applied to the Line Item, expressed as text.</ccts:Definition>
              <ccts:Cardinality>0..1</ccts:Cardinality>
              <ccts:ObjectClass>Line Item</ccts:ObjectClass>
              <ccts:PropertyTerm>Accounting Cost</ccts:PropertyTerm>
              <ccts:RepresentationTerm>Text</ccts:RepresentationTerm>
              <ccts:DataType>Text. Type</ccts:DataType>
            </ccts:Component>
          </xsd:documentation>
        </xsd:annotation>
      </xsd:element>
      <xsd:element ref="Delivery" minOccurs="0" maxOccurs="unbounded">
        <xsd:annotation>
          <xsd:documentation>
            <ccts:Component>
              <ccts:ComponentType>ASBIE</ccts:ComponentType>
              <ccts:DictionaryEntryName>Line Item. Delivery</ccts:DictionaryEntryName>
              <ccts:Definition>An association to Delivery.</ccts:Definition>
              <ccts:Cardinality>0..n</ccts:Cardinality>
              <ccts:ObjectClass>Line Item</ccts:ObjectClass>
              <ccts:PropertyTerm>Delivery</ccts:PropertyTerm>
              <ccts:AssociatedObjectClass>Delivery</ccts:AssociatedObjectClass>
            </ccts:Component>
          </xsd:documentation>
        </xsd:annotation>
      </xsd:element>
      <xsd:element ref="DeliveryTerms" minOccurs="0" maxOccurs="1">
        <xsd:annotation>
          <xsd:documentation>
            <ccts:Component>
              <ccts:ComponentType>ASBIE</ccts:ComponentType>
              <ccts:DictionaryEntryName>Line Item. Delivery Terms</ccts:DictionaryEntryName>
              <ccts:Definition>An association to Delivery Terms.</ccts:Definition>
              <ccts:Cardinality>0..1</ccts:Cardinality>
              <ccts:ObjectClass>Line Item</ccts:ObjectClass>
              <ccts:PropertyTerm>Delivery Terms</ccts:PropertyTerm>
              <ccts:AssociatedObjectClass>Delivery Terms</ccts:AssociatedObjectClass>
            </ccts:Component>
          </xsd:documentation>
        </xsd:annotation>
      </xsd:element>
      <xsd:element ref="OriginatorParty" minOccurs="0" maxOccurs="1">
        <xsd:annotation>
          <xsd:documentation>
            <ccts:Component>
              <ccts:ComponentType>ASBIE</ccts:ComponentType>
              <ccts:DictionaryEntryName>Line Item. Originator_ Party. Party</ccts:DictionaryEntryName>
              <ccts:Definition>The party who originated Order.</ccts:Definition>
              <ccts:Cardinality>0..1</ccts:Cardinality>
              <ccts:ObjectClass>Line Item</ccts:ObjectClass>
              <ccts:PropertyTermQualifier>Originator</ccts:PropertyTermQualifier>
              <ccts:PropertyTerm>Party</ccts:PropertyTerm>
              <ccts:AssociatedObjectClass>Party</ccts:AssociatedObjectClass>
            </ccts:Component>
          </xsd:documentation>
        </xsd:annotation>
      </xsd:element>
      <xsd:element ref="OrderedShipment" minOccurs="0" maxOccurs="unbounded">
        <xsd:annotation>
          <xsd:documentation>
            <ccts:Component>
              <ccts:ComponentType>ASBIE</ccts:ComponentType>
              <ccts:DictionaryEntryName>Line Item. Ordered Shipment</ccts:DictionaryEntryName>
              <ccts:Definition>An association to Ordered Shipment.</ccts:Definition>
              <ccts:Cardinality>0..n</ccts:Cardinality>
              <ccts:ObjectClass>Line Item</ccts:ObjectClass>
              <ccts:PropertyTerm>Ordered Shipment</ccts:PropertyTerm>
              <ccts:AssociatedObjectClass>Ordered Shipment</ccts:AssociatedObjectClass>
            </ccts:Component>
          </xsd:documentation>
        </xsd:annotation>
      </xsd:element>
      <xsd:element ref="PricingReference" minOccurs="0" maxOccurs="1">
        <xsd:annotation>
          <xsd:documentation>
            <ccts:Component>
              <ccts:ComponentType>ASBIE</ccts:ComponentType>
              <ccts:DictionaryEntryName>Line Item. Pricing Reference</ccts:DictionaryEntryName>
              <ccts:Definition>An association to Pricing Reference.</ccts:Definition>
              <ccts:Cardinality>0..1</ccts:Cardinality>
              <ccts:ObjectClass>Line Item</ccts:ObjectClass>
              <ccts:PropertyTerm>Pricing Reference</ccts:PropertyTerm>
              <ccts:AssociatedObjectClass>Pricing Reference</ccts:AssociatedObjectClass>
            </ccts:Component>
          </xsd:documentation>
        </xsd:annotation>
      </xsd:element>
      <xsd:element ref="AllowanceCharge" minOccurs="0" maxOccurs="unbounded">
        <xsd:annotation>
          <xsd:documentation>
            <ccts:Component>
              <ccts:ComponentType>ASBIE</ccts:ComponentType>
              <ccts:DictionaryEntryName>Line Item. Allowance Charge</ccts:DictionaryEntryName>
              <ccts:Definition>An association to Allowance Charge.</ccts:Definition>
              <ccts:Cardinality>0..n</ccts:Cardinality>
              <ccts:ObjectClass>Line Item</ccts:ObjectClass>
              <ccts:PropertyTerm>Allowance Charge</ccts:PropertyTerm>
              <ccts:AssociatedObjectClass>Allowance Charge</ccts:AssociatedObjectClass>
            </ccts:Component>
          </xsd:documentation>
        </xsd:annotation>
      </xsd:element>
      <xsd:element ref="Price" minOccurs="0" maxOccurs="1">
        <xsd:annotation>
          <xsd:documentation>
            <ccts:Component>
              <ccts:ComponentType>ASBIE</ccts:ComponentType>
              <ccts:DictionaryEntryName>Line Item. Price</ccts:DictionaryEntryName>
              <ccts:Definition>An association to Price.</ccts:Definition>
              <ccts:Cardinality>0..1</ccts:Cardinality>
              <ccts:ObjectClass>Line Item</ccts:ObjectClass>
              <ccts:PropertyTerm>Price</ccts:PropertyTerm>
              <ccts:AssociatedObjectClass>Price</ccts:AssociatedObjectClass>
            </ccts:Component>
          </xsd:documentation>
        </xsd:annotation>
      </xsd:element>
      <xsd:element ref="Item" minOccurs="1" maxOccurs="1">
        <xsd:annotation>
          <xsd:documentation>
            <ccts:Component>
              <ccts:ComponentType>ASBIE</ccts:ComponentType>
              <ccts:DictionaryEntryName>Line Item. Item</ccts:DictionaryEntryName>
              <ccts:Definition>An association to Item.</ccts:Definition>
              <ccts:Cardinality>1</ccts:Cardinality>
              <ccts:ObjectClass>Line Item</ccts:ObjectClass>
              <ccts:PropertyTerm>Item</ccts:PropertyTerm>
              <ccts:AssociatedObjectClass>Item</ccts:AssociatedObjectClass>
            </ccts:Component>
          </xsd:documentation>
        </xsd:annotation>
      </xsd:element>
    </xsd:sequence>
  </xsd:complexType>
  <xsd:complexType name="LineReferenceType">
    <xsd:annotation>
      <xsd:documentation>
        <ccts:Component>
          <ccts:ComponentType>ABIE</ccts:ComponentType>
          <ccts:DictionaryEntryName>Line Reference. Details</ccts:DictionaryEntryName>
          <ccts:Definition>Reference to a Line on a document.</ccts:Definition>
          <ccts:ObjectClass>Line Reference</ccts:ObjectClass>
        </ccts:Component>
      </xsd:documentation>
    </xsd:annotation>
    <xsd:sequence>
      <xsd:element ref="cbc:LineID" minOccurs="1" maxOccurs="1">
        <xsd:annotation>
          <xsd:documentation>
            <ccts:Component>
              <ccts:ComponentType>BBIE</ccts:ComponentType>
              <ccts:DictionaryEntryName>Line Reference. Line Identifier. Identifier</ccts:DictionaryEntryName>
              <ccts:Definition>Identifies the Line on the referenced document.</ccts:Definition>
              <ccts:Cardinality>1</ccts:Cardinality>
              <ccts:ObjectClass>Line Reference</ccts:ObjectClass>
              <ccts:PropertyTerm>Line Identifier</ccts:PropertyTerm>
              <ccts:RepresentationTerm>Identifier</ccts:RepresentationTerm>
              <ccts:DataType>Identifier. Type</ccts:DataType>
            </ccts:Component>
          </xsd:documentation>
        </xsd:annotation>
      </xsd:element>
      <xsd:element ref="cbc:UUID" minOccurs="0" maxOccurs="1">
        <xsd:annotation>
          <xsd:documentation>
            <ccts:Component>
              <ccts:ComponentType>BBIE</ccts:ComponentType>
              <ccts:DictionaryEntryName>Line Reference. UUID. Identifier</ccts:DictionaryEntryName>
              <ccts:Definition>A universally unique identifier for an instance of this ABIE.</ccts:Definition>
              <ccts:Cardinality>0..1</ccts:Cardinality>
              <ccts:ObjectClass>Line Reference</ccts:ObjectClass>
              <ccts:PropertyTerm>UUID</ccts:PropertyTerm>
              <ccts:RepresentationTerm>Identifier</ccts:RepresentationTerm>
              <ccts:DataType>Identifier. Type</ccts:DataType>
            </ccts:Component>
          </xsd:documentation>
        </xsd:annotation>
      </xsd:element>
      <xsd:element ref="cbc:LineStatusCode" minOccurs="0" maxOccurs="1">
        <xsd:annotation>
          <xsd:documentation>
            <ccts:Component>
              <ccts:ComponentType>BBIE</ccts:ComponentType>
              <ccts:DictionaryEntryName>Line Reference. Line Status Code. Code</ccts:DictionaryEntryName>
              <ccts:Definition>Identifies the status of the referenced Line with respect to its original state.</ccts:Definition>
              <ccts:Cardinality>0..1</ccts:Cardinality>
              <ccts:ObjectClass>Line Reference</ccts:ObjectClass>
              <ccts:PropertyTerm>Line Status Code</ccts:PropertyTerm>
              <ccts:RepresentationTerm>Code</ccts:RepresentationTerm>
              <ccts:DataType>Line Status_ Code. Type</ccts:DataType>
            </ccts:Component>
          </xsd:documentation>
        </xsd:annotation>
      </xsd:element>
      <xsd:element ref="DocumentReference" minOccurs="0" maxOccurs="1">
        <xsd:annotation>
          <xsd:documentation>
            <ccts:Component>
              <ccts:ComponentType>ASBIE</ccts:ComponentType>
              <ccts:DictionaryEntryName>Line Reference. Document Reference</ccts:DictionaryEntryName>
              <ccts:Definition>An association to Document Reference.</ccts:Definition>
              <ccts:Cardinality>0..1</ccts:Cardinality>
              <ccts:ObjectClass>Line Reference</ccts:ObjectClass>
              <ccts:PropertyTerm>Document Reference</ccts:PropertyTerm>
              <ccts:AssociatedObjectClass>Document Reference</ccts:AssociatedObjectClass>
            </ccts:Component>
          </xsd:documentation>
        </xsd:annotation>
      </xsd:element>
    </xsd:sequence>
  </xsd:complexType>
  <xsd:complexType name="LineResponseType">
    <xsd:annotation>
      <xsd:documentation>
        <ccts:Component>
          <ccts:ComponentType>ABIE</ccts:ComponentType>
          <ccts:DictionaryEntryName>Line Response. Details</ccts:DictionaryEntryName>
          <ccts:Definition>A response to a Line in a Document.</ccts:Definition>
          <ccts:ObjectClass>Line Response</ccts:ObjectClass>
        </ccts:Component>
      </xsd:documentation>
    </xsd:annotation>
    <xsd:sequence>
      <xsd:element ref="LineReference" minOccurs="1" maxOccurs="1">
        <xsd:annotation>
          <xsd:documentation>
            <ccts:Component>
              <ccts:ComponentType>ASBIE</ccts:ComponentType>
              <ccts:DictionaryEntryName>Line Response. Line Reference</ccts:DictionaryEntryName>
              <ccts:Definition>An association to Line Reference.</ccts:Definition>
              <ccts:Cardinality>1</ccts:Cardinality>
              <ccts:ObjectClass>Line Response</ccts:ObjectClass>
              <ccts:PropertyTerm>Line Reference</ccts:PropertyTerm>
              <ccts:AssociatedObjectClass>Line Reference</ccts:AssociatedObjectClass>
            </ccts:Component>
          </xsd:documentation>
        </xsd:annotation>
      </xsd:element>
      <xsd:element ref="Response" minOccurs="1" maxOccurs="unbounded">
        <xsd:annotation>
          <xsd:documentation>
            <ccts:Component>
              <ccts:ComponentType>ASBIE</ccts:ComponentType>
              <ccts:DictionaryEntryName>Line Response. Response</ccts:DictionaryEntryName>
              <ccts:Definition>An association to Response.</ccts:Definition>
              <ccts:Cardinality>1..n</ccts:Cardinality>
              <ccts:ObjectClass>Line Response</ccts:ObjectClass>
              <ccts:PropertyTerm>Response</ccts:PropertyTerm>
              <ccts:AssociatedObjectClass>Response</ccts:AssociatedObjectClass>
            </ccts:Component>
          </xsd:documentation>
        </xsd:annotation>
      </xsd:element>
    </xsd:sequence>
  </xsd:complexType>
  <xsd:complexType name="LocationType">
    <xsd:annotation>
      <xsd:documentation>
        <ccts:Component>
          <ccts:ComponentType>ABIE</ccts:ComponentType>
          <ccts:DictionaryEntryName>Location. Details</ccts:DictionaryEntryName>
          <ccts:Definition>Information about a location.</ccts:Definition>
          <ccts:ObjectClass>Location</ccts:ObjectClass>
        </ccts:Component>
      </xsd:documentation>
    </xsd:annotation>
    <xsd:sequence>
      <xsd:element ref="cbc:ID" minOccurs="0" maxOccurs="1">
        <xsd:annotation>
          <xsd:documentation>
            <ccts:Component>
              <ccts:ComponentType>BBIE</ccts:ComponentType>
              <ccts:DictionaryEntryName>Location. Identifier</ccts:DictionaryEntryName>
              <ccts:Definition>The unique identifier for the location, e.g., the EAN Location Number, GLN.</ccts:Definition>
              <ccts:Cardinality>0..1</ccts:Cardinality>
              <ccts:ObjectClass>Location</ccts:ObjectClass>
              <ccts:PropertyTerm>Identifier</ccts:PropertyTerm>
              <ccts:RepresentationTerm>Identifier</ccts:RepresentationTerm>
              <ccts:DataType>Identifier. Type</ccts:DataType>
              <ccts:Examples>5790002221134</ccts:Examples>
            </ccts:Component>
          </xsd:documentation>
        </xsd:annotation>
      </xsd:element>
      <xsd:element ref="cbc:Description" minOccurs="0" maxOccurs="1">
        <xsd:annotation>
          <xsd:documentation>
            <ccts:Component>
              <ccts:ComponentType>BBIE</ccts:ComponentType>
              <ccts:DictionaryEntryName>Location. Description. Text</ccts:DictionaryEntryName>
              <ccts:Definition>The description or name of the location.</ccts:Definition>
              <ccts:Cardinality>0..1</ccts:Cardinality>
              <ccts:ObjectClass>Location</ccts:ObjectClass>
              <ccts:PropertyTerm>Description</ccts:PropertyTerm>
              <ccts:RepresentationTerm>Text</ccts:RepresentationTerm>
              <ccts:DataType>Text. Type</ccts:DataType>
            </ccts:Component>
          </xsd:documentation>
        </xsd:annotation>
      </xsd:element>
      <xsd:element ref="cbc:Conditions" minOccurs="0" maxOccurs="1">
        <xsd:annotation>
          <xsd:documentation>
            <ccts:Component>
              <ccts:ComponentType>BBIE</ccts:ComponentType>
              <ccts:DictionaryEntryName>Location. Conditions. Text</ccts:DictionaryEntryName>
              <ccts:Definition>Conditions describing the location.</ccts:Definition>
              <ccts:Cardinality>0..1</ccts:Cardinality>
              <ccts:ObjectClass>Location</ccts:ObjectClass>
              <ccts:PropertyTerm>Conditions</ccts:PropertyTerm>
              <ccts:RepresentationTerm>Text</ccts:RepresentationTerm>
              <ccts:DataType>Text. Type</ccts:DataType>
            </ccts:Component>
          </xsd:documentation>
        </xsd:annotation>
      </xsd:element>
      <xsd:element ref="cbc:CountrySubentity" minOccurs="0" maxOccurs="1">
        <xsd:annotation>
          <xsd:documentation>
            <ccts:Component>
              <ccts:ComponentType>BBIE</ccts:ComponentType>
              <ccts:DictionaryEntryName>Location. Country Subentity. Text</ccts:DictionaryEntryName>
              <ccts:Definition>A territorial division of a country, such as a county or state.</ccts:Definition>
              <ccts:Cardinality>0..1</ccts:Cardinality>
              <ccts:ObjectClass>Location</ccts:ObjectClass>
              <ccts:PropertyTerm>Country Subentity</ccts:PropertyTerm>
              <ccts:RepresentationTerm>Text</ccts:RepresentationTerm>
              <ccts:DataType>Text. Type</ccts:DataType>
              <ccts:AlternativeBusinessTerms>AdministrativeArea, State, Country, Shire, Canton</ccts:AlternativeBusinessTerms>
              <ccts:Examples>"Florida","Tamilnadu"</ccts:Examples>
            </ccts:Component>
          </xsd:documentation>
        </xsd:annotation>
      </xsd:element>
      <xsd:element ref="cbc:CountrySubentityCode" minOccurs="0" maxOccurs="1">
        <xsd:annotation>
          <xsd:documentation>
            <ccts:Component>
              <ccts:ComponentType>BBIE</ccts:ComponentType>
              <ccts:DictionaryEntryName>Location. Country Subentity Code. Code</ccts:DictionaryEntryName>
              <ccts:Definition>The territorial division of a country, such as a county or state, expressed as a code.</ccts:Definition>
              <ccts:Cardinality>0..1</ccts:Cardinality>
              <ccts:ObjectClass>Location</ccts:ObjectClass>
              <ccts:PropertyTerm>Country Subentity Code</ccts:PropertyTerm>
              <ccts:RepresentationTerm>Code</ccts:RepresentationTerm>
              <ccts:DataType>Code. Type</ccts:DataType>
              <ccts:AlternativeBusinessTerms>AdministrativeAreaCode, State Code</ccts:AlternativeBusinessTerms>
            </ccts:Component>
          </xsd:documentation>
        </xsd:annotation>
      </xsd:element>
      <xsd:element ref="ValidityPeriod" minOccurs="0" maxOccurs="unbounded">
        <xsd:annotation>
          <xsd:documentation>
            <ccts:Component>
              <ccts:ComponentType>ASBIE</ccts:ComponentType>
              <ccts:DictionaryEntryName>Location. Validity_ Period. Period</ccts:DictionaryEntryName>
              <ccts:Definition>Period(s) in which the location can be used, e.g., for delivery.</ccts:Definition>
              <ccts:Cardinality>0..n</ccts:Cardinality>
              <ccts:ObjectClass>Location</ccts:ObjectClass>
              <ccts:PropertyTermQualifier>Validity</ccts:PropertyTermQualifier>
              <ccts:PropertyTerm>Period</ccts:PropertyTerm>
              <ccts:AssociatedObjectClass>Period</ccts:AssociatedObjectClass>
            </ccts:Component>
          </xsd:documentation>
        </xsd:annotation>
      </xsd:element>
      <xsd:element ref="Address" minOccurs="0" maxOccurs="1">
        <xsd:annotation>
          <xsd:documentation>
            <ccts:Component>
              <ccts:ComponentType>ASBIE</ccts:ComponentType>
              <ccts:DictionaryEntryName>Location. Address</ccts:DictionaryEntryName>
              <ccts:Definition>Association to the address of the location.</ccts:Definition>
              <ccts:Cardinality>0..1</ccts:Cardinality>
              <ccts:ObjectClass>Location</ccts:ObjectClass>
              <ccts:PropertyTerm>Address</ccts:PropertyTerm>
              <ccts:AssociatedObjectClass>Address</ccts:AssociatedObjectClass>
            </ccts:Component>
          </xsd:documentation>
        </xsd:annotation>
      </xsd:element>
    </xsd:sequence>
  </xsd:complexType>
  <xsd:complexType name="LocationCoordinateType">
    <xsd:annotation>
      <xsd:documentation>
        <ccts:Component>
          <ccts:ComponentType>ABIE</ccts:ComponentType>
          <ccts:DictionaryEntryName>Location Coordinate. Details</ccts:DictionaryEntryName>
          <ccts:Definition>Information about physical (geographical) location.</ccts:Definition>
          <ccts:ObjectClass>Location Coordinate</ccts:ObjectClass>
        </ccts:Component>
      </xsd:documentation>
    </xsd:annotation>
    <xsd:sequence>
      <xsd:element ref="cbc:CoordinateSystemCode" minOccurs="0" maxOccurs="1">
        <xsd:annotation>
          <xsd:documentation>
            <ccts:Component>
              <ccts:ComponentType>BBIE</ccts:ComponentType>
              <ccts:DictionaryEntryName>Location Coordinate. Coordinate System Code. Code</ccts:DictionaryEntryName>
              <ccts:Definition>An identifier for the location system used.</ccts:Definition>
              <ccts:Cardinality>0..1</ccts:Cardinality>
              <ccts:ObjectClass>Location Coordinate</ccts:ObjectClass>
              <ccts:PropertyTerm>Coordinate System Code</ccts:PropertyTerm>
              <ccts:RepresentationTerm>Code</ccts:RepresentationTerm>
              <ccts:DataType>Code. Type</ccts:DataType>
            </ccts:Component>
          </xsd:documentation>
        </xsd:annotation>
      </xsd:element>
      <xsd:element ref="cbc:LatitudeDegreesMeasure" minOccurs="0" maxOccurs="1">
        <xsd:annotation>
          <xsd:documentation>
            <ccts:Component>
              <ccts:ComponentType>BBIE</ccts:ComponentType>
              <ccts:DictionaryEntryName>Location Coordinate. Latitude_ Degrees. Measure</ccts:DictionaryEntryName>
              <ccts:Definition>The measure of latitude in degrees.</ccts:Definition>
              <ccts:Cardinality>0..1</ccts:Cardinality>
              <ccts:ObjectClass>Location Coordinate</ccts:ObjectClass>
              <ccts:PropertyTermQualifier>Latitude</ccts:PropertyTermQualifier>
              <ccts:PropertyTerm>Degrees</ccts:PropertyTerm>
              <ccts:RepresentationTerm>Measure</ccts:RepresentationTerm>
              <ccts:DataType>Measure. Type</ccts:DataType>
            </ccts:Component>
          </xsd:documentation>
        </xsd:annotation>
      </xsd:element>
      <xsd:element ref="cbc:LatitudeMinutesMeasure" minOccurs="0" maxOccurs="1">
        <xsd:annotation>
          <xsd:documentation>
            <ccts:Component>
              <ccts:ComponentType>BBIE</ccts:ComponentType>
              <ccts:DictionaryEntryName>Location Coordinate. Latitude_ Minutes. Measure</ccts:DictionaryEntryName>
              <ccts:Definition>The measure of latitude in minutes.</ccts:Definition>
              <ccts:Cardinality>0..1</ccts:Cardinality>
              <ccts:ObjectClass>Location Coordinate</ccts:ObjectClass>
              <ccts:PropertyTermQualifier>Latitude</ccts:PropertyTermQualifier>
              <ccts:PropertyTerm>Minutes</ccts:PropertyTerm>
              <ccts:RepresentationTerm>Measure</ccts:RepresentationTerm>
              <ccts:DataType>Measure. Type</ccts:DataType>
            </ccts:Component>
          </xsd:documentation>
        </xsd:annotation>
      </xsd:element>
      <xsd:element ref="cbc:LatitudeDirectionCode" minOccurs="0" maxOccurs="1">
        <xsd:annotation>
          <xsd:documentation>
            <ccts:Component>
              <ccts:ComponentType>BBIE</ccts:ComponentType>
              <ccts:DictionaryEntryName>Location Coordinate. Latitude Direction Code. Code</ccts:DictionaryEntryName>
              <ccts:Definition>The direction of latitude measurement from the equator.</ccts:Definition>
              <ccts:Cardinality>0..1</ccts:Cardinality>
              <ccts:ObjectClass>Location Coordinate</ccts:ObjectClass>
              <ccts:PropertyTerm>Latitude Direction Code</ccts:PropertyTerm>
              <ccts:RepresentationTerm>Code</ccts:RepresentationTerm>
              <ccts:DataType>Latitude Direction_ Code. Type</ccts:DataType>
            </ccts:Component>
          </xsd:documentation>
        </xsd:annotation>
      </xsd:element>
      <xsd:element ref="cbc:LongitudeDegreesMeasure" minOccurs="0" maxOccurs="1">
        <xsd:annotation>
          <xsd:documentation>
            <ccts:Component>
              <ccts:ComponentType>BBIE</ccts:ComponentType>
              <ccts:DictionaryEntryName>Location Coordinate. Longitude_ Degrees. Measure</ccts:DictionaryEntryName>
              <ccts:Definition>The measure of longitude in degrees.</ccts:Definition>
              <ccts:Cardinality>0..1</ccts:Cardinality>
              <ccts:ObjectClass>Location Coordinate</ccts:ObjectClass>
              <ccts:PropertyTermQualifier>Longitude</ccts:PropertyTermQualifier>
              <ccts:PropertyTerm>Degrees</ccts:PropertyTerm>
              <ccts:RepresentationTerm>Measure</ccts:RepresentationTerm>
              <ccts:DataType>Measure. Type</ccts:DataType>
            </ccts:Component>
          </xsd:documentation>
        </xsd:annotation>
      </xsd:element>
      <xsd:element ref="cbc:LongitudeMinutesMeasure" minOccurs="0" maxOccurs="1">
        <xsd:annotation>
          <xsd:documentation>
            <ccts:Component>
              <ccts:ComponentType>BBIE</ccts:ComponentType>
              <ccts:DictionaryEntryName>Location Coordinate. Longitude_ Minutes. Measure</ccts:DictionaryEntryName>
              <ccts:Definition>The measure of longitude in minutes.</ccts:Definition>
              <ccts:Cardinality>0..1</ccts:Cardinality>
              <ccts:ObjectClass>Location Coordinate</ccts:ObjectClass>
              <ccts:PropertyTermQualifier>Longitude</ccts:PropertyTermQualifier>
              <ccts:PropertyTerm>Minutes</ccts:PropertyTerm>
              <ccts:RepresentationTerm>Measure</ccts:RepresentationTerm>
              <ccts:DataType>Measure. Type</ccts:DataType>
            </ccts:Component>
          </xsd:documentation>
        </xsd:annotation>
      </xsd:element>
      <xsd:element ref="cbc:LongitudeDirectionCode" minOccurs="0" maxOccurs="1">
        <xsd:annotation>
          <xsd:documentation>
            <ccts:Component>
              <ccts:ComponentType>BBIE</ccts:ComponentType>
              <ccts:DictionaryEntryName>Location Coordinate. Longitude Direction Code. Code</ccts:DictionaryEntryName>
              <ccts:Definition>The direction of longitude measurement from the meridian.</ccts:Definition>
              <ccts:Cardinality>0..1</ccts:Cardinality>
              <ccts:ObjectClass>Location Coordinate</ccts:ObjectClass>
              <ccts:PropertyTerm>Longitude Direction Code</ccts:PropertyTerm>
              <ccts:RepresentationTerm>Code</ccts:RepresentationTerm>
              <ccts:DataType>Longitude Direction_ Code. Type</ccts:DataType>
            </ccts:Component>
          </xsd:documentation>
        </xsd:annotation>
      </xsd:element>
    </xsd:sequence>
  </xsd:complexType>
  <xsd:complexType name="LotIdentificationType">
    <xsd:annotation>
      <xsd:documentation>
        <ccts:Component>
          <ccts:ComponentType>ABIE</ccts:ComponentType>
          <ccts:DictionaryEntryName>Lot Identification. Details</ccts:DictionaryEntryName>
          <ccts:Definition>Information about a lot (of Item Instances).</ccts:Definition>
          <ccts:ObjectClass>Lot Identification</ccts:ObjectClass>
        </ccts:Component>
      </xsd:documentation>
    </xsd:annotation>
    <xsd:sequence>
      <xsd:element ref="cbc:LotNumberID" minOccurs="0" maxOccurs="1">
        <xsd:annotation>
          <xsd:documentation>
            <ccts:Component>
              <ccts:ComponentType>BBIE</ccts:ComponentType>
              <ccts:DictionaryEntryName>Lot Identification. Lot Number. Identifier</ccts:DictionaryEntryName>
              <ccts:Definition>Identifies the lot.</ccts:Definition>
              <ccts:Cardinality>0..1</ccts:Cardinality>
              <ccts:ObjectClass>Lot Identification</ccts:ObjectClass>
              <ccts:PropertyTerm>Lot Number</ccts:PropertyTerm>
              <ccts:RepresentationTerm>Identifier</ccts:RepresentationTerm>
              <ccts:DataType>Identifier. Type</ccts:DataType>
            </ccts:Component>
          </xsd:documentation>
        </xsd:annotation>
      </xsd:element>
      <xsd:element ref="cbc:ExpiryDate" minOccurs="0" maxOccurs="1">
        <xsd:annotation>
          <xsd:documentation>
            <ccts:Component>
              <ccts:ComponentType>BBIE</ccts:ComponentType>
              <ccts:DictionaryEntryName>Lot Identification. Expiry Date. Date</ccts:DictionaryEntryName>
              <ccts:Definition>The expiry date of the lot.</ccts:Definition>
              <ccts:Cardinality>0..1</ccts:Cardinality>
              <ccts:ObjectClass>Lot Identification</ccts:ObjectClass>
              <ccts:PropertyTerm>Expiry Date</ccts:PropertyTerm>
              <ccts:RepresentationTerm>Date</ccts:RepresentationTerm>
              <ccts:DataType>Date. Type</ccts:DataType>
            </ccts:Component>
          </xsd:documentation>
        </xsd:annotation>
      </xsd:element>
      <xsd:element ref="AdditionalItemProperty" minOccurs="0" maxOccurs="unbounded">
        <xsd:annotation>
          <xsd:documentation>
            <ccts:Component>
              <ccts:ComponentType>ASBIE</ccts:ComponentType>
              <ccts:DictionaryEntryName>Lot Identification. Additional_ Item Property. Item Property</ccts:DictionaryEntryName>
              <ccts:Definition>An association to Additional Item Property.</ccts:Definition>
              <ccts:Cardinality>0..n</ccts:Cardinality>
              <ccts:ObjectClass>Lot Identification</ccts:ObjectClass>
              <ccts:PropertyTermQualifier>Additional</ccts:PropertyTermQualifier>
              <ccts:PropertyTerm>Item Property</ccts:PropertyTerm>
              <ccts:AssociatedObjectClass>Item Property</ccts:AssociatedObjectClass>
            </ccts:Component>
          </xsd:documentation>
        </xsd:annotation>
      </xsd:element>
    </xsd:sequence>
  </xsd:complexType>
  <xsd:complexType name="MaritimeTransportType">
    <xsd:annotation>
      <xsd:documentation>
        <ccts:Component>
          <ccts:ComponentType>ABIE</ccts:ComponentType>
          <ccts:DictionaryEntryName>Maritime Transport. Details</ccts:DictionaryEntryName>
          <ccts:Definition>Describes a water (including sea, river, and canal) transport vessel.</ccts:Definition>
          <ccts:ObjectClass>Maritime Transport</ccts:ObjectClass>
        </ccts:Component>
      </xsd:documentation>
    </xsd:annotation>
    <xsd:sequence>
      <xsd:element ref="cbc:VesselID" minOccurs="0" maxOccurs="1">
        <xsd:annotation>
          <xsd:documentation>
            <ccts:Component>
              <ccts:ComponentType>BBIE</ccts:ComponentType>
              <ccts:DictionaryEntryName>Maritime Transport. Vessel Identifier. Identifier</ccts:DictionaryEntryName>
              <ccts:Definition>Identifies a specific vessel.</ccts:Definition>
              <ccts:Cardinality>0..1</ccts:Cardinality>
              <ccts:ObjectClass>Maritime Transport</ccts:ObjectClass>
              <ccts:PropertyTerm>Vessel Identifier</ccts:PropertyTerm>
              <ccts:RepresentationTerm>Identifier</ccts:RepresentationTerm>
              <ccts:DataType>Identifier. Type</ccts:DataType>
              <ccts:AlternativeBusinessTerms>Lloyds Number, Registration Number (WCO ID 167)</ccts:AlternativeBusinessTerms>
              <ccts:Examples>International Maritime Organisation number of a vessel</ccts:Examples>
            </ccts:Component>
          </xsd:documentation>
        </xsd:annotation>
      </xsd:element>
      <xsd:element ref="cbc:VesselName" minOccurs="0" maxOccurs="1">
        <xsd:annotation>
          <xsd:documentation>
            <ccts:Component>
              <ccts:ComponentType>BBIE</ccts:ComponentType>
              <ccts:DictionaryEntryName>Maritime Transport. Vessel Name. Name</ccts:DictionaryEntryName>
              <ccts:Definition>The name of the vessel.</ccts:Definition>
              <ccts:Cardinality>0..1</ccts:Cardinality>
              <ccts:ObjectClass>Maritime Transport</ccts:ObjectClass>
              <ccts:PropertyTerm>Vessel Name</ccts:PropertyTerm>
              <ccts:RepresentationTerm>Name</ccts:RepresentationTerm>
              <ccts:DataType>Name. Type</ccts:DataType>
              <ccts:AlternativeBusinessTerms>Ships Name</ccts:AlternativeBusinessTerms>
            </ccts:Component>
          </xsd:documentation>
        </xsd:annotation>
      </xsd:element>
    </xsd:sequence>
  </xsd:complexType>
  <xsd:complexType name="MonetaryTotalType">
    <xsd:annotation>
      <xsd:documentation>
        <ccts:Component>
          <ccts:ComponentType>ABIE</ccts:ComponentType>
          <ccts:DictionaryEntryName>Monetary Total. Details</ccts:DictionaryEntryName>
          <ccts:Definition>Information about Monetary Totals.</ccts:Definition>
          <ccts:ObjectClass>Monetary Total</ccts:ObjectClass>
        </ccts:Component>
      </xsd:documentation>
    </xsd:annotation>
    <xsd:sequence>
      <xsd:element ref="cbc:LineExtensionAmount" minOccurs="0" maxOccurs="1">
        <xsd:annotation>
          <xsd:documentation>
            <ccts:Component>
              <ccts:ComponentType>BBIE</ccts:ComponentType>
              <ccts:DictionaryEntryName>Monetary Total. Line Extension Amount. Amount</ccts:DictionaryEntryName>
              <ccts:Definition>The total of Line Extension Amounts net of tax and settlement discounts, but inclusive of any applicable rounding amount.</ccts:Definition>
              <ccts:Cardinality>0..1</ccts:Cardinality>
              <ccts:ObjectClass>Monetary Total</ccts:ObjectClass>
              <ccts:PropertyTerm>Line Extension Amount</ccts:PropertyTerm>
              <ccts:RepresentationTerm>Amount</ccts:RepresentationTerm>
              <ccts:DataType>Amount. Type</ccts:DataType>
            </ccts:Component>
          </xsd:documentation>
        </xsd:annotation>
      </xsd:element>
      <xsd:element ref="cbc:TaxExclusiveAmount" minOccurs="0" maxOccurs="1">
        <xsd:annotation>
          <xsd:documentation>
            <ccts:Component>
              <ccts:ComponentType>BBIE</ccts:ComponentType>
              <ccts:DictionaryEntryName>Monetary Total. Tax Exclusive Amount. Amount</ccts:DictionaryEntryName>
              <ccts:Definition>The total amount exclusive of taxes.</ccts:Definition>
              <ccts:Cardinality>0..1</ccts:Cardinality>
              <ccts:ObjectClass>Monetary Total</ccts:ObjectClass>
              <ccts:PropertyTerm>Tax Exclusive Amount</ccts:PropertyTerm>
              <ccts:RepresentationTerm>Amount</ccts:RepresentationTerm>
              <ccts:DataType>Amount. Type</ccts:DataType>
            </ccts:Component>
          </xsd:documentation>
        </xsd:annotation>
      </xsd:element>
      <xsd:element ref="cbc:TaxInclusiveAmount" minOccurs="0" maxOccurs="1">
        <xsd:annotation>
          <xsd:documentation>
            <ccts:Component>
              <ccts:ComponentType>BBIE</ccts:ComponentType>
              <ccts:DictionaryEntryName>Monetary Total. Tax Inclusive Amount. Amount</ccts:DictionaryEntryName>
              <ccts:Definition>The total amount inclusive of taxes.</ccts:Definition>
              <ccts:Cardinality>0..1</ccts:Cardinality>
              <ccts:ObjectClass>Monetary Total</ccts:ObjectClass>
              <ccts:PropertyTerm>Tax Inclusive Amount</ccts:PropertyTerm>
              <ccts:RepresentationTerm>Amount</ccts:RepresentationTerm>
              <ccts:DataType>Amount. Type</ccts:DataType>
            </ccts:Component>
          </xsd:documentation>
        </xsd:annotation>
      </xsd:element>
      <xsd:element ref="cbc:AllowanceTotalAmount" minOccurs="0" maxOccurs="1">
        <xsd:annotation>
          <xsd:documentation>
            <ccts:Component>
              <ccts:ComponentType>BBIE</ccts:ComponentType>
              <ccts:DictionaryEntryName>Monetary Total. Allowance Total Amount. Amount</ccts:DictionaryEntryName>
              <ccts:Definition>The total amount of all allowances.</ccts:Definition>
              <ccts:Cardinality>0..1</ccts:Cardinality>
              <ccts:ObjectClass>Monetary Total</ccts:ObjectClass>
              <ccts:PropertyTerm>Allowance Total Amount</ccts:PropertyTerm>
              <ccts:RepresentationTerm>Amount</ccts:RepresentationTerm>
              <ccts:DataType>Amount. Type</ccts:DataType>
            </ccts:Component>
          </xsd:documentation>
        </xsd:annotation>
      </xsd:element>
      <xsd:element ref="cbc:ChargeTotalAmount" minOccurs="0" maxOccurs="1">
        <xsd:annotation>
          <xsd:documentation>
            <ccts:Component>
              <ccts:ComponentType>BBIE</ccts:ComponentType>
              <ccts:DictionaryEntryName>Monetary Total. Charge Total Amount. Amount</ccts:DictionaryEntryName>
              <ccts:Definition>The total amount of all charges.</ccts:Definition>
              <ccts:Cardinality>0..1</ccts:Cardinality>
              <ccts:ObjectClass>Monetary Total</ccts:ObjectClass>
              <ccts:PropertyTerm>Charge Total Amount</ccts:PropertyTerm>
              <ccts:RepresentationTerm>Amount</ccts:RepresentationTerm>
              <ccts:DataType>Amount. Type</ccts:DataType>
            </ccts:Component>
          </xsd:documentation>
        </xsd:annotation>
      </xsd:element>
      <xsd:element ref="cbc:PrepaidAmount" minOccurs="0" maxOccurs="1">
        <xsd:annotation>
          <xsd:documentation>
            <ccts:Component>
              <ccts:ComponentType>BBIE</ccts:ComponentType>
              <ccts:DictionaryEntryName>Monetary Total. Prepaid Amount. Amount</ccts:DictionaryEntryName>
              <ccts:Definition>The total prepaid amount.</ccts:Definition>
              <ccts:Cardinality>0..1</ccts:Cardinality>
              <ccts:ObjectClass>Monetary Total</ccts:ObjectClass>
              <ccts:PropertyTerm>Prepaid Amount</ccts:PropertyTerm>
              <ccts:RepresentationTerm>Amount</ccts:RepresentationTerm>
              <ccts:DataType>Amount. Type</ccts:DataType>
            </ccts:Component>
          </xsd:documentation>
        </xsd:annotation>
      </xsd:element>
      <xsd:element ref="cbc:PayableRoundingAmount" minOccurs="0" maxOccurs="1">
        <xsd:annotation>
          <xsd:documentation>
            <ccts:Component>
              <ccts:ComponentType>BBIE</ccts:ComponentType>
              <ccts:DictionaryEntryName>Monetary Total. Payable_ Rounding Amount. Amount</ccts:DictionaryEntryName>
              <ccts:Definition>The rounding amount (positive or negative) added to the calculated Line Extension Total Amount to produce the rounded Line Extension Total Amount.</ccts:Definition>
              <ccts:Cardinality>0..1</ccts:Cardinality>
              <ccts:ObjectClass>Monetary Total</ccts:ObjectClass>
              <ccts:PropertyTermQualifier>Payable</ccts:PropertyTermQualifier>
              <ccts:PropertyTerm>Rounding Amount</ccts:PropertyTerm>
              <ccts:RepresentationTerm>Amount</ccts:RepresentationTerm>
              <ccts:DataType>Amount. Type</ccts:DataType>
            </ccts:Component>
          </xsd:documentation>
        </xsd:annotation>
      </xsd:element>
      <xsd:element ref="cbc:PayableAmount" minOccurs="1" maxOccurs="1">
        <xsd:annotation>
          <xsd:documentation>
            <ccts:Component>
              <ccts:ComponentType>BBIE</ccts:ComponentType>
              <ccts:DictionaryEntryName>Monetary Total. Payable_ Amount. Amount</ccts:DictionaryEntryName>
              <ccts:Definition>The total amount to be paid.</ccts:Definition>
              <ccts:Cardinality>1</ccts:Cardinality>
              <ccts:ObjectClass>Monetary Total</ccts:ObjectClass>
              <ccts:PropertyTermQualifier>Payable</ccts:PropertyTermQualifier>
              <ccts:PropertyTerm>Amount</ccts:PropertyTerm>
              <ccts:RepresentationTerm>Amount</ccts:RepresentationTerm>
              <ccts:DataType>Amount. Type</ccts:DataType>
            </ccts:Component>
          </xsd:documentation>
        </xsd:annotation>
      </xsd:element>
    </xsd:sequence>
  </xsd:complexType>
  <xsd:complexType name="OrderedShipmentType">
    <xsd:annotation>
      <xsd:documentation>
        <ccts:Component>
          <ccts:ComponentType>ABIE</ccts:ComponentType>
          <ccts:DictionaryEntryName>Ordered Shipment. Details</ccts:DictionaryEntryName>
          <ccts:Definition>Information about an Ordered Shipment.</ccts:Definition>
          <ccts:ObjectClass>Ordered Shipment</ccts:ObjectClass>
        </ccts:Component>
      </xsd:documentation>
    </xsd:annotation>
    <xsd:sequence>
      <xsd:element ref="Shipment" minOccurs="1" maxOccurs="1">
        <xsd:annotation>
          <xsd:documentation>
            <ccts:Component>
              <ccts:ComponentType>ASBIE</ccts:ComponentType>
              <ccts:DictionaryEntryName>Ordered Shipment. Shipment</ccts:DictionaryEntryName>
              <ccts:Definition>An association to Shipment.</ccts:Definition>
              <ccts:Cardinality>1</ccts:Cardinality>
              <ccts:ObjectClass>Ordered Shipment</ccts:ObjectClass>
              <ccts:PropertyTerm>Shipment</ccts:PropertyTerm>
              <ccts:AssociatedObjectClass>Shipment</ccts:AssociatedObjectClass>
            </ccts:Component>
          </xsd:documentation>
        </xsd:annotation>
      </xsd:element>
      <xsd:element ref="Package" minOccurs="0" maxOccurs="unbounded">
        <xsd:annotation>
          <xsd:documentation>
            <ccts:Component>
              <ccts:ComponentType>ASBIE</ccts:ComponentType>
              <ccts:DictionaryEntryName>Ordered Shipment. Package</ccts:DictionaryEntryName>
              <ccts:Definition>An association to Package.</ccts:Definition>
              <ccts:Cardinality>0..n</ccts:Cardinality>
              <ccts:ObjectClass>Ordered Shipment</ccts:ObjectClass>
              <ccts:PropertyTerm>Package</ccts:PropertyTerm>
              <ccts:AssociatedObjectClass>Package</ccts:AssociatedObjectClass>
            </ccts:Component>
          </xsd:documentation>
        </xsd:annotation>
      </xsd:element>
    </xsd:sequence>
  </xsd:complexType>
  <xsd:complexType name="OrderLineType">
    <xsd:annotation>
      <xsd:documentation>
        <ccts:Component>
          <ccts:ComponentType>ABIE</ccts:ComponentType>
          <ccts:DictionaryEntryName>Order Line. Details</ccts:DictionaryEntryName>
          <ccts:Definition>Information about an Order Line.</ccts:Definition>
          <ccts:ObjectClass>Order Line</ccts:ObjectClass>
        </ccts:Component>
      </xsd:documentation>
    </xsd:annotation>
    <xsd:sequence>
      <xsd:element ref="cbc:SubstitutionStatusCode" minOccurs="0" maxOccurs="1">
        <xsd:annotation>
          <xsd:documentation>
            <ccts:Component>
              <ccts:ComponentType>BBIE</ccts:ComponentType>
              <ccts:DictionaryEntryName>Order Line. Substitution Status Code. Code</ccts:DictionaryEntryName>
              <ccts:Definition>A code indicating the substitution status of the Order Line. Order Line may indicate that a substitute is proposed by the buyer or by the seller (in Order Response) or that a substitution has been made by the seller (in Order Response).</ccts:Definition>
              <ccts:Cardinality>0..1</ccts:Cardinality>
              <ccts:ObjectClass>Order Line</ccts:ObjectClass>
              <ccts:PropertyTerm>Substitution Status Code</ccts:PropertyTerm>
              <ccts:RepresentationTerm>Code</ccts:RepresentationTerm>
              <ccts:DataType>Substitution Status_ Code. Type</ccts:DataType>
            </ccts:Component>
          </xsd:documentation>
        </xsd:annotation>
      </xsd:element>
      <xsd:element ref="cbc:Note" minOccurs="0" maxOccurs="1">
        <xsd:annotation>
          <xsd:documentation>
            <ccts:Component>
              <ccts:ComponentType>BBIE</ccts:ComponentType>
              <ccts:DictionaryEntryName>Order Line. Note. Text</ccts:DictionaryEntryName>
              <ccts:Definition>Free-form text applying to the Order Line. This element may contain notes or any other similar information that is not contained explicitly in another structure.</ccts:Definition>
              <ccts:Cardinality>0..1</ccts:Cardinality>
              <ccts:ObjectClass>Order Line</ccts:ObjectClass>
              <ccts:PropertyTerm>Note</ccts:PropertyTerm>
              <ccts:RepresentationTerm>Text</ccts:RepresentationTerm>
              <ccts:DataType>Text. Type</ccts:DataType>
            </ccts:Component>
          </xsd:documentation>
        </xsd:annotation>
      </xsd:element>
      <xsd:element ref="LineItem" minOccurs="1" maxOccurs="1">
        <xsd:annotation>
          <xsd:documentation>
            <ccts:Component>
              <ccts:ComponentType>ASBIE</ccts:ComponentType>
              <ccts:DictionaryEntryName>Order Line. Line Item</ccts:DictionaryEntryName>
              <ccts:Definition>An association to Line Item.</ccts:Definition>
              <ccts:Cardinality>1</ccts:Cardinality>
              <ccts:ObjectClass>Order Line</ccts:ObjectClass>
              <ccts:PropertyTerm>Line Item</ccts:PropertyTerm>
              <ccts:AssociatedObjectClass>Line Item</ccts:AssociatedObjectClass>
            </ccts:Component>
          </xsd:documentation>
        </xsd:annotation>
      </xsd:element>
      <xsd:element ref="SellerProposedSubstituteLineItem" minOccurs="0" maxOccurs="unbounded">
        <xsd:annotation>
          <xsd:documentation>
            <ccts:Component>
              <ccts:ComponentType>ASBIE</ccts:ComponentType>
              <ccts:DictionaryEntryName>Order Line. Seller Proposed Substitute_ Line Item. Line Item</ccts:DictionaryEntryName>
              <ccts:Definition>Substitute Line Items proposed by the seller (in Order Response).</ccts:Definition>
              <ccts:Cardinality>0..n</ccts:Cardinality>
              <ccts:ObjectClass>Order Line</ccts:ObjectClass>
              <ccts:PropertyTermQualifier>Seller Proposed Substitute</ccts:PropertyTermQualifier>
              <ccts:PropertyTerm>Line Item</ccts:PropertyTerm>
              <ccts:AssociatedObjectClass>Line Item</ccts:AssociatedObjectClass>
            </ccts:Component>
          </xsd:documentation>
        </xsd:annotation>
      </xsd:element>
      <xsd:element ref="SellerSubstitutedLineItem" minOccurs="0" maxOccurs="unbounded">
        <xsd:annotation>
          <xsd:documentation>
            <ccts:Component>
              <ccts:ComponentType>ASBIE</ccts:ComponentType>
              <ccts:DictionaryEntryName>Order Line. Seller Substituted_ Line Item. Line Item</ccts:DictionaryEntryName>
              <ccts:Definition>Item(s) replaced by the seller.  The original ordered quantity and pricing may be different from the substituted item. However, when an item is substituted by the seller, it is assumed that other information, such as shipment details, will be the same.</ccts:Definition>
              <ccts:Cardinality>0..n</ccts:Cardinality>
              <ccts:ObjectClass>Order Line</ccts:ObjectClass>
              <ccts:PropertyTermQualifier>Seller Substituted</ccts:PropertyTermQualifier>
              <ccts:PropertyTerm>Line Item</ccts:PropertyTerm>
              <ccts:AssociatedObjectClass>Line Item</ccts:AssociatedObjectClass>
            </ccts:Component>
          </xsd:documentation>
        </xsd:annotation>
      </xsd:element>
      <xsd:element ref="BuyerProposedSubstituteLineItem" minOccurs="0" maxOccurs="unbounded">
        <xsd:annotation>
          <xsd:documentation>
            <ccts:Component>
              <ccts:ComponentType>ASBIE</ccts:ComponentType>
              <ccts:DictionaryEntryName>Order Line. Buyer Proposed Substitute_ Line Item. Line Item</ccts:DictionaryEntryName>
              <ccts:Definition>Possible alternatives, proposed by the buyer, to the Line Item.</ccts:Definition>
              <ccts:Cardinality>0..n</ccts:Cardinality>
              <ccts:ObjectClass>Order Line</ccts:ObjectClass>
              <ccts:PropertyTermQualifier>Buyer Proposed Substitute</ccts:PropertyTermQualifier>
              <ccts:PropertyTerm>Line Item</ccts:PropertyTerm>
              <ccts:AssociatedObjectClass>Line Item</ccts:AssociatedObjectClass>
            </ccts:Component>
          </xsd:documentation>
        </xsd:annotation>
      </xsd:element>
      <xsd:element ref="CatalogueLineReference" minOccurs="0" maxOccurs="1">
        <xsd:annotation>
          <xsd:documentation>
            <ccts:Component>
              <ccts:ComponentType>ASBIE</ccts:ComponentType>
              <ccts:DictionaryEntryName>Order Line. Catalogue_ Line Reference. Line Reference</ccts:DictionaryEntryName>
              <ccts:Definition>An associative reference to Catalogue Line.</ccts:Definition>
              <ccts:Cardinality>0..1</ccts:Cardinality>
              <ccts:ObjectClass>Order Line</ccts:ObjectClass>
              <ccts:PropertyTermQualifier>Catalogue</ccts:PropertyTermQualifier>
              <ccts:PropertyTerm>Line Reference</ccts:PropertyTerm>
              <ccts:AssociatedObjectClass>Line Reference</ccts:AssociatedObjectClass>
            </ccts:Component>
          </xsd:documentation>
        </xsd:annotation>
      </xsd:element>
      <xsd:element ref="QuotationLineReference" minOccurs="0" maxOccurs="1">
        <xsd:annotation>
          <xsd:documentation>
            <ccts:Component>
              <ccts:ComponentType>ASBIE</ccts:ComponentType>
              <ccts:DictionaryEntryName>Order Line. Quotation_ Line Reference. Line Reference</ccts:DictionaryEntryName>
              <ccts:Definition>an associative reference to Quotation Line.</ccts:Definition>
              <ccts:Cardinality>0..1</ccts:Cardinality>
              <ccts:ObjectClass>Order Line</ccts:ObjectClass>
              <ccts:PropertyTermQualifier>Quotation</ccts:PropertyTermQualifier>
              <ccts:PropertyTerm>Line Reference</ccts:PropertyTerm>
              <ccts:AssociatedObjectClass>Line Reference</ccts:AssociatedObjectClass>
            </ccts:Component>
          </xsd:documentation>
        </xsd:annotation>
      </xsd:element>
      <xsd:element ref="DocumentReference" minOccurs="0" maxOccurs="unbounded">
        <xsd:annotation>
          <xsd:documentation>
            <ccts:Component>
              <ccts:ComponentType>ASBIE</ccts:ComponentType>
              <ccts:DictionaryEntryName>Order Line. Document Reference</ccts:DictionaryEntryName>
              <ccts:Definition>An association to Document Reference.</ccts:Definition>
              <ccts:Cardinality>0..n</ccts:Cardinality>
              <ccts:ObjectClass>Order Line</ccts:ObjectClass>
              <ccts:PropertyTerm>Document Reference</ccts:PropertyTerm>
              <ccts:AssociatedObjectClass>Document Reference</ccts:AssociatedObjectClass>
            </ccts:Component>
          </xsd:documentation>
        </xsd:annotation>
      </xsd:element>
    </xsd:sequence>
  </xsd:complexType>
  <xsd:complexType name="OrderLineReferenceType">
    <xsd:annotation>
      <xsd:documentation>
        <ccts:Component>
          <ccts:ComponentType>ABIE</ccts:ComponentType>
          <ccts:DictionaryEntryName>Order Line Reference. Details</ccts:DictionaryEntryName>
          <ccts:Definition>Information about an Order Line Reference.</ccts:Definition>
          <ccts:ObjectClass>Order Line Reference</ccts:ObjectClass>
        </ccts:Component>
      </xsd:documentation>
    </xsd:annotation>
    <xsd:sequence>
      <xsd:element ref="cbc:LineID" minOccurs="1" maxOccurs="1">
        <xsd:annotation>
          <xsd:documentation>
            <ccts:Component>
              <ccts:ComponentType>BBIE</ccts:ComponentType>
              <ccts:DictionaryEntryName>Order Line Reference. Line Identifier. Identifier</ccts:DictionaryEntryName>
              <ccts:Definition>Identifies the referenced Order Line assigned by the buyer.</ccts:Definition>
              <ccts:Cardinality>1</ccts:Cardinality>
              <ccts:ObjectClass>Order Line Reference</ccts:ObjectClass>
              <ccts:PropertyTerm>Line Identifier</ccts:PropertyTerm>
              <ccts:RepresentationTerm>Identifier</ccts:RepresentationTerm>
              <ccts:DataType>Identifier. Type</ccts:DataType>
            </ccts:Component>
          </xsd:documentation>
        </xsd:annotation>
      </xsd:element>
      <xsd:element ref="cbc:SalesOrderLineID" minOccurs="0" maxOccurs="1">
        <xsd:annotation>
          <xsd:documentation>
            <ccts:Component>
              <ccts:ComponentType>BBIE</ccts:ComponentType>
              <ccts:DictionaryEntryName>Order Line Reference. Sales Order_ Line Identifier. Identifier</ccts:DictionaryEntryName>
              <ccts:Definition>Identifies the referenced Order Line assigned by the seller.</ccts:Definition>
              <ccts:Cardinality>0..1</ccts:Cardinality>
              <ccts:ObjectClass>Order Line Reference</ccts:ObjectClass>
              <ccts:PropertyTermQualifier>Sales Order</ccts:PropertyTermQualifier>
              <ccts:PropertyTerm>Line Identifier</ccts:PropertyTerm>
              <ccts:RepresentationTerm>Identifier</ccts:RepresentationTerm>
              <ccts:DataType>Identifier. Type</ccts:DataType>
            </ccts:Component>
          </xsd:documentation>
        </xsd:annotation>
      </xsd:element>
      <xsd:element ref="cbc:UUID" minOccurs="0" maxOccurs="1">
        <xsd:annotation>
          <xsd:documentation>
            <ccts:Component>
              <ccts:ComponentType>BBIE</ccts:ComponentType>
              <ccts:DictionaryEntryName>Order Line Reference. UUID. Identifier</ccts:DictionaryEntryName>
              <ccts:Definition>A universally unique identifier for an instance of this ABIE.</ccts:Definition>
              <ccts:Cardinality>0..1</ccts:Cardinality>
              <ccts:ObjectClass>Order Line Reference</ccts:ObjectClass>
              <ccts:PropertyTerm>UUID</ccts:PropertyTerm>
              <ccts:RepresentationTerm>Identifier</ccts:RepresentationTerm>
              <ccts:DataType>Identifier. Type</ccts:DataType>
            </ccts:Component>
          </xsd:documentation>
        </xsd:annotation>
      </xsd:element>
      <xsd:element ref="cbc:LineStatusCode" minOccurs="0" maxOccurs="1">
        <xsd:annotation>
          <xsd:documentation>
            <ccts:Component>
              <ccts:ComponentType>BBIE</ccts:ComponentType>
              <ccts:DictionaryEntryName>Order Line Reference. Line Status Code. Code</ccts:DictionaryEntryName>
              <ccts:Definition>Identifies the status of the referenced Order Line with respect to its original state.</ccts:Definition>
              <ccts:Cardinality>0..1</ccts:Cardinality>
              <ccts:ObjectClass>Order Line Reference</ccts:ObjectClass>
              <ccts:PropertyTerm>Line Status Code</ccts:PropertyTerm>
              <ccts:RepresentationTerm>Code</ccts:RepresentationTerm>
              <ccts:DataType>Line Status_ Code. Type</ccts:DataType>
            </ccts:Component>
          </xsd:documentation>
        </xsd:annotation>
      </xsd:element>
      <xsd:element ref="OrderReference" minOccurs="0" maxOccurs="1">
        <xsd:annotation>
          <xsd:documentation>
            <ccts:Component>
              <ccts:ComponentType>ASBIE</ccts:ComponentType>
              <ccts:DictionaryEntryName>Order Line Reference. Order Reference</ccts:DictionaryEntryName>
              <ccts:Definition>An association to Order Reference.</ccts:Definition>
              <ccts:Cardinality>0..1</ccts:Cardinality>
              <ccts:ObjectClass>Order Line Reference</ccts:ObjectClass>
              <ccts:PropertyTerm>Order Reference</ccts:PropertyTerm>
              <ccts:AssociatedObjectClass>Order Reference</ccts:AssociatedObjectClass>
            </ccts:Component>
          </xsd:documentation>
        </xsd:annotation>
      </xsd:element>
    </xsd:sequence>
  </xsd:complexType>
  <xsd:complexType name="OrderReferenceType">
    <xsd:annotation>
      <xsd:documentation>
        <ccts:Component>
          <ccts:ComponentType>ABIE</ccts:ComponentType>
          <ccts:DictionaryEntryName>Order Reference. Details</ccts:DictionaryEntryName>
          <ccts:Definition>Information about an Order Reference.</ccts:Definition>
          <ccts:ObjectClass>Order Reference</ccts:ObjectClass>
        </ccts:Component>
      </xsd:documentation>
    </xsd:annotation>
    <xsd:sequence>
      <xsd:element ref="cbc:ID" minOccurs="1" maxOccurs="1">
        <xsd:annotation>
          <xsd:documentation>
            <ccts:Component>
              <ccts:ComponentType>BBIE</ccts:ComponentType>
              <ccts:DictionaryEntryName>Order Reference. Identifier</ccts:DictionaryEntryName>
              <ccts:Definition>Identifies the referenced Order assigned by the buyer.</ccts:Definition>
              <ccts:Cardinality>1</ccts:Cardinality>
              <ccts:ObjectClass>Order Reference</ccts:ObjectClass>
              <ccts:PropertyTerm>Identifier</ccts:PropertyTerm>
              <ccts:RepresentationTerm>Identifier</ccts:RepresentationTerm>
              <ccts:DataType>Identifier. Type</ccts:DataType>
              <ccts:Examples>"PO-001" "3333-44-123"</ccts:Examples>
            </ccts:Component>
          </xsd:documentation>
        </xsd:annotation>
      </xsd:element>
      <xsd:element ref="cbc:SalesOrderID" minOccurs="0" maxOccurs="1">
        <xsd:annotation>
          <xsd:documentation>
            <ccts:Component>
              <ccts:ComponentType>BBIE</ccts:ComponentType>
              <ccts:DictionaryEntryName>Order Reference. Sales Order Identifier. Identifier</ccts:DictionaryEntryName>
              <ccts:Definition>Identifies the referenced Order assigned by the seller.</ccts:Definition>
              <ccts:Cardinality>0..1</ccts:Cardinality>
              <ccts:ObjectClass>Order Reference</ccts:ObjectClass>
              <ccts:PropertyTerm>Sales Order Identifier</ccts:PropertyTerm>
              <ccts:RepresentationTerm>Identifier</ccts:RepresentationTerm>
              <ccts:DataType>Identifier. Type</ccts:DataType>
            </ccts:Component>
          </xsd:documentation>
        </xsd:annotation>
      </xsd:element>
      <xsd:element ref="cbc:CopyIndicator" minOccurs="0" maxOccurs="1">
        <xsd:annotation>
          <xsd:documentation>
            <ccts:Component>
              <ccts:ComponentType>BBIE</ccts:ComponentType>
              <ccts:DictionaryEntryName>Order Reference. Copy_ Indicator. Indicator</ccts:DictionaryEntryName>
              <ccts:Definition>Indicates whether the referenced Order is a copy (true) or the original (false).</ccts:Definition>
              <ccts:Cardinality>0..1</ccts:Cardinality>
              <ccts:ObjectClass>Order Reference</ccts:ObjectClass>
              <ccts:PropertyTermQualifier>Copy</ccts:PropertyTermQualifier>
              <ccts:PropertyTerm>Indicator</ccts:PropertyTerm>
              <ccts:RepresentationTerm>Indicator</ccts:RepresentationTerm>
              <ccts:DataType>Indicator. Type</ccts:DataType>
            </ccts:Component>
          </xsd:documentation>
        </xsd:annotation>
      </xsd:element>
      <xsd:element ref="cbc:UUID" minOccurs="0" maxOccurs="1">
        <xsd:annotation>
          <xsd:documentation>
            <ccts:Component>
              <ccts:ComponentType>BBIE</ccts:ComponentType>
              <ccts:DictionaryEntryName>Order Reference. UUID. Identifier</ccts:DictionaryEntryName>
              <ccts:Definition>A universally unique identifier for an instance of this ABIE.</ccts:Definition>
              <ccts:Cardinality>0..1</ccts:Cardinality>
              <ccts:ObjectClass>Order Reference</ccts:ObjectClass>
              <ccts:PropertyTerm>UUID</ccts:PropertyTerm>
              <ccts:RepresentationTerm>Identifier</ccts:RepresentationTerm>
              <ccts:DataType>Identifier. Type</ccts:DataType>
            </ccts:Component>
          </xsd:documentation>
        </xsd:annotation>
      </xsd:element>
      <xsd:element ref="cbc:IssueDate" minOccurs="0" maxOccurs="1">
        <xsd:annotation>
          <xsd:documentation>
            <ccts:Component>
              <ccts:ComponentType>BBIE</ccts:ComponentType>
              <ccts:DictionaryEntryName>Order Reference. Issue Date. Date</ccts:DictionaryEntryName>
              <ccts:Definition>The date on which the referenced Order was issued.</ccts:Definition>
              <ccts:Cardinality>0..1</ccts:Cardinality>
              <ccts:ObjectClass>Order Reference</ccts:ObjectClass>
              <ccts:PropertyTerm>Issue Date</ccts:PropertyTerm>
              <ccts:RepresentationTerm>Date</ccts:RepresentationTerm>
              <ccts:DataType>Date. Type</ccts:DataType>
            </ccts:Component>
          </xsd:documentation>
        </xsd:annotation>
      </xsd:element>
      <xsd:element ref="cbc:IssueTime" minOccurs="0" maxOccurs="1">
        <xsd:annotation>
          <xsd:documentation>
            <ccts:Component>
              <ccts:ComponentType>BBIE</ccts:ComponentType>
              <ccts:DictionaryEntryName>Order Reference. Issue Time. Time</ccts:DictionaryEntryName>
              <ccts:Definition>The time at which the referenced Order was issued.</ccts:Definition>
              <ccts:Cardinality>0..1</ccts:Cardinality>
              <ccts:ObjectClass>Order Reference</ccts:ObjectClass>
              <ccts:PropertyTerm>Issue Time</ccts:PropertyTerm>
              <ccts:RepresentationTerm>Time</ccts:RepresentationTerm>
              <ccts:DataType>Time. Type</ccts:DataType>
            </ccts:Component>
          </xsd:documentation>
        </xsd:annotation>
      </xsd:element>
      <xsd:element ref="cbc:CustomerReference" minOccurs="0" maxOccurs="1">
        <xsd:annotation>
          <xsd:documentation>
            <ccts:Component>
              <ccts:ComponentType>BBIE</ccts:ComponentType>
              <ccts:DictionaryEntryName>Order Reference. Customer_ Reference. Text</ccts:DictionaryEntryName>
              <ccts:Definition>A reference used (CRI) for tagging purchasing card transactions.</ccts:Definition>
              <ccts:Cardinality>0..1</ccts:Cardinality>
              <ccts:ObjectClass>Order Reference</ccts:ObjectClass>
              <ccts:PropertyTermQualifier>Customer</ccts:PropertyTermQualifier>
              <ccts:PropertyTerm>Reference</ccts:PropertyTerm>
              <ccts:RepresentationTerm>Text</ccts:RepresentationTerm>
              <ccts:DataType>Text. Type</ccts:DataType>
              <ccts:Examples>Customer Reference Identifier (CRI) when using a puchasing card</ccts:Examples>
            </ccts:Component>
          </xsd:documentation>
        </xsd:annotation>
      </xsd:element>
      <xsd:element ref="DocumentReference" minOccurs="0" maxOccurs="1">
        <xsd:annotation>
          <xsd:documentation>
            <ccts:Component>
              <ccts:ComponentType>ASBIE</ccts:ComponentType>
              <ccts:DictionaryEntryName>Order Reference. Document Reference</ccts:DictionaryEntryName>
              <ccts:Definition>An association to Document Reference.</ccts:Definition>
              <ccts:Cardinality>0..1</ccts:Cardinality>
              <ccts:ObjectClass>Order Reference</ccts:ObjectClass>
              <ccts:PropertyTerm>Document Reference</ccts:PropertyTerm>
              <ccts:AssociatedObjectClass>Document Reference</ccts:AssociatedObjectClass>
            </ccts:Component>
          </xsd:documentation>
        </xsd:annotation>
      </xsd:element>
    </xsd:sequence>
  </xsd:complexType>
  <xsd:complexType name="PackageType">
    <xsd:annotation>
      <xsd:documentation>
        <ccts:Component>
          <ccts:ComponentType>ABIE</ccts:ComponentType>
          <ccts:DictionaryEntryName>Package. Details</ccts:DictionaryEntryName>
          <ccts:Definition>Information about a package.</ccts:Definition>
          <ccts:ObjectClass>Package</ccts:ObjectClass>
        </ccts:Component>
      </xsd:documentation>
    </xsd:annotation>
    <xsd:sequence>
      <xsd:element ref="cbc:ID" minOccurs="0" maxOccurs="1">
        <xsd:annotation>
          <xsd:documentation>
            <ccts:Component>
              <ccts:ComponentType>BBIE</ccts:ComponentType>
              <ccts:DictionaryEntryName>Package. Identifier</ccts:DictionaryEntryName>
              <ccts:Definition>Identifies the package.</ccts:Definition>
              <ccts:Cardinality>0..1</ccts:Cardinality>
              <ccts:ObjectClass>Package</ccts:ObjectClass>
              <ccts:PropertyTerm>Identifier</ccts:PropertyTerm>
              <ccts:RepresentationTerm>Identifier</ccts:RepresentationTerm>
              <ccts:DataType>Identifier. Type</ccts:DataType>
            </ccts:Component>
          </xsd:documentation>
        </xsd:annotation>
      </xsd:element>
      <xsd:element ref="cbc:Quantity" minOccurs="0" maxOccurs="1">
        <xsd:annotation>
          <xsd:documentation>
            <ccts:Component>
              <ccts:ComponentType>BBIE</ccts:ComponentType>
              <ccts:DictionaryEntryName>Package. Quantity</ccts:DictionaryEntryName>
              <ccts:Definition>The quantity (of items) contained in the package.</ccts:Definition>
              <ccts:Cardinality>0..1</ccts:Cardinality>
              <ccts:ObjectClass>Package</ccts:ObjectClass>
              <ccts:PropertyTerm>Quantity</ccts:PropertyTerm>
              <ccts:RepresentationTerm>Quantity</ccts:RepresentationTerm>
              <ccts:DataType>Quantity. Type</ccts:DataType>
            </ccts:Component>
          </xsd:documentation>
        </xsd:annotation>
      </xsd:element>
      <xsd:element ref="cbc:ReturnableMaterialIndicator" minOccurs="0" maxOccurs="1">
        <xsd:annotation>
          <xsd:documentation>
            <ccts:Component>
              <ccts:ComponentType>BBIE</ccts:ComponentType>
              <ccts:DictionaryEntryName>Package. Returnable Material_ Indicator. Indicator</ccts:DictionaryEntryName>
              <ccts:Definition>Indicates whether the packaging material is returnable (true) or not (false).</ccts:Definition>
              <ccts:Cardinality>0..1</ccts:Cardinality>
              <ccts:ObjectClass>Package</ccts:ObjectClass>
              <ccts:PropertyTermQualifier>Returnable Material</ccts:PropertyTermQualifier>
              <ccts:PropertyTerm>Indicator</ccts:PropertyTerm>
              <ccts:RepresentationTerm>Indicator</ccts:RepresentationTerm>
              <ccts:DataType>Indicator. Type</ccts:DataType>
            </ccts:Component>
          </xsd:documentation>
        </xsd:annotation>
      </xsd:element>
      <xsd:element ref="cbc:PackageLevelCode" minOccurs="0" maxOccurs="1">
        <xsd:annotation>
          <xsd:documentation>
            <ccts:Component>
              <ccts:ComponentType>BBIE</ccts:ComponentType>
              <ccts:DictionaryEntryName>Package. Package Level Code. Code</ccts:DictionaryEntryName>
              <ccts:Definition>Code specifying a level of packaging.</ccts:Definition>
              <ccts:Cardinality>0..1</ccts:Cardinality>
              <ccts:ObjectClass>Package</ccts:ObjectClass>
              <ccts:PropertyTerm>Package Level Code</ccts:PropertyTerm>
              <ccts:RepresentationTerm>Code</ccts:RepresentationTerm>
              <ccts:DataType>Code. Type</ccts:DataType>
            </ccts:Component>
          </xsd:documentation>
        </xsd:annotation>
      </xsd:element>
      <xsd:element ref="cbc:PackagingTypeCode" minOccurs="0" maxOccurs="1">
        <xsd:annotation>
          <xsd:documentation>
            <ccts:Component>
              <ccts:ComponentType>BBIE</ccts:ComponentType>
              <ccts:DictionaryEntryName>Package. Packaging Type Code. Code</ccts:DictionaryEntryName>
              <ccts:Definition>Code specifying the type of packaging of an item.</ccts:Definition>
              <ccts:Cardinality>0..1</ccts:Cardinality>
              <ccts:ObjectClass>Package</ccts:ObjectClass>
              <ccts:PropertyTerm>Packaging Type Code</ccts:PropertyTerm>
              <ccts:RepresentationTerm>Code</ccts:RepresentationTerm>
              <ccts:DataType>Packaging Type_ Code. Type</ccts:DataType>
              <ccts:AlternativeBusinessTerms>Package classification code</ccts:AlternativeBusinessTerms>
            </ccts:Component>
          </xsd:documentation>
        </xsd:annotation>
      </xsd:element>
      <xsd:element ref="cbc:PackingMaterial" minOccurs="0" maxOccurs="unbounded">
        <xsd:annotation>
          <xsd:documentation>
            <ccts:Component>
              <ccts:ComponentType>BBIE</ccts:ComponentType>
              <ccts:DictionaryEntryName>Package. Packing Material. Text</ccts:DictionaryEntryName>
              <ccts:Definition>Description of the type of packaging of an item.</ccts:Definition>
              <ccts:Cardinality>0..n</ccts:Cardinality>
              <ccts:ObjectClass>Package</ccts:ObjectClass>
              <ccts:PropertyTerm>Packing Material</ccts:PropertyTerm>
              <ccts:RepresentationTerm>Text</ccts:RepresentationTerm>
              <ccts:DataType>Text. Type</ccts:DataType>
            </ccts:Component>
          </xsd:documentation>
        </xsd:annotation>
      </xsd:element>
      <xsd:element ref="ContainedPackage" minOccurs="0" maxOccurs="unbounded">
        <xsd:annotation>
          <xsd:documentation>
            <ccts:Component>
              <ccts:ComponentType>ASBIE</ccts:ComponentType>
              <ccts:DictionaryEntryName>Package. Contained_ Package. Package</ccts:DictionaryEntryName>
              <ccts:Definition>An association to Contained Package; used to describe a package within a package.</ccts:Definition>
              <ccts:Cardinality>0..n</ccts:Cardinality>
              <ccts:ObjectClass>Package</ccts:ObjectClass>
              <ccts:PropertyTermQualifier>Contained</ccts:PropertyTermQualifier>
              <ccts:PropertyTerm>Package</ccts:PropertyTerm>
              <ccts:AssociatedObjectClass>Package</ccts:AssociatedObjectClass>
            </ccts:Component>
          </xsd:documentation>
        </xsd:annotation>
      </xsd:element>
      <xsd:element ref="GoodsItem" minOccurs="0" maxOccurs="unbounded">
        <xsd:annotation>
          <xsd:documentation>
            <ccts:Component>
              <ccts:ComponentType>ASBIE</ccts:ComponentType>
              <ccts:DictionaryEntryName>Package. Goods Item</ccts:DictionaryEntryName>
              <ccts:Definition>An association to Goods Item.</ccts:Definition>
              <ccts:Cardinality>0..n</ccts:Cardinality>
              <ccts:ObjectClass>Package</ccts:ObjectClass>
              <ccts:PropertyTerm>Goods Item</ccts:PropertyTerm>
              <ccts:AssociatedObjectClass>Goods Item</ccts:AssociatedObjectClass>
            </ccts:Component>
          </xsd:documentation>
        </xsd:annotation>
      </xsd:element>
      <xsd:element ref="MeasurementDimension" minOccurs="0" maxOccurs="unbounded">
        <xsd:annotation>
          <xsd:documentation>
            <ccts:Component>
              <ccts:ComponentType>ASBIE</ccts:ComponentType>
              <ccts:DictionaryEntryName>Package. Measurement_ Dimension. Dimension</ccts:DictionaryEntryName>
              <ccts:Definition>An association to describe the measurement dimensions of the package.</ccts:Definition>
              <ccts:Cardinality>0..n</ccts:Cardinality>
              <ccts:ObjectClass>Package</ccts:ObjectClass>
              <ccts:PropertyTermQualifier>Measurement</ccts:PropertyTermQualifier>
              <ccts:PropertyTerm>Dimension</ccts:PropertyTerm>
              <ccts:AssociatedObjectClass>Dimension</ccts:AssociatedObjectClass>
            </ccts:Component>
          </xsd:documentation>
        </xsd:annotation>
      </xsd:element>
      <xsd:element ref="DeliveryUnit" minOccurs="0" maxOccurs="unbounded">
        <xsd:annotation>
          <xsd:documentation>
            <ccts:Component>
              <ccts:ComponentType>ASBIE</ccts:ComponentType>
              <ccts:DictionaryEntryName>Package. Delivery Unit</ccts:DictionaryEntryName>
              <ccts:Definition>An association to Delivery Units in the package.</ccts:Definition>
              <ccts:Cardinality>0..n</ccts:Cardinality>
              <ccts:ObjectClass>Package</ccts:ObjectClass>
              <ccts:PropertyTerm>Delivery Unit</ccts:PropertyTerm>
              <ccts:AssociatedObjectClass>Delivery Unit</ccts:AssociatedObjectClass>
            </ccts:Component>
          </xsd:documentation>
        </xsd:annotation>
      </xsd:element>
    </xsd:sequence>
  </xsd:complexType>
  <xsd:complexType name="PartyType">
    <xsd:annotation>
      <xsd:documentation>
        <ccts:Component>
          <ccts:ComponentType>ABIE</ccts:ComponentType>
          <ccts:DictionaryEntryName>Party. Details</ccts:DictionaryEntryName>
          <ccts:Definition>Information about an organization, sub-organization, or individual fulfilling a role in a business process.</ccts:Definition>
          <ccts:ObjectClass>Party</ccts:ObjectClass>
        </ccts:Component>
      </xsd:documentation>
    </xsd:annotation>
    <xsd:sequence>
      <xsd:element ref="cbc:MarkCareIndicator" minOccurs="0" maxOccurs="1">
        <xsd:annotation>
          <xsd:documentation>
            <ccts:Component>
              <ccts:ComponentType>BBIE</ccts:ComponentType>
              <ccts:DictionaryEntryName>Party. Mark Care_ Indicator. Indicator</ccts:DictionaryEntryName>
              <ccts:Definition>Indicates whether a party is C/O (care of).</ccts:Definition>
              <ccts:Cardinality>0..1</ccts:Cardinality>
              <ccts:ObjectClass>Party</ccts:ObjectClass>
              <ccts:PropertyTermQualifier>Mark Care</ccts:PropertyTermQualifier>
              <ccts:PropertyTerm>Indicator</ccts:PropertyTerm>
              <ccts:RepresentationTerm>Indicator</ccts:RepresentationTerm>
              <ccts:DataType>Indicator. Type</ccts:DataType>
            </ccts:Component>
          </xsd:documentation>
        </xsd:annotation>
      </xsd:element>
      <xsd:element ref="cbc:MarkAttentionIndicator" minOccurs="0" maxOccurs="1">
        <xsd:annotation>
          <xsd:documentation>
            <ccts:Component>
              <ccts:ComponentType>BBIE</ccts:ComponentType>
              <ccts:DictionaryEntryName>Party. Mark Attention_ Indicator. Indicator</ccts:DictionaryEntryName>
              <ccts:Definition>Indicates whether a party is 'FAO' (for the attention of).</ccts:Definition>
              <ccts:Cardinality>0..1</ccts:Cardinality>
              <ccts:ObjectClass>Party</ccts:ObjectClass>
              <ccts:PropertyTermQualifier>Mark Attention</ccts:PropertyTermQualifier>
              <ccts:PropertyTerm>Indicator</ccts:PropertyTerm>
              <ccts:RepresentationTerm>Indicator</ccts:RepresentationTerm>
              <ccts:DataType>Indicator. Type</ccts:DataType>
            </ccts:Component>
          </xsd:documentation>
        </xsd:annotation>
      </xsd:element>
      <xsd:element ref="cbc:WebsiteURI" minOccurs="0" maxOccurs="1">
        <xsd:annotation>
          <xsd:documentation>
            <ccts:Component>
              <ccts:ComponentType>BBIE</ccts:ComponentType>
              <ccts:DictionaryEntryName>Party. Website_ URI. Identifier</ccts:DictionaryEntryName>
              <ccts:Definition>The Uniform Resource Identifier (URI) of the party.</ccts:Definition>
              <ccts:Cardinality>0..1</ccts:Cardinality>
              <ccts:ObjectClass>Party</ccts:ObjectClass>
              <ccts:PropertyTermQualifier>Website</ccts:PropertyTermQualifier>
              <ccts:PropertyTerm>URI</ccts:PropertyTerm>
              <ccts:RepresentationTerm>Identifier</ccts:RepresentationTerm>
              <ccts:DataType>Identifier. Type</ccts:DataType>
            </ccts:Component>
          </xsd:documentation>
        </xsd:annotation>
      </xsd:element>
      <xsd:element ref="cbc:LogoReferenceID" minOccurs="0" maxOccurs="1">
        <xsd:annotation>
          <xsd:documentation>
            <ccts:Component>
              <ccts:ComponentType>BBIE</ccts:ComponentType>
              <ccts:DictionaryEntryName>Party. Logo Reference. Identifier</ccts:DictionaryEntryName>
              <ccts:Definition>A party's logo.</ccts:Definition>
              <ccts:Cardinality>0..1</ccts:Cardinality>
              <ccts:ObjectClass>Party</ccts:ObjectClass>
              <ccts:PropertyTerm>Logo Reference</ccts:PropertyTerm>
              <ccts:RepresentationTerm>Identifier</ccts:RepresentationTerm>
              <ccts:DataType>Identifier. Type</ccts:DataType>
              <ccts:Examples>http://www2.coca-cola.com/images/logo.gif</ccts:Examples>
            </ccts:Component>
          </xsd:documentation>
        </xsd:annotation>
      </xsd:element>
      <xsd:element ref="cbc:EndpointID" minOccurs="0" maxOccurs="1">
        <xsd:annotation>
          <xsd:documentation>
            <ccts:Component>
              <ccts:ComponentType>BBIE</ccts:ComponentType>
              <ccts:DictionaryEntryName>Party. Endpoint Identifier. Identifier</ccts:DictionaryEntryName>
              <ccts:Definition>Identifies the end point of the routing service, e.g., EAN Location Number, GLN.</ccts:Definition>
              <ccts:Cardinality>0..1</ccts:Cardinality>
              <ccts:ObjectClass>Party</ccts:ObjectClass>
              <ccts:PropertyTerm>Endpoint Identifier</ccts:PropertyTerm>
              <ccts:RepresentationTerm>Identifier</ccts:RepresentationTerm>
              <ccts:DataType>Identifier. Type</ccts:DataType>
              <ccts:Examples>5790002221134</ccts:Examples>
            </ccts:Component>
          </xsd:documentation>
        </xsd:annotation>
      </xsd:element>
      <xsd:element ref="PartyIdentification" minOccurs="0" maxOccurs="unbounded">
        <xsd:annotation>
          <xsd:documentation>
            <ccts:Component>
              <ccts:ComponentType>ASBIE</ccts:ComponentType>
              <ccts:DictionaryEntryName>Party. Party Identification</ccts:DictionaryEntryName>
              <ccts:Definition>An association to Party Identification.</ccts:Definition>
              <ccts:Cardinality>0..n</ccts:Cardinality>
              <ccts:ObjectClass>Party</ccts:ObjectClass>
              <ccts:PropertyTerm>Party Identification</ccts:PropertyTerm>
              <ccts:AssociatedObjectClass>Party Identification</ccts:AssociatedObjectClass>
            </ccts:Component>
          </xsd:documentation>
        </xsd:annotation>
      </xsd:element>
      <xsd:element ref="PartyName" minOccurs="0" maxOccurs="unbounded">
        <xsd:annotation>
          <xsd:documentation>
            <ccts:Component>
              <ccts:ComponentType>ASBIE</ccts:ComponentType>
              <ccts:DictionaryEntryName>Party. Party Name</ccts:DictionaryEntryName>
              <ccts:Definition>An association to Party Name.</ccts:Definition>
              <ccts:Cardinality>0..n</ccts:Cardinality>
              <ccts:ObjectClass>Party</ccts:ObjectClass>
              <ccts:PropertyTerm>Party Name</ccts:PropertyTerm>
              <ccts:AssociatedObjectClass>Party Name</ccts:AssociatedObjectClass>
            </ccts:Component>
          </xsd:documentation>
        </xsd:annotation>
      </xsd:element>
      <xsd:element ref="Language" minOccurs="0" maxOccurs="1">
        <xsd:annotation>
          <xsd:documentation>
            <ccts:Component>
              <ccts:ComponentType>ASBIE</ccts:ComponentType>
              <ccts:DictionaryEntryName>Party. Language</ccts:DictionaryEntryName>
              <ccts:Definition>An association to Language.</ccts:Definition>
              <ccts:Cardinality>0..1</ccts:Cardinality>
              <ccts:ObjectClass>Party</ccts:ObjectClass>
              <ccts:PropertyTerm>Language</ccts:PropertyTerm>
              <ccts:AssociatedObjectClass>Language</ccts:AssociatedObjectClass>
            </ccts:Component>
          </xsd:documentation>
        </xsd:annotation>
      </xsd:element>
      <xsd:element ref="PostalAddress" minOccurs="0" maxOccurs="1">
        <xsd:annotation>
          <xsd:documentation>
            <ccts:Component>
              <ccts:ComponentType>ASBIE</ccts:ComponentType>
              <ccts:DictionaryEntryName>Party. Postal_ Address. Address</ccts:DictionaryEntryName>
              <ccts:Definition>The party's postal address.</ccts:Definition>
              <ccts:Cardinality>0..1</ccts:Cardinality>
              <ccts:ObjectClass>Party</ccts:ObjectClass>
              <ccts:PropertyTermQualifier>Postal</ccts:PropertyTermQualifier>
              <ccts:PropertyTerm>Address</ccts:PropertyTerm>
              <ccts:AssociatedObjectClass>Address</ccts:AssociatedObjectClass>
            </ccts:Component>
          </xsd:documentation>
        </xsd:annotation>
      </xsd:element>
      <xsd:element ref="PhysicalLocation" minOccurs="0" maxOccurs="1">
        <xsd:annotation>
          <xsd:documentation>
            <ccts:Component>
              <ccts:ComponentType>ASBIE</ccts:ComponentType>
              <ccts:DictionaryEntryName>Party. Physical_ Location. Location</ccts:DictionaryEntryName>
              <ccts:Definition>The party's physical location.</ccts:Definition>
              <ccts:Cardinality>0..1</ccts:Cardinality>
              <ccts:ObjectClass>Party</ccts:ObjectClass>
              <ccts:PropertyTermQualifier>Physical</ccts:PropertyTermQualifier>
              <ccts:PropertyTerm>Location</ccts:PropertyTerm>
              <ccts:AssociatedObjectClass>Location</ccts:AssociatedObjectClass>
            </ccts:Component>
          </xsd:documentation>
        </xsd:annotation>
      </xsd:element>
      <xsd:element ref="PartyTaxScheme" minOccurs="0" maxOccurs="unbounded">
        <xsd:annotation>
          <xsd:documentation>
            <ccts:Component>
              <ccts:ComponentType>ASBIE</ccts:ComponentType>
              <ccts:DictionaryEntryName>Party. Party Tax Scheme</ccts:DictionaryEntryName>
              <ccts:Definition>An association to Party Tax Scheme.</ccts:Definition>
              <ccts:Cardinality>0..n</ccts:Cardinality>
              <ccts:ObjectClass>Party</ccts:ObjectClass>
              <ccts:PropertyTerm>Party Tax Scheme</ccts:PropertyTerm>
              <ccts:AssociatedObjectClass>Party Tax Scheme</ccts:AssociatedObjectClass>
            </ccts:Component>
          </xsd:documentation>
        </xsd:annotation>
      </xsd:element>
      <xsd:element ref="PartyLegalEntity" minOccurs="0" maxOccurs="unbounded">
        <xsd:annotation>
          <xsd:documentation>
            <ccts:Component>
              <ccts:ComponentType>ASBIE</ccts:ComponentType>
              <ccts:DictionaryEntryName>Party. Party Legal Entity</ccts:DictionaryEntryName>
              <ccts:Definition>An association to Party Legal Entity.</ccts:Definition>
              <ccts:Cardinality>0..n</ccts:Cardinality>
              <ccts:ObjectClass>Party</ccts:ObjectClass>
              <ccts:PropertyTerm>Party Legal Entity</ccts:PropertyTerm>
              <ccts:AssociatedObjectClass>Party Legal Entity</ccts:AssociatedObjectClass>
            </ccts:Component>
          </xsd:documentation>
        </xsd:annotation>
      </xsd:element>
      <xsd:element ref="Contact" minOccurs="0" maxOccurs="1">
        <xsd:annotation>
          <xsd:documentation>
            <ccts:Component>
              <ccts:ComponentType>ASBIE</ccts:ComponentType>
              <ccts:DictionaryEntryName>Party. Contact</ccts:DictionaryEntryName>
              <ccts:Definition>An association to Contact.</ccts:Definition>
              <ccts:Cardinality>0..1</ccts:Cardinality>
              <ccts:ObjectClass>Party</ccts:ObjectClass>
              <ccts:PropertyTerm>Contact</ccts:PropertyTerm>
              <ccts:AssociatedObjectClass>Contact</ccts:AssociatedObjectClass>
            </ccts:Component>
          </xsd:documentation>
        </xsd:annotation>
      </xsd:element>
      <xsd:element ref="Person" minOccurs="0" maxOccurs="1">
        <xsd:annotation>
          <xsd:documentation>
            <ccts:Component>
              <ccts:ComponentType>ASBIE</ccts:ComponentType>
              <ccts:DictionaryEntryName>Party. Person</ccts:DictionaryEntryName>
              <ccts:Definition>An association to a person.</ccts:Definition>
              <ccts:Cardinality>0..1</ccts:Cardinality>
              <ccts:ObjectClass>Party</ccts:ObjectClass>
              <ccts:PropertyTerm>Person</ccts:PropertyTerm>
              <ccts:AssociatedObjectClass>Person</ccts:AssociatedObjectClass>
            </ccts:Component>
          </xsd:documentation>
        </xsd:annotation>
      </xsd:element>
      <xsd:element ref="AgentParty" minOccurs="0" maxOccurs="1">
        <xsd:annotation>
          <xsd:documentation>
            <ccts:Component>
              <ccts:ComponentType>ASBIE</ccts:ComponentType>
              <ccts:DictionaryEntryName>Party. Agent_ Party. Party</ccts:DictionaryEntryName>
              <ccts:Definition>An association to another party who acts as an agent for this party.</ccts:Definition>
              <ccts:Cardinality>0..1</ccts:Cardinality>
              <ccts:ObjectClass>Party</ccts:ObjectClass>
              <ccts:PropertyTermQualifier>Agent</ccts:PropertyTermQualifier>
              <ccts:PropertyTerm>Party</ccts:PropertyTerm>
              <ccts:AssociatedObjectClass>Party</ccts:AssociatedObjectClass>
            </ccts:Component>
          </xsd:documentation>
        </xsd:annotation>
      </xsd:element>
    </xsd:sequence>
  </xsd:complexType>
  <xsd:complexType name="PartyIdentificationType">
    <xsd:annotation>
      <xsd:documentation>
        <ccts:Component>
          <ccts:ComponentType>ABIE</ccts:ComponentType>
          <ccts:DictionaryEntryName>Party Identification. Details</ccts:DictionaryEntryName>
          <ccts:Definition>Information about a party's identification.</ccts:Definition>
          <ccts:ObjectClass>Party Identification</ccts:ObjectClass>
        </ccts:Component>
      </xsd:documentation>
    </xsd:annotation>
    <xsd:sequence>
      <xsd:element ref="cbc:ID" minOccurs="1" maxOccurs="1">
        <xsd:annotation>
          <xsd:documentation>
            <ccts:Component>
              <ccts:ComponentType>BBIE</ccts:ComponentType>
              <ccts:DictionaryEntryName>Party Identification. Identifier</ccts:DictionaryEntryName>
              <ccts:Definition>Identifies a party.</ccts:Definition>
              <ccts:Cardinality>1</ccts:Cardinality>
              <ccts:ObjectClass>Party Identification</ccts:ObjectClass>
              <ccts:PropertyTerm>Identifier</ccts:PropertyTerm>
              <ccts:RepresentationTerm>Identifier</ccts:RepresentationTerm>
              <ccts:DataType>Identifier. Type</ccts:DataType>
            </ccts:Component>
          </xsd:documentation>
        </xsd:annotation>
      </xsd:element>
    </xsd:sequence>
  </xsd:complexType>
  <xsd:complexType name="PartyLegalEntityType">
    <xsd:annotation>
      <xsd:documentation>
        <ccts:Component>
          <ccts:ComponentType>ABIE</ccts:ComponentType>
          <ccts:DictionaryEntryName>Party Legal Entity. Details</ccts:DictionaryEntryName>
          <ccts:Definition>Information directly relating to the legal registration that is applicable to a party.</ccts:Definition>
          <ccts:ObjectClass>Party Legal Entity</ccts:ObjectClass>
        </ccts:Component>
      </xsd:documentation>
    </xsd:annotation>
    <xsd:sequence>
      <xsd:element ref="cbc:RegistrationName" minOccurs="0" maxOccurs="1">
        <xsd:annotation>
          <xsd:documentation>
            <ccts:Component>
              <ccts:ComponentType>BBIE</ccts:ComponentType>
              <ccts:DictionaryEntryName>Party Legal Entity. Registration_ Name. Name</ccts:DictionaryEntryName>
              <ccts:Definition>The name of a party as registered with the legal authority.</ccts:Definition>
              <ccts:Cardinality>0..1</ccts:Cardinality>
              <ccts:ObjectClass>Party Legal Entity</ccts:ObjectClass>
              <ccts:PropertyTermQualifier>Registration</ccts:PropertyTermQualifier>
              <ccts:PropertyTerm>Name</ccts:PropertyTerm>
              <ccts:RepresentationTerm>Name</ccts:RepresentationTerm>
              <ccts:DataType>Name. Type</ccts:DataType>
              <ccts:Examples>"Microsoft Corporation"</ccts:Examples>
            </ccts:Component>
          </xsd:documentation>
        </xsd:annotation>
      </xsd:element>
      <xsd:element ref="cbc:CompanyID" minOccurs="0" maxOccurs="1">
        <xsd:annotation>
          <xsd:documentation>
            <ccts:Component>
              <ccts:ComponentType>BBIE</ccts:ComponentType>
              <ccts:DictionaryEntryName>Party Legal Entity. Company Identifier. Identifier</ccts:DictionaryEntryName>
              <ccts:Definition>Identifies a company as registered with the company registration scheme.</ccts:Definition>
              <ccts:Cardinality>0..1</ccts:Cardinality>
              <ccts:ObjectClass>Party Legal Entity</ccts:ObjectClass>
              <ccts:PropertyTerm>Company Identifier</ccts:PropertyTerm>
              <ccts:RepresentationTerm>Identifier</ccts:RepresentationTerm>
              <ccts:DataType>Identifier. Type</ccts:DataType>
              <ccts:AlternativeBusinessTerms>Business Registration Number, Company Number</ccts:AlternativeBusinessTerms>
              <ccts:Examples>"3556625"</ccts:Examples>
            </ccts:Component>
          </xsd:documentation>
        </xsd:annotation>
      </xsd:element>
      <xsd:element ref="RegistrationAddress" minOccurs="0" maxOccurs="1">
        <xsd:annotation>
          <xsd:documentation>
            <ccts:Component>
              <ccts:ComponentType>ASBIE</ccts:ComponentType>
              <ccts:DictionaryEntryName>Party Legal Entity. Registration_ Address. Address</ccts:DictionaryEntryName>
              <ccts:Definition>Associates with the registered address of the party within a Corporate Registration Scheme.</ccts:Definition>
              <ccts:Cardinality>0..1</ccts:Cardinality>
              <ccts:ObjectClass>Party Legal Entity</ccts:ObjectClass>
              <ccts:PropertyTermQualifier>Registration</ccts:PropertyTermQualifier>
              <ccts:PropertyTerm>Address</ccts:PropertyTerm>
              <ccts:AssociatedObjectClass>Address</ccts:AssociatedObjectClass>
            </ccts:Component>
          </xsd:documentation>
        </xsd:annotation>
      </xsd:element>
      <xsd:element ref="CorporateRegistrationScheme" minOccurs="0" maxOccurs="1">
        <xsd:annotation>
          <xsd:documentation>
            <ccts:Component>
              <ccts:ComponentType>ASBIE</ccts:ComponentType>
              <ccts:DictionaryEntryName>Party Legal Entity. Corporate Registration Scheme</ccts:DictionaryEntryName>
              <ccts:Definition>Associates the party with a Corporate Registration Scheme.</ccts:Definition>
              <ccts:Cardinality>0..1</ccts:Cardinality>
              <ccts:ObjectClass>Party Legal Entity</ccts:ObjectClass>
              <ccts:PropertyTerm>Corporate Registration Scheme</ccts:PropertyTerm>
              <ccts:AssociatedObjectClass>Corporate Registration Scheme</ccts:AssociatedObjectClass>
            </ccts:Component>
          </xsd:documentation>
        </xsd:annotation>
      </xsd:element>
    </xsd:sequence>
  </xsd:complexType>
  <xsd:complexType name="PartyNameType">
    <xsd:annotation>
      <xsd:documentation>
        <ccts:Component>
          <ccts:ComponentType>ABIE</ccts:ComponentType>
          <ccts:DictionaryEntryName>Party Name. Details</ccts:DictionaryEntryName>
          <ccts:Definition>Information about a party's name.</ccts:Definition>
          <ccts:ObjectClass>Party Name</ccts:ObjectClass>
        </ccts:Component>
      </xsd:documentation>
    </xsd:annotation>
    <xsd:sequence>
      <xsd:element ref="cbc:Name" minOccurs="1" maxOccurs="1">
        <xsd:annotation>
          <xsd:documentation>
            <ccts:Component>
              <ccts:ComponentType>BBIE</ccts:ComponentType>
              <ccts:DictionaryEntryName>Party Name. Name</ccts:DictionaryEntryName>
              <ccts:Definition>The name of the party.</ccts:Definition>
              <ccts:Cardinality>1</ccts:Cardinality>
              <ccts:ObjectClass>Party Name</ccts:ObjectClass>
              <ccts:PropertyTerm>Name</ccts:PropertyTerm>
              <ccts:RepresentationTerm>Name</ccts:RepresentationTerm>
              <ccts:DataType>Name. Type</ccts:DataType>
              <ccts:Examples>"Microsoft"</ccts:Examples>
            </ccts:Component>
          </xsd:documentation>
        </xsd:annotation>
      </xsd:element>
    </xsd:sequence>
  </xsd:complexType>
  <xsd:complexType name="PartyTaxSchemeType">
    <xsd:annotation>
      <xsd:documentation>
        <ccts:Component>
          <ccts:ComponentType>ABIE</ccts:ComponentType>
          <ccts:DictionaryEntryName>Party Tax Scheme. Details</ccts:DictionaryEntryName>
          <ccts:Definition>Information about a party's Tax Scheme.</ccts:Definition>
          <ccts:ObjectClass>Party Tax Scheme</ccts:ObjectClass>
        </ccts:Component>
      </xsd:documentation>
    </xsd:annotation>
    <xsd:sequence>
      <xsd:element ref="cbc:RegistrationName" minOccurs="0" maxOccurs="1">
        <xsd:annotation>
          <xsd:documentation>
            <ccts:Component>
              <ccts:ComponentType>BBIE</ccts:ComponentType>
              <ccts:DictionaryEntryName>Party Tax Scheme. Registration_ Name. Name</ccts:DictionaryEntryName>
              <ccts:Definition>The official name of the party as registered with the relevant fiscal authority.</ccts:Definition>
              <ccts:Cardinality>0..1</ccts:Cardinality>
              <ccts:ObjectClass>Party Tax Scheme</ccts:ObjectClass>
              <ccts:PropertyTermQualifier>Registration</ccts:PropertyTermQualifier>
              <ccts:PropertyTerm>Name</ccts:PropertyTerm>
              <ccts:RepresentationTerm>Name</ccts:RepresentationTerm>
              <ccts:DataType>Name. Type</ccts:DataType>
              <ccts:Examples>"Microsoft Corporation"</ccts:Examples>
            </ccts:Component>
          </xsd:documentation>
        </xsd:annotation>
      </xsd:element>
      <xsd:element ref="cbc:CompanyID" minOccurs="0" maxOccurs="1">
        <xsd:annotation>
          <xsd:documentation>
            <ccts:Component>
              <ccts:ComponentType>BBIE</ccts:ComponentType>
              <ccts:DictionaryEntryName>Party Tax Scheme. Company Identifier. Identifier</ccts:DictionaryEntryName>
              <ccts:Definition>The identifier assigned for tax purposes to a party by the taxation authority.</ccts:Definition>
              <ccts:Cardinality>0..1</ccts:Cardinality>
              <ccts:ObjectClass>Party Tax Scheme</ccts:ObjectClass>
              <ccts:PropertyTerm>Company Identifier</ccts:PropertyTerm>
              <ccts:RepresentationTerm>Identifier</ccts:RepresentationTerm>
              <ccts:DataType>Identifier. Type</ccts:DataType>
              <ccts:AlternativeBusinessTerms>VAT Number</ccts:AlternativeBusinessTerms>
              <ccts:Examples>"3556625"</ccts:Examples>
            </ccts:Component>
          </xsd:documentation>
        </xsd:annotation>
      </xsd:element>
      <xsd:element ref="cbc:TaxLevelCode" minOccurs="0" maxOccurs="1">
        <xsd:annotation>
          <xsd:documentation>
            <ccts:Component>
              <ccts:ComponentType>BBIE</ccts:ComponentType>
              <ccts:DictionaryEntryName>Party Tax Scheme. Tax Level Code. Code</ccts:DictionaryEntryName>
              <ccts:Definition>The section or role within the tax scheme that applies to the party.</ccts:Definition>
              <ccts:Cardinality>0..1</ccts:Cardinality>
              <ccts:ObjectClass>Party Tax Scheme</ccts:ObjectClass>
              <ccts:PropertyTerm>Tax Level Code</ccts:PropertyTerm>
              <ccts:RepresentationTerm>Code</ccts:RepresentationTerm>
              <ccts:DataType>Code. Type</ccts:DataType>
            </ccts:Component>
          </xsd:documentation>
        </xsd:annotation>
      </xsd:element>
      <xsd:element ref="cbc:ExemptionReasonCode" minOccurs="0" maxOccurs="1">
        <xsd:annotation>
          <xsd:documentation>
            <ccts:Component>
              <ccts:ComponentType>BBIE</ccts:ComponentType>
              <ccts:DictionaryEntryName>Party Tax Scheme. Exemption Reason Code. Code</ccts:DictionaryEntryName>
              <ccts:Definition>A reason for a party's exemption from tax, expressed as a code.</ccts:Definition>
              <ccts:Cardinality>0..1</ccts:Cardinality>
              <ccts:ObjectClass>Party Tax Scheme</ccts:ObjectClass>
              <ccts:PropertyTerm>Exemption Reason Code</ccts:PropertyTerm>
              <ccts:RepresentationTerm>Code</ccts:RepresentationTerm>
              <ccts:DataType>Code. Type</ccts:DataType>
            </ccts:Component>
          </xsd:documentation>
        </xsd:annotation>
      </xsd:element>
      <xsd:element ref="cbc:ExemptionReason" minOccurs="0" maxOccurs="1">
        <xsd:annotation>
          <xsd:documentation>
            <ccts:Component>
              <ccts:ComponentType>BBIE</ccts:ComponentType>
              <ccts:DictionaryEntryName>Party Tax Scheme. Exemption_ Reason. Text</ccts:DictionaryEntryName>
              <ccts:Definition>A reason for a party's exemption from tax, expressed as text.</ccts:Definition>
              <ccts:Cardinality>0..1</ccts:Cardinality>
              <ccts:ObjectClass>Party Tax Scheme</ccts:ObjectClass>
              <ccts:PropertyTermQualifier>Exemption</ccts:PropertyTermQualifier>
              <ccts:PropertyTerm>Reason</ccts:PropertyTerm>
              <ccts:RepresentationTerm>Text</ccts:RepresentationTerm>
              <ccts:DataType>Text. Type</ccts:DataType>
            </ccts:Component>
          </xsd:documentation>
        </xsd:annotation>
      </xsd:element>
      <xsd:element ref="RegistrationAddress" minOccurs="0" maxOccurs="1">
        <xsd:annotation>
          <xsd:documentation>
            <ccts:Component>
              <ccts:ComponentType>ASBIE</ccts:ComponentType>
              <ccts:DictionaryEntryName>Party Tax Scheme. Registration_ Address. Address</ccts:DictionaryEntryName>
              <ccts:Definition>An association to Registered Address (for tax purposes).</ccts:Definition>
              <ccts:Cardinality>0..1</ccts:Cardinality>
              <ccts:ObjectClass>Party Tax Scheme</ccts:ObjectClass>
              <ccts:PropertyTermQualifier>Registration</ccts:PropertyTermQualifier>
              <ccts:PropertyTerm>Address</ccts:PropertyTerm>
              <ccts:AssociatedObjectClass>Address</ccts:AssociatedObjectClass>
            </ccts:Component>
          </xsd:documentation>
        </xsd:annotation>
      </xsd:element>
      <xsd:element ref="TaxScheme" minOccurs="1" maxOccurs="1">
        <xsd:annotation>
          <xsd:documentation>
            <ccts:Component>
              <ccts:ComponentType>ASBIE</ccts:ComponentType>
              <ccts:DictionaryEntryName>Party Tax Scheme. Tax Scheme</ccts:DictionaryEntryName>
              <ccts:Definition>An association to Tax Scheme.</ccts:Definition>
              <ccts:Cardinality>1</ccts:Cardinality>
              <ccts:ObjectClass>Party Tax Scheme</ccts:ObjectClass>
              <ccts:PropertyTerm>Tax Scheme</ccts:PropertyTerm>
              <ccts:AssociatedObjectClass>Tax Scheme</ccts:AssociatedObjectClass>
            </ccts:Component>
          </xsd:documentation>
        </xsd:annotation>
      </xsd:element>
    </xsd:sequence>
  </xsd:complexType>
  <xsd:complexType name="PaymentType">
    <xsd:annotation>
      <xsd:documentation>
        <ccts:Component>
          <ccts:ComponentType>ABIE</ccts:ComponentType>
          <ccts:DictionaryEntryName>Payment. Details</ccts:DictionaryEntryName>
          <ccts:Definition>Information directly relating to a specific payment.</ccts:Definition>
          <ccts:ObjectClass>Payment</ccts:ObjectClass>
        </ccts:Component>
      </xsd:documentation>
    </xsd:annotation>
    <xsd:sequence>
      <xsd:element ref="cbc:ID" minOccurs="0" maxOccurs="1">
        <xsd:annotation>
          <xsd:documentation>
            <ccts:Component>
              <ccts:ComponentType>BBIE</ccts:ComponentType>
              <ccts:DictionaryEntryName>Payment. Identifier</ccts:DictionaryEntryName>
              <ccts:Definition>Identifies the payment.</ccts:Definition>
              <ccts:Cardinality>0..1</ccts:Cardinality>
              <ccts:ObjectClass>Payment</ccts:ObjectClass>
              <ccts:PropertyTerm>Identifier</ccts:PropertyTerm>
              <ccts:RepresentationTerm>Identifier</ccts:RepresentationTerm>
              <ccts:DataType>Identifier. Type</ccts:DataType>
            </ccts:Component>
          </xsd:documentation>
        </xsd:annotation>
      </xsd:element>
      <xsd:element ref="cbc:PaidAmount" minOccurs="0" maxOccurs="1">
        <xsd:annotation>
          <xsd:documentation>
            <ccts:Component>
              <ccts:ComponentType>BBIE</ccts:ComponentType>
              <ccts:DictionaryEntryName>Payment. Paid_ Amount. Amount</ccts:DictionaryEntryName>
              <ccts:Definition>The amount paid.</ccts:Definition>
              <ccts:Cardinality>0..1</ccts:Cardinality>
              <ccts:ObjectClass>Payment</ccts:ObjectClass>
              <ccts:PropertyTermQualifier>Paid</ccts:PropertyTermQualifier>
              <ccts:PropertyTerm>Amount</ccts:PropertyTerm>
              <ccts:RepresentationTerm>Amount</ccts:RepresentationTerm>
              <ccts:DataType>Amount. Type</ccts:DataType>
            </ccts:Component>
          </xsd:documentation>
        </xsd:annotation>
      </xsd:element>
      <xsd:element ref="cbc:ReceivedDate" minOccurs="0" maxOccurs="1">
        <xsd:annotation>
          <xsd:documentation>
            <ccts:Component>
              <ccts:ComponentType>BBIE</ccts:ComponentType>
              <ccts:DictionaryEntryName>Payment. Received_ Date. Date</ccts:DictionaryEntryName>
              <ccts:Definition>The date on which the payment was received.</ccts:Definition>
              <ccts:Cardinality>0..1</ccts:Cardinality>
              <ccts:ObjectClass>Payment</ccts:ObjectClass>
              <ccts:PropertyTermQualifier>Received</ccts:PropertyTermQualifier>
              <ccts:PropertyTerm>Date</ccts:PropertyTerm>
              <ccts:RepresentationTerm>Date</ccts:RepresentationTerm>
              <ccts:DataType>Date. Type</ccts:DataType>
            </ccts:Component>
          </xsd:documentation>
        </xsd:annotation>
      </xsd:element>
      <xsd:element ref="cbc:PaidDate" minOccurs="0" maxOccurs="1">
        <xsd:annotation>
          <xsd:documentation>
            <ccts:Component>
              <ccts:ComponentType>BBIE</ccts:ComponentType>
              <ccts:DictionaryEntryName>Payment. Paid_ Date. Date</ccts:DictionaryEntryName>
              <ccts:Definition>The date at which the payment was made.</ccts:Definition>
              <ccts:Cardinality>0..1</ccts:Cardinality>
              <ccts:ObjectClass>Payment</ccts:ObjectClass>
              <ccts:PropertyTermQualifier>Paid</ccts:PropertyTermQualifier>
              <ccts:PropertyTerm>Date</ccts:PropertyTerm>
              <ccts:RepresentationTerm>Date</ccts:RepresentationTerm>
              <ccts:DataType>Date. Type</ccts:DataType>
            </ccts:Component>
          </xsd:documentation>
        </xsd:annotation>
      </xsd:element>
      <xsd:element ref="cbc:PaidTime" minOccurs="0" maxOccurs="1">
        <xsd:annotation>
          <xsd:documentation>
            <ccts:Component>
              <ccts:ComponentType>BBIE</ccts:ComponentType>
              <ccts:DictionaryEntryName>Payment. Paid_ Time. Time</ccts:DictionaryEntryName>
              <ccts:Definition>The time at which the payment was made.</ccts:Definition>
              <ccts:Cardinality>0..1</ccts:Cardinality>
              <ccts:ObjectClass>Payment</ccts:ObjectClass>
              <ccts:PropertyTermQualifier>Paid</ccts:PropertyTermQualifier>
              <ccts:PropertyTerm>Time</ccts:PropertyTerm>
              <ccts:RepresentationTerm>Time</ccts:RepresentationTerm>
              <ccts:DataType>Time. Type</ccts:DataType>
            </ccts:Component>
          </xsd:documentation>
        </xsd:annotation>
      </xsd:element>
      <xsd:element ref="cbc:InstructionID" minOccurs="0" maxOccurs="1">
        <xsd:annotation>
          <xsd:documentation>
            <ccts:Component>
              <ccts:ComponentType>BBIE</ccts:ComponentType>
              <ccts:DictionaryEntryName>Payment. Instruction Identifier. Identifier</ccts:DictionaryEntryName>
              <ccts:Definition>Identifies the Payment Instruction.</ccts:Definition>
              <ccts:Cardinality>0..1</ccts:Cardinality>
              <ccts:ObjectClass>Payment</ccts:ObjectClass>
              <ccts:PropertyTerm>Instruction Identifier</ccts:PropertyTerm>
              <ccts:RepresentationTerm>Identifier</ccts:RepresentationTerm>
              <ccts:DataType>Identifier. Type</ccts:DataType>
            </ccts:Component>
          </xsd:documentation>
        </xsd:annotation>
      </xsd:element>
    </xsd:sequence>
  </xsd:complexType>
  <xsd:complexType name="PaymentMeansType">
    <xsd:annotation>
      <xsd:documentation>
        <ccts:Component>
          <ccts:ComponentType>ABIE</ccts:ComponentType>
          <ccts:DictionaryEntryName>Payment Means. Details</ccts:DictionaryEntryName>
          <ccts:Definition>Information about Payment Means.</ccts:Definition>
          <ccts:ObjectClass>Payment Means</ccts:ObjectClass>
        </ccts:Component>
      </xsd:documentation>
    </xsd:annotation>
    <xsd:sequence>
      <xsd:element ref="cbc:ID" minOccurs="0" maxOccurs="1">
        <xsd:annotation>
          <xsd:documentation>
            <ccts:Component>
              <ccts:ComponentType>BBIE</ccts:ComponentType>
              <ccts:DictionaryEntryName>Payment Means. Identifier</ccts:DictionaryEntryName>
              <ccts:Definition>Identifies the Payment Means.</ccts:Definition>
              <ccts:Cardinality>0..1</ccts:Cardinality>
              <ccts:ObjectClass>Payment Means</ccts:ObjectClass>
              <ccts:PropertyTerm>Identifier</ccts:PropertyTerm>
              <ccts:RepresentationTerm>Identifier</ccts:RepresentationTerm>
              <ccts:DataType>Identifier. Type</ccts:DataType>
            </ccts:Component>
          </xsd:documentation>
        </xsd:annotation>
      </xsd:element>
      <xsd:element ref="cbc:PaymentMeansCode" minOccurs="1" maxOccurs="1">
        <xsd:annotation>
          <xsd:documentation>
            <ccts:Component>
              <ccts:ComponentType>BBIE</ccts:ComponentType>
              <ccts:DictionaryEntryName>Payment Means. Payment Means Code. Code</ccts:DictionaryEntryName>
              <ccts:Definition>The Payment Means expressed as a code</ccts:Definition>
              <ccts:Cardinality>1</ccts:Cardinality>
              <ccts:ObjectClass>Payment Means</ccts:ObjectClass>
              <ccts:PropertyTerm>Payment Means Code</ccts:PropertyTerm>
              <ccts:RepresentationTerm>Code</ccts:RepresentationTerm>
              <ccts:DataType>Payment Means_ Code. Type</ccts:DataType>
            </ccts:Component>
          </xsd:documentation>
        </xsd:annotation>
      </xsd:element>
      <xsd:element ref="cbc:PaymentDueDate" minOccurs="0" maxOccurs="1">
        <xsd:annotation>
          <xsd:documentation>
            <ccts:Component>
              <ccts:ComponentType>BBIE</ccts:ComponentType>
              <ccts:DictionaryEntryName>Payment Means. Payment Due Date. Date</ccts:DictionaryEntryName>
              <ccts:Definition>The date on which payment is due for the Payment Means.</ccts:Definition>
              <ccts:Cardinality>0..1</ccts:Cardinality>
              <ccts:ObjectClass>Payment Means</ccts:ObjectClass>
              <ccts:PropertyTerm>Payment Due Date</ccts:PropertyTerm>
              <ccts:RepresentationTerm>Date</ccts:RepresentationTerm>
              <ccts:DataType>Date. Type</ccts:DataType>
            </ccts:Component>
          </xsd:documentation>
        </xsd:annotation>
      </xsd:element>
      <xsd:element ref="cbc:PaymentChannelCode" minOccurs="0" maxOccurs="1">
        <xsd:annotation>
          <xsd:documentation>
            <ccts:Component>
              <ccts:ComponentType>BBIE</ccts:ComponentType>
              <ccts:DictionaryEntryName>Payment Means. Payment Channel Code. Code</ccts:DictionaryEntryName>
              <ccts:Definition>The Payment Channel, expressed as a code.</ccts:Definition>
              <ccts:Cardinality>0..1</ccts:Cardinality>
              <ccts:ObjectClass>Payment Means</ccts:ObjectClass>
              <ccts:PropertyTerm>Payment Channel Code</ccts:PropertyTerm>
              <ccts:RepresentationTerm>Code</ccts:RepresentationTerm>
              <ccts:DataType>Code. Type</ccts:DataType>
            </ccts:Component>
          </xsd:documentation>
        </xsd:annotation>
      </xsd:element>
      <xsd:element ref="cbc:InstructionID" minOccurs="0" maxOccurs="1">
        <xsd:annotation>
          <xsd:documentation>
            <ccts:Component>
              <ccts:ComponentType>BBIE</ccts:ComponentType>
              <ccts:DictionaryEntryName>Payment Means. Instruction Identifier. Identifier</ccts:DictionaryEntryName>
              <ccts:Definition>Identifies the Payment Instruction.</ccts:Definition>
              <ccts:Cardinality>0..1</ccts:Cardinality>
              <ccts:ObjectClass>Payment Means</ccts:ObjectClass>
              <ccts:PropertyTerm>Instruction Identifier</ccts:PropertyTerm>
              <ccts:RepresentationTerm>Identifier</ccts:RepresentationTerm>
              <ccts:DataType>Identifier. Type</ccts:DataType>
            </ccts:Component>
          </xsd:documentation>
        </xsd:annotation>
      </xsd:element>
      <xsd:element ref="cbc:InstructionNote" minOccurs="0" maxOccurs="unbounded">
        <xsd:annotation>
          <xsd:documentation>
            <ccts:Component>
              <ccts:ComponentType>BBIE</ccts:ComponentType>
              <ccts:DictionaryEntryName>Payment Means. Instruction_ Note. Text</ccts:DictionaryEntryName>
              <ccts:Definition>Free-form text applying to the Payment.</ccts:Definition>
              <ccts:Cardinality>0..n</ccts:Cardinality>
              <ccts:ObjectClass>Payment Means</ccts:ObjectClass>
              <ccts:PropertyTermQualifier>Instruction</ccts:PropertyTermQualifier>
              <ccts:PropertyTerm>Note</ccts:PropertyTerm>
              <ccts:RepresentationTerm>Text</ccts:RepresentationTerm>
              <ccts:DataType>Text. Type</ccts:DataType>
            </ccts:Component>
          </xsd:documentation>
        </xsd:annotation>
      </xsd:element>
      <xsd:element ref="cbc:PaymentID" minOccurs="0" maxOccurs="unbounded">
        <xsd:annotation>
          <xsd:documentation>
            <ccts:Component>
              <ccts:ComponentType>BBIE</ccts:ComponentType>
              <ccts:DictionaryEntryName>Payment Means. Payment Identifier. Identifier</ccts:DictionaryEntryName>
              <ccts:Definition>Identifies the Payment(s).</ccts:Definition>
              <ccts:Cardinality>0..n</ccts:Cardinality>
              <ccts:ObjectClass>Payment Means</ccts:ObjectClass>
              <ccts:PropertyTerm>Payment Identifier</ccts:PropertyTerm>
              <ccts:RepresentationTerm>Identifier</ccts:RepresentationTerm>
              <ccts:DataType>Identifier. Type</ccts:DataType>
            </ccts:Component>
          </xsd:documentation>
        </xsd:annotation>
      </xsd:element>
      <xsd:element ref="CardAccount" minOccurs="0" maxOccurs="1">
        <xsd:annotation>
          <xsd:documentation>
            <ccts:Component>
              <ccts:ComponentType>ASBIE</ccts:ComponentType>
              <ccts:DictionaryEntryName>Payment Means. Card Account</ccts:DictionaryEntryName>
              <ccts:Definition>An association to Card Account.</ccts:Definition>
              <ccts:Cardinality>0..1</ccts:Cardinality>
              <ccts:ObjectClass>Payment Means</ccts:ObjectClass>
              <ccts:PropertyTerm>Card Account</ccts:PropertyTerm>
              <ccts:AssociatedObjectClass>Card Account</ccts:AssociatedObjectClass>
            </ccts:Component>
          </xsd:documentation>
        </xsd:annotation>
      </xsd:element>
      <xsd:element ref="PayerFinancialAccount" minOccurs="0" maxOccurs="1">
        <xsd:annotation>
          <xsd:documentation>
            <ccts:Component>
              <ccts:ComponentType>ASBIE</ccts:ComponentType>
              <ccts:DictionaryEntryName>Payment Means. Payer_ Financial Account. Financial Account</ccts:DictionaryEntryName>
              <ccts:Definition>An association to the payer's Financial Account.</ccts:Definition>
              <ccts:Cardinality>0..1</ccts:Cardinality>
              <ccts:ObjectClass>Payment Means</ccts:ObjectClass>
              <ccts:PropertyTermQualifier>Payer</ccts:PropertyTermQualifier>
              <ccts:PropertyTerm>Financial Account</ccts:PropertyTerm>
              <ccts:AssociatedObjectClass>Financial Account</ccts:AssociatedObjectClass>
            </ccts:Component>
          </xsd:documentation>
        </xsd:annotation>
      </xsd:element>
      <xsd:element ref="PayeeFinancialAccount" minOccurs="0" maxOccurs="1">
        <xsd:annotation>
          <xsd:documentation>
            <ccts:Component>
              <ccts:ComponentType>ASBIE</ccts:ComponentType>
              <ccts:DictionaryEntryName>Payment Means. Payee_ Financial Account. Financial Account</ccts:DictionaryEntryName>
              <ccts:Definition>An association to the payee's Financial Account.</ccts:Definition>
              <ccts:Cardinality>0..1</ccts:Cardinality>
              <ccts:ObjectClass>Payment Means</ccts:ObjectClass>
              <ccts:PropertyTermQualifier>Payee</ccts:PropertyTermQualifier>
              <ccts:PropertyTerm>Financial Account</ccts:PropertyTerm>
              <ccts:AssociatedObjectClass>Financial Account</ccts:AssociatedObjectClass>
            </ccts:Component>
          </xsd:documentation>
        </xsd:annotation>
      </xsd:element>
      <xsd:element ref="CreditAccount" minOccurs="0" maxOccurs="1">
        <xsd:annotation>
          <xsd:documentation>
            <ccts:Component>
              <ccts:ComponentType>ASBIE</ccts:ComponentType>
              <ccts:DictionaryEntryName>Payment Means. Credit Account</ccts:DictionaryEntryName>
              <ccts:Definition>An association to Credit Account.</ccts:Definition>
              <ccts:Cardinality>0..1</ccts:Cardinality>
              <ccts:ObjectClass>Payment Means</ccts:ObjectClass>
              <ccts:PropertyTerm>Credit Account</ccts:PropertyTerm>
              <ccts:AssociatedObjectClass>Credit Account</ccts:AssociatedObjectClass>
            </ccts:Component>
          </xsd:documentation>
        </xsd:annotation>
      </xsd:element>
    </xsd:sequence>
  </xsd:complexType>
  <xsd:complexType name="PaymentTermsType">
    <xsd:annotation>
      <xsd:documentation>
        <ccts:Component>
          <ccts:ComponentType>ABIE</ccts:ComponentType>
          <ccts:DictionaryEntryName>Payment Terms. Details</ccts:DictionaryEntryName>
          <ccts:Definition>Information about Payment Terms.</ccts:Definition>
          <ccts:ObjectClass>Payment Terms</ccts:ObjectClass>
        </ccts:Component>
      </xsd:documentation>
    </xsd:annotation>
    <xsd:sequence>
      <xsd:element ref="cbc:ID" minOccurs="0" maxOccurs="1">
        <xsd:annotation>
          <xsd:documentation>
            <ccts:Component>
              <ccts:ComponentType>BBIE</ccts:ComponentType>
              <ccts:DictionaryEntryName>Payment Terms. Identifier</ccts:DictionaryEntryName>
              <ccts:Definition>Identifies the Payment Terms.</ccts:Definition>
              <ccts:Cardinality>0..1</ccts:Cardinality>
              <ccts:ObjectClass>Payment Terms</ccts:ObjectClass>
              <ccts:PropertyTerm>Identifier</ccts:PropertyTerm>
              <ccts:RepresentationTerm>Identifier</ccts:RepresentationTerm>
              <ccts:DataType>Identifier. Type</ccts:DataType>
            </ccts:Component>
          </xsd:documentation>
        </xsd:annotation>
      </xsd:element>
      <xsd:element ref="cbc:PaymentMeansID" minOccurs="0" maxOccurs="1">
        <xsd:annotation>
          <xsd:documentation>
            <ccts:Component>
              <ccts:ComponentType>BBIE</ccts:ComponentType>
              <ccts:DictionaryEntryName>Payment Terms. Payment Means Identifier. Identifier</ccts:DictionaryEntryName>
              <ccts:Definition>Identifies the applicable Payment Means.</ccts:Definition>
              <ccts:Cardinality>0..1</ccts:Cardinality>
              <ccts:ObjectClass>Payment Terms</ccts:ObjectClass>
              <ccts:PropertyTerm>Payment Means Identifier</ccts:PropertyTerm>
              <ccts:RepresentationTerm>Identifier</ccts:RepresentationTerm>
              <ccts:DataType>Identifier. Type</ccts:DataType>
            </ccts:Component>
          </xsd:documentation>
        </xsd:annotation>
      </xsd:element>
      <xsd:element ref="cbc:PrepaidPaymentReferenceID" minOccurs="0" maxOccurs="1">
        <xsd:annotation>
          <xsd:documentation>
            <ccts:Component>
              <ccts:ComponentType>BBIE</ccts:ComponentType>
              <ccts:DictionaryEntryName>Payment Terms. Prepaid Payment Reference Identifier. Identifier</ccts:DictionaryEntryName>
              <ccts:Definition>Identifies prepaid payment.</ccts:Definition>
              <ccts:Cardinality>0..1</ccts:Cardinality>
              <ccts:ObjectClass>Payment Terms</ccts:ObjectClass>
              <ccts:PropertyTerm>Prepaid Payment Reference Identifier</ccts:PropertyTerm>
              <ccts:RepresentationTerm>Identifier</ccts:RepresentationTerm>
              <ccts:DataType>Identifier. Type</ccts:DataType>
            </ccts:Component>
          </xsd:documentation>
        </xsd:annotation>
      </xsd:element>
      <xsd:element ref="cbc:Note" minOccurs="0" maxOccurs="unbounded">
        <xsd:annotation>
          <xsd:documentation>
            <ccts:Component>
              <ccts:ComponentType>BBIE</ccts:ComponentType>
              <ccts:DictionaryEntryName>Payment Terms. Note. Text</ccts:DictionaryEntryName>
              <ccts:Definition>Free-form text applying to the Payment Terms. This element may contain notes or any other similar information that is not contained explicitly in another structure.</ccts:Definition>
              <ccts:Cardinality>0..n</ccts:Cardinality>
              <ccts:ObjectClass>Payment Terms</ccts:ObjectClass>
              <ccts:PropertyTerm>Note</ccts:PropertyTerm>
              <ccts:RepresentationTerm>Text</ccts:RepresentationTerm>
              <ccts:DataType>Text. Type</ccts:DataType>
            </ccts:Component>
          </xsd:documentation>
        </xsd:annotation>
      </xsd:element>
      <xsd:element ref="cbc:ReferenceEventCode" minOccurs="0" maxOccurs="1">
        <xsd:annotation>
          <xsd:documentation>
            <ccts:Component>
              <ccts:ComponentType>BBIE</ccts:ComponentType>
              <ccts:DictionaryEntryName>Payment Terms. Reference_ Event Code. Code</ccts:DictionaryEntryName>
              <ccts:Definition>The event from which terms are offered for a length of time, identified by a standard code.</ccts:Definition>
              <ccts:Cardinality>0..1</ccts:Cardinality>
              <ccts:ObjectClass>Payment Terms</ccts:ObjectClass>
              <ccts:PropertyTermQualifier>Reference</ccts:PropertyTermQualifier>
              <ccts:PropertyTerm>Event Code</ccts:PropertyTerm>
              <ccts:RepresentationTerm>Code</ccts:RepresentationTerm>
              <ccts:DataType>Code. Type</ccts:DataType>
            </ccts:Component>
          </xsd:documentation>
        </xsd:annotation>
      </xsd:element>
      <xsd:element ref="cbc:SettlementDiscountPercent" minOccurs="0" maxOccurs="1">
        <xsd:annotation>
          <xsd:documentation>
            <ccts:Component>
              <ccts:ComponentType>BBIE</ccts:ComponentType>
              <ccts:DictionaryEntryName>Payment Terms. Settlement_ Discount Percent. Percent</ccts:DictionaryEntryName>
              <ccts:Definition>The settlement discount rate (percentage) offered for payment within the settlement period.</ccts:Definition>
              <ccts:Cardinality>0..1</ccts:Cardinality>
              <ccts:ObjectClass>Payment Terms</ccts:ObjectClass>
              <ccts:PropertyTermQualifier>Settlement</ccts:PropertyTermQualifier>
              <ccts:PropertyTerm>Discount Percent</ccts:PropertyTerm>
              <ccts:RepresentationTerm>Percent</ccts:RepresentationTerm>
              <ccts:DataType>Percent. Type</ccts:DataType>
            </ccts:Component>
          </xsd:documentation>
        </xsd:annotation>
      </xsd:element>
      <xsd:element ref="cbc:PenaltySurchargePercent" minOccurs="0" maxOccurs="1">
        <xsd:annotation>
          <xsd:documentation>
            <ccts:Component>
              <ccts:ComponentType>BBIE</ccts:ComponentType>
              <ccts:DictionaryEntryName>Payment Terms. Penalty_ Surcharge Percent. Percent</ccts:DictionaryEntryName>
              <ccts:Definition>The penalty rate (percentage) charged for late payment.</ccts:Definition>
              <ccts:Cardinality>0..1</ccts:Cardinality>
              <ccts:ObjectClass>Payment Terms</ccts:ObjectClass>
              <ccts:PropertyTermQualifier>Penalty</ccts:PropertyTermQualifier>
              <ccts:PropertyTerm>Surcharge Percent</ccts:PropertyTerm>
              <ccts:RepresentationTerm>Percent</ccts:RepresentationTerm>
              <ccts:DataType>Percent. Type</ccts:DataType>
            </ccts:Component>
          </xsd:documentation>
        </xsd:annotation>
      </xsd:element>
      <xsd:element ref="cbc:Amount" minOccurs="0" maxOccurs="1">
        <xsd:annotation>
          <xsd:documentation>
            <ccts:Component>
              <ccts:ComponentType>BBIE</ccts:ComponentType>
              <ccts:DictionaryEntryName>Payment Terms. Amount</ccts:DictionaryEntryName>
              <ccts:Definition>The payment amount for the Payment Terms.</ccts:Definition>
              <ccts:Cardinality>0..1</ccts:Cardinality>
              <ccts:ObjectClass>Payment Terms</ccts:ObjectClass>
              <ccts:PropertyTerm>Amount</ccts:PropertyTerm>
              <ccts:RepresentationTerm>Amount</ccts:RepresentationTerm>
              <ccts:DataType>Amount. Type</ccts:DataType>
            </ccts:Component>
          </xsd:documentation>
        </xsd:annotation>
      </xsd:element>
      <xsd:element ref="SettlementPeriod" minOccurs="0" maxOccurs="1">
        <xsd:annotation>
          <xsd:documentation>
            <ccts:Component>
              <ccts:ComponentType>ASBIE</ccts:ComponentType>
              <ccts:DictionaryEntryName>Payment Terms. Settlement_ Period. Period</ccts:DictionaryEntryName>
              <ccts:Definition>An association to Settlement Period.</ccts:Definition>
              <ccts:Cardinality>0..1</ccts:Cardinality>
              <ccts:ObjectClass>Payment Terms</ccts:ObjectClass>
              <ccts:PropertyTermQualifier>Settlement</ccts:PropertyTermQualifier>
              <ccts:PropertyTerm>Period</ccts:PropertyTerm>
              <ccts:AssociatedObjectClass>Period</ccts:AssociatedObjectClass>
            </ccts:Component>
          </xsd:documentation>
        </xsd:annotation>
      </xsd:element>
      <xsd:element ref="PenaltyPeriod" minOccurs="0" maxOccurs="1">
        <xsd:annotation>
          <xsd:documentation>
            <ccts:Component>
              <ccts:ComponentType>ASBIE</ccts:ComponentType>
              <ccts:DictionaryEntryName>Payment Terms. Penalty_ Period. Period</ccts:DictionaryEntryName>
              <ccts:Definition>An association to Penalty Period.</ccts:Definition>
              <ccts:Cardinality>0..1</ccts:Cardinality>
              <ccts:ObjectClass>Payment Terms</ccts:ObjectClass>
              <ccts:PropertyTermQualifier>Penalty</ccts:PropertyTermQualifier>
              <ccts:PropertyTerm>Period</ccts:PropertyTerm>
              <ccts:AssociatedObjectClass>Period</ccts:AssociatedObjectClass>
            </ccts:Component>
          </xsd:documentation>
        </xsd:annotation>
      </xsd:element>
    </xsd:sequence>
  </xsd:complexType>
  <xsd:complexType name="PeriodType">
    <xsd:annotation>
      <xsd:documentation>
        <ccts:Component>
          <ccts:ComponentType>ABIE</ccts:ComponentType>
          <ccts:DictionaryEntryName>Period. Details</ccts:DictionaryEntryName>
          <ccts:Definition>Information about a period of time.</ccts:Definition>
          <ccts:ObjectClass>Period</ccts:ObjectClass>
        </ccts:Component>
      </xsd:documentation>
    </xsd:annotation>
    <xsd:sequence>
      <xsd:element ref="cbc:StartDate" minOccurs="0" maxOccurs="1">
        <xsd:annotation>
          <xsd:documentation>
            <ccts:Component>
              <ccts:ComponentType>BBIE</ccts:ComponentType>
              <ccts:DictionaryEntryName>Period. Start Date. Date</ccts:DictionaryEntryName>
              <ccts:Definition>The start date of the period.</ccts:Definition>
              <ccts:Cardinality>0..1</ccts:Cardinality>
              <ccts:ObjectClass>Period</ccts:ObjectClass>
              <ccts:PropertyTerm>Start Date</ccts:PropertyTerm>
              <ccts:RepresentationTerm>Date</ccts:RepresentationTerm>
              <ccts:DataType>Date. Type</ccts:DataType>
            </ccts:Component>
          </xsd:documentation>
        </xsd:annotation>
      </xsd:element>
      <xsd:element ref="cbc:StartTime" minOccurs="0" maxOccurs="1">
        <xsd:annotation>
          <xsd:documentation>
            <ccts:Component>
              <ccts:ComponentType>BBIE</ccts:ComponentType>
              <ccts:DictionaryEntryName>Period. Start Time. Time</ccts:DictionaryEntryName>
              <ccts:Definition>The start time of the period.</ccts:Definition>
              <ccts:Cardinality>0..1</ccts:Cardinality>
              <ccts:ObjectClass>Period</ccts:ObjectClass>
              <ccts:PropertyTerm>Start Time</ccts:PropertyTerm>
              <ccts:RepresentationTerm>Time</ccts:RepresentationTerm>
              <ccts:DataType>Time. Type</ccts:DataType>
            </ccts:Component>
          </xsd:documentation>
        </xsd:annotation>
      </xsd:element>
      <xsd:element ref="cbc:EndDate" minOccurs="0" maxOccurs="1">
        <xsd:annotation>
          <xsd:documentation>
            <ccts:Component>
              <ccts:ComponentType>BBIE</ccts:ComponentType>
              <ccts:DictionaryEntryName>Period. End Date. Date</ccts:DictionaryEntryName>
              <ccts:Definition>The end date of the period.</ccts:Definition>
              <ccts:Cardinality>0..1</ccts:Cardinality>
              <ccts:ObjectClass>Period</ccts:ObjectClass>
              <ccts:PropertyTerm>End Date</ccts:PropertyTerm>
              <ccts:RepresentationTerm>Date</ccts:RepresentationTerm>
              <ccts:DataType>Date. Type</ccts:DataType>
            </ccts:Component>
          </xsd:documentation>
        </xsd:annotation>
      </xsd:element>
      <xsd:element ref="cbc:EndTime" minOccurs="0" maxOccurs="1">
        <xsd:annotation>
          <xsd:documentation>
            <ccts:Component>
              <ccts:ComponentType>BBIE</ccts:ComponentType>
              <ccts:DictionaryEntryName>Period. End Time. Time</ccts:DictionaryEntryName>
              <ccts:Definition>The end time of the period.</ccts:Definition>
              <ccts:Cardinality>0..1</ccts:Cardinality>
              <ccts:ObjectClass>Period</ccts:ObjectClass>
              <ccts:PropertyTerm>End Time</ccts:PropertyTerm>
              <ccts:RepresentationTerm>Time</ccts:RepresentationTerm>
              <ccts:DataType>Time. Type</ccts:DataType>
            </ccts:Component>
          </xsd:documentation>
        </xsd:annotation>
      </xsd:element>
      <xsd:element ref="cbc:DurationMeasure" minOccurs="0" maxOccurs="1">
        <xsd:annotation>
          <xsd:documentation>
            <ccts:Component>
              <ccts:ComponentType>BBIE</ccts:ComponentType>
              <ccts:DictionaryEntryName>Period. Duration. Measure</ccts:DictionaryEntryName>
              <ccts:Definition>The duration of a period, expressed as a code; ISO 8601.</ccts:Definition>
              <ccts:Cardinality>0..1</ccts:Cardinality>
              <ccts:ObjectClass>Period</ccts:ObjectClass>
              <ccts:PropertyTerm>Duration</ccts:PropertyTerm>
              <ccts:RepresentationTerm>Measure</ccts:RepresentationTerm>
              <ccts:DataType>Measure. Type</ccts:DataType>
            </ccts:Component>
          </xsd:documentation>
        </xsd:annotation>
      </xsd:element>
      <xsd:element ref="cbc:DescriptionCode" minOccurs="0" maxOccurs="unbounded">
        <xsd:annotation>
          <xsd:documentation>
            <ccts:Component>
              <ccts:ComponentType>BBIE</ccts:ComponentType>
              <ccts:DictionaryEntryName>Period. Description Code. Code</ccts:DictionaryEntryName>
              <ccts:Definition>A description of the period, expressed as a code.</ccts:Definition>
              <ccts:Cardinality>0..n</ccts:Cardinality>
              <ccts:ObjectClass>Period</ccts:ObjectClass>
              <ccts:PropertyTerm>Description Code</ccts:PropertyTerm>
              <ccts:RepresentationTerm>Code</ccts:RepresentationTerm>
              <ccts:DataType>Code. Type</ccts:DataType>
            </ccts:Component>
          </xsd:documentation>
        </xsd:annotation>
      </xsd:element>
      <xsd:element ref="cbc:Description" minOccurs="0" maxOccurs="unbounded">
        <xsd:annotation>
          <xsd:documentation>
            <ccts:Component>
              <ccts:ComponentType>BBIE</ccts:ComponentType>
              <ccts:DictionaryEntryName>Period. Description. Text</ccts:DictionaryEntryName>
              <ccts:Definition>A description of the period.</ccts:Definition>
              <ccts:Cardinality>0..n</ccts:Cardinality>
              <ccts:ObjectClass>Period</ccts:ObjectClass>
              <ccts:PropertyTerm>Description</ccts:PropertyTerm>
              <ccts:RepresentationTerm>Text</ccts:RepresentationTerm>
              <ccts:DataType>Text. Type</ccts:DataType>
            </ccts:Component>
          </xsd:documentation>
        </xsd:annotation>
      </xsd:element>
    </xsd:sequence>
  </xsd:complexType>
  <xsd:complexType name="PersonType">
    <xsd:annotation>
      <xsd:documentation>
        <ccts:Component>
          <ccts:ComponentType>ABIE</ccts:ComponentType>
          <ccts:DictionaryEntryName>Person. Details</ccts:DictionaryEntryName>
          <ccts:Definition>Information about a person.</ccts:Definition>
          <ccts:ObjectClass>Person</ccts:ObjectClass>
        </ccts:Component>
      </xsd:documentation>
    </xsd:annotation>
    <xsd:sequence>
      <xsd:element ref="cbc:FirstName" minOccurs="0" maxOccurs="1">
        <xsd:annotation>
          <xsd:documentation>
            <ccts:Component>
              <ccts:ComponentType>BBIE</ccts:ComponentType>
              <ccts:DictionaryEntryName>Person. First_ Name. Name</ccts:DictionaryEntryName>
              <ccts:Definition>A person's forename or first name.</ccts:Definition>
              <ccts:Cardinality>0..1</ccts:Cardinality>
              <ccts:ObjectClass>Person</ccts:ObjectClass>
              <ccts:PropertyTermQualifier>First</ccts:PropertyTermQualifier>
              <ccts:PropertyTerm>Name</ccts:PropertyTerm>
              <ccts:RepresentationTerm>Name</ccts:RepresentationTerm>
              <ccts:DataType>Name. Type</ccts:DataType>
            </ccts:Component>
          </xsd:documentation>
        </xsd:annotation>
      </xsd:element>
      <xsd:element ref="cbc:FamilyName" minOccurs="0" maxOccurs="1">
        <xsd:annotation>
          <xsd:documentation>
            <ccts:Component>
              <ccts:ComponentType>BBIE</ccts:ComponentType>
              <ccts:DictionaryEntryName>Person. Family_ Name. Name</ccts:DictionaryEntryName>
              <ccts:Definition>A person's surname or family name.</ccts:Definition>
              <ccts:Cardinality>0..1</ccts:Cardinality>
              <ccts:ObjectClass>Person</ccts:ObjectClass>
              <ccts:PropertyTermQualifier>Family</ccts:PropertyTermQualifier>
              <ccts:PropertyTerm>Name</ccts:PropertyTerm>
              <ccts:RepresentationTerm>Name</ccts:RepresentationTerm>
              <ccts:DataType>Name. Type</ccts:DataType>
            </ccts:Component>
          </xsd:documentation>
        </xsd:annotation>
      </xsd:element>
      <xsd:element ref="cbc:Title" minOccurs="0" maxOccurs="1">
        <xsd:annotation>
          <xsd:documentation>
            <ccts:Component>
              <ccts:ComponentType>BBIE</ccts:ComponentType>
              <ccts:DictionaryEntryName>Person. Title. Text</ccts:DictionaryEntryName>
              <ccts:Definition>A person's title of address, e.g., Mr, Ms, Dr, Sir.</ccts:Definition>
              <ccts:Cardinality>0..1</ccts:Cardinality>
              <ccts:ObjectClass>Person</ccts:ObjectClass>
              <ccts:PropertyTerm>Title</ccts:PropertyTerm>
              <ccts:RepresentationTerm>Text</ccts:RepresentationTerm>
              <ccts:DataType>Text. Type</ccts:DataType>
            </ccts:Component>
          </xsd:documentation>
        </xsd:annotation>
      </xsd:element>
      <xsd:element ref="cbc:MiddleName" minOccurs="0" maxOccurs="1">
        <xsd:annotation>
          <xsd:documentation>
            <ccts:Component>
              <ccts:ComponentType>BBIE</ccts:ComponentType>
              <ccts:DictionaryEntryName>Person. Middle_ Name. Name</ccts:DictionaryEntryName>
              <ccts:Definition>A person's middle name(s) and/or initial(s).</ccts:Definition>
              <ccts:Cardinality>0..1</ccts:Cardinality>
              <ccts:ObjectClass>Person</ccts:ObjectClass>
              <ccts:PropertyTermQualifier>Middle</ccts:PropertyTermQualifier>
              <ccts:PropertyTerm>Name</ccts:PropertyTerm>
              <ccts:RepresentationTerm>Name</ccts:RepresentationTerm>
              <ccts:DataType>Name. Type</ccts:DataType>
            </ccts:Component>
          </xsd:documentation>
        </xsd:annotation>
      </xsd:element>
      <xsd:element ref="cbc:NameSuffix" minOccurs="0" maxOccurs="1">
        <xsd:annotation>
          <xsd:documentation>
            <ccts:Component>
              <ccts:ComponentType>BBIE</ccts:ComponentType>
              <ccts:DictionaryEntryName>Person. Name Suffix. Text</ccts:DictionaryEntryName>
              <ccts:Definition>A suffix to a person's name, e.g., PhD, OBE, Jnr.</ccts:Definition>
              <ccts:Cardinality>0..1</ccts:Cardinality>
              <ccts:ObjectClass>Person</ccts:ObjectClass>
              <ccts:PropertyTerm>Name Suffix</ccts:PropertyTerm>
              <ccts:RepresentationTerm>Text</ccts:RepresentationTerm>
              <ccts:DataType>Text. Type</ccts:DataType>
            </ccts:Component>
          </xsd:documentation>
        </xsd:annotation>
      </xsd:element>
      <xsd:element ref="cbc:JobTitle" minOccurs="0" maxOccurs="1">
        <xsd:annotation>
          <xsd:documentation>
            <ccts:Component>
              <ccts:ComponentType>BBIE</ccts:ComponentType>
              <ccts:DictionaryEntryName>Person. Job Title. Text</ccts:DictionaryEntryName>
              <ccts:Definition>A person's job title within an organization (for a particular role).</ccts:Definition>
              <ccts:Cardinality>0..1</ccts:Cardinality>
              <ccts:ObjectClass>Person</ccts:ObjectClass>
              <ccts:PropertyTerm>Job Title</ccts:PropertyTerm>
              <ccts:RepresentationTerm>Text</ccts:RepresentationTerm>
              <ccts:DataType>Text. Type</ccts:DataType>
            </ccts:Component>
          </xsd:documentation>
        </xsd:annotation>
      </xsd:element>
      <xsd:element ref="cbc:OrganizationDepartment" minOccurs="0" maxOccurs="1">
        <xsd:annotation>
          <xsd:documentation>
            <ccts:Component>
              <ccts:ComponentType>BBIE</ccts:ComponentType>
              <ccts:DictionaryEntryName>Person. Organization_ Department. Text</ccts:DictionaryEntryName>
              <ccts:Definition>The department or subdivision of an organization that the person belongs to (for a particular role).</ccts:Definition>
              <ccts:Cardinality>0..1</ccts:Cardinality>
              <ccts:ObjectClass>Person</ccts:ObjectClass>
              <ccts:PropertyTermQualifier>Organization</ccts:PropertyTermQualifier>
              <ccts:PropertyTerm>Department</ccts:PropertyTerm>
              <ccts:RepresentationTerm>Text</ccts:RepresentationTerm>
              <ccts:DataType>Text. Type</ccts:DataType>
            </ccts:Component>
          </xsd:documentation>
        </xsd:annotation>
      </xsd:element>
    </xsd:sequence>
  </xsd:complexType>
  <xsd:complexType name="PhysicalAttributeType">
    <xsd:annotation>
      <xsd:documentation>
        <ccts:Component>
          <ccts:ComponentType>ABIE</ccts:ComponentType>
          <ccts:DictionaryEntryName>Physical Attribute. Details</ccts:DictionaryEntryName>
          <ccts:Definition>Information about physical attributes.</ccts:Definition>
          <ccts:ObjectClass>Physical Attribute</ccts:ObjectClass>
        </ccts:Component>
      </xsd:documentation>
    </xsd:annotation>
    <xsd:sequence>
      <xsd:element ref="cbc:AttributeID" minOccurs="1" maxOccurs="1">
        <xsd:annotation>
          <xsd:documentation>
            <ccts:Component>
              <ccts:ComponentType>BBIE</ccts:ComponentType>
              <ccts:DictionaryEntryName>Physical Attribute. Attribute Identifier. Identifier</ccts:DictionaryEntryName>
              <ccts:Definition>Identifies the physical attribute.</ccts:Definition>
              <ccts:Cardinality>1</ccts:Cardinality>
              <ccts:ObjectClass>Physical Attribute</ccts:ObjectClass>
              <ccts:PropertyTerm>Attribute Identifier</ccts:PropertyTerm>
              <ccts:RepresentationTerm>Identifier</ccts:RepresentationTerm>
              <ccts:DataType>Identifier. Type</ccts:DataType>
              <ccts:Examples>"colour" "style"</ccts:Examples>
            </ccts:Component>
          </xsd:documentation>
        </xsd:annotation>
      </xsd:element>
      <xsd:element ref="cbc:PositionCode" minOccurs="0" maxOccurs="1">
        <xsd:annotation>
          <xsd:documentation>
            <ccts:Component>
              <ccts:ComponentType>BBIE</ccts:ComponentType>
              <ccts:DictionaryEntryName>Physical Attribute. Position Code. Code</ccts:DictionaryEntryName>
              <ccts:Definition>The position of the physical attribute, expressed as a code.</ccts:Definition>
              <ccts:Cardinality>0..1</ccts:Cardinality>
              <ccts:ObjectClass>Physical Attribute</ccts:ObjectClass>
              <ccts:PropertyTerm>Position Code</ccts:PropertyTerm>
              <ccts:RepresentationTerm>Code</ccts:RepresentationTerm>
              <ccts:DataType>Code. Type</ccts:DataType>
            </ccts:Component>
          </xsd:documentation>
        </xsd:annotation>
      </xsd:element>
      <xsd:element ref="cbc:DescriptionCode" minOccurs="0" maxOccurs="1">
        <xsd:annotation>
          <xsd:documentation>
            <ccts:Component>
              <ccts:ComponentType>BBIE</ccts:ComponentType>
              <ccts:DictionaryEntryName>Physical Attribute. Description Code. Code</ccts:DictionaryEntryName>
              <ccts:Definition>The description of the physical attribute, expressed as a code.</ccts:Definition>
              <ccts:Cardinality>0..1</ccts:Cardinality>
              <ccts:ObjectClass>Physical Attribute</ccts:ObjectClass>
              <ccts:PropertyTerm>Description Code</ccts:PropertyTerm>
              <ccts:RepresentationTerm>Code</ccts:RepresentationTerm>
              <ccts:DataType>Code. Type</ccts:DataType>
              <ccts:Examples>"XXL","Small"</ccts:Examples>
            </ccts:Component>
          </xsd:documentation>
        </xsd:annotation>
      </xsd:element>
      <xsd:element ref="cbc:Description" minOccurs="0" maxOccurs="unbounded">
        <xsd:annotation>
          <xsd:documentation>
            <ccts:Component>
              <ccts:ComponentType>BBIE</ccts:ComponentType>
              <ccts:DictionaryEntryName>Physical Attribute. Description. Text</ccts:DictionaryEntryName>
              <ccts:Definition>The description of the physical attribute, expressed as text.</ccts:Definition>
              <ccts:Cardinality>0..n</ccts:Cardinality>
              <ccts:ObjectClass>Physical Attribute</ccts:ObjectClass>
              <ccts:PropertyTerm>Description</ccts:PropertyTerm>
              <ccts:RepresentationTerm>Text</ccts:RepresentationTerm>
              <ccts:DataType>Text. Type</ccts:DataType>
            </ccts:Component>
          </xsd:documentation>
        </xsd:annotation>
      </xsd:element>
    </xsd:sequence>
  </xsd:complexType>
  <xsd:complexType name="PriceType">
    <xsd:annotation>
      <xsd:documentation>
        <ccts:Component>
          <ccts:ComponentType>ABIE</ccts:ComponentType>
          <ccts:DictionaryEntryName>Price. Details</ccts:DictionaryEntryName>
          <ccts:Definition>Information about the price.</ccts:Definition>
          <ccts:ObjectClass>Price</ccts:ObjectClass>
        </ccts:Component>
      </xsd:documentation>
    </xsd:annotation>
    <xsd:sequence>
      <xsd:element ref="cbc:PriceAmount" minOccurs="1" maxOccurs="1">
        <xsd:annotation>
          <xsd:documentation>
            <ccts:Component>
              <ccts:ComponentType>BBIE</ccts:ComponentType>
              <ccts:DictionaryEntryName>Price. Price Amount. Amount</ccts:DictionaryEntryName>
              <ccts:Definition>The price amount.</ccts:Definition>
              <ccts:Cardinality>1</ccts:Cardinality>
              <ccts:ObjectClass>Price</ccts:ObjectClass>
              <ccts:PropertyTerm>Price Amount</ccts:PropertyTerm>
              <ccts:RepresentationTerm>Amount</ccts:RepresentationTerm>
              <ccts:DataType>Amount. Type</ccts:DataType>
              <ccts:AlternativeBusinessTerms>unit price</ccts:AlternativeBusinessTerms>
              <ccts:Examples>23.45</ccts:Examples>
            </ccts:Component>
          </xsd:documentation>
        </xsd:annotation>
      </xsd:element>
      <xsd:element ref="cbc:BaseQuantity" minOccurs="0" maxOccurs="1">
        <xsd:annotation>
          <xsd:documentation>
            <ccts:Component>
              <ccts:ComponentType>BBIE</ccts:ComponentType>
              <ccts:DictionaryEntryName>Price. Base_ Quantity. Quantity</ccts:DictionaryEntryName>
              <ccts:Definition>The actual quantity to which the price applies.</ccts:Definition>
              <ccts:Cardinality>0..1</ccts:Cardinality>
              <ccts:ObjectClass>Price</ccts:ObjectClass>
              <ccts:PropertyTermQualifier>Base</ccts:PropertyTermQualifier>
              <ccts:PropertyTerm>Quantity</ccts:PropertyTerm>
              <ccts:RepresentationTerm>Quantity</ccts:RepresentationTerm>
              <ccts:DataType>Quantity. Type</ccts:DataType>
            </ccts:Component>
          </xsd:documentation>
        </xsd:annotation>
      </xsd:element>
      <xsd:element ref="cbc:PriceChangeReason" minOccurs="0" maxOccurs="unbounded">
        <xsd:annotation>
          <xsd:documentation>
            <ccts:Component>
              <ccts:ComponentType>BBIE</ccts:ComponentType>
              <ccts:DictionaryEntryName>Price. Price Change_ Reason. Text</ccts:DictionaryEntryName>
              <ccts:Definition>The reason for the price change, expressed as text.</ccts:Definition>
              <ccts:Cardinality>0..n</ccts:Cardinality>
              <ccts:ObjectClass>Price</ccts:ObjectClass>
              <ccts:PropertyTermQualifier>Price Change</ccts:PropertyTermQualifier>
              <ccts:PropertyTerm>Reason</ccts:PropertyTerm>
              <ccts:RepresentationTerm>Text</ccts:RepresentationTerm>
              <ccts:DataType>Text. Type</ccts:DataType>
              <ccts:Examples>"Clearance of old stock", "New contract applies"</ccts:Examples>
            </ccts:Component>
          </xsd:documentation>
        </xsd:annotation>
      </xsd:element>
      <xsd:element ref="cbc:PriceTypeCode" minOccurs="0" maxOccurs="1">
        <xsd:annotation>
          <xsd:documentation>
            <ccts:Component>
              <ccts:ComponentType>BBIE</ccts:ComponentType>
              <ccts:DictionaryEntryName>Price. Price Type Code. Code</ccts:DictionaryEntryName>
              <ccts:Definition>The price type, expressed as a code.</ccts:Definition>
              <ccts:Cardinality>0..1</ccts:Cardinality>
              <ccts:ObjectClass>Price</ccts:ObjectClass>
              <ccts:PropertyTerm>Price Type Code</ccts:PropertyTerm>
              <ccts:RepresentationTerm>Code</ccts:RepresentationTerm>
              <ccts:DataType>Code. Type</ccts:DataType>
            </ccts:Component>
          </xsd:documentation>
        </xsd:annotation>
      </xsd:element>
      <xsd:element ref="cbc:PriceType" minOccurs="0" maxOccurs="1">
        <xsd:annotation>
          <xsd:documentation>
            <ccts:Component>
              <ccts:ComponentType>BBIE</ccts:ComponentType>
              <ccts:DictionaryEntryName>Price. Price Type. Text</ccts:DictionaryEntryName>
              <ccts:Definition>The price type, expressed as text.</ccts:Definition>
              <ccts:Cardinality>0..1</ccts:Cardinality>
              <ccts:ObjectClass>Price</ccts:ObjectClass>
              <ccts:PropertyTerm>Price Type</ccts:PropertyTerm>
              <ccts:RepresentationTerm>Text</ccts:RepresentationTerm>
              <ccts:DataType>Text. Type</ccts:DataType>
              <ccts:Examples>retail, wholesale, discount, contract</ccts:Examples>
            </ccts:Component>
          </xsd:documentation>
        </xsd:annotation>
      </xsd:element>
      <xsd:element ref="cbc:OrderableUnitFactorRate" minOccurs="0" maxOccurs="1">
        <xsd:annotation>
          <xsd:documentation>
            <ccts:Component>
              <ccts:ComponentType>BBIE</ccts:ComponentType>
              <ccts:DictionaryEntryName>Price. Orderable Unit Factor. Rate</ccts:DictionaryEntryName>
              <ccts:Definition>The factor by which the base price unit can be converted to the orderable unit.</ccts:Definition>
              <ccts:Cardinality>0..1</ccts:Cardinality>
              <ccts:ObjectClass>Price</ccts:ObjectClass>
              <ccts:PropertyTerm>Orderable Unit Factor</ccts:PropertyTerm>
              <ccts:RepresentationTerm>Rate</ccts:RepresentationTerm>
              <ccts:DataType>Rate. Type</ccts:DataType>
              <ccts:Examples>Nails are priced by weight but ordered by quantity.  So this would say how many nails per kilo</ccts:Examples>
            </ccts:Component>
          </xsd:documentation>
        </xsd:annotation>
      </xsd:element>
      <xsd:element ref="ValidityPeriod" minOccurs="0" maxOccurs="unbounded">
        <xsd:annotation>
          <xsd:documentation>
            <ccts:Component>
              <ccts:ComponentType>ASBIE</ccts:ComponentType>
              <ccts:DictionaryEntryName>Price. Validity_ Period. Period</ccts:DictionaryEntryName>
              <ccts:Definition>An association to Validity Period.</ccts:Definition>
              <ccts:Cardinality>0..n</ccts:Cardinality>
              <ccts:ObjectClass>Price</ccts:ObjectClass>
              <ccts:PropertyTermQualifier>Validity</ccts:PropertyTermQualifier>
              <ccts:PropertyTerm>Period</ccts:PropertyTerm>
              <ccts:AssociatedObjectClass>Period</ccts:AssociatedObjectClass>
            </ccts:Component>
          </xsd:documentation>
        </xsd:annotation>
      </xsd:element>
      <xsd:element ref="PriceList" minOccurs="0" maxOccurs="1">
        <xsd:annotation>
          <xsd:documentation>
            <ccts:Component>
              <ccts:ComponentType>ASBIE</ccts:ComponentType>
              <ccts:DictionaryEntryName>Price. Price List</ccts:DictionaryEntryName>
              <ccts:Definition>A reference to a Price List.</ccts:Definition>
              <ccts:Cardinality>0..1</ccts:Cardinality>
              <ccts:ObjectClass>Price</ccts:ObjectClass>
              <ccts:PropertyTerm>Price List</ccts:PropertyTerm>
              <ccts:AssociatedObjectClass>Price List</ccts:AssociatedObjectClass>
            </ccts:Component>
          </xsd:documentation>
        </xsd:annotation>
      </xsd:element>
      <xsd:element ref="AllowanceCharge" minOccurs="0" maxOccurs="unbounded">
        <xsd:annotation>
          <xsd:documentation>
            <ccts:Component>
              <ccts:ComponentType>ASBIE</ccts:ComponentType>
              <ccts:DictionaryEntryName>Price. Allowance Charge</ccts:DictionaryEntryName>
              <ccts:Definition>An association to Allowance Charge.</ccts:Definition>
              <ccts:Cardinality>0..n</ccts:Cardinality>
              <ccts:ObjectClass>Price</ccts:ObjectClass>
              <ccts:PropertyTerm>Allowance Charge</ccts:PropertyTerm>
              <ccts:AssociatedObjectClass>Allowance Charge</ccts:AssociatedObjectClass>
            </ccts:Component>
          </xsd:documentation>
        </xsd:annotation>
      </xsd:element>
    </xsd:sequence>
  </xsd:complexType>
  <xsd:complexType name="PriceListType">
    <xsd:annotation>
      <xsd:documentation>
        <ccts:Component>
          <ccts:ComponentType>ABIE</ccts:ComponentType>
          <ccts:DictionaryEntryName>Price List. Details</ccts:DictionaryEntryName>
          <ccts:Definition>Information about a Price List.</ccts:Definition>
          <ccts:ObjectClass>Price List</ccts:ObjectClass>
        </ccts:Component>
      </xsd:documentation>
    </xsd:annotation>
    <xsd:sequence>
      <xsd:element ref="cbc:ID" minOccurs="0" maxOccurs="1">
        <xsd:annotation>
          <xsd:documentation>
            <ccts:Component>
              <ccts:ComponentType>BBIE</ccts:ComponentType>
              <ccts:DictionaryEntryName>Price List. Identifier</ccts:DictionaryEntryName>
              <ccts:Definition>Identifies the Price List.</ccts:Definition>
              <ccts:Cardinality>0..1</ccts:Cardinality>
              <ccts:ObjectClass>Price List</ccts:ObjectClass>
              <ccts:PropertyTerm>Identifier</ccts:PropertyTerm>
              <ccts:RepresentationTerm>Identifier</ccts:RepresentationTerm>
              <ccts:DataType>Identifier. Type</ccts:DataType>
            </ccts:Component>
          </xsd:documentation>
        </xsd:annotation>
      </xsd:element>
      <xsd:element ref="cbc:StatusCode" minOccurs="0" maxOccurs="1">
        <xsd:annotation>
          <xsd:documentation>
            <ccts:Component>
              <ccts:ComponentType>BBIE</ccts:ComponentType>
              <ccts:DictionaryEntryName>Price List. Status Code. Code</ccts:DictionaryEntryName>
              <ccts:Definition>Identifies whether the price list is an 'original', 'copy', 'revision', or 'cancellation'.</ccts:Definition>
              <ccts:Cardinality>0..1</ccts:Cardinality>
              <ccts:ObjectClass>Price List</ccts:ObjectClass>
              <ccts:PropertyTerm>Status Code</ccts:PropertyTerm>
              <ccts:RepresentationTerm>Code</ccts:RepresentationTerm>
              <ccts:DataType>Code. Type</ccts:DataType>
              <ccts:Examples>"new - announcement only", "new and available", "deleted - announcement only"</ccts:Examples>
            </ccts:Component>
          </xsd:documentation>
        </xsd:annotation>
      </xsd:element>
      <xsd:element ref="ValidityPeriod" minOccurs="0" maxOccurs="unbounded">
        <xsd:annotation>
          <xsd:documentation>
            <ccts:Component>
              <ccts:ComponentType>ASBIE</ccts:ComponentType>
              <ccts:DictionaryEntryName>Price List. Validity_ Period. Period</ccts:DictionaryEntryName>
              <ccts:Definition>An association to Validity Period.</ccts:Definition>
              <ccts:Cardinality>0..n</ccts:Cardinality>
              <ccts:ObjectClass>Price List</ccts:ObjectClass>
              <ccts:PropertyTermQualifier>Validity</ccts:PropertyTermQualifier>
              <ccts:PropertyTerm>Period</ccts:PropertyTerm>
              <ccts:AssociatedObjectClass>Period</ccts:AssociatedObjectClass>
            </ccts:Component>
          </xsd:documentation>
        </xsd:annotation>
      </xsd:element>
      <xsd:element ref="PreviousPriceList" minOccurs="0" maxOccurs="1">
        <xsd:annotation>
          <xsd:documentation>
            <ccts:Component>
              <ccts:ComponentType>ASBIE</ccts:ComponentType>
              <ccts:DictionaryEntryName>Price List. Previous_ Price List. Price List</ccts:DictionaryEntryName>
              <ccts:Definition>An association to Previous Price List.</ccts:Definition>
              <ccts:Cardinality>0..1</ccts:Cardinality>
              <ccts:ObjectClass>Price List</ccts:ObjectClass>
              <ccts:PropertyTermQualifier>Previous</ccts:PropertyTermQualifier>
              <ccts:PropertyTerm>Price List</ccts:PropertyTerm>
              <ccts:AssociatedObjectClass>Price List</ccts:AssociatedObjectClass>
            </ccts:Component>
          </xsd:documentation>
        </xsd:annotation>
      </xsd:element>
    </xsd:sequence>
  </xsd:complexType>
  <xsd:complexType name="PricingReferenceType">
    <xsd:annotation>
      <xsd:documentation>
        <ccts:Component>
          <ccts:ComponentType>ABIE</ccts:ComponentType>
          <ccts:DictionaryEntryName>Pricing Reference. Details</ccts:DictionaryEntryName>
          <ccts:Definition>A reference to Pricing Information.</ccts:Definition>
          <ccts:ObjectClass>Pricing Reference</ccts:ObjectClass>
        </ccts:Component>
      </xsd:documentation>
    </xsd:annotation>
    <xsd:sequence>
      <xsd:element ref="OriginalItemLocationQuantity" minOccurs="0" maxOccurs="1">
        <xsd:annotation>
          <xsd:documentation>
            <ccts:Component>
              <ccts:ComponentType>ASBIE</ccts:ComponentType>
              <ccts:DictionaryEntryName>Pricing Reference. Original_ Item Location Quantity. Item Location Quantity</ccts:DictionaryEntryName>
              <ccts:Definition>An association to the original Item Location Quantity.</ccts:Definition>
              <ccts:Cardinality>0..1</ccts:Cardinality>
              <ccts:ObjectClass>Pricing Reference</ccts:ObjectClass>
              <ccts:PropertyTermQualifier>Original</ccts:PropertyTermQualifier>
              <ccts:PropertyTerm>Item Location Quantity</ccts:PropertyTerm>
              <ccts:AssociatedObjectClass>Item Location Quantity</ccts:AssociatedObjectClass>
            </ccts:Component>
          </xsd:documentation>
        </xsd:annotation>
      </xsd:element>
      <xsd:element ref="AlternativeConditionPrice" minOccurs="0" maxOccurs="unbounded">
        <xsd:annotation>
          <xsd:documentation>
            <ccts:Component>
              <ccts:ComponentType>ASBIE</ccts:ComponentType>
              <ccts:DictionaryEntryName>Pricing Reference. Alternative Condition_ Price. Price</ccts:DictionaryEntryName>
              <ccts:Definition>The price expressed in terms other than the actual price, e.g., the list price v. the contracted price, or the price in bags v. the price in kilos, or the list price in bags v. the contracted price in kilos.</ccts:Definition>
              <ccts:Cardinality>0..n</ccts:Cardinality>
              <ccts:ObjectClass>Pricing Reference</ccts:ObjectClass>
              <ccts:PropertyTermQualifier>Alternative Condition</ccts:PropertyTermQualifier>
              <ccts:PropertyTerm>Price</ccts:PropertyTerm>
              <ccts:AssociatedObjectClass>Price</ccts:AssociatedObjectClass>
            </ccts:Component>
          </xsd:documentation>
        </xsd:annotation>
      </xsd:element>
    </xsd:sequence>
  </xsd:complexType>
  <xsd:complexType name="QuotationLineType">
    <xsd:annotation>
      <xsd:documentation>
        <ccts:Component>
          <ccts:ComponentType>ABIE</ccts:ComponentType>
          <ccts:DictionaryEntryName>Quotation Line. Details</ccts:DictionaryEntryName>
          <ccts:Definition>Information about a Quotation Line.</ccts:Definition>
          <ccts:ObjectClass>Quotation Line</ccts:ObjectClass>
        </ccts:Component>
      </xsd:documentation>
    </xsd:annotation>
    <xsd:sequence>
      <xsd:element ref="cbc:ID" minOccurs="0" maxOccurs="1">
        <xsd:annotation>
          <xsd:documentation>
            <ccts:Component>
              <ccts:ComponentType>BBIE</ccts:ComponentType>
              <ccts:DictionaryEntryName>Quotation Line. Identifier</ccts:DictionaryEntryName>
              <ccts:Definition>Identifies the Quotation Line Item.</ccts:Definition>
              <ccts:Cardinality>0..1</ccts:Cardinality>
              <ccts:ObjectClass>Quotation Line</ccts:ObjectClass>
              <ccts:PropertyTerm>Identifier</ccts:PropertyTerm>
              <ccts:RepresentationTerm>Identifier</ccts:RepresentationTerm>
              <ccts:DataType>Identifier. Type</ccts:DataType>
            </ccts:Component>
          </xsd:documentation>
        </xsd:annotation>
      </xsd:element>
      <xsd:element ref="cbc:Note" minOccurs="0" maxOccurs="1">
        <xsd:annotation>
          <xsd:documentation>
            <ccts:Component>
              <ccts:ComponentType>BBIE</ccts:ComponentType>
              <ccts:DictionaryEntryName>Quotation Line. Note. Text</ccts:DictionaryEntryName>
              <ccts:Definition>Free-form text applying to the Quotation Line. This element may contain notes or any other similar information that is not contained explicitly in another structure.</ccts:Definition>
              <ccts:Cardinality>0..1</ccts:Cardinality>
              <ccts:ObjectClass>Quotation Line</ccts:ObjectClass>
              <ccts:PropertyTerm>Note</ccts:PropertyTerm>
              <ccts:RepresentationTerm>Text</ccts:RepresentationTerm>
              <ccts:DataType>Text. Type</ccts:DataType>
            </ccts:Component>
          </xsd:documentation>
        </xsd:annotation>
      </xsd:element>
      <xsd:element ref="cbc:Quantity" minOccurs="0" maxOccurs="1">
        <xsd:annotation>
          <xsd:documentation>
            <ccts:Component>
              <ccts:ComponentType>BBIE</ccts:ComponentType>
              <ccts:DictionaryEntryName>Quotation Line. Quantity</ccts:DictionaryEntryName>
              <ccts:Definition>The quantity of the item quoted.</ccts:Definition>
              <ccts:Cardinality>0..1</ccts:Cardinality>
              <ccts:ObjectClass>Quotation Line</ccts:ObjectClass>
              <ccts:PropertyTerm>Quantity</ccts:PropertyTerm>
              <ccts:RepresentationTerm>Quantity</ccts:RepresentationTerm>
              <ccts:DataType>Quantity. Type</ccts:DataType>
            </ccts:Component>
          </xsd:documentation>
        </xsd:annotation>
      </xsd:element>
      <xsd:element ref="cbc:LineExtensionAmount" minOccurs="0" maxOccurs="1">
        <xsd:annotation>
          <xsd:documentation>
            <ccts:Component>
              <ccts:ComponentType>BBIE</ccts:ComponentType>
              <ccts:DictionaryEntryName>Quotation Line. Line Extension Amount. Amount</ccts:DictionaryEntryName>
              <ccts:Definition>The total amount for the Quotation Line, including Allowance Charges but net of taxes.</ccts:Definition>
              <ccts:Cardinality>0..1</ccts:Cardinality>
              <ccts:ObjectClass>Quotation Line</ccts:ObjectClass>
              <ccts:PropertyTerm>Line Extension Amount</ccts:PropertyTerm>
              <ccts:RepresentationTerm>Amount</ccts:RepresentationTerm>
              <ccts:DataType>Amount. Type</ccts:DataType>
            </ccts:Component>
          </xsd:documentation>
        </xsd:annotation>
      </xsd:element>
      <xsd:element ref="cbc:TotalTaxAmount" minOccurs="0" maxOccurs="1">
        <xsd:annotation>
          <xsd:documentation>
            <ccts:Component>
              <ccts:ComponentType>BBIE</ccts:ComponentType>
              <ccts:DictionaryEntryName>Quotation Line. Total_ Tax Amount. Amount</ccts:DictionaryEntryName>
              <ccts:Definition>The total tax amount for the Quotation Line.</ccts:Definition>
              <ccts:Cardinality>0..1</ccts:Cardinality>
              <ccts:ObjectClass>Quotation Line</ccts:ObjectClass>
              <ccts:PropertyTermQualifier>Total</ccts:PropertyTermQualifier>
              <ccts:PropertyTerm>Tax Amount</ccts:PropertyTerm>
              <ccts:RepresentationTerm>Amount</ccts:RepresentationTerm>
              <ccts:DataType>Amount. Type</ccts:DataType>
            </ccts:Component>
          </xsd:documentation>
        </xsd:annotation>
      </xsd:element>
      <xsd:element ref="DocumentReference" minOccurs="0" maxOccurs="unbounded">
        <xsd:annotation>
          <xsd:documentation>
            <ccts:Component>
              <ccts:ComponentType>ASBIE</ccts:ComponentType>
              <ccts:DictionaryEntryName>Quotation Line. Document Reference</ccts:DictionaryEntryName>
              <ccts:Definition>An association to Document Reference.</ccts:Definition>
              <ccts:Cardinality>0..n</ccts:Cardinality>
              <ccts:ObjectClass>Quotation Line</ccts:ObjectClass>
              <ccts:PropertyTerm>Document Reference</ccts:PropertyTerm>
              <ccts:AssociatedObjectClass>Document Reference</ccts:AssociatedObjectClass>
            </ccts:Component>
          </xsd:documentation>
        </xsd:annotation>
      </xsd:element>
      <xsd:element ref="LineItem" minOccurs="1" maxOccurs="1">
        <xsd:annotation>
          <xsd:documentation>
            <ccts:Component>
              <ccts:ComponentType>ASBIE</ccts:ComponentType>
              <ccts:DictionaryEntryName>Quotation Line. Line Item</ccts:DictionaryEntryName>
              <ccts:Definition>An association to Line Item.</ccts:Definition>
              <ccts:Cardinality>1</ccts:Cardinality>
              <ccts:ObjectClass>Quotation Line</ccts:ObjectClass>
              <ccts:PropertyTerm>Line Item</ccts:PropertyTerm>
              <ccts:AssociatedObjectClass>Line Item</ccts:AssociatedObjectClass>
            </ccts:Component>
          </xsd:documentation>
        </xsd:annotation>
      </xsd:element>
      <xsd:element ref="SellerProposedSubstituteLineItem" minOccurs="0" maxOccurs="unbounded">
        <xsd:annotation>
          <xsd:documentation>
            <ccts:Component>
              <ccts:ComponentType>ASBIE</ccts:ComponentType>
              <ccts:DictionaryEntryName>Quotation Line. Seller Proposed Substitute_ Line Item. Line Item</ccts:DictionaryEntryName>
              <ccts:Definition>An association to a proposed substitute Line Item.</ccts:Definition>
              <ccts:Cardinality>0..n</ccts:Cardinality>
              <ccts:ObjectClass>Quotation Line</ccts:ObjectClass>
              <ccts:PropertyTermQualifier>Seller Proposed Substitute</ccts:PropertyTermQualifier>
              <ccts:PropertyTerm>Line Item</ccts:PropertyTerm>
              <ccts:AssociatedObjectClass>Line Item</ccts:AssociatedObjectClass>
            </ccts:Component>
          </xsd:documentation>
        </xsd:annotation>
      </xsd:element>
    </xsd:sequence>
  </xsd:complexType>
  <xsd:complexType name="RailTransportType">
    <xsd:annotation>
      <xsd:documentation>
        <ccts:Component>
          <ccts:ComponentType>ABIE</ccts:ComponentType>
          <ccts:DictionaryEntryName>Rail Transport. Details</ccts:DictionaryEntryName>
          <ccts:Definition>Describes a train.</ccts:Definition>
          <ccts:ObjectClass>Rail Transport</ccts:ObjectClass>
        </ccts:Component>
      </xsd:documentation>
    </xsd:annotation>
    <xsd:sequence>
      <xsd:element ref="cbc:TrainID" minOccurs="1" maxOccurs="1">
        <xsd:annotation>
          <xsd:documentation>
            <ccts:Component>
              <ccts:ComponentType>BBIE</ccts:ComponentType>
              <ccts:DictionaryEntryName>Rail Transport. Train Identifier. Identifier</ccts:DictionaryEntryName>
              <ccts:Definition>Identifies a train.</ccts:Definition>
              <ccts:Cardinality>1</ccts:Cardinality>
              <ccts:ObjectClass>Rail Transport</ccts:ObjectClass>
              <ccts:PropertyTerm>Train Identifier</ccts:PropertyTerm>
              <ccts:RepresentationTerm>Identifier</ccts:RepresentationTerm>
              <ccts:DataType>Identifier. Type</ccts:DataType>
              <ccts:AlternativeBusinessTerms>Train Number (WCO ID 167)</ccts:AlternativeBusinessTerms>
            </ccts:Component>
          </xsd:documentation>
        </xsd:annotation>
      </xsd:element>
      <xsd:element ref="cbc:RailCarID" minOccurs="0" maxOccurs="1">
        <xsd:annotation>
          <xsd:documentation>
            <ccts:Component>
              <ccts:ComponentType>BBIE</ccts:ComponentType>
              <ccts:DictionaryEntryName>Rail Transport. Rail Car Identifier. Identifier</ccts:DictionaryEntryName>
              <ccts:Definition>Identifies the rail car on the train used for the means of transport.</ccts:Definition>
              <ccts:Cardinality>0..1</ccts:Cardinality>
              <ccts:ObjectClass>Rail Transport</ccts:ObjectClass>
              <ccts:PropertyTerm>Rail Car Identifier</ccts:PropertyTerm>
              <ccts:RepresentationTerm>Identifier</ccts:RepresentationTerm>
              <ccts:DataType>Identifier. Type</ccts:DataType>
            </ccts:Component>
          </xsd:documentation>
        </xsd:annotation>
      </xsd:element>
    </xsd:sequence>
  </xsd:complexType>
  <xsd:complexType name="ReceiptLineType">
    <xsd:annotation>
      <xsd:documentation>
        <ccts:Component>
          <ccts:ComponentType>ABIE</ccts:ComponentType>
          <ccts:DictionaryEntryName>Receipt Line. Details</ccts:DictionaryEntryName>
          <ccts:Definition>Information about a Receipt Line.</ccts:Definition>
          <ccts:ObjectClass>Receipt Line</ccts:ObjectClass>
        </ccts:Component>
      </xsd:documentation>
    </xsd:annotation>
    <xsd:sequence>
      <xsd:element ref="cbc:ID" minOccurs="1" maxOccurs="1">
        <xsd:annotation>
          <xsd:documentation>
            <ccts:Component>
              <ccts:ComponentType>BBIE</ccts:ComponentType>
              <ccts:DictionaryEntryName>Receipt Line. Identifier</ccts:DictionaryEntryName>
              <ccts:Definition>Identifies the Receipt Line.</ccts:Definition>
              <ccts:Cardinality>1</ccts:Cardinality>
              <ccts:ObjectClass>Receipt Line</ccts:ObjectClass>
              <ccts:PropertyTerm>Identifier</ccts:PropertyTerm>
              <ccts:RepresentationTerm>Identifier</ccts:RepresentationTerm>
              <ccts:DataType>Identifier. Type</ccts:DataType>
            </ccts:Component>
          </xsd:documentation>
        </xsd:annotation>
      </xsd:element>
      <xsd:element ref="cbc:UUID" minOccurs="0" maxOccurs="1">
        <xsd:annotation>
          <xsd:documentation>
            <ccts:Component>
              <ccts:ComponentType>BBIE</ccts:ComponentType>
              <ccts:DictionaryEntryName>Receipt Line. UUID. Identifier</ccts:DictionaryEntryName>
              <ccts:Definition>A universally unique identifier for an instance of this ABIE.</ccts:Definition>
              <ccts:Cardinality>0..1</ccts:Cardinality>
              <ccts:ObjectClass>Receipt Line</ccts:ObjectClass>
              <ccts:PropertyTerm>UUID</ccts:PropertyTerm>
              <ccts:RepresentationTerm>Identifier</ccts:RepresentationTerm>
              <ccts:DataType>Identifier. Type</ccts:DataType>
            </ccts:Component>
          </xsd:documentation>
        </xsd:annotation>
      </xsd:element>
      <xsd:element ref="cbc:Note" minOccurs="0" maxOccurs="1">
        <xsd:annotation>
          <xsd:documentation>
            <ccts:Component>
              <ccts:ComponentType>BBIE</ccts:ComponentType>
              <ccts:DictionaryEntryName>Receipt Line. Note. Text</ccts:DictionaryEntryName>
              <ccts:Definition>Free-form text applying to the Receipt Line. This element may contain notes or any other similar information that is not contained explicitly in another structure.</ccts:Definition>
              <ccts:Cardinality>0..1</ccts:Cardinality>
              <ccts:ObjectClass>Receipt Line</ccts:ObjectClass>
              <ccts:PropertyTerm>Note</ccts:PropertyTerm>
              <ccts:RepresentationTerm>Text</ccts:RepresentationTerm>
              <ccts:DataType>Text. Type</ccts:DataType>
            </ccts:Component>
          </xsd:documentation>
        </xsd:annotation>
      </xsd:element>
      <xsd:element ref="cbc:ReceivedQuantity" minOccurs="0" maxOccurs="1">
        <xsd:annotation>
          <xsd:documentation>
            <ccts:Component>
              <ccts:ComponentType>BBIE</ccts:ComponentType>
              <ccts:DictionaryEntryName>Receipt Line. Received_ Quantity. Quantity</ccts:DictionaryEntryName>
              <ccts:Definition>The quantity received.</ccts:Definition>
              <ccts:Cardinality>0..1</ccts:Cardinality>
              <ccts:ObjectClass>Receipt Line</ccts:ObjectClass>
              <ccts:PropertyTermQualifier>Received</ccts:PropertyTermQualifier>
              <ccts:PropertyTerm>Quantity</ccts:PropertyTerm>
              <ccts:RepresentationTerm>Quantity</ccts:RepresentationTerm>
              <ccts:DataType>Quantity. Type</ccts:DataType>
            </ccts:Component>
          </xsd:documentation>
        </xsd:annotation>
      </xsd:element>
      <xsd:element ref="cbc:ShortQuantity" minOccurs="0" maxOccurs="1">
        <xsd:annotation>
          <xsd:documentation>
            <ccts:Component>
              <ccts:ComponentType>BBIE</ccts:ComponentType>
              <ccts:DictionaryEntryName>Receipt Line. Short_ Quantity. Quantity</ccts:DictionaryEntryName>
              <ccts:Definition>The quantity received short; the difference between the quantity reported despatched and the quantity actually received.</ccts:Definition>
              <ccts:Cardinality>0..1</ccts:Cardinality>
              <ccts:ObjectClass>Receipt Line</ccts:ObjectClass>
              <ccts:PropertyTermQualifier>Short</ccts:PropertyTermQualifier>
              <ccts:PropertyTerm>Quantity</ccts:PropertyTerm>
              <ccts:RepresentationTerm>Quantity</ccts:RepresentationTerm>
              <ccts:DataType>Quantity. Type</ccts:DataType>
            </ccts:Component>
          </xsd:documentation>
        </xsd:annotation>
      </xsd:element>
      <xsd:element ref="cbc:ShortageActionCode" minOccurs="0" maxOccurs="1">
        <xsd:annotation>
          <xsd:documentation>
            <ccts:Component>
              <ccts:ComponentType>BBIE</ccts:ComponentType>
              <ccts:DictionaryEntryName>Receipt Line. Shortage Action Code. Code</ccts:DictionaryEntryName>
              <ccts:Definition>The action that the Delivery Party wishes the Despatch Party to take as a result of the shortage, expressed as a code.</ccts:Definition>
              <ccts:Cardinality>0..1</ccts:Cardinality>
              <ccts:ObjectClass>Receipt Line</ccts:ObjectClass>
              <ccts:PropertyTerm>Shortage Action Code</ccts:PropertyTerm>
              <ccts:RepresentationTerm>Code</ccts:RepresentationTerm>
              <ccts:DataType>Code. Type</ccts:DataType>
            </ccts:Component>
          </xsd:documentation>
        </xsd:annotation>
      </xsd:element>
      <xsd:element ref="cbc:RejectedQuantity" minOccurs="0" maxOccurs="1">
        <xsd:annotation>
          <xsd:documentation>
            <ccts:Component>
              <ccts:ComponentType>BBIE</ccts:ComponentType>
              <ccts:DictionaryEntryName>Receipt Line. Rejected_ Quantity. Quantity</ccts:DictionaryEntryName>
              <ccts:Definition>The quantity rejected.</ccts:Definition>
              <ccts:Cardinality>0..1</ccts:Cardinality>
              <ccts:ObjectClass>Receipt Line</ccts:ObjectClass>
              <ccts:PropertyTermQualifier>Rejected</ccts:PropertyTermQualifier>
              <ccts:PropertyTerm>Quantity</ccts:PropertyTerm>
              <ccts:RepresentationTerm>Quantity</ccts:RepresentationTerm>
              <ccts:DataType>Quantity. Type</ccts:DataType>
            </ccts:Component>
          </xsd:documentation>
        </xsd:annotation>
      </xsd:element>
      <xsd:element ref="cbc:RejectReasonCode" minOccurs="0" maxOccurs="1">
        <xsd:annotation>
          <xsd:documentation>
            <ccts:Component>
              <ccts:ComponentType>BBIE</ccts:ComponentType>
              <ccts:DictionaryEntryName>Receipt Line. Reject Reason Code. Code</ccts:DictionaryEntryName>
              <ccts:Definition>The reason for rejection, expressed as a code.</ccts:Definition>
              <ccts:Cardinality>0..1</ccts:Cardinality>
              <ccts:ObjectClass>Receipt Line</ccts:ObjectClass>
              <ccts:PropertyTerm>Reject Reason Code</ccts:PropertyTerm>
              <ccts:RepresentationTerm>Code</ccts:RepresentationTerm>
              <ccts:DataType>Code. Type</ccts:DataType>
            </ccts:Component>
          </xsd:documentation>
        </xsd:annotation>
      </xsd:element>
      <xsd:element ref="cbc:RejectReason" minOccurs="0" maxOccurs="1">
        <xsd:annotation>
          <xsd:documentation>
            <ccts:Component>
              <ccts:ComponentType>BBIE</ccts:ComponentType>
              <ccts:DictionaryEntryName>Receipt Line. Reject_ Reason. Text</ccts:DictionaryEntryName>
              <ccts:Definition>The reason for rejection.</ccts:Definition>
              <ccts:Cardinality>0..1</ccts:Cardinality>
              <ccts:ObjectClass>Receipt Line</ccts:ObjectClass>
              <ccts:PropertyTermQualifier>Reject</ccts:PropertyTermQualifier>
              <ccts:PropertyTerm>Reason</ccts:PropertyTerm>
              <ccts:RepresentationTerm>Text</ccts:RepresentationTerm>
              <ccts:DataType>Text. Type</ccts:DataType>
            </ccts:Component>
          </xsd:documentation>
        </xsd:annotation>
      </xsd:element>
      <xsd:element ref="cbc:RejectActionCode" minOccurs="0" maxOccurs="1">
        <xsd:annotation>
          <xsd:documentation>
            <ccts:Component>
              <ccts:ComponentType>BBIE</ccts:ComponentType>
              <ccts:DictionaryEntryName>Receipt Line. Reject Action Code. Code</ccts:DictionaryEntryName>
              <ccts:Definition>The action that the Delivery Party wishes the Despatch Party to take as a result of the rejection, expressed as a code.</ccts:Definition>
              <ccts:Cardinality>0..1</ccts:Cardinality>
              <ccts:ObjectClass>Receipt Line</ccts:ObjectClass>
              <ccts:PropertyTerm>Reject Action Code</ccts:PropertyTerm>
              <ccts:RepresentationTerm>Code</ccts:RepresentationTerm>
              <ccts:DataType>Code. Type</ccts:DataType>
            </ccts:Component>
          </xsd:documentation>
        </xsd:annotation>
      </xsd:element>
      <xsd:element ref="cbc:OversupplyQuantity" minOccurs="0" maxOccurs="1">
        <xsd:annotation>
          <xsd:documentation>
            <ccts:Component>
              <ccts:ComponentType>BBIE</ccts:ComponentType>
              <ccts:DictionaryEntryName>Receipt Line. Oversupply Quantity. Quantity</ccts:DictionaryEntryName>
              <ccts:Definition>The quanitity over-supplied i.e. the quantity over and above that ordered.</ccts:Definition>
              <ccts:Cardinality>0..1</ccts:Cardinality>
              <ccts:ObjectClass>Receipt Line</ccts:ObjectClass>
              <ccts:PropertyTerm>Oversupply Quantity</ccts:PropertyTerm>
              <ccts:RepresentationTerm>Quantity</ccts:RepresentationTerm>
              <ccts:DataType>Quantity. Type</ccts:DataType>
            </ccts:Component>
          </xsd:documentation>
        </xsd:annotation>
      </xsd:element>
      <xsd:element ref="cbc:ReceivedDate" minOccurs="0" maxOccurs="1">
        <xsd:annotation>
          <xsd:documentation>
            <ccts:Component>
              <ccts:ComponentType>BBIE</ccts:ComponentType>
              <ccts:DictionaryEntryName>Receipt Line. Received_ Date. Date</ccts:DictionaryEntryName>
              <ccts:Definition>The date on which the good/services are received.</ccts:Definition>
              <ccts:Cardinality>0..1</ccts:Cardinality>
              <ccts:ObjectClass>Receipt Line</ccts:ObjectClass>
              <ccts:PropertyTermQualifier>Received</ccts:PropertyTermQualifier>
              <ccts:PropertyTerm>Date</ccts:PropertyTerm>
              <ccts:RepresentationTerm>Date</ccts:RepresentationTerm>
              <ccts:DataType>Date. Type</ccts:DataType>
            </ccts:Component>
          </xsd:documentation>
        </xsd:annotation>
      </xsd:element>
      <xsd:element ref="cbc:TimingComplaintCode" minOccurs="0" maxOccurs="1">
        <xsd:annotation>
          <xsd:documentation>
            <ccts:Component>
              <ccts:ComponentType>BBIE</ccts:ComponentType>
              <ccts:DictionaryEntryName>Receipt Line. Timing Complaint Code. Code</ccts:DictionaryEntryName>
              <ccts:Definition>A complaint about the timing of delivery, expressed as a code.</ccts:Definition>
              <ccts:Cardinality>0..1</ccts:Cardinality>
              <ccts:ObjectClass>Receipt Line</ccts:ObjectClass>
              <ccts:PropertyTerm>Timing Complaint Code</ccts:PropertyTerm>
              <ccts:RepresentationTerm>Code</ccts:RepresentationTerm>
              <ccts:DataType>Code. Type</ccts:DataType>
            </ccts:Component>
          </xsd:documentation>
        </xsd:annotation>
      </xsd:element>
      <xsd:element ref="cbc:TimingComplaint" minOccurs="0" maxOccurs="1">
        <xsd:annotation>
          <xsd:documentation>
            <ccts:Component>
              <ccts:ComponentType>BBIE</ccts:ComponentType>
              <ccts:DictionaryEntryName>Receipt Line. Timing Complaint. Text</ccts:DictionaryEntryName>
              <ccts:Definition>A complaint about the timing of delivery.</ccts:Definition>
              <ccts:Cardinality>0..1</ccts:Cardinality>
              <ccts:ObjectClass>Receipt Line</ccts:ObjectClass>
              <ccts:PropertyTerm>Timing Complaint</ccts:PropertyTerm>
              <ccts:RepresentationTerm>Text</ccts:RepresentationTerm>
              <ccts:DataType>Text. Type</ccts:DataType>
            </ccts:Component>
          </xsd:documentation>
        </xsd:annotation>
      </xsd:element>
      <xsd:element ref="OrderLineReference" minOccurs="0" maxOccurs="1">
        <xsd:annotation>
          <xsd:documentation>
            <ccts:Component>
              <ccts:ComponentType>ASBIE</ccts:ComponentType>
              <ccts:DictionaryEntryName>Receipt Line. Order Line Reference</ccts:DictionaryEntryName>
              <ccts:Definition>An association to Order Line Reference.</ccts:Definition>
              <ccts:Cardinality>0..1</ccts:Cardinality>
              <ccts:ObjectClass>Receipt Line</ccts:ObjectClass>
              <ccts:PropertyTerm>Order Line Reference</ccts:PropertyTerm>
              <ccts:AssociatedObjectClass>Order Line Reference</ccts:AssociatedObjectClass>
            </ccts:Component>
          </xsd:documentation>
        </xsd:annotation>
      </xsd:element>
      <xsd:element ref="DespatchLineReference" minOccurs="0" maxOccurs="unbounded">
        <xsd:annotation>
          <xsd:documentation>
            <ccts:Component>
              <ccts:ComponentType>ASBIE</ccts:ComponentType>
              <ccts:DictionaryEntryName>Receipt Line. Despatch_ Line Reference. Line Reference</ccts:DictionaryEntryName>
              <ccts:Definition>An associative reference to Despatch Line.</ccts:Definition>
              <ccts:Cardinality>0..n</ccts:Cardinality>
              <ccts:ObjectClass>Receipt Line</ccts:ObjectClass>
              <ccts:PropertyTermQualifier>Despatch</ccts:PropertyTermQualifier>
              <ccts:PropertyTerm>Line Reference</ccts:PropertyTerm>
              <ccts:AssociatedObjectClass>Line Reference</ccts:AssociatedObjectClass>
            </ccts:Component>
          </xsd:documentation>
        </xsd:annotation>
      </xsd:element>
      <xsd:element ref="DocumentReference" minOccurs="0" maxOccurs="unbounded">
        <xsd:annotation>
          <xsd:documentation>
            <ccts:Component>
              <ccts:ComponentType>ASBIE</ccts:ComponentType>
              <ccts:DictionaryEntryName>Receipt Line. Document Reference</ccts:DictionaryEntryName>
              <ccts:Definition>An association to Document Reference.</ccts:Definition>
              <ccts:Cardinality>0..n</ccts:Cardinality>
              <ccts:ObjectClass>Receipt Line</ccts:ObjectClass>
              <ccts:PropertyTerm>Document Reference</ccts:PropertyTerm>
              <ccts:AssociatedObjectClass>Document Reference</ccts:AssociatedObjectClass>
            </ccts:Component>
          </xsd:documentation>
        </xsd:annotation>
      </xsd:element>
      <xsd:element ref="Item" minOccurs="0" maxOccurs="unbounded">
        <xsd:annotation>
          <xsd:documentation>
            <ccts:Component>
              <ccts:ComponentType>ASBIE</ccts:ComponentType>
              <ccts:DictionaryEntryName>Receipt Line. Item</ccts:DictionaryEntryName>
              <ccts:Definition>An association to Item.</ccts:Definition>
              <ccts:Cardinality>0..n</ccts:Cardinality>
              <ccts:ObjectClass>Receipt Line</ccts:ObjectClass>
              <ccts:PropertyTerm>Item</ccts:PropertyTerm>
              <ccts:AssociatedObjectClass>Item</ccts:AssociatedObjectClass>
            </ccts:Component>
          </xsd:documentation>
        </xsd:annotation>
      </xsd:element>
      <xsd:element ref="Shipment" minOccurs="0" maxOccurs="unbounded">
        <xsd:annotation>
          <xsd:documentation>
            <ccts:Component>
              <ccts:ComponentType>ASBIE</ccts:ComponentType>
              <ccts:DictionaryEntryName>Receipt Line. Shipment</ccts:DictionaryEntryName>
              <ccts:Definition>An association to Shipment.</ccts:Definition>
              <ccts:Cardinality>0..n</ccts:Cardinality>
              <ccts:ObjectClass>Receipt Line</ccts:ObjectClass>
              <ccts:PropertyTerm>Shipment</ccts:PropertyTerm>
              <ccts:AssociatedObjectClass>Shipment</ccts:AssociatedObjectClass>
            </ccts:Component>
          </xsd:documentation>
        </xsd:annotation>
      </xsd:element>
    </xsd:sequence>
  </xsd:complexType>
  <xsd:complexType name="RelatedItemType">
    <xsd:annotation>
      <xsd:documentation>
        <ccts:Component>
          <ccts:ComponentType>ABIE</ccts:ComponentType>
          <ccts:DictionaryEntryName>Related Item. Details</ccts:DictionaryEntryName>
          <ccts:Definition>Information about the relationship between two items.</ccts:Definition>
          <ccts:ObjectClass>Related Item</ccts:ObjectClass>
        </ccts:Component>
      </xsd:documentation>
    </xsd:annotation>
    <xsd:sequence>
      <xsd:element ref="cbc:ID" minOccurs="0" maxOccurs="1">
        <xsd:annotation>
          <xsd:documentation>
            <ccts:Component>
              <ccts:ComponentType>BBIE</ccts:ComponentType>
              <ccts:DictionaryEntryName>Related Item. Identifier</ccts:DictionaryEntryName>
              <ccts:Definition>An identifier for the related item.</ccts:Definition>
              <ccts:Cardinality>0..1</ccts:Cardinality>
              <ccts:ObjectClass>Related Item</ccts:ObjectClass>
              <ccts:PropertyTerm>Identifier</ccts:PropertyTerm>
              <ccts:RepresentationTerm>Identifier</ccts:RepresentationTerm>
              <ccts:DataType>Identifier. Type</ccts:DataType>
              <ccts:Examples>"First", "Second"</ccts:Examples>
            </ccts:Component>
          </xsd:documentation>
        </xsd:annotation>
      </xsd:element>
      <xsd:element ref="cbc:Quantity" minOccurs="0" maxOccurs="1">
        <xsd:annotation>
          <xsd:documentation>
            <ccts:Component>
              <ccts:ComponentType>BBIE</ccts:ComponentType>
              <ccts:DictionaryEntryName>Related Item. Quantity</ccts:DictionaryEntryName>
              <ccts:Definition>The quantity that applies to the relationship.</ccts:Definition>
              <ccts:Cardinality>0..1</ccts:Cardinality>
              <ccts:ObjectClass>Related Item</ccts:ObjectClass>
              <ccts:PropertyTerm>Quantity</ccts:PropertyTerm>
              <ccts:RepresentationTerm>Quantity</ccts:RepresentationTerm>
              <ccts:DataType>Quantity. Type</ccts:DataType>
              <ccts:Examples>"6", "10mg per Kilo"</ccts:Examples>
            </ccts:Component>
          </xsd:documentation>
        </xsd:annotation>
      </xsd:element>
      <xsd:element ref="cbc:Description" minOccurs="0" maxOccurs="unbounded">
        <xsd:annotation>
          <xsd:documentation>
            <ccts:Component>
              <ccts:ComponentType>BBIE</ccts:ComponentType>
              <ccts:DictionaryEntryName>Related Item. Description. Text</ccts:DictionaryEntryName>
              <ccts:Definition>A description for the relationship.</ccts:Definition>
              <ccts:Cardinality>0..n</ccts:Cardinality>
              <ccts:ObjectClass>Related Item</ccts:ObjectClass>
              <ccts:PropertyTerm>Description</ccts:PropertyTerm>
              <ccts:RepresentationTerm>Text</ccts:RepresentationTerm>
              <ccts:DataType>Text. Type</ccts:DataType>
              <ccts:Examples>"If used in wet conditions or extreme environments"</ccts:Examples>
            </ccts:Component>
          </xsd:documentation>
        </xsd:annotation>
      </xsd:element>
    </xsd:sequence>
  </xsd:complexType>
  <xsd:complexType name="ReminderLineType">
    <xsd:annotation>
      <xsd:documentation>
        <ccts:Component>
          <ccts:ComponentType>ABIE</ccts:ComponentType>
          <ccts:DictionaryEntryName>Reminder Line. Details</ccts:DictionaryEntryName>
          <ccts:Definition>Information about a Line on a Reminder document.</ccts:Definition>
          <ccts:ObjectClass>Reminder Line</ccts:ObjectClass>
        </ccts:Component>
      </xsd:documentation>
    </xsd:annotation>
    <xsd:sequence>
      <xsd:element ref="cbc:ID" minOccurs="1" maxOccurs="1">
        <xsd:annotation>
          <xsd:documentation>
            <ccts:Component>
              <ccts:ComponentType>BBIE</ccts:ComponentType>
              <ccts:DictionaryEntryName>Reminder Line. Identifier</ccts:DictionaryEntryName>
              <ccts:Definition>Identifies the Reminder Line.</ccts:Definition>
              <ccts:Cardinality>1</ccts:Cardinality>
              <ccts:ObjectClass>Reminder Line</ccts:ObjectClass>
              <ccts:PropertyTerm>Identifier</ccts:PropertyTerm>
              <ccts:RepresentationTerm>Identifier</ccts:RepresentationTerm>
              <ccts:DataType>Identifier. Type</ccts:DataType>
            </ccts:Component>
          </xsd:documentation>
        </xsd:annotation>
      </xsd:element>
      <xsd:element ref="cbc:Note" minOccurs="0" maxOccurs="1">
        <xsd:annotation>
          <xsd:documentation>
            <ccts:Component>
              <ccts:ComponentType>BBIE</ccts:ComponentType>
              <ccts:DictionaryEntryName>Reminder Line. Note. Text</ccts:DictionaryEntryName>
              <ccts:Definition>Free-form text applying to the Reminder Line. This element may contain notes or any other similar information that is not contained explicitly in another structure.</ccts:Definition>
              <ccts:Cardinality>0..1</ccts:Cardinality>
              <ccts:ObjectClass>Reminder Line</ccts:ObjectClass>
              <ccts:PropertyTerm>Note</ccts:PropertyTerm>
              <ccts:RepresentationTerm>Text</ccts:RepresentationTerm>
              <ccts:DataType>Text. Type</ccts:DataType>
            </ccts:Component>
          </xsd:documentation>
        </xsd:annotation>
      </xsd:element>
      <xsd:element ref="cbc:UUID" minOccurs="0" maxOccurs="1">
        <xsd:annotation>
          <xsd:documentation>
            <ccts:Component>
              <ccts:ComponentType>BBIE</ccts:ComponentType>
              <ccts:DictionaryEntryName>Reminder Line. UUID. Identifier</ccts:DictionaryEntryName>
              <ccts:Definition>A universally unique identifier for an instance of this ABIE.</ccts:Definition>
              <ccts:Cardinality>0..1</ccts:Cardinality>
              <ccts:ObjectClass>Reminder Line</ccts:ObjectClass>
              <ccts:PropertyTerm>UUID</ccts:PropertyTerm>
              <ccts:RepresentationTerm>Identifier</ccts:RepresentationTerm>
              <ccts:DataType>Identifier. Type</ccts:DataType>
            </ccts:Component>
          </xsd:documentation>
        </xsd:annotation>
      </xsd:element>
      <xsd:element ref="cbc:BalanceBroughtForwardIndicator" minOccurs="0" maxOccurs="1">
        <xsd:annotation>
          <xsd:documentation>
            <ccts:Component>
              <ccts:ComponentType>BBIE</ccts:ComponentType>
              <ccts:DictionaryEntryName>Reminder Line. Balance Brought Forward_ Indicator. Indicator</ccts:DictionaryEntryName>
              <ccts:Definition>If true, indicates that the Remonder Line contains a balance brought forward.</ccts:Definition>
              <ccts:Cardinality>0..1</ccts:Cardinality>
              <ccts:ObjectClass>Reminder Line</ccts:ObjectClass>
              <ccts:PropertyTermQualifier>Balance Brought Forward</ccts:PropertyTermQualifier>
              <ccts:PropertyTerm>Indicator</ccts:PropertyTerm>
              <ccts:RepresentationTerm>Indicator</ccts:RepresentationTerm>
              <ccts:DataType>Indicator. Type</ccts:DataType>
            </ccts:Component>
          </xsd:documentation>
        </xsd:annotation>
      </xsd:element>
      <xsd:element ref="cbc:DebitLineAmount" minOccurs="0" maxOccurs="1">
        <xsd:annotation>
          <xsd:documentation>
            <ccts:Component>
              <ccts:ComponentType>BBIE</ccts:ComponentType>
              <ccts:DictionaryEntryName>Reminder Line. Debit_ Line Amount. Amount</ccts:DictionaryEntryName>
              <ccts:Definition>The amount debited on the Reminder Line.</ccts:Definition>
              <ccts:Cardinality>0..1</ccts:Cardinality>
              <ccts:ObjectClass>Reminder Line</ccts:ObjectClass>
              <ccts:PropertyTermQualifier>Debit</ccts:PropertyTermQualifier>
              <ccts:PropertyTerm>Line Amount</ccts:PropertyTerm>
              <ccts:RepresentationTerm>Amount</ccts:RepresentationTerm>
              <ccts:DataType>Amount. Type</ccts:DataType>
            </ccts:Component>
          </xsd:documentation>
        </xsd:annotation>
      </xsd:element>
      <xsd:element ref="cbc:CreditLineAmount" minOccurs="0" maxOccurs="1">
        <xsd:annotation>
          <xsd:documentation>
            <ccts:Component>
              <ccts:ComponentType>BBIE</ccts:ComponentType>
              <ccts:DictionaryEntryName>Reminder Line. Credit_ Line Amount. Amount</ccts:DictionaryEntryName>
              <ccts:Definition>The amount credited on the Reminder Line.</ccts:Definition>
              <ccts:Cardinality>0..1</ccts:Cardinality>
              <ccts:ObjectClass>Reminder Line</ccts:ObjectClass>
              <ccts:PropertyTermQualifier>Credit</ccts:PropertyTermQualifier>
              <ccts:PropertyTerm>Line Amount</ccts:PropertyTerm>
              <ccts:RepresentationTerm>Amount</ccts:RepresentationTerm>
              <ccts:DataType>Amount. Type</ccts:DataType>
            </ccts:Component>
          </xsd:documentation>
        </xsd:annotation>
      </xsd:element>
      <xsd:element ref="cbc:AccountingCostCode" minOccurs="0" maxOccurs="1">
        <xsd:annotation>
          <xsd:documentation>
            <ccts:Component>
              <ccts:ComponentType>BBIE</ccts:ComponentType>
              <ccts:DictionaryEntryName>Reminder Line. Accounting Cost Code. Code</ccts:DictionaryEntryName>
              <ccts:Definition>The buyer's accounting code applied to the Reminder Line.</ccts:Definition>
              <ccts:Cardinality>0..1</ccts:Cardinality>
              <ccts:ObjectClass>Reminder Line</ccts:ObjectClass>
              <ccts:PropertyTerm>Accounting Cost Code</ccts:PropertyTerm>
              <ccts:RepresentationTerm>Code</ccts:RepresentationTerm>
              <ccts:DataType>Code. Type</ccts:DataType>
            </ccts:Component>
          </xsd:documentation>
        </xsd:annotation>
      </xsd:element>
      <xsd:element ref="cbc:AccountingCost" minOccurs="0" maxOccurs="1">
        <xsd:annotation>
          <xsd:documentation>
            <ccts:Component>
              <ccts:ComponentType>BBIE</ccts:ComponentType>
              <ccts:DictionaryEntryName>Reminder Line. Accounting Cost. Text</ccts:DictionaryEntryName>
              <ccts:Definition>The buyer's accounting code applied to the Reminder Line, expressed as text.</ccts:Definition>
              <ccts:Cardinality>0..1</ccts:Cardinality>
              <ccts:ObjectClass>Reminder Line</ccts:ObjectClass>
              <ccts:PropertyTerm>Accounting Cost</ccts:PropertyTerm>
              <ccts:RepresentationTerm>Text</ccts:RepresentationTerm>
              <ccts:DataType>Text. Type</ccts:DataType>
            </ccts:Component>
          </xsd:documentation>
        </xsd:annotation>
      </xsd:element>
      <xsd:element ref="ReminderPeriod" minOccurs="0" maxOccurs="unbounded">
        <xsd:annotation>
          <xsd:documentation>
            <ccts:Component>
              <ccts:ComponentType>ASBIE</ccts:ComponentType>
              <ccts:DictionaryEntryName>Reminder Line. Reminder_ Period. Period</ccts:DictionaryEntryName>
              <ccts:Definition>An association to Period.</ccts:Definition>
              <ccts:Cardinality>0..n</ccts:Cardinality>
              <ccts:ObjectClass>Reminder Line</ccts:ObjectClass>
              <ccts:PropertyTermQualifier>Reminder</ccts:PropertyTermQualifier>
              <ccts:PropertyTerm>Period</ccts:PropertyTerm>
              <ccts:AssociatedObjectClass>Period</ccts:AssociatedObjectClass>
            </ccts:Component>
          </xsd:documentation>
        </xsd:annotation>
      </xsd:element>
      <xsd:element ref="BillingReference" minOccurs="0" maxOccurs="unbounded">
        <xsd:annotation>
          <xsd:documentation>
            <ccts:Component>
              <ccts:ComponentType>ASBIE</ccts:ComponentType>
              <ccts:DictionaryEntryName>Reminder Line. Billing Reference</ccts:DictionaryEntryName>
              <ccts:Definition>An association to Billing Reference</ccts:Definition>
              <ccts:Cardinality>0..n</ccts:Cardinality>
              <ccts:ObjectClass>Reminder Line</ccts:ObjectClass>
              <ccts:PropertyTerm>Billing Reference</ccts:PropertyTerm>
              <ccts:AssociatedObjectClass>Billing Reference</ccts:AssociatedObjectClass>
            </ccts:Component>
          </xsd:documentation>
        </xsd:annotation>
      </xsd:element>
      <xsd:element ref="ExchangeRate" minOccurs="0" maxOccurs="1">
        <xsd:annotation>
          <xsd:documentation>
            <ccts:Component>
              <ccts:ComponentType>ASBIE</ccts:ComponentType>
              <ccts:DictionaryEntryName>Reminder Line. Exchange Rate</ccts:DictionaryEntryName>
              <ccts:Definition>An association to Exchange Rate (between the Reminder Line Currency and the Related Document currency).</ccts:Definition>
              <ccts:Cardinality>0..1</ccts:Cardinality>
              <ccts:ObjectClass>Reminder Line</ccts:ObjectClass>
              <ccts:PropertyTerm>Exchange Rate</ccts:PropertyTerm>
              <ccts:AssociatedObjectClass>Exchange Rate</ccts:AssociatedObjectClass>
            </ccts:Component>
          </xsd:documentation>
        </xsd:annotation>
      </xsd:element>
    </xsd:sequence>
  </xsd:complexType>
  <xsd:complexType name="RemittanceAdviceLineType">
    <xsd:annotation>
      <xsd:documentation>
        <ccts:Component>
          <ccts:ComponentType>ABIE</ccts:ComponentType>
          <ccts:DictionaryEntryName>Remittance Advice Line. Details</ccts:DictionaryEntryName>
          <ccts:Definition>Information about a Line on a Remittance Advice.</ccts:Definition>
          <ccts:ObjectClass>Remittance Advice Line</ccts:ObjectClass>
        </ccts:Component>
      </xsd:documentation>
    </xsd:annotation>
    <xsd:sequence>
      <xsd:element ref="cbc:ID" minOccurs="1" maxOccurs="1">
        <xsd:annotation>
          <xsd:documentation>
            <ccts:Component>
              <ccts:ComponentType>BBIE</ccts:ComponentType>
              <ccts:DictionaryEntryName>Remittance Advice Line. Identifier</ccts:DictionaryEntryName>
              <ccts:Definition>Identifies the Remittance Advice Line.</ccts:Definition>
              <ccts:Cardinality>1</ccts:Cardinality>
              <ccts:ObjectClass>Remittance Advice Line</ccts:ObjectClass>
              <ccts:PropertyTerm>Identifier</ccts:PropertyTerm>
              <ccts:RepresentationTerm>Identifier</ccts:RepresentationTerm>
              <ccts:DataType>Identifier. Type</ccts:DataType>
            </ccts:Component>
          </xsd:documentation>
        </xsd:annotation>
      </xsd:element>
      <xsd:element ref="cbc:Note" minOccurs="0" maxOccurs="1">
        <xsd:annotation>
          <xsd:documentation>
            <ccts:Component>
              <ccts:ComponentType>BBIE</ccts:ComponentType>
              <ccts:DictionaryEntryName>Remittance Advice Line. Note. Text</ccts:DictionaryEntryName>
              <ccts:Definition>Free-form text applying to the Remittance Advice Line. This element may contain notes or any other similar information that is not contained explicitly in another structure.</ccts:Definition>
              <ccts:Cardinality>0..1</ccts:Cardinality>
              <ccts:ObjectClass>Remittance Advice Line</ccts:ObjectClass>
              <ccts:PropertyTerm>Note</ccts:PropertyTerm>
              <ccts:RepresentationTerm>Text</ccts:RepresentationTerm>
              <ccts:DataType>Text. Type</ccts:DataType>
            </ccts:Component>
          </xsd:documentation>
        </xsd:annotation>
      </xsd:element>
      <xsd:element ref="cbc:UUID" minOccurs="0" maxOccurs="1">
        <xsd:annotation>
          <xsd:documentation>
            <ccts:Component>
              <ccts:ComponentType>BBIE</ccts:ComponentType>
              <ccts:DictionaryEntryName>Remittance Advice Line. UUID. Identifier</ccts:DictionaryEntryName>
              <ccts:Definition>A universally unique identifier for an instance of this ABIE.</ccts:Definition>
              <ccts:Cardinality>0..1</ccts:Cardinality>
              <ccts:ObjectClass>Remittance Advice Line</ccts:ObjectClass>
              <ccts:PropertyTerm>UUID</ccts:PropertyTerm>
              <ccts:RepresentationTerm>Identifier</ccts:RepresentationTerm>
              <ccts:DataType>Identifier. Type</ccts:DataType>
            </ccts:Component>
          </xsd:documentation>
        </xsd:annotation>
      </xsd:element>
      <xsd:element ref="cbc:DebitLineAmount" minOccurs="0" maxOccurs="1">
        <xsd:annotation>
          <xsd:documentation>
            <ccts:Component>
              <ccts:ComponentType>BBIE</ccts:ComponentType>
              <ccts:DictionaryEntryName>Remittance Advice Line. Debit_ Line Amount. Amount</ccts:DictionaryEntryName>
              <ccts:Definition>The amount debited on the Remittance Advice Line.</ccts:Definition>
              <ccts:Cardinality>0..1</ccts:Cardinality>
              <ccts:ObjectClass>Remittance Advice Line</ccts:ObjectClass>
              <ccts:PropertyTermQualifier>Debit</ccts:PropertyTermQualifier>
              <ccts:PropertyTerm>Line Amount</ccts:PropertyTerm>
              <ccts:RepresentationTerm>Amount</ccts:RepresentationTerm>
              <ccts:DataType>Amount. Type</ccts:DataType>
            </ccts:Component>
          </xsd:documentation>
        </xsd:annotation>
      </xsd:element>
      <xsd:element ref="cbc:CreditLineAmount" minOccurs="0" maxOccurs="1">
        <xsd:annotation>
          <xsd:documentation>
            <ccts:Component>
              <ccts:ComponentType>BBIE</ccts:ComponentType>
              <ccts:DictionaryEntryName>Remittance Advice Line. Credit_ Line Amount. Amount</ccts:DictionaryEntryName>
              <ccts:Definition>The amount credited on the Remittance Advice Line.</ccts:Definition>
              <ccts:Cardinality>0..1</ccts:Cardinality>
              <ccts:ObjectClass>Remittance Advice Line</ccts:ObjectClass>
              <ccts:PropertyTermQualifier>Credit</ccts:PropertyTermQualifier>
              <ccts:PropertyTerm>Line Amount</ccts:PropertyTerm>
              <ccts:RepresentationTerm>Amount</ccts:RepresentationTerm>
              <ccts:DataType>Amount. Type</ccts:DataType>
            </ccts:Component>
          </xsd:documentation>
        </xsd:annotation>
      </xsd:element>
      <xsd:element ref="cbc:BalanceAmount" minOccurs="0" maxOccurs="1">
        <xsd:annotation>
          <xsd:documentation>
            <ccts:Component>
              <ccts:ComponentType>BBIE</ccts:ComponentType>
              <ccts:DictionaryEntryName>Remittance Advice Line. Balance Amount. Amount</ccts:DictionaryEntryName>
              <ccts:Definition>The balance amount on the Remittance Advice Line.</ccts:Definition>
              <ccts:Cardinality>0..1</ccts:Cardinality>
              <ccts:ObjectClass>Remittance Advice Line</ccts:ObjectClass>
              <ccts:PropertyTerm>Balance Amount</ccts:PropertyTerm>
              <ccts:RepresentationTerm>Amount</ccts:RepresentationTerm>
              <ccts:DataType>Amount. Type</ccts:DataType>
            </ccts:Component>
          </xsd:documentation>
        </xsd:annotation>
      </xsd:element>
      <xsd:element ref="AccountingSupplierParty" minOccurs="0" maxOccurs="1">
        <xsd:annotation>
          <xsd:documentation>
            <ccts:Component>
              <ccts:ComponentType>ASBIE</ccts:ComponentType>
              <ccts:DictionaryEntryName>Remittance Advice Line. Accounting_ Supplier Party. Supplier Party</ccts:DictionaryEntryName>
              <ccts:Definition>An association to Supplier Accounting Party.</ccts:Definition>
              <ccts:Cardinality>0..1</ccts:Cardinality>
              <ccts:ObjectClass>Remittance Advice Line</ccts:ObjectClass>
              <ccts:PropertyTermQualifier>Accounting</ccts:PropertyTermQualifier>
              <ccts:PropertyTerm>Supplier Party</ccts:PropertyTerm>
              <ccts:AssociatedObjectClass>Supplier Party</ccts:AssociatedObjectClass>
            </ccts:Component>
          </xsd:documentation>
        </xsd:annotation>
      </xsd:element>
      <xsd:element ref="AccountingCustomerParty" minOccurs="0" maxOccurs="1">
        <xsd:annotation>
          <xsd:documentation>
            <ccts:Component>
              <ccts:ComponentType>ASBIE</ccts:ComponentType>
              <ccts:DictionaryEntryName>Remittance Advice Line. Accounting_ Customer Party. Customer Party</ccts:DictionaryEntryName>
              <ccts:Definition>An association to Customer Accounting Party.</ccts:Definition>
              <ccts:Cardinality>0..1</ccts:Cardinality>
              <ccts:ObjectClass>Remittance Advice Line</ccts:ObjectClass>
              <ccts:PropertyTermQualifier>Accounting</ccts:PropertyTermQualifier>
              <ccts:PropertyTerm>Customer Party</ccts:PropertyTerm>
              <ccts:AssociatedObjectClass>Customer Party</ccts:AssociatedObjectClass>
            </ccts:Component>
          </xsd:documentation>
        </xsd:annotation>
      </xsd:element>
      <xsd:element ref="BuyerCustomerParty" minOccurs="0" maxOccurs="1">
        <xsd:annotation>
          <xsd:documentation>
            <ccts:Component>
              <ccts:ComponentType>ASBIE</ccts:ComponentType>
              <ccts:DictionaryEntryName>Remittance Advice Line. Buyer_ Customer Party. Customer Party</ccts:DictionaryEntryName>
              <ccts:Definition>An association to Buyer.</ccts:Definition>
              <ccts:Cardinality>0..1</ccts:Cardinality>
              <ccts:ObjectClass>Remittance Advice Line</ccts:ObjectClass>
              <ccts:PropertyTermQualifier>Buyer</ccts:PropertyTermQualifier>
              <ccts:PropertyTerm>Customer Party</ccts:PropertyTerm>
              <ccts:AssociatedObjectClass>Customer Party</ccts:AssociatedObjectClass>
            </ccts:Component>
          </xsd:documentation>
        </xsd:annotation>
      </xsd:element>
      <xsd:element ref="SellerSupplierParty" minOccurs="0" maxOccurs="1">
        <xsd:annotation>
          <xsd:documentation>
            <ccts:Component>
              <ccts:ComponentType>ASBIE</ccts:ComponentType>
              <ccts:DictionaryEntryName>Remittance Advice Line. Seller_ Supplier Party. Supplier Party</ccts:DictionaryEntryName>
              <ccts:Definition>An association to Seller.</ccts:Definition>
              <ccts:Cardinality>0..1</ccts:Cardinality>
              <ccts:ObjectClass>Remittance Advice Line</ccts:ObjectClass>
              <ccts:PropertyTermQualifier>Seller</ccts:PropertyTermQualifier>
              <ccts:PropertyTerm>Supplier Party</ccts:PropertyTerm>
              <ccts:AssociatedObjectClass>Supplier Party</ccts:AssociatedObjectClass>
            </ccts:Component>
          </xsd:documentation>
        </xsd:annotation>
      </xsd:element>
      <xsd:element ref="OriginatorCustomerParty" minOccurs="0" maxOccurs="1">
        <xsd:annotation>
          <xsd:documentation>
            <ccts:Component>
              <ccts:ComponentType>ASBIE</ccts:ComponentType>
              <ccts:DictionaryEntryName>Remittance Advice Line. Originator_ Customer Party. Customer Party</ccts:DictionaryEntryName>
              <ccts:Definition>An association to Originator.</ccts:Definition>
              <ccts:Cardinality>0..1</ccts:Cardinality>
              <ccts:ObjectClass>Remittance Advice Line</ccts:ObjectClass>
              <ccts:PropertyTermQualifier>Originator</ccts:PropertyTermQualifier>
              <ccts:PropertyTerm>Customer Party</ccts:PropertyTerm>
              <ccts:AssociatedObjectClass>Customer Party</ccts:AssociatedObjectClass>
            </ccts:Component>
          </xsd:documentation>
        </xsd:annotation>
      </xsd:element>
      <xsd:element ref="PayeeParty" minOccurs="0" maxOccurs="1">
        <xsd:annotation>
          <xsd:documentation>
            <ccts:Component>
              <ccts:ComponentType>ASBIE</ccts:ComponentType>
              <ccts:DictionaryEntryName>Remittance Advice Line. Payee_ Party. Party</ccts:DictionaryEntryName>
              <ccts:Definition>An association to Payee.</ccts:Definition>
              <ccts:Cardinality>0..1</ccts:Cardinality>
              <ccts:ObjectClass>Remittance Advice Line</ccts:ObjectClass>
              <ccts:PropertyTermQualifier>Payee</ccts:PropertyTermQualifier>
              <ccts:PropertyTerm>Party</ccts:PropertyTerm>
              <ccts:AssociatedObjectClass>Party</ccts:AssociatedObjectClass>
            </ccts:Component>
          </xsd:documentation>
        </xsd:annotation>
      </xsd:element>
      <xsd:element ref="InvoicePeriod" minOccurs="0" maxOccurs="unbounded">
        <xsd:annotation>
          <xsd:documentation>
            <ccts:Component>
              <ccts:ComponentType>ASBIE</ccts:ComponentType>
              <ccts:DictionaryEntryName>Remittance Advice Line. Invoice_ Period. Period</ccts:DictionaryEntryName>
              <ccts:Definition>An association to Invoice Period.</ccts:Definition>
              <ccts:Cardinality>0..n</ccts:Cardinality>
              <ccts:ObjectClass>Remittance Advice Line</ccts:ObjectClass>
              <ccts:PropertyTermQualifier>Invoice</ccts:PropertyTermQualifier>
              <ccts:PropertyTerm>Period</ccts:PropertyTerm>
              <ccts:AssociatedObjectClass>Period</ccts:AssociatedObjectClass>
            </ccts:Component>
          </xsd:documentation>
        </xsd:annotation>
      </xsd:element>
      <xsd:element ref="BillingReference" minOccurs="0" maxOccurs="unbounded">
        <xsd:annotation>
          <xsd:documentation>
            <ccts:Component>
              <ccts:ComponentType>ASBIE</ccts:ComponentType>
              <ccts:DictionaryEntryName>Remittance Advice Line. Billing Reference</ccts:DictionaryEntryName>
              <ccts:Definition>An association to Billing Reference.</ccts:Definition>
              <ccts:Cardinality>0..n</ccts:Cardinality>
              <ccts:ObjectClass>Remittance Advice Line</ccts:ObjectClass>
              <ccts:PropertyTerm>Billing Reference</ccts:PropertyTerm>
              <ccts:AssociatedObjectClass>Billing Reference</ccts:AssociatedObjectClass>
            </ccts:Component>
          </xsd:documentation>
        </xsd:annotation>
      </xsd:element>
      <xsd:element ref="DocumentReference" minOccurs="0" maxOccurs="unbounded">
        <xsd:annotation>
          <xsd:documentation>
            <ccts:Component>
              <ccts:ComponentType>ASBIE</ccts:ComponentType>
              <ccts:DictionaryEntryName>Remittance Advice Line. Document Reference</ccts:DictionaryEntryName>
              <ccts:Definition>An association to Document Reference.</ccts:Definition>
              <ccts:Cardinality>0..n</ccts:Cardinality>
              <ccts:ObjectClass>Remittance Advice Line</ccts:ObjectClass>
              <ccts:PropertyTerm>Document Reference</ccts:PropertyTerm>
              <ccts:AssociatedObjectClass>Document Reference</ccts:AssociatedObjectClass>
            </ccts:Component>
          </xsd:documentation>
        </xsd:annotation>
      </xsd:element>
      <xsd:element ref="ExchangeRate" minOccurs="0" maxOccurs="1">
        <xsd:annotation>
          <xsd:documentation>
            <ccts:Component>
              <ccts:ComponentType>ASBIE</ccts:ComponentType>
              <ccts:DictionaryEntryName>Remittance Advice Line. Exchange Rate</ccts:DictionaryEntryName>
              <ccts:Definition>An association to Exchange Rate (between the Remittance Advice Line currency and the Related Document currency).</ccts:Definition>
              <ccts:Cardinality>0..1</ccts:Cardinality>
              <ccts:ObjectClass>Remittance Advice Line</ccts:ObjectClass>
              <ccts:PropertyTerm>Exchange Rate</ccts:PropertyTerm>
              <ccts:AssociatedObjectClass>Exchange Rate</ccts:AssociatedObjectClass>
            </ccts:Component>
          </xsd:documentation>
        </xsd:annotation>
      </xsd:element>
    </xsd:sequence>
  </xsd:complexType>
  <xsd:complexType name="RequestForQuotationLineType">
    <xsd:annotation>
      <xsd:documentation>
        <ccts:Component>
          <ccts:ComponentType>ABIE</ccts:ComponentType>
          <ccts:DictionaryEntryName>Request For Quotation Line. Details</ccts:DictionaryEntryName>
          <ccts:Definition>Information about a Line on a Request For Quotation.</ccts:Definition>
          <ccts:ObjectClass>Request For Quotation Line</ccts:ObjectClass>
        </ccts:Component>
      </xsd:documentation>
    </xsd:annotation>
    <xsd:sequence>
      <xsd:element ref="cbc:ID" minOccurs="0" maxOccurs="1">
        <xsd:annotation>
          <xsd:documentation>
            <ccts:Component>
              <ccts:ComponentType>BBIE</ccts:ComponentType>
              <ccts:DictionaryEntryName>Request For Quotation Line. Identifier</ccts:DictionaryEntryName>
              <ccts:Definition>Identifies the Request For Quotation Line.</ccts:Definition>
              <ccts:Cardinality>0..1</ccts:Cardinality>
              <ccts:ObjectClass>Request For Quotation Line</ccts:ObjectClass>
              <ccts:PropertyTerm>Identifier</ccts:PropertyTerm>
              <ccts:RepresentationTerm>Identifier</ccts:RepresentationTerm>
              <ccts:DataType>Identifier. Type</ccts:DataType>
            </ccts:Component>
          </xsd:documentation>
        </xsd:annotation>
      </xsd:element>
      <xsd:element ref="cbc:UUID" minOccurs="0" maxOccurs="1">
        <xsd:annotation>
          <xsd:documentation>
            <ccts:Component>
              <ccts:ComponentType>BBIE</ccts:ComponentType>
              <ccts:DictionaryEntryName>Request For Quotation Line. UUID. Identifier</ccts:DictionaryEntryName>
              <ccts:Definition>A universally unique identifier for an instance of this ABIE.</ccts:Definition>
              <ccts:Cardinality>0..1</ccts:Cardinality>
              <ccts:ObjectClass>Request For Quotation Line</ccts:ObjectClass>
              <ccts:PropertyTerm>UUID</ccts:PropertyTerm>
              <ccts:RepresentationTerm>Identifier</ccts:RepresentationTerm>
              <ccts:DataType>Identifier. Type</ccts:DataType>
            </ccts:Component>
          </xsd:documentation>
        </xsd:annotation>
      </xsd:element>
      <xsd:element ref="cbc:Note" minOccurs="0" maxOccurs="1">
        <xsd:annotation>
          <xsd:documentation>
            <ccts:Component>
              <ccts:ComponentType>BBIE</ccts:ComponentType>
              <ccts:DictionaryEntryName>Request For Quotation Line. Note. Text</ccts:DictionaryEntryName>
              <ccts:Definition>Free-form text applying to the Request For Quotation Line. This element may contain notes or any other similar information that is not contained explicitly in another structure.</ccts:Definition>
              <ccts:Cardinality>0..1</ccts:Cardinality>
              <ccts:ObjectClass>Request For Quotation Line</ccts:ObjectClass>
              <ccts:PropertyTerm>Note</ccts:PropertyTerm>
              <ccts:RepresentationTerm>Text</ccts:RepresentationTerm>
              <ccts:DataType>Text. Type</ccts:DataType>
            </ccts:Component>
          </xsd:documentation>
        </xsd:annotation>
      </xsd:element>
      <xsd:element ref="DocumentReference" minOccurs="0" maxOccurs="unbounded">
        <xsd:annotation>
          <xsd:documentation>
            <ccts:Component>
              <ccts:ComponentType>ASBIE</ccts:ComponentType>
              <ccts:DictionaryEntryName>Request For Quotation Line. Document Reference</ccts:DictionaryEntryName>
              <ccts:Definition>An association to Document Reference.</ccts:Definition>
              <ccts:Cardinality>0..n</ccts:Cardinality>
              <ccts:ObjectClass>Request For Quotation Line</ccts:ObjectClass>
              <ccts:PropertyTerm>Document Reference</ccts:PropertyTerm>
              <ccts:AssociatedObjectClass>Document Reference</ccts:AssociatedObjectClass>
            </ccts:Component>
          </xsd:documentation>
        </xsd:annotation>
      </xsd:element>
      <xsd:element ref="LineItem" minOccurs="1" maxOccurs="1">
        <xsd:annotation>
          <xsd:documentation>
            <ccts:Component>
              <ccts:ComponentType>ASBIE</ccts:ComponentType>
              <ccts:DictionaryEntryName>Request For Quotation Line. Line Item</ccts:DictionaryEntryName>
              <ccts:Definition>An association to Line Item.</ccts:Definition>
              <ccts:Cardinality>1</ccts:Cardinality>
              <ccts:ObjectClass>Request For Quotation Line</ccts:ObjectClass>
              <ccts:PropertyTerm>Line Item</ccts:PropertyTerm>
              <ccts:AssociatedObjectClass>Line Item</ccts:AssociatedObjectClass>
            </ccts:Component>
          </xsd:documentation>
        </xsd:annotation>
      </xsd:element>
    </xsd:sequence>
  </xsd:complexType>
  <xsd:complexType name="ResponseType">
    <xsd:annotation>
      <xsd:documentation>
        <ccts:Component>
          <ccts:ComponentType>ABIE</ccts:ComponentType>
          <ccts:DictionaryEntryName>Response. Details</ccts:DictionaryEntryName>
          <ccts:Definition>Information about responses to a document (at the application level).</ccts:Definition>
          <ccts:ObjectClass>Response</ccts:ObjectClass>
        </ccts:Component>
      </xsd:documentation>
    </xsd:annotation>
    <xsd:sequence>
      <xsd:element ref="cbc:ReferenceID" minOccurs="1" maxOccurs="1">
        <xsd:annotation>
          <xsd:documentation>
            <ccts:Component>
              <ccts:ComponentType>BBIE</ccts:ComponentType>
              <ccts:DictionaryEntryName>Response. Reference. Identifier</ccts:DictionaryEntryName>
              <ccts:Definition>Identifies the section (or line) of the document to which the response applies.</ccts:Definition>
              <ccts:Cardinality>1</ccts:Cardinality>
              <ccts:ObjectClass>Response</ccts:ObjectClass>
              <ccts:PropertyTerm>Reference</ccts:PropertyTerm>
              <ccts:RepresentationTerm>Identifier</ccts:RepresentationTerm>
              <ccts:DataType>Identifier. Type</ccts:DataType>
            </ccts:Component>
          </xsd:documentation>
        </xsd:annotation>
      </xsd:element>
      <xsd:element ref="cbc:ResponseCode" minOccurs="0" maxOccurs="1">
        <xsd:annotation>
          <xsd:documentation>
            <ccts:Component>
              <ccts:ComponentType>BBIE</ccts:ComponentType>
              <ccts:DictionaryEntryName>Response. Response Code. Code</ccts:DictionaryEntryName>
              <ccts:Definition>A code for the description of the response to the transaction document.</ccts:Definition>
              <ccts:Cardinality>0..1</ccts:Cardinality>
              <ccts:ObjectClass>Response</ccts:ObjectClass>
              <ccts:PropertyTerm>Response Code</ccts:PropertyTerm>
              <ccts:RepresentationTerm>Code</ccts:RepresentationTerm>
              <ccts:DataType>Code. Type</ccts:DataType>
            </ccts:Component>
          </xsd:documentation>
        </xsd:annotation>
      </xsd:element>
      <xsd:element ref="cbc:Description" minOccurs="0" maxOccurs="unbounded">
        <xsd:annotation>
          <xsd:documentation>
            <ccts:Component>
              <ccts:ComponentType>BBIE</ccts:ComponentType>
              <ccts:DictionaryEntryName>Response. Description. Text</ccts:DictionaryEntryName>
              <ccts:Definition>The description of the response to the transaction document.</ccts:Definition>
              <ccts:Cardinality>0..n</ccts:Cardinality>
              <ccts:ObjectClass>Response</ccts:ObjectClass>
              <ccts:PropertyTerm>Description</ccts:PropertyTerm>
              <ccts:RepresentationTerm>Text</ccts:RepresentationTerm>
              <ccts:DataType>Text. Type</ccts:DataType>
            </ccts:Component>
          </xsd:documentation>
        </xsd:annotation>
      </xsd:element>
    </xsd:sequence>
  </xsd:complexType>
  <xsd:complexType name="RoadTransportType">
    <xsd:annotation>
      <xsd:documentation>
        <ccts:Component>
          <ccts:ComponentType>ABIE</ccts:ComponentType>
          <ccts:DictionaryEntryName>Road Transport. Details</ccts:DictionaryEntryName>
          <ccts:Definition>Describes a road transport vehicle.</ccts:Definition>
          <ccts:ObjectClass>Road Transport</ccts:ObjectClass>
        </ccts:Component>
      </xsd:documentation>
    </xsd:annotation>
    <xsd:sequence>
      <xsd:element ref="cbc:LicensePlateID" minOccurs="1" maxOccurs="1">
        <xsd:annotation>
          <xsd:documentation>
            <ccts:Component>
              <ccts:ComponentType>BBIE</ccts:ComponentType>
              <ccts:DictionaryEntryName>Road Transport. License Plate Identifier. Identifier</ccts:DictionaryEntryName>
              <ccts:Definition>Identifies a specific vehicle.</ccts:Definition>
              <ccts:Cardinality>1</ccts:Cardinality>
              <ccts:ObjectClass>Road Transport</ccts:ObjectClass>
              <ccts:PropertyTerm>License Plate Identifier</ccts:PropertyTerm>
              <ccts:RepresentationTerm>Identifier</ccts:RepresentationTerm>
              <ccts:DataType>Identifier. Type</ccts:DataType>
              <ccts:AlternativeBusinessTerms>Vehicle registration number (WCO ID 167)</ccts:AlternativeBusinessTerms>
            </ccts:Component>
          </xsd:documentation>
        </xsd:annotation>
      </xsd:element>
    </xsd:sequence>
  </xsd:complexType>
  <xsd:complexType name="SecondaryHazardType">
    <xsd:annotation>
      <xsd:documentation>
        <ccts:Component>
          <ccts:ComponentType>ABIE</ccts:ComponentType>
          <ccts:DictionaryEntryName>Secondary Hazard. Details</ccts:DictionaryEntryName>
          <ccts:Definition>Information about Secondary Hazard (related to a Hazardous Item).</ccts:Definition>
          <ccts:ObjectClass>Secondary Hazard</ccts:ObjectClass>
        </ccts:Component>
      </xsd:documentation>
    </xsd:annotation>
    <xsd:sequence>
      <xsd:element ref="cbc:ID" minOccurs="0" maxOccurs="1">
        <xsd:annotation>
          <xsd:documentation>
            <ccts:Component>
              <ccts:ComponentType>BBIE</ccts:ComponentType>
              <ccts:DictionaryEntryName>Secondary Hazard. Identifier</ccts:DictionaryEntryName>
              <ccts:Definition>Identifies the Secondary Hazard.</ccts:Definition>
              <ccts:Cardinality>0..1</ccts:Cardinality>
              <ccts:ObjectClass>Secondary Hazard</ccts:ObjectClass>
              <ccts:PropertyTerm>Identifier</ccts:PropertyTerm>
              <ccts:RepresentationTerm>Identifier</ccts:RepresentationTerm>
              <ccts:DataType>Identifier. Type</ccts:DataType>
            </ccts:Component>
          </xsd:documentation>
        </xsd:annotation>
      </xsd:element>
      <xsd:element ref="cbc:PlacardNotation" minOccurs="0" maxOccurs="1">
        <xsd:annotation>
          <xsd:documentation>
            <ccts:Component>
              <ccts:ComponentType>BBIE</ccts:ComponentType>
              <ccts:DictionaryEntryName>Secondary Hazard. Placard Notation. Text</ccts:DictionaryEntryName>
              <ccts:Definition>The placard notation corresponding to the hazard class of the hazardous commodity. Can also be the hazard identification number of the orange placard (upper part) required on the means of transport.</ccts:Definition>
              <ccts:Cardinality>0..1</ccts:Cardinality>
              <ccts:ObjectClass>Secondary Hazard</ccts:ObjectClass>
              <ccts:PropertyTerm>Placard Notation</ccts:PropertyTerm>
              <ccts:RepresentationTerm>Text</ccts:RepresentationTerm>
              <ccts:DataType>Text. Type</ccts:DataType>
              <ccts:Examples>"5.1"</ccts:Examples>
            </ccts:Component>
          </xsd:documentation>
        </xsd:annotation>
      </xsd:element>
      <xsd:element ref="cbc:PlacardEndorsement" minOccurs="0" maxOccurs="1">
        <xsd:annotation>
          <xsd:documentation>
            <ccts:Component>
              <ccts:ComponentType>BBIE</ccts:ComponentType>
              <ccts:DictionaryEntryName>Secondary Hazard. Placard Endorsement. Text</ccts:DictionaryEntryName>
              <ccts:Definition>The placard endorsement that is to be shown on the shipping papers for the hazardous commodity. Can also be used for the number of the orange placard (lower part) required on the means of transport.</ccts:Definition>
              <ccts:Cardinality>0..1</ccts:Cardinality>
              <ccts:ObjectClass>Secondary Hazard</ccts:ObjectClass>
              <ccts:PropertyTerm>Placard Endorsement</ccts:PropertyTerm>
              <ccts:RepresentationTerm>Text</ccts:RepresentationTerm>
              <ccts:DataType>Text. Type</ccts:DataType>
              <ccts:Examples>"2"</ccts:Examples>
            </ccts:Component>
          </xsd:documentation>
        </xsd:annotation>
      </xsd:element>
      <xsd:element ref="cbc:EmergencyProceduresCode" minOccurs="0" maxOccurs="1">
        <xsd:annotation>
          <xsd:documentation>
            <ccts:Component>
              <ccts:ComponentType>BBIE</ccts:ComponentType>
              <ccts:DictionaryEntryName>Secondary Hazard. Emergency Procedures Code. Code</ccts:DictionaryEntryName>
              <ccts:Definition>Emergency procedures for hazardous goods, expressed as a code.</ccts:Definition>
              <ccts:Cardinality>0..1</ccts:Cardinality>
              <ccts:ObjectClass>Secondary Hazard</ccts:ObjectClass>
              <ccts:PropertyTerm>Emergency Procedures Code</ccts:PropertyTerm>
              <ccts:RepresentationTerm>Code</ccts:RepresentationTerm>
              <ccts:DataType>Code. Type</ccts:DataType>
              <ccts:AlternativeBusinessTerms>EMG code, EMS Page Number</ccts:AlternativeBusinessTerms>
            </ccts:Component>
          </xsd:documentation>
        </xsd:annotation>
      </xsd:element>
      <xsd:element ref="cbc:Extension" minOccurs="0" maxOccurs="1">
        <xsd:annotation>
          <xsd:documentation>
            <ccts:Component>
              <ccts:ComponentType>BBIE</ccts:ComponentType>
              <ccts:DictionaryEntryName>Secondary Hazard. Extension. Text</ccts:DictionaryEntryName>
              <ccts:Definition>Additional information about the hazardous substance. Can be used to specify information such as the type of regulatory requirements that apply to a description.</ccts:Definition>
              <ccts:Cardinality>0..1</ccts:Cardinality>
              <ccts:ObjectClass>Secondary Hazard</ccts:ObjectClass>
              <ccts:PropertyTerm>Extension</ccts:PropertyTerm>
              <ccts:RepresentationTerm>Text</ccts:RepresentationTerm>
              <ccts:DataType>Text. Type</ccts:DataType>
              <ccts:Examples>"N.O.S. or a Waste Characteristics Code in conjunction with an EPA Waste Stream code"</ccts:Examples>
            </ccts:Component>
          </xsd:documentation>
        </xsd:annotation>
      </xsd:element>
    </xsd:sequence>
  </xsd:complexType>
  <xsd:complexType name="ShipmentType">
    <xsd:annotation>
      <xsd:documentation>
        <ccts:Component>
          <ccts:ComponentType>ABIE</ccts:ComponentType>
          <ccts:DictionaryEntryName>Shipment. Details</ccts:DictionaryEntryName>
          <ccts:Definition>Information about a shipment.</ccts:Definition>
          <ccts:ObjectClass>Shipment</ccts:ObjectClass>
          <ccts:AlternativeBusinessTerms>Consignment</ccts:AlternativeBusinessTerms>
        </ccts:Component>
      </xsd:documentation>
    </xsd:annotation>
    <xsd:sequence>
      <xsd:element ref="cbc:ID" minOccurs="1" maxOccurs="1">
        <xsd:annotation>
          <xsd:documentation>
            <ccts:Component>
              <ccts:ComponentType>BBIE</ccts:ComponentType>
              <ccts:DictionaryEntryName>Shipment. Identifier</ccts:DictionaryEntryName>
              <ccts:Definition>Identifies a shipment.</ccts:Definition>
              <ccts:Cardinality>1</ccts:Cardinality>
              <ccts:ObjectClass>Shipment</ccts:ObjectClass>
              <ccts:PropertyTerm>Identifier</ccts:PropertyTerm>
              <ccts:RepresentationTerm>Identifier</ccts:RepresentationTerm>
              <ccts:DataType>Identifier. Type</ccts:DataType>
              <ccts:AlternativeBusinessTerms>Waybill Number</ccts:AlternativeBusinessTerms>
            </ccts:Component>
          </xsd:documentation>
        </xsd:annotation>
      </xsd:element>
      <xsd:element ref="cbc:ShippingPriorityLevelCode" minOccurs="0" maxOccurs="1">
        <xsd:annotation>
          <xsd:documentation>
            <ccts:Component>
              <ccts:ComponentType>BBIE</ccts:ComponentType>
              <ccts:DictionaryEntryName>Shipment. Shipping Priority Level. Code</ccts:DictionaryEntryName>
              <ccts:Definition>The priority or level of service required for a shipment, expressed as a code.</ccts:Definition>
              <ccts:Cardinality>0..1</ccts:Cardinality>
              <ccts:ObjectClass>Shipment</ccts:ObjectClass>
              <ccts:PropertyTerm>Shipping Priority Level</ccts:PropertyTerm>
              <ccts:RepresentationTerm>Code</ccts:RepresentationTerm>
              <ccts:DataType>Code. Type</ccts:DataType>
              <ccts:AlternativeBusinessTerms>Service Level, Service Priority</ccts:AlternativeBusinessTerms>
            </ccts:Component>
          </xsd:documentation>
        </xsd:annotation>
      </xsd:element>
      <xsd:element ref="cbc:HandlingCode" minOccurs="0" maxOccurs="1">
        <xsd:annotation>
          <xsd:documentation>
            <ccts:Component>
              <ccts:ComponentType>BBIE</ccts:ComponentType>
              <ccts:DictionaryEntryName>Shipment. Handling Code. Code</ccts:DictionaryEntryName>
              <ccts:Definition>The handling required for a shipment, expressed as a code.</ccts:Definition>
              <ccts:Cardinality>0..1</ccts:Cardinality>
              <ccts:ObjectClass>Shipment</ccts:ObjectClass>
              <ccts:PropertyTerm>Handling Code</ccts:PropertyTerm>
              <ccts:RepresentationTerm>Code</ccts:RepresentationTerm>
              <ccts:DataType>Code. Type</ccts:DataType>
              <ccts:AlternativeBusinessTerms>Special Handling</ccts:AlternativeBusinessTerms>
            </ccts:Component>
          </xsd:documentation>
        </xsd:annotation>
      </xsd:element>
      <xsd:element ref="cbc:HandlingInstructions" minOccurs="0" maxOccurs="1">
        <xsd:annotation>
          <xsd:documentation>
            <ccts:Component>
              <ccts:ComponentType>BBIE</ccts:ComponentType>
              <ccts:DictionaryEntryName>Shipment. Handling_ Instructions. Text</ccts:DictionaryEntryName>
              <ccts:Definition>Free-form text describing Handling Instructions for a shipment.</ccts:Definition>
              <ccts:Cardinality>0..1</ccts:Cardinality>
              <ccts:ObjectClass>Shipment</ccts:ObjectClass>
              <ccts:PropertyTermQualifier>Handling</ccts:PropertyTermQualifier>
              <ccts:PropertyTerm>Instructions</ccts:PropertyTerm>
              <ccts:RepresentationTerm>Text</ccts:RepresentationTerm>
              <ccts:DataType>Text. Type</ccts:DataType>
            </ccts:Component>
          </xsd:documentation>
        </xsd:annotation>
      </xsd:element>
      <xsd:element ref="cbc:Information" minOccurs="0" maxOccurs="1">
        <xsd:annotation>
          <xsd:documentation>
            <ccts:Component>
              <ccts:ComponentType>BBIE</ccts:ComponentType>
              <ccts:DictionaryEntryName>Shipment. Information. Text</ccts:DictionaryEntryName>
              <ccts:Definition>Free-form text applying to a shipment. This element may contain notes or any other similar information that is not contained explicitly in another structure.</ccts:Definition>
              <ccts:Cardinality>0..1</ccts:Cardinality>
              <ccts:ObjectClass>Shipment</ccts:ObjectClass>
              <ccts:PropertyTerm>Information</ccts:PropertyTerm>
              <ccts:RepresentationTerm>Text</ccts:RepresentationTerm>
              <ccts:DataType>Text. Type</ccts:DataType>
            </ccts:Component>
          </xsd:documentation>
        </xsd:annotation>
      </xsd:element>
      <xsd:element ref="cbc:GrossWeightMeasure" minOccurs="0" maxOccurs="1">
        <xsd:annotation>
          <xsd:documentation>
            <ccts:Component>
              <ccts:ComponentType>BBIE</ccts:ComponentType>
              <ccts:DictionaryEntryName>Shipment. Gross_ Weight. Measure</ccts:DictionaryEntryName>
              <ccts:Definition>The total gross weight of a shipment; the weight of the goods plus packaging plus transport equipment.</ccts:Definition>
              <ccts:Cardinality>0..1</ccts:Cardinality>
              <ccts:ObjectClass>Shipment</ccts:ObjectClass>
              <ccts:PropertyTermQualifier>Gross</ccts:PropertyTermQualifier>
              <ccts:PropertyTerm>Weight</ccts:PropertyTerm>
              <ccts:RepresentationTerm>Measure</ccts:RepresentationTerm>
              <ccts:DataType>Measure. Type</ccts:DataType>
            </ccts:Component>
          </xsd:documentation>
        </xsd:annotation>
      </xsd:element>
      <xsd:element ref="cbc:NetWeightMeasure" minOccurs="0" maxOccurs="1">
        <xsd:annotation>
          <xsd:documentation>
            <ccts:Component>
              <ccts:ComponentType>BBIE</ccts:ComponentType>
              <ccts:DictionaryEntryName>Shipment. Net_ Weight. Measure</ccts:DictionaryEntryName>
              <ccts:Definition>The total net weight of a shipment; the weight of the goods plus packaging.</ccts:Definition>
              <ccts:Cardinality>0..1</ccts:Cardinality>
              <ccts:ObjectClass>Shipment</ccts:ObjectClass>
              <ccts:PropertyTermQualifier>Net</ccts:PropertyTermQualifier>
              <ccts:PropertyTerm>Weight</ccts:PropertyTerm>
              <ccts:RepresentationTerm>Measure</ccts:RepresentationTerm>
              <ccts:DataType>Measure. Type</ccts:DataType>
            </ccts:Component>
          </xsd:documentation>
        </xsd:annotation>
      </xsd:element>
      <xsd:element ref="cbc:NetNetWeightMeasure" minOccurs="0" maxOccurs="1">
        <xsd:annotation>
          <xsd:documentation>
            <ccts:Component>
              <ccts:ComponentType>BBIE</ccts:ComponentType>
              <ccts:DictionaryEntryName>Shipment. Net Net_ Weight. Measure</ccts:DictionaryEntryName>
              <ccts:Definition>The weight of the goods net of packaging and transport equipment.</ccts:Definition>
              <ccts:Cardinality>0..1</ccts:Cardinality>
              <ccts:ObjectClass>Shipment</ccts:ObjectClass>
              <ccts:PropertyTermQualifier>Net Net</ccts:PropertyTermQualifier>
              <ccts:PropertyTerm>Weight</ccts:PropertyTerm>
              <ccts:RepresentationTerm>Measure</ccts:RepresentationTerm>
              <ccts:DataType>Measure. Type</ccts:DataType>
            </ccts:Component>
          </xsd:documentation>
        </xsd:annotation>
      </xsd:element>
      <xsd:element ref="cbc:GrossVolumeMeasure" minOccurs="0" maxOccurs="1">
        <xsd:annotation>
          <xsd:documentation>
            <ccts:Component>
              <ccts:ComponentType>BBIE</ccts:ComponentType>
              <ccts:DictionaryEntryName>Shipment. Gross_ Volume. Measure</ccts:DictionaryEntryName>
              <ccts:Definition>The total volume of the goods in a shipment plus packaging.</ccts:Definition>
              <ccts:Cardinality>0..1</ccts:Cardinality>
              <ccts:ObjectClass>Shipment</ccts:ObjectClass>
              <ccts:PropertyTermQualifier>Gross</ccts:PropertyTermQualifier>
              <ccts:PropertyTerm>Volume</ccts:PropertyTerm>
              <ccts:RepresentationTerm>Measure</ccts:RepresentationTerm>
              <ccts:DataType>Measure. Type</ccts:DataType>
            </ccts:Component>
          </xsd:documentation>
        </xsd:annotation>
      </xsd:element>
      <xsd:element ref="cbc:NetVolumeMeasure" minOccurs="0" maxOccurs="1">
        <xsd:annotation>
          <xsd:documentation>
            <ccts:Component>
              <ccts:ComponentType>BBIE</ccts:ComponentType>
              <ccts:DictionaryEntryName>Shipment. Net_ Volume. Measure</ccts:DictionaryEntryName>
              <ccts:Definition>The volume of a shipment net of packaging and transport equipment.</ccts:Definition>
              <ccts:Cardinality>0..1</ccts:Cardinality>
              <ccts:ObjectClass>Shipment</ccts:ObjectClass>
              <ccts:PropertyTermQualifier>Net</ccts:PropertyTermQualifier>
              <ccts:PropertyTerm>Volume</ccts:PropertyTerm>
              <ccts:RepresentationTerm>Measure</ccts:RepresentationTerm>
              <ccts:DataType>Measure. Type</ccts:DataType>
            </ccts:Component>
          </xsd:documentation>
        </xsd:annotation>
      </xsd:element>
      <xsd:element ref="cbc:TotalGoodsItemQuantity" minOccurs="0" maxOccurs="1">
        <xsd:annotation>
          <xsd:documentation>
            <ccts:Component>
              <ccts:ComponentType>BBIE</ccts:ComponentType>
              <ccts:DictionaryEntryName>Shipment. Total_ Goods Item Quantity. Quantity</ccts:DictionaryEntryName>
              <ccts:Definition>Count of the total number of goods items within a shipment.</ccts:Definition>
              <ccts:Cardinality>0..1</ccts:Cardinality>
              <ccts:ObjectClass>Shipment</ccts:ObjectClass>
              <ccts:PropertyTermQualifier>Total</ccts:PropertyTermQualifier>
              <ccts:PropertyTerm>Goods Item Quantity</ccts:PropertyTerm>
              <ccts:RepresentationTerm>Quantity</ccts:RepresentationTerm>
              <ccts:DataType>Quantity. Type</ccts:DataType>
            </ccts:Component>
          </xsd:documentation>
        </xsd:annotation>
      </xsd:element>
      <xsd:element ref="cbc:TotalTransportHandlingUnitQuantity" minOccurs="0" maxOccurs="1">
        <xsd:annotation>
          <xsd:documentation>
            <ccts:Component>
              <ccts:ComponentType>BBIE</ccts:ComponentType>
              <ccts:DictionaryEntryName>Shipment. Total_ Transport Handling Unit Quantity. Quantity</ccts:DictionaryEntryName>
              <ccts:Definition>Count of the number of pieces of transport handling equipment in a shipment, such as pallets, boxes, and cases.</ccts:Definition>
              <ccts:Cardinality>0..1</ccts:Cardinality>
              <ccts:ObjectClass>Shipment</ccts:ObjectClass>
              <ccts:PropertyTermQualifier>Total</ccts:PropertyTermQualifier>
              <ccts:PropertyTerm>Transport Handling Unit Quantity</ccts:PropertyTerm>
              <ccts:RepresentationTerm>Quantity</ccts:RepresentationTerm>
              <ccts:DataType>Quantity. Type</ccts:DataType>
              <ccts:AlternativeBusinessTerms>Number of THUs</ccts:AlternativeBusinessTerms>
            </ccts:Component>
          </xsd:documentation>
        </xsd:annotation>
      </xsd:element>
      <xsd:element ref="cbc:InsuranceValueAmount" minOccurs="0" maxOccurs="1">
        <xsd:annotation>
          <xsd:documentation>
            <ccts:Component>
              <ccts:ComponentType>BBIE</ccts:ComponentType>
              <ccts:DictionaryEntryName>Shipment. Insurance_ Value. Amount</ccts:DictionaryEntryName>
              <ccts:Definition>The total sum covered by an insurance for the shipment.</ccts:Definition>
              <ccts:Cardinality>0..1</ccts:Cardinality>
              <ccts:ObjectClass>Shipment</ccts:ObjectClass>
              <ccts:PropertyTermQualifier>Insurance</ccts:PropertyTermQualifier>
              <ccts:PropertyTerm>Value</ccts:PropertyTerm>
              <ccts:RepresentationTerm>Amount</ccts:RepresentationTerm>
              <ccts:DataType>Amount. Type</ccts:DataType>
              <ccts:AlternativeBusinessTerms>Value Insured</ccts:AlternativeBusinessTerms>
            </ccts:Component>
          </xsd:documentation>
        </xsd:annotation>
      </xsd:element>
      <xsd:element ref="cbc:DeclaredCustomsValueAmount" minOccurs="0" maxOccurs="1">
        <xsd:annotation>
          <xsd:documentation>
            <ccts:Component>
              <ccts:ComponentType>BBIE</ccts:ComponentType>
              <ccts:DictionaryEntryName>Shipment. Declared Customs_ Value. Amount</ccts:DictionaryEntryName>
              <ccts:Definition>Amount declared for customs purposes of those goods in a shipment which are subject to the same customs procedure, and have the same tariff/statistical heading, country information, and duty regime.</ccts:Definition>
              <ccts:Cardinality>0..1</ccts:Cardinality>
              <ccts:ObjectClass>Shipment</ccts:ObjectClass>
              <ccts:PropertyTermQualifier>Declared Customs</ccts:PropertyTermQualifier>
              <ccts:PropertyTerm>Value</ccts:PropertyTerm>
              <ccts:RepresentationTerm>Amount</ccts:RepresentationTerm>
              <ccts:DataType>Amount. Type</ccts:DataType>
            </ccts:Component>
          </xsd:documentation>
        </xsd:annotation>
      </xsd:element>
      <xsd:element ref="cbc:DeclaredForCarriageValueAmount" minOccurs="0" maxOccurs="1">
        <xsd:annotation>
          <xsd:documentation>
            <ccts:Component>
              <ccts:ComponentType>BBIE</ccts:ComponentType>
              <ccts:DictionaryEntryName>Shipment. Declared For Carriage_ Value. Amount</ccts:DictionaryEntryName>
              <ccts:Definition>Value, declared by the shipper or his agent solely for the purpose of varying the carrier's level of liability from that provided in the contract of carriage, in case of loss or damage to goods or delayed delivery.</ccts:Definition>
              <ccts:Cardinality>0..1</ccts:Cardinality>
              <ccts:ObjectClass>Shipment</ccts:ObjectClass>
              <ccts:PropertyTermQualifier>Declared For Carriage</ccts:PropertyTermQualifier>
              <ccts:PropertyTerm>Value</ccts:PropertyTerm>
              <ccts:RepresentationTerm>Amount</ccts:RepresentationTerm>
              <ccts:DataType>Amount. Type</ccts:DataType>
              <ccts:AlternativeBusinessTerms>Declared value for carriage, Interest in delivery</ccts:AlternativeBusinessTerms>
            </ccts:Component>
          </xsd:documentation>
        </xsd:annotation>
      </xsd:element>
      <xsd:element ref="cbc:DeclaredStatisticsValueAmount" minOccurs="0" maxOccurs="1">
        <xsd:annotation>
          <xsd:documentation>
            <ccts:Component>
              <ccts:ComponentType>BBIE</ccts:ComponentType>
              <ccts:DictionaryEntryName>Shipment. Declared Statistics_ Value. Amount</ccts:DictionaryEntryName>
              <ccts:Definition>Value declared for statistical purposes of those goods in a consignment which have the same statistical heading.</ccts:Definition>
              <ccts:Cardinality>0..1</ccts:Cardinality>
              <ccts:ObjectClass>Shipment</ccts:ObjectClass>
              <ccts:PropertyTermQualifier>Declared Statistics</ccts:PropertyTermQualifier>
              <ccts:PropertyTerm>Value</ccts:PropertyTerm>
              <ccts:RepresentationTerm>Amount</ccts:RepresentationTerm>
              <ccts:DataType>Amount. Type</ccts:DataType>
              <ccts:AlternativeBusinessTerms>Statistical Value</ccts:AlternativeBusinessTerms>
            </ccts:Component>
          </xsd:documentation>
        </xsd:annotation>
      </xsd:element>
      <xsd:element ref="cbc:FreeOnBoardValueAmount" minOccurs="0" maxOccurs="1">
        <xsd:annotation>
          <xsd:documentation>
            <ccts:Component>
              <ccts:ComponentType>BBIE</ccts:ComponentType>
              <ccts:DictionaryEntryName>Shipment. Free On Board_ Value. Amount</ccts:DictionaryEntryName>
              <ccts:Definition>Monetary amount that has to be or has been paid as calculated under the applicable trade delivery.</ccts:Definition>
              <ccts:Cardinality>0..1</ccts:Cardinality>
              <ccts:ObjectClass>Shipment</ccts:ObjectClass>
              <ccts:PropertyTermQualifier>Free On Board</ccts:PropertyTermQualifier>
              <ccts:PropertyTerm>Value</ccts:PropertyTerm>
              <ccts:RepresentationTerm>Amount</ccts:RepresentationTerm>
              <ccts:DataType>Amount. Type</ccts:DataType>
              <ccts:AlternativeBusinessTerms>FOB Value</ccts:AlternativeBusinessTerms>
            </ccts:Component>
          </xsd:documentation>
        </xsd:annotation>
      </xsd:element>
      <xsd:element ref="cbc:SpecialInstructions" minOccurs="0" maxOccurs="unbounded">
        <xsd:annotation>
          <xsd:documentation>
            <ccts:Component>
              <ccts:ComponentType>BBIE</ccts:ComponentType>
              <ccts:DictionaryEntryName>Shipment. Special_ Instructions. Text</ccts:DictionaryEntryName>
              <ccts:Definition>Special instructions relating to a shipment.</ccts:Definition>
              <ccts:Cardinality>0..n</ccts:Cardinality>
              <ccts:ObjectClass>Shipment</ccts:ObjectClass>
              <ccts:PropertyTermQualifier>Special</ccts:PropertyTermQualifier>
              <ccts:PropertyTerm>Instructions</ccts:PropertyTerm>
              <ccts:RepresentationTerm>Text</ccts:RepresentationTerm>
              <ccts:DataType>Text. Type</ccts:DataType>
            </ccts:Component>
          </xsd:documentation>
        </xsd:annotation>
      </xsd:element>
      <xsd:element ref="cbc:DeliveryInstructions" minOccurs="0" maxOccurs="unbounded">
        <xsd:annotation>
          <xsd:documentation>
            <ccts:Component>
              <ccts:ComponentType>BBIE</ccts:ComponentType>
              <ccts:DictionaryEntryName>Shipment. Delivery_ Instructions. Text</ccts:DictionaryEntryName>
              <ccts:Definition>Delivery instructions relating to a shipment.</ccts:Definition>
              <ccts:Cardinality>0..n</ccts:Cardinality>
              <ccts:ObjectClass>Shipment</ccts:ObjectClass>
              <ccts:PropertyTermQualifier>Delivery</ccts:PropertyTermQualifier>
              <ccts:PropertyTerm>Instructions</ccts:PropertyTerm>
              <ccts:RepresentationTerm>Text</ccts:RepresentationTerm>
              <ccts:DataType>Text. Type</ccts:DataType>
            </ccts:Component>
          </xsd:documentation>
        </xsd:annotation>
      </xsd:element>
      <xsd:element ref="cbc:SplitConsignmentIndicator" minOccurs="0" maxOccurs="1">
        <xsd:annotation>
          <xsd:documentation>
            <ccts:Component>
              <ccts:ComponentType>BBIE</ccts:ComponentType>
              <ccts:DictionaryEntryName>Shipment. Split Consignment_ Indicator. Indicator</ccts:DictionaryEntryName>
              <ccts:Definition>Indicates whether the consignment has been split in transit.</ccts:Definition>
              <ccts:Cardinality>0..1</ccts:Cardinality>
              <ccts:ObjectClass>Shipment</ccts:ObjectClass>
              <ccts:PropertyTermQualifier>Split Consignment</ccts:PropertyTermQualifier>
              <ccts:PropertyTerm>Indicator</ccts:PropertyTerm>
              <ccts:RepresentationTerm>Indicator</ccts:RepresentationTerm>
              <ccts:DataType>Indicator. Type</ccts:DataType>
            </ccts:Component>
          </xsd:documentation>
        </xsd:annotation>
      </xsd:element>
      <xsd:element ref="Consignment" minOccurs="1" maxOccurs="1">
        <xsd:annotation>
          <xsd:documentation>
            <ccts:Component>
              <ccts:ComponentType>ASBIE</ccts:ComponentType>
              <ccts:DictionaryEntryName>Shipment. Consignment</ccts:DictionaryEntryName>
              <ccts:Definition>An association to Consignment covering the shipment.</ccts:Definition>
              <ccts:Cardinality>1</ccts:Cardinality>
              <ccts:ObjectClass>Shipment</ccts:ObjectClass>
              <ccts:PropertyTerm>Consignment</ccts:PropertyTerm>
              <ccts:AssociatedObjectClass>Consignment</ccts:AssociatedObjectClass>
            </ccts:Component>
          </xsd:documentation>
        </xsd:annotation>
      </xsd:element>
      <xsd:element ref="GoodsItem" minOccurs="0" maxOccurs="unbounded">
        <xsd:annotation>
          <xsd:documentation>
            <ccts:Component>
              <ccts:ComponentType>ASBIE</ccts:ComponentType>
              <ccts:DictionaryEntryName>Shipment. Goods Item</ccts:DictionaryEntryName>
              <ccts:Definition>An association to Goods Item (for Bulk Goods).</ccts:Definition>
              <ccts:Cardinality>0..n</ccts:Cardinality>
              <ccts:ObjectClass>Shipment</ccts:ObjectClass>
              <ccts:PropertyTerm>Goods Item</ccts:PropertyTerm>
              <ccts:AssociatedObjectClass>Goods Item</ccts:AssociatedObjectClass>
            </ccts:Component>
          </xsd:documentation>
        </xsd:annotation>
      </xsd:element>
      <xsd:element ref="ShipmentStage" minOccurs="0" maxOccurs="unbounded">
        <xsd:annotation>
          <xsd:documentation>
            <ccts:Component>
              <ccts:ComponentType>ASBIE</ccts:ComponentType>
              <ccts:DictionaryEntryName>Shipment. Shipment Stage</ccts:DictionaryEntryName>
              <ccts:Definition>An association to Shipment Stage.</ccts:Definition>
              <ccts:Cardinality>0..n</ccts:Cardinality>
              <ccts:ObjectClass>Shipment</ccts:ObjectClass>
              <ccts:PropertyTerm>Shipment Stage</ccts:PropertyTerm>
              <ccts:AssociatedObjectClass>Shipment Stage</ccts:AssociatedObjectClass>
            </ccts:Component>
          </xsd:documentation>
        </xsd:annotation>
      </xsd:element>
      <xsd:element ref="Delivery" minOccurs="0" maxOccurs="1">
        <xsd:annotation>
          <xsd:documentation>
            <ccts:Component>
              <ccts:ComponentType>ASBIE</ccts:ComponentType>
              <ccts:DictionaryEntryName>Shipment. Delivery</ccts:DictionaryEntryName>
              <ccts:Definition>An association to Delivery.</ccts:Definition>
              <ccts:Cardinality>0..1</ccts:Cardinality>
              <ccts:ObjectClass>Shipment</ccts:ObjectClass>
              <ccts:PropertyTerm>Delivery</ccts:PropertyTerm>
              <ccts:AssociatedObjectClass>Delivery</ccts:AssociatedObjectClass>
            </ccts:Component>
          </xsd:documentation>
        </xsd:annotation>
      </xsd:element>
      <xsd:element ref="TransportHandlingUnit" minOccurs="0" maxOccurs="unbounded">
        <xsd:annotation>
          <xsd:documentation>
            <ccts:Component>
              <ccts:ComponentType>ASBIE</ccts:ComponentType>
              <ccts:DictionaryEntryName>Shipment. Transport Handling Unit</ccts:DictionaryEntryName>
              <ccts:Definition>An association to Transport Handling Unit used for loose and containerized goods.</ccts:Definition>
              <ccts:Cardinality>0..n</ccts:Cardinality>
              <ccts:ObjectClass>Shipment</ccts:ObjectClass>
              <ccts:PropertyTerm>Transport Handling Unit</ccts:PropertyTerm>
              <ccts:AssociatedObjectClass>Transport Handling Unit</ccts:AssociatedObjectClass>
            </ccts:Component>
          </xsd:documentation>
        </xsd:annotation>
      </xsd:element>
      <xsd:element ref="OriginAddress" minOccurs="0" maxOccurs="1">
        <xsd:annotation>
          <xsd:documentation>
            <ccts:Component>
              <ccts:ComponentType>ASBIE</ccts:ComponentType>
              <ccts:DictionaryEntryName>Shipment. Origin_ Address. Address</ccts:DictionaryEntryName>
              <ccts:Definition>An association to the region in which the goods have been produced or manufactured, according to criteria laid down for the purposes of application of the Customs tariff, or quantitative restrictions, or of any other measure related to trade.</ccts:Definition>
              <ccts:Cardinality>0..1</ccts:Cardinality>
              <ccts:ObjectClass>Shipment</ccts:ObjectClass>
              <ccts:PropertyTermQualifier>Origin</ccts:PropertyTermQualifier>
              <ccts:PropertyTerm>Address</ccts:PropertyTerm>
              <ccts:AssociatedObjectClass>Address</ccts:AssociatedObjectClass>
            </ccts:Component>
          </xsd:documentation>
        </xsd:annotation>
      </xsd:element>
      <xsd:element ref="FirstArrivalPortLocation" minOccurs="0" maxOccurs="1">
        <xsd:annotation>
          <xsd:documentation>
            <ccts:Component>
              <ccts:ComponentType>ASBIE</ccts:ComponentType>
              <ccts:DictionaryEntryName>Shipment. First Arrival Port_ Location. Location</ccts:DictionaryEntryName>
              <ccts:Definition>Identifies the first arrival location. This would be a port for sea, airport for air, and border post for land crossing.</ccts:Definition>
              <ccts:Cardinality>0..1</ccts:Cardinality>
              <ccts:ObjectClass>Shipment</ccts:ObjectClass>
              <ccts:PropertyTermQualifier>First Arrival Port</ccts:PropertyTermQualifier>
              <ccts:PropertyTerm>Location</ccts:PropertyTerm>
              <ccts:AssociatedObjectClass>Location</ccts:AssociatedObjectClass>
            </ccts:Component>
          </xsd:documentation>
        </xsd:annotation>
      </xsd:element>
      <xsd:element ref="LastExitPortLocation" minOccurs="0" maxOccurs="1">
        <xsd:annotation>
          <xsd:documentation>
            <ccts:Component>
              <ccts:ComponentType>ASBIE</ccts:ComponentType>
              <ccts:DictionaryEntryName>Shipment. Last Exit Port_ Location. Location</ccts:DictionaryEntryName>
              <ccts:Definition>Identifies the final exporting location. This would be a port for sea, airport for air, and border post for land crossing.</ccts:Definition>
              <ccts:Cardinality>0..1</ccts:Cardinality>
              <ccts:ObjectClass>Shipment</ccts:ObjectClass>
              <ccts:PropertyTermQualifier>Last Exit Port</ccts:PropertyTermQualifier>
              <ccts:PropertyTerm>Location</ccts:PropertyTerm>
              <ccts:AssociatedObjectClass>Location</ccts:AssociatedObjectClass>
            </ccts:Component>
          </xsd:documentation>
        </xsd:annotation>
      </xsd:element>
      <xsd:element ref="ExportCountry" minOccurs="0" maxOccurs="1">
        <xsd:annotation>
          <xsd:documentation>
            <ccts:Component>
              <ccts:ComponentType>ASBIE</ccts:ComponentType>
              <ccts:DictionaryEntryName>Shipment. Export_ Country. Country</ccts:DictionaryEntryName>
              <ccts:Definition>Identifies the country from which the goods are originally exported without any commercial transaction taking place in intermediate countries.</ccts:Definition>
              <ccts:Cardinality>0..1</ccts:Cardinality>
              <ccts:ObjectClass>Shipment</ccts:ObjectClass>
              <ccts:PropertyTermQualifier>Export</ccts:PropertyTermQualifier>
              <ccts:PropertyTerm>Country</ccts:PropertyTerm>
              <ccts:AssociatedObjectClass>Country</ccts:AssociatedObjectClass>
            </ccts:Component>
          </xsd:documentation>
        </xsd:annotation>
      </xsd:element>
      <xsd:element ref="FreightAllowanceCharge" minOccurs="0" maxOccurs="unbounded">
        <xsd:annotation>
          <xsd:documentation>
            <ccts:Component>
              <ccts:ComponentType>ASBIE</ccts:ComponentType>
              <ccts:DictionaryEntryName>Shipment. Freight_ Allowance Charge. Allowance Charge</ccts:DictionaryEntryName>
              <ccts:Definition>Costs incurred by the shipper in moving goods, by whatever means, from one place to another under the terms of the contract of carriage. In addition to transport costs, this may include such elements as packing, documentation, loading, unloading, and insurance (to the extent that they relate to the freight costs).</ccts:Definition>
              <ccts:Cardinality>0..n</ccts:Cardinality>
              <ccts:ObjectClass>Shipment</ccts:ObjectClass>
              <ccts:PropertyTermQualifier>Freight</ccts:PropertyTermQualifier>
              <ccts:PropertyTerm>Allowance Charge</ccts:PropertyTerm>
              <ccts:AssociatedObjectClass>Allowance Charge</ccts:AssociatedObjectClass>
            </ccts:Component>
          </xsd:documentation>
        </xsd:annotation>
      </xsd:element>
    </xsd:sequence>
  </xsd:complexType>
  <xsd:complexType name="ShipmentStageType">
    <xsd:annotation>
      <xsd:documentation>
        <ccts:Component>
          <ccts:ComponentType>ABIE</ccts:ComponentType>
          <ccts:DictionaryEntryName>Shipment Stage. Details</ccts:DictionaryEntryName>
          <ccts:Definition>Information about a shipment stage.</ccts:Definition>
          <ccts:ObjectClass>Shipment Stage</ccts:ObjectClass>
        </ccts:Component>
      </xsd:documentation>
    </xsd:annotation>
    <xsd:sequence>
      <xsd:element ref="cbc:ID" minOccurs="0" maxOccurs="1">
        <xsd:annotation>
          <xsd:documentation>
            <ccts:Component>
              <ccts:ComponentType>BBIE</ccts:ComponentType>
              <ccts:DictionaryEntryName>Shipment Stage. Identifier</ccts:DictionaryEntryName>
              <ccts:Definition>Identifies a shipment stage.</ccts:Definition>
              <ccts:Cardinality>0..1</ccts:Cardinality>
              <ccts:ObjectClass>Shipment Stage</ccts:ObjectClass>
              <ccts:PropertyTerm>Identifier</ccts:PropertyTerm>
              <ccts:RepresentationTerm>Identifier</ccts:RepresentationTerm>
              <ccts:DataType>Identifier. Type</ccts:DataType>
              <ccts:Examples>"1","2", etc..</ccts:Examples>
            </ccts:Component>
          </xsd:documentation>
        </xsd:annotation>
      </xsd:element>
      <xsd:element ref="cbc:TransportModeCode" minOccurs="0" maxOccurs="1">
        <xsd:annotation>
          <xsd:documentation>
            <ccts:Component>
              <ccts:ComponentType>BBIE</ccts:ComponentType>
              <ccts:DictionaryEntryName>Shipment Stage. Transport Mode Code. Code</ccts:DictionaryEntryName>
              <ccts:Definition>The method of transport used for a shipment stage.</ccts:Definition>
              <ccts:Cardinality>0..1</ccts:Cardinality>
              <ccts:ObjectClass>Shipment Stage</ccts:ObjectClass>
              <ccts:PropertyTerm>Transport Mode Code</ccts:PropertyTerm>
              <ccts:RepresentationTerm>Code</ccts:RepresentationTerm>
              <ccts:DataType>Transport Mode_ Code. Type</ccts:DataType>
            </ccts:Component>
          </xsd:documentation>
        </xsd:annotation>
      </xsd:element>
      <xsd:element ref="cbc:TransportMeansTypeCode" minOccurs="0" maxOccurs="1">
        <xsd:annotation>
          <xsd:documentation>
            <ccts:Component>
              <ccts:ComponentType>BBIE</ccts:ComponentType>
              <ccts:DictionaryEntryName>Shipment Stage. Transport Means Type Code. Code</ccts:DictionaryEntryName>
              <ccts:Definition>The type of vehicle used for a shipment stage.</ccts:Definition>
              <ccts:Cardinality>0..1</ccts:Cardinality>
              <ccts:ObjectClass>Shipment Stage</ccts:ObjectClass>
              <ccts:PropertyTerm>Transport Means Type Code</ccts:PropertyTerm>
              <ccts:RepresentationTerm>Code</ccts:RepresentationTerm>
              <ccts:DataType>Code. Type</ccts:DataType>
            </ccts:Component>
          </xsd:documentation>
        </xsd:annotation>
      </xsd:element>
      <xsd:element ref="cbc:TransitDirectionCode" minOccurs="0" maxOccurs="1">
        <xsd:annotation>
          <xsd:documentation>
            <ccts:Component>
              <ccts:ComponentType>BBIE</ccts:ComponentType>
              <ccts:DictionaryEntryName>Shipment Stage. Transit_ Direction Code. Code</ccts:DictionaryEntryName>
              <ccts:Definition>The direction of transit for a shipment stage.</ccts:Definition>
              <ccts:Cardinality>0..1</ccts:Cardinality>
              <ccts:ObjectClass>Shipment Stage</ccts:ObjectClass>
              <ccts:PropertyTermQualifier>Transit</ccts:PropertyTermQualifier>
              <ccts:PropertyTerm>Direction Code</ccts:PropertyTerm>
              <ccts:RepresentationTerm>Code</ccts:RepresentationTerm>
              <ccts:DataType>Code. Type</ccts:DataType>
            </ccts:Component>
          </xsd:documentation>
        </xsd:annotation>
      </xsd:element>
      <xsd:element ref="cbc:PreCarriageIndicator" minOccurs="1" maxOccurs="1">
        <xsd:annotation>
          <xsd:documentation>
            <ccts:Component>
              <ccts:ComponentType>BBIE</ccts:ComponentType>
              <ccts:DictionaryEntryName>Shipment Stage. Pre Carriage_ Indicator. Indicator</ccts:DictionaryEntryName>
              <ccts:Definition>Indicates whether the stage is before the main carriage of the shipment.</ccts:Definition>
              <ccts:Cardinality>1</ccts:Cardinality>
              <ccts:ObjectClass>Shipment Stage</ccts:ObjectClass>
              <ccts:PropertyTermQualifier>Pre Carriage</ccts:PropertyTermQualifier>
              <ccts:PropertyTerm>Indicator</ccts:PropertyTerm>
              <ccts:RepresentationTerm>Indicator</ccts:RepresentationTerm>
              <ccts:DataType>Indicator. Type</ccts:DataType>
              <ccts:Examples>Truck delivery to wharf</ccts:Examples>
            </ccts:Component>
          </xsd:documentation>
        </xsd:annotation>
      </xsd:element>
      <xsd:element ref="cbc:OnCarriageIndicator" minOccurs="1" maxOccurs="1">
        <xsd:annotation>
          <xsd:documentation>
            <ccts:Component>
              <ccts:ComponentType>BBIE</ccts:ComponentType>
              <ccts:DictionaryEntryName>Shipment Stage. On Carriage_ Indicator. Indicator</ccts:DictionaryEntryName>
              <ccts:Definition>Indicates whether the stage is after the main carriage of the shipment.</ccts:Definition>
              <ccts:Cardinality>1</ccts:Cardinality>
              <ccts:ObjectClass>Shipment Stage</ccts:ObjectClass>
              <ccts:PropertyTermQualifier>On Carriage</ccts:PropertyTermQualifier>
              <ccts:PropertyTerm>Indicator</ccts:PropertyTerm>
              <ccts:RepresentationTerm>Indicator</ccts:RepresentationTerm>
              <ccts:DataType>Indicator. Type</ccts:DataType>
              <ccts:Examples>Truck delivery from wharf</ccts:Examples>
            </ccts:Component>
          </xsd:documentation>
        </xsd:annotation>
      </xsd:element>
      <xsd:element ref="TransitPeriod" minOccurs="0" maxOccurs="1">
        <xsd:annotation>
          <xsd:documentation>
            <ccts:Component>
              <ccts:ComponentType>ASBIE</ccts:ComponentType>
              <ccts:DictionaryEntryName>Shipment Stage. Transit_ Period. Period</ccts:DictionaryEntryName>
              <ccts:Definition>An association to Transit Period.</ccts:Definition>
              <ccts:Cardinality>0..1</ccts:Cardinality>
              <ccts:ObjectClass>Shipment Stage</ccts:ObjectClass>
              <ccts:PropertyTermQualifier>Transit</ccts:PropertyTermQualifier>
              <ccts:PropertyTerm>Period</ccts:PropertyTerm>
              <ccts:AssociatedObjectClass>Period</ccts:AssociatedObjectClass>
            </ccts:Component>
          </xsd:documentation>
        </xsd:annotation>
      </xsd:element>
      <xsd:element ref="CarrierParty" minOccurs="0" maxOccurs="unbounded">
        <xsd:annotation>
          <xsd:documentation>
            <ccts:Component>
              <ccts:ComponentType>ASBIE</ccts:ComponentType>
              <ccts:DictionaryEntryName>Shipment Stage. Carrier_ Party. Party</ccts:DictionaryEntryName>
              <ccts:Definition>An association to Carrier.</ccts:Definition>
              <ccts:Cardinality>0..n</ccts:Cardinality>
              <ccts:ObjectClass>Shipment Stage</ccts:ObjectClass>
              <ccts:PropertyTermQualifier>Carrier</ccts:PropertyTermQualifier>
              <ccts:PropertyTerm>Party</ccts:PropertyTerm>
              <ccts:AssociatedObjectClass>Party</ccts:AssociatedObjectClass>
            </ccts:Component>
          </xsd:documentation>
        </xsd:annotation>
      </xsd:element>
      <xsd:element ref="TransportMeans" minOccurs="0" maxOccurs="1">
        <xsd:annotation>
          <xsd:documentation>
            <ccts:Component>
              <ccts:ComponentType>ASBIE</ccts:ComponentType>
              <ccts:DictionaryEntryName>Shipment Stage. Transport Means</ccts:DictionaryEntryName>
              <ccts:Definition>An association to the means of transport.</ccts:Definition>
              <ccts:Cardinality>0..1</ccts:Cardinality>
              <ccts:ObjectClass>Shipment Stage</ccts:ObjectClass>
              <ccts:PropertyTerm>Transport Means</ccts:PropertyTerm>
              <ccts:AssociatedObjectClass>Transport Means</ccts:AssociatedObjectClass>
            </ccts:Component>
          </xsd:documentation>
        </xsd:annotation>
      </xsd:element>
      <xsd:element ref="LoadingPortLocation" minOccurs="0" maxOccurs="1">
        <xsd:annotation>
          <xsd:documentation>
            <ccts:Component>
              <ccts:ComponentType>ASBIE</ccts:ComponentType>
              <ccts:DictionaryEntryName>Shipment Stage. Loading Port_ Location. Location</ccts:DictionaryEntryName>
              <ccts:Definition>An association to the port location of loading.</ccts:Definition>
              <ccts:Cardinality>0..1</ccts:Cardinality>
              <ccts:ObjectClass>Shipment Stage</ccts:ObjectClass>
              <ccts:PropertyTermQualifier>Loading Port</ccts:PropertyTermQualifier>
              <ccts:PropertyTerm>Location</ccts:PropertyTerm>
              <ccts:AssociatedObjectClass>Location</ccts:AssociatedObjectClass>
            </ccts:Component>
          </xsd:documentation>
        </xsd:annotation>
      </xsd:element>
      <xsd:element ref="UnloadingPortLocation" minOccurs="0" maxOccurs="1">
        <xsd:annotation>
          <xsd:documentation>
            <ccts:Component>
              <ccts:ComponentType>ASBIE</ccts:ComponentType>
              <ccts:DictionaryEntryName>Shipment Stage. Unloading Port_ Location. Location</ccts:DictionaryEntryName>
              <ccts:Definition>An association to the port location of unloading.</ccts:Definition>
              <ccts:Cardinality>0..1</ccts:Cardinality>
              <ccts:ObjectClass>Shipment Stage</ccts:ObjectClass>
              <ccts:PropertyTermQualifier>Unloading Port</ccts:PropertyTermQualifier>
              <ccts:PropertyTerm>Location</ccts:PropertyTerm>
              <ccts:AssociatedObjectClass>Location</ccts:AssociatedObjectClass>
            </ccts:Component>
          </xsd:documentation>
        </xsd:annotation>
      </xsd:element>
      <xsd:element ref="TransshipPortLocation" minOccurs="0" maxOccurs="1">
        <xsd:annotation>
          <xsd:documentation>
            <ccts:Component>
              <ccts:ComponentType>ASBIE</ccts:ComponentType>
              <ccts:DictionaryEntryName>Shipment Stage. Transship Port_ Location. Location</ccts:DictionaryEntryName>
              <ccts:Definition>An association to the port location of transshipment.</ccts:Definition>
              <ccts:Cardinality>0..1</ccts:Cardinality>
              <ccts:ObjectClass>Shipment Stage</ccts:ObjectClass>
              <ccts:PropertyTermQualifier>Transship Port</ccts:PropertyTermQualifier>
              <ccts:PropertyTerm>Location</ccts:PropertyTerm>
              <ccts:AssociatedObjectClass>Location</ccts:AssociatedObjectClass>
            </ccts:Component>
          </xsd:documentation>
        </xsd:annotation>
      </xsd:element>
    </xsd:sequence>
  </xsd:complexType>
  <xsd:complexType name="SignatureType">
    <xsd:annotation>
      <xsd:documentation>
        <ccts:Component>
          <ccts:ComponentType>ABIE</ccts:ComponentType>
          <ccts:DictionaryEntryName>Signature. Details</ccts:DictionaryEntryName>
          <ccts:Definition>Information about signature. A placeholder for signature.</ccts:Definition>
          <ccts:ObjectClass>Signature</ccts:ObjectClass>
        </ccts:Component>
      </xsd:documentation>
    </xsd:annotation>
    <xsd:sequence>
      <xsd:element ref="cbc:ID" minOccurs="1" maxOccurs="1">
        <xsd:annotation>
          <xsd:documentation>
            <ccts:Component>
              <ccts:ComponentType>BBIE</ccts:ComponentType>
              <ccts:DictionaryEntryName>Signature. Identifier</ccts:DictionaryEntryName>
              <ccts:Definition>An identifier for the Signature.</ccts:Definition>
              <ccts:Cardinality>1</ccts:Cardinality>
              <ccts:ObjectClass>Signature</ccts:ObjectClass>
              <ccts:PropertyTerm>Identifier</ccts:PropertyTerm>
              <ccts:RepresentationTerm>Identifier</ccts:RepresentationTerm>
              <ccts:DataType>Identifier. Type</ccts:DataType>
            </ccts:Component>
          </xsd:documentation>
        </xsd:annotation>
      </xsd:element>
      <xsd:element ref="cbc:Note" minOccurs="0" maxOccurs="1">
        <xsd:annotation>
          <xsd:documentation>
            <ccts:Component>
              <ccts:ComponentType>BBIE</ccts:ComponentType>
              <ccts:DictionaryEntryName>Signature. Note. Text</ccts:DictionaryEntryName>
              <ccts:Definition>Free form text about the signature or the circumstances where the signature has been used.</ccts:Definition>
              <ccts:Cardinality>0..1</ccts:Cardinality>
              <ccts:ObjectClass>Signature</ccts:ObjectClass>
              <ccts:PropertyTerm>Note</ccts:PropertyTerm>
              <ccts:RepresentationTerm>Text</ccts:RepresentationTerm>
              <ccts:DataType>Text. Type</ccts:DataType>
            </ccts:Component>
          </xsd:documentation>
        </xsd:annotation>
      </xsd:element>
      <xsd:element ref="cbc:ValidationDate" minOccurs="0" maxOccurs="1">
        <xsd:annotation>
          <xsd:documentation>
            <ccts:Component>
              <ccts:ComponentType>BBIE</ccts:ComponentType>
              <ccts:DictionaryEntryName>Signature. Validation Date. Date</ccts:DictionaryEntryName>
              <ccts:Definition>Specifies the date when the signature was approved.</ccts:Definition>
              <ccts:Cardinality>0..1</ccts:Cardinality>
              <ccts:ObjectClass>Signature</ccts:ObjectClass>
              <ccts:PropertyTerm>Validation Date</ccts:PropertyTerm>
              <ccts:RepresentationTerm>Date</ccts:RepresentationTerm>
              <ccts:DataType>Date. Type</ccts:DataType>
            </ccts:Component>
          </xsd:documentation>
        </xsd:annotation>
      </xsd:element>
      <xsd:element ref="cbc:ValidationTime" minOccurs="0" maxOccurs="1">
        <xsd:annotation>
          <xsd:documentation>
            <ccts:Component>
              <ccts:ComponentType>BBIE</ccts:ComponentType>
              <ccts:DictionaryEntryName>Signature. Validation Time. Time</ccts:DictionaryEntryName>
              <ccts:Definition>Specifies the time when the signature was approved.</ccts:Definition>
              <ccts:Cardinality>0..1</ccts:Cardinality>
              <ccts:ObjectClass>Signature</ccts:ObjectClass>
              <ccts:PropertyTerm>Validation Time</ccts:PropertyTerm>
              <ccts:RepresentationTerm>Time</ccts:RepresentationTerm>
              <ccts:DataType>Time. Type</ccts:DataType>
            </ccts:Component>
          </xsd:documentation>
        </xsd:annotation>
      </xsd:element>
      <xsd:element ref="cbc:ValidatorID" minOccurs="0" maxOccurs="1">
        <xsd:annotation>
          <xsd:documentation>
            <ccts:Component>
              <ccts:ComponentType>BBIE</ccts:ComponentType>
              <ccts:DictionaryEntryName>Signature. Validator Identifier. Identifier</ccts:DictionaryEntryName>
              <ccts:Definition>Identifies the organization, person, service or server that has validated the signature.</ccts:Definition>
              <ccts:Cardinality>0..1</ccts:Cardinality>
              <ccts:ObjectClass>Signature</ccts:ObjectClass>
              <ccts:PropertyTerm>Validator Identifier</ccts:PropertyTerm>
              <ccts:RepresentationTerm>Identifier</ccts:RepresentationTerm>
              <ccts:DataType>Identifier. Type</ccts:DataType>
            </ccts:Component>
          </xsd:documentation>
        </xsd:annotation>
      </xsd:element>
      <xsd:element ref="cbc:CanonicalizationMethod" minOccurs="0" maxOccurs="1">
        <xsd:annotation>
          <xsd:documentation>
            <ccts:Component>
              <ccts:ComponentType>BBIE</ccts:ComponentType>
              <ccts:DictionaryEntryName>Signature. Canonicalization Method. Text</ccts:DictionaryEntryName>
              <ccts:Definition>The mathematical logic method used by the Signature.</ccts:Definition>
              <ccts:Cardinality>0..1</ccts:Cardinality>
              <ccts:ObjectClass>Signature</ccts:ObjectClass>
              <ccts:PropertyTerm>Canonicalization Method</ccts:PropertyTerm>
              <ccts:RepresentationTerm>Text</ccts:RepresentationTerm>
              <ccts:DataType>Text. Type</ccts:DataType>
            </ccts:Component>
          </xsd:documentation>
        </xsd:annotation>
      </xsd:element>
      <xsd:element ref="cbc:SignatureMethod" minOccurs="0" maxOccurs="1">
        <xsd:annotation>
          <xsd:documentation>
            <ccts:Component>
              <ccts:ComponentType>BBIE</ccts:ComponentType>
              <ccts:DictionaryEntryName>Signature. Signature Method. Text</ccts:DictionaryEntryName>
              <ccts:Definition>The method of signature.</ccts:Definition>
              <ccts:Cardinality>0..1</ccts:Cardinality>
              <ccts:ObjectClass>Signature</ccts:ObjectClass>
              <ccts:PropertyTerm>Signature Method</ccts:PropertyTerm>
              <ccts:RepresentationTerm>Text</ccts:RepresentationTerm>
              <ccts:DataType>Text. Type</ccts:DataType>
            </ccts:Component>
          </xsd:documentation>
        </xsd:annotation>
      </xsd:element>
      <xsd:element ref="SignatoryParty" minOccurs="1" maxOccurs="1">
        <xsd:annotation>
          <xsd:documentation>
            <ccts:Component>
              <ccts:ComponentType>ASBIE</ccts:ComponentType>
              <ccts:DictionaryEntryName>Signature. Signatory_ Party. Party</ccts:DictionaryEntryName>
              <ccts:Definition>An association to the signing Party.</ccts:Definition>
              <ccts:Cardinality>1</ccts:Cardinality>
              <ccts:ObjectClass>Signature</ccts:ObjectClass>
              <ccts:PropertyTermQualifier>Signatory</ccts:PropertyTermQualifier>
              <ccts:PropertyTerm>Party</ccts:PropertyTerm>
              <ccts:AssociatedObjectClass>Party</ccts:AssociatedObjectClass>
            </ccts:Component>
          </xsd:documentation>
        </xsd:annotation>
      </xsd:element>
      <xsd:element ref="DigitalSignatureAttachment" minOccurs="0" maxOccurs="1">
        <xsd:annotation>
          <xsd:documentation>
            <ccts:Component>
              <ccts:ComponentType>ASBIE</ccts:ComponentType>
              <ccts:DictionaryEntryName>Signature. Digital Signature_ Attachment. Attachment</ccts:DictionaryEntryName>
              <ccts:Definition>Refers to the actual encoded signature (e.g., in XMLDSIG format).</ccts:Definition>
              <ccts:Cardinality>0..1</ccts:Cardinality>
              <ccts:ObjectClass>Signature</ccts:ObjectClass>
              <ccts:PropertyTermQualifier>Digital Signature</ccts:PropertyTermQualifier>
              <ccts:PropertyTerm>Attachment</ccts:PropertyTerm>
              <ccts:AssociatedObjectClass>Attachment</ccts:AssociatedObjectClass>
            </ccts:Component>
          </xsd:documentation>
        </xsd:annotation>
      </xsd:element>
      <xsd:element ref="OriginalDocumentReference" minOccurs="0" maxOccurs="1">
        <xsd:annotation>
          <xsd:documentation>
            <ccts:Component>
              <ccts:ComponentType>ASBIE</ccts:ComponentType>
              <ccts:DictionaryEntryName>Signature. Original_ Document Reference. Document Reference</ccts:DictionaryEntryName>
              <ccts:Definition>A reference to the actual document that the signature applies to. For evidentiary purposes, this may be the document image that the signatory party saw when applying their signature.</ccts:Definition>
              <ccts:Cardinality>0..1</ccts:Cardinality>
              <ccts:ObjectClass>Signature</ccts:ObjectClass>
              <ccts:PropertyTermQualifier>Original</ccts:PropertyTermQualifier>
              <ccts:PropertyTerm>Document Reference</ccts:PropertyTerm>
              <ccts:AssociatedObjectClass>Document Reference</ccts:AssociatedObjectClass>
            </ccts:Component>
          </xsd:documentation>
        </xsd:annotation>
      </xsd:element>
    </xsd:sequence>
  </xsd:complexType>
  <xsd:complexType name="StatementLineType">
    <xsd:annotation>
      <xsd:documentation>
        <ccts:Component>
          <ccts:ComponentType>ABIE</ccts:ComponentType>
          <ccts:DictionaryEntryName>Statement Line. Details</ccts:DictionaryEntryName>
          <ccts:Definition>Information about a Line on a Statement of Account.</ccts:Definition>
          <ccts:ObjectClass>Statement Line</ccts:ObjectClass>
        </ccts:Component>
      </xsd:documentation>
    </xsd:annotation>
    <xsd:sequence>
      <xsd:element ref="cbc:ID" minOccurs="1" maxOccurs="1">
        <xsd:annotation>
          <xsd:documentation>
            <ccts:Component>
              <ccts:ComponentType>BBIE</ccts:ComponentType>
              <ccts:DictionaryEntryName>Statement Line. Identifier</ccts:DictionaryEntryName>
              <ccts:Definition>Identifies the Statement Line.</ccts:Definition>
              <ccts:Cardinality>1</ccts:Cardinality>
              <ccts:ObjectClass>Statement Line</ccts:ObjectClass>
              <ccts:PropertyTerm>Identifier</ccts:PropertyTerm>
              <ccts:RepresentationTerm>Identifier</ccts:RepresentationTerm>
              <ccts:DataType>Identifier. Type</ccts:DataType>
            </ccts:Component>
          </xsd:documentation>
        </xsd:annotation>
      </xsd:element>
      <xsd:element ref="cbc:Note" minOccurs="0" maxOccurs="1">
        <xsd:annotation>
          <xsd:documentation>
            <ccts:Component>
              <ccts:ComponentType>BBIE</ccts:ComponentType>
              <ccts:DictionaryEntryName>Statement Line. Note. Text</ccts:DictionaryEntryName>
              <ccts:Definition>Free-form text applying to the Statement Line. This element may contain notes or any other similar information that is not contained explicitly in another structure.</ccts:Definition>
              <ccts:Cardinality>0..1</ccts:Cardinality>
              <ccts:ObjectClass>Statement Line</ccts:ObjectClass>
              <ccts:PropertyTerm>Note</ccts:PropertyTerm>
              <ccts:RepresentationTerm>Text</ccts:RepresentationTerm>
              <ccts:DataType>Text. Type</ccts:DataType>
            </ccts:Component>
          </xsd:documentation>
        </xsd:annotation>
      </xsd:element>
      <xsd:element ref="cbc:UUID" minOccurs="0" maxOccurs="1">
        <xsd:annotation>
          <xsd:documentation>
            <ccts:Component>
              <ccts:ComponentType>BBIE</ccts:ComponentType>
              <ccts:DictionaryEntryName>Statement Line. UUID. Identifier</ccts:DictionaryEntryName>
              <ccts:Definition>A universally unique identifier for an instance of this ABIE.</ccts:Definition>
              <ccts:Cardinality>0..1</ccts:Cardinality>
              <ccts:ObjectClass>Statement Line</ccts:ObjectClass>
              <ccts:PropertyTerm>UUID</ccts:PropertyTerm>
              <ccts:RepresentationTerm>Identifier</ccts:RepresentationTerm>
              <ccts:DataType>Identifier. Type</ccts:DataType>
            </ccts:Component>
          </xsd:documentation>
        </xsd:annotation>
      </xsd:element>
      <xsd:element ref="cbc:BalanceBroughtForwardIndicator" minOccurs="0" maxOccurs="1">
        <xsd:annotation>
          <xsd:documentation>
            <ccts:Component>
              <ccts:ComponentType>BBIE</ccts:ComponentType>
              <ccts:DictionaryEntryName>Statement Line. Balance Brought Forward_ Indicator. Indicator</ccts:DictionaryEntryName>
              <ccts:Definition>If true, indicates that the Statement Line contains a balance brought forward.</ccts:Definition>
              <ccts:Cardinality>0..1</ccts:Cardinality>
              <ccts:ObjectClass>Statement Line</ccts:ObjectClass>
              <ccts:PropertyTermQualifier>Balance Brought Forward</ccts:PropertyTermQualifier>
              <ccts:PropertyTerm>Indicator</ccts:PropertyTerm>
              <ccts:RepresentationTerm>Indicator</ccts:RepresentationTerm>
              <ccts:DataType>Indicator. Type</ccts:DataType>
            </ccts:Component>
          </xsd:documentation>
        </xsd:annotation>
      </xsd:element>
      <xsd:element ref="cbc:DebitLineAmount" minOccurs="0" maxOccurs="1">
        <xsd:annotation>
          <xsd:documentation>
            <ccts:Component>
              <ccts:ComponentType>BBIE</ccts:ComponentType>
              <ccts:DictionaryEntryName>Statement Line. Debit_ Line Amount. Amount</ccts:DictionaryEntryName>
              <ccts:Definition>The amount debited on the Statement Line.</ccts:Definition>
              <ccts:Cardinality>0..1</ccts:Cardinality>
              <ccts:ObjectClass>Statement Line</ccts:ObjectClass>
              <ccts:PropertyTermQualifier>Debit</ccts:PropertyTermQualifier>
              <ccts:PropertyTerm>Line Amount</ccts:PropertyTerm>
              <ccts:RepresentationTerm>Amount</ccts:RepresentationTerm>
              <ccts:DataType>Amount. Type</ccts:DataType>
            </ccts:Component>
          </xsd:documentation>
        </xsd:annotation>
      </xsd:element>
      <xsd:element ref="cbc:CreditLineAmount" minOccurs="0" maxOccurs="1">
        <xsd:annotation>
          <xsd:documentation>
            <ccts:Component>
              <ccts:ComponentType>BBIE</ccts:ComponentType>
              <ccts:DictionaryEntryName>Statement Line. Credit_ Line Amount. Amount</ccts:DictionaryEntryName>
              <ccts:Definition>The amount credited on the Statement Line.</ccts:Definition>
              <ccts:Cardinality>0..1</ccts:Cardinality>
              <ccts:ObjectClass>Statement Line</ccts:ObjectClass>
              <ccts:PropertyTermQualifier>Credit</ccts:PropertyTermQualifier>
              <ccts:PropertyTerm>Line Amount</ccts:PropertyTerm>
              <ccts:RepresentationTerm>Amount</ccts:RepresentationTerm>
              <ccts:DataType>Amount. Type</ccts:DataType>
            </ccts:Component>
          </xsd:documentation>
        </xsd:annotation>
      </xsd:element>
      <xsd:element ref="cbc:BalanceAmount" minOccurs="0" maxOccurs="1">
        <xsd:annotation>
          <xsd:documentation>
            <ccts:Component>
              <ccts:ComponentType>BBIE</ccts:ComponentType>
              <ccts:DictionaryEntryName>Statement Line. Balance Amount. Amount</ccts:DictionaryEntryName>
              <ccts:Definition>The balance amount on the Statement Line.</ccts:Definition>
              <ccts:Cardinality>0..1</ccts:Cardinality>
              <ccts:ObjectClass>Statement Line</ccts:ObjectClass>
              <ccts:PropertyTerm>Balance Amount</ccts:PropertyTerm>
              <ccts:RepresentationTerm>Amount</ccts:RepresentationTerm>
              <ccts:DataType>Amount. Type</ccts:DataType>
            </ccts:Component>
          </xsd:documentation>
        </xsd:annotation>
      </xsd:element>
      <xsd:element ref="PaymentMeans" minOccurs="0" maxOccurs="1">
        <xsd:annotation>
          <xsd:documentation>
            <ccts:Component>
              <ccts:ComponentType>ASBIE</ccts:ComponentType>
              <ccts:DictionaryEntryName>Statement Line. Payment Means</ccts:DictionaryEntryName>
              <ccts:Definition>An association to Payment Means.</ccts:Definition>
              <ccts:Cardinality>0..1</ccts:Cardinality>
              <ccts:ObjectClass>Statement Line</ccts:ObjectClass>
              <ccts:PropertyTerm>Payment Means</ccts:PropertyTerm>
              <ccts:AssociatedObjectClass>Payment Means</ccts:AssociatedObjectClass>
            </ccts:Component>
          </xsd:documentation>
        </xsd:annotation>
      </xsd:element>
      <xsd:element ref="PaymentTerms" minOccurs="0" maxOccurs="unbounded">
        <xsd:annotation>
          <xsd:documentation>
            <ccts:Component>
              <ccts:ComponentType>ASBIE</ccts:ComponentType>
              <ccts:DictionaryEntryName>Statement Line. Payment Terms</ccts:DictionaryEntryName>
              <ccts:Definition>An association to Payment Terms.</ccts:Definition>
              <ccts:Cardinality>0..n</ccts:Cardinality>
              <ccts:ObjectClass>Statement Line</ccts:ObjectClass>
              <ccts:PropertyTerm>Payment Terms</ccts:PropertyTerm>
              <ccts:AssociatedObjectClass>Payment Terms</ccts:AssociatedObjectClass>
            </ccts:Component>
          </xsd:documentation>
        </xsd:annotation>
      </xsd:element>
      <xsd:element ref="BuyerCustomerParty" minOccurs="0" maxOccurs="1">
        <xsd:annotation>
          <xsd:documentation>
            <ccts:Component>
              <ccts:ComponentType>ASBIE</ccts:ComponentType>
              <ccts:DictionaryEntryName>Statement Line. Buyer_ Customer Party. Customer Party</ccts:DictionaryEntryName>
              <ccts:Definition>An association to Buyer.</ccts:Definition>
              <ccts:Cardinality>0..1</ccts:Cardinality>
              <ccts:ObjectClass>Statement Line</ccts:ObjectClass>
              <ccts:PropertyTermQualifier>Buyer</ccts:PropertyTermQualifier>
              <ccts:PropertyTerm>Customer Party</ccts:PropertyTerm>
              <ccts:AssociatedObjectClass>Customer Party</ccts:AssociatedObjectClass>
            </ccts:Component>
          </xsd:documentation>
        </xsd:annotation>
      </xsd:element>
      <xsd:element ref="SellerSupplierParty" minOccurs="0" maxOccurs="1">
        <xsd:annotation>
          <xsd:documentation>
            <ccts:Component>
              <ccts:ComponentType>ASBIE</ccts:ComponentType>
              <ccts:DictionaryEntryName>Statement Line. Seller_ Supplier Party. Supplier Party</ccts:DictionaryEntryName>
              <ccts:Definition>An association to Seller.</ccts:Definition>
              <ccts:Cardinality>0..1</ccts:Cardinality>
              <ccts:ObjectClass>Statement Line</ccts:ObjectClass>
              <ccts:PropertyTermQualifier>Seller</ccts:PropertyTermQualifier>
              <ccts:PropertyTerm>Supplier Party</ccts:PropertyTerm>
              <ccts:AssociatedObjectClass>Supplier Party</ccts:AssociatedObjectClass>
            </ccts:Component>
          </xsd:documentation>
        </xsd:annotation>
      </xsd:element>
      <xsd:element ref="OriginatorCustomerParty" minOccurs="0" maxOccurs="1">
        <xsd:annotation>
          <xsd:documentation>
            <ccts:Component>
              <ccts:ComponentType>ASBIE</ccts:ComponentType>
              <ccts:DictionaryEntryName>Statement Line. Originator_ Customer Party. Customer Party</ccts:DictionaryEntryName>
              <ccts:Definition>An association to Originator.</ccts:Definition>
              <ccts:Cardinality>0..1</ccts:Cardinality>
              <ccts:ObjectClass>Statement Line</ccts:ObjectClass>
              <ccts:PropertyTermQualifier>Originator</ccts:PropertyTermQualifier>
              <ccts:PropertyTerm>Customer Party</ccts:PropertyTerm>
              <ccts:AssociatedObjectClass>Customer Party</ccts:AssociatedObjectClass>
            </ccts:Component>
          </xsd:documentation>
        </xsd:annotation>
      </xsd:element>
      <xsd:element ref="AccountingCustomerParty" minOccurs="0" maxOccurs="1">
        <xsd:annotation>
          <xsd:documentation>
            <ccts:Component>
              <ccts:ComponentType>ASBIE</ccts:ComponentType>
              <ccts:DictionaryEntryName>Statement Line. Accounting_ Customer Party. Customer Party</ccts:DictionaryEntryName>
              <ccts:Definition>An association to Accounting Customer Party.</ccts:Definition>
              <ccts:Cardinality>0..1</ccts:Cardinality>
              <ccts:ObjectClass>Statement Line</ccts:ObjectClass>
              <ccts:PropertyTermQualifier>Accounting</ccts:PropertyTermQualifier>
              <ccts:PropertyTerm>Customer Party</ccts:PropertyTerm>
              <ccts:AssociatedObjectClass>Customer Party</ccts:AssociatedObjectClass>
            </ccts:Component>
          </xsd:documentation>
        </xsd:annotation>
      </xsd:element>
      <xsd:element ref="AccountingSupplierParty" minOccurs="0" maxOccurs="1">
        <xsd:annotation>
          <xsd:documentation>
            <ccts:Component>
              <ccts:ComponentType>ASBIE</ccts:ComponentType>
              <ccts:DictionaryEntryName>Statement Line. Accounting_ Supplier Party. Supplier Party</ccts:DictionaryEntryName>
              <ccts:Definition>An association to Accounting Supplier Party.</ccts:Definition>
              <ccts:Cardinality>0..1</ccts:Cardinality>
              <ccts:ObjectClass>Statement Line</ccts:ObjectClass>
              <ccts:PropertyTermQualifier>Accounting</ccts:PropertyTermQualifier>
              <ccts:PropertyTerm>Supplier Party</ccts:PropertyTerm>
              <ccts:AssociatedObjectClass>Supplier Party</ccts:AssociatedObjectClass>
            </ccts:Component>
          </xsd:documentation>
        </xsd:annotation>
      </xsd:element>
      <xsd:element ref="PayeeParty" minOccurs="0" maxOccurs="1">
        <xsd:annotation>
          <xsd:documentation>
            <ccts:Component>
              <ccts:ComponentType>ASBIE</ccts:ComponentType>
              <ccts:DictionaryEntryName>Statement Line. Payee_ Party. Party</ccts:DictionaryEntryName>
              <ccts:Definition>An association to Payee.</ccts:Definition>
              <ccts:Cardinality>0..1</ccts:Cardinality>
              <ccts:ObjectClass>Statement Line</ccts:ObjectClass>
              <ccts:PropertyTermQualifier>Payee</ccts:PropertyTermQualifier>
              <ccts:PropertyTerm>Party</ccts:PropertyTerm>
              <ccts:AssociatedObjectClass>Party</ccts:AssociatedObjectClass>
            </ccts:Component>
          </xsd:documentation>
        </xsd:annotation>
      </xsd:element>
      <xsd:element ref="InvoicePeriod" minOccurs="0" maxOccurs="unbounded">
        <xsd:annotation>
          <xsd:documentation>
            <ccts:Component>
              <ccts:ComponentType>ASBIE</ccts:ComponentType>
              <ccts:DictionaryEntryName>Statement Line. Invoice_ Period. Period</ccts:DictionaryEntryName>
              <ccts:Definition>An association to Invoice Period.</ccts:Definition>
              <ccts:Cardinality>0..n</ccts:Cardinality>
              <ccts:ObjectClass>Statement Line</ccts:ObjectClass>
              <ccts:PropertyTermQualifier>Invoice</ccts:PropertyTermQualifier>
              <ccts:PropertyTerm>Period</ccts:PropertyTerm>
              <ccts:AssociatedObjectClass>Period</ccts:AssociatedObjectClass>
            </ccts:Component>
          </xsd:documentation>
        </xsd:annotation>
      </xsd:element>
      <xsd:element ref="BillingReference" minOccurs="0" maxOccurs="unbounded">
        <xsd:annotation>
          <xsd:documentation>
            <ccts:Component>
              <ccts:ComponentType>ASBIE</ccts:ComponentType>
              <ccts:DictionaryEntryName>Statement Line. Billing Reference</ccts:DictionaryEntryName>
              <ccts:Definition>An association to Billing Reference.</ccts:Definition>
              <ccts:Cardinality>0..n</ccts:Cardinality>
              <ccts:ObjectClass>Statement Line</ccts:ObjectClass>
              <ccts:PropertyTerm>Billing Reference</ccts:PropertyTerm>
              <ccts:AssociatedObjectClass>Billing Reference</ccts:AssociatedObjectClass>
            </ccts:Component>
          </xsd:documentation>
        </xsd:annotation>
      </xsd:element>
      <xsd:element ref="DocumentReference" minOccurs="0" maxOccurs="unbounded">
        <xsd:annotation>
          <xsd:documentation>
            <ccts:Component>
              <ccts:ComponentType>ASBIE</ccts:ComponentType>
              <ccts:DictionaryEntryName>Statement Line. Document Reference</ccts:DictionaryEntryName>
              <ccts:Definition>An association to Document Reference.</ccts:Definition>
              <ccts:Cardinality>0..n</ccts:Cardinality>
              <ccts:ObjectClass>Statement Line</ccts:ObjectClass>
              <ccts:PropertyTerm>Document Reference</ccts:PropertyTerm>
              <ccts:AssociatedObjectClass>Document Reference</ccts:AssociatedObjectClass>
            </ccts:Component>
          </xsd:documentation>
        </xsd:annotation>
      </xsd:element>
      <xsd:element ref="ExchangeRate" minOccurs="0" maxOccurs="1">
        <xsd:annotation>
          <xsd:documentation>
            <ccts:Component>
              <ccts:ComponentType>ASBIE</ccts:ComponentType>
              <ccts:DictionaryEntryName>Statement Line. Exchange Rate</ccts:DictionaryEntryName>
              <ccts:Definition>An association to Exchange Rate (between the Statement Line currency and the Related Document Currency).</ccts:Definition>
              <ccts:Cardinality>0..1</ccts:Cardinality>
              <ccts:ObjectClass>Statement Line</ccts:ObjectClass>
              <ccts:PropertyTerm>Exchange Rate</ccts:PropertyTerm>
              <ccts:AssociatedObjectClass>Exchange Rate</ccts:AssociatedObjectClass>
            </ccts:Component>
          </xsd:documentation>
        </xsd:annotation>
      </xsd:element>
    </xsd:sequence>
  </xsd:complexType>
  <xsd:complexType name="StatusType">
    <xsd:annotation>
      <xsd:documentation>
        <ccts:Component>
          <ccts:ComponentType>ABIE</ccts:ComponentType>
          <ccts:DictionaryEntryName>Status. Details</ccts:DictionaryEntryName>
          <ccts:Definition>The information relevant to a condition or a position of an object.</ccts:Definition>
          <ccts:ObjectClass>Status</ccts:ObjectClass>
        </ccts:Component>
      </xsd:documentation>
    </xsd:annotation>
    <xsd:sequence>
      <xsd:element ref="cbc:ConditionCode" minOccurs="0" maxOccurs="1">
        <xsd:annotation>
          <xsd:documentation>
            <ccts:Component>
              <ccts:ComponentType>BBIE</ccts:ComponentType>
              <ccts:DictionaryEntryName>Status. Condition Code. Code</ccts:DictionaryEntryName>
              <ccts:Definition>A code specifying the status condition of the related object.</ccts:Definition>
              <ccts:Cardinality>0..1</ccts:Cardinality>
              <ccts:ObjectClass>Status</ccts:ObjectClass>
              <ccts:PropertyTerm>Condition Code</ccts:PropertyTerm>
              <ccts:RepresentationTerm>Code</ccts:RepresentationTerm>
              <ccts:DataType>Transportation Status_ Code. Type</ccts:DataType>
              <ccts:Examples>UN/ECE Rec 24</ccts:Examples>
            </ccts:Component>
          </xsd:documentation>
        </xsd:annotation>
      </xsd:element>
      <xsd:element ref="cbc:ReferenceDate" minOccurs="0" maxOccurs="1">
        <xsd:annotation>
          <xsd:documentation>
            <ccts:Component>
              <ccts:ComponentType>BBIE</ccts:ComponentType>
              <ccts:DictionaryEntryName>Status. Reference_ Date. Date</ccts:DictionaryEntryName>
              <ccts:Definition>A reference date value for this status.</ccts:Definition>
              <ccts:Cardinality>0..1</ccts:Cardinality>
              <ccts:ObjectClass>Status</ccts:ObjectClass>
              <ccts:PropertyTermQualifier>Reference</ccts:PropertyTermQualifier>
              <ccts:PropertyTerm>Date</ccts:PropertyTerm>
              <ccts:RepresentationTerm>Date</ccts:RepresentationTerm>
              <ccts:DataType>Date. Type</ccts:DataType>
            </ccts:Component>
          </xsd:documentation>
        </xsd:annotation>
      </xsd:element>
      <xsd:element ref="cbc:ReferenceTime" minOccurs="0" maxOccurs="1">
        <xsd:annotation>
          <xsd:documentation>
            <ccts:Component>
              <ccts:ComponentType>BBIE</ccts:ComponentType>
              <ccts:DictionaryEntryName>Status. Reference_ Time. Time</ccts:DictionaryEntryName>
              <ccts:Definition>A reference time value for this status.</ccts:Definition>
              <ccts:Cardinality>0..1</ccts:Cardinality>
              <ccts:ObjectClass>Status</ccts:ObjectClass>
              <ccts:PropertyTermQualifier>Reference</ccts:PropertyTermQualifier>
              <ccts:PropertyTerm>Time</ccts:PropertyTerm>
              <ccts:RepresentationTerm>Time</ccts:RepresentationTerm>
              <ccts:DataType>Time. Type</ccts:DataType>
            </ccts:Component>
          </xsd:documentation>
        </xsd:annotation>
      </xsd:element>
      <xsd:element ref="cbc:Description" minOccurs="0" maxOccurs="1">
        <xsd:annotation>
          <xsd:documentation>
            <ccts:Component>
              <ccts:ComponentType>BBIE</ccts:ComponentType>
              <ccts:DictionaryEntryName>Status. Description. Text</ccts:DictionaryEntryName>
              <ccts:Definition>A textual description of this status.</ccts:Definition>
              <ccts:Cardinality>0..1</ccts:Cardinality>
              <ccts:ObjectClass>Status</ccts:ObjectClass>
              <ccts:PropertyTerm>Description</ccts:PropertyTerm>
              <ccts:RepresentationTerm>Text</ccts:RepresentationTerm>
              <ccts:DataType>Text. Type</ccts:DataType>
            </ccts:Component>
          </xsd:documentation>
        </xsd:annotation>
      </xsd:element>
      <xsd:element ref="cbc:StatusReasonCode" minOccurs="0" maxOccurs="1">
        <xsd:annotation>
          <xsd:documentation>
            <ccts:Component>
              <ccts:ComponentType>BBIE</ccts:ComponentType>
              <ccts:DictionaryEntryName>Status. Status Reason Code. Code</ccts:DictionaryEntryName>
              <ccts:Definition>A code specifying a reason for a status condition.</ccts:Definition>
              <ccts:Cardinality>0..1</ccts:Cardinality>
              <ccts:ObjectClass>Status</ccts:ObjectClass>
              <ccts:PropertyTerm>Status Reason Code</ccts:PropertyTerm>
              <ccts:RepresentationTerm>Code</ccts:RepresentationTerm>
              <ccts:DataType>Code. Type</ccts:DataType>
            </ccts:Component>
          </xsd:documentation>
        </xsd:annotation>
      </xsd:element>
      <xsd:element ref="cbc:StatusReason" minOccurs="0" maxOccurs="1">
        <xsd:annotation>
          <xsd:documentation>
            <ccts:Component>
              <ccts:ComponentType>BBIE</ccts:ComponentType>
              <ccts:DictionaryEntryName>Status. Status_ Reason. Text</ccts:DictionaryEntryName>
              <ccts:Definition>The reason, expressed as text, for this status condition or position.</ccts:Definition>
              <ccts:Cardinality>0..1</ccts:Cardinality>
              <ccts:ObjectClass>Status</ccts:ObjectClass>
              <ccts:PropertyTermQualifier>Status</ccts:PropertyTermQualifier>
              <ccts:PropertyTerm>Reason</ccts:PropertyTerm>
              <ccts:RepresentationTerm>Text</ccts:RepresentationTerm>
              <ccts:DataType>Text. Type</ccts:DataType>
            </ccts:Component>
          </xsd:documentation>
        </xsd:annotation>
      </xsd:element>
      <xsd:element ref="cbc:SequenceID" minOccurs="0" maxOccurs="1">
        <xsd:annotation>
          <xsd:documentation>
            <ccts:Component>
              <ccts:ComponentType>BBIE</ccts:ComponentType>
              <ccts:DictionaryEntryName>Status. Sequence. Identifier</ccts:DictionaryEntryName>
              <ccts:Definition>A unique identifier of the sequence of this status.</ccts:Definition>
              <ccts:Cardinality>0..1</ccts:Cardinality>
              <ccts:ObjectClass>Status</ccts:ObjectClass>
              <ccts:PropertyTerm>Sequence</ccts:PropertyTerm>
              <ccts:RepresentationTerm>Identifier</ccts:RepresentationTerm>
              <ccts:DataType>Identifier. Type</ccts:DataType>
            </ccts:Component>
          </xsd:documentation>
        </xsd:annotation>
      </xsd:element>
      <xsd:element ref="cbc:Text" minOccurs="0" maxOccurs="1">
        <xsd:annotation>
          <xsd:documentation>
            <ccts:Component>
              <ccts:ComponentType>BBIE</ccts:ComponentType>
              <ccts:DictionaryEntryName>Status. Text</ccts:DictionaryEntryName>
              <ccts:Definition>Provides any textual information related to this status.</ccts:Definition>
              <ccts:Cardinality>0..1</ccts:Cardinality>
              <ccts:ObjectClass>Status</ccts:ObjectClass>
              <ccts:PropertyTerm>Text</ccts:PropertyTerm>
              <ccts:RepresentationTerm>Text</ccts:RepresentationTerm>
              <ccts:DataType>Text. Type</ccts:DataType>
            </ccts:Component>
          </xsd:documentation>
        </xsd:annotation>
      </xsd:element>
      <xsd:element ref="cbc:IndicationIndicator" minOccurs="0" maxOccurs="1">
        <xsd:annotation>
          <xsd:documentation>
            <ccts:Component>
              <ccts:ComponentType>BBIE</ccts:ComponentType>
              <ccts:DictionaryEntryName>Status. Indication_ Indicator. Indicator</ccts:DictionaryEntryName>
              <ccts:Definition>Specifies an indicator relevant to a specific status.</ccts:Definition>
              <ccts:Cardinality>0..1</ccts:Cardinality>
              <ccts:ObjectClass>Status</ccts:ObjectClass>
              <ccts:PropertyTermQualifier>Indication</ccts:PropertyTermQualifier>
              <ccts:PropertyTerm>Indicator</ccts:PropertyTerm>
              <ccts:RepresentationTerm>Indicator</ccts:RepresentationTerm>
              <ccts:DataType>Indicator. Type</ccts:DataType>
            </ccts:Component>
          </xsd:documentation>
        </xsd:annotation>
      </xsd:element>
      <xsd:element ref="cbc:Percent" minOccurs="0" maxOccurs="1">
        <xsd:annotation>
          <xsd:documentation>
            <ccts:Component>
              <ccts:ComponentType>BBIE</ccts:ComponentType>
              <ccts:DictionaryEntryName>Status. Percent</ccts:DictionaryEntryName>
              <ccts:Definition>Specifies a percentage relevant to a specific status.</ccts:Definition>
              <ccts:Cardinality>0..1</ccts:Cardinality>
              <ccts:ObjectClass>Status</ccts:ObjectClass>
              <ccts:PropertyTerm>Percent</ccts:PropertyTerm>
              <ccts:RepresentationTerm>Percent</ccts:RepresentationTerm>
              <ccts:DataType>Percent. Type</ccts:DataType>
            </ccts:Component>
          </xsd:documentation>
        </xsd:annotation>
      </xsd:element>
    </xsd:sequence>
  </xsd:complexType>
  <xsd:complexType name="StowageType">
    <xsd:annotation>
      <xsd:documentation>
        <ccts:Component>
          <ccts:ComponentType>ABIE</ccts:ComponentType>
          <ccts:DictionaryEntryName>Stowage. Details</ccts:DictionaryEntryName>
          <ccts:Definition>A location on board a means of transport where specified goods or transport equipment have been or are to be stowed.</ccts:Definition>
          <ccts:ObjectClass>Stowage</ccts:ObjectClass>
        </ccts:Component>
      </xsd:documentation>
    </xsd:annotation>
    <xsd:sequence>
      <xsd:element ref="cbc:LocationID" minOccurs="0" maxOccurs="1">
        <xsd:annotation>
          <xsd:documentation>
            <ccts:Component>
              <ccts:ComponentType>BBIE</ccts:ComponentType>
              <ccts:DictionaryEntryName>Stowage. Location Identifier. Identifier</ccts:DictionaryEntryName>
              <ccts:Definition>Identifies a location on board a means of transport where specified goods or transport equipment have been or are to be stowed.</ccts:Definition>
              <ccts:Cardinality>0..1</ccts:Cardinality>
              <ccts:ObjectClass>Stowage</ccts:ObjectClass>
              <ccts:PropertyTerm>Location Identifier</ccts:PropertyTerm>
              <ccts:RepresentationTerm>Identifier</ccts:RepresentationTerm>
              <ccts:DataType>Identifier. Type</ccts:DataType>
              <ccts:AlternativeBusinessTerms>Cell Location, coded</ccts:AlternativeBusinessTerms>
            </ccts:Component>
          </xsd:documentation>
        </xsd:annotation>
      </xsd:element>
      <xsd:element ref="cbc:Location" minOccurs="0" maxOccurs="unbounded">
        <xsd:annotation>
          <xsd:documentation>
            <ccts:Component>
              <ccts:ComponentType>BBIE</ccts:ComponentType>
              <ccts:DictionaryEntryName>Stowage. Location. Text</ccts:DictionaryEntryName>
              <ccts:Definition>Describes a location on board a means of transport where specified goods or transport equipment have been or are to be stowed.</ccts:Definition>
              <ccts:Cardinality>0..n</ccts:Cardinality>
              <ccts:ObjectClass>Stowage</ccts:ObjectClass>
              <ccts:PropertyTerm>Location</ccts:PropertyTerm>
              <ccts:RepresentationTerm>Text</ccts:RepresentationTerm>
              <ccts:DataType>Text. Type</ccts:DataType>
              <ccts:AlternativeBusinessTerms>Cell Location</ccts:AlternativeBusinessTerms>
            </ccts:Component>
          </xsd:documentation>
        </xsd:annotation>
      </xsd:element>
      <xsd:element ref="MeasurementDimension" minOccurs="0" maxOccurs="unbounded">
        <xsd:annotation>
          <xsd:documentation>
            <ccts:Component>
              <ccts:ComponentType>ASBIE</ccts:ComponentType>
              <ccts:DictionaryEntryName>Stowage. Measurement_ Dimension. Dimension</ccts:DictionaryEntryName>
              <ccts:Definition>Associates any measurements (including lengths, mass, and volume) for this stowage.</ccts:Definition>
              <ccts:Cardinality>0..n</ccts:Cardinality>
              <ccts:ObjectClass>Stowage</ccts:ObjectClass>
              <ccts:PropertyTermQualifier>Measurement</ccts:PropertyTermQualifier>
              <ccts:PropertyTerm>Dimension</ccts:PropertyTerm>
              <ccts:AssociatedObjectClass>Dimension</ccts:AssociatedObjectClass>
            </ccts:Component>
          </xsd:documentation>
        </xsd:annotation>
      </xsd:element>
    </xsd:sequence>
  </xsd:complexType>
  <xsd:complexType name="SupplierPartyType">
    <xsd:annotation>
      <xsd:documentation>
        <ccts:Component>
          <ccts:ComponentType>ABIE</ccts:ComponentType>
          <ccts:DictionaryEntryName>Supplier Party. Details</ccts:DictionaryEntryName>
          <ccts:Definition>Information about the Supplier Party.</ccts:Definition>
          <ccts:ObjectClass>Supplier Party</ccts:ObjectClass>
        </ccts:Component>
      </xsd:documentation>
    </xsd:annotation>
    <xsd:sequence>
      <xsd:element ref="cbc:CustomerAssignedAccountID" minOccurs="0" maxOccurs="1">
        <xsd:annotation>
          <xsd:documentation>
            <ccts:Component>
              <ccts:ComponentType>BBIE</ccts:ComponentType>
              <ccts:DictionaryEntryName>Supplier Party. Customer Assigned_ Account Identifier. Identifier</ccts:DictionaryEntryName>
              <ccts:Definition>The customer's internal identifier for the supplier.</ccts:Definition>
              <ccts:Cardinality>0..1</ccts:Cardinality>
              <ccts:ObjectClass>Supplier Party</ccts:ObjectClass>
              <ccts:PropertyTermQualifier>Customer Assigned</ccts:PropertyTermQualifier>
              <ccts:PropertyTerm>Account Identifier</ccts:PropertyTerm>
              <ccts:RepresentationTerm>Identifier</ccts:RepresentationTerm>
              <ccts:DataType>Identifier. Type</ccts:DataType>
            </ccts:Component>
          </xsd:documentation>
        </xsd:annotation>
      </xsd:element>
      <xsd:element ref="cbc:AdditionalAccountID" minOccurs="0" maxOccurs="unbounded">
        <xsd:annotation>
          <xsd:documentation>
            <ccts:Component>
              <ccts:ComponentType>BBIE</ccts:ComponentType>
              <ccts:DictionaryEntryName>Supplier Party. Additional_ Account Identifier. Identifier</ccts:DictionaryEntryName>
              <ccts:Definition>The customer's internal identifier for the supplier.</ccts:Definition>
              <ccts:Cardinality>0..n</ccts:Cardinality>
              <ccts:ObjectClass>Supplier Party</ccts:ObjectClass>
              <ccts:PropertyTermQualifier>Additional</ccts:PropertyTermQualifier>
              <ccts:PropertyTerm>Account Identifier</ccts:PropertyTerm>
              <ccts:RepresentationTerm>Identifier</ccts:RepresentationTerm>
              <ccts:DataType>Identifier. Type</ccts:DataType>
            </ccts:Component>
          </xsd:documentation>
        </xsd:annotation>
      </xsd:element>
      <xsd:element ref="cbc:DataSendingCapability" minOccurs="0" maxOccurs="1">
        <xsd:annotation>
          <xsd:documentation>
            <ccts:Component>
              <ccts:ComponentType>BBIE</ccts:ComponentType>
              <ccts:DictionaryEntryName>Supplier Party. Data Sending Capability. Text</ccts:DictionaryEntryName>
              <ccts:Definition>Capability to send invoice data via the purchase card provider (VISA/MasterCard/American Express).</ccts:Definition>
              <ccts:Cardinality>0..1</ccts:Cardinality>
              <ccts:ObjectClass>Supplier Party</ccts:ObjectClass>
              <ccts:PropertyTerm>Data Sending Capability</ccts:PropertyTerm>
              <ccts:RepresentationTerm>Text</ccts:RepresentationTerm>
              <ccts:DataType>Text. Type</ccts:DataType>
              <ccts:Examples>The customer's internal identifier for the supplier.</ccts:Examples>
            </ccts:Component>
          </xsd:documentation>
        </xsd:annotation>
      </xsd:element>
      <xsd:element ref="Party" minOccurs="0" maxOccurs="1">
        <xsd:annotation>
          <xsd:documentation>
            <ccts:Component>
              <ccts:ComponentType>ASBIE</ccts:ComponentType>
              <ccts:DictionaryEntryName>Supplier Party. Party</ccts:DictionaryEntryName>
              <ccts:Definition>An association to Party.</ccts:Definition>
              <ccts:Cardinality>0..1</ccts:Cardinality>
              <ccts:ObjectClass>Supplier Party</ccts:ObjectClass>
              <ccts:PropertyTerm>Party</ccts:PropertyTerm>
              <ccts:AssociatedObjectClass>Party</ccts:AssociatedObjectClass>
            </ccts:Component>
          </xsd:documentation>
        </xsd:annotation>
      </xsd:element>
      <xsd:element ref="DespatchContact" minOccurs="0" maxOccurs="1">
        <xsd:annotation>
          <xsd:documentation>
            <ccts:Component>
              <ccts:ComponentType>ASBIE</ccts:ComponentType>
              <ccts:DictionaryEntryName>Supplier Party. Despatch_ Contact. Contact</ccts:DictionaryEntryName>
              <ccts:Definition>An association to Despatch Contact.</ccts:Definition>
              <ccts:Cardinality>0..1</ccts:Cardinality>
              <ccts:ObjectClass>Supplier Party</ccts:ObjectClass>
              <ccts:PropertyTermQualifier>Despatch</ccts:PropertyTermQualifier>
              <ccts:PropertyTerm>Contact</ccts:PropertyTerm>
              <ccts:AssociatedObjectClass>Contact</ccts:AssociatedObjectClass>
            </ccts:Component>
          </xsd:documentation>
        </xsd:annotation>
      </xsd:element>
      <xsd:element ref="AccountingContact" minOccurs="0" maxOccurs="1">
        <xsd:annotation>
          <xsd:documentation>
            <ccts:Component>
              <ccts:ComponentType>ASBIE</ccts:ComponentType>
              <ccts:DictionaryEntryName>Supplier Party. Accounting_ Contact. Contact</ccts:DictionaryEntryName>
              <ccts:Definition>An association to Supplier Accounting Contact.</ccts:Definition>
              <ccts:Cardinality>0..1</ccts:Cardinality>
              <ccts:ObjectClass>Supplier Party</ccts:ObjectClass>
              <ccts:PropertyTermQualifier>Accounting</ccts:PropertyTermQualifier>
              <ccts:PropertyTerm>Contact</ccts:PropertyTerm>
              <ccts:AssociatedObjectClass>Contact</ccts:AssociatedObjectClass>
            </ccts:Component>
          </xsd:documentation>
        </xsd:annotation>
      </xsd:element>
      <xsd:element ref="SellerContact" minOccurs="0" maxOccurs="1">
        <xsd:annotation>
          <xsd:documentation>
            <ccts:Component>
              <ccts:ComponentType>ASBIE</ccts:ComponentType>
              <ccts:DictionaryEntryName>Supplier Party. Seller_ Contact. Contact</ccts:DictionaryEntryName>
              <ccts:Definition>An association to Seller.</ccts:Definition>
              <ccts:Cardinality>0..1</ccts:Cardinality>
              <ccts:ObjectClass>Supplier Party</ccts:ObjectClass>
              <ccts:PropertyTermQualifier>Seller</ccts:PropertyTermQualifier>
              <ccts:PropertyTerm>Contact</ccts:PropertyTerm>
              <ccts:AssociatedObjectClass>Contact</ccts:AssociatedObjectClass>
            </ccts:Component>
          </xsd:documentation>
        </xsd:annotation>
      </xsd:element>
    </xsd:sequence>
  </xsd:complexType>
  <xsd:complexType name="TaxCategoryType">
    <xsd:annotation>
      <xsd:documentation>
        <ccts:Component>
          <ccts:ComponentType>ABIE</ccts:ComponentType>
          <ccts:DictionaryEntryName>Tax Category. Details</ccts:DictionaryEntryName>
          <ccts:Definition>Information about a tax category.</ccts:Definition>
          <ccts:ObjectClass>Tax Category</ccts:ObjectClass>
        </ccts:Component>
      </xsd:documentation>
    </xsd:annotation>
    <xsd:sequence>
      <xsd:element ref="cbc:ID" minOccurs="0" maxOccurs="1">
        <xsd:annotation>
          <xsd:documentation>
            <ccts:Component>
              <ccts:ComponentType>BBIE</ccts:ComponentType>
              <ccts:DictionaryEntryName>Tax Category. Identifier</ccts:DictionaryEntryName>
              <ccts:Definition>Identifies the tax category.</ccts:Definition>
              <ccts:Cardinality>0..1</ccts:Cardinality>
              <ccts:ObjectClass>Tax Category</ccts:ObjectClass>
              <ccts:PropertyTerm>Identifier</ccts:PropertyTerm>
              <ccts:RepresentationTerm>Identifier</ccts:RepresentationTerm>
              <ccts:DataType>Identifier. Type</ccts:DataType>
              <ccts:Examples>"ZeroRatedGoods" "NotTaxable" "Standard Rate"</ccts:Examples>
            </ccts:Component>
          </xsd:documentation>
        </xsd:annotation>
      </xsd:element>
      <xsd:element ref="cbc:Name" minOccurs="0" maxOccurs="1">
        <xsd:annotation>
          <xsd:documentation>
            <ccts:Component>
              <ccts:ComponentType>BBIE</ccts:ComponentType>
              <ccts:DictionaryEntryName>Tax Category. Name</ccts:DictionaryEntryName>
              <ccts:Definition>The name of the tax category.</ccts:Definition>
              <ccts:Cardinality>0..1</ccts:Cardinality>
              <ccts:ObjectClass>Tax Category</ccts:ObjectClass>
              <ccts:PropertyTerm>Name</ccts:PropertyTerm>
              <ccts:RepresentationTerm>Name</ccts:RepresentationTerm>
              <ccts:DataType>Name. Type</ccts:DataType>
              <ccts:Examples>"Luxury Goods","Wine Equalization", "Exempt"</ccts:Examples>
            </ccts:Component>
          </xsd:documentation>
        </xsd:annotation>
      </xsd:element>
      <xsd:element ref="cbc:Percent" minOccurs="0" maxOccurs="1">
        <xsd:annotation>
          <xsd:documentation>
            <ccts:Component>
              <ccts:ComponentType>BBIE</ccts:ComponentType>
              <ccts:DictionaryEntryName>Tax Category. Percent</ccts:DictionaryEntryName>
              <ccts:Definition>The tax rate for the category, expressed as a percentage.</ccts:Definition>
              <ccts:Cardinality>0..1</ccts:Cardinality>
              <ccts:ObjectClass>Tax Category</ccts:ObjectClass>
              <ccts:PropertyTerm>Percent</ccts:PropertyTerm>
              <ccts:RepresentationTerm>Percent</ccts:RepresentationTerm>
              <ccts:DataType>Percent. Type</ccts:DataType>
            </ccts:Component>
          </xsd:documentation>
        </xsd:annotation>
      </xsd:element>
      <xsd:element ref="cbc:BaseUnitMeasure" minOccurs="0" maxOccurs="1">
        <xsd:annotation>
          <xsd:documentation>
            <ccts:Component>
              <ccts:ComponentType>BBIE</ccts:ComponentType>
              <ccts:DictionaryEntryName>Tax Category. Base Unit Measure. Measure</ccts:DictionaryEntryName>
              <ccts:Definition>Where a tax is applied at a certain rate per unit, the measure of units on which the tax calculation is based.</ccts:Definition>
              <ccts:Cardinality>0..1</ccts:Cardinality>
              <ccts:ObjectClass>Tax Category</ccts:ObjectClass>
              <ccts:PropertyTerm>Base Unit Measure</ccts:PropertyTerm>
              <ccts:RepresentationTerm>Measure</ccts:RepresentationTerm>
              <ccts:DataType>Measure. Type</ccts:DataType>
            </ccts:Component>
          </xsd:documentation>
        </xsd:annotation>
      </xsd:element>
      <xsd:element ref="cbc:PerUnitAmount" minOccurs="0" maxOccurs="1">
        <xsd:annotation>
          <xsd:documentation>
            <ccts:Component>
              <ccts:ComponentType>BBIE</ccts:ComponentType>
              <ccts:DictionaryEntryName>Tax Category. Per Unit_ Amount. Amount</ccts:DictionaryEntryName>
              <ccts:Definition>Where a tax is applied at a certain rate per unit, the rate per unit applied.</ccts:Definition>
              <ccts:Cardinality>0..1</ccts:Cardinality>
              <ccts:ObjectClass>Tax Category</ccts:ObjectClass>
              <ccts:PropertyTermQualifier>Per Unit</ccts:PropertyTermQualifier>
              <ccts:PropertyTerm>Amount</ccts:PropertyTerm>
              <ccts:RepresentationTerm>Amount</ccts:RepresentationTerm>
              <ccts:DataType>Amount. Type</ccts:DataType>
            </ccts:Component>
          </xsd:documentation>
        </xsd:annotation>
      </xsd:element>
      <xsd:element ref="cbc:TaxExemptionReasonCode" minOccurs="0" maxOccurs="1">
        <xsd:annotation>
          <xsd:documentation>
            <ccts:Component>
              <ccts:ComponentType>BBIE</ccts:ComponentType>
              <ccts:DictionaryEntryName>Tax Category. Tax Exemption Reason Code. Code</ccts:DictionaryEntryName>
              <ccts:Definition>The reason for tax being exempted expressed as a code.</ccts:Definition>
              <ccts:Cardinality>0..1</ccts:Cardinality>
              <ccts:ObjectClass>Tax Category</ccts:ObjectClass>
              <ccts:PropertyTerm>Tax Exemption Reason Code</ccts:PropertyTerm>
              <ccts:RepresentationTerm>Code</ccts:RepresentationTerm>
              <ccts:DataType>Code. Type</ccts:DataType>
            </ccts:Component>
          </xsd:documentation>
        </xsd:annotation>
      </xsd:element>
      <xsd:element ref="cbc:TaxExemptionReason" minOccurs="0" maxOccurs="1">
        <xsd:annotation>
          <xsd:documentation>
            <ccts:Component>
              <ccts:ComponentType>BBIE</ccts:ComponentType>
              <ccts:DictionaryEntryName>Tax Category. Tax Exemption Reason. Text</ccts:DictionaryEntryName>
              <ccts:Definition>The reason for tax being exempted.</ccts:Definition>
              <ccts:Cardinality>0..1</ccts:Cardinality>
              <ccts:ObjectClass>Tax Category</ccts:ObjectClass>
              <ccts:PropertyTerm>Tax Exemption Reason</ccts:PropertyTerm>
              <ccts:RepresentationTerm>Text</ccts:RepresentationTerm>
              <ccts:DataType>Text. Type</ccts:DataType>
            </ccts:Component>
          </xsd:documentation>
        </xsd:annotation>
      </xsd:element>
      <xsd:element ref="cbc:TierRange" minOccurs="0" maxOccurs="1">
        <xsd:annotation>
          <xsd:documentation>
            <ccts:Component>
              <ccts:ComponentType>BBIE</ccts:ComponentType>
              <ccts:DictionaryEntryName>Tax Category. Tier Range. Text</ccts:DictionaryEntryName>
              <ccts:Definition>Where a tax is tiered, the range of tiers applied in the calculation of the tax subtotal for the tax category.</ccts:Definition>
              <ccts:Cardinality>0..1</ccts:Cardinality>
              <ccts:ObjectClass>Tax Category</ccts:ObjectClass>
              <ccts:PropertyTerm>Tier Range</ccts:PropertyTerm>
              <ccts:RepresentationTerm>Text</ccts:RepresentationTerm>
              <ccts:DataType>Text. Type</ccts:DataType>
            </ccts:Component>
          </xsd:documentation>
        </xsd:annotation>
      </xsd:element>
      <xsd:element ref="cbc:TierRatePercent" minOccurs="0" maxOccurs="1">
        <xsd:annotation>
          <xsd:documentation>
            <ccts:Component>
              <ccts:ComponentType>BBIE</ccts:ComponentType>
              <ccts:DictionaryEntryName>Tax Category. Tier Rate. Percent</ccts:DictionaryEntryName>
              <ccts:Definition>Where a tax is tiered, the rate of tax applied to the range of tiers in the calculation of the tax subtotal for the tax category.</ccts:Definition>
              <ccts:Cardinality>0..1</ccts:Cardinality>
              <ccts:ObjectClass>Tax Category</ccts:ObjectClass>
              <ccts:PropertyTerm>Tier Rate</ccts:PropertyTerm>
              <ccts:RepresentationTerm>Percent</ccts:RepresentationTerm>
              <ccts:DataType>Percent. Type</ccts:DataType>
            </ccts:Component>
          </xsd:documentation>
        </xsd:annotation>
      </xsd:element>
      <xsd:element ref="TaxScheme" minOccurs="1" maxOccurs="1">
        <xsd:annotation>
          <xsd:documentation>
            <ccts:Component>
              <ccts:ComponentType>ASBIE</ccts:ComponentType>
              <ccts:DictionaryEntryName>Tax Category. Tax Scheme</ccts:DictionaryEntryName>
              <ccts:Definition>An association to Tax Scheme.</ccts:Definition>
              <ccts:Cardinality>1</ccts:Cardinality>
              <ccts:ObjectClass>Tax Category</ccts:ObjectClass>
              <ccts:PropertyTerm>Tax Scheme</ccts:PropertyTerm>
              <ccts:AssociatedObjectClass>Tax Scheme</ccts:AssociatedObjectClass>
            </ccts:Component>
          </xsd:documentation>
        </xsd:annotation>
      </xsd:element>
    </xsd:sequence>
  </xsd:complexType>
  <xsd:complexType name="TaxSchemeType">
    <xsd:annotation>
      <xsd:documentation>
        <ccts:Component>
          <ccts:ComponentType>ABIE</ccts:ComponentType>
          <ccts:DictionaryEntryName>Tax Scheme. Details</ccts:DictionaryEntryName>
          <ccts:Definition>Information about a tax scheme.</ccts:Definition>
          <ccts:ObjectClass>Tax Scheme</ccts:ObjectClass>
        </ccts:Component>
      </xsd:documentation>
    </xsd:annotation>
    <xsd:sequence>
      <xsd:element ref="cbc:ID" minOccurs="0" maxOccurs="1">
        <xsd:annotation>
          <xsd:documentation>
            <ccts:Component>
              <ccts:ComponentType>BBIE</ccts:ComponentType>
              <ccts:DictionaryEntryName>Tax Scheme. Identifier</ccts:DictionaryEntryName>
              <ccts:Definition>Identifies the tax scheme.</ccts:Definition>
              <ccts:Cardinality>0..1</ccts:Cardinality>
              <ccts:ObjectClass>Tax Scheme</ccts:ObjectClass>
              <ccts:PropertyTerm>Identifier</ccts:PropertyTerm>
              <ccts:RepresentationTerm>Identifier</ccts:RepresentationTerm>
              <ccts:DataType>Identifier. Type</ccts:DataType>
              <ccts:Examples>"VAT", "GST"</ccts:Examples>
            </ccts:Component>
          </xsd:documentation>
        </xsd:annotation>
      </xsd:element>
      <xsd:element ref="cbc:Name" minOccurs="0" maxOccurs="1">
        <xsd:annotation>
          <xsd:documentation>
            <ccts:Component>
              <ccts:ComponentType>BBIE</ccts:ComponentType>
              <ccts:DictionaryEntryName>Tax Scheme. Name</ccts:DictionaryEntryName>
              <ccts:Definition>The name of the tax scheme.</ccts:Definition>
              <ccts:Cardinality>0..1</ccts:Cardinality>
              <ccts:ObjectClass>Tax Scheme</ccts:ObjectClass>
              <ccts:PropertyTerm>Name</ccts:PropertyTerm>
              <ccts:RepresentationTerm>Name</ccts:RepresentationTerm>
              <ccts:DataType>Name. Type</ccts:DataType>
              <ccts:Examples>"Value Added Tax", "Wholesale Tax", "Sales Tax", "State Tax"</ccts:Examples>
            </ccts:Component>
          </xsd:documentation>
        </xsd:annotation>
      </xsd:element>
      <xsd:element ref="cbc:TaxTypeCode" minOccurs="0" maxOccurs="1">
        <xsd:annotation>
          <xsd:documentation>
            <ccts:Component>
              <ccts:ComponentType>BBIE</ccts:ComponentType>
              <ccts:DictionaryEntryName>Tax Scheme. Tax Type Code. Code</ccts:DictionaryEntryName>
              <ccts:Definition>An identifier for the tax type.</ccts:Definition>
              <ccts:Cardinality>0..1</ccts:Cardinality>
              <ccts:ObjectClass>Tax Scheme</ccts:ObjectClass>
              <ccts:PropertyTerm>Tax Type Code</ccts:PropertyTerm>
              <ccts:RepresentationTerm>Code</ccts:RepresentationTerm>
              <ccts:DataType>Code. Type</ccts:DataType>
              <ccts:Examples>"Consumption", "Sales"</ccts:Examples>
            </ccts:Component>
          </xsd:documentation>
        </xsd:annotation>
      </xsd:element>
      <xsd:element ref="cbc:CurrencyCode" minOccurs="0" maxOccurs="1">
        <xsd:annotation>
          <xsd:documentation>
            <ccts:Component>
              <ccts:ComponentType>BBIE</ccts:ComponentType>
              <ccts:DictionaryEntryName>Tax Scheme. Currency Code. Code</ccts:DictionaryEntryName>
              <ccts:Definition>The currency in which the tax is collected and reported, expressed as a code.</ccts:Definition>
              <ccts:Cardinality>0..1</ccts:Cardinality>
              <ccts:ObjectClass>Tax Scheme</ccts:ObjectClass>
              <ccts:PropertyTerm>Currency Code</ccts:PropertyTerm>
              <ccts:RepresentationTerm>Code</ccts:RepresentationTerm>
              <ccts:DataType>Currency_ Code. Type</ccts:DataType>
            </ccts:Component>
          </xsd:documentation>
        </xsd:annotation>
      </xsd:element>
      <xsd:element ref="JurisdictionRegionAddress" minOccurs="0" maxOccurs="unbounded">
        <xsd:annotation>
          <xsd:documentation>
            <ccts:Component>
              <ccts:ComponentType>ASBIE</ccts:ComponentType>
              <ccts:DictionaryEntryName>Tax Scheme. Jurisdiction Region_ Address. Address</ccts:DictionaryEntryName>
              <ccts:Definition>An association with Address (of taxation jurisdiction).</ccts:Definition>
              <ccts:Cardinality>0..n</ccts:Cardinality>
              <ccts:ObjectClass>Tax Scheme</ccts:ObjectClass>
              <ccts:PropertyTermQualifier>Jurisdiction Region</ccts:PropertyTermQualifier>
              <ccts:PropertyTerm>Address</ccts:PropertyTerm>
              <ccts:AssociatedObjectClass>Address</ccts:AssociatedObjectClass>
            </ccts:Component>
          </xsd:documentation>
        </xsd:annotation>
      </xsd:element>
    </xsd:sequence>
  </xsd:complexType>
  <xsd:complexType name="TaxSubtotalType">
    <xsd:annotation>
      <xsd:documentation>
        <ccts:Component>
          <ccts:ComponentType>ABIE</ccts:ComponentType>
          <ccts:DictionaryEntryName>Tax Subtotal. Details</ccts:DictionaryEntryName>
          <ccts:Definition>Information about the subtotal for a particular tax category within a tax scheme, such as standard rate within VAT.</ccts:Definition>
          <ccts:ObjectClass>Tax Subtotal</ccts:ObjectClass>
        </ccts:Component>
      </xsd:documentation>
    </xsd:annotation>
    <xsd:sequence>
      <xsd:element ref="cbc:TaxableAmount" minOccurs="0" maxOccurs="1">
        <xsd:annotation>
          <xsd:documentation>
            <ccts:Component>
              <ccts:ComponentType>BBIE</ccts:ComponentType>
              <ccts:DictionaryEntryName>Tax Subtotal. Taxable_ Amount. Amount</ccts:DictionaryEntryName>
              <ccts:Definition>The net amount to which the tax percent (rate) is applied to calculate the tax amount.</ccts:Definition>
              <ccts:Cardinality>0..1</ccts:Cardinality>
              <ccts:ObjectClass>Tax Subtotal</ccts:ObjectClass>
              <ccts:PropertyTermQualifier>Taxable</ccts:PropertyTermQualifier>
              <ccts:PropertyTerm>Amount</ccts:PropertyTerm>
              <ccts:RepresentationTerm>Amount</ccts:RepresentationTerm>
              <ccts:DataType>Amount. Type</ccts:DataType>
            </ccts:Component>
          </xsd:documentation>
        </xsd:annotation>
      </xsd:element>
      <xsd:element ref="cbc:TaxAmount" minOccurs="1" maxOccurs="1">
        <xsd:annotation>
          <xsd:documentation>
            <ccts:Component>
              <ccts:ComponentType>BBIE</ccts:ComponentType>
              <ccts:DictionaryEntryName>Tax Subtotal. Tax Amount. Amount</ccts:DictionaryEntryName>
              <ccts:Definition>The amount of tax stated explicitly.</ccts:Definition>
              <ccts:Cardinality>1</ccts:Cardinality>
              <ccts:ObjectClass>Tax Subtotal</ccts:ObjectClass>
              <ccts:PropertyTerm>Tax Amount</ccts:PropertyTerm>
              <ccts:RepresentationTerm>Amount</ccts:RepresentationTerm>
              <ccts:DataType>Amount. Type</ccts:DataType>
            </ccts:Component>
          </xsd:documentation>
        </xsd:annotation>
      </xsd:element>
      <xsd:element ref="cbc:CalculationSequenceNumeric" minOccurs="0" maxOccurs="1">
        <xsd:annotation>
          <xsd:documentation>
            <ccts:Component>
              <ccts:ComponentType>BBIE</ccts:ComponentType>
              <ccts:DictionaryEntryName>Tax Subtotal. Calculation Sequence. Numeric</ccts:DictionaryEntryName>
              <ccts:Definition>Identifies the numerical order sequence in which taxes are applied when multiple taxes are attracted. If all taxes apply to the same taxable amount, CalculationSequenceNumeric will be '1' for all taxes.</ccts:Definition>
              <ccts:Cardinality>0..1</ccts:Cardinality>
              <ccts:ObjectClass>Tax Subtotal</ccts:ObjectClass>
              <ccts:PropertyTerm>Calculation Sequence</ccts:PropertyTerm>
              <ccts:RepresentationTerm>Numeric</ccts:RepresentationTerm>
              <ccts:DataType>Numeric. Type</ccts:DataType>
            </ccts:Component>
          </xsd:documentation>
        </xsd:annotation>
      </xsd:element>
      <xsd:element ref="cbc:TransactionCurrencyTaxAmount" minOccurs="0" maxOccurs="1">
        <xsd:annotation>
          <xsd:documentation>
            <ccts:Component>
              <ccts:ComponentType>BBIE</ccts:ComponentType>
              <ccts:DictionaryEntryName>Tax Subtotal. Transaction Currency_ Tax Amount. Amount</ccts:DictionaryEntryName>
              <ccts:Definition>The tax amount, expressed in the currency used for invoicing.</ccts:Definition>
              <ccts:Cardinality>0..1</ccts:Cardinality>
              <ccts:ObjectClass>Tax Subtotal</ccts:ObjectClass>
              <ccts:PropertyTermQualifier>Transaction Currency</ccts:PropertyTermQualifier>
              <ccts:PropertyTerm>Tax Amount</ccts:PropertyTerm>
              <ccts:RepresentationTerm>Amount</ccts:RepresentationTerm>
              <ccts:DataType>Amount. Type</ccts:DataType>
            </ccts:Component>
          </xsd:documentation>
        </xsd:annotation>
      </xsd:element>
      <xsd:element ref="cbc:Percent" minOccurs="0" maxOccurs="1">
        <xsd:annotation>
          <xsd:documentation>
            <ccts:Component>
              <ccts:ComponentType>BBIE</ccts:ComponentType>
              <ccts:DictionaryEntryName>Tax Subtotal. Percent</ccts:DictionaryEntryName>
              <ccts:Definition>The tax rate for the category, expressed as a percentage.</ccts:Definition>
              <ccts:Cardinality>0..1</ccts:Cardinality>
              <ccts:ObjectClass>Tax Subtotal</ccts:ObjectClass>
              <ccts:PropertyTerm>Percent</ccts:PropertyTerm>
              <ccts:RepresentationTerm>Percent</ccts:RepresentationTerm>
              <ccts:DataType>Percent. Type</ccts:DataType>
            </ccts:Component>
          </xsd:documentation>
        </xsd:annotation>
      </xsd:element>
      <xsd:element ref="cbc:BaseUnitMeasure" minOccurs="0" maxOccurs="1">
        <xsd:annotation>
          <xsd:documentation>
            <ccts:Component>
              <ccts:ComponentType>BBIE</ccts:ComponentType>
              <ccts:DictionaryEntryName>Tax Subtotal. Base Unit Measure. Measure</ccts:DictionaryEntryName>
              <ccts:Definition>Where a tax is applied at a certain rate per unit, the measure of units on which the tax calculation is based.</ccts:Definition>
              <ccts:Cardinality>0..1</ccts:Cardinality>
              <ccts:ObjectClass>Tax Subtotal</ccts:ObjectClass>
              <ccts:PropertyTerm>Base Unit Measure</ccts:PropertyTerm>
              <ccts:RepresentationTerm>Measure</ccts:RepresentationTerm>
              <ccts:DataType>Measure. Type</ccts:DataType>
            </ccts:Component>
          </xsd:documentation>
        </xsd:annotation>
      </xsd:element>
      <xsd:element ref="cbc:PerUnitAmount" minOccurs="0" maxOccurs="1">
        <xsd:annotation>
          <xsd:documentation>
            <ccts:Component>
              <ccts:ComponentType>BBIE</ccts:ComponentType>
              <ccts:DictionaryEntryName>Tax Subtotal. Per Unit_ Amount. Amount</ccts:DictionaryEntryName>
              <ccts:Definition>Where a tax is applied at a certain rate per unit, the rate per unit applied.</ccts:Definition>
              <ccts:Cardinality>0..1</ccts:Cardinality>
              <ccts:ObjectClass>Tax Subtotal</ccts:ObjectClass>
              <ccts:PropertyTermQualifier>Per Unit</ccts:PropertyTermQualifier>
              <ccts:PropertyTerm>Amount</ccts:PropertyTerm>
              <ccts:RepresentationTerm>Amount</ccts:RepresentationTerm>
              <ccts:DataType>Amount. Type</ccts:DataType>
            </ccts:Component>
          </xsd:documentation>
        </xsd:annotation>
      </xsd:element>
      <xsd:element ref="cbc:TierRange" minOccurs="0" maxOccurs="1">
        <xsd:annotation>
          <xsd:documentation>
            <ccts:Component>
              <ccts:ComponentType>BBIE</ccts:ComponentType>
              <ccts:DictionaryEntryName>Tax Subtotal. Tier Range. Text</ccts:DictionaryEntryName>
              <ccts:Definition>Where a tax is tiered, the range of tiers applied in the calculation of the tax subtotal for the tax category.</ccts:Definition>
              <ccts:Cardinality>0..1</ccts:Cardinality>
              <ccts:ObjectClass>Tax Subtotal</ccts:ObjectClass>
              <ccts:PropertyTerm>Tier Range</ccts:PropertyTerm>
              <ccts:RepresentationTerm>Text</ccts:RepresentationTerm>
              <ccts:DataType>Text. Type</ccts:DataType>
            </ccts:Component>
          </xsd:documentation>
        </xsd:annotation>
      </xsd:element>
      <xsd:element ref="cbc:TierRatePercent" minOccurs="0" maxOccurs="1">
        <xsd:annotation>
          <xsd:documentation>
            <ccts:Component>
              <ccts:ComponentType>BBIE</ccts:ComponentType>
              <ccts:DictionaryEntryName>Tax Subtotal. Tier Rate. Percent</ccts:DictionaryEntryName>
              <ccts:Definition>Where a tax is tiered, the rate of tax applied to the range of tiers in the calculation of the tax subtotal for the tax category.</ccts:Definition>
              <ccts:Cardinality>0..1</ccts:Cardinality>
              <ccts:ObjectClass>Tax Subtotal</ccts:ObjectClass>
              <ccts:PropertyTerm>Tier Rate</ccts:PropertyTerm>
              <ccts:RepresentationTerm>Percent</ccts:RepresentationTerm>
              <ccts:DataType>Percent. Type</ccts:DataType>
            </ccts:Component>
          </xsd:documentation>
        </xsd:annotation>
      </xsd:element>
      <xsd:element ref="TaxCategory" minOccurs="1" maxOccurs="1">
        <xsd:annotation>
          <xsd:documentation>
            <ccts:Component>
              <ccts:ComponentType>ASBIE</ccts:ComponentType>
              <ccts:DictionaryEntryName>Tax Subtotal. Tax Category</ccts:DictionaryEntryName>
              <ccts:Definition>An association to Tax Category.</ccts:Definition>
              <ccts:Cardinality>1</ccts:Cardinality>
              <ccts:ObjectClass>Tax Subtotal</ccts:ObjectClass>
              <ccts:PropertyTerm>Tax Category</ccts:PropertyTerm>
              <ccts:AssociatedObjectClass>Tax Category</ccts:AssociatedObjectClass>
            </ccts:Component>
          </xsd:documentation>
        </xsd:annotation>
      </xsd:element>
    </xsd:sequence>
  </xsd:complexType>
  <xsd:complexType name="TaxTotalType">
    <xsd:annotation>
      <xsd:documentation>
        <ccts:Component>
          <ccts:ComponentType>ABIE</ccts:ComponentType>
          <ccts:DictionaryEntryName>Tax Total. Details</ccts:DictionaryEntryName>
          <ccts:Definition>Information about a total amount of a particular type of tax.</ccts:Definition>
          <ccts:ObjectClass>Tax Total</ccts:ObjectClass>
        </ccts:Component>
      </xsd:documentation>
    </xsd:annotation>
    <xsd:sequence>
      <xsd:element ref="cbc:TaxAmount" minOccurs="1" maxOccurs="1">
        <xsd:annotation>
          <xsd:documentation>
            <ccts:Component>
              <ccts:ComponentType>BBIE</ccts:ComponentType>
              <ccts:DictionaryEntryName>Tax Total. Tax Amount. Amount</ccts:DictionaryEntryName>
              <ccts:Definition>The total tax amount for particular tax scheme e.g. VAT;  the sum of each of the tax subtotals for each tax category within the tax scheme.</ccts:Definition>
              <ccts:Cardinality>1</ccts:Cardinality>
              <ccts:ObjectClass>Tax Total</ccts:ObjectClass>
              <ccts:PropertyTerm>Tax Amount</ccts:PropertyTerm>
              <ccts:RepresentationTerm>Amount</ccts:RepresentationTerm>
              <ccts:DataType>Amount. Type</ccts:DataType>
            </ccts:Component>
          </xsd:documentation>
        </xsd:annotation>
      </xsd:element>
      <xsd:element ref="cbc:RoundingAmount" minOccurs="0" maxOccurs="1">
        <xsd:annotation>
          <xsd:documentation>
            <ccts:Component>
              <ccts:ComponentType>BBIE</ccts:ComponentType>
              <ccts:DictionaryEntryName>Tax Total. Rounding Amount. Amount</ccts:DictionaryEntryName>
              <ccts:Definition>The rounding amount (positive or negative) added to the calculated tax total to produce the rounded TotalTaxAmount.</ccts:Definition>
              <ccts:Cardinality>0..1</ccts:Cardinality>
              <ccts:ObjectClass>Tax Total</ccts:ObjectClass>
              <ccts:PropertyTerm>Rounding Amount</ccts:PropertyTerm>
              <ccts:RepresentationTerm>Amount</ccts:RepresentationTerm>
              <ccts:DataType>Amount. Type</ccts:DataType>
            </ccts:Component>
          </xsd:documentation>
        </xsd:annotation>
      </xsd:element>
      <xsd:element ref="cbc:TaxEvidenceIndicator" minOccurs="0" maxOccurs="1">
        <xsd:annotation>
          <xsd:documentation>
            <ccts:Component>
              <ccts:ComponentType>BBIE</ccts:ComponentType>
              <ccts:DictionaryEntryName>Tax Total. Tax Evidence_ Indicator. Indicator</ccts:DictionaryEntryName>
              <ccts:Definition>An indicator as to whether these totals are recognized as legal evidence for taxation purposes.</ccts:Definition>
              <ccts:Cardinality>0..1</ccts:Cardinality>
              <ccts:ObjectClass>Tax Total</ccts:ObjectClass>
              <ccts:PropertyTermQualifier>Tax Evidence</ccts:PropertyTermQualifier>
              <ccts:PropertyTerm>Indicator</ccts:PropertyTerm>
              <ccts:RepresentationTerm>Indicator</ccts:RepresentationTerm>
              <ccts:DataType>Indicator. Type</ccts:DataType>
              <ccts:Examples>default is negative</ccts:Examples>
            </ccts:Component>
          </xsd:documentation>
        </xsd:annotation>
      </xsd:element>
      <xsd:element ref="TaxSubtotal" minOccurs="0" maxOccurs="unbounded">
        <xsd:annotation>
          <xsd:documentation>
            <ccts:Component>
              <ccts:ComponentType>ASBIE</ccts:ComponentType>
              <ccts:DictionaryEntryName>Tax Total. Tax Subtotal</ccts:DictionaryEntryName>
              <ccts:Definition>An association to Tax Subtotal.</ccts:Definition>
              <ccts:Cardinality>0..n</ccts:Cardinality>
              <ccts:ObjectClass>Tax Total</ccts:ObjectClass>
              <ccts:PropertyTerm>Tax Subtotal</ccts:PropertyTerm>
              <ccts:AssociatedObjectClass>Tax Subtotal</ccts:AssociatedObjectClass>
            </ccts:Component>
          </xsd:documentation>
        </xsd:annotation>
      </xsd:element>
    </xsd:sequence>
  </xsd:complexType>
  <xsd:complexType name="TemperatureType">
    <xsd:annotation>
      <xsd:documentation>
        <ccts:Component>
          <ccts:ComponentType>ABIE</ccts:ComponentType>
          <ccts:DictionaryEntryName>Temperature. Details</ccts:DictionaryEntryName>
          <ccts:Definition>Information about temperature.</ccts:Definition>
          <ccts:ObjectClass>Temperature</ccts:ObjectClass>
        </ccts:Component>
      </xsd:documentation>
    </xsd:annotation>
    <xsd:sequence>
      <xsd:element ref="cbc:AttributeID" minOccurs="1" maxOccurs="1">
        <xsd:annotation>
          <xsd:documentation>
            <ccts:Component>
              <ccts:ComponentType>BBIE</ccts:ComponentType>
              <ccts:DictionaryEntryName>Temperature. Attribute Identifier. Identifier</ccts:DictionaryEntryName>
              <ccts:Definition>An identifier for temperature.</ccts:Definition>
              <ccts:Cardinality>1</ccts:Cardinality>
              <ccts:ObjectClass>Temperature</ccts:ObjectClass>
              <ccts:PropertyTerm>Attribute Identifier</ccts:PropertyTerm>
              <ccts:RepresentationTerm>Identifier</ccts:RepresentationTerm>
              <ccts:DataType>Identifier. Type</ccts:DataType>
            </ccts:Component>
          </xsd:documentation>
        </xsd:annotation>
      </xsd:element>
      <xsd:element ref="cbc:Measure" minOccurs="1" maxOccurs="1">
        <xsd:annotation>
          <xsd:documentation>
            <ccts:Component>
              <ccts:ComponentType>BBIE</ccts:ComponentType>
              <ccts:DictionaryEntryName>Temperature. Measure</ccts:DictionaryEntryName>
              <ccts:Definition>The temperature measurement value.</ccts:Definition>
              <ccts:Cardinality>1</ccts:Cardinality>
              <ccts:ObjectClass>Temperature</ccts:ObjectClass>
              <ccts:PropertyTerm>Measure</ccts:PropertyTerm>
              <ccts:RepresentationTerm>Measure</ccts:RepresentationTerm>
              <ccts:DataType>Measure. Type</ccts:DataType>
            </ccts:Component>
          </xsd:documentation>
        </xsd:annotation>
      </xsd:element>
      <xsd:element ref="cbc:Description" minOccurs="0" maxOccurs="unbounded">
        <xsd:annotation>
          <xsd:documentation>
            <ccts:Component>
              <ccts:ComponentType>BBIE</ccts:ComponentType>
              <ccts:DictionaryEntryName>Temperature. Description. Text</ccts:DictionaryEntryName>
              <ccts:Definition>A description of the temperature measurement.</ccts:Definition>
              <ccts:Cardinality>0..n</ccts:Cardinality>
              <ccts:ObjectClass>Temperature</ccts:ObjectClass>
              <ccts:PropertyTerm>Description</ccts:PropertyTerm>
              <ccts:RepresentationTerm>Text</ccts:RepresentationTerm>
              <ccts:DataType>Text. Type</ccts:DataType>
              <ccts:Examples>"at sea level"</ccts:Examples>
            </ccts:Component>
          </xsd:documentation>
        </xsd:annotation>
      </xsd:element>
    </xsd:sequence>
  </xsd:complexType>
  <xsd:complexType name="TradingTermsType">
    <xsd:annotation>
      <xsd:documentation>
        <ccts:Component>
          <ccts:ComponentType>ABIE</ccts:ComponentType>
          <ccts:DictionaryEntryName>Trading Terms. Details</ccts:DictionaryEntryName>
          <ccts:Definition>Information about the terms of a trade agreement.</ccts:Definition>
          <ccts:ObjectClass>Trading Terms</ccts:ObjectClass>
        </ccts:Component>
      </xsd:documentation>
    </xsd:annotation>
    <xsd:sequence>
      <xsd:element ref="cbc:Information" minOccurs="0" maxOccurs="unbounded">
        <xsd:annotation>
          <xsd:documentation>
            <ccts:Component>
              <ccts:ComponentType>BBIE</ccts:ComponentType>
              <ccts:DictionaryEntryName>Trading Terms. Information. Text</ccts:DictionaryEntryName>
              <ccts:Definition>The terms in text.</ccts:Definition>
              <ccts:Cardinality>0..n</ccts:Cardinality>
              <ccts:ObjectClass>Trading Terms</ccts:ObjectClass>
              <ccts:PropertyTerm>Information</ccts:PropertyTerm>
              <ccts:RepresentationTerm>Text</ccts:RepresentationTerm>
              <ccts:DataType>Text. Type</ccts:DataType>
              <ccts:Examples>"Unless credit terms have been expressly agreed by Dell, payment for the products or services shall be made in full before physical delivery of products or services. Customer shall pay for all shipping and handling charges."</ccts:Examples>
            </ccts:Component>
          </xsd:documentation>
        </xsd:annotation>
      </xsd:element>
      <xsd:element ref="cbc:Reference" minOccurs="0" maxOccurs="1">
        <xsd:annotation>
          <xsd:documentation>
            <ccts:Component>
              <ccts:ComponentType>BBIE</ccts:ComponentType>
              <ccts:DictionaryEntryName>Trading Terms. Reference. Text</ccts:DictionaryEntryName>
              <ccts:Definition>A reference to the terms.</ccts:Definition>
              <ccts:Cardinality>0..1</ccts:Cardinality>
              <ccts:ObjectClass>Trading Terms</ccts:ObjectClass>
              <ccts:PropertyTerm>Reference</ccts:PropertyTerm>
              <ccts:RepresentationTerm>Text</ccts:RepresentationTerm>
              <ccts:DataType>Text. Type</ccts:DataType>
              <ccts:Examples>http://www1.ap.dell.com/content/topics/topic.aspx/ap/policy/en/au/sales_terms_au?c=au&amp;l=en&amp;s=gen</ccts:Examples>
            </ccts:Component>
          </xsd:documentation>
        </xsd:annotation>
      </xsd:element>
      <xsd:element ref="ApplicableAddress" minOccurs="0" maxOccurs="1">
        <xsd:annotation>
          <xsd:documentation>
            <ccts:Component>
              <ccts:ComponentType>ASBIE</ccts:ComponentType>
              <ccts:DictionaryEntryName>Trading Terms. Applicable_ Address. Address</ccts:DictionaryEntryName>
              <ccts:Definition>An association to Address.</ccts:Definition>
              <ccts:Cardinality>0..1</ccts:Cardinality>
              <ccts:ObjectClass>Trading Terms</ccts:ObjectClass>
              <ccts:PropertyTermQualifier>Applicable</ccts:PropertyTermQualifier>
              <ccts:PropertyTerm>Address</ccts:PropertyTerm>
              <ccts:AssociatedObjectClass>Address</ccts:AssociatedObjectClass>
            </ccts:Component>
          </xsd:documentation>
        </xsd:annotation>
      </xsd:element>
    </xsd:sequence>
  </xsd:complexType>
  <xsd:complexType name="TransactionConditionsType">
    <xsd:annotation>
      <xsd:documentation>
        <ccts:Component>
          <ccts:ComponentType>ABIE</ccts:ComponentType>
          <ccts:DictionaryEntryName>Transaction Conditions. Details</ccts:DictionaryEntryName>
          <ccts:Definition>Information about purchasing, sales, or payment conditions.</ccts:Definition>
          <ccts:ObjectClass>Transaction Conditions</ccts:ObjectClass>
          <ccts:AlternativeBusinessTerms>Payment Conditions, Sales Conditions</ccts:AlternativeBusinessTerms>
        </ccts:Component>
      </xsd:documentation>
    </xsd:annotation>
    <xsd:sequence>
      <xsd:element ref="cbc:ID" minOccurs="0" maxOccurs="1">
        <xsd:annotation>
          <xsd:documentation>
            <ccts:Component>
              <ccts:ComponentType>BBIE</ccts:ComponentType>
              <ccts:DictionaryEntryName>Transaction Conditions. Identifier</ccts:DictionaryEntryName>
              <ccts:Definition>Identifies conditions of the transaction, typically Purchase/Sales Conditions.</ccts:Definition>
              <ccts:Cardinality>0..1</ccts:Cardinality>
              <ccts:ObjectClass>Transaction Conditions</ccts:ObjectClass>
              <ccts:PropertyTerm>Identifier</ccts:PropertyTerm>
              <ccts:RepresentationTerm>Identifier</ccts:RepresentationTerm>
              <ccts:DataType>Identifier. Type</ccts:DataType>
            </ccts:Component>
          </xsd:documentation>
        </xsd:annotation>
      </xsd:element>
      <xsd:element ref="cbc:ActionCode" minOccurs="0" maxOccurs="1">
        <xsd:annotation>
          <xsd:documentation>
            <ccts:Component>
              <ccts:ComponentType>BBIE</ccts:ComponentType>
              <ccts:DictionaryEntryName>Transaction Conditions. Action Code. Code</ccts:DictionaryEntryName>
              <ccts:Definition>An action relating to sales or payment conditions, expressed as a code.</ccts:Definition>
              <ccts:Cardinality>0..1</ccts:Cardinality>
              <ccts:ObjectClass>Transaction Conditions</ccts:ObjectClass>
              <ccts:PropertyTerm>Action Code</ccts:PropertyTerm>
              <ccts:RepresentationTerm>Code</ccts:RepresentationTerm>
              <ccts:DataType>Code. Type</ccts:DataType>
            </ccts:Component>
          </xsd:documentation>
        </xsd:annotation>
      </xsd:element>
      <xsd:element ref="cbc:Description" minOccurs="0" maxOccurs="unbounded">
        <xsd:annotation>
          <xsd:documentation>
            <ccts:Component>
              <ccts:ComponentType>BBIE</ccts:ComponentType>
              <ccts:DictionaryEntryName>Transaction Conditions. Description. Text</ccts:DictionaryEntryName>
              <ccts:Definition>The description of the transaction conditions.</ccts:Definition>
              <ccts:Cardinality>0..n</ccts:Cardinality>
              <ccts:ObjectClass>Transaction Conditions</ccts:ObjectClass>
              <ccts:PropertyTerm>Description</ccts:PropertyTerm>
              <ccts:RepresentationTerm>Text</ccts:RepresentationTerm>
              <ccts:DataType>Text. Type</ccts:DataType>
            </ccts:Component>
          </xsd:documentation>
        </xsd:annotation>
      </xsd:element>
      <xsd:element ref="DocumentReference" minOccurs="0" maxOccurs="unbounded">
        <xsd:annotation>
          <xsd:documentation>
            <ccts:Component>
              <ccts:ComponentType>ASBIE</ccts:ComponentType>
              <ccts:DictionaryEntryName>Transaction Conditions. Document Reference</ccts:DictionaryEntryName>
              <ccts:Definition>An association to Document Reference.</ccts:Definition>
              <ccts:Cardinality>0..n</ccts:Cardinality>
              <ccts:ObjectClass>Transaction Conditions</ccts:ObjectClass>
              <ccts:PropertyTerm>Document Reference</ccts:PropertyTerm>
              <ccts:AssociatedObjectClass>Document Reference</ccts:AssociatedObjectClass>
            </ccts:Component>
          </xsd:documentation>
        </xsd:annotation>
      </xsd:element>
    </xsd:sequence>
  </xsd:complexType>
  <xsd:complexType name="TransportationServiceType">
    <xsd:annotation>
      <xsd:documentation>
        <ccts:Component>
          <ccts:ComponentType>ABIE</ccts:ComponentType>
          <ccts:DictionaryEntryName>Transportation Service. Details</ccts:DictionaryEntryName>
          <ccts:Definition>Transport service details.</ccts:Definition>
          <ccts:ObjectClass>Transportation Service</ccts:ObjectClass>
        </ccts:Component>
      </xsd:documentation>
    </xsd:annotation>
    <xsd:sequence>
      <xsd:element ref="cbc:TransportServiceCode" minOccurs="1" maxOccurs="1">
        <xsd:annotation>
          <xsd:documentation>
            <ccts:Component>
              <ccts:ComponentType>BBIE</ccts:ComponentType>
              <ccts:DictionaryEntryName>Transportation Service. Transport Service Code. Code</ccts:DictionaryEntryName>
              <ccts:Definition>A code which describes the general type of service required for the transportation of goods. Specifically, it identifies the extent of the transportation service, e.g., door-to-door, port-to-port.</ccts:Definition>
              <ccts:Cardinality>1</ccts:Cardinality>
              <ccts:ObjectClass>Transportation Service</ccts:ObjectClass>
              <ccts:PropertyTerm>Transport Service Code</ccts:PropertyTerm>
              <ccts:RepresentationTerm>Code</ccts:RepresentationTerm>
              <ccts:DataType>Code. Type</ccts:DataType>
            </ccts:Component>
          </xsd:documentation>
        </xsd:annotation>
      </xsd:element>
      <xsd:element ref="cbc:TariffClassCode" minOccurs="0" maxOccurs="1">
        <xsd:annotation>
          <xsd:documentation>
            <ccts:Component>
              <ccts:ComponentType>BBIE</ccts:ComponentType>
              <ccts:DictionaryEntryName>Transportation Service. Tariff Class Code. Code</ccts:DictionaryEntryName>
              <ccts:Definition>Specification of a tariff class applicable to a transportation service.</ccts:Definition>
              <ccts:Cardinality>0..1</ccts:Cardinality>
              <ccts:ObjectClass>Transportation Service</ccts:ObjectClass>
              <ccts:PropertyTerm>Tariff Class Code</ccts:PropertyTerm>
              <ccts:RepresentationTerm>Code</ccts:RepresentationTerm>
              <ccts:DataType>Code. Type</ccts:DataType>
              <ccts:AlternativeBusinessTerms>Tariff Class Specifier</ccts:AlternativeBusinessTerms>
            </ccts:Component>
          </xsd:documentation>
        </xsd:annotation>
      </xsd:element>
      <xsd:element ref="cbc:Priority" minOccurs="0" maxOccurs="1">
        <xsd:annotation>
          <xsd:documentation>
            <ccts:Component>
              <ccts:ComponentType>BBIE</ccts:ComponentType>
              <ccts:DictionaryEntryName>Transportation Service. Priority. Text</ccts:DictionaryEntryName>
              <ccts:Definition>Statement indicating priority of requested transportation service.</ccts:Definition>
              <ccts:Cardinality>0..1</ccts:Cardinality>
              <ccts:ObjectClass>Transportation Service</ccts:ObjectClass>
              <ccts:PropertyTerm>Priority</ccts:PropertyTerm>
              <ccts:RepresentationTerm>Text</ccts:RepresentationTerm>
              <ccts:DataType>Text. Type</ccts:DataType>
            </ccts:Component>
          </xsd:documentation>
        </xsd:annotation>
      </xsd:element>
      <xsd:element ref="cbc:FreightRateClassCode" minOccurs="0" maxOccurs="1">
        <xsd:annotation>
          <xsd:documentation>
            <ccts:Component>
              <ccts:ComponentType>BBIE</ccts:ComponentType>
              <ccts:DictionaryEntryName>Transportation Service. Freight Rate Class Code. Code</ccts:DictionaryEntryName>
              <ccts:Definition>Code to indicate applicable rate class for freight.</ccts:Definition>
              <ccts:Cardinality>0..1</ccts:Cardinality>
              <ccts:ObjectClass>Transportation Service</ccts:ObjectClass>
              <ccts:PropertyTerm>Freight Rate Class Code</ccts:PropertyTerm>
              <ccts:RepresentationTerm>Code</ccts:RepresentationTerm>
              <ccts:DataType>Code. Type</ccts:DataType>
              <ccts:AlternativeBusinessTerms>Charge Basis</ccts:AlternativeBusinessTerms>
            </ccts:Component>
          </xsd:documentation>
        </xsd:annotation>
      </xsd:element>
    </xsd:sequence>
  </xsd:complexType>
  <xsd:complexType name="TransportEquipmentType">
    <xsd:annotation>
      <xsd:documentation>
        <ccts:Component>
          <ccts:ComponentType>ABIE</ccts:ComponentType>
          <ccts:DictionaryEntryName>Transport Equipment. Details</ccts:DictionaryEntryName>
          <ccts:Definition>Information about Transport Equipment; a piece of equipment used to transport goods.</ccts:Definition>
          <ccts:ObjectClass>Transport Equipment</ccts:ObjectClass>
          <ccts:AlternativeBusinessTerms>Shipping Container, Sea Container, Rail Wagon, Pallet, Trailer, Unit Load Device, ULD</ccts:AlternativeBusinessTerms>
        </ccts:Component>
      </xsd:documentation>
    </xsd:annotation>
    <xsd:sequence>
      <xsd:element ref="cbc:ID" minOccurs="0" maxOccurs="1">
        <xsd:annotation>
          <xsd:documentation>
            <ccts:Component>
              <ccts:ComponentType>BBIE</ccts:ComponentType>
              <ccts:DictionaryEntryName>Transport Equipment. Identifier</ccts:DictionaryEntryName>
              <ccts:Definition>Identifies the transport equipment.</ccts:Definition>
              <ccts:Cardinality>0..1</ccts:Cardinality>
              <ccts:ObjectClass>Transport Equipment</ccts:ObjectClass>
              <ccts:PropertyTerm>Identifier</ccts:PropertyTerm>
              <ccts:RepresentationTerm>Identifier</ccts:RepresentationTerm>
              <ccts:DataType>Identifier. Type</ccts:DataType>
              <ccts:Examples>"OCLU 1234567"</ccts:Examples>
            </ccts:Component>
          </xsd:documentation>
        </xsd:annotation>
      </xsd:element>
      <xsd:element ref="cbc:TransportEquipmentTypeCode" minOccurs="0" maxOccurs="1">
        <xsd:annotation>
          <xsd:documentation>
            <ccts:Component>
              <ccts:ComponentType>BBIE</ccts:ComponentType>
              <ccts:DictionaryEntryName>Transport Equipment. Transport Equipment Type Code. Code</ccts:DictionaryEntryName>
              <ccts:Definition>Identifies the type of provider of the transport equipment.</ccts:Definition>
              <ccts:Cardinality>0..1</ccts:Cardinality>
              <ccts:ObjectClass>Transport Equipment</ccts:ObjectClass>
              <ccts:PropertyTerm>Transport Equipment Type Code</ccts:PropertyTerm>
              <ccts:RepresentationTerm>Code</ccts:RepresentationTerm>
              <ccts:DataType>Transport Equipment Type_ Code. Type</ccts:DataType>
            </ccts:Component>
          </xsd:documentation>
        </xsd:annotation>
      </xsd:element>
      <xsd:element ref="cbc:ProviderTypeCode" minOccurs="0" maxOccurs="1">
        <xsd:annotation>
          <xsd:documentation>
            <ccts:Component>
              <ccts:ComponentType>BBIE</ccts:ComponentType>
              <ccts:DictionaryEntryName>Transport Equipment. Provider Type Code. Code</ccts:DictionaryEntryName>
              <ccts:Definition>Identifies the type of provider of the transport equipment.</ccts:Definition>
              <ccts:Cardinality>0..1</ccts:Cardinality>
              <ccts:ObjectClass>Transport Equipment</ccts:ObjectClass>
              <ccts:PropertyTerm>Provider Type Code</ccts:PropertyTerm>
              <ccts:RepresentationTerm>Code</ccts:RepresentationTerm>
              <ccts:DataType>Code. Type</ccts:DataType>
            </ccts:Component>
          </xsd:documentation>
        </xsd:annotation>
      </xsd:element>
      <xsd:element ref="cbc:OwnerTypeCode" minOccurs="0" maxOccurs="1">
        <xsd:annotation>
          <xsd:documentation>
            <ccts:Component>
              <ccts:ComponentType>BBIE</ccts:ComponentType>
              <ccts:DictionaryEntryName>Transport Equipment. Owner Type Code. Code</ccts:DictionaryEntryName>
              <ccts:Definition>Identifies the type of owner of a piece of transport equipment.</ccts:Definition>
              <ccts:Cardinality>0..1</ccts:Cardinality>
              <ccts:ObjectClass>Transport Equipment</ccts:ObjectClass>
              <ccts:PropertyTerm>Owner Type Code</ccts:PropertyTerm>
              <ccts:RepresentationTerm>Code</ccts:RepresentationTerm>
              <ccts:DataType>Code. Type</ccts:DataType>
            </ccts:Component>
          </xsd:documentation>
        </xsd:annotation>
      </xsd:element>
      <xsd:element ref="cbc:SizeTypeCode" minOccurs="0" maxOccurs="1">
        <xsd:annotation>
          <xsd:documentation>
            <ccts:Component>
              <ccts:ComponentType>BBIE</ccts:ComponentType>
              <ccts:DictionaryEntryName>Transport Equipment. Size Type Code. Code</ccts:DictionaryEntryName>
              <ccts:Definition>The size and type of a piece of transport equipment, expressed as a code. When the transport equipment is a shipping container, it is recommended to use ContainerSizeTypeCode for validation.</ccts:Definition>
              <ccts:Cardinality>0..1</ccts:Cardinality>
              <ccts:ObjectClass>Transport Equipment</ccts:ObjectClass>
              <ccts:PropertyTerm>Size Type Code</ccts:PropertyTerm>
              <ccts:RepresentationTerm>Code</ccts:RepresentationTerm>
              <ccts:DataType>Code. Type</ccts:DataType>
              <ccts:AlternativeBusinessTerms>Container Size Type Code</ccts:AlternativeBusinessTerms>
            </ccts:Component>
          </xsd:documentation>
        </xsd:annotation>
      </xsd:element>
      <xsd:element ref="cbc:DispositionCode" minOccurs="0" maxOccurs="1">
        <xsd:annotation>
          <xsd:documentation>
            <ccts:Component>
              <ccts:ComponentType>BBIE</ccts:ComponentType>
              <ccts:DictionaryEntryName>Transport Equipment. Disposition Code. Code</ccts:DictionaryEntryName>
              <ccts:Definition>The current disposition of the transport equipment, expressed as a code.</ccts:Definition>
              <ccts:Cardinality>0..1</ccts:Cardinality>
              <ccts:ObjectClass>Transport Equipment</ccts:ObjectClass>
              <ccts:PropertyTerm>Disposition Code</ccts:PropertyTerm>
              <ccts:RepresentationTerm>Code</ccts:RepresentationTerm>
              <ccts:DataType>Code. Type</ccts:DataType>
              <ccts:AlternativeBusinessTerms>Status</ccts:AlternativeBusinessTerms>
            </ccts:Component>
          </xsd:documentation>
        </xsd:annotation>
      </xsd:element>
      <xsd:element ref="cbc:FullnessIndicationCode" minOccurs="0" maxOccurs="1">
        <xsd:annotation>
          <xsd:documentation>
            <ccts:Component>
              <ccts:ComponentType>BBIE</ccts:ComponentType>
              <ccts:DictionaryEntryName>Transport Equipment. Fullness Indication Code. Code</ccts:DictionaryEntryName>
              <ccts:Definition>A code indicating whether a piece of transport equipment is full, partially full, or empty.</ccts:Definition>
              <ccts:Cardinality>0..1</ccts:Cardinality>
              <ccts:ObjectClass>Transport Equipment</ccts:ObjectClass>
              <ccts:PropertyTerm>Fullness Indication Code</ccts:PropertyTerm>
              <ccts:RepresentationTerm>Code</ccts:RepresentationTerm>
              <ccts:DataType>Code. Type</ccts:DataType>
            </ccts:Component>
          </xsd:documentation>
        </xsd:annotation>
      </xsd:element>
      <xsd:element ref="cbc:RefrigerationOnIndicator" minOccurs="0" maxOccurs="1">
        <xsd:annotation>
          <xsd:documentation>
            <ccts:Component>
              <ccts:ComponentType>BBIE</ccts:ComponentType>
              <ccts:DictionaryEntryName>Transport Equipment. Refrigeration On_ Indicator. Indicator</ccts:DictionaryEntryName>
              <ccts:Definition>Indicates whether the transport equipment's refrigeration is on (true) or off (false).</ccts:Definition>
              <ccts:Cardinality>0..1</ccts:Cardinality>
              <ccts:ObjectClass>Transport Equipment</ccts:ObjectClass>
              <ccts:PropertyTermQualifier>Refrigeration On</ccts:PropertyTermQualifier>
              <ccts:PropertyTerm>Indicator</ccts:PropertyTerm>
              <ccts:RepresentationTerm>Indicator</ccts:RepresentationTerm>
              <ccts:DataType>Indicator. Type</ccts:DataType>
            </ccts:Component>
          </xsd:documentation>
        </xsd:annotation>
      </xsd:element>
      <xsd:element ref="cbc:Information" minOccurs="0" maxOccurs="1">
        <xsd:annotation>
          <xsd:documentation>
            <ccts:Component>
              <ccts:ComponentType>BBIE</ccts:ComponentType>
              <ccts:DictionaryEntryName>Transport Equipment. Information. Text</ccts:DictionaryEntryName>
              <ccts:Definition>Additional information about the transport equipment.</ccts:Definition>
              <ccts:Cardinality>0..1</ccts:Cardinality>
              <ccts:ObjectClass>Transport Equipment</ccts:ObjectClass>
              <ccts:PropertyTerm>Information</ccts:PropertyTerm>
              <ccts:RepresentationTerm>Text</ccts:RepresentationTerm>
              <ccts:DataType>Text. Type</ccts:DataType>
            </ccts:Component>
          </xsd:documentation>
        </xsd:annotation>
      </xsd:element>
      <xsd:element ref="cbc:ReturnabilityIndicator" minOccurs="0" maxOccurs="1">
        <xsd:annotation>
          <xsd:documentation>
            <ccts:Component>
              <ccts:ComponentType>BBIE</ccts:ComponentType>
              <ccts:DictionaryEntryName>Transport Equipment. Returnability_ Indicator. Indicator</ccts:DictionaryEntryName>
              <ccts:Definition>Indicates whether a particular item of transport equipment is returnable.</ccts:Definition>
              <ccts:Cardinality>0..1</ccts:Cardinality>
              <ccts:ObjectClass>Transport Equipment</ccts:ObjectClass>
              <ccts:PropertyTermQualifier>Returnability</ccts:PropertyTermQualifier>
              <ccts:PropertyTerm>Indicator</ccts:PropertyTerm>
              <ccts:RepresentationTerm>Indicator</ccts:RepresentationTerm>
              <ccts:DataType>Indicator. Type</ccts:DataType>
            </ccts:Component>
          </xsd:documentation>
        </xsd:annotation>
      </xsd:element>
      <xsd:element ref="cbc:LegalStatusIndicator" minOccurs="0" maxOccurs="1">
        <xsd:annotation>
          <xsd:documentation>
            <ccts:Component>
              <ccts:ComponentType>BBIE</ccts:ComponentType>
              <ccts:DictionaryEntryName>Transport Equipment. Legal Status_ Indicator. Indicator</ccts:DictionaryEntryName>
              <ccts:Definition>Legal status of the transport equipment with respect to the Container Convention code.</ccts:Definition>
              <ccts:Cardinality>0..1</ccts:Cardinality>
              <ccts:ObjectClass>Transport Equipment</ccts:ObjectClass>
              <ccts:PropertyTermQualifier>Legal Status</ccts:PropertyTermQualifier>
              <ccts:PropertyTerm>Indicator</ccts:PropertyTerm>
              <ccts:RepresentationTerm>Indicator</ccts:RepresentationTerm>
              <ccts:DataType>Indicator. Type</ccts:DataType>
            </ccts:Component>
          </xsd:documentation>
        </xsd:annotation>
      </xsd:element>
      <xsd:element ref="MeasurementDimension" minOccurs="0" maxOccurs="unbounded">
        <xsd:annotation>
          <xsd:documentation>
            <ccts:Component>
              <ccts:ComponentType>ASBIE</ccts:ComponentType>
              <ccts:DictionaryEntryName>Transport Equipment. Measurement_ Dimension. Dimension</ccts:DictionaryEntryName>
              <ccts:Definition>An association to Dimension.</ccts:Definition>
              <ccts:Cardinality>0..n</ccts:Cardinality>
              <ccts:ObjectClass>Transport Equipment</ccts:ObjectClass>
              <ccts:PropertyTermQualifier>Measurement</ccts:PropertyTermQualifier>
              <ccts:PropertyTerm>Dimension</ccts:PropertyTerm>
              <ccts:AssociatedObjectClass>Dimension</ccts:AssociatedObjectClass>
            </ccts:Component>
          </xsd:documentation>
        </xsd:annotation>
      </xsd:element>
      <xsd:element ref="TransportEquipmentSeal" minOccurs="0" maxOccurs="unbounded">
        <xsd:annotation>
          <xsd:documentation>
            <ccts:Component>
              <ccts:ComponentType>ASBIE</ccts:ComponentType>
              <ccts:DictionaryEntryName>Transport Equipment. Transport Equipment Seal</ccts:DictionaryEntryName>
              <ccts:Definition>An association to Transport Equipment Seal.</ccts:Definition>
              <ccts:Cardinality>0..n</ccts:Cardinality>
              <ccts:ObjectClass>Transport Equipment</ccts:ObjectClass>
              <ccts:PropertyTerm>Transport Equipment Seal</ccts:PropertyTerm>
              <ccts:AssociatedObjectClass>Transport Equipment Seal</ccts:AssociatedObjectClass>
            </ccts:Component>
          </xsd:documentation>
        </xsd:annotation>
      </xsd:element>
      <xsd:element ref="MinimumTemperature" minOccurs="0" maxOccurs="1">
        <xsd:annotation>
          <xsd:documentation>
            <ccts:Component>
              <ccts:ComponentType>ASBIE</ccts:ComponentType>
              <ccts:DictionaryEntryName>Transport Equipment. Minimum_ Temperature. Temperature</ccts:DictionaryEntryName>
              <ccts:Definition>The minimum required operating temperature for the container (reefer).</ccts:Definition>
              <ccts:Cardinality>0..1</ccts:Cardinality>
              <ccts:ObjectClass>Transport Equipment</ccts:ObjectClass>
              <ccts:PropertyTermQualifier>Minimum</ccts:PropertyTermQualifier>
              <ccts:PropertyTerm>Temperature</ccts:PropertyTerm>
              <ccts:AssociatedObjectClass>Temperature</ccts:AssociatedObjectClass>
            </ccts:Component>
          </xsd:documentation>
        </xsd:annotation>
      </xsd:element>
      <xsd:element ref="MaximumTemperature" minOccurs="0" maxOccurs="1">
        <xsd:annotation>
          <xsd:documentation>
            <ccts:Component>
              <ccts:ComponentType>ASBIE</ccts:ComponentType>
              <ccts:DictionaryEntryName>Transport Equipment. Maximum_ Temperature. Temperature</ccts:DictionaryEntryName>
              <ccts:Definition>The maximum required operating temperature for the container (reefer).</ccts:Definition>
              <ccts:Cardinality>0..1</ccts:Cardinality>
              <ccts:ObjectClass>Transport Equipment</ccts:ObjectClass>
              <ccts:PropertyTermQualifier>Maximum</ccts:PropertyTermQualifier>
              <ccts:PropertyTerm>Temperature</ccts:PropertyTerm>
              <ccts:AssociatedObjectClass>Temperature</ccts:AssociatedObjectClass>
            </ccts:Component>
          </xsd:documentation>
        </xsd:annotation>
      </xsd:element>
      <xsd:element ref="ProviderParty" minOccurs="0" maxOccurs="1">
        <xsd:annotation>
          <xsd:documentation>
            <ccts:Component>
              <ccts:ComponentType>ASBIE</ccts:ComponentType>
              <ccts:DictionaryEntryName>Transport Equipment. Provider_ Party. Party</ccts:DictionaryEntryName>
              <ccts:Definition>The party that provides the transport equipment.</ccts:Definition>
              <ccts:Cardinality>0..1</ccts:Cardinality>
              <ccts:ObjectClass>Transport Equipment</ccts:ObjectClass>
              <ccts:PropertyTermQualifier>Provider</ccts:PropertyTermQualifier>
              <ccts:PropertyTerm>Party</ccts:PropertyTerm>
              <ccts:AssociatedObjectClass>Party</ccts:AssociatedObjectClass>
            </ccts:Component>
          </xsd:documentation>
        </xsd:annotation>
      </xsd:element>
      <xsd:element ref="LoadingProofParty" minOccurs="0" maxOccurs="1">
        <xsd:annotation>
          <xsd:documentation>
            <ccts:Component>
              <ccts:ComponentType>ASBIE</ccts:ComponentType>
              <ccts:DictionaryEntryName>Transport Equipment. Loading Proof_ Party. Party</ccts:DictionaryEntryName>
              <ccts:Definition>The authorized party responsible for certifying that the goods were loaded into the transport equipment.</ccts:Definition>
              <ccts:Cardinality>0..1</ccts:Cardinality>
              <ccts:ObjectClass>Transport Equipment</ccts:ObjectClass>
              <ccts:PropertyTermQualifier>Loading Proof</ccts:PropertyTermQualifier>
              <ccts:PropertyTerm>Party</ccts:PropertyTerm>
              <ccts:AssociatedObjectClass>Party</ccts:AssociatedObjectClass>
            </ccts:Component>
          </xsd:documentation>
        </xsd:annotation>
      </xsd:element>
      <xsd:element ref="LoadingLocation" minOccurs="0" maxOccurs="1">
        <xsd:annotation>
          <xsd:documentation>
            <ccts:Component>
              <ccts:ComponentType>ASBIE</ccts:ComponentType>
              <ccts:DictionaryEntryName>Transport Equipment. Loading_ Location. Location</ccts:DictionaryEntryName>
              <ccts:Definition>Identifies the location where the goods are loaded into the transport equipment.</ccts:Definition>
              <ccts:Cardinality>0..1</ccts:Cardinality>
              <ccts:ObjectClass>Transport Equipment</ccts:ObjectClass>
              <ccts:PropertyTermQualifier>Loading</ccts:PropertyTermQualifier>
              <ccts:PropertyTerm>Location</ccts:PropertyTerm>
              <ccts:AssociatedObjectClass>Location</ccts:AssociatedObjectClass>
            </ccts:Component>
          </xsd:documentation>
        </xsd:annotation>
      </xsd:element>
    </xsd:sequence>
  </xsd:complexType>
  <xsd:complexType name="TransportEquipmentSealType">
    <xsd:annotation>
      <xsd:documentation>
        <ccts:Component>
          <ccts:ComponentType>ABIE</ccts:ComponentType>
          <ccts:DictionaryEntryName>Transport Equipment Seal. Details</ccts:DictionaryEntryName>
          <ccts:Definition>Information about a transport equipment seal (a security device attached to the doors of a shipping container).</ccts:Definition>
          <ccts:ObjectClass>Transport Equipment Seal</ccts:ObjectClass>
          <ccts:AlternativeBusinessTerms>Container Seal</ccts:AlternativeBusinessTerms>
        </ccts:Component>
      </xsd:documentation>
    </xsd:annotation>
    <xsd:sequence>
      <xsd:element ref="cbc:ID" minOccurs="1" maxOccurs="1">
        <xsd:annotation>
          <xsd:documentation>
            <ccts:Component>
              <ccts:ComponentType>BBIE</ccts:ComponentType>
              <ccts:DictionaryEntryName>Transport Equipment Seal. Identifier</ccts:DictionaryEntryName>
              <ccts:Definition>Identifies the seal.</ccts:Definition>
              <ccts:Cardinality>1</ccts:Cardinality>
              <ccts:ObjectClass>Transport Equipment Seal</ccts:ObjectClass>
              <ccts:PropertyTerm>Identifier</ccts:PropertyTerm>
              <ccts:RepresentationTerm>Identifier</ccts:RepresentationTerm>
              <ccts:DataType>Identifier. Type</ccts:DataType>
              <ccts:Examples>"ACS1234"</ccts:Examples>
            </ccts:Component>
          </xsd:documentation>
        </xsd:annotation>
      </xsd:element>
      <xsd:element ref="cbc:SealIssuerTypeCode" minOccurs="0" maxOccurs="1">
        <xsd:annotation>
          <xsd:documentation>
            <ccts:Component>
              <ccts:ComponentType>BBIE</ccts:ComponentType>
              <ccts:DictionaryEntryName>Transport Equipment Seal. Seal Issuer Type Code. Code</ccts:DictionaryEntryName>
              <ccts:Definition>The type of party that issues and is responsible for a seal, expressed as a code.</ccts:Definition>
              <ccts:Cardinality>0..1</ccts:Cardinality>
              <ccts:ObjectClass>Transport Equipment Seal</ccts:ObjectClass>
              <ccts:PropertyTerm>Seal Issuer Type Code</ccts:PropertyTerm>
              <ccts:RepresentationTerm>Code</ccts:RepresentationTerm>
              <ccts:DataType>Code. Type</ccts:DataType>
            </ccts:Component>
          </xsd:documentation>
        </xsd:annotation>
      </xsd:element>
      <xsd:element ref="cbc:Condition" minOccurs="0" maxOccurs="1">
        <xsd:annotation>
          <xsd:documentation>
            <ccts:Component>
              <ccts:ComponentType>BBIE</ccts:ComponentType>
              <ccts:DictionaryEntryName>Transport Equipment Seal. Condition. Text</ccts:DictionaryEntryName>
              <ccts:Definition>Information about the condition of a seal.</ccts:Definition>
              <ccts:Cardinality>0..1</ccts:Cardinality>
              <ccts:ObjectClass>Transport Equipment Seal</ccts:ObjectClass>
              <ccts:PropertyTerm>Condition</ccts:PropertyTerm>
              <ccts:RepresentationTerm>Text</ccts:RepresentationTerm>
              <ccts:DataType>Text. Type</ccts:DataType>
            </ccts:Component>
          </xsd:documentation>
        </xsd:annotation>
      </xsd:element>
      <xsd:element ref="cbc:SealStatusCode" minOccurs="0" maxOccurs="1">
        <xsd:annotation>
          <xsd:documentation>
            <ccts:Component>
              <ccts:ComponentType>BBIE</ccts:ComponentType>
              <ccts:DictionaryEntryName>Transport Equipment Seal. Seal Status Code. Code</ccts:DictionaryEntryName>
              <ccts:Definition>The status of a seal, expressed as a code.</ccts:Definition>
              <ccts:Cardinality>0..1</ccts:Cardinality>
              <ccts:ObjectClass>Transport Equipment Seal</ccts:ObjectClass>
              <ccts:PropertyTerm>Seal Status Code</ccts:PropertyTerm>
              <ccts:RepresentationTerm>Code</ccts:RepresentationTerm>
              <ccts:DataType>Code. Type</ccts:DataType>
            </ccts:Component>
          </xsd:documentation>
        </xsd:annotation>
      </xsd:element>
      <xsd:element ref="cbc:SealingPartyType" minOccurs="0" maxOccurs="1">
        <xsd:annotation>
          <xsd:documentation>
            <ccts:Component>
              <ccts:ComponentType>BBIE</ccts:ComponentType>
              <ccts:DictionaryEntryName>Transport Equipment Seal. Sealing Party Type. Text</ccts:DictionaryEntryName>
              <ccts:Definition>Textual description of the role of a sealing party.</ccts:Definition>
              <ccts:Cardinality>0..1</ccts:Cardinality>
              <ccts:ObjectClass>Transport Equipment Seal</ccts:ObjectClass>
              <ccts:PropertyTerm>Sealing Party Type</ccts:PropertyTerm>
              <ccts:RepresentationTerm>Text</ccts:RepresentationTerm>
              <ccts:DataType>Text. Type</ccts:DataType>
              <ccts:AlternativeBusinessTerms>Sealing Party</ccts:AlternativeBusinessTerms>
            </ccts:Component>
          </xsd:documentation>
        </xsd:annotation>
      </xsd:element>
    </xsd:sequence>
  </xsd:complexType>
  <xsd:complexType name="TransportEventType">
    <xsd:annotation>
      <xsd:documentation>
        <ccts:Component>
          <ccts:ComponentType>ABIE</ccts:ComponentType>
          <ccts:DictionaryEntryName>Transport Event. Details</ccts:DictionaryEntryName>
          <ccts:Definition>A significant occurrence or happening related to the transportation of goods.</ccts:Definition>
          <ccts:ObjectClass>Transport Event</ccts:ObjectClass>
        </ccts:Component>
      </xsd:documentation>
    </xsd:annotation>
    <xsd:sequence>
      <xsd:element ref="cbc:IdentificationID" minOccurs="0" maxOccurs="1">
        <xsd:annotation>
          <xsd:documentation>
            <ccts:Component>
              <ccts:ComponentType>BBIE</ccts:ComponentType>
              <ccts:DictionaryEntryName>Transport Event. Identification. Identifier</ccts:DictionaryEntryName>
              <ccts:Definition>An identifier for the event.</ccts:Definition>
              <ccts:Cardinality>0..1</ccts:Cardinality>
              <ccts:ObjectClass>Transport Event</ccts:ObjectClass>
              <ccts:PropertyTerm>Identification</ccts:PropertyTerm>
              <ccts:RepresentationTerm>Identifier</ccts:RepresentationTerm>
              <ccts:DataType>Identifier. Type</ccts:DataType>
            </ccts:Component>
          </xsd:documentation>
        </xsd:annotation>
      </xsd:element>
      <xsd:element ref="cbc:OccurrenceDate" minOccurs="0" maxOccurs="1">
        <xsd:annotation>
          <xsd:documentation>
            <ccts:Component>
              <ccts:ComponentType>BBIE</ccts:ComponentType>
              <ccts:DictionaryEntryName>Transport Event. Occurrence Date. Date</ccts:DictionaryEntryName>
              <ccts:Definition>The date of an occurrence of the event.</ccts:Definition>
              <ccts:Cardinality>0..1</ccts:Cardinality>
              <ccts:ObjectClass>Transport Event</ccts:ObjectClass>
              <ccts:PropertyTerm>Occurrence Date</ccts:PropertyTerm>
              <ccts:RepresentationTerm>Date</ccts:RepresentationTerm>
              <ccts:DataType>Date. Type</ccts:DataType>
            </ccts:Component>
          </xsd:documentation>
        </xsd:annotation>
      </xsd:element>
      <xsd:element ref="cbc:OccurrenceTime" minOccurs="0" maxOccurs="1">
        <xsd:annotation>
          <xsd:documentation>
            <ccts:Component>
              <ccts:ComponentType>BBIE</ccts:ComponentType>
              <ccts:DictionaryEntryName>Transport Event. Occurrence Time. Time</ccts:DictionaryEntryName>
              <ccts:Definition>The time of an occurrence of the event.</ccts:Definition>
              <ccts:Cardinality>0..1</ccts:Cardinality>
              <ccts:ObjectClass>Transport Event</ccts:ObjectClass>
              <ccts:PropertyTerm>Occurrence Time</ccts:PropertyTerm>
              <ccts:RepresentationTerm>Time</ccts:RepresentationTerm>
              <ccts:DataType>Time. Type</ccts:DataType>
            </ccts:Component>
          </xsd:documentation>
        </xsd:annotation>
      </xsd:element>
      <xsd:element ref="cbc:TransportEventTypeCode" minOccurs="0" maxOccurs="1">
        <xsd:annotation>
          <xsd:documentation>
            <ccts:Component>
              <ccts:ComponentType>BBIE</ccts:ComponentType>
              <ccts:DictionaryEntryName>Transport Event. Transport Event Type Code. Code</ccts:DictionaryEntryName>
              <ccts:Definition>A code specifying the type of event.</ccts:Definition>
              <ccts:Cardinality>0..1</ccts:Cardinality>
              <ccts:ObjectClass>Transport Event</ccts:ObjectClass>
              <ccts:PropertyTerm>Transport Event Type Code</ccts:PropertyTerm>
              <ccts:RepresentationTerm>Code</ccts:RepresentationTerm>
              <ccts:DataType>Code. Type</ccts:DataType>
            </ccts:Component>
          </xsd:documentation>
        </xsd:annotation>
      </xsd:element>
      <xsd:element ref="cbc:Description" minOccurs="0" maxOccurs="1">
        <xsd:annotation>
          <xsd:documentation>
            <ccts:Component>
              <ccts:ComponentType>BBIE</ccts:ComponentType>
              <ccts:DictionaryEntryName>Transport Event. Description. Text</ccts:DictionaryEntryName>
              <ccts:Definition>A textual description of the event.</ccts:Definition>
              <ccts:Cardinality>0..1</ccts:Cardinality>
              <ccts:ObjectClass>Transport Event</ccts:ObjectClass>
              <ccts:PropertyTerm>Description</ccts:PropertyTerm>
              <ccts:RepresentationTerm>Text</ccts:RepresentationTerm>
              <ccts:DataType>Text. Type</ccts:DataType>
            </ccts:Component>
          </xsd:documentation>
        </xsd:annotation>
      </xsd:element>
      <xsd:element ref="cbc:CompletionIndicator" minOccurs="0" maxOccurs="1">
        <xsd:annotation>
          <xsd:documentation>
            <ccts:Component>
              <ccts:ComponentType>BBIE</ccts:ComponentType>
              <ccts:DictionaryEntryName>Transport Event. Completion_ Indicator. Indicator</ccts:DictionaryEntryName>
              <ccts:Definition>Indicates if this event is completed.</ccts:Definition>
              <ccts:Cardinality>0..1</ccts:Cardinality>
              <ccts:ObjectClass>Transport Event</ccts:ObjectClass>
              <ccts:PropertyTermQualifier>Completion</ccts:PropertyTermQualifier>
              <ccts:PropertyTerm>Indicator</ccts:PropertyTerm>
              <ccts:RepresentationTerm>Indicator</ccts:RepresentationTerm>
              <ccts:DataType>Indicator. Type</ccts:DataType>
            </ccts:Component>
          </xsd:documentation>
        </xsd:annotation>
      </xsd:element>
      <xsd:element ref="ReportedShipment" minOccurs="0" maxOccurs="1">
        <xsd:annotation>
          <xsd:documentation>
            <ccts:Component>
              <ccts:ComponentType>ASBIE</ccts:ComponentType>
              <ccts:DictionaryEntryName>Transport Event. Reported_ Shipment. Shipment</ccts:DictionaryEntryName>
              <ccts:Definition>Information about the separately identifiable collection of goods items (available to be) transported from one consignor to one consignee via one or more modes of transport.</ccts:Definition>
              <ccts:Cardinality>0..1</ccts:Cardinality>
              <ccts:ObjectClass>Transport Event</ccts:ObjectClass>
              <ccts:PropertyTermQualifier>Reported</ccts:PropertyTermQualifier>
              <ccts:PropertyTerm>Shipment</ccts:PropertyTerm>
              <ccts:AssociatedObjectClass>Shipment</ccts:AssociatedObjectClass>
            </ccts:Component>
          </xsd:documentation>
        </xsd:annotation>
      </xsd:element>
      <xsd:element ref="CurrentStatus" minOccurs="1" maxOccurs="unbounded">
        <xsd:annotation>
          <xsd:documentation>
            <ccts:Component>
              <ccts:ComponentType>ASBIE</ccts:ComponentType>
              <ccts:DictionaryEntryName>Transport Event. Current_ Status. Status</ccts:DictionaryEntryName>
              <ccts:Definition>The status of the event.</ccts:Definition>
              <ccts:Cardinality>1..n</ccts:Cardinality>
              <ccts:ObjectClass>Transport Event</ccts:ObjectClass>
              <ccts:PropertyTermQualifier>Current</ccts:PropertyTermQualifier>
              <ccts:PropertyTerm>Status</ccts:PropertyTerm>
              <ccts:AssociatedObjectClass>Status</ccts:AssociatedObjectClass>
            </ccts:Component>
          </xsd:documentation>
        </xsd:annotation>
      </xsd:element>
      <xsd:element ref="Contact" minOccurs="0" maxOccurs="unbounded">
        <xsd:annotation>
          <xsd:documentation>
            <ccts:Component>
              <ccts:ComponentType>ASBIE</ccts:ComponentType>
              <ccts:DictionaryEntryName>Transport Event. Contact</ccts:DictionaryEntryName>
              <ccts:Definition>Any contacts for the event.</ccts:Definition>
              <ccts:Cardinality>0..n</ccts:Cardinality>
              <ccts:ObjectClass>Transport Event</ccts:ObjectClass>
              <ccts:PropertyTerm>Contact</ccts:PropertyTerm>
              <ccts:AssociatedObjectClass>Contact</ccts:AssociatedObjectClass>
            </ccts:Component>
          </xsd:documentation>
        </xsd:annotation>
      </xsd:element>
    </xsd:sequence>
  </xsd:complexType>
  <xsd:complexType name="TransportHandlingUnitType">
    <xsd:annotation>
      <xsd:documentation>
        <ccts:Component>
          <ccts:ComponentType>ABIE</ccts:ComponentType>
          <ccts:DictionaryEntryName>Transport Handling Unit. Details</ccts:DictionaryEntryName>
          <ccts:Definition>A uniquely identifiable physical unit consisting of one or more packages (not necessarily containing the same articles) for enabling physical handling during the transport process.</ccts:Definition>
          <ccts:ObjectClass>Transport Handling Unit</ccts:ObjectClass>
          <ccts:AlternativeBusinessTerms>Logistics Unit, Handling Unit, THU</ccts:AlternativeBusinessTerms>
        </ccts:Component>
      </xsd:documentation>
    </xsd:annotation>
    <xsd:sequence>
      <xsd:element ref="cbc:ID" minOccurs="0" maxOccurs="1">
        <xsd:annotation>
          <xsd:documentation>
            <ccts:Component>
              <ccts:ComponentType>BBIE</ccts:ComponentType>
              <ccts:DictionaryEntryName>Transport Handling Unit. Identifier</ccts:DictionaryEntryName>
              <ccts:Definition>Identifies the transport handling unit.</ccts:Definition>
              <ccts:Cardinality>0..1</ccts:Cardinality>
              <ccts:ObjectClass>Transport Handling Unit</ccts:ObjectClass>
              <ccts:PropertyTerm>Identifier</ccts:PropertyTerm>
              <ccts:RepresentationTerm>Identifier</ccts:RepresentationTerm>
              <ccts:DataType>Identifier. Type</ccts:DataType>
            </ccts:Component>
          </xsd:documentation>
        </xsd:annotation>
      </xsd:element>
      <xsd:element ref="cbc:TransportHandlingUnitTypeCode" minOccurs="0" maxOccurs="1">
        <xsd:annotation>
          <xsd:documentation>
            <ccts:Component>
              <ccts:ComponentType>BBIE</ccts:ComponentType>
              <ccts:DictionaryEntryName>Transport Handling Unit. Transport Handling Unit Type Code. Code</ccts:DictionaryEntryName>
              <ccts:Definition>The type of transport handling unit, expressed as a code.</ccts:Definition>
              <ccts:Cardinality>0..1</ccts:Cardinality>
              <ccts:ObjectClass>Transport Handling Unit</ccts:ObjectClass>
              <ccts:PropertyTerm>Transport Handling Unit Type Code</ccts:PropertyTerm>
              <ccts:RepresentationTerm>Code</ccts:RepresentationTerm>
              <ccts:DataType>Code. Type</ccts:DataType>
            </ccts:Component>
          </xsd:documentation>
        </xsd:annotation>
      </xsd:element>
      <xsd:element ref="cbc:HandlingCode" minOccurs="0" maxOccurs="1">
        <xsd:annotation>
          <xsd:documentation>
            <ccts:Component>
              <ccts:ComponentType>BBIE</ccts:ComponentType>
              <ccts:DictionaryEntryName>Transport Handling Unit. Handling Code. Code</ccts:DictionaryEntryName>
              <ccts:Definition>The handling required for a shipment, expressed as a code.</ccts:Definition>
              <ccts:Cardinality>0..1</ccts:Cardinality>
              <ccts:ObjectClass>Transport Handling Unit</ccts:ObjectClass>
              <ccts:PropertyTerm>Handling Code</ccts:PropertyTerm>
              <ccts:RepresentationTerm>Code</ccts:RepresentationTerm>
              <ccts:DataType>Code. Type</ccts:DataType>
              <ccts:AlternativeBusinessTerms>Special Handling</ccts:AlternativeBusinessTerms>
            </ccts:Component>
          </xsd:documentation>
        </xsd:annotation>
      </xsd:element>
      <xsd:element ref="cbc:HandlingInstructions" minOccurs="0" maxOccurs="1">
        <xsd:annotation>
          <xsd:documentation>
            <ccts:Component>
              <ccts:ComponentType>BBIE</ccts:ComponentType>
              <ccts:DictionaryEntryName>Transport Handling Unit. Handling_ Instructions. Text</ccts:DictionaryEntryName>
              <ccts:Definition>Free-form text describing handling instructions for a shipment.</ccts:Definition>
              <ccts:Cardinality>0..1</ccts:Cardinality>
              <ccts:ObjectClass>Transport Handling Unit</ccts:ObjectClass>
              <ccts:PropertyTermQualifier>Handling</ccts:PropertyTermQualifier>
              <ccts:PropertyTerm>Instructions</ccts:PropertyTerm>
              <ccts:RepresentationTerm>Text</ccts:RepresentationTerm>
              <ccts:DataType>Text. Type</ccts:DataType>
            </ccts:Component>
          </xsd:documentation>
        </xsd:annotation>
      </xsd:element>
      <xsd:element ref="cbc:HazardousRiskIndicator" minOccurs="0" maxOccurs="1">
        <xsd:annotation>
          <xsd:documentation>
            <ccts:Component>
              <ccts:ComponentType>BBIE</ccts:ComponentType>
              <ccts:DictionaryEntryName>Transport Handling Unit. Hazardous Risk_ Indicator. Indicator</ccts:DictionaryEntryName>
              <ccts:Definition>Indicates whether the shipment contains hazardous materials.</ccts:Definition>
              <ccts:Cardinality>0..1</ccts:Cardinality>
              <ccts:ObjectClass>Transport Handling Unit</ccts:ObjectClass>
              <ccts:PropertyTermQualifier>Hazardous Risk</ccts:PropertyTermQualifier>
              <ccts:PropertyTerm>Indicator</ccts:PropertyTerm>
              <ccts:RepresentationTerm>Indicator</ccts:RepresentationTerm>
              <ccts:DataType>Indicator. Type</ccts:DataType>
              <ccts:Examples>Default is negative</ccts:Examples>
            </ccts:Component>
          </xsd:documentation>
        </xsd:annotation>
      </xsd:element>
      <xsd:element ref="cbc:TotalGoodsItemQuantity" minOccurs="0" maxOccurs="1">
        <xsd:annotation>
          <xsd:documentation>
            <ccts:Component>
              <ccts:ComponentType>BBIE</ccts:ComponentType>
              <ccts:DictionaryEntryName>Transport Handling Unit. Total_ Goods Item Quantity. Quantity</ccts:DictionaryEntryName>
              <ccts:Definition>The total number of goods items in the transport handling unit.</ccts:Definition>
              <ccts:Cardinality>0..1</ccts:Cardinality>
              <ccts:ObjectClass>Transport Handling Unit</ccts:ObjectClass>
              <ccts:PropertyTermQualifier>Total</ccts:PropertyTermQualifier>
              <ccts:PropertyTerm>Goods Item Quantity</ccts:PropertyTerm>
              <ccts:RepresentationTerm>Quantity</ccts:RepresentationTerm>
              <ccts:DataType>Quantity. Type</ccts:DataType>
            </ccts:Component>
          </xsd:documentation>
        </xsd:annotation>
      </xsd:element>
      <xsd:element ref="cbc:TotalPackageQuantity" minOccurs="0" maxOccurs="1">
        <xsd:annotation>
          <xsd:documentation>
            <ccts:Component>
              <ccts:ComponentType>BBIE</ccts:ComponentType>
              <ccts:DictionaryEntryName>Transport Handling Unit. Total_ Package Quantity. Quantity</ccts:DictionaryEntryName>
              <ccts:Definition>The total number of packages in the transport handling unit.</ccts:Definition>
              <ccts:Cardinality>0..1</ccts:Cardinality>
              <ccts:ObjectClass>Transport Handling Unit</ccts:ObjectClass>
              <ccts:PropertyTermQualifier>Total</ccts:PropertyTermQualifier>
              <ccts:PropertyTerm>Package Quantity</ccts:PropertyTerm>
              <ccts:RepresentationTerm>Quantity</ccts:RepresentationTerm>
              <ccts:DataType>Quantity. Type</ccts:DataType>
            </ccts:Component>
          </xsd:documentation>
        </xsd:annotation>
      </xsd:element>
      <xsd:element ref="cbc:DamageRemarks" minOccurs="0" maxOccurs="unbounded">
        <xsd:annotation>
          <xsd:documentation>
            <ccts:Component>
              <ccts:ComponentType>BBIE</ccts:ComponentType>
              <ccts:DictionaryEntryName>Transport Handling Unit. Damage_ Remarks. Text</ccts:DictionaryEntryName>
              <ccts:Definition>Description of a type of damage.</ccts:Definition>
              <ccts:Cardinality>0..n</ccts:Cardinality>
              <ccts:ObjectClass>Transport Handling Unit</ccts:ObjectClass>
              <ccts:PropertyTermQualifier>Damage</ccts:PropertyTermQualifier>
              <ccts:PropertyTerm>Remarks</ccts:PropertyTerm>
              <ccts:RepresentationTerm>Text</ccts:RepresentationTerm>
              <ccts:DataType>Text. Type</ccts:DataType>
            </ccts:Component>
          </xsd:documentation>
        </xsd:annotation>
      </xsd:element>
      <xsd:element ref="cbc:ShippingMarks" minOccurs="0" maxOccurs="unbounded">
        <xsd:annotation>
          <xsd:documentation>
            <ccts:Component>
              <ccts:ComponentType>BBIE</ccts:ComponentType>
              <ccts:DictionaryEntryName>Transport Handling Unit. Shipping_ Marks. Text</ccts:DictionaryEntryName>
              <ccts:Definition>Free-form description of the marks and numbers on a transport unit or package.</ccts:Definition>
              <ccts:Cardinality>0..n</ccts:Cardinality>
              <ccts:ObjectClass>Transport Handling Unit</ccts:ObjectClass>
              <ccts:PropertyTermQualifier>Shipping</ccts:PropertyTermQualifier>
              <ccts:PropertyTerm>Marks</ccts:PropertyTerm>
              <ccts:RepresentationTerm>Text</ccts:RepresentationTerm>
              <ccts:DataType>Text. Type</ccts:DataType>
              <ccts:AlternativeBusinessTerms>Marks and Numbers, Shipping Marks</ccts:AlternativeBusinessTerms>
            </ccts:Component>
          </xsd:documentation>
        </xsd:annotation>
      </xsd:element>
      <xsd:element ref="HandlingUnitDespatchLine" minOccurs="0" maxOccurs="unbounded">
        <xsd:annotation>
          <xsd:documentation>
            <ccts:Component>
              <ccts:ComponentType>ASBIE</ccts:ComponentType>
              <ccts:DictionaryEntryName>Transport Handling Unit. Handling Unit_ Despatch Line. Despatch Line</ccts:DictionaryEntryName>
              <ccts:Definition>An association to Handling Unit Despatch Line.</ccts:Definition>
              <ccts:Cardinality>0..n</ccts:Cardinality>
              <ccts:ObjectClass>Transport Handling Unit</ccts:ObjectClass>
              <ccts:PropertyTermQualifier>Handling Unit</ccts:PropertyTermQualifier>
              <ccts:PropertyTerm>Despatch Line</ccts:PropertyTerm>
              <ccts:AssociatedObjectClass>Despatch Line</ccts:AssociatedObjectClass>
            </ccts:Component>
          </xsd:documentation>
        </xsd:annotation>
      </xsd:element>
      <xsd:element ref="ActualPackage" minOccurs="0" maxOccurs="unbounded">
        <xsd:annotation>
          <xsd:documentation>
            <ccts:Component>
              <ccts:ComponentType>ASBIE</ccts:ComponentType>
              <ccts:DictionaryEntryName>Transport Handling Unit. Actual_ Package. Package</ccts:DictionaryEntryName>
              <ccts:Definition>An association to Actual Package.</ccts:Definition>
              <ccts:Cardinality>0..n</ccts:Cardinality>
              <ccts:ObjectClass>Transport Handling Unit</ccts:ObjectClass>
              <ccts:PropertyTermQualifier>Actual</ccts:PropertyTermQualifier>
              <ccts:PropertyTerm>Package</ccts:PropertyTerm>
              <ccts:AssociatedObjectClass>Package</ccts:AssociatedObjectClass>
            </ccts:Component>
          </xsd:documentation>
        </xsd:annotation>
      </xsd:element>
      <xsd:element ref="ReceivedHandlingUnitReceiptLine" minOccurs="0" maxOccurs="unbounded">
        <xsd:annotation>
          <xsd:documentation>
            <ccts:Component>
              <ccts:ComponentType>ASBIE</ccts:ComponentType>
              <ccts:DictionaryEntryName>Transport Handling Unit. Received Handling Unit_ Receipt Line. Receipt Line</ccts:DictionaryEntryName>
              <ccts:Definition>An association to Receipt Line.</ccts:Definition>
              <ccts:Cardinality>0..n</ccts:Cardinality>
              <ccts:ObjectClass>Transport Handling Unit</ccts:ObjectClass>
              <ccts:PropertyTermQualifier>Received Handling Unit</ccts:PropertyTermQualifier>
              <ccts:PropertyTerm>Receipt Line</ccts:PropertyTerm>
              <ccts:AssociatedObjectClass>Receipt Line</ccts:AssociatedObjectClass>
            </ccts:Component>
          </xsd:documentation>
        </xsd:annotation>
      </xsd:element>
      <xsd:element ref="TransportEquipment" minOccurs="0" maxOccurs="unbounded">
        <xsd:annotation>
          <xsd:documentation>
            <ccts:Component>
              <ccts:ComponentType>ASBIE</ccts:ComponentType>
              <ccts:DictionaryEntryName>Transport Handling Unit. Transport Equipment</ccts:DictionaryEntryName>
              <ccts:Definition>An association to Transport Equipment.</ccts:Definition>
              <ccts:Cardinality>0..n</ccts:Cardinality>
              <ccts:ObjectClass>Transport Handling Unit</ccts:ObjectClass>
              <ccts:PropertyTerm>Transport Equipment</ccts:PropertyTerm>
              <ccts:AssociatedObjectClass>Transport Equipment</ccts:AssociatedObjectClass>
            </ccts:Component>
          </xsd:documentation>
        </xsd:annotation>
      </xsd:element>
      <xsd:element ref="HazardousGoodsTransit" minOccurs="0" maxOccurs="unbounded">
        <xsd:annotation>
          <xsd:documentation>
            <ccts:Component>
              <ccts:ComponentType>ASBIE</ccts:ComponentType>
              <ccts:DictionaryEntryName>Transport Handling Unit. Hazardous Goods Transit</ccts:DictionaryEntryName>
              <ccts:Definition>An association to information about the transportation of hazardous goods.</ccts:Definition>
              <ccts:Cardinality>0..n</ccts:Cardinality>
              <ccts:ObjectClass>Transport Handling Unit</ccts:ObjectClass>
              <ccts:PropertyTerm>Hazardous Goods Transit</ccts:PropertyTerm>
              <ccts:AssociatedObjectClass>Hazardous Goods Transit</ccts:AssociatedObjectClass>
            </ccts:Component>
          </xsd:documentation>
        </xsd:annotation>
      </xsd:element>
      <xsd:element ref="MeasurementDimension" minOccurs="0" maxOccurs="unbounded">
        <xsd:annotation>
          <xsd:documentation>
            <ccts:Component>
              <ccts:ComponentType>ASBIE</ccts:ComponentType>
              <ccts:DictionaryEntryName>Transport Handling Unit. Measurement_ Dimension. Dimension</ccts:DictionaryEntryName>
              <ccts:Definition>An association to Dimension.</ccts:Definition>
              <ccts:Cardinality>0..n</ccts:Cardinality>
              <ccts:ObjectClass>Transport Handling Unit</ccts:ObjectClass>
              <ccts:PropertyTermQualifier>Measurement</ccts:PropertyTermQualifier>
              <ccts:PropertyTerm>Dimension</ccts:PropertyTerm>
              <ccts:AssociatedObjectClass>Dimension</ccts:AssociatedObjectClass>
            </ccts:Component>
          </xsd:documentation>
        </xsd:annotation>
      </xsd:element>
      <xsd:element ref="MinimumTemperature" minOccurs="0" maxOccurs="1">
        <xsd:annotation>
          <xsd:documentation>
            <ccts:Component>
              <ccts:ComponentType>ASBIE</ccts:ComponentType>
              <ccts:DictionaryEntryName>Transport Handling Unit. Minimum_ Temperature. Temperature</ccts:DictionaryEntryName>
              <ccts:Definition>The minimum required operating temperature.</ccts:Definition>
              <ccts:Cardinality>0..1</ccts:Cardinality>
              <ccts:ObjectClass>Transport Handling Unit</ccts:ObjectClass>
              <ccts:PropertyTermQualifier>Minimum</ccts:PropertyTermQualifier>
              <ccts:PropertyTerm>Temperature</ccts:PropertyTerm>
              <ccts:AssociatedObjectClass>Temperature</ccts:AssociatedObjectClass>
            </ccts:Component>
          </xsd:documentation>
        </xsd:annotation>
      </xsd:element>
      <xsd:element ref="MaximumTemperature" minOccurs="0" maxOccurs="1">
        <xsd:annotation>
          <xsd:documentation>
            <ccts:Component>
              <ccts:ComponentType>ASBIE</ccts:ComponentType>
              <ccts:DictionaryEntryName>Transport Handling Unit. Maximum_ Temperature. Temperature</ccts:DictionaryEntryName>
              <ccts:Definition>The maximum required operating temperature.</ccts:Definition>
              <ccts:Cardinality>0..1</ccts:Cardinality>
              <ccts:ObjectClass>Transport Handling Unit</ccts:ObjectClass>
              <ccts:PropertyTermQualifier>Maximum</ccts:PropertyTermQualifier>
              <ccts:PropertyTerm>Temperature</ccts:PropertyTerm>
              <ccts:AssociatedObjectClass>Temperature</ccts:AssociatedObjectClass>
            </ccts:Component>
          </xsd:documentation>
        </xsd:annotation>
      </xsd:element>
    </xsd:sequence>
  </xsd:complexType>
  <xsd:complexType name="TransportMeansType">
    <xsd:annotation>
      <xsd:documentation>
        <ccts:Component>
          <ccts:ComponentType>ABIE</ccts:ComponentType>
          <ccts:DictionaryEntryName>Transport Means. Details</ccts:DictionaryEntryName>
          <ccts:Definition>The particular vehicle used for the transport of goods or persons.</ccts:Definition>
          <ccts:ObjectClass>Transport Means</ccts:ObjectClass>
          <ccts:AlternativeBusinessTerms>Conveyance</ccts:AlternativeBusinessTerms>
        </ccts:Component>
      </xsd:documentation>
    </xsd:annotation>
    <xsd:sequence>
      <xsd:element ref="cbc:JourneyID" minOccurs="0" maxOccurs="1">
        <xsd:annotation>
          <xsd:documentation>
            <ccts:Component>
              <ccts:ComponentType>BBIE</ccts:ComponentType>
              <ccts:DictionaryEntryName>Transport Means. Journey Identifier. Identifier</ccts:DictionaryEntryName>
              <ccts:Definition>An identifier assigned to a regularly scheduled service of a means of transport.</ccts:Definition>
              <ccts:Cardinality>0..1</ccts:Cardinality>
              <ccts:ObjectClass>Transport Means</ccts:ObjectClass>
              <ccts:PropertyTerm>Journey Identifier</ccts:PropertyTerm>
              <ccts:RepresentationTerm>Identifier</ccts:RepresentationTerm>
              <ccts:DataType>Identifier. Type</ccts:DataType>
              <ccts:AlternativeBusinessTerms>Voyage Number, Scheduled Conveyance Identifier (WCO ID 205), Flight Number</ccts:AlternativeBusinessTerms>
            </ccts:Component>
          </xsd:documentation>
        </xsd:annotation>
      </xsd:element>
      <xsd:element ref="cbc:RegistrationNationalityID" minOccurs="0" maxOccurs="1">
        <xsd:annotation>
          <xsd:documentation>
            <ccts:Component>
              <ccts:ComponentType>BBIE</ccts:ComponentType>
              <ccts:DictionaryEntryName>Transport Means. Registration_ Nationality Identifier. Identifier</ccts:DictionaryEntryName>
              <ccts:Definition>Formal identification of the country in which a means of transport is registered.</ccts:Definition>
              <ccts:Cardinality>0..1</ccts:Cardinality>
              <ccts:ObjectClass>Transport Means</ccts:ObjectClass>
              <ccts:PropertyTermQualifier>Registration</ccts:PropertyTermQualifier>
              <ccts:PropertyTerm>Nationality Identifier</ccts:PropertyTerm>
              <ccts:RepresentationTerm>Identifier</ccts:RepresentationTerm>
              <ccts:DataType>Identifier. Type</ccts:DataType>
              <ccts:AlternativeBusinessTerms>Nationality of Means of Transport (WCO 175, 178 and 179)</ccts:AlternativeBusinessTerms>
              <ccts:Examples>"LIB"</ccts:Examples>
            </ccts:Component>
          </xsd:documentation>
        </xsd:annotation>
      </xsd:element>
      <xsd:element ref="cbc:RegistrationNationality" minOccurs="0" maxOccurs="unbounded">
        <xsd:annotation>
          <xsd:documentation>
            <ccts:Component>
              <ccts:ComponentType>BBIE</ccts:ComponentType>
              <ccts:DictionaryEntryName>Transport Means. Registration_ Nationality. Text</ccts:DictionaryEntryName>
              <ccts:Definition>Name of the country in which a means of transport is registered.</ccts:Definition>
              <ccts:Cardinality>0..n</ccts:Cardinality>
              <ccts:ObjectClass>Transport Means</ccts:ObjectClass>
              <ccts:PropertyTermQualifier>Registration</ccts:PropertyTermQualifier>
              <ccts:PropertyTerm>Nationality</ccts:PropertyTerm>
              <ccts:RepresentationTerm>Text</ccts:RepresentationTerm>
              <ccts:DataType>Text. Type</ccts:DataType>
              <ccts:AlternativeBusinessTerms>Flag of Vessel, Nationality of Ship</ccts:AlternativeBusinessTerms>
              <ccts:Examples>Liberia</ccts:Examples>
            </ccts:Component>
          </xsd:documentation>
        </xsd:annotation>
      </xsd:element>
      <xsd:element ref="cbc:DirectionCode" minOccurs="0" maxOccurs="1">
        <xsd:annotation>
          <xsd:documentation>
            <ccts:Component>
              <ccts:ComponentType>BBIE</ccts:ComponentType>
              <ccts:DictionaryEntryName>Transport Means. Direction Code. Code</ccts:DictionaryEntryName>
              <ccts:Definition>The direction of the transport means.</ccts:Definition>
              <ccts:Cardinality>0..1</ccts:Cardinality>
              <ccts:ObjectClass>Transport Means</ccts:ObjectClass>
              <ccts:PropertyTerm>Direction Code</ccts:PropertyTerm>
              <ccts:RepresentationTerm>Code</ccts:RepresentationTerm>
              <ccts:DataType>Code. Type</ccts:DataType>
              <ccts:AlternativeBusinessTerms>Transit Direction</ccts:AlternativeBusinessTerms>
              <ccts:Examples>"North","East"</ccts:Examples>
            </ccts:Component>
          </xsd:documentation>
        </xsd:annotation>
      </xsd:element>
      <xsd:element ref="Stowage" minOccurs="0" maxOccurs="1">
        <xsd:annotation>
          <xsd:documentation>
            <ccts:Component>
              <ccts:ComponentType>ASBIE</ccts:ComponentType>
              <ccts:DictionaryEntryName>Transport Means. Stowage</ccts:DictionaryEntryName>
              <ccts:Definition>Association to a location on board a means of transport where specified goods or transport equipment have been or are to be stowed.</ccts:Definition>
              <ccts:Cardinality>0..1</ccts:Cardinality>
              <ccts:ObjectClass>Transport Means</ccts:ObjectClass>
              <ccts:PropertyTerm>Stowage</ccts:PropertyTerm>
              <ccts:AssociatedObjectClass>Stowage</ccts:AssociatedObjectClass>
            </ccts:Component>
          </xsd:documentation>
        </xsd:annotation>
      </xsd:element>
      <xsd:element ref="AirTransport" minOccurs="0" maxOccurs="1">
        <xsd:annotation>
          <xsd:documentation>
            <ccts:Component>
              <ccts:ComponentType>ASBIE</ccts:ComponentType>
              <ccts:DictionaryEntryName>Transport Means. Air Transport</ccts:DictionaryEntryName>
              <ccts:Definition>Association to identify an aircraft.</ccts:Definition>
              <ccts:Cardinality>0..1</ccts:Cardinality>
              <ccts:ObjectClass>Transport Means</ccts:ObjectClass>
              <ccts:PropertyTerm>Air Transport</ccts:PropertyTerm>
              <ccts:AssociatedObjectClass>Air Transport</ccts:AssociatedObjectClass>
            </ccts:Component>
          </xsd:documentation>
        </xsd:annotation>
      </xsd:element>
      <xsd:element ref="RoadTransport" minOccurs="0" maxOccurs="1">
        <xsd:annotation>
          <xsd:documentation>
            <ccts:Component>
              <ccts:ComponentType>ASBIE</ccts:ComponentType>
              <ccts:DictionaryEntryName>Transport Means. Road Transport</ccts:DictionaryEntryName>
              <ccts:Definition>Association to identify a road vehicle.</ccts:Definition>
              <ccts:Cardinality>0..1</ccts:Cardinality>
              <ccts:ObjectClass>Transport Means</ccts:ObjectClass>
              <ccts:PropertyTerm>Road Transport</ccts:PropertyTerm>
              <ccts:AssociatedObjectClass>Road Transport</ccts:AssociatedObjectClass>
            </ccts:Component>
          </xsd:documentation>
        </xsd:annotation>
      </xsd:element>
      <xsd:element ref="RailTransport" minOccurs="0" maxOccurs="1">
        <xsd:annotation>
          <xsd:documentation>
            <ccts:Component>
              <ccts:ComponentType>ASBIE</ccts:ComponentType>
              <ccts:DictionaryEntryName>Transport Means. Rail Transport</ccts:DictionaryEntryName>
              <ccts:Definition>Association to identify a train.</ccts:Definition>
              <ccts:Cardinality>0..1</ccts:Cardinality>
              <ccts:ObjectClass>Transport Means</ccts:ObjectClass>
              <ccts:PropertyTerm>Rail Transport</ccts:PropertyTerm>
              <ccts:AssociatedObjectClass>Rail Transport</ccts:AssociatedObjectClass>
            </ccts:Component>
          </xsd:documentation>
        </xsd:annotation>
      </xsd:element>
      <xsd:element ref="MaritimeTransport" minOccurs="0" maxOccurs="1">
        <xsd:annotation>
          <xsd:documentation>
            <ccts:Component>
              <ccts:ComponentType>ASBIE</ccts:ComponentType>
              <ccts:DictionaryEntryName>Transport Means. Maritime Transport</ccts:DictionaryEntryName>
              <ccts:Definition>Association to identify a ship.</ccts:Definition>
              <ccts:Cardinality>0..1</ccts:Cardinality>
              <ccts:ObjectClass>Transport Means</ccts:ObjectClass>
              <ccts:PropertyTerm>Maritime Transport</ccts:PropertyTerm>
              <ccts:AssociatedObjectClass>Maritime Transport</ccts:AssociatedObjectClass>
            </ccts:Component>
          </xsd:documentation>
        </xsd:annotation>
      </xsd:element>
      <xsd:element ref="OwnerParty" minOccurs="0" maxOccurs="1">
        <xsd:annotation>
          <xsd:documentation>
            <ccts:Component>
              <ccts:ComponentType>ASBIE</ccts:ComponentType>
              <ccts:DictionaryEntryName>Transport Means. Owner_ Party. Party</ccts:DictionaryEntryName>
              <ccts:Definition>Association to the party owning the means of transport.</ccts:Definition>
              <ccts:Cardinality>0..1</ccts:Cardinality>
              <ccts:ObjectClass>Transport Means</ccts:ObjectClass>
              <ccts:PropertyTermQualifier>Owner</ccts:PropertyTermQualifier>
              <ccts:PropertyTerm>Party</ccts:PropertyTerm>
              <ccts:AssociatedObjectClass>Party</ccts:AssociatedObjectClass>
            </ccts:Component>
          </xsd:documentation>
        </xsd:annotation>
      </xsd:element>
    </xsd:sequence>
  </xsd:complexType>
</xsd:schema>
<!--===== Copyright Notice =====-->
<!--OASIS takes no position regarding the validity or scope of any 
  intellectual property or other rights that might be claimed to pertain 
  to the implementation or use of the technology described in this 
  document or the extent to which any license under such rights 
  might or might not be available; neither does it represent that it has 
  made any effort to identify any such rights. Information on OASIS's 
  procedures with respect to rights in OASIS specifications can be 
  found at the OASIS website. Copies of claims of rights made 
  available for publication and any assurances of licenses to be made 
  available, or the result of an attempt made to obtain a general 
  license or permission for the use of such proprietary rights by 
  implementors or users of this specification, can be obtained from 
  the OASIS Executive Director.

  OASIS invites any interested party to bring to its attention any 
  copyrights, patents or patent applications, or other proprietary 
  rights which may cover technology that may be required to 
  implement this specification. Please address the information to the 
  OASIS Executive Director.
  
  Copyright (C) OASIS Open 2001-2006. All Rights Reserved.

  This document and translations of it may be copied and furnished to 
  others, and derivative works that comment on or otherwise explain 
  it or assist in its implementation may be prepared, copied, 
  published and distributed, in whole or in part, without restriction of 
  any kind, provided that the above copyright notice and this 
  paragraph are included on all such copies and derivative works. 
  However, this document itself may not be modified in any way, 
  such as by removing the copyright notice or references to OASIS, 
  except as needed for the purpose of developing OASIS 
  specifications, in which case the procedures for copyrights defined 
  in the OASIS Intellectual Property Rights document must be 
  followed, or as required to translate it into languages other than 
  English. 

  The limited permissions granted above are perpetual and will not be 
  revoked by OASIS or its successors or assigns. 

  This document and the information contained herein is provided on 
  an "AS IS" basis and OASIS DISCLAIMS ALL WARRANTIES, 
  EXPRESS OR IMPLIED, INCLUDING BUT NOT LIMITED TO ANY 
  WARRANTY THAT THE USE OF THE INFORMATION HEREIN 
  WILL NOT INFRINGE ANY RIGHTS OR ANY IMPLIED 
  WARRANTIES OF MERCHANTABILITY OR FITNESS FOR A 
  PARTICULAR PURPOSE.-->]]></con:content><con:type>http://www.w3.org/2001/XMLSchema</con:type></con:part><con:part><con:url>file:/home/isr/git/parent/invoiceservice/InvoiceServiceRegistry/wsdl/invoiceService/1.0.0/invoice/UBL-CommonBasicComponents-2.0.xsd</con:url><con:content><![CDATA[<!--Document Type:     CommonBasicComponents
  Generated On:      Tue Oct 03 2:26:38 P3 2006-->
<!--===== xsd:schema Element With Namespaces Declarations =====-->
<xsd:schema targetNamespace="urn:oasis:names:specification:ubl:schema:xsd:CommonBasicComponents-2" elementFormDefault="qualified" attributeFormDefault="unqualified" version="2.0" xmlns:xsd="http://www.w3.org/2001/XMLSchema" xmlns="urn:oasis:names:specification:ubl:schema:xsd:CommonBasicComponents-2" xmlns:udt="urn:un:unece:uncefact:data:specification:UnqualifiedDataTypesSchemaModule:2" xmlns:ccts="urn:un:unece:uncefact:documentation:2" xmlns:qdt="urn:oasis:names:specification:ubl:schema:xsd:QualifiedDatatypes-2">
  <!--===== Imports =====-->
  <xsd:import namespace="urn:un:unece:uncefact:data:specification:UnqualifiedDataTypesSchemaModule:2" schemaLocation="UnqualifiedDataTypeSchemaModule-2.0.xsd"/>
  <xsd:import namespace="urn:oasis:names:specification:ubl:schema:xsd:QualifiedDatatypes-2" schemaLocation="UBL-QualifiedDatatypes-2.0.xsd"/>
  <!--===== Element Declarations =====-->
  <xsd:element name="AcceptedIndicator" type="AcceptedIndicatorType"/>
  <xsd:element name="AccountID" type="AccountIDType"/>
  <xsd:element name="AccountingCost" type="AccountingCostType"/>
  <xsd:element name="AccountingCostCode" type="AccountingCostCodeType"/>
  <xsd:element name="AccountNumberID" type="AccountNumberIDType"/>
  <xsd:element name="AccountTypeCode" type="AccountTypeCodeType"/>
  <xsd:element name="ActionCode" type="ActionCodeType"/>
  <xsd:element name="ActualDeliveryDate" type="ActualDeliveryDateType"/>
  <xsd:element name="ActualDeliveryTime" type="ActualDeliveryTimeType"/>
  <xsd:element name="ActualDespatchDate" type="ActualDespatchDateType"/>
  <xsd:element name="ActualDespatchTime" type="ActualDespatchTimeType"/>
  <xsd:element name="AdditionalAccountID" type="AdditionalAccountIDType"/>
  <xsd:element name="AdditionalInformation" type="AdditionalInformationType"/>
  <xsd:element name="AdditionalStreetName" type="AdditionalStreetNameType"/>
  <xsd:element name="AddressFormatCode" type="AddressFormatCodeType"/>
  <xsd:element name="AddressTypeCode" type="AddressTypeCodeType"/>
  <xsd:element name="AdValoremIndicator" type="AdValoremIndicatorType"/>
  <xsd:element name="AgencyID" type="AgencyIDType"/>
  <xsd:element name="AgencyName" type="AgencyNameType"/>
  <xsd:element name="AircraftID" type="AircraftIDType"/>
  <xsd:element name="AllowanceChargeReason" type="AllowanceChargeReasonType"/>
  <xsd:element name="AllowanceChargeReasonCode" type="AllowanceChargeReasonCodeType"/>
  <xsd:element name="AllowanceTotalAmount" type="AllowanceTotalAmountType"/>
  <xsd:element name="Amount" type="AmountType"/>
  <xsd:element name="ApplicationID" type="ApplicationIDType"/>
  <xsd:element name="ApplicationStatusCode" type="ApplicationStatusCodeType"/>
  <xsd:element name="ApprovalStatus" type="ApprovalStatusType"/>
  <xsd:element name="AttributeID" type="AttributeIDType"/>
  <xsd:element name="BackOrderAllowedIndicator" type="BackOrderAllowedIndicatorType"/>
  <xsd:element name="BackorderQuantity" type="BackorderQuantityType"/>
  <xsd:element name="BackorderReason" type="BackorderReasonType"/>
  <xsd:element name="BalanceAmount" type="BalanceAmountType"/>
  <xsd:element name="BalanceBroughtForwardIndicator" type="BalanceBroughtForwardIndicatorType"/>
  <xsd:element name="BaseAmount" type="BaseAmountType"/>
  <xsd:element name="BaseQuantity" type="BaseQuantityType"/>
  <xsd:element name="BaseUnitMeasure" type="BaseUnitMeasureType"/>
  <xsd:element name="BatchQuantity" type="BatchQuantityType"/>
  <xsd:element name="BlockName" type="BlockNameType"/>
  <xsd:element name="BrandName" type="BrandNameType"/>
  <xsd:element name="BuildingName" type="BuildingNameType"/>
  <xsd:element name="BuildingNumber" type="BuildingNumberType"/>
  <xsd:element name="CalculationRate" type="CalculationRateType"/>
  <xsd:element name="CalculationSequenceNumeric" type="CalculationSequenceNumericType"/>
  <xsd:element name="CancellationNote" type="CancellationNoteType"/>
  <xsd:element name="CanonicalizationMethod" type="CanonicalizationMethodType"/>
  <xsd:element name="CardChipCode" type="CardChipCodeType"/>
  <xsd:element name="CardTypeCode" type="CardTypeCodeType"/>
  <xsd:element name="CargoTypeCode" type="CargoTypeCodeType"/>
  <xsd:element name="CarrierAssignedID" type="CarrierAssignedIDType"/>
  <xsd:element name="CatalogueIndicator" type="CatalogueIndicatorType"/>
  <xsd:element name="CategoryName" type="CategoryNameType"/>
  <xsd:element name="CertificateType" type="CertificateTypeType"/>
  <xsd:element name="Channel" type="ChannelType"/>
  <xsd:element name="ChannelCode" type="ChannelCodeType"/>
  <xsd:element name="ChargeableWeightMeasure" type="ChargeableWeightMeasureType"/>
  <xsd:element name="ChargeIndicator" type="ChargeIndicatorType"/>
  <xsd:element name="ChargeTotalAmount" type="ChargeTotalAmountType"/>
  <xsd:element name="ChipApplicationID" type="ChipApplicationIDType"/>
  <xsd:element name="CityName" type="CityNameType"/>
  <xsd:element name="CitySubdivisionName" type="CitySubdivisionNameType"/>
  <xsd:element name="ClassifiedIndicator" type="ClassifiedIndicatorType"/>
  <xsd:element name="CodeValue" type="CodeValueType"/>
  <xsd:element name="CommodityCode" type="CommodityCodeType"/>
  <xsd:element name="CompanyID" type="CompanyIDType"/>
  <xsd:element name="CompletionIndicator" type="CompletionIndicatorType"/>
  <xsd:element name="Condition" type="ConditionType"/>
  <xsd:element name="ConditionCode" type="ConditionCodeType"/>
  <xsd:element name="Conditions" type="ConditionsType"/>
  <xsd:element name="ConsumerUnitQuantity" type="ConsumerUnitQuantityType"/>
  <xsd:element name="ContentUnitQuantity" type="ContentUnitQuantityType"/>
  <xsd:element name="ContractSubdivision" type="ContractSubdivisionType"/>
  <xsd:element name="ContractType" type="ContractTypeType"/>
  <xsd:element name="ContractTypeCode" type="ContractTypeCodeType"/>
  <xsd:element name="CoordinateSystemCode" type="CoordinateSystemCodeType"/>
  <xsd:element name="CopiesNumeric" type="CopiesNumericType"/>
  <xsd:element name="CopyIndicator" type="CopyIndicatorType"/>
  <xsd:element name="CorporateRegistrationTypeCode" type="CorporateRegistrationTypeCodeType"/>
  <xsd:element name="CountrySubentity" type="CountrySubentityType"/>
  <xsd:element name="CountrySubentityCode" type="CountrySubentityCodeType"/>
  <xsd:element name="CreditAmount" type="CreditAmountType"/>
  <xsd:element name="CreditedQuantity" type="CreditedQuantityType"/>
  <xsd:element name="CreditLineAmount" type="CreditLineAmountType"/>
  <xsd:element name="CurrencyBaseRate" type="CurrencyBaseRateType"/>
  <xsd:element name="CurrencyCode" type="CurrencyCodeType"/>
  <xsd:element name="CustomerAssignedAccountID" type="CustomerAssignedAccountIDType"/>
  <xsd:element name="CustomerReference" type="CustomerReferenceType"/>
  <xsd:element name="CustomizationID" type="CustomizationIDType"/>
  <xsd:element name="CustomsID" type="CustomsIDType"/>
  <xsd:element name="CustomsImportClassifiedIndicator" type="CustomsImportClassifiedIndicatorType"/>
  <xsd:element name="CustomsStatusCode" type="CustomsStatusCodeType"/>
  <xsd:element name="CustomsTariffQuantity" type="CustomsTariffQuantityType"/>
  <xsd:element name="CV2ID" type="CV2IDType"/>
  <xsd:element name="DamageRemarks" type="DamageRemarksType"/>
  <xsd:element name="DataSendingCapability" type="DataSendingCapabilityType"/>
  <xsd:element name="Date" type="DateType"/>
  <xsd:element name="DebitAmount" type="DebitAmountType"/>
  <xsd:element name="DebitedQuantity" type="DebitedQuantityType"/>
  <xsd:element name="DebitLineAmount" type="DebitLineAmountType"/>
  <xsd:element name="DeclaredCarriageValueAmount" type="DeclaredCarriageValueAmountType"/>
  <xsd:element name="DeclaredCustomsValueAmount" type="DeclaredCustomsValueAmountType"/>
  <xsd:element name="DeclaredForCarriageValueAmount" type="DeclaredForCarriageValueAmountType"/>
  <xsd:element name="DeclaredStatisticsValueAmount" type="DeclaredStatisticsValueAmountType"/>
  <xsd:element name="DegreesMeasure" type="DegreesMeasureType"/>
  <xsd:element name="DeliveredQuantity" type="DeliveredQuantityType"/>
  <xsd:element name="DeliveryDate" type="DeliveryDateType"/>
  <xsd:element name="DeliveryInstructions" type="DeliveryInstructionsType"/>
  <xsd:element name="DeliveryTime" type="DeliveryTimeType"/>
  <xsd:element name="Department" type="DepartmentType"/>
  <xsd:element name="Description" type="DescriptionType"/>
  <xsd:element name="DescriptionCode" type="DescriptionCodeType"/>
  <xsd:element name="DespatchAdviceTypeCode" type="DespatchAdviceTypeCodeType"/>
  <xsd:element name="DespatchDate" type="DespatchDateType"/>
  <xsd:element name="DespatchTime" type="DespatchTimeType"/>
  <xsd:element name="DirectionCode" type="DirectionCodeType"/>
  <xsd:element name="DiscountPercent" type="DiscountPercentType"/>
  <xsd:element name="DispositionCode" type="DispositionCodeType"/>
  <xsd:element name="District" type="DistrictType"/>
  <xsd:element name="DocumentBinaryObject" type="DocumentBinaryObjectType"/>
  <xsd:element name="DocumentCurrencyCode" type="DocumentCurrencyCodeType"/>
  <xsd:element name="DocumentHash" type="DocumentHashType"/>
  <xsd:element name="DocumentID" type="DocumentIDType"/>
  <xsd:element name="DocumentStatusCode" type="DocumentStatusCodeType"/>
  <xsd:element name="DocumentType" type="DocumentTypeType"/>
  <xsd:element name="DocumentTypeCode" type="DocumentTypeCodeType"/>
  <xsd:element name="DurationMeasure" type="DurationMeasureType"/>
  <xsd:element name="ElectronicMail" type="ElectronicMailType"/>
  <xsd:element name="EmbeddedDocumentBinaryObject" type="EmbeddedDocumentBinaryObjectType"/>
  <xsd:element name="EmergencyProceduresCode" type="EmergencyProceduresCodeType"/>
  <xsd:element name="EndDate" type="EndDateType"/>
  <xsd:element name="EndpointID" type="EndpointIDType"/>
  <xsd:element name="EndTime" type="EndTimeType"/>
  <xsd:element name="EstimatedDespatchDate" type="EstimatedDespatchDateType"/>
  <xsd:element name="EstimatedDespatchTime" type="EstimatedDespatchTimeType"/>
  <xsd:element name="EventCode" type="EventCodeType"/>
  <xsd:element name="ExchangeMarketID" type="ExchangeMarketIDType"/>
  <xsd:element name="ExemptionReason" type="ExemptionReasonType"/>
  <xsd:element name="ExemptionReasonCode" type="ExemptionReasonCodeType"/>
  <xsd:element name="ExpiryDate" type="ExpiryDateType"/>
  <xsd:element name="ExpiryTime" type="ExpiryTimeType"/>
  <xsd:element name="ExtendedID" type="ExtendedIDType"/>
  <xsd:element name="Extension" type="ExtensionType"/>
  <xsd:element name="FactorNumeric" type="FactorNumericType"/>
  <xsd:element name="FamilyName" type="FamilyNameType"/>
  <xsd:element name="FirstName" type="FirstNameType"/>
  <xsd:element name="Floor" type="FloorType"/>
  <xsd:element name="FreeOfChargeIndicator" type="FreeOfChargeIndicatorType"/>
  <xsd:element name="FreeOnBoardValueAmount" type="FreeOnBoardValueAmountType"/>
  <xsd:element name="FreightRateClassCode" type="FreightRateClassCodeType"/>
  <xsd:element name="FullnessIndicationCode" type="FullnessIndicationCodeType"/>
  <xsd:element name="GoodsItemQuantity" type="GoodsItemQuantityType"/>
  <xsd:element name="GrossVolumeMeasure" type="GrossVolumeMeasureType"/>
  <xsd:element name="GrossWeightMeasure" type="GrossWeightMeasureType"/>
  <xsd:element name="HandlingCode" type="HandlingCodeType"/>
  <xsd:element name="HandlingInstructions" type="HandlingInstructionsType"/>
  <xsd:element name="HazardClassID" type="HazardClassIDType"/>
  <xsd:element name="HazardousCategoryCode" type="HazardousCategoryCodeType"/>
  <xsd:element name="HazardousRegulationCode" type="HazardousRegulationCodeType"/>
  <xsd:element name="HazardousRiskIndicator" type="HazardousRiskIndicatorType"/>
  <xsd:element name="HolderName" type="HolderNameType"/>
  <xsd:element name="ID" type="IDType"/>
  <xsd:element name="IdentificationCode" type="IdentificationCodeType"/>
  <xsd:element name="IdentificationID" type="IdentificationIDType"/>
  <xsd:element name="IndicationIndicator" type="IndicationIndicatorType"/>
  <xsd:element name="Indicator" type="IndicatorType"/>
  <xsd:element name="Information" type="InformationType"/>
  <xsd:element name="InhalationToxicityZoneCode" type="InhalationToxicityZoneCodeType"/>
  <xsd:element name="InhouseMail" type="InhouseMailType"/>
  <xsd:element name="InspectionMethodCode" type="InspectionMethodCodeType"/>
  <xsd:element name="Instruction" type="InstructionType"/>
  <xsd:element name="InstructionID" type="InstructionIDType"/>
  <xsd:element name="InstructionNote" type="InstructionNoteType"/>
  <xsd:element name="Instructions" type="InstructionsType"/>
  <xsd:element name="InsurancePremiumAmount" type="InsurancePremiumAmountType"/>
  <xsd:element name="InsuranceValueAmount" type="InsuranceValueAmountType"/>
  <xsd:element name="InvoiceAmount" type="InvoiceAmountType"/>
  <xsd:element name="InvoicedQuantity" type="InvoicedQuantityType"/>
  <xsd:element name="InvoiceTypeCode" type="InvoiceTypeCodeType"/>
  <xsd:element name="InvoicingPartyReference" type="InvoicingPartyReferenceType"/>
  <xsd:element name="IssueDate" type="IssueDateType"/>
  <xsd:element name="IssueNumberID" type="IssueNumberIDType"/>
  <xsd:element name="IssuerID" type="IssuerIDType"/>
  <xsd:element name="IssueTime" type="IssueTimeType"/>
  <xsd:element name="ItemClassificationCode" type="ItemClassificationCodeType"/>
  <xsd:element name="ItemUpdateRequestIndicator" type="ItemUpdateRequestIndicatorType"/>
  <xsd:element name="JobID" type="JobIDType"/>
  <xsd:element name="JobTitle" type="JobTitleType"/>
  <xsd:element name="JourneyID" type="JourneyIDType"/>
  <xsd:element name="Keyword" type="KeywordType"/>
  <xsd:element name="LanguageID" type="LanguageIDType"/>
  <xsd:element name="LastRevisionDate" type="LastRevisionDateType"/>
  <xsd:element name="LastRevisionTime" type="LastRevisionTimeType"/>
  <xsd:element name="LatestDeliveryDate" type="LatestDeliveryDateType"/>
  <xsd:element name="LatestDeliveryTime" type="LatestDeliveryTimeType"/>
  <xsd:element name="LatitudeDegreesMeasure" type="LatitudeDegreesMeasureType"/>
  <xsd:element name="LatitudeDirectionCode" type="LatitudeDirectionCodeType"/>
  <xsd:element name="LatitudeMinutesMeasure" type="LatitudeMinutesMeasureType"/>
  <xsd:element name="LeadTimeMeasure" type="LeadTimeMeasureType"/>
  <xsd:element name="LegalStatusIndicator" type="LegalStatusIndicatorType"/>
  <xsd:element name="LengthMeasure" type="LengthMeasureType"/>
  <xsd:element name="LicensePlateID" type="LicensePlateIDType"/>
  <xsd:element name="LifeCycleStatusCode" type="LifeCycleStatusCodeType"/>
  <xsd:element name="Line" type="LineType"/>
  <xsd:element name="LineAmount" type="LineAmountType"/>
  <xsd:element name="LineCountNumeric" type="LineCountNumericType"/>
  <xsd:element name="LineExtensionAmount" type="LineExtensionAmountType"/>
  <xsd:element name="LineID" type="LineIDType"/>
  <xsd:element name="LineStatusCode" type="LineStatusCodeType"/>
  <xsd:element name="LoadingLengthMeasure" type="LoadingLengthMeasureType"/>
  <xsd:element name="LocaleCode" type="LocaleCodeType"/>
  <xsd:element name="Location" type="LocationType"/>
  <xsd:element name="LocationID" type="LocationIDType"/>
  <xsd:element name="LogoReferenceID" type="LogoReferenceIDType"/>
  <xsd:element name="LongitudeDegreesMeasure" type="LongitudeDegreesMeasureType"/>
  <xsd:element name="LongitudeDirectionCode" type="LongitudeDirectionCodeType"/>
  <xsd:element name="LongitudeMinutesMeasure" type="LongitudeMinutesMeasureType"/>
  <xsd:element name="LossRisk" type="LossRiskType"/>
  <xsd:element name="LossRiskResponsibilityCode" type="LossRiskResponsibilityCodeType"/>
  <xsd:element name="LotNumberID" type="LotNumberIDType"/>
  <xsd:element name="LowerOrangeHazardPlacardID" type="LowerOrangeHazardPlacardIDType"/>
  <xsd:element name="Mail" type="MailType"/>
  <xsd:element name="ManufactureDate" type="ManufactureDateType"/>
  <xsd:element name="ManufactureTime" type="ManufactureTimeType"/>
  <xsd:element name="MarkAttention" type="MarkAttentionType"/>
  <xsd:element name="MarkAttentionIndicator" type="MarkAttentionIndicatorType"/>
  <xsd:element name="MarkCare" type="MarkCareType"/>
  <xsd:element name="MarkCareIndicator" type="MarkCareIndicatorType"/>
  <xsd:element name="MarkingID" type="MarkingIDType"/>
  <xsd:element name="Marks" type="MarksType"/>
  <xsd:element name="MathematicOperatorCode" type="MathematicOperatorCodeType"/>
  <xsd:element name="MaximumBackorderQuantity" type="MaximumBackorderQuantityType"/>
  <xsd:element name="MaximumCopiesNumeric" type="MaximumCopiesNumericType"/>
  <xsd:element name="MaximumMeasure" type="MaximumMeasureType"/>
  <xsd:element name="MaximumOrderQuantity" type="MaximumOrderQuantityType"/>
  <xsd:element name="MaximumQuantity" type="MaximumQuantityType"/>
  <xsd:element name="Measure" type="MeasureType"/>
  <xsd:element name="MedicalFirstAidGuideCode" type="MedicalFirstAidGuideCodeType"/>
  <xsd:element name="MiddleName" type="MiddleNameType"/>
  <xsd:element name="MinimumBackorderQuantity" type="MinimumBackorderQuantityType"/>
  <xsd:element name="MinimumMeasure" type="MinimumMeasureType"/>
  <xsd:element name="MinimumOrderQuantity" type="MinimumOrderQuantityType"/>
  <xsd:element name="MinimumQuantity" type="MinimumQuantityType"/>
  <xsd:element name="MinutesMeasure" type="MinutesMeasureType"/>
  <xsd:element name="ModelName" type="ModelNameType"/>
  <xsd:element name="MultiplierFactorNumeric" type="MultiplierFactorNumericType"/>
  <xsd:element name="Name" type="NameType"/>
  <xsd:element name="NameSuffix" type="NameSuffixType"/>
  <xsd:element name="Nationality" type="NationalityType"/>
  <xsd:element name="NationalityID" type="NationalityIDType"/>
  <xsd:element name="NatureCode" type="NatureCodeType"/>
  <xsd:element name="NetNetWeightMeasure" type="NetNetWeightMeasureType"/>
  <xsd:element name="NetVolumeMeasure" type="NetVolumeMeasureType"/>
  <xsd:element name="NetWeightMeasure" type="NetWeightMeasureType"/>
  <xsd:element name="NetworkID" type="NetworkIDType"/>
  <xsd:element name="Note" type="NoteType"/>
  <xsd:element name="NumberID" type="NumberIDType"/>
  <xsd:element name="OccurrenceDate" type="OccurrenceDateType"/>
  <xsd:element name="OccurrenceTime" type="OccurrenceTimeType"/>
  <xsd:element name="OnCarriageIndicator" type="OnCarriageIndicatorType"/>
  <xsd:element name="OrangeHazardPlacardID" type="OrangeHazardPlacardIDType"/>
  <xsd:element name="OrderableIndicator" type="OrderableIndicatorType"/>
  <xsd:element name="OrderableUnit" type="OrderableUnitType"/>
  <xsd:element name="OrderableUnitFactorRate" type="OrderableUnitFactorRateType"/>
  <xsd:element name="OrderID" type="OrderIDType"/>
  <xsd:element name="OrderQuantity" type="OrderQuantityType"/>
  <xsd:element name="OrderQuantityIncrementNumeric" type="OrderQuantityIncrementNumericType"/>
  <xsd:element name="OrganizationDepartment" type="OrganizationDepartmentType"/>
  <xsd:element name="OriginalJobID" type="OriginalJobIDType"/>
  <xsd:element name="OtherInstruction" type="OtherInstructionType"/>
  <xsd:element name="OutstandingQuantity" type="OutstandingQuantityType"/>
  <xsd:element name="OutstandingReason" type="OutstandingReasonType"/>
  <xsd:element name="OversupplyQuantity" type="OversupplyQuantityType"/>
  <xsd:element name="OwnerTypeCode" type="OwnerTypeCodeType"/>
  <xsd:element name="PackageLevelCode" type="PackageLevelCodeType"/>
  <xsd:element name="PackageQuantity" type="PackageQuantityType"/>
  <xsd:element name="PackagesQuantity" type="PackagesQuantityType"/>
  <xsd:element name="PackagingTypeCode" type="PackagingTypeCodeType"/>
  <xsd:element name="PackingCriteriaCode" type="PackingCriteriaCodeType"/>
  <xsd:element name="PackingMaterial" type="PackingMaterialType"/>
  <xsd:element name="PackLevelCode" type="PackLevelCodeType"/>
  <xsd:element name="PackQuantity" type="PackQuantityType"/>
  <xsd:element name="PackSizeNumeric" type="PackSizeNumericType"/>
  <xsd:element name="PaidAmount" type="PaidAmountType"/>
  <xsd:element name="PaidDate" type="PaidDateType"/>
  <xsd:element name="PaidTime" type="PaidTimeType"/>
  <xsd:element name="ParentDocumentID" type="ParentDocumentIDType"/>
  <xsd:element name="ParentDocumentTypeCode" type="ParentDocumentTypeCodeType"/>
  <xsd:element name="PartialDeliveryIndicator" type="PartialDeliveryIndicatorType"/>
  <xsd:element name="PayableAmount" type="PayableAmountType"/>
  <xsd:element name="PayableRoundingAmount" type="PayableRoundingAmountType"/>
  <xsd:element name="PayerReference" type="PayerReferenceType"/>
  <xsd:element name="PaymentAlternativeCurrencyCode" type="PaymentAlternativeCurrencyCodeType"/>
  <xsd:element name="PaymentAmount" type="PaymentAmountType"/>
  <xsd:element name="PaymentChannelCode" type="PaymentChannelCodeType"/>
  <xsd:element name="PaymentCurrencyCode" type="PaymentCurrencyCodeType"/>
  <xsd:element name="PaymentDueDate" type="PaymentDueDateType"/>
  <xsd:element name="PaymentID" type="PaymentIDType"/>
  <xsd:element name="PaymentMeansCode" type="PaymentMeansCodeType"/>
  <xsd:element name="PaymentMeansID" type="PaymentMeansIDType"/>
  <xsd:element name="PaymentNote" type="PaymentNoteType"/>
  <xsd:element name="PaymentOrderReference" type="PaymentOrderReferenceType"/>
  <xsd:element name="PenaltySurchargePercent" type="PenaltySurchargePercentType"/>
  <xsd:element name="Percent" type="PercentType"/>
  <xsd:element name="PerUnitAmount" type="PerUnitAmountType"/>
  <xsd:element name="PlacardEndorsement" type="PlacardEndorsementType"/>
  <xsd:element name="PlacardNotation" type="PlacardNotationType"/>
  <xsd:element name="PlotIdentification" type="PlotIdentificationType"/>
  <xsd:element name="PositionCode" type="PositionCodeType"/>
  <xsd:element name="PostalZone" type="PostalZoneType"/>
  <xsd:element name="Postbox" type="PostboxType"/>
  <xsd:element name="PreCarriageIndicator" type="PreCarriageIndicatorType"/>
  <xsd:element name="PreferenceCriterionCode" type="PreferenceCriterionCodeType"/>
  <xsd:element name="PrepaidAmount" type="PrepaidAmountType"/>
  <xsd:element name="PrepaidIndicator" type="PrepaidIndicatorType"/>
  <xsd:element name="PrepaidPaymentReferenceID" type="PrepaidPaymentReferenceIDType"/>
  <xsd:element name="PreviousJobID" type="PreviousJobIDType"/>
  <xsd:element name="PreviousVersionID" type="PreviousVersionIDType"/>
  <xsd:element name="PriceAmount" type="PriceAmountType"/>
  <xsd:element name="PriceChangeReason" type="PriceChangeReasonType"/>
  <xsd:element name="PriceType" type="PriceTypeType"/>
  <xsd:element name="PriceTypeCode" type="PriceTypeCodeType"/>
  <xsd:element name="PricingCurrencyCode" type="PricingCurrencyCodeType"/>
  <xsd:element name="PricingUpdateRequestIndicator" type="PricingUpdateRequestIndicatorType"/>
  <xsd:element name="PrimaryAccountNumberID" type="PrimaryAccountNumberIDType"/>
  <xsd:element name="PrintQualifier" type="PrintQualifierType"/>
  <xsd:element name="Priority" type="PriorityType"/>
  <xsd:element name="ProductTraceID" type="ProductTraceIDType"/>
  <xsd:element name="ProfileID" type="ProfileIDType"/>
  <xsd:element name="ProviderTypeCode" type="ProviderTypeCodeType"/>
  <xsd:element name="Qualifier" type="QualifierType"/>
  <xsd:element name="Quantity" type="QuantityType"/>
  <xsd:element name="RailCarID" type="RailCarIDType"/>
  <xsd:element name="Reason" type="ReasonType"/>
  <xsd:element name="ReceivedDate" type="ReceivedDateType"/>
  <xsd:element name="ReceivedQuantity" type="ReceivedQuantityType"/>
  <xsd:element name="Reference" type="ReferenceType"/>
  <xsd:element name="ReferenceDate" type="ReferenceDateType"/>
  <xsd:element name="ReferenceEventCode" type="ReferenceEventCodeType"/>
  <xsd:element name="ReferenceID" type="ReferenceIDType"/>
  <xsd:element name="ReferenceTime" type="ReferenceTimeType"/>
  <xsd:element name="RefrigerationOnIndicator" type="RefrigerationOnIndicatorType"/>
  <xsd:element name="Region" type="RegionType"/>
  <xsd:element name="RegistrationID" type="RegistrationIDType"/>
  <xsd:element name="RegistrationName" type="RegistrationNameType"/>
  <xsd:element name="RegistrationNationality" type="RegistrationNationalityType"/>
  <xsd:element name="RegistrationNationalityID" type="RegistrationNationalityIDType"/>
  <xsd:element name="RejectActionCode" type="RejectActionCodeType"/>
  <xsd:element name="RejectedQuantity" type="RejectedQuantityType"/>
  <xsd:element name="RejectionNote" type="RejectionNoteType"/>
  <xsd:element name="RejectReason" type="RejectReasonType"/>
  <xsd:element name="RejectReasonCode" type="RejectReasonCodeType"/>
  <xsd:element name="Remarks" type="RemarksType"/>
  <xsd:element name="ReminderSequenceNumeric" type="ReminderSequenceNumericType"/>
  <xsd:element name="ReminderTypeCode" type="ReminderTypeCodeType"/>
  <xsd:element name="RequestedDespatchDate" type="RequestedDespatchDateType"/>
  <xsd:element name="RequestedDespatchTime" type="RequestedDespatchTimeType"/>
  <xsd:element name="RequestedInvoiceCurrencyCode" type="RequestedInvoiceCurrencyCodeType"/>
  <xsd:element name="RequiredCustomsID" type="RequiredCustomsIDType"/>
  <xsd:element name="ResponseCode" type="ResponseCodeType"/>
  <xsd:element name="ResponseDate" type="ResponseDateType"/>
  <xsd:element name="ResponseTime" type="ResponseTimeType"/>
  <xsd:element name="ReturnabilityIndicator" type="ReturnabilityIndicatorType"/>
  <xsd:element name="ReturnableMaterialIndicator" type="ReturnableMaterialIndicatorType"/>
  <xsd:element name="RevisionDate" type="RevisionDateType"/>
  <xsd:element name="RevisionTime" type="RevisionTimeType"/>
  <xsd:element name="RoleCode" type="RoleCodeType"/>
  <xsd:element name="Room" type="RoomType"/>
  <xsd:element name="RoundingAmount" type="RoundingAmountType"/>
  <xsd:element name="SalesOrderID" type="SalesOrderIDType"/>
  <xsd:element name="SalesOrderLineID" type="SalesOrderLineIDType"/>
  <xsd:element name="SchemeURI" type="SchemeURIType"/>
  <xsd:element name="SealingPartyType" type="SealingPartyTypeType"/>
  <xsd:element name="SealIssuerTypeCode" type="SealIssuerTypeCodeType"/>
  <xsd:element name="SealStatusCode" type="SealStatusCodeType"/>
  <xsd:element name="SequenceID" type="SequenceIDType"/>
  <xsd:element name="SequenceNumberID" type="SequenceNumberIDType"/>
  <xsd:element name="SequenceNumeric" type="SequenceNumericType"/>
  <xsd:element name="SerialID" type="SerialIDType"/>
  <xsd:element name="SettlementDiscountPercent" type="SettlementDiscountPercentType"/>
  <xsd:element name="ShippingMarks" type="ShippingMarksType"/>
  <xsd:element name="ShippingOrderID" type="ShippingOrderIDType"/>
  <xsd:element name="ShippingPriorityLevelCode" type="ShippingPriorityLevelCodeType"/>
  <xsd:element name="ShortageActionCode" type="ShortageActionCodeType"/>
  <xsd:element name="ShortQuantity" type="ShortQuantityType"/>
  <xsd:element name="SignatureMethod" type="SignatureMethodType"/>
  <xsd:element name="SizeTypeCode" type="SizeTypeCodeType"/>
  <xsd:element name="SourceCurrencyBaseRate" type="SourceCurrencyBaseRateType"/>
  <xsd:element name="SourceCurrencyCode" type="SourceCurrencyCodeType"/>
  <xsd:element name="SpecialInstructions" type="SpecialInstructionsType"/>
  <xsd:element name="SpecialTerms" type="SpecialTermsType"/>
  <xsd:element name="SplitConsignmentIndicator" type="SplitConsignmentIndicatorType"/>
  <xsd:element name="StartDate" type="StartDateType"/>
  <xsd:element name="StartTime" type="StartTimeType"/>
  <xsd:element name="StatusCode" type="StatusCodeType"/>
  <xsd:element name="StatusReason" type="StatusReasonType"/>
  <xsd:element name="StatusReasonCode" type="StatusReasonCodeType"/>
  <xsd:element name="StreetName" type="StreetNameType"/>
  <xsd:element name="SubstitutionStatusCode" type="SubstitutionStatusCodeType"/>
  <xsd:element name="SummaryDescription" type="SummaryDescriptionType"/>
  <xsd:element name="SupplierAssignedAccountID" type="SupplierAssignedAccountIDType"/>
  <xsd:element name="SurchargePercent" type="SurchargePercentType"/>
  <xsd:element name="TargetCurrencyBaseRate" type="TargetCurrencyBaseRateType"/>
  <xsd:element name="TargetCurrencyCode" type="TargetCurrencyCodeType"/>
  <xsd:element name="TariffClassCode" type="TariffClassCodeType"/>
  <xsd:element name="TariffCode" type="TariffCodeType"/>
  <xsd:element name="TariffDescription" type="TariffDescriptionType"/>
  <xsd:element name="TaxableAmount" type="TaxableAmountType"/>
  <xsd:element name="TaxAmount" type="TaxAmountType"/>
  <xsd:element name="TaxCurrencyCode" type="TaxCurrencyCodeType"/>
  <xsd:element name="TaxEvidenceIndicator" type="TaxEvidenceIndicatorType"/>
  <xsd:element name="TaxExclusiveAmount" type="TaxExclusiveAmountType"/>
  <xsd:element name="TaxExemptionReason" type="TaxExemptionReasonType"/>
  <xsd:element name="TaxExemptionReasonCode" type="TaxExemptionReasonCodeType"/>
  <xsd:element name="TaxInclusiveAmount" type="TaxInclusiveAmountType"/>
  <xsd:element name="TaxLevelCode" type="TaxLevelCodeType"/>
  <xsd:element name="TaxPointDate" type="TaxPointDateType"/>
  <xsd:element name="TaxTypeCode" type="TaxTypeCodeType"/>
  <xsd:element name="TechnicalName" type="TechnicalNameType"/>
  <xsd:element name="Telefax" type="TelefaxType"/>
  <xsd:element name="Telephone" type="TelephoneType"/>
  <xsd:element name="Terms" type="TermsType"/>
  <xsd:element name="Text" type="TextType"/>
  <xsd:element name="TierRange" type="TierRangeType"/>
  <xsd:element name="TierRatePercent" type="TierRatePercentType"/>
  <xsd:element name="Time" type="TimeType"/>
  <xsd:element name="TimezoneOffset" type="TimezoneOffsetType"/>
  <xsd:element name="TimingComplaint" type="TimingComplaintType"/>
  <xsd:element name="TimingComplaintCode" type="TimingComplaintCodeType"/>
  <xsd:element name="Title" type="TitleType"/>
  <xsd:element name="ToOrderIndicator" type="ToOrderIndicatorType"/>
  <xsd:element name="TotalBalanceAmount" type="TotalBalanceAmountType"/>
  <xsd:element name="TotalCreditAmount" type="TotalCreditAmountType"/>
  <xsd:element name="TotalDebitAmount" type="TotalDebitAmountType"/>
  <xsd:element name="TotalGoodsItemQuantity" type="TotalGoodsItemQuantityType"/>
  <xsd:element name="TotalInvoiceAmount" type="TotalInvoiceAmountType"/>
  <xsd:element name="TotalPackageQuantity" type="TotalPackageQuantityType"/>
  <xsd:element name="TotalPackagesQuantity" type="TotalPackagesQuantityType"/>
  <xsd:element name="TotalPaymentAmount" type="TotalPaymentAmountType"/>
  <xsd:element name="TotalTaxAmount" type="TotalTaxAmountType"/>
  <xsd:element name="TotalTransportHandlingUnitQuantity" type="TotalTransportHandlingUnitQuantityType"/>
  <xsd:element name="TrackingID" type="TrackingIDType"/>
  <xsd:element name="TradingRestrictions" type="TradingRestrictionsType"/>
  <xsd:element name="TrainID" type="TrainIDType"/>
  <xsd:element name="TransactionCurrencyTaxAmount" type="TransactionCurrencyTaxAmountType"/>
  <xsd:element name="TransitDirectionCode" type="TransitDirectionCodeType"/>
  <xsd:element name="TransportAuthorizationCode" type="TransportAuthorizationCodeType"/>
  <xsd:element name="TransportEmergencyCardCode" type="TransportEmergencyCardCodeType"/>
  <xsd:element name="TransportEquipmentTypeCode" type="TransportEquipmentTypeCodeType"/>
  <xsd:element name="TransportEventTypeCode" type="TransportEventTypeCodeType"/>
  <xsd:element name="TransportHandlingUnitQuantity" type="TransportHandlingUnitQuantityType"/>
  <xsd:element name="TransportHandlingUnitTypeCode" type="TransportHandlingUnitTypeCodeType"/>
  <xsd:element name="TransportMeansTypeCode" type="TransportMeansTypeCodeType"/>
  <xsd:element name="TransportModeCode" type="TransportModeCodeType"/>
  <xsd:element name="TransportServiceCode" type="TransportServiceCodeType"/>
  <xsd:element name="UBLVersionID" type="UBLVersionIDType"/>
  <xsd:element name="UNDGCode" type="UNDGCodeType"/>
  <xsd:element name="Unit" type="UnitType"/>
  <xsd:element name="UnitQuantity" type="UnitQuantityType"/>
  <xsd:element name="UpperOrangeHazardPlacardID" type="UpperOrangeHazardPlacardIDType"/>
  <xsd:element name="URI" type="URIType"/>
  <xsd:element name="UUID" type="UUIDType"/>
  <xsd:element name="ValidationDate" type="ValidationDateType"/>
  <xsd:element name="ValidationTime" type="ValidationTimeType"/>
  <xsd:element name="ValidatorID" type="ValidatorIDType"/>
  <xsd:element name="ValidityStartDate" type="ValidityStartDateType"/>
  <xsd:element name="Value" type="ValueType"/>
  <xsd:element name="ValueAmount" type="ValueAmountType"/>
  <xsd:element name="VersionID" type="VersionIDType"/>
  <xsd:element name="VesselID" type="VesselIDType"/>
  <xsd:element name="VesselName" type="VesselNameType"/>
  <xsd:element name="VolumeMeasure" type="VolumeMeasureType"/>
  <xsd:element name="WarrantyInformation" type="WarrantyInformationType"/>
  <xsd:element name="WebsiteURI" type="WebsiteURIType"/>
  <xsd:element name="WeightMeasure" type="WeightMeasureType"/>
  <xsd:element name="XPath" type="XPathType"/>
  <xsd:element name="Zone" type="ZoneType"/>
  <!--===== Type Definitions =====-->
  <!--===== Basic Business Information Entity Type Definitions =====-->
  <xsd:complexType name="AcceptedIndicatorType">
    <xsd:simpleContent>
      <xsd:extension base="udt:IndicatorType"/>
    </xsd:simpleContent>
  </xsd:complexType>
  <xsd:complexType name="AccountIDType">
    <xsd:simpleContent>
      <xsd:extension base="udt:IdentifierType"/>
    </xsd:simpleContent>
  </xsd:complexType>
  <xsd:complexType name="AccountingCostType">
    <xsd:simpleContent>
      <xsd:extension base="udt:TextType"/>
    </xsd:simpleContent>
  </xsd:complexType>
  <xsd:complexType name="AccountingCostCodeType">
    <xsd:simpleContent>
      <xsd:extension base="udt:CodeType"/>
    </xsd:simpleContent>
  </xsd:complexType>
  <xsd:complexType name="AccountNumberIDType">
    <xsd:simpleContent>
      <xsd:extension base="udt:IdentifierType"/>
    </xsd:simpleContent>
  </xsd:complexType>
  <xsd:complexType name="AccountTypeCodeType">
    <xsd:simpleContent>
      <xsd:extension base="udt:CodeType"/>
    </xsd:simpleContent>
  </xsd:complexType>
  <xsd:complexType name="ActionCodeType">
    <xsd:simpleContent>
      <xsd:extension base="udt:CodeType"/>
    </xsd:simpleContent>
  </xsd:complexType>
  <xsd:complexType name="ActualDeliveryDateType">
    <xsd:simpleContent>
      <xsd:extension base="udt:DateType"/>
    </xsd:simpleContent>
  </xsd:complexType>
  <xsd:complexType name="ActualDeliveryTimeType">
    <xsd:simpleContent>
      <xsd:extension base="udt:TimeType"/>
    </xsd:simpleContent>
  </xsd:complexType>
  <xsd:complexType name="ActualDespatchDateType">
    <xsd:simpleContent>
      <xsd:extension base="udt:DateType"/>
    </xsd:simpleContent>
  </xsd:complexType>
  <xsd:complexType name="ActualDespatchTimeType">
    <xsd:simpleContent>
      <xsd:extension base="udt:TimeType"/>
    </xsd:simpleContent>
  </xsd:complexType>
  <xsd:complexType name="AdditionalAccountIDType">
    <xsd:simpleContent>
      <xsd:extension base="udt:IdentifierType"/>
    </xsd:simpleContent>
  </xsd:complexType>
  <xsd:complexType name="AdditionalInformationType">
    <xsd:simpleContent>
      <xsd:extension base="udt:TextType"/>
    </xsd:simpleContent>
  </xsd:complexType>
  <xsd:complexType name="AdditionalStreetNameType">
    <xsd:simpleContent>
      <xsd:extension base="udt:NameType"/>
    </xsd:simpleContent>
  </xsd:complexType>
  <xsd:complexType name="AddressFormatCodeType">
    <xsd:simpleContent>
      <xsd:extension base="udt:CodeType"/>
    </xsd:simpleContent>
  </xsd:complexType>
  <xsd:complexType name="AddressTypeCodeType">
    <xsd:simpleContent>
      <xsd:extension base="udt:CodeType"/>
    </xsd:simpleContent>
  </xsd:complexType>
  <xsd:complexType name="AdValoremIndicatorType">
    <xsd:simpleContent>
      <xsd:extension base="udt:IndicatorType"/>
    </xsd:simpleContent>
  </xsd:complexType>
  <xsd:complexType name="AgencyIDType">
    <xsd:simpleContent>
      <xsd:extension base="udt:IdentifierType"/>
    </xsd:simpleContent>
  </xsd:complexType>
  <xsd:complexType name="AgencyNameType">
    <xsd:simpleContent>
      <xsd:extension base="udt:TextType"/>
    </xsd:simpleContent>
  </xsd:complexType>
  <xsd:complexType name="AircraftIDType">
    <xsd:simpleContent>
      <xsd:extension base="udt:IdentifierType"/>
    </xsd:simpleContent>
  </xsd:complexType>
  <xsd:complexType name="AllowanceChargeReasonType">
    <xsd:simpleContent>
      <xsd:extension base="udt:TextType"/>
    </xsd:simpleContent>
  </xsd:complexType>
  <xsd:complexType name="AllowanceChargeReasonCodeType">
    <xsd:simpleContent>
      <xsd:extension base="qdt:AllowanceChargeReasonCodeType"/>
    </xsd:simpleContent>
  </xsd:complexType>
  <xsd:complexType name="AllowanceTotalAmountType">
    <xsd:simpleContent>
      <xsd:extension base="udt:AmountType"/>
    </xsd:simpleContent>
  </xsd:complexType>
  <xsd:complexType name="AmountType">
    <xsd:simpleContent>
      <xsd:extension base="udt:AmountType"/>
    </xsd:simpleContent>
  </xsd:complexType>
  <xsd:complexType name="ApplicationIDType">
    <xsd:simpleContent>
      <xsd:extension base="udt:IdentifierType"/>
    </xsd:simpleContent>
  </xsd:complexType>
  <xsd:complexType name="ApplicationStatusCodeType">
    <xsd:simpleContent>
      <xsd:extension base="udt:CodeType"/>
    </xsd:simpleContent>
  </xsd:complexType>
  <xsd:complexType name="ApprovalStatusType">
    <xsd:simpleContent>
      <xsd:extension base="udt:TextType"/>
    </xsd:simpleContent>
  </xsd:complexType>
  <xsd:complexType name="AttributeIDType">
    <xsd:simpleContent>
      <xsd:extension base="udt:IdentifierType"/>
    </xsd:simpleContent>
  </xsd:complexType>
  <xsd:complexType name="BackOrderAllowedIndicatorType">
    <xsd:simpleContent>
      <xsd:extension base="udt:IndicatorType"/>
    </xsd:simpleContent>
  </xsd:complexType>
  <xsd:complexType name="BackorderQuantityType">
    <xsd:simpleContent>
      <xsd:extension base="udt:QuantityType"/>
    </xsd:simpleContent>
  </xsd:complexType>
  <xsd:complexType name="BackorderReasonType">
    <xsd:simpleContent>
      <xsd:extension base="udt:TextType"/>
    </xsd:simpleContent>
  </xsd:complexType>
  <xsd:complexType name="BalanceAmountType">
    <xsd:simpleContent>
      <xsd:extension base="udt:AmountType"/>
    </xsd:simpleContent>
  </xsd:complexType>
  <xsd:complexType name="BalanceBroughtForwardIndicatorType">
    <xsd:simpleContent>
      <xsd:extension base="udt:IndicatorType"/>
    </xsd:simpleContent>
  </xsd:complexType>
  <xsd:complexType name="BaseAmountType">
    <xsd:simpleContent>
      <xsd:extension base="udt:AmountType"/>
    </xsd:simpleContent>
  </xsd:complexType>
  <xsd:complexType name="BaseQuantityType">
    <xsd:simpleContent>
      <xsd:extension base="udt:QuantityType"/>
    </xsd:simpleContent>
  </xsd:complexType>
  <xsd:complexType name="BaseUnitMeasureType">
    <xsd:simpleContent>
      <xsd:extension base="udt:MeasureType"/>
    </xsd:simpleContent>
  </xsd:complexType>
  <xsd:complexType name="BatchQuantityType">
    <xsd:simpleContent>
      <xsd:extension base="udt:QuantityType"/>
    </xsd:simpleContent>
  </xsd:complexType>
  <xsd:complexType name="BlockNameType">
    <xsd:simpleContent>
      <xsd:extension base="udt:NameType"/>
    </xsd:simpleContent>
  </xsd:complexType>
  <xsd:complexType name="BrandNameType">
    <xsd:simpleContent>
      <xsd:extension base="udt:NameType"/>
    </xsd:simpleContent>
  </xsd:complexType>
  <xsd:complexType name="BuildingNameType">
    <xsd:simpleContent>
      <xsd:extension base="udt:NameType"/>
    </xsd:simpleContent>
  </xsd:complexType>
  <xsd:complexType name="BuildingNumberType">
    <xsd:simpleContent>
      <xsd:extension base="udt:TextType"/>
    </xsd:simpleContent>
  </xsd:complexType>
  <xsd:complexType name="CalculationRateType">
    <xsd:simpleContent>
      <xsd:extension base="udt:RateType"/>
    </xsd:simpleContent>
  </xsd:complexType>
  <xsd:complexType name="CalculationSequenceNumericType">
    <xsd:simpleContent>
      <xsd:extension base="udt:NumericType"/>
    </xsd:simpleContent>
  </xsd:complexType>
  <xsd:complexType name="CancellationNoteType">
    <xsd:simpleContent>
      <xsd:extension base="udt:TextType"/>
    </xsd:simpleContent>
  </xsd:complexType>
  <xsd:complexType name="CanonicalizationMethodType">
    <xsd:simpleContent>
      <xsd:extension base="udt:TextType"/>
    </xsd:simpleContent>
  </xsd:complexType>
  <xsd:complexType name="CardChipCodeType">
    <xsd:simpleContent>
      <xsd:extension base="qdt:ChipCodeType"/>
    </xsd:simpleContent>
  </xsd:complexType>
  <xsd:complexType name="CardTypeCodeType">
    <xsd:simpleContent>
      <xsd:extension base="udt:CodeType"/>
    </xsd:simpleContent>
  </xsd:complexType>
  <xsd:complexType name="CargoTypeCodeType">
    <xsd:simpleContent>
      <xsd:extension base="udt:CodeType"/>
    </xsd:simpleContent>
  </xsd:complexType>
  <xsd:complexType name="CarrierAssignedIDType">
    <xsd:simpleContent>
      <xsd:extension base="udt:IdentifierType"/>
    </xsd:simpleContent>
  </xsd:complexType>
  <xsd:complexType name="CatalogueIndicatorType">
    <xsd:simpleContent>
      <xsd:extension base="udt:IndicatorType"/>
    </xsd:simpleContent>
  </xsd:complexType>
  <xsd:complexType name="CategoryNameType">
    <xsd:simpleContent>
      <xsd:extension base="udt:NameType"/>
    </xsd:simpleContent>
  </xsd:complexType>
  <xsd:complexType name="CertificateTypeType">
    <xsd:simpleContent>
      <xsd:extension base="udt:TextType"/>
    </xsd:simpleContent>
  </xsd:complexType>
  <xsd:complexType name="ChannelType">
    <xsd:simpleContent>
      <xsd:extension base="udt:TextType"/>
    </xsd:simpleContent>
  </xsd:complexType>
  <xsd:complexType name="ChannelCodeType">
    <xsd:simpleContent>
      <xsd:extension base="qdt:ChannelCodeType"/>
    </xsd:simpleContent>
  </xsd:complexType>
  <xsd:complexType name="ChargeableWeightMeasureType">
    <xsd:simpleContent>
      <xsd:extension base="udt:MeasureType"/>
    </xsd:simpleContent>
  </xsd:complexType>
  <xsd:complexType name="ChargeIndicatorType">
    <xsd:simpleContent>
      <xsd:extension base="udt:IndicatorType"/>
    </xsd:simpleContent>
  </xsd:complexType>
  <xsd:complexType name="ChargeTotalAmountType">
    <xsd:simpleContent>
      <xsd:extension base="udt:AmountType"/>
    </xsd:simpleContent>
  </xsd:complexType>
  <xsd:complexType name="ChipApplicationIDType">
    <xsd:simpleContent>
      <xsd:extension base="udt:IdentifierType"/>
    </xsd:simpleContent>
  </xsd:complexType>
  <xsd:complexType name="CityNameType">
    <xsd:simpleContent>
      <xsd:extension base="udt:NameType"/>
    </xsd:simpleContent>
  </xsd:complexType>
  <xsd:complexType name="CitySubdivisionNameType">
    <xsd:simpleContent>
      <xsd:extension base="udt:NameType"/>
    </xsd:simpleContent>
  </xsd:complexType>
  <xsd:complexType name="ClassifiedIndicatorType">
    <xsd:simpleContent>
      <xsd:extension base="udt:IndicatorType"/>
    </xsd:simpleContent>
  </xsd:complexType>
  <xsd:complexType name="CodeValueType">
    <xsd:simpleContent>
      <xsd:extension base="udt:TextType"/>
    </xsd:simpleContent>
  </xsd:complexType>
  <xsd:complexType name="CommodityCodeType">
    <xsd:simpleContent>
      <xsd:extension base="udt:CodeType"/>
    </xsd:simpleContent>
  </xsd:complexType>
  <xsd:complexType name="CompanyIDType">
    <xsd:simpleContent>
      <xsd:extension base="udt:IdentifierType"/>
    </xsd:simpleContent>
  </xsd:complexType>
  <xsd:complexType name="CompletionIndicatorType">
    <xsd:simpleContent>
      <xsd:extension base="udt:IndicatorType"/>
    </xsd:simpleContent>
  </xsd:complexType>
  <xsd:complexType name="ConditionType">
    <xsd:simpleContent>
      <xsd:extension base="udt:TextType"/>
    </xsd:simpleContent>
  </xsd:complexType>
  <xsd:complexType name="ConditionCodeType">
    <xsd:simpleContent>
      <xsd:extension base="qdt:TransportationStatusCodeType"/>
    </xsd:simpleContent>
  </xsd:complexType>
  <xsd:complexType name="ConditionsType">
    <xsd:simpleContent>
      <xsd:extension base="udt:TextType"/>
    </xsd:simpleContent>
  </xsd:complexType>
  <xsd:complexType name="ConsumerUnitQuantityType">
    <xsd:simpleContent>
      <xsd:extension base="udt:QuantityType"/>
    </xsd:simpleContent>
  </xsd:complexType>
  <xsd:complexType name="ContentUnitQuantityType">
    <xsd:simpleContent>
      <xsd:extension base="udt:QuantityType"/>
    </xsd:simpleContent>
  </xsd:complexType>
  <xsd:complexType name="ContractSubdivisionType">
    <xsd:simpleContent>
      <xsd:extension base="udt:TextType"/>
    </xsd:simpleContent>
  </xsd:complexType>
  <xsd:complexType name="ContractTypeType">
    <xsd:simpleContent>
      <xsd:extension base="udt:TextType"/>
    </xsd:simpleContent>
  </xsd:complexType>
  <xsd:complexType name="ContractTypeCodeType">
    <xsd:simpleContent>
      <xsd:extension base="udt:CodeType"/>
    </xsd:simpleContent>
  </xsd:complexType>
  <xsd:complexType name="CoordinateSystemCodeType">
    <xsd:simpleContent>
      <xsd:extension base="udt:CodeType"/>
    </xsd:simpleContent>
  </xsd:complexType>
  <xsd:complexType name="CopiesNumericType">
    <xsd:simpleContent>
      <xsd:extension base="udt:NumericType"/>
    </xsd:simpleContent>
  </xsd:complexType>
  <xsd:complexType name="CopyIndicatorType">
    <xsd:simpleContent>
      <xsd:extension base="udt:IndicatorType"/>
    </xsd:simpleContent>
  </xsd:complexType>
  <xsd:complexType name="CorporateRegistrationTypeCodeType">
    <xsd:simpleContent>
      <xsd:extension base="udt:CodeType"/>
    </xsd:simpleContent>
  </xsd:complexType>
  <xsd:complexType name="CountrySubentityType">
    <xsd:simpleContent>
      <xsd:extension base="udt:TextType"/>
    </xsd:simpleContent>
  </xsd:complexType>
  <xsd:complexType name="CountrySubentityCodeType">
    <xsd:simpleContent>
      <xsd:extension base="udt:CodeType"/>
    </xsd:simpleContent>
  </xsd:complexType>
  <xsd:complexType name="CreditAmountType">
    <xsd:simpleContent>
      <xsd:extension base="udt:AmountType"/>
    </xsd:simpleContent>
  </xsd:complexType>
  <xsd:complexType name="CreditedQuantityType">
    <xsd:simpleContent>
      <xsd:extension base="udt:QuantityType"/>
    </xsd:simpleContent>
  </xsd:complexType>
  <xsd:complexType name="CreditLineAmountType">
    <xsd:simpleContent>
      <xsd:extension base="udt:AmountType"/>
    </xsd:simpleContent>
  </xsd:complexType>
  <xsd:complexType name="CurrencyBaseRateType">
    <xsd:simpleContent>
      <xsd:extension base="udt:RateType"/>
    </xsd:simpleContent>
  </xsd:complexType>
  <xsd:complexType name="CurrencyCodeType">
    <xsd:simpleContent>
      <xsd:extension base="qdt:CurrencyCodeType"/>
    </xsd:simpleContent>
  </xsd:complexType>
  <xsd:complexType name="CustomerAssignedAccountIDType">
    <xsd:simpleContent>
      <xsd:extension base="udt:IdentifierType"/>
    </xsd:simpleContent>
  </xsd:complexType>
  <xsd:complexType name="CustomerReferenceType">
    <xsd:simpleContent>
      <xsd:extension base="udt:TextType"/>
    </xsd:simpleContent>
  </xsd:complexType>
  <xsd:complexType name="CustomizationIDType">
    <xsd:simpleContent>
      <xsd:extension base="udt:IdentifierType"/>
    </xsd:simpleContent>
  </xsd:complexType>
  <xsd:complexType name="CustomsIDType">
    <xsd:simpleContent>
      <xsd:extension base="udt:IdentifierType"/>
    </xsd:simpleContent>
  </xsd:complexType>
  <xsd:complexType name="CustomsImportClassifiedIndicatorType">
    <xsd:simpleContent>
      <xsd:extension base="udt:IndicatorType"/>
    </xsd:simpleContent>
  </xsd:complexType>
  <xsd:complexType name="CustomsStatusCodeType">
    <xsd:simpleContent>
      <xsd:extension base="udt:CodeType"/>
    </xsd:simpleContent>
  </xsd:complexType>
  <xsd:complexType name="CustomsTariffQuantityType">
    <xsd:simpleContent>
      <xsd:extension base="udt:QuantityType"/>
    </xsd:simpleContent>
  </xsd:complexType>
  <xsd:complexType name="CV2IDType">
    <xsd:simpleContent>
      <xsd:extension base="udt:IdentifierType"/>
    </xsd:simpleContent>
  </xsd:complexType>
  <xsd:complexType name="DamageRemarksType">
    <xsd:simpleContent>
      <xsd:extension base="udt:TextType"/>
    </xsd:simpleContent>
  </xsd:complexType>
  <xsd:complexType name="DataSendingCapabilityType">
    <xsd:simpleContent>
      <xsd:extension base="udt:TextType"/>
    </xsd:simpleContent>
  </xsd:complexType>
  <xsd:complexType name="DateType">
    <xsd:simpleContent>
      <xsd:extension base="udt:DateType"/>
    </xsd:simpleContent>
  </xsd:complexType>
  <xsd:complexType name="DebitAmountType">
    <xsd:simpleContent>
      <xsd:extension base="udt:AmountType"/>
    </xsd:simpleContent>
  </xsd:complexType>
  <xsd:complexType name="DebitedQuantityType">
    <xsd:simpleContent>
      <xsd:extension base="udt:QuantityType"/>
    </xsd:simpleContent>
  </xsd:complexType>
  <xsd:complexType name="DebitLineAmountType">
    <xsd:simpleContent>
      <xsd:extension base="udt:AmountType"/>
    </xsd:simpleContent>
  </xsd:complexType>
  <xsd:complexType name="DeclaredCarriageValueAmountType">
    <xsd:simpleContent>
      <xsd:extension base="udt:AmountType"/>
    </xsd:simpleContent>
  </xsd:complexType>
  <xsd:complexType name="DeclaredCustomsValueAmountType">
    <xsd:simpleContent>
      <xsd:extension base="udt:AmountType"/>
    </xsd:simpleContent>
  </xsd:complexType>
  <xsd:complexType name="DeclaredForCarriageValueAmountType">
    <xsd:simpleContent>
      <xsd:extension base="udt:AmountType"/>
    </xsd:simpleContent>
  </xsd:complexType>
  <xsd:complexType name="DeclaredStatisticsValueAmountType">
    <xsd:simpleContent>
      <xsd:extension base="udt:AmountType"/>
    </xsd:simpleContent>
  </xsd:complexType>
  <xsd:complexType name="DegreesMeasureType">
    <xsd:simpleContent>
      <xsd:extension base="udt:MeasureType"/>
    </xsd:simpleContent>
  </xsd:complexType>
  <xsd:complexType name="DeliveredQuantityType">
    <xsd:simpleContent>
      <xsd:extension base="udt:QuantityType"/>
    </xsd:simpleContent>
  </xsd:complexType>
  <xsd:complexType name="DeliveryDateType">
    <xsd:simpleContent>
      <xsd:extension base="udt:DateType"/>
    </xsd:simpleContent>
  </xsd:complexType>
  <xsd:complexType name="DeliveryInstructionsType">
    <xsd:simpleContent>
      <xsd:extension base="udt:TextType"/>
    </xsd:simpleContent>
  </xsd:complexType>
  <xsd:complexType name="DeliveryTimeType">
    <xsd:simpleContent>
      <xsd:extension base="udt:TimeType"/>
    </xsd:simpleContent>
  </xsd:complexType>
  <xsd:complexType name="DepartmentType">
    <xsd:simpleContent>
      <xsd:extension base="udt:TextType"/>
    </xsd:simpleContent>
  </xsd:complexType>
  <xsd:complexType name="DescriptionType">
    <xsd:simpleContent>
      <xsd:extension base="udt:TextType"/>
    </xsd:simpleContent>
  </xsd:complexType>
  <xsd:complexType name="DescriptionCodeType">
    <xsd:simpleContent>
      <xsd:extension base="udt:CodeType"/>
    </xsd:simpleContent>
  </xsd:complexType>
  <xsd:complexType name="DespatchAdviceTypeCodeType">
    <xsd:simpleContent>
      <xsd:extension base="udt:CodeType"/>
    </xsd:simpleContent>
  </xsd:complexType>
  <xsd:complexType name="DespatchDateType">
    <xsd:simpleContent>
      <xsd:extension base="udt:DateType"/>
    </xsd:simpleContent>
  </xsd:complexType>
  <xsd:complexType name="DespatchTimeType">
    <xsd:simpleContent>
      <xsd:extension base="udt:TimeType"/>
    </xsd:simpleContent>
  </xsd:complexType>
  <xsd:complexType name="DirectionCodeType">
    <xsd:simpleContent>
      <xsd:extension base="udt:CodeType"/>
    </xsd:simpleContent>
  </xsd:complexType>
  <xsd:complexType name="DiscountPercentType">
    <xsd:simpleContent>
      <xsd:extension base="udt:PercentType"/>
    </xsd:simpleContent>
  </xsd:complexType>
  <xsd:complexType name="DispositionCodeType">
    <xsd:simpleContent>
      <xsd:extension base="udt:CodeType"/>
    </xsd:simpleContent>
  </xsd:complexType>
  <xsd:complexType name="DistrictType">
    <xsd:simpleContent>
      <xsd:extension base="udt:TextType"/>
    </xsd:simpleContent>
  </xsd:complexType>
  <xsd:complexType name="DocumentBinaryObjectType">
    <xsd:simpleContent>
      <xsd:extension base="udt:BinaryObjectType"/>
    </xsd:simpleContent>
  </xsd:complexType>
  <xsd:complexType name="DocumentCurrencyCodeType">
    <xsd:simpleContent>
      <xsd:extension base="qdt:CurrencyCodeType"/>
    </xsd:simpleContent>
  </xsd:complexType>
  <xsd:complexType name="DocumentHashType">
    <xsd:simpleContent>
      <xsd:extension base="udt:TextType"/>
    </xsd:simpleContent>
  </xsd:complexType>
  <xsd:complexType name="DocumentIDType">
    <xsd:simpleContent>
      <xsd:extension base="udt:IdentifierType"/>
    </xsd:simpleContent>
  </xsd:complexType>
  <xsd:complexType name="DocumentStatusCodeType">
    <xsd:simpleContent>
      <xsd:extension base="qdt:DocumentStatusCodeType"/>
    </xsd:simpleContent>
  </xsd:complexType>
  <xsd:complexType name="DocumentTypeType">
    <xsd:simpleContent>
      <xsd:extension base="udt:TextType"/>
    </xsd:simpleContent>
  </xsd:complexType>
  <xsd:complexType name="DocumentTypeCodeType">
    <xsd:simpleContent>
      <xsd:extension base="udt:CodeType"/>
    </xsd:simpleContent>
  </xsd:complexType>
  <xsd:complexType name="DurationMeasureType">
    <xsd:simpleContent>
      <xsd:extension base="udt:MeasureType"/>
    </xsd:simpleContent>
  </xsd:complexType>
  <xsd:complexType name="ElectronicMailType">
    <xsd:simpleContent>
      <xsd:extension base="udt:TextType"/>
    </xsd:simpleContent>
  </xsd:complexType>
  <xsd:complexType name="EmbeddedDocumentBinaryObjectType">
    <xsd:simpleContent>
      <xsd:extension base="udt:BinaryObjectType"/>
    </xsd:simpleContent>
  </xsd:complexType>
  <xsd:complexType name="EmergencyProceduresCodeType">
    <xsd:simpleContent>
      <xsd:extension base="udt:CodeType"/>
    </xsd:simpleContent>
  </xsd:complexType>
  <xsd:complexType name="EndDateType">
    <xsd:simpleContent>
      <xsd:extension base="udt:DateType"/>
    </xsd:simpleContent>
  </xsd:complexType>
  <xsd:complexType name="EndpointIDType">
    <xsd:simpleContent>
      <xsd:extension base="udt:IdentifierType"/>
    </xsd:simpleContent>
  </xsd:complexType>
  <xsd:complexType name="EndTimeType">
    <xsd:simpleContent>
      <xsd:extension base="udt:TimeType"/>
    </xsd:simpleContent>
  </xsd:complexType>
  <xsd:complexType name="EstimatedDespatchDateType">
    <xsd:simpleContent>
      <xsd:extension base="udt:DateType"/>
    </xsd:simpleContent>
  </xsd:complexType>
  <xsd:complexType name="EstimatedDespatchTimeType">
    <xsd:simpleContent>
      <xsd:extension base="udt:TimeType"/>
    </xsd:simpleContent>
  </xsd:complexType>
  <xsd:complexType name="EventCodeType">
    <xsd:simpleContent>
      <xsd:extension base="udt:CodeType"/>
    </xsd:simpleContent>
  </xsd:complexType>
  <xsd:complexType name="ExchangeMarketIDType">
    <xsd:simpleContent>
      <xsd:extension base="udt:IdentifierType"/>
    </xsd:simpleContent>
  </xsd:complexType>
  <xsd:complexType name="ExemptionReasonType">
    <xsd:simpleContent>
      <xsd:extension base="udt:TextType"/>
    </xsd:simpleContent>
  </xsd:complexType>
  <xsd:complexType name="ExemptionReasonCodeType">
    <xsd:simpleContent>
      <xsd:extension base="udt:CodeType"/>
    </xsd:simpleContent>
  </xsd:complexType>
  <xsd:complexType name="ExpiryDateType">
    <xsd:simpleContent>
      <xsd:extension base="udt:DateType"/>
    </xsd:simpleContent>
  </xsd:complexType>
  <xsd:complexType name="ExpiryTimeType">
    <xsd:simpleContent>
      <xsd:extension base="udt:TimeType"/>
    </xsd:simpleContent>
  </xsd:complexType>
  <xsd:complexType name="ExtendedIDType">
    <xsd:simpleContent>
      <xsd:extension base="udt:IdentifierType"/>
    </xsd:simpleContent>
  </xsd:complexType>
  <xsd:complexType name="ExtensionType">
    <xsd:simpleContent>
      <xsd:extension base="udt:TextType"/>
    </xsd:simpleContent>
  </xsd:complexType>
  <xsd:complexType name="FactorNumericType">
    <xsd:simpleContent>
      <xsd:extension base="udt:NumericType"/>
    </xsd:simpleContent>
  </xsd:complexType>
  <xsd:complexType name="FamilyNameType">
    <xsd:simpleContent>
      <xsd:extension base="udt:NameType"/>
    </xsd:simpleContent>
  </xsd:complexType>
  <xsd:complexType name="FirstNameType">
    <xsd:simpleContent>
      <xsd:extension base="udt:NameType"/>
    </xsd:simpleContent>
  </xsd:complexType>
  <xsd:complexType name="FloorType">
    <xsd:simpleContent>
      <xsd:extension base="udt:TextType"/>
    </xsd:simpleContent>
  </xsd:complexType>
  <xsd:complexType name="FreeOfChargeIndicatorType">
    <xsd:simpleContent>
      <xsd:extension base="udt:IndicatorType"/>
    </xsd:simpleContent>
  </xsd:complexType>
  <xsd:complexType name="FreeOnBoardValueAmountType">
    <xsd:simpleContent>
      <xsd:extension base="udt:AmountType"/>
    </xsd:simpleContent>
  </xsd:complexType>
  <xsd:complexType name="FreightRateClassCodeType">
    <xsd:simpleContent>
      <xsd:extension base="udt:CodeType"/>
    </xsd:simpleContent>
  </xsd:complexType>
  <xsd:complexType name="FullnessIndicationCodeType">
    <xsd:simpleContent>
      <xsd:extension base="udt:CodeType"/>
    </xsd:simpleContent>
  </xsd:complexType>
  <xsd:complexType name="GoodsItemQuantityType">
    <xsd:simpleContent>
      <xsd:extension base="udt:QuantityType"/>
    </xsd:simpleContent>
  </xsd:complexType>
  <xsd:complexType name="GrossVolumeMeasureType">
    <xsd:simpleContent>
      <xsd:extension base="udt:MeasureType"/>
    </xsd:simpleContent>
  </xsd:complexType>
  <xsd:complexType name="GrossWeightMeasureType">
    <xsd:simpleContent>
      <xsd:extension base="udt:MeasureType"/>
    </xsd:simpleContent>
  </xsd:complexType>
  <xsd:complexType name="HandlingCodeType">
    <xsd:simpleContent>
      <xsd:extension base="udt:CodeType"/>
    </xsd:simpleContent>
  </xsd:complexType>
  <xsd:complexType name="HandlingInstructionsType">
    <xsd:simpleContent>
      <xsd:extension base="udt:TextType"/>
    </xsd:simpleContent>
  </xsd:complexType>
  <xsd:complexType name="HazardClassIDType">
    <xsd:simpleContent>
      <xsd:extension base="udt:IdentifierType"/>
    </xsd:simpleContent>
  </xsd:complexType>
  <xsd:complexType name="HazardousCategoryCodeType">
    <xsd:simpleContent>
      <xsd:extension base="udt:CodeType"/>
    </xsd:simpleContent>
  </xsd:complexType>
  <xsd:complexType name="HazardousRegulationCodeType">
    <xsd:simpleContent>
      <xsd:extension base="udt:CodeType"/>
    </xsd:simpleContent>
  </xsd:complexType>
  <xsd:complexType name="HazardousRiskIndicatorType">
    <xsd:simpleContent>
      <xsd:extension base="udt:IndicatorType"/>
    </xsd:simpleContent>
  </xsd:complexType>
  <xsd:complexType name="HolderNameType">
    <xsd:simpleContent>
      <xsd:extension base="udt:NameType"/>
    </xsd:simpleContent>
  </xsd:complexType>
  <xsd:complexType name="IDType">
    <xsd:simpleContent>
      <xsd:extension base="udt:IdentifierType"/>
    </xsd:simpleContent>
  </xsd:complexType>
  <xsd:complexType name="IdentificationCodeType">
    <xsd:simpleContent>
      <xsd:extension base="qdt:CountryIdentificationCodeType"/>
    </xsd:simpleContent>
  </xsd:complexType>
  <xsd:complexType name="IdentificationIDType">
    <xsd:simpleContent>
      <xsd:extension base="udt:IdentifierType"/>
    </xsd:simpleContent>
  </xsd:complexType>
  <xsd:complexType name="IndicationIndicatorType">
    <xsd:simpleContent>
      <xsd:extension base="udt:IndicatorType"/>
    </xsd:simpleContent>
  </xsd:complexType>
  <xsd:complexType name="IndicatorType">
    <xsd:simpleContent>
      <xsd:extension base="udt:IndicatorType"/>
    </xsd:simpleContent>
  </xsd:complexType>
  <xsd:complexType name="InformationType">
    <xsd:simpleContent>
      <xsd:extension base="udt:TextType"/>
    </xsd:simpleContent>
  </xsd:complexType>
  <xsd:complexType name="InhalationToxicityZoneCodeType">
    <xsd:simpleContent>
      <xsd:extension base="udt:CodeType"/>
    </xsd:simpleContent>
  </xsd:complexType>
  <xsd:complexType name="InhouseMailType">
    <xsd:simpleContent>
      <xsd:extension base="udt:TextType"/>
    </xsd:simpleContent>
  </xsd:complexType>
  <xsd:complexType name="InspectionMethodCodeType">
    <xsd:simpleContent>
      <xsd:extension base="udt:CodeType"/>
    </xsd:simpleContent>
  </xsd:complexType>
  <xsd:complexType name="InstructionType">
    <xsd:simpleContent>
      <xsd:extension base="udt:TextType"/>
    </xsd:simpleContent>
  </xsd:complexType>
  <xsd:complexType name="InstructionIDType">
    <xsd:simpleContent>
      <xsd:extension base="udt:IdentifierType"/>
    </xsd:simpleContent>
  </xsd:complexType>
  <xsd:complexType name="InstructionNoteType">
    <xsd:simpleContent>
      <xsd:extension base="udt:TextType"/>
    </xsd:simpleContent>
  </xsd:complexType>
  <xsd:complexType name="InstructionsType">
    <xsd:simpleContent>
      <xsd:extension base="udt:TextType"/>
    </xsd:simpleContent>
  </xsd:complexType>
  <xsd:complexType name="InsurancePremiumAmountType">
    <xsd:simpleContent>
      <xsd:extension base="udt:AmountType"/>
    </xsd:simpleContent>
  </xsd:complexType>
  <xsd:complexType name="InsuranceValueAmountType">
    <xsd:simpleContent>
      <xsd:extension base="udt:AmountType"/>
    </xsd:simpleContent>
  </xsd:complexType>
  <xsd:complexType name="InvoiceAmountType">
    <xsd:simpleContent>
      <xsd:extension base="udt:AmountType"/>
    </xsd:simpleContent>
  </xsd:complexType>
  <xsd:complexType name="InvoicedQuantityType">
    <xsd:simpleContent>
      <xsd:extension base="udt:QuantityType"/>
    </xsd:simpleContent>
  </xsd:complexType>
  <xsd:complexType name="InvoiceTypeCodeType">
    <xsd:simpleContent>
      <xsd:extension base="udt:CodeType"/>
    </xsd:simpleContent>
  </xsd:complexType>
  <xsd:complexType name="InvoicingPartyReferenceType">
    <xsd:simpleContent>
      <xsd:extension base="udt:TextType"/>
    </xsd:simpleContent>
  </xsd:complexType>
  <xsd:complexType name="IssueDateType">
    <xsd:simpleContent>
      <xsd:extension base="udt:DateType"/>
    </xsd:simpleContent>
  </xsd:complexType>
  <xsd:complexType name="IssueNumberIDType">
    <xsd:simpleContent>
      <xsd:extension base="udt:IdentifierType"/>
    </xsd:simpleContent>
  </xsd:complexType>
  <xsd:complexType name="IssuerIDType">
    <xsd:simpleContent>
      <xsd:extension base="udt:IdentifierType"/>
    </xsd:simpleContent>
  </xsd:complexType>
  <xsd:complexType name="IssueTimeType">
    <xsd:simpleContent>
      <xsd:extension base="udt:TimeType"/>
    </xsd:simpleContent>
  </xsd:complexType>
  <xsd:complexType name="ItemClassificationCodeType">
    <xsd:simpleContent>
      <xsd:extension base="udt:CodeType"/>
    </xsd:simpleContent>
  </xsd:complexType>
  <xsd:complexType name="ItemUpdateRequestIndicatorType">
    <xsd:simpleContent>
      <xsd:extension base="udt:IndicatorType"/>
    </xsd:simpleContent>
  </xsd:complexType>
  <xsd:complexType name="JobIDType">
    <xsd:simpleContent>
      <xsd:extension base="udt:IdentifierType"/>
    </xsd:simpleContent>
  </xsd:complexType>
  <xsd:complexType name="JobTitleType">
    <xsd:simpleContent>
      <xsd:extension base="udt:TextType"/>
    </xsd:simpleContent>
  </xsd:complexType>
  <xsd:complexType name="JourneyIDType">
    <xsd:simpleContent>
      <xsd:extension base="udt:IdentifierType"/>
    </xsd:simpleContent>
  </xsd:complexType>
  <xsd:complexType name="KeywordType">
    <xsd:simpleContent>
      <xsd:extension base="udt:TextType"/>
    </xsd:simpleContent>
  </xsd:complexType>
  <xsd:complexType name="LanguageIDType">
    <xsd:simpleContent>
      <xsd:extension base="udt:IdentifierType"/>
    </xsd:simpleContent>
  </xsd:complexType>
  <xsd:complexType name="LastRevisionDateType">
    <xsd:simpleContent>
      <xsd:extension base="udt:DateType"/>
    </xsd:simpleContent>
  </xsd:complexType>
  <xsd:complexType name="LastRevisionTimeType">
    <xsd:simpleContent>
      <xsd:extension base="udt:TimeType"/>
    </xsd:simpleContent>
  </xsd:complexType>
  <xsd:complexType name="LatestDeliveryDateType">
    <xsd:simpleContent>
      <xsd:extension base="udt:DateType"/>
    </xsd:simpleContent>
  </xsd:complexType>
  <xsd:complexType name="LatestDeliveryTimeType">
    <xsd:simpleContent>
      <xsd:extension base="udt:TimeType"/>
    </xsd:simpleContent>
  </xsd:complexType>
  <xsd:complexType name="LatitudeDegreesMeasureType">
    <xsd:simpleContent>
      <xsd:extension base="udt:MeasureType"/>
    </xsd:simpleContent>
  </xsd:complexType>
  <xsd:complexType name="LatitudeDirectionCodeType">
    <xsd:simpleContent>
      <xsd:extension base="qdt:LatitudeDirectionCodeType"/>
    </xsd:simpleContent>
  </xsd:complexType>
  <xsd:complexType name="LatitudeMinutesMeasureType">
    <xsd:simpleContent>
      <xsd:extension base="udt:MeasureType"/>
    </xsd:simpleContent>
  </xsd:complexType>
  <xsd:complexType name="LeadTimeMeasureType">
    <xsd:simpleContent>
      <xsd:extension base="udt:MeasureType"/>
    </xsd:simpleContent>
  </xsd:complexType>
  <xsd:complexType name="LegalStatusIndicatorType">
    <xsd:simpleContent>
      <xsd:extension base="udt:IndicatorType"/>
    </xsd:simpleContent>
  </xsd:complexType>
  <xsd:complexType name="LengthMeasureType">
    <xsd:simpleContent>
      <xsd:extension base="udt:MeasureType"/>
    </xsd:simpleContent>
  </xsd:complexType>
  <xsd:complexType name="LicensePlateIDType">
    <xsd:simpleContent>
      <xsd:extension base="udt:IdentifierType"/>
    </xsd:simpleContent>
  </xsd:complexType>
  <xsd:complexType name="LifeCycleStatusCodeType">
    <xsd:simpleContent>
      <xsd:extension base="udt:CodeType"/>
    </xsd:simpleContent>
  </xsd:complexType>
  <xsd:complexType name="LineType">
    <xsd:simpleContent>
      <xsd:extension base="udt:TextType"/>
    </xsd:simpleContent>
  </xsd:complexType>
  <xsd:complexType name="LineAmountType">
    <xsd:simpleContent>
      <xsd:extension base="udt:AmountType"/>
    </xsd:simpleContent>
  </xsd:complexType>
  <xsd:complexType name="LineCountNumericType">
    <xsd:simpleContent>
      <xsd:extension base="udt:NumericType"/>
    </xsd:simpleContent>
  </xsd:complexType>
  <xsd:complexType name="LineExtensionAmountType">
    <xsd:simpleContent>
      <xsd:extension base="udt:AmountType"/>
    </xsd:simpleContent>
  </xsd:complexType>
  <xsd:complexType name="LineIDType">
    <xsd:simpleContent>
      <xsd:extension base="udt:IdentifierType"/>
    </xsd:simpleContent>
  </xsd:complexType>
  <xsd:complexType name="LineStatusCodeType">
    <xsd:simpleContent>
      <xsd:extension base="qdt:LineStatusCodeType"/>
    </xsd:simpleContent>
  </xsd:complexType>
  <xsd:complexType name="LoadingLengthMeasureType">
    <xsd:simpleContent>
      <xsd:extension base="udt:MeasureType"/>
    </xsd:simpleContent>
  </xsd:complexType>
  <xsd:complexType name="LocaleCodeType">
    <xsd:simpleContent>
      <xsd:extension base="udt:CodeType"/>
    </xsd:simpleContent>
  </xsd:complexType>
  <xsd:complexType name="LocationType">
    <xsd:simpleContent>
      <xsd:extension base="udt:TextType"/>
    </xsd:simpleContent>
  </xsd:complexType>
  <xsd:complexType name="LocationIDType">
    <xsd:simpleContent>
      <xsd:extension base="udt:IdentifierType"/>
    </xsd:simpleContent>
  </xsd:complexType>
  <xsd:complexType name="LogoReferenceIDType">
    <xsd:simpleContent>
      <xsd:extension base="udt:IdentifierType"/>
    </xsd:simpleContent>
  </xsd:complexType>
  <xsd:complexType name="LongitudeDegreesMeasureType">
    <xsd:simpleContent>
      <xsd:extension base="udt:MeasureType"/>
    </xsd:simpleContent>
  </xsd:complexType>
  <xsd:complexType name="LongitudeDirectionCodeType">
    <xsd:simpleContent>
      <xsd:extension base="qdt:LongitudeDirectionCodeType"/>
    </xsd:simpleContent>
  </xsd:complexType>
  <xsd:complexType name="LongitudeMinutesMeasureType">
    <xsd:simpleContent>
      <xsd:extension base="udt:MeasureType"/>
    </xsd:simpleContent>
  </xsd:complexType>
  <xsd:complexType name="LossRiskType">
    <xsd:simpleContent>
      <xsd:extension base="udt:TextType"/>
    </xsd:simpleContent>
  </xsd:complexType>
  <xsd:complexType name="LossRiskResponsibilityCodeType">
    <xsd:simpleContent>
      <xsd:extension base="udt:CodeType"/>
    </xsd:simpleContent>
  </xsd:complexType>
  <xsd:complexType name="LotNumberIDType">
    <xsd:simpleContent>
      <xsd:extension base="udt:IdentifierType"/>
    </xsd:simpleContent>
  </xsd:complexType>
  <xsd:complexType name="LowerOrangeHazardPlacardIDType">
    <xsd:simpleContent>
      <xsd:extension base="udt:IdentifierType"/>
    </xsd:simpleContent>
  </xsd:complexType>
  <xsd:complexType name="MailType">
    <xsd:simpleContent>
      <xsd:extension base="udt:TextType"/>
    </xsd:simpleContent>
  </xsd:complexType>
  <xsd:complexType name="ManufactureDateType">
    <xsd:simpleContent>
      <xsd:extension base="udt:DateType"/>
    </xsd:simpleContent>
  </xsd:complexType>
  <xsd:complexType name="ManufactureTimeType">
    <xsd:simpleContent>
      <xsd:extension base="udt:TimeType"/>
    </xsd:simpleContent>
  </xsd:complexType>
  <xsd:complexType name="MarkAttentionType">
    <xsd:simpleContent>
      <xsd:extension base="udt:TextType"/>
    </xsd:simpleContent>
  </xsd:complexType>
  <xsd:complexType name="MarkAttentionIndicatorType">
    <xsd:simpleContent>
      <xsd:extension base="udt:IndicatorType"/>
    </xsd:simpleContent>
  </xsd:complexType>
  <xsd:complexType name="MarkCareType">
    <xsd:simpleContent>
      <xsd:extension base="udt:TextType"/>
    </xsd:simpleContent>
  </xsd:complexType>
  <xsd:complexType name="MarkCareIndicatorType">
    <xsd:simpleContent>
      <xsd:extension base="udt:IndicatorType"/>
    </xsd:simpleContent>
  </xsd:complexType>
  <xsd:complexType name="MarkingIDType">
    <xsd:simpleContent>
      <xsd:extension base="udt:IdentifierType"/>
    </xsd:simpleContent>
  </xsd:complexType>
  <xsd:complexType name="MarksType">
    <xsd:simpleContent>
      <xsd:extension base="udt:TextType"/>
    </xsd:simpleContent>
  </xsd:complexType>
  <xsd:complexType name="MathematicOperatorCodeType">
    <xsd:simpleContent>
      <xsd:extension base="qdt:OperatorCodeType"/>
    </xsd:simpleContent>
  </xsd:complexType>
  <xsd:complexType name="MaximumBackorderQuantityType">
    <xsd:simpleContent>
      <xsd:extension base="udt:QuantityType"/>
    </xsd:simpleContent>
  </xsd:complexType>
  <xsd:complexType name="MaximumCopiesNumericType">
    <xsd:simpleContent>
      <xsd:extension base="udt:NumericType"/>
    </xsd:simpleContent>
  </xsd:complexType>
  <xsd:complexType name="MaximumMeasureType">
    <xsd:simpleContent>
      <xsd:extension base="udt:MeasureType"/>
    </xsd:simpleContent>
  </xsd:complexType>
  <xsd:complexType name="MaximumOrderQuantityType">
    <xsd:simpleContent>
      <xsd:extension base="udt:QuantityType"/>
    </xsd:simpleContent>
  </xsd:complexType>
  <xsd:complexType name="MaximumQuantityType">
    <xsd:simpleContent>
      <xsd:extension base="udt:QuantityType"/>
    </xsd:simpleContent>
  </xsd:complexType>
  <xsd:complexType name="MeasureType">
    <xsd:simpleContent>
      <xsd:extension base="udt:MeasureType"/>
    </xsd:simpleContent>
  </xsd:complexType>
  <xsd:complexType name="MedicalFirstAidGuideCodeType">
    <xsd:simpleContent>
      <xsd:extension base="udt:CodeType"/>
    </xsd:simpleContent>
  </xsd:complexType>
  <xsd:complexType name="MiddleNameType">
    <xsd:simpleContent>
      <xsd:extension base="udt:NameType"/>
    </xsd:simpleContent>
  </xsd:complexType>
  <xsd:complexType name="MinimumBackorderQuantityType">
    <xsd:simpleContent>
      <xsd:extension base="udt:QuantityType"/>
    </xsd:simpleContent>
  </xsd:complexType>
  <xsd:complexType name="MinimumMeasureType">
    <xsd:simpleContent>
      <xsd:extension base="udt:MeasureType"/>
    </xsd:simpleContent>
  </xsd:complexType>
  <xsd:complexType name="MinimumOrderQuantityType">
    <xsd:simpleContent>
      <xsd:extension base="udt:QuantityType"/>
    </xsd:simpleContent>
  </xsd:complexType>
  <xsd:complexType name="MinimumQuantityType">
    <xsd:simpleContent>
      <xsd:extension base="udt:QuantityType"/>
    </xsd:simpleContent>
  </xsd:complexType>
  <xsd:complexType name="MinutesMeasureType">
    <xsd:simpleContent>
      <xsd:extension base="udt:MeasureType"/>
    </xsd:simpleContent>
  </xsd:complexType>
  <xsd:complexType name="ModelNameType">
    <xsd:simpleContent>
      <xsd:extension base="udt:NameType"/>
    </xsd:simpleContent>
  </xsd:complexType>
  <xsd:complexType name="MultiplierFactorNumericType">
    <xsd:simpleContent>
      <xsd:extension base="udt:NumericType"/>
    </xsd:simpleContent>
  </xsd:complexType>
  <xsd:complexType name="NameType">
    <xsd:simpleContent>
      <xsd:extension base="udt:NameType"/>
    </xsd:simpleContent>
  </xsd:complexType>
  <xsd:complexType name="NameSuffixType">
    <xsd:simpleContent>
      <xsd:extension base="udt:TextType"/>
    </xsd:simpleContent>
  </xsd:complexType>
  <xsd:complexType name="NationalityType">
    <xsd:simpleContent>
      <xsd:extension base="udt:TextType"/>
    </xsd:simpleContent>
  </xsd:complexType>
  <xsd:complexType name="NationalityIDType">
    <xsd:simpleContent>
      <xsd:extension base="udt:IdentifierType"/>
    </xsd:simpleContent>
  </xsd:complexType>
  <xsd:complexType name="NatureCodeType">
    <xsd:simpleContent>
      <xsd:extension base="udt:CodeType"/>
    </xsd:simpleContent>
  </xsd:complexType>
  <xsd:complexType name="NetNetWeightMeasureType">
    <xsd:simpleContent>
      <xsd:extension base="udt:MeasureType"/>
    </xsd:simpleContent>
  </xsd:complexType>
  <xsd:complexType name="NetVolumeMeasureType">
    <xsd:simpleContent>
      <xsd:extension base="udt:MeasureType"/>
    </xsd:simpleContent>
  </xsd:complexType>
  <xsd:complexType name="NetWeightMeasureType">
    <xsd:simpleContent>
      <xsd:extension base="udt:MeasureType"/>
    </xsd:simpleContent>
  </xsd:complexType>
  <xsd:complexType name="NetworkIDType">
    <xsd:simpleContent>
      <xsd:extension base="udt:IdentifierType"/>
    </xsd:simpleContent>
  </xsd:complexType>
  <xsd:complexType name="NoteType">
    <xsd:simpleContent>
      <xsd:extension base="udt:TextType"/>
    </xsd:simpleContent>
  </xsd:complexType>
  <xsd:complexType name="NumberIDType">
    <xsd:simpleContent>
      <xsd:extension base="udt:IdentifierType"/>
    </xsd:simpleContent>
  </xsd:complexType>
  <xsd:complexType name="OccurrenceDateType">
    <xsd:simpleContent>
      <xsd:extension base="udt:DateType"/>
    </xsd:simpleContent>
  </xsd:complexType>
  <xsd:complexType name="OccurrenceTimeType">
    <xsd:simpleContent>
      <xsd:extension base="udt:TimeType"/>
    </xsd:simpleContent>
  </xsd:complexType>
  <xsd:complexType name="OnCarriageIndicatorType">
    <xsd:simpleContent>
      <xsd:extension base="udt:IndicatorType"/>
    </xsd:simpleContent>
  </xsd:complexType>
  <xsd:complexType name="OrangeHazardPlacardIDType">
    <xsd:simpleContent>
      <xsd:extension base="udt:IdentifierType"/>
    </xsd:simpleContent>
  </xsd:complexType>
  <xsd:complexType name="OrderableIndicatorType">
    <xsd:simpleContent>
      <xsd:extension base="udt:IndicatorType"/>
    </xsd:simpleContent>
  </xsd:complexType>
  <xsd:complexType name="OrderableUnitType">
    <xsd:simpleContent>
      <xsd:extension base="udt:TextType"/>
    </xsd:simpleContent>
  </xsd:complexType>
  <xsd:complexType name="OrderableUnitFactorRateType">
    <xsd:simpleContent>
      <xsd:extension base="udt:RateType"/>
    </xsd:simpleContent>
  </xsd:complexType>
  <xsd:complexType name="OrderIDType">
    <xsd:simpleContent>
      <xsd:extension base="udt:IdentifierType"/>
    </xsd:simpleContent>
  </xsd:complexType>
  <xsd:complexType name="OrderQuantityType">
    <xsd:simpleContent>
      <xsd:extension base="udt:QuantityType"/>
    </xsd:simpleContent>
  </xsd:complexType>
  <xsd:complexType name="OrderQuantityIncrementNumericType">
    <xsd:simpleContent>
      <xsd:extension base="udt:NumericType"/>
    </xsd:simpleContent>
  </xsd:complexType>
  <xsd:complexType name="OrganizationDepartmentType">
    <xsd:simpleContent>
      <xsd:extension base="udt:TextType"/>
    </xsd:simpleContent>
  </xsd:complexType>
  <xsd:complexType name="OriginalJobIDType">
    <xsd:simpleContent>
      <xsd:extension base="udt:IdentifierType"/>
    </xsd:simpleContent>
  </xsd:complexType>
  <xsd:complexType name="OtherInstructionType">
    <xsd:simpleContent>
      <xsd:extension base="udt:TextType"/>
    </xsd:simpleContent>
  </xsd:complexType>
  <xsd:complexType name="OutstandingQuantityType">
    <xsd:simpleContent>
      <xsd:extension base="udt:QuantityType"/>
    </xsd:simpleContent>
  </xsd:complexType>
  <xsd:complexType name="OutstandingReasonType">
    <xsd:simpleContent>
      <xsd:extension base="udt:TextType"/>
    </xsd:simpleContent>
  </xsd:complexType>
  <xsd:complexType name="OversupplyQuantityType">
    <xsd:simpleContent>
      <xsd:extension base="udt:QuantityType"/>
    </xsd:simpleContent>
  </xsd:complexType>
  <xsd:complexType name="OwnerTypeCodeType">
    <xsd:simpleContent>
      <xsd:extension base="udt:CodeType"/>
    </xsd:simpleContent>
  </xsd:complexType>
  <xsd:complexType name="PackageLevelCodeType">
    <xsd:simpleContent>
      <xsd:extension base="udt:CodeType"/>
    </xsd:simpleContent>
  </xsd:complexType>
  <xsd:complexType name="PackageQuantityType">
    <xsd:simpleContent>
      <xsd:extension base="udt:QuantityType"/>
    </xsd:simpleContent>
  </xsd:complexType>
  <xsd:complexType name="PackagesQuantityType">
    <xsd:simpleContent>
      <xsd:extension base="udt:QuantityType"/>
    </xsd:simpleContent>
  </xsd:complexType>
  <xsd:complexType name="PackagingTypeCodeType">
    <xsd:simpleContent>
      <xsd:extension base="qdt:PackagingTypeCodeType"/>
    </xsd:simpleContent>
  </xsd:complexType>
  <xsd:complexType name="PackingCriteriaCodeType">
    <xsd:simpleContent>
      <xsd:extension base="udt:CodeType"/>
    </xsd:simpleContent>
  </xsd:complexType>
  <xsd:complexType name="PackingMaterialType">
    <xsd:simpleContent>
      <xsd:extension base="udt:TextType"/>
    </xsd:simpleContent>
  </xsd:complexType>
  <xsd:complexType name="PackLevelCodeType">
    <xsd:simpleContent>
      <xsd:extension base="udt:CodeType"/>
    </xsd:simpleContent>
  </xsd:complexType>
  <xsd:complexType name="PackQuantityType">
    <xsd:simpleContent>
      <xsd:extension base="udt:QuantityType"/>
    </xsd:simpleContent>
  </xsd:complexType>
  <xsd:complexType name="PackSizeNumericType">
    <xsd:simpleContent>
      <xsd:extension base="udt:NumericType"/>
    </xsd:simpleContent>
  </xsd:complexType>
  <xsd:complexType name="PaidAmountType">
    <xsd:simpleContent>
      <xsd:extension base="udt:AmountType"/>
    </xsd:simpleContent>
  </xsd:complexType>
  <xsd:complexType name="PaidDateType">
    <xsd:simpleContent>
      <xsd:extension base="udt:DateType"/>
    </xsd:simpleContent>
  </xsd:complexType>
  <xsd:complexType name="PaidTimeType">
    <xsd:simpleContent>
      <xsd:extension base="udt:TimeType"/>
    </xsd:simpleContent>
  </xsd:complexType>
  <xsd:complexType name="ParentDocumentIDType">
    <xsd:simpleContent>
      <xsd:extension base="udt:IdentifierType"/>
    </xsd:simpleContent>
  </xsd:complexType>
  <xsd:complexType name="ParentDocumentTypeCodeType">
    <xsd:simpleContent>
      <xsd:extension base="udt:CodeType"/>
    </xsd:simpleContent>
  </xsd:complexType>
  <xsd:complexType name="PartialDeliveryIndicatorType">
    <xsd:simpleContent>
      <xsd:extension base="udt:IndicatorType"/>
    </xsd:simpleContent>
  </xsd:complexType>
  <xsd:complexType name="PayableAmountType">
    <xsd:simpleContent>
      <xsd:extension base="udt:AmountType"/>
    </xsd:simpleContent>
  </xsd:complexType>
  <xsd:complexType name="PayableRoundingAmountType">
    <xsd:simpleContent>
      <xsd:extension base="udt:AmountType"/>
    </xsd:simpleContent>
  </xsd:complexType>
  <xsd:complexType name="PayerReferenceType">
    <xsd:simpleContent>
      <xsd:extension base="udt:TextType"/>
    </xsd:simpleContent>
  </xsd:complexType>
  <xsd:complexType name="PaymentAlternativeCurrencyCodeType">
    <xsd:simpleContent>
      <xsd:extension base="qdt:CurrencyCodeType"/>
    </xsd:simpleContent>
  </xsd:complexType>
  <xsd:complexType name="PaymentAmountType">
    <xsd:simpleContent>
      <xsd:extension base="udt:AmountType"/>
    </xsd:simpleContent>
  </xsd:complexType>
  <xsd:complexType name="PaymentChannelCodeType">
    <xsd:simpleContent>
      <xsd:extension base="udt:CodeType"/>
    </xsd:simpleContent>
  </xsd:complexType>
  <xsd:complexType name="PaymentCurrencyCodeType">
    <xsd:simpleContent>
      <xsd:extension base="qdt:CurrencyCodeType"/>
    </xsd:simpleContent>
  </xsd:complexType>
  <xsd:complexType name="PaymentDueDateType">
    <xsd:simpleContent>
      <xsd:extension base="udt:DateType"/>
    </xsd:simpleContent>
  </xsd:complexType>
  <xsd:complexType name="PaymentIDType">
    <xsd:simpleContent>
      <xsd:extension base="udt:IdentifierType"/>
    </xsd:simpleContent>
  </xsd:complexType>
  <xsd:complexType name="PaymentMeansCodeType">
    <xsd:simpleContent>
      <xsd:extension base="qdt:PaymentMeansCodeType"/>
    </xsd:simpleContent>
  </xsd:complexType>
  <xsd:complexType name="PaymentMeansIDType">
    <xsd:simpleContent>
      <xsd:extension base="udt:IdentifierType"/>
    </xsd:simpleContent>
  </xsd:complexType>
  <xsd:complexType name="PaymentNoteType">
    <xsd:simpleContent>
      <xsd:extension base="udt:TextType"/>
    </xsd:simpleContent>
  </xsd:complexType>
  <xsd:complexType name="PaymentOrderReferenceType">
    <xsd:simpleContent>
      <xsd:extension base="udt:TextType"/>
    </xsd:simpleContent>
  </xsd:complexType>
  <xsd:complexType name="PenaltySurchargePercentType">
    <xsd:simpleContent>
      <xsd:extension base="udt:PercentType"/>
    </xsd:simpleContent>
  </xsd:complexType>
  <xsd:complexType name="PercentType">
    <xsd:simpleContent>
      <xsd:extension base="udt:PercentType"/>
    </xsd:simpleContent>
  </xsd:complexType>
  <xsd:complexType name="PerUnitAmountType">
    <xsd:simpleContent>
      <xsd:extension base="udt:AmountType"/>
    </xsd:simpleContent>
  </xsd:complexType>
  <xsd:complexType name="PlacardEndorsementType">
    <xsd:simpleContent>
      <xsd:extension base="udt:TextType"/>
    </xsd:simpleContent>
  </xsd:complexType>
  <xsd:complexType name="PlacardNotationType">
    <xsd:simpleContent>
      <xsd:extension base="udt:TextType"/>
    </xsd:simpleContent>
  </xsd:complexType>
  <xsd:complexType name="PlotIdentificationType">
    <xsd:simpleContent>
      <xsd:extension base="udt:TextType"/>
    </xsd:simpleContent>
  </xsd:complexType>
  <xsd:complexType name="PositionCodeType">
    <xsd:simpleContent>
      <xsd:extension base="udt:CodeType"/>
    </xsd:simpleContent>
  </xsd:complexType>
  <xsd:complexType name="PostalZoneType">
    <xsd:simpleContent>
      <xsd:extension base="udt:TextType"/>
    </xsd:simpleContent>
  </xsd:complexType>
  <xsd:complexType name="PostboxType">
    <xsd:simpleContent>
      <xsd:extension base="udt:TextType"/>
    </xsd:simpleContent>
  </xsd:complexType>
  <xsd:complexType name="PreCarriageIndicatorType">
    <xsd:simpleContent>
      <xsd:extension base="udt:IndicatorType"/>
    </xsd:simpleContent>
  </xsd:complexType>
  <xsd:complexType name="PreferenceCriterionCodeType">
    <xsd:simpleContent>
      <xsd:extension base="udt:CodeType"/>
    </xsd:simpleContent>
  </xsd:complexType>
  <xsd:complexType name="PrepaidAmountType">
    <xsd:simpleContent>
      <xsd:extension base="udt:AmountType"/>
    </xsd:simpleContent>
  </xsd:complexType>
  <xsd:complexType name="PrepaidIndicatorType">
    <xsd:simpleContent>
      <xsd:extension base="udt:IndicatorType"/>
    </xsd:simpleContent>
  </xsd:complexType>
  <xsd:complexType name="PrepaidPaymentReferenceIDType">
    <xsd:simpleContent>
      <xsd:extension base="udt:IdentifierType"/>
    </xsd:simpleContent>
  </xsd:complexType>
  <xsd:complexType name="PreviousJobIDType">
    <xsd:simpleContent>
      <xsd:extension base="udt:IdentifierType"/>
    </xsd:simpleContent>
  </xsd:complexType>
  <xsd:complexType name="PreviousVersionIDType">
    <xsd:simpleContent>
      <xsd:extension base="udt:IdentifierType"/>
    </xsd:simpleContent>
  </xsd:complexType>
  <xsd:complexType name="PriceAmountType">
    <xsd:simpleContent>
      <xsd:extension base="udt:AmountType"/>
    </xsd:simpleContent>
  </xsd:complexType>
  <xsd:complexType name="PriceChangeReasonType">
    <xsd:simpleContent>
      <xsd:extension base="udt:TextType"/>
    </xsd:simpleContent>
  </xsd:complexType>
  <xsd:complexType name="PriceTypeType">
    <xsd:simpleContent>
      <xsd:extension base="udt:TextType"/>
    </xsd:simpleContent>
  </xsd:complexType>
  <xsd:complexType name="PriceTypeCodeType">
    <xsd:simpleContent>
      <xsd:extension base="udt:CodeType"/>
    </xsd:simpleContent>
  </xsd:complexType>
  <xsd:complexType name="PricingCurrencyCodeType">
    <xsd:simpleContent>
      <xsd:extension base="qdt:CurrencyCodeType"/>
    </xsd:simpleContent>
  </xsd:complexType>
  <xsd:complexType name="PricingUpdateRequestIndicatorType">
    <xsd:simpleContent>
      <xsd:extension base="udt:IndicatorType"/>
    </xsd:simpleContent>
  </xsd:complexType>
  <xsd:complexType name="PrimaryAccountNumberIDType">
    <xsd:simpleContent>
      <xsd:extension base="udt:IdentifierType"/>
    </xsd:simpleContent>
  </xsd:complexType>
  <xsd:complexType name="PrintQualifierType">
    <xsd:simpleContent>
      <xsd:extension base="udt:TextType"/>
    </xsd:simpleContent>
  </xsd:complexType>
  <xsd:complexType name="PriorityType">
    <xsd:simpleContent>
      <xsd:extension base="udt:TextType"/>
    </xsd:simpleContent>
  </xsd:complexType>
  <xsd:complexType name="ProductTraceIDType">
    <xsd:simpleContent>
      <xsd:extension base="udt:IdentifierType"/>
    </xsd:simpleContent>
  </xsd:complexType>
  <xsd:complexType name="ProfileIDType">
    <xsd:simpleContent>
      <xsd:extension base="udt:IdentifierType"/>
    </xsd:simpleContent>
  </xsd:complexType>
  <xsd:complexType name="ProviderTypeCodeType">
    <xsd:simpleContent>
      <xsd:extension base="udt:CodeType"/>
    </xsd:simpleContent>
  </xsd:complexType>
  <xsd:complexType name="QualifierType">
    <xsd:simpleContent>
      <xsd:extension base="udt:TextType"/>
    </xsd:simpleContent>
  </xsd:complexType>
  <xsd:complexType name="QuantityType">
    <xsd:simpleContent>
      <xsd:extension base="udt:QuantityType"/>
    </xsd:simpleContent>
  </xsd:complexType>
  <xsd:complexType name="RailCarIDType">
    <xsd:simpleContent>
      <xsd:extension base="udt:IdentifierType"/>
    </xsd:simpleContent>
  </xsd:complexType>
  <xsd:complexType name="ReasonType">
    <xsd:simpleContent>
      <xsd:extension base="udt:TextType"/>
    </xsd:simpleContent>
  </xsd:complexType>
  <xsd:complexType name="ReceivedDateType">
    <xsd:simpleContent>
      <xsd:extension base="udt:DateType"/>
    </xsd:simpleContent>
  </xsd:complexType>
  <xsd:complexType name="ReceivedQuantityType">
    <xsd:simpleContent>
      <xsd:extension base="udt:QuantityType"/>
    </xsd:simpleContent>
  </xsd:complexType>
  <xsd:complexType name="ReferenceType">
    <xsd:simpleContent>
      <xsd:extension base="udt:TextType"/>
    </xsd:simpleContent>
  </xsd:complexType>
  <xsd:complexType name="ReferenceDateType">
    <xsd:simpleContent>
      <xsd:extension base="udt:DateType"/>
    </xsd:simpleContent>
  </xsd:complexType>
  <xsd:complexType name="ReferenceEventCodeType">
    <xsd:simpleContent>
      <xsd:extension base="udt:CodeType"/>
    </xsd:simpleContent>
  </xsd:complexType>
  <xsd:complexType name="ReferenceIDType">
    <xsd:simpleContent>
      <xsd:extension base="udt:IdentifierType"/>
    </xsd:simpleContent>
  </xsd:complexType>
  <xsd:complexType name="ReferenceTimeType">
    <xsd:simpleContent>
      <xsd:extension base="udt:TimeType"/>
    </xsd:simpleContent>
  </xsd:complexType>
  <xsd:complexType name="RefrigerationOnIndicatorType">
    <xsd:simpleContent>
      <xsd:extension base="udt:IndicatorType"/>
    </xsd:simpleContent>
  </xsd:complexType>
  <xsd:complexType name="RegionType">
    <xsd:simpleContent>
      <xsd:extension base="udt:TextType"/>
    </xsd:simpleContent>
  </xsd:complexType>
  <xsd:complexType name="RegistrationIDType">
    <xsd:simpleContent>
      <xsd:extension base="udt:IdentifierType"/>
    </xsd:simpleContent>
  </xsd:complexType>
  <xsd:complexType name="RegistrationNameType">
    <xsd:simpleContent>
      <xsd:extension base="udt:NameType"/>
    </xsd:simpleContent>
  </xsd:complexType>
  <xsd:complexType name="RegistrationNationalityType">
    <xsd:simpleContent>
      <xsd:extension base="udt:TextType"/>
    </xsd:simpleContent>
  </xsd:complexType>
  <xsd:complexType name="RegistrationNationalityIDType">
    <xsd:simpleContent>
      <xsd:extension base="udt:IdentifierType"/>
    </xsd:simpleContent>
  </xsd:complexType>
  <xsd:complexType name="RejectActionCodeType">
    <xsd:simpleContent>
      <xsd:extension base="udt:CodeType"/>
    </xsd:simpleContent>
  </xsd:complexType>
  <xsd:complexType name="RejectedQuantityType">
    <xsd:simpleContent>
      <xsd:extension base="udt:QuantityType"/>
    </xsd:simpleContent>
  </xsd:complexType>
  <xsd:complexType name="RejectionNoteType">
    <xsd:simpleContent>
      <xsd:extension base="udt:TextType"/>
    </xsd:simpleContent>
  </xsd:complexType>
  <xsd:complexType name="RejectReasonType">
    <xsd:simpleContent>
      <xsd:extension base="udt:TextType"/>
    </xsd:simpleContent>
  </xsd:complexType>
  <xsd:complexType name="RejectReasonCodeType">
    <xsd:simpleContent>
      <xsd:extension base="udt:CodeType"/>
    </xsd:simpleContent>
  </xsd:complexType>
  <xsd:complexType name="RemarksType">
    <xsd:simpleContent>
      <xsd:extension base="udt:TextType"/>
    </xsd:simpleContent>
  </xsd:complexType>
  <xsd:complexType name="ReminderSequenceNumericType">
    <xsd:simpleContent>
      <xsd:extension base="udt:NumericType"/>
    </xsd:simpleContent>
  </xsd:complexType>
  <xsd:complexType name="ReminderTypeCodeType">
    <xsd:simpleContent>
      <xsd:extension base="udt:CodeType"/>
    </xsd:simpleContent>
  </xsd:complexType>
  <xsd:complexType name="RequestedDespatchDateType">
    <xsd:simpleContent>
      <xsd:extension base="udt:DateType"/>
    </xsd:simpleContent>
  </xsd:complexType>
  <xsd:complexType name="RequestedDespatchTimeType">
    <xsd:simpleContent>
      <xsd:extension base="udt:TimeType"/>
    </xsd:simpleContent>
  </xsd:complexType>
  <xsd:complexType name="RequestedInvoiceCurrencyCodeType">
    <xsd:simpleContent>
      <xsd:extension base="qdt:CurrencyCodeType"/>
    </xsd:simpleContent>
  </xsd:complexType>
  <xsd:complexType name="RequiredCustomsIDType">
    <xsd:simpleContent>
      <xsd:extension base="udt:IdentifierType"/>
    </xsd:simpleContent>
  </xsd:complexType>
  <xsd:complexType name="ResponseCodeType">
    <xsd:simpleContent>
      <xsd:extension base="udt:CodeType"/>
    </xsd:simpleContent>
  </xsd:complexType>
  <xsd:complexType name="ResponseDateType">
    <xsd:simpleContent>
      <xsd:extension base="udt:DateType"/>
    </xsd:simpleContent>
  </xsd:complexType>
  <xsd:complexType name="ResponseTimeType">
    <xsd:simpleContent>
      <xsd:extension base="udt:TimeType"/>
    </xsd:simpleContent>
  </xsd:complexType>
  <xsd:complexType name="ReturnabilityIndicatorType">
    <xsd:simpleContent>
      <xsd:extension base="udt:IndicatorType"/>
    </xsd:simpleContent>
  </xsd:complexType>
  <xsd:complexType name="ReturnableMaterialIndicatorType">
    <xsd:simpleContent>
      <xsd:extension base="udt:IndicatorType"/>
    </xsd:simpleContent>
  </xsd:complexType>
  <xsd:complexType name="RevisionDateType">
    <xsd:simpleContent>
      <xsd:extension base="udt:DateType"/>
    </xsd:simpleContent>
  </xsd:complexType>
  <xsd:complexType name="RevisionTimeType">
    <xsd:simpleContent>
      <xsd:extension base="udt:TimeType"/>
    </xsd:simpleContent>
  </xsd:complexType>
  <xsd:complexType name="RoleCodeType">
    <xsd:simpleContent>
      <xsd:extension base="udt:CodeType"/>
    </xsd:simpleContent>
  </xsd:complexType>
  <xsd:complexType name="RoomType">
    <xsd:simpleContent>
      <xsd:extension base="udt:TextType"/>
    </xsd:simpleContent>
  </xsd:complexType>
  <xsd:complexType name="RoundingAmountType">
    <xsd:simpleContent>
      <xsd:extension base="udt:AmountType"/>
    </xsd:simpleContent>
  </xsd:complexType>
  <xsd:complexType name="SalesOrderIDType">
    <xsd:simpleContent>
      <xsd:extension base="udt:IdentifierType"/>
    </xsd:simpleContent>
  </xsd:complexType>
  <xsd:complexType name="SalesOrderLineIDType">
    <xsd:simpleContent>
      <xsd:extension base="udt:IdentifierType"/>
    </xsd:simpleContent>
  </xsd:complexType>
  <xsd:complexType name="SchemeURIType">
    <xsd:simpleContent>
      <xsd:extension base="udt:IdentifierType"/>
    </xsd:simpleContent>
  </xsd:complexType>
  <xsd:complexType name="SealingPartyTypeType">
    <xsd:simpleContent>
      <xsd:extension base="udt:TextType"/>
    </xsd:simpleContent>
  </xsd:complexType>
  <xsd:complexType name="SealIssuerTypeCodeType">
    <xsd:simpleContent>
      <xsd:extension base="udt:CodeType"/>
    </xsd:simpleContent>
  </xsd:complexType>
  <xsd:complexType name="SealStatusCodeType">
    <xsd:simpleContent>
      <xsd:extension base="udt:CodeType"/>
    </xsd:simpleContent>
  </xsd:complexType>
  <xsd:complexType name="SequenceIDType">
    <xsd:simpleContent>
      <xsd:extension base="udt:IdentifierType"/>
    </xsd:simpleContent>
  </xsd:complexType>
  <xsd:complexType name="SequenceNumberIDType">
    <xsd:simpleContent>
      <xsd:extension base="udt:IdentifierType"/>
    </xsd:simpleContent>
  </xsd:complexType>
  <xsd:complexType name="SequenceNumericType">
    <xsd:simpleContent>
      <xsd:extension base="udt:NumericType"/>
    </xsd:simpleContent>
  </xsd:complexType>
  <xsd:complexType name="SerialIDType">
    <xsd:simpleContent>
      <xsd:extension base="udt:IdentifierType"/>
    </xsd:simpleContent>
  </xsd:complexType>
  <xsd:complexType name="SettlementDiscountPercentType">
    <xsd:simpleContent>
      <xsd:extension base="udt:PercentType"/>
    </xsd:simpleContent>
  </xsd:complexType>
  <xsd:complexType name="ShippingMarksType">
    <xsd:simpleContent>
      <xsd:extension base="udt:TextType"/>
    </xsd:simpleContent>
  </xsd:complexType>
  <xsd:complexType name="ShippingOrderIDType">
    <xsd:simpleContent>
      <xsd:extension base="udt:IdentifierType"/>
    </xsd:simpleContent>
  </xsd:complexType>
  <xsd:complexType name="ShippingPriorityLevelCodeType">
    <xsd:simpleContent>
      <xsd:extension base="udt:CodeType"/>
    </xsd:simpleContent>
  </xsd:complexType>
  <xsd:complexType name="ShortageActionCodeType">
    <xsd:simpleContent>
      <xsd:extension base="udt:CodeType"/>
    </xsd:simpleContent>
  </xsd:complexType>
  <xsd:complexType name="ShortQuantityType">
    <xsd:simpleContent>
      <xsd:extension base="udt:QuantityType"/>
    </xsd:simpleContent>
  </xsd:complexType>
  <xsd:complexType name="SignatureMethodType">
    <xsd:simpleContent>
      <xsd:extension base="udt:TextType"/>
    </xsd:simpleContent>
  </xsd:complexType>
  <xsd:complexType name="SizeTypeCodeType">
    <xsd:simpleContent>
      <xsd:extension base="udt:CodeType"/>
    </xsd:simpleContent>
  </xsd:complexType>
  <xsd:complexType name="SourceCurrencyBaseRateType">
    <xsd:simpleContent>
      <xsd:extension base="udt:RateType"/>
    </xsd:simpleContent>
  </xsd:complexType>
  <xsd:complexType name="SourceCurrencyCodeType">
    <xsd:simpleContent>
      <xsd:extension base="qdt:CurrencyCodeType"/>
    </xsd:simpleContent>
  </xsd:complexType>
  <xsd:complexType name="SpecialInstructionsType">
    <xsd:simpleContent>
      <xsd:extension base="udt:TextType"/>
    </xsd:simpleContent>
  </xsd:complexType>
  <xsd:complexType name="SpecialTermsType">
    <xsd:simpleContent>
      <xsd:extension base="udt:TextType"/>
    </xsd:simpleContent>
  </xsd:complexType>
  <xsd:complexType name="SplitConsignmentIndicatorType">
    <xsd:simpleContent>
      <xsd:extension base="udt:IndicatorType"/>
    </xsd:simpleContent>
  </xsd:complexType>
  <xsd:complexType name="StartDateType">
    <xsd:simpleContent>
      <xsd:extension base="udt:DateType"/>
    </xsd:simpleContent>
  </xsd:complexType>
  <xsd:complexType name="StartTimeType">
    <xsd:simpleContent>
      <xsd:extension base="udt:TimeType"/>
    </xsd:simpleContent>
  </xsd:complexType>
  <xsd:complexType name="StatusCodeType">
    <xsd:simpleContent>
      <xsd:extension base="udt:CodeType"/>
    </xsd:simpleContent>
  </xsd:complexType>
  <xsd:complexType name="StatusReasonType">
    <xsd:simpleContent>
      <xsd:extension base="udt:TextType"/>
    </xsd:simpleContent>
  </xsd:complexType>
  <xsd:complexType name="StatusReasonCodeType">
    <xsd:simpleContent>
      <xsd:extension base="udt:CodeType"/>
    </xsd:simpleContent>
  </xsd:complexType>
  <xsd:complexType name="StreetNameType">
    <xsd:simpleContent>
      <xsd:extension base="udt:NameType"/>
    </xsd:simpleContent>
  </xsd:complexType>
  <xsd:complexType name="SubstitutionStatusCodeType">
    <xsd:simpleContent>
      <xsd:extension base="qdt:SubstitutionStatusCodeType"/>
    </xsd:simpleContent>
  </xsd:complexType>
  <xsd:complexType name="SummaryDescriptionType">
    <xsd:simpleContent>
      <xsd:extension base="udt:TextType"/>
    </xsd:simpleContent>
  </xsd:complexType>
  <xsd:complexType name="SupplierAssignedAccountIDType">
    <xsd:simpleContent>
      <xsd:extension base="udt:IdentifierType"/>
    </xsd:simpleContent>
  </xsd:complexType>
  <xsd:complexType name="SurchargePercentType">
    <xsd:simpleContent>
      <xsd:extension base="udt:PercentType"/>
    </xsd:simpleContent>
  </xsd:complexType>
  <xsd:complexType name="TargetCurrencyBaseRateType">
    <xsd:simpleContent>
      <xsd:extension base="udt:RateType"/>
    </xsd:simpleContent>
  </xsd:complexType>
  <xsd:complexType name="TargetCurrencyCodeType">
    <xsd:simpleContent>
      <xsd:extension base="qdt:CurrencyCodeType"/>
    </xsd:simpleContent>
  </xsd:complexType>
  <xsd:complexType name="TariffClassCodeType">
    <xsd:simpleContent>
      <xsd:extension base="udt:CodeType"/>
    </xsd:simpleContent>
  </xsd:complexType>
  <xsd:complexType name="TariffCodeType">
    <xsd:simpleContent>
      <xsd:extension base="udt:CodeType"/>
    </xsd:simpleContent>
  </xsd:complexType>
  <xsd:complexType name="TariffDescriptionType">
    <xsd:simpleContent>
      <xsd:extension base="udt:TextType"/>
    </xsd:simpleContent>
  </xsd:complexType>
  <xsd:complexType name="TaxableAmountType">
    <xsd:simpleContent>
      <xsd:extension base="udt:AmountType"/>
    </xsd:simpleContent>
  </xsd:complexType>
  <xsd:complexType name="TaxAmountType">
    <xsd:simpleContent>
      <xsd:extension base="udt:AmountType"/>
    </xsd:simpleContent>
  </xsd:complexType>
  <xsd:complexType name="TaxCurrencyCodeType">
    <xsd:simpleContent>
      <xsd:extension base="qdt:CurrencyCodeType"/>
    </xsd:simpleContent>
  </xsd:complexType>
  <xsd:complexType name="TaxEvidenceIndicatorType">
    <xsd:simpleContent>
      <xsd:extension base="udt:IndicatorType"/>
    </xsd:simpleContent>
  </xsd:complexType>
  <xsd:complexType name="TaxExclusiveAmountType">
    <xsd:simpleContent>
      <xsd:extension base="udt:AmountType"/>
    </xsd:simpleContent>
  </xsd:complexType>
  <xsd:complexType name="TaxExemptionReasonType">
    <xsd:simpleContent>
      <xsd:extension base="udt:TextType"/>
    </xsd:simpleContent>
  </xsd:complexType>
  <xsd:complexType name="TaxExemptionReasonCodeType">
    <xsd:simpleContent>
      <xsd:extension base="udt:CodeType"/>
    </xsd:simpleContent>
  </xsd:complexType>
  <xsd:complexType name="TaxInclusiveAmountType">
    <xsd:simpleContent>
      <xsd:extension base="udt:AmountType"/>
    </xsd:simpleContent>
  </xsd:complexType>
  <xsd:complexType name="TaxLevelCodeType">
    <xsd:simpleContent>
      <xsd:extension base="udt:CodeType"/>
    </xsd:simpleContent>
  </xsd:complexType>
  <xsd:complexType name="TaxPointDateType">
    <xsd:simpleContent>
      <xsd:extension base="udt:DateType"/>
    </xsd:simpleContent>
  </xsd:complexType>
  <xsd:complexType name="TaxTypeCodeType">
    <xsd:simpleContent>
      <xsd:extension base="udt:CodeType"/>
    </xsd:simpleContent>
  </xsd:complexType>
  <xsd:complexType name="TechnicalNameType">
    <xsd:simpleContent>
      <xsd:extension base="udt:NameType"/>
    </xsd:simpleContent>
  </xsd:complexType>
  <xsd:complexType name="TelefaxType">
    <xsd:simpleContent>
      <xsd:extension base="udt:TextType"/>
    </xsd:simpleContent>
  </xsd:complexType>
  <xsd:complexType name="TelephoneType">
    <xsd:simpleContent>
      <xsd:extension base="udt:TextType"/>
    </xsd:simpleContent>
  </xsd:complexType>
  <xsd:complexType name="TermsType">
    <xsd:simpleContent>
      <xsd:extension base="udt:TextType"/>
    </xsd:simpleContent>
  </xsd:complexType>
  <xsd:complexType name="TextType">
    <xsd:simpleContent>
      <xsd:extension base="udt:TextType"/>
    </xsd:simpleContent>
  </xsd:complexType>
  <xsd:complexType name="TierRangeType">
    <xsd:simpleContent>
      <xsd:extension base="udt:TextType"/>
    </xsd:simpleContent>
  </xsd:complexType>
  <xsd:complexType name="TierRatePercentType">
    <xsd:simpleContent>
      <xsd:extension base="udt:PercentType"/>
    </xsd:simpleContent>
  </xsd:complexType>
  <xsd:complexType name="TimeType">
    <xsd:simpleContent>
      <xsd:extension base="udt:TimeType"/>
    </xsd:simpleContent>
  </xsd:complexType>
  <xsd:complexType name="TimezoneOffsetType">
    <xsd:simpleContent>
      <xsd:extension base="udt:TextType"/>
    </xsd:simpleContent>
  </xsd:complexType>
  <xsd:complexType name="TimingComplaintType">
    <xsd:simpleContent>
      <xsd:extension base="udt:TextType"/>
    </xsd:simpleContent>
  </xsd:complexType>
  <xsd:complexType name="TimingComplaintCodeType">
    <xsd:simpleContent>
      <xsd:extension base="udt:CodeType"/>
    </xsd:simpleContent>
  </xsd:complexType>
  <xsd:complexType name="TitleType">
    <xsd:simpleContent>
      <xsd:extension base="udt:TextType"/>
    </xsd:simpleContent>
  </xsd:complexType>
  <xsd:complexType name="ToOrderIndicatorType">
    <xsd:simpleContent>
      <xsd:extension base="udt:IndicatorType"/>
    </xsd:simpleContent>
  </xsd:complexType>
  <xsd:complexType name="TotalBalanceAmountType">
    <xsd:simpleContent>
      <xsd:extension base="udt:AmountType"/>
    </xsd:simpleContent>
  </xsd:complexType>
  <xsd:complexType name="TotalCreditAmountType">
    <xsd:simpleContent>
      <xsd:extension base="udt:AmountType"/>
    </xsd:simpleContent>
  </xsd:complexType>
  <xsd:complexType name="TotalDebitAmountType">
    <xsd:simpleContent>
      <xsd:extension base="udt:AmountType"/>
    </xsd:simpleContent>
  </xsd:complexType>
  <xsd:complexType name="TotalGoodsItemQuantityType">
    <xsd:simpleContent>
      <xsd:extension base="udt:QuantityType"/>
    </xsd:simpleContent>
  </xsd:complexType>
  <xsd:complexType name="TotalInvoiceAmountType">
    <xsd:simpleContent>
      <xsd:extension base="udt:AmountType"/>
    </xsd:simpleContent>
  </xsd:complexType>
  <xsd:complexType name="TotalPackageQuantityType">
    <xsd:simpleContent>
      <xsd:extension base="udt:QuantityType"/>
    </xsd:simpleContent>
  </xsd:complexType>
  <xsd:complexType name="TotalPackagesQuantityType">
    <xsd:simpleContent>
      <xsd:extension base="udt:QuantityType"/>
    </xsd:simpleContent>
  </xsd:complexType>
  <xsd:complexType name="TotalPaymentAmountType">
    <xsd:simpleContent>
      <xsd:extension base="udt:AmountType"/>
    </xsd:simpleContent>
  </xsd:complexType>
  <xsd:complexType name="TotalTaxAmountType">
    <xsd:simpleContent>
      <xsd:extension base="udt:AmountType"/>
    </xsd:simpleContent>
  </xsd:complexType>
  <xsd:complexType name="TotalTransportHandlingUnitQuantityType">
    <xsd:simpleContent>
      <xsd:extension base="udt:QuantityType"/>
    </xsd:simpleContent>
  </xsd:complexType>
  <xsd:complexType name="TrackingIDType">
    <xsd:simpleContent>
      <xsd:extension base="udt:IdentifierType"/>
    </xsd:simpleContent>
  </xsd:complexType>
  <xsd:complexType name="TradingRestrictionsType">
    <xsd:simpleContent>
      <xsd:extension base="udt:TextType"/>
    </xsd:simpleContent>
  </xsd:complexType>
  <xsd:complexType name="TrainIDType">
    <xsd:simpleContent>
      <xsd:extension base="udt:IdentifierType"/>
    </xsd:simpleContent>
  </xsd:complexType>
  <xsd:complexType name="TransactionCurrencyTaxAmountType">
    <xsd:simpleContent>
      <xsd:extension base="udt:AmountType"/>
    </xsd:simpleContent>
  </xsd:complexType>
  <xsd:complexType name="TransitDirectionCodeType">
    <xsd:simpleContent>
      <xsd:extension base="udt:CodeType"/>
    </xsd:simpleContent>
  </xsd:complexType>
  <xsd:complexType name="TransportAuthorizationCodeType">
    <xsd:simpleContent>
      <xsd:extension base="udt:CodeType"/>
    </xsd:simpleContent>
  </xsd:complexType>
  <xsd:complexType name="TransportEmergencyCardCodeType">
    <xsd:simpleContent>
      <xsd:extension base="udt:CodeType"/>
    </xsd:simpleContent>
  </xsd:complexType>
  <xsd:complexType name="TransportEquipmentTypeCodeType">
    <xsd:simpleContent>
      <xsd:extension base="qdt:TransportEquipmentTypeCodeType"/>
    </xsd:simpleContent>
  </xsd:complexType>
  <xsd:complexType name="TransportEventTypeCodeType">
    <xsd:simpleContent>
      <xsd:extension base="udt:CodeType"/>
    </xsd:simpleContent>
  </xsd:complexType>
  <xsd:complexType name="TransportHandlingUnitQuantityType">
    <xsd:simpleContent>
      <xsd:extension base="udt:QuantityType"/>
    </xsd:simpleContent>
  </xsd:complexType>
  <xsd:complexType name="TransportHandlingUnitTypeCodeType">
    <xsd:simpleContent>
      <xsd:extension base="udt:CodeType"/>
    </xsd:simpleContent>
  </xsd:complexType>
  <xsd:complexType name="TransportMeansTypeCodeType">
    <xsd:simpleContent>
      <xsd:extension base="udt:CodeType"/>
    </xsd:simpleContent>
  </xsd:complexType>
  <xsd:complexType name="TransportModeCodeType">
    <xsd:simpleContent>
      <xsd:extension base="qdt:TransportModeCodeType"/>
    </xsd:simpleContent>
  </xsd:complexType>
  <xsd:complexType name="TransportServiceCodeType">
    <xsd:simpleContent>
      <xsd:extension base="udt:CodeType"/>
    </xsd:simpleContent>
  </xsd:complexType>
  <xsd:complexType name="UBLVersionIDType">
    <xsd:simpleContent>
      <xsd:extension base="udt:IdentifierType"/>
    </xsd:simpleContent>
  </xsd:complexType>
  <xsd:complexType name="UNDGCodeType">
    <xsd:simpleContent>
      <xsd:extension base="udt:CodeType"/>
    </xsd:simpleContent>
  </xsd:complexType>
  <xsd:complexType name="UnitType">
    <xsd:simpleContent>
      <xsd:extension base="udt:TextType"/>
    </xsd:simpleContent>
  </xsd:complexType>
  <xsd:complexType name="UnitQuantityType">
    <xsd:simpleContent>
      <xsd:extension base="udt:QuantityType"/>
    </xsd:simpleContent>
  </xsd:complexType>
  <xsd:complexType name="UpperOrangeHazardPlacardIDType">
    <xsd:simpleContent>
      <xsd:extension base="udt:IdentifierType"/>
    </xsd:simpleContent>
  </xsd:complexType>
  <xsd:complexType name="URIType">
    <xsd:simpleContent>
      <xsd:extension base="udt:IdentifierType"/>
    </xsd:simpleContent>
  </xsd:complexType>
  <xsd:complexType name="UUIDType">
    <xsd:simpleContent>
      <xsd:extension base="udt:IdentifierType"/>
    </xsd:simpleContent>
  </xsd:complexType>
  <xsd:complexType name="ValidationDateType">
    <xsd:simpleContent>
      <xsd:extension base="udt:DateType"/>
    </xsd:simpleContent>
  </xsd:complexType>
  <xsd:complexType name="ValidationTimeType">
    <xsd:simpleContent>
      <xsd:extension base="udt:TimeType"/>
    </xsd:simpleContent>
  </xsd:complexType>
  <xsd:complexType name="ValidatorIDType">
    <xsd:simpleContent>
      <xsd:extension base="udt:IdentifierType"/>
    </xsd:simpleContent>
  </xsd:complexType>
  <xsd:complexType name="ValidityStartDateType">
    <xsd:simpleContent>
      <xsd:extension base="udt:DateType"/>
    </xsd:simpleContent>
  </xsd:complexType>
  <xsd:complexType name="ValueType">
    <xsd:simpleContent>
      <xsd:extension base="udt:TextType"/>
    </xsd:simpleContent>
  </xsd:complexType>
  <xsd:complexType name="ValueAmountType">
    <xsd:simpleContent>
      <xsd:extension base="udt:AmountType"/>
    </xsd:simpleContent>
  </xsd:complexType>
  <xsd:complexType name="VersionIDType">
    <xsd:simpleContent>
      <xsd:extension base="udt:IdentifierType"/>
    </xsd:simpleContent>
  </xsd:complexType>
  <xsd:complexType name="VesselIDType">
    <xsd:simpleContent>
      <xsd:extension base="udt:IdentifierType"/>
    </xsd:simpleContent>
  </xsd:complexType>
  <xsd:complexType name="VesselNameType">
    <xsd:simpleContent>
      <xsd:extension base="udt:NameType"/>
    </xsd:simpleContent>
  </xsd:complexType>
  <xsd:complexType name="VolumeMeasureType">
    <xsd:simpleContent>
      <xsd:extension base="udt:MeasureType"/>
    </xsd:simpleContent>
  </xsd:complexType>
  <xsd:complexType name="WarrantyInformationType">
    <xsd:simpleContent>
      <xsd:extension base="udt:TextType"/>
    </xsd:simpleContent>
  </xsd:complexType>
  <xsd:complexType name="WebsiteURIType">
    <xsd:simpleContent>
      <xsd:extension base="udt:IdentifierType"/>
    </xsd:simpleContent>
  </xsd:complexType>
  <xsd:complexType name="WeightMeasureType">
    <xsd:simpleContent>
      <xsd:extension base="udt:MeasureType"/>
    </xsd:simpleContent>
  </xsd:complexType>
  <xsd:complexType name="XPathType">
    <xsd:simpleContent>
      <xsd:extension base="udt:TextType"/>
    </xsd:simpleContent>
  </xsd:complexType>
  <xsd:complexType name="ZoneType">
    <xsd:simpleContent>
      <xsd:extension base="udt:TextType"/>
    </xsd:simpleContent>
  </xsd:complexType>
</xsd:schema>
<!--===== Copyright Notice =====-->
<!--OASIS takes no position regarding the validity or scope of any 
  intellectual property or other rights that might be claimed to pertain 
  to the implementation or use of the technology described in this 
  document or the extent to which any license under such rights 
  might or might not be available; neither does it represent that it has 
  made any effort to identify any such rights. Information on OASIS's 
  procedures with respect to rights in OASIS specifications can be 
  found at the OASIS website. Copies of claims of rights made 
  available for publication and any assurances of licenses to be made 
  available, or the result of an attempt made to obtain a general 
  license or permission for the use of such proprietary rights by 
  implementors or users of this specification, can be obtained from 
  the OASIS Executive Director.

  OASIS invites any interested party to bring to its attention any 
  copyrights, patents or patent applications, or other proprietary 
  rights which may cover technology that may be required to 
  implement this specification. Please address the information to the 
  OASIS Executive Director.
  
  Copyright (C) OASIS Open 2001-2006. All Rights Reserved.

  This document and translations of it may be copied and furnished to 
  others, and derivative works that comment on or otherwise explain 
  it or assist in its implementation may be prepared, copied, 
  published and distributed, in whole or in part, without restriction of 
  any kind, provided that the above copyright notice and this 
  paragraph are included on all such copies and derivative works. 
  However, this document itself may not be modified in any way, 
  such as by removing the copyright notice or references to OASIS, 
  except as needed for the purpose of developing OASIS 
  specifications, in which case the procedures for copyrights defined 
  in the OASIS Intellectual Property Rights document must be 
  followed, or as required to translate it into languages other than 
  English. 

  The limited permissions granted above are perpetual and will not be 
  revoked by OASIS or its successors or assigns. 

  This document and the information contained herein is provided on 
  an "AS IS" basis and OASIS DISCLAIMS ALL WARRANTIES, 
  EXPRESS OR IMPLIED, INCLUDING BUT NOT LIMITED TO ANY 
  WARRANTY THAT THE USE OF THE INFORMATION HEREIN 
  WILL NOT INFRINGE ANY RIGHTS OR ANY IMPLIED 
  WARRANTIES OF MERCHANTABILITY OR FITNESS FOR A 
  PARTICULAR PURPOSE.-->]]></con:content><con:type>http://www.w3.org/2001/XMLSchema</con:type></con:part><con:part><con:url>file:/home/isr/git/parent/invoiceservice/InvoiceServiceRegistry/wsdl/invoiceService/1.0.0/invoice/UnqualifiedDataTypeSchemaModule-2.0.xsd</con:url><con:content><![CDATA[<!--======================================================================-->
<!--===== UDT Unqualified Data Type Schema Module =====-->
<!--======================================================================-->
<!--Module of Unqualified Data Type
   Agency: UN/CEFACT
   Version:	1.1, rev. A
   Last change: 16 February 2005



   Copyright (C) UN/CEFACT (2006). All Rights Reserved.
   This document and translations of it may be copied and furnished to others,
   and derivative works that comment on or otherwise explain it or assist
   in its implementation may be prepared, copied, published and distributed,
   in whole or in part, without restriction of any kind, provided that the
   above copyright notice and this paragraph are included on all such copies
   and derivative works. However, this document itself may not be modified in
   any way, such as by removing the copyright notice or references to
   UN/CEFACT, except as needed for the purpose of developing UN/CEFACT
   specifications, in which case the procedures for copyrights defined in the
   UN/CEFACT Intellectual Property Rights document must be followed, or as


   required to translate it into languages other than English.
   The limited permissions granted above are perpetual and will not be revoked


   by UN/CEFACT or its successors or assigns.
   This document and the information contained herein is provided on an "AS IS"
   basis and UN/CEFACT DISCLAIMS ALL WARRANTIES, EXPRESS OR IMPLIED, INCLUDING
   BUT NOT LIMITED TO ANY WARRANTY THAT THE USE OF THE INFORMATION HEREIN WILL
   NOT INFRINGE ANY RIGHTS OR ANY IMPLIED WARRANTIES OF MERCHANTABILITY OR
   FITNESS FOR A PARTICULAR PURPOSE.-->
<xsd:schema targetNamespace="urn:un:unece:uncefact:data:specification:UnqualifiedDataTypesSchemaModule:2" elementFormDefault="qualified" attributeFormDefault="unqualified" xmlns:xsd="http://www.w3.org/2001/XMLSchema" xmlns:clm5639="urn:un:unece:uncefact:codelist:specification:5639:1988" xmlns:ccts="urn:un:unece:uncefact:documentation:2" xmlns:clm54217="urn:un:unece:uncefact:codelist:specification:54217:2001" xmlns:clmIANAMIMEMediaType="urn:un:unece:uncefact:codelist:specification:IANAMIMEMediaType:2003" xmlns:clm66411="urn:un:unece:uncefact:codelist:specification:66411:2001" xmlns:udt="urn:un:unece:uncefact:data:specification:UnqualifiedDataTypesSchemaModule:2">
  <!--===== Imports =====-->
  <!--===================================================================-->
  <!--===== Imports of Code Lists =====-->
  <!--===================================================================-->
  <xsd:import namespace="urn:un:unece:uncefact:codelist:specification:66411:2001" schemaLocation="CodeList_UnitCode_UNECE_7_04.xsd"/>
  <xsd:import namespace="urn:un:unece:uncefact:codelist:specification:IANAMIMEMediaType:2003" schemaLocation="CodeList_MIMEMediaTypeCode_IANA_7_04.xsd"/>
  <xsd:import namespace="urn:un:unece:uncefact:codelist:specification:54217:2001" schemaLocation="CodeList_CurrencyCode_ISO_7_04.xsd"/>
  <xsd:import namespace="urn:un:unece:uncefact:codelist:specification:5639:1988" schemaLocation="CodeList_LanguageCode_ISO_7_04.xsd"/>
  <!--===== Type Definitions =====-->
  <!--===================================================================-->
  <!--===== Primary RT: Amount. Type =====-->
  <!--===================================================================-->
  <xsd:complexType name="AmountType">
    <xsd:annotation>
      <xsd:documentation xml:lang="en">
        <ccts:UniqueID>UDT000001</ccts:UniqueID>
        <ccts:CategoryCode>UDT</ccts:CategoryCode>
        <ccts:DictionaryEntryName>Amount. Type</ccts:DictionaryEntryName>
        <ccts:VersionID>1.0</ccts:VersionID>
        <ccts:Definition>A number of monetary units specified in a currency where the unit of the currency is explicit or implied.</ccts:Definition>
        <ccts:RepresentationTermName>Amount</ccts:RepresentationTermName>
        <ccts:PrimitiveType>decimal</ccts:PrimitiveType>
        <xsd:BuiltinType>decimal</xsd:BuiltinType>
      </xsd:documentation>
    </xsd:annotation>
    <xsd:simpleContent>
      <xsd:extension base="xsd:decimal">
        <xsd:attribute name="currencyID" type="clm54217:CurrencyCodeContentType" use="required">
          <xsd:annotation>
            <xsd:documentation xml:lang="en">
              <ccts:UniqueID>UDT000001-SC2</ccts:UniqueID>
              <ccts:CategoryCode>SC</ccts:CategoryCode>
              <ccts:DictionaryEntryName>Amount Currency. Identifier</ccts:DictionaryEntryName>
              <ccts:Definition>The currency of the amount.</ccts:Definition>
              <ccts:ObjectClass>Amount Currency</ccts:ObjectClass>
              <ccts:PropertyTermName>Identification</ccts:PropertyTermName>
              <ccts:RepresentationTermName>Identifier</ccts:RepresentationTermName>
              <ccts:PrimitiveType>string</ccts:PrimitiveType>
              <xsd:BuiltinType>normalisedString</xsd:BuiltinType>
            </xsd:documentation>
          </xsd:annotation>
        </xsd:attribute>
      </xsd:extension>
    </xsd:simpleContent>
  </xsd:complexType>
  <!--===== Primary RT: Binary Object. Type =====-->
  <!--===================================================================-->
  <xsd:complexType name="BinaryObjectType">
    <xsd:annotation>
      <xsd:documentation xml:lang="en">
        <ccts:UniqueID>UDT000002</ccts:UniqueID>
        <ccts:CategoryCode>UDT</ccts:CategoryCode>
        <ccts:DictionaryEntryName>Binary Object. Type</ccts:DictionaryEntryName>
        <ccts:VersionID>1.0</ccts:VersionID>
        <ccts:Definition>A set of finite-length sequences of binary octets.</ccts:Definition>
        <ccts:RepresentationTermName>Binary Object</ccts:RepresentationTermName>
        <ccts:PrimitiveType>binary</ccts:PrimitiveType>
        <xsd:BuiltinType>base64Binary</xsd:BuiltinType>
      </xsd:documentation>
    </xsd:annotation>
    <xsd:simpleContent>
      <xsd:extension base="xsd:base64Binary">
        <xsd:attribute name="format" type="xsd:string" use="optional">
          <xsd:annotation>
            <xsd:documentation xml:lang="en">
              <ccts:UniqueID>UDT000002-SC2</ccts:UniqueID>
              <ccts:CategoryCode>SC</ccts:CategoryCode>
              <ccts:DictionaryEntryName>Binary Object. Format. Text</ccts:DictionaryEntryName>
              <ccts:Definition>The format of the binary content.</ccts:Definition>
              <ccts:ObjectClass>Binary Object</ccts:ObjectClass>
              <ccts:PropertyTermName>Format</ccts:PropertyTermName>
              <ccts:RepresentationTermName>Text</ccts:RepresentationTermName>
              <ccts:PrimitiveType>string</ccts:PrimitiveType>
              <xsd:BuiltinType>string</xsd:BuiltinType>
            </xsd:documentation>
          </xsd:annotation>
        </xsd:attribute>
        <xsd:attribute name="mimeCode" type="clmIANAMIMEMediaType:BinaryObjectMimeCodeContentType" use="required">
          <xsd:annotation>
            <xsd:documentation xml:lang="en">
              <ccts:UniqueID>UDT000002-SC3</ccts:UniqueID>
              <ccts:CategoryCode>SC</ccts:CategoryCode>
              <ccts:DictionaryEntryName>Binary Object. Mime. Code</ccts:DictionaryEntryName>
              <ccts:Definition>The mime type of the binary object.</ccts:Definition>
              <ccts:ObjectClass>Binary Object</ccts:ObjectClass>
              <ccts:PropertyTermName>Mime</ccts:PropertyTermName>
              <ccts:RepresentationTermName>Code</ccts:RepresentationTermName>
              <ccts:PrimitiveType>string</ccts:PrimitiveType>
              <xsd:BuiltinType>normalizedString</xsd:BuiltinType>
            </xsd:documentation>
          </xsd:annotation>
        </xsd:attribute>
        <xsd:attribute name="encodingCode" type="xsd:normalizedString" use="optional">
          <xsd:annotation>
            <xsd:documentation xml:lang="en">
              <ccts:UniqueID>UDT000002-SC4</ccts:UniqueID>
              <ccts:CategoryCode>SC</ccts:CategoryCode>
              <ccts:DictionaryEntryName>Binary Object. Encoding. Code</ccts:DictionaryEntryName>
              <ccts:Definition>Specifies the decoding algorithm of the binary object.</ccts:Definition>
              <ccts:ObjectClass>Binary Object</ccts:ObjectClass>
              <ccts:PropertyTermName>Encoding</ccts:PropertyTermName>
              <ccts:RepresentationTermName>Code</ccts:RepresentationTermName>
              <ccts:PrimitiveType>string</ccts:PrimitiveType>
              <xsd:BuiltinType>normalizedString</xsd:BuiltinType>
            </xsd:documentation>
          </xsd:annotation>
        </xsd:attribute>
        <xsd:attribute name="characterSetCode" type="xsd:normalizedString" use="optional">
          <xsd:annotation>
            <xsd:documentation xml:lang="en">
              <ccts:UniqueID>UDT000002-SC5</ccts:UniqueID>
              <ccts:CategoryCode>SC</ccts:CategoryCode>
              <ccts:DictionaryEntryName>Binary Object. Character Set. Code</ccts:DictionaryEntryName>
              <ccts:Definition>The character set of the binary object if the mime type is text.</ccts:Definition>
              <ccts:ObjectClass>Binary Object</ccts:ObjectClass>
              <ccts:PropertyTermName>Character Set</ccts:PropertyTermName>
              <ccts:RepresentationTermName>Code</ccts:RepresentationTermName>
              <ccts:PrimitiveType>string</ccts:PrimitiveType>
              <xsd:BuiltinType>normalizedString</xsd:BuiltinType>
            </xsd:documentation>
          </xsd:annotation>
        </xsd:attribute>
        <xsd:attribute name="uri" type="xsd:anyURI" use="optional">
          <xsd:annotation>
            <xsd:documentation xml:lang="en">
              <ccts:UniqueID>UDT000002-SC6</ccts:UniqueID>
              <ccts:CategoryCode>SC</ccts:CategoryCode>
              <ccts:DictionaryEntryName>Binary Object. Uniform Resource. Identifier</ccts:DictionaryEntryName>
              <ccts:Definition>The Uniform Resource Identifier that identifies where the binary object is located.</ccts:Definition>
              <ccts:ObjectClass>Binary Object</ccts:ObjectClass>
              <ccts:PropertyTermName>Uniform Resource Identifier</ccts:PropertyTermName>
              <ccts:RepresentationTermName>Identifier</ccts:RepresentationTermName>
              <ccts:PrimitiveType>string</ccts:PrimitiveType>
              <xsd:BuiltinType>anyURI</xsd:BuiltinType>
            </xsd:documentation>
          </xsd:annotation>
        </xsd:attribute>
        <xsd:attribute name="filename" type="xsd:string" use="optional">
          <xsd:annotation>
            <xsd:documentation xml:lang="en">
              <ccts:UniqueID>UDT000002-SC7</ccts:UniqueID>
              <ccts:CategoryCode>SC</ccts:CategoryCode>
              <ccts:DictionaryEntryName>Binary Object. Filename.Text</ccts:DictionaryEntryName>
              <ccts:Definition>The filename of the binary object.</ccts:Definition>
              <ccts:ObjectClass>Binary Object</ccts:ObjectClass>
              <ccts:PropertyTermName>Filename</ccts:PropertyTermName>
              <ccts:RepresentationTermName>Text</ccts:RepresentationTermName>
              <ccts:PrimitiveType>string</ccts:PrimitiveType>
              <xsd:BuiltinType>string</xsd:BuiltinType>
            </xsd:documentation>
          </xsd:annotation>
        </xsd:attribute>
      </xsd:extension>
    </xsd:simpleContent>
  </xsd:complexType>
  <!--===== Secondary RT: Graphic. Type =====-->
  <!--===================================================================-->
  <xsd:complexType name="GraphicType">
    <xsd:annotation>
      <xsd:documentation xml:lang="en">
        <ccts:UniqueID>UDT000003</ccts:UniqueID>
        <ccts:CategoryCode>UDT</ccts:CategoryCode>
        <ccts:DictionaryEntryName>Graphic. Type</ccts:DictionaryEntryName>
        <ccts:VersionID>1.0</ccts:VersionID>
        <ccts:Definition>A diagram, graph, mathematical curves, or similar representation.</ccts:Definition>
        <ccts:RepresentationTermName>Graphic</ccts:RepresentationTermName>
        <ccts:PrimitiveType>binary</ccts:PrimitiveType>
        <xsd:BuiltinType>base64Binary</xsd:BuiltinType>
      </xsd:documentation>
    </xsd:annotation>
    <xsd:simpleContent>
      <xsd:extension base="xsd:base64Binary">
        <xsd:attribute name="format" type="xsd:string" use="optional">
          <xsd:annotation>
            <xsd:documentation xml:lang="en">
              <ccts:UniqueID>UDT000003-SC2</ccts:UniqueID>
              <ccts:CategoryCode>SC</ccts:CategoryCode>
              <ccts:DictionaryEntryName>Graphic. Format. Text</ccts:DictionaryEntryName>
              <ccts:Definition>The format of the graphic content.</ccts:Definition>
              <ccts:ObjectClass>Graphic</ccts:ObjectClass>
              <ccts:PropertyTermName>Format</ccts:PropertyTermName>
              <ccts:RepresentationTermName>Text</ccts:RepresentationTermName>
              <ccts:PrimitiveType>string</ccts:PrimitiveType>
              <xsd:BuiltinType>string</xsd:BuiltinType>
            </xsd:documentation>
          </xsd:annotation>
        </xsd:attribute>
        <xsd:attribute name="mimeCode" type="clmIANAMIMEMediaType:BinaryObjectMimeCodeContentType" use="required">
          <xsd:annotation>
            <xsd:documentation xml:lang="en">
              <ccts:UniqueID>UDT000003-SC3</ccts:UniqueID>
              <ccts:CategoryCode>SC</ccts:CategoryCode>
              <ccts:DictionaryEntryName>Graphic. Mime. Code</ccts:DictionaryEntryName>
              <ccts:Definition>The mime type of the graphic object.</ccts:Definition>
              <ccts:ObjectClass>Graphic</ccts:ObjectClass>
              <ccts:PropertyTermName>Mime</ccts:PropertyTermName>
              <ccts:RepresentationTermName>Code</ccts:RepresentationTermName>
              <ccts:PrimitiveType>string</ccts:PrimitiveType>
              <xsd:BuiltinType>normalizedString</xsd:BuiltinType>
            </xsd:documentation>
          </xsd:annotation>
        </xsd:attribute>
        <xsd:attribute name="encodingCode" type="xsd:normalizedString" use="optional">
          <xsd:annotation>
            <xsd:documentation xml:lang="en">
              <ccts:UniqueID>UDT000003-SC4</ccts:UniqueID>
              <ccts:CategoryCode>SC</ccts:CategoryCode>
              <ccts:DictionaryEntryName>Graphic. Encoding. Code</ccts:DictionaryEntryName>
              <ccts:Definition>Specifies the decoding algorithm of the graphic object.</ccts:Definition>
              <ccts:ObjectClass>Graphic</ccts:ObjectClass>
              <ccts:PropertyTermName>Encoding</ccts:PropertyTermName>
              <ccts:RepresentationTermName>Code</ccts:RepresentationTermName>
              <ccts:PrimitiveType>string</ccts:PrimitiveType>
              <xsd:BuiltinType>normalizedString</xsd:BuiltinType>
            </xsd:documentation>
          </xsd:annotation>
        </xsd:attribute>
        <xsd:attribute name="uri" type="xsd:anyURI" use="optional">
          <xsd:annotation>
            <xsd:documentation xml:lang="en">
              <ccts:UniqueID>UDT000003-SC6</ccts:UniqueID>
              <ccts:CategoryCode>SC</ccts:CategoryCode>
              <ccts:DictionaryEntryName>Graphic. Uniform Resource. Identifier</ccts:DictionaryEntryName>
              <ccts:Definition>The Uniform Resource Identifier that identifies where the graphic object is located.</ccts:Definition>
              <ccts:ObjectClass>Graphic</ccts:ObjectClass>
              <ccts:PropertyTermName>Uniform Resource Identifier</ccts:PropertyTermName>
              <ccts:RepresentationTermName>Identifier</ccts:RepresentationTermName>
              <ccts:PrimitiveType>string</ccts:PrimitiveType>
              <xsd:BuiltinType>anyURI</xsd:BuiltinType>
            </xsd:documentation>
          </xsd:annotation>
        </xsd:attribute>
        <xsd:attribute name="filename" type="xsd:string" use="optional">
          <xsd:annotation>
            <xsd:documentation xml:lang="en">
              <ccts:UniqueID>UDT000003-SC7</ccts:UniqueID>
              <ccts:CategoryCode>SC</ccts:CategoryCode>
              <ccts:DictionaryEntryName>Graphic. Filename.Text</ccts:DictionaryEntryName>
              <ccts:Definition>The filename of the graphic object.</ccts:Definition>
              <ccts:ObjectClass>Graphic</ccts:ObjectClass>
              <ccts:PropertyTermName>Filename</ccts:PropertyTermName>
              <ccts:RepresentationTermName>Text</ccts:RepresentationTermName>
              <ccts:PrimitiveType>string</ccts:PrimitiveType>
              <xsd:BuiltinType>string</xsd:BuiltinType>
            </xsd:documentation>
          </xsd:annotation>
        </xsd:attribute>
      </xsd:extension>
    </xsd:simpleContent>
  </xsd:complexType>
  <!--===== Secondary RT: Picture. Type =====-->
  <!--===================================================================-->
  <xsd:complexType name="PictureType">
    <xsd:annotation>
      <xsd:documentation xml:lang="en">
        <ccts:UniqueID>UDT000004</ccts:UniqueID>
        <ccts:CategoryCode>UDT</ccts:CategoryCode>
        <ccts:DictionaryEntryName>Picture. Type</ccts:DictionaryEntryName>
        <ccts:VersionID>1.0</ccts:VersionID>
        <ccts:Definition>A diagram, graph, mathematical curves, or similar representation.</ccts:Definition>
        <ccts:RepresentationTermName>Picture</ccts:RepresentationTermName>
        <ccts:PrimitiveType>binary</ccts:PrimitiveType>
        <xsd:BuiltinType>base64Binary</xsd:BuiltinType>
      </xsd:documentation>
    </xsd:annotation>
    <xsd:simpleContent>
      <xsd:extension base="xsd:base64Binary">
        <xsd:attribute name="format" type="xsd:string" use="optional">
          <xsd:annotation>
            <xsd:documentation xml:lang="en">
              <ccts:UniqueID>UDT000004-SC2</ccts:UniqueID>
              <ccts:CategoryCode>SC</ccts:CategoryCode>
              <ccts:DictionaryEntryName>Picture. Format. Text</ccts:DictionaryEntryName>
              <ccts:Definition>The format of the picture content.</ccts:Definition>
              <ccts:ObjectClass>Picture</ccts:ObjectClass>
              <ccts:PropertyTermName>Format</ccts:PropertyTermName>
              <ccts:RepresentationTermName>Text</ccts:RepresentationTermName>
              <ccts:PrimitiveType>string</ccts:PrimitiveType>
              <xsd:BuiltinType>string</xsd:BuiltinType>
            </xsd:documentation>
          </xsd:annotation>
        </xsd:attribute>
        <xsd:attribute name="mimeCode" type="clmIANAMIMEMediaType:BinaryObjectMimeCodeContentType" use="required">
          <xsd:annotation>
            <xsd:documentation xml:lang="en">
              <ccts:UniqueID>UDT000004-SC3</ccts:UniqueID>
              <ccts:CategoryCode>SC</ccts:CategoryCode>
              <ccts:DictionaryEntryName>Picture. Mime. Code</ccts:DictionaryEntryName>
              <ccts:Definition>The mime type of the picture object.</ccts:Definition>
              <ccts:ObjectClass>Picture</ccts:ObjectClass>
              <ccts:PropertyTermName>Mime</ccts:PropertyTermName>
              <ccts:RepresentationTermName>Code</ccts:RepresentationTermName>
              <ccts:PrimitiveType>string</ccts:PrimitiveType>
              <xsd:BuiltinType>normalizedString</xsd:BuiltinType>
            </xsd:documentation>
          </xsd:annotation>
        </xsd:attribute>
        <xsd:attribute name="encodingCode" type="xsd:normalizedString" use="optional">
          <xsd:annotation>
            <xsd:documentation xml:lang="en">
              <ccts:UniqueID>UDT000004-SC4</ccts:UniqueID>
              <ccts:CategoryCode>SC</ccts:CategoryCode>
              <ccts:DictionaryEntryName>Picture. Encoding. Code</ccts:DictionaryEntryName>
              <ccts:Definition>Specifies the decoding algorithm of the picture object.</ccts:Definition>
              <ccts:ObjectClass>Picture</ccts:ObjectClass>
              <ccts:PropertyTermName>Encoding</ccts:PropertyTermName>
              <ccts:RepresentationTermName>Code</ccts:RepresentationTermName>
              <ccts:PrimitiveType>string</ccts:PrimitiveType>
              <xsd:BuiltinType>normalizedString</xsd:BuiltinType>
            </xsd:documentation>
          </xsd:annotation>
        </xsd:attribute>
        <xsd:attribute name="uri" type="xsd:anyURI" use="optional">
          <xsd:annotation>
            <xsd:documentation xml:lang="en">
              <ccts:UniqueID>UDT000004-SC6</ccts:UniqueID>
              <ccts:CategoryCode>SC</ccts:CategoryCode>
              <ccts:DictionaryEntryName>Picture. Uniform Resource. Identifier</ccts:DictionaryEntryName>
              <ccts:Definition>The Uniform Resource Identifier that identifies where the picture object is located.</ccts:Definition>
              <ccts:ObjectClass>Picture</ccts:ObjectClass>
              <ccts:PropertyTermName>Uniform Resource Identifier</ccts:PropertyTermName>
              <ccts:RepresentationTermName>Identifier</ccts:RepresentationTermName>
              <ccts:PrimitiveType>string</ccts:PrimitiveType>
              <xsd:BuiltinType>anyURI</xsd:BuiltinType>
            </xsd:documentation>
          </xsd:annotation>
        </xsd:attribute>
        <xsd:attribute name="filename" type="xsd:string" use="optional">
          <xsd:annotation>
            <xsd:documentation xml:lang="en">
              <ccts:UniqueID>UDT000004-SC7</ccts:UniqueID>
              <ccts:CategoryCode>SC</ccts:CategoryCode>
              <ccts:DictionaryEntryName>Picture. Filename.Text</ccts:DictionaryEntryName>
              <ccts:Definition>The filename of the picture object.</ccts:Definition>
              <ccts:ObjectClass>Picture</ccts:ObjectClass>
              <ccts:PropertyTermName>Filename</ccts:PropertyTermName>
              <ccts:RepresentationTermName>Text</ccts:RepresentationTermName>
              <ccts:PrimitiveType>string</ccts:PrimitiveType>
              <xsd:BuiltinType>string</xsd:BuiltinType>
            </xsd:documentation>
          </xsd:annotation>
        </xsd:attribute>
      </xsd:extension>
    </xsd:simpleContent>
  </xsd:complexType>
  <!--===== Secondary RT: Sound. Type =====-->
  <!--===================================================================-->
  <xsd:complexType name="SoundType">
    <xsd:annotation>
      <xsd:documentation xml:lang="en">
        <ccts:UniqueID>UDT000005</ccts:UniqueID>
        <ccts:CategoryCode>UDT</ccts:CategoryCode>
        <ccts:DictionaryEntryName>Sound. Type</ccts:DictionaryEntryName>
        <ccts:VersionID>1.0</ccts:VersionID>
        <ccts:Definition>A diagram, graph, mathematical curves, or similar representation.</ccts:Definition>
        <ccts:RepresentationTermName>Sound</ccts:RepresentationTermName>
        <ccts:PrimitiveType>binary</ccts:PrimitiveType>
        <xsd:BuiltinType>base64Binary</xsd:BuiltinType>
      </xsd:documentation>
    </xsd:annotation>
    <xsd:simpleContent>
      <xsd:extension base="xsd:base64Binary">
        <xsd:attribute name="format" type="xsd:string" use="optional">
          <xsd:annotation>
            <xsd:documentation xml:lang="en">
              <ccts:UniqueID>UDT000005-SC2</ccts:UniqueID>
              <ccts:CategoryCode>SC</ccts:CategoryCode>
              <ccts:DictionaryEntryName>Sound. Format. Text</ccts:DictionaryEntryName>
              <ccts:Definition>The format of the sound content.</ccts:Definition>
              <ccts:ObjectClass>Sound</ccts:ObjectClass>
              <ccts:PropertyTermName>Format</ccts:PropertyTermName>
              <ccts:RepresentationTermName>Text</ccts:RepresentationTermName>
              <ccts:PrimitiveType>string</ccts:PrimitiveType>
              <xsd:BuiltinType>string</xsd:BuiltinType>
            </xsd:documentation>
          </xsd:annotation>
        </xsd:attribute>
        <xsd:attribute name="mimeCode" type="clmIANAMIMEMediaType:BinaryObjectMimeCodeContentType" use="required">
          <xsd:annotation>
            <xsd:documentation xml:lang="en">
              <ccts:UniqueID>UDT000005-SC3</ccts:UniqueID>
              <ccts:CategoryCode>SC</ccts:CategoryCode>
              <ccts:DictionaryEntryName>Sound. Mime. Code</ccts:DictionaryEntryName>
              <ccts:Definition>The mime type of the sound object.</ccts:Definition>
              <ccts:ObjectClass>Sound</ccts:ObjectClass>
              <ccts:PropertyTermName>Mime</ccts:PropertyTermName>
              <ccts:RepresentationTermName>Code</ccts:RepresentationTermName>
              <ccts:PrimitiveType>string</ccts:PrimitiveType>
              <xsd:BuiltinType>normalizedString</xsd:BuiltinType>
            </xsd:documentation>
          </xsd:annotation>
        </xsd:attribute>
        <xsd:attribute name="encodingCode" type="xsd:normalizedString" use="optional">
          <xsd:annotation>
            <xsd:documentation xml:lang="en">
              <ccts:UniqueID>UDT000005-SC4</ccts:UniqueID>
              <ccts:CategoryCode>SC</ccts:CategoryCode>
              <ccts:DictionaryEntryName>Sound. Encoding. Code</ccts:DictionaryEntryName>
              <ccts:Definition>Specifies the decoding algorithm of the sound object.</ccts:Definition>
              <ccts:ObjectClass>Sound</ccts:ObjectClass>
              <ccts:PropertyTermName>Encoding</ccts:PropertyTermName>
              <ccts:RepresentationTermName>Code</ccts:RepresentationTermName>
              <ccts:PrimitiveType>string</ccts:PrimitiveType>
              <xsd:BuiltinType>normalizedString</xsd:BuiltinType>
            </xsd:documentation>
          </xsd:annotation>
        </xsd:attribute>
        <xsd:attribute name="uri" type="xsd:anyURI" use="optional">
          <xsd:annotation>
            <xsd:documentation xml:lang="en">
              <ccts:UniqueID>UDT000005-SC6</ccts:UniqueID>
              <ccts:CategoryCode>SC</ccts:CategoryCode>
              <ccts:DictionaryEntryName>Sound. Uniform Resource. Identifier</ccts:DictionaryEntryName>
              <ccts:Definition>The Uniform Resource Identifier that identifies where the sound object is located.</ccts:Definition>
              <ccts:ObjectClass>Sound</ccts:ObjectClass>
              <ccts:PropertyTermName>Uniform Resource Identifier</ccts:PropertyTermName>
              <ccts:RepresentationTermName>Identifier</ccts:RepresentationTermName>
              <ccts:PrimitiveType>string</ccts:PrimitiveType>
              <xsd:BuiltinType>anyURI</xsd:BuiltinType>
            </xsd:documentation>
          </xsd:annotation>
        </xsd:attribute>
        <xsd:attribute name="filename" type="xsd:string" use="optional">
          <xsd:annotation>
            <xsd:documentation xml:lang="en">
              <ccts:UniqueID>UDT000005-SC7</ccts:UniqueID>
              <ccts:CategoryCode>SC</ccts:CategoryCode>
              <ccts:DictionaryEntryName>Sound. Filename.Text</ccts:DictionaryEntryName>
              <ccts:Definition>The filename of the sound object.</ccts:Definition>
              <ccts:ObjectClass>Sound</ccts:ObjectClass>
              <ccts:PropertyTermName>Filename</ccts:PropertyTermName>
              <ccts:RepresentationTermName>Text</ccts:RepresentationTermName>
              <ccts:PrimitiveType>string</ccts:PrimitiveType>
              <xsd:BuiltinType>string</xsd:BuiltinType>
            </xsd:documentation>
          </xsd:annotation>
        </xsd:attribute>
      </xsd:extension>
    </xsd:simpleContent>
  </xsd:complexType>
  <!--===== Secondary RT: Video. Type =====-->
  <!--===================================================================-->
  <xsd:complexType name="VideoType">
    <xsd:annotation>
      <xsd:documentation xml:lang="en">
        <ccts:UniqueID>UDT000006</ccts:UniqueID>
        <ccts:CategoryCode>UDT</ccts:CategoryCode>
        <ccts:DictionaryEntryName>Video. Type</ccts:DictionaryEntryName>
        <ccts:VersionID>1.0</ccts:VersionID>
        <ccts:Definition>A diagram, graph, mathematical curves, or similar representation.</ccts:Definition>
        <ccts:RepresentationTermName>Graphic</ccts:RepresentationTermName>
        <ccts:PrimitiveType>binary</ccts:PrimitiveType>
        <xsd:BuiltinType>bas64Binary</xsd:BuiltinType>
      </xsd:documentation>
    </xsd:annotation>
    <xsd:simpleContent>
      <xsd:extension base="xsd:base64Binary">
        <xsd:attribute name="format" type="xsd:string" use="optional">
          <xsd:annotation>
            <xsd:documentation xml:lang="en">
              <ccts:UniqueID>UDT000006-SC2</ccts:UniqueID>
              <ccts:CategoryCode>SC</ccts:CategoryCode>
              <ccts:DictionaryEntryName>Video. Format. Text</ccts:DictionaryEntryName>
              <ccts:Definition>The format of the video content.</ccts:Definition>
              <ccts:ObjectClass>Video</ccts:ObjectClass>
              <ccts:PropertyTermName>Format</ccts:PropertyTermName>
              <ccts:RepresentationTermName>Text</ccts:RepresentationTermName>
              <ccts:PrimitiveType>string</ccts:PrimitiveType>
              <xsd:BuiltinType>string</xsd:BuiltinType>
            </xsd:documentation>
          </xsd:annotation>
        </xsd:attribute>
        <xsd:attribute name="mimeCode" type="clmIANAMIMEMediaType:BinaryObjectMimeCodeContentType" use="required">
          <xsd:annotation>
            <xsd:documentation xml:lang="en">
              <ccts:UniqueID>UDT000006-SC3</ccts:UniqueID>
              <ccts:CategoryCode>SC</ccts:CategoryCode>
              <ccts:DictionaryEntryName>Video. Mime. Code</ccts:DictionaryEntryName>
              <ccts:Definition>The mime type of the video object.</ccts:Definition>
              <ccts:ObjectClass>Video</ccts:ObjectClass>
              <ccts:PropertyTermName>Mime</ccts:PropertyTermName>
              <ccts:RepresentationTermName>Code</ccts:RepresentationTermName>
              <ccts:PrimitiveType>string</ccts:PrimitiveType>
              <xsd:BuiltinType>normalizedString</xsd:BuiltinType>
            </xsd:documentation>
          </xsd:annotation>
        </xsd:attribute>
        <xsd:attribute name="encodingCode" type="xsd:normalizedString" use="optional">
          <xsd:annotation>
            <xsd:documentation xml:lang="en">
              <ccts:UniqueID>UDT000006-SC4</ccts:UniqueID>
              <ccts:CategoryCode>SC</ccts:CategoryCode>
              <ccts:DictionaryEntryName>Video. Encoding. Code</ccts:DictionaryEntryName>
              <ccts:Definition>Specifies the decoding algorithm of the video object.</ccts:Definition>
              <ccts:ObjectClass>Video</ccts:ObjectClass>
              <ccts:PropertyTermName>Encoding</ccts:PropertyTermName>
              <ccts:RepresentationTermName>Code</ccts:RepresentationTermName>
              <ccts:PrimitiveType>string</ccts:PrimitiveType>
              <xsd:BuiltinType>normalizedString</xsd:BuiltinType>
            </xsd:documentation>
          </xsd:annotation>
        </xsd:attribute>
        <xsd:attribute name="uri" type="xsd:anyURI" use="optional">
          <xsd:annotation>
            <xsd:documentation xml:lang="en">
              <ccts:UniqueID>UDT000006-SC6</ccts:UniqueID>
              <ccts:CategoryCode>SC</ccts:CategoryCode>
              <ccts:DictionaryEntryName>Video. Uniform Resource. Identifier</ccts:DictionaryEntryName>
              <ccts:Definition>The Uniform Resource Identifier that identifies where the video object is located.</ccts:Definition>
              <ccts:ObjectClass>Video</ccts:ObjectClass>
              <ccts:PropertyTermName>Uniform Resource Identifier</ccts:PropertyTermName>
              <ccts:RepresentationTermName>Identifier</ccts:RepresentationTermName>
              <ccts:PrimitiveType>string</ccts:PrimitiveType>
              <xsd:BuiltinType>anyURI</xsd:BuiltinType>
            </xsd:documentation>
          </xsd:annotation>
        </xsd:attribute>
        <xsd:attribute name="filename" type="xsd:string" use="optional">
          <xsd:annotation>
            <xsd:documentation xml:lang="en">
              <ccts:UniqueID>UDT000006-SC7</ccts:UniqueID>
              <ccts:CategoryCode>SC</ccts:CategoryCode>
              <ccts:DictionaryEntryName>Video. Filename.Text</ccts:DictionaryEntryName>
              <ccts:Definition>The filename of the video object.</ccts:Definition>
              <ccts:ObjectClass>Video</ccts:ObjectClass>
              <ccts:PropertyTermName>Filename</ccts:PropertyTermName>
              <ccts:RepresentationTermName>Text</ccts:RepresentationTermName>
              <ccts:PrimitiveType>string</ccts:PrimitiveType>
              <xsd:BuiltinType>string</xsd:BuiltinType>
            </xsd:documentation>
          </xsd:annotation>
        </xsd:attribute>
      </xsd:extension>
    </xsd:simpleContent>
  </xsd:complexType>
  <!--===== Primary RT: Code. Type =====-->
  <!--===================================================================-->
  <xsd:complexType name="CodeType">
    <xsd:annotation>
      <xsd:documentation xml:lang="en">
        <ccts:UniqueID>UDT000007</ccts:UniqueID>
        <ccts:CategoryCode>UDT</ccts:CategoryCode>
        <ccts:DictionaryEntryName>Code. Type</ccts:DictionaryEntryName>
        <ccts:VersionID>1.0</ccts:VersionID>
        <ccts:Definition>A character string (letters, figures, or symbols) that for brevity and/or languange independence may be used to represent or replace a definitive value or text of an attribute together with relevant supplementary information.</ccts:Definition>
        <ccts:RepresentationTermName>Code</ccts:RepresentationTermName>
        <ccts:PrimitiveType>string</ccts:PrimitiveType>
        <xsd:BuiltinType>normalizedString</xsd:BuiltinType>
        <ccts:UsageRule>Other supplementary components in the CCT are captured as part of the token and name for the schema module containing the code list and thus, are not declared as attributes.</ccts:UsageRule>
      </xsd:documentation>
    </xsd:annotation>
    <xsd:simpleContent>
      <xsd:extension base="xsd:normalizedString">
        <xsd:attribute name="listID" type="xsd:normalizedString" use="optional">
          <xsd:annotation>
            <xsd:documentation xml:lang="en">
              <ccts:UniqueID>UDT000007-SC2</ccts:UniqueID>
              <ccts:CategoryCode>SC</ccts:CategoryCode>
              <ccts:DictionaryEntryName>Code List. Identifier</ccts:DictionaryEntryName>
              <ccts:Definition>The identification of a list of codes.</ccts:Definition>
              <ccts:ObjectClass>Code List</ccts:ObjectClass>
              <ccts:PropertyTermName>Identification</ccts:PropertyTermName>
              <ccts:RepresentationTermName>Identifier</ccts:RepresentationTermName>
              <ccts:PrimitiveType>string</ccts:PrimitiveType>
            </xsd:documentation>
          </xsd:annotation>
        </xsd:attribute>
        <xsd:attribute name="listAgencyID" type="xsd:normalizedString" use="optional">
          <xsd:annotation>
            <xsd:documentation xml:lang="en">
              <ccts:UniqueID>UDT000007-SC3</ccts:UniqueID>
              <ccts:CategoryCode>SC</ccts:CategoryCode>
              <ccts:DictionaryEntryName>Code List. Agency. Identifier</ccts:DictionaryEntryName>
              <ccts:Definition>An agency that maintains one or more lists of codes.</ccts:Definition>
              <ccts:ObjectClass>Code List</ccts:ObjectClass>
              <ccts:PropertyTermName>Agency</ccts:PropertyTermName>
              <ccts:RepresentationTermName>Identifier</ccts:RepresentationTermName>
              <ccts:PrimitiveType>string</ccts:PrimitiveType>
              <ccts:UsageRule>Defaults to the UN/EDIFACT data element 3055 code list.</ccts:UsageRule>
            </xsd:documentation>
          </xsd:annotation>
        </xsd:attribute>
        <xsd:attribute name="listAgencyName" type="xsd:string" use="optional">
          <xsd:annotation>
            <xsd:documentation xml:lang="en">
              <ccts:UniqueID>UDT000007-SC4</ccts:UniqueID>
              <ccts:CategoryCode>SC</ccts:CategoryCode>
              <ccts:DictionaryEntryName>Code List. Agency Name. Text</ccts:DictionaryEntryName>
              <ccts:Definition>The name of the agency that maintains the list of codes.</ccts:Definition>
              <ccts:ObjectClass>Code List</ccts:ObjectClass>
              <ccts:PropertyTermName>Agency Name</ccts:PropertyTermName>
              <ccts:RepresentationTermName>Text</ccts:RepresentationTermName>
              <ccts:PrimitiveType>string</ccts:PrimitiveType>
            </xsd:documentation>
          </xsd:annotation>
        </xsd:attribute>
        <xsd:attribute name="listName" type="xsd:string" use="optional">
          <xsd:annotation>
            <xsd:documentation xml:lang="en">
              <ccts:UniqueID>UDT000007-SC5</ccts:UniqueID>
              <ccts:CategoryCode>SC</ccts:CategoryCode>
              <ccts:DictionaryEntryName>Code List. Name. Text</ccts:DictionaryEntryName>
              <ccts:Definition>The name of a list of codes.</ccts:Definition>
              <ccts:ObjectClass>Code List</ccts:ObjectClass>
              <ccts:PropertyTermName>Name</ccts:PropertyTermName>
              <ccts:RepresentationTermName>Text</ccts:RepresentationTermName>
              <ccts:PrimitiveType>string</ccts:PrimitiveType>
            </xsd:documentation>
          </xsd:annotation>
        </xsd:attribute>
        <xsd:attribute name="listVersionID" type="xsd:normalizedString" use="optional">
          <xsd:annotation>
            <xsd:documentation xml:lang="en">
              <ccts:UniqueID>UDT000007-SC6</ccts:UniqueID>
              <ccts:CategoryCode>SC</ccts:CategoryCode>
              <ccts:DictionaryEntryName>Code List. Identifier</ccts:DictionaryEntryName>
              <ccts:Definition>The identification of a list of codes.</ccts:Definition>
              <ccts:ObjectClass>Code List</ccts:ObjectClass>
              <ccts:PropertyTermName>Identification</ccts:PropertyTermName>
              <ccts:RepresentationTermName>Identifier</ccts:RepresentationTermName>
              <ccts:PrimitiveType>string</ccts:PrimitiveType>
              <xsd:BuiltinType>string</xsd:BuiltinType>
            </xsd:documentation>
          </xsd:annotation>
        </xsd:attribute>
        <xsd:attribute name="name" type="xsd:string" use="optional">
          <xsd:annotation>
            <xsd:documentation xml:lang="en">
              <ccts:UniqueID>UDT000007-SC7</ccts:UniqueID>
              <ccts:CategoryCode>SC</ccts:CategoryCode>
              <ccts:DictionaryEntryName>Code. Name. Text</ccts:DictionaryEntryName>
              <ccts:Definition>The textual equivalent of the code content component.</ccts:Definition>
              <ccts:ObjectClass>Code</ccts:ObjectClass>
              <ccts:PropertyTermName>Name</ccts:PropertyTermName>
              <ccts:RepresentationTermName>Text</ccts:RepresentationTermName>
              <ccts:PrimitiveType>string</ccts:PrimitiveType>
              <xsd:BuiltinType>string</xsd:BuiltinType>
            </xsd:documentation>
          </xsd:annotation>
        </xsd:attribute>
        <xsd:attribute name="languageID" type="xsd:language" use="optional">
          <xsd:annotation>
            <xsd:documentation xml:lang="en">
              <ccts:UniqueID>UDT000007-SC8</ccts:UniqueID>
              <ccts:CategoryCode>SC</ccts:CategoryCode>
              <ccts:DictionaryEntryName>Language. Identifier</ccts:DictionaryEntryName>
              <ccts:Definition>The identifier of the language used in the code name.</ccts:Definition>
              <ccts:ObjectClass>Language</ccts:ObjectClass>
              <ccts:PropertyTermName>Identification</ccts:PropertyTermName>
              <ccts:RepresentationTermName>Identifier</ccts:RepresentationTermName>
              <ccts:PrimitiveType>string</ccts:PrimitiveType>
              <xsd:BuiltinType>language</xsd:BuiltinType>
            </xsd:documentation>
          </xsd:annotation>
        </xsd:attribute>
        <xsd:attribute name="listURI" type="xsd:anyURI" use="optional">
          <xsd:annotation>
            <xsd:documentation xml:lang="en">
              <ccts:UniqueID>UDT000007-SC9</ccts:UniqueID>
              <ccts:CategoryCode>SC</ccts:CategoryCode>
              <ccts:DictionaryEntryName>Code List. Uniform Resource. Identifier</ccts:DictionaryEntryName>
              <ccts:Definition>The Uniform Resource Identifier that identifies where the code list is located.</ccts:Definition>
              <ccts:ObjectClass>Code List</ccts:ObjectClass>
              <ccts:PropertyTermName>Uniform Resource Identifier</ccts:PropertyTermName>
              <ccts:RepresentationTermName>Identifier</ccts:RepresentationTermName>
              <ccts:PrimitiveType>string</ccts:PrimitiveType>
              <xsd:BuiltinType>anyURI</xsd:BuiltinType>
            </xsd:documentation>
          </xsd:annotation>
        </xsd:attribute>
        <xsd:attribute name="listSchemeURI" type="xsd:anyURI" use="optional">
          <xsd:annotation>
            <xsd:documentation xml:lang="en">
              <ccts:UniqueID>UDT000007-SC10</ccts:UniqueID>
              <ccts:CategoryCode>SC</ccts:CategoryCode>
              <ccts:DictionaryEntryName>Code List Scheme. Uniform Resource. Identifier</ccts:DictionaryEntryName>
              <ccts:Definition>The Uniform Resource Identifier that identifies where the code list scheme is located.</ccts:Definition>
              <ccts:ObjectClass>Code List Scheme</ccts:ObjectClass>
              <ccts:PropertyTermName>Uniform Resource Identifier</ccts:PropertyTermName>
              <ccts:RepresentationTermName>Identifier</ccts:RepresentationTermName>
              <ccts:PrimitiveType>string</ccts:PrimitiveType>
              <xsd:BuiltinType>anyURI</xsd:BuiltinType>
            </xsd:documentation>
          </xsd:annotation>
        </xsd:attribute>
      </xsd:extension>
    </xsd:simpleContent>
  </xsd:complexType>
  <!--===== Primary RT: Date Time. Type =====-->
  <!--===================================================================-->
  <xsd:simpleType name="DateTimeType">
    <xsd:annotation>
      <xsd:documentation xml:lang="en">
        <ccts:UniqueID>UDT000008</ccts:UniqueID>
        <ccts:CategoryCode>UDT</ccts:CategoryCode>
        <ccts:DictionaryEntryName>Date Time. Type</ccts:DictionaryEntryName>
        <ccts:VersionID>1.0</ccts:VersionID>
        <ccts:Definition>A particular point in the progression of time together with the relevant supplementary information.</ccts:Definition>
        <ccts:RepresentationTermName>Date Time</ccts:RepresentationTermName>
        <ccts:PrimitiveType>string</ccts:PrimitiveType>
        <xsd:BuiltinType>dateTime</xsd:BuiltinType>
        <ccts:UsageRule>Can be used for a date and/or time.</ccts:UsageRule>
      </xsd:documentation>
    </xsd:annotation>
    <xsd:restriction base="xsd:dateTime"/>
  </xsd:simpleType>
  <!--===== Secondary RT: Date. Type =====-->
  <!--===================================================================-->
  <xsd:simpleType name="DateType">
    <xsd:annotation>
      <xsd:documentation xml:lang="en">
        <ccts:UniqueID>UDT000009</ccts:UniqueID>
        <ccts:CategoryCode>UDT</ccts:CategoryCode>
        <ccts:DictionaryEntryName>Date. Type</ccts:DictionaryEntryName>
        <ccts:VersionID>1.0</ccts:VersionID>
        <ccts:Definition>One calendar day according the Gregorian calendar.</ccts:Definition>
        <ccts:RepresentationTermName>Date</ccts:RepresentationTermName>
        <ccts:PrimitiveType>string</ccts:PrimitiveType>
        <xsd:BuiltinType>date</xsd:BuiltinType>
      </xsd:documentation>
    </xsd:annotation>
    <xsd:restriction base="xsd:date"/>
  </xsd:simpleType>
  <!--===== Secondary RT: Time. Type =====-->
  <!--===================================================================-->
  <xsd:simpleType name="TimeType">
    <xsd:annotation>
      <xsd:documentation xml:lang="en">
        <ccts:UniqueID>UDT0000010</ccts:UniqueID>
        <ccts:CategoryCode>UDT</ccts:CategoryCode>
        <ccts:DictionaryEntryName>Time. Type</ccts:DictionaryEntryName>
        <ccts:VersionID>1.0</ccts:VersionID>
        <ccts:Definition>The instance of time that occurs every day.</ccts:Definition>
        <ccts:RepresentationTermName>Time</ccts:RepresentationTermName>
        <ccts:PrimitiveType>string</ccts:PrimitiveType>
        <xsd:BuiltinType>time</xsd:BuiltinType>
      </xsd:documentation>
    </xsd:annotation>
    <xsd:restriction base="xsd:time"/>
  </xsd:simpleType>
  <!--===== Primary RT: Identifier. Type =====-->
  <!--===================================================================-->
  <xsd:complexType name="IdentifierType">
    <xsd:annotation>
      <xsd:documentation xml:lang="en">
        <ccts:UniqueID>UDT0000011</ccts:UniqueID>
        <ccts:CategoryCode>UDT</ccts:CategoryCode>
        <ccts:DictionaryEntryName>Identifier. Type</ccts:DictionaryEntryName>
        <ccts:VersionID>1.0</ccts:VersionID>
        <ccts:Definition>A character string to identify and distinguish uniquely, one instance of an object in an identification scheme from all other objects in the same scheme together with relevant supplementary information.</ccts:Definition>
        <ccts:RepresentationTermName>Identifier</ccts:RepresentationTermName>
        <ccts:PrimitiveType>string</ccts:PrimitiveType>
        <xsd:BuiltinType>normalizedString</xsd:BuiltinType>
        <ccts:UsageRule>Other supplementary components in the CCT are captured as part of the token and name for the schema module containing the identifer list and thus, are not declared as attributes.</ccts:UsageRule>
      </xsd:documentation>
    </xsd:annotation>
    <xsd:simpleContent>
      <xsd:extension base="xsd:normalizedString">
        <xsd:attribute name="schemeID" type="xsd:normalizedString" use="optional">
          <xsd:annotation>
            <xsd:documentation xml:lang="en">
              <ccts:UniqueID>UDT000011-SC2</ccts:UniqueID>
              <ccts:CategoryCode>SC</ccts:CategoryCode>
              <ccts:DictionaryEntryName>Identification Scheme. Identifier</ccts:DictionaryEntryName>
              <ccts:Definition>The identification of the identification scheme.</ccts:Definition>
              <ccts:ObjectClass>Identification Scheme</ccts:ObjectClass>
              <ccts:PropertyTermName>Identification</ccts:PropertyTermName>
              <ccts:RepresentationTermName>Identifier</ccts:RepresentationTermName>
              <ccts:PrimitiveType>string</ccts:PrimitiveType>
            </xsd:documentation>
          </xsd:annotation>
        </xsd:attribute>
        <xsd:attribute name="schemeName" type="xsd:string" use="optional">
          <xsd:annotation>
            <xsd:documentation xml:lang="en">
              <ccts:UniqueID>UDT000011-SC3</ccts:UniqueID>
              <ccts:CategoryCode>SC</ccts:CategoryCode>
              <ccts:DictionaryEntryName>Identification Scheme. Name. Text</ccts:DictionaryEntryName>
              <ccts:Definition>The name of the identification scheme.</ccts:Definition>
              <ccts:ObjectClass>Identification Scheme</ccts:ObjectClass>
              <ccts:PropertyTermName>Name</ccts:PropertyTermName>
              <ccts:RepresentationTermName>Text</ccts:RepresentationTermName>
              <ccts:PrimitiveType>string</ccts:PrimitiveType>
            </xsd:documentation>
          </xsd:annotation>
        </xsd:attribute>
        <xsd:attribute name="schemeAgencyID" type="xsd:normalizedString" use="optional">
          <xsd:annotation>
            <xsd:documentation xml:lang="en">
              <ccts:UniqueID>UDT000011-SC4</ccts:UniqueID>
              <ccts:CategoryCode>SC</ccts:CategoryCode>
              <ccts:DictionaryEntryName>Identification Scheme Agency. Identifier</ccts:DictionaryEntryName>
              <ccts:Definition>The identification of the agency that maintains the identification scheme.</ccts:Definition>
              <ccts:ObjectClass>Identification Scheme Agency</ccts:ObjectClass>
              <ccts:PropertyTermName>Identification</ccts:PropertyTermName>
              <ccts:RepresentationTermName>Identifier</ccts:RepresentationTermName>
              <ccts:PrimitiveType>string</ccts:PrimitiveType>
              <ccts:UsageRule>Defaults to the UN/EDIFACT data element 3055 code list.</ccts:UsageRule>
            </xsd:documentation>
          </xsd:annotation>
        </xsd:attribute>
        <xsd:attribute name="schemeAgencyName" type="xsd:string" use="optional">
          <xsd:annotation>
            <xsd:documentation xml:lang="en">
              <ccts:UniqueID>UDT000011-SC5</ccts:UniqueID>
              <ccts:CategoryCode>SC</ccts:CategoryCode>
              <ccts:DictionaryEntryName>Identification Scheme Agency. Name. Text</ccts:DictionaryEntryName>
              <ccts:Definition>The name of the agency that maintains the identification scheme.</ccts:Definition>
              <ccts:ObjectClass>Identification Scheme Agency</ccts:ObjectClass>
              <ccts:PropertyTermName>Agency Name</ccts:PropertyTermName>
              <ccts:RepresentationTermName>Text</ccts:RepresentationTermName>
              <ccts:PrimitiveType>string</ccts:PrimitiveType>
            </xsd:documentation>
          </xsd:annotation>
        </xsd:attribute>
        <xsd:attribute name="schemeVersionID" type="xsd:normalizedString" use="optional">
          <xsd:annotation>
            <xsd:documentation xml:lang="en">
              <ccts:UniqueID>UDT000011-SC6</ccts:UniqueID>
              <ccts:CategoryCode>SC</ccts:CategoryCode>
              <ccts:DictionaryEntryName>Identification Scheme. Version. Identifier</ccts:DictionaryEntryName>
              <ccts:Definition>The version of the identification scheme.</ccts:Definition>
              <ccts:ObjectClass>Identification Scheme</ccts:ObjectClass>
              <ccts:PropertyTermName>Version</ccts:PropertyTermName>
              <ccts:RepresentationTermName>Identifier</ccts:RepresentationTermName>
              <ccts:PrimitiveType>string</ccts:PrimitiveType>
              <xsd:BuiltinType>normalizedString</xsd:BuiltinType>
            </xsd:documentation>
          </xsd:annotation>
        </xsd:attribute>
        <xsd:attribute name="schemeDataURI" type="xsd:anyURI" use="optional">
          <xsd:annotation>
            <xsd:documentation xml:lang="en">
              <ccts:UniqueID>UDT0000011-SC7</ccts:UniqueID>
              <ccts:CategoryCode>SC</ccts:CategoryCode>
              <ccts:DictionaryEntryName>Identification Scheme Data. Uniform Resource. Identifier</ccts:DictionaryEntryName>
              <ccts:Definition>The Uniform Resource Identifier that identifies where the identification scheme data is located.</ccts:Definition>
              <ccts:ObjectClass>Identification Scheme Data</ccts:ObjectClass>
              <ccts:PropertyTermName>Uniform Resource Identifier</ccts:PropertyTermName>
              <ccts:RepresentationTermName>Identifier</ccts:RepresentationTermName>
              <ccts:PrimitiveType>string</ccts:PrimitiveType>
              <xsd:BuiltinType>anyURI</xsd:BuiltinType>
            </xsd:documentation>
          </xsd:annotation>
        </xsd:attribute>
        <xsd:attribute name="schemeURI" type="xsd:anyURI" use="optional">
          <xsd:annotation>
            <xsd:documentation xml:lang="en">
              <ccts:UniqueID>UDT0000011-SC8</ccts:UniqueID>
              <ccts:CategoryCode>SC</ccts:CategoryCode>
              <ccts:DictionaryEntryName>Identification Scheme. Uniform Resource. Identifier</ccts:DictionaryEntryName>
              <ccts:Definition>The Uniform Resource Identifier that identifies where the identification scheme is located.</ccts:Definition>
              <ccts:ObjectClass>Identification Scheme</ccts:ObjectClass>
              <ccts:PropertyTermName>Uniform Resource Identifier</ccts:PropertyTermName>
              <ccts:RepresentationTermName>Identifier</ccts:RepresentationTermName>
              <ccts:PrimitiveType>string</ccts:PrimitiveType>
              <xsd:BuiltinType>anyURI</xsd:BuiltinType>
            </xsd:documentation>
          </xsd:annotation>
        </xsd:attribute>
      </xsd:extension>
    </xsd:simpleContent>
  </xsd:complexType>
  <!--===== Primary RT: Indicator. Type =====-->
  <!--===================================================================-->
  <xsd:simpleType name="IndicatorType">
    <xsd:annotation>
      <xsd:documentation xml:lang="en">
        <ccts:UniqueID>UDT0000012</ccts:UniqueID>
        <ccts:CategoryCode>UDT</ccts:CategoryCode>
        <ccts:DictionaryEntryName>Indicator. Type</ccts:DictionaryEntryName>
        <ccts:VersionID>1.0</ccts:VersionID>
        <ccts:Definition>A list of two mutually exclusive Boolean values that express the only possible states of a property.</ccts:Definition>
        <ccts:RepresentationTermName>Indicator</ccts:RepresentationTermName>
        <ccts:PrimitiveType>string</ccts:PrimitiveType>
        <xsd:BuiltinType>boolean</xsd:BuiltinType>
      </xsd:documentation>
    </xsd:annotation>
    <xsd:restriction base="xsd:boolean">
      <xsd:pattern value="false"/>
      <xsd:pattern value="true"/>
    </xsd:restriction>
  </xsd:simpleType>
  <!--===== Primary RT: Measure. Type =====-->
  <!--===================================================================-->
  <xsd:complexType name="MeasureType">
    <xsd:annotation>
      <xsd:documentation xml:lang="en">
        <ccts:UniqueID>UDT0000013</ccts:UniqueID>
        <ccts:CategoryCode>UDT</ccts:CategoryCode>
        <ccts:DictionaryEntryName>Measure. Type</ccts:DictionaryEntryName>
        <ccts:VersionID>1.0</ccts:VersionID>
        <ccts:Definition>A numeric value determined by measuring an object along with the specified unit of measure.</ccts:Definition>
        <ccts:RepresentationTermName>Measure</ccts:RepresentationTermName>
        <ccts:PropertyTermName>Type</ccts:PropertyTermName>
        <ccts:PrimitiveType>decimal</ccts:PrimitiveType>
        <xsd:BuiltinType>decimal</xsd:BuiltinType>
      </xsd:documentation>
    </xsd:annotation>
    <xsd:simpleContent>
      <xsd:extension base="xsd:decimal">
        <xsd:attribute name="unitCode" type="clm66411:UnitCodeContentType" use="required">
          <xsd:annotation>
            <xsd:documentation xml:lang="en">
              <ccts:UniqueID>UDT0000013-SC2</ccts:UniqueID>
              <ccts:CategoryCode>SC</ccts:CategoryCode>
              <ccts:DictionaryEntryName>Measure Unit. Code</ccts:DictionaryEntryName>
              <ccts:Definition>The type of unit of measure.</ccts:Definition>
              <ccts:ObjectClass>Measure Unit</ccts:ObjectClass>
              <ccts:PropertyTermName>Code</ccts:PropertyTermName>
              <ccts:RepresentationTermName>Code</ccts:RepresentationTermName>
              <ccts:PrimitiveType>string</ccts:PrimitiveType>
              <xsd:BuiltinType>normalizedString</xsd:BuiltinType>
              <ccts:UsageRule>Reference UN/ECE Rec 20 and X12 355.</ccts:UsageRule>
            </xsd:documentation>
          </xsd:annotation>
        </xsd:attribute>
      </xsd:extension>
    </xsd:simpleContent>
  </xsd:complexType>
  <!--===== Primary RT: Numeric. Type =====-->
  <!--===================================================================-->
  <xsd:simpleType name="NumericType">
    <xsd:annotation>
      <xsd:documentation xml:lang="en">
        <ccts:UniqueID>UDT0000014</ccts:UniqueID>
        <ccts:CategoryCode>UDT</ccts:CategoryCode>
        <ccts:DictionaryEntryName>Numeric. Type</ccts:DictionaryEntryName>
        <ccts:VersionID>1.0</ccts:VersionID>
        <ccts:Definition>Numeric information that is assigned or is determined by calculation, counting, or sequencing. It does not require a unit of quantity or unit of measure.</ccts:Definition>
        <ccts:RepresentationTermName>Numeric</ccts:RepresentationTermName>
        <ccts:PrimitiveType>string</ccts:PrimitiveType>
        <xsd:BuiltinType>decimal</xsd:BuiltinType>
      </xsd:documentation>
    </xsd:annotation>
    <xsd:restriction base="xsd:decimal"/>
  </xsd:simpleType>
  <!--===== Secondary RT: Value. Type =====-->
  <!--===================================================================-->
  <xsd:simpleType name="ValueType">
    <xsd:annotation>
      <xsd:documentation xml:lang="en">
        <ccts:UniqueID>UDT0000015</ccts:UniqueID>
        <ccts:CategoryCode>UDT</ccts:CategoryCode>
        <ccts:VersionID>1.0</ccts:VersionID>
        <ccts:DictionaryEntryName>Value. Type</ccts:DictionaryEntryName>
        <ccts:Definition>Numeric information that is assigned or is determined by calculation, counting, or sequencing. It does not require a unit of quantity or unit of measure.</ccts:Definition>
        <ccts:RepresentationTermName>Value</ccts:RepresentationTermName>
        <ccts:PrimitiveType>string</ccts:PrimitiveType>
        <xsd:BuiltinType>decimal</xsd:BuiltinType>
      </xsd:documentation>
    </xsd:annotation>
    <xsd:restriction base="xsd:decimal"/>
  </xsd:simpleType>
  <!--===== Secondary RT: Percent. Type =====-->
  <!--===================================================================-->
  <xsd:simpleType name="PercentType">
    <xsd:annotation>
      <xsd:documentation xml:lang="en">
        <ccts:UniqueID>UDT0000016</ccts:UniqueID>
        <ccts:CategoryCode>UDT</ccts:CategoryCode>
        <ccts:VersionID>1.0</ccts:VersionID>
        <ccts:DictionaryEntryName>Percent. Type</ccts:DictionaryEntryName>
        <ccts:Definition>Numeric information that is assigned or is determined by calculation, counting, or sequencing. It does not require a unit of quantity or unit of measure.</ccts:Definition>
        <ccts:RepresentationTermName>Percent</ccts:RepresentationTermName>
        <ccts:PrimitiveType>string</ccts:PrimitiveType>
        <xsd:BuiltinType>decimal</xsd:BuiltinType>
      </xsd:documentation>
    </xsd:annotation>
    <xsd:restriction base="xsd:decimal"/>
  </xsd:simpleType>
  <!--===== Secondary RT: Rate. Type =====-->
  <!--===================================================================-->
  <xsd:simpleType name="RateType">
    <xsd:annotation>
      <xsd:documentation xml:lang="en">
        <ccts:UniqueID>UDT0000017</ccts:UniqueID>
        <ccts:CategoryCode>UDT</ccts:CategoryCode>
        <ccts:VersionID>1.0</ccts:VersionID>
        <ccts:DictionaryEntryName>Rate. Type</ccts:DictionaryEntryName>
        <ccts:Definition>Numeric information that is assigned or is determined by calculation, counting, or sequencing. It does not require a unit of quantity or unit of measuret.</ccts:Definition>
        <ccts:RepresentationTermName>Rate</ccts:RepresentationTermName>
        <ccts:PrimitiveType>string</ccts:PrimitiveType>
        <xsd:BuiltinType>decimal</xsd:BuiltinType>
      </xsd:documentation>
    </xsd:annotation>
    <xsd:restriction base="xsd:decimal"/>
  </xsd:simpleType>
  <!--===== Primary RT: Quantity. Type =====-->
  <!--===================================================================-->
  <xsd:complexType name="QuantityType">
    <xsd:annotation>
      <xsd:documentation xml:lang="en">
        <ccts:UniqueID>UDT0000018</ccts:UniqueID>
        <ccts:CategoryCode>UDT</ccts:CategoryCode>
        <ccts:DictionaryEntryName>Quantity. Type</ccts:DictionaryEntryName>
        <ccts:VersionID>1.0</ccts:VersionID>
        <ccts:Definition>A counted number of non-monetary units possibly including fractions.</ccts:Definition>
        <ccts:RepresentationTermName>Quantity</ccts:RepresentationTermName>
        <ccts:PrimitiveType>decimal</ccts:PrimitiveType>
        <xsd:BuiltinType>decimal</xsd:BuiltinType>
      </xsd:documentation>
    </xsd:annotation>
    <xsd:simpleContent>
      <xsd:extension base="xsd:decimal">
        <xsd:attribute name="unitCode" type="clm66411:UnitCodeContentType" use="optional">
          <xsd:annotation>
            <xsd:documentation xml:lang="en">
              <ccts:UniqueID>UDT0000018-SC2</ccts:UniqueID>
              <ccts:CategoryCode>SC</ccts:CategoryCode>
              <ccts:DictionaryEntryName>Quantity. Unit. Code</ccts:DictionaryEntryName>
              <ccts:Definition>The unit of the quantity</ccts:Definition>
              <ccts:ObjectClass>Quantity</ccts:ObjectClass>
              <ccts:PropertyTermName>Unit Code</ccts:PropertyTermName>
              <ccts:RepresentationTermName>Code</ccts:RepresentationTermName>
              <ccts:PrimitiveType>string</ccts:PrimitiveType>
              <xsd:BuiltinType>normalizedString</xsd:BuiltinType>
            </xsd:documentation>
          </xsd:annotation>
        </xsd:attribute>
      </xsd:extension>
    </xsd:simpleContent>
  </xsd:complexType>
  <!--===== Primary RT: Text.Type =====-->
  <!--===================================================================-->
  <xsd:complexType name="TextType">
    <xsd:annotation>
      <xsd:documentation xml:lang="en">
        <ccts:UniqueID>UDT0000019</ccts:UniqueID>
        <ccts:CategoryCode>UDT</ccts:CategoryCode>
        <ccts:DictionaryEntryName>Text. Type</ccts:DictionaryEntryName>
        <ccts:VersionID>1.0</ccts:VersionID>
        <ccts:Definition>A character string (i.e. a finite set of characters) generally in the form of words of a language.</ccts:Definition>
        <ccts:RepresentationTermName>Text</ccts:RepresentationTermName>
        <ccts:PrimitiveType>string</ccts:PrimitiveType>
        <xsd:BuiltinType>string</xsd:BuiltinType>
      </xsd:documentation>
    </xsd:annotation>
    <xsd:simpleContent>
      <xsd:extension base="xsd:string">
        <xsd:attribute name="languageID" type="xsd:language" use="optional">
          <xsd:annotation>
            <xsd:documentation xml:lang="en">
              <ccts:UniqueID>UDT0000019-SC2</ccts:UniqueID>
              <ccts:CategoryCode>SC</ccts:CategoryCode>
              <ccts:DictionaryEntryName>Language. Identifier</ccts:DictionaryEntryName>
              <ccts:Definition>The identifier of the language used in the content component.</ccts:Definition>
              <ccts:ObjectClass>Language</ccts:ObjectClass>
              <ccts:PropertyTermName>Identification</ccts:PropertyTermName>
              <ccts:RepresentationTermName>Identifier</ccts:RepresentationTermName>
              <ccts:PrimitiveType>string</ccts:PrimitiveType>
              <xsd:BuiltinType>language</xsd:BuiltinType>
            </xsd:documentation>
          </xsd:annotation>
        </xsd:attribute>
      </xsd:extension>
    </xsd:simpleContent>
  </xsd:complexType>
  <!--===== Secondary RT: Name. Type =====-->
  <!--===================================================================-->
  <xsd:complexType name="NameType">
    <xsd:annotation>
      <xsd:documentation xml:lang="en">
        <ccts:UniqueID>UDT0000020</ccts:UniqueID>
        <ccts:CategoryCode>UDT</ccts:CategoryCode>
        <ccts:DictionaryEntryName>Name. Type</ccts:DictionaryEntryName>
        <ccts:VersionID>1.0</ccts:VersionID>
        <ccts:Definition>A character string that consititues the distinctive designation of a person, place, thing or concept.</ccts:Definition>
        <ccts:RepresentationTermName>Name</ccts:RepresentationTermName>
        <ccts:PrimitiveType>string</ccts:PrimitiveType>
        <xsd:BuiltinType>string</xsd:BuiltinType>
      </xsd:documentation>
    </xsd:annotation>
    <xsd:simpleContent>
      <xsd:extension base="xsd:string">
        <xsd:attribute name="languageID" type="xsd:language" use="optional">
          <xsd:annotation>
            <xsd:documentation xml:lang="en">
              <ccts:UniqueID>UDT0000020-SC2</ccts:UniqueID>
              <ccts:CategoryCode>SC</ccts:CategoryCode>
              <ccts:DictionaryEntryName>Language. Identifier</ccts:DictionaryEntryName>
              <ccts:Definition>The identifier of the language used in the content component.</ccts:Definition>
              <ccts:ObjectClass>Language</ccts:ObjectClass>
              <ccts:PropertyTermName>Identification</ccts:PropertyTermName>
              <ccts:RepresentationTermName>Identifier</ccts:RepresentationTermName>
              <ccts:PrimitiveType>string</ccts:PrimitiveType>
              <xsd:BuiltinType>language</xsd:BuiltinType>
            </xsd:documentation>
          </xsd:annotation>
        </xsd:attribute>
      </xsd:extension>
    </xsd:simpleContent>
  </xsd:complexType>
</xsd:schema>]]></con:content><con:type>http://www.w3.org/2001/XMLSchema</con:type></con:part><con:part><con:url>file:/home/isr/git/parent/invoiceservice/InvoiceServiceRegistry/wsdl/invoiceService/1.0.0/invoice/CodeList_UnitCode_UNECE_7_04.xsd</con:url><con:content><![CDATA[<!--======================================================================-->
<!--===== Unit Code Codelist Schema Module =====-->
<!--======================================================================-->
<!--Module of		Unit Code Codelist
  	Agency: 		UN/CEFACT	
  	Version:		1.1	
  	Last change: 	14 January 2005
  	
  	Copyright (C) UN/CEFACT (2006). All Rights Reserved.

	This document and translations of it may be copied and furnished to others, 
	and derivative works that comment on or otherwise explain it or assist 
	in its implementation may be prepared, copied, published and distributed, 
	in whole or in part, without restriction of any kind, provided that the 
	above copyright notice and this paragraph are included on all such copies 
	and derivative works. However, this document itself may not be modified in 
	any way, such as by removing the copyright notice or references to 
	UN/CEFACT, except as needed for the purpose of developing UN/CEFACT 
	specifications, in which case the procedures for copyrights defined in the 
	UN/CEFACT Intellectual Property Rights document must be followed, or as 
	required to translate it into languages other than English.

	The limited permissions granted above are perpetual and will not be revoked 
	by UN/CEFACT or its successors or assigns.

	This document and the information contained herein is provided on an "AS IS"
	basis and UN/CEFACT DISCLAIMS ALL WARRANTIES, EXPRESS OR IMPLIED, INCLUDING 
	BUT NOT LIMITED TO ANY WARRANTY THAT THE USE OF THE INFORMATION HEREIN WILL 
	NOT INFRINGE ANY RIGHTS OR ANY IMPLIED WARRANTIES OF MERCHANTABILITY OR 
	FITNESS FOR A PARTICULAR PURPOSE.-->
<xsd:schema targetNamespace="urn:un:unece:uncefact:codelist:specification:66411:2001" elementFormDefault="qualified" attributeFormDefault="unqualified" xmlns:xsd="http://www.w3.org/2001/XMLSchema" xmlns:ccts="urn:un:unece:uncefact:documentation:2" xmlns:clm66411="urn:un:unece:uncefact:codelist:specification:66411:2001">
  <xsd:simpleType name="UnitCodeContentType">
    <xsd:restriction base="xsd:token">
      <xsd:enumeration value="04">
        <xsd:annotation>
          <xsd:documentation>
            <ccts:CodeName>small spray</ccts:CodeName>
            <ccts:CodeDescription/>
          </xsd:documentation>
        </xsd:annotation>
      </xsd:enumeration>
      <xsd:enumeration value="05">
        <xsd:annotation>
          <xsd:documentation>
            <ccts:CodeName>lift</ccts:CodeName>
            <ccts:CodeDescription/>
          </xsd:documentation>
        </xsd:annotation>
      </xsd:enumeration>
      <xsd:enumeration value="08">
        <xsd:annotation>
          <xsd:documentation>
            <ccts:CodeName>heat lot</ccts:CodeName>
            <ccts:CodeDescription/>
          </xsd:documentation>
        </xsd:annotation>
      </xsd:enumeration>
      <xsd:enumeration value="10">
        <xsd:annotation>
          <xsd:documentation>
            <ccts:CodeName>group</ccts:CodeName>
            <ccts:CodeDescription/>
          </xsd:documentation>
        </xsd:annotation>
      </xsd:enumeration>
      <xsd:enumeration value="11">
        <xsd:annotation>
          <xsd:documentation>
            <ccts:CodeName>outfit</ccts:CodeName>
            <ccts:CodeDescription/>
          </xsd:documentation>
        </xsd:annotation>
      </xsd:enumeration>
      <xsd:enumeration value="13">
        <xsd:annotation>
          <xsd:documentation>
            <ccts:CodeName>ration</ccts:CodeName>
            <ccts:CodeDescription/>
          </xsd:documentation>
        </xsd:annotation>
      </xsd:enumeration>
      <xsd:enumeration value="14">
        <xsd:annotation>
          <xsd:documentation>
            <ccts:CodeName>shot</ccts:CodeName>
            <ccts:CodeDescription/>
          </xsd:documentation>
        </xsd:annotation>
      </xsd:enumeration>
      <xsd:enumeration value="15">
        <xsd:annotation>
          <xsd:documentation>
            <ccts:CodeName>stick</ccts:CodeName>
            <ccts:CodeDescription/>
          </xsd:documentation>
        </xsd:annotation>
      </xsd:enumeration>
      <xsd:enumeration value="16">
        <xsd:annotation>
          <xsd:documentation>
            <ccts:CodeName>hundred fifteen kg drum</ccts:CodeName>
            <ccts:CodeDescription/>
          </xsd:documentation>
        </xsd:annotation>
      </xsd:enumeration>
      <xsd:enumeration value="17">
        <xsd:annotation>
          <xsd:documentation>
            <ccts:CodeName>hundred lb drum</ccts:CodeName>
            <ccts:CodeDescription/>
          </xsd:documentation>
        </xsd:annotation>
      </xsd:enumeration>
      <xsd:enumeration value="18">
        <xsd:annotation>
          <xsd:documentation>
            <ccts:CodeName>fiftyfive gallon (US) drum</ccts:CodeName>
            <ccts:CodeDescription/>
          </xsd:documentation>
        </xsd:annotation>
      </xsd:enumeration>
      <xsd:enumeration value="19">
        <xsd:annotation>
          <xsd:documentation>
            <ccts:CodeName>tank truck</ccts:CodeName>
            <ccts:CodeDescription/>
          </xsd:documentation>
        </xsd:annotation>
      </xsd:enumeration>
      <xsd:enumeration value="20">
        <xsd:annotation>
          <xsd:documentation>
            <ccts:CodeName>twenty foot container</ccts:CodeName>
            <ccts:CodeDescription/>
          </xsd:documentation>
        </xsd:annotation>
      </xsd:enumeration>
      <xsd:enumeration value="21">
        <xsd:annotation>
          <xsd:documentation>
            <ccts:CodeName>forty foot container</ccts:CodeName>
            <ccts:CodeDescription/>
          </xsd:documentation>
        </xsd:annotation>
      </xsd:enumeration>
      <xsd:enumeration value="22">
        <xsd:annotation>
          <xsd:documentation>
            <ccts:CodeName>decilitre per gram</ccts:CodeName>
            <ccts:CodeDescription/>
          </xsd:documentation>
        </xsd:annotation>
      </xsd:enumeration>
      <xsd:enumeration value="23">
        <xsd:annotation>
          <xsd:documentation>
            <ccts:CodeName>gram per cubic centimetre</ccts:CodeName>
            <ccts:CodeDescription/>
          </xsd:documentation>
        </xsd:annotation>
      </xsd:enumeration>
      <xsd:enumeration value="24">
        <xsd:annotation>
          <xsd:documentation>
            <ccts:CodeName>theoretical pound</ccts:CodeName>
            <ccts:CodeDescription/>
          </xsd:documentation>
        </xsd:annotation>
      </xsd:enumeration>
      <xsd:enumeration value="25">
        <xsd:annotation>
          <xsd:documentation>
            <ccts:CodeName>gram per square centimetre</ccts:CodeName>
            <ccts:CodeDescription/>
          </xsd:documentation>
        </xsd:annotation>
      </xsd:enumeration>
      <xsd:enumeration value="26">
        <xsd:annotation>
          <xsd:documentation>
            <ccts:CodeName>actual ton</ccts:CodeName>
            <ccts:CodeDescription/>
          </xsd:documentation>
        </xsd:annotation>
      </xsd:enumeration>
      <xsd:enumeration value="27">
        <xsd:annotation>
          <xsd:documentation>
            <ccts:CodeName>theoretical ton</ccts:CodeName>
            <ccts:CodeDescription/>
          </xsd:documentation>
        </xsd:annotation>
      </xsd:enumeration>
      <xsd:enumeration value="28">
        <xsd:annotation>
          <xsd:documentation>
            <ccts:CodeName>kilogram per square metre</ccts:CodeName>
            <ccts:CodeDescription/>
          </xsd:documentation>
        </xsd:annotation>
      </xsd:enumeration>
      <xsd:enumeration value="29">
        <xsd:annotation>
          <xsd:documentation>
            <ccts:CodeName>pound per thousand square feet</ccts:CodeName>
            <ccts:CodeDescription/>
          </xsd:documentation>
        </xsd:annotation>
      </xsd:enumeration>
      <xsd:enumeration value="30">
        <xsd:annotation>
          <xsd:documentation>
            <ccts:CodeName>horse power day per air dry metric ton</ccts:CodeName>
            <ccts:CodeDescription/>
          </xsd:documentation>
        </xsd:annotation>
      </xsd:enumeration>
      <xsd:enumeration value="31">
        <xsd:annotation>
          <xsd:documentation>
            <ccts:CodeName>catch weight</ccts:CodeName>
            <ccts:CodeDescription/>
          </xsd:documentation>
        </xsd:annotation>
      </xsd:enumeration>
      <xsd:enumeration value="32">
        <xsd:annotation>
          <xsd:documentation>
            <ccts:CodeName>kilogram per air dry metric ton</ccts:CodeName>
            <ccts:CodeDescription/>
          </xsd:documentation>
        </xsd:annotation>
      </xsd:enumeration>
      <xsd:enumeration value="33">
        <xsd:annotation>
          <xsd:documentation>
            <ccts:CodeName>kilopascal square metres per gram</ccts:CodeName>
            <ccts:CodeDescription/>
          </xsd:documentation>
        </xsd:annotation>
      </xsd:enumeration>
      <xsd:enumeration value="34">
        <xsd:annotation>
          <xsd:documentation>
            <ccts:CodeName>kilopascals per millimetre</ccts:CodeName>
            <ccts:CodeDescription/>
          </xsd:documentation>
        </xsd:annotation>
      </xsd:enumeration>
      <xsd:enumeration value="35">
        <xsd:annotation>
          <xsd:documentation>
            <ccts:CodeName>millilitres per square centimetre second</ccts:CodeName>
            <ccts:CodeDescription/>
          </xsd:documentation>
        </xsd:annotation>
      </xsd:enumeration>
      <xsd:enumeration value="36">
        <xsd:annotation>
          <xsd:documentation>
            <ccts:CodeName>cubic feet per minute per square foot</ccts:CodeName>
            <ccts:CodeDescription/>
          </xsd:documentation>
        </xsd:annotation>
      </xsd:enumeration>
      <xsd:enumeration value="37">
        <xsd:annotation>
          <xsd:documentation>
            <ccts:CodeName>ounce per square foot</ccts:CodeName>
            <ccts:CodeDescription/>
          </xsd:documentation>
        </xsd:annotation>
      </xsd:enumeration>
      <xsd:enumeration value="38">
        <xsd:annotation>
          <xsd:documentation>
            <ccts:CodeName>ounces per square foot per 0,01 inch</ccts:CodeName>
            <ccts:CodeDescription/>
          </xsd:documentation>
        </xsd:annotation>
      </xsd:enumeration>
      <xsd:enumeration value="40">
        <xsd:annotation>
          <xsd:documentation>
            <ccts:CodeName>millilitre per second</ccts:CodeName>
            <ccts:CodeDescription/>
          </xsd:documentation>
        </xsd:annotation>
      </xsd:enumeration>
      <xsd:enumeration value="41">
        <xsd:annotation>
          <xsd:documentation>
            <ccts:CodeName>millilitre per minute</ccts:CodeName>
            <ccts:CodeDescription/>
          </xsd:documentation>
        </xsd:annotation>
      </xsd:enumeration>
      <xsd:enumeration value="43">
        <xsd:annotation>
          <xsd:documentation>
            <ccts:CodeName>super bulk bag</ccts:CodeName>
            <ccts:CodeDescription/>
          </xsd:documentation>
        </xsd:annotation>
      </xsd:enumeration>
      <xsd:enumeration value="44">
        <xsd:annotation>
          <xsd:documentation>
            <ccts:CodeName>fivehundred kg bulk bag</ccts:CodeName>
            <ccts:CodeDescription/>
          </xsd:documentation>
        </xsd:annotation>
      </xsd:enumeration>
      <xsd:enumeration value="45">
        <xsd:annotation>
          <xsd:documentation>
            <ccts:CodeName>threehundred kg bulk bag</ccts:CodeName>
            <ccts:CodeDescription/>
          </xsd:documentation>
        </xsd:annotation>
      </xsd:enumeration>
      <xsd:enumeration value="46">
        <xsd:annotation>
          <xsd:documentation>
            <ccts:CodeName>fifty lb bulk bag</ccts:CodeName>
            <ccts:CodeDescription/>
          </xsd:documentation>
        </xsd:annotation>
      </xsd:enumeration>
      <xsd:enumeration value="47">
        <xsd:annotation>
          <xsd:documentation>
            <ccts:CodeName>fifty lb bag</ccts:CodeName>
            <ccts:CodeDescription/>
          </xsd:documentation>
        </xsd:annotation>
      </xsd:enumeration>
      <xsd:enumeration value="48">
        <xsd:annotation>
          <xsd:documentation>
            <ccts:CodeName>bulk car load</ccts:CodeName>
            <ccts:CodeDescription/>
          </xsd:documentation>
        </xsd:annotation>
      </xsd:enumeration>
      <xsd:enumeration value="53">
        <xsd:annotation>
          <xsd:documentation>
            <ccts:CodeName>theoretical kilograms</ccts:CodeName>
            <ccts:CodeDescription/>
          </xsd:documentation>
        </xsd:annotation>
      </xsd:enumeration>
      <xsd:enumeration value="54">
        <xsd:annotation>
          <xsd:documentation>
            <ccts:CodeName>theoretical tonne</ccts:CodeName>
            <ccts:CodeDescription/>
          </xsd:documentation>
        </xsd:annotation>
      </xsd:enumeration>
      <xsd:enumeration value="56">
        <xsd:annotation>
          <xsd:documentation>
            <ccts:CodeName>sitas</ccts:CodeName>
            <ccts:CodeDescription/>
          </xsd:documentation>
        </xsd:annotation>
      </xsd:enumeration>
      <xsd:enumeration value="57">
        <xsd:annotation>
          <xsd:documentation>
            <ccts:CodeName>mesh</ccts:CodeName>
            <ccts:CodeDescription/>
          </xsd:documentation>
        </xsd:annotation>
      </xsd:enumeration>
      <xsd:enumeration value="58">
        <xsd:annotation>
          <xsd:documentation>
            <ccts:CodeName>net kilogram</ccts:CodeName>
            <ccts:CodeDescription/>
          </xsd:documentation>
        </xsd:annotation>
      </xsd:enumeration>
      <xsd:enumeration value="59">
        <xsd:annotation>
          <xsd:documentation>
            <ccts:CodeName>part per million</ccts:CodeName>
            <ccts:CodeDescription/>
          </xsd:documentation>
        </xsd:annotation>
      </xsd:enumeration>
      <xsd:enumeration value="60">
        <xsd:annotation>
          <xsd:documentation>
            <ccts:CodeName>percent weight</ccts:CodeName>
            <ccts:CodeDescription/>
          </xsd:documentation>
        </xsd:annotation>
      </xsd:enumeration>
      <xsd:enumeration value="61">
        <xsd:annotation>
          <xsd:documentation>
            <ccts:CodeName>part per billion (US)</ccts:CodeName>
            <ccts:CodeDescription/>
          </xsd:documentation>
        </xsd:annotation>
      </xsd:enumeration>
      <xsd:enumeration value="62">
        <xsd:annotation>
          <xsd:documentation>
            <ccts:CodeName>percent per 1000 hour</ccts:CodeName>
            <ccts:CodeDescription/>
          </xsd:documentation>
        </xsd:annotation>
      </xsd:enumeration>
      <xsd:enumeration value="63">
        <xsd:annotation>
          <xsd:documentation>
            <ccts:CodeName>failure rate in time</ccts:CodeName>
            <ccts:CodeDescription/>
          </xsd:documentation>
        </xsd:annotation>
      </xsd:enumeration>
      <xsd:enumeration value="64">
        <xsd:annotation>
          <xsd:documentation>
            <ccts:CodeName>pound per square inch, gauge</ccts:CodeName>
            <ccts:CodeDescription/>
          </xsd:documentation>
        </xsd:annotation>
      </xsd:enumeration>
      <xsd:enumeration value="66">
        <xsd:annotation>
          <xsd:documentation>
            <ccts:CodeName>oersted</ccts:CodeName>
            <ccts:CodeDescription/>
          </xsd:documentation>
        </xsd:annotation>
      </xsd:enumeration>
      <xsd:enumeration value="69">
        <xsd:annotation>
          <xsd:documentation>
            <ccts:CodeName>test specific scale</ccts:CodeName>
            <ccts:CodeDescription/>
          </xsd:documentation>
        </xsd:annotation>
      </xsd:enumeration>
      <xsd:enumeration value="71">
        <xsd:annotation>
          <xsd:documentation>
            <ccts:CodeName>volt ampere per pound</ccts:CodeName>
            <ccts:CodeDescription/>
          </xsd:documentation>
        </xsd:annotation>
      </xsd:enumeration>
      <xsd:enumeration value="72">
        <xsd:annotation>
          <xsd:documentation>
            <ccts:CodeName>watt per pound</ccts:CodeName>
            <ccts:CodeDescription/>
          </xsd:documentation>
        </xsd:annotation>
      </xsd:enumeration>
      <xsd:enumeration value="73">
        <xsd:annotation>
          <xsd:documentation>
            <ccts:CodeName>ampere tum per centimetre</ccts:CodeName>
            <ccts:CodeDescription/>
          </xsd:documentation>
        </xsd:annotation>
      </xsd:enumeration>
      <xsd:enumeration value="74">
        <xsd:annotation>
          <xsd:documentation>
            <ccts:CodeName>millipascal</ccts:CodeName>
            <ccts:CodeDescription/>
          </xsd:documentation>
        </xsd:annotation>
      </xsd:enumeration>
      <xsd:enumeration value="76">
        <xsd:annotation>
          <xsd:documentation>
            <ccts:CodeName>gauss</ccts:CodeName>
            <ccts:CodeDescription/>
          </xsd:documentation>
        </xsd:annotation>
      </xsd:enumeration>
      <xsd:enumeration value="77">
        <xsd:annotation>
          <xsd:documentation>
            <ccts:CodeName>milli-inch</ccts:CodeName>
            <ccts:CodeDescription/>
          </xsd:documentation>
        </xsd:annotation>
      </xsd:enumeration>
      <xsd:enumeration value="78">
        <xsd:annotation>
          <xsd:documentation>
            <ccts:CodeName>kilogauss</ccts:CodeName>
            <ccts:CodeDescription/>
          </xsd:documentation>
        </xsd:annotation>
      </xsd:enumeration>
      <xsd:enumeration value="80">
        <xsd:annotation>
          <xsd:documentation>
            <ccts:CodeName>pounds per square inch absolute</ccts:CodeName>
            <ccts:CodeDescription/>
          </xsd:documentation>
        </xsd:annotation>
      </xsd:enumeration>
      <xsd:enumeration value="81">
        <xsd:annotation>
          <xsd:documentation>
            <ccts:CodeName>henry</ccts:CodeName>
            <ccts:CodeDescription/>
          </xsd:documentation>
        </xsd:annotation>
      </xsd:enumeration>
      <xsd:enumeration value="84">
        <xsd:annotation>
          <xsd:documentation>
            <ccts:CodeName>kilopound per square inch</ccts:CodeName>
            <ccts:CodeDescription/>
          </xsd:documentation>
        </xsd:annotation>
      </xsd:enumeration>
      <xsd:enumeration value="85">
        <xsd:annotation>
          <xsd:documentation>
            <ccts:CodeName>foot pound-force</ccts:CodeName>
            <ccts:CodeDescription/>
          </xsd:documentation>
        </xsd:annotation>
      </xsd:enumeration>
      <xsd:enumeration value="87">
        <xsd:annotation>
          <xsd:documentation>
            <ccts:CodeName>pound per cubic foot</ccts:CodeName>
            <ccts:CodeDescription/>
          </xsd:documentation>
        </xsd:annotation>
      </xsd:enumeration>
      <xsd:enumeration value="89">
        <xsd:annotation>
          <xsd:documentation>
            <ccts:CodeName>poise</ccts:CodeName>
            <ccts:CodeDescription/>
          </xsd:documentation>
        </xsd:annotation>
      </xsd:enumeration>
      <xsd:enumeration value="90">
        <xsd:annotation>
          <xsd:documentation>
            <ccts:CodeName>Saybold universal second</ccts:CodeName>
            <ccts:CodeDescription/>
          </xsd:documentation>
        </xsd:annotation>
      </xsd:enumeration>
      <xsd:enumeration value="91">
        <xsd:annotation>
          <xsd:documentation>
            <ccts:CodeName>stokes</ccts:CodeName>
            <ccts:CodeDescription/>
          </xsd:documentation>
        </xsd:annotation>
      </xsd:enumeration>
      <xsd:enumeration value="92">
        <xsd:annotation>
          <xsd:documentation>
            <ccts:CodeName>calorie per cubic centimetre</ccts:CodeName>
            <ccts:CodeDescription/>
          </xsd:documentation>
        </xsd:annotation>
      </xsd:enumeration>
      <xsd:enumeration value="93">
        <xsd:annotation>
          <xsd:documentation>
            <ccts:CodeName>calorie per gram</ccts:CodeName>
            <ccts:CodeDescription/>
          </xsd:documentation>
        </xsd:annotation>
      </xsd:enumeration>
      <xsd:enumeration value="94">
        <xsd:annotation>
          <xsd:documentation>
            <ccts:CodeName>curl unit</ccts:CodeName>
            <ccts:CodeDescription/>
          </xsd:documentation>
        </xsd:annotation>
      </xsd:enumeration>
      <xsd:enumeration value="95">
        <xsd:annotation>
          <xsd:documentation>
            <ccts:CodeName>twenty thousand gallon (US) tankcar</ccts:CodeName>
            <ccts:CodeDescription/>
          </xsd:documentation>
        </xsd:annotation>
      </xsd:enumeration>
      <xsd:enumeration value="96">
        <xsd:annotation>
          <xsd:documentation>
            <ccts:CodeName>ten thousand gallon (US) tankcar</ccts:CodeName>
            <ccts:CodeDescription/>
          </xsd:documentation>
        </xsd:annotation>
      </xsd:enumeration>
      <xsd:enumeration value="97">
        <xsd:annotation>
          <xsd:documentation>
            <ccts:CodeName>ten kg drum</ccts:CodeName>
            <ccts:CodeDescription/>
          </xsd:documentation>
        </xsd:annotation>
      </xsd:enumeration>
      <xsd:enumeration value="98">
        <xsd:annotation>
          <xsd:documentation>
            <ccts:CodeName>fifteen kg drum</ccts:CodeName>
            <ccts:CodeDescription/>
          </xsd:documentation>
        </xsd:annotation>
      </xsd:enumeration>
      <xsd:enumeration value="1A">
        <xsd:annotation>
          <xsd:documentation>
            <ccts:CodeName>car mile</ccts:CodeName>
            <ccts:CodeDescription/>
          </xsd:documentation>
        </xsd:annotation>
      </xsd:enumeration>
      <xsd:enumeration value="1B">
        <xsd:annotation>
          <xsd:documentation>
            <ccts:CodeName>car count</ccts:CodeName>
            <ccts:CodeDescription/>
          </xsd:documentation>
        </xsd:annotation>
      </xsd:enumeration>
      <xsd:enumeration value="1C">
        <xsd:annotation>
          <xsd:documentation>
            <ccts:CodeName>locomotive count</ccts:CodeName>
            <ccts:CodeDescription/>
          </xsd:documentation>
        </xsd:annotation>
      </xsd:enumeration>
      <xsd:enumeration value="1D">
        <xsd:annotation>
          <xsd:documentation>
            <ccts:CodeName>caboose count</ccts:CodeName>
            <ccts:CodeDescription/>
          </xsd:documentation>
        </xsd:annotation>
      </xsd:enumeration>
      <xsd:enumeration value="1E">
        <xsd:annotation>
          <xsd:documentation>
            <ccts:CodeName>empty car</ccts:CodeName>
            <ccts:CodeDescription/>
          </xsd:documentation>
        </xsd:annotation>
      </xsd:enumeration>
      <xsd:enumeration value="1F">
        <xsd:annotation>
          <xsd:documentation>
            <ccts:CodeName>train mile</ccts:CodeName>
            <ccts:CodeDescription/>
          </xsd:documentation>
        </xsd:annotation>
      </xsd:enumeration>
      <xsd:enumeration value="1G">
        <xsd:annotation>
          <xsd:documentation>
            <ccts:CodeName>fuel usage gallon (US)</ccts:CodeName>
            <ccts:CodeDescription/>
          </xsd:documentation>
        </xsd:annotation>
      </xsd:enumeration>
      <xsd:enumeration value="1H">
        <xsd:annotation>
          <xsd:documentation>
            <ccts:CodeName>caboose mile</ccts:CodeName>
            <ccts:CodeDescription/>
          </xsd:documentation>
        </xsd:annotation>
      </xsd:enumeration>
      <xsd:enumeration value="1I">
        <xsd:annotation>
          <xsd:documentation>
            <ccts:CodeName>fixed rate</ccts:CodeName>
            <ccts:CodeDescription/>
          </xsd:documentation>
        </xsd:annotation>
      </xsd:enumeration>
      <xsd:enumeration value="1J">
        <xsd:annotation>
          <xsd:documentation>
            <ccts:CodeName>ton mile</ccts:CodeName>
            <ccts:CodeDescription/>
          </xsd:documentation>
        </xsd:annotation>
      </xsd:enumeration>
      <xsd:enumeration value="1K">
        <xsd:annotation>
          <xsd:documentation>
            <ccts:CodeName>locomotive mile</ccts:CodeName>
            <ccts:CodeDescription/>
          </xsd:documentation>
        </xsd:annotation>
      </xsd:enumeration>
      <xsd:enumeration value="1L">
        <xsd:annotation>
          <xsd:documentation>
            <ccts:CodeName>total car count</ccts:CodeName>
            <ccts:CodeDescription/>
          </xsd:documentation>
        </xsd:annotation>
      </xsd:enumeration>
      <xsd:enumeration value="1M">
        <xsd:annotation>
          <xsd:documentation>
            <ccts:CodeName>total car mile</ccts:CodeName>
            <ccts:CodeDescription/>
          </xsd:documentation>
        </xsd:annotation>
      </xsd:enumeration>
      <xsd:enumeration value="1X">
        <xsd:annotation>
          <xsd:documentation>
            <ccts:CodeName>quarter mile</ccts:CodeName>
            <ccts:CodeDescription/>
          </xsd:documentation>
        </xsd:annotation>
      </xsd:enumeration>
      <xsd:enumeration value="2A">
        <xsd:annotation>
          <xsd:documentation>
            <ccts:CodeName>radian per second</ccts:CodeName>
            <ccts:CodeDescription/>
          </xsd:documentation>
        </xsd:annotation>
      </xsd:enumeration>
      <xsd:enumeration value="2B">
        <xsd:annotation>
          <xsd:documentation>
            <ccts:CodeName>radian per second squared</ccts:CodeName>
            <ccts:CodeDescription/>
          </xsd:documentation>
        </xsd:annotation>
      </xsd:enumeration>
      <xsd:enumeration value="2C">
        <xsd:annotation>
          <xsd:documentation>
            <ccts:CodeName>rÃ¶ntgen</ccts:CodeName>
            <ccts:CodeDescription/>
          </xsd:documentation>
        </xsd:annotation>
      </xsd:enumeration>
      <xsd:enumeration value="2I">
        <xsd:annotation>
          <xsd:documentation>
            <ccts:CodeName>British thermal unit per hour</ccts:CodeName>
            <ccts:CodeDescription/>
          </xsd:documentation>
        </xsd:annotation>
      </xsd:enumeration>
      <xsd:enumeration value="2J">
        <xsd:annotation>
          <xsd:documentation>
            <ccts:CodeName>cubic centimetre per second</ccts:CodeName>
            <ccts:CodeDescription/>
          </xsd:documentation>
        </xsd:annotation>
      </xsd:enumeration>
      <xsd:enumeration value="2K">
        <xsd:annotation>
          <xsd:documentation>
            <ccts:CodeName>cubic foot per hour</ccts:CodeName>
            <ccts:CodeDescription/>
          </xsd:documentation>
        </xsd:annotation>
      </xsd:enumeration>
      <xsd:enumeration value="2L">
        <xsd:annotation>
          <xsd:documentation>
            <ccts:CodeName>cubic foot per minute</ccts:CodeName>
            <ccts:CodeDescription/>
          </xsd:documentation>
        </xsd:annotation>
      </xsd:enumeration>
      <xsd:enumeration value="2M">
        <xsd:annotation>
          <xsd:documentation>
            <ccts:CodeName>centimetre per second</ccts:CodeName>
            <ccts:CodeDescription/>
          </xsd:documentation>
        </xsd:annotation>
      </xsd:enumeration>
      <xsd:enumeration value="2N">
        <xsd:annotation>
          <xsd:documentation>
            <ccts:CodeName>decibel</ccts:CodeName>
            <ccts:CodeDescription/>
          </xsd:documentation>
        </xsd:annotation>
      </xsd:enumeration>
      <xsd:enumeration value="2P">
        <xsd:annotation>
          <xsd:documentation>
            <ccts:CodeName>kilobyte</ccts:CodeName>
            <ccts:CodeDescription/>
          </xsd:documentation>
        </xsd:annotation>
      </xsd:enumeration>
      <xsd:enumeration value="2Q">
        <xsd:annotation>
          <xsd:documentation>
            <ccts:CodeName>kilobecquerel</ccts:CodeName>
            <ccts:CodeDescription/>
          </xsd:documentation>
        </xsd:annotation>
      </xsd:enumeration>
      <xsd:enumeration value="2R">
        <xsd:annotation>
          <xsd:documentation>
            <ccts:CodeName>kilocurie</ccts:CodeName>
            <ccts:CodeDescription/>
          </xsd:documentation>
        </xsd:annotation>
      </xsd:enumeration>
      <xsd:enumeration value="2U">
        <xsd:annotation>
          <xsd:documentation>
            <ccts:CodeName>megagram</ccts:CodeName>
            <ccts:CodeDescription/>
          </xsd:documentation>
        </xsd:annotation>
      </xsd:enumeration>
      <xsd:enumeration value="2V">
        <xsd:annotation>
          <xsd:documentation>
            <ccts:CodeName>megagram per hour</ccts:CodeName>
            <ccts:CodeDescription/>
          </xsd:documentation>
        </xsd:annotation>
      </xsd:enumeration>
      <xsd:enumeration value="2W">
        <xsd:annotation>
          <xsd:documentation>
            <ccts:CodeName>bin</ccts:CodeName>
            <ccts:CodeDescription/>
          </xsd:documentation>
        </xsd:annotation>
      </xsd:enumeration>
      <xsd:enumeration value="2X">
        <xsd:annotation>
          <xsd:documentation>
            <ccts:CodeName>metre per minute</ccts:CodeName>
            <ccts:CodeDescription/>
          </xsd:documentation>
        </xsd:annotation>
      </xsd:enumeration>
      <xsd:enumeration value="2Y">
        <xsd:annotation>
          <xsd:documentation>
            <ccts:CodeName>millirÃ¶ntgen</ccts:CodeName>
            <ccts:CodeDescription/>
          </xsd:documentation>
        </xsd:annotation>
      </xsd:enumeration>
      <xsd:enumeration value="2Z">
        <xsd:annotation>
          <xsd:documentation>
            <ccts:CodeName>millivolt</ccts:CodeName>
            <ccts:CodeDescription/>
          </xsd:documentation>
        </xsd:annotation>
      </xsd:enumeration>
      <xsd:enumeration value="3B">
        <xsd:annotation>
          <xsd:documentation>
            <ccts:CodeName>megajoule</ccts:CodeName>
            <ccts:CodeDescription/>
          </xsd:documentation>
        </xsd:annotation>
      </xsd:enumeration>
      <xsd:enumeration value="3C">
        <xsd:annotation>
          <xsd:documentation>
            <ccts:CodeName>manmonth</ccts:CodeName>
            <ccts:CodeDescription/>
          </xsd:documentation>
        </xsd:annotation>
      </xsd:enumeration>
      <xsd:enumeration value="3E">
        <xsd:annotation>
          <xsd:documentation>
            <ccts:CodeName>pound per pound of product</ccts:CodeName>
            <ccts:CodeDescription/>
          </xsd:documentation>
        </xsd:annotation>
      </xsd:enumeration>
      <xsd:enumeration value="3G">
        <xsd:annotation>
          <xsd:documentation>
            <ccts:CodeName>pound per piece of product</ccts:CodeName>
            <ccts:CodeDescription/>
          </xsd:documentation>
        </xsd:annotation>
      </xsd:enumeration>
      <xsd:enumeration value="3H">
        <xsd:annotation>
          <xsd:documentation>
            <ccts:CodeName>kilogram per kilogram of product</ccts:CodeName>
            <ccts:CodeDescription/>
          </xsd:documentation>
        </xsd:annotation>
      </xsd:enumeration>
      <xsd:enumeration value="3I">
        <xsd:annotation>
          <xsd:documentation>
            <ccts:CodeName>kilogram per piece of product</ccts:CodeName>
            <ccts:CodeDescription/>
          </xsd:documentation>
        </xsd:annotation>
      </xsd:enumeration>
      <xsd:enumeration value="4A">
        <xsd:annotation>
          <xsd:documentation>
            <ccts:CodeName>bobbin</ccts:CodeName>
            <ccts:CodeDescription/>
          </xsd:documentation>
        </xsd:annotation>
      </xsd:enumeration>
      <xsd:enumeration value="4B">
        <xsd:annotation>
          <xsd:documentation>
            <ccts:CodeName>cap</ccts:CodeName>
            <ccts:CodeDescription/>
          </xsd:documentation>
        </xsd:annotation>
      </xsd:enumeration>
      <xsd:enumeration value="4C">
        <xsd:annotation>
          <xsd:documentation>
            <ccts:CodeName>centistokes</ccts:CodeName>
            <ccts:CodeDescription/>
          </xsd:documentation>
        </xsd:annotation>
      </xsd:enumeration>
      <xsd:enumeration value="4E">
        <xsd:annotation>
          <xsd:documentation>
            <ccts:CodeName>twenty pack</ccts:CodeName>
            <ccts:CodeDescription/>
          </xsd:documentation>
        </xsd:annotation>
      </xsd:enumeration>
      <xsd:enumeration value="4G">
        <xsd:annotation>
          <xsd:documentation>
            <ccts:CodeName>microlitre</ccts:CodeName>
            <ccts:CodeDescription/>
          </xsd:documentation>
        </xsd:annotation>
      </xsd:enumeration>
      <xsd:enumeration value="4H">
        <xsd:annotation>
          <xsd:documentation>
            <ccts:CodeName>micrometre (micron)</ccts:CodeName>
            <ccts:CodeDescription/>
          </xsd:documentation>
        </xsd:annotation>
      </xsd:enumeration>
      <xsd:enumeration value="4K">
        <xsd:annotation>
          <xsd:documentation>
            <ccts:CodeName>milliampere</ccts:CodeName>
            <ccts:CodeDescription/>
          </xsd:documentation>
        </xsd:annotation>
      </xsd:enumeration>
      <xsd:enumeration value="4L">
        <xsd:annotation>
          <xsd:documentation>
            <ccts:CodeName>megabyte</ccts:CodeName>
            <ccts:CodeDescription/>
          </xsd:documentation>
        </xsd:annotation>
      </xsd:enumeration>
      <xsd:enumeration value="4M">
        <xsd:annotation>
          <xsd:documentation>
            <ccts:CodeName>milligram per hour</ccts:CodeName>
            <ccts:CodeDescription/>
          </xsd:documentation>
        </xsd:annotation>
      </xsd:enumeration>
      <xsd:enumeration value="4N">
        <xsd:annotation>
          <xsd:documentation>
            <ccts:CodeName>megabecquerel</ccts:CodeName>
            <ccts:CodeDescription/>
          </xsd:documentation>
        </xsd:annotation>
      </xsd:enumeration>
      <xsd:enumeration value="4O">
        <xsd:annotation>
          <xsd:documentation>
            <ccts:CodeName>microfarad</ccts:CodeName>
            <ccts:CodeDescription/>
          </xsd:documentation>
        </xsd:annotation>
      </xsd:enumeration>
      <xsd:enumeration value="4P">
        <xsd:annotation>
          <xsd:documentation>
            <ccts:CodeName>newton per metre</ccts:CodeName>
            <ccts:CodeDescription/>
          </xsd:documentation>
        </xsd:annotation>
      </xsd:enumeration>
      <xsd:enumeration value="4Q">
        <xsd:annotation>
          <xsd:documentation>
            <ccts:CodeName>ounce inch</ccts:CodeName>
            <ccts:CodeDescription/>
          </xsd:documentation>
        </xsd:annotation>
      </xsd:enumeration>
      <xsd:enumeration value="4R">
        <xsd:annotation>
          <xsd:documentation>
            <ccts:CodeName>ounce foot</ccts:CodeName>
            <ccts:CodeDescription/>
          </xsd:documentation>
        </xsd:annotation>
      </xsd:enumeration>
      <xsd:enumeration value="4T">
        <xsd:annotation>
          <xsd:documentation>
            <ccts:CodeName>picofarad</ccts:CodeName>
            <ccts:CodeDescription/>
          </xsd:documentation>
        </xsd:annotation>
      </xsd:enumeration>
      <xsd:enumeration value="4U">
        <xsd:annotation>
          <xsd:documentation>
            <ccts:CodeName>pound per hour</ccts:CodeName>
            <ccts:CodeDescription/>
          </xsd:documentation>
        </xsd:annotation>
      </xsd:enumeration>
      <xsd:enumeration value="4W">
        <xsd:annotation>
          <xsd:documentation>
            <ccts:CodeName>ton(US) per hour</ccts:CodeName>
            <ccts:CodeDescription/>
          </xsd:documentation>
        </xsd:annotation>
      </xsd:enumeration>
      <xsd:enumeration value="4X">
        <xsd:annotation>
          <xsd:documentation>
            <ccts:CodeName>kilolitre per hour</ccts:CodeName>
            <ccts:CodeDescription/>
          </xsd:documentation>
        </xsd:annotation>
      </xsd:enumeration>
      <xsd:enumeration value="5A">
        <xsd:annotation>
          <xsd:documentation>
            <ccts:CodeName>barrel per minute</ccts:CodeName>
            <ccts:CodeDescription/>
          </xsd:documentation>
        </xsd:annotation>
      </xsd:enumeration>
      <xsd:enumeration value="5B">
        <xsd:annotation>
          <xsd:documentation>
            <ccts:CodeName>batch</ccts:CodeName>
            <ccts:CodeDescription/>
          </xsd:documentation>
        </xsd:annotation>
      </xsd:enumeration>
      <xsd:enumeration value="5C">
        <xsd:annotation>
          <xsd:documentation>
            <ccts:CodeName>gallon(US) per thousand</ccts:CodeName>
            <ccts:CodeDescription/>
          </xsd:documentation>
        </xsd:annotation>
      </xsd:enumeration>
      <xsd:enumeration value="5E">
        <xsd:annotation>
          <xsd:documentation>
            <ccts:CodeName>MMSCF/day</ccts:CodeName>
            <ccts:CodeDescription/>
          </xsd:documentation>
        </xsd:annotation>
      </xsd:enumeration>
      <xsd:enumeration value="5F">
        <xsd:annotation>
          <xsd:documentation>
            <ccts:CodeName>pounds per thousand</ccts:CodeName>
            <ccts:CodeDescription/>
          </xsd:documentation>
        </xsd:annotation>
      </xsd:enumeration>
      <xsd:enumeration value="5G">
        <xsd:annotation>
          <xsd:documentation>
            <ccts:CodeName>pump</ccts:CodeName>
            <ccts:CodeDescription/>
          </xsd:documentation>
        </xsd:annotation>
      </xsd:enumeration>
      <xsd:enumeration value="5H">
        <xsd:annotation>
          <xsd:documentation>
            <ccts:CodeName>stage</ccts:CodeName>
            <ccts:CodeDescription/>
          </xsd:documentation>
        </xsd:annotation>
      </xsd:enumeration>
      <xsd:enumeration value="5I">
        <xsd:annotation>
          <xsd:documentation>
            <ccts:CodeName>standard cubic foot</ccts:CodeName>
            <ccts:CodeDescription/>
          </xsd:documentation>
        </xsd:annotation>
      </xsd:enumeration>
      <xsd:enumeration value="5J">
        <xsd:annotation>
          <xsd:documentation>
            <ccts:CodeName>hydraulic horse power</ccts:CodeName>
            <ccts:CodeDescription/>
          </xsd:documentation>
        </xsd:annotation>
      </xsd:enumeration>
      <xsd:enumeration value="5K">
        <xsd:annotation>
          <xsd:documentation>
            <ccts:CodeName>count per minute</ccts:CodeName>
            <ccts:CodeDescription/>
          </xsd:documentation>
        </xsd:annotation>
      </xsd:enumeration>
      <xsd:enumeration value="5P">
        <xsd:annotation>
          <xsd:documentation>
            <ccts:CodeName>seismic level</ccts:CodeName>
            <ccts:CodeDescription/>
          </xsd:documentation>
        </xsd:annotation>
      </xsd:enumeration>
      <xsd:enumeration value="5Q">
        <xsd:annotation>
          <xsd:documentation>
            <ccts:CodeName>seismic line</ccts:CodeName>
            <ccts:CodeDescription/>
          </xsd:documentation>
        </xsd:annotation>
      </xsd:enumeration>
      <xsd:enumeration value="A1">
        <xsd:annotation>
          <xsd:documentation>
            <ccts:CodeName>15  C calorie</ccts:CodeName>
            <ccts:CodeDescription/>
          </xsd:documentation>
        </xsd:annotation>
      </xsd:enumeration>
      <xsd:enumeration value="A10">
        <xsd:annotation>
          <xsd:documentation>
            <ccts:CodeName>ampere square metre per joule second</ccts:CodeName>
            <ccts:CodeDescription/>
          </xsd:documentation>
        </xsd:annotation>
      </xsd:enumeration>
      <xsd:enumeration value="A11">
        <xsd:annotation>
          <xsd:documentation>
            <ccts:CodeName>Ã¥ngstrÃ¶m</ccts:CodeName>
            <ccts:CodeDescription/>
          </xsd:documentation>
        </xsd:annotation>
      </xsd:enumeration>
      <xsd:enumeration value="A12">
        <xsd:annotation>
          <xsd:documentation>
            <ccts:CodeName>astronomical unit</ccts:CodeName>
            <ccts:CodeDescription/>
          </xsd:documentation>
        </xsd:annotation>
      </xsd:enumeration>
      <xsd:enumeration value="A13">
        <xsd:annotation>
          <xsd:documentation>
            <ccts:CodeName>attojoule</ccts:CodeName>
            <ccts:CodeDescription/>
          </xsd:documentation>
        </xsd:annotation>
      </xsd:enumeration>
      <xsd:enumeration value="A14">
        <xsd:annotation>
          <xsd:documentation>
            <ccts:CodeName>barn</ccts:CodeName>
            <ccts:CodeDescription/>
          </xsd:documentation>
        </xsd:annotation>
      </xsd:enumeration>
      <xsd:enumeration value="A15">
        <xsd:annotation>
          <xsd:documentation>
            <ccts:CodeName>barn per electron volt</ccts:CodeName>
            <ccts:CodeDescription/>
          </xsd:documentation>
        </xsd:annotation>
      </xsd:enumeration>
      <xsd:enumeration value="A16">
        <xsd:annotation>
          <xsd:documentation>
            <ccts:CodeName>barn per steradian electron volt,</ccts:CodeName>
            <ccts:CodeDescription/>
          </xsd:documentation>
        </xsd:annotation>
      </xsd:enumeration>
      <xsd:enumeration value="A17">
        <xsd:annotation>
          <xsd:documentation>
            <ccts:CodeName>barn per sterdian</ccts:CodeName>
            <ccts:CodeDescription/>
          </xsd:documentation>
        </xsd:annotation>
      </xsd:enumeration>
      <xsd:enumeration value="A18">
        <xsd:annotation>
          <xsd:documentation>
            <ccts:CodeName>becquerel per kilogram</ccts:CodeName>
            <ccts:CodeDescription/>
          </xsd:documentation>
        </xsd:annotation>
      </xsd:enumeration>
      <xsd:enumeration value="A19">
        <xsd:annotation>
          <xsd:documentation>
            <ccts:CodeName>becquerel per metre cubed</ccts:CodeName>
            <ccts:CodeDescription/>
          </xsd:documentation>
        </xsd:annotation>
      </xsd:enumeration>
      <xsd:enumeration value="A2">
        <xsd:annotation>
          <xsd:documentation>
            <ccts:CodeName>ampere per centimetre</ccts:CodeName>
            <ccts:CodeDescription/>
          </xsd:documentation>
        </xsd:annotation>
      </xsd:enumeration>
      <xsd:enumeration value="A20">
        <xsd:annotation>
          <xsd:documentation>
            <ccts:CodeName>British thermal unit per second square foot degree Rankin</ccts:CodeName>
            <ccts:CodeDescription/>
          </xsd:documentation>
        </xsd:annotation>
      </xsd:enumeration>
      <xsd:enumeration value="A21">
        <xsd:annotation>
          <xsd:documentation>
            <ccts:CodeName>British thermal unit per pound degree Rankin</ccts:CodeName>
            <ccts:CodeDescription/>
          </xsd:documentation>
        </xsd:annotation>
      </xsd:enumeration>
      <xsd:enumeration value="A22">
        <xsd:annotation>
          <xsd:documentation>
            <ccts:CodeName>British thermal unit per second foot degree Rankin</ccts:CodeName>
            <ccts:CodeDescription/>
          </xsd:documentation>
        </xsd:annotation>
      </xsd:enumeration>
      <xsd:enumeration value="A23">
        <xsd:annotation>
          <xsd:documentation>
            <ccts:CodeName>British thermal unit per hour square foot degree Rankin</ccts:CodeName>
            <ccts:CodeDescription/>
          </xsd:documentation>
        </xsd:annotation>
      </xsd:enumeration>
      <xsd:enumeration value="A24">
        <xsd:annotation>
          <xsd:documentation>
            <ccts:CodeName>candela per square metre</ccts:CodeName>
            <ccts:CodeDescription/>
          </xsd:documentation>
        </xsd:annotation>
      </xsd:enumeration>
      <xsd:enumeration value="A25">
        <xsd:annotation>
          <xsd:documentation>
            <ccts:CodeName>cheval vapeur</ccts:CodeName>
            <ccts:CodeDescription/>
          </xsd:documentation>
        </xsd:annotation>
      </xsd:enumeration>
      <xsd:enumeration value="A26">
        <xsd:annotation>
          <xsd:documentation>
            <ccts:CodeName>coulomb metre</ccts:CodeName>
            <ccts:CodeDescription/>
          </xsd:documentation>
        </xsd:annotation>
      </xsd:enumeration>
      <xsd:enumeration value="A27">
        <xsd:annotation>
          <xsd:documentation>
            <ccts:CodeName>coulomb metre squared per volt</ccts:CodeName>
            <ccts:CodeDescription/>
          </xsd:documentation>
        </xsd:annotation>
      </xsd:enumeration>
      <xsd:enumeration value="A28">
        <xsd:annotation>
          <xsd:documentation>
            <ccts:CodeName>coulomb per cubic centimetre</ccts:CodeName>
            <ccts:CodeDescription/>
          </xsd:documentation>
        </xsd:annotation>
      </xsd:enumeration>
      <xsd:enumeration value="A29">
        <xsd:annotation>
          <xsd:documentation>
            <ccts:CodeName>coulomb per cubic metre</ccts:CodeName>
            <ccts:CodeDescription/>
          </xsd:documentation>
        </xsd:annotation>
      </xsd:enumeration>
      <xsd:enumeration value="A3">
        <xsd:annotation>
          <xsd:documentation>
            <ccts:CodeName>ampere per millimetre</ccts:CodeName>
            <ccts:CodeDescription/>
          </xsd:documentation>
        </xsd:annotation>
      </xsd:enumeration>
      <xsd:enumeration value="A30">
        <xsd:annotation>
          <xsd:documentation>
            <ccts:CodeName>coulomb per cubic millimetre</ccts:CodeName>
            <ccts:CodeDescription/>
          </xsd:documentation>
        </xsd:annotation>
      </xsd:enumeration>
      <xsd:enumeration value="A31">
        <xsd:annotation>
          <xsd:documentation>
            <ccts:CodeName>coulomb per kilogram second</ccts:CodeName>
            <ccts:CodeDescription/>
          </xsd:documentation>
        </xsd:annotation>
      </xsd:enumeration>
      <xsd:enumeration value="A32">
        <xsd:annotation>
          <xsd:documentation>
            <ccts:CodeName>coulomb per mole</ccts:CodeName>
            <ccts:CodeDescription/>
          </xsd:documentation>
        </xsd:annotation>
      </xsd:enumeration>
      <xsd:enumeration value="A33">
        <xsd:annotation>
          <xsd:documentation>
            <ccts:CodeName>coulomb per square centimetre</ccts:CodeName>
            <ccts:CodeDescription/>
          </xsd:documentation>
        </xsd:annotation>
      </xsd:enumeration>
      <xsd:enumeration value="A34">
        <xsd:annotation>
          <xsd:documentation>
            <ccts:CodeName>coulomb per square metre</ccts:CodeName>
            <ccts:CodeDescription/>
          </xsd:documentation>
        </xsd:annotation>
      </xsd:enumeration>
      <xsd:enumeration value="A35">
        <xsd:annotation>
          <xsd:documentation>
            <ccts:CodeName>coulomb per square millimetre</ccts:CodeName>
            <ccts:CodeDescription/>
          </xsd:documentation>
        </xsd:annotation>
      </xsd:enumeration>
      <xsd:enumeration value="A36">
        <xsd:annotation>
          <xsd:documentation>
            <ccts:CodeName>cubic centimetre per mole</ccts:CodeName>
            <ccts:CodeDescription/>
          </xsd:documentation>
        </xsd:annotation>
      </xsd:enumeration>
      <xsd:enumeration value="A37">
        <xsd:annotation>
          <xsd:documentation>
            <ccts:CodeName>cubic decimetre per mole</ccts:CodeName>
            <ccts:CodeDescription/>
          </xsd:documentation>
        </xsd:annotation>
      </xsd:enumeration>
      <xsd:enumeration value="A38">
        <xsd:annotation>
          <xsd:documentation>
            <ccts:CodeName>cubic metre per coulomb</ccts:CodeName>
            <ccts:CodeDescription/>
          </xsd:documentation>
        </xsd:annotation>
      </xsd:enumeration>
      <xsd:enumeration value="A39">
        <xsd:annotation>
          <xsd:documentation>
            <ccts:CodeName>cubic metre per kilogram</ccts:CodeName>
            <ccts:CodeDescription/>
          </xsd:documentation>
        </xsd:annotation>
      </xsd:enumeration>
      <xsd:enumeration value="A4">
        <xsd:annotation>
          <xsd:documentation>
            <ccts:CodeName>ampere per square centimetre</ccts:CodeName>
            <ccts:CodeDescription/>
          </xsd:documentation>
        </xsd:annotation>
      </xsd:enumeration>
      <xsd:enumeration value="A40">
        <xsd:annotation>
          <xsd:documentation>
            <ccts:CodeName>cubic metre per mole</ccts:CodeName>
            <ccts:CodeDescription/>
          </xsd:documentation>
        </xsd:annotation>
      </xsd:enumeration>
      <xsd:enumeration value="A41">
        <xsd:annotation>
          <xsd:documentation>
            <ccts:CodeName>ampere per square metre</ccts:CodeName>
            <ccts:CodeDescription/>
          </xsd:documentation>
        </xsd:annotation>
      </xsd:enumeration>
      <xsd:enumeration value="A42">
        <xsd:annotation>
          <xsd:documentation>
            <ccts:CodeName>curie per kilogram</ccts:CodeName>
            <ccts:CodeDescription/>
          </xsd:documentation>
        </xsd:annotation>
      </xsd:enumeration>
      <xsd:enumeration value="A43">
        <xsd:annotation>
          <xsd:documentation>
            <ccts:CodeName>deadweight tonnage</ccts:CodeName>
            <ccts:CodeDescription/>
          </xsd:documentation>
        </xsd:annotation>
      </xsd:enumeration>
      <xsd:enumeration value="A44">
        <xsd:annotation>
          <xsd:documentation>
            <ccts:CodeName>decalitre</ccts:CodeName>
            <ccts:CodeDescription/>
          </xsd:documentation>
        </xsd:annotation>
      </xsd:enumeration>
      <xsd:enumeration value="A45">
        <xsd:annotation>
          <xsd:documentation>
            <ccts:CodeName>decametre</ccts:CodeName>
            <ccts:CodeDescription/>
          </xsd:documentation>
        </xsd:annotation>
      </xsd:enumeration>
      <xsd:enumeration value="A47">
        <xsd:annotation>
          <xsd:documentation>
            <ccts:CodeName>decitex</ccts:CodeName>
            <ccts:CodeDescription/>
          </xsd:documentation>
        </xsd:annotation>
      </xsd:enumeration>
      <xsd:enumeration value="A48">
        <xsd:annotation>
          <xsd:documentation>
            <ccts:CodeName>degree Rankin</ccts:CodeName>
            <ccts:CodeDescription/>
          </xsd:documentation>
        </xsd:annotation>
      </xsd:enumeration>
      <xsd:enumeration value="A49">
        <xsd:annotation>
          <xsd:documentation>
            <ccts:CodeName>denier</ccts:CodeName>
            <ccts:CodeDescription/>
          </xsd:documentation>
        </xsd:annotation>
      </xsd:enumeration>
      <xsd:enumeration value="A5">
        <xsd:annotation>
          <xsd:documentation>
            <ccts:CodeName>ampere square metre</ccts:CodeName>
            <ccts:CodeDescription/>
          </xsd:documentation>
        </xsd:annotation>
      </xsd:enumeration>
      <xsd:enumeration value="A50">
        <xsd:annotation>
          <xsd:documentation>
            <ccts:CodeName>dyn second per cubic centimetre</ccts:CodeName>
            <ccts:CodeDescription/>
          </xsd:documentation>
        </xsd:annotation>
      </xsd:enumeration>
      <xsd:enumeration value="A51">
        <xsd:annotation>
          <xsd:documentation>
            <ccts:CodeName>dyne second per centimetre</ccts:CodeName>
            <ccts:CodeDescription/>
          </xsd:documentation>
        </xsd:annotation>
      </xsd:enumeration>
      <xsd:enumeration value="A52">
        <xsd:annotation>
          <xsd:documentation>
            <ccts:CodeName>dyne second per centimetre to the fifth</ccts:CodeName>
            <ccts:CodeDescription/>
          </xsd:documentation>
        </xsd:annotation>
      </xsd:enumeration>
      <xsd:enumeration value="A53">
        <xsd:annotation>
          <xsd:documentation>
            <ccts:CodeName>electronvolt</ccts:CodeName>
            <ccts:CodeDescription/>
          </xsd:documentation>
        </xsd:annotation>
      </xsd:enumeration>
      <xsd:enumeration value="A54">
        <xsd:annotation>
          <xsd:documentation>
            <ccts:CodeName>electronvolt  per metre</ccts:CodeName>
            <ccts:CodeDescription/>
          </xsd:documentation>
        </xsd:annotation>
      </xsd:enumeration>
      <xsd:enumeration value="A55">
        <xsd:annotation>
          <xsd:documentation>
            <ccts:CodeName>electronvolt square metre</ccts:CodeName>
            <ccts:CodeDescription/>
          </xsd:documentation>
        </xsd:annotation>
      </xsd:enumeration>
      <xsd:enumeration value="A56">
        <xsd:annotation>
          <xsd:documentation>
            <ccts:CodeName>electronvolt square metre per kilogram</ccts:CodeName>
            <ccts:CodeDescription/>
          </xsd:documentation>
        </xsd:annotation>
      </xsd:enumeration>
      <xsd:enumeration value="A57">
        <xsd:annotation>
          <xsd:documentation>
            <ccts:CodeName>erg</ccts:CodeName>
            <ccts:CodeDescription/>
          </xsd:documentation>
        </xsd:annotation>
      </xsd:enumeration>
      <xsd:enumeration value="A58">
        <xsd:annotation>
          <xsd:documentation>
            <ccts:CodeName>erg per centimetre</ccts:CodeName>
            <ccts:CodeDescription/>
          </xsd:documentation>
        </xsd:annotation>
      </xsd:enumeration>
      <xsd:enumeration value="A6">
        <xsd:annotation>
          <xsd:documentation>
            <ccts:CodeName>ampere per square metre kelvin squared</ccts:CodeName>
            <ccts:CodeDescription/>
          </xsd:documentation>
        </xsd:annotation>
      </xsd:enumeration>
      <xsd:enumeration value="A60">
        <xsd:annotation>
          <xsd:documentation>
            <ccts:CodeName>erg per cubic centimetre</ccts:CodeName>
            <ccts:CodeDescription/>
          </xsd:documentation>
        </xsd:annotation>
      </xsd:enumeration>
      <xsd:enumeration value="A61">
        <xsd:annotation>
          <xsd:documentation>
            <ccts:CodeName>erg per gram</ccts:CodeName>
            <ccts:CodeDescription/>
          </xsd:documentation>
        </xsd:annotation>
      </xsd:enumeration>
      <xsd:enumeration value="A62">
        <xsd:annotation>
          <xsd:documentation>
            <ccts:CodeName>erg per gram second</ccts:CodeName>
            <ccts:CodeDescription/>
          </xsd:documentation>
        </xsd:annotation>
      </xsd:enumeration>
      <xsd:enumeration value="A63">
        <xsd:annotation>
          <xsd:documentation>
            <ccts:CodeName>erg per second</ccts:CodeName>
            <ccts:CodeDescription/>
          </xsd:documentation>
        </xsd:annotation>
      </xsd:enumeration>
      <xsd:enumeration value="A64">
        <xsd:annotation>
          <xsd:documentation>
            <ccts:CodeName>erg per second square centimetre</ccts:CodeName>
            <ccts:CodeDescription/>
          </xsd:documentation>
        </xsd:annotation>
      </xsd:enumeration>
      <xsd:enumeration value="A65">
        <xsd:annotation>
          <xsd:documentation>
            <ccts:CodeName>erg per square centimetre second</ccts:CodeName>
            <ccts:CodeDescription/>
          </xsd:documentation>
        </xsd:annotation>
      </xsd:enumeration>
      <xsd:enumeration value="A66">
        <xsd:annotation>
          <xsd:documentation>
            <ccts:CodeName>erg square centimetre</ccts:CodeName>
            <ccts:CodeDescription/>
          </xsd:documentation>
        </xsd:annotation>
      </xsd:enumeration>
      <xsd:enumeration value="A67">
        <xsd:annotation>
          <xsd:documentation>
            <ccts:CodeName>erg square centimetre per gram</ccts:CodeName>
            <ccts:CodeDescription/>
          </xsd:documentation>
        </xsd:annotation>
      </xsd:enumeration>
      <xsd:enumeration value="A68">
        <xsd:annotation>
          <xsd:documentation>
            <ccts:CodeName>exajoule</ccts:CodeName>
            <ccts:CodeDescription/>
          </xsd:documentation>
        </xsd:annotation>
      </xsd:enumeration>
      <xsd:enumeration value="A69">
        <xsd:annotation>
          <xsd:documentation>
            <ccts:CodeName>farad per metre</ccts:CodeName>
            <ccts:CodeDescription/>
          </xsd:documentation>
        </xsd:annotation>
      </xsd:enumeration>
      <xsd:enumeration value="A7">
        <xsd:annotation>
          <xsd:documentation>
            <ccts:CodeName>ampere per square millimetre</ccts:CodeName>
            <ccts:CodeDescription/>
          </xsd:documentation>
        </xsd:annotation>
      </xsd:enumeration>
      <xsd:enumeration value="A70">
        <xsd:annotation>
          <xsd:documentation>
            <ccts:CodeName>femtojoule</ccts:CodeName>
            <ccts:CodeDescription/>
          </xsd:documentation>
        </xsd:annotation>
      </xsd:enumeration>
      <xsd:enumeration value="A71">
        <xsd:annotation>
          <xsd:documentation>
            <ccts:CodeName>femtometre</ccts:CodeName>
            <ccts:CodeDescription/>
          </xsd:documentation>
        </xsd:annotation>
      </xsd:enumeration>
      <xsd:enumeration value="A73">
        <xsd:annotation>
          <xsd:documentation>
            <ccts:CodeName>foot per second squared</ccts:CodeName>
            <ccts:CodeDescription/>
          </xsd:documentation>
        </xsd:annotation>
      </xsd:enumeration>
      <xsd:enumeration value="A74">
        <xsd:annotation>
          <xsd:documentation>
            <ccts:CodeName>foot pound-force per second</ccts:CodeName>
            <ccts:CodeDescription/>
          </xsd:documentation>
        </xsd:annotation>
      </xsd:enumeration>
      <xsd:enumeration value="A75">
        <xsd:annotation>
          <xsd:documentation>
            <ccts:CodeName>freight ton</ccts:CodeName>
            <ccts:CodeDescription/>
          </xsd:documentation>
        </xsd:annotation>
      </xsd:enumeration>
      <xsd:enumeration value="A76">
        <xsd:annotation>
          <xsd:documentation>
            <ccts:CodeName>gal</ccts:CodeName>
            <ccts:CodeDescription/>
          </xsd:documentation>
        </xsd:annotation>
      </xsd:enumeration>
      <xsd:enumeration value="A77">
        <xsd:annotation>
          <xsd:documentation>
            <ccts:CodeName>Gaussian CGS unit of displacement</ccts:CodeName>
            <ccts:CodeDescription/>
          </xsd:documentation>
        </xsd:annotation>
      </xsd:enumeration>
      <xsd:enumeration value="A78">
        <xsd:annotation>
          <xsd:documentation>
            <ccts:CodeName>Gaussian CGS unit of electic current</ccts:CodeName>
            <ccts:CodeDescription/>
          </xsd:documentation>
        </xsd:annotation>
      </xsd:enumeration>
      <xsd:enumeration value="A79">
        <xsd:annotation>
          <xsd:documentation>
            <ccts:CodeName>Gaussian CGS unit of electric charge</ccts:CodeName>
            <ccts:CodeDescription/>
          </xsd:documentation>
        </xsd:annotation>
      </xsd:enumeration>
      <xsd:enumeration value="A8">
        <xsd:annotation>
          <xsd:documentation>
            <ccts:CodeName>ampere second</ccts:CodeName>
            <ccts:CodeDescription/>
          </xsd:documentation>
        </xsd:annotation>
      </xsd:enumeration>
      <xsd:enumeration value="A80">
        <xsd:annotation>
          <xsd:documentation>
            <ccts:CodeName>Gaussian CGS unit of electric field strength</ccts:CodeName>
            <ccts:CodeDescription/>
          </xsd:documentation>
        </xsd:annotation>
      </xsd:enumeration>
      <xsd:enumeration value="A81">
        <xsd:annotation>
          <xsd:documentation>
            <ccts:CodeName>Gaussian CGS unit of electric polarization</ccts:CodeName>
            <ccts:CodeDescription/>
          </xsd:documentation>
        </xsd:annotation>
      </xsd:enumeration>
      <xsd:enumeration value="A82">
        <xsd:annotation>
          <xsd:documentation>
            <ccts:CodeName>Gaussian CGS unit of electric potential</ccts:CodeName>
            <ccts:CodeDescription/>
          </xsd:documentation>
        </xsd:annotation>
      </xsd:enumeration>
      <xsd:enumeration value="A83">
        <xsd:annotation>
          <xsd:documentation>
            <ccts:CodeName>Gaussian CGS unit of magnetization</ccts:CodeName>
            <ccts:CodeDescription/>
          </xsd:documentation>
        </xsd:annotation>
      </xsd:enumeration>
      <xsd:enumeration value="A84">
        <xsd:annotation>
          <xsd:documentation>
            <ccts:CodeName>gigacoulomb per cubic metre</ccts:CodeName>
            <ccts:CodeDescription/>
          </xsd:documentation>
        </xsd:annotation>
      </xsd:enumeration>
      <xsd:enumeration value="A85">
        <xsd:annotation>
          <xsd:documentation>
            <ccts:CodeName>gigaelectronvolt</ccts:CodeName>
            <ccts:CodeDescription/>
          </xsd:documentation>
        </xsd:annotation>
      </xsd:enumeration>
      <xsd:enumeration value="A86">
        <xsd:annotation>
          <xsd:documentation>
            <ccts:CodeName>gigahertz</ccts:CodeName>
            <ccts:CodeDescription/>
          </xsd:documentation>
        </xsd:annotation>
      </xsd:enumeration>
      <xsd:enumeration value="A87">
        <xsd:annotation>
          <xsd:documentation>
            <ccts:CodeName>gigaohm</ccts:CodeName>
            <ccts:CodeDescription/>
          </xsd:documentation>
        </xsd:annotation>
      </xsd:enumeration>
      <xsd:enumeration value="A88">
        <xsd:annotation>
          <xsd:documentation>
            <ccts:CodeName>gigaohm metre</ccts:CodeName>
            <ccts:CodeDescription/>
          </xsd:documentation>
        </xsd:annotation>
      </xsd:enumeration>
      <xsd:enumeration value="A89">
        <xsd:annotation>
          <xsd:documentation>
            <ccts:CodeName>gigapascal</ccts:CodeName>
            <ccts:CodeDescription/>
          </xsd:documentation>
        </xsd:annotation>
      </xsd:enumeration>
      <xsd:enumeration value="A9">
        <xsd:annotation>
          <xsd:documentation>
            <ccts:CodeName>rate</ccts:CodeName>
            <ccts:CodeDescription/>
          </xsd:documentation>
        </xsd:annotation>
      </xsd:enumeration>
      <xsd:enumeration value="A90">
        <xsd:annotation>
          <xsd:documentation>
            <ccts:CodeName>gigawatt</ccts:CodeName>
            <ccts:CodeDescription/>
          </xsd:documentation>
        </xsd:annotation>
      </xsd:enumeration>
      <xsd:enumeration value="A91">
        <xsd:annotation>
          <xsd:documentation>
            <ccts:CodeName>gon</ccts:CodeName>
            <ccts:CodeDescription>Remarks by GEFEG mbH:
Synonyms  A91 = grade</ccts:CodeDescription>
          </xsd:documentation>
        </xsd:annotation>
      </xsd:enumeration>
      <xsd:enumeration value="A93">
        <xsd:annotation>
          <xsd:documentation>
            <ccts:CodeName>gram per cubic metre</ccts:CodeName>
            <ccts:CodeDescription/>
          </xsd:documentation>
        </xsd:annotation>
      </xsd:enumeration>
      <xsd:enumeration value="A94">
        <xsd:annotation>
          <xsd:documentation>
            <ccts:CodeName>gram per mole</ccts:CodeName>
            <ccts:CodeDescription/>
          </xsd:documentation>
        </xsd:annotation>
      </xsd:enumeration>
      <xsd:enumeration value="A95">
        <xsd:annotation>
          <xsd:documentation>
            <ccts:CodeName>gray</ccts:CodeName>
            <ccts:CodeDescription/>
          </xsd:documentation>
        </xsd:annotation>
      </xsd:enumeration>
      <xsd:enumeration value="A96">
        <xsd:annotation>
          <xsd:documentation>
            <ccts:CodeName>gray per second</ccts:CodeName>
            <ccts:CodeDescription/>
          </xsd:documentation>
        </xsd:annotation>
      </xsd:enumeration>
      <xsd:enumeration value="A97">
        <xsd:annotation>
          <xsd:documentation>
            <ccts:CodeName>hectopascal</ccts:CodeName>
            <ccts:CodeDescription/>
          </xsd:documentation>
        </xsd:annotation>
      </xsd:enumeration>
      <xsd:enumeration value="A98">
        <xsd:annotation>
          <xsd:documentation>
            <ccts:CodeName>henry per metre</ccts:CodeName>
            <ccts:CodeDescription/>
          </xsd:documentation>
        </xsd:annotation>
      </xsd:enumeration>
      <xsd:enumeration value="AA">
        <xsd:annotation>
          <xsd:documentation>
            <ccts:CodeName>ball</ccts:CodeName>
            <ccts:CodeDescription/>
          </xsd:documentation>
        </xsd:annotation>
      </xsd:enumeration>
      <xsd:enumeration value="AB">
        <xsd:annotation>
          <xsd:documentation>
            <ccts:CodeName>bulk pack</ccts:CodeName>
            <ccts:CodeDescription/>
          </xsd:documentation>
        </xsd:annotation>
      </xsd:enumeration>
      <xsd:enumeration value="ACR">
        <xsd:annotation>
          <xsd:documentation>
            <ccts:CodeName>acre</ccts:CodeName>
            <ccts:CodeDescription/>
          </xsd:documentation>
        </xsd:annotation>
      </xsd:enumeration>
      <xsd:enumeration value="AD">
        <xsd:annotation>
          <xsd:documentation>
            <ccts:CodeName>byte</ccts:CodeName>
            <ccts:CodeDescription/>
          </xsd:documentation>
        </xsd:annotation>
      </xsd:enumeration>
      <xsd:enumeration value="AE">
        <xsd:annotation>
          <xsd:documentation>
            <ccts:CodeName>ampere per metre</ccts:CodeName>
            <ccts:CodeDescription/>
          </xsd:documentation>
        </xsd:annotation>
      </xsd:enumeration>
      <xsd:enumeration value="AH">
        <xsd:annotation>
          <xsd:documentation>
            <ccts:CodeName>additional minute</ccts:CodeName>
            <ccts:CodeDescription/>
          </xsd:documentation>
        </xsd:annotation>
      </xsd:enumeration>
      <xsd:enumeration value="AI">
        <xsd:annotation>
          <xsd:documentation>
            <ccts:CodeName>average minute per call</ccts:CodeName>
            <ccts:CodeDescription/>
          </xsd:documentation>
        </xsd:annotation>
      </xsd:enumeration>
      <xsd:enumeration value="AJ">
        <xsd:annotation>
          <xsd:documentation>
            <ccts:CodeName>cop</ccts:CodeName>
            <ccts:CodeDescription/>
          </xsd:documentation>
        </xsd:annotation>
      </xsd:enumeration>
      <xsd:enumeration value="AK">
        <xsd:annotation>
          <xsd:documentation>
            <ccts:CodeName>fathom</ccts:CodeName>
            <ccts:CodeDescription/>
          </xsd:documentation>
        </xsd:annotation>
      </xsd:enumeration>
      <xsd:enumeration value="AL">
        <xsd:annotation>
          <xsd:documentation>
            <ccts:CodeName>access line</ccts:CodeName>
            <ccts:CodeDescription/>
          </xsd:documentation>
        </xsd:annotation>
      </xsd:enumeration>
      <xsd:enumeration value="AM">
        <xsd:annotation>
          <xsd:documentation>
            <ccts:CodeName>ampoule</ccts:CodeName>
            <ccts:CodeDescription/>
          </xsd:documentation>
        </xsd:annotation>
      </xsd:enumeration>
      <xsd:enumeration value="AMH">
        <xsd:annotation>
          <xsd:documentation>
            <ccts:CodeName>ampere hour</ccts:CodeName>
            <ccts:CodeDescription/>
          </xsd:documentation>
        </xsd:annotation>
      </xsd:enumeration>
      <xsd:enumeration value="AMP">
        <xsd:annotation>
          <xsd:documentation>
            <ccts:CodeName>ampere</ccts:CodeName>
            <ccts:CodeDescription/>
          </xsd:documentation>
        </xsd:annotation>
      </xsd:enumeration>
      <xsd:enumeration value="ANN">
        <xsd:annotation>
          <xsd:documentation>
            <ccts:CodeName>year</ccts:CodeName>
            <ccts:CodeDescription/>
          </xsd:documentation>
        </xsd:annotation>
      </xsd:enumeration>
      <xsd:enumeration value="AP">
        <xsd:annotation>
          <xsd:documentation>
            <ccts:CodeName>aluminium pound only</ccts:CodeName>
            <ccts:CodeDescription/>
          </xsd:documentation>
        </xsd:annotation>
      </xsd:enumeration>
      <xsd:enumeration value="APZ">
        <xsd:annotation>
          <xsd:documentation>
            <ccts:CodeName>troy ounce or apothecaries' ounce</ccts:CodeName>
            <ccts:CodeDescription/>
          </xsd:documentation>
        </xsd:annotation>
      </xsd:enumeration>
      <xsd:enumeration value="AQ">
        <xsd:annotation>
          <xsd:documentation>
            <ccts:CodeName>anti-hemophilic factor (AHF) unit</ccts:CodeName>
            <ccts:CodeDescription/>
          </xsd:documentation>
        </xsd:annotation>
      </xsd:enumeration>
      <xsd:enumeration value="AR">
        <xsd:annotation>
          <xsd:documentation>
            <ccts:CodeName>suppository</ccts:CodeName>
            <ccts:CodeDescription/>
          </xsd:documentation>
        </xsd:annotation>
      </xsd:enumeration>
      <xsd:enumeration value="ARE">
        <xsd:annotation>
          <xsd:documentation>
            <ccts:CodeName>are</ccts:CodeName>
            <ccts:CodeDescription/>
          </xsd:documentation>
        </xsd:annotation>
      </xsd:enumeration>
      <xsd:enumeration value="AS">
        <xsd:annotation>
          <xsd:documentation>
            <ccts:CodeName>assortment</ccts:CodeName>
            <ccts:CodeDescription/>
          </xsd:documentation>
        </xsd:annotation>
      </xsd:enumeration>
      <xsd:enumeration value="ASM">
        <xsd:annotation>
          <xsd:documentation>
            <ccts:CodeName>alcoholic strength by mass</ccts:CodeName>
            <ccts:CodeDescription/>
          </xsd:documentation>
        </xsd:annotation>
      </xsd:enumeration>
      <xsd:enumeration value="ASU">
        <xsd:annotation>
          <xsd:documentation>
            <ccts:CodeName>alcoholic strength by volume</ccts:CodeName>
            <ccts:CodeDescription/>
          </xsd:documentation>
        </xsd:annotation>
      </xsd:enumeration>
      <xsd:enumeration value="ATM">
        <xsd:annotation>
          <xsd:documentation>
            <ccts:CodeName>standard atmosphere</ccts:CodeName>
            <ccts:CodeDescription/>
          </xsd:documentation>
        </xsd:annotation>
      </xsd:enumeration>
      <xsd:enumeration value="ATT">
        <xsd:annotation>
          <xsd:documentation>
            <ccts:CodeName>technical atmosphere</ccts:CodeName>
            <ccts:CodeDescription/>
          </xsd:documentation>
        </xsd:annotation>
      </xsd:enumeration>
      <xsd:enumeration value="AV">
        <xsd:annotation>
          <xsd:documentation>
            <ccts:CodeName>capsule</ccts:CodeName>
            <ccts:CodeDescription/>
          </xsd:documentation>
        </xsd:annotation>
      </xsd:enumeration>
      <xsd:enumeration value="AW">
        <xsd:annotation>
          <xsd:documentation>
            <ccts:CodeName>powder filled vial</ccts:CodeName>
            <ccts:CodeDescription/>
          </xsd:documentation>
        </xsd:annotation>
      </xsd:enumeration>
      <xsd:enumeration value="AY">
        <xsd:annotation>
          <xsd:documentation>
            <ccts:CodeName>assembly</ccts:CodeName>
            <ccts:CodeDescription/>
          </xsd:documentation>
        </xsd:annotation>
      </xsd:enumeration>
      <xsd:enumeration value="AZ">
        <xsd:annotation>
          <xsd:documentation>
            <ccts:CodeName>British thermal unit per pound</ccts:CodeName>
            <ccts:CodeDescription/>
          </xsd:documentation>
        </xsd:annotation>
      </xsd:enumeration>
      <xsd:enumeration value="B0">
        <xsd:annotation>
          <xsd:documentation>
            <ccts:CodeName>Btu per cubic foot</ccts:CodeName>
            <ccts:CodeDescription/>
          </xsd:documentation>
        </xsd:annotation>
      </xsd:enumeration>
      <xsd:enumeration value="B1">
        <xsd:annotation>
          <xsd:documentation>
            <ccts:CodeName>barrel (US) per day</ccts:CodeName>
            <ccts:CodeDescription/>
          </xsd:documentation>
        </xsd:annotation>
      </xsd:enumeration>
      <xsd:enumeration value="B11">
        <xsd:annotation>
          <xsd:documentation>
            <ccts:CodeName>joule per kilogram kelvin</ccts:CodeName>
            <ccts:CodeDescription/>
          </xsd:documentation>
        </xsd:annotation>
      </xsd:enumeration>
      <xsd:enumeration value="B12">
        <xsd:annotation>
          <xsd:documentation>
            <ccts:CodeName>joule per metre</ccts:CodeName>
            <ccts:CodeDescription/>
          </xsd:documentation>
        </xsd:annotation>
      </xsd:enumeration>
      <xsd:enumeration value="B13">
        <xsd:annotation>
          <xsd:documentation>
            <ccts:CodeName>joule per square metre</ccts:CodeName>
            <ccts:CodeDescription>Remarks by GEFEG mbH:
Synonym  B13 = joule per metre squared</ccts:CodeDescription>
          </xsd:documentation>
        </xsd:annotation>
      </xsd:enumeration>
      <xsd:enumeration value="B14">
        <xsd:annotation>
          <xsd:documentation>
            <ccts:CodeName>joule per metre to the fourth power</ccts:CodeName>
            <ccts:CodeDescription/>
          </xsd:documentation>
        </xsd:annotation>
      </xsd:enumeration>
      <xsd:enumeration value="B15">
        <xsd:annotation>
          <xsd:documentation>
            <ccts:CodeName>joule per mole</ccts:CodeName>
            <ccts:CodeDescription/>
          </xsd:documentation>
        </xsd:annotation>
      </xsd:enumeration>
      <xsd:enumeration value="B16">
        <xsd:annotation>
          <xsd:documentation>
            <ccts:CodeName>joule per mole kelvin</ccts:CodeName>
            <ccts:CodeDescription/>
          </xsd:documentation>
        </xsd:annotation>
      </xsd:enumeration>
      <xsd:enumeration value="B18">
        <xsd:annotation>
          <xsd:documentation>
            <ccts:CodeName>joule second</ccts:CodeName>
            <ccts:CodeDescription/>
          </xsd:documentation>
        </xsd:annotation>
      </xsd:enumeration>
      <xsd:enumeration value="B2">
        <xsd:annotation>
          <xsd:documentation>
            <ccts:CodeName>bunk</ccts:CodeName>
            <ccts:CodeDescription/>
          </xsd:documentation>
        </xsd:annotation>
      </xsd:enumeration>
      <xsd:enumeration value="B20">
        <xsd:annotation>
          <xsd:documentation>
            <ccts:CodeName>joule square metre per kilogram</ccts:CodeName>
            <ccts:CodeDescription/>
          </xsd:documentation>
        </xsd:annotation>
      </xsd:enumeration>
      <xsd:enumeration value="B21">
        <xsd:annotation>
          <xsd:documentation>
            <ccts:CodeName>kelvin per watt</ccts:CodeName>
            <ccts:CodeDescription/>
          </xsd:documentation>
        </xsd:annotation>
      </xsd:enumeration>
      <xsd:enumeration value="B22">
        <xsd:annotation>
          <xsd:documentation>
            <ccts:CodeName>kiloampere</ccts:CodeName>
            <ccts:CodeDescription/>
          </xsd:documentation>
        </xsd:annotation>
      </xsd:enumeration>
      <xsd:enumeration value="B23">
        <xsd:annotation>
          <xsd:documentation>
            <ccts:CodeName>kiloampere per square metre</ccts:CodeName>
            <ccts:CodeDescription/>
          </xsd:documentation>
        </xsd:annotation>
      </xsd:enumeration>
      <xsd:enumeration value="B24">
        <xsd:annotation>
          <xsd:documentation>
            <ccts:CodeName>kiloampere per metre</ccts:CodeName>
            <ccts:CodeDescription/>
          </xsd:documentation>
        </xsd:annotation>
      </xsd:enumeration>
      <xsd:enumeration value="B25">
        <xsd:annotation>
          <xsd:documentation>
            <ccts:CodeName>kilobecquerel per kilogram</ccts:CodeName>
            <ccts:CodeDescription/>
          </xsd:documentation>
        </xsd:annotation>
      </xsd:enumeration>
      <xsd:enumeration value="B26">
        <xsd:annotation>
          <xsd:documentation>
            <ccts:CodeName>kilocoulomb</ccts:CodeName>
            <ccts:CodeDescription/>
          </xsd:documentation>
        </xsd:annotation>
      </xsd:enumeration>
      <xsd:enumeration value="B27">
        <xsd:annotation>
          <xsd:documentation>
            <ccts:CodeName>kilocoulomb per cubic metre</ccts:CodeName>
            <ccts:CodeDescription/>
          </xsd:documentation>
        </xsd:annotation>
      </xsd:enumeration>
      <xsd:enumeration value="B28">
        <xsd:annotation>
          <xsd:documentation>
            <ccts:CodeName>kilocoulomb per square metre</ccts:CodeName>
            <ccts:CodeDescription/>
          </xsd:documentation>
        </xsd:annotation>
      </xsd:enumeration>
      <xsd:enumeration value="B29">
        <xsd:annotation>
          <xsd:documentation>
            <ccts:CodeName>kiloelectronvolt</ccts:CodeName>
            <ccts:CodeDescription/>
          </xsd:documentation>
        </xsd:annotation>
      </xsd:enumeration>
      <xsd:enumeration value="B3">
        <xsd:annotation>
          <xsd:documentation>
            <ccts:CodeName>batting pound</ccts:CodeName>
            <ccts:CodeDescription/>
          </xsd:documentation>
        </xsd:annotation>
      </xsd:enumeration>
      <xsd:enumeration value="B31">
        <xsd:annotation>
          <xsd:documentation>
            <ccts:CodeName>kilogram metre per second</ccts:CodeName>
            <ccts:CodeDescription/>
          </xsd:documentation>
        </xsd:annotation>
      </xsd:enumeration>
      <xsd:enumeration value="B32">
        <xsd:annotation>
          <xsd:documentation>
            <ccts:CodeName>kilogram metre squared</ccts:CodeName>
            <ccts:CodeDescription/>
          </xsd:documentation>
        </xsd:annotation>
      </xsd:enumeration>
      <xsd:enumeration value="B33">
        <xsd:annotation>
          <xsd:documentation>
            <ccts:CodeName>kilogram metre squared per second</ccts:CodeName>
            <ccts:CodeDescription/>
          </xsd:documentation>
        </xsd:annotation>
      </xsd:enumeration>
      <xsd:enumeration value="B34">
        <xsd:annotation>
          <xsd:documentation>
            <ccts:CodeName>kilogram per cubic decimetre</ccts:CodeName>
            <ccts:CodeDescription/>
          </xsd:documentation>
        </xsd:annotation>
      </xsd:enumeration>
      <xsd:enumeration value="B35">
        <xsd:annotation>
          <xsd:documentation>
            <ccts:CodeName>kilogram per litre</ccts:CodeName>
            <ccts:CodeDescription>Remarks by GEFEG mbH:
Synonym  B35 = kilogram per litre of product</ccts:CodeDescription>
          </xsd:documentation>
        </xsd:annotation>
      </xsd:enumeration>
      <xsd:enumeration value="B36">
        <xsd:annotation>
          <xsd:documentation>
            <ccts:CodeName>thermochemical calorie per gram</ccts:CodeName>
            <ccts:CodeDescription/>
          </xsd:documentation>
        </xsd:annotation>
      </xsd:enumeration>
      <xsd:enumeration value="B37">
        <xsd:annotation>
          <xsd:documentation>
            <ccts:CodeName>kilogram-force</ccts:CodeName>
            <ccts:CodeDescription/>
          </xsd:documentation>
        </xsd:annotation>
      </xsd:enumeration>
      <xsd:enumeration value="B38">
        <xsd:annotation>
          <xsd:documentation>
            <ccts:CodeName>kilogram-force metre</ccts:CodeName>
            <ccts:CodeDescription/>
          </xsd:documentation>
        </xsd:annotation>
      </xsd:enumeration>
      <xsd:enumeration value="B39">
        <xsd:annotation>
          <xsd:documentation>
            <ccts:CodeName>kilogram-force metre per second</ccts:CodeName>
            <ccts:CodeDescription/>
          </xsd:documentation>
        </xsd:annotation>
      </xsd:enumeration>
      <xsd:enumeration value="B4">
        <xsd:annotation>
          <xsd:documentation>
            <ccts:CodeName>barrel, imperial</ccts:CodeName>
            <ccts:CodeDescription/>
          </xsd:documentation>
        </xsd:annotation>
      </xsd:enumeration>
      <xsd:enumeration value="B40">
        <xsd:annotation>
          <xsd:documentation>
            <ccts:CodeName>kilogram-force per square metre</ccts:CodeName>
            <ccts:CodeDescription/>
          </xsd:documentation>
        </xsd:annotation>
      </xsd:enumeration>
      <xsd:enumeration value="B41">
        <xsd:annotation>
          <xsd:documentation>
            <ccts:CodeName>kilojoule per kelvin</ccts:CodeName>
            <ccts:CodeDescription/>
          </xsd:documentation>
        </xsd:annotation>
      </xsd:enumeration>
      <xsd:enumeration value="B42">
        <xsd:annotation>
          <xsd:documentation>
            <ccts:CodeName>kilojoule per kilogram</ccts:CodeName>
            <ccts:CodeDescription/>
          </xsd:documentation>
        </xsd:annotation>
      </xsd:enumeration>
      <xsd:enumeration value="B43">
        <xsd:annotation>
          <xsd:documentation>
            <ccts:CodeName>kilojoule per kilogram kelvin</ccts:CodeName>
            <ccts:CodeDescription/>
          </xsd:documentation>
        </xsd:annotation>
      </xsd:enumeration>
      <xsd:enumeration value="B44">
        <xsd:annotation>
          <xsd:documentation>
            <ccts:CodeName>kilojoule per mole</ccts:CodeName>
            <ccts:CodeDescription/>
          </xsd:documentation>
        </xsd:annotation>
      </xsd:enumeration>
      <xsd:enumeration value="B45">
        <xsd:annotation>
          <xsd:documentation>
            <ccts:CodeName>kilomole</ccts:CodeName>
            <ccts:CodeDescription/>
          </xsd:documentation>
        </xsd:annotation>
      </xsd:enumeration>
      <xsd:enumeration value="B46">
        <xsd:annotation>
          <xsd:documentation>
            <ccts:CodeName>kilomole per cubic metre</ccts:CodeName>
            <ccts:CodeDescription/>
          </xsd:documentation>
        </xsd:annotation>
      </xsd:enumeration>
      <xsd:enumeration value="B47">
        <xsd:annotation>
          <xsd:documentation>
            <ccts:CodeName>kilonewton</ccts:CodeName>
            <ccts:CodeDescription/>
          </xsd:documentation>
        </xsd:annotation>
      </xsd:enumeration>
      <xsd:enumeration value="B48">
        <xsd:annotation>
          <xsd:documentation>
            <ccts:CodeName>kilonewton metre</ccts:CodeName>
            <ccts:CodeDescription/>
          </xsd:documentation>
        </xsd:annotation>
      </xsd:enumeration>
      <xsd:enumeration value="B49">
        <xsd:annotation>
          <xsd:documentation>
            <ccts:CodeName>kiloohm</ccts:CodeName>
            <ccts:CodeDescription/>
          </xsd:documentation>
        </xsd:annotation>
      </xsd:enumeration>
      <xsd:enumeration value="B5">
        <xsd:annotation>
          <xsd:documentation>
            <ccts:CodeName>billet</ccts:CodeName>
            <ccts:CodeDescription/>
          </xsd:documentation>
        </xsd:annotation>
      </xsd:enumeration>
      <xsd:enumeration value="B50">
        <xsd:annotation>
          <xsd:documentation>
            <ccts:CodeName>kiloohm metre</ccts:CodeName>
            <ccts:CodeDescription/>
          </xsd:documentation>
        </xsd:annotation>
      </xsd:enumeration>
      <xsd:enumeration value="B51">
        <xsd:annotation>
          <xsd:documentation>
            <ccts:CodeName>kilopond</ccts:CodeName>
            <ccts:CodeDescription/>
          </xsd:documentation>
        </xsd:annotation>
      </xsd:enumeration>
      <xsd:enumeration value="B52">
        <xsd:annotation>
          <xsd:documentation>
            <ccts:CodeName>kilosecond</ccts:CodeName>
            <ccts:CodeDescription/>
          </xsd:documentation>
        </xsd:annotation>
      </xsd:enumeration>
      <xsd:enumeration value="B53">
        <xsd:annotation>
          <xsd:documentation>
            <ccts:CodeName>kilosiemens</ccts:CodeName>
            <ccts:CodeDescription/>
          </xsd:documentation>
        </xsd:annotation>
      </xsd:enumeration>
      <xsd:enumeration value="B54">
        <xsd:annotation>
          <xsd:documentation>
            <ccts:CodeName>kilosiemens per metre</ccts:CodeName>
            <ccts:CodeDescription/>
          </xsd:documentation>
        </xsd:annotation>
      </xsd:enumeration>
      <xsd:enumeration value="B55">
        <xsd:annotation>
          <xsd:documentation>
            <ccts:CodeName>kilovolt per metre</ccts:CodeName>
            <ccts:CodeDescription/>
          </xsd:documentation>
        </xsd:annotation>
      </xsd:enumeration>
      <xsd:enumeration value="B56">
        <xsd:annotation>
          <xsd:documentation>
            <ccts:CodeName>kiloweber per metre</ccts:CodeName>
            <ccts:CodeDescription/>
          </xsd:documentation>
        </xsd:annotation>
      </xsd:enumeration>
      <xsd:enumeration value="B57">
        <xsd:annotation>
          <xsd:documentation>
            <ccts:CodeName>light year</ccts:CodeName>
            <ccts:CodeDescription/>
          </xsd:documentation>
        </xsd:annotation>
      </xsd:enumeration>
      <xsd:enumeration value="B58">
        <xsd:annotation>
          <xsd:documentation>
            <ccts:CodeName>litre per mole</ccts:CodeName>
            <ccts:CodeDescription/>
          </xsd:documentation>
        </xsd:annotation>
      </xsd:enumeration>
      <xsd:enumeration value="B59">
        <xsd:annotation>
          <xsd:documentation>
            <ccts:CodeName>lumen hour</ccts:CodeName>
            <ccts:CodeDescription/>
          </xsd:documentation>
        </xsd:annotation>
      </xsd:enumeration>
      <xsd:enumeration value="B6">
        <xsd:annotation>
          <xsd:documentation>
            <ccts:CodeName>bun</ccts:CodeName>
            <ccts:CodeDescription/>
          </xsd:documentation>
        </xsd:annotation>
      </xsd:enumeration>
      <xsd:enumeration value="B60">
        <xsd:annotation>
          <xsd:documentation>
            <ccts:CodeName>lumen per square metre</ccts:CodeName>
            <ccts:CodeDescription/>
          </xsd:documentation>
        </xsd:annotation>
      </xsd:enumeration>
      <xsd:enumeration value="B61">
        <xsd:annotation>
          <xsd:documentation>
            <ccts:CodeName>lumen per watt</ccts:CodeName>
            <ccts:CodeDescription/>
          </xsd:documentation>
        </xsd:annotation>
      </xsd:enumeration>
      <xsd:enumeration value="B62">
        <xsd:annotation>
          <xsd:documentation>
            <ccts:CodeName>lumen second</ccts:CodeName>
            <ccts:CodeDescription/>
          </xsd:documentation>
        </xsd:annotation>
      </xsd:enumeration>
      <xsd:enumeration value="B63">
        <xsd:annotation>
          <xsd:documentation>
            <ccts:CodeName>lux hour</ccts:CodeName>
            <ccts:CodeDescription/>
          </xsd:documentation>
        </xsd:annotation>
      </xsd:enumeration>
      <xsd:enumeration value="B64">
        <xsd:annotation>
          <xsd:documentation>
            <ccts:CodeName>lux second</ccts:CodeName>
            <ccts:CodeDescription/>
          </xsd:documentation>
        </xsd:annotation>
      </xsd:enumeration>
      <xsd:enumeration value="B65">
        <xsd:annotation>
          <xsd:documentation>
            <ccts:CodeName>maxwell</ccts:CodeName>
            <ccts:CodeDescription/>
          </xsd:documentation>
        </xsd:annotation>
      </xsd:enumeration>
      <xsd:enumeration value="B66">
        <xsd:annotation>
          <xsd:documentation>
            <ccts:CodeName>megaampere per square metre</ccts:CodeName>
            <ccts:CodeDescription/>
          </xsd:documentation>
        </xsd:annotation>
      </xsd:enumeration>
      <xsd:enumeration value="B67">
        <xsd:annotation>
          <xsd:documentation>
            <ccts:CodeName>megabecquerel per kilogram</ccts:CodeName>
            <ccts:CodeDescription/>
          </xsd:documentation>
        </xsd:annotation>
      </xsd:enumeration>
      <xsd:enumeration value="B69">
        <xsd:annotation>
          <xsd:documentation>
            <ccts:CodeName>megacoulomb per cubic metre</ccts:CodeName>
            <ccts:CodeDescription/>
          </xsd:documentation>
        </xsd:annotation>
      </xsd:enumeration>
      <xsd:enumeration value="B7">
        <xsd:annotation>
          <xsd:documentation>
            <ccts:CodeName>cycle</ccts:CodeName>
            <ccts:CodeDescription/>
          </xsd:documentation>
        </xsd:annotation>
      </xsd:enumeration>
      <xsd:enumeration value="B70">
        <xsd:annotation>
          <xsd:documentation>
            <ccts:CodeName>megacoulomb per square metre</ccts:CodeName>
            <ccts:CodeDescription/>
          </xsd:documentation>
        </xsd:annotation>
      </xsd:enumeration>
      <xsd:enumeration value="B71">
        <xsd:annotation>
          <xsd:documentation>
            <ccts:CodeName>megaelectronvolt</ccts:CodeName>
            <ccts:CodeDescription/>
          </xsd:documentation>
        </xsd:annotation>
      </xsd:enumeration>
      <xsd:enumeration value="B72">
        <xsd:annotation>
          <xsd:documentation>
            <ccts:CodeName>megagram per cubic metre</ccts:CodeName>
            <ccts:CodeDescription/>
          </xsd:documentation>
        </xsd:annotation>
      </xsd:enumeration>
      <xsd:enumeration value="B73">
        <xsd:annotation>
          <xsd:documentation>
            <ccts:CodeName>meganewton</ccts:CodeName>
            <ccts:CodeDescription/>
          </xsd:documentation>
        </xsd:annotation>
      </xsd:enumeration>
      <xsd:enumeration value="B74">
        <xsd:annotation>
          <xsd:documentation>
            <ccts:CodeName>meganewton metre</ccts:CodeName>
            <ccts:CodeDescription/>
          </xsd:documentation>
        </xsd:annotation>
      </xsd:enumeration>
      <xsd:enumeration value="B75">
        <xsd:annotation>
          <xsd:documentation>
            <ccts:CodeName>megaohm</ccts:CodeName>
            <ccts:CodeDescription/>
          </xsd:documentation>
        </xsd:annotation>
      </xsd:enumeration>
      <xsd:enumeration value="B76">
        <xsd:annotation>
          <xsd:documentation>
            <ccts:CodeName>megaohm metre</ccts:CodeName>
            <ccts:CodeDescription/>
          </xsd:documentation>
        </xsd:annotation>
      </xsd:enumeration>
      <xsd:enumeration value="B77">
        <xsd:annotation>
          <xsd:documentation>
            <ccts:CodeName>megasiemens per metre</ccts:CodeName>
            <ccts:CodeDescription/>
          </xsd:documentation>
        </xsd:annotation>
      </xsd:enumeration>
      <xsd:enumeration value="B78">
        <xsd:annotation>
          <xsd:documentation>
            <ccts:CodeName>megavolt</ccts:CodeName>
            <ccts:CodeDescription/>
          </xsd:documentation>
        </xsd:annotation>
      </xsd:enumeration>
      <xsd:enumeration value="B79">
        <xsd:annotation>
          <xsd:documentation>
            <ccts:CodeName>megavolt per metre</ccts:CodeName>
            <ccts:CodeDescription/>
          </xsd:documentation>
        </xsd:annotation>
      </xsd:enumeration>
      <xsd:enumeration value="B8">
        <xsd:annotation>
          <xsd:documentation>
            <ccts:CodeName>joule per cubic metre</ccts:CodeName>
            <ccts:CodeDescription/>
          </xsd:documentation>
        </xsd:annotation>
      </xsd:enumeration>
      <xsd:enumeration value="B81">
        <xsd:annotation>
          <xsd:documentation>
            <ccts:CodeName>reciprocal metre squared reciprocal second</ccts:CodeName>
            <ccts:CodeDescription/>
          </xsd:documentation>
        </xsd:annotation>
      </xsd:enumeration>
      <xsd:enumeration value="B83">
        <xsd:annotation>
          <xsd:documentation>
            <ccts:CodeName>metre to the fourth power</ccts:CodeName>
            <ccts:CodeDescription/>
          </xsd:documentation>
        </xsd:annotation>
      </xsd:enumeration>
      <xsd:enumeration value="B84">
        <xsd:annotation>
          <xsd:documentation>
            <ccts:CodeName>microampere</ccts:CodeName>
            <ccts:CodeDescription/>
          </xsd:documentation>
        </xsd:annotation>
      </xsd:enumeration>
      <xsd:enumeration value="B85">
        <xsd:annotation>
          <xsd:documentation>
            <ccts:CodeName>microbar</ccts:CodeName>
            <ccts:CodeDescription/>
          </xsd:documentation>
        </xsd:annotation>
      </xsd:enumeration>
      <xsd:enumeration value="B86">
        <xsd:annotation>
          <xsd:documentation>
            <ccts:CodeName>microcoulomb</ccts:CodeName>
            <ccts:CodeDescription/>
          </xsd:documentation>
        </xsd:annotation>
      </xsd:enumeration>
      <xsd:enumeration value="B87">
        <xsd:annotation>
          <xsd:documentation>
            <ccts:CodeName>microcoulomb per cubic metre</ccts:CodeName>
            <ccts:CodeDescription/>
          </xsd:documentation>
        </xsd:annotation>
      </xsd:enumeration>
      <xsd:enumeration value="B88">
        <xsd:annotation>
          <xsd:documentation>
            <ccts:CodeName>microcoulomb per square metre</ccts:CodeName>
            <ccts:CodeDescription/>
          </xsd:documentation>
        </xsd:annotation>
      </xsd:enumeration>
      <xsd:enumeration value="B89">
        <xsd:annotation>
          <xsd:documentation>
            <ccts:CodeName>microfarad per metre</ccts:CodeName>
            <ccts:CodeDescription/>
          </xsd:documentation>
        </xsd:annotation>
      </xsd:enumeration>
      <xsd:enumeration value="B9">
        <xsd:annotation>
          <xsd:documentation>
            <ccts:CodeName>batt</ccts:CodeName>
            <ccts:CodeDescription/>
          </xsd:documentation>
        </xsd:annotation>
      </xsd:enumeration>
      <xsd:enumeration value="B90">
        <xsd:annotation>
          <xsd:documentation>
            <ccts:CodeName>microhenry</ccts:CodeName>
            <ccts:CodeDescription/>
          </xsd:documentation>
        </xsd:annotation>
      </xsd:enumeration>
      <xsd:enumeration value="B91">
        <xsd:annotation>
          <xsd:documentation>
            <ccts:CodeName>microhenry per metre</ccts:CodeName>
            <ccts:CodeDescription/>
          </xsd:documentation>
        </xsd:annotation>
      </xsd:enumeration>
      <xsd:enumeration value="B92">
        <xsd:annotation>
          <xsd:documentation>
            <ccts:CodeName>micronewton</ccts:CodeName>
            <ccts:CodeDescription/>
          </xsd:documentation>
        </xsd:annotation>
      </xsd:enumeration>
      <xsd:enumeration value="B93">
        <xsd:annotation>
          <xsd:documentation>
            <ccts:CodeName>micronewton metre</ccts:CodeName>
            <ccts:CodeDescription/>
          </xsd:documentation>
        </xsd:annotation>
      </xsd:enumeration>
      <xsd:enumeration value="B94">
        <xsd:annotation>
          <xsd:documentation>
            <ccts:CodeName>microohm</ccts:CodeName>
            <ccts:CodeDescription/>
          </xsd:documentation>
        </xsd:annotation>
      </xsd:enumeration>
      <xsd:enumeration value="B95">
        <xsd:annotation>
          <xsd:documentation>
            <ccts:CodeName>microohm metre</ccts:CodeName>
            <ccts:CodeDescription/>
          </xsd:documentation>
        </xsd:annotation>
      </xsd:enumeration>
      <xsd:enumeration value="B96">
        <xsd:annotation>
          <xsd:documentation>
            <ccts:CodeName>micropascal</ccts:CodeName>
            <ccts:CodeDescription/>
          </xsd:documentation>
        </xsd:annotation>
      </xsd:enumeration>
      <xsd:enumeration value="B97">
        <xsd:annotation>
          <xsd:documentation>
            <ccts:CodeName>microradian</ccts:CodeName>
            <ccts:CodeDescription/>
          </xsd:documentation>
        </xsd:annotation>
      </xsd:enumeration>
      <xsd:enumeration value="B98">
        <xsd:annotation>
          <xsd:documentation>
            <ccts:CodeName>microsecond</ccts:CodeName>
            <ccts:CodeDescription/>
          </xsd:documentation>
        </xsd:annotation>
      </xsd:enumeration>
      <xsd:enumeration value="B99">
        <xsd:annotation>
          <xsd:documentation>
            <ccts:CodeName>microsiemens</ccts:CodeName>
            <ccts:CodeDescription/>
          </xsd:documentation>
        </xsd:annotation>
      </xsd:enumeration>
      <xsd:enumeration value="BAR">
        <xsd:annotation>
          <xsd:documentation>
            <ccts:CodeName>bar</ccts:CodeName>
            <ccts:CodeDescription/>
          </xsd:documentation>
        </xsd:annotation>
      </xsd:enumeration>
      <xsd:enumeration value="BB">
        <xsd:annotation>
          <xsd:documentation>
            <ccts:CodeName>base box</ccts:CodeName>
            <ccts:CodeDescription/>
          </xsd:documentation>
        </xsd:annotation>
      </xsd:enumeration>
      <xsd:enumeration value="BD">
        <xsd:annotation>
          <xsd:documentation>
            <ccts:CodeName>board</ccts:CodeName>
            <ccts:CodeDescription/>
          </xsd:documentation>
        </xsd:annotation>
      </xsd:enumeration>
      <xsd:enumeration value="BE">
        <xsd:annotation>
          <xsd:documentation>
            <ccts:CodeName>bundle</ccts:CodeName>
            <ccts:CodeDescription/>
          </xsd:documentation>
        </xsd:annotation>
      </xsd:enumeration>
      <xsd:enumeration value="BFT">
        <xsd:annotation>
          <xsd:documentation>
            <ccts:CodeName>board foot</ccts:CodeName>
            <ccts:CodeDescription/>
          </xsd:documentation>
        </xsd:annotation>
      </xsd:enumeration>
      <xsd:enumeration value="BG">
        <xsd:annotation>
          <xsd:documentation>
            <ccts:CodeName>bag</ccts:CodeName>
            <ccts:CodeDescription/>
          </xsd:documentation>
        </xsd:annotation>
      </xsd:enumeration>
      <xsd:enumeration value="BH">
        <xsd:annotation>
          <xsd:documentation>
            <ccts:CodeName>brush</ccts:CodeName>
            <ccts:CodeDescription/>
          </xsd:documentation>
        </xsd:annotation>
      </xsd:enumeration>
      <xsd:enumeration value="BHP">
        <xsd:annotation>
          <xsd:documentation>
            <ccts:CodeName>brake horse power</ccts:CodeName>
            <ccts:CodeDescription/>
          </xsd:documentation>
        </xsd:annotation>
      </xsd:enumeration>
      <xsd:enumeration value="BIL">
        <xsd:annotation>
          <xsd:documentation>
            <ccts:CodeName>trillion (US)</ccts:CodeName>
            <ccts:CodeDescription>Remarks by GEFEG mbH:
Synonym  BIL = billion (EUR)</ccts:CodeDescription>
          </xsd:documentation>
        </xsd:annotation>
      </xsd:enumeration>
      <xsd:enumeration value="BJ">
        <xsd:annotation>
          <xsd:documentation>
            <ccts:CodeName>bucket</ccts:CodeName>
            <ccts:CodeDescription/>
          </xsd:documentation>
        </xsd:annotation>
      </xsd:enumeration>
      <xsd:enumeration value="BK">
        <xsd:annotation>
          <xsd:documentation>
            <ccts:CodeName>basket</ccts:CodeName>
            <ccts:CodeDescription/>
          </xsd:documentation>
        </xsd:annotation>
      </xsd:enumeration>
      <xsd:enumeration value="BL">
        <xsd:annotation>
          <xsd:documentation>
            <ccts:CodeName>bale</ccts:CodeName>
            <ccts:CodeDescription/>
          </xsd:documentation>
        </xsd:annotation>
      </xsd:enumeration>
      <xsd:enumeration value="BLD">
        <xsd:annotation>
          <xsd:documentation>
            <ccts:CodeName>dry barrel (US)</ccts:CodeName>
            <ccts:CodeDescription/>
          </xsd:documentation>
        </xsd:annotation>
      </xsd:enumeration>
      <xsd:enumeration value="BLL">
        <xsd:annotation>
          <xsd:documentation>
            <ccts:CodeName>barrel (US) (petroleum etc.)</ccts:CodeName>
            <ccts:CodeDescription/>
          </xsd:documentation>
        </xsd:annotation>
      </xsd:enumeration>
      <xsd:enumeration value="BO">
        <xsd:annotation>
          <xsd:documentation>
            <ccts:CodeName>bottle</ccts:CodeName>
            <ccts:CodeDescription/>
          </xsd:documentation>
        </xsd:annotation>
      </xsd:enumeration>
      <xsd:enumeration value="BP">
        <xsd:annotation>
          <xsd:documentation>
            <ccts:CodeName>hundred board feet</ccts:CodeName>
            <ccts:CodeDescription/>
          </xsd:documentation>
        </xsd:annotation>
      </xsd:enumeration>
      <xsd:enumeration value="BQL">
        <xsd:annotation>
          <xsd:documentation>
            <ccts:CodeName>becquerel</ccts:CodeName>
            <ccts:CodeDescription/>
          </xsd:documentation>
        </xsd:annotation>
      </xsd:enumeration>
      <xsd:enumeration value="BR">
        <xsd:annotation>
          <xsd:documentation>
            <ccts:CodeName>bar</ccts:CodeName>
            <ccts:CodeDescription/>
          </xsd:documentation>
        </xsd:annotation>
      </xsd:enumeration>
      <xsd:enumeration value="BT">
        <xsd:annotation>
          <xsd:documentation>
            <ccts:CodeName>bolt</ccts:CodeName>
            <ccts:CodeDescription/>
          </xsd:documentation>
        </xsd:annotation>
      </xsd:enumeration>
      <xsd:enumeration value="BTU">
        <xsd:annotation>
          <xsd:documentation>
            <ccts:CodeName>British thermal unit</ccts:CodeName>
            <ccts:CodeDescription/>
          </xsd:documentation>
        </xsd:annotation>
      </xsd:enumeration>
      <xsd:enumeration value="BUA">
        <xsd:annotation>
          <xsd:documentation>
            <ccts:CodeName>bushel  (US)</ccts:CodeName>
            <ccts:CodeDescription/>
          </xsd:documentation>
        </xsd:annotation>
      </xsd:enumeration>
      <xsd:enumeration value="BUI">
        <xsd:annotation>
          <xsd:documentation>
            <ccts:CodeName>bushel (UK)</ccts:CodeName>
            <ccts:CodeDescription/>
          </xsd:documentation>
        </xsd:annotation>
      </xsd:enumeration>
      <xsd:enumeration value="BW">
        <xsd:annotation>
          <xsd:documentation>
            <ccts:CodeName>base weight</ccts:CodeName>
            <ccts:CodeDescription/>
          </xsd:documentation>
        </xsd:annotation>
      </xsd:enumeration>
      <xsd:enumeration value="BX">
        <xsd:annotation>
          <xsd:documentation>
            <ccts:CodeName>box</ccts:CodeName>
            <ccts:CodeDescription/>
          </xsd:documentation>
        </xsd:annotation>
      </xsd:enumeration>
      <xsd:enumeration value="BZ">
        <xsd:annotation>
          <xsd:documentation>
            <ccts:CodeName>million BTUs</ccts:CodeName>
            <ccts:CodeDescription/>
          </xsd:documentation>
        </xsd:annotation>
      </xsd:enumeration>
      <xsd:enumeration value="C0">
        <xsd:annotation>
          <xsd:documentation>
            <ccts:CodeName>call</ccts:CodeName>
            <ccts:CodeDescription/>
          </xsd:documentation>
        </xsd:annotation>
      </xsd:enumeration>
      <xsd:enumeration value="C1">
        <xsd:annotation>
          <xsd:documentation>
            <ccts:CodeName>composite product pound (total weight)</ccts:CodeName>
            <ccts:CodeDescription/>
          </xsd:documentation>
        </xsd:annotation>
      </xsd:enumeration>
      <xsd:enumeration value="C10">
        <xsd:annotation>
          <xsd:documentation>
            <ccts:CodeName>millifarad</ccts:CodeName>
            <ccts:CodeDescription/>
          </xsd:documentation>
        </xsd:annotation>
      </xsd:enumeration>
      <xsd:enumeration value="C11">
        <xsd:annotation>
          <xsd:documentation>
            <ccts:CodeName>milligal</ccts:CodeName>
            <ccts:CodeDescription/>
          </xsd:documentation>
        </xsd:annotation>
      </xsd:enumeration>
      <xsd:enumeration value="C12">
        <xsd:annotation>
          <xsd:documentation>
            <ccts:CodeName>milligram per metre</ccts:CodeName>
            <ccts:CodeDescription/>
          </xsd:documentation>
        </xsd:annotation>
      </xsd:enumeration>
      <xsd:enumeration value="C13">
        <xsd:annotation>
          <xsd:documentation>
            <ccts:CodeName>milligray</ccts:CodeName>
            <ccts:CodeDescription/>
          </xsd:documentation>
        </xsd:annotation>
      </xsd:enumeration>
      <xsd:enumeration value="C14">
        <xsd:annotation>
          <xsd:documentation>
            <ccts:CodeName>millihenry</ccts:CodeName>
            <ccts:CodeDescription/>
          </xsd:documentation>
        </xsd:annotation>
      </xsd:enumeration>
      <xsd:enumeration value="C15">
        <xsd:annotation>
          <xsd:documentation>
            <ccts:CodeName>millijoule</ccts:CodeName>
            <ccts:CodeDescription/>
          </xsd:documentation>
        </xsd:annotation>
      </xsd:enumeration>
      <xsd:enumeration value="C16">
        <xsd:annotation>
          <xsd:documentation>
            <ccts:CodeName>millimetre per second</ccts:CodeName>
            <ccts:CodeDescription/>
          </xsd:documentation>
        </xsd:annotation>
      </xsd:enumeration>
      <xsd:enumeration value="C17">
        <xsd:annotation>
          <xsd:documentation>
            <ccts:CodeName>millimetre squared per second</ccts:CodeName>
            <ccts:CodeDescription/>
          </xsd:documentation>
        </xsd:annotation>
      </xsd:enumeration>
      <xsd:enumeration value="C18">
        <xsd:annotation>
          <xsd:documentation>
            <ccts:CodeName>millimole</ccts:CodeName>
            <ccts:CodeDescription/>
          </xsd:documentation>
        </xsd:annotation>
      </xsd:enumeration>
      <xsd:enumeration value="C19">
        <xsd:annotation>
          <xsd:documentation>
            <ccts:CodeName>mole per kilogram</ccts:CodeName>
            <ccts:CodeDescription/>
          </xsd:documentation>
        </xsd:annotation>
      </xsd:enumeration>
      <xsd:enumeration value="C2">
        <xsd:annotation>
          <xsd:documentation>
            <ccts:CodeName>carset</ccts:CodeName>
            <ccts:CodeDescription/>
          </xsd:documentation>
        </xsd:annotation>
      </xsd:enumeration>
      <xsd:enumeration value="C20">
        <xsd:annotation>
          <xsd:documentation>
            <ccts:CodeName>millinewton</ccts:CodeName>
            <ccts:CodeDescription/>
          </xsd:documentation>
        </xsd:annotation>
      </xsd:enumeration>
      <xsd:enumeration value="C22">
        <xsd:annotation>
          <xsd:documentation>
            <ccts:CodeName>millinewton per metre</ccts:CodeName>
            <ccts:CodeDescription/>
          </xsd:documentation>
        </xsd:annotation>
      </xsd:enumeration>
      <xsd:enumeration value="C23">
        <xsd:annotation>
          <xsd:documentation>
            <ccts:CodeName>milliohm metre</ccts:CodeName>
            <ccts:CodeDescription/>
          </xsd:documentation>
        </xsd:annotation>
      </xsd:enumeration>
      <xsd:enumeration value="C24">
        <xsd:annotation>
          <xsd:documentation>
            <ccts:CodeName>millipascal second</ccts:CodeName>
            <ccts:CodeDescription/>
          </xsd:documentation>
        </xsd:annotation>
      </xsd:enumeration>
      <xsd:enumeration value="C25">
        <xsd:annotation>
          <xsd:documentation>
            <ccts:CodeName>milliradian</ccts:CodeName>
            <ccts:CodeDescription/>
          </xsd:documentation>
        </xsd:annotation>
      </xsd:enumeration>
      <xsd:enumeration value="C26">
        <xsd:annotation>
          <xsd:documentation>
            <ccts:CodeName>millisecond</ccts:CodeName>
            <ccts:CodeDescription/>
          </xsd:documentation>
        </xsd:annotation>
      </xsd:enumeration>
      <xsd:enumeration value="C27">
        <xsd:annotation>
          <xsd:documentation>
            <ccts:CodeName>millisiemens</ccts:CodeName>
            <ccts:CodeDescription/>
          </xsd:documentation>
        </xsd:annotation>
      </xsd:enumeration>
      <xsd:enumeration value="C28">
        <xsd:annotation>
          <xsd:documentation>
            <ccts:CodeName>millisievert</ccts:CodeName>
            <ccts:CodeDescription/>
          </xsd:documentation>
        </xsd:annotation>
      </xsd:enumeration>
      <xsd:enumeration value="C29">
        <xsd:annotation>
          <xsd:documentation>
            <ccts:CodeName>millitesla</ccts:CodeName>
            <ccts:CodeDescription/>
          </xsd:documentation>
        </xsd:annotation>
      </xsd:enumeration>
      <xsd:enumeration value="C3">
        <xsd:annotation>
          <xsd:documentation>
            <ccts:CodeName>microvolt per metre</ccts:CodeName>
            <ccts:CodeDescription/>
          </xsd:documentation>
        </xsd:annotation>
      </xsd:enumeration>
      <xsd:enumeration value="C30">
        <xsd:annotation>
          <xsd:documentation>
            <ccts:CodeName>millivolt per metre</ccts:CodeName>
            <ccts:CodeDescription/>
          </xsd:documentation>
        </xsd:annotation>
      </xsd:enumeration>
      <xsd:enumeration value="C31">
        <xsd:annotation>
          <xsd:documentation>
            <ccts:CodeName>milliwatt</ccts:CodeName>
            <ccts:CodeDescription/>
          </xsd:documentation>
        </xsd:annotation>
      </xsd:enumeration>
      <xsd:enumeration value="C32">
        <xsd:annotation>
          <xsd:documentation>
            <ccts:CodeName>milliwatt per square metre</ccts:CodeName>
            <ccts:CodeDescription/>
          </xsd:documentation>
        </xsd:annotation>
      </xsd:enumeration>
      <xsd:enumeration value="C33">
        <xsd:annotation>
          <xsd:documentation>
            <ccts:CodeName>milliweber</ccts:CodeName>
            <ccts:CodeDescription/>
          </xsd:documentation>
        </xsd:annotation>
      </xsd:enumeration>
      <xsd:enumeration value="C34">
        <xsd:annotation>
          <xsd:documentation>
            <ccts:CodeName>mole</ccts:CodeName>
            <ccts:CodeDescription/>
          </xsd:documentation>
        </xsd:annotation>
      </xsd:enumeration>
      <xsd:enumeration value="C35">
        <xsd:annotation>
          <xsd:documentation>
            <ccts:CodeName>mole per cubic decimetre</ccts:CodeName>
            <ccts:CodeDescription/>
          </xsd:documentation>
        </xsd:annotation>
      </xsd:enumeration>
      <xsd:enumeration value="C36">
        <xsd:annotation>
          <xsd:documentation>
            <ccts:CodeName>mole per cubic metre</ccts:CodeName>
            <ccts:CodeDescription/>
          </xsd:documentation>
        </xsd:annotation>
      </xsd:enumeration>
      <xsd:enumeration value="C38">
        <xsd:annotation>
          <xsd:documentation>
            <ccts:CodeName>mole per litre</ccts:CodeName>
            <ccts:CodeDescription/>
          </xsd:documentation>
        </xsd:annotation>
      </xsd:enumeration>
      <xsd:enumeration value="C39">
        <xsd:annotation>
          <xsd:documentation>
            <ccts:CodeName>nanoampere</ccts:CodeName>
            <ccts:CodeDescription/>
          </xsd:documentation>
        </xsd:annotation>
      </xsd:enumeration>
      <xsd:enumeration value="C4">
        <xsd:annotation>
          <xsd:documentation>
            <ccts:CodeName>carload</ccts:CodeName>
            <ccts:CodeDescription/>
          </xsd:documentation>
        </xsd:annotation>
      </xsd:enumeration>
      <xsd:enumeration value="C40">
        <xsd:annotation>
          <xsd:documentation>
            <ccts:CodeName>nanocoulomb</ccts:CodeName>
            <ccts:CodeDescription/>
          </xsd:documentation>
        </xsd:annotation>
      </xsd:enumeration>
      <xsd:enumeration value="C41">
        <xsd:annotation>
          <xsd:documentation>
            <ccts:CodeName>nanofarad</ccts:CodeName>
            <ccts:CodeDescription/>
          </xsd:documentation>
        </xsd:annotation>
      </xsd:enumeration>
      <xsd:enumeration value="C42">
        <xsd:annotation>
          <xsd:documentation>
            <ccts:CodeName>nanofarad per metre</ccts:CodeName>
            <ccts:CodeDescription/>
          </xsd:documentation>
        </xsd:annotation>
      </xsd:enumeration>
      <xsd:enumeration value="C43">
        <xsd:annotation>
          <xsd:documentation>
            <ccts:CodeName>nanohenry</ccts:CodeName>
            <ccts:CodeDescription/>
          </xsd:documentation>
        </xsd:annotation>
      </xsd:enumeration>
      <xsd:enumeration value="C44">
        <xsd:annotation>
          <xsd:documentation>
            <ccts:CodeName>nanohenry per metre</ccts:CodeName>
            <ccts:CodeDescription/>
          </xsd:documentation>
        </xsd:annotation>
      </xsd:enumeration>
      <xsd:enumeration value="C45">
        <xsd:annotation>
          <xsd:documentation>
            <ccts:CodeName>nanometre</ccts:CodeName>
            <ccts:CodeDescription/>
          </xsd:documentation>
        </xsd:annotation>
      </xsd:enumeration>
      <xsd:enumeration value="C46">
        <xsd:annotation>
          <xsd:documentation>
            <ccts:CodeName>nanoohm metre</ccts:CodeName>
            <ccts:CodeDescription/>
          </xsd:documentation>
        </xsd:annotation>
      </xsd:enumeration>
      <xsd:enumeration value="C47">
        <xsd:annotation>
          <xsd:documentation>
            <ccts:CodeName>nanosecond</ccts:CodeName>
            <ccts:CodeDescription/>
          </xsd:documentation>
        </xsd:annotation>
      </xsd:enumeration>
      <xsd:enumeration value="C48">
        <xsd:annotation>
          <xsd:documentation>
            <ccts:CodeName>nanotesla</ccts:CodeName>
            <ccts:CodeDescription/>
          </xsd:documentation>
        </xsd:annotation>
      </xsd:enumeration>
      <xsd:enumeration value="C49">
        <xsd:annotation>
          <xsd:documentation>
            <ccts:CodeName>nanowatt</ccts:CodeName>
            <ccts:CodeDescription/>
          </xsd:documentation>
        </xsd:annotation>
      </xsd:enumeration>
      <xsd:enumeration value="C5">
        <xsd:annotation>
          <xsd:documentation>
            <ccts:CodeName>cost</ccts:CodeName>
            <ccts:CodeDescription/>
          </xsd:documentation>
        </xsd:annotation>
      </xsd:enumeration>
      <xsd:enumeration value="C50">
        <xsd:annotation>
          <xsd:documentation>
            <ccts:CodeName>neper</ccts:CodeName>
            <ccts:CodeDescription/>
          </xsd:documentation>
        </xsd:annotation>
      </xsd:enumeration>
      <xsd:enumeration value="C51">
        <xsd:annotation>
          <xsd:documentation>
            <ccts:CodeName>neper per second</ccts:CodeName>
            <ccts:CodeDescription/>
          </xsd:documentation>
        </xsd:annotation>
      </xsd:enumeration>
      <xsd:enumeration value="C52">
        <xsd:annotation>
          <xsd:documentation>
            <ccts:CodeName>picometre</ccts:CodeName>
            <ccts:CodeDescription/>
          </xsd:documentation>
        </xsd:annotation>
      </xsd:enumeration>
      <xsd:enumeration value="C53">
        <xsd:annotation>
          <xsd:documentation>
            <ccts:CodeName>newton metre second</ccts:CodeName>
            <ccts:CodeDescription/>
          </xsd:documentation>
        </xsd:annotation>
      </xsd:enumeration>
      <xsd:enumeration value="C54">
        <xsd:annotation>
          <xsd:documentation>
            <ccts:CodeName>newton metre squared  kilogram squared</ccts:CodeName>
            <ccts:CodeDescription/>
          </xsd:documentation>
        </xsd:annotation>
      </xsd:enumeration>
      <xsd:enumeration value="C55">
        <xsd:annotation>
          <xsd:documentation>
            <ccts:CodeName>newton per square metre</ccts:CodeName>
            <ccts:CodeDescription/>
          </xsd:documentation>
        </xsd:annotation>
      </xsd:enumeration>
      <xsd:enumeration value="C56">
        <xsd:annotation>
          <xsd:documentation>
            <ccts:CodeName>newton per square millimetre</ccts:CodeName>
            <ccts:CodeDescription/>
          </xsd:documentation>
        </xsd:annotation>
      </xsd:enumeration>
      <xsd:enumeration value="C57">
        <xsd:annotation>
          <xsd:documentation>
            <ccts:CodeName>newton second</ccts:CodeName>
            <ccts:CodeDescription/>
          </xsd:documentation>
        </xsd:annotation>
      </xsd:enumeration>
      <xsd:enumeration value="C58">
        <xsd:annotation>
          <xsd:documentation>
            <ccts:CodeName>newton second per metre</ccts:CodeName>
            <ccts:CodeDescription/>
          </xsd:documentation>
        </xsd:annotation>
      </xsd:enumeration>
      <xsd:enumeration value="C59">
        <xsd:annotation>
          <xsd:documentation>
            <ccts:CodeName>octave</ccts:CodeName>
            <ccts:CodeDescription/>
          </xsd:documentation>
        </xsd:annotation>
      </xsd:enumeration>
      <xsd:enumeration value="C6">
        <xsd:annotation>
          <xsd:documentation>
            <ccts:CodeName>cell</ccts:CodeName>
            <ccts:CodeDescription/>
          </xsd:documentation>
        </xsd:annotation>
      </xsd:enumeration>
      <xsd:enumeration value="C60">
        <xsd:annotation>
          <xsd:documentation>
            <ccts:CodeName>ohm centimetre</ccts:CodeName>
            <ccts:CodeDescription/>
          </xsd:documentation>
        </xsd:annotation>
      </xsd:enumeration>
      <xsd:enumeration value="C61">
        <xsd:annotation>
          <xsd:documentation>
            <ccts:CodeName>ohm metre</ccts:CodeName>
            <ccts:CodeDescription/>
          </xsd:documentation>
        </xsd:annotation>
      </xsd:enumeration>
      <xsd:enumeration value="C62">
        <xsd:annotation>
          <xsd:documentation>
            <ccts:CodeName>one</ccts:CodeName>
            <ccts:CodeDescription/>
          </xsd:documentation>
        </xsd:annotation>
      </xsd:enumeration>
      <xsd:enumeration value="C63">
        <xsd:annotation>
          <xsd:documentation>
            <ccts:CodeName>parsec</ccts:CodeName>
            <ccts:CodeDescription/>
          </xsd:documentation>
        </xsd:annotation>
      </xsd:enumeration>
      <xsd:enumeration value="C64">
        <xsd:annotation>
          <xsd:documentation>
            <ccts:CodeName>pascal per kelvin</ccts:CodeName>
            <ccts:CodeDescription/>
          </xsd:documentation>
        </xsd:annotation>
      </xsd:enumeration>
      <xsd:enumeration value="C65">
        <xsd:annotation>
          <xsd:documentation>
            <ccts:CodeName>pascal second</ccts:CodeName>
            <ccts:CodeDescription/>
          </xsd:documentation>
        </xsd:annotation>
      </xsd:enumeration>
      <xsd:enumeration value="C66">
        <xsd:annotation>
          <xsd:documentation>
            <ccts:CodeName>pascal second per cubic metre</ccts:CodeName>
            <ccts:CodeDescription/>
          </xsd:documentation>
        </xsd:annotation>
      </xsd:enumeration>
      <xsd:enumeration value="C67">
        <xsd:annotation>
          <xsd:documentation>
            <ccts:CodeName>pascal second per metre</ccts:CodeName>
            <ccts:CodeDescription/>
          </xsd:documentation>
        </xsd:annotation>
      </xsd:enumeration>
      <xsd:enumeration value="C68">
        <xsd:annotation>
          <xsd:documentation>
            <ccts:CodeName>petajoule</ccts:CodeName>
            <ccts:CodeDescription/>
          </xsd:documentation>
        </xsd:annotation>
      </xsd:enumeration>
      <xsd:enumeration value="C69">
        <xsd:annotation>
          <xsd:documentation>
            <ccts:CodeName>phon</ccts:CodeName>
            <ccts:CodeDescription/>
          </xsd:documentation>
        </xsd:annotation>
      </xsd:enumeration>
      <xsd:enumeration value="C7">
        <xsd:annotation>
          <xsd:documentation>
            <ccts:CodeName>centipoise</ccts:CodeName>
            <ccts:CodeDescription/>
          </xsd:documentation>
        </xsd:annotation>
      </xsd:enumeration>
      <xsd:enumeration value="C70">
        <xsd:annotation>
          <xsd:documentation>
            <ccts:CodeName>picoampere</ccts:CodeName>
            <ccts:CodeDescription/>
          </xsd:documentation>
        </xsd:annotation>
      </xsd:enumeration>
      <xsd:enumeration value="C71">
        <xsd:annotation>
          <xsd:documentation>
            <ccts:CodeName>picocoulomb</ccts:CodeName>
            <ccts:CodeDescription/>
          </xsd:documentation>
        </xsd:annotation>
      </xsd:enumeration>
      <xsd:enumeration value="C72">
        <xsd:annotation>
          <xsd:documentation>
            <ccts:CodeName>picofarad per metre</ccts:CodeName>
            <ccts:CodeDescription/>
          </xsd:documentation>
        </xsd:annotation>
      </xsd:enumeration>
      <xsd:enumeration value="C73">
        <xsd:annotation>
          <xsd:documentation>
            <ccts:CodeName>picohenry</ccts:CodeName>
            <ccts:CodeDescription/>
          </xsd:documentation>
        </xsd:annotation>
      </xsd:enumeration>
      <xsd:enumeration value="C75">
        <xsd:annotation>
          <xsd:documentation>
            <ccts:CodeName>picowatt</ccts:CodeName>
            <ccts:CodeDescription/>
          </xsd:documentation>
        </xsd:annotation>
      </xsd:enumeration>
      <xsd:enumeration value="C76">
        <xsd:annotation>
          <xsd:documentation>
            <ccts:CodeName>picowatt per square metre</ccts:CodeName>
            <ccts:CodeDescription/>
          </xsd:documentation>
        </xsd:annotation>
      </xsd:enumeration>
      <xsd:enumeration value="C77">
        <xsd:annotation>
          <xsd:documentation>
            <ccts:CodeName>pound gage</ccts:CodeName>
            <ccts:CodeDescription/>
          </xsd:documentation>
        </xsd:annotation>
      </xsd:enumeration>
      <xsd:enumeration value="C78">
        <xsd:annotation>
          <xsd:documentation>
            <ccts:CodeName>pound-force</ccts:CodeName>
            <ccts:CodeDescription/>
          </xsd:documentation>
        </xsd:annotation>
      </xsd:enumeration>
      <xsd:enumeration value="C8">
        <xsd:annotation>
          <xsd:documentation>
            <ccts:CodeName>millicoulomb per kilogram</ccts:CodeName>
            <ccts:CodeDescription/>
          </xsd:documentation>
        </xsd:annotation>
      </xsd:enumeration>
      <xsd:enumeration value="C80">
        <xsd:annotation>
          <xsd:documentation>
            <ccts:CodeName>rad</ccts:CodeName>
            <ccts:CodeDescription/>
          </xsd:documentation>
        </xsd:annotation>
      </xsd:enumeration>
      <xsd:enumeration value="C81">
        <xsd:annotation>
          <xsd:documentation>
            <ccts:CodeName>radian</ccts:CodeName>
            <ccts:CodeDescription/>
          </xsd:documentation>
        </xsd:annotation>
      </xsd:enumeration>
      <xsd:enumeration value="C82">
        <xsd:annotation>
          <xsd:documentation>
            <ccts:CodeName>radian meter squared per mole</ccts:CodeName>
            <ccts:CodeDescription/>
          </xsd:documentation>
        </xsd:annotation>
      </xsd:enumeration>
      <xsd:enumeration value="C83">
        <xsd:annotation>
          <xsd:documentation>
            <ccts:CodeName>radian metre squared per kilogram</ccts:CodeName>
            <ccts:CodeDescription/>
          </xsd:documentation>
        </xsd:annotation>
      </xsd:enumeration>
      <xsd:enumeration value="C84">
        <xsd:annotation>
          <xsd:documentation>
            <ccts:CodeName>radian per metre</ccts:CodeName>
            <ccts:CodeDescription/>
          </xsd:documentation>
        </xsd:annotation>
      </xsd:enumeration>
      <xsd:enumeration value="C85">
        <xsd:annotation>
          <xsd:documentation>
            <ccts:CodeName>reciprocal â€ ngstr"m</ccts:CodeName>
            <ccts:CodeDescription/>
          </xsd:documentation>
        </xsd:annotation>
      </xsd:enumeration>
      <xsd:enumeration value="C86">
        <xsd:annotation>
          <xsd:documentation>
            <ccts:CodeName>reciprocal cubic metre</ccts:CodeName>
            <ccts:CodeDescription/>
          </xsd:documentation>
        </xsd:annotation>
      </xsd:enumeration>
      <xsd:enumeration value="C87">
        <xsd:annotation>
          <xsd:documentation>
            <ccts:CodeName>reciprocal cubic metre per second</ccts:CodeName>
            <ccts:CodeDescription/>
          </xsd:documentation>
        </xsd:annotation>
      </xsd:enumeration>
      <xsd:enumeration value="C88">
        <xsd:annotation>
          <xsd:documentation>
            <ccts:CodeName>reciprocal electron volt per cubic metre</ccts:CodeName>
            <ccts:CodeDescription/>
          </xsd:documentation>
        </xsd:annotation>
      </xsd:enumeration>
      <xsd:enumeration value="C89">
        <xsd:annotation>
          <xsd:documentation>
            <ccts:CodeName>reciprocal henry</ccts:CodeName>
            <ccts:CodeDescription/>
          </xsd:documentation>
        </xsd:annotation>
      </xsd:enumeration>
      <xsd:enumeration value="C9">
        <xsd:annotation>
          <xsd:documentation>
            <ccts:CodeName>coil group</ccts:CodeName>
            <ccts:CodeDescription/>
          </xsd:documentation>
        </xsd:annotation>
      </xsd:enumeration>
      <xsd:enumeration value="C90">
        <xsd:annotation>
          <xsd:documentation>
            <ccts:CodeName>reciprocal joule per cubic metre</ccts:CodeName>
            <ccts:CodeDescription/>
          </xsd:documentation>
        </xsd:annotation>
      </xsd:enumeration>
      <xsd:enumeration value="C91">
        <xsd:annotation>
          <xsd:documentation>
            <ccts:CodeName>reciprocal kelvin or kelvin to the power minus one</ccts:CodeName>
            <ccts:CodeDescription/>
          </xsd:documentation>
        </xsd:annotation>
      </xsd:enumeration>
      <xsd:enumeration value="C92">
        <xsd:annotation>
          <xsd:documentation>
            <ccts:CodeName>reciprocal metre</ccts:CodeName>
            <ccts:CodeDescription/>
          </xsd:documentation>
        </xsd:annotation>
      </xsd:enumeration>
      <xsd:enumeration value="C93">
        <xsd:annotation>
          <xsd:documentation>
            <ccts:CodeName>reciprocal square metre</ccts:CodeName>
            <ccts:CodeDescription>Remarks by GEFEG mbH:
Synonym  C93 = reciprocal metre squared</ccts:CodeDescription>
          </xsd:documentation>
        </xsd:annotation>
      </xsd:enumeration>
      <xsd:enumeration value="C94">
        <xsd:annotation>
          <xsd:documentation>
            <ccts:CodeName>reciprocal minute</ccts:CodeName>
            <ccts:CodeDescription/>
          </xsd:documentation>
        </xsd:annotation>
      </xsd:enumeration>
      <xsd:enumeration value="C95">
        <xsd:annotation>
          <xsd:documentation>
            <ccts:CodeName>reciprocal mole</ccts:CodeName>
            <ccts:CodeDescription/>
          </xsd:documentation>
        </xsd:annotation>
      </xsd:enumeration>
      <xsd:enumeration value="C96">
        <xsd:annotation>
          <xsd:documentation>
            <ccts:CodeName>reciprocal pascal or pascal to the power minus one</ccts:CodeName>
            <ccts:CodeDescription/>
          </xsd:documentation>
        </xsd:annotation>
      </xsd:enumeration>
      <xsd:enumeration value="C97">
        <xsd:annotation>
          <xsd:documentation>
            <ccts:CodeName>reciprocal second</ccts:CodeName>
            <ccts:CodeDescription/>
          </xsd:documentation>
        </xsd:annotation>
      </xsd:enumeration>
      <xsd:enumeration value="C98">
        <xsd:annotation>
          <xsd:documentation>
            <ccts:CodeName>reciprocal second per cubic metre</ccts:CodeName>
            <ccts:CodeDescription/>
          </xsd:documentation>
        </xsd:annotation>
      </xsd:enumeration>
      <xsd:enumeration value="C99">
        <xsd:annotation>
          <xsd:documentation>
            <ccts:CodeName>reciprocal second per metre squared</ccts:CodeName>
            <ccts:CodeDescription/>
          </xsd:documentation>
        </xsd:annotation>
      </xsd:enumeration>
      <xsd:enumeration value="CA">
        <xsd:annotation>
          <xsd:documentation>
            <ccts:CodeName>can</ccts:CodeName>
            <ccts:CodeDescription/>
          </xsd:documentation>
        </xsd:annotation>
      </xsd:enumeration>
      <xsd:enumeration value="CCT">
        <xsd:annotation>
          <xsd:documentation>
            <ccts:CodeName>carrying capacity in metric ton</ccts:CodeName>
            <ccts:CodeDescription/>
          </xsd:documentation>
        </xsd:annotation>
      </xsd:enumeration>
      <xsd:enumeration value="CDL">
        <xsd:annotation>
          <xsd:documentation>
            <ccts:CodeName>candela</ccts:CodeName>
            <ccts:CodeDescription/>
          </xsd:documentation>
        </xsd:annotation>
      </xsd:enumeration>
      <xsd:enumeration value="CEL">
        <xsd:annotation>
          <xsd:documentation>
            <ccts:CodeName>degree Celsius</ccts:CodeName>
            <ccts:CodeDescription/>
          </xsd:documentation>
        </xsd:annotation>
      </xsd:enumeration>
      <xsd:enumeration value="CEN">
        <xsd:annotation>
          <xsd:documentation>
            <ccts:CodeName>hundred</ccts:CodeName>
            <ccts:CodeDescription/>
          </xsd:documentation>
        </xsd:annotation>
      </xsd:enumeration>
      <xsd:enumeration value="CG">
        <xsd:annotation>
          <xsd:documentation>
            <ccts:CodeName>card</ccts:CodeName>
            <ccts:CodeDescription/>
          </xsd:documentation>
        </xsd:annotation>
      </xsd:enumeration>
      <xsd:enumeration value="CGM">
        <xsd:annotation>
          <xsd:documentation>
            <ccts:CodeName>centigram</ccts:CodeName>
            <ccts:CodeDescription/>
          </xsd:documentation>
        </xsd:annotation>
      </xsd:enumeration>
      <xsd:enumeration value="CH">
        <xsd:annotation>
          <xsd:documentation>
            <ccts:CodeName>container</ccts:CodeName>
            <ccts:CodeDescription/>
          </xsd:documentation>
        </xsd:annotation>
      </xsd:enumeration>
      <xsd:enumeration value="CJ">
        <xsd:annotation>
          <xsd:documentation>
            <ccts:CodeName>cone</ccts:CodeName>
            <ccts:CodeDescription/>
          </xsd:documentation>
        </xsd:annotation>
      </xsd:enumeration>
      <xsd:enumeration value="CK">
        <xsd:annotation>
          <xsd:documentation>
            <ccts:CodeName>connector</ccts:CodeName>
            <ccts:CodeDescription/>
          </xsd:documentation>
        </xsd:annotation>
      </xsd:enumeration>
      <xsd:enumeration value="CKG">
        <xsd:annotation>
          <xsd:documentation>
            <ccts:CodeName>coulomb per kilogram</ccts:CodeName>
            <ccts:CodeDescription/>
          </xsd:documentation>
        </xsd:annotation>
      </xsd:enumeration>
      <xsd:enumeration value="CL">
        <xsd:annotation>
          <xsd:documentation>
            <ccts:CodeName>coil</ccts:CodeName>
            <ccts:CodeDescription/>
          </xsd:documentation>
        </xsd:annotation>
      </xsd:enumeration>
      <xsd:enumeration value="CLF">
        <xsd:annotation>
          <xsd:documentation>
            <ccts:CodeName>hundred leave</ccts:CodeName>
            <ccts:CodeDescription/>
          </xsd:documentation>
        </xsd:annotation>
      </xsd:enumeration>
      <xsd:enumeration value="CLT">
        <xsd:annotation>
          <xsd:documentation>
            <ccts:CodeName>centilitre</ccts:CodeName>
            <ccts:CodeDescription/>
          </xsd:documentation>
        </xsd:annotation>
      </xsd:enumeration>
      <xsd:enumeration value="CMK">
        <xsd:annotation>
          <xsd:documentation>
            <ccts:CodeName>square centimetre</ccts:CodeName>
            <ccts:CodeDescription/>
          </xsd:documentation>
        </xsd:annotation>
      </xsd:enumeration>
      <xsd:enumeration value="CMQ">
        <xsd:annotation>
          <xsd:documentation>
            <ccts:CodeName>cubic centimetre</ccts:CodeName>
            <ccts:CodeDescription/>
          </xsd:documentation>
        </xsd:annotation>
      </xsd:enumeration>
      <xsd:enumeration value="CMT">
        <xsd:annotation>
          <xsd:documentation>
            <ccts:CodeName>centimetre</ccts:CodeName>
            <ccts:CodeDescription/>
          </xsd:documentation>
        </xsd:annotation>
      </xsd:enumeration>
      <xsd:enumeration value="CNP">
        <xsd:annotation>
          <xsd:documentation>
            <ccts:CodeName>hundred pack</ccts:CodeName>
            <ccts:CodeDescription/>
          </xsd:documentation>
        </xsd:annotation>
      </xsd:enumeration>
      <xsd:enumeration value="CNT">
        <xsd:annotation>
          <xsd:documentation>
            <ccts:CodeName>cental (UK)</ccts:CodeName>
            <ccts:CodeDescription/>
          </xsd:documentation>
        </xsd:annotation>
      </xsd:enumeration>
      <xsd:enumeration value="CO">
        <xsd:annotation>
          <xsd:documentation>
            <ccts:CodeName>carboy</ccts:CodeName>
            <ccts:CodeDescription/>
          </xsd:documentation>
        </xsd:annotation>
      </xsd:enumeration>
      <xsd:enumeration value="COU">
        <xsd:annotation>
          <xsd:documentation>
            <ccts:CodeName>coulomb</ccts:CodeName>
            <ccts:CodeDescription/>
          </xsd:documentation>
        </xsd:annotation>
      </xsd:enumeration>
      <xsd:enumeration value="CQ">
        <xsd:annotation>
          <xsd:documentation>
            <ccts:CodeName>cartridge</ccts:CodeName>
            <ccts:CodeDescription/>
          </xsd:documentation>
        </xsd:annotation>
      </xsd:enumeration>
      <xsd:enumeration value="CR">
        <xsd:annotation>
          <xsd:documentation>
            <ccts:CodeName>crate</ccts:CodeName>
            <ccts:CodeDescription/>
          </xsd:documentation>
        </xsd:annotation>
      </xsd:enumeration>
      <xsd:enumeration value="CS">
        <xsd:annotation>
          <xsd:documentation>
            <ccts:CodeName>case</ccts:CodeName>
            <ccts:CodeDescription/>
          </xsd:documentation>
        </xsd:annotation>
      </xsd:enumeration>
      <xsd:enumeration value="CT">
        <xsd:annotation>
          <xsd:documentation>
            <ccts:CodeName>carton</ccts:CodeName>
            <ccts:CodeDescription/>
          </xsd:documentation>
        </xsd:annotation>
      </xsd:enumeration>
      <xsd:enumeration value="CTM">
        <xsd:annotation>
          <xsd:documentation>
            <ccts:CodeName>metric carat</ccts:CodeName>
            <ccts:CodeDescription/>
          </xsd:documentation>
        </xsd:annotation>
      </xsd:enumeration>
      <xsd:enumeration value="CU">
        <xsd:annotation>
          <xsd:documentation>
            <ccts:CodeName>cup</ccts:CodeName>
            <ccts:CodeDescription/>
          </xsd:documentation>
        </xsd:annotation>
      </xsd:enumeration>
      <xsd:enumeration value="CUR">
        <xsd:annotation>
          <xsd:documentation>
            <ccts:CodeName>curie</ccts:CodeName>
            <ccts:CodeDescription/>
          </xsd:documentation>
        </xsd:annotation>
      </xsd:enumeration>
      <xsd:enumeration value="CV">
        <xsd:annotation>
          <xsd:documentation>
            <ccts:CodeName>cover</ccts:CodeName>
            <ccts:CodeDescription/>
          </xsd:documentation>
        </xsd:annotation>
      </xsd:enumeration>
      <xsd:enumeration value="CWA">
        <xsd:annotation>
          <xsd:documentation>
            <ccts:CodeName>hundred pounds (cwt)/hundred weight (US)</ccts:CodeName>
            <ccts:CodeDescription/>
          </xsd:documentation>
        </xsd:annotation>
      </xsd:enumeration>
      <xsd:enumeration value="CWI">
        <xsd:annotation>
          <xsd:documentation>
            <ccts:CodeName>hundred weight (UK)</ccts:CodeName>
            <ccts:CodeDescription/>
          </xsd:documentation>
        </xsd:annotation>
      </xsd:enumeration>
      <xsd:enumeration value="CY">
        <xsd:annotation>
          <xsd:documentation>
            <ccts:CodeName>cylinder</ccts:CodeName>
            <ccts:CodeDescription/>
          </xsd:documentation>
        </xsd:annotation>
      </xsd:enumeration>
      <xsd:enumeration value="CZ">
        <xsd:annotation>
          <xsd:documentation>
            <ccts:CodeName>combo</ccts:CodeName>
            <ccts:CodeDescription/>
          </xsd:documentation>
        </xsd:annotation>
      </xsd:enumeration>
      <xsd:enumeration value="D1">
        <xsd:annotation>
          <xsd:documentation>
            <ccts:CodeName>reciprocal second per steradian</ccts:CodeName>
            <ccts:CodeDescription/>
          </xsd:documentation>
        </xsd:annotation>
      </xsd:enumeration>
      <xsd:enumeration value="D10">
        <xsd:annotation>
          <xsd:documentation>
            <ccts:CodeName>siemens per metre</ccts:CodeName>
            <ccts:CodeDescription/>
          </xsd:documentation>
        </xsd:annotation>
      </xsd:enumeration>
      <xsd:enumeration value="D12">
        <xsd:annotation>
          <xsd:documentation>
            <ccts:CodeName>siemens square metre per mole</ccts:CodeName>
            <ccts:CodeDescription/>
          </xsd:documentation>
        </xsd:annotation>
      </xsd:enumeration>
      <xsd:enumeration value="D13">
        <xsd:annotation>
          <xsd:documentation>
            <ccts:CodeName>sievert</ccts:CodeName>
            <ccts:CodeDescription/>
          </xsd:documentation>
        </xsd:annotation>
      </xsd:enumeration>
      <xsd:enumeration value="D14">
        <xsd:annotation>
          <xsd:documentation>
            <ccts:CodeName>thousand linear yard</ccts:CodeName>
            <ccts:CodeDescription/>
          </xsd:documentation>
        </xsd:annotation>
      </xsd:enumeration>
      <xsd:enumeration value="D15">
        <xsd:annotation>
          <xsd:documentation>
            <ccts:CodeName>sone</ccts:CodeName>
            <ccts:CodeDescription/>
          </xsd:documentation>
        </xsd:annotation>
      </xsd:enumeration>
      <xsd:enumeration value="D16">
        <xsd:annotation>
          <xsd:documentation>
            <ccts:CodeName>square centimetre per erg</ccts:CodeName>
            <ccts:CodeDescription/>
          </xsd:documentation>
        </xsd:annotation>
      </xsd:enumeration>
      <xsd:enumeration value="D17">
        <xsd:annotation>
          <xsd:documentation>
            <ccts:CodeName>square centimetre per steradian erg</ccts:CodeName>
            <ccts:CodeDescription/>
          </xsd:documentation>
        </xsd:annotation>
      </xsd:enumeration>
      <xsd:enumeration value="D18">
        <xsd:annotation>
          <xsd:documentation>
            <ccts:CodeName>metre kelvin</ccts:CodeName>
            <ccts:CodeDescription/>
          </xsd:documentation>
        </xsd:annotation>
      </xsd:enumeration>
      <xsd:enumeration value="D19">
        <xsd:annotation>
          <xsd:documentation>
            <ccts:CodeName>square metre kelvin per watt</ccts:CodeName>
            <ccts:CodeDescription/>
          </xsd:documentation>
        </xsd:annotation>
      </xsd:enumeration>
      <xsd:enumeration value="D2">
        <xsd:annotation>
          <xsd:documentation>
            <ccts:CodeName>reciprocal second per steradian metre squared</ccts:CodeName>
            <ccts:CodeDescription/>
          </xsd:documentation>
        </xsd:annotation>
      </xsd:enumeration>
      <xsd:enumeration value="D20">
        <xsd:annotation>
          <xsd:documentation>
            <ccts:CodeName>square metre per joule</ccts:CodeName>
            <ccts:CodeDescription/>
          </xsd:documentation>
        </xsd:annotation>
      </xsd:enumeration>
      <xsd:enumeration value="D21">
        <xsd:annotation>
          <xsd:documentation>
            <ccts:CodeName>square metre per kilogram</ccts:CodeName>
            <ccts:CodeDescription/>
          </xsd:documentation>
        </xsd:annotation>
      </xsd:enumeration>
      <xsd:enumeration value="D22">
        <xsd:annotation>
          <xsd:documentation>
            <ccts:CodeName>square metre per mole</ccts:CodeName>
            <ccts:CodeDescription/>
          </xsd:documentation>
        </xsd:annotation>
      </xsd:enumeration>
      <xsd:enumeration value="D23">
        <xsd:annotation>
          <xsd:documentation>
            <ccts:CodeName>pen gram (protein)</ccts:CodeName>
            <ccts:CodeDescription/>
          </xsd:documentation>
        </xsd:annotation>
      </xsd:enumeration>
      <xsd:enumeration value="D24">
        <xsd:annotation>
          <xsd:documentation>
            <ccts:CodeName>square metre per steradian</ccts:CodeName>
            <ccts:CodeDescription/>
          </xsd:documentation>
        </xsd:annotation>
      </xsd:enumeration>
      <xsd:enumeration value="D25">
        <xsd:annotation>
          <xsd:documentation>
            <ccts:CodeName>square metre per steradian joule</ccts:CodeName>
            <ccts:CodeDescription/>
          </xsd:documentation>
        </xsd:annotation>
      </xsd:enumeration>
      <xsd:enumeration value="D26">
        <xsd:annotation>
          <xsd:documentation>
            <ccts:CodeName>square metre per volt second</ccts:CodeName>
            <ccts:CodeDescription/>
          </xsd:documentation>
        </xsd:annotation>
      </xsd:enumeration>
      <xsd:enumeration value="D27">
        <xsd:annotation>
          <xsd:documentation>
            <ccts:CodeName>steradian</ccts:CodeName>
            <ccts:CodeDescription/>
          </xsd:documentation>
        </xsd:annotation>
      </xsd:enumeration>
      <xsd:enumeration value="D28">
        <xsd:annotation>
          <xsd:documentation>
            <ccts:CodeName>syphon</ccts:CodeName>
            <ccts:CodeDescription/>
          </xsd:documentation>
        </xsd:annotation>
      </xsd:enumeration>
      <xsd:enumeration value="D29">
        <xsd:annotation>
          <xsd:documentation>
            <ccts:CodeName>terahertz</ccts:CodeName>
            <ccts:CodeDescription/>
          </xsd:documentation>
        </xsd:annotation>
      </xsd:enumeration>
      <xsd:enumeration value="D30">
        <xsd:annotation>
          <xsd:documentation>
            <ccts:CodeName>terajoule</ccts:CodeName>
            <ccts:CodeDescription/>
          </xsd:documentation>
        </xsd:annotation>
      </xsd:enumeration>
      <xsd:enumeration value="D31">
        <xsd:annotation>
          <xsd:documentation>
            <ccts:CodeName>terawatt</ccts:CodeName>
            <ccts:CodeDescription/>
          </xsd:documentation>
        </xsd:annotation>
      </xsd:enumeration>
      <xsd:enumeration value="D32">
        <xsd:annotation>
          <xsd:documentation>
            <ccts:CodeName>terawatt hour</ccts:CodeName>
            <ccts:CodeDescription/>
          </xsd:documentation>
        </xsd:annotation>
      </xsd:enumeration>
      <xsd:enumeration value="D33">
        <xsd:annotation>
          <xsd:documentation>
            <ccts:CodeName>tesla</ccts:CodeName>
            <ccts:CodeDescription/>
          </xsd:documentation>
        </xsd:annotation>
      </xsd:enumeration>
      <xsd:enumeration value="D34">
        <xsd:annotation>
          <xsd:documentation>
            <ccts:CodeName>tex</ccts:CodeName>
            <ccts:CodeDescription/>
          </xsd:documentation>
        </xsd:annotation>
      </xsd:enumeration>
      <xsd:enumeration value="D35">
        <xsd:annotation>
          <xsd:documentation>
            <ccts:CodeName>thermochemical calorie</ccts:CodeName>
            <ccts:CodeDescription/>
          </xsd:documentation>
        </xsd:annotation>
      </xsd:enumeration>
      <xsd:enumeration value="D37">
        <xsd:annotation>
          <xsd:documentation>
            <ccts:CodeName>thermochemical calorie per gram kelvin</ccts:CodeName>
            <ccts:CodeDescription/>
          </xsd:documentation>
        </xsd:annotation>
      </xsd:enumeration>
      <xsd:enumeration value="D38">
        <xsd:annotation>
          <xsd:documentation>
            <ccts:CodeName>thermochemical calorie per second centimetre kelvin</ccts:CodeName>
            <ccts:CodeDescription/>
          </xsd:documentation>
        </xsd:annotation>
      </xsd:enumeration>
      <xsd:enumeration value="D39">
        <xsd:annotation>
          <xsd:documentation>
            <ccts:CodeName>thermochemical calorie per second square centimetre kelvin</ccts:CodeName>
            <ccts:CodeDescription/>
          </xsd:documentation>
        </xsd:annotation>
      </xsd:enumeration>
      <xsd:enumeration value="D40">
        <xsd:annotation>
          <xsd:documentation>
            <ccts:CodeName>thousand litre</ccts:CodeName>
            <ccts:CodeDescription/>
          </xsd:documentation>
        </xsd:annotation>
      </xsd:enumeration>
      <xsd:enumeration value="D41">
        <xsd:annotation>
          <xsd:documentation>
            <ccts:CodeName>tonne per cubic metre</ccts:CodeName>
            <ccts:CodeDescription/>
          </xsd:documentation>
        </xsd:annotation>
      </xsd:enumeration>
      <xsd:enumeration value="D42">
        <xsd:annotation>
          <xsd:documentation>
            <ccts:CodeName>tropical year</ccts:CodeName>
            <ccts:CodeDescription/>
          </xsd:documentation>
        </xsd:annotation>
      </xsd:enumeration>
      <xsd:enumeration value="D43">
        <xsd:annotation>
          <xsd:documentation>
            <ccts:CodeName>unified atomic mass unit</ccts:CodeName>
            <ccts:CodeDescription/>
          </xsd:documentation>
        </xsd:annotation>
      </xsd:enumeration>
      <xsd:enumeration value="D44">
        <xsd:annotation>
          <xsd:documentation>
            <ccts:CodeName>var</ccts:CodeName>
            <ccts:CodeDescription/>
          </xsd:documentation>
        </xsd:annotation>
      </xsd:enumeration>
      <xsd:enumeration value="D45">
        <xsd:annotation>
          <xsd:documentation>
            <ccts:CodeName>volt  squared per kelvin squared</ccts:CodeName>
            <ccts:CodeDescription/>
          </xsd:documentation>
        </xsd:annotation>
      </xsd:enumeration>
      <xsd:enumeration value="D46">
        <xsd:annotation>
          <xsd:documentation>
            <ccts:CodeName>volt - ampere</ccts:CodeName>
            <ccts:CodeDescription/>
          </xsd:documentation>
        </xsd:annotation>
      </xsd:enumeration>
      <xsd:enumeration value="D47">
        <xsd:annotation>
          <xsd:documentation>
            <ccts:CodeName>volt per centimetre</ccts:CodeName>
            <ccts:CodeDescription/>
          </xsd:documentation>
        </xsd:annotation>
      </xsd:enumeration>
      <xsd:enumeration value="D48">
        <xsd:annotation>
          <xsd:documentation>
            <ccts:CodeName>volt per kelvin</ccts:CodeName>
            <ccts:CodeDescription/>
          </xsd:documentation>
        </xsd:annotation>
      </xsd:enumeration>
      <xsd:enumeration value="D49">
        <xsd:annotation>
          <xsd:documentation>
            <ccts:CodeName>millivolt per kelvin</ccts:CodeName>
            <ccts:CodeDescription/>
          </xsd:documentation>
        </xsd:annotation>
      </xsd:enumeration>
      <xsd:enumeration value="D5">
        <xsd:annotation>
          <xsd:documentation>
            <ccts:CodeName>kilogram per square centimeter</ccts:CodeName>
            <ccts:CodeDescription/>
          </xsd:documentation>
        </xsd:annotation>
      </xsd:enumeration>
      <xsd:enumeration value="D50">
        <xsd:annotation>
          <xsd:documentation>
            <ccts:CodeName>volt per metre</ccts:CodeName>
            <ccts:CodeDescription/>
          </xsd:documentation>
        </xsd:annotation>
      </xsd:enumeration>
      <xsd:enumeration value="D51">
        <xsd:annotation>
          <xsd:documentation>
            <ccts:CodeName>volt per millimetre</ccts:CodeName>
            <ccts:CodeDescription/>
          </xsd:documentation>
        </xsd:annotation>
      </xsd:enumeration>
      <xsd:enumeration value="D52">
        <xsd:annotation>
          <xsd:documentation>
            <ccts:CodeName>watt per kelvin</ccts:CodeName>
            <ccts:CodeDescription/>
          </xsd:documentation>
        </xsd:annotation>
      </xsd:enumeration>
      <xsd:enumeration value="D53">
        <xsd:annotation>
          <xsd:documentation>
            <ccts:CodeName>watt per metre kelvin</ccts:CodeName>
            <ccts:CodeDescription/>
          </xsd:documentation>
        </xsd:annotation>
      </xsd:enumeration>
      <xsd:enumeration value="D54">
        <xsd:annotation>
          <xsd:documentation>
            <ccts:CodeName>watt per square metre</ccts:CodeName>
            <ccts:CodeDescription/>
          </xsd:documentation>
        </xsd:annotation>
      </xsd:enumeration>
      <xsd:enumeration value="D55">
        <xsd:annotation>
          <xsd:documentation>
            <ccts:CodeName>watt per square metre kelvin</ccts:CodeName>
            <ccts:CodeDescription/>
          </xsd:documentation>
        </xsd:annotation>
      </xsd:enumeration>
      <xsd:enumeration value="D56">
        <xsd:annotation>
          <xsd:documentation>
            <ccts:CodeName>watt per square metre kelvin to the fourth power</ccts:CodeName>
            <ccts:CodeDescription/>
          </xsd:documentation>
        </xsd:annotation>
      </xsd:enumeration>
      <xsd:enumeration value="D57">
        <xsd:annotation>
          <xsd:documentation>
            <ccts:CodeName>watt per steradian</ccts:CodeName>
            <ccts:CodeDescription/>
          </xsd:documentation>
        </xsd:annotation>
      </xsd:enumeration>
      <xsd:enumeration value="D58">
        <xsd:annotation>
          <xsd:documentation>
            <ccts:CodeName>watt per steradian square metre</ccts:CodeName>
            <ccts:CodeDescription/>
          </xsd:documentation>
        </xsd:annotation>
      </xsd:enumeration>
      <xsd:enumeration value="D59">
        <xsd:annotation>
          <xsd:documentation>
            <ccts:CodeName>weber per metre</ccts:CodeName>
            <ccts:CodeDescription/>
          </xsd:documentation>
        </xsd:annotation>
      </xsd:enumeration>
      <xsd:enumeration value="D6">
        <xsd:annotation>
          <xsd:documentation>
            <ccts:CodeName>rÃ¶ntgen per second</ccts:CodeName>
            <ccts:CodeDescription/>
          </xsd:documentation>
        </xsd:annotation>
      </xsd:enumeration>
      <xsd:enumeration value="D60">
        <xsd:annotation>
          <xsd:documentation>
            <ccts:CodeName>weber per millimetre</ccts:CodeName>
            <ccts:CodeDescription/>
          </xsd:documentation>
        </xsd:annotation>
      </xsd:enumeration>
      <xsd:enumeration value="D61">
        <xsd:annotation>
          <xsd:documentation>
            <ccts:CodeName>minute</ccts:CodeName>
            <ccts:CodeDescription/>
          </xsd:documentation>
        </xsd:annotation>
      </xsd:enumeration>
      <xsd:enumeration value="D62">
        <xsd:annotation>
          <xsd:documentation>
            <ccts:CodeName>second</ccts:CodeName>
            <ccts:CodeDescription/>
          </xsd:documentation>
        </xsd:annotation>
      </xsd:enumeration>
      <xsd:enumeration value="D63">
        <xsd:annotation>
          <xsd:documentation>
            <ccts:CodeName>book</ccts:CodeName>
            <ccts:CodeDescription/>
          </xsd:documentation>
        </xsd:annotation>
      </xsd:enumeration>
      <xsd:enumeration value="D64">
        <xsd:annotation>
          <xsd:documentation>
            <ccts:CodeName>block</ccts:CodeName>
            <ccts:CodeDescription/>
          </xsd:documentation>
        </xsd:annotation>
      </xsd:enumeration>
      <xsd:enumeration value="D65">
        <xsd:annotation>
          <xsd:documentation>
            <ccts:CodeName>round</ccts:CodeName>
            <ccts:CodeDescription/>
          </xsd:documentation>
        </xsd:annotation>
      </xsd:enumeration>
      <xsd:enumeration value="D66">
        <xsd:annotation>
          <xsd:documentation>
            <ccts:CodeName>cassette</ccts:CodeName>
            <ccts:CodeDescription/>
          </xsd:documentation>
        </xsd:annotation>
      </xsd:enumeration>
      <xsd:enumeration value="D67">
        <xsd:annotation>
          <xsd:documentation>
            <ccts:CodeName>dollar per hour</ccts:CodeName>
            <ccts:CodeDescription/>
          </xsd:documentation>
        </xsd:annotation>
      </xsd:enumeration>
      <xsd:enumeration value="D69">
        <xsd:annotation>
          <xsd:documentation>
            <ccts:CodeName>inch to the fourth power</ccts:CodeName>
            <ccts:CodeDescription/>
          </xsd:documentation>
        </xsd:annotation>
      </xsd:enumeration>
      <xsd:enumeration value="D7">
        <xsd:annotation>
          <xsd:documentation>
            <ccts:CodeName>sandwich</ccts:CodeName>
            <ccts:CodeDescription/>
          </xsd:documentation>
        </xsd:annotation>
      </xsd:enumeration>
      <xsd:enumeration value="D70">
        <xsd:annotation>
          <xsd:documentation>
            <ccts:CodeName>International Table (IT) calorie</ccts:CodeName>
            <ccts:CodeDescription/>
          </xsd:documentation>
        </xsd:annotation>
      </xsd:enumeration>
      <xsd:enumeration value="D71">
        <xsd:annotation>
          <xsd:documentation>
            <ccts:CodeName>International Table (IT) calorie per second centimetre kelvin</ccts:CodeName>
            <ccts:CodeDescription/>
          </xsd:documentation>
        </xsd:annotation>
      </xsd:enumeration>
      <xsd:enumeration value="D72">
        <xsd:annotation>
          <xsd:documentation>
            <ccts:CodeName>International Table (IT) calorie per second square centimetre kelvin</ccts:CodeName>
            <ccts:CodeDescription/>
          </xsd:documentation>
        </xsd:annotation>
      </xsd:enumeration>
      <xsd:enumeration value="D73">
        <xsd:annotation>
          <xsd:documentation>
            <ccts:CodeName>joule square metre</ccts:CodeName>
            <ccts:CodeDescription/>
          </xsd:documentation>
        </xsd:annotation>
      </xsd:enumeration>
      <xsd:enumeration value="D74">
        <xsd:annotation>
          <xsd:documentation>
            <ccts:CodeName>kilogram per mole</ccts:CodeName>
            <ccts:CodeDescription/>
          </xsd:documentation>
        </xsd:annotation>
      </xsd:enumeration>
      <xsd:enumeration value="D75">
        <xsd:annotation>
          <xsd:documentation>
            <ccts:CodeName>International Table (IT) calorie per gram</ccts:CodeName>
            <ccts:CodeDescription/>
          </xsd:documentation>
        </xsd:annotation>
      </xsd:enumeration>
      <xsd:enumeration value="D76">
        <xsd:annotation>
          <xsd:documentation>
            <ccts:CodeName>International Table (IT) calorie per gram kelvin</ccts:CodeName>
            <ccts:CodeDescription/>
          </xsd:documentation>
        </xsd:annotation>
      </xsd:enumeration>
      <xsd:enumeration value="D77">
        <xsd:annotation>
          <xsd:documentation>
            <ccts:CodeName>megacoulomb</ccts:CodeName>
            <ccts:CodeDescription/>
          </xsd:documentation>
        </xsd:annotation>
      </xsd:enumeration>
      <xsd:enumeration value="D79">
        <xsd:annotation>
          <xsd:documentation>
            <ccts:CodeName>beam</ccts:CodeName>
            <ccts:CodeDescription/>
          </xsd:documentation>
        </xsd:annotation>
      </xsd:enumeration>
      <xsd:enumeration value="D8">
        <xsd:annotation>
          <xsd:documentation>
            <ccts:CodeName>draize score</ccts:CodeName>
            <ccts:CodeDescription/>
          </xsd:documentation>
        </xsd:annotation>
      </xsd:enumeration>
      <xsd:enumeration value="D80">
        <xsd:annotation>
          <xsd:documentation>
            <ccts:CodeName>microwatt</ccts:CodeName>
            <ccts:CodeDescription/>
          </xsd:documentation>
        </xsd:annotation>
      </xsd:enumeration>
      <xsd:enumeration value="D81">
        <xsd:annotation>
          <xsd:documentation>
            <ccts:CodeName>microtesla</ccts:CodeName>
            <ccts:CodeDescription/>
          </xsd:documentation>
        </xsd:annotation>
      </xsd:enumeration>
      <xsd:enumeration value="D82">
        <xsd:annotation>
          <xsd:documentation>
            <ccts:CodeName>microvolt</ccts:CodeName>
            <ccts:CodeDescription/>
          </xsd:documentation>
        </xsd:annotation>
      </xsd:enumeration>
      <xsd:enumeration value="D83">
        <xsd:annotation>
          <xsd:documentation>
            <ccts:CodeName>millinewton metre</ccts:CodeName>
            <ccts:CodeDescription/>
          </xsd:documentation>
        </xsd:annotation>
      </xsd:enumeration>
      <xsd:enumeration value="D85">
        <xsd:annotation>
          <xsd:documentation>
            <ccts:CodeName>microwatt per square metre</ccts:CodeName>
            <ccts:CodeDescription/>
          </xsd:documentation>
        </xsd:annotation>
      </xsd:enumeration>
      <xsd:enumeration value="D86">
        <xsd:annotation>
          <xsd:documentation>
            <ccts:CodeName>millicoulomb</ccts:CodeName>
            <ccts:CodeDescription/>
          </xsd:documentation>
        </xsd:annotation>
      </xsd:enumeration>
      <xsd:enumeration value="D87">
        <xsd:annotation>
          <xsd:documentation>
            <ccts:CodeName>millimole per kilogram</ccts:CodeName>
            <ccts:CodeDescription/>
          </xsd:documentation>
        </xsd:annotation>
      </xsd:enumeration>
      <xsd:enumeration value="D88">
        <xsd:annotation>
          <xsd:documentation>
            <ccts:CodeName>millicoulomb per cubic metre</ccts:CodeName>
            <ccts:CodeDescription/>
          </xsd:documentation>
        </xsd:annotation>
      </xsd:enumeration>
      <xsd:enumeration value="D89">
        <xsd:annotation>
          <xsd:documentation>
            <ccts:CodeName>millicoulomb per square metre</ccts:CodeName>
            <ccts:CodeDescription/>
          </xsd:documentation>
        </xsd:annotation>
      </xsd:enumeration>
      <xsd:enumeration value="D9">
        <xsd:annotation>
          <xsd:documentation>
            <ccts:CodeName>dyne per square centimeter</ccts:CodeName>
            <ccts:CodeDescription/>
          </xsd:documentation>
        </xsd:annotation>
      </xsd:enumeration>
      <xsd:enumeration value="D90">
        <xsd:annotation>
          <xsd:documentation>
            <ccts:CodeName>cubic metre (net)</ccts:CodeName>
            <ccts:CodeDescription/>
          </xsd:documentation>
        </xsd:annotation>
      </xsd:enumeration>
      <xsd:enumeration value="D91">
        <xsd:annotation>
          <xsd:documentation>
            <ccts:CodeName>rem</ccts:CodeName>
            <ccts:CodeDescription/>
          </xsd:documentation>
        </xsd:annotation>
      </xsd:enumeration>
      <xsd:enumeration value="D92">
        <xsd:annotation>
          <xsd:documentation>
            <ccts:CodeName>band</ccts:CodeName>
            <ccts:CodeDescription/>
          </xsd:documentation>
        </xsd:annotation>
      </xsd:enumeration>
      <xsd:enumeration value="D93">
        <xsd:annotation>
          <xsd:documentation>
            <ccts:CodeName>second per cubic metre</ccts:CodeName>
            <ccts:CodeDescription/>
          </xsd:documentation>
        </xsd:annotation>
      </xsd:enumeration>
      <xsd:enumeration value="D94">
        <xsd:annotation>
          <xsd:documentation>
            <ccts:CodeName>second per radian cubic metre</ccts:CodeName>
            <ccts:CodeDescription/>
          </xsd:documentation>
        </xsd:annotation>
      </xsd:enumeration>
      <xsd:enumeration value="D95">
        <xsd:annotation>
          <xsd:documentation>
            <ccts:CodeName>joule per gram</ccts:CodeName>
            <ccts:CodeDescription/>
          </xsd:documentation>
        </xsd:annotation>
      </xsd:enumeration>
      <xsd:enumeration value="D96">
        <xsd:annotation>
          <xsd:documentation>
            <ccts:CodeName>pound gross</ccts:CodeName>
            <ccts:CodeDescription/>
          </xsd:documentation>
        </xsd:annotation>
      </xsd:enumeration>
      <xsd:enumeration value="D97">
        <xsd:annotation>
          <xsd:documentation>
            <ccts:CodeName>pallet/unit load</ccts:CodeName>
            <ccts:CodeDescription/>
          </xsd:documentation>
        </xsd:annotation>
      </xsd:enumeration>
      <xsd:enumeration value="D98">
        <xsd:annotation>
          <xsd:documentation>
            <ccts:CodeName>mass pound</ccts:CodeName>
            <ccts:CodeDescription/>
          </xsd:documentation>
        </xsd:annotation>
      </xsd:enumeration>
      <xsd:enumeration value="D99">
        <xsd:annotation>
          <xsd:documentation>
            <ccts:CodeName>sleeve</ccts:CodeName>
            <ccts:CodeDescription/>
          </xsd:documentation>
        </xsd:annotation>
      </xsd:enumeration>
      <xsd:enumeration value="DAA">
        <xsd:annotation>
          <xsd:documentation>
            <ccts:CodeName>decare</ccts:CodeName>
            <ccts:CodeDescription/>
          </xsd:documentation>
        </xsd:annotation>
      </xsd:enumeration>
      <xsd:enumeration value="DAD">
        <xsd:annotation>
          <xsd:documentation>
            <ccts:CodeName>ten day</ccts:CodeName>
            <ccts:CodeDescription/>
          </xsd:documentation>
        </xsd:annotation>
      </xsd:enumeration>
      <xsd:enumeration value="DAY">
        <xsd:annotation>
          <xsd:documentation>
            <ccts:CodeName>day</ccts:CodeName>
            <ccts:CodeDescription/>
          </xsd:documentation>
        </xsd:annotation>
      </xsd:enumeration>
      <xsd:enumeration value="DB">
        <xsd:annotation>
          <xsd:documentation>
            <ccts:CodeName>dry pound</ccts:CodeName>
            <ccts:CodeDescription/>
          </xsd:documentation>
        </xsd:annotation>
      </xsd:enumeration>
      <xsd:enumeration value="DC">
        <xsd:annotation>
          <xsd:documentation>
            <ccts:CodeName>disk (disc)</ccts:CodeName>
            <ccts:CodeDescription/>
          </xsd:documentation>
        </xsd:annotation>
      </xsd:enumeration>
      <xsd:enumeration value="DD">
        <xsd:annotation>
          <xsd:documentation>
            <ccts:CodeName>degree</ccts:CodeName>
            <ccts:CodeDescription/>
          </xsd:documentation>
        </xsd:annotation>
      </xsd:enumeration>
      <xsd:enumeration value="DE">
        <xsd:annotation>
          <xsd:documentation>
            <ccts:CodeName>deal</ccts:CodeName>
            <ccts:CodeDescription/>
          </xsd:documentation>
        </xsd:annotation>
      </xsd:enumeration>
      <xsd:enumeration value="DEC">
        <xsd:annotation>
          <xsd:documentation>
            <ccts:CodeName>decade</ccts:CodeName>
            <ccts:CodeDescription/>
          </xsd:documentation>
        </xsd:annotation>
      </xsd:enumeration>
      <xsd:enumeration value="DG">
        <xsd:annotation>
          <xsd:documentation>
            <ccts:CodeName>decigram</ccts:CodeName>
            <ccts:CodeDescription/>
          </xsd:documentation>
        </xsd:annotation>
      </xsd:enumeration>
      <xsd:enumeration value="DI">
        <xsd:annotation>
          <xsd:documentation>
            <ccts:CodeName>dispenser</ccts:CodeName>
            <ccts:CodeDescription/>
          </xsd:documentation>
        </xsd:annotation>
      </xsd:enumeration>
      <xsd:enumeration value="DJ">
        <xsd:annotation>
          <xsd:documentation>
            <ccts:CodeName>decagram</ccts:CodeName>
            <ccts:CodeDescription/>
          </xsd:documentation>
        </xsd:annotation>
      </xsd:enumeration>
      <xsd:enumeration value="DLT">
        <xsd:annotation>
          <xsd:documentation>
            <ccts:CodeName>decilitre</ccts:CodeName>
            <ccts:CodeDescription/>
          </xsd:documentation>
        </xsd:annotation>
      </xsd:enumeration>
      <xsd:enumeration value="DMK">
        <xsd:annotation>
          <xsd:documentation>
            <ccts:CodeName>square decimetre</ccts:CodeName>
            <ccts:CodeDescription/>
          </xsd:documentation>
        </xsd:annotation>
      </xsd:enumeration>
      <xsd:enumeration value="DMQ">
        <xsd:annotation>
          <xsd:documentation>
            <ccts:CodeName>cubic decimetre</ccts:CodeName>
            <ccts:CodeDescription/>
          </xsd:documentation>
        </xsd:annotation>
      </xsd:enumeration>
      <xsd:enumeration value="DMT">
        <xsd:annotation>
          <xsd:documentation>
            <ccts:CodeName>decimetre</ccts:CodeName>
            <ccts:CodeDescription/>
          </xsd:documentation>
        </xsd:annotation>
      </xsd:enumeration>
      <xsd:enumeration value="DN">
        <xsd:annotation>
          <xsd:documentation>
            <ccts:CodeName>decinewton metre</ccts:CodeName>
            <ccts:CodeDescription/>
          </xsd:documentation>
        </xsd:annotation>
      </xsd:enumeration>
      <xsd:enumeration value="DPC">
        <xsd:annotation>
          <xsd:documentation>
            <ccts:CodeName>dozen piece</ccts:CodeName>
            <ccts:CodeDescription/>
          </xsd:documentation>
        </xsd:annotation>
      </xsd:enumeration>
      <xsd:enumeration value="DPR">
        <xsd:annotation>
          <xsd:documentation>
            <ccts:CodeName>dozen pair</ccts:CodeName>
            <ccts:CodeDescription/>
          </xsd:documentation>
        </xsd:annotation>
      </xsd:enumeration>
      <xsd:enumeration value="DPT">
        <xsd:annotation>
          <xsd:documentation>
            <ccts:CodeName>displacement tonnage</ccts:CodeName>
            <ccts:CodeDescription/>
          </xsd:documentation>
        </xsd:annotation>
      </xsd:enumeration>
      <xsd:enumeration value="DQ">
        <xsd:annotation>
          <xsd:documentation>
            <ccts:CodeName>data record</ccts:CodeName>
            <ccts:CodeDescription/>
          </xsd:documentation>
        </xsd:annotation>
      </xsd:enumeration>
      <xsd:enumeration value="DR">
        <xsd:annotation>
          <xsd:documentation>
            <ccts:CodeName>drum</ccts:CodeName>
            <ccts:CodeDescription/>
          </xsd:documentation>
        </xsd:annotation>
      </xsd:enumeration>
      <xsd:enumeration value="DRA">
        <xsd:annotation>
          <xsd:documentation>
            <ccts:CodeName>dram (US)</ccts:CodeName>
            <ccts:CodeDescription/>
          </xsd:documentation>
        </xsd:annotation>
      </xsd:enumeration>
      <xsd:enumeration value="DRI">
        <xsd:annotation>
          <xsd:documentation>
            <ccts:CodeName>dram (UK)</ccts:CodeName>
            <ccts:CodeDescription/>
          </xsd:documentation>
        </xsd:annotation>
      </xsd:enumeration>
      <xsd:enumeration value="DRL">
        <xsd:annotation>
          <xsd:documentation>
            <ccts:CodeName>dozen roll</ccts:CodeName>
            <ccts:CodeDescription/>
          </xsd:documentation>
        </xsd:annotation>
      </xsd:enumeration>
      <xsd:enumeration value="DRM">
        <xsd:annotation>
          <xsd:documentation>
            <ccts:CodeName>drachm (UK)</ccts:CodeName>
            <ccts:CodeDescription/>
          </xsd:documentation>
        </xsd:annotation>
      </xsd:enumeration>
      <xsd:enumeration value="DS">
        <xsd:annotation>
          <xsd:documentation>
            <ccts:CodeName>display</ccts:CodeName>
            <ccts:CodeDescription/>
          </xsd:documentation>
        </xsd:annotation>
      </xsd:enumeration>
      <xsd:enumeration value="DT">
        <xsd:annotation>
          <xsd:documentation>
            <ccts:CodeName>dry ton</ccts:CodeName>
            <ccts:CodeDescription/>
          </xsd:documentation>
        </xsd:annotation>
      </xsd:enumeration>
      <xsd:enumeration value="DTN">
        <xsd:annotation>
          <xsd:documentation>
            <ccts:CodeName>decitonne</ccts:CodeName>
            <ccts:CodeDescription>Remarks by GEFEG mbH:
Synonym  DTN = centner, metric
Synonym  DTN = quintal, metric</ccts:CodeDescription>
          </xsd:documentation>
        </xsd:annotation>
      </xsd:enumeration>
      <xsd:enumeration value="DU">
        <xsd:annotation>
          <xsd:documentation>
            <ccts:CodeName>dyne</ccts:CodeName>
            <ccts:CodeDescription/>
          </xsd:documentation>
        </xsd:annotation>
      </xsd:enumeration>
      <xsd:enumeration value="DWT">
        <xsd:annotation>
          <xsd:documentation>
            <ccts:CodeName>pennyweight</ccts:CodeName>
            <ccts:CodeDescription/>
          </xsd:documentation>
        </xsd:annotation>
      </xsd:enumeration>
      <xsd:enumeration value="DX">
        <xsd:annotation>
          <xsd:documentation>
            <ccts:CodeName>dyne per centimetre</ccts:CodeName>
            <ccts:CodeDescription/>
          </xsd:documentation>
        </xsd:annotation>
      </xsd:enumeration>
      <xsd:enumeration value="DY">
        <xsd:annotation>
          <xsd:documentation>
            <ccts:CodeName>directory book</ccts:CodeName>
            <ccts:CodeDescription/>
          </xsd:documentation>
        </xsd:annotation>
      </xsd:enumeration>
      <xsd:enumeration value="DZN">
        <xsd:annotation>
          <xsd:documentation>
            <ccts:CodeName>dozen</ccts:CodeName>
            <ccts:CodeDescription/>
          </xsd:documentation>
        </xsd:annotation>
      </xsd:enumeration>
      <xsd:enumeration value="DZP">
        <xsd:annotation>
          <xsd:documentation>
            <ccts:CodeName>dozen pack</ccts:CodeName>
            <ccts:CodeDescription/>
          </xsd:documentation>
        </xsd:annotation>
      </xsd:enumeration>
      <xsd:enumeration value="E2">
        <xsd:annotation>
          <xsd:documentation>
            <ccts:CodeName>belt</ccts:CodeName>
            <ccts:CodeDescription/>
          </xsd:documentation>
        </xsd:annotation>
      </xsd:enumeration>
      <xsd:enumeration value="E3">
        <xsd:annotation>
          <xsd:documentation>
            <ccts:CodeName>trailer</ccts:CodeName>
            <ccts:CodeDescription/>
          </xsd:documentation>
        </xsd:annotation>
      </xsd:enumeration>
      <xsd:enumeration value="E4">
        <xsd:annotation>
          <xsd:documentation>
            <ccts:CodeName>gross kilogram</ccts:CodeName>
            <ccts:CodeDescription/>
          </xsd:documentation>
        </xsd:annotation>
      </xsd:enumeration>
      <xsd:enumeration value="E5">
        <xsd:annotation>
          <xsd:documentation>
            <ccts:CodeName>metric long ton</ccts:CodeName>
            <ccts:CodeDescription/>
          </xsd:documentation>
        </xsd:annotation>
      </xsd:enumeration>
      <xsd:enumeration value="EA">
        <xsd:annotation>
          <xsd:documentation>
            <ccts:CodeName>each</ccts:CodeName>
            <ccts:CodeDescription/>
          </xsd:documentation>
        </xsd:annotation>
      </xsd:enumeration>
      <xsd:enumeration value="EB">
        <xsd:annotation>
          <xsd:documentation>
            <ccts:CodeName>electronic mail box</ccts:CodeName>
            <ccts:CodeDescription/>
          </xsd:documentation>
        </xsd:annotation>
      </xsd:enumeration>
      <xsd:enumeration value="EC">
        <xsd:annotation>
          <xsd:documentation>
            <ccts:CodeName>each per month</ccts:CodeName>
            <ccts:CodeDescription/>
          </xsd:documentation>
        </xsd:annotation>
      </xsd:enumeration>
      <xsd:enumeration value="EP">
        <xsd:annotation>
          <xsd:documentation>
            <ccts:CodeName>eleven pack</ccts:CodeName>
            <ccts:CodeDescription/>
          </xsd:documentation>
        </xsd:annotation>
      </xsd:enumeration>
      <xsd:enumeration value="EQ">
        <xsd:annotation>
          <xsd:documentation>
            <ccts:CodeName>equivalent gallon</ccts:CodeName>
            <ccts:CodeDescription/>
          </xsd:documentation>
        </xsd:annotation>
      </xsd:enumeration>
      <xsd:enumeration value="EV">
        <xsd:annotation>
          <xsd:documentation>
            <ccts:CodeName>envelope</ccts:CodeName>
            <ccts:CodeDescription/>
          </xsd:documentation>
        </xsd:annotation>
      </xsd:enumeration>
      <xsd:enumeration value="F1">
        <xsd:annotation>
          <xsd:documentation>
            <ccts:CodeName>thousand cubic feet per day</ccts:CodeName>
            <ccts:CodeDescription/>
          </xsd:documentation>
        </xsd:annotation>
      </xsd:enumeration>
      <xsd:enumeration value="F9">
        <xsd:annotation>
          <xsd:documentation>
            <ccts:CodeName>fibre per cubic centimetre of air</ccts:CodeName>
            <ccts:CodeDescription/>
          </xsd:documentation>
        </xsd:annotation>
      </xsd:enumeration>
      <xsd:enumeration value="FAH">
        <xsd:annotation>
          <xsd:documentation>
            <ccts:CodeName>degree Fahrenheit</ccts:CodeName>
            <ccts:CodeDescription/>
          </xsd:documentation>
        </xsd:annotation>
      </xsd:enumeration>
      <xsd:enumeration value="FAR">
        <xsd:annotation>
          <xsd:documentation>
            <ccts:CodeName>farad</ccts:CodeName>
            <ccts:CodeDescription/>
          </xsd:documentation>
        </xsd:annotation>
      </xsd:enumeration>
      <xsd:enumeration value="FB">
        <xsd:annotation>
          <xsd:documentation>
            <ccts:CodeName>field</ccts:CodeName>
            <ccts:CodeDescription/>
          </xsd:documentation>
        </xsd:annotation>
      </xsd:enumeration>
      <xsd:enumeration value="FC">
        <xsd:annotation>
          <xsd:documentation>
            <ccts:CodeName>thousand cubic feet</ccts:CodeName>
            <ccts:CodeDescription/>
          </xsd:documentation>
        </xsd:annotation>
      </xsd:enumeration>
      <xsd:enumeration value="FD">
        <xsd:annotation>
          <xsd:documentation>
            <ccts:CodeName>million particle per cubic foot</ccts:CodeName>
            <ccts:CodeDescription/>
          </xsd:documentation>
        </xsd:annotation>
      </xsd:enumeration>
      <xsd:enumeration value="FE">
        <xsd:annotation>
          <xsd:documentation>
            <ccts:CodeName>track foot</ccts:CodeName>
            <ccts:CodeDescription/>
          </xsd:documentation>
        </xsd:annotation>
      </xsd:enumeration>
      <xsd:enumeration value="FF">
        <xsd:annotation>
          <xsd:documentation>
            <ccts:CodeName>hundred cubic metre</ccts:CodeName>
            <ccts:CodeDescription/>
          </xsd:documentation>
        </xsd:annotation>
      </xsd:enumeration>
      <xsd:enumeration value="FG">
        <xsd:annotation>
          <xsd:documentation>
            <ccts:CodeName>transdermal patch</ccts:CodeName>
            <ccts:CodeDescription/>
          </xsd:documentation>
        </xsd:annotation>
      </xsd:enumeration>
      <xsd:enumeration value="FH">
        <xsd:annotation>
          <xsd:documentation>
            <ccts:CodeName>micromole</ccts:CodeName>
            <ccts:CodeDescription/>
          </xsd:documentation>
        </xsd:annotation>
      </xsd:enumeration>
      <xsd:enumeration value="FL">
        <xsd:annotation>
          <xsd:documentation>
            <ccts:CodeName>flake ton</ccts:CodeName>
            <ccts:CodeDescription/>
          </xsd:documentation>
        </xsd:annotation>
      </xsd:enumeration>
      <xsd:enumeration value="FM">
        <xsd:annotation>
          <xsd:documentation>
            <ccts:CodeName>million cubic feet</ccts:CodeName>
            <ccts:CodeDescription/>
          </xsd:documentation>
        </xsd:annotation>
      </xsd:enumeration>
      <xsd:enumeration value="FOT">
        <xsd:annotation>
          <xsd:documentation>
            <ccts:CodeName>foot</ccts:CodeName>
            <ccts:CodeDescription/>
          </xsd:documentation>
        </xsd:annotation>
      </xsd:enumeration>
      <xsd:enumeration value="FP">
        <xsd:annotation>
          <xsd:documentation>
            <ccts:CodeName>pound per square foot</ccts:CodeName>
            <ccts:CodeDescription/>
          </xsd:documentation>
        </xsd:annotation>
      </xsd:enumeration>
      <xsd:enumeration value="FR">
        <xsd:annotation>
          <xsd:documentation>
            <ccts:CodeName>foot per minute</ccts:CodeName>
            <ccts:CodeDescription/>
          </xsd:documentation>
        </xsd:annotation>
      </xsd:enumeration>
      <xsd:enumeration value="FS">
        <xsd:annotation>
          <xsd:documentation>
            <ccts:CodeName>foot per second</ccts:CodeName>
            <ccts:CodeDescription/>
          </xsd:documentation>
        </xsd:annotation>
      </xsd:enumeration>
      <xsd:enumeration value="FTK">
        <xsd:annotation>
          <xsd:documentation>
            <ccts:CodeName>square foot</ccts:CodeName>
            <ccts:CodeDescription/>
          </xsd:documentation>
        </xsd:annotation>
      </xsd:enumeration>
      <xsd:enumeration value="FTQ">
        <xsd:annotation>
          <xsd:documentation>
            <ccts:CodeName>cubic foot</ccts:CodeName>
            <ccts:CodeDescription/>
          </xsd:documentation>
        </xsd:annotation>
      </xsd:enumeration>
      <xsd:enumeration value="G2">
        <xsd:annotation>
          <xsd:documentation>
            <ccts:CodeName>US gallon per minute</ccts:CodeName>
            <ccts:CodeDescription/>
          </xsd:documentation>
        </xsd:annotation>
      </xsd:enumeration>
      <xsd:enumeration value="G3">
        <xsd:annotation>
          <xsd:documentation>
            <ccts:CodeName>Imperial gallon per minute</ccts:CodeName>
            <ccts:CodeDescription/>
          </xsd:documentation>
        </xsd:annotation>
      </xsd:enumeration>
      <xsd:enumeration value="G7">
        <xsd:annotation>
          <xsd:documentation>
            <ccts:CodeName>microfiche sheet</ccts:CodeName>
            <ccts:CodeDescription/>
          </xsd:documentation>
        </xsd:annotation>
      </xsd:enumeration>
      <xsd:enumeration value="GB">
        <xsd:annotation>
          <xsd:documentation>
            <ccts:CodeName>gallon (US) per day</ccts:CodeName>
            <ccts:CodeDescription/>
          </xsd:documentation>
        </xsd:annotation>
      </xsd:enumeration>
      <xsd:enumeration value="GBQ">
        <xsd:annotation>
          <xsd:documentation>
            <ccts:CodeName>gigabecquerel</ccts:CodeName>
            <ccts:CodeDescription/>
          </xsd:documentation>
        </xsd:annotation>
      </xsd:enumeration>
      <xsd:enumeration value="GC">
        <xsd:annotation>
          <xsd:documentation>
            <ccts:CodeName>gram per 100 gram</ccts:CodeName>
            <ccts:CodeDescription/>
          </xsd:documentation>
        </xsd:annotation>
      </xsd:enumeration>
      <xsd:enumeration value="GD">
        <xsd:annotation>
          <xsd:documentation>
            <ccts:CodeName>gross barrel</ccts:CodeName>
            <ccts:CodeDescription/>
          </xsd:documentation>
        </xsd:annotation>
      </xsd:enumeration>
      <xsd:enumeration value="GE">
        <xsd:annotation>
          <xsd:documentation>
            <ccts:CodeName>pound per gallon (US)</ccts:CodeName>
            <ccts:CodeDescription/>
          </xsd:documentation>
        </xsd:annotation>
      </xsd:enumeration>
      <xsd:enumeration value="GF">
        <xsd:annotation>
          <xsd:documentation>
            <ccts:CodeName>gram per metre (gram per 100 centimetres)</ccts:CodeName>
            <ccts:CodeDescription/>
          </xsd:documentation>
        </xsd:annotation>
      </xsd:enumeration>
      <xsd:enumeration value="GFI">
        <xsd:annotation>
          <xsd:documentation>
            <ccts:CodeName>gram of fissile isotope</ccts:CodeName>
            <ccts:CodeDescription/>
          </xsd:documentation>
        </xsd:annotation>
      </xsd:enumeration>
      <xsd:enumeration value="GGR">
        <xsd:annotation>
          <xsd:documentation>
            <ccts:CodeName>great gross</ccts:CodeName>
            <ccts:CodeDescription/>
          </xsd:documentation>
        </xsd:annotation>
      </xsd:enumeration>
      <xsd:enumeration value="GH">
        <xsd:annotation>
          <xsd:documentation>
            <ccts:CodeName>half gallon (US)</ccts:CodeName>
            <ccts:CodeDescription/>
          </xsd:documentation>
        </xsd:annotation>
      </xsd:enumeration>
      <xsd:enumeration value="GIA">
        <xsd:annotation>
          <xsd:documentation>
            <ccts:CodeName>gill (US)</ccts:CodeName>
            <ccts:CodeDescription/>
          </xsd:documentation>
        </xsd:annotation>
      </xsd:enumeration>
      <xsd:enumeration value="GII">
        <xsd:annotation>
          <xsd:documentation>
            <ccts:CodeName>gill (UK)</ccts:CodeName>
            <ccts:CodeDescription/>
          </xsd:documentation>
        </xsd:annotation>
      </xsd:enumeration>
      <xsd:enumeration value="GJ">
        <xsd:annotation>
          <xsd:documentation>
            <ccts:CodeName>gram per millilitre</ccts:CodeName>
            <ccts:CodeDescription/>
          </xsd:documentation>
        </xsd:annotation>
      </xsd:enumeration>
      <xsd:enumeration value="GK">
        <xsd:annotation>
          <xsd:documentation>
            <ccts:CodeName>gram per kilogram</ccts:CodeName>
            <ccts:CodeDescription/>
          </xsd:documentation>
        </xsd:annotation>
      </xsd:enumeration>
      <xsd:enumeration value="GL">
        <xsd:annotation>
          <xsd:documentation>
            <ccts:CodeName>gram per litre</ccts:CodeName>
            <ccts:CodeDescription/>
          </xsd:documentation>
        </xsd:annotation>
      </xsd:enumeration>
      <xsd:enumeration value="GLD">
        <xsd:annotation>
          <xsd:documentation>
            <ccts:CodeName>dry gallon (US)</ccts:CodeName>
            <ccts:CodeDescription/>
          </xsd:documentation>
        </xsd:annotation>
      </xsd:enumeration>
      <xsd:enumeration value="GLI">
        <xsd:annotation>
          <xsd:documentation>
            <ccts:CodeName>gallon (UK)</ccts:CodeName>
            <ccts:CodeDescription/>
          </xsd:documentation>
        </xsd:annotation>
      </xsd:enumeration>
      <xsd:enumeration value="GLL">
        <xsd:annotation>
          <xsd:documentation>
            <ccts:CodeName>gallon (US)</ccts:CodeName>
            <ccts:CodeDescription/>
          </xsd:documentation>
        </xsd:annotation>
      </xsd:enumeration>
      <xsd:enumeration value="GM">
        <xsd:annotation>
          <xsd:documentation>
            <ccts:CodeName>gram per square metre</ccts:CodeName>
            <ccts:CodeDescription/>
          </xsd:documentation>
        </xsd:annotation>
      </xsd:enumeration>
      <xsd:enumeration value="GN">
        <xsd:annotation>
          <xsd:documentation>
            <ccts:CodeName>gross gallon</ccts:CodeName>
            <ccts:CodeDescription/>
          </xsd:documentation>
        </xsd:annotation>
      </xsd:enumeration>
      <xsd:enumeration value="GO">
        <xsd:annotation>
          <xsd:documentation>
            <ccts:CodeName>milligrams per square metre</ccts:CodeName>
            <ccts:CodeDescription/>
          </xsd:documentation>
        </xsd:annotation>
      </xsd:enumeration>
      <xsd:enumeration value="GP">
        <xsd:annotation>
          <xsd:documentation>
            <ccts:CodeName>milligram per cubic metre</ccts:CodeName>
            <ccts:CodeDescription/>
          </xsd:documentation>
        </xsd:annotation>
      </xsd:enumeration>
      <xsd:enumeration value="GQ">
        <xsd:annotation>
          <xsd:documentation>
            <ccts:CodeName>microgram per cubic meter</ccts:CodeName>
            <ccts:CodeDescription/>
          </xsd:documentation>
        </xsd:annotation>
      </xsd:enumeration>
      <xsd:enumeration value="GRM">
        <xsd:annotation>
          <xsd:documentation>
            <ccts:CodeName>gram</ccts:CodeName>
            <ccts:CodeDescription/>
          </xsd:documentation>
        </xsd:annotation>
      </xsd:enumeration>
      <xsd:enumeration value="GRN">
        <xsd:annotation>
          <xsd:documentation>
            <ccts:CodeName>grain</ccts:CodeName>
            <ccts:CodeDescription/>
          </xsd:documentation>
        </xsd:annotation>
      </xsd:enumeration>
      <xsd:enumeration value="GRO">
        <xsd:annotation>
          <xsd:documentation>
            <ccts:CodeName>gross</ccts:CodeName>
            <ccts:CodeDescription/>
          </xsd:documentation>
        </xsd:annotation>
      </xsd:enumeration>
      <xsd:enumeration value="GRT">
        <xsd:annotation>
          <xsd:documentation>
            <ccts:CodeName>gross register ton</ccts:CodeName>
            <ccts:CodeDescription/>
          </xsd:documentation>
        </xsd:annotation>
      </xsd:enumeration>
      <xsd:enumeration value="GT">
        <xsd:annotation>
          <xsd:documentation>
            <ccts:CodeName>gross ton</ccts:CodeName>
            <ccts:CodeDescription>Remarks by GEFEG mbH:
Synonym  GT = metric gross ton</ccts:CodeDescription>
          </xsd:documentation>
        </xsd:annotation>
      </xsd:enumeration>
      <xsd:enumeration value="GV">
        <xsd:annotation>
          <xsd:documentation>
            <ccts:CodeName>gigajoule</ccts:CodeName>
            <ccts:CodeDescription/>
          </xsd:documentation>
        </xsd:annotation>
      </xsd:enumeration>
      <xsd:enumeration value="GW">
        <xsd:annotation>
          <xsd:documentation>
            <ccts:CodeName>gallon per thousand cubic feet</ccts:CodeName>
            <ccts:CodeDescription/>
          </xsd:documentation>
        </xsd:annotation>
      </xsd:enumeration>
      <xsd:enumeration value="GWH">
        <xsd:annotation>
          <xsd:documentation>
            <ccts:CodeName>gigawatt hour</ccts:CodeName>
            <ccts:CodeDescription/>
          </xsd:documentation>
        </xsd:annotation>
      </xsd:enumeration>
      <xsd:enumeration value="GY">
        <xsd:annotation>
          <xsd:documentation>
            <ccts:CodeName>gross yard</ccts:CodeName>
            <ccts:CodeDescription/>
          </xsd:documentation>
        </xsd:annotation>
      </xsd:enumeration>
      <xsd:enumeration value="GZ">
        <xsd:annotation>
          <xsd:documentation>
            <ccts:CodeName>gage system</ccts:CodeName>
            <ccts:CodeDescription/>
          </xsd:documentation>
        </xsd:annotation>
      </xsd:enumeration>
      <xsd:enumeration value="H1">
        <xsd:annotation>
          <xsd:documentation>
            <ccts:CodeName>half page - electronic</ccts:CodeName>
            <ccts:CodeDescription/>
          </xsd:documentation>
        </xsd:annotation>
      </xsd:enumeration>
      <xsd:enumeration value="H2">
        <xsd:annotation>
          <xsd:documentation>
            <ccts:CodeName>half litre</ccts:CodeName>
            <ccts:CodeDescription/>
          </xsd:documentation>
        </xsd:annotation>
      </xsd:enumeration>
      <xsd:enumeration value="HA">
        <xsd:annotation>
          <xsd:documentation>
            <ccts:CodeName>hank</ccts:CodeName>
            <ccts:CodeDescription/>
          </xsd:documentation>
        </xsd:annotation>
      </xsd:enumeration>
      <xsd:enumeration value="HAR">
        <xsd:annotation>
          <xsd:documentation>
            <ccts:CodeName>hectare</ccts:CodeName>
            <ccts:CodeDescription/>
          </xsd:documentation>
        </xsd:annotation>
      </xsd:enumeration>
      <xsd:enumeration value="HBA">
        <xsd:annotation>
          <xsd:documentation>
            <ccts:CodeName>hectobar</ccts:CodeName>
            <ccts:CodeDescription/>
          </xsd:documentation>
        </xsd:annotation>
      </xsd:enumeration>
      <xsd:enumeration value="HBX">
        <xsd:annotation>
          <xsd:documentation>
            <ccts:CodeName>hundred boxe</ccts:CodeName>
            <ccts:CodeDescription/>
          </xsd:documentation>
        </xsd:annotation>
      </xsd:enumeration>
      <xsd:enumeration value="HC">
        <xsd:annotation>
          <xsd:documentation>
            <ccts:CodeName>hundred count</ccts:CodeName>
            <ccts:CodeDescription/>
          </xsd:documentation>
        </xsd:annotation>
      </xsd:enumeration>
      <xsd:enumeration value="HD">
        <xsd:annotation>
          <xsd:documentation>
            <ccts:CodeName>half dozen</ccts:CodeName>
            <ccts:CodeDescription/>
          </xsd:documentation>
        </xsd:annotation>
      </xsd:enumeration>
      <xsd:enumeration value="HE">
        <xsd:annotation>
          <xsd:documentation>
            <ccts:CodeName>hundredth of a carat</ccts:CodeName>
            <ccts:CodeDescription/>
          </xsd:documentation>
        </xsd:annotation>
      </xsd:enumeration>
      <xsd:enumeration value="HF">
        <xsd:annotation>
          <xsd:documentation>
            <ccts:CodeName>hundred feet</ccts:CodeName>
            <ccts:CodeDescription/>
          </xsd:documentation>
        </xsd:annotation>
      </xsd:enumeration>
      <xsd:enumeration value="HGM">
        <xsd:annotation>
          <xsd:documentation>
            <ccts:CodeName>hectogram</ccts:CodeName>
            <ccts:CodeDescription/>
          </xsd:documentation>
        </xsd:annotation>
      </xsd:enumeration>
      <xsd:enumeration value="HH">
        <xsd:annotation>
          <xsd:documentation>
            <ccts:CodeName>hundred cubic feet</ccts:CodeName>
            <ccts:CodeDescription/>
          </xsd:documentation>
        </xsd:annotation>
      </xsd:enumeration>
      <xsd:enumeration value="HI">
        <xsd:annotation>
          <xsd:documentation>
            <ccts:CodeName>hundred sheet</ccts:CodeName>
            <ccts:CodeDescription/>
          </xsd:documentation>
        </xsd:annotation>
      </xsd:enumeration>
      <xsd:enumeration value="HIU">
        <xsd:annotation>
          <xsd:documentation>
            <ccts:CodeName>hundred international unit</ccts:CodeName>
            <ccts:CodeDescription/>
          </xsd:documentation>
        </xsd:annotation>
      </xsd:enumeration>
      <xsd:enumeration value="HJ">
        <xsd:annotation>
          <xsd:documentation>
            <ccts:CodeName>metric horse power</ccts:CodeName>
            <ccts:CodeDescription/>
          </xsd:documentation>
        </xsd:annotation>
      </xsd:enumeration>
      <xsd:enumeration value="HK">
        <xsd:annotation>
          <xsd:documentation>
            <ccts:CodeName>hundred kilogram</ccts:CodeName>
            <ccts:CodeDescription/>
          </xsd:documentation>
        </xsd:annotation>
      </xsd:enumeration>
      <xsd:enumeration value="HL">
        <xsd:annotation>
          <xsd:documentation>
            <ccts:CodeName>hundred feet (linear)</ccts:CodeName>
            <ccts:CodeDescription/>
          </xsd:documentation>
        </xsd:annotation>
      </xsd:enumeration>
      <xsd:enumeration value="HLT">
        <xsd:annotation>
          <xsd:documentation>
            <ccts:CodeName>hectolitre</ccts:CodeName>
            <ccts:CodeDescription/>
          </xsd:documentation>
        </xsd:annotation>
      </xsd:enumeration>
      <xsd:enumeration value="HM">
        <xsd:annotation>
          <xsd:documentation>
            <ccts:CodeName>mile per hour</ccts:CodeName>
            <ccts:CodeDescription/>
          </xsd:documentation>
        </xsd:annotation>
      </xsd:enumeration>
      <xsd:enumeration value="HMQ">
        <xsd:annotation>
          <xsd:documentation>
            <ccts:CodeName>million cubic metre</ccts:CodeName>
            <ccts:CodeDescription/>
          </xsd:documentation>
        </xsd:annotation>
      </xsd:enumeration>
      <xsd:enumeration value="HMT">
        <xsd:annotation>
          <xsd:documentation>
            <ccts:CodeName>hectometre</ccts:CodeName>
            <ccts:CodeDescription/>
          </xsd:documentation>
        </xsd:annotation>
      </xsd:enumeration>
      <xsd:enumeration value="HN">
        <xsd:annotation>
          <xsd:documentation>
            <ccts:CodeName>conventional millimetre of mercury</ccts:CodeName>
            <ccts:CodeDescription/>
          </xsd:documentation>
        </xsd:annotation>
      </xsd:enumeration>
      <xsd:enumeration value="HO">
        <xsd:annotation>
          <xsd:documentation>
            <ccts:CodeName>hundred troy ounce</ccts:CodeName>
            <ccts:CodeDescription/>
          </xsd:documentation>
        </xsd:annotation>
      </xsd:enumeration>
      <xsd:enumeration value="HP">
        <xsd:annotation>
          <xsd:documentation>
            <ccts:CodeName>conventional millimetre of water</ccts:CodeName>
            <ccts:CodeDescription/>
          </xsd:documentation>
        </xsd:annotation>
      </xsd:enumeration>
      <xsd:enumeration value="HPA">
        <xsd:annotation>
          <xsd:documentation>
            <ccts:CodeName>hectolitre of pure alcohol</ccts:CodeName>
            <ccts:CodeDescription/>
          </xsd:documentation>
        </xsd:annotation>
      </xsd:enumeration>
      <xsd:enumeration value="HS">
        <xsd:annotation>
          <xsd:documentation>
            <ccts:CodeName>hundred square feet</ccts:CodeName>
            <ccts:CodeDescription/>
          </xsd:documentation>
        </xsd:annotation>
      </xsd:enumeration>
      <xsd:enumeration value="HT">
        <xsd:annotation>
          <xsd:documentation>
            <ccts:CodeName>half hour</ccts:CodeName>
            <ccts:CodeDescription/>
          </xsd:documentation>
        </xsd:annotation>
      </xsd:enumeration>
      <xsd:enumeration value="HTZ">
        <xsd:annotation>
          <xsd:documentation>
            <ccts:CodeName>hertz</ccts:CodeName>
            <ccts:CodeDescription/>
          </xsd:documentation>
        </xsd:annotation>
      </xsd:enumeration>
      <xsd:enumeration value="HUR">
        <xsd:annotation>
          <xsd:documentation>
            <ccts:CodeName>hour</ccts:CodeName>
            <ccts:CodeDescription/>
          </xsd:documentation>
        </xsd:annotation>
      </xsd:enumeration>
      <xsd:enumeration value="HY">
        <xsd:annotation>
          <xsd:documentation>
            <ccts:CodeName>hundred yard</ccts:CodeName>
            <ccts:CodeDescription/>
          </xsd:documentation>
        </xsd:annotation>
      </xsd:enumeration>
      <xsd:enumeration value="IA">
        <xsd:annotation>
          <xsd:documentation>
            <ccts:CodeName>inch pound (pound inch)</ccts:CodeName>
            <ccts:CodeDescription/>
          </xsd:documentation>
        </xsd:annotation>
      </xsd:enumeration>
      <xsd:enumeration value="IC">
        <xsd:annotation>
          <xsd:documentation>
            <ccts:CodeName>count per inch</ccts:CodeName>
            <ccts:CodeDescription/>
          </xsd:documentation>
        </xsd:annotation>
      </xsd:enumeration>
      <xsd:enumeration value="IE">
        <xsd:annotation>
          <xsd:documentation>
            <ccts:CodeName>person</ccts:CodeName>
            <ccts:CodeDescription/>
          </xsd:documentation>
        </xsd:annotation>
      </xsd:enumeration>
      <xsd:enumeration value="IF">
        <xsd:annotation>
          <xsd:documentation>
            <ccts:CodeName>inches of water</ccts:CodeName>
            <ccts:CodeDescription/>
          </xsd:documentation>
        </xsd:annotation>
      </xsd:enumeration>
      <xsd:enumeration value="II">
        <xsd:annotation>
          <xsd:documentation>
            <ccts:CodeName>column inch</ccts:CodeName>
            <ccts:CodeDescription/>
          </xsd:documentation>
        </xsd:annotation>
      </xsd:enumeration>
      <xsd:enumeration value="IL">
        <xsd:annotation>
          <xsd:documentation>
            <ccts:CodeName>inch per minute</ccts:CodeName>
            <ccts:CodeDescription/>
          </xsd:documentation>
        </xsd:annotation>
      </xsd:enumeration>
      <xsd:enumeration value="IM">
        <xsd:annotation>
          <xsd:documentation>
            <ccts:CodeName>impression</ccts:CodeName>
            <ccts:CodeDescription/>
          </xsd:documentation>
        </xsd:annotation>
      </xsd:enumeration>
      <xsd:enumeration value="INH">
        <xsd:annotation>
          <xsd:documentation>
            <ccts:CodeName>inch</ccts:CodeName>
            <ccts:CodeDescription/>
          </xsd:documentation>
        </xsd:annotation>
      </xsd:enumeration>
      <xsd:enumeration value="INK">
        <xsd:annotation>
          <xsd:documentation>
            <ccts:CodeName>square inch</ccts:CodeName>
            <ccts:CodeDescription/>
          </xsd:documentation>
        </xsd:annotation>
      </xsd:enumeration>
      <xsd:enumeration value="INQ">
        <xsd:annotation>
          <xsd:documentation>
            <ccts:CodeName>inch cubed</ccts:CodeName>
            <ccts:CodeDescription/>
          </xsd:documentation>
        </xsd:annotation>
      </xsd:enumeration>
      <xsd:enumeration value="IP">
        <xsd:annotation>
          <xsd:documentation>
            <ccts:CodeName>insurance policy</ccts:CodeName>
            <ccts:CodeDescription/>
          </xsd:documentation>
        </xsd:annotation>
      </xsd:enumeration>
      <xsd:enumeration value="IT">
        <xsd:annotation>
          <xsd:documentation>
            <ccts:CodeName>count per centimetre</ccts:CodeName>
            <ccts:CodeDescription/>
          </xsd:documentation>
        </xsd:annotation>
      </xsd:enumeration>
      <xsd:enumeration value="IU">
        <xsd:annotation>
          <xsd:documentation>
            <ccts:CodeName>inch per second (linear speed)</ccts:CodeName>
            <ccts:CodeDescription>Remarks by GEFEG mbH:
Synonym  IU = inch per second (vibration)</ccts:CodeDescription>
          </xsd:documentation>
        </xsd:annotation>
      </xsd:enumeration>
      <xsd:enumeration value="IV">
        <xsd:annotation>
          <xsd:documentation>
            <ccts:CodeName>inch per second squared (acceleration)</ccts:CodeName>
            <ccts:CodeDescription>Remarks by GEFEG mbH:
Synonym  IV = inch per second squared (vibration acceleration)</ccts:CodeDescription>
          </xsd:documentation>
        </xsd:annotation>
      </xsd:enumeration>
      <xsd:enumeration value="J2">
        <xsd:annotation>
          <xsd:documentation>
            <ccts:CodeName>joule per kilogram</ccts:CodeName>
            <ccts:CodeDescription/>
          </xsd:documentation>
        </xsd:annotation>
      </xsd:enumeration>
      <xsd:enumeration value="JB">
        <xsd:annotation>
          <xsd:documentation>
            <ccts:CodeName>jumbo</ccts:CodeName>
            <ccts:CodeDescription/>
          </xsd:documentation>
        </xsd:annotation>
      </xsd:enumeration>
      <xsd:enumeration value="JE">
        <xsd:annotation>
          <xsd:documentation>
            <ccts:CodeName>joule per kelvin</ccts:CodeName>
            <ccts:CodeDescription/>
          </xsd:documentation>
        </xsd:annotation>
      </xsd:enumeration>
      <xsd:enumeration value="JG">
        <xsd:annotation>
          <xsd:documentation>
            <ccts:CodeName>jug</ccts:CodeName>
            <ccts:CodeDescription/>
          </xsd:documentation>
        </xsd:annotation>
      </xsd:enumeration>
      <xsd:enumeration value="JK">
        <xsd:annotation>
          <xsd:documentation>
            <ccts:CodeName>megajoule per kilogram</ccts:CodeName>
            <ccts:CodeDescription/>
          </xsd:documentation>
        </xsd:annotation>
      </xsd:enumeration>
      <xsd:enumeration value="JM">
        <xsd:annotation>
          <xsd:documentation>
            <ccts:CodeName>megajoule per cubic metre</ccts:CodeName>
            <ccts:CodeDescription/>
          </xsd:documentation>
        </xsd:annotation>
      </xsd:enumeration>
      <xsd:enumeration value="JO">
        <xsd:annotation>
          <xsd:documentation>
            <ccts:CodeName>joint</ccts:CodeName>
            <ccts:CodeDescription/>
          </xsd:documentation>
        </xsd:annotation>
      </xsd:enumeration>
      <xsd:enumeration value="JOU">
        <xsd:annotation>
          <xsd:documentation>
            <ccts:CodeName>joule</ccts:CodeName>
            <ccts:CodeDescription/>
          </xsd:documentation>
        </xsd:annotation>
      </xsd:enumeration>
      <xsd:enumeration value="JR">
        <xsd:annotation>
          <xsd:documentation>
            <ccts:CodeName>jar</ccts:CodeName>
            <ccts:CodeDescription/>
          </xsd:documentation>
        </xsd:annotation>
      </xsd:enumeration>
      <xsd:enumeration value="K1">
        <xsd:annotation>
          <xsd:documentation>
            <ccts:CodeName>kilowatt demand</ccts:CodeName>
            <ccts:CodeDescription/>
          </xsd:documentation>
        </xsd:annotation>
      </xsd:enumeration>
      <xsd:enumeration value="K2">
        <xsd:annotation>
          <xsd:documentation>
            <ccts:CodeName>kilovolt ampere reactive demand</ccts:CodeName>
            <ccts:CodeDescription/>
          </xsd:documentation>
        </xsd:annotation>
      </xsd:enumeration>
      <xsd:enumeration value="K3">
        <xsd:annotation>
          <xsd:documentation>
            <ccts:CodeName>kilovolt ampere reactive hour</ccts:CodeName>
            <ccts:CodeDescription/>
          </xsd:documentation>
        </xsd:annotation>
      </xsd:enumeration>
      <xsd:enumeration value="K5">
        <xsd:annotation>
          <xsd:documentation>
            <ccts:CodeName>kilovolt ampere (reactive)</ccts:CodeName>
            <ccts:CodeDescription/>
          </xsd:documentation>
        </xsd:annotation>
      </xsd:enumeration>
      <xsd:enumeration value="K6">
        <xsd:annotation>
          <xsd:documentation>
            <ccts:CodeName>kilolitre</ccts:CodeName>
            <ccts:CodeDescription/>
          </xsd:documentation>
        </xsd:annotation>
      </xsd:enumeration>
      <xsd:enumeration value="KA">
        <xsd:annotation>
          <xsd:documentation>
            <ccts:CodeName>cake</ccts:CodeName>
            <ccts:CodeDescription/>
          </xsd:documentation>
        </xsd:annotation>
      </xsd:enumeration>
      <xsd:enumeration value="KB">
        <xsd:annotation>
          <xsd:documentation>
            <ccts:CodeName>kilocharacter</ccts:CodeName>
            <ccts:CodeDescription/>
          </xsd:documentation>
        </xsd:annotation>
      </xsd:enumeration>
      <xsd:enumeration value="KBA">
        <xsd:annotation>
          <xsd:documentation>
            <ccts:CodeName>kilobar</ccts:CodeName>
            <ccts:CodeDescription/>
          </xsd:documentation>
        </xsd:annotation>
      </xsd:enumeration>
      <xsd:enumeration value="KD">
        <xsd:annotation>
          <xsd:documentation>
            <ccts:CodeName>kilogram decimal</ccts:CodeName>
            <ccts:CodeDescription/>
          </xsd:documentation>
        </xsd:annotation>
      </xsd:enumeration>
      <xsd:enumeration value="KEL">
        <xsd:annotation>
          <xsd:documentation>
            <ccts:CodeName>kelvin</ccts:CodeName>
            <ccts:CodeDescription/>
          </xsd:documentation>
        </xsd:annotation>
      </xsd:enumeration>
      <xsd:enumeration value="KF">
        <xsd:annotation>
          <xsd:documentation>
            <ccts:CodeName>kilopacket</ccts:CodeName>
            <ccts:CodeDescription/>
          </xsd:documentation>
        </xsd:annotation>
      </xsd:enumeration>
      <xsd:enumeration value="KG">
        <xsd:annotation>
          <xsd:documentation>
            <ccts:CodeName>keg</ccts:CodeName>
            <ccts:CodeDescription/>
          </xsd:documentation>
        </xsd:annotation>
      </xsd:enumeration>
      <xsd:enumeration value="KGM">
        <xsd:annotation>
          <xsd:documentation>
            <ccts:CodeName>kilogram</ccts:CodeName>
            <ccts:CodeDescription/>
          </xsd:documentation>
        </xsd:annotation>
      </xsd:enumeration>
      <xsd:enumeration value="KGS">
        <xsd:annotation>
          <xsd:documentation>
            <ccts:CodeName>kilogram per second</ccts:CodeName>
            <ccts:CodeDescription/>
          </xsd:documentation>
        </xsd:annotation>
      </xsd:enumeration>
      <xsd:enumeration value="KHZ">
        <xsd:annotation>
          <xsd:documentation>
            <ccts:CodeName>kilohertz</ccts:CodeName>
            <ccts:CodeDescription/>
          </xsd:documentation>
        </xsd:annotation>
      </xsd:enumeration>
      <xsd:enumeration value="KI">
        <xsd:annotation>
          <xsd:documentation>
            <ccts:CodeName>kilogram per millimetre width</ccts:CodeName>
            <ccts:CodeDescription/>
          </xsd:documentation>
        </xsd:annotation>
      </xsd:enumeration>
      <xsd:enumeration value="KJ">
        <xsd:annotation>
          <xsd:documentation>
            <ccts:CodeName>kilosegment</ccts:CodeName>
            <ccts:CodeDescription/>
          </xsd:documentation>
        </xsd:annotation>
      </xsd:enumeration>
      <xsd:enumeration value="KJO">
        <xsd:annotation>
          <xsd:documentation>
            <ccts:CodeName>kilojoule</ccts:CodeName>
            <ccts:CodeDescription/>
          </xsd:documentation>
        </xsd:annotation>
      </xsd:enumeration>
      <xsd:enumeration value="KL">
        <xsd:annotation>
          <xsd:documentation>
            <ccts:CodeName>kilogram per metre</ccts:CodeName>
            <ccts:CodeDescription/>
          </xsd:documentation>
        </xsd:annotation>
      </xsd:enumeration>
      <xsd:enumeration value="KMH">
        <xsd:annotation>
          <xsd:documentation>
            <ccts:CodeName>kilometre per hour</ccts:CodeName>
            <ccts:CodeDescription/>
          </xsd:documentation>
        </xsd:annotation>
      </xsd:enumeration>
      <xsd:enumeration value="KMK">
        <xsd:annotation>
          <xsd:documentation>
            <ccts:CodeName>square kilometre</ccts:CodeName>
            <ccts:CodeDescription/>
          </xsd:documentation>
        </xsd:annotation>
      </xsd:enumeration>
      <xsd:enumeration value="KMQ">
        <xsd:annotation>
          <xsd:documentation>
            <ccts:CodeName>kilogram per cubic metre</ccts:CodeName>
            <ccts:CodeDescription/>
          </xsd:documentation>
        </xsd:annotation>
      </xsd:enumeration>
      <xsd:enumeration value="KNI">
        <xsd:annotation>
          <xsd:documentation>
            <ccts:CodeName>kilogram of nitrogen</ccts:CodeName>
            <ccts:CodeDescription/>
          </xsd:documentation>
        </xsd:annotation>
      </xsd:enumeration>
      <xsd:enumeration value="KNS">
        <xsd:annotation>
          <xsd:documentation>
            <ccts:CodeName>kilogram named substance</ccts:CodeName>
            <ccts:CodeDescription/>
          </xsd:documentation>
        </xsd:annotation>
      </xsd:enumeration>
      <xsd:enumeration value="KNT">
        <xsd:annotation>
          <xsd:documentation>
            <ccts:CodeName>knot</ccts:CodeName>
            <ccts:CodeDescription/>
          </xsd:documentation>
        </xsd:annotation>
      </xsd:enumeration>
      <xsd:enumeration value="KO">
        <xsd:annotation>
          <xsd:documentation>
            <ccts:CodeName>milliequivalence caustic potash per gram of product</ccts:CodeName>
            <ccts:CodeDescription/>
          </xsd:documentation>
        </xsd:annotation>
      </xsd:enumeration>
      <xsd:enumeration value="KPA">
        <xsd:annotation>
          <xsd:documentation>
            <ccts:CodeName>kilopascal</ccts:CodeName>
            <ccts:CodeDescription/>
          </xsd:documentation>
        </xsd:annotation>
      </xsd:enumeration>
      <xsd:enumeration value="KPH">
        <xsd:annotation>
          <xsd:documentation>
            <ccts:CodeName>kilogram of potassium hydroxide (caustic potash)</ccts:CodeName>
            <ccts:CodeDescription/>
          </xsd:documentation>
        </xsd:annotation>
      </xsd:enumeration>
      <xsd:enumeration value="KPO">
        <xsd:annotation>
          <xsd:documentation>
            <ccts:CodeName>kilogram of potassium oxide</ccts:CodeName>
            <ccts:CodeDescription/>
          </xsd:documentation>
        </xsd:annotation>
      </xsd:enumeration>
      <xsd:enumeration value="KPP">
        <xsd:annotation>
          <xsd:documentation>
            <ccts:CodeName>kilogram of phosphorus pentoxide (phosphoric anhydride)</ccts:CodeName>
            <ccts:CodeDescription/>
          </xsd:documentation>
        </xsd:annotation>
      </xsd:enumeration>
      <xsd:enumeration value="KR">
        <xsd:annotation>
          <xsd:documentation>
            <ccts:CodeName>kilorÃ¶ntgen</ccts:CodeName>
            <ccts:CodeDescription/>
          </xsd:documentation>
        </xsd:annotation>
      </xsd:enumeration>
      <xsd:enumeration value="KS">
        <xsd:annotation>
          <xsd:documentation>
            <ccts:CodeName>thousand pound per square inch</ccts:CodeName>
            <ccts:CodeDescription/>
          </xsd:documentation>
        </xsd:annotation>
      </xsd:enumeration>
      <xsd:enumeration value="KSD">
        <xsd:annotation>
          <xsd:documentation>
            <ccts:CodeName>kilogram of substance 90 % dry</ccts:CodeName>
            <ccts:CodeDescription/>
          </xsd:documentation>
        </xsd:annotation>
      </xsd:enumeration>
      <xsd:enumeration value="KSH">
        <xsd:annotation>
          <xsd:documentation>
            <ccts:CodeName>kilogram of sodium hydroxide (caustic soda)</ccts:CodeName>
            <ccts:CodeDescription/>
          </xsd:documentation>
        </xsd:annotation>
      </xsd:enumeration>
      <xsd:enumeration value="KT">
        <xsd:annotation>
          <xsd:documentation>
            <ccts:CodeName>kit</ccts:CodeName>
            <ccts:CodeDescription/>
          </xsd:documentation>
        </xsd:annotation>
      </xsd:enumeration>
      <xsd:enumeration value="KTM">
        <xsd:annotation>
          <xsd:documentation>
            <ccts:CodeName>kilometre</ccts:CodeName>
            <ccts:CodeDescription/>
          </xsd:documentation>
        </xsd:annotation>
      </xsd:enumeration>
      <xsd:enumeration value="KTN">
        <xsd:annotation>
          <xsd:documentation>
            <ccts:CodeName>kilotonne</ccts:CodeName>
            <ccts:CodeDescription/>
          </xsd:documentation>
        </xsd:annotation>
      </xsd:enumeration>
      <xsd:enumeration value="KUR">
        <xsd:annotation>
          <xsd:documentation>
            <ccts:CodeName>kilogram of uranium</ccts:CodeName>
            <ccts:CodeDescription/>
          </xsd:documentation>
        </xsd:annotation>
      </xsd:enumeration>
      <xsd:enumeration value="KVA">
        <xsd:annotation>
          <xsd:documentation>
            <ccts:CodeName>kilovolt - ampere</ccts:CodeName>
            <ccts:CodeDescription/>
          </xsd:documentation>
        </xsd:annotation>
      </xsd:enumeration>
      <xsd:enumeration value="KVR">
        <xsd:annotation>
          <xsd:documentation>
            <ccts:CodeName>kilovar</ccts:CodeName>
            <ccts:CodeDescription/>
          </xsd:documentation>
        </xsd:annotation>
      </xsd:enumeration>
      <xsd:enumeration value="KVT">
        <xsd:annotation>
          <xsd:documentation>
            <ccts:CodeName>kilovolt</ccts:CodeName>
            <ccts:CodeDescription/>
          </xsd:documentation>
        </xsd:annotation>
      </xsd:enumeration>
      <xsd:enumeration value="KW">
        <xsd:annotation>
          <xsd:documentation>
            <ccts:CodeName>kilograms per millimeter</ccts:CodeName>
            <ccts:CodeDescription/>
          </xsd:documentation>
        </xsd:annotation>
      </xsd:enumeration>
      <xsd:enumeration value="KWH">
        <xsd:annotation>
          <xsd:documentation>
            <ccts:CodeName>kilowatt hour</ccts:CodeName>
            <ccts:CodeDescription/>
          </xsd:documentation>
        </xsd:annotation>
      </xsd:enumeration>
      <xsd:enumeration value="KWT">
        <xsd:annotation>
          <xsd:documentation>
            <ccts:CodeName>kilowatt</ccts:CodeName>
            <ccts:CodeDescription/>
          </xsd:documentation>
        </xsd:annotation>
      </xsd:enumeration>
      <xsd:enumeration value="KX">
        <xsd:annotation>
          <xsd:documentation>
            <ccts:CodeName>millilitre per kilogram</ccts:CodeName>
            <ccts:CodeDescription/>
          </xsd:documentation>
        </xsd:annotation>
      </xsd:enumeration>
      <xsd:enumeration value="L2">
        <xsd:annotation>
          <xsd:documentation>
            <ccts:CodeName>litre per minute</ccts:CodeName>
            <ccts:CodeDescription/>
          </xsd:documentation>
        </xsd:annotation>
      </xsd:enumeration>
      <xsd:enumeration value="LA">
        <xsd:annotation>
          <xsd:documentation>
            <ccts:CodeName>pound per cubic inch</ccts:CodeName>
            <ccts:CodeDescription/>
          </xsd:documentation>
        </xsd:annotation>
      </xsd:enumeration>
      <xsd:enumeration value="LBR">
        <xsd:annotation>
          <xsd:documentation>
            <ccts:CodeName>pound</ccts:CodeName>
            <ccts:CodeDescription>Remarks by GEFEG mbH:
Synonym LBR = pound decimal</ccts:CodeDescription>
          </xsd:documentation>
        </xsd:annotation>
      </xsd:enumeration>
      <xsd:enumeration value="LBT">
        <xsd:annotation>
          <xsd:documentation>
            <ccts:CodeName>troy pound (US)</ccts:CodeName>
            <ccts:CodeDescription/>
          </xsd:documentation>
        </xsd:annotation>
      </xsd:enumeration>
      <xsd:enumeration value="LC">
        <xsd:annotation>
          <xsd:documentation>
            <ccts:CodeName>linear centimetre</ccts:CodeName>
            <ccts:CodeDescription/>
          </xsd:documentation>
        </xsd:annotation>
      </xsd:enumeration>
      <xsd:enumeration value="LD">
        <xsd:annotation>
          <xsd:documentation>
            <ccts:CodeName>litre per day</ccts:CodeName>
            <ccts:CodeDescription/>
          </xsd:documentation>
        </xsd:annotation>
      </xsd:enumeration>
      <xsd:enumeration value="LE">
        <xsd:annotation>
          <xsd:documentation>
            <ccts:CodeName>lite</ccts:CodeName>
            <ccts:CodeDescription/>
          </xsd:documentation>
        </xsd:annotation>
      </xsd:enumeration>
      <xsd:enumeration value="LEF">
        <xsd:annotation>
          <xsd:documentation>
            <ccts:CodeName>leaf</ccts:CodeName>
            <ccts:CodeDescription/>
          </xsd:documentation>
        </xsd:annotation>
      </xsd:enumeration>
      <xsd:enumeration value="LF">
        <xsd:annotation>
          <xsd:documentation>
            <ccts:CodeName>linear foot</ccts:CodeName>
            <ccts:CodeDescription/>
          </xsd:documentation>
        </xsd:annotation>
      </xsd:enumeration>
      <xsd:enumeration value="LH">
        <xsd:annotation>
          <xsd:documentation>
            <ccts:CodeName>labour hour</ccts:CodeName>
            <ccts:CodeDescription/>
          </xsd:documentation>
        </xsd:annotation>
      </xsd:enumeration>
      <xsd:enumeration value="LI">
        <xsd:annotation>
          <xsd:documentation>
            <ccts:CodeName>linear inch</ccts:CodeName>
            <ccts:CodeDescription/>
          </xsd:documentation>
        </xsd:annotation>
      </xsd:enumeration>
      <xsd:enumeration value="LJ">
        <xsd:annotation>
          <xsd:documentation>
            <ccts:CodeName>large spray</ccts:CodeName>
            <ccts:CodeDescription/>
          </xsd:documentation>
        </xsd:annotation>
      </xsd:enumeration>
      <xsd:enumeration value="LK">
        <xsd:annotation>
          <xsd:documentation>
            <ccts:CodeName>link</ccts:CodeName>
            <ccts:CodeDescription/>
          </xsd:documentation>
        </xsd:annotation>
      </xsd:enumeration>
      <xsd:enumeration value="LM">
        <xsd:annotation>
          <xsd:documentation>
            <ccts:CodeName>linear metre</ccts:CodeName>
            <ccts:CodeDescription/>
          </xsd:documentation>
        </xsd:annotation>
      </xsd:enumeration>
      <xsd:enumeration value="LN">
        <xsd:annotation>
          <xsd:documentation>
            <ccts:CodeName>length</ccts:CodeName>
            <ccts:CodeDescription/>
          </xsd:documentation>
        </xsd:annotation>
      </xsd:enumeration>
      <xsd:enumeration value="LO">
        <xsd:annotation>
          <xsd:documentation>
            <ccts:CodeName>lot</ccts:CodeName>
            <ccts:CodeDescription/>
          </xsd:documentation>
        </xsd:annotation>
      </xsd:enumeration>
      <xsd:enumeration value="LP">
        <xsd:annotation>
          <xsd:documentation>
            <ccts:CodeName>liquid pound</ccts:CodeName>
            <ccts:CodeDescription/>
          </xsd:documentation>
        </xsd:annotation>
      </xsd:enumeration>
      <xsd:enumeration value="LPA">
        <xsd:annotation>
          <xsd:documentation>
            <ccts:CodeName>litre of pure alcohol</ccts:CodeName>
            <ccts:CodeDescription/>
          </xsd:documentation>
        </xsd:annotation>
      </xsd:enumeration>
      <xsd:enumeration value="LR">
        <xsd:annotation>
          <xsd:documentation>
            <ccts:CodeName>layer</ccts:CodeName>
            <ccts:CodeDescription/>
          </xsd:documentation>
        </xsd:annotation>
      </xsd:enumeration>
      <xsd:enumeration value="LS">
        <xsd:annotation>
          <xsd:documentation>
            <ccts:CodeName>lump sum</ccts:CodeName>
            <ccts:CodeDescription/>
          </xsd:documentation>
        </xsd:annotation>
      </xsd:enumeration>
      <xsd:enumeration value="LTN">
        <xsd:annotation>
          <xsd:documentation>
            <ccts:CodeName>ton (UK) or longton (US)</ccts:CodeName>
            <ccts:CodeDescription/>
          </xsd:documentation>
        </xsd:annotation>
      </xsd:enumeration>
      <xsd:enumeration value="LTR">
        <xsd:annotation>
          <xsd:documentation>
            <ccts:CodeName>litre</ccts:CodeName>
            <ccts:CodeDescription/>
          </xsd:documentation>
        </xsd:annotation>
      </xsd:enumeration>
      <xsd:enumeration value="LUM">
        <xsd:annotation>
          <xsd:documentation>
            <ccts:CodeName>lumen</ccts:CodeName>
            <ccts:CodeDescription/>
          </xsd:documentation>
        </xsd:annotation>
      </xsd:enumeration>
      <xsd:enumeration value="LUX">
        <xsd:annotation>
          <xsd:documentation>
            <ccts:CodeName>lux</ccts:CodeName>
            <ccts:CodeDescription/>
          </xsd:documentation>
        </xsd:annotation>
      </xsd:enumeration>
      <xsd:enumeration value="LX">
        <xsd:annotation>
          <xsd:documentation>
            <ccts:CodeName>linear yard per pound</ccts:CodeName>
            <ccts:CodeDescription/>
          </xsd:documentation>
        </xsd:annotation>
      </xsd:enumeration>
      <xsd:enumeration value="LY">
        <xsd:annotation>
          <xsd:documentation>
            <ccts:CodeName>linear yard</ccts:CodeName>
            <ccts:CodeDescription/>
          </xsd:documentation>
        </xsd:annotation>
      </xsd:enumeration>
      <xsd:enumeration value="M0">
        <xsd:annotation>
          <xsd:documentation>
            <ccts:CodeName>magnetic tape</ccts:CodeName>
            <ccts:CodeDescription/>
          </xsd:documentation>
        </xsd:annotation>
      </xsd:enumeration>
      <xsd:enumeration value="M1">
        <xsd:annotation>
          <xsd:documentation>
            <ccts:CodeName>milligrams per litre</ccts:CodeName>
            <ccts:CodeDescription/>
          </xsd:documentation>
        </xsd:annotation>
      </xsd:enumeration>
      <xsd:enumeration value="M4">
        <xsd:annotation>
          <xsd:documentation>
            <ccts:CodeName>monetary value</ccts:CodeName>
            <ccts:CodeDescription/>
          </xsd:documentation>
        </xsd:annotation>
      </xsd:enumeration>
      <xsd:enumeration value="M5">
        <xsd:annotation>
          <xsd:documentation>
            <ccts:CodeName>microcurie</ccts:CodeName>
            <ccts:CodeDescription/>
          </xsd:documentation>
        </xsd:annotation>
      </xsd:enumeration>
      <xsd:enumeration value="M7">
        <xsd:annotation>
          <xsd:documentation>
            <ccts:CodeName>micro-inch</ccts:CodeName>
            <ccts:CodeDescription/>
          </xsd:documentation>
        </xsd:annotation>
      </xsd:enumeration>
      <xsd:enumeration value="M9">
        <xsd:annotation>
          <xsd:documentation>
            <ccts:CodeName>million Btu per 1000 cubic feet</ccts:CodeName>
            <ccts:CodeDescription/>
          </xsd:documentation>
        </xsd:annotation>
      </xsd:enumeration>
      <xsd:enumeration value="MA">
        <xsd:annotation>
          <xsd:documentation>
            <ccts:CodeName>machine per unit</ccts:CodeName>
            <ccts:CodeDescription/>
          </xsd:documentation>
        </xsd:annotation>
      </xsd:enumeration>
      <xsd:enumeration value="MAL">
        <xsd:annotation>
          <xsd:documentation>
            <ccts:CodeName>mega litre</ccts:CodeName>
            <ccts:CodeDescription/>
          </xsd:documentation>
        </xsd:annotation>
      </xsd:enumeration>
      <xsd:enumeration value="MAM">
        <xsd:annotation>
          <xsd:documentation>
            <ccts:CodeName>megametre</ccts:CodeName>
            <ccts:CodeDescription/>
          </xsd:documentation>
        </xsd:annotation>
      </xsd:enumeration>
      <xsd:enumeration value="MAW">
        <xsd:annotation>
          <xsd:documentation>
            <ccts:CodeName>megawatt</ccts:CodeName>
            <ccts:CodeDescription/>
          </xsd:documentation>
        </xsd:annotation>
      </xsd:enumeration>
      <xsd:enumeration value="MBE">
        <xsd:annotation>
          <xsd:documentation>
            <ccts:CodeName>thousand standard brick equivalent</ccts:CodeName>
            <ccts:CodeDescription/>
          </xsd:documentation>
        </xsd:annotation>
      </xsd:enumeration>
      <xsd:enumeration value="MBF">
        <xsd:annotation>
          <xsd:documentation>
            <ccts:CodeName>thousand board feet</ccts:CodeName>
            <ccts:CodeDescription/>
          </xsd:documentation>
        </xsd:annotation>
      </xsd:enumeration>
      <xsd:enumeration value="MBR">
        <xsd:annotation>
          <xsd:documentation>
            <ccts:CodeName>millibar</ccts:CodeName>
            <ccts:CodeDescription/>
          </xsd:documentation>
        </xsd:annotation>
      </xsd:enumeration>
      <xsd:enumeration value="MC">
        <xsd:annotation>
          <xsd:documentation>
            <ccts:CodeName>microgram</ccts:CodeName>
            <ccts:CodeDescription/>
          </xsd:documentation>
        </xsd:annotation>
      </xsd:enumeration>
      <xsd:enumeration value="MCU">
        <xsd:annotation>
          <xsd:documentation>
            <ccts:CodeName>millicurie</ccts:CodeName>
            <ccts:CodeDescription/>
          </xsd:documentation>
        </xsd:annotation>
      </xsd:enumeration>
      <xsd:enumeration value="MD">
        <xsd:annotation>
          <xsd:documentation>
            <ccts:CodeName>air dry metric ton</ccts:CodeName>
            <ccts:CodeDescription/>
          </xsd:documentation>
        </xsd:annotation>
      </xsd:enumeration>
      <xsd:enumeration value="MF">
        <xsd:annotation>
          <xsd:documentation>
            <ccts:CodeName>milligram per square foot per side</ccts:CodeName>
            <ccts:CodeDescription/>
          </xsd:documentation>
        </xsd:annotation>
      </xsd:enumeration>
      <xsd:enumeration value="MGM">
        <xsd:annotation>
          <xsd:documentation>
            <ccts:CodeName>milligram</ccts:CodeName>
            <ccts:CodeDescription/>
          </xsd:documentation>
        </xsd:annotation>
      </xsd:enumeration>
      <xsd:enumeration value="MHZ">
        <xsd:annotation>
          <xsd:documentation>
            <ccts:CodeName>megahertz</ccts:CodeName>
            <ccts:CodeDescription/>
          </xsd:documentation>
        </xsd:annotation>
      </xsd:enumeration>
      <xsd:enumeration value="MIK">
        <xsd:annotation>
          <xsd:documentation>
            <ccts:CodeName>square mile</ccts:CodeName>
            <ccts:CodeDescription/>
          </xsd:documentation>
        </xsd:annotation>
      </xsd:enumeration>
      <xsd:enumeration value="MIL">
        <xsd:annotation>
          <xsd:documentation>
            <ccts:CodeName>thousand</ccts:CodeName>
            <ccts:CodeDescription/>
          </xsd:documentation>
        </xsd:annotation>
      </xsd:enumeration>
      <xsd:enumeration value="MIN">
        <xsd:annotation>
          <xsd:documentation>
            <ccts:CodeName>minute</ccts:CodeName>
            <ccts:CodeDescription/>
          </xsd:documentation>
        </xsd:annotation>
      </xsd:enumeration>
      <xsd:enumeration value="MIO">
        <xsd:annotation>
          <xsd:documentation>
            <ccts:CodeName>million</ccts:CodeName>
            <ccts:CodeDescription/>
          </xsd:documentation>
        </xsd:annotation>
      </xsd:enumeration>
      <xsd:enumeration value="MIU">
        <xsd:annotation>
          <xsd:documentation>
            <ccts:CodeName>million international unit</ccts:CodeName>
            <ccts:CodeDescription/>
          </xsd:documentation>
        </xsd:annotation>
      </xsd:enumeration>
      <xsd:enumeration value="MK">
        <xsd:annotation>
          <xsd:documentation>
            <ccts:CodeName>milligram per square inch</ccts:CodeName>
            <ccts:CodeDescription/>
          </xsd:documentation>
        </xsd:annotation>
      </xsd:enumeration>
      <xsd:enumeration value="MLD">
        <xsd:annotation>
          <xsd:documentation>
            <ccts:CodeName>milliard</ccts:CodeName>
            <ccts:CodeDescription>Remarks by GEFEG mbH:
Synonym  MLD = billion (US)</ccts:CodeDescription>
          </xsd:documentation>
        </xsd:annotation>
      </xsd:enumeration>
      <xsd:enumeration value="MLT">
        <xsd:annotation>
          <xsd:documentation>
            <ccts:CodeName>millilitre</ccts:CodeName>
            <ccts:CodeDescription/>
          </xsd:documentation>
        </xsd:annotation>
      </xsd:enumeration>
      <xsd:enumeration value="MMK">
        <xsd:annotation>
          <xsd:documentation>
            <ccts:CodeName>square millimetre</ccts:CodeName>
            <ccts:CodeDescription/>
          </xsd:documentation>
        </xsd:annotation>
      </xsd:enumeration>
      <xsd:enumeration value="MMQ">
        <xsd:annotation>
          <xsd:documentation>
            <ccts:CodeName>cubic millimetre</ccts:CodeName>
            <ccts:CodeDescription/>
          </xsd:documentation>
        </xsd:annotation>
      </xsd:enumeration>
      <xsd:enumeration value="MMT">
        <xsd:annotation>
          <xsd:documentation>
            <ccts:CodeName>millimetre</ccts:CodeName>
            <ccts:CodeDescription/>
          </xsd:documentation>
        </xsd:annotation>
      </xsd:enumeration>
      <xsd:enumeration value="MON">
        <xsd:annotation>
          <xsd:documentation>
            <ccts:CodeName>month</ccts:CodeName>
            <ccts:CodeDescription/>
          </xsd:documentation>
        </xsd:annotation>
      </xsd:enumeration>
      <xsd:enumeration value="MPA">
        <xsd:annotation>
          <xsd:documentation>
            <ccts:CodeName>megapascal</ccts:CodeName>
            <ccts:CodeDescription/>
          </xsd:documentation>
        </xsd:annotation>
      </xsd:enumeration>
      <xsd:enumeration value="MQ">
        <xsd:annotation>
          <xsd:documentation>
            <ccts:CodeName>thousand metre</ccts:CodeName>
            <ccts:CodeDescription/>
          </xsd:documentation>
        </xsd:annotation>
      </xsd:enumeration>
      <xsd:enumeration value="MQH">
        <xsd:annotation>
          <xsd:documentation>
            <ccts:CodeName>cubic metre per hour</ccts:CodeName>
            <ccts:CodeDescription/>
          </xsd:documentation>
        </xsd:annotation>
      </xsd:enumeration>
      <xsd:enumeration value="MQS">
        <xsd:annotation>
          <xsd:documentation>
            <ccts:CodeName>cubic metre per second</ccts:CodeName>
            <ccts:CodeDescription/>
          </xsd:documentation>
        </xsd:annotation>
      </xsd:enumeration>
      <xsd:enumeration value="MSK">
        <xsd:annotation>
          <xsd:documentation>
            <ccts:CodeName>metre per second squared</ccts:CodeName>
            <ccts:CodeDescription/>
          </xsd:documentation>
        </xsd:annotation>
      </xsd:enumeration>
      <xsd:enumeration value="MT">
        <xsd:annotation>
          <xsd:documentation>
            <ccts:CodeName>mat</ccts:CodeName>
            <ccts:CodeDescription/>
          </xsd:documentation>
        </xsd:annotation>
      </xsd:enumeration>
      <xsd:enumeration value="MTK">
        <xsd:annotation>
          <xsd:documentation>
            <ccts:CodeName>square metre</ccts:CodeName>
            <ccts:CodeDescription/>
          </xsd:documentation>
        </xsd:annotation>
      </xsd:enumeration>
      <xsd:enumeration value="MTQ">
        <xsd:annotation>
          <xsd:documentation>
            <ccts:CodeName>cubic metre</ccts:CodeName>
            <ccts:CodeDescription>Remarks by GEFEG mbH:
Synonym  MTQ = metre cubed</ccts:CodeDescription>
          </xsd:documentation>
        </xsd:annotation>
      </xsd:enumeration>
      <xsd:enumeration value="MTR">
        <xsd:annotation>
          <xsd:documentation>
            <ccts:CodeName>metre</ccts:CodeName>
            <ccts:CodeDescription/>
          </xsd:documentation>
        </xsd:annotation>
      </xsd:enumeration>
      <xsd:enumeration value="MTS">
        <xsd:annotation>
          <xsd:documentation>
            <ccts:CodeName>metre per second</ccts:CodeName>
            <ccts:CodeDescription/>
          </xsd:documentation>
        </xsd:annotation>
      </xsd:enumeration>
      <xsd:enumeration value="MV">
        <xsd:annotation>
          <xsd:documentation>
            <ccts:CodeName>number of mults</ccts:CodeName>
            <ccts:CodeDescription/>
          </xsd:documentation>
        </xsd:annotation>
      </xsd:enumeration>
      <xsd:enumeration value="MVA">
        <xsd:annotation>
          <xsd:documentation>
            <ccts:CodeName>megavolt - ampere</ccts:CodeName>
            <ccts:CodeDescription/>
          </xsd:documentation>
        </xsd:annotation>
      </xsd:enumeration>
      <xsd:enumeration value="MWH">
        <xsd:annotation>
          <xsd:documentation>
            <ccts:CodeName>megawatt hour (1000 kW.h)</ccts:CodeName>
            <ccts:CodeDescription/>
          </xsd:documentation>
        </xsd:annotation>
      </xsd:enumeration>
      <xsd:enumeration value="N1">
        <xsd:annotation>
          <xsd:documentation>
            <ccts:CodeName>pen calorie</ccts:CodeName>
            <ccts:CodeDescription/>
          </xsd:documentation>
        </xsd:annotation>
      </xsd:enumeration>
      <xsd:enumeration value="N2">
        <xsd:annotation>
          <xsd:documentation>
            <ccts:CodeName>number of lines</ccts:CodeName>
            <ccts:CodeDescription/>
          </xsd:documentation>
        </xsd:annotation>
      </xsd:enumeration>
      <xsd:enumeration value="N3">
        <xsd:annotation>
          <xsd:documentation>
            <ccts:CodeName>print point</ccts:CodeName>
            <ccts:CodeDescription/>
          </xsd:documentation>
        </xsd:annotation>
      </xsd:enumeration>
      <xsd:enumeration value="NA">
        <xsd:annotation>
          <xsd:documentation>
            <ccts:CodeName>milligram per kilogram</ccts:CodeName>
            <ccts:CodeDescription/>
          </xsd:documentation>
        </xsd:annotation>
      </xsd:enumeration>
      <xsd:enumeration value="NAR">
        <xsd:annotation>
          <xsd:documentation>
            <ccts:CodeName>number of  articles</ccts:CodeName>
            <ccts:CodeDescription/>
          </xsd:documentation>
        </xsd:annotation>
      </xsd:enumeration>
      <xsd:enumeration value="NB">
        <xsd:annotation>
          <xsd:documentation>
            <ccts:CodeName>barge</ccts:CodeName>
            <ccts:CodeDescription/>
          </xsd:documentation>
        </xsd:annotation>
      </xsd:enumeration>
      <xsd:enumeration value="NBB">
        <xsd:annotation>
          <xsd:documentation>
            <ccts:CodeName>number of bobbins</ccts:CodeName>
            <ccts:CodeDescription/>
          </xsd:documentation>
        </xsd:annotation>
      </xsd:enumeration>
      <xsd:enumeration value="NC">
        <xsd:annotation>
          <xsd:documentation>
            <ccts:CodeName>car</ccts:CodeName>
            <ccts:CodeDescription/>
          </xsd:documentation>
        </xsd:annotation>
      </xsd:enumeration>
      <xsd:enumeration value="NCL">
        <xsd:annotation>
          <xsd:documentation>
            <ccts:CodeName>number of cells</ccts:CodeName>
            <ccts:CodeDescription/>
          </xsd:documentation>
        </xsd:annotation>
      </xsd:enumeration>
      <xsd:enumeration value="ND">
        <xsd:annotation>
          <xsd:documentation>
            <ccts:CodeName>net barrel</ccts:CodeName>
            <ccts:CodeDescription/>
          </xsd:documentation>
        </xsd:annotation>
      </xsd:enumeration>
      <xsd:enumeration value="NE">
        <xsd:annotation>
          <xsd:documentation>
            <ccts:CodeName>net litre</ccts:CodeName>
            <ccts:CodeDescription/>
          </xsd:documentation>
        </xsd:annotation>
      </xsd:enumeration>
      <xsd:enumeration value="NEW">
        <xsd:annotation>
          <xsd:documentation>
            <ccts:CodeName>newton</ccts:CodeName>
            <ccts:CodeDescription/>
          </xsd:documentation>
        </xsd:annotation>
      </xsd:enumeration>
      <xsd:enumeration value="NF">
        <xsd:annotation>
          <xsd:documentation>
            <ccts:CodeName>message</ccts:CodeName>
            <ccts:CodeDescription/>
          </xsd:documentation>
        </xsd:annotation>
      </xsd:enumeration>
      <xsd:enumeration value="NG">
        <xsd:annotation>
          <xsd:documentation>
            <ccts:CodeName>net gallon (us)</ccts:CodeName>
            <ccts:CodeDescription/>
          </xsd:documentation>
        </xsd:annotation>
      </xsd:enumeration>
      <xsd:enumeration value="NH">
        <xsd:annotation>
          <xsd:documentation>
            <ccts:CodeName>message hour</ccts:CodeName>
            <ccts:CodeDescription/>
          </xsd:documentation>
        </xsd:annotation>
      </xsd:enumeration>
      <xsd:enumeration value="NI">
        <xsd:annotation>
          <xsd:documentation>
            <ccts:CodeName>net imperial gallon</ccts:CodeName>
            <ccts:CodeDescription/>
          </xsd:documentation>
        </xsd:annotation>
      </xsd:enumeration>
      <xsd:enumeration value="NIU">
        <xsd:annotation>
          <xsd:documentation>
            <ccts:CodeName>number of international units</ccts:CodeName>
            <ccts:CodeDescription/>
          </xsd:documentation>
        </xsd:annotation>
      </xsd:enumeration>
      <xsd:enumeration value="NJ">
        <xsd:annotation>
          <xsd:documentation>
            <ccts:CodeName>number of screens</ccts:CodeName>
            <ccts:CodeDescription/>
          </xsd:documentation>
        </xsd:annotation>
      </xsd:enumeration>
      <xsd:enumeration value="NL">
        <xsd:annotation>
          <xsd:documentation>
            <ccts:CodeName>load</ccts:CodeName>
            <ccts:CodeDescription/>
          </xsd:documentation>
        </xsd:annotation>
      </xsd:enumeration>
      <xsd:enumeration value="NMI">
        <xsd:annotation>
          <xsd:documentation>
            <ccts:CodeName>nautical mile</ccts:CodeName>
            <ccts:CodeDescription/>
          </xsd:documentation>
        </xsd:annotation>
      </xsd:enumeration>
      <xsd:enumeration value="NMP">
        <xsd:annotation>
          <xsd:documentation>
            <ccts:CodeName>number of packs</ccts:CodeName>
            <ccts:CodeDescription/>
          </xsd:documentation>
        </xsd:annotation>
      </xsd:enumeration>
      <xsd:enumeration value="NN">
        <xsd:annotation>
          <xsd:documentation>
            <ccts:CodeName>train</ccts:CodeName>
            <ccts:CodeDescription/>
          </xsd:documentation>
        </xsd:annotation>
      </xsd:enumeration>
      <xsd:enumeration value="NPL">
        <xsd:annotation>
          <xsd:documentation>
            <ccts:CodeName>number of parcels</ccts:CodeName>
            <ccts:CodeDescription/>
          </xsd:documentation>
        </xsd:annotation>
      </xsd:enumeration>
      <xsd:enumeration value="NPR">
        <xsd:annotation>
          <xsd:documentation>
            <ccts:CodeName>number of pairs</ccts:CodeName>
            <ccts:CodeDescription/>
          </xsd:documentation>
        </xsd:annotation>
      </xsd:enumeration>
      <xsd:enumeration value="NPT">
        <xsd:annotation>
          <xsd:documentation>
            <ccts:CodeName>number of parts</ccts:CodeName>
            <ccts:CodeDescription/>
          </xsd:documentation>
        </xsd:annotation>
      </xsd:enumeration>
      <xsd:enumeration value="NQ">
        <xsd:annotation>
          <xsd:documentation>
            <ccts:CodeName>mho</ccts:CodeName>
            <ccts:CodeDescription/>
          </xsd:documentation>
        </xsd:annotation>
      </xsd:enumeration>
      <xsd:enumeration value="NR">
        <xsd:annotation>
          <xsd:documentation>
            <ccts:CodeName>micromho</ccts:CodeName>
            <ccts:CodeDescription/>
          </xsd:documentation>
        </xsd:annotation>
      </xsd:enumeration>
      <xsd:enumeration value="NRL">
        <xsd:annotation>
          <xsd:documentation>
            <ccts:CodeName>number of rolls</ccts:CodeName>
            <ccts:CodeDescription/>
          </xsd:documentation>
        </xsd:annotation>
      </xsd:enumeration>
      <xsd:enumeration value="NT">
        <xsd:annotation>
          <xsd:documentation>
            <ccts:CodeName>net ton</ccts:CodeName>
            <ccts:CodeDescription>Remarks by GEFEG mbH:
Synonym  NT = metric net ton</ccts:CodeDescription>
          </xsd:documentation>
        </xsd:annotation>
      </xsd:enumeration>
      <xsd:enumeration value="NTT">
        <xsd:annotation>
          <xsd:documentation>
            <ccts:CodeName>net register ton</ccts:CodeName>
            <ccts:CodeDescription/>
          </xsd:documentation>
        </xsd:annotation>
      </xsd:enumeration>
      <xsd:enumeration value="NU">
        <xsd:annotation>
          <xsd:documentation>
            <ccts:CodeName>newton metre</ccts:CodeName>
            <ccts:CodeDescription/>
          </xsd:documentation>
        </xsd:annotation>
      </xsd:enumeration>
      <xsd:enumeration value="NV">
        <xsd:annotation>
          <xsd:documentation>
            <ccts:CodeName>vehicle</ccts:CodeName>
            <ccts:CodeDescription/>
          </xsd:documentation>
        </xsd:annotation>
      </xsd:enumeration>
      <xsd:enumeration value="NX">
        <xsd:annotation>
          <xsd:documentation>
            <ccts:CodeName>part per thousand</ccts:CodeName>
            <ccts:CodeDescription/>
          </xsd:documentation>
        </xsd:annotation>
      </xsd:enumeration>
      <xsd:enumeration value="NY">
        <xsd:annotation>
          <xsd:documentation>
            <ccts:CodeName>pound per air dry metric ton</ccts:CodeName>
            <ccts:CodeDescription/>
          </xsd:documentation>
        </xsd:annotation>
      </xsd:enumeration>
      <xsd:enumeration value="OA">
        <xsd:annotation>
          <xsd:documentation>
            <ccts:CodeName>panel</ccts:CodeName>
            <ccts:CodeDescription/>
          </xsd:documentation>
        </xsd:annotation>
      </xsd:enumeration>
      <xsd:enumeration value="OHM">
        <xsd:annotation>
          <xsd:documentation>
            <ccts:CodeName>ohm</ccts:CodeName>
            <ccts:CodeDescription/>
          </xsd:documentation>
        </xsd:annotation>
      </xsd:enumeration>
      <xsd:enumeration value="ON">
        <xsd:annotation>
          <xsd:documentation>
            <ccts:CodeName>ounce per square yard</ccts:CodeName>
            <ccts:CodeDescription/>
          </xsd:documentation>
        </xsd:annotation>
      </xsd:enumeration>
      <xsd:enumeration value="ONZ">
        <xsd:annotation>
          <xsd:documentation>
            <ccts:CodeName>ounce</ccts:CodeName>
            <ccts:CodeDescription/>
          </xsd:documentation>
        </xsd:annotation>
      </xsd:enumeration>
      <xsd:enumeration value="OP">
        <xsd:annotation>
          <xsd:documentation>
            <ccts:CodeName>two pack</ccts:CodeName>
            <ccts:CodeDescription/>
          </xsd:documentation>
        </xsd:annotation>
      </xsd:enumeration>
      <xsd:enumeration value="OT">
        <xsd:annotation>
          <xsd:documentation>
            <ccts:CodeName>overtime hour</ccts:CodeName>
            <ccts:CodeDescription/>
          </xsd:documentation>
        </xsd:annotation>
      </xsd:enumeration>
      <xsd:enumeration value="OZ">
        <xsd:annotation>
          <xsd:documentation>
            <ccts:CodeName>ounce av</ccts:CodeName>
            <ccts:CodeDescription/>
          </xsd:documentation>
        </xsd:annotation>
      </xsd:enumeration>
      <xsd:enumeration value="OZA">
        <xsd:annotation>
          <xsd:documentation>
            <ccts:CodeName>fluid ounce (US)</ccts:CodeName>
            <ccts:CodeDescription/>
          </xsd:documentation>
        </xsd:annotation>
      </xsd:enumeration>
      <xsd:enumeration value="OZI">
        <xsd:annotation>
          <xsd:documentation>
            <ccts:CodeName>fluid ounce (UK)</ccts:CodeName>
            <ccts:CodeDescription/>
          </xsd:documentation>
        </xsd:annotation>
      </xsd:enumeration>
      <xsd:enumeration value="P0">
        <xsd:annotation>
          <xsd:documentation>
            <ccts:CodeName>page - electronic</ccts:CodeName>
            <ccts:CodeDescription/>
          </xsd:documentation>
        </xsd:annotation>
      </xsd:enumeration>
      <xsd:enumeration value="P1">
        <xsd:annotation>
          <xsd:documentation>
            <ccts:CodeName>percent</ccts:CodeName>
            <ccts:CodeDescription/>
          </xsd:documentation>
        </xsd:annotation>
      </xsd:enumeration>
      <xsd:enumeration value="P2">
        <xsd:annotation>
          <xsd:documentation>
            <ccts:CodeName>pound per foot</ccts:CodeName>
            <ccts:CodeDescription/>
          </xsd:documentation>
        </xsd:annotation>
      </xsd:enumeration>
      <xsd:enumeration value="P3">
        <xsd:annotation>
          <xsd:documentation>
            <ccts:CodeName>three pack</ccts:CodeName>
            <ccts:CodeDescription/>
          </xsd:documentation>
        </xsd:annotation>
      </xsd:enumeration>
      <xsd:enumeration value="P4">
        <xsd:annotation>
          <xsd:documentation>
            <ccts:CodeName>four pack</ccts:CodeName>
            <ccts:CodeDescription/>
          </xsd:documentation>
        </xsd:annotation>
      </xsd:enumeration>
      <xsd:enumeration value="P5">
        <xsd:annotation>
          <xsd:documentation>
            <ccts:CodeName>five pack</ccts:CodeName>
            <ccts:CodeDescription/>
          </xsd:documentation>
        </xsd:annotation>
      </xsd:enumeration>
      <xsd:enumeration value="P6">
        <xsd:annotation>
          <xsd:documentation>
            <ccts:CodeName>six pack</ccts:CodeName>
            <ccts:CodeDescription/>
          </xsd:documentation>
        </xsd:annotation>
      </xsd:enumeration>
      <xsd:enumeration value="P7">
        <xsd:annotation>
          <xsd:documentation>
            <ccts:CodeName>seven pack</ccts:CodeName>
            <ccts:CodeDescription/>
          </xsd:documentation>
        </xsd:annotation>
      </xsd:enumeration>
      <xsd:enumeration value="P8">
        <xsd:annotation>
          <xsd:documentation>
            <ccts:CodeName>eight pack</ccts:CodeName>
            <ccts:CodeDescription/>
          </xsd:documentation>
        </xsd:annotation>
      </xsd:enumeration>
      <xsd:enumeration value="P9">
        <xsd:annotation>
          <xsd:documentation>
            <ccts:CodeName>nine pack</ccts:CodeName>
            <ccts:CodeDescription/>
          </xsd:documentation>
        </xsd:annotation>
      </xsd:enumeration>
      <xsd:enumeration value="PA">
        <xsd:annotation>
          <xsd:documentation>
            <ccts:CodeName>packet</ccts:CodeName>
            <ccts:CodeDescription/>
          </xsd:documentation>
        </xsd:annotation>
      </xsd:enumeration>
      <xsd:enumeration value="PAL">
        <xsd:annotation>
          <xsd:documentation>
            <ccts:CodeName>pascal</ccts:CodeName>
            <ccts:CodeDescription/>
          </xsd:documentation>
        </xsd:annotation>
      </xsd:enumeration>
      <xsd:enumeration value="PB">
        <xsd:annotation>
          <xsd:documentation>
            <ccts:CodeName>pair inch</ccts:CodeName>
            <ccts:CodeDescription/>
          </xsd:documentation>
        </xsd:annotation>
      </xsd:enumeration>
      <xsd:enumeration value="PD">
        <xsd:annotation>
          <xsd:documentation>
            <ccts:CodeName>pad</ccts:CodeName>
            <ccts:CodeDescription/>
          </xsd:documentation>
        </xsd:annotation>
      </xsd:enumeration>
      <xsd:enumeration value="PE">
        <xsd:annotation>
          <xsd:documentation>
            <ccts:CodeName>pound equivalent</ccts:CodeName>
            <ccts:CodeDescription/>
          </xsd:documentation>
        </xsd:annotation>
      </xsd:enumeration>
      <xsd:enumeration value="PF">
        <xsd:annotation>
          <xsd:documentation>
            <ccts:CodeName>pallet (lift)</ccts:CodeName>
            <ccts:CodeDescription/>
          </xsd:documentation>
        </xsd:annotation>
      </xsd:enumeration>
      <xsd:enumeration value="PG">
        <xsd:annotation>
          <xsd:documentation>
            <ccts:CodeName>plate</ccts:CodeName>
            <ccts:CodeDescription/>
          </xsd:documentation>
        </xsd:annotation>
      </xsd:enumeration>
      <xsd:enumeration value="PGL">
        <xsd:annotation>
          <xsd:documentation>
            <ccts:CodeName>proof gallon</ccts:CodeName>
            <ccts:CodeDescription/>
          </xsd:documentation>
        </xsd:annotation>
      </xsd:enumeration>
      <xsd:enumeration value="PI">
        <xsd:annotation>
          <xsd:documentation>
            <ccts:CodeName>pitch</ccts:CodeName>
            <ccts:CodeDescription/>
          </xsd:documentation>
        </xsd:annotation>
      </xsd:enumeration>
      <xsd:enumeration value="PK">
        <xsd:annotation>
          <xsd:documentation>
            <ccts:CodeName>package</ccts:CodeName>
            <ccts:CodeDescription>Remarks by GEFEG mbH:
Synonym  PK = pack</ccts:CodeDescription>
          </xsd:documentation>
        </xsd:annotation>
      </xsd:enumeration>
      <xsd:enumeration value="PL">
        <xsd:annotation>
          <xsd:documentation>
            <ccts:CodeName>pail</ccts:CodeName>
            <ccts:CodeDescription/>
          </xsd:documentation>
        </xsd:annotation>
      </xsd:enumeration>
      <xsd:enumeration value="PM">
        <xsd:annotation>
          <xsd:documentation>
            <ccts:CodeName>pound percentage</ccts:CodeName>
            <ccts:CodeDescription/>
          </xsd:documentation>
        </xsd:annotation>
      </xsd:enumeration>
      <xsd:enumeration value="PN">
        <xsd:annotation>
          <xsd:documentation>
            <ccts:CodeName>pound net</ccts:CodeName>
            <ccts:CodeDescription/>
          </xsd:documentation>
        </xsd:annotation>
      </xsd:enumeration>
      <xsd:enumeration value="PO">
        <xsd:annotation>
          <xsd:documentation>
            <ccts:CodeName>pound per inch of length</ccts:CodeName>
            <ccts:CodeDescription/>
          </xsd:documentation>
        </xsd:annotation>
      </xsd:enumeration>
      <xsd:enumeration value="PQ">
        <xsd:annotation>
          <xsd:documentation>
            <ccts:CodeName>page per inch</ccts:CodeName>
            <ccts:CodeDescription/>
          </xsd:documentation>
        </xsd:annotation>
      </xsd:enumeration>
      <xsd:enumeration value="PR">
        <xsd:annotation>
          <xsd:documentation>
            <ccts:CodeName>pair</ccts:CodeName>
            <ccts:CodeDescription/>
          </xsd:documentation>
        </xsd:annotation>
      </xsd:enumeration>
      <xsd:enumeration value="PS">
        <xsd:annotation>
          <xsd:documentation>
            <ccts:CodeName>pound-force per square inch</ccts:CodeName>
            <ccts:CodeDescription/>
          </xsd:documentation>
        </xsd:annotation>
      </xsd:enumeration>
      <xsd:enumeration value="PT">
        <xsd:annotation>
          <xsd:documentation>
            <ccts:CodeName>pint (US)</ccts:CodeName>
            <ccts:CodeDescription/>
          </xsd:documentation>
        </xsd:annotation>
      </xsd:enumeration>
      <xsd:enumeration value="PTD">
        <xsd:annotation>
          <xsd:documentation>
            <ccts:CodeName>dry pint (US)</ccts:CodeName>
            <ccts:CodeDescription/>
          </xsd:documentation>
        </xsd:annotation>
      </xsd:enumeration>
      <xsd:enumeration value="PTI">
        <xsd:annotation>
          <xsd:documentation>
            <ccts:CodeName>pint  (UK)</ccts:CodeName>
            <ccts:CodeDescription/>
          </xsd:documentation>
        </xsd:annotation>
      </xsd:enumeration>
      <xsd:enumeration value="PTL">
        <xsd:annotation>
          <xsd:documentation>
            <ccts:CodeName>liquid pint (US)</ccts:CodeName>
            <ccts:CodeDescription/>
          </xsd:documentation>
        </xsd:annotation>
      </xsd:enumeration>
      <xsd:enumeration value="PU">
        <xsd:annotation>
          <xsd:documentation>
            <ccts:CodeName>tray / tray pack</ccts:CodeName>
            <ccts:CodeDescription/>
          </xsd:documentation>
        </xsd:annotation>
      </xsd:enumeration>
      <xsd:enumeration value="PV">
        <xsd:annotation>
          <xsd:documentation>
            <ccts:CodeName>half pint (US)</ccts:CodeName>
            <ccts:CodeDescription/>
          </xsd:documentation>
        </xsd:annotation>
      </xsd:enumeration>
      <xsd:enumeration value="PW">
        <xsd:annotation>
          <xsd:documentation>
            <ccts:CodeName>pound per inch of width</ccts:CodeName>
            <ccts:CodeDescription/>
          </xsd:documentation>
        </xsd:annotation>
      </xsd:enumeration>
      <xsd:enumeration value="PY">
        <xsd:annotation>
          <xsd:documentation>
            <ccts:CodeName>peck dry (US)</ccts:CodeName>
            <ccts:CodeDescription/>
          </xsd:documentation>
        </xsd:annotation>
      </xsd:enumeration>
      <xsd:enumeration value="PZ">
        <xsd:annotation>
          <xsd:documentation>
            <ccts:CodeName>peck dry (UK)</ccts:CodeName>
            <ccts:CodeDescription/>
          </xsd:documentation>
        </xsd:annotation>
      </xsd:enumeration>
      <xsd:enumeration value="Q3">
        <xsd:annotation>
          <xsd:documentation>
            <ccts:CodeName>meal</ccts:CodeName>
            <ccts:CodeDescription/>
          </xsd:documentation>
        </xsd:annotation>
      </xsd:enumeration>
      <xsd:enumeration value="QA">
        <xsd:annotation>
          <xsd:documentation>
            <ccts:CodeName>page - facsimile</ccts:CodeName>
            <ccts:CodeDescription/>
          </xsd:documentation>
        </xsd:annotation>
      </xsd:enumeration>
      <xsd:enumeration value="QAN">
        <xsd:annotation>
          <xsd:documentation>
            <ccts:CodeName>quarter (of a year)</ccts:CodeName>
            <ccts:CodeDescription/>
          </xsd:documentation>
        </xsd:annotation>
      </xsd:enumeration>
      <xsd:enumeration value="QB">
        <xsd:annotation>
          <xsd:documentation>
            <ccts:CodeName>page - hardcopy</ccts:CodeName>
            <ccts:CodeDescription/>
          </xsd:documentation>
        </xsd:annotation>
      </xsd:enumeration>
      <xsd:enumeration value="QD">
        <xsd:annotation>
          <xsd:documentation>
            <ccts:CodeName>quarter dozen</ccts:CodeName>
            <ccts:CodeDescription/>
          </xsd:documentation>
        </xsd:annotation>
      </xsd:enumeration>
      <xsd:enumeration value="QH">
        <xsd:annotation>
          <xsd:documentation>
            <ccts:CodeName>quarter hour</ccts:CodeName>
            <ccts:CodeDescription/>
          </xsd:documentation>
        </xsd:annotation>
      </xsd:enumeration>
      <xsd:enumeration value="QK">
        <xsd:annotation>
          <xsd:documentation>
            <ccts:CodeName>quarter kilogram</ccts:CodeName>
            <ccts:CodeDescription/>
          </xsd:documentation>
        </xsd:annotation>
      </xsd:enumeration>
      <xsd:enumeration value="QR">
        <xsd:annotation>
          <xsd:documentation>
            <ccts:CodeName>quire</ccts:CodeName>
            <ccts:CodeDescription/>
          </xsd:documentation>
        </xsd:annotation>
      </xsd:enumeration>
      <xsd:enumeration value="QT">
        <xsd:annotation>
          <xsd:documentation>
            <ccts:CodeName>quart (US)</ccts:CodeName>
            <ccts:CodeDescription/>
          </xsd:documentation>
        </xsd:annotation>
      </xsd:enumeration>
      <xsd:enumeration value="QTD">
        <xsd:annotation>
          <xsd:documentation>
            <ccts:CodeName>dry quart (US)</ccts:CodeName>
            <ccts:CodeDescription/>
          </xsd:documentation>
        </xsd:annotation>
      </xsd:enumeration>
      <xsd:enumeration value="QTI">
        <xsd:annotation>
          <xsd:documentation>
            <ccts:CodeName>quart (UK)</ccts:CodeName>
            <ccts:CodeDescription/>
          </xsd:documentation>
        </xsd:annotation>
      </xsd:enumeration>
      <xsd:enumeration value="QTL">
        <xsd:annotation>
          <xsd:documentation>
            <ccts:CodeName>liquid quart (US)</ccts:CodeName>
            <ccts:CodeDescription/>
          </xsd:documentation>
        </xsd:annotation>
      </xsd:enumeration>
      <xsd:enumeration value="QTR">
        <xsd:annotation>
          <xsd:documentation>
            <ccts:CodeName>quarter (UK)</ccts:CodeName>
            <ccts:CodeDescription/>
          </xsd:documentation>
        </xsd:annotation>
      </xsd:enumeration>
      <xsd:enumeration value="R1">
        <xsd:annotation>
          <xsd:documentation>
            <ccts:CodeName>pica</ccts:CodeName>
            <ccts:CodeDescription/>
          </xsd:documentation>
        </xsd:annotation>
      </xsd:enumeration>
      <xsd:enumeration value="R4">
        <xsd:annotation>
          <xsd:documentation>
            <ccts:CodeName>calorie</ccts:CodeName>
            <ccts:CodeDescription/>
          </xsd:documentation>
        </xsd:annotation>
      </xsd:enumeration>
      <xsd:enumeration value="R9">
        <xsd:annotation>
          <xsd:documentation>
            <ccts:CodeName>thousand cubic metre</ccts:CodeName>
            <ccts:CodeDescription/>
          </xsd:documentation>
        </xsd:annotation>
      </xsd:enumeration>
      <xsd:enumeration value="RA">
        <xsd:annotation>
          <xsd:documentation>
            <ccts:CodeName>rack</ccts:CodeName>
            <ccts:CodeDescription/>
          </xsd:documentation>
        </xsd:annotation>
      </xsd:enumeration>
      <xsd:enumeration value="RD">
        <xsd:annotation>
          <xsd:documentation>
            <ccts:CodeName>rod</ccts:CodeName>
            <ccts:CodeDescription/>
          </xsd:documentation>
        </xsd:annotation>
      </xsd:enumeration>
      <xsd:enumeration value="RG">
        <xsd:annotation>
          <xsd:documentation>
            <ccts:CodeName>ring</ccts:CodeName>
            <ccts:CodeDescription/>
          </xsd:documentation>
        </xsd:annotation>
      </xsd:enumeration>
      <xsd:enumeration value="RH">
        <xsd:annotation>
          <xsd:documentation>
            <ccts:CodeName>running or operating hour</ccts:CodeName>
            <ccts:CodeDescription/>
          </xsd:documentation>
        </xsd:annotation>
      </xsd:enumeration>
      <xsd:enumeration value="RK">
        <xsd:annotation>
          <xsd:documentation>
            <ccts:CodeName>roll metric measure</ccts:CodeName>
            <ccts:CodeDescription/>
          </xsd:documentation>
        </xsd:annotation>
      </xsd:enumeration>
      <xsd:enumeration value="RL">
        <xsd:annotation>
          <xsd:documentation>
            <ccts:CodeName>reel</ccts:CodeName>
            <ccts:CodeDescription/>
          </xsd:documentation>
        </xsd:annotation>
      </xsd:enumeration>
      <xsd:enumeration value="RM">
        <xsd:annotation>
          <xsd:documentation>
            <ccts:CodeName>ream</ccts:CodeName>
            <ccts:CodeDescription/>
          </xsd:documentation>
        </xsd:annotation>
      </xsd:enumeration>
      <xsd:enumeration value="RN">
        <xsd:annotation>
          <xsd:documentation>
            <ccts:CodeName>ream metric measure</ccts:CodeName>
            <ccts:CodeDescription/>
          </xsd:documentation>
        </xsd:annotation>
      </xsd:enumeration>
      <xsd:enumeration value="RO">
        <xsd:annotation>
          <xsd:documentation>
            <ccts:CodeName>roll</ccts:CodeName>
            <ccts:CodeDescription/>
          </xsd:documentation>
        </xsd:annotation>
      </xsd:enumeration>
      <xsd:enumeration value="RP">
        <xsd:annotation>
          <xsd:documentation>
            <ccts:CodeName>pound per ream</ccts:CodeName>
            <ccts:CodeDescription/>
          </xsd:documentation>
        </xsd:annotation>
      </xsd:enumeration>
      <xsd:enumeration value="RPM">
        <xsd:annotation>
          <xsd:documentation>
            <ccts:CodeName>revolutions per minute</ccts:CodeName>
            <ccts:CodeDescription/>
          </xsd:documentation>
        </xsd:annotation>
      </xsd:enumeration>
      <xsd:enumeration value="RPS">
        <xsd:annotation>
          <xsd:documentation>
            <ccts:CodeName>revolutions per second</ccts:CodeName>
            <ccts:CodeDescription/>
          </xsd:documentation>
        </xsd:annotation>
      </xsd:enumeration>
      <xsd:enumeration value="RS">
        <xsd:annotation>
          <xsd:documentation>
            <ccts:CodeName>reset</ccts:CodeName>
            <ccts:CodeDescription/>
          </xsd:documentation>
        </xsd:annotation>
      </xsd:enumeration>
      <xsd:enumeration value="RT">
        <xsd:annotation>
          <xsd:documentation>
            <ccts:CodeName>revenue ton mile</ccts:CodeName>
            <ccts:CodeDescription/>
          </xsd:documentation>
        </xsd:annotation>
      </xsd:enumeration>
      <xsd:enumeration value="RU">
        <xsd:annotation>
          <xsd:documentation>
            <ccts:CodeName>run</ccts:CodeName>
            <ccts:CodeDescription/>
          </xsd:documentation>
        </xsd:annotation>
      </xsd:enumeration>
      <xsd:enumeration value="S3">
        <xsd:annotation>
          <xsd:documentation>
            <ccts:CodeName>square foot per second</ccts:CodeName>
            <ccts:CodeDescription/>
          </xsd:documentation>
        </xsd:annotation>
      </xsd:enumeration>
      <xsd:enumeration value="S4">
        <xsd:annotation>
          <xsd:documentation>
            <ccts:CodeName>square metre per second</ccts:CodeName>
            <ccts:CodeDescription/>
          </xsd:documentation>
        </xsd:annotation>
      </xsd:enumeration>
      <xsd:enumeration value="S5">
        <xsd:annotation>
          <xsd:documentation>
            <ccts:CodeName>sixty fourths of an inch</ccts:CodeName>
            <ccts:CodeDescription/>
          </xsd:documentation>
        </xsd:annotation>
      </xsd:enumeration>
      <xsd:enumeration value="S6">
        <xsd:annotation>
          <xsd:documentation>
            <ccts:CodeName>session</ccts:CodeName>
            <ccts:CodeDescription/>
          </xsd:documentation>
        </xsd:annotation>
      </xsd:enumeration>
      <xsd:enumeration value="S7">
        <xsd:annotation>
          <xsd:documentation>
            <ccts:CodeName>storage unit</ccts:CodeName>
            <ccts:CodeDescription/>
          </xsd:documentation>
        </xsd:annotation>
      </xsd:enumeration>
      <xsd:enumeration value="S8">
        <xsd:annotation>
          <xsd:documentation>
            <ccts:CodeName>standard advertising unit</ccts:CodeName>
            <ccts:CodeDescription/>
          </xsd:documentation>
        </xsd:annotation>
      </xsd:enumeration>
      <xsd:enumeration value="SA">
        <xsd:annotation>
          <xsd:documentation>
            <ccts:CodeName>sack</ccts:CodeName>
            <ccts:CodeDescription/>
          </xsd:documentation>
        </xsd:annotation>
      </xsd:enumeration>
      <xsd:enumeration value="SAN">
        <xsd:annotation>
          <xsd:documentation>
            <ccts:CodeName>half year (6 months)</ccts:CodeName>
            <ccts:CodeDescription/>
          </xsd:documentation>
        </xsd:annotation>
      </xsd:enumeration>
      <xsd:enumeration value="SCO">
        <xsd:annotation>
          <xsd:documentation>
            <ccts:CodeName>score</ccts:CodeName>
            <ccts:CodeDescription/>
          </xsd:documentation>
        </xsd:annotation>
      </xsd:enumeration>
      <xsd:enumeration value="SCR">
        <xsd:annotation>
          <xsd:documentation>
            <ccts:CodeName>scruple</ccts:CodeName>
            <ccts:CodeDescription/>
          </xsd:documentation>
        </xsd:annotation>
      </xsd:enumeration>
      <xsd:enumeration value="SD">
        <xsd:annotation>
          <xsd:documentation>
            <ccts:CodeName>solid pound</ccts:CodeName>
            <ccts:CodeDescription/>
          </xsd:documentation>
        </xsd:annotation>
      </xsd:enumeration>
      <xsd:enumeration value="SE">
        <xsd:annotation>
          <xsd:documentation>
            <ccts:CodeName>section</ccts:CodeName>
            <ccts:CodeDescription/>
          </xsd:documentation>
        </xsd:annotation>
      </xsd:enumeration>
      <xsd:enumeration value="SEC">
        <xsd:annotation>
          <xsd:documentation>
            <ccts:CodeName>second</ccts:CodeName>
            <ccts:CodeDescription/>
          </xsd:documentation>
        </xsd:annotation>
      </xsd:enumeration>
      <xsd:enumeration value="SET">
        <xsd:annotation>
          <xsd:documentation>
            <ccts:CodeName>set</ccts:CodeName>
            <ccts:CodeDescription/>
          </xsd:documentation>
        </xsd:annotation>
      </xsd:enumeration>
      <xsd:enumeration value="SG">
        <xsd:annotation>
          <xsd:documentation>
            <ccts:CodeName>segment</ccts:CodeName>
            <ccts:CodeDescription/>
          </xsd:documentation>
        </xsd:annotation>
      </xsd:enumeration>
      <xsd:enumeration value="SHT">
        <xsd:annotation>
          <xsd:documentation>
            <ccts:CodeName>shipping ton</ccts:CodeName>
            <ccts:CodeDescription/>
          </xsd:documentation>
        </xsd:annotation>
      </xsd:enumeration>
      <xsd:enumeration value="SIE">
        <xsd:annotation>
          <xsd:documentation>
            <ccts:CodeName>siemens</ccts:CodeName>
            <ccts:CodeDescription/>
          </xsd:documentation>
        </xsd:annotation>
      </xsd:enumeration>
      <xsd:enumeration value="SK">
        <xsd:annotation>
          <xsd:documentation>
            <ccts:CodeName>split tanktruck</ccts:CodeName>
            <ccts:CodeDescription/>
          </xsd:documentation>
        </xsd:annotation>
      </xsd:enumeration>
      <xsd:enumeration value="SL">
        <xsd:annotation>
          <xsd:documentation>
            <ccts:CodeName>slipsheet</ccts:CodeName>
            <ccts:CodeDescription/>
          </xsd:documentation>
        </xsd:annotation>
      </xsd:enumeration>
      <xsd:enumeration value="SMI">
        <xsd:annotation>
          <xsd:documentation>
            <ccts:CodeName>mile (statute mile)</ccts:CodeName>
            <ccts:CodeDescription/>
          </xsd:documentation>
        </xsd:annotation>
      </xsd:enumeration>
      <xsd:enumeration value="SN">
        <xsd:annotation>
          <xsd:documentation>
            <ccts:CodeName>square rod</ccts:CodeName>
            <ccts:CodeDescription/>
          </xsd:documentation>
        </xsd:annotation>
      </xsd:enumeration>
      <xsd:enumeration value="SO">
        <xsd:annotation>
          <xsd:documentation>
            <ccts:CodeName>spool</ccts:CodeName>
            <ccts:CodeDescription/>
          </xsd:documentation>
        </xsd:annotation>
      </xsd:enumeration>
      <xsd:enumeration value="SP">
        <xsd:annotation>
          <xsd:documentation>
            <ccts:CodeName>shelf package</ccts:CodeName>
            <ccts:CodeDescription/>
          </xsd:documentation>
        </xsd:annotation>
      </xsd:enumeration>
      <xsd:enumeration value="SQ">
        <xsd:annotation>
          <xsd:documentation>
            <ccts:CodeName>square</ccts:CodeName>
            <ccts:CodeDescription/>
          </xsd:documentation>
        </xsd:annotation>
      </xsd:enumeration>
      <xsd:enumeration value="SR">
        <xsd:annotation>
          <xsd:documentation>
            <ccts:CodeName>strip</ccts:CodeName>
            <ccts:CodeDescription/>
          </xsd:documentation>
        </xsd:annotation>
      </xsd:enumeration>
      <xsd:enumeration value="SS">
        <xsd:annotation>
          <xsd:documentation>
            <ccts:CodeName>sheet  metric measure</ccts:CodeName>
            <ccts:CodeDescription/>
          </xsd:documentation>
        </xsd:annotation>
      </xsd:enumeration>
      <xsd:enumeration value="SST">
        <xsd:annotation>
          <xsd:documentation>
            <ccts:CodeName>short standard (7200 matches)</ccts:CodeName>
            <ccts:CodeDescription/>
          </xsd:documentation>
        </xsd:annotation>
      </xsd:enumeration>
      <xsd:enumeration value="ST">
        <xsd:annotation>
          <xsd:documentation>
            <ccts:CodeName>sheet</ccts:CodeName>
            <ccts:CodeDescription/>
          </xsd:documentation>
        </xsd:annotation>
      </xsd:enumeration>
      <xsd:enumeration value="STI">
        <xsd:annotation>
          <xsd:documentation>
            <ccts:CodeName>stone (UK)</ccts:CodeName>
            <ccts:CodeDescription/>
          </xsd:documentation>
        </xsd:annotation>
      </xsd:enumeration>
      <xsd:enumeration value="STN">
        <xsd:annotation>
          <xsd:documentation>
            <ccts:CodeName>ton (US) or short ton (UK/US)</ccts:CodeName>
            <ccts:CodeDescription>Remarks by GEFEG mbH:
Synonym  STN = net ton (2000 lb)</ccts:CodeDescription>
          </xsd:documentation>
        </xsd:annotation>
      </xsd:enumeration>
      <xsd:enumeration value="SV">
        <xsd:annotation>
          <xsd:documentation>
            <ccts:CodeName>skid</ccts:CodeName>
            <ccts:CodeDescription/>
          </xsd:documentation>
        </xsd:annotation>
      </xsd:enumeration>
      <xsd:enumeration value="SW">
        <xsd:annotation>
          <xsd:documentation>
            <ccts:CodeName>skein</ccts:CodeName>
            <ccts:CodeDescription/>
          </xsd:documentation>
        </xsd:annotation>
      </xsd:enumeration>
      <xsd:enumeration value="SX">
        <xsd:annotation>
          <xsd:documentation>
            <ccts:CodeName>shipment</ccts:CodeName>
            <ccts:CodeDescription/>
          </xsd:documentation>
        </xsd:annotation>
      </xsd:enumeration>
      <xsd:enumeration value="T0">
        <xsd:annotation>
          <xsd:documentation>
            <ccts:CodeName>telecommunication line in service</ccts:CodeName>
            <ccts:CodeDescription/>
          </xsd:documentation>
        </xsd:annotation>
      </xsd:enumeration>
      <xsd:enumeration value="T1">
        <xsd:annotation>
          <xsd:documentation>
            <ccts:CodeName>thousand pound gross</ccts:CodeName>
            <ccts:CodeDescription/>
          </xsd:documentation>
        </xsd:annotation>
      </xsd:enumeration>
      <xsd:enumeration value="T3">
        <xsd:annotation>
          <xsd:documentation>
            <ccts:CodeName>thousand piece</ccts:CodeName>
            <ccts:CodeDescription/>
          </xsd:documentation>
        </xsd:annotation>
      </xsd:enumeration>
      <xsd:enumeration value="T4">
        <xsd:annotation>
          <xsd:documentation>
            <ccts:CodeName>thousand bag</ccts:CodeName>
            <ccts:CodeDescription/>
          </xsd:documentation>
        </xsd:annotation>
      </xsd:enumeration>
      <xsd:enumeration value="T5">
        <xsd:annotation>
          <xsd:documentation>
            <ccts:CodeName>thousand casing</ccts:CodeName>
            <ccts:CodeDescription/>
          </xsd:documentation>
        </xsd:annotation>
      </xsd:enumeration>
      <xsd:enumeration value="T6">
        <xsd:annotation>
          <xsd:documentation>
            <ccts:CodeName>thousand gallon (US)</ccts:CodeName>
            <ccts:CodeDescription/>
          </xsd:documentation>
        </xsd:annotation>
      </xsd:enumeration>
      <xsd:enumeration value="T7">
        <xsd:annotation>
          <xsd:documentation>
            <ccts:CodeName>thousand impression</ccts:CodeName>
            <ccts:CodeDescription/>
          </xsd:documentation>
        </xsd:annotation>
      </xsd:enumeration>
      <xsd:enumeration value="T8">
        <xsd:annotation>
          <xsd:documentation>
            <ccts:CodeName>thousand linear inch</ccts:CodeName>
            <ccts:CodeDescription/>
          </xsd:documentation>
        </xsd:annotation>
      </xsd:enumeration>
      <xsd:enumeration value="TA">
        <xsd:annotation>
          <xsd:documentation>
            <ccts:CodeName>tenth cubic foot</ccts:CodeName>
            <ccts:CodeDescription/>
          </xsd:documentation>
        </xsd:annotation>
      </xsd:enumeration>
      <xsd:enumeration value="TAH">
        <xsd:annotation>
          <xsd:documentation>
            <ccts:CodeName>kiloampere hour (thousand ampere hour)</ccts:CodeName>
            <ccts:CodeDescription/>
          </xsd:documentation>
        </xsd:annotation>
      </xsd:enumeration>
      <xsd:enumeration value="TC">
        <xsd:annotation>
          <xsd:documentation>
            <ccts:CodeName>truckload</ccts:CodeName>
            <ccts:CodeDescription/>
          </xsd:documentation>
        </xsd:annotation>
      </xsd:enumeration>
      <xsd:enumeration value="TD">
        <xsd:annotation>
          <xsd:documentation>
            <ccts:CodeName>therm</ccts:CodeName>
            <ccts:CodeDescription/>
          </xsd:documentation>
        </xsd:annotation>
      </xsd:enumeration>
      <xsd:enumeration value="TE">
        <xsd:annotation>
          <xsd:documentation>
            <ccts:CodeName>tote</ccts:CodeName>
            <ccts:CodeDescription/>
          </xsd:documentation>
        </xsd:annotation>
      </xsd:enumeration>
      <xsd:enumeration value="TF">
        <xsd:annotation>
          <xsd:documentation>
            <ccts:CodeName>ten square yard</ccts:CodeName>
            <ccts:CodeDescription/>
          </xsd:documentation>
        </xsd:annotation>
      </xsd:enumeration>
      <xsd:enumeration value="TI">
        <xsd:annotation>
          <xsd:documentation>
            <ccts:CodeName>thousand square inch</ccts:CodeName>
            <ccts:CodeDescription/>
          </xsd:documentation>
        </xsd:annotation>
      </xsd:enumeration>
      <xsd:enumeration value="TJ">
        <xsd:annotation>
          <xsd:documentation>
            <ccts:CodeName>thousand square centimetre</ccts:CodeName>
            <ccts:CodeDescription/>
          </xsd:documentation>
        </xsd:annotation>
      </xsd:enumeration>
      <xsd:enumeration value="TK">
        <xsd:annotation>
          <xsd:documentation>
            <ccts:CodeName>tank, rectangular</ccts:CodeName>
            <ccts:CodeDescription/>
          </xsd:documentation>
        </xsd:annotation>
      </xsd:enumeration>
      <xsd:enumeration value="TL">
        <xsd:annotation>
          <xsd:documentation>
            <ccts:CodeName>thousand feet (linear)</ccts:CodeName>
            <ccts:CodeDescription/>
          </xsd:documentation>
        </xsd:annotation>
      </xsd:enumeration>
      <xsd:enumeration value="TN">
        <xsd:annotation>
          <xsd:documentation>
            <ccts:CodeName>tin</ccts:CodeName>
            <ccts:CodeDescription/>
          </xsd:documentation>
        </xsd:annotation>
      </xsd:enumeration>
      <xsd:enumeration value="TNE">
        <xsd:annotation>
          <xsd:documentation>
            <ccts:CodeName>tonne (metric ton)</ccts:CodeName>
            <ccts:CodeDescription>Remarks by GEFEG mbH:
Synonym  TNE = metric ton</ccts:CodeDescription>
          </xsd:documentation>
        </xsd:annotation>
      </xsd:enumeration>
      <xsd:enumeration value="TP">
        <xsd:annotation>
          <xsd:documentation>
            <ccts:CodeName>ten pack</ccts:CodeName>
            <ccts:CodeDescription/>
          </xsd:documentation>
        </xsd:annotation>
      </xsd:enumeration>
      <xsd:enumeration value="TPR">
        <xsd:annotation>
          <xsd:documentation>
            <ccts:CodeName>ten pair</ccts:CodeName>
            <ccts:CodeDescription/>
          </xsd:documentation>
        </xsd:annotation>
      </xsd:enumeration>
      <xsd:enumeration value="TQ">
        <xsd:annotation>
          <xsd:documentation>
            <ccts:CodeName>thousand feet</ccts:CodeName>
            <ccts:CodeDescription/>
          </xsd:documentation>
        </xsd:annotation>
      </xsd:enumeration>
      <xsd:enumeration value="TQD">
        <xsd:annotation>
          <xsd:documentation>
            <ccts:CodeName>thousand cubic metre per day</ccts:CodeName>
            <ccts:CodeDescription/>
          </xsd:documentation>
        </xsd:annotation>
      </xsd:enumeration>
      <xsd:enumeration value="TR">
        <xsd:annotation>
          <xsd:documentation>
            <ccts:CodeName>ten square feet</ccts:CodeName>
            <ccts:CodeDescription/>
          </xsd:documentation>
        </xsd:annotation>
      </xsd:enumeration>
      <xsd:enumeration value="TRL">
        <xsd:annotation>
          <xsd:documentation>
            <ccts:CodeName>trillion (EUR)</ccts:CodeName>
            <ccts:CodeDescription/>
          </xsd:documentation>
        </xsd:annotation>
      </xsd:enumeration>
      <xsd:enumeration value="TS">
        <xsd:annotation>
          <xsd:documentation>
            <ccts:CodeName>thousand square feet</ccts:CodeName>
            <ccts:CodeDescription/>
          </xsd:documentation>
        </xsd:annotation>
      </xsd:enumeration>
      <xsd:enumeration value="TSD">
        <xsd:annotation>
          <xsd:documentation>
            <ccts:CodeName>tonne of substance 90 % dry</ccts:CodeName>
            <ccts:CodeDescription/>
          </xsd:documentation>
        </xsd:annotation>
      </xsd:enumeration>
      <xsd:enumeration value="TSH">
        <xsd:annotation>
          <xsd:documentation>
            <ccts:CodeName>ton of steam per hour</ccts:CodeName>
            <ccts:CodeDescription/>
          </xsd:documentation>
        </xsd:annotation>
      </xsd:enumeration>
      <xsd:enumeration value="TT">
        <xsd:annotation>
          <xsd:documentation>
            <ccts:CodeName>thousand linear metre</ccts:CodeName>
            <ccts:CodeDescription/>
          </xsd:documentation>
        </xsd:annotation>
      </xsd:enumeration>
      <xsd:enumeration value="TU">
        <xsd:annotation>
          <xsd:documentation>
            <ccts:CodeName>tube</ccts:CodeName>
            <ccts:CodeDescription/>
          </xsd:documentation>
        </xsd:annotation>
      </xsd:enumeration>
      <xsd:enumeration value="TV">
        <xsd:annotation>
          <xsd:documentation>
            <ccts:CodeName>thousand kilogram</ccts:CodeName>
            <ccts:CodeDescription/>
          </xsd:documentation>
        </xsd:annotation>
      </xsd:enumeration>
      <xsd:enumeration value="TW">
        <xsd:annotation>
          <xsd:documentation>
            <ccts:CodeName>thousand sheet</ccts:CodeName>
            <ccts:CodeDescription/>
          </xsd:documentation>
        </xsd:annotation>
      </xsd:enumeration>
      <xsd:enumeration value="TY">
        <xsd:annotation>
          <xsd:documentation>
            <ccts:CodeName>tank, cylindrical</ccts:CodeName>
            <ccts:CodeDescription/>
          </xsd:documentation>
        </xsd:annotation>
      </xsd:enumeration>
      <xsd:enumeration value="U1">
        <xsd:annotation>
          <xsd:documentation>
            <ccts:CodeName>treatment</ccts:CodeName>
            <ccts:CodeDescription/>
          </xsd:documentation>
        </xsd:annotation>
      </xsd:enumeration>
      <xsd:enumeration value="U2">
        <xsd:annotation>
          <xsd:documentation>
            <ccts:CodeName>tablet</ccts:CodeName>
            <ccts:CodeDescription/>
          </xsd:documentation>
        </xsd:annotation>
      </xsd:enumeration>
      <xsd:enumeration value="UA">
        <xsd:annotation>
          <xsd:documentation>
            <ccts:CodeName>torr</ccts:CodeName>
            <ccts:CodeDescription/>
          </xsd:documentation>
        </xsd:annotation>
      </xsd:enumeration>
      <xsd:enumeration value="UB">
        <xsd:annotation>
          <xsd:documentation>
            <ccts:CodeName>telecommunication  line in service average</ccts:CodeName>
            <ccts:CodeDescription/>
          </xsd:documentation>
        </xsd:annotation>
      </xsd:enumeration>
      <xsd:enumeration value="UC">
        <xsd:annotation>
          <xsd:documentation>
            <ccts:CodeName>telecommunication port</ccts:CodeName>
            <ccts:CodeDescription/>
          </xsd:documentation>
        </xsd:annotation>
      </xsd:enumeration>
      <xsd:enumeration value="UD">
        <xsd:annotation>
          <xsd:documentation>
            <ccts:CodeName>tenth minute</ccts:CodeName>
            <ccts:CodeDescription/>
          </xsd:documentation>
        </xsd:annotation>
      </xsd:enumeration>
      <xsd:enumeration value="UE">
        <xsd:annotation>
          <xsd:documentation>
            <ccts:CodeName>tenth hour</ccts:CodeName>
            <ccts:CodeDescription/>
          </xsd:documentation>
        </xsd:annotation>
      </xsd:enumeration>
      <xsd:enumeration value="UF">
        <xsd:annotation>
          <xsd:documentation>
            <ccts:CodeName>usage per telecommunication line average</ccts:CodeName>
            <ccts:CodeDescription/>
          </xsd:documentation>
        </xsd:annotation>
      </xsd:enumeration>
      <xsd:enumeration value="UH">
        <xsd:annotation>
          <xsd:documentation>
            <ccts:CodeName>ten thousand yard</ccts:CodeName>
            <ccts:CodeDescription/>
          </xsd:documentation>
        </xsd:annotation>
      </xsd:enumeration>
      <xsd:enumeration value="UM">
        <xsd:annotation>
          <xsd:documentation>
            <ccts:CodeName>million unit</ccts:CodeName>
            <ccts:CodeDescription/>
          </xsd:documentation>
        </xsd:annotation>
      </xsd:enumeration>
      <xsd:enumeration value="VA">
        <xsd:annotation>
          <xsd:documentation>
            <ccts:CodeName>volt ampere per kilogram</ccts:CodeName>
            <ccts:CodeDescription/>
          </xsd:documentation>
        </xsd:annotation>
      </xsd:enumeration>
      <xsd:enumeration value="VI">
        <xsd:annotation>
          <xsd:documentation>
            <ccts:CodeName>vial</ccts:CodeName>
            <ccts:CodeDescription/>
          </xsd:documentation>
        </xsd:annotation>
      </xsd:enumeration>
      <xsd:enumeration value="VLT">
        <xsd:annotation>
          <xsd:documentation>
            <ccts:CodeName>volt</ccts:CodeName>
            <ccts:CodeDescription/>
          </xsd:documentation>
        </xsd:annotation>
      </xsd:enumeration>
      <xsd:enumeration value="VQ">
        <xsd:annotation>
          <xsd:documentation>
            <ccts:CodeName>bulk</ccts:CodeName>
            <ccts:CodeDescription/>
          </xsd:documentation>
        </xsd:annotation>
      </xsd:enumeration>
      <xsd:enumeration value="VS">
        <xsd:annotation>
          <xsd:documentation>
            <ccts:CodeName>visit</ccts:CodeName>
            <ccts:CodeDescription/>
          </xsd:documentation>
        </xsd:annotation>
      </xsd:enumeration>
      <xsd:enumeration value="W2">
        <xsd:annotation>
          <xsd:documentation>
            <ccts:CodeName>wet kilo</ccts:CodeName>
            <ccts:CodeDescription/>
          </xsd:documentation>
        </xsd:annotation>
      </xsd:enumeration>
      <xsd:enumeration value="W4">
        <xsd:annotation>
          <xsd:documentation>
            <ccts:CodeName>two week</ccts:CodeName>
            <ccts:CodeDescription/>
          </xsd:documentation>
        </xsd:annotation>
      </xsd:enumeration>
      <xsd:enumeration value="WA">
        <xsd:annotation>
          <xsd:documentation>
            <ccts:CodeName>watt per kilogram</ccts:CodeName>
            <ccts:CodeDescription/>
          </xsd:documentation>
        </xsd:annotation>
      </xsd:enumeration>
      <xsd:enumeration value="WB">
        <xsd:annotation>
          <xsd:documentation>
            <ccts:CodeName>wet pound</ccts:CodeName>
            <ccts:CodeDescription/>
          </xsd:documentation>
        </xsd:annotation>
      </xsd:enumeration>
      <xsd:enumeration value="WCD">
        <xsd:annotation>
          <xsd:documentation>
            <ccts:CodeName>cord</ccts:CodeName>
            <ccts:CodeDescription/>
          </xsd:documentation>
        </xsd:annotation>
      </xsd:enumeration>
      <xsd:enumeration value="WE">
        <xsd:annotation>
          <xsd:documentation>
            <ccts:CodeName>wet ton</ccts:CodeName>
            <ccts:CodeDescription/>
          </xsd:documentation>
        </xsd:annotation>
      </xsd:enumeration>
      <xsd:enumeration value="WEB">
        <xsd:annotation>
          <xsd:documentation>
            <ccts:CodeName>weber</ccts:CodeName>
            <ccts:CodeDescription/>
          </xsd:documentation>
        </xsd:annotation>
      </xsd:enumeration>
      <xsd:enumeration value="WEE">
        <xsd:annotation>
          <xsd:documentation>
            <ccts:CodeName>week</ccts:CodeName>
            <ccts:CodeDescription/>
          </xsd:documentation>
        </xsd:annotation>
      </xsd:enumeration>
      <xsd:enumeration value="WG">
        <xsd:annotation>
          <xsd:documentation>
            <ccts:CodeName>wine gallon</ccts:CodeName>
            <ccts:CodeDescription/>
          </xsd:documentation>
        </xsd:annotation>
      </xsd:enumeration>
      <xsd:enumeration value="WH">
        <xsd:annotation>
          <xsd:documentation>
            <ccts:CodeName>wheel</ccts:CodeName>
            <ccts:CodeDescription/>
          </xsd:documentation>
        </xsd:annotation>
      </xsd:enumeration>
      <xsd:enumeration value="WHR">
        <xsd:annotation>
          <xsd:documentation>
            <ccts:CodeName>watt hour</ccts:CodeName>
            <ccts:CodeDescription/>
          </xsd:documentation>
        </xsd:annotation>
      </xsd:enumeration>
      <xsd:enumeration value="WI">
        <xsd:annotation>
          <xsd:documentation>
            <ccts:CodeName>weight per square inch</ccts:CodeName>
            <ccts:CodeDescription/>
          </xsd:documentation>
        </xsd:annotation>
      </xsd:enumeration>
      <xsd:enumeration value="WM">
        <xsd:annotation>
          <xsd:documentation>
            <ccts:CodeName>working month</ccts:CodeName>
            <ccts:CodeDescription/>
          </xsd:documentation>
        </xsd:annotation>
      </xsd:enumeration>
      <xsd:enumeration value="WR">
        <xsd:annotation>
          <xsd:documentation>
            <ccts:CodeName>wrap</ccts:CodeName>
            <ccts:CodeDescription/>
          </xsd:documentation>
        </xsd:annotation>
      </xsd:enumeration>
      <xsd:enumeration value="WSD">
        <xsd:annotation>
          <xsd:documentation>
            <ccts:CodeName>standard</ccts:CodeName>
            <ccts:CodeDescription/>
          </xsd:documentation>
        </xsd:annotation>
      </xsd:enumeration>
      <xsd:enumeration value="WTT">
        <xsd:annotation>
          <xsd:documentation>
            <ccts:CodeName>watt</ccts:CodeName>
            <ccts:CodeDescription/>
          </xsd:documentation>
        </xsd:annotation>
      </xsd:enumeration>
      <xsd:enumeration value="WW">
        <xsd:annotation>
          <xsd:documentation>
            <ccts:CodeName>millilitre of water</ccts:CodeName>
            <ccts:CodeDescription/>
          </xsd:documentation>
        </xsd:annotation>
      </xsd:enumeration>
      <xsd:enumeration value="X1">
        <xsd:annotation>
          <xsd:documentation>
            <ccts:CodeName>chain</ccts:CodeName>
            <ccts:CodeDescription/>
          </xsd:documentation>
        </xsd:annotation>
      </xsd:enumeration>
      <xsd:enumeration value="YDK">
        <xsd:annotation>
          <xsd:documentation>
            <ccts:CodeName>square yard</ccts:CodeName>
            <ccts:CodeDescription/>
          </xsd:documentation>
        </xsd:annotation>
      </xsd:enumeration>
      <xsd:enumeration value="YDQ">
        <xsd:annotation>
          <xsd:documentation>
            <ccts:CodeName>cubic yard</ccts:CodeName>
            <ccts:CodeDescription/>
          </xsd:documentation>
        </xsd:annotation>
      </xsd:enumeration>
      <xsd:enumeration value="YL">
        <xsd:annotation>
          <xsd:documentation>
            <ccts:CodeName>hundred linear yard</ccts:CodeName>
            <ccts:CodeDescription/>
          </xsd:documentation>
        </xsd:annotation>
      </xsd:enumeration>
      <xsd:enumeration value="YRD">
        <xsd:annotation>
          <xsd:documentation>
            <ccts:CodeName>yard</ccts:CodeName>
            <ccts:CodeDescription/>
          </xsd:documentation>
        </xsd:annotation>
      </xsd:enumeration>
      <xsd:enumeration value="YT">
        <xsd:annotation>
          <xsd:documentation>
            <ccts:CodeName>ten yard</ccts:CodeName>
            <ccts:CodeDescription/>
          </xsd:documentation>
        </xsd:annotation>
      </xsd:enumeration>
      <xsd:enumeration value="Z1">
        <xsd:annotation>
          <xsd:documentation>
            <ccts:CodeName>lift van</ccts:CodeName>
            <ccts:CodeDescription/>
          </xsd:documentation>
        </xsd:annotation>
      </xsd:enumeration>
      <xsd:enumeration value="Z2">
        <xsd:annotation>
          <xsd:documentation>
            <ccts:CodeName>chest</ccts:CodeName>
            <ccts:CodeDescription/>
          </xsd:documentation>
        </xsd:annotation>
      </xsd:enumeration>
      <xsd:enumeration value="Z3">
        <xsd:annotation>
          <xsd:documentation>
            <ccts:CodeName>cask</ccts:CodeName>
            <ccts:CodeDescription/>
          </xsd:documentation>
        </xsd:annotation>
      </xsd:enumeration>
      <xsd:enumeration value="Z4">
        <xsd:annotation>
          <xsd:documentation>
            <ccts:CodeName>hogshead</ccts:CodeName>
            <ccts:CodeDescription/>
          </xsd:documentation>
        </xsd:annotation>
      </xsd:enumeration>
      <xsd:enumeration value="Z5">
        <xsd:annotation>
          <xsd:documentation>
            <ccts:CodeName>lug</ccts:CodeName>
            <ccts:CodeDescription/>
          </xsd:documentation>
        </xsd:annotation>
      </xsd:enumeration>
      <xsd:enumeration value="Z6">
        <xsd:annotation>
          <xsd:documentation>
            <ccts:CodeName>conference point</ccts:CodeName>
            <ccts:CodeDescription/>
          </xsd:documentation>
        </xsd:annotation>
      </xsd:enumeration>
      <xsd:enumeration value="Z8">
        <xsd:annotation>
          <xsd:documentation>
            <ccts:CodeName>newspage agate line</ccts:CodeName>
            <ccts:CodeDescription/>
          </xsd:documentation>
        </xsd:annotation>
      </xsd:enumeration>
      <xsd:enumeration value="ZP">
        <xsd:annotation>
          <xsd:documentation>
            <ccts:CodeName>page</ccts:CodeName>
            <ccts:CodeDescription/>
          </xsd:documentation>
        </xsd:annotation>
      </xsd:enumeration>
      <xsd:enumeration value="ZZ">
        <xsd:annotation>
          <xsd:documentation>
            <ccts:CodeName>mutually defined</ccts:CodeName>
            <ccts:CodeDescription/>
          </xsd:documentation>
        </xsd:annotation>
      </xsd:enumeration>
    </xsd:restriction>
  </xsd:simpleType>
</xsd:schema>]]></con:content><con:type>http://www.w3.org/2001/XMLSchema</con:type></con:part><con:part><con:url>file:/home/isr/git/parent/invoiceservice/InvoiceServiceRegistry/wsdl/invoiceService/1.0.0/invoice/CodeList_MIMEMediaTypeCode_IANA_7_04.xsd</con:url><con:content><![CDATA[<!--======================================================================-->
<!--===== Mime Media Type Codelist Schema Module  =====-->
<!--======================================================================-->
<!--Module of		Mime Media Type Codelist
  	Agency: 		UN/CEFACT	
  	Version:		1.1	
  	Last change: 	14 January 2005
  	
  	Copyright (C) UN/CEFACT (2006). All Rights Reserved.

	This document and translations of it may be copied and furnished to others, 
	and derivative works that comment on or otherwise explain it or assist 
	in its implementation may be prepared, copied, published and distributed, 
	in whole or in part, without restriction of any kind, provided that the 
	above copyright notice and this paragraph are included on all such copies 
	and derivative works. However, this document itself may not be modified in 
	any way, such as by removing the copyright notice or references to 
	UN/CEFACT, except as needed for the purpose of developing UN/CEFACT 
	specifications, in which case the procedures for copyrights defined in the 
	UN/CEFACT Intellectual Property Rights document must be followed, or as 
	required to translate it into languages other than English.

	The limited permissions granted above are perpetual and will not be revoked 
	by UN/CEFACT or its successors or assigns.

	This document and the information contained herein is provided on an "AS IS"
	basis and UN/CEFACT DISCLAIMS ALL WARRANTIES, EXPRESS OR IMPLIED, INCLUDING 
	BUT NOT LIMITED TO ANY WARRANTY THAT THE USE OF THE INFORMATION HEREIN WILL 
	NOT INFRINGE ANY RIGHTS OR ANY IMPLIED WARRANTIES OF MERCHANTABILITY OR 
	FITNESS FOR A PARTICULAR PURPOSE.-->
<xsd:schema targetNamespace="urn:un:unece:uncefact:codelist:specification:IANAMIMEMediaType:2003" elementFormDefault="qualified" attributeFormDefault="unqualified" xmlns:ccts="urn:un:unece:uncefact:documentation:2" xmlns:clmIANAMIMEMediaType="urn:un:unece:uncefact:codelist:specification:IANAMIMEMediaType:2003" xmlns:xsd="http://www.w3.org/2001/XMLSchema">
  <xsd:simpleType name="BinaryObjectMimeCodeContentType">
    <xsd:restriction base="xsd:normalizedString">
      <xsd:enumeration value="application/CSTAdata+xml"/>
      <xsd:enumeration value="application/EDI-Consent"/>
      <xsd:enumeration value="application/EDI-X12"/>
      <xsd:enumeration value="application/EDIFACT"/>
      <xsd:enumeration value="application/activemessage"/>
      <xsd:enumeration value="application/andrew-inset"/>
      <xsd:enumeration value="application/applefile"/>
      <xsd:enumeration value="application/atomicmail"/>
      <xsd:enumeration value="application/batch-SMTP"/>
      <xsd:enumeration value="application/beep+xml"/>
      <xsd:enumeration value="application/cals-1840"/>
      <xsd:enumeration value="application/cnrp+xml"/>
      <xsd:enumeration value="application/commonground"/>
      <xsd:enumeration value="application/cpl+xml"/>
      <xsd:enumeration value="application/csta+xml"/>
      <xsd:enumeration value="application/cybercash"/>
      <xsd:enumeration value="application/dca-rft"/>
      <xsd:enumeration value="application/dec-dx"/>
      <xsd:enumeration value="application/dialog-info+xml"/>
      <xsd:enumeration value="application/dicom"/>
      <xsd:enumeration value="application/dns"/>
      <xsd:enumeration value="application/dvcs"/>
      <xsd:enumeration value="application/epp+xml"/>
      <xsd:enumeration value="application/eshop"/>
      <xsd:enumeration value="application/fits"/>
      <xsd:enumeration value="application/font-tdpfr"/>
      <xsd:enumeration value="application/http"/>
      <xsd:enumeration value="application/hyperstudio"/>
      <xsd:enumeration value="application/iges"/>
      <xsd:enumeration value="application/im-iscomposing+xml"/>
      <xsd:enumeration value="application/index"/>
      <xsd:enumeration value="application/index.cmd"/>
      <xsd:enumeration value="application/index.obj"/>
      <xsd:enumeration value="application/index.response"/>
      <xsd:enumeration value="application/index.vnd"/>
      <xsd:enumeration value="application/iotp"/>
      <xsd:enumeration value="application/ipp"/>
      <xsd:enumeration value="application/isup"/>
      <xsd:enumeration value="application/kpml-request+xml"/>
      <xsd:enumeration value="application/kpml-response+xml"/>
      <xsd:enumeration value="application/mac-binhex40"/>
      <xsd:enumeration value="application/macwriteii"/>
      <xsd:enumeration value="application/marc"/>
      <xsd:enumeration value="application/mathematica"/>
      <xsd:enumeration value="application/mbox"/>
      <xsd:enumeration value="application/mikey"/>
      <xsd:enumeration value="application/mpeg4-generic"/>
      <xsd:enumeration value="application/msword"/>
      <xsd:enumeration value="application/news-message-id"/>
      <xsd:enumeration value="application/news-transmission"/>
      <xsd:enumeration value="application/ocsp-request"/>
      <xsd:enumeration value="application/ocsp-response"/>
      <xsd:enumeration value="application/octet-stream"/>
      <xsd:enumeration value="application/oda"/>
      <xsd:enumeration value="application/ogg"/>
      <xsd:enumeration value="application/parityfec"/>
      <xsd:enumeration value="application/pdf"/>
      <xsd:enumeration value="application/pgp-encrypted"/>
      <xsd:enumeration value="application/pgp-keys"/>
      <xsd:enumeration value="application/pgp-signature"/>
      <xsd:enumeration value="application/pidf+xml"/>
      <xsd:enumeration value="application/pkcs10"/>
      <xsd:enumeration value="application/pkcs7-mime"/>
      <xsd:enumeration value="application/pkcs7-signature"/>
      <xsd:enumeration value="application/pkix-cert"/>
      <xsd:enumeration value="application/pkix-crl"/>
      <xsd:enumeration value="application/pkix-pkipath"/>
      <xsd:enumeration value="application/pkixcmp"/>
      <xsd:enumeration value="application/postscript"/>
      <xsd:enumeration value="application/prs.alvestrand.titrax-sheet"/>
      <xsd:enumeration value="application/prs.cww"/>
      <xsd:enumeration value="application/prs.nprend"/>
      <xsd:enumeration value="application/prs.plucker"/>
      <xsd:enumeration value="application/qsig"/>
      <xsd:enumeration value="application/rdf+xml"/>
      <xsd:enumeration value="application/reginfo+xml"/>
      <xsd:enumeration value="application/remote-printing"/>
      <xsd:enumeration value="application/resource-lists+xml"/>
      <xsd:enumeration value="application/riscos"/>
      <xsd:enumeration value="application/rls-services+xml"/>
      <xsd:enumeration value="application/rtf"/>
      <xsd:enumeration value="application/samlassertion+xml"/>
      <xsd:enumeration value="application/samlmetadata+xml"/>
      <xsd:enumeration value="application/sbml+xml"/>
      <xsd:enumeration value="application/sdp"/>
      <xsd:enumeration value="application/set-payment"/>
      <xsd:enumeration value="application/set-payment-initiation"/>
      <xsd:enumeration value="application/set-registration"/>
      <xsd:enumeration value="application/set-registration-initiation"/>
      <xsd:enumeration value="application/sgml"/>
      <xsd:enumeration value="application/sgml-open-catalog"/>
      <xsd:enumeration value="application/shf+xml"/>
      <xsd:enumeration value="application/sieve"/>
      <xsd:enumeration value="application/simple-filter+xml"/>
      <xsd:enumeration value="application/simple-message-summary"/>
      <xsd:enumeration value="application/slate"/>
      <xsd:enumeration value="application/soap+xml"/>
      <xsd:enumeration value="application/spirits-event+xml"/>
      <xsd:enumeration value="application/timestamp-query"/>
      <xsd:enumeration value="application/timestamp-reply"/>
      <xsd:enumeration value="application/tve-trigger"/>
      <xsd:enumeration value="application/vemmi"/>
      <xsd:enumeration value="application/vnd.3M.Post-it-Notes"/>
      <xsd:enumeration value="application/vnd.3gpp.pic-bw-large"/>
      <xsd:enumeration value="application/vnd.3gpp.pic-bw-small"/>
      <xsd:enumeration value="application/vnd.3gpp.pic-bw-var"/>
      <xsd:enumeration value="application/vnd.3gpp.sms"/>
      <xsd:enumeration value="application/vnd.FloGraphIt"/>
      <xsd:enumeration value="application/vnd.Kinar"/>
      <xsd:enumeration value="application/vnd.Mobius.DAF"/>
      <xsd:enumeration value="application/vnd.Mobius.DIS"/>
      <xsd:enumeration value="application/vnd.Mobius.MBK"/>
      <xsd:enumeration value="application/vnd.Mobius.MQY"/>
      <xsd:enumeration value="application/vnd.Mobius.MSL"/>
      <xsd:enumeration value="application/vnd.Mobius.PLC"/>
      <xsd:enumeration value="application/vnd.Mobius.TXF"/>
      <xsd:enumeration value="application/vnd.Quark.QuarkXPress"/>
      <xsd:enumeration value="application/vnd.RenLearn.rlprint"/>
      <xsd:enumeration value="application/vnd.accpac.simply.aso"/>
      <xsd:enumeration value="application/vnd.accpac.simply.imp"/>
      <xsd:enumeration value="application/vnd.acucobol"/>
      <xsd:enumeration value="application/vnd.acucorp"/>
      <xsd:enumeration value="application/vnd.adobe.xfdf"/>
      <xsd:enumeration value="application/vnd.aether.imp"/>
      <xsd:enumeration value="application/vnd.amiga.ami"/>
      <xsd:enumeration value="application/vnd.anser-web-certificate-issue-initiation"/>
      <xsd:enumeration value="application/vnd.anser-web-funds-transfer-initiation"/>
      <xsd:enumeration value="application/vnd.audiograph"/>
      <xsd:enumeration value="application/vnd.blueice.multipass"/>
      <xsd:enumeration value="application/vnd.bmi"/>
      <xsd:enumeration value="application/vnd.businessobjects"/>
      <xsd:enumeration value="application/vnd.canon-cpdl"/>
      <xsd:enumeration value="application/vnd.canon-lips"/>
      <xsd:enumeration value="application/vnd.cinderella"/>
      <xsd:enumeration value="application/vnd.claymore"/>
      <xsd:enumeration value="application/vnd.commerce-battelle"/>
      <xsd:enumeration value="application/vnd.commonspace"/>
      <xsd:enumeration value="application/vnd.contact.cmsg"/>
      <xsd:enumeration value="application/vnd.cosmocaller"/>
      <xsd:enumeration value="application/vnd.criticaltools.wbs+xml"/>
      <xsd:enumeration value="application/vnd.ctc-posml"/>
      <xsd:enumeration value="application/vnd.cups-postscript"/>
      <xsd:enumeration value="application/vnd.cups-raster"/>
      <xsd:enumeration value="application/vnd.cups-raw"/>
      <xsd:enumeration value="application/vnd.curl"/>
      <xsd:enumeration value="application/vnd.cybank"/>
      <xsd:enumeration value="application/vnd.data-vision.rdz"/>
      <xsd:enumeration value="application/vnd.dna"/>
      <xsd:enumeration value="application/vnd.dpgraph"/>
      <xsd:enumeration value="application/vnd.dreamfactory"/>
      <xsd:enumeration value="application/vnd.dxr"/>
      <xsd:enumeration value="application/vnd.ecdis-update"/>
      <xsd:enumeration value="application/vnd.ecowin.chart"/>
      <xsd:enumeration value="application/vnd.ecowin.filerequest"/>
      <xsd:enumeration value="application/vnd.ecowin.fileupdate"/>
      <xsd:enumeration value="application/vnd.ecowin.series"/>
      <xsd:enumeration value="application/vnd.ecowin.seriesrequest"/>
      <xsd:enumeration value="application/vnd.ecowin.seriesupdate"/>
      <xsd:enumeration value="application/vnd.enliven"/>
      <xsd:enumeration value="application/vnd.epson.esf"/>
      <xsd:enumeration value="application/vnd.epson.msf"/>
      <xsd:enumeration value="application/vnd.epson.quickanime"/>
      <xsd:enumeration value="application/vnd.epson.salt"/>
      <xsd:enumeration value="application/vnd.epson.ssf"/>
      <xsd:enumeration value="application/vnd.ericsson.quickcall"/>
      <xsd:enumeration value="application/vnd.eudora.data"/>
      <xsd:enumeration value="application/vnd.fdf"/>
      <xsd:enumeration value="application/vnd.ffsns"/>
      <xsd:enumeration value="application/vnd.fints"/>
      <xsd:enumeration value="application/vnd.framemaker"/>
      <xsd:enumeration value="application/vnd.fsc.weblaunch"/>
      <xsd:enumeration value="application/vnd.fujitsu.oasys"/>
      <xsd:enumeration value="application/vnd.fujitsu.oasys2"/>
      <xsd:enumeration value="application/vnd.fujitsu.oasys3"/>
      <xsd:enumeration value="application/vnd.fujitsu.oasysgp"/>
      <xsd:enumeration value="application/vnd.fujitsu.oasysprs"/>
      <xsd:enumeration value="application/vnd.fujixerox.ddd"/>
      <xsd:enumeration value="application/vnd.fujixerox.docuworks"/>
      <xsd:enumeration value="application/vnd.fujixerox.docuworks.binder"/>
      <xsd:enumeration value="application/vnd.fut-misnet"/>
      <xsd:enumeration value="application/vnd.genomatix.tuxedo"/>
      <xsd:enumeration value="application/vnd.grafeq"/>
      <xsd:enumeration value="application/vnd.groove-account"/>
      <xsd:enumeration value="application/vnd.groove-help"/>
      <xsd:enumeration value="application/vnd.groove-identity-message"/>
      <xsd:enumeration value="application/vnd.groove-injector"/>
      <xsd:enumeration value="application/vnd.groove-tool-message"/>
      <xsd:enumeration value="application/vnd.groove-tool-template"/>
      <xsd:enumeration value="application/vnd.groove-vcard"/>
      <xsd:enumeration value="application/vnd.hbci"/>
      <xsd:enumeration value="application/vnd.hcl-bireports"/>
      <xsd:enumeration value="application/vnd.hhe.lesson-player"/>
      <xsd:enumeration value="application/vnd.hp-HPGL"/>
      <xsd:enumeration value="application/vnd.hp-PCL"/>
      <xsd:enumeration value="application/vnd.hp-PCLXL"/>
      <xsd:enumeration value="application/vnd.hp-hpid"/>
      <xsd:enumeration value="application/vnd.hp-hps"/>
      <xsd:enumeration value="application/vnd.httphone"/>
      <xsd:enumeration value="application/vnd.hzn-3d-crossword"/>
      <xsd:enumeration value="application/vnd.ibm.MiniPay"/>
      <xsd:enumeration value="application/vnd.ibm.afplinedata"/>
      <xsd:enumeration value="application/vnd.ibm.electronic-media"/>
      <xsd:enumeration value="application/vnd.ibm.modcap"/>
      <xsd:enumeration value="application/vnd.ibm.rights-management"/>
      <xsd:enumeration value="application/vnd.ibm.secure-container"/>
      <xsd:enumeration value="application/vnd.informix-visionary"/>
      <xsd:enumeration value="application/vnd.intercon.formnet"/>
      <xsd:enumeration value="application/vnd.intertrust.digibox"/>
      <xsd:enumeration value="application/vnd.intertrust.nncp"/>
      <xsd:enumeration value="application/vnd.intu.qbo"/>
      <xsd:enumeration value="application/vnd.intu.qfx"/>
      <xsd:enumeration value="application/vnd.ipunplugged.rcprofile"/>
      <xsd:enumeration value="application/vnd.irepository.package+xml"/>
      <xsd:enumeration value="application/vnd.is-xpr"/>
      <xsd:enumeration value="application/vnd.japannet-directory-service"/>
      <xsd:enumeration value="application/vnd.japannet-jpnstore-wakeup"/>
      <xsd:enumeration value="application/vnd.japannet-payment-wakeup"/>
      <xsd:enumeration value="application/vnd.japannet-registration"/>
      <xsd:enumeration value="application/vnd.japannet-registration-wakeup"/>
      <xsd:enumeration value="application/vnd.japannet-setstore-wakeup"/>
      <xsd:enumeration value="application/vnd.japannet-verification"/>
      <xsd:enumeration value="application/vnd.japannet-verification-wakeup"/>
      <xsd:enumeration value="application/vnd.jisp"/>
      <xsd:enumeration value="application/vnd.kde.karbon"/>
      <xsd:enumeration value="application/vnd.kde.kchart"/>
      <xsd:enumeration value="application/vnd.kde.kformula"/>
      <xsd:enumeration value="application/vnd.kde.kivio"/>
      <xsd:enumeration value="application/vnd.kde.kontour"/>
      <xsd:enumeration value="application/vnd.kde.kpresenter"/>
      <xsd:enumeration value="application/vnd.kde.kspread"/>
      <xsd:enumeration value="application/vnd.kde.kword"/>
      <xsd:enumeration value="application/vnd.kenameaapp"/>
      <xsd:enumeration value="application/vnd.kidspiration"/>
      <xsd:enumeration value="application/vnd.koan"/>
      <xsd:enumeration value="application/vnd.liberty-request+xml"/>
      <xsd:enumeration value="application/vnd.llamagraphics.life-balance.desktop"/>
      <xsd:enumeration value="application/vnd.llamagraphics.life-balance.exchange+xml"/>
      <xsd:enumeration value="application/vnd.lotus-1-2-3"/>
      <xsd:enumeration value="application/vnd.lotus-approach"/>
      <xsd:enumeration value="application/vnd.lotus-freelance"/>
      <xsd:enumeration value="application/vnd.lotus-notes"/>
      <xsd:enumeration value="application/vnd.lotus-organizer"/>
      <xsd:enumeration value="application/vnd.lotus-screencam"/>
      <xsd:enumeration value="application/vnd.lotus-wordpro"/>
      <xsd:enumeration value="application/vnd.mcd"/>
      <xsd:enumeration value="application/vnd.mediastation.cdkey"/>
      <xsd:enumeration value="application/vnd.meridian-slingshot"/>
      <xsd:enumeration value="application/vnd.mfmp"/>
      <xsd:enumeration value="application/vnd.micrografx.flo"/>
      <xsd:enumeration value="application/vnd.micrografx.igx"/>
      <xsd:enumeration value="application/vnd.mif"/>
      <xsd:enumeration value="application/vnd.minisoft-hp3000-save"/>
      <xsd:enumeration value="application/vnd.mitsubishi.misty-guard.trustweb"/>
      <xsd:enumeration value="application/vnd.mophun.application"/>
      <xsd:enumeration value="application/vnd.mophun.certificate"/>
      <xsd:enumeration value="application/vnd.motorola.flexsuite"/>
      <xsd:enumeration value="application/vnd.motorola.flexsuite.adsi"/>
      <xsd:enumeration value="application/vnd.motorola.flexsuite.fis"/>
      <xsd:enumeration value="application/vnd.motorola.flexsuite.gotap"/>
      <xsd:enumeration value="application/vnd.motorola.flexsuite.kmr"/>
      <xsd:enumeration value="application/vnd.motorola.flexsuite.ttc"/>
      <xsd:enumeration value="application/vnd.motorola.flexsuite.wem"/>
      <xsd:enumeration value="application/vnd.mozilla.xul+xml"/>
      <xsd:enumeration value="application/vnd.ms-artgalry"/>
      <xsd:enumeration value="application/vnd.ms-asf"/>
      <xsd:enumeration value="application/vnd.ms-excel"/>
      <xsd:enumeration value="application/vnd.ms-lrm"/>
      <xsd:enumeration value="application/vnd.ms-powerpoint"/>
      <xsd:enumeration value="application/vnd.ms-project"/>
      <xsd:enumeration value="application/vnd.ms-tnef"/>
      <xsd:enumeration value="application/vnd.ms-works"/>
      <xsd:enumeration value="application/vnd.ms-wpl"/>
      <xsd:enumeration value="application/vnd.mseq"/>
      <xsd:enumeration value="application/vnd.msign"/>
      <xsd:enumeration value="application/vnd.music-niff"/>
      <xsd:enumeration value="application/vnd.musician"/>
      <xsd:enumeration value="application/vnd.nervana"/>
      <xsd:enumeration value="application/vnd.netfpx"/>
      <xsd:enumeration value="application/vnd.noblenet-directory"/>
      <xsd:enumeration value="application/vnd.noblenet-sealer"/>
      <xsd:enumeration value="application/vnd.noblenet-web"/>
      <xsd:enumeration value="application/vnd.nokia.landmark+wbxml"/>
      <xsd:enumeration value="application/vnd.nokia.landmark+xml"/>
      <xsd:enumeration value="application/vnd.nokia.landmarkcollection+xml"/>
      <xsd:enumeration value="application/vnd.nokia.radio-preset"/>
      <xsd:enumeration value="application/vnd.nokia.radio-presets"/>
      <xsd:enumeration value="application/vnd.novadigm.EDM"/>
      <xsd:enumeration value="application/vnd.novadigm.EDX"/>
      <xsd:enumeration value="application/vnd.novadigm.EXT"/>
      <xsd:enumeration value="application/vnd.obn"/>
      <xsd:enumeration value="application/vnd.omads-email+xml"/>
      <xsd:enumeration value="application/vnd.omads-file+xml"/>
      <xsd:enumeration value="application/vnd.omads-folder+xml"/>
      <xsd:enumeration value="application/vnd.osa.netdeploy"/>
      <xsd:enumeration value="application/vnd.palm"/>
      <xsd:enumeration value="application/vnd.paos.xml"/>
      <xsd:enumeration value="application/vnd.pg.format"/>
      <xsd:enumeration value="application/vnd.pg.osasli"/>
      <xsd:enumeration value="application/vnd.picsel"/>
      <xsd:enumeration value="application/vnd.powerbuilder6"/>
      <xsd:enumeration value="application/vnd.powerbuilder6-s"/>
      <xsd:enumeration value="application/vnd.powerbuilder7"/>
      <xsd:enumeration value="application/vnd.powerbuilder7-s"/>
      <xsd:enumeration value="application/vnd.powerbuilder75"/>
      <xsd:enumeration value="application/vnd.powerbuilder75-s"/>
      <xsd:enumeration value="application/vnd.previewsystems.box"/>
      <xsd:enumeration value="application/vnd.publishare-delta-tree"/>
      <xsd:enumeration value="application/vnd.pvi.ptid1"/>
      <xsd:enumeration value="application/vnd.pwg-multiplexed"/>
      <xsd:enumeration value="application/vnd.pwg-xhtml-print+xml"/>
      <xsd:enumeration value="application/vnd.rapid"/>
      <xsd:enumeration value="application/vnd.s3sms"/>
      <xsd:enumeration value="application/vnd.sealed.doc"/>
      <xsd:enumeration value="application/vnd.sealed.eml"/>
      <xsd:enumeration value="application/vnd.sealed.mht"/>
      <xsd:enumeration value="application/vnd.sealed.net"/>
      <xsd:enumeration value="application/vnd.sealed.ppt"/>
      <xsd:enumeration value="application/vnd.sealed.xls"/>
      <xsd:enumeration value="application/vnd.sealedmedia.softseal.html"/>
      <xsd:enumeration value="application/vnd.sealedmedia.softseal.pdf"/>
      <xsd:enumeration value="application/vnd.seemail"/>
      <xsd:enumeration value="application/vnd.shana.informed.formdata"/>
      <xsd:enumeration value="application/vnd.shana.informed.formtemplate"/>
      <xsd:enumeration value="application/vnd.shana.informed.interchange"/>
      <xsd:enumeration value="application/vnd.shana.informed.package"/>
      <xsd:enumeration value="application/vnd.smaf"/>
      <xsd:enumeration value="application/vnd.sss-cod"/>
      <xsd:enumeration value="application/vnd.sss-dtf"/>
      <xsd:enumeration value="application/vnd.sss-ntf"/>
      <xsd:enumeration value="application/vnd.street-stream"/>
      <xsd:enumeration value="application/vnd.sus-calendar"/>
      <xsd:enumeration value="application/vnd.svd"/>
      <xsd:enumeration value="application/vnd.swiftview-ics"/>
      <xsd:enumeration value="application/vnd.syncml.+xml"/>
      <xsd:enumeration value="application/vnd.syncml.ds.notification"/>
      <xsd:enumeration value="application/vnd.triscape.mxs"/>
      <xsd:enumeration value="application/vnd.trueapp"/>
      <xsd:enumeration value="application/vnd.truedoc"/>
      <xsd:enumeration value="application/vnd.ufdl"/>
      <xsd:enumeration value="application/vnd.uiq.theme"/>
      <xsd:enumeration value="application/vnd.uplanet.alert"/>
      <xsd:enumeration value="application/vnd.uplanet.alert-wbxml"/>
      <xsd:enumeration value="application/vnd.uplanet.bearer-choice"/>
      <xsd:enumeration value="application/vnd.uplanet.bearer-choice-wbxml"/>
      <xsd:enumeration value="application/vnd.uplanet.cacheop"/>
      <xsd:enumeration value="application/vnd.uplanet.cacheop-wbxml"/>
      <xsd:enumeration value="application/vnd.uplanet.channel"/>
      <xsd:enumeration value="application/vnd.uplanet.channel-wbxml"/>
      <xsd:enumeration value="application/vnd.uplanet.list"/>
      <xsd:enumeration value="application/vnd.uplanet.list-wbxml"/>
      <xsd:enumeration value="application/vnd.uplanet.listcmd"/>
      <xsd:enumeration value="application/vnd.uplanet.listcmd-wbxml"/>
      <xsd:enumeration value="application/vnd.uplanet.signal"/>
      <xsd:enumeration value="application/vnd.vcx"/>
      <xsd:enumeration value="application/vnd.vectorworks"/>
      <xsd:enumeration value="application/vnd.vidsoft.vidconference"/>
      <xsd:enumeration value="application/vnd.visio"/>
      <xsd:enumeration value="application/vnd.visionary"/>
      <xsd:enumeration value="application/vnd.vividence.scriptfile"/>
      <xsd:enumeration value="application/vnd.vsf"/>
      <xsd:enumeration value="application/vnd.wap.sic"/>
      <xsd:enumeration value="application/vnd.wap.slc"/>
      <xsd:enumeration value="application/vnd.wap.wbxml"/>
      <xsd:enumeration value="application/vnd.wap.wmlc"/>
      <xsd:enumeration value="application/vnd.wap.wmlscriptc"/>
      <xsd:enumeration value="application/vnd.webturbo"/>
      <xsd:enumeration value="application/vnd.wordperfect"/>
      <xsd:enumeration value="application/vnd.wqd"/>
      <xsd:enumeration value="application/vnd.wrq-hp3000-labelled"/>
      <xsd:enumeration value="application/vnd.wt.stf"/>
      <xsd:enumeration value="application/vnd.wv.csp+wbxml"/>
      <xsd:enumeration value="application/vnd.wv.csp+xml"/>
      <xsd:enumeration value="application/vnd.wv.ssp+xml"/>
      <xsd:enumeration value="application/vnd.xara"/>
      <xsd:enumeration value="application/vnd.xfdl"/>
      <xsd:enumeration value="application/vnd.yamaha.hv-dic"/>
      <xsd:enumeration value="application/vnd.yamaha.hv-script"/>
      <xsd:enumeration value="application/vnd.yamaha.hv-voice"/>
      <xsd:enumeration value="application/vnd.yamaha.smaf-audio"/>
      <xsd:enumeration value="application/vnd.yamaha.smaf-phrase"/>
      <xsd:enumeration value="application/vnd.yellowriver-custom-menu"/>
      <xsd:enumeration value="application/watcherinfo+xml"/>
      <xsd:enumeration value="application/whoispp-query"/>
      <xsd:enumeration value="application/whoispp-response"/>
      <xsd:enumeration value="application/wita"/>
      <xsd:enumeration value="application/wordperfect5.1"/>
      <xsd:enumeration value="application/x400-bp"/>
      <xsd:enumeration value="application/xhtml+xml"/>
      <xsd:enumeration value="application/xml"/>
      <xsd:enumeration value="application/xml-dtd"/>
      <xsd:enumeration value="application/xml-external-parsed-entity"/>
      <xsd:enumeration value="application/xmpp+xml"/>
      <xsd:enumeration value="application/xop+xml"/>
      <xsd:enumeration value="application/zip"/>
      <xsd:enumeration value="audio/32kadpcm"/>
      <xsd:enumeration value="audio/3gpp"/>
      <xsd:enumeration value="audio/AMR"/>
      <xsd:enumeration value="audio/AMR-WB"/>
      <xsd:enumeration value="audio/BV16"/>
      <xsd:enumeration value="audio/BV32"/>
      <xsd:enumeration value="audio/CN"/>
      <xsd:enumeration value="audio/DAT12"/>
      <xsd:enumeration value="audio/DVI4"/>
      <xsd:enumeration value="audio/EVRC"/>
      <xsd:enumeration value="audio/EVRC-QCP"/>
      <xsd:enumeration value="audio/EVRC0"/>
      <xsd:enumeration value="audio/G.722.1"/>
      <xsd:enumeration value="audio/G722"/>
      <xsd:enumeration value="audio/G723"/>
      <xsd:enumeration value="audio/G726-16"/>
      <xsd:enumeration value="audio/G726-24"/>
      <xsd:enumeration value="audio/G726-32"/>
      <xsd:enumeration value="audio/G726-40"/>
      <xsd:enumeration value="audio/G728"/>
      <xsd:enumeration value="audio/G729"/>
      <xsd:enumeration value="audio/G729D"/>
      <xsd:enumeration value="audio/G729E"/>
      <xsd:enumeration value="audio/GSM"/>
      <xsd:enumeration value="audio/GSM-EFR"/>
      <xsd:enumeration value="audio/L16"/>
      <xsd:enumeration value="audio/L20"/>
      <xsd:enumeration value="audio/L24"/>
      <xsd:enumeration value="audio/L8"/>
      <xsd:enumeration value="audio/LPC"/>
      <xsd:enumeration value="audio/MP4A-LATM"/>
      <xsd:enumeration value="audio/MPA"/>
      <xsd:enumeration value="audio/PCMA"/>
      <xsd:enumeration value="audio/PCMU"/>
      <xsd:enumeration value="audio/QCELP"/>
      <xsd:enumeration value="audio/RED"/>
      <xsd:enumeration value="audio/SMV"/>
      <xsd:enumeration value="audio/SMV-QCP"/>
      <xsd:enumeration value="audio/SMV0"/>
      <xsd:enumeration value="audio/VDVI"/>
      <xsd:enumeration value="audio/basic"/>
      <xsd:enumeration value="audio/clearmode"/>
      <xsd:enumeration value="audio/dsr-es201108"/>
      <xsd:enumeration value="audio/dsr-es202050"/>
      <xsd:enumeration value="audio/dsr-es202211"/>
      <xsd:enumeration value="audio/dsr-es202212"/>
      <xsd:enumeration value="audio/iLBC"/>
      <xsd:enumeration value="audio/mpa-robust"/>
      <xsd:enumeration value="audio/mpeg"/>
      <xsd:enumeration value="audio/mpeg4-generic"/>
      <xsd:enumeration value="audio/parityfec"/>
      <xsd:enumeration value="audio/prs.sid"/>
      <xsd:enumeration value="audio/telephone-event"/>
      <xsd:enumeration value="audio/tone"/>
      <xsd:enumeration value="audio/vnd.3gpp.iufp"/>
      <xsd:enumeration value="audio/vnd.audiokoz"/>
      <xsd:enumeration value="audio/vnd.cisco.nse"/>
      <xsd:enumeration value="audio/vnd.cns.anp1"/>
      <xsd:enumeration value="audio/vnd.cns.inf1"/>
      <xsd:enumeration value="audio/vnd.digital-winds"/>
      <xsd:enumeration value="audio/vnd.everad.plj"/>
      <xsd:enumeration value="audio/vnd.lucent.voice"/>
      <xsd:enumeration value="audio/vnd.nokia.mobile-xmf"/>
      <xsd:enumeration value="audio/vnd.nortel.vbk"/>
      <xsd:enumeration value="audio/vnd.nuera.ecelp4800"/>
      <xsd:enumeration value="audio/vnd.nuera.ecelp7470"/>
      <xsd:enumeration value="audio/vnd.nuera.ecelp9600"/>
      <xsd:enumeration value="audio/vnd.octel.sbc"/>
      <xsd:enumeration value="audio/vnd.qcelp"/>
      <xsd:enumeration value="audio/vnd.rhetorex.32kadpcm"/>
      <xsd:enumeration value="audio/vnd.sealedmedia.softseal.mpeg"/>
      <xsd:enumeration value="audio/vnd.vmx.cvsd"/>
      <xsd:enumeration value="image/cgm"/>
      <xsd:enumeration value="image/fits"/>
      <xsd:enumeration value="image/g3fax"/>
      <xsd:enumeration value="image/gif"/>
      <xsd:enumeration value="image/ief"/>
      <xsd:enumeration value="image/jp2"/>
      <xsd:enumeration value="image/jpeg"/>
      <xsd:enumeration value="image/jpm"/>
      <xsd:enumeration value="image/jpx"/>
      <xsd:enumeration value="image/naplps"/>
      <xsd:enumeration value="image/png"/>
      <xsd:enumeration value="image/prs.btif"/>
      <xsd:enumeration value="image/prs.pti"/>
      <xsd:enumeration value="image/t38"/>
      <xsd:enumeration value="image/tiff"/>
      <xsd:enumeration value="image/tiff-fx"/>
      <xsd:enumeration value="image/vnd.cns.inf2"/>
      <xsd:enumeration value="image/vnd.djvu"/>
      <xsd:enumeration value="image/vnd.dwg"/>
      <xsd:enumeration value="image/vnd.dxf"/>
      <xsd:enumeration value="image/vnd.fastbidsheet"/>
      <xsd:enumeration value="image/vnd.fpx"/>
      <xsd:enumeration value="image/vnd.fst"/>
      <xsd:enumeration value="image/vnd.fujixerox.edmics-mmr"/>
      <xsd:enumeration value="image/vnd.fujixerox.edmics-rlc"/>
      <xsd:enumeration value="image/vnd.globalgraphics.pgb"/>
      <xsd:enumeration value="image/vnd.microsoft.icon"/>
      <xsd:enumeration value="image/vnd.mix"/>
      <xsd:enumeration value="image/vnd.ms-modi"/>
      <xsd:enumeration value="image/vnd.net-fpx"/>
      <xsd:enumeration value="image/vnd.sealed.png"/>
      <xsd:enumeration value="image/vnd.sealedmedia.softseal.gif"/>
      <xsd:enumeration value="image/vnd.sealedmedia.softseal.jpg"/>
      <xsd:enumeration value="image/vnd.svf"/>
      <xsd:enumeration value="image/vnd.wap.wbmp"/>
      <xsd:enumeration value="image/vnd.xiff"/>
      <xsd:enumeration value="message/CPIM"/>
      <xsd:enumeration value="message/delivery-status"/>
      <xsd:enumeration value="message/disposition-notification"/>
      <xsd:enumeration value="message/external-body"/>
      <xsd:enumeration value="message/http"/>
      <xsd:enumeration value="message/news"/>
      <xsd:enumeration value="message/partial"/>
      <xsd:enumeration value="message/rfc822"/>
      <xsd:enumeration value="message/s-http"/>
      <xsd:enumeration value="message/sip"/>
      <xsd:enumeration value="message/sipfrag"/>
      <xsd:enumeration value="message/tracking-status"/>
      <xsd:enumeration value="model/iges"/>
      <xsd:enumeration value="model/mesh"/>
      <xsd:enumeration value="model/vnd.dwf"/>
      <xsd:enumeration value="model/vnd.flatland.3dml"/>
      <xsd:enumeration value="model/vnd.gdl"/>
      <xsd:enumeration value="model/vnd.gs-gdl"/>
      <xsd:enumeration value="model/vnd.gtw"/>
      <xsd:enumeration value="model/vnd.mts"/>
      <xsd:enumeration value="model/vnd.parasolid.transmit.binary"/>
      <xsd:enumeration value="model/vnd.parasolid.transmit.text"/>
      <xsd:enumeration value="model/vnd.vtu"/>
      <xsd:enumeration value="model/vrml"/>
      <xsd:enumeration value="multipart/alternative"/>
      <xsd:enumeration value="multipart/appledouble"/>
      <xsd:enumeration value="multipart/byteranges"/>
      <xsd:enumeration value="multipart/digest"/>
      <xsd:enumeration value="multipart/encrypted"/>
      <xsd:enumeration value="multipart/form-data"/>
      <xsd:enumeration value="multipart/header-set"/>
      <xsd:enumeration value="multipart/mixed"/>
      <xsd:enumeration value="multipart/parallel"/>
      <xsd:enumeration value="multipart/related"/>
      <xsd:enumeration value="multipart/report"/>
      <xsd:enumeration value="multipart/signed"/>
      <xsd:enumeration value="multipart/voice-message"/>
      <xsd:enumeration value="text/RED"/>
      <xsd:enumeration value="text/calendar"/>
      <xsd:enumeration value="text/css"/>
      <xsd:enumeration value="text/csv"/>
      <xsd:enumeration value="text/directory"/>
      <xsd:enumeration value="text/dns"/>
      <xsd:enumeration value="text/enriched"/>
      <xsd:enumeration value="text/html"/>
      <xsd:enumeration value="text/parityfec"/>
      <xsd:enumeration value="text/plain"/>
      <xsd:enumeration value="text/prs.fallenstein.rst"/>
      <xsd:enumeration value="text/prs.lines.tag"/>
      <xsd:enumeration value="text/rfc822-headers"/>
      <xsd:enumeration value="text/richtext"/>
      <xsd:enumeration value="text/rtf"/>
      <xsd:enumeration value="text/sgml"/>
      <xsd:enumeration value="text/t140"/>
      <xsd:enumeration value="text/tab-separated-values"/>
      <xsd:enumeration value="text/troff"/>
      <xsd:enumeration value="text/uri-list"/>
      <xsd:enumeration value="text/vnd.DMClientScript"/>
      <xsd:enumeration value="text/vnd.IPTC.NITF"/>
      <xsd:enumeration value="text/vnd.IPTC.NewsML"/>
      <xsd:enumeration value="text/vnd.abc"/>
      <xsd:enumeration value="text/vnd.curl"/>
      <xsd:enumeration value="text/vnd.esmertec.theme-descriptor"/>
      <xsd:enumeration value="text/vnd.fly"/>
      <xsd:enumeration value="text/vnd.fmi.flexstor"/>
      <xsd:enumeration value="text/vnd.in3d.3dml"/>
      <xsd:enumeration value="text/vnd.in3d.spot"/>
      <xsd:enumeration value="text/vnd.latex-z"/>
      <xsd:enumeration value="text/vnd.motorola.reflex"/>
      <xsd:enumeration value="text/vnd.ms-mediapackage"/>
      <xsd:enumeration value="text/vnd.net2phone.commcenter.command"/>
      <xsd:enumeration value="text/vnd.sun.j2me.app-descriptor"/>
      <xsd:enumeration value="text/vnd.wap.si"/>
      <xsd:enumeration value="text/vnd.wap.sl"/>
      <xsd:enumeration value="text/vnd.wap.wml"/>
      <xsd:enumeration value="text/vnd.wap.wmlscript"/>
      <xsd:enumeration value="text/xml"/>
      <xsd:enumeration value="text/xml-external-parsed-entity"/>
      <xsd:enumeration value="video/3gpp"/>
      <xsd:enumeration value="video/BMPEG"/>
      <xsd:enumeration value="video/BT656"/>
      <xsd:enumeration value="video/CelB"/>
      <xsd:enumeration value="video/DV"/>
      <xsd:enumeration value="video/H261"/>
      <xsd:enumeration value="video/H263"/>
      <xsd:enumeration value="video/H263-1998"/>
      <xsd:enumeration value="video/H263-2000"/>
      <xsd:enumeration value="video/H264"/>
      <xsd:enumeration value="video/JPEG"/>
      <xsd:enumeration value="video/MJ2"/>
      <xsd:enumeration value="video/MP1S"/>
      <xsd:enumeration value="video/MP2P"/>
      <xsd:enumeration value="video/MP2T"/>
      <xsd:enumeration value="video/MP4V-ES"/>
      <xsd:enumeration value="video/MPV"/>
      <xsd:enumeration value="video/SMPTE292M"/>
      <xsd:enumeration value="video/mpeg"/>
      <xsd:enumeration value="video/mpeg4-generic"/>
      <xsd:enumeration value="video/nv"/>
      <xsd:enumeration value="video/parityfec"/>
      <xsd:enumeration value="video/pointer"/>
      <xsd:enumeration value="video/quicktime"/>
      <xsd:enumeration value="video/raw"/>
      <xsd:enumeration value="video/vnd.fvt"/>
      <xsd:enumeration value="video/vnd.motorola.video"/>
      <xsd:enumeration value="video/vnd.motorola.videop"/>
      <xsd:enumeration value="video/vnd.mpegurl"/>
      <xsd:enumeration value="video/vnd.nokia.interleaved-multimedia"/>
      <xsd:enumeration value="video/vnd.objectvideo"/>
      <xsd:enumeration value="video/vnd.sealed.mpeg1"/>
      <xsd:enumeration value="video/vnd.sealed.mpeg4"/>
      <xsd:enumeration value="video/vnd.sealed.swf"/>
      <xsd:enumeration value="video/vnd.sealedmedia.softseal.mov"/>
      <xsd:enumeration value="video/vnd.vivo"/>
    </xsd:restriction>
  </xsd:simpleType>
</xsd:schema>]]></con:content><con:type>http://www.w3.org/2001/XMLSchema</con:type></con:part><con:part><con:url>file:/home/isr/git/parent/invoiceservice/InvoiceServiceRegistry/wsdl/invoiceService/1.0.0/invoice/CodeList_CurrencyCode_ISO_7_04.xsd</con:url><con:content><![CDATA[<!--======================================================================-->
<!--=====  Currency Code Schema Module  =====-->
<!--======================================================================-->
<!--Module of		Currency Code
  	Agency: 		UN/CEFACT	
  	Version:		1.1	
  	Last change: 	14 January 2005
  	
  	Copyright (C) UN/CEFACT (2006). All Rights Reserved.

	This document and translations of it may be copied and furnished to others, 
	and derivative works that comment on or otherwise explain it or assist 
	in its implementation may be prepared, copied, published and distributed, 
	in whole or in part, without restriction of any kind, provided that the 
	above copyright notice and this paragraph are included on all such copies 
	and derivative works. However, this document itself may not be modified in 
	any way, such as by removing the copyright notice or references to 
	UN/CEFACT, except as needed for the purpose of developing UN/CEFACT 
	specifications, in which case the procedures for copyrights defined in the 
	UN/CEFACT Intellectual Property Rights document must be followed, or as 
	required to translate it into languages other than English.

	The limited permissions granted above are perpetual and will not be revoked 
	by UN/CEFACT or its successors or assigns.

	This document and the information contained herein is provided on an "AS IS"
	basis and UN/CEFACT DISCLAIMS ALL WARRANTIES, EXPRESS OR IMPLIED, INCLUDING 
	BUT NOT LIMITED TO ANY WARRANTY THAT THE USE OF THE INFORMATION HEREIN WILL 
	NOT INFRINGE ANY RIGHTS OR ANY IMPLIED WARRANTIES OF MERCHANTABILITY OR 
	FITNESS FOR A PARTICULAR PURPOSE.-->
<xsd:schema targetNamespace="urn:un:unece:uncefact:codelist:specification:54217:2001" elementFormDefault="qualified" attributeFormDefault="unqualified" xmlns:ccts="urn:un:unece:uncefact:documentation:2" xmlns:clm54217="urn:un:unece:uncefact:codelist:specification:54217:2001" xmlns:xsd="http://www.w3.org/2001/XMLSchema">
  <xsd:simpleType name="CurrencyCodeContentType">
    <xsd:restriction base="xsd:token">
      <xsd:enumeration value="AED">
        <xsd:annotation>
          <xsd:documentation>
            <ccts:CodeName>Dirham</ccts:CodeName>
            <ccts:CodeDescription/>
          </xsd:documentation>
        </xsd:annotation>
      </xsd:enumeration>
      <xsd:enumeration value="AFN">
        <xsd:annotation>
          <xsd:documentation>
            <ccts:CodeName>Afghani</ccts:CodeName>
            <ccts:CodeDescription/>
          </xsd:documentation>
        </xsd:annotation>
      </xsd:enumeration>
      <xsd:enumeration value="ALL">
        <xsd:annotation>
          <xsd:documentation>
            <ccts:CodeName>Lek</ccts:CodeName>
            <ccts:CodeDescription/>
          </xsd:documentation>
        </xsd:annotation>
      </xsd:enumeration>
      <xsd:enumeration value="AMD">
        <xsd:annotation>
          <xsd:documentation>
            <ccts:CodeName>Dram</ccts:CodeName>
            <ccts:CodeDescription/>
          </xsd:documentation>
        </xsd:annotation>
      </xsd:enumeration>
      <xsd:enumeration value="ANG">
        <xsd:annotation>
          <xsd:documentation>
            <ccts:CodeName>Netherlands Antillian Guilder</ccts:CodeName>
            <ccts:CodeDescription/>
          </xsd:documentation>
        </xsd:annotation>
      </xsd:enumeration>
      <xsd:enumeration value="AOA">
        <xsd:annotation>
          <xsd:documentation>
            <ccts:CodeName>Kwanza</ccts:CodeName>
            <ccts:CodeDescription/>
          </xsd:documentation>
        </xsd:annotation>
      </xsd:enumeration>
      <xsd:enumeration value="ARS">
        <xsd:annotation>
          <xsd:documentation>
            <ccts:CodeName>Argentine Peso</ccts:CodeName>
            <ccts:CodeDescription/>
          </xsd:documentation>
        </xsd:annotation>
      </xsd:enumeration>
      <xsd:enumeration value="AUD">
        <xsd:annotation>
          <xsd:documentation>
            <ccts:CodeName>Australian Dollar</ccts:CodeName>
            <ccts:CodeDescription/>
          </xsd:documentation>
        </xsd:annotation>
      </xsd:enumeration>
      <xsd:enumeration value="AWG">
        <xsd:annotation>
          <xsd:documentation>
            <ccts:CodeName>Aruban Guilder</ccts:CodeName>
            <ccts:CodeDescription/>
          </xsd:documentation>
        </xsd:annotation>
      </xsd:enumeration>
      <xsd:enumeration value="AZM">
        <xsd:annotation>
          <xsd:documentation>
            <ccts:CodeName>Azerbaijanian Manat</ccts:CodeName>
            <ccts:CodeDescription/>
          </xsd:documentation>
        </xsd:annotation>
      </xsd:enumeration>
      <xsd:enumeration value="BAM">
        <xsd:annotation>
          <xsd:documentation>
            <ccts:CodeName>Convertible Mark</ccts:CodeName>
            <ccts:CodeDescription/>
          </xsd:documentation>
        </xsd:annotation>
      </xsd:enumeration>
      <xsd:enumeration value="BBD">
        <xsd:annotation>
          <xsd:documentation>
            <ccts:CodeName>Barbados Dollar</ccts:CodeName>
            <ccts:CodeDescription/>
          </xsd:documentation>
        </xsd:annotation>
      </xsd:enumeration>
      <xsd:enumeration value="BDT">
        <xsd:annotation>
          <xsd:documentation>
            <ccts:CodeName>Taka</ccts:CodeName>
            <ccts:CodeDescription/>
          </xsd:documentation>
        </xsd:annotation>
      </xsd:enumeration>
      <xsd:enumeration value="BGN">
        <xsd:annotation>
          <xsd:documentation>
            <ccts:CodeName>Bulgarian Lev</ccts:CodeName>
            <ccts:CodeDescription/>
          </xsd:documentation>
        </xsd:annotation>
      </xsd:enumeration>
      <xsd:enumeration value="BHD">
        <xsd:annotation>
          <xsd:documentation>
            <ccts:CodeName>Bahraini Dinar</ccts:CodeName>
            <ccts:CodeDescription/>
          </xsd:documentation>
        </xsd:annotation>
      </xsd:enumeration>
      <xsd:enumeration value="BIF">
        <xsd:annotation>
          <xsd:documentation>
            <ccts:CodeName>Burundi Franc</ccts:CodeName>
            <ccts:CodeDescription/>
          </xsd:documentation>
        </xsd:annotation>
      </xsd:enumeration>
      <xsd:enumeration value="BMD">
        <xsd:annotation>
          <xsd:documentation>
            <ccts:CodeName>Bermudian Dollar (customarily: Bermuda Dollar)</ccts:CodeName>
            <ccts:CodeDescription/>
          </xsd:documentation>
        </xsd:annotation>
      </xsd:enumeration>
      <xsd:enumeration value="BND">
        <xsd:annotation>
          <xsd:documentation>
            <ccts:CodeName>Brunei Dollar</ccts:CodeName>
            <ccts:CodeDescription/>
          </xsd:documentation>
        </xsd:annotation>
      </xsd:enumeration>
      <xsd:enumeration value="BOB">
        <xsd:annotation>
          <xsd:documentation>
            <ccts:CodeName>Boliviano</ccts:CodeName>
            <ccts:CodeDescription/>
          </xsd:documentation>
        </xsd:annotation>
      </xsd:enumeration>
      <xsd:enumeration value="BRL">
        <xsd:annotation>
          <xsd:documentation>
            <ccts:CodeName>Brazilian Real</ccts:CodeName>
            <ccts:CodeDescription/>
          </xsd:documentation>
        </xsd:annotation>
      </xsd:enumeration>
      <xsd:enumeration value="BSD">
        <xsd:annotation>
          <xsd:documentation>
            <ccts:CodeName>Bahamian Dollar</ccts:CodeName>
            <ccts:CodeDescription/>
          </xsd:documentation>
        </xsd:annotation>
      </xsd:enumeration>
      <xsd:enumeration value="BTN">
        <xsd:annotation>
          <xsd:documentation>
            <ccts:CodeName>Ngultrum</ccts:CodeName>
            <ccts:CodeDescription/>
          </xsd:documentation>
        </xsd:annotation>
      </xsd:enumeration>
      <xsd:enumeration value="BWP">
        <xsd:annotation>
          <xsd:documentation>
            <ccts:CodeName>Pula</ccts:CodeName>
            <ccts:CodeDescription/>
          </xsd:documentation>
        </xsd:annotation>
      </xsd:enumeration>
      <xsd:enumeration value="BYR">
        <xsd:annotation>
          <xsd:documentation>
            <ccts:CodeName>Belarussian Ruble</ccts:CodeName>
            <ccts:CodeDescription/>
          </xsd:documentation>
        </xsd:annotation>
      </xsd:enumeration>
      <xsd:enumeration value="BZD">
        <xsd:annotation>
          <xsd:documentation>
            <ccts:CodeName>Belize Dollar</ccts:CodeName>
            <ccts:CodeDescription/>
          </xsd:documentation>
        </xsd:annotation>
      </xsd:enumeration>
      <xsd:enumeration value="CAD">
        <xsd:annotation>
          <xsd:documentation>
            <ccts:CodeName>Canadian Dollar</ccts:CodeName>
            <ccts:CodeDescription/>
          </xsd:documentation>
        </xsd:annotation>
      </xsd:enumeration>
      <xsd:enumeration value="CDF">
        <xsd:annotation>
          <xsd:documentation>
            <ccts:CodeName>Franc Congolais</ccts:CodeName>
            <ccts:CodeDescription/>
          </xsd:documentation>
        </xsd:annotation>
      </xsd:enumeration>
      <xsd:enumeration value="CHF">
        <xsd:annotation>
          <xsd:documentation>
            <ccts:CodeName>Swiss Franc</ccts:CodeName>
            <ccts:CodeDescription/>
          </xsd:documentation>
        </xsd:annotation>
      </xsd:enumeration>
      <xsd:enumeration value="CLP">
        <xsd:annotation>
          <xsd:documentation>
            <ccts:CodeName>Chilean Peso</ccts:CodeName>
            <ccts:CodeDescription/>
          </xsd:documentation>
        </xsd:annotation>
      </xsd:enumeration>
      <xsd:enumeration value="CNY">
        <xsd:annotation>
          <xsd:documentation>
            <ccts:CodeName>Yuan Renminbi</ccts:CodeName>
            <ccts:CodeDescription/>
          </xsd:documentation>
        </xsd:annotation>
      </xsd:enumeration>
      <xsd:enumeration value="COP">
        <xsd:annotation>
          <xsd:documentation>
            <ccts:CodeName>Colombian Peso</ccts:CodeName>
            <ccts:CodeDescription/>
          </xsd:documentation>
        </xsd:annotation>
      </xsd:enumeration>
      <xsd:enumeration value="CRC">
        <xsd:annotation>
          <xsd:documentation>
            <ccts:CodeName>Costa Rican Colon</ccts:CodeName>
            <ccts:CodeDescription/>
          </xsd:documentation>
        </xsd:annotation>
      </xsd:enumeration>
      <xsd:enumeration value="CUP">
        <xsd:annotation>
          <xsd:documentation>
            <ccts:CodeName>Cuban Peso</ccts:CodeName>
            <ccts:CodeDescription/>
          </xsd:documentation>
        </xsd:annotation>
      </xsd:enumeration>
      <xsd:enumeration value="CVE">
        <xsd:annotation>
          <xsd:documentation>
            <ccts:CodeName>Cape Verde Escudo</ccts:CodeName>
            <ccts:CodeDescription/>
          </xsd:documentation>
        </xsd:annotation>
      </xsd:enumeration>
      <xsd:enumeration value="CYP">
        <xsd:annotation>
          <xsd:documentation>
            <ccts:CodeName>Cyprus Pound</ccts:CodeName>
            <ccts:CodeDescription/>
          </xsd:documentation>
        </xsd:annotation>
      </xsd:enumeration>
      <xsd:enumeration value="CZK">
        <xsd:annotation>
          <xsd:documentation>
            <ccts:CodeName>Czech Koruna</ccts:CodeName>
            <ccts:CodeDescription/>
          </xsd:documentation>
        </xsd:annotation>
      </xsd:enumeration>
      <xsd:enumeration value="DJF">
        <xsd:annotation>
          <xsd:documentation>
            <ccts:CodeName>Djibouti Franc</ccts:CodeName>
            <ccts:CodeDescription/>
          </xsd:documentation>
        </xsd:annotation>
      </xsd:enumeration>
      <xsd:enumeration value="DKK">
        <xsd:annotation>
          <xsd:documentation>
            <ccts:CodeName>Danish Krone</ccts:CodeName>
            <ccts:CodeDescription/>
          </xsd:documentation>
        </xsd:annotation>
      </xsd:enumeration>
      <xsd:enumeration value="DOP">
        <xsd:annotation>
          <xsd:documentation>
            <ccts:CodeName>Dominican Peso</ccts:CodeName>
            <ccts:CodeDescription/>
          </xsd:documentation>
        </xsd:annotation>
      </xsd:enumeration>
      <xsd:enumeration value="DZD">
        <xsd:annotation>
          <xsd:documentation>
            <ccts:CodeName>Algerian Dinar</ccts:CodeName>
            <ccts:CodeDescription/>
          </xsd:documentation>
        </xsd:annotation>
      </xsd:enumeration>
      <xsd:enumeration value="EEK">
        <xsd:annotation>
          <xsd:documentation>
            <ccts:CodeName>Kroon</ccts:CodeName>
            <ccts:CodeDescription/>
          </xsd:documentation>
        </xsd:annotation>
      </xsd:enumeration>
      <xsd:enumeration value="EGP">
        <xsd:annotation>
          <xsd:documentation>
            <ccts:CodeName>Egyptian Pound</ccts:CodeName>
            <ccts:CodeDescription/>
          </xsd:documentation>
        </xsd:annotation>
      </xsd:enumeration>
      <xsd:enumeration value="ERN">
        <xsd:annotation>
          <xsd:documentation>
            <ccts:CodeName>Nakfa</ccts:CodeName>
            <ccts:CodeDescription/>
          </xsd:documentation>
        </xsd:annotation>
      </xsd:enumeration>
      <xsd:enumeration value="ETB">
        <xsd:annotation>
          <xsd:documentation>
            <ccts:CodeName>Ethopian Birr</ccts:CodeName>
            <ccts:CodeDescription/>
          </xsd:documentation>
        </xsd:annotation>
      </xsd:enumeration>
      <xsd:enumeration value="EUR">
        <xsd:annotation>
          <xsd:documentation>
            <ccts:CodeName>Euro</ccts:CodeName>
            <ccts:CodeDescription>On 1 January 1999, the euro will become the currency of those Member states of the European Union which adopt the single currency in accordance with the Treaty establishing the European Community. This code has been issued now so that technical preparations can be started. The code element 'EU' has been reserved by the ISO 3166 Maintenance Agency for use within ISO 4217 where 'R' has been appended to make an acceptable mnemonic code.</ccts:CodeDescription>
          </xsd:documentation>
        </xsd:annotation>
      </xsd:enumeration>
      <xsd:enumeration value="FJD">
        <xsd:annotation>
          <xsd:documentation>
            <ccts:CodeName>Fiji Dollar</ccts:CodeName>
            <ccts:CodeDescription/>
          </xsd:documentation>
        </xsd:annotation>
      </xsd:enumeration>
      <xsd:enumeration value="FKP">
        <xsd:annotation>
          <xsd:documentation>
            <ccts:CodeName>Falkland Islands Pound</ccts:CodeName>
            <ccts:CodeDescription/>
          </xsd:documentation>
        </xsd:annotation>
      </xsd:enumeration>
      <xsd:enumeration value="GBP">
        <xsd:annotation>
          <xsd:documentation>
            <ccts:CodeName>Pound Sterling</ccts:CodeName>
            <ccts:CodeDescription/>
          </xsd:documentation>
        </xsd:annotation>
      </xsd:enumeration>
      <xsd:enumeration value="GEL">
        <xsd:annotation>
          <xsd:documentation>
            <ccts:CodeName>Lari</ccts:CodeName>
            <ccts:CodeDescription/>
          </xsd:documentation>
        </xsd:annotation>
      </xsd:enumeration>
      <xsd:enumeration value="GHC">
        <xsd:annotation>
          <xsd:documentation>
            <ccts:CodeName>Cedi</ccts:CodeName>
            <ccts:CodeDescription/>
          </xsd:documentation>
        </xsd:annotation>
      </xsd:enumeration>
      <xsd:enumeration value="GIP">
        <xsd:annotation>
          <xsd:documentation>
            <ccts:CodeName>Gibraltar Pound</ccts:CodeName>
            <ccts:CodeDescription/>
          </xsd:documentation>
        </xsd:annotation>
      </xsd:enumeration>
      <xsd:enumeration value="GMD">
        <xsd:annotation>
          <xsd:documentation>
            <ccts:CodeName>Dalasi</ccts:CodeName>
            <ccts:CodeDescription/>
          </xsd:documentation>
        </xsd:annotation>
      </xsd:enumeration>
      <xsd:enumeration value="GNF">
        <xsd:annotation>
          <xsd:documentation>
            <ccts:CodeName>Guinea Franc</ccts:CodeName>
            <ccts:CodeDescription/>
          </xsd:documentation>
        </xsd:annotation>
      </xsd:enumeration>
      <xsd:enumeration value="GTQ">
        <xsd:annotation>
          <xsd:documentation>
            <ccts:CodeName>Quetzal</ccts:CodeName>
            <ccts:CodeDescription/>
          </xsd:documentation>
        </xsd:annotation>
      </xsd:enumeration>
      <xsd:enumeration value="GYD">
        <xsd:annotation>
          <xsd:documentation>
            <ccts:CodeName>Guyana Dollar</ccts:CodeName>
            <ccts:CodeDescription/>
          </xsd:documentation>
        </xsd:annotation>
      </xsd:enumeration>
      <xsd:enumeration value="HKD">
        <xsd:annotation>
          <xsd:documentation>
            <ccts:CodeName>Honk Kong Dollar</ccts:CodeName>
            <ccts:CodeDescription/>
          </xsd:documentation>
        </xsd:annotation>
      </xsd:enumeration>
      <xsd:enumeration value="HNL">
        <xsd:annotation>
          <xsd:documentation>
            <ccts:CodeName>Lempira</ccts:CodeName>
            <ccts:CodeDescription/>
          </xsd:documentation>
        </xsd:annotation>
      </xsd:enumeration>
      <xsd:enumeration value="HRK">
        <xsd:annotation>
          <xsd:documentation>
            <ccts:CodeName>Kuna</ccts:CodeName>
            <ccts:CodeDescription/>
          </xsd:documentation>
        </xsd:annotation>
      </xsd:enumeration>
      <xsd:enumeration value="HTG">
        <xsd:annotation>
          <xsd:documentation>
            <ccts:CodeName>Gourde</ccts:CodeName>
            <ccts:CodeDescription/>
          </xsd:documentation>
        </xsd:annotation>
      </xsd:enumeration>
      <xsd:enumeration value="HUF">
        <xsd:annotation>
          <xsd:documentation>
            <ccts:CodeName>Forint</ccts:CodeName>
            <ccts:CodeDescription/>
          </xsd:documentation>
        </xsd:annotation>
      </xsd:enumeration>
      <xsd:enumeration value="IDR">
        <xsd:annotation>
          <xsd:documentation>
            <ccts:CodeName>Rupiah</ccts:CodeName>
            <ccts:CodeDescription/>
          </xsd:documentation>
        </xsd:annotation>
      </xsd:enumeration>
      <xsd:enumeration value="ILS">
        <xsd:annotation>
          <xsd:documentation>
            <ccts:CodeName>New Israeli Sheqel</ccts:CodeName>
            <ccts:CodeDescription/>
          </xsd:documentation>
        </xsd:annotation>
      </xsd:enumeration>
      <xsd:enumeration value="INR">
        <xsd:annotation>
          <xsd:documentation>
            <ccts:CodeName>Indian Rupee</ccts:CodeName>
            <ccts:CodeDescription/>
          </xsd:documentation>
        </xsd:annotation>
      </xsd:enumeration>
      <xsd:enumeration value="IQD">
        <xsd:annotation>
          <xsd:documentation>
            <ccts:CodeName>Iraqi Dinar</ccts:CodeName>
            <ccts:CodeDescription/>
          </xsd:documentation>
        </xsd:annotation>
      </xsd:enumeration>
      <xsd:enumeration value="IRR">
        <xsd:annotation>
          <xsd:documentation>
            <ccts:CodeName>Iranian Rial</ccts:CodeName>
            <ccts:CodeDescription/>
          </xsd:documentation>
        </xsd:annotation>
      </xsd:enumeration>
      <xsd:enumeration value="ISK">
        <xsd:annotation>
          <xsd:documentation>
            <ccts:CodeName>Iceland Krona</ccts:CodeName>
            <ccts:CodeDescription/>
          </xsd:documentation>
        </xsd:annotation>
      </xsd:enumeration>
      <xsd:enumeration value="JMD">
        <xsd:annotation>
          <xsd:documentation>
            <ccts:CodeName>Jamaican Dollar</ccts:CodeName>
            <ccts:CodeDescription/>
          </xsd:documentation>
        </xsd:annotation>
      </xsd:enumeration>
      <xsd:enumeration value="JOD">
        <xsd:annotation>
          <xsd:documentation>
            <ccts:CodeName>Jordanian Dinar</ccts:CodeName>
            <ccts:CodeDescription/>
          </xsd:documentation>
        </xsd:annotation>
      </xsd:enumeration>
      <xsd:enumeration value="JPY">
        <xsd:annotation>
          <xsd:documentation>
            <ccts:CodeName>Yen</ccts:CodeName>
            <ccts:CodeDescription/>
          </xsd:documentation>
        </xsd:annotation>
      </xsd:enumeration>
      <xsd:enumeration value="KES">
        <xsd:annotation>
          <xsd:documentation>
            <ccts:CodeName>Kenyan Shilling</ccts:CodeName>
            <ccts:CodeDescription/>
          </xsd:documentation>
        </xsd:annotation>
      </xsd:enumeration>
      <xsd:enumeration value="KGS">
        <xsd:annotation>
          <xsd:documentation>
            <ccts:CodeName>Som</ccts:CodeName>
            <ccts:CodeDescription/>
          </xsd:documentation>
        </xsd:annotation>
      </xsd:enumeration>
      <xsd:enumeration value="KHR">
        <xsd:annotation>
          <xsd:documentation>
            <ccts:CodeName>Riel</ccts:CodeName>
            <ccts:CodeDescription/>
          </xsd:documentation>
        </xsd:annotation>
      </xsd:enumeration>
      <xsd:enumeration value="KMF">
        <xsd:annotation>
          <xsd:documentation>
            <ccts:CodeName>Comoro Franc</ccts:CodeName>
            <ccts:CodeDescription/>
          </xsd:documentation>
        </xsd:annotation>
      </xsd:enumeration>
      <xsd:enumeration value="KPW">
        <xsd:annotation>
          <xsd:documentation>
            <ccts:CodeName>North Korean Won</ccts:CodeName>
            <ccts:CodeDescription/>
          </xsd:documentation>
        </xsd:annotation>
      </xsd:enumeration>
      <xsd:enumeration value="KRW">
        <xsd:annotation>
          <xsd:documentation>
            <ccts:CodeName>Won</ccts:CodeName>
            <ccts:CodeDescription/>
          </xsd:documentation>
        </xsd:annotation>
      </xsd:enumeration>
      <xsd:enumeration value="KWD">
        <xsd:annotation>
          <xsd:documentation>
            <ccts:CodeName>Kuwaiti Dinar</ccts:CodeName>
            <ccts:CodeDescription/>
          </xsd:documentation>
        </xsd:annotation>
      </xsd:enumeration>
      <xsd:enumeration value="KYD">
        <xsd:annotation>
          <xsd:documentation>
            <ccts:CodeName>Cayman Islands Dollar</ccts:CodeName>
            <ccts:CodeDescription/>
          </xsd:documentation>
        </xsd:annotation>
      </xsd:enumeration>
      <xsd:enumeration value="KZT">
        <xsd:annotation>
          <xsd:documentation>
            <ccts:CodeName>Tenge</ccts:CodeName>
            <ccts:CodeDescription/>
          </xsd:documentation>
        </xsd:annotation>
      </xsd:enumeration>
      <xsd:enumeration value="LAK">
        <xsd:annotation>
          <xsd:documentation>
            <ccts:CodeName>Kip</ccts:CodeName>
            <ccts:CodeDescription/>
          </xsd:documentation>
        </xsd:annotation>
      </xsd:enumeration>
      <xsd:enumeration value="LBP">
        <xsd:annotation>
          <xsd:documentation>
            <ccts:CodeName>Lebanese Pound</ccts:CodeName>
            <ccts:CodeDescription/>
          </xsd:documentation>
        </xsd:annotation>
      </xsd:enumeration>
      <xsd:enumeration value="LKR">
        <xsd:annotation>
          <xsd:documentation>
            <ccts:CodeName>Sri Lanka Rupee</ccts:CodeName>
            <ccts:CodeDescription/>
          </xsd:documentation>
        </xsd:annotation>
      </xsd:enumeration>
      <xsd:enumeration value="LRD">
        <xsd:annotation>
          <xsd:documentation>
            <ccts:CodeName>Liberian Dollar</ccts:CodeName>
            <ccts:CodeDescription/>
          </xsd:documentation>
        </xsd:annotation>
      </xsd:enumeration>
      <xsd:enumeration value="LSL">
        <xsd:annotation>
          <xsd:documentation>
            <ccts:CodeName>Loti</ccts:CodeName>
            <ccts:CodeDescription/>
          </xsd:documentation>
        </xsd:annotation>
      </xsd:enumeration>
      <xsd:enumeration value="LTL">
        <xsd:annotation>
          <xsd:documentation>
            <ccts:CodeName>Lithuanian Litas</ccts:CodeName>
            <ccts:CodeDescription/>
          </xsd:documentation>
        </xsd:annotation>
      </xsd:enumeration>
      <xsd:enumeration value="LVL">
        <xsd:annotation>
          <xsd:documentation>
            <ccts:CodeName>Latvian Lats</ccts:CodeName>
            <ccts:CodeDescription/>
          </xsd:documentation>
        </xsd:annotation>
      </xsd:enumeration>
      <xsd:enumeration value="LYD">
        <xsd:annotation>
          <xsd:documentation>
            <ccts:CodeName>Libyan Dinar</ccts:CodeName>
            <ccts:CodeDescription/>
          </xsd:documentation>
        </xsd:annotation>
      </xsd:enumeration>
      <xsd:enumeration value="MAD">
        <xsd:annotation>
          <xsd:documentation>
            <ccts:CodeName>Morrocan Dirham</ccts:CodeName>
            <ccts:CodeDescription/>
          </xsd:documentation>
        </xsd:annotation>
      </xsd:enumeration>
      <xsd:enumeration value="MDL">
        <xsd:annotation>
          <xsd:documentation>
            <ccts:CodeName>Moldovan Leu</ccts:CodeName>
            <ccts:CodeDescription/>
          </xsd:documentation>
        </xsd:annotation>
      </xsd:enumeration>
      <xsd:enumeration value="MGF">
        <xsd:annotation>
          <xsd:documentation>
            <ccts:CodeName>Malagasy Franc</ccts:CodeName>
            <ccts:CodeDescription/>
          </xsd:documentation>
        </xsd:annotation>
      </xsd:enumeration>
      <xsd:enumeration value="MKD">
        <xsd:annotation>
          <xsd:documentation>
            <ccts:CodeName>Denar</ccts:CodeName>
            <ccts:CodeDescription/>
          </xsd:documentation>
        </xsd:annotation>
      </xsd:enumeration>
      <xsd:enumeration value="MMK">
        <xsd:annotation>
          <xsd:documentation>
            <ccts:CodeName>Kyat</ccts:CodeName>
            <ccts:CodeDescription/>
          </xsd:documentation>
        </xsd:annotation>
      </xsd:enumeration>
      <xsd:enumeration value="MNT">
        <xsd:annotation>
          <xsd:documentation>
            <ccts:CodeName>Tugrik</ccts:CodeName>
            <ccts:CodeDescription/>
          </xsd:documentation>
        </xsd:annotation>
      </xsd:enumeration>
      <xsd:enumeration value="MOP">
        <xsd:annotation>
          <xsd:documentation>
            <ccts:CodeName>Pataca</ccts:CodeName>
            <ccts:CodeDescription/>
          </xsd:documentation>
        </xsd:annotation>
      </xsd:enumeration>
      <xsd:enumeration value="MRO">
        <xsd:annotation>
          <xsd:documentation>
            <ccts:CodeName>Ouguiya</ccts:CodeName>
            <ccts:CodeDescription/>
          </xsd:documentation>
        </xsd:annotation>
      </xsd:enumeration>
      <xsd:enumeration value="MTL">
        <xsd:annotation>
          <xsd:documentation>
            <ccts:CodeName>Maltese Lira</ccts:CodeName>
            <ccts:CodeDescription/>
          </xsd:documentation>
        </xsd:annotation>
      </xsd:enumeration>
      <xsd:enumeration value="MUR">
        <xsd:annotation>
          <xsd:documentation>
            <ccts:CodeName>Mauritius Rupee</ccts:CodeName>
            <ccts:CodeDescription/>
          </xsd:documentation>
        </xsd:annotation>
      </xsd:enumeration>
      <xsd:enumeration value="MVR">
        <xsd:annotation>
          <xsd:documentation>
            <ccts:CodeName>Rufiyaa</ccts:CodeName>
            <ccts:CodeDescription/>
          </xsd:documentation>
        </xsd:annotation>
      </xsd:enumeration>
      <xsd:enumeration value="MWK">
        <xsd:annotation>
          <xsd:documentation>
            <ccts:CodeName>Kwacha</ccts:CodeName>
            <ccts:CodeDescription/>
          </xsd:documentation>
        </xsd:annotation>
      </xsd:enumeration>
      <xsd:enumeration value="MXN">
        <xsd:annotation>
          <xsd:documentation>
            <ccts:CodeName>Mexican Peso</ccts:CodeName>
            <ccts:CodeDescription/>
          </xsd:documentation>
        </xsd:annotation>
      </xsd:enumeration>
      <xsd:enumeration value="MYR">
        <xsd:annotation>
          <xsd:documentation>
            <ccts:CodeName>Malaysian Ringgit</ccts:CodeName>
            <ccts:CodeDescription/>
          </xsd:documentation>
        </xsd:annotation>
      </xsd:enumeration>
      <xsd:enumeration value="MZM">
        <xsd:annotation>
          <xsd:documentation>
            <ccts:CodeName>Metical</ccts:CodeName>
            <ccts:CodeDescription/>
          </xsd:documentation>
        </xsd:annotation>
      </xsd:enumeration>
      <xsd:enumeration value="NAD">
        <xsd:annotation>
          <xsd:documentation>
            <ccts:CodeName>Namibia Dollar</ccts:CodeName>
            <ccts:CodeDescription/>
          </xsd:documentation>
        </xsd:annotation>
      </xsd:enumeration>
      <xsd:enumeration value="NGN">
        <xsd:annotation>
          <xsd:documentation>
            <ccts:CodeName>Naira</ccts:CodeName>
            <ccts:CodeDescription/>
          </xsd:documentation>
        </xsd:annotation>
      </xsd:enumeration>
      <xsd:enumeration value="NIO">
        <xsd:annotation>
          <xsd:documentation>
            <ccts:CodeName>Cordoba Oro</ccts:CodeName>
            <ccts:CodeDescription/>
          </xsd:documentation>
        </xsd:annotation>
      </xsd:enumeration>
      <xsd:enumeration value="NOK">
        <xsd:annotation>
          <xsd:documentation>
            <ccts:CodeName>Norwegian Krone</ccts:CodeName>
            <ccts:CodeDescription/>
          </xsd:documentation>
        </xsd:annotation>
      </xsd:enumeration>
      <xsd:enumeration value="NPR">
        <xsd:annotation>
          <xsd:documentation>
            <ccts:CodeName>Nepalese Rupee</ccts:CodeName>
            <ccts:CodeDescription/>
          </xsd:documentation>
        </xsd:annotation>
      </xsd:enumeration>
      <xsd:enumeration value="NZD">
        <xsd:annotation>
          <xsd:documentation>
            <ccts:CodeName>New Zealand Dollar</ccts:CodeName>
            <ccts:CodeDescription/>
          </xsd:documentation>
        </xsd:annotation>
      </xsd:enumeration>
      <xsd:enumeration value="OMR">
        <xsd:annotation>
          <xsd:documentation>
            <ccts:CodeName>Rial Omani</ccts:CodeName>
            <ccts:CodeDescription/>
          </xsd:documentation>
        </xsd:annotation>
      </xsd:enumeration>
      <xsd:enumeration value="PAB">
        <xsd:annotation>
          <xsd:documentation>
            <ccts:CodeName>Balboa</ccts:CodeName>
            <ccts:CodeDescription/>
          </xsd:documentation>
        </xsd:annotation>
      </xsd:enumeration>
      <xsd:enumeration value="PEN">
        <xsd:annotation>
          <xsd:documentation>
            <ccts:CodeName>Nuevo Sol</ccts:CodeName>
            <ccts:CodeDescription/>
          </xsd:documentation>
        </xsd:annotation>
      </xsd:enumeration>
      <xsd:enumeration value="PGK">
        <xsd:annotation>
          <xsd:documentation>
            <ccts:CodeName>Kina</ccts:CodeName>
            <ccts:CodeDescription/>
          </xsd:documentation>
        </xsd:annotation>
      </xsd:enumeration>
      <xsd:enumeration value="PHP">
        <xsd:annotation>
          <xsd:documentation>
            <ccts:CodeName>Philippine Peso</ccts:CodeName>
            <ccts:CodeDescription/>
          </xsd:documentation>
        </xsd:annotation>
      </xsd:enumeration>
      <xsd:enumeration value="PKR">
        <xsd:annotation>
          <xsd:documentation>
            <ccts:CodeName>Pakistan Rupee</ccts:CodeName>
            <ccts:CodeDescription/>
          </xsd:documentation>
        </xsd:annotation>
      </xsd:enumeration>
      <xsd:enumeration value="PLN">
        <xsd:annotation>
          <xsd:documentation>
            <ccts:CodeName>Zloty</ccts:CodeName>
            <ccts:CodeDescription/>
          </xsd:documentation>
        </xsd:annotation>
      </xsd:enumeration>
      <xsd:enumeration value="PYG">
        <xsd:annotation>
          <xsd:documentation>
            <ccts:CodeName>Guarani</ccts:CodeName>
            <ccts:CodeDescription/>
          </xsd:documentation>
        </xsd:annotation>
      </xsd:enumeration>
      <xsd:enumeration value="QAR">
        <xsd:annotation>
          <xsd:documentation>
            <ccts:CodeName>Qatari Rial</ccts:CodeName>
            <ccts:CodeDescription/>
          </xsd:documentation>
        </xsd:annotation>
      </xsd:enumeration>
      <xsd:enumeration value="ROL">
        <xsd:annotation>
          <xsd:documentation>
            <ccts:CodeName>Leu</ccts:CodeName>
            <ccts:CodeDescription/>
          </xsd:documentation>
        </xsd:annotation>
      </xsd:enumeration>
      <xsd:enumeration value="RUB">
        <xsd:annotation>
          <xsd:documentation>
            <ccts:CodeName>Russian Ruble</ccts:CodeName>
            <ccts:CodeDescription/>
          </xsd:documentation>
        </xsd:annotation>
      </xsd:enumeration>
      <xsd:enumeration value="RWF">
        <xsd:annotation>
          <xsd:documentation>
            <ccts:CodeName>Rwanda Franc</ccts:CodeName>
            <ccts:CodeDescription/>
          </xsd:documentation>
        </xsd:annotation>
      </xsd:enumeration>
      <xsd:enumeration value="SAR">
        <xsd:annotation>
          <xsd:documentation>
            <ccts:CodeName>Saudi Riyal</ccts:CodeName>
            <ccts:CodeDescription/>
          </xsd:documentation>
        </xsd:annotation>
      </xsd:enumeration>
      <xsd:enumeration value="SBD">
        <xsd:annotation>
          <xsd:documentation>
            <ccts:CodeName>Solomon Islands Dollar</ccts:CodeName>
            <ccts:CodeDescription/>
          </xsd:documentation>
        </xsd:annotation>
      </xsd:enumeration>
      <xsd:enumeration value="SCR">
        <xsd:annotation>
          <xsd:documentation>
            <ccts:CodeName>Seychelles Rupee</ccts:CodeName>
            <ccts:CodeDescription/>
          </xsd:documentation>
        </xsd:annotation>
      </xsd:enumeration>
      <xsd:enumeration value="SDD">
        <xsd:annotation>
          <xsd:documentation>
            <ccts:CodeName>Sudanese Dinar</ccts:CodeName>
            <ccts:CodeDescription/>
          </xsd:documentation>
        </xsd:annotation>
      </xsd:enumeration>
      <xsd:enumeration value="SEK">
        <xsd:annotation>
          <xsd:documentation>
            <ccts:CodeName>Swedish Krona</ccts:CodeName>
            <ccts:CodeDescription/>
          </xsd:documentation>
        </xsd:annotation>
      </xsd:enumeration>
      <xsd:enumeration value="SGD">
        <xsd:annotation>
          <xsd:documentation>
            <ccts:CodeName>Singapore Dollar</ccts:CodeName>
            <ccts:CodeDescription/>
          </xsd:documentation>
        </xsd:annotation>
      </xsd:enumeration>
      <xsd:enumeration value="SHP">
        <xsd:annotation>
          <xsd:documentation>
            <ccts:CodeName>St. Helena Pound</ccts:CodeName>
            <ccts:CodeDescription/>
          </xsd:documentation>
        </xsd:annotation>
      </xsd:enumeration>
      <xsd:enumeration value="SIT">
        <xsd:annotation>
          <xsd:documentation>
            <ccts:CodeName>Tolar</ccts:CodeName>
            <ccts:CodeDescription/>
          </xsd:documentation>
        </xsd:annotation>
      </xsd:enumeration>
      <xsd:enumeration value="SKK">
        <xsd:annotation>
          <xsd:documentation>
            <ccts:CodeName>Slovak Koruna</ccts:CodeName>
            <ccts:CodeDescription/>
          </xsd:documentation>
        </xsd:annotation>
      </xsd:enumeration>
      <xsd:enumeration value="SLL">
        <xsd:annotation>
          <xsd:documentation>
            <ccts:CodeName>Leone</ccts:CodeName>
            <ccts:CodeDescription/>
          </xsd:documentation>
        </xsd:annotation>
      </xsd:enumeration>
      <xsd:enumeration value="SOS">
        <xsd:annotation>
          <xsd:documentation>
            <ccts:CodeName>Somali Shilling</ccts:CodeName>
            <ccts:CodeDescription/>
          </xsd:documentation>
        </xsd:annotation>
      </xsd:enumeration>
      <xsd:enumeration value="SRG">
        <xsd:annotation>
          <xsd:documentation>
            <ccts:CodeName>Suriname Guilder</ccts:CodeName>
            <ccts:CodeDescription/>
          </xsd:documentation>
        </xsd:annotation>
      </xsd:enumeration>
      <xsd:enumeration value="STD">
        <xsd:annotation>
          <xsd:documentation>
            <ccts:CodeName>Dobra</ccts:CodeName>
            <ccts:CodeDescription/>
          </xsd:documentation>
        </xsd:annotation>
      </xsd:enumeration>
      <xsd:enumeration value="SVC">
        <xsd:annotation>
          <xsd:documentation>
            <ccts:CodeName>El Salvador Colon</ccts:CodeName>
            <ccts:CodeDescription/>
          </xsd:documentation>
        </xsd:annotation>
      </xsd:enumeration>
      <xsd:enumeration value="SYP">
        <xsd:annotation>
          <xsd:documentation>
            <ccts:CodeName>Syrian Pound</ccts:CodeName>
            <ccts:CodeDescription/>
          </xsd:documentation>
        </xsd:annotation>
      </xsd:enumeration>
      <xsd:enumeration value="SZL">
        <xsd:annotation>
          <xsd:documentation>
            <ccts:CodeName>Lilangeni</ccts:CodeName>
            <ccts:CodeDescription/>
          </xsd:documentation>
        </xsd:annotation>
      </xsd:enumeration>
      <xsd:enumeration value="THB">
        <xsd:annotation>
          <xsd:documentation>
            <ccts:CodeName>Baht</ccts:CodeName>
            <ccts:CodeDescription/>
          </xsd:documentation>
        </xsd:annotation>
      </xsd:enumeration>
      <xsd:enumeration value="TJS">
        <xsd:annotation>
          <xsd:documentation>
            <ccts:CodeName>Somoni</ccts:CodeName>
            <ccts:CodeDescription/>
          </xsd:documentation>
        </xsd:annotation>
      </xsd:enumeration>
      <xsd:enumeration value="TMM">
        <xsd:annotation>
          <xsd:documentation>
            <ccts:CodeName>Manat</ccts:CodeName>
            <ccts:CodeDescription/>
          </xsd:documentation>
        </xsd:annotation>
      </xsd:enumeration>
      <xsd:enumeration value="TND">
        <xsd:annotation>
          <xsd:documentation>
            <ccts:CodeName>Tunisian Dinar</ccts:CodeName>
            <ccts:CodeDescription/>
          </xsd:documentation>
        </xsd:annotation>
      </xsd:enumeration>
      <xsd:enumeration value="TOP">
        <xsd:annotation>
          <xsd:documentation>
            <ccts:CodeName>Pa'anga</ccts:CodeName>
            <ccts:CodeDescription/>
          </xsd:documentation>
        </xsd:annotation>
      </xsd:enumeration>
      <xsd:enumeration value="TRL">
        <xsd:annotation>
          <xsd:documentation>
            <ccts:CodeName>Turkish Lira</ccts:CodeName>
            <ccts:CodeDescription/>
          </xsd:documentation>
        </xsd:annotation>
      </xsd:enumeration>
      <xsd:enumeration value="TTD">
        <xsd:annotation>
          <xsd:documentation>
            <ccts:CodeName>Trinidad and Tobago Dollar</ccts:CodeName>
            <ccts:CodeDescription/>
          </xsd:documentation>
        </xsd:annotation>
      </xsd:enumeration>
      <xsd:enumeration value="TWD">
        <xsd:annotation>
          <xsd:documentation>
            <ccts:CodeName>New Taiwan Dollar</ccts:CodeName>
            <ccts:CodeDescription/>
          </xsd:documentation>
        </xsd:annotation>
      </xsd:enumeration>
      <xsd:enumeration value="TZS">
        <xsd:annotation>
          <xsd:documentation>
            <ccts:CodeName>Tanzanian Shilling</ccts:CodeName>
            <ccts:CodeDescription/>
          </xsd:documentation>
        </xsd:annotation>
      </xsd:enumeration>
      <xsd:enumeration value="UAH">
        <xsd:annotation>
          <xsd:documentation>
            <ccts:CodeName>Hryvnia</ccts:CodeName>
            <ccts:CodeDescription/>
          </xsd:documentation>
        </xsd:annotation>
      </xsd:enumeration>
      <xsd:enumeration value="UGX">
        <xsd:annotation>
          <xsd:documentation>
            <ccts:CodeName>Uganda Shilling</ccts:CodeName>
            <ccts:CodeDescription/>
          </xsd:documentation>
        </xsd:annotation>
      </xsd:enumeration>
      <xsd:enumeration value="USD">
        <xsd:annotation>
          <xsd:documentation>
            <ccts:CodeName>US Dollar</ccts:CodeName>
            <ccts:CodeDescription/>
          </xsd:documentation>
        </xsd:annotation>
      </xsd:enumeration>
      <xsd:enumeration value="UYU">
        <xsd:annotation>
          <xsd:documentation>
            <ccts:CodeName>Peso Uruguayo</ccts:CodeName>
            <ccts:CodeDescription/>
          </xsd:documentation>
        </xsd:annotation>
      </xsd:enumeration>
      <xsd:enumeration value="UZS">
        <xsd:annotation>
          <xsd:documentation>
            <ccts:CodeName>Uzbekistan Sum</ccts:CodeName>
            <ccts:CodeDescription/>
          </xsd:documentation>
        </xsd:annotation>
      </xsd:enumeration>
      <xsd:enumeration value="VEB">
        <xsd:annotation>
          <xsd:documentation>
            <ccts:CodeName>Bolivar</ccts:CodeName>
            <ccts:CodeDescription/>
          </xsd:documentation>
        </xsd:annotation>
      </xsd:enumeration>
      <xsd:enumeration value="VND">
        <xsd:annotation>
          <xsd:documentation>
            <ccts:CodeName>Dong</ccts:CodeName>
            <ccts:CodeDescription/>
          </xsd:documentation>
        </xsd:annotation>
      </xsd:enumeration>
      <xsd:enumeration value="VUV">
        <xsd:annotation>
          <xsd:documentation>
            <ccts:CodeName>Vatu</ccts:CodeName>
            <ccts:CodeDescription/>
          </xsd:documentation>
        </xsd:annotation>
      </xsd:enumeration>
      <xsd:enumeration value="WST">
        <xsd:annotation>
          <xsd:documentation>
            <ccts:CodeName>Tala</ccts:CodeName>
            <ccts:CodeDescription/>
          </xsd:documentation>
        </xsd:annotation>
      </xsd:enumeration>
      <xsd:enumeration value="XAF">
        <xsd:annotation>
          <xsd:documentation>
            <ccts:CodeName>CFA Franc</ccts:CodeName>
            <ccts:CodeDescription/>
          </xsd:documentation>
        </xsd:annotation>
      </xsd:enumeration>
      <xsd:enumeration value="XAG">
        <xsd:annotation>
          <xsd:documentation>
            <ccts:CodeName>Silver</ccts:CodeName>
            <ccts:CodeDescription/>
          </xsd:documentation>
        </xsd:annotation>
      </xsd:enumeration>
      <xsd:enumeration value="XAU">
        <xsd:annotation>
          <xsd:documentation>
            <ccts:CodeName>Gold</ccts:CodeName>
            <ccts:CodeDescription/>
          </xsd:documentation>
        </xsd:annotation>
      </xsd:enumeration>
      <xsd:enumeration value="XCD">
        <xsd:annotation>
          <xsd:documentation>
            <ccts:CodeName>East Carribean Dollar</ccts:CodeName>
            <ccts:CodeDescription/>
          </xsd:documentation>
        </xsd:annotation>
      </xsd:enumeration>
      <xsd:enumeration value="XDR">
        <xsd:annotation>
          <xsd:documentation>
            <ccts:CodeName>SDR</ccts:CodeName>
            <ccts:CodeDescription/>
          </xsd:documentation>
        </xsd:annotation>
      </xsd:enumeration>
      <xsd:enumeration value="XOF">
        <xsd:annotation>
          <xsd:documentation>
            <ccts:CodeName>CFA Franc</ccts:CodeName>
            <ccts:CodeDescription/>
          </xsd:documentation>
        </xsd:annotation>
      </xsd:enumeration>
      <xsd:enumeration value="XPD">
        <xsd:annotation>
          <xsd:documentation>
            <ccts:CodeName>Palladium</ccts:CodeName>
            <ccts:CodeDescription/>
          </xsd:documentation>
        </xsd:annotation>
      </xsd:enumeration>
      <xsd:enumeration value="XPF">
        <xsd:annotation>
          <xsd:documentation>
            <ccts:CodeName>CFP Franc</ccts:CodeName>
            <ccts:CodeDescription/>
          </xsd:documentation>
        </xsd:annotation>
      </xsd:enumeration>
      <xsd:enumeration value="XPT">
        <xsd:annotation>
          <xsd:documentation>
            <ccts:CodeName>Platinum</ccts:CodeName>
            <ccts:CodeDescription/>
          </xsd:documentation>
        </xsd:annotation>
      </xsd:enumeration>
      <xsd:enumeration value="YER">
        <xsd:annotation>
          <xsd:documentation>
            <ccts:CodeName>Yemeni Rial</ccts:CodeName>
            <ccts:CodeDescription/>
          </xsd:documentation>
        </xsd:annotation>
      </xsd:enumeration>
      <xsd:enumeration value="YUM">
        <xsd:annotation>
          <xsd:documentation>
            <ccts:CodeName>New Dinar</ccts:CodeName>
            <ccts:CodeDescription/>
          </xsd:documentation>
        </xsd:annotation>
      </xsd:enumeration>
      <xsd:enumeration value="ZAR">
        <xsd:annotation>
          <xsd:documentation>
            <ccts:CodeName>Rand</ccts:CodeName>
            <ccts:CodeDescription/>
          </xsd:documentation>
        </xsd:annotation>
      </xsd:enumeration>
      <xsd:enumeration value="ZMK">
        <xsd:annotation>
          <xsd:documentation>
            <ccts:CodeName>Kwacha</ccts:CodeName>
            <ccts:CodeDescription/>
          </xsd:documentation>
        </xsd:annotation>
      </xsd:enumeration>
      <xsd:enumeration value="ZWD">
        <xsd:annotation>
          <xsd:documentation>
            <ccts:CodeName>Zimbabwe Dollar</ccts:CodeName>
            <ccts:CodeDescription/>
          </xsd:documentation>
        </xsd:annotation>
      </xsd:enumeration>
    </xsd:restriction>
  </xsd:simpleType>
</xsd:schema>]]></con:content><con:type>http://www.w3.org/2001/XMLSchema</con:type></con:part><con:part><con:url>file:/home/isr/git/parent/invoiceservice/InvoiceServiceRegistry/wsdl/invoiceService/1.0.0/invoice/CodeList_LanguageCode_ISO_7_04.xsd</con:url><con:content><![CDATA[<!--======================================================================-->
<!--=====  Language Code Content Codelist Schema Module =====-->
<!--======================================================================-->
<!--Module of		Language Code Content Codelist
  	Agency: 		UN/CEFACT	
  	Version:		1.1	
  	Last change: 	14 January 2005
  	
  	Copyright (C) UN/CEFACT (2006). All Rights Reserved.

	This document and translations of it may be copied and furnished to others, 
	and derivative works that comment on or otherwise explain it or assist 
	in its implementation may be prepared, copied, published and distributed, 
	in whole or in part, without restriction of any kind, provided that the 
	above copyright notice and this paragraph are included on all such copies 
	and derivative works. However, this document itself may not be modified in 
	any way, such as by removing the copyright notice or references to 
	UN/CEFACT, except as needed for the purpose of developing UN/CEFACT 
	specifications, in which case the procedures for copyrights defined in the 
	UN/CEFACT Intellectual Property Rights document must be followed, or as 
	required to translate it into languages other than English.

	The limited permissions granted above are perpetual and will not be revoked 
	by UN/CEFACT or its successors or assigns.

	This document and the information contained herein is provided on an "AS IS"
	basis and UN/CEFACT DISCLAIMS ALL WARRANTIES, EXPRESS OR IMPLIED, INCLUDING 
	BUT NOT LIMITED TO ANY WARRANTY THAT THE USE OF THE INFORMATION HEREIN WILL 
	NOT INFRINGE ANY RIGHTS OR ANY IMPLIED WARRANTIES OF MERCHANTABILITY OR 
	FITNESS FOR A PARTICULAR PURPOSE.-->
<xsd:schema targetNamespace="urn:un:unece:uncefact:codelist:specification:5639:1988" elementFormDefault="qualified" attributeFormDefault="unqualified" xmlns:ccts="urn:un:unece:uncefact:documentation:2" xmlns="urn:un:unece:uncefact:codelist:specification:5639:1988" xmlns:xsd="http://www.w3.org/2001/XMLSchema">
  <xsd:simpleType name="LanguageCodeContentType">
    <xsd:restriction base="xsd:token">
      <xsd:enumeration value="AA">
        <xsd:annotation>
          <xsd:documentation>
            <ccts:CodeName>Afar</ccts:CodeName>
            <ccts:CodeDescription/>
          </xsd:documentation>
        </xsd:annotation>
      </xsd:enumeration>
      <xsd:enumeration value="AB">
        <xsd:annotation>
          <xsd:documentation>
            <ccts:CodeName>Abkhazian</ccts:CodeName>
            <ccts:CodeDescription/>
          </xsd:documentation>
        </xsd:annotation>
      </xsd:enumeration>
      <xsd:enumeration value="AF">
        <xsd:annotation>
          <xsd:documentation>
            <ccts:CodeName>Afrikaans</ccts:CodeName>
            <ccts:CodeDescription/>
          </xsd:documentation>
        </xsd:annotation>
      </xsd:enumeration>
      <xsd:enumeration value="AM">
        <xsd:annotation>
          <xsd:documentation>
            <ccts:CodeName>Amharic</ccts:CodeName>
            <ccts:CodeDescription/>
          </xsd:documentation>
        </xsd:annotation>
      </xsd:enumeration>
      <xsd:enumeration value="AR">
        <xsd:annotation>
          <xsd:documentation>
            <ccts:CodeName>Arabic</ccts:CodeName>
            <ccts:CodeDescription/>
          </xsd:documentation>
        </xsd:annotation>
      </xsd:enumeration>
      <xsd:enumeration value="AS">
        <xsd:annotation>
          <xsd:documentation>
            <ccts:CodeName>Assamese</ccts:CodeName>
            <ccts:CodeDescription/>
          </xsd:documentation>
        </xsd:annotation>
      </xsd:enumeration>
      <xsd:enumeration value="AY">
        <xsd:annotation>
          <xsd:documentation>
            <ccts:CodeName>Aymara</ccts:CodeName>
            <ccts:CodeDescription/>
          </xsd:documentation>
        </xsd:annotation>
      </xsd:enumeration>
      <xsd:enumeration value="AZ">
        <xsd:annotation>
          <xsd:documentation>
            <ccts:CodeName>Azerbaijani</ccts:CodeName>
            <ccts:CodeDescription/>
          </xsd:documentation>
        </xsd:annotation>
      </xsd:enumeration>
      <xsd:enumeration value="BA">
        <xsd:annotation>
          <xsd:documentation>
            <ccts:CodeName>Bashkir</ccts:CodeName>
            <ccts:CodeDescription/>
          </xsd:documentation>
        </xsd:annotation>
      </xsd:enumeration>
      <xsd:enumeration value="BE">
        <xsd:annotation>
          <xsd:documentation>
            <ccts:CodeName>Byelorussian</ccts:CodeName>
            <ccts:CodeDescription/>
          </xsd:documentation>
        </xsd:annotation>
      </xsd:enumeration>
      <xsd:enumeration value="BG">
        <xsd:annotation>
          <xsd:documentation>
            <ccts:CodeName>Bulgarian</ccts:CodeName>
            <ccts:CodeDescription/>
          </xsd:documentation>
        </xsd:annotation>
      </xsd:enumeration>
      <xsd:enumeration value="BH">
        <xsd:annotation>
          <xsd:documentation>
            <ccts:CodeName>Bihari</ccts:CodeName>
            <ccts:CodeDescription/>
          </xsd:documentation>
        </xsd:annotation>
      </xsd:enumeration>
      <xsd:enumeration value="BI">
        <xsd:annotation>
          <xsd:documentation>
            <ccts:CodeName>Bislama</ccts:CodeName>
            <ccts:CodeDescription/>
          </xsd:documentation>
        </xsd:annotation>
      </xsd:enumeration>
      <xsd:enumeration value="BN">
        <xsd:annotation>
          <xsd:documentation>
            <ccts:CodeName>Bengali; Bangla</ccts:CodeName>
            <ccts:CodeDescription/>
          </xsd:documentation>
        </xsd:annotation>
      </xsd:enumeration>
      <xsd:enumeration value="BO">
        <xsd:annotation>
          <xsd:documentation>
            <ccts:CodeName>Tibetan</ccts:CodeName>
            <ccts:CodeDescription/>
          </xsd:documentation>
        </xsd:annotation>
      </xsd:enumeration>
      <xsd:enumeration value="BR">
        <xsd:annotation>
          <xsd:documentation>
            <ccts:CodeName>Breton</ccts:CodeName>
            <ccts:CodeDescription/>
          </xsd:documentation>
        </xsd:annotation>
      </xsd:enumeration>
      <xsd:enumeration value="CA">
        <xsd:annotation>
          <xsd:documentation>
            <ccts:CodeName>Catalan</ccts:CodeName>
            <ccts:CodeDescription/>
          </xsd:documentation>
        </xsd:annotation>
      </xsd:enumeration>
      <xsd:enumeration value="CO">
        <xsd:annotation>
          <xsd:documentation>
            <ccts:CodeName>Corsican</ccts:CodeName>
            <ccts:CodeDescription/>
          </xsd:documentation>
        </xsd:annotation>
      </xsd:enumeration>
      <xsd:enumeration value="CS">
        <xsd:annotation>
          <xsd:documentation>
            <ccts:CodeName>Czech</ccts:CodeName>
            <ccts:CodeDescription/>
          </xsd:documentation>
        </xsd:annotation>
      </xsd:enumeration>
      <xsd:enumeration value="CY">
        <xsd:annotation>
          <xsd:documentation>
            <ccts:CodeName>Welsh</ccts:CodeName>
            <ccts:CodeDescription/>
          </xsd:documentation>
        </xsd:annotation>
      </xsd:enumeration>
      <xsd:enumeration value="DA">
        <xsd:annotation>
          <xsd:documentation>
            <ccts:CodeName>Danish</ccts:CodeName>
            <ccts:CodeDescription/>
          </xsd:documentation>
        </xsd:annotation>
      </xsd:enumeration>
      <xsd:enumeration value="DE">
        <xsd:annotation>
          <xsd:documentation>
            <ccts:CodeName>German</ccts:CodeName>
            <ccts:CodeDescription/>
          </xsd:documentation>
        </xsd:annotation>
      </xsd:enumeration>
      <xsd:enumeration value="DZ">
        <xsd:annotation>
          <xsd:documentation>
            <ccts:CodeName>Bhutani</ccts:CodeName>
            <ccts:CodeDescription/>
          </xsd:documentation>
        </xsd:annotation>
      </xsd:enumeration>
      <xsd:enumeration value="EL">
        <xsd:annotation>
          <xsd:documentation>
            <ccts:CodeName>Greek</ccts:CodeName>
            <ccts:CodeDescription/>
          </xsd:documentation>
        </xsd:annotation>
      </xsd:enumeration>
      <xsd:enumeration value="EN">
        <xsd:annotation>
          <xsd:documentation>
            <ccts:CodeName>English</ccts:CodeName>
            <ccts:CodeDescription/>
          </xsd:documentation>
        </xsd:annotation>
      </xsd:enumeration>
      <xsd:enumeration value="EO">
        <xsd:annotation>
          <xsd:documentation>
            <ccts:CodeName>Esperanto</ccts:CodeName>
            <ccts:CodeDescription/>
          </xsd:documentation>
        </xsd:annotation>
      </xsd:enumeration>
      <xsd:enumeration value="ES">
        <xsd:annotation>
          <xsd:documentation>
            <ccts:CodeName>Spanish</ccts:CodeName>
            <ccts:CodeDescription/>
          </xsd:documentation>
        </xsd:annotation>
      </xsd:enumeration>
      <xsd:enumeration value="ET">
        <xsd:annotation>
          <xsd:documentation>
            <ccts:CodeName>Esotonian</ccts:CodeName>
            <ccts:CodeDescription/>
          </xsd:documentation>
        </xsd:annotation>
      </xsd:enumeration>
      <xsd:enumeration value="EU">
        <xsd:annotation>
          <xsd:documentation>
            <ccts:CodeName>Basque</ccts:CodeName>
            <ccts:CodeDescription/>
          </xsd:documentation>
        </xsd:annotation>
      </xsd:enumeration>
      <xsd:enumeration value="FA">
        <xsd:annotation>
          <xsd:documentation>
            <ccts:CodeName>Persian</ccts:CodeName>
            <ccts:CodeDescription/>
          </xsd:documentation>
        </xsd:annotation>
      </xsd:enumeration>
      <xsd:enumeration value="FI">
        <xsd:annotation>
          <xsd:documentation>
            <ccts:CodeName>Finnish</ccts:CodeName>
            <ccts:CodeDescription/>
          </xsd:documentation>
        </xsd:annotation>
      </xsd:enumeration>
      <xsd:enumeration value="FJ">
        <xsd:annotation>
          <xsd:documentation>
            <ccts:CodeName>Fiji</ccts:CodeName>
            <ccts:CodeDescription/>
          </xsd:documentation>
        </xsd:annotation>
      </xsd:enumeration>
      <xsd:enumeration value="FO">
        <xsd:annotation>
          <xsd:documentation>
            <ccts:CodeName>Faroese</ccts:CodeName>
            <ccts:CodeDescription/>
          </xsd:documentation>
        </xsd:annotation>
      </xsd:enumeration>
      <xsd:enumeration value="FR">
        <xsd:annotation>
          <xsd:documentation>
            <ccts:CodeName>French</ccts:CodeName>
            <ccts:CodeDescription/>
          </xsd:documentation>
        </xsd:annotation>
      </xsd:enumeration>
      <xsd:enumeration value="FY">
        <xsd:annotation>
          <xsd:documentation>
            <ccts:CodeName>Frisian</ccts:CodeName>
            <ccts:CodeDescription/>
          </xsd:documentation>
        </xsd:annotation>
      </xsd:enumeration>
      <xsd:enumeration value="GA">
        <xsd:annotation>
          <xsd:documentation>
            <ccts:CodeName>Irish</ccts:CodeName>
            <ccts:CodeDescription/>
          </xsd:documentation>
        </xsd:annotation>
      </xsd:enumeration>
      <xsd:enumeration value="GD">
        <xsd:annotation>
          <xsd:documentation>
            <ccts:CodeName>Scots Gaelic</ccts:CodeName>
            <ccts:CodeDescription/>
          </xsd:documentation>
        </xsd:annotation>
      </xsd:enumeration>
      <xsd:enumeration value="GL">
        <xsd:annotation>
          <xsd:documentation>
            <ccts:CodeName>Galician</ccts:CodeName>
            <ccts:CodeDescription/>
          </xsd:documentation>
        </xsd:annotation>
      </xsd:enumeration>
      <xsd:enumeration value="GN">
        <xsd:annotation>
          <xsd:documentation>
            <ccts:CodeName>Guarani</ccts:CodeName>
            <ccts:CodeDescription/>
          </xsd:documentation>
        </xsd:annotation>
      </xsd:enumeration>
      <xsd:enumeration value="GU">
        <xsd:annotation>
          <xsd:documentation>
            <ccts:CodeName>Gujarati</ccts:CodeName>
            <ccts:CodeDescription/>
          </xsd:documentation>
        </xsd:annotation>
      </xsd:enumeration>
      <xsd:enumeration value="HA">
        <xsd:annotation>
          <xsd:documentation>
            <ccts:CodeName>Hausa</ccts:CodeName>
            <ccts:CodeDescription/>
          </xsd:documentation>
        </xsd:annotation>
      </xsd:enumeration>
      <xsd:enumeration value="HE">
        <xsd:annotation>
          <xsd:documentation>
            <ccts:CodeName>Hebrew</ccts:CodeName>
            <ccts:CodeDescription/>
          </xsd:documentation>
        </xsd:annotation>
      </xsd:enumeration>
      <xsd:enumeration value="HI">
        <xsd:annotation>
          <xsd:documentation>
            <ccts:CodeName>Hindi</ccts:CodeName>
            <ccts:CodeDescription/>
          </xsd:documentation>
        </xsd:annotation>
      </xsd:enumeration>
      <xsd:enumeration value="HR">
        <xsd:annotation>
          <xsd:documentation>
            <ccts:CodeName>Croatian</ccts:CodeName>
            <ccts:CodeDescription/>
          </xsd:documentation>
        </xsd:annotation>
      </xsd:enumeration>
      <xsd:enumeration value="HU">
        <xsd:annotation>
          <xsd:documentation>
            <ccts:CodeName>Hungarian</ccts:CodeName>
            <ccts:CodeDescription/>
          </xsd:documentation>
        </xsd:annotation>
      </xsd:enumeration>
      <xsd:enumeration value="HY">
        <xsd:annotation>
          <xsd:documentation>
            <ccts:CodeName>Armenian</ccts:CodeName>
            <ccts:CodeDescription/>
          </xsd:documentation>
        </xsd:annotation>
      </xsd:enumeration>
      <xsd:enumeration value="IA">
        <xsd:annotation>
          <xsd:documentation>
            <ccts:CodeName>Interlingua</ccts:CodeName>
            <ccts:CodeDescription/>
          </xsd:documentation>
        </xsd:annotation>
      </xsd:enumeration>
      <xsd:enumeration value="ID">
        <xsd:annotation>
          <xsd:documentation>
            <ccts:CodeName>Indonesian</ccts:CodeName>
            <ccts:CodeDescription/>
          </xsd:documentation>
        </xsd:annotation>
      </xsd:enumeration>
      <xsd:enumeration value="IE">
        <xsd:annotation>
          <xsd:documentation>
            <ccts:CodeName>Interlingue</ccts:CodeName>
            <ccts:CodeDescription/>
          </xsd:documentation>
        </xsd:annotation>
      </xsd:enumeration>
      <xsd:enumeration value="IK">
        <xsd:annotation>
          <xsd:documentation>
            <ccts:CodeName>Inupiak</ccts:CodeName>
            <ccts:CodeDescription/>
          </xsd:documentation>
        </xsd:annotation>
      </xsd:enumeration>
      <xsd:enumeration value="IS">
        <xsd:annotation>
          <xsd:documentation>
            <ccts:CodeName>Icelandic</ccts:CodeName>
            <ccts:CodeDescription/>
          </xsd:documentation>
        </xsd:annotation>
      </xsd:enumeration>
      <xsd:enumeration value="IT">
        <xsd:annotation>
          <xsd:documentation>
            <ccts:CodeName>Italian</ccts:CodeName>
            <ccts:CodeDescription/>
          </xsd:documentation>
        </xsd:annotation>
      </xsd:enumeration>
      <xsd:enumeration value="IU">
        <xsd:annotation>
          <xsd:documentation>
            <ccts:CodeName>Eskimo, Inuktiut CA</ccts:CodeName>
            <ccts:CodeDescription/>
          </xsd:documentation>
        </xsd:annotation>
      </xsd:enumeration>
      <xsd:enumeration value="JA">
        <xsd:annotation>
          <xsd:documentation>
            <ccts:CodeName>Japanese</ccts:CodeName>
            <ccts:CodeDescription/>
          </xsd:documentation>
        </xsd:annotation>
      </xsd:enumeration>
      <xsd:enumeration value="JW">
        <xsd:annotation>
          <xsd:documentation>
            <ccts:CodeName>Javanese</ccts:CodeName>
            <ccts:CodeDescription/>
          </xsd:documentation>
        </xsd:annotation>
      </xsd:enumeration>
      <xsd:enumeration value="KA">
        <xsd:annotation>
          <xsd:documentation>
            <ccts:CodeName>Georgian</ccts:CodeName>
            <ccts:CodeDescription/>
          </xsd:documentation>
        </xsd:annotation>
      </xsd:enumeration>
      <xsd:enumeration value="KK">
        <xsd:annotation>
          <xsd:documentation>
            <ccts:CodeName>Kazakh</ccts:CodeName>
            <ccts:CodeDescription/>
          </xsd:documentation>
        </xsd:annotation>
      </xsd:enumeration>
      <xsd:enumeration value="KL">
        <xsd:annotation>
          <xsd:documentation>
            <ccts:CodeName>Greenlandic</ccts:CodeName>
            <ccts:CodeDescription/>
          </xsd:documentation>
        </xsd:annotation>
      </xsd:enumeration>
      <xsd:enumeration value="KM">
        <xsd:annotation>
          <xsd:documentation>
            <ccts:CodeName>Cambodian</ccts:CodeName>
            <ccts:CodeDescription/>
          </xsd:documentation>
        </xsd:annotation>
      </xsd:enumeration>
      <xsd:enumeration value="KN">
        <xsd:annotation>
          <xsd:documentation>
            <ccts:CodeName>Kannada</ccts:CodeName>
            <ccts:CodeDescription/>
          </xsd:documentation>
        </xsd:annotation>
      </xsd:enumeration>
      <xsd:enumeration value="KO">
        <xsd:annotation>
          <xsd:documentation>
            <ccts:CodeName>Korean</ccts:CodeName>
            <ccts:CodeDescription/>
          </xsd:documentation>
        </xsd:annotation>
      </xsd:enumeration>
      <xsd:enumeration value="KS">
        <xsd:annotation>
          <xsd:documentation>
            <ccts:CodeName>Kashmiri</ccts:CodeName>
            <ccts:CodeDescription/>
          </xsd:documentation>
        </xsd:annotation>
      </xsd:enumeration>
      <xsd:enumeration value="KU">
        <xsd:annotation>
          <xsd:documentation>
            <ccts:CodeName>Kurdish</ccts:CodeName>
            <ccts:CodeDescription/>
          </xsd:documentation>
        </xsd:annotation>
      </xsd:enumeration>
      <xsd:enumeration value="KY">
        <xsd:annotation>
          <xsd:documentation>
            <ccts:CodeName>Kirghiz</ccts:CodeName>
            <ccts:CodeDescription/>
          </xsd:documentation>
        </xsd:annotation>
      </xsd:enumeration>
      <xsd:enumeration value="LA">
        <xsd:annotation>
          <xsd:documentation>
            <ccts:CodeName>Latin</ccts:CodeName>
            <ccts:CodeDescription/>
          </xsd:documentation>
        </xsd:annotation>
      </xsd:enumeration>
      <xsd:enumeration value="LN">
        <xsd:annotation>
          <xsd:documentation>
            <ccts:CodeName>Lingala</ccts:CodeName>
            <ccts:CodeDescription/>
          </xsd:documentation>
        </xsd:annotation>
      </xsd:enumeration>
      <xsd:enumeration value="LO">
        <xsd:annotation>
          <xsd:documentation>
            <ccts:CodeName>Laothian</ccts:CodeName>
            <ccts:CodeDescription/>
          </xsd:documentation>
        </xsd:annotation>
      </xsd:enumeration>
      <xsd:enumeration value="LT">
        <xsd:annotation>
          <xsd:documentation>
            <ccts:CodeName>Lithuanian</ccts:CodeName>
            <ccts:CodeDescription/>
          </xsd:documentation>
        </xsd:annotation>
      </xsd:enumeration>
      <xsd:enumeration value="LV">
        <xsd:annotation>
          <xsd:documentation>
            <ccts:CodeName>Latvian, Lettish</ccts:CodeName>
            <ccts:CodeDescription/>
          </xsd:documentation>
        </xsd:annotation>
      </xsd:enumeration>
      <xsd:enumeration value="MG">
        <xsd:annotation>
          <xsd:documentation>
            <ccts:CodeName>Malagasy</ccts:CodeName>
            <ccts:CodeDescription/>
          </xsd:documentation>
        </xsd:annotation>
      </xsd:enumeration>
      <xsd:enumeration value="MI">
        <xsd:annotation>
          <xsd:documentation>
            <ccts:CodeName>Maori</ccts:CodeName>
            <ccts:CodeDescription/>
          </xsd:documentation>
        </xsd:annotation>
      </xsd:enumeration>
      <xsd:enumeration value="MK">
        <xsd:annotation>
          <xsd:documentation>
            <ccts:CodeName>Macedonian</ccts:CodeName>
            <ccts:CodeDescription/>
          </xsd:documentation>
        </xsd:annotation>
      </xsd:enumeration>
      <xsd:enumeration value="ML">
        <xsd:annotation>
          <xsd:documentation>
            <ccts:CodeName>Malayalam</ccts:CodeName>
            <ccts:CodeDescription/>
          </xsd:documentation>
        </xsd:annotation>
      </xsd:enumeration>
      <xsd:enumeration value="MN">
        <xsd:annotation>
          <xsd:documentation>
            <ccts:CodeName>Mangolian</ccts:CodeName>
            <ccts:CodeDescription/>
          </xsd:documentation>
        </xsd:annotation>
      </xsd:enumeration>
      <xsd:enumeration value="MO">
        <xsd:annotation>
          <xsd:documentation>
            <ccts:CodeName>Moldavian</ccts:CodeName>
            <ccts:CodeDescription/>
          </xsd:documentation>
        </xsd:annotation>
      </xsd:enumeration>
      <xsd:enumeration value="MR">
        <xsd:annotation>
          <xsd:documentation>
            <ccts:CodeName>Marathi</ccts:CodeName>
            <ccts:CodeDescription/>
          </xsd:documentation>
        </xsd:annotation>
      </xsd:enumeration>
      <xsd:enumeration value="MS">
        <xsd:annotation>
          <xsd:documentation>
            <ccts:CodeName>Malay</ccts:CodeName>
            <ccts:CodeDescription/>
          </xsd:documentation>
        </xsd:annotation>
      </xsd:enumeration>
      <xsd:enumeration value="MT">
        <xsd:annotation>
          <xsd:documentation>
            <ccts:CodeName>Maltese</ccts:CodeName>
            <ccts:CodeDescription/>
          </xsd:documentation>
        </xsd:annotation>
      </xsd:enumeration>
      <xsd:enumeration value="NA">
        <xsd:annotation>
          <xsd:documentation>
            <ccts:CodeName>Nauru</ccts:CodeName>
            <ccts:CodeDescription/>
          </xsd:documentation>
        </xsd:annotation>
      </xsd:enumeration>
      <xsd:enumeration value="NE">
        <xsd:annotation>
          <xsd:documentation>
            <ccts:CodeName>Nepali</ccts:CodeName>
            <ccts:CodeDescription/>
          </xsd:documentation>
        </xsd:annotation>
      </xsd:enumeration>
      <xsd:enumeration value="NL">
        <xsd:annotation>
          <xsd:documentation>
            <ccts:CodeName>Dutch</ccts:CodeName>
            <ccts:CodeDescription/>
          </xsd:documentation>
        </xsd:annotation>
      </xsd:enumeration>
      <xsd:enumeration value="NO">
        <xsd:annotation>
          <xsd:documentation>
            <ccts:CodeName>Norwegian</ccts:CodeName>
            <ccts:CodeDescription/>
          </xsd:documentation>
        </xsd:annotation>
      </xsd:enumeration>
      <xsd:enumeration value="OC">
        <xsd:annotation>
          <xsd:documentation>
            <ccts:CodeName>Occitan</ccts:CodeName>
            <ccts:CodeDescription/>
          </xsd:documentation>
        </xsd:annotation>
      </xsd:enumeration>
      <xsd:enumeration value="OM">
        <xsd:annotation>
          <xsd:documentation>
            <ccts:CodeName>(Afan) Oromo</ccts:CodeName>
            <ccts:CodeDescription/>
          </xsd:documentation>
        </xsd:annotation>
      </xsd:enumeration>
      <xsd:enumeration value="OR">
        <xsd:annotation>
          <xsd:documentation>
            <ccts:CodeName>Oriya</ccts:CodeName>
            <ccts:CodeDescription/>
          </xsd:documentation>
        </xsd:annotation>
      </xsd:enumeration>
      <xsd:enumeration value="PA">
        <xsd:annotation>
          <xsd:documentation>
            <ccts:CodeName>Punjabi</ccts:CodeName>
            <ccts:CodeDescription/>
          </xsd:documentation>
        </xsd:annotation>
      </xsd:enumeration>
      <xsd:enumeration value="PL">
        <xsd:annotation>
          <xsd:documentation>
            <ccts:CodeName>Polish</ccts:CodeName>
            <ccts:CodeDescription/>
          </xsd:documentation>
        </xsd:annotation>
      </xsd:enumeration>
      <xsd:enumeration value="PS">
        <xsd:annotation>
          <xsd:documentation>
            <ccts:CodeName>Pashto, Pushto</ccts:CodeName>
            <ccts:CodeDescription/>
          </xsd:documentation>
        </xsd:annotation>
      </xsd:enumeration>
      <xsd:enumeration value="PT">
        <xsd:annotation>
          <xsd:documentation>
            <ccts:CodeName>Portuguese</ccts:CodeName>
            <ccts:CodeDescription/>
          </xsd:documentation>
        </xsd:annotation>
      </xsd:enumeration>
      <xsd:enumeration value="QU">
        <xsd:annotation>
          <xsd:documentation>
            <ccts:CodeName>Quechua</ccts:CodeName>
            <ccts:CodeDescription/>
          </xsd:documentation>
        </xsd:annotation>
      </xsd:enumeration>
      <xsd:enumeration value="RM">
        <xsd:annotation>
          <xsd:documentation>
            <ccts:CodeName>Rhaeto-Romance</ccts:CodeName>
            <ccts:CodeDescription/>
          </xsd:documentation>
        </xsd:annotation>
      </xsd:enumeration>
      <xsd:enumeration value="RN">
        <xsd:annotation>
          <xsd:documentation>
            <ccts:CodeName>Kirundi</ccts:CodeName>
            <ccts:CodeDescription/>
          </xsd:documentation>
        </xsd:annotation>
      </xsd:enumeration>
      <xsd:enumeration value="RO">
        <xsd:annotation>
          <xsd:documentation>
            <ccts:CodeName>Romanian</ccts:CodeName>
            <ccts:CodeDescription/>
          </xsd:documentation>
        </xsd:annotation>
      </xsd:enumeration>
      <xsd:enumeration value="RU">
        <xsd:annotation>
          <xsd:documentation>
            <ccts:CodeName>Russian</ccts:CodeName>
            <ccts:CodeDescription/>
          </xsd:documentation>
        </xsd:annotation>
      </xsd:enumeration>
      <xsd:enumeration value="RW">
        <xsd:annotation>
          <xsd:documentation>
            <ccts:CodeName>Kinyarwanda</ccts:CodeName>
            <ccts:CodeDescription/>
          </xsd:documentation>
        </xsd:annotation>
      </xsd:enumeration>
      <xsd:enumeration value="SA">
        <xsd:annotation>
          <xsd:documentation>
            <ccts:CodeName>Sanskrit</ccts:CodeName>
            <ccts:CodeDescription/>
          </xsd:documentation>
        </xsd:annotation>
      </xsd:enumeration>
      <xsd:enumeration value="SD">
        <xsd:annotation>
          <xsd:documentation>
            <ccts:CodeName>Sindhi</ccts:CodeName>
            <ccts:CodeDescription/>
          </xsd:documentation>
        </xsd:annotation>
      </xsd:enumeration>
      <xsd:enumeration value="SG">
        <xsd:annotation>
          <xsd:documentation>
            <ccts:CodeName>Sangho</ccts:CodeName>
            <ccts:CodeDescription/>
          </xsd:documentation>
        </xsd:annotation>
      </xsd:enumeration>
      <xsd:enumeration value="SH">
        <xsd:annotation>
          <xsd:documentation>
            <ccts:CodeName>Serbo-Croatian</ccts:CodeName>
            <ccts:CodeDescription/>
          </xsd:documentation>
        </xsd:annotation>
      </xsd:enumeration>
      <xsd:enumeration value="SI">
        <xsd:annotation>
          <xsd:documentation>
            <ccts:CodeName>Singhalese</ccts:CodeName>
            <ccts:CodeDescription/>
          </xsd:documentation>
        </xsd:annotation>
      </xsd:enumeration>
      <xsd:enumeration value="SK">
        <xsd:annotation>
          <xsd:documentation>
            <ccts:CodeName>Slovak</ccts:CodeName>
            <ccts:CodeDescription/>
          </xsd:documentation>
        </xsd:annotation>
      </xsd:enumeration>
      <xsd:enumeration value="SL">
        <xsd:annotation>
          <xsd:documentation>
            <ccts:CodeName>Slovenian</ccts:CodeName>
            <ccts:CodeDescription/>
          </xsd:documentation>
        </xsd:annotation>
      </xsd:enumeration>
      <xsd:enumeration value="SM">
        <xsd:annotation>
          <xsd:documentation>
            <ccts:CodeName>Samoan</ccts:CodeName>
            <ccts:CodeDescription/>
          </xsd:documentation>
        </xsd:annotation>
      </xsd:enumeration>
      <xsd:enumeration value="SN">
        <xsd:annotation>
          <xsd:documentation>
            <ccts:CodeName>Shona</ccts:CodeName>
            <ccts:CodeDescription/>
          </xsd:documentation>
        </xsd:annotation>
      </xsd:enumeration>
      <xsd:enumeration value="SO">
        <xsd:annotation>
          <xsd:documentation>
            <ccts:CodeName>Somali</ccts:CodeName>
            <ccts:CodeDescription/>
          </xsd:documentation>
        </xsd:annotation>
      </xsd:enumeration>
      <xsd:enumeration value="SQ">
        <xsd:annotation>
          <xsd:documentation>
            <ccts:CodeName>Albanian</ccts:CodeName>
            <ccts:CodeDescription/>
          </xsd:documentation>
        </xsd:annotation>
      </xsd:enumeration>
      <xsd:enumeration value="SR">
        <xsd:annotation>
          <xsd:documentation>
            <ccts:CodeName>Serbian</ccts:CodeName>
            <ccts:CodeDescription/>
          </xsd:documentation>
        </xsd:annotation>
      </xsd:enumeration>
      <xsd:enumeration value="SS">
        <xsd:annotation>
          <xsd:documentation>
            <ccts:CodeName>Siswati</ccts:CodeName>
            <ccts:CodeDescription/>
          </xsd:documentation>
        </xsd:annotation>
      </xsd:enumeration>
      <xsd:enumeration value="ST">
        <xsd:annotation>
          <xsd:documentation>
            <ccts:CodeName>Sesotho</ccts:CodeName>
            <ccts:CodeDescription/>
          </xsd:documentation>
        </xsd:annotation>
      </xsd:enumeration>
      <xsd:enumeration value="SU">
        <xsd:annotation>
          <xsd:documentation>
            <ccts:CodeName>Sundanese</ccts:CodeName>
            <ccts:CodeDescription/>
          </xsd:documentation>
        </xsd:annotation>
      </xsd:enumeration>
      <xsd:enumeration value="SV">
        <xsd:annotation>
          <xsd:documentation>
            <ccts:CodeName>Swedish</ccts:CodeName>
            <ccts:CodeDescription/>
          </xsd:documentation>
        </xsd:annotation>
      </xsd:enumeration>
      <xsd:enumeration value="SW">
        <xsd:annotation>
          <xsd:documentation>
            <ccts:CodeName>Sawahili</ccts:CodeName>
            <ccts:CodeDescription/>
          </xsd:documentation>
        </xsd:annotation>
      </xsd:enumeration>
      <xsd:enumeration value="TA">
        <xsd:annotation>
          <xsd:documentation>
            <ccts:CodeName>Tamil</ccts:CodeName>
            <ccts:CodeDescription/>
          </xsd:documentation>
        </xsd:annotation>
      </xsd:enumeration>
      <xsd:enumeration value="TE">
        <xsd:annotation>
          <xsd:documentation>
            <ccts:CodeName>Telugu</ccts:CodeName>
            <ccts:CodeDescription/>
          </xsd:documentation>
        </xsd:annotation>
      </xsd:enumeration>
      <xsd:enumeration value="TG">
        <xsd:annotation>
          <xsd:documentation>
            <ccts:CodeName>Tajik</ccts:CodeName>
            <ccts:CodeDescription/>
          </xsd:documentation>
        </xsd:annotation>
      </xsd:enumeration>
      <xsd:enumeration value="TH">
        <xsd:annotation>
          <xsd:documentation>
            <ccts:CodeName>Thai</ccts:CodeName>
            <ccts:CodeDescription/>
          </xsd:documentation>
        </xsd:annotation>
      </xsd:enumeration>
      <xsd:enumeration value="TI">
        <xsd:annotation>
          <xsd:documentation>
            <ccts:CodeName>Tigrinya</ccts:CodeName>
            <ccts:CodeDescription/>
          </xsd:documentation>
        </xsd:annotation>
      </xsd:enumeration>
      <xsd:enumeration value="TK">
        <xsd:annotation>
          <xsd:documentation>
            <ccts:CodeName>Turkmen</ccts:CodeName>
            <ccts:CodeDescription/>
          </xsd:documentation>
        </xsd:annotation>
      </xsd:enumeration>
      <xsd:enumeration value="TL">
        <xsd:annotation>
          <xsd:documentation>
            <ccts:CodeName>Tagalog</ccts:CodeName>
            <ccts:CodeDescription/>
          </xsd:documentation>
        </xsd:annotation>
      </xsd:enumeration>
      <xsd:enumeration value="TN">
        <xsd:annotation>
          <xsd:documentation>
            <ccts:CodeName>Setswana</ccts:CodeName>
            <ccts:CodeDescription/>
          </xsd:documentation>
        </xsd:annotation>
      </xsd:enumeration>
      <xsd:enumeration value="TO">
        <xsd:annotation>
          <xsd:documentation>
            <ccts:CodeName>Tonga</ccts:CodeName>
            <ccts:CodeDescription/>
          </xsd:documentation>
        </xsd:annotation>
      </xsd:enumeration>
      <xsd:enumeration value="TR">
        <xsd:annotation>
          <xsd:documentation>
            <ccts:CodeName>Turkish</ccts:CodeName>
            <ccts:CodeDescription/>
          </xsd:documentation>
        </xsd:annotation>
      </xsd:enumeration>
      <xsd:enumeration value="TS">
        <xsd:annotation>
          <xsd:documentation>
            <ccts:CodeName>Tsonga</ccts:CodeName>
            <ccts:CodeDescription/>
          </xsd:documentation>
        </xsd:annotation>
      </xsd:enumeration>
      <xsd:enumeration value="TT">
        <xsd:annotation>
          <xsd:documentation>
            <ccts:CodeName>Tatar</ccts:CodeName>
            <ccts:CodeDescription/>
          </xsd:documentation>
        </xsd:annotation>
      </xsd:enumeration>
      <xsd:enumeration value="TW">
        <xsd:annotation>
          <xsd:documentation>
            <ccts:CodeName>Twi</ccts:CodeName>
            <ccts:CodeDescription/>
          </xsd:documentation>
        </xsd:annotation>
      </xsd:enumeration>
      <xsd:enumeration value="UG">
        <xsd:annotation>
          <xsd:documentation>
            <ccts:CodeName>Uigur</ccts:CodeName>
            <ccts:CodeDescription/>
          </xsd:documentation>
        </xsd:annotation>
      </xsd:enumeration>
      <xsd:enumeration value="UK">
        <xsd:annotation>
          <xsd:documentation>
            <ccts:CodeName>Ukrainian</ccts:CodeName>
            <ccts:CodeDescription/>
          </xsd:documentation>
        </xsd:annotation>
      </xsd:enumeration>
      <xsd:enumeration value="UR">
        <xsd:annotation>
          <xsd:documentation>
            <ccts:CodeName>Urdu</ccts:CodeName>
            <ccts:CodeDescription/>
          </xsd:documentation>
        </xsd:annotation>
      </xsd:enumeration>
      <xsd:enumeration value="UZ">
        <xsd:annotation>
          <xsd:documentation>
            <ccts:CodeName>Uzbek</ccts:CodeName>
            <ccts:CodeDescription/>
          </xsd:documentation>
        </xsd:annotation>
      </xsd:enumeration>
      <xsd:enumeration value="VI">
        <xsd:annotation>
          <xsd:documentation>
            <ccts:CodeName>Vietnamese</ccts:CodeName>
            <ccts:CodeDescription/>
          </xsd:documentation>
        </xsd:annotation>
      </xsd:enumeration>
      <xsd:enumeration value="VO">
        <xsd:annotation>
          <xsd:documentation>
            <ccts:CodeName>VolapÃ¼k</ccts:CodeName>
            <ccts:CodeDescription/>
          </xsd:documentation>
        </xsd:annotation>
      </xsd:enumeration>
      <xsd:enumeration value="WO">
        <xsd:annotation>
          <xsd:documentation>
            <ccts:CodeName>Wolof</ccts:CodeName>
            <ccts:CodeDescription/>
          </xsd:documentation>
        </xsd:annotation>
      </xsd:enumeration>
      <xsd:enumeration value="XH">
        <xsd:annotation>
          <xsd:documentation>
            <ccts:CodeName>hosa</ccts:CodeName>
            <ccts:CodeDescription/>
          </xsd:documentation>
        </xsd:annotation>
      </xsd:enumeration>
      <xsd:enumeration value="YI">
        <xsd:annotation>
          <xsd:documentation>
            <ccts:CodeName>Yiddish</ccts:CodeName>
            <ccts:CodeDescription/>
          </xsd:documentation>
        </xsd:annotation>
      </xsd:enumeration>
      <xsd:enumeration value="YO">
        <xsd:annotation>
          <xsd:documentation>
            <ccts:CodeName>Yoruba</ccts:CodeName>
            <ccts:CodeDescription/>
          </xsd:documentation>
        </xsd:annotation>
      </xsd:enumeration>
      <xsd:enumeration value="ZA">
        <xsd:annotation>
          <xsd:documentation>
            <ccts:CodeName>Zhuang</ccts:CodeName>
            <ccts:CodeDescription/>
          </xsd:documentation>
        </xsd:annotation>
      </xsd:enumeration>
      <xsd:enumeration value="ZH">
        <xsd:annotation>
          <xsd:documentation>
            <ccts:CodeName>Chinese</ccts:CodeName>
            <ccts:CodeDescription/>
          </xsd:documentation>
        </xsd:annotation>
      </xsd:enumeration>
      <xsd:enumeration value="ZU">
        <xsd:annotation>
          <xsd:documentation>
            <ccts:CodeName>Zulu</ccts:CodeName>
            <ccts:CodeDescription/>
          </xsd:documentation>
        </xsd:annotation>
      </xsd:enumeration>
      <xsd:enumeration value="aa">
        <xsd:annotation>
          <xsd:documentation>
            <ccts:CodeName>Afar</ccts:CodeName>
            <ccts:CodeDescription/>
          </xsd:documentation>
        </xsd:annotation>
      </xsd:enumeration>
      <xsd:enumeration value="ab">
        <xsd:annotation>
          <xsd:documentation>
            <ccts:CodeName>Abkhazian</ccts:CodeName>
            <ccts:CodeDescription/>
          </xsd:documentation>
        </xsd:annotation>
      </xsd:enumeration>
      <xsd:enumeration value="af">
        <xsd:annotation>
          <xsd:documentation>
            <ccts:CodeName>Afrikaans</ccts:CodeName>
            <ccts:CodeDescription/>
          </xsd:documentation>
        </xsd:annotation>
      </xsd:enumeration>
      <xsd:enumeration value="am">
        <xsd:annotation>
          <xsd:documentation>
            <ccts:CodeName>Amharic</ccts:CodeName>
            <ccts:CodeDescription/>
          </xsd:documentation>
        </xsd:annotation>
      </xsd:enumeration>
      <xsd:enumeration value="ar">
        <xsd:annotation>
          <xsd:documentation>
            <ccts:CodeName>Arabic</ccts:CodeName>
            <ccts:CodeDescription/>
          </xsd:documentation>
        </xsd:annotation>
      </xsd:enumeration>
      <xsd:enumeration value="as">
        <xsd:annotation>
          <xsd:documentation>
            <ccts:CodeName>Assamese</ccts:CodeName>
            <ccts:CodeDescription/>
          </xsd:documentation>
        </xsd:annotation>
      </xsd:enumeration>
      <xsd:enumeration value="ay">
        <xsd:annotation>
          <xsd:documentation>
            <ccts:CodeName>Aymara</ccts:CodeName>
            <ccts:CodeDescription/>
          </xsd:documentation>
        </xsd:annotation>
      </xsd:enumeration>
      <xsd:enumeration value="az">
        <xsd:annotation>
          <xsd:documentation>
            <ccts:CodeName>Azerbaijani</ccts:CodeName>
            <ccts:CodeDescription/>
          </xsd:documentation>
        </xsd:annotation>
      </xsd:enumeration>
      <xsd:enumeration value="ba">
        <xsd:annotation>
          <xsd:documentation>
            <ccts:CodeName>Bashkir</ccts:CodeName>
            <ccts:CodeDescription/>
          </xsd:documentation>
        </xsd:annotation>
      </xsd:enumeration>
      <xsd:enumeration value="be">
        <xsd:annotation>
          <xsd:documentation>
            <ccts:CodeName>Byelorussian</ccts:CodeName>
            <ccts:CodeDescription/>
          </xsd:documentation>
        </xsd:annotation>
      </xsd:enumeration>
      <xsd:enumeration value="bg">
        <xsd:annotation>
          <xsd:documentation>
            <ccts:CodeName>Bulgarian</ccts:CodeName>
            <ccts:CodeDescription/>
          </xsd:documentation>
        </xsd:annotation>
      </xsd:enumeration>
      <xsd:enumeration value="bh">
        <xsd:annotation>
          <xsd:documentation>
            <ccts:CodeName>Bihari</ccts:CodeName>
            <ccts:CodeDescription/>
          </xsd:documentation>
        </xsd:annotation>
      </xsd:enumeration>
      <xsd:enumeration value="bi">
        <xsd:annotation>
          <xsd:documentation>
            <ccts:CodeName>Bislama</ccts:CodeName>
            <ccts:CodeDescription/>
          </xsd:documentation>
        </xsd:annotation>
      </xsd:enumeration>
      <xsd:enumeration value="bn">
        <xsd:annotation>
          <xsd:documentation>
            <ccts:CodeName>Bengali; Bangla</ccts:CodeName>
            <ccts:CodeDescription/>
          </xsd:documentation>
        </xsd:annotation>
      </xsd:enumeration>
      <xsd:enumeration value="bo">
        <xsd:annotation>
          <xsd:documentation>
            <ccts:CodeName>Tibetan</ccts:CodeName>
            <ccts:CodeDescription/>
          </xsd:documentation>
        </xsd:annotation>
      </xsd:enumeration>
      <xsd:enumeration value="br">
        <xsd:annotation>
          <xsd:documentation>
            <ccts:CodeName>Breton</ccts:CodeName>
            <ccts:CodeDescription/>
          </xsd:documentation>
        </xsd:annotation>
      </xsd:enumeration>
      <xsd:enumeration value="ca">
        <xsd:annotation>
          <xsd:documentation>
            <ccts:CodeName>Catalan</ccts:CodeName>
            <ccts:CodeDescription/>
          </xsd:documentation>
        </xsd:annotation>
      </xsd:enumeration>
      <xsd:enumeration value="co">
        <xsd:annotation>
          <xsd:documentation>
            <ccts:CodeName>Corsican</ccts:CodeName>
            <ccts:CodeDescription/>
          </xsd:documentation>
        </xsd:annotation>
      </xsd:enumeration>
      <xsd:enumeration value="cs">
        <xsd:annotation>
          <xsd:documentation>
            <ccts:CodeName>Czech</ccts:CodeName>
            <ccts:CodeDescription/>
          </xsd:documentation>
        </xsd:annotation>
      </xsd:enumeration>
      <xsd:enumeration value="cy">
        <xsd:annotation>
          <xsd:documentation>
            <ccts:CodeName>Welsh</ccts:CodeName>
            <ccts:CodeDescription/>
          </xsd:documentation>
        </xsd:annotation>
      </xsd:enumeration>
      <xsd:enumeration value="da">
        <xsd:annotation>
          <xsd:documentation>
            <ccts:CodeName>Danish</ccts:CodeName>
            <ccts:CodeDescription/>
          </xsd:documentation>
        </xsd:annotation>
      </xsd:enumeration>
      <xsd:enumeration value="de">
        <xsd:annotation>
          <xsd:documentation>
            <ccts:CodeName>German</ccts:CodeName>
            <ccts:CodeDescription/>
          </xsd:documentation>
        </xsd:annotation>
      </xsd:enumeration>
      <xsd:enumeration value="dz">
        <xsd:annotation>
          <xsd:documentation>
            <ccts:CodeName>Bhutani</ccts:CodeName>
            <ccts:CodeDescription/>
          </xsd:documentation>
        </xsd:annotation>
      </xsd:enumeration>
      <xsd:enumeration value="el">
        <xsd:annotation>
          <xsd:documentation>
            <ccts:CodeName>Greek</ccts:CodeName>
            <ccts:CodeDescription/>
          </xsd:documentation>
        </xsd:annotation>
      </xsd:enumeration>
      <xsd:enumeration value="en">
        <xsd:annotation>
          <xsd:documentation>
            <ccts:CodeName>English</ccts:CodeName>
            <ccts:CodeDescription/>
          </xsd:documentation>
        </xsd:annotation>
      </xsd:enumeration>
      <xsd:enumeration value="eo">
        <xsd:annotation>
          <xsd:documentation>
            <ccts:CodeName>Esperanto</ccts:CodeName>
            <ccts:CodeDescription/>
          </xsd:documentation>
        </xsd:annotation>
      </xsd:enumeration>
      <xsd:enumeration value="es">
        <xsd:annotation>
          <xsd:documentation>
            <ccts:CodeName>Spanish</ccts:CodeName>
            <ccts:CodeDescription/>
          </xsd:documentation>
        </xsd:annotation>
      </xsd:enumeration>
      <xsd:enumeration value="et">
        <xsd:annotation>
          <xsd:documentation>
            <ccts:CodeName>Esotonian</ccts:CodeName>
            <ccts:CodeDescription/>
          </xsd:documentation>
        </xsd:annotation>
      </xsd:enumeration>
      <xsd:enumeration value="eu">
        <xsd:annotation>
          <xsd:documentation>
            <ccts:CodeName>Basque</ccts:CodeName>
            <ccts:CodeDescription/>
          </xsd:documentation>
        </xsd:annotation>
      </xsd:enumeration>
      <xsd:enumeration value="fa">
        <xsd:annotation>
          <xsd:documentation>
            <ccts:CodeName>Persian</ccts:CodeName>
            <ccts:CodeDescription/>
          </xsd:documentation>
        </xsd:annotation>
      </xsd:enumeration>
      <xsd:enumeration value="fi">
        <xsd:annotation>
          <xsd:documentation>
            <ccts:CodeName>Finnish</ccts:CodeName>
            <ccts:CodeDescription/>
          </xsd:documentation>
        </xsd:annotation>
      </xsd:enumeration>
      <xsd:enumeration value="fj">
        <xsd:annotation>
          <xsd:documentation>
            <ccts:CodeName>Fiji</ccts:CodeName>
            <ccts:CodeDescription/>
          </xsd:documentation>
        </xsd:annotation>
      </xsd:enumeration>
      <xsd:enumeration value="fo">
        <xsd:annotation>
          <xsd:documentation>
            <ccts:CodeName>Faroese</ccts:CodeName>
            <ccts:CodeDescription/>
          </xsd:documentation>
        </xsd:annotation>
      </xsd:enumeration>
      <xsd:enumeration value="fr">
        <xsd:annotation>
          <xsd:documentation>
            <ccts:CodeName>French</ccts:CodeName>
            <ccts:CodeDescription/>
          </xsd:documentation>
        </xsd:annotation>
      </xsd:enumeration>
      <xsd:enumeration value="fy">
        <xsd:annotation>
          <xsd:documentation>
            <ccts:CodeName>Frisian</ccts:CodeName>
            <ccts:CodeDescription/>
          </xsd:documentation>
        </xsd:annotation>
      </xsd:enumeration>
      <xsd:enumeration value="ga">
        <xsd:annotation>
          <xsd:documentation>
            <ccts:CodeName>Irish</ccts:CodeName>
            <ccts:CodeDescription/>
          </xsd:documentation>
        </xsd:annotation>
      </xsd:enumeration>
      <xsd:enumeration value="gd">
        <xsd:annotation>
          <xsd:documentation>
            <ccts:CodeName>Scots Gaelic</ccts:CodeName>
            <ccts:CodeDescription/>
          </xsd:documentation>
        </xsd:annotation>
      </xsd:enumeration>
      <xsd:enumeration value="gl">
        <xsd:annotation>
          <xsd:documentation>
            <ccts:CodeName>Galician</ccts:CodeName>
            <ccts:CodeDescription/>
          </xsd:documentation>
        </xsd:annotation>
      </xsd:enumeration>
      <xsd:enumeration value="gn">
        <xsd:annotation>
          <xsd:documentation>
            <ccts:CodeName>Guarani</ccts:CodeName>
            <ccts:CodeDescription/>
          </xsd:documentation>
        </xsd:annotation>
      </xsd:enumeration>
      <xsd:enumeration value="gu">
        <xsd:annotation>
          <xsd:documentation>
            <ccts:CodeName>Gujarati</ccts:CodeName>
            <ccts:CodeDescription/>
          </xsd:documentation>
        </xsd:annotation>
      </xsd:enumeration>
      <xsd:enumeration value="ha">
        <xsd:annotation>
          <xsd:documentation>
            <ccts:CodeName>Hausa</ccts:CodeName>
            <ccts:CodeDescription/>
          </xsd:documentation>
        </xsd:annotation>
      </xsd:enumeration>
      <xsd:enumeration value="he">
        <xsd:annotation>
          <xsd:documentation>
            <ccts:CodeName>Hebrew</ccts:CodeName>
            <ccts:CodeDescription/>
          </xsd:documentation>
        </xsd:annotation>
      </xsd:enumeration>
      <xsd:enumeration value="hi">
        <xsd:annotation>
          <xsd:documentation>
            <ccts:CodeName>Hindi</ccts:CodeName>
            <ccts:CodeDescription/>
          </xsd:documentation>
        </xsd:annotation>
      </xsd:enumeration>
      <xsd:enumeration value="hr">
        <xsd:annotation>
          <xsd:documentation>
            <ccts:CodeName>Croatian</ccts:CodeName>
            <ccts:CodeDescription/>
          </xsd:documentation>
        </xsd:annotation>
      </xsd:enumeration>
      <xsd:enumeration value="hu">
        <xsd:annotation>
          <xsd:documentation>
            <ccts:CodeName>Hungarian</ccts:CodeName>
            <ccts:CodeDescription/>
          </xsd:documentation>
        </xsd:annotation>
      </xsd:enumeration>
      <xsd:enumeration value="hy">
        <xsd:annotation>
          <xsd:documentation>
            <ccts:CodeName>Armenian</ccts:CodeName>
            <ccts:CodeDescription/>
          </xsd:documentation>
        </xsd:annotation>
      </xsd:enumeration>
      <xsd:enumeration value="ia">
        <xsd:annotation>
          <xsd:documentation>
            <ccts:CodeName>Interlingua</ccts:CodeName>
            <ccts:CodeDescription/>
          </xsd:documentation>
        </xsd:annotation>
      </xsd:enumeration>
      <xsd:enumeration value="id">
        <xsd:annotation>
          <xsd:documentation>
            <ccts:CodeName>Indonesian</ccts:CodeName>
            <ccts:CodeDescription/>
          </xsd:documentation>
        </xsd:annotation>
      </xsd:enumeration>
      <xsd:enumeration value="ie">
        <xsd:annotation>
          <xsd:documentation>
            <ccts:CodeName>Interlingue</ccts:CodeName>
            <ccts:CodeDescription/>
          </xsd:documentation>
        </xsd:annotation>
      </xsd:enumeration>
      <xsd:enumeration value="ik">
        <xsd:annotation>
          <xsd:documentation>
            <ccts:CodeName>Inupiak</ccts:CodeName>
            <ccts:CodeDescription/>
          </xsd:documentation>
        </xsd:annotation>
      </xsd:enumeration>
      <xsd:enumeration value="is">
        <xsd:annotation>
          <xsd:documentation>
            <ccts:CodeName>Icelandic</ccts:CodeName>
            <ccts:CodeDescription/>
          </xsd:documentation>
        </xsd:annotation>
      </xsd:enumeration>
      <xsd:enumeration value="it">
        <xsd:annotation>
          <xsd:documentation>
            <ccts:CodeName>Italian</ccts:CodeName>
            <ccts:CodeDescription/>
          </xsd:documentation>
        </xsd:annotation>
      </xsd:enumeration>
      <xsd:enumeration value="iu">
        <xsd:annotation>
          <xsd:documentation>
            <ccts:CodeName>Eskimo, Inuktiut CA</ccts:CodeName>
            <ccts:CodeDescription/>
          </xsd:documentation>
        </xsd:annotation>
      </xsd:enumeration>
      <xsd:enumeration value="ja">
        <xsd:annotation>
          <xsd:documentation>
            <ccts:CodeName>Japanese</ccts:CodeName>
            <ccts:CodeDescription/>
          </xsd:documentation>
        </xsd:annotation>
      </xsd:enumeration>
      <xsd:enumeration value="jw">
        <xsd:annotation>
          <xsd:documentation>
            <ccts:CodeName>Javanese</ccts:CodeName>
            <ccts:CodeDescription/>
          </xsd:documentation>
        </xsd:annotation>
      </xsd:enumeration>
      <xsd:enumeration value="ka">
        <xsd:annotation>
          <xsd:documentation>
            <ccts:CodeName>Georgian</ccts:CodeName>
            <ccts:CodeDescription/>
          </xsd:documentation>
        </xsd:annotation>
      </xsd:enumeration>
      <xsd:enumeration value="kk">
        <xsd:annotation>
          <xsd:documentation>
            <ccts:CodeName>Kazakh</ccts:CodeName>
            <ccts:CodeDescription/>
          </xsd:documentation>
        </xsd:annotation>
      </xsd:enumeration>
      <xsd:enumeration value="kl">
        <xsd:annotation>
          <xsd:documentation>
            <ccts:CodeName>Greenlandic</ccts:CodeName>
            <ccts:CodeDescription/>
          </xsd:documentation>
        </xsd:annotation>
      </xsd:enumeration>
      <xsd:enumeration value="km">
        <xsd:annotation>
          <xsd:documentation>
            <ccts:CodeName>Cambodian</ccts:CodeName>
            <ccts:CodeDescription/>
          </xsd:documentation>
        </xsd:annotation>
      </xsd:enumeration>
      <xsd:enumeration value="kn">
        <xsd:annotation>
          <xsd:documentation>
            <ccts:CodeName>Kannada</ccts:CodeName>
            <ccts:CodeDescription/>
          </xsd:documentation>
        </xsd:annotation>
      </xsd:enumeration>
      <xsd:enumeration value="ko">
        <xsd:annotation>
          <xsd:documentation>
            <ccts:CodeName>Korean</ccts:CodeName>
            <ccts:CodeDescription/>
          </xsd:documentation>
        </xsd:annotation>
      </xsd:enumeration>
      <xsd:enumeration value="ks">
        <xsd:annotation>
          <xsd:documentation>
            <ccts:CodeName>Kashmiri</ccts:CodeName>
            <ccts:CodeDescription/>
          </xsd:documentation>
        </xsd:annotation>
      </xsd:enumeration>
      <xsd:enumeration value="ku">
        <xsd:annotation>
          <xsd:documentation>
            <ccts:CodeName>Kurdish</ccts:CodeName>
            <ccts:CodeDescription/>
          </xsd:documentation>
        </xsd:annotation>
      </xsd:enumeration>
      <xsd:enumeration value="ky">
        <xsd:annotation>
          <xsd:documentation>
            <ccts:CodeName>Kirghiz</ccts:CodeName>
            <ccts:CodeDescription/>
          </xsd:documentation>
        </xsd:annotation>
      </xsd:enumeration>
      <xsd:enumeration value="la">
        <xsd:annotation>
          <xsd:documentation>
            <ccts:CodeName>Latin</ccts:CodeName>
            <ccts:CodeDescription/>
          </xsd:documentation>
        </xsd:annotation>
      </xsd:enumeration>
      <xsd:enumeration value="ln">
        <xsd:annotation>
          <xsd:documentation>
            <ccts:CodeName>Lingala</ccts:CodeName>
            <ccts:CodeDescription/>
          </xsd:documentation>
        </xsd:annotation>
      </xsd:enumeration>
      <xsd:enumeration value="lo">
        <xsd:annotation>
          <xsd:documentation>
            <ccts:CodeName>Laothian</ccts:CodeName>
            <ccts:CodeDescription/>
          </xsd:documentation>
        </xsd:annotation>
      </xsd:enumeration>
      <xsd:enumeration value="lt">
        <xsd:annotation>
          <xsd:documentation>
            <ccts:CodeName>Lithuanian</ccts:CodeName>
            <ccts:CodeDescription/>
          </xsd:documentation>
        </xsd:annotation>
      </xsd:enumeration>
      <xsd:enumeration value="lv">
        <xsd:annotation>
          <xsd:documentation>
            <ccts:CodeName>Latvian, Lettish</ccts:CodeName>
            <ccts:CodeDescription/>
          </xsd:documentation>
        </xsd:annotation>
      </xsd:enumeration>
      <xsd:enumeration value="mg">
        <xsd:annotation>
          <xsd:documentation>
            <ccts:CodeName>Malagasy</ccts:CodeName>
            <ccts:CodeDescription/>
          </xsd:documentation>
        </xsd:annotation>
      </xsd:enumeration>
      <xsd:enumeration value="mi">
        <xsd:annotation>
          <xsd:documentation>
            <ccts:CodeName>Maori</ccts:CodeName>
            <ccts:CodeDescription/>
          </xsd:documentation>
        </xsd:annotation>
      </xsd:enumeration>
      <xsd:enumeration value="mk">
        <xsd:annotation>
          <xsd:documentation>
            <ccts:CodeName>Macedonian</ccts:CodeName>
            <ccts:CodeDescription/>
          </xsd:documentation>
        </xsd:annotation>
      </xsd:enumeration>
      <xsd:enumeration value="ml">
        <xsd:annotation>
          <xsd:documentation>
            <ccts:CodeName>Malayalam</ccts:CodeName>
            <ccts:CodeDescription/>
          </xsd:documentation>
        </xsd:annotation>
      </xsd:enumeration>
      <xsd:enumeration value="mn">
        <xsd:annotation>
          <xsd:documentation>
            <ccts:CodeName>Mangolian</ccts:CodeName>
            <ccts:CodeDescription/>
          </xsd:documentation>
        </xsd:annotation>
      </xsd:enumeration>
      <xsd:enumeration value="mo">
        <xsd:annotation>
          <xsd:documentation>
            <ccts:CodeName>Moldavian</ccts:CodeName>
            <ccts:CodeDescription/>
          </xsd:documentation>
        </xsd:annotation>
      </xsd:enumeration>
      <xsd:enumeration value="mr">
        <xsd:annotation>
          <xsd:documentation>
            <ccts:CodeName>Marathi</ccts:CodeName>
            <ccts:CodeDescription/>
          </xsd:documentation>
        </xsd:annotation>
      </xsd:enumeration>
      <xsd:enumeration value="ms">
        <xsd:annotation>
          <xsd:documentation>
            <ccts:CodeName>Malay</ccts:CodeName>
            <ccts:CodeDescription/>
          </xsd:documentation>
        </xsd:annotation>
      </xsd:enumeration>
      <xsd:enumeration value="mt">
        <xsd:annotation>
          <xsd:documentation>
            <ccts:CodeName>Maltese</ccts:CodeName>
            <ccts:CodeDescription/>
          </xsd:documentation>
        </xsd:annotation>
      </xsd:enumeration>
      <xsd:enumeration value="na">
        <xsd:annotation>
          <xsd:documentation>
            <ccts:CodeName>Nauru</ccts:CodeName>
            <ccts:CodeDescription/>
          </xsd:documentation>
        </xsd:annotation>
      </xsd:enumeration>
      <xsd:enumeration value="ne">
        <xsd:annotation>
          <xsd:documentation>
            <ccts:CodeName>Nepali</ccts:CodeName>
            <ccts:CodeDescription/>
          </xsd:documentation>
        </xsd:annotation>
      </xsd:enumeration>
      <xsd:enumeration value="nl">
        <xsd:annotation>
          <xsd:documentation>
            <ccts:CodeName>Dutch</ccts:CodeName>
            <ccts:CodeDescription/>
          </xsd:documentation>
        </xsd:annotation>
      </xsd:enumeration>
      <xsd:enumeration value="no">
        <xsd:annotation>
          <xsd:documentation>
            <ccts:CodeName>Norwegian</ccts:CodeName>
            <ccts:CodeDescription/>
          </xsd:documentation>
        </xsd:annotation>
      </xsd:enumeration>
      <xsd:enumeration value="oc">
        <xsd:annotation>
          <xsd:documentation>
            <ccts:CodeName>Occitan</ccts:CodeName>
            <ccts:CodeDescription/>
          </xsd:documentation>
        </xsd:annotation>
      </xsd:enumeration>
      <xsd:enumeration value="om">
        <xsd:annotation>
          <xsd:documentation>
            <ccts:CodeName>(Afan) Oromo</ccts:CodeName>
            <ccts:CodeDescription/>
          </xsd:documentation>
        </xsd:annotation>
      </xsd:enumeration>
      <xsd:enumeration value="or">
        <xsd:annotation>
          <xsd:documentation>
            <ccts:CodeName>Oriya</ccts:CodeName>
            <ccts:CodeDescription/>
          </xsd:documentation>
        </xsd:annotation>
      </xsd:enumeration>
      <xsd:enumeration value="pa">
        <xsd:annotation>
          <xsd:documentation>
            <ccts:CodeName>Punjabi</ccts:CodeName>
            <ccts:CodeDescription/>
          </xsd:documentation>
        </xsd:annotation>
      </xsd:enumeration>
      <xsd:enumeration value="pl">
        <xsd:annotation>
          <xsd:documentation>
            <ccts:CodeName>Polish</ccts:CodeName>
            <ccts:CodeDescription/>
          </xsd:documentation>
        </xsd:annotation>
      </xsd:enumeration>
      <xsd:enumeration value="ps">
        <xsd:annotation>
          <xsd:documentation>
            <ccts:CodeName>Pashto, Pushto</ccts:CodeName>
            <ccts:CodeDescription/>
          </xsd:documentation>
        </xsd:annotation>
      </xsd:enumeration>
      <xsd:enumeration value="pt">
        <xsd:annotation>
          <xsd:documentation>
            <ccts:CodeName>Portuguese</ccts:CodeName>
            <ccts:CodeDescription/>
          </xsd:documentation>
        </xsd:annotation>
      </xsd:enumeration>
      <xsd:enumeration value="qu">
        <xsd:annotation>
          <xsd:documentation>
            <ccts:CodeName>Quechua</ccts:CodeName>
            <ccts:CodeDescription/>
          </xsd:documentation>
        </xsd:annotation>
      </xsd:enumeration>
      <xsd:enumeration value="rm">
        <xsd:annotation>
          <xsd:documentation>
            <ccts:CodeName>Rhaeto-Romance</ccts:CodeName>
            <ccts:CodeDescription/>
          </xsd:documentation>
        </xsd:annotation>
      </xsd:enumeration>
      <xsd:enumeration value="rn">
        <xsd:annotation>
          <xsd:documentation>
            <ccts:CodeName>Kirundi</ccts:CodeName>
            <ccts:CodeDescription/>
          </xsd:documentation>
        </xsd:annotation>
      </xsd:enumeration>
      <xsd:enumeration value="ro">
        <xsd:annotation>
          <xsd:documentation>
            <ccts:CodeName>Romanian</ccts:CodeName>
            <ccts:CodeDescription/>
          </xsd:documentation>
        </xsd:annotation>
      </xsd:enumeration>
      <xsd:enumeration value="ru">
        <xsd:annotation>
          <xsd:documentation>
            <ccts:CodeName>Russian</ccts:CodeName>
            <ccts:CodeDescription/>
          </xsd:documentation>
        </xsd:annotation>
      </xsd:enumeration>
      <xsd:enumeration value="rw">
        <xsd:annotation>
          <xsd:documentation>
            <ccts:CodeName>Kinyarwanda</ccts:CodeName>
            <ccts:CodeDescription/>
          </xsd:documentation>
        </xsd:annotation>
      </xsd:enumeration>
      <xsd:enumeration value="sa">
        <xsd:annotation>
          <xsd:documentation>
            <ccts:CodeName>Sanskrit</ccts:CodeName>
            <ccts:CodeDescription/>
          </xsd:documentation>
        </xsd:annotation>
      </xsd:enumeration>
      <xsd:enumeration value="sd">
        <xsd:annotation>
          <xsd:documentation>
            <ccts:CodeName>Sindhi</ccts:CodeName>
            <ccts:CodeDescription/>
          </xsd:documentation>
        </xsd:annotation>
      </xsd:enumeration>
      <xsd:enumeration value="sg">
        <xsd:annotation>
          <xsd:documentation>
            <ccts:CodeName>Sangho</ccts:CodeName>
            <ccts:CodeDescription/>
          </xsd:documentation>
        </xsd:annotation>
      </xsd:enumeration>
      <xsd:enumeration value="sh">
        <xsd:annotation>
          <xsd:documentation>
            <ccts:CodeName>Serbo-Croatian</ccts:CodeName>
            <ccts:CodeDescription/>
          </xsd:documentation>
        </xsd:annotation>
      </xsd:enumeration>
      <xsd:enumeration value="si">
        <xsd:annotation>
          <xsd:documentation>
            <ccts:CodeName>Singhalese</ccts:CodeName>
            <ccts:CodeDescription/>
          </xsd:documentation>
        </xsd:annotation>
      </xsd:enumeration>
      <xsd:enumeration value="sk">
        <xsd:annotation>
          <xsd:documentation>
            <ccts:CodeName>Slovak</ccts:CodeName>
            <ccts:CodeDescription/>
          </xsd:documentation>
        </xsd:annotation>
      </xsd:enumeration>
      <xsd:enumeration value="sl">
        <xsd:annotation>
          <xsd:documentation>
            <ccts:CodeName>Slovenian</ccts:CodeName>
            <ccts:CodeDescription/>
          </xsd:documentation>
        </xsd:annotation>
      </xsd:enumeration>
      <xsd:enumeration value="sm">
        <xsd:annotation>
          <xsd:documentation>
            <ccts:CodeName>Samoan</ccts:CodeName>
            <ccts:CodeDescription/>
          </xsd:documentation>
        </xsd:annotation>
      </xsd:enumeration>
      <xsd:enumeration value="sn">
        <xsd:annotation>
          <xsd:documentation>
            <ccts:CodeName>Shona</ccts:CodeName>
            <ccts:CodeDescription/>
          </xsd:documentation>
        </xsd:annotation>
      </xsd:enumeration>
      <xsd:enumeration value="so">
        <xsd:annotation>
          <xsd:documentation>
            <ccts:CodeName>Somali</ccts:CodeName>
            <ccts:CodeDescription/>
          </xsd:documentation>
        </xsd:annotation>
      </xsd:enumeration>
      <xsd:enumeration value="sq">
        <xsd:annotation>
          <xsd:documentation>
            <ccts:CodeName>Albanian</ccts:CodeName>
            <ccts:CodeDescription/>
          </xsd:documentation>
        </xsd:annotation>
      </xsd:enumeration>
      <xsd:enumeration value="sr">
        <xsd:annotation>
          <xsd:documentation>
            <ccts:CodeName>Serbian</ccts:CodeName>
            <ccts:CodeDescription/>
          </xsd:documentation>
        </xsd:annotation>
      </xsd:enumeration>
      <xsd:enumeration value="ss">
        <xsd:annotation>
          <xsd:documentation>
            <ccts:CodeName>Siswati</ccts:CodeName>
            <ccts:CodeDescription/>
          </xsd:documentation>
        </xsd:annotation>
      </xsd:enumeration>
      <xsd:enumeration value="st">
        <xsd:annotation>
          <xsd:documentation>
            <ccts:CodeName>Sesotho</ccts:CodeName>
            <ccts:CodeDescription/>
          </xsd:documentation>
        </xsd:annotation>
      </xsd:enumeration>
      <xsd:enumeration value="su">
        <xsd:annotation>
          <xsd:documentation>
            <ccts:CodeName>Sundanese</ccts:CodeName>
            <ccts:CodeDescription/>
          </xsd:documentation>
        </xsd:annotation>
      </xsd:enumeration>
      <xsd:enumeration value="sv">
        <xsd:annotation>
          <xsd:documentation>
            <ccts:CodeName>Swedish</ccts:CodeName>
            <ccts:CodeDescription/>
          </xsd:documentation>
        </xsd:annotation>
      </xsd:enumeration>
      <xsd:enumeration value="sw">
        <xsd:annotation>
          <xsd:documentation>
            <ccts:CodeName>Sawahili</ccts:CodeName>
            <ccts:CodeDescription/>
          </xsd:documentation>
        </xsd:annotation>
      </xsd:enumeration>
      <xsd:enumeration value="ta">
        <xsd:annotation>
          <xsd:documentation>
            <ccts:CodeName>Tamil</ccts:CodeName>
            <ccts:CodeDescription/>
          </xsd:documentation>
        </xsd:annotation>
      </xsd:enumeration>
      <xsd:enumeration value="te">
        <xsd:annotation>
          <xsd:documentation>
            <ccts:CodeName>Telugu</ccts:CodeName>
            <ccts:CodeDescription/>
          </xsd:documentation>
        </xsd:annotation>
      </xsd:enumeration>
      <xsd:enumeration value="tg">
        <xsd:annotation>
          <xsd:documentation>
            <ccts:CodeName>Tajik</ccts:CodeName>
            <ccts:CodeDescription/>
          </xsd:documentation>
        </xsd:annotation>
      </xsd:enumeration>
      <xsd:enumeration value="th">
        <xsd:annotation>
          <xsd:documentation>
            <ccts:CodeName>Thai</ccts:CodeName>
            <ccts:CodeDescription/>
          </xsd:documentation>
        </xsd:annotation>
      </xsd:enumeration>
      <xsd:enumeration value="ti">
        <xsd:annotation>
          <xsd:documentation>
            <ccts:CodeName>Tigrinya</ccts:CodeName>
            <ccts:CodeDescription/>
          </xsd:documentation>
        </xsd:annotation>
      </xsd:enumeration>
      <xsd:enumeration value="tk">
        <xsd:annotation>
          <xsd:documentation>
            <ccts:CodeName>Turkmen</ccts:CodeName>
            <ccts:CodeDescription/>
          </xsd:documentation>
        </xsd:annotation>
      </xsd:enumeration>
      <xsd:enumeration value="tl">
        <xsd:annotation>
          <xsd:documentation>
            <ccts:CodeName>Tagalog</ccts:CodeName>
            <ccts:CodeDescription/>
          </xsd:documentation>
        </xsd:annotation>
      </xsd:enumeration>
      <xsd:enumeration value="tn">
        <xsd:annotation>
          <xsd:documentation>
            <ccts:CodeName>Setswana</ccts:CodeName>
            <ccts:CodeDescription/>
          </xsd:documentation>
        </xsd:annotation>
      </xsd:enumeration>
      <xsd:enumeration value="to">
        <xsd:annotation>
          <xsd:documentation>
            <ccts:CodeName>Tonga</ccts:CodeName>
            <ccts:CodeDescription/>
          </xsd:documentation>
        </xsd:annotation>
      </xsd:enumeration>
      <xsd:enumeration value="tr">
        <xsd:annotation>
          <xsd:documentation>
            <ccts:CodeName>Turkish</ccts:CodeName>
            <ccts:CodeDescription/>
          </xsd:documentation>
        </xsd:annotation>
      </xsd:enumeration>
      <xsd:enumeration value="ts">
        <xsd:annotation>
          <xsd:documentation>
            <ccts:CodeName>Tsonga</ccts:CodeName>
            <ccts:CodeDescription/>
          </xsd:documentation>
        </xsd:annotation>
      </xsd:enumeration>
      <xsd:enumeration value="tt">
        <xsd:annotation>
          <xsd:documentation>
            <ccts:CodeName>Tatar</ccts:CodeName>
            <ccts:CodeDescription/>
          </xsd:documentation>
        </xsd:annotation>
      </xsd:enumeration>
      <xsd:enumeration value="tw">
        <xsd:annotation>
          <xsd:documentation>
            <ccts:CodeName>Twi</ccts:CodeName>
            <ccts:CodeDescription/>
          </xsd:documentation>
        </xsd:annotation>
      </xsd:enumeration>
      <xsd:enumeration value="ug">
        <xsd:annotation>
          <xsd:documentation>
            <ccts:CodeName>Uigur</ccts:CodeName>
            <ccts:CodeDescription/>
          </xsd:documentation>
        </xsd:annotation>
      </xsd:enumeration>
      <xsd:enumeration value="uk">
        <xsd:annotation>
          <xsd:documentation>
            <ccts:CodeName>Ukrainian</ccts:CodeName>
            <ccts:CodeDescription/>
          </xsd:documentation>
        </xsd:annotation>
      </xsd:enumeration>
      <xsd:enumeration value="ur">
        <xsd:annotation>
          <xsd:documentation>
            <ccts:CodeName>Urdu</ccts:CodeName>
            <ccts:CodeDescription/>
          </xsd:documentation>
        </xsd:annotation>
      </xsd:enumeration>
      <xsd:enumeration value="uz">
        <xsd:annotation>
          <xsd:documentation>
            <ccts:CodeName>Uzbek</ccts:CodeName>
            <ccts:CodeDescription/>
          </xsd:documentation>
        </xsd:annotation>
      </xsd:enumeration>
      <xsd:enumeration value="vi">
        <xsd:annotation>
          <xsd:documentation>
            <ccts:CodeName>Vietnamese</ccts:CodeName>
            <ccts:CodeDescription/>
          </xsd:documentation>
        </xsd:annotation>
      </xsd:enumeration>
      <xsd:enumeration value="vo">
        <xsd:annotation>
          <xsd:documentation>
            <ccts:CodeName>VolapÃ¼k</ccts:CodeName>
            <ccts:CodeDescription/>
          </xsd:documentation>
        </xsd:annotation>
      </xsd:enumeration>
      <xsd:enumeration value="wo">
        <xsd:annotation>
          <xsd:documentation>
            <ccts:CodeName>Wolof</ccts:CodeName>
            <ccts:CodeDescription/>
          </xsd:documentation>
        </xsd:annotation>
      </xsd:enumeration>
      <xsd:enumeration value="xh">
        <xsd:annotation>
          <xsd:documentation>
            <ccts:CodeName>hosa</ccts:CodeName>
            <ccts:CodeDescription/>
          </xsd:documentation>
        </xsd:annotation>
      </xsd:enumeration>
      <xsd:enumeration value="yi">
        <xsd:annotation>
          <xsd:documentation>
            <ccts:CodeName>Yiddish</ccts:CodeName>
            <ccts:CodeDescription/>
          </xsd:documentation>
        </xsd:annotation>
      </xsd:enumeration>
      <xsd:enumeration value="yo">
        <xsd:annotation>
          <xsd:documentation>
            <ccts:CodeName>Yoruba</ccts:CodeName>
            <ccts:CodeDescription/>
          </xsd:documentation>
        </xsd:annotation>
      </xsd:enumeration>
      <xsd:enumeration value="za">
        <xsd:annotation>
          <xsd:documentation>
            <ccts:CodeName>Zhuang</ccts:CodeName>
            <ccts:CodeDescription/>
          </xsd:documentation>
        </xsd:annotation>
      </xsd:enumeration>
      <xsd:enumeration value="zh">
        <xsd:annotation>
          <xsd:documentation>
            <ccts:CodeName>Chinese</ccts:CodeName>
            <ccts:CodeDescription/>
          </xsd:documentation>
        </xsd:annotation>
      </xsd:enumeration>
      <xsd:enumeration value="zu">
        <xsd:annotation>
          <xsd:documentation>
            <ccts:CodeName>Zulu</ccts:CodeName>
            <ccts:CodeDescription/>
          </xsd:documentation>
        </xsd:annotation>
      </xsd:enumeration>
    </xsd:restriction>
  </xsd:simpleType>
</xsd:schema>]]></con:content><con:type>http://www.w3.org/2001/XMLSchema</con:type></con:part><con:part><con:url>file:/home/isr/git/parent/invoiceservice/InvoiceServiceRegistry/wsdl/invoiceService/1.0.0/invoice/UBL-QualifiedDatatypes-2.0.xsd</con:url><con:content><![CDATA[<!--Document Type:     QualifiedDatatypes
  Generated On:      Wed Sep 13 09:16:50 2006-->
<!--===== xsd:schema Element With Namespaces Declarations =====-->
<xsd:schema targetNamespace="urn:oasis:names:specification:ubl:schema:xsd:QualifiedDatatypes-2" elementFormDefault="qualified" attributeFormDefault="unqualified" version="2.0" xmlns:xsd="http://www.w3.org/2001/XMLSchema" xmlns="urn:oasis:names:specification:ubl:schema:xsd:QualifiedDatatypes-2" xmlns:udt="urn:un:unece:uncefact:data:specification:UnqualifiedDataTypesSchemaModule:2" xmlns:ccts="urn:un:unece:uncefact:documentation:2">
  <!--===== Imports =====-->
  <xsd:import namespace="urn:un:unece:uncefact:data:specification:UnqualifiedDataTypesSchemaModule:2" schemaLocation="UnqualifiedDataTypeSchemaModule-2.0.xsd"/>
  <!--===== Type Definitions =====-->
  <xsd:complexType name="AllowanceChargeReasonCodeType">
    <xsd:annotation>
      <xsd:documentation>
        <ccts:Component>
          <ccts:DictionaryEntryName>Allowance Charge Reason_ Code. Type</ccts:DictionaryEntryName>
          <ccts:Version>2.0</ccts:Version>
          <ccts:Definition>The set of possible reasons for an allowance or charge.</ccts:Definition>
          <ccts:RepresentationTerm>Code</ccts:RepresentationTerm>
          <ccts:QualifierTerm>Allowance Charge Reason</ccts:QualifierTerm>
          <ccts:UniqueID/>
          <ccts:UsageRule>Used under the terms of the UNECE  policy stated at http://www.unece.org/ece_legal.htm.</ccts:UsageRule>
        </ccts:Component>
      </xsd:documentation>
    </xsd:annotation>
    <xsd:simpleContent>
      <xsd:restriction base="udt:CodeType">
        <xsd:attribute name="listID" type="xsd:normalizedString" default="UN/ECE 4465" use="optional">
          <xsd:annotation>
            <xsd:documentation>
              <ccts:Name>Allowance Charge Reason_ Code List. Identifier</ccts:Name>
              <ccts:Definition/>
              <ccts:PrimitiveType>String</ccts:PrimitiveType>
            </xsd:documentation>
          </xsd:annotation>
        </xsd:attribute>
        <xsd:attribute name="listAgencyID" type="xsd:normalizedString" default="6" use="optional">
          <xsd:annotation>
            <xsd:documentation>
              <ccts:Name>Allowance Charge Reason_ Code List. Agency. Identifier</ccts:Name>
              <ccts:Definition>Defaults to the UN/EDIFACT data element 3055 code list.</ccts:Definition>
              <ccts:PrimitiveType>String</ccts:PrimitiveType>
            </xsd:documentation>
          </xsd:annotation>
        </xsd:attribute>
        <xsd:attribute name="listAgencyName" type="xsd:string" default="United Nations Economic Commission for Europe" use="optional">
          <xsd:annotation>
            <xsd:documentation>
              <ccts:Name>Allowance Charge Reason_ Code List. Agency Name. Text</ccts:Name>
              <ccts:Definition/>
              <ccts:PrimitiveType>String</ccts:PrimitiveType>
            </xsd:documentation>
          </xsd:annotation>
        </xsd:attribute>
        <xsd:attribute name="listName" type="xsd:string" default="Adjustment Reason Description" use="optional">
          <xsd:annotation>
            <xsd:documentation>
              <ccts:Name>Allowance Charge Reason_ Code List. Name. Text</ccts:Name>
              <ccts:Definition/>
              <ccts:PrimitiveType>String</ccts:PrimitiveType>
            </xsd:documentation>
          </xsd:annotation>
        </xsd:attribute>
        <xsd:attribute name="listVersionID" type="xsd:normalizedString" default="D03A" use="optional">
          <xsd:annotation>
            <xsd:documentation>
              <ccts:Name>Allowance Charge Reason_ Code List. Version. Identifier</ccts:Name>
              <ccts:Definition>Identifies the Directory of the UN/EDIFACT code list.</ccts:Definition>
              <ccts:PrimitiveType>String</ccts:PrimitiveType>
            </xsd:documentation>
          </xsd:annotation>
        </xsd:attribute>
        <xsd:attribute name="name" type="xsd:string" use="optional">
          <xsd:annotation>
            <xsd:documentation>
              <ccts:Name>Allowance Charge Reason_ Code. Name. Text</ccts:Name>
              <ccts:Definition/>
              <ccts:PrimitiveType>String</ccts:PrimitiveType>
            </xsd:documentation>
          </xsd:annotation>
        </xsd:attribute>
        <xsd:attribute name="languageID" type="xsd:language" default="en" use="optional">
          <xsd:annotation>
            <xsd:documentation>
              <ccts:Name>Allowance Charge Reason_ Language. Identifier</ccts:Name>
              <ccts:Definition/>
              <ccts:PrimitiveType>String</ccts:PrimitiveType>
            </xsd:documentation>
          </xsd:annotation>
        </xsd:attribute>
        <xsd:attribute name="listURI" type="xsd:anyURI" default="http://docs.oasis-open.org/ubl/os-ubl-2.0/cl/gc/default/AllowanceChargeReasonCode-2.0.gc" use="optional">
          <xsd:annotation>
            <xsd:documentation>
              <ccts:Name>Allowance Charge Reason_ Code List. Uniform Resource. Identifier</ccts:Name>
              <ccts:Definition/>
              <ccts:PrimitiveType>String</ccts:PrimitiveType>
            </xsd:documentation>
          </xsd:annotation>
        </xsd:attribute>
        <xsd:attribute name="listSchemeURI" type="xsd:anyURI" default="urn:oasis:names:specification:ubl:codelist:gc:AllowanceChargeReasonCode-2.0" use="optional">
          <xsd:annotation>
            <xsd:documentation>
              <ccts:Name>Allowance Charge Reason_ Code List Scheme. Uniform Resource. Identifier</ccts:Name>
              <ccts:Definition/>
              <ccts:PrimitiveType>String</ccts:PrimitiveType>
            </xsd:documentation>
          </xsd:annotation>
        </xsd:attribute>
      </xsd:restriction>
    </xsd:simpleContent>
  </xsd:complexType>
  <xsd:complexType name="ChannelCodeType">
    <xsd:annotation>
      <xsd:documentation>
        <ccts:Component>
          <ccts:DictionaryEntryName>Channel_ Code. Type</ccts:DictionaryEntryName>
          <ccts:Version>2.0</ccts:Version>
          <ccts:Definition>The set of possible ways in which communication can be made (eg. Phone, email, etc).</ccts:Definition>
          <ccts:RepresentationTerm>Code</ccts:RepresentationTerm>
          <ccts:QualifierTerm>Channel</ccts:QualifierTerm>
          <ccts:UniqueID/>
          <ccts:UsageRule>Used under the terms of the UNECE  policy stated at http://www.unece.org/ece_legal.htm.</ccts:UsageRule>
        </ccts:Component>
      </xsd:documentation>
    </xsd:annotation>
    <xsd:simpleContent>
      <xsd:restriction base="udt:CodeType">
        <xsd:attribute name="listID" type="xsd:normalizedString" default="UN/ECE 3155" use="optional">
          <xsd:annotation>
            <xsd:documentation>
              <ccts:Name>Channel_ Code List. Identifier</ccts:Name>
              <ccts:Definition/>
              <ccts:PrimitiveType>String</ccts:PrimitiveType>
            </xsd:documentation>
          </xsd:annotation>
        </xsd:attribute>
        <xsd:attribute name="listAgencyID" type="xsd:normalizedString" default="6" use="optional">
          <xsd:annotation>
            <xsd:documentation>
              <ccts:Name>Channel_ Code List. Agency. Identifier</ccts:Name>
              <ccts:Definition>Defaults to the UN/EDIFACT data element 3055 code list.</ccts:Definition>
              <ccts:PrimitiveType>String</ccts:PrimitiveType>
            </xsd:documentation>
          </xsd:annotation>
        </xsd:attribute>
        <xsd:attribute name="listAgencyName" type="xsd:string" default="United Nations Economic Commission for Europe" use="optional">
          <xsd:annotation>
            <xsd:documentation>
              <ccts:Name>Channel_ Code List. Agency Name. Text</ccts:Name>
              <ccts:Definition/>
              <ccts:PrimitiveType>String</ccts:PrimitiveType>
            </xsd:documentation>
          </xsd:annotation>
        </xsd:attribute>
        <xsd:attribute name="listName" type="xsd:string" default="Communication Address Code Qualifier" use="optional">
          <xsd:annotation>
            <xsd:documentation>
              <ccts:Name>Channel_ Code List. Name. Text</ccts:Name>
              <ccts:Definition/>
              <ccts:PrimitiveType>String</ccts:PrimitiveType>
            </xsd:documentation>
          </xsd:annotation>
        </xsd:attribute>
        <xsd:attribute name="listVersionID" type="xsd:normalizedString" default="D03A" use="optional">
          <xsd:annotation>
            <xsd:documentation>
              <ccts:Name>Channel_ Code List. Version. Identifier</ccts:Name>
              <ccts:Definition>Identifies the Directory of the UN/EDIFACT code list.</ccts:Definition>
              <ccts:PrimitiveType>String</ccts:PrimitiveType>
            </xsd:documentation>
          </xsd:annotation>
        </xsd:attribute>
        <xsd:attribute name="name" type="xsd:string" use="optional">
          <xsd:annotation>
            <xsd:documentation>
              <ccts:Name>Channel_ Code. Name. Text</ccts:Name>
              <ccts:Definition/>
              <ccts:PrimitiveType>String</ccts:PrimitiveType>
            </xsd:documentation>
          </xsd:annotation>
        </xsd:attribute>
        <xsd:attribute name="languageID" type="xsd:language" default="en" use="optional">
          <xsd:annotation>
            <xsd:documentation>
              <ccts:Name>Channel_ Language. Identifier</ccts:Name>
              <ccts:Definition/>
              <ccts:PrimitiveType>String</ccts:PrimitiveType>
            </xsd:documentation>
          </xsd:annotation>
        </xsd:attribute>
        <xsd:attribute name="listURI" type="xsd:anyURI" default="http://docs.oasis-open.org/ubl/os-ubl-2.0/cl/gc/default/ChannelCode-2.0.gc" use="optional">
          <xsd:annotation>
            <xsd:documentation>
              <ccts:Name>Channel_ Code List. Uniform Resource. Identifier</ccts:Name>
              <ccts:Definition/>
              <ccts:PrimitiveType>String</ccts:PrimitiveType>
            </xsd:documentation>
          </xsd:annotation>
        </xsd:attribute>
        <xsd:attribute name="listSchemeURI" type="xsd:anyURI" default="urn:oasis:names:specification:ubl:codelist:gc:ChannelCode-2.0" use="optional">
          <xsd:annotation>
            <xsd:documentation>
              <ccts:Name>Channel_ Code List Scheme. Uniform Resource. Identifier</ccts:Name>
              <ccts:Definition/>
              <ccts:PrimitiveType>String</ccts:PrimitiveType>
            </xsd:documentation>
          </xsd:annotation>
        </xsd:attribute>
      </xsd:restriction>
    </xsd:simpleContent>
  </xsd:complexType>
  <xsd:complexType name="ChipCodeType">
    <xsd:annotation>
      <xsd:documentation>
        <ccts:Component>
          <ccts:DictionaryEntryName>Chip_ Code. Type</ccts:DictionaryEntryName>
          <ccts:Version>2.0</ccts:Version>
          <ccts:Definition>Distinction between CHIP and MAG STRIPE cards</ccts:Definition>
          <ccts:RepresentationTerm>Code</ccts:RepresentationTerm>
          <ccts:QualifierTerm>Chip</ccts:QualifierTerm>
          <ccts:UniqueID/>
        </ccts:Component>
      </xsd:documentation>
    </xsd:annotation>
    <xsd:simpleContent>
      <xsd:restriction base="udt:CodeType">
        <xsd:attribute name="listID" type="xsd:normalizedString" default="Chip" use="optional">
          <xsd:annotation>
            <xsd:documentation>
              <ccts:Name>Chip_ Code List. Identifier</ccts:Name>
              <ccts:Definition/>
              <ccts:PrimitiveType>String</ccts:PrimitiveType>
            </xsd:documentation>
          </xsd:annotation>
        </xsd:attribute>
        <xsd:attribute name="listAgencyID" type="xsd:normalizedString" default="UBL" use="optional">
          <xsd:annotation>
            <xsd:documentation>
              <ccts:Name>Chip_ Code List. Agency. Identifier</ccts:Name>
              <ccts:Definition/>
              <ccts:PrimitiveType>String</ccts:PrimitiveType>
            </xsd:documentation>
          </xsd:annotation>
        </xsd:attribute>
        <xsd:attribute name="listAgencyName" type="xsd:string" default="OASIS Universal Business Language" use="optional">
          <xsd:annotation>
            <xsd:documentation>
              <ccts:Name>Chip_ Code List. Agency Name. Text</ccts:Name>
              <ccts:Definition/>
              <ccts:PrimitiveType>String</ccts:PrimitiveType>
            </xsd:documentation>
          </xsd:annotation>
        </xsd:attribute>
        <xsd:attribute name="listName" type="xsd:string" default="Chip" use="optional">
          <xsd:annotation>
            <xsd:documentation>
              <ccts:Name>Chip_ Code List. Name. Text</ccts:Name>
              <ccts:Definition/>
              <ccts:PrimitiveType>String</ccts:PrimitiveType>
            </xsd:documentation>
          </xsd:annotation>
        </xsd:attribute>
        <xsd:attribute name="listVersionID" type="xsd:normalizedString" default="2.0" use="optional">
          <xsd:annotation>
            <xsd:documentation>
              <ccts:Name>Chip_ Code List. Version. Identifier</ccts:Name>
              <ccts:Definition/>
              <ccts:PrimitiveType>String</ccts:PrimitiveType>
            </xsd:documentation>
          </xsd:annotation>
        </xsd:attribute>
        <xsd:attribute name="name" type="xsd:string" use="optional">
          <xsd:annotation>
            <xsd:documentation>
              <ccts:Name>Chip_ Code. Name. Text</ccts:Name>
              <ccts:Definition/>
              <ccts:PrimitiveType>String</ccts:PrimitiveType>
            </xsd:documentation>
          </xsd:annotation>
        </xsd:attribute>
        <xsd:attribute name="languageID" type="xsd:language" default="en" use="optional">
          <xsd:annotation>
            <xsd:documentation>
              <ccts:Name>Chip_ Language. Identifier</ccts:Name>
              <ccts:Definition/>
              <ccts:PrimitiveType>String</ccts:PrimitiveType>
            </xsd:documentation>
          </xsd:annotation>
        </xsd:attribute>
        <xsd:attribute name="listURI" type="xsd:anyURI" default="http://docs.oasis-open.org/ubl/os-ubl-2.0/cl/gc/default/ChipCode-2.0.gc" use="optional">
          <xsd:annotation>
            <xsd:documentation>
              <ccts:Name>Chip_ Code List. Uniform Resource. Identifier</ccts:Name>
              <ccts:Definition/>
              <ccts:PrimitiveType>String</ccts:PrimitiveType>
            </xsd:documentation>
          </xsd:annotation>
        </xsd:attribute>
        <xsd:attribute name="listSchemeURI" type="xsd:anyURI" default="urn:oasis:names:specification:ubl:codelist:gc:ChipCode-2.0" use="optional">
          <xsd:annotation>
            <xsd:documentation>
              <ccts:Name>Chip_ Code List Scheme. Uniform Resource. Identifier</ccts:Name>
              <ccts:Definition/>
              <ccts:PrimitiveType>String</ccts:PrimitiveType>
            </xsd:documentation>
          </xsd:annotation>
        </xsd:attribute>
      </xsd:restriction>
    </xsd:simpleContent>
  </xsd:complexType>
  <xsd:complexType name="ContainerSizeTypeCodeType">
    <xsd:annotation>
      <xsd:documentation>
        <ccts:Component>
          <ccts:DictionaryEntryName>Container Size Type_ Code. Type</ccts:DictionaryEntryName>
          <ccts:Version>2.0</ccts:Version>
          <ccts:Definition>The set of code values for classifying series 1 freight containers based on external dimensions and specifies the assoziated ratings and, where appropriate, the minimum internal and door opening dimensions for certain types of containers.</ccts:Definition>
          <ccts:RepresentationTerm>Code</ccts:RepresentationTerm>
          <ccts:QualifierTerm>Container Size Type</ccts:QualifierTerm>
          <ccts:UniqueID/>
        </ccts:Component>
      </xsd:documentation>
    </xsd:annotation>
    <xsd:simpleContent>
      <xsd:restriction base="udt:CodeType">
        <xsd:attribute name="listID" type="xsd:normalizedString" default="ISO 668" use="optional">
          <xsd:annotation>
            <xsd:documentation>
              <ccts:Name>Container Size Type_ Code List. Identifier</ccts:Name>
              <ccts:Definition/>
              <ccts:PrimitiveType>String</ccts:PrimitiveType>
            </xsd:documentation>
          </xsd:annotation>
        </xsd:attribute>
        <xsd:attribute name="listAgencyID" type="xsd:normalizedString" default="5" use="optional">
          <xsd:annotation>
            <xsd:documentation>
              <ccts:Name>Container Size Type_ Code List. Agency. Identifier</ccts:Name>
              <ccts:Definition/>
              <ccts:PrimitiveType>String</ccts:PrimitiveType>
            </xsd:documentation>
          </xsd:annotation>
        </xsd:attribute>
        <xsd:attribute name="listAgencyName" type="xsd:string" default="ISO" use="optional">
          <xsd:annotation>
            <xsd:documentation>
              <ccts:Name>Container Size Type_ Code List. Agency Name. Text</ccts:Name>
              <ccts:Definition/>
              <ccts:PrimitiveType>String</ccts:PrimitiveType>
            </xsd:documentation>
          </xsd:annotation>
        </xsd:attribute>
        <xsd:attribute name="listName" type="xsd:string" default="Container Size Type" use="optional">
          <xsd:annotation>
            <xsd:documentation>
              <ccts:Name>Container Size Type_ Code List. Name. Text</ccts:Name>
              <ccts:Definition/>
              <ccts:PrimitiveType>String</ccts:PrimitiveType>
            </xsd:documentation>
          </xsd:annotation>
        </xsd:attribute>
        <xsd:attribute name="listVersionID" type="xsd:normalizedString" default="1995" use="optional">
          <xsd:annotation>
            <xsd:documentation>
              <ccts:Name>Container Size Type_ Code List. Version. Identifier</ccts:Name>
              <ccts:Definition/>
              <ccts:PrimitiveType>String</ccts:PrimitiveType>
            </xsd:documentation>
          </xsd:annotation>
        </xsd:attribute>
        <xsd:attribute name="name" type="xsd:string" use="optional">
          <xsd:annotation>
            <xsd:documentation>
              <ccts:Name>Container Size Type_ Code. Name. Text</ccts:Name>
              <ccts:Definition/>
              <ccts:PrimitiveType>String</ccts:PrimitiveType>
            </xsd:documentation>
          </xsd:annotation>
        </xsd:attribute>
        <xsd:attribute name="languageID" type="xsd:language" default="en" use="optional">
          <xsd:annotation>
            <xsd:documentation>
              <ccts:Name>Container Size Type_ Language. Identifier</ccts:Name>
              <ccts:Definition/>
              <ccts:PrimitiveType>String</ccts:PrimitiveType>
            </xsd:documentation>
          </xsd:annotation>
        </xsd:attribute>
        <xsd:attribute name="listURI" type="xsd:anyURI" default="http://docs.oasis-open.org/ubl/os-ubl-2.0/cl/gc/special-purpose/ContainerSizeTypeCode-2.0.gc" use="optional">
          <xsd:annotation>
            <xsd:documentation>
              <ccts:Name>Container Size Type_ Code List. Uniform Resource. Identifier</ccts:Name>
              <ccts:Definition/>
              <ccts:PrimitiveType>String</ccts:PrimitiveType>
            </xsd:documentation>
          </xsd:annotation>
        </xsd:attribute>
        <xsd:attribute name="listSchemeURI" type="xsd:anyURI" default="urn:oasis:names:specification:ubl:codelist:gc:ContainerSizeTypeCode-2.0" use="optional">
          <xsd:annotation>
            <xsd:documentation>
              <ccts:Name>Container Size Type_ Code List Scheme. Uniform Resource. Identifier</ccts:Name>
              <ccts:Definition/>
              <ccts:PrimitiveType>String</ccts:PrimitiveType>
            </xsd:documentation>
          </xsd:annotation>
        </xsd:attribute>
      </xsd:restriction>
    </xsd:simpleContent>
  </xsd:complexType>
  <xsd:complexType name="CountryIdentificationCodeType">
    <xsd:annotation>
      <xsd:documentation>
        <ccts:Component>
          <ccts:DictionaryEntryName>Country Identification_ Code. Type</ccts:DictionaryEntryName>
          <ccts:Version>2.0</ccts:Version>
          <ccts:Definition>The set of countries of the world.</ccts:Definition>
          <ccts:RepresentationTerm>Code</ccts:RepresentationTerm>
          <ccts:QualifierTerm>Country Identification</ccts:QualifierTerm>
          <ccts:UniqueID/>
          <ccts:UsageRule>Derived from the ISO 3166-1-alpha-2 code elements used under the terms of the ISO policy stated at http://www.iso.org/iso/en/commcentre/pressreleases/2003/Ref871.html.</ccts:UsageRule>
        </ccts:Component>
      </xsd:documentation>
    </xsd:annotation>
    <xsd:simpleContent>
      <xsd:restriction base="udt:CodeType">
        <xsd:attribute name="listID" type="xsd:normalizedString" default="ISO3166-1" use="optional">
          <xsd:annotation>
            <xsd:documentation>
              <ccts:Name>Country Identification_ Code List. Identifier</ccts:Name>
              <ccts:Definition/>
              <ccts:PrimitiveType>String</ccts:PrimitiveType>
            </xsd:documentation>
          </xsd:annotation>
        </xsd:attribute>
        <xsd:attribute name="listAgencyID" type="xsd:normalizedString" default="6" use="optional">
          <xsd:annotation>
            <xsd:documentation>
              <ccts:Name>Country Identification_ Code List. Agency. Identifier</ccts:Name>
              <ccts:Definition>Defaults to the UN/ECE rec 3 (Code for the Representation of Names of Countries)</ccts:Definition>
              <ccts:PrimitiveType>String</ccts:PrimitiveType>
            </xsd:documentation>
          </xsd:annotation>
        </xsd:attribute>
        <xsd:attribute name="listAgencyName" type="xsd:string" default="United Nations Economic Commission for Europe" use="optional">
          <xsd:annotation>
            <xsd:documentation>
              <ccts:Name>Country Identification_ Code List. Agency Name. Text</ccts:Name>
              <ccts:Definition/>
              <ccts:PrimitiveType>String</ccts:PrimitiveType>
            </xsd:documentation>
          </xsd:annotation>
        </xsd:attribute>
        <xsd:attribute name="listName" type="xsd:string" default="Country" use="optional">
          <xsd:annotation>
            <xsd:documentation>
              <ccts:Name>Country Identification_ Code List. Name. Text</ccts:Name>
              <ccts:Definition/>
              <ccts:PrimitiveType>String</ccts:PrimitiveType>
            </xsd:documentation>
          </xsd:annotation>
        </xsd:attribute>
        <xsd:attribute name="listVersionID" type="xsd:normalizedString" default="0.3" use="optional">
          <xsd:annotation>
            <xsd:documentation>
              <ccts:Name>Country Identification_ Code List. Version. Identifier</ccts:Name>
              <ccts:Definition/>
              <ccts:PrimitiveType>String</ccts:PrimitiveType>
            </xsd:documentation>
          </xsd:annotation>
        </xsd:attribute>
        <xsd:attribute name="name" type="xsd:string" use="optional">
          <xsd:annotation>
            <xsd:documentation>
              <ccts:Name>Country Identification_ Code. Name. Text</ccts:Name>
              <ccts:Definition/>
              <ccts:PrimitiveType>String</ccts:PrimitiveType>
            </xsd:documentation>
          </xsd:annotation>
        </xsd:attribute>
        <xsd:attribute name="languageID" type="xsd:language" default="en" use="optional">
          <xsd:annotation>
            <xsd:documentation>
              <ccts:Name>Country Identification_ Language. Identifier</ccts:Name>
              <ccts:Definition/>
              <ccts:PrimitiveType>String</ccts:PrimitiveType>
            </xsd:documentation>
          </xsd:annotation>
        </xsd:attribute>
        <xsd:attribute name="listURI" type="xsd:anyURI" default="http://docs.oasis-open.org/ubl/os-ubl-2.0/cl/gc/default/CountryIdentificationCode-2.0.gc" use="optional">
          <xsd:annotation>
            <xsd:documentation>
              <ccts:Name>Country Identification_ Code List. Uniform Resource. Identifier</ccts:Name>
              <ccts:Definition/>
              <ccts:PrimitiveType>String</ccts:PrimitiveType>
            </xsd:documentation>
          </xsd:annotation>
        </xsd:attribute>
        <xsd:attribute name="listSchemeURI" type="xsd:anyURI" default="urn:oasis:names:specification:ubl:codelist:gc:CountryIdentificationCode-2.0" use="optional">
          <xsd:annotation>
            <xsd:documentation>
              <ccts:Name>Country Identification_ Code List Scheme. Uniform Resource. Identifier</ccts:Name>
              <ccts:Definition/>
              <ccts:PrimitiveType>String</ccts:PrimitiveType>
            </xsd:documentation>
          </xsd:annotation>
        </xsd:attribute>
      </xsd:restriction>
    </xsd:simpleContent>
  </xsd:complexType>
  <xsd:complexType name="CurrencyCodeType">
    <xsd:annotation>
      <xsd:documentation>
        <ccts:Component>
          <ccts:DictionaryEntryName>Currency_ Code. Type</ccts:DictionaryEntryName>
          <ccts:Version>2.0</ccts:Version>
          <ccts:Definition>The set of world currencies.</ccts:Definition>
          <ccts:RepresentationTerm>Code</ccts:RepresentationTerm>
          <ccts:QualifierTerm>Currency</ccts:QualifierTerm>
          <ccts:UniqueID/>
          <ccts:UsageRule>Derived from the ISO 4217 currency code list and used under the terms of the ISO policy stated at 
http://www.iso.org/iso/en/commcentre/pressreleases/2003/Ref871.html</ccts:UsageRule>
        </ccts:Component>
      </xsd:documentation>
    </xsd:annotation>
    <xsd:simpleContent>
      <xsd:restriction base="udt:CodeType">
        <xsd:attribute name="listID" type="xsd:normalizedString" default="ISO 4217 Alpha" use="optional">
          <xsd:annotation>
            <xsd:documentation>
              <ccts:Name>Currency_ Code List. Identifier</ccts:Name>
              <ccts:Definition/>
              <ccts:PrimitiveType>String</ccts:PrimitiveType>
            </xsd:documentation>
          </xsd:annotation>
        </xsd:attribute>
        <xsd:attribute name="listAgencyID" type="xsd:normalizedString" default="6" use="optional">
          <xsd:annotation>
            <xsd:documentation>
              <ccts:Name>Currency_ Code List. Agency. Identifier</ccts:Name>
              <ccts:Definition>Defaults to the UN/EDIFACT data element 3055 code list.</ccts:Definition>
              <ccts:PrimitiveType>String</ccts:PrimitiveType>
            </xsd:documentation>
          </xsd:annotation>
        </xsd:attribute>
        <xsd:attribute name="listAgencyName" type="xsd:string" default="United Nations Economic Commission for Europe" use="optional">
          <xsd:annotation>
            <xsd:documentation>
              <ccts:Name>Currency_ Code List. Agency Name. Text</ccts:Name>
              <ccts:Definition/>
              <ccts:PrimitiveType>String</ccts:PrimitiveType>
            </xsd:documentation>
          </xsd:annotation>
        </xsd:attribute>
        <xsd:attribute name="listName" type="xsd:string" default="Currency" use="optional">
          <xsd:annotation>
            <xsd:documentation>
              <ccts:Name>Currency_ Code List. Name. Text</ccts:Name>
              <ccts:Definition/>
              <ccts:PrimitiveType>String</ccts:PrimitiveType>
            </xsd:documentation>
          </xsd:annotation>
        </xsd:attribute>
        <xsd:attribute name="listVersionID" type="xsd:normalizedString" default="2001" use="optional">
          <xsd:annotation>
            <xsd:documentation>
              <ccts:Name>Currency_ Code List. Version. Identifier</ccts:Name>
              <ccts:Definition/>
              <ccts:PrimitiveType>String</ccts:PrimitiveType>
            </xsd:documentation>
          </xsd:annotation>
        </xsd:attribute>
        <xsd:attribute name="name" type="xsd:string" use="optional">
          <xsd:annotation>
            <xsd:documentation>
              <ccts:Name>Currency_ Code. Name. Text</ccts:Name>
              <ccts:Definition/>
              <ccts:PrimitiveType>String</ccts:PrimitiveType>
            </xsd:documentation>
          </xsd:annotation>
        </xsd:attribute>
        <xsd:attribute name="languageID" type="xsd:language" default="en" use="optional">
          <xsd:annotation>
            <xsd:documentation>
              <ccts:Name>Currency_ Language. Identifier</ccts:Name>
              <ccts:Definition/>
              <ccts:PrimitiveType>String</ccts:PrimitiveType>
            </xsd:documentation>
          </xsd:annotation>
        </xsd:attribute>
        <xsd:attribute name="listURI" type="xsd:anyURI" default="http://docs.oasis-open.org/ubl/os-ubl-2.0/cl/gc/cefact/CurrencyCode-2.0.gc" use="optional">
          <xsd:annotation>
            <xsd:documentation>
              <ccts:Name>Currency_ Code List. Uniform Resource. Identifier</ccts:Name>
              <ccts:Definition/>
              <ccts:PrimitiveType>String</ccts:PrimitiveType>
            </xsd:documentation>
          </xsd:annotation>
        </xsd:attribute>
        <xsd:attribute name="listSchemeURI" type="xsd:anyURI" default="urn:un:unece:uncefact:codelist:specification:54217:2001" use="optional">
          <xsd:annotation>
            <xsd:documentation>
              <ccts:Name>Currency_ Code List Scheme. Uniform Resource. Identifier</ccts:Name>
              <ccts:Definition/>
              <ccts:PrimitiveType>String</ccts:PrimitiveType>
            </xsd:documentation>
          </xsd:annotation>
        </xsd:attribute>
      </xsd:restriction>
    </xsd:simpleContent>
  </xsd:complexType>
  <xsd:complexType name="DocumentStatusCodeType">
    <xsd:annotation>
      <xsd:documentation>
        <ccts:Component>
          <ccts:DictionaryEntryName>Document Status_ Code. Type</ccts:DictionaryEntryName>
          <ccts:Version>2.0</ccts:Version>
          <ccts:Definition>The set of possible statuses of a document with regard to its original state.</ccts:Definition>
          <ccts:RepresentationTerm>Code</ccts:RepresentationTerm>
          <ccts:QualifierTerm>Document Status</ccts:QualifierTerm>
          <ccts:UniqueID/>
        </ccts:Component>
      </xsd:documentation>
    </xsd:annotation>
    <xsd:simpleContent>
      <xsd:restriction base="udt:CodeType">
        <xsd:attribute name="listID" type="xsd:normalizedString" default="Document Status" use="optional">
          <xsd:annotation>
            <xsd:documentation>
              <ccts:Name>Document Status_ Code List. Identifier</ccts:Name>
              <ccts:Definition/>
              <ccts:PrimitiveType>String</ccts:PrimitiveType>
            </xsd:documentation>
          </xsd:annotation>
        </xsd:attribute>
        <xsd:attribute name="listAgencyID" type="xsd:normalizedString" default="UBL" use="optional">
          <xsd:annotation>
            <xsd:documentation>
              <ccts:Name>Document Status_ Code List. Agency. Identifier</ccts:Name>
              <ccts:Definition/>
              <ccts:PrimitiveType>String</ccts:PrimitiveType>
            </xsd:documentation>
          </xsd:annotation>
        </xsd:attribute>
        <xsd:attribute name="listAgencyName" type="xsd:string" default="OASIS Universal Business Language" use="optional">
          <xsd:annotation>
            <xsd:documentation>
              <ccts:Name>Document Status_ Code List. Agency Name. Text</ccts:Name>
              <ccts:Definition/>
              <ccts:PrimitiveType>String</ccts:PrimitiveType>
            </xsd:documentation>
          </xsd:annotation>
        </xsd:attribute>
        <xsd:attribute name="listName" type="xsd:string" default="Document Status" use="optional">
          <xsd:annotation>
            <xsd:documentation>
              <ccts:Name>Document Status_ Code List. Name. Text</ccts:Name>
              <ccts:Definition/>
              <ccts:PrimitiveType>String</ccts:PrimitiveType>
            </xsd:documentation>
          </xsd:annotation>
        </xsd:attribute>
        <xsd:attribute name="listVersionID" type="xsd:normalizedString" default="2.0" use="optional">
          <xsd:annotation>
            <xsd:documentation>
              <ccts:Name>Document Status_ Code List. Version. Identifier</ccts:Name>
              <ccts:Definition/>
              <ccts:PrimitiveType>String</ccts:PrimitiveType>
            </xsd:documentation>
          </xsd:annotation>
        </xsd:attribute>
        <xsd:attribute name="name" type="xsd:string" use="optional">
          <xsd:annotation>
            <xsd:documentation>
              <ccts:Name>Document Status_ Code. Name. Text</ccts:Name>
              <ccts:Definition/>
              <ccts:PrimitiveType>String</ccts:PrimitiveType>
            </xsd:documentation>
          </xsd:annotation>
        </xsd:attribute>
        <xsd:attribute name="languageID" type="xsd:language" default="en" use="optional">
          <xsd:annotation>
            <xsd:documentation>
              <ccts:Name>Document Status_ Language. Identifier</ccts:Name>
              <ccts:Definition/>
              <ccts:PrimitiveType>String</ccts:PrimitiveType>
            </xsd:documentation>
          </xsd:annotation>
        </xsd:attribute>
        <xsd:attribute name="listURI" type="xsd:anyURI" default="http://docs.oasis-open.org/ubl/os-ubl-2.0/cl/gc/default/DocumentStatusCode-2.0.gc" use="optional">
          <xsd:annotation>
            <xsd:documentation>
              <ccts:Name>Document Status_ Code List. Uniform Resource. Identifier</ccts:Name>
              <ccts:Definition/>
              <ccts:PrimitiveType>String</ccts:PrimitiveType>
            </xsd:documentation>
          </xsd:annotation>
        </xsd:attribute>
        <xsd:attribute name="listSchemeURI" type="xsd:anyURI" default="urn:oasis:names:specification:ubl:codelist:gc:DocumentStatusCode-2.0" use="optional">
          <xsd:annotation>
            <xsd:documentation>
              <ccts:Name>Document Status_ Code List Scheme. Uniform Resource. Identifier</ccts:Name>
              <ccts:Definition/>
              <ccts:PrimitiveType>String</ccts:PrimitiveType>
            </xsd:documentation>
          </xsd:annotation>
        </xsd:attribute>
      </xsd:restriction>
    </xsd:simpleContent>
  </xsd:complexType>
  <xsd:complexType name="LatitudeDirectionCodeType">
    <xsd:annotation>
      <xsd:documentation>
        <ccts:Component>
          <ccts:DictionaryEntryName>Latitude Direction_ Code. Type</ccts:DictionaryEntryName>
          <ccts:Version>2.0</ccts:Version>
          <ccts:Definition>The possible directions of latitude</ccts:Definition>
          <ccts:RepresentationTerm>Code</ccts:RepresentationTerm>
          <ccts:QualifierTerm>Latitude Direction</ccts:QualifierTerm>
          <ccts:UniqueID/>
        </ccts:Component>
      </xsd:documentation>
    </xsd:annotation>
    <xsd:simpleContent>
      <xsd:restriction base="udt:CodeType">
        <xsd:attribute name="listID" type="xsd:normalizedString" default="Latitude Direction" use="optional">
          <xsd:annotation>
            <xsd:documentation>
              <ccts:Name>Latitude Direction_ Code List. Identifier</ccts:Name>
              <ccts:Definition/>
              <ccts:PrimitiveType>String</ccts:PrimitiveType>
            </xsd:documentation>
          </xsd:annotation>
        </xsd:attribute>
        <xsd:attribute name="listAgencyID" type="xsd:normalizedString" default="UBL" use="optional">
          <xsd:annotation>
            <xsd:documentation>
              <ccts:Name>Latitude Direction_ Code List. Agency. Identifier</ccts:Name>
              <ccts:Definition/>
              <ccts:PrimitiveType>String</ccts:PrimitiveType>
            </xsd:documentation>
          </xsd:annotation>
        </xsd:attribute>
        <xsd:attribute name="listAgencyName" type="xsd:string" default="OASIS Universal Business Language" use="optional">
          <xsd:annotation>
            <xsd:documentation>
              <ccts:Name>Latitude Direction_ Code List. Agency Name. Text</ccts:Name>
              <ccts:Definition/>
              <ccts:PrimitiveType>String</ccts:PrimitiveType>
            </xsd:documentation>
          </xsd:annotation>
        </xsd:attribute>
        <xsd:attribute name="listName" type="xsd:string" default="Latitude Direction" use="optional">
          <xsd:annotation>
            <xsd:documentation>
              <ccts:Name>Latitude Direction_ Code List. Name. Text</ccts:Name>
              <ccts:Definition/>
              <ccts:PrimitiveType>String</ccts:PrimitiveType>
            </xsd:documentation>
          </xsd:annotation>
        </xsd:attribute>
        <xsd:attribute name="listVersionID" type="xsd:normalizedString" default="2.0" use="optional">
          <xsd:annotation>
            <xsd:documentation>
              <ccts:Name>Latitude Direction_ Code List. Version. Identifier</ccts:Name>
              <ccts:Definition/>
              <ccts:PrimitiveType>String</ccts:PrimitiveType>
            </xsd:documentation>
          </xsd:annotation>
        </xsd:attribute>
        <xsd:attribute name="name" type="xsd:string" use="optional">
          <xsd:annotation>
            <xsd:documentation>
              <ccts:Name>Latitude Direction_ Code. Name. Text</ccts:Name>
              <ccts:Definition/>
              <ccts:PrimitiveType>String</ccts:PrimitiveType>
            </xsd:documentation>
          </xsd:annotation>
        </xsd:attribute>
        <xsd:attribute name="languageID" type="xsd:language" default="en" use="optional">
          <xsd:annotation>
            <xsd:documentation>
              <ccts:Name>Latitude Direction_ Language. Identifier</ccts:Name>
              <ccts:Definition/>
              <ccts:PrimitiveType>String</ccts:PrimitiveType>
            </xsd:documentation>
          </xsd:annotation>
        </xsd:attribute>
        <xsd:attribute name="listURI" type="xsd:anyURI" default="http://docs.oasis-open.org/ubl/os-ubl-2.0/cl/gc/default/LatitudeDirectionCode-2.0.gc" use="optional">
          <xsd:annotation>
            <xsd:documentation>
              <ccts:Name>Latitude Direction_ Code List. Uniform Resource. Identifier</ccts:Name>
              <ccts:Definition/>
              <ccts:PrimitiveType>String</ccts:PrimitiveType>
            </xsd:documentation>
          </xsd:annotation>
        </xsd:attribute>
        <xsd:attribute name="listSchemeURI" type="xsd:anyURI" default="urn:oasis:names:specification:ubl:codelist:gc:LatitudeDirectionCode-2.0" use="optional">
          <xsd:annotation>
            <xsd:documentation>
              <ccts:Name>Latitude Direction_ Code List Scheme. Uniform Resource. Identifier</ccts:Name>
              <ccts:Definition/>
              <ccts:PrimitiveType>String</ccts:PrimitiveType>
            </xsd:documentation>
          </xsd:annotation>
        </xsd:attribute>
      </xsd:restriction>
    </xsd:simpleContent>
  </xsd:complexType>
  <xsd:complexType name="LineStatusCodeType">
    <xsd:annotation>
      <xsd:documentation>
        <ccts:Component>
          <ccts:DictionaryEntryName>Line Status_ Code. Type</ccts:DictionaryEntryName>
          <ccts:Version>2.0</ccts:Version>
          <ccts:Definition>The set of possible statuses of a line in a transaction with regard to its original state.</ccts:Definition>
          <ccts:RepresentationTerm>Code</ccts:RepresentationTerm>
          <ccts:QualifierTerm>Line Status</ccts:QualifierTerm>
          <ccts:UniqueID/>
        </ccts:Component>
      </xsd:documentation>
    </xsd:annotation>
    <xsd:simpleContent>
      <xsd:restriction base="udt:CodeType">
        <xsd:attribute name="listID" type="xsd:normalizedString" default="Line Status" use="optional">
          <xsd:annotation>
            <xsd:documentation>
              <ccts:Name>Line Status_ Code List. Identifier</ccts:Name>
              <ccts:Definition/>
              <ccts:PrimitiveType>String</ccts:PrimitiveType>
            </xsd:documentation>
          </xsd:annotation>
        </xsd:attribute>
        <xsd:attribute name="listAgencyID" type="xsd:normalizedString" default="UBL" use="optional">
          <xsd:annotation>
            <xsd:documentation>
              <ccts:Name>Line Status_ Code List. Agency. Identifier</ccts:Name>
              <ccts:Definition/>
              <ccts:PrimitiveType>String</ccts:PrimitiveType>
            </xsd:documentation>
          </xsd:annotation>
        </xsd:attribute>
        <xsd:attribute name="listAgencyName" type="xsd:string" default="OASIS Universal Business Language" use="optional">
          <xsd:annotation>
            <xsd:documentation>
              <ccts:Name>Line Status_ Code List. Agency Name. Text</ccts:Name>
              <ccts:Definition/>
              <ccts:PrimitiveType>String</ccts:PrimitiveType>
            </xsd:documentation>
          </xsd:annotation>
        </xsd:attribute>
        <xsd:attribute name="listName" type="xsd:string" default="Line Status" use="optional">
          <xsd:annotation>
            <xsd:documentation>
              <ccts:Name>Line Status_ Code List. Name. Text</ccts:Name>
              <ccts:Definition/>
              <ccts:PrimitiveType>String</ccts:PrimitiveType>
            </xsd:documentation>
          </xsd:annotation>
        </xsd:attribute>
        <xsd:attribute name="listVersionID" type="xsd:normalizedString" default="2.0" use="optional">
          <xsd:annotation>
            <xsd:documentation>
              <ccts:Name>Line Status_ Code List. Version. Identifier</ccts:Name>
              <ccts:Definition/>
              <ccts:PrimitiveType>String</ccts:PrimitiveType>
            </xsd:documentation>
          </xsd:annotation>
        </xsd:attribute>
        <xsd:attribute name="name" type="xsd:string" use="optional">
          <xsd:annotation>
            <xsd:documentation>
              <ccts:Name>Line Status_ Code. Name. Text</ccts:Name>
              <ccts:Definition/>
              <ccts:PrimitiveType>String</ccts:PrimitiveType>
            </xsd:documentation>
          </xsd:annotation>
        </xsd:attribute>
        <xsd:attribute name="languageID" type="xsd:language" default="en" use="optional">
          <xsd:annotation>
            <xsd:documentation>
              <ccts:Name>Line Status_ Language. Identifier</ccts:Name>
              <ccts:Definition/>
              <ccts:PrimitiveType>String</ccts:PrimitiveType>
            </xsd:documentation>
          </xsd:annotation>
        </xsd:attribute>
        <xsd:attribute name="listURI" type="xsd:anyURI" default="http://docs.oasis-open.org/ubl/os-ubl-2.0/cl/gc/default/LineStatusCode-2.0.gc" use="optional">
          <xsd:annotation>
            <xsd:documentation>
              <ccts:Name>Line Status_ Code List. Uniform Resource. Identifier</ccts:Name>
              <ccts:Definition/>
              <ccts:PrimitiveType>String</ccts:PrimitiveType>
            </xsd:documentation>
          </xsd:annotation>
        </xsd:attribute>
        <xsd:attribute name="listSchemeURI" type="xsd:anyURI" default="urn:oasis:names:specification:ubl:codelist:gc:LineStatusCode-2.0" use="optional">
          <xsd:annotation>
            <xsd:documentation>
              <ccts:Name>Line Status_ Code List Scheme. Uniform Resource. Identifier</ccts:Name>
              <ccts:Definition/>
              <ccts:PrimitiveType>String</ccts:PrimitiveType>
            </xsd:documentation>
          </xsd:annotation>
        </xsd:attribute>
      </xsd:restriction>
    </xsd:simpleContent>
  </xsd:complexType>
  <xsd:complexType name="LongitudeDirectionCodeType">
    <xsd:annotation>
      <xsd:documentation>
        <ccts:Component>
          <ccts:DictionaryEntryName>Longitude Direction_ Code. Type</ccts:DictionaryEntryName>
          <ccts:Version>2.0</ccts:Version>
          <ccts:Definition>The possible directions of longitude</ccts:Definition>
          <ccts:RepresentationTerm>Code</ccts:RepresentationTerm>
          <ccts:QualifierTerm>Longitude Direction</ccts:QualifierTerm>
          <ccts:UniqueID/>
        </ccts:Component>
      </xsd:documentation>
    </xsd:annotation>
    <xsd:simpleContent>
      <xsd:restriction base="udt:CodeType">
        <xsd:attribute name="listID" type="xsd:normalizedString" default="Longitude Direction" use="optional">
          <xsd:annotation>
            <xsd:documentation>
              <ccts:Name>Longitude Direction_ Code List. Identifier</ccts:Name>
              <ccts:Definition/>
              <ccts:PrimitiveType>String</ccts:PrimitiveType>
            </xsd:documentation>
          </xsd:annotation>
        </xsd:attribute>
        <xsd:attribute name="listAgencyID" type="xsd:normalizedString" default="UBL" use="optional">
          <xsd:annotation>
            <xsd:documentation>
              <ccts:Name>Longitude Direction_ Code List. Agency. Identifier</ccts:Name>
              <ccts:Definition/>
              <ccts:PrimitiveType>String</ccts:PrimitiveType>
            </xsd:documentation>
          </xsd:annotation>
        </xsd:attribute>
        <xsd:attribute name="listAgencyName" type="xsd:string" default="OASIS Universal Business Language" use="optional">
          <xsd:annotation>
            <xsd:documentation>
              <ccts:Name>Longitude Direction_ Code List. Agency Name. Text</ccts:Name>
              <ccts:Definition/>
              <ccts:PrimitiveType>String</ccts:PrimitiveType>
            </xsd:documentation>
          </xsd:annotation>
        </xsd:attribute>
        <xsd:attribute name="listName" type="xsd:string" default="Longitude Direction" use="optional">
          <xsd:annotation>
            <xsd:documentation>
              <ccts:Name>Longitude Direction_ Code List. Name. Text</ccts:Name>
              <ccts:Definition/>
              <ccts:PrimitiveType>String</ccts:PrimitiveType>
            </xsd:documentation>
          </xsd:annotation>
        </xsd:attribute>
        <xsd:attribute name="listVersionID" type="xsd:normalizedString" default="2.0" use="optional">
          <xsd:annotation>
            <xsd:documentation>
              <ccts:Name>Longitude Direction_ Code List. Version. Identifier</ccts:Name>
              <ccts:Definition/>
              <ccts:PrimitiveType>String</ccts:PrimitiveType>
            </xsd:documentation>
          </xsd:annotation>
        </xsd:attribute>
        <xsd:attribute name="name" type="xsd:string" use="optional">
          <xsd:annotation>
            <xsd:documentation>
              <ccts:Name>Longitude Direction_ Code. Name. Text</ccts:Name>
              <ccts:Definition/>
              <ccts:PrimitiveType>String</ccts:PrimitiveType>
            </xsd:documentation>
          </xsd:annotation>
        </xsd:attribute>
        <xsd:attribute name="languageID" type="xsd:language" default="en" use="optional">
          <xsd:annotation>
            <xsd:documentation>
              <ccts:Name>Longitude Direction_ Language. Identifier</ccts:Name>
              <ccts:Definition/>
              <ccts:PrimitiveType>String</ccts:PrimitiveType>
            </xsd:documentation>
          </xsd:annotation>
        </xsd:attribute>
        <xsd:attribute name="listURI" type="xsd:anyURI" default="http://docs.oasis-open.org/ubl/os-ubl-2.0/cl/gc/default/LongitudeDirectionCode-2.0.gc" use="optional">
          <xsd:annotation>
            <xsd:documentation>
              <ccts:Name>Longitude Direction_ Code List. Uniform Resource. Identifier</ccts:Name>
              <ccts:Definition/>
              <ccts:PrimitiveType>String</ccts:PrimitiveType>
            </xsd:documentation>
          </xsd:annotation>
        </xsd:attribute>
        <xsd:attribute name="listSchemeURI" type="xsd:anyURI" default="urn:oasis:names:specification:ubl:codelist:gc:LongitudeDirectionCode-2.0" use="optional">
          <xsd:annotation>
            <xsd:documentation>
              <ccts:Name>Longitude Direction_ Code List Scheme. Uniform Resource. Identifier</ccts:Name>
              <ccts:Definition/>
              <ccts:PrimitiveType>String</ccts:PrimitiveType>
            </xsd:documentation>
          </xsd:annotation>
        </xsd:attribute>
      </xsd:restriction>
    </xsd:simpleContent>
  </xsd:complexType>
  <xsd:complexType name="OperatorCodeType">
    <xsd:annotation>
      <xsd:documentation>
        <ccts:Component>
          <ccts:DictionaryEntryName>Operator_ Code. Type</ccts:DictionaryEntryName>
          <ccts:Version>2.0</ccts:Version>
          <ccts:Definition>The set of valid arithmetic operators</ccts:Definition>
          <ccts:RepresentationTerm>Code</ccts:RepresentationTerm>
          <ccts:QualifierTerm>Operator</ccts:QualifierTerm>
          <ccts:UniqueID/>
        </ccts:Component>
      </xsd:documentation>
    </xsd:annotation>
    <xsd:simpleContent>
      <xsd:restriction base="udt:CodeType">
        <xsd:attribute name="listID" type="xsd:normalizedString" default="Operator" use="optional">
          <xsd:annotation>
            <xsd:documentation>
              <ccts:Name>Operator_ Code List. Identifier</ccts:Name>
              <ccts:Definition/>
              <ccts:PrimitiveType>String</ccts:PrimitiveType>
            </xsd:documentation>
          </xsd:annotation>
        </xsd:attribute>
        <xsd:attribute name="listAgencyID" type="xsd:normalizedString" default="UBL" use="optional">
          <xsd:annotation>
            <xsd:documentation>
              <ccts:Name>Operator_ Code List. Agency. Identifier</ccts:Name>
              <ccts:Definition/>
              <ccts:PrimitiveType>String</ccts:PrimitiveType>
            </xsd:documentation>
          </xsd:annotation>
        </xsd:attribute>
        <xsd:attribute name="listAgencyName" type="xsd:string" default="OASIS Universal Business Language" use="optional">
          <xsd:annotation>
            <xsd:documentation>
              <ccts:Name>Operator_ Code List. Agency Name. Text</ccts:Name>
              <ccts:Definition/>
              <ccts:PrimitiveType>String</ccts:PrimitiveType>
            </xsd:documentation>
          </xsd:annotation>
        </xsd:attribute>
        <xsd:attribute name="listName" type="xsd:string" default="Operator" use="optional">
          <xsd:annotation>
            <xsd:documentation>
              <ccts:Name>Operator_ Code List. Name. Text</ccts:Name>
              <ccts:Definition/>
              <ccts:PrimitiveType>String</ccts:PrimitiveType>
            </xsd:documentation>
          </xsd:annotation>
        </xsd:attribute>
        <xsd:attribute name="listVersionID" type="xsd:normalizedString" default="2.0" use="optional">
          <xsd:annotation>
            <xsd:documentation>
              <ccts:Name>Operator_ Code List. Version. Identifier</ccts:Name>
              <ccts:Definition/>
              <ccts:PrimitiveType>String</ccts:PrimitiveType>
            </xsd:documentation>
          </xsd:annotation>
        </xsd:attribute>
        <xsd:attribute name="name" type="xsd:string" use="optional">
          <xsd:annotation>
            <xsd:documentation>
              <ccts:Name>Operator_ Code. Name. Text</ccts:Name>
              <ccts:Definition/>
              <ccts:PrimitiveType>String</ccts:PrimitiveType>
            </xsd:documentation>
          </xsd:annotation>
        </xsd:attribute>
        <xsd:attribute name="languageID" type="xsd:language" default="en" use="optional">
          <xsd:annotation>
            <xsd:documentation>
              <ccts:Name>Operator_ Language. Identifier</ccts:Name>
              <ccts:Definition/>
              <ccts:PrimitiveType>String</ccts:PrimitiveType>
            </xsd:documentation>
          </xsd:annotation>
        </xsd:attribute>
        <xsd:attribute name="listURI" type="xsd:anyURI" default="http://docs.oasis-open.org/ubl/os-ubl-2.0/cl/gc/default/OperatorCode-2.0.gc" use="optional">
          <xsd:annotation>
            <xsd:documentation>
              <ccts:Name>Operator_ Code List. Uniform Resource. Identifier</ccts:Name>
              <ccts:Definition/>
              <ccts:PrimitiveType>String</ccts:PrimitiveType>
            </xsd:documentation>
          </xsd:annotation>
        </xsd:attribute>
        <xsd:attribute name="listSchemeURI" type="xsd:anyURI" default="urn:oasis:names:specification:ubl:codelist:gc:OperatorCode-2.0" use="optional">
          <xsd:annotation>
            <xsd:documentation>
              <ccts:Name>Operator_ Code List Scheme. Uniform Resource. Identifier</ccts:Name>
              <ccts:Definition/>
              <ccts:PrimitiveType>String</ccts:PrimitiveType>
            </xsd:documentation>
          </xsd:annotation>
        </xsd:attribute>
      </xsd:restriction>
    </xsd:simpleContent>
  </xsd:complexType>
  <xsd:complexType name="PackagingTypeCodeType">
    <xsd:annotation>
      <xsd:documentation>
        <ccts:Component>
          <ccts:DictionaryEntryName>Packaging Type_ Code. Type</ccts:DictionaryEntryName>
          <ccts:Version>2.0</ccts:Version>
          <ccts:Definition>The set of code values for Passengers, Types of Cargo, Packages and Packaging Materials (with Complementary Codes for Package Names)</ccts:Definition>
          <ccts:RepresentationTerm>Code</ccts:RepresentationTerm>
          <ccts:QualifierTerm>Packaging Type</ccts:QualifierTerm>
          <ccts:UniqueID/>
        </ccts:Component>
      </xsd:documentation>
    </xsd:annotation>
    <xsd:simpleContent>
      <xsd:restriction base="udt:CodeType">
        <xsd:attribute name="listID" type="xsd:normalizedString" default="UN/ECE rec 21" use="optional">
          <xsd:annotation>
            <xsd:documentation>
              <ccts:Name>Packaging Type_ Code List. Identifier</ccts:Name>
              <ccts:Definition/>
              <ccts:PrimitiveType>String</ccts:PrimitiveType>
            </xsd:documentation>
          </xsd:annotation>
        </xsd:attribute>
        <xsd:attribute name="listAgencyID" type="xsd:normalizedString" default="6" use="optional">
          <xsd:annotation>
            <xsd:documentation>
              <ccts:Name>Packaging Type_ Code List. Agency. Identifier</ccts:Name>
              <ccts:Definition/>
              <ccts:PrimitiveType>String</ccts:PrimitiveType>
            </xsd:documentation>
          </xsd:annotation>
        </xsd:attribute>
        <xsd:attribute name="listAgencyName" type="xsd:string" default="United Nations Economic Commission for Europe" use="optional">
          <xsd:annotation>
            <xsd:documentation>
              <ccts:Name>Packaging Type_ Code List. Agency Name. Text</ccts:Name>
              <ccts:Definition/>
              <ccts:PrimitiveType>String</ccts:PrimitiveType>
            </xsd:documentation>
          </xsd:annotation>
        </xsd:attribute>
        <xsd:attribute name="listName" type="xsd:string" default="Packaging Type" use="optional">
          <xsd:annotation>
            <xsd:documentation>
              <ccts:Name>Packaging Type_ Code List. Name. Text</ccts:Name>
              <ccts:Definition/>
              <ccts:PrimitiveType>String</ccts:PrimitiveType>
            </xsd:documentation>
          </xsd:annotation>
        </xsd:attribute>
        <xsd:attribute name="listVersionID" type="xsd:normalizedString" default="Revision 5" use="optional">
          <xsd:annotation>
            <xsd:documentation>
              <ccts:Name>Packaging Type_ Code List. Version. Identifier</ccts:Name>
              <ccts:Definition/>
              <ccts:PrimitiveType>String</ccts:PrimitiveType>
            </xsd:documentation>
          </xsd:annotation>
        </xsd:attribute>
        <xsd:attribute name="name" type="xsd:string" use="optional">
          <xsd:annotation>
            <xsd:documentation>
              <ccts:Name>Packaging Type_ Code. Name. Text</ccts:Name>
              <ccts:Definition/>
              <ccts:PrimitiveType>String</ccts:PrimitiveType>
            </xsd:documentation>
          </xsd:annotation>
        </xsd:attribute>
        <xsd:attribute name="languageID" type="xsd:language" default="en" use="optional">
          <xsd:annotation>
            <xsd:documentation>
              <ccts:Name>Packaging Type_ Language. Identifier</ccts:Name>
              <ccts:Definition/>
              <ccts:PrimitiveType>String</ccts:PrimitiveType>
            </xsd:documentation>
          </xsd:annotation>
        </xsd:attribute>
        <xsd:attribute name="listURI" type="xsd:anyURI" default="http://docs.oasis-open.org/ubl/os-ubl-2.0/cl/gc/default/PackagingTypeCode-2.0.gc" use="optional">
          <xsd:annotation>
            <xsd:documentation>
              <ccts:Name>Packaging Type_ Code List. Uniform Resource. Identifier</ccts:Name>
              <ccts:Definition/>
              <ccts:PrimitiveType>String</ccts:PrimitiveType>
            </xsd:documentation>
          </xsd:annotation>
        </xsd:attribute>
        <xsd:attribute name="listSchemeURI" type="xsd:anyURI" default="urn:oasis:names:specification:ubl:codelist:gc:PackagingTypeCode-2.0" use="optional">
          <xsd:annotation>
            <xsd:documentation>
              <ccts:Name>Packaging Type_ Code List Scheme. Uniform Resource. Identifier</ccts:Name>
              <ccts:Definition/>
              <ccts:PrimitiveType>String</ccts:PrimitiveType>
            </xsd:documentation>
          </xsd:annotation>
        </xsd:attribute>
      </xsd:restriction>
    </xsd:simpleContent>
  </xsd:complexType>
  <xsd:complexType name="PaymentMeansCodeType">
    <xsd:annotation>
      <xsd:documentation>
        <ccts:Component>
          <ccts:DictionaryEntryName>Payment Means_ Code. Type</ccts:DictionaryEntryName>
          <ccts:Version>2.0</ccts:Version>
          <ccts:Definition>The set of valid means of paying the debt incurred.</ccts:Definition>
          <ccts:RepresentationTerm>Code</ccts:RepresentationTerm>
          <ccts:QualifierTerm>Payment Means</ccts:QualifierTerm>
          <ccts:UniqueID/>
          <ccts:UsageRule>Used under the terms of the UNECE  policy stated at http://www.unece.org/ece_legal.htm.</ccts:UsageRule>
        </ccts:Component>
      </xsd:documentation>
    </xsd:annotation>
    <xsd:simpleContent>
      <xsd:restriction base="udt:CodeType">
        <xsd:attribute name="listID" type="xsd:normalizedString" default="UN/ECE 4461" use="optional">
          <xsd:annotation>
            <xsd:documentation>
              <ccts:Name>Payment Means_ Code List. Identifier</ccts:Name>
              <ccts:Definition/>
              <ccts:PrimitiveType>String</ccts:PrimitiveType>
            </xsd:documentation>
          </xsd:annotation>
        </xsd:attribute>
        <xsd:attribute name="listAgencyID" type="xsd:normalizedString" default="6" use="optional">
          <xsd:annotation>
            <xsd:documentation>
              <ccts:Name>Payment Means_ Code List. Agency. Identifier</ccts:Name>
              <ccts:Definition>Defaults to the UN/EDIFACT data element 3055 code list.</ccts:Definition>
              <ccts:PrimitiveType>String</ccts:PrimitiveType>
            </xsd:documentation>
          </xsd:annotation>
        </xsd:attribute>
        <xsd:attribute name="listAgencyName" type="xsd:string" default="United Nations Economic Commission for Europe" use="optional">
          <xsd:annotation>
            <xsd:documentation>
              <ccts:Name>Payment Means_ Code List. Agency Name. Text</ccts:Name>
              <ccts:Definition/>
              <ccts:PrimitiveType>String</ccts:PrimitiveType>
            </xsd:documentation>
          </xsd:annotation>
        </xsd:attribute>
        <xsd:attribute name="listName" type="xsd:string" default="Payment Means" use="optional">
          <xsd:annotation>
            <xsd:documentation>
              <ccts:Name>Payment Means_ Code List. Name. Text</ccts:Name>
              <ccts:Definition/>
              <ccts:PrimitiveType>String</ccts:PrimitiveType>
            </xsd:documentation>
          </xsd:annotation>
        </xsd:attribute>
        <xsd:attribute name="listVersionID" type="xsd:normalizedString" default="D03A" use="optional">
          <xsd:annotation>
            <xsd:documentation>
              <ccts:Name>Payment Means_ Code List. Version. Identifier</ccts:Name>
              <ccts:Definition>Identifies the Directory of the UN/EDIFACT code list.</ccts:Definition>
              <ccts:PrimitiveType>String</ccts:PrimitiveType>
            </xsd:documentation>
          </xsd:annotation>
        </xsd:attribute>
        <xsd:attribute name="name" type="xsd:string" use="optional">
          <xsd:annotation>
            <xsd:documentation>
              <ccts:Name>Payment Means_ Code. Name. Text</ccts:Name>
              <ccts:Definition/>
              <ccts:PrimitiveType>String</ccts:PrimitiveType>
            </xsd:documentation>
          </xsd:annotation>
        </xsd:attribute>
        <xsd:attribute name="languageID" type="xsd:language" default="en" use="optional">
          <xsd:annotation>
            <xsd:documentation>
              <ccts:Name>Payment Means_ Language. Identifier</ccts:Name>
              <ccts:Definition/>
              <ccts:PrimitiveType>String</ccts:PrimitiveType>
            </xsd:documentation>
          </xsd:annotation>
        </xsd:attribute>
        <xsd:attribute name="listURI" type="xsd:anyURI" default="http://docs.oasis-open.org/ubl/os-ubl-2.0/cl/gc/default/PaymentMeansCode-2.0.gc" use="optional">
          <xsd:annotation>
            <xsd:documentation>
              <ccts:Name>Payment Means_ Code List. Uniform Resource. Identifier</ccts:Name>
              <ccts:Definition/>
              <ccts:PrimitiveType>String</ccts:PrimitiveType>
            </xsd:documentation>
          </xsd:annotation>
        </xsd:attribute>
        <xsd:attribute name="listSchemeURI" type="xsd:anyURI" default="urn:oasis:names:specification:ubl:codelist:gc:PaymentMeansCode-2.0" use="optional">
          <xsd:annotation>
            <xsd:documentation>
              <ccts:Name>Payment Means_ Code List Scheme. Uniform Resource. Identifier</ccts:Name>
              <ccts:Definition/>
              <ccts:PrimitiveType>String</ccts:PrimitiveType>
            </xsd:documentation>
          </xsd:annotation>
        </xsd:attribute>
      </xsd:restriction>
    </xsd:simpleContent>
  </xsd:complexType>
  <xsd:complexType name="PortCodeType">
    <xsd:annotation>
      <xsd:documentation>
        <ccts:Component>
          <ccts:DictionaryEntryName>Port_ Code. Type</ccts:DictionaryEntryName>
          <ccts:Version>2.0</ccts:Version>
          <ccts:Definition>The set of code values for Trade and Transport Locations</ccts:Definition>
          <ccts:RepresentationTerm>Code</ccts:RepresentationTerm>
          <ccts:QualifierTerm>Port</ccts:QualifierTerm>
          <ccts:UniqueID/>
        </ccts:Component>
      </xsd:documentation>
    </xsd:annotation>
    <xsd:simpleContent>
      <xsd:restriction base="udt:CodeType">
        <xsd:attribute name="listID" type="xsd:normalizedString" default="UN/ECE rec 16" use="optional">
          <xsd:annotation>
            <xsd:documentation>
              <ccts:Name>Port_ Code List. Identifier</ccts:Name>
              <ccts:Definition/>
              <ccts:PrimitiveType>String</ccts:PrimitiveType>
            </xsd:documentation>
          </xsd:annotation>
        </xsd:attribute>
        <xsd:attribute name="listAgencyID" type="xsd:normalizedString" default="6" use="optional">
          <xsd:annotation>
            <xsd:documentation>
              <ccts:Name>Port_ Code List. Agency. Identifier</ccts:Name>
              <ccts:Definition/>
              <ccts:PrimitiveType>String</ccts:PrimitiveType>
            </xsd:documentation>
          </xsd:annotation>
        </xsd:attribute>
        <xsd:attribute name="listAgencyName" type="xsd:string" default="United Nations Economic Commission for Europe" use="optional">
          <xsd:annotation>
            <xsd:documentation>
              <ccts:Name>Port_ Code List. Agency Name. Text</ccts:Name>
              <ccts:Definition/>
              <ccts:PrimitiveType>String</ccts:PrimitiveType>
            </xsd:documentation>
          </xsd:annotation>
        </xsd:attribute>
        <xsd:attribute name="listName" type="xsd:string" default="Port" use="optional">
          <xsd:annotation>
            <xsd:documentation>
              <ccts:Name>Port_ Code List. Name. Text</ccts:Name>
              <ccts:Definition/>
              <ccts:PrimitiveType>String</ccts:PrimitiveType>
            </xsd:documentation>
          </xsd:annotation>
        </xsd:attribute>
        <xsd:attribute name="listVersionID" type="xsd:normalizedString" default="Third Edition" use="optional">
          <xsd:annotation>
            <xsd:documentation>
              <ccts:Name>Port_ Code List. Version. Identifier</ccts:Name>
              <ccts:Definition/>
              <ccts:PrimitiveType>String</ccts:PrimitiveType>
            </xsd:documentation>
          </xsd:annotation>
        </xsd:attribute>
        <xsd:attribute name="name" type="xsd:string" use="optional">
          <xsd:annotation>
            <xsd:documentation>
              <ccts:Name>Port_ Code. Name. Text</ccts:Name>
              <ccts:Definition/>
              <ccts:PrimitiveType>String</ccts:PrimitiveType>
            </xsd:documentation>
          </xsd:annotation>
        </xsd:attribute>
        <xsd:attribute name="languageID" type="xsd:language" default="en" use="optional">
          <xsd:annotation>
            <xsd:documentation>
              <ccts:Name>Port_ Language. Identifier</ccts:Name>
              <ccts:Definition/>
              <ccts:PrimitiveType>String</ccts:PrimitiveType>
            </xsd:documentation>
          </xsd:annotation>
        </xsd:attribute>
        <xsd:attribute name="listURI" type="xsd:anyURI" default="http://docs.oasis-open.org/ubl/os-ubl-2.0/cl/gc/special-purpose/PortCode-2.0.gc" use="optional">
          <xsd:annotation>
            <xsd:documentation>
              <ccts:Name>Port_ Code List. Uniform Resource. Identifier</ccts:Name>
              <ccts:Definition/>
              <ccts:PrimitiveType>String</ccts:PrimitiveType>
            </xsd:documentation>
          </xsd:annotation>
        </xsd:attribute>
        <xsd:attribute name="listSchemeURI" type="xsd:anyURI" default="urn:oasis:names:specification:ubl:codelist:gc:PortCode-2.0" use="optional">
          <xsd:annotation>
            <xsd:documentation>
              <ccts:Name>Port_ Code List Scheme. Uniform Resource. Identifier</ccts:Name>
              <ccts:Definition/>
              <ccts:PrimitiveType>String</ccts:PrimitiveType>
            </xsd:documentation>
          </xsd:annotation>
        </xsd:attribute>
      </xsd:restriction>
    </xsd:simpleContent>
  </xsd:complexType>
  <xsd:complexType name="SubstitutionStatusCodeType">
    <xsd:annotation>
      <xsd:documentation>
        <ccts:Component>
          <ccts:DictionaryEntryName>Substitution Status_ Code. Type</ccts:DictionaryEntryName>
          <ccts:Version>2.0</ccts:Version>
          <ccts:Definition>The set of values that indicate the status of an OrderItem in relation to substitution, denoting an acceptable substitute in the Order, an original for which an alternative is offered in the Order Confirmation, or an original for which an actual replacement is advised in the Despatch Advice.</ccts:Definition>
          <ccts:RepresentationTerm>Code</ccts:RepresentationTerm>
          <ccts:QualifierTerm>Substitution Status</ccts:QualifierTerm>
          <ccts:UniqueID/>
        </ccts:Component>
      </xsd:documentation>
    </xsd:annotation>
    <xsd:simpleContent>
      <xsd:restriction base="udt:CodeType">
        <xsd:attribute name="listID" type="xsd:normalizedString" default="Substitution Status" use="optional">
          <xsd:annotation>
            <xsd:documentation>
              <ccts:Name>Substitution Status_ Code List. Identifier</ccts:Name>
              <ccts:Definition/>
              <ccts:PrimitiveType>String</ccts:PrimitiveType>
            </xsd:documentation>
          </xsd:annotation>
        </xsd:attribute>
        <xsd:attribute name="listAgencyID" type="xsd:normalizedString" default="UBL" use="optional">
          <xsd:annotation>
            <xsd:documentation>
              <ccts:Name>Substitution Status_ Code List. Agency. Identifier</ccts:Name>
              <ccts:Definition/>
              <ccts:PrimitiveType>String</ccts:PrimitiveType>
            </xsd:documentation>
          </xsd:annotation>
        </xsd:attribute>
        <xsd:attribute name="listAgencyName" type="xsd:string" default="OASIS Universal Business Language" use="optional">
          <xsd:annotation>
            <xsd:documentation>
              <ccts:Name>Substitution Status_ Code List. Agency Name. Text</ccts:Name>
              <ccts:Definition/>
              <ccts:PrimitiveType>String</ccts:PrimitiveType>
            </xsd:documentation>
          </xsd:annotation>
        </xsd:attribute>
        <xsd:attribute name="listName" type="xsd:string" default="Substitution Status" use="optional">
          <xsd:annotation>
            <xsd:documentation>
              <ccts:Name>Substitution Status_ Code List. Name. Text</ccts:Name>
              <ccts:Definition/>
              <ccts:PrimitiveType>String</ccts:PrimitiveType>
            </xsd:documentation>
          </xsd:annotation>
        </xsd:attribute>
        <xsd:attribute name="listVersionID" type="xsd:normalizedString" default="2.0" use="optional">
          <xsd:annotation>
            <xsd:documentation>
              <ccts:Name>Substitution Status_ Code List. Version. Identifier</ccts:Name>
              <ccts:Definition/>
              <ccts:PrimitiveType>String</ccts:PrimitiveType>
            </xsd:documentation>
          </xsd:annotation>
        </xsd:attribute>
        <xsd:attribute name="name" type="xsd:string" use="optional">
          <xsd:annotation>
            <xsd:documentation>
              <ccts:Name>Substitution Status_ Code. Name. Text</ccts:Name>
              <ccts:Definition/>
              <ccts:PrimitiveType>String</ccts:PrimitiveType>
            </xsd:documentation>
          </xsd:annotation>
        </xsd:attribute>
        <xsd:attribute name="languageID" type="xsd:language" default="en" use="optional">
          <xsd:annotation>
            <xsd:documentation>
              <ccts:Name>Substitution Status_ Language. Identifier</ccts:Name>
              <ccts:Definition/>
              <ccts:PrimitiveType>String</ccts:PrimitiveType>
            </xsd:documentation>
          </xsd:annotation>
        </xsd:attribute>
        <xsd:attribute name="listURI" type="xsd:anyURI" default="http://docs.oasis-open.org/ubl/os-ubl-2.0/cl/gc/default/SubstitutionStatusCode-2.0.gc" use="optional">
          <xsd:annotation>
            <xsd:documentation>
              <ccts:Name>Substitution Status_ Code List. Uniform Resource. Identifier</ccts:Name>
              <ccts:Definition/>
              <ccts:PrimitiveType>String</ccts:PrimitiveType>
            </xsd:documentation>
          </xsd:annotation>
        </xsd:attribute>
        <xsd:attribute name="listSchemeURI" type="xsd:anyURI" default="urn:oasis:names:specification:ubl:codelist:gc:SubstitutionStatusCode-2.0" use="optional">
          <xsd:annotation>
            <xsd:documentation>
              <ccts:Name>Substitution Status_ Code List Scheme. Uniform Resource. Identifier</ccts:Name>
              <ccts:Definition/>
              <ccts:PrimitiveType>String</ccts:PrimitiveType>
            </xsd:documentation>
          </xsd:annotation>
        </xsd:attribute>
      </xsd:restriction>
    </xsd:simpleContent>
  </xsd:complexType>
  <xsd:complexType name="TransportationStatusCodeType">
    <xsd:annotation>
      <xsd:documentation>
        <ccts:Component>
          <ccts:DictionaryEntryName>Transportation Status_ Code. Type</ccts:DictionaryEntryName>
          <ccts:Version>2.0</ccts:Version>
          <ccts:Definition>The set of code values for Trade and Transport Status</ccts:Definition>
          <ccts:RepresentationTerm>Code</ccts:RepresentationTerm>
          <ccts:QualifierTerm>Transportation Status</ccts:QualifierTerm>
          <ccts:UniqueID/>
        </ccts:Component>
      </xsd:documentation>
    </xsd:annotation>
    <xsd:simpleContent>
      <xsd:restriction base="udt:CodeType">
        <xsd:attribute name="listID" type="xsd:normalizedString" default="UN/ECE rec 24" use="optional">
          <xsd:annotation>
            <xsd:documentation>
              <ccts:Name>Transportation Status_ Code List. Identifier</ccts:Name>
              <ccts:Definition/>
              <ccts:PrimitiveType>String</ccts:PrimitiveType>
            </xsd:documentation>
          </xsd:annotation>
        </xsd:attribute>
        <xsd:attribute name="listAgencyID" type="xsd:normalizedString" default="6" use="optional">
          <xsd:annotation>
            <xsd:documentation>
              <ccts:Name>Transportation Status_ Code List. Agency. Identifier</ccts:Name>
              <ccts:Definition/>
              <ccts:PrimitiveType>String</ccts:PrimitiveType>
            </xsd:documentation>
          </xsd:annotation>
        </xsd:attribute>
        <xsd:attribute name="listAgencyName" type="xsd:string" default="United Nations Economic Commission for Europe" use="optional">
          <xsd:annotation>
            <xsd:documentation>
              <ccts:Name>Transportation Status_ Code List. Agency Name. Text</ccts:Name>
              <ccts:Definition/>
              <ccts:PrimitiveType>String</ccts:PrimitiveType>
            </xsd:documentation>
          </xsd:annotation>
        </xsd:attribute>
        <xsd:attribute name="listName" type="xsd:string" default="Transportation Status" use="optional">
          <xsd:annotation>
            <xsd:documentation>
              <ccts:Name>Transportation Status_ Code List. Name. Text</ccts:Name>
              <ccts:Definition/>
              <ccts:PrimitiveType>String</ccts:PrimitiveType>
            </xsd:documentation>
          </xsd:annotation>
        </xsd:attribute>
        <xsd:attribute name="listVersionID" type="xsd:normalizedString" default="Third Revision" use="optional">
          <xsd:annotation>
            <xsd:documentation>
              <ccts:Name>Transportation Status_ Code List. Version. Identifier</ccts:Name>
              <ccts:Definition/>
              <ccts:PrimitiveType>String</ccts:PrimitiveType>
            </xsd:documentation>
          </xsd:annotation>
        </xsd:attribute>
        <xsd:attribute name="name" type="xsd:string" use="optional">
          <xsd:annotation>
            <xsd:documentation>
              <ccts:Name>Transportation Status_ Code. Name. Text</ccts:Name>
              <ccts:Definition/>
              <ccts:PrimitiveType>String</ccts:PrimitiveType>
            </xsd:documentation>
          </xsd:annotation>
        </xsd:attribute>
        <xsd:attribute name="languageID" type="xsd:language" default="en" use="optional">
          <xsd:annotation>
            <xsd:documentation>
              <ccts:Name>Transportation Status_ Language. Identifier</ccts:Name>
              <ccts:Definition/>
              <ccts:PrimitiveType>String</ccts:PrimitiveType>
            </xsd:documentation>
          </xsd:annotation>
        </xsd:attribute>
        <xsd:attribute name="listURI" type="xsd:anyURI" default="http://docs.oasis-open.org/ubl/os-ubl-2.0/cl/gc/default/TransportationStatusCode-2.0.gc" use="optional">
          <xsd:annotation>
            <xsd:documentation>
              <ccts:Name>Transportation Status_ Code List. Uniform Resource. Identifier</ccts:Name>
              <ccts:Definition/>
              <ccts:PrimitiveType>String</ccts:PrimitiveType>
            </xsd:documentation>
          </xsd:annotation>
        </xsd:attribute>
        <xsd:attribute name="listSchemeURI" type="xsd:anyURI" default="urn:oasis:names:specification:ubl:codelist:gc:TransportationStatusCode-2.0" use="optional">
          <xsd:annotation>
            <xsd:documentation>
              <ccts:Name>Transportation Status_ Code List Scheme. Uniform Resource. Identifier</ccts:Name>
              <ccts:Definition/>
              <ccts:PrimitiveType>String</ccts:PrimitiveType>
            </xsd:documentation>
          </xsd:annotation>
        </xsd:attribute>
      </xsd:restriction>
    </xsd:simpleContent>
  </xsd:complexType>
  <xsd:complexType name="TransportEquipmentTypeCodeType">
    <xsd:annotation>
      <xsd:documentation>
        <ccts:Component>
          <ccts:DictionaryEntryName>Transport Equipment Type_ Code. Type</ccts:DictionaryEntryName>
          <ccts:Version>2.0</ccts:Version>
          <ccts:Definition>The set of code values for qualifying a type of equipment used in the transportation of goods.</ccts:Definition>
          <ccts:RepresentationTerm>Code</ccts:RepresentationTerm>
          <ccts:QualifierTerm>Transport Equipment Type</ccts:QualifierTerm>
          <ccts:UniqueID/>
        </ccts:Component>
      </xsd:documentation>
    </xsd:annotation>
    <xsd:simpleContent>
      <xsd:restriction base="udt:CodeType">
        <xsd:attribute name="listID" type="xsd:normalizedString" default="UN/ECE 8053" use="optional">
          <xsd:annotation>
            <xsd:documentation>
              <ccts:Name>Transport Equipment Type_ Code List. Identifier</ccts:Name>
              <ccts:Definition/>
              <ccts:PrimitiveType>String</ccts:PrimitiveType>
            </xsd:documentation>
          </xsd:annotation>
        </xsd:attribute>
        <xsd:attribute name="listAgencyID" type="xsd:normalizedString" default="6" use="optional">
          <xsd:annotation>
            <xsd:documentation>
              <ccts:Name>Transport Equipment Type_ Code List. Agency. Identifier</ccts:Name>
              <ccts:Definition/>
              <ccts:PrimitiveType>String</ccts:PrimitiveType>
            </xsd:documentation>
          </xsd:annotation>
        </xsd:attribute>
        <xsd:attribute name="listAgencyName" type="xsd:string" default="United Nations Economic Commission for Europe" use="optional">
          <xsd:annotation>
            <xsd:documentation>
              <ccts:Name>Transport Equipment Type_ Code List. Agency Name. Text</ccts:Name>
              <ccts:Definition/>
              <ccts:PrimitiveType>String</ccts:PrimitiveType>
            </xsd:documentation>
          </xsd:annotation>
        </xsd:attribute>
        <xsd:attribute name="listName" type="xsd:string" default="Equipment type code qualifier" use="optional">
          <xsd:annotation>
            <xsd:documentation>
              <ccts:Name>Transport Equipment Type_ Code List. Name. Text</ccts:Name>
              <ccts:Definition/>
              <ccts:PrimitiveType>String</ccts:PrimitiveType>
            </xsd:documentation>
          </xsd:annotation>
        </xsd:attribute>
        <xsd:attribute name="listVersionID" type="xsd:normalizedString" default="D.05B" use="optional">
          <xsd:annotation>
            <xsd:documentation>
              <ccts:Name>Transport Equipment Type_ Code List. Version. Identifier</ccts:Name>
              <ccts:Definition/>
              <ccts:PrimitiveType>String</ccts:PrimitiveType>
            </xsd:documentation>
          </xsd:annotation>
        </xsd:attribute>
        <xsd:attribute name="name" type="xsd:string" use="optional">
          <xsd:annotation>
            <xsd:documentation>
              <ccts:Name>Transport Equipment Type_ Code. Name. Text</ccts:Name>
              <ccts:Definition/>
              <ccts:PrimitiveType>String</ccts:PrimitiveType>
            </xsd:documentation>
          </xsd:annotation>
        </xsd:attribute>
        <xsd:attribute name="languageID" type="xsd:language" default="en" use="optional">
          <xsd:annotation>
            <xsd:documentation>
              <ccts:Name>Transport Equipment Type_ Language. Identifier</ccts:Name>
              <ccts:Definition/>
              <ccts:PrimitiveType>String</ccts:PrimitiveType>
            </xsd:documentation>
          </xsd:annotation>
        </xsd:attribute>
        <xsd:attribute name="listURI" type="xsd:anyURI" default="http://docs.oasis-open.org/ubl/os-ubl-2.0/cl/gc/default/TransportEquipmentTypeCode-2.0.gc" use="optional">
          <xsd:annotation>
            <xsd:documentation>
              <ccts:Name>Transport Equipment Type_ Code List. Uniform Resource. Identifier</ccts:Name>
              <ccts:Definition/>
              <ccts:PrimitiveType>String</ccts:PrimitiveType>
            </xsd:documentation>
          </xsd:annotation>
        </xsd:attribute>
        <xsd:attribute name="listSchemeURI" type="xsd:anyURI" default="urn:oasis:names:specification:ubl:codelist:gc:TransportEquipmentTypeCode-2.0" use="optional">
          <xsd:annotation>
            <xsd:documentation>
              <ccts:Name>Transport Equipment Type_ Code List Scheme. Uniform Resource. Identifier</ccts:Name>
              <ccts:Definition/>
              <ccts:PrimitiveType>String</ccts:PrimitiveType>
            </xsd:documentation>
          </xsd:annotation>
        </xsd:attribute>
      </xsd:restriction>
    </xsd:simpleContent>
  </xsd:complexType>
  <xsd:complexType name="TransportModeCodeType">
    <xsd:annotation>
      <xsd:documentation>
        <ccts:Component>
          <ccts:DictionaryEntryName>Transport Mode_ Code. Type</ccts:DictionaryEntryName>
          <ccts:Version>2.0</ccts:Version>
          <ccts:Definition>The set of code values for modes of transport</ccts:Definition>
          <ccts:RepresentationTerm>Code</ccts:RepresentationTerm>
          <ccts:QualifierTerm>Transport Mode</ccts:QualifierTerm>
          <ccts:UniqueID/>
        </ccts:Component>
      </xsd:documentation>
    </xsd:annotation>
    <xsd:simpleContent>
      <xsd:restriction base="udt:CodeType">
        <xsd:attribute name="listID" type="xsd:normalizedString" default="UN/ECE rec 16" use="optional">
          <xsd:annotation>
            <xsd:documentation>
              <ccts:Name>Transport Mode_ Code List. Identifier</ccts:Name>
              <ccts:Definition/>
              <ccts:PrimitiveType>String</ccts:PrimitiveType>
            </xsd:documentation>
          </xsd:annotation>
        </xsd:attribute>
        <xsd:attribute name="listAgencyID" type="xsd:normalizedString" default="6" use="optional">
          <xsd:annotation>
            <xsd:documentation>
              <ccts:Name>Transport Mode_ Code List. Agency. Identifier</ccts:Name>
              <ccts:Definition/>
              <ccts:PrimitiveType>String</ccts:PrimitiveType>
            </xsd:documentation>
          </xsd:annotation>
        </xsd:attribute>
        <xsd:attribute name="listAgencyName" type="xsd:string" default="United Nations Economic Commission for Europe" use="optional">
          <xsd:annotation>
            <xsd:documentation>
              <ccts:Name>Transport Mode_ Code List. Agency Name. Text</ccts:Name>
              <ccts:Definition/>
              <ccts:PrimitiveType>String</ccts:PrimitiveType>
            </xsd:documentation>
          </xsd:annotation>
        </xsd:attribute>
        <xsd:attribute name="listName" type="xsd:string" default="Transport Mode" use="optional">
          <xsd:annotation>
            <xsd:documentation>
              <ccts:Name>Transport Mode_ Code List. Name. Text</ccts:Name>
              <ccts:Definition/>
              <ccts:PrimitiveType>String</ccts:PrimitiveType>
            </xsd:documentation>
          </xsd:annotation>
        </xsd:attribute>
        <xsd:attribute name="listVersionID" type="xsd:normalizedString" default="Presented by the CDWG" use="optional">
          <xsd:annotation>
            <xsd:documentation>
              <ccts:Name>Transport Mode_ Code List. Version. Identifier</ccts:Name>
              <ccts:Definition/>
              <ccts:PrimitiveType>String</ccts:PrimitiveType>
            </xsd:documentation>
          </xsd:annotation>
        </xsd:attribute>
        <xsd:attribute name="name" type="xsd:string" use="optional">
          <xsd:annotation>
            <xsd:documentation>
              <ccts:Name>Transport Mode_ Code. Name. Text</ccts:Name>
              <ccts:Definition/>
              <ccts:PrimitiveType>String</ccts:PrimitiveType>
            </xsd:documentation>
          </xsd:annotation>
        </xsd:attribute>
        <xsd:attribute name="languageID" type="xsd:language" default="en" use="optional">
          <xsd:annotation>
            <xsd:documentation>
              <ccts:Name>Transport Mode_ Language. Identifier</ccts:Name>
              <ccts:Definition/>
              <ccts:PrimitiveType>String</ccts:PrimitiveType>
            </xsd:documentation>
          </xsd:annotation>
        </xsd:attribute>
        <xsd:attribute name="listURI" type="xsd:anyURI" default="http://docs.oasis-open.org/ubl/os-ubl-2.0/cl/gc/default/TransportModeCode-2.0.gc" use="optional">
          <xsd:annotation>
            <xsd:documentation>
              <ccts:Name>Transport Mode_ Code List. Uniform Resource. Identifier</ccts:Name>
              <ccts:Definition/>
              <ccts:PrimitiveType>String</ccts:PrimitiveType>
            </xsd:documentation>
          </xsd:annotation>
        </xsd:attribute>
        <xsd:attribute name="listSchemeURI" type="xsd:anyURI" default="urn:oasis:names:specification:ubl:codelist:gc:TransportModeCode-2.0" use="optional">
          <xsd:annotation>
            <xsd:documentation>
              <ccts:Name>Transport Mode_ Code List Scheme. Uniform Resource. Identifier</ccts:Name>
              <ccts:Definition/>
              <ccts:PrimitiveType>String</ccts:PrimitiveType>
            </xsd:documentation>
          </xsd:annotation>
        </xsd:attribute>
      </xsd:restriction>
    </xsd:simpleContent>
  </xsd:complexType>
  <xsd:complexType name="UnitOfMeasureCodeType">
    <xsd:annotation>
      <xsd:documentation>
        <ccts:Component>
          <ccts:DictionaryEntryName>Unit Of Measure_ Code. Type</ccts:DictionaryEntryName>
          <ccts:Version>2.0</ccts:Version>
          <ccts:Definition>The set of code values for Units of Measure Used in International Trade</ccts:Definition>
          <ccts:RepresentationTerm>Code</ccts:RepresentationTerm>
          <ccts:QualifierTerm>Unit Of Measure</ccts:QualifierTerm>
          <ccts:UniqueID/>
        </ccts:Component>
      </xsd:documentation>
    </xsd:annotation>
    <xsd:simpleContent>
      <xsd:restriction base="udt:CodeType">
        <xsd:attribute name="listID" type="xsd:normalizedString" default="UN/ECE rec 20" use="optional">
          <xsd:annotation>
            <xsd:documentation>
              <ccts:Name>Unit Of Measure_ Code List. Identifier</ccts:Name>
              <ccts:Definition/>
              <ccts:PrimitiveType>String</ccts:PrimitiveType>
            </xsd:documentation>
          </xsd:annotation>
        </xsd:attribute>
        <xsd:attribute name="listAgencyID" type="xsd:normalizedString" default="6" use="optional">
          <xsd:annotation>
            <xsd:documentation>
              <ccts:Name>Unit Of Measure_ Code List. Agency. Identifier</ccts:Name>
              <ccts:Definition/>
              <ccts:PrimitiveType>String</ccts:PrimitiveType>
            </xsd:documentation>
          </xsd:annotation>
        </xsd:attribute>
        <xsd:attribute name="listAgencyName" type="xsd:string" default="United Nations Economic Commission for Europe" use="optional">
          <xsd:annotation>
            <xsd:documentation>
              <ccts:Name>Unit Of Measure_ Code List. Agency Name. Text</ccts:Name>
              <ccts:Definition/>
              <ccts:PrimitiveType>String</ccts:PrimitiveType>
            </xsd:documentation>
          </xsd:annotation>
        </xsd:attribute>
        <xsd:attribute name="listName" type="xsd:string" default="Unit Of Measure" use="optional">
          <xsd:annotation>
            <xsd:documentation>
              <ccts:Name>Unit Of Measure_ Code List. Name. Text</ccts:Name>
              <ccts:Definition/>
              <ccts:PrimitiveType>String</ccts:PrimitiveType>
            </xsd:documentation>
          </xsd:annotation>
        </xsd:attribute>
        <xsd:attribute name="listVersionID" type="xsd:normalizedString" default="Revision 4" use="optional">
          <xsd:annotation>
            <xsd:documentation>
              <ccts:Name>Unit Of Measure_ Code List. Version. Identifier</ccts:Name>
              <ccts:Definition/>
              <ccts:PrimitiveType>String</ccts:PrimitiveType>
            </xsd:documentation>
          </xsd:annotation>
        </xsd:attribute>
        <xsd:attribute name="name" type="xsd:string" use="optional">
          <xsd:annotation>
            <xsd:documentation>
              <ccts:Name>Unit Of Measure_ Code. Name. Text</ccts:Name>
              <ccts:Definition/>
              <ccts:PrimitiveType>String</ccts:PrimitiveType>
            </xsd:documentation>
          </xsd:annotation>
        </xsd:attribute>
        <xsd:attribute name="languageID" type="xsd:language" default="en" use="optional">
          <xsd:annotation>
            <xsd:documentation>
              <ccts:Name>Unit Of Measure_ Language. Identifier</ccts:Name>
              <ccts:Definition/>
              <ccts:PrimitiveType>String</ccts:PrimitiveType>
            </xsd:documentation>
          </xsd:annotation>
        </xsd:attribute>
        <xsd:attribute name="listURI" type="xsd:anyURI" default="http://docs.oasis-open.org/ubl/os-ubl-2.0/cl/gc/cefact/UnitOfMeasureCode-2.0.gc" use="optional">
          <xsd:annotation>
            <xsd:documentation>
              <ccts:Name>Unit Of Measure_ Code List. Uniform Resource. Identifier</ccts:Name>
              <ccts:Definition/>
              <ccts:PrimitiveType>String</ccts:PrimitiveType>
            </xsd:documentation>
          </xsd:annotation>
        </xsd:attribute>
        <xsd:attribute name="listSchemeURI" type="xsd:anyURI" default="urn:un:unece:uncefact:codelist:specification:66411:2001" use="optional">
          <xsd:annotation>
            <xsd:documentation>
              <ccts:Name>Unit Of Measure_ Code List Scheme. Uniform Resource. Identifier</ccts:Name>
              <ccts:Definition/>
              <ccts:PrimitiveType>String</ccts:PrimitiveType>
            </xsd:documentation>
          </xsd:annotation>
        </xsd:attribute>
      </xsd:restriction>
    </xsd:simpleContent>
  </xsd:complexType>
</xsd:schema>
<!--===== Copyright Notice =====-->
<!--OASIS takes no position regarding the validity or scope of any 
  intellectual property or other rights that might be claimed to pertain 
  to the implementation or use of the technology described in this 
  document or the extent to which any license under such rights 
  might or might not be available; neither does it represent that it has 
  made any effort to identify any such rights. Information on OASIS's 
  procedures with respect to rights in OASIS specifications can be 
  found at the OASIS website. Copies of claims of rights made 
  available for publication and any assurances of licenses to be made 
  available, or the result of an attempt made to obtain a general 
  license or permission for the use of such proprietary rights by 
  implementors or users of this specification, can be obtained from 
  the OASIS Executive Director.

  OASIS invites any interested party to bring to its attention any 
  copyrights, patents or patent applications, or other proprietary 
  rights which may cover technology that may be required to 
  implement this specification. Please address the information to the 
  OASIS Executive Director.
  
  Copyright (C) OASIS Open 2001-2006. All Rights Reserved.

  This document and translations of it may be copied and furnished to 
  others, and derivative works that comment on or otherwise explain 
  it or assist in its implementation may be prepared, copied, 
  published and distributed, in whole or in part, without restriction of 
  any kind, provided that the above copyright notice and this 
  paragraph are included on all such copies and derivative works. 
  However, this document itself may not be modified in any way, 
  such as by removing the copyright notice or references to OASIS, 
  except as needed for the purpose of developing OASIS 
  specifications, in which case the procedures for copyrights defined 
  in the OASIS Intellectual Property Rights document must be 
  followed, or as required to translate it into languages other than 
  English. 

  The limited permissions granted above are perpetual and will not be 
  revoked by OASIS or its successors or assigns. 

  This document and the information contained herein is provided on 
  an "AS IS" basis and OASIS DISCLAIMS ALL WARRANTIES, 
  EXPRESS OR IMPLIED, INCLUDING BUT NOT LIMITED TO ANY 
  WARRANTY THAT THE USE OF THE INFORMATION HEREIN 
  WILL NOT INFRINGE ANY RIGHTS OR ANY IMPLIED 
  WARRANTIES OF MERCHANTABILITY OR FITNESS FOR A 
  PARTICULAR PURPOSE.-->]]></con:content><con:type>http://www.w3.org/2001/XMLSchema</con:type></con:part><con:part><con:url>file:/home/isr/git/parent/invoiceservice/InvoiceServiceRegistry/wsdl/invoiceService/1.0.0/invoice/UBL-CommonExtensionComponents-2.0.xsd</con:url><con:content><![CDATA[<!--Document Type:     CommonExtensionComponents
  Generated On:      2006-07-14 16:00z-->
<!--Modified 2006-07-19 11:21:29.64-04:00 to 
  address schema locations.-->
<!--===== xsd:schema Element With Namespaces Declarations =====-->
<xsd:schema targetNamespace="urn:oasis:names:specification:ubl:schema:xsd:CommonExtensionComponents-2" elementFormDefault="qualified" attributeFormDefault="unqualified" version="2.0" xmlns:xsd="http://www.w3.org/2001/XMLSchema" xmlns="urn:oasis:names:specification:ubl:schema:xsd:CommonExtensionComponents-2" xmlns:cbc="urn:oasis:names:specification:ubl:schema:xsd:CommonBasicComponents-2" xmlns:udt="urn:un:unece:uncefact:data:specification:UnqualifiedDataTypesSchemaModule:2" xmlns:ccts="urn:un:unece:uncefact:documentation:2">
  <!--===== Imports =====-->
  <xsd:import namespace="urn:un:unece:uncefact:data:specification:UnqualifiedDataTypesSchemaModule:2" schemaLocation="UnqualifiedDataTypeSchemaModule-2.0.xsd"/>
  <xsd:import namespace="urn:oasis:names:specification:ubl:schema:xsd:CommonBasicComponents-2" schemaLocation="UBL-CommonBasicComponents-2.0.xsd"/>
  <!--===== Includes =====-->
  <xsd:include schemaLocation="UBL-ExtensionContentDatatype-2.0.xsd"/>
  <!--===== Aggregate Element and Type Declarations =====-->
  <xsd:element name="UBLExtensions" type="UBLExtensionsType">
    <xsd:annotation>
      <xsd:documentation>A container for all extensions present in the document.</xsd:documentation>
    </xsd:annotation>
  </xsd:element>
  <xsd:complexType name="UBLExtensionsType">
    <xsd:annotation>
      <xsd:documentation>A container for all extensions present in the document.</xsd:documentation>
    </xsd:annotation>
    <xsd:sequence>
      <xsd:element ref="UBLExtension" minOccurs="1" maxOccurs="unbounded">
        <xsd:annotation>
          <xsd:documentation>A single extension for private use.</xsd:documentation>
        </xsd:annotation>
      </xsd:element>
    </xsd:sequence>
  </xsd:complexType>
  <xsd:element name="UBLExtension" type="UBLExtensionType">
    <xsd:annotation>
      <xsd:documentation>A single extension for private use.</xsd:documentation>
    </xsd:annotation>
  </xsd:element>
  <xsd:complexType name="UBLExtensionType">
    <xsd:annotation>
      <xsd:documentation>A single extension for private use.</xsd:documentation>
    </xsd:annotation>
    <xsd:sequence>
      <xsd:element ref="cbc:ID" minOccurs="0" maxOccurs="1">
        <xsd:annotation>
          <xsd:documentation>
            <ccts:Component>
              <ccts:ComponentType>BBIE</ccts:ComponentType>
              <ccts:DictionaryEntryName>Extension. Identifier</ccts:DictionaryEntryName>
              <ccts:Version/>
              <ccts:Definition>An identifier for the Extension assigned by the creator of the extension.</ccts:Definition>
              <ccts:Cardinality>0..1</ccts:Cardinality>
              <ccts:ObjectClass>Extension</ccts:ObjectClass>
              <ccts:PropertyTerm>Identifier</ccts:PropertyTerm>
              <ccts:RepresentationTerm>Identifier</ccts:RepresentationTerm>
              <ccts:DataType>Identifier. Type</ccts:DataType>
            </ccts:Component>
          </xsd:documentation>
        </xsd:annotation>
      </xsd:element>
      <xsd:element ref="cbc:Name" minOccurs="0" maxOccurs="1">
        <xsd:annotation>
          <xsd:documentation>
            <ccts:Component>
              <ccts:ComponentType>BBIE</ccts:ComponentType>
              <ccts:DictionaryEntryName>Extension. Name</ccts:DictionaryEntryName>
              <ccts:Version/>
              <ccts:Definition>A name for the Extension assigned by the creator of the extension.</ccts:Definition>
              <ccts:Cardinality>0..1</ccts:Cardinality>
              <ccts:ObjectClass>Extension</ccts:ObjectClass>
              <ccts:PropertyTerm>Name</ccts:PropertyTerm>
              <ccts:RepresentationTerm>Name</ccts:RepresentationTerm>
              <ccts:DataType>Name. Type</ccts:DataType>
            </ccts:Component>
          </xsd:documentation>
        </xsd:annotation>
      </xsd:element>
      <xsd:element ref="ExtensionAgencyID" minOccurs="0" maxOccurs="1">
        <xsd:annotation>
          <xsd:documentation>An agency that maintains one or more Extensions.</xsd:documentation>
        </xsd:annotation>
      </xsd:element>
      <xsd:element ref="ExtensionAgencyName" minOccurs="0" maxOccurs="1">
        <xsd:annotation>
          <xsd:documentation>The name of the agency that maintains the Extension.</xsd:documentation>
        </xsd:annotation>
      </xsd:element>
      <xsd:element ref="ExtensionVersionID" minOccurs="0" maxOccurs="1">
        <xsd:annotation>
          <xsd:documentation>The version of the Extension.</xsd:documentation>
        </xsd:annotation>
      </xsd:element>
      <xsd:element ref="ExtensionAgencyURI" minOccurs="0" maxOccurs="1">
        <xsd:annotation>
          <xsd:documentation>A URI for the Agency that maintains the Extension.</xsd:documentation>
        </xsd:annotation>
      </xsd:element>
      <xsd:element ref="ExtensionURI" minOccurs="0" maxOccurs="1">
        <xsd:annotation>
          <xsd:documentation>A URI for the Extension.</xsd:documentation>
        </xsd:annotation>
      </xsd:element>
      <xsd:element ref="ExtensionReasonCode" minOccurs="0" maxOccurs="1">
        <xsd:annotation>
          <xsd:documentation>A code for reason the Extension is being included.</xsd:documentation>
        </xsd:annotation>
      </xsd:element>
      <xsd:element ref="ExtensionReason" minOccurs="0" maxOccurs="1">
        <xsd:annotation>
          <xsd:documentation>A description of the reason for the Extension.</xsd:documentation>
        </xsd:annotation>
      </xsd:element>
      <xsd:element ref="ExtensionContent" minOccurs="1" maxOccurs="1">
        <xsd:annotation>
          <xsd:documentation>The definition of the extension content.</xsd:documentation>
        </xsd:annotation>
      </xsd:element>
    </xsd:sequence>
  </xsd:complexType>
  <!--===== Basic Element and Type Declarations =====-->
  <xsd:element name="ExtensionAgencyID" type="ExtensionAgencyIDType"/>
  <xsd:element name="ExtensionAgencyName" type="ExtensionAgencyNameType"/>
  <xsd:element name="ExtensionAgencyURI" type="ExtensionAgencyURIType"/>
  <xsd:element name="ExtensionContent" type="ExtensionContentType"/>
  <xsd:element name="ExtensionReason" type="ExtensionReasonType"/>
  <xsd:element name="ExtensionReasonCode" type="ExtensionReasonCodeType"/>
  <xsd:element name="ExtensionURI" type="ExtensionURIType"/>
  <xsd:element name="ExtensionVersionID" type="ExtensionVersionIDType"/>
  <xsd:complexType name="ExtensionAgencyIDType">
    <xsd:simpleContent>
      <xsd:extension base="udt:IdentifierType"/>
    </xsd:simpleContent>
  </xsd:complexType>
  <xsd:complexType name="ExtensionAgencyNameType">
    <xsd:simpleContent>
      <xsd:extension base="udt:TextType"/>
    </xsd:simpleContent>
  </xsd:complexType>
  <xsd:complexType name="ExtensionAgencyURIType">
    <xsd:simpleContent>
      <xsd:extension base="udt:IdentifierType"/>
    </xsd:simpleContent>
  </xsd:complexType>
  <xsd:complexType name="ExtensionReasonType">
    <xsd:simpleContent>
      <xsd:extension base="udt:TextType"/>
    </xsd:simpleContent>
  </xsd:complexType>
  <xsd:complexType name="ExtensionReasonCodeType">
    <xsd:simpleContent>
      <xsd:extension base="udt:CodeType"/>
    </xsd:simpleContent>
  </xsd:complexType>
  <xsd:complexType name="ExtensionURIType">
    <xsd:simpleContent>
      <xsd:extension base="udt:IdentifierType"/>
    </xsd:simpleContent>
  </xsd:complexType>
  <xsd:complexType name="ExtensionVersionIDType">
    <xsd:simpleContent>
      <xsd:extension base="udt:IdentifierType"/>
    </xsd:simpleContent>
  </xsd:complexType>
</xsd:schema>
<!--===== Copyright Notice =====-->
<!--OASIS takes no position regarding the validity or scope of any 
  intellectual property or other rights that might be claimed to pertain 
  to the implementation or use of the technology described in this 
  document or the extent to which any license under such rights 
  might or might not be available; neither does it represent that it has 
  made any effort to identify any such rights. Information on OASIS's 
  procedures with respect to rights in OASIS specifications can be 
  found at the OASIS website. Copies of claims of rights made 
  available for publication and any assurances of licenses to be made 
  available, or the result of an attempt made to obtain a general 
  license or permission for the use of such proprietary rights by 
  implementors or users of this specification, can be obtained from 
  the OASIS Executive Director.

  OASIS invites any interested party to bring to its attention any 
  copyrights, patents or patent applications, or other proprietary 
  rights which may cover technology that may be required to 
  implement this specification. Please address the information to the 
  OASIS Executive Director.
  
  Copyright (C) OASIS Open 2001-2006. All Rights Reserved.

  This document and translations of it may be copied and furnished to 
  others, and derivative works that comment on or otherwise explain 
  it or assist in its implementation may be prepared, copied, 
  published and distributed, in whole or in part, without restriction of 
  any kind, provided that the above copyright notice and this 
  paragraph are included on all such copies and derivative works. 
  However, this document itself may not be modified in any way, 
  such as by removing the copyright notice or references to OASIS, 
  except as needed for the purpose of developing OASIS 
  specifications, in which case the procedures for copyrights defined 
  in the OASIS Intellectual Property Rights document must be 
  followed, or as required to translate it into languages other than 
  English. 

  The limited permissions granted above are perpetual and will not be 
  revoked by OASIS or its successors or assigns. 

  This document and the information contained herein is provided on 
  an "AS IS" basis and OASIS DISCLAIMS ALL WARRANTIES, 
  EXPRESS OR IMPLIED, INCLUDING BUT NOT LIMITED TO ANY 
  WARRANTY THAT THE USE OF THE INFORMATION HEREIN 
  WILL NOT INFRINGE ANY RIGHTS OR ANY IMPLIED 
  WARRANTIES OF MERCHANTABILITY OR FITNESS FOR A 
  PARTICULAR PURPOSE.-->]]></con:content><con:type>http://www.w3.org/2001/XMLSchema</con:type></con:part><con:part><con:url>file:/home/isr/git/parent/invoiceservice/InvoiceServiceRegistry/wsdl/invoiceService/1.0.0/invoice/UBL-ExtensionContentDatatype-2.0.xsd</con:url><con:content><![CDATA[<!--Document Type:     ExtensionContentDatatype
  Generated On:      2006-07-14 16:00z-->
<!--Modified 2006-07-19 11:21:29.64-04:00 to 
  address schema locations.-->
<!--===== xsd:schema Element With Namespaces Declarations =====-->
<xsd:schema targetNamespace="urn:oasis:names:specification:ubl:schema:xsd:CommonExtensionComponents-2" elementFormDefault="qualified" attributeFormDefault="unqualified" version="2.0" xmlns:xsd="http://www.w3.org/2001/XMLSchema" xmlns="urn:oasis:names:specification:ubl:schema:xsd:CommonExtensionComponents-2">
  <!--===== Type Declaration =====-->
  <xsd:complexType name="ExtensionContentType">
    <xsd:sequence>
      <xsd:any namespace="##any" minOccurs="0" maxOccurs="1" processContents="skip">
        <xsd:annotation>
          <xsd:documentation>The definition of the extension content.</xsd:documentation>
        </xsd:annotation>
      </xsd:any>
    </xsd:sequence>
  </xsd:complexType>
</xsd:schema>
<!--===== Copyright Notice =====-->
<!--OASIS takes no position regarding the validity or scope of any 
  intellectual property or other rights that might be claimed to pertain 
  to the implementation or use of the technology described in this 
  document or the extent to which any license under such rights 
  might or might not be available; neither does it represent that it has 
  made any effort to identify any such rights. Information on OASIS's 
  procedures with respect to rights in OASIS specifications can be 
  found at the OASIS website. Copies of claims of rights made 
  available for publication and any assurances of licenses to be made 
  available, or the result of an attempt made to obtain a general 
  license or permission for the use of such proprietary rights by 
  implementors or users of this specification, can be obtained from 
  the OASIS Executive Director.

  OASIS invites any interested party to bring to its attention any 
  copyrights, patents or patent applications, or other proprietary 
  rights which may cover technology that may be required to 
  implement this specification. Please address the information to the 
  OASIS Executive Director.
  
  Copyright (C) OASIS Open 2001-2006. All Rights Reserved.

  This document and translations of it may be copied and furnished to 
  others, and derivative works that comment on or otherwise explain 
  it or assist in its implementation may be prepared, copied, 
  published and distributed, in whole or in part, without restriction of 
  any kind, provided that the above copyright notice and this 
  paragraph are included on all such copies and derivative works. 
  However, this document itself may not be modified in any way, 
  such as by removing the copyright notice or references to OASIS, 
  except as needed for the purpose of developing OASIS 
  specifications, in which case the procedures for copyrights defined 
  in the OASIS Intellectual Property Rights document must be 
  followed, or as required to translate it into languages other than 
  English. 

  The limited permissions granted above are perpetual and will not be 
  revoked by OASIS or its successors or assigns. 

  This document and the information contained herein is provided on 
  an "AS IS" basis and OASIS DISCLAIMS ALL WARRANTIES, 
  EXPRESS OR IMPLIED, INCLUDING BUT NOT LIMITED TO ANY 
  WARRANTY THAT THE USE OF THE INFORMATION HEREIN 
  WILL NOT INFRINGE ANY RIGHTS OR ANY IMPLIED 
  WARRANTIES OF MERCHANTABILITY OR FITNESS FOR A 
  PARTICULAR PURPOSE.-->]]></con:content><con:type>http://www.w3.org/2001/XMLSchema</con:type></con:part><con:part><con:url>file:/home/isr/git/parent/invoiceservice/InvoiceServiceRegistry/wsdl/invoiceService/1.0.0/invoice/UBL-CreditNote-2.0.xsd</con:url><con:content><![CDATA[<!--Document Type:     CreditNote
  Generated On:      Tue Oct 03 2:26:38 P3 2006-->
<!--===== xsd:schema Element With Namespaces Declarations =====-->
<xsd:schema targetNamespace="urn:oasis:names:specification:ubl:schema:xsd:CreditNote-2" elementFormDefault="qualified" attributeFormDefault="unqualified" version="2.0" xmlns:xsd="http://www.w3.org/2001/XMLSchema" xmlns="urn:oasis:names:specification:ubl:schema:xsd:CreditNote-2" xmlns:cac="urn:oasis:names:specification:ubl:schema:xsd:CommonAggregateComponents-2" xmlns:cbc="urn:oasis:names:specification:ubl:schema:xsd:CommonBasicComponents-2" xmlns:udt="urn:un:unece:uncefact:data:specification:UnqualifiedDataTypesSchemaModule:2" xmlns:ccts="urn:un:unece:uncefact:documentation:2" xmlns:ext="urn:oasis:names:specification:ubl:schema:xsd:CommonExtensionComponents-2" xmlns:qdt="urn:oasis:names:specification:ubl:schema:xsd:QualifiedDatatypes-2">
  <!--===== Imports =====-->
  <xsd:import namespace="urn:oasis:names:specification:ubl:schema:xsd:CommonAggregateComponents-2" schemaLocation="UBL-CommonAggregateComponents-2.0.xsd"/>
  <xsd:import namespace="urn:oasis:names:specification:ubl:schema:xsd:CommonBasicComponents-2" schemaLocation="UBL-CommonBasicComponents-2.0.xsd"/>
  <xsd:import namespace="urn:un:unece:uncefact:data:specification:UnqualifiedDataTypesSchemaModule:2" schemaLocation="UnqualifiedDataTypeSchemaModule-2.0.xsd"/>
  <xsd:import namespace="urn:oasis:names:specification:ubl:schema:xsd:CommonExtensionComponents-2" schemaLocation="UBL-CommonExtensionComponents-2.0.xsd"/>
  <xsd:import namespace="urn:oasis:names:specification:ubl:schema:xsd:QualifiedDatatypes-2" schemaLocation="UBL-QualifiedDatatypes-2.0.xsd"/>
  <!--===== Root Element =====-->
  <xsd:element name="CreditNote" type="CreditNoteType">
    <xsd:annotation>
      <xsd:documentation>This element MUST be conveyed as the root element in any instance document based on this Schema expression</xsd:documentation>
    </xsd:annotation>
  </xsd:element>
  <xsd:complexType name="CreditNoteType">
    <xsd:annotation>
      <xsd:documentation>
        <ccts:Component>
          <ccts:ComponentType>ABIE</ccts:ComponentType>
          <ccts:DictionaryEntryName>Credit Note. Details</ccts:DictionaryEntryName>
          <ccts:Definition>The document used to specify credits due to the Debtor from the Creditor.</ccts:Definition>
          <ccts:ObjectClass>Credit Note</ccts:ObjectClass>
        </ccts:Component>
      </xsd:documentation>
    </xsd:annotation>
    <xsd:sequence>
      <xsd:element ref="ext:UBLExtensions" minOccurs="0" maxOccurs="1">
        <xsd:annotation>
          <xsd:documentation>A container for all extensions present in the document.</xsd:documentation>
        </xsd:annotation>
      </xsd:element>
      <xsd:element ref="cbc:UBLVersionID" minOccurs="0" maxOccurs="1">
        <xsd:annotation>
          <xsd:documentation>
            <ccts:Component>
              <ccts:ComponentType>BBIE</ccts:ComponentType>
              <ccts:DictionaryEntryName>Credit Note. UBL Version Identifier. Identifier</ccts:DictionaryEntryName>
              <ccts:Definition>The earliest version of the UBL 2 schema for this document type that defines all of the elements that might be encountered in the current instance.</ccts:Definition>
              <ccts:Cardinality>0..1</ccts:Cardinality>
              <ccts:ObjectClass>Credit Note</ccts:ObjectClass>
              <ccts:PropertyTerm>UBL Version Identifier</ccts:PropertyTerm>
              <ccts:RepresentationTerm>Identifier</ccts:RepresentationTerm>
              <ccts:DataType>Identifier. Type</ccts:DataType>
              <ccts:Examples>2.0.5</ccts:Examples>
            </ccts:Component>
          </xsd:documentation>
        </xsd:annotation>
      </xsd:element>
      <xsd:element ref="cbc:CustomizationID" minOccurs="0" maxOccurs="1">
        <xsd:annotation>
          <xsd:documentation>
            <ccts:Component>
              <ccts:ComponentType>BBIE</ccts:ComponentType>
              <ccts:DictionaryEntryName>Credit Note. Customization Identifier. Identifier</ccts:DictionaryEntryName>
              <ccts:Definition>Identifies a user-defined customization of UBL for a specific use.</ccts:Definition>
              <ccts:Cardinality>0..1</ccts:Cardinality>
              <ccts:ObjectClass>Credit Note</ccts:ObjectClass>
              <ccts:PropertyTerm>Customization Identifier</ccts:PropertyTerm>
              <ccts:RepresentationTerm>Identifier</ccts:RepresentationTerm>
              <ccts:DataType>Identifier. Type</ccts:DataType>
              <ccts:Examples>NES</ccts:Examples>
            </ccts:Component>
          </xsd:documentation>
        </xsd:annotation>
      </xsd:element>
      <xsd:element ref="cbc:ProfileID" minOccurs="0" maxOccurs="1">
        <xsd:annotation>
          <xsd:documentation>
            <ccts:Component>
              <ccts:ComponentType>BBIE</ccts:ComponentType>
              <ccts:DictionaryEntryName>Credit Note. Profile Identifier. Identifier</ccts:DictionaryEntryName>
              <ccts:Definition>Identifies a user-defined profile of the customization of UBL being used.</ccts:Definition>
              <ccts:Cardinality>0..1</ccts:Cardinality>
              <ccts:ObjectClass>Credit Note</ccts:ObjectClass>
              <ccts:PropertyTerm>Profile Identifier</ccts:PropertyTerm>
              <ccts:RepresentationTerm>Identifier</ccts:RepresentationTerm>
              <ccts:DataType>Identifier. Type</ccts:DataType>
              <ccts:Examples>BasicProcurementProcess</ccts:Examples>
            </ccts:Component>
          </xsd:documentation>
        </xsd:annotation>
      </xsd:element>
      <xsd:element ref="cbc:ID" minOccurs="1" maxOccurs="1">
        <xsd:annotation>
          <xsd:documentation>
            <ccts:Component>
              <ccts:ComponentType>BBIE</ccts:ComponentType>
              <ccts:DictionaryEntryName>Credit Note. Identifier</ccts:DictionaryEntryName>
              <ccts:Definition>An identifier for the Credit Note assigned by the Creditor.</ccts:Definition>
              <ccts:Cardinality>1</ccts:Cardinality>
              <ccts:ObjectClass>Credit Note</ccts:ObjectClass>
              <ccts:PropertyTerm>Identifier</ccts:PropertyTerm>
              <ccts:RepresentationTerm>Identifier</ccts:RepresentationTerm>
              <ccts:DataType>Identifier. Type</ccts:DataType>
            </ccts:Component>
          </xsd:documentation>
        </xsd:annotation>
      </xsd:element>
      <xsd:element ref="cbc:CopyIndicator" minOccurs="0" maxOccurs="1">
        <xsd:annotation>
          <xsd:documentation>
            <ccts:Component>
              <ccts:ComponentType>BBIE</ccts:ComponentType>
              <ccts:DictionaryEntryName>Credit Note. Copy_ Indicator. Indicator</ccts:DictionaryEntryName>
              <ccts:Definition>Indicates whether the Credit Note is a copy (true) or not (false).</ccts:Definition>
              <ccts:Cardinality>0..1</ccts:Cardinality>
              <ccts:ObjectClass>Credit Note</ccts:ObjectClass>
              <ccts:PropertyTermQualifier>Copy</ccts:PropertyTermQualifier>
              <ccts:PropertyTerm>Indicator</ccts:PropertyTerm>
              <ccts:RepresentationTerm>Indicator</ccts:RepresentationTerm>
              <ccts:DataType>Indicator. Type</ccts:DataType>
            </ccts:Component>
          </xsd:documentation>
        </xsd:annotation>
      </xsd:element>
      <xsd:element ref="cbc:UUID" minOccurs="0" maxOccurs="1">
        <xsd:annotation>
          <xsd:documentation>
            <ccts:Component>
              <ccts:ComponentType>BBIE</ccts:ComponentType>
              <ccts:DictionaryEntryName>Credit Note. UUID. Identifier</ccts:DictionaryEntryName>
              <ccts:Definition>A universally unique identifier for an instance of this ABIE.</ccts:Definition>
              <ccts:Cardinality>0..1</ccts:Cardinality>
              <ccts:ObjectClass>Credit Note</ccts:ObjectClass>
              <ccts:PropertyTerm>UUID</ccts:PropertyTerm>
              <ccts:RepresentationTerm>Identifier</ccts:RepresentationTerm>
              <ccts:DataType>Identifier. Type</ccts:DataType>
            </ccts:Component>
          </xsd:documentation>
        </xsd:annotation>
      </xsd:element>
      <xsd:element ref="cbc:IssueDate" minOccurs="1" maxOccurs="1">
        <xsd:annotation>
          <xsd:documentation>
            <ccts:Component>
              <ccts:ComponentType>BBIE</ccts:ComponentType>
              <ccts:DictionaryEntryName>Credit Note. Issue Date. Date</ccts:DictionaryEntryName>
              <ccts:Definition>The date assigned by the Creditor on which the Credit Note was issued.</ccts:Definition>
              <ccts:Cardinality>1</ccts:Cardinality>
              <ccts:ObjectClass>Credit Note</ccts:ObjectClass>
              <ccts:PropertyTerm>Issue Date</ccts:PropertyTerm>
              <ccts:RepresentationTerm>Date</ccts:RepresentationTerm>
              <ccts:DataType>Date. Type</ccts:DataType>
            </ccts:Component>
          </xsd:documentation>
        </xsd:annotation>
      </xsd:element>
      <xsd:element ref="cbc:IssueTime" minOccurs="0" maxOccurs="1">
        <xsd:annotation>
          <xsd:documentation>
            <ccts:Component>
              <ccts:ComponentType>BBIE</ccts:ComponentType>
              <ccts:DictionaryEntryName>Credit Note. Issue Time. Time</ccts:DictionaryEntryName>
              <ccts:Definition>The time assigned by the Creditor at which the Credit Note was issued.</ccts:Definition>
              <ccts:Cardinality>0..1</ccts:Cardinality>
              <ccts:ObjectClass>Credit Note</ccts:ObjectClass>
              <ccts:PropertyTerm>Issue Time</ccts:PropertyTerm>
              <ccts:RepresentationTerm>Time</ccts:RepresentationTerm>
              <ccts:DataType>Time. Type</ccts:DataType>
            </ccts:Component>
          </xsd:documentation>
        </xsd:annotation>
      </xsd:element>
      <xsd:element ref="cbc:TaxPointDate" minOccurs="0" maxOccurs="1">
        <xsd:annotation>
          <xsd:documentation>
            <ccts:Component>
              <ccts:ComponentType>BBIE</ccts:ComponentType>
              <ccts:DictionaryEntryName>Credit Note. Tax Point Date. Date</ccts:DictionaryEntryName>
              <ccts:Definition>The date of the Credit Note used Indicates the point at which tax becomes applicable.</ccts:Definition>
              <ccts:Cardinality>0..1</ccts:Cardinality>
              <ccts:ObjectClass>Credit Note</ccts:ObjectClass>
              <ccts:PropertyTerm>Tax Point Date</ccts:PropertyTerm>
              <ccts:RepresentationTerm>Date</ccts:RepresentationTerm>
              <ccts:DataType>Date. Type</ccts:DataType>
            </ccts:Component>
          </xsd:documentation>
        </xsd:annotation>
      </xsd:element>
      <xsd:element ref="cbc:Note" minOccurs="0" maxOccurs="unbounded">
        <xsd:annotation>
          <xsd:documentation>
            <ccts:Component>
              <ccts:ComponentType>BBIE</ccts:ComponentType>
              <ccts:DictionaryEntryName>Credit Note. Note. Text</ccts:DictionaryEntryName>
              <ccts:Definition>Free-form text applying to the Credit Note. This element may contain notes or any other similar information that is not contained explicitly in another structure.</ccts:Definition>
              <ccts:Cardinality>0..n</ccts:Cardinality>
              <ccts:ObjectClass>Credit Note</ccts:ObjectClass>
              <ccts:PropertyTerm>Note</ccts:PropertyTerm>
              <ccts:RepresentationTerm>Text</ccts:RepresentationTerm>
              <ccts:DataType>Text. Type</ccts:DataType>
            </ccts:Component>
          </xsd:documentation>
        </xsd:annotation>
      </xsd:element>
      <xsd:element ref="cbc:DocumentCurrencyCode" minOccurs="0" maxOccurs="1">
        <xsd:annotation>
          <xsd:documentation>
            <ccts:Component>
              <ccts:ComponentType>BBIE</ccts:ComponentType>
              <ccts:DictionaryEntryName>Credit Note. Document_ Currency Code. Code</ccts:DictionaryEntryName>
              <ccts:Definition>The default currency for the Credit Note.</ccts:Definition>
              <ccts:Cardinality>0..1</ccts:Cardinality>
              <ccts:ObjectClass>Credit Note</ccts:ObjectClass>
              <ccts:PropertyTermQualifier>Document</ccts:PropertyTermQualifier>
              <ccts:PropertyTerm>Currency Code</ccts:PropertyTerm>
              <ccts:RepresentationTerm>Code</ccts:RepresentationTerm>
              <ccts:DataType>Currency_ Code. Type</ccts:DataType>
            </ccts:Component>
          </xsd:documentation>
        </xsd:annotation>
      </xsd:element>
      <xsd:element ref="cbc:TaxCurrencyCode" minOccurs="0" maxOccurs="1">
        <xsd:annotation>
          <xsd:documentation>
            <ccts:Component>
              <ccts:ComponentType>BBIE</ccts:ComponentType>
              <ccts:DictionaryEntryName>Credit Note. Tax_ Currency Code. Code</ccts:DictionaryEntryName>
              <ccts:Definition>The currency used for tax amounts in the Credit Note.</ccts:Definition>
              <ccts:Cardinality>0..1</ccts:Cardinality>
              <ccts:ObjectClass>Credit Note</ccts:ObjectClass>
              <ccts:PropertyTermQualifier>Tax</ccts:PropertyTermQualifier>
              <ccts:PropertyTerm>Currency Code</ccts:PropertyTerm>
              <ccts:RepresentationTerm>Code</ccts:RepresentationTerm>
              <ccts:DataType>Currency_ Code. Type</ccts:DataType>
            </ccts:Component>
          </xsd:documentation>
        </xsd:annotation>
      </xsd:element>
      <xsd:element ref="cbc:PricingCurrencyCode" minOccurs="0" maxOccurs="1">
        <xsd:annotation>
          <xsd:documentation>
            <ccts:Component>
              <ccts:ComponentType>BBIE</ccts:ComponentType>
              <ccts:DictionaryEntryName>Credit Note. Pricing_ Currency Code. Code</ccts:DictionaryEntryName>
              <ccts:Definition>The currency used for prices in the Credit Note.</ccts:Definition>
              <ccts:Cardinality>0..1</ccts:Cardinality>
              <ccts:ObjectClass>Credit Note</ccts:ObjectClass>
              <ccts:PropertyTermQualifier>Pricing</ccts:PropertyTermQualifier>
              <ccts:PropertyTerm>Currency Code</ccts:PropertyTerm>
              <ccts:RepresentationTerm>Code</ccts:RepresentationTerm>
              <ccts:DataType>Currency_ Code. Type</ccts:DataType>
            </ccts:Component>
          </xsd:documentation>
        </xsd:annotation>
      </xsd:element>
      <xsd:element ref="cbc:PaymentCurrencyCode" minOccurs="0" maxOccurs="1">
        <xsd:annotation>
          <xsd:documentation>
            <ccts:Component>
              <ccts:ComponentType>BBIE</ccts:ComponentType>
              <ccts:DictionaryEntryName>Credit Note. Payment_ Currency Code. Code</ccts:DictionaryEntryName>
              <ccts:Definition>The currency used for payment in the Credit Note.</ccts:Definition>
              <ccts:Cardinality>0..1</ccts:Cardinality>
              <ccts:ObjectClass>Credit Note</ccts:ObjectClass>
              <ccts:PropertyTermQualifier>Payment</ccts:PropertyTermQualifier>
              <ccts:PropertyTerm>Currency Code</ccts:PropertyTerm>
              <ccts:RepresentationTerm>Code</ccts:RepresentationTerm>
              <ccts:DataType>Currency_ Code. Type</ccts:DataType>
            </ccts:Component>
          </xsd:documentation>
        </xsd:annotation>
      </xsd:element>
      <xsd:element ref="cbc:PaymentAlternativeCurrencyCode" minOccurs="0" maxOccurs="1">
        <xsd:annotation>
          <xsd:documentation>
            <ccts:Component>
              <ccts:ComponentType>BBIE</ccts:ComponentType>
              <ccts:DictionaryEntryName>Credit Note. Payment Alternative_ Currency Code. Code</ccts:DictionaryEntryName>
              <ccts:Definition>The alternative currency used for payment in the Credit Note.</ccts:Definition>
              <ccts:Cardinality>0..1</ccts:Cardinality>
              <ccts:ObjectClass>Credit Note</ccts:ObjectClass>
              <ccts:PropertyTermQualifier>Payment Alternative</ccts:PropertyTermQualifier>
              <ccts:PropertyTerm>Currency Code</ccts:PropertyTerm>
              <ccts:RepresentationTerm>Code</ccts:RepresentationTerm>
              <ccts:DataType>Currency_ Code. Type</ccts:DataType>
            </ccts:Component>
          </xsd:documentation>
        </xsd:annotation>
      </xsd:element>
      <xsd:element ref="cbc:AccountingCostCode" minOccurs="0" maxOccurs="1">
        <xsd:annotation>
          <xsd:documentation>
            <ccts:Component>
              <ccts:ComponentType>BBIE</ccts:ComponentType>
              <ccts:DictionaryEntryName>Credit Note. Accounting Cost Code. Code</ccts:DictionaryEntryName>
              <ccts:Definition>The Buyer's accounting code applied to the Credit Note as a whole.</ccts:Definition>
              <ccts:Cardinality>0..1</ccts:Cardinality>
              <ccts:ObjectClass>Credit Note</ccts:ObjectClass>
              <ccts:PropertyTerm>Accounting Cost Code</ccts:PropertyTerm>
              <ccts:RepresentationTerm>Code</ccts:RepresentationTerm>
              <ccts:DataType>Code. Type</ccts:DataType>
            </ccts:Component>
          </xsd:documentation>
        </xsd:annotation>
      </xsd:element>
      <xsd:element ref="cbc:AccountingCost" minOccurs="0" maxOccurs="1">
        <xsd:annotation>
          <xsd:documentation>
            <ccts:Component>
              <ccts:ComponentType>BBIE</ccts:ComponentType>
              <ccts:DictionaryEntryName>Credit Note. Accounting Cost. Text</ccts:DictionaryEntryName>
              <ccts:Definition>The Buyer's accounting code applied to the Credit Note as a whole, expressed as text.</ccts:Definition>
              <ccts:Cardinality>0..1</ccts:Cardinality>
              <ccts:ObjectClass>Credit Note</ccts:ObjectClass>
              <ccts:PropertyTerm>Accounting Cost</ccts:PropertyTerm>
              <ccts:RepresentationTerm>Text</ccts:RepresentationTerm>
              <ccts:DataType>Text. Type</ccts:DataType>
            </ccts:Component>
          </xsd:documentation>
        </xsd:annotation>
      </xsd:element>
      <xsd:element ref="cbc:LineCountNumeric" minOccurs="0" maxOccurs="1">
        <xsd:annotation>
          <xsd:documentation>
            <ccts:Component>
              <ccts:ComponentType>BBIE</ccts:ComponentType>
              <ccts:DictionaryEntryName>Credit Note. Line Count. Numeric</ccts:DictionaryEntryName>
              <ccts:Definition>The number of lines in the document.</ccts:Definition>
              <ccts:Cardinality>0..1</ccts:Cardinality>
              <ccts:ObjectClass>Credit Note</ccts:ObjectClass>
              <ccts:PropertyTerm>Line Count</ccts:PropertyTerm>
              <ccts:RepresentationTerm>Numeric</ccts:RepresentationTerm>
              <ccts:DataType>Numeric. Type</ccts:DataType>
            </ccts:Component>
          </xsd:documentation>
        </xsd:annotation>
      </xsd:element>
      <xsd:element ref="cac:InvoicePeriod" minOccurs="0" maxOccurs="unbounded">
        <xsd:annotation>
          <xsd:documentation>
            <ccts:Component>
              <ccts:ComponentType>ASBIE</ccts:ComponentType>
              <ccts:DictionaryEntryName>Credit Note. Invoice_ Period. Period</ccts:DictionaryEntryName>
              <ccts:Definition>Associates the Credit Note with an Invoicing Period rather than a specific Invoice.</ccts:Definition>
              <ccts:Cardinality>0..n</ccts:Cardinality>
              <ccts:ObjectClass>Credit Note</ccts:ObjectClass>
              <ccts:PropertyTermQualifier>Invoice</ccts:PropertyTermQualifier>
              <ccts:PropertyTerm>Period</ccts:PropertyTerm>
              <ccts:AssociatedObjectClass>Period</ccts:AssociatedObjectClass>
            </ccts:Component>
          </xsd:documentation>
        </xsd:annotation>
      </xsd:element>
      <xsd:element ref="cac:DiscrepancyResponse" minOccurs="0" maxOccurs="unbounded">
        <xsd:annotation>
          <xsd:documentation>
            <ccts:Component>
              <ccts:ComponentType>ASBIE</ccts:ComponentType>
              <ccts:DictionaryEntryName>Credit Note. Discrepancy_ Response. Response</ccts:DictionaryEntryName>
              <ccts:Definition>An association to a reason for the Credit Note as a whole.</ccts:Definition>
              <ccts:Cardinality>0..n</ccts:Cardinality>
              <ccts:ObjectClass>Credit Note</ccts:ObjectClass>
              <ccts:PropertyTermQualifier>Discrepancy</ccts:PropertyTermQualifier>
              <ccts:PropertyTerm>Response</ccts:PropertyTerm>
              <ccts:AssociatedObjectClass>Response</ccts:AssociatedObjectClass>
            </ccts:Component>
          </xsd:documentation>
        </xsd:annotation>
      </xsd:element>
      <xsd:element ref="cac:OrderReference" minOccurs="0" maxOccurs="1">
        <xsd:annotation>
          <xsd:documentation>
            <ccts:Component>
              <ccts:ComponentType>ASBIE</ccts:ComponentType>
              <ccts:DictionaryEntryName>Credit Note. Order Reference</ccts:DictionaryEntryName>
              <ccts:Definition>An association to Order Reference.</ccts:Definition>
              <ccts:Cardinality>0..1</ccts:Cardinality>
              <ccts:ObjectClass>Credit Note</ccts:ObjectClass>
              <ccts:PropertyTerm>Order Reference</ccts:PropertyTerm>
              <ccts:AssociatedObjectClass>Order Reference</ccts:AssociatedObjectClass>
            </ccts:Component>
          </xsd:documentation>
        </xsd:annotation>
      </xsd:element>
      <xsd:element ref="cac:BillingReference" minOccurs="0" maxOccurs="unbounded">
        <xsd:annotation>
          <xsd:documentation>
            <ccts:Component>
              <ccts:ComponentType>ASBIE</ccts:ComponentType>
              <ccts:DictionaryEntryName>Credit Note. Billing Reference</ccts:DictionaryEntryName>
              <ccts:Definition>An association to Billing Reference.</ccts:Definition>
              <ccts:Cardinality>0..n</ccts:Cardinality>
              <ccts:ObjectClass>Credit Note</ccts:ObjectClass>
              <ccts:PropertyTerm>Billing Reference</ccts:PropertyTerm>
              <ccts:AssociatedObjectClass>Billing Reference</ccts:AssociatedObjectClass>
            </ccts:Component>
          </xsd:documentation>
        </xsd:annotation>
      </xsd:element>
      <xsd:element ref="cac:DespatchDocumentReference" minOccurs="0" maxOccurs="unbounded">
        <xsd:annotation>
          <xsd:documentation>
            <ccts:Component>
              <ccts:ComponentType>ASBIE</ccts:ComponentType>
              <ccts:DictionaryEntryName>Credit Note. Despatch_ Document Reference. Document Reference</ccts:DictionaryEntryName>
              <ccts:Definition>An associative reference to Despatch Advice.</ccts:Definition>
              <ccts:Cardinality>0..n</ccts:Cardinality>
              <ccts:ObjectClass>Credit Note</ccts:ObjectClass>
              <ccts:PropertyTermQualifier>Despatch</ccts:PropertyTermQualifier>
              <ccts:PropertyTerm>Document Reference</ccts:PropertyTerm>
              <ccts:AssociatedObjectClass>Document Reference</ccts:AssociatedObjectClass>
            </ccts:Component>
          </xsd:documentation>
        </xsd:annotation>
      </xsd:element>
      <xsd:element ref="cac:ReceiptDocumentReference" minOccurs="0" maxOccurs="unbounded">
        <xsd:annotation>
          <xsd:documentation>
            <ccts:Component>
              <ccts:ComponentType>ASBIE</ccts:ComponentType>
              <ccts:DictionaryEntryName>Credit Note. Receipt_ Document Reference. Document Reference</ccts:DictionaryEntryName>
              <ccts:Definition>An associative reference to Receipt Advice.</ccts:Definition>
              <ccts:Cardinality>0..n</ccts:Cardinality>
              <ccts:ObjectClass>Credit Note</ccts:ObjectClass>
              <ccts:PropertyTermQualifier>Receipt</ccts:PropertyTermQualifier>
              <ccts:PropertyTerm>Document Reference</ccts:PropertyTerm>
              <ccts:AssociatedObjectClass>Document Reference</ccts:AssociatedObjectClass>
            </ccts:Component>
          </xsd:documentation>
        </xsd:annotation>
      </xsd:element>
      <xsd:element ref="cac:ContractDocumentReference" minOccurs="0" maxOccurs="unbounded">
        <xsd:annotation>
          <xsd:documentation>
            <ccts:Component>
              <ccts:ComponentType>ASBIE</ccts:ComponentType>
              <ccts:DictionaryEntryName>Credit Note. Contract_ Document Reference. Document Reference</ccts:DictionaryEntryName>
              <ccts:Definition>An associative reference to Contract.</ccts:Definition>
              <ccts:Cardinality>0..n</ccts:Cardinality>
              <ccts:ObjectClass>Credit Note</ccts:ObjectClass>
              <ccts:PropertyTermQualifier>Contract</ccts:PropertyTermQualifier>
              <ccts:PropertyTerm>Document Reference</ccts:PropertyTerm>
              <ccts:AssociatedObjectClass>Document Reference</ccts:AssociatedObjectClass>
            </ccts:Component>
          </xsd:documentation>
        </xsd:annotation>
      </xsd:element>
      <xsd:element ref="cac:AdditionalDocumentReference" minOccurs="0" maxOccurs="unbounded">
        <xsd:annotation>
          <xsd:documentation>
            <ccts:Component>
              <ccts:ComponentType>ASBIE</ccts:ComponentType>
              <ccts:DictionaryEntryName>Credit Note. Additional_ Document Reference. Document Reference</ccts:DictionaryEntryName>
              <ccts:Definition>An associative reference to Additional Document.</ccts:Definition>
              <ccts:Cardinality>0..n</ccts:Cardinality>
              <ccts:ObjectClass>Credit Note</ccts:ObjectClass>
              <ccts:PropertyTermQualifier>Additional</ccts:PropertyTermQualifier>
              <ccts:PropertyTerm>Document Reference</ccts:PropertyTerm>
              <ccts:AssociatedObjectClass>Document Reference</ccts:AssociatedObjectClass>
            </ccts:Component>
          </xsd:documentation>
        </xsd:annotation>
      </xsd:element>
      <xsd:element ref="cac:Signature" minOccurs="0" maxOccurs="unbounded">
        <xsd:annotation>
          <xsd:documentation>
            <ccts:Component>
              <ccts:ComponentType>ASBIE</ccts:ComponentType>
              <ccts:DictionaryEntryName>Credit Note. Signature</ccts:DictionaryEntryName>
              <ccts:Definition>An association to Signature.</ccts:Definition>
              <ccts:Cardinality>0..n</ccts:Cardinality>
              <ccts:ObjectClass>Credit Note</ccts:ObjectClass>
              <ccts:PropertyTerm>Signature</ccts:PropertyTerm>
              <ccts:AssociatedObjectClass>Signature</ccts:AssociatedObjectClass>
            </ccts:Component>
          </xsd:documentation>
        </xsd:annotation>
      </xsd:element>
      <xsd:element ref="cac:AccountingSupplierParty" minOccurs="1" maxOccurs="1">
        <xsd:annotation>
          <xsd:documentation>
            <ccts:Component>
              <ccts:ComponentType>ASBIE</ccts:ComponentType>
              <ccts:DictionaryEntryName>Credit Note. Accounting_ Supplier Party. Supplier Party</ccts:DictionaryEntryName>
              <ccts:Definition>An association to the Accounting Supplier Party.</ccts:Definition>
              <ccts:Cardinality>1</ccts:Cardinality>
              <ccts:ObjectClass>Credit Note</ccts:ObjectClass>
              <ccts:PropertyTermQualifier>Accounting</ccts:PropertyTermQualifier>
              <ccts:PropertyTerm>Supplier Party</ccts:PropertyTerm>
              <ccts:AssociatedObjectClass>Supplier Party</ccts:AssociatedObjectClass>
            </ccts:Component>
          </xsd:documentation>
        </xsd:annotation>
      </xsd:element>
      <xsd:element ref="cac:AccountingCustomerParty" minOccurs="1" maxOccurs="1">
        <xsd:annotation>
          <xsd:documentation>
            <ccts:Component>
              <ccts:ComponentType>ASBIE</ccts:ComponentType>
              <ccts:DictionaryEntryName>Credit Note. Accounting_ Customer Party. Customer Party</ccts:DictionaryEntryName>
              <ccts:Definition>An association to the Accounting Customer Party.</ccts:Definition>
              <ccts:Cardinality>1</ccts:Cardinality>
              <ccts:ObjectClass>Credit Note</ccts:ObjectClass>
              <ccts:PropertyTermQualifier>Accounting</ccts:PropertyTermQualifier>
              <ccts:PropertyTerm>Customer Party</ccts:PropertyTerm>
              <ccts:AssociatedObjectClass>Customer Party</ccts:AssociatedObjectClass>
            </ccts:Component>
          </xsd:documentation>
        </xsd:annotation>
      </xsd:element>
      <xsd:element ref="cac:PayeeParty" minOccurs="0" maxOccurs="1">
        <xsd:annotation>
          <xsd:documentation>
            <ccts:Component>
              <ccts:ComponentType>ASBIE</ccts:ComponentType>
              <ccts:DictionaryEntryName>Credit Note. Payee_ Party. Party</ccts:DictionaryEntryName>
              <ccts:Definition>An association to the Payee.</ccts:Definition>
              <ccts:Cardinality>0..1</ccts:Cardinality>
              <ccts:ObjectClass>Credit Note</ccts:ObjectClass>
              <ccts:PropertyTermQualifier>Payee</ccts:PropertyTermQualifier>
              <ccts:PropertyTerm>Party</ccts:PropertyTerm>
              <ccts:AssociatedObjectClass>Party</ccts:AssociatedObjectClass>
            </ccts:Component>
          </xsd:documentation>
        </xsd:annotation>
      </xsd:element>
      <xsd:element ref="cac:TaxRepresentativeParty" minOccurs="0" maxOccurs="1">
        <xsd:annotation>
          <xsd:documentation>
            <ccts:Component>
              <ccts:ComponentType>ASBIE</ccts:ComponentType>
              <ccts:DictionaryEntryName>Credit Note. Tax Representative_ Party. Party</ccts:DictionaryEntryName>
              <ccts:Definition>An association to the Tax Representative.</ccts:Definition>
              <ccts:Cardinality>0..1</ccts:Cardinality>
              <ccts:ObjectClass>Credit Note</ccts:ObjectClass>
              <ccts:PropertyTermQualifier>Tax Representative</ccts:PropertyTermQualifier>
              <ccts:PropertyTerm>Party</ccts:PropertyTerm>
              <ccts:AssociatedObjectClass>Party</ccts:AssociatedObjectClass>
            </ccts:Component>
          </xsd:documentation>
        </xsd:annotation>
      </xsd:element>
      <xsd:element ref="cac:TaxExchangeRate" minOccurs="0" maxOccurs="1">
        <xsd:annotation>
          <xsd:documentation>
            <ccts:Component>
              <ccts:ComponentType>ASBIE</ccts:ComponentType>
              <ccts:DictionaryEntryName>Credit Note. Tax_ Exchange Rate. Exchange Rate</ccts:DictionaryEntryName>
              <ccts:Definition>An association to Exchange Rate between the Document Currency and the Tax Currency.</ccts:Definition>
              <ccts:Cardinality>0..1</ccts:Cardinality>
              <ccts:ObjectClass>Credit Note</ccts:ObjectClass>
              <ccts:PropertyTermQualifier>Tax</ccts:PropertyTermQualifier>
              <ccts:PropertyTerm>Exchange Rate</ccts:PropertyTerm>
              <ccts:AssociatedObjectClass>Exchange Rate</ccts:AssociatedObjectClass>
            </ccts:Component>
          </xsd:documentation>
        </xsd:annotation>
      </xsd:element>
      <xsd:element ref="cac:PricingExchangeRate" minOccurs="0" maxOccurs="1">
        <xsd:annotation>
          <xsd:documentation>
            <ccts:Component>
              <ccts:ComponentType>ASBIE</ccts:ComponentType>
              <ccts:DictionaryEntryName>Credit Note. Pricing_ Exchange Rate. Exchange Rate</ccts:DictionaryEntryName>
              <ccts:Definition>An association to Exchange Rate between the Document Currency and the Pricing Currency.</ccts:Definition>
              <ccts:Cardinality>0..1</ccts:Cardinality>
              <ccts:ObjectClass>Credit Note</ccts:ObjectClass>
              <ccts:PropertyTermQualifier>Pricing</ccts:PropertyTermQualifier>
              <ccts:PropertyTerm>Exchange Rate</ccts:PropertyTerm>
              <ccts:AssociatedObjectClass>Exchange Rate</ccts:AssociatedObjectClass>
            </ccts:Component>
          </xsd:documentation>
        </xsd:annotation>
      </xsd:element>
      <xsd:element ref="cac:PaymentExchangeRate" minOccurs="0" maxOccurs="1">
        <xsd:annotation>
          <xsd:documentation>
            <ccts:Component>
              <ccts:ComponentType>ASBIE</ccts:ComponentType>
              <ccts:DictionaryEntryName>Credit Note. Payment_ Exchange Rate. Exchange Rate</ccts:DictionaryEntryName>
              <ccts:Definition>An association to Exchange Rate between the Document Currency and the Payment Currency.</ccts:Definition>
              <ccts:Cardinality>0..1</ccts:Cardinality>
              <ccts:ObjectClass>Credit Note</ccts:ObjectClass>
              <ccts:PropertyTermQualifier>Payment</ccts:PropertyTermQualifier>
              <ccts:PropertyTerm>Exchange Rate</ccts:PropertyTerm>
              <ccts:AssociatedObjectClass>Exchange Rate</ccts:AssociatedObjectClass>
            </ccts:Component>
          </xsd:documentation>
        </xsd:annotation>
      </xsd:element>
      <xsd:element ref="cac:PaymentAlternativeExchangeRate" minOccurs="0" maxOccurs="1">
        <xsd:annotation>
          <xsd:documentation>
            <ccts:Component>
              <ccts:ComponentType>ASBIE</ccts:ComponentType>
              <ccts:DictionaryEntryName>Credit Note. Payment Alternative_ Exchange Rate. Exchange Rate</ccts:DictionaryEntryName>
              <ccts:Definition>An association to Exchange Rate between the Document Currency and the Payment Alternative Currency.</ccts:Definition>
              <ccts:Cardinality>0..1</ccts:Cardinality>
              <ccts:ObjectClass>Credit Note</ccts:ObjectClass>
              <ccts:PropertyTermQualifier>Payment Alternative</ccts:PropertyTermQualifier>
              <ccts:PropertyTerm>Exchange Rate</ccts:PropertyTerm>
              <ccts:AssociatedObjectClass>Exchange Rate</ccts:AssociatedObjectClass>
            </ccts:Component>
          </xsd:documentation>
        </xsd:annotation>
      </xsd:element>
      <xsd:element ref="cac:AllowanceCharge" minOccurs="0" maxOccurs="unbounded">
        <xsd:annotation>
          <xsd:documentation>
            <ccts:Component>
              <ccts:ComponentType>ASBIE</ccts:ComponentType>
              <ccts:DictionaryEntryName>Credit Note. Allowance Charge</ccts:DictionaryEntryName>
              <ccts:Definition>An association to Allowances and Charges that apply to the Credit Note as a whole.</ccts:Definition>
              <ccts:Cardinality>0..n</ccts:Cardinality>
              <ccts:ObjectClass>Credit Note</ccts:ObjectClass>
              <ccts:PropertyTerm>Allowance Charge</ccts:PropertyTerm>
              <ccts:AssociatedObjectClass>Allowance Charge</ccts:AssociatedObjectClass>
            </ccts:Component>
          </xsd:documentation>
        </xsd:annotation>
      </xsd:element>
      <xsd:element ref="cac:TaxTotal" minOccurs="0" maxOccurs="unbounded">
        <xsd:annotation>
          <xsd:documentation>
            <ccts:Component>
              <ccts:ComponentType>ASBIE</ccts:ComponentType>
              <ccts:DictionaryEntryName>Credit Note. Tax Total</ccts:DictionaryEntryName>
              <ccts:Definition>An association to Tax Total.</ccts:Definition>
              <ccts:Cardinality>0..n</ccts:Cardinality>
              <ccts:ObjectClass>Credit Note</ccts:ObjectClass>
              <ccts:PropertyTerm>Tax Total</ccts:PropertyTerm>
              <ccts:AssociatedObjectClass>Tax Total</ccts:AssociatedObjectClass>
            </ccts:Component>
          </xsd:documentation>
        </xsd:annotation>
      </xsd:element>
      <xsd:element ref="cac:LegalMonetaryTotal" minOccurs="1" maxOccurs="1">
        <xsd:annotation>
          <xsd:documentation>
            <ccts:Component>
              <ccts:ComponentType>ASBIE</ccts:ComponentType>
              <ccts:DictionaryEntryName>Credit Note. Legal_ Monetary Total. Monetary Total</ccts:DictionaryEntryName>
              <ccts:Definition>An association to the total amount payable on the Credit Note, including Allowances, Charges, and Taxes.</ccts:Definition>
              <ccts:Cardinality>1</ccts:Cardinality>
              <ccts:ObjectClass>Credit Note</ccts:ObjectClass>
              <ccts:PropertyTermQualifier>Legal</ccts:PropertyTermQualifier>
              <ccts:PropertyTerm>Monetary Total</ccts:PropertyTerm>
              <ccts:AssociatedObjectClass>Monetary Total</ccts:AssociatedObjectClass>
            </ccts:Component>
          </xsd:documentation>
        </xsd:annotation>
      </xsd:element>
      <xsd:element ref="cac:CreditNoteLine" minOccurs="1" maxOccurs="unbounded">
        <xsd:annotation>
          <xsd:documentation>
            <ccts:Component>
              <ccts:ComponentType>ASBIE</ccts:ComponentType>
              <ccts:DictionaryEntryName>Credit Note. Credit Note Line</ccts:DictionaryEntryName>
              <ccts:Definition>An association to one or more Credit Note Lines.</ccts:Definition>
              <ccts:Cardinality>1..n</ccts:Cardinality>
              <ccts:ObjectClass>Credit Note</ccts:ObjectClass>
              <ccts:PropertyTerm>Credit Note Line</ccts:PropertyTerm>
              <ccts:AssociatedObjectClass>Credit Note Line</ccts:AssociatedObjectClass>
            </ccts:Component>
          </xsd:documentation>
        </xsd:annotation>
      </xsd:element>
    </xsd:sequence>
  </xsd:complexType>
  <!--===== Element Declarations =====-->
  <!--===== Type Definitions =====-->
  <!--===== Basic Business Information Entity Type Definitions =====-->
</xsd:schema>
<!--===== Copyright Notice =====-->
<!--OASIS takes no position regarding the validity or scope of any 
  intellectual property or other rights that might be claimed to pertain 
  to the implementation or use of the technology described in this 
  document or the extent to which any license under such rights 
  might or might not be available; neither does it represent that it has 
  made any effort to identify any such rights. Information on OASIS's 
  procedures with respect to rights in OASIS specifications can be 
  found at the OASIS website. Copies of claims of rights made 
  available for publication and any assurances of licenses to be made 
  available, or the result of an attempt made to obtain a general 
  license or permission for the use of such proprietary rights by 
  implementors or users of this specification, can be obtained from 
  the OASIS Executive Director.

  OASIS invites any interested party to bring to its attention any 
  copyrights, patents or patent applications, or other proprietary 
  rights which may cover technology that may be required to 
  implement this specification. Please address the information to the 
  OASIS Executive Director.
  
  Copyright (C) OASIS Open 2001-2006. All Rights Reserved.

  This document and translations of it may be copied and furnished to 
  others, and derivative works that comment on or otherwise explain 
  it or assist in its implementation may be prepared, copied, 
  published and distributed, in whole or in part, without restriction of 
  any kind, provided that the above copyright notice and this 
  paragraph are included on all such copies and derivative works. 
  However, this document itself may not be modified in any way, 
  such as by removing the copyright notice or references to OASIS, 
  except as needed for the purpose of developing OASIS 
  specifications, in which case the procedures for copyrights defined 
  in the OASIS Intellectual Property Rights document must be 
  followed, or as required to translate it into languages other than 
  English. 

  The limited permissions granted above are perpetual and will not be 
  revoked by OASIS or its successors or assigns. 

  This document and the information contained herein is provided on 
  an "AS IS" basis and OASIS DISCLAIMS ALL WARRANTIES, 
  EXPRESS OR IMPLIED, INCLUDING BUT NOT LIMITED TO ANY 
  WARRANTY THAT THE USE OF THE INFORMATION HEREIN 
  WILL NOT INFRINGE ANY RIGHTS OR ANY IMPLIED 
  WARRANTIES OF MERCHANTABILITY OR FITNESS FOR A 
  PARTICULAR PURPOSE.-->]]></con:content><con:type>http://www.w3.org/2001/XMLSchema</con:type></con:part><con:part><con:url>file:/home/isr/git/parent/invoiceservice/InvoiceServiceRegistry/wsdl/invoiceService/1.0.0/invoice/UBL-AttachedDocument-2.0.xsd</con:url><con:content><![CDATA[<!--Document Type:     AttachedDocument
  Generated On:      Tue Oct 03 2:26:38 P3 2006-->
<!--===== xsd:schema Element With Namespaces Declarations =====-->
<xsd:schema targetNamespace="urn:oasis:names:specification:ubl:schema:xsd:AttachedDocument-2" elementFormDefault="qualified" attributeFormDefault="unqualified" version="2.0" xmlns:xsd="http://www.w3.org/2001/XMLSchema" xmlns="urn:oasis:names:specification:ubl:schema:xsd:AttachedDocument-2" xmlns:cac="urn:oasis:names:specification:ubl:schema:xsd:CommonAggregateComponents-2" xmlns:cbc="urn:oasis:names:specification:ubl:schema:xsd:CommonBasicComponents-2" xmlns:udt="urn:un:unece:uncefact:data:specification:UnqualifiedDataTypesSchemaModule:2" xmlns:ccts="urn:un:unece:uncefact:documentation:2" xmlns:ext="urn:oasis:names:specification:ubl:schema:xsd:CommonExtensionComponents-2" xmlns:qdt="urn:oasis:names:specification:ubl:schema:xsd:QualifiedDatatypes-2">
  <!--===== Imports =====-->
  <xsd:import namespace="urn:oasis:names:specification:ubl:schema:xsd:CommonAggregateComponents-2" schemaLocation="UBL-CommonAggregateComponents-2.0.xsd"/>
  <xsd:import namespace="urn:oasis:names:specification:ubl:schema:xsd:CommonBasicComponents-2" schemaLocation="UBL-CommonBasicComponents-2.0.xsd"/>
  <xsd:import namespace="urn:un:unece:uncefact:data:specification:UnqualifiedDataTypesSchemaModule:2" schemaLocation="UnqualifiedDataTypeSchemaModule-2.0.xsd"/>
  <xsd:import namespace="urn:oasis:names:specification:ubl:schema:xsd:CommonExtensionComponents-2" schemaLocation="UBL-CommonExtensionComponents-2.0.xsd"/>
  <xsd:import namespace="urn:oasis:names:specification:ubl:schema:xsd:QualifiedDatatypes-2" schemaLocation="UBL-QualifiedDatatypes-2.0.xsd"/>
  <!--===== Root Element =====-->
  <xsd:element name="AttachedDocument" type="AttachedDocumentType">
    <xsd:annotation>
      <xsd:documentation>This element MUST be conveyed as the root element in any instance document based on this Schema expression</xsd:documentation>
    </xsd:annotation>
  </xsd:element>
  <xsd:complexType name="AttachedDocumentType">
    <xsd:annotation>
      <xsd:documentation>
        <ccts:Component>
          <ccts:ComponentType>ABIE</ccts:ComponentType>
          <ccts:DictionaryEntryName>Attached Document. Details</ccts:DictionaryEntryName>
          <ccts:Definition>A UBL 'wrapper' that allows a document of any kind to be packaged with the UBL document that references it.</ccts:Definition>
          <ccts:ObjectClass>Attached Document</ccts:ObjectClass>
        </ccts:Component>
      </xsd:documentation>
    </xsd:annotation>
    <xsd:sequence>
      <xsd:element ref="ext:UBLExtensions" minOccurs="0" maxOccurs="1">
        <xsd:annotation>
          <xsd:documentation>A container for all extensions present in the document.</xsd:documentation>
        </xsd:annotation>
      </xsd:element>
      <xsd:element ref="cbc:UBLVersionID" minOccurs="0" maxOccurs="1">
        <xsd:annotation>
          <xsd:documentation>
            <ccts:Component>
              <ccts:ComponentType>BBIE</ccts:ComponentType>
              <ccts:DictionaryEntryName>Attached Document. UBL Version Identifier. Identifier</ccts:DictionaryEntryName>
              <ccts:Definition>The earliest version of the UBL 2 schema for this document type that defines all of the elements that might be encountered in the current instance.</ccts:Definition>
              <ccts:Cardinality>0..1</ccts:Cardinality>
              <ccts:ObjectClass>Attached Document</ccts:ObjectClass>
              <ccts:PropertyTerm>UBL Version Identifier</ccts:PropertyTerm>
              <ccts:RepresentationTerm>Identifier</ccts:RepresentationTerm>
              <ccts:DataType>Identifier. Type</ccts:DataType>
              <ccts:Examples>2.0.5</ccts:Examples>
            </ccts:Component>
          </xsd:documentation>
        </xsd:annotation>
      </xsd:element>
      <xsd:element ref="cbc:CustomizationID" minOccurs="0" maxOccurs="1">
        <xsd:annotation>
          <xsd:documentation>
            <ccts:Component>
              <ccts:ComponentType>BBIE</ccts:ComponentType>
              <ccts:DictionaryEntryName>Attached Document. Customization Identifier. Identifier</ccts:DictionaryEntryName>
              <ccts:Definition>Identifies a user-defined customization of UBL for a specific use.</ccts:Definition>
              <ccts:Cardinality>0..1</ccts:Cardinality>
              <ccts:ObjectClass>Attached Document</ccts:ObjectClass>
              <ccts:PropertyTerm>Customization Identifier</ccts:PropertyTerm>
              <ccts:RepresentationTerm>Identifier</ccts:RepresentationTerm>
              <ccts:DataType>Identifier. Type</ccts:DataType>
              <ccts:Examples>NES</ccts:Examples>
            </ccts:Component>
          </xsd:documentation>
        </xsd:annotation>
      </xsd:element>
      <xsd:element ref="cbc:ProfileID" minOccurs="0" maxOccurs="1">
        <xsd:annotation>
          <xsd:documentation>
            <ccts:Component>
              <ccts:ComponentType>BBIE</ccts:ComponentType>
              <ccts:DictionaryEntryName>Attached Document. Profile Identifier. Identifier</ccts:DictionaryEntryName>
              <ccts:Definition>Identifies a user-defined profile of the customization of UBL being used.</ccts:Definition>
              <ccts:Cardinality>0..1</ccts:Cardinality>
              <ccts:ObjectClass>Attached Document</ccts:ObjectClass>
              <ccts:PropertyTerm>Profile Identifier</ccts:PropertyTerm>
              <ccts:RepresentationTerm>Identifier</ccts:RepresentationTerm>
              <ccts:DataType>Identifier. Type</ccts:DataType>
              <ccts:Examples>BasicProcurementProcess</ccts:Examples>
            </ccts:Component>
          </xsd:documentation>
        </xsd:annotation>
      </xsd:element>
      <xsd:element ref="cbc:ID" minOccurs="1" maxOccurs="1">
        <xsd:annotation>
          <xsd:documentation>
            <ccts:Component>
              <ccts:ComponentType>BBIE</ccts:ComponentType>
              <ccts:DictionaryEntryName>Attached Document. Identifier</ccts:DictionaryEntryName>
              <ccts:Definition>An identifier for the Attached Document; this ID is used as a reference by the UBL 'parent' document.</ccts:Definition>
              <ccts:Cardinality>1</ccts:Cardinality>
              <ccts:ObjectClass>Attached Document</ccts:ObjectClass>
              <ccts:PropertyTerm>Identifier</ccts:PropertyTerm>
              <ccts:RepresentationTerm>Identifier</ccts:RepresentationTerm>
              <ccts:DataType>Identifier. Type</ccts:DataType>
            </ccts:Component>
          </xsd:documentation>
        </xsd:annotation>
      </xsd:element>
      <xsd:element ref="cbc:UUID" minOccurs="0" maxOccurs="1">
        <xsd:annotation>
          <xsd:documentation>
            <ccts:Component>
              <ccts:ComponentType>BBIE</ccts:ComponentType>
              <ccts:DictionaryEntryName>Attached Document. UUID. Identifier</ccts:DictionaryEntryName>
              <ccts:Definition>A universally unique identifier for an instance of this ABIE.</ccts:Definition>
              <ccts:Cardinality>0..1</ccts:Cardinality>
              <ccts:ObjectClass>Attached Document</ccts:ObjectClass>
              <ccts:PropertyTerm>UUID</ccts:PropertyTerm>
              <ccts:RepresentationTerm>Identifier</ccts:RepresentationTerm>
              <ccts:DataType>Identifier. Type</ccts:DataType>
            </ccts:Component>
          </xsd:documentation>
        </xsd:annotation>
      </xsd:element>
      <xsd:element ref="cbc:IssueDate" minOccurs="1" maxOccurs="1">
        <xsd:annotation>
          <xsd:documentation>
            <ccts:Component>
              <ccts:ComponentType>BBIE</ccts:ComponentType>
              <ccts:DictionaryEntryName>Attached Document. Issue Date. Date</ccts:DictionaryEntryName>
              <ccts:Definition>A date denoting when the Attached Document was issued.</ccts:Definition>
              <ccts:Cardinality>1</ccts:Cardinality>
              <ccts:ObjectClass>Attached Document</ccts:ObjectClass>
              <ccts:PropertyTerm>Issue Date</ccts:PropertyTerm>
              <ccts:RepresentationTerm>Date</ccts:RepresentationTerm>
              <ccts:DataType>Date. Type</ccts:DataType>
            </ccts:Component>
          </xsd:documentation>
        </xsd:annotation>
      </xsd:element>
      <xsd:element ref="cbc:IssueTime" minOccurs="0" maxOccurs="1">
        <xsd:annotation>
          <xsd:documentation>
            <ccts:Component>
              <ccts:ComponentType>BBIE</ccts:ComponentType>
              <ccts:DictionaryEntryName>Attached Document. Issue Time. Time</ccts:DictionaryEntryName>
              <ccts:Definition>A time denoting when the Attached Document was issued.</ccts:Definition>
              <ccts:Cardinality>0..1</ccts:Cardinality>
              <ccts:ObjectClass>Attached Document</ccts:ObjectClass>
              <ccts:PropertyTerm>Issue Time</ccts:PropertyTerm>
              <ccts:RepresentationTerm>Time</ccts:RepresentationTerm>
              <ccts:DataType>Time. Type</ccts:DataType>
            </ccts:Component>
          </xsd:documentation>
        </xsd:annotation>
      </xsd:element>
      <xsd:element ref="cbc:Note" minOccurs="0" maxOccurs="unbounded">
        <xsd:annotation>
          <xsd:documentation>
            <ccts:Component>
              <ccts:ComponentType>BBIE</ccts:ComponentType>
              <ccts:DictionaryEntryName>Attached Document. Note. Text</ccts:DictionaryEntryName>
              <ccts:Definition>Contains any free-form text pertinent to the entire document or to the document message itself. This element may contain notes or any other similar information that is not contained explicitly in another structure.</ccts:Definition>
              <ccts:Cardinality>0..n</ccts:Cardinality>
              <ccts:ObjectClass>Attached Document</ccts:ObjectClass>
              <ccts:PropertyTerm>Note</ccts:PropertyTerm>
              <ccts:RepresentationTerm>Text</ccts:RepresentationTerm>
              <ccts:DataType>Text. Type</ccts:DataType>
            </ccts:Component>
          </xsd:documentation>
        </xsd:annotation>
      </xsd:element>
      <xsd:element ref="cbc:DocumentTypeCode" minOccurs="0" maxOccurs="1">
        <xsd:annotation>
          <xsd:documentation>
            <ccts:Component>
              <ccts:ComponentType>BBIE</ccts:ComponentType>
              <ccts:DictionaryEntryName>Attached Document. Document Type Code. Code</ccts:DictionaryEntryName>
              <ccts:Definition>Qualifies the type of document using a code set.</ccts:Definition>
              <ccts:Cardinality>0..1</ccts:Cardinality>
              <ccts:ObjectClass>Attached Document</ccts:ObjectClass>
              <ccts:PropertyTerm>Document Type Code</ccts:PropertyTerm>
              <ccts:RepresentationTerm>Code</ccts:RepresentationTerm>
              <ccts:DataType>Code. Type</ccts:DataType>
            </ccts:Component>
          </xsd:documentation>
        </xsd:annotation>
      </xsd:element>
      <xsd:element ref="cbc:DocumentType" minOccurs="0" maxOccurs="1">
        <xsd:annotation>
          <xsd:documentation>
            <ccts:Component>
              <ccts:ComponentType>BBIE</ccts:ComponentType>
              <ccts:DictionaryEntryName>Attached Document. Document Type. Text</ccts:DictionaryEntryName>
              <ccts:Definition>Qualifies types of document as text.</ccts:Definition>
              <ccts:Cardinality>0..1</ccts:Cardinality>
              <ccts:ObjectClass>Attached Document</ccts:ObjectClass>
              <ccts:PropertyTerm>Document Type</ccts:PropertyTerm>
              <ccts:RepresentationTerm>Text</ccts:RepresentationTerm>
              <ccts:DataType>Text. Type</ccts:DataType>
            </ccts:Component>
          </xsd:documentation>
        </xsd:annotation>
      </xsd:element>
      <xsd:element ref="cbc:ParentDocumentID" minOccurs="1" maxOccurs="1">
        <xsd:annotation>
          <xsd:documentation>
            <ccts:Component>
              <ccts:ComponentType>BBIE</ccts:ComponentType>
              <ccts:DictionaryEntryName>Attached Document. Parent_ Document Identifier. Identifier</ccts:DictionaryEntryName>
              <ccts:Definition>Identifies the parent document.</ccts:Definition>
              <ccts:Cardinality>1</ccts:Cardinality>
              <ccts:ObjectClass>Attached Document</ccts:ObjectClass>
              <ccts:PropertyTermQualifier>Parent</ccts:PropertyTermQualifier>
              <ccts:PropertyTerm>Document Identifier</ccts:PropertyTerm>
              <ccts:RepresentationTerm>Identifier</ccts:RepresentationTerm>
              <ccts:DataType>Identifier. Type</ccts:DataType>
            </ccts:Component>
          </xsd:documentation>
        </xsd:annotation>
      </xsd:element>
      <xsd:element ref="cbc:ParentDocumentTypeCode" minOccurs="0" maxOccurs="1">
        <xsd:annotation>
          <xsd:documentation>
            <ccts:Component>
              <ccts:ComponentType>BBIE</ccts:ComponentType>
              <ccts:DictionaryEntryName>Attached Document. Parent_ Document Type Code. Code</ccts:DictionaryEntryName>
              <ccts:Definition>Identifies the type of parent document.</ccts:Definition>
              <ccts:Cardinality>0..1</ccts:Cardinality>
              <ccts:ObjectClass>Attached Document</ccts:ObjectClass>
              <ccts:PropertyTermQualifier>Parent</ccts:PropertyTermQualifier>
              <ccts:PropertyTerm>Document Type Code</ccts:PropertyTerm>
              <ccts:RepresentationTerm>Code</ccts:RepresentationTerm>
              <ccts:DataType>Code. Type</ccts:DataType>
            </ccts:Component>
          </xsd:documentation>
        </xsd:annotation>
      </xsd:element>
      <xsd:element ref="cac:Signature" minOccurs="0" maxOccurs="unbounded">
        <xsd:annotation>
          <xsd:documentation>
            <ccts:Component>
              <ccts:ComponentType>ASBIE</ccts:ComponentType>
              <ccts:DictionaryEntryName>Attached Document. Signature</ccts:DictionaryEntryName>
              <ccts:Definition>Associates the Attached Document with zero or more signatures.</ccts:Definition>
              <ccts:Cardinality>0..n</ccts:Cardinality>
              <ccts:ObjectClass>Attached Document</ccts:ObjectClass>
              <ccts:PropertyTerm>Signature</ccts:PropertyTerm>
              <ccts:AssociatedObjectClass>Signature</ccts:AssociatedObjectClass>
            </ccts:Component>
          </xsd:documentation>
        </xsd:annotation>
      </xsd:element>
      <xsd:element ref="cac:SenderParty" minOccurs="1" maxOccurs="1">
        <xsd:annotation>
          <xsd:documentation>
            <ccts:Component>
              <ccts:ComponentType>ASBIE</ccts:ComponentType>
              <ccts:DictionaryEntryName>Attached Document. Sender_ Party. Party</ccts:DictionaryEntryName>
              <ccts:Definition>An association to the Party sending this document.</ccts:Definition>
              <ccts:Cardinality>1</ccts:Cardinality>
              <ccts:ObjectClass>Attached Document</ccts:ObjectClass>
              <ccts:PropertyTermQualifier>Sender</ccts:PropertyTermQualifier>
              <ccts:PropertyTerm>Party</ccts:PropertyTerm>
              <ccts:AssociatedObjectClass>Party</ccts:AssociatedObjectClass>
            </ccts:Component>
          </xsd:documentation>
        </xsd:annotation>
      </xsd:element>
      <xsd:element ref="cac:ReceiverParty" minOccurs="1" maxOccurs="1">
        <xsd:annotation>
          <xsd:documentation>
            <ccts:Component>
              <ccts:ComponentType>ASBIE</ccts:ComponentType>
              <ccts:DictionaryEntryName>Attached Document. Receiver_ Party. Party</ccts:DictionaryEntryName>
              <ccts:Definition>An association to the Party receiving this document.</ccts:Definition>
              <ccts:Cardinality>1</ccts:Cardinality>
              <ccts:ObjectClass>Attached Document</ccts:ObjectClass>
              <ccts:PropertyTermQualifier>Receiver</ccts:PropertyTermQualifier>
              <ccts:PropertyTerm>Party</ccts:PropertyTerm>
              <ccts:AssociatedObjectClass>Party</ccts:AssociatedObjectClass>
            </ccts:Component>
          </xsd:documentation>
        </xsd:annotation>
      </xsd:element>
      <xsd:element ref="cac:Attachment" minOccurs="1" maxOccurs="1">
        <xsd:annotation>
          <xsd:documentation>
            <ccts:Component>
              <ccts:ComponentType>ASBIE</ccts:ComponentType>
              <ccts:DictionaryEntryName>Attached Document. Attachment</ccts:DictionaryEntryName>
              <ccts:Definition>An attachment containing the document content.</ccts:Definition>
              <ccts:Cardinality>1</ccts:Cardinality>
              <ccts:ObjectClass>Attached Document</ccts:ObjectClass>
              <ccts:PropertyTerm>Attachment</ccts:PropertyTerm>
              <ccts:AssociatedObjectClass>Attachment</ccts:AssociatedObjectClass>
            </ccts:Component>
          </xsd:documentation>
        </xsd:annotation>
      </xsd:element>
    </xsd:sequence>
  </xsd:complexType>
  <!--===== Element Declarations =====-->
  <!--===== Type Definitions =====-->
  <!--===== Basic Business Information Entity Type Definitions =====-->
</xsd:schema>
<!--===== Copyright Notice =====-->
<!--OASIS takes no position regarding the validity or scope of any 
  intellectual property or other rights that might be claimed to pertain 
  to the implementation or use of the technology described in this 
  document or the extent to which any license under such rights 
  might or might not be available; neither does it represent that it has 
  made any effort to identify any such rights. Information on OASIS's 
  procedures with respect to rights in OASIS specifications can be 
  found at the OASIS website. Copies of claims of rights made 
  available for publication and any assurances of licenses to be made 
  available, or the result of an attempt made to obtain a general 
  license or permission for the use of such proprietary rights by 
  implementors or users of this specification, can be obtained from 
  the OASIS Executive Director.

  OASIS invites any interested party to bring to its attention any 
  copyrights, patents or patent applications, or other proprietary 
  rights which may cover technology that may be required to 
  implement this specification. Please address the information to the 
  OASIS Executive Director.
  
  Copyright (C) OASIS Open 2001-2006. All Rights Reserved.

  This document and translations of it may be copied and furnished to 
  others, and derivative works that comment on or otherwise explain 
  it or assist in its implementation may be prepared, copied, 
  published and distributed, in whole or in part, without restriction of 
  any kind, provided that the above copyright notice and this 
  paragraph are included on all such copies and derivative works. 
  However, this document itself may not be modified in any way, 
  such as by removing the copyright notice or references to OASIS, 
  except as needed for the purpose of developing OASIS 
  specifications, in which case the procedures for copyrights defined 
  in the OASIS Intellectual Property Rights document must be 
  followed, or as required to translate it into languages other than 
  English. 

  The limited permissions granted above are perpetual and will not be 
  revoked by OASIS or its successors or assigns. 

  This document and the information contained herein is provided on 
  an "AS IS" basis and OASIS DISCLAIMS ALL WARRANTIES, 
  EXPRESS OR IMPLIED, INCLUDING BUT NOT LIMITED TO ANY 
  WARRANTY THAT THE USE OF THE INFORMATION HEREIN 
  WILL NOT INFRINGE ANY RIGHTS OR ANY IMPLIED 
  WARRANTIES OF MERCHANTABILITY OR FITNESS FOR A 
  PARTICULAR PURPOSE.-->]]></con:content><con:type>http://www.w3.org/2001/XMLSchema</con:type></con:part><con:part><con:url>file:/home/isr/git/parent/invoiceservice/InvoiceServiceRegistry/wsdl/invoiceService/1.0.0/invoice/UBL-ApplicationResponse-2.0.xsd</con:url><con:content><![CDATA[<!--Document Type:     ApplicationResponse
  Generated On:      Tue Oct 03 2:26:38 P3 2006-->
<!--===== xsd:schema Element With Namespaces Declarations =====-->
<xsd:schema targetNamespace="urn:oasis:names:specification:ubl:schema:xsd:ApplicationResponse-2" elementFormDefault="qualified" attributeFormDefault="unqualified" version="2.0" xmlns:xsd="http://www.w3.org/2001/XMLSchema" xmlns="urn:oasis:names:specification:ubl:schema:xsd:ApplicationResponse-2" xmlns:cac="urn:oasis:names:specification:ubl:schema:xsd:CommonAggregateComponents-2" xmlns:cbc="urn:oasis:names:specification:ubl:schema:xsd:CommonBasicComponents-2" xmlns:udt="urn:un:unece:uncefact:data:specification:UnqualifiedDataTypesSchemaModule:2" xmlns:ccts="urn:un:unece:uncefact:documentation:2" xmlns:ext="urn:oasis:names:specification:ubl:schema:xsd:CommonExtensionComponents-2" xmlns:qdt="urn:oasis:names:specification:ubl:schema:xsd:QualifiedDatatypes-2">
  <!--===== Imports =====-->
  <xsd:import namespace="urn:oasis:names:specification:ubl:schema:xsd:CommonAggregateComponents-2" schemaLocation="UBL-CommonAggregateComponents-2.0.xsd"/>
  <xsd:import namespace="urn:oasis:names:specification:ubl:schema:xsd:CommonBasicComponents-2" schemaLocation="UBL-CommonBasicComponents-2.0.xsd"/>
  <xsd:import namespace="urn:un:unece:uncefact:data:specification:UnqualifiedDataTypesSchemaModule:2" schemaLocation="UnqualifiedDataTypeSchemaModule-2.0.xsd"/>
  <xsd:import namespace="urn:oasis:names:specification:ubl:schema:xsd:CommonExtensionComponents-2" schemaLocation="UBL-CommonExtensionComponents-2.0.xsd"/>
  <xsd:import namespace="urn:oasis:names:specification:ubl:schema:xsd:QualifiedDatatypes-2" schemaLocation="UBL-QualifiedDatatypes-2.0.xsd"/>
  <!--===== Root Element =====-->
  <xsd:element name="ApplicationResponse" type="ApplicationResponseType">
    <xsd:annotation>
      <xsd:documentation>This element MUST be conveyed as the root element in any instance document based on this Schema expression</xsd:documentation>
    </xsd:annotation>
  </xsd:element>
  <xsd:complexType name="ApplicationResponseType">
    <xsd:annotation>
      <xsd:documentation>
        <ccts:Component>
          <ccts:ComponentType>ABIE</ccts:ComponentType>
          <ccts:DictionaryEntryName>Application Response. Details</ccts:DictionaryEntryName>
          <ccts:Definition>A document to indicate the application's response to a transaction. This may be a business response and/or a technical response, sent automatically by an application or initiated by a user.</ccts:Definition>
          <ccts:ObjectClass>Application Response</ccts:ObjectClass>
        </ccts:Component>
      </xsd:documentation>
    </xsd:annotation>
    <xsd:sequence>
      <xsd:element ref="ext:UBLExtensions" minOccurs="0" maxOccurs="1">
        <xsd:annotation>
          <xsd:documentation>A container for all extensions present in the document.</xsd:documentation>
        </xsd:annotation>
      </xsd:element>
      <xsd:element ref="cbc:UBLVersionID" minOccurs="0" maxOccurs="1">
        <xsd:annotation>
          <xsd:documentation>
            <ccts:Component>
              <ccts:ComponentType>BBIE</ccts:ComponentType>
              <ccts:DictionaryEntryName>Application Response. UBL Version Identifier. Identifier</ccts:DictionaryEntryName>
              <ccts:Definition>The earliest version of the UBL 2 schema for this document type that defines all of the elements that might be encountered in the current instance.</ccts:Definition>
              <ccts:Cardinality>0..1</ccts:Cardinality>
              <ccts:ObjectClass>Application Response</ccts:ObjectClass>
              <ccts:PropertyTerm>UBL Version Identifier</ccts:PropertyTerm>
              <ccts:RepresentationTerm>Identifier</ccts:RepresentationTerm>
              <ccts:DataType>Identifier. Type</ccts:DataType>
              <ccts:Examples>2.0.5</ccts:Examples>
            </ccts:Component>
          </xsd:documentation>
        </xsd:annotation>
      </xsd:element>
      <xsd:element ref="cbc:CustomizationID" minOccurs="0" maxOccurs="1">
        <xsd:annotation>
          <xsd:documentation>
            <ccts:Component>
              <ccts:ComponentType>BBIE</ccts:ComponentType>
              <ccts:DictionaryEntryName>Application Response. Customization Identifier. Identifier</ccts:DictionaryEntryName>
              <ccts:Definition>Identifies a user-defined customization of UBL for a specific use.</ccts:Definition>
              <ccts:Cardinality>0..1</ccts:Cardinality>
              <ccts:ObjectClass>Application Response</ccts:ObjectClass>
              <ccts:PropertyTerm>Customization Identifier</ccts:PropertyTerm>
              <ccts:RepresentationTerm>Identifier</ccts:RepresentationTerm>
              <ccts:DataType>Identifier. Type</ccts:DataType>
              <ccts:Examples>NES</ccts:Examples>
            </ccts:Component>
          </xsd:documentation>
        </xsd:annotation>
      </xsd:element>
      <xsd:element ref="cbc:ProfileID" minOccurs="0" maxOccurs="1">
        <xsd:annotation>
          <xsd:documentation>
            <ccts:Component>
              <ccts:ComponentType>BBIE</ccts:ComponentType>
              <ccts:DictionaryEntryName>Application Response. Profile Identifier. Identifier</ccts:DictionaryEntryName>
              <ccts:Definition>Identifies a user-defined profile of the customization of UBL being used.</ccts:Definition>
              <ccts:Cardinality>0..1</ccts:Cardinality>
              <ccts:ObjectClass>Application Response</ccts:ObjectClass>
              <ccts:PropertyTerm>Profile Identifier</ccts:PropertyTerm>
              <ccts:RepresentationTerm>Identifier</ccts:RepresentationTerm>
              <ccts:DataType>Identifier. Type</ccts:DataType>
              <ccts:Examples>BasicProcurementProcess</ccts:Examples>
            </ccts:Component>
          </xsd:documentation>
        </xsd:annotation>
      </xsd:element>
      <xsd:element ref="cbc:ID" minOccurs="1" maxOccurs="1">
        <xsd:annotation>
          <xsd:documentation>
            <ccts:Component>
              <ccts:ComponentType>BBIE</ccts:ComponentType>
              <ccts:DictionaryEntryName>Application Response. Identifier</ccts:DictionaryEntryName>
              <ccts:Definition>An identifier for the Application Response assigned by the sender.</ccts:Definition>
              <ccts:Cardinality>1</ccts:Cardinality>
              <ccts:ObjectClass>Application Response</ccts:ObjectClass>
              <ccts:PropertyTerm>Identifier</ccts:PropertyTerm>
              <ccts:RepresentationTerm>Identifier</ccts:RepresentationTerm>
              <ccts:DataType>Identifier. Type</ccts:DataType>
            </ccts:Component>
          </xsd:documentation>
        </xsd:annotation>
      </xsd:element>
      <xsd:element ref="cbc:UUID" minOccurs="0" maxOccurs="1">
        <xsd:annotation>
          <xsd:documentation>
            <ccts:Component>
              <ccts:ComponentType>BBIE</ccts:ComponentType>
              <ccts:DictionaryEntryName>Application Response. UUID. Identifier</ccts:DictionaryEntryName>
              <ccts:Definition>A universally unique identifier for an instance of this ABIE.</ccts:Definition>
              <ccts:Cardinality>0..1</ccts:Cardinality>
              <ccts:ObjectClass>Application Response</ccts:ObjectClass>
              <ccts:PropertyTerm>UUID</ccts:PropertyTerm>
              <ccts:RepresentationTerm>Identifier</ccts:RepresentationTerm>
              <ccts:DataType>Identifier. Type</ccts:DataType>
            </ccts:Component>
          </xsd:documentation>
        </xsd:annotation>
      </xsd:element>
      <xsd:element ref="cbc:IssueDate" minOccurs="1" maxOccurs="1">
        <xsd:annotation>
          <xsd:documentation>
            <ccts:Component>
              <ccts:ComponentType>BBIE</ccts:ComponentType>
              <ccts:DictionaryEntryName>Application Response. Issue Date. Date</ccts:DictionaryEntryName>
              <ccts:Definition>The date assigned by the sender's application on which the Application Response was created.</ccts:Definition>
              <ccts:Cardinality>1</ccts:Cardinality>
              <ccts:ObjectClass>Application Response</ccts:ObjectClass>
              <ccts:PropertyTerm>Issue Date</ccts:PropertyTerm>
              <ccts:RepresentationTerm>Date</ccts:RepresentationTerm>
              <ccts:DataType>Date. Type</ccts:DataType>
            </ccts:Component>
          </xsd:documentation>
        </xsd:annotation>
      </xsd:element>
      <xsd:element ref="cbc:IssueTime" minOccurs="0" maxOccurs="1">
        <xsd:annotation>
          <xsd:documentation>
            <ccts:Component>
              <ccts:ComponentType>BBIE</ccts:ComponentType>
              <ccts:DictionaryEntryName>Application Response. Issue Time. Time</ccts:DictionaryEntryName>
              <ccts:Definition>The time assigned by the sender's application at which the Application Response was created.</ccts:Definition>
              <ccts:Cardinality>0..1</ccts:Cardinality>
              <ccts:ObjectClass>Application Response</ccts:ObjectClass>
              <ccts:PropertyTerm>Issue Time</ccts:PropertyTerm>
              <ccts:RepresentationTerm>Time</ccts:RepresentationTerm>
              <ccts:DataType>Time. Type</ccts:DataType>
            </ccts:Component>
          </xsd:documentation>
        </xsd:annotation>
      </xsd:element>
      <xsd:element ref="cbc:ResponseDate" minOccurs="0" maxOccurs="1">
        <xsd:annotation>
          <xsd:documentation>
            <ccts:Component>
              <ccts:ComponentType>BBIE</ccts:ComponentType>
              <ccts:DictionaryEntryName>Application Response. Response Date. Date</ccts:DictionaryEntryName>
              <ccts:Definition>The date at which the information in the response was created.</ccts:Definition>
              <ccts:Cardinality>0..1</ccts:Cardinality>
              <ccts:ObjectClass>Application Response</ccts:ObjectClass>
              <ccts:PropertyTerm>Response Date</ccts:PropertyTerm>
              <ccts:RepresentationTerm>Date</ccts:RepresentationTerm>
              <ccts:DataType>Date. Type</ccts:DataType>
            </ccts:Component>
          </xsd:documentation>
        </xsd:annotation>
      </xsd:element>
      <xsd:element ref="cbc:ResponseTime" minOccurs="0" maxOccurs="1">
        <xsd:annotation>
          <xsd:documentation>
            <ccts:Component>
              <ccts:ComponentType>BBIE</ccts:ComponentType>
              <ccts:DictionaryEntryName>Application Response. Response Time. Time</ccts:DictionaryEntryName>
              <ccts:Definition>The time at which the information in the response was created.</ccts:Definition>
              <ccts:Cardinality>0..1</ccts:Cardinality>
              <ccts:ObjectClass>Application Response</ccts:ObjectClass>
              <ccts:PropertyTerm>Response Time</ccts:PropertyTerm>
              <ccts:RepresentationTerm>Time</ccts:RepresentationTerm>
              <ccts:DataType>Time. Type</ccts:DataType>
            </ccts:Component>
          </xsd:documentation>
        </xsd:annotation>
      </xsd:element>
      <xsd:element ref="cbc:Note" minOccurs="0" maxOccurs="unbounded">
        <xsd:annotation>
          <xsd:documentation>
            <ccts:Component>
              <ccts:ComponentType>BBIE</ccts:ComponentType>
              <ccts:DictionaryEntryName>Application Response. Note. Text</ccts:DictionaryEntryName>
              <ccts:Definition>Free-form text applying to the Application Response.  This element may contain notes or any other similar information that is not contained explicitly in another structure.</ccts:Definition>
              <ccts:Cardinality>0..n</ccts:Cardinality>
              <ccts:ObjectClass>Application Response</ccts:ObjectClass>
              <ccts:PropertyTerm>Note</ccts:PropertyTerm>
              <ccts:RepresentationTerm>Text</ccts:RepresentationTerm>
              <ccts:DataType>Text. Type</ccts:DataType>
            </ccts:Component>
          </xsd:documentation>
        </xsd:annotation>
      </xsd:element>
      <xsd:element ref="cbc:VersionID" minOccurs="0" maxOccurs="1">
        <xsd:annotation>
          <xsd:documentation>
            <ccts:Component>
              <ccts:ComponentType>BBIE</ccts:ComponentType>
              <ccts:DictionaryEntryName>Application Response. Version Identifier. Identifier</ccts:DictionaryEntryName>
              <ccts:Definition>Identifies the current version of this document.</ccts:Definition>
              <ccts:Cardinality>0..1</ccts:Cardinality>
              <ccts:ObjectClass>Application Response</ccts:ObjectClass>
              <ccts:PropertyTerm>Version Identifier</ccts:PropertyTerm>
              <ccts:RepresentationTerm>Identifier</ccts:RepresentationTerm>
              <ccts:DataType>Identifier. Type</ccts:DataType>
              <ccts:Examples>"1.1"</ccts:Examples>
            </ccts:Component>
          </xsd:documentation>
        </xsd:annotation>
      </xsd:element>
      <xsd:element ref="cac:Signature" minOccurs="0" maxOccurs="unbounded">
        <xsd:annotation>
          <xsd:documentation>
            <ccts:Component>
              <ccts:ComponentType>ASBIE</ccts:ComponentType>
              <ccts:DictionaryEntryName>Application Response. Signature</ccts:DictionaryEntryName>
              <ccts:Definition>An association to Signature.</ccts:Definition>
              <ccts:Cardinality>0..n</ccts:Cardinality>
              <ccts:ObjectClass>Application Response</ccts:ObjectClass>
              <ccts:PropertyTerm>Signature</ccts:PropertyTerm>
              <ccts:AssociatedObjectClass>Signature</ccts:AssociatedObjectClass>
            </ccts:Component>
          </xsd:documentation>
        </xsd:annotation>
      </xsd:element>
      <xsd:element ref="cac:SenderParty" minOccurs="1" maxOccurs="1">
        <xsd:annotation>
          <xsd:documentation>
            <ccts:Component>
              <ccts:ComponentType>ASBIE</ccts:ComponentType>
              <ccts:DictionaryEntryName>Application Response. Sender_ Party. Party</ccts:DictionaryEntryName>
              <ccts:Definition>An association to the Party sending this document.</ccts:Definition>
              <ccts:Cardinality>1</ccts:Cardinality>
              <ccts:ObjectClass>Application Response</ccts:ObjectClass>
              <ccts:PropertyTermQualifier>Sender</ccts:PropertyTermQualifier>
              <ccts:PropertyTerm>Party</ccts:PropertyTerm>
              <ccts:AssociatedObjectClass>Party</ccts:AssociatedObjectClass>
            </ccts:Component>
          </xsd:documentation>
        </xsd:annotation>
      </xsd:element>
      <xsd:element ref="cac:ReceiverParty" minOccurs="1" maxOccurs="1">
        <xsd:annotation>
          <xsd:documentation>
            <ccts:Component>
              <ccts:ComponentType>ASBIE</ccts:ComponentType>
              <ccts:DictionaryEntryName>Application Response. Receiver_ Party. Party</ccts:DictionaryEntryName>
              <ccts:Definition>An association to the Party receiving this document.</ccts:Definition>
              <ccts:Cardinality>1</ccts:Cardinality>
              <ccts:ObjectClass>Application Response</ccts:ObjectClass>
              <ccts:PropertyTermQualifier>Receiver</ccts:PropertyTermQualifier>
              <ccts:PropertyTerm>Party</ccts:PropertyTerm>
              <ccts:AssociatedObjectClass>Party</ccts:AssociatedObjectClass>
            </ccts:Component>
          </xsd:documentation>
        </xsd:annotation>
      </xsd:element>
      <xsd:element ref="cac:DocumentResponse" minOccurs="1" maxOccurs="unbounded">
        <xsd:annotation>
          <xsd:documentation>
            <ccts:Component>
              <ccts:ComponentType>ASBIE</ccts:ComponentType>
              <ccts:DictionaryEntryName>Application Response. Document Response</ccts:DictionaryEntryName>
              <ccts:Definition>A response to one or more documents.</ccts:Definition>
              <ccts:Cardinality>1..n</ccts:Cardinality>
              <ccts:ObjectClass>Application Response</ccts:ObjectClass>
              <ccts:PropertyTerm>Document Response</ccts:PropertyTerm>
              <ccts:AssociatedObjectClass>Document Response</ccts:AssociatedObjectClass>
            </ccts:Component>
          </xsd:documentation>
        </xsd:annotation>
      </xsd:element>
    </xsd:sequence>
  </xsd:complexType>
  <!--===== Element Declarations =====-->
  <!--===== Type Definitions =====-->
  <!--===== Basic Business Information Entity Type Definitions =====-->
</xsd:schema>
<!--===== Copyright Notice =====-->
<!--OASIS takes no position regarding the validity or scope of any 
  intellectual property or other rights that might be claimed to pertain 
  to the implementation or use of the technology described in this 
  document or the extent to which any license under such rights 
  might or might not be available; neither does it represent that it has 
  made any effort to identify any such rights. Information on OASIS's 
  procedures with respect to rights in OASIS specifications can be 
  found at the OASIS website. Copies of claims of rights made 
  available for publication and any assurances of licenses to be made 
  available, or the result of an attempt made to obtain a general 
  license or permission for the use of such proprietary rights by 
  implementors or users of this specification, can be obtained from 
  the OASIS Executive Director.

  OASIS invites any interested party to bring to its attention any 
  copyrights, patents or patent applications, or other proprietary 
  rights which may cover technology that may be required to 
  implement this specification. Please address the information to the 
  OASIS Executive Director.
  
  Copyright (C) OASIS Open 2001-2006. All Rights Reserved.

  This document and translations of it may be copied and furnished to 
  others, and derivative works that comment on or otherwise explain 
  it or assist in its implementation may be prepared, copied, 
  published and distributed, in whole or in part, without restriction of 
  any kind, provided that the above copyright notice and this 
  paragraph are included on all such copies and derivative works. 
  However, this document itself may not be modified in any way, 
  such as by removing the copyright notice or references to OASIS, 
  except as needed for the purpose of developing OASIS 
  specifications, in which case the procedures for copyrights defined 
  in the OASIS Intellectual Property Rights document must be 
  followed, or as required to translate it into languages other than 
  English. 

  The limited permissions granted above are perpetual and will not be 
  revoked by OASIS or its successors or assigns. 

  This document and the information contained herein is provided on 
  an "AS IS" basis and OASIS DISCLAIMS ALL WARRANTIES, 
  EXPRESS OR IMPLIED, INCLUDING BUT NOT LIMITED TO ANY 
  WARRANTY THAT THE USE OF THE INFORMATION HEREIN 
  WILL NOT INFRINGE ANY RIGHTS OR ANY IMPLIED 
  WARRANTIES OF MERCHANTABILITY OR FITNESS FOR A 
  PARTICULAR PURPOSE.-->]]></con:content><con:type>http://www.w3.org/2001/XMLSchema</con:type></con:part><con:part><con:url>file:/home/isr/git/parent/invoiceservice/InvoiceServiceRegistry/wsdl/invoiceService/1.0.0/invoice/SwaRef.xsd</con:url><con:content>&lt;xsd:schema targetNamespace="http://ws-i.org/profiles/basic/1.1/xsd" xmlns:xsd="http://www.w3.org/2001/XMLSchema">
  &lt;xsd:simpleType name="swaRef">
    &lt;xsd:restriction base="xsd:anyURI"/>
  &lt;/xsd:simpleType>
&lt;/xsd:schema></con:content><con:type>http://www.w3.org/2001/XMLSchema</con:type></con:part></con:definitionCache><con:endpoints><con:endpoint>http://fidus.brussels/services/invoiceservice/v1</con:endpoint><con:endpoint>https://192.168.22.53:8443/services/InvoiceService_v1.0</con:endpoint><con:endpoint>https://192.168.24.16:8443/services/InvoiceService_v1.0</con:endpoint><con:endpoint>https://192.168.24.17:8443/services/InvoiceService_v1.0</con:endpoint><con:endpoint>https://192.168.26.22:8443/services/InvoiceService_v1.0</con:endpoint><con:endpoint>https://192.168.36.61:8243/services/InvoiceService_v1.0</con:endpoint><con:endpoint>https://esb-security-gw.sta.srv.cirb.lan:8443/services/InvoiceService_v1.0</con:endpoint><con:endpoint>https://fidus-esb-sg.prd.srv.cirb.lan:8443/services/InvoiceService_v1.0</con:endpoint><con:endpoint>https://fidus-esb-sg.sta.srv.cirb.lan:8443/services/InvoiceService_v1.0</con:endpoint><con:endpoint>https://fidus-test.irisnetlab.be/services/InvoiceService_v1.0</con:endpoint><con:endpoint>https://fidus.irisnetlab.be/services/InvoiceService_v1.0</con:endpoint><con:endpoint>https://fidus.sec.brussels/services/InvoiceService_v1.0</con:endpoint><con:endpoint>https://localhost:8243/services/InvoiceService_v1.0</con:endpoint></con:endpoints><con:operation id="b62cbf1c-1a1d-4844-995d-42d8ed65946f" isOneWay="false" action="http://fidus.brussels/services/invoiceservice/markRequest" name="markRequest" bindingOperationName="markRequest" type="Request-Response" inputName="" receivesAttachments="false" sendsAttachments="false" anonymous="optional"><con:settings/><con:call id="a5237834-0d57-46f9-863a-aa0790c4f3ae" name="1 - Local - Request" outgoingWss="Outflow DEV" incomingWss="Inflow DEV"><con:settings><con:setting id="com.eviware.soapui.impl.wsdl.WsdlRequest@request-headers">&lt;xml-fragment/></con:setting></con:settings><con:encoding>UTF-8</con:encoding><con:endpoint>https://localhost:8243/services/InvoiceService_v1.0</con:endpoint><con:request><![CDATA[<soapenv:Envelope xmlns:soapenv="http://schemas.xmlsoap.org/soap/envelope/" xmlns:v1="http://fidus.brussels/service/invoiceservice/messages/v1" xmlns:v11="http://fidus.brussels/type/common/messages/v1" xmlns:urn="urn:oasis:names:specification:ubl:schema:xsd:CommonAggregateComponents-2" xmlns:urn1="urn:oasis:names:specification:ubl:schema:xsd:CommonBasicComponents-2">
   <soapenv:Header/>
   <soapenv:Body>
      <v1:markRequestRequest>
         <v1:messageContext>
            <v11:messageId>${=import static java.util.UUID.randomUUID; uuid = randomUUID() as String}</v11:messageId>
            <v11:timestamp>${=new java.text.SimpleDateFormat("yyyy-MM-dd'T'HH:mm:ss.SSS").format(new Date())}</v11:timestamp>
         </v1:messageContext>
         <v1:request>
            <urn:SenderParty>
               <urn:PartyIdentification>
                  <urn1:ID schemeID="BE:VAT">1111111111</urn1:ID>
               </urn:PartyIdentification>
            </urn:SenderParty>
            <urn:ReceiverParty>
               <urn:PartyIdentification>
                  <urn1:ID schemeID="BE:VAT">2222222222</urn1:ID>
               </urn:PartyIdentification>
            </urn:ReceiverParty>
            <urn1:ID>1461749877648</urn1:ID>
            <urn1:DocumentTypeCode>380</urn1:DocumentTypeCode>
         </v1:request>
      </v1:markRequestRequest>
   </soapenv:Body>
</soapenv:Envelope>]]></con:request><con:credentials><con:selectedAuthProfile>Basic</con:selectedAuthProfile><con:addedBasicAuthenticationTypes>Basic</con:addedBasicAuthenticationTypes><con:authType>Global HTTP Settings</con:authType></con:credentials><con:jmsConfig JMSDeliveryMode="PERSISTENT"/><con:jmsPropertyConfig/><con:wsaConfig mustUnderstand="NONE" version="200508" action="http://fidus.brussels/services/invoiceservice/markRequest"/><con:wsrmConfig version="1.2"/></con:call><con:call id="b66e46a1-673b-4ceb-b35c-bf108877af94" name="2 - Dev - Request" outgoingWss="Outflow DEV" incomingWss="Inflow DEV"><con:settings><con:setting id="com.eviware.soapui.impl.wsdl.WsdlRequest@request-headers">&lt;xml-fragment/></con:setting></con:settings><con:encoding>UTF-8</con:encoding><con:endpoint>https://192.168.36.61:8243/services/InvoiceService_v1.0</con:endpoint><con:request><![CDATA[<soapenv:Envelope xmlns:soapenv="http://schemas.xmlsoap.org/soap/envelope/" xmlns:v1="http://fidus.brussels/service/invoiceservice/messages/v1" xmlns:v11="http://fidus.brussels/type/common/messages/v1" xmlns:urn="urn:oasis:names:specification:ubl:schema:xsd:CommonAggregateComponents-2" xmlns:urn1="urn:oasis:names:specification:ubl:schema:xsd:CommonBasicComponents-2">
   <soapenv:Header/>
   <soapenv:Body>
      <v1:markRequestRequest>
         <v1:messageContext>
            <v11:messageId>${=import static java.util.UUID.randomUUID; uuid = randomUUID() as String}</v11:messageId>
            <v11:timestamp>${=new java.text.SimpleDateFormat("yyyy-MM-dd'T'HH:mm:ss.SSS").format(new Date())}</v11:timestamp>
         </v1:messageContext>
         <v1:request>
            <urn:SenderParty>
               <urn:PartyIdentification>
                  <urn1:ID schemeID="BE:VAT">1111111111</urn1:ID>
               </urn:PartyIdentification>
            </urn:SenderParty>
            <urn:ReceiverParty>
               <urn:PartyIdentification>
                  <urn1:ID schemeID="BE:VAT">2222222222</urn1:ID>
               </urn:PartyIdentification>
            </urn:ReceiverParty>
            <urn1:ID>1461749877648</urn1:ID>
            <urn1:DocumentTypeCode>380</urn1:DocumentTypeCode>
         </v1:request>
      </v1:markRequestRequest>
   </soapenv:Body>
</soapenv:Envelope>]]></con:request><con:credentials><con:selectedAuthProfile>Basic</con:selectedAuthProfile><con:addedBasicAuthenticationTypes>Basic</con:addedBasicAuthenticationTypes><con:authType>Global HTTP Settings</con:authType></con:credentials><con:jmsConfig JMSDeliveryMode="PERSISTENT"/><con:jmsPropertyConfig/><con:wsaConfig mustUnderstand="NONE" version="200508" action="http://fidus.brussels/services/invoiceservice/markRequest"/><con:wsrmConfig version="1.2"/></con:call><con:call id="21a690d0-92ec-4a8f-8842-ad6f729d9e2a" name="3 - Test - External - Request" outgoingWss="Outflow TEST" incomingWss="Inflow TEST"><con:settings><con:setting id="com.eviware.soapui.impl.wsdl.WsdlRequest@request-headers">&lt;xml-fragment/></con:setting></con:settings><con:encoding>UTF-8</con:encoding><con:endpoint>https://fidus-test.irisnetlab.be/services/InvoiceService_v1.0</con:endpoint><con:request><![CDATA[<soapenv:Envelope xmlns:soapenv="http://schemas.xmlsoap.org/soap/envelope/" xmlns:v1="http://fidus.brussels/service/invoiceservice/messages/v1" xmlns:v11="http://fidus.brussels/type/common/messages/v1" xmlns:urn="urn:oasis:names:specification:ubl:schema:xsd:CommonAggregateComponents-2" xmlns:urn1="urn:oasis:names:specification:ubl:schema:xsd:CommonBasicComponents-2">
   <soapenv:Header/>
   <soapenv:Body>
      <v1:markRequestRequest>
         <v1:messageContext>
            <v11:messageId>${=import static java.util.UUID.randomUUID; uuid = randomUUID() as String}</v11:messageId>
            <v11:timestamp>${=new java.text.SimpleDateFormat("yyyy-MM-dd'T'HH:mm:ss.SSS").format(new Date())}</v11:timestamp>
         </v1:messageContext>
         <v1:request>
            <urn:SenderParty>
               <urn:PartyIdentification>
                  <urn1:ID schemeID="BE:VAT">1111111111</urn1:ID>
               </urn:PartyIdentification>
            </urn:SenderParty>
            <urn:ReceiverParty>
               <urn:PartyIdentification>
                  <urn1:ID schemeID="BE:VAT">2222222222</urn1:ID>
               </urn:PartyIdentification>
            </urn:ReceiverParty>
            <urn1:ID>1461749877648</urn1:ID>
            <urn1:DocumentTypeCode>380</urn1:DocumentTypeCode>
         </v1:request>
      </v1:markRequestRequest>
   </soapenv:Body>
</soapenv:Envelope>]]></con:request><con:credentials><con:selectedAuthProfile>Basic</con:selectedAuthProfile><con:addedBasicAuthenticationTypes>Basic</con:addedBasicAuthenticationTypes><con:authType>Global HTTP Settings</con:authType></con:credentials><con:jmsConfig JMSDeliveryMode="PERSISTENT"/><con:jmsPropertyConfig/><con:wsaConfig mustUnderstand="NONE" version="200508" action="http://fidus.brussels/services/invoiceservice/markRequest"/><con:wsrmConfig version="1.2"/></con:call><con:call id="539f9e64-5c4c-454c-8cab-3ecd33fbef22" name="3 - Test - LB - Request" outgoingWss="Outflow TEST" incomingWss="Inflow TEST"><con:settings><con:setting id="com.eviware.soapui.impl.wsdl.WsdlRequest@request-headers">&lt;xml-fragment/></con:setting></con:settings><con:encoding>UTF-8</con:encoding><con:endpoint>https://esb-security-gw.sta.srv.cirb.lan:8443/services/InvoiceService_v1.0</con:endpoint><con:request><![CDATA[<soapenv:Envelope xmlns:soapenv="http://schemas.xmlsoap.org/soap/envelope/" xmlns:v1="http://fidus.brussels/service/invoiceservice/messages/v1" xmlns:v11="http://fidus.brussels/type/common/messages/v1" xmlns:urn="urn:oasis:names:specification:ubl:schema:xsd:CommonAggregateComponents-2" xmlns:urn1="urn:oasis:names:specification:ubl:schema:xsd:CommonBasicComponents-2">
   <soapenv:Header/>
   <soapenv:Body>
      <v1:markRequestRequest>
         <v1:messageContext>
            <v11:messageId>${=import static java.util.UUID.randomUUID; uuid = randomUUID() as String}</v11:messageId>
            <v11:timestamp>${=new java.text.SimpleDateFormat("yyyy-MM-dd'T'HH:mm:ss.SSS").format(new Date())}</v11:timestamp>
         </v1:messageContext>
         <v1:request>
            <urn:SenderParty>
               <urn:PartyIdentification>
                  <urn1:ID schemeID="BE:VAT">1111111111</urn1:ID>
               </urn:PartyIdentification>
            </urn:SenderParty>
            <urn:ReceiverParty>
               <urn:PartyIdentification>
                  <urn1:ID schemeID="BE:VAT">2222222222</urn1:ID>
               </urn:PartyIdentification>
            </urn:ReceiverParty>
            <urn1:ID>1461749877648</urn1:ID>
            <urn1:DocumentTypeCode>380</urn1:DocumentTypeCode>
         </v1:request>
      </v1:markRequestRequest>
   </soapenv:Body>
</soapenv:Envelope>]]></con:request><con:credentials><con:selectedAuthProfile>Basic</con:selectedAuthProfile><con:addedBasicAuthenticationTypes>Basic</con:addedBasicAuthenticationTypes><con:authType>Global HTTP Settings</con:authType></con:credentials><con:jmsConfig JMSDeliveryMode="PERSISTENT"/><con:jmsPropertyConfig/><con:wsaConfig mustUnderstand="NONE" version="200508" action="http://fidus.brussels/services/invoiceservice/markRequest"/><con:wsrmConfig version="1.2"/></con:call><con:call id="0c0345e0-3731-4438-b425-ee89deb53429" name="3 - Test - Worker1 - Request" outgoingWss="Outflow TEST" incomingWss="Inflow TEST"><con:settings><con:setting id="com.eviware.soapui.impl.wsdl.WsdlRequest@request-headers">&lt;xml-fragment/></con:setting></con:settings><con:encoding>UTF-8</con:encoding><con:endpoint>https://192.168.22.53:8443/services/InvoiceService_v1.0</con:endpoint><con:request><![CDATA[<soapenv:Envelope xmlns:soapenv="http://schemas.xmlsoap.org/soap/envelope/" xmlns:v1="http://fidus.brussels/service/invoiceservice/messages/v1" xmlns:v11="http://fidus.brussels/type/common/messages/v1" xmlns:urn="urn:oasis:names:specification:ubl:schema:xsd:CommonAggregateComponents-2" xmlns:urn1="urn:oasis:names:specification:ubl:schema:xsd:CommonBasicComponents-2">
   <soapenv:Header/>
   <soapenv:Body>
      <v1:markRequestRequest>
         <v1:messageContext>
            <v11:messageId>${=import static java.util.UUID.randomUUID; uuid = randomUUID() as String}</v11:messageId>
            <v11:timestamp>${=new java.text.SimpleDateFormat("yyyy-MM-dd'T'HH:mm:ss.SSS").format(new Date())}</v11:timestamp>
         </v1:messageContext>
         <v1:request>
            <urn:SenderParty>
               <urn:PartyIdentification>
                  <urn1:ID schemeID="BE:VAT">1111111111</urn1:ID>
               </urn:PartyIdentification>
            </urn:SenderParty>
            <urn:ReceiverParty>
               <urn:PartyIdentification>
                  <urn1:ID schemeID="BE:VAT">2222222222</urn1:ID>
               </urn:PartyIdentification>
            </urn:ReceiverParty>
            <urn1:ID>1461749877648</urn1:ID>
            <urn1:DocumentTypeCode>380</urn1:DocumentTypeCode>
         </v1:request>
      </v1:markRequestRequest>
   </soapenv:Body>
</soapenv:Envelope>]]></con:request><con:credentials><con:selectedAuthProfile>Basic</con:selectedAuthProfile><con:addedBasicAuthenticationTypes>Basic</con:addedBasicAuthenticationTypes><con:authType>Global HTTP Settings</con:authType></con:credentials><con:jmsConfig JMSDeliveryMode="PERSISTENT"/><con:jmsPropertyConfig/><con:wsaConfig mustUnderstand="NONE" version="200508" action="http://fidus.brussels/services/invoiceservice/markRequest"/><con:wsrmConfig version="1.2"/></con:call><con:call id="e60a91d4-96f5-4b65-bdeb-8e4b283309b2" name="3 - Test - Worker2 - Request" outgoingWss="Outflow TEST" incomingWss="Inflow TEST"><con:settings><con:setting id="com.eviware.soapui.impl.wsdl.WsdlRequest@request-headers">&lt;xml-fragment/></con:setting></con:settings><con:encoding>UTF-8</con:encoding><con:endpoint>https://192.168.22.54:8443/services/InvoiceService_v1.0</con:endpoint><con:request><![CDATA[<soapenv:Envelope xmlns:soapenv="http://schemas.xmlsoap.org/soap/envelope/" xmlns:v1="http://fidus.brussels/service/invoiceservice/messages/v1" xmlns:v11="http://fidus.brussels/type/common/messages/v1" xmlns:urn="urn:oasis:names:specification:ubl:schema:xsd:CommonAggregateComponents-2" xmlns:urn1="urn:oasis:names:specification:ubl:schema:xsd:CommonBasicComponents-2">
   <soapenv:Header/>
   <soapenv:Body>
      <v1:markRequestRequest>
         <v1:messageContext>
            <v11:messageId>${=import static java.util.UUID.randomUUID; uuid = randomUUID() as String}</v11:messageId>
            <v11:timestamp>${=new java.text.SimpleDateFormat("yyyy-MM-dd'T'HH:mm:ss.SSS").format(new Date())}</v11:timestamp>
         </v1:messageContext>
         <v1:request>
            <urn:SenderParty>
               <urn:PartyIdentification>
                  <urn1:ID schemeID="BE:VAT">1111111111</urn1:ID>
               </urn:PartyIdentification>
            </urn:SenderParty>
            <urn:ReceiverParty>
               <urn:PartyIdentification>
                  <urn1:ID schemeID="BE:VAT">2222222222</urn1:ID>
               </urn:PartyIdentification>
            </urn:ReceiverParty>
            <urn1:ID>1461749877648</urn1:ID>
            <urn1:DocumentTypeCode>380</urn1:DocumentTypeCode>
         </v1:request>
      </v1:markRequestRequest>
   </soapenv:Body>
</soapenv:Envelope>]]></con:request><con:credentials><con:selectedAuthProfile>Basic</con:selectedAuthProfile><con:addedBasicAuthenticationTypes>Basic</con:addedBasicAuthenticationTypes><con:authType>Global HTTP Settings</con:authType></con:credentials><con:jmsConfig JMSDeliveryMode="PERSISTENT"/><con:jmsPropertyConfig/><con:wsaConfig mustUnderstand="NONE" version="200508" action="http://fidus.brussels/services/invoiceservice/markRequest"/><con:wsrmConfig version="1.2"/></con:call><con:call id="73a540e6-f5a2-4901-a6bc-2a15f2100066" name="4 - Staging - External - Request" outgoingWss="Outflow STAG" incomingWss="Inflow STAG"><con:settings><con:setting id="com.eviware.soapui.impl.wsdl.WsdlRequest@request-headers">&lt;xml-fragment/></con:setting></con:settings><con:encoding>UTF-8</con:encoding><con:endpoint>https://fidus.irisnetlab.be/services/InvoiceService_v1.0</con:endpoint><con:request><![CDATA[<soapenv:Envelope xmlns:soapenv="http://schemas.xmlsoap.org/soap/envelope/" xmlns:v1="http://fidus.brussels/service/invoiceservice/messages/v1" xmlns:v11="http://fidus.brussels/type/common/messages/v1" xmlns:urn="urn:oasis:names:specification:ubl:schema:xsd:CommonAggregateComponents-2" xmlns:urn1="urn:oasis:names:specification:ubl:schema:xsd:CommonBasicComponents-2">
   <soapenv:Header/>
   <soapenv:Body>
      <v1:markRequestRequest>
         <v1:messageContext>
            <v11:messageId>${=import static java.util.UUID.randomUUID; uuid = randomUUID() as String}</v11:messageId>
            <v11:timestamp>${=new java.text.SimpleDateFormat("yyyy-MM-dd'T'HH:mm:ss.SSS").format(new Date())}</v11:timestamp>
         </v1:messageContext>
         <v1:request>
            <urn:SenderParty>
               <urn:PartyIdentification>
                  <urn1:ID schemeID="BE:VAT">1111111111</urn1:ID>
               </urn:PartyIdentification>
            </urn:SenderParty>
            <urn:ReceiverParty>
               <urn:PartyIdentification>
                  <urn1:ID schemeID="BE:VAT">2222222222</urn1:ID>
               </urn:PartyIdentification>
            </urn:ReceiverParty>
            <urn1:ID>1461749877648</urn1:ID>
            <urn1:DocumentTypeCode>380</urn1:DocumentTypeCode>
         </v1:request>
      </v1:markRequestRequest>
   </soapenv:Body>
</soapenv:Envelope>]]></con:request><con:credentials><con:selectedAuthProfile>Basic</con:selectedAuthProfile><con:addedBasicAuthenticationTypes>Basic</con:addedBasicAuthenticationTypes><con:authType>Global HTTP Settings</con:authType></con:credentials><con:jmsConfig JMSDeliveryMode="PERSISTENT"/><con:jmsPropertyConfig/><con:wsaConfig mustUnderstand="NONE" version="200508" action="http://fidus.brussels/services/invoiceservice/markRequest"/><con:wsrmConfig version="1.2"/></con:call><con:call id="e53cabcc-d6b4-42b1-9967-f5f46cbf66a3" name="4 - Staging - LB - Request" outgoingWss="Outflow STAG" incomingWss="Inflow STAG"><con:settings><con:setting id="com.eviware.soapui.impl.wsdl.WsdlRequest@request-headers">&lt;xml-fragment/></con:setting></con:settings><con:encoding>UTF-8</con:encoding><con:endpoint>https://fidus-esb-sg.sta.srv.cirb.lan:8443/services/InvoiceService_v1.0</con:endpoint><con:request><![CDATA[<soapenv:Envelope xmlns:soapenv="http://schemas.xmlsoap.org/soap/envelope/" xmlns:v1="http://fidus.brussels/service/invoiceservice/messages/v1" xmlns:v11="http://fidus.brussels/type/common/messages/v1" xmlns:urn="urn:oasis:names:specification:ubl:schema:xsd:CommonAggregateComponents-2" xmlns:urn1="urn:oasis:names:specification:ubl:schema:xsd:CommonBasicComponents-2">
   <soapenv:Header/>
   <soapenv:Body>
      <v1:markRequestRequest>
         <v1:messageContext>
            <v11:messageId>${=import static java.util.UUID.randomUUID; uuid = randomUUID() as String}</v11:messageId>
            <v11:timestamp>${=new java.text.SimpleDateFormat("yyyy-MM-dd'T'HH:mm:ss.SSS").format(new Date())}</v11:timestamp>
         </v1:messageContext>
         <v1:request>
            <urn:SenderParty>
               <urn:PartyIdentification>
                  <urn1:ID schemeID="BE:VAT">1111111111</urn1:ID>
               </urn:PartyIdentification>
            </urn:SenderParty>
            <urn:ReceiverParty>
               <urn:PartyIdentification>
                  <urn1:ID schemeID="BE:VAT">2222222222</urn1:ID>
               </urn:PartyIdentification>
            </urn:ReceiverParty>
            <urn1:ID>1461749877648</urn1:ID>
            <urn1:DocumentTypeCode>380</urn1:DocumentTypeCode>
         </v1:request>
      </v1:markRequestRequest>
   </soapenv:Body>
</soapenv:Envelope>]]></con:request><con:credentials><con:selectedAuthProfile>Basic</con:selectedAuthProfile><con:addedBasicAuthenticationTypes>Basic</con:addedBasicAuthenticationTypes><con:authType>Global HTTP Settings</con:authType></con:credentials><con:jmsConfig JMSDeliveryMode="PERSISTENT"/><con:jmsPropertyConfig/><con:wsaConfig mustUnderstand="NONE" version="200508" action="http://fidus.brussels/services/invoiceservice/markRequest"/><con:wsrmConfig version="1.2"/></con:call><con:call id="f44401a5-cb9e-410c-826b-a6f5c15c10d3" name="4 - Staging - Worker1 - Request" outgoingWss="Outflow STAG" incomingWss="Inflow STAG"><con:settings><con:setting id="com.eviware.soapui.impl.wsdl.WsdlRequest@request-headers">&lt;xml-fragment/></con:setting></con:settings><con:encoding>UTF-8</con:encoding><con:endpoint>https://192.168.24.16:8443/services/InvoiceService_v1.0</con:endpoint><con:request><![CDATA[<soapenv:Envelope xmlns:soapenv="http://schemas.xmlsoap.org/soap/envelope/" xmlns:v1="http://fidus.brussels/service/invoiceservice/messages/v1" xmlns:v11="http://fidus.brussels/type/common/messages/v1" xmlns:urn="urn:oasis:names:specification:ubl:schema:xsd:CommonAggregateComponents-2" xmlns:urn1="urn:oasis:names:specification:ubl:schema:xsd:CommonBasicComponents-2">
   <soapenv:Header/>
   <soapenv:Body>
      <v1:markRequestRequest>
         <v1:messageContext>
            <v11:messageId>${=import static java.util.UUID.randomUUID; uuid = randomUUID() as String}</v11:messageId>
            <v11:timestamp>${=new java.text.SimpleDateFormat("yyyy-MM-dd'T'HH:mm:ss.SSS").format(new Date())}</v11:timestamp>
         </v1:messageContext>
         <v1:request>
            <urn:SenderParty>
               <urn:PartyIdentification>
                  <urn1:ID schemeID="BE:VAT">1111111111</urn1:ID>
               </urn:PartyIdentification>
            </urn:SenderParty>
            <urn:ReceiverParty>
               <urn:PartyIdentification>
                  <urn1:ID schemeID="BE:VAT">2222222222</urn1:ID>
               </urn:PartyIdentification>
            </urn:ReceiverParty>
            <urn1:ID>1461749877648</urn1:ID>
            <urn1:DocumentTypeCode>380</urn1:DocumentTypeCode>
         </v1:request>
      </v1:markRequestRequest>
   </soapenv:Body>
</soapenv:Envelope>]]></con:request><con:credentials><con:selectedAuthProfile>Basic</con:selectedAuthProfile><con:addedBasicAuthenticationTypes>Basic</con:addedBasicAuthenticationTypes><con:authType>Global HTTP Settings</con:authType></con:credentials><con:jmsConfig JMSDeliveryMode="PERSISTENT"/><con:jmsPropertyConfig/><con:wsaConfig mustUnderstand="NONE" version="200508" action="http://fidus.brussels/services/invoiceservice/markRequest"/><con:wsrmConfig version="1.2"/></con:call><con:call id="7182faeb-b0a5-4a1e-b07c-b4dee502aff3" name="4 - Staging - Worker2 - Request" outgoingWss="Outflow STAG" incomingWss="Inflow STAG"><con:settings><con:setting id="com.eviware.soapui.impl.wsdl.WsdlRequest@request-headers">&lt;xml-fragment/></con:setting></con:settings><con:encoding>UTF-8</con:encoding><con:endpoint>https://192.168.24.17:8443/services/InvoiceService_v1.0</con:endpoint><con:request><![CDATA[<soapenv:Envelope xmlns:soapenv="http://schemas.xmlsoap.org/soap/envelope/" xmlns:v1="http://fidus.brussels/service/invoiceservice/messages/v1" xmlns:v11="http://fidus.brussels/type/common/messages/v1" xmlns:urn="urn:oasis:names:specification:ubl:schema:xsd:CommonAggregateComponents-2" xmlns:urn1="urn:oasis:names:specification:ubl:schema:xsd:CommonBasicComponents-2">
   <soapenv:Header/>
   <soapenv:Body>
      <v1:markRequestRequest>
         <v1:messageContext>
            <v11:messageId>${=import static java.util.UUID.randomUUID; uuid = randomUUID() as String}</v11:messageId>
            <v11:timestamp>${=new java.text.SimpleDateFormat("yyyy-MM-dd'T'HH:mm:ss.SSS").format(new Date())}</v11:timestamp>
         </v1:messageContext>
         <v1:request>
            <urn:SenderParty>
               <urn:PartyIdentification>
                  <urn1:ID schemeID="BE:VAT">1111111111</urn1:ID>
               </urn:PartyIdentification>
            </urn:SenderParty>
            <urn:ReceiverParty>
               <urn:PartyIdentification>
                  <urn1:ID schemeID="BE:VAT">2222222222</urn1:ID>
               </urn:PartyIdentification>
            </urn:ReceiverParty>
            <urn1:ID>1461749877648</urn1:ID>
            <urn1:DocumentTypeCode>380</urn1:DocumentTypeCode>
         </v1:request>
      </v1:markRequestRequest>
   </soapenv:Body>
</soapenv:Envelope>]]></con:request><con:credentials><con:selectedAuthProfile>Basic</con:selectedAuthProfile><con:addedBasicAuthenticationTypes>Basic</con:addedBasicAuthenticationTypes><con:authType>Global HTTP Settings</con:authType></con:credentials><con:jmsConfig JMSDeliveryMode="PERSISTENT"/><con:jmsPropertyConfig/><con:wsaConfig mustUnderstand="NONE" version="200508" action="http://fidus.brussels/services/invoiceservice/markRequest"/><con:wsrmConfig version="1.2"/></con:call><con:call id="e5937b2c-edbc-404d-a53d-1636f107c0d7" name="5 - Prod - External - Request" outgoingWss="Outflow PROD" incomingWss="Inflow PROD"><con:settings><con:setting id="com.eviware.soapui.impl.wsdl.WsdlRequest@request-headers">&lt;xml-fragment/></con:setting></con:settings><con:encoding>UTF-8</con:encoding><con:endpoint>https://fidus.sec.brussels/services/InvoiceService_v1.0</con:endpoint><con:request><![CDATA[<soapenv:Envelope xmlns:soapenv="http://schemas.xmlsoap.org/soap/envelope/" xmlns:v1="http://fidus.brussels/service/invoiceservice/messages/v1" xmlns:v11="http://fidus.brussels/type/common/messages/v1" xmlns:urn="urn:oasis:names:specification:ubl:schema:xsd:CommonAggregateComponents-2" xmlns:urn1="urn:oasis:names:specification:ubl:schema:xsd:CommonBasicComponents-2">
   <soapenv:Header/>
   <soapenv:Body>
      <v1:markRequestRequest>
         <v1:messageContext>
            <v11:messageId>${=import static java.util.UUID.randomUUID; uuid = randomUUID() as String}</v11:messageId>
            <v11:timestamp>${=new java.text.SimpleDateFormat("yyyy-MM-dd'T'HH:mm:ss.SSS").format(new Date())}</v11:timestamp>
         </v1:messageContext>
         <v1:request>
            <urn:SenderParty>
               <urn:PartyIdentification>
                  <urn1:ID schemeID="BE:VAT">1111111111</urn1:ID>
               </urn:PartyIdentification>
            </urn:SenderParty>
            <urn:ReceiverParty>
               <urn:PartyIdentification>
                  <urn1:ID schemeID="BE:VAT">2222222222</urn1:ID>
               </urn:PartyIdentification>
            </urn:ReceiverParty>
            <urn1:ID>1461749877648</urn1:ID>
            <urn1:DocumentTypeCode>380</urn1:DocumentTypeCode>
         </v1:request>
      </v1:markRequestRequest>
   </soapenv:Body>
</soapenv:Envelope>]]></con:request><con:credentials><con:selectedAuthProfile>Basic</con:selectedAuthProfile><con:addedBasicAuthenticationTypes>Basic</con:addedBasicAuthenticationTypes><con:authType>Global HTTP Settings</con:authType></con:credentials><con:jmsConfig JMSDeliveryMode="PERSISTENT"/><con:jmsPropertyConfig/><con:wsaConfig mustUnderstand="NONE" version="200508" action="http://fidus.brussels/services/invoiceservice/markRequest"/><con:wsrmConfig version="1.2"/></con:call><con:call id="f53ee2a3-0c73-45f2-8430-3e25285e0b52" name="5 - Prod - LB - Request" outgoingWss="Outflow PROD" incomingWss="Inflow PROD"><con:settings><con:setting id="com.eviware.soapui.impl.wsdl.WsdlRequest@request-headers">&lt;xml-fragment/></con:setting></con:settings><con:encoding>UTF-8</con:encoding><con:endpoint>https://fidus-esb-sg.prd.srv.cirb.lan:8443/services/InvoiceService_v1.0</con:endpoint><con:request><![CDATA[<soapenv:Envelope xmlns:soapenv="http://schemas.xmlsoap.org/soap/envelope/" xmlns:v1="http://fidus.brussels/service/invoiceservice/messages/v1" xmlns:v11="http://fidus.brussels/type/common/messages/v1" xmlns:urn="urn:oasis:names:specification:ubl:schema:xsd:CommonAggregateComponents-2" xmlns:urn1="urn:oasis:names:specification:ubl:schema:xsd:CommonBasicComponents-2">
   <soapenv:Header/>
   <soapenv:Body>
      <v1:markRequestRequest>
         <v1:messageContext>
            <v11:messageId>${=import static java.util.UUID.randomUUID; uuid = randomUUID() as String}</v11:messageId>
            <v11:timestamp>${=new java.text.SimpleDateFormat("yyyy-MM-dd'T'HH:mm:ss.SSS").format(new Date())}</v11:timestamp>
         </v1:messageContext>
         <v1:request>
            <urn:SenderParty>
               <urn:PartyIdentification>
                  <urn1:ID schemeID="BE:VAT">1111111111</urn1:ID>
               </urn:PartyIdentification>
            </urn:SenderParty>
            <urn:ReceiverParty>
               <urn:PartyIdentification>
                  <urn1:ID schemeID="BE:VAT">2222222222</urn1:ID>
               </urn:PartyIdentification>
            </urn:ReceiverParty>
            <urn1:ID>1461749877648</urn1:ID>
            <urn1:DocumentTypeCode>380</urn1:DocumentTypeCode>
         </v1:request>
      </v1:markRequestRequest>
   </soapenv:Body>
</soapenv:Envelope>]]></con:request><con:credentials><con:selectedAuthProfile>Basic</con:selectedAuthProfile><con:addedBasicAuthenticationTypes>Basic</con:addedBasicAuthenticationTypes><con:authType>Global HTTP Settings</con:authType></con:credentials><con:jmsConfig JMSDeliveryMode="PERSISTENT"/><con:jmsPropertyConfig/><con:wsaConfig mustUnderstand="NONE" version="200508" action="http://fidus.brussels/services/invoiceservice/markRequest"/><con:wsrmConfig version="1.2"/></con:call><con:call id="14e3c581-0f8e-40d0-8f03-9c616ca24bc1" name="5 - Prod - Worker1 - Request" outgoingWss="Outflow PROD" incomingWss="Inflow PROD"><con:settings><con:setting id="com.eviware.soapui.impl.wsdl.WsdlRequest@request-headers">&lt;xml-fragment/></con:setting></con:settings><con:encoding>UTF-8</con:encoding><con:endpoint>https://192.168.26.22:8443/services/InvoiceService_v1.0</con:endpoint><con:request><![CDATA[<soapenv:Envelope xmlns:soapenv="http://schemas.xmlsoap.org/soap/envelope/" xmlns:v1="http://fidus.brussels/service/invoiceservice/messages/v1" xmlns:v11="http://fidus.brussels/type/common/messages/v1" xmlns:urn="urn:oasis:names:specification:ubl:schema:xsd:CommonAggregateComponents-2" xmlns:urn1="urn:oasis:names:specification:ubl:schema:xsd:CommonBasicComponents-2">
   <soapenv:Header/>
   <soapenv:Body>
      <v1:markRequestRequest>
         <v1:messageContext>
            <v11:messageId>${=import static java.util.UUID.randomUUID; uuid = randomUUID() as String}</v11:messageId>
            <v11:timestamp>${=new java.text.SimpleDateFormat("yyyy-MM-dd'T'HH:mm:ss.SSS").format(new Date())}</v11:timestamp>
         </v1:messageContext>
         <v1:request>
            <urn:SenderParty>
               <urn:PartyIdentification>
                  <urn1:ID schemeID="BE:VAT">1111111111</urn1:ID>
               </urn:PartyIdentification>
            </urn:SenderParty>
            <urn:ReceiverParty>
               <urn:PartyIdentification>
                  <urn1:ID schemeID="BE:VAT">2222222222</urn1:ID>
               </urn:PartyIdentification>
            </urn:ReceiverParty>
            <urn1:ID>1461749877648</urn1:ID>
            <urn1:DocumentTypeCode>380</urn1:DocumentTypeCode>
         </v1:request>
      </v1:markRequestRequest>
   </soapenv:Body>
</soapenv:Envelope>]]></con:request><con:credentials><con:selectedAuthProfile>Basic</con:selectedAuthProfile><con:addedBasicAuthenticationTypes>Basic</con:addedBasicAuthenticationTypes><con:authType>Global HTTP Settings</con:authType></con:credentials><con:jmsConfig JMSDeliveryMode="PERSISTENT"/><con:jmsPropertyConfig/><con:wsaConfig mustUnderstand="NONE" version="200508" action="http://fidus.brussels/services/invoiceservice/markRequest"/><con:wsrmConfig version="1.2"/></con:call><con:call id="34362480-5886-42f1-981c-55a9b55595b8" name="5 - Prod - Worker2 - Request" outgoingWss="Outflow PROD" incomingWss="Inflow PROD"><con:settings><con:setting id="com.eviware.soapui.impl.wsdl.WsdlRequest@request-headers">&lt;xml-fragment/></con:setting></con:settings><con:encoding>UTF-8</con:encoding><con:endpoint>https://192.168.26.19:8443/services/InvoiceService_v1.0</con:endpoint><con:request><![CDATA[<soapenv:Envelope xmlns:soapenv="http://schemas.xmlsoap.org/soap/envelope/" xmlns:v1="http://fidus.brussels/service/invoiceservice/messages/v1" xmlns:v11="http://fidus.brussels/type/common/messages/v1" xmlns:urn="urn:oasis:names:specification:ubl:schema:xsd:CommonAggregateComponents-2" xmlns:urn1="urn:oasis:names:specification:ubl:schema:xsd:CommonBasicComponents-2">
   <soapenv:Header/>
   <soapenv:Body>
      <v1:markRequestRequest>
         <v1:messageContext>
            <v11:messageId>${=import static java.util.UUID.randomUUID; uuid = randomUUID() as String}</v11:messageId>
            <v11:timestamp>${=new java.text.SimpleDateFormat("yyyy-MM-dd'T'HH:mm:ss.SSS").format(new Date())}</v11:timestamp>
         </v1:messageContext>
         <v1:request>
            <urn:SenderParty>
               <urn:PartyIdentification>
                  <urn1:ID schemeID="BE:VAT">1111111111</urn1:ID>
               </urn:PartyIdentification>
            </urn:SenderParty>
            <urn:ReceiverParty>
               <urn:PartyIdentification>
                  <urn1:ID schemeID="BE:VAT">2222222222</urn1:ID>
               </urn:PartyIdentification>
            </urn:ReceiverParty>
            <urn1:ID>1461749877648</urn1:ID>
            <urn1:DocumentTypeCode>380</urn1:DocumentTypeCode>
         </v1:request>
      </v1:markRequestRequest>
   </soapenv:Body>
</soapenv:Envelope>]]></con:request><con:credentials><con:selectedAuthProfile>Basic</con:selectedAuthProfile><con:addedBasicAuthenticationTypes>Basic</con:addedBasicAuthenticationTypes><con:authType>Global HTTP Settings</con:authType></con:credentials><con:jmsConfig JMSDeliveryMode="PERSISTENT"/><con:jmsPropertyConfig/><con:wsaConfig mustUnderstand="NONE" version="200508" action="http://fidus.brussels/services/invoiceservice/markRequest"/><con:wsrmConfig version="1.2"/></con:call></con:operation><con:operation id="9abadbef-5491-4153-b2f0-c706ab494a58" isOneWay="false" action="http://fidus.brussels/services/invoiceservice/retrieveRequest" name="retrieveRequest" bindingOperationName="retrieveRequest" type="Request-Response" inputName="" receivesAttachments="false" sendsAttachments="false" anonymous="optional"><con:settings/><con:call id="d5913743-65b6-4f0e-830d-08b91ac12fca" name="1 - Local - Request" outgoingWss="Outflow DEV" incomingWss="Inflow DEV"><con:settings><con:setting id="com.eviware.soapui.impl.wsdl.WsdlRequest@request-headers">&lt;xml-fragment/></con:setting></con:settings><con:encoding>UTF-8</con:encoding><con:endpoint>https://localhost:8243/services/InvoiceService_v1.0</con:endpoint><con:request><![CDATA[<soapenv:Envelope xmlns:soapenv="http://schemas.xmlsoap.org/soap/envelope/" xmlns:v1="http://fidus.brussels/service/invoiceservice/messages/v1" xmlns:v11="http://fidus.brussels/type/common/messages/v1" xmlns:urn="urn:oasis:names:specification:ubl:schema:xsd:CommonAggregateComponents-2" xmlns:urn1="urn:oasis:names:specification:ubl:schema:xsd:CommonBasicComponents-2">
   <soapenv:Header/>
   <soapenv:Body>
      <v1:retrieveRequestRequest>
         <v1:messageContext>
            <v11:messageId>${=import static java.util.UUID.randomUUID; uuid = randomUUID() as String}</v11:messageId>
            <v11:timestamp>${=new java.text.SimpleDateFormat("yyyy-MM-dd'T'HH:mm:ss.SSS").format(new Date())}</v11:timestamp>
         </v1:messageContext>
         <v1:request>
            <urn:SenderParty>
               <urn:PartyIdentification>
                  <urn1:ID schemeID="BE:VAT">1111111111</urn1:ID>
               </urn:PartyIdentification>
            </urn:SenderParty>
            <urn:ReceiverParty>
               <urn:PartyIdentification>
                  <urn1:ID schemeID="BE:VAT">2222222222</urn1:ID>
               </urn:PartyIdentification>
            </urn:ReceiverParty>
            <urn1:ID>1461749877648</urn1:ID>
            <urn1:DocumentTypeCode>380</urn1:DocumentTypeCode>
         </v1:request>
      </v1:retrieveRequestRequest>
   </soapenv:Body>
</soapenv:Envelope>]]></con:request><con:credentials><con:selectedAuthProfile>Basic</con:selectedAuthProfile><con:addedBasicAuthenticationTypes>Basic</con:addedBasicAuthenticationTypes><con:authType>Global HTTP Settings</con:authType></con:credentials><con:jmsConfig JMSDeliveryMode="PERSISTENT"/><con:jmsPropertyConfig/><con:wsaConfig mustUnderstand="NONE" version="200508" action="http://fidus.brussels/services/invoiceservice/retrieveRequest"/><con:wsrmConfig version="1.2"/></con:call><con:call id="f9cdb41a-57ba-40b3-8433-50712fb81a27" name="2 - Dev - Request" outgoingWss="Outflow DEV" incomingWss="Inflow DEV"><con:settings><con:setting id="com.eviware.soapui.impl.wsdl.WsdlRequest@request-headers">&lt;xml-fragment/></con:setting></con:settings><con:encoding>UTF-8</con:encoding><con:endpoint>https://192.168.36.61:8243/services/InvoiceService_v1.0</con:endpoint><con:request><![CDATA[<soapenv:Envelope xmlns:soapenv="http://schemas.xmlsoap.org/soap/envelope/" xmlns:v1="http://fidus.brussels/service/invoiceservice/messages/v1" xmlns:v11="http://fidus.brussels/type/common/messages/v1" xmlns:urn="urn:oasis:names:specification:ubl:schema:xsd:CommonAggregateComponents-2" xmlns:urn1="urn:oasis:names:specification:ubl:schema:xsd:CommonBasicComponents-2">
   <soapenv:Header/>
   <soapenv:Body>
      <v1:retrieveRequestRequest>
         <v1:messageContext>
            <v11:messageId>${=import static java.util.UUID.randomUUID; uuid = randomUUID() as String}</v11:messageId>
            <v11:timestamp>${=new java.text.SimpleDateFormat("yyyy-MM-dd'T'HH:mm:ss.SSS").format(new Date())}</v11:timestamp>
         </v1:messageContext>
         <v1:request>
            <urn:SenderParty>
               <urn:PartyIdentification>
                  <urn1:ID schemeID="BE:VAT">1111111111</urn1:ID>
               </urn:PartyIdentification>
            </urn:SenderParty>
            <urn:ReceiverParty>
               <urn:PartyIdentification>
                  <urn1:ID schemeID="BE:VAT">2222222222</urn1:ID>
               </urn:PartyIdentification>
            </urn:ReceiverParty>
            <urn1:ID>1461749877648</urn1:ID>
            <urn1:DocumentTypeCode>380</urn1:DocumentTypeCode>
         </v1:request>
      </v1:retrieveRequestRequest>
   </soapenv:Body>
</soapenv:Envelope>]]></con:request><con:credentials><con:selectedAuthProfile>Basic</con:selectedAuthProfile><con:addedBasicAuthenticationTypes>Basic</con:addedBasicAuthenticationTypes><con:authType>Global HTTP Settings</con:authType></con:credentials><con:jmsConfig JMSDeliveryMode="PERSISTENT"/><con:jmsPropertyConfig/><con:wsaConfig mustUnderstand="NONE" version="200508" action="http://fidus.brussels/services/invoiceservice/retrieveRequest"/><con:wsrmConfig version="1.2"/></con:call><con:call id="8037ec9f-4934-4d94-b585-777c4e4c0570" name="3 - Test - External - Request" outgoingWss="Outflow TEST" incomingWss="Inflow TEST"><con:settings><con:setting id="com.eviware.soapui.impl.wsdl.WsdlRequest@request-headers">&lt;xml-fragment/></con:setting></con:settings><con:encoding>UTF-8</con:encoding><con:endpoint>https://fidus-test.irisnetlab.be/services/InvoiceService_v1.0</con:endpoint><con:request><![CDATA[<soapenv:Envelope xmlns:soapenv="http://schemas.xmlsoap.org/soap/envelope/" xmlns:v1="http://fidus.brussels/service/invoiceservice/messages/v1" xmlns:v11="http://fidus.brussels/type/common/messages/v1" xmlns:urn="urn:oasis:names:specification:ubl:schema:xsd:CommonAggregateComponents-2" xmlns:urn1="urn:oasis:names:specification:ubl:schema:xsd:CommonBasicComponents-2">
   <soapenv:Header/>
   <soapenv:Body>
      <v1:retrieveRequestRequest>
         <v1:messageContext>
            <v11:messageId>${=import static java.util.UUID.randomUUID; uuid = randomUUID() as String}</v11:messageId>
            <v11:timestamp>${=new java.text.SimpleDateFormat("yyyy-MM-dd'T'HH:mm:ss.SSS").format(new Date())}</v11:timestamp>
         </v1:messageContext>
         <v1:request>
            <urn:SenderParty>
               <urn:PartyIdentification>
                  <urn1:ID schemeID="BE:VAT">1111111111</urn1:ID>
               </urn:PartyIdentification>
            </urn:SenderParty>
            <urn:ReceiverParty>
               <urn:PartyIdentification>
                  <urn1:ID schemeID="BE:VAT">2222222222</urn1:ID>
               </urn:PartyIdentification>
            </urn:ReceiverParty>
            <urn1:ID>1461749877648</urn1:ID>
            <urn1:DocumentTypeCode>380</urn1:DocumentTypeCode>
         </v1:request>
      </v1:retrieveRequestRequest>
   </soapenv:Body>
</soapenv:Envelope>]]></con:request><con:credentials><con:selectedAuthProfile>Basic</con:selectedAuthProfile><con:addedBasicAuthenticationTypes>Basic</con:addedBasicAuthenticationTypes><con:authType>Global HTTP Settings</con:authType></con:credentials><con:jmsConfig JMSDeliveryMode="PERSISTENT"/><con:jmsPropertyConfig/><con:wsaConfig mustUnderstand="NONE" version="200508" action="http://fidus.brussels/services/invoiceservice/retrieveRequest"/><con:wsrmConfig version="1.2"/></con:call><con:call id="78eb90f7-7055-4654-85bf-433b67f75418" name="3 - Test - LB - Request" outgoingWss="Outflow TEST" incomingWss="Inflow TEST"><con:settings><con:setting id="com.eviware.soapui.impl.wsdl.WsdlRequest@request-headers">&lt;xml-fragment/></con:setting></con:settings><con:encoding>UTF-8</con:encoding><con:endpoint>https://esb-security-gw.sta.srv.cirb.lan:8443/services/InvoiceService_v1.0</con:endpoint><con:request><![CDATA[<soapenv:Envelope xmlns:soapenv="http://schemas.xmlsoap.org/soap/envelope/" xmlns:v1="http://fidus.brussels/service/invoiceservice/messages/v1" xmlns:v11="http://fidus.brussels/type/common/messages/v1" xmlns:urn="urn:oasis:names:specification:ubl:schema:xsd:CommonAggregateComponents-2" xmlns:urn1="urn:oasis:names:specification:ubl:schema:xsd:CommonBasicComponents-2">
   <soapenv:Header/>
   <soapenv:Body>
      <v1:retrieveRequestRequest>
         <v1:messageContext>
            <v11:messageId>${=import static java.util.UUID.randomUUID; uuid = randomUUID() as String}</v11:messageId>
            <v11:timestamp>${=new java.text.SimpleDateFormat("yyyy-MM-dd'T'HH:mm:ss.SSS").format(new Date())}</v11:timestamp>
         </v1:messageContext>
         <v1:request>
            <urn:SenderParty>
               <urn:PartyIdentification>
                  <urn1:ID schemeID="BE:VAT">1111111111</urn1:ID>
               </urn:PartyIdentification>
            </urn:SenderParty>
            <urn:ReceiverParty>
               <urn:PartyIdentification>
                  <urn1:ID schemeID="BE:VAT">2222222222</urn1:ID>
               </urn:PartyIdentification>
            </urn:ReceiverParty>
            <urn1:ID>1461749877648</urn1:ID>
            <urn1:DocumentTypeCode>380</urn1:DocumentTypeCode>
         </v1:request>
      </v1:retrieveRequestRequest>
   </soapenv:Body>
</soapenv:Envelope>]]></con:request><con:credentials><con:selectedAuthProfile>Basic</con:selectedAuthProfile><con:addedBasicAuthenticationTypes>Basic</con:addedBasicAuthenticationTypes><con:authType>Global HTTP Settings</con:authType></con:credentials><con:jmsConfig JMSDeliveryMode="PERSISTENT"/><con:jmsPropertyConfig/><con:wsaConfig mustUnderstand="NONE" version="200508" action="http://fidus.brussels/services/invoiceservice/retrieveRequest"/><con:wsrmConfig version="1.2"/></con:call><con:call id="027bd321-a952-48c9-a208-7f3cc5986e10" name="3 - Test - Worker1 - Request" outgoingWss="Outflow TEST" incomingWss="Inflow TEST"><con:settings><con:setting id="com.eviware.soapui.impl.wsdl.WsdlRequest@request-headers">&lt;xml-fragment/></con:setting></con:settings><con:encoding>UTF-8</con:encoding><con:endpoint>https://192.168.22.53:8443/services/InvoiceService_v1.0</con:endpoint><con:request><![CDATA[<soapenv:Envelope xmlns:soapenv="http://schemas.xmlsoap.org/soap/envelope/" xmlns:v1="http://fidus.brussels/service/invoiceservice/messages/v1" xmlns:v11="http://fidus.brussels/type/common/messages/v1" xmlns:urn="urn:oasis:names:specification:ubl:schema:xsd:CommonAggregateComponents-2" xmlns:urn1="urn:oasis:names:specification:ubl:schema:xsd:CommonBasicComponents-2">
   <soapenv:Header/>
   <soapenv:Body>
      <v1:retrieveRequestRequest>
         <v1:messageContext>
            <v11:messageId>${=import static java.util.UUID.randomUUID; uuid = randomUUID() as String}</v11:messageId>
            <v11:timestamp>${=new java.text.SimpleDateFormat("yyyy-MM-dd'T'HH:mm:ss.SSS").format(new Date())}</v11:timestamp>
         </v1:messageContext>
         <v1:request>
            <urn:SenderParty>
               <urn:PartyIdentification>
                  <urn1:ID schemeID="BE:VAT">1111111111</urn1:ID>
               </urn:PartyIdentification>
            </urn:SenderParty>
            <urn:ReceiverParty>
               <urn:PartyIdentification>
                  <urn1:ID schemeID="BE:VAT">2222222222</urn1:ID>
               </urn:PartyIdentification>
            </urn:ReceiverParty>
            <urn1:ID>1461749877648</urn1:ID>
            <urn1:DocumentTypeCode>380</urn1:DocumentTypeCode>
         </v1:request>
      </v1:retrieveRequestRequest>
   </soapenv:Body>
</soapenv:Envelope>]]></con:request><con:credentials><con:selectedAuthProfile>Basic</con:selectedAuthProfile><con:addedBasicAuthenticationTypes>Basic</con:addedBasicAuthenticationTypes><con:authType>Global HTTP Settings</con:authType></con:credentials><con:jmsConfig JMSDeliveryMode="PERSISTENT"/><con:jmsPropertyConfig/><con:wsaConfig mustUnderstand="NONE" version="200508" action="http://fidus.brussels/services/invoiceservice/retrieveRequest"/><con:wsrmConfig version="1.2"/></con:call><con:call id="2d581a36-f256-4d84-8197-15cc02258f0a" name="3 - Test - Worker2 - Request" outgoingWss="Outflow TEST" incomingWss="Inflow TEST"><con:settings><con:setting id="com.eviware.soapui.impl.wsdl.WsdlRequest@request-headers">&lt;xml-fragment/></con:setting></con:settings><con:encoding>UTF-8</con:encoding><con:endpoint>https://192.168.22.54:8443/services/InvoiceService_v1.0</con:endpoint><con:request><![CDATA[<soapenv:Envelope xmlns:soapenv="http://schemas.xmlsoap.org/soap/envelope/" xmlns:v1="http://fidus.brussels/service/invoiceservice/messages/v1" xmlns:v11="http://fidus.brussels/type/common/messages/v1" xmlns:urn="urn:oasis:names:specification:ubl:schema:xsd:CommonAggregateComponents-2" xmlns:urn1="urn:oasis:names:specification:ubl:schema:xsd:CommonBasicComponents-2">
   <soapenv:Header/>
   <soapenv:Body>
      <v1:retrieveRequestRequest>
         <v1:messageContext>
            <v11:messageId>${=import static java.util.UUID.randomUUID; uuid = randomUUID() as String}</v11:messageId>
            <v11:timestamp>${=new java.text.SimpleDateFormat("yyyy-MM-dd'T'HH:mm:ss.SSS").format(new Date())}</v11:timestamp>
         </v1:messageContext>
         <v1:request>
            <urn:SenderParty>
               <urn:PartyIdentification>
                  <urn1:ID schemeID="BE:VAT">1111111111</urn1:ID>
               </urn:PartyIdentification>
            </urn:SenderParty>
            <urn:ReceiverParty>
               <urn:PartyIdentification>
                  <urn1:ID schemeID="BE:VAT">2222222222</urn1:ID>
               </urn:PartyIdentification>
            </urn:ReceiverParty>
            <urn1:ID>1461749877648</urn1:ID>
            <urn1:DocumentTypeCode>380</urn1:DocumentTypeCode>
         </v1:request>
      </v1:retrieveRequestRequest>
   </soapenv:Body>
</soapenv:Envelope>]]></con:request><con:credentials><con:selectedAuthProfile>Basic</con:selectedAuthProfile><con:addedBasicAuthenticationTypes>Basic</con:addedBasicAuthenticationTypes><con:authType>Global HTTP Settings</con:authType></con:credentials><con:jmsConfig JMSDeliveryMode="PERSISTENT"/><con:jmsPropertyConfig/><con:wsaConfig mustUnderstand="NONE" version="200508" action="http://fidus.brussels/services/invoiceservice/retrieveRequest"/><con:wsrmConfig version="1.2"/></con:call><con:call id="9be5211e-f9bf-43c8-8905-558971855457" name="4 - Staging - External - Request" outgoingWss="Outflow STAG" incomingWss="Inflow STAG"><con:settings><con:setting id="com.eviware.soapui.impl.wsdl.WsdlRequest@request-headers">&lt;xml-fragment/></con:setting></con:settings><con:encoding>UTF-8</con:encoding><con:endpoint>https://fidus.irisnetlab.be/services/InvoiceService_v1.0</con:endpoint><con:request><![CDATA[<soapenv:Envelope xmlns:soapenv="http://schemas.xmlsoap.org/soap/envelope/" xmlns:v1="http://fidus.brussels/service/invoiceservice/messages/v1" xmlns:v11="http://fidus.brussels/type/common/messages/v1" xmlns:urn="urn:oasis:names:specification:ubl:schema:xsd:CommonAggregateComponents-2" xmlns:urn1="urn:oasis:names:specification:ubl:schema:xsd:CommonBasicComponents-2">
   <soapenv:Header/>
   <soapenv:Body>
      <v1:retrieveRequestRequest>
         <v1:messageContext>
            <v11:messageId>${=import static java.util.UUID.randomUUID; uuid = randomUUID() as String}</v11:messageId>
            <v11:timestamp>${=new java.text.SimpleDateFormat("yyyy-MM-dd'T'HH:mm:ss.SSS").format(new Date())}</v11:timestamp>
         </v1:messageContext>
         <v1:request>
            <urn:SenderParty>
               <urn:PartyIdentification>
                  <urn1:ID schemeID="BE:VAT">1111111111</urn1:ID>
               </urn:PartyIdentification>
            </urn:SenderParty>
            <urn:ReceiverParty>
               <urn:PartyIdentification>
                  <urn1:ID schemeID="BE:VAT">2222222222</urn1:ID>
               </urn:PartyIdentification>
            </urn:ReceiverParty>
            <urn1:ID>1461749877648</urn1:ID>
            <urn1:DocumentTypeCode>380</urn1:DocumentTypeCode>
         </v1:request>
      </v1:retrieveRequestRequest>
   </soapenv:Body>
</soapenv:Envelope>]]></con:request><con:credentials><con:selectedAuthProfile>Basic</con:selectedAuthProfile><con:addedBasicAuthenticationTypes>Basic</con:addedBasicAuthenticationTypes><con:authType>Global HTTP Settings</con:authType></con:credentials><con:jmsConfig JMSDeliveryMode="PERSISTENT"/><con:jmsPropertyConfig/><con:wsaConfig mustUnderstand="NONE" version="200508" action="http://fidus.brussels/services/invoiceservice/retrieveRequest"/><con:wsrmConfig version="1.2"/></con:call><con:call id="85f4c695-35f7-46b1-a60b-db44d2effd5d" name="4 - Staging - LB - Request" outgoingWss="Outflow STAG" incomingWss="Inflow STAG"><con:settings><con:setting id="com.eviware.soapui.impl.wsdl.WsdlRequest@request-headers">&lt;xml-fragment/></con:setting></con:settings><con:encoding>UTF-8</con:encoding><con:endpoint>https://fidus-esb-sg.sta.srv.cirb.lan:8443/services/InvoiceService_v1.0</con:endpoint><con:request><![CDATA[<soapenv:Envelope xmlns:soapenv="http://schemas.xmlsoap.org/soap/envelope/" xmlns:v1="http://fidus.brussels/service/invoiceservice/messages/v1" xmlns:v11="http://fidus.brussels/type/common/messages/v1" xmlns:urn="urn:oasis:names:specification:ubl:schema:xsd:CommonAggregateComponents-2" xmlns:urn1="urn:oasis:names:specification:ubl:schema:xsd:CommonBasicComponents-2">
   <soapenv:Header/>
   <soapenv:Body>
      <v1:retrieveRequestRequest>
         <v1:messageContext>
            <v11:messageId>${=import static java.util.UUID.randomUUID; uuid = randomUUID() as String}</v11:messageId>
            <v11:timestamp>${=new java.text.SimpleDateFormat("yyyy-MM-dd'T'HH:mm:ss.SSS").format(new Date())}</v11:timestamp>
         </v1:messageContext>
         <v1:request>
            <urn:SenderParty>
               <urn:PartyIdentification>
                  <urn1:ID schemeID="BE:VAT">1111111111</urn1:ID>
               </urn:PartyIdentification>
            </urn:SenderParty>
            <urn:ReceiverParty>
               <urn:PartyIdentification>
                  <urn1:ID schemeID="BE:VAT">2222222222</urn1:ID>
               </urn:PartyIdentification>
            </urn:ReceiverParty>
            <urn1:ID>1461749877648</urn1:ID>
            <urn1:DocumentTypeCode>380</urn1:DocumentTypeCode>
         </v1:request>
      </v1:retrieveRequestRequest>
   </soapenv:Body>
</soapenv:Envelope>]]></con:request><con:credentials><con:selectedAuthProfile>Basic</con:selectedAuthProfile><con:addedBasicAuthenticationTypes>Basic</con:addedBasicAuthenticationTypes><con:authType>Global HTTP Settings</con:authType></con:credentials><con:jmsConfig JMSDeliveryMode="PERSISTENT"/><con:jmsPropertyConfig/><con:wsaConfig mustUnderstand="NONE" version="200508" action="http://fidus.brussels/services/invoiceservice/retrieveRequest"/><con:wsrmConfig version="1.2"/></con:call><con:call id="3550d1c0-c54a-4d84-a323-27b40a392363" name="4 - Staging - Worker1 - Request" outgoingWss="Outflow STAG" incomingWss="Inflow STAG"><con:settings><con:setting id="com.eviware.soapui.impl.wsdl.WsdlRequest@request-headers">&lt;xml-fragment/></con:setting></con:settings><con:encoding>UTF-8</con:encoding><con:endpoint>https://192.168.24.16:8443/services/InvoiceService_v1.0</con:endpoint><con:request><![CDATA[<soapenv:Envelope xmlns:soapenv="http://schemas.xmlsoap.org/soap/envelope/" xmlns:v1="http://fidus.brussels/service/invoiceservice/messages/v1" xmlns:v11="http://fidus.brussels/type/common/messages/v1" xmlns:urn="urn:oasis:names:specification:ubl:schema:xsd:CommonAggregateComponents-2" xmlns:urn1="urn:oasis:names:specification:ubl:schema:xsd:CommonBasicComponents-2">
   <soapenv:Header/>
   <soapenv:Body>
      <v1:retrieveRequestRequest>
         <v1:messageContext>
            <v11:messageId>${=import static java.util.UUID.randomUUID; uuid = randomUUID() as String}</v11:messageId>
            <v11:timestamp>${=new java.text.SimpleDateFormat("yyyy-MM-dd'T'HH:mm:ss.SSS").format(new Date())}</v11:timestamp>
         </v1:messageContext>
         <v1:request>
            <urn:SenderParty>
               <urn:PartyIdentification>
                  <urn1:ID schemeID="BE:VAT">1111111111</urn1:ID>
               </urn:PartyIdentification>
            </urn:SenderParty>
            <urn:ReceiverParty>
               <urn:PartyIdentification>
                  <urn1:ID schemeID="BE:VAT">2222222222</urn1:ID>
               </urn:PartyIdentification>
            </urn:ReceiverParty>
            <urn1:ID>1461749877648</urn1:ID>
            <urn1:DocumentTypeCode>380</urn1:DocumentTypeCode>
         </v1:request>
      </v1:retrieveRequestRequest>
   </soapenv:Body>
</soapenv:Envelope>]]></con:request><con:credentials><con:selectedAuthProfile>Basic</con:selectedAuthProfile><con:addedBasicAuthenticationTypes>Basic</con:addedBasicAuthenticationTypes><con:authType>Global HTTP Settings</con:authType></con:credentials><con:jmsConfig JMSDeliveryMode="PERSISTENT"/><con:jmsPropertyConfig/><con:wsaConfig mustUnderstand="NONE" version="200508" action="http://fidus.brussels/services/invoiceservice/retrieveRequest"/><con:wsrmConfig version="1.2"/></con:call><con:call id="666a6169-ae5f-482d-bad1-0a1be71a00fe" name="4 - Staging - Worker2 - Request" outgoingWss="Outflow STAG" incomingWss="Inflow STAG"><con:settings><con:setting id="com.eviware.soapui.impl.wsdl.WsdlRequest@request-headers">&lt;xml-fragment/></con:setting></con:settings><con:encoding>UTF-8</con:encoding><con:endpoint>https://192.168.24.17:8443/services/InvoiceService_v1.0</con:endpoint><con:request><![CDATA[<soapenv:Envelope xmlns:soapenv="http://schemas.xmlsoap.org/soap/envelope/" xmlns:v1="http://fidus.brussels/service/invoiceservice/messages/v1" xmlns:v11="http://fidus.brussels/type/common/messages/v1" xmlns:urn="urn:oasis:names:specification:ubl:schema:xsd:CommonAggregateComponents-2" xmlns:urn1="urn:oasis:names:specification:ubl:schema:xsd:CommonBasicComponents-2">
   <soapenv:Header/>
   <soapenv:Body>
      <v1:retrieveRequestRequest>
         <v1:messageContext>
            <v11:messageId>${=import static java.util.UUID.randomUUID; uuid = randomUUID() as String}</v11:messageId>
            <v11:timestamp>${=new java.text.SimpleDateFormat("yyyy-MM-dd'T'HH:mm:ss.SSS").format(new Date())}</v11:timestamp>
         </v1:messageContext>
         <v1:request>
            <urn:SenderParty>
               <urn:PartyIdentification>
                  <urn1:ID schemeID="BE:VAT">1111111111</urn1:ID>
               </urn:PartyIdentification>
            </urn:SenderParty>
            <urn:ReceiverParty>
               <urn:PartyIdentification>
                  <urn1:ID schemeID="BE:VAT">2222222222</urn1:ID>
               </urn:PartyIdentification>
            </urn:ReceiverParty>
            <urn1:ID>1461749877648</urn1:ID>
            <urn1:DocumentTypeCode>380</urn1:DocumentTypeCode>
         </v1:request>
      </v1:retrieveRequestRequest>
   </soapenv:Body>
</soapenv:Envelope>]]></con:request><con:credentials><con:selectedAuthProfile>Basic</con:selectedAuthProfile><con:addedBasicAuthenticationTypes>Basic</con:addedBasicAuthenticationTypes><con:authType>Global HTTP Settings</con:authType></con:credentials><con:jmsConfig JMSDeliveryMode="PERSISTENT"/><con:jmsPropertyConfig/><con:wsaConfig mustUnderstand="NONE" version="200508" action="http://fidus.brussels/services/invoiceservice/retrieveRequest"/><con:wsrmConfig version="1.2"/></con:call><con:call id="9dbbed22-9cd0-4756-bea4-0184924e94d3" name="5 - Prod - External - Request" outgoingWss="Outflow PROD" incomingWss="Inflow PROD"><con:settings><con:setting id="com.eviware.soapui.impl.wsdl.WsdlRequest@request-headers">&lt;xml-fragment/></con:setting></con:settings><con:encoding>UTF-8</con:encoding><con:endpoint>https://fidus.sec.brussels/services/InvoiceService_v1.0</con:endpoint><con:request><![CDATA[<soapenv:Envelope xmlns:soapenv="http://schemas.xmlsoap.org/soap/envelope/" xmlns:v1="http://fidus.brussels/service/invoiceservice/messages/v1" xmlns:v11="http://fidus.brussels/type/common/messages/v1" xmlns:urn="urn:oasis:names:specification:ubl:schema:xsd:CommonAggregateComponents-2" xmlns:urn1="urn:oasis:names:specification:ubl:schema:xsd:CommonBasicComponents-2">
   <soapenv:Header/>
   <soapenv:Body>
      <v1:retrieveRequestRequest>
         <v1:messageContext>
            <v11:messageId>${=import static java.util.UUID.randomUUID; uuid = randomUUID() as String}</v11:messageId>
            <v11:timestamp>${=new java.text.SimpleDateFormat("yyyy-MM-dd'T'HH:mm:ss.SSS").format(new Date())}</v11:timestamp>
         </v1:messageContext>
         <v1:request>
            <urn:SenderParty>
               <urn:PartyIdentification>
                  <urn1:ID schemeID="BE:VAT">1111111111</urn1:ID>
               </urn:PartyIdentification>
            </urn:SenderParty>
            <urn:ReceiverParty>
               <urn:PartyIdentification>
                  <urn1:ID schemeID="BE:VAT">2222222222</urn1:ID>
               </urn:PartyIdentification>
            </urn:ReceiverParty>
            <urn1:ID>1461749877648</urn1:ID>
            <urn1:DocumentTypeCode>380</urn1:DocumentTypeCode>
         </v1:request>
      </v1:retrieveRequestRequest>
   </soapenv:Body>
</soapenv:Envelope>]]></con:request><con:credentials><con:selectedAuthProfile>Basic</con:selectedAuthProfile><con:addedBasicAuthenticationTypes>Basic</con:addedBasicAuthenticationTypes><con:authType>Global HTTP Settings</con:authType></con:credentials><con:jmsConfig JMSDeliveryMode="PERSISTENT"/><con:jmsPropertyConfig/><con:wsaConfig mustUnderstand="NONE" version="200508" action="http://fidus.brussels/services/invoiceservice/retrieveRequest"/><con:wsrmConfig version="1.2"/></con:call><con:call id="290d553f-c17f-4a47-95b3-21b6c757a5c5" name="5 - Prod - LB - Request" outgoingWss="Outflow PROD" incomingWss="Inflow PROD"><con:settings><con:setting id="com.eviware.soapui.impl.wsdl.WsdlRequest@request-headers">&lt;xml-fragment/></con:setting></con:settings><con:encoding>UTF-8</con:encoding><con:endpoint>https://fidus-esb-sg.prd.srv.cirb.lan:8443/services/InvoiceService_v1.0</con:endpoint><con:request><![CDATA[<soapenv:Envelope xmlns:soapenv="http://schemas.xmlsoap.org/soap/envelope/" xmlns:v1="http://fidus.brussels/service/invoiceservice/messages/v1" xmlns:v11="http://fidus.brussels/type/common/messages/v1" xmlns:urn="urn:oasis:names:specification:ubl:schema:xsd:CommonAggregateComponents-2" xmlns:urn1="urn:oasis:names:specification:ubl:schema:xsd:CommonBasicComponents-2">
   <soapenv:Header/>
   <soapenv:Body>
      <v1:retrieveRequestRequest>
         <v1:messageContext>
            <v11:messageId>${=import static java.util.UUID.randomUUID; uuid = randomUUID() as String}</v11:messageId>
            <v11:timestamp>${=new java.text.SimpleDateFormat("yyyy-MM-dd'T'HH:mm:ss.SSS").format(new Date())}</v11:timestamp>
         </v1:messageContext>
         <v1:request>
            <urn:SenderParty>
               <urn:PartyIdentification>
                  <urn1:ID schemeID="BE:VAT">1111111111</urn1:ID>
               </urn:PartyIdentification>
            </urn:SenderParty>
            <urn:ReceiverParty>
               <urn:PartyIdentification>
                  <urn1:ID schemeID="BE:VAT">2222222222</urn1:ID>
               </urn:PartyIdentification>
            </urn:ReceiverParty>
            <urn1:ID>1461749877648</urn1:ID>
            <urn1:DocumentTypeCode>380</urn1:DocumentTypeCode>
         </v1:request>
      </v1:retrieveRequestRequest>
   </soapenv:Body>
</soapenv:Envelope>]]></con:request><con:credentials><con:selectedAuthProfile>Basic</con:selectedAuthProfile><con:addedBasicAuthenticationTypes>Basic</con:addedBasicAuthenticationTypes><con:authType>Global HTTP Settings</con:authType></con:credentials><con:jmsConfig JMSDeliveryMode="PERSISTENT"/><con:jmsPropertyConfig/><con:wsaConfig mustUnderstand="NONE" version="200508" action="http://fidus.brussels/services/invoiceservice/retrieveRequest"/><con:wsrmConfig version="1.2"/></con:call><con:call id="9a8c89fc-c6fe-482c-9e8f-4de5fa1c1978" name="5 - Prod - Worker1 - Request" outgoingWss="Outflow PROD" incomingWss="Inflow PROD"><con:settings><con:setting id="com.eviware.soapui.impl.wsdl.WsdlRequest@request-headers">&lt;xml-fragment/></con:setting></con:settings><con:encoding>UTF-8</con:encoding><con:endpoint>https://192.168.26.22:8443/services/InvoiceService_v1.0</con:endpoint><con:request><![CDATA[<soapenv:Envelope xmlns:soapenv="http://schemas.xmlsoap.org/soap/envelope/" xmlns:v1="http://fidus.brussels/service/invoiceservice/messages/v1" xmlns:v11="http://fidus.brussels/type/common/messages/v1" xmlns:urn="urn:oasis:names:specification:ubl:schema:xsd:CommonAggregateComponents-2" xmlns:urn1="urn:oasis:names:specification:ubl:schema:xsd:CommonBasicComponents-2">
   <soapenv:Header/>
   <soapenv:Body>
      <v1:retrieveRequestRequest>
         <v1:messageContext>
            <v11:messageId>${=import static java.util.UUID.randomUUID; uuid = randomUUID() as String}</v11:messageId>
            <v11:timestamp>${=new java.text.SimpleDateFormat("yyyy-MM-dd'T'HH:mm:ss.SSS").format(new Date())}</v11:timestamp>
         </v1:messageContext>
         <v1:request>
            <urn:SenderParty>
               <urn:PartyIdentification>
                  <urn1:ID schemeID="BE:VAT">1111111111</urn1:ID>
               </urn:PartyIdentification>
            </urn:SenderParty>
            <urn:ReceiverParty>
               <urn:PartyIdentification>
                  <urn1:ID schemeID="BE:VAT">2222222222</urn1:ID>
               </urn:PartyIdentification>
            </urn:ReceiverParty>
            <urn1:ID>1461749877648</urn1:ID>
            <urn1:DocumentTypeCode>380</urn1:DocumentTypeCode>
         </v1:request>
      </v1:retrieveRequestRequest>
   </soapenv:Body>
</soapenv:Envelope>]]></con:request><con:credentials><con:selectedAuthProfile>Basic</con:selectedAuthProfile><con:addedBasicAuthenticationTypes>Basic</con:addedBasicAuthenticationTypes><con:authType>Global HTTP Settings</con:authType></con:credentials><con:jmsConfig JMSDeliveryMode="PERSISTENT"/><con:jmsPropertyConfig/><con:wsaConfig mustUnderstand="NONE" version="200508" action="http://fidus.brussels/services/invoiceservice/retrieveRequest"/><con:wsrmConfig version="1.2"/></con:call><con:call id="714832a2-97dd-4236-a4cc-9f6638bf0ae6" name="5 - Prod - Worker2 - Request" outgoingWss="Outflow PROD" incomingWss="Inflow PROD"><con:settings><con:setting id="com.eviware.soapui.impl.wsdl.WsdlRequest@request-headers">&lt;xml-fragment/></con:setting></con:settings><con:encoding>UTF-8</con:encoding><con:endpoint>https://192.168.26.19:8443/services/InvoiceService_v1.0</con:endpoint><con:request><![CDATA[<soapenv:Envelope xmlns:soapenv="http://schemas.xmlsoap.org/soap/envelope/" xmlns:v1="http://fidus.brussels/service/invoiceservice/messages/v1" xmlns:v11="http://fidus.brussels/type/common/messages/v1" xmlns:urn="urn:oasis:names:specification:ubl:schema:xsd:CommonAggregateComponents-2" xmlns:urn1="urn:oasis:names:specification:ubl:schema:xsd:CommonBasicComponents-2">
   <soapenv:Header/>
   <soapenv:Body>
      <v1:retrieveRequestRequest>
         <v1:messageContext>
            <v11:messageId>${=import static java.util.UUID.randomUUID; uuid = randomUUID() as String}</v11:messageId>
            <v11:timestamp>${=new java.text.SimpleDateFormat("yyyy-MM-dd'T'HH:mm:ss.SSS").format(new Date())}</v11:timestamp>
         </v1:messageContext>
         <v1:request>
            <urn:SenderParty>
               <urn:PartyIdentification>
                  <urn1:ID schemeID="BE:VAT">1111111111</urn1:ID>
               </urn:PartyIdentification>
            </urn:SenderParty>
            <urn:ReceiverParty>
               <urn:PartyIdentification>
                  <urn1:ID schemeID="BE:VAT">2222222222</urn1:ID>
               </urn:PartyIdentification>
            </urn:ReceiverParty>
            <urn1:ID>1461749877648</urn1:ID>
            <urn1:DocumentTypeCode>380</urn1:DocumentTypeCode>
         </v1:request>
      </v1:retrieveRequestRequest>
   </soapenv:Body>
</soapenv:Envelope>]]></con:request><con:credentials><con:selectedAuthProfile>Basic</con:selectedAuthProfile><con:addedBasicAuthenticationTypes>Basic</con:addedBasicAuthenticationTypes><con:authType>Global HTTP Settings</con:authType></con:credentials><con:jmsConfig JMSDeliveryMode="PERSISTENT"/><con:jmsPropertyConfig/><con:wsaConfig mustUnderstand="NONE" version="200508" action="http://fidus.brussels/services/invoiceservice/retrieveRequest"/><con:wsrmConfig version="1.2"/></con:call></con:operation><con:operation id="addfdc45-e949-456a-91bb-12fdd3e4b5c0" isOneWay="false" action="http://fidus.brussels/services/invoiceservice/submitApplicationResponse" name="submitApplicationResponse" bindingOperationName="submitApplicationResponse" type="Request-Response" inputName="" receivesAttachments="false" sendsAttachments="false" anonymous="optional"><con:settings/><con:call id="2106af7a-2cb0-450b-9abc-96c3a9a40c95" name="1 - Local - Request" outgoingWss="Outflow DEV" incomingWss="Inflow DEV"><con:settings><con:setting id="com.eviware.soapui.impl.wsdl.WsdlRequest@request-headers">&lt;xml-fragment/></con:setting></con:settings><con:encoding>UTF-8</con:encoding><con:endpoint>https://localhost:8243/services/InvoiceService_v1.0</con:endpoint><con:request><![CDATA[<soapenv:Envelope xmlns:soapenv="http://schemas.xmlsoap.org/soap/envelope/" xmlns:v1="http://fidus.brussels/service/invoiceservice/messages/v1" xmlns:v11="http://fidus.brussels/type/common/messages/v1" xmlns:urn="urn:oasis:names:specification:ubl:schema:xsd:ApplicationResponse-2" xmlns:urn1="urn:oasis:names:specification:ubl:schema:xsd:CommonExtensionComponents-2" xmlns:urn2="urn:oasis:names:specification:ubl:schema:xsd:CommonBasicComponents-2" xmlns:urn3="urn:oasis:names:specification:ubl:schema:xsd:CommonAggregateComponents-2">
   <soapenv:Header/>
   <soapenv:Body>
      <v1:submitApplicationResponseRequest>
         <v1:messageContext>
            <v11:messageId>${=import static java.util.UUID.randomUUID; uuid = randomUUID() as String}</v11:messageId>
            <v11:timestamp>${=new java.text.SimpleDateFormat("yyyy-MM-dd'T'HH:mm:ss.SSS").format(new Date())}</v11:timestamp>
         </v1:messageContext>
         <v1:request>
            <urn:ApplicationResponse>
               <urn2:ID>someBackofficeAssignedID</urn2:ID>
               <urn2:IssueDate>2013-01-28</urn2:IssueDate>
               <urn3:SenderParty>
                  <urn3:PartyIdentification>
                     <urn2:ID schemeID="BE:VAT">1111111111</urn2:ID>
                  </urn3:PartyIdentification>
               </urn3:SenderParty>
               <urn3:ReceiverParty>
                  <urn3:PartyIdentification>
                     <urn2:ID schemeID="BE:VAT">2222222222</urn2:ID>
                  </urn3:PartyIdentification>
               </urn3:ReceiverParty>
               <urn3:DocumentResponse>
                  <urn3:Response>
                     <urn2:ReferenceID>someBackofficeAssignedID</urn2:ReferenceID>
                     <urn2:ResponseCode>380:1</urn2:ResponseCode>
                  </urn3:Response>
                  <urn3:DocumentReference>
                     <urn2:ID>1461749877648</urn2:ID>
                     <urn2:DocumentTypeCode>380</urn2:DocumentTypeCode>
                  </urn3:DocumentReference>
               </urn3:DocumentResponse>
            </urn:ApplicationResponse>
         </v1:request>
      </v1:submitApplicationResponseRequest>
   </soapenv:Body>
</soapenv:Envelope>]]></con:request><con:credentials><con:selectedAuthProfile>Basic</con:selectedAuthProfile><con:addedBasicAuthenticationTypes>Basic</con:addedBasicAuthenticationTypes><con:authType>Global HTTP Settings</con:authType></con:credentials><con:jmsConfig JMSDeliveryMode="PERSISTENT"/><con:jmsPropertyConfig/><con:wsaConfig mustUnderstand="NONE" version="200508" action="http://fidus.brussels/services/invoiceservice/submitApplicationResponse"/><con:wsrmConfig version="1.2"/></con:call><con:call id="60c1dd34-da87-4797-b2a8-ecddd9432b9f" name="2 - Dev - Request" outgoingWss="Outflow DEV" incomingWss="Inflow DEV"><con:settings><con:setting id="com.eviware.soapui.impl.wsdl.WsdlRequest@request-headers">&lt;xml-fragment/></con:setting></con:settings><con:encoding>UTF-8</con:encoding><con:endpoint>https://192.168.36.61:8243/services/InvoiceService_v1.0</con:endpoint><con:request><![CDATA[<soapenv:Envelope xmlns:soapenv="http://schemas.xmlsoap.org/soap/envelope/" xmlns:v1="http://fidus.brussels/service/invoiceservice/messages/v1" xmlns:v11="http://fidus.brussels/type/common/messages/v1" xmlns:urn="urn:oasis:names:specification:ubl:schema:xsd:ApplicationResponse-2" xmlns:urn1="urn:oasis:names:specification:ubl:schema:xsd:CommonExtensionComponents-2" xmlns:urn2="urn:oasis:names:specification:ubl:schema:xsd:CommonBasicComponents-2" xmlns:urn3="urn:oasis:names:specification:ubl:schema:xsd:CommonAggregateComponents-2">
   <soapenv:Header/>
   <soapenv:Body>
      <v1:submitApplicationResponseRequest>
         <v1:messageContext>
            <v11:messageId>${=import static java.util.UUID.randomUUID; uuid = randomUUID() as String}</v11:messageId>
            <v11:timestamp>${=new java.text.SimpleDateFormat("yyyy-MM-dd'T'HH:mm:ss.SSS").format(new Date())}</v11:timestamp>
         </v1:messageContext>
         <v1:request>
            <urn:ApplicationResponse>
               <urn2:ID>someBackofficeAssignedID</urn2:ID>
               <urn2:IssueDate>2013-01-28</urn2:IssueDate>
               <urn3:SenderParty>
                  <urn3:PartyIdentification>
                     <urn2:ID schemeID="BE:VAT">1111111111</urn2:ID>
                  </urn3:PartyIdentification>
               </urn3:SenderParty>
               <urn3:ReceiverParty>
                  <urn3:PartyIdentification>
                     <urn2:ID schemeID="BE:VAT">2222222222</urn2:ID>
                  </urn3:PartyIdentification>
               </urn3:ReceiverParty>
               <urn3:DocumentResponse>
                  <urn3:Response>
                     <urn2:ReferenceID>someBackofficeAssignedID</urn2:ReferenceID>
                     <urn2:ResponseCode>380:1</urn2:ResponseCode>
                  </urn3:Response>
                  <urn3:DocumentReference>
                     <urn2:ID>1461749877648</urn2:ID>
                     <urn2:DocumentTypeCode>380</urn2:DocumentTypeCode>
                  </urn3:DocumentReference>
               </urn3:DocumentResponse>
            </urn:ApplicationResponse>
         </v1:request>
      </v1:submitApplicationResponseRequest>
   </soapenv:Body>
</soapenv:Envelope>]]></con:request><con:credentials><con:selectedAuthProfile>Basic</con:selectedAuthProfile><con:addedBasicAuthenticationTypes>Basic</con:addedBasicAuthenticationTypes><con:authType>Global HTTP Settings</con:authType></con:credentials><con:jmsConfig JMSDeliveryMode="PERSISTENT"/><con:jmsPropertyConfig/><con:wsaConfig mustUnderstand="NONE" version="200508" action="http://fidus.brussels/services/invoiceservice/submitApplicationResponse"/><con:wsrmConfig version="1.2"/></con:call><con:call id="0eda0d9c-3df6-427e-8b8e-41d223ac66a3" name="3 - Test - External - Request" outgoingWss="Outflow TEST" incomingWss="Inflow TEST"><con:settings><con:setting id="com.eviware.soapui.impl.wsdl.WsdlRequest@request-headers">&lt;xml-fragment/></con:setting></con:settings><con:encoding>UTF-8</con:encoding><con:endpoint>https://fidus-test.irisnetlab.be/services/InvoiceService_v1.0</con:endpoint><con:request><![CDATA[<soapenv:Envelope xmlns:soapenv="http://schemas.xmlsoap.org/soap/envelope/" xmlns:v1="http://fidus.brussels/service/invoiceservice/messages/v1" xmlns:v11="http://fidus.brussels/type/common/messages/v1" xmlns:urn="urn:oasis:names:specification:ubl:schema:xsd:ApplicationResponse-2" xmlns:urn1="urn:oasis:names:specification:ubl:schema:xsd:CommonExtensionComponents-2" xmlns:urn2="urn:oasis:names:specification:ubl:schema:xsd:CommonBasicComponents-2" xmlns:urn3="urn:oasis:names:specification:ubl:schema:xsd:CommonAggregateComponents-2">
   <soapenv:Header/>
   <soapenv:Body>
      <v1:submitApplicationResponseRequest>
         <v1:messageContext>
            <v11:messageId>${=import static java.util.UUID.randomUUID; uuid = randomUUID() as String}</v11:messageId>
            <v11:timestamp>${=new java.text.SimpleDateFormat("yyyy-MM-dd'T'HH:mm:ss.SSS").format(new Date())}</v11:timestamp>
         </v1:messageContext>
         <v1:request>
            <urn:ApplicationResponse>
               <urn2:ID>someBackofficeAssignedID</urn2:ID>
               <urn2:IssueDate>2013-01-28</urn2:IssueDate>
               <urn3:SenderParty>
                  <urn3:PartyIdentification>
                     <urn2:ID schemeID="BE:VAT">1111111111</urn2:ID>
                  </urn3:PartyIdentification>
               </urn3:SenderParty>
               <urn3:ReceiverParty>
                  <urn3:PartyIdentification>
                     <urn2:ID schemeID="BE:VAT">2222222222</urn2:ID>
                  </urn3:PartyIdentification>
               </urn3:ReceiverParty>
               <urn3:DocumentResponse>
                  <urn3:Response>
                     <urn2:ReferenceID>someBackofficeAssignedID</urn2:ReferenceID>
                     <urn2:ResponseCode>380:1</urn2:ResponseCode>
                  </urn3:Response>
                  <urn3:DocumentReference>
                     <urn2:ID>1461749877648</urn2:ID>
                     <urn2:DocumentTypeCode>380</urn2:DocumentTypeCode>
                  </urn3:DocumentReference>
               </urn3:DocumentResponse>
            </urn:ApplicationResponse>
         </v1:request>
      </v1:submitApplicationResponseRequest>
   </soapenv:Body>
</soapenv:Envelope>]]></con:request><con:credentials><con:selectedAuthProfile>Basic</con:selectedAuthProfile><con:addedBasicAuthenticationTypes>Basic</con:addedBasicAuthenticationTypes><con:authType>Global HTTP Settings</con:authType></con:credentials><con:jmsConfig JMSDeliveryMode="PERSISTENT"/><con:jmsPropertyConfig/><con:wsaConfig mustUnderstand="NONE" version="200508" action="http://fidus.brussels/services/invoiceservice/submitApplicationResponse"/><con:wsrmConfig version="1.2"/></con:call><con:call id="e0d191bd-69c5-46a2-aca0-8ad77f83c9b4" name="3 - Test - LB - Request" outgoingWss="Outflow TEST" incomingWss="Inflow TEST"><con:settings><con:setting id="com.eviware.soapui.impl.wsdl.WsdlRequest@request-headers">&lt;xml-fragment/></con:setting></con:settings><con:encoding>UTF-8</con:encoding><con:endpoint>https://esb-security-gw.sta.srv.cirb.lan:8443/services/InvoiceService_v1.0</con:endpoint><con:request><![CDATA[<soapenv:Envelope xmlns:soapenv="http://schemas.xmlsoap.org/soap/envelope/" xmlns:v1="http://fidus.brussels/service/invoiceservice/messages/v1" xmlns:v11="http://fidus.brussels/type/common/messages/v1" xmlns:urn="urn:oasis:names:specification:ubl:schema:xsd:ApplicationResponse-2" xmlns:urn1="urn:oasis:names:specification:ubl:schema:xsd:CommonExtensionComponents-2" xmlns:urn2="urn:oasis:names:specification:ubl:schema:xsd:CommonBasicComponents-2" xmlns:urn3="urn:oasis:names:specification:ubl:schema:xsd:CommonAggregateComponents-2">
   <soapenv:Header/>
   <soapenv:Body>
      <v1:submitApplicationResponseRequest>
         <v1:messageContext>
            <v11:messageId>${=import static java.util.UUID.randomUUID; uuid = randomUUID() as String}</v11:messageId>
            <v11:timestamp>${=new java.text.SimpleDateFormat("yyyy-MM-dd'T'HH:mm:ss.SSS").format(new Date())}</v11:timestamp>
         </v1:messageContext>
         <v1:request>
            <urn:ApplicationResponse>
               <urn2:ID>someBackofficeAssignedID</urn2:ID>
               <urn2:IssueDate>2013-01-28</urn2:IssueDate>
               <urn3:SenderParty>
                  <urn3:PartyIdentification>
                     <urn2:ID schemeID="BE:VAT">1111111111</urn2:ID>
                  </urn3:PartyIdentification>
               </urn3:SenderParty>
               <urn3:ReceiverParty>
                  <urn3:PartyIdentification>
                     <urn2:ID schemeID="BE:VAT">2222222222</urn2:ID>
                  </urn3:PartyIdentification>
               </urn3:ReceiverParty>
               <urn3:DocumentResponse>
                  <urn3:Response>
                     <urn2:ReferenceID>someBackofficeAssignedID</urn2:ReferenceID>
                     <urn2:ResponseCode>380:1</urn2:ResponseCode>
                  </urn3:Response>
                  <urn3:DocumentReference>
                     <urn2:ID>1461749877648</urn2:ID>
                     <urn2:DocumentTypeCode>380</urn2:DocumentTypeCode>
                  </urn3:DocumentReference>
               </urn3:DocumentResponse>
            </urn:ApplicationResponse>
         </v1:request>
      </v1:submitApplicationResponseRequest>
   </soapenv:Body>
</soapenv:Envelope>]]></con:request><con:credentials><con:selectedAuthProfile>Basic</con:selectedAuthProfile><con:addedBasicAuthenticationTypes>Basic</con:addedBasicAuthenticationTypes><con:authType>Global HTTP Settings</con:authType></con:credentials><con:jmsConfig JMSDeliveryMode="PERSISTENT"/><con:jmsPropertyConfig/><con:wsaConfig mustUnderstand="NONE" version="200508" action="http://fidus.brussels/services/invoiceservice/submitApplicationResponse"/><con:wsrmConfig version="1.2"/></con:call><con:call id="66449392-e088-4c4c-b32a-4c944b716ea4" name="3 - Test - Worker1 - Request" outgoingWss="Outflow TEST" incomingWss="Inflow TEST"><con:settings><con:setting id="com.eviware.soapui.impl.wsdl.WsdlRequest@request-headers">&lt;xml-fragment/></con:setting></con:settings><con:encoding>UTF-8</con:encoding><con:endpoint>https://192.168.22.53:8443/services/InvoiceService_v1.0</con:endpoint><con:request><![CDATA[<soapenv:Envelope xmlns:soapenv="http://schemas.xmlsoap.org/soap/envelope/" xmlns:v1="http://fidus.brussels/service/invoiceservice/messages/v1" xmlns:v11="http://fidus.brussels/type/common/messages/v1" xmlns:urn="urn:oasis:names:specification:ubl:schema:xsd:ApplicationResponse-2" xmlns:urn1="urn:oasis:names:specification:ubl:schema:xsd:CommonExtensionComponents-2" xmlns:urn2="urn:oasis:names:specification:ubl:schema:xsd:CommonBasicComponents-2" xmlns:urn3="urn:oasis:names:specification:ubl:schema:xsd:CommonAggregateComponents-2">
   <soapenv:Header/>
   <soapenv:Body>
      <v1:submitApplicationResponseRequest>
         <v1:messageContext>
            <v11:messageId>${=import static java.util.UUID.randomUUID; uuid = randomUUID() as String}</v11:messageId>
            <v11:timestamp>${=new java.text.SimpleDateFormat("yyyy-MM-dd'T'HH:mm:ss.SSS").format(new Date())}</v11:timestamp>
         </v1:messageContext>
         <v1:request>
            <urn:ApplicationResponse>
               <urn2:ID>someBackofficeAssignedID</urn2:ID>
               <urn2:IssueDate>2013-01-28</urn2:IssueDate>
               <urn3:SenderParty>
                  <urn3:PartyIdentification>
                     <urn2:ID schemeID="BE:VAT">1111111111</urn2:ID>
                  </urn3:PartyIdentification>
               </urn3:SenderParty>
               <urn3:ReceiverParty>
                  <urn3:PartyIdentification>
                     <urn2:ID schemeID="BE:VAT">2222222222</urn2:ID>
                  </urn3:PartyIdentification>
               </urn3:ReceiverParty>
               <urn3:DocumentResponse>
                  <urn3:Response>
                     <urn2:ReferenceID>someBackofficeAssignedID</urn2:ReferenceID>
                     <urn2:ResponseCode>380:1</urn2:ResponseCode>
                  </urn3:Response>
                  <urn3:DocumentReference>
                     <urn2:ID>1461749877648</urn2:ID>
                     <urn2:DocumentTypeCode>380</urn2:DocumentTypeCode>
                  </urn3:DocumentReference>
               </urn3:DocumentResponse>
            </urn:ApplicationResponse>
         </v1:request>
      </v1:submitApplicationResponseRequest>
   </soapenv:Body>
</soapenv:Envelope>]]></con:request><con:credentials><con:selectedAuthProfile>Basic</con:selectedAuthProfile><con:addedBasicAuthenticationTypes>Basic</con:addedBasicAuthenticationTypes><con:authType>Global HTTP Settings</con:authType></con:credentials><con:jmsConfig JMSDeliveryMode="PERSISTENT"/><con:jmsPropertyConfig/><con:wsaConfig mustUnderstand="NONE" version="200508" action="http://fidus.brussels/services/invoiceservice/submitApplicationResponse"/><con:wsrmConfig version="1.2"/></con:call><con:call id="13c1d9f3-9bfe-4169-9721-83799d71a05c" name="3 - Test - Worker2 - Request" outgoingWss="Outflow TEST" incomingWss="Inflow TEST"><con:settings><con:setting id="com.eviware.soapui.impl.wsdl.WsdlRequest@request-headers">&lt;xml-fragment/></con:setting></con:settings><con:encoding>UTF-8</con:encoding><con:endpoint>https://192.168.22.54:8443/services/InvoiceService_v1.0</con:endpoint><con:request><![CDATA[<soapenv:Envelope xmlns:soapenv="http://schemas.xmlsoap.org/soap/envelope/" xmlns:v1="http://fidus.brussels/service/invoiceservice/messages/v1" xmlns:v11="http://fidus.brussels/type/common/messages/v1" xmlns:urn="urn:oasis:names:specification:ubl:schema:xsd:ApplicationResponse-2" xmlns:urn1="urn:oasis:names:specification:ubl:schema:xsd:CommonExtensionComponents-2" xmlns:urn2="urn:oasis:names:specification:ubl:schema:xsd:CommonBasicComponents-2" xmlns:urn3="urn:oasis:names:specification:ubl:schema:xsd:CommonAggregateComponents-2">
   <soapenv:Header/>
   <soapenv:Body>
      <v1:submitApplicationResponseRequest>
         <v1:messageContext>
            <v11:messageId>${=import static java.util.UUID.randomUUID; uuid = randomUUID() as String}</v11:messageId>
            <v11:timestamp>${=new java.text.SimpleDateFormat("yyyy-MM-dd'T'HH:mm:ss.SSS").format(new Date())}</v11:timestamp>
         </v1:messageContext>
         <v1:request>
            <urn:ApplicationResponse>
               <urn2:ID>someBackofficeAssignedID</urn2:ID>
               <urn2:IssueDate>2013-01-28</urn2:IssueDate>
               <urn3:SenderParty>
                  <urn3:PartyIdentification>
                     <urn2:ID schemeID="BE:VAT">1111111111</urn2:ID>
                  </urn3:PartyIdentification>
               </urn3:SenderParty>
               <urn3:ReceiverParty>
                  <urn3:PartyIdentification>
                     <urn2:ID schemeID="BE:VAT">2222222222</urn2:ID>
                  </urn3:PartyIdentification>
               </urn3:ReceiverParty>
               <urn3:DocumentResponse>
                  <urn3:Response>
                     <urn2:ReferenceID>someBackofficeAssignedID</urn2:ReferenceID>
                     <urn2:ResponseCode>380:1</urn2:ResponseCode>
                  </urn3:Response>
                  <urn3:DocumentReference>
                     <urn2:ID>1461749877648</urn2:ID>
                     <urn2:DocumentTypeCode>380</urn2:DocumentTypeCode>
                  </urn3:DocumentReference>
               </urn3:DocumentResponse>
            </urn:ApplicationResponse>
         </v1:request>
      </v1:submitApplicationResponseRequest>
   </soapenv:Body>
</soapenv:Envelope>]]></con:request><con:credentials><con:selectedAuthProfile>Basic</con:selectedAuthProfile><con:addedBasicAuthenticationTypes>Basic</con:addedBasicAuthenticationTypes><con:authType>Global HTTP Settings</con:authType></con:credentials><con:jmsConfig JMSDeliveryMode="PERSISTENT"/><con:jmsPropertyConfig/><con:wsaConfig mustUnderstand="NONE" version="200508" action="http://fidus.brussels/services/invoiceservice/submitApplicationResponse"/><con:wsrmConfig version="1.2"/></con:call><con:call id="691b5eab-40c6-433c-a39e-5cedc5b3fa6a" name="4 - Staging - External - Request" outgoingWss="Outflow STAG" incomingWss="Inflow STAG"><con:settings><con:setting id="com.eviware.soapui.impl.wsdl.WsdlRequest@request-headers">&lt;xml-fragment/></con:setting></con:settings><con:encoding>UTF-8</con:encoding><con:endpoint>https://fidus.irisnetlab.be/services/InvoiceService_v1.0</con:endpoint><con:request><![CDATA[<soapenv:Envelope xmlns:soapenv="http://schemas.xmlsoap.org/soap/envelope/" xmlns:v1="http://fidus.brussels/service/invoiceservice/messages/v1" xmlns:v11="http://fidus.brussels/type/common/messages/v1" xmlns:urn="urn:oasis:names:specification:ubl:schema:xsd:ApplicationResponse-2" xmlns:urn1="urn:oasis:names:specification:ubl:schema:xsd:CommonExtensionComponents-2" xmlns:urn2="urn:oasis:names:specification:ubl:schema:xsd:CommonBasicComponents-2" xmlns:urn3="urn:oasis:names:specification:ubl:schema:xsd:CommonAggregateComponents-2">
   <soapenv:Header/>
   <soapenv:Body>
      <v1:submitApplicationResponseRequest>
         <v1:messageContext>
            <v11:messageId>${=import static java.util.UUID.randomUUID; uuid = randomUUID() as String}</v11:messageId>
            <v11:timestamp>${=new java.text.SimpleDateFormat("yyyy-MM-dd'T'HH:mm:ss.SSS").format(new Date())}</v11:timestamp>
         </v1:messageContext>
         <v1:request>
            <urn:ApplicationResponse>
               <urn2:ID>someBackofficeAssignedID</urn2:ID>
               <urn2:IssueDate>2013-01-28</urn2:IssueDate>
               <urn3:SenderParty>
                  <urn3:PartyIdentification>
                     <urn2:ID schemeID="BE:VAT">1111111111</urn2:ID>
                  </urn3:PartyIdentification>
               </urn3:SenderParty>
               <urn3:ReceiverParty>
                  <urn3:PartyIdentification>
                     <urn2:ID schemeID="BE:VAT">2222222222</urn2:ID>
                  </urn3:PartyIdentification>
               </urn3:ReceiverParty>
               <urn3:DocumentResponse>
                  <urn3:Response>
                     <urn2:ReferenceID>someBackofficeAssignedID</urn2:ReferenceID>
                     <urn2:ResponseCode>380:1</urn2:ResponseCode>
                  </urn3:Response>
                  <urn3:DocumentReference>
                     <urn2:ID>1461749877648</urn2:ID>
                     <urn2:DocumentTypeCode>380</urn2:DocumentTypeCode>
                  </urn3:DocumentReference>
               </urn3:DocumentResponse>
            </urn:ApplicationResponse>
         </v1:request>
      </v1:submitApplicationResponseRequest>
   </soapenv:Body>
</soapenv:Envelope>]]></con:request><con:credentials><con:selectedAuthProfile>Basic</con:selectedAuthProfile><con:addedBasicAuthenticationTypes>Basic</con:addedBasicAuthenticationTypes><con:authType>Global HTTP Settings</con:authType></con:credentials><con:jmsConfig JMSDeliveryMode="PERSISTENT"/><con:jmsPropertyConfig/><con:wsaConfig mustUnderstand="NONE" version="200508" action="http://fidus.brussels/services/invoiceservice/submitApplicationResponse"/><con:wsrmConfig version="1.2"/></con:call><con:call id="97b66c7a-1cb5-41e8-a1f5-fabc23553d58" name="4 - Staging - LB - Request" outgoingWss="Outflow STAG" incomingWss="Inflow STAG"><con:settings><con:setting id="com.eviware.soapui.impl.wsdl.WsdlRequest@request-headers">&lt;xml-fragment/></con:setting></con:settings><con:encoding>UTF-8</con:encoding><con:endpoint>https://fidus-esb-sg.sta.srv.cirb.lan:8443/services/InvoiceService_v1.0</con:endpoint><con:request><![CDATA[<soapenv:Envelope xmlns:soapenv="http://schemas.xmlsoap.org/soap/envelope/" xmlns:v1="http://fidus.brussels/service/invoiceservice/messages/v1" xmlns:v11="http://fidus.brussels/type/common/messages/v1" xmlns:urn="urn:oasis:names:specification:ubl:schema:xsd:ApplicationResponse-2" xmlns:urn1="urn:oasis:names:specification:ubl:schema:xsd:CommonExtensionComponents-2" xmlns:urn2="urn:oasis:names:specification:ubl:schema:xsd:CommonBasicComponents-2" xmlns:urn3="urn:oasis:names:specification:ubl:schema:xsd:CommonAggregateComponents-2">
   <soapenv:Header/>
   <soapenv:Body>
      <v1:submitApplicationResponseRequest>
         <v1:messageContext>
            <v11:messageId>${=import static java.util.UUID.randomUUID; uuid = randomUUID() as String}</v11:messageId>
            <v11:timestamp>${=new java.text.SimpleDateFormat("yyyy-MM-dd'T'HH:mm:ss.SSS").format(new Date())}</v11:timestamp>
         </v1:messageContext>
         <v1:request>
            <urn:ApplicationResponse>
               <urn2:ID>someBackofficeAssignedID</urn2:ID>
               <urn2:IssueDate>2013-01-28</urn2:IssueDate>
               <urn3:SenderParty>
                  <urn3:PartyIdentification>
                     <urn2:ID schemeID="BE:VAT">1111111111</urn2:ID>
                  </urn3:PartyIdentification>
               </urn3:SenderParty>
               <urn3:ReceiverParty>
                  <urn3:PartyIdentification>
                     <urn2:ID schemeID="BE:VAT">2222222222</urn2:ID>
                  </urn3:PartyIdentification>
               </urn3:ReceiverParty>
               <urn3:DocumentResponse>
                  <urn3:Response>
                     <urn2:ReferenceID>someBackofficeAssignedID</urn2:ReferenceID>
                     <urn2:ResponseCode>380:1</urn2:ResponseCode>
                  </urn3:Response>
                  <urn3:DocumentReference>
                     <urn2:ID>1461749877648</urn2:ID>
                     <urn2:DocumentTypeCode>380</urn2:DocumentTypeCode>
                  </urn3:DocumentReference>
               </urn3:DocumentResponse>
            </urn:ApplicationResponse>
         </v1:request>
      </v1:submitApplicationResponseRequest>
   </soapenv:Body>
</soapenv:Envelope>]]></con:request><con:credentials><con:selectedAuthProfile>Basic</con:selectedAuthProfile><con:addedBasicAuthenticationTypes>Basic</con:addedBasicAuthenticationTypes><con:authType>Global HTTP Settings</con:authType></con:credentials><con:jmsConfig JMSDeliveryMode="PERSISTENT"/><con:jmsPropertyConfig/><con:wsaConfig mustUnderstand="NONE" version="200508" action="http://fidus.brussels/services/invoiceservice/submitApplicationResponse"/><con:wsrmConfig version="1.2"/></con:call><con:call id="9014f33a-4175-4b06-9ed6-ae2f0508d6dc" name="4 - Staging - Worker1 - Request" outgoingWss="Outflow STAG" incomingWss="Inflow STAG"><con:settings><con:setting id="com.eviware.soapui.impl.wsdl.WsdlRequest@request-headers">&lt;xml-fragment/></con:setting></con:settings><con:encoding>UTF-8</con:encoding><con:endpoint>https://192.168.24.16:8443/services/InvoiceService_v1.0</con:endpoint><con:request><![CDATA[<soapenv:Envelope xmlns:soapenv="http://schemas.xmlsoap.org/soap/envelope/" xmlns:v1="http://fidus.brussels/service/invoiceservice/messages/v1" xmlns:v11="http://fidus.brussels/type/common/messages/v1" xmlns:urn="urn:oasis:names:specification:ubl:schema:xsd:ApplicationResponse-2" xmlns:urn1="urn:oasis:names:specification:ubl:schema:xsd:CommonExtensionComponents-2" xmlns:urn2="urn:oasis:names:specification:ubl:schema:xsd:CommonBasicComponents-2" xmlns:urn3="urn:oasis:names:specification:ubl:schema:xsd:CommonAggregateComponents-2">
   <soapenv:Header/>
   <soapenv:Body>
      <v1:submitApplicationResponseRequest>
         <v1:messageContext>
            <v11:messageId>${=import static java.util.UUID.randomUUID; uuid = randomUUID() as String}</v11:messageId>
            <v11:timestamp>${=new java.text.SimpleDateFormat("yyyy-MM-dd'T'HH:mm:ss.SSS").format(new Date())}</v11:timestamp>
         </v1:messageContext>
         <v1:request>
            <urn:ApplicationResponse>
               <urn2:ID>someBackofficeAssignedID</urn2:ID>
               <urn2:IssueDate>2013-01-28</urn2:IssueDate>
               <urn3:SenderParty>
                  <urn3:PartyIdentification>
                     <urn2:ID schemeID="BE:VAT">1111111111</urn2:ID>
                  </urn3:PartyIdentification>
               </urn3:SenderParty>
               <urn3:ReceiverParty>
                  <urn3:PartyIdentification>
                     <urn2:ID schemeID="BE:VAT">2222222222</urn2:ID>
                  </urn3:PartyIdentification>
               </urn3:ReceiverParty>
               <urn3:DocumentResponse>
                  <urn3:Response>
                     <urn2:ReferenceID>someBackofficeAssignedID</urn2:ReferenceID>
                     <urn2:ResponseCode>380:1</urn2:ResponseCode>
                  </urn3:Response>
                  <urn3:DocumentReference>
                     <urn2:ID>1461749877648</urn2:ID>
                     <urn2:DocumentTypeCode>380</urn2:DocumentTypeCode>
                  </urn3:DocumentReference>
               </urn3:DocumentResponse>
            </urn:ApplicationResponse>
         </v1:request>
      </v1:submitApplicationResponseRequest>
   </soapenv:Body>
</soapenv:Envelope>]]></con:request><con:credentials><con:selectedAuthProfile>Basic</con:selectedAuthProfile><con:addedBasicAuthenticationTypes>Basic</con:addedBasicAuthenticationTypes><con:authType>Global HTTP Settings</con:authType></con:credentials><con:jmsConfig JMSDeliveryMode="PERSISTENT"/><con:jmsPropertyConfig/><con:wsaConfig mustUnderstand="NONE" version="200508" action="http://fidus.brussels/services/invoiceservice/submitApplicationResponse"/><con:wsrmConfig version="1.2"/></con:call><con:call id="cee6cdcc-9e03-46a6-8ca5-c2cdf08df129" name="4 - Staging - Worker2 - Request" outgoingWss="Outflow STAG" incomingWss="Inflow STAG"><con:settings><con:setting id="com.eviware.soapui.impl.wsdl.WsdlRequest@request-headers">&lt;xml-fragment/></con:setting></con:settings><con:encoding>UTF-8</con:encoding><con:endpoint>https://192.168.24.17:8443/services/InvoiceService_v1.0</con:endpoint><con:request><![CDATA[<soapenv:Envelope xmlns:soapenv="http://schemas.xmlsoap.org/soap/envelope/" xmlns:v1="http://fidus.brussels/service/invoiceservice/messages/v1" xmlns:v11="http://fidus.brussels/type/common/messages/v1" xmlns:urn="urn:oasis:names:specification:ubl:schema:xsd:ApplicationResponse-2" xmlns:urn1="urn:oasis:names:specification:ubl:schema:xsd:CommonExtensionComponents-2" xmlns:urn2="urn:oasis:names:specification:ubl:schema:xsd:CommonBasicComponents-2" xmlns:urn3="urn:oasis:names:specification:ubl:schema:xsd:CommonAggregateComponents-2">
   <soapenv:Header/>
   <soapenv:Body>
      <v1:submitApplicationResponseRequest>
         <v1:messageContext>
            <v11:messageId>${=import static java.util.UUID.randomUUID; uuid = randomUUID() as String}</v11:messageId>
            <v11:timestamp>${=new java.text.SimpleDateFormat("yyyy-MM-dd'T'HH:mm:ss.SSS").format(new Date())}</v11:timestamp>
         </v1:messageContext>
         <v1:request>
            <urn:ApplicationResponse>
               <urn2:ID>someBackofficeAssignedID</urn2:ID>
               <urn2:IssueDate>2013-01-28</urn2:IssueDate>
               <urn3:SenderParty>
                  <urn3:PartyIdentification>
                     <urn2:ID schemeID="BE:VAT">1111111111</urn2:ID>
                  </urn3:PartyIdentification>
               </urn3:SenderParty>
               <urn3:ReceiverParty>
                  <urn3:PartyIdentification>
                     <urn2:ID schemeID="BE:VAT">2222222222</urn2:ID>
                  </urn3:PartyIdentification>
               </urn3:ReceiverParty>
               <urn3:DocumentResponse>
                  <urn3:Response>
                     <urn2:ReferenceID>someBackofficeAssignedID</urn2:ReferenceID>
                     <urn2:ResponseCode>380:1</urn2:ResponseCode>
                  </urn3:Response>
                  <urn3:DocumentReference>
                     <urn2:ID>1461749877648</urn2:ID>
                     <urn2:DocumentTypeCode>380</urn2:DocumentTypeCode>
                  </urn3:DocumentReference>
               </urn3:DocumentResponse>
            </urn:ApplicationResponse>
         </v1:request>
      </v1:submitApplicationResponseRequest>
   </soapenv:Body>
</soapenv:Envelope>]]></con:request><con:credentials><con:selectedAuthProfile>Basic</con:selectedAuthProfile><con:addedBasicAuthenticationTypes>Basic</con:addedBasicAuthenticationTypes><con:authType>Global HTTP Settings</con:authType></con:credentials><con:jmsConfig JMSDeliveryMode="PERSISTENT"/><con:jmsPropertyConfig/><con:wsaConfig mustUnderstand="NONE" version="200508" action="http://fidus.brussels/services/invoiceservice/submitApplicationResponse"/><con:wsrmConfig version="1.2"/></con:call><con:call id="3d19b8c0-5e6d-46c7-9a70-3377b771a99a" name="5 - Prod - External - Request" outgoingWss="Outflow PROD" incomingWss="Inflow PROD"><con:settings><con:setting id="com.eviware.soapui.impl.wsdl.WsdlRequest@request-headers">&lt;xml-fragment/></con:setting></con:settings><con:encoding>UTF-8</con:encoding><con:endpoint>https://fidus.sec.brussels/services/InvoiceService_v1.0</con:endpoint><con:request><![CDATA[<soapenv:Envelope xmlns:soapenv="http://schemas.xmlsoap.org/soap/envelope/" xmlns:v1="http://fidus.brussels/service/invoiceservice/messages/v1" xmlns:v11="http://fidus.brussels/type/common/messages/v1" xmlns:urn="urn:oasis:names:specification:ubl:schema:xsd:ApplicationResponse-2" xmlns:urn1="urn:oasis:names:specification:ubl:schema:xsd:CommonExtensionComponents-2" xmlns:urn2="urn:oasis:names:specification:ubl:schema:xsd:CommonBasicComponents-2" xmlns:urn3="urn:oasis:names:specification:ubl:schema:xsd:CommonAggregateComponents-2">
   <soapenv:Header/>
   <soapenv:Body>
      <v1:submitApplicationResponseRequest>
         <v1:messageContext>
            <v11:messageId>${=import static java.util.UUID.randomUUID; uuid = randomUUID() as String}</v11:messageId>
            <v11:timestamp>${=new java.text.SimpleDateFormat("yyyy-MM-dd'T'HH:mm:ss.SSS").format(new Date())}</v11:timestamp>
         </v1:messageContext>
         <v1:request>
            <urn:ApplicationResponse>
               <urn2:ID>someBackofficeAssignedID</urn2:ID>
               <urn2:IssueDate>2013-01-28</urn2:IssueDate>
               <urn3:SenderParty>
                  <urn3:PartyIdentification>
                     <urn2:ID schemeID="BE:VAT">1111111111</urn2:ID>
                  </urn3:PartyIdentification>
               </urn3:SenderParty>
               <urn3:ReceiverParty>
                  <urn3:PartyIdentification>
                     <urn2:ID schemeID="BE:VAT">2222222222</urn2:ID>
                  </urn3:PartyIdentification>
               </urn3:ReceiverParty>
               <urn3:DocumentResponse>
                  <urn3:Response>
                     <urn2:ReferenceID>someBackofficeAssignedID</urn2:ReferenceID>
                     <urn2:ResponseCode>380:1</urn2:ResponseCode>
                  </urn3:Response>
                  <urn3:DocumentReference>
                     <urn2:ID>1461749877648</urn2:ID>
                     <urn2:DocumentTypeCode>380</urn2:DocumentTypeCode>
                  </urn3:DocumentReference>
               </urn3:DocumentResponse>
            </urn:ApplicationResponse>
         </v1:request>
      </v1:submitApplicationResponseRequest>
   </soapenv:Body>
</soapenv:Envelope>]]></con:request><con:credentials><con:selectedAuthProfile>Basic</con:selectedAuthProfile><con:addedBasicAuthenticationTypes>Basic</con:addedBasicAuthenticationTypes><con:authType>Global HTTP Settings</con:authType></con:credentials><con:jmsConfig JMSDeliveryMode="PERSISTENT"/><con:jmsPropertyConfig/><con:wsaConfig mustUnderstand="NONE" version="200508" action="http://fidus.brussels/services/invoiceservice/submitApplicationResponse"/><con:wsrmConfig version="1.2"/></con:call><con:call id="46eba1d8-6034-43a2-b2d6-d87f30784758" name="5 - Prod - LB - Request" outgoingWss="Outflow PROD" incomingWss="Inflow PROD"><con:settings><con:setting id="com.eviware.soapui.impl.wsdl.WsdlRequest@request-headers">&lt;xml-fragment/></con:setting></con:settings><con:encoding>UTF-8</con:encoding><con:endpoint>https://fidus-esb-sg.prd.srv.cirb.lan:8443/services/InvoiceService_v1.0</con:endpoint><con:request><![CDATA[<soapenv:Envelope xmlns:soapenv="http://schemas.xmlsoap.org/soap/envelope/" xmlns:v1="http://fidus.brussels/service/invoiceservice/messages/v1" xmlns:v11="http://fidus.brussels/type/common/messages/v1" xmlns:urn="urn:oasis:names:specification:ubl:schema:xsd:ApplicationResponse-2" xmlns:urn1="urn:oasis:names:specification:ubl:schema:xsd:CommonExtensionComponents-2" xmlns:urn2="urn:oasis:names:specification:ubl:schema:xsd:CommonBasicComponents-2" xmlns:urn3="urn:oasis:names:specification:ubl:schema:xsd:CommonAggregateComponents-2">
   <soapenv:Header/>
   <soapenv:Body>
      <v1:submitApplicationResponseRequest>
         <v1:messageContext>
            <v11:messageId>${=import static java.util.UUID.randomUUID; uuid = randomUUID() as String}</v11:messageId>
            <v11:timestamp>${=new java.text.SimpleDateFormat("yyyy-MM-dd'T'HH:mm:ss.SSS").format(new Date())}</v11:timestamp>
         </v1:messageContext>
         <v1:request>
            <urn:ApplicationResponse>
               <urn2:ID>someBackofficeAssignedID</urn2:ID>
               <urn2:IssueDate>2013-01-28</urn2:IssueDate>
               <urn3:SenderParty>
                  <urn3:PartyIdentification>
                     <urn2:ID schemeID="BE:VAT">1111111111</urn2:ID>
                  </urn3:PartyIdentification>
               </urn3:SenderParty>
               <urn3:ReceiverParty>
                  <urn3:PartyIdentification>
                     <urn2:ID schemeID="BE:VAT">2222222222</urn2:ID>
                  </urn3:PartyIdentification>
               </urn3:ReceiverParty>
               <urn3:DocumentResponse>
                  <urn3:Response>
                     <urn2:ReferenceID>someBackofficeAssignedID</urn2:ReferenceID>
                     <urn2:ResponseCode>380:1</urn2:ResponseCode>
                  </urn3:Response>
                  <urn3:DocumentReference>
                     <urn2:ID>1461749877648</urn2:ID>
                     <urn2:DocumentTypeCode>380</urn2:DocumentTypeCode>
                  </urn3:DocumentReference>
               </urn3:DocumentResponse>
            </urn:ApplicationResponse>
         </v1:request>
      </v1:submitApplicationResponseRequest>
   </soapenv:Body>
</soapenv:Envelope>]]></con:request><con:credentials><con:selectedAuthProfile>Basic</con:selectedAuthProfile><con:addedBasicAuthenticationTypes>Basic</con:addedBasicAuthenticationTypes><con:authType>Global HTTP Settings</con:authType></con:credentials><con:jmsConfig JMSDeliveryMode="PERSISTENT"/><con:jmsPropertyConfig/><con:wsaConfig mustUnderstand="NONE" version="200508" action="http://fidus.brussels/services/invoiceservice/submitApplicationResponse"/><con:wsrmConfig version="1.2"/></con:call><con:call id="52f10cc4-0afb-4fb7-8c77-fe3393e415d7" name="5 - Prod - Worker1 - Request" outgoingWss="Outflow PROD" incomingWss="Inflow PROD"><con:settings><con:setting id="com.eviware.soapui.impl.wsdl.WsdlRequest@request-headers">&lt;xml-fragment/></con:setting></con:settings><con:encoding>UTF-8</con:encoding><con:endpoint>https://192.168.26.22:8443/services/InvoiceService_v1.0</con:endpoint><con:request><![CDATA[<soapenv:Envelope xmlns:soapenv="http://schemas.xmlsoap.org/soap/envelope/" xmlns:v1="http://fidus.brussels/service/invoiceservice/messages/v1" xmlns:v11="http://fidus.brussels/type/common/messages/v1" xmlns:urn="urn:oasis:names:specification:ubl:schema:xsd:ApplicationResponse-2" xmlns:urn1="urn:oasis:names:specification:ubl:schema:xsd:CommonExtensionComponents-2" xmlns:urn2="urn:oasis:names:specification:ubl:schema:xsd:CommonBasicComponents-2" xmlns:urn3="urn:oasis:names:specification:ubl:schema:xsd:CommonAggregateComponents-2">
   <soapenv:Header/>
   <soapenv:Body>
      <v1:submitApplicationResponseRequest>
         <v1:messageContext>
            <v11:messageId>${=import static java.util.UUID.randomUUID; uuid = randomUUID() as String}</v11:messageId>
            <v11:timestamp>${=new java.text.SimpleDateFormat("yyyy-MM-dd'T'HH:mm:ss.SSS").format(new Date())}</v11:timestamp>
         </v1:messageContext>
         <v1:request>
            <urn:ApplicationResponse>
               <urn2:ID>someBackofficeAssignedID</urn2:ID>
               <urn2:IssueDate>2013-01-28</urn2:IssueDate>
               <urn3:SenderParty>
                  <urn3:PartyIdentification>
                     <urn2:ID schemeID="BE:VAT">1111111111</urn2:ID>
                  </urn3:PartyIdentification>
               </urn3:SenderParty>
               <urn3:ReceiverParty>
                  <urn3:PartyIdentification>
                     <urn2:ID schemeID="BE:VAT">2222222222</urn2:ID>
                  </urn3:PartyIdentification>
               </urn3:ReceiverParty>
               <urn3:DocumentResponse>
                  <urn3:Response>
                     <urn2:ReferenceID>someBackofficeAssignedID</urn2:ReferenceID>
                     <urn2:ResponseCode>380:1</urn2:ResponseCode>
                  </urn3:Response>
                  <urn3:DocumentReference>
                     <urn2:ID>1461749877648</urn2:ID>
                     <urn2:DocumentTypeCode>380</urn2:DocumentTypeCode>
                  </urn3:DocumentReference>
               </urn3:DocumentResponse>
            </urn:ApplicationResponse>
         </v1:request>
      </v1:submitApplicationResponseRequest>
   </soapenv:Body>
</soapenv:Envelope>]]></con:request><con:credentials><con:selectedAuthProfile>Basic</con:selectedAuthProfile><con:addedBasicAuthenticationTypes>Basic</con:addedBasicAuthenticationTypes><con:authType>Global HTTP Settings</con:authType></con:credentials><con:jmsConfig JMSDeliveryMode="PERSISTENT"/><con:jmsPropertyConfig/><con:wsaConfig mustUnderstand="NONE" version="200508" action="http://fidus.brussels/services/invoiceservice/submitApplicationResponse"/><con:wsrmConfig version="1.2"/></con:call><con:call id="36d36f24-0412-4677-930d-22943123ee5a" name="5 - Prod - Worker2 - Request" outgoingWss="Outflow PROD" incomingWss="Inflow PROD"><con:settings><con:setting id="com.eviware.soapui.impl.wsdl.WsdlRequest@request-headers">&lt;xml-fragment/></con:setting></con:settings><con:encoding>UTF-8</con:encoding><con:endpoint>https://192.168.26.19:8443/services/InvoiceService_v1.0</con:endpoint><con:request><![CDATA[<soapenv:Envelope xmlns:soapenv="http://schemas.xmlsoap.org/soap/envelope/" xmlns:v1="http://fidus.brussels/service/invoiceservice/messages/v1" xmlns:v11="http://fidus.brussels/type/common/messages/v1" xmlns:urn="urn:oasis:names:specification:ubl:schema:xsd:ApplicationResponse-2" xmlns:urn1="urn:oasis:names:specification:ubl:schema:xsd:CommonExtensionComponents-2" xmlns:urn2="urn:oasis:names:specification:ubl:schema:xsd:CommonBasicComponents-2" xmlns:urn3="urn:oasis:names:specification:ubl:schema:xsd:CommonAggregateComponents-2">
   <soapenv:Header/>
   <soapenv:Body>
      <v1:submitApplicationResponseRequest>
         <v1:messageContext>
            <v11:messageId>${=import static java.util.UUID.randomUUID; uuid = randomUUID() as String}</v11:messageId>
            <v11:timestamp>${=new java.text.SimpleDateFormat("yyyy-MM-dd'T'HH:mm:ss.SSS").format(new Date())}</v11:timestamp>
         </v1:messageContext>
         <v1:request>
            <urn:ApplicationResponse>
               <urn2:ID>someBackofficeAssignedID</urn2:ID>
               <urn2:IssueDate>2013-01-28</urn2:IssueDate>
               <urn3:SenderParty>
                  <urn3:PartyIdentification>
                     <urn2:ID schemeID="BE:VAT">1111111111</urn2:ID>
                  </urn3:PartyIdentification>
               </urn3:SenderParty>
               <urn3:ReceiverParty>
                  <urn3:PartyIdentification>
                     <urn2:ID schemeID="BE:VAT">2222222222</urn2:ID>
                  </urn3:PartyIdentification>
               </urn3:ReceiverParty>
               <urn3:DocumentResponse>
                  <urn3:Response>
                     <urn2:ReferenceID>someBackofficeAssignedID</urn2:ReferenceID>
                     <urn2:ResponseCode>380:1</urn2:ResponseCode>
                  </urn3:Response>
                  <urn3:DocumentReference>
                     <urn2:ID>1461749877648</urn2:ID>
                     <urn2:DocumentTypeCode>380</urn2:DocumentTypeCode>
                  </urn3:DocumentReference>
               </urn3:DocumentResponse>
            </urn:ApplicationResponse>
         </v1:request>
      </v1:submitApplicationResponseRequest>
   </soapenv:Body>
</soapenv:Envelope>]]></con:request><con:credentials><con:selectedAuthProfile>Basic</con:selectedAuthProfile><con:addedBasicAuthenticationTypes>Basic</con:addedBasicAuthenticationTypes><con:authType>Global HTTP Settings</con:authType></con:credentials><con:jmsConfig JMSDeliveryMode="PERSISTENT"/><con:jmsPropertyConfig/><con:wsaConfig mustUnderstand="NONE" version="200508" action="http://fidus.brussels/services/invoiceservice/submitApplicationResponse"/><con:wsrmConfig version="1.2"/></con:call></con:operation><con:operation id="3674bff6-8d24-4054-b7b0-163e832979af" isOneWay="false" action="http://fidus.brussels/services/invoiceservice/submitInboxRequest" name="submitInboxRequest" bindingOperationName="submitInboxRequest" type="Request-Response" inputName="" receivesAttachments="false" sendsAttachments="false" anonymous="optional"><con:settings/><con:call id="9b053a67-8476-46f6-b708-0a5f864cf29a" name="1 - Local - Request" outgoingWss="Outflow DEV" incomingWss="Inflow DEV"><con:settings><con:setting id="com.eviware.soapui.impl.wsdl.WsdlRequest@request-headers">&lt;xml-fragment/></con:setting></con:settings><con:encoding>UTF-8</con:encoding><con:endpoint>https://localhost:8243/services/InvoiceService_v1.0</con:endpoint><con:request><![CDATA[<soapenv:Envelope xmlns:soapenv="http://schemas.xmlsoap.org/soap/envelope/" 
xmlns:v1="http://fidus.brussels/service/invoiceservice/messages/v1" 
xmlns:v11="http://fidus.brussels/type/common/messages/v1" 
xmlns:urn="urn:oasis:names:specification:ubl:schema:xsd:CommonAggregateComponents-2" 
xmlns:urn1="urn:oasis:names:specification:ubl:schema:xsd:CommonBasicComponents-2">
   <soapenv:Header/>
   <soapenv:Body>
      <v1:submitInboxRequestRequest>
         <v1:messageContext>
            <v11:messageId>${=import static java.util.UUID.randomUUID; uuid = randomUUID() as String}</v11:messageId>
            <v11:timestamp>${=new java.text.SimpleDateFormat("yyyy-MM-dd'T'HH:mm:ss.SSS").format(new Date())}</v11:timestamp>
         </v1:messageContext>
         <v1:request>
            <urn:ReceiverParty>
               <urn:PartyIdentification>
                  <urn1:ID schemeID="BE:VAT">2222222222</urn1:ID>
               </urn:PartyIdentification>
            </urn:ReceiverParty>
         </v1:request>
      </v1:submitInboxRequestRequest>
   </soapenv:Body>
</soapenv:Envelope>]]></con:request><con:credentials><con:selectedAuthProfile>Basic</con:selectedAuthProfile><con:addedBasicAuthenticationTypes>Basic</con:addedBasicAuthenticationTypes><con:authType>Global HTTP Settings</con:authType></con:credentials><con:jmsConfig JMSDeliveryMode="PERSISTENT"/><con:jmsPropertyConfig/><con:wsaConfig mustUnderstand="NONE" version="200508" action="http://fidus.brussels/services/invoiceservice/submitInboxRequest"/><con:wsrmConfig version="1.2"/></con:call><con:call id="e83ee648-628d-4f9e-9a82-73b7aec0e1b6" name="2 - Dev - Request" outgoingWss="Outflow DEV" incomingWss="Inflow DEV"><con:settings><con:setting id="com.eviware.soapui.impl.wsdl.WsdlRequest@request-headers">&lt;xml-fragment/></con:setting></con:settings><con:encoding>UTF-8</con:encoding><con:endpoint>https://192.168.36.61:8243/services/InvoiceService_v1.0</con:endpoint><con:request><![CDATA[<soapenv:Envelope xmlns:soapenv="http://schemas.xmlsoap.org/soap/envelope/" xmlns:v1="http://fidus.brussels/service/invoiceservice/messages/v1" xmlns:v11="http://fidus.brussels/type/common/messages/v1" xmlns:urn="urn:oasis:names:specification:ubl:schema:xsd:CommonAggregateComponents-2" xmlns:urn1="urn:oasis:names:specification:ubl:schema:xsd:CommonBasicComponents-2">
   <soapenv:Header/>
   <soapenv:Body>
      <v1:submitInboxRequestRequest>
         <v1:messageContext>
            <v11:messageId>${=import static java.util.UUID.randomUUID; uuid = randomUUID() as String}</v11:messageId>
            <v11:timestamp>${=new java.text.SimpleDateFormat("yyyy-MM-dd'T'HH:mm:ss.SSS").format(new Date())}</v11:timestamp>
         </v1:messageContext>
         <v1:request>
            <urn:ReceiverParty>
               <urn:PartyIdentification>
                  <urn1:ID schemeID="BE:VAT">2222222222</urn1:ID>
               </urn:PartyIdentification>
            </urn:ReceiverParty>
         </v1:request>
      </v1:submitInboxRequestRequest>
   </soapenv:Body>
</soapenv:Envelope>]]></con:request><con:credentials><con:selectedAuthProfile>Basic</con:selectedAuthProfile><con:addedBasicAuthenticationTypes>Basic</con:addedBasicAuthenticationTypes><con:authType>Global HTTP Settings</con:authType></con:credentials><con:jmsConfig JMSDeliveryMode="PERSISTENT"/><con:jmsPropertyConfig/><con:wsaConfig mustUnderstand="NONE" version="200508" action="http://fidus.brussels/services/invoiceservice/submitInboxRequest"/><con:wsrmConfig version="1.2"/></con:call><con:call id="ba6e79d6-0816-471f-b47b-0799f6d228a5" name="3 - Test - External - Request" outgoingWss="Outflow TEST" incomingWss="Inflow TEST"><con:settings><con:setting id="com.eviware.soapui.impl.wsdl.WsdlRequest@request-headers">&lt;xml-fragment/></con:setting></con:settings><con:encoding>UTF-8</con:encoding><con:endpoint>https://fidus-test.irisnetlab.be/services/InvoiceService_v1.0</con:endpoint><con:request><![CDATA[<soapenv:Envelope xmlns:soapenv="http://schemas.xmlsoap.org/soap/envelope/" xmlns:v1="http://fidus.brussels/service/invoiceservice/messages/v1" xmlns:v11="http://fidus.brussels/type/common/messages/v1" xmlns:urn="urn:oasis:names:specification:ubl:schema:xsd:CommonAggregateComponents-2" xmlns:urn1="urn:oasis:names:specification:ubl:schema:xsd:CommonBasicComponents-2">
   <soapenv:Header/>
   <soapenv:Body>
      <v1:submitInboxRequestRequest>
         <v1:messageContext>
            <v11:messageId>${=import static java.util.UUID.randomUUID; uuid = randomUUID() as String}</v11:messageId>
            <v11:timestamp>${=new java.text.SimpleDateFormat("yyyy-MM-dd'T'HH:mm:ss.SSS").format(new Date())}</v11:timestamp>
         </v1:messageContext>
         <v1:request>
            <urn:ReceiverParty>
               <urn:PartyIdentification>
                  <urn1:ID schemeID="BE:VAT">2222222222</urn1:ID>
               </urn:PartyIdentification>
            </urn:ReceiverParty>
         </v1:request>
      </v1:submitInboxRequestRequest>
   </soapenv:Body>
</soapenv:Envelope>]]></con:request><con:credentials><con:selectedAuthProfile>Basic</con:selectedAuthProfile><con:addedBasicAuthenticationTypes>Basic</con:addedBasicAuthenticationTypes><con:authType>Global HTTP Settings</con:authType></con:credentials><con:jmsConfig JMSDeliveryMode="PERSISTENT"/><con:jmsPropertyConfig/><con:wsaConfig mustUnderstand="NONE" version="200508" action="http://fidus.brussels/services/invoiceservice/submitInboxRequest"/><con:wsrmConfig version="1.2"/></con:call><con:call id="5dbfb3cc-eb4b-4bbb-a97b-df0eeeab2cf1" name="3 - Test - LB - Request" outgoingWss="Outflow TEST" incomingWss="Inflow TEST"><con:settings><con:setting id="com.eviware.soapui.impl.wsdl.WsdlRequest@request-headers">&lt;xml-fragment/></con:setting></con:settings><con:encoding>UTF-8</con:encoding><con:endpoint>https://esb-security-gw.sta.srv.cirb.lan:8443/services/InvoiceService_v1.0</con:endpoint><con:request><![CDATA[<soapenv:Envelope xmlns:soapenv="http://schemas.xmlsoap.org/soap/envelope/" xmlns:v1="http://fidus.brussels/service/invoiceservice/messages/v1" xmlns:v11="http://fidus.brussels/type/common/messages/v1" xmlns:urn="urn:oasis:names:specification:ubl:schema:xsd:CommonAggregateComponents-2" xmlns:urn1="urn:oasis:names:specification:ubl:schema:xsd:CommonBasicComponents-2">
   <soapenv:Header/>
   <soapenv:Body>
      <v1:submitInboxRequestRequest>
         <v1:messageContext>
            <v11:messageId>${=import static java.util.UUID.randomUUID; uuid = randomUUID() as String}</v11:messageId>
            <v11:timestamp>${=new java.text.SimpleDateFormat("yyyy-MM-dd'T'HH:mm:ss.SSS").format(new Date())}</v11:timestamp>
         </v1:messageContext>
         <v1:request>
            <urn:ReceiverParty>
               <urn:PartyIdentification>
                  <urn1:ID schemeID="BE:VAT">2222222222</urn1:ID>
               </urn:PartyIdentification>
            </urn:ReceiverParty>
         </v1:request>
      </v1:submitInboxRequestRequest>
   </soapenv:Body>
</soapenv:Envelope>]]></con:request><con:credentials><con:selectedAuthProfile>Basic</con:selectedAuthProfile><con:addedBasicAuthenticationTypes>Basic</con:addedBasicAuthenticationTypes><con:authType>Global HTTP Settings</con:authType></con:credentials><con:jmsConfig JMSDeliveryMode="PERSISTENT"/><con:jmsPropertyConfig/><con:wsaConfig mustUnderstand="NONE" version="200508" action="http://fidus.brussels/services/invoiceservice/submitInboxRequest"/><con:wsrmConfig version="1.2"/></con:call><con:call id="1ed7aad7-25dd-4dee-842b-1a41ae712ccf" name="3 - Test - Worker1 - Request" outgoingWss="Outflow TEST" incomingWss="Inflow TEST"><con:settings><con:setting id="com.eviware.soapui.impl.wsdl.WsdlRequest@request-headers">&lt;xml-fragment/></con:setting></con:settings><con:encoding>UTF-8</con:encoding><con:endpoint>https://192.168.22.53:8443/services/InvoiceService_v1.0</con:endpoint><con:request><![CDATA[<soapenv:Envelope xmlns:soapenv="http://schemas.xmlsoap.org/soap/envelope/" xmlns:v1="http://fidus.brussels/service/invoiceservice/messages/v1" xmlns:v11="http://fidus.brussels/type/common/messages/v1" xmlns:urn="urn:oasis:names:specification:ubl:schema:xsd:CommonAggregateComponents-2" xmlns:urn1="urn:oasis:names:specification:ubl:schema:xsd:CommonBasicComponents-2">
   <soapenv:Header/>
   <soapenv:Body>
      <v1:submitInboxRequestRequest>
         <v1:messageContext>
            <v11:messageId>${=import static java.util.UUID.randomUUID; uuid = randomUUID() as String}</v11:messageId>
            <v11:timestamp>${=new java.text.SimpleDateFormat("yyyy-MM-dd'T'HH:mm:ss.SSS").format(new Date())}</v11:timestamp>
         </v1:messageContext>
         <v1:request>
            <urn:ReceiverParty>
               <urn:PartyIdentification>
                  <urn1:ID schemeID="BE:VAT">2222222222</urn1:ID>
               </urn:PartyIdentification>
            </urn:ReceiverParty>
         </v1:request>
      </v1:submitInboxRequestRequest>
   </soapenv:Body>
</soapenv:Envelope>]]></con:request><con:credentials><con:selectedAuthProfile>Basic</con:selectedAuthProfile><con:addedBasicAuthenticationTypes>Basic</con:addedBasicAuthenticationTypes><con:authType>Global HTTP Settings</con:authType></con:credentials><con:jmsConfig JMSDeliveryMode="PERSISTENT"/><con:jmsPropertyConfig/><con:wsaConfig mustUnderstand="NONE" version="200508" action="http://fidus.brussels/services/invoiceservice/submitInboxRequest"/><con:wsrmConfig version="1.2"/></con:call><con:call id="a344d086-38cc-494f-b570-71b37d32f53b" name="3 - Test - Worker2 - Request" outgoingWss="Outflow TEST" incomingWss="Inflow TEST"><con:settings><con:setting id="com.eviware.soapui.impl.wsdl.WsdlRequest@request-headers">&lt;xml-fragment/></con:setting></con:settings><con:encoding>UTF-8</con:encoding><con:endpoint>https://192.168.22.54:8443/services/InvoiceService_v1.0</con:endpoint><con:request><![CDATA[<soapenv:Envelope xmlns:soapenv="http://schemas.xmlsoap.org/soap/envelope/" xmlns:v1="http://fidus.brussels/service/invoiceservice/messages/v1" xmlns:v11="http://fidus.brussels/type/common/messages/v1" xmlns:urn="urn:oasis:names:specification:ubl:schema:xsd:CommonAggregateComponents-2" xmlns:urn1="urn:oasis:names:specification:ubl:schema:xsd:CommonBasicComponents-2">
   <soapenv:Header/>
   <soapenv:Body>
      <v1:submitInboxRequestRequest>
         <v1:messageContext>
            <v11:messageId>${=import static java.util.UUID.randomUUID; uuid = randomUUID() as String}</v11:messageId>
            <v11:timestamp>${=new java.text.SimpleDateFormat("yyyy-MM-dd'T'HH:mm:ss.SSS").format(new Date())}</v11:timestamp>
         </v1:messageContext>
         <v1:request>
            <urn:ReceiverParty>
               <urn:PartyIdentification>
                  <urn1:ID schemeID="BE:VAT">2222222222</urn1:ID>
               </urn:PartyIdentification>
            </urn:ReceiverParty>
         </v1:request>
      </v1:submitInboxRequestRequest>
   </soapenv:Body>
</soapenv:Envelope>]]></con:request><con:credentials><con:selectedAuthProfile>Basic</con:selectedAuthProfile><con:addedBasicAuthenticationTypes>Basic</con:addedBasicAuthenticationTypes><con:authType>Global HTTP Settings</con:authType></con:credentials><con:jmsConfig JMSDeliveryMode="PERSISTENT"/><con:jmsPropertyConfig/><con:wsaConfig mustUnderstand="NONE" version="200508" action="http://fidus.brussels/services/invoiceservice/submitInboxRequest"/><con:wsrmConfig version="1.2"/></con:call><con:call id="81f602e5-be6c-4cd6-b189-bdce58654bc3" name="4 - Staging - External - Request" outgoingWss="Outflow STAG" incomingWss="Inflow STAG"><con:settings><con:setting id="com.eviware.soapui.impl.wsdl.WsdlRequest@request-headers">&lt;xml-fragment/></con:setting></con:settings><con:encoding>UTF-8</con:encoding><con:endpoint>https://fidus.irisnetlab.be/services/InvoiceService_v1.0</con:endpoint><con:request><![CDATA[<soapenv:Envelope xmlns:soapenv="http://schemas.xmlsoap.org/soap/envelope/" xmlns:v1="http://fidus.brussels/service/invoiceservice/messages/v1" xmlns:v11="http://fidus.brussels/type/common/messages/v1" xmlns:urn="urn:oasis:names:specification:ubl:schema:xsd:CommonAggregateComponents-2" xmlns:urn1="urn:oasis:names:specification:ubl:schema:xsd:CommonBasicComponents-2">
   <soapenv:Header/>
   <soapenv:Body>
      <v1:submitInboxRequestRequest>
         <v1:messageContext>
            <v11:messageId>${=import static java.util.UUID.randomUUID; uuid = randomUUID() as String}</v11:messageId>
            <v11:timestamp>${=new java.text.SimpleDateFormat("yyyy-MM-dd'T'HH:mm:ss.SSS").format(new Date())}</v11:timestamp>
         </v1:messageContext>
         <v1:request>
            <urn:ReceiverParty>
               <urn:PartyIdentification>
                  <urn1:ID schemeID="BE:VAT">2222222222</urn1:ID>
               </urn:PartyIdentification>
            </urn:ReceiverParty>
         </v1:request>
      </v1:submitInboxRequestRequest>
   </soapenv:Body>
</soapenv:Envelope>]]></con:request><con:credentials><con:selectedAuthProfile>Basic</con:selectedAuthProfile><con:addedBasicAuthenticationTypes>Basic</con:addedBasicAuthenticationTypes><con:authType>Global HTTP Settings</con:authType></con:credentials><con:jmsConfig JMSDeliveryMode="PERSISTENT"/><con:jmsPropertyConfig/><con:wsaConfig mustUnderstand="NONE" version="200508" action="http://fidus.brussels/services/invoiceservice/submitInboxRequest"/><con:wsrmConfig version="1.2"/></con:call><con:call id="e1e7c31f-9036-448c-ace5-e8bbe4e08d6d" name="4 - Staging - LB - Request" outgoingWss="Outflow STAG" incomingWss="Inflow STAG"><con:settings><con:setting id="com.eviware.soapui.impl.wsdl.WsdlRequest@request-headers">&lt;xml-fragment/></con:setting></con:settings><con:encoding>UTF-8</con:encoding><con:endpoint>https://fidus-esb-sg.sta.srv.cirb.lan:8443/services/InvoiceService_v1.0</con:endpoint><con:request><![CDATA[<soapenv:Envelope xmlns:soapenv="http://schemas.xmlsoap.org/soap/envelope/" xmlns:v1="http://fidus.brussels/service/invoiceservice/messages/v1" xmlns:v11="http://fidus.brussels/type/common/messages/v1" xmlns:urn="urn:oasis:names:specification:ubl:schema:xsd:CommonAggregateComponents-2" xmlns:urn1="urn:oasis:names:specification:ubl:schema:xsd:CommonBasicComponents-2">
   <soapenv:Header/>
   <soapenv:Body>
      <v1:submitInboxRequestRequest>
         <v1:messageContext>
            <v11:messageId>${=import static java.util.UUID.randomUUID; uuid = randomUUID() as String}</v11:messageId>
            <v11:timestamp>${=new java.text.SimpleDateFormat("yyyy-MM-dd'T'HH:mm:ss.SSS").format(new Date())}</v11:timestamp>
         </v1:messageContext>
         <v1:request>
            <urn:ReceiverParty>
               <urn:PartyIdentification>
                  <urn1:ID schemeID="BE:VAT">2222222222</urn1:ID>
               </urn:PartyIdentification>
            </urn:ReceiverParty>
         </v1:request>
      </v1:submitInboxRequestRequest>
   </soapenv:Body>
</soapenv:Envelope>]]></con:request><con:credentials><con:selectedAuthProfile>Basic</con:selectedAuthProfile><con:addedBasicAuthenticationTypes>Basic</con:addedBasicAuthenticationTypes><con:authType>Global HTTP Settings</con:authType></con:credentials><con:jmsConfig JMSDeliveryMode="PERSISTENT"/><con:jmsPropertyConfig/><con:wsaConfig mustUnderstand="NONE" version="200508" action="http://fidus.brussels/services/invoiceservice/submitInboxRequest"/><con:wsrmConfig version="1.2"/></con:call><con:call id="d20b2dd5-0514-4e71-81ff-b362b9447f5b" name="4 - Staging - Worker1 - Request" outgoingWss="Outflow STAG" incomingWss="Inflow STAG"><con:settings><con:setting id="com.eviware.soapui.impl.wsdl.WsdlRequest@request-headers">&lt;xml-fragment/></con:setting></con:settings><con:encoding>UTF-8</con:encoding><con:endpoint>https://192.168.24.16:8443/services/InvoiceService_v1.0</con:endpoint><con:request><![CDATA[<soapenv:Envelope xmlns:soapenv="http://schemas.xmlsoap.org/soap/envelope/" xmlns:v1="http://fidus.brussels/service/invoiceservice/messages/v1" xmlns:v11="http://fidus.brussels/type/common/messages/v1" xmlns:urn="urn:oasis:names:specification:ubl:schema:xsd:CommonAggregateComponents-2" xmlns:urn1="urn:oasis:names:specification:ubl:schema:xsd:CommonBasicComponents-2">
   <soapenv:Header/>
   <soapenv:Body>
      <v1:submitInboxRequestRequest>
         <v1:messageContext>
            <v11:messageId>${=import static java.util.UUID.randomUUID; uuid = randomUUID() as String}</v11:messageId>
            <v11:timestamp>${=new java.text.SimpleDateFormat("yyyy-MM-dd'T'HH:mm:ss.SSS").format(new Date())}</v11:timestamp>
         </v1:messageContext>
         <v1:request>
            <urn:ReceiverParty>
               <urn:PartyIdentification>
                  <urn1:ID schemeID="BE:VAT">2222222222</urn1:ID>
               </urn:PartyIdentification>
            </urn:ReceiverParty>
         </v1:request>
      </v1:submitInboxRequestRequest>
   </soapenv:Body>
</soapenv:Envelope>]]></con:request><con:credentials><con:selectedAuthProfile>Basic</con:selectedAuthProfile><con:addedBasicAuthenticationTypes>Basic</con:addedBasicAuthenticationTypes><con:authType>Global HTTP Settings</con:authType></con:credentials><con:jmsConfig JMSDeliveryMode="PERSISTENT"/><con:jmsPropertyConfig/><con:wsaConfig mustUnderstand="NONE" version="200508" action="http://fidus.brussels/services/invoiceservice/submitInboxRequest"/><con:wsrmConfig version="1.2"/></con:call><con:call id="9f2c23e2-e6c5-42b8-86e1-95bccd49411e" name="4 - Staging - Worker2 - Request" outgoingWss="Outflow STAG" incomingWss="Inflow STAG"><con:settings><con:setting id="com.eviware.soapui.impl.wsdl.WsdlRequest@request-headers">&lt;xml-fragment/></con:setting></con:settings><con:encoding>UTF-8</con:encoding><con:endpoint>https://192.168.24.17:8443/services/InvoiceService_v1.0</con:endpoint><con:request><![CDATA[<soapenv:Envelope xmlns:soapenv="http://schemas.xmlsoap.org/soap/envelope/" xmlns:v1="http://fidus.brussels/service/invoiceservice/messages/v1" xmlns:v11="http://fidus.brussels/type/common/messages/v1" xmlns:urn="urn:oasis:names:specification:ubl:schema:xsd:CommonAggregateComponents-2" xmlns:urn1="urn:oasis:names:specification:ubl:schema:xsd:CommonBasicComponents-2">
   <soapenv:Header/>
   <soapenv:Body>
      <v1:submitInboxRequestRequest>
         <v1:messageContext>
            <v11:messageId>${=import static java.util.UUID.randomUUID; uuid = randomUUID() as String}</v11:messageId>
            <v11:timestamp>${=new java.text.SimpleDateFormat("yyyy-MM-dd'T'HH:mm:ss.SSS").format(new Date())}</v11:timestamp>
         </v1:messageContext>
         <v1:request>
            <urn:ReceiverParty>
               <urn:PartyIdentification>
                  <urn1:ID schemeID="BE:VAT">2222222222</urn1:ID>
               </urn:PartyIdentification>
            </urn:ReceiverParty>
         </v1:request>
      </v1:submitInboxRequestRequest>
   </soapenv:Body>
</soapenv:Envelope>]]></con:request><con:credentials><con:selectedAuthProfile>Basic</con:selectedAuthProfile><con:addedBasicAuthenticationTypes>Basic</con:addedBasicAuthenticationTypes><con:authType>Global HTTP Settings</con:authType></con:credentials><con:jmsConfig JMSDeliveryMode="PERSISTENT"/><con:jmsPropertyConfig/><con:wsaConfig mustUnderstand="NONE" version="200508" action="http://fidus.brussels/services/invoiceservice/submitInboxRequest"/><con:wsrmConfig version="1.2"/></con:call><con:call id="bb2cb7f5-819d-42ac-b7bd-1cdf0432ce24" name="5 - Prod - External - Request" outgoingWss="Outflow PROD" incomingWss="Inflow PROD"><con:settings><con:setting id="com.eviware.soapui.impl.wsdl.WsdlRequest@request-headers">&lt;xml-fragment/></con:setting></con:settings><con:encoding>UTF-8</con:encoding><con:endpoint>https://fidus.sec.brussels/services/InvoiceService_v1.0</con:endpoint><con:request><![CDATA[<soapenv:Envelope xmlns:soapenv="http://schemas.xmlsoap.org/soap/envelope/" xmlns:v1="http://fidus.brussels/service/invoiceservice/messages/v1" xmlns:v11="http://fidus.brussels/type/common/messages/v1" xmlns:urn="urn:oasis:names:specification:ubl:schema:xsd:CommonAggregateComponents-2" xmlns:urn1="urn:oasis:names:specification:ubl:schema:xsd:CommonBasicComponents-2">
   <soapenv:Header/>
   <soapenv:Body>
      <v1:submitInboxRequestRequest>
         <v1:messageContext>
            <v11:messageId>${=import static java.util.UUID.randomUUID; uuid = randomUUID() as String}</v11:messageId>
            <v11:timestamp>${=new java.text.SimpleDateFormat("yyyy-MM-dd'T'HH:mm:ss.SSS").format(new Date())}</v11:timestamp>
         </v1:messageContext>
         <v1:request>
            <urn:ReceiverParty>
               <urn:PartyIdentification>
                  <urn1:ID schemeID="BE:VAT">2222222222</urn1:ID>
               </urn:PartyIdentification>
            </urn:ReceiverParty>
         </v1:request>
      </v1:submitInboxRequestRequest>
   </soapenv:Body>
</soapenv:Envelope>]]></con:request><con:credentials><con:selectedAuthProfile>Basic</con:selectedAuthProfile><con:addedBasicAuthenticationTypes>Basic</con:addedBasicAuthenticationTypes><con:authType>Global HTTP Settings</con:authType></con:credentials><con:jmsConfig JMSDeliveryMode="PERSISTENT"/><con:jmsPropertyConfig/><con:wsaConfig mustUnderstand="NONE" version="200508" action="http://fidus.brussels/services/invoiceservice/submitInboxRequest"/><con:wsrmConfig version="1.2"/></con:call><con:call id="777c818b-a60a-4f5d-95f1-c49dd879acd8" name="5 - Prod - LB - Request" outgoingWss="Outflow PROD" incomingWss="Inflow PROD"><con:settings><con:setting id="com.eviware.soapui.impl.wsdl.WsdlRequest@request-headers">&lt;xml-fragment/></con:setting></con:settings><con:encoding>UTF-8</con:encoding><con:endpoint>https://fidus-esb-sg.prd.srv.cirb.lan:8443/services/InvoiceService_v1.0</con:endpoint><con:request><![CDATA[<soapenv:Envelope xmlns:soapenv="http://schemas.xmlsoap.org/soap/envelope/" xmlns:v1="http://fidus.brussels/service/invoiceservice/messages/v1" xmlns:v11="http://fidus.brussels/type/common/messages/v1" xmlns:urn="urn:oasis:names:specification:ubl:schema:xsd:CommonAggregateComponents-2" xmlns:urn1="urn:oasis:names:specification:ubl:schema:xsd:CommonBasicComponents-2">
   <soapenv:Header/>
   <soapenv:Body>
      <v1:submitInboxRequestRequest>
         <v1:messageContext>
            <v11:messageId>${=import static java.util.UUID.randomUUID; uuid = randomUUID() as String}</v11:messageId>
            <v11:timestamp>${=new java.text.SimpleDateFormat("yyyy-MM-dd'T'HH:mm:ss.SSS").format(new Date())}</v11:timestamp>
         </v1:messageContext>
         <v1:request>
            <urn:ReceiverParty>
               <urn:PartyIdentification>
                  <urn1:ID schemeID="BE:VAT">2222222222</urn1:ID>
               </urn:PartyIdentification>
            </urn:ReceiverParty>
         </v1:request>
      </v1:submitInboxRequestRequest>
   </soapenv:Body>
</soapenv:Envelope>]]></con:request><con:credentials><con:selectedAuthProfile>Basic</con:selectedAuthProfile><con:addedBasicAuthenticationTypes>Basic</con:addedBasicAuthenticationTypes><con:authType>Global HTTP Settings</con:authType></con:credentials><con:jmsConfig JMSDeliveryMode="PERSISTENT"/><con:jmsPropertyConfig/><con:wsaConfig mustUnderstand="NONE" version="200508" action="http://fidus.brussels/services/invoiceservice/submitInboxRequest"/><con:wsrmConfig version="1.2"/></con:call><con:call id="c790a26d-dee0-4ae4-88a3-25b44d4af4e0" name="5 - Prod - Worker1 - Request" outgoingWss="Outflow PROD" incomingWss="Inflow PROD"><con:settings><con:setting id="com.eviware.soapui.impl.wsdl.WsdlRequest@request-headers">&lt;xml-fragment/></con:setting></con:settings><con:encoding>UTF-8</con:encoding><con:endpoint>https://192.168.26.22:8443/services/InvoiceService_v1.0</con:endpoint><con:request><![CDATA[<soapenv:Envelope xmlns:soapenv="http://schemas.xmlsoap.org/soap/envelope/" xmlns:v1="http://fidus.brussels/service/invoiceservice/messages/v1" xmlns:v11="http://fidus.brussels/type/common/messages/v1" xmlns:urn="urn:oasis:names:specification:ubl:schema:xsd:CommonAggregateComponents-2" xmlns:urn1="urn:oasis:names:specification:ubl:schema:xsd:CommonBasicComponents-2">
   <soapenv:Header/>
   <soapenv:Body>
      <v1:submitInboxRequestRequest>
         <v1:messageContext>
            <v11:messageId>${=import static java.util.UUID.randomUUID; uuid = randomUUID() as String}</v11:messageId>
            <v11:timestamp>${=new java.text.SimpleDateFormat("yyyy-MM-dd'T'HH:mm:ss.SSS").format(new Date())}</v11:timestamp>
         </v1:messageContext>
         <v1:request>
            <urn:ReceiverParty>
               <urn:PartyIdentification>
                  <urn1:ID schemeID="BE:VAT">2222222222</urn1:ID>
               </urn:PartyIdentification>
            </urn:ReceiverParty>
         </v1:request>
      </v1:submitInboxRequestRequest>
   </soapenv:Body>
</soapenv:Envelope>]]></con:request><con:credentials><con:selectedAuthProfile>Basic</con:selectedAuthProfile><con:addedBasicAuthenticationTypes>Basic</con:addedBasicAuthenticationTypes><con:authType>Global HTTP Settings</con:authType></con:credentials><con:jmsConfig JMSDeliveryMode="PERSISTENT"/><con:jmsPropertyConfig/><con:wsaConfig mustUnderstand="NONE" version="200508" action="http://fidus.brussels/services/invoiceservice/submitInboxRequest"/><con:wsrmConfig version="1.2"/></con:call><con:call id="c62a7b60-8ac5-42f8-87fe-d520cb42ffed" name="5 - Prod - Worker2 - Request" outgoingWss="Outflow PROD" incomingWss="Inflow PROD"><con:settings><con:setting id="com.eviware.soapui.impl.wsdl.WsdlRequest@request-headers">&lt;xml-fragment/></con:setting></con:settings><con:encoding>UTF-8</con:encoding><con:endpoint>https://192.168.26.19:8443/services/InvoiceService_v1.0</con:endpoint><con:request><![CDATA[<soapenv:Envelope xmlns:soapenv="http://schemas.xmlsoap.org/soap/envelope/" xmlns:v1="http://fidus.brussels/service/invoiceservice/messages/v1" xmlns:v11="http://fidus.brussels/type/common/messages/v1" xmlns:urn="urn:oasis:names:specification:ubl:schema:xsd:CommonAggregateComponents-2" xmlns:urn1="urn:oasis:names:specification:ubl:schema:xsd:CommonBasicComponents-2">
   <soapenv:Header/>
   <soapenv:Body>
      <v1:submitInboxRequestRequest>
         <v1:messageContext>
            <v11:messageId>${=import static java.util.UUID.randomUUID; uuid = randomUUID() as String}</v11:messageId>
            <v11:timestamp>${=new java.text.SimpleDateFormat("yyyy-MM-dd'T'HH:mm:ss.SSS").format(new Date())}</v11:timestamp>
         </v1:messageContext>
         <v1:request>
            <urn:ReceiverParty>
               <urn:PartyIdentification>
                  <urn1:ID schemeID="BE:VAT">2222222222</urn1:ID>
               </urn:PartyIdentification>
            </urn:ReceiverParty>
         </v1:request>
      </v1:submitInboxRequestRequest>
   </soapenv:Body>
</soapenv:Envelope>]]></con:request><con:credentials><con:selectedAuthProfile>Basic</con:selectedAuthProfile><con:addedBasicAuthenticationTypes>Basic</con:addedBasicAuthenticationTypes><con:authType>Global HTTP Settings</con:authType></con:credentials><con:jmsConfig JMSDeliveryMode="PERSISTENT"/><con:jmsPropertyConfig/><con:wsaConfig mustUnderstand="NONE" version="200508" action="http://fidus.brussels/services/invoiceservice/submitInboxRequest"/><con:wsrmConfig version="1.2"/></con:call></con:operation></con:interface><con:testSuite id="f8e43eeb-f91d-4357-8d98-05061655a266" name="DEV"><con:settings/><con:runType>SEQUENTIAL</con:runType><con:testCase id="4bf5c4e7-b42d-403a-aa11-9598ef38e9b4" failOnError="true" failTestCaseOnErrors="true" keepSession="false" maxResults="0" name="markRequest" searchProperties="true"><con:settings/><con:testStep type="request" id="b18a626a-f94d-4919-8df2-019d5f4e2a4f" name="testcase2 - Dev - Request"><con:settings/><con:config xsi:type="con:RequestStep" xmlns:xsi="http://www.w3.org/2001/XMLSchema-instance"><con:interface>InvoiceServiceHTTPBinding</con:interface><con:operation>markRequest</con:operation><con:request name="testcase2 - Dev - Request" id="6b8c31b4-d016-4ec7-8f1d-45b13d5058db" outgoingWss="Outflow DEV"><con:settings/><con:encoding>UTF-8</con:encoding><con:endpoint>https://192.168.36.61:8243/services/InvoiceService_v1.0</con:endpoint><con:request><![CDATA[<soapenv:Envelope xmlns:soapenv="http://schemas.xmlsoap.org/soap/envelope/" xmlns:v1="http://fidus.brussels/service/invoiceservice/messages/v1" xmlns:v11="http://fidus.brussels/type/common/messages/v1" xmlns:urn="urn:oasis:names:specification:ubl:schema:xsd:CommonAggregateComponents-2" xmlns:urn1="urn:oasis:names:specification:ubl:schema:xsd:CommonBasicComponents-2">
   <soapenv:Header/>
   <soapenv:Body>
      <v1:markRequestRequest>
         <v1:messageContext>
            <v11:messageId>${=import static java.util.UUID.randomUUID; uuid = randomUUID() as String}</v11:messageId>
            <v11:timestamp>${=new java.text.SimpleDateFormat("yyyy-MM-dd'T'HH:mm:ss.SSS").format(new Date())}</v11:timestamp>
         </v1:messageContext>
         <v1:request>
            <urn:SenderParty>
               <urn:PartyIdentification>
                  <urn1:ID schemeID="BE:VAT">1111111111</urn1:ID>
               </urn:PartyIdentification>
            </urn:SenderParty>
            <urn:ReceiverParty>
               <urn:PartyIdentification>
                  <urn1:ID schemeID="BE:VAT">2222222222</urn1:ID>
               </urn:PartyIdentification>
            </urn:ReceiverParty>
            <urn1:ID>1461749877648</urn1:ID>
            <urn1:DocumentTypeCode>380</urn1:DocumentTypeCode>
         </v1:request>
      </v1:markRequestRequest>
   </soapenv:Body>
</soapenv:Envelope>]]></con:request><con:assertion type="SOAP Fault Assertion" id="4f6ea9a0-d80d-4a43-a83d-12640b24bdcc" name="Not SOAP Fault"/><con:assertion type="SOAP Response" id="ee140786-80b8-4730-9119-cb069e57b3d7" name="SOAP Response"/><con:assertion type="Schema Compliance" id="322527f8-8199-4065-8da1-4a62b1d44e4d" name="Schema Compliance"><con:configuration/></con:assertion><con:wsaConfig action="http://fidus.brussels/services/invoiceservice/markRequest"/></con:request></con:config></con:testStep><con:properties/></con:testCase><con:testCase id="f2d8d7eb-0ce0-4b4d-a371-dac867d0b549" failOnError="true" failTestCaseOnErrors="true" keepSession="false" maxResults="0" name="retrieveRequest" searchProperties="true"><con:settings/><con:testStep type="request" id="aab6cfc7-c1c1-4be1-be00-b14a917c7d8f" name="testcase2 - Dev - Request"><con:settings/><con:config xsi:type="con:RequestStep" xmlns:xsi="http://www.w3.org/2001/XMLSchema-instance"><con:interface>InvoiceServiceHTTPBinding</con:interface><con:operation>retrieveRequest</con:operation><con:request name="testcase2 - Dev - Request" id="f60b19e1-08e4-4960-ac4d-11899b5c6734" outgoingWss="Outflow DEV"><con:settings/><con:encoding>UTF-8</con:encoding><con:endpoint>https://192.168.36.61:8243/services/InvoiceService_v1.0</con:endpoint><con:request><![CDATA[<soapenv:Envelope xmlns:soapenv="http://schemas.xmlsoap.org/soap/envelope/" xmlns:v1="http://fidus.brussels/service/invoiceservice/messages/v1" xmlns:v11="http://fidus.brussels/type/common/messages/v1" xmlns:urn="urn:oasis:names:specification:ubl:schema:xsd:CommonAggregateComponents-2" xmlns:urn1="urn:oasis:names:specification:ubl:schema:xsd:CommonBasicComponents-2">
   <soapenv:Header/>
   <soapenv:Body>
      <v1:retrieveRequestRequest>
         <v1:messageContext>
            <v11:messageId>${=import static java.util.UUID.randomUUID; uuid = randomUUID() as String}</v11:messageId>
            <v11:timestamp>${=new java.text.SimpleDateFormat("yyyy-MM-dd'T'HH:mm:ss.SSS").format(new Date())}</v11:timestamp>
         </v1:messageContext>
         <v1:request>
            <urn:SenderParty>
               <urn:PartyIdentification>
                  <urn1:ID schemeID="BE:VAT">1111111111</urn1:ID>
               </urn:PartyIdentification>
            </urn:SenderParty>
            <urn:ReceiverParty>
               <urn:PartyIdentification>
                  <urn1:ID schemeID="BE:VAT">2222222222</urn1:ID>
               </urn:PartyIdentification>
            </urn:ReceiverParty>
            <urn1:ID>1461749877648</urn1:ID>
            <urn1:DocumentTypeCode>380</urn1:DocumentTypeCode>
         </v1:request>
      </v1:retrieveRequestRequest>
   </soapenv:Body>
</soapenv:Envelope>]]></con:request><con:assertion type="SOAP Fault Assertion" id="6e67b1f1-c603-4dff-a11a-9b37fadd4bf5" name="Not SOAP Fault"/><con:assertion type="SOAP Response" id="11a6efe6-4eeb-4a5b-9bbf-7a82398d3267" name="SOAP Response"/><con:assertion type="Schema Compliance" id="74099ba6-c693-4dd9-aa19-82977ac31152" name="Schema Compliance"><con:configuration/></con:assertion><con:wsaConfig action="http://fidus.brussels/services/invoiceservice/retrieveRequest"/></con:request></con:config></con:testStep><con:properties/></con:testCase><con:testCase id="80ef3365-6e15-4736-a177-34211894d8c7" failOnError="true" failTestCaseOnErrors="true" keepSession="false" maxResults="0" name="submitApplicationResponse" searchProperties="true"><con:settings/><con:testStep type="request" id="b510a113-eb43-4a7e-8c5d-8301ef918938" name="testcase2 - Dev - Request"><con:settings/><con:config xsi:type="con:RequestStep" xmlns:xsi="http://www.w3.org/2001/XMLSchema-instance"><con:interface>InvoiceServiceHTTPBinding</con:interface><con:operation>submitApplicationResponse</con:operation><con:request name="testcase2 - Dev - Request" id="d040f854-d73a-4ad8-9b8f-ec05cb610bf5" outgoingWss="Outflow DEV"><con:settings/><con:encoding>UTF-8</con:encoding><con:endpoint>https://192.168.36.61:8243/services/InvoiceService_v1.0</con:endpoint><con:request><![CDATA[<soapenv:Envelope xmlns:soapenv="http://schemas.xmlsoap.org/soap/envelope/" xmlns:v1="http://fidus.brussels/service/invoiceservice/messages/v1" xmlns:v11="http://fidus.brussels/type/common/messages/v1" xmlns:urn="urn:oasis:names:specification:ubl:schema:xsd:ApplicationResponse-2" xmlns:urn1="urn:oasis:names:specification:ubl:schema:xsd:CommonExtensionComponents-2" xmlns:urn2="urn:oasis:names:specification:ubl:schema:xsd:CommonBasicComponents-2" xmlns:urn3="urn:oasis:names:specification:ubl:schema:xsd:CommonAggregateComponents-2">
   <soapenv:Header/>
   <soapenv:Body>
      <v1:submitApplicationResponseRequest>
         <v1:messageContext>
            <v11:messageId>${=import static java.util.UUID.randomUUID; uuid = randomUUID() as String}</v11:messageId>
            <v11:timestamp>${=new java.text.SimpleDateFormat("yyyy-MM-dd'T'HH:mm:ss.SSS").format(new Date())}</v11:timestamp>
         </v1:messageContext>
         <v1:request>
            <urn:ApplicationResponse>
               <urn2:ID>someBackofficeAssignedID</urn2:ID>
               <urn2:IssueDate>2013-01-28</urn2:IssueDate>
               <urn3:SenderParty>
                  <urn3:PartyIdentification>
                     <urn2:ID schemeID="BE:VAT">1111111111</urn2:ID>
                  </urn3:PartyIdentification>
               </urn3:SenderParty>
               <urn3:ReceiverParty>
                  <urn3:PartyIdentification>
                     <urn2:ID schemeID="BE:VAT">2222222222</urn2:ID>
                  </urn3:PartyIdentification>
               </urn3:ReceiverParty>
               <urn3:DocumentResponse>
                  <urn3:Response>
                     <urn2:ReferenceID>someBackofficeAssignedID</urn2:ReferenceID>
                     <urn2:ResponseCode>380:1</urn2:ResponseCode>
                  </urn3:Response>
                  <urn3:DocumentReference>
                     <urn2:ID>1461749877648</urn2:ID>
                     <urn2:DocumentTypeCode>380</urn2:DocumentTypeCode>
                  </urn3:DocumentReference>
               </urn3:DocumentResponse>
            </urn:ApplicationResponse>
         </v1:request>
      </v1:submitApplicationResponseRequest>
   </soapenv:Body>
</soapenv:Envelope>]]></con:request><con:assertion type="SOAP Fault Assertion" id="a0a746ba-ab39-4385-bb6b-e8d4cf541166" name="Not SOAP Fault"/><con:assertion type="SOAP Response" id="0c28ad8b-3b13-4a1d-9907-0c968e55621d" name="SOAP Response"/><con:assertion type="Schema Compliance" id="868733e0-4705-4872-855a-2e1d8ce096d2" name="Schema Compliance"><con:configuration/></con:assertion><con:wsaConfig action="http://fidus.brussels/services/invoiceservice/submitApplicationResponse"/></con:request></con:config></con:testStep><con:properties/></con:testCase><con:testCase id="899215fb-8136-4981-a775-f4fa44adc571" failOnError="true" failTestCaseOnErrors="true" keepSession="false" maxResults="0" name="submitInboxRequest" searchProperties="true"><con:settings/><con:testStep type="request" id="1d2ab764-855c-4415-9ec0-36127d9d8ad5" name="testcase2 - Dev - Request"><con:settings/><con:config xsi:type="con:RequestStep" xmlns:xsi="http://www.w3.org/2001/XMLSchema-instance"><con:interface>InvoiceServiceHTTPBinding</con:interface><con:operation>submitInboxRequest</con:operation><con:request name="testcase2 - Dev - Request" id="2a47004d-b1d8-435e-a0a6-2f132adf0488" outgoingWss="Outflow DEV"><con:settings/><con:encoding>UTF-8</con:encoding><con:endpoint>https://192.168.36.61:8243/services/InvoiceService_v1.0</con:endpoint><con:request><![CDATA[<soapenv:Envelope xmlns:soapenv="http://schemas.xmlsoap.org/soap/envelope/" xmlns:v1="http://fidus.brussels/service/invoiceservice/messages/v1" xmlns:v11="http://fidus.brussels/type/common/messages/v1" xmlns:urn="urn:oasis:names:specification:ubl:schema:xsd:CommonAggregateComponents-2" xmlns:urn1="urn:oasis:names:specification:ubl:schema:xsd:CommonBasicComponents-2">
   <soapenv:Header/>
   <soapenv:Body>
      <v1:submitInboxRequestRequest>
         <v1:messageContext>
            <v11:messageId>${=import static java.util.UUID.randomUUID; uuid = randomUUID() as String}</v11:messageId>
            <v11:timestamp>${=new java.text.SimpleDateFormat("yyyy-MM-dd'T'HH:mm:ss.SSS").format(new Date())}</v11:timestamp>
         </v1:messageContext>
         <v1:request>
            <urn:ReceiverParty>
               <urn:PartyIdentification>
                  <urn1:ID schemeID="BE:VAT">2222222222</urn1:ID>
               </urn:PartyIdentification>
            </urn:ReceiverParty>
         </v1:request>
      </v1:submitInboxRequestRequest>
   </soapenv:Body>
</soapenv:Envelope>]]></con:request><con:assertion type="SOAP Fault Assertion" id="268a95eb-84c6-4e11-b4de-7497dbc023e4" name="Not SOAP Fault"/><con:assertion type="SOAP Response" id="371b6317-6eec-4df9-a2ec-a2d3c265894a" name="SOAP Response"/><con:assertion type="Schema Compliance" id="1643cfe1-b15f-4e21-8a88-d391571a9c11" name="Schema Compliance"><con:configuration/></con:assertion><con:wsaConfig action="http://fidus.brussels/services/invoiceservice/submitInboxRequest"/></con:request></con:config></con:testStep><con:properties/></con:testCase><con:properties/></con:testSuite><con:testSuite id="eafbe57e-af8c-406d-bc3f-bb3587e6dc15" name="TEST"><con:settings/><con:runType>SEQUENTIAL</con:runType><con:testCase id="18c91831-d154-4c75-b87a-7823995a94e6" failOnError="true" failTestCaseOnErrors="true" keepSession="false" maxResults="0" name="markRequest" searchProperties="true"><con:settings/><con:testStep type="request" id="ebe2876b-f410-41be-b46a-3e458b5d23d7" name="testcase3 - Test - External - Request"><con:settings/><con:config xsi:type="con:RequestStep" xmlns:xsi="http://www.w3.org/2001/XMLSchema-instance"><con:interface>InvoiceServiceHTTPBinding</con:interface><con:operation>markRequest</con:operation><con:request name="testcase3 - Test - External - Request" id="a40779d5-b53d-457c-aa00-c67c78ea96b9" outgoingWss="Outflow TEST"><con:settings/><con:encoding>UTF-8</con:encoding><con:endpoint>https://fidus-test.irisnetlab.be/services/InvoiceService_v1.0</con:endpoint><con:request><![CDATA[<soapenv:Envelope xmlns:soapenv="http://schemas.xmlsoap.org/soap/envelope/" xmlns:v1="http://fidus.brussels/service/invoiceservice/messages/v1" xmlns:v11="http://fidus.brussels/type/common/messages/v1" xmlns:urn="urn:oasis:names:specification:ubl:schema:xsd:CommonAggregateComponents-2" xmlns:urn1="urn:oasis:names:specification:ubl:schema:xsd:CommonBasicComponents-2">
   <soapenv:Header/>
   <soapenv:Body>
      <v1:markRequestRequest>
         <v1:messageContext>
            <v11:messageId>${=import static java.util.UUID.randomUUID; uuid = randomUUID() as String}</v11:messageId>
            <v11:timestamp>${=new java.text.SimpleDateFormat("yyyy-MM-dd'T'HH:mm:ss.SSS").format(new Date())}</v11:timestamp>
         </v1:messageContext>
         <v1:request>
            <urn:SenderParty>
               <urn:PartyIdentification>
                  <urn1:ID schemeID="BE:VAT">1111111111</urn1:ID>
               </urn:PartyIdentification>
            </urn:SenderParty>
            <urn:ReceiverParty>
               <urn:PartyIdentification>
                  <urn1:ID schemeID="BE:VAT">2222222222</urn1:ID>
               </urn:PartyIdentification>
            </urn:ReceiverParty>
            <urn1:ID>1461749877648</urn1:ID>
            <urn1:DocumentTypeCode>380</urn1:DocumentTypeCode>
         </v1:request>
      </v1:markRequestRequest>
   </soapenv:Body>
</soapenv:Envelope>]]></con:request><con:assertion type="SOAP Fault Assertion" id="a492fed0-63b0-41cc-8a1c-c93b43d1b951" name="Not SOAP Fault"/><con:assertion type="SOAP Response" id="5f4e4ea7-07da-4fca-862b-3e568aac7002" name="SOAP Response"/><con:assertion type="Schema Compliance" id="1a6794fc-daa8-46bb-be13-f7ab74c3b569" name="Schema Compliance"><con:configuration/></con:assertion><con:wsaConfig action="http://fidus.brussels/services/invoiceservice/markRequest"/></con:request></con:config></con:testStep><con:testStep type="request" id="4885e52d-f0c1-4bb3-8425-cc4105c82a51" name="testcase3 - Test - LB - Request"><con:settings/><con:config xsi:type="con:RequestStep" xmlns:xsi="http://www.w3.org/2001/XMLSchema-instance"><con:interface>InvoiceServiceHTTPBinding</con:interface><con:operation>markRequest</con:operation><con:request name="testcase3 - Test - LB - Request" id="65aab63d-560d-4038-9c5d-f5609bf844de" outgoingWss="Outflow TEST"><con:settings/><con:encoding>UTF-8</con:encoding><con:endpoint>https://esb-security-gw.sta.srv.cirb.lan:8443/services/InvoiceService_v1.0</con:endpoint><con:request><![CDATA[<soapenv:Envelope xmlns:soapenv="http://schemas.xmlsoap.org/soap/envelope/" xmlns:v1="http://fidus.brussels/service/invoiceservice/messages/v1" xmlns:v11="http://fidus.brussels/type/common/messages/v1" xmlns:urn="urn:oasis:names:specification:ubl:schema:xsd:CommonAggregateComponents-2" xmlns:urn1="urn:oasis:names:specification:ubl:schema:xsd:CommonBasicComponents-2">
   <soapenv:Header/>
   <soapenv:Body>
      <v1:markRequestRequest>
         <v1:messageContext>
            <v11:messageId>${=import static java.util.UUID.randomUUID; uuid = randomUUID() as String}</v11:messageId>
            <v11:timestamp>${=new java.text.SimpleDateFormat("yyyy-MM-dd'T'HH:mm:ss.SSS").format(new Date())}</v11:timestamp>
         </v1:messageContext>
         <v1:request>
            <urn:SenderParty>
               <urn:PartyIdentification>
                  <urn1:ID schemeID="BE:VAT">1111111111</urn1:ID>
               </urn:PartyIdentification>
            </urn:SenderParty>
            <urn:ReceiverParty>
               <urn:PartyIdentification>
                  <urn1:ID schemeID="BE:VAT">2222222222</urn1:ID>
               </urn:PartyIdentification>
            </urn:ReceiverParty>
            <urn1:ID>1461749877648</urn1:ID>
            <urn1:DocumentTypeCode>380</urn1:DocumentTypeCode>
         </v1:request>
      </v1:markRequestRequest>
   </soapenv:Body>
</soapenv:Envelope>]]></con:request><con:assertion type="SOAP Fault Assertion" id="2a9825ff-cf6f-4d32-84d5-56065ff62092" name="Not SOAP Fault"/><con:assertion type="SOAP Response" id="3f9f027e-37c7-4cf7-a2a0-310405f701e0" name="SOAP Response"/><con:assertion type="Schema Compliance" id="c953c0b1-da0e-48d9-893e-327d0993cb51" name="Schema Compliance"><con:configuration/></con:assertion><con:wsaConfig action="http://fidus.brussels/services/invoiceservice/markRequest"/></con:request></con:config></con:testStep><con:testStep type="request" id="cd81e8e9-f48b-4d97-afd8-534189e699db" name="testcase3 - Test - Worker1 - Request"><con:settings/><con:config xsi:type="con:RequestStep" xmlns:xsi="http://www.w3.org/2001/XMLSchema-instance"><con:interface>InvoiceServiceHTTPBinding</con:interface><con:operation>markRequest</con:operation><con:request name="testcase3 - Test - Worker1 - Request" id="f887a1c2-9379-4937-a863-0c25f9a666ff" outgoingWss="Outflow TEST"><con:settings/><con:encoding>UTF-8</con:encoding><con:endpoint>https://192.168.24.45:8443/services/InvoiceService_v1.0</con:endpoint><con:request><![CDATA[<soapenv:Envelope xmlns:soapenv="http://schemas.xmlsoap.org/soap/envelope/" xmlns:v1="http://fidus.brussels/service/invoiceservice/messages/v1" xmlns:v11="http://fidus.brussels/type/common/messages/v1" xmlns:urn="urn:oasis:names:specification:ubl:schema:xsd:CommonAggregateComponents-2" xmlns:urn1="urn:oasis:names:specification:ubl:schema:xsd:CommonBasicComponents-2">
   <soapenv:Header/>
   <soapenv:Body>
      <v1:markRequestRequest>
         <v1:messageContext>
            <v11:messageId>${=import static java.util.UUID.randomUUID; uuid = randomUUID() as String}</v11:messageId>
            <v11:timestamp>${=new java.text.SimpleDateFormat("yyyy-MM-dd'T'HH:mm:ss.SSS").format(new Date())}</v11:timestamp>
         </v1:messageContext>
         <v1:request>
            <urn:SenderParty>
               <urn:PartyIdentification>
                  <urn1:ID schemeID="BE:VAT">1111111111</urn1:ID>
               </urn:PartyIdentification>
            </urn:SenderParty>
            <urn:ReceiverParty>
               <urn:PartyIdentification>
                  <urn1:ID schemeID="BE:VAT">2222222222</urn1:ID>
               </urn:PartyIdentification>
            </urn:ReceiverParty>
            <urn1:ID>1461749877648</urn1:ID>
            <urn1:DocumentTypeCode>380</urn1:DocumentTypeCode>
         </v1:request>
      </v1:markRequestRequest>
   </soapenv:Body>
</soapenv:Envelope>]]></con:request><con:assertion type="SOAP Fault Assertion" id="bc018e6a-5e6d-4611-80ba-411445148a78" name="Not SOAP Fault"/><con:assertion type="SOAP Response" id="0a7b676a-49cb-4c2a-be89-86978a9de9dd" name="SOAP Response"/><con:assertion type="Schema Compliance" id="584b7c1d-989e-4198-aa8a-0a24671a7044" name="Schema Compliance"><con:configuration/></con:assertion><con:wsaConfig action="http://fidus.brussels/services/invoiceservice/markRequest"/></con:request></con:config></con:testStep><con:testStep type="request" id="ba71f920-b532-4785-8cfc-c1f77207db38" name="testcase3 - Test - Worker2 - Request"><con:settings/><con:config xsi:type="con:RequestStep" xmlns:xsi="http://www.w3.org/2001/XMLSchema-instance"><con:interface>InvoiceServiceHTTPBinding</con:interface><con:operation>markRequest</con:operation><con:request name="testcase3 - Test - Worker2 - Request" id="1d56cd4b-f9a4-43da-8dc0-e986d26a13fe" outgoingWss="Outflow TEST"><con:settings/><con:encoding>UTF-8</con:encoding><con:endpoint>https://192.168.24.51:8443/services/InvoiceService_v1.0</con:endpoint><con:request><![CDATA[<soapenv:Envelope xmlns:soapenv="http://schemas.xmlsoap.org/soap/envelope/" xmlns:v1="http://fidus.brussels/service/invoiceservice/messages/v1" xmlns:v11="http://fidus.brussels/type/common/messages/v1" xmlns:urn="urn:oasis:names:specification:ubl:schema:xsd:CommonAggregateComponents-2" xmlns:urn1="urn:oasis:names:specification:ubl:schema:xsd:CommonBasicComponents-2">
   <soapenv:Header/>
   <soapenv:Body>
      <v1:markRequestRequest>
         <v1:messageContext>
            <v11:messageId>${=import static java.util.UUID.randomUUID; uuid = randomUUID() as String}</v11:messageId>
            <v11:timestamp>${=new java.text.SimpleDateFormat("yyyy-MM-dd'T'HH:mm:ss.SSS").format(new Date())}</v11:timestamp>
         </v1:messageContext>
         <v1:request>
            <urn:SenderParty>
               <urn:PartyIdentification>
                  <urn1:ID schemeID="BE:VAT">1111111111</urn1:ID>
               </urn:PartyIdentification>
            </urn:SenderParty>
            <urn:ReceiverParty>
               <urn:PartyIdentification>
                  <urn1:ID schemeID="BE:VAT">2222222222</urn1:ID>
               </urn:PartyIdentification>
            </urn:ReceiverParty>
            <urn1:ID>1461749877648</urn1:ID>
            <urn1:DocumentTypeCode>380</urn1:DocumentTypeCode>
         </v1:request>
      </v1:markRequestRequest>
   </soapenv:Body>
</soapenv:Envelope>]]></con:request><con:assertion type="SOAP Fault Assertion" id="bd152cca-fe0c-4de8-b7c1-74caa2e84849" name="Not SOAP Fault"/><con:assertion type="SOAP Response" id="3b583d41-43bb-417e-9280-7bc68fa8fdb1" name="SOAP Response"/><con:assertion type="Schema Compliance" id="f1c9be22-acec-44c1-b380-3591d42f3282" name="Schema Compliance"><con:configuration/></con:assertion><con:wsaConfig action="http://fidus.brussels/services/invoiceservice/markRequest"/></con:request></con:config></con:testStep><con:properties/></con:testCase><con:testCase id="ab90eedc-c378-451e-9004-f19f149902b7" failOnError="true" failTestCaseOnErrors="true" keepSession="false" maxResults="0" name="retrieveRequest" searchProperties="true"><con:settings/><con:testStep type="request" id="86c40b3f-578d-4d22-abc3-ad826220f612" name="testcase3 - Test - External - Request"><con:settings/><con:config xsi:type="con:RequestStep" xmlns:xsi="http://www.w3.org/2001/XMLSchema-instance"><con:interface>InvoiceServiceHTTPBinding</con:interface><con:operation>retrieveRequest</con:operation><con:request name="testcase3 - Test - External - Request" id="b839643e-7697-4729-b045-e89cc21194a9" outgoingWss="Outflow TEST"><con:settings/><con:encoding>UTF-8</con:encoding><con:endpoint>https://fidus-test.irisnetlab.be/services/InvoiceService_v1.0</con:endpoint><con:request><![CDATA[<soapenv:Envelope xmlns:soapenv="http://schemas.xmlsoap.org/soap/envelope/" xmlns:v1="http://fidus.brussels/service/invoiceservice/messages/v1" xmlns:v11="http://fidus.brussels/type/common/messages/v1" xmlns:urn="urn:oasis:names:specification:ubl:schema:xsd:CommonAggregateComponents-2" xmlns:urn1="urn:oasis:names:specification:ubl:schema:xsd:CommonBasicComponents-2">
   <soapenv:Header/>
   <soapenv:Body>
      <v1:retrieveRequestRequest>
         <v1:messageContext>
            <v11:messageId>${=import static java.util.UUID.randomUUID; uuid = randomUUID() as String}</v11:messageId>
            <v11:timestamp>${=new java.text.SimpleDateFormat("yyyy-MM-dd'T'HH:mm:ss.SSS").format(new Date())}</v11:timestamp>
         </v1:messageContext>
         <v1:request>
            <urn:SenderParty>
               <urn:PartyIdentification>
                  <urn1:ID schemeID="BE:VAT">1111111111</urn1:ID>
               </urn:PartyIdentification>
            </urn:SenderParty>
            <urn:ReceiverParty>
               <urn:PartyIdentification>
                  <urn1:ID schemeID="BE:VAT">2222222222</urn1:ID>
               </urn:PartyIdentification>
            </urn:ReceiverParty>
            <urn1:ID>1461749877648</urn1:ID>
            <urn1:DocumentTypeCode>380</urn1:DocumentTypeCode>
         </v1:request>
      </v1:retrieveRequestRequest>
   </soapenv:Body>
</soapenv:Envelope>]]></con:request><con:assertion type="SOAP Fault Assertion" id="6fd3719d-b76b-4ab5-a733-4f18e26b80a8" name="Not SOAP Fault"/><con:assertion type="SOAP Response" id="0a171792-8c18-4258-992a-5734bcce28db" name="SOAP Response"/><con:assertion type="Schema Compliance" id="924cc977-6e69-4685-8c23-4ba462e424b5" name="Schema Compliance"><con:configuration/></con:assertion><con:wsaConfig action="http://fidus.brussels/services/invoiceservice/retrieveRequest"/></con:request></con:config></con:testStep><con:testStep type="request" id="b357e8d0-3516-40d3-9819-4179afdc5cbd" name="testcase3 - Test - LB - Request"><con:settings/><con:config xsi:type="con:RequestStep" xmlns:xsi="http://www.w3.org/2001/XMLSchema-instance"><con:interface>InvoiceServiceHTTPBinding</con:interface><con:operation>retrieveRequest</con:operation><con:request name="testcase3 - Test - LB - Request" id="57663651-5432-47ee-9a9a-f2a9cd2ea8c9" outgoingWss="Outflow TEST"><con:settings/><con:encoding>UTF-8</con:encoding><con:endpoint>https://esb-security-gw.sta.srv.cirb.lan:8443/services/InvoiceService_v1.0</con:endpoint><con:request><![CDATA[<soapenv:Envelope xmlns:soapenv="http://schemas.xmlsoap.org/soap/envelope/" xmlns:v1="http://fidus.brussels/service/invoiceservice/messages/v1" xmlns:v11="http://fidus.brussels/type/common/messages/v1" xmlns:urn="urn:oasis:names:specification:ubl:schema:xsd:CommonAggregateComponents-2" xmlns:urn1="urn:oasis:names:specification:ubl:schema:xsd:CommonBasicComponents-2">
   <soapenv:Header/>
   <soapenv:Body>
      <v1:retrieveRequestRequest>
         <v1:messageContext>
            <v11:messageId>${=import static java.util.UUID.randomUUID; uuid = randomUUID() as String}</v11:messageId>
            <v11:timestamp>${=new java.text.SimpleDateFormat("yyyy-MM-dd'T'HH:mm:ss.SSS").format(new Date())}</v11:timestamp>
         </v1:messageContext>
         <v1:request>
            <urn:SenderParty>
               <urn:PartyIdentification>
                  <urn1:ID schemeID="BE:VAT">1111111111</urn1:ID>
               </urn:PartyIdentification>
            </urn:SenderParty>
            <urn:ReceiverParty>
               <urn:PartyIdentification>
                  <urn1:ID schemeID="BE:VAT">2222222222</urn1:ID>
               </urn:PartyIdentification>
            </urn:ReceiverParty>
            <urn1:ID>1461749877648</urn1:ID>
            <urn1:DocumentTypeCode>380</urn1:DocumentTypeCode>
         </v1:request>
      </v1:retrieveRequestRequest>
   </soapenv:Body>
</soapenv:Envelope>]]></con:request><con:assertion type="SOAP Fault Assertion" id="c45439b0-4ff5-4149-801f-3d26ab7349a1" name="Not SOAP Fault"/><con:assertion type="SOAP Response" id="398fae35-5656-40b2-be96-9c73a6d500d5" name="SOAP Response"/><con:assertion type="Schema Compliance" id="b10594fe-1009-4864-b5e4-b403829026cf" name="Schema Compliance"><con:configuration/></con:assertion><con:wsaConfig action="http://fidus.brussels/services/invoiceservice/retrieveRequest"/></con:request></con:config></con:testStep><con:testStep type="request" id="abbfe5c5-6584-4fd8-b1d6-44b6aa708b9d" name="testcase3 - Test - Worker1 - Request"><con:settings/><con:config xsi:type="con:RequestStep" xmlns:xsi="http://www.w3.org/2001/XMLSchema-instance"><con:interface>InvoiceServiceHTTPBinding</con:interface><con:operation>retrieveRequest</con:operation><con:request name="testcase3 - Test - Worker1 - Request" id="5d8fadfa-5604-4f48-b185-44da7d526d80" outgoingWss="Outflow TEST"><con:settings/><con:encoding>UTF-8</con:encoding><con:endpoint>https://192.168.24.45:8443/services/InvoiceService_v1.0</con:endpoint><con:request><![CDATA[<soapenv:Envelope xmlns:soapenv="http://schemas.xmlsoap.org/soap/envelope/" xmlns:v1="http://fidus.brussels/service/invoiceservice/messages/v1" xmlns:v11="http://fidus.brussels/type/common/messages/v1" xmlns:urn="urn:oasis:names:specification:ubl:schema:xsd:CommonAggregateComponents-2" xmlns:urn1="urn:oasis:names:specification:ubl:schema:xsd:CommonBasicComponents-2">
   <soapenv:Header/>
   <soapenv:Body>
      <v1:retrieveRequestRequest>
         <v1:messageContext>
            <v11:messageId>${=import static java.util.UUID.randomUUID; uuid = randomUUID() as String}</v11:messageId>
            <v11:timestamp>${=new java.text.SimpleDateFormat("yyyy-MM-dd'T'HH:mm:ss.SSS").format(new Date())}</v11:timestamp>
         </v1:messageContext>
         <v1:request>
            <urn:SenderParty>
               <urn:PartyIdentification>
                  <urn1:ID schemeID="BE:VAT">1111111111</urn1:ID>
               </urn:PartyIdentification>
            </urn:SenderParty>
            <urn:ReceiverParty>
               <urn:PartyIdentification>
                  <urn1:ID schemeID="BE:VAT">2222222222</urn1:ID>
               </urn:PartyIdentification>
            </urn:ReceiverParty>
            <urn1:ID>1461749877648</urn1:ID>
            <urn1:DocumentTypeCode>380</urn1:DocumentTypeCode>
         </v1:request>
      </v1:retrieveRequestRequest>
   </soapenv:Body>
</soapenv:Envelope>]]></con:request><con:assertion type="SOAP Fault Assertion" id="e3d899a7-1e57-4072-b73a-826012f17caf" name="Not SOAP Fault"/><con:assertion type="SOAP Response" id="b28295ff-4eba-4d14-a496-4ae49669036e" name="SOAP Response"/><con:assertion type="Schema Compliance" id="61ebc210-519c-4819-82fe-6b3d755d143c" name="Schema Compliance"><con:configuration/></con:assertion><con:wsaConfig action="http://fidus.brussels/services/invoiceservice/retrieveRequest"/></con:request></con:config></con:testStep><con:testStep type="request" id="57f47836-2ae8-4e46-96f8-e7920f8f26f4" name="testcase3 - Test - Worker2 - Request"><con:settings/><con:config xsi:type="con:RequestStep" xmlns:xsi="http://www.w3.org/2001/XMLSchema-instance"><con:interface>InvoiceServiceHTTPBinding</con:interface><con:operation>retrieveRequest</con:operation><con:request name="testcase3 - Test - Worker2 - Request" id="4e338e7f-ff55-436a-8946-55760beae978" outgoingWss="Outflow TEST"><con:settings/><con:encoding>UTF-8</con:encoding><con:endpoint>https://192.168.24.51:8443/services/InvoiceService_v1.0</con:endpoint><con:request><![CDATA[<soapenv:Envelope xmlns:soapenv="http://schemas.xmlsoap.org/soap/envelope/" xmlns:v1="http://fidus.brussels/service/invoiceservice/messages/v1" xmlns:v11="http://fidus.brussels/type/common/messages/v1" xmlns:urn="urn:oasis:names:specification:ubl:schema:xsd:CommonAggregateComponents-2" xmlns:urn1="urn:oasis:names:specification:ubl:schema:xsd:CommonBasicComponents-2">
   <soapenv:Header/>
   <soapenv:Body>
      <v1:retrieveRequestRequest>
         <v1:messageContext>
            <v11:messageId>${=import static java.util.UUID.randomUUID; uuid = randomUUID() as String}</v11:messageId>
            <v11:timestamp>${=new java.text.SimpleDateFormat("yyyy-MM-dd'T'HH:mm:ss.SSS").format(new Date())}</v11:timestamp>
         </v1:messageContext>
         <v1:request>
            <urn:SenderParty>
               <urn:PartyIdentification>
                  <urn1:ID schemeID="BE:VAT">1111111111</urn1:ID>
               </urn:PartyIdentification>
            </urn:SenderParty>
            <urn:ReceiverParty>
               <urn:PartyIdentification>
                  <urn1:ID schemeID="BE:VAT">2222222222</urn1:ID>
               </urn:PartyIdentification>
            </urn:ReceiverParty>
            <urn1:ID>1461749877648</urn1:ID>
            <urn1:DocumentTypeCode>380</urn1:DocumentTypeCode>
         </v1:request>
      </v1:retrieveRequestRequest>
   </soapenv:Body>
</soapenv:Envelope>]]></con:request><con:assertion type="SOAP Fault Assertion" id="dce38b2d-12e6-4722-bcfb-62b6a220d703" name="Not SOAP Fault"/><con:assertion type="SOAP Response" id="8624d636-e4a6-4b26-9806-00cc1a2335b7" name="SOAP Response"/><con:assertion type="Schema Compliance" id="a62a32db-7322-4239-abf5-95beeece970e" name="Schema Compliance"><con:configuration/></con:assertion><con:wsaConfig action="http://fidus.brussels/services/invoiceservice/retrieveRequest"/></con:request></con:config></con:testStep><con:properties/></con:testCase><con:testCase id="0530804d-256f-4eae-bcae-a74862c1b139" failOnError="true" failTestCaseOnErrors="true" keepSession="false" maxResults="0" name="submitApplicationResponse" searchProperties="true"><con:settings/><con:testStep type="request" id="2971b8bc-804c-4deb-bcc8-a6a43a87c5d5" name="testcase3 - Test - External - Request"><con:settings/><con:config xsi:type="con:RequestStep" xmlns:xsi="http://www.w3.org/2001/XMLSchema-instance"><con:interface>InvoiceServiceHTTPBinding</con:interface><con:operation>submitApplicationResponse</con:operation><con:request name="testcase3 - Test - External - Request" id="277d4a10-b5a0-41a2-86ae-11f0fc80e193" outgoingWss="Outflow TEST"><con:settings/><con:encoding>UTF-8</con:encoding><con:endpoint>https://fidus-test.irisnetlab.be/services/InvoiceService_v1.0</con:endpoint><con:request><![CDATA[<soapenv:Envelope xmlns:soapenv="http://schemas.xmlsoap.org/soap/envelope/" xmlns:v1="http://fidus.brussels/service/invoiceservice/messages/v1" xmlns:v11="http://fidus.brussels/type/common/messages/v1" xmlns:urn="urn:oasis:names:specification:ubl:schema:xsd:ApplicationResponse-2" xmlns:urn1="urn:oasis:names:specification:ubl:schema:xsd:CommonExtensionComponents-2" xmlns:urn2="urn:oasis:names:specification:ubl:schema:xsd:CommonBasicComponents-2" xmlns:urn3="urn:oasis:names:specification:ubl:schema:xsd:CommonAggregateComponents-2">
   <soapenv:Header/>
   <soapenv:Body>
      <v1:submitApplicationResponseRequest>
         <v1:messageContext>
            <v11:messageId>${=import static java.util.UUID.randomUUID; uuid = randomUUID() as String}</v11:messageId>
            <v11:timestamp>${=new java.text.SimpleDateFormat("yyyy-MM-dd'T'HH:mm:ss.SSS").format(new Date())}</v11:timestamp>
         </v1:messageContext>
         <v1:request>
            <urn:ApplicationResponse>
               <urn2:ID>someBackofficeAssignedID</urn2:ID>
               <urn2:IssueDate>2013-01-28</urn2:IssueDate>
               <urn3:SenderParty>
                  <urn3:PartyIdentification>
                     <urn2:ID schemeID="BE:VAT">1111111111</urn2:ID>
                  </urn3:PartyIdentification>
               </urn3:SenderParty>
               <urn3:ReceiverParty>
                  <urn3:PartyIdentification>
                     <urn2:ID schemeID="BE:VAT">2222222222</urn2:ID>
                  </urn3:PartyIdentification>
               </urn3:ReceiverParty>
               <urn3:DocumentResponse>
                  <urn3:Response>
                     <urn2:ReferenceID>someBackofficeAssignedID</urn2:ReferenceID>
                     <urn2:ResponseCode>380:1</urn2:ResponseCode>
                  </urn3:Response>
                  <urn3:DocumentReference>
                     <urn2:ID>1461749877648</urn2:ID>
                     <urn2:DocumentTypeCode>380</urn2:DocumentTypeCode>
                  </urn3:DocumentReference>
               </urn3:DocumentResponse>
            </urn:ApplicationResponse>
         </v1:request>
      </v1:submitApplicationResponseRequest>
   </soapenv:Body>
</soapenv:Envelope>]]></con:request><con:assertion type="SOAP Fault Assertion" id="118361e3-d8ac-4c83-a07c-281ad65064c5" name="Not SOAP Fault"/><con:assertion type="SOAP Response" id="8965b123-b07a-44e9-bb4c-6bceac2f21c4" name="SOAP Response"/><con:assertion type="Schema Compliance" id="7c447d82-b192-4a37-b022-7fac65c8a3ce" name="Schema Compliance"><con:configuration/></con:assertion><con:wsaConfig action="http://fidus.brussels/services/invoiceservice/submitApplicationResponse"/></con:request></con:config></con:testStep><con:testStep type="request" id="8dfe925a-466a-4789-b996-f6e08925ee1f" name="testcase3 - Test - LB - Request"><con:settings/><con:config xsi:type="con:RequestStep" xmlns:xsi="http://www.w3.org/2001/XMLSchema-instance"><con:interface>InvoiceServiceHTTPBinding</con:interface><con:operation>submitApplicationResponse</con:operation><con:request name="testcase3 - Test - LB - Request" id="a4cf2d05-3a94-4393-8176-18079348b935" outgoingWss="Outflow TEST"><con:settings/><con:encoding>UTF-8</con:encoding><con:endpoint>https://esb-security-gw.sta.srv.cirb.lan:8443/services/InvoiceService_v1.0</con:endpoint><con:request><![CDATA[<soapenv:Envelope xmlns:soapenv="http://schemas.xmlsoap.org/soap/envelope/" xmlns:v1="http://fidus.brussels/service/invoiceservice/messages/v1" xmlns:v11="http://fidus.brussels/type/common/messages/v1" xmlns:urn="urn:oasis:names:specification:ubl:schema:xsd:ApplicationResponse-2" xmlns:urn1="urn:oasis:names:specification:ubl:schema:xsd:CommonExtensionComponents-2" xmlns:urn2="urn:oasis:names:specification:ubl:schema:xsd:CommonBasicComponents-2" xmlns:urn3="urn:oasis:names:specification:ubl:schema:xsd:CommonAggregateComponents-2">
   <soapenv:Header/>
   <soapenv:Body>
      <v1:submitApplicationResponseRequest>
         <v1:messageContext>
            <v11:messageId>${=import static java.util.UUID.randomUUID; uuid = randomUUID() as String}</v11:messageId>
            <v11:timestamp>${=new java.text.SimpleDateFormat("yyyy-MM-dd'T'HH:mm:ss.SSS").format(new Date())}</v11:timestamp>
         </v1:messageContext>
         <v1:request>
            <urn:ApplicationResponse>
               <urn2:ID>someBackofficeAssignedID</urn2:ID>
               <urn2:IssueDate>2013-01-28</urn2:IssueDate>
               <urn3:SenderParty>
                  <urn3:PartyIdentification>
                     <urn2:ID schemeID="BE:VAT">1111111111</urn2:ID>
                  </urn3:PartyIdentification>
               </urn3:SenderParty>
               <urn3:ReceiverParty>
                  <urn3:PartyIdentification>
                     <urn2:ID schemeID="BE:VAT">2222222222</urn2:ID>
                  </urn3:PartyIdentification>
               </urn3:ReceiverParty>
               <urn3:DocumentResponse>
                  <urn3:Response>
                     <urn2:ReferenceID>someBackofficeAssignedID</urn2:ReferenceID>
                     <urn2:ResponseCode>380:1</urn2:ResponseCode>
                  </urn3:Response>
                  <urn3:DocumentReference>
                     <urn2:ID>1461749877648</urn2:ID>
                     <urn2:DocumentTypeCode>380</urn2:DocumentTypeCode>
                  </urn3:DocumentReference>
               </urn3:DocumentResponse>
            </urn:ApplicationResponse>
         </v1:request>
      </v1:submitApplicationResponseRequest>
   </soapenv:Body>
</soapenv:Envelope>]]></con:request><con:assertion type="SOAP Fault Assertion" id="96b8e75a-1215-48cb-bb3c-351501fb1463" name="Not SOAP Fault"/><con:assertion type="SOAP Response" id="90ebbc9f-a510-4991-8635-1672c87666e1" name="SOAP Response"/><con:assertion type="Schema Compliance" id="cc642b7b-ef0d-4eb1-bddc-85c91b045c88" name="Schema Compliance"><con:configuration/></con:assertion><con:wsaConfig action="http://fidus.brussels/services/invoiceservice/submitApplicationResponse"/></con:request></con:config></con:testStep><con:testStep type="request" id="42cc47fd-aeb6-49a9-a474-e0662a49b6bd" name="testcase3 - Test - Worker1 - Request"><con:settings/><con:config xsi:type="con:RequestStep" xmlns:xsi="http://www.w3.org/2001/XMLSchema-instance"><con:interface>InvoiceServiceHTTPBinding</con:interface><con:operation>submitApplicationResponse</con:operation><con:request name="testcase3 - Test - Worker1 - Request" id="97daea73-43ee-4bde-9abb-2ba095c8451b" outgoingWss="Outflow TEST"><con:settings/><con:encoding>UTF-8</con:encoding><con:endpoint>https://192.168.24.45:8443/services/InvoiceService_v1.0</con:endpoint><con:request><![CDATA[<soapenv:Envelope xmlns:soapenv="http://schemas.xmlsoap.org/soap/envelope/" xmlns:v1="http://fidus.brussels/service/invoiceservice/messages/v1" xmlns:v11="http://fidus.brussels/type/common/messages/v1" xmlns:urn="urn:oasis:names:specification:ubl:schema:xsd:ApplicationResponse-2" xmlns:urn1="urn:oasis:names:specification:ubl:schema:xsd:CommonExtensionComponents-2" xmlns:urn2="urn:oasis:names:specification:ubl:schema:xsd:CommonBasicComponents-2" xmlns:urn3="urn:oasis:names:specification:ubl:schema:xsd:CommonAggregateComponents-2">
   <soapenv:Header/>
   <soapenv:Body>
      <v1:submitApplicationResponseRequest>
         <v1:messageContext>
            <v11:messageId>${=import static java.util.UUID.randomUUID; uuid = randomUUID() as String}</v11:messageId>
            <v11:timestamp>${=new java.text.SimpleDateFormat("yyyy-MM-dd'T'HH:mm:ss.SSS").format(new Date())}</v11:timestamp>
         </v1:messageContext>
         <v1:request>
            <urn:ApplicationResponse>
               <urn2:ID>someBackofficeAssignedID</urn2:ID>
               <urn2:IssueDate>2013-01-28</urn2:IssueDate>
               <urn3:SenderParty>
                  <urn3:PartyIdentification>
                     <urn2:ID schemeID="BE:VAT">1111111111</urn2:ID>
                  </urn3:PartyIdentification>
               </urn3:SenderParty>
               <urn3:ReceiverParty>
                  <urn3:PartyIdentification>
                     <urn2:ID schemeID="BE:VAT">2222222222</urn2:ID>
                  </urn3:PartyIdentification>
               </urn3:ReceiverParty>
               <urn3:DocumentResponse>
                  <urn3:Response>
                     <urn2:ReferenceID>someBackofficeAssignedID</urn2:ReferenceID>
                     <urn2:ResponseCode>380:1</urn2:ResponseCode>
                  </urn3:Response>
                  <urn3:DocumentReference>
                     <urn2:ID>1461749877648</urn2:ID>
                     <urn2:DocumentTypeCode>380</urn2:DocumentTypeCode>
                  </urn3:DocumentReference>
               </urn3:DocumentResponse>
            </urn:ApplicationResponse>
         </v1:request>
      </v1:submitApplicationResponseRequest>
   </soapenv:Body>
</soapenv:Envelope>]]></con:request><con:assertion type="SOAP Fault Assertion" id="69d6e337-2dd3-4cf6-9659-938df02800f8" name="Not SOAP Fault"/><con:assertion type="SOAP Response" id="a60abaf5-324d-4322-abfd-241c61862eba" name="SOAP Response"/><con:assertion type="Schema Compliance" id="d567005a-3305-4587-834c-efc3050f9d94" name="Schema Compliance"><con:configuration/></con:assertion><con:wsaConfig action="http://fidus.brussels/services/invoiceservice/submitApplicationResponse"/></con:request></con:config></con:testStep><con:testStep type="request" id="3a845826-f69e-4920-b175-a5f8fd77e510" name="testcase3 - Test - Worker2 - Request"><con:settings/><con:config xsi:type="con:RequestStep" xmlns:xsi="http://www.w3.org/2001/XMLSchema-instance"><con:interface>InvoiceServiceHTTPBinding</con:interface><con:operation>submitApplicationResponse</con:operation><con:request name="testcase3 - Test - Worker2 - Request" id="6d5b0d1d-67e4-47ec-86d5-416a88763edb" outgoingWss="Outflow TEST"><con:settings/><con:encoding>UTF-8</con:encoding><con:endpoint>https://192.168.24.51:8443/services/InvoiceService_v1.0</con:endpoint><con:request><![CDATA[<soapenv:Envelope xmlns:soapenv="http://schemas.xmlsoap.org/soap/envelope/" xmlns:v1="http://fidus.brussels/service/invoiceservice/messages/v1" xmlns:v11="http://fidus.brussels/type/common/messages/v1" xmlns:urn="urn:oasis:names:specification:ubl:schema:xsd:ApplicationResponse-2" xmlns:urn1="urn:oasis:names:specification:ubl:schema:xsd:CommonExtensionComponents-2" xmlns:urn2="urn:oasis:names:specification:ubl:schema:xsd:CommonBasicComponents-2" xmlns:urn3="urn:oasis:names:specification:ubl:schema:xsd:CommonAggregateComponents-2">
   <soapenv:Header/>
   <soapenv:Body>
      <v1:submitApplicationResponseRequest>
         <v1:messageContext>
            <v11:messageId>${=import static java.util.UUID.randomUUID; uuid = randomUUID() as String}</v11:messageId>
            <v11:timestamp>${=new java.text.SimpleDateFormat("yyyy-MM-dd'T'HH:mm:ss.SSS").format(new Date())}</v11:timestamp>
         </v1:messageContext>
         <v1:request>
            <urn:ApplicationResponse>
               <urn2:ID>someBackofficeAssignedID</urn2:ID>
               <urn2:IssueDate>2013-01-28</urn2:IssueDate>
               <urn3:SenderParty>
                  <urn3:PartyIdentification>
                     <urn2:ID schemeID="BE:VAT">1111111111</urn2:ID>
                  </urn3:PartyIdentification>
               </urn3:SenderParty>
               <urn3:ReceiverParty>
                  <urn3:PartyIdentification>
                     <urn2:ID schemeID="BE:VAT">2222222222</urn2:ID>
                  </urn3:PartyIdentification>
               </urn3:ReceiverParty>
               <urn3:DocumentResponse>
                  <urn3:Response>
                     <urn2:ReferenceID>someBackofficeAssignedID</urn2:ReferenceID>
                     <urn2:ResponseCode>380:1</urn2:ResponseCode>
                  </urn3:Response>
                  <urn3:DocumentReference>
                     <urn2:ID>1461749877648</urn2:ID>
                     <urn2:DocumentTypeCode>380</urn2:DocumentTypeCode>
                  </urn3:DocumentReference>
               </urn3:DocumentResponse>
            </urn:ApplicationResponse>
         </v1:request>
      </v1:submitApplicationResponseRequest>
   </soapenv:Body>
</soapenv:Envelope>]]></con:request><con:assertion type="SOAP Fault Assertion" id="fad444e3-abcc-4c58-8221-4c3bd832419f" name="Not SOAP Fault"/><con:assertion type="SOAP Response" id="2bd36c1b-7112-4d36-9d08-eb7a1ced39c5" name="SOAP Response"/><con:assertion type="Schema Compliance" id="0ea46ffd-5c2f-4c7f-8bbb-8790468d8ab7" name="Schema Compliance"><con:configuration/></con:assertion><con:wsaConfig action="http://fidus.brussels/services/invoiceservice/submitApplicationResponse"/></con:request></con:config></con:testStep><con:properties/></con:testCase><con:testCase id="adbc038c-db6a-4931-a937-ab48bb809d02" failOnError="true" failTestCaseOnErrors="true" keepSession="false" maxResults="0" name="submitInboxRequest" searchProperties="true"><con:settings/><con:testStep type="request" id="231b2916-6e06-4edf-9d1b-2e73ab7e3f6a" name="testcase3 - Test - External - Request"><con:settings/><con:config xsi:type="con:RequestStep" xmlns:xsi="http://www.w3.org/2001/XMLSchema-instance"><con:interface>InvoiceServiceHTTPBinding</con:interface><con:operation>submitInboxRequest</con:operation><con:request name="testcase3 - Test - External - Request" id="ecf4e29d-f83c-4a9b-ba81-deee40bcc8a5" outgoingWss="Outflow TEST"><con:settings/><con:encoding>UTF-8</con:encoding><con:endpoint>https://fidus-test.irisnetlab.be/services/InvoiceService_v1.0</con:endpoint><con:request><![CDATA[<soapenv:Envelope xmlns:soapenv="http://schemas.xmlsoap.org/soap/envelope/" xmlns:v1="http://fidus.brussels/service/invoiceservice/messages/v1" xmlns:v11="http://fidus.brussels/type/common/messages/v1" xmlns:urn="urn:oasis:names:specification:ubl:schema:xsd:CommonAggregateComponents-2" xmlns:urn1="urn:oasis:names:specification:ubl:schema:xsd:CommonBasicComponents-2">
   <soapenv:Header/>
   <soapenv:Body>
      <v1:submitInboxRequestRequest>
         <v1:messageContext>
            <v11:messageId>${=import static java.util.UUID.randomUUID; uuid = randomUUID() as String}</v11:messageId>
            <v11:timestamp>${=new java.text.SimpleDateFormat("yyyy-MM-dd'T'HH:mm:ss.SSS").format(new Date())}</v11:timestamp>
         </v1:messageContext>
         <v1:request>
            <urn:ReceiverParty>
               <urn:PartyIdentification>
                  <urn1:ID schemeID="BE:VAT">2222222222</urn1:ID>
               </urn:PartyIdentification>
            </urn:ReceiverParty>
         </v1:request>
      </v1:submitInboxRequestRequest>
   </soapenv:Body>
</soapenv:Envelope>]]></con:request><con:assertion type="SOAP Fault Assertion" id="5abeb9bc-8291-4e50-b05c-371a55ba233f" name="Not SOAP Fault"/><con:assertion type="SOAP Response" id="69af2c2a-42cb-43bc-a87d-a3f0d709aedd" name="SOAP Response"/><con:assertion type="Schema Compliance" id="19236924-39a5-451b-b5ba-b28c84ea127f" name="Schema Compliance"><con:configuration/></con:assertion><con:wsaConfig action="http://fidus.brussels/services/invoiceservice/submitInboxRequest"/></con:request></con:config></con:testStep><con:testStep type="request" id="b45019b4-3474-4d89-b9a1-0049a73d091b" name="testcase3 - Test - LB - Request"><con:settings/><con:config xsi:type="con:RequestStep" xmlns:xsi="http://www.w3.org/2001/XMLSchema-instance"><con:interface>InvoiceServiceHTTPBinding</con:interface><con:operation>submitInboxRequest</con:operation><con:request name="testcase3 - Test - LB - Request" id="190d5229-3b48-45fd-8fd9-179d45db9a37" outgoingWss="Outflow TEST"><con:settings/><con:encoding>UTF-8</con:encoding><con:endpoint>https://esb-security-gw.sta.srv.cirb.lan:8443/services/InvoiceService_v1.0</con:endpoint><con:request><![CDATA[<soapenv:Envelope xmlns:soapenv="http://schemas.xmlsoap.org/soap/envelope/" xmlns:v1="http://fidus.brussels/service/invoiceservice/messages/v1" xmlns:v11="http://fidus.brussels/type/common/messages/v1" xmlns:urn="urn:oasis:names:specification:ubl:schema:xsd:CommonAggregateComponents-2" xmlns:urn1="urn:oasis:names:specification:ubl:schema:xsd:CommonBasicComponents-2">
   <soapenv:Header/>
   <soapenv:Body>
      <v1:submitInboxRequestRequest>
         <v1:messageContext>
            <v11:messageId>${=import static java.util.UUID.randomUUID; uuid = randomUUID() as String}</v11:messageId>
            <v11:timestamp>${=new java.text.SimpleDateFormat("yyyy-MM-dd'T'HH:mm:ss.SSS").format(new Date())}</v11:timestamp>
         </v1:messageContext>
         <v1:request>
            <urn:ReceiverParty>
               <urn:PartyIdentification>
                  <urn1:ID schemeID="BE:VAT">2222222222</urn1:ID>
               </urn:PartyIdentification>
            </urn:ReceiverParty>
         </v1:request>
      </v1:submitInboxRequestRequest>
   </soapenv:Body>
</soapenv:Envelope>]]></con:request><con:assertion type="SOAP Fault Assertion" id="3475d44c-cdc1-46d5-bd21-92a1c85eb4cc" name="Not SOAP Fault"/><con:assertion type="SOAP Response" id="a9d86b15-5080-471e-a6d8-e072fc824ed7" name="SOAP Response"/><con:assertion type="Schema Compliance" id="ce3148dd-b770-41f0-b42c-b25998271494" name="Schema Compliance"><con:configuration/></con:assertion><con:wsaConfig action="http://fidus.brussels/services/invoiceservice/submitInboxRequest"/></con:request></con:config></con:testStep><con:testStep type="request" id="1191bf50-bd3b-4936-a933-07b838fc166c" name="testcase3 - Test - Worker1 - Request"><con:settings/><con:config xsi:type="con:RequestStep" xmlns:xsi="http://www.w3.org/2001/XMLSchema-instance"><con:interface>InvoiceServiceHTTPBinding</con:interface><con:operation>submitInboxRequest</con:operation><con:request name="testcase3 - Test - Worker1 - Request" id="659d1f9f-19b3-427e-b598-3a7511619b5e" outgoingWss="Outflow TEST"><con:settings/><con:encoding>UTF-8</con:encoding><con:endpoint>https://192.168.24.45:8443/services/InvoiceService_v1.0</con:endpoint><con:request><![CDATA[<soapenv:Envelope xmlns:soapenv="http://schemas.xmlsoap.org/soap/envelope/" xmlns:v1="http://fidus.brussels/service/invoiceservice/messages/v1" xmlns:v11="http://fidus.brussels/type/common/messages/v1" xmlns:urn="urn:oasis:names:specification:ubl:schema:xsd:CommonAggregateComponents-2" xmlns:urn1="urn:oasis:names:specification:ubl:schema:xsd:CommonBasicComponents-2">
   <soapenv:Header/>
   <soapenv:Body>
      <v1:submitInboxRequestRequest>
         <v1:messageContext>
            <v11:messageId>${=import static java.util.UUID.randomUUID; uuid = randomUUID() as String}</v11:messageId>
            <v11:timestamp>${=new java.text.SimpleDateFormat("yyyy-MM-dd'T'HH:mm:ss.SSS").format(new Date())}</v11:timestamp>
         </v1:messageContext>
         <v1:request>
            <urn:ReceiverParty>
               <urn:PartyIdentification>
                  <urn1:ID schemeID="BE:VAT">2222222222</urn1:ID>
               </urn:PartyIdentification>
            </urn:ReceiverParty>
         </v1:request>
      </v1:submitInboxRequestRequest>
   </soapenv:Body>
</soapenv:Envelope>]]></con:request><con:assertion type="SOAP Fault Assertion" id="a670b9d2-80af-4fa3-a73a-e83ed01c247c" name="Not SOAP Fault"/><con:assertion type="SOAP Response" id="91f3bbd4-bfc7-4fd6-a5c6-cd1ba3cb78bd" name="SOAP Response"/><con:assertion type="Schema Compliance" id="e2d8c25c-f793-4b17-a476-d9930fdca155" name="Schema Compliance"><con:configuration/></con:assertion><con:wsaConfig action="http://fidus.brussels/services/invoiceservice/submitInboxRequest"/></con:request></con:config></con:testStep><con:testStep type="request" id="8bac44eb-fa5a-4d8d-bb9b-112bf0c77985" name="testcase3 - Test - Worker2 - Request"><con:settings/><con:config xsi:type="con:RequestStep" xmlns:xsi="http://www.w3.org/2001/XMLSchema-instance"><con:interface>InvoiceServiceHTTPBinding</con:interface><con:operation>submitInboxRequest</con:operation><con:request name="testcase3 - Test - Worker2 - Request" id="b12b24dc-3a29-43ee-b123-1e6ef5317005" outgoingWss="Outflow TEST"><con:settings/><con:encoding>UTF-8</con:encoding><con:endpoint>https://192.168.24.51:8443/services/InvoiceService_v1.0</con:endpoint><con:request><![CDATA[<soapenv:Envelope xmlns:soapenv="http://schemas.xmlsoap.org/soap/envelope/" xmlns:v1="http://fidus.brussels/service/invoiceservice/messages/v1" xmlns:v11="http://fidus.brussels/type/common/messages/v1" xmlns:urn="urn:oasis:names:specification:ubl:schema:xsd:CommonAggregateComponents-2" xmlns:urn1="urn:oasis:names:specification:ubl:schema:xsd:CommonBasicComponents-2">
   <soapenv:Header/>
   <soapenv:Body>
      <v1:submitInboxRequestRequest>
         <v1:messageContext>
            <v11:messageId>${=import static java.util.UUID.randomUUID; uuid = randomUUID() as String}</v11:messageId>
            <v11:timestamp>${=new java.text.SimpleDateFormat("yyyy-MM-dd'T'HH:mm:ss.SSS").format(new Date())}</v11:timestamp>
         </v1:messageContext>
         <v1:request>
            <urn:ReceiverParty>
               <urn:PartyIdentification>
                  <urn1:ID schemeID="BE:VAT">2222222222</urn1:ID>
               </urn:PartyIdentification>
            </urn:ReceiverParty>
         </v1:request>
      </v1:submitInboxRequestRequest>
   </soapenv:Body>
</soapenv:Envelope>]]></con:request><con:assertion type="SOAP Fault Assertion" id="4f97871c-d385-4dfb-941e-df144ee72cc5" name="Not SOAP Fault"/><con:assertion type="SOAP Response" id="b90eb0f1-3cc8-4dce-8433-3c9a92a28e6b" name="SOAP Response"/><con:assertion type="Schema Compliance" id="a8e8e4ec-38b2-478a-bd5f-af8b6d6466e0" name="Schema Compliance"><con:configuration/></con:assertion><con:wsaConfig action="http://fidus.brussels/services/invoiceservice/submitInboxRequest"/></con:request></con:config></con:testStep><con:properties/></con:testCase><con:properties/></con:testSuite><con:testSuite id="15d9c67f-2efa-4d04-b83a-bdebf3e365e2" name="STAG"><con:settings/><con:runType>SEQUENTIAL</con:runType><con:testCase id="27ad9d1d-8c0e-4f3f-aef9-e4f1d7b14922" failOnError="true" failTestCaseOnErrors="true" keepSession="false" maxResults="0" name="markRequest" searchProperties="true"><con:settings/><con:testStep type="request" id="90976292-c4bf-48e3-89d2-a70f5d4a8d8a" name="testcase4 - Staging - External - Request"><con:settings/><con:config xsi:type="con:RequestStep" xmlns:xsi="http://www.w3.org/2001/XMLSchema-instance"><con:interface>InvoiceServiceHTTPBinding</con:interface><con:operation>markRequest</con:operation><con:request name="testcase4 - Staging - External - Request" id="893fbf38-a2f6-4fb1-98a6-77df30624537" outgoingWss="Outflow STAG"><con:settings/><con:encoding>UTF-8</con:encoding><con:endpoint>https://fidus.irisnetlab.be/services/InvoiceService_v1.0</con:endpoint><con:request><![CDATA[<soapenv:Envelope xmlns:soapenv="http://schemas.xmlsoap.org/soap/envelope/" xmlns:v1="http://fidus.brussels/service/invoiceservice/messages/v1" xmlns:v11="http://fidus.brussels/type/common/messages/v1" xmlns:urn="urn:oasis:names:specification:ubl:schema:xsd:CommonAggregateComponents-2" xmlns:urn1="urn:oasis:names:specification:ubl:schema:xsd:CommonBasicComponents-2">
   <soapenv:Header/>
   <soapenv:Body>
      <v1:markRequestRequest>
         <v1:messageContext>
            <v11:messageId>${=import static java.util.UUID.randomUUID; uuid = randomUUID() as String}</v11:messageId>
            <v11:timestamp>${=new java.text.SimpleDateFormat("yyyy-MM-dd'T'HH:mm:ss.SSS").format(new Date())}</v11:timestamp>
         </v1:messageContext>
         <v1:request>
            <urn:SenderParty>
               <urn:PartyIdentification>
                  <urn1:ID schemeID="BE:VAT">1111111111</urn1:ID>
               </urn:PartyIdentification>
            </urn:SenderParty>
            <urn:ReceiverParty>
               <urn:PartyIdentification>
                  <urn1:ID schemeID="BE:VAT">2222222222</urn1:ID>
               </urn:PartyIdentification>
            </urn:ReceiverParty>
            <urn1:ID>1461749877648</urn1:ID>
            <urn1:DocumentTypeCode>380</urn1:DocumentTypeCode>
         </v1:request>
      </v1:markRequestRequest>
   </soapenv:Body>
</soapenv:Envelope>]]></con:request><con:assertion type="SOAP Fault Assertion" id="e1ff3458-a4e8-4b8c-99bd-5f72e0735678" name="Not SOAP Fault"/><con:assertion type="SOAP Response" id="658d2cb3-ac3f-4b47-864c-00dbd3ca4175" name="SOAP Response"/><con:assertion type="Schema Compliance" id="ad062822-78b2-44db-9782-eb1cc28fb690" name="Schema Compliance"><con:configuration/></con:assertion><con:wsaConfig action="http://fidus.brussels/services/invoiceservice/markRequest"/></con:request></con:config></con:testStep><con:testStep type="request" id="cb04ff9e-2e9f-4b20-9068-2777a7cc597b" name="testcase4 - Staging - LB - Request"><con:settings/><con:config xsi:type="con:RequestStep" xmlns:xsi="http://www.w3.org/2001/XMLSchema-instance"><con:interface>InvoiceServiceHTTPBinding</con:interface><con:operation>markRequest</con:operation><con:request name="testcase4 - Staging - LB - Request" id="6a322f3e-0ce9-4ddf-b5ab-e9f3f7764d97" outgoingWss="Outflow STAG"><con:settings/><con:encoding>UTF-8</con:encoding><con:endpoint>https://fidus-esb-sg.sta.srv.cirb.lan:8443/services/InvoiceService_v1.0</con:endpoint><con:request><![CDATA[<soapenv:Envelope xmlns:soapenv="http://schemas.xmlsoap.org/soap/envelope/" xmlns:v1="http://fidus.brussels/service/invoiceservice/messages/v1" xmlns:v11="http://fidus.brussels/type/common/messages/v1" xmlns:urn="urn:oasis:names:specification:ubl:schema:xsd:CommonAggregateComponents-2" xmlns:urn1="urn:oasis:names:specification:ubl:schema:xsd:CommonBasicComponents-2">
   <soapenv:Header/>
   <soapenv:Body>
      <v1:markRequestRequest>
         <v1:messageContext>
            <v11:messageId>${=import static java.util.UUID.randomUUID; uuid = randomUUID() as String}</v11:messageId>
            <v11:timestamp>${=new java.text.SimpleDateFormat("yyyy-MM-dd'T'HH:mm:ss.SSS").format(new Date())}</v11:timestamp>
         </v1:messageContext>
         <v1:request>
            <urn:SenderParty>
               <urn:PartyIdentification>
                  <urn1:ID schemeID="BE:VAT">1111111111</urn1:ID>
               </urn:PartyIdentification>
            </urn:SenderParty>
            <urn:ReceiverParty>
               <urn:PartyIdentification>
                  <urn1:ID schemeID="BE:VAT">2222222222</urn1:ID>
               </urn:PartyIdentification>
            </urn:ReceiverParty>
            <urn1:ID>1461749877648</urn1:ID>
            <urn1:DocumentTypeCode>380</urn1:DocumentTypeCode>
         </v1:request>
      </v1:markRequestRequest>
   </soapenv:Body>
</soapenv:Envelope>]]></con:request><con:assertion type="SOAP Fault Assertion" id="8ffadc90-2414-4ce3-a9e4-357414efd796" name="Not SOAP Fault"/><con:assertion type="SOAP Response" id="f8a0198e-200a-40e6-a7c7-17600481f784" name="SOAP Response"/><con:assertion type="Schema Compliance" id="29c1a412-00b7-4419-b0a7-197919639995" name="Schema Compliance"><con:configuration/></con:assertion><con:wsaConfig action="http://fidus.brussels/services/invoiceservice/markRequest"/></con:request></con:config></con:testStep><con:testStep type="request" id="70adcaca-ef43-4dd0-aff7-1d3194fbe9dc" name="testcase4 - Staging - Worker1 - Request"><con:settings/><con:config xsi:type="con:RequestStep" xmlns:xsi="http://www.w3.org/2001/XMLSchema-instance"><con:interface>InvoiceServiceHTTPBinding</con:interface><con:operation>markRequest</con:operation><con:request name="testcase4 - Staging - Worker1 - Request" id="19dddcf9-5e7c-4f07-87e1-31a6a8b7fb4f" outgoingWss="Outflow STAG"><con:settings/><con:encoding>UTF-8</con:encoding><con:endpoint>https://192.168.24.57:8443/services/InvoiceService_v1.0</con:endpoint><con:request><![CDATA[<soapenv:Envelope xmlns:soapenv="http://schemas.xmlsoap.org/soap/envelope/" xmlns:v1="http://fidus.brussels/service/invoiceservice/messages/v1" xmlns:v11="http://fidus.brussels/type/common/messages/v1" xmlns:urn="urn:oasis:names:specification:ubl:schema:xsd:CommonAggregateComponents-2" xmlns:urn1="urn:oasis:names:specification:ubl:schema:xsd:CommonBasicComponents-2">
   <soapenv:Header/>
   <soapenv:Body>
      <v1:markRequestRequest>
         <v1:messageContext>
            <v11:messageId>${=import static java.util.UUID.randomUUID; uuid = randomUUID() as String}</v11:messageId>
            <v11:timestamp>${=new java.text.SimpleDateFormat("yyyy-MM-dd'T'HH:mm:ss.SSS").format(new Date())}</v11:timestamp>
         </v1:messageContext>
         <v1:request>
            <urn:SenderParty>
               <urn:PartyIdentification>
                  <urn1:ID schemeID="BE:VAT">1111111111</urn1:ID>
               </urn:PartyIdentification>
            </urn:SenderParty>
            <urn:ReceiverParty>
               <urn:PartyIdentification>
                  <urn1:ID schemeID="BE:VAT">2222222222</urn1:ID>
               </urn:PartyIdentification>
            </urn:ReceiverParty>
            <urn1:ID>1461749877648</urn1:ID>
            <urn1:DocumentTypeCode>380</urn1:DocumentTypeCode>
         </v1:request>
      </v1:markRequestRequest>
   </soapenv:Body>
</soapenv:Envelope>]]></con:request><con:assertion type="SOAP Fault Assertion" id="2f8bfe70-b2b5-48ea-b240-6de9adf3038d" name="Not SOAP Fault"/><con:assertion type="SOAP Response" id="e7ae03e8-0655-4493-8daa-78bfcbbad437" name="SOAP Response"/><con:assertion type="Schema Compliance" id="0784ff72-5bf2-40b2-8668-1e583f7a5bd3" name="Schema Compliance"><con:configuration/></con:assertion><con:wsaConfig action="http://fidus.brussels/services/invoiceservice/markRequest"/></con:request></con:config></con:testStep><con:testStep type="request" id="25878f4e-603e-4159-8d3c-e92e46e9f0b2" name="testcase4 - Staging - Worker2 - Request"><con:settings/><con:config xsi:type="con:RequestStep" xmlns:xsi="http://www.w3.org/2001/XMLSchema-instance"><con:interface>InvoiceServiceHTTPBinding</con:interface><con:operation>markRequest</con:operation><con:request name="testcase4 - Staging - Worker2 - Request" id="48eb17ac-9b3a-4204-a7ba-b041ddee8d80" outgoingWss="Outflow STAG"><con:settings/><con:encoding>UTF-8</con:encoding><con:endpoint>https://192.168.24.64:8443/services/InvoiceService_v1.0</con:endpoint><con:request><![CDATA[<soapenv:Envelope xmlns:soapenv="http://schemas.xmlsoap.org/soap/envelope/" xmlns:v1="http://fidus.brussels/service/invoiceservice/messages/v1" xmlns:v11="http://fidus.brussels/type/common/messages/v1" xmlns:urn="urn:oasis:names:specification:ubl:schema:xsd:CommonAggregateComponents-2" xmlns:urn1="urn:oasis:names:specification:ubl:schema:xsd:CommonBasicComponents-2">
   <soapenv:Header/>
   <soapenv:Body>
      <v1:markRequestRequest>
         <v1:messageContext>
            <v11:messageId>${=import static java.util.UUID.randomUUID; uuid = randomUUID() as String}</v11:messageId>
            <v11:timestamp>${=new java.text.SimpleDateFormat("yyyy-MM-dd'T'HH:mm:ss.SSS").format(new Date())}</v11:timestamp>
         </v1:messageContext>
         <v1:request>
            <urn:SenderParty>
               <urn:PartyIdentification>
                  <urn1:ID schemeID="BE:VAT">1111111111</urn1:ID>
               </urn:PartyIdentification>
            </urn:SenderParty>
            <urn:ReceiverParty>
               <urn:PartyIdentification>
                  <urn1:ID schemeID="BE:VAT">2222222222</urn1:ID>
               </urn:PartyIdentification>
            </urn:ReceiverParty>
            <urn1:ID>1461749877648</urn1:ID>
            <urn1:DocumentTypeCode>380</urn1:DocumentTypeCode>
         </v1:request>
      </v1:markRequestRequest>
   </soapenv:Body>
</soapenv:Envelope>]]></con:request><con:assertion type="SOAP Fault Assertion" id="5ed8d797-93ac-44c5-8ab1-2c166afa9835" name="Not SOAP Fault"/><con:assertion type="SOAP Response" id="0de74b36-c937-47b0-b451-abcc7d90b992" name="SOAP Response"/><con:assertion type="Schema Compliance" id="b0df1c45-7266-4654-ada3-6cacb53bd347" name="Schema Compliance"><con:configuration/></con:assertion><con:wsaConfig action="http://fidus.brussels/services/invoiceservice/markRequest"/></con:request></con:config></con:testStep><con:properties/></con:testCase><con:testCase id="d923a90d-2606-4ac2-b6d7-1f4245d102d1" failOnError="true" failTestCaseOnErrors="true" keepSession="false" maxResults="0" name="retrieveRequest" searchProperties="true"><con:settings/><con:testStep type="request" id="7c16328b-8cbd-4041-b017-817f475b9b72" name="testcase4 - Staging - External - Request"><con:settings/><con:config xsi:type="con:RequestStep" xmlns:xsi="http://www.w3.org/2001/XMLSchema-instance"><con:interface>InvoiceServiceHTTPBinding</con:interface><con:operation>retrieveRequest</con:operation><con:request name="testcase4 - Staging - External - Request" id="c1554bf3-b06c-4484-b8a1-a71f7424d5dd" outgoingWss="Outflow STAG"><con:settings/><con:encoding>UTF-8</con:encoding><con:endpoint>https://fidus.irisnetlab.be/services/InvoiceService_v1.0</con:endpoint><con:request><![CDATA[<soapenv:Envelope xmlns:soapenv="http://schemas.xmlsoap.org/soap/envelope/" xmlns:v1="http://fidus.brussels/service/invoiceservice/messages/v1" xmlns:v11="http://fidus.brussels/type/common/messages/v1" xmlns:urn="urn:oasis:names:specification:ubl:schema:xsd:CommonAggregateComponents-2" xmlns:urn1="urn:oasis:names:specification:ubl:schema:xsd:CommonBasicComponents-2">
   <soapenv:Header/>
   <soapenv:Body>
      <v1:retrieveRequestRequest>
         <v1:messageContext>
            <v11:messageId>${=import static java.util.UUID.randomUUID; uuid = randomUUID() as String}</v11:messageId>
            <v11:timestamp>${=new java.text.SimpleDateFormat("yyyy-MM-dd'T'HH:mm:ss.SSS").format(new Date())}</v11:timestamp>
         </v1:messageContext>
         <v1:request>
            <urn:SenderParty>
               <urn:PartyIdentification>
                  <urn1:ID schemeID="BE:VAT">1111111111</urn1:ID>
               </urn:PartyIdentification>
            </urn:SenderParty>
            <urn:ReceiverParty>
               <urn:PartyIdentification>
                  <urn1:ID schemeID="BE:VAT">2222222222</urn1:ID>
               </urn:PartyIdentification>
            </urn:ReceiverParty>
            <urn1:ID>1461749877648</urn1:ID>
            <urn1:DocumentTypeCode>380</urn1:DocumentTypeCode>
         </v1:request>
      </v1:retrieveRequestRequest>
   </soapenv:Body>
</soapenv:Envelope>]]></con:request><con:assertion type="SOAP Fault Assertion" id="7d050680-3eb2-45ff-a655-655776d3dfb0" name="Not SOAP Fault"/><con:assertion type="SOAP Response" id="e568afcf-15ae-427c-b0f3-397c0b4c6458" name="SOAP Response"/><con:assertion type="Schema Compliance" id="25aa4493-18c3-4e10-8fb8-719eee659182" name="Schema Compliance"><con:configuration/></con:assertion><con:wsaConfig action="http://fidus.brussels/services/invoiceservice/retrieveRequest"/></con:request></con:config></con:testStep><con:testStep type="request" id="b8e3d3a9-f677-444b-829a-a47501e6dbb4" name="testcase4 - Staging - LB - Request"><con:settings/><con:config xsi:type="con:RequestStep" xmlns:xsi="http://www.w3.org/2001/XMLSchema-instance"><con:interface>InvoiceServiceHTTPBinding</con:interface><con:operation>retrieveRequest</con:operation><con:request name="testcase4 - Staging - LB - Request" id="22901049-5018-4f05-b02c-bd3e64354f04" outgoingWss="Outflow STAG"><con:settings/><con:encoding>UTF-8</con:encoding><con:endpoint>https://fidus-esb-sg.sta.srv.cirb.lan:8443/services/InvoiceService_v1.0</con:endpoint><con:request><![CDATA[<soapenv:Envelope xmlns:soapenv="http://schemas.xmlsoap.org/soap/envelope/" xmlns:v1="http://fidus.brussels/service/invoiceservice/messages/v1" xmlns:v11="http://fidus.brussels/type/common/messages/v1" xmlns:urn="urn:oasis:names:specification:ubl:schema:xsd:CommonAggregateComponents-2" xmlns:urn1="urn:oasis:names:specification:ubl:schema:xsd:CommonBasicComponents-2">
   <soapenv:Header/>
   <soapenv:Body>
      <v1:retrieveRequestRequest>
         <v1:messageContext>
            <v11:messageId>${=import static java.util.UUID.randomUUID; uuid = randomUUID() as String}</v11:messageId>
            <v11:timestamp>${=new java.text.SimpleDateFormat("yyyy-MM-dd'T'HH:mm:ss.SSS").format(new Date())}</v11:timestamp>
         </v1:messageContext>
         <v1:request>
            <urn:SenderParty>
               <urn:PartyIdentification>
                  <urn1:ID schemeID="BE:VAT">1111111111</urn1:ID>
               </urn:PartyIdentification>
            </urn:SenderParty>
            <urn:ReceiverParty>
               <urn:PartyIdentification>
                  <urn1:ID schemeID="BE:VAT">2222222222</urn1:ID>
               </urn:PartyIdentification>
            </urn:ReceiverParty>
            <urn1:ID>1461749877648</urn1:ID>
            <urn1:DocumentTypeCode>380</urn1:DocumentTypeCode>
         </v1:request>
      </v1:retrieveRequestRequest>
   </soapenv:Body>
</soapenv:Envelope>]]></con:request><con:assertion type="SOAP Fault Assertion" id="3c835a92-b4db-409f-8e7d-d35f807a3e3c" name="Not SOAP Fault"/><con:assertion type="SOAP Response" id="384d4206-9456-49a4-89f1-8fcc5356fa01" name="SOAP Response"/><con:assertion type="Schema Compliance" id="9bba7118-a6e8-4b58-91c1-183ef05873bc" name="Schema Compliance"><con:configuration/></con:assertion><con:wsaConfig action="http://fidus.brussels/services/invoiceservice/retrieveRequest"/></con:request></con:config></con:testStep><con:testStep type="request" id="cca273e7-0851-4a06-8c6e-796e8346b739" name="testcase4 - Staging - Worker1 - Request"><con:settings/><con:config xsi:type="con:RequestStep" xmlns:xsi="http://www.w3.org/2001/XMLSchema-instance"><con:interface>InvoiceServiceHTTPBinding</con:interface><con:operation>retrieveRequest</con:operation><con:request name="testcase4 - Staging - Worker1 - Request" id="a6539827-2ef3-480f-bee9-8c399fb74295" outgoingWss="Outflow STAG"><con:settings/><con:encoding>UTF-8</con:encoding><con:endpoint>https://192.168.24.57:8443/services/InvoiceService_v1.0</con:endpoint><con:request><![CDATA[<soapenv:Envelope xmlns:soapenv="http://schemas.xmlsoap.org/soap/envelope/" xmlns:v1="http://fidus.brussels/service/invoiceservice/messages/v1" xmlns:v11="http://fidus.brussels/type/common/messages/v1" xmlns:urn="urn:oasis:names:specification:ubl:schema:xsd:CommonAggregateComponents-2" xmlns:urn1="urn:oasis:names:specification:ubl:schema:xsd:CommonBasicComponents-2">
   <soapenv:Header/>
   <soapenv:Body>
      <v1:retrieveRequestRequest>
         <v1:messageContext>
            <v11:messageId>${=import static java.util.UUID.randomUUID; uuid = randomUUID() as String}</v11:messageId>
            <v11:timestamp>${=new java.text.SimpleDateFormat("yyyy-MM-dd'T'HH:mm:ss.SSS").format(new Date())}</v11:timestamp>
         </v1:messageContext>
         <v1:request>
            <urn:SenderParty>
               <urn:PartyIdentification>
                  <urn1:ID schemeID="BE:VAT">1111111111</urn1:ID>
               </urn:PartyIdentification>
            </urn:SenderParty>
            <urn:ReceiverParty>
               <urn:PartyIdentification>
                  <urn1:ID schemeID="BE:VAT">2222222222</urn1:ID>
               </urn:PartyIdentification>
            </urn:ReceiverParty>
            <urn1:ID>1461749877648</urn1:ID>
            <urn1:DocumentTypeCode>380</urn1:DocumentTypeCode>
         </v1:request>
      </v1:retrieveRequestRequest>
   </soapenv:Body>
</soapenv:Envelope>]]></con:request><con:assertion type="SOAP Fault Assertion" id="7e7dfac4-48d3-43ee-9e53-085083ddf64e" name="Not SOAP Fault"/><con:assertion type="SOAP Response" id="41a3deee-8a42-454b-a728-aaed0ae0cb96" name="SOAP Response"/><con:assertion type="Schema Compliance" id="4b821448-d7fa-46a3-8cc4-f7e2e5a395bd" name="Schema Compliance"><con:configuration/></con:assertion><con:wsaConfig action="http://fidus.brussels/services/invoiceservice/retrieveRequest"/></con:request></con:config></con:testStep><con:testStep type="request" id="77df1597-9055-4660-b57a-5c0607d13b73" name="testcase4 - Staging - Worker2 - Request"><con:settings/><con:config xsi:type="con:RequestStep" xmlns:xsi="http://www.w3.org/2001/XMLSchema-instance"><con:interface>InvoiceServiceHTTPBinding</con:interface><con:operation>retrieveRequest</con:operation><con:request name="testcase4 - Staging - Worker2 - Request" id="a8725950-d7ea-43c2-be89-d6ed0d490731" outgoingWss="Outflow STAG"><con:settings/><con:encoding>UTF-8</con:encoding><con:endpoint>https://192.168.24.64:8443/services/InvoiceService_v1.0</con:endpoint><con:request><![CDATA[<soapenv:Envelope xmlns:soapenv="http://schemas.xmlsoap.org/soap/envelope/" xmlns:v1="http://fidus.brussels/service/invoiceservice/messages/v1" xmlns:v11="http://fidus.brussels/type/common/messages/v1" xmlns:urn="urn:oasis:names:specification:ubl:schema:xsd:CommonAggregateComponents-2" xmlns:urn1="urn:oasis:names:specification:ubl:schema:xsd:CommonBasicComponents-2">
   <soapenv:Header/>
   <soapenv:Body>
      <v1:retrieveRequestRequest>
         <v1:messageContext>
            <v11:messageId>${=import static java.util.UUID.randomUUID; uuid = randomUUID() as String}</v11:messageId>
            <v11:timestamp>${=new java.text.SimpleDateFormat("yyyy-MM-dd'T'HH:mm:ss.SSS").format(new Date())}</v11:timestamp>
         </v1:messageContext>
         <v1:request>
            <urn:SenderParty>
               <urn:PartyIdentification>
                  <urn1:ID schemeID="BE:VAT">1111111111</urn1:ID>
               </urn:PartyIdentification>
            </urn:SenderParty>
            <urn:ReceiverParty>
               <urn:PartyIdentification>
                  <urn1:ID schemeID="BE:VAT">2222222222</urn1:ID>
               </urn:PartyIdentification>
            </urn:ReceiverParty>
            <urn1:ID>1461749877648</urn1:ID>
            <urn1:DocumentTypeCode>380</urn1:DocumentTypeCode>
         </v1:request>
      </v1:retrieveRequestRequest>
   </soapenv:Body>
</soapenv:Envelope>]]></con:request><con:assertion type="SOAP Fault Assertion" id="feb4108e-be69-4516-8a05-866f09adbfa5" name="Not SOAP Fault"/><con:assertion type="SOAP Response" id="daa8a154-7c27-4675-90e5-bc479bfcad7f" name="SOAP Response"/><con:assertion type="Schema Compliance" id="adfe1860-e107-41e6-a9de-7c816d8dce28" name="Schema Compliance"><con:configuration/></con:assertion><con:wsaConfig action="http://fidus.brussels/services/invoiceservice/retrieveRequest"/></con:request></con:config></con:testStep><con:properties/></con:testCase><con:testCase id="26677ff1-8501-43bd-8b6c-cee2e43f418f" failOnError="true" failTestCaseOnErrors="true" keepSession="false" maxResults="0" name="submitApplicationResponse" searchProperties="true"><con:settings/><con:testStep type="request" id="bc83f19a-1126-449a-8a03-ab51446aff6f" name="testcase4 - Staging - External - Request"><con:settings/><con:config xsi:type="con:RequestStep" xmlns:xsi="http://www.w3.org/2001/XMLSchema-instance"><con:interface>InvoiceServiceHTTPBinding</con:interface><con:operation>submitApplicationResponse</con:operation><con:request name="testcase4 - Staging - External - Request" id="8a899c40-6160-4176-88c1-b107bf92475c" outgoingWss="Outflow STAG"><con:settings/><con:encoding>UTF-8</con:encoding><con:endpoint>https://fidus.irisnetlab.be/services/InvoiceService_v1.0</con:endpoint><con:request><![CDATA[<soapenv:Envelope xmlns:soapenv="http://schemas.xmlsoap.org/soap/envelope/" xmlns:v1="http://fidus.brussels/service/invoiceservice/messages/v1" xmlns:v11="http://fidus.brussels/type/common/messages/v1" xmlns:urn="urn:oasis:names:specification:ubl:schema:xsd:ApplicationResponse-2" xmlns:urn1="urn:oasis:names:specification:ubl:schema:xsd:CommonExtensionComponents-2" xmlns:urn2="urn:oasis:names:specification:ubl:schema:xsd:CommonBasicComponents-2" xmlns:urn3="urn:oasis:names:specification:ubl:schema:xsd:CommonAggregateComponents-2">
   <soapenv:Header/>
   <soapenv:Body>
      <v1:submitApplicationResponseRequest>
         <v1:messageContext>
            <v11:messageId>${=import static java.util.UUID.randomUUID; uuid = randomUUID() as String}</v11:messageId>
            <v11:timestamp>${=new java.text.SimpleDateFormat("yyyy-MM-dd'T'HH:mm:ss.SSS").format(new Date())}</v11:timestamp>
         </v1:messageContext>
         <v1:request>
            <urn:ApplicationResponse>
               <urn2:ID>someBackofficeAssignedID</urn2:ID>
               <urn2:IssueDate>2013-01-28</urn2:IssueDate>
               <urn3:SenderParty>
                  <urn3:PartyIdentification>
                     <urn2:ID schemeID="BE:VAT">1111111111</urn2:ID>
                  </urn3:PartyIdentification>
               </urn3:SenderParty>
               <urn3:ReceiverParty>
                  <urn3:PartyIdentification>
                     <urn2:ID schemeID="BE:VAT">2222222222</urn2:ID>
                  </urn3:PartyIdentification>
               </urn3:ReceiverParty>
               <urn3:DocumentResponse>
                  <urn3:Response>
                     <urn2:ReferenceID>someBackofficeAssignedID</urn2:ReferenceID>
                     <urn2:ResponseCode>380:1</urn2:ResponseCode>
                  </urn3:Response>
                  <urn3:DocumentReference>
                     <urn2:ID>1461749877648</urn2:ID>
                     <urn2:DocumentTypeCode>380</urn2:DocumentTypeCode>
                  </urn3:DocumentReference>
               </urn3:DocumentResponse>
            </urn:ApplicationResponse>
         </v1:request>
      </v1:submitApplicationResponseRequest>
   </soapenv:Body>
</soapenv:Envelope>]]></con:request><con:assertion type="SOAP Fault Assertion" id="0e89e6da-4805-4ee0-8bc4-ee0f20468592" name="Not SOAP Fault"/><con:assertion type="SOAP Response" id="c6a906d1-a4a6-4dd3-a96b-e3db15d1b282" name="SOAP Response"/><con:assertion type="Schema Compliance" id="ea91d7bb-9205-4ac6-b650-f466ee9a31c7" name="Schema Compliance"><con:configuration/></con:assertion><con:wsaConfig action="http://fidus.brussels/services/invoiceservice/submitApplicationResponse"/></con:request></con:config></con:testStep><con:testStep type="request" id="7f9e177e-26dc-4364-bca9-b9d483286ed1" name="testcase4 - Staging - LB - Request"><con:settings/><con:config xsi:type="con:RequestStep" xmlns:xsi="http://www.w3.org/2001/XMLSchema-instance"><con:interface>InvoiceServiceHTTPBinding</con:interface><con:operation>submitApplicationResponse</con:operation><con:request name="testcase4 - Staging - LB - Request" id="3817a314-70bf-49d5-ad0d-18fdbc8e9f2e" outgoingWss="Outflow STAG"><con:settings/><con:encoding>UTF-8</con:encoding><con:endpoint>https://fidus-esb-sg.sta.srv.cirb.lan:8443/services/InvoiceService_v1.0</con:endpoint><con:request><![CDATA[<soapenv:Envelope xmlns:soapenv="http://schemas.xmlsoap.org/soap/envelope/" xmlns:v1="http://fidus.brussels/service/invoiceservice/messages/v1" xmlns:v11="http://fidus.brussels/type/common/messages/v1" xmlns:urn="urn:oasis:names:specification:ubl:schema:xsd:ApplicationResponse-2" xmlns:urn1="urn:oasis:names:specification:ubl:schema:xsd:CommonExtensionComponents-2" xmlns:urn2="urn:oasis:names:specification:ubl:schema:xsd:CommonBasicComponents-2" xmlns:urn3="urn:oasis:names:specification:ubl:schema:xsd:CommonAggregateComponents-2">
   <soapenv:Header/>
   <soapenv:Body>
      <v1:submitApplicationResponseRequest>
         <v1:messageContext>
            <v11:messageId>${=import static java.util.UUID.randomUUID; uuid = randomUUID() as String}</v11:messageId>
            <v11:timestamp>${=new java.text.SimpleDateFormat("yyyy-MM-dd'T'HH:mm:ss.SSS").format(new Date())}</v11:timestamp>
         </v1:messageContext>
         <v1:request>
            <urn:ApplicationResponse>
               <urn2:ID>someBackofficeAssignedID</urn2:ID>
               <urn2:IssueDate>2013-01-28</urn2:IssueDate>
               <urn3:SenderParty>
                  <urn3:PartyIdentification>
                     <urn2:ID schemeID="BE:VAT">1111111111</urn2:ID>
                  </urn3:PartyIdentification>
               </urn3:SenderParty>
               <urn3:ReceiverParty>
                  <urn3:PartyIdentification>
                     <urn2:ID schemeID="BE:VAT">2222222222</urn2:ID>
                  </urn3:PartyIdentification>
               </urn3:ReceiverParty>
               <urn3:DocumentResponse>
                  <urn3:Response>
                     <urn2:ReferenceID>someBackofficeAssignedID</urn2:ReferenceID>
                     <urn2:ResponseCode>380:1</urn2:ResponseCode>
                  </urn3:Response>
                  <urn3:DocumentReference>
                     <urn2:ID>1461749877648</urn2:ID>
                     <urn2:DocumentTypeCode>380</urn2:DocumentTypeCode>
                  </urn3:DocumentReference>
               </urn3:DocumentResponse>
            </urn:ApplicationResponse>
         </v1:request>
      </v1:submitApplicationResponseRequest>
   </soapenv:Body>
</soapenv:Envelope>]]></con:request><con:assertion type="SOAP Fault Assertion" id="0a9d2798-6d6f-4d35-b7c5-c1b312c37ff5" name="Not SOAP Fault"/><con:assertion type="SOAP Response" id="606eb373-63d5-4bb4-9457-933230132f3a" name="SOAP Response"/><con:assertion type="Schema Compliance" id="1b00e074-a6c1-4c7b-b669-8ce52ec32613" name="Schema Compliance"><con:configuration/></con:assertion><con:wsaConfig action="http://fidus.brussels/services/invoiceservice/submitApplicationResponse"/></con:request></con:config></con:testStep><con:testStep type="request" id="18afbba4-c8cf-480e-bff7-f246df6829d6" name="testcase4 - Staging - Worker1 - Request"><con:settings/><con:config xsi:type="con:RequestStep" xmlns:xsi="http://www.w3.org/2001/XMLSchema-instance"><con:interface>InvoiceServiceHTTPBinding</con:interface><con:operation>submitApplicationResponse</con:operation><con:request name="testcase4 - Staging - Worker1 - Request" id="826b9140-b587-4578-a7e6-b45101347862" outgoingWss="Outflow STAG"><con:settings/><con:encoding>UTF-8</con:encoding><con:endpoint>https://192.168.24.57:8443/services/InvoiceService_v1.0</con:endpoint><con:request><![CDATA[<soapenv:Envelope xmlns:soapenv="http://schemas.xmlsoap.org/soap/envelope/" xmlns:v1="http://fidus.brussels/service/invoiceservice/messages/v1" xmlns:v11="http://fidus.brussels/type/common/messages/v1" xmlns:urn="urn:oasis:names:specification:ubl:schema:xsd:ApplicationResponse-2" xmlns:urn1="urn:oasis:names:specification:ubl:schema:xsd:CommonExtensionComponents-2" xmlns:urn2="urn:oasis:names:specification:ubl:schema:xsd:CommonBasicComponents-2" xmlns:urn3="urn:oasis:names:specification:ubl:schema:xsd:CommonAggregateComponents-2">
   <soapenv:Header/>
   <soapenv:Body>
      <v1:submitApplicationResponseRequest>
         <v1:messageContext>
            <v11:messageId>${=import static java.util.UUID.randomUUID; uuid = randomUUID() as String}</v11:messageId>
            <v11:timestamp>${=new java.text.SimpleDateFormat("yyyy-MM-dd'T'HH:mm:ss.SSS").format(new Date())}</v11:timestamp>
         </v1:messageContext>
         <v1:request>
            <urn:ApplicationResponse>
               <urn2:ID>someBackofficeAssignedID</urn2:ID>
               <urn2:IssueDate>2013-01-28</urn2:IssueDate>
               <urn3:SenderParty>
                  <urn3:PartyIdentification>
                     <urn2:ID schemeID="BE:VAT">1111111111</urn2:ID>
                  </urn3:PartyIdentification>
               </urn3:SenderParty>
               <urn3:ReceiverParty>
                  <urn3:PartyIdentification>
                     <urn2:ID schemeID="BE:VAT">2222222222</urn2:ID>
                  </urn3:PartyIdentification>
               </urn3:ReceiverParty>
               <urn3:DocumentResponse>
                  <urn3:Response>
                     <urn2:ReferenceID>someBackofficeAssignedID</urn2:ReferenceID>
                     <urn2:ResponseCode>380:1</urn2:ResponseCode>
                  </urn3:Response>
                  <urn3:DocumentReference>
                     <urn2:ID>1461749877648</urn2:ID>
                     <urn2:DocumentTypeCode>380</urn2:DocumentTypeCode>
                  </urn3:DocumentReference>
               </urn3:DocumentResponse>
            </urn:ApplicationResponse>
         </v1:request>
      </v1:submitApplicationResponseRequest>
   </soapenv:Body>
</soapenv:Envelope>]]></con:request><con:assertion type="SOAP Fault Assertion" id="3b0635de-ce5c-4e72-916f-2efb3f36fc6d" name="Not SOAP Fault"/><con:assertion type="SOAP Response" id="8d4fc8c2-4691-43cd-ab94-631511bd45fe" name="SOAP Response"/><con:assertion type="Schema Compliance" id="0ffbea9d-6fb1-495c-a15c-89824120383b" name="Schema Compliance"><con:configuration/></con:assertion><con:wsaConfig action="http://fidus.brussels/services/invoiceservice/submitApplicationResponse"/></con:request></con:config></con:testStep><con:testStep type="request" id="ab8218cd-0d18-4dd4-bd4e-2c1966d38dc7" name="testcase4 - Staging - Worker2 - Request"><con:settings/><con:config xsi:type="con:RequestStep" xmlns:xsi="http://www.w3.org/2001/XMLSchema-instance"><con:interface>InvoiceServiceHTTPBinding</con:interface><con:operation>submitApplicationResponse</con:operation><con:request name="testcase4 - Staging - Worker2 - Request" id="88792d1b-3d6f-46d5-8090-583721f641bb" outgoingWss="Outflow STAG"><con:settings/><con:encoding>UTF-8</con:encoding><con:endpoint>https://192.168.24.64:8443/services/InvoiceService_v1.0</con:endpoint><con:request><![CDATA[<soapenv:Envelope xmlns:soapenv="http://schemas.xmlsoap.org/soap/envelope/" xmlns:v1="http://fidus.brussels/service/invoiceservice/messages/v1" xmlns:v11="http://fidus.brussels/type/common/messages/v1" xmlns:urn="urn:oasis:names:specification:ubl:schema:xsd:ApplicationResponse-2" xmlns:urn1="urn:oasis:names:specification:ubl:schema:xsd:CommonExtensionComponents-2" xmlns:urn2="urn:oasis:names:specification:ubl:schema:xsd:CommonBasicComponents-2" xmlns:urn3="urn:oasis:names:specification:ubl:schema:xsd:CommonAggregateComponents-2">
   <soapenv:Header/>
   <soapenv:Body>
      <v1:submitApplicationResponseRequest>
         <v1:messageContext>
            <v11:messageId>${=import static java.util.UUID.randomUUID; uuid = randomUUID() as String}</v11:messageId>
            <v11:timestamp>${=new java.text.SimpleDateFormat("yyyy-MM-dd'T'HH:mm:ss.SSS").format(new Date())}</v11:timestamp>
         </v1:messageContext>
         <v1:request>
            <urn:ApplicationResponse>
               <urn2:ID>someBackofficeAssignedID</urn2:ID>
               <urn2:IssueDate>2013-01-28</urn2:IssueDate>
               <urn3:SenderParty>
                  <urn3:PartyIdentification>
                     <urn2:ID schemeID="BE:VAT">1111111111</urn2:ID>
                  </urn3:PartyIdentification>
               </urn3:SenderParty>
               <urn3:ReceiverParty>
                  <urn3:PartyIdentification>
                     <urn2:ID schemeID="BE:VAT">2222222222</urn2:ID>
                  </urn3:PartyIdentification>
               </urn3:ReceiverParty>
               <urn3:DocumentResponse>
                  <urn3:Response>
                     <urn2:ReferenceID>someBackofficeAssignedID</urn2:ReferenceID>
                     <urn2:ResponseCode>380:1</urn2:ResponseCode>
                  </urn3:Response>
                  <urn3:DocumentReference>
                     <urn2:ID>1461749877648</urn2:ID>
                     <urn2:DocumentTypeCode>380</urn2:DocumentTypeCode>
                  </urn3:DocumentReference>
               </urn3:DocumentResponse>
            </urn:ApplicationResponse>
         </v1:request>
      </v1:submitApplicationResponseRequest>
   </soapenv:Body>
</soapenv:Envelope>]]></con:request><con:assertion type="SOAP Fault Assertion" id="de655696-5985-41ac-871a-e06c6cc8f7af" name="Not SOAP Fault"/><con:assertion type="SOAP Response" id="20f3f6af-8574-4b5f-92ce-0509890d58c9" name="SOAP Response"/><con:assertion type="Schema Compliance" id="a09dacb0-eedd-451a-a21b-59b41a168cb6" name="Schema Compliance"><con:configuration/></con:assertion><con:wsaConfig action="http://fidus.brussels/services/invoiceservice/submitApplicationResponse"/></con:request></con:config></con:testStep><con:properties/></con:testCase><con:testCase id="4294b664-0141-432b-9f58-ddccd0a17b32" failOnError="true" failTestCaseOnErrors="true" keepSession="false" maxResults="0" name="submitInboxRequest" searchProperties="true"><con:settings/><con:testStep type="request" id="be93a8b2-b1a5-455c-8931-a6713c29e8ee" name="testcase4 - Staging - External - Request"><con:settings/><con:config xsi:type="con:RequestStep" xmlns:xsi="http://www.w3.org/2001/XMLSchema-instance"><con:interface>InvoiceServiceHTTPBinding</con:interface><con:operation>submitInboxRequest</con:operation><con:request name="testcase4 - Staging - External - Request" id="f407ae21-164a-4f7f-b46d-48e317c5954f" outgoingWss="Outflow STAG"><con:settings/><con:encoding>UTF-8</con:encoding><con:endpoint>https://fidus.irisnetlab.be/services/InvoiceService_v1.0</con:endpoint><con:request><![CDATA[<soapenv:Envelope xmlns:soapenv="http://schemas.xmlsoap.org/soap/envelope/" xmlns:v1="http://fidus.brussels/service/invoiceservice/messages/v1" xmlns:v11="http://fidus.brussels/type/common/messages/v1" xmlns:urn="urn:oasis:names:specification:ubl:schema:xsd:CommonAggregateComponents-2" xmlns:urn1="urn:oasis:names:specification:ubl:schema:xsd:CommonBasicComponents-2">
   <soapenv:Header/>
   <soapenv:Body>
      <v1:submitInboxRequestRequest>
         <v1:messageContext>
            <v11:messageId>${=import static java.util.UUID.randomUUID; uuid = randomUUID() as String}</v11:messageId>
            <v11:timestamp>${=new java.text.SimpleDateFormat("yyyy-MM-dd'T'HH:mm:ss.SSS").format(new Date())}</v11:timestamp>
         </v1:messageContext>
         <v1:request>
            <urn:ReceiverParty>
               <urn:PartyIdentification>
                  <urn1:ID schemeID="BE:VAT">2222222222</urn1:ID>
               </urn:PartyIdentification>
            </urn:ReceiverParty>
         </v1:request>
      </v1:submitInboxRequestRequest>
   </soapenv:Body>
</soapenv:Envelope>]]></con:request><con:assertion type="SOAP Fault Assertion" id="197d1c40-16d7-41f8-a803-36bfa4938f03" name="Not SOAP Fault"/><con:assertion type="SOAP Response" id="88d23c99-c051-4e71-93c0-180e0b6cebd1" name="SOAP Response"/><con:assertion type="Schema Compliance" id="9c38f496-390b-4fd7-8df4-adbfc120bfc9" name="Schema Compliance"><con:configuration/></con:assertion><con:wsaConfig action="http://fidus.brussels/services/invoiceservice/submitInboxRequest"/></con:request></con:config></con:testStep><con:testStep type="request" id="affe45ae-9bdb-4abc-a8c9-bc502bfcb3f9" name="testcase4 - Staging - LB - Request"><con:settings/><con:config xsi:type="con:RequestStep" xmlns:xsi="http://www.w3.org/2001/XMLSchema-instance"><con:interface>InvoiceServiceHTTPBinding</con:interface><con:operation>submitInboxRequest</con:operation><con:request name="testcase4 - Staging - LB - Request" id="aef8290d-fee7-420f-b8bc-8e5e7e9f8596" outgoingWss="Outflow STAG"><con:settings/><con:encoding>UTF-8</con:encoding><con:endpoint>https://fidus-esb-sg.sta.srv.cirb.lan:8443/services/InvoiceService_v1.0</con:endpoint><con:request><![CDATA[<soapenv:Envelope xmlns:soapenv="http://schemas.xmlsoap.org/soap/envelope/" xmlns:v1="http://fidus.brussels/service/invoiceservice/messages/v1" xmlns:v11="http://fidus.brussels/type/common/messages/v1" xmlns:urn="urn:oasis:names:specification:ubl:schema:xsd:CommonAggregateComponents-2" xmlns:urn1="urn:oasis:names:specification:ubl:schema:xsd:CommonBasicComponents-2">
   <soapenv:Header/>
   <soapenv:Body>
      <v1:submitInboxRequestRequest>
         <v1:messageContext>
            <v11:messageId>${=import static java.util.UUID.randomUUID; uuid = randomUUID() as String}</v11:messageId>
            <v11:timestamp>${=new java.text.SimpleDateFormat("yyyy-MM-dd'T'HH:mm:ss.SSS").format(new Date())}</v11:timestamp>
         </v1:messageContext>
         <v1:request>
            <urn:ReceiverParty>
               <urn:PartyIdentification>
                  <urn1:ID schemeID="BE:VAT">2222222222</urn1:ID>
               </urn:PartyIdentification>
            </urn:ReceiverParty>
         </v1:request>
      </v1:submitInboxRequestRequest>
   </soapenv:Body>
</soapenv:Envelope>]]></con:request><con:assertion type="SOAP Fault Assertion" id="e15da3a6-90ed-40a0-a7f5-bf0c6cb0ed05" name="Not SOAP Fault"/><con:assertion type="SOAP Response" id="adf4a434-3052-46cb-a2bb-030e0765f6a2" name="SOAP Response"/><con:assertion type="Schema Compliance" id="9f6c17b2-aec5-4a9a-8799-fde78544ad4a" name="Schema Compliance"><con:configuration/></con:assertion><con:wsaConfig action="http://fidus.brussels/services/invoiceservice/submitInboxRequest"/></con:request></con:config></con:testStep><con:testStep type="request" id="24f1a8e0-4c9c-47bb-8e03-8bf76298e56a" name="testcase4 - Staging - Worker1 - Request"><con:settings/><con:config xsi:type="con:RequestStep" xmlns:xsi="http://www.w3.org/2001/XMLSchema-instance"><con:interface>InvoiceServiceHTTPBinding</con:interface><con:operation>submitInboxRequest</con:operation><con:request name="testcase4 - Staging - Worker1 - Request" id="48eb323b-84d8-4929-87fa-5234686ceee3" outgoingWss="Outflow STAG"><con:settings/><con:encoding>UTF-8</con:encoding><con:endpoint>https://192.168.24.57:8443/services/InvoiceService_v1.0</con:endpoint><con:request><![CDATA[<soapenv:Envelope xmlns:soapenv="http://schemas.xmlsoap.org/soap/envelope/" xmlns:v1="http://fidus.brussels/service/invoiceservice/messages/v1" xmlns:v11="http://fidus.brussels/type/common/messages/v1" xmlns:urn="urn:oasis:names:specification:ubl:schema:xsd:CommonAggregateComponents-2" xmlns:urn1="urn:oasis:names:specification:ubl:schema:xsd:CommonBasicComponents-2">
   <soapenv:Header/>
   <soapenv:Body>
      <v1:submitInboxRequestRequest>
         <v1:messageContext>
            <v11:messageId>${=import static java.util.UUID.randomUUID; uuid = randomUUID() as String}</v11:messageId>
            <v11:timestamp>${=new java.text.SimpleDateFormat("yyyy-MM-dd'T'HH:mm:ss.SSS").format(new Date())}</v11:timestamp>
         </v1:messageContext>
         <v1:request>
            <urn:ReceiverParty>
               <urn:PartyIdentification>
                  <urn1:ID schemeID="BE:VAT">2222222222</urn1:ID>
               </urn:PartyIdentification>
            </urn:ReceiverParty>
         </v1:request>
      </v1:submitInboxRequestRequest>
   </soapenv:Body>
</soapenv:Envelope>]]></con:request><con:assertion type="SOAP Fault Assertion" id="cfbc0136-8005-4fa4-8eb6-5798fff1876a" name="Not SOAP Fault"/><con:assertion type="SOAP Response" id="38fb7df3-484d-47eb-91f8-6b71815d8637" name="SOAP Response"/><con:assertion type="Schema Compliance" id="ddb3077c-030d-4ee8-ae36-55607017b725" name="Schema Compliance"><con:configuration/></con:assertion><con:wsaConfig action="http://fidus.brussels/services/invoiceservice/submitInboxRequest"/></con:request></con:config></con:testStep><con:testStep type="request" id="31a60f76-cdcc-4841-914d-c5120c22ecf6" name="testcase4 - Staging - Worker2 - Request"><con:settings/><con:config xsi:type="con:RequestStep" xmlns:xsi="http://www.w3.org/2001/XMLSchema-instance"><con:interface>InvoiceServiceHTTPBinding</con:interface><con:operation>submitInboxRequest</con:operation><con:request name="testcase4 - Staging - Worker2 - Request" id="f84c2414-360b-4e1a-bb77-a3d712e08514" outgoingWss="Outflow STAG"><con:settings/><con:encoding>UTF-8</con:encoding><con:endpoint>https://192.168.24.64:8443/services/InvoiceService_v1.0</con:endpoint><con:request><![CDATA[<soapenv:Envelope xmlns:soapenv="http://schemas.xmlsoap.org/soap/envelope/" xmlns:v1="http://fidus.brussels/service/invoiceservice/messages/v1" xmlns:v11="http://fidus.brussels/type/common/messages/v1" xmlns:urn="urn:oasis:names:specification:ubl:schema:xsd:CommonAggregateComponents-2" xmlns:urn1="urn:oasis:names:specification:ubl:schema:xsd:CommonBasicComponents-2">
   <soapenv:Header/>
   <soapenv:Body>
      <v1:submitInboxRequestRequest>
         <v1:messageContext>
            <v11:messageId>${=import static java.util.UUID.randomUUID; uuid = randomUUID() as String}</v11:messageId>
            <v11:timestamp>${=new java.text.SimpleDateFormat("yyyy-MM-dd'T'HH:mm:ss.SSS").format(new Date())}</v11:timestamp>
         </v1:messageContext>
         <v1:request>
            <urn:ReceiverParty>
               <urn:PartyIdentification>
                  <urn1:ID schemeID="BE:VAT">2222222222</urn1:ID>
               </urn:PartyIdentification>
            </urn:ReceiverParty>
         </v1:request>
      </v1:submitInboxRequestRequest>
   </soapenv:Body>
</soapenv:Envelope>]]></con:request><con:assertion type="SOAP Fault Assertion" id="49ec4a05-3dd9-4c89-8ec2-d56815add7b6" name="Not SOAP Fault"/><con:assertion type="SOAP Response" id="1862c679-f668-44f5-aa2c-2a024ed1bb7b" name="SOAP Response"/><con:assertion type="Schema Compliance" id="dd1a53bc-fc99-4be9-bb54-bbebd89fa982" name="Schema Compliance"><con:configuration/></con:assertion><con:wsaConfig action="http://fidus.brussels/services/invoiceservice/submitInboxRequest"/></con:request></con:config></con:testStep><con:properties/></con:testCase><con:properties/></con:testSuite><con:testSuite id="fc4999a6-eba1-453f-a749-5aeb8ff740b9" name="PROD"><con:settings/><con:runType>SEQUENTIAL</con:runType><con:testCase id="4571b87a-e8a9-49fe-b8d3-50752492d9da" failOnError="true" failTestCaseOnErrors="true" keepSession="false" maxResults="0" name="markRequest" searchProperties="true"><con:settings/><con:testStep type="request" id="a9069f1b-dfca-4bdc-bd55-69c1a7cc4de0" name="testcase5 - Prod - External - Request"><con:settings/><con:config xsi:type="con:RequestStep" xmlns:xsi="http://www.w3.org/2001/XMLSchema-instance"><con:interface>InvoiceServiceHTTPBinding</con:interface><con:operation>markRequest</con:operation><con:request name="testcase5 - Prod - External - Request" id="ce3d45ba-ff42-447c-a208-f2b58f95b061" outgoingWss="Outflow PROD"><con:settings/><con:encoding>UTF-8</con:encoding><con:endpoint>https://fidus.sec.brussels/services/InvoiceService_v1.0</con:endpoint><con:request><![CDATA[<soapenv:Envelope xmlns:soapenv="http://schemas.xmlsoap.org/soap/envelope/" xmlns:v1="http://fidus.brussels/service/invoiceservice/messages/v1" xmlns:v11="http://fidus.brussels/type/common/messages/v1" xmlns:urn="urn:oasis:names:specification:ubl:schema:xsd:CommonAggregateComponents-2" xmlns:urn1="urn:oasis:names:specification:ubl:schema:xsd:CommonBasicComponents-2">
   <soapenv:Header/>
   <soapenv:Body>
      <v1:markRequestRequest>
         <v1:messageContext>
            <v11:messageId>${=import static java.util.UUID.randomUUID; uuid = randomUUID() as String}</v11:messageId>
            <v11:timestamp>${=new java.text.SimpleDateFormat("yyyy-MM-dd'T'HH:mm:ss.SSS").format(new Date())}</v11:timestamp>
         </v1:messageContext>
         <v1:request>
            <urn:SenderParty>
               <urn:PartyIdentification>
                  <urn1:ID schemeID="BE:VAT">1111111111</urn1:ID>
               </urn:PartyIdentification>
            </urn:SenderParty>
            <urn:ReceiverParty>
               <urn:PartyIdentification>
                  <urn1:ID schemeID="BE:VAT">2222222222</urn1:ID>
               </urn:PartyIdentification>
            </urn:ReceiverParty>
            <urn1:ID>1461749877648</urn1:ID>
            <urn1:DocumentTypeCode>380</urn1:DocumentTypeCode>
         </v1:request>
      </v1:markRequestRequest>
   </soapenv:Body>
</soapenv:Envelope>]]></con:request><con:assertion type="SOAP Fault Assertion" id="aa18c8c4-becd-4ccf-8cca-5c2fe7ed4e3a" name="Not SOAP Fault"/><con:assertion type="SOAP Response" id="7942f8d0-eb5a-4bde-8dc8-6dde44b4b146" name="SOAP Response"/><con:assertion type="Schema Compliance" id="695f5dff-2a02-492f-aa7e-c45bdef55830" name="Schema Compliance"><con:configuration/></con:assertion><con:wsaConfig action="http://fidus.brussels/services/invoiceservice/markRequest"/></con:request></con:config></con:testStep><con:testStep type="request" id="57e6957c-f148-4129-9b6c-16c7f38fad52" name="testcase5 - Prod - LB - Request"><con:settings/><con:config xsi:type="con:RequestStep" xmlns:xsi="http://www.w3.org/2001/XMLSchema-instance"><con:interface>InvoiceServiceHTTPBinding</con:interface><con:operation>markRequest</con:operation><con:request name="testcase5 - Prod - LB - Request" id="e2d52251-2d42-4729-9fc3-256303ea84a7" outgoingWss="Outflow PROD"><con:settings/><con:encoding>UTF-8</con:encoding><con:endpoint>https://fidus-esb-sg.prd.srv.cirb.lan:8443/services/InvoiceService_v1.0</con:endpoint><con:request><![CDATA[<soapenv:Envelope xmlns:soapenv="http://schemas.xmlsoap.org/soap/envelope/" xmlns:v1="http://fidus.brussels/service/invoiceservice/messages/v1" xmlns:v11="http://fidus.brussels/type/common/messages/v1" xmlns:urn="urn:oasis:names:specification:ubl:schema:xsd:CommonAggregateComponents-2" xmlns:urn1="urn:oasis:names:specification:ubl:schema:xsd:CommonBasicComponents-2">
   <soapenv:Header/>
   <soapenv:Body>
      <v1:markRequestRequest>
         <v1:messageContext>
            <v11:messageId>${=import static java.util.UUID.randomUUID; uuid = randomUUID() as String}</v11:messageId>
            <v11:timestamp>${=new java.text.SimpleDateFormat("yyyy-MM-dd'T'HH:mm:ss.SSS").format(new Date())}</v11:timestamp>
         </v1:messageContext>
         <v1:request>
            <urn:SenderParty>
               <urn:PartyIdentification>
                  <urn1:ID schemeID="BE:VAT">1111111111</urn1:ID>
               </urn:PartyIdentification>
            </urn:SenderParty>
            <urn:ReceiverParty>
               <urn:PartyIdentification>
                  <urn1:ID schemeID="BE:VAT">2222222222</urn1:ID>
               </urn:PartyIdentification>
            </urn:ReceiverParty>
            <urn1:ID>1461749877648</urn1:ID>
            <urn1:DocumentTypeCode>380</urn1:DocumentTypeCode>
         </v1:request>
      </v1:markRequestRequest>
   </soapenv:Body>
</soapenv:Envelope>]]></con:request><con:assertion type="SOAP Fault Assertion" id="67ea8aa0-0666-4802-83aa-120791d855ca" name="Not SOAP Fault"/><con:assertion type="SOAP Response" id="8372a8a8-ed08-48dc-80d1-c64dece87505" name="SOAP Response"/><con:assertion type="Schema Compliance" id="4359631e-946c-4244-9ccd-23860064b2cf" name="Schema Compliance"><con:configuration/></con:assertion><con:wsaConfig action="http://fidus.brussels/services/invoiceservice/markRequest"/></con:request></con:config></con:testStep><con:testStep type="request" id="4ab61ae4-86ef-46f0-a15d-b9ccf2ee757f" name="testcase5 - Prod - Worker1 - Request"><con:settings/><con:config xsi:type="con:RequestStep" xmlns:xsi="http://www.w3.org/2001/XMLSchema-instance"><con:interface>InvoiceServiceHTTPBinding</con:interface><con:operation>markRequest</con:operation><con:request name="testcase5 - Prod - Worker1 - Request" id="5a4bd235-60bb-486d-8162-7993c186058f" outgoingWss="Outflow PROD"><con:settings/><con:encoding>UTF-8</con:encoding><con:endpoint>https://192.168.26.22:8443/services/InvoiceService_v1.0</con:endpoint><con:request><![CDATA[<soapenv:Envelope xmlns:soapenv="http://schemas.xmlsoap.org/soap/envelope/" xmlns:v1="http://fidus.brussels/service/invoiceservice/messages/v1" xmlns:v11="http://fidus.brussels/type/common/messages/v1" xmlns:urn="urn:oasis:names:specification:ubl:schema:xsd:CommonAggregateComponents-2" xmlns:urn1="urn:oasis:names:specification:ubl:schema:xsd:CommonBasicComponents-2">
   <soapenv:Header/>
   <soapenv:Body>
      <v1:markRequestRequest>
         <v1:messageContext>
            <v11:messageId>${=import static java.util.UUID.randomUUID; uuid = randomUUID() as String}</v11:messageId>
            <v11:timestamp>${=new java.text.SimpleDateFormat("yyyy-MM-dd'T'HH:mm:ss.SSS").format(new Date())}</v11:timestamp>
         </v1:messageContext>
         <v1:request>
            <urn:SenderParty>
               <urn:PartyIdentification>
                  <urn1:ID schemeID="BE:VAT">1111111111</urn1:ID>
               </urn:PartyIdentification>
            </urn:SenderParty>
            <urn:ReceiverParty>
               <urn:PartyIdentification>
                  <urn1:ID schemeID="BE:VAT">2222222222</urn1:ID>
               </urn:PartyIdentification>
            </urn:ReceiverParty>
            <urn1:ID>1461749877648</urn1:ID>
            <urn1:DocumentTypeCode>380</urn1:DocumentTypeCode>
         </v1:request>
      </v1:markRequestRequest>
   </soapenv:Body>
</soapenv:Envelope>]]></con:request><con:assertion type="SOAP Fault Assertion" id="2353dabe-a84d-4071-9923-964e62500d38" name="Not SOAP Fault"/><con:assertion type="SOAP Response" id="103c3a48-5dc0-4f81-bd81-89b8b0416dbb" name="SOAP Response"/><con:assertion type="Schema Compliance" id="df6cfb85-ee11-4551-9dea-2e8009017998" name="Schema Compliance"><con:configuration/></con:assertion><con:wsaConfig action="http://fidus.brussels/services/invoiceservice/markRequest"/></con:request></con:config></con:testStep><con:testStep type="request" id="9db4ed44-9169-4c7d-a475-543b4b01917b" name="testcase5 - Prod - Worker2 - Request"><con:settings/><con:config xsi:type="con:RequestStep" xmlns:xsi="http://www.w3.org/2001/XMLSchema-instance"><con:interface>InvoiceServiceHTTPBinding</con:interface><con:operation>markRequest</con:operation><con:request name="testcase5 - Prod - Worker2 - Request" id="94cd43ae-7dbe-4ffe-b0a6-d64c86ac6ff5" outgoingWss="Outflow PROD"><con:settings/><con:encoding>UTF-8</con:encoding><con:endpoint>https://192.168.26.19:8443/services/InvoiceService_v1.0</con:endpoint><con:request><![CDATA[<soapenv:Envelope xmlns:soapenv="http://schemas.xmlsoap.org/soap/envelope/" xmlns:v1="http://fidus.brussels/service/invoiceservice/messages/v1" xmlns:v11="http://fidus.brussels/type/common/messages/v1" xmlns:urn="urn:oasis:names:specification:ubl:schema:xsd:CommonAggregateComponents-2" xmlns:urn1="urn:oasis:names:specification:ubl:schema:xsd:CommonBasicComponents-2">
   <soapenv:Header/>
   <soapenv:Body>
      <v1:markRequestRequest>
         <v1:messageContext>
            <v11:messageId>${=import static java.util.UUID.randomUUID; uuid = randomUUID() as String}</v11:messageId>
            <v11:timestamp>${=new java.text.SimpleDateFormat("yyyy-MM-dd'T'HH:mm:ss.SSS").format(new Date())}</v11:timestamp>
         </v1:messageContext>
         <v1:request>
            <urn:SenderParty>
               <urn:PartyIdentification>
                  <urn1:ID schemeID="BE:VAT">1111111111</urn1:ID>
               </urn:PartyIdentification>
            </urn:SenderParty>
            <urn:ReceiverParty>
               <urn:PartyIdentification>
                  <urn1:ID schemeID="BE:VAT">2222222222</urn1:ID>
               </urn:PartyIdentification>
            </urn:ReceiverParty>
            <urn1:ID>1461749877648</urn1:ID>
            <urn1:DocumentTypeCode>380</urn1:DocumentTypeCode>
         </v1:request>
      </v1:markRequestRequest>
   </soapenv:Body>
</soapenv:Envelope>]]></con:request><con:assertion type="SOAP Fault Assertion" id="eb198353-fc22-4c67-921a-076cf1d3a683" name="Not SOAP Fault"/><con:assertion type="SOAP Response" id="d9f0fd7b-f6f6-4f35-a378-fd8cd636109f" name="SOAP Response"/><con:assertion type="Schema Compliance" id="82d6e55e-f20b-4b25-ba3c-b3889e092cf1" name="Schema Compliance"><con:configuration/></con:assertion><con:wsaConfig action="http://fidus.brussels/services/invoiceservice/markRequest"/></con:request></con:config></con:testStep><con:properties/></con:testCase><con:testCase id="097fc0f0-ecc3-4810-a38c-c868fe7e1dee" failOnError="true" failTestCaseOnErrors="true" keepSession="false" maxResults="0" name="retrieveRequest" searchProperties="true"><con:settings/><con:testStep type="request" id="8600b304-f60c-491d-b64b-07236047a5f0" name="testcase5 - Prod - External - Request"><con:settings/><con:config xsi:type="con:RequestStep" xmlns:xsi="http://www.w3.org/2001/XMLSchema-instance"><con:interface>InvoiceServiceHTTPBinding</con:interface><con:operation>retrieveRequest</con:operation><con:request name="testcase5 - Prod - External - Request" id="7ced7eca-39c3-411a-b765-903c25026516" outgoingWss="Outflow PROD"><con:settings/><con:encoding>UTF-8</con:encoding><con:endpoint>https://fidus.sec.brussels/services/InvoiceService_v1.0</con:endpoint><con:request><![CDATA[<soapenv:Envelope xmlns:soapenv="http://schemas.xmlsoap.org/soap/envelope/" xmlns:v1="http://fidus.brussels/service/invoiceservice/messages/v1" xmlns:v11="http://fidus.brussels/type/common/messages/v1" xmlns:urn="urn:oasis:names:specification:ubl:schema:xsd:CommonAggregateComponents-2" xmlns:urn1="urn:oasis:names:specification:ubl:schema:xsd:CommonBasicComponents-2">
   <soapenv:Header/>
   <soapenv:Body>
      <v1:retrieveRequestRequest>
         <v1:messageContext>
            <v11:messageId>${=import static java.util.UUID.randomUUID; uuid = randomUUID() as String}</v11:messageId>
            <v11:timestamp>${=new java.text.SimpleDateFormat("yyyy-MM-dd'T'HH:mm:ss.SSS").format(new Date())}</v11:timestamp>
         </v1:messageContext>
         <v1:request>
            <urn:SenderParty>
               <urn:PartyIdentification>
                  <urn1:ID schemeID="BE:VAT">1111111111</urn1:ID>
               </urn:PartyIdentification>
            </urn:SenderParty>
            <urn:ReceiverParty>
               <urn:PartyIdentification>
                  <urn1:ID schemeID="BE:VAT">2222222222</urn1:ID>
               </urn:PartyIdentification>
            </urn:ReceiverParty>
            <urn1:ID>1461749877648</urn1:ID>
            <urn1:DocumentTypeCode>380</urn1:DocumentTypeCode>
         </v1:request>
      </v1:retrieveRequestRequest>
   </soapenv:Body>
</soapenv:Envelope>]]></con:request><con:assertion type="SOAP Fault Assertion" id="5c1885af-427d-4595-95a7-e744c2d647db" name="Not SOAP Fault"/><con:assertion type="SOAP Response" id="c7e97260-1a70-499f-a8d7-38da82b307ab" name="SOAP Response"/><con:assertion type="Schema Compliance" id="e3aa94f1-9552-4d2d-8359-71a847c141a0" name="Schema Compliance"><con:configuration/></con:assertion><con:wsaConfig action="http://fidus.brussels/services/invoiceservice/retrieveRequest"/></con:request></con:config></con:testStep><con:testStep type="request" id="4af7c385-a90a-40df-ba1b-89c24b213d8a" name="testcase5 - Prod - LB - Request"><con:settings/><con:config xsi:type="con:RequestStep" xmlns:xsi="http://www.w3.org/2001/XMLSchema-instance"><con:interface>InvoiceServiceHTTPBinding</con:interface><con:operation>retrieveRequest</con:operation><con:request name="testcase5 - Prod - LB - Request" id="3f97e05a-445f-4470-bada-2645e9d882d1" outgoingWss="Outflow PROD"><con:settings/><con:encoding>UTF-8</con:encoding><con:endpoint>https://fidus-esb-sg.prd.srv.cirb.lan:8443/services/InvoiceService_v1.0</con:endpoint><con:request><![CDATA[<soapenv:Envelope xmlns:soapenv="http://schemas.xmlsoap.org/soap/envelope/" xmlns:v1="http://fidus.brussels/service/invoiceservice/messages/v1" xmlns:v11="http://fidus.brussels/type/common/messages/v1" xmlns:urn="urn:oasis:names:specification:ubl:schema:xsd:CommonAggregateComponents-2" xmlns:urn1="urn:oasis:names:specification:ubl:schema:xsd:CommonBasicComponents-2">
   <soapenv:Header/>
   <soapenv:Body>
      <v1:retrieveRequestRequest>
         <v1:messageContext>
            <v11:messageId>${=import static java.util.UUID.randomUUID; uuid = randomUUID() as String}</v11:messageId>
            <v11:timestamp>${=new java.text.SimpleDateFormat("yyyy-MM-dd'T'HH:mm:ss.SSS").format(new Date())}</v11:timestamp>
         </v1:messageContext>
         <v1:request>
            <urn:SenderParty>
               <urn:PartyIdentification>
                  <urn1:ID schemeID="BE:VAT">1111111111</urn1:ID>
               </urn:PartyIdentification>
            </urn:SenderParty>
            <urn:ReceiverParty>
               <urn:PartyIdentification>
                  <urn1:ID schemeID="BE:VAT">2222222222</urn1:ID>
               </urn:PartyIdentification>
            </urn:ReceiverParty>
            <urn1:ID>1461749877648</urn1:ID>
            <urn1:DocumentTypeCode>380</urn1:DocumentTypeCode>
         </v1:request>
      </v1:retrieveRequestRequest>
   </soapenv:Body>
</soapenv:Envelope>]]></con:request><con:assertion type="SOAP Fault Assertion" id="abe227b6-5ec5-446b-9533-3db0c49c0f30" name="Not SOAP Fault"/><con:assertion type="SOAP Response" id="601cadd7-cdbe-4206-8e03-f62a654e8b29" name="SOAP Response"/><con:assertion type="Schema Compliance" id="51fe5804-3205-4713-b8f0-8e32c9a29f2b" name="Schema Compliance"><con:configuration/></con:assertion><con:wsaConfig action="http://fidus.brussels/services/invoiceservice/retrieveRequest"/></con:request></con:config></con:testStep><con:testStep type="request" id="d2cb32c2-d71c-46ec-9a25-a578ccfba521" name="testcase5 - Prod - Worker1 - Request"><con:settings/><con:config xsi:type="con:RequestStep" xmlns:xsi="http://www.w3.org/2001/XMLSchema-instance"><con:interface>InvoiceServiceHTTPBinding</con:interface><con:operation>retrieveRequest</con:operation><con:request name="testcase5 - Prod - Worker1 - Request" id="0b2f3039-2c7a-4b37-8bdb-a4663725f34e" outgoingWss="Outflow PROD"><con:settings/><con:encoding>UTF-8</con:encoding><con:endpoint>https://192.168.26.22:8443/services/InvoiceService_v1.0</con:endpoint><con:request><![CDATA[<soapenv:Envelope xmlns:soapenv="http://schemas.xmlsoap.org/soap/envelope/" xmlns:v1="http://fidus.brussels/service/invoiceservice/messages/v1" xmlns:v11="http://fidus.brussels/type/common/messages/v1" xmlns:urn="urn:oasis:names:specification:ubl:schema:xsd:CommonAggregateComponents-2" xmlns:urn1="urn:oasis:names:specification:ubl:schema:xsd:CommonBasicComponents-2">
   <soapenv:Header/>
   <soapenv:Body>
      <v1:retrieveRequestRequest>
         <v1:messageContext>
            <v11:messageId>${=import static java.util.UUID.randomUUID; uuid = randomUUID() as String}</v11:messageId>
            <v11:timestamp>${=new java.text.SimpleDateFormat("yyyy-MM-dd'T'HH:mm:ss.SSS").format(new Date())}</v11:timestamp>
         </v1:messageContext>
         <v1:request>
            <urn:SenderParty>
               <urn:PartyIdentification>
                  <urn1:ID schemeID="BE:VAT">1111111111</urn1:ID>
               </urn:PartyIdentification>
            </urn:SenderParty>
            <urn:ReceiverParty>
               <urn:PartyIdentification>
                  <urn1:ID schemeID="BE:VAT">2222222222</urn1:ID>
               </urn:PartyIdentification>
            </urn:ReceiverParty>
            <urn1:ID>1461749877648</urn1:ID>
            <urn1:DocumentTypeCode>380</urn1:DocumentTypeCode>
         </v1:request>
      </v1:retrieveRequestRequest>
   </soapenv:Body>
</soapenv:Envelope>]]></con:request><con:assertion type="SOAP Fault Assertion" id="880c5ecd-f687-4da6-96c3-0201127f4d0a" name="Not SOAP Fault"/><con:assertion type="SOAP Response" id="a31dc809-d3d0-4085-bf65-38cd3c0a70f1" name="SOAP Response"/><con:assertion type="Schema Compliance" id="ef0642f6-001b-4e87-a567-ab3507f97300" name="Schema Compliance"><con:configuration/></con:assertion><con:wsaConfig action="http://fidus.brussels/services/invoiceservice/retrieveRequest"/></con:request></con:config></con:testStep><con:testStep type="request" id="79a4cf48-dbbd-4373-ad56-095df7f39938" name="testcase5 - Prod - Worker2 - Request"><con:settings/><con:config xsi:type="con:RequestStep" xmlns:xsi="http://www.w3.org/2001/XMLSchema-instance"><con:interface>InvoiceServiceHTTPBinding</con:interface><con:operation>retrieveRequest</con:operation><con:request name="testcase5 - Prod - Worker2 - Request" id="4f5bc637-874e-4887-a388-f0151802e164" outgoingWss="Outflow PROD"><con:settings/><con:encoding>UTF-8</con:encoding><con:endpoint>https://192.168.26.19:8443/services/InvoiceService_v1.0</con:endpoint><con:request><![CDATA[<soapenv:Envelope xmlns:soapenv="http://schemas.xmlsoap.org/soap/envelope/" xmlns:v1="http://fidus.brussels/service/invoiceservice/messages/v1" xmlns:v11="http://fidus.brussels/type/common/messages/v1" xmlns:urn="urn:oasis:names:specification:ubl:schema:xsd:CommonAggregateComponents-2" xmlns:urn1="urn:oasis:names:specification:ubl:schema:xsd:CommonBasicComponents-2">
   <soapenv:Header/>
   <soapenv:Body>
      <v1:retrieveRequestRequest>
         <v1:messageContext>
            <v11:messageId>${=import static java.util.UUID.randomUUID; uuid = randomUUID() as String}</v11:messageId>
            <v11:timestamp>${=new java.text.SimpleDateFormat("yyyy-MM-dd'T'HH:mm:ss.SSS").format(new Date())}</v11:timestamp>
         </v1:messageContext>
         <v1:request>
            <urn:SenderParty>
               <urn:PartyIdentification>
                  <urn1:ID schemeID="BE:VAT">1111111111</urn1:ID>
               </urn:PartyIdentification>
            </urn:SenderParty>
            <urn:ReceiverParty>
               <urn:PartyIdentification>
                  <urn1:ID schemeID="BE:VAT">2222222222</urn1:ID>
               </urn:PartyIdentification>
            </urn:ReceiverParty>
            <urn1:ID>1461749877648</urn1:ID>
            <urn1:DocumentTypeCode>380</urn1:DocumentTypeCode>
         </v1:request>
      </v1:retrieveRequestRequest>
   </soapenv:Body>
</soapenv:Envelope>]]></con:request><con:assertion type="SOAP Fault Assertion" id="eb581721-c6b3-4dc0-bbb9-630dd07efd35" name="Not SOAP Fault"/><con:assertion type="SOAP Response" id="abab3f5a-8007-4dff-85f3-05d434d0e7b7" name="SOAP Response"/><con:assertion type="Schema Compliance" id="589d05dd-895f-425f-bf84-b81f45967b10" name="Schema Compliance"><con:configuration/></con:assertion><con:wsaConfig action="http://fidus.brussels/services/invoiceservice/retrieveRequest"/></con:request></con:config></con:testStep><con:properties/></con:testCase><con:testCase id="d74d64df-867d-4d7b-9506-0d098de6007c" failOnError="true" failTestCaseOnErrors="true" keepSession="false" maxResults="0" name="submitApplicationResponse" searchProperties="true"><con:settings/><con:testStep type="request" id="80b7e3e0-a244-4d04-b537-13eea6347bb0" name="testcase5 - Prod - External - Request"><con:settings/><con:config xsi:type="con:RequestStep" xmlns:xsi="http://www.w3.org/2001/XMLSchema-instance"><con:interface>InvoiceServiceHTTPBinding</con:interface><con:operation>submitApplicationResponse</con:operation><con:request name="testcase5 - Prod - External - Request" id="07a1152b-0402-4c6a-87be-488b4c302473" outgoingWss="Outflow PROD"><con:settings/><con:encoding>UTF-8</con:encoding><con:endpoint>https://fidus.sec.brussels/services/InvoiceService_v1.0</con:endpoint><con:request><![CDATA[<soapenv:Envelope xmlns:soapenv="http://schemas.xmlsoap.org/soap/envelope/" xmlns:v1="http://fidus.brussels/service/invoiceservice/messages/v1" xmlns:v11="http://fidus.brussels/type/common/messages/v1" xmlns:urn="urn:oasis:names:specification:ubl:schema:xsd:ApplicationResponse-2" xmlns:urn1="urn:oasis:names:specification:ubl:schema:xsd:CommonExtensionComponents-2" xmlns:urn2="urn:oasis:names:specification:ubl:schema:xsd:CommonBasicComponents-2" xmlns:urn3="urn:oasis:names:specification:ubl:schema:xsd:CommonAggregateComponents-2">
   <soapenv:Header/>
   <soapenv:Body>
      <v1:submitApplicationResponseRequest>
         <v1:messageContext>
            <v11:messageId>${=import static java.util.UUID.randomUUID; uuid = randomUUID() as String}</v11:messageId>
            <v11:timestamp>${=new java.text.SimpleDateFormat("yyyy-MM-dd'T'HH:mm:ss.SSS").format(new Date())}</v11:timestamp>
         </v1:messageContext>
         <v1:request>
            <urn:ApplicationResponse>
               <urn2:ID>someBackofficeAssignedID</urn2:ID>
               <urn2:IssueDate>2013-01-28</urn2:IssueDate>
               <urn3:SenderParty>
                  <urn3:PartyIdentification>
                     <urn2:ID schemeID="BE:VAT">1111111111</urn2:ID>
                  </urn3:PartyIdentification>
               </urn3:SenderParty>
               <urn3:ReceiverParty>
                  <urn3:PartyIdentification>
                     <urn2:ID schemeID="BE:VAT">2222222222</urn2:ID>
                  </urn3:PartyIdentification>
               </urn3:ReceiverParty>
               <urn3:DocumentResponse>
                  <urn3:Response>
                     <urn2:ReferenceID>someBackofficeAssignedID</urn2:ReferenceID>
                     <urn2:ResponseCode>380:1</urn2:ResponseCode>
                  </urn3:Response>
                  <urn3:DocumentReference>
                     <urn2:ID>1461749877648</urn2:ID>
                     <urn2:DocumentTypeCode>380</urn2:DocumentTypeCode>
                  </urn3:DocumentReference>
               </urn3:DocumentResponse>
            </urn:ApplicationResponse>
         </v1:request>
      </v1:submitApplicationResponseRequest>
   </soapenv:Body>
</soapenv:Envelope>]]></con:request><con:assertion type="SOAP Fault Assertion" id="43bf77e3-5891-4cab-a8c2-f71cc05a6baa" name="Not SOAP Fault"/><con:assertion type="SOAP Response" id="710c82dc-9f93-473d-8b5a-9c6d0a7eda2b" name="SOAP Response"/><con:assertion type="Schema Compliance" id="7253a2d7-20c9-4134-a6b0-f0a95a42de52" name="Schema Compliance"><con:configuration/></con:assertion><con:wsaConfig action="http://fidus.brussels/services/invoiceservice/submitApplicationResponse"/></con:request></con:config></con:testStep><con:testStep type="request" id="41a55bbc-1c96-4321-9b4a-7e7d4fb27bd9" name="testcase5 - Prod - LB - Request"><con:settings/><con:config xsi:type="con:RequestStep" xmlns:xsi="http://www.w3.org/2001/XMLSchema-instance"><con:interface>InvoiceServiceHTTPBinding</con:interface><con:operation>submitApplicationResponse</con:operation><con:request name="testcase5 - Prod - LB - Request" id="76b2de8f-ebba-4a55-a588-73f76facd3d7" outgoingWss="Outflow PROD"><con:settings/><con:encoding>UTF-8</con:encoding><con:endpoint>https://fidus-esb-sg.prd.srv.cirb.lan:8443/services/InvoiceService_v1.0</con:endpoint><con:request><![CDATA[<soapenv:Envelope xmlns:soapenv="http://schemas.xmlsoap.org/soap/envelope/" xmlns:v1="http://fidus.brussels/service/invoiceservice/messages/v1" xmlns:v11="http://fidus.brussels/type/common/messages/v1" xmlns:urn="urn:oasis:names:specification:ubl:schema:xsd:ApplicationResponse-2" xmlns:urn1="urn:oasis:names:specification:ubl:schema:xsd:CommonExtensionComponents-2" xmlns:urn2="urn:oasis:names:specification:ubl:schema:xsd:CommonBasicComponents-2" xmlns:urn3="urn:oasis:names:specification:ubl:schema:xsd:CommonAggregateComponents-2">
   <soapenv:Header/>
   <soapenv:Body>
      <v1:submitApplicationResponseRequest>
         <v1:messageContext>
            <v11:messageId>${=import static java.util.UUID.randomUUID; uuid = randomUUID() as String}</v11:messageId>
            <v11:timestamp>${=new java.text.SimpleDateFormat("yyyy-MM-dd'T'HH:mm:ss.SSS").format(new Date())}</v11:timestamp>
         </v1:messageContext>
         <v1:request>
            <urn:ApplicationResponse>
               <urn2:ID>someBackofficeAssignedID</urn2:ID>
               <urn2:IssueDate>2013-01-28</urn2:IssueDate>
               <urn3:SenderParty>
                  <urn3:PartyIdentification>
                     <urn2:ID schemeID="BE:VAT">1111111111</urn2:ID>
                  </urn3:PartyIdentification>
               </urn3:SenderParty>
               <urn3:ReceiverParty>
                  <urn3:PartyIdentification>
                     <urn2:ID schemeID="BE:VAT">2222222222</urn2:ID>
                  </urn3:PartyIdentification>
               </urn3:ReceiverParty>
               <urn3:DocumentResponse>
                  <urn3:Response>
                     <urn2:ReferenceID>someBackofficeAssignedID</urn2:ReferenceID>
                     <urn2:ResponseCode>380:1</urn2:ResponseCode>
                  </urn3:Response>
                  <urn3:DocumentReference>
                     <urn2:ID>1461749877648</urn2:ID>
                     <urn2:DocumentTypeCode>380</urn2:DocumentTypeCode>
                  </urn3:DocumentReference>
               </urn3:DocumentResponse>
            </urn:ApplicationResponse>
         </v1:request>
      </v1:submitApplicationResponseRequest>
   </soapenv:Body>
</soapenv:Envelope>]]></con:request><con:assertion type="SOAP Fault Assertion" id="b8cd05af-23f8-4ebc-af53-e342b826d75b" name="Not SOAP Fault"/><con:assertion type="SOAP Response" id="7abc1dd3-7295-4f2c-a83a-69287bad2bb1" name="SOAP Response"/><con:assertion type="Schema Compliance" id="53e4ea9c-f6f2-42a2-bfea-fd52f17fc09c" name="Schema Compliance"><con:configuration/></con:assertion><con:wsaConfig action="http://fidus.brussels/services/invoiceservice/submitApplicationResponse"/></con:request></con:config></con:testStep><con:testStep type="request" id="19f5ab19-f2a0-4cb4-9166-f43f01208d18" name="testcase5 - Prod - Worker1 - Request"><con:settings/><con:config xsi:type="con:RequestStep" xmlns:xsi="http://www.w3.org/2001/XMLSchema-instance"><con:interface>InvoiceServiceHTTPBinding</con:interface><con:operation>submitApplicationResponse</con:operation><con:request name="testcase5 - Prod - Worker1 - Request" id="890719f2-0df0-4762-bcac-46229897215b" outgoingWss="Outflow PROD"><con:settings/><con:encoding>UTF-8</con:encoding><con:endpoint>https://192.168.26.22:8443/services/InvoiceService_v1.0</con:endpoint><con:request><![CDATA[<soapenv:Envelope xmlns:soapenv="http://schemas.xmlsoap.org/soap/envelope/" xmlns:v1="http://fidus.brussels/service/invoiceservice/messages/v1" xmlns:v11="http://fidus.brussels/type/common/messages/v1" xmlns:urn="urn:oasis:names:specification:ubl:schema:xsd:ApplicationResponse-2" xmlns:urn1="urn:oasis:names:specification:ubl:schema:xsd:CommonExtensionComponents-2" xmlns:urn2="urn:oasis:names:specification:ubl:schema:xsd:CommonBasicComponents-2" xmlns:urn3="urn:oasis:names:specification:ubl:schema:xsd:CommonAggregateComponents-2">
   <soapenv:Header/>
   <soapenv:Body>
      <v1:submitApplicationResponseRequest>
         <v1:messageContext>
            <v11:messageId>${=import static java.util.UUID.randomUUID; uuid = randomUUID() as String}</v11:messageId>
            <v11:timestamp>${=new java.text.SimpleDateFormat("yyyy-MM-dd'T'HH:mm:ss.SSS").format(new Date())}</v11:timestamp>
         </v1:messageContext>
         <v1:request>
            <urn:ApplicationResponse>
               <urn2:ID>someBackofficeAssignedID</urn2:ID>
               <urn2:IssueDate>2013-01-28</urn2:IssueDate>
               <urn3:SenderParty>
                  <urn3:PartyIdentification>
                     <urn2:ID schemeID="BE:VAT">1111111111</urn2:ID>
                  </urn3:PartyIdentification>
               </urn3:SenderParty>
               <urn3:ReceiverParty>
                  <urn3:PartyIdentification>
                     <urn2:ID schemeID="BE:VAT">2222222222</urn2:ID>
                  </urn3:PartyIdentification>
               </urn3:ReceiverParty>
               <urn3:DocumentResponse>
                  <urn3:Response>
                     <urn2:ReferenceID>someBackofficeAssignedID</urn2:ReferenceID>
                     <urn2:ResponseCode>380:1</urn2:ResponseCode>
                  </urn3:Response>
                  <urn3:DocumentReference>
                     <urn2:ID>1461749877648</urn2:ID>
                     <urn2:DocumentTypeCode>380</urn2:DocumentTypeCode>
                  </urn3:DocumentReference>
               </urn3:DocumentResponse>
            </urn:ApplicationResponse>
         </v1:request>
      </v1:submitApplicationResponseRequest>
   </soapenv:Body>
</soapenv:Envelope>]]></con:request><con:assertion type="SOAP Fault Assertion" id="3e3416c9-8af6-4cb6-b0aa-b28b64412c62" name="Not SOAP Fault"/><con:assertion type="SOAP Response" id="6d3e6b23-93ba-49d9-9b5a-b601b9a04512" name="SOAP Response"/><con:assertion type="Schema Compliance" id="cb5f32f3-cbc5-4609-bb6f-d548c99ea110" name="Schema Compliance"><con:configuration/></con:assertion><con:wsaConfig action="http://fidus.brussels/services/invoiceservice/submitApplicationResponse"/></con:request></con:config></con:testStep><con:testStep type="request" id="efbc0da5-d42e-4a0b-86a6-25d6cc57eacd" name="testcase5 - Prod - Worker2 - Request"><con:settings/><con:config xsi:type="con:RequestStep" xmlns:xsi="http://www.w3.org/2001/XMLSchema-instance"><con:interface>InvoiceServiceHTTPBinding</con:interface><con:operation>submitApplicationResponse</con:operation><con:request name="testcase5 - Prod - Worker2 - Request" id="c5e3cba5-167b-4e36-a979-3ca4567c3ab5" outgoingWss="Outflow PROD"><con:settings/><con:encoding>UTF-8</con:encoding><con:endpoint>https://192.168.26.19:8443/services/InvoiceService_v1.0</con:endpoint><con:request><![CDATA[<soapenv:Envelope xmlns:soapenv="http://schemas.xmlsoap.org/soap/envelope/" xmlns:v1="http://fidus.brussels/service/invoiceservice/messages/v1" xmlns:v11="http://fidus.brussels/type/common/messages/v1" xmlns:urn="urn:oasis:names:specification:ubl:schema:xsd:ApplicationResponse-2" xmlns:urn1="urn:oasis:names:specification:ubl:schema:xsd:CommonExtensionComponents-2" xmlns:urn2="urn:oasis:names:specification:ubl:schema:xsd:CommonBasicComponents-2" xmlns:urn3="urn:oasis:names:specification:ubl:schema:xsd:CommonAggregateComponents-2">
   <soapenv:Header/>
   <soapenv:Body>
      <v1:submitApplicationResponseRequest>
         <v1:messageContext>
            <v11:messageId>${=import static java.util.UUID.randomUUID; uuid = randomUUID() as String}</v11:messageId>
            <v11:timestamp>${=new java.text.SimpleDateFormat("yyyy-MM-dd'T'HH:mm:ss.SSS").format(new Date())}</v11:timestamp>
         </v1:messageContext>
         <v1:request>
            <urn:ApplicationResponse>
               <urn2:ID>someBackofficeAssignedID</urn2:ID>
               <urn2:IssueDate>2013-01-28</urn2:IssueDate>
               <urn3:SenderParty>
                  <urn3:PartyIdentification>
                     <urn2:ID schemeID="BE:VAT">1111111111</urn2:ID>
                  </urn3:PartyIdentification>
               </urn3:SenderParty>
               <urn3:ReceiverParty>
                  <urn3:PartyIdentification>
                     <urn2:ID schemeID="BE:VAT">2222222222</urn2:ID>
                  </urn3:PartyIdentification>
               </urn3:ReceiverParty>
               <urn3:DocumentResponse>
                  <urn3:Response>
                     <urn2:ReferenceID>someBackofficeAssignedID</urn2:ReferenceID>
                     <urn2:ResponseCode>380:1</urn2:ResponseCode>
                  </urn3:Response>
                  <urn3:DocumentReference>
                     <urn2:ID>1461749877648</urn2:ID>
                     <urn2:DocumentTypeCode>380</urn2:DocumentTypeCode>
                  </urn3:DocumentReference>
               </urn3:DocumentResponse>
            </urn:ApplicationResponse>
         </v1:request>
      </v1:submitApplicationResponseRequest>
   </soapenv:Body>
</soapenv:Envelope>]]></con:request><con:assertion type="SOAP Fault Assertion" id="f6c15ebe-7fa8-45ec-a421-fda34803427e" name="Not SOAP Fault"/><con:assertion type="SOAP Response" id="fb9a61ba-ad12-40b5-b080-9e30eafa4d89" name="SOAP Response"/><con:assertion type="Schema Compliance" id="2a5114e5-d6cd-45bc-ab3b-d491dca4f608" name="Schema Compliance"><con:configuration/></con:assertion><con:wsaConfig action="http://fidus.brussels/services/invoiceservice/submitApplicationResponse"/></con:request></con:config></con:testStep><con:properties/></con:testCase><con:testCase id="e679bdd1-9fc7-470e-a27f-a691a94152df" failOnError="true" failTestCaseOnErrors="true" keepSession="false" maxResults="0" name="submitInboxRequest" searchProperties="true"><con:settings/><con:testStep type="request" id="662be79b-1ef8-4fa6-b660-160e1dcbc5b8" name="testcase5 - Prod - External - Request"><con:settings/><con:config xsi:type="con:RequestStep" xmlns:xsi="http://www.w3.org/2001/XMLSchema-instance"><con:interface>InvoiceServiceHTTPBinding</con:interface><con:operation>submitInboxRequest</con:operation><con:request name="testcase5 - Prod - External - Request" id="30dbb018-2c0f-41cd-91d1-0d169c7f40a3" outgoingWss="Outflow PROD"><con:settings/><con:encoding>UTF-8</con:encoding><con:endpoint>https://fidus.sec.brussels/services/InvoiceService_v1.0</con:endpoint><con:request><![CDATA[<soapenv:Envelope xmlns:soapenv="http://schemas.xmlsoap.org/soap/envelope/" xmlns:v1="http://fidus.brussels/service/invoiceservice/messages/v1" xmlns:v11="http://fidus.brussels/type/common/messages/v1" xmlns:urn="urn:oasis:names:specification:ubl:schema:xsd:CommonAggregateComponents-2" xmlns:urn1="urn:oasis:names:specification:ubl:schema:xsd:CommonBasicComponents-2">
   <soapenv:Header/>
   <soapenv:Body>
      <v1:submitInboxRequestRequest>
         <v1:messageContext>
            <v11:messageId>${=import static java.util.UUID.randomUUID; uuid = randomUUID() as String}</v11:messageId>
            <v11:timestamp>${=new java.text.SimpleDateFormat("yyyy-MM-dd'T'HH:mm:ss.SSS").format(new Date())}</v11:timestamp>
         </v1:messageContext>
         <v1:request>
            <urn:ReceiverParty>
               <urn:PartyIdentification>
                  <urn1:ID schemeID="BE:VAT">2222222222</urn1:ID>
               </urn:PartyIdentification>
            </urn:ReceiverParty>
         </v1:request>
      </v1:submitInboxRequestRequest>
   </soapenv:Body>
</soapenv:Envelope>]]></con:request><con:assertion type="SOAP Fault Assertion" id="853a8ef5-c6a0-4d1d-b638-841211c6b451" name="Not SOAP Fault"/><con:assertion type="SOAP Response" id="ecfcc4ec-eaf3-4d16-8694-5a64eeed441d" name="SOAP Response"/><con:assertion type="Schema Compliance" id="5201f056-8d0c-4beb-9158-71a85489bc73" name="Schema Compliance"><con:configuration/></con:assertion><con:wsaConfig action="http://fidus.brussels/services/invoiceservice/submitInboxRequest"/></con:request></con:config></con:testStep><con:testStep type="request" id="eab4e18a-1275-4b3f-9ff1-5a5cb1110a45" name="testcase5 - Prod - LB - Request"><con:settings/><con:config xsi:type="con:RequestStep" xmlns:xsi="http://www.w3.org/2001/XMLSchema-instance"><con:interface>InvoiceServiceHTTPBinding</con:interface><con:operation>submitInboxRequest</con:operation><con:request name="testcase5 - Prod - LB - Request" id="0eb82b89-1f8e-4fa6-81e4-52878b2fd61c" outgoingWss="Outflow PROD"><con:settings/><con:encoding>UTF-8</con:encoding><con:endpoint>https://fidus-esb-sg.prd.srv.cirb.lan:8443/services/InvoiceService_v1.0</con:endpoint><con:request><![CDATA[<soapenv:Envelope xmlns:soapenv="http://schemas.xmlsoap.org/soap/envelope/" xmlns:v1="http://fidus.brussels/service/invoiceservice/messages/v1" xmlns:v11="http://fidus.brussels/type/common/messages/v1" xmlns:urn="urn:oasis:names:specification:ubl:schema:xsd:CommonAggregateComponents-2" xmlns:urn1="urn:oasis:names:specification:ubl:schema:xsd:CommonBasicComponents-2">
   <soapenv:Header/>
   <soapenv:Body>
      <v1:submitInboxRequestRequest>
         <v1:messageContext>
            <v11:messageId>${=import static java.util.UUID.randomUUID; uuid = randomUUID() as String}</v11:messageId>
            <v11:timestamp>${=new java.text.SimpleDateFormat("yyyy-MM-dd'T'HH:mm:ss.SSS").format(new Date())}</v11:timestamp>
         </v1:messageContext>
         <v1:request>
            <urn:ReceiverParty>
               <urn:PartyIdentification>
                  <urn1:ID schemeID="BE:VAT">2222222222</urn1:ID>
               </urn:PartyIdentification>
            </urn:ReceiverParty>
         </v1:request>
      </v1:submitInboxRequestRequest>
   </soapenv:Body>
</soapenv:Envelope>]]></con:request><con:assertion type="SOAP Fault Assertion" id="870d58b7-13ea-41c5-97d5-ebee16e05786" name="Not SOAP Fault"/><con:assertion type="SOAP Response" id="1db89225-cf46-413f-af16-cbf3d0aea83c" name="SOAP Response"/><con:assertion type="Schema Compliance" id="05834781-c0ae-442f-a201-28f279e2559e" name="Schema Compliance"><con:configuration/></con:assertion><con:wsaConfig action="http://fidus.brussels/services/invoiceservice/submitInboxRequest"/></con:request></con:config></con:testStep><con:testStep type="request" id="1162d6ff-353f-47d8-b6e1-5416e4301e12" name="testcase5 - Prod - Worker1 - Request"><con:settings/><con:config xsi:type="con:RequestStep" xmlns:xsi="http://www.w3.org/2001/XMLSchema-instance"><con:interface>InvoiceServiceHTTPBinding</con:interface><con:operation>submitInboxRequest</con:operation><con:request name="testcase5 - Prod - Worker1 - Request" id="c5ddeb58-93cd-4f9b-a2fa-795fe5f6ff39" outgoingWss="Outflow PROD"><con:settings/><con:encoding>UTF-8</con:encoding><con:endpoint>https://192.168.26.22:8443/services/InvoiceService_v1.0</con:endpoint><con:request><![CDATA[<soapenv:Envelope xmlns:soapenv="http://schemas.xmlsoap.org/soap/envelope/" xmlns:v1="http://fidus.brussels/service/invoiceservice/messages/v1" xmlns:v11="http://fidus.brussels/type/common/messages/v1" xmlns:urn="urn:oasis:names:specification:ubl:schema:xsd:CommonAggregateComponents-2" xmlns:urn1="urn:oasis:names:specification:ubl:schema:xsd:CommonBasicComponents-2">
   <soapenv:Header/>
   <soapenv:Body>
      <v1:submitInboxRequestRequest>
         <v1:messageContext>
            <v11:messageId>${=import static java.util.UUID.randomUUID; uuid = randomUUID() as String}</v11:messageId>
            <v11:timestamp>${=new java.text.SimpleDateFormat("yyyy-MM-dd'T'HH:mm:ss.SSS").format(new Date())}</v11:timestamp>
         </v1:messageContext>
         <v1:request>
            <urn:ReceiverParty>
               <urn:PartyIdentification>
                  <urn1:ID schemeID="BE:VAT">2222222222</urn1:ID>
               </urn:PartyIdentification>
            </urn:ReceiverParty>
         </v1:request>
      </v1:submitInboxRequestRequest>
   </soapenv:Body>
</soapenv:Envelope>]]></con:request><con:assertion type="SOAP Fault Assertion" id="d93974b1-9b9b-4071-9972-f20d47e559b8" name="Not SOAP Fault"/><con:assertion type="SOAP Response" id="87d8c8d5-212d-4974-85d3-bc3c8b373d96" name="SOAP Response"/><con:assertion type="Schema Compliance" id="d1612158-3e2b-4db7-93ea-a10523c9458d" name="Schema Compliance"><con:configuration/></con:assertion><con:wsaConfig action="http://fidus.brussels/services/invoiceservice/submitInboxRequest"/></con:request></con:config></con:testStep><con:testStep type="request" id="fb3a7669-f9fe-4130-aaf5-d79c72b48abb" name="testcase5 - Prod - Worker2 - Request"><con:settings/><con:config xsi:type="con:RequestStep" xmlns:xsi="http://www.w3.org/2001/XMLSchema-instance"><con:interface>InvoiceServiceHTTPBinding</con:interface><con:operation>submitInboxRequest</con:operation><con:request name="testcase5 - Prod - Worker2 - Request" id="f4d16c0c-9f72-4b0e-a1e0-3ce055538e26" outgoingWss="Outflow PROD"><con:settings/><con:encoding>UTF-8</con:encoding><con:endpoint>https://192.168.26.19:8443/services/InvoiceService_v1.0</con:endpoint><con:request><![CDATA[<soapenv:Envelope xmlns:soapenv="http://schemas.xmlsoap.org/soap/envelope/" xmlns:v1="http://fidus.brussels/service/invoiceservice/messages/v1" xmlns:v11="http://fidus.brussels/type/common/messages/v1" xmlns:urn="urn:oasis:names:specification:ubl:schema:xsd:CommonAggregateComponents-2" xmlns:urn1="urn:oasis:names:specification:ubl:schema:xsd:CommonBasicComponents-2">
   <soapenv:Header/>
   <soapenv:Body>
      <v1:submitInboxRequestRequest>
         <v1:messageContext>
            <v11:messageId>${=import static java.util.UUID.randomUUID; uuid = randomUUID() as String}</v11:messageId>
            <v11:timestamp>${=new java.text.SimpleDateFormat("yyyy-MM-dd'T'HH:mm:ss.SSS").format(new Date())}</v11:timestamp>
         </v1:messageContext>
         <v1:request>
            <urn:ReceiverParty>
               <urn:PartyIdentification>
                  <urn1:ID schemeID="BE:VAT">2222222222</urn1:ID>
               </urn:PartyIdentification>
            </urn:ReceiverParty>
         </v1:request>
      </v1:submitInboxRequestRequest>
   </soapenv:Body>
</soapenv:Envelope>]]></con:request><con:assertion type="SOAP Fault Assertion" id="f7c2bc5f-e37f-411f-b129-4dbabdb5a41e" name="Not SOAP Fault"/><con:assertion type="SOAP Response" id="fd17519c-58e5-4154-bc3a-d3d9a22aed54" name="SOAP Response"/><con:assertion type="Schema Compliance" id="f3ff2e8e-fa74-4de3-a1f9-6d7a36799167" name="Schema Compliance"><con:configuration/></con:assertion><con:wsaConfig action="http://fidus.brussels/services/invoiceservice/submitInboxRequest"/></con:request></con:config></con:testStep><con:properties/></con:testCase><con:properties/></con:testSuite><con:properties/><con:wssContainer><con:crypto><con:source>data/wso2/keystores/user-rajarshi.jks</con:source><con:password>test@fidus01</con:password><con:type>KEYSTORE</con:type></con:crypto><con:outgoing><con:name>Outflow DEV</con:name></con:outgoing><con:outgoing><con:name>Outflow TEST</con:name><con:entry type="Signature" username="testuser-test.fidus.brussels" password="test@fidus01"><con:configuration><crypto>user-rajarshi.jks</crypto><keyIdentifierType>3</keyIdentifierType><signatureAlgorithm/><signatureCanonicalization/><useSingleCert>true</useSingleCert><digestAlgorithm/><customTokenValueType/><customTokenId/></con:configuration></con:entry><con:entry type="Timestamp"><con:configuration><timeToLive>300000</timeToLive><strictTimestamp>true</strictTimestamp></con:configuration></con:entry></con:outgoing><con:outgoing><con:name>Outflow STAG</con:name></con:outgoing><con:outgoing><con:name>Outflow PROD</con:name></con:outgoing></con:wssContainer><con:oAuth2ProfileContainer/><con:oAuth1ProfileContainer/><con:sensitiveInformation/></con:soapui-project>