<?xml version="1.0" encoding="UTF-8"?>
<con:soapui-project id="a27adfee-0c20-479f-8630-b9d1ab63f1e2" activeEnvironment="Default" name="Client-RegondesService-soapui-project" resourceRoot="" soapui-version="5.1.3" abortOnError="false" runType="SEQUENTIAL" xmlns:con="http://eviware.com/soapui/config"><con:settings/><con:interface xsi:type="con:WsdlInterface" id="b416e667-662e-4d8d-af78-50393fda8e09" wsaVersion="NONE" name="ExportFromRegondesServiceHTTPBinding" type="wsdl" bindingName="{http://fidus.brussels/service/exportfromregondesservice/v1}ExportFromRegondesServiceHTTPBinding" soapVersion="1_1" anonymous="optional" definition="file:/home/isr/git/parent/exportfromregondesservice/ExportFromRegondesServiceGateway/src/main/resources/wsdl/exportFromRegondesService/1.0.0/ExportFromRegondesService_v1.wsdl" xmlns:xsi="http://www.w3.org/2001/XMLSchema-instance"><con:settings/><con:definitionCache type="TEXT" rootPart="file:/home/isr/git/parent/exportfromregondesservice/ExportFromRegondesServiceGateway/src/main/resources/wsdl/exportFromRegondesService/1.0.0/ExportFromRegondesService_v1.wsdl"><con:part><con:url>file:/home/isr/git/parent/exportfromregondesservice/ExportFromRegondesServiceGateway/src/main/resources/wsdl/exportFromRegondesService/1.0.0/ExportFromRegondesService_v1.wsdl</con:url><con:content><![CDATA[<wsdl:definitions targetNamespace="http://fidus.brussels/service/exportfromregondesservice/v1" name="ExportFromRegondesService" xmlns:soap="http://schemas.xmlsoap.org/wsdl/soap/" xmlns:wsdl="http://schemas.xmlsoap.org/wsdl/" xmlns:xsd="http://www.w3.org/2001/XMLSchema" xmlns:mes="http://fidus.brussels/service/exportfromregondesservice/messages/v1" xmlns:tns="http://fidus.brussels/service/exportfromregondesservice/v1">
  <xsd:annotation>
    <xsd:documentation>ExportFromRegondesService WDSL v1.</xsd:documentation>
  </xsd:annotation>
  <wsdl:types>
    <xsd:schema targetNamespace="http://fidus.brussels/service/exportfromregondesservice/v1" elementFormDefault="qualified">
      <xsd:import namespace="http://fidus.brussels/service/exportfromregondesservice/messages/v1" schemaLocation="messages/exportFromRegondesServiceMessages_v1.xsd"/>
    </xsd:schema>
  </wsdl:types>
  <wsdl:message name="serviceChangeRequestMessage">
    <wsdl:part name="serviceChangeRequest" element="mes:serviceChangeRequest"/>
  </wsdl:message>
  <wsdl:message name="postponedDossierRequestMessage">
    <wsdl:part name="postponedDossierRequest" element="mes:postponedDossierRequest"/>
  </wsdl:message>
  <wsdl:message name="closedDossierRequestMessage">
    <wsdl:part name="closedDossierRequest" element="mes:closedDossierRequest"/>
  </wsdl:message>
  <wsdl:message name="reportOutputResponseMessage">
    <wsdl:part name="reportResponse" element="mes:reportResponse"/>
  </wsdl:message>
  <wsdl:portType name="ExportFromRegondesServicePortType">
    <wsdl:operation name="serviceChange">
      <wsdl:input message="tns:serviceChangeRequestMessage"/>
      <wsdl:output message="tns:reportOutputResponseMessage"/>
    </wsdl:operation>
    <wsdl:operation name="postponedDossier">
      <wsdl:input message="tns:postponedDossierRequestMessage"/>
      <wsdl:output message="tns:reportOutputResponseMessage"/>
    </wsdl:operation>
    <wsdl:operation name="closedDossier">
      <wsdl:input message="tns:closedDossierRequestMessage"/>
      <wsdl:output message="tns:reportOutputResponseMessage"/>
    </wsdl:operation>
  </wsdl:portType>
  <wsdl:binding name="ExportFromRegondesServiceHTTPBinding" type="tns:ExportFromRegondesServicePortType">
    <soap:binding style="document" transport="http://schemas.xmlsoap.org/soap/http"/>
    <wsdl:operation name="closedDossier">
      <soap:operation soapAction="http://fidus.brussels/services/exportfromregondesservice/closedDossier"/>
      <wsdl:input>
        <soap:body use="literal"/>
      </wsdl:input>
      <wsdl:output>
        <soap:body use="literal"/>
      </wsdl:output>
    </wsdl:operation>
    <wsdl:operation name="postponedDossier">
      <soap:operation soapAction="http://fidus.brussels/services/exportfromregondesservice/postponedDossier"/>
      <wsdl:input>
        <soap:body use="literal"/>
      </wsdl:input>
      <wsdl:output>
        <soap:body use="literal"/>
      </wsdl:output>
    </wsdl:operation>
    <wsdl:operation name="serviceChange">
      <soap:operation soapAction="http://fidus.brussels/services/exportfromregondesservice/serviceChange"/>
      <wsdl:input>
        <soap:body use="literal"/>
      </wsdl:input>
      <wsdl:output>
        <soap:body use="literal"/>
      </wsdl:output>
    </wsdl:operation>
  </wsdl:binding>
  <wsdl:service name="ExportFromRegondesService_v1">
    <wsdl:port name="ExportFromRegondesService_v1" binding="tns:ExportFromRegondesServiceHTTPBinding">
      <soap:address location="http://fidus.brussels/services/exportfromregondesservice/v1"/>
    </wsdl:port>
  </wsdl:service>
</wsdl:definitions>]]></con:content><con:type>http://schemas.xmlsoap.org/wsdl/</con:type></con:part><con:part><con:url>file:/home/isr/git/parent/exportfromregondesservice/ExportFromRegondesServiceGateway/src/main/resources/wsdl/exportFromRegondesService/1.0.0/messages/exportFromRegondesServiceMessages_v1.xsd</con:url><con:content><![CDATA[<xsd:schema targetNamespace="http://fidus.brussels/service/exportfromregondesservice/messages/v1" elementFormDefault="qualified" attributeFormDefault="unqualified" version="1.0" xmlns:xsd="http://www.w3.org/2001/XMLSchema" xmlns:cme="http://fidus.brussels/type/common/messages/v1" xmlns:exc="http://fidus.brussels/type/common/exceptions/v1" xmlns:tns="http://fidus.brussels/service/exportfromregondesservice/messages/v1" xmlns:com="http://www.minfin.fgov.be/regondes2/extern/taxservice/common" xmlns:cd="http://www.minfin.fgov.be/regondes2/extern/taxservice/exports/closedDossiers" xmlns:pd="http://www.minfin.fgov.be/regondes2/extern/taxservice/exports/postponedDossiers" xmlns:sc="http://www.minfin.fgov.be/regondes2/extern/taxservice/exports/serviceChanged">
  <xsd:import namespace="http://fidus.brussels/type/common/messages/v1" schemaLocation="baseMessageTypes_v1.xsd"/>
  <xsd:import namespace="http://fidus.brussels/type/common/exceptions/v1" schemaLocation="exceptionTypes_v1.xsd"/>
  <xsd:import namespace="http://www.minfin.fgov.be/regondes2/extern/taxservice/common" schemaLocation="../regondes/Regondes2Common.xsd"/>
  <xsd:import namespace="http://www.minfin.fgov.be/regondes2/extern/taxservice/exports/closedDossiers" schemaLocation="../regondes/Regondes2ExportClosedDossiers.xsd"/>
  <xsd:import namespace="http://www.minfin.fgov.be/regondes2/extern/taxservice/exports/postponedDossiers" schemaLocation="../regondes/Regondes2ExportPostponedDossiers.xsd"/>
  <xsd:import namespace="http://www.minfin.fgov.be/regondes2/extern/taxservice/exports/serviceChanged" schemaLocation="../regondes/Regondes2ExportServiceChanged.xsd"/>
  <xsd:complexType name="GetclosedDossierType">
    <xsd:sequence>
      <xsd:element ref="cd:closedDossier"/>
    </xsd:sequence>
  </xsd:complexType>
  <xsd:complexType name="GetpostponedDossierType">
    <xsd:sequence>
      <xsd:element ref="pd:postponedDossier"/>
    </xsd:sequence>
  </xsd:complexType>
  <xsd:complexType name="GetserviceChangeType">
    <xsd:sequence>
      <xsd:element ref="sc:serviceChange"/>
    </xsd:sequence>
  </xsd:complexType>
  <xsd:complexType name="GetclosedDossierRequestType">
    <xsd:sequence>
      <xsd:element name="messageContext" type="cme:RequestMessageContextType"/>
      <xsd:element name="legalContext" type="cme:LegalContextType"/>
      <xsd:element name="request" type="tns:GetclosedDossierType"/>
    </xsd:sequence>
  </xsd:complexType>
  <xsd:complexType name="GetpostponedDossierRequestType">
    <xsd:sequence>
      <xsd:element name="messageContext" type="cme:RequestMessageContextType"/>
      <xsd:element name="legalContext" type="cme:LegalContextType"/>
      <xsd:element name="request" type="tns:GetpostponedDossierType"/>
    </xsd:sequence>
  </xsd:complexType>
  <xsd:complexType name="GetserviceChangeRequestType">
    <xsd:sequence>
      <xsd:element name="messageContext" type="cme:RequestMessageContextType"/>
      <xsd:element name="legalContext" type="cme:LegalContextType"/>
      <xsd:element name="request" type="tns:GetserviceChangeType"/>
    </xsd:sequence>
  </xsd:complexType>
  <xsd:complexType name="GetReportOutputResponseType">
    <xsd:sequence>
      <xsd:element name="messageContext" type="cme:ResponseMessageContextType"/>
      <xsd:element name="responses" type="tns:ResponsesType" minOccurs="0"/>
      <xsd:element name="exceptions" type="exc:ExceptionsType" minOccurs="0">
        <xsd:annotation>
          <xsd:documentation>Technical errors that occur when processing the message context e.g. insufficient rights.</xsd:documentation>
        </xsd:annotation>
      </xsd:element>
    </xsd:sequence>
  </xsd:complexType>
  <xsd:complexType name="ResponsesType">
    <xsd:sequence>
      <xsd:element name="response" type="tns:ResponseType" minOccurs="1" maxOccurs="1"/>
    </xsd:sequence>
  </xsd:complexType>
  <xsd:complexType name="ResponseType">
    <xsd:sequence>
      <xsd:element ref="com:report" minOccurs="0" maxOccurs="unbounded"/>
      <xsd:element name="exceptions" type="exc:ExceptionsType" minOccurs="0">
        <xsd:annotation>
          <xsd:documentation>Business exceptions that occur when processing the request or response e.g. missing data for a single response element.
						Exceptions at this level may contain back-end specific codes and content.</xsd:documentation>
        </xsd:annotation>
      </xsd:element>
    </xsd:sequence>
  </xsd:complexType>
  <xsd:element name="serviceChangeRequest" type="tns:GetserviceChangeRequestType"/>
  <xsd:element name="postponedDossierRequest" type="tns:GetpostponedDossierRequestType"/>
  <xsd:element name="closedDossierRequest" type="tns:GetclosedDossierRequestType"/>
  <xsd:element name="reportResponse" type="tns:GetReportOutputResponseType"/>
</xsd:schema>]]></con:content><con:type>http://www.w3.org/2001/XMLSchema</con:type></con:part><con:part><con:url>file:/home/isr/git/parent/exportfromregondesservice/ExportFromRegondesServiceGateway/src/main/resources/wsdl/exportFromRegondesService/1.0.0/messages/baseMessageTypes_v1.xsd</con:url><con:content><![CDATA[<xsd:schema targetNamespace="http://fidus.brussels/type/common/messages/v1" elementFormDefault="qualified" attributeFormDefault="unqualified" version="1.0" xmlns:xsd="http://www.w3.org/2001/XMLSchema" xmlns:cmn="http://fidus.brussels/type/common/v1" xmlns:tns="http://fidus.brussels/type/common/messages/v1">
  <!--Unformatted message Id-->
  <xsd:simpleType name="MessageIdType">
    <xsd:restriction base="xsd:string">
      <xsd:minLength value="1"/>
      <xsd:maxLength value="64"/>
    </xsd:restriction>
  </xsd:simpleType>
  <!--National Number of the person. Format depending on the Register-->
  <xsd:simpleType name="PersonNumberType">
    <xsd:restriction base="xsd:string">
      <xsd:pattern value="[0-9][0-9](([0][0-9])|([1][0-2]))(([0-2][0-9])|([3][0-1]))(([0-9]{2}[1-9])|([0-9][1-9][0-9])|([1-9][0-9]{2}))(([0-8][0-9])|([9][0-7]))">
        <xsd:annotation>
          <xsd:documentation>National Register format</xsd:documentation>
        </xsd:annotation>
      </xsd:pattern>
      <xsd:pattern value="[0-9][0-9](([2][0-9])|([3][0-2]))(([0-2][0-9])|([3][0-1]))[0-9]{3}(([0-8][0-9])|([9][0-7]))">
        <xsd:annotation>
          <xsd:documentation>CBSS Register format: Bis Register</xsd:documentation>
        </xsd:annotation>
      </xsd:pattern>
      <xsd:pattern value="[0-9][0-9](([4][0-9])|([5][0-2]))(([0-2][0-9])|([3][0-1]))[0-9]{3}(([0-8][0-9])|([9][0-7]))">
        <xsd:annotation>
          <xsd:documentation>CBSS Register format: Ter Register</xsd:documentation>
        </xsd:annotation>
      </xsd:pattern>
    </xsd:restriction>
  </xsd:simpleType>
  <!--Request message context-->
  <xsd:complexType name="RequestMessageContextType">
    <xsd:annotation>
      <xsd:documentation>Message context block generated by the consumer.</xsd:documentation>
    </xsd:annotation>
    <xsd:sequence>
      <xsd:element name="messageId" type="tns:MessageIdType">
        <xsd:annotation>
          <xsd:documentation>Consumer must assign their own MessageId reference for the request.</xsd:documentation>
        </xsd:annotation>
      </xsd:element>
      <xsd:element name="timestamp" type="xsd:dateTime" minOccurs="0">
        <xsd:annotation>
          <xsd:documentation>Timestamp when client sent request.</xsd:documentation>
        </xsd:annotation>
      </xsd:element>
    </xsd:sequence>
  </xsd:complexType>
  <!--Response message context-->
  <xsd:complexType name="ResponseMessageContextType">
    <xsd:annotation>
      <xsd:documentation>MessageContext block generated by fidus.</xsd:documentation>
    </xsd:annotation>
    <xsd:sequence>
      <xsd:element name="messageId" type="tns:MessageIdType">
        <xsd:annotation>
          <xsd:documentation>A unique identifier generated by fidus.</xsd:documentation>
        </xsd:annotation>
      </xsd:element>
      <xsd:element name="transactionId" type="tns:MessageIdType">
        <xsd:annotation>
          <xsd:documentation>A unique ID returned to the client for tracing purposes.</xsd:documentation>
        </xsd:annotation>
      </xsd:element>
      <xsd:element name="relatesTo" type="tns:MessageIdType" minOccurs="0">
        <xsd:annotation>
          <xsd:documentation>Optional field. The unique id of a previous batch file in this exchange Only used for responses.</xsd:documentation>
        </xsd:annotation>
      </xsd:element>
      <xsd:element name="timestamp" type="xsd:dateTime" minOccurs="0">
        <xsd:annotation>
          <xsd:documentation>Time reply sent by fidus.</xsd:documentation>
        </xsd:annotation>
      </xsd:element>
    </xsd:sequence>
  </xsd:complexType>
  <!--Legal Context : the finality of the Privacy Commission-->
  <xsd:simpleType name="LegalContextType">
    <xsd:restriction base="xsd:string">
      <xsd:minLength value="1"/>
      <xsd:maxLength value="64"/>
    </xsd:restriction>
  </xsd:simpleType>
  <xsd:complexType name="UserContextType">
    <xsd:annotation>
      <xsd:documentation>The user context defines information regarding the actual user performing a request.</xsd:documentation>
    </xsd:annotation>
    <xsd:sequence>
      <xsd:element name="language" type="xsd:language" nillable="true">
        <xsd:annotation>
          <xsd:documentation>The preferred language of the actual user performing the request.
						This influences the language in which response elements are cast.</xsd:documentation>
        </xsd:annotation>
      </xsd:element>
    </xsd:sequence>
  </xsd:complexType>
</xsd:schema>]]></con:content><con:type>http://www.w3.org/2001/XMLSchema</con:type></con:part><con:part><con:url>file:/home/isr/git/parent/exportfromregondesservice/ExportFromRegondesServiceGateway/src/main/resources/wsdl/exportFromRegondesService/1.0.0/messages/exceptionTypes_v1.xsd</con:url><con:content><![CDATA[<xsd:schema targetNamespace="http://fidus.brussels/type/common/exceptions/v1" elementFormDefault="qualified" attributeFormDefault="unqualified" version="1.0" xmlns:xsd="http://www.w3.org/2001/XMLSchema" xmlns:tns="http://fidus.brussels/type/common/exceptions/v1">
  <!--Basic error typed-->
  <xsd:complexType name="ExceptionsType">
    <xsd:sequence>
      <xsd:element name="exception" type="tns:ExceptionType" maxOccurs="unbounded"/>
    </xsd:sequence>
  </xsd:complexType>
  <xsd:complexType name="ExceptionType">
    <xsd:sequence>
      <xsd:element name="type" type="tns:ExceptionClassType"/>
      <xsd:element name="code" type="tns:ExceptionCodeType"/>
      <xsd:element name="source" type="tns:ExceptionSourceType"/>
      <xsd:element name="description" type="tns:ExceptionDescriptionType"/>
    </xsd:sequence>
  </xsd:complexType>
  <xsd:simpleType name="ExceptionClassType">
    <xsd:restriction base="xsd:string">
      <xsd:enumeration value="ERROR"/>
      <xsd:enumeration value="WARNING"/>
      <xsd:enumeration value="INFO"/>
    </xsd:restriction>
  </xsd:simpleType>
  <xsd:simpleType name="ExceptionCodeType">
    <xsd:restriction base="xsd:string">
      <xsd:maxLength value="20"/>
    </xsd:restriction>
  </xsd:simpleType>
  <xsd:simpleType name="ExceptionSourceType">
    <xsd:restriction base="xsd:string">
      <xsd:maxLength value="20"/>
    </xsd:restriction>
  </xsd:simpleType>
  <xsd:simpleType name="ExceptionDescriptionType">
    <xsd:restriction base="xsd:string"/>
  </xsd:simpleType>
</xsd:schema>]]></con:content><con:type>http://www.w3.org/2001/XMLSchema</con:type></con:part><con:part><con:url>file:/home/isr/git/parent/exportfromregondesservice/ExportFromRegondesServiceGateway/src/main/resources/wsdl/exportFromRegondesService/1.0.0/regondes/Regondes2Common.xsd</con:url><con:content><![CDATA[<!--Regondes2Common.xsd version 1.0-->
<xs:schema targetNamespace="http://www.minfin.fgov.be/regondes2/extern/taxservice/common" elementFormDefault="qualified" attributeFormDefault="unqualified" xmlns="http://www.minfin.fgov.be/regondes2/extern/taxservice/common" xmlns:xs="http://www.w3.org/2001/XMLSchema">
  <!--lum-->
  <!--Definition of complex types-->
  <xs:element name="report">
    <xs:annotation>
      <xs:documentation>Report of the transaction</xs:documentation>
    </xs:annotation>
    <xs:complexType>
      <xs:sequence>
        <xs:element name="status">
          <xs:annotation>
            <xs:documentation>Status of the transaction: SUCCESS or ERROR.</xs:documentation>
          </xs:annotation>
          <xs:simpleType>
            <xs:restriction base="xs:string">
              <xs:enumeration value="SUCCESS"/>
              <xs:enumeration value="ERROR"/>
            </xs:restriction>
          </xs:simpleType>
        </xs:element>
        <xs:element name="error" minOccurs="0">
          <xs:annotation>
            <xs:documentation>Business error occured while processing the message.</xs:documentation>
          </xs:annotation>
          <xs:simpleType>
            <xs:restriction base="longstring">
              <xs:minLength value="1"/>
            </xs:restriction>
          </xs:simpleType>
        </xs:element>
        <xs:element name="errorId" minOccurs="0">
          <xs:annotation>
            <xs:documentation>The Id of error in the log files. With this id the helpdesk can find the logs of the error.</xs:documentation>
          </xs:annotation>
          <xs:simpleType>
            <xs:restriction base="longstring">
              <xs:minLength value="1"/>
            </xs:restriction>
          </xs:simpleType>
        </xs:element>
      </xs:sequence>
    </xs:complexType>
  </xs:element>
  <xs:complexType name="attachment">
    <xs:annotation>
      <xs:documentation>Attached files which contain information about the dossier.</xs:documentation>
    </xs:annotation>
    <xs:sequence>
      <xs:element name="fileName" type="longstring">
        <xs:annotation>
          <xs:documentation>The filename of the attachment</xs:documentation>
        </xs:annotation>
      </xs:element>
      <xs:element name="data" type="xs:base64Binary">
        <xs:annotation>
          <xs:documentation>The bytes base64binary encoded</xs:documentation>
        </xs:annotation>
      </xs:element>
    </xs:sequence>
  </xs:complexType>
  <xs:complexType name="abstractInitialService" abstract="true">
    <xs:sequence>
      <xs:element name="technicalReference" type="longstring" minOccurs="0">
        <xs:annotation>
          <xs:documentation>Unique technical reference given by the initial service. Will be present if the dossier was imported with a technical reference.</xs:documentation>
        </xs:annotation>
      </xs:element>
      <xs:element name="type">
        <xs:annotation>
          <xs:documentation>The type of the initial service which can be either "VLABEL" or "AAF".</xs:documentation>
        </xs:annotation>
        <xs:simpleType>
          <xs:restriction base="xs:string">
            <xs:enumeration value="VLABEL"/>
            <xs:enumeration value="AAF"/>
          </xs:restriction>
        </xs:simpleType>
      </xs:element>
    </xs:sequence>
  </xs:complexType>
  <xs:complexType name="basicInitialService">
    <xs:complexContent>
      <xs:extension base="abstractInitialService">
        <xs:sequence>
          <xs:element name="reference">
            <xs:annotation>
              <xs:documentation>Unique reference given by the initial service. Will be present if the dossier was imported.</xs:documentation>
            </xs:annotation>
            <xs:simpleType>
              <xs:restriction base="longstring">
                <xs:minLength value="1"/>
              </xs:restriction>
            </xs:simpleType>
          </xs:element>
        </xs:sequence>
      </xs:extension>
    </xs:complexContent>
  </xs:complexType>
  <xs:complexType name="completeInitialService">
    <xs:complexContent>
      <xs:extension base="basicInitialService">
        <xs:sequence>
          <xs:element name="complaintType">
            <xs:annotation>
              <xs:documentation>Type of complaint.</xs:documentation>
            </xs:annotation>
            <xs:simpleType>
              <xs:restriction base="xs:string">
                <xs:maxLength value="12"/>
                <xs:minLength value="1"/>
              </xs:restriction>
            </xs:simpleType>
          </xs:element>
          <xs:element name="registerSendDate" type="xs:date" minOccurs="0">
            <xs:annotation>
              <xs:documentation>Date on which the notice of assessment is expected to be delivered.</xs:documentation>
            </xs:annotation>
          </xs:element>
          <xs:element name="registerArticle" type="shortstring" minOccurs="0">
            <xs:annotation>
              <xs:documentation>Number of the article in the register of the tax service.</xs:documentation>
            </xs:annotation>
          </xs:element>
          <xs:element name="dateInitialService" type="xs:date">
            <xs:annotation>
              <xs:documentation>Date on which the dossier was created by the initial service.</xs:documentation>
            </xs:annotation>
          </xs:element>
          <xs:element name="nameContact" type="longstring" minOccurs="0">
            <xs:annotation>
              <xs:documentation>Name of the contact within the initial service.</xs:documentation>
            </xs:annotation>
          </xs:element>
          <xs:element name="phoneNumberContact" type="shortstring" minOccurs="0">
            <xs:annotation>
              <xs:documentation>Phone number of the contact within the initial service.</xs:documentation>
            </xs:annotation>
          </xs:element>
          <xs:element name="emailContact" type="emailAddress" minOccurs="0">
            <xs:annotation>
              <xs:documentation>E-mail address of the contact within the initial sevice.</xs:documentation>
            </xs:annotation>
          </xs:element>
          <xs:element name="remark">
            <xs:annotation>
              <xs:documentation>A remark from the initial service.</xs:documentation>
            </xs:annotation>
            <xs:simpleType>
              <xs:restriction base="text">
                <xs:minLength value="1"/>
              </xs:restriction>
            </xs:simpleType>
          </xs:element>
        </xs:sequence>
      </xs:extension>
    </xs:complexContent>
  </xs:complexType>
  <xs:complexType name="address">
    <xs:annotation>
      <xs:documentation>Address</xs:documentation>
    </xs:annotation>
    <xs:sequence>
      <xs:element name="street" type="longstring" minOccurs="0">
        <xs:annotation>
          <xs:documentation>Street</xs:documentation>
        </xs:annotation>
      </xs:element>
      <xs:element name="houseNumber" type="longstring" minOccurs="0">
        <xs:annotation>
          <xs:documentation>House number</xs:documentation>
        </xs:annotation>
      </xs:element>
      <xs:element name="box" type="shortstring" minOccurs="0">
        <xs:annotation>
          <xs:documentation>Box</xs:documentation>
        </xs:annotation>
      </xs:element>
      <xs:element name="zipCode" type="shortstring" minOccurs="0">
        <xs:annotation>
          <xs:documentation>ZIP code</xs:documentation>
        </xs:annotation>
      </xs:element>
      <xs:element name="place" type="longstring" minOccurs="0">
        <xs:annotation>
          <xs:documentation>Place</xs:documentation>
        </xs:annotation>
      </xs:element>
      <xs:element name="country" type="longstring" minOccurs="0">
        <xs:annotation>
          <xs:documentation>Country</xs:documentation>
        </xs:annotation>
      </xs:element>
    </xs:sequence>
  </xs:complexType>
  <xs:complexType name="cadastralIncome">
    <xs:sequence>
      <xs:element name="codeCadastralIncome" type="codeCadastralIncome">
        <xs:annotation>
          <xs:documentation>Cadastrall income code</xs:documentation>
        </xs:annotation>
      </xs:element>
      <xs:element name="definitiveCadastralIncome" type="xs:positiveInteger">
        <xs:annotation>
          <xs:documentation>Definitive cadastrall income</xs:documentation>
        </xs:annotation>
      </xs:element>
      <xs:element name="dateDefinitive" type="xs:date">
        <xs:annotation>
          <xs:documentation>Date definitive cadastrall income</xs:documentation>
        </xs:annotation>
      </xs:element>
      <xs:element name="reasonDefinitive" type="longstring">
        <xs:annotation>
          <xs:documentation>Reason definitieve cadastrall income</xs:documentation>
        </xs:annotation>
      </xs:element>
    </xs:sequence>
  </xs:complexType>
  <xs:simpleType name="shortstring">
    <xs:restriction base="xs:string">
      <xs:minLength value="1"/>
      <xs:maxLength value="60"/>
    </xs:restriction>
  </xs:simpleType>
  <xs:simpleType name="longstring">
    <xs:restriction base="xs:string">
      <xs:minLength value="1"/>
      <xs:maxLength value="150"/>
    </xs:restriction>
  </xs:simpleType>
  <xs:simpleType name="text">
    <xs:restriction base="xs:string">
      <xs:minLength value="1"/>
      <xs:maxLength value="4000"/>
    </xs:restriction>
  </xs:simpleType>
  <xs:simpleType name="codeCadastralIncome">
    <xs:restriction base="xs:string">
      <xs:minLength value="1"/>
      <xs:maxLength value="2"/>
    </xs:restriction>
  </xs:simpleType>
  <xs:simpleType name="personIdNumber">
    <xs:restriction base="xs:string">
      <xs:minLength value="1"/>
      <xs:maxLength value="15"/>
    </xs:restriction>
  </xs:simpleType>
  <xs:simpleType name="cbeNumber">
    <xs:restriction base="xs:string">
      <xs:minLength value="1"/>
      <xs:maxLength value="15"/>
    </xs:restriction>
  </xs:simpleType>
  <xs:simpleType name="emailAddress">
    <xs:restriction base="xs:token">
      <xs:minLength value="1"/>
      <xs:maxLength value="254"/>
      <xs:pattern value="[^@]+@[^\.]+\..+"/>
    </xs:restriction>
  </xs:simpleType>
  <xs:simpleType name="referenceFodFin">
    <xs:restriction base="xs:long"/>
  </xs:simpleType>
  <xs:simpleType name="articleNumberType">
    <xs:restriction base="xs:token">
      <xs:minLength value="1"/>
      <xs:maxLength value="8"/>
      <xs:pattern value="\d{0,5}(/\d{2})?"/>
    </xs:restriction>
  </xs:simpleType>
  <xs:simpleType name="fiscalYearType">
    <xs:restriction base="xs:string">
      <xs:maxLength value="4"/>
      <xs:minLength value="4"/>
    </xs:restriction>
  </xs:simpleType>
</xs:schema>]]></con:content><con:type>http://www.w3.org/2001/XMLSchema</con:type></con:part><con:part><con:url>file:/home/isr/git/parent/exportfromregondesservice/ExportFromRegondesServiceGateway/src/main/resources/wsdl/exportFromRegondesService/1.0.0/regondes/Regondes2ExportClosedDossiers.xsd</con:url><con:content><![CDATA[<!--Regondes2ExportClosedDossiers.xsd version 1.0-->
<xs:schema targetNamespace="http://www.minfin.fgov.be/regondes2/extern/taxservice/exports/closedDossiers" elementFormDefault="qualified" attributeFormDefault="unqualified" xmlns:xs="http://www.w3.org/2001/XMLSchema" xmlns="http://www.minfin.fgov.be/regondes2/extern/taxservice/exports/closedDossiers" xmlns:com="http://www.minfin.fgov.be/regondes2/extern/taxservice/common">
  <xs:import namespace="http://www.minfin.fgov.be/regondes2/extern/taxservice/common" schemaLocation="Regondes2Common.xsd"/>
  <xs:element name="closedDossier">
    <xs:complexType>
      <xs:sequence>
        <xs:element name="referenceFodFin" type="com:referenceFodFin">
          <xs:annotation>
            <xs:documentation>Reference given by Regondes2 to uniquely identify the dossier. Will be present if the dossier was imported.</xs:documentation>
          </xs:annotation>
        </xs:element>
        <xs:element name="fiscalYear" type="com:fiscalYearType">
          <xs:annotation>
            <xs:documentation>Fiscal year</xs:documentation>
          </xs:annotation>
        </xs:element>
        <xs:element name="initialService">
          <xs:complexType>
            <xs:complexContent>
              <xs:extension base="com:abstractInitialService">
                <xs:sequence>
                  <xs:element name="reference" minOccurs="0">
                    <xs:annotation>
                      <xs:documentation>Unique reference given by the initial service.</xs:documentation>
                    </xs:annotation>
                    <xs:simpleType>
                      <xs:restriction base="com:longstring">
                        <xs:minLength value="1"/>
                      </xs:restriction>
                    </xs:simpleType>
                  </xs:element>
                </xs:sequence>
              </xs:extension>
            </xs:complexContent>
          </xs:complexType>
        </xs:element>
        <xs:element name="patrimonyInformation">
          <xs:annotation>
            <xs:documentation>Patrimony information</xs:documentation>
          </xs:annotation>
          <xs:complexType>
            <xs:sequence>
              <xs:element name="typeDossier">
                <xs:annotation>
                  <xs:documentation>Dossier type</xs:documentation>
                </xs:annotation>
                <xs:simpleType>
                  <xs:restriction base="xs:string">
                    <xs:maxLength value="2"/>
                  </xs:restriction>
                </xs:simpleType>
              </xs:element>
              <xs:element name="patrimonyFrom" minOccurs="0" type="xs:date">
                <xs:annotation>
                  <xs:documentation>The date when the dossier information will be avialable in PATRIS or CADNET.</xs:documentation>
                </xs:annotation>
              </xs:element>
              <xs:element name="patrimonyRef" minOccurs="0">
                <xs:annotation>
                  <xs:documentation>PATRIS or CADNET reference</xs:documentation>
                </xs:annotation>
                <xs:simpleType>
                  <xs:restriction base="com:shortstring">
                    <xs:minLength value="1"/>
                  </xs:restriction>
                </xs:simpleType>
              </xs:element>
              <xs:element name="cadastralDivisionCode">
                <xs:annotation>
                  <xs:documentation>Cadastral division code</xs:documentation>
                </xs:annotation>
                <xs:simpleType>
                  <xs:restriction base="xs:string">
                    <xs:maxLength value="30"/>
                    <xs:minLength value="1"/>
                  </xs:restriction>
                </xs:simpleType>
              </xs:element>
              <xs:element name="articleNumber" type="com:articleNumberType" minOccurs="0">
                <xs:annotation>
                  <xs:documentation>Article number of dossier</xs:documentation>
                </xs:annotation>
              </xs:element>
            </xs:sequence>
          </xs:complexType>
        </xs:element>
        <xs:element name="report">
          <xs:annotation>
            <xs:documentation>Report information</xs:documentation>
          </xs:annotation>
          <xs:complexType>
            <xs:sequence>
              <xs:element name="type">
                <xs:annotation>
                  <xs:documentation>Report type: Solved or Proposal.</xs:documentation>
                </xs:annotation>
                <xs:simpleType>
                  <xs:restriction base="xs:string">
                    <xs:enumeration value="S"/>
                    <xs:enumeration value="P"/>
                  </xs:restriction>
                </xs:simpleType>
              </xs:element>
              <xs:element name="subtype" type="com:longstring" minOccurs="0"/>
              <xs:element name="kind">
                <xs:annotation>
                  <xs:documentation>Report kind: initial report, replacing information or supplementary information.</xs:documentation>
                </xs:annotation>
                <xs:simpleType>
                  <xs:restriction base="xs:string">
                    <xs:enumeration value="INITIAL"/>
                    <xs:enumeration value="REPLACING"/>
                    <xs:enumeration value="SUPPLEMENTARY_INFO"/>
                  </xs:restriction>
                </xs:simpleType>
              </xs:element>
              <xs:element name="cadastralIncome" type="com:cadastralIncome" minOccurs="0" maxOccurs="1">
                <xs:annotation>
                  <xs:documentation>Will only be present if the closed dossier concerns a Cadastral Income Objection.</xs:documentation>
                </xs:annotation>
              </xs:element>
              <xs:element name="date" type="xs:date">
                <xs:annotation>
                  <xs:documentation>Date when the report was created.</xs:documentation>
                </xs:annotation>
              </xs:element>
              <xs:element name="motivation" type="com:text">
                <xs:annotation>
                  <xs:documentation>Motivation text</xs:documentation>
                </xs:annotation>
              </xs:element>
              <xs:element name="newState" minOccurs="0" maxOccurs="99">
                <xs:annotation>
                  <xs:documentation>New state of the property</xs:documentation>
                </xs:annotation>
                <xs:complexType>
                  <xs:sequence>
                    <xs:element name="parcel" type="newStateParcel" minOccurs="1" maxOccurs="999"/>
                    <xs:element name="owner" type="owner" minOccurs="1" maxOccurs="999"/>
                  </xs:sequence>
                </xs:complexType>
              </xs:element>
            </xs:sequence>
          </xs:complexType>
        </xs:element>
        <xs:element name="linkedDossier" minOccurs="0" maxOccurs="99">
          <xs:annotation>
            <xs:documentation>Dossier number which is in someway linked to this dossier</xs:documentation>
          </xs:annotation>
          <xs:complexType>
            <xs:sequence>
              <xs:element name="referenceInitialService" type="com:longstring" minOccurs="0">
                <xs:annotation>
                  <xs:documentation>Reference of the initial service. Will be present if the linked dossier was imported.</xs:documentation>
                </xs:annotation>
              </xs:element>
              <xs:element name="technicalReferenceInitialService" type="com:longstring" minOccurs="0">
                <xs:annotation>
                  <xs:documentation>Technical reference of the initial service.  Will be present if the linked dossier was imported with a technical reference.</xs:documentation>
                </xs:annotation>
              </xs:element>
              <xs:element name="referenceFodFin" type="com:referenceFodFin">
                <xs:annotation>
                  <xs:documentation>Reference of Regondes2</xs:documentation>
                </xs:annotation>
              </xs:element>
            </xs:sequence>
          </xs:complexType>
        </xs:element>
        <xs:element name="attachment" minOccurs="0" maxOccurs="99" type="com:attachment">
          <xs:annotation>
            <xs:documentation>Attached files which contain information about the dossier.</xs:documentation>
          </xs:annotation>
        </xs:element>
      </xs:sequence>
    </xs:complexType>
  </xs:element>
  <xs:complexType name="newStateParcel">
    <xs:annotation>
      <xs:documentation>New state of the parcel</xs:documentation>
    </xs:annotation>
    <xs:complexContent>
      <xs:extension base="parcel">
        <xs:sequence>
          <xs:element name="cadastralInformation" minOccurs="0" maxOccurs="99">
            <xs:annotation>
              <xs:documentation>Cadastral Information.</xs:documentation>
            </xs:annotation>
            <xs:complexType>
              <xs:sequence>
                <xs:element name="codeCadastralIncome" type="com:codeCadastralIncome">
                  <xs:annotation>
                    <xs:documentation>Code of the cadastral income.</xs:documentation>
                  </xs:annotation>
                </xs:element>
                <xs:element name="cadastralIncome" type="xs:nonNegativeInteger">
                  <xs:annotation>
                    <xs:documentation>Cadastral income</xs:documentation>
                  </xs:annotation>
                </xs:element>
                <xs:element name="cadastralIncomePart" type="xs:nonNegativeInteger" minOccurs="0">
                  <xs:annotation>
                    <xs:documentation>Part of the cadastral income depending on unfruitful days. Only present if case of unfruitfulness. (dossier type LI)</xs:documentation>
                  </xs:annotation>
                </xs:element>
                <xs:element name="exemption" type="xs:nonNegativeInteger" minOccurs="0">
                  <xs:annotation>
                    <xs:documentation>Exemption. Only present if case of unfruitfulness. (dossier type LI)</xs:documentation>
                  </xs:annotation>
                </xs:element>
                <xs:element name="daysUnfruitful" type="xs:nonNegativeInteger" minOccurs="0">
                  <xs:annotation>
                    <xs:documentation>Days unfruitful. Only present if case of unfruitfulness. (dossier type LI)</xs:documentation>
                  </xs:annotation>
                </xs:element>
              </xs:sequence>
            </xs:complexType>
          </xs:element>
        </xs:sequence>
      </xs:extension>
    </xs:complexContent>
  </xs:complexType>
  <xs:complexType name="parcel">
    <xs:annotation>
      <xs:documentation>Parcel information</xs:documentation>
    </xs:annotation>
    <xs:sequence>
      <xs:element name="parcelNumber" type="parcelNumber" minOccurs="0"/>
      <xs:element name="situation" minOccurs="0">
        <xs:annotation>
          <xs:documentation>The location of the parcel.</xs:documentation>
        </xs:annotation>
        <xs:simpleType>
          <xs:restriction base="com:shortstring">
            <xs:minLength value="1"/>
          </xs:restriction>
        </xs:simpleType>
      </xs:element>
      <xs:element name="kind" type="com:shortstring" minOccurs="0">
        <xs:annotation>
          <xs:documentation>The kind of parcel.</xs:documentation>
        </xs:annotation>
      </xs:element>
      <xs:element name="details" type="com:shortstring" minOccurs="0">
        <xs:annotation>
          <xs:documentation>Extra information with details about the parcel.</xs:documentation>
        </xs:annotation>
      </xs:element>
      <xs:choice>
        <xs:sequence>
          <xs:element name="articleNumber" type="com:articleNumberType">
            <xs:annotation>
              <xs:documentation>Article number</xs:documentation>
            </xs:annotation>
          </xs:element>
          <xs:element name="sequenceNumber" type="com:shortstring">
            <xs:annotation>
              <xs:documentation>Sequence number</xs:documentation>
            </xs:annotation>
          </xs:element>
        </xs:sequence>
        <xs:element name="propertySituationNumber" type="com:shortstring">
          <xs:annotation>
            <xs:documentation>Property situation number</xs:documentation>
          </xs:annotation>
        </xs:element>
      </xs:choice>
    </xs:sequence>
  </xs:complexType>
  <xs:complexType name="parcelNumber">
    <xs:annotation>
      <xs:documentation>Parcel number</xs:documentation>
    </xs:annotation>
    <xs:sequence>
      <xs:element name="section" minOccurs="0">
        <xs:annotation>
          <xs:documentation>Section</xs:documentation>
        </xs:annotation>
        <xs:simpleType>
          <xs:restriction base="com:shortstring">
            <xs:minLength value="1"/>
          </xs:restriction>
        </xs:simpleType>
      </xs:element>
      <xs:element name="groundNumber" minOccurs="0">
        <xs:annotation>
          <xs:documentation>Ground number.</xs:documentation>
        </xs:annotation>
        <xs:simpleType>
          <xs:restriction base="com:shortstring">
            <xs:minLength value="1"/>
          </xs:restriction>
        </xs:simpleType>
      </xs:element>
      <xs:element name="bisNumber" minOccurs="0">
        <xs:annotation>
          <xs:documentation>Bis number</xs:documentation>
        </xs:annotation>
        <xs:simpleType>
          <xs:restriction base="com:shortstring">
            <xs:minLength value="1"/>
          </xs:restriction>
        </xs:simpleType>
      </xs:element>
      <xs:element name="exponent" minOccurs="0">
        <xs:annotation>
          <xs:documentation>Exponent</xs:documentation>
        </xs:annotation>
        <xs:simpleType>
          <xs:restriction base="com:shortstring">
            <xs:minLength value="1"/>
          </xs:restriction>
        </xs:simpleType>
      </xs:element>
      <xs:element name="power" minOccurs="0">
        <xs:annotation>
          <xs:documentation>Power</xs:documentation>
        </xs:annotation>
        <xs:simpleType>
          <xs:restriction base="com:shortstring">
            <xs:minLength value="1"/>
          </xs:restriction>
        </xs:simpleType>
      </xs:element>
      <xs:element name="part" minOccurs="0">
        <xs:annotation>
          <xs:documentation>Part</xs:documentation>
        </xs:annotation>
        <xs:simpleType>
          <xs:restriction base="com:shortstring">
            <xs:minLength value="1"/>
          </xs:restriction>
        </xs:simpleType>
      </xs:element>
    </xs:sequence>
  </xs:complexType>
  <xs:complexType name="owner">
    <xs:annotation>
      <xs:documentation>Owner of the parcel.</xs:documentation>
    </xs:annotation>
    <xs:sequence>
      <xs:choice>
        <xs:element name="person" type="person"></xs:element>
        <xs:element name="company" type="company"/>
      </xs:choice>
      <xs:element name="rights" type="com:shortstring" minOccurs="0">
        <xs:annotation>
          <xs:documentation>Rights of the owner.</xs:documentation>
        </xs:annotation>
      </xs:element>
      <xs:element name="ownerType" minOccurs="0">
        <xs:annotation>
          <xs:documentation>Type of owner. Can be: IN_COMMUNITY, NATURAL_PERSON, LEGAL_PERSON or OTHER</xs:documentation>
        </xs:annotation>
        <xs:simpleType>
          <xs:restriction base="xs:string">
            <xs:enumeration value="IN_COMMUNITY"/>
            <xs:enumeration value="NATURAL_PERSON"/>
            <xs:enumeration value="LEGAL_PERSON"/>
            <xs:enumeration value="OTHER"/>
          </xs:restriction>
        </xs:simpleType>
      </xs:element>
    </xs:sequence>
  </xs:complexType>
  <xs:complexType name="person">
    <xs:annotation>
      <xs:documentation>Person data.</xs:documentation>
    </xs:annotation>
    <xs:sequence>
      <xs:choice minOccurs="0">
        <xs:element name="socialSecurityNumber" type="com:personIdNumber">
          <xs:annotation>
            <xs:documentation>Social security number.</xs:documentation>
          </xs:annotation>
        </xs:element>
        <xs:element name="persIDF" type="com:personIdNumber">
          <xs:annotation>
            <xs:documentation>persIDF</xs:documentation>
          </xs:annotation>
        </xs:element>
        <xs:element name="bisNumber" type="com:personIdNumber">
          <xs:annotation>
            <xs:documentation>BIS-number</xs:documentation>
          </xs:annotation>
        </xs:element>
      </xs:choice>
      <xs:element name="firstname" type="com:longstring" minOccurs="0">
        <xs:annotation>
          <xs:documentation>First name</xs:documentation>
        </xs:annotation>
      </xs:element>
      <xs:element name="lastname" type="com:longstring" minOccurs="0">
        <xs:annotation>
          <xs:documentation>Last name</xs:documentation>
        </xs:annotation>
      </xs:element>
    </xs:sequence>
  </xs:complexType>
  <xs:complexType name="company">
    <xs:sequence>
      <xs:element name="cbeNumber" type="com:cbeNumber" minOccurs="0">
        <xs:annotation>
          <xs:documentation>CBE number</xs:documentation>
        </xs:annotation>
      </xs:element>
      <xs:element name="name" type="com:longstring" minOccurs="0">
        <xs:annotation>
          <xs:documentation>Company name</xs:documentation>
        </xs:annotation>
      </xs:element>
    </xs:sequence>
  </xs:complexType>
</xs:schema>]]></con:content><con:type>http://www.w3.org/2001/XMLSchema</con:type></con:part><con:part><con:url>file:/home/isr/git/parent/exportfromregondesservice/ExportFromRegondesServiceGateway/src/main/resources/wsdl/exportFromRegondesService/1.0.0/regondes/Regondes2ExportPostponedDossiers.xsd</con:url><con:content><![CDATA[<!--Regondes2ExportPostponedDossiers.xsd version 1.0-->
<xs:schema targetNamespace="http://www.minfin.fgov.be/regondes2/extern/taxservice/exports/postponedDossiers" elementFormDefault="qualified" attributeFormDefault="unqualified" xmlns="http://www.minfin.fgov.be/regondes2/extern/taxservice/exports/postponedDossiers" xmlns:xs="http://www.w3.org/2001/XMLSchema" xmlns:com="http://www.minfin.fgov.be/regondes2/extern/taxservice/common">
  <xs:import namespace="http://www.minfin.fgov.be/regondes2/extern/taxservice/common" schemaLocation="Regondes2Common.xsd"/>
  <xs:element name="postponedDossier">
    <xs:complexType>
      <xs:sequence>
        <xs:element name="referenceFodFin" type="com:longstring">
          <xs:annotation>
            <xs:documentation>Reference given by Regondes2 to uniquely identify the dossier.</xs:documentation>
          </xs:annotation>
        </xs:element>
        <xs:element name="initialService" type="com:basicInitialService"/>
        <xs:element name="postponement">
          <xs:complexType>
            <xs:sequence>
              <xs:element name="datePostponement" type="xs:date">
                <xs:annotation>
                  <xs:documentation>Date when the dossier was postponed</xs:documentation>
                </xs:annotation>
              </xs:element>
              <xs:element name="reasonPostponed" type="com:longstring">
                <xs:annotation>
                  <xs:documentation>Reason of postponement.</xs:documentation>
                </xs:annotation>
              </xs:element>
              <xs:element name="newTargetDate" type="xs:date">
                <xs:annotation>
                  <xs:documentation>New target date</xs:documentation>
                </xs:annotation>
              </xs:element>
            </xs:sequence>
          </xs:complexType>
        </xs:element>
      </xs:sequence>
    </xs:complexType>
  </xs:element>
</xs:schema>]]></con:content><con:type>http://www.w3.org/2001/XMLSchema</con:type></con:part><con:part><con:url>file:/home/isr/git/parent/exportfromregondesservice/ExportFromRegondesServiceGateway/src/main/resources/wsdl/exportFromRegondesService/1.0.0/regondes/Regondes2ExportServiceChanged.xsd</con:url><con:content><![CDATA[<!--Regondes2ExportServiceChanged.xsd version 1.0-->
<xs:schema targetNamespace="http://www.minfin.fgov.be/regondes2/extern/taxservice/exports/serviceChanged" elementFormDefault="qualified" attributeFormDefault="unqualified" xmlns="http://www.minfin.fgov.be/regondes2/extern/taxservice/exports/serviceChanged" xmlns:xs="http://www.w3.org/2001/XMLSchema" xmlns:com="http://www.minfin.fgov.be/regondes2/extern/taxservice/common">
  <xs:import namespace="http://www.minfin.fgov.be/regondes2/extern/taxservice/common" schemaLocation="Regondes2Common.xsd"/>
  <xs:element name="serviceChange">
    <xs:complexType>
      <xs:sequence>
        <xs:element name="referenceFodFin" type="com:longstring">
          <xs:annotation>
            <xs:documentation>Reference given by Regondes2 to uniquely identify the dossier.</xs:documentation>
          </xs:annotation>
        </xs:element>
        <xs:element name="initialService" type="com:basicInitialService"/>
        <xs:element name="transfer" minOccurs="1" maxOccurs="99">
          <xs:annotation>
            <xs:documentation>Information about the transfer of a dossier.</xs:documentation>
          </xs:annotation>
          <xs:complexType>
            <xs:sequence>
              <xs:element name="serviceName" type="com:shortstring">
                <xs:annotation>
                  <xs:documentation>Name of the service which handled the dossier.</xs:documentation>
                </xs:annotation>
              </xs:element>
              <xs:element name="dateIn" type="xs:date">
                <xs:annotation>
                  <xs:documentation>Date in</xs:documentation>
                </xs:annotation>
              </xs:element>
              <xs:element name="dateOut" type="xs:date" minOccurs="0">
                <xs:annotation>
                  <xs:documentation>Date out</xs:documentation>
                </xs:annotation>
              </xs:element>
              <xs:element name="official">
                <xs:annotation>
                  <xs:documentation>Official to which the dossier has been assigned to.</xs:documentation>
                </xs:annotation>
                <xs:complexType>
                  <xs:sequence>
                    <xs:element name="firstName" type="com:longstring">
                      <xs:annotation>
                        <xs:documentation>First name</xs:documentation>
                      </xs:annotation>
                    </xs:element>
                    <xs:element name="lastName" type="com:longstring">
                      <xs:annotation>
                        <xs:documentation>Last name</xs:documentation>
                      </xs:annotation>
                    </xs:element>
                    <xs:element name="phoneNumber" type="com:shortstring">
                      <xs:annotation>
                        <xs:documentation>Phone number</xs:documentation>
                      </xs:annotation>
                    </xs:element>
                    <xs:element name="email" type="com:emailAddress">
                      <xs:annotation>
                        <xs:documentation>E-mail address</xs:documentation>
                      </xs:annotation>
                    </xs:element>
                  </xs:sequence>
                </xs:complexType>
              </xs:element>
            </xs:sequence>
          </xs:complexType>
        </xs:element>
      </xs:sequence>
    </xs:complexType>
  </xs:element>
</xs:schema>]]></con:content><con:type>http://www.w3.org/2001/XMLSchema</con:type></con:part></con:definitionCache><con:endpoints><con:endpoint>http://fidus.brussels/services/exportfromregondesservice/v1</con:endpoint></con:endpoints><con:operation id="e3e61421-edc5-4fd6-b01b-7d127607ec27" isOneWay="false" action="http://fidus.brussels/services/exportfromregondesservice/closedDossier" name="closedDossier" bindingOperationName="closedDossier" type="Request-Response" inputName="" receivesAttachments="false" sendsAttachments="false" anonymous="optional"><con:settings/><con:call id="6ef336dc-c91c-457f-865d-ea76a66207b9" name="1 - Local - Request - Error" incomingWss="Inflow DEV" outgoingWss="Outflow DEV"><con:settings><con:setting id="com.eviware.soapui.impl.wsdl.WsdlRequest@request-headers">&lt;xml-fragment/></con:setting></con:settings><con:encoding>UTF-8</con:encoding><con:endpoint>https://localhost:8243/services/ExportFromRegondesService_v1.0</con:endpoint><con:request><![CDATA[<soapenv:Envelope xmlns:soapenv="http://schemas.xmlsoap.org/soap/envelope/" xmlns:v1="http://fidus.brussels/service/exportfromregondesservice/messages/v1" xmlns:v11="http://fidus.brussels/type/common/messages/v1" xmlns:clos="http://www.minfin.fgov.be/regondes2/extern/taxservice/exports/closedDossiers" xmlns:com="http://www.minfin.fgov.be/regondes2/extern/taxservice/common">
   <soapenv:Header/>
   <soapenv:Body>
      <v1:closedDossierRequest>
         <v1:messageContext>
            <v11:messageId>${=import static java.util.UUID.randomUUID; uuid = randomUUID() as String}</v11:messageId>
            <v11:timestamp>${=new java.text.SimpleDateFormat("yyyy-MM-dd'T'HH:mm:ss.SSS").format(new Date())}</v11:timestamp>
         </v1:messageContext>
         <v1:legalContext>ServiceIntegrator</v1:legalContext>
         <v1:request>
            <clos:closedDossier>
            	<!-- <clos:referenceFodFin>11223347</clos:referenceFodFin> --> <!-- Technical reference not found -->
               <!-- <clos:referenceFodFin>11223346</clos:referenceFodFin> --> <!-- Reference not found -->  
               <clos:referenceFodFin>11223346</clos:referenceFodFin> <!-- Requested dossier is already close -->
               <clos:fiscalYear>2017</clos:fiscalYear>
               <clos:initialService>
                  <com:technicalReference>technicalReference</com:technicalReference>
                  <com:type>AAF</com:type>
                  <clos:reference>reference</clos:reference>
               </clos:initialService>
               <clos:patrimonyInformation>
                  <clos:typeDossier>AA</clos:typeDossier>
                  <clos:patrimonyFrom>${=new java.text.SimpleDateFormat("yyyy-MM-dd").format(new Date())}</clos:patrimonyFrom>
                  <clos:patrimonyRef>1</clos:patrimonyRef>
                  <clos:cadastralDivisionCode>YYY</clos:cadastralDivisionCode>
                  <clos:articleNumber>51</clos:articleNumber>
               </clos:patrimonyInformation>
               <clos:report>
                  <clos:type>S</clos:type>
                  <clos:subtype>subtype</clos:subtype>
                  <clos:kind>INITIAL</clos:kind>
                  <clos:cadastralIncome>
                     <com:codeCadastralIncome>a</com:codeCadastralIncome>
                     <com:definitiveCadastralIncome>12</com:definitiveCadastralIncome>
                     <com:dateDefinitive>${=new java.text.SimpleDateFormat("yyyy-MM-dd").format(new Date())}</com:dateDefinitive>
                     <com:reasonDefinitive>my reason</com:reasonDefinitive>
                  </clos:cadastralIncome>
                  <clos:date>${=new java.text.SimpleDateFormat("yyyy-MM-dd").format(new Date())}</clos:date>
                  <clos:motivation>No motivation</clos:motivation>
                  <!--0 to 99 repetitions:-->
                  <clos:newState>
                     <!--1 to 999 repetitions:-->
                     <clos:parcel>
                        <clos:parcelNumber>
                           <clos:section>55254</clos:section>
                           <clos:groundNumber>9555</clos:groundNumber>
                           <clos:bisNumber>2525</clos:bisNumber>
                           <clos:exponent>1414</clos:exponent>
                           <clos:power>me</clos:power>
                           <clos:part>4</clos:part>
                        </clos:parcelNumber>
                        <clos:situation>invalid</clos:situation>
                        <clos:kind>no</clos:kind>
                        <clos:details>test</clos:details>
                        <!--You have a CHOICE of the next 2 items at this level-->
                        <clos:articleNumber>1141</clos:articleNumber>
                        <clos:sequenceNumber>3215</clos:sequenceNumber>
                        <!--0 to 99 repetitions:-->
                        <clos:cadastralInformation>
                           <clos:codeCadastralIncome>12</clos:codeCadastralIncome>
                           <clos:cadastralIncome>12</clos:cadastralIncome>
                           <clos:cadastralIncomePart>42</clos:cadastralIncomePart>
                           <clos:exemption>52</clos:exemption>
                           <clos:daysUnfruitful>5</clos:daysUnfruitful>
                        </clos:cadastralInformation>
                     </clos:parcel>
                     <!--1 to 999 repetitions:-->
                     <clos:owner>
                        <!--You have a CHOICE of the next 2 items at this level-->
                        <clos:person>
                           <!--You have a CHOICE of the next 3 items at this level-->
                           <clos:socialSecurityNumber>125</clos:socialSecurityNumber>
                           <clos:lastname>baptiste</clos:lastname>
                        </clos:person>
                        <clos:rights>Admin</clos:rights>
                        <clos:ownerType>LEGAL_PERSON</clos:ownerType>
                     </clos:owner>
                  </clos:newState>
               </clos:report>
               <!--0 to 99 repetitions:-->
               <clos:linkedDossier>
                  <clos:referenceInitialService>referenceInitialService</clos:referenceInitialService>
                  <clos:referenceFodFin>15</clos:referenceFodFin>
               </clos:linkedDossier>
               <!--0 to 99 repetitions:-->
               <clos:attachment>
                  <com:fileName>cirb</com:fileName>
                  <com:data>    1234   </com:data>
               </clos:attachment>
            </clos:closedDossier>
         </v1:request>
      </v1:closedDossierRequest>
   </soapenv:Body>
</soapenv:Envelope>]]></con:request><con:credentials><con:selectedAuthProfile>Basic</con:selectedAuthProfile><con:addedBasicAuthenticationTypes>Basic</con:addedBasicAuthenticationTypes><con:authType>Global HTTP Settings</con:authType></con:credentials><con:jmsConfig JMSDeliveryMode="PERSISTENT"/><con:jmsPropertyConfig/><con:wsaConfig mustUnderstand="NONE" version="200508" action="http://fidus.brussels/services/exportfromregondesservice/closedDossier"/><con:wsrmConfig version="1.2"/></con:call><con:call id="30fa1120-7de9-47cd-a7cc-28b189725e14" name="1 - Local - Request - Success" incomingWss="Inflow DEV" outgoingWss="Outflow DEV"><con:settings><con:setting id="com.eviware.soapui.impl.wsdl.WsdlRequest@request-headers">&lt;xml-fragment/></con:setting></con:settings><con:encoding>UTF-8</con:encoding><con:endpoint>https://localhost:8243/services/ExportFromRegondesService_v1.0</con:endpoint><con:request><![CDATA[<soapenv:Envelope xmlns:soapenv="http://schemas.xmlsoap.org/soap/envelope/" xmlns:v1="http://fidus.brussels/service/exportfromregondesservice/messages/v1" xmlns:v11="http://fidus.brussels/type/common/messages/v1" xmlns:clos="http://www.minfin.fgov.be/regondes2/extern/taxservice/exports/closedDossiers" xmlns:com="http://www.minfin.fgov.be/regondes2/extern/taxservice/common">
   <soapenv:Header/>
   <soapenv:Body>
      <v1:closedDossierRequest>
         <v1:messageContext>
            <v11:messageId>${=import static java.util.UUID.randomUUID; uuid = randomUUID() as String}</v11:messageId>
            <v11:timestamp>${=new java.text.SimpleDateFormat("yyyy-MM-dd'T'HH:mm:ss.SSS").format(new Date())}</v11:timestamp>
         </v1:messageContext>
         <v1:legalContext>ServiceIntegrator</v1:legalContext>
         <v1:request>
            <clos:closedDossier> 
               <clos:referenceFodFin>11223346</clos:referenceFodFin>
               <clos:fiscalYear>2017</clos:fiscalYear>
               <clos:initialService>
                  <com:technicalReference>technicalReference</com:technicalReference>
                  <com:type>VLABEL</com:type>
                  <clos:reference>reference</clos:reference>
               </clos:initialService>
               <clos:patrimonyInformation>
                  <clos:typeDossier>AA</clos:typeDossier>
                  <clos:patrimonyFrom>${=new java.text.SimpleDateFormat("yyyy-MM-dd").format(new Date())}</clos:patrimonyFrom>
                  <clos:patrimonyRef>1</clos:patrimonyRef>
                  <clos:cadastralDivisionCode>YYY</clos:cadastralDivisionCode>
                  <clos:articleNumber>51</clos:articleNumber>
               </clos:patrimonyInformation>
               <clos:report>
                  <clos:type>P</clos:type>
                  <clos:subtype>subtype</clos:subtype>
                  <clos:kind>INITIAL</clos:kind>
                  <clos:cadastralIncome>
                     <com:codeCadastralIncome>a</com:codeCadastralIncome>
                     <com:definitiveCadastralIncome>12</com:definitiveCadastralIncome>
                     <com:dateDefinitive>${=new java.text.SimpleDateFormat("yyyy-MM-dd").format(new Date())}</com:dateDefinitive>
                     <com:reasonDefinitive>my reason</com:reasonDefinitive>
                  </clos:cadastralIncome>
                  <clos:date>${=new java.text.SimpleDateFormat("yyyy-MM-dd").format(new Date())}</clos:date>
                  <clos:motivation>No motivation</clos:motivation>
                  <!--0 to 99 repetitions:-->
                  <clos:newState>
                     <!--1 to 999 repetitions:-->
                     <clos:parcel>
                        <clos:parcelNumber>
                           <clos:section>55254</clos:section>
                           <clos:groundNumber>9555</clos:groundNumber>
                           <clos:bisNumber>2525</clos:bisNumber>
                           <clos:exponent>1414</clos:exponent>
                           <clos:power>me</clos:power>
                           <clos:part>4</clos:part>
                        </clos:parcelNumber>
                        <clos:situation>invalid</clos:situation>
                        <clos:kind>no</clos:kind>
                        <clos:details>test</clos:details>
                        <!--You have a CHOICE of the next 2 items at this level-->
                        <clos:articleNumber>1141</clos:articleNumber>
                        <clos:sequenceNumber>3215</clos:sequenceNumber>
                        <!--0 to 99 repetitions:-->
                        <clos:cadastralInformation>
                           <clos:codeCadastralIncome>12</clos:codeCadastralIncome>
                           <clos:cadastralIncome>12</clos:cadastralIncome>
                           <clos:cadastralIncomePart>42</clos:cadastralIncomePart>
                           <clos:exemption>52</clos:exemption>
                           <clos:daysUnfruitful>5</clos:daysUnfruitful>
                        </clos:cadastralInformation>
                     </clos:parcel>
                     <!--1 to 999 repetitions:-->
                     <clos:owner>
                        <!--You have a CHOICE of the next 2 items at this level-->
                        <clos:person>
                           <!--You have a CHOICE of the next 3 items at this level-->
                           <clos:socialSecurityNumber>125</clos:socialSecurityNumber>
                           <clos:lastname>baptiste</clos:lastname>
                        </clos:person>
                        <clos:rights>Admin</clos:rights>
                        <clos:ownerType>LEGAL_PERSON</clos:ownerType>
                     </clos:owner>
                  </clos:newState>
               </clos:report>
               <!--0 to 99 repetitions:-->
               <clos:linkedDossier>
                  <clos:referenceInitialService>referenceInitialService</clos:referenceInitialService>
                  <clos:referenceFodFin>15</clos:referenceFodFin>
               </clos:linkedDossier>
               <!--0 to 99 repetitions:-->
               <clos:attachment>
                  <com:fileName>cirb</com:fileName>
                  <com:data>    1234   </com:data>
               </clos:attachment>
            </clos:closedDossier>
         </v1:request>
      </v1:closedDossierRequest>
   </soapenv:Body>
</soapenv:Envelope>]]></con:request><con:credentials><con:selectedAuthProfile>Basic</con:selectedAuthProfile><con:addedBasicAuthenticationTypes>Basic</con:addedBasicAuthenticationTypes><con:authType>Global HTTP Settings</con:authType></con:credentials><con:jmsConfig JMSDeliveryMode="PERSISTENT"/><con:jmsPropertyConfig/><con:wsaConfig mustUnderstand="NONE" version="200508" action="http://fidus.brussels/services/exportfromregondesservice/closedDossier"/><con:wsrmConfig version="1.2"/></con:call><con:call id="dc60e283-719d-4d9a-9a81-9a8732b9cc62" name="2 - Dev - Request - Success" outgoingWss="Outflow DEV" incomingWss="Inflow DEV"><con:settings><con:setting id="com.eviware.soapui.impl.wsdl.WsdlRequest@request-headers">&lt;xml-fragment/></con:setting></con:settings><con:encoding>UTF-8</con:encoding><con:endpoint>https://192.168.36.61:8243/services/ExportFromRegondesService_v1.0</con:endpoint><con:request><![CDATA[<soapenv:Envelope xmlns:soapenv="http://schemas.xmlsoap.org/soap/envelope/" xmlns:v1="http://fidus.brussels/service/exportfromregondesservice/messages/v1" xmlns:v11="http://fidus.brussels/type/common/messages/v1" xmlns:clos="http://www.minfin.fgov.be/regondes2/extern/taxservice/exports/closedDossiers" xmlns:com="http://www.minfin.fgov.be/regondes2/extern/taxservice/common">
   <soapenv:Header/>
   <soapenv:Body>
      <v1:closedDossierRequest>
         <v1:messageContext>
            <v11:messageId>${=import static java.util.UUID.randomUUID; uuid = randomUUID() as String}</v11:messageId>
            <v11:timestamp>${=new java.text.SimpleDateFormat("yyyy-MM-dd'T'HH:mm:ss.SSS").format(new Date())}</v11:timestamp>
         </v1:messageContext>
         <v1:legalContext>ServiceIntegrator</v1:legalContext>
         <v1:request>
            <clos:closedDossier> 
               <clos:referenceFodFin>11223344</clos:referenceFodFin>
               <clos:fiscalYear>2017</clos:fiscalYear>
               <clos:initialService>
                  <com:technicalReference>technicalReference</com:technicalReference>
                  <com:type>AAF</com:type>
                  <clos:reference>reference</clos:reference>
               </clos:initialService>
               <clos:patrimonyInformation>
                  <clos:typeDossier>AA</clos:typeDossier>
                  <clos:patrimonyFrom>${=new java.text.SimpleDateFormat("yyyy-MM-dd").format(new Date())}</clos:patrimonyFrom>
                  <clos:patrimonyRef>1</clos:patrimonyRef>
                  <clos:cadastralDivisionCode>YYY</clos:cadastralDivisionCode>
                  <clos:articleNumber>51</clos:articleNumber>
               </clos:patrimonyInformation>
               <clos:report>
                  <clos:type>S</clos:type>
                  <clos:subtype>subtype</clos:subtype>
                  <clos:kind>INITIAL</clos:kind>
                  <clos:cadastralIncome>
                     <com:codeCadastralIncome>a</com:codeCadastralIncome>
                     <com:definitiveCadastralIncome>12</com:definitiveCadastralIncome>
                     <com:dateDefinitive>${=new java.text.SimpleDateFormat("yyyy-MM-dd").format(new Date())}</com:dateDefinitive>
                     <com:reasonDefinitive>my reason</com:reasonDefinitive>
                  </clos:cadastralIncome>
                  <clos:date>${=new java.text.SimpleDateFormat("yyyy-MM-dd").format(new Date())}</clos:date>
                  <clos:motivation>No motivation</clos:motivation>
                  <!--0 to 99 repetitions:-->
                  <clos:newState>
                     <!--1 to 999 repetitions:-->
                     <clos:parcel>
                        <clos:parcelNumber>
                           <clos:section>55254</clos:section>
                           <clos:groundNumber>9555</clos:groundNumber>
                           <clos:bisNumber>2525</clos:bisNumber>
                           <clos:exponent>1414</clos:exponent>
                           <clos:power>me</clos:power>
                           <clos:part>4</clos:part>
                        </clos:parcelNumber>
                        <clos:situation>invalid</clos:situation>
                        <clos:kind>no</clos:kind>
                        <clos:details>test</clos:details>
                        <!--You have a CHOICE of the next 2 items at this level-->
                        <clos:articleNumber>1141</clos:articleNumber>
                        <clos:sequenceNumber>3215</clos:sequenceNumber>
                        <!--0 to 99 repetitions:-->
                        <clos:cadastralInformation>
                           <clos:codeCadastralIncome>12</clos:codeCadastralIncome>
                           <clos:cadastralIncome>12</clos:cadastralIncome>
                           <clos:cadastralIncomePart>42</clos:cadastralIncomePart>
                           <clos:exemption>52</clos:exemption>
                           <clos:daysUnfruitful>5</clos:daysUnfruitful>
                        </clos:cadastralInformation>
                     </clos:parcel>
                     <!--1 to 999 repetitions:-->
                     <clos:owner>
                        <!--You have a CHOICE of the next 2 items at this level-->
                        <clos:person>
                           <!--You have a CHOICE of the next 3 items at this level-->
                           <clos:socialSecurityNumber>125</clos:socialSecurityNumber>
                           <clos:lastname>baptiste</clos:lastname>
                        </clos:person>
                        <clos:rights>Admin</clos:rights>
                        <clos:ownerType>LEGAL_PERSON</clos:ownerType>
                     </clos:owner>
                  </clos:newState>
               </clos:report>
               <!--0 to 99 repetitions:-->
               <clos:linkedDossier>
                  <clos:referenceInitialService>referenceInitialService</clos:referenceInitialService>
                  <clos:referenceFodFin>15</clos:referenceFodFin>
               </clos:linkedDossier>
               <!--0 to 99 repetitions:-->
               <clos:attachment>
                  <com:fileName>cirb</com:fileName>
                  <com:data>    1234   </com:data>
               </clos:attachment>
            </clos:closedDossier>
         </v1:request>
      </v1:closedDossierRequest>
   </soapenv:Body>
</soapenv:Envelope>]]></con:request><con:credentials><con:selectedAuthProfile>Basic</con:selectedAuthProfile><con:addedBasicAuthenticationTypes>Basic</con:addedBasicAuthenticationTypes><con:authType>Global HTTP Settings</con:authType></con:credentials><con:jmsConfig JMSDeliveryMode="PERSISTENT"/><con:jmsPropertyConfig/><con:wsaConfig mustUnderstand="NONE" version="200508" action="http://fidus.brussels/services/exportfromregondesservice/closedDossier"/><con:wsrmConfig version="1.2"/></con:call><con:call id="91913852-6173-400c-a071-565eba830524" name="2 - Dev - Request - Error" outgoingWss="Outflow DEV" incomingWss="Inflow DEV"><con:settings><con:setting id="com.eviware.soapui.impl.wsdl.WsdlRequest@request-headers">&lt;xml-fragment/></con:setting></con:settings><con:encoding>UTF-8</con:encoding><con:endpoint>https://192.168.36.61:8243/services/ExportFromRegondesService_v1.0</con:endpoint><con:request><![CDATA[<soapenv:Envelope xmlns:soapenv="http://schemas.xmlsoap.org/soap/envelope/" xmlns:v1="http://fidus.brussels/service/exportfromregondesservice/messages/v1" xmlns:v11="http://fidus.brussels/type/common/messages/v1" xmlns:clos="http://www.minfin.fgov.be/regondes2/extern/taxservice/exports/closedDossiers" xmlns:com="http://www.minfin.fgov.be/regondes2/extern/taxservice/common">
   <soapenv:Header/>
   <soapenv:Body>
      <v1:closedDossierRequest>
         <v1:messageContext>
            <v11:messageId>${=import static java.util.UUID.randomUUID; uuid = randomUUID() as String}</v11:messageId>
            <v11:timestamp>${=new java.text.SimpleDateFormat("yyyy-MM-dd'T'HH:mm:ss.SSS").format(new Date())}</v11:timestamp>
         </v1:messageContext>
         <v1:legalContext>ServiceIntegrator</v1:legalContext>
         <v1:request>
            <clos:closedDossier>
            	<!-- <clos:referenceFodFin>11223347</clos:referenceFodFin> --> <!-- Technical reference not found -->
               <!-- <clos:referenceFodFin>11223346</clos:referenceFodFin> --> <!-- Reference not found -->  
               <clos:referenceFodFin>11223345</clos:referenceFodFin> <!-- Requested dossier is already close -->
               <clos:fiscalYear>2017</clos:fiscalYear>
               <clos:initialService>
                  <com:technicalReference>technicalReference</com:technicalReference>
                  <com:type>AAF</com:type>
                  <clos:reference>reference</clos:reference>
               </clos:initialService>
               <clos:patrimonyInformation>
                  <clos:typeDossier>AA</clos:typeDossier>
                  <clos:patrimonyFrom>${=new java.text.SimpleDateFormat("yyyy-MM-dd").format(new Date())}</clos:patrimonyFrom>
                  <clos:patrimonyRef>1</clos:patrimonyRef>
                  <clos:cadastralDivisionCode>YYY</clos:cadastralDivisionCode>
                  <clos:articleNumber>51</clos:articleNumber>
               </clos:patrimonyInformation>
               <clos:report>
                  <clos:type>S</clos:type>
                  <clos:subtype>subtype</clos:subtype>
                  <clos:kind>INITIAL</clos:kind>
                  <clos:cadastralIncome>
                     <com:codeCadastralIncome>a</com:codeCadastralIncome>
                     <com:definitiveCadastralIncome>12</com:definitiveCadastralIncome>
                     <com:dateDefinitive>${=new java.text.SimpleDateFormat("yyyy-MM-dd").format(new Date())}</com:dateDefinitive>
                     <com:reasonDefinitive>my reason</com:reasonDefinitive>
                  </clos:cadastralIncome>
                  <clos:date>${=new java.text.SimpleDateFormat("yyyy-MM-dd").format(new Date())}</clos:date>
                  <clos:motivation>No motivation</clos:motivation>
                  <!--0 to 99 repetitions:-->
                  <clos:newState>
                     <!--1 to 999 repetitions:-->
                     <clos:parcel>
                        <clos:parcelNumber>
                           <clos:section>55254</clos:section>
                           <clos:groundNumber>9555</clos:groundNumber>
                           <clos:bisNumber>2525</clos:bisNumber>
                           <clos:exponent>1414</clos:exponent>
                           <clos:power>me</clos:power>
                           <clos:part>4</clos:part>
                        </clos:parcelNumber>
                        <clos:situation>invalid</clos:situation>
                        <clos:kind>no</clos:kind>
                        <clos:details>test</clos:details>
                        <!--You have a CHOICE of the next 2 items at this level-->
                        <clos:articleNumber>1141</clos:articleNumber>
                        <clos:sequenceNumber>3215</clos:sequenceNumber>
                        <!--0 to 99 repetitions:-->
                        <clos:cadastralInformation>
                           <clos:codeCadastralIncome>12</clos:codeCadastralIncome>
                           <clos:cadastralIncome>12</clos:cadastralIncome>
                           <clos:cadastralIncomePart>42</clos:cadastralIncomePart>
                           <clos:exemption>52</clos:exemption>
                           <clos:daysUnfruitful>5</clos:daysUnfruitful>
                        </clos:cadastralInformation>
                     </clos:parcel>
                     <!--1 to 999 repetitions:-->
                     <clos:owner>
                        <!--You have a CHOICE of the next 2 items at this level-->
                        <clos:person>
                           <!--You have a CHOICE of the next 3 items at this level-->
                           <clos:socialSecurityNumber>125</clos:socialSecurityNumber>
                           <clos:lastname>baptiste</clos:lastname>
                        </clos:person>
                        <clos:rights>Admin</clos:rights>
                        <clos:ownerType>LEGAL_PERSON</clos:ownerType>
                     </clos:owner>
                  </clos:newState>
               </clos:report>
               <!--0 to 99 repetitions:-->
               <clos:linkedDossier>
                  <clos:referenceInitialService>referenceInitialService</clos:referenceInitialService>
                  <clos:referenceFodFin>15</clos:referenceFodFin>
               </clos:linkedDossier>
               <!--0 to 99 repetitions:-->
               <clos:attachment>
                  <com:fileName>cirb</com:fileName>
                  <com:data>    1234   </com:data>
               </clos:attachment>
            </clos:closedDossier>
         </v1:request>
      </v1:closedDossierRequest>
   </soapenv:Body>
</soapenv:Envelope>]]></con:request><con:credentials><con:selectedAuthProfile>Basic</con:selectedAuthProfile><con:addedBasicAuthenticationTypes>Basic</con:addedBasicAuthenticationTypes><con:authType>Global HTTP Settings</con:authType></con:credentials><con:jmsConfig JMSDeliveryMode="PERSISTENT"/><con:jmsPropertyConfig/><con:wsaConfig mustUnderstand="NONE" version="200508" action="http://fidus.brussels/services/exportfromregondesservice/closedDossier"/><con:wsrmConfig version="1.2"/></con:call><con:call id="7b8f34a3-98a9-4550-bb5f-4933b7af72c4" name="3 - Test - LB - Request" outgoingWss="Outflow TEST" incomingWss="Inflow TEST"><con:settings><con:setting id="com.eviware.soapui.impl.wsdl.WsdlRequest@request-headers">&lt;xml-fragment/></con:setting></con:settings><con:encoding>UTF-8</con:encoding><con:endpoint>https://esb-security-gw.sta.srv.cirb.lan:8443/services/ExportFromRegondesService_v1.0</con:endpoint><con:request><![CDATA[<soapenv:Envelope xmlns:soapenv="http://schemas.xmlsoap.org/soap/envelope/" xmlns:v1="http://fidus.brussels/service/exportfromregondesservice/messages/v1" xmlns:v11="http://fidus.brussels/type/common/messages/v1" xmlns:clos="http://www.minfin.fgov.be/regondes2/extern/taxservice/exports/closedDossiers" xmlns:com="http://www.minfin.fgov.be/regondes2/extern/taxservice/common">
   <soapenv:Header/>
   <soapenv:Body>
      <v1:closedDossierRequest>
         <v1:messageContext>
            <v11:messageId>${=import static java.util.UUID.randomUUID; uuid = randomUUID() as String}</v11:messageId>
            <v11:timestamp>${=new java.text.SimpleDateFormat("yyyy-MM-dd'T'HH:mm:ss.SSS").format(new Date())}</v11:timestamp>
         </v1:messageContext>
         <v1:legalContext>ServiceIntegrator</v1:legalContext>
         <v1:request>
            <clos:closedDossier> 
               <clos:referenceFodFin>11223344</clos:referenceFodFin>
               <clos:fiscalYear>2017</clos:fiscalYear>
               <clos:initialService>
                  <com:technicalReference>technicalReference</com:technicalReference>
                  <com:type>AAF</com:type>
                  <clos:reference>reference</clos:reference>
               </clos:initialService>
               <clos:patrimonyInformation>
                  <clos:typeDossier>AA</clos:typeDossier>
                  <clos:patrimonyFrom>${=new java.text.SimpleDateFormat("yyyy-MM-dd").format(new Date())}</clos:patrimonyFrom>
                  <clos:patrimonyRef>1</clos:patrimonyRef>
                  <clos:cadastralDivisionCode>YYY</clos:cadastralDivisionCode>
                  <clos:articleNumber>51</clos:articleNumber>
               </clos:patrimonyInformation>
               <clos:report>
                  <clos:type>S</clos:type>
                  <clos:subtype>subtype</clos:subtype>
                  <clos:kind>INITIAL</clos:kind>
                  <clos:cadastralIncome>
                     <com:codeCadastralIncome>a</com:codeCadastralIncome>
                     <com:definitiveCadastralIncome>12</com:definitiveCadastralIncome>
                     <com:dateDefinitive>${=new java.text.SimpleDateFormat("yyyy-MM-dd").format(new Date())}</com:dateDefinitive>
                     <com:reasonDefinitive>my reason</com:reasonDefinitive>
                  </clos:cadastralIncome>
                  <clos:date>${=new java.text.SimpleDateFormat("yyyy-MM-dd").format(new Date())}</clos:date>
                  <clos:motivation>No motivation</clos:motivation>
                  <!--0 to 99 repetitions:-->
                  <clos:newState>
                     <!--1 to 999 repetitions:-->
                     <clos:parcel>
                        <clos:parcelNumber>
                           <clos:section>55254</clos:section>
                           <clos:groundNumber>9555</clos:groundNumber>
                           <clos:bisNumber>2525</clos:bisNumber>
                           <clos:exponent>1414</clos:exponent>
                           <clos:power>me</clos:power>
                           <clos:part>4</clos:part>
                        </clos:parcelNumber>
                        <clos:situation>invalid</clos:situation>
                        <clos:kind>no</clos:kind>
                        <clos:details>test</clos:details>
                        <!--You have a CHOICE of the next 2 items at this level-->
                        <clos:articleNumber>1141</clos:articleNumber>
                        <clos:sequenceNumber>3215</clos:sequenceNumber>
                        <!--0 to 99 repetitions:-->
                        <clos:cadastralInformation>
                           <clos:codeCadastralIncome>12</clos:codeCadastralIncome>
                           <clos:cadastralIncome>12</clos:cadastralIncome>
                           <clos:cadastralIncomePart>42</clos:cadastralIncomePart>
                           <clos:exemption>52</clos:exemption>
                           <clos:daysUnfruitful>5</clos:daysUnfruitful>
                        </clos:cadastralInformation>
                     </clos:parcel>
                     <!--1 to 999 repetitions:-->
                     <clos:owner>
                        <!--You have a CHOICE of the next 2 items at this level-->
                        <clos:person>
                           <!--You have a CHOICE of the next 3 items at this level-->
                           <clos:socialSecurityNumber>125</clos:socialSecurityNumber>
                           <clos:lastname>baptiste</clos:lastname>
                        </clos:person>
                        <clos:rights>Admin</clos:rights>
                        <clos:ownerType>LEGAL_PERSON</clos:ownerType>
                     </clos:owner>
                  </clos:newState>
               </clos:report>
               <!--0 to 99 repetitions:-->
               <clos:linkedDossier>
                  <clos:referenceInitialService>referenceInitialService</clos:referenceInitialService>
                  <clos:referenceFodFin>15</clos:referenceFodFin>
               </clos:linkedDossier>
               <!--0 to 99 repetitions:-->
               <clos:attachment>
                  <com:fileName>cirb</com:fileName>
                  <com:data>    1234   </com:data>
               </clos:attachment>
            </clos:closedDossier>
         </v1:request>
      </v1:closedDossierRequest>
   </soapenv:Body>
</soapenv:Envelope>]]></con:request><con:credentials><con:selectedAuthProfile>Basic</con:selectedAuthProfile><con:addedBasicAuthenticationTypes>Basic</con:addedBasicAuthenticationTypes><con:authType>Global HTTP Settings</con:authType></con:credentials><con:jmsConfig JMSDeliveryMode="PERSISTENT"/><con:jmsPropertyConfig/><con:wsaConfig mustUnderstand="NONE" version="200508" action="http://fidus.brussels/services/exportfromregondesservice/closedDossier"/><con:wsrmConfig version="1.2"/></con:call><con:call id="cb38ec83-1105-41ae-9ce1-c8ca5a40b99c" name="3 - Test - Worker1 - Request" incomingWss="Inflow TEST" outgoingWss="Outflow TEST"><con:settings><con:setting id="com.eviware.soapui.impl.wsdl.WsdlRequest@request-headers">&lt;xml-fragment/></con:setting></con:settings><con:encoding>UTF-8</con:encoding><con:endpoint>https://192.168.22.53:8443/services/ExportFromRegondesService_v1.0</con:endpoint><con:request><![CDATA[<soapenv:Envelope xmlns:soapenv="http://schemas.xmlsoap.org/soap/envelope/" xmlns:v1="http://fidus.brussels/service/exportfromregondesservice/messages/v1" xmlns:v11="http://fidus.brussels/type/common/messages/v1" xmlns:clos="http://www.minfin.fgov.be/regondes2/extern/taxservice/exports/closedDossiers" xmlns:com="http://www.minfin.fgov.be/regondes2/extern/taxservice/common">
   <soapenv:Header/>
   <soapenv:Body>
      <v1:closedDossierRequest>
         <v1:messageContext>
            <v11:messageId>${=import static java.util.UUID.randomUUID; uuid = randomUUID() as String}</v11:messageId>
            <v11:timestamp>${=new java.text.SimpleDateFormat("yyyy-MM-dd'T'HH:mm:ss.SSS").format(new Date())}</v11:timestamp>
         </v1:messageContext>
         <v1:legalContext>ServiceIntegrator</v1:legalContext>
         <v1:request>
            <clos:closedDossier> 
               <clos:referenceFodFin>11223344</clos:referenceFodFin>
               <clos:fiscalYear>2017</clos:fiscalYear>
               <clos:initialService>
                  <com:technicalReference>technicalReference</com:technicalReference>
                  <com:type>AAF</com:type>
                  <clos:reference>reference</clos:reference>
               </clos:initialService>
               <clos:patrimonyInformation>
                  <clos:typeDossier>AA</clos:typeDossier>
                  <clos:patrimonyFrom>${=new java.text.SimpleDateFormat("yyyy-MM-dd").format(new Date())}</clos:patrimonyFrom>
                  <clos:patrimonyRef>1</clos:patrimonyRef>
                  <clos:cadastralDivisionCode>YYY</clos:cadastralDivisionCode>
                  <clos:articleNumber>51</clos:articleNumber>
               </clos:patrimonyInformation>
               <clos:report>
                  <clos:type>S</clos:type>
                  <clos:subtype>subtype</clos:subtype>
                  <clos:kind>INITIAL</clos:kind>
                  <clos:cadastralIncome>
                     <com:codeCadastralIncome>a</com:codeCadastralIncome>
                     <com:definitiveCadastralIncome>12</com:definitiveCadastralIncome>
                     <com:dateDefinitive>${=new java.text.SimpleDateFormat("yyyy-MM-dd").format(new Date())}</com:dateDefinitive>
                     <com:reasonDefinitive>my reason</com:reasonDefinitive>
                  </clos:cadastralIncome>
                  <clos:date>${=new java.text.SimpleDateFormat("yyyy-MM-dd").format(new Date())}</clos:date>
                  <clos:motivation>No motivation</clos:motivation>
                  <!--0 to 99 repetitions:-->
                  <clos:newState>
                     <!--1 to 999 repetitions:-->
                     <clos:parcel>
                        <clos:parcelNumber>
                           <clos:section>55254</clos:section>
                           <clos:groundNumber>9555</clos:groundNumber>
                           <clos:bisNumber>2525</clos:bisNumber>
                           <clos:exponent>1414</clos:exponent>
                           <clos:power>me</clos:power>
                           <clos:part>4</clos:part>
                        </clos:parcelNumber>
                        <clos:situation>invalid</clos:situation>
                        <clos:kind>no</clos:kind>
                        <clos:details>test</clos:details>
                        <!--You have a CHOICE of the next 2 items at this level-->
                        <clos:articleNumber>1141</clos:articleNumber>
                        <clos:sequenceNumber>3215</clos:sequenceNumber>
                        <!--0 to 99 repetitions:-->
                        <clos:cadastralInformation>
                           <clos:codeCadastralIncome>12</clos:codeCadastralIncome>
                           <clos:cadastralIncome>12</clos:cadastralIncome>
                           <clos:cadastralIncomePart>42</clos:cadastralIncomePart>
                           <clos:exemption>52</clos:exemption>
                           <clos:daysUnfruitful>5</clos:daysUnfruitful>
                        </clos:cadastralInformation>
                     </clos:parcel>
                     <!--1 to 999 repetitions:-->
                     <clos:owner>
                        <!--You have a CHOICE of the next 2 items at this level-->
                        <clos:person>
                           <!--You have a CHOICE of the next 3 items at this level-->
                           <clos:socialSecurityNumber>125</clos:socialSecurityNumber>
                           <clos:lastname>baptiste</clos:lastname>
                        </clos:person>
                        <clos:rights>Admin</clos:rights>
                        <clos:ownerType>LEGAL_PERSON</clos:ownerType>
                     </clos:owner>
                  </clos:newState>
               </clos:report>
               <!--0 to 99 repetitions:-->
               <clos:linkedDossier>
                  <clos:referenceInitialService>referenceInitialService</clos:referenceInitialService>
                  <clos:referenceFodFin>15</clos:referenceFodFin>
               </clos:linkedDossier>
               <!--0 to 99 repetitions:-->
               <clos:attachment>
                  <com:fileName>cirb</com:fileName>
                  <com:data>    1234   </com:data>
               </clos:attachment>
            </clos:closedDossier>
         </v1:request>
      </v1:closedDossierRequest>
   </soapenv:Body>
</soapenv:Envelope>]]></con:request><con:credentials><con:selectedAuthProfile>Basic</con:selectedAuthProfile><con:addedBasicAuthenticationTypes>Basic</con:addedBasicAuthenticationTypes><con:authType>Global HTTP Settings</con:authType></con:credentials><con:jmsConfig JMSDeliveryMode="PERSISTENT"/><con:jmsPropertyConfig/><con:wsaConfig mustUnderstand="NONE" version="200508" action="http://fidus.brussels/services/exportfromregondesservice/closedDossier"/><con:wsrmConfig version="1.2"/></con:call><con:call id="e72c2eb4-66c2-4fe1-a837-42484fa88654" name="3 - Test - Worker2 - Request" incomingWss="Inflow TEST" outgoingWss="Outflow TEST"><con:settings><con:setting id="com.eviware.soapui.impl.wsdl.WsdlRequest@request-headers">&lt;xml-fragment/></con:setting></con:settings><con:encoding>UTF-8</con:encoding><con:endpoint>https://192.168.22.54:8443/services/ExportFromRegondesService_v1.0</con:endpoint><con:request><![CDATA[<soapenv:Envelope xmlns:soapenv="http://schemas.xmlsoap.org/soap/envelope/" xmlns:v1="http://fidus.brussels/service/exportfromregondesservice/messages/v1" xmlns:v11="http://fidus.brussels/type/common/messages/v1" xmlns:clos="http://www.minfin.fgov.be/regondes2/extern/taxservice/exports/closedDossiers" xmlns:com="http://www.minfin.fgov.be/regondes2/extern/taxservice/common">
   <soapenv:Header/>
   <soapenv:Body>
      <v1:closedDossierRequest>
         <v1:messageContext>
            <v11:messageId>${=import static java.util.UUID.randomUUID; uuid = randomUUID() as String}</v11:messageId>
            <v11:timestamp>${=new java.text.SimpleDateFormat("yyyy-MM-dd'T'HH:mm:ss.SSS").format(new Date())}</v11:timestamp>
         </v1:messageContext>
         <v1:legalContext>ServiceIntegrator</v1:legalContext>
         <v1:request>
            <clos:closedDossier> 
               <clos:referenceFodFin>11223344</clos:referenceFodFin>
               <clos:fiscalYear>2017</clos:fiscalYear>
               <clos:initialService>
                  <com:technicalReference>technicalReference</com:technicalReference>
                  <com:type>AAF</com:type>
                  <clos:reference>reference</clos:reference>
               </clos:initialService>
               <clos:patrimonyInformation>
                  <clos:typeDossier>AA</clos:typeDossier>
                  <clos:patrimonyFrom>${=new java.text.SimpleDateFormat("yyyy-MM-dd").format(new Date())}</clos:patrimonyFrom>
                  <clos:patrimonyRef>1</clos:patrimonyRef>
                  <clos:cadastralDivisionCode>YYY</clos:cadastralDivisionCode>
                  <clos:articleNumber>51</clos:articleNumber>
               </clos:patrimonyInformation>
               <clos:report>
                  <clos:type>S</clos:type>
                  <clos:subtype>subtype</clos:subtype>
                  <clos:kind>INITIAL</clos:kind>
                  <clos:cadastralIncome>
                     <com:codeCadastralIncome>a</com:codeCadastralIncome>
                     <com:definitiveCadastralIncome>12</com:definitiveCadastralIncome>
                     <com:dateDefinitive>${=new java.text.SimpleDateFormat("yyyy-MM-dd").format(new Date())}</com:dateDefinitive>
                     <com:reasonDefinitive>my reason</com:reasonDefinitive>
                  </clos:cadastralIncome>
                  <clos:date>${=new java.text.SimpleDateFormat("yyyy-MM-dd").format(new Date())}</clos:date>
                  <clos:motivation>No motivation</clos:motivation>
                  <!--0 to 99 repetitions:-->
                  <clos:newState>
                     <!--1 to 999 repetitions:-->
                     <clos:parcel>
                        <clos:parcelNumber>
                           <clos:section>55254</clos:section>
                           <clos:groundNumber>9555</clos:groundNumber>
                           <clos:bisNumber>2525</clos:bisNumber>
                           <clos:exponent>1414</clos:exponent>
                           <clos:power>me</clos:power>
                           <clos:part>4</clos:part>
                        </clos:parcelNumber>
                        <clos:situation>invalid</clos:situation>
                        <clos:kind>no</clos:kind>
                        <clos:details>test</clos:details>
                        <!--You have a CHOICE of the next 2 items at this level-->
                        <clos:articleNumber>1141</clos:articleNumber>
                        <clos:sequenceNumber>3215</clos:sequenceNumber>
                        <!--0 to 99 repetitions:-->
                        <clos:cadastralInformation>
                           <clos:codeCadastralIncome>12</clos:codeCadastralIncome>
                           <clos:cadastralIncome>12</clos:cadastralIncome>
                           <clos:cadastralIncomePart>42</clos:cadastralIncomePart>
                           <clos:exemption>52</clos:exemption>
                           <clos:daysUnfruitful>5</clos:daysUnfruitful>
                        </clos:cadastralInformation>
                     </clos:parcel>
                     <!--1 to 999 repetitions:-->
                     <clos:owner>
                        <!--You have a CHOICE of the next 2 items at this level-->
                        <clos:person>
                           <!--You have a CHOICE of the next 3 items at this level-->
                           <clos:socialSecurityNumber>125</clos:socialSecurityNumber>
                           <clos:lastname>baptiste</clos:lastname>
                        </clos:person>
                        <clos:rights>Admin</clos:rights>
                        <clos:ownerType>LEGAL_PERSON</clos:ownerType>
                     </clos:owner>
                  </clos:newState>
               </clos:report>
               <!--0 to 99 repetitions:-->
               <clos:linkedDossier>
                  <clos:referenceInitialService>referenceInitialService</clos:referenceInitialService>
                  <clos:referenceFodFin>15</clos:referenceFodFin>
               </clos:linkedDossier>
               <!--0 to 99 repetitions:-->
               <clos:attachment>
                  <com:fileName>cirb</com:fileName>
                  <com:data>    1234   </com:data>
               </clos:attachment>
            </clos:closedDossier>
         </v1:request>
      </v1:closedDossierRequest>
   </soapenv:Body>
</soapenv:Envelope>]]></con:request><con:credentials><con:selectedAuthProfile>Basic</con:selectedAuthProfile><con:addedBasicAuthenticationTypes>Basic</con:addedBasicAuthenticationTypes><con:authType>Global HTTP Settings</con:authType></con:credentials><con:jmsConfig JMSDeliveryMode="PERSISTENT"/><con:jmsPropertyConfig/><con:wsaConfig mustUnderstand="NONE" version="200508" action="http://fidus.brussels/services/exportfromregondesservice/closedDossier"/><con:wsrmConfig version="1.2"/></con:call><con:call id="06e6449f-a086-4cc9-a0a7-6b55d29f0779" name="4 - Staging - LB - Request" incomingWss="Inflow STAGING" outgoingWss="Outflow STAGING"><con:settings><con:setting id="com.eviware.soapui.impl.wsdl.WsdlRequest@request-headers">&lt;xml-fragment/></con:setting></con:settings><con:encoding>UTF-8</con:encoding><con:endpoint>https://fidus-esb-sg.sta.srv.cirb.lan:8443/services/ExportFromRegondesService_v1.0</con:endpoint><con:request><![CDATA[<soapenv:Envelope xmlns:soapenv="http://schemas.xmlsoap.org/soap/envelope/" xmlns:v1="http://fidus.brussels/service/exportfromregondesservice/messages/v1" xmlns:v11="http://fidus.brussels/type/common/messages/v1" xmlns:clos="http://www.minfin.fgov.be/regondes2/extern/taxservice/exports/closedDossiers" xmlns:com="http://www.minfin.fgov.be/regondes2/extern/taxservice/common">
   <soapenv:Header/>
   <soapenv:Body>
      <v1:closedDossierRequest>
         <v1:messageContext>
            <v11:messageId>${=import static java.util.UUID.randomUUID; uuid = randomUUID() as String}</v11:messageId>
            <v11:timestamp>${=new java.text.SimpleDateFormat("yyyy-MM-dd'T'HH:mm:ss.SSS").format(new Date())}</v11:timestamp>
         </v1:messageContext>
         <v1:legalContext>ServiceIntegrator</v1:legalContext>
         <v1:request>
            <clos:closedDossier> 
               <clos:referenceFodFin>11223344</clos:referenceFodFin>
               <clos:fiscalYear>2017</clos:fiscalYear>
               <clos:initialService>
                  <com:technicalReference>technicalReference</com:technicalReference>
                  <com:type>AAF</com:type>
                  <clos:reference>reference</clos:reference>
               </clos:initialService>
               <clos:patrimonyInformation>
                  <clos:typeDossier>AA</clos:typeDossier>
                  <clos:patrimonyFrom>${=new java.text.SimpleDateFormat("yyyy-MM-dd").format(new Date())}</clos:patrimonyFrom>
                  <clos:patrimonyRef>1</clos:patrimonyRef>
                  <clos:cadastralDivisionCode>YYY</clos:cadastralDivisionCode>
                  <clos:articleNumber>51</clos:articleNumber>
               </clos:patrimonyInformation>
               <clos:report>
                  <clos:type>S</clos:type>
                  <clos:subtype>subtype</clos:subtype>
                  <clos:kind>INITIAL</clos:kind>
                  <clos:cadastralIncome>
                     <com:codeCadastralIncome>a</com:codeCadastralIncome>
                     <com:definitiveCadastralIncome>12</com:definitiveCadastralIncome>
                     <com:dateDefinitive>${=new java.text.SimpleDateFormat("yyyy-MM-dd").format(new Date())}</com:dateDefinitive>
                     <com:reasonDefinitive>my reason</com:reasonDefinitive>
                  </clos:cadastralIncome>
                  <clos:date>${=new java.text.SimpleDateFormat("yyyy-MM-dd").format(new Date())}</clos:date>
                  <clos:motivation>No motivation</clos:motivation>
                  <!--0 to 99 repetitions:-->
                  <clos:newState>
                     <!--1 to 999 repetitions:-->
                     <clos:parcel>
                        <clos:parcelNumber>
                           <clos:section>55254</clos:section>
                           <clos:groundNumber>9555</clos:groundNumber>
                           <clos:bisNumber>2525</clos:bisNumber>
                           <clos:exponent>1414</clos:exponent>
                           <clos:power>me</clos:power>
                           <clos:part>4</clos:part>
                        </clos:parcelNumber>
                        <clos:situation>invalid</clos:situation>
                        <clos:kind>no</clos:kind>
                        <clos:details>test</clos:details>
                        <!--You have a CHOICE of the next 2 items at this level-->
                        <clos:articleNumber>1141</clos:articleNumber>
                        <clos:sequenceNumber>3215</clos:sequenceNumber>
                        <!--0 to 99 repetitions:-->
                        <clos:cadastralInformation>
                           <clos:codeCadastralIncome>12</clos:codeCadastralIncome>
                           <clos:cadastralIncome>12</clos:cadastralIncome>
                           <clos:cadastralIncomePart>42</clos:cadastralIncomePart>
                           <clos:exemption>52</clos:exemption>
                           <clos:daysUnfruitful>5</clos:daysUnfruitful>
                        </clos:cadastralInformation>
                     </clos:parcel>
                     <!--1 to 999 repetitions:-->
                     <clos:owner>
                        <!--You have a CHOICE of the next 2 items at this level-->
                        <clos:person>
                           <!--You have a CHOICE of the next 3 items at this level-->
                           <clos:socialSecurityNumber>125</clos:socialSecurityNumber>
                           <clos:lastname>baptiste</clos:lastname>
                        </clos:person>
                        <clos:rights>Admin</clos:rights>
                        <clos:ownerType>LEGAL_PERSON</clos:ownerType>
                     </clos:owner>
                  </clos:newState>
               </clos:report>
               <!--0 to 99 repetitions:-->
               <clos:linkedDossier>
                  <clos:referenceInitialService>referenceInitialService</clos:referenceInitialService>
                  <clos:referenceFodFin>15</clos:referenceFodFin>
               </clos:linkedDossier>
               <!--0 to 99 repetitions:-->
               <clos:attachment>
                  <com:fileName>cirb</com:fileName>
                  <com:data>    1234   </com:data>
               </clos:attachment>
            </clos:closedDossier>
         </v1:request>
      </v1:closedDossierRequest>
   </soapenv:Body>
</soapenv:Envelope>]]></con:request><con:credentials><con:selectedAuthProfile>Basic</con:selectedAuthProfile><con:addedBasicAuthenticationTypes>Basic</con:addedBasicAuthenticationTypes><con:authType>Global HTTP Settings</con:authType></con:credentials><con:jmsConfig JMSDeliveryMode="PERSISTENT"/><con:jmsPropertyConfig/><con:wsaConfig mustUnderstand="NONE" version="200508" action="http://fidus.brussels/services/exportfromregondesservice/closedDossier"/><con:wsrmConfig version="1.2"/></con:call><con:call id="7905fe7a-59be-48de-ac4d-4014b10e01c5" name="4 - Staging - Worker1 - Request" incomingWss="Inflow STAGING" outgoingWss="Outflow STAGING"><con:settings><con:setting id="com.eviware.soapui.impl.wsdl.WsdlRequest@request-headers">&lt;xml-fragment/></con:setting></con:settings><con:encoding>UTF-8</con:encoding><con:endpoint>https://192.168.24.16:8443/services/ExportFromRegondesService_v1.0</con:endpoint><con:request><![CDATA[<soapenv:Envelope xmlns:soapenv="http://schemas.xmlsoap.org/soap/envelope/" xmlns:v1="http://fidus.brussels/service/exportfromregondesservice/messages/v1" xmlns:v11="http://fidus.brussels/type/common/messages/v1" xmlns:clos="http://www.minfin.fgov.be/regondes2/extern/taxservice/exports/closedDossiers" xmlns:com="http://www.minfin.fgov.be/regondes2/extern/taxservice/common">
   <soapenv:Header/>
   <soapenv:Body>
      <v1:closedDossierRequest>
         <v1:messageContext>
            <v11:messageId>${=import static java.util.UUID.randomUUID; uuid = randomUUID() as String}</v11:messageId>
            <v11:timestamp>${=new java.text.SimpleDateFormat("yyyy-MM-dd'T'HH:mm:ss.SSS").format(new Date())}</v11:timestamp>
         </v1:messageContext>
         <v1:legalContext>ServiceIntegrator</v1:legalContext>
         <v1:request>
            <clos:closedDossier> 
               <clos:referenceFodFin>11223344</clos:referenceFodFin>
               <clos:fiscalYear>2017</clos:fiscalYear>
               <clos:initialService>
                  <com:technicalReference>technicalReference</com:technicalReference>
                  <com:type>AAF</com:type>
                  <clos:reference>reference</clos:reference>
               </clos:initialService>
               <clos:patrimonyInformation>
                  <clos:typeDossier>AA</clos:typeDossier>
                  <clos:patrimonyFrom>${=new java.text.SimpleDateFormat("yyyy-MM-dd").format(new Date())}</clos:patrimonyFrom>
                  <clos:patrimonyRef>1</clos:patrimonyRef>
                  <clos:cadastralDivisionCode>YYY</clos:cadastralDivisionCode>
                  <clos:articleNumber>51</clos:articleNumber>
               </clos:patrimonyInformation>
               <clos:report>
                  <clos:type>S</clos:type>
                  <clos:subtype>subtype</clos:subtype>
                  <clos:kind>INITIAL</clos:kind>
                  <clos:cadastralIncome>
                     <com:codeCadastralIncome>a</com:codeCadastralIncome>
                     <com:definitiveCadastralIncome>12</com:definitiveCadastralIncome>
                     <com:dateDefinitive>${=new java.text.SimpleDateFormat("yyyy-MM-dd").format(new Date())}</com:dateDefinitive>
                     <com:reasonDefinitive>my reason</com:reasonDefinitive>
                  </clos:cadastralIncome>
                  <clos:date>${=new java.text.SimpleDateFormat("yyyy-MM-dd").format(new Date())}</clos:date>
                  <clos:motivation>No motivation</clos:motivation>
                  <!--0 to 99 repetitions:-->
                  <clos:newState>
                     <!--1 to 999 repetitions:-->
                     <clos:parcel>
                        <clos:parcelNumber>
                           <clos:section>55254</clos:section>
                           <clos:groundNumber>9555</clos:groundNumber>
                           <clos:bisNumber>2525</clos:bisNumber>
                           <clos:exponent>1414</clos:exponent>
                           <clos:power>me</clos:power>
                           <clos:part>4</clos:part>
                        </clos:parcelNumber>
                        <clos:situation>invalid</clos:situation>
                        <clos:kind>no</clos:kind>
                        <clos:details>test</clos:details>
                        <!--You have a CHOICE of the next 2 items at this level-->
                        <clos:articleNumber>1141</clos:articleNumber>
                        <clos:sequenceNumber>3215</clos:sequenceNumber>
                        <!--0 to 99 repetitions:-->
                        <clos:cadastralInformation>
                           <clos:codeCadastralIncome>12</clos:codeCadastralIncome>
                           <clos:cadastralIncome>12</clos:cadastralIncome>
                           <clos:cadastralIncomePart>42</clos:cadastralIncomePart>
                           <clos:exemption>52</clos:exemption>
                           <clos:daysUnfruitful>5</clos:daysUnfruitful>
                        </clos:cadastralInformation>
                     </clos:parcel>
                     <!--1 to 999 repetitions:-->
                     <clos:owner>
                        <!--You have a CHOICE of the next 2 items at this level-->
                        <clos:person>
                           <!--You have a CHOICE of the next 3 items at this level-->
                           <clos:socialSecurityNumber>125</clos:socialSecurityNumber>
                           <clos:lastname>baptiste</clos:lastname>
                        </clos:person>
                        <clos:rights>Admin</clos:rights>
                        <clos:ownerType>LEGAL_PERSON</clos:ownerType>
                     </clos:owner>
                  </clos:newState>
               </clos:report>
               <!--0 to 99 repetitions:-->
               <clos:linkedDossier>
                  <clos:referenceInitialService>referenceInitialService</clos:referenceInitialService>
                  <clos:referenceFodFin>15</clos:referenceFodFin>
               </clos:linkedDossier>
               <!--0 to 99 repetitions:-->
               <clos:attachment>
                  <com:fileName>cirb</com:fileName>
                  <com:data>    1234   </com:data>
               </clos:attachment>
            </clos:closedDossier>
         </v1:request>
      </v1:closedDossierRequest>
   </soapenv:Body>
</soapenv:Envelope>]]></con:request><con:credentials><con:selectedAuthProfile>Basic</con:selectedAuthProfile><con:addedBasicAuthenticationTypes>Basic</con:addedBasicAuthenticationTypes><con:authType>Global HTTP Settings</con:authType></con:credentials><con:jmsConfig JMSDeliveryMode="PERSISTENT"/><con:jmsPropertyConfig/><con:wsaConfig mustUnderstand="NONE" version="200508" action="http://fidus.brussels/services/exportfromregondesservice/closedDossier"/><con:wsrmConfig version="1.2"/></con:call><con:call id="9f44fdde-bd65-4e30-94d8-1e942d138e81" name="4 - Staging - Worker2 - Request" incomingWss="Inflow STAGING" outgoingWss="Outflow STAGING"><con:settings><con:setting id="com.eviware.soapui.impl.wsdl.WsdlRequest@request-headers">&lt;xml-fragment/></con:setting></con:settings><con:encoding>UTF-8</con:encoding><con:endpoint>https://192.168.24.17:8443/services/ExportFromRegondesService_v1.0</con:endpoint><con:request><![CDATA[<soapenv:Envelope xmlns:soapenv="http://schemas.xmlsoap.org/soap/envelope/" xmlns:v1="http://fidus.brussels/service/exportfromregondesservice/messages/v1" xmlns:v11="http://fidus.brussels/type/common/messages/v1" xmlns:clos="http://www.minfin.fgov.be/regondes2/extern/taxservice/exports/closedDossiers" xmlns:com="http://www.minfin.fgov.be/regondes2/extern/taxservice/common">
   <soapenv:Header/>
   <soapenv:Body>
      <v1:closedDossierRequest>
         <v1:messageContext>
            <v11:messageId>${=import static java.util.UUID.randomUUID; uuid = randomUUID() as String}</v11:messageId>
            <v11:timestamp>${=new java.text.SimpleDateFormat("yyyy-MM-dd'T'HH:mm:ss.SSS").format(new Date())}</v11:timestamp>
         </v1:messageContext>
         <v1:legalContext>ServiceIntegrator</v1:legalContext>
         <v1:request>
            <clos:closedDossier> 
               <clos:referenceFodFin>11223344</clos:referenceFodFin>
               <clos:fiscalYear>2017</clos:fiscalYear>
               <clos:initialService>
                  <com:technicalReference>technicalReference</com:technicalReference>
                  <com:type>AAF</com:type>
                  <clos:reference>reference</clos:reference>
               </clos:initialService>
               <clos:patrimonyInformation>
                  <clos:typeDossier>AA</clos:typeDossier>
                  <clos:patrimonyFrom>${=new java.text.SimpleDateFormat("yyyy-MM-dd").format(new Date())}</clos:patrimonyFrom>
                  <clos:patrimonyRef>1</clos:patrimonyRef>
                  <clos:cadastralDivisionCode>YYY</clos:cadastralDivisionCode>
                  <clos:articleNumber>51</clos:articleNumber>
               </clos:patrimonyInformation>
               <clos:report>
                  <clos:type>S</clos:type>
                  <clos:subtype>subtype</clos:subtype>
                  <clos:kind>INITIAL</clos:kind>
                  <clos:cadastralIncome>
                     <com:codeCadastralIncome>a</com:codeCadastralIncome>
                     <com:definitiveCadastralIncome>12</com:definitiveCadastralIncome>
                     <com:dateDefinitive>${=new java.text.SimpleDateFormat("yyyy-MM-dd").format(new Date())}</com:dateDefinitive>
                     <com:reasonDefinitive>my reason</com:reasonDefinitive>
                  </clos:cadastralIncome>
                  <clos:date>${=new java.text.SimpleDateFormat("yyyy-MM-dd").format(new Date())}</clos:date>
                  <clos:motivation>No motivation</clos:motivation>
                  <!--0 to 99 repetitions:-->
                  <clos:newState>
                     <!--1 to 999 repetitions:-->
                     <clos:parcel>
                        <clos:parcelNumber>
                           <clos:section>55254</clos:section>
                           <clos:groundNumber>9555</clos:groundNumber>
                           <clos:bisNumber>2525</clos:bisNumber>
                           <clos:exponent>1414</clos:exponent>
                           <clos:power>me</clos:power>
                           <clos:part>4</clos:part>
                        </clos:parcelNumber>
                        <clos:situation>invalid</clos:situation>
                        <clos:kind>no</clos:kind>
                        <clos:details>test</clos:details>
                        <!--You have a CHOICE of the next 2 items at this level-->
                        <clos:articleNumber>1141</clos:articleNumber>
                        <clos:sequenceNumber>3215</clos:sequenceNumber>
                        <!--0 to 99 repetitions:-->
                        <clos:cadastralInformation>
                           <clos:codeCadastralIncome>12</clos:codeCadastralIncome>
                           <clos:cadastralIncome>12</clos:cadastralIncome>
                           <clos:cadastralIncomePart>42</clos:cadastralIncomePart>
                           <clos:exemption>52</clos:exemption>
                           <clos:daysUnfruitful>5</clos:daysUnfruitful>
                        </clos:cadastralInformation>
                     </clos:parcel>
                     <!--1 to 999 repetitions:-->
                     <clos:owner>
                        <!--You have a CHOICE of the next 2 items at this level-->
                        <clos:person>
                           <!--You have a CHOICE of the next 3 items at this level-->
                           <clos:socialSecurityNumber>125</clos:socialSecurityNumber>
                           <clos:lastname>baptiste</clos:lastname>
                        </clos:person>
                        <clos:rights>Admin</clos:rights>
                        <clos:ownerType>LEGAL_PERSON</clos:ownerType>
                     </clos:owner>
                  </clos:newState>
               </clos:report>
               <!--0 to 99 repetitions:-->
               <clos:linkedDossier>
                  <clos:referenceInitialService>referenceInitialService</clos:referenceInitialService>
                  <clos:referenceFodFin>15</clos:referenceFodFin>
               </clos:linkedDossier>
               <!--0 to 99 repetitions:-->
               <clos:attachment>
                  <com:fileName>cirb</com:fileName>
                  <com:data>    1234   </com:data>
               </clos:attachment>
            </clos:closedDossier>
         </v1:request>
      </v1:closedDossierRequest>
   </soapenv:Body>
</soapenv:Envelope>]]></con:request><con:credentials><con:selectedAuthProfile>Basic</con:selectedAuthProfile><con:addedBasicAuthenticationTypes>Basic</con:addedBasicAuthenticationTypes><con:authType>Global HTTP Settings</con:authType></con:credentials><con:jmsConfig JMSDeliveryMode="PERSISTENT"/><con:jmsPropertyConfig/><con:wsaConfig mustUnderstand="NONE" version="200508" action="http://fidus.brussels/services/exportfromregondesservice/closedDossier"/><con:wsrmConfig version="1.2"/></con:call><con:call id="e9ffe897-3422-4fee-9af3-4e37ab3a541f" name="5 - Prod - LB - Request" incomingWss="Inflow PROD" outgoingWss="Outflow PROD"><con:settings><con:setting id="com.eviware.soapui.impl.wsdl.WsdlRequest@request-headers">&lt;xml-fragment/></con:setting></con:settings><con:encoding>UTF-8</con:encoding><con:endpoint>https://fidus-esb-sg.prd.srv.cirb.lan:8443/services/ExportFromRegondesService_v1.0</con:endpoint><con:request><![CDATA[<soapenv:Envelope xmlns:soapenv="http://schemas.xmlsoap.org/soap/envelope/" xmlns:v1="http://fidus.brussels/service/exportfromregondesservice/messages/v1" xmlns:v11="http://fidus.brussels/type/common/messages/v1" xmlns:clos="http://www.minfin.fgov.be/regondes2/extern/taxservice/exports/closedDossiers" xmlns:com="http://www.minfin.fgov.be/regondes2/extern/taxservice/common">
   <soapenv:Header/>
   <soapenv:Body>
      <v1:closedDossierRequest>
         <v1:messageContext>
            <v11:messageId>${=import static java.util.UUID.randomUUID; uuid = randomUUID() as String}</v11:messageId>
            <v11:timestamp>${=new java.text.SimpleDateFormat("yyyy-MM-dd'T'HH:mm:ss.SSS").format(new Date())}</v11:timestamp>
         </v1:messageContext>
         <v1:legalContext>ServiceIntegrator</v1:legalContext>
         <v1:request>
            <clos:closedDossier> 
               <clos:referenceFodFin>11223344</clos:referenceFodFin>
               <clos:fiscalYear>2017</clos:fiscalYear>
               <clos:initialService>
                  <com:technicalReference>technicalReference</com:technicalReference>
                  <com:type>AAF</com:type>
                  <clos:reference>reference</clos:reference>
               </clos:initialService>
               <clos:patrimonyInformation>
                  <clos:typeDossier>AA</clos:typeDossier>
                  <clos:patrimonyFrom>${=new java.text.SimpleDateFormat("yyyy-MM-dd").format(new Date())}</clos:patrimonyFrom>
                  <clos:patrimonyRef>1</clos:patrimonyRef>
                  <clos:cadastralDivisionCode>YYY</clos:cadastralDivisionCode>
                  <clos:articleNumber>51</clos:articleNumber>
               </clos:patrimonyInformation>
               <clos:report>
                  <clos:type>S</clos:type>
                  <clos:subtype>subtype</clos:subtype>
                  <clos:kind>INITIAL</clos:kind>
                  <clos:cadastralIncome>
                     <com:codeCadastralIncome>a</com:codeCadastralIncome>
                     <com:definitiveCadastralIncome>12</com:definitiveCadastralIncome>
                     <com:dateDefinitive>${=new java.text.SimpleDateFormat("yyyy-MM-dd").format(new Date())}</com:dateDefinitive>
                     <com:reasonDefinitive>my reason</com:reasonDefinitive>
                  </clos:cadastralIncome>
                  <clos:date>${=new java.text.SimpleDateFormat("yyyy-MM-dd").format(new Date())}</clos:date>
                  <clos:motivation>No motivation</clos:motivation>
                  <!--0 to 99 repetitions:-->
                  <clos:newState>
                     <!--1 to 999 repetitions:-->
                     <clos:parcel>
                        <clos:parcelNumber>
                           <clos:section>55254</clos:section>
                           <clos:groundNumber>9555</clos:groundNumber>
                           <clos:bisNumber>2525</clos:bisNumber>
                           <clos:exponent>1414</clos:exponent>
                           <clos:power>me</clos:power>
                           <clos:part>4</clos:part>
                        </clos:parcelNumber>
                        <clos:situation>invalid</clos:situation>
                        <clos:kind>no</clos:kind>
                        <clos:details>test</clos:details>
                        <!--You have a CHOICE of the next 2 items at this level-->
                        <clos:articleNumber>1141</clos:articleNumber>
                        <clos:sequenceNumber>3215</clos:sequenceNumber>
                        <!--0 to 99 repetitions:-->
                        <clos:cadastralInformation>
                           <clos:codeCadastralIncome>12</clos:codeCadastralIncome>
                           <clos:cadastralIncome>12</clos:cadastralIncome>
                           <clos:cadastralIncomePart>42</clos:cadastralIncomePart>
                           <clos:exemption>52</clos:exemption>
                           <clos:daysUnfruitful>5</clos:daysUnfruitful>
                        </clos:cadastralInformation>
                     </clos:parcel>
                     <!--1 to 999 repetitions:-->
                     <clos:owner>
                        <!--You have a CHOICE of the next 2 items at this level-->
                        <clos:person>
                           <!--You have a CHOICE of the next 3 items at this level-->
                           <clos:socialSecurityNumber>125</clos:socialSecurityNumber>
                           <clos:lastname>baptiste</clos:lastname>
                        </clos:person>
                        <clos:rights>Admin</clos:rights>
                        <clos:ownerType>LEGAL_PERSON</clos:ownerType>
                     </clos:owner>
                  </clos:newState>
               </clos:report>
               <!--0 to 99 repetitions:-->
               <clos:linkedDossier>
                  <clos:referenceInitialService>referenceInitialService</clos:referenceInitialService>
                  <clos:referenceFodFin>15</clos:referenceFodFin>
               </clos:linkedDossier>
               <!--0 to 99 repetitions:-->
               <clos:attachment>
                  <com:fileName>cirb</com:fileName>
                  <com:data>    1234   </com:data>
               </clos:attachment>
            </clos:closedDossier>
         </v1:request>
      </v1:closedDossierRequest>
   </soapenv:Body>
</soapenv:Envelope>]]></con:request><con:credentials><con:selectedAuthProfile>Basic</con:selectedAuthProfile><con:addedBasicAuthenticationTypes>Basic</con:addedBasicAuthenticationTypes><con:authType>Global HTTP Settings</con:authType></con:credentials><con:jmsConfig JMSDeliveryMode="PERSISTENT"/><con:jmsPropertyConfig/><con:wsaConfig mustUnderstand="NONE" version="200508" action="http://fidus.brussels/services/exportfromregondesservice/closedDossier"/><con:wsrmConfig version="1.2"/></con:call><con:call id="96fd3ae0-3be4-409e-94d3-bbfcd53cddbc" name="5 - Prod - Worker1 - Request" incomingWss="Inflow PROD" outgoingWss="Outflow PROD"><con:settings><con:setting id="com.eviware.soapui.impl.wsdl.WsdlRequest@request-headers">&lt;xml-fragment/></con:setting></con:settings><con:encoding>UTF-8</con:encoding><con:endpoint>https://192.168.26.22:8443/services/ExportFromRegondesService_v1.0</con:endpoint><con:request><![CDATA[<soapenv:Envelope xmlns:soapenv="http://schemas.xmlsoap.org/soap/envelope/" xmlns:v1="http://fidus.brussels/service/exportfromregondesservice/messages/v1" xmlns:v11="http://fidus.brussels/type/common/messages/v1" xmlns:clos="http://www.minfin.fgov.be/regondes2/extern/taxservice/exports/closedDossiers" xmlns:com="http://www.minfin.fgov.be/regondes2/extern/taxservice/common">
   <soapenv:Header/>
   <soapenv:Body>
      <v1:closedDossierRequest>
         <v1:messageContext>
            <v11:messageId>${=import static java.util.UUID.randomUUID; uuid = randomUUID() as String}</v11:messageId>
            <v11:timestamp>${=new java.text.SimpleDateFormat("yyyy-MM-dd'T'HH:mm:ss.SSS").format(new Date())}</v11:timestamp>
         </v1:messageContext>
         <v1:legalContext>ServiceIntegrator</v1:legalContext>
         <v1:request>
            <clos:closedDossier> 
               <clos:referenceFodFin>11223344</clos:referenceFodFin>
               <clos:fiscalYear>2017</clos:fiscalYear>
               <clos:initialService>
                  <com:technicalReference>technicalReference</com:technicalReference>
                  <com:type>AAF</com:type>
                  <clos:reference>reference</clos:reference>
               </clos:initialService>
               <clos:patrimonyInformation>
                  <clos:typeDossier>AA</clos:typeDossier>
                  <clos:patrimonyFrom>${=new java.text.SimpleDateFormat("yyyy-MM-dd").format(new Date())}</clos:patrimonyFrom>
                  <clos:patrimonyRef>1</clos:patrimonyRef>
                  <clos:cadastralDivisionCode>YYY</clos:cadastralDivisionCode>
                  <clos:articleNumber>51</clos:articleNumber>
               </clos:patrimonyInformation>
               <clos:report>
                  <clos:type>S</clos:type>
                  <clos:subtype>subtype</clos:subtype>
                  <clos:kind>INITIAL</clos:kind>
                  <clos:cadastralIncome>
                     <com:codeCadastralIncome>a</com:codeCadastralIncome>
                     <com:definitiveCadastralIncome>12</com:definitiveCadastralIncome>
                     <com:dateDefinitive>${=new java.text.SimpleDateFormat("yyyy-MM-dd").format(new Date())}</com:dateDefinitive>
                     <com:reasonDefinitive>my reason</com:reasonDefinitive>
                  </clos:cadastralIncome>
                  <clos:date>${=new java.text.SimpleDateFormat("yyyy-MM-dd").format(new Date())}</clos:date>
                  <clos:motivation>No motivation</clos:motivation>
                  <!--0 to 99 repetitions:-->
                  <clos:newState>
                     <!--1 to 999 repetitions:-->
                     <clos:parcel>
                        <clos:parcelNumber>
                           <clos:section>55254</clos:section>
                           <clos:groundNumber>9555</clos:groundNumber>
                           <clos:bisNumber>2525</clos:bisNumber>
                           <clos:exponent>1414</clos:exponent>
                           <clos:power>me</clos:power>
                           <clos:part>4</clos:part>
                        </clos:parcelNumber>
                        <clos:situation>invalid</clos:situation>
                        <clos:kind>no</clos:kind>
                        <clos:details>test</clos:details>
                        <!--You have a CHOICE of the next 2 items at this level-->
                        <clos:articleNumber>1141</clos:articleNumber>
                        <clos:sequenceNumber>3215</clos:sequenceNumber>
                        <!--0 to 99 repetitions:-->
                        <clos:cadastralInformation>
                           <clos:codeCadastralIncome>12</clos:codeCadastralIncome>
                           <clos:cadastralIncome>12</clos:cadastralIncome>
                           <clos:cadastralIncomePart>42</clos:cadastralIncomePart>
                           <clos:exemption>52</clos:exemption>
                           <clos:daysUnfruitful>5</clos:daysUnfruitful>
                        </clos:cadastralInformation>
                     </clos:parcel>
                     <!--1 to 999 repetitions:-->
                     <clos:owner>
                        <!--You have a CHOICE of the next 2 items at this level-->
                        <clos:person>
                           <!--You have a CHOICE of the next 3 items at this level-->
                           <clos:socialSecurityNumber>125</clos:socialSecurityNumber>
                           <clos:lastname>baptiste</clos:lastname>
                        </clos:person>
                        <clos:rights>Admin</clos:rights>
                        <clos:ownerType>LEGAL_PERSON</clos:ownerType>
                     </clos:owner>
                  </clos:newState>
               </clos:report>
               <!--0 to 99 repetitions:-->
               <clos:linkedDossier>
                  <clos:referenceInitialService>referenceInitialService</clos:referenceInitialService>
                  <clos:referenceFodFin>15</clos:referenceFodFin>
               </clos:linkedDossier>
               <!--0 to 99 repetitions:-->
               <clos:attachment>
                  <com:fileName>cirb</com:fileName>
                  <com:data>    1234   </com:data>
               </clos:attachment>
            </clos:closedDossier>
         </v1:request>
      </v1:closedDossierRequest>
   </soapenv:Body>
</soapenv:Envelope>]]></con:request><con:credentials><con:selectedAuthProfile>Basic</con:selectedAuthProfile><con:addedBasicAuthenticationTypes>Basic</con:addedBasicAuthenticationTypes><con:authType>Global HTTP Settings</con:authType></con:credentials><con:jmsConfig JMSDeliveryMode="PERSISTENT"/><con:jmsPropertyConfig/><con:wsaConfig mustUnderstand="NONE" version="200508" action="http://fidus.brussels/services/exportfromregondesservice/closedDossier"/><con:wsrmConfig version="1.2"/></con:call><con:call id="e5392768-eaec-465a-952a-8b615cada3b3" name="5 - Prod - External - Request" incomingWss="Inflow PROD" outgoingWss="Outflow PROD"><con:settings><con:setting id="com.eviware.soapui.impl.wsdl.WsdlRequest@request-headers">&lt;xml-fragment/></con:setting></con:settings><con:encoding>UTF-8</con:encoding><con:endpoint>https://fidus.sec.brussels/services/ExportFromRegondesservice_v1.0</con:endpoint><con:request><![CDATA[<soapenv:Envelope xmlns:soapenv="http://schemas.xmlsoap.org/soap/envelope/" xmlns:v1="http://fidus.brussels/service/exportfromregondesservice/messages/v1" xmlns:v11="http://fidus.brussels/type/common/messages/v1" xmlns:clos="http://www.minfin.fgov.be/regondes2/extern/taxservice/exports/closedDossiers" xmlns:com="http://www.minfin.fgov.be/regondes2/extern/taxservice/common">
   <soapenv:Header/>
   <soapenv:Body>
      <v1:closedDossierRequest>
         <v1:messageContext>
            <v11:messageId>${=import static java.util.UUID.randomUUID; uuid = randomUUID() as String}</v11:messageId>
            <v11:timestamp>${=new java.text.SimpleDateFormat("yyyy-MM-dd'T'HH:mm:ss.SSS").format(new Date())}</v11:timestamp>
         </v1:messageContext>
         <v1:legalContext>ServiceIntegrator</v1:legalContext>
         <v1:request>
            <clos:closedDossier> 
               <clos:referenceFodFin>11223344</clos:referenceFodFin>
               <clos:fiscalYear>2017</clos:fiscalYear>
               <clos:initialService>
                  <com:technicalReference>technicalReference</com:technicalReference>
                  <com:type>AAF</com:type>
                  <clos:reference>reference</clos:reference>
               </clos:initialService>
               <clos:patrimonyInformation>
                  <clos:typeDossier>AA</clos:typeDossier>
                  <clos:patrimonyFrom>${=new java.text.SimpleDateFormat("yyyy-MM-dd").format(new Date())}</clos:patrimonyFrom>
                  <clos:patrimonyRef>1</clos:patrimonyRef>
                  <clos:cadastralDivisionCode>YYY</clos:cadastralDivisionCode>
                  <clos:articleNumber>51</clos:articleNumber>
               </clos:patrimonyInformation>
               <clos:report>
                  <clos:type>S</clos:type>
                  <clos:subtype>subtype</clos:subtype>
                  <clos:kind>INITIAL</clos:kind>
                  <clos:cadastralIncome>
                     <com:codeCadastralIncome>a</com:codeCadastralIncome>
                     <com:definitiveCadastralIncome>12</com:definitiveCadastralIncome>
                     <com:dateDefinitive>${=new java.text.SimpleDateFormat("yyyy-MM-dd").format(new Date())}</com:dateDefinitive>
                     <com:reasonDefinitive>my reason</com:reasonDefinitive>
                  </clos:cadastralIncome>
                  <clos:date>${=new java.text.SimpleDateFormat("yyyy-MM-dd").format(new Date())}</clos:date>
                  <clos:motivation>No motivation</clos:motivation>
                  <!--0 to 99 repetitions:-->
                  <clos:newState>
                     <!--1 to 999 repetitions:-->
                     <clos:parcel>
                        <clos:parcelNumber>
                           <clos:section>55254</clos:section>
                           <clos:groundNumber>9555</clos:groundNumber>
                           <clos:bisNumber>2525</clos:bisNumber>
                           <clos:exponent>1414</clos:exponent>
                           <clos:power>me</clos:power>
                           <clos:part>4</clos:part>
                        </clos:parcelNumber>
                        <clos:situation>invalid</clos:situation>
                        <clos:kind>no</clos:kind>
                        <clos:details>test</clos:details>
                        <!--You have a CHOICE of the next 2 items at this level-->
                        <clos:articleNumber>1141</clos:articleNumber>
                        <clos:sequenceNumber>3215</clos:sequenceNumber>
                        <!--0 to 99 repetitions:-->
                        <clos:cadastralInformation>
                           <clos:codeCadastralIncome>12</clos:codeCadastralIncome>
                           <clos:cadastralIncome>12</clos:cadastralIncome>
                           <clos:cadastralIncomePart>42</clos:cadastralIncomePart>
                           <clos:exemption>52</clos:exemption>
                           <clos:daysUnfruitful>5</clos:daysUnfruitful>
                        </clos:cadastralInformation>
                     </clos:parcel>
                     <!--1 to 999 repetitions:-->
                     <clos:owner>
                        <!--You have a CHOICE of the next 2 items at this level-->
                        <clos:person>
                           <!--You have a CHOICE of the next 3 items at this level-->
                           <clos:socialSecurityNumber>125</clos:socialSecurityNumber>
                           <clos:lastname>baptiste</clos:lastname>
                        </clos:person>
                        <clos:rights>Admin</clos:rights>
                        <clos:ownerType>LEGAL_PERSON</clos:ownerType>
                     </clos:owner>
                  </clos:newState>
               </clos:report>
               <!--0 to 99 repetitions:-->
               <clos:linkedDossier>
                  <clos:referenceInitialService>referenceInitialService</clos:referenceInitialService>
                  <clos:referenceFodFin>15</clos:referenceFodFin>
               </clos:linkedDossier>
               <!--0 to 99 repetitions:-->
               <clos:attachment>
                  <com:fileName>cirb</com:fileName>
                  <com:data>    1234   </com:data>
               </clos:attachment>
            </clos:closedDossier>
         </v1:request>
      </v1:closedDossierRequest>
   </soapenv:Body>
</soapenv:Envelope>]]></con:request><con:credentials><con:selectedAuthProfile>Basic</con:selectedAuthProfile><con:addedBasicAuthenticationTypes>Basic</con:addedBasicAuthenticationTypes><con:authType>Global HTTP Settings</con:authType></con:credentials><con:jmsConfig JMSDeliveryMode="PERSISTENT"/><con:jmsPropertyConfig/><con:wsaConfig mustUnderstand="NONE" version="200508" action="http://fidus.brussels/services/exportfromregondesservice/closedDossier"/><con:wsrmConfig version="1.2"/></con:call><con:call id="189206c3-4bc3-4b83-8a2e-30faa464375b" name="5 - Prod - Worker2 - Request" incomingWss="Inflow PROD" outgoingWss="Outflow PROD"><con:settings><con:setting id="com.eviware.soapui.impl.wsdl.WsdlRequest@request-headers">&lt;xml-fragment/></con:setting></con:settings><con:encoding>UTF-8</con:encoding><con:endpoint>https://192.168.26.19:8443/services/ExportFromRegondesService_v1.0</con:endpoint><con:request><![CDATA[<soapenv:Envelope xmlns:soapenv="http://schemas.xmlsoap.org/soap/envelope/" xmlns:v1="http://fidus.brussels/service/exportfromregondesservice/messages/v1" xmlns:v11="http://fidus.brussels/type/common/messages/v1" xmlns:clos="http://www.minfin.fgov.be/regondes2/extern/taxservice/exports/closedDossiers" xmlns:com="http://www.minfin.fgov.be/regondes2/extern/taxservice/common">
   <soapenv:Header/>
   <soapenv:Body>
      <v1:closedDossierRequest>
         <v1:messageContext>
            <v11:messageId>${=import static java.util.UUID.randomUUID; uuid = randomUUID() as String}</v11:messageId>
            <v11:timestamp>${=new java.text.SimpleDateFormat("yyyy-MM-dd'T'HH:mm:ss.SSS").format(new Date())}</v11:timestamp>
         </v1:messageContext>
         <v1:legalContext>ServiceIntegrator</v1:legalContext>
         <v1:request>
            <clos:closedDossier> 
               <clos:referenceFodFin>11223344</clos:referenceFodFin>
               <clos:fiscalYear>2017</clos:fiscalYear>
               <clos:initialService>
                  <com:technicalReference>technicalReference</com:technicalReference>
                  <com:type>AAF</com:type>
                  <clos:reference>reference</clos:reference>
               </clos:initialService>
               <clos:patrimonyInformation>
                  <clos:typeDossier>AA</clos:typeDossier>
                  <clos:patrimonyFrom>${=new java.text.SimpleDateFormat("yyyy-MM-dd").format(new Date())}</clos:patrimonyFrom>
                  <clos:patrimonyRef>1</clos:patrimonyRef>
                  <clos:cadastralDivisionCode>YYY</clos:cadastralDivisionCode>
                  <clos:articleNumber>51</clos:articleNumber>
               </clos:patrimonyInformation>
               <clos:report>
                  <clos:type>S</clos:type>
                  <clos:subtype>subtype</clos:subtype>
                  <clos:kind>INITIAL</clos:kind>
                  <clos:cadastralIncome>
                     <com:codeCadastralIncome>a</com:codeCadastralIncome>
                     <com:definitiveCadastralIncome>12</com:definitiveCadastralIncome>
                     <com:dateDefinitive>${=new java.text.SimpleDateFormat("yyyy-MM-dd").format(new Date())}</com:dateDefinitive>
                     <com:reasonDefinitive>my reason</com:reasonDefinitive>
                  </clos:cadastralIncome>
                  <clos:date>${=new java.text.SimpleDateFormat("yyyy-MM-dd").format(new Date())}</clos:date>
                  <clos:motivation>No motivation</clos:motivation>
                  <!--0 to 99 repetitions:-->
                  <clos:newState>
                     <!--1 to 999 repetitions:-->
                     <clos:parcel>
                        <clos:parcelNumber>
                           <clos:section>55254</clos:section>
                           <clos:groundNumber>9555</clos:groundNumber>
                           <clos:bisNumber>2525</clos:bisNumber>
                           <clos:exponent>1414</clos:exponent>
                           <clos:power>me</clos:power>
                           <clos:part>4</clos:part>
                        </clos:parcelNumber>
                        <clos:situation>invalid</clos:situation>
                        <clos:kind>no</clos:kind>
                        <clos:details>test</clos:details>
                        <!--You have a CHOICE of the next 2 items at this level-->
                        <clos:articleNumber>1141</clos:articleNumber>
                        <clos:sequenceNumber>3215</clos:sequenceNumber>
                        <!--0 to 99 repetitions:-->
                        <clos:cadastralInformation>
                           <clos:codeCadastralIncome>12</clos:codeCadastralIncome>
                           <clos:cadastralIncome>12</clos:cadastralIncome>
                           <clos:cadastralIncomePart>42</clos:cadastralIncomePart>
                           <clos:exemption>52</clos:exemption>
                           <clos:daysUnfruitful>5</clos:daysUnfruitful>
                        </clos:cadastralInformation>
                     </clos:parcel>
                     <!--1 to 999 repetitions:-->
                     <clos:owner>
                        <!--You have a CHOICE of the next 2 items at this level-->
                        <clos:person>
                           <!--You have a CHOICE of the next 3 items at this level-->
                           <clos:socialSecurityNumber>125</clos:socialSecurityNumber>
                           <clos:lastname>baptiste</clos:lastname>
                        </clos:person>
                        <clos:rights>Admin</clos:rights>
                        <clos:ownerType>LEGAL_PERSON</clos:ownerType>
                     </clos:owner>
                  </clos:newState>
               </clos:report>
               <!--0 to 99 repetitions:-->
               <clos:linkedDossier>
                  <clos:referenceInitialService>referenceInitialService</clos:referenceInitialService>
                  <clos:referenceFodFin>15</clos:referenceFodFin>
               </clos:linkedDossier>
               <!--0 to 99 repetitions:-->
               <clos:attachment>
                  <com:fileName>cirb</com:fileName>
                  <com:data>    1234   </com:data>
               </clos:attachment>
            </clos:closedDossier>
         </v1:request>
      </v1:closedDossierRequest>
   </soapenv:Body>
</soapenv:Envelope>]]></con:request><con:credentials><con:selectedAuthProfile>Basic</con:selectedAuthProfile><con:addedBasicAuthenticationTypes>Basic</con:addedBasicAuthenticationTypes><con:authType>Global HTTP Settings</con:authType></con:credentials><con:jmsConfig JMSDeliveryMode="PERSISTENT"/><con:jmsPropertyConfig/><con:wsaConfig mustUnderstand="NONE" version="200508" action="http://fidus.brussels/services/exportfromregondesservice/closedDossier"/><con:wsrmConfig version="1.2"/></con:call><con:call id="63b77d23-1ecf-44fd-bdb7-9c0e4b6ddcdf" name="3 - Test - External - Request" incomingWss="Inflow TEST" outgoingWss="Outflow TEST"><con:settings><con:setting id="com.eviware.soapui.impl.wsdl.WsdlRequest@request-headers">&lt;xml-fragment/></con:setting></con:settings><con:encoding>UTF-8</con:encoding><con:endpoint>https://fidus-test.irisnetlab.be/services/ExportFromRegondesService_v1.0</con:endpoint><con:request><![CDATA[<soapenv:Envelope xmlns:soapenv="http://schemas.xmlsoap.org/soap/envelope/" xmlns:v1="http://fidus.brussels/service/exportfromregondesservice/messages/v1" xmlns:v11="http://fidus.brussels/type/common/messages/v1" xmlns:clos="http://www.minfin.fgov.be/regondes2/extern/taxservice/exports/closedDossiers" xmlns:com="http://www.minfin.fgov.be/regondes2/extern/taxservice/common">
   <soapenv:Header/>
   <soapenv:Body>
      <v1:closedDossierRequest>
         <v1:messageContext>
            <v11:messageId>${=import static java.util.UUID.randomUUID; uuid = randomUUID() as String}</v11:messageId>
            <v11:timestamp>${=new java.text.SimpleDateFormat("yyyy-MM-dd'T'HH:mm:ss.SSS").format(new Date())}</v11:timestamp>
         </v1:messageContext>
         <v1:legalContext>ServiceIntegrator</v1:legalContext>
         <v1:request>
            <clos:closedDossier> 
               <clos:referenceFodFin>11223344</clos:referenceFodFin>
               <clos:fiscalYear>2017</clos:fiscalYear>
               <clos:initialService>
                  <com:technicalReference>technicalReference</com:technicalReference>
                  <com:type>AAF</com:type>
                  <clos:reference>reference</clos:reference>
               </clos:initialService>
               <clos:patrimonyInformation>
                  <clos:typeDossier>AA</clos:typeDossier>
                  <clos:patrimonyFrom>${=new java.text.SimpleDateFormat("yyyy-MM-dd").format(new Date())}</clos:patrimonyFrom>
                  <clos:patrimonyRef>1</clos:patrimonyRef>
                  <clos:cadastralDivisionCode>YYY</clos:cadastralDivisionCode>
                  <clos:articleNumber>51</clos:articleNumber>
               </clos:patrimonyInformation>
               <clos:report>
                  <clos:type>S</clos:type>
                  <clos:subtype>subtype</clos:subtype>
                  <clos:kind>INITIAL</clos:kind>
                  <clos:cadastralIncome>
                     <com:codeCadastralIncome>a</com:codeCadastralIncome>
                     <com:definitiveCadastralIncome>12</com:definitiveCadastralIncome>
                     <com:dateDefinitive>${=new java.text.SimpleDateFormat("yyyy-MM-dd").format(new Date())}</com:dateDefinitive>
                     <com:reasonDefinitive>my reason</com:reasonDefinitive>
                  </clos:cadastralIncome>
                  <clos:date>${=new java.text.SimpleDateFormat("yyyy-MM-dd").format(new Date())}</clos:date>
                  <clos:motivation>No motivation</clos:motivation>
                  <!--0 to 99 repetitions:-->
                  <clos:newState>
                     <!--1 to 999 repetitions:-->
                     <clos:parcel>
                        <clos:parcelNumber>
                           <clos:section>55254</clos:section>
                           <clos:groundNumber>9555</clos:groundNumber>
                           <clos:bisNumber>2525</clos:bisNumber>
                           <clos:exponent>1414</clos:exponent>
                           <clos:power>me</clos:power>
                           <clos:part>4</clos:part>
                        </clos:parcelNumber>
                        <clos:situation>invalid</clos:situation>
                        <clos:kind>no</clos:kind>
                        <clos:details>test</clos:details>
                        <!--You have a CHOICE of the next 2 items at this level-->
                        <clos:articleNumber>1141</clos:articleNumber>
                        <clos:sequenceNumber>3215</clos:sequenceNumber>
                        <!--0 to 99 repetitions:-->
                        <clos:cadastralInformation>
                           <clos:codeCadastralIncome>12</clos:codeCadastralIncome>
                           <clos:cadastralIncome>12</clos:cadastralIncome>
                           <clos:cadastralIncomePart>42</clos:cadastralIncomePart>
                           <clos:exemption>52</clos:exemption>
                           <clos:daysUnfruitful>5</clos:daysUnfruitful>
                        </clos:cadastralInformation>
                     </clos:parcel>
                     <!--1 to 999 repetitions:-->
                     <clos:owner>
                        <!--You have a CHOICE of the next 2 items at this level-->
                        <clos:person>
                           <!--You have a CHOICE of the next 3 items at this level-->
                           <clos:socialSecurityNumber>125</clos:socialSecurityNumber>
                           <clos:lastname>baptiste</clos:lastname>
                        </clos:person>
                        <clos:rights>Admin</clos:rights>
                        <clos:ownerType>LEGAL_PERSON</clos:ownerType>
                     </clos:owner>
                  </clos:newState>
               </clos:report>
               <!--0 to 99 repetitions:-->
               <clos:linkedDossier>
                  <clos:referenceInitialService>referenceInitialService</clos:referenceInitialService>
                  <clos:referenceFodFin>15</clos:referenceFodFin>
               </clos:linkedDossier>
               <!--0 to 99 repetitions:-->
               <clos:attachment>
                  <com:fileName>cirb</com:fileName>
                  <com:data>    1234   </com:data>
               </clos:attachment>
            </clos:closedDossier>
         </v1:request>
      </v1:closedDossierRequest>
   </soapenv:Body>
</soapenv:Envelope>]]></con:request><con:credentials><con:selectedAuthProfile>Basic</con:selectedAuthProfile><con:addedBasicAuthenticationTypes>Basic</con:addedBasicAuthenticationTypes><con:authType>Global HTTP Settings</con:authType></con:credentials><con:jmsConfig JMSDeliveryMode="PERSISTENT"/><con:jmsPropertyConfig/><con:wsaConfig mustUnderstand="NONE" version="200508" action="http://fidus.brussels/services/exportfromregondesservice/closedDossier"/><con:wsrmConfig version="1.2"/></con:call><con:call id="4d84f272-7224-4c6e-b5c0-d682e0a0f653" name="4 - Staging - External - Request" incomingWss="Inflow STAGING" outgoingWss="Outflow STAGING"><con:settings><con:setting id="com.eviware.soapui.impl.wsdl.WsdlRequest@request-headers">&lt;xml-fragment/></con:setting></con:settings><con:encoding>UTF-8</con:encoding><con:endpoint>https://fidus.irisnetlab.be/services/ExportFromRegondesService_v1.0</con:endpoint><con:request><![CDATA[<soapenv:Envelope xmlns:soapenv="http://schemas.xmlsoap.org/soap/envelope/" xmlns:v1="http://fidus.brussels/service/exportfromregondesservice/messages/v1" xmlns:v11="http://fidus.brussels/type/common/messages/v1" xmlns:clos="http://www.minfin.fgov.be/regondes2/extern/taxservice/exports/closedDossiers" xmlns:com="http://www.minfin.fgov.be/regondes2/extern/taxservice/common">
   <soapenv:Header/>
   <soapenv:Body>
      <v1:closedDossierRequest>
         <v1:messageContext>
            <v11:messageId>${=import static java.util.UUID.randomUUID; uuid = randomUUID() as String}</v11:messageId>
            <v11:timestamp>${=new java.text.SimpleDateFormat("yyyy-MM-dd'T'HH:mm:ss.SSS").format(new Date())}</v11:timestamp>
         </v1:messageContext>
         <v1:legalContext>ServiceIntegrator</v1:legalContext>
         <v1:request>
            <clos:closedDossier> 
               <clos:referenceFodFin>11223344</clos:referenceFodFin>
               <clos:fiscalYear>2017</clos:fiscalYear>
               <clos:initialService>
                  <com:technicalReference>technicalReference</com:technicalReference>
                  <com:type>AAF</com:type>
                  <clos:reference>reference</clos:reference>
               </clos:initialService>
               <clos:patrimonyInformation>
                  <clos:typeDossier>AA</clos:typeDossier>
                  <clos:patrimonyFrom>${=new java.text.SimpleDateFormat("yyyy-MM-dd").format(new Date())}</clos:patrimonyFrom>
                  <clos:patrimonyRef>1</clos:patrimonyRef>
                  <clos:cadastralDivisionCode>YYY</clos:cadastralDivisionCode>
                  <clos:articleNumber>51</clos:articleNumber>
               </clos:patrimonyInformation>
               <clos:report>
                  <clos:type>S</clos:type>
                  <clos:subtype>subtype</clos:subtype>
                  <clos:kind>INITIAL</clos:kind>
                  <clos:cadastralIncome>
                     <com:codeCadastralIncome>a</com:codeCadastralIncome>
                     <com:definitiveCadastralIncome>12</com:definitiveCadastralIncome>
                     <com:dateDefinitive>${=new java.text.SimpleDateFormat("yyyy-MM-dd").format(new Date())}</com:dateDefinitive>
                     <com:reasonDefinitive>my reason</com:reasonDefinitive>
                  </clos:cadastralIncome>
                  <clos:date>${=new java.text.SimpleDateFormat("yyyy-MM-dd").format(new Date())}</clos:date>
                  <clos:motivation>No motivation</clos:motivation>
                  <!--0 to 99 repetitions:-->
                  <clos:newState>
                     <!--1 to 999 repetitions:-->
                     <clos:parcel>
                        <clos:parcelNumber>
                           <clos:section>55254</clos:section>
                           <clos:groundNumber>9555</clos:groundNumber>
                           <clos:bisNumber>2525</clos:bisNumber>
                           <clos:exponent>1414</clos:exponent>
                           <clos:power>me</clos:power>
                           <clos:part>4</clos:part>
                        </clos:parcelNumber>
                        <clos:situation>invalid</clos:situation>
                        <clos:kind>no</clos:kind>
                        <clos:details>test</clos:details>
                        <!--You have a CHOICE of the next 2 items at this level-->
                        <clos:articleNumber>1141</clos:articleNumber>
                        <clos:sequenceNumber>3215</clos:sequenceNumber>
                        <!--0 to 99 repetitions:-->
                        <clos:cadastralInformation>
                           <clos:codeCadastralIncome>12</clos:codeCadastralIncome>
                           <clos:cadastralIncome>12</clos:cadastralIncome>
                           <clos:cadastralIncomePart>42</clos:cadastralIncomePart>
                           <clos:exemption>52</clos:exemption>
                           <clos:daysUnfruitful>5</clos:daysUnfruitful>
                        </clos:cadastralInformation>
                     </clos:parcel>
                     <!--1 to 999 repetitions:-->
                     <clos:owner>
                        <!--You have a CHOICE of the next 2 items at this level-->
                        <clos:person>
                           <!--You have a CHOICE of the next 3 items at this level-->
                           <clos:socialSecurityNumber>125</clos:socialSecurityNumber>
                           <clos:lastname>baptiste</clos:lastname>
                        </clos:person>
                        <clos:rights>Admin</clos:rights>
                        <clos:ownerType>LEGAL_PERSON</clos:ownerType>
                     </clos:owner>
                  </clos:newState>
               </clos:report>
               <!--0 to 99 repetitions:-->
               <clos:linkedDossier>
                  <clos:referenceInitialService>referenceInitialService</clos:referenceInitialService>
                  <clos:referenceFodFin>15</clos:referenceFodFin>
               </clos:linkedDossier>
               <!--0 to 99 repetitions:-->
               <clos:attachment>
                  <com:fileName>cirb</com:fileName>
                  <com:data>    1234   </com:data>
               </clos:attachment>
            </clos:closedDossier>
         </v1:request>
      </v1:closedDossierRequest>
   </soapenv:Body>
</soapenv:Envelope>]]></con:request><con:credentials><con:selectedAuthProfile>Basic</con:selectedAuthProfile><con:addedBasicAuthenticationTypes>Basic</con:addedBasicAuthenticationTypes><con:authType>Global HTTP Settings</con:authType></con:credentials><con:jmsConfig JMSDeliveryMode="PERSISTENT"/><con:jmsPropertyConfig/><con:wsaConfig mustUnderstand="NONE" version="200508" action="http://fidus.brussels/services/exportfromregondesservice/closedDossier"/><con:wsrmConfig version="1.2"/></con:call></con:operation><con:operation id="f88eacdb-743a-4601-a3e9-3e5fcb87833e" isOneWay="false" action="http://fidus.brussels/services/exportfromregondesservice/postponedDossier" name="postponedDossier" bindingOperationName="postponedDossier" type="Request-Response" inputName="" receivesAttachments="false" sendsAttachments="false" anonymous="optional"><con:settings/><con:call id="7de93a2f-221f-4210-a452-57a86c8b7ea6" name="1 - Local - Request - Success" incomingWss="Inflow DEV" outgoingWss="Outflow DEV"><con:settings><con:setting id="com.eviware.soapui.impl.wsdl.WsdlRequest@request-headers">&lt;xml-fragment/></con:setting></con:settings><con:encoding>UTF-8</con:encoding><con:endpoint>https://localhost:8243/services/ExportFromRegondesService_v1.0</con:endpoint><con:request><![CDATA[<soapenv:Envelope xmlns:soapenv="http://schemas.xmlsoap.org/soap/envelope/" xmlns:v1="http://fidus.brussels/service/exportfromregondesservice/messages/v1" xmlns:v11="http://fidus.brussels/type/common/messages/v1" xmlns:pos="http://www.minfin.fgov.be/regondes2/extern/taxservice/exports/postponedDossiers" xmlns:com="http://www.minfin.fgov.be/regondes2/extern/taxservice/common">
   <soapenv:Header/>
   <soapenv:Body>
      <v1:postponedDossierRequest>
         <v1:messageContext>
            <v11:messageId>${=import static java.util.UUID.randomUUID; uuid = randomUUID() as String}</v11:messageId>
            <!--Optional:-->
            <v11:timestamp>${=new java.text.SimpleDateFormat("yyyy-MM-dd'T'HH:mm:ss.SSS").format(new Date())}</v11:timestamp>
         </v1:messageContext>
         <v1:legalContext>ServiceIntegrator</v1:legalContext>
         <v1:request>
            <pos:postponedDossier>
               <pos:referenceFodFin>11223344</pos:referenceFodFin>
               <pos:initialService>
                  <!--Optional:-->
                  <com:technicalReference>technicalReference</com:technicalReference>
                  <com:type>AAF</com:type>
                  <com:reference>reference</com:reference>
               </pos:initialService>
               <pos:postponement>
                  <pos:datePostponement>${=new java.text.SimpleDateFormat("yyyy-MM-dd").format(new Date())}</pos:datePostponement>
                  <pos:reasonPostponed>TEST</pos:reasonPostponed>
                  <pos:newTargetDate>${=new java.text.SimpleDateFormat("yyyy-MM-dd").format(new Date())}</pos:newTargetDate>
               </pos:postponement>
            </pos:postponedDossier>
         </v1:request>
      </v1:postponedDossierRequest>
   </soapenv:Body>
</soapenv:Envelope>]]></con:request><con:credentials><con:selectedAuthProfile>Basic</con:selectedAuthProfile><con:addedBasicAuthenticationTypes>Basic</con:addedBasicAuthenticationTypes><con:authType>Global HTTP Settings</con:authType></con:credentials><con:jmsConfig JMSDeliveryMode="PERSISTENT"/><con:jmsPropertyConfig/><con:wsaConfig mustUnderstand="NONE" version="200508" action="http://fidus.brussels/services/exportfromregondesservice/postponedDossier"/><con:wsrmConfig version="1.2"/></con:call><con:call id="fc1400a8-2d97-439c-a538-0fc1a467f154" name="1 - Local - Request - Error" incomingWss="Inflow DEV" outgoingWss="Outflow DEV"><con:settings><con:setting id="com.eviware.soapui.impl.wsdl.WsdlRequest@request-headers">&lt;xml-fragment/></con:setting></con:settings><con:encoding>UTF-8</con:encoding><con:endpoint>https://localhost:8243/services/ExportFromRegondesService_v1.0</con:endpoint><con:request><![CDATA[<soapenv:Envelope xmlns:soapenv="http://schemas.xmlsoap.org/soap/envelope/" xmlns:v1="http://fidus.brussels/service/exportfromregondesservice/messages/v1" xmlns:v11="http://fidus.brussels/type/common/messages/v1" xmlns:pos="http://www.minfin.fgov.be/regondes2/extern/taxservice/exports/postponedDossiers" xmlns:com="http://www.minfin.fgov.be/regondes2/extern/taxservice/common">
   <soapenv:Header/>
   <soapenv:Body>
      <v1:postponedDossierRequest>
         <v1:messageContext>
            <v11:messageId>${=import static java.util.UUID.randomUUID; uuid = randomUUID() as String}</v11:messageId>
            <!--Optional:-->
            <v11:timestamp>${=new java.text.SimpleDateFormat("yyyy-MM-dd'T'HH:mm:ss.SSS").format(new Date())}</v11:timestamp>
         </v1:messageContext>
         <v1:legalContext>ServiceIntegrator</v1:legalContext>
         <v1:request>
            <pos:postponedDossier>
               <!-- <pos:referenceFodFin>12003001507</pos:referenceFodFin> --> <!-- Technical reference not found -->
               <!-- <pos:referenceFodFin>12003001506</pos:referenceFodFin> --> <!-- Reference not found -->  
               <pos:referenceFodFin>11223345</pos:referenceFodFin> <!-- Requested dossier is already close -->
               <pos:initialService>
                  <!--Optional:-->
                  <com:technicalReference>technicalReference</com:technicalReference>
                  <com:type>AAF</com:type>
                  <com:reference>reference</com:reference>
               </pos:initialService>
               <pos:postponement>
                  <pos:datePostponement>${=new java.text.SimpleDateFormat("yyyy-MM-dd").format(new Date())}</pos:datePostponement>
                  <pos:reasonPostponed>TEST</pos:reasonPostponed>
                  <pos:newTargetDate>${=new java.text.SimpleDateFormat("yyyy-MM-dd").format(new Date())}</pos:newTargetDate>
               </pos:postponement>
            </pos:postponedDossier>
         </v1:request>
      </v1:postponedDossierRequest>
   </soapenv:Body>
</soapenv:Envelope>]]></con:request><con:credentials><con:selectedAuthProfile>Basic</con:selectedAuthProfile><con:addedBasicAuthenticationTypes>Basic</con:addedBasicAuthenticationTypes><con:authType>Global HTTP Settings</con:authType></con:credentials><con:jmsConfig JMSDeliveryMode="PERSISTENT"/><con:jmsPropertyConfig/><con:wsaConfig mustUnderstand="NONE" version="200508" action="http://fidus.brussels/services/exportfromregondesservice/postponedDossier"/><con:wsrmConfig version="1.2"/></con:call><con:call id="20714604-2017-4093-bf1f-4f53fd572191" name="2 - Dev - Request - Success" incomingWss="Inflow DEV" outgoingWss="Outflow DEV"><con:settings><con:setting id="com.eviware.soapui.impl.wsdl.WsdlRequest@request-headers">&lt;xml-fragment/></con:setting></con:settings><con:encoding>UTF-8</con:encoding><con:endpoint>https://192.168.36.61:8243/services/ExportFromRegondesService_v1.0</con:endpoint><con:request><![CDATA[<soapenv:Envelope xmlns:soapenv="http://schemas.xmlsoap.org/soap/envelope/" xmlns:v1="http://fidus.brussels/service/exportfromregondesservice/messages/v1" xmlns:v11="http://fidus.brussels/type/common/messages/v1" xmlns:pos="http://www.minfin.fgov.be/regondes2/extern/taxservice/exports/postponedDossiers" xmlns:com="http://www.minfin.fgov.be/regondes2/extern/taxservice/common">
   <soapenv:Header/>
   <soapenv:Body>
      <v1:postponedDossierRequest>
         <v1:messageContext>
            <v11:messageId>${=import static java.util.UUID.randomUUID; uuid = randomUUID() as String}</v11:messageId>
            <!--Optional:-->
            <v11:timestamp>${=new java.text.SimpleDateFormat("yyyy-MM-dd'T'HH:mm:ss.SSS").format(new Date())}</v11:timestamp>
         </v1:messageContext>
         <v1:legalContext>ServiceIntegrator</v1:legalContext>
         <v1:request>
            <pos:postponedDossier>
               <pos:referenceFodFin>11223344</pos:referenceFodFin>
               <pos:initialService>
                  <!--Optional:-->
                  <com:technicalReference>technicalReference</com:technicalReference>
                  <com:type>AAF</com:type>
                  <com:reference>reference</com:reference>
               </pos:initialService>
               <pos:postponement>
                  <pos:datePostponement>${=new java.text.SimpleDateFormat("yyyy-MM-dd").format(new Date())}</pos:datePostponement>
                  <pos:reasonPostponed>TEST</pos:reasonPostponed>
                  <pos:newTargetDate>${=new java.text.SimpleDateFormat("yyyy-MM-dd").format(new Date())}</pos:newTargetDate>
               </pos:postponement>
            </pos:postponedDossier>
         </v1:request>
      </v1:postponedDossierRequest>
   </soapenv:Body>
</soapenv:Envelope>]]></con:request><con:credentials><con:selectedAuthProfile>Basic</con:selectedAuthProfile><con:addedBasicAuthenticationTypes>Basic</con:addedBasicAuthenticationTypes><con:authType>Global HTTP Settings</con:authType></con:credentials><con:jmsConfig JMSDeliveryMode="PERSISTENT"/><con:jmsPropertyConfig/><con:wsaConfig mustUnderstand="NONE" version="200508" action="http://fidus.brussels/services/exportfromregondesservice/postponedDossier"/><con:wsrmConfig version="1.2"/></con:call><con:call id="10111671-fdf2-4375-8d14-e4a44842a128" name="2 - Dev - Request - Error" incomingWss="Inflow DEV" outgoingWss="Outflow DEV"><con:settings><con:setting id="com.eviware.soapui.impl.wsdl.WsdlRequest@request-headers">&lt;xml-fragment/></con:setting></con:settings><con:encoding>UTF-8</con:encoding><con:endpoint>https://192.168.36.61:8243/services/ExportFromRegondesService_v1.0</con:endpoint><con:request><![CDATA[<soapenv:Envelope xmlns:soapenv="http://schemas.xmlsoap.org/soap/envelope/" xmlns:v1="http://fidus.brussels/service/exportfromregondesservice/messages/v1" xmlns:v11="http://fidus.brussels/type/common/messages/v1" xmlns:pos="http://www.minfin.fgov.be/regondes2/extern/taxservice/exports/postponedDossiers" xmlns:com="http://www.minfin.fgov.be/regondes2/extern/taxservice/common">
   <soapenv:Header/>
   <soapenv:Body>
      <v1:postponedDossierRequest>
         <v1:messageContext>
            <v11:messageId>${=import static java.util.UUID.randomUUID; uuid = randomUUID() as String}</v11:messageId>
            <!--Optional:-->
            <v11:timestamp>${=new java.text.SimpleDateFormat("yyyy-MM-dd'T'HH:mm:ss.SSS").format(new Date())}</v11:timestamp>
         </v1:messageContext>
         <v1:legalContext>ServiceIntegrator</v1:legalContext>
         <v1:request>
            <pos:postponedDossier>
               <!-- <pos:referenceFodFin>12003001507</pos:referenceFodFin> --> <!-- Technical reference not found -->
               <!-- <pos:referenceFodFin>12003001506</pos:referenceFodFin> --> <!-- Reference not found -->  
               <pos:referenceFodFin>11223345</pos:referenceFodFin> <!-- Requested dossier is already close -->
               <pos:initialService>
                  <!--Optional:-->
                  <com:technicalReference>technicalReference</com:technicalReference>
                  <com:type>AAF</com:type>
                  <com:reference>reference</com:reference>
               </pos:initialService>
               <pos:postponement>
                  <pos:datePostponement>${=new java.text.SimpleDateFormat("yyyy-MM-dd").format(new Date())}</pos:datePostponement>
                  <pos:reasonPostponed>TEST</pos:reasonPostponed>
                  <pos:newTargetDate>${=new java.text.SimpleDateFormat("yyyy-MM-dd").format(new Date())}</pos:newTargetDate>
               </pos:postponement>
            </pos:postponedDossier>
         </v1:request>
      </v1:postponedDossierRequest>
   </soapenv:Body>
</soapenv:Envelope>]]></con:request><con:credentials><con:selectedAuthProfile>Basic</con:selectedAuthProfile><con:addedBasicAuthenticationTypes>Basic</con:addedBasicAuthenticationTypes><con:authType>Global HTTP Settings</con:authType></con:credentials><con:jmsConfig JMSDeliveryMode="PERSISTENT"/><con:jmsPropertyConfig/><con:wsaConfig mustUnderstand="NONE" version="200508" action="http://fidus.brussels/services/exportfromregondesservice/postponedDossier"/><con:wsrmConfig version="1.2"/></con:call><con:call id="51725dd1-b164-497a-9c6f-3f73ca8334a2" name="3 - Test - LB - Request" outgoingWss="Outflow TEST" incomingWss="Inflow TEST"><con:settings><con:setting id="com.eviware.soapui.impl.wsdl.WsdlRequest@request-headers">&lt;xml-fragment/></con:setting></con:settings><con:encoding>UTF-8</con:encoding><con:endpoint>https://esb-security-gw.sta.srv.cirb.lan:8443/services/ExportFromRegondesService_v1.0</con:endpoint><con:request><![CDATA[<soapenv:Envelope xmlns:soapenv="http://schemas.xmlsoap.org/soap/envelope/" xmlns:v1="http://fidus.brussels/service/exportfromregondesservice/messages/v1" xmlns:v11="http://fidus.brussels/type/common/messages/v1" xmlns:pos="http://www.minfin.fgov.be/regondes2/extern/taxservice/exports/postponedDossiers" xmlns:com="http://www.minfin.fgov.be/regondes2/extern/taxservice/common">
   <soapenv:Header/>
   <soapenv:Body>
      <v1:postponedDossierRequest>
         <v1:messageContext>
            <v11:messageId>${=import static java.util.UUID.randomUUID; uuid = randomUUID() as String}</v11:messageId>
            <!--Optional:-->
            <v11:timestamp>${=new java.text.SimpleDateFormat("yyyy-MM-dd'T'HH:mm:ss.SSS").format(new Date())}</v11:timestamp>
         </v1:messageContext>
         <v1:legalContext>ServiceIntegrator</v1:legalContext>
         <v1:request>
            <pos:postponedDossier>
               <pos:referenceFodFin>11223344</pos:referenceFodFin>
               <pos:initialService>
                  <!--Optional:-->
                  <com:technicalReference>technicalReference</com:technicalReference>
                  <com:type>AAF</com:type>
                  <com:reference>reference</com:reference>
               </pos:initialService>
               <pos:postponement>
                  <pos:datePostponement>${=new java.text.SimpleDateFormat("yyyy-MM-dd").format(new Date())}</pos:datePostponement>
                  <pos:reasonPostponed>TEST</pos:reasonPostponed>
                  <pos:newTargetDate>${=new java.text.SimpleDateFormat("yyyy-MM-dd").format(new Date())}</pos:newTargetDate>
               </pos:postponement>
            </pos:postponedDossier>
         </v1:request>
      </v1:postponedDossierRequest>
   </soapenv:Body>
</soapenv:Envelope>]]></con:request><con:credentials><con:selectedAuthProfile>Basic</con:selectedAuthProfile><con:addedBasicAuthenticationTypes>Basic</con:addedBasicAuthenticationTypes><con:authType>Global HTTP Settings</con:authType></con:credentials><con:jmsConfig JMSDeliveryMode="PERSISTENT"/><con:jmsPropertyConfig/><con:wsaConfig mustUnderstand="NONE" version="200508" action="http://fidus.brussels/services/exportfromregondesservice/postponedDossier"/><con:wsrmConfig version="1.2"/></con:call><con:call id="751525d9-2cb5-4292-8d95-79342a2d56f7" name="3 - Test - Worker1 - Request" incomingWss="Inflow TEST" outgoingWss="Outflow TEST"><con:settings><con:setting id="com.eviware.soapui.impl.wsdl.WsdlRequest@request-headers">&lt;xml-fragment/></con:setting></con:settings><con:encoding>UTF-8</con:encoding><con:endpoint>https://192.168.22.53:8443/services/ExportFromRegondesService_v1.0</con:endpoint><con:request><![CDATA[<soapenv:Envelope xmlns:soapenv="http://schemas.xmlsoap.org/soap/envelope/" xmlns:v1="http://fidus.brussels/service/exportfromregondesservice/messages/v1" xmlns:v11="http://fidus.brussels/type/common/messages/v1" xmlns:pos="http://www.minfin.fgov.be/regondes2/extern/taxservice/exports/postponedDossiers" xmlns:com="http://www.minfin.fgov.be/regondes2/extern/taxservice/common">
   <soapenv:Header/>
   <soapenv:Body>
      <v1:postponedDossierRequest>
         <v1:messageContext>
            <v11:messageId>${=import static java.util.UUID.randomUUID; uuid = randomUUID() as String}</v11:messageId>
            <!--Optional:-->
            <v11:timestamp>${=new java.text.SimpleDateFormat("yyyy-MM-dd'T'HH:mm:ss.SSS").format(new Date())}</v11:timestamp>
         </v1:messageContext>
         <v1:legalContext>ServiceIntegrator</v1:legalContext>
         <v1:request>
            <pos:postponedDossier>
               <pos:referenceFodFin>11223344</pos:referenceFodFin>
               <pos:initialService>
                  <!--Optional:-->
                  <com:technicalReference>technicalReference</com:technicalReference>
                  <com:type>AAF</com:type>
                  <com:reference>reference</com:reference>
               </pos:initialService>
               <pos:postponement>
                  <pos:datePostponement>${=new java.text.SimpleDateFormat("yyyy-MM-dd").format(new Date())}</pos:datePostponement>
                  <pos:reasonPostponed>TEST</pos:reasonPostponed>
                  <pos:newTargetDate>${=new java.text.SimpleDateFormat("yyyy-MM-dd").format(new Date())}</pos:newTargetDate>
               </pos:postponement>
            </pos:postponedDossier>
         </v1:request>
      </v1:postponedDossierRequest>
   </soapenv:Body>
</soapenv:Envelope>]]></con:request><con:credentials><con:selectedAuthProfile>Basic</con:selectedAuthProfile><con:addedBasicAuthenticationTypes>Basic</con:addedBasicAuthenticationTypes><con:authType>Global HTTP Settings</con:authType></con:credentials><con:jmsConfig JMSDeliveryMode="PERSISTENT"/><con:jmsPropertyConfig/><con:wsaConfig mustUnderstand="NONE" version="200508" action="http://fidus.brussels/services/exportfromregondesservice/postponedDossier"/><con:wsrmConfig version="1.2"/></con:call><con:call id="1a521fa1-436b-4dfb-8940-c9b4a86bf3ed" name="3 - Test - Worker2 - Request" incomingWss="Inflow TEST" outgoingWss="Outflow TEST"><con:settings><con:setting id="com.eviware.soapui.impl.wsdl.WsdlRequest@request-headers">&lt;xml-fragment/></con:setting></con:settings><con:encoding>UTF-8</con:encoding><con:endpoint>https://192.168.22.54:8443/services/ExportFromRegondesService_v1.0</con:endpoint><con:request><![CDATA[<soapenv:Envelope xmlns:soapenv="http://schemas.xmlsoap.org/soap/envelope/" xmlns:v1="http://fidus.brussels/service/exportfromregondesservice/messages/v1" xmlns:v11="http://fidus.brussels/type/common/messages/v1" xmlns:pos="http://www.minfin.fgov.be/regondes2/extern/taxservice/exports/postponedDossiers" xmlns:com="http://www.minfin.fgov.be/regondes2/extern/taxservice/common">
   <soapenv:Header/>
   <soapenv:Body>
      <v1:postponedDossierRequest>
         <v1:messageContext>
            <v11:messageId>${=import static java.util.UUID.randomUUID; uuid = randomUUID() as String}</v11:messageId>
            <!--Optional:-->
            <v11:timestamp>${=new java.text.SimpleDateFormat("yyyy-MM-dd'T'HH:mm:ss.SSS").format(new Date())}</v11:timestamp>
         </v1:messageContext>
         <v1:legalContext>ServiceIntegrator</v1:legalContext>
         <v1:request>
            <pos:postponedDossier>
               <pos:referenceFodFin>11223344</pos:referenceFodFin>
               <pos:initialService>
                  <!--Optional:-->
                  <com:technicalReference>technicalReference</com:technicalReference>
                  <com:type>AAF</com:type>
                  <com:reference>reference</com:reference>
               </pos:initialService>
               <pos:postponement>
                  <pos:datePostponement>${=new java.text.SimpleDateFormat("yyyy-MM-dd").format(new Date())}</pos:datePostponement>
                  <pos:reasonPostponed>TEST</pos:reasonPostponed>
                  <pos:newTargetDate>${=new java.text.SimpleDateFormat("yyyy-MM-dd").format(new Date())}</pos:newTargetDate>
               </pos:postponement>
            </pos:postponedDossier>
         </v1:request>
      </v1:postponedDossierRequest>
   </soapenv:Body>
</soapenv:Envelope>]]></con:request><con:credentials><con:selectedAuthProfile>Basic</con:selectedAuthProfile><con:addedBasicAuthenticationTypes>Basic</con:addedBasicAuthenticationTypes><con:authType>Global HTTP Settings</con:authType></con:credentials><con:jmsConfig JMSDeliveryMode="PERSISTENT"/><con:jmsPropertyConfig/><con:wsaConfig mustUnderstand="NONE" version="200508" action="http://fidus.brussels/services/exportfromregondesservice/postponedDossier"/><con:wsrmConfig version="1.2"/></con:call><con:call id="502e264b-bfb8-44f7-9476-8d50495a8e8c" name="4 - Staging - LB - Request" outgoingWss="Outflow STAGING" incomingWss="Inflow STAGING"><con:settings><con:setting id="com.eviware.soapui.impl.wsdl.WsdlRequest@request-headers">&lt;xml-fragment/></con:setting></con:settings><con:encoding>UTF-8</con:encoding><con:endpoint>https://fidus-esb-sg.sta.srv.cirb.lan:8443/services/ExportFromRegondesService_v1.0</con:endpoint><con:request><![CDATA[<soapenv:Envelope xmlns:soapenv="http://schemas.xmlsoap.org/soap/envelope/" xmlns:v1="http://fidus.brussels/service/exportfromregondesservice/messages/v1" xmlns:v11="http://fidus.brussels/type/common/messages/v1" xmlns:pos="http://www.minfin.fgov.be/regondes2/extern/taxservice/exports/postponedDossiers" xmlns:com="http://www.minfin.fgov.be/regondes2/extern/taxservice/common">
   <soapenv:Header/>
   <soapenv:Body>
      <v1:postponedDossierRequest>
         <v1:messageContext>
            <v11:messageId>${=import static java.util.UUID.randomUUID; uuid = randomUUID() as String}</v11:messageId>
            <!--Optional:-->
            <v11:timestamp>${=new java.text.SimpleDateFormat("yyyy-MM-dd'T'HH:mm:ss.SSS").format(new Date())}</v11:timestamp>
         </v1:messageContext>
         <v1:legalContext>ServiceIntegrator</v1:legalContext>
         <v1:request>
            <pos:postponedDossier>
               <pos:referenceFodFin>11223344</pos:referenceFodFin>
               <pos:initialService>
                  <!--Optional:-->
                  <com:technicalReference>technicalReference</com:technicalReference>
                  <com:type>AAF</com:type>
                  <com:reference>reference</com:reference>
               </pos:initialService>
               <pos:postponement>
                  <pos:datePostponement>${=new java.text.SimpleDateFormat("yyyy-MM-dd").format(new Date())}</pos:datePostponement>
                  <pos:reasonPostponed>TEST</pos:reasonPostponed>
                  <pos:newTargetDate>${=new java.text.SimpleDateFormat("yyyy-MM-dd").format(new Date())}</pos:newTargetDate>
               </pos:postponement>
            </pos:postponedDossier>
         </v1:request>
      </v1:postponedDossierRequest>
   </soapenv:Body>
</soapenv:Envelope>]]></con:request><con:credentials><con:selectedAuthProfile>Basic</con:selectedAuthProfile><con:addedBasicAuthenticationTypes>Basic</con:addedBasicAuthenticationTypes><con:authType>Global HTTP Settings</con:authType></con:credentials><con:jmsConfig JMSDeliveryMode="PERSISTENT"/><con:jmsPropertyConfig/><con:wsaConfig mustUnderstand="NONE" version="200508" action="http://fidus.brussels/services/exportfromregondesservice/postponedDossier"/><con:wsrmConfig version="1.2"/></con:call><con:call id="890b98a4-c009-4270-830e-09c218e69ca1" name="4 - Staging - Worker1 - Request" incomingWss="Inflow STAGING" outgoingWss="Outflow STAGING"><con:settings><con:setting id="com.eviware.soapui.impl.wsdl.WsdlRequest@request-headers">&lt;xml-fragment/></con:setting></con:settings><con:encoding>UTF-8</con:encoding><con:endpoint>https://192.168.24.16:8443/services/ExportFromRegondesService_v1.0</con:endpoint><con:request><![CDATA[<soapenv:Envelope xmlns:soapenv="http://schemas.xmlsoap.org/soap/envelope/" xmlns:v1="http://fidus.brussels/service/exportfromregondesservice/messages/v1" xmlns:v11="http://fidus.brussels/type/common/messages/v1" xmlns:pos="http://www.minfin.fgov.be/regondes2/extern/taxservice/exports/postponedDossiers" xmlns:com="http://www.minfin.fgov.be/regondes2/extern/taxservice/common">
   <soapenv:Header/>
   <soapenv:Body>
      <v1:postponedDossierRequest>
         <v1:messageContext>
            <v11:messageId>${=import static java.util.UUID.randomUUID; uuid = randomUUID() as String}</v11:messageId>
            <!--Optional:-->
            <v11:timestamp>${=new java.text.SimpleDateFormat("yyyy-MM-dd'T'HH:mm:ss.SSS").format(new Date())}</v11:timestamp>
         </v1:messageContext>
         <v1:legalContext>ServiceIntegrator</v1:legalContext>
         <v1:request>
            <pos:postponedDossier>
               <pos:referenceFodFin>11223344</pos:referenceFodFin>
               <pos:initialService>
                  <!--Optional:-->
                  <com:technicalReference>technicalReference</com:technicalReference>
                  <com:type>AAF</com:type>
                  <com:reference>reference</com:reference>
               </pos:initialService>
               <pos:postponement>
                  <pos:datePostponement>${=new java.text.SimpleDateFormat("yyyy-MM-dd").format(new Date())}</pos:datePostponement>
                  <pos:reasonPostponed>TEST</pos:reasonPostponed>
                  <pos:newTargetDate>${=new java.text.SimpleDateFormat("yyyy-MM-dd").format(new Date())}</pos:newTargetDate>
               </pos:postponement>
            </pos:postponedDossier>
         </v1:request>
      </v1:postponedDossierRequest>
   </soapenv:Body>
</soapenv:Envelope>]]></con:request><con:credentials><con:selectedAuthProfile>Basic</con:selectedAuthProfile><con:addedBasicAuthenticationTypes>Basic</con:addedBasicAuthenticationTypes><con:authType>Global HTTP Settings</con:authType></con:credentials><con:jmsConfig JMSDeliveryMode="PERSISTENT"/><con:jmsPropertyConfig/><con:wsaConfig mustUnderstand="NONE" version="200508" action="http://fidus.brussels/services/exportfromregondesservice/postponedDossier"/><con:wsrmConfig version="1.2"/></con:call><con:call id="a0f49606-3d56-4fc4-835c-3b79ec54681a" name="4 - Staging - worker2 - Request" incomingWss="Inflow STAGING" outgoingWss="Outflow STAGING"><con:settings><con:setting id="com.eviware.soapui.impl.wsdl.WsdlRequest@request-headers">&lt;xml-fragment/></con:setting></con:settings><con:encoding>UTF-8</con:encoding><con:endpoint>https://192.168.24.17:8443/services/ExportFromRegondesService_v1.0</con:endpoint><con:request><![CDATA[<soapenv:Envelope xmlns:soapenv="http://schemas.xmlsoap.org/soap/envelope/" xmlns:v1="http://fidus.brussels/service/exportfromregondesservice/messages/v1" xmlns:v11="http://fidus.brussels/type/common/messages/v1" xmlns:pos="http://www.minfin.fgov.be/regondes2/extern/taxservice/exports/postponedDossiers" xmlns:com="http://www.minfin.fgov.be/regondes2/extern/taxservice/common">
   <soapenv:Header/>
   <soapenv:Body>
      <v1:postponedDossierRequest>
         <v1:messageContext>
            <v11:messageId>${=import static java.util.UUID.randomUUID; uuid = randomUUID() as String}</v11:messageId>
            <!--Optional:-->
            <v11:timestamp>${=new java.text.SimpleDateFormat("yyyy-MM-dd'T'HH:mm:ss.SSS").format(new Date())}</v11:timestamp>
         </v1:messageContext>
         <v1:legalContext>ServiceIntegrator</v1:legalContext>
         <v1:request>
            <pos:postponedDossier>
               <pos:referenceFodFin>11223344</pos:referenceFodFin>
               <pos:initialService>
                  <!--Optional:-->
                  <com:technicalReference>technicalReference</com:technicalReference>
                  <com:type>AAF</com:type>
                  <com:reference>reference</com:reference>
               </pos:initialService>
               <pos:postponement>
                  <pos:datePostponement>${=new java.text.SimpleDateFormat("yyyy-MM-dd").format(new Date())}</pos:datePostponement>
                  <pos:reasonPostponed>TEST</pos:reasonPostponed>
                  <pos:newTargetDate>${=new java.text.SimpleDateFormat("yyyy-MM-dd").format(new Date())}</pos:newTargetDate>
               </pos:postponement>
            </pos:postponedDossier>
         </v1:request>
      </v1:postponedDossierRequest>
   </soapenv:Body>
</soapenv:Envelope>]]></con:request><con:credentials><con:selectedAuthProfile>Basic</con:selectedAuthProfile><con:addedBasicAuthenticationTypes>Basic</con:addedBasicAuthenticationTypes><con:authType>Global HTTP Settings</con:authType></con:credentials><con:jmsConfig JMSDeliveryMode="PERSISTENT"/><con:jmsPropertyConfig/><con:wsaConfig mustUnderstand="NONE" version="200508" action="http://fidus.brussels/services/exportfromregondesservice/postponedDossier"/><con:wsrmConfig version="1.2"/></con:call><con:call id="edbeaf0d-8e82-4594-b95e-33e1c5c92f61" name="5 - Prod - LB - Request" incomingWss="Inflow PROD" outgoingWss="Outflow PROD"><con:settings><con:setting id="com.eviware.soapui.impl.wsdl.WsdlRequest@request-headers">&lt;xml-fragment/></con:setting></con:settings><con:encoding>UTF-8</con:encoding><con:endpoint>https://fidus-esb-sg.prd.srv.cirb.lan:8443/services/ExportFromRegondesService_v1.0</con:endpoint><con:request><![CDATA[<soapenv:Envelope xmlns:soapenv="http://schemas.xmlsoap.org/soap/envelope/" xmlns:v1="http://fidus.brussels/service/exportfromregondesservice/messages/v1" xmlns:v11="http://fidus.brussels/type/common/messages/v1" xmlns:pos="http://www.minfin.fgov.be/regondes2/extern/taxservice/exports/postponedDossiers" xmlns:com="http://www.minfin.fgov.be/regondes2/extern/taxservice/common">
   <soapenv:Header/>
   <soapenv:Body>
      <v1:postponedDossierRequest>
         <v1:messageContext>
            <v11:messageId>${=import static java.util.UUID.randomUUID; uuid = randomUUID() as String}</v11:messageId>
            <!--Optional:-->
            <v11:timestamp>${=new java.text.SimpleDateFormat("yyyy-MM-dd'T'HH:mm:ss.SSS").format(new Date())}</v11:timestamp>
         </v1:messageContext>
         <v1:legalContext>ServiceIntegrator</v1:legalContext>
         <v1:request>
            <pos:postponedDossier>
               <pos:referenceFodFin>11223344</pos:referenceFodFin>
               <pos:initialService>
                  <!--Optional:-->
                  <com:technicalReference>technicalReference</com:technicalReference>
                  <com:type>AAF</com:type>
                  <com:reference>reference</com:reference>
               </pos:initialService>
               <pos:postponement>
                  <pos:datePostponement>${=new java.text.SimpleDateFormat("yyyy-MM-dd").format(new Date())}</pos:datePostponement>
                  <pos:reasonPostponed>TEST</pos:reasonPostponed>
                  <pos:newTargetDate>${=new java.text.SimpleDateFormat("yyyy-MM-dd").format(new Date())}</pos:newTargetDate>
               </pos:postponement>
            </pos:postponedDossier>
         </v1:request>
      </v1:postponedDossierRequest>
   </soapenv:Body>
</soapenv:Envelope>]]></con:request><con:credentials><con:selectedAuthProfile>Basic</con:selectedAuthProfile><con:addedBasicAuthenticationTypes>Basic</con:addedBasicAuthenticationTypes><con:authType>Global HTTP Settings</con:authType></con:credentials><con:jmsConfig JMSDeliveryMode="PERSISTENT"/><con:jmsPropertyConfig/><con:wsaConfig mustUnderstand="NONE" version="200508" action="http://fidus.brussels/services/exportfromregondesservice/postponedDossier"/><con:wsrmConfig version="1.2"/></con:call><con:call id="6a1425de-0ae6-4abb-9c33-822dee03f9df" name="5 - Prod - External - Request" incomingWss="Inflow PROD" outgoingWss="Outflow PROD"><con:settings><con:setting id="com.eviware.soapui.impl.wsdl.WsdlRequest@request-headers">&lt;xml-fragment/></con:setting></con:settings><con:encoding>UTF-8</con:encoding><con:endpoint>https://fidus.sec.brussels/services/ExportFromRegondesservice_v1.0</con:endpoint><con:request><![CDATA[<soapenv:Envelope xmlns:soapenv="http://schemas.xmlsoap.org/soap/envelope/" xmlns:v1="http://fidus.brussels/service/exportfromregondesservice/messages/v1" xmlns:v11="http://fidus.brussels/type/common/messages/v1" xmlns:pos="http://www.minfin.fgov.be/regondes2/extern/taxservice/exports/postponedDossiers" xmlns:com="http://www.minfin.fgov.be/regondes2/extern/taxservice/common">
   <soapenv:Header/>
   <soapenv:Body>
      <v1:postponedDossierRequest>
         <v1:messageContext>
            <v11:messageId>${=import static java.util.UUID.randomUUID; uuid = randomUUID() as String}</v11:messageId>
            <!--Optional:-->
            <v11:timestamp>${=new java.text.SimpleDateFormat("yyyy-MM-dd'T'HH:mm:ss.SSS").format(new Date())}</v11:timestamp>
         </v1:messageContext>
         <v1:legalContext>ServiceIntegrator</v1:legalContext>
         <v1:request>
            <pos:postponedDossier>
               <pos:referenceFodFin>11223344</pos:referenceFodFin>
               <pos:initialService>
                  <!--Optional:-->
                  <com:technicalReference>technicalReference</com:technicalReference>
                  <com:type>AAF</com:type>
                  <com:reference>reference</com:reference>
               </pos:initialService>
               <pos:postponement>
                  <pos:datePostponement>${=new java.text.SimpleDateFormat("yyyy-MM-dd").format(new Date())}</pos:datePostponement>
                  <pos:reasonPostponed>TEST</pos:reasonPostponed>
                  <pos:newTargetDate>${=new java.text.SimpleDateFormat("yyyy-MM-dd").format(new Date())}</pos:newTargetDate>
               </pos:postponement>
            </pos:postponedDossier>
         </v1:request>
      </v1:postponedDossierRequest>
   </soapenv:Body>
</soapenv:Envelope>]]></con:request><con:credentials><con:selectedAuthProfile>Basic</con:selectedAuthProfile><con:addedBasicAuthenticationTypes>Basic</con:addedBasicAuthenticationTypes><con:authType>Global HTTP Settings</con:authType></con:credentials><con:jmsConfig JMSDeliveryMode="PERSISTENT"/><con:jmsPropertyConfig/><con:wsaConfig mustUnderstand="NONE" version="200508" action="http://fidus.brussels/services/exportfromregondesservice/postponedDossier"/><con:wsrmConfig version="1.2"/></con:call><con:call id="2477006f-b1e3-4a96-9110-e4f938d54f24" name="5 - Prod - Worker1 - Request" incomingWss="Inflow PROD" outgoingWss="Outflow PROD"><con:settings><con:setting id="com.eviware.soapui.impl.wsdl.WsdlRequest@request-headers">&lt;xml-fragment/></con:setting></con:settings><con:encoding>UTF-8</con:encoding><con:endpoint>https://192.168.26.22:8443/services/ExportFromRegondesService_v1.0</con:endpoint><con:request><![CDATA[<soapenv:Envelope xmlns:soapenv="http://schemas.xmlsoap.org/soap/envelope/" xmlns:v1="http://fidus.brussels/service/exportfromregondesservice/messages/v1" xmlns:v11="http://fidus.brussels/type/common/messages/v1" xmlns:pos="http://www.minfin.fgov.be/regondes2/extern/taxservice/exports/postponedDossiers" xmlns:com="http://www.minfin.fgov.be/regondes2/extern/taxservice/common">
   <soapenv:Header/>
   <soapenv:Body>
      <v1:postponedDossierRequest>
         <v1:messageContext>
            <v11:messageId>${=import static java.util.UUID.randomUUID; uuid = randomUUID() as String}</v11:messageId>
            <!--Optional:-->
            <v11:timestamp>${=new java.text.SimpleDateFormat("yyyy-MM-dd'T'HH:mm:ss.SSS").format(new Date())}</v11:timestamp>
         </v1:messageContext>
         <v1:legalContext>ServiceIntegrator</v1:legalContext>
         <v1:request>
            <pos:postponedDossier>
               <pos:referenceFodFin>11223344</pos:referenceFodFin>
               <pos:initialService>
                  <!--Optional:-->
                  <com:technicalReference>technicalReference</com:technicalReference>
                  <com:type>AAF</com:type>
                  <com:reference>reference</com:reference>
               </pos:initialService>
               <pos:postponement>
                  <pos:datePostponement>${=new java.text.SimpleDateFormat("yyyy-MM-dd").format(new Date())}</pos:datePostponement>
                  <pos:reasonPostponed>TEST</pos:reasonPostponed>
                  <pos:newTargetDate>${=new java.text.SimpleDateFormat("yyyy-MM-dd").format(new Date())}</pos:newTargetDate>
               </pos:postponement>
            </pos:postponedDossier>
         </v1:request>
      </v1:postponedDossierRequest>
   </soapenv:Body>
</soapenv:Envelope>]]></con:request><con:credentials><con:selectedAuthProfile>Basic</con:selectedAuthProfile><con:addedBasicAuthenticationTypes>Basic</con:addedBasicAuthenticationTypes><con:authType>Global HTTP Settings</con:authType></con:credentials><con:jmsConfig JMSDeliveryMode="PERSISTENT"/><con:jmsPropertyConfig/><con:wsaConfig mustUnderstand="NONE" version="200508" action="http://fidus.brussels/services/exportfromregondesservice/postponedDossier"/><con:wsrmConfig version="1.2"/></con:call><con:call id="c284bed1-97d1-42ce-ba34-3b35098b90b4" name="5 - Prod - Worker2 - Request" incomingWss="Inflow PROD" outgoingWss="Outflow PROD"><con:settings><con:setting id="com.eviware.soapui.impl.wsdl.WsdlRequest@request-headers">&lt;xml-fragment/></con:setting></con:settings><con:encoding>UTF-8</con:encoding><con:endpoint>https://192.168.26.19:8443/services/ExportFromRegondesService_v1.0</con:endpoint><con:request><![CDATA[<soapenv:Envelope xmlns:soapenv="http://schemas.xmlsoap.org/soap/envelope/" xmlns:v1="http://fidus.brussels/service/exportfromregondesservice/messages/v1" xmlns:v11="http://fidus.brussels/type/common/messages/v1" xmlns:pos="http://www.minfin.fgov.be/regondes2/extern/taxservice/exports/postponedDossiers" xmlns:com="http://www.minfin.fgov.be/regondes2/extern/taxservice/common">
   <soapenv:Header/>
   <soapenv:Body>
      <v1:postponedDossierRequest>
         <v1:messageContext>
            <v11:messageId>${=import static java.util.UUID.randomUUID; uuid = randomUUID() as String}</v11:messageId>
            <!--Optional:-->
            <v11:timestamp>${=new java.text.SimpleDateFormat("yyyy-MM-dd'T'HH:mm:ss.SSS").format(new Date())}</v11:timestamp>
         </v1:messageContext>
         <v1:legalContext>ServiceIntegrator</v1:legalContext>
         <v1:request>
            <pos:postponedDossier>
               <pos:referenceFodFin>11223344</pos:referenceFodFin>
               <pos:initialService>
                  <!--Optional:-->
                  <com:technicalReference>technicalReference</com:technicalReference>
                  <com:type>AAF</com:type>
                  <com:reference>reference</com:reference>
               </pos:initialService>
               <pos:postponement>
                  <pos:datePostponement>${=new java.text.SimpleDateFormat("yyyy-MM-dd").format(new Date())}</pos:datePostponement>
                  <pos:reasonPostponed>TEST</pos:reasonPostponed>
                  <pos:newTargetDate>${=new java.text.SimpleDateFormat("yyyy-MM-dd").format(new Date())}</pos:newTargetDate>
               </pos:postponement>
            </pos:postponedDossier>
         </v1:request>
      </v1:postponedDossierRequest>
   </soapenv:Body>
</soapenv:Envelope>]]></con:request><con:credentials><con:selectedAuthProfile>Basic</con:selectedAuthProfile><con:addedBasicAuthenticationTypes>Basic</con:addedBasicAuthenticationTypes><con:authType>Global HTTP Settings</con:authType></con:credentials><con:jmsConfig JMSDeliveryMode="PERSISTENT"/><con:jmsPropertyConfig/><con:wsaConfig mustUnderstand="NONE" version="200508" action="http://fidus.brussels/services/exportfromregondesservice/postponedDossier"/><con:wsrmConfig version="1.2"/></con:call><con:call id="1602bd77-adb8-4214-990b-eed2c58bdf45" name="3 - Test - External - Request" incomingWss="Inflow TEST" outgoingWss="Outflow TEST"><con:settings><con:setting id="com.eviware.soapui.impl.wsdl.WsdlRequest@request-headers">&lt;xml-fragment/></con:setting></con:settings><con:encoding>UTF-8</con:encoding><con:endpoint>https://fidus-test.irisnetlab.be/services/ExportFromRegondesService_v1.0</con:endpoint><con:request><![CDATA[<soapenv:Envelope xmlns:soapenv="http://schemas.xmlsoap.org/soap/envelope/" xmlns:v1="http://fidus.brussels/service/exportfromregondesservice/messages/v1" xmlns:v11="http://fidus.brussels/type/common/messages/v1" xmlns:pos="http://www.minfin.fgov.be/regondes2/extern/taxservice/exports/postponedDossiers" xmlns:com="http://www.minfin.fgov.be/regondes2/extern/taxservice/common">
   <soapenv:Header/>
   <soapenv:Body>
      <v1:postponedDossierRequest>
         <v1:messageContext>
            <v11:messageId>${=import static java.util.UUID.randomUUID; uuid = randomUUID() as String}</v11:messageId>
            <!--Optional:-->
            <v11:timestamp>${=new java.text.SimpleDateFormat("yyyy-MM-dd'T'HH:mm:ss.SSS").format(new Date())}</v11:timestamp>
         </v1:messageContext>
         <v1:legalContext>ServiceIntegrator</v1:legalContext>
         <v1:request>
            <pos:postponedDossier>
               <pos:referenceFodFin>11223344</pos:referenceFodFin>
               <pos:initialService>
                  <!--Optional:-->
                  <com:technicalReference>technicalReference</com:technicalReference>
                  <com:type>AAF</com:type>
                  <com:reference>reference</com:reference>
               </pos:initialService>
               <pos:postponement>
                  <pos:datePostponement>${=new java.text.SimpleDateFormat("yyyy-MM-dd").format(new Date())}</pos:datePostponement>
                  <pos:reasonPostponed>TEST</pos:reasonPostponed>
                  <pos:newTargetDate>${=new java.text.SimpleDateFormat("yyyy-MM-dd").format(new Date())}</pos:newTargetDate>
               </pos:postponement>
            </pos:postponedDossier>
         </v1:request>
      </v1:postponedDossierRequest>
   </soapenv:Body>
</soapenv:Envelope>]]></con:request><con:credentials><con:selectedAuthProfile>Basic</con:selectedAuthProfile><con:addedBasicAuthenticationTypes>Basic</con:addedBasicAuthenticationTypes><con:authType>Global HTTP Settings</con:authType></con:credentials><con:jmsConfig JMSDeliveryMode="PERSISTENT"/><con:jmsPropertyConfig/><con:wsaConfig mustUnderstand="NONE" version="200508" action="http://fidus.brussels/services/exportfromregondesservice/postponedDossier"/><con:wsrmConfig version="1.2"/></con:call><con:call id="9d37237d-90a6-4374-9729-6063a30b2b26" name="4 - Staging - External - Request" incomingWss="Inflow STAGING" outgoingWss="Outflow STAGING"><con:settings><con:setting id="com.eviware.soapui.impl.wsdl.WsdlRequest@request-headers">&lt;xml-fragment/></con:setting></con:settings><con:encoding>UTF-8</con:encoding><con:endpoint>https://fidus.irisnetlab.be/services/ExportFromRegondesService_v1.0</con:endpoint><con:request><![CDATA[<soapenv:Envelope xmlns:soapenv="http://schemas.xmlsoap.org/soap/envelope/" xmlns:v1="http://fidus.brussels/service/exportfromregondesservice/messages/v1" xmlns:v11="http://fidus.brussels/type/common/messages/v1" xmlns:pos="http://www.minfin.fgov.be/regondes2/extern/taxservice/exports/postponedDossiers" xmlns:com="http://www.minfin.fgov.be/regondes2/extern/taxservice/common">
   <soapenv:Header/>
   <soapenv:Body>
      <v1:postponedDossierRequest>
         <v1:messageContext>
            <v11:messageId>${=import static java.util.UUID.randomUUID; uuid = randomUUID() as String}</v11:messageId>
            <!--Optional:-->
            <v11:timestamp>${=new java.text.SimpleDateFormat("yyyy-MM-dd'T'HH:mm:ss.SSS").format(new Date())}</v11:timestamp>
         </v1:messageContext>
         <v1:legalContext>ServiceIntegrator</v1:legalContext>
         <v1:request>
            <pos:postponedDossier>
               <pos:referenceFodFin>11223344</pos:referenceFodFin>
               <pos:initialService>
                  <!--Optional:-->
                  <com:technicalReference>technicalReference</com:technicalReference>
                  <com:type>AAF</com:type>
                  <com:reference>reference</com:reference>
               </pos:initialService>
               <pos:postponement>
                  <pos:datePostponement>${=new java.text.SimpleDateFormat("yyyy-MM-dd").format(new Date())}</pos:datePostponement>
                  <pos:reasonPostponed>TEST</pos:reasonPostponed>
                  <pos:newTargetDate>${=new java.text.SimpleDateFormat("yyyy-MM-dd").format(new Date())}</pos:newTargetDate>
               </pos:postponement>
            </pos:postponedDossier>
         </v1:request>
      </v1:postponedDossierRequest>
   </soapenv:Body>
</soapenv:Envelope>]]></con:request><con:credentials><con:selectedAuthProfile>Basic</con:selectedAuthProfile><con:addedBasicAuthenticationTypes>Basic</con:addedBasicAuthenticationTypes><con:authType>Global HTTP Settings</con:authType></con:credentials><con:jmsConfig JMSDeliveryMode="PERSISTENT"/><con:jmsPropertyConfig/><con:wsaConfig mustUnderstand="NONE" version="200508" action="http://fidus.brussels/services/exportfromregondesservice/postponedDossier"/><con:wsrmConfig version="1.2"/></con:call></con:operation><con:operation id="a0d06949-632b-40af-a8b1-e975ea93ae14" isOneWay="false" action="http://fidus.brussels/services/exportfromregondesservice/serviceChange" name="serviceChange" bindingOperationName="serviceChange" type="Request-Response" inputName="" receivesAttachments="false" sendsAttachments="false" anonymous="optional"><con:settings/><con:call id="d6401369-7f3b-4e21-a968-daf4795ffde8" name="1 - Local - Request - Success" incomingWss="Inflow DEV" outgoingWss="Outflow DEV"><con:settings><con:setting id="com.eviware.soapui.impl.wsdl.WsdlRequest@request-headers">&lt;xml-fragment/></con:setting></con:settings><con:encoding>UTF-8</con:encoding><con:endpoint>https://localhost:8243/services/ExportFromRegondesService_v1.0</con:endpoint><con:request><![CDATA[<soapenv:Envelope xmlns:soapenv="http://schemas.xmlsoap.org/soap/envelope/" xmlns:v1="http://fidus.brussels/service/exportfromregondesservice/messages/v1" xmlns:v11="http://fidus.brussels/type/common/messages/v1" xmlns:ser="http://www.minfin.fgov.be/regondes2/extern/taxservice/exports/serviceChanged" xmlns:com="http://www.minfin.fgov.be/regondes2/extern/taxservice/common">
   <soapenv:Header/>
   <soapenv:Body>
      <v1:serviceChangeRequest>
         <v1:messageContext>
            <v11:messageId>${=import static java.util.UUID.randomUUID; uuid = randomUUID() as String}</v11:messageId>
            <!--Optional:-->
            <v11:timestamp>${=new java.text.SimpleDateFormat("yyyy-MM-dd'T'HH:mm:ss.SSS").format(new Date())}</v11:timestamp>
         </v1:messageContext>
         <v1:legalContext>ServiceIntegrator</v1:legalContext>
         <v1:request>
            <ser:serviceChange>
               <ser:referenceFodFin>11223344</ser:referenceFodFin>
               <ser:initialService>
                  <!--Optional:-->
                  <com:technicalReference>1524</com:technicalReference>
                  <com:type>AAF</com:type>
                  <com:reference>reference</com:reference>
               </ser:initialService>
               <!--1 to 99 repetitions:-->
               <ser:transfer>
                  <ser:serviceName>CIRB</ser:serviceName>
                  <ser:dateIn>${=new java.text.SimpleDateFormat("yyyy-MM-dd").format(new Date())}</ser:dateIn>
                  <!--Optional:-->
                  <ser:dateOut>${=new java.text.SimpleDateFormat("yyyy-MM-dd").format(new Date())}</ser:dateOut>
                  <ser:official>
                     <ser:firstName>jean</ser:firstName>
                     <ser:lastName>baptist</ser:lastName>
                     <ser:phoneNumber>0452363621</ser:phoneNumber>
                     <ser:email>cisyapan@cirb.brussels</ser:email>
                  </ser:official>
               </ser:transfer>
            </ser:serviceChange>
         </v1:request>
      </v1:serviceChangeRequest>
   </soapenv:Body>
</soapenv:Envelope>]]></con:request><con:credentials><con:selectedAuthProfile>Basic</con:selectedAuthProfile><con:addedBasicAuthenticationTypes>Basic</con:addedBasicAuthenticationTypes><con:authType>Global HTTP Settings</con:authType></con:credentials><con:jmsConfig JMSDeliveryMode="PERSISTENT"/><con:jmsPropertyConfig/><con:wsaConfig mustUnderstand="NONE" version="200508" action="http://fidus.brussels/services/exportfromregondesservice/serviceChange"/><con:wsrmConfig version="1.2"/></con:call><con:call id="ed82f06f-0980-4e6b-886a-4d3ff7f15b95" name="1 - Local - Request - Error" incomingWss="Inflow DEV" outgoingWss="Outflow DEV"><con:settings><con:setting id="com.eviware.soapui.impl.wsdl.WsdlRequest@request-headers">&lt;xml-fragment/></con:setting></con:settings><con:encoding>UTF-8</con:encoding><con:endpoint>https://localhost:8243/services/ExportFromRegondesService_v1.0</con:endpoint><con:request><![CDATA[<soapenv:Envelope xmlns:soapenv="http://schemas.xmlsoap.org/soap/envelope/" xmlns:v1="http://fidus.brussels/service/exportfromregondesservice/messages/v1" xmlns:v11="http://fidus.brussels/type/common/messages/v1" xmlns:ser="http://www.minfin.fgov.be/regondes2/extern/taxservice/exports/serviceChanged" xmlns:com="http://www.minfin.fgov.be/regondes2/extern/taxservice/common">
   <soapenv:Header/>
   <soapenv:Body>
      <v1:serviceChangeRequest>
         <v1:messageContext>
            <v11:messageId>${=import static java.util.UUID.randomUUID; uuid = randomUUID() as String}</v11:messageId>
            <!--Optional:-->
            <v11:timestamp>${=new java.text.SimpleDateFormat("yyyy-MM-dd'T'HH:mm:ss.SSS").format(new Date())}</v11:timestamp>
         </v1:messageContext>
         <v1:legalContext>ServiceIntegrator</v1:legalContext>
         <v1:request>
            <ser:serviceChange>
               <!-- <ser:referenceFodFin>11223347</ser:referenceFodFin> --> <!-- Technical reference not found -->
               <!-- <ser:referenceFodFin>11223346</ser:referenceFodFin> --> <!-- Reference not found -->  
               <ser:referenceFodFin>11223345</ser:referenceFodFin> <!-- Requested dossier is already close -->
               <ser:initialService>
                  <!--Optional:-->
                  <com:technicalReference>1524</com:technicalReference>
                  <com:type>AAF</com:type>
                  <com:reference>reference</com:reference>
               </ser:initialService>
               <!--1 to 99 repetitions:-->
               <ser:transfer>
                  <ser:serviceName>CIRB</ser:serviceName>
                  <ser:dateIn>${=new java.text.SimpleDateFormat("yyyy-MM-dd").format(new Date())}</ser:dateIn>
                  <!--Optional:-->
                  <ser:dateOut>${=new java.text.SimpleDateFormat("yyyy-MM-dd").format(new Date())}</ser:dateOut>
                  <ser:official>
                     <ser:firstName>jean</ser:firstName>
                     <ser:lastName>baptist</ser:lastName>
                     <ser:phoneNumber>0452363621</ser:phoneNumber>
                     <ser:email>cisyapan@cirb.brussels</ser:email>
                  </ser:official>
               </ser:transfer>
            </ser:serviceChange>
         </v1:request>
      </v1:serviceChangeRequest>
   </soapenv:Body>
</soapenv:Envelope>]]></con:request><con:credentials><con:selectedAuthProfile>Basic</con:selectedAuthProfile><con:addedBasicAuthenticationTypes>Basic</con:addedBasicAuthenticationTypes><con:authType>Global HTTP Settings</con:authType></con:credentials><con:jmsConfig JMSDeliveryMode="PERSISTENT"/><con:jmsPropertyConfig/><con:wsaConfig mustUnderstand="NONE" version="200508" action="http://fidus.brussels/services/exportfromregondesservice/serviceChange"/><con:wsrmConfig version="1.2"/></con:call><con:call id="ffe6d0c8-b049-4f62-b109-7eac9aa40db0" name="2 - Dev - Request - Success" incomingWss="Inflow DEV" outgoingWss="Outflow DEV"><con:settings><con:setting id="com.eviware.soapui.impl.wsdl.WsdlRequest@request-headers">&lt;xml-fragment/></con:setting></con:settings><con:encoding>UTF-8</con:encoding><con:endpoint>https://192.168.36.61:8243/services/ExportFromRegondesService_v1.0</con:endpoint><con:request><![CDATA[<soapenv:Envelope xmlns:soapenv="http://schemas.xmlsoap.org/soap/envelope/" xmlns:v1="http://fidus.brussels/service/exportfromregondesservice/messages/v1" xmlns:v11="http://fidus.brussels/type/common/messages/v1" xmlns:ser="http://www.minfin.fgov.be/regondes2/extern/taxservice/exports/serviceChanged" xmlns:com="http://www.minfin.fgov.be/regondes2/extern/taxservice/common">
   <soapenv:Header/>
   <soapenv:Body>
      <v1:serviceChangeRequest>
         <v1:messageContext>
            <v11:messageId>${=import static java.util.UUID.randomUUID; uuid = randomUUID() as String}</v11:messageId>
            <!--Optional:-->
            <v11:timestamp>${=new java.text.SimpleDateFormat("yyyy-MM-dd'T'HH:mm:ss.SSS").format(new Date())}</v11:timestamp>
         </v1:messageContext>
         <v1:legalContext>ServiceIntegrator</v1:legalContext>
         <v1:request>
            <ser:serviceChange>
               <ser:referenceFodFin>11223344</ser:referenceFodFin>
               <ser:initialService>
                  <!--Optional:-->
                  <com:technicalReference>1524</com:technicalReference>
                  <com:type>AAF</com:type>
                  <com:reference>reference</com:reference>
               </ser:initialService>
               <!--1 to 99 repetitions:-->
               <ser:transfer>
                  <ser:serviceName>CIRB</ser:serviceName>
                  <ser:dateIn>${=new java.text.SimpleDateFormat("yyyy-MM-dd").format(new Date())}</ser:dateIn>
                  <!--Optional:-->
                  <ser:dateOut>${=new java.text.SimpleDateFormat("yyyy-MM-dd").format(new Date())}</ser:dateOut>
                  <ser:official>
                     <ser:firstName>jean</ser:firstName>
                     <ser:lastName>baptist</ser:lastName>
                     <ser:phoneNumber>0452363621</ser:phoneNumber>
                     <ser:email>cisyapan@cirb.brussels</ser:email>
                  </ser:official>
               </ser:transfer>
            </ser:serviceChange>
         </v1:request>
      </v1:serviceChangeRequest>
   </soapenv:Body>
</soapenv:Envelope>]]></con:request><con:credentials><con:selectedAuthProfile>Basic</con:selectedAuthProfile><con:addedBasicAuthenticationTypes>Basic</con:addedBasicAuthenticationTypes><con:authType>Global HTTP Settings</con:authType></con:credentials><con:jmsConfig JMSDeliveryMode="PERSISTENT"/><con:jmsPropertyConfig/><con:wsaConfig mustUnderstand="NONE" version="200508" action="http://fidus.brussels/services/exportfromregondesservice/serviceChange"/><con:wsrmConfig version="1.2"/></con:call><con:call id="85b6baf4-3552-4dae-80fc-236978c8fd4f" name="2 - Dev - Request - Error" incomingWss="Inflow DEV" outgoingWss="Outflow DEV"><con:settings><con:setting id="com.eviware.soapui.impl.wsdl.WsdlRequest@request-headers">&lt;xml-fragment/></con:setting></con:settings><con:encoding>UTF-8</con:encoding><con:endpoint>https://192.168.36.61:8243/services/ExportFromRegondesService_v1.0</con:endpoint><con:request><![CDATA[<soapenv:Envelope xmlns:soapenv="http://schemas.xmlsoap.org/soap/envelope/" xmlns:v1="http://fidus.brussels/service/exportfromregondesservice/messages/v1" xmlns:v11="http://fidus.brussels/type/common/messages/v1" xmlns:ser="http://www.minfin.fgov.be/regondes2/extern/taxservice/exports/serviceChanged" xmlns:com="http://www.minfin.fgov.be/regondes2/extern/taxservice/common">
   <soapenv:Header/>
   <soapenv:Body>
      <v1:serviceChangeRequest>
         <v1:messageContext>
            <v11:messageId>${=import static java.util.UUID.randomUUID; uuid = randomUUID() as String}</v11:messageId>
            <!--Optional:-->
            <v11:timestamp>${=new java.text.SimpleDateFormat("yyyy-MM-dd'T'HH:mm:ss.SSS").format(new Date())}</v11:timestamp>
         </v1:messageContext>
         <v1:legalContext>ServiceIntegrator</v1:legalContext>
         <v1:request>
            <ser:serviceChange>
               <!-- <ser:referenceFodFin>11223347</ser:referenceFodFin> --> <!-- Technical reference not found -->
               <!-- <ser:referenceFodFin>11223346</ser:referenceFodFin> --> <!-- Reference not found -->  
               <ser:referenceFodFin>11223345</ser:referenceFodFin> <!-- Requested dossier is already close -->
               <ser:initialService>
                  <!--Optional:-->
                  <com:technicalReference>1524</com:technicalReference>
                  <com:type>AAF</com:type>
                  <com:reference>reference</com:reference>
               </ser:initialService>
               <!--1 to 99 repetitions:-->
               <ser:transfer>
                  <ser:serviceName>CIRB</ser:serviceName>
                  <ser:dateIn>${=new java.text.SimpleDateFormat("yyyy-MM-dd").format(new Date())}</ser:dateIn>
                  <!--Optional:-->
                  <ser:dateOut>${=new java.text.SimpleDateFormat("yyyy-MM-dd").format(new Date())}</ser:dateOut>
                  <ser:official>
                     <ser:firstName>jean</ser:firstName>
                     <ser:lastName>baptist</ser:lastName>
                     <ser:phoneNumber>0452363621</ser:phoneNumber>
                     <ser:email>cisyapan@cirb.brussels</ser:email>
                  </ser:official>
               </ser:transfer>
            </ser:serviceChange>
         </v1:request>
      </v1:serviceChangeRequest>
   </soapenv:Body>
</soapenv:Envelope>]]></con:request><con:credentials><con:selectedAuthProfile>Basic</con:selectedAuthProfile><con:addedBasicAuthenticationTypes>Basic</con:addedBasicAuthenticationTypes><con:authType>Global HTTP Settings</con:authType></con:credentials><con:jmsConfig JMSDeliveryMode="PERSISTENT"/><con:jmsPropertyConfig/><con:wsaConfig mustUnderstand="NONE" version="200508" action="http://fidus.brussels/services/exportfromregondesservice/serviceChange"/><con:wsrmConfig version="1.2"/></con:call><con:call id="dfaffab6-b562-4f4d-b17c-3b9e11261054" name="3 - Test - LB - Request" incomingWss="Inflow TEST" outgoingWss="Outflow TEST"><con:settings><con:setting id="com.eviware.soapui.impl.wsdl.WsdlRequest@request-headers">&lt;xml-fragment/></con:setting></con:settings><con:encoding>UTF-8</con:encoding><con:endpoint>https://esb-security-gw.sta.srv.cirb.lan:8443/services/ExportFromRegondesService_v1.0</con:endpoint><con:request><![CDATA[<soapenv:Envelope xmlns:soapenv="http://schemas.xmlsoap.org/soap/envelope/" xmlns:v1="http://fidus.brussels/service/exportfromregondesservice/messages/v1" xmlns:v11="http://fidus.brussels/type/common/messages/v1" xmlns:ser="http://www.minfin.fgov.be/regondes2/extern/taxservice/exports/serviceChanged" xmlns:com="http://www.minfin.fgov.be/regondes2/extern/taxservice/common">
   <soapenv:Header/>
   <soapenv:Body>
      <v1:serviceChangeRequest>
         <v1:messageContext>
            <v11:messageId>${=import static java.util.UUID.randomUUID; uuid = randomUUID() as String}</v11:messageId>
            <!--Optional:-->
            <v11:timestamp>${=new java.text.SimpleDateFormat("yyyy-MM-dd'T'HH:mm:ss.SSS").format(new Date())}</v11:timestamp>
         </v1:messageContext>
         <v1:legalContext>ServiceIntegrator</v1:legalContext>
         <v1:request>
            <ser:serviceChange>
               <ser:referenceFodFin>11223344</ser:referenceFodFin>
               <ser:initialService>
                  <!--Optional:-->
                  <com:technicalReference>1524</com:technicalReference>
                  <com:type>AAF</com:type>
                  <com:reference>reference</com:reference>
               </ser:initialService>
               <!--1 to 99 repetitions:-->
               <ser:transfer>
                  <ser:serviceName>CIRB</ser:serviceName>
                  <ser:dateIn>${=new java.text.SimpleDateFormat("yyyy-MM-dd").format(new Date())}</ser:dateIn>
                  <!--Optional:-->
                  <ser:dateOut>${=new java.text.SimpleDateFormat("yyyy-MM-dd").format(new Date())}</ser:dateOut>
                  <ser:official>
                     <ser:firstName>jean</ser:firstName>
                     <ser:lastName>baptist</ser:lastName>
                     <ser:phoneNumber>0452363621</ser:phoneNumber>
                     <ser:email>cisyapan@cirb.brussels</ser:email>
                  </ser:official>
               </ser:transfer>
            </ser:serviceChange>
         </v1:request>
      </v1:serviceChangeRequest>
   </soapenv:Body>
</soapenv:Envelope>]]></con:request><con:credentials><con:selectedAuthProfile>Basic</con:selectedAuthProfile><con:addedBasicAuthenticationTypes>Basic</con:addedBasicAuthenticationTypes><con:authType>Global HTTP Settings</con:authType></con:credentials><con:jmsConfig JMSDeliveryMode="PERSISTENT"/><con:jmsPropertyConfig/><con:wsaConfig mustUnderstand="NONE" version="200508" action="http://fidus.brussels/services/exportfromregondesservice/serviceChange"/><con:wsrmConfig version="1.2"/></con:call><con:call id="0641bcff-867c-43b4-832d-44fceda9183a" name="3 - Test - Worker1 - Request" incomingWss="Inflow TEST" outgoingWss="Outflow TEST"><con:settings><con:setting id="com.eviware.soapui.impl.wsdl.WsdlRequest@request-headers">&lt;xml-fragment/></con:setting></con:settings><con:encoding>UTF-8</con:encoding><con:endpoint>https://192.168.22.53:8443/services/ExportFromRegondesService_v1.0</con:endpoint><con:request><![CDATA[<soapenv:Envelope xmlns:soapenv="http://schemas.xmlsoap.org/soap/envelope/" xmlns:v1="http://fidus.brussels/service/exportfromregondesservice/messages/v1" xmlns:v11="http://fidus.brussels/type/common/messages/v1" xmlns:ser="http://www.minfin.fgov.be/regondes2/extern/taxservice/exports/serviceChanged" xmlns:com="http://www.minfin.fgov.be/regondes2/extern/taxservice/common">
   <soapenv:Header/>
   <soapenv:Body>
      <v1:serviceChangeRequest>
         <v1:messageContext>
            <v11:messageId>${=import static java.util.UUID.randomUUID; uuid = randomUUID() as String}</v11:messageId>
            <!--Optional:-->
            <v11:timestamp>${=new java.text.SimpleDateFormat("yyyy-MM-dd'T'HH:mm:ss.SSS").format(new Date())}</v11:timestamp>
         </v1:messageContext>
         <v1:legalContext>ServiceIntegrator</v1:legalContext>
         <v1:request>
            <ser:serviceChange>
               <ser:referenceFodFin>11223344</ser:referenceFodFin>
               <ser:initialService>
                  <!--Optional:-->
                  <com:technicalReference>1524</com:technicalReference>
                  <com:type>AAF</com:type>
                  <com:reference>reference</com:reference>
               </ser:initialService>
               <!--1 to 99 repetitions:-->
               <ser:transfer>
                  <ser:serviceName>CIRB</ser:serviceName>
                  <ser:dateIn>${=new java.text.SimpleDateFormat("yyyy-MM-dd").format(new Date())}</ser:dateIn>
                  <!--Optional:-->
                  <ser:dateOut>${=new java.text.SimpleDateFormat("yyyy-MM-dd").format(new Date())}</ser:dateOut>
                  <ser:official>
                     <ser:firstName>jean</ser:firstName>
                     <ser:lastName>baptist</ser:lastName>
                     <ser:phoneNumber>0452363621</ser:phoneNumber>
                     <ser:email>cisyapan@cirb.brussels</ser:email>
                  </ser:official>
               </ser:transfer>
            </ser:serviceChange>
         </v1:request>
      </v1:serviceChangeRequest>
   </soapenv:Body>
</soapenv:Envelope>]]></con:request><con:credentials><con:selectedAuthProfile>Basic</con:selectedAuthProfile><con:addedBasicAuthenticationTypes>Basic</con:addedBasicAuthenticationTypes><con:authType>Global HTTP Settings</con:authType></con:credentials><con:jmsConfig JMSDeliveryMode="PERSISTENT"/><con:jmsPropertyConfig/><con:wsaConfig mustUnderstand="NONE" version="200508" action="http://fidus.brussels/services/exportfromregondesservice/serviceChange"/><con:wsrmConfig version="1.2"/></con:call><con:call id="58f3d893-69da-41e4-8114-4344d3db2aa5" name="3 - Test - Worker2 - Request" incomingWss="Inflow TEST" outgoingWss="Outflow TEST"><con:settings><con:setting id="com.eviware.soapui.impl.wsdl.WsdlRequest@request-headers">&lt;xml-fragment/></con:setting></con:settings><con:encoding>UTF-8</con:encoding><con:endpoint>https://192.168.22.54:8443/services/ExportFromRegondesService_v1.0</con:endpoint><con:request><![CDATA[<soapenv:Envelope xmlns:soapenv="http://schemas.xmlsoap.org/soap/envelope/" xmlns:v1="http://fidus.brussels/service/exportfromregondesservice/messages/v1" xmlns:v11="http://fidus.brussels/type/common/messages/v1" xmlns:ser="http://www.minfin.fgov.be/regondes2/extern/taxservice/exports/serviceChanged" xmlns:com="http://www.minfin.fgov.be/regondes2/extern/taxservice/common">
   <soapenv:Header/>
   <soapenv:Body>
      <v1:serviceChangeRequest>
         <v1:messageContext>
            <v11:messageId>${=import static java.util.UUID.randomUUID; uuid = randomUUID() as String}</v11:messageId>
            <!--Optional:-->
            <v11:timestamp>${=new java.text.SimpleDateFormat("yyyy-MM-dd'T'HH:mm:ss.SSS").format(new Date())}</v11:timestamp>
         </v1:messageContext>
         <v1:legalContext>ServiceIntegrator</v1:legalContext>
         <v1:request>
            <ser:serviceChange>
               <ser:referenceFodFin>11223344</ser:referenceFodFin>
               <ser:initialService>
                  <!--Optional:-->
                  <com:technicalReference>1524</com:technicalReference>
                  <com:type>AAF</com:type>
                  <com:reference>reference</com:reference>
               </ser:initialService>
               <!--1 to 99 repetitions:-->
               <ser:transfer>
                  <ser:serviceName>CIRB</ser:serviceName>
                  <ser:dateIn>${=new java.text.SimpleDateFormat("yyyy-MM-dd").format(new Date())}</ser:dateIn>
                  <!--Optional:-->
                  <ser:dateOut>${=new java.text.SimpleDateFormat("yyyy-MM-dd").format(new Date())}</ser:dateOut>
                  <ser:official>
                     <ser:firstName>jean</ser:firstName>
                     <ser:lastName>baptist</ser:lastName>
                     <ser:phoneNumber>0452363621</ser:phoneNumber>
                     <ser:email>cisyapan@cirb.brussels</ser:email>
                  </ser:official>
               </ser:transfer>
            </ser:serviceChange>
         </v1:request>
      </v1:serviceChangeRequest>
   </soapenv:Body>
</soapenv:Envelope>]]></con:request><con:credentials><con:selectedAuthProfile>Basic</con:selectedAuthProfile><con:addedBasicAuthenticationTypes>Basic</con:addedBasicAuthenticationTypes><con:authType>Global HTTP Settings</con:authType></con:credentials><con:jmsConfig JMSDeliveryMode="PERSISTENT"/><con:jmsPropertyConfig/><con:wsaConfig mustUnderstand="NONE" version="200508" action="http://fidus.brussels/services/exportfromregondesservice/serviceChange"/><con:wsrmConfig version="1.2"/></con:call><con:call id="8e7e26dc-d914-44c9-8f4f-f0e2e28d48b2" name="4 - Staging - LB - Request" incomingWss="Inflow STAGING" outgoingWss="Outflow STAGING"><con:settings><con:setting id="com.eviware.soapui.impl.wsdl.WsdlRequest@request-headers">&lt;xml-fragment/></con:setting></con:settings><con:encoding>UTF-8</con:encoding><con:endpoint>https://fidus-esb-sg.sta.srv.cirb.lan:8443/services/ExportFromRegondesService_v1.0</con:endpoint><con:request><![CDATA[<soapenv:Envelope xmlns:soapenv="http://schemas.xmlsoap.org/soap/envelope/" xmlns:v1="http://fidus.brussels/service/exportfromregondesservice/messages/v1" xmlns:v11="http://fidus.brussels/type/common/messages/v1" xmlns:ser="http://www.minfin.fgov.be/regondes2/extern/taxservice/exports/serviceChanged" xmlns:com="http://www.minfin.fgov.be/regondes2/extern/taxservice/common">
   <soapenv:Header/>
   <soapenv:Body>
      <v1:serviceChangeRequest>
         <v1:messageContext>
            <v11:messageId>${=import static java.util.UUID.randomUUID; uuid = randomUUID() as String}</v11:messageId>
            <!--Optional:-->
            <v11:timestamp>${=new java.text.SimpleDateFormat("yyyy-MM-dd'T'HH:mm:ss.SSS").format(new Date())}</v11:timestamp>
         </v1:messageContext>
         <v1:legalContext>ServiceIntegrator</v1:legalContext>
         <v1:request>
            <ser:serviceChange>
               <ser:referenceFodFin>11223344</ser:referenceFodFin>
               <ser:initialService>
                  <!--Optional:-->
                  <com:technicalReference>1524</com:technicalReference>
                  <com:type>AAF</com:type>
                  <com:reference>reference</com:reference>
               </ser:initialService>
               <!--1 to 99 repetitions:-->
               <ser:transfer>
                  <ser:serviceName>CIRB</ser:serviceName>
                  <ser:dateIn>${=new java.text.SimpleDateFormat("yyyy-MM-dd").format(new Date())}</ser:dateIn>
                  <!--Optional:-->
                  <ser:dateOut>${=new java.text.SimpleDateFormat("yyyy-MM-dd").format(new Date())}</ser:dateOut>
                  <ser:official>
                     <ser:firstName>jean</ser:firstName>
                     <ser:lastName>baptist</ser:lastName>
                     <ser:phoneNumber>0452363621</ser:phoneNumber>
                     <ser:email>cisyapan@cirb.brussels</ser:email>
                  </ser:official>
               </ser:transfer>
            </ser:serviceChange>
         </v1:request>
      </v1:serviceChangeRequest>
   </soapenv:Body>
</soapenv:Envelope>]]></con:request><con:credentials><con:selectedAuthProfile>Basic</con:selectedAuthProfile><con:addedBasicAuthenticationTypes>Basic</con:addedBasicAuthenticationTypes><con:authType>Global HTTP Settings</con:authType></con:credentials><con:jmsConfig JMSDeliveryMode="PERSISTENT"/><con:jmsPropertyConfig/><con:wsaConfig mustUnderstand="NONE" version="200508" action="http://fidus.brussels/services/exportfromregondesservice/serviceChange"/><con:wsrmConfig version="1.2"/></con:call><con:call id="60ff36ce-e2ab-4ff4-9b29-42f2f1a64e85" name="4 - Staging - Worker1 - Request" incomingWss="Inflow STAGING" outgoingWss="Outflow PROD"><con:settings><con:setting id="com.eviware.soapui.impl.wsdl.WsdlRequest@request-headers">&lt;xml-fragment/></con:setting></con:settings><con:encoding>UTF-8</con:encoding><con:endpoint>https://192.168.24.16:8443/services/ExportFromRegondesService_v1.0</con:endpoint><con:request><![CDATA[<soapenv:Envelope xmlns:soapenv="http://schemas.xmlsoap.org/soap/envelope/" xmlns:v1="http://fidus.brussels/service/exportfromregondesservice/messages/v1" xmlns:v11="http://fidus.brussels/type/common/messages/v1" xmlns:ser="http://www.minfin.fgov.be/regondes2/extern/taxservice/exports/serviceChanged" xmlns:com="http://www.minfin.fgov.be/regondes2/extern/taxservice/common">
   <soapenv:Header/>
   <soapenv:Body>
      <v1:serviceChangeRequest>
         <v1:messageContext>
            <v11:messageId>${=import static java.util.UUID.randomUUID; uuid = randomUUID() as String}</v11:messageId>
            <!--Optional:-->
            <v11:timestamp>${=new java.text.SimpleDateFormat("yyyy-MM-dd'T'HH:mm:ss.SSS").format(new Date())}</v11:timestamp>
         </v1:messageContext>
         <v1:legalContext>ServiceIntegrator</v1:legalContext>
         <v1:request>
            <ser:serviceChange>
               <ser:referenceFodFin>11223344</ser:referenceFodFin>
               <ser:initialService>
                  <!--Optional:-->
                  <com:technicalReference>1524</com:technicalReference>
                  <com:type>AAF</com:type>
                  <com:reference>reference</com:reference>
               </ser:initialService>
               <!--1 to 99 repetitions:-->
               <ser:transfer>
                  <ser:serviceName>CIRB</ser:serviceName>
                  <ser:dateIn>${=new java.text.SimpleDateFormat("yyyy-MM-dd").format(new Date())}</ser:dateIn>
                  <!--Optional:-->
                  <ser:dateOut>${=new java.text.SimpleDateFormat("yyyy-MM-dd").format(new Date())}</ser:dateOut>
                  <ser:official>
                     <ser:firstName>jean</ser:firstName>
                     <ser:lastName>baptist</ser:lastName>
                     <ser:phoneNumber>0452363621</ser:phoneNumber>
                     <ser:email>cisyapan@cirb.brussels</ser:email>
                  </ser:official>
               </ser:transfer>
            </ser:serviceChange>
         </v1:request>
      </v1:serviceChangeRequest>
   </soapenv:Body>
</soapenv:Envelope>]]></con:request><con:credentials><con:selectedAuthProfile>Basic</con:selectedAuthProfile><con:addedBasicAuthenticationTypes>Basic</con:addedBasicAuthenticationTypes><con:authType>Global HTTP Settings</con:authType></con:credentials><con:jmsConfig JMSDeliveryMode="PERSISTENT"/><con:jmsPropertyConfig/><con:wsaConfig mustUnderstand="NONE" version="200508" action="http://fidus.brussels/services/exportfromregondesservice/serviceChange"/><con:wsrmConfig version="1.2"/></con:call><con:call id="7b6a6f35-0a59-4dd7-9043-b8caa9c51cee" name="4 - Staging - Worker2 - Request" incomingWss="Inflow STAGING" outgoingWss="Outflow STAGING"><con:settings><con:setting id="com.eviware.soapui.impl.wsdl.WsdlRequest@request-headers">&lt;xml-fragment/></con:setting></con:settings><con:encoding>UTF-8</con:encoding><con:endpoint>https://192.168.24.17:8443/services/ExportFromRegondesService_v1.0</con:endpoint><con:request><![CDATA[<soapenv:Envelope xmlns:soapenv="http://schemas.xmlsoap.org/soap/envelope/" xmlns:v1="http://fidus.brussels/service/exportfromregondesservice/messages/v1" xmlns:v11="http://fidus.brussels/type/common/messages/v1" xmlns:ser="http://www.minfin.fgov.be/regondes2/extern/taxservice/exports/serviceChanged" xmlns:com="http://www.minfin.fgov.be/regondes2/extern/taxservice/common">
   <soapenv:Header/>
   <soapenv:Body>
      <v1:serviceChangeRequest>
         <v1:messageContext>
            <v11:messageId>${=import static java.util.UUID.randomUUID; uuid = randomUUID() as String}</v11:messageId>
            <!--Optional:-->
            <v11:timestamp>${=new java.text.SimpleDateFormat("yyyy-MM-dd'T'HH:mm:ss.SSS").format(new Date())}</v11:timestamp>
         </v1:messageContext>
         <v1:legalContext>ServiceIntegrator</v1:legalContext>
         <v1:request>
            <ser:serviceChange>
               <ser:referenceFodFin>11223344</ser:referenceFodFin>
               <ser:initialService>
                  <!--Optional:-->
                  <com:technicalReference>1524</com:technicalReference>
                  <com:type>AAF</com:type>
                  <com:reference>reference</com:reference>
               </ser:initialService>
               <!--1 to 99 repetitions:-->
               <ser:transfer>
                  <ser:serviceName>CIRB</ser:serviceName>
                  <ser:dateIn>${=new java.text.SimpleDateFormat("yyyy-MM-dd").format(new Date())}</ser:dateIn>
                  <!--Optional:-->
                  <ser:dateOut>${=new java.text.SimpleDateFormat("yyyy-MM-dd").format(new Date())}</ser:dateOut>
                  <ser:official>
                     <ser:firstName>jean</ser:firstName>
                     <ser:lastName>baptist</ser:lastName>
                     <ser:phoneNumber>0452363621</ser:phoneNumber>
                     <ser:email>cisyapan@cirb.brussels</ser:email>
                  </ser:official>
               </ser:transfer>
            </ser:serviceChange>
         </v1:request>
      </v1:serviceChangeRequest>
   </soapenv:Body>
</soapenv:Envelope>]]></con:request><con:credentials><con:selectedAuthProfile>Basic</con:selectedAuthProfile><con:addedBasicAuthenticationTypes>Basic</con:addedBasicAuthenticationTypes><con:authType>Global HTTP Settings</con:authType></con:credentials><con:jmsConfig JMSDeliveryMode="PERSISTENT"/><con:jmsPropertyConfig/><con:wsaConfig mustUnderstand="NONE" version="200508" action="http://fidus.brussels/services/exportfromregondesservice/serviceChange"/><con:wsrmConfig version="1.2"/></con:call><con:call id="df3ca399-03bc-4ca9-9bff-1d602240ef44" name="5 - Prod - LB - Request" incomingWss="Inflow PROD" outgoingWss="Outflow PROD"><con:settings><con:setting id="com.eviware.soapui.impl.wsdl.WsdlRequest@request-headers">&lt;xml-fragment/></con:setting></con:settings><con:encoding>UTF-8</con:encoding><con:endpoint>https://fidus-esb-sg.prd.srv.cirb.lan:8443/services/ExportFromRegondesService_v1.0</con:endpoint><con:request><![CDATA[<soapenv:Envelope xmlns:soapenv="http://schemas.xmlsoap.org/soap/envelope/" xmlns:v1="http://fidus.brussels/service/exportfromregondesservice/messages/v1" xmlns:v11="http://fidus.brussels/type/common/messages/v1" xmlns:ser="http://www.minfin.fgov.be/regondes2/extern/taxservice/exports/serviceChanged" xmlns:com="http://www.minfin.fgov.be/regondes2/extern/taxservice/common">
   <soapenv:Header/>
   <soapenv:Body>
      <v1:serviceChangeRequest>
         <v1:messageContext>
            <v11:messageId>${=import static java.util.UUID.randomUUID; uuid = randomUUID() as String}</v11:messageId>
            <!--Optional:-->
            <v11:timestamp>${=new java.text.SimpleDateFormat("yyyy-MM-dd'T'HH:mm:ss.SSS").format(new Date())}</v11:timestamp>
         </v1:messageContext>
         <v1:legalContext>ServiceIntegrator</v1:legalContext>
         <v1:request>
            <ser:serviceChange>
               <ser:referenceFodFin>11223344</ser:referenceFodFin>
               <ser:initialService>
                  <!--Optional:-->
                  <com:technicalReference>1524</com:technicalReference>
                  <com:type>AAF</com:type>
                  <com:reference>reference</com:reference>
               </ser:initialService>
               <!--1 to 99 repetitions:-->
               <ser:transfer>
                  <ser:serviceName>CIRB</ser:serviceName>
                  <ser:dateIn>${=new java.text.SimpleDateFormat("yyyy-MM-dd").format(new Date())}</ser:dateIn>
                  <!--Optional:-->
                  <ser:dateOut>${=new java.text.SimpleDateFormat("yyyy-MM-dd").format(new Date())}</ser:dateOut>
                  <ser:official>
                     <ser:firstName>jean</ser:firstName>
                     <ser:lastName>baptist</ser:lastName>
                     <ser:phoneNumber>0452363621</ser:phoneNumber>
                     <ser:email>cisyapan@cirb.brussels</ser:email>
                  </ser:official>
               </ser:transfer>
            </ser:serviceChange>
         </v1:request>
      </v1:serviceChangeRequest>
   </soapenv:Body>
</soapenv:Envelope>]]></con:request><con:credentials><con:selectedAuthProfile>Basic</con:selectedAuthProfile><con:addedBasicAuthenticationTypes>Basic</con:addedBasicAuthenticationTypes><con:authType>Global HTTP Settings</con:authType></con:credentials><con:jmsConfig JMSDeliveryMode="PERSISTENT"/><con:jmsPropertyConfig/><con:wsaConfig mustUnderstand="NONE" version="200508" action="http://fidus.brussels/services/exportfromregondesservice/serviceChange"/><con:wsrmConfig version="1.2"/></con:call><con:call id="bad66531-0aac-4768-84ba-08047ea530dd" name="5 - Prod - External - Request" incomingWss="Inflow PROD" outgoingWss="Outflow PROD"><con:settings><con:setting id="com.eviware.soapui.impl.wsdl.WsdlRequest@request-headers">&lt;xml-fragment/></con:setting></con:settings><con:encoding>UTF-8</con:encoding><con:endpoint>https://fidus.sec.brussels/services/ExportFromRegondesservice_v1.0</con:endpoint><con:request><![CDATA[<soapenv:Envelope xmlns:soapenv="http://schemas.xmlsoap.org/soap/envelope/" xmlns:v1="http://fidus.brussels/service/exportfromregondesservice/messages/v1" xmlns:v11="http://fidus.brussels/type/common/messages/v1" xmlns:ser="http://www.minfin.fgov.be/regondes2/extern/taxservice/exports/serviceChanged" xmlns:com="http://www.minfin.fgov.be/regondes2/extern/taxservice/common">
   <soapenv:Header/>
   <soapenv:Body>
      <v1:serviceChangeRequest>
         <v1:messageContext>
            <v11:messageId>${=import static java.util.UUID.randomUUID; uuid = randomUUID() as String}</v11:messageId>
            <!--Optional:-->
            <v11:timestamp>${=new java.text.SimpleDateFormat("yyyy-MM-dd'T'HH:mm:ss.SSS").format(new Date())}</v11:timestamp>
         </v1:messageContext>
         <v1:legalContext>ServiceIntegrator</v1:legalContext>
         <v1:request>
            <ser:serviceChange>
               <ser:referenceFodFin>11223344</ser:referenceFodFin>
               <ser:initialService>
                  <!--Optional:-->
                  <com:technicalReference>1524</com:technicalReference>
                  <com:type>AAF</com:type>
                  <com:reference>reference</com:reference>
               </ser:initialService>
               <!--1 to 99 repetitions:-->
               <ser:transfer>
                  <ser:serviceName>CIRB</ser:serviceName>
                  <ser:dateIn>${=new java.text.SimpleDateFormat("yyyy-MM-dd").format(new Date())}</ser:dateIn>
                  <!--Optional:-->
                  <ser:dateOut>${=new java.text.SimpleDateFormat("yyyy-MM-dd").format(new Date())}</ser:dateOut>
                  <ser:official>
                     <ser:firstName>jean</ser:firstName>
                     <ser:lastName>baptist</ser:lastName>
                     <ser:phoneNumber>0452363621</ser:phoneNumber>
                     <ser:email>cisyapan@cirb.brussels</ser:email>
                  </ser:official>
               </ser:transfer>
            </ser:serviceChange>
         </v1:request>
      </v1:serviceChangeRequest>
   </soapenv:Body>
</soapenv:Envelope>]]></con:request><con:credentials><con:selectedAuthProfile>Basic</con:selectedAuthProfile><con:addedBasicAuthenticationTypes>Basic</con:addedBasicAuthenticationTypes><con:authType>Global HTTP Settings</con:authType></con:credentials><con:jmsConfig JMSDeliveryMode="PERSISTENT"/><con:jmsPropertyConfig/><con:wsaConfig mustUnderstand="NONE" version="200508" action="http://fidus.brussels/services/exportfromregondesservice/serviceChange"/><con:wsrmConfig version="1.2"/></con:call><con:call id="108bd4cb-dc47-4dce-b4af-016cf971d1ab" name="5 - Prod - Worker1 - Request" incomingWss="Inflow PROD" outgoingWss="Outflow PROD"><con:settings><con:setting id="com.eviware.soapui.impl.wsdl.WsdlRequest@request-headers">&lt;xml-fragment/></con:setting></con:settings><con:encoding>UTF-8</con:encoding><con:endpoint>https://192.168.26.22:8443/services/ExportFromRegondesService_v1.0</con:endpoint><con:request><![CDATA[<soapenv:Envelope xmlns:soapenv="http://schemas.xmlsoap.org/soap/envelope/" xmlns:v1="http://fidus.brussels/service/exportfromregondesservice/messages/v1" xmlns:v11="http://fidus.brussels/type/common/messages/v1" xmlns:ser="http://www.minfin.fgov.be/regondes2/extern/taxservice/exports/serviceChanged" xmlns:com="http://www.minfin.fgov.be/regondes2/extern/taxservice/common">
   <soapenv:Header/>
   <soapenv:Body>
      <v1:serviceChangeRequest>
         <v1:messageContext>
            <v11:messageId>${=import static java.util.UUID.randomUUID; uuid = randomUUID() as String}</v11:messageId>
            <!--Optional:-->
            <v11:timestamp>${=new java.text.SimpleDateFormat("yyyy-MM-dd'T'HH:mm:ss.SSS").format(new Date())}</v11:timestamp>
         </v1:messageContext>
         <v1:legalContext>ServiceIntegrator</v1:legalContext>
         <v1:request>
            <ser:serviceChange>
               <ser:referenceFodFin>11223344</ser:referenceFodFin>
               <ser:initialService>
                  <!--Optional:-->
                  <com:technicalReference>1524</com:technicalReference>
                  <com:type>AAF</com:type>
                  <com:reference>reference</com:reference>
               </ser:initialService>
               <!--1 to 99 repetitions:-->
               <ser:transfer>
                  <ser:serviceName>CIRB</ser:serviceName>
                  <ser:dateIn>${=new java.text.SimpleDateFormat("yyyy-MM-dd").format(new Date())}</ser:dateIn>
                  <!--Optional:-->
                  <ser:dateOut>${=new java.text.SimpleDateFormat("yyyy-MM-dd").format(new Date())}</ser:dateOut>
                  <ser:official>
                     <ser:firstName>jean</ser:firstName>
                     <ser:lastName>baptist</ser:lastName>
                     <ser:phoneNumber>0452363621</ser:phoneNumber>
                     <ser:email>cisyapan@cirb.brussels</ser:email>
                  </ser:official>
               </ser:transfer>
            </ser:serviceChange>
         </v1:request>
      </v1:serviceChangeRequest>
   </soapenv:Body>
</soapenv:Envelope>]]></con:request><con:credentials><con:selectedAuthProfile>Basic</con:selectedAuthProfile><con:addedBasicAuthenticationTypes>Basic</con:addedBasicAuthenticationTypes><con:authType>Global HTTP Settings</con:authType></con:credentials><con:jmsConfig JMSDeliveryMode="PERSISTENT"/><con:jmsPropertyConfig/><con:wsaConfig mustUnderstand="NONE" version="200508" action="http://fidus.brussels/services/exportfromregondesservice/serviceChange"/><con:wsrmConfig version="1.2"/></con:call><con:call id="d3626e85-4d60-4652-b0e3-349cba436538" name="5 - Prod - Worker2 - Request" incomingWss="Inflow PROD" outgoingWss="Outflow PROD"><con:settings><con:setting id="com.eviware.soapui.impl.wsdl.WsdlRequest@request-headers">&lt;xml-fragment/></con:setting></con:settings><con:encoding>UTF-8</con:encoding><con:endpoint>https://192.168.26.19:8443/services/ExportFromRegondesService_v1.0</con:endpoint><con:request><![CDATA[<soapenv:Envelope xmlns:soapenv="http://schemas.xmlsoap.org/soap/envelope/" xmlns:v1="http://fidus.brussels/service/exportfromregondesservice/messages/v1" xmlns:v11="http://fidus.brussels/type/common/messages/v1" xmlns:ser="http://www.minfin.fgov.be/regondes2/extern/taxservice/exports/serviceChanged" xmlns:com="http://www.minfin.fgov.be/regondes2/extern/taxservice/common">
   <soapenv:Header/>
   <soapenv:Body>
      <v1:serviceChangeRequest>
         <v1:messageContext>
            <v11:messageId>${=import static java.util.UUID.randomUUID; uuid = randomUUID() as String}</v11:messageId>
            <!--Optional:-->
            <v11:timestamp>${=new java.text.SimpleDateFormat("yyyy-MM-dd'T'HH:mm:ss.SSS").format(new Date())}</v11:timestamp>
         </v1:messageContext>
         <v1:legalContext>ServiceIntegrator</v1:legalContext>
         <v1:request>
            <ser:serviceChange>
               <ser:referenceFodFin>11223344</ser:referenceFodFin>
               <ser:initialService>
                  <!--Optional:-->
                  <com:technicalReference>1524</com:technicalReference>
                  <com:type>AAF</com:type>
                  <com:reference>reference</com:reference>
               </ser:initialService>
               <!--1 to 99 repetitions:-->
               <ser:transfer>
                  <ser:serviceName>CIRB</ser:serviceName>
                  <ser:dateIn>${=new java.text.SimpleDateFormat("yyyy-MM-dd").format(new Date())}</ser:dateIn>
                  <!--Optional:-->
                  <ser:dateOut>${=new java.text.SimpleDateFormat("yyyy-MM-dd").format(new Date())}</ser:dateOut>
                  <ser:official>
                     <ser:firstName>jean</ser:firstName>
                     <ser:lastName>baptist</ser:lastName>
                     <ser:phoneNumber>0452363621</ser:phoneNumber>
                     <ser:email>cisyapan@cirb.brussels</ser:email>
                  </ser:official>
               </ser:transfer>
            </ser:serviceChange>
         </v1:request>
      </v1:serviceChangeRequest>
   </soapenv:Body>
</soapenv:Envelope>]]></con:request><con:credentials><con:selectedAuthProfile>Basic</con:selectedAuthProfile><con:addedBasicAuthenticationTypes>Basic</con:addedBasicAuthenticationTypes><con:authType>Global HTTP Settings</con:authType></con:credentials><con:jmsConfig JMSDeliveryMode="PERSISTENT"/><con:jmsPropertyConfig/><con:wsaConfig mustUnderstand="NONE" version="200508" action="http://fidus.brussels/services/exportfromregondesservice/serviceChange"/><con:wsrmConfig version="1.2"/></con:call><con:call id="2b095a25-4106-4aec-a132-1c7e69d8d5e6" name="3 - Test - External - Request" incomingWss="Inflow TEST" outgoingWss="Outflow TEST"><con:settings><con:setting id="com.eviware.soapui.impl.wsdl.WsdlRequest@request-headers">&lt;xml-fragment/></con:setting></con:settings><con:encoding>UTF-8</con:encoding><con:endpoint>https://fidus-test.irisnetlab.be/services/ExportFromRegondesService_v1.0</con:endpoint><con:request><![CDATA[<soapenv:Envelope xmlns:soapenv="http://schemas.xmlsoap.org/soap/envelope/" xmlns:v1="http://fidus.brussels/service/exportfromregondesservice/messages/v1" xmlns:v11="http://fidus.brussels/type/common/messages/v1" xmlns:ser="http://www.minfin.fgov.be/regondes2/extern/taxservice/exports/serviceChanged" xmlns:com="http://www.minfin.fgov.be/regondes2/extern/taxservice/common">
   <soapenv:Header/>
   <soapenv:Body>
      <v1:serviceChangeRequest>
         <v1:messageContext>
            <v11:messageId>${=import static java.util.UUID.randomUUID; uuid = randomUUID() as String}</v11:messageId>
            <!--Optional:-->
            <v11:timestamp>${=new java.text.SimpleDateFormat("yyyy-MM-dd'T'HH:mm:ss.SSS").format(new Date())}</v11:timestamp>
         </v1:messageContext>
         <v1:legalContext>ServiceIntegrator</v1:legalContext>
         <v1:request>
            <ser:serviceChange>
               <ser:referenceFodFin>11223344</ser:referenceFodFin>
               <ser:initialService>
                  <!--Optional:-->
                  <com:technicalReference>1524</com:technicalReference>
                  <com:type>AAF</com:type>
                  <com:reference>reference</com:reference>
               </ser:initialService>
               <!--1 to 99 repetitions:-->
               <ser:transfer>
                  <ser:serviceName>CIRB</ser:serviceName>
                  <ser:dateIn>${=new java.text.SimpleDateFormat("yyyy-MM-dd").format(new Date())}</ser:dateIn>
                  <!--Optional:-->
                  <ser:dateOut>${=new java.text.SimpleDateFormat("yyyy-MM-dd").format(new Date())}</ser:dateOut>
                  <ser:official>
                     <ser:firstName>jean</ser:firstName>
                     <ser:lastName>baptist</ser:lastName>
                     <ser:phoneNumber>0452363621</ser:phoneNumber>
                     <ser:email>cisyapan@cirb.brussels</ser:email>
                  </ser:official>
               </ser:transfer>
            </ser:serviceChange>
         </v1:request>
      </v1:serviceChangeRequest>
   </soapenv:Body>
</soapenv:Envelope>]]></con:request><con:credentials><con:selectedAuthProfile>Basic</con:selectedAuthProfile><con:addedBasicAuthenticationTypes>Basic</con:addedBasicAuthenticationTypes><con:authType>Global HTTP Settings</con:authType></con:credentials><con:jmsConfig JMSDeliveryMode="PERSISTENT"/><con:jmsPropertyConfig/><con:wsaConfig mustUnderstand="NONE" version="200508" action="http://fidus.brussels/services/exportfromregondesservice/serviceChange"/><con:wsrmConfig version="1.2"/></con:call><con:call id="200a76cc-28eb-4985-80c4-5162b0a2bd8e" name="4 - Staging - External - Request" incomingWss="Inflow STAGING" outgoingWss="Outflow STAGING"><con:settings><con:setting id="com.eviware.soapui.impl.wsdl.WsdlRequest@request-headers">&lt;xml-fragment/></con:setting></con:settings><con:encoding>UTF-8</con:encoding><con:endpoint>https://fidus.irisnetlab.be/services/ExportFromRegondesService_v1.0</con:endpoint><con:request><![CDATA[<soapenv:Envelope xmlns:soapenv="http://schemas.xmlsoap.org/soap/envelope/" xmlns:v1="http://fidus.brussels/service/exportfromregondesservice/messages/v1" xmlns:v11="http://fidus.brussels/type/common/messages/v1" xmlns:ser="http://www.minfin.fgov.be/regondes2/extern/taxservice/exports/serviceChanged" xmlns:com="http://www.minfin.fgov.be/regondes2/extern/taxservice/common">
   <soapenv:Header/>
   <soapenv:Body>
      <v1:serviceChangeRequest>
         <v1:messageContext>
            <v11:messageId>${=import static java.util.UUID.randomUUID; uuid = randomUUID() as String}</v11:messageId>
            <!--Optional:-->
            <v11:timestamp>${=new java.text.SimpleDateFormat("yyyy-MM-dd'T'HH:mm:ss.SSS").format(new Date())}</v11:timestamp>
         </v1:messageContext>
         <v1:legalContext>ServiceIntegrator</v1:legalContext>
         <v1:request>
            <ser:serviceChange>
               <ser:referenceFodFin>11223344</ser:referenceFodFin>
               <ser:initialService>
                  <!--Optional:-->
                  <com:technicalReference>1524</com:technicalReference>
                  <com:type>AAF</com:type>
                  <com:reference>reference</com:reference>
               </ser:initialService>
               <!--1 to 99 repetitions:-->
               <ser:transfer>
                  <ser:serviceName>CIRB</ser:serviceName>
                  <ser:dateIn>${=new java.text.SimpleDateFormat("yyyy-MM-dd").format(new Date())}</ser:dateIn>
                  <!--Optional:-->
                  <ser:dateOut>${=new java.text.SimpleDateFormat("yyyy-MM-dd").format(new Date())}</ser:dateOut>
                  <ser:official>
                     <ser:firstName>jean</ser:firstName>
                     <ser:lastName>baptist</ser:lastName>
                     <ser:phoneNumber>0452363621</ser:phoneNumber>
                     <ser:email>cisyapan@cirb.brussels</ser:email>
                  </ser:official>
               </ser:transfer>
            </ser:serviceChange>
         </v1:request>
      </v1:serviceChangeRequest>
   </soapenv:Body>
</soapenv:Envelope>]]></con:request><con:credentials><con:selectedAuthProfile>Basic</con:selectedAuthProfile><con:addedBasicAuthenticationTypes>Basic</con:addedBasicAuthenticationTypes><con:authType>Global HTTP Settings</con:authType></con:credentials><con:jmsConfig JMSDeliveryMode="PERSISTENT"/><con:jmsPropertyConfig/><con:wsaConfig mustUnderstand="NONE" version="200508" action="http://fidus.brussels/services/exportfromregondesservice/serviceChange"/><con:wsrmConfig version="1.2"/></con:call></con:operation></con:interface><con:interface xsi:type="con:WsdlInterface" id="7afbf0d9-0c47-4cf5-94c2-493a5698e812" wsaVersion="NONE" name="ImportToRegondesServiceHTTPBinding" type="wsdl" bindingName="{http://fidus.brussels/service/importtoregondesservice/v1}ImportToRegondesServiceHTTPBinding" soapVersion="1_1" anonymous="optional" definition="file:/home/isr/git/parent/importtoregondesservice/ImportToRegondesServiceGateway/src/main/resources/wsdl/importToRegondesService/1.0.0/ImportToRegondesService_v1.wsdl" xmlns:xsi="http://www.w3.org/2001/XMLSchema-instance"><con:settings/><con:definitionCache type="TEXT" rootPart="file:/home/isr/git/parent/importtoregondesservice/ImportToRegondesServiceGateway/src/main/resources/wsdl/importToRegondesService/1.0.0/ImportToRegondesService_v1.wsdl"><con:part><con:url>file:/home/isr/git/parent/importtoregondesservice/ImportToRegondesServiceGateway/src/main/resources/wsdl/importToRegondesService/1.0.0/ImportToRegondesService_v1.wsdl</con:url><con:content><![CDATA[<wsdl:definitions targetNamespace="http://fidus.brussels/service/importtoregondesservice/v1" name="ImportToRegondesService" xmlns:soap="http://schemas.xmlsoap.org/wsdl/soap/" xmlns:wsdl="http://schemas.xmlsoap.org/wsdl/" xmlns:xsd="http://www.w3.org/2001/XMLSchema" xmlns:mes="http://fidus.brussels/service/importtoregondesservice/messages/v1" xmlns:tns="http://fidus.brussels/service/importtoregondesservice/v1">
  <xsd:annotation>
    <xsd:documentation>ImportToRegondesService WDSL v1.</xsd:documentation>
  </xsd:annotation>
  <wsdl:types>
    <xsd:schema targetNamespace="http://fidus.brussels/service/importtoregondesservice/v1" elementFormDefault="qualified">
      <xsd:import namespace="http://fidus.brussels/service/importtoregondesservice/messages/v1" schemaLocation="messages/importToRegondesServiceMessages_v1.xsd"/>
    </xsd:schema>
  </wsdl:types>
  <wsdl:message name="exportDossierRequestMessage">
    <wsdl:part name="exportDossierRequest" element="mes:exportDossierRequest"/>
  </wsdl:message>
  <wsdl:message name="exportSupplementaryInformationRequestMessage">
    <wsdl:part name="exportsupplementaryInformationRequest" element="mes:exportSupplementaryInformationRequest"/>
  </wsdl:message>
  <wsdl:message name="reportOutputResponseMessage">
    <wsdl:part name="reportResponse" element="mes:reportResponse"/>
  </wsdl:message>
  <wsdl:portType name="ImportToRegondesServicePortType">
    <wsdl:operation name="exportDossier">
      <wsdl:input message="tns:exportDossierRequestMessage"/>
      <wsdl:output message="tns:reportOutputResponseMessage"/>
    </wsdl:operation>
    <wsdl:operation name="exportSupplementaryInformation">
      <wsdl:input message="tns:exportSupplementaryInformationRequestMessage"/>
      <wsdl:output message="tns:reportOutputResponseMessage"/>
    </wsdl:operation>
  </wsdl:portType>
  <wsdl:binding name="ImportToRegondesServiceHTTPBinding" type="tns:ImportToRegondesServicePortType">
    <soap:binding style="document" transport="http://schemas.xmlsoap.org/soap/http"/>
    <wsdl:operation name="exportDossier">
      <soap:operation soapAction="http://fidus.brussels/services/importtoregondesservice/importDossier"/>
      <wsdl:input>
        <soap:body use="literal"/>
      </wsdl:input>
      <wsdl:output>
        <soap:body use="literal"/>
      </wsdl:output>
    </wsdl:operation>
    <wsdl:operation name="exportSupplementaryInformation">
      <soap:operation soapAction="http://fidus.brussels/services/importtoregondesservice/importSupplementaryInformation"/>
      <wsdl:input>
        <soap:body use="literal"/>
      </wsdl:input>
      <wsdl:output>
        <soap:body use="literal"/>
      </wsdl:output>
    </wsdl:operation>
  </wsdl:binding>
  <wsdl:service name="ImportToRegondesService_v1">
    <wsdl:port name="ImportToRegondesService_v1" binding="tns:ImportToRegondesServiceHTTPBinding">
      <soap:address location="http://fidus.brussels/services/importtoregondesservice/v1"/>
    </wsdl:port>
  </wsdl:service>
</wsdl:definitions>]]></con:content><con:type>http://schemas.xmlsoap.org/wsdl/</con:type></con:part><con:part><con:url>file:/home/isr/git/parent/importtoregondesservice/ImportToRegondesServiceGateway/src/main/resources/wsdl/importToRegondesService/1.0.0/messages/importToRegondesServiceMessages_v1.xsd</con:url><con:content><![CDATA[<xsd:schema targetNamespace="http://fidus.brussels/service/importtoregondesservice/messages/v1" elementFormDefault="qualified" attributeFormDefault="unqualified" version="1.0" xmlns:xsd="http://www.w3.org/2001/XMLSchema" xmlns:cme="http://fidus.brussels/type/common/messages/v1" xmlns:exc="http://fidus.brussels/type/common/exceptions/v1" xmlns:dos="http://www.minfin.fgov.be/regondes2/extern/taxservice/imports/dossier" xmlns:sup="http://www.minfin.fgov.be/regondes2/extern/taxservice/imports/supplementaryInformation" xmlns:com="http://www.minfin.fgov.be/regondes2/extern/taxservice/common" xmlns:tns="http://fidus.brussels/service/importtoregondesservice/messages/v1">
  <xsd:import namespace="http://fidus.brussels/type/common/messages/v1" schemaLocation="baseMessageTypes_v1.xsd"/>
  <xsd:import namespace="http://fidus.brussels/type/common/exceptions/v1" schemaLocation="exceptionTypes_v1.xsd"/>
  <xsd:import namespace="http://www.minfin.fgov.be/regondes2/extern/taxservice/imports/dossier" schemaLocation="../regondes/Regondes2ImportDossier.xsd"/>
  <xsd:import namespace="http://www.minfin.fgov.be/regondes2/extern/taxservice/imports/supplementaryInformation" schemaLocation="../regondes/Regondes2ImportSupplementaryInformation.xsd"/>
  <xsd:import namespace="http://www.minfin.fgov.be/regondes2/extern/taxservice/common" schemaLocation="../regondes/Regondes2Common.xsd"/>
  <xsd:complexType name="ExportDossierType">
    <xsd:annotation>
      <xsd:documentation>The person whose information is requested.</xsd:documentation>
    </xsd:annotation>
    <xsd:sequence>
      <xsd:element ref="dos:dossier"/>
    </xsd:sequence>
  </xsd:complexType>
  <xsd:complexType name="ExportSupplementaryInformationType">
    <xsd:annotation>
      <xsd:documentation>The person whose information is requested.</xsd:documentation>
    </xsd:annotation>
    <xsd:sequence>
      <xsd:element ref="sup:supplementaryInformation"/>
    </xsd:sequence>
  </xsd:complexType>
  <!--Request getImportToRegondesService definition-->
  <xsd:complexType name="GetExportDossierRequestType">
    <xsd:sequence>
      <xsd:element name="messageContext" type="cme:RequestMessageContextType"/>
      <xsd:element name="legalContext" type="cme:LegalContextType"/>
      <xsd:element name="request" type="tns:ExportDossierType"/>
    </xsd:sequence>
  </xsd:complexType>
  <!--Request getImportToRegondesService definition-->
  <xsd:complexType name="GetExportSupplementaryInformationRequestType">
    <xsd:sequence>
      <xsd:element name="messageContext" type="cme:RequestMessageContextType"/>
      <xsd:element name="legalContext" type="cme:LegalContextType"/>
      <xsd:element name="request" type="tns:ExportSupplementaryInformationType"/>
    </xsd:sequence>
  </xsd:complexType>
  <!--Request getImportToRegondesService definition-->
  <xsd:complexType name="GetReportResponseType">
    <xsd:sequence>
      <xsd:element name="messageContext" type="cme:ResponseMessageContextType"/>
      <xsd:element name="responses" type="tns:ResponsesType" minOccurs="0"/>
      <xsd:element name="exceptions" type="exc:ExceptionsType" minOccurs="0">
        <xsd:annotation>
          <xsd:documentation>Technical errors that occur when processing the message context e.g. insufficient rights.</xsd:documentation>
        </xsd:annotation>
      </xsd:element>
    </xsd:sequence>
  </xsd:complexType>
  <xsd:complexType name="ResponsesType">
    <xsd:sequence>
      <xsd:element name="response" type="tns:ResponseType" minOccurs="1" maxOccurs="1"/>
    </xsd:sequence>
  </xsd:complexType>
  <xsd:complexType name="ResponseType">
    <xsd:sequence>
      <xsd:element ref="com:report" minOccurs="0" maxOccurs="1"/>
      <xsd:element name="exceptions" type="exc:ExceptionsType" minOccurs="0">
        <xsd:annotation>
          <xsd:documentation>Business exceptions that occur when processing the request or response e.g. missing data for a single response element.
						Exceptions at this level may contain back-end specific codes and content.</xsd:documentation>
        </xsd:annotation>
      </xsd:element>
    </xsd:sequence>
  </xsd:complexType>
  <!--Element of the request and the response-->
  <xsd:element name="exportDossierRequest" type="tns:GetExportDossierRequestType"/>
  <xsd:element name="exportSupplementaryInformationRequest" type="tns:GetExportSupplementaryInformationRequestType"/>
  <xsd:element name="reportResponse" type="tns:GetReportResponseType"/>
</xsd:schema>]]></con:content><con:type>http://www.w3.org/2001/XMLSchema</con:type></con:part><con:part><con:url>file:/home/isr/git/parent/importtoregondesservice/ImportToRegondesServiceGateway/src/main/resources/wsdl/importToRegondesService/1.0.0/messages/baseMessageTypes_v1.xsd</con:url><con:content><![CDATA[<xsd:schema targetNamespace="http://fidus.brussels/type/common/messages/v1" elementFormDefault="qualified" attributeFormDefault="unqualified" version="1.0" xmlns:xsd="http://www.w3.org/2001/XMLSchema" xmlns:cmn="http://fidus.brussels/type/common/v1" xmlns:tns="http://fidus.brussels/type/common/messages/v1">
  <!--Unformatted message Id-->
  <xsd:simpleType name="MessageIdType">
    <xsd:restriction base="xsd:string">
      <xsd:minLength value="1"/>
      <xsd:maxLength value="64"/>
    </xsd:restriction>
  </xsd:simpleType>
  <!--National Number of the person. Format depending on the Register-->
  <xsd:simpleType name="PersonNumberType">
    <xsd:restriction base="xsd:string">
      <xsd:pattern value="[0-9][0-9](([0][0-9])|([1][0-2]))(([0-2][0-9])|([3][0-1]))(([0-9]{2}[1-9])|([0-9][1-9][0-9])|([1-9][0-9]{2}))(([0-8][0-9])|([9][0-7]))">
        <xsd:annotation>
          <xsd:documentation>National Register format</xsd:documentation>
        </xsd:annotation>
      </xsd:pattern>
      <xsd:pattern value="[0-9][0-9](([2][0-9])|([3][0-2]))(([0-2][0-9])|([3][0-1]))[0-9]{3}(([0-8][0-9])|([9][0-7]))">
        <xsd:annotation>
          <xsd:documentation>CBSS Register format: Bis Register</xsd:documentation>
        </xsd:annotation>
      </xsd:pattern>
      <xsd:pattern value="[0-9][0-9](([4][0-9])|([5][0-2]))(([0-2][0-9])|([3][0-1]))[0-9]{3}(([0-8][0-9])|([9][0-7]))">
        <xsd:annotation>
          <xsd:documentation>CBSS Register format: Ter Register</xsd:documentation>
        </xsd:annotation>
      </xsd:pattern>
    </xsd:restriction>
  </xsd:simpleType>
  <!--Request message context-->
  <xsd:complexType name="RequestMessageContextType">
    <xsd:annotation>
      <xsd:documentation>Message context block generated by the consumer.</xsd:documentation>
    </xsd:annotation>
    <xsd:sequence>
      <xsd:element name="messageId" type="tns:MessageIdType">
        <xsd:annotation>
          <xsd:documentation>Consumer must assign their own MessageId reference for the request.</xsd:documentation>
        </xsd:annotation>
      </xsd:element>
      <xsd:element name="timestamp" type="xsd:dateTime" minOccurs="0">
        <xsd:annotation>
          <xsd:documentation>Timestamp when client sent request.</xsd:documentation>
        </xsd:annotation>
      </xsd:element>
    </xsd:sequence>
  </xsd:complexType>
  <!--Response message context-->
  <xsd:complexType name="ResponseMessageContextType">
    <xsd:annotation>
      <xsd:documentation>MessageContext block generated by fidus.</xsd:documentation>
    </xsd:annotation>
    <xsd:sequence>
      <xsd:element name="messageId" type="tns:MessageIdType">
        <xsd:annotation>
          <xsd:documentation>A unique identifier generated by fidus.</xsd:documentation>
        </xsd:annotation>
      </xsd:element>
      <xsd:element name="transactionId" type="tns:MessageIdType">
        <xsd:annotation>
          <xsd:documentation>A unique ID returned to the client for tracing purposes.</xsd:documentation>
        </xsd:annotation>
      </xsd:element>
      <xsd:element name="relatesTo" type="tns:MessageIdType" minOccurs="0">
        <xsd:annotation>
          <xsd:documentation>Optional field. The unique id of a previous batch file in this exchange Only used for responses.</xsd:documentation>
        </xsd:annotation>
      </xsd:element>
      <xsd:element name="timestamp" type="xsd:dateTime" minOccurs="0">
        <xsd:annotation>
          <xsd:documentation>Time reply sent by fidus.</xsd:documentation>
        </xsd:annotation>
      </xsd:element>
    </xsd:sequence>
  </xsd:complexType>
  <!--Legal Context : the finality of the Privacy Commission-->
  <xsd:simpleType name="LegalContextType">
    <xsd:restriction base="xsd:string">
      <xsd:minLength value="1"/>
      <xsd:maxLength value="64"/>
    </xsd:restriction>
  </xsd:simpleType>
  <xsd:complexType name="UserContextType">
    <xsd:annotation>
      <xsd:documentation>The user context defines information regarding the actual user performing a request.</xsd:documentation>
    </xsd:annotation>
    <xsd:sequence>
      <xsd:element name="language" type="xsd:language" nillable="true">
        <xsd:annotation>
          <xsd:documentation>The preferred language of the actual user performing the request.
						This influences the language in which response elements are cast.</xsd:documentation>
        </xsd:annotation>
      </xsd:element>
    </xsd:sequence>
  </xsd:complexType>
</xsd:schema>]]></con:content><con:type>http://www.w3.org/2001/XMLSchema</con:type></con:part><con:part><con:url>file:/home/isr/git/parent/importtoregondesservice/ImportToRegondesServiceGateway/src/main/resources/wsdl/importToRegondesService/1.0.0/messages/exceptionTypes_v1.xsd</con:url><con:content><![CDATA[<xsd:schema targetNamespace="http://fidus.brussels/type/common/exceptions/v1" elementFormDefault="qualified" attributeFormDefault="unqualified" version="1.0" xmlns:xsd="http://www.w3.org/2001/XMLSchema" xmlns:tns="http://fidus.brussels/type/common/exceptions/v1">
  <!--Basic error typed-->
  <xsd:complexType name="ExceptionsType">
    <xsd:sequence>
      <xsd:element name="exception" type="tns:ExceptionType" maxOccurs="unbounded"/>
    </xsd:sequence>
  </xsd:complexType>
  <xsd:complexType name="ExceptionType">
    <xsd:sequence>
      <xsd:element name="type" type="tns:ExceptionClassType"/>
      <xsd:element name="code" type="tns:ExceptionCodeType"/>
      <xsd:element name="source" type="tns:ExceptionSourceType"/>
      <xsd:element name="description" type="tns:ExceptionDescriptionType"/>
    </xsd:sequence>
  </xsd:complexType>
  <xsd:simpleType name="ExceptionClassType">
    <xsd:restriction base="xsd:string">
      <xsd:enumeration value="ERROR"/>
      <xsd:enumeration value="WARNING"/>
      <xsd:enumeration value="INFO"/>
    </xsd:restriction>
  </xsd:simpleType>
  <xsd:simpleType name="ExceptionCodeType">
    <xsd:restriction base="xsd:string">
      <xsd:maxLength value="20"/>
    </xsd:restriction>
  </xsd:simpleType>
  <xsd:simpleType name="ExceptionSourceType">
    <xsd:restriction base="xsd:string">
      <xsd:maxLength value="20"/>
    </xsd:restriction>
  </xsd:simpleType>
  <xsd:simpleType name="ExceptionDescriptionType">
    <xsd:restriction base="xsd:string"/>
  </xsd:simpleType>
</xsd:schema>]]></con:content><con:type>http://www.w3.org/2001/XMLSchema</con:type></con:part><con:part><con:url>file:/home/isr/git/parent/importtoregondesservice/ImportToRegondesServiceGateway/src/main/resources/wsdl/importToRegondesService/1.0.0/regondes/Regondes2ImportDossier.xsd</con:url><con:content><![CDATA[<!--Regondes2ImportDossier.xsd version 1.0-->
<xs:schema targetNamespace="http://www.minfin.fgov.be/regondes2/extern/taxservice/imports/dossier" elementFormDefault="qualified" attributeFormDefault="unqualified" xmlns="http://www.minfin.fgov.be/regondes2/extern/taxservice/imports/dossier" xmlns:xs="http://www.w3.org/2001/XMLSchema" xmlns:com="http://www.minfin.fgov.be/regondes2/extern/taxservice/common">
  <xs:import namespace="http://www.minfin.fgov.be/regondes2/extern/taxservice/common" schemaLocation="Regondes2Common.xsd"/>
  <xs:element name="dossier">
    <xs:complexType>
      <xs:sequence>
        <xs:element name="language">
          <xs:annotation>
            <xs:documentation>Language in which the dossier was drafted.</xs:documentation>
          </xs:annotation>
          <xs:simpleType>
            <xs:restriction base="xs:string">
              <xs:enumeration value="NL"/>
              <xs:enumeration value="FR"/>
              <xs:enumeration value="DE"/>
            </xs:restriction>
          </xs:simpleType>
        </xs:element>
        <xs:element name="fiscalYear" type="com:fiscalYearType">
          <xs:annotation>
            <xs:documentation>Fiscal year</xs:documentation>
          </xs:annotation>
        </xs:element>
        <xs:element name="initialService" type="com:completeInitialService"/>
        <xs:element name="patrimonyInformation">
          <xs:complexType>
            <xs:sequence>
              <xs:element name="cadastralDivisionCode">
                <xs:annotation>
                  <xs:documentation>Cadastral division code</xs:documentation>
                </xs:annotation>
                <xs:simpleType>
                  <xs:restriction base="xs:string">
                    <xs:maxLength value="30"/>
                    <xs:minLength value="1"/>
                  </xs:restriction>
                </xs:simpleType>
              </xs:element>
              <xs:choice>
                <xs:element name="articleNumber" type="com:articleNumberType">
                  <xs:annotation>
                    <xs:documentation>Article number</xs:documentation>
                  </xs:annotation>
                </xs:element>
                <xs:element name="parcel" type="parcel" minOccurs="1" maxOccurs="999"/>
              </xs:choice>
            </xs:sequence>
          </xs:complexType>
        </xs:element>
        <xs:element name="taxPayer" minOccurs="0">
          <xs:complexType>
            <xs:sequence>
              <xs:choice>
                <xs:element name="person" type="person"/>
                <xs:element name="company" type="company"/>
              </xs:choice>
            </xs:sequence>
          </xs:complexType>
        </xs:element>
        <xs:element name="submitter" minOccurs="0">
          <xs:annotation>
            <xs:documentation>Person or company who submitted the complaint.</xs:documentation>
          </xs:annotation>
          <xs:complexType>
            <xs:sequence>
              <xs:choice>
                <xs:element name="person" type="person"/>
                <xs:element name="company" type="company"/>
              </xs:choice>
              <xs:element name="phoneNumber" type="com:shortstring" minOccurs="0">
                <xs:annotation>
                  <xs:documentation>Phone number</xs:documentation>
                </xs:annotation>
              </xs:element>
              <xs:element name="email" type="com:emailAddress" minOccurs="0">
                <xs:annotation>
                  <xs:documentation>E-mail address</xs:documentation>
                </xs:annotation>
              </xs:element>
              <xs:element name="address" type="com:address" minOccurs="0">
                <xs:annotation>
                  <xs:documentation>Address</xs:documentation>
                </xs:annotation>
              </xs:element>
            </xs:sequence>
          </xs:complexType>
        </xs:element>
        <xs:element name="attachment" minOccurs="0" maxOccurs="99" type="com:attachment">
          <xs:annotation>
            <xs:documentation>Attached files which contain information about the dossier.</xs:documentation>
          </xs:annotation>
        </xs:element>
      </xs:sequence>
    </xs:complexType>
  </xs:element>
  <xs:complexType name="parcel">
    <xs:annotation>
      <xs:documentation>Parcel information</xs:documentation>
    </xs:annotation>
    <xs:sequence>
      <xs:element name="parcelNumber" type="parcelNumber"/>
      <xs:element name="situation">
        <xs:annotation>
          <xs:documentation>The location of the parcel.</xs:documentation>
        </xs:annotation>
        <xs:simpleType>
          <xs:restriction base="com:shortstring">
            <xs:minLength value="1"/>
          </xs:restriction>
        </xs:simpleType>
      </xs:element>
      <xs:element name="kind" type="com:shortstring" minOccurs="0">
        <xs:annotation>
          <xs:documentation>The kind of parcel.</xs:documentation>
        </xs:annotation>
      </xs:element>
      <xs:element name="details" type="com:shortstring" minOccurs="0">
        <xs:annotation>
          <xs:documentation>Extra information with details about the parcel.</xs:documentation>
        </xs:annotation>
      </xs:element>
      <xs:choice>
        <xs:sequence>
          <xs:element name="articleNumber" type="com:articleNumberType">
            <xs:annotation>
              <xs:documentation>Article number</xs:documentation>
            </xs:annotation>
          </xs:element>
          <xs:element name="sequenceNumber" type="com:shortstring">
            <xs:annotation>
              <xs:documentation>Sequence number</xs:documentation>
            </xs:annotation>
          </xs:element>
        </xs:sequence>
        <xs:element name="propertySituationNumber" type="com:shortstring">
          <xs:annotation>
            <xs:documentation>Property situation number</xs:documentation>
          </xs:annotation>
        </xs:element>
      </xs:choice>
    </xs:sequence>
  </xs:complexType>
  <xs:complexType name="parcelNumber">
    <xs:annotation>
      <xs:documentation>Parcel number</xs:documentation>
    </xs:annotation>
    <xs:sequence>
      <xs:element name="section">
        <xs:annotation>
          <xs:documentation>Section</xs:documentation>
        </xs:annotation>
        <xs:simpleType>
          <xs:restriction base="com:shortstring">
            <xs:minLength value="1"/>
          </xs:restriction>
        </xs:simpleType>
      </xs:element>
      <xs:element name="groundNumber">
        <xs:annotation>
          <xs:documentation>Ground number.</xs:documentation>
        </xs:annotation>
        <xs:simpleType>
          <xs:restriction base="com:shortstring">
            <xs:minLength value="1"/>
          </xs:restriction>
        </xs:simpleType>
      </xs:element>
      <xs:element name="bisNumber" minOccurs="0">
        <xs:annotation>
          <xs:documentation>Bis number</xs:documentation>
        </xs:annotation>
        <xs:simpleType>
          <xs:restriction base="com:shortstring">
            <xs:minLength value="1"/>
          </xs:restriction>
        </xs:simpleType>
      </xs:element>
      <xs:element name="exponent" minOccurs="0">
        <xs:annotation>
          <xs:documentation>Exponent</xs:documentation>
        </xs:annotation>
        <xs:simpleType>
          <xs:restriction base="com:shortstring">
            <xs:minLength value="1"/>
          </xs:restriction>
        </xs:simpleType>
      </xs:element>
      <xs:element name="power" minOccurs="0">
        <xs:annotation>
          <xs:documentation>Power</xs:documentation>
        </xs:annotation>
        <xs:simpleType>
          <xs:restriction base="com:shortstring">
            <xs:minLength value="1"/>
          </xs:restriction>
        </xs:simpleType>
      </xs:element>
      <xs:element name="part" minOccurs="0">
        <xs:annotation>
          <xs:documentation>Part</xs:documentation>
        </xs:annotation>
        <xs:simpleType>
          <xs:restriction base="com:shortstring">
            <xs:minLength value="1"/>
          </xs:restriction>
        </xs:simpleType>
      </xs:element>
    </xs:sequence>
  </xs:complexType>
  <xs:complexType name="person">
    <xs:annotation>
      <xs:documentation>Person data.</xs:documentation>
    </xs:annotation>
    <xs:sequence>
      <xs:choice>
        <xs:element name="socialSecurityNumber" type="com:personIdNumber">
          <xs:annotation>
            <xs:documentation>Social security number.</xs:documentation>
          </xs:annotation>
        </xs:element>
        <xs:element name="persIDF" type="com:personIdNumber">
          <xs:annotation>
            <xs:documentation>persIDF</xs:documentation>
          </xs:annotation>
        </xs:element>
        <xs:element name="bisNumber" type="com:personIdNumber">
          <xs:annotation>
            <xs:documentation>BIS-number</xs:documentation>
          </xs:annotation>
        </xs:element>
      </xs:choice>
      <xs:element name="firstname" type="com:longstring" minOccurs="0">
        <xs:annotation>
          <xs:documentation>First name</xs:documentation>
        </xs:annotation>
      </xs:element>
      <xs:element name="lastname" type="com:longstring" minOccurs="0">
        <xs:annotation>
          <xs:documentation>Last name</xs:documentation>
        </xs:annotation>
      </xs:element>
    </xs:sequence>
  </xs:complexType>
  <xs:complexType name="company">
    <xs:sequence>
      <xs:element name="cbeNumber" type="com:cbeNumber">
        <xs:annotation>
          <xs:documentation>CBE number</xs:documentation>
        </xs:annotation>
      </xs:element>
      <xs:element name="name" type="com:longstring" minOccurs="0">
        <xs:annotation>
          <xs:documentation>Company name</xs:documentation>
        </xs:annotation>
      </xs:element>
    </xs:sequence>
  </xs:complexType>
</xs:schema>]]></con:content><con:type>http://www.w3.org/2001/XMLSchema</con:type></con:part><con:part><con:url>file:/home/isr/git/parent/importtoregondesservice/ImportToRegondesServiceGateway/src/main/resources/wsdl/importToRegondesService/1.0.0/regondes/Regondes2Common.xsd</con:url><con:content><![CDATA[<!--Regondes2Common.xsd version 1.0-->
<xs:schema targetNamespace="http://www.minfin.fgov.be/regondes2/extern/taxservice/common" elementFormDefault="qualified" attributeFormDefault="unqualified" xmlns="http://www.minfin.fgov.be/regondes2/extern/taxservice/common" xmlns:xs="http://www.w3.org/2001/XMLSchema">
  <!--lum-->
  <!--Definition of complex types-->
  <xs:element name="report">
    <xs:annotation>
      <xs:documentation>Report of the transaction</xs:documentation>
    </xs:annotation>
    <xs:complexType>
      <xs:sequence>
        <xs:element name="status">
          <xs:annotation>
            <xs:documentation>Status of the transaction: SUCCESS or ERROR.</xs:documentation>
          </xs:annotation>
          <xs:simpleType>
            <xs:restriction base="xs:string">
              <xs:enumeration value="SUCCESS"/>
              <xs:enumeration value="ERROR"/>
            </xs:restriction>
          </xs:simpleType>
        </xs:element>
        <xs:element name="error" minOccurs="0">
          <xs:annotation>
            <xs:documentation>Business error occured while processing the message.</xs:documentation>
          </xs:annotation>
          <xs:simpleType>
            <xs:restriction base="longstring">
              <xs:minLength value="1"/>
            </xs:restriction>
          </xs:simpleType>
        </xs:element>
        <xs:element name="errorId" minOccurs="0">
          <xs:annotation>
            <xs:documentation>The Id of error in the log files. With this id the helpdesk can find the logs of the error.</xs:documentation>
          </xs:annotation>
          <xs:simpleType>
            <xs:restriction base="longstring">
              <xs:minLength value="1"/>
            </xs:restriction>
          </xs:simpleType>
        </xs:element>
      </xs:sequence>
    </xs:complexType>
  </xs:element>
  <xs:complexType name="attachment">
    <xs:annotation>
      <xs:documentation>Attached files which contain information about the dossier.</xs:documentation>
    </xs:annotation>
    <xs:sequence>
      <xs:element name="fileName" type="longstring">
        <xs:annotation>
          <xs:documentation>The filename of the attachment</xs:documentation>
        </xs:annotation>
      </xs:element>
      <xs:element name="data" type="xs:base64Binary">
        <xs:annotation>
          <xs:documentation>The bytes base64binary encoded</xs:documentation>
        </xs:annotation>
      </xs:element>
    </xs:sequence>
  </xs:complexType>
  <xs:complexType name="abstractInitialService" abstract="true">
    <xs:sequence>
      <xs:element name="technicalReference" type="longstring" minOccurs="0">
        <xs:annotation>
          <xs:documentation>Unique technical reference given by the initial service. Will be present if the dossier was imported with a technical reference.</xs:documentation>
        </xs:annotation>
      </xs:element>
      <xs:element name="type">
        <xs:annotation>
          <xs:documentation>The type of the initial service which can be either "VLABEL" or "AAF".</xs:documentation>
        </xs:annotation>
        <xs:simpleType>
          <xs:restriction base="xs:string">
            <xs:enumeration value="VLABEL"/>
            <xs:enumeration value="AAF"/>
          </xs:restriction>
        </xs:simpleType>
      </xs:element>
    </xs:sequence>
  </xs:complexType>
  <xs:complexType name="basicInitialService">
    <xs:complexContent>
      <xs:extension base="abstractInitialService">
        <xs:sequence>
          <xs:element name="reference">
            <xs:annotation>
              <xs:documentation>Unique reference given by the initial service. Will be present if the dossier was imported.</xs:documentation>
            </xs:annotation>
            <xs:simpleType>
              <xs:restriction base="longstring">
                <xs:minLength value="1"/>
              </xs:restriction>
            </xs:simpleType>
          </xs:element>
        </xs:sequence>
      </xs:extension>
    </xs:complexContent>
  </xs:complexType>
  <xs:complexType name="completeInitialService">
    <xs:complexContent>
      <xs:extension base="basicInitialService">
        <xs:sequence>
          <xs:element name="complaintType">
            <xs:annotation>
              <xs:documentation>Type of complaint.</xs:documentation>
            </xs:annotation>
            <xs:simpleType>
              <xs:restriction base="xs:string">
                <xs:maxLength value="12"/>
                <xs:minLength value="1"/>
              </xs:restriction>
            </xs:simpleType>
          </xs:element>
          <xs:element name="registerSendDate" type="xs:date" minOccurs="0">
            <xs:annotation>
              <xs:documentation>Date on which the notice of assessment is expected to be delivered.</xs:documentation>
            </xs:annotation>
          </xs:element>
          <xs:element name="registerArticle" type="shortstring" minOccurs="0">
            <xs:annotation>
              <xs:documentation>Number of the article in the register of the tax service.</xs:documentation>
            </xs:annotation>
          </xs:element>
          <xs:element name="dateInitialService" type="xs:date">
            <xs:annotation>
              <xs:documentation>Date on which the dossier was created by the initial service.</xs:documentation>
            </xs:annotation>
          </xs:element>
          <xs:element name="nameContact" type="longstring" minOccurs="0">
            <xs:annotation>
              <xs:documentation>Name of the contact within the initial service.</xs:documentation>
            </xs:annotation>
          </xs:element>
          <xs:element name="phoneNumberContact" type="shortstring" minOccurs="0">
            <xs:annotation>
              <xs:documentation>Phone number of the contact within the initial service.</xs:documentation>
            </xs:annotation>
          </xs:element>
          <xs:element name="emailContact" type="emailAddress" minOccurs="0">
            <xs:annotation>
              <xs:documentation>E-mail address of the contact within the initial sevice.</xs:documentation>
            </xs:annotation>
          </xs:element>
          <xs:element name="remark">
            <xs:annotation>
              <xs:documentation>A remark from the initial service.</xs:documentation>
            </xs:annotation>
            <xs:simpleType>
              <xs:restriction base="text">
                <xs:minLength value="1"/>
              </xs:restriction>
            </xs:simpleType>
          </xs:element>
        </xs:sequence>
      </xs:extension>
    </xs:complexContent>
  </xs:complexType>
  <xs:complexType name="address">
    <xs:annotation>
      <xs:documentation>Address</xs:documentation>
    </xs:annotation>
    <xs:sequence>
      <xs:element name="street" type="longstring" minOccurs="0">
        <xs:annotation>
          <xs:documentation>Street</xs:documentation>
        </xs:annotation>
      </xs:element>
      <xs:element name="houseNumber" type="longstring" minOccurs="0">
        <xs:annotation>
          <xs:documentation>House number</xs:documentation>
        </xs:annotation>
      </xs:element>
      <xs:element name="box" type="shortstring" minOccurs="0">
        <xs:annotation>
          <xs:documentation>Box</xs:documentation>
        </xs:annotation>
      </xs:element>
      <xs:element name="zipCode" type="shortstring" minOccurs="0">
        <xs:annotation>
          <xs:documentation>ZIP code</xs:documentation>
        </xs:annotation>
      </xs:element>
      <xs:element name="place" type="longstring" minOccurs="0">
        <xs:annotation>
          <xs:documentation>Place</xs:documentation>
        </xs:annotation>
      </xs:element>
      <xs:element name="country" type="longstring" minOccurs="0">
        <xs:annotation>
          <xs:documentation>Country</xs:documentation>
        </xs:annotation>
      </xs:element>
    </xs:sequence>
  </xs:complexType>
  <xs:complexType name="cadastralIncome">
    <xs:sequence>
      <xs:element name="codeCadastralIncome" type="codeCadastralIncome">
        <xs:annotation>
          <xs:documentation>Cadastrall income code</xs:documentation>
        </xs:annotation>
      </xs:element>
      <xs:element name="definitiveCadastralIncome" type="xs:positiveInteger">
        <xs:annotation>
          <xs:documentation>Definitive cadastrall income</xs:documentation>
        </xs:annotation>
      </xs:element>
      <xs:element name="dateDefinitive" type="xs:date">
        <xs:annotation>
          <xs:documentation>Date definitive cadastrall income</xs:documentation>
        </xs:annotation>
      </xs:element>
      <xs:element name="reasonDefinitive" type="longstring">
        <xs:annotation>
          <xs:documentation>Reason definitieve cadastrall income</xs:documentation>
        </xs:annotation>
      </xs:element>
    </xs:sequence>
  </xs:complexType>
  <xs:simpleType name="shortstring">
    <xs:restriction base="xs:string">
      <xs:minLength value="1"/>
      <xs:maxLength value="60"/>
    </xs:restriction>
  </xs:simpleType>
  <xs:simpleType name="longstring">
    <xs:restriction base="xs:string">
      <xs:minLength value="1"/>
      <xs:maxLength value="150"/>
    </xs:restriction>
  </xs:simpleType>
  <xs:simpleType name="text">
    <xs:restriction base="xs:string">
      <xs:minLength value="1"/>
      <xs:maxLength value="4000"/>
    </xs:restriction>
  </xs:simpleType>
  <xs:simpleType name="codeCadastralIncome">
    <xs:restriction base="xs:string">
      <xs:minLength value="1"/>
      <xs:maxLength value="2"/>
    </xs:restriction>
  </xs:simpleType>
  <xs:simpleType name="personIdNumber">
    <xs:restriction base="xs:string">
      <xs:minLength value="1"/>
      <xs:maxLength value="15"/>
    </xs:restriction>
  </xs:simpleType>
  <xs:simpleType name="cbeNumber">
    <xs:restriction base="xs:string">
      <xs:minLength value="1"/>
      <xs:maxLength value="15"/>
    </xs:restriction>
  </xs:simpleType>
  <xs:simpleType name="emailAddress">
    <xs:restriction base="xs:token">
      <xs:minLength value="1"/>
      <xs:maxLength value="254"/>
      <xs:pattern value="[^@]+@[^\.]+\..+"/>
    </xs:restriction>
  </xs:simpleType>
  <xs:simpleType name="referenceFodFin">
    <xs:restriction base="xs:long"/>
  </xs:simpleType>
  <xs:simpleType name="articleNumberType">
    <xs:restriction base="xs:token">
      <xs:minLength value="1"/>
      <xs:maxLength value="8"/>
      <xs:pattern value="\d{0,5}(/\d{2})?"/>
    </xs:restriction>
  </xs:simpleType>
  <xs:simpleType name="fiscalYearType">
    <xs:restriction base="xs:string">
      <xs:maxLength value="4"/>
      <xs:minLength value="4"/>
    </xs:restriction>
  </xs:simpleType>
</xs:schema>]]></con:content><con:type>http://www.w3.org/2001/XMLSchema</con:type></con:part><con:part><con:url>file:/home/isr/git/parent/importtoregondesservice/ImportToRegondesServiceGateway/src/main/resources/wsdl/importToRegondesService/1.0.0/regondes/Regondes2ImportSupplementaryInformation.xsd</con:url><con:content><![CDATA[<!--Regondes2ImportSupplementaryInformation.xsd version 1.0-->
<xs:schema targetNamespace="http://www.minfin.fgov.be/regondes2/extern/taxservice/imports/supplementaryInformation" elementFormDefault="qualified" attributeFormDefault="unqualified" xmlns="http://www.minfin.fgov.be/regondes2/extern/taxservice/imports/supplementaryInformation" xmlns:xs="http://www.w3.org/2001/XMLSchema" xmlns:com="http://www.minfin.fgov.be/regondes2/extern/taxservice/common">
  <xs:import namespace="http://www.minfin.fgov.be/regondes2/extern/taxservice/common" schemaLocation="Regondes2Common.xsd"/>
  <xs:element name="supplementaryInformation">
    <xs:complexType>
      <xs:sequence>
        <xs:element name="initialService" type="com:basicInitialService"/>
        <xs:element name="attachment" minOccurs="1" maxOccurs="99" type="com:attachment">
          <xs:annotation>
            <xs:documentation>Attached files which contain information about the dossier.</xs:documentation>
          </xs:annotation>
        </xs:element>
      </xs:sequence>
    </xs:complexType>
  </xs:element>
</xs:schema>]]></con:content><con:type>http://www.w3.org/2001/XMLSchema</con:type></con:part></con:definitionCache><con:endpoints><con:endpoint>http://fidus.brussels/services/importtoregondesservice/v1</con:endpoint></con:endpoints><con:operation id="4027c578-467d-44b6-a8ae-d0a84b368f08" isOneWay="false" action="http://fidus.brussels/services/importtoregondesservice/importDossier" name="exportDossier" bindingOperationName="exportDossier" type="Request-Response" inputName="" receivesAttachments="false" sendsAttachments="false" anonymous="optional"><con:settings/><con:call id="581ead05-b994-4992-b84b-31abab68e310" name="1 - Local - Request - Success" incomingWss="Inflow DEV" outgoingWss="Outflow DEV"><con:settings><con:setting id="com.eviware.soapui.impl.wsdl.WsdlRequest@request-headers">&lt;xml-fragment/></con:setting></con:settings><con:encoding>UTF-8</con:encoding><con:endpoint>https://localhost:8243/services/ImportToRegondesService_v1.0</con:endpoint><con:request><![CDATA[<soapenv:Envelope xmlns:soapenv="http://schemas.xmlsoap.org/soap/envelope/" xmlns:v1="http://fidus.brussels/service/importtoregondesservice/messages/v1" xmlns:v11="http://fidus.brussels/type/common/messages/v1" xmlns:dos="http://www.minfin.fgov.be/regondes2/extern/taxservice/imports/dossier" xmlns:com="http://www.minfin.fgov.be/regondes2/extern/taxservice/common" >
    <soapenv:Header/>
    <soapenv:Body>
        <v1:exportDossierRequest>
            <v1:messageContext>
                <v11:messageId>${=import static java.util.UUID.randomUUID; uuid = randomUUID() as String}</v11:messageId>
                <v11:timestamp>${=new java.text.SimpleDateFormat("yyyy-MM-dd'T'HH:mm:ss.SSS").format(new Date())}</v11:timestamp>
            </v1:messageContext>
            <v1:legalContext>ServiceIntegrator</v1:legalContext>
            <v1:request>
                <dos:dossier>
                    <dos:language>FR</dos:language>
                    <dos:fiscalYear>2015</dos:fiscalYear>
                    <dos:initialService>
                        <com:technicalReference>11223344</com:technicalReference>
                        <com:type>AAF</com:type>				
                        <!-- the "REFERENCE" is used by the SPF Finance to create a new legal dispute on the
						SPF data base. To have a "success" as a response, you have to 
						change this parameter every request. -->
                        <com:reference>CF55571</com:reference>
                        <com:complaintType>MS</com:complaintType>
                        <com:registerArticle>1</com:registerArticle>
                        <com:dateInitialService>2017-01-10+01:00</com:dateInitialService>
                        <com:nameContact>PME047 Testuser</com:nameContact>
                        <com:emailContact>testuser.pme047@guest.minfin.fed.be</com:emailContact>
                        <com:remark>none</com:remark>
                    </dos:initialService>
                    <dos:patrimonyInformation>
                        <dos:cadastralDivisionCode>21819</dos:cadastralDivisionCode>
                        <dos:articleNumber>14831</dos:articleNumber>
                    </dos:patrimonyInformation>
                    <dos:submitter>
                        <dos:person>
                            <dos:persIDF>000006141843</dos:persIDF>
                            <dos:firstname>PATRICK</dos:firstname>
                            <dos:lastname>DEWANDELEER</dos:lastname>
                        </dos:person>
                        <dos:address>
                            <com:street>Rue du Maraîcher, 5</com:street>
                            <com:zipCode>1082</com:zipCode>
                            <com:place>Berchem-Sainte-Agathe</com:place>
                        </dos:address>
                    </dos:submitter>
                </dos:dossier>
            </v1:request>
        </v1:exportDossierRequest>
    </soapenv:Body>
</soapenv:Envelope>]]></con:request><con:credentials><con:selectedAuthProfile>Basic</con:selectedAuthProfile><con:addedBasicAuthenticationTypes>Basic</con:addedBasicAuthenticationTypes><con:authType>Global HTTP Settings</con:authType></con:credentials><con:jmsConfig JMSDeliveryMode="PERSISTENT"/><con:jmsPropertyConfig/><con:wsaConfig mustUnderstand="NONE" version="200508" action="http://fidus.brussels/services/importtoregondesservice/importDossier"/><con:wsrmConfig version="1.2"/></con:call><con:call id="b01223d1-fd9e-4bd6-910d-f77be063fafe" name="1 - Local - Request - Error" outgoingWss="Outflow DEV" incomingWss="Inflow DEV"><con:settings><con:setting id="com.eviware.soapui.impl.wsdl.WsdlRequest@request-headers">&lt;xml-fragment/></con:setting></con:settings><con:encoding>UTF-8</con:encoding><con:endpoint>https://localhost:8243/services/ImportToRegondesService_v1.0</con:endpoint><con:request><![CDATA[<soapenv:Envelope xmlns:soapenv="http://schemas.xmlsoap.org/soap/envelope/" xmlns:v1="http://fidus.brussels/service/importtoregondesservice/messages/v1" xmlns:v11="http://fidus.brussels/type/common/messages/v1" xmlns:dos="http://www.minfin.fgov.be/regondes2/extern/taxservice/imports/dossier" xmlns:com="http://www.minfin.fgov.be/regondes2/extern/taxservice/common" >
    <soapenv:Header/>
    <soapenv:Body>
        <v1:exportDossierRequest>
            <v1:messageContext>
                <v11:messageId>${=import static java.util.UUID.randomUUID; uuid = randomUUID() as String}</v11:messageId>
                <v11:timestamp>${=new java.text.SimpleDateFormat("yyyy-MM-dd'T'HH:mm:ss.SSS").format(new Date())}</v11:timestamp>
            </v1:messageContext>
            <v1:legalContext>ServiceIntegrator</v1:legalContext>
            <v1:request>
                <dos:dossier>
                    <dos:language>FR</dos:language>
                    <dos:fiscalYear>2015</dos:fiscalYear>
                    <dos:initialService>
                        <com:technicalReference>11223344</com:technicalReference>
                        <com:type>AAF</com:type>				
                        <!-- the "REFERENCE" is used by the SPF Finance to create a new legal dispute on the
						SPF data base. To have a "success" as a response, you have to 
						change this parameter every request. -->
                        <com:reference>CF55571</com:reference>
                        <com:complaintType>MS</com:complaintType>
                        <com:registerArticle>1</com:registerArticle>
                        <com:dateInitialService>2017-01-10+01:00</com:dateInitialService>
                        <com:nameContact>PME047 Testuser</com:nameContact>
                        <com:emailContact>testuser.pme047@guest.minfin.fed.be</com:emailContact>
                        <com:remark>none</com:remark>
                    </dos:initialService>
                    <dos:patrimonyInformation>
                        <dos:cadastralDivisionCode>21819</dos:cadastralDivisionCode>
                        <dos:articleNumber>14831</dos:articleNumber>
                    </dos:patrimonyInformation>
                    <dos:submitter>
                        <dos:person>
                            <dos:persIDF>000006141843</dos:persIDF>
                            <dos:firstname>PATRICK</dos:firstname>
                            <dos:lastname>DEWANDELEER</dos:lastname>
                        </dos:person>
                        <dos:address>
                            <com:street>Rue du Maraîcher, 5</com:street>
                            <com:zipCode>1082</com:zipCode>
                            <com:place>Berchem-Sainte-Agathe</com:place>
                        </dos:address>
                    </dos:submitter>
                </dos:dossier>
            </v1:request>
        </v1:exportDossierRequest>
    </soapenv:Body>
</soapenv:Envelope>]]></con:request><con:credentials><con:selectedAuthProfile>Basic</con:selectedAuthProfile><con:addedBasicAuthenticationTypes>Basic</con:addedBasicAuthenticationTypes><con:authType>Global HTTP Settings</con:authType></con:credentials><con:jmsConfig JMSDeliveryMode="PERSISTENT"/><con:jmsPropertyConfig/><con:wsaConfig mustUnderstand="NONE" version="200508" action="http://fidus.brussels/services/importtoregondesservice/importDossier"/><con:wsrmConfig version="1.2"/></con:call><con:call id="b25abfc8-333e-41e3-85b9-b3d887caaf88" name="2 - DEV - Request - Error" incomingWss="Inflow DEV" outgoingWss="Outflow DEV"><con:settings><con:setting id="com.eviware.soapui.impl.wsdl.WsdlRequest@request-headers">&lt;xml-fragment/></con:setting></con:settings><con:encoding>UTF-8</con:encoding><con:endpoint>https://192.168.36.61:8243/services/ImportToRegondesService_v1.0</con:endpoint><con:request><![CDATA[<soapenv:Envelope xmlns:soapenv="http://schemas.xmlsoap.org/soap/envelope/" xmlns:v1="http://fidus.brussels/service/importtoregondesservice/messages/v1" xmlns:v11="http://fidus.brussels/type/common/messages/v1" xmlns:dos="http://www.minfin.fgov.be/regondes2/extern/taxservice/imports/dossier" xmlns:com="http://www.minfin.fgov.be/regondes2/extern/taxservice/common" >
    <soapenv:Header/>
    <soapenv:Body>
        <v1:exportDossierRequest>
            <v1:messageContext>
                <v11:messageId>${=import static java.util.UUID.randomUUID; uuid = randomUUID() as String}</v11:messageId>
                <v11:timestamp>${=new java.text.SimpleDateFormat("yyyy-MM-dd'T'HH:mm:ss.SSS").format(new Date())}</v11:timestamp>
            </v1:messageContext>
            <v1:legalContext>ServiceIntegrator</v1:legalContext>
            <v1:request>
                <dos:dossier>
                    <dos:language>FR</dos:language>
                    <dos:fiscalYear>2015</dos:fiscalYear>
                    <dos:initialService>
                        <com:technicalReference>11223344</com:technicalReference>
                        <com:type>AAF</com:type>				
                        <!-- the "REFERENCE" is used by the SPF Finance to create a new legal dispute on the
						SPF data base. To have a "success" as a response, you have to 
						change this parameter every request. -->
                        <com:reference>CF55571</com:reference>
                        <com:complaintType>MS</com:complaintType>
                        <com:registerArticle>1</com:registerArticle>
                        <com:dateInitialService>2017-01-10+01:00</com:dateInitialService>
                        <com:nameContact>PME047 Testuser</com:nameContact>
                        <com:emailContact>testuser.pme047@guest.minfin.fed.be</com:emailContact>
                        <com:remark>none</com:remark>
                    </dos:initialService>
                    <dos:patrimonyInformation>
                        <dos:cadastralDivisionCode>21819</dos:cadastralDivisionCode>
                        <dos:articleNumber>14831</dos:articleNumber>
                    </dos:patrimonyInformation>
                    <dos:submitter>
                        <dos:person>
                            <dos:persIDF>000006141843</dos:persIDF>
                            <dos:firstname>PATRICK</dos:firstname>
                            <dos:lastname>DEWANDELEER</dos:lastname>
                        </dos:person>
                        <dos:address>
                            <com:street>Rue du Maraîcher, 5</com:street>
                            <com:zipCode>1082</com:zipCode>
                            <com:place>Berchem-Sainte-Agathe</com:place>
                        </dos:address>
                    </dos:submitter>
                </dos:dossier>
            </v1:request>
        </v1:exportDossierRequest>
    </soapenv:Body>
</soapenv:Envelope>]]></con:request><con:credentials><con:selectedAuthProfile>Basic</con:selectedAuthProfile><con:addedBasicAuthenticationTypes>Basic</con:addedBasicAuthenticationTypes><con:authType>Global HTTP Settings</con:authType></con:credentials><con:jmsConfig JMSDeliveryMode="PERSISTENT"/><con:jmsPropertyConfig/><con:wsaConfig mustUnderstand="NONE" version="200508" action="http://fidus.brussels/services/importtoregondesservice/importDossier"/><con:wsrmConfig version="1.2"/></con:call><con:call id="e237ebcb-fe95-482c-91a7-b9f87970b432" name="2 - DEV - Request - Success" incomingWss="Inflow DEV" outgoingWss="Outflow DEV"><con:settings><con:setting id="com.eviware.soapui.impl.wsdl.WsdlRequest@request-headers">&lt;xml-fragment/></con:setting></con:settings><con:encoding>UTF-8</con:encoding><con:endpoint>https://192.168.36.61:8243/services/ImportToRegondesService_v1.0</con:endpoint><con:request><![CDATA[<soapenv:Envelope xmlns:soapenv="http://schemas.xmlsoap.org/soap/envelope/" xmlns:v1="http://fidus.brussels/service/importtoregondesservice/messages/v1" xmlns:v11="http://fidus.brussels/type/common/messages/v1" xmlns:dos="http://www.minfin.fgov.be/regondes2/extern/taxservice/imports/dossier" xmlns:com="http://www.minfin.fgov.be/regondes2/extern/taxservice/common" >
    <soapenv:Header/>
    <soapenv:Body>
        <v1:exportDossierRequest>
            <v1:messageContext>
                <v11:messageId>${=import static java.util.UUID.randomUUID; uuid = randomUUID() as String}</v11:messageId>
                <v11:timestamp>${=new java.text.SimpleDateFormat("yyyy-MM-dd'T'HH:mm:ss.SSS").format(new Date())}</v11:timestamp>
            </v1:messageContext>
            <v1:legalContext>ServiceIntegrator</v1:legalContext>
            <v1:request>
                <dos:dossier>
                    <dos:language>FR</dos:language>
                    <dos:fiscalYear>2015</dos:fiscalYear>
                    <dos:initialService>
                        <com:technicalReference>11223344</com:technicalReference>
                        <com:type>AAF</com:type>				
                        <!-- the "REFERENCE" is used by the SPF Finance to create a new legal dispute on the
						SPF data base. To have a "success" as a response, you have to 
						change this parameter every request. -->
                        <com:reference>CF55571</com:reference>
                        <com:complaintType>MS</com:complaintType>
                        <com:registerArticle>1</com:registerArticle>
                        <com:dateInitialService>2017-01-10+01:00</com:dateInitialService>
                        <com:nameContact>PME047 Testuser</com:nameContact>
                        <com:emailContact>testuser.pme047@guest.minfin.fed.be</com:emailContact>
                        <com:remark>none</com:remark>
                    </dos:initialService>
                    <dos:patrimonyInformation>
                        <dos:cadastralDivisionCode>21819</dos:cadastralDivisionCode>
                        <dos:articleNumber>14831</dos:articleNumber>
                    </dos:patrimonyInformation>
                    <dos:submitter>
                        <dos:person>
                            <dos:persIDF>000006141843</dos:persIDF>
                            <dos:firstname>PATRICK</dos:firstname>
                            <dos:lastname>DEWANDELEER</dos:lastname>
                        </dos:person>
                        <dos:address>
                            <com:street>Rue du Maraîcher, 5</com:street>
                            <com:zipCode>1082</com:zipCode>
                            <com:place>Berchem-Sainte-Agathe</com:place>
                        </dos:address>
                    </dos:submitter>
                </dos:dossier>
            </v1:request>
        </v1:exportDossierRequest>
    </soapenv:Body>
</soapenv:Envelope>]]></con:request><con:credentials><con:selectedAuthProfile>Basic</con:selectedAuthProfile><con:addedBasicAuthenticationTypes>Basic</con:addedBasicAuthenticationTypes><con:authType>Global HTTP Settings</con:authType></con:credentials><con:jmsConfig JMSDeliveryMode="PERSISTENT"/><con:jmsPropertyConfig/><con:wsaConfig mustUnderstand="NONE" version="200508" action="http://fidus.brussels/services/importtoregondesservice/importDossier"/><con:wsrmConfig version="1.2"/></con:call><con:call id="d202b1eb-368f-4661-a273-9f2bdefec566" name="3 - Test - LB - Request" outgoingWss="Outflow TEST" incomingWss="Inflow TEST"><con:settings><con:setting id="com.eviware.soapui.impl.wsdl.WsdlRequest@request-headers">&lt;xml-fragment/></con:setting></con:settings><con:encoding>UTF-8</con:encoding><con:endpoint>https://esb-security-gw.sta.srv.cirb.lan:8443/services/ImportToRegondesService_v1.0</con:endpoint><con:request><![CDATA[<soapenv:Envelope xmlns:soapenv="http://schemas.xmlsoap.org/soap/envelope/" xmlns:v1="http://fidus.brussels/service/importtoregondesservice/messages/v1" xmlns:v11="http://fidus.brussels/type/common/messages/v1" xmlns:dos="http://www.minfin.fgov.be/regondes2/extern/taxservice/imports/dossier" xmlns:com="http://www.minfin.fgov.be/regondes2/extern/taxservice/common" >
    <soapenv:Header/>
    <soapenv:Body>
        <v1:exportDossierRequest>
            <v1:messageContext>
                <v11:messageId>${=import static java.util.UUID.randomUUID; uuid = randomUUID() as String}</v11:messageId>
                <v11:timestamp>${=new java.text.SimpleDateFormat("yyyy-MM-dd'T'HH:mm:ss.SSS").format(new Date())}</v11:timestamp>
            </v1:messageContext>
            <v1:legalContext>ServiceIntegrator</v1:legalContext>
            <v1:request>
                <dos:dossier>
                    <dos:language>FR</dos:language>
                    <dos:fiscalYear>2015</dos:fiscalYear>
                    <dos:initialService>
                        <com:technicalReference>11223344</com:technicalReference>
                        <com:type>AAF</com:type>				
                        <!-- the "REFERENCE" is used by the SPF Finance to create a new legal dispute on the
						SPF data base. To have a "success" as a response, you have to 
						change this parameter every request. -->
                        <com:reference>CF55571</com:reference>
                        <com:complaintType>MS</com:complaintType>
                        <com:registerArticle>1</com:registerArticle>
                        <com:dateInitialService>2017-01-10+01:00</com:dateInitialService>
                        <com:nameContact>PME047 Testuser</com:nameContact>
                        <com:emailContact>testuser.pme047@guest.minfin.fed.be</com:emailContact>
                        <com:remark>none</com:remark>
                    </dos:initialService>
                    <dos:patrimonyInformation>
                        <dos:cadastralDivisionCode>21819</dos:cadastralDivisionCode>
                        <dos:articleNumber>14831</dos:articleNumber>
                    </dos:patrimonyInformation>
                    <dos:submitter>
                        <dos:person>
                            <dos:persIDF>000006141843</dos:persIDF>
                            <dos:firstname>PATRICK</dos:firstname>
                            <dos:lastname>DEWANDELEER</dos:lastname>
                        </dos:person>
                        <dos:address>
                            <com:street>Rue du Maraîcher, 5</com:street>
                            <com:zipCode>1082</com:zipCode>
                            <com:place>Berchem-Sainte-Agathe</com:place>
                        </dos:address>
                    </dos:submitter>
                </dos:dossier>
            </v1:request>
        </v1:exportDossierRequest>
    </soapenv:Body>
</soapenv:Envelope>]]></con:request><con:credentials><con:selectedAuthProfile>Basic</con:selectedAuthProfile><con:addedBasicAuthenticationTypes>Basic</con:addedBasicAuthenticationTypes><con:authType>Global HTTP Settings</con:authType></con:credentials><con:jmsConfig JMSDeliveryMode="PERSISTENT"/><con:jmsPropertyConfig/><con:wsaConfig mustUnderstand="NONE" version="200508" action="http://fidus.brussels/services/importtoregondesservice/importDossier"/><con:wsrmConfig version="1.2"/></con:call><con:call id="2bf32bdc-b6df-486b-ba68-4d636deea028" name="3 - Test - Worker1 - Request" incomingWss="Inflow TEST" outgoingWss="Outflow TEST"><con:settings><con:setting id="com.eviware.soapui.impl.wsdl.WsdlRequest@request-headers">&lt;xml-fragment/></con:setting></con:settings><con:encoding>UTF-8</con:encoding><con:endpoint>https://192.168.22.53:8443/services/ImportToRegondesService_v1.0</con:endpoint><con:request><![CDATA[<soapenv:Envelope xmlns:soapenv="http://schemas.xmlsoap.org/soap/envelope/" xmlns:v1="http://fidus.brussels/service/importtoregondesservice/messages/v1" xmlns:v11="http://fidus.brussels/type/common/messages/v1" xmlns:dos="http://www.minfin.fgov.be/regondes2/extern/taxservice/imports/dossier" xmlns:com="http://www.minfin.fgov.be/regondes2/extern/taxservice/common" >
    <soapenv:Header/>
    <soapenv:Body>
        <v1:exportDossierRequest>
            <v1:messageContext>
                <v11:messageId>${=import static java.util.UUID.randomUUID; uuid = randomUUID() as String}</v11:messageId>
                <v11:timestamp>${=new java.text.SimpleDateFormat("yyyy-MM-dd'T'HH:mm:ss.SSS").format(new Date())}</v11:timestamp>
            </v1:messageContext>
            <v1:legalContext>ServiceIntegrator</v1:legalContext>
            <v1:request>
                <dos:dossier>
                    <dos:language>FR</dos:language>
                    <dos:fiscalYear>2015</dos:fiscalYear>
                    <dos:initialService>
                        <com:technicalReference>11223354</com:technicalReference>
                        <com:type>AAF</com:type>				
                        <!-- the "REFERENCE" is used by the SPF Finance to create a new legal dispute on the
						SPF data base. To have a "success" as a response, you have to 
						change this parameter every request. -->
                        <com:reference>CF55571</com:reference>
                        <com:complaintType>MS</com:complaintType>
                        <com:registerArticle>1</com:registerArticle>
                        <com:dateInitialService>2017-01-10+01:00</com:dateInitialService>
                        <com:nameContact>PME047 Testuser</com:nameContact>
                        <com:emailContact>testuser.pme047@guest.minfin.fed.be</com:emailContact>
                        <com:remark>none</com:remark>
                    </dos:initialService>
                    <dos:patrimonyInformation>
                        <dos:cadastralDivisionCode>21819</dos:cadastralDivisionCode>
                        <dos:articleNumber>14831</dos:articleNumber>
                    </dos:patrimonyInformation>
                    <dos:submitter>
                        <dos:person>
                            <dos:persIDF>000006141843</dos:persIDF>
                            <dos:firstname>PATRICK</dos:firstname>
                            <dos:lastname>DEWANDELEER</dos:lastname>
                        </dos:person>
                        <dos:address>
                            <com:street>Rue du Maraîcher, 5</com:street>
                            <com:zipCode>1082</com:zipCode>
                            <com:place>Berchem-Sainte-Agathe</com:place>
                        </dos:address>
                    </dos:submitter>
                </dos:dossier>
            </v1:request>
        </v1:exportDossierRequest>
    </soapenv:Body>
</soapenv:Envelope>]]></con:request><con:credentials><con:selectedAuthProfile>Basic</con:selectedAuthProfile><con:addedBasicAuthenticationTypes>Basic</con:addedBasicAuthenticationTypes><con:authType>Global HTTP Settings</con:authType></con:credentials><con:jmsConfig JMSDeliveryMode="PERSISTENT"/><con:jmsPropertyConfig/><con:wsaConfig mustUnderstand="NONE" version="200508" action="http://fidus.brussels/services/importtoregondesservice/importDossier"/><con:wsrmConfig version="1.2"/></con:call><con:call id="3224a4aa-a0f2-4d40-b408-e9e69d81777b" name="3 - Test - Worker2 - Request" incomingWss="Inflow TEST" outgoingWss="Outflow TEST"><con:settings><con:setting id="com.eviware.soapui.impl.wsdl.WsdlRequest@request-headers">&lt;xml-fragment/></con:setting></con:settings><con:encoding>UTF-8</con:encoding><con:endpoint>https://192.168.22.54:8443/services/ImportToRegondesService_v1.0</con:endpoint><con:request><![CDATA[<soapenv:Envelope xmlns:soapenv="http://schemas.xmlsoap.org/soap/envelope/" xmlns:v1="http://fidus.brussels/service/importtoregondesservice/messages/v1" xmlns:v11="http://fidus.brussels/type/common/messages/v1" xmlns:dos="http://www.minfin.fgov.be/regondes2/extern/taxservice/imports/dossier" xmlns:com="http://www.minfin.fgov.be/regondes2/extern/taxservice/common" >
    <soapenv:Header/>
    <soapenv:Body>
        <v1:exportDossierRequest>
            <v1:messageContext>
                <v11:messageId>${=import static java.util.UUID.randomUUID; uuid = randomUUID() as String}</v11:messageId>
                <v11:timestamp>${=new java.text.SimpleDateFormat("yyyy-MM-dd'T'HH:mm:ss.SSS").format(new Date())}</v11:timestamp>
            </v1:messageContext>
            <v1:legalContext>ServiceIntegrator</v1:legalContext>
            <v1:request>
                <dos:dossier>
                    <dos:language>FR</dos:language>
                    <dos:fiscalYear>2015</dos:fiscalYear>
                    <dos:initialService>
                        <com:technicalReference>11223344</com:technicalReference>
                        <com:type>AAF</com:type>				
                        <!-- the "REFERENCE" is used by the SPF Finance to create a new legal dispute on the
						SPF data base. To have a "success" as a response, you have to 
						change this parameter every request. -->
                        <com:reference>CF55571</com:reference>
                        <com:complaintType>MS</com:complaintType>
                        <com:registerArticle>1</com:registerArticle>
                        <com:dateInitialService>2017-01-10+01:00</com:dateInitialService>
                        <com:nameContact>PME047 Testuser</com:nameContact>
                        <com:emailContact>testuser.pme047@guest.minfin.fed.be</com:emailContact>
                        <com:remark>none</com:remark>
                    </dos:initialService>
                    <dos:patrimonyInformation>
                        <dos:cadastralDivisionCode>21819</dos:cadastralDivisionCode>
                        <dos:articleNumber>14831</dos:articleNumber>
                    </dos:patrimonyInformation>
                    <dos:submitter>
                        <dos:person>
                            <dos:persIDF>000006141843</dos:persIDF>
                            <dos:firstname>PATRICK</dos:firstname>
                            <dos:lastname>DEWANDELEER</dos:lastname>
                        </dos:person>
                        <dos:address>
                            <com:street>Rue du Maraîcher, 5</com:street>
                            <com:zipCode>1082</com:zipCode>
                            <com:place>Berchem-Sainte-Agathe</com:place>
                        </dos:address>
                    </dos:submitter>
                </dos:dossier>
            </v1:request>
        </v1:exportDossierRequest>
    </soapenv:Body>
</soapenv:Envelope>]]></con:request><con:credentials><con:selectedAuthProfile>Basic</con:selectedAuthProfile><con:addedBasicAuthenticationTypes>Basic</con:addedBasicAuthenticationTypes><con:authType>Global HTTP Settings</con:authType></con:credentials><con:jmsConfig JMSDeliveryMode="PERSISTENT"/><con:jmsPropertyConfig/><con:wsaConfig mustUnderstand="NONE" version="200508" action="http://fidus.brussels/services/importtoregondesservice/importDossier"/><con:wsrmConfig version="1.2"/></con:call><con:call id="46dc44f0-d78e-4e63-be1c-b89b5af3b864" name="4 - Staging - Worker1 - Request" incomingWss="Inflow STAGING" outgoingWss="Outflow STAGING"><con:settings><con:setting id="com.eviware.soapui.impl.wsdl.WsdlRequest@request-headers">&lt;xml-fragment/></con:setting></con:settings><con:encoding>UTF-8</con:encoding><con:endpoint>https://192.168.24.16:8443/services/ImportToRegondesService_v1.0</con:endpoint><con:request><![CDATA[<soapenv:Envelope xmlns:soapenv="http://schemas.xmlsoap.org/soap/envelope/" xmlns:v1="http://fidus.brussels/service/importtoregondesservice/messages/v1" xmlns:v11="http://fidus.brussels/type/common/messages/v1" xmlns:dos="http://www.minfin.fgov.be/regondes2/extern/taxservice/imports/dossier" xmlns:com="http://www.minfin.fgov.be/regondes2/extern/taxservice/common" >
    <soapenv:Header/>
    <soapenv:Body>
        <v1:exportDossierRequest>
            <v1:messageContext>
                <v11:messageId>${=import static java.util.UUID.randomUUID; uuid = randomUUID() as String}</v11:messageId>
                <v11:timestamp>${=new java.text.SimpleDateFormat("yyyy-MM-dd'T'HH:mm:ss.SSS").format(new Date())}</v11:timestamp>
            </v1:messageContext>
            <v1:legalContext>ServiceIntegrator</v1:legalContext>
            <v1:request>
                <dos:dossier>
                    <dos:language>FR</dos:language>
                    <dos:fiscalYear>2015</dos:fiscalYear>
                    <dos:initialService>
                        <com:technicalReference>11223344</com:technicalReference>
                        <com:type>AAF</com:type>				
                        <!-- the "REFERENCE" is used by the SPF Finance to create a new legal dispute on the
						SPF data base. To have a "success" as a response, you have to 
						change this parameter every request. -->
                        <com:reference>CF55571</com:reference>
                        <com:complaintType>MS</com:complaintType>
                        <com:registerArticle>1</com:registerArticle>
                        <com:dateInitialService>2017-01-10+01:00</com:dateInitialService>
                        <com:nameContact>PME047 Testuser</com:nameContact>
                        <com:emailContact>testuser.pme047@guest.minfin.fed.be</com:emailContact>
                        <com:remark>none</com:remark>
                    </dos:initialService>
                    <dos:patrimonyInformation>
                        <dos:cadastralDivisionCode>21819</dos:cadastralDivisionCode>
                        <dos:articleNumber>14831</dos:articleNumber>
                    </dos:patrimonyInformation>
                    <dos:submitter>
                        <dos:person>
                            <dos:persIDF>000006141843</dos:persIDF>
                            <dos:firstname>PATRICK</dos:firstname>
                            <dos:lastname>DEWANDELEER</dos:lastname>
                        </dos:person>
                        <dos:address>
                            <com:street>Rue du Maraîcher, 5</com:street>
                            <com:zipCode>1082</com:zipCode>
                            <com:place>Berchem-Sainte-Agathe</com:place>
                        </dos:address>
                    </dos:submitter>
                </dos:dossier>
            </v1:request>
        </v1:exportDossierRequest>
    </soapenv:Body>
</soapenv:Envelope>]]></con:request><con:credentials><con:selectedAuthProfile>Basic</con:selectedAuthProfile><con:addedBasicAuthenticationTypes>Basic</con:addedBasicAuthenticationTypes><con:authType>Global HTTP Settings</con:authType></con:credentials><con:jmsConfig JMSDeliveryMode="PERSISTENT"/><con:jmsPropertyConfig/><con:wsaConfig mustUnderstand="NONE" version="200508" action="http://fidus.brussels/services/importtoregondesservice/importDossier"/><con:wsrmConfig version="1.2"/></con:call><con:call id="14fc4df2-3b5a-4eb0-975d-eef5bbf56336" name="4 - Staging - Worker2 - Request" incomingWss="Inflow STAGING" outgoingWss="Outflow STAGING"><con:settings><con:setting id="com.eviware.soapui.impl.wsdl.WsdlRequest@request-headers">&lt;xml-fragment/></con:setting></con:settings><con:encoding>UTF-8</con:encoding><con:endpoint>https://192.168.24.17:8443/services/ImportToRegondesService_v1.0</con:endpoint><con:request><![CDATA[<soapenv:Envelope xmlns:soapenv="http://schemas.xmlsoap.org/soap/envelope/" xmlns:v1="http://fidus.brussels/service/importtoregondesservice/messages/v1" xmlns:v11="http://fidus.brussels/type/common/messages/v1" xmlns:dos="http://www.minfin.fgov.be/regondes2/extern/taxservice/imports/dossier" xmlns:com="http://www.minfin.fgov.be/regondes2/extern/taxservice/common" >
    <soapenv:Header/>
    <soapenv:Body>
        <v1:exportDossierRequest>
            <v1:messageContext>
                <v11:messageId>${=import static java.util.UUID.randomUUID; uuid = randomUUID() as String}</v11:messageId>
                <v11:timestamp>${=new java.text.SimpleDateFormat("yyyy-MM-dd'T'HH:mm:ss.SSS").format(new Date())}</v11:timestamp>
            </v1:messageContext>
            <v1:legalContext>ServiceIntegrator</v1:legalContext>
            <v1:request>
                <dos:dossier>
                    <dos:language>FR</dos:language>
                    <dos:fiscalYear>2015</dos:fiscalYear>
                    <dos:initialService>
                        <com:technicalReference>11223344</com:technicalReference>
                        <com:type>AAF</com:type>				
                        <!-- the "REFERENCE" is used by the SPF Finance to create a new legal dispute on the
						SPF data base. To have a "success" as a response, you have to 
						change this parameter every request. -->
                        <com:reference>CF55571</com:reference>
                        <com:complaintType>MS</com:complaintType>
                        <com:registerArticle>1</com:registerArticle>
                        <com:dateInitialService>2017-01-10+01:00</com:dateInitialService>
                        <com:nameContact>PME047 Testuser</com:nameContact>
                        <com:emailContact>testuser.pme047@guest.minfin.fed.be</com:emailContact>
                        <com:remark>none</com:remark>
                    </dos:initialService>
                    <dos:patrimonyInformation>
                        <dos:cadastralDivisionCode>21819</dos:cadastralDivisionCode>
                        <dos:articleNumber>14831</dos:articleNumber>
                    </dos:patrimonyInformation>
                    <dos:submitter>
                        <dos:person>
                            <dos:persIDF>000006141843</dos:persIDF>
                            <dos:firstname>PATRICK</dos:firstname>
                            <dos:lastname>DEWANDELEER</dos:lastname>
                        </dos:person>
                        <dos:address>
                            <com:street>Rue du Maraîcher, 5</com:street>
                            <com:zipCode>1082</com:zipCode>
                            <com:place>Berchem-Sainte-Agathe</com:place>
                        </dos:address>
                    </dos:submitter>
                </dos:dossier>
            </v1:request>
        </v1:exportDossierRequest>
    </soapenv:Body>
</soapenv:Envelope>]]></con:request><con:credentials><con:selectedAuthProfile>Basic</con:selectedAuthProfile><con:addedBasicAuthenticationTypes>Basic</con:addedBasicAuthenticationTypes><con:authType>Global HTTP Settings</con:authType></con:credentials><con:jmsConfig JMSDeliveryMode="PERSISTENT"/><con:jmsPropertyConfig/><con:wsaConfig mustUnderstand="NONE" version="200508" action="http://fidus.brussels/services/importtoregondesservice/importDossier"/><con:wsrmConfig version="1.2"/></con:call><con:call id="b7fd3745-171a-4cc5-b0df-f20a37a071ef" name="4 - Staging - LB - Request" incomingWss="Inflow STAGING" outgoingWss="Outflow STAGING"><con:settings><con:setting id="com.eviware.soapui.impl.wsdl.WsdlRequest@request-headers">&lt;xml-fragment/></con:setting></con:settings><con:encoding>UTF-8</con:encoding><con:endpoint>https://fidus-esb-sg.sta.srv.cirb.lan:8443/services/ImportToRegondesService_v1.0</con:endpoint><con:request><![CDATA[<soapenv:Envelope xmlns:soapenv="http://schemas.xmlsoap.org/soap/envelope/" xmlns:v1="http://fidus.brussels/service/importtoregondesservice/messages/v1" xmlns:v11="http://fidus.brussels/type/common/messages/v1" xmlns:dos="http://www.minfin.fgov.be/regondes2/extern/taxservice/imports/dossier" xmlns:com="http://www.minfin.fgov.be/regondes2/extern/taxservice/common" >
    <soapenv:Header/>
    <soapenv:Body>
        <v1:exportDossierRequest>
            <v1:messageContext>
                <v11:messageId>${=import static java.util.UUID.randomUUID; uuid = randomUUID() as String}</v11:messageId>
                <v11:timestamp>${=new java.text.SimpleDateFormat("yyyy-MM-dd'T'HH:mm:ss.SSS").format(new Date())}</v11:timestamp>
            </v1:messageContext>
            <v1:legalContext>ServiceIntegrator</v1:legalContext>
            <v1:request>
                <dos:dossier>
                    <dos:language>FR</dos:language>
                    <dos:fiscalYear>2015</dos:fiscalYear>
                    <dos:initialService>
                        <com:technicalReference>11223344</com:technicalReference>
                        <com:type>AAF</com:type>				
                        <!-- the "REFERENCE" is used by the SPF Finance to create a new legal dispute on the
						SPF data base. To have a "success" as a response, you have to 
						change this parameter every request. -->
                        <com:reference>CF55571</com:reference>
                        <com:complaintType>MS</com:complaintType>
                        <com:registerArticle>1</com:registerArticle>
                        <com:dateInitialService>2017-01-10+01:00</com:dateInitialService>
                        <com:nameContact>PME047 Testuser</com:nameContact>
                        <com:emailContact>testuser.pme047@guest.minfin.fed.be</com:emailContact>
                        <com:remark>none</com:remark>
                    </dos:initialService>
                    <dos:patrimonyInformation>
                        <dos:cadastralDivisionCode>21819</dos:cadastralDivisionCode>
                        <dos:articleNumber>14831</dos:articleNumber>
                    </dos:patrimonyInformation>
                    <dos:submitter>
                        <dos:person>
                            <dos:persIDF>000006141843</dos:persIDF>
                            <dos:firstname>PATRICK</dos:firstname>
                            <dos:lastname>DEWANDELEER</dos:lastname>
                        </dos:person>
                        <dos:address>
                            <com:street>Rue du Maraîcher, 5</com:street>
                            <com:zipCode>1082</com:zipCode>
                            <com:place>Berchem-Sainte-Agathe</com:place>
                        </dos:address>
                    </dos:submitter>
                </dos:dossier>
            </v1:request>
        </v1:exportDossierRequest>
    </soapenv:Body>
</soapenv:Envelope>]]></con:request><con:credentials><con:selectedAuthProfile>Basic</con:selectedAuthProfile><con:addedBasicAuthenticationTypes>Basic</con:addedBasicAuthenticationTypes><con:authType>Global HTTP Settings</con:authType></con:credentials><con:jmsConfig JMSDeliveryMode="PERSISTENT"/><con:jmsPropertyConfig/><con:wsaConfig mustUnderstand="NONE" version="200508" action="http://fidus.brussels/services/importtoregondesservice/importDossier"/><con:wsrmConfig version="1.2"/></con:call><con:call id="ab30ec25-f87c-460c-b56d-0ae832a41f8d" name="5 - Prod - Worker1 - Request" incomingWss="Inflow PROD" outgoingWss="Outflow PROD"><con:settings><con:setting id="com.eviware.soapui.impl.wsdl.WsdlRequest@request-headers">&lt;xml-fragment/></con:setting></con:settings><con:encoding>UTF-8</con:encoding><con:endpoint>https://192.168.26.22:8443/services/ImportToRegondesService_v1.0</con:endpoint><con:request><![CDATA[<soapenv:Envelope xmlns:soapenv="http://schemas.xmlsoap.org/soap/envelope/" xmlns:v1="http://fidus.brussels/service/importtoregondesservice/messages/v1" xmlns:v11="http://fidus.brussels/type/common/messages/v1" xmlns:dos="http://www.minfin.fgov.be/regondes2/extern/taxservice/imports/dossier" xmlns:com="http://www.minfin.fgov.be/regondes2/extern/taxservice/common" >
    <soapenv:Header/>
    <soapenv:Body>
        <v1:exportDossierRequest>
            <v1:messageContext>
                <v11:messageId>${=import static java.util.UUID.randomUUID; uuid = randomUUID() as String}</v11:messageId>
                <v11:timestamp>${=new java.text.SimpleDateFormat("yyyy-MM-dd'T'HH:mm:ss.SSS").format(new Date())}</v11:timestamp>
            </v1:messageContext>
            <v1:legalContext>ServiceIntegrator</v1:legalContext>
            <v1:request>
                <dos:dossier>
                    <dos:language>FR</dos:language>
                    <dos:fiscalYear>2015</dos:fiscalYear>
                    <dos:initialService>
                        <com:technicalReference>11223344</com:technicalReference>
                        <com:type>AAF</com:type>				
                        <!-- the "REFERENCE" is used by the SPF Finance to create a new legal dispute on the
						SPF data base. To have a "success" as a response, you have to 
						change this parameter every request. -->
                        <com:reference>CF55571</com:reference>
                        <com:complaintType>MS</com:complaintType>
                        <com:registerArticle>1</com:registerArticle>
                        <com:dateInitialService>2017-01-10+01:00</com:dateInitialService>
                        <com:nameContact>PME047 Testuser</com:nameContact>
                        <com:emailContact>testuser.pme047@guest.minfin.fed.be</com:emailContact>
                        <com:remark>none</com:remark>
                    </dos:initialService>
                    <dos:patrimonyInformation>
                        <dos:cadastralDivisionCode>21819</dos:cadastralDivisionCode>
                        <dos:articleNumber>14831</dos:articleNumber>
                    </dos:patrimonyInformation>
                    <dos:submitter>
                        <dos:person>
                            <dos:persIDF>000006141843</dos:persIDF>
                            <dos:firstname>PATRICK</dos:firstname>
                            <dos:lastname>DEWANDELEER</dos:lastname>
                        </dos:person>
                        <dos:address>
                            <com:street>Rue du Maraîcher, 5</com:street>
                            <com:zipCode>1082</com:zipCode>
                            <com:place>Berchem-Sainte-Agathe</com:place>
                        </dos:address>
                    </dos:submitter>
                </dos:dossier>
            </v1:request>
        </v1:exportDossierRequest>
    </soapenv:Body>
</soapenv:Envelope>]]></con:request><con:credentials><con:selectedAuthProfile>Basic</con:selectedAuthProfile><con:addedBasicAuthenticationTypes>Basic</con:addedBasicAuthenticationTypes><con:authType>Global HTTP Settings</con:authType></con:credentials><con:jmsConfig JMSDeliveryMode="PERSISTENT"/><con:jmsPropertyConfig/><con:wsaConfig mustUnderstand="NONE" version="200508" action="http://fidus.brussels/services/importtoregondesservice/importDossier"/><con:wsrmConfig version="1.2"/></con:call><con:call id="a2de433a-1275-4e3c-b9fb-f9ba90477307" name="5 - Prod - Worker2 - Request" incomingWss="Inflow PROD" outgoingWss="Outflow PROD"><con:settings><con:setting id="com.eviware.soapui.impl.wsdl.WsdlRequest@request-headers">&lt;xml-fragment/></con:setting></con:settings><con:encoding>UTF-8</con:encoding><con:endpoint>https://192.168.26.19:8443/services/ImportToRegondesService_v1.0</con:endpoint><con:request><![CDATA[<soapenv:Envelope xmlns:soapenv="http://schemas.xmlsoap.org/soap/envelope/" xmlns:v1="http://fidus.brussels/service/importtoregondesservice/messages/v1" xmlns:v11="http://fidus.brussels/type/common/messages/v1" xmlns:dos="http://www.minfin.fgov.be/regondes2/extern/taxservice/imports/dossier" xmlns:com="http://www.minfin.fgov.be/regondes2/extern/taxservice/common" >
    <soapenv:Header/>
    <soapenv:Body>
        <v1:exportDossierRequest>
            <v1:messageContext>
                <v11:messageId>${=import static java.util.UUID.randomUUID; uuid = randomUUID() as String}</v11:messageId>
                <v11:timestamp>${=new java.text.SimpleDateFormat("yyyy-MM-dd'T'HH:mm:ss.SSS").format(new Date())}</v11:timestamp>
            </v1:messageContext>
            <v1:legalContext>ServiceIntegrator</v1:legalContext>
            <v1:request>
                <dos:dossier>
                    <dos:language>FR</dos:language>
                    <dos:fiscalYear>2015</dos:fiscalYear>
                    <dos:initialService>
                        <com:technicalReference>11223344</com:technicalReference>
                        <com:type>AAF</com:type>				
                        <!-- the "REFERENCE" is used by the SPF Finance to create a new legal dispute on the
						SPF data base. To have a "success" as a response, you have to 
						change this parameter every request. -->
                        <com:reference>CF55571</com:reference>
                        <com:complaintType>MS</com:complaintType>
                        <com:registerArticle>1</com:registerArticle>
                        <com:dateInitialService>2017-01-10+01:00</com:dateInitialService>
                        <com:nameContact>PME047 Testuser</com:nameContact>
                        <com:emailContact>testuser.pme047@guest.minfin.fed.be</com:emailContact>
                        <com:remark>none</com:remark>
                    </dos:initialService>
                    <dos:patrimonyInformation>
                        <dos:cadastralDivisionCode>21819</dos:cadastralDivisionCode>
                        <dos:articleNumber>14831</dos:articleNumber>
                    </dos:patrimonyInformation>
                    <dos:submitter>
                        <dos:person>
                            <dos:persIDF>000006141843</dos:persIDF>
                            <dos:firstname>PATRICK</dos:firstname>
                            <dos:lastname>DEWANDELEER</dos:lastname>
                        </dos:person>
                        <dos:address>
                            <com:street>Rue du Maraîcher, 5</com:street>
                            <com:zipCode>1082</com:zipCode>
                            <com:place>Berchem-Sainte-Agathe</com:place>
                        </dos:address>
                    </dos:submitter>
                </dos:dossier>
            </v1:request>
        </v1:exportDossierRequest>
    </soapenv:Body>
</soapenv:Envelope>]]></con:request><con:credentials><con:selectedAuthProfile>Basic</con:selectedAuthProfile><con:addedBasicAuthenticationTypes>Basic</con:addedBasicAuthenticationTypes><con:authType>Global HTTP Settings</con:authType></con:credentials><con:jmsConfig JMSDeliveryMode="PERSISTENT"/><con:jmsPropertyConfig/><con:wsaConfig mustUnderstand="NONE" version="200508" action="http://fidus.brussels/services/importtoregondesservice/importDossier"/><con:wsrmConfig version="1.2"/></con:call><con:call id="07513612-37a0-4faf-86fe-b295c08420d1" name="5 - Prod - LB - Request" incomingWss="Inflow PROD" outgoingWss="Outflow PROD"><con:settings><con:setting id="com.eviware.soapui.impl.wsdl.WsdlRequest@request-headers">&lt;xml-fragment/></con:setting></con:settings><con:encoding>UTF-8</con:encoding><con:endpoint>https://fidus-esb-sg.prd.srv.cirb.lan:8443/services/ImportToRegondesService_v1.0</con:endpoint><con:request><![CDATA[<soapenv:Envelope xmlns:soapenv="http://schemas.xmlsoap.org/soap/envelope/" xmlns:v1="http://fidus.brussels/service/importtoregondesservice/messages/v1" xmlns:v11="http://fidus.brussels/type/common/messages/v1" xmlns:dos="http://www.minfin.fgov.be/regondes2/extern/taxservice/imports/dossier" xmlns:com="http://www.minfin.fgov.be/regondes2/extern/taxservice/common" >
    <soapenv:Header/>
    <soapenv:Body>
        <v1:exportDossierRequest>
            <v1:messageContext>
                <v11:messageId>${=import static java.util.UUID.randomUUID; uuid = randomUUID() as String}</v11:messageId>
                <v11:timestamp>${=new java.text.SimpleDateFormat("yyyy-MM-dd'T'HH:mm:ss.SSS").format(new Date())}</v11:timestamp>
            </v1:messageContext>
            <v1:legalContext>ServiceIntegrator</v1:legalContext>
            <v1:request>
                <dos:dossier>
                    <dos:language>FR</dos:language>
                    <dos:fiscalYear>2015</dos:fiscalYear>
                    <dos:initialService>
                        <com:technicalReference>11223344</com:technicalReference>
                        <com:type>AAF</com:type>				
                        <!-- the "REFERENCE" is used by the SPF Finance to create a new legal dispute on the
						SPF data base. To have a "success" as a response, you have to 
						change this parameter every request. -->
                        <com:reference>CF55571</com:reference>
                        <com:complaintType>MS</com:complaintType>
                        <com:registerArticle>1</com:registerArticle>
                        <com:dateInitialService>2017-01-10+01:00</com:dateInitialService>
                        <com:nameContact>PME047 Testuser</com:nameContact>
                        <com:emailContact>testuser.pme047@guest.minfin.fed.be</com:emailContact>
                        <com:remark>none</com:remark>
                    </dos:initialService>
                    <dos:patrimonyInformation>
                        <dos:cadastralDivisionCode>21819</dos:cadastralDivisionCode>
                        <dos:articleNumber>14831</dos:articleNumber>
                    </dos:patrimonyInformation>
                    <dos:submitter>
                        <dos:person>
                            <dos:persIDF>000006141843</dos:persIDF>
                            <dos:firstname>PATRICK</dos:firstname>
                            <dos:lastname>DEWANDELEER</dos:lastname>
                        </dos:person>
                        <dos:address>
                            <com:street>Rue du Maraîcher, 5</com:street>
                            <com:zipCode>1082</com:zipCode>
                            <com:place>Berchem-Sainte-Agathe</com:place>
                        </dos:address>
                    </dos:submitter>
                </dos:dossier>
            </v1:request>
        </v1:exportDossierRequest>
    </soapenv:Body>
</soapenv:Envelope>]]></con:request><con:credentials><con:selectedAuthProfile>Basic</con:selectedAuthProfile><con:addedBasicAuthenticationTypes>Basic</con:addedBasicAuthenticationTypes><con:authType>Global HTTP Settings</con:authType></con:credentials><con:jmsConfig JMSDeliveryMode="PERSISTENT"/><con:jmsPropertyConfig/><con:wsaConfig mustUnderstand="NONE" version="200508" action="http://fidus.brussels/services/importtoregondesservice/importDossier"/><con:wsrmConfig version="1.2"/></con:call><con:call id="842facd6-a165-4cf5-8475-85b43b6c9a20" name="5 - Prod - External - Request" incomingWss="Inflow PROD" outgoingWss="Outflow PROD"><con:settings><con:setting id="com.eviware.soapui.impl.wsdl.WsdlRequest@request-headers">&lt;xml-fragment/></con:setting></con:settings><con:encoding>UTF-8</con:encoding><con:endpoint>https://fidus.sec.brussels/services/ImportToRegondesService_v1.0</con:endpoint><con:request><![CDATA[<soapenv:Envelope xmlns:soapenv="http://schemas.xmlsoap.org/soap/envelope/" xmlns:v1="http://fidus.brussels/service/importtoregondesservice/messages/v1" xmlns:v11="http://fidus.brussels/type/common/messages/v1" xmlns:dos="http://www.minfin.fgov.be/regondes2/extern/taxservice/imports/dossier" xmlns:com="http://www.minfin.fgov.be/regondes2/extern/taxservice/common" >
    <soapenv:Header/>
    <soapenv:Body>
        <v1:exportDossierRequest>
            <v1:messageContext>
                <v11:messageId>${=import static java.util.UUID.randomUUID; uuid = randomUUID() as String}</v11:messageId>
                <v11:timestamp>${=new java.text.SimpleDateFormat("yyyy-MM-dd'T'HH:mm:ss.SSS").format(new Date())}</v11:timestamp>
            </v1:messageContext>
            <v1:legalContext>ServiceIntegrator</v1:legalContext>
            <v1:request>
                <dos:dossier>
                    <dos:language>FR</dos:language>
                    <dos:fiscalYear>2015</dos:fiscalYear>
                    <dos:initialService>
                        <com:technicalReference>11223344</com:technicalReference>
                        <com:type>AAF</com:type>				
                        <!-- the "REFERENCE" is used by the SPF Finance to create a new legal dispute on the
						SPF data base. To have a "success" as a response, you have to 
						change this parameter every request. -->
                        <com:reference>CF55571</com:reference>
                        <com:complaintType>MS</com:complaintType>
                        <com:registerArticle>1</com:registerArticle>
                        <com:dateInitialService>2017-01-10+01:00</com:dateInitialService>
                        <com:nameContact>PME047 Testuser</com:nameContact>
                        <com:emailContact>testuser.pme047@guest.minfin.fed.be</com:emailContact>
                        <com:remark>none</com:remark>
                    </dos:initialService>
                    <dos:patrimonyInformation>
                        <dos:cadastralDivisionCode>21819</dos:cadastralDivisionCode>
                        <dos:articleNumber>14831</dos:articleNumber>
                    </dos:patrimonyInformation>
                    <dos:submitter>
                        <dos:person>
                            <dos:persIDF>000006141843</dos:persIDF>
                            <dos:firstname>PATRICK</dos:firstname>
                            <dos:lastname>DEWANDELEER</dos:lastname>
                        </dos:person>
                        <dos:address>
                            <com:street>Rue du Maraîcher, 5</com:street>
                            <com:zipCode>1082</com:zipCode>
                            <com:place>Berchem-Sainte-Agathe</com:place>
                        </dos:address>
                    </dos:submitter>
                </dos:dossier>
            </v1:request>
        </v1:exportDossierRequest>
    </soapenv:Body>
</soapenv:Envelope>]]></con:request><con:credentials><con:selectedAuthProfile>Basic</con:selectedAuthProfile><con:addedBasicAuthenticationTypes>Basic</con:addedBasicAuthenticationTypes><con:authType>Global HTTP Settings</con:authType></con:credentials><con:jmsConfig JMSDeliveryMode="PERSISTENT"/><con:jmsPropertyConfig/><con:wsaConfig mustUnderstand="NONE" version="200508" action="http://fidus.brussels/services/importtoregondesservice/importDossier"/><con:wsrmConfig version="1.2"/></con:call><con:call id="60b3abd0-6cbf-45dc-9eaf-2263bc27befa" name="3 - Test - External - Request" incomingWss="Inflow TEST" outgoingWss="Outflow TEST"><con:settings><con:setting id="com.eviware.soapui.impl.wsdl.WsdlRequest@request-headers">&lt;xml-fragment/></con:setting></con:settings><con:encoding>UTF-8</con:encoding><con:endpoint>https://fidus-test.irisnetlab.be/services/ImportToRegondesService_v1.0</con:endpoint><con:request><![CDATA[<soapenv:Envelope xmlns:soapenv="http://schemas.xmlsoap.org/soap/envelope/" xmlns:v1="http://fidus.brussels/service/importtoregondesservice/messages/v1" xmlns:v11="http://fidus.brussels/type/common/messages/v1" xmlns:dos="http://www.minfin.fgov.be/regondes2/extern/taxservice/imports/dossier" xmlns:com="http://www.minfin.fgov.be/regondes2/extern/taxservice/common" >
    <soapenv:Header/>
    <soapenv:Body>
        <v1:exportDossierRequest>
            <v1:messageContext>
                <v11:messageId>${=import static java.util.UUID.randomUUID; uuid = randomUUID() as String}</v11:messageId>
                <v11:timestamp>${=new java.text.SimpleDateFormat("yyyy-MM-dd'T'HH:mm:ss.SSS").format(new Date())}</v11:timestamp>
            </v1:messageContext>
            <v1:legalContext>ServiceIntegrator</v1:legalContext>
            <v1:request>
                <dos:dossier>
                    <dos:language>FR</dos:language>
                    <dos:fiscalYear>2015</dos:fiscalYear>
                    <dos:initialService>
                        <com:technicalReference>11223344</com:technicalReference>
                        <com:type>AAF</com:type>				
                        <!-- the "REFERENCE" is used by the SPF Finance to create a new legal dispute on the
						SPF data base. To have a "success" as a response, you have to 
						change this parameter every request. -->
                        <com:reference>CF15571</com:reference>
                        <com:complaintType>MS</com:complaintType>
                        <com:registerArticle>1</com:registerArticle>
                        <com:dateInitialService>2017-01-10+01:00</com:dateInitialService>
                        <com:nameContact>PME047 Testuser</com:nameContact>
                        <com:emailContact>testuser.pme047@guest.minfin.fed.be</com:emailContact>
                        <com:remark>none</com:remark>
                    </dos:initialService>
                    <dos:patrimonyInformation>
                        <dos:cadastralDivisionCode>21819</dos:cadastralDivisionCode>
                        <dos:articleNumber>14831</dos:articleNumber>
                    </dos:patrimonyInformation>
                    <dos:submitter>
                        <dos:person>
                            <dos:persIDF>000006141843</dos:persIDF>
                            <dos:firstname>PATRICK</dos:firstname>
                            <dos:lastname>DEWANDELEER</dos:lastname>
                        </dos:person>
                        <dos:address>
                            <com:street>Rue du Maraîcher, 5</com:street>
                            <com:zipCode>1082</com:zipCode>
                            <com:place>Berchem-Sainte-Agathe</com:place>
                        </dos:address>
                    </dos:submitter>
                </dos:dossier>
            </v1:request>
        </v1:exportDossierRequest>
    </soapenv:Body>
</soapenv:Envelope>]]></con:request><con:credentials><con:selectedAuthProfile>Basic</con:selectedAuthProfile><con:addedBasicAuthenticationTypes>Basic</con:addedBasicAuthenticationTypes><con:authType>Global HTTP Settings</con:authType></con:credentials><con:jmsConfig JMSDeliveryMode="PERSISTENT"/><con:jmsPropertyConfig/><con:wsaConfig mustUnderstand="NONE" version="200508" action="http://fidus.brussels/services/importtoregondesservice/importDossier"/><con:wsrmConfig version="1.2"/></con:call><con:call id="137551d5-a332-4ccd-b70d-fc738d0d731b" name="4 - Staging - External - Request" incomingWss="Inflow STAGING" outgoingWss="Outflow STAGING"><con:settings><con:setting id="com.eviware.soapui.impl.wsdl.WsdlRequest@request-headers">&lt;xml-fragment/></con:setting></con:settings><con:encoding>UTF-8</con:encoding><con:endpoint>https://fidus.irisnetlab.be/services/ImportToRegondesService_v1.0</con:endpoint><con:request><![CDATA[<soapenv:Envelope xmlns:soapenv="http://schemas.xmlsoap.org/soap/envelope/" xmlns:v1="http://fidus.brussels/service/importtoregondesservice/messages/v1" xmlns:v11="http://fidus.brussels/type/common/messages/v1" xmlns:dos="http://www.minfin.fgov.be/regondes2/extern/taxservice/imports/dossier" xmlns:com="http://www.minfin.fgov.be/regondes2/extern/taxservice/common" >
    <soapenv:Header/>
    <soapenv:Body>
        <v1:exportDossierRequest>
            <v1:messageContext>
                <v11:messageId>${=import static java.util.UUID.randomUUID; uuid = randomUUID() as String}</v11:messageId>
                <v11:timestamp>${=new java.text.SimpleDateFormat("yyyy-MM-dd'T'HH:mm:ss.SSS").format(new Date())}</v11:timestamp>
            </v1:messageContext>
            <v1:legalContext>ServiceIntegrator</v1:legalContext>
            <v1:request>
                <dos:dossier>
                    <dos:language>FR</dos:language>
                    <dos:fiscalYear>2015</dos:fiscalYear>
                    <dos:initialService>
                        <com:technicalReference>11223344</com:technicalReference>
                        <com:type>AAF</com:type>				
                        <!-- the "REFERENCE" is used by the SPF Finance to create a new legal dispute on the
						SPF data base. To have a "success" as a response, you have to 
						change this parameter every request. -->
                        <com:reference>CF55571</com:reference>
                        <com:complaintType>MS</com:complaintType>
                        <com:registerArticle>1</com:registerArticle>
                        <com:dateInitialService>2017-01-10+01:00</com:dateInitialService>
                        <com:nameContact>PME047 Testuser</com:nameContact>
                        <com:emailContact>testuser.pme047@guest.minfin.fed.be</com:emailContact>
                        <com:remark>none</com:remark>
                    </dos:initialService>
                    <dos:patrimonyInformation>
                        <dos:cadastralDivisionCode>21819</dos:cadastralDivisionCode>
                        <dos:articleNumber>14831</dos:articleNumber>
                    </dos:patrimonyInformation>
                    <dos:submitter>
                        <dos:person>
                            <dos:persIDF>000006141843</dos:persIDF>
                            <dos:firstname>PATRICK</dos:firstname>
                            <dos:lastname>DEWANDELEER</dos:lastname>
                        </dos:person>
                        <dos:address>
                            <com:street>Rue du Maraîcher, 5</com:street>
                            <com:zipCode>1082</com:zipCode>
                            <com:place>Berchem-Sainte-Agathe</com:place>
                        </dos:address>
                    </dos:submitter>
                </dos:dossier>
            </v1:request>
        </v1:exportDossierRequest>
    </soapenv:Body>
</soapenv:Envelope>]]></con:request><con:credentials><con:selectedAuthProfile>Basic</con:selectedAuthProfile><con:addedBasicAuthenticationTypes>Basic</con:addedBasicAuthenticationTypes><con:authType>Global HTTP Settings</con:authType></con:credentials><con:jmsConfig JMSDeliveryMode="PERSISTENT"/><con:jmsPropertyConfig/><con:wsaConfig mustUnderstand="NONE" version="200508" action="http://fidus.brussels/services/importtoregondesservice/importDossier"/><con:wsrmConfig version="1.2"/></con:call></con:operation><con:operation id="9d3fc9a9-b4e3-4466-b6ef-14bcd63bb97b" isOneWay="false" action="http://fidus.brussels/services/importtoregondesservice/importSupplementaryInformation" name="exportSupplementaryInformation" bindingOperationName="exportSupplementaryInformation" type="Request-Response" inputName="" receivesAttachments="false" sendsAttachments="false" anonymous="optional"><con:settings/><con:call id="44683908-9ffa-45b6-b0fa-663495920bbd" name="1 - Local - Request - Success" incomingWss="Inflow DEV" outgoingWss="Outflow DEV"><con:settings><con:setting id="com.eviware.soapui.impl.wsdl.WsdlRequest@request-headers">&lt;xml-fragment/></con:setting></con:settings><con:encoding>UTF-8</con:encoding><con:endpoint>https://localhost:8243/services/ImportToRegondesService_v1.0</con:endpoint><con:request><![CDATA[<soapenv:Envelope xmlns:soapenv="http://schemas.xmlsoap.org/soap/envelope/" xmlns:v1="http://fidus.brussels/service/importtoregondesservice/messages/v1" xmlns:v11="http://fidus.brussels/type/common/messages/v1" xmlns:sup="http://www.minfin.fgov.be/regondes2/extern/taxservice/imports/supplementaryInformation" xmlns:com="http://www.minfin.fgov.be/regondes2/extern/taxservice/common">
    <soapenv:Header/>
    <soapenv:Body>
        <v1:exportSupplementaryInformationRequest>
            <v1:messageContext>
                <v11:messageId>${=import static java.util.UUID.randomUUID; uuid = randomUUID() as String}</v11:messageId>
                <v11:timestamp>${=new java.text.SimpleDateFormat("yyyy-MM-dd'T'HH:mm:ss.SSS").format(new Date())}</v11:timestamp>
            </v1:messageContext>
            <v1:legalContext>ServiceIntegrator</v1:legalContext>
            <v1:request>
                <sup:supplementaryInformation>
                    <sup:initialService>
                        <com:technicalReference>11223344</com:technicalReference>
                        <com:type>AAF</com:type>
                        <com:reference>CF55571</com:reference>
                    </sup:initialService>
                    <sup:attachment>
                        <com:fileName>166119.pdf</com:fileName>
                        <com:data>    1234   </com:data>
                    </sup:attachment>
                </sup:supplementaryInformation>
            </v1:request>
        </v1:exportSupplementaryInformationRequest>
    </soapenv:Body>
</soapenv:Envelope>]]></con:request><con:credentials><con:selectedAuthProfile>Basic</con:selectedAuthProfile><con:addedBasicAuthenticationTypes>Basic</con:addedBasicAuthenticationTypes><con:authType>Global HTTP Settings</con:authType></con:credentials><con:jmsConfig JMSDeliveryMode="PERSISTENT"/><con:jmsPropertyConfig/><con:wsaConfig mustUnderstand="NONE" version="200508" action="http://fidus.brussels/services/importtoregondesservice/importSupplementaryInformation"/><con:wsrmConfig version="1.2"/></con:call><con:call id="d922982a-b1be-486f-882a-485c8556e3d5" name="1 - Local - Request - Error" incomingWss="Inflow DEV" outgoingWss="Outflow DEV"><con:settings><con:setting id="com.eviware.soapui.impl.wsdl.WsdlRequest@request-headers">&lt;xml-fragment/></con:setting></con:settings><con:encoding>UTF-8</con:encoding><con:endpoint>https://localhost:8243/services/ImportToRegondesService_v1.0</con:endpoint><con:request><![CDATA[<soapenv:Envelope xmlns:soapenv="http://schemas.xmlsoap.org/soap/envelope/" xmlns:v1="http://fidus.brussels/service/importtoregondesservice/messages/v1" xmlns:v11="http://fidus.brussels/type/common/messages/v1" xmlns:sup="http://www.minfin.fgov.be/regondes2/extern/taxservice/imports/supplementaryInformation" xmlns:com="http://www.minfin.fgov.be/regondes2/extern/taxservice/common">
    <soapenv:Header/>
    <soapenv:Body>
        <v1:exportSupplementaryInformationRequest>
            <v1:messageContext>
                <v11:messageId>${=import static java.util.UUID.randomUUID; uuid = randomUUID() as String}</v11:messageId>
                <v11:timestamp>${=new java.text.SimpleDateFormat("yyyy-MM-dd'T'HH:mm:ss.SSS").format(new Date())}</v11:timestamp>
            </v1:messageContext>
            <v1:legalContext>ServiceIntegrator</v1:legalContext>
            <v1:request>
                <sup:supplementaryInformation>
                    <sup:initialService>
                        <com:technicalReference>11223344</com:technicalReference>
                        <com:type>AAF</com:type>
                        <com:reference>CF55571</com:reference>
                    </sup:initialService>
                    <sup:attachment>
                        <com:fileName>166119.pdf</com:fileName>
                        <com:data>    1234   </com:data>
                    </sup:attachment>
                </sup:supplementaryInformation>
            </v1:request>
        </v1:exportSupplementaryInformationRequest>
    </soapenv:Body>
</soapenv:Envelope>]]></con:request><con:credentials><con:selectedAuthProfile>Basic</con:selectedAuthProfile><con:addedBasicAuthenticationTypes>Basic</con:addedBasicAuthenticationTypes><con:authType>Global HTTP Settings</con:authType></con:credentials><con:jmsConfig JMSDeliveryMode="PERSISTENT"/><con:jmsPropertyConfig/><con:wsaConfig mustUnderstand="NONE" version="200508" action="http://fidus.brussels/services/importtoregondesservice/importSupplementaryInformation"/><con:wsrmConfig version="1.2"/></con:call><con:call id="2eb7e617-e0d8-4924-a9d9-4b5ca99727a2" name="2 - DEV - Request - Success" incomingWss="Inflow DEV" outgoingWss="Outflow DEV"><con:settings><con:setting id="com.eviware.soapui.impl.wsdl.WsdlRequest@request-headers">&lt;xml-fragment/></con:setting></con:settings><con:encoding>UTF-8</con:encoding><con:endpoint>https://192.168.36.61:8243/services/ImportToRegondesService_v1.0</con:endpoint><con:request><![CDATA[<soapenv:Envelope xmlns:soapenv="http://schemas.xmlsoap.org/soap/envelope/" xmlns:v1="http://fidus.brussels/service/importtoregondesservice/messages/v1" xmlns:v11="http://fidus.brussels/type/common/messages/v1" xmlns:sup="http://www.minfin.fgov.be/regondes2/extern/taxservice/imports/supplementaryInformation" xmlns:com="http://www.minfin.fgov.be/regondes2/extern/taxservice/common">
    <soapenv:Header/>
    <soapenv:Body>
        <v1:exportSupplementaryInformationRequest>
            <v1:messageContext>
                <v11:messageId>${=import static java.util.UUID.randomUUID; uuid = randomUUID() as String}</v11:messageId>
                <v11:timestamp>${=new java.text.SimpleDateFormat("yyyy-MM-dd'T'HH:mm:ss.SSS").format(new Date())}</v11:timestamp>
            </v1:messageContext>
            <v1:legalContext>ServiceIntegrator</v1:legalContext>
            <v1:request>
                <sup:supplementaryInformation>
                    <sup:initialService>
                        <com:technicalReference>11223344</com:technicalReference>
                        <com:type>AAF</com:type>
                        <com:reference>CF55571</com:reference>
                    </sup:initialService>
                    <sup:attachment>
                        <com:fileName>166119.pdf</com:fileName>
                        <com:data>    1234   </com:data>
                    </sup:attachment>
                </sup:supplementaryInformation>
            </v1:request>
        </v1:exportSupplementaryInformationRequest>
    </soapenv:Body>
</soapenv:Envelope>]]></con:request><con:credentials><con:selectedAuthProfile>Basic</con:selectedAuthProfile><con:addedBasicAuthenticationTypes>Basic</con:addedBasicAuthenticationTypes><con:authType>Global HTTP Settings</con:authType></con:credentials><con:jmsConfig JMSDeliveryMode="PERSISTENT"/><con:jmsPropertyConfig/><con:wsaConfig mustUnderstand="NONE" version="200508" action="http://fidus.brussels/services/importtoregondesservice/importSupplementaryInformation"/><con:wsrmConfig version="1.2"/></con:call><con:call id="cdd789a1-f80e-4d98-912c-d4519b7be9bf" name="2 - DEV - Request - Error" incomingWss="Inflow DEV" outgoingWss="Outflow DEV"><con:settings><con:setting id="com.eviware.soapui.impl.wsdl.WsdlRequest@request-headers">&lt;xml-fragment/></con:setting></con:settings><con:encoding>UTF-8</con:encoding><con:endpoint>https://192.168.36.61:8243/services/ImportToRegondesService_v1.0</con:endpoint><con:request><![CDATA[<soapenv:Envelope xmlns:soapenv="http://schemas.xmlsoap.org/soap/envelope/" xmlns:v1="http://fidus.brussels/service/importtoregondesservice/messages/v1" xmlns:v11="http://fidus.brussels/type/common/messages/v1" xmlns:sup="http://www.minfin.fgov.be/regondes2/extern/taxservice/imports/supplementaryInformation" xmlns:com="http://www.minfin.fgov.be/regondes2/extern/taxservice/common">
    <soapenv:Header/>
    <soapenv:Body>
        <v1:exportSupplementaryInformationRequest>
            <v1:messageContext>
                <v11:messageId>${=import static java.util.UUID.randomUUID; uuid = randomUUID() as String}</v11:messageId>
                <v11:timestamp>${=new java.text.SimpleDateFormat("yyyy-MM-dd'T'HH:mm:ss.SSS").format(new Date())}</v11:timestamp>
            </v1:messageContext>
            <v1:legalContext>ServiceIntegrator</v1:legalContext>
            <v1:request>
                <sup:supplementaryInformation>
                    <sup:initialService>
                        <com:technicalReference>11223344</com:technicalReference>
                        <com:type>AAF</com:type>
                        <com:reference>CF55571</com:reference>
                    </sup:initialService>
                    <sup:attachment>
                        <com:fileName>166119.pdf</com:fileName>
                        <com:data>    1234   </com:data>
                    </sup:attachment>
                </sup:supplementaryInformation>
            </v1:request>
        </v1:exportSupplementaryInformationRequest>
    </soapenv:Body>
</soapenv:Envelope>]]></con:request><con:credentials><con:selectedAuthProfile>Basic</con:selectedAuthProfile><con:addedBasicAuthenticationTypes>Basic</con:addedBasicAuthenticationTypes><con:authType>Global HTTP Settings</con:authType></con:credentials><con:jmsConfig JMSDeliveryMode="PERSISTENT"/><con:jmsPropertyConfig/><con:wsaConfig mustUnderstand="NONE" version="200508" action="http://fidus.brussels/services/importtoregondesservice/importSupplementaryInformation"/><con:wsrmConfig version="1.2"/></con:call><con:call id="e43a8ea3-4a6b-4013-a109-907a7eddb9e0" name="5 - Prod - Worker1 - Request" incomingWss="Inflow PROD" outgoingWss="Outflow PROD"><con:settings><con:setting id="com.eviware.soapui.impl.wsdl.WsdlRequest@request-headers">&lt;xml-fragment/></con:setting></con:settings><con:encoding>UTF-8</con:encoding><con:endpoint>https://192.168.26.22:8443/services/ImportToRegondesService_v1.0</con:endpoint><con:request><![CDATA[<soapenv:Envelope xmlns:soapenv="http://schemas.xmlsoap.org/soap/envelope/" xmlns:v1="http://fidus.brussels/service/importtoregondesservice/messages/v1" xmlns:v11="http://fidus.brussels/type/common/messages/v1" xmlns:sup="http://www.minfin.fgov.be/regondes2/extern/taxservice/imports/supplementaryInformation" xmlns:com="http://www.minfin.fgov.be/regondes2/extern/taxservice/common">
    <soapenv:Header/>
    <soapenv:Body>
        <v1:exportSupplementaryInformationRequest>
            <v1:messageContext>
                <v11:messageId>${=import static java.util.UUID.randomUUID; uuid = randomUUID() as String}</v11:messageId>
                <v11:timestamp>${=new java.text.SimpleDateFormat("yyyy-MM-dd'T'HH:mm:ss.SSS").format(new Date())}</v11:timestamp>
            </v1:messageContext>
            <v1:legalContext>ServiceIntegrator</v1:legalContext>
            <v1:request>
                <sup:supplementaryInformation>
                    <sup:initialService>
                        <com:technicalReference>11223344</com:technicalReference>
                        <com:type>AAF</com:type>
                        <com:reference>CF55571</com:reference>
                    </sup:initialService>
                    <sup:attachment>
                        <com:fileName>166119.pdf</com:fileName>
                        <com:data>    1234   </com:data>
                    </sup:attachment>
                </sup:supplementaryInformation>
            </v1:request>
        </v1:exportSupplementaryInformationRequest>
    </soapenv:Body>
</soapenv:Envelope>]]></con:request><con:credentials><con:selectedAuthProfile>Basic</con:selectedAuthProfile><con:addedBasicAuthenticationTypes>Basic</con:addedBasicAuthenticationTypes><con:authType>Global HTTP Settings</con:authType></con:credentials><con:jmsConfig JMSDeliveryMode="PERSISTENT"/><con:jmsPropertyConfig/><con:wsaConfig mustUnderstand="NONE" version="200508" action="http://fidus.brussels/services/importtoregondesservice/importSupplementaryInformation"/><con:wsrmConfig version="1.2"/></con:call><con:call id="3e828680-f1af-4485-b989-320194c99aaf" name="5 - Prod - Worker2 - Request" incomingWss="Inflow PROD" outgoingWss="Outflow PROD"><con:settings><con:setting id="com.eviware.soapui.impl.wsdl.WsdlRequest@request-headers">&lt;xml-fragment/></con:setting></con:settings><con:encoding>UTF-8</con:encoding><con:endpoint>https://192.168.26.19:8443/services/ImportToRegondesService_v1.0</con:endpoint><con:request><![CDATA[<soapenv:Envelope xmlns:soapenv="http://schemas.xmlsoap.org/soap/envelope/" xmlns:v1="http://fidus.brussels/service/importtoregondesservice/messages/v1" xmlns:v11="http://fidus.brussels/type/common/messages/v1" xmlns:sup="http://www.minfin.fgov.be/regondes2/extern/taxservice/imports/supplementaryInformation" xmlns:com="http://www.minfin.fgov.be/regondes2/extern/taxservice/common">
    <soapenv:Header/>
    <soapenv:Body>
        <v1:exportSupplementaryInformationRequest>
            <v1:messageContext>
                <v11:messageId>${=import static java.util.UUID.randomUUID; uuid = randomUUID() as String}</v11:messageId>
                <v11:timestamp>${=new java.text.SimpleDateFormat("yyyy-MM-dd'T'HH:mm:ss.SSS").format(new Date())}</v11:timestamp>
            </v1:messageContext>
            <v1:legalContext>ServiceIntegrator</v1:legalContext>
            <v1:request>
                <sup:supplementaryInformation>
                    <sup:initialService>
                        <com:technicalReference>11223344</com:technicalReference>
                        <com:type>AAF</com:type>
                        <com:reference>CF55571</com:reference>
                    </sup:initialService>
                    <sup:attachment>
                        <com:fileName>166119.pdf</com:fileName>
                        <com:data>    1234   </com:data>
                    </sup:attachment>
                </sup:supplementaryInformation>
            </v1:request>
        </v1:exportSupplementaryInformationRequest>
    </soapenv:Body>
</soapenv:Envelope>]]></con:request><con:credentials><con:selectedAuthProfile>Basic</con:selectedAuthProfile><con:addedBasicAuthenticationTypes>Basic</con:addedBasicAuthenticationTypes><con:authType>Global HTTP Settings</con:authType></con:credentials><con:jmsConfig JMSDeliveryMode="PERSISTENT"/><con:jmsPropertyConfig/><con:wsaConfig mustUnderstand="NONE" version="200508" action="http://fidus.brussels/services/importtoregondesservice/importSupplementaryInformation"/><con:wsrmConfig version="1.2"/></con:call><con:call id="13569ada-f5a2-4954-ba38-a5c6b4091d06" name="5 - Prod - LB - Request" incomingWss="Inflow PROD" outgoingWss="Outflow PROD"><con:settings><con:setting id="com.eviware.soapui.impl.wsdl.WsdlRequest@request-headers">&lt;xml-fragment/></con:setting></con:settings><con:encoding>UTF-8</con:encoding><con:endpoint>https://fidus-esb-sg.prd.srv.cirb.lan:8443/services/ImportToRegondesService_v1.0</con:endpoint><con:request><![CDATA[<soapenv:Envelope xmlns:soapenv="http://schemas.xmlsoap.org/soap/envelope/" xmlns:v1="http://fidus.brussels/service/importtoregondesservice/messages/v1" xmlns:v11="http://fidus.brussels/type/common/messages/v1" xmlns:sup="http://www.minfin.fgov.be/regondes2/extern/taxservice/imports/supplementaryInformation" xmlns:com="http://www.minfin.fgov.be/regondes2/extern/taxservice/common">
    <soapenv:Header/>
    <soapenv:Body>
        <v1:exportSupplementaryInformationRequest>
            <v1:messageContext>
                <v11:messageId>${=import static java.util.UUID.randomUUID; uuid = randomUUID() as String}</v11:messageId>
                <v11:timestamp>${=new java.text.SimpleDateFormat("yyyy-MM-dd'T'HH:mm:ss.SSS").format(new Date())}</v11:timestamp>
            </v1:messageContext>
            <v1:legalContext>ServiceIntegrator</v1:legalContext>
            <v1:request>
                <sup:supplementaryInformation>
                    <sup:initialService>
                        <com:technicalReference>11223344</com:technicalReference>
                        <com:type>AAF</com:type>
                        <com:reference>CF55571</com:reference>
                    </sup:initialService>
                    <sup:attachment>
                        <com:fileName>166119.pdf</com:fileName>
                        <com:data>    1234   </com:data>
                    </sup:attachment>
                </sup:supplementaryInformation>
            </v1:request>
        </v1:exportSupplementaryInformationRequest>
    </soapenv:Body>
</soapenv:Envelope>]]></con:request><con:credentials><con:selectedAuthProfile>Basic</con:selectedAuthProfile><con:addedBasicAuthenticationTypes>Basic</con:addedBasicAuthenticationTypes><con:authType>Global HTTP Settings</con:authType></con:credentials><con:jmsConfig JMSDeliveryMode="PERSISTENT"/><con:jmsPropertyConfig/><con:wsaConfig mustUnderstand="NONE" version="200508" action="http://fidus.brussels/services/importtoregondesservice/importSupplementaryInformation"/><con:wsrmConfig version="1.2"/></con:call><con:call id="2fb243ff-9e6c-44cc-9280-3b3e188af942" name="5 - Prod - External - Request" incomingWss="Inflow PROD" outgoingWss="Outflow PROD"><con:settings><con:setting id="com.eviware.soapui.impl.wsdl.WsdlRequest@request-headers">&lt;xml-fragment/></con:setting></con:settings><con:encoding>UTF-8</con:encoding><con:endpoint>https://fidus.sec.brussels/services/ImportToRegondesService_v1.0</con:endpoint><con:request><![CDATA[<soapenv:Envelope xmlns:soapenv="http://schemas.xmlsoap.org/soap/envelope/" xmlns:v1="http://fidus.brussels/service/importtoregondesservice/messages/v1" xmlns:v11="http://fidus.brussels/type/common/messages/v1" xmlns:sup="http://www.minfin.fgov.be/regondes2/extern/taxservice/imports/supplementaryInformation" xmlns:com="http://www.minfin.fgov.be/regondes2/extern/taxservice/common">
    <soapenv:Header/>
    <soapenv:Body>
        <v1:exportSupplementaryInformationRequest>
            <v1:messageContext>
                <v11:messageId>${=import static java.util.UUID.randomUUID; uuid = randomUUID() as String}</v11:messageId>
                <v11:timestamp>${=new java.text.SimpleDateFormat("yyyy-MM-dd'T'HH:mm:ss.SSS").format(new Date())}</v11:timestamp>
            </v1:messageContext>
            <v1:legalContext>ServiceIntegrator</v1:legalContext>
            <v1:request>
                <sup:supplementaryInformation>
                    <sup:initialService>
                        <com:technicalReference>11223344</com:technicalReference>
                        <com:type>AAF</com:type>
                        <com:reference>CF55571</com:reference>
                    </sup:initialService>
                    <sup:attachment>
                        <com:fileName>166119.pdf</com:fileName>
                        <com:data>    1234   </com:data>
                    </sup:attachment>
                </sup:supplementaryInformation>
            </v1:request>
        </v1:exportSupplementaryInformationRequest>
    </soapenv:Body>
</soapenv:Envelope>]]></con:request><con:credentials><con:selectedAuthProfile>Basic</con:selectedAuthProfile><con:addedBasicAuthenticationTypes>Basic</con:addedBasicAuthenticationTypes><con:authType>Global HTTP Settings</con:authType></con:credentials><con:jmsConfig JMSDeliveryMode="PERSISTENT"/><con:jmsPropertyConfig/><con:wsaConfig mustUnderstand="NONE" version="200508" action="http://fidus.brussels/services/importtoregondesservice/importSupplementaryInformation"/><con:wsrmConfig version="1.2"/></con:call><con:call id="df06b9fb-281f-4657-a8f6-50a82c9136fa" name="4 - Staging - Worker2 - Request" incomingWss="Inflow STAGING" outgoingWss="Outflow STAGING"><con:settings><con:setting id="com.eviware.soapui.impl.wsdl.WsdlRequest@request-headers">&lt;xml-fragment/></con:setting></con:settings><con:encoding>UTF-8</con:encoding><con:endpoint>https://192.168.24.17:8443/services/ImportToRegondesService_v1.0</con:endpoint><con:request><![CDATA[<soapenv:Envelope xmlns:soapenv="http://schemas.xmlsoap.org/soap/envelope/" xmlns:v1="http://fidus.brussels/service/importtoregondesservice/messages/v1" xmlns:v11="http://fidus.brussels/type/common/messages/v1" xmlns:sup="http://www.minfin.fgov.be/regondes2/extern/taxservice/imports/supplementaryInformation" xmlns:com="http://www.minfin.fgov.be/regondes2/extern/taxservice/common">
    <soapenv:Header/>
    <soapenv:Body>
        <v1:exportSupplementaryInformationRequest>
            <v1:messageContext>
                <v11:messageId>${=import static java.util.UUID.randomUUID; uuid = randomUUID() as String}</v11:messageId>
                <v11:timestamp>${=new java.text.SimpleDateFormat("yyyy-MM-dd'T'HH:mm:ss.SSS").format(new Date())}</v11:timestamp>
            </v1:messageContext>
            <v1:legalContext>ServiceIntegrator</v1:legalContext>
            <v1:request>
                <sup:supplementaryInformation>
                    <sup:initialService>
                        <com:technicalReference>11223344</com:technicalReference>
                        <com:type>AAF</com:type>
                        <com:reference>CF55571</com:reference>
                    </sup:initialService>
                    <sup:attachment>
                        <com:fileName>166119.pdf</com:fileName>
                        <com:data>    1234   </com:data>
                    </sup:attachment>
                </sup:supplementaryInformation>
            </v1:request>
        </v1:exportSupplementaryInformationRequest>
    </soapenv:Body>
</soapenv:Envelope>]]></con:request><con:credentials><con:selectedAuthProfile>Basic</con:selectedAuthProfile><con:addedBasicAuthenticationTypes>Basic</con:addedBasicAuthenticationTypes><con:authType>Global HTTP Settings</con:authType></con:credentials><con:jmsConfig JMSDeliveryMode="PERSISTENT"/><con:jmsPropertyConfig/><con:wsaConfig mustUnderstand="NONE" version="200508" action="http://fidus.brussels/services/importtoregondesservice/importSupplementaryInformation"/><con:wsrmConfig version="1.2"/></con:call><con:call id="1f329917-c89b-4e7c-963a-28adc73c1b34" name="4 - Staging - Worker1 - Request" incomingWss="Inflow STAGING" outgoingWss="Outflow STAGING"><con:settings><con:setting id="com.eviware.soapui.impl.wsdl.WsdlRequest@request-headers">&lt;xml-fragment/></con:setting></con:settings><con:encoding>UTF-8</con:encoding><con:endpoint>https://192.168.24.16:8443/services/ImportToRegondesService_v1.0</con:endpoint><con:request><![CDATA[<soapenv:Envelope xmlns:soapenv="http://schemas.xmlsoap.org/soap/envelope/" xmlns:v1="http://fidus.brussels/service/importtoregondesservice/messages/v1" xmlns:v11="http://fidus.brussels/type/common/messages/v1" xmlns:sup="http://www.minfin.fgov.be/regondes2/extern/taxservice/imports/supplementaryInformation" xmlns:com="http://www.minfin.fgov.be/regondes2/extern/taxservice/common">
    <soapenv:Header/>
    <soapenv:Body>
        <v1:exportSupplementaryInformationRequest>
            <v1:messageContext>
                <v11:messageId>${=import static java.util.UUID.randomUUID; uuid = randomUUID() as String}</v11:messageId>
                <v11:timestamp>${=new java.text.SimpleDateFormat("yyyy-MM-dd'T'HH:mm:ss.SSS").format(new Date())}</v11:timestamp>
            </v1:messageContext>
            <v1:legalContext>ServiceIntegrator</v1:legalContext>
            <v1:request>
                <sup:supplementaryInformation>
                    <sup:initialService>
                        <com:technicalReference>11223344</com:technicalReference>
                        <com:type>AAF</com:type>
                        <com:reference>CF55571</com:reference>
                    </sup:initialService>
                    <sup:attachment>
                        <com:fileName>166119.pdf</com:fileName>
                        <com:data>    1234   </com:data>
                    </sup:attachment>
                </sup:supplementaryInformation>
            </v1:request>
        </v1:exportSupplementaryInformationRequest>
    </soapenv:Body>
</soapenv:Envelope>]]></con:request><con:credentials><con:selectedAuthProfile>Basic</con:selectedAuthProfile><con:addedBasicAuthenticationTypes>Basic</con:addedBasicAuthenticationTypes><con:authType>Global HTTP Settings</con:authType></con:credentials><con:jmsConfig JMSDeliveryMode="PERSISTENT"/><con:jmsPropertyConfig/><con:wsaConfig mustUnderstand="NONE" version="200508" action="http://fidus.brussels/services/importtoregondesservice/importSupplementaryInformation"/><con:wsrmConfig version="1.2"/></con:call><con:call id="2dc5dc3f-0d25-4b7f-9a0e-f4860bb0ba7a" name="4 - Staging - LB - Request" incomingWss="Inflow STAGING" outgoingWss="Outflow STAGING"><con:settings><con:setting id="com.eviware.soapui.impl.wsdl.WsdlRequest@request-headers">&lt;xml-fragment/></con:setting></con:settings><con:encoding>UTF-8</con:encoding><con:endpoint>https://fidus-esb-sg.sta.srv.cirb.lan:8443/services/ImportToRegondesService_v1.0</con:endpoint><con:request><![CDATA[<soapenv:Envelope xmlns:soapenv="http://schemas.xmlsoap.org/soap/envelope/" xmlns:v1="http://fidus.brussels/service/importtoregondesservice/messages/v1" xmlns:v11="http://fidus.brussels/type/common/messages/v1" xmlns:sup="http://www.minfin.fgov.be/regondes2/extern/taxservice/imports/supplementaryInformation" xmlns:com="http://www.minfin.fgov.be/regondes2/extern/taxservice/common">
    <soapenv:Header/>
    <soapenv:Body>
        <v1:exportSupplementaryInformationRequest>
            <v1:messageContext>
                <v11:messageId>${=import static java.util.UUID.randomUUID; uuid = randomUUID() as String}</v11:messageId>
                <v11:timestamp>${=new java.text.SimpleDateFormat("yyyy-MM-dd'T'HH:mm:ss.SSS").format(new Date())}</v11:timestamp>
            </v1:messageContext>
            <v1:legalContext>ServiceIntegrator</v1:legalContext>
            <v1:request>
                <sup:supplementaryInformation>
                    <sup:initialService>
                        <com:technicalReference>11223344</com:technicalReference>
                        <com:type>AAF</com:type>
                        <com:reference>CF55571</com:reference>
                    </sup:initialService>
                    <sup:attachment>
                        <com:fileName>166119.pdf</com:fileName>
                        <com:data>    1234   </com:data>
                    </sup:attachment>
                </sup:supplementaryInformation>
            </v1:request>
        </v1:exportSupplementaryInformationRequest>
    </soapenv:Body>
</soapenv:Envelope>]]></con:request><con:credentials><con:selectedAuthProfile>Basic</con:selectedAuthProfile><con:addedBasicAuthenticationTypes>Basic</con:addedBasicAuthenticationTypes><con:authType>Global HTTP Settings</con:authType></con:credentials><con:jmsConfig JMSDeliveryMode="PERSISTENT"/><con:jmsPropertyConfig/><con:wsaConfig mustUnderstand="NONE" version="200508" action="http://fidus.brussels/services/importtoregondesservice/importSupplementaryInformation"/><con:wsrmConfig version="1.2"/></con:call><con:call id="9e7ad4d4-8e07-4910-b733-914f547cf78c" name="3 - Test - Worker2 - Request" incomingWss="Inflow TEST" outgoingWss="Outflow TEST"><con:settings><con:setting id="com.eviware.soapui.impl.wsdl.WsdlRequest@request-headers">&lt;xml-fragment/></con:setting></con:settings><con:encoding>UTF-8</con:encoding><con:endpoint>https://192.168.22.54:8443/services/ImportToRegondesService_v1.0</con:endpoint><con:request><![CDATA[<soapenv:Envelope xmlns:soapenv="http://schemas.xmlsoap.org/soap/envelope/" xmlns:v1="http://fidus.brussels/service/importtoregondesservice/messages/v1" xmlns:v11="http://fidus.brussels/type/common/messages/v1" xmlns:sup="http://www.minfin.fgov.be/regondes2/extern/taxservice/imports/supplementaryInformation" xmlns:com="http://www.minfin.fgov.be/regondes2/extern/taxservice/common">
    <soapenv:Header/>
    <soapenv:Body>
        <v1:exportSupplementaryInformationRequest>
            <v1:messageContext>
                <v11:messageId>${=import static java.util.UUID.randomUUID; uuid = randomUUID() as String}</v11:messageId>
                <v11:timestamp>${=new java.text.SimpleDateFormat("yyyy-MM-dd'T'HH:mm:ss.SSS").format(new Date())}</v11:timestamp>
            </v1:messageContext>
            <v1:legalContext>ServiceIntegrator</v1:legalContext>
            <v1:request>
                <sup:supplementaryInformation>
                    <sup:initialService>
                        <com:technicalReference>11223344</com:technicalReference>
                        <com:type>AAF</com:type>
                        <com:reference>CF55571</com:reference>
                    </sup:initialService>
                    <sup:attachment>
                        <com:fileName>166119.pdf</com:fileName>
                        <com:data>    1234   </com:data>
                    </sup:attachment>
                </sup:supplementaryInformation>
            </v1:request>
        </v1:exportSupplementaryInformationRequest>
    </soapenv:Body>
</soapenv:Envelope>]]></con:request><con:credentials><con:selectedAuthProfile>Basic</con:selectedAuthProfile><con:addedBasicAuthenticationTypes>Basic</con:addedBasicAuthenticationTypes><con:authType>Global HTTP Settings</con:authType></con:credentials><con:jmsConfig JMSDeliveryMode="PERSISTENT"/><con:jmsPropertyConfig/><con:wsaConfig mustUnderstand="NONE" version="200508" action="http://fidus.brussels/services/importtoregondesservice/importSupplementaryInformation"/><con:wsrmConfig version="1.2"/></con:call><con:call id="1a871a8e-d168-4bd4-9c35-abb086a59a83" name="3 - Test - Worker1 - Request" incomingWss="Inflow TEST" outgoingWss="Outflow TEST"><con:settings><con:setting id="com.eviware.soapui.impl.wsdl.WsdlRequest@request-headers">&lt;xml-fragment/></con:setting></con:settings><con:encoding>UTF-8</con:encoding><con:endpoint>https://192.168.22.53:8443/services/ImportToRegondesService_v1.0</con:endpoint><con:request><![CDATA[<soapenv:Envelope xmlns:soapenv="http://schemas.xmlsoap.org/soap/envelope/" xmlns:v1="http://fidus.brussels/service/importtoregondesservice/messages/v1" xmlns:v11="http://fidus.brussels/type/common/messages/v1" xmlns:sup="http://www.minfin.fgov.be/regondes2/extern/taxservice/imports/supplementaryInformation" xmlns:com="http://www.minfin.fgov.be/regondes2/extern/taxservice/common">
    <soapenv:Header/>
    <soapenv:Body>
        <v1:exportSupplementaryInformationRequest>
            <v1:messageContext>
                <v11:messageId>${=import static java.util.UUID.randomUUID; uuid = randomUUID() as String}</v11:messageId>
                <v11:timestamp>${=new java.text.SimpleDateFormat("yyyy-MM-dd'T'HH:mm:ss.SSS").format(new Date())}</v11:timestamp>
            </v1:messageContext>
            <v1:legalContext>ServiceIntegrator</v1:legalContext>
            <v1:request>
                <sup:supplementaryInformation>
                    <sup:initialService>
                        <com:technicalReference>11223344</com:technicalReference>
                        <com:type>AAF</com:type>
                        <com:reference>CF55571</com:reference>
                    </sup:initialService>
                    <sup:attachment>
                        <com:fileName>166119.pdf</com:fileName>
                        <com:data>    1234   </com:data>
                    </sup:attachment>
                </sup:supplementaryInformation>
            </v1:request>
        </v1:exportSupplementaryInformationRequest>
    </soapenv:Body>
</soapenv:Envelope>]]></con:request><con:credentials><con:selectedAuthProfile>Basic</con:selectedAuthProfile><con:addedBasicAuthenticationTypes>Basic</con:addedBasicAuthenticationTypes><con:authType>Global HTTP Settings</con:authType></con:credentials><con:jmsConfig JMSDeliveryMode="PERSISTENT"/><con:jmsPropertyConfig/><con:wsaConfig mustUnderstand="NONE" version="200508" action="http://fidus.brussels/services/importtoregondesservice/importSupplementaryInformation"/><con:wsrmConfig version="1.2"/></con:call><con:call id="97f42bbe-1a75-4f5f-8ddd-bacd7b018972" name="3 - Test - LB - Request" incomingWss="Inflow TEST" outgoingWss="Outflow TEST"><con:settings><con:setting id="com.eviware.soapui.impl.wsdl.WsdlRequest@request-headers">&lt;xml-fragment/></con:setting></con:settings><con:encoding>UTF-8</con:encoding><con:endpoint>https://esb-security-gw.sta.srv.cirb.lan:8443/services/ImportToRegondesService_v1.0</con:endpoint><con:request><![CDATA[<soapenv:Envelope xmlns:soapenv="http://schemas.xmlsoap.org/soap/envelope/" xmlns:v1="http://fidus.brussels/service/importtoregondesservice/messages/v1" xmlns:v11="http://fidus.brussels/type/common/messages/v1" xmlns:sup="http://www.minfin.fgov.be/regondes2/extern/taxservice/imports/supplementaryInformation" xmlns:com="http://www.minfin.fgov.be/regondes2/extern/taxservice/common">
    <soapenv:Header/>
    <soapenv:Body>
        <v1:exportSupplementaryInformationRequest>
            <v1:messageContext>
                <v11:messageId>${=import static java.util.UUID.randomUUID; uuid = randomUUID() as String}</v11:messageId>
                <v11:timestamp>${=new java.text.SimpleDateFormat("yyyy-MM-dd'T'HH:mm:ss.SSS").format(new Date())}</v11:timestamp>
            </v1:messageContext>
            <v1:legalContext>ServiceIntegrator</v1:legalContext>
            <v1:request>
                <sup:supplementaryInformation>
                    <sup:initialService>
                        <com:technicalReference>11223344</com:technicalReference>
                        <com:type>AAF</com:type>
                        <com:reference>CF55571</com:reference>
                    </sup:initialService>
                    <sup:attachment>
                        <com:fileName>166119.pdf</com:fileName>
                        <com:data>    1234   </com:data>
                    </sup:attachment>
                </sup:supplementaryInformation>
            </v1:request>
        </v1:exportSupplementaryInformationRequest>
    </soapenv:Body>
</soapenv:Envelope>]]></con:request><con:credentials><con:selectedAuthProfile>Basic</con:selectedAuthProfile><con:addedBasicAuthenticationTypes>Basic</con:addedBasicAuthenticationTypes><con:authType>Global HTTP Settings</con:authType></con:credentials><con:jmsConfig JMSDeliveryMode="PERSISTENT"/><con:jmsPropertyConfig/><con:wsaConfig mustUnderstand="NONE" version="200508" action="http://fidus.brussels/services/importtoregondesservice/importSupplementaryInformation"/><con:wsrmConfig version="1.2"/></con:call><con:call id="2605070c-4719-40ec-bb20-283c90ced277" name="3 - Test - External - Request" incomingWss="Inflow TEST" outgoingWss="Outflow TEST"><con:settings><con:setting id="com.eviware.soapui.impl.wsdl.WsdlRequest@request-headers">&lt;xml-fragment/></con:setting></con:settings><con:encoding>UTF-8</con:encoding><con:endpoint>https://fidus-test.irisnetlab.be/services/ImportToRegondesService_v1.0</con:endpoint><con:request><![CDATA[<soapenv:Envelope xmlns:soapenv="http://schemas.xmlsoap.org/soap/envelope/" xmlns:v1="http://fidus.brussels/service/importtoregondesservice/messages/v1" xmlns:v11="http://fidus.brussels/type/common/messages/v1" xmlns:sup="http://www.minfin.fgov.be/regondes2/extern/taxservice/imports/supplementaryInformation" xmlns:com="http://www.minfin.fgov.be/regondes2/extern/taxservice/common">
    <soapenv:Header/>
    <soapenv:Body>
        <v1:exportSupplementaryInformationRequest>
            <v1:messageContext>
                <v11:messageId>${=import static java.util.UUID.randomUUID; uuid = randomUUID() as String}</v11:messageId>
                <v11:timestamp>${=new java.text.SimpleDateFormat("yyyy-MM-dd'T'HH:mm:ss.SSS").format(new Date())}</v11:timestamp>
            </v1:messageContext>
            <v1:legalContext>ServiceIntegrator</v1:legalContext>
            <v1:request>
                <sup:supplementaryInformation>
                    <sup:initialService>
                        <com:technicalReference>11223344</com:technicalReference>
                        <com:type>AAF</com:type>
                        <com:reference>CF53571</com:reference>
                    </sup:initialService>
                    <sup:attachment>
                        <com:fileName>166119.pdf</com:fileName>
                        <com:data>    1234   </com:data>
                    </sup:attachment>
                </sup:supplementaryInformation>
            </v1:request>
        </v1:exportSupplementaryInformationRequest>
    </soapenv:Body>
</soapenv:Envelope>]]></con:request><con:credentials><con:selectedAuthProfile>Basic</con:selectedAuthProfile><con:addedBasicAuthenticationTypes>Basic</con:addedBasicAuthenticationTypes><con:authType>Global HTTP Settings</con:authType></con:credentials><con:jmsConfig JMSDeliveryMode="PERSISTENT"/><con:jmsPropertyConfig/><con:wsaConfig mustUnderstand="NONE" version="200508" action="http://fidus.brussels/services/importtoregondesservice/importSupplementaryInformation"/><con:wsrmConfig version="1.2"/></con:call><con:call id="476e6354-24b4-42cf-a474-0929d1915c84" name="4 - Staging - External - Request" incomingWss="Inflow STAGING" outgoingWss="Outflow STAGING"><con:settings><con:setting id="com.eviware.soapui.impl.wsdl.WsdlRequest@request-headers">&lt;xml-fragment/></con:setting></con:settings><con:encoding>UTF-8</con:encoding><con:endpoint>https://fidus.irisnetlab.be/services/ImportToRegondesService_v1.0</con:endpoint><con:request><![CDATA[<soapenv:Envelope xmlns:soapenv="http://schemas.xmlsoap.org/soap/envelope/" xmlns:v1="http://fidus.brussels/service/importtoregondesservice/messages/v1" xmlns:v11="http://fidus.brussels/type/common/messages/v1" xmlns:sup="http://www.minfin.fgov.be/regondes2/extern/taxservice/imports/supplementaryInformation" xmlns:com="http://www.minfin.fgov.be/regondes2/extern/taxservice/common">
    <soapenv:Header/>
    <soapenv:Body>
        <v1:exportSupplementaryInformationRequest>
            <v1:messageContext>
                <v11:messageId>${=import static java.util.UUID.randomUUID; uuid = randomUUID() as String}</v11:messageId>
                <v11:timestamp>${=new java.text.SimpleDateFormat("yyyy-MM-dd'T'HH:mm:ss.SSS").format(new Date())}</v11:timestamp>
            </v1:messageContext>
            <v1:legalContext>ServiceIntegrator</v1:legalContext>
            <v1:request>
                <sup:supplementaryInformation>
                    <sup:initialService>
                        <com:technicalReference>11223344</com:technicalReference>
                        <com:type>AAF</com:type>
                        <com:reference>CF55571</com:reference>
                    </sup:initialService>
                    <sup:attachment>
                        <com:fileName>166119.pdf</com:fileName>
                        <com:data>    1234   </com:data>
                    </sup:attachment>
                </sup:supplementaryInformation>
            </v1:request>
        </v1:exportSupplementaryInformationRequest>
    </soapenv:Body>
</soapenv:Envelope>]]></con:request><con:credentials><con:selectedAuthProfile>Basic</con:selectedAuthProfile><con:addedBasicAuthenticationTypes>Basic</con:addedBasicAuthenticationTypes><con:authType>Global HTTP Settings</con:authType></con:credentials><con:jmsConfig JMSDeliveryMode="PERSISTENT"/><con:jmsPropertyConfig/><con:wsaConfig mustUnderstand="NONE" version="200508" action="http://fidus.brussels/services/importtoregondesservice/importSupplementaryInformation"/><con:wsrmConfig version="1.2"/></con:call></con:operation></con:interface><con:testSuite id="df03f2c4-5dbc-4bd7-86f3-2bbb505c08d9" name="DEV"><con:settings/><con:runType>SEQUENTIAL</con:runType><con:testCase id="b262c291-a32a-4fe0-9a4b-8364d31a43b6" failOnError="true" failTestCaseOnErrors="true" keepSession="false" maxResults="0" name="closedDossier" searchProperties="true"><con:settings/><con:testStep type="request" id="463eba7c-c18b-406f-a457-2fba994ad780" name="testcase2 - Dev - Request - Success"><con:settings/><con:config xsi:type="con:RequestStep" xmlns:xsi="http://www.w3.org/2001/XMLSchema-instance"><con:interface>ExportFromRegondesServiceHTTPBinding</con:interface><con:operation>closedDossier</con:operation><con:request name="testcase2 - Dev - Request - Success" id="f6ceea38-d096-4751-a320-ebae7d8915d8" outgoingWss="Outflow DEV"><con:settings/><con:encoding>UTF-8</con:encoding><con:endpoint>https://192.168.36.61:8243/services/ExportFromRegondesService_v1.0</con:endpoint><con:request><![CDATA[<soapenv:Envelope xmlns:soapenv="http://schemas.xmlsoap.org/soap/envelope/" xmlns:v1="http://fidus.brussels/service/exportfromregondesservice/messages/v1" xmlns:v11="http://fidus.brussels/type/common/messages/v1" xmlns:clos="http://www.minfin.fgov.be/regondes2/extern/taxservice/exports/closedDossiers" xmlns:com="http://www.minfin.fgov.be/regondes2/extern/taxservice/common">
   <soapenv:Header/>
   <soapenv:Body>
      <v1:closedDossierRequest>
         <v1:messageContext>
            <v11:messageId>${=import static java.util.UUID.randomUUID; uuid = randomUUID() as String}</v11:messageId>
            <v11:timestamp>${=new java.text.SimpleDateFormat("yyyy-MM-dd'T'HH:mm:ss.SSS").format(new Date())}</v11:timestamp>
         </v1:messageContext>
         <v1:legalContext>ServiceIntegrator</v1:legalContext>
         <v1:request>
            <clos:closedDossier> 
               <clos:referenceFodFin>11223344</clos:referenceFodFin>
               <clos:fiscalYear>2017</clos:fiscalYear>
               <clos:initialService>
                  <com:technicalReference>technicalReference</com:technicalReference>
                  <com:type>AAF</com:type>
                  <clos:reference>reference</clos:reference>
               </clos:initialService>
               <clos:patrimonyInformation>
                  <clos:typeDossier>AA</clos:typeDossier>
                  <clos:patrimonyFrom>${=new java.text.SimpleDateFormat("yyyy-MM-dd").format(new Date())}</clos:patrimonyFrom>
                  <clos:patrimonyRef>1</clos:patrimonyRef>
                  <clos:cadastralDivisionCode>YYY</clos:cadastralDivisionCode>
                  <clos:articleNumber>51</clos:articleNumber>
               </clos:patrimonyInformation>
               <clos:report>
                  <clos:type>S</clos:type>
                  <clos:subtype>subtype</clos:subtype>
                  <clos:kind>INITIAL</clos:kind>
                  <clos:cadastralIncome>
                     <com:codeCadastralIncome>a</com:codeCadastralIncome>
                     <com:definitiveCadastralIncome>12</com:definitiveCadastralIncome>
                     <com:dateDefinitive>${=new java.text.SimpleDateFormat("yyyy-MM-dd").format(new Date())}</com:dateDefinitive>
                     <com:reasonDefinitive>my reason</com:reasonDefinitive>
                  </clos:cadastralIncome>
                  <clos:date>${=new java.text.SimpleDateFormat("yyyy-MM-dd").format(new Date())}</clos:date>
                  <clos:motivation>No motivation</clos:motivation>
                  <!--0 to 99 repetitions:-->
                  <clos:newState>
                     <!--1 to 999 repetitions:-->
                     <clos:parcel>
                        <clos:parcelNumber>
                           <clos:section>55254</clos:section>
                           <clos:groundNumber>9555</clos:groundNumber>
                           <clos:bisNumber>2525</clos:bisNumber>
                           <clos:exponent>1414</clos:exponent>
                           <clos:power>me</clos:power>
                           <clos:part>4</clos:part>
                        </clos:parcelNumber>
                        <clos:situation>invalid</clos:situation>
                        <clos:kind>no</clos:kind>
                        <clos:details>test</clos:details>
                        <!--You have a CHOICE of the next 2 items at this level-->
                        <clos:articleNumber>1141</clos:articleNumber>
                        <clos:sequenceNumber>3215</clos:sequenceNumber>
                        <!--0 to 99 repetitions:-->
                        <clos:cadastralInformation>
                           <clos:codeCadastralIncome>12</clos:codeCadastralIncome>
                           <clos:cadastralIncome>12</clos:cadastralIncome>
                           <clos:cadastralIncomePart>42</clos:cadastralIncomePart>
                           <clos:exemption>52</clos:exemption>
                           <clos:daysUnfruitful>5</clos:daysUnfruitful>
                        </clos:cadastralInformation>
                     </clos:parcel>
                     <!--1 to 999 repetitions:-->
                     <clos:owner>
                        <!--You have a CHOICE of the next 2 items at this level-->
                        <clos:person>
                           <!--You have a CHOICE of the next 3 items at this level-->
                           <clos:socialSecurityNumber>125</clos:socialSecurityNumber>
                           <clos:lastname>baptiste</clos:lastname>
                        </clos:person>
                        <clos:rights>Admin</clos:rights>
                        <clos:ownerType>LEGAL_PERSON</clos:ownerType>
                     </clos:owner>
                  </clos:newState>
               </clos:report>
               <!--0 to 99 repetitions:-->
               <clos:linkedDossier>
                  <clos:referenceInitialService>referenceInitialService</clos:referenceInitialService>
                  <clos:referenceFodFin>15</clos:referenceFodFin>
               </clos:linkedDossier>
               <!--0 to 99 repetitions:-->
               <clos:attachment>
                  <com:fileName>cirb</com:fileName>
                  <com:data>    1234   </com:data>
               </clos:attachment>
            </clos:closedDossier>
         </v1:request>
      </v1:closedDossierRequest>
   </soapenv:Body>
</soapenv:Envelope>]]></con:request><con:assertion type="SOAP Fault Assertion" id="9d5172e3-aced-49ad-8630-db3d94170069" name="Not SOAP Fault"/><con:assertion type="SOAP Response" id="42f03cdd-02dd-403e-a7ce-79904556c088" name="SOAP Response"/><con:assertion type="Schema Compliance" id="8164cce6-0f11-4b4c-ac59-2645dc252016" name="Schema Compliance"><con:configuration/></con:assertion><con:wsaConfig action="http://fidus.brussels/services/exportfromregondesservice/closedDossier"/></con:request></con:config></con:testStep><con:testStep type="request" id="a80b0dc8-e555-4efc-9a04-8159865d275b" name="testcase2 - Dev - Request - Error"><con:settings/><con:config xsi:type="con:RequestStep" xmlns:xsi="http://www.w3.org/2001/XMLSchema-instance"><con:interface>ExportFromRegondesServiceHTTPBinding</con:interface><con:operation>closedDossier</con:operation><con:request name="testcase2 - Dev - Request - Error" id="98bca7db-fa78-4272-bfd1-e6ebea666ac0" outgoingWss="Outflow DEV"><con:settings/><con:encoding>UTF-8</con:encoding><con:endpoint>https://192.168.36.61:8243/services/ExportFromRegondesService_v1.0</con:endpoint><con:request><![CDATA[<soapenv:Envelope xmlns:soapenv="http://schemas.xmlsoap.org/soap/envelope/" xmlns:v1="http://fidus.brussels/service/exportfromregondesservice/messages/v1" xmlns:v11="http://fidus.brussels/type/common/messages/v1" xmlns:clos="http://www.minfin.fgov.be/regondes2/extern/taxservice/exports/closedDossiers" xmlns:com="http://www.minfin.fgov.be/regondes2/extern/taxservice/common">
   <soapenv:Header/>
   <soapenv:Body>
      <v1:closedDossierRequest>
         <v1:messageContext>
            <v11:messageId>${=import static java.util.UUID.randomUUID; uuid = randomUUID() as String}</v11:messageId>
            <v11:timestamp>${=new java.text.SimpleDateFormat("yyyy-MM-dd'T'HH:mm:ss.SSS").format(new Date())}</v11:timestamp>
         </v1:messageContext>
         <v1:legalContext>ServiceIntegrator</v1:legalContext>
         <v1:request>
            <clos:closedDossier>
            	<!-- <clos:referenceFodFin>11223347</clos:referenceFodFin> --> <!-- Technical reference not found -->
               <!-- <clos:referenceFodFin>11223346</clos:referenceFodFin> --> <!-- Reference not found -->  
               <clos:referenceFodFin>11223345</clos:referenceFodFin> <!-- Requested dossier is already close -->
               <clos:fiscalYear>2017</clos:fiscalYear>
               <clos:initialService>
                  <com:technicalReference>technicalReference</com:technicalReference>
                  <com:type>AAF</com:type>
                  <clos:reference>reference</clos:reference>
               </clos:initialService>
               <clos:patrimonyInformation>
                  <clos:typeDossier>AA</clos:typeDossier>
                  <clos:patrimonyFrom>${=new java.text.SimpleDateFormat("yyyy-MM-dd").format(new Date())}</clos:patrimonyFrom>
                  <clos:patrimonyRef>1</clos:patrimonyRef>
                  <clos:cadastralDivisionCode>YYY</clos:cadastralDivisionCode>
                  <clos:articleNumber>51</clos:articleNumber>
               </clos:patrimonyInformation>
               <clos:report>
                  <clos:type>S</clos:type>
                  <clos:subtype>subtype</clos:subtype>
                  <clos:kind>INITIAL</clos:kind>
                  <clos:cadastralIncome>
                     <com:codeCadastralIncome>a</com:codeCadastralIncome>
                     <com:definitiveCadastralIncome>12</com:definitiveCadastralIncome>
                     <com:dateDefinitive>${=new java.text.SimpleDateFormat("yyyy-MM-dd").format(new Date())}</com:dateDefinitive>
                     <com:reasonDefinitive>my reason</com:reasonDefinitive>
                  </clos:cadastralIncome>
                  <clos:date>${=new java.text.SimpleDateFormat("yyyy-MM-dd").format(new Date())}</clos:date>
                  <clos:motivation>No motivation</clos:motivation>
                  <!--0 to 99 repetitions:-->
                  <clos:newState>
                     <!--1 to 999 repetitions:-->
                     <clos:parcel>
                        <clos:parcelNumber>
                           <clos:section>55254</clos:section>
                           <clos:groundNumber>9555</clos:groundNumber>
                           <clos:bisNumber>2525</clos:bisNumber>
                           <clos:exponent>1414</clos:exponent>
                           <clos:power>me</clos:power>
                           <clos:part>4</clos:part>
                        </clos:parcelNumber>
                        <clos:situation>invalid</clos:situation>
                        <clos:kind>no</clos:kind>
                        <clos:details>test</clos:details>
                        <!--You have a CHOICE of the next 2 items at this level-->
                        <clos:articleNumber>1141</clos:articleNumber>
                        <clos:sequenceNumber>3215</clos:sequenceNumber>
                        <!--0 to 99 repetitions:-->
                        <clos:cadastralInformation>
                           <clos:codeCadastralIncome>12</clos:codeCadastralIncome>
                           <clos:cadastralIncome>12</clos:cadastralIncome>
                           <clos:cadastralIncomePart>42</clos:cadastralIncomePart>
                           <clos:exemption>52</clos:exemption>
                           <clos:daysUnfruitful>5</clos:daysUnfruitful>
                        </clos:cadastralInformation>
                     </clos:parcel>
                     <!--1 to 999 repetitions:-->
                     <clos:owner>
                        <!--You have a CHOICE of the next 2 items at this level-->
                        <clos:person>
                           <!--You have a CHOICE of the next 3 items at this level-->
                           <clos:socialSecurityNumber>125</clos:socialSecurityNumber>
                           <clos:lastname>baptiste</clos:lastname>
                        </clos:person>
                        <clos:rights>Admin</clos:rights>
                        <clos:ownerType>LEGAL_PERSON</clos:ownerType>
                     </clos:owner>
                  </clos:newState>
               </clos:report>
               <!--0 to 99 repetitions:-->
               <clos:linkedDossier>
                  <clos:referenceInitialService>referenceInitialService</clos:referenceInitialService>
                  <clos:referenceFodFin>15</clos:referenceFodFin>
               </clos:linkedDossier>
               <!--0 to 99 repetitions:-->
               <clos:attachment>
                  <com:fileName>cirb</com:fileName>
                  <com:data>    1234   </com:data>
               </clos:attachment>
            </clos:closedDossier>
         </v1:request>
      </v1:closedDossierRequest>
   </soapenv:Body>
</soapenv:Envelope>]]></con:request><con:assertion type="SOAP Fault Assertion" id="a141de18-ac70-4ed4-a429-0409c6910c95" name="Not SOAP Fault"/><con:assertion type="SOAP Response" id="d83e6a88-0522-4f74-ac0a-a67591a50a8f" name="SOAP Response"/><con:assertion type="Schema Compliance" id="1faea6c0-78f2-4b77-98c3-0d193cc123ef" name="Schema Compliance"><con:configuration/></con:assertion><con:wsaConfig action="http://fidus.brussels/services/exportfromregondesservice/closedDossier"/></con:request></con:config></con:testStep><con:properties/></con:testCase><con:testCase id="168f3b5c-1af8-4ec3-b373-ce6636e33578" failOnError="true" failTestCaseOnErrors="true" keepSession="false" maxResults="0" name="postponedDossier" searchProperties="true"><con:settings/><con:testStep type="request" id="ad4d6918-c28d-46c3-98b3-d68dc89074ea" name="testcase2 - Dev - Request - Success"><con:settings/><con:config xsi:type="con:RequestStep" xmlns:xsi="http://www.w3.org/2001/XMLSchema-instance"><con:interface>ExportFromRegondesServiceHTTPBinding</con:interface><con:operation>postponedDossier</con:operation><con:request name="testcase2 - Dev - Request - Success" id="00100c93-65b8-46ef-bded-6cc8d59185ce" outgoingWss="Outflow DEV"><con:settings/><con:encoding>UTF-8</con:encoding><con:endpoint>https://192.168.36.61:8243/services/ExportFromRegondesService_v1.0</con:endpoint><con:request><![CDATA[<soapenv:Envelope xmlns:soapenv="http://schemas.xmlsoap.org/soap/envelope/" xmlns:v1="http://fidus.brussels/service/exportfromregondesservice/messages/v1" xmlns:v11="http://fidus.brussels/type/common/messages/v1" xmlns:pos="http://www.minfin.fgov.be/regondes2/extern/taxservice/exports/postponedDossiers" xmlns:com="http://www.minfin.fgov.be/regondes2/extern/taxservice/common">
   <soapenv:Header/>
   <soapenv:Body>
      <v1:postponedDossierRequest>
         <v1:messageContext>
            <v11:messageId>${=import static java.util.UUID.randomUUID; uuid = randomUUID() as String}</v11:messageId>
            <!--Optional:-->
            <v11:timestamp>${=new java.text.SimpleDateFormat("yyyy-MM-dd'T'HH:mm:ss.SSS").format(new Date())}</v11:timestamp>
         </v1:messageContext>
         <v1:legalContext>ServiceIntegrator</v1:legalContext>
         <v1:request>
            <pos:postponedDossier>
               <pos:referenceFodFin>11223344</pos:referenceFodFin>
               <pos:initialService>
                  <!--Optional:-->
                  <com:technicalReference>technicalReference</com:technicalReference>
                  <com:type>AAF</com:type>
                  <com:reference>reference</com:reference>
               </pos:initialService>
               <pos:postponement>
                  <pos:datePostponement>${=new java.text.SimpleDateFormat("yyyy-MM-dd").format(new Date())}</pos:datePostponement>
                  <pos:reasonPostponed>TEST</pos:reasonPostponed>
                  <pos:newTargetDate>${=new java.text.SimpleDateFormat("yyyy-MM-dd").format(new Date())}</pos:newTargetDate>
               </pos:postponement>
            </pos:postponedDossier>
         </v1:request>
      </v1:postponedDossierRequest>
   </soapenv:Body>
</soapenv:Envelope>]]></con:request><con:assertion type="SOAP Fault Assertion" id="9a182b15-d36d-49bf-aa5b-89790f90b6a0" name="Not SOAP Fault"/><con:assertion type="SOAP Response" id="b921ae56-929b-4960-bfb7-0f5f9ce4cd6b" name="SOAP Response"/><con:assertion type="Schema Compliance" id="1e53e19e-894f-4da8-a7c9-0bc517c2f40c" name="Schema Compliance"><con:configuration/></con:assertion><con:wsaConfig action="http://fidus.brussels/services/exportfromregondesservice/postponedDossier"/></con:request></con:config></con:testStep><con:testStep type="request" id="43715ae3-9cc0-4c9b-8ad9-2aa59b5c3eb0" name="testcase2 - Dev - Request - Error"><con:settings/><con:config xsi:type="con:RequestStep" xmlns:xsi="http://www.w3.org/2001/XMLSchema-instance"><con:interface>ExportFromRegondesServiceHTTPBinding</con:interface><con:operation>postponedDossier</con:operation><con:request name="testcase2 - Dev - Request - Error" id="3b226330-2a1c-47ee-bfe1-bbf849b63f68" outgoingWss="Outflow DEV"><con:settings/><con:encoding>UTF-8</con:encoding><con:endpoint>https://192.168.36.61:8243/services/ExportFromRegondesService_v1.0</con:endpoint><con:request><![CDATA[<soapenv:Envelope xmlns:soapenv="http://schemas.xmlsoap.org/soap/envelope/" xmlns:v1="http://fidus.brussels/service/exportfromregondesservice/messages/v1" xmlns:v11="http://fidus.brussels/type/common/messages/v1" xmlns:pos="http://www.minfin.fgov.be/regondes2/extern/taxservice/exports/postponedDossiers" xmlns:com="http://www.minfin.fgov.be/regondes2/extern/taxservice/common">
   <soapenv:Header/>
   <soapenv:Body>
      <v1:postponedDossierRequest>
         <v1:messageContext>
            <v11:messageId>${=import static java.util.UUID.randomUUID; uuid = randomUUID() as String}</v11:messageId>
            <!--Optional:-->
            <v11:timestamp>${=new java.text.SimpleDateFormat("yyyy-MM-dd'T'HH:mm:ss.SSS").format(new Date())}</v11:timestamp>
         </v1:messageContext>
         <v1:legalContext>ServiceIntegrator</v1:legalContext>
         <v1:request>
            <pos:postponedDossier>
               <!-- <pos:referenceFodFin>12003001507</pos:referenceFodFin> --> <!-- Technical reference not found -->
               <!-- <pos:referenceFodFin>12003001506</pos:referenceFodFin> --> <!-- Reference not found -->  
               <pos:referenceFodFin>11223345</pos:referenceFodFin> <!-- Requested dossier is already close -->
               <pos:initialService>
                  <!--Optional:-->
                  <com:technicalReference>technicalReference</com:technicalReference>
                  <com:type>AAF</com:type>
                  <com:reference>reference</com:reference>
               </pos:initialService>
               <pos:postponement>
                  <pos:datePostponement>${=new java.text.SimpleDateFormat("yyyy-MM-dd").format(new Date())}</pos:datePostponement>
                  <pos:reasonPostponed>TEST</pos:reasonPostponed>
                  <pos:newTargetDate>${=new java.text.SimpleDateFormat("yyyy-MM-dd").format(new Date())}</pos:newTargetDate>
               </pos:postponement>
            </pos:postponedDossier>
         </v1:request>
      </v1:postponedDossierRequest>
   </soapenv:Body>
</soapenv:Envelope>]]></con:request><con:assertion type="SOAP Fault Assertion" id="d190c333-df56-4411-a62f-6725f26a380a" name="Not SOAP Fault"/><con:assertion type="SOAP Response" id="61c0adb7-4500-48f4-8e9a-c42336dc7f11" name="SOAP Response"/><con:assertion type="Schema Compliance" id="5539a323-53d1-4e00-91d9-c7bdb6efd520" name="Schema Compliance"><con:configuration/></con:assertion><con:wsaConfig action="http://fidus.brussels/services/exportfromregondesservice/postponedDossier"/></con:request></con:config></con:testStep><con:properties/></con:testCase><con:testCase id="1e6d644d-c8f6-49f0-8d5f-0c9dd810b0fb" failOnError="true" failTestCaseOnErrors="true" keepSession="false" maxResults="0" name="serviceChange" searchProperties="true"><con:settings/><con:testStep type="request" id="1eee0a62-cba2-4672-b156-d83aa7818797" name="testcase2 - Dev - Request - Success"><con:settings/><con:config xsi:type="con:RequestStep" xmlns:xsi="http://www.w3.org/2001/XMLSchema-instance"><con:interface>ExportFromRegondesServiceHTTPBinding</con:interface><con:operation>serviceChange</con:operation><con:request name="testcase2 - Dev - Request - Success" id="bb5a3336-d209-4d24-ad39-0aa50e8dc9e8" outgoingWss="Outflow DEV"><con:settings/><con:encoding>UTF-8</con:encoding><con:endpoint>https://192.168.36.61:8243/services/ExportFromRegondesService_v1.0</con:endpoint><con:request><![CDATA[<soapenv:Envelope xmlns:soapenv="http://schemas.xmlsoap.org/soap/envelope/" xmlns:v1="http://fidus.brussels/service/exportfromregondesservice/messages/v1" xmlns:v11="http://fidus.brussels/type/common/messages/v1" xmlns:ser="http://www.minfin.fgov.be/regondes2/extern/taxservice/exports/serviceChanged" xmlns:com="http://www.minfin.fgov.be/regondes2/extern/taxservice/common">
   <soapenv:Header/>
   <soapenv:Body>
      <v1:serviceChangeRequest>
         <v1:messageContext>
            <v11:messageId>${=import static java.util.UUID.randomUUID; uuid = randomUUID() as String}</v11:messageId>
            <!--Optional:-->
            <v11:timestamp>${=new java.text.SimpleDateFormat("yyyy-MM-dd'T'HH:mm:ss.SSS").format(new Date())}</v11:timestamp>
         </v1:messageContext>
         <v1:legalContext>ServiceIntegrator</v1:legalContext>
         <v1:request>
            <ser:serviceChange>
               <ser:referenceFodFin>11223344</ser:referenceFodFin>
               <ser:initialService>
                  <!--Optional:-->
                  <com:technicalReference>1524</com:technicalReference>
                  <com:type>AAF</com:type>
                  <com:reference>reference</com:reference>
               </ser:initialService>
               <!--1 to 99 repetitions:-->
               <ser:transfer>
                  <ser:serviceName>CIRB</ser:serviceName>
                  <ser:dateIn>${=new java.text.SimpleDateFormat("yyyy-MM-dd").format(new Date())}</ser:dateIn>
                  <!--Optional:-->
                  <ser:dateOut>${=new java.text.SimpleDateFormat("yyyy-MM-dd").format(new Date())}</ser:dateOut>
                  <ser:official>
                     <ser:firstName>jean</ser:firstName>
                     <ser:lastName>baptist</ser:lastName>
                     <ser:phoneNumber>0452363621</ser:phoneNumber>
                     <ser:email>cisyapan@cirb.brussels</ser:email>
                  </ser:official>
               </ser:transfer>
            </ser:serviceChange>
         </v1:request>
      </v1:serviceChangeRequest>
   </soapenv:Body>
</soapenv:Envelope>]]></con:request><con:assertion type="SOAP Fault Assertion" id="e751b167-cdc0-4ce5-8990-ce8a425c4a49" name="Not SOAP Fault"/><con:assertion type="SOAP Response" id="94e9b892-ea2c-418c-b166-ad10ea447feb" name="SOAP Response"/><con:assertion type="Schema Compliance" id="ccbbac06-4dcc-48fb-9a24-34779f77c934" name="Schema Compliance"><con:configuration/></con:assertion><con:wsaConfig action="http://fidus.brussels/services/exportfromregondesservice/serviceChange"/></con:request></con:config></con:testStep><con:testStep type="request" id="9b6888dd-6127-45c7-bac2-c74ee52e6bba" name="testcase2 - Dev - Request - Error"><con:settings/><con:config xsi:type="con:RequestStep" xmlns:xsi="http://www.w3.org/2001/XMLSchema-instance"><con:interface>ExportFromRegondesServiceHTTPBinding</con:interface><con:operation>serviceChange</con:operation><con:request name="testcase2 - Dev - Request - Error" id="e7a0979b-47e3-43a5-9aaa-c1157dfdd818" outgoingWss="Outflow DEV"><con:settings/><con:encoding>UTF-8</con:encoding><con:endpoint>https://192.168.36.61:8243/services/ExportFromRegondesService_v1.0</con:endpoint><con:request><![CDATA[<soapenv:Envelope xmlns:soapenv="http://schemas.xmlsoap.org/soap/envelope/" xmlns:v1="http://fidus.brussels/service/exportfromregondesservice/messages/v1" xmlns:v11="http://fidus.brussels/type/common/messages/v1" xmlns:ser="http://www.minfin.fgov.be/regondes2/extern/taxservice/exports/serviceChanged" xmlns:com="http://www.minfin.fgov.be/regondes2/extern/taxservice/common">
   <soapenv:Header/>
   <soapenv:Body>
      <v1:serviceChangeRequest>
         <v1:messageContext>
            <v11:messageId>${=import static java.util.UUID.randomUUID; uuid = randomUUID() as String}</v11:messageId>
            <!--Optional:-->
            <v11:timestamp>${=new java.text.SimpleDateFormat("yyyy-MM-dd'T'HH:mm:ss.SSS").format(new Date())}</v11:timestamp>
         </v1:messageContext>
         <v1:legalContext>ServiceIntegrator</v1:legalContext>
         <v1:request>
            <ser:serviceChange>
               <!-- <ser:referenceFodFin>11223347</ser:referenceFodFin> --> <!-- Technical reference not found -->
               <!-- <ser:referenceFodFin>11223346</ser:referenceFodFin> --> <!-- Reference not found -->  
               <ser:referenceFodFin>11223345</ser:referenceFodFin> <!-- Requested dossier is already close -->
               <ser:initialService>
                  <!--Optional:-->
                  <com:technicalReference>1524</com:technicalReference>
                  <com:type>AAF</com:type>
                  <com:reference>reference</com:reference>
               </ser:initialService>
               <!--1 to 99 repetitions:-->
               <ser:transfer>
                  <ser:serviceName>CIRB</ser:serviceName>
                  <ser:dateIn>${=new java.text.SimpleDateFormat("yyyy-MM-dd").format(new Date())}</ser:dateIn>
                  <!--Optional:-->
                  <ser:dateOut>${=new java.text.SimpleDateFormat("yyyy-MM-dd").format(new Date())}</ser:dateOut>
                  <ser:official>
                     <ser:firstName>jean</ser:firstName>
                     <ser:lastName>baptist</ser:lastName>
                     <ser:phoneNumber>0452363621</ser:phoneNumber>
                     <ser:email>cisyapan@cirb.brussels</ser:email>
                  </ser:official>
               </ser:transfer>
            </ser:serviceChange>
         </v1:request>
      </v1:serviceChangeRequest>
   </soapenv:Body>
</soapenv:Envelope>]]></con:request><con:assertion type="SOAP Fault Assertion" id="8613cd6d-f178-493d-99fb-ac4fdf27152c" name="Not SOAP Fault"/><con:assertion type="SOAP Response" id="86a162b9-f577-451e-8896-1b69f60dad0e" name="SOAP Response"/><con:assertion type="Schema Compliance" id="8c1e63d3-1b49-4f82-904c-c2347daf2176" name="Schema Compliance"><con:configuration/></con:assertion><con:wsaConfig action="http://fidus.brussels/services/exportfromregondesservice/serviceChange"/></con:request></con:config></con:testStep><con:properties/></con:testCase><con:properties/></con:testSuite><con:testSuite id="3e55a2b7-239d-406e-8e33-127f87478967" name="TEST"><con:settings/><con:runType>SEQUENTIAL</con:runType><con:testCase id="df4b087f-b8c7-4943-a73d-9b8c378f4df0" failOnError="true" failTestCaseOnErrors="true" keepSession="false" maxResults="0" name="closedDossier" searchProperties="true"><con:settings/><con:testStep type="request" id="402f3af4-c59d-47e9-8f88-f07b5ffab3bb" name="testcase3 - Test - LB - Request"><con:settings/><con:config xsi:type="con:RequestStep" xmlns:xsi="http://www.w3.org/2001/XMLSchema-instance"><con:interface>ExportFromRegondesServiceHTTPBinding</con:interface><con:operation>closedDossier</con:operation><con:request name="testcase3 - Test - LB - Request" id="3c285cf3-bad8-4935-a7be-9c301dd61721" outgoingWss="Outflow TEST"><con:settings/><con:encoding>UTF-8</con:encoding><con:endpoint>https://esb-security-gw.sta.srv.cirb.lan:8443/services/ExportFromRegondesService_v1.0</con:endpoint><con:request><![CDATA[<soapenv:Envelope xmlns:soapenv="http://schemas.xmlsoap.org/soap/envelope/" xmlns:v1="http://fidus.brussels/service/exportfromregondesservice/messages/v1" xmlns:v11="http://fidus.brussels/type/common/messages/v1" xmlns:clos="http://www.minfin.fgov.be/regondes2/extern/taxservice/exports/closedDossiers" xmlns:com="http://www.minfin.fgov.be/regondes2/extern/taxservice/common">
   <soapenv:Header/>
   <soapenv:Body>
      <v1:closedDossierRequest>
         <v1:messageContext>
            <v11:messageId>${=import static java.util.UUID.randomUUID; uuid = randomUUID() as String}</v11:messageId>
            <v11:timestamp>${=new java.text.SimpleDateFormat("yyyy-MM-dd'T'HH:mm:ss.SSS").format(new Date())}</v11:timestamp>
         </v1:messageContext>
         <v1:legalContext>ServiceIntegrator</v1:legalContext>
         <v1:request>
            <clos:closedDossier> 
               <clos:referenceFodFin>11223344</clos:referenceFodFin>
               <clos:fiscalYear>2017</clos:fiscalYear>
               <clos:initialService>
                  <com:technicalReference>technicalReference</com:technicalReference>
                  <com:type>AAF</com:type>
                  <clos:reference>reference</clos:reference>
               </clos:initialService>
               <clos:patrimonyInformation>
                  <clos:typeDossier>AA</clos:typeDossier>
                  <clos:patrimonyFrom>${=new java.text.SimpleDateFormat("yyyy-MM-dd").format(new Date())}</clos:patrimonyFrom>
                  <clos:patrimonyRef>1</clos:patrimonyRef>
                  <clos:cadastralDivisionCode>YYY</clos:cadastralDivisionCode>
                  <clos:articleNumber>51</clos:articleNumber>
               </clos:patrimonyInformation>
               <clos:report>
                  <clos:type>S</clos:type>
                  <clos:subtype>subtype</clos:subtype>
                  <clos:kind>INITIAL</clos:kind>
                  <clos:cadastralIncome>
                     <com:codeCadastralIncome>a</com:codeCadastralIncome>
                     <com:definitiveCadastralIncome>12</com:definitiveCadastralIncome>
                     <com:dateDefinitive>${=new java.text.SimpleDateFormat("yyyy-MM-dd").format(new Date())}</com:dateDefinitive>
                     <com:reasonDefinitive>my reason</com:reasonDefinitive>
                  </clos:cadastralIncome>
                  <clos:date>${=new java.text.SimpleDateFormat("yyyy-MM-dd").format(new Date())}</clos:date>
                  <clos:motivation>No motivation</clos:motivation>
                  <!--0 to 99 repetitions:-->
                  <clos:newState>
                     <!--1 to 999 repetitions:-->
                     <clos:parcel>
                        <clos:parcelNumber>
                           <clos:section>55254</clos:section>
                           <clos:groundNumber>9555</clos:groundNumber>
                           <clos:bisNumber>2525</clos:bisNumber>
                           <clos:exponent>1414</clos:exponent>
                           <clos:power>me</clos:power>
                           <clos:part>4</clos:part>
                        </clos:parcelNumber>
                        <clos:situation>invalid</clos:situation>
                        <clos:kind>no</clos:kind>
                        <clos:details>test</clos:details>
                        <!--You have a CHOICE of the next 2 items at this level-->
                        <clos:articleNumber>1141</clos:articleNumber>
                        <clos:sequenceNumber>3215</clos:sequenceNumber>
                        <!--0 to 99 repetitions:-->
                        <clos:cadastralInformation>
                           <clos:codeCadastralIncome>12</clos:codeCadastralIncome>
                           <clos:cadastralIncome>12</clos:cadastralIncome>
                           <clos:cadastralIncomePart>42</clos:cadastralIncomePart>
                           <clos:exemption>52</clos:exemption>
                           <clos:daysUnfruitful>5</clos:daysUnfruitful>
                        </clos:cadastralInformation>
                     </clos:parcel>
                     <!--1 to 999 repetitions:-->
                     <clos:owner>
                        <!--You have a CHOICE of the next 2 items at this level-->
                        <clos:person>
                           <!--You have a CHOICE of the next 3 items at this level-->
                           <clos:socialSecurityNumber>125</clos:socialSecurityNumber>
                           <clos:lastname>baptiste</clos:lastname>
                        </clos:person>
                        <clos:rights>Admin</clos:rights>
                        <clos:ownerType>LEGAL_PERSON</clos:ownerType>
                     </clos:owner>
                  </clos:newState>
               </clos:report>
               <!--0 to 99 repetitions:-->
               <clos:linkedDossier>
                  <clos:referenceInitialService>referenceInitialService</clos:referenceInitialService>
                  <clos:referenceFodFin>15</clos:referenceFodFin>
               </clos:linkedDossier>
               <!--0 to 99 repetitions:-->
               <clos:attachment>
                  <com:fileName>cirb</com:fileName>
                  <com:data>    1234   </com:data>
               </clos:attachment>
            </clos:closedDossier>
         </v1:request>
      </v1:closedDossierRequest>
   </soapenv:Body>
</soapenv:Envelope>]]></con:request><con:assertion type="SOAP Fault Assertion" id="b2062605-f9fa-4406-a7bb-60c43324852c" name="Not SOAP Fault"/><con:assertion type="SOAP Response" id="9988b446-d7d9-4797-848d-1c87040f029b" name="SOAP Response"/><con:assertion type="Schema Compliance" id="3425ce8b-26e6-4942-8a5a-1af6a726b108" name="Schema Compliance"><con:configuration/></con:assertion><con:wsaConfig action="http://fidus.brussels/services/exportfromregondesservice/closedDossier"/></con:request></con:config></con:testStep><con:testStep type="request" id="e1735e47-c195-4ea2-ad06-b1bdbbcacc22" name="testcase3 - Test - Worker1 - Request"><con:settings/><con:config xsi:type="con:RequestStep" xmlns:xsi="http://www.w3.org/2001/XMLSchema-instance"><con:interface>ExportFromRegondesServiceHTTPBinding</con:interface><con:operation>closedDossier</con:operation><con:request name="testcase3 - Test - Worker1 - Request" id="0d2d70e0-de36-42d7-8a61-3f66f118caf0" outgoingWss="Outflow TEST"><con:settings/><con:encoding>UTF-8</con:encoding><con:endpoint>https://192.168.24.45:8443/services/ExportFromRegondesService_v1.0</con:endpoint><con:request><![CDATA[<soapenv:Envelope xmlns:soapenv="http://schemas.xmlsoap.org/soap/envelope/" xmlns:v1="http://fidus.brussels/service/exportfromregondesservice/messages/v1" xmlns:v11="http://fidus.brussels/type/common/messages/v1" xmlns:clos="http://www.minfin.fgov.be/regondes2/extern/taxservice/exports/closedDossiers" xmlns:com="http://www.minfin.fgov.be/regondes2/extern/taxservice/common">
   <soapenv:Header/>
   <soapenv:Body>
      <v1:closedDossierRequest>
         <v1:messageContext>
            <v11:messageId>${=import static java.util.UUID.randomUUID; uuid = randomUUID() as String}</v11:messageId>
            <v11:timestamp>${=new java.text.SimpleDateFormat("yyyy-MM-dd'T'HH:mm:ss.SSS").format(new Date())}</v11:timestamp>
         </v1:messageContext>
         <v1:legalContext>ServiceIntegrator</v1:legalContext>
         <v1:request>
            <clos:closedDossier> 
               <clos:referenceFodFin>11223344</clos:referenceFodFin>
               <clos:fiscalYear>2017</clos:fiscalYear>
               <clos:initialService>
                  <com:technicalReference>technicalReference</com:technicalReference>
                  <com:type>AAF</com:type>
                  <clos:reference>reference</clos:reference>
               </clos:initialService>
               <clos:patrimonyInformation>
                  <clos:typeDossier>AA</clos:typeDossier>
                  <clos:patrimonyFrom>${=new java.text.SimpleDateFormat("yyyy-MM-dd").format(new Date())}</clos:patrimonyFrom>
                  <clos:patrimonyRef>1</clos:patrimonyRef>
                  <clos:cadastralDivisionCode>YYY</clos:cadastralDivisionCode>
                  <clos:articleNumber>51</clos:articleNumber>
               </clos:patrimonyInformation>
               <clos:report>
                  <clos:type>S</clos:type>
                  <clos:subtype>subtype</clos:subtype>
                  <clos:kind>INITIAL</clos:kind>
                  <clos:cadastralIncome>
                     <com:codeCadastralIncome>a</com:codeCadastralIncome>
                     <com:definitiveCadastralIncome>12</com:definitiveCadastralIncome>
                     <com:dateDefinitive>${=new java.text.SimpleDateFormat("yyyy-MM-dd").format(new Date())}</com:dateDefinitive>
                     <com:reasonDefinitive>my reason</com:reasonDefinitive>
                  </clos:cadastralIncome>
                  <clos:date>${=new java.text.SimpleDateFormat("yyyy-MM-dd").format(new Date())}</clos:date>
                  <clos:motivation>No motivation</clos:motivation>
                  <!--0 to 99 repetitions:-->
                  <clos:newState>
                     <!--1 to 999 repetitions:-->
                     <clos:parcel>
                        <clos:parcelNumber>
                           <clos:section>55254</clos:section>
                           <clos:groundNumber>9555</clos:groundNumber>
                           <clos:bisNumber>2525</clos:bisNumber>
                           <clos:exponent>1414</clos:exponent>
                           <clos:power>me</clos:power>
                           <clos:part>4</clos:part>
                        </clos:parcelNumber>
                        <clos:situation>invalid</clos:situation>
                        <clos:kind>no</clos:kind>
                        <clos:details>test</clos:details>
                        <!--You have a CHOICE of the next 2 items at this level-->
                        <clos:articleNumber>1141</clos:articleNumber>
                        <clos:sequenceNumber>3215</clos:sequenceNumber>
                        <!--0 to 99 repetitions:-->
                        <clos:cadastralInformation>
                           <clos:codeCadastralIncome>12</clos:codeCadastralIncome>
                           <clos:cadastralIncome>12</clos:cadastralIncome>
                           <clos:cadastralIncomePart>42</clos:cadastralIncomePart>
                           <clos:exemption>52</clos:exemption>
                           <clos:daysUnfruitful>5</clos:daysUnfruitful>
                        </clos:cadastralInformation>
                     </clos:parcel>
                     <!--1 to 999 repetitions:-->
                     <clos:owner>
                        <!--You have a CHOICE of the next 2 items at this level-->
                        <clos:person>
                           <!--You have a CHOICE of the next 3 items at this level-->
                           <clos:socialSecurityNumber>125</clos:socialSecurityNumber>
                           <clos:lastname>baptiste</clos:lastname>
                        </clos:person>
                        <clos:rights>Admin</clos:rights>
                        <clos:ownerType>LEGAL_PERSON</clos:ownerType>
                     </clos:owner>
                  </clos:newState>
               </clos:report>
               <!--0 to 99 repetitions:-->
               <clos:linkedDossier>
                  <clos:referenceInitialService>referenceInitialService</clos:referenceInitialService>
                  <clos:referenceFodFin>15</clos:referenceFodFin>
               </clos:linkedDossier>
               <!--0 to 99 repetitions:-->
               <clos:attachment>
                  <com:fileName>cirb</com:fileName>
                  <com:data>    1234   </com:data>
               </clos:attachment>
            </clos:closedDossier>
         </v1:request>
      </v1:closedDossierRequest>
   </soapenv:Body>
</soapenv:Envelope>]]></con:request><con:assertion type="SOAP Fault Assertion" id="0aa33311-7223-4360-879d-d354897ee6da" name="Not SOAP Fault"/><con:assertion type="SOAP Response" id="86173246-c977-4541-bd74-7f15ff547497" name="SOAP Response"/><con:assertion type="Schema Compliance" id="3bdca190-9caa-4fa3-9e82-ab71e0788882" name="Schema Compliance"><con:configuration/></con:assertion><con:wsaConfig action="http://fidus.brussels/services/exportfromregondesservice/closedDossier"/></con:request></con:config></con:testStep><con:testStep type="request" id="bc1ce942-50a0-4646-9c7e-df67a3d1e0dc" name="testcase3 - Test - Worker2 - Request"><con:settings/><con:config xsi:type="con:RequestStep" xmlns:xsi="http://www.w3.org/2001/XMLSchema-instance"><con:interface>ExportFromRegondesServiceHTTPBinding</con:interface><con:operation>closedDossier</con:operation><con:request name="testcase3 - Test - Worker2 - Request" id="08a3830b-ab25-45fc-862c-889bef29e06f" outgoingWss="Outflow TEST"><con:settings/><con:encoding>UTF-8</con:encoding><con:endpoint>https://192.168.24.51:8443/services/ExportFromRegondesService_v1.0</con:endpoint><con:request><![CDATA[<soapenv:Envelope xmlns:soapenv="http://schemas.xmlsoap.org/soap/envelope/" xmlns:v1="http://fidus.brussels/service/exportfromregondesservice/messages/v1" xmlns:v11="http://fidus.brussels/type/common/messages/v1" xmlns:clos="http://www.minfin.fgov.be/regondes2/extern/taxservice/exports/closedDossiers" xmlns:com="http://www.minfin.fgov.be/regondes2/extern/taxservice/common">
   <soapenv:Header/>
   <soapenv:Body>
      <v1:closedDossierRequest>
         <v1:messageContext>
            <v11:messageId>${=import static java.util.UUID.randomUUID; uuid = randomUUID() as String}</v11:messageId>
            <v11:timestamp>${=new java.text.SimpleDateFormat("yyyy-MM-dd'T'HH:mm:ss.SSS").format(new Date())}</v11:timestamp>
         </v1:messageContext>
         <v1:legalContext>ServiceIntegrator</v1:legalContext>
         <v1:request>
            <clos:closedDossier> 
               <clos:referenceFodFin>11223344</clos:referenceFodFin>
               <clos:fiscalYear>2017</clos:fiscalYear>
               <clos:initialService>
                  <com:technicalReference>technicalReference</com:technicalReference>
                  <com:type>AAF</com:type>
                  <clos:reference>reference</clos:reference>
               </clos:initialService>
               <clos:patrimonyInformation>
                  <clos:typeDossier>AA</clos:typeDossier>
                  <clos:patrimonyFrom>${=new java.text.SimpleDateFormat("yyyy-MM-dd").format(new Date())}</clos:patrimonyFrom>
                  <clos:patrimonyRef>1</clos:patrimonyRef>
                  <clos:cadastralDivisionCode>YYY</clos:cadastralDivisionCode>
                  <clos:articleNumber>51</clos:articleNumber>
               </clos:patrimonyInformation>
               <clos:report>
                  <clos:type>S</clos:type>
                  <clos:subtype>subtype</clos:subtype>
                  <clos:kind>INITIAL</clos:kind>
                  <clos:cadastralIncome>
                     <com:codeCadastralIncome>a</com:codeCadastralIncome>
                     <com:definitiveCadastralIncome>12</com:definitiveCadastralIncome>
                     <com:dateDefinitive>${=new java.text.SimpleDateFormat("yyyy-MM-dd").format(new Date())}</com:dateDefinitive>
                     <com:reasonDefinitive>my reason</com:reasonDefinitive>
                  </clos:cadastralIncome>
                  <clos:date>${=new java.text.SimpleDateFormat("yyyy-MM-dd").format(new Date())}</clos:date>
                  <clos:motivation>No motivation</clos:motivation>
                  <!--0 to 99 repetitions:-->
                  <clos:newState>
                     <!--1 to 999 repetitions:-->
                     <clos:parcel>
                        <clos:parcelNumber>
                           <clos:section>55254</clos:section>
                           <clos:groundNumber>9555</clos:groundNumber>
                           <clos:bisNumber>2525</clos:bisNumber>
                           <clos:exponent>1414</clos:exponent>
                           <clos:power>me</clos:power>
                           <clos:part>4</clos:part>
                        </clos:parcelNumber>
                        <clos:situation>invalid</clos:situation>
                        <clos:kind>no</clos:kind>
                        <clos:details>test</clos:details>
                        <!--You have a CHOICE of the next 2 items at this level-->
                        <clos:articleNumber>1141</clos:articleNumber>
                        <clos:sequenceNumber>3215</clos:sequenceNumber>
                        <!--0 to 99 repetitions:-->
                        <clos:cadastralInformation>
                           <clos:codeCadastralIncome>12</clos:codeCadastralIncome>
                           <clos:cadastralIncome>12</clos:cadastralIncome>
                           <clos:cadastralIncomePart>42</clos:cadastralIncomePart>
                           <clos:exemption>52</clos:exemption>
                           <clos:daysUnfruitful>5</clos:daysUnfruitful>
                        </clos:cadastralInformation>
                     </clos:parcel>
                     <!--1 to 999 repetitions:-->
                     <clos:owner>
                        <!--You have a CHOICE of the next 2 items at this level-->
                        <clos:person>
                           <!--You have a CHOICE of the next 3 items at this level-->
                           <clos:socialSecurityNumber>125</clos:socialSecurityNumber>
                           <clos:lastname>baptiste</clos:lastname>
                        </clos:person>
                        <clos:rights>Admin</clos:rights>
                        <clos:ownerType>LEGAL_PERSON</clos:ownerType>
                     </clos:owner>
                  </clos:newState>
               </clos:report>
               <!--0 to 99 repetitions:-->
               <clos:linkedDossier>
                  <clos:referenceInitialService>referenceInitialService</clos:referenceInitialService>
                  <clos:referenceFodFin>15</clos:referenceFodFin>
               </clos:linkedDossier>
               <!--0 to 99 repetitions:-->
               <clos:attachment>
                  <com:fileName>cirb</com:fileName>
                  <com:data>    1234   </com:data>
               </clos:attachment>
            </clos:closedDossier>
         </v1:request>
      </v1:closedDossierRequest>
   </soapenv:Body>
</soapenv:Envelope>]]></con:request><con:assertion type="SOAP Fault Assertion" id="1e125633-2393-411c-beda-c17ce7cefc5b" name="Not SOAP Fault"/><con:assertion type="SOAP Response" id="5140d904-3e3b-4dd6-88a0-ee4c1d934166" name="SOAP Response"/><con:assertion type="Schema Compliance" id="705eac95-edf9-4704-9788-a88bf010eff3" name="Schema Compliance"><con:configuration/></con:assertion><con:wsaConfig action="http://fidus.brussels/services/exportfromregondesservice/closedDossier"/></con:request></con:config></con:testStep><con:testStep type="request" id="564d93bd-f32a-4be8-a9be-b014fb94b31e" name="testcase3 - Test - External - Request"><con:settings/><con:config xsi:type="con:RequestStep" xmlns:xsi="http://www.w3.org/2001/XMLSchema-instance"><con:interface>ExportFromRegondesServiceHTTPBinding</con:interface><con:operation>closedDossier</con:operation><con:request name="testcase3 - Test - External - Request" id="020099ed-59a2-4e38-b7e1-7dc3d860af9a" outgoingWss="Outflow TEST"><con:settings/><con:encoding>UTF-8</con:encoding><con:endpoint>https://fidus-test.irisnetlab.be/services/ExportFromRegondesService_v1.0</con:endpoint><con:request><![CDATA[<soapenv:Envelope xmlns:soapenv="http://schemas.xmlsoap.org/soap/envelope/" xmlns:v1="http://fidus.brussels/service/exportfromregondesservice/messages/v1" xmlns:v11="http://fidus.brussels/type/common/messages/v1" xmlns:clos="http://www.minfin.fgov.be/regondes2/extern/taxservice/exports/closedDossiers" xmlns:com="http://www.minfin.fgov.be/regondes2/extern/taxservice/common">
   <soapenv:Header/>
   <soapenv:Body>
      <v1:closedDossierRequest>
         <v1:messageContext>
            <v11:messageId>${=import static java.util.UUID.randomUUID; uuid = randomUUID() as String}</v11:messageId>
            <v11:timestamp>${=new java.text.SimpleDateFormat("yyyy-MM-dd'T'HH:mm:ss.SSS").format(new Date())}</v11:timestamp>
         </v1:messageContext>
         <v1:legalContext>ServiceIntegrator</v1:legalContext>
         <v1:request>
            <clos:closedDossier> 
               <clos:referenceFodFin>11223344</clos:referenceFodFin>
               <clos:fiscalYear>2017</clos:fiscalYear>
               <clos:initialService>
                  <com:technicalReference>technicalReference</com:technicalReference>
                  <com:type>AAF</com:type>
                  <clos:reference>reference</clos:reference>
               </clos:initialService>
               <clos:patrimonyInformation>
                  <clos:typeDossier>AA</clos:typeDossier>
                  <clos:patrimonyFrom>${=new java.text.SimpleDateFormat("yyyy-MM-dd").format(new Date())}</clos:patrimonyFrom>
                  <clos:patrimonyRef>1</clos:patrimonyRef>
                  <clos:cadastralDivisionCode>YYY</clos:cadastralDivisionCode>
                  <clos:articleNumber>51</clos:articleNumber>
               </clos:patrimonyInformation>
               <clos:report>
                  <clos:type>S</clos:type>
                  <clos:subtype>subtype</clos:subtype>
                  <clos:kind>INITIAL</clos:kind>
                  <clos:cadastralIncome>
                     <com:codeCadastralIncome>a</com:codeCadastralIncome>
                     <com:definitiveCadastralIncome>12</com:definitiveCadastralIncome>
                     <com:dateDefinitive>${=new java.text.SimpleDateFormat("yyyy-MM-dd").format(new Date())}</com:dateDefinitive>
                     <com:reasonDefinitive>my reason</com:reasonDefinitive>
                  </clos:cadastralIncome>
                  <clos:date>${=new java.text.SimpleDateFormat("yyyy-MM-dd").format(new Date())}</clos:date>
                  <clos:motivation>No motivation</clos:motivation>
                  <!--0 to 99 repetitions:-->
                  <clos:newState>
                     <!--1 to 999 repetitions:-->
                     <clos:parcel>
                        <clos:parcelNumber>
                           <clos:section>55254</clos:section>
                           <clos:groundNumber>9555</clos:groundNumber>
                           <clos:bisNumber>2525</clos:bisNumber>
                           <clos:exponent>1414</clos:exponent>
                           <clos:power>me</clos:power>
                           <clos:part>4</clos:part>
                        </clos:parcelNumber>
                        <clos:situation>invalid</clos:situation>
                        <clos:kind>no</clos:kind>
                        <clos:details>test</clos:details>
                        <!--You have a CHOICE of the next 2 items at this level-->
                        <clos:articleNumber>1141</clos:articleNumber>
                        <clos:sequenceNumber>3215</clos:sequenceNumber>
                        <!--0 to 99 repetitions:-->
                        <clos:cadastralInformation>
                           <clos:codeCadastralIncome>12</clos:codeCadastralIncome>
                           <clos:cadastralIncome>12</clos:cadastralIncome>
                           <clos:cadastralIncomePart>42</clos:cadastralIncomePart>
                           <clos:exemption>52</clos:exemption>
                           <clos:daysUnfruitful>5</clos:daysUnfruitful>
                        </clos:cadastralInformation>
                     </clos:parcel>
                     <!--1 to 999 repetitions:-->
                     <clos:owner>
                        <!--You have a CHOICE of the next 2 items at this level-->
                        <clos:person>
                           <!--You have a CHOICE of the next 3 items at this level-->
                           <clos:socialSecurityNumber>125</clos:socialSecurityNumber>
                           <clos:lastname>baptiste</clos:lastname>
                        </clos:person>
                        <clos:rights>Admin</clos:rights>
                        <clos:ownerType>LEGAL_PERSON</clos:ownerType>
                     </clos:owner>
                  </clos:newState>
               </clos:report>
               <!--0 to 99 repetitions:-->
               <clos:linkedDossier>
                  <clos:referenceInitialService>referenceInitialService</clos:referenceInitialService>
                  <clos:referenceFodFin>15</clos:referenceFodFin>
               </clos:linkedDossier>
               <!--0 to 99 repetitions:-->
               <clos:attachment>
                  <com:fileName>cirb</com:fileName>
                  <com:data>    1234   </com:data>
               </clos:attachment>
            </clos:closedDossier>
         </v1:request>
      </v1:closedDossierRequest>
   </soapenv:Body>
</soapenv:Envelope>]]></con:request><con:assertion type="SOAP Fault Assertion" id="8f85d0af-1a8a-48ab-ba30-91db1d9b515c" name="Not SOAP Fault"/><con:assertion type="SOAP Response" id="ca3468fc-7847-4e92-986f-d2dada863167" name="SOAP Response"/><con:assertion type="Schema Compliance" id="37ce0d05-5ccd-4ea5-821a-5427663690d0" name="Schema Compliance"><con:configuration/></con:assertion><con:wsaConfig action="http://fidus.brussels/services/exportfromregondesservice/closedDossier"/></con:request></con:config></con:testStep><con:properties/></con:testCase><con:testCase id="43b2a720-17c2-490b-80a3-0f9a49f79489" failOnError="true" failTestCaseOnErrors="true" keepSession="false" maxResults="0" name="postponedDossier" searchProperties="true"><con:settings/><con:testStep type="request" id="5ddf7e0a-c3b0-467a-91d8-12fdc5e29b89" name="testcase3 - Test - LB - Request"><con:settings/><con:config xsi:type="con:RequestStep" xmlns:xsi="http://www.w3.org/2001/XMLSchema-instance"><con:interface>ExportFromRegondesServiceHTTPBinding</con:interface><con:operation>postponedDossier</con:operation><con:request name="testcase3 - Test - LB - Request" id="9b87f386-43d0-4203-8ff2-229d17957393" outgoingWss="Outflow TEST"><con:settings/><con:encoding>UTF-8</con:encoding><con:endpoint>https://esb-security-gw.sta.srv.cirb.lan:8443/services/ExportFromRegondesService_v1.0</con:endpoint><con:request><![CDATA[<soapenv:Envelope xmlns:soapenv="http://schemas.xmlsoap.org/soap/envelope/" xmlns:v1="http://fidus.brussels/service/exportfromregondesservice/messages/v1" xmlns:v11="http://fidus.brussels/type/common/messages/v1" xmlns:pos="http://www.minfin.fgov.be/regondes2/extern/taxservice/exports/postponedDossiers" xmlns:com="http://www.minfin.fgov.be/regondes2/extern/taxservice/common">
   <soapenv:Header/>
   <soapenv:Body>
      <v1:postponedDossierRequest>
         <v1:messageContext>
            <v11:messageId>${=import static java.util.UUID.randomUUID; uuid = randomUUID() as String}</v11:messageId>
            <!--Optional:-->
            <v11:timestamp>${=new java.text.SimpleDateFormat("yyyy-MM-dd'T'HH:mm:ss.SSS").format(new Date())}</v11:timestamp>
         </v1:messageContext>
         <v1:legalContext>ServiceIntegrator</v1:legalContext>
         <v1:request>
            <pos:postponedDossier>
               <pos:referenceFodFin>11223344</pos:referenceFodFin>
               <pos:initialService>
                  <!--Optional:-->
                  <com:technicalReference>technicalReference</com:technicalReference>
                  <com:type>AAF</com:type>
                  <com:reference>reference</com:reference>
               </pos:initialService>
               <pos:postponement>
                  <pos:datePostponement>${=new java.text.SimpleDateFormat("yyyy-MM-dd").format(new Date())}</pos:datePostponement>
                  <pos:reasonPostponed>TEST</pos:reasonPostponed>
                  <pos:newTargetDate>${=new java.text.SimpleDateFormat("yyyy-MM-dd").format(new Date())}</pos:newTargetDate>
               </pos:postponement>
            </pos:postponedDossier>
         </v1:request>
      </v1:postponedDossierRequest>
   </soapenv:Body>
</soapenv:Envelope>]]></con:request><con:assertion type="SOAP Fault Assertion" id="40946e08-ec40-4bb3-8831-1e9887aeb800" name="Not SOAP Fault"/><con:assertion type="SOAP Response" id="83309165-3460-47a5-99ec-2ed7d55594d9" name="SOAP Response"/><con:assertion type="Schema Compliance" id="cb8247d7-81b8-4e63-b855-cc99b275d324" name="Schema Compliance"><con:configuration/></con:assertion><con:wsaConfig action="http://fidus.brussels/services/exportfromregondesservice/postponedDossier"/></con:request></con:config></con:testStep><con:testStep type="request" id="75fa6306-b870-4255-9216-62d994a64a2a" name="testcase3 - Test - Worker1 - Request"><con:settings/><con:config xsi:type="con:RequestStep" xmlns:xsi="http://www.w3.org/2001/XMLSchema-instance"><con:interface>ExportFromRegondesServiceHTTPBinding</con:interface><con:operation>postponedDossier</con:operation><con:request name="testcase3 - Test - Worker1 - Request" id="f6780d5d-6d54-43e2-9c58-7de28550bd6b" outgoingWss="Outflow TEST"><con:settings/><con:encoding>UTF-8</con:encoding><con:endpoint>https://192.168.24.45:8443/services/ExportFromRegondesService_v1.0</con:endpoint><con:request><![CDATA[<soapenv:Envelope xmlns:soapenv="http://schemas.xmlsoap.org/soap/envelope/" xmlns:v1="http://fidus.brussels/service/exportfromregondesservice/messages/v1" xmlns:v11="http://fidus.brussels/type/common/messages/v1" xmlns:pos="http://www.minfin.fgov.be/regondes2/extern/taxservice/exports/postponedDossiers" xmlns:com="http://www.minfin.fgov.be/regondes2/extern/taxservice/common">
   <soapenv:Header/>
   <soapenv:Body>
      <v1:postponedDossierRequest>
         <v1:messageContext>
            <v11:messageId>${=import static java.util.UUID.randomUUID; uuid = randomUUID() as String}</v11:messageId>
            <!--Optional:-->
            <v11:timestamp>${=new java.text.SimpleDateFormat("yyyy-MM-dd'T'HH:mm:ss.SSS").format(new Date())}</v11:timestamp>
         </v1:messageContext>
         <v1:legalContext>ServiceIntegrator</v1:legalContext>
         <v1:request>
            <pos:postponedDossier>
               <pos:referenceFodFin>11223344</pos:referenceFodFin>
               <pos:initialService>
                  <!--Optional:-->
                  <com:technicalReference>technicalReference</com:technicalReference>
                  <com:type>AAF</com:type>
                  <com:reference>reference</com:reference>
               </pos:initialService>
               <pos:postponement>
                  <pos:datePostponement>${=new java.text.SimpleDateFormat("yyyy-MM-dd").format(new Date())}</pos:datePostponement>
                  <pos:reasonPostponed>TEST</pos:reasonPostponed>
                  <pos:newTargetDate>${=new java.text.SimpleDateFormat("yyyy-MM-dd").format(new Date())}</pos:newTargetDate>
               </pos:postponement>
            </pos:postponedDossier>
         </v1:request>
      </v1:postponedDossierRequest>
   </soapenv:Body>
</soapenv:Envelope>]]></con:request><con:assertion type="SOAP Fault Assertion" id="a62f4030-2fff-4a9e-aa5e-9004e8370a25" name="Not SOAP Fault"/><con:assertion type="SOAP Response" id="1fb7c0c0-2335-43e7-a239-92f8c12b173a" name="SOAP Response"/><con:assertion type="Schema Compliance" id="4e037e7c-3b86-47a8-9194-c0016c015640" name="Schema Compliance"><con:configuration/></con:assertion><con:wsaConfig action="http://fidus.brussels/services/exportfromregondesservice/postponedDossier"/></con:request></con:config></con:testStep><con:testStep type="request" id="d09fac30-0426-4225-95b8-ff39b3ccb1ce" name="testcase3 - Test - Worker2 - Request"><con:settings/><con:config xsi:type="con:RequestStep" xmlns:xsi="http://www.w3.org/2001/XMLSchema-instance"><con:interface>ExportFromRegondesServiceHTTPBinding</con:interface><con:operation>postponedDossier</con:operation><con:request name="testcase3 - Test - Worker2 - Request" id="ea7a745c-a533-49be-a213-20b4e5e2e92b" outgoingWss="Outflow TEST"><con:settings/><con:encoding>UTF-8</con:encoding><con:endpoint>https://192.168.24.51:8443/services/ExportFromRegondesService_v1.0</con:endpoint><con:request><![CDATA[<soapenv:Envelope xmlns:soapenv="http://schemas.xmlsoap.org/soap/envelope/" xmlns:v1="http://fidus.brussels/service/exportfromregondesservice/messages/v1" xmlns:v11="http://fidus.brussels/type/common/messages/v1" xmlns:pos="http://www.minfin.fgov.be/regondes2/extern/taxservice/exports/postponedDossiers" xmlns:com="http://www.minfin.fgov.be/regondes2/extern/taxservice/common">
   <soapenv:Header/>
   <soapenv:Body>
      <v1:postponedDossierRequest>
         <v1:messageContext>
            <v11:messageId>${=import static java.util.UUID.randomUUID; uuid = randomUUID() as String}</v11:messageId>
            <!--Optional:-->
            <v11:timestamp>${=new java.text.SimpleDateFormat("yyyy-MM-dd'T'HH:mm:ss.SSS").format(new Date())}</v11:timestamp>
         </v1:messageContext>
         <v1:legalContext>ServiceIntegrator</v1:legalContext>
         <v1:request>
            <pos:postponedDossier>
               <pos:referenceFodFin>11223344</pos:referenceFodFin>
               <pos:initialService>
                  <!--Optional:-->
                  <com:technicalReference>technicalReference</com:technicalReference>
                  <com:type>AAF</com:type>
                  <com:reference>reference</com:reference>
               </pos:initialService>
               <pos:postponement>
                  <pos:datePostponement>${=new java.text.SimpleDateFormat("yyyy-MM-dd").format(new Date())}</pos:datePostponement>
                  <pos:reasonPostponed>TEST</pos:reasonPostponed>
                  <pos:newTargetDate>${=new java.text.SimpleDateFormat("yyyy-MM-dd").format(new Date())}</pos:newTargetDate>
               </pos:postponement>
            </pos:postponedDossier>
         </v1:request>
      </v1:postponedDossierRequest>
   </soapenv:Body>
</soapenv:Envelope>]]></con:request><con:assertion type="SOAP Fault Assertion" id="e484d2b8-dd2b-4598-92c3-f533b834d7f0" name="Not SOAP Fault"/><con:assertion type="SOAP Response" id="43d9ca46-1f7e-4026-9680-318bc9131dc7" name="SOAP Response"/><con:assertion type="Schema Compliance" id="55004dd6-7b94-4156-b71f-f63542fc530a" name="Schema Compliance"><con:configuration/></con:assertion><con:wsaConfig action="http://fidus.brussels/services/exportfromregondesservice/postponedDossier"/></con:request></con:config></con:testStep><con:testStep type="request" id="584f39af-54bc-4f84-b477-95956cc79b81" name="testcase3 - Test - External - Request"><con:settings/><con:config xsi:type="con:RequestStep" xmlns:xsi="http://www.w3.org/2001/XMLSchema-instance"><con:interface>ExportFromRegondesServiceHTTPBinding</con:interface><con:operation>postponedDossier</con:operation><con:request name="testcase3 - Test - External - Request" id="fa516659-efe8-45e8-90b1-3621ef4f6795" outgoingWss="Outflow TEST"><con:settings/><con:encoding>UTF-8</con:encoding><con:endpoint>https://fidus-test.irisnetlab.be/services/ExportFromRegondesService_v1.0</con:endpoint><con:request><![CDATA[<soapenv:Envelope xmlns:soapenv="http://schemas.xmlsoap.org/soap/envelope/" xmlns:v1="http://fidus.brussels/service/exportfromregondesservice/messages/v1" xmlns:v11="http://fidus.brussels/type/common/messages/v1" xmlns:pos="http://www.minfin.fgov.be/regondes2/extern/taxservice/exports/postponedDossiers" xmlns:com="http://www.minfin.fgov.be/regondes2/extern/taxservice/common">
   <soapenv:Header/>
   <soapenv:Body>
      <v1:postponedDossierRequest>
         <v1:messageContext>
            <v11:messageId>${=import static java.util.UUID.randomUUID; uuid = randomUUID() as String}</v11:messageId>
            <!--Optional:-->
            <v11:timestamp>${=new java.text.SimpleDateFormat("yyyy-MM-dd'T'HH:mm:ss.SSS").format(new Date())}</v11:timestamp>
         </v1:messageContext>
         <v1:legalContext>ServiceIntegrator</v1:legalContext>
         <v1:request>
            <pos:postponedDossier>
               <pos:referenceFodFin>11223344</pos:referenceFodFin>
               <pos:initialService>
                  <!--Optional:-->
                  <com:technicalReference>technicalReference</com:technicalReference>
                  <com:type>AAF</com:type>
                  <com:reference>reference</com:reference>
               </pos:initialService>
               <pos:postponement>
                  <pos:datePostponement>${=new java.text.SimpleDateFormat("yyyy-MM-dd").format(new Date())}</pos:datePostponement>
                  <pos:reasonPostponed>TEST</pos:reasonPostponed>
                  <pos:newTargetDate>${=new java.text.SimpleDateFormat("yyyy-MM-dd").format(new Date())}</pos:newTargetDate>
               </pos:postponement>
            </pos:postponedDossier>
         </v1:request>
      </v1:postponedDossierRequest>
   </soapenv:Body>
</soapenv:Envelope>]]></con:request><con:assertion type="SOAP Fault Assertion" id="554c5901-115d-49aa-85fa-fda8fd4531b9" name="Not SOAP Fault"/><con:assertion type="SOAP Response" id="7c7e2cc6-fda0-4123-a402-4aa43431fe89" name="SOAP Response"/><con:assertion type="Schema Compliance" id="dfb085bb-b1b7-40a8-8ebb-5ef9c065f082" name="Schema Compliance"><con:configuration/></con:assertion><con:wsaConfig action="http://fidus.brussels/services/exportfromregondesservice/postponedDossier"/></con:request></con:config></con:testStep><con:properties/></con:testCase><con:testCase id="18501a51-e363-43f8-b85a-8060fa110aed" failOnError="true" failTestCaseOnErrors="true" keepSession="false" maxResults="0" name="serviceChange" searchProperties="true"><con:settings/><con:testStep type="request" id="03a75549-a4be-4d82-87be-78831a198cab" name="testcase3 - Test - LB - Request"><con:settings/><con:config xsi:type="con:RequestStep" xmlns:xsi="http://www.w3.org/2001/XMLSchema-instance"><con:interface>ExportFromRegondesServiceHTTPBinding</con:interface><con:operation>serviceChange</con:operation><con:request name="testcase3 - Test - LB - Request" id="687b29d8-f616-4b1c-b97a-20b83056d678" outgoingWss="Outflow TEST"><con:settings/><con:encoding>UTF-8</con:encoding><con:endpoint>https://esb-security-gw.sta.srv.cirb.lan:8443/services/ExportFromRegondesService_v1.0</con:endpoint><con:request><![CDATA[<soapenv:Envelope xmlns:soapenv="http://schemas.xmlsoap.org/soap/envelope/" xmlns:v1="http://fidus.brussels/service/exportfromregondesservice/messages/v1" xmlns:v11="http://fidus.brussels/type/common/messages/v1" xmlns:ser="http://www.minfin.fgov.be/regondes2/extern/taxservice/exports/serviceChanged" xmlns:com="http://www.minfin.fgov.be/regondes2/extern/taxservice/common">
   <soapenv:Header/>
   <soapenv:Body>
      <v1:serviceChangeRequest>
         <v1:messageContext>
            <v11:messageId>${=import static java.util.UUID.randomUUID; uuid = randomUUID() as String}</v11:messageId>
            <!--Optional:-->
            <v11:timestamp>${=new java.text.SimpleDateFormat("yyyy-MM-dd'T'HH:mm:ss.SSS").format(new Date())}</v11:timestamp>
         </v1:messageContext>
         <v1:legalContext>ServiceIntegrator</v1:legalContext>
         <v1:request>
            <ser:serviceChange>
               <ser:referenceFodFin>11223344</ser:referenceFodFin>
               <ser:initialService>
                  <!--Optional:-->
                  <com:technicalReference>1524</com:technicalReference>
                  <com:type>AAF</com:type>
                  <com:reference>reference</com:reference>
               </ser:initialService>
               <!--1 to 99 repetitions:-->
               <ser:transfer>
                  <ser:serviceName>CIRB</ser:serviceName>
                  <ser:dateIn>${=new java.text.SimpleDateFormat("yyyy-MM-dd").format(new Date())}</ser:dateIn>
                  <!--Optional:-->
                  <ser:dateOut>${=new java.text.SimpleDateFormat("yyyy-MM-dd").format(new Date())}</ser:dateOut>
                  <ser:official>
                     <ser:firstName>jean</ser:firstName>
                     <ser:lastName>baptist</ser:lastName>
                     <ser:phoneNumber>0452363621</ser:phoneNumber>
                     <ser:email>cisyapan@cirb.brussels</ser:email>
                  </ser:official>
               </ser:transfer>
            </ser:serviceChange>
         </v1:request>
      </v1:serviceChangeRequest>
   </soapenv:Body>
</soapenv:Envelope>]]></con:request><con:assertion type="SOAP Fault Assertion" id="e741577e-be85-4887-bf16-8937e4ff3db9" name="Not SOAP Fault"/><con:assertion type="SOAP Response" id="567fc66a-7485-4613-a2d1-277dc3741ae4" name="SOAP Response"/><con:assertion type="Schema Compliance" id="07c14172-0ec4-46fb-9147-acd8e37dfd40" name="Schema Compliance"><con:configuration/></con:assertion><con:wsaConfig action="http://fidus.brussels/services/exportfromregondesservice/serviceChange"/></con:request></con:config></con:testStep><con:testStep type="request" id="a3f3de54-42c0-4c2b-824a-e211572ad257" name="testcase3 - Test - Worker1 - Request"><con:settings/><con:config xsi:type="con:RequestStep" xmlns:xsi="http://www.w3.org/2001/XMLSchema-instance"><con:interface>ExportFromRegondesServiceHTTPBinding</con:interface><con:operation>serviceChange</con:operation><con:request name="testcase3 - Test - Worker1 - Request" id="9c23a5f5-eeff-4d9c-ba00-6bda25b63895" outgoingWss="Outflow TEST"><con:settings/><con:encoding>UTF-8</con:encoding><con:endpoint>https://192.168.24.45:8443/services/ExportFromRegondesService_v1.0</con:endpoint><con:request><![CDATA[<soapenv:Envelope xmlns:soapenv="http://schemas.xmlsoap.org/soap/envelope/" xmlns:v1="http://fidus.brussels/service/exportfromregondesservice/messages/v1" xmlns:v11="http://fidus.brussels/type/common/messages/v1" xmlns:ser="http://www.minfin.fgov.be/regondes2/extern/taxservice/exports/serviceChanged" xmlns:com="http://www.minfin.fgov.be/regondes2/extern/taxservice/common">
   <soapenv:Header/>
   <soapenv:Body>
      <v1:serviceChangeRequest>
         <v1:messageContext>
            <v11:messageId>${=import static java.util.UUID.randomUUID; uuid = randomUUID() as String}</v11:messageId>
            <!--Optional:-->
            <v11:timestamp>${=new java.text.SimpleDateFormat("yyyy-MM-dd'T'HH:mm:ss.SSS").format(new Date())}</v11:timestamp>
         </v1:messageContext>
         <v1:legalContext>ServiceIntegrator</v1:legalContext>
         <v1:request>
            <ser:serviceChange>
               <ser:referenceFodFin>11223344</ser:referenceFodFin>
               <ser:initialService>
                  <!--Optional:-->
                  <com:technicalReference>1524</com:technicalReference>
                  <com:type>AAF</com:type>
                  <com:reference>reference</com:reference>
               </ser:initialService>
               <!--1 to 99 repetitions:-->
               <ser:transfer>
                  <ser:serviceName>CIRB</ser:serviceName>
                  <ser:dateIn>${=new java.text.SimpleDateFormat("yyyy-MM-dd").format(new Date())}</ser:dateIn>
                  <!--Optional:-->
                  <ser:dateOut>${=new java.text.SimpleDateFormat("yyyy-MM-dd").format(new Date())}</ser:dateOut>
                  <ser:official>
                     <ser:firstName>jean</ser:firstName>
                     <ser:lastName>baptist</ser:lastName>
                     <ser:phoneNumber>0452363621</ser:phoneNumber>
                     <ser:email>cisyapan@cirb.brussels</ser:email>
                  </ser:official>
               </ser:transfer>
            </ser:serviceChange>
         </v1:request>
      </v1:serviceChangeRequest>
   </soapenv:Body>
</soapenv:Envelope>]]></con:request><con:assertion type="SOAP Fault Assertion" id="f6468990-7a19-429e-99cf-aa230e091a09" name="Not SOAP Fault"/><con:assertion type="SOAP Response" id="904a1a97-2cdd-4afe-8835-ba4ff0c6cce2" name="SOAP Response"/><con:assertion type="Schema Compliance" id="c0b93820-8e3e-44d8-82ba-616c3768b60b" name="Schema Compliance"><con:configuration/></con:assertion><con:wsaConfig action="http://fidus.brussels/services/exportfromregondesservice/serviceChange"/></con:request></con:config></con:testStep><con:testStep type="request" id="56036e62-0aaa-4ef3-89c3-9f374321d017" name="testcase3 - Test - Worker2 - Request"><con:settings/><con:config xsi:type="con:RequestStep" xmlns:xsi="http://www.w3.org/2001/XMLSchema-instance"><con:interface>ExportFromRegondesServiceHTTPBinding</con:interface><con:operation>serviceChange</con:operation><con:request name="testcase3 - Test - Worker2 - Request" id="a1d36da4-cc1e-4274-8695-641ae3758171" outgoingWss="Outflow TEST"><con:settings/><con:encoding>UTF-8</con:encoding><con:endpoint>https://192.168.24.51:8443/services/ExportFromRegondesService_v1.0</con:endpoint><con:request><![CDATA[<soapenv:Envelope xmlns:soapenv="http://schemas.xmlsoap.org/soap/envelope/" xmlns:v1="http://fidus.brussels/service/exportfromregondesservice/messages/v1" xmlns:v11="http://fidus.brussels/type/common/messages/v1" xmlns:ser="http://www.minfin.fgov.be/regondes2/extern/taxservice/exports/serviceChanged" xmlns:com="http://www.minfin.fgov.be/regondes2/extern/taxservice/common">
   <soapenv:Header/>
   <soapenv:Body>
      <v1:serviceChangeRequest>
         <v1:messageContext>
            <v11:messageId>${=import static java.util.UUID.randomUUID; uuid = randomUUID() as String}</v11:messageId>
            <!--Optional:-->
            <v11:timestamp>${=new java.text.SimpleDateFormat("yyyy-MM-dd'T'HH:mm:ss.SSS").format(new Date())}</v11:timestamp>
         </v1:messageContext>
         <v1:legalContext>ServiceIntegrator</v1:legalContext>
         <v1:request>
            <ser:serviceChange>
               <ser:referenceFodFin>11223344</ser:referenceFodFin>
               <ser:initialService>
                  <!--Optional:-->
                  <com:technicalReference>1524</com:technicalReference>
                  <com:type>AAF</com:type>
                  <com:reference>reference</com:reference>
               </ser:initialService>
               <!--1 to 99 repetitions:-->
               <ser:transfer>
                  <ser:serviceName>CIRB</ser:serviceName>
                  <ser:dateIn>${=new java.text.SimpleDateFormat("yyyy-MM-dd").format(new Date())}</ser:dateIn>
                  <!--Optional:-->
                  <ser:dateOut>${=new java.text.SimpleDateFormat("yyyy-MM-dd").format(new Date())}</ser:dateOut>
                  <ser:official>
                     <ser:firstName>jean</ser:firstName>
                     <ser:lastName>baptist</ser:lastName>
                     <ser:phoneNumber>0452363621</ser:phoneNumber>
                     <ser:email>cisyapan@cirb.brussels</ser:email>
                  </ser:official>
               </ser:transfer>
            </ser:serviceChange>
         </v1:request>
      </v1:serviceChangeRequest>
   </soapenv:Body>
</soapenv:Envelope>]]></con:request><con:assertion type="SOAP Fault Assertion" id="b0441d2f-5098-44ef-8a68-720656929954" name="Not SOAP Fault"/><con:assertion type="SOAP Response" id="1b5f9bf4-3358-496d-9d31-b80bfbb06dbc" name="SOAP Response"/><con:assertion type="Schema Compliance" id="0ea3c028-308a-4857-a064-93c1d0d63f0d" name="Schema Compliance"><con:configuration/></con:assertion><con:wsaConfig action="http://fidus.brussels/services/exportfromregondesservice/serviceChange"/></con:request></con:config></con:testStep><con:testStep type="request" id="ee242a4b-e6af-4b52-9bef-01e531eeffd5" name="testcase3 - Test - External - Request"><con:settings/><con:config xsi:type="con:RequestStep" xmlns:xsi="http://www.w3.org/2001/XMLSchema-instance"><con:interface>ExportFromRegondesServiceHTTPBinding</con:interface><con:operation>serviceChange</con:operation><con:request name="testcase3 - Test - External - Request" id="c60237da-bc44-4134-b37a-9d74639d00bc" outgoingWss="Outflow TEST"><con:settings/><con:encoding>UTF-8</con:encoding><con:endpoint>https://fidus-test.irisnetlab.be/services/ExportFromRegondesService_v1.0</con:endpoint><con:request><![CDATA[<soapenv:Envelope xmlns:soapenv="http://schemas.xmlsoap.org/soap/envelope/" xmlns:v1="http://fidus.brussels/service/exportfromregondesservice/messages/v1" xmlns:v11="http://fidus.brussels/type/common/messages/v1" xmlns:ser="http://www.minfin.fgov.be/regondes2/extern/taxservice/exports/serviceChanged" xmlns:com="http://www.minfin.fgov.be/regondes2/extern/taxservice/common">
   <soapenv:Header/>
   <soapenv:Body>
      <v1:serviceChangeRequest>
         <v1:messageContext>
            <v11:messageId>${=import static java.util.UUID.randomUUID; uuid = randomUUID() as String}</v11:messageId>
            <!--Optional:-->
            <v11:timestamp>${=new java.text.SimpleDateFormat("yyyy-MM-dd'T'HH:mm:ss.SSS").format(new Date())}</v11:timestamp>
         </v1:messageContext>
         <v1:legalContext>ServiceIntegrator</v1:legalContext>
         <v1:request>
            <ser:serviceChange>
               <ser:referenceFodFin>11223344</ser:referenceFodFin>
               <ser:initialService>
                  <!--Optional:-->
                  <com:technicalReference>1524</com:technicalReference>
                  <com:type>AAF</com:type>
                  <com:reference>reference</com:reference>
               </ser:initialService>
               <!--1 to 99 repetitions:-->
               <ser:transfer>
                  <ser:serviceName>CIRB</ser:serviceName>
                  <ser:dateIn>${=new java.text.SimpleDateFormat("yyyy-MM-dd").format(new Date())}</ser:dateIn>
                  <!--Optional:-->
                  <ser:dateOut>${=new java.text.SimpleDateFormat("yyyy-MM-dd").format(new Date())}</ser:dateOut>
                  <ser:official>
                     <ser:firstName>jean</ser:firstName>
                     <ser:lastName>baptist</ser:lastName>
                     <ser:phoneNumber>0452363621</ser:phoneNumber>
                     <ser:email>cisyapan@cirb.brussels</ser:email>
                  </ser:official>
               </ser:transfer>
            </ser:serviceChange>
         </v1:request>
      </v1:serviceChangeRequest>
   </soapenv:Body>
</soapenv:Envelope>]]></con:request><con:assertion type="SOAP Fault Assertion" id="762b4723-f6f7-4a19-9db0-e8afa9641e7a" name="Not SOAP Fault"/><con:assertion type="SOAP Response" id="c36993ae-bd61-4b21-bbf8-1dd60cc56a2d" name="SOAP Response"/><con:assertion type="Schema Compliance" id="fb879ebd-fb9c-4608-a36d-ef977e0606c9" name="Schema Compliance"><con:configuration/></con:assertion><con:wsaConfig action="http://fidus.brussels/services/exportfromregondesservice/serviceChange"/></con:request></con:config></con:testStep><con:properties/></con:testCase><con:properties/></con:testSuite><con:testSuite id="ba86f73c-81ef-427a-af36-44d556de98f1" name="STAG"><con:settings/><con:runType>SEQUENTIAL</con:runType><con:testCase id="7a7c3e8a-e6e7-463f-b18d-4b904d3baa3f" failOnError="true" failTestCaseOnErrors="true" keepSession="false" maxResults="0" name="closedDossier" searchProperties="true"><con:settings/><con:testStep type="request" id="9424e64f-08e4-4754-8618-421412dbdfc9" name="testcase4 - Staging - LB - Request"><con:settings/><con:config xsi:type="con:RequestStep" xmlns:xsi="http://www.w3.org/2001/XMLSchema-instance"><con:interface>ExportFromRegondesServiceHTTPBinding</con:interface><con:operation>closedDossier</con:operation><con:request name="testcase4 - Staging - LB - Request" id="15cd466a-9660-45c6-82a5-bf883acb2fdc" outgoingWss="Outflow STAG"><con:settings/><con:encoding>UTF-8</con:encoding><con:endpoint>https://fidus-esb-sg.sta.srv.cirb.lan:8443/services/ExportFromRegondesService_v1.0</con:endpoint><con:request><![CDATA[<soapenv:Envelope xmlns:soapenv="http://schemas.xmlsoap.org/soap/envelope/" xmlns:v1="http://fidus.brussels/service/exportfromregondesservice/messages/v1" xmlns:v11="http://fidus.brussels/type/common/messages/v1" xmlns:clos="http://www.minfin.fgov.be/regondes2/extern/taxservice/exports/closedDossiers" xmlns:com="http://www.minfin.fgov.be/regondes2/extern/taxservice/common">
   <soapenv:Header/>
   <soapenv:Body>
      <v1:closedDossierRequest>
         <v1:messageContext>
            <v11:messageId>${=import static java.util.UUID.randomUUID; uuid = randomUUID() as String}</v11:messageId>
            <v11:timestamp>${=new java.text.SimpleDateFormat("yyyy-MM-dd'T'HH:mm:ss.SSS").format(new Date())}</v11:timestamp>
         </v1:messageContext>
         <v1:legalContext>ServiceIntegrator</v1:legalContext>
         <v1:request>
            <clos:closedDossier> 
               <clos:referenceFodFin>11223344</clos:referenceFodFin>
               <clos:fiscalYear>2017</clos:fiscalYear>
               <clos:initialService>
                  <com:technicalReference>technicalReference</com:technicalReference>
                  <com:type>AAF</com:type>
                  <clos:reference>reference</clos:reference>
               </clos:initialService>
               <clos:patrimonyInformation>
                  <clos:typeDossier>AA</clos:typeDossier>
                  <clos:patrimonyFrom>${=new java.text.SimpleDateFormat("yyyy-MM-dd").format(new Date())}</clos:patrimonyFrom>
                  <clos:patrimonyRef>1</clos:patrimonyRef>
                  <clos:cadastralDivisionCode>YYY</clos:cadastralDivisionCode>
                  <clos:articleNumber>51</clos:articleNumber>
               </clos:patrimonyInformation>
               <clos:report>
                  <clos:type>S</clos:type>
                  <clos:subtype>subtype</clos:subtype>
                  <clos:kind>INITIAL</clos:kind>
                  <clos:cadastralIncome>
                     <com:codeCadastralIncome>a</com:codeCadastralIncome>
                     <com:definitiveCadastralIncome>12</com:definitiveCadastralIncome>
                     <com:dateDefinitive>${=new java.text.SimpleDateFormat("yyyy-MM-dd").format(new Date())}</com:dateDefinitive>
                     <com:reasonDefinitive>my reason</com:reasonDefinitive>
                  </clos:cadastralIncome>
                  <clos:date>${=new java.text.SimpleDateFormat("yyyy-MM-dd").format(new Date())}</clos:date>
                  <clos:motivation>No motivation</clos:motivation>
                  <!--0 to 99 repetitions:-->
                  <clos:newState>
                     <!--1 to 999 repetitions:-->
                     <clos:parcel>
                        <clos:parcelNumber>
                           <clos:section>55254</clos:section>
                           <clos:groundNumber>9555</clos:groundNumber>
                           <clos:bisNumber>2525</clos:bisNumber>
                           <clos:exponent>1414</clos:exponent>
                           <clos:power>me</clos:power>
                           <clos:part>4</clos:part>
                        </clos:parcelNumber>
                        <clos:situation>invalid</clos:situation>
                        <clos:kind>no</clos:kind>
                        <clos:details>test</clos:details>
                        <!--You have a CHOICE of the next 2 items at this level-->
                        <clos:articleNumber>1141</clos:articleNumber>
                        <clos:sequenceNumber>3215</clos:sequenceNumber>
                        <!--0 to 99 repetitions:-->
                        <clos:cadastralInformation>
                           <clos:codeCadastralIncome>12</clos:codeCadastralIncome>
                           <clos:cadastralIncome>12</clos:cadastralIncome>
                           <clos:cadastralIncomePart>42</clos:cadastralIncomePart>
                           <clos:exemption>52</clos:exemption>
                           <clos:daysUnfruitful>5</clos:daysUnfruitful>
                        </clos:cadastralInformation>
                     </clos:parcel>
                     <!--1 to 999 repetitions:-->
                     <clos:owner>
                        <!--You have a CHOICE of the next 2 items at this level-->
                        <clos:person>
                           <!--You have a CHOICE of the next 3 items at this level-->
                           <clos:socialSecurityNumber>125</clos:socialSecurityNumber>
                           <clos:lastname>baptiste</clos:lastname>
                        </clos:person>
                        <clos:rights>Admin</clos:rights>
                        <clos:ownerType>LEGAL_PERSON</clos:ownerType>
                     </clos:owner>
                  </clos:newState>
               </clos:report>
               <!--0 to 99 repetitions:-->
               <clos:linkedDossier>
                  <clos:referenceInitialService>referenceInitialService</clos:referenceInitialService>
                  <clos:referenceFodFin>15</clos:referenceFodFin>
               </clos:linkedDossier>
               <!--0 to 99 repetitions:-->
               <clos:attachment>
                  <com:fileName>cirb</com:fileName>
                  <com:data>    1234   </com:data>
               </clos:attachment>
            </clos:closedDossier>
         </v1:request>
      </v1:closedDossierRequest>
   </soapenv:Body>
</soapenv:Envelope>]]></con:request><con:assertion type="SOAP Fault Assertion" id="cc59e261-8ac7-4d44-a5ca-9426ae73aea6" name="Not SOAP Fault"/><con:assertion type="SOAP Response" id="61581545-269c-4a66-a7b2-0c2e804b03e3" name="SOAP Response"/><con:assertion type="Schema Compliance" id="b7e50be2-809a-4316-8d2f-7ad59d8a54c6" name="Schema Compliance"><con:configuration/></con:assertion><con:wsaConfig action="http://fidus.brussels/services/exportfromregondesservice/closedDossier"/></con:request></con:config></con:testStep><con:testStep type="request" id="1e244730-df89-4bcb-9257-1a5c6b7d2a42" name="testcase4 - Staging - Worker1 - Request"><con:settings/><con:config xsi:type="con:RequestStep" xmlns:xsi="http://www.w3.org/2001/XMLSchema-instance"><con:interface>ExportFromRegondesServiceHTTPBinding</con:interface><con:operation>closedDossier</con:operation><con:request name="testcase4 - Staging - Worker1 - Request" id="a9818927-466d-40ea-b0b1-e696f602718e" outgoingWss="Outflow STAG"><con:settings/><con:encoding>UTF-8</con:encoding><con:endpoint>https://192.168.24.57:8443/services/ExportFromRegondesService_v1.0</con:endpoint><con:request><![CDATA[<soapenv:Envelope xmlns:soapenv="http://schemas.xmlsoap.org/soap/envelope/" xmlns:v1="http://fidus.brussels/service/exportfromregondesservice/messages/v1" xmlns:v11="http://fidus.brussels/type/common/messages/v1" xmlns:clos="http://www.minfin.fgov.be/regondes2/extern/taxservice/exports/closedDossiers" xmlns:com="http://www.minfin.fgov.be/regondes2/extern/taxservice/common">
   <soapenv:Header/>
   <soapenv:Body>
      <v1:closedDossierRequest>
         <v1:messageContext>
            <v11:messageId>${=import static java.util.UUID.randomUUID; uuid = randomUUID() as String}</v11:messageId>
            <v11:timestamp>${=new java.text.SimpleDateFormat("yyyy-MM-dd'T'HH:mm:ss.SSS").format(new Date())}</v11:timestamp>
         </v1:messageContext>
         <v1:legalContext>ServiceIntegrator</v1:legalContext>
         <v1:request>
            <clos:closedDossier> 
               <clos:referenceFodFin>11223344</clos:referenceFodFin>
               <clos:fiscalYear>2017</clos:fiscalYear>
               <clos:initialService>
                  <com:technicalReference>technicalReference</com:technicalReference>
                  <com:type>AAF</com:type>
                  <clos:reference>reference</clos:reference>
               </clos:initialService>
               <clos:patrimonyInformation>
                  <clos:typeDossier>AA</clos:typeDossier>
                  <clos:patrimonyFrom>${=new java.text.SimpleDateFormat("yyyy-MM-dd").format(new Date())}</clos:patrimonyFrom>
                  <clos:patrimonyRef>1</clos:patrimonyRef>
                  <clos:cadastralDivisionCode>YYY</clos:cadastralDivisionCode>
                  <clos:articleNumber>51</clos:articleNumber>
               </clos:patrimonyInformation>
               <clos:report>
                  <clos:type>S</clos:type>
                  <clos:subtype>subtype</clos:subtype>
                  <clos:kind>INITIAL</clos:kind>
                  <clos:cadastralIncome>
                     <com:codeCadastralIncome>a</com:codeCadastralIncome>
                     <com:definitiveCadastralIncome>12</com:definitiveCadastralIncome>
                     <com:dateDefinitive>${=new java.text.SimpleDateFormat("yyyy-MM-dd").format(new Date())}</com:dateDefinitive>
                     <com:reasonDefinitive>my reason</com:reasonDefinitive>
                  </clos:cadastralIncome>
                  <clos:date>${=new java.text.SimpleDateFormat("yyyy-MM-dd").format(new Date())}</clos:date>
                  <clos:motivation>No motivation</clos:motivation>
                  <!--0 to 99 repetitions:-->
                  <clos:newState>
                     <!--1 to 999 repetitions:-->
                     <clos:parcel>
                        <clos:parcelNumber>
                           <clos:section>55254</clos:section>
                           <clos:groundNumber>9555</clos:groundNumber>
                           <clos:bisNumber>2525</clos:bisNumber>
                           <clos:exponent>1414</clos:exponent>
                           <clos:power>me</clos:power>
                           <clos:part>4</clos:part>
                        </clos:parcelNumber>
                        <clos:situation>invalid</clos:situation>
                        <clos:kind>no</clos:kind>
                        <clos:details>test</clos:details>
                        <!--You have a CHOICE of the next 2 items at this level-->
                        <clos:articleNumber>1141</clos:articleNumber>
                        <clos:sequenceNumber>3215</clos:sequenceNumber>
                        <!--0 to 99 repetitions:-->
                        <clos:cadastralInformation>
                           <clos:codeCadastralIncome>12</clos:codeCadastralIncome>
                           <clos:cadastralIncome>12</clos:cadastralIncome>
                           <clos:cadastralIncomePart>42</clos:cadastralIncomePart>
                           <clos:exemption>52</clos:exemption>
                           <clos:daysUnfruitful>5</clos:daysUnfruitful>
                        </clos:cadastralInformation>
                     </clos:parcel>
                     <!--1 to 999 repetitions:-->
                     <clos:owner>
                        <!--You have a CHOICE of the next 2 items at this level-->
                        <clos:person>
                           <!--You have a CHOICE of the next 3 items at this level-->
                           <clos:socialSecurityNumber>125</clos:socialSecurityNumber>
                           <clos:lastname>baptiste</clos:lastname>
                        </clos:person>
                        <clos:rights>Admin</clos:rights>
                        <clos:ownerType>LEGAL_PERSON</clos:ownerType>
                     </clos:owner>
                  </clos:newState>
               </clos:report>
               <!--0 to 99 repetitions:-->
               <clos:linkedDossier>
                  <clos:referenceInitialService>referenceInitialService</clos:referenceInitialService>
                  <clos:referenceFodFin>15</clos:referenceFodFin>
               </clos:linkedDossier>
               <!--0 to 99 repetitions:-->
               <clos:attachment>
                  <com:fileName>cirb</com:fileName>
                  <com:data>    1234   </com:data>
               </clos:attachment>
            </clos:closedDossier>
         </v1:request>
      </v1:closedDossierRequest>
   </soapenv:Body>
</soapenv:Envelope>]]></con:request><con:assertion type="SOAP Fault Assertion" id="a60d91e4-bca9-4653-a4e2-76f42ee0ef34" name="Not SOAP Fault"/><con:assertion type="SOAP Response" id="95d6646c-112f-4eaf-9a7b-e51501df9126" name="SOAP Response"/><con:assertion type="Schema Compliance" id="d1d0db18-0dd4-4489-8a53-83c161c7dadb" name="Schema Compliance"><con:configuration/></con:assertion><con:wsaConfig action="http://fidus.brussels/services/exportfromregondesservice/closedDossier"/></con:request></con:config></con:testStep><con:testStep type="request" id="46b6ac12-941f-4db6-b7ce-d2e0066d8deb" name="testcase4 - Staging - Worker2 - Request"><con:settings/><con:config xsi:type="con:RequestStep" xmlns:xsi="http://www.w3.org/2001/XMLSchema-instance"><con:interface>ExportFromRegondesServiceHTTPBinding</con:interface><con:operation>closedDossier</con:operation><con:request name="testcase4 - Staging - Worker2 - Request" id="8caa2d69-6e2f-4866-a80d-b69583e7d3de" outgoingWss="Outflow STAG"><con:settings/><con:encoding>UTF-8</con:encoding><con:endpoint>https://192.168.24.64:8443/services/ExportFromRegondesService_v1.0</con:endpoint><con:request><![CDATA[<soapenv:Envelope xmlns:soapenv="http://schemas.xmlsoap.org/soap/envelope/" xmlns:v1="http://fidus.brussels/service/exportfromregondesservice/messages/v1" xmlns:v11="http://fidus.brussels/type/common/messages/v1" xmlns:clos="http://www.minfin.fgov.be/regondes2/extern/taxservice/exports/closedDossiers" xmlns:com="http://www.minfin.fgov.be/regondes2/extern/taxservice/common">
   <soapenv:Header/>
   <soapenv:Body>
      <v1:closedDossierRequest>
         <v1:messageContext>
            <v11:messageId>${=import static java.util.UUID.randomUUID; uuid = randomUUID() as String}</v11:messageId>
            <v11:timestamp>${=new java.text.SimpleDateFormat("yyyy-MM-dd'T'HH:mm:ss.SSS").format(new Date())}</v11:timestamp>
         </v1:messageContext>
         <v1:legalContext>ServiceIntegrator</v1:legalContext>
         <v1:request>
            <clos:closedDossier> 
               <clos:referenceFodFin>11223344</clos:referenceFodFin>
               <clos:fiscalYear>2017</clos:fiscalYear>
               <clos:initialService>
                  <com:technicalReference>technicalReference</com:technicalReference>
                  <com:type>AAF</com:type>
                  <clos:reference>reference</clos:reference>
               </clos:initialService>
               <clos:patrimonyInformation>
                  <clos:typeDossier>AA</clos:typeDossier>
                  <clos:patrimonyFrom>${=new java.text.SimpleDateFormat("yyyy-MM-dd").format(new Date())}</clos:patrimonyFrom>
                  <clos:patrimonyRef>1</clos:patrimonyRef>
                  <clos:cadastralDivisionCode>YYY</clos:cadastralDivisionCode>
                  <clos:articleNumber>51</clos:articleNumber>
               </clos:patrimonyInformation>
               <clos:report>
                  <clos:type>S</clos:type>
                  <clos:subtype>subtype</clos:subtype>
                  <clos:kind>INITIAL</clos:kind>
                  <clos:cadastralIncome>
                     <com:codeCadastralIncome>a</com:codeCadastralIncome>
                     <com:definitiveCadastralIncome>12</com:definitiveCadastralIncome>
                     <com:dateDefinitive>${=new java.text.SimpleDateFormat("yyyy-MM-dd").format(new Date())}</com:dateDefinitive>
                     <com:reasonDefinitive>my reason</com:reasonDefinitive>
                  </clos:cadastralIncome>
                  <clos:date>${=new java.text.SimpleDateFormat("yyyy-MM-dd").format(new Date())}</clos:date>
                  <clos:motivation>No motivation</clos:motivation>
                  <!--0 to 99 repetitions:-->
                  <clos:newState>
                     <!--1 to 999 repetitions:-->
                     <clos:parcel>
                        <clos:parcelNumber>
                           <clos:section>55254</clos:section>
                           <clos:groundNumber>9555</clos:groundNumber>
                           <clos:bisNumber>2525</clos:bisNumber>
                           <clos:exponent>1414</clos:exponent>
                           <clos:power>me</clos:power>
                           <clos:part>4</clos:part>
                        </clos:parcelNumber>
                        <clos:situation>invalid</clos:situation>
                        <clos:kind>no</clos:kind>
                        <clos:details>test</clos:details>
                        <!--You have a CHOICE of the next 2 items at this level-->
                        <clos:articleNumber>1141</clos:articleNumber>
                        <clos:sequenceNumber>3215</clos:sequenceNumber>
                        <!--0 to 99 repetitions:-->
                        <clos:cadastralInformation>
                           <clos:codeCadastralIncome>12</clos:codeCadastralIncome>
                           <clos:cadastralIncome>12</clos:cadastralIncome>
                           <clos:cadastralIncomePart>42</clos:cadastralIncomePart>
                           <clos:exemption>52</clos:exemption>
                           <clos:daysUnfruitful>5</clos:daysUnfruitful>
                        </clos:cadastralInformation>
                     </clos:parcel>
                     <!--1 to 999 repetitions:-->
                     <clos:owner>
                        <!--You have a CHOICE of the next 2 items at this level-->
                        <clos:person>
                           <!--You have a CHOICE of the next 3 items at this level-->
                           <clos:socialSecurityNumber>125</clos:socialSecurityNumber>
                           <clos:lastname>baptiste</clos:lastname>
                        </clos:person>
                        <clos:rights>Admin</clos:rights>
                        <clos:ownerType>LEGAL_PERSON</clos:ownerType>
                     </clos:owner>
                  </clos:newState>
               </clos:report>
               <!--0 to 99 repetitions:-->
               <clos:linkedDossier>
                  <clos:referenceInitialService>referenceInitialService</clos:referenceInitialService>
                  <clos:referenceFodFin>15</clos:referenceFodFin>
               </clos:linkedDossier>
               <!--0 to 99 repetitions:-->
               <clos:attachment>
                  <com:fileName>cirb</com:fileName>
                  <com:data>    1234   </com:data>
               </clos:attachment>
            </clos:closedDossier>
         </v1:request>
      </v1:closedDossierRequest>
   </soapenv:Body>
</soapenv:Envelope>]]></con:request><con:assertion type="SOAP Fault Assertion" id="ffed1d05-f502-49fc-b108-6789056d07ba" name="Not SOAP Fault"/><con:assertion type="SOAP Response" id="1dd8ede3-e223-4435-8f94-27f394956aff" name="SOAP Response"/><con:assertion type="Schema Compliance" id="3a93c4ac-d58e-4577-a525-19eacda516f0" name="Schema Compliance"><con:configuration/></con:assertion><con:wsaConfig action="http://fidus.brussels/services/exportfromregondesservice/closedDossier"/></con:request></con:config></con:testStep><con:testStep type="request" id="a57baf78-ca77-4766-906f-b9565a8bfb8a" name="testcase4 - Staging - External - Request"><con:settings/><con:config xsi:type="con:RequestStep" xmlns:xsi="http://www.w3.org/2001/XMLSchema-instance"><con:interface>ExportFromRegondesServiceHTTPBinding</con:interface><con:operation>closedDossier</con:operation><con:request name="testcase4 - Staging - External - Request" id="76cea5fb-6b10-4f9b-a95a-3fe519e0a1a5" outgoingWss="Outflow STAG"><con:settings/><con:encoding>UTF-8</con:encoding><con:endpoint>https://fidus.irisnetlab.be/services/ExportFromRegondesService_v1.0</con:endpoint><con:request><![CDATA[<soapenv:Envelope xmlns:soapenv="http://schemas.xmlsoap.org/soap/envelope/" xmlns:v1="http://fidus.brussels/service/exportfromregondesservice/messages/v1" xmlns:v11="http://fidus.brussels/type/common/messages/v1" xmlns:clos="http://www.minfin.fgov.be/regondes2/extern/taxservice/exports/closedDossiers" xmlns:com="http://www.minfin.fgov.be/regondes2/extern/taxservice/common">
   <soapenv:Header/>
   <soapenv:Body>
      <v1:closedDossierRequest>
         <v1:messageContext>
            <v11:messageId>${=import static java.util.UUID.randomUUID; uuid = randomUUID() as String}</v11:messageId>
            <v11:timestamp>${=new java.text.SimpleDateFormat("yyyy-MM-dd'T'HH:mm:ss.SSS").format(new Date())}</v11:timestamp>
         </v1:messageContext>
         <v1:legalContext>ServiceIntegrator</v1:legalContext>
         <v1:request>
            <clos:closedDossier> 
               <clos:referenceFodFin>11223344</clos:referenceFodFin>
               <clos:fiscalYear>2017</clos:fiscalYear>
               <clos:initialService>
                  <com:technicalReference>technicalReference</com:technicalReference>
                  <com:type>AAF</com:type>
                  <clos:reference>reference</clos:reference>
               </clos:initialService>
               <clos:patrimonyInformation>
                  <clos:typeDossier>AA</clos:typeDossier>
                  <clos:patrimonyFrom>${=new java.text.SimpleDateFormat("yyyy-MM-dd").format(new Date())}</clos:patrimonyFrom>
                  <clos:patrimonyRef>1</clos:patrimonyRef>
                  <clos:cadastralDivisionCode>YYY</clos:cadastralDivisionCode>
                  <clos:articleNumber>51</clos:articleNumber>
               </clos:patrimonyInformation>
               <clos:report>
                  <clos:type>S</clos:type>
                  <clos:subtype>subtype</clos:subtype>
                  <clos:kind>INITIAL</clos:kind>
                  <clos:cadastralIncome>
                     <com:codeCadastralIncome>a</com:codeCadastralIncome>
                     <com:definitiveCadastralIncome>12</com:definitiveCadastralIncome>
                     <com:dateDefinitive>${=new java.text.SimpleDateFormat("yyyy-MM-dd").format(new Date())}</com:dateDefinitive>
                     <com:reasonDefinitive>my reason</com:reasonDefinitive>
                  </clos:cadastralIncome>
                  <clos:date>${=new java.text.SimpleDateFormat("yyyy-MM-dd").format(new Date())}</clos:date>
                  <clos:motivation>No motivation</clos:motivation>
                  <!--0 to 99 repetitions:-->
                  <clos:newState>
                     <!--1 to 999 repetitions:-->
                     <clos:parcel>
                        <clos:parcelNumber>
                           <clos:section>55254</clos:section>
                           <clos:groundNumber>9555</clos:groundNumber>
                           <clos:bisNumber>2525</clos:bisNumber>
                           <clos:exponent>1414</clos:exponent>
                           <clos:power>me</clos:power>
                           <clos:part>4</clos:part>
                        </clos:parcelNumber>
                        <clos:situation>invalid</clos:situation>
                        <clos:kind>no</clos:kind>
                        <clos:details>test</clos:details>
                        <!--You have a CHOICE of the next 2 items at this level-->
                        <clos:articleNumber>1141</clos:articleNumber>
                        <clos:sequenceNumber>3215</clos:sequenceNumber>
                        <!--0 to 99 repetitions:-->
                        <clos:cadastralInformation>
                           <clos:codeCadastralIncome>12</clos:codeCadastralIncome>
                           <clos:cadastralIncome>12</clos:cadastralIncome>
                           <clos:cadastralIncomePart>42</clos:cadastralIncomePart>
                           <clos:exemption>52</clos:exemption>
                           <clos:daysUnfruitful>5</clos:daysUnfruitful>
                        </clos:cadastralInformation>
                     </clos:parcel>
                     <!--1 to 999 repetitions:-->
                     <clos:owner>
                        <!--You have a CHOICE of the next 2 items at this level-->
                        <clos:person>
                           <!--You have a CHOICE of the next 3 items at this level-->
                           <clos:socialSecurityNumber>125</clos:socialSecurityNumber>
                           <clos:lastname>baptiste</clos:lastname>
                        </clos:person>
                        <clos:rights>Admin</clos:rights>
                        <clos:ownerType>LEGAL_PERSON</clos:ownerType>
                     </clos:owner>
                  </clos:newState>
               </clos:report>
               <!--0 to 99 repetitions:-->
               <clos:linkedDossier>
                  <clos:referenceInitialService>referenceInitialService</clos:referenceInitialService>
                  <clos:referenceFodFin>15</clos:referenceFodFin>
               </clos:linkedDossier>
               <!--0 to 99 repetitions:-->
               <clos:attachment>
                  <com:fileName>cirb</com:fileName>
                  <com:data>    1234   </com:data>
               </clos:attachment>
            </clos:closedDossier>
         </v1:request>
      </v1:closedDossierRequest>
   </soapenv:Body>
</soapenv:Envelope>]]></con:request><con:assertion type="SOAP Fault Assertion" id="bf9696f8-60bc-4743-b168-566d8366a678" name="Not SOAP Fault"/><con:assertion type="SOAP Response" id="bcc32830-2c4b-4130-ad1d-6dafdcad367f" name="SOAP Response"/><con:assertion type="Schema Compliance" id="62bc2fb9-f4ac-4ab1-8533-e073a0eebcf1" name="Schema Compliance"><con:configuration/></con:assertion><con:wsaConfig action="http://fidus.brussels/services/exportfromregondesservice/closedDossier"/></con:request></con:config></con:testStep><con:properties/></con:testCase><con:testCase id="432a9f6f-3d1f-4f39-90ad-7bf629e0794f" failOnError="true" failTestCaseOnErrors="true" keepSession="false" maxResults="0" name="postponedDossier" searchProperties="true"><con:settings/><con:testStep type="request" id="a5441e10-4675-4c0f-bd4a-d66f4aca2477" name="testcase4 - Staging - LB - Request"><con:settings/><con:config xsi:type="con:RequestStep" xmlns:xsi="http://www.w3.org/2001/XMLSchema-instance"><con:interface>ExportFromRegondesServiceHTTPBinding</con:interface><con:operation>postponedDossier</con:operation><con:request name="testcase4 - Staging - LB - Request" id="eb624a16-6889-4270-8c6d-1c8353c435d9" outgoingWss="Outflow STAG"><con:settings/><con:encoding>UTF-8</con:encoding><con:endpoint>https://fidus-esb-sg.sta.srv.cirb.lan:8443/services/ExportFromRegondesService_v1.0</con:endpoint><con:request><![CDATA[<soapenv:Envelope xmlns:soapenv="http://schemas.xmlsoap.org/soap/envelope/" xmlns:v1="http://fidus.brussels/service/exportfromregondesservice/messages/v1" xmlns:v11="http://fidus.brussels/type/common/messages/v1" xmlns:pos="http://www.minfin.fgov.be/regondes2/extern/taxservice/exports/postponedDossiers" xmlns:com="http://www.minfin.fgov.be/regondes2/extern/taxservice/common">
   <soapenv:Header/>
   <soapenv:Body>
      <v1:postponedDossierRequest>
         <v1:messageContext>
            <v11:messageId>${=import static java.util.UUID.randomUUID; uuid = randomUUID() as String}</v11:messageId>
            <!--Optional:-->
            <v11:timestamp>${=new java.text.SimpleDateFormat("yyyy-MM-dd'T'HH:mm:ss.SSS").format(new Date())}</v11:timestamp>
         </v1:messageContext>
         <v1:legalContext>ServiceIntegrator</v1:legalContext>
         <v1:request>
            <pos:postponedDossier>
               <pos:referenceFodFin>11223344</pos:referenceFodFin>
               <pos:initialService>
                  <!--Optional:-->
                  <com:technicalReference>technicalReference</com:technicalReference>
                  <com:type>AAF</com:type>
                  <com:reference>reference</com:reference>
               </pos:initialService>
               <pos:postponement>
                  <pos:datePostponement>${=new java.text.SimpleDateFormat("yyyy-MM-dd").format(new Date())}</pos:datePostponement>
                  <pos:reasonPostponed>TEST</pos:reasonPostponed>
                  <pos:newTargetDate>${=new java.text.SimpleDateFormat("yyyy-MM-dd").format(new Date())}</pos:newTargetDate>
               </pos:postponement>
            </pos:postponedDossier>
         </v1:request>
      </v1:postponedDossierRequest>
   </soapenv:Body>
</soapenv:Envelope>]]></con:request><con:assertion type="SOAP Fault Assertion" id="c8e0a61c-e7ed-4e97-acb2-27f76bd758e0" name="Not SOAP Fault"/><con:assertion type="SOAP Response" id="92eb1ab3-e698-4c5f-b8eb-769cb2093f7e" name="SOAP Response"/><con:assertion type="Schema Compliance" id="0b57bfa4-3d1f-40da-a592-789f942d8410" name="Schema Compliance"><con:configuration/></con:assertion><con:wsaConfig action="http://fidus.brussels/services/exportfromregondesservice/postponedDossier"/></con:request></con:config></con:testStep><con:testStep type="request" id="07c8ec6f-89bf-4254-8b4e-2de2ac268808" name="testcase4 - Staging - Worker1 - Request"><con:settings/><con:config xsi:type="con:RequestStep" xmlns:xsi="http://www.w3.org/2001/XMLSchema-instance"><con:interface>ExportFromRegondesServiceHTTPBinding</con:interface><con:operation>postponedDossier</con:operation><con:request name="testcase4 - Staging - Worker1 - Request" id="2a096bc6-067f-49cc-b591-0499241bafce" outgoingWss="Outflow STAG"><con:settings/><con:encoding>UTF-8</con:encoding><con:endpoint>https://192.168.24.57:8443/services/ExportFromRegondesService_v1.0</con:endpoint><con:request><![CDATA[<soapenv:Envelope xmlns:soapenv="http://schemas.xmlsoap.org/soap/envelope/" xmlns:v1="http://fidus.brussels/service/exportfromregondesservice/messages/v1" xmlns:v11="http://fidus.brussels/type/common/messages/v1" xmlns:pos="http://www.minfin.fgov.be/regondes2/extern/taxservice/exports/postponedDossiers" xmlns:com="http://www.minfin.fgov.be/regondes2/extern/taxservice/common">
   <soapenv:Header/>
   <soapenv:Body>
      <v1:postponedDossierRequest>
         <v1:messageContext>
            <v11:messageId>${=import static java.util.UUID.randomUUID; uuid = randomUUID() as String}</v11:messageId>
            <!--Optional:-->
            <v11:timestamp>${=new java.text.SimpleDateFormat("yyyy-MM-dd'T'HH:mm:ss.SSS").format(new Date())}</v11:timestamp>
         </v1:messageContext>
         <v1:legalContext>ServiceIntegrator</v1:legalContext>
         <v1:request>
            <pos:postponedDossier>
               <pos:referenceFodFin>11223344</pos:referenceFodFin>
               <pos:initialService>
                  <!--Optional:-->
                  <com:technicalReference>technicalReference</com:technicalReference>
                  <com:type>AAF</com:type>
                  <com:reference>reference</com:reference>
               </pos:initialService>
               <pos:postponement>
                  <pos:datePostponement>${=new java.text.SimpleDateFormat("yyyy-MM-dd").format(new Date())}</pos:datePostponement>
                  <pos:reasonPostponed>TEST</pos:reasonPostponed>
                  <pos:newTargetDate>${=new java.text.SimpleDateFormat("yyyy-MM-dd").format(new Date())}</pos:newTargetDate>
               </pos:postponement>
            </pos:postponedDossier>
         </v1:request>
      </v1:postponedDossierRequest>
   </soapenv:Body>
</soapenv:Envelope>]]></con:request><con:assertion type="SOAP Fault Assertion" id="a701c3e0-af33-4173-87ce-f96ecb5e88ca" name="Not SOAP Fault"/><con:assertion type="SOAP Response" id="7d5ada23-472c-41cf-9daa-96576163196b" name="SOAP Response"/><con:assertion type="Schema Compliance" id="9ce8f7da-333f-4062-928c-bcc5ac5807fc" name="Schema Compliance"><con:configuration/></con:assertion><con:wsaConfig action="http://fidus.brussels/services/exportfromregondesservice/postponedDossier"/></con:request></con:config></con:testStep><con:testStep type="request" id="a4ab9ff9-4c34-4cf7-9b70-b1c2a4b7f5e7" name="testcase4 - Staging - worker2 - Request"><con:settings/><con:config xsi:type="con:RequestStep" xmlns:xsi="http://www.w3.org/2001/XMLSchema-instance"><con:interface>ExportFromRegondesServiceHTTPBinding</con:interface><con:operation>postponedDossier</con:operation><con:request name="testcase4 - Staging - worker2 - Request" id="05fcaca5-e1fa-4a55-88ad-266055bc97c7" outgoingWss="Outflow STAG"><con:settings/><con:encoding>UTF-8</con:encoding><con:endpoint>https://192.168.24.17:8443/services/ExportFromRegondesService_v1.0</con:endpoint><con:request><![CDATA[<soapenv:Envelope xmlns:soapenv="http://schemas.xmlsoap.org/soap/envelope/" xmlns:v1="http://fidus.brussels/service/exportfromregondesservice/messages/v1" xmlns:v11="http://fidus.brussels/type/common/messages/v1" xmlns:pos="http://www.minfin.fgov.be/regondes2/extern/taxservice/exports/postponedDossiers" xmlns:com="http://www.minfin.fgov.be/regondes2/extern/taxservice/common">
   <soapenv:Header/>
   <soapenv:Body>
      <v1:postponedDossierRequest>
         <v1:messageContext>
            <v11:messageId>${=import static java.util.UUID.randomUUID; uuid = randomUUID() as String}</v11:messageId>
            <!--Optional:-->
            <v11:timestamp>${=new java.text.SimpleDateFormat("yyyy-MM-dd'T'HH:mm:ss.SSS").format(new Date())}</v11:timestamp>
         </v1:messageContext>
         <v1:legalContext>ServiceIntegrator</v1:legalContext>
         <v1:request>
            <pos:postponedDossier>
               <pos:referenceFodFin>11223344</pos:referenceFodFin>
               <pos:initialService>
                  <!--Optional:-->
                  <com:technicalReference>technicalReference</com:technicalReference>
                  <com:type>AAF</com:type>
                  <com:reference>reference</com:reference>
               </pos:initialService>
               <pos:postponement>
                  <pos:datePostponement>${=new java.text.SimpleDateFormat("yyyy-MM-dd").format(new Date())}</pos:datePostponement>
                  <pos:reasonPostponed>TEST</pos:reasonPostponed>
                  <pos:newTargetDate>${=new java.text.SimpleDateFormat("yyyy-MM-dd").format(new Date())}</pos:newTargetDate>
               </pos:postponement>
            </pos:postponedDossier>
         </v1:request>
      </v1:postponedDossierRequest>
   </soapenv:Body>
</soapenv:Envelope>]]></con:request><con:assertion type="SOAP Fault Assertion" id="78803228-2cbe-403f-9f89-b2c2994e50e7" name="Not SOAP Fault"/><con:assertion type="SOAP Response" id="c5003788-db89-4fb3-b1ad-8404e5a56792" name="SOAP Response"/><con:assertion type="Schema Compliance" id="362ce9be-4359-43a7-a54c-55863100b9ac" name="Schema Compliance"><con:configuration/></con:assertion><con:wsaConfig action="http://fidus.brussels/services/exportfromregondesservice/postponedDossier"/></con:request></con:config></con:testStep><con:testStep type="request" id="6d6a8169-652b-49ce-a4ed-8130fb354812" name="testcase4 - Staging - External - Request"><con:settings/><con:config xsi:type="con:RequestStep" xmlns:xsi="http://www.w3.org/2001/XMLSchema-instance"><con:interface>ExportFromRegondesServiceHTTPBinding</con:interface><con:operation>postponedDossier</con:operation><con:request name="testcase4 - Staging - External - Request" id="a01cd0dd-d78c-4d70-b429-a6447bb16bde" outgoingWss="Outflow STAG"><con:settings/><con:encoding>UTF-8</con:encoding><con:endpoint>https://fidus.irisnetlab.be/services/ExportFromRegondesService_v1.0</con:endpoint><con:request><![CDATA[<soapenv:Envelope xmlns:soapenv="http://schemas.xmlsoap.org/soap/envelope/" xmlns:v1="http://fidus.brussels/service/exportfromregondesservice/messages/v1" xmlns:v11="http://fidus.brussels/type/common/messages/v1" xmlns:pos="http://www.minfin.fgov.be/regondes2/extern/taxservice/exports/postponedDossiers" xmlns:com="http://www.minfin.fgov.be/regondes2/extern/taxservice/common">
   <soapenv:Header/>
   <soapenv:Body>
      <v1:postponedDossierRequest>
         <v1:messageContext>
            <v11:messageId>${=import static java.util.UUID.randomUUID; uuid = randomUUID() as String}</v11:messageId>
            <!--Optional:-->
            <v11:timestamp>${=new java.text.SimpleDateFormat("yyyy-MM-dd'T'HH:mm:ss.SSS").format(new Date())}</v11:timestamp>
         </v1:messageContext>
         <v1:legalContext>ServiceIntegrator</v1:legalContext>
         <v1:request>
            <pos:postponedDossier>
               <pos:referenceFodFin>11223344</pos:referenceFodFin>
               <pos:initialService>
                  <!--Optional:-->
                  <com:technicalReference>technicalReference</com:technicalReference>
                  <com:type>AAF</com:type>
                  <com:reference>reference</com:reference>
               </pos:initialService>
               <pos:postponement>
                  <pos:datePostponement>${=new java.text.SimpleDateFormat("yyyy-MM-dd").format(new Date())}</pos:datePostponement>
                  <pos:reasonPostponed>TEST</pos:reasonPostponed>
                  <pos:newTargetDate>${=new java.text.SimpleDateFormat("yyyy-MM-dd").format(new Date())}</pos:newTargetDate>
               </pos:postponement>
            </pos:postponedDossier>
         </v1:request>
      </v1:postponedDossierRequest>
   </soapenv:Body>
</soapenv:Envelope>]]></con:request><con:assertion type="SOAP Fault Assertion" id="fad1a929-fd65-4dd5-867d-9252c0daa808" name="Not SOAP Fault"/><con:assertion type="SOAP Response" id="1d92f0d7-37f7-4201-b39f-2f93ee1d08d0" name="SOAP Response"/><con:assertion type="Schema Compliance" id="f6e4e42c-0c2b-48fe-8c85-a3c888ab25d4" name="Schema Compliance"><con:configuration/></con:assertion><con:wsaConfig action="http://fidus.brussels/services/exportfromregondesservice/postponedDossier"/></con:request></con:config></con:testStep><con:properties/></con:testCase><con:testCase id="83db7ee2-ffd3-4b22-af5e-20c829c2a706" failOnError="true" failTestCaseOnErrors="true" keepSession="false" maxResults="0" name="serviceChange" searchProperties="true"><con:settings/><con:testStep type="request" id="25ad08bf-b1d2-44bc-9984-c4ab938316d4" name="testcase4 - Staging - LB - Request"><con:settings/><con:config xsi:type="con:RequestStep" xmlns:xsi="http://www.w3.org/2001/XMLSchema-instance"><con:interface>ExportFromRegondesServiceHTTPBinding</con:interface><con:operation>serviceChange</con:operation><con:request name="testcase4 - Staging - LB - Request" id="247e944e-c958-4cd6-9026-22a1cbc147a2" outgoingWss="Outflow STAG"><con:settings/><con:encoding>UTF-8</con:encoding><con:endpoint>https://fidus-esb-sg.sta.srv.cirb.lan:8443/services/ExportFromRegondesService_v1.0</con:endpoint><con:request><![CDATA[<soapenv:Envelope xmlns:soapenv="http://schemas.xmlsoap.org/soap/envelope/" xmlns:v1="http://fidus.brussels/service/exportfromregondesservice/messages/v1" xmlns:v11="http://fidus.brussels/type/common/messages/v1" xmlns:ser="http://www.minfin.fgov.be/regondes2/extern/taxservice/exports/serviceChanged" xmlns:com="http://www.minfin.fgov.be/regondes2/extern/taxservice/common">
   <soapenv:Header/>
   <soapenv:Body>
      <v1:serviceChangeRequest>
         <v1:messageContext>
            <v11:messageId>${=import static java.util.UUID.randomUUID; uuid = randomUUID() as String}</v11:messageId>
            <!--Optional:-->
            <v11:timestamp>${=new java.text.SimpleDateFormat("yyyy-MM-dd'T'HH:mm:ss.SSS").format(new Date())}</v11:timestamp>
         </v1:messageContext>
         <v1:legalContext>ServiceIntegrator</v1:legalContext>
         <v1:request>
            <ser:serviceChange>
               <ser:referenceFodFin>11223344</ser:referenceFodFin>
               <ser:initialService>
                  <!--Optional:-->
                  <com:technicalReference>1524</com:technicalReference>
                  <com:type>AAF</com:type>
                  <com:reference>reference</com:reference>
               </ser:initialService>
               <!--1 to 99 repetitions:-->
               <ser:transfer>
                  <ser:serviceName>CIRB</ser:serviceName>
                  <ser:dateIn>${=new java.text.SimpleDateFormat("yyyy-MM-dd").format(new Date())}</ser:dateIn>
                  <!--Optional:-->
                  <ser:dateOut>${=new java.text.SimpleDateFormat("yyyy-MM-dd").format(new Date())}</ser:dateOut>
                  <ser:official>
                     <ser:firstName>jean</ser:firstName>
                     <ser:lastName>baptist</ser:lastName>
                     <ser:phoneNumber>0452363621</ser:phoneNumber>
                     <ser:email>cisyapan@cirb.brussels</ser:email>
                  </ser:official>
               </ser:transfer>
            </ser:serviceChange>
         </v1:request>
      </v1:serviceChangeRequest>
   </soapenv:Body>
</soapenv:Envelope>]]></con:request><con:assertion type="SOAP Fault Assertion" id="ebb492b6-505b-48ed-92ec-ba0f5be1c45d" name="Not SOAP Fault"/><con:assertion type="SOAP Response" id="5a4a1e27-d33b-4313-8227-5d0c80fd37aa" name="SOAP Response"/><con:assertion type="Schema Compliance" id="de426f32-0056-4a6e-aa81-303422f02f26" name="Schema Compliance"><con:configuration/></con:assertion><con:wsaConfig action="http://fidus.brussels/services/exportfromregondesservice/serviceChange"/></con:request></con:config></con:testStep><con:testStep type="request" id="1b063a62-5638-4928-a1ff-33f2d2d67545" name="testcase4 - Staging - Worker1 - Request"><con:settings/><con:config xsi:type="con:RequestStep" xmlns:xsi="http://www.w3.org/2001/XMLSchema-instance"><con:interface>ExportFromRegondesServiceHTTPBinding</con:interface><con:operation>serviceChange</con:operation><con:request name="testcase4 - Staging - Worker1 - Request" id="446393b2-b6cf-4fd8-a49a-7cf26000ec3f" outgoingWss="Outflow STAG"><con:settings/><con:encoding>UTF-8</con:encoding><con:endpoint>https://192.168.24.57:8443/services/ExportFromRegondesService_v1.0</con:endpoint><con:request><![CDATA[<soapenv:Envelope xmlns:soapenv="http://schemas.xmlsoap.org/soap/envelope/" xmlns:v1="http://fidus.brussels/service/exportfromregondesservice/messages/v1" xmlns:v11="http://fidus.brussels/type/common/messages/v1" xmlns:ser="http://www.minfin.fgov.be/regondes2/extern/taxservice/exports/serviceChanged" xmlns:com="http://www.minfin.fgov.be/regondes2/extern/taxservice/common">
   <soapenv:Header/>
   <soapenv:Body>
      <v1:serviceChangeRequest>
         <v1:messageContext>
            <v11:messageId>${=import static java.util.UUID.randomUUID; uuid = randomUUID() as String}</v11:messageId>
            <!--Optional:-->
            <v11:timestamp>${=new java.text.SimpleDateFormat("yyyy-MM-dd'T'HH:mm:ss.SSS").format(new Date())}</v11:timestamp>
         </v1:messageContext>
         <v1:legalContext>ServiceIntegrator</v1:legalContext>
         <v1:request>
            <ser:serviceChange>
               <ser:referenceFodFin>11223344</ser:referenceFodFin>
               <ser:initialService>
                  <!--Optional:-->
                  <com:technicalReference>1524</com:technicalReference>
                  <com:type>AAF</com:type>
                  <com:reference>reference</com:reference>
               </ser:initialService>
               <!--1 to 99 repetitions:-->
               <ser:transfer>
                  <ser:serviceName>CIRB</ser:serviceName>
                  <ser:dateIn>${=new java.text.SimpleDateFormat("yyyy-MM-dd").format(new Date())}</ser:dateIn>
                  <!--Optional:-->
                  <ser:dateOut>${=new java.text.SimpleDateFormat("yyyy-MM-dd").format(new Date())}</ser:dateOut>
                  <ser:official>
                     <ser:firstName>jean</ser:firstName>
                     <ser:lastName>baptist</ser:lastName>
                     <ser:phoneNumber>0452363621</ser:phoneNumber>
                     <ser:email>cisyapan@cirb.brussels</ser:email>
                  </ser:official>
               </ser:transfer>
            </ser:serviceChange>
         </v1:request>
      </v1:serviceChangeRequest>
   </soapenv:Body>
</soapenv:Envelope>]]></con:request><con:assertion type="SOAP Fault Assertion" id="2693c9de-934e-43bc-bb90-e53e4ed19636" name="Not SOAP Fault"/><con:assertion type="SOAP Response" id="3876b28f-5138-41ef-8f22-7cb4abaf7dfc" name="SOAP Response"/><con:assertion type="Schema Compliance" id="ccf2afe5-12d4-46ae-beb3-1c722ec26b3d" name="Schema Compliance"><con:configuration/></con:assertion><con:wsaConfig action="http://fidus.brussels/services/exportfromregondesservice/serviceChange"/></con:request></con:config></con:testStep><con:testStep type="request" id="eed83732-f14f-468b-b46c-2d29617086f8" name="testcase4 - Staging - Worker2 - Request"><con:settings/><con:config xsi:type="con:RequestStep" xmlns:xsi="http://www.w3.org/2001/XMLSchema-instance"><con:interface>ExportFromRegondesServiceHTTPBinding</con:interface><con:operation>serviceChange</con:operation><con:request name="testcase4 - Staging - Worker2 - Request" id="72858683-2c61-432d-8b2f-5bd5d5f55e69" outgoingWss="Outflow STAG"><con:settings/><con:encoding>UTF-8</con:encoding><con:endpoint>https://192.168.24.64:8443/services/ExportFromRegondesService_v1.0</con:endpoint><con:request><![CDATA[<soapenv:Envelope xmlns:soapenv="http://schemas.xmlsoap.org/soap/envelope/" xmlns:v1="http://fidus.brussels/service/exportfromregondesservice/messages/v1" xmlns:v11="http://fidus.brussels/type/common/messages/v1" xmlns:ser="http://www.minfin.fgov.be/regondes2/extern/taxservice/exports/serviceChanged" xmlns:com="http://www.minfin.fgov.be/regondes2/extern/taxservice/common">
   <soapenv:Header/>
   <soapenv:Body>
      <v1:serviceChangeRequest>
         <v1:messageContext>
            <v11:messageId>${=import static java.util.UUID.randomUUID; uuid = randomUUID() as String}</v11:messageId>
            <!--Optional:-->
            <v11:timestamp>${=new java.text.SimpleDateFormat("yyyy-MM-dd'T'HH:mm:ss.SSS").format(new Date())}</v11:timestamp>
         </v1:messageContext>
         <v1:legalContext>ServiceIntegrator</v1:legalContext>
         <v1:request>
            <ser:serviceChange>
               <ser:referenceFodFin>11223344</ser:referenceFodFin>
               <ser:initialService>
                  <!--Optional:-->
                  <com:technicalReference>1524</com:technicalReference>
                  <com:type>AAF</com:type>
                  <com:reference>reference</com:reference>
               </ser:initialService>
               <!--1 to 99 repetitions:-->
               <ser:transfer>
                  <ser:serviceName>CIRB</ser:serviceName>
                  <ser:dateIn>${=new java.text.SimpleDateFormat("yyyy-MM-dd").format(new Date())}</ser:dateIn>
                  <!--Optional:-->
                  <ser:dateOut>${=new java.text.SimpleDateFormat("yyyy-MM-dd").format(new Date())}</ser:dateOut>
                  <ser:official>
                     <ser:firstName>jean</ser:firstName>
                     <ser:lastName>baptist</ser:lastName>
                     <ser:phoneNumber>0452363621</ser:phoneNumber>
                     <ser:email>cisyapan@cirb.brussels</ser:email>
                  </ser:official>
               </ser:transfer>
            </ser:serviceChange>
         </v1:request>
      </v1:serviceChangeRequest>
   </soapenv:Body>
</soapenv:Envelope>]]></con:request><con:assertion type="SOAP Fault Assertion" id="b47bcce0-4bce-465a-8938-036a79a88af3" name="Not SOAP Fault"/><con:assertion type="SOAP Response" id="e5eefcc5-d0b0-4f0d-85bc-4f0ea325214a" name="SOAP Response"/><con:assertion type="Schema Compliance" id="f3e658c0-62db-472e-a19a-4c1cfe03da3a" name="Schema Compliance"><con:configuration/></con:assertion><con:wsaConfig action="http://fidus.brussels/services/exportfromregondesservice/serviceChange"/></con:request></con:config></con:testStep><con:testStep type="request" id="77366ffb-8506-4e0b-be0e-a9c6cea74e48" name="testcase4 - Staging - External - Request"><con:settings/><con:config xsi:type="con:RequestStep" xmlns:xsi="http://www.w3.org/2001/XMLSchema-instance"><con:interface>ExportFromRegondesServiceHTTPBinding</con:interface><con:operation>serviceChange</con:operation><con:request name="testcase4 - Staging - External - Request" id="fe9b7124-fd9e-4386-8f97-a8ed271bd98e" outgoingWss="Outflow STAG"><con:settings/><con:encoding>UTF-8</con:encoding><con:endpoint>https://fidus.irisnetlab.be/services/ExportFromRegondesService_v1.0</con:endpoint><con:request><![CDATA[<soapenv:Envelope xmlns:soapenv="http://schemas.xmlsoap.org/soap/envelope/" xmlns:v1="http://fidus.brussels/service/exportfromregondesservice/messages/v1" xmlns:v11="http://fidus.brussels/type/common/messages/v1" xmlns:ser="http://www.minfin.fgov.be/regondes2/extern/taxservice/exports/serviceChanged" xmlns:com="http://www.minfin.fgov.be/regondes2/extern/taxservice/common">
   <soapenv:Header/>
   <soapenv:Body>
      <v1:serviceChangeRequest>
         <v1:messageContext>
            <v11:messageId>${=import static java.util.UUID.randomUUID; uuid = randomUUID() as String}</v11:messageId>
            <!--Optional:-->
            <v11:timestamp>${=new java.text.SimpleDateFormat("yyyy-MM-dd'T'HH:mm:ss.SSS").format(new Date())}</v11:timestamp>
         </v1:messageContext>
         <v1:legalContext>ServiceIntegrator</v1:legalContext>
         <v1:request>
            <ser:serviceChange>
               <ser:referenceFodFin>11223344</ser:referenceFodFin>
               <ser:initialService>
                  <!--Optional:-->
                  <com:technicalReference>1524</com:technicalReference>
                  <com:type>AAF</com:type>
                  <com:reference>reference</com:reference>
               </ser:initialService>
               <!--1 to 99 repetitions:-->
               <ser:transfer>
                  <ser:serviceName>CIRB</ser:serviceName>
                  <ser:dateIn>${=new java.text.SimpleDateFormat("yyyy-MM-dd").format(new Date())}</ser:dateIn>
                  <!--Optional:-->
                  <ser:dateOut>${=new java.text.SimpleDateFormat("yyyy-MM-dd").format(new Date())}</ser:dateOut>
                  <ser:official>
                     <ser:firstName>jean</ser:firstName>
                     <ser:lastName>baptist</ser:lastName>
                     <ser:phoneNumber>0452363621</ser:phoneNumber>
                     <ser:email>cisyapan@cirb.brussels</ser:email>
                  </ser:official>
               </ser:transfer>
            </ser:serviceChange>
         </v1:request>
      </v1:serviceChangeRequest>
   </soapenv:Body>
</soapenv:Envelope>]]></con:request><con:assertion type="SOAP Fault Assertion" id="f05a47d1-fc8c-407d-be42-21baf0ea7630" name="Not SOAP Fault"/><con:assertion type="SOAP Response" id="5dedf4af-9074-4b21-a448-b437e1ec0840" name="SOAP Response"/><con:assertion type="Schema Compliance" id="11f66ee9-142a-4bd3-9497-6b5e4ae8dce6" name="Schema Compliance"><con:configuration/></con:assertion><con:wsaConfig action="http://fidus.brussels/services/exportfromregondesservice/serviceChange"/></con:request></con:config></con:testStep><con:properties/></con:testCase><con:properties/></con:testSuite><con:testSuite id="a151424d-9d27-4b94-8650-6ef5d117c4d2" name="PROD"><con:settings/><con:runType>SEQUENTIAL</con:runType><con:testCase id="8357ef76-7c22-4c4d-94c8-1d32ebbe63a7" failOnError="true" failTestCaseOnErrors="true" keepSession="false" maxResults="0" name="closedDossier" searchProperties="true"><con:settings/><con:testStep type="request" id="ac87ed25-8557-48bf-bf94-017bfb040f1b" name="testcase5 - Prod - LB - Request"><con:settings/><con:config xsi:type="con:RequestStep" xmlns:xsi="http://www.w3.org/2001/XMLSchema-instance"><con:interface>ExportFromRegondesServiceHTTPBinding</con:interface><con:operation>closedDossier</con:operation><con:request name="testcase5 - Prod - LB - Request" id="99755899-fd4f-4ccc-8814-53e69eab274a" outgoingWss="Outflow PROD"><con:settings/><con:encoding>UTF-8</con:encoding><con:endpoint>https://fidus-esb-sg.prd.srv.cirb.lan:8443/services/ExportFromRegondesService_v1.0</con:endpoint><con:request><![CDATA[<soapenv:Envelope xmlns:soapenv="http://schemas.xmlsoap.org/soap/envelope/" xmlns:v1="http://fidus.brussels/service/exportfromregondesservice/messages/v1" xmlns:v11="http://fidus.brussels/type/common/messages/v1" xmlns:clos="http://www.minfin.fgov.be/regondes2/extern/taxservice/exports/closedDossiers" xmlns:com="http://www.minfin.fgov.be/regondes2/extern/taxservice/common">
   <soapenv:Header/>
   <soapenv:Body>
      <v1:closedDossierRequest>
         <v1:messageContext>
            <v11:messageId>${=import static java.util.UUID.randomUUID; uuid = randomUUID() as String}</v11:messageId>
            <v11:timestamp>${=new java.text.SimpleDateFormat("yyyy-MM-dd'T'HH:mm:ss.SSS").format(new Date())}</v11:timestamp>
         </v1:messageContext>
         <v1:legalContext>ServiceIntegrator</v1:legalContext>
         <v1:request>
            <clos:closedDossier> 
               <clos:referenceFodFin>11223344</clos:referenceFodFin>
               <clos:fiscalYear>2017</clos:fiscalYear>
               <clos:initialService>
                  <com:technicalReference>technicalReference</com:technicalReference>
                  <com:type>AAF</com:type>
                  <clos:reference>reference</clos:reference>
               </clos:initialService>
               <clos:patrimonyInformation>
                  <clos:typeDossier>AA</clos:typeDossier>
                  <clos:patrimonyFrom>${=new java.text.SimpleDateFormat("yyyy-MM-dd").format(new Date())}</clos:patrimonyFrom>
                  <clos:patrimonyRef>1</clos:patrimonyRef>
                  <clos:cadastralDivisionCode>YYY</clos:cadastralDivisionCode>
                  <clos:articleNumber>51</clos:articleNumber>
               </clos:patrimonyInformation>
               <clos:report>
                  <clos:type>S</clos:type>
                  <clos:subtype>subtype</clos:subtype>
                  <clos:kind>INITIAL</clos:kind>
                  <clos:cadastralIncome>
                     <com:codeCadastralIncome>a</com:codeCadastralIncome>
                     <com:definitiveCadastralIncome>12</com:definitiveCadastralIncome>
                     <com:dateDefinitive>${=new java.text.SimpleDateFormat("yyyy-MM-dd").format(new Date())}</com:dateDefinitive>
                     <com:reasonDefinitive>my reason</com:reasonDefinitive>
                  </clos:cadastralIncome>
                  <clos:date>${=new java.text.SimpleDateFormat("yyyy-MM-dd").format(new Date())}</clos:date>
                  <clos:motivation>No motivation</clos:motivation>
                  <!--0 to 99 repetitions:-->
                  <clos:newState>
                     <!--1 to 999 repetitions:-->
                     <clos:parcel>
                        <clos:parcelNumber>
                           <clos:section>55254</clos:section>
                           <clos:groundNumber>9555</clos:groundNumber>
                           <clos:bisNumber>2525</clos:bisNumber>
                           <clos:exponent>1414</clos:exponent>
                           <clos:power>me</clos:power>
                           <clos:part>4</clos:part>
                        </clos:parcelNumber>
                        <clos:situation>invalid</clos:situation>
                        <clos:kind>no</clos:kind>
                        <clos:details>test</clos:details>
                        <!--You have a CHOICE of the next 2 items at this level-->
                        <clos:articleNumber>1141</clos:articleNumber>
                        <clos:sequenceNumber>3215</clos:sequenceNumber>
                        <!--0 to 99 repetitions:-->
                        <clos:cadastralInformation>
                           <clos:codeCadastralIncome>12</clos:codeCadastralIncome>
                           <clos:cadastralIncome>12</clos:cadastralIncome>
                           <clos:cadastralIncomePart>42</clos:cadastralIncomePart>
                           <clos:exemption>52</clos:exemption>
                           <clos:daysUnfruitful>5</clos:daysUnfruitful>
                        </clos:cadastralInformation>
                     </clos:parcel>
                     <!--1 to 999 repetitions:-->
                     <clos:owner>
                        <!--You have a CHOICE of the next 2 items at this level-->
                        <clos:person>
                           <!--You have a CHOICE of the next 3 items at this level-->
                           <clos:socialSecurityNumber>125</clos:socialSecurityNumber>
                           <clos:lastname>baptiste</clos:lastname>
                        </clos:person>
                        <clos:rights>Admin</clos:rights>
                        <clos:ownerType>LEGAL_PERSON</clos:ownerType>
                     </clos:owner>
                  </clos:newState>
               </clos:report>
               <!--0 to 99 repetitions:-->
               <clos:linkedDossier>
                  <clos:referenceInitialService>referenceInitialService</clos:referenceInitialService>
                  <clos:referenceFodFin>15</clos:referenceFodFin>
               </clos:linkedDossier>
               <!--0 to 99 repetitions:-->
               <clos:attachment>
                  <com:fileName>cirb</com:fileName>
                  <com:data>    1234   </com:data>
               </clos:attachment>
            </clos:closedDossier>
         </v1:request>
      </v1:closedDossierRequest>
   </soapenv:Body>
</soapenv:Envelope>]]></con:request><con:assertion type="SOAP Fault Assertion" id="b16f592e-18bf-43b4-9fd6-37c74e175005" name="Not SOAP Fault"/><con:assertion type="SOAP Response" id="081622de-7f99-495a-8e87-619325311d71" name="SOAP Response"/><con:assertion type="Schema Compliance" id="7d595788-5623-4532-ac38-722b0278e9d1" name="Schema Compliance"><con:configuration/></con:assertion><con:wsaConfig action="http://fidus.brussels/services/exportfromregondesservice/closedDossier"/></con:request></con:config></con:testStep><con:testStep type="request" id="7513ba66-20a3-4d93-b8b3-a0d5fc56827c" name="testcase5 - Prod - Worker1 - Request"><con:settings/><con:config xsi:type="con:RequestStep" xmlns:xsi="http://www.w3.org/2001/XMLSchema-instance"><con:interface>ExportFromRegondesServiceHTTPBinding</con:interface><con:operation>closedDossier</con:operation><con:request name="testcase5 - Prod - Worker1 - Request" id="cccce544-f4af-416f-abdf-d26f400c2a70" outgoingWss="Outflow PROD"><con:settings/><con:encoding>UTF-8</con:encoding><con:endpoint>https://192.168.26.22:8443/services/ExportFromRegondesService_v1.0</con:endpoint><con:request><![CDATA[<soapenv:Envelope xmlns:soapenv="http://schemas.xmlsoap.org/soap/envelope/" xmlns:v1="http://fidus.brussels/service/exportfromregondesservice/messages/v1" xmlns:v11="http://fidus.brussels/type/common/messages/v1" xmlns:clos="http://www.minfin.fgov.be/regondes2/extern/taxservice/exports/closedDossiers" xmlns:com="http://www.minfin.fgov.be/regondes2/extern/taxservice/common">
   <soapenv:Header/>
   <soapenv:Body>
      <v1:closedDossierRequest>
         <v1:messageContext>
            <v11:messageId>${=import static java.util.UUID.randomUUID; uuid = randomUUID() as String}</v11:messageId>
            <v11:timestamp>${=new java.text.SimpleDateFormat("yyyy-MM-dd'T'HH:mm:ss.SSS").format(new Date())}</v11:timestamp>
         </v1:messageContext>
         <v1:legalContext>ServiceIntegrator</v1:legalContext>
         <v1:request>
            <clos:closedDossier> 
               <clos:referenceFodFin>11223344</clos:referenceFodFin>
               <clos:fiscalYear>2017</clos:fiscalYear>
               <clos:initialService>
                  <com:technicalReference>technicalReference</com:technicalReference>
                  <com:type>AAF</com:type>
                  <clos:reference>reference</clos:reference>
               </clos:initialService>
               <clos:patrimonyInformation>
                  <clos:typeDossier>AA</clos:typeDossier>
                  <clos:patrimonyFrom>${=new java.text.SimpleDateFormat("yyyy-MM-dd").format(new Date())}</clos:patrimonyFrom>
                  <clos:patrimonyRef>1</clos:patrimonyRef>
                  <clos:cadastralDivisionCode>YYY</clos:cadastralDivisionCode>
                  <clos:articleNumber>51</clos:articleNumber>
               </clos:patrimonyInformation>
               <clos:report>
                  <clos:type>S</clos:type>
                  <clos:subtype>subtype</clos:subtype>
                  <clos:kind>INITIAL</clos:kind>
                  <clos:cadastralIncome>
                     <com:codeCadastralIncome>a</com:codeCadastralIncome>
                     <com:definitiveCadastralIncome>12</com:definitiveCadastralIncome>
                     <com:dateDefinitive>${=new java.text.SimpleDateFormat("yyyy-MM-dd").format(new Date())}</com:dateDefinitive>
                     <com:reasonDefinitive>my reason</com:reasonDefinitive>
                  </clos:cadastralIncome>
                  <clos:date>${=new java.text.SimpleDateFormat("yyyy-MM-dd").format(new Date())}</clos:date>
                  <clos:motivation>No motivation</clos:motivation>
                  <!--0 to 99 repetitions:-->
                  <clos:newState>
                     <!--1 to 999 repetitions:-->
                     <clos:parcel>
                        <clos:parcelNumber>
                           <clos:section>55254</clos:section>
                           <clos:groundNumber>9555</clos:groundNumber>
                           <clos:bisNumber>2525</clos:bisNumber>
                           <clos:exponent>1414</clos:exponent>
                           <clos:power>me</clos:power>
                           <clos:part>4</clos:part>
                        </clos:parcelNumber>
                        <clos:situation>invalid</clos:situation>
                        <clos:kind>no</clos:kind>
                        <clos:details>test</clos:details>
                        <!--You have a CHOICE of the next 2 items at this level-->
                        <clos:articleNumber>1141</clos:articleNumber>
                        <clos:sequenceNumber>3215</clos:sequenceNumber>
                        <!--0 to 99 repetitions:-->
                        <clos:cadastralInformation>
                           <clos:codeCadastralIncome>12</clos:codeCadastralIncome>
                           <clos:cadastralIncome>12</clos:cadastralIncome>
                           <clos:cadastralIncomePart>42</clos:cadastralIncomePart>
                           <clos:exemption>52</clos:exemption>
                           <clos:daysUnfruitful>5</clos:daysUnfruitful>
                        </clos:cadastralInformation>
                     </clos:parcel>
                     <!--1 to 999 repetitions:-->
                     <clos:owner>
                        <!--You have a CHOICE of the next 2 items at this level-->
                        <clos:person>
                           <!--You have a CHOICE of the next 3 items at this level-->
                           <clos:socialSecurityNumber>125</clos:socialSecurityNumber>
                           <clos:lastname>baptiste</clos:lastname>
                        </clos:person>
                        <clos:rights>Admin</clos:rights>
                        <clos:ownerType>LEGAL_PERSON</clos:ownerType>
                     </clos:owner>
                  </clos:newState>
               </clos:report>
               <!--0 to 99 repetitions:-->
               <clos:linkedDossier>
                  <clos:referenceInitialService>referenceInitialService</clos:referenceInitialService>
                  <clos:referenceFodFin>15</clos:referenceFodFin>
               </clos:linkedDossier>
               <!--0 to 99 repetitions:-->
               <clos:attachment>
                  <com:fileName>cirb</com:fileName>
                  <com:data>    1234   </com:data>
               </clos:attachment>
            </clos:closedDossier>
         </v1:request>
      </v1:closedDossierRequest>
   </soapenv:Body>
</soapenv:Envelope>]]></con:request><con:assertion type="SOAP Fault Assertion" id="dde31952-1746-4c82-9acf-f20db16409a8" name="Not SOAP Fault"/><con:assertion type="SOAP Response" id="22266c53-e2e5-4ade-bb4d-3d7ad2a2aac7" name="SOAP Response"/><con:assertion type="Schema Compliance" id="e5b559a4-e1c9-4370-92f4-d598052c7c80" name="Schema Compliance"><con:configuration/></con:assertion><con:wsaConfig action="http://fidus.brussels/services/exportfromregondesservice/closedDossier"/></con:request></con:config></con:testStep><con:testStep type="request" id="cbc457a4-2117-4e6b-b9d0-dd18c074e76c" name="testcase5 - Prod - External - Request"><con:settings/><con:config xsi:type="con:RequestStep" xmlns:xsi="http://www.w3.org/2001/XMLSchema-instance"><con:interface>ExportFromRegondesServiceHTTPBinding</con:interface><con:operation>closedDossier</con:operation><con:request name="testcase5 - Prod - External - Request" id="22d999e2-8f5f-4346-bb46-a225f537b4dd" outgoingWss="Outflow PROD"><con:settings/><con:encoding>UTF-8</con:encoding><con:endpoint>https://fidus.sec.brussels/services/ExportFromRegondesservice_v1.0</con:endpoint><con:request><![CDATA[<soapenv:Envelope xmlns:soapenv="http://schemas.xmlsoap.org/soap/envelope/" xmlns:v1="http://fidus.brussels/service/exportfromregondesservice/messages/v1" xmlns:v11="http://fidus.brussels/type/common/messages/v1" xmlns:clos="http://www.minfin.fgov.be/regondes2/extern/taxservice/exports/closedDossiers" xmlns:com="http://www.minfin.fgov.be/regondes2/extern/taxservice/common">
   <soapenv:Header/>
   <soapenv:Body>
      <v1:closedDossierRequest>
         <v1:messageContext>
            <v11:messageId>${=import static java.util.UUID.randomUUID; uuid = randomUUID() as String}</v11:messageId>
            <v11:timestamp>${=new java.text.SimpleDateFormat("yyyy-MM-dd'T'HH:mm:ss.SSS").format(new Date())}</v11:timestamp>
         </v1:messageContext>
         <v1:legalContext>ServiceIntegrator</v1:legalContext>
         <v1:request>
            <clos:closedDossier> 
               <clos:referenceFodFin>11223344</clos:referenceFodFin>
               <clos:fiscalYear>2017</clos:fiscalYear>
               <clos:initialService>
                  <com:technicalReference>technicalReference</com:technicalReference>
                  <com:type>AAF</com:type>
                  <clos:reference>reference</clos:reference>
               </clos:initialService>
               <clos:patrimonyInformation>
                  <clos:typeDossier>AA</clos:typeDossier>
                  <clos:patrimonyFrom>${=new java.text.SimpleDateFormat("yyyy-MM-dd").format(new Date())}</clos:patrimonyFrom>
                  <clos:patrimonyRef>1</clos:patrimonyRef>
                  <clos:cadastralDivisionCode>YYY</clos:cadastralDivisionCode>
                  <clos:articleNumber>51</clos:articleNumber>
               </clos:patrimonyInformation>
               <clos:report>
                  <clos:type>S</clos:type>
                  <clos:subtype>subtype</clos:subtype>
                  <clos:kind>INITIAL</clos:kind>
                  <clos:cadastralIncome>
                     <com:codeCadastralIncome>a</com:codeCadastralIncome>
                     <com:definitiveCadastralIncome>12</com:definitiveCadastralIncome>
                     <com:dateDefinitive>${=new java.text.SimpleDateFormat("yyyy-MM-dd").format(new Date())}</com:dateDefinitive>
                     <com:reasonDefinitive>my reason</com:reasonDefinitive>
                  </clos:cadastralIncome>
                  <clos:date>${=new java.text.SimpleDateFormat("yyyy-MM-dd").format(new Date())}</clos:date>
                  <clos:motivation>No motivation</clos:motivation>
                  <!--0 to 99 repetitions:-->
                  <clos:newState>
                     <!--1 to 999 repetitions:-->
                     <clos:parcel>
                        <clos:parcelNumber>
                           <clos:section>55254</clos:section>
                           <clos:groundNumber>9555</clos:groundNumber>
                           <clos:bisNumber>2525</clos:bisNumber>
                           <clos:exponent>1414</clos:exponent>
                           <clos:power>me</clos:power>
                           <clos:part>4</clos:part>
                        </clos:parcelNumber>
                        <clos:situation>invalid</clos:situation>
                        <clos:kind>no</clos:kind>
                        <clos:details>test</clos:details>
                        <!--You have a CHOICE of the next 2 items at this level-->
                        <clos:articleNumber>1141</clos:articleNumber>
                        <clos:sequenceNumber>3215</clos:sequenceNumber>
                        <!--0 to 99 repetitions:-->
                        <clos:cadastralInformation>
                           <clos:codeCadastralIncome>12</clos:codeCadastralIncome>
                           <clos:cadastralIncome>12</clos:cadastralIncome>
                           <clos:cadastralIncomePart>42</clos:cadastralIncomePart>
                           <clos:exemption>52</clos:exemption>
                           <clos:daysUnfruitful>5</clos:daysUnfruitful>
                        </clos:cadastralInformation>
                     </clos:parcel>
                     <!--1 to 999 repetitions:-->
                     <clos:owner>
                        <!--You have a CHOICE of the next 2 items at this level-->
                        <clos:person>
                           <!--You have a CHOICE of the next 3 items at this level-->
                           <clos:socialSecurityNumber>125</clos:socialSecurityNumber>
                           <clos:lastname>baptiste</clos:lastname>
                        </clos:person>
                        <clos:rights>Admin</clos:rights>
                        <clos:ownerType>LEGAL_PERSON</clos:ownerType>
                     </clos:owner>
                  </clos:newState>
               </clos:report>
               <!--0 to 99 repetitions:-->
               <clos:linkedDossier>
                  <clos:referenceInitialService>referenceInitialService</clos:referenceInitialService>
                  <clos:referenceFodFin>15</clos:referenceFodFin>
               </clos:linkedDossier>
               <!--0 to 99 repetitions:-->
               <clos:attachment>
                  <com:fileName>cirb</com:fileName>
                  <com:data>    1234   </com:data>
               </clos:attachment>
            </clos:closedDossier>
         </v1:request>
      </v1:closedDossierRequest>
   </soapenv:Body>
</soapenv:Envelope>]]></con:request><con:assertion type="SOAP Fault Assertion" id="b4207c0c-0e99-4058-bd00-8a2a83e98325" name="Not SOAP Fault"/><con:assertion type="SOAP Response" id="5e7ba53c-e4bc-461d-9426-cd5fd4005138" name="SOAP Response"/><con:assertion type="Schema Compliance" id="8377c09a-cec6-48d9-9410-f2d2a37e7983" name="Schema Compliance"><con:configuration/></con:assertion><con:wsaConfig action="http://fidus.brussels/services/exportfromregondesservice/closedDossier"/></con:request></con:config></con:testStep><con:testStep type="request" id="2c43d00d-11e4-4a48-bfe5-625000d7923d" name="testcase5 - Prod - Worker2 - Request"><con:settings/><con:config xsi:type="con:RequestStep" xmlns:xsi="http://www.w3.org/2001/XMLSchema-instance"><con:interface>ExportFromRegondesServiceHTTPBinding</con:interface><con:operation>closedDossier</con:operation><con:request name="testcase5 - Prod - Worker2 - Request" id="7e73cfdd-f875-4013-8e50-805cea4c02bf" outgoingWss="Outflow PROD"><con:settings/><con:encoding>UTF-8</con:encoding><con:endpoint>https://192.168.26.19:8443/services/ExportFromRegondesService_v1.0</con:endpoint><con:request><![CDATA[<soapenv:Envelope xmlns:soapenv="http://schemas.xmlsoap.org/soap/envelope/" xmlns:v1="http://fidus.brussels/service/exportfromregondesservice/messages/v1" xmlns:v11="http://fidus.brussels/type/common/messages/v1" xmlns:clos="http://www.minfin.fgov.be/regondes2/extern/taxservice/exports/closedDossiers" xmlns:com="http://www.minfin.fgov.be/regondes2/extern/taxservice/common">
   <soapenv:Header/>
   <soapenv:Body>
      <v1:closedDossierRequest>
         <v1:messageContext>
            <v11:messageId>${=import static java.util.UUID.randomUUID; uuid = randomUUID() as String}</v11:messageId>
            <v11:timestamp>${=new java.text.SimpleDateFormat("yyyy-MM-dd'T'HH:mm:ss.SSS").format(new Date())}</v11:timestamp>
         </v1:messageContext>
         <v1:legalContext>ServiceIntegrator</v1:legalContext>
         <v1:request>
            <clos:closedDossier> 
               <clos:referenceFodFin>11223344</clos:referenceFodFin>
               <clos:fiscalYear>2017</clos:fiscalYear>
               <clos:initialService>
                  <com:technicalReference>technicalReference</com:technicalReference>
                  <com:type>AAF</com:type>
                  <clos:reference>reference</clos:reference>
               </clos:initialService>
               <clos:patrimonyInformation>
                  <clos:typeDossier>AA</clos:typeDossier>
                  <clos:patrimonyFrom>${=new java.text.SimpleDateFormat("yyyy-MM-dd").format(new Date())}</clos:patrimonyFrom>
                  <clos:patrimonyRef>1</clos:patrimonyRef>
                  <clos:cadastralDivisionCode>YYY</clos:cadastralDivisionCode>
                  <clos:articleNumber>51</clos:articleNumber>
               </clos:patrimonyInformation>
               <clos:report>
                  <clos:type>S</clos:type>
                  <clos:subtype>subtype</clos:subtype>
                  <clos:kind>INITIAL</clos:kind>
                  <clos:cadastralIncome>
                     <com:codeCadastralIncome>a</com:codeCadastralIncome>
                     <com:definitiveCadastralIncome>12</com:definitiveCadastralIncome>
                     <com:dateDefinitive>${=new java.text.SimpleDateFormat("yyyy-MM-dd").format(new Date())}</com:dateDefinitive>
                     <com:reasonDefinitive>my reason</com:reasonDefinitive>
                  </clos:cadastralIncome>
                  <clos:date>${=new java.text.SimpleDateFormat("yyyy-MM-dd").format(new Date())}</clos:date>
                  <clos:motivation>No motivation</clos:motivation>
                  <!--0 to 99 repetitions:-->
                  <clos:newState>
                     <!--1 to 999 repetitions:-->
                     <clos:parcel>
                        <clos:parcelNumber>
                           <clos:section>55254</clos:section>
                           <clos:groundNumber>9555</clos:groundNumber>
                           <clos:bisNumber>2525</clos:bisNumber>
                           <clos:exponent>1414</clos:exponent>
                           <clos:power>me</clos:power>
                           <clos:part>4</clos:part>
                        </clos:parcelNumber>
                        <clos:situation>invalid</clos:situation>
                        <clos:kind>no</clos:kind>
                        <clos:details>test</clos:details>
                        <!--You have a CHOICE of the next 2 items at this level-->
                        <clos:articleNumber>1141</clos:articleNumber>
                        <clos:sequenceNumber>3215</clos:sequenceNumber>
                        <!--0 to 99 repetitions:-->
                        <clos:cadastralInformation>
                           <clos:codeCadastralIncome>12</clos:codeCadastralIncome>
                           <clos:cadastralIncome>12</clos:cadastralIncome>
                           <clos:cadastralIncomePart>42</clos:cadastralIncomePart>
                           <clos:exemption>52</clos:exemption>
                           <clos:daysUnfruitful>5</clos:daysUnfruitful>
                        </clos:cadastralInformation>
                     </clos:parcel>
                     <!--1 to 999 repetitions:-->
                     <clos:owner>
                        <!--You have a CHOICE of the next 2 items at this level-->
                        <clos:person>
                           <!--You have a CHOICE of the next 3 items at this level-->
                           <clos:socialSecurityNumber>125</clos:socialSecurityNumber>
                           <clos:lastname>baptiste</clos:lastname>
                        </clos:person>
                        <clos:rights>Admin</clos:rights>
                        <clos:ownerType>LEGAL_PERSON</clos:ownerType>
                     </clos:owner>
                  </clos:newState>
               </clos:report>
               <!--0 to 99 repetitions:-->
               <clos:linkedDossier>
                  <clos:referenceInitialService>referenceInitialService</clos:referenceInitialService>
                  <clos:referenceFodFin>15</clos:referenceFodFin>
               </clos:linkedDossier>
               <!--0 to 99 repetitions:-->
               <clos:attachment>
                  <com:fileName>cirb</com:fileName>
                  <com:data>    1234   </com:data>
               </clos:attachment>
            </clos:closedDossier>
         </v1:request>
      </v1:closedDossierRequest>
   </soapenv:Body>
</soapenv:Envelope>]]></con:request><con:assertion type="SOAP Fault Assertion" id="e2d0c245-6a76-4b37-a06e-788595a6633f" name="Not SOAP Fault"/><con:assertion type="SOAP Response" id="e5afd6ab-afd6-4d65-b5c0-a07d807be3d0" name="SOAP Response"/><con:assertion type="Schema Compliance" id="07332f32-545e-4088-b281-ebf15a08e7fd" name="Schema Compliance"><con:configuration/></con:assertion><con:wsaConfig action="http://fidus.brussels/services/exportfromregondesservice/closedDossier"/></con:request></con:config></con:testStep><con:properties/></con:testCase><con:testCase id="be1db356-4187-4ff9-ba9d-db2ff56f5466" failOnError="true" failTestCaseOnErrors="true" keepSession="false" maxResults="0" name="postponedDossier" searchProperties="true"><con:settings/><con:testStep type="request" id="c9ea5a57-f220-4cba-b307-d5afceb89bf8" name="testcase5 - Prod - LB - Request"><con:settings/><con:config xsi:type="con:RequestStep" xmlns:xsi="http://www.w3.org/2001/XMLSchema-instance"><con:interface>ExportFromRegondesServiceHTTPBinding</con:interface><con:operation>postponedDossier</con:operation><con:request name="testcase5 - Prod - LB - Request" id="b1c821b0-26cd-4e1c-b315-7410cfa25759" outgoingWss="Outflow PROD"><con:settings/><con:encoding>UTF-8</con:encoding><con:endpoint>https://fidus-esb-sg.prd.srv.cirb.lan:8443/services/ExportFromRegondesService_v1.0</con:endpoint><con:request><![CDATA[<soapenv:Envelope xmlns:soapenv="http://schemas.xmlsoap.org/soap/envelope/" xmlns:v1="http://fidus.brussels/service/exportfromregondesservice/messages/v1" xmlns:v11="http://fidus.brussels/type/common/messages/v1" xmlns:pos="http://www.minfin.fgov.be/regondes2/extern/taxservice/exports/postponedDossiers" xmlns:com="http://www.minfin.fgov.be/regondes2/extern/taxservice/common">
   <soapenv:Header/>
   <soapenv:Body>
      <v1:postponedDossierRequest>
         <v1:messageContext>
            <v11:messageId>${=import static java.util.UUID.randomUUID; uuid = randomUUID() as String}</v11:messageId>
            <!--Optional:-->
            <v11:timestamp>${=new java.text.SimpleDateFormat("yyyy-MM-dd'T'HH:mm:ss.SSS").format(new Date())}</v11:timestamp>
         </v1:messageContext>
         <v1:legalContext>ServiceIntegrator</v1:legalContext>
         <v1:request>
            <pos:postponedDossier>
               <pos:referenceFodFin>11223344</pos:referenceFodFin>
               <pos:initialService>
                  <!--Optional:-->
                  <com:technicalReference>technicalReference</com:technicalReference>
                  <com:type>AAF</com:type>
                  <com:reference>reference</com:reference>
               </pos:initialService>
               <pos:postponement>
                  <pos:datePostponement>${=new java.text.SimpleDateFormat("yyyy-MM-dd").format(new Date())}</pos:datePostponement>
                  <pos:reasonPostponed>TEST</pos:reasonPostponed>
                  <pos:newTargetDate>${=new java.text.SimpleDateFormat("yyyy-MM-dd").format(new Date())}</pos:newTargetDate>
               </pos:postponement>
            </pos:postponedDossier>
         </v1:request>
      </v1:postponedDossierRequest>
   </soapenv:Body>
</soapenv:Envelope>]]></con:request><con:assertion type="SOAP Fault Assertion" id="6c70892f-4da9-4ec6-843d-1d5889d9502d" name="Not SOAP Fault"/><con:assertion type="SOAP Response" id="46ec2c62-957f-42a6-ae85-d93bcd05f07c" name="SOAP Response"/><con:assertion type="Schema Compliance" id="cf30dae8-f066-4624-8dda-e03c088e3871" name="Schema Compliance"><con:configuration/></con:assertion><con:wsaConfig action="http://fidus.brussels/services/exportfromregondesservice/postponedDossier"/></con:request></con:config></con:testStep><con:testStep type="request" id="ddd1f5c1-b482-4403-a1d5-7e45046e3a8b" name="testcase5 - Prod - External - Request"><con:settings/><con:config xsi:type="con:RequestStep" xmlns:xsi="http://www.w3.org/2001/XMLSchema-instance"><con:interface>ExportFromRegondesServiceHTTPBinding</con:interface><con:operation>postponedDossier</con:operation><con:request name="testcase5 - Prod - External - Request" id="a66391dc-ffb9-4bda-ac82-080a6b853d26" outgoingWss="Outflow PROD"><con:settings/><con:encoding>UTF-8</con:encoding><con:endpoint>https://fidus.sec.brussels/services/ExportFromRegondesservice_v1.0</con:endpoint><con:request><![CDATA[<soapenv:Envelope xmlns:soapenv="http://schemas.xmlsoap.org/soap/envelope/" xmlns:v1="http://fidus.brussels/service/exportfromregondesservice/messages/v1" xmlns:v11="http://fidus.brussels/type/common/messages/v1" xmlns:pos="http://www.minfin.fgov.be/regondes2/extern/taxservice/exports/postponedDossiers" xmlns:com="http://www.minfin.fgov.be/regondes2/extern/taxservice/common">
   <soapenv:Header/>
   <soapenv:Body>
      <v1:postponedDossierRequest>
         <v1:messageContext>
            <v11:messageId>${=import static java.util.UUID.randomUUID; uuid = randomUUID() as String}</v11:messageId>
            <!--Optional:-->
            <v11:timestamp>${=new java.text.SimpleDateFormat("yyyy-MM-dd'T'HH:mm:ss.SSS").format(new Date())}</v11:timestamp>
         </v1:messageContext>
         <v1:legalContext>ServiceIntegrator</v1:legalContext>
         <v1:request>
            <pos:postponedDossier>
               <pos:referenceFodFin>11223344</pos:referenceFodFin>
               <pos:initialService>
                  <!--Optional:-->
                  <com:technicalReference>technicalReference</com:technicalReference>
                  <com:type>AAF</com:type>
                  <com:reference>reference</com:reference>
               </pos:initialService>
               <pos:postponement>
                  <pos:datePostponement>${=new java.text.SimpleDateFormat("yyyy-MM-dd").format(new Date())}</pos:datePostponement>
                  <pos:reasonPostponed>TEST</pos:reasonPostponed>
                  <pos:newTargetDate>${=new java.text.SimpleDateFormat("yyyy-MM-dd").format(new Date())}</pos:newTargetDate>
               </pos:postponement>
            </pos:postponedDossier>
         </v1:request>
      </v1:postponedDossierRequest>
   </soapenv:Body>
</soapenv:Envelope>]]></con:request><con:assertion type="SOAP Fault Assertion" id="03519090-4276-43ac-8954-43d3abb28a8c" name="Not SOAP Fault"/><con:assertion type="SOAP Response" id="0c779f4a-e304-46be-a0d9-ec8e1605dbb9" name="SOAP Response"/><con:assertion type="Schema Compliance" id="8f5303de-dc6c-4c20-81f8-d1f6389a7e1a" name="Schema Compliance"><con:configuration/></con:assertion><con:wsaConfig action="http://fidus.brussels/services/exportfromregondesservice/postponedDossier"/></con:request></con:config></con:testStep><con:testStep type="request" id="b79c865d-6627-4281-8282-9924ef65d0a6" name="testcase5 - Prod - Worker1 - Request"><con:settings/><con:config xsi:type="con:RequestStep" xmlns:xsi="http://www.w3.org/2001/XMLSchema-instance"><con:interface>ExportFromRegondesServiceHTTPBinding</con:interface><con:operation>postponedDossier</con:operation><con:request name="testcase5 - Prod - Worker1 - Request" id="685d4132-b9c3-415e-baa3-14fe244d4868" outgoingWss="Outflow PROD"><con:settings/><con:encoding>UTF-8</con:encoding><con:endpoint>https://192.168.26.22:8443/services/ExportFromRegondesService_v1.0</con:endpoint><con:request><![CDATA[<soapenv:Envelope xmlns:soapenv="http://schemas.xmlsoap.org/soap/envelope/" xmlns:v1="http://fidus.brussels/service/exportfromregondesservice/messages/v1" xmlns:v11="http://fidus.brussels/type/common/messages/v1" xmlns:pos="http://www.minfin.fgov.be/regondes2/extern/taxservice/exports/postponedDossiers" xmlns:com="http://www.minfin.fgov.be/regondes2/extern/taxservice/common">
   <soapenv:Header/>
   <soapenv:Body>
      <v1:postponedDossierRequest>
         <v1:messageContext>
            <v11:messageId>${=import static java.util.UUID.randomUUID; uuid = randomUUID() as String}</v11:messageId>
            <!--Optional:-->
            <v11:timestamp>${=new java.text.SimpleDateFormat("yyyy-MM-dd'T'HH:mm:ss.SSS").format(new Date())}</v11:timestamp>
         </v1:messageContext>
         <v1:legalContext>ServiceIntegrator</v1:legalContext>
         <v1:request>
            <pos:postponedDossier>
               <pos:referenceFodFin>11223344</pos:referenceFodFin>
               <pos:initialService>
                  <!--Optional:-->
                  <com:technicalReference>technicalReference</com:technicalReference>
                  <com:type>AAF</com:type>
                  <com:reference>reference</com:reference>
               </pos:initialService>
               <pos:postponement>
                  <pos:datePostponement>${=new java.text.SimpleDateFormat("yyyy-MM-dd").format(new Date())}</pos:datePostponement>
                  <pos:reasonPostponed>TEST</pos:reasonPostponed>
                  <pos:newTargetDate>${=new java.text.SimpleDateFormat("yyyy-MM-dd").format(new Date())}</pos:newTargetDate>
               </pos:postponement>
            </pos:postponedDossier>
         </v1:request>
      </v1:postponedDossierRequest>
   </soapenv:Body>
</soapenv:Envelope>]]></con:request><con:assertion type="SOAP Fault Assertion" id="b562dd18-8ea9-4213-adcb-7a29a7e90f5d" name="Not SOAP Fault"/><con:assertion type="SOAP Response" id="49622d34-be74-4ec8-a663-fa26c8c675bb" name="SOAP Response"/><con:assertion type="Schema Compliance" id="d99a5108-9ff9-4a9e-bcf3-bb61208f1f26" name="Schema Compliance"><con:configuration/></con:assertion><con:wsaConfig action="http://fidus.brussels/services/exportfromregondesservice/postponedDossier"/></con:request></con:config></con:testStep><con:testStep type="request" id="3348041d-50d0-4dc8-b381-3d6f43301651" name="testcase5 - Prod - Worker2 - Request"><con:settings/><con:config xsi:type="con:RequestStep" xmlns:xsi="http://www.w3.org/2001/XMLSchema-instance"><con:interface>ExportFromRegondesServiceHTTPBinding</con:interface><con:operation>postponedDossier</con:operation><con:request name="testcase5 - Prod - Worker2 - Request" id="c78d2e2b-7d27-4218-9b0c-9d7bd575fd60" outgoingWss="Outflow PROD"><con:settings/><con:encoding>UTF-8</con:encoding><con:endpoint>https://192.168.26.19:8443/services/ExportFromRegondesService_v1.0</con:endpoint><con:request><![CDATA[<soapenv:Envelope xmlns:soapenv="http://schemas.xmlsoap.org/soap/envelope/" xmlns:v1="http://fidus.brussels/service/exportfromregondesservice/messages/v1" xmlns:v11="http://fidus.brussels/type/common/messages/v1" xmlns:pos="http://www.minfin.fgov.be/regondes2/extern/taxservice/exports/postponedDossiers" xmlns:com="http://www.minfin.fgov.be/regondes2/extern/taxservice/common">
   <soapenv:Header/>
   <soapenv:Body>
      <v1:postponedDossierRequest>
         <v1:messageContext>
            <v11:messageId>${=import static java.util.UUID.randomUUID; uuid = randomUUID() as String}</v11:messageId>
            <!--Optional:-->
            <v11:timestamp>${=new java.text.SimpleDateFormat("yyyy-MM-dd'T'HH:mm:ss.SSS").format(new Date())}</v11:timestamp>
         </v1:messageContext>
         <v1:legalContext>ServiceIntegrator</v1:legalContext>
         <v1:request>
            <pos:postponedDossier>
               <pos:referenceFodFin>11223344</pos:referenceFodFin>
               <pos:initialService>
                  <!--Optional:-->
                  <com:technicalReference>technicalReference</com:technicalReference>
                  <com:type>AAF</com:type>
                  <com:reference>reference</com:reference>
               </pos:initialService>
               <pos:postponement>
                  <pos:datePostponement>${=new java.text.SimpleDateFormat("yyyy-MM-dd").format(new Date())}</pos:datePostponement>
                  <pos:reasonPostponed>TEST</pos:reasonPostponed>
                  <pos:newTargetDate>${=new java.text.SimpleDateFormat("yyyy-MM-dd").format(new Date())}</pos:newTargetDate>
               </pos:postponement>
            </pos:postponedDossier>
         </v1:request>
      </v1:postponedDossierRequest>
   </soapenv:Body>
</soapenv:Envelope>]]></con:request><con:assertion type="SOAP Fault Assertion" id="5d4e43c5-9647-4928-b273-33ca7114acef" name="Not SOAP Fault"/><con:assertion type="SOAP Response" id="f0f7bf1e-c50a-4332-9398-0af06d6df302" name="SOAP Response"/><con:assertion type="Schema Compliance" id="c7e4c1f1-5e67-4b8b-8f60-9cecbaf59a95" name="Schema Compliance"><con:configuration/></con:assertion><con:wsaConfig action="http://fidus.brussels/services/exportfromregondesservice/postponedDossier"/></con:request></con:config></con:testStep><con:properties/></con:testCase><con:testCase id="08ac7282-36fc-4257-8a18-217b2d3d554d" failOnError="true" failTestCaseOnErrors="true" keepSession="false" maxResults="0" name="serviceChange" searchProperties="true"><con:settings/><con:testStep type="request" id="21b73e99-7609-4af9-a341-0c8ba0a73e36" name="testcase5 - Prod - LB - Request"><con:settings/><con:config xsi:type="con:RequestStep" xmlns:xsi="http://www.w3.org/2001/XMLSchema-instance"><con:interface>ExportFromRegondesServiceHTTPBinding</con:interface><con:operation>serviceChange</con:operation><con:request name="testcase5 - Prod - LB - Request" id="17e7f9a7-84c2-4115-9819-20e9f2c9f850" outgoingWss="Outflow PROD"><con:settings/><con:encoding>UTF-8</con:encoding><con:endpoint>https://fidus-esb-sg.prd.srv.cirb.lan:8443/services/ExportFromRegondesService_v1.0</con:endpoint><con:request><![CDATA[<soapenv:Envelope xmlns:soapenv="http://schemas.xmlsoap.org/soap/envelope/" xmlns:v1="http://fidus.brussels/service/exportfromregondesservice/messages/v1" xmlns:v11="http://fidus.brussels/type/common/messages/v1" xmlns:ser="http://www.minfin.fgov.be/regondes2/extern/taxservice/exports/serviceChanged" xmlns:com="http://www.minfin.fgov.be/regondes2/extern/taxservice/common">
   <soapenv:Header/>
   <soapenv:Body>
      <v1:serviceChangeRequest>
         <v1:messageContext>
            <v11:messageId>${=import static java.util.UUID.randomUUID; uuid = randomUUID() as String}</v11:messageId>
            <!--Optional:-->
            <v11:timestamp>${=new java.text.SimpleDateFormat("yyyy-MM-dd'T'HH:mm:ss.SSS").format(new Date())}</v11:timestamp>
         </v1:messageContext>
         <v1:legalContext>ServiceIntegrator</v1:legalContext>
         <v1:request>
            <ser:serviceChange>
               <ser:referenceFodFin>11223344</ser:referenceFodFin>
               <ser:initialService>
                  <!--Optional:-->
                  <com:technicalReference>1524</com:technicalReference>
                  <com:type>AAF</com:type>
                  <com:reference>reference</com:reference>
               </ser:initialService>
               <!--1 to 99 repetitions:-->
               <ser:transfer>
                  <ser:serviceName>CIRB</ser:serviceName>
                  <ser:dateIn>${=new java.text.SimpleDateFormat("yyyy-MM-dd").format(new Date())}</ser:dateIn>
                  <!--Optional:-->
                  <ser:dateOut>${=new java.text.SimpleDateFormat("yyyy-MM-dd").format(new Date())}</ser:dateOut>
                  <ser:official>
                     <ser:firstName>jean</ser:firstName>
                     <ser:lastName>baptist</ser:lastName>
                     <ser:phoneNumber>0452363621</ser:phoneNumber>
                     <ser:email>cisyapan@cirb.brussels</ser:email>
                  </ser:official>
               </ser:transfer>
            </ser:serviceChange>
         </v1:request>
      </v1:serviceChangeRequest>
   </soapenv:Body>
</soapenv:Envelope>]]></con:request><con:assertion type="SOAP Fault Assertion" id="30aaa5d4-eb0d-452a-8a3e-3f2874d109c1" name="Not SOAP Fault"/><con:assertion type="SOAP Response" id="14cde923-ce40-4f7a-8d41-b303c7012143" name="SOAP Response"/><con:assertion type="Schema Compliance" id="fd19282d-35a0-4043-a01c-f71a80a5d83f" name="Schema Compliance"><con:configuration/></con:assertion><con:wsaConfig action="http://fidus.brussels/services/exportfromregondesservice/serviceChange"/></con:request></con:config></con:testStep><con:testStep type="request" id="78a3aee1-880a-4fab-85cd-8b3caec093e9" name="testcase5 - Prod - External - Request"><con:settings/><con:config xsi:type="con:RequestStep" xmlns:xsi="http://www.w3.org/2001/XMLSchema-instance"><con:interface>ExportFromRegondesServiceHTTPBinding</con:interface><con:operation>serviceChange</con:operation><con:request name="testcase5 - Prod - External - Request" id="2d373468-522c-4382-8137-fcc52273a883" outgoingWss="Outflow PROD"><con:settings/><con:encoding>UTF-8</con:encoding><con:endpoint>https://fidus.sec.brussels/services/ExportFromRegondesservice_v1.0</con:endpoint><con:request><![CDATA[<soapenv:Envelope xmlns:soapenv="http://schemas.xmlsoap.org/soap/envelope/" xmlns:v1="http://fidus.brussels/service/exportfromregondesservice/messages/v1" xmlns:v11="http://fidus.brussels/type/common/messages/v1" xmlns:ser="http://www.minfin.fgov.be/regondes2/extern/taxservice/exports/serviceChanged" xmlns:com="http://www.minfin.fgov.be/regondes2/extern/taxservice/common">
   <soapenv:Header/>
   <soapenv:Body>
      <v1:serviceChangeRequest>
         <v1:messageContext>
            <v11:messageId>${=import static java.util.UUID.randomUUID; uuid = randomUUID() as String}</v11:messageId>
            <!--Optional:-->
            <v11:timestamp>${=new java.text.SimpleDateFormat("yyyy-MM-dd'T'HH:mm:ss.SSS").format(new Date())}</v11:timestamp>
         </v1:messageContext>
         <v1:legalContext>ServiceIntegrator</v1:legalContext>
         <v1:request>
            <ser:serviceChange>
               <ser:referenceFodFin>11223344</ser:referenceFodFin>
               <ser:initialService>
                  <!--Optional:-->
                  <com:technicalReference>1524</com:technicalReference>
                  <com:type>AAF</com:type>
                  <com:reference>reference</com:reference>
               </ser:initialService>
               <!--1 to 99 repetitions:-->
               <ser:transfer>
                  <ser:serviceName>CIRB</ser:serviceName>
                  <ser:dateIn>${=new java.text.SimpleDateFormat("yyyy-MM-dd").format(new Date())}</ser:dateIn>
                  <!--Optional:-->
                  <ser:dateOut>${=new java.text.SimpleDateFormat("yyyy-MM-dd").format(new Date())}</ser:dateOut>
                  <ser:official>
                     <ser:firstName>jean</ser:firstName>
                     <ser:lastName>baptist</ser:lastName>
                     <ser:phoneNumber>0452363621</ser:phoneNumber>
                     <ser:email>cisyapan@cirb.brussels</ser:email>
                  </ser:official>
               </ser:transfer>
            </ser:serviceChange>
         </v1:request>
      </v1:serviceChangeRequest>
   </soapenv:Body>
</soapenv:Envelope>]]></con:request><con:assertion type="SOAP Fault Assertion" id="23372928-71b8-4a08-8883-5785fc1bc8e4" name="Not SOAP Fault"/><con:assertion type="SOAP Response" id="476cf8df-5158-44a9-acbe-d6f9e18ca1ee" name="SOAP Response"/><con:assertion type="Schema Compliance" id="1f042696-b2cc-4670-bfe3-6d6a95a12f01" name="Schema Compliance"><con:configuration/></con:assertion><con:wsaConfig action="http://fidus.brussels/services/exportfromregondesservice/serviceChange"/></con:request></con:config></con:testStep><con:testStep type="request" id="c2eaadd0-df95-4009-ac61-41183be8e5a9" name="testcase5 - Prod - Worker1 - Request"><con:settings/><con:config xsi:type="con:RequestStep" xmlns:xsi="http://www.w3.org/2001/XMLSchema-instance"><con:interface>ExportFromRegondesServiceHTTPBinding</con:interface><con:operation>serviceChange</con:operation><con:request name="testcase5 - Prod - Worker1 - Request" id="b4e16bd8-e60c-498c-ae1c-34820c5b59d8" outgoingWss="Outflow PROD"><con:settings/><con:encoding>UTF-8</con:encoding><con:endpoint>https://192.168.26.22:8443/services/ExportFromRegondesService_v1.0</con:endpoint><con:request><![CDATA[<soapenv:Envelope xmlns:soapenv="http://schemas.xmlsoap.org/soap/envelope/" xmlns:v1="http://fidus.brussels/service/exportfromregondesservice/messages/v1" xmlns:v11="http://fidus.brussels/type/common/messages/v1" xmlns:ser="http://www.minfin.fgov.be/regondes2/extern/taxservice/exports/serviceChanged" xmlns:com="http://www.minfin.fgov.be/regondes2/extern/taxservice/common">
   <soapenv:Header/>
   <soapenv:Body>
      <v1:serviceChangeRequest>
         <v1:messageContext>
            <v11:messageId>${=import static java.util.UUID.randomUUID; uuid = randomUUID() as String}</v11:messageId>
            <!--Optional:-->
            <v11:timestamp>${=new java.text.SimpleDateFormat("yyyy-MM-dd'T'HH:mm:ss.SSS").format(new Date())}</v11:timestamp>
         </v1:messageContext>
         <v1:legalContext>ServiceIntegrator</v1:legalContext>
         <v1:request>
            <ser:serviceChange>
               <ser:referenceFodFin>11223344</ser:referenceFodFin>
               <ser:initialService>
                  <!--Optional:-->
                  <com:technicalReference>1524</com:technicalReference>
                  <com:type>AAF</com:type>
                  <com:reference>reference</com:reference>
               </ser:initialService>
               <!--1 to 99 repetitions:-->
               <ser:transfer>
                  <ser:serviceName>CIRB</ser:serviceName>
                  <ser:dateIn>${=new java.text.SimpleDateFormat("yyyy-MM-dd").format(new Date())}</ser:dateIn>
                  <!--Optional:-->
                  <ser:dateOut>${=new java.text.SimpleDateFormat("yyyy-MM-dd").format(new Date())}</ser:dateOut>
                  <ser:official>
                     <ser:firstName>jean</ser:firstName>
                     <ser:lastName>baptist</ser:lastName>
                     <ser:phoneNumber>0452363621</ser:phoneNumber>
                     <ser:email>cisyapan@cirb.brussels</ser:email>
                  </ser:official>
               </ser:transfer>
            </ser:serviceChange>
         </v1:request>
      </v1:serviceChangeRequest>
   </soapenv:Body>
</soapenv:Envelope>]]></con:request><con:assertion type="SOAP Fault Assertion" id="85998a91-9f61-4956-8e3d-f3e81f68d2ed" name="Not SOAP Fault"/><con:assertion type="SOAP Response" id="a422e6bb-6172-459a-a86f-a9d9809e3a5d" name="SOAP Response"/><con:assertion type="Schema Compliance" id="5688b6a9-2844-45b4-bbad-8f52f04c85f9" name="Schema Compliance"><con:configuration/></con:assertion><con:wsaConfig action="http://fidus.brussels/services/exportfromregondesservice/serviceChange"/></con:request></con:config></con:testStep><con:testStep type="request" id="4de4b96a-b39d-4d9e-9af5-b628a12aca28" name="testcase5 - Prod - Worker2 - Request"><con:settings/><con:config xsi:type="con:RequestStep" xmlns:xsi="http://www.w3.org/2001/XMLSchema-instance"><con:interface>ExportFromRegondesServiceHTTPBinding</con:interface><con:operation>serviceChange</con:operation><con:request name="testcase5 - Prod - Worker2 - Request" id="f458f9dc-f338-4475-9500-9cf20b009385" outgoingWss="Outflow PROD"><con:settings/><con:encoding>UTF-8</con:encoding><con:endpoint>https://192.168.26.19:8443/services/ExportFromRegondesService_v1.0</con:endpoint><con:request><![CDATA[<soapenv:Envelope xmlns:soapenv="http://schemas.xmlsoap.org/soap/envelope/" xmlns:v1="http://fidus.brussels/service/exportfromregondesservice/messages/v1" xmlns:v11="http://fidus.brussels/type/common/messages/v1" xmlns:ser="http://www.minfin.fgov.be/regondes2/extern/taxservice/exports/serviceChanged" xmlns:com="http://www.minfin.fgov.be/regondes2/extern/taxservice/common">
   <soapenv:Header/>
   <soapenv:Body>
      <v1:serviceChangeRequest>
         <v1:messageContext>
            <v11:messageId>${=import static java.util.UUID.randomUUID; uuid = randomUUID() as String}</v11:messageId>
            <!--Optional:-->
            <v11:timestamp>${=new java.text.SimpleDateFormat("yyyy-MM-dd'T'HH:mm:ss.SSS").format(new Date())}</v11:timestamp>
         </v1:messageContext>
         <v1:legalContext>ServiceIntegrator</v1:legalContext>
         <v1:request>
            <ser:serviceChange>
               <ser:referenceFodFin>11223344</ser:referenceFodFin>
               <ser:initialService>
                  <!--Optional:-->
                  <com:technicalReference>1524</com:technicalReference>
                  <com:type>AAF</com:type>
                  <com:reference>reference</com:reference>
               </ser:initialService>
               <!--1 to 99 repetitions:-->
               <ser:transfer>
                  <ser:serviceName>CIRB</ser:serviceName>
                  <ser:dateIn>${=new java.text.SimpleDateFormat("yyyy-MM-dd").format(new Date())}</ser:dateIn>
                  <!--Optional:-->
                  <ser:dateOut>${=new java.text.SimpleDateFormat("yyyy-MM-dd").format(new Date())}</ser:dateOut>
                  <ser:official>
                     <ser:firstName>jean</ser:firstName>
                     <ser:lastName>baptist</ser:lastName>
                     <ser:phoneNumber>0452363621</ser:phoneNumber>
                     <ser:email>cisyapan@cirb.brussels</ser:email>
                  </ser:official>
               </ser:transfer>
            </ser:serviceChange>
         </v1:request>
      </v1:serviceChangeRequest>
   </soapenv:Body>
</soapenv:Envelope>]]></con:request><con:assertion type="SOAP Fault Assertion" id="0aeb4b1f-2a00-427a-8564-ed196ec96610" name="Not SOAP Fault"/><con:assertion type="SOAP Response" id="90092071-e49f-4c5f-a290-9019e465b152" name="SOAP Response"/><con:assertion type="Schema Compliance" id="521be433-6442-47e7-badd-06046bf4a471" name="Schema Compliance"><con:configuration/></con:assertion><con:wsaConfig action="http://fidus.brussels/services/exportfromregondesservice/serviceChange"/></con:request></con:config></con:testStep><con:properties/></con:testCase><con:properties/></con:testSuite><con:properties/><con:wssContainer><con:crypto><con:source>data/wso2/keystores/user-rajarshi.jks</con:source><con:password>test@fidus01</con:password><con:type>KEYSTORE</con:type></con:crypto><con:outgoing><con:name>Outflow DEV</con:name></con:outgoing><con:outgoing><con:name>Outflow TEST</con:name><con:entry type="Signature" username="testuser-test.fidus.brussels" password="test@fidus01"><con:configuration><crypto>user-rajarshi.jks</crypto><keyIdentifierType>3</keyIdentifierType><signatureAlgorithm/><signatureCanonicalization/><useSingleCert>true</useSingleCert><digestAlgorithm/><customTokenValueType/><customTokenId/></con:configuration></con:entry><con:entry type="Timestamp"><con:configuration><timeToLive>300000</timeToLive><strictTimestamp>true</strictTimestamp></con:configuration></con:entry></con:outgoing><con:outgoing><con:name>Outflow STAG</con:name></con:outgoing><con:outgoing><con:name>Outflow PROD</con:name></con:outgoing></con:wssContainer><con:oAuth2ProfileContainer/><con:sensitiveInformation/></con:soapui-project>