<?xml version="1.0" encoding="UTF-8"?>
<con:soapui-project id="9166b53f-a96c-4ae3-9197-19d6eecc2215" activeEnvironment="Default" name="Client-CountryService-1.0-soapui-project" resourceRoot="" soapui-version="5.1.3" abortOnError="false" runType="SEQUENTIAL" xmlns:con="http://eviware.com/soapui/config"><con:settings/><con:interface xsi:type="con:WsdlInterface" id="ceeb42e6-bfcb-4a41-a078-3a105ca689c7" wsaVersion="NONE" name="CountryServiceHTTPBinding" type="wsdl" bindingName="{http://fidus.brussels/service/countryservice/v1}CountryServiceHTTPBinding" soapVersion="1_1" anonymous="optional" definition="/home/isr/git/parent/countryservice_1.0/CountryServiceGateway/src/main/resources/wsdl/countryService/1.0.0/CountryService_v1.wsdl" xmlns:xsi="http://www.w3.org/2001/XMLSchema-instance"><con:settings/><con:definitionCache type="TEXT" rootPart="file:/home/isr/git/parent/countryservice_1.0/CountryServiceGateway/src/main/resources/wsdl/countryService/1.0.0/CountryService_v1.wsdl"><con:part><con:url>file:/home/isr/git/parent/countryservice_1.0/CountryServiceGateway/src/main/resources/wsdl/countryService/1.0.0/CountryService_v1.wsdl</con:url><con:content><![CDATA[<wsdl:definitions targetNamespace="http://fidus.brussels/service/countryservice/v1" name="CountryService" xmlns:soap="http://schemas.xmlsoap.org/wsdl/soap/" xmlns:wsdl="http://schemas.xmlsoap.org/wsdl/" xmlns:xsd="http://www.w3.org/2001/XMLSchema" xmlns:mes="http://fidus.brussels/service/countryservice/messages/v1" xmlns:tns="http://fidus.brussels/service/countryservice/v1">
  <xsd:annotation>
    <xsd:documentation>CountryService WDSL v1.</xsd:documentation>
  </xsd:annotation>
  <wsdl:types>
    <xsd:schema targetNamespace="http://fidus.brussels/service/countryservice/v1" elementFormDefault="qualified">
      <xsd:import namespace="http://fidus.brussels/service/countryservice/messages/v1" schemaLocation="messages/countryServiceMessages_v1.xsd"/>
    </xsd:schema>
  </wsdl:types>
  <wsdl:message name="getAllIsoCodesRequestMessage">
    <wsdl:part name="GetAllIsoCodesRequest" element="mes:getAllIsoCodesRequest"/>
  </wsdl:message>
  <wsdl:message name="getAllIsoCodesResponseMessage">
    <wsdl:part name="GetAllIsoCodesResponse" element="mes:getAllIsoCodesResponse"/>
  </wsdl:message>
  <wsdl:message name="getAllNisCodesRequestMessage">
    <wsdl:part name="GetAllNisCodesRequest" element="mes:getAllNisCodesRequest"/>
  </wsdl:message>
  <wsdl:message name="getAllNisCodesResponseMessage">
    <wsdl:part name="GetAllNisCodesResponse" element="mes:getAllNisCodesResponse"/>
  </wsdl:message>
  <wsdl:message name="getAddressCountriesRequestMessage">
    <wsdl:part name="GetAddressCountriesRequest" element="mes:getAddressCountriesRequest"/>
  </wsdl:message>
  <wsdl:message name="getAddressCountriesResponseMessage">
    <wsdl:part name="GetAddressCountriesResponse" element="mes:getAddressCountriesResponse"/>
  </wsdl:message>
  <wsdl:message name="getAddressCountryRequestMessage">
    <wsdl:part name="GetAddressCountryRequest" element="mes:getAddressCountryRequest"/>
  </wsdl:message>
  <wsdl:message name="getAddressCountryResponseMessage">
    <wsdl:part name="GetAddressCountryResponse" element="mes:getAddressCountryResponse"/>
  </wsdl:message>
  <wsdl:message name="getAddressCountryHistoryRequestMessage">
    <wsdl:part name="GetAddressCountryHistoryRequest" element="mes:getAddressCountryHistoryRequest"/>
  </wsdl:message>
  <wsdl:message name="getAddressCountryHistoryResponseMessage">
    <wsdl:part name="GetAddressCountryHistoryResponse" element="mes:getAddressCountryHistoryResponse"/>
  </wsdl:message>
  <wsdl:message name="getNationalitiesRequestMessage">
    <wsdl:part name="GetNationalitiesRequest" element="mes:getNationalitiesRequest"/>
  </wsdl:message>
  <wsdl:message name="getNationalitiesResponseMessage">
    <wsdl:part name="GetNationalitiesResponse" element="mes:getNationalitiesResponse"/>
  </wsdl:message>
  <wsdl:message name="getNationalityRequestMessage">
    <wsdl:part name="GetNationalityRequest" element="mes:getNationalityRequest"/>
  </wsdl:message>
  <wsdl:message name="getNationalityResponseMessage">
    <wsdl:part name="GetNationalityResponse" element="mes:getNationalityResponse"/>
  </wsdl:message>
  <wsdl:message name="getNationalityHistoryRequestMessage">
    <wsdl:part name="GetNationalityHistoryRequest" element="mes:getNationalityHistoryRequest"/>
  </wsdl:message>
  <wsdl:message name="getNationalityHistoryResponseMessage">
    <wsdl:part name="GetNationalityHistoryResponse" element="mes:getNationalityHistoryResponse"/>
  </wsdl:message>
  <wsdl:message name="getPlaceCountriesRequestMessage">
    <wsdl:part name="GetPlaceCountriesRequest" element="mes:getPlaceCountriesRequest"/>
  </wsdl:message>
  <wsdl:message name="getPlaceCountriesResponseMessage">
    <wsdl:part name="GetPlaceCountriesResponse" element="mes:getPlaceCountriesResponse"/>
  </wsdl:message>
  <wsdl:message name="getPlaceCountryRequestMessage">
    <wsdl:part name="GetPlaceCountryRequest" element="mes:getPlaceCountryRequest"/>
  </wsdl:message>
  <wsdl:message name="getPlaceCountryResponseMessage">
    <wsdl:part name="GetPlaceCountryResponse" element="mes:getPlaceCountryResponse"/>
  </wsdl:message>
  <wsdl:message name="getPlaceCountryHistoryRequestMessage">
    <wsdl:part name="GetPlaceCountryHistoryRequest" element="mes:getPlaceCountryHistoryRequest"/>
  </wsdl:message>
  <wsdl:message name="getPlaceCountryHistoryResponseMessage">
    <wsdl:part name="GetPlaceCountryHistoryResponse" element="mes:getPlaceCountryHistoryResponse"/>
  </wsdl:message>
  <wsdl:portType name="CountryServicePortType">
    <wsdl:operation name="getAllIsoCodes">
      <wsdl:input message="tns:getAllIsoCodesRequestMessage"/>
      <wsdl:output message="tns:getAllIsoCodesResponseMessage"/>
    </wsdl:operation>
    <wsdl:operation name="getAllNisCodes">
      <wsdl:input message="tns:getAllNisCodesRequestMessage"/>
      <wsdl:output message="tns:getAllNisCodesResponseMessage"/>
    </wsdl:operation>
    <wsdl:operation name="getAddressCountries">
      <wsdl:input message="tns:getAddressCountriesRequestMessage"/>
      <wsdl:output message="tns:getAddressCountriesResponseMessage"/>
    </wsdl:operation>
    <wsdl:operation name="getAddressCountry">
      <wsdl:input message="tns:getAddressCountryRequestMessage"/>
      <wsdl:output message="tns:getAddressCountryResponseMessage"/>
    </wsdl:operation>
    <wsdl:operation name="getAddressCountryHistory">
      <wsdl:input message="tns:getAddressCountryHistoryRequestMessage"/>
      <wsdl:output message="tns:getAddressCountryHistoryResponseMessage"/>
    </wsdl:operation>
    <wsdl:operation name="getNationalities">
      <wsdl:input message="tns:getNationalitiesRequestMessage"/>
      <wsdl:output message="tns:getNationalitiesResponseMessage"/>
    </wsdl:operation>
    <wsdl:operation name="getNationality">
      <wsdl:input message="tns:getNationalityRequestMessage"/>
      <wsdl:output message="tns:getNationalityResponseMessage"/>
    </wsdl:operation>
    <wsdl:operation name="getNationalityHistory">
      <wsdl:input message="tns:getNationalityHistoryRequestMessage"/>
      <wsdl:output message="tns:getNationalityHistoryResponseMessage"/>
    </wsdl:operation>
    <wsdl:operation name="getPlaceCountries">
      <wsdl:input message="tns:getPlaceCountriesRequestMessage"/>
      <wsdl:output message="tns:getPlaceCountriesResponseMessage"/>
    </wsdl:operation>
    <wsdl:operation name="getPlaceCountry">
      <wsdl:input message="tns:getPlaceCountryRequestMessage"/>
      <wsdl:output message="tns:getPlaceCountryResponseMessage"/>
    </wsdl:operation>
    <wsdl:operation name="getPlaceCountryHistory">
      <wsdl:input message="tns:getPlaceCountryHistoryRequestMessage"/>
      <wsdl:output message="tns:getPlaceCountryHistoryResponseMessage"/>
    </wsdl:operation>
  </wsdl:portType>
  <wsdl:binding name="CountryServiceHTTPBinding" type="tns:CountryServicePortType">
    <soap:binding style="document" transport="http://schemas.xmlsoap.org/soap/http"/>
    <wsdl:operation name="getAllIsoCodes">
      <soap:operation soapAction="http://fidus.brussels/services/countryservice/getAllIsoCodes"/>
      <wsdl:input>
        <soap:body use="literal"/>
      </wsdl:input>
      <wsdl:output>
        <soap:body use="literal"/>
      </wsdl:output>
    </wsdl:operation>
    <wsdl:operation name="getAllNisCodes">
      <soap:operation soapAction="http://fidus.brussels/services/countryservice/getAllNisCodes"/>
      <wsdl:input>
        <soap:body use="literal"/>
      </wsdl:input>
      <wsdl:output>
        <soap:body use="literal"/>
      </wsdl:output>
    </wsdl:operation>
    <wsdl:operation name="getAddressCountries">
      <soap:operation soapAction="http://fidus.brussels/services/countryservice/getAddressCountries"/>
      <wsdl:input>
        <soap:body use="literal"/>
      </wsdl:input>
      <wsdl:output>
        <soap:body use="literal"/>
      </wsdl:output>
    </wsdl:operation>
    <wsdl:operation name="getAddressCountry">
      <soap:operation soapAction="http://fidus.brussels/services/countryservice/getAddressCountry"/>
      <wsdl:input>
        <soap:body use="literal"/>
      </wsdl:input>
      <wsdl:output>
        <soap:body use="literal"/>
      </wsdl:output>
    </wsdl:operation>
    <wsdl:operation name="getAddressCountryHistory">
      <soap:operation soapAction="http://fidus.brussels/services/countryservice/getAddressCountryHistory"/>
      <wsdl:input>
        <soap:body use="literal"/>
      </wsdl:input>
      <wsdl:output>
        <soap:body use="literal"/>
      </wsdl:output>
    </wsdl:operation>
    <wsdl:operation name="getNationalities">
      <soap:operation soapAction="http://fidus.brussels/services/countryservice/getNationalities"/>
      <wsdl:input>
        <soap:body use="literal"/>
      </wsdl:input>
      <wsdl:output>
        <soap:body use="literal"/>
      </wsdl:output>
    </wsdl:operation>
    <wsdl:operation name="getNationality">
      <soap:operation soapAction="http://fidus.brussels/services/countryservice/getNationality"/>
      <wsdl:input>
        <soap:body use="literal"/>
      </wsdl:input>
      <wsdl:output>
        <soap:body use="literal"/>
      </wsdl:output>
    </wsdl:operation>
    <wsdl:operation name="getNationalityHistory">
      <soap:operation soapAction="http://fidus.brussels/services/countryservice/getNationalityHistory"/>
      <wsdl:input>
        <soap:body use="literal"/>
      </wsdl:input>
      <wsdl:output>
        <soap:body use="literal"/>
      </wsdl:output>
    </wsdl:operation>
    <wsdl:operation name="getPlaceCountries">
      <soap:operation soapAction="http://fidus.brussels/services/countryservice/getPlaceCountries"/>
      <wsdl:input>
        <soap:body use="literal"/>
      </wsdl:input>
      <wsdl:output>
        <soap:body use="literal"/>
      </wsdl:output>
    </wsdl:operation>
    <wsdl:operation name="getPlaceCountry">
      <soap:operation soapAction="http://fidus.brussels/services/countryservice/getPlaceCountry"/>
      <wsdl:input>
        <soap:body use="literal"/>
      </wsdl:input>
      <wsdl:output>
        <soap:body use="literal"/>
      </wsdl:output>
    </wsdl:operation>
    <wsdl:operation name="getPlaceCountryHistory">
      <soap:operation soapAction="http://fidus.brussels/services/countryservice/getPlaceCountryHistory"/>
      <wsdl:input>
        <soap:body use="literal"/>
      </wsdl:input>
      <wsdl:output>
        <soap:body use="literal"/>
      </wsdl:output>
    </wsdl:operation>
  </wsdl:binding>
  <wsdl:service name="CountryService_v1">
    <wsdl:port name="CountryService_v1" binding="tns:CountryServiceHTTPBinding">
      <soap:address location="http://fidus.brussels/services/countryservice/v1"/>
    </wsdl:port>
  </wsdl:service>
</wsdl:definitions>]]></con:content><con:type>http://schemas.xmlsoap.org/wsdl/</con:type></con:part><con:part><con:url>file:/home/isr/git/parent/countryservice_1.0/CountryServiceGateway/src/main/resources/wsdl/countryService/1.0.0/messages/countryServiceMessages_v1.xsd</con:url><con:content><![CDATA[<xsd:schema targetNamespace="http://fidus.brussels/service/countryservice/messages/v1" elementFormDefault="qualified" attributeFormDefault="unqualified" version="1.0" xmlns:xsd="http://www.w3.org/2001/XMLSchema" xmlns:cme="http://fidus.brussels/type/common/messages/v1" xmlns:exc="http://fidus.brussels/type/common/exceptions/v1" xmlns:tns="http://fidus.brussels/service/countryservice/messages/v1" xmlns:cou="http://fsb.belgium.be/mappingServices/data/country/v1_00" xmlns:csmes="http://fsb.belgium.be/mappingServices/countryService/messages/v1_00">
  <xsd:import namespace="http://fidus.brussels/type/common/messages/v1" schemaLocation="baseMessageTypes_v1.xsd"/>
  <xsd:import namespace="http://fidus.brussels/type/common/exceptions/v1" schemaLocation="exceptionTypes_v1.xsd"/>
  <xsd:import namespace="http://fsb.belgium.be/mappingServices/data/country/v1_00" schemaLocation="../country/external.xsd"/>
  <xsd:import namespace="http://fsb.belgium.be/mappingServices/countryService/messages/v1_00" schemaLocation="../country/countryServiceMessages.xsd"/>
  <xsd:complexType name="ReferenceDataRequestType">
    <xsd:annotation>
      <xsd:documentation/>
    </xsd:annotation>
    <xsd:sequence>
      <xsd:element name="referenceDate" type="xsd:date" minOccurs="0"/>
    </xsd:sequence>
  </xsd:complexType>
  <xsd:complexType name="NationalityRequestType">
    <xsd:annotation>
      <xsd:documentation/>
    </xsd:annotation>
    <xsd:complexContent>
      <xsd:extension base="csmes:NationalityRequestType"/>
    </xsd:complexContent>
  </xsd:complexType>
  <xsd:complexType name="NationalityHistoryRequestType">
    <xsd:annotation>
      <xsd:documentation/>
    </xsd:annotation>
    <xsd:complexContent>
      <xsd:extension base="csmes:NationalityHistoryRequestType"/>
    </xsd:complexContent>
  </xsd:complexType>
  <xsd:complexType name="AddressCountryRequestType">
    <xsd:annotation>
      <xsd:documentation/>
    </xsd:annotation>
    <xsd:complexContent>
      <xsd:extension base="csmes:NationalityRequestType"/>
    </xsd:complexContent>
  </xsd:complexType>
  <xsd:complexType name="AddressCountryHistoryRequestType">
    <xsd:annotation>
      <xsd:documentation/>
    </xsd:annotation>
    <xsd:complexContent>
      <xsd:extension base="csmes:AddressCountryHistoryRequestType"/>
    </xsd:complexContent>
  </xsd:complexType>
  <xsd:complexType name="PlaceCountryRequestType">
    <xsd:annotation>
      <xsd:documentation/>
    </xsd:annotation>
    <xsd:complexContent>
      <xsd:extension base="csmes:PlaceCountryRequestType"/>
    </xsd:complexContent>
  </xsd:complexType>
  <xsd:complexType name="PlaceCountryHistoryRequestType">
    <xsd:annotation>
      <xsd:documentation/>
    </xsd:annotation>
    <xsd:complexContent>
      <xsd:extension base="csmes:PlaceCountryHistoryRequestType"/>
    </xsd:complexContent>
  </xsd:complexType>
  <!--Request getCountryService definition-->
  <xsd:complexType name="GetAllIsoCodesRequestType">
    <xsd:sequence>
      <xsd:element name="messageContext" type="cme:RequestMessageContextType"/>
      <xsd:element name="legalContext" type="cme:LegalContextType"/>
      <xsd:element name="request" type="tns:ReferenceDataRequestType"/>
    </xsd:sequence>
  </xsd:complexType>
  <xsd:complexType name="GetAllNisCodesRequestType">
    <xsd:sequence>
      <xsd:element name="messageContext" type="cme:RequestMessageContextType"/>
      <xsd:element name="legalContext" type="cme:LegalContextType"/>
      <xsd:element name="request" type="tns:ReferenceDataRequestType"/>
    </xsd:sequence>
  </xsd:complexType>
  <xsd:complexType name="GetNationalityRequestType">
    <xsd:sequence>
      <xsd:element name="messageContext" type="cme:RequestMessageContextType"/>
      <xsd:element name="legalContext" type="cme:LegalContextType"/>
      <xsd:element name="request" type="tns:NationalityRequestType"/>
    </xsd:sequence>
  </xsd:complexType>
  <xsd:complexType name="GetNationalitiesRequestType">
    <xsd:sequence>
      <xsd:element name="messageContext" type="cme:RequestMessageContextType"/>
      <xsd:element name="legalContext" type="cme:LegalContextType"/>
      <xsd:element name="request" type="tns:ReferenceDataRequestType"/>
    </xsd:sequence>
  </xsd:complexType>
  <xsd:complexType name="GetNationalityHistoryRequestType">
    <xsd:sequence>
      <xsd:element name="messageContext" type="cme:RequestMessageContextType"/>
      <xsd:element name="legalContext" type="cme:LegalContextType"/>
      <xsd:element name="request" type="tns:NationalityHistoryRequestType"/>
    </xsd:sequence>
  </xsd:complexType>
  <xsd:complexType name="GetAddressCountryRequestType">
    <xsd:sequence>
      <xsd:element name="messageContext" type="cme:RequestMessageContextType"/>
      <xsd:element name="legalContext" type="cme:LegalContextType"/>
      <xsd:element name="request" type="tns:NationalityRequestType"/>
    </xsd:sequence>
  </xsd:complexType>
  <xsd:complexType name="GetAddressCountriesRequestType">
    <xsd:sequence>
      <xsd:element name="messageContext" type="cme:RequestMessageContextType"/>
      <xsd:element name="legalContext" type="cme:LegalContextType"/>
      <xsd:element name="request" type="tns:ReferenceDataRequestType"/>
    </xsd:sequence>
  </xsd:complexType>
  <xsd:complexType name="GetAddressCountryHistoryRequestType">
    <xsd:sequence>
      <xsd:element name="messageContext" type="cme:RequestMessageContextType"/>
      <xsd:element name="legalContext" type="cme:LegalContextType"/>
      <xsd:element name="request" type="tns:AddressCountryHistoryRequestType"/>
    </xsd:sequence>
  </xsd:complexType>
  <xsd:complexType name="GetPlaceCountryRequestType">
    <xsd:sequence>
      <xsd:element name="messageContext" type="cme:RequestMessageContextType"/>
      <xsd:element name="legalContext" type="cme:LegalContextType"/>
      <xsd:element name="request" type="tns:PlaceCountryRequestType"/>
    </xsd:sequence>
  </xsd:complexType>
  <xsd:complexType name="GetPlaceCountriesRequestType">
    <xsd:sequence>
      <xsd:element name="messageContext" type="cme:RequestMessageContextType"/>
      <xsd:element name="legalContext" type="cme:LegalContextType"/>
      <xsd:element name="request" type="tns:ReferenceDataRequestType"/>
    </xsd:sequence>
  </xsd:complexType>
  <xsd:complexType name="GetPlaceCountryHistoryRequestType">
    <xsd:sequence>
      <xsd:element name="messageContext" type="cme:RequestMessageContextType"/>
      <xsd:element name="legalContext" type="cme:LegalContextType"/>
      <xsd:element name="request" type="tns:PlaceCountryHistoryRequestType"/>
    </xsd:sequence>
  </xsd:complexType>
  <!--Response getCountryService definition-->
  <xsd:complexType name="GetAllIsoCodesResponseType">
    <xsd:sequence>
      <xsd:element name="messageContext" type="cme:ResponseMessageContextType"/>
      <xsd:element name="responses" type="tns:IsoResponsesType" minOccurs="0"/>
      <xsd:element name="exceptions" type="exc:ExceptionsType" minOccurs="0">
        <xsd:annotation>
          <xsd:documentation>Technical errors that occur when processing the message context e.g. insufficient rights.</xsd:documentation>
        </xsd:annotation>
      </xsd:element>
    </xsd:sequence>
  </xsd:complexType>
  <xsd:complexType name="GetAllNisCodesResponseType">
    <xsd:sequence>
      <xsd:element name="messageContext" type="cme:ResponseMessageContextType"/>
      <xsd:element name="responses" type="tns:NisResponsesType" minOccurs="0"/>
      <xsd:element name="exceptions" type="exc:ExceptionsType" minOccurs="0">
        <xsd:annotation>
          <xsd:documentation>Technical errors that occur when processing the message context e.g. insufficient rights.</xsd:documentation>
        </xsd:annotation>
      </xsd:element>
    </xsd:sequence>
  </xsd:complexType>
  <xsd:complexType name="GetNationalityResponseType">
    <xsd:sequence>
      <xsd:element name="messageContext" type="cme:ResponseMessageContextType"/>
      <xsd:element name="responses" type="tns:NationalityResponsesType" minOccurs="0"/>
      <xsd:element name="exceptions" type="exc:ExceptionsType" minOccurs="0">
        <xsd:annotation>
          <xsd:documentation>Technical errors that occur when processing the message context e.g. insufficient rights.</xsd:documentation>
        </xsd:annotation>
      </xsd:element>
    </xsd:sequence>
  </xsd:complexType>
  <xsd:complexType name="GetNationalityHistoryResponseType">
    <xsd:sequence>
      <xsd:element name="messageContext" type="cme:ResponseMessageContextType"/>
      <xsd:element name="responses" type="tns:NationalityResponsesType" minOccurs="0"/>
      <xsd:element name="exceptions" type="exc:ExceptionsType" minOccurs="0">
        <xsd:annotation>
          <xsd:documentation>Technical errors that occur when processing the message context e.g. insufficient rights.</xsd:documentation>
        </xsd:annotation>
      </xsd:element>
    </xsd:sequence>
  </xsd:complexType>
  <xsd:complexType name="GetNationalitiesResponseType">
    <xsd:sequence>
      <xsd:element name="messageContext" type="cme:ResponseMessageContextType"/>
      <xsd:element name="responses" type="tns:NationalitiesResponsesType" minOccurs="0"/>
      <xsd:element name="exceptions" type="exc:ExceptionsType" minOccurs="0">
        <xsd:annotation>
          <xsd:documentation>Technical errors that occur when processing the message context e.g. insufficient rights.</xsd:documentation>
        </xsd:annotation>
      </xsd:element>
    </xsd:sequence>
  </xsd:complexType>
  <xsd:complexType name="GetAddressCountriesResponseType">
    <xsd:sequence>
      <xsd:element name="messageContext" type="cme:ResponseMessageContextType"/>
      <xsd:element name="responses" type="tns:AddressCountriesResponsesType" minOccurs="0"/>
      <xsd:element name="exceptions" type="exc:ExceptionsType" minOccurs="0">
        <xsd:annotation>
          <xsd:documentation>Technical errors that occur when processing the message context e.g. insufficient rights.</xsd:documentation>
        </xsd:annotation>
      </xsd:element>
    </xsd:sequence>
  </xsd:complexType>
  <xsd:complexType name="GetAddressCountryResponseType">
    <xsd:sequence>
      <xsd:element name="messageContext" type="cme:ResponseMessageContextType"/>
      <xsd:element name="responses" type="tns:AddressCountryResponsesType" minOccurs="0"/>
      <xsd:element name="exceptions" type="exc:ExceptionsType" minOccurs="0">
        <xsd:annotation>
          <xsd:documentation>Technical errors that occur when processing the message context e.g. insufficient rights.</xsd:documentation>
        </xsd:annotation>
      </xsd:element>
    </xsd:sequence>
  </xsd:complexType>
  <xsd:complexType name="GetAddressCountryHistoryResponseType">
    <xsd:sequence>
      <xsd:element name="messageContext" type="cme:ResponseMessageContextType"/>
      <xsd:element name="responses" type="tns:AddressCountryResponsesType" minOccurs="0"/>
      <xsd:element name="exceptions" type="exc:ExceptionsType" minOccurs="0">
        <xsd:annotation>
          <xsd:documentation>Technical errors that occur when processing the message context e.g. insufficient rights.</xsd:documentation>
        </xsd:annotation>
      </xsd:element>
    </xsd:sequence>
  </xsd:complexType>
  <xsd:complexType name="AddressCountryResponseType">
    <xsd:sequence>
      <xsd:element name="addressCountry" type="csmes:AddressCountryType" minOccurs="0" maxOccurs="unbounded"/>
      <xsd:element name="exceptions" type="exc:ExceptionsType" minOccurs="0">
        <xsd:annotation>
          <xsd:documentation>Technical errors that occur when processing the message context e.g. insufficient rights.</xsd:documentation>
        </xsd:annotation>
      </xsd:element>
    </xsd:sequence>
  </xsd:complexType>
  <xsd:complexType name="AddressCountriesType">
    <xsd:sequence>
      <xsd:element name="response" type="csmes:AddressCountriesType" minOccurs="1" maxOccurs="1"/>
    </xsd:sequence>
  </xsd:complexType>
  <xsd:complexType name="GetPlaceCountryResponseType">
    <xsd:sequence>
      <xsd:element name="messageContext" type="cme:ResponseMessageContextType"/>
      <xsd:element name="responses" type="tns:PlaceCountryResponsesType" minOccurs="0"/>
      <xsd:element name="exceptions" type="exc:ExceptionsType" minOccurs="0">
        <xsd:annotation>
          <xsd:documentation>Technical errors that occur when processing the message context e.g. insufficient rights.</xsd:documentation>
        </xsd:annotation>
      </xsd:element>
    </xsd:sequence>
  </xsd:complexType>
  <xsd:complexType name="GetPlaceCountryHistoryResponseType">
    <xsd:sequence>
      <xsd:element name="messageContext" type="cme:ResponseMessageContextType"/>
      <xsd:element name="responses" type="tns:PlaceCountryResponsesType" minOccurs="0"/>
      <xsd:element name="exceptions" type="exc:ExceptionsType" minOccurs="0">
        <xsd:annotation>
          <xsd:documentation>Technical errors that occur when processing the message context e.g. insufficient rights.</xsd:documentation>
        </xsd:annotation>
      </xsd:element>
    </xsd:sequence>
  </xsd:complexType>
  <xsd:complexType name="GetPlaceCountriesResponseType">
    <xsd:sequence>
      <xsd:element name="messageContext" type="cme:ResponseMessageContextType"/>
      <xsd:element name="responses" type="tns:PlaceCountriesResponsesType" minOccurs="0"/>
      <xsd:element name="exceptions" type="exc:ExceptionsType" minOccurs="0">
        <xsd:annotation>
          <xsd:documentation>Technical errors that occur when processing the message context e.g. insufficient rights.</xsd:documentation>
        </xsd:annotation>
      </xsd:element>
    </xsd:sequence>
  </xsd:complexType>
  <xsd:complexType name="IsoResponsesType">
    <xsd:sequence>
      <xsd:element name="response" type="tns:IsoResponseType" minOccurs="1" maxOccurs="1"/>
    </xsd:sequence>
  </xsd:complexType>
  <xsd:complexType name="IsoResponseType">
    <xsd:sequence>
      <xsd:element name="iso" type="cou:IsoType" maxOccurs="unbounded" minOccurs="0"/>
      <xsd:element name="exceptions" type="exc:ExceptionsType" minOccurs="0">
        <xsd:annotation>
          <xsd:documentation>Business exceptions that occur when processing the request or response e.g. missing data for a single response element.
						Exceptions at this level may contain back-end specific codes and content.</xsd:documentation>
        </xsd:annotation>
      </xsd:element>
    </xsd:sequence>
  </xsd:complexType>
  <xsd:complexType name="NisResponsesType">
    <xsd:sequence>
      <xsd:element name="response" type="tns:NisResponseType" minOccurs="1" maxOccurs="1"/>
    </xsd:sequence>
  </xsd:complexType>
  <xsd:complexType name="NisResponseType">
    <xsd:sequence>
      <xsd:element name="nis" type="cou:NisType" maxOccurs="unbounded" minOccurs="0"/>
      <xsd:element name="exceptions" type="exc:ExceptionsType" minOccurs="0">
        <xsd:annotation>
          <xsd:documentation>Business exceptions that occur when processing the request or response e.g. missing data for a single response element.
						Exceptions at this level may contain back-end specific codes and content.</xsd:documentation>
        </xsd:annotation>
      </xsd:element>
    </xsd:sequence>
  </xsd:complexType>
  <xsd:complexType name="AddressCountriesResponsesType">
    <xsd:sequence>
      <xsd:element name="response" type="tns:AddressCountriesResponseType" minOccurs="1" maxOccurs="1"/>
    </xsd:sequence>
  </xsd:complexType>
  <xsd:complexType name="AddressCountriesResponseType">
    <xsd:sequence>
      <xsd:element name="addressCountry" type="csmes:AddressCountryType" minOccurs="0" maxOccurs="unbounded"/>
      <xsd:element name="exceptions" type="exc:ExceptionsType" minOccurs="0">
        <xsd:annotation>
          <xsd:documentation>Business exceptions that occur when processing the request or response e.g. missing data for a single response element.
						Exceptions at this level may contain back-end specific codes and content.</xsd:documentation>
        </xsd:annotation>
      </xsd:element>
    </xsd:sequence>
  </xsd:complexType>
  <xsd:complexType name="AddressCountryResponsesType">
    <xsd:sequence>
      <xsd:element name="response" type="tns:AddressCountryResponseType" minOccurs="1" maxOccurs="1"/>
    </xsd:sequence>
  </xsd:complexType>
  <xsd:complexType name="NationalityResponsesType">
    <xsd:sequence>
      <xsd:element name="response" type="tns:NationalityResponseType" minOccurs="1" maxOccurs="1"/>
    </xsd:sequence>
  </xsd:complexType>
  <xsd:complexType name="NationalitiesResponsesType">
    <xsd:sequence>
      <xsd:element name="response" type="tns:NationalityResponseType" minOccurs="1" maxOccurs="1"/>
    </xsd:sequence>
  </xsd:complexType>
  <xsd:complexType name="NationalityResponseType">
    <xsd:sequence>
      <xsd:element name="nationality" type="csmes:NationalityType" minOccurs="0" maxOccurs="unbounded"/>
      <xsd:element name="exceptions" type="exc:ExceptionsType" minOccurs="0">
        <xsd:annotation>
          <xsd:documentation>Business exceptions that occur when processing the request or response e.g. missing data for a single response element.
						Exceptions at this level may contain back-end specific codes and content.</xsd:documentation>
        </xsd:annotation>
      </xsd:element>
    </xsd:sequence>
  </xsd:complexType>
  <xsd:complexType name="PlaceCountriesResponsesType">
    <xsd:sequence>
      <xsd:element name="response" type="tns:PlaceCountriesResponseType" minOccurs="1" maxOccurs="1"/>
    </xsd:sequence>
  </xsd:complexType>
  <xsd:complexType name="PlaceCountriesResponseType">
    <xsd:sequence>
      <xsd:element name="placeCountry" type="csmes:PlaceCountryType" minOccurs="0" maxOccurs="unbounded"/>
      <xsd:element name="exceptions" type="exc:ExceptionsType" minOccurs="0">
        <xsd:annotation>
          <xsd:documentation>Business exceptions that occur when processing the request or response e.g. missing data for a single response element.
						Exceptions at this level may contain back-end specific codes and content.</xsd:documentation>
        </xsd:annotation>
      </xsd:element>
    </xsd:sequence>
  </xsd:complexType>
  <xsd:complexType name="PlaceCountryResponsesType">
    <xsd:sequence>
      <xsd:element name="response" type="tns:PlaceCountryResponseType" minOccurs="1" maxOccurs="1"/>
    </xsd:sequence>
  </xsd:complexType>
  <xsd:complexType name="PlaceCountryResponseType">
    <xsd:sequence>
      <xsd:element name="placeCountry" type="csmes:PlaceCountryType" minOccurs="0" maxOccurs="unbounded"/>
      <xsd:element name="exceptions" type="exc:ExceptionsType" minOccurs="0">
        <xsd:annotation>
          <xsd:documentation>Business exceptions that occur when processing the request or response e.g. missing data for a single response element.
						Exceptions at this level may contain back-end specific codes and content.</xsd:documentation>
        </xsd:annotation>
      </xsd:element>
    </xsd:sequence>
  </xsd:complexType>
  <!--Element of the request and the response-->
  <xsd:element name="getAllIsoCodesRequest" type="tns:GetAllIsoCodesRequestType"/>
  <xsd:element name="getAllIsoCodesResponse" type="tns:GetAllIsoCodesResponseType"/>
  <xsd:element name="getAllNisCodesRequest" type="tns:GetAllNisCodesRequestType"/>
  <xsd:element name="getAllNisCodesResponse" type="tns:GetAllNisCodesResponseType"/>
  <xsd:element name="getNationalityRequest" type="tns:GetNationalityRequestType"/>
  <xsd:element name="getNationalityResponse" type="tns:GetNationalityResponseType"/>
  <xsd:element name="getNationalitiesRequest" type="tns:GetNationalitiesRequestType"/>
  <xsd:element name="getNationalitiesResponse" type="tns:GetNationalitiesResponseType"/>
  <xsd:element name="getNationalityHistoryRequest" type="tns:GetNationalityHistoryRequestType"/>
  <xsd:element name="getNationalityHistoryResponse" type="tns:GetNationalityHistoryResponseType"/>
  <xsd:element name="getAddressCountryRequest" type="tns:GetAddressCountryRequestType"/>
  <xsd:element name="getAddressCountryResponse" type="tns:GetAddressCountryResponseType"/>
  <xsd:element name="getAddressCountriesRequest" type="tns:GetAddressCountriesRequestType"/>
  <xsd:element name="getAddressCountriesResponse" type="tns:GetAddressCountriesResponseType"/>
  <xsd:element name="getAddressCountryHistoryRequest" type="tns:GetAddressCountryHistoryRequestType"/>
  <xsd:element name="getAddressCountryHistoryResponse" type="tns:GetAddressCountryHistoryResponseType"/>
  <xsd:element name="getPlaceCountryRequest" type="tns:GetPlaceCountryRequestType"/>
  <xsd:element name="getPlaceCountryResponse" type="tns:GetPlaceCountryResponseType"/>
  <xsd:element name="getPlaceCountriesRequest" type="tns:GetPlaceCountriesRequestType"/>
  <xsd:element name="getPlaceCountriesResponse" type="tns:GetPlaceCountriesResponseType"/>
  <xsd:element name="getPlaceCountryHistoryRequest" type="tns:GetPlaceCountryHistoryRequestType"/>
  <xsd:element name="getPlaceCountryHistoryResponse" type="tns:GetPlaceCountryResponseType"/>
</xsd:schema>]]></con:content><con:type>http://www.w3.org/2001/XMLSchema</con:type></con:part><con:part><con:url>file:/home/isr/git/parent/countryservice_1.0/CountryServiceGateway/src/main/resources/wsdl/countryService/1.0.0/messages/baseMessageTypes_v1.xsd</con:url><con:content><![CDATA[<xsd:schema targetNamespace="http://fidus.brussels/type/common/messages/v1" elementFormDefault="qualified" attributeFormDefault="unqualified" version="1.0" xmlns:xsd="http://www.w3.org/2001/XMLSchema" xmlns:cmn="http://fidus.brussels/type/common/v1" xmlns:tns="http://fidus.brussels/type/common/messages/v1">
  <!--Unformatted message Id-->
  <xsd:simpleType name="MessageIdType">
    <xsd:restriction base="xsd:string">
      <xsd:minLength value="1"/>
      <xsd:maxLength value="64"/>
    </xsd:restriction>
  </xsd:simpleType>
  <!--National Number of the person. Format depending on the Register-->
  <xsd:simpleType name="PersonNumberType">
    <xsd:restriction base="xsd:string">
      <xsd:pattern value="[0-9][0-9](([0][0-9])|([1][0-2]))(([0-2][0-9])|([3][0-1]))(([0-9]{2}[1-9])|([0-9][1-9][0-9])|([1-9][0-9]{2}))(([0-8][0-9])|([9][0-7]))">
        <xsd:annotation>
          <xsd:documentation>National Register format</xsd:documentation>
        </xsd:annotation>
      </xsd:pattern>
      <xsd:pattern value="[0-9][0-9](([2][0-9])|([3][0-2]))(([0-2][0-9])|([3][0-1]))[0-9]{3}(([0-8][0-9])|([9][0-7]))">
        <xsd:annotation>
          <xsd:documentation>CBSS Register format: Bis Register</xsd:documentation>
        </xsd:annotation>
      </xsd:pattern>
      <xsd:pattern value="[0-9][0-9](([4][0-9])|([5][0-2]))(([0-2][0-9])|([3][0-1]))[0-9]{3}(([0-8][0-9])|([9][0-7]))">
        <xsd:annotation>
          <xsd:documentation>CBSS Register format: Ter Register</xsd:documentation>
        </xsd:annotation>
      </xsd:pattern>
    </xsd:restriction>
  </xsd:simpleType>
  <!--Request message context-->
  <xsd:complexType name="RequestMessageContextType">
    <xsd:annotation>
      <xsd:documentation>Message context block generated by the consumer.</xsd:documentation>
    </xsd:annotation>
    <xsd:sequence>
      <xsd:element name="messageId" type="tns:MessageIdType">
        <xsd:annotation>
          <xsd:documentation>Consumer must assign their own MessageId reference for the request.</xsd:documentation>
        </xsd:annotation>
      </xsd:element>
      <xsd:element name="timestamp" type="xsd:dateTime" minOccurs="0">
        <xsd:annotation>
          <xsd:documentation>Timestamp when client sent request.</xsd:documentation>
        </xsd:annotation>
      </xsd:element>
    </xsd:sequence>
  </xsd:complexType>
  <!--Response message context-->
  <xsd:complexType name="ResponseMessageContextType">
    <xsd:annotation>
      <xsd:documentation>MessageContext block generated by fidus.</xsd:documentation>
    </xsd:annotation>
    <xsd:sequence>
      <xsd:element name="messageId" type="tns:MessageIdType">
        <xsd:annotation>
          <xsd:documentation>A unique identifier generated by fidus.</xsd:documentation>
        </xsd:annotation>
      </xsd:element>
      <xsd:element name="transactionId" type="tns:MessageIdType">
        <xsd:annotation>
          <xsd:documentation>A unique ID returned to the client for tracing purposes.</xsd:documentation>
        </xsd:annotation>
      </xsd:element>
      <xsd:element name="timestamp" type="xsd:dateTime" minOccurs="0">
        <xsd:annotation>
          <xsd:documentation>Time reply sent by fidus.</xsd:documentation>
        </xsd:annotation>
      </xsd:element>
    </xsd:sequence>
  </xsd:complexType>
  <!--Legal Context : the finality of the Privacy Commission-->
  <xsd:simpleType name="LegalContextType">
    <xsd:restriction base="xsd:string">
      <xsd:minLength value="1"/>
      <xsd:maxLength value="64"/>
    </xsd:restriction>
  </xsd:simpleType>
  <xsd:complexType name="UserContextType">
    <xsd:annotation>
      <xsd:documentation>The user context defines information regarding the actual user performing a request.</xsd:documentation>
    </xsd:annotation>
    <xsd:sequence>
      <xsd:element name="language" type="xsd:language" nillable="true">
        <xsd:annotation>
          <xsd:documentation>The preferred language of the actual user performing the request.
						This influences the language in which response elements are cast.</xsd:documentation>
        </xsd:annotation>
      </xsd:element>
    </xsd:sequence>
  </xsd:complexType>
</xsd:schema>]]></con:content><con:type>http://www.w3.org/2001/XMLSchema</con:type></con:part><con:part><con:url>file:/home/isr/git/parent/countryservice_1.0/CountryServiceGateway/src/main/resources/wsdl/countryService/1.0.0/messages/exceptionTypes_v1.xsd</con:url><con:content><![CDATA[<xsd:schema targetNamespace="http://fidus.brussels/type/common/exceptions/v1" elementFormDefault="qualified" attributeFormDefault="unqualified" version="1.0" xmlns:xsd="http://www.w3.org/2001/XMLSchema" xmlns:tns="http://fidus.brussels/type/common/exceptions/v1">
  <!--Basic error typed-->
  <xsd:complexType name="ExceptionsType">
    <xsd:sequence>
      <xsd:element name="exception" type="tns:ExceptionType" maxOccurs="unbounded"/>
    </xsd:sequence>
  </xsd:complexType>
  <xsd:complexType name="ExceptionType">
    <xsd:sequence>
      <xsd:element name="type" type="tns:ExceptionClassType"/>
      <xsd:element name="code" type="tns:ExceptionCodeType"/>
      <xsd:element name="source" type="tns:ExceptionSourceType"/>
      <xsd:element name="description" type="tns:ExceptionDescriptionType"/>
    </xsd:sequence>
  </xsd:complexType>
  <xsd:simpleType name="ExceptionClassType">
    <xsd:restriction base="xsd:string">
      <xsd:enumeration value="ERROR"/>
      <xsd:enumeration value="WARNING"/>
      <xsd:enumeration value="INFO"/>
    </xsd:restriction>
  </xsd:simpleType>
  <xsd:simpleType name="ExceptionCodeType">
    <xsd:restriction base="xsd:string">
      <xsd:maxLength value="20"/>
    </xsd:restriction>
  </xsd:simpleType>
  <xsd:simpleType name="ExceptionSourceType">
    <xsd:restriction base="xsd:string">
      <xsd:maxLength value="20"/>
    </xsd:restriction>
  </xsd:simpleType>
  <xsd:simpleType name="ExceptionDescriptionType">
    <xsd:restriction base="xsd:string"/>
  </xsd:simpleType>
</xsd:schema>]]></con:content><con:type>http://www.w3.org/2001/XMLSchema</con:type></con:part><con:part><con:url>file:/home/isr/git/parent/countryservice_1.0/CountryServiceGateway/src/main/resources/wsdl/countryService/1.0.0/country/external.xsd</con:url><con:content><![CDATA[<xs:schema targetNamespace="http://fsb.belgium.be/mappingServices/data/country/v1_00" elementFormDefault="qualified" attributeFormDefault="unqualified" xmlns:xs="http://www.w3.org/2001/XMLSchema" xmlns:cou="http://fsb.belgium.be/mappingServices/data/country/v1_00" xmlns:sim="http://fsb.belgium.be/mappingServices/data/simple/v1_00">
  <xs:annotation>
    <xs:documentation xml:lang="en">Schema version: 1.0
            Date: 2012-02-20
            Author: Ignaz Wanders

			Definition of country-related elements, as relevant to external users of the service.</xs:documentation>
  </xs:annotation>
  <xs:include schemaLocation="country.xsd"/>
</xs:schema>]]></con:content><con:type>http://www.w3.org/2001/XMLSchema</con:type></con:part><con:part><con:url>file:/home/isr/git/parent/countryservice_1.0/CountryServiceGateway/src/main/resources/wsdl/countryService/1.0.0/country/country.xsd</con:url><con:content><![CDATA[<xs:schema targetNamespace="http://fsb.belgium.be/mappingServices/data/country/v1_00" elementFormDefault="qualified" attributeFormDefault="unqualified" xmlns:xs="http://www.w3.org/2001/XMLSchema" xmlns:cou="http://fsb.belgium.be/mappingServices/data/country/v1_00" xmlns:sim="http://fsb.belgium.be/mappingServices/data/simple/v1_00">
  <xs:annotation>
    <xs:documentation xml:lang="en">Schema version: 1.0
            Date: 2011-02-07
            Author: Ignaz Wanders

			Definition of geographical regions. Regions are termed countries for the sake
			of understanding, but it must be kept in mind that a region does not necessarily
			correspond to the political boundaries that define the everyday use of the term country.
			
			Note that the ISO-3166 codes are also based on "geographical regions of special interest," 
			and not on political boundaries.</xs:documentation>
  </xs:annotation>
  <xs:import namespace="http://fsb.belgium.be/mappingServices/data/simple/v1_00" schemaLocation="simpleTypes.xsd"/>
  <xs:complexType name="IsoType">
    <xs:annotation>
      <xs:documentation xml:lang="en">The ISO type of a country consists of one or more names, as well as codes in different formats.
                
                Currently, the ISO country names are published in English and French only.</xs:documentation>
    </xs:annotation>
    <xs:sequence>
      <xs:element name="name" type="sim:NameType" maxOccurs="unbounded"/>
      <xs:element name="iso-alpha2" type="cou:ISO_3166-1_Alpha2Type" maxOccurs="unbounded"/>
      <xs:element name="iso-alpha3" type="cou:ISO_3166-1_Alpha3Type" maxOccurs="unbounded"/>
      <xs:element name="iso-numeric3" type="cou:ISO_3166-1_Numeric3Type" maxOccurs="unbounded"/>
    </xs:sequence>
  </xs:complexType>
  <xs:complexType name="NisType">
    <xs:annotation>
      <xs:documentation xml:lang="en">The NIS type of a country consists of one or more names, as well as a code in three digits.</xs:documentation>
    </xs:annotation>
    <xs:sequence>
      <xs:element name="name" type="sim:NameType" maxOccurs="unbounded"/>
      <xs:element name="nis-numeric3" type="cou:NIS_Numeric3Type" maxOccurs="unbounded"/>
    </xs:sequence>
  </xs:complexType>
  <xs:complexType name="ISO_3166-1_Alpha2Type">
    <xs:annotation>
      <xs:documentation xml:lang="en">ISO country codes in the ISO 3166-1 two-letter format.
                For a complete list, see
                http://www.iso.org/iso/en/prods-services/iso3166ma/02iso-3166-code-lists/index.html

                Validation rules:
                - two to four upper case letters

                Regular expression: [A-Z]{2}

                Examples: BE, NL, FR, DE, GB, ES, ...
                (Note that UK is not a valid country code!)</xs:documentation>
    </xs:annotation>
    <xs:simpleContent>
      <xs:restriction base="sim:CodeValueType">
        <xs:pattern value="[A-Z]{2}"/>
      </xs:restriction>
    </xs:simpleContent>
  </xs:complexType>
  <xs:complexType name="ISO_3166-1_Alpha3Type">
    <xs:annotation>
      <xs:documentation xml:lang="en">ISO country codes in the ISO 3166-1 three-letter format.
                For a complete list, see
                http://www.iso.org/iso/en/prods-services/iso3166ma/02iso-3166-code-lists/index.html

                Validation rules:
                - two to four upper case letters

                Regular expression: [A-Z]{3}

                Examples: BEL, NLD, FRA, DEU, ...</xs:documentation>
    </xs:annotation>
    <xs:simpleContent>
      <xs:restriction base="sim:CodeValueType">
        <xs:pattern value="[A-Z]{3}"/>
      </xs:restriction>
    </xs:simpleContent>
  </xs:complexType>
  <xs:complexType name="ISO_3166-1_Numeric3Type">
    <xs:annotation>
      <xs:documentation xml:lang="en">ISO country codes in the ISO 3166-1 three-digit format.
                For a complete list, see
                http://www.iso.org/iso/en/prods-services/iso3166ma/02iso-3166-code-lists/index.html
                The ISO standards permit certain two-letter codes to be customized by users.

                Historic country codes use the ISO-3166-3 four-letter format.
                For a list, see http://www.iso.org/iso/country_codes/background_on_iso_3166/iso_3166-3.htm

                Validation rules:
                - two to four upper case letters

                Regular expression: [0-9]{3}

                Examples: 056, 528, ...</xs:documentation>
    </xs:annotation>
    <xs:simpleContent>
      <xs:restriction base="sim:CodeValueType">
        <xs:pattern value="[0-9]{3}"/>
      </xs:restriction>
    </xs:simpleContent>
  </xs:complexType>
  <xs:complexType name="NIS_Numeric3Type">
    <xs:annotation>
      <xs:documentation xml:lang="en">NIS country codes in the three-digit format.
                
                Validation rules:
                - three digits

                Regular expression: [0-9]{3}

                Examples: 150, ...</xs:documentation>
    </xs:annotation>
    <xs:simpleContent>
      <xs:restriction base="sim:CodeValueType">
        <xs:pattern value="[0-9]{3}"/>
      </xs:restriction>
    </xs:simpleContent>
  </xs:complexType>
  <xs:complexType name="TerritoryType">
    <xs:annotation>
      <xs:documentation xml:lang="en">A territory is a geographic region of "special interest."
                It is chosen such that if a region has a code, either ISO or NIS, 
                it is considered a separate territory.
                
                A territory has language-dependent names, an optional ISO code and 
                an optional NIS code.
                
                A territory may exist of subterritories. (For example, there exist
                ISO codes, other than 3166-1, which are used for regions within regions.)
                
                An identified territory has an optional start date and an optional end date.
                These are relevant when regions split or merge. If a date is not given, it
                is undefined but considered in the past for a start date, and in the future
                for an end date.</xs:documentation>
    </xs:annotation>
    <xs:sequence>
      <xs:element name="name" type="sim:NameType" maxOccurs="unbounded"/>
      <xs:element name="iso" type="cou:IsoType" minOccurs="0"/>
      <xs:element name="nis" type="cou:NisType" minOccurs="0"/>
      <xs:element name="subTerritory" type="cou:TerritoryType" minOccurs="0" maxOccurs="unbounded"/>
    </xs:sequence>
    <xs:attribute name="startDate" type="xs:date" use="optional"/>
    <xs:attribute name="endDate" type="xs:date" use="optional"/>
  </xs:complexType>
</xs:schema>]]></con:content><con:type>http://www.w3.org/2001/XMLSchema</con:type></con:part><con:part><con:url>file:/home/isr/git/parent/countryservice_1.0/CountryServiceGateway/src/main/resources/wsdl/countryService/1.0.0/country/simpleTypes.xsd</con:url><con:content><![CDATA[<xs:schema targetNamespace="http://fsb.belgium.be/mappingServices/data/simple/v1_00" elementFormDefault="qualified" attributeFormDefault="unqualified" version="1.00" xmlns:xs="http://www.w3.org/2001/XMLSchema" xmlns:sim="http://fsb.belgium.be/mappingServices/data/simple/v1_00">
  <xs:annotation>
    <xs:documentation>Definitions of simple types with restrictions/extensions and
			complex types with simple content with attribute values.</xs:documentation>
  </xs:annotation>
  <xs:simpleType name="EmptyStringType">
    <xs:annotation>
      <xs:documentation>A string, which is empty.</xs:documentation>
    </xs:annotation>
    <xs:restriction base="xs:string">
      <xs:length value="0"/>
    </xs:restriction>
  </xs:simpleType>
  <xs:simpleType name="NonEmptyStringType">
    <xs:annotation>
      <xs:documentation>A string, which is at least one character long, and cannot
				start with whitespace.</xs:documentation>
    </xs:annotation>
    <xs:restriction base="xs:string">
      <xs:pattern value="[^\s].*"/>
    </xs:restriction>
  </xs:simpleType>
  <xs:complexType name="StringWithValidityPeriodType">
    <xs:annotation>
      <xs:documentation>A non-empty string, with optional attributes defining a validity period.</xs:documentation>
    </xs:annotation>
    <xs:simpleContent>
      <xs:extension base="sim:NonEmptyStringType">
        <xs:attribute name="startDate" type="xs:date" use="optional">
          <xs:annotation>
            <xs:documentation>Must be a valid date. 
		        			If omitted, the startDate is considered to be undefined, but in the past.</xs:documentation>
          </xs:annotation>
        </xs:attribute>
        <xs:attribute name="endDate" type="xs:date" use="optional">
          <xs:annotation>
            <xs:documentation>Must be a valid date. 
		        			If omitted, the endDate is considered to be undefined, but in the future.</xs:documentation>
          </xs:annotation>
        </xs:attribute>
      </xs:extension>
    </xs:simpleContent>
  </xs:complexType>
  <xs:complexType name="CodeValueType">
    <xs:annotation>
      <xs:documentation>A code value generally has a validity period, plus a status.</xs:documentation>
    </xs:annotation>
    <xs:simpleContent>
      <xs:extension base="sim:StringWithValidityPeriodType">
        <xs:attribute name="status" type="xs:string" use="optional">
          <xs:annotation>
            <xs:documentation>The possible status values depend on the type of the code.
		        			They are not enumerated here.</xs:documentation>
          </xs:annotation>
        </xs:attribute>
      </xs:extension>
    </xs:simpleContent>
  </xs:complexType>
  <xs:complexType name="NameType">
    <xs:annotation>
      <xs:documentation>A name, with an attribute defining the language in which it is cast.</xs:documentation>
    </xs:annotation>
    <xs:simpleContent>
      <xs:extension base="sim:NonEmptyStringType">
        <xs:attribute name="language" type="xs:language" use="optional">
          <xs:annotation>
            <xs:documentation>Defines the language in which the name is given</xs:documentation>
          </xs:annotation>
        </xs:attribute>
        <xs:attribute name="shortName" type="xs:string" use="optional">
          <xs:annotation>
            <xs:documentation>In some cases, an abbreviated or more commonly used name is of interest, as well as the full name</xs:documentation>
          </xs:annotation>
        </xs:attribute>
      </xs:extension>
    </xs:simpleContent>
  </xs:complexType>
</xs:schema>]]></con:content><con:type>http://www.w3.org/2001/XMLSchema</con:type></con:part><con:part><con:url>file:/home/isr/git/parent/countryservice_1.0/CountryServiceGateway/src/main/resources/wsdl/countryService/1.0.0/country/countryServiceMessages.xsd</con:url><con:content><![CDATA[<xs:schema targetNamespace="http://fsb.belgium.be/mappingServices/countryService/messages/v1_00" elementFormDefault="qualified" attributeFormDefault="unqualified" version="2.00" xmlns:xs="http://www.w3.org/2001/XMLSchema" xmlns:mes="http://fsb.belgium.be/mappingServices/countryService/messages/v1_00" xmlns:soapenv="http://schemas.xmlsoap.org/soap/envelope/" xmlns:sim="http://fsb.belgium.be/mappingServices/data/simple/v1_00" xmlns:cou="http://fsb.belgium.be/mappingServices/data/country/v1_00">
  <xs:import namespace="http://fsb.belgium.be/mappingServices/data/simple/v1_00" schemaLocation="simpleTypes.xsd"/>
  <xs:import namespace="http://fsb.belgium.be/mappingServices/data/country/v1_00" schemaLocation="external.xsd"/>
  <xs:annotation>
    <xs:documentation>Definition of the request and response messages used by the country service.</xs:documentation>
  </xs:annotation>
  <xs:element name="getAllIsoCodesRequest" type="mes:ReferenceDateType"/>
  <xs:element name="getAllIsoCodesResponse" type="mes:IsoCodesType"/>
  <xs:element name="getAllNisCodesRequest" type="mes:ReferenceDateType"/>
  <xs:element name="getAllNisCodesResponse" type="mes:NisCodesType"/>
  <xs:complexType name="ReferenceDateType">
    <xs:annotation>
      <xs:documentation></xs:documentation>
    </xs:annotation>
    <xs:sequence>
      <xs:element name="referenceDate" type="xs:date" minOccurs="0"/>
    </xs:sequence>
  </xs:complexType>
  <xs:complexType name="IsoCodesType">
    <xs:annotation>
      <xs:documentation></xs:documentation>
    </xs:annotation>
    <xs:sequence>
      <xs:element name="iso" type="cou:IsoType" maxOccurs="unbounded"/>
    </xs:sequence>
  </xs:complexType>
  <xs:complexType name="NisCodesType">
    <xs:annotation>
      <xs:documentation></xs:documentation>
    </xs:annotation>
    <xs:sequence>
      <xs:element name="nis" type="cou:NisType" maxOccurs="unbounded"/>
    </xs:sequence>
  </xs:complexType>
  <xs:complexType name="BusinessEntityType">
    <xs:annotation>
      <xs:documentation xml:lang="en">...</xs:documentation>
    </xs:annotation>
    <xs:sequence></xs:sequence>
    <xs:attribute name="startDate" type="xs:date" use="optional"/>
    <xs:attribute name="endDate" type="xs:date" use="optional"/>
    <xs:attribute name="version" type="xs:string" use="optional"/>
    <xs:attribute name="modificationDate" type="xs:date" use="optional"/>
  </xs:complexType>
  <xs:element name="getNationalityRequest" type="mes:NationalityRequestType"/>
  <xs:element name="getNationalityResponse" type="mes:NationalitiesType"/>
  <xs:element name="getNationalitiesRequest" type="mes:ReferenceDateType"/>
  <xs:element name="getNationalitiesResponse" type="mes:NationalitiesType"/>
  <xs:element name="getNationalityHistoryRequest" type="mes:NationalityHistoryRequestType"/>
  <xs:element name="getNationalityHistoryResponse" type="mes:NationalitiesType"/>
  <xs:complexType name="NationalityRequestType">
    <xs:annotation>
      <xs:documentation></xs:documentation>
    </xs:annotation>
    <xs:sequence>
      <xs:choice>
        <xs:element name="iso-alpha2" type="cou:ISO_3166-1_Alpha2Type"/>
        <xs:element name="iso-alpha3" type="cou:ISO_3166-1_Alpha3Type"/>
        <xs:element name="iso-num3" type="cou:ISO_3166-1_Numeric3Type"/>
        <xs:element name="nis-num3" type="cou:NIS_Numeric3Type"/>
      </xs:choice>
    </xs:sequence>
  </xs:complexType>
  <xs:complexType name="NationalitiesType">
    <xs:annotation>
      <xs:documentation></xs:documentation>
    </xs:annotation>
    <xs:sequence>
      <xs:element name="nationality" type="mes:NationalityType" minOccurs="0" maxOccurs="unbounded"/>
    </xs:sequence>
  </xs:complexType>
  <xs:complexType name="NationalityType">
    <xs:annotation>
      <xs:documentation></xs:documentation>
    </xs:annotation>
    <xs:complexContent>
      <xs:extension base="mes:BusinessEntityType">
        <xs:sequence>
          <xs:element name="name" type="sim:NameType" maxOccurs="unbounded"/>
          <xs:element name="mainTerritory" type="cou:TerritoryType"/>
          <xs:element name="subTerritory" type="cou:TerritoryType" minOccurs="0" maxOccurs="unbounded"/>
        </xs:sequence>
      </xs:extension>
    </xs:complexContent>
  </xs:complexType>
  <xs:complexType name="NationalityHistoryRequestType">
    <xs:annotation>
      <xs:documentation></xs:documentation>
    </xs:annotation>
    <xs:sequence>
      <xs:choice>
        <xs:element name="iso-alpha3" type="cou:ISO_3166-1_Alpha3Type"/>
      </xs:choice>
      <xs:element name="referenceDate" type="xs:date" minOccurs="0"/>
    </xs:sequence>
  </xs:complexType>
  <xs:element name="getAddressCountryRequest" type="mes:AddressCountryRequestType"/>
  <xs:element name="getAddressCountryResponse" type="mes:AddressCountriesType"/>
  <xs:element name="getAddressCountriesRequest" type="mes:ReferenceDateType"/>
  <xs:element name="getAddressCountriesResponse" type="mes:AddressCountriesType"/>
  <xs:element name="getAddressCountryHistoryRequest" type="mes:AddressCountryHistoryRequestType"/>
  <xs:element name="getAddressCountryHistoryResponse" type="mes:AddressCountriesType"/>
  <xs:complexType name="AddressCountryRequestType">
    <xs:annotation>
      <xs:documentation></xs:documentation>
    </xs:annotation>
    <xs:sequence>
      <xs:choice>
        <xs:element name="iso-alpha2" type="cou:ISO_3166-1_Alpha2Type"/>
        <xs:element name="iso-alpha3" type="cou:ISO_3166-1_Alpha3Type"/>
        <xs:element name="iso-num3" type="cou:ISO_3166-1_Numeric3Type"/>
        <xs:element name="nis-num3" type="cou:NIS_Numeric3Type"/>
      </xs:choice>
    </xs:sequence>
  </xs:complexType>
  <xs:complexType name="AddressCountriesType">
    <xs:annotation>
      <xs:documentation></xs:documentation>
    </xs:annotation>
    <xs:sequence>
      <xs:element name="addressCountry" type="mes:AddressCountryType" minOccurs="0" maxOccurs="unbounded"/>
    </xs:sequence>
  </xs:complexType>
  <xs:complexType name="AddressCountryType">
    <xs:annotation>
      <xs:documentation></xs:documentation>
    </xs:annotation>
    <xs:complexContent>
      <xs:extension base="mes:BusinessEntityType">
        <xs:sequence>
          <xs:element name="name" type="sim:NameType" maxOccurs="unbounded"/>
          <xs:element name="mainTerritory" type="cou:TerritoryType"/>
          <xs:element name="subTerritory" type="cou:TerritoryType" minOccurs="0" maxOccurs="unbounded"/>
        </xs:sequence>
      </xs:extension>
    </xs:complexContent>
  </xs:complexType>
  <xs:complexType name="AddressCountryHistoryRequestType">
    <xs:annotation>
      <xs:documentation></xs:documentation>
    </xs:annotation>
    <xs:sequence>
      <xs:element name="iso-alpha2" type="cou:ISO_3166-1_Alpha2Type"/>
      <xs:element name="referenceDate" type="xs:date" minOccurs="0"/>
    </xs:sequence>
  </xs:complexType>
  <xs:element name="getPlaceCountryRequest" type="mes:PlaceCountryRequestType"/>
  <xs:element name="getPlaceCountryResponse" type="mes:PlaceCountriesType"/>
  <xs:element name="getPlaceCountriesRequest" type="mes:ReferenceDateType"/>
  <xs:element name="getPlaceCountriesResponse" type="mes:PlaceCountriesType"/>
  <xs:element name="getPlaceCountryHistoryRequest" type="mes:PlaceCountryHistoryRequestType"/>
  <xs:element name="getPlaceCountryHistoryResponse" type="mes:PlaceCountriesType"/>
  <xs:complexType name="PlaceCountryRequestType">
    <xs:annotation>
      <xs:documentation></xs:documentation>
    </xs:annotation>
    <xs:sequence>
      <xs:choice>
        <xs:element name="iso-alpha2" type="cou:ISO_3166-1_Alpha2Type"/>
        <xs:element name="iso-alpha3" type="cou:ISO_3166-1_Alpha3Type"/>
        <xs:element name="iso-num3" type="cou:ISO_3166-1_Numeric3Type"/>
        <xs:element name="nis-num3" type="cou:NIS_Numeric3Type"/>
      </xs:choice>
    </xs:sequence>
  </xs:complexType>
  <xs:complexType name="PlaceCountriesType">
    <xs:annotation>
      <xs:documentation></xs:documentation>
    </xs:annotation>
    <xs:sequence>
      <xs:element name="placeCountry" type="mes:PlaceCountryType" minOccurs="0" maxOccurs="unbounded"/>
    </xs:sequence>
  </xs:complexType>
  <xs:complexType name="PlaceCountryType">
    <xs:annotation>
      <xs:documentation></xs:documentation>
    </xs:annotation>
    <xs:complexContent>
      <xs:extension base="mes:BusinessEntityType">
        <xs:sequence>
          <xs:element name="name" type="sim:NameType" maxOccurs="unbounded"/>
          <xs:element name="mainTerritory" type="cou:TerritoryType"/>
          <xs:element name="subTerritory" type="cou:TerritoryType" minOccurs="0" maxOccurs="unbounded"/>
        </xs:sequence>
      </xs:extension>
    </xs:complexContent>
  </xs:complexType>
  <xs:complexType name="PlaceCountryHistoryRequestType">
    <xs:annotation>
      <xs:documentation></xs:documentation>
    </xs:annotation>
    <xs:sequence>
      <xs:element name="iso-alpha2" type="cou:ISO_3166-1_Alpha2Type"/>
      <xs:element name="referenceDate" type="xs:date" minOccurs="0"/>
    </xs:sequence>
  </xs:complexType>
</xs:schema>]]></con:content><con:type>http://www.w3.org/2001/XMLSchema</con:type></con:part></con:definitionCache><con:endpoints><con:endpoint>http://fidus.brussels/services/countryservice/v1</con:endpoint><con:endpoint>http://localhost.localdomain:8088/mockCountryServiceHTTPBinding</con:endpoint><con:endpoint>https://192.168.24.16:8443/services/CountryService_v1.0</con:endpoint><con:endpoint>https://192.168.24.17:8443/services/CountryService_v1.0</con:endpoint><con:endpoint>https://192.168.36.61:8243/services/CountryService_v1.0</con:endpoint><con:endpoint>https://fidus-esb-sg.sta.srv.cirb.lan:8443/services/CountryService_v1.0</con:endpoint><con:endpoint>https://fidus.irisnetlab.be/services/CountryService_v1.0</con:endpoint><con:endpoint>https://fidus.sec.brussels/services/CountryService_v1.0</con:endpoint><con:endpoint>https://localhost:8243/services/CountryService_v1.9</con:endpoint></con:endpoints><con:operation id="c7de3639-11f9-4eaa-95eb-b06853bd53a6" isOneWay="false" action="http://fidus.brussels/services/countryservice/getAddressCountries" name="getAddressCountries" bindingOperationName="getAddressCountries" type="Request-Response" inputName="" receivesAttachments="false" sendsAttachments="false" anonymous="optional"><con:settings/><con:call id="ade548af-db49-4392-a1c7-f98910a004d1" name="01 - Local - Request" outgoingWss="Outflow DEV" incomingWss="Inflow DEV"><con:settings><con:setting id="com.eviware.soapui.impl.wsdl.WsdlRequest@request-headers">&lt;xml-fragment/></con:setting></con:settings><con:encoding>UTF-8</con:encoding><con:endpoint>https://localhost:8243/services/CountryService_v1.0</con:endpoint><con:request><![CDATA[<soapenv:Envelope xmlns:soapenv="http://schemas.xmlsoap.org/soap/envelope/" xmlns:v1="http://fidus.brussels/service/countryservice/messages/v1" xmlns:v11="http://fidus.brussels/type/common/messages/v1">
   <soapenv:Header/>
   <soapenv:Body>
      <v1:getAddressCountriesRequest>
         <v1:messageContext>
            <v11:messageId>${=import static java.util.UUID.randomUUID; uuid = randomUUID() as String}</v11:messageId>
            <!--Optional:-->
            <v11:timestamp>${=new java.text.SimpleDateFormat("yyyy-MM-dd'T'HH:mm:ss.SSS").format(new Date())}</v11:timestamp>
         </v1:messageContext>
         <v1:legalContext>ServiceIntegrator</v1:legalContext>
         <v1:request>
            <!--Optional:-->
            <v1:referenceDate>2016-10-10</v1:referenceDate>
         </v1:request>
      </v1:getAddressCountriesRequest>
   </soapenv:Body>
</soapenv:Envelope>]]></con:request><con:credentials><con:selectedAuthProfile>Basic</con:selectedAuthProfile><con:addedBasicAuthenticationTypes>Basic</con:addedBasicAuthenticationTypes><con:authType>Global HTTP Settings</con:authType></con:credentials><con:jmsConfig JMSDeliveryMode="PERSISTENT"/><con:jmsPropertyConfig/><con:wsaConfig mustUnderstand="NONE" version="200508" action="http://fidus.brussels/services/countryservice/getAddressCountries"/><con:wsrmConfig version="1.2"/></con:call><con:call id="1fdb6037-7cce-4574-b2c3-08b1c013db81" name="01 - Local - Request-Invalid_date" outgoingWss="Outflow DEV" incomingWss="Inflow DEV"><con:settings><con:setting id="com.eviware.soapui.impl.wsdl.WsdlRequest@request-headers">&lt;xml-fragment/></con:setting></con:settings><con:encoding>UTF-8</con:encoding><con:endpoint>https://localhost:8243/services/CountryService_v1.0</con:endpoint><con:request><![CDATA[<soapenv:Envelope xmlns:soapenv="http://schemas.xmlsoap.org/soap/envelope/" xmlns:v1="http://fidus.brussels/service/countryservice/messages/v1" xmlns:v11="http://fidus.brussels/type/common/messages/v1">
   <soapenv:Header/>
   <soapenv:Body>
      <v1:getAddressCountriesRequest>
         <v1:messageContext>
            <v11:messageId>${=import static java.util.UUID.randomUUID; uuid = randomUUID() as String}</v11:messageId>
            <!--Optional:-->
            <v11:timestamp>${=new java.text.SimpleDateFormat("yyyy-MM-dd'T'HH:mm:ss.SSS").format(new Date())}</v11:timestamp>
         </v1:messageContext>
         <v1:legalContext>ServiceIntegrator</v1:legalContext>
         <v1:request>
            <!--Optional:-->
            <v1:referenceDate>2016-12-35</v1:referenceDate>
         </v1:request>
      </v1:getAddressCountriesRequest>
   </soapenv:Body>
</soapenv:Envelope>]]></con:request><con:credentials><con:selectedAuthProfile>Basic</con:selectedAuthProfile><con:addedBasicAuthenticationTypes>Basic</con:addedBasicAuthenticationTypes><con:authType>Global HTTP Settings</con:authType></con:credentials><con:jmsConfig JMSDeliveryMode="PERSISTENT"/><con:jmsPropertyConfig/><con:wsaConfig mustUnderstand="NONE" version="200508" action="http://fidus.brussels/services/countryservice/getAddressCountries"/><con:wsrmConfig version="1.2"/></con:call><con:call id="3169e68b-d25c-4d59-befe-1a6cdc95aef2" name="03 - Test Worker1 - Request" outgoingWss="Outflow TEST" incomingWss="Inflow TEST"><con:settings><con:setting id="com.eviware.soapui.impl.wsdl.WsdlRequest@request-headers">&lt;xml-fragment/></con:setting></con:settings><con:encoding>UTF-8</con:encoding><con:endpoint>https://192.168.24.16:8443/services/CountryService_v1.0</con:endpoint><con:request><![CDATA[<soapenv:Envelope xmlns:soapenv="http://schemas.xmlsoap.org/soap/envelope/" xmlns:v1="http://fidus.brussels/service/countryservice/messages/v1" xmlns:v11="http://fidus.brussels/type/common/messages/v1">
   <soapenv:Header/>
   <soapenv:Body>
      <v1:getAddressCountriesRequest>
         <v1:messageContext>
            <v11:messageId>${=import static java.util.UUID.randomUUID; uuid = randomUUID() as String}</v11:messageId>
            <!--Optional:-->
            <v11:timestamp>${=new java.text.SimpleDateFormat("yyyy-MM-dd'T'HH:mm:ss.SSS").format(new Date())}</v11:timestamp>
         </v1:messageContext>
         <v1:legalContext>ServiceIntegrator</v1:legalContext>
         <v1:request>
            <!--Optional:-->
            <v1:referenceDate>2016-10-10</v1:referenceDate>
         </v1:request>
      </v1:getAddressCountriesRequest>
   </soapenv:Body>
</soapenv:Envelope>]]></con:request><con:credentials><con:selectedAuthProfile>Basic</con:selectedAuthProfile><con:addedBasicAuthenticationTypes>Basic</con:addedBasicAuthenticationTypes><con:authType>Global HTTP Settings</con:authType></con:credentials><con:jmsConfig JMSDeliveryMode="PERSISTENT"/><con:jmsPropertyConfig/><con:wsaConfig mustUnderstand="NONE" version="200508" action="http://fidus.brussels/services/countryservice/getAddressCountries"/><con:wsrmConfig version="1.2"/></con:call><con:call id="9a9ff1e5-11c3-4dcd-8863-bc5b67c60ee8" name="02 - Dev - Request" outgoingWss="Outflow DEV" incomingWss="Inflow DEV"><con:settings><con:setting id="com.eviware.soapui.impl.wsdl.WsdlRequest@request-headers">&lt;xml-fragment/></con:setting></con:settings><con:encoding>UTF-8</con:encoding><con:endpoint>https://192.168.36.61:8243/services/CountryService_v1.0</con:endpoint><con:request><![CDATA[<soapenv:Envelope xmlns:soapenv="http://schemas.xmlsoap.org/soap/envelope/" xmlns:v1="http://fidus.brussels/service/countryservice/messages/v1" xmlns:v11="http://fidus.brussels/type/common/messages/v1">
   <soapenv:Header/>
   <soapenv:Body>
      <v1:getAddressCountriesRequest>
         <v1:messageContext>
            <v11:messageId>${=import static java.util.UUID.randomUUID; uuid = randomUUID() as String}</v11:messageId>
            <!--Optional:-->
            <v11:timestamp>${=new java.text.SimpleDateFormat("yyyy-MM-dd'T'HH:mm:ss.SSS").format(new Date())}</v11:timestamp>
         </v1:messageContext>
         <v1:legalContext>ServiceIntegrator</v1:legalContext>
         <v1:request>
            <!--Optional:-->
            <v1:referenceDate>2016-10-10</v1:referenceDate>
         </v1:request>
      </v1:getAddressCountriesRequest>
   </soapenv:Body>
</soapenv:Envelope>]]></con:request><con:credentials><con:selectedAuthProfile>Basic</con:selectedAuthProfile><con:addedBasicAuthenticationTypes>Basic</con:addedBasicAuthenticationTypes><con:authType>Global HTTP Settings</con:authType></con:credentials><con:jmsConfig JMSDeliveryMode="PERSISTENT"/><con:jmsPropertyConfig/><con:wsaConfig mustUnderstand="NONE" version="200508" action="http://fidus.brussels/services/countryservice/getAddressCountries"/><con:wsrmConfig version="1.2"/></con:call><con:call id="e6ec12a5-ba29-46e8-827a-67d49db5dcbc" name="03 - Test Worker2 - Request" outgoingWss="Outflow TEST" incomingWss="Inflow TEST"><con:settings><con:setting id="com.eviware.soapui.impl.wsdl.WsdlRequest@request-headers">&lt;xml-fragment/></con:setting></con:settings><con:encoding>UTF-8</con:encoding><con:endpoint>https://192.168.24.17:8443/services/CountryService_v1.0</con:endpoint><con:request><![CDATA[<soapenv:Envelope xmlns:soapenv="http://schemas.xmlsoap.org/soap/envelope/" xmlns:v1="http://fidus.brussels/service/countryservice/messages/v1" xmlns:v11="http://fidus.brussels/type/common/messages/v1">
   <soapenv:Header/>
   <soapenv:Body>
      <v1:getAddressCountriesRequest>
         <v1:messageContext>
            <v11:messageId>${=import static java.util.UUID.randomUUID; uuid = randomUUID() as String}</v11:messageId>
            <!--Optional:-->
            <v11:timestamp>${=new java.text.SimpleDateFormat("yyyy-MM-dd'T'HH:mm:ss.SSS").format(new Date())}</v11:timestamp>
         </v1:messageContext>
         <v1:legalContext>ServiceIntegrator</v1:legalContext>
         <v1:request>
            <!--Optional:-->
            <v1:referenceDate>2016-10-10</v1:referenceDate>
         </v1:request>
      </v1:getAddressCountriesRequest>
   </soapenv:Body>
</soapenv:Envelope>]]></con:request><con:credentials><con:selectedAuthProfile>Basic</con:selectedAuthProfile><con:addedBasicAuthenticationTypes>Basic</con:addedBasicAuthenticationTypes><con:authType>Global HTTP Settings</con:authType></con:credentials><con:jmsConfig JMSDeliveryMode="PERSISTENT"/><con:jmsPropertyConfig/><con:wsaConfig mustUnderstand="NONE" version="200508" action="http://fidus.brussels/services/countryservice/getAddressCountries"/><con:wsrmConfig version="1.2"/></con:call><con:call id="56087fb3-5d9f-4eaf-b81c-e50293dd98af" name="03 - Test External - Request" outgoingWss="Outflow TEST" incomingWss="Inflow TEST"><con:settings><con:setting id="com.eviware.soapui.impl.wsdl.WsdlRequest@request-headers">&lt;xml-fragment/></con:setting></con:settings><con:encoding>UTF-8</con:encoding><con:endpoint>https://fidus-test.irisnetlab.be/services/CountryService_v1.0</con:endpoint><con:request><![CDATA[<soapenv:Envelope xmlns:soapenv="http://schemas.xmlsoap.org/soap/envelope/" xmlns:v1="http://fidus.brussels/service/countryservice/messages/v1" xmlns:v11="http://fidus.brussels/type/common/messages/v1">
   <soapenv:Header/>
   <soapenv:Body>
      <v1:getAddressCountriesRequest>
         <v1:messageContext>
            <v11:messageId>${=import static java.util.UUID.randomUUID; uuid = randomUUID() as String}</v11:messageId>
            <!--Optional:-->
            <v11:timestamp>${=new java.text.SimpleDateFormat("yyyy-MM-dd'T'HH:mm:ss.SSS").format(new Date())}</v11:timestamp>
         </v1:messageContext>
         <v1:legalContext>ServiceIntegrator</v1:legalContext>
         <v1:request>
            <!--Optional:-->
            <v1:referenceDate>2016-10-10</v1:referenceDate>
         </v1:request>
      </v1:getAddressCountriesRequest>
   </soapenv:Body>
</soapenv:Envelope>]]></con:request><con:credentials><con:selectedAuthProfile>Basic</con:selectedAuthProfile><con:addedBasicAuthenticationTypes>Basic</con:addedBasicAuthenticationTypes><con:authType>Global HTTP Settings</con:authType></con:credentials><con:jmsConfig JMSDeliveryMode="PERSISTENT"/><con:jmsPropertyConfig/><con:wsaConfig mustUnderstand="NONE" version="200508" action="http://fidus.brussels/services/countryservice/getAddressCountries"/><con:wsrmConfig version="1.2"/></con:call><con:call id="0f6ca71d-c92e-438d-b201-dfca7f5afb82" name="03 - Test LB - Request" outgoingWss="Outflow TEST" incomingWss="Inflow TEST"><con:settings><con:setting id="com.eviware.soapui.impl.wsdl.WsdlRequest@request-headers">&lt;xml-fragment/></con:setting></con:settings><con:encoding>UTF-8</con:encoding><con:endpoint>https://fidus-esb-sg.sta.srv.cirb.lan:8443/services/CountryService_v1.0</con:endpoint><con:request><![CDATA[<soapenv:Envelope xmlns:soapenv="http://schemas.xmlsoap.org/soap/envelope/" xmlns:v1="http://fidus.brussels/service/countryservice/messages/v1" xmlns:v11="http://fidus.brussels/type/common/messages/v1">
   <soapenv:Header/>
   <soapenv:Body>
      <v1:getAddressCountriesRequest>
         <v1:messageContext>
            <v11:messageId>${=import static java.util.UUID.randomUUID; uuid = randomUUID() as String}</v11:messageId>
            <!--Optional:-->
            <v11:timestamp>${=new java.text.SimpleDateFormat("yyyy-MM-dd'T'HH:mm:ss.SSS").format(new Date())}</v11:timestamp>
         </v1:messageContext>
         <v1:legalContext>ServiceIntegrator</v1:legalContext>
         <v1:request>
            <!--Optional:-->
            <v1:referenceDate>2016-10-10</v1:referenceDate>
         </v1:request>
      </v1:getAddressCountriesRequest>
   </soapenv:Body>
</soapenv:Envelope>]]></con:request><con:credentials><con:selectedAuthProfile>Basic</con:selectedAuthProfile><con:addedBasicAuthenticationTypes>Basic</con:addedBasicAuthenticationTypes><con:authType>Global HTTP Settings</con:authType></con:credentials><con:jmsConfig JMSDeliveryMode="PERSISTENT"/><con:jmsPropertyConfig/><con:wsaConfig mustUnderstand="NONE" version="200508" action="http://fidus.brussels/services/countryservice/getAddressCountries"/><con:wsrmConfig version="1.2"/></con:call><con:call id="adfe9d4c-f3e0-4e8f-93db-e2d0b0e8db73" name="04 - Staging External - Request" outgoingWss="Outflow STAGING" incomingWss="Inflow STAGING"><con:settings><con:setting id="com.eviware.soapui.impl.wsdl.WsdlRequest@request-headers">&lt;xml-fragment/></con:setting></con:settings><con:encoding>UTF-8</con:encoding><con:endpoint>https://fidus.irisnetlab.be/services/CountryService_v1.0</con:endpoint><con:request><![CDATA[<soapenv:Envelope xmlns:soapenv="http://schemas.xmlsoap.org/soap/envelope/" xmlns:v1="http://fidus.brussels/service/countryservice/messages/v1" xmlns:v11="http://fidus.brussels/type/common/messages/v1">
   <soapenv:Header/>
   <soapenv:Body>
      <v1:getAddressCountriesRequest>
         <v1:messageContext>
            <v11:messageId>${=import static java.util.UUID.randomUUID; uuid = randomUUID() as String}</v11:messageId>
            <!--Optional:-->
            <v11:timestamp>${=new java.text.SimpleDateFormat("yyyy-MM-dd'T'HH:mm:ss.SSS").format(new Date())}</v11:timestamp>
         </v1:messageContext>
         <v1:legalContext>ServiceIntegrator</v1:legalContext>
         <v1:request>
            <!--Optional:-->
            <v1:referenceDate>2016-10-10</v1:referenceDate>
         </v1:request>
      </v1:getAddressCountriesRequest>
   </soapenv:Body>
</soapenv:Envelope>]]></con:request><con:credentials><con:selectedAuthProfile>Basic</con:selectedAuthProfile><con:addedBasicAuthenticationTypes>Basic</con:addedBasicAuthenticationTypes><con:authType>Global HTTP Settings</con:authType></con:credentials><con:jmsConfig JMSDeliveryMode="PERSISTENT"/><con:jmsPropertyConfig/><con:wsaConfig mustUnderstand="NONE" version="200508" action="http://fidus.brussels/services/countryservice/getAddressCountries"/><con:wsrmConfig version="1.2"/></con:call><con:call id="6e78ba1a-81ae-4c7f-8ef8-cb34b5051242" name="04 - Staging LB - Request" outgoingWss="Outflow STAGING" incomingWss="Inflow STAGING"><con:settings><con:setting id="com.eviware.soapui.impl.wsdl.WsdlRequest@request-headers">&lt;xml-fragment/></con:setting></con:settings><con:encoding>UTF-8</con:encoding><con:endpoint>https://fidus-esb-sg.sta.srv.cirb.lan:8443/services/CountryService_v1.0</con:endpoint><con:request><![CDATA[<soapenv:Envelope xmlns:soapenv="http://schemas.xmlsoap.org/soap/envelope/" xmlns:v1="http://fidus.brussels/service/countryservice/messages/v1" xmlns:v11="http://fidus.brussels/type/common/messages/v1">
   <soapenv:Header/>
   <soapenv:Body>
      <v1:getAddressCountriesRequest>
         <v1:messageContext>
            <v11:messageId>${=import static java.util.UUID.randomUUID; uuid = randomUUID() as String}</v11:messageId>
            <!--Optional:-->
            <v11:timestamp>${=new java.text.SimpleDateFormat("yyyy-MM-dd'T'HH:mm:ss.SSS").format(new Date())}</v11:timestamp>
         </v1:messageContext>
         <v1:legalContext>ServiceIntegrator</v1:legalContext>
         <v1:request>
            <!--Optional:-->
            <v1:referenceDate>2016-10-10</v1:referenceDate>
         </v1:request>
      </v1:getAddressCountriesRequest>
   </soapenv:Body>
</soapenv:Envelope>]]></con:request><con:credentials><con:selectedAuthProfile>Basic</con:selectedAuthProfile><con:addedBasicAuthenticationTypes>Basic</con:addedBasicAuthenticationTypes><con:authType>Global HTTP Settings</con:authType></con:credentials><con:jmsConfig JMSDeliveryMode="PERSISTENT"/><con:jmsPropertyConfig/><con:wsaConfig mustUnderstand="NONE" version="200508" action="http://fidus.brussels/services/countryservice/getAddressCountries"/><con:wsrmConfig version="1.2"/></con:call><con:call id="fea5614a-e511-4b22-be3d-2531b8b4718e" name="04 - Staging Worker1 - Request" outgoingWss="Outflow STAGING" incomingWss="Inflow STAGING"><con:settings><con:setting id="com.eviware.soapui.impl.wsdl.WsdlRequest@request-headers">&lt;xml-fragment/></con:setting></con:settings><con:encoding>UTF-8</con:encoding><con:endpoint>https://192.168.24.16:8443/services/CountryService_v1.0</con:endpoint><con:request><![CDATA[<soapenv:Envelope xmlns:soapenv="http://schemas.xmlsoap.org/soap/envelope/" xmlns:v1="http://fidus.brussels/service/countryservice/messages/v1" xmlns:v11="http://fidus.brussels/type/common/messages/v1">
   <soapenv:Header/>
   <soapenv:Body>
      <v1:getAddressCountriesRequest>
         <v1:messageContext>
            <v11:messageId>${=import static java.util.UUID.randomUUID; uuid = randomUUID() as String}</v11:messageId>
            <!--Optional:-->
            <v11:timestamp>${=new java.text.SimpleDateFormat("yyyy-MM-dd'T'HH:mm:ss.SSS").format(new Date())}</v11:timestamp>
         </v1:messageContext>
         <v1:legalContext>ServiceIntegrator</v1:legalContext>
         <v1:request>
            <!--Optional:-->
            <v1:referenceDate>2016-10-10</v1:referenceDate>
         </v1:request>
      </v1:getAddressCountriesRequest>
   </soapenv:Body>
</soapenv:Envelope>]]></con:request><con:credentials><con:selectedAuthProfile>Basic</con:selectedAuthProfile><con:addedBasicAuthenticationTypes>Basic</con:addedBasicAuthenticationTypes><con:authType>Global HTTP Settings</con:authType></con:credentials><con:jmsConfig JMSDeliveryMode="PERSISTENT"/><con:jmsPropertyConfig/><con:wsaConfig mustUnderstand="NONE" version="200508" action="http://fidus.brussels/services/countryservice/getAddressCountries"/><con:wsrmConfig version="1.2"/></con:call><con:call id="4ef9a1c6-49d6-444d-9ddc-e5976c4b5be7" name="04 - Staging Worker2 - Request" outgoingWss="Outflow STAGING" incomingWss="Inflow STAGING"><con:settings><con:setting id="com.eviware.soapui.impl.wsdl.WsdlRequest@request-headers">&lt;xml-fragment/></con:setting></con:settings><con:encoding>UTF-8</con:encoding><con:endpoint>https://192.168.24.17:8443/services/CountryService_v1.0</con:endpoint><con:request><![CDATA[<soapenv:Envelope xmlns:soapenv="http://schemas.xmlsoap.org/soap/envelope/" xmlns:v1="http://fidus.brussels/service/countryservice/messages/v1" xmlns:v11="http://fidus.brussels/type/common/messages/v1">
   <soapenv:Header/>
   <soapenv:Body>
      <v1:getAddressCountriesRequest>
         <v1:messageContext>
            <v11:messageId>${=import static java.util.UUID.randomUUID; uuid = randomUUID() as String}</v11:messageId>
            <!--Optional:-->
            <v11:timestamp>${=new java.text.SimpleDateFormat("yyyy-MM-dd'T'HH:mm:ss.SSS").format(new Date())}</v11:timestamp>
         </v1:messageContext>
         <v1:legalContext>ServiceIntegrator</v1:legalContext>
         <v1:request>
            <!--Optional:-->
            <v1:referenceDate>2016-10-10</v1:referenceDate>
         </v1:request>
      </v1:getAddressCountriesRequest>
   </soapenv:Body>
</soapenv:Envelope>]]></con:request><con:credentials><con:selectedAuthProfile>Basic</con:selectedAuthProfile><con:addedBasicAuthenticationTypes>Basic</con:addedBasicAuthenticationTypes><con:authType>Global HTTP Settings</con:authType></con:credentials><con:jmsConfig JMSDeliveryMode="PERSISTENT"/><con:jmsPropertyConfig/><con:wsaConfig mustUnderstand="NONE" version="200508" action="http://fidus.brussels/services/countryservice/getAddressCountries"/><con:wsrmConfig version="1.2"/></con:call><con:call id="d4427617-0988-499b-bcda-514c97ce1920" name="05 - Prod - External - Request" outgoingWss="Outflow PROD" incomingWss="Inflow PROD"><con:settings><con:setting id="com.eviware.soapui.impl.wsdl.WsdlRequest@request-headers">&lt;xml-fragment/></con:setting></con:settings><con:encoding>UTF-8</con:encoding><con:endpoint>https://fidus.sec.brussels/services/CountryService_v1.0</con:endpoint><con:request><![CDATA[<soapenv:Envelope xmlns:soapenv="http://schemas.xmlsoap.org/soap/envelope/" xmlns:v1="http://fidus.brussels/service/countryservice/messages/v1" xmlns:v11="http://fidus.brussels/type/common/messages/v1">
   <soapenv:Header/>
   <soapenv:Body>
      <v1:getAddressCountriesRequest>
         <v1:messageContext>
            <v11:messageId>${=import static java.util.UUID.randomUUID; uuid = randomUUID() as String}</v11:messageId>
            <!--Optional:-->
            <v11:timestamp>${=new java.text.SimpleDateFormat("yyyy-MM-dd'T'HH:mm:ss.SSS").format(new Date())}</v11:timestamp>
         </v1:messageContext>
         <v1:legalContext>ServiceIntegrator</v1:legalContext>
         <v1:request>
            <!--Optional:-->
            <v1:referenceDate>2016-10-10</v1:referenceDate>
         </v1:request>
      </v1:getAddressCountriesRequest>
   </soapenv:Body>
</soapenv:Envelope>]]></con:request><con:credentials><con:selectedAuthProfile>Basic</con:selectedAuthProfile><con:addedBasicAuthenticationTypes>Basic</con:addedBasicAuthenticationTypes><con:authType>Global HTTP Settings</con:authType></con:credentials><con:jmsConfig JMSDeliveryMode="PERSISTENT"/><con:jmsPropertyConfig/><con:wsaConfig mustUnderstand="NONE" version="200508" action="http://fidus.brussels/services/countryservice/getAddressCountries"/><con:wsrmConfig version="1.2"/></con:call><con:call id="bb4d74a6-d8b6-4521-9f32-3a9d24e5421d" name="02 - DevNew - Request" outgoingWss="Outflow DEV" incomingWss="Inflow DEV"><con:settings><con:setting id="com.eviware.soapui.impl.wsdl.WsdlRequest@request-headers">&lt;xml-fragment/></con:setting></con:settings><con:encoding>UTF-8</con:encoding><con:endpoint>https://192.168.36.75:8243/services/CountryService_v1.0</con:endpoint><con:request><![CDATA[<soapenv:Envelope xmlns:soapenv="http://schemas.xmlsoap.org/soap/envelope/" xmlns:v1="http://fidus.brussels/service/countryservice/messages/v1" xmlns:v11="http://fidus.brussels/type/common/messages/v1">
   <soapenv:Header/>
   <soapenv:Body>
      <v1:getAddressCountriesRequest>
         <v1:messageContext>
            <v11:messageId>${=import static java.util.UUID.randomUUID; uuid = randomUUID() as String}</v11:messageId>
            <!--Optional:-->
            <v11:timestamp>${=new java.text.SimpleDateFormat("yyyy-MM-dd'T'HH:mm:ss.SSS").format(new Date())}</v11:timestamp>
         </v1:messageContext>
         <v1:legalContext>ServiceIntegrator</v1:legalContext>
         <v1:request>
            <!--Optional:-->
            <v1:referenceDate>2016-10-10</v1:referenceDate>
         </v1:request>
      </v1:getAddressCountriesRequest>
   </soapenv:Body>
</soapenv:Envelope>]]></con:request><con:credentials><con:selectedAuthProfile>Basic</con:selectedAuthProfile><con:addedBasicAuthenticationTypes>Basic</con:addedBasicAuthenticationTypes><con:authType>Global HTTP Settings</con:authType></con:credentials><con:jmsConfig JMSDeliveryMode="PERSISTENT"/><con:jmsPropertyConfig/><con:wsaConfig mustUnderstand="NONE" version="200508" action="http://fidus.brussels/services/countryservice/getAddressCountries"/><con:wsrmConfig version="1.2"/></con:call></con:operation><con:operation id="ce570cb8-0123-47f9-b8c7-3283d348c5f1" isOneWay="false" action="http://fidus.brussels/services/countryservice/getAddressCountry" name="getAddressCountry" bindingOperationName="getAddressCountry" type="Request-Response" inputName="" receivesAttachments="false" sendsAttachments="false" anonymous="optional"><con:settings/><con:call id="be784c6b-2d8e-417d-a0b9-bd668bdc8bad" name="01 - Local - Request" outgoingWss="Outflow DEV" incomingWss="Inflow DEV"><con:settings><con:setting id="com.eviware.soapui.impl.wsdl.WsdlRequest@request-headers">&lt;xml-fragment/></con:setting></con:settings><con:encoding>UTF-8</con:encoding><con:endpoint>https://localhost:8243/services/CountryService_v1.0</con:endpoint><con:request><![CDATA[<soapenv:Envelope xmlns:soapenv="http://schemas.xmlsoap.org/soap/envelope/" xmlns:v1="http://fidus.brussels/service/countryservice/messages/v1" xmlns:v11="http://fidus.brussels/type/common/messages/v1" xmlns:v12="http://fsb.belgium.be/mappingServices/countryService/messages/v1_00">
   <soapenv:Header/>
   <soapenv:Body>
      <v1:getAddressCountryRequest>
         <v1:messageContext>
            <v11:messageId>${=import static java.util.UUID.randomUUID; uuid = randomUUID() as String}</v11:messageId>
            <!--Optional:-->
            <v11:timestamp>${=new java.text.SimpleDateFormat("yyyy-MM-dd'T'HH:mm:ss.SSS").format(new Date())}</v11:timestamp>
         </v1:messageContext>
         <v1:legalContext>ServiceIntegrator</v1:legalContext>
         <v1:request>
            <!--You have a CHOICE of the next 4 items at this level-->
            <v12:iso-alpha2>BE</v12:iso-alpha2>
            <!--<v12:iso-alpha3 startDate="?" endDate="?" status="?">?</v12:iso-alpha3>-->
            <!--<v12:iso-num3 startDate="?" endDate="?" status="?">?</v12:iso-num3>-->
            <!--<v12:nis-num3 startDate="?" endDate="?" status="?">?</v12:nis-num3>-->
         </v1:request>
      </v1:getAddressCountryRequest>
   </soapenv:Body>
</soapenv:Envelope>]]></con:request><con:credentials><con:selectedAuthProfile>Basic</con:selectedAuthProfile><con:addedBasicAuthenticationTypes>Basic</con:addedBasicAuthenticationTypes><con:authType>Global HTTP Settings</con:authType></con:credentials><con:jmsConfig JMSDeliveryMode="PERSISTENT"/><con:jmsPropertyConfig/><con:wsaConfig mustUnderstand="NONE" version="200508" action="http://fidus.brussels/services/countryservice/getAddressCountry"/><con:wsrmConfig version="1.2"/></con:call><con:call id="91be220b-52f1-4934-95f8-45f5b5c067fe" name="01 - Local - Request-Invalid_Iso-alpha2" outgoingWss="Outflow DEV" incomingWss="Inflow DEV"><con:settings><con:setting id="com.eviware.soapui.impl.wsdl.WsdlRequest@request-headers">&lt;xml-fragment/></con:setting></con:settings><con:encoding>UTF-8</con:encoding><con:endpoint>https://localhost:8243/services/CountryService_v1.0</con:endpoint><con:request><![CDATA[<soapenv:Envelope xmlns:soapenv="http://schemas.xmlsoap.org/soap/envelope/" xmlns:v1="http://fidus.brussels/service/countryservice/messages/v1" xmlns:v11="http://fidus.brussels/type/common/messages/v1" xmlns:v12="http://fsb.belgium.be/mappingServices/countryService/messages/v1_00">
   <soapenv:Header/>
   <soapenv:Body>
      <v1:getAddressCountryRequest>
         <v1:messageContext>
            <v11:messageId>${=import static java.util.UUID.randomUUID; uuid = randomUUID() as String}</v11:messageId>
            <!--Optional:-->
            <v11:timestamp>${=new java.text.SimpleDateFormat("yyyy-MM-dd'T'HH:mm:ss.SSS").format(new Date())}</v11:timestamp>
         </v1:messageContext>
         <v1:legalContext>ServiceIntegrator</v1:legalContext>
         <v1:request>
            <!--You have a CHOICE of the next 4 items at this level-->
            <v12:iso-alpha2>XX</v12:iso-alpha2>
            <!--<v12:iso-alpha3 startDate="?" endDate="?" status="?">?</v12:iso-alpha3>-->
            <!--<v12:iso-num3 startDate="?" endDate="?" status="?">?</v12:iso-num3>-->
            <!--<v12:nis-num3 startDate="?" endDate="?" status="?">?</v12:nis-num3>-->
         </v1:request>
      </v1:getAddressCountryRequest>
   </soapenv:Body>
</soapenv:Envelope>]]></con:request><con:credentials><con:selectedAuthProfile>Basic</con:selectedAuthProfile><con:addedBasicAuthenticationTypes>Basic</con:addedBasicAuthenticationTypes><con:authType>Global HTTP Settings</con:authType></con:credentials><con:jmsConfig JMSDeliveryMode="PERSISTENT"/><con:jmsPropertyConfig/><con:wsaConfig mustUnderstand="NONE" version="200508" action="http://fidus.brussels/services/countryservice/getAddressCountry"/><con:wsrmConfig version="1.2"/></con:call><con:call id="d1f37fa5-b199-4144-b98b-9de820f88495" name="02 - Dev - Request" outgoingWss="Outflow DEV" incomingWss="Inflow DEV"><con:settings><con:setting id="com.eviware.soapui.impl.wsdl.WsdlRequest@request-headers">&lt;xml-fragment/></con:setting></con:settings><con:encoding>UTF-8</con:encoding><con:endpoint>https://192.168.36.61:8243/services/CountryService_v1.0</con:endpoint><con:request><![CDATA[<soapenv:Envelope xmlns:soapenv="http://schemas.xmlsoap.org/soap/envelope/" xmlns:v1="http://fidus.brussels/service/countryservice/messages/v1" xmlns:v11="http://fidus.brussels/type/common/messages/v1" xmlns:v12="http://fsb.belgium.be/mappingServices/countryService/messages/v1_00">
   <soapenv:Header/>
   <soapenv:Body>
      <v1:getAddressCountryRequest>
         <v1:messageContext>
            <v11:messageId>${=import static java.util.UUID.randomUUID; uuid = randomUUID() as String}</v11:messageId>
            <!--Optional:-->
            <v11:timestamp>${=new java.text.SimpleDateFormat("yyyy-MM-dd'T'HH:mm:ss.SSS").format(new Date())}</v11:timestamp>
         </v1:messageContext>
         <v1:legalContext>ServiceIntegrator</v1:legalContext>
         <v1:request>
            <!--You have a CHOICE of the next 4 items at this level-->
            <v12:iso-alpha2>BE</v12:iso-alpha2>
            <!--<v12:iso-alpha3 startDate="?" endDate="?" status="?">?</v12:iso-alpha3>-->
            <!--<v12:iso-num3 startDate="?" endDate="?" status="?">?</v12:iso-num3>-->
            <!--<v12:nis-num3 startDate="?" endDate="?" status="?">?</v12:nis-num3>-->
         </v1:request>
      </v1:getAddressCountryRequest>
   </soapenv:Body>
</soapenv:Envelope>]]></con:request><con:credentials><con:selectedAuthProfile>Basic</con:selectedAuthProfile><con:addedBasicAuthenticationTypes>Basic</con:addedBasicAuthenticationTypes><con:authType>Global HTTP Settings</con:authType></con:credentials><con:jmsConfig JMSDeliveryMode="PERSISTENT"/><con:jmsPropertyConfig/><con:wsaConfig mustUnderstand="NONE" version="200508" action="http://fidus.brussels/services/countryservice/getAddressCountry"/><con:wsrmConfig version="1.2"/></con:call><con:call id="82792d46-2e95-492a-855c-f525e08a1334" name="03 - Test External - Request" outgoingWss="Outflow TEST" incomingWss="Inflow TEST"><con:settings><con:setting id="com.eviware.soapui.impl.wsdl.WsdlRequest@request-headers">&lt;xml-fragment/></con:setting></con:settings><con:encoding>UTF-8</con:encoding><con:endpoint>https://fidus-test.irisnetlab.be/services/CountryService_v1.0</con:endpoint><con:request><![CDATA[<soapenv:Envelope xmlns:soapenv="http://schemas.xmlsoap.org/soap/envelope/" xmlns:v1="http://fidus.brussels/service/countryservice/messages/v1" xmlns:v11="http://fidus.brussels/type/common/messages/v1" xmlns:v12="http://fsb.belgium.be/mappingServices/countryService/messages/v1_00">
   <soapenv:Header/>
   <soapenv:Body>
      <v1:getAddressCountryRequest>
         <v1:messageContext>
            <v11:messageId>${=import static java.util.UUID.randomUUID; uuid = randomUUID() as String}</v11:messageId>
            <!--Optional:-->
            <v11:timestamp>${=new java.text.SimpleDateFormat("yyyy-MM-dd'T'HH:mm:ss.SSS").format(new Date())}</v11:timestamp>
         </v1:messageContext>
         <v1:legalContext>ServiceIntegrator</v1:legalContext>
         <v1:request>
            <!--You have a CHOICE of the next 4 items at this level-->
            <v12:iso-alpha2>BE</v12:iso-alpha2>
            <!--<v12:iso-alpha3 startDate="?" endDate="?" status="?">?</v12:iso-alpha3>-->
            <!--<v12:iso-num3 startDate="?" endDate="?" status="?">?</v12:iso-num3>-->
            <!--<v12:nis-num3 startDate="?" endDate="?" status="?">?</v12:nis-num3>-->
         </v1:request>
      </v1:getAddressCountryRequest>
   </soapenv:Body>
</soapenv:Envelope>]]></con:request><con:credentials><con:selectedAuthProfile>Basic</con:selectedAuthProfile><con:addedBasicAuthenticationTypes>Basic</con:addedBasicAuthenticationTypes><con:authType>Global HTTP Settings</con:authType></con:credentials><con:jmsConfig JMSDeliveryMode="PERSISTENT"/><con:jmsPropertyConfig/><con:wsaConfig mustUnderstand="NONE" version="200508" action="http://fidus.brussels/services/countryservice/getAddressCountry"/><con:wsrmConfig version="1.2"/></con:call><con:call id="ec92ab3e-3260-4d50-929d-e6925b35aa24" name="03 - Test LB - Request" outgoingWss="Outflow TEST" incomingWss="Inflow TEST"><con:settings><con:setting id="com.eviware.soapui.impl.wsdl.WsdlRequest@request-headers">&lt;xml-fragment/></con:setting></con:settings><con:encoding>UTF-8</con:encoding><con:endpoint>https://fidus-esb-sg.sta.srv.cirb.lan:8443/services/CountryService_v1.0</con:endpoint><con:request><![CDATA[<soapenv:Envelope xmlns:soapenv="http://schemas.xmlsoap.org/soap/envelope/" xmlns:v1="http://fidus.brussels/service/countryservice/messages/v1" xmlns:v11="http://fidus.brussels/type/common/messages/v1" xmlns:v12="http://fsb.belgium.be/mappingServices/countryService/messages/v1_00">
   <soapenv:Header/>
   <soapenv:Body>
      <v1:getAddressCountryRequest>
         <v1:messageContext>
            <v11:messageId>${=import static java.util.UUID.randomUUID; uuid = randomUUID() as String}</v11:messageId>
            <!--Optional:-->
            <v11:timestamp>${=new java.text.SimpleDateFormat("yyyy-MM-dd'T'HH:mm:ss.SSS").format(new Date())}</v11:timestamp>
         </v1:messageContext>
         <v1:legalContext>ServiceIntegrator</v1:legalContext>
         <v1:request>
            <!--You have a CHOICE of the next 4 items at this level-->
            <v12:iso-alpha2>BE</v12:iso-alpha2>
            <!--<v12:iso-alpha3 startDate="?" endDate="?" status="?">?</v12:iso-alpha3>-->
            <!--<v12:iso-num3 startDate="?" endDate="?" status="?">?</v12:iso-num3>-->
            <!--<v12:nis-num3 startDate="?" endDate="?" status="?">?</v12:nis-num3>-->
         </v1:request>
      </v1:getAddressCountryRequest>
   </soapenv:Body>
</soapenv:Envelope>]]></con:request><con:credentials><con:selectedAuthProfile>Basic</con:selectedAuthProfile><con:addedBasicAuthenticationTypes>Basic</con:addedBasicAuthenticationTypes><con:authType>Global HTTP Settings</con:authType></con:credentials><con:jmsConfig JMSDeliveryMode="PERSISTENT"/><con:jmsPropertyConfig/><con:wsaConfig mustUnderstand="NONE" version="200508" action="http://fidus.brussels/services/countryservice/getAddressCountry"/><con:wsrmConfig version="1.2"/></con:call><con:call id="128f9102-1fe1-4c5d-b2b2-49d226e8df74" name="03 - Test Worker1 - Request" outgoingWss="Outflow TEST" incomingWss="Inflow TEST"><con:settings><con:setting id="com.eviware.soapui.impl.wsdl.WsdlRequest@request-headers">&lt;xml-fragment/></con:setting></con:settings><con:encoding>UTF-8</con:encoding><con:endpoint>https://192.168.24.16:8443/services/CountryService_v1.0</con:endpoint><con:request><![CDATA[<soapenv:Envelope xmlns:soapenv="http://schemas.xmlsoap.org/soap/envelope/" xmlns:v1="http://fidus.brussels/service/countryservice/messages/v1" xmlns:v11="http://fidus.brussels/type/common/messages/v1" xmlns:v12="http://fsb.belgium.be/mappingServices/countryService/messages/v1_00">
   <soapenv:Header/>
   <soapenv:Body>
      <v1:getAddressCountryRequest>
         <v1:messageContext>
            <v11:messageId>${=import static java.util.UUID.randomUUID; uuid = randomUUID() as String}</v11:messageId>
            <!--Optional:-->
            <v11:timestamp>${=new java.text.SimpleDateFormat("yyyy-MM-dd'T'HH:mm:ss.SSS").format(new Date())}</v11:timestamp>
         </v1:messageContext>
         <v1:legalContext>ServiceIntegrator</v1:legalContext>
         <v1:request>
            <!--You have a CHOICE of the next 4 items at this level-->
            <v12:iso-alpha2>BE</v12:iso-alpha2>
            <!--<v12:iso-alpha3 startDate="?" endDate="?" status="?">?</v12:iso-alpha3>-->
            <!--<v12:iso-num3 startDate="?" endDate="?" status="?">?</v12:iso-num3>-->
            <!--<v12:nis-num3 startDate="?" endDate="?" status="?">?</v12:nis-num3>-->
         </v1:request>
      </v1:getAddressCountryRequest>
   </soapenv:Body>
</soapenv:Envelope>]]></con:request><con:credentials><con:selectedAuthProfile>Basic</con:selectedAuthProfile><con:addedBasicAuthenticationTypes>Basic</con:addedBasicAuthenticationTypes><con:authType>Global HTTP Settings</con:authType></con:credentials><con:jmsConfig JMSDeliveryMode="PERSISTENT"/><con:jmsPropertyConfig/><con:wsaConfig mustUnderstand="NONE" version="200508" action="http://fidus.brussels/services/countryservice/getAddressCountry"/><con:wsrmConfig version="1.2"/></con:call><con:call id="0cb2eb0b-44e6-4a90-87cf-8083c9759e8a" name="03 - Test Worker2 - Request" outgoingWss="Outflow TEST" incomingWss="Inflow TEST"><con:settings><con:setting id="com.eviware.soapui.impl.wsdl.WsdlRequest@request-headers">&lt;xml-fragment/></con:setting></con:settings><con:encoding>UTF-8</con:encoding><con:endpoint>https://192.168.24.17:8443/services/CountryService_v1.0</con:endpoint><con:request><![CDATA[<soapenv:Envelope xmlns:soapenv="http://schemas.xmlsoap.org/soap/envelope/" xmlns:v1="http://fidus.brussels/service/countryservice/messages/v1" xmlns:v11="http://fidus.brussels/type/common/messages/v1" xmlns:v12="http://fsb.belgium.be/mappingServices/countryService/messages/v1_00">
   <soapenv:Header/>
   <soapenv:Body>
      <v1:getAddressCountryRequest>
         <v1:messageContext>
            <v11:messageId>${=import static java.util.UUID.randomUUID; uuid = randomUUID() as String}</v11:messageId>
            <!--Optional:-->
            <v11:timestamp>${=new java.text.SimpleDateFormat("yyyy-MM-dd'T'HH:mm:ss.SSS").format(new Date())}</v11:timestamp>
         </v1:messageContext>
         <v1:legalContext>ServiceIntegrator</v1:legalContext>
         <v1:request>
            <!--You have a CHOICE of the next 4 items at this level-->
            <v12:iso-alpha2>BE</v12:iso-alpha2>
            <!--<v12:iso-alpha3 startDate="?" endDate="?" status="?">?</v12:iso-alpha3>-->
            <!--<v12:iso-num3 startDate="?" endDate="?" status="?">?</v12:iso-num3>-->
            <!--<v12:nis-num3 startDate="?" endDate="?" status="?">?</v12:nis-num3>-->
         </v1:request>
      </v1:getAddressCountryRequest>
   </soapenv:Body>
</soapenv:Envelope>]]></con:request><con:credentials><con:selectedAuthProfile>Basic</con:selectedAuthProfile><con:addedBasicAuthenticationTypes>Basic</con:addedBasicAuthenticationTypes><con:authType>Global HTTP Settings</con:authType></con:credentials><con:jmsConfig JMSDeliveryMode="PERSISTENT"/><con:jmsPropertyConfig/><con:wsaConfig mustUnderstand="NONE" version="200508" action="http://fidus.brussels/services/countryservice/getAddressCountry"/><con:wsrmConfig version="1.2"/></con:call><con:call id="8e6dcf1a-a3d0-414b-a423-4e4a1f276904" name="04 - Staging External - Request" outgoingWss="Outflow STAGING" incomingWss="Inflow STAGING"><con:settings><con:setting id="com.eviware.soapui.impl.wsdl.WsdlRequest@request-headers">&lt;xml-fragment/></con:setting></con:settings><con:encoding>UTF-8</con:encoding><con:endpoint>https://fidus.irisnetlab.be/services/CountryService_v1.0</con:endpoint><con:request><![CDATA[<soapenv:Envelope xmlns:soapenv="http://schemas.xmlsoap.org/soap/envelope/" xmlns:v1="http://fidus.brussels/service/countryservice/messages/v1" xmlns:v11="http://fidus.brussels/type/common/messages/v1" xmlns:v12="http://fsb.belgium.be/mappingServices/countryService/messages/v1_00">
   <soapenv:Header/>
   <soapenv:Body>
      <v1:getAddressCountryRequest>
         <v1:messageContext>
            <v11:messageId>${=import static java.util.UUID.randomUUID; uuid = randomUUID() as String}</v11:messageId>
            <!--Optional:-->
            <v11:timestamp>${=new java.text.SimpleDateFormat("yyyy-MM-dd'T'HH:mm:ss.SSS").format(new Date())}</v11:timestamp>
         </v1:messageContext>
         <v1:legalContext>ServiceIntegrator</v1:legalContext>
         <v1:request>
            <!--You have a CHOICE of the next 4 items at this level-->
            <v12:iso-alpha2>BE</v12:iso-alpha2>
            <!--<v12:iso-alpha3 startDate="?" endDate="?" status="?">?</v12:iso-alpha3>-->
            <!--<v12:iso-num3 startDate="?" endDate="?" status="?">?</v12:iso-num3>-->
            <!--<v12:nis-num3 startDate="?" endDate="?" status="?">?</v12:nis-num3>-->
         </v1:request>
      </v1:getAddressCountryRequest>
   </soapenv:Body>
</soapenv:Envelope>]]></con:request><con:credentials><con:selectedAuthProfile>Basic</con:selectedAuthProfile><con:addedBasicAuthenticationTypes>Basic</con:addedBasicAuthenticationTypes><con:authType>Global HTTP Settings</con:authType></con:credentials><con:jmsConfig JMSDeliveryMode="PERSISTENT"/><con:jmsPropertyConfig/><con:wsaConfig mustUnderstand="NONE" version="200508" action="http://fidus.brussels/services/countryservice/getAddressCountry"/><con:wsrmConfig version="1.2"/></con:call><con:call id="60951313-228b-4567-ba12-652c79af1532" name="04 - Staging LB - Request" outgoingWss="Outflow STAGING" incomingWss="Inflow STAGING"><con:settings><con:setting id="com.eviware.soapui.impl.wsdl.WsdlRequest@request-headers">&lt;xml-fragment/></con:setting></con:settings><con:encoding>UTF-8</con:encoding><con:endpoint>https://fidus-esb-sg.sta.srv.cirb.lan:8443/services/CountryService_v1.0</con:endpoint><con:request><![CDATA[<soapenv:Envelope xmlns:soapenv="http://schemas.xmlsoap.org/soap/envelope/" xmlns:v1="http://fidus.brussels/service/countryservice/messages/v1" xmlns:v11="http://fidus.brussels/type/common/messages/v1" xmlns:v12="http://fsb.belgium.be/mappingServices/countryService/messages/v1_00">
   <soapenv:Header/>
   <soapenv:Body>
      <v1:getAddressCountryRequest>
         <v1:messageContext>
            <v11:messageId>${=import static java.util.UUID.randomUUID; uuid = randomUUID() as String}</v11:messageId>
            <!--Optional:-->
            <v11:timestamp>${=new java.text.SimpleDateFormat("yyyy-MM-dd'T'HH:mm:ss.SSS").format(new Date())}</v11:timestamp>
         </v1:messageContext>
         <v1:legalContext>ServiceIntegrator</v1:legalContext>
         <v1:request>
            <!--You have a CHOICE of the next 4 items at this level-->
            <v12:iso-alpha2>BE</v12:iso-alpha2>
            <!--<v12:iso-alpha3 startDate="?" endDate="?" status="?">?</v12:iso-alpha3>-->
            <!--<v12:iso-num3 startDate="?" endDate="?" status="?">?</v12:iso-num3>-->
            <!--<v12:nis-num3 startDate="?" endDate="?" status="?">?</v12:nis-num3>-->
         </v1:request>
      </v1:getAddressCountryRequest>
   </soapenv:Body>
</soapenv:Envelope>]]></con:request><con:credentials><con:selectedAuthProfile>Basic</con:selectedAuthProfile><con:addedBasicAuthenticationTypes>Basic</con:addedBasicAuthenticationTypes><con:authType>Global HTTP Settings</con:authType></con:credentials><con:jmsConfig JMSDeliveryMode="PERSISTENT"/><con:jmsPropertyConfig/><con:wsaConfig mustUnderstand="NONE" version="200508" action="http://fidus.brussels/services/countryservice/getAddressCountry"/><con:wsrmConfig version="1.2"/></con:call><con:call id="88679501-0cd3-47ff-96ba-58289a85bc12" name="04 - Staging Worker1 - Request" outgoingWss="Outflow STAGING" incomingWss="Inflow STAGING"><con:settings><con:setting id="com.eviware.soapui.impl.wsdl.WsdlRequest@request-headers">&lt;xml-fragment/></con:setting></con:settings><con:encoding>UTF-8</con:encoding><con:endpoint>https://192.168.24.16:8443/services/CountryService_v1.0</con:endpoint><con:request><![CDATA[<soapenv:Envelope xmlns:soapenv="http://schemas.xmlsoap.org/soap/envelope/" xmlns:v1="http://fidus.brussels/service/countryservice/messages/v1" xmlns:v11="http://fidus.brussels/type/common/messages/v1" xmlns:v12="http://fsb.belgium.be/mappingServices/countryService/messages/v1_00">
   <soapenv:Header/>
   <soapenv:Body>
      <v1:getAddressCountryRequest>
         <v1:messageContext>
            <v11:messageId>${=import static java.util.UUID.randomUUID; uuid = randomUUID() as String}</v11:messageId>
            <!--Optional:-->
            <v11:timestamp>${=new java.text.SimpleDateFormat("yyyy-MM-dd'T'HH:mm:ss.SSS").format(new Date())}</v11:timestamp>
         </v1:messageContext>
         <v1:legalContext>ServiceIntegrator</v1:legalContext>
         <v1:request>
            <!--You have a CHOICE of the next 4 items at this level-->
            <v12:iso-alpha2>BE</v12:iso-alpha2>
            <!--<v12:iso-alpha3 startDate="?" endDate="?" status="?">?</v12:iso-alpha3>-->
            <!--<v12:iso-num3 startDate="?" endDate="?" status="?">?</v12:iso-num3>-->
            <!--<v12:nis-num3 startDate="?" endDate="?" status="?">?</v12:nis-num3>-->
         </v1:request>
      </v1:getAddressCountryRequest>
   </soapenv:Body>
</soapenv:Envelope>]]></con:request><con:credentials><con:selectedAuthProfile>Basic</con:selectedAuthProfile><con:addedBasicAuthenticationTypes>Basic</con:addedBasicAuthenticationTypes><con:authType>Global HTTP Settings</con:authType></con:credentials><con:jmsConfig JMSDeliveryMode="PERSISTENT"/><con:jmsPropertyConfig/><con:wsaConfig mustUnderstand="NONE" version="200508" action="http://fidus.brussels/services/countryservice/getAddressCountry"/><con:wsrmConfig version="1.2"/></con:call><con:call id="aafaff37-57c1-405b-8aa0-482372e87781" name="04 - Staging Worker2 - Request" outgoingWss="Outflow STAGING" incomingWss="Inflow STAGING"><con:settings><con:setting id="com.eviware.soapui.impl.wsdl.WsdlRequest@request-headers">&lt;xml-fragment/></con:setting></con:settings><con:encoding>UTF-8</con:encoding><con:endpoint>https://192.168.24.17:8443/services/CountryService_v1.0</con:endpoint><con:request><![CDATA[<soapenv:Envelope xmlns:soapenv="http://schemas.xmlsoap.org/soap/envelope/" xmlns:v1="http://fidus.brussels/service/countryservice/messages/v1" xmlns:v11="http://fidus.brussels/type/common/messages/v1" xmlns:v12="http://fsb.belgium.be/mappingServices/countryService/messages/v1_00">
   <soapenv:Header/>
   <soapenv:Body>
      <v1:getAddressCountryRequest>
         <v1:messageContext>
            <v11:messageId>${=import static java.util.UUID.randomUUID; uuid = randomUUID() as String}</v11:messageId>
            <!--Optional:-->
            <v11:timestamp>${=new java.text.SimpleDateFormat("yyyy-MM-dd'T'HH:mm:ss.SSS").format(new Date())}</v11:timestamp>
         </v1:messageContext>
         <v1:legalContext>ServiceIntegrator</v1:legalContext>
         <v1:request>
            <!--You have a CHOICE of the next 4 items at this level-->
            <v12:iso-alpha2>BE</v12:iso-alpha2>
            <!--<v12:iso-alpha3 startDate="?" endDate="?" status="?">?</v12:iso-alpha3>-->
            <!--<v12:iso-num3 startDate="?" endDate="?" status="?">?</v12:iso-num3>-->
            <!--<v12:nis-num3 startDate="?" endDate="?" status="?">?</v12:nis-num3>-->
         </v1:request>
      </v1:getAddressCountryRequest>
   </soapenv:Body>
</soapenv:Envelope>]]></con:request><con:credentials><con:selectedAuthProfile>Basic</con:selectedAuthProfile><con:addedBasicAuthenticationTypes>Basic</con:addedBasicAuthenticationTypes><con:authType>Global HTTP Settings</con:authType></con:credentials><con:jmsConfig JMSDeliveryMode="PERSISTENT"/><con:jmsPropertyConfig/><con:wsaConfig mustUnderstand="NONE" version="200508" action="http://fidus.brussels/services/countryservice/getAddressCountry"/><con:wsrmConfig version="1.2"/></con:call><con:call id="f7c1c1f1-a164-49eb-a1f9-cde08ca8cc18" name="02 - DevNew - Request" outgoingWss="Outflow DEV" incomingWss="Inflow DEV"><con:settings><con:setting id="com.eviware.soapui.impl.wsdl.WsdlRequest@request-headers">&lt;xml-fragment/></con:setting></con:settings><con:encoding>UTF-8</con:encoding><con:endpoint>https://192.168.36.75:8243/services/CountryService_v1.0</con:endpoint><con:request><![CDATA[<soapenv:Envelope xmlns:soapenv="http://schemas.xmlsoap.org/soap/envelope/" xmlns:v1="http://fidus.brussels/service/countryservice/messages/v1" xmlns:v11="http://fidus.brussels/type/common/messages/v1" xmlns:v12="http://fsb.belgium.be/mappingServices/countryService/messages/v1_00">
   <soapenv:Header/>
   <soapenv:Body>
      <v1:getAddressCountryRequest>
         <v1:messageContext>
            <v11:messageId>${=import static java.util.UUID.randomUUID; uuid = randomUUID() as String}</v11:messageId>
            <!--Optional:-->
            <v11:timestamp>${=new java.text.SimpleDateFormat("yyyy-MM-dd'T'HH:mm:ss.SSS").format(new Date())}</v11:timestamp>
         </v1:messageContext>
         <v1:legalContext>ServiceIntegrator</v1:legalContext>
         <v1:request>
            <!--You have a CHOICE of the next 4 items at this level-->
            <v12:iso-alpha2>BE</v12:iso-alpha2>
            <!--<v12:iso-alpha3 startDate="?" endDate="?" status="?">?</v12:iso-alpha3>-->
            <!--<v12:iso-num3 startDate="?" endDate="?" status="?">?</v12:iso-num3>-->
            <!--<v12:nis-num3 startDate="?" endDate="?" status="?">?</v12:nis-num3>-->
         </v1:request>
      </v1:getAddressCountryRequest>
   </soapenv:Body>
</soapenv:Envelope>]]></con:request><con:credentials><con:selectedAuthProfile>Basic</con:selectedAuthProfile><con:addedBasicAuthenticationTypes>Basic</con:addedBasicAuthenticationTypes><con:authType>Global HTTP Settings</con:authType></con:credentials><con:jmsConfig JMSDeliveryMode="PERSISTENT"/><con:jmsPropertyConfig/><con:wsaConfig mustUnderstand="NONE" version="200508" action="http://fidus.brussels/services/countryservice/getAddressCountry"/><con:wsrmConfig version="1.2"/></con:call><con:call id="ea95f237-6ae2-4e57-ba0a-381197b397c5" name="05 - Prod - External - Request" outgoingWss="Outflow PROD" incomingWss="Inflow PROD"><con:settings><con:setting id="com.eviware.soapui.impl.wsdl.WsdlRequest@request-headers">&lt;xml-fragment/></con:setting></con:settings><con:encoding>UTF-8</con:encoding><con:endpoint>https://fidus.sec.brussels/services/CountryService_v1.0</con:endpoint><con:request><![CDATA[<soapenv:Envelope xmlns:soapenv="http://schemas.xmlsoap.org/soap/envelope/" xmlns:v1="http://fidus.brussels/service/countryservice/messages/v1" xmlns:v11="http://fidus.brussels/type/common/messages/v1" xmlns:v12="http://fsb.belgium.be/mappingServices/countryService/messages/v1_00">
   <soapenv:Header/>
   <soapenv:Body>
      <v1:getAddressCountryRequest>
         <v1:messageContext>
            <v11:messageId>${=import static java.util.UUID.randomUUID; uuid = randomUUID() as String}</v11:messageId>
            <!--Optional:-->
            <v11:timestamp>${=new java.text.SimpleDateFormat("yyyy-MM-dd'T'HH:mm:ss.SSS").format(new Date())}</v11:timestamp>
         </v1:messageContext>
         <v1:legalContext>ServiceIntegrator</v1:legalContext>
         <v1:request>
            <!--You have a CHOICE of the next 4 items at this level-->
            <v12:iso-alpha2>BE</v12:iso-alpha2>
            <!--<v12:iso-alpha3 startDate="?" endDate="?" status="?">?</v12:iso-alpha3>-->
            <!--<v12:iso-num3 startDate="?" endDate="?" status="?">?</v12:iso-num3>-->
            <!--<v12:nis-num3 startDate="?" endDate="?" status="?">?</v12:nis-num3>-->
         </v1:request>
      </v1:getAddressCountryRequest>
   </soapenv:Body>
</soapenv:Envelope>]]></con:request><con:credentials><con:selectedAuthProfile>Basic</con:selectedAuthProfile><con:addedBasicAuthenticationTypes>Basic</con:addedBasicAuthenticationTypes><con:authType>Global HTTP Settings</con:authType></con:credentials><con:jmsConfig JMSDeliveryMode="PERSISTENT"/><con:jmsPropertyConfig/><con:wsaConfig mustUnderstand="NONE" version="200508" action="http://fidus.brussels/services/countryservice/getAddressCountry"/><con:wsrmConfig version="1.2"/></con:call></con:operation><con:operation id="0f571e7c-29d2-4f41-8562-b4a48f500855" isOneWay="false" action="http://fidus.brussels/services/countryservice/getAddressCountryHistory" name="getAddressCountryHistory" bindingOperationName="getAddressCountryHistory" type="Request-Response" inputName="" receivesAttachments="false" sendsAttachments="false" anonymous="optional"><con:settings/><con:call id="2c5f46f0-d6d3-4d2a-a9b6-29227995a68c" name="01 - Local - Request" outgoingWss="Outflow DEV" incomingWss="Inflow DEV"><con:settings><con:setting id="com.eviware.soapui.impl.wsdl.WsdlRequest@request-headers">&lt;xml-fragment/></con:setting></con:settings><con:encoding>UTF-8</con:encoding><con:endpoint>https://localhost:8243/services/CountryService_v1.0</con:endpoint><con:request><![CDATA[<soapenv:Envelope xmlns:soapenv="http://schemas.xmlsoap.org/soap/envelope/" xmlns:v1="http://fidus.brussels/service/countryservice/messages/v1" xmlns:v11="http://fidus.brussels/type/common/messages/v1" xmlns:v12="http://fsb.belgium.be/mappingServices/countryService/messages/v1_00">
   <soapenv:Header/>
   <soapenv:Body>
      <v1:getAddressCountryHistoryRequest>
         <v1:messageContext>
            <v11:messageId>${=import static java.util.UUID.randomUUID; uuid = randomUUID() as String}</v11:messageId>
            <v11:timestamp>${=new java.text.SimpleDateFormat("yyyy-MM-dd'T'HH:mm:ss.SSS").format(new Date())}</v11:timestamp>
         </v1:messageContext>
         <v1:legalContext>ServiceIntegrator</v1:legalContext>
         <v1:request>
            <v12:iso-alpha2>BE</v12:iso-alpha2>
            <v12:referenceDate>2016-10-10</v12:referenceDate>
         </v1:request>
      </v1:getAddressCountryHistoryRequest>
   </soapenv:Body>
</soapenv:Envelope>]]></con:request><con:credentials><con:selectedAuthProfile>Basic</con:selectedAuthProfile><con:addedBasicAuthenticationTypes>Basic</con:addedBasicAuthenticationTypes><con:authType>Global HTTP Settings</con:authType></con:credentials><con:jmsConfig JMSDeliveryMode="PERSISTENT"/><con:jmsPropertyConfig/><con:wsaConfig mustUnderstand="NONE" version="200508" action="http://fidus.brussels/services/countryservice/getAddressCountryHistory"/><con:wsrmConfig version="1.2"/></con:call><con:call id="1ec25c22-f925-46c4-94ab-2018ece4ba45" name="01 - Local - Request-Invalid_Iso-alpha2" outgoingWss="Outflow DEV" incomingWss="Inflow DEV"><con:settings><con:setting id="com.eviware.soapui.impl.wsdl.WsdlRequest@request-headers">&lt;xml-fragment/></con:setting></con:settings><con:encoding>UTF-8</con:encoding><con:endpoint>https://localhost:8243/services/CountryService_v1.0</con:endpoint><con:request><![CDATA[<soapenv:Envelope xmlns:soapenv="http://schemas.xmlsoap.org/soap/envelope/" xmlns:v1="http://fidus.brussels/service/countryservice/messages/v1" xmlns:v11="http://fidus.brussels/type/common/messages/v1" xmlns:v12="http://fsb.belgium.be/mappingServices/countryService/messages/v1_00">
   <soapenv:Header/>
   <soapenv:Body>
      <v1:getAddressCountryHistoryRequest>
         <v1:messageContext>
            <v11:messageId>${=import static java.util.UUID.randomUUID; uuid = randomUUID() as String}</v11:messageId>
            <v11:timestamp>${=new java.text.SimpleDateFormat("yyyy-MM-dd'T'HH:mm:ss.SSS").format(new Date())}</v11:timestamp>
         </v1:messageContext>
         <v1:legalContext>ServiceIntegrator</v1:legalContext>
         <v1:request>
            <v12:iso-alpha2>XX</v12:iso-alpha2>
            <v12:referenceDate>2016-10-10</v12:referenceDate>
         </v1:request>
      </v1:getAddressCountryHistoryRequest>
   </soapenv:Body>
</soapenv:Envelope>]]></con:request><con:credentials><con:selectedAuthProfile>Basic</con:selectedAuthProfile><con:addedBasicAuthenticationTypes>Basic</con:addedBasicAuthenticationTypes><con:authType>Global HTTP Settings</con:authType></con:credentials><con:jmsConfig JMSDeliveryMode="PERSISTENT"/><con:jmsPropertyConfig/><con:wsaConfig mustUnderstand="NONE" version="200508" action="http://fidus.brussels/services/countryservice/getAddressCountryHistory"/><con:wsrmConfig version="1.2"/></con:call><con:call id="e5566668-c50c-4dc2-a784-0bd1e2cea348" name="02 - Dev - Request" outgoingWss="Outflow DEV" incomingWss="Inflow DEV"><con:settings><con:setting id="com.eviware.soapui.impl.wsdl.WsdlRequest@request-headers">&lt;xml-fragment/></con:setting></con:settings><con:encoding>UTF-8</con:encoding><con:endpoint>https://192.168.36.61:8243/services/CountryService_v1.0</con:endpoint><con:request><![CDATA[<soapenv:Envelope xmlns:soapenv="http://schemas.xmlsoap.org/soap/envelope/" xmlns:v1="http://fidus.brussels/service/countryservice/messages/v1" xmlns:v11="http://fidus.brussels/type/common/messages/v1" xmlns:v12="http://fsb.belgium.be/mappingServices/countryService/messages/v1_00">
   <soapenv:Header/>
   <soapenv:Body>
      <v1:getAddressCountryHistoryRequest>
         <v1:messageContext>
            <v11:messageId>${=import static java.util.UUID.randomUUID; uuid = randomUUID() as String}</v11:messageId>
            <v11:timestamp>${=new java.text.SimpleDateFormat("yyyy-MM-dd'T'HH:mm:ss.SSS").format(new Date())}</v11:timestamp>
         </v1:messageContext>
         <v1:legalContext>ServiceIntegrator</v1:legalContext>
         <v1:request>
            <v12:iso-alpha2>BE</v12:iso-alpha2>
            <!--<v12:referenceDate>2016-10-10</v12:referenceDate>-->
         </v1:request>
      </v1:getAddressCountryHistoryRequest>
   </soapenv:Body>
</soapenv:Envelope>]]></con:request><con:credentials><con:selectedAuthProfile>Basic</con:selectedAuthProfile><con:addedBasicAuthenticationTypes>Basic</con:addedBasicAuthenticationTypes><con:authType>Global HTTP Settings</con:authType></con:credentials><con:jmsConfig JMSDeliveryMode="PERSISTENT"/><con:jmsPropertyConfig/><con:wsaConfig mustUnderstand="NONE" version="200508" action="http://fidus.brussels/services/countryservice/getAddressCountryHistory"/><con:wsrmConfig version="1.2"/></con:call><con:call id="e747c233-0cff-41a2-b1a5-81864dc2186b" name="03 - Test External - Request" outgoingWss="Outflow TEST" incomingWss="Inflow TEST"><con:settings><con:setting id="com.eviware.soapui.impl.wsdl.WsdlRequest@request-headers">&lt;xml-fragment/></con:setting></con:settings><con:encoding>UTF-8</con:encoding><con:endpoint>https://fidus-test.irisnetlab.be/services/CountryService_v1.0</con:endpoint><con:request><![CDATA[<soapenv:Envelope xmlns:soapenv="http://schemas.xmlsoap.org/soap/envelope/" xmlns:v1="http://fidus.brussels/service/countryservice/messages/v1" xmlns:v11="http://fidus.brussels/type/common/messages/v1" xmlns:v12="http://fsb.belgium.be/mappingServices/countryService/messages/v1_00">
   <soapenv:Header/>
   <soapenv:Body>
      <v1:getAddressCountryHistoryRequest>
         <v1:messageContext>
            <v11:messageId>${=import static java.util.UUID.randomUUID; uuid = randomUUID() as String}</v11:messageId>
            <v11:timestamp>${=new java.text.SimpleDateFormat("yyyy-MM-dd'T'HH:mm:ss.SSS").format(new Date())}</v11:timestamp>
         </v1:messageContext>
         <v1:legalContext>ServiceIntegrator</v1:legalContext>
         <v1:request>
            <v12:iso-alpha2>FR</v12:iso-alpha2>
            <v12:referenceDate>2016-10-10</v12:referenceDate>
         </v1:request>
      </v1:getAddressCountryHistoryRequest>
   </soapenv:Body>
</soapenv:Envelope>]]></con:request><con:credentials><con:selectedAuthProfile>Basic</con:selectedAuthProfile><con:addedBasicAuthenticationTypes>Basic</con:addedBasicAuthenticationTypes><con:authType>Global HTTP Settings</con:authType></con:credentials><con:jmsConfig JMSDeliveryMode="PERSISTENT"/><con:jmsPropertyConfig/><con:wsaConfig mustUnderstand="NONE" version="200508" action="http://fidus.brussels/services/countryservice/getAddressCountryHistory"/><con:wsrmConfig version="1.2"/></con:call><con:call id="f2cc2c71-2e06-475a-8cd0-c63fdb6e6f4b" name="03 - Test LB - Request" outgoingWss="Outflow TEST" incomingWss="Inflow TEST"><con:settings><con:setting id="com.eviware.soapui.impl.wsdl.WsdlRequest@request-headers">&lt;xml-fragment/></con:setting></con:settings><con:encoding>UTF-8</con:encoding><con:endpoint>https://fidus-esb-sg.sta.srv.cirb.lan:8443/services/CountryService_v1.0</con:endpoint><con:request><![CDATA[<soapenv:Envelope xmlns:soapenv="http://schemas.xmlsoap.org/soap/envelope/" xmlns:v1="http://fidus.brussels/service/countryservice/messages/v1" xmlns:v11="http://fidus.brussels/type/common/messages/v1" xmlns:v12="http://fsb.belgium.be/mappingServices/countryService/messages/v1_00">
   <soapenv:Header/>
   <soapenv:Body>
      <v1:getAddressCountryHistoryRequest>
         <v1:messageContext>
            <v11:messageId>${=import static java.util.UUID.randomUUID; uuid = randomUUID() as String}</v11:messageId>
            <v11:timestamp>${=new java.text.SimpleDateFormat("yyyy-MM-dd'T'HH:mm:ss.SSS").format(new Date())}</v11:timestamp>
         </v1:messageContext>
         <v1:legalContext>ServiceIntegrator</v1:legalContext>
         <v1:request>
            <v12:iso-alpha2>BE</v12:iso-alpha2>
            <v12:referenceDate>2016-10-10</v12:referenceDate>
         </v1:request>
      </v1:getAddressCountryHistoryRequest>
   </soapenv:Body>
</soapenv:Envelope>]]></con:request><con:credentials><con:selectedAuthProfile>Basic</con:selectedAuthProfile><con:addedBasicAuthenticationTypes>Basic</con:addedBasicAuthenticationTypes><con:authType>Global HTTP Settings</con:authType></con:credentials><con:jmsConfig JMSDeliveryMode="PERSISTENT"/><con:jmsPropertyConfig/><con:wsaConfig mustUnderstand="NONE" version="200508" action="http://fidus.brussels/services/countryservice/getAddressCountryHistory"/><con:wsrmConfig version="1.2"/></con:call><con:call id="27f0ae73-dc25-4450-b638-4e31cdc49979" name="03 - Test Worker1 - Request" outgoingWss="Outflow TEST" incomingWss="Inflow TEST"><con:settings><con:setting id="com.eviware.soapui.impl.wsdl.WsdlRequest@request-headers">&lt;xml-fragment/></con:setting></con:settings><con:encoding>UTF-8</con:encoding><con:endpoint>https://192.168.24.16:8443/services/CountryService_v1.0</con:endpoint><con:request><![CDATA[<soapenv:Envelope xmlns:soapenv="http://schemas.xmlsoap.org/soap/envelope/" xmlns:v1="http://fidus.brussels/service/countryservice/messages/v1" xmlns:v11="http://fidus.brussels/type/common/messages/v1" xmlns:v12="http://fsb.belgium.be/mappingServices/countryService/messages/v1_00">
   <soapenv:Header/>
   <soapenv:Body>
      <v1:getAddressCountryHistoryRequest>
         <v1:messageContext>
            <v11:messageId>${=import static java.util.UUID.randomUUID; uuid = randomUUID() as String}</v11:messageId>
            <!--Optional:-->
            <v11:timestamp>${=new java.text.SimpleDateFormat("yyyy-MM-dd'T'HH:mm:ss.SSS").format(new Date())}</v11:timestamp>
         </v1:messageContext>
         <v1:legalContext>ServiceIntegrator</v1:legalContext>
         <v1:request>
            <v12:iso-alpha2>NL</v12:iso-alpha2>
            <!--Optional:-->
            
         </v1:request>
      </v1:getAddressCountryHistoryRequest>
   </soapenv:Body>
</soapenv:Envelope>]]></con:request><con:credentials><con:selectedAuthProfile>Basic</con:selectedAuthProfile><con:addedBasicAuthenticationTypes>Basic</con:addedBasicAuthenticationTypes><con:authType>Global HTTP Settings</con:authType></con:credentials><con:jmsConfig JMSDeliveryMode="PERSISTENT"/><con:jmsPropertyConfig/><con:wsaConfig mustUnderstand="NONE" version="200508" action="http://fidus.brussels/services/countryservice/getAddressCountryHistory"/><con:wsrmConfig version="1.2"/></con:call><con:call id="622fb66b-dc87-490a-9740-9143c4d38851" name="03 - Test Worker2 - Request" outgoingWss="Outflow TEST" incomingWss="Inflow TEST"><con:settings><con:setting id="com.eviware.soapui.impl.wsdl.WsdlRequest@request-headers">&lt;xml-fragment/></con:setting></con:settings><con:encoding>UTF-8</con:encoding><con:endpoint>https://192.168.24.17:8443/services/CountryService_v1.0</con:endpoint><con:request><![CDATA[<soapenv:Envelope xmlns:soapenv="http://schemas.xmlsoap.org/soap/envelope/" xmlns:v1="http://fidus.brussels/service/countryservice/messages/v1" xmlns:v11="http://fidus.brussels/type/common/messages/v1" xmlns:v12="http://fsb.belgium.be/mappingServices/countryService/messages/v1_00">
   <soapenv:Header/>
   <soapenv:Body>
      <v1:getAddressCountryHistoryRequest>
         <v1:messageContext>
            <v11:messageId>${=import static java.util.UUID.randomUUID; uuid = randomUUID() as String}</v11:messageId>
            <v11:timestamp>${=new java.text.SimpleDateFormat("yyyy-MM-dd'T'HH:mm:ss.SSS").format(new Date())}</v11:timestamp>
         </v1:messageContext>
         <v1:legalContext>ServiceIntegrator</v1:legalContext>
         <v1:request>
            <v12:iso-alpha2>AU</v12:iso-alpha2>
            <v12:referenceDate>2016-10-10</v12:referenceDate>
         </v1:request>
      </v1:getAddressCountryHistoryRequest>
   </soapenv:Body>
</soapenv:Envelope>]]></con:request><con:credentials><con:selectedAuthProfile>Basic</con:selectedAuthProfile><con:addedBasicAuthenticationTypes>Basic</con:addedBasicAuthenticationTypes><con:authType>Global HTTP Settings</con:authType></con:credentials><con:jmsConfig JMSDeliveryMode="PERSISTENT"/><con:jmsPropertyConfig/><con:wsaConfig mustUnderstand="NONE" version="200508" action="http://fidus.brussels/services/countryservice/getAddressCountryHistory"/><con:wsrmConfig version="1.2"/></con:call><con:call id="e73f2e41-d251-4e64-bc83-f20e08ac08c6" name="04 - Staging External - Request" outgoingWss="Outflow STAGING" incomingWss="Inflow STAGING"><con:settings><con:setting id="com.eviware.soapui.impl.wsdl.WsdlRequest@request-headers">&lt;xml-fragment/></con:setting></con:settings><con:encoding>UTF-8</con:encoding><con:endpoint>https://fidus.irisnetlab.be/services/CountryService_v1.0</con:endpoint><con:request><![CDATA[<soapenv:Envelope xmlns:soapenv="http://schemas.xmlsoap.org/soap/envelope/" xmlns:v1="http://fidus.brussels/service/countryservice/messages/v1" xmlns:v11="http://fidus.brussels/type/common/messages/v1" xmlns:v12="http://fsb.belgium.be/mappingServices/countryService/messages/v1_00">
   <soapenv:Header/>
   <soapenv:Body>
      <v1:getAddressCountryHistoryRequest>
         <v1:messageContext>
            <v11:messageId>${=import static java.util.UUID.randomUUID; uuid = randomUUID() as String}</v11:messageId>
            <v11:timestamp>${=new java.text.SimpleDateFormat("yyyy-MM-dd'T'HH:mm:ss.SSS").format(new Date())}</v11:timestamp>
         </v1:messageContext>
         <v1:legalContext>ServiceIntegrator</v1:legalContext>
         <v1:request>
            <v12:iso-alpha2>FR</v12:iso-alpha2>
            <v12:referenceDate>2016-10-10</v12:referenceDate>
         </v1:request>
      </v1:getAddressCountryHistoryRequest>
   </soapenv:Body>
</soapenv:Envelope>]]></con:request><con:credentials><con:selectedAuthProfile>Basic</con:selectedAuthProfile><con:addedBasicAuthenticationTypes>Basic</con:addedBasicAuthenticationTypes><con:authType>Global HTTP Settings</con:authType></con:credentials><con:jmsConfig JMSDeliveryMode="PERSISTENT"/><con:jmsPropertyConfig/><con:wsaConfig mustUnderstand="NONE" version="200508" action="http://fidus.brussels/services/countryservice/getAddressCountryHistory"/><con:wsrmConfig version="1.2"/></con:call><con:call id="97e4339e-9254-44f1-91fe-182f24a50c27" name="04 - Staging LB - Request" outgoingWss="Outflow STAGING" incomingWss="Inflow STAGING"><con:settings><con:setting id="com.eviware.soapui.impl.wsdl.WsdlRequest@request-headers">&lt;xml-fragment/></con:setting></con:settings><con:encoding>UTF-8</con:encoding><con:endpoint>https://fidus-esb-sg.sta.srv.cirb.lan:8443/services/CountryService_v1.0</con:endpoint><con:request><![CDATA[<soapenv:Envelope xmlns:soapenv="http://schemas.xmlsoap.org/soap/envelope/" xmlns:v1="http://fidus.brussels/service/countryservice/messages/v1" xmlns:v11="http://fidus.brussels/type/common/messages/v1" xmlns:v12="http://fsb.belgium.be/mappingServices/countryService/messages/v1_00">
   <soapenv:Header/>
   <soapenv:Body>
      <v1:getAddressCountryHistoryRequest>
         <v1:messageContext>
            <v11:messageId>${=import static java.util.UUID.randomUUID; uuid = randomUUID() as String}</v11:messageId>
            <v11:timestamp>${=new java.text.SimpleDateFormat("yyyy-MM-dd'T'HH:mm:ss.SSS").format(new Date())}</v11:timestamp>
         </v1:messageContext>
         <v1:legalContext>ServiceIntegrator</v1:legalContext>
         <v1:request>
            <v12:iso-alpha2>BE</v12:iso-alpha2>
            <v12:referenceDate>2016-10-10</v12:referenceDate>
         </v1:request>
      </v1:getAddressCountryHistoryRequest>
   </soapenv:Body>
</soapenv:Envelope>]]></con:request><con:credentials><con:selectedAuthProfile>Basic</con:selectedAuthProfile><con:addedBasicAuthenticationTypes>Basic</con:addedBasicAuthenticationTypes><con:authType>Global HTTP Settings</con:authType></con:credentials><con:jmsConfig JMSDeliveryMode="PERSISTENT"/><con:jmsPropertyConfig/><con:wsaConfig mustUnderstand="NONE" version="200508" action="http://fidus.brussels/services/countryservice/getAddressCountryHistory"/><con:wsrmConfig version="1.2"/></con:call><con:call id="0e9096f9-8189-48cc-942d-2f464a5f9fe1" name="04 - Staging Worker1 - Request" outgoingWss="Outflow STAGING" incomingWss="Inflow STAGING"><con:settings><con:setting id="com.eviware.soapui.impl.wsdl.WsdlRequest@request-headers">&lt;xml-fragment/></con:setting></con:settings><con:encoding>UTF-8</con:encoding><con:endpoint>https://192.168.24.16:8443/services/CountryService_v1.0</con:endpoint><con:request><![CDATA[<soapenv:Envelope xmlns:soapenv="http://schemas.xmlsoap.org/soap/envelope/" xmlns:v1="http://fidus.brussels/service/countryservice/messages/v1" xmlns:v11="http://fidus.brussels/type/common/messages/v1" xmlns:v12="http://fsb.belgium.be/mappingServices/countryService/messages/v1_00">
   <soapenv:Header/>
   <soapenv:Body>
      <v1:getAddressCountryHistoryRequest>
         <v1:messageContext>
            <v11:messageId>${=import static java.util.UUID.randomUUID; uuid = randomUUID() as String}</v11:messageId>
            <!--Optional:-->
            <v11:timestamp>${=new java.text.SimpleDateFormat("yyyy-MM-dd'T'HH:mm:ss.SSS").format(new Date())}</v11:timestamp>
         </v1:messageContext>
         <v1:legalContext>ServiceIntegrator</v1:legalContext>
         <v1:request>
            <v12:iso-alpha2>NL</v12:iso-alpha2>
            <!--Optional:-->
            
         </v1:request>
      </v1:getAddressCountryHistoryRequest>
   </soapenv:Body>
</soapenv:Envelope>]]></con:request><con:credentials><con:selectedAuthProfile>Basic</con:selectedAuthProfile><con:addedBasicAuthenticationTypes>Basic</con:addedBasicAuthenticationTypes><con:authType>Global HTTP Settings</con:authType></con:credentials><con:jmsConfig JMSDeliveryMode="PERSISTENT"/><con:jmsPropertyConfig/><con:wsaConfig mustUnderstand="NONE" version="200508" action="http://fidus.brussels/services/countryservice/getAddressCountryHistory"/><con:wsrmConfig version="1.2"/></con:call><con:call id="07b66cf0-2e9d-451b-b785-ac976882ec8c" name="04 - Staging Worker2 - Request" outgoingWss="Outflow STAGING" incomingWss="Inflow STAGING"><con:settings><con:setting id="com.eviware.soapui.impl.wsdl.WsdlRequest@request-headers">&lt;xml-fragment/></con:setting></con:settings><con:encoding>UTF-8</con:encoding><con:endpoint>https://192.168.24.17:8443/services/CountryService_v1.0</con:endpoint><con:request><![CDATA[<soapenv:Envelope xmlns:soapenv="http://schemas.xmlsoap.org/soap/envelope/" xmlns:v1="http://fidus.brussels/service/countryservice/messages/v1" xmlns:v11="http://fidus.brussels/type/common/messages/v1" xmlns:v12="http://fsb.belgium.be/mappingServices/countryService/messages/v1_00">
   <soapenv:Header/>
   <soapenv:Body>
      <v1:getAddressCountryHistoryRequest>
         <v1:messageContext>
            <v11:messageId>${=import static java.util.UUID.randomUUID; uuid = randomUUID() as String}</v11:messageId>
            <v11:timestamp>${=new java.text.SimpleDateFormat("yyyy-MM-dd'T'HH:mm:ss.SSS").format(new Date())}</v11:timestamp>
         </v1:messageContext>
         <v1:legalContext>ServiceIntegrator</v1:legalContext>
         <v1:request>
            <v12:iso-alpha2>AU</v12:iso-alpha2>
            <v12:referenceDate>2016-10-10</v12:referenceDate>
         </v1:request>
      </v1:getAddressCountryHistoryRequest>
   </soapenv:Body>
</soapenv:Envelope>]]></con:request><con:credentials><con:selectedAuthProfile>Basic</con:selectedAuthProfile><con:addedBasicAuthenticationTypes>Basic</con:addedBasicAuthenticationTypes><con:authType>Global HTTP Settings</con:authType></con:credentials><con:jmsConfig JMSDeliveryMode="PERSISTENT"/><con:jmsPropertyConfig/><con:wsaConfig mustUnderstand="NONE" version="200508" action="http://fidus.brussels/services/countryservice/getAddressCountryHistory"/><con:wsrmConfig version="1.2"/></con:call><con:call id="de0597c2-718f-467c-a36b-a8cee6368476" name="02 - DevNew - Request" outgoingWss="Outflow DEV" incomingWss="Inflow DEV"><con:settings><con:setting id="com.eviware.soapui.impl.wsdl.WsdlRequest@request-headers">&lt;xml-fragment/></con:setting></con:settings><con:encoding>UTF-8</con:encoding><con:endpoint>https://192.168.36.75:8243/services/CountryService_v1.0</con:endpoint><con:request><![CDATA[<soapenv:Envelope xmlns:soapenv="http://schemas.xmlsoap.org/soap/envelope/" xmlns:v1="http://fidus.brussels/service/countryservice/messages/v1" xmlns:v11="http://fidus.brussels/type/common/messages/v1" xmlns:v12="http://fsb.belgium.be/mappingServices/countryService/messages/v1_00">
   <soapenv:Header/>
   <soapenv:Body>
      <v1:getAddressCountryHistoryRequest>
         <v1:messageContext>
            <v11:messageId>${=import static java.util.UUID.randomUUID; uuid = randomUUID() as String}</v11:messageId>
            <v11:timestamp>${=new java.text.SimpleDateFormat("yyyy-MM-dd'T'HH:mm:ss.SSS").format(new Date())}</v11:timestamp>
         </v1:messageContext>
         <v1:legalContext>ServiceIntegrator</v1:legalContext>
         <v1:request>
            <v12:iso-alpha2>BE</v12:iso-alpha2>
            <!--<v12:referenceDate>2016-10-10</v12:referenceDate>-->
         </v1:request>
      </v1:getAddressCountryHistoryRequest>
   </soapenv:Body>
</soapenv:Envelope>]]></con:request><con:credentials><con:selectedAuthProfile>Basic</con:selectedAuthProfile><con:addedBasicAuthenticationTypes>Basic</con:addedBasicAuthenticationTypes><con:authType>Global HTTP Settings</con:authType></con:credentials><con:jmsConfig JMSDeliveryMode="PERSISTENT"/><con:jmsPropertyConfig/><con:wsaConfig mustUnderstand="NONE" version="200508" action="http://fidus.brussels/services/countryservice/getAddressCountryHistory"/><con:wsrmConfig version="1.2"/></con:call><con:call id="4f7bc92a-c1c5-450b-b88b-38ac68836350" name="05 - Prod - External - Request" outgoingWss="Outflow PROD" incomingWss="Inflow PROD"><con:settings><con:setting id="com.eviware.soapui.impl.wsdl.WsdlRequest@request-headers">&lt;xml-fragment/></con:setting></con:settings><con:encoding>UTF-8</con:encoding><con:endpoint>https://fidus.sec.brussels/services/CountryService_v1.0</con:endpoint><con:request><![CDATA[<soapenv:Envelope xmlns:soapenv="http://schemas.xmlsoap.org/soap/envelope/" xmlns:v1="http://fidus.brussels/service/countryservice/messages/v1" xmlns:v11="http://fidus.brussels/type/common/messages/v1" xmlns:v12="http://fsb.belgium.be/mappingServices/countryService/messages/v1_00">
   <soapenv:Header/>
   <soapenv:Body>
      <v1:getAddressCountryHistoryRequest>
         <v1:messageContext>
            <v11:messageId>${=import static java.util.UUID.randomUUID; uuid = randomUUID() as String}</v11:messageId>
            <v11:timestamp>${=new java.text.SimpleDateFormat("yyyy-MM-dd'T'HH:mm:ss.SSS").format(new Date())}</v11:timestamp>
         </v1:messageContext>
         <v1:legalContext>ServiceIntegrator</v1:legalContext>
         <v1:request>
            <v12:iso-alpha2>FR</v12:iso-alpha2>
            <v12:referenceDate>2016-10-10</v12:referenceDate>
         </v1:request>
      </v1:getAddressCountryHistoryRequest>
   </soapenv:Body>
</soapenv:Envelope>]]></con:request><con:credentials><con:selectedAuthProfile>Basic</con:selectedAuthProfile><con:addedBasicAuthenticationTypes>Basic</con:addedBasicAuthenticationTypes><con:authType>Global HTTP Settings</con:authType></con:credentials><con:jmsConfig JMSDeliveryMode="PERSISTENT"/><con:jmsPropertyConfig/><con:wsaConfig mustUnderstand="NONE" version="200508" action="http://fidus.brussels/services/countryservice/getAddressCountryHistory"/><con:wsrmConfig version="1.2"/></con:call></con:operation><con:operation id="5853c5d3-f4fc-4cc9-988f-b4174b2a9126" isOneWay="false" action="http://fidus.brussels/services/countryservice/getAllIsoCodes" name="getAllIsoCodes" bindingOperationName="getAllIsoCodes" type="Request-Response" inputName="" receivesAttachments="false" sendsAttachments="false" anonymous="optional"><con:settings/><con:call id="7875fda0-0e7c-4eb9-a27a-7f29751c3fc4" name="01 - Local - Request" outgoingWss="Outflow DEV" incomingWss="Inflow DEV"><con:settings><con:setting id="com.eviware.soapui.impl.wsdl.WsdlRequest@request-headers">&lt;xml-fragment/></con:setting></con:settings><con:encoding>UTF-8</con:encoding><con:endpoint>https://localhost:8243/services/CountryService_v1.0</con:endpoint><con:request><![CDATA[<soapenv:Envelope xmlns:soapenv="http://schemas.xmlsoap.org/soap/envelope/" xmlns:v1="http://fidus.brussels/service/countryservice/messages/v1" xmlns:v11="http://fidus.brussels/type/common/messages/v1">
   <soapenv:Header/>
   <soapenv:Body>
      <v1:getAllIsoCodesRequest>
         <v1:messageContext>
            <v11:messageId>${=import static java.util.UUID.randomUUID; uuid = randomUUID() as String}</v11:messageId>
            <!--Optional:-->
            <v11:timestamp>${=new java.text.SimpleDateFormat("yyyy-MM-dd'T'HH:mm:ss.SSS").format(new Date())}</v11:timestamp>
         </v1:messageContext>
         <v1:legalContext>ServiceIntegrator</v1:legalContext>
         <v1:request>
            <!--Optional:-->
            <v1:referenceDate>2016-10-06</v1:referenceDate>
         </v1:request>
      </v1:getAllIsoCodesRequest>
   </soapenv:Body>
</soapenv:Envelope>]]></con:request><con:credentials><con:selectedAuthProfile>Basic</con:selectedAuthProfile><con:addedBasicAuthenticationTypes>Basic</con:addedBasicAuthenticationTypes><con:authType>Global HTTP Settings</con:authType></con:credentials><con:jmsConfig JMSDeliveryMode="PERSISTENT"/><con:jmsPropertyConfig/><con:wsaConfig mustUnderstand="NONE" version="200508" action="http://fidus.brussels/services/countryservice/getAllIsoCodes"/><con:wsrmConfig version="1.2"/></con:call><con:call id="ca743506-d38b-43fb-b364-97cc987a7306" name="01 - Local - Request-Invalid_date" outgoingWss="Outflow DEV" incomingWss="Inflow DEV"><con:settings><con:setting id="com.eviware.soapui.impl.wsdl.WsdlRequest@request-headers">&lt;xml-fragment/></con:setting></con:settings><con:encoding>UTF-8</con:encoding><con:endpoint>https://localhost:8243/services/CountryService_v1.0</con:endpoint><con:request><![CDATA[<soapenv:Envelope xmlns:soapenv="http://schemas.xmlsoap.org/soap/envelope/" xmlns:v1="http://fidus.brussels/service/countryservice/messages/v1" xmlns:v11="http://fidus.brussels/type/common/messages/v1">
   <soapenv:Header/>
   <soapenv:Body>
      <v1:getAllIsoCodesRequest>
         <v1:messageContext>
            <v11:messageId>${=import static java.util.UUID.randomUUID; uuid = randomUUID() as String}</v11:messageId>
            <!--Optional:-->
            <v11:timestamp>${=new java.text.SimpleDateFormat("yyyy-MM-dd'T'HH:mm:ss.SSS").format(new Date())}</v11:timestamp>
         </v1:messageContext>
         <v1:legalContext>ServiceIntegrator</v1:legalContext>
         <v1:request>
            <!--Optional:-->
            <v1:referenceDate>2017-10-06</v1:referenceDate>
         </v1:request>
      </v1:getAllIsoCodesRequest>
   </soapenv:Body>
</soapenv:Envelope>]]></con:request><con:credentials><con:selectedAuthProfile>Basic</con:selectedAuthProfile><con:addedBasicAuthenticationTypes>Basic</con:addedBasicAuthenticationTypes><con:authType>Global HTTP Settings</con:authType></con:credentials><con:jmsConfig JMSDeliveryMode="PERSISTENT"/><con:jmsPropertyConfig/><con:wsaConfig mustUnderstand="NONE" version="200508" action="http://fidus.brussels/services/countryservice/getAllIsoCodes"/><con:wsrmConfig version="1.2"/></con:call><con:call id="682c365d-210c-498f-b577-1672852501a0" name="03 - Test Worker1 - Request" outgoingWss="Outflow TEST" incomingWss="Inflow TEST"><con:settings><con:setting id="com.eviware.soapui.impl.wsdl.WsdlRequest@request-headers">&lt;xml-fragment/></con:setting></con:settings><con:encoding>UTF-8</con:encoding><con:endpoint>https://192.168.24.16:8443/services/CountryService_v1.0</con:endpoint><con:request><![CDATA[<soapenv:Envelope xmlns:soapenv="http://schemas.xmlsoap.org/soap/envelope/" xmlns:v1="http://fidus.brussels/service/countryservice/messages/v1" xmlns:v11="http://fidus.brussels/type/common/messages/v1">
   <soapenv:Header/>
   <soapenv:Body>
      <v1:getAllIsoCodesRequest>
         <v1:messageContext>
         	  <v11:messageId>${=import static java.util.UUID.randomUUID; uuid = randomUUID() as String}</v11:messageId>
            <v11:timestamp>${=new java.text.SimpleDateFormat("yyyy-MM-dd'T'HH:mm:ss.SSS").format(new Date())}</v11:timestamp>
         </v1:messageContext>
         <v1:legalContext>ServiceIntegrator</v1:legalContext>
         <v1:request>
            <!--Optional:-->
            <v1:referenceDate>2016-10-06</v1:referenceDate>
         </v1:request>
      </v1:getAllIsoCodesRequest>
   </soapenv:Body>
</soapenv:Envelope>]]></con:request><con:credentials><con:selectedAuthProfile>Basic</con:selectedAuthProfile><con:addedBasicAuthenticationTypes>Basic</con:addedBasicAuthenticationTypes><con:authType>Global HTTP Settings</con:authType></con:credentials><con:jmsConfig JMSDeliveryMode="PERSISTENT"/><con:jmsPropertyConfig/><con:wsaConfig mustUnderstand="NONE" version="200508" action="http://fidus.brussels/services/countryservice/getAllIsoCodes"/><con:wsrmConfig version="1.2"/></con:call><con:call id="8e04fbfe-0da0-4bce-af63-3b4f61d4bb56" name="02 - Dev - Request" outgoingWss="Outflow DEV" incomingWss="Inflow DEV"><con:settings><con:setting id="com.eviware.soapui.impl.wsdl.WsdlRequest@request-headers">&lt;xml-fragment/></con:setting></con:settings><con:encoding>UTF-8</con:encoding><con:endpoint>https://192.168.36.61:8243/services/CountryService_v1.0</con:endpoint><con:request><![CDATA[<soapenv:Envelope xmlns:soapenv="http://schemas.xmlsoap.org/soap/envelope/" xmlns:v1="http://fidus.brussels/service/countryservice/messages/v1" xmlns:v11="http://fidus.brussels/type/common/messages/v1">
   <soapenv:Header/>
   <soapenv:Body>
      <v1:getAllIsoCodesRequest>
         <v1:messageContext>
            <v11:messageId>${=import static java.util.UUID.randomUUID; uuid = randomUUID() as String}</v11:messageId>
            <!--Optional:-->
            <v11:timestamp>${=new java.text.SimpleDateFormat("yyyy-MM-dd'T'HH:mm:ss.SSS").format(new Date())}</v11:timestamp>
         </v1:messageContext>
         <v1:legalContext>ServiceIntegrator</v1:legalContext>
         <v1:request>
            <!--Optional:-->
            <v1:referenceDate>2016-10-06</v1:referenceDate>
         </v1:request>
      </v1:getAllIsoCodesRequest>
   </soapenv:Body>
</soapenv:Envelope>]]></con:request><con:credentials><con:selectedAuthProfile>Basic</con:selectedAuthProfile><con:addedBasicAuthenticationTypes>Basic</con:addedBasicAuthenticationTypes><con:authType>Global HTTP Settings</con:authType></con:credentials><con:jmsConfig JMSDeliveryMode="PERSISTENT"/><con:jmsPropertyConfig/><con:wsaConfig mustUnderstand="NONE" version="200508" action="http://fidus.brussels/services/countryservice/getAllIsoCodes"/><con:wsrmConfig version="1.2"/></con:call><con:call id="44946259-5df3-4718-9e3c-b200700a539b" name="03 - Test External - Request" outgoingWss="Outflow TEST" incomingWss="Inflow TEST"><con:settings><con:setting id="com.eviware.soapui.impl.wsdl.WsdlRequest@request-headers">&lt;xml-fragment/></con:setting></con:settings><con:encoding>UTF-8</con:encoding><con:endpoint>https://fidus-test.irisnetlab.be/services/CountryService_v1.0</con:endpoint><con:request><![CDATA[<soapenv:Envelope xmlns:soapenv="http://schemas.xmlsoap.org/soap/envelope/" xmlns:v1="http://fidus.brussels/service/countryservice/messages/v1" xmlns:v11="http://fidus.brussels/type/common/messages/v1">
   <soapenv:Header/>
   <soapenv:Body>
      <v1:getAllIsoCodesRequest>
         <v1:messageContext>
         	  <v11:messageId>${=import static java.util.UUID.randomUUID; uuid = randomUUID() as String}</v11:messageId>
            <v11:timestamp>${=new java.text.SimpleDateFormat("yyyy-MM-dd'T'HH:mm:ss.SSS").format(new Date())}</v11:timestamp>
         </v1:messageContext>
         <v1:legalContext>ServiceIntegrator</v1:legalContext>
         <v1:request>
            <!--Optional:-->
            <v1:referenceDate>2016-10-06</v1:referenceDate>
         </v1:request>
      </v1:getAllIsoCodesRequest>
   </soapenv:Body>
</soapenv:Envelope>]]></con:request><con:credentials><con:selectedAuthProfile>Basic</con:selectedAuthProfile><con:addedBasicAuthenticationTypes>Basic</con:addedBasicAuthenticationTypes><con:authType>Global HTTP Settings</con:authType></con:credentials><con:jmsConfig JMSDeliveryMode="PERSISTENT"/><con:jmsPropertyConfig/><con:wsaConfig mustUnderstand="NONE" version="200508" action="http://fidus.brussels/services/countryservice/getAllIsoCodes"/><con:wsrmConfig version="1.2"/></con:call><con:call id="6358e559-6354-4602-a0e0-35103d6076db" name="03 - Test LB - Request" outgoingWss="Outflow TEST" incomingWss="Inflow TEST"><con:settings><con:setting id="com.eviware.soapui.impl.wsdl.WsdlRequest@request-headers">&lt;xml-fragment/></con:setting></con:settings><con:encoding>UTF-8</con:encoding><con:endpoint>https://fidus-esb-sg.sta.srv.cirb.lan:8443/services/CountryService_v1.0</con:endpoint><con:request><![CDATA[<soapenv:Envelope xmlns:soapenv="http://schemas.xmlsoap.org/soap/envelope/" xmlns:v1="http://fidus.brussels/service/countryservice/messages/v1" xmlns:v11="http://fidus.brussels/type/common/messages/v1">
   <soapenv:Header/>
   <soapenv:Body>
      <v1:getAllIsoCodesRequest>
         <v1:messageContext>
         	  <v11:messageId>${=import static java.util.UUID.randomUUID; uuid = randomUUID() as String}</v11:messageId>
            <v11:timestamp>${=new java.text.SimpleDateFormat("yyyy-MM-dd'T'HH:mm:ss.SSS").format(new Date())}</v11:timestamp>
         </v1:messageContext>
         <v1:legalContext>ServiceIntegrator</v1:legalContext>
         <v1:request>
            <!--Optional:-->
            <v1:referenceDate>2016-10-06</v1:referenceDate>
         </v1:request>
      </v1:getAllIsoCodesRequest>
   </soapenv:Body>
</soapenv:Envelope>]]></con:request><con:credentials><con:selectedAuthProfile>Basic</con:selectedAuthProfile><con:addedBasicAuthenticationTypes>Basic</con:addedBasicAuthenticationTypes><con:authType>Global HTTP Settings</con:authType></con:credentials><con:jmsConfig JMSDeliveryMode="PERSISTENT"/><con:jmsPropertyConfig/><con:wsaConfig mustUnderstand="NONE" version="200508" action="http://fidus.brussels/services/countryservice/getAllIsoCodes"/><con:wsrmConfig version="1.2"/></con:call><con:call id="ecc97e09-c044-4d1e-8115-012d3206f7a3" name="03 - Test Worker2 - Request" outgoingWss="Outflow TEST" incomingWss="Inflow TEST"><con:settings><con:setting id="com.eviware.soapui.impl.wsdl.WsdlRequest@request-headers">&lt;xml-fragment/></con:setting></con:settings><con:encoding>UTF-8</con:encoding><con:endpoint>https://192.168.24.17:8443/services/CountryService_v1.0</con:endpoint><con:request><![CDATA[<soapenv:Envelope xmlns:soapenv="http://schemas.xmlsoap.org/soap/envelope/" xmlns:v1="http://fidus.brussels/service/countryservice/messages/v1" xmlns:v11="http://fidus.brussels/type/common/messages/v1">
   <soapenv:Header/>
   <soapenv:Body>
      <v1:getAllIsoCodesRequest>
         <v1:messageContext>
         	  <v11:messageId>${=import static java.util.UUID.randomUUID; uuid = randomUUID() as String}</v11:messageId>
            <v11:timestamp>${=new java.text.SimpleDateFormat("yyyy-MM-dd'T'HH:mm:ss.SSS").format(new Date())}</v11:timestamp>
         </v1:messageContext>
         <v1:legalContext>ServiceIntegrator</v1:legalContext>
         <v1:request>
            <!--Optional:-->
            <v1:referenceDate>2016-10-06</v1:referenceDate>
         </v1:request>
      </v1:getAllIsoCodesRequest>
   </soapenv:Body>
</soapenv:Envelope>]]></con:request><con:credentials><con:selectedAuthProfile>Basic</con:selectedAuthProfile><con:addedBasicAuthenticationTypes>Basic</con:addedBasicAuthenticationTypes><con:authType>Global HTTP Settings</con:authType></con:credentials><con:jmsConfig JMSDeliveryMode="PERSISTENT"/><con:jmsPropertyConfig/><con:wsaConfig mustUnderstand="NONE" version="200508" action="http://fidus.brussels/services/countryservice/getAllIsoCodes"/><con:wsrmConfig version="1.2"/></con:call><con:call id="06eeac7e-36fc-47c5-8b86-750a3b11a286" name="04 - Staging External - Request" outgoingWss="Outflow STAGING" incomingWss="Inflow STAGING"><con:settings><con:setting id="com.eviware.soapui.impl.wsdl.WsdlRequest@request-headers">&lt;xml-fragment/></con:setting></con:settings><con:encoding>UTF-8</con:encoding><con:endpoint>https://fidus.irisnetlab.be/services/CountryService_v1.0</con:endpoint><con:request><![CDATA[<soapenv:Envelope xmlns:soapenv="http://schemas.xmlsoap.org/soap/envelope/" xmlns:v1="http://fidus.brussels/service/countryservice/messages/v1" xmlns:v11="http://fidus.brussels/type/common/messages/v1">
   <soapenv:Header/>
   <soapenv:Body>
      <v1:getAllIsoCodesRequest>
         <v1:messageContext>
         	  <v11:messageId>${=import static java.util.UUID.randomUUID; uuid = randomUUID() as String}</v11:messageId>
            <v11:timestamp>${=new java.text.SimpleDateFormat("yyyy-MM-dd'T'HH:mm:ss.SSS").format(new Date())}</v11:timestamp>
         </v1:messageContext>
         <v1:legalContext>ServiceIntegrator</v1:legalContext>
         <v1:request>
            <!--Optional:-->
            <v1:referenceDate>2016-10-06</v1:referenceDate>
         </v1:request>
      </v1:getAllIsoCodesRequest>
   </soapenv:Body>
</soapenv:Envelope>]]></con:request><con:credentials><con:selectedAuthProfile>Basic</con:selectedAuthProfile><con:addedBasicAuthenticationTypes>Basic</con:addedBasicAuthenticationTypes><con:authType>Global HTTP Settings</con:authType></con:credentials><con:jmsConfig JMSDeliveryMode="PERSISTENT"/><con:jmsPropertyConfig/><con:wsaConfig mustUnderstand="NONE" version="200508" action="http://fidus.brussels/services/countryservice/getAllIsoCodes"/><con:wsrmConfig version="1.2"/></con:call><con:call id="bb5c777b-db03-46ea-b03f-80b4a0fd3a04" name="04 - Staging LB - Request" outgoingWss="Outflow STAGING" incomingWss="Inflow STAGING"><con:settings><con:setting id="com.eviware.soapui.impl.wsdl.WsdlRequest@request-headers">&lt;xml-fragment/></con:setting></con:settings><con:encoding>UTF-8</con:encoding><con:endpoint>https://fidus-esb-sg.sta.srv.cirb.lan:8443/services/CountryService_v1.0</con:endpoint><con:request><![CDATA[<soapenv:Envelope xmlns:soapenv="http://schemas.xmlsoap.org/soap/envelope/" xmlns:v1="http://fidus.brussels/service/countryservice/messages/v1" xmlns:v11="http://fidus.brussels/type/common/messages/v1">
   <soapenv:Header/>
   <soapenv:Body>
      <v1:getAllIsoCodesRequest>
         <v1:messageContext>
         	  <v11:messageId>${=import static java.util.UUID.randomUUID; uuid = randomUUID() as String}</v11:messageId>
            <v11:timestamp>${=new java.text.SimpleDateFormat("yyyy-MM-dd'T'HH:mm:ss.SSS").format(new Date())}</v11:timestamp>
         </v1:messageContext>
         <v1:legalContext>ServiceIntegrator</v1:legalContext>
         <v1:request>
            <!--Optional:-->
            <v1:referenceDate>2016-10-06</v1:referenceDate>
         </v1:request>
      </v1:getAllIsoCodesRequest>
   </soapenv:Body>
</soapenv:Envelope>]]></con:request><con:credentials><con:selectedAuthProfile>Basic</con:selectedAuthProfile><con:addedBasicAuthenticationTypes>Basic</con:addedBasicAuthenticationTypes><con:authType>Global HTTP Settings</con:authType></con:credentials><con:jmsConfig JMSDeliveryMode="PERSISTENT"/><con:jmsPropertyConfig/><con:wsaConfig mustUnderstand="NONE" version="200508" action="http://fidus.brussels/services/countryservice/getAllIsoCodes"/><con:wsrmConfig version="1.2"/></con:call><con:call id="40a7a57b-6577-448b-ab01-c4e45ca69e78" name="04 - Staging Worker1 - Request" outgoingWss="Outflow STAGING" incomingWss="Inflow STAGING"><con:settings><con:setting id="com.eviware.soapui.impl.wsdl.WsdlRequest@request-headers">&lt;xml-fragment/></con:setting></con:settings><con:encoding>UTF-8</con:encoding><con:endpoint>https://192.168.24.16:8443/services/CountryService_v1.0</con:endpoint><con:request><![CDATA[<soapenv:Envelope xmlns:soapenv="http://schemas.xmlsoap.org/soap/envelope/" xmlns:v1="http://fidus.brussels/service/countryservice/messages/v1" xmlns:v11="http://fidus.brussels/type/common/messages/v1">
   <soapenv:Header/>
   <soapenv:Body>
      <v1:getAllIsoCodesRequest>
         <v1:messageContext>
         	  <v11:messageId>${=import static java.util.UUID.randomUUID; uuid = randomUUID() as String}</v11:messageId>
            <v11:timestamp>${=new java.text.SimpleDateFormat("yyyy-MM-dd'T'HH:mm:ss.SSS").format(new Date())}</v11:timestamp>
         </v1:messageContext>
         <v1:legalContext>ServiceIntegrator</v1:legalContext>
         <v1:request>
            <!--Optional:-->
            <v1:referenceDate>2016-10-06</v1:referenceDate>
         </v1:request>
      </v1:getAllIsoCodesRequest>
   </soapenv:Body>
</soapenv:Envelope>]]></con:request><con:credentials><con:selectedAuthProfile>Basic</con:selectedAuthProfile><con:addedBasicAuthenticationTypes>Basic</con:addedBasicAuthenticationTypes><con:authType>Global HTTP Settings</con:authType></con:credentials><con:jmsConfig JMSDeliveryMode="PERSISTENT"/><con:jmsPropertyConfig/><con:wsaConfig mustUnderstand="NONE" version="200508" action="http://fidus.brussels/services/countryservice/getAllIsoCodes"/><con:wsrmConfig version="1.2"/></con:call><con:call id="06991228-144d-406f-a4a5-6309ee538bd9" name="04 - Staging Worker2 - Request" outgoingWss="Outflow STAGING" incomingWss="Inflow STAGING"><con:settings><con:setting id="com.eviware.soapui.impl.wsdl.WsdlRequest@request-headers">&lt;xml-fragment/></con:setting></con:settings><con:encoding>UTF-8</con:encoding><con:endpoint>https://192.168.24.17:8443/services/CountryService_v1.0</con:endpoint><con:request><![CDATA[<soapenv:Envelope xmlns:soapenv="http://schemas.xmlsoap.org/soap/envelope/" xmlns:v1="http://fidus.brussels/service/countryservice/messages/v1" xmlns:v11="http://fidus.brussels/type/common/messages/v1">
   <soapenv:Header/>
   <soapenv:Body>
      <v1:getAllIsoCodesRequest>
         <v1:messageContext>
         	  <v11:messageId>${=import static java.util.UUID.randomUUID; uuid = randomUUID() as String}</v11:messageId>
            <v11:timestamp>${=new java.text.SimpleDateFormat("yyyy-MM-dd'T'HH:mm:ss.SSS").format(new Date())}</v11:timestamp>
         </v1:messageContext>
         <v1:legalContext>ServiceIntegrator</v1:legalContext>
         <v1:request>
            <!--Optional:-->
            <v1:referenceDate>2016-10-06</v1:referenceDate>
         </v1:request>
      </v1:getAllIsoCodesRequest>
   </soapenv:Body>
</soapenv:Envelope>]]></con:request><con:credentials><con:selectedAuthProfile>Basic</con:selectedAuthProfile><con:addedBasicAuthenticationTypes>Basic</con:addedBasicAuthenticationTypes><con:authType>Global HTTP Settings</con:authType></con:credentials><con:jmsConfig JMSDeliveryMode="PERSISTENT"/><con:jmsPropertyConfig/><con:wsaConfig mustUnderstand="NONE" version="200508" action="http://fidus.brussels/services/countryservice/getAllIsoCodes"/><con:wsrmConfig version="1.2"/></con:call><con:call id="e83419fa-8dcf-40c9-8a68-19072bee3d24" name="02 - DevNew - Request" outgoingWss="Outflow DEV" incomingWss="Inflow DEV"><con:settings><con:setting id="com.eviware.soapui.impl.wsdl.WsdlRequest@request-headers">&lt;xml-fragment/></con:setting></con:settings><con:encoding>UTF-8</con:encoding><con:endpoint>https://192.168.36.75:8243/services/CountryService_v1.0</con:endpoint><con:request><![CDATA[<soapenv:Envelope xmlns:soapenv="http://schemas.xmlsoap.org/soap/envelope/" xmlns:v1="http://fidus.brussels/service/countryservice/messages/v1" xmlns:v11="http://fidus.brussels/type/common/messages/v1">
   <soapenv:Header/>
   <soapenv:Body>
      <v1:getAllIsoCodesRequest>
         <v1:messageContext>
            <v11:messageId>${=import static java.util.UUID.randomUUID; uuid = randomUUID() as String}</v11:messageId>
            <!--Optional:-->
            <v11:timestamp>${=new java.text.SimpleDateFormat("yyyy-MM-dd'T'HH:mm:ss.SSS").format(new Date())}</v11:timestamp>
         </v1:messageContext>
         <v1:legalContext>ServiceIntegrator</v1:legalContext>
         <v1:request>
            <!--Optional:-->
            <v1:referenceDate>2016-10-06</v1:referenceDate>
         </v1:request>
      </v1:getAllIsoCodesRequest>
   </soapenv:Body>
</soapenv:Envelope>]]></con:request><con:credentials><con:selectedAuthProfile>Basic</con:selectedAuthProfile><con:addedBasicAuthenticationTypes>Basic</con:addedBasicAuthenticationTypes><con:authType>Global HTTP Settings</con:authType></con:credentials><con:jmsConfig JMSDeliveryMode="PERSISTENT"/><con:jmsPropertyConfig/><con:wsaConfig mustUnderstand="NONE" version="200508" action="http://fidus.brussels/services/countryservice/getAllIsoCodes"/><con:wsrmConfig version="1.2"/></con:call><con:call id="fcf544f6-0a37-41b8-98ab-a9b22560644e" name="05 - Prod - External - Request" outgoingWss="Outflow PROD" incomingWss="Inflow PROD"><con:settings><con:setting id="com.eviware.soapui.impl.wsdl.WsdlRequest@request-headers">&lt;xml-fragment/></con:setting></con:settings><con:encoding>UTF-8</con:encoding><con:endpoint>https://fidus.sec.brussels/services/CountryService_v1.0</con:endpoint><con:request><![CDATA[<soapenv:Envelope xmlns:soapenv="http://schemas.xmlsoap.org/soap/envelope/" xmlns:v1="http://fidus.brussels/service/countryservice/messages/v1" xmlns:v11="http://fidus.brussels/type/common/messages/v1">
   <soapenv:Header/>
   <soapenv:Body>
      <v1:getAllIsoCodesRequest>
         <v1:messageContext>
         	  <v11:messageId>${=import static java.util.UUID.randomUUID; uuid = randomUUID() as String}</v11:messageId>
            <v11:timestamp>${=new java.text.SimpleDateFormat("yyyy-MM-dd'T'HH:mm:ss.SSS").format(new Date())}</v11:timestamp>
         </v1:messageContext>
         <v1:legalContext>ServiceIntegrator</v1:legalContext>
         <v1:request>
            <!--Optional:-->
            <v1:referenceDate>2016-10-06</v1:referenceDate>
         </v1:request>
      </v1:getAllIsoCodesRequest>
   </soapenv:Body>
</soapenv:Envelope>]]></con:request><con:credentials><con:selectedAuthProfile>Basic</con:selectedAuthProfile><con:addedBasicAuthenticationTypes>Basic</con:addedBasicAuthenticationTypes><con:authType>Global HTTP Settings</con:authType></con:credentials><con:jmsConfig JMSDeliveryMode="PERSISTENT"/><con:jmsPropertyConfig/><con:wsaConfig mustUnderstand="NONE" version="200508" action="http://fidus.brussels/services/countryservice/getAllIsoCodes"/><con:wsrmConfig version="1.2"/></con:call></con:operation><con:operation id="99a02a60-38c2-4fbd-b8dc-64df25ab0598" isOneWay="false" action="http://fidus.brussels/services/countryservice/getAllNisCodes" name="getAllNisCodes" bindingOperationName="getAllNisCodes" type="Request-Response" inputName="" receivesAttachments="false" sendsAttachments="false" anonymous="optional"><con:settings/><con:call id="8f8f702c-e21e-452b-873d-e7174934bf01" name="01 - Local - Request" outgoingWss="Outflow DEV" incomingWss="Inflow DEV"><con:settings><con:setting id="com.eviware.soapui.impl.wsdl.WsdlRequest@request-headers">&lt;xml-fragment/></con:setting></con:settings><con:encoding>UTF-8</con:encoding><con:endpoint>https://localhost:8243/services/CountryService_v1.0</con:endpoint><con:request><![CDATA[<soapenv:Envelope xmlns:soapenv="http://schemas.xmlsoap.org/soap/envelope/" xmlns:v1="http://fidus.brussels/service/countryservice/messages/v1" xmlns:v11="http://fidus.brussels/type/common/messages/v1">
   <soapenv:Header/>
   <soapenv:Body>
      <v1:getAllNisCodesRequest>
         <v1:messageContext>
            <v11:messageId>${=import static java.util.UUID.randomUUID; uuid = randomUUID() as String}</v11:messageId>            
            <v11:timestamp>${=new java.text.SimpleDateFormat("yyyy-MM-dd'T'HH:mm:ss.SSS").format(new Date())}</v11:timestamp>
         </v1:messageContext>
         <v1:legalContext>ServiceIntegrator</v1:legalContext>
         <v1:request>
            <!--Optional:-->
            <v1:referenceDate>2016-10-13</v1:referenceDate>
         </v1:request>
      </v1:getAllNisCodesRequest>
   </soapenv:Body>
</soapenv:Envelope>]]></con:request><con:credentials><con:selectedAuthProfile>Basic</con:selectedAuthProfile><con:addedBasicAuthenticationTypes>Basic</con:addedBasicAuthenticationTypes><con:authType>Global HTTP Settings</con:authType></con:credentials><con:jmsConfig JMSDeliveryMode="PERSISTENT"/><con:jmsPropertyConfig/><con:wsaConfig mustUnderstand="NONE" version="200508" action="http://fidus.brussels/services/countryservice/getAllNisCodes"/><con:wsrmConfig version="1.2"/></con:call><con:call id="2cae5ad4-0a1b-469f-82d5-480b1fbe7b4c" name="01 - Local - Request-Invalid_date" outgoingWss="Outflow DEV" incomingWss="Inflow DEV"><con:settings><con:setting id="com.eviware.soapui.impl.wsdl.WsdlRequest@request-headers">&lt;xml-fragment/></con:setting></con:settings><con:encoding>UTF-8</con:encoding><con:endpoint>https://localhost:8243/services/CountryService_v1.0</con:endpoint><con:request><![CDATA[<soapenv:Envelope xmlns:soapenv="http://schemas.xmlsoap.org/soap/envelope/" xmlns:v1="http://fidus.brussels/service/countryservice/messages/v1" xmlns:v11="http://fidus.brussels/type/common/messages/v1">
   <soapenv:Header/>
   <soapenv:Body>
      <v1:getAllNisCodesRequest>
         <v1:messageContext>
            <v11:messageId>${=import static java.util.UUID.randomUUID; uuid = randomUUID() as String}</v11:messageId>            
            <v11:timestamp>${=new java.text.SimpleDateFormat("yyyy-MM-dd'T'HH:mm:ss.SSS").format(new Date())}</v11:timestamp>
         </v1:messageContext>
         <v1:legalContext>ServiceIntegrator</v1:legalContext>
         <v1:request>
            <!--Optional:-->
            <v1:referenceDate>2016-10-18</v1:referenceDate>
         </v1:request>
      </v1:getAllNisCodesRequest>
   </soapenv:Body>
</soapenv:Envelope>]]></con:request><con:credentials><con:selectedAuthProfile>Basic</con:selectedAuthProfile><con:addedBasicAuthenticationTypes>Basic</con:addedBasicAuthenticationTypes><con:authType>Global HTTP Settings</con:authType></con:credentials><con:jmsConfig JMSDeliveryMode="PERSISTENT"/><con:jmsPropertyConfig/><con:wsaConfig mustUnderstand="NONE" version="200508" action="http://fidus.brussels/services/countryservice/getAllNisCodes"/><con:wsrmConfig version="1.2"/></con:call><con:call id="b46177de-e43e-4849-8d0b-cf23b3b18fb2" name="02 - Dev - Request" outgoingWss="Outflow DEV" incomingWss="Inflow DEV"><con:settings><con:setting id="com.eviware.soapui.impl.wsdl.WsdlRequest@request-headers">&lt;xml-fragment/></con:setting></con:settings><con:encoding>UTF-8</con:encoding><con:endpoint>https://192.168.36.61:8243/services/CountryService_v1.0</con:endpoint><con:request><![CDATA[<soapenv:Envelope xmlns:soapenv="http://schemas.xmlsoap.org/soap/envelope/" xmlns:v1="http://fidus.brussels/service/countryservice/messages/v1" xmlns:v11="http://fidus.brussels/type/common/messages/v1">
   <soapenv:Header/>
   <soapenv:Body>
      <v1:getAllNisCodesRequest>
         <v1:messageContext>
            <v11:messageId>${=import static java.util.UUID.randomUUID; uuid = randomUUID() as String}</v11:messageId>            
            <v11:timestamp>${=new java.text.SimpleDateFormat("yyyy-MM-dd'T'HH:mm:ss.SSS").format(new Date())}</v11:timestamp>
         </v1:messageContext>
         <v1:legalContext>ServiceIntegrator</v1:legalContext>
         <v1:request>
            <!--Optional:-->
            <v1:referenceDate>2016-10-13</v1:referenceDate>
         </v1:request>
      </v1:getAllNisCodesRequest>
   </soapenv:Body>
</soapenv:Envelope>]]></con:request><con:credentials><con:selectedAuthProfile>Basic</con:selectedAuthProfile><con:addedBasicAuthenticationTypes>Basic</con:addedBasicAuthenticationTypes><con:authType>Global HTTP Settings</con:authType></con:credentials><con:jmsConfig JMSDeliveryMode="PERSISTENT"/><con:jmsPropertyConfig/><con:wsaConfig mustUnderstand="NONE" version="200508" action="http://fidus.brussels/services/countryservice/getAllNisCodes"/><con:wsrmConfig version="1.2"/></con:call><con:call id="9e613898-8b23-4b72-8c54-c385e375fe28" name="03 - Test External - Request" outgoingWss="Outflow TEST" incomingWss="Inflow TEST"><con:settings><con:setting id="com.eviware.soapui.impl.wsdl.WsdlRequest@request-headers">&lt;xml-fragment/></con:setting></con:settings><con:encoding>UTF-8</con:encoding><con:endpoint>https://fidus-test.irisnetlab.be/services/CountryService_v1.0</con:endpoint><con:request><![CDATA[<soapenv:Envelope xmlns:soapenv="http://schemas.xmlsoap.org/soap/envelope/" xmlns:v1="http://fidus.brussels/service/countryservice/messages/v1" xmlns:v11="http://fidus.brussels/type/common/messages/v1">
   <soapenv:Header/>
   <soapenv:Body>
      <v1:getAllNisCodesRequest>
         <v1:messageContext>
            <v11:messageId>${=import static java.util.UUID.randomUUID; uuid = randomUUID() as String}</v11:messageId>            
            <v11:timestamp>${=new java.text.SimpleDateFormat("yyyy-MM-dd'T'HH:mm:ss.SSS").format(new Date())}</v11:timestamp>
         </v1:messageContext>
         <v1:legalContext>ServiceIntegrator</v1:legalContext>
         <v1:request>
            <!--Optional:-->
            <v1:referenceDate>2016-10-13</v1:referenceDate>
         </v1:request>
      </v1:getAllNisCodesRequest>
   </soapenv:Body>
</soapenv:Envelope>]]></con:request><con:credentials><con:selectedAuthProfile>Basic</con:selectedAuthProfile><con:addedBasicAuthenticationTypes>Basic</con:addedBasicAuthenticationTypes><con:authType>Global HTTP Settings</con:authType></con:credentials><con:jmsConfig JMSDeliveryMode="PERSISTENT"/><con:jmsPropertyConfig/><con:wsaConfig mustUnderstand="NONE" version="200508" action="http://fidus.brussels/services/countryservice/getAllNisCodes"/><con:wsrmConfig version="1.2"/></con:call><con:call id="dab9f481-25d5-49fb-949f-e0d34406b24a" name="03 - Test LB - Request" outgoingWss="Outflow TEST" incomingWss="Inflow TEST"><con:settings><con:setting id="com.eviware.soapui.impl.wsdl.WsdlRequest@request-headers">&lt;xml-fragment/></con:setting></con:settings><con:encoding>UTF-8</con:encoding><con:endpoint>https://fidus-esb-sg.sta.srv.cirb.lan:8443/services/CountryService_v1.0</con:endpoint><con:request><![CDATA[<soapenv:Envelope xmlns:soapenv="http://schemas.xmlsoap.org/soap/envelope/" xmlns:v1="http://fidus.brussels/service/countryservice/messages/v1" xmlns:v11="http://fidus.brussels/type/common/messages/v1">
   <soapenv:Header/>
   <soapenv:Body>
      <v1:getAllNisCodesRequest>
         <v1:messageContext>
            <v11:messageId>${=import static java.util.UUID.randomUUID; uuid = randomUUID() as String}</v11:messageId>            
            <v11:timestamp>${=new java.text.SimpleDateFormat("yyyy-MM-dd'T'HH:mm:ss.SSS").format(new Date())}</v11:timestamp>
         </v1:messageContext>
         <v1:legalContext>ServiceIntegrator</v1:legalContext>
         <v1:request>
            <!--Optional:-->
            <v1:referenceDate>2016-10-13</v1:referenceDate>
         </v1:request>
      </v1:getAllNisCodesRequest>
   </soapenv:Body>
</soapenv:Envelope>]]></con:request><con:credentials><con:selectedAuthProfile>Basic</con:selectedAuthProfile><con:addedBasicAuthenticationTypes>Basic</con:addedBasicAuthenticationTypes><con:authType>Global HTTP Settings</con:authType></con:credentials><con:jmsConfig JMSDeliveryMode="PERSISTENT"/><con:jmsPropertyConfig/><con:wsaConfig mustUnderstand="NONE" version="200508" action="http://fidus.brussels/services/countryservice/getAllNisCodes"/><con:wsrmConfig version="1.2"/></con:call><con:call id="43f85fef-9e89-4cd8-aebd-e9f6085f4eed" name="03 - Test Worker1 - Request" outgoingWss="Outflow TEST" incomingWss="Inflow TEST"><con:settings><con:setting id="com.eviware.soapui.impl.wsdl.WsdlRequest@request-headers">&lt;xml-fragment/></con:setting></con:settings><con:encoding>UTF-8</con:encoding><con:endpoint>https://192.168.24.16:8443/services/CountryService_v1.0</con:endpoint><con:request><![CDATA[<soapenv:Envelope xmlns:soapenv="http://schemas.xmlsoap.org/soap/envelope/" xmlns:v1="http://fidus.brussels/service/countryservice/messages/v1" xmlns:v11="http://fidus.brussels/type/common/messages/v1">
   <soapenv:Header/>
   <soapenv:Body>
      <v1:getAllNisCodesRequest>
         <v1:messageContext>
            <v11:messageId>${=import static java.util.UUID.randomUUID; uuid = randomUUID() as String}</v11:messageId>            
            <v11:timestamp>${=new java.text.SimpleDateFormat("yyyy-MM-dd'T'HH:mm:ss.SSS").format(new Date())}</v11:timestamp>
         </v1:messageContext>
         <v1:legalContext>ServiceIntegrator</v1:legalContext>
         <v1:request>
            <!--Optional:-->
            <v1:referenceDate>2016-10-13</v1:referenceDate>
         </v1:request>
      </v1:getAllNisCodesRequest>
   </soapenv:Body>
</soapenv:Envelope>]]></con:request><con:credentials><con:selectedAuthProfile>Basic</con:selectedAuthProfile><con:addedBasicAuthenticationTypes>Basic</con:addedBasicAuthenticationTypes><con:authType>Global HTTP Settings</con:authType></con:credentials><con:jmsConfig JMSDeliveryMode="PERSISTENT"/><con:jmsPropertyConfig/><con:wsaConfig mustUnderstand="NONE" version="200508" action="http://fidus.brussels/services/countryservice/getAllNisCodes"/><con:wsrmConfig version="1.2"/></con:call><con:call id="46e2f336-4a13-4089-8f1a-47d107b04caa" name="03 - Test Worker2 - Request" outgoingWss="Outflow TEST" incomingWss="Inflow TEST"><con:settings><con:setting id="com.eviware.soapui.impl.wsdl.WsdlRequest@request-headers">&lt;xml-fragment/></con:setting></con:settings><con:encoding>UTF-8</con:encoding><con:endpoint>https://192.168.24.17:8443/services/CountryService_v1.0</con:endpoint><con:request><![CDATA[<soapenv:Envelope xmlns:soapenv="http://schemas.xmlsoap.org/soap/envelope/" xmlns:v1="http://fidus.brussels/service/countryservice/messages/v1" xmlns:v11="http://fidus.brussels/type/common/messages/v1">
   <soapenv:Header/>
   <soapenv:Body>
      <v1:getAllNisCodesRequest>
         <v1:messageContext>
            <v11:messageId>${=import static java.util.UUID.randomUUID; uuid = randomUUID() as String}</v11:messageId>            
            <v11:timestamp>${=new java.text.SimpleDateFormat("yyyy-MM-dd'T'HH:mm:ss.SSS").format(new Date())}</v11:timestamp>
         </v1:messageContext>
         <v1:legalContext>ServiceIntegrator</v1:legalContext>
         <v1:request>
            <!--Optional:-->
            <v1:referenceDate>2016-10-13</v1:referenceDate>
         </v1:request>
      </v1:getAllNisCodesRequest>
   </soapenv:Body>
</soapenv:Envelope>]]></con:request><con:credentials><con:selectedAuthProfile>Basic</con:selectedAuthProfile><con:addedBasicAuthenticationTypes>Basic</con:addedBasicAuthenticationTypes><con:authType>Global HTTP Settings</con:authType></con:credentials><con:jmsConfig JMSDeliveryMode="PERSISTENT"/><con:jmsPropertyConfig/><con:wsaConfig mustUnderstand="NONE" version="200508" action="http://fidus.brussels/services/countryservice/getAllNisCodes"/><con:wsrmConfig version="1.2"/></con:call><con:call id="bf468311-affb-476e-8540-4f6259feedad" name="04 - Staging External - Request" outgoingWss="Outflow STAGING" incomingWss="Inflow STAGING"><con:settings><con:setting id="com.eviware.soapui.impl.wsdl.WsdlRequest@request-headers">&lt;xml-fragment/></con:setting></con:settings><con:encoding>UTF-8</con:encoding><con:endpoint>https://fidus.irisnetlab.be/services/CountryService_v1.0</con:endpoint><con:request><![CDATA[<soapenv:Envelope xmlns:soapenv="http://schemas.xmlsoap.org/soap/envelope/" xmlns:v1="http://fidus.brussels/service/countryservice/messages/v1" xmlns:v11="http://fidus.brussels/type/common/messages/v1">
   <soapenv:Header/>
   <soapenv:Body>
      <v1:getAllNisCodesRequest>
         <v1:messageContext>
            <v11:messageId>${=import static java.util.UUID.randomUUID; uuid = randomUUID() as String}</v11:messageId>            
            <v11:timestamp>${=new java.text.SimpleDateFormat("yyyy-MM-dd'T'HH:mm:ss.SSS").format(new Date())}</v11:timestamp>
         </v1:messageContext>
         <v1:legalContext>ServiceIntegrator</v1:legalContext>
         <v1:request>
            <!--Optional:-->
            <v1:referenceDate>2016-10-13</v1:referenceDate>
         </v1:request>
      </v1:getAllNisCodesRequest>
   </soapenv:Body>
</soapenv:Envelope>]]></con:request><con:credentials><con:selectedAuthProfile>Basic</con:selectedAuthProfile><con:addedBasicAuthenticationTypes>Basic</con:addedBasicAuthenticationTypes><con:authType>Global HTTP Settings</con:authType></con:credentials><con:jmsConfig JMSDeliveryMode="PERSISTENT"/><con:jmsPropertyConfig/><con:wsaConfig mustUnderstand="NONE" version="200508" action="http://fidus.brussels/services/countryservice/getAllNisCodes"/><con:wsrmConfig version="1.2"/></con:call><con:call id="cfac1903-717f-4b49-b47d-5a34302f6396" name="04 - Staging LB - Request" outgoingWss="Outflow STAGING" incomingWss="Inflow STAGING"><con:settings><con:setting id="com.eviware.soapui.impl.wsdl.WsdlRequest@request-headers">&lt;xml-fragment/></con:setting></con:settings><con:encoding>UTF-8</con:encoding><con:endpoint>https://fidus-esb-sg.sta.srv.cirb.lan:8443/services/CountryService_v1.0</con:endpoint><con:request><![CDATA[<soapenv:Envelope xmlns:soapenv="http://schemas.xmlsoap.org/soap/envelope/" xmlns:v1="http://fidus.brussels/service/countryservice/messages/v1" xmlns:v11="http://fidus.brussels/type/common/messages/v1">
   <soapenv:Header/>
   <soapenv:Body>
      <v1:getAllNisCodesRequest>
         <v1:messageContext>
            <v11:messageId>${=import static java.util.UUID.randomUUID; uuid = randomUUID() as String}</v11:messageId>            
            <v11:timestamp>${=new java.text.SimpleDateFormat("yyyy-MM-dd'T'HH:mm:ss.SSS").format(new Date())}</v11:timestamp>
         </v1:messageContext>
         <v1:legalContext>ServiceIntegrator</v1:legalContext>
         <v1:request>
            <!--Optional:-->
            <v1:referenceDate>2016-10-13</v1:referenceDate>
         </v1:request>
      </v1:getAllNisCodesRequest>
   </soapenv:Body>
</soapenv:Envelope>]]></con:request><con:credentials><con:selectedAuthProfile>Basic</con:selectedAuthProfile><con:addedBasicAuthenticationTypes>Basic</con:addedBasicAuthenticationTypes><con:authType>Global HTTP Settings</con:authType></con:credentials><con:jmsConfig JMSDeliveryMode="PERSISTENT"/><con:jmsPropertyConfig/><con:wsaConfig mustUnderstand="NONE" version="200508" action="http://fidus.brussels/services/countryservice/getAllNisCodes"/><con:wsrmConfig version="1.2"/></con:call><con:call id="d0f13642-4688-4103-bb39-281fe9b6327e" name="04 - Staging Worker1 - Request" outgoingWss="Outflow STAGING" incomingWss="Inflow STAGING"><con:settings><con:setting id="com.eviware.soapui.impl.wsdl.WsdlRequest@request-headers">&lt;xml-fragment/></con:setting></con:settings><con:encoding>UTF-8</con:encoding><con:endpoint>https://192.168.24.16:8443/services/CountryService_v1.0</con:endpoint><con:request><![CDATA[<soapenv:Envelope xmlns:soapenv="http://schemas.xmlsoap.org/soap/envelope/" xmlns:v1="http://fidus.brussels/service/countryservice/messages/v1" xmlns:v11="http://fidus.brussels/type/common/messages/v1">
   <soapenv:Header/>
   <soapenv:Body>
      <v1:getAllNisCodesRequest>
         <v1:messageContext>
            <v11:messageId>${=import static java.util.UUID.randomUUID; uuid = randomUUID() as String}</v11:messageId>            
            <v11:timestamp>${=new java.text.SimpleDateFormat("yyyy-MM-dd'T'HH:mm:ss.SSS").format(new Date())}</v11:timestamp>
         </v1:messageContext>
         <v1:legalContext>ServiceIntegrator</v1:legalContext>
         <v1:request>
            <!--Optional:-->
            <v1:referenceDate>2016-10-13</v1:referenceDate>
         </v1:request>
      </v1:getAllNisCodesRequest>
   </soapenv:Body>
</soapenv:Envelope>]]></con:request><con:credentials><con:selectedAuthProfile>Basic</con:selectedAuthProfile><con:addedBasicAuthenticationTypes>Basic</con:addedBasicAuthenticationTypes><con:authType>Global HTTP Settings</con:authType></con:credentials><con:jmsConfig JMSDeliveryMode="PERSISTENT"/><con:jmsPropertyConfig/><con:wsaConfig mustUnderstand="NONE" version="200508" action="http://fidus.brussels/services/countryservice/getAllNisCodes"/><con:wsrmConfig version="1.2"/></con:call><con:call id="5d278922-b100-4634-b72a-016735f7ced5" name="02 - DevNew - Request" outgoingWss="Outflow DEV" incomingWss="Inflow DEV"><con:settings><con:setting id="com.eviware.soapui.impl.wsdl.WsdlRequest@request-headers">&lt;xml-fragment/></con:setting></con:settings><con:encoding>UTF-8</con:encoding><con:endpoint>https://192.168.36.75:8243/services/CountryService_v1.0</con:endpoint><con:request><![CDATA[<soapenv:Envelope xmlns:soapenv="http://schemas.xmlsoap.org/soap/envelope/" xmlns:v1="http://fidus.brussels/service/countryservice/messages/v1" xmlns:v11="http://fidus.brussels/type/common/messages/v1">
   <soapenv:Header/>
   <soapenv:Body>
      <v1:getAllNisCodesRequest>
         <v1:messageContext>
            <v11:messageId>${=import static java.util.UUID.randomUUID; uuid = randomUUID() as String}</v11:messageId>            
            <v11:timestamp>${=new java.text.SimpleDateFormat("yyyy-MM-dd'T'HH:mm:ss.SSS").format(new Date())}</v11:timestamp>
         </v1:messageContext>
         <v1:legalContext>ServiceIntegrator</v1:legalContext>
         <v1:request>
            <!--Optional:-->
            <v1:referenceDate>2016-10-13</v1:referenceDate>
         </v1:request>
      </v1:getAllNisCodesRequest>
   </soapenv:Body>
</soapenv:Envelope>]]></con:request><con:credentials><con:selectedAuthProfile>Basic</con:selectedAuthProfile><con:addedBasicAuthenticationTypes>Basic</con:addedBasicAuthenticationTypes><con:authType>Global HTTP Settings</con:authType></con:credentials><con:jmsConfig JMSDeliveryMode="PERSISTENT"/><con:jmsPropertyConfig/><con:wsaConfig mustUnderstand="NONE" version="200508" action="http://fidus.brussels/services/countryservice/getAllNisCodes"/><con:wsrmConfig version="1.2"/></con:call><con:call id="ed5ddcdc-849f-42a3-b2ff-89c7f83aa913" name="05 - Prod - External - Request" outgoingWss="Outflow PROD" incomingWss="Inflow PROD"><con:settings><con:setting id="com.eviware.soapui.impl.wsdl.WsdlRequest@request-headers">&lt;xml-fragment/></con:setting></con:settings><con:encoding>UTF-8</con:encoding><con:endpoint>https://fidus.sec.brussels/services/CountryService_v1.0</con:endpoint><con:request><![CDATA[<soapenv:Envelope xmlns:soapenv="http://schemas.xmlsoap.org/soap/envelope/" xmlns:v1="http://fidus.brussels/service/countryservice/messages/v1" xmlns:v11="http://fidus.brussels/type/common/messages/v1">
   <soapenv:Header/>
   <soapenv:Body>
      <v1:getAllNisCodesRequest>
         <v1:messageContext>
            <v11:messageId>${=import static java.util.UUID.randomUUID; uuid = randomUUID() as String}</v11:messageId>            
            <v11:timestamp>${=new java.text.SimpleDateFormat("yyyy-MM-dd'T'HH:mm:ss.SSS").format(new Date())}</v11:timestamp>
         </v1:messageContext>
         <v1:legalContext>ServiceIntegrator</v1:legalContext>
         <v1:request>
            <!--Optional:-->
            <v1:referenceDate>2016-10-13</v1:referenceDate>
         </v1:request>
      </v1:getAllNisCodesRequest>
   </soapenv:Body>
</soapenv:Envelope>]]></con:request><con:credentials><con:selectedAuthProfile>Basic</con:selectedAuthProfile><con:addedBasicAuthenticationTypes>Basic</con:addedBasicAuthenticationTypes><con:authType>Global HTTP Settings</con:authType></con:credentials><con:jmsConfig JMSDeliveryMode="PERSISTENT"/><con:jmsPropertyConfig/><con:wsaConfig mustUnderstand="NONE" version="200508" action="http://fidus.brussels/services/countryservice/getAllNisCodes"/><con:wsrmConfig version="1.2"/></con:call></con:operation><con:operation id="d9b91d9d-2077-4cab-b2f0-d02470bd205a" isOneWay="false" action="http://fidus.brussels/services/countryservice/getNationalities" name="getNationalities" bindingOperationName="getNationalities" type="Request-Response" inputName="" receivesAttachments="false" sendsAttachments="false" anonymous="optional"><con:settings/><con:call id="57506035-7435-40a4-ad96-acc1ba8182d7" name="01 - Local - Request" outgoingWss="Outflow DEV" incomingWss="Inflow DEV"><con:settings><con:setting id="com.eviware.soapui.impl.wsdl.WsdlRequest@request-headers">&lt;xml-fragment/></con:setting></con:settings><con:encoding>UTF-8</con:encoding><con:endpoint>https://localhost:8243/services/CountryService_v1.0</con:endpoint><con:request><![CDATA[<soapenv:Envelope xmlns:soapenv="http://schemas.xmlsoap.org/soap/envelope/" xmlns:v1="http://fidus.brussels/service/countryservice/messages/v1" xmlns:v11="http://fidus.brussels/type/common/messages/v1">
   <soapenv:Header/>
   <soapenv:Body>
      <v1:getNationalitiesRequest>
         <v1:messageContext>
            <v11:messageId>${=import static java.util.UUID.randomUUID; uuid = randomUUID() as String}</v11:messageId>
            <!--Optional:-->
            <v11:timestamp>${=new java.text.SimpleDateFormat("yyyy-MM-dd'T'HH:mm:ss.SSS").format(new Date())}</v11:timestamp>
         </v1:messageContext>
         <v1:legalContext>ServiceIntegrator</v1:legalContext>
         <v1:request>
            <!--Optional:-->
            <v1:referenceDate>2016-10-13</v1:referenceDate>
         </v1:request>
      </v1:getNationalitiesRequest>
   </soapenv:Body>
</soapenv:Envelope>]]></con:request><con:credentials><con:selectedAuthProfile>Basic</con:selectedAuthProfile><con:addedBasicAuthenticationTypes>Basic</con:addedBasicAuthenticationTypes><con:authType>Global HTTP Settings</con:authType></con:credentials><con:jmsConfig JMSDeliveryMode="PERSISTENT"/><con:jmsPropertyConfig/><con:wsaConfig mustUnderstand="NONE" version="200508" action="http://fidus.brussels/services/countryservice/getNationalities"/><con:wsrmConfig version="1.2"/></con:call><con:call id="b7beb1d4-97ce-4d4d-abc1-8062beac8790" name="01 - Local - Request-Invalid_date" outgoingWss="Outflow DEV" incomingWss="Inflow DEV"><con:settings><con:setting id="com.eviware.soapui.impl.wsdl.WsdlRequest@request-headers">&lt;xml-fragment/></con:setting></con:settings><con:encoding>UTF-8</con:encoding><con:endpoint>https://localhost:8243/services/CountryService_v1.0</con:endpoint><con:request><![CDATA[<soapenv:Envelope xmlns:soapenv="http://schemas.xmlsoap.org/soap/envelope/" xmlns:v1="http://fidus.brussels/service/countryservice/messages/v1" xmlns:v11="http://fidus.brussels/type/common/messages/v1">
   <soapenv:Header/>
   <soapenv:Body>
      <v1:getNationalitiesRequest>
         <v1:messageContext>
            <v11:messageId>${=import static java.util.UUID.randomUUID; uuid = randomUUID() as String}</v11:messageId>
            <!--Optional:-->
            <v11:timestamp>${=new java.text.SimpleDateFormat("yyyy-MM-dd'T'HH:mm:ss.SSS").format(new Date())}</v11:timestamp>
         </v1:messageContext>
         <v1:legalContext>ServiceIntegrator</v1:legalContext>
         <v1:request>
            <!--Optional:-->
            <v1:referenceDate>2016-10-16</v1:referenceDate>
         </v1:request>
      </v1:getNationalitiesRequest>
   </soapenv:Body>
</soapenv:Envelope>]]></con:request><con:credentials><con:selectedAuthProfile>Basic</con:selectedAuthProfile><con:addedBasicAuthenticationTypes>Basic</con:addedBasicAuthenticationTypes><con:authType>Global HTTP Settings</con:authType></con:credentials><con:jmsConfig JMSDeliveryMode="PERSISTENT"/><con:jmsPropertyConfig/><con:wsaConfig mustUnderstand="NONE" version="200508" action="http://fidus.brussels/services/countryservice/getNationalities"/><con:wsrmConfig version="1.2"/></con:call><con:call id="dc59c2db-d10e-4a80-b087-01182e06139b" name="02 - Dev - Request" outgoingWss="Outflow DEV" incomingWss="Inflow DEV"><con:settings><con:setting id="com.eviware.soapui.impl.wsdl.WsdlRequest@request-headers">&lt;xml-fragment/></con:setting></con:settings><con:encoding>UTF-8</con:encoding><con:endpoint>https://192.168.36.61:8243/services/CountryService_v1.0</con:endpoint><con:request><![CDATA[<soapenv:Envelope xmlns:soapenv="http://schemas.xmlsoap.org/soap/envelope/" xmlns:v1="http://fidus.brussels/service/countryservice/messages/v1" xmlns:v11="http://fidus.brussels/type/common/messages/v1">
   <soapenv:Header/>
   <soapenv:Body>
      <v1:getNationalitiesRequest>
         <v1:messageContext>
            <v11:messageId>${=import static java.util.UUID.randomUUID; uuid = randomUUID() as String}</v11:messageId>
            <!--Optional:-->
            <v11:timestamp>${=new java.text.SimpleDateFormat("yyyy-MM-dd'T'HH:mm:ss.SSS").format(new Date())}</v11:timestamp>
         </v1:messageContext>
         <v1:legalContext>ServiceIntegrator</v1:legalContext>
         <v1:request>
            <!--Optional:-->
            <v1:referenceDate>2016-10-13</v1:referenceDate>
         </v1:request>
      </v1:getNationalitiesRequest>
   </soapenv:Body>
</soapenv:Envelope>]]></con:request><con:credentials><con:selectedAuthProfile>Basic</con:selectedAuthProfile><con:addedBasicAuthenticationTypes>Basic</con:addedBasicAuthenticationTypes><con:authType>Global HTTP Settings</con:authType></con:credentials><con:jmsConfig JMSDeliveryMode="PERSISTENT"/><con:jmsPropertyConfig/><con:wsaConfig mustUnderstand="NONE" version="200508" action="http://fidus.brussels/services/countryservice/getNationalities"/><con:wsrmConfig version="1.2"/></con:call><con:call id="5b896b08-28ef-46d7-9783-0cf7764551ea" name="03 - Test External - Request" outgoingWss="Outflow TEST" incomingWss="Inflow TEST"><con:settings><con:setting id="com.eviware.soapui.impl.wsdl.WsdlRequest@request-headers">&lt;xml-fragment/></con:setting></con:settings><con:encoding>UTF-8</con:encoding><con:endpoint>https://fidus-test.irisnetlab.be/services/CountryService_v1.0</con:endpoint><con:request><![CDATA[<soapenv:Envelope xmlns:soapenv="http://schemas.xmlsoap.org/soap/envelope/" xmlns:v1="http://fidus.brussels/service/countryservice/messages/v1" xmlns:v11="http://fidus.brussels/type/common/messages/v1">
   <soapenv:Header/>
   <soapenv:Body>
      <v1:getNationalitiesRequest>
         <v1:messageContext>
            <v11:messageId>${=import static java.util.UUID.randomUUID; uuid = randomUUID() as String}</v11:messageId>
            <!--Optional:-->
            <v11:timestamp>${=new java.text.SimpleDateFormat("yyyy-MM-dd'T'HH:mm:ss.SSS").format(new Date())}</v11:timestamp>
         </v1:messageContext>
         <v1:legalContext>ServiceIntegrator</v1:legalContext>
         <v1:request>
            <!--Optional:-->
            <v1:referenceDate>2016-10-13</v1:referenceDate>
         </v1:request>
      </v1:getNationalitiesRequest>
   </soapenv:Body>
</soapenv:Envelope>]]></con:request><con:credentials><con:selectedAuthProfile>Basic</con:selectedAuthProfile><con:addedBasicAuthenticationTypes>Basic</con:addedBasicAuthenticationTypes><con:authType>Global HTTP Settings</con:authType></con:credentials><con:jmsConfig JMSDeliveryMode="PERSISTENT"/><con:jmsPropertyConfig/><con:wsaConfig mustUnderstand="NONE" version="200508" action="http://fidus.brussels/services/countryservice/getNationalities"/><con:wsrmConfig version="1.2"/></con:call><con:call id="49cff139-f8ee-4ed3-b0c7-8fdb04fc34fc" name="03 - Test LB - Request" outgoingWss="Outflow TEST" incomingWss="Inflow TEST"><con:settings><con:setting id="com.eviware.soapui.impl.wsdl.WsdlRequest@request-headers">&lt;xml-fragment/></con:setting></con:settings><con:encoding>UTF-8</con:encoding><con:endpoint>https://fidus-esb-sg.sta.srv.cirb.lan:8443/services/CountryService_v1.0</con:endpoint><con:request><![CDATA[<soapenv:Envelope xmlns:soapenv="http://schemas.xmlsoap.org/soap/envelope/" xmlns:v1="http://fidus.brussels/service/countryservice/messages/v1" xmlns:v11="http://fidus.brussels/type/common/messages/v1">
   <soapenv:Header/>
   <soapenv:Body>
      <v1:getNationalitiesRequest>
         <v1:messageContext>
            <v11:messageId>${=import static java.util.UUID.randomUUID; uuid = randomUUID() as String}</v11:messageId>
            <!--Optional:-->
            <v11:timestamp>${=new java.text.SimpleDateFormat("yyyy-MM-dd'T'HH:mm:ss.SSS").format(new Date())}</v11:timestamp>
         </v1:messageContext>
         <v1:legalContext>ServiceIntegrator</v1:legalContext>
         <v1:request>
            <!--Optional:-->
            <v1:referenceDate>2016-10-13</v1:referenceDate>
         </v1:request>
      </v1:getNationalitiesRequest>
   </soapenv:Body>
</soapenv:Envelope>]]></con:request><con:credentials><con:selectedAuthProfile>Basic</con:selectedAuthProfile><con:addedBasicAuthenticationTypes>Basic</con:addedBasicAuthenticationTypes><con:authType>Global HTTP Settings</con:authType></con:credentials><con:jmsConfig JMSDeliveryMode="PERSISTENT"/><con:jmsPropertyConfig/><con:wsaConfig mustUnderstand="NONE" version="200508" action="http://fidus.brussels/services/countryservice/getNationalities"/><con:wsrmConfig version="1.2"/></con:call><con:call id="6a27b47d-43d6-4671-9b26-89fb050c3213" name="03 - Test Worker1 - Request" outgoingWss="Outflow TEST" incomingWss="Inflow TEST"><con:settings><con:setting id="com.eviware.soapui.impl.wsdl.WsdlRequest@request-headers">&lt;xml-fragment/></con:setting></con:settings><con:encoding>UTF-8</con:encoding><con:endpoint>https://192.168.24.16:8443/services/CountryService_v1.0</con:endpoint><con:request><![CDATA[<soapenv:Envelope xmlns:soapenv="http://schemas.xmlsoap.org/soap/envelope/" xmlns:v1="http://fidus.brussels/service/countryservice/messages/v1" xmlns:v11="http://fidus.brussels/type/common/messages/v1">
   <soapenv:Header/>
   <soapenv:Body>
      <v1:getNationalitiesRequest>
         <v1:messageContext>
            <v11:messageId>${=import static java.util.UUID.randomUUID; uuid = randomUUID() as String}</v11:messageId>
            <!--Optional:-->
            <v11:timestamp>${=new java.text.SimpleDateFormat("yyyy-MM-dd'T'HH:mm:ss.SSS").format(new Date())}</v11:timestamp>
         </v1:messageContext>
         <v1:legalContext>ServiceIntegrator</v1:legalContext>
         <v1:request>
            <!--Optional:-->
            <v1:referenceDate>2016-10-13</v1:referenceDate>
         </v1:request>
      </v1:getNationalitiesRequest>
   </soapenv:Body>
</soapenv:Envelope>]]></con:request><con:credentials><con:selectedAuthProfile>Basic</con:selectedAuthProfile><con:addedBasicAuthenticationTypes>Basic</con:addedBasicAuthenticationTypes><con:authType>Global HTTP Settings</con:authType></con:credentials><con:jmsConfig JMSDeliveryMode="PERSISTENT"/><con:jmsPropertyConfig/><con:wsaConfig mustUnderstand="NONE" version="200508" action="http://fidus.brussels/services/countryservice/getNationalities"/><con:wsrmConfig version="1.2"/></con:call><con:call id="47510092-86bc-46eb-993b-9df7e5707a3c" name="03 - Test Worker2 - Request" outgoingWss="Outflow TEST" incomingWss="Inflow TEST"><con:settings><con:setting id="com.eviware.soapui.impl.wsdl.WsdlRequest@request-headers">&lt;xml-fragment/></con:setting></con:settings><con:encoding>UTF-8</con:encoding><con:endpoint>https://192.168.24.17:8443/services/CountryService_v1.0</con:endpoint><con:request><![CDATA[<soapenv:Envelope xmlns:soapenv="http://schemas.xmlsoap.org/soap/envelope/" xmlns:v1="http://fidus.brussels/service/countryservice/messages/v1" xmlns:v11="http://fidus.brussels/type/common/messages/v1">
   <soapenv:Header/>
   <soapenv:Body>
      <v1:getNationalitiesRequest>
         <v1:messageContext>
            <v11:messageId>${=import static java.util.UUID.randomUUID; uuid = randomUUID() as String}</v11:messageId>
            <!--Optional:-->
            <v11:timestamp>${=new java.text.SimpleDateFormat("yyyy-MM-dd'T'HH:mm:ss.SSS").format(new Date())}</v11:timestamp>
         </v1:messageContext>
         <v1:legalContext>ServiceIntegrator</v1:legalContext>
         <v1:request>
            <!--Optional:-->
            <v1:referenceDate>2016-10-13</v1:referenceDate>
         </v1:request>
      </v1:getNationalitiesRequest>
   </soapenv:Body>
</soapenv:Envelope>]]></con:request><con:credentials><con:selectedAuthProfile>Basic</con:selectedAuthProfile><con:addedBasicAuthenticationTypes>Basic</con:addedBasicAuthenticationTypes><con:authType>Global HTTP Settings</con:authType></con:credentials><con:jmsConfig JMSDeliveryMode="PERSISTENT"/><con:jmsPropertyConfig/><con:wsaConfig mustUnderstand="NONE" version="200508" action="http://fidus.brussels/services/countryservice/getNationalities"/><con:wsrmConfig version="1.2"/></con:call><con:call id="f233a7a9-d8e7-463a-be0e-068a5975a842" name="02 - DevNew - Request" outgoingWss="Outflow DEV" incomingWss="Inflow DEV"><con:settings><con:setting id="com.eviware.soapui.impl.wsdl.WsdlRequest@request-headers">&lt;xml-fragment/></con:setting></con:settings><con:encoding>UTF-8</con:encoding><con:endpoint>https://192.168.36.75:8243/services/CountryService_v1.0</con:endpoint><con:request><![CDATA[<soapenv:Envelope xmlns:soapenv="http://schemas.xmlsoap.org/soap/envelope/" xmlns:v1="http://fidus.brussels/service/countryservice/messages/v1" xmlns:v11="http://fidus.brussels/type/common/messages/v1">
   <soapenv:Header/>
   <soapenv:Body>
      <v1:getNationalitiesRequest>
         <v1:messageContext>
            <v11:messageId>${=import static java.util.UUID.randomUUID; uuid = randomUUID() as String}</v11:messageId>
            <!--Optional:-->
            <v11:timestamp>${=new java.text.SimpleDateFormat("yyyy-MM-dd'T'HH:mm:ss.SSS").format(new Date())}</v11:timestamp>
         </v1:messageContext>
         <v1:legalContext>ServiceIntegrator</v1:legalContext>
         <v1:request>
            <!--Optional:-->
            <v1:referenceDate>2016-10-13</v1:referenceDate>
         </v1:request>
      </v1:getNationalitiesRequest>
   </soapenv:Body>
</soapenv:Envelope>]]></con:request><con:credentials><con:selectedAuthProfile>Basic</con:selectedAuthProfile><con:addedBasicAuthenticationTypes>Basic</con:addedBasicAuthenticationTypes><con:authType>Global HTTP Settings</con:authType></con:credentials><con:jmsConfig JMSDeliveryMode="PERSISTENT"/><con:jmsPropertyConfig/><con:wsaConfig mustUnderstand="NONE" version="200508" action="http://fidus.brussels/services/countryservice/getNationalities"/><con:wsrmConfig version="1.2"/></con:call><con:call id="6634a4e1-52e5-4a9a-be3c-caa625502097" name="04 - Staging External - Request" outgoingWss="Outflow STAGING" incomingWss="Inflow STAGING"><con:settings><con:setting id="com.eviware.soapui.impl.wsdl.WsdlRequest@request-headers">&lt;xml-fragment/></con:setting></con:settings><con:encoding>UTF-8</con:encoding><con:endpoint>https://fidus.irisnetlab.be/services/CountryService_v1.0</con:endpoint><con:request><![CDATA[<soapenv:Envelope xmlns:soapenv="http://schemas.xmlsoap.org/soap/envelope/" xmlns:v1="http://fidus.brussels/service/countryservice/messages/v1" xmlns:v11="http://fidus.brussels/type/common/messages/v1">
   <soapenv:Header/>
   <soapenv:Body>
      <v1:getNationalitiesRequest>
         <v1:messageContext>
            <v11:messageId>${=import static java.util.UUID.randomUUID; uuid = randomUUID() as String}</v11:messageId>
            <!--Optional:-->
            <v11:timestamp>${=new java.text.SimpleDateFormat("yyyy-MM-dd'T'HH:mm:ss.SSS").format(new Date())}</v11:timestamp>
         </v1:messageContext>
         <v1:legalContext>ServiceIntegrator</v1:legalContext>
         <v1:request>
            <!--Optional:-->
            <v1:referenceDate>2016-10-13</v1:referenceDate>
         </v1:request>
      </v1:getNationalitiesRequest>
   </soapenv:Body>
</soapenv:Envelope>]]></con:request><con:credentials><con:selectedAuthProfile>Basic</con:selectedAuthProfile><con:addedBasicAuthenticationTypes>Basic</con:addedBasicAuthenticationTypes><con:authType>Global HTTP Settings</con:authType></con:credentials><con:jmsConfig JMSDeliveryMode="PERSISTENT"/><con:jmsPropertyConfig/><con:wsaConfig mustUnderstand="NONE" version="200508" action="http://fidus.brussels/services/countryservice/getNationalities"/><con:wsrmConfig version="1.2"/></con:call><con:call id="ae298dfa-7e87-4cb5-9d05-b3f2daf1e8bf" name="05 - Prod External - Request" outgoingWss="Outflow PROD" incomingWss="Inflow PROD"><con:settings><con:setting id="com.eviware.soapui.impl.wsdl.WsdlRequest@request-headers">&lt;xml-fragment/></con:setting></con:settings><con:encoding>UTF-8</con:encoding><con:endpoint>https://fidus.sec.brussels/services/CountryService_v1.0</con:endpoint><con:request><![CDATA[<soapenv:Envelope xmlns:soapenv="http://schemas.xmlsoap.org/soap/envelope/" xmlns:v1="http://fidus.brussels/service/countryservice/messages/v1" xmlns:v11="http://fidus.brussels/type/common/messages/v1">
   <soapenv:Header/>
   <soapenv:Body>
      <v1:getNationalitiesRequest>
         <v1:messageContext>
            <v11:messageId>${=import static java.util.UUID.randomUUID; uuid = randomUUID() as String}</v11:messageId>
            <!--Optional:-->
            <v11:timestamp>${=new java.text.SimpleDateFormat("yyyy-MM-dd'T'HH:mm:ss.SSS").format(new Date())}</v11:timestamp>
         </v1:messageContext>
         <v1:legalContext>ServiceIntegrator</v1:legalContext>
         <v1:request>
            <!--Optional:-->
            <v1:referenceDate>2016-10-13</v1:referenceDate>
         </v1:request>
      </v1:getNationalitiesRequest>
   </soapenv:Body>
</soapenv:Envelope>]]></con:request><con:credentials><con:selectedAuthProfile>Basic</con:selectedAuthProfile><con:addedBasicAuthenticationTypes>Basic</con:addedBasicAuthenticationTypes><con:authType>Global HTTP Settings</con:authType></con:credentials><con:jmsConfig JMSDeliveryMode="PERSISTENT"/><con:jmsPropertyConfig/><con:wsaConfig mustUnderstand="NONE" version="200508" action="http://fidus.brussels/services/countryservice/getNationalities"/><con:wsrmConfig version="1.2"/></con:call></con:operation><con:operation id="7f96bd90-64d9-48aa-b986-c463e45d38ba" isOneWay="false" action="http://fidus.brussels/services/countryservice/getNationality" name="getNationality" bindingOperationName="getNationality" type="Request-Response" inputName="" receivesAttachments="false" sendsAttachments="false" anonymous="optional"><con:settings/><con:call id="a69e535e-37da-4d8d-abde-ee0223694e51" name="01 - Local - Request-Nis_num3_103" outgoingWss="Outflow DEV" incomingWss="Inflow DEV"><con:settings><con:setting id="com.eviware.soapui.impl.wsdl.WsdlRequest@request-headers">&lt;xml-fragment/></con:setting></con:settings><con:encoding>UTF-8</con:encoding><con:endpoint>https://localhost:8243/services/CountryService_v1.0</con:endpoint><con:request><![CDATA[<soapenv:Envelope xmlns:soapenv="http://schemas.xmlsoap.org/soap/envelope/" xmlns:v1="http://fidus.brussels/service/countryservice/messages/v1" xmlns:v11="http://fidus.brussels/type/common/messages/v1" xmlns:v12="http://fsb.belgium.be/mappingServices/countryService/messages/v1_00">
   <soapenv:Header/>
   <soapenv:Body>
      <v1:getNationalityRequest>
         <v1:messageContext>
            <v11:messageId>${=import static java.util.UUID.randomUUID; uuid = randomUUID() as String}</v11:messageId>
            <!--Optional:-->
            <v11:timestamp>${=new java.text.SimpleDateFormat("yyyy-MM-dd'T'HH:mm:ss.SSS").format(new Date())}</v11:timestamp>
         </v1:messageContext>
         <v1:legalContext>ServiceIntegrator</v1:legalContext>
         <v1:request>
            <!--You have a CHOICE of the next 4 items at this level-->
            <!--
            <v12:iso-alpha2 startDate="?" endDate="?" status="?">?</v12:iso-alpha2>
            <v12:iso-alpha3 startDate="?" endDate="?" status="?">?</v12:iso-alpha3>
            <v12:iso-num3 startDate="?" endDate="?" status="?">?</v12:iso-num3>
            <v12:nis-num3 startDate="?" endDate="?" status="?">?</v12:nis-num3>
            <v12:nis-num3>103</v12:nis-num3>
            -->
             <v12:nis-num3>103</v12:nis-num3>
           
         </v1:request>
      </v1:getNationalityRequest>
   </soapenv:Body>
</soapenv:Envelope>]]></con:request><con:credentials><con:selectedAuthProfile>Basic</con:selectedAuthProfile><con:addedBasicAuthenticationTypes>Basic</con:addedBasicAuthenticationTypes><con:authType>Global HTTP Settings</con:authType></con:credentials><con:jmsConfig JMSDeliveryMode="PERSISTENT"/><con:jmsPropertyConfig/><con:wsaConfig mustUnderstand="NONE" version="200508" action="http://fidus.brussels/services/countryservice/getNationality"/><con:wsrmConfig version="1.2"/></con:call><con:call id="b69c7dfc-8cfc-4975-a73b-45c12818fe41" name="01 - Local - Request-Invalid_nisCode" outgoingWss="Outflow DEV" incomingWss="Inflow DEV"><con:settings><con:setting id="com.eviware.soapui.impl.wsdl.WsdlRequest@request-headers">&lt;xml-fragment/></con:setting></con:settings><con:encoding>UTF-8</con:encoding><con:endpoint>https://localhost:8243/services/CountryService_v1.0</con:endpoint><con:request><![CDATA[<soapenv:Envelope xmlns:soapenv="http://schemas.xmlsoap.org/soap/envelope/" xmlns:v1="http://fidus.brussels/service/countryservice/messages/v1" xmlns:v11="http://fidus.brussels/type/common/messages/v1" xmlns:v12="http://fsb.belgium.be/mappingServices/countryService/messages/v1_00">
   <soapenv:Header/>
   <soapenv:Body>
      <v1:getNationalityRequest>
         <v1:messageContext>
            <v11:messageId>${=import static java.util.UUID.randomUUID; uuid = randomUUID() as String}</v11:messageId>
            <!--Optional:-->
            <v11:timestamp>${=new java.text.SimpleDateFormat("yyyy-MM-dd'T'HH:mm:ss.SSS").format(new Date())}</v11:timestamp>
         </v1:messageContext>
         <v1:legalContext>ServiceIntegrator</v1:legalContext>
         <v1:request>
            <!--You have a CHOICE of the next 4 items at this level-->
            <!--
            <v12:iso-alpha2 startDate="?" endDate="?" status="?">?</v12:iso-alpha2>
            <v12:iso-alpha3 startDate="?" endDate="?" status="?">?</v12:iso-alpha3>
            <v12:iso-num3 startDate="?" endDate="?" status="?">?</v12:iso-num3>
            <v12:nis-num3 startDate="?" endDate="?" status="?">?</v12:nis-num3>
            -->
            <v12:nis-num3>999</v12:nis-num3>
         </v1:request>
      </v1:getNationalityRequest>
   </soapenv:Body>
</soapenv:Envelope>]]></con:request><con:credentials><con:selectedAuthProfile>Basic</con:selectedAuthProfile><con:addedBasicAuthenticationTypes>Basic</con:addedBasicAuthenticationTypes><con:authType>Global HTTP Settings</con:authType></con:credentials><con:jmsConfig JMSDeliveryMode="PERSISTENT"/><con:jmsPropertyConfig/><con:wsaConfig mustUnderstand="NONE" version="200508" action="http://fidus.brussels/services/countryservice/getNationality"/><con:wsrmConfig version="1.2"/></con:call><con:call id="ffbb4fc0-3537-4bcc-809c-b1d48751c6c1" name="01 - Local - Request-iso_alpha3_FRA" outgoingWss="Outflow DEV" incomingWss="Inflow DEV"><con:settings><con:setting id="com.eviware.soapui.impl.wsdl.WsdlRequest@request-headers">&lt;xml-fragment/></con:setting></con:settings><con:encoding>UTF-8</con:encoding><con:endpoint>https://localhost:8243/services/CountryService_v1.0</con:endpoint><con:request><![CDATA[<soapenv:Envelope xmlns:soapenv="http://schemas.xmlsoap.org/soap/envelope/" xmlns:v1="http://fidus.brussels/service/countryservice/messages/v1" xmlns:v11="http://fidus.brussels/type/common/messages/v1" xmlns:v12="http://fsb.belgium.be/mappingServices/countryService/messages/v1_00">
   <soapenv:Header/>
   <soapenv:Body>
      <v1:getNationalityRequest>
         <v1:messageContext>
            <v11:messageId>${=import static java.util.UUID.randomUUID; uuid = randomUUID() as String}</v11:messageId>
            <!--Optional:-->
            <v11:timestamp>${=new java.text.SimpleDateFormat("yyyy-MM-dd'T'HH:mm:ss.SSS").format(new Date())}</v11:timestamp>
         </v1:messageContext>
         <v1:legalContext>ServiceIntegrator</v1:legalContext>
         <v1:request>                       
             <v12:iso-alpha3>FRA</v12:iso-alpha3>           
         </v1:request>
      </v1:getNationalityRequest>
   </soapenv:Body>
</soapenv:Envelope>]]></con:request><con:credentials><con:selectedAuthProfile>Basic</con:selectedAuthProfile><con:addedBasicAuthenticationTypes>Basic</con:addedBasicAuthenticationTypes><con:authType>Global HTTP Settings</con:authType></con:credentials><con:jmsConfig JMSDeliveryMode="PERSISTENT"/><con:jmsPropertyConfig/><con:wsaConfig mustUnderstand="NONE" version="200508" action="http://fidus.brussels/services/countryservice/getNationality"/><con:wsrmConfig version="1.2"/></con:call><con:call id="7136946d-52ad-420f-aaab-604d34366048" name="03 - Test Worker1 - Request-Nis_num3_103" outgoingWss="Outflow TEST" incomingWss="Inflow TEST"><con:settings><con:setting id="com.eviware.soapui.impl.wsdl.WsdlRequest@request-headers">&lt;xml-fragment/></con:setting></con:settings><con:encoding>UTF-8</con:encoding><con:endpoint>https://192.168.24.16:8443/services/CountryService_v1.0</con:endpoint><con:request><![CDATA[<soapenv:Envelope xmlns:soapenv="http://schemas.xmlsoap.org/soap/envelope/" xmlns:v1="http://fidus.brussels/service/countryservice/messages/v1" xmlns:v11="http://fidus.brussels/type/common/messages/v1" xmlns:v12="http://fsb.belgium.be/mappingServices/countryService/messages/v1_00">
   <soapenv:Header/>
   <soapenv:Body>
      <v1:getNationalityRequest>
         <v1:messageContext>
         	  <v11:messageId>${=import static java.util.UUID.randomUUID; uuid = randomUUID() as String}</v11:messageId>
            <v11:timestamp>${=new java.text.SimpleDateFormat("yyyy-MM-dd'T'HH:mm:ss.SSS").format(new Date())}</v11:timestamp>
         </v1:messageContext>
         <v1:legalContext>ServiceIntegrator</v1:legalContext>
         <v1:request>
            <!--You have a CHOICE of the next 4 items at this level-->
            <v12:iso-alpha2>BE</v12:iso-alpha2>           
         </v1:request>
      </v1:getNationalityRequest>
   </soapenv:Body>
</soapenv:Envelope>
]]></con:request><con:credentials><con:selectedAuthProfile>Basic</con:selectedAuthProfile><con:addedBasicAuthenticationTypes>Basic</con:addedBasicAuthenticationTypes><con:authType>Global HTTP Settings</con:authType></con:credentials><con:jmsConfig JMSDeliveryMode="PERSISTENT"/><con:jmsPropertyConfig/><con:wsaConfig mustUnderstand="NONE" version="200508" action="http://fidus.brussels/services/countryservice/getNationality"/><con:wsrmConfig version="1.2"/></con:call><con:call id="89501300-258a-415e-91ef-af8aa01d1c84" name="03 - Test Worker1 -Request" outgoingWss="Outflow TEST" incomingWss="Inflow TEST"><con:settings><con:setting id="com.eviware.soapui.impl.wsdl.WsdlRequest@request-headers">&lt;xml-fragment/></con:setting></con:settings><con:encoding>UTF-8</con:encoding><con:endpoint>https://192.168.24.16:8443/services/CountryService_v1.0</con:endpoint><con:request><![CDATA[<soapenv:Envelope xmlns:soapenv="http://schemas.xmlsoap.org/soap/envelope/" xmlns:v1="http://fidus.brussels/service/countryservice/messages/v1" xmlns:v11="http://fidus.brussels/type/common/messages/v1" xmlns:v12="http://fsb.belgium.be/mappingServices/countryService/messages/v1_00">
   <soapenv:Header/>
   <soapenv:Body>
      <v1:getNationalityRequest>
         <v1:messageContext>
         	  <v11:messageId>${=import static java.util.UUID.randomUUID; uuid = randomUUID() as String}</v11:messageId>
            <v11:timestamp>${=new java.text.SimpleDateFormat("yyyy-MM-dd'T'HH:mm:ss.SSS").format(new Date())}</v11:timestamp>
         </v1:messageContext>
         <v1:legalContext>ServiceIntegrator</v1:legalContext>
         <v1:request>
            <!--You have a CHOICE of the next 4 items at this level-->
            <v12:iso-alpha2>BE</v12:iso-alpha2>          
         </v1:request>
      </v1:getNationalityRequest>
   </soapenv:Body>
</soapenv:Envelope>]]></con:request><con:credentials><con:selectedAuthProfile>Basic</con:selectedAuthProfile><con:addedBasicAuthenticationTypes>Basic</con:addedBasicAuthenticationTypes><con:authType>Global HTTP Settings</con:authType></con:credentials><con:jmsConfig JMSDeliveryMode="PERSISTENT"/><con:jmsPropertyConfig/><con:wsaConfig mustUnderstand="NONE" version="200508" action="http://fidus.brussels/services/countryservice/getNationality"/><con:wsrmConfig version="1.2"/></con:call><con:call id="6d63a60a-ba5a-4124-94d7-2d4c50976161" name="02 - Dev - Request-iso_alpha3_FRA" outgoingWss="Outflow DEV" incomingWss="Inflow DEV"><con:settings><con:setting id="com.eviware.soapui.impl.wsdl.WsdlRequest@request-headers">&lt;xml-fragment/></con:setting></con:settings><con:encoding>UTF-8</con:encoding><con:endpoint>https://192.168.36.61:8243/services/CountryService_v1.0</con:endpoint><con:request><![CDATA[<soapenv:Envelope xmlns:soapenv="http://schemas.xmlsoap.org/soap/envelope/" xmlns:v1="http://fidus.brussels/service/countryservice/messages/v1" xmlns:v11="http://fidus.brussels/type/common/messages/v1" xmlns:v12="http://fsb.belgium.be/mappingServices/countryService/messages/v1_00">
   <soapenv:Header/>
   <soapenv:Body>
      <v1:getNationalityRequest>
         <v1:messageContext>
            <v11:messageId>${=import static java.util.UUID.randomUUID; uuid = randomUUID() as String}</v11:messageId>
            <!--Optional:-->
            <v11:timestamp>${=new java.text.SimpleDateFormat("yyyy-MM-dd'T'HH:mm:ss.SSS").format(new Date())}</v11:timestamp>
         </v1:messageContext>
         <v1:legalContext>ServiceIntegrator</v1:legalContext>
         <v1:request>
            <!--You have a CHOICE of the next 4 items at this level-->
            <!--
            <v12:iso-alpha2 startDate="?" endDate="?" status="?">?</v12:iso-alpha2>
            <v12:iso-alpha3 startDate="?" endDate="?" status="?">?</v12:iso-alpha3>
            <v12:iso-num3 startDate="?" endDate="?" status="?">?</v12:iso-num3>
            <v12:nis-num3 startDate="?" endDate="?" status="?">?</v12:nis-num3> 
            -->             
             <v12:iso-alpha3>FRA</v12:iso-alpha3>           
         </v1:request>
      </v1:getNationalityRequest>
   </soapenv:Body>
</soapenv:Envelope>]]></con:request><con:credentials><con:selectedAuthProfile>Basic</con:selectedAuthProfile><con:addedBasicAuthenticationTypes>Basic</con:addedBasicAuthenticationTypes><con:authType>Global HTTP Settings</con:authType></con:credentials><con:jmsConfig JMSDeliveryMode="PERSISTENT"/><con:jmsPropertyConfig/><con:wsaConfig mustUnderstand="NONE" version="200508" action="http://fidus.brussels/services/countryservice/getNationality"/><con:wsrmConfig version="1.2"/></con:call><con:call id="0309d10a-b73a-49ad-8a03-16b9559732c6" name="03 - Test Worker2 -Request" outgoingWss="Outflow TEST" incomingWss="Inflow TEST"><con:settings><con:setting id="com.eviware.soapui.impl.wsdl.WsdlRequest@request-headers">&lt;xml-fragment/></con:setting></con:settings><con:encoding>UTF-8</con:encoding><con:endpoint>https://192.168.24.17:8443/services/CountryService_v1.0</con:endpoint><con:request><![CDATA[<soapenv:Envelope xmlns:soapenv="http://schemas.xmlsoap.org/soap/envelope/" xmlns:v1="http://fidus.brussels/service/countryservice/messages/v1" xmlns:v11="http://fidus.brussels/type/common/messages/v1" xmlns:v12="http://fsb.belgium.be/mappingServices/countryService/messages/v1_00">
   <soapenv:Header/>
   <soapenv:Body>
      <v1:getNationalityRequest>
         <v1:messageContext>
         	  <v11:messageId>${=import static java.util.UUID.randomUUID; uuid = randomUUID() as String}</v11:messageId>
            <v11:timestamp>${=new java.text.SimpleDateFormat("yyyy-MM-dd'T'HH:mm:ss.SSS").format(new Date())}</v11:timestamp>
         </v1:messageContext>
         <v1:legalContext>ServiceIntegrator</v1:legalContext>
         <v1:request>
            <!--You have a CHOICE of the next 4 items at this level-->
            <v12:iso-alpha2>BE</v12:iso-alpha2>          
         </v1:request>
      </v1:getNationalityRequest>
   </soapenv:Body>
</soapenv:Envelope>]]></con:request><con:credentials><con:selectedAuthProfile>Basic</con:selectedAuthProfile><con:addedBasicAuthenticationTypes>Basic</con:addedBasicAuthenticationTypes><con:authType>Global HTTP Settings</con:authType></con:credentials><con:jmsConfig JMSDeliveryMode="PERSISTENT"/><con:jmsPropertyConfig/><con:wsaConfig mustUnderstand="NONE" version="200508" action="http://fidus.brussels/services/countryservice/getNationality"/><con:wsrmConfig version="1.2"/></con:call><con:call id="e420270b-db3a-42ff-8fe3-56b5265cadf2" name="03 - Test External -Request" outgoingWss="Outflow TEST" incomingWss="Inflow TEST"><con:settings><con:setting id="com.eviware.soapui.impl.wsdl.WsdlRequest@request-headers">&lt;xml-fragment/></con:setting></con:settings><con:encoding>UTF-8</con:encoding><con:endpoint>https://fidus-test.irisnetlab.be/services/CountryService_v1.0</con:endpoint><con:request><![CDATA[<soapenv:Envelope xmlns:soapenv="http://schemas.xmlsoap.org/soap/envelope/" xmlns:v1="http://fidus.brussels/service/countryservice/messages/v1" xmlns:v11="http://fidus.brussels/type/common/messages/v1" xmlns:v12="http://fsb.belgium.be/mappingServices/countryService/messages/v1_00">
   <soapenv:Header/>
   <soapenv:Body>
      <v1:getNationalityRequest>
         <v1:messageContext>
         	  <v11:messageId>${=import static java.util.UUID.randomUUID; uuid = randomUUID() as String}</v11:messageId>
            <v11:timestamp>${=new java.text.SimpleDateFormat("yyyy-MM-dd'T'HH:mm:ss.SSS").format(new Date())}</v11:timestamp>
         </v1:messageContext>
         <v1:legalContext>ServiceIntegrator</v1:legalContext>
         <v1:request>
            <!--You have a CHOICE of the next 4 items at this level-->
            <v12:iso-alpha2>BE</v12:iso-alpha2>          
         </v1:request>
      </v1:getNationalityRequest>
   </soapenv:Body>
</soapenv:Envelope>]]></con:request><con:credentials><con:selectedAuthProfile>Basic</con:selectedAuthProfile><con:addedBasicAuthenticationTypes>Basic</con:addedBasicAuthenticationTypes><con:authType>Global HTTP Settings</con:authType></con:credentials><con:jmsConfig JMSDeliveryMode="PERSISTENT"/><con:jmsPropertyConfig/><con:wsaConfig mustUnderstand="NONE" version="200508" action="http://fidus.brussels/services/countryservice/getNationality"/><con:wsrmConfig version="1.2"/></con:call><con:call id="323838ee-ac60-4db1-ada8-67954bb4ed9e" name="03 - Test LB -Request" outgoingWss="Outflow TEST" incomingWss="Inflow TEST"><con:settings><con:setting id="com.eviware.soapui.impl.wsdl.WsdlRequest@request-headers">&lt;xml-fragment/></con:setting></con:settings><con:encoding>UTF-8</con:encoding><con:endpoint>https://fidus-esb-sg.sta.srv.cirb.lan:8443/services/CountryService_v1.0</con:endpoint><con:request><![CDATA[<soapenv:Envelope xmlns:soapenv="http://schemas.xmlsoap.org/soap/envelope/" xmlns:v1="http://fidus.brussels/service/countryservice/messages/v1" xmlns:v11="http://fidus.brussels/type/common/messages/v1" xmlns:v12="http://fsb.belgium.be/mappingServices/countryService/messages/v1_00">
   <soapenv:Header/>
   <soapenv:Body>
      <v1:getNationalityRequest>
         <v1:messageContext>
         	  <v11:messageId>${=import static java.util.UUID.randomUUID; uuid = randomUUID() as String}</v11:messageId>
            <v11:timestamp>${=new java.text.SimpleDateFormat("yyyy-MM-dd'T'HH:mm:ss.SSS").format(new Date())}</v11:timestamp>
         </v1:messageContext>
         <v1:legalContext>ServiceIntegrator</v1:legalContext>
         <v1:request>
            <!--You have a CHOICE of the next 4 items at this level-->
            <v12:iso-alpha2>BE</v12:iso-alpha2>          
         </v1:request>
      </v1:getNationalityRequest>
   </soapenv:Body>
</soapenv:Envelope>]]></con:request><con:credentials><con:selectedAuthProfile>Basic</con:selectedAuthProfile><con:addedBasicAuthenticationTypes>Basic</con:addedBasicAuthenticationTypes><con:authType>Global HTTP Settings</con:authType></con:credentials><con:jmsConfig JMSDeliveryMode="PERSISTENT"/><con:jmsPropertyConfig/><con:wsaConfig mustUnderstand="NONE" version="200508" action="http://fidus.brussels/services/countryservice/getNationality"/><con:wsrmConfig version="1.2"/></con:call><con:call id="2219ece4-f42f-4d8e-bde9-06a1c89c26e3" name="02 - DevNew - Request-iso_alpha3_FRA" outgoingWss="Outflow DEV" incomingWss="Inflow DEV"><con:settings><con:setting id="com.eviware.soapui.impl.wsdl.WsdlRequest@request-headers">&lt;xml-fragment/></con:setting></con:settings><con:encoding>UTF-8</con:encoding><con:endpoint>https://192.168.36.75:8243/services/CountryService_v1.0</con:endpoint><con:request><![CDATA[<soapenv:Envelope xmlns:soapenv="http://schemas.xmlsoap.org/soap/envelope/" xmlns:v1="http://fidus.brussels/service/countryservice/messages/v1" xmlns:v11="http://fidus.brussels/type/common/messages/v1" xmlns:v12="http://fsb.belgium.be/mappingServices/countryService/messages/v1_00">
   <soapenv:Header/>
   <soapenv:Body>
      <v1:getNationalityRequest>
         <v1:messageContext>
            <v11:messageId>${=import static java.util.UUID.randomUUID; uuid = randomUUID() as String}</v11:messageId>
            <!--Optional:-->
            <v11:timestamp>${=new java.text.SimpleDateFormat("yyyy-MM-dd'T'HH:mm:ss.SSS").format(new Date())}</v11:timestamp>
         </v1:messageContext>
         <v1:legalContext>ServiceIntegrator</v1:legalContext>
         <v1:request>
            <!--You have a CHOICE of the next 4 items at this level-->
            <!--
            <v12:iso-alpha2 startDate="?" endDate="?" status="?">?</v12:iso-alpha2>
            <v12:iso-alpha3 startDate="?" endDate="?" status="?">?</v12:iso-alpha3>
            <v12:iso-num3 startDate="?" endDate="?" status="?">?</v12:iso-num3>
            <v12:nis-num3 startDate="?" endDate="?" status="?">?</v12:nis-num3> 
            -->             
             <v12:iso-alpha3>FRA</v12:iso-alpha3>           
         </v1:request>
      </v1:getNationalityRequest>
   </soapenv:Body>
</soapenv:Envelope>]]></con:request><con:credentials><con:selectedAuthProfile>Basic</con:selectedAuthProfile><con:addedBasicAuthenticationTypes>Basic</con:addedBasicAuthenticationTypes><con:authType>Global HTTP Settings</con:authType></con:credentials><con:jmsConfig JMSDeliveryMode="PERSISTENT"/><con:jmsPropertyConfig/><con:wsaConfig mustUnderstand="NONE" version="200508" action="http://fidus.brussels/services/countryservice/getNationality"/><con:wsrmConfig version="1.2"/></con:call><con:call id="cde2a278-028d-4200-92d0-9e1157dc5b6c" name="04 - Staging External -Request"><con:settings><con:setting id="com.eviware.soapui.impl.wsdl.WsdlRequest@request-headers">&lt;xml-fragment/></con:setting></con:settings><con:encoding>UTF-8</con:encoding><con:endpoint>https://fidus.irisnetlab.be/services/CountryService_v1.0</con:endpoint><con:request><![CDATA[<soapenv:Envelope xmlns:soapenv="http://schemas.xmlsoap.org/soap/envelope/" xmlns:v1="http://fidus.brussels/service/countryservice/messages/v1" xmlns:v11="http://fidus.brussels/type/common/messages/v1" xmlns:v12="http://fsb.belgium.be/mappingServices/countryService/messages/v1_00">
   <soapenv:Header/>
   <soapenv:Body>
      <v1:getNationalityRequest>
         <v1:messageContext>
         	  <v11:messageId>${=import static java.util.UUID.randomUUID; uuid = randomUUID() as String}</v11:messageId>
            <v11:timestamp>${=new java.text.SimpleDateFormat("yyyy-MM-dd'T'HH:mm:ss.SSS").format(new Date())}</v11:timestamp>
         </v1:messageContext>
         <v1:legalContext>ServiceIntegrator</v1:legalContext>
         <v1:request>
            <!--You have a CHOICE of the next 4 items at this level-->
            <v12:iso-alpha2>BE</v12:iso-alpha2>          
         </v1:request>
      </v1:getNationalityRequest>
   </soapenv:Body>
</soapenv:Envelope>]]></con:request><con:credentials><con:selectedAuthProfile>Basic</con:selectedAuthProfile><con:addedBasicAuthenticationTypes>Basic</con:addedBasicAuthenticationTypes><con:authType>Global HTTP Settings</con:authType></con:credentials><con:jmsConfig JMSDeliveryMode="PERSISTENT"/><con:jmsPropertyConfig/><con:wsaConfig mustUnderstand="NONE" version="200508" action="http://fidus.brussels/services/countryservice/getNationality"/><con:wsrmConfig version="1.2"/></con:call><con:call id="ad69bcd7-3128-4bd7-b237-65cfc3864b3e" name="05 - Prod External -Request"><con:settings><con:setting id="com.eviware.soapui.impl.wsdl.WsdlRequest@request-headers">&lt;xml-fragment/></con:setting></con:settings><con:encoding>UTF-8</con:encoding><con:endpoint>https://fidus.sec.brussels/services/CountryService_v1.0</con:endpoint><con:request><![CDATA[<soapenv:Envelope xmlns:soapenv="http://schemas.xmlsoap.org/soap/envelope/" xmlns:v1="http://fidus.brussels/service/countryservice/messages/v1" xmlns:v11="http://fidus.brussels/type/common/messages/v1" xmlns:v12="http://fsb.belgium.be/mappingServices/countryService/messages/v1_00">
   <soapenv:Header/>
   <soapenv:Body>
      <v1:getNationalityRequest>
         <v1:messageContext>
         	  <v11:messageId>${=import static java.util.UUID.randomUUID; uuid = randomUUID() as String}</v11:messageId>
            <v11:timestamp>${=new java.text.SimpleDateFormat("yyyy-MM-dd'T'HH:mm:ss.SSS").format(new Date())}</v11:timestamp>
         </v1:messageContext>
         <v1:legalContext>ServiceIntegrator</v1:legalContext>
         <v1:request>
            <!--You have a CHOICE of the next 4 items at this level-->
            <v12:iso-alpha2>BE</v12:iso-alpha2>          
         </v1:request>
      </v1:getNationalityRequest>
   </soapenv:Body>
</soapenv:Envelope>]]></con:request><con:credentials><con:selectedAuthProfile>Basic</con:selectedAuthProfile><con:addedBasicAuthenticationTypes>Basic</con:addedBasicAuthenticationTypes><con:authType>Global HTTP Settings</con:authType></con:credentials><con:jmsConfig JMSDeliveryMode="PERSISTENT"/><con:jmsPropertyConfig/><con:wsaConfig mustUnderstand="NONE" version="200508" action="http://fidus.brussels/services/countryservice/getNationality"/><con:wsrmConfig version="1.2"/></con:call></con:operation><con:operation id="0db5af1f-8e5d-4890-a361-1a8d8426f578" isOneWay="false" action="http://fidus.brussels/services/countryservice/getNationalityHistory" name="getNationalityHistory" bindingOperationName="getNationalityHistory" type="Request-Response" inputName="" receivesAttachments="false" sendsAttachments="false" anonymous="optional"><con:settings/><con:call id="8e3fd268-390d-4b01-a936-2a0b2762e9f7" name="01 - Local - Request" outgoingWss="Outflow DEV" incomingWss="Inflow DEV"><con:settings><con:setting id="com.eviware.soapui.impl.wsdl.WsdlRequest@request-headers">&lt;xml-fragment/></con:setting></con:settings><con:encoding>UTF-8</con:encoding><con:endpoint>https://localhost:8243/services/CountryService_v1.0</con:endpoint><con:request><![CDATA[<soapenv:Envelope xmlns:soapenv="http://schemas.xmlsoap.org/soap/envelope/" xmlns:v1="http://fidus.brussels/service/countryservice/messages/v1" xmlns:v11="http://fidus.brussels/type/common/messages/v1" xmlns:v12="http://fsb.belgium.be/mappingServices/countryService/messages/v1_00">
   <soapenv:Header/>
   <soapenv:Body>
      <v1:getNationalityHistoryRequest>
         <v1:messageContext>
            <v11:messageId>${=import static java.util.UUID.randomUUID; uuid = randomUUID() as String}</v11:messageId>
            <!--Optional:-->
            <v11:timestamp>${=new java.text.SimpleDateFormat("yyyy-MM-dd'T'HH:mm:ss.SSS").format(new Date())}</v11:timestamp>
         </v1:messageContext>
         <v1:legalContext>ServiceIntegrator</v1:legalContext>
         <v1:request>
            <v12:iso-alpha3>FRA</v12:iso-alpha3>
            <!--Optional:-->
            <v12:referenceDate>2016-10-16</v12:referenceDate>
         </v1:request>
      </v1:getNationalityHistoryRequest>
   </soapenv:Body>
</soapenv:Envelope>]]></con:request><con:credentials><con:selectedAuthProfile>Basic</con:selectedAuthProfile><con:addedBasicAuthenticationTypes>Basic</con:addedBasicAuthenticationTypes><con:authType>Global HTTP Settings</con:authType></con:credentials><con:jmsConfig JMSDeliveryMode="PERSISTENT"/><con:jmsPropertyConfig/><con:wsaConfig mustUnderstand="NONE" version="200508" action="http://fidus.brussels/services/countryservice/getNationalityHistory"/><con:wsrmConfig version="1.2"/></con:call><con:call id="3a97ff03-9d0a-46bf-88ff-e6e2f88ec208" name="01 - Local - Request-Invalid_iso_alpha3" outgoingWss="Outflow DEV" incomingWss="Inflow TEST"><con:settings><con:setting id="com.eviware.soapui.impl.wsdl.WsdlRequest@request-headers">&lt;xml-fragment/></con:setting></con:settings><con:encoding>UTF-8</con:encoding><con:endpoint>https://localhost:8243/services/CountryService_v1.0</con:endpoint><con:request><![CDATA[<soapenv:Envelope xmlns:soapenv="http://schemas.xmlsoap.org/soap/envelope/" xmlns:v1="http://fidus.brussels/service/countryservice/messages/v1" xmlns:v11="http://fidus.brussels/type/common/messages/v1" xmlns:v12="http://fsb.belgium.be/mappingServices/countryService/messages/v1_00">
   <soapenv:Header/>
   <soapenv:Body>
      <v1:getNationalityHistoryRequest>
         <v1:messageContext>
            <v11:messageId>${=import static java.util.UUID.randomUUID; uuid = randomUUID() as String}</v11:messageId>
            <!--Optional:-->
            <v11:timestamp>${=new java.text.SimpleDateFormat("yyyy-MM-dd'T'HH:mm:ss.SSS").format(new Date())}</v11:timestamp>
         </v1:messageContext>
         <v1:legalContext>ServiceIntegrator</v1:legalContext>
         <v1:request>
            <v12:iso-alpha3>XXX</v12:iso-alpha3>
            <!--Optional:-->
            <v12:referenceDate>2016-10-16</v12:referenceDate>
         </v1:request>
      </v1:getNationalityHistoryRequest>
   </soapenv:Body>
</soapenv:Envelope>]]></con:request><con:credentials><con:selectedAuthProfile>Basic</con:selectedAuthProfile><con:addedBasicAuthenticationTypes>Basic</con:addedBasicAuthenticationTypes><con:authType>Global HTTP Settings</con:authType></con:credentials><con:jmsConfig JMSDeliveryMode="PERSISTENT"/><con:jmsPropertyConfig/><con:wsaConfig mustUnderstand="NONE" version="200508" action="http://fidus.brussels/services/countryservice/getNationalityHistory"/><con:wsrmConfig version="1.2"/></con:call><con:call id="34f0393c-0b9c-47a6-a5b7-321bb86c65fe" name="02 - Dev - Request" outgoingWss="Outflow DEV" incomingWss="Inflow DEV"><con:settings><con:setting id="com.eviware.soapui.impl.wsdl.WsdlRequest@request-headers">&lt;xml-fragment/></con:setting></con:settings><con:encoding>UTF-8</con:encoding><con:endpoint>https://192.168.36.61:8243/services/CountryService_v1.0</con:endpoint><con:request><![CDATA[<soapenv:Envelope xmlns:soapenv="http://schemas.xmlsoap.org/soap/envelope/" xmlns:v1="http://fidus.brussels/service/countryservice/messages/v1" xmlns:v11="http://fidus.brussels/type/common/messages/v1" xmlns:v12="http://fsb.belgium.be/mappingServices/countryService/messages/v1_00">
   <soapenv:Header/>
   <soapenv:Body>
      <v1:getNationalityHistoryRequest>
         <v1:messageContext>
            <v11:messageId>${=import static java.util.UUID.randomUUID; uuid = randomUUID() as String}</v11:messageId>
            <!--Optional:-->
            <v11:timestamp>${=new java.text.SimpleDateFormat("yyyy-MM-dd'T'HH:mm:ss.SSS").format(new Date())}</v11:timestamp>
         </v1:messageContext>
         <v1:legalContext>ServiceIntegrator</v1:legalContext>
         <v1:request>
            <v12:iso-alpha3>FRA</v12:iso-alpha3>                      
         </v1:request>
      </v1:getNationalityHistoryRequest>
   </soapenv:Body>
</soapenv:Envelope>]]></con:request><con:credentials><con:selectedAuthProfile>Basic</con:selectedAuthProfile><con:addedBasicAuthenticationTypes>Basic</con:addedBasicAuthenticationTypes><con:authType>Global HTTP Settings</con:authType></con:credentials><con:jmsConfig JMSDeliveryMode="PERSISTENT"/><con:jmsPropertyConfig/><con:wsaConfig mustUnderstand="NONE" version="200508" action="http://fidus.brussels/services/countryservice/getNationalityHistory"/><con:wsrmConfig version="1.2"/></con:call><con:call id="8c846c1b-013c-4cbd-9214-75a7185e28ef" name="03 - Test External - Request" outgoingWss="Outflow TEST" incomingWss="Inflow TEST"><con:settings><con:setting id="com.eviware.soapui.impl.wsdl.WsdlRequest@request-headers">&lt;xml-fragment/></con:setting></con:settings><con:encoding>UTF-8</con:encoding><con:endpoint>https://fidus-test.irisnetlab.be/services/CountryService_v1.0</con:endpoint><con:request><![CDATA[<soapenv:Envelope xmlns:soapenv="http://schemas.xmlsoap.org/soap/envelope/" xmlns:v1="http://fidus.brussels/service/countryservice/messages/v1" xmlns:v11="http://fidus.brussels/type/common/messages/v1" xmlns:v12="http://fsb.belgium.be/mappingServices/countryService/messages/v1_00">
   <soapenv:Header/>
   <soapenv:Body>
      <v1:getNationalityHistoryRequest>
         <v1:messageContext>
            <v11:messageId>${=import static java.util.UUID.randomUUID; uuid = randomUUID() as String}</v11:messageId>
            <!--Optional:-->
            <v11:timestamp>${=new java.text.SimpleDateFormat("yyyy-MM-dd'T'HH:mm:ss.SSS").format(new Date())}</v11:timestamp>
         </v1:messageContext>
         <v1:legalContext>ServiceIntegrator</v1:legalContext>
         <v1:request>
            <v12:iso-alpha3>FRA</v12:iso-alpha3>
            <!--Optional:-->
            <v12:referenceDate>2016-10-16</v12:referenceDate>
         </v1:request>
      </v1:getNationalityHistoryRequest>
   </soapenv:Body>
</soapenv:Envelope>]]></con:request><con:credentials><con:selectedAuthProfile>Basic</con:selectedAuthProfile><con:addedBasicAuthenticationTypes>Basic</con:addedBasicAuthenticationTypes><con:authType>Global HTTP Settings</con:authType></con:credentials><con:jmsConfig JMSDeliveryMode="PERSISTENT"/><con:jmsPropertyConfig/><con:wsaConfig mustUnderstand="NONE" version="200508" action="http://fidus.brussels/services/countryservice/getNationalityHistory"/><con:wsrmConfig version="1.2"/></con:call><con:call id="ec4d93ec-d219-45ee-8215-7c5da0dbff17" name="03 - Test LB - Request" outgoingWss="Outflow TEST" incomingWss="Inflow TEST"><con:settings><con:setting id="com.eviware.soapui.impl.wsdl.WsdlRequest@request-headers">&lt;xml-fragment/></con:setting></con:settings><con:encoding>UTF-8</con:encoding><con:endpoint>https://fidus-esb-sg.sta.srv.cirb.lan:8443/services/CountryService_v1.0</con:endpoint><con:request><![CDATA[<soapenv:Envelope xmlns:soapenv="http://schemas.xmlsoap.org/soap/envelope/" xmlns:v1="http://fidus.brussels/service/countryservice/messages/v1" xmlns:v11="http://fidus.brussels/type/common/messages/v1" xmlns:v12="http://fsb.belgium.be/mappingServices/countryService/messages/v1_00">
   <soapenv:Header/>
   <soapenv:Body>
      <v1:getNationalityHistoryRequest>
         <v1:messageContext>
            <v11:messageId>${=import static java.util.UUID.randomUUID; uuid = randomUUID() as String}</v11:messageId>
            <!--Optional:-->
            <v11:timestamp>${=new java.text.SimpleDateFormat("yyyy-MM-dd'T'HH:mm:ss.SSS").format(new Date())}</v11:timestamp>
         </v1:messageContext>
         <v1:legalContext>ServiceIntegrator</v1:legalContext>
         <v1:request>
            <v12:iso-alpha3>NLD</v12:iso-alpha3>
            <!--Optional:-->
            <v12:referenceDate>2016-10-16</v12:referenceDate>
         </v1:request>
      </v1:getNationalityHistoryRequest>
   </soapenv:Body>
</soapenv:Envelope>]]></con:request><con:credentials><con:selectedAuthProfile>Basic</con:selectedAuthProfile><con:addedBasicAuthenticationTypes>Basic</con:addedBasicAuthenticationTypes><con:authType>Global HTTP Settings</con:authType></con:credentials><con:jmsConfig JMSDeliveryMode="PERSISTENT"/><con:jmsPropertyConfig/><con:wsaConfig mustUnderstand="NONE" version="200508" action="http://fidus.brussels/services/countryservice/getNationalityHistory"/><con:wsrmConfig version="1.2"/></con:call><con:call id="3a2c588e-1342-42e8-a33b-269ada28061d" name="03 - Test Worker1 - Request" outgoingWss="Outflow TEST" incomingWss="Inflow TEST"><con:settings><con:setting id="com.eviware.soapui.impl.wsdl.WsdlRequest@request-headers">&lt;xml-fragment/></con:setting></con:settings><con:encoding>UTF-8</con:encoding><con:endpoint>https://192.168.24.16:8443/services/CountryService_v1.0</con:endpoint><con:request><![CDATA[<soapenv:Envelope xmlns:soapenv="http://schemas.xmlsoap.org/soap/envelope/" xmlns:v1="http://fidus.brussels/service/countryservice/messages/v1" xmlns:v11="http://fidus.brussels/type/common/messages/v1" xmlns:v12="http://fsb.belgium.be/mappingServices/countryService/messages/v1_00">
   <soapenv:Header/>
   <soapenv:Body>
      <v1:getNationalityHistoryRequest>
         <v1:messageContext>
            <v11:messageId>${=import static java.util.UUID.randomUUID; uuid = randomUUID() as String}</v11:messageId>
            <!--Optional:-->
            <v11:timestamp>${=new java.text.SimpleDateFormat("yyyy-MM-dd'T'HH:mm:ss.SSS").format(new Date())}</v11:timestamp>
         </v1:messageContext>
         <v1:legalContext>ServiceIntegrator</v1:legalContext>
         <v1:request>
            <v12:iso-alpha3>AUS</v12:iso-alpha3>
            <!--Optional:-->
            <!--<v12:referenceDate>2016-10-16</v12:referenceDate>-->
         </v1:request>
      </v1:getNationalityHistoryRequest>
   </soapenv:Body>
</soapenv:Envelope>]]></con:request><con:credentials><con:selectedAuthProfile>Basic</con:selectedAuthProfile><con:addedBasicAuthenticationTypes>Basic</con:addedBasicAuthenticationTypes><con:authType>Global HTTP Settings</con:authType></con:credentials><con:jmsConfig JMSDeliveryMode="PERSISTENT"/><con:jmsPropertyConfig/><con:wsaConfig mustUnderstand="NONE" version="200508" action="http://fidus.brussels/services/countryservice/getNationalityHistory"/><con:wsrmConfig version="1.2"/></con:call><con:call id="4516608b-c07e-4d25-9363-b48db8810782" name="03 - Test Worker2 - Request" outgoingWss="Outflow TEST" incomingWss="Inflow TEST"><con:settings><con:setting id="com.eviware.soapui.impl.wsdl.WsdlRequest@request-headers">&lt;xml-fragment/></con:setting></con:settings><con:encoding>UTF-8</con:encoding><con:endpoint>https://192.168.24.17:8443/services/CountryService_v1.0</con:endpoint><con:request><![CDATA[<soapenv:Envelope xmlns:soapenv="http://schemas.xmlsoap.org/soap/envelope/" xmlns:v1="http://fidus.brussels/service/countryservice/messages/v1" xmlns:v11="http://fidus.brussels/type/common/messages/v1" xmlns:v12="http://fsb.belgium.be/mappingServices/countryService/messages/v1_00">
   <soapenv:Header/>
   <soapenv:Body>
      <v1:getNationalityHistoryRequest>
         <v1:messageContext>
            <v11:messageId>${=import static java.util.UUID.randomUUID; uuid = randomUUID() as String}</v11:messageId>
            <!--Optional:-->
            <v11:timestamp>${=new java.text.SimpleDateFormat("yyyy-MM-dd'T'HH:mm:ss.SSS").format(new Date())}</v11:timestamp>
         </v1:messageContext>
         <v1:legalContext>ServiceIntegrator</v1:legalContext>
         <v1:request>
            <v12:iso-alpha3>BRA</v12:iso-alpha3>
            <!--Optional:-->
            <v12:referenceDate>2000-01-01</v12:referenceDate>
         </v1:request>
      </v1:getNationalityHistoryRequest>
   </soapenv:Body>
</soapenv:Envelope>]]></con:request><con:credentials><con:selectedAuthProfile>Basic</con:selectedAuthProfile><con:addedBasicAuthenticationTypes>Basic</con:addedBasicAuthenticationTypes><con:authType>Global HTTP Settings</con:authType></con:credentials><con:jmsConfig JMSDeliveryMode="PERSISTENT"/><con:jmsPropertyConfig/><con:wsaConfig mustUnderstand="NONE" version="200508" action="http://fidus.brussels/services/countryservice/getNationalityHistory"/><con:wsrmConfig version="1.2"/></con:call><con:call id="867b4f83-3e2d-4440-92ec-9fcd69e98643" name="02 - DevNew - Request" outgoingWss="Outflow DEV" incomingWss="Inflow DEV"><con:settings><con:setting id="com.eviware.soapui.impl.wsdl.WsdlRequest@request-headers">&lt;xml-fragment/></con:setting></con:settings><con:encoding>UTF-8</con:encoding><con:endpoint>https://192.168.36.75:8243/services/CountryService_v1.0</con:endpoint><con:request><![CDATA[<soapenv:Envelope xmlns:soapenv="http://schemas.xmlsoap.org/soap/envelope/" xmlns:v1="http://fidus.brussels/service/countryservice/messages/v1" xmlns:v11="http://fidus.brussels/type/common/messages/v1" xmlns:v12="http://fsb.belgium.be/mappingServices/countryService/messages/v1_00">
   <soapenv:Header/>
   <soapenv:Body>
      <v1:getNationalityHistoryRequest>
         <v1:messageContext>
            <v11:messageId>${=import static java.util.UUID.randomUUID; uuid = randomUUID() as String}</v11:messageId>
            <!--Optional:-->
            <v11:timestamp>${=new java.text.SimpleDateFormat("yyyy-MM-dd'T'HH:mm:ss.SSS").format(new Date())}</v11:timestamp>
         </v1:messageContext>
         <v1:legalContext>ServiceIntegrator</v1:legalContext>
         <v1:request>
            <v12:iso-alpha3>FRA</v12:iso-alpha3>                      
         </v1:request>
      </v1:getNationalityHistoryRequest>
   </soapenv:Body>
</soapenv:Envelope>]]></con:request><con:credentials><con:selectedAuthProfile>Basic</con:selectedAuthProfile><con:addedBasicAuthenticationTypes>Basic</con:addedBasicAuthenticationTypes><con:authType>Global HTTP Settings</con:authType></con:credentials><con:jmsConfig JMSDeliveryMode="PERSISTENT"/><con:jmsPropertyConfig/><con:wsaConfig mustUnderstand="NONE" version="200508" action="http://fidus.brussels/services/countryservice/getNationalityHistory"/><con:wsrmConfig version="1.2"/></con:call><con:call id="73a8fec6-7345-49ae-bd3b-67b1a811bcab" name="04 - Staging External - Request" outgoingWss="Outflow STAGING" incomingWss="Inflow STAGING"><con:settings><con:setting id="com.eviware.soapui.impl.wsdl.WsdlRequest@request-headers">&lt;xml-fragment/></con:setting></con:settings><con:encoding>UTF-8</con:encoding><con:endpoint>https://fidus.irisnetlab.be/services/CountryService_v1.0</con:endpoint><con:request><![CDATA[<soapenv:Envelope xmlns:soapenv="http://schemas.xmlsoap.org/soap/envelope/" xmlns:v1="http://fidus.brussels/service/countryservice/messages/v1" xmlns:v11="http://fidus.brussels/type/common/messages/v1" xmlns:v12="http://fsb.belgium.be/mappingServices/countryService/messages/v1_00">
   <soapenv:Header/>
   <soapenv:Body>
      <v1:getNationalityHistoryRequest>
         <v1:messageContext>
            <v11:messageId>${=import static java.util.UUID.randomUUID; uuid = randomUUID() as String}</v11:messageId>
            <!--Optional:-->
            <v11:timestamp>${=new java.text.SimpleDateFormat("yyyy-MM-dd'T'HH:mm:ss.SSS").format(new Date())}</v11:timestamp>
         </v1:messageContext>
         <v1:legalContext>ServiceIntegrator</v1:legalContext>
         <v1:request>
            <v12:iso-alpha3>FRA</v12:iso-alpha3>
            <!--Optional:-->
            <v12:referenceDate>2016-10-16</v12:referenceDate>
         </v1:request>
      </v1:getNationalityHistoryRequest>
   </soapenv:Body>
</soapenv:Envelope>]]></con:request><con:credentials><con:selectedAuthProfile>Basic</con:selectedAuthProfile><con:addedBasicAuthenticationTypes>Basic</con:addedBasicAuthenticationTypes><con:authType>Global HTTP Settings</con:authType></con:credentials><con:jmsConfig JMSDeliveryMode="PERSISTENT"/><con:jmsPropertyConfig/><con:wsaConfig mustUnderstand="NONE" version="200508" action="http://fidus.brussels/services/countryservice/getNationalityHistory"/><con:wsrmConfig version="1.2"/></con:call><con:call id="f3aced52-ec16-4c27-ad1e-5c9882a02ddb" name="05 - Prod External - Request" outgoingWss="Outflow PROD" incomingWss="Inflow PROD"><con:settings><con:setting id="com.eviware.soapui.impl.wsdl.WsdlRequest@request-headers">&lt;xml-fragment/></con:setting></con:settings><con:encoding>UTF-8</con:encoding><con:endpoint>https://fidus.sec.brussels/services/CountryService_v1.0</con:endpoint><con:request><![CDATA[<soapenv:Envelope xmlns:soapenv="http://schemas.xmlsoap.org/soap/envelope/" xmlns:v1="http://fidus.brussels/service/countryservice/messages/v1" xmlns:v11="http://fidus.brussels/type/common/messages/v1" xmlns:v12="http://fsb.belgium.be/mappingServices/countryService/messages/v1_00">
   <soapenv:Header/>
   <soapenv:Body>
      <v1:getNationalityHistoryRequest>
         <v1:messageContext>
            <v11:messageId>${=import static java.util.UUID.randomUUID; uuid = randomUUID() as String}</v11:messageId>
            <!--Optional:-->
            <v11:timestamp>${=new java.text.SimpleDateFormat("yyyy-MM-dd'T'HH:mm:ss.SSS").format(new Date())}</v11:timestamp>
         </v1:messageContext>
         <v1:legalContext>ServiceIntegrator</v1:legalContext>
         <v1:request>
            <v12:iso-alpha3>FRA</v12:iso-alpha3>
            <!--Optional:-->
            <v12:referenceDate>2016-10-16</v12:referenceDate>
         </v1:request>
      </v1:getNationalityHistoryRequest>
   </soapenv:Body>
</soapenv:Envelope>]]></con:request><con:credentials><con:selectedAuthProfile>Basic</con:selectedAuthProfile><con:addedBasicAuthenticationTypes>Basic</con:addedBasicAuthenticationTypes><con:authType>Global HTTP Settings</con:authType></con:credentials><con:jmsConfig JMSDeliveryMode="PERSISTENT"/><con:jmsPropertyConfig/><con:wsaConfig mustUnderstand="NONE" version="200508" action="http://fidus.brussels/services/countryservice/getNationalityHistory"/><con:wsrmConfig version="1.2"/></con:call></con:operation><con:operation id="63031318-d123-4994-8550-90b5b4b3fac2" isOneWay="false" action="http://fidus.brussels/services/countryservice/getPlaceCountries" name="getPlaceCountries" bindingOperationName="getPlaceCountries" type="Request-Response" inputName="" receivesAttachments="false" sendsAttachments="false" anonymous="optional"><con:settings/><con:call id="ded03973-5416-468a-8f9b-b0db5372204e" name="01 - Local - Request" outgoingWss="Outflow DEV" incomingWss="Inflow DEV"><con:settings><con:setting id="com.eviware.soapui.impl.wsdl.WsdlRequest@request-headers">&lt;xml-fragment/></con:setting></con:settings><con:encoding>UTF-8</con:encoding><con:endpoint>https://localhost:8243/services/CountryService_v1.0</con:endpoint><con:request><![CDATA[<soapenv:Envelope xmlns:soapenv="http://schemas.xmlsoap.org/soap/envelope/" xmlns:v1="http://fidus.brussels/service/countryservice/messages/v1" xmlns:v11="http://fidus.brussels/type/common/messages/v1">
   <soapenv:Header/>
   <soapenv:Body>
      <v1:getPlaceCountriesRequest>
         <v1:messageContext>
            <v11:messageId>${=import static java.util.UUID.randomUUID; uuid = randomUUID() as String}</v11:messageId>
            <!--Optional:-->
            <v11:timestamp>${=new java.text.SimpleDateFormat("yyyy-MM-dd'T'HH:mm:ss.SSS").format(new Date())}</v11:timestamp>
         </v1:messageContext>
         <v1:legalContext>ServiceIntegrator</v1:legalContext>
         <v1:request>
            <!--Optional:-->
            <v1:referenceDate>2016-10-14</v1:referenceDate>
         </v1:request>
      </v1:getPlaceCountriesRequest>
   </soapenv:Body>
</soapenv:Envelope>]]></con:request><con:credentials><con:selectedAuthProfile>Basic</con:selectedAuthProfile><con:addedBasicAuthenticationTypes>Basic</con:addedBasicAuthenticationTypes><con:authType>Global HTTP Settings</con:authType></con:credentials><con:jmsConfig JMSDeliveryMode="PERSISTENT"/><con:jmsPropertyConfig/><con:wsaConfig mustUnderstand="NONE" version="200508" action="http://fidus.brussels/services/countryservice/getPlaceCountries"/><con:wsrmConfig version="1.2"/></con:call><con:call id="81152a2e-3dd3-4b6e-adc4-04a4cf56a74a" name="01 - Local - Request-Invalid_date" outgoingWss="Outflow DEV" incomingWss="Inflow DEV"><con:settings><con:setting id="com.eviware.soapui.impl.wsdl.WsdlRequest@request-headers">&lt;xml-fragment/></con:setting></con:settings><con:encoding>UTF-8</con:encoding><con:endpoint>https://localhost:8243/services/CountryService_v1.0</con:endpoint><con:request><![CDATA[<soapenv:Envelope xmlns:soapenv="http://schemas.xmlsoap.org/soap/envelope/" xmlns:v1="http://fidus.brussels/service/countryservice/messages/v1" xmlns:v11="http://fidus.brussels/type/common/messages/v1">
   <soapenv:Header/>
   <soapenv:Body>
      <v1:getPlaceCountriesRequest>
         <v1:messageContext>
            <v11:messageId>${=import static java.util.UUID.randomUUID; uuid = randomUUID() as String}</v11:messageId>
            <!--Optional:-->
            <v11:timestamp>${=new java.text.SimpleDateFormat("yyyy-MM-dd'T'HH:mm:ss.SSS").format(new Date())}</v11:timestamp>
         </v1:messageContext>
         <v1:legalContext>ServiceIntegrator</v1:legalContext>
         <v1:request>
            <!--Optional:-->
            <v1:referenceDate>2017-10-14</v1:referenceDate>
         </v1:request>
      </v1:getPlaceCountriesRequest>
   </soapenv:Body>
</soapenv:Envelope>]]></con:request><con:credentials><con:selectedAuthProfile>Basic</con:selectedAuthProfile><con:addedBasicAuthenticationTypes>Basic</con:addedBasicAuthenticationTypes><con:authType>Global HTTP Settings</con:authType></con:credentials><con:jmsConfig JMSDeliveryMode="PERSISTENT"/><con:jmsPropertyConfig/><con:wsaConfig mustUnderstand="NONE" version="200508" action="http://fidus.brussels/services/countryservice/getPlaceCountries"/><con:wsrmConfig version="1.2"/></con:call><con:call id="8f5b716b-59ca-4e60-9ab9-50c755c955e5" name="02 - Dev - Request" outgoingWss="Outflow DEV" incomingWss="Inflow DEV"><con:settings><con:setting id="com.eviware.soapui.impl.wsdl.WsdlRequest@request-headers">&lt;xml-fragment/></con:setting></con:settings><con:encoding>UTF-8</con:encoding><con:endpoint>https://192.168.36.61:8243/services/CountryService_v1.0</con:endpoint><con:request><![CDATA[<soapenv:Envelope xmlns:soapenv="http://schemas.xmlsoap.org/soap/envelope/" xmlns:v1="http://fidus.brussels/service/countryservice/messages/v1" xmlns:v11="http://fidus.brussels/type/common/messages/v1">
   <soapenv:Header/>
   <soapenv:Body>
      <v1:getPlaceCountriesRequest>
         <v1:messageContext>
            <v11:messageId>${=import static java.util.UUID.randomUUID; uuid = randomUUID() as String}</v11:messageId>
            <!--Optional:-->
            <v11:timestamp>${=new java.text.SimpleDateFormat("yyyy-MM-dd'T'HH:mm:ss.SSS").format(new Date())}</v11:timestamp>
         </v1:messageContext>
         <v1:legalContext>ServiceIntegrator</v1:legalContext>
         <v1:request>
            <!--Optional:-->
            <v1:referenceDate>2016-10-14</v1:referenceDate>
         </v1:request>
      </v1:getPlaceCountriesRequest>
   </soapenv:Body>
</soapenv:Envelope>]]></con:request><con:credentials><con:selectedAuthProfile>Basic</con:selectedAuthProfile><con:addedBasicAuthenticationTypes>Basic</con:addedBasicAuthenticationTypes><con:authType>Global HTTP Settings</con:authType></con:credentials><con:jmsConfig JMSDeliveryMode="PERSISTENT"/><con:jmsPropertyConfig/><con:wsaConfig mustUnderstand="NONE" version="200508" action="http://fidus.brussels/services/countryservice/getPlaceCountries"/><con:wsrmConfig version="1.2"/></con:call><con:call id="bf07f6ab-beea-48eb-8e4a-00f4aa88c08a" name="03 - Test External - Request" outgoingWss="Outflow TEST" incomingWss="Inflow TEST"><con:settings><con:setting id="com.eviware.soapui.impl.wsdl.WsdlRequest@request-headers">&lt;xml-fragment/></con:setting></con:settings><con:encoding>UTF-8</con:encoding><con:endpoint>https://fidus-test.irisnetlab.be/services/CountryService_v1.0</con:endpoint><con:request><![CDATA[<soapenv:Envelope xmlns:soapenv="http://schemas.xmlsoap.org/soap/envelope/" xmlns:v1="http://fidus.brussels/service/countryservice/messages/v1" xmlns:v11="http://fidus.brussels/type/common/messages/v1">
   <soapenv:Header/>
   <soapenv:Body>
      <v1:getPlaceCountriesRequest>
         <v1:messageContext>
            <v11:messageId>${=import static java.util.UUID.randomUUID; uuid = randomUUID() as String}</v11:messageId>
            <!--Optional:-->
            <v11:timestamp>${=new java.text.SimpleDateFormat("yyyy-MM-dd'T'HH:mm:ss.SSS").format(new Date())}</v11:timestamp>
         </v1:messageContext>
         <v1:legalContext>ServiceIntegrator</v1:legalContext>
         <v1:request>
            <!--Optional:-->
            <v1:referenceDate>2016-10-14</v1:referenceDate>
         </v1:request>
      </v1:getPlaceCountriesRequest>
   </soapenv:Body>
</soapenv:Envelope>]]></con:request><con:credentials><con:selectedAuthProfile>Basic</con:selectedAuthProfile><con:addedBasicAuthenticationTypes>Basic</con:addedBasicAuthenticationTypes><con:authType>Global HTTP Settings</con:authType></con:credentials><con:jmsConfig JMSDeliveryMode="PERSISTENT"/><con:jmsPropertyConfig/><con:wsaConfig mustUnderstand="NONE" version="200508" action="http://fidus.brussels/services/countryservice/getPlaceCountries"/><con:wsrmConfig version="1.2"/></con:call><con:call id="449c82c8-3792-42d2-b7a8-e478446972a7" name="03 - Test LB - Request" outgoingWss="Outflow TEST" incomingWss="Inflow TEST"><con:settings><con:setting id="com.eviware.soapui.impl.wsdl.WsdlRequest@request-headers">&lt;xml-fragment/></con:setting></con:settings><con:encoding>UTF-8</con:encoding><con:endpoint>https://fidus-esb-sg.sta.srv.cirb.lan:8443/services/CountryService_v1.0</con:endpoint><con:request><![CDATA[<soapenv:Envelope xmlns:soapenv="http://schemas.xmlsoap.org/soap/envelope/" xmlns:v1="http://fidus.brussels/service/countryservice/messages/v1" xmlns:v11="http://fidus.brussels/type/common/messages/v1">
   <soapenv:Header/>
   <soapenv:Body>
      <v1:getPlaceCountriesRequest>
         <v1:messageContext>
            <v11:messageId>${=import static java.util.UUID.randomUUID; uuid = randomUUID() as String}</v11:messageId>
            <!--Optional:-->
            <v11:timestamp>${=new java.text.SimpleDateFormat("yyyy-MM-dd'T'HH:mm:ss.SSS").format(new Date())}</v11:timestamp>
         </v1:messageContext>
         <v1:legalContext>ServiceIntegrator</v1:legalContext>
         <v1:request>
            <!--Optional:-->
            <v1:referenceDate>2016-10-14</v1:referenceDate>
         </v1:request>
      </v1:getPlaceCountriesRequest>
   </soapenv:Body>
</soapenv:Envelope>]]></con:request><con:credentials><con:selectedAuthProfile>Basic</con:selectedAuthProfile><con:addedBasicAuthenticationTypes>Basic</con:addedBasicAuthenticationTypes><con:authType>Global HTTP Settings</con:authType></con:credentials><con:jmsConfig JMSDeliveryMode="PERSISTENT"/><con:jmsPropertyConfig/><con:wsaConfig mustUnderstand="NONE" version="200508" action="http://fidus.brussels/services/countryservice/getPlaceCountries"/><con:wsrmConfig version="1.2"/></con:call><con:call id="57502e21-b626-4c62-9b63-4e85f4b6c52b" name="03 - Test Worker1 - Request" outgoingWss="Outflow TEST" incomingWss="Inflow TEST"><con:settings><con:setting id="com.eviware.soapui.impl.wsdl.WsdlRequest@request-headers">&lt;xml-fragment/></con:setting></con:settings><con:encoding>UTF-8</con:encoding><con:endpoint>https://192.168.24.16:8443/services/CountryService_v1.0</con:endpoint><con:request><![CDATA[<soapenv:Envelope xmlns:soapenv="http://schemas.xmlsoap.org/soap/envelope/" xmlns:v1="http://fidus.brussels/service/countryservice/messages/v1" xmlns:v11="http://fidus.brussels/type/common/messages/v1">
   <soapenv:Header/>
   <soapenv:Body>
      <v1:getPlaceCountriesRequest>
         <v1:messageContext>
            <v11:messageId>${=import static java.util.UUID.randomUUID; uuid = randomUUID() as String}</v11:messageId>
            <!--Optional:-->
            <v11:timestamp>${=new java.text.SimpleDateFormat("yyyy-MM-dd'T'HH:mm:ss.SSS").format(new Date())}</v11:timestamp>
         </v1:messageContext>
         <v1:legalContext>ServiceIntegrator</v1:legalContext>
         <v1:request>
            <!--Optional:-->
            <v1:referenceDate>2016-10-14</v1:referenceDate>
         </v1:request>
      </v1:getPlaceCountriesRequest>
   </soapenv:Body>
</soapenv:Envelope>]]></con:request><con:credentials><con:selectedAuthProfile>Basic</con:selectedAuthProfile><con:addedBasicAuthenticationTypes>Basic</con:addedBasicAuthenticationTypes><con:authType>Global HTTP Settings</con:authType></con:credentials><con:jmsConfig JMSDeliveryMode="PERSISTENT"/><con:jmsPropertyConfig/><con:wsaConfig mustUnderstand="NONE" version="200508" action="http://fidus.brussels/services/countryservice/getPlaceCountries"/><con:wsrmConfig version="1.2"/></con:call><con:call id="87e1b257-fa4f-458d-9a3e-b6cca84b517e" name="03 - Test Worker2 - Request" outgoingWss="Outflow TEST" incomingWss="Inflow TEST"><con:settings><con:setting id="com.eviware.soapui.impl.wsdl.WsdlRequest@request-headers">&lt;xml-fragment/></con:setting></con:settings><con:encoding>UTF-8</con:encoding><con:endpoint>https://192.168.24.17:8443/services/CountryService_v1.0</con:endpoint><con:request><![CDATA[<soapenv:Envelope xmlns:soapenv="http://schemas.xmlsoap.org/soap/envelope/" xmlns:v1="http://fidus.brussels/service/countryservice/messages/v1" xmlns:v11="http://fidus.brussels/type/common/messages/v1">
   <soapenv:Header/>
   <soapenv:Body>
      <v1:getPlaceCountriesRequest>
         <v1:messageContext>
            <v11:messageId>${=import static java.util.UUID.randomUUID; uuid = randomUUID() as String}</v11:messageId>
            <!--Optional:-->
            <v11:timestamp>${=new java.text.SimpleDateFormat("yyyy-MM-dd'T'HH:mm:ss.SSS").format(new Date())}</v11:timestamp>
         </v1:messageContext>
         <v1:legalContext>ServiceIntegrator</v1:legalContext>
         <v1:request>
            <!--Optional:-->
            <v1:referenceDate>2016-10-14</v1:referenceDate>
         </v1:request>
      </v1:getPlaceCountriesRequest>
   </soapenv:Body>
</soapenv:Envelope>]]></con:request><con:credentials><con:selectedAuthProfile>Basic</con:selectedAuthProfile><con:addedBasicAuthenticationTypes>Basic</con:addedBasicAuthenticationTypes><con:authType>Global HTTP Settings</con:authType></con:credentials><con:jmsConfig JMSDeliveryMode="PERSISTENT"/><con:jmsPropertyConfig/><con:wsaConfig mustUnderstand="NONE" version="200508" action="http://fidus.brussels/services/countryservice/getPlaceCountries"/><con:wsrmConfig version="1.2"/></con:call><con:call id="c63d0100-c973-4cf3-9421-bb1cf1a9db35" name="02 - DevNew - Request" outgoingWss="Outflow DEV" incomingWss="Inflow DEV"><con:settings><con:setting id="com.eviware.soapui.impl.wsdl.WsdlRequest@request-headers">&lt;xml-fragment/></con:setting></con:settings><con:encoding>UTF-8</con:encoding><con:endpoint>https://192.168.36.75:8243/services/CountryService_v1.0</con:endpoint><con:request><![CDATA[<soapenv:Envelope xmlns:soapenv="http://schemas.xmlsoap.org/soap/envelope/" xmlns:v1="http://fidus.brussels/service/countryservice/messages/v1" xmlns:v11="http://fidus.brussels/type/common/messages/v1">
   <soapenv:Header/>
   <soapenv:Body>
      <v1:getPlaceCountriesRequest>
         <v1:messageContext>
            <v11:messageId>${=import static java.util.UUID.randomUUID; uuid = randomUUID() as String}</v11:messageId>
            <!--Optional:-->
            <v11:timestamp>${=new java.text.SimpleDateFormat("yyyy-MM-dd'T'HH:mm:ss.SSS").format(new Date())}</v11:timestamp>
         </v1:messageContext>
         <v1:legalContext>ServiceIntegrator</v1:legalContext>
         <v1:request>
            <!--Optional:-->
            <v1:referenceDate>2016-10-14</v1:referenceDate>
         </v1:request>
      </v1:getPlaceCountriesRequest>
   </soapenv:Body>
</soapenv:Envelope>]]></con:request><con:credentials><con:selectedAuthProfile>Basic</con:selectedAuthProfile><con:addedBasicAuthenticationTypes>Basic</con:addedBasicAuthenticationTypes><con:authType>Global HTTP Settings</con:authType></con:credentials><con:jmsConfig JMSDeliveryMode="PERSISTENT"/><con:jmsPropertyConfig/><con:wsaConfig mustUnderstand="NONE" version="200508" action="http://fidus.brussels/services/countryservice/getPlaceCountries"/><con:wsrmConfig version="1.2"/></con:call><con:call id="038e7423-a7b4-4064-8923-b7b2ea85248a" name="04 - Staging External - Request" outgoingWss="Outflow STAGING" incomingWss="Inflow STAGING"><con:settings><con:setting id="com.eviware.soapui.impl.wsdl.WsdlRequest@request-headers">&lt;xml-fragment/></con:setting></con:settings><con:encoding>UTF-8</con:encoding><con:endpoint>https://fidus.irisnetlab.be/services/CountryService_v1.0</con:endpoint><con:request><![CDATA[<soapenv:Envelope xmlns:soapenv="http://schemas.xmlsoap.org/soap/envelope/" xmlns:v1="http://fidus.brussels/service/countryservice/messages/v1" xmlns:v11="http://fidus.brussels/type/common/messages/v1">
   <soapenv:Header/>
   <soapenv:Body>
      <v1:getPlaceCountriesRequest>
         <v1:messageContext>
            <v11:messageId>${=import static java.util.UUID.randomUUID; uuid = randomUUID() as String}</v11:messageId>
            <!--Optional:-->
            <v11:timestamp>${=new java.text.SimpleDateFormat("yyyy-MM-dd'T'HH:mm:ss.SSS").format(new Date())}</v11:timestamp>
         </v1:messageContext>
         <v1:legalContext>ServiceIntegrator</v1:legalContext>
         <v1:request>
            <!--Optional:-->
            <v1:referenceDate>2016-10-14</v1:referenceDate>
         </v1:request>
      </v1:getPlaceCountriesRequest>
   </soapenv:Body>
</soapenv:Envelope>]]></con:request><con:credentials><con:selectedAuthProfile>Basic</con:selectedAuthProfile><con:addedBasicAuthenticationTypes>Basic</con:addedBasicAuthenticationTypes><con:authType>Global HTTP Settings</con:authType></con:credentials><con:jmsConfig JMSDeliveryMode="PERSISTENT"/><con:jmsPropertyConfig/><con:wsaConfig mustUnderstand="NONE" version="200508" action="http://fidus.brussels/services/countryservice/getPlaceCountries"/><con:wsrmConfig version="1.2"/></con:call><con:call id="85583db8-5e2e-471d-8110-94d7ffcc341f" name="05 - Prod External - Request" outgoingWss="Outflow PROD" incomingWss="Inflow PROD"><con:settings><con:setting id="com.eviware.soapui.impl.wsdl.WsdlRequest@request-headers">&lt;xml-fragment/></con:setting></con:settings><con:encoding>UTF-8</con:encoding><con:endpoint>https://fidus.sec.brussels/services/CountryService_v1.0</con:endpoint><con:request><![CDATA[<soapenv:Envelope xmlns:soapenv="http://schemas.xmlsoap.org/soap/envelope/" xmlns:v1="http://fidus.brussels/service/countryservice/messages/v1" xmlns:v11="http://fidus.brussels/type/common/messages/v1">
   <soapenv:Header/>
   <soapenv:Body>
      <v1:getPlaceCountriesRequest>
         <v1:messageContext>
            <v11:messageId>${=import static java.util.UUID.randomUUID; uuid = randomUUID() as String}</v11:messageId>
            <!--Optional:-->
            <v11:timestamp>${=new java.text.SimpleDateFormat("yyyy-MM-dd'T'HH:mm:ss.SSS").format(new Date())}</v11:timestamp>
         </v1:messageContext>
         <v1:legalContext>ServiceIntegrator</v1:legalContext>
         <v1:request>
            <!--Optional:-->
            <v1:referenceDate>2016-10-14</v1:referenceDate>
         </v1:request>
      </v1:getPlaceCountriesRequest>
   </soapenv:Body>
</soapenv:Envelope>]]></con:request><con:credentials><con:selectedAuthProfile>Basic</con:selectedAuthProfile><con:addedBasicAuthenticationTypes>Basic</con:addedBasicAuthenticationTypes><con:authType>Global HTTP Settings</con:authType></con:credentials><con:jmsConfig JMSDeliveryMode="PERSISTENT"/><con:jmsPropertyConfig/><con:wsaConfig mustUnderstand="NONE" version="200508" action="http://fidus.brussels/services/countryservice/getPlaceCountries"/><con:wsrmConfig version="1.2"/></con:call></con:operation><con:operation id="cdd8d930-3e41-40c1-a86b-c3e2b9a5fb2a" isOneWay="false" action="http://fidus.brussels/services/countryservice/getPlaceCountry" name="getPlaceCountry" bindingOperationName="getPlaceCountry" type="Request-Response" inputName="" receivesAttachments="false" sendsAttachments="false" anonymous="optional"><con:settings/><con:call id="bd67a08c-b5dc-406f-97b7-fd21b4784c4c" name="01 - Local - Request" outgoingWss="Outflow DEV" incomingWss="Inflow DEV"><con:settings><con:setting id="com.eviware.soapui.impl.wsdl.WsdlRequest@request-headers">&lt;xml-fragment/></con:setting></con:settings><con:encoding>UTF-8</con:encoding><con:endpoint>https://localhost:8243/services/CountryService_v1.0</con:endpoint><con:request><![CDATA[<soapenv:Envelope xmlns:soapenv="http://schemas.xmlsoap.org/soap/envelope/" xmlns:v1="http://fidus.brussels/service/countryservice/messages/v1" xmlns:v11="http://fidus.brussels/type/common/messages/v1" xmlns:v12="http://fsb.belgium.be/mappingServices/countryService/messages/v1_00">
   <soapenv:Header/>
   <soapenv:Body>
      <v1:getPlaceCountryRequest>
         <v1:messageContext>
            <v11:messageId>${=import static java.util.UUID.randomUUID; uuid = randomUUID() as String}</v11:messageId>
            <!--Optional:-->
            <v11:timestamp>${=new java.text.SimpleDateFormat("yyyy-MM-dd'T'HH:mm:ss.SSS").format(new Date())}</v11:timestamp>
         </v1:messageContext>
         <v1:legalContext>ServiceIntegrator</v1:legalContext>
         <v1:request>
            <!--You have a CHOICE of the next 4 items at this level-->
            <!--
            <v12:iso-alpha2 startDate="?" endDate="?" status="?">?</v12:iso-alpha2>
            <v12:iso-alpha3 startDate="?" endDate="?" status="?">?</v12:iso-alpha3>
            <v12:iso-num3 startDate="?" endDate="?" status="?">?</v12:iso-num3>
            <v12:nis-num3 startDate="?" endDate="?" status="?">?</v12:nis-num3>
			-->
             <!--<v12:iso-alpha2>NL</v12:iso-alpha2>-->
             <v12:iso-alpha3>DEU</v12:iso-alpha3>
         </v1:request>
      </v1:getPlaceCountryRequest>
   </soapenv:Body>
</soapenv:Envelope>]]></con:request><con:credentials><con:selectedAuthProfile>Basic</con:selectedAuthProfile><con:addedBasicAuthenticationTypes>Basic</con:addedBasicAuthenticationTypes><con:authType>Global HTTP Settings</con:authType></con:credentials><con:jmsConfig JMSDeliveryMode="PERSISTENT"/><con:jmsPropertyConfig/><con:wsaConfig mustUnderstand="NONE" version="200508" action="http://fidus.brussels/services/countryservice/getPlaceCountry"/><con:wsrmConfig version="1.2"/></con:call><con:call id="fecb7a17-b3ea-41b9-8f23-475b0530781d" name="01 - Local - Request-Invalid-Iso_alpha2" outgoingWss="Outflow DEV" incomingWss="Inflow DEV"><con:settings><con:setting id="com.eviware.soapui.impl.wsdl.WsdlRequest@request-headers">&lt;xml-fragment/></con:setting></con:settings><con:encoding>UTF-8</con:encoding><con:endpoint>https://localhost:8243/services/CountryService_v1.0</con:endpoint><con:request><![CDATA[<soapenv:Envelope xmlns:soapenv="http://schemas.xmlsoap.org/soap/envelope/" xmlns:v1="http://fidus.brussels/service/countryservice/messages/v1" xmlns:v11="http://fidus.brussels/type/common/messages/v1" xmlns:v12="http://fsb.belgium.be/mappingServices/countryService/messages/v1_00">
   <soapenv:Header/>
   <soapenv:Body>
      <v1:getPlaceCountryRequest>
         <v1:messageContext>
            <v11:messageId>${=import static java.util.UUID.randomUUID; uuid = randomUUID() as String}</v11:messageId>
            <!--Optional:-->
            <v11:timestamp>${=new java.text.SimpleDateFormat("yyyy-MM-dd'T'HH:mm:ss.SSS").format(new Date())}</v11:timestamp>
         </v1:messageContext>
         <v1:legalContext>ServiceIntegrator</v1:legalContext>
         <v1:request>
            <!--You have a CHOICE of the next 4 items at this level-->
            <!--
            <v12:iso-alpha2 startDate="?" endDate="?" status="?">?</v12:iso-alpha2>
            <v12:iso-alpha3 startDate="?" endDate="?" status="?">?</v12:iso-alpha3>
            <v12:iso-num3 startDate="?" endDate="?" status="?">?</v12:iso-num3>
            <v12:nis-num3 startDate="?" endDate="?" status="?">?</v12:nis-num3>
			-->
             <v12:iso-alpha2>XX</v12:iso-alpha2>
         </v1:request>
      </v1:getPlaceCountryRequest>
   </soapenv:Body>
</soapenv:Envelope>]]></con:request><con:credentials><con:selectedAuthProfile>Basic</con:selectedAuthProfile><con:addedBasicAuthenticationTypes>Basic</con:addedBasicAuthenticationTypes><con:authType>Global HTTP Settings</con:authType></con:credentials><con:jmsConfig JMSDeliveryMode="PERSISTENT"/><con:jmsPropertyConfig/><con:wsaConfig mustUnderstand="NONE" version="200508" action="http://fidus.brussels/services/countryservice/getPlaceCountry"/><con:wsrmConfig version="1.2"/></con:call><con:call id="b68a1cfa-b4c2-456a-9a2c-62149f9fcd95" name="02 - Dev - Request" outgoingWss="Outflow DEV" incomingWss="Inflow DEV"><con:settings><con:setting id="com.eviware.soapui.impl.wsdl.WsdlRequest@request-headers">&lt;xml-fragment/></con:setting></con:settings><con:encoding>UTF-8</con:encoding><con:endpoint>https://192.168.36.61:8243/services/CountryService_v1.0</con:endpoint><con:request><![CDATA[<soapenv:Envelope xmlns:soapenv="http://schemas.xmlsoap.org/soap/envelope/" xmlns:v1="http://fidus.brussels/service/countryservice/messages/v1" xmlns:v11="http://fidus.brussels/type/common/messages/v1" xmlns:v12="http://fsb.belgium.be/mappingServices/countryService/messages/v1_00">
   <soapenv:Header/>
   <soapenv:Body>
      <v1:getPlaceCountryRequest>
         <v1:messageContext>
            <v11:messageId>${=import static java.util.UUID.randomUUID; uuid = randomUUID() as String}</v11:messageId>
            <!--Optional:-->
            <v11:timestamp>${=new java.text.SimpleDateFormat("yyyy-MM-dd'T'HH:mm:ss.SSS").format(new Date())}</v11:timestamp>
         </v1:messageContext>
         <v1:legalContext>ServiceIntegrator</v1:legalContext>
         <v1:request>
            <!--You have a CHOICE of the next 4 items at this level-->
            <!--
            <v12:iso-alpha2 startDate="?" endDate="?" status="?">?</v12:iso-alpha2>
            <v12:iso-alpha3 startDate="?" endDate="?" status="?">?</v12:iso-alpha3>
            <v12:iso-num3 startDate="?" endDate="?" status="?">?</v12:iso-num3>
            <v12:nis-num3 startDate="?" endDate="?" status="?">?</v12:nis-num3>
			-->
             <v12:iso-alpha2>NL</v12:iso-alpha2>
             
         </v1:request>
      </v1:getPlaceCountryRequest>
   </soapenv:Body>
</soapenv:Envelope>]]></con:request><con:credentials><con:selectedAuthProfile>Basic</con:selectedAuthProfile><con:addedBasicAuthenticationTypes>Basic</con:addedBasicAuthenticationTypes><con:authType>Global HTTP Settings</con:authType></con:credentials><con:jmsConfig JMSDeliveryMode="PERSISTENT"/><con:jmsPropertyConfig/><con:wsaConfig mustUnderstand="NONE" version="200508" action="http://fidus.brussels/services/countryservice/getPlaceCountry"/><con:wsrmConfig version="1.2"/></con:call><con:call id="2cbb213d-7594-4474-b028-0e9244fe21b5" name="03 - Test External - Request" outgoingWss="Outflow TEST" incomingWss="Inflow TEST"><con:settings><con:setting id="com.eviware.soapui.impl.wsdl.WsdlRequest@request-headers">&lt;xml-fragment/></con:setting></con:settings><con:encoding>UTF-8</con:encoding><con:endpoint>https://fidus-test.irisnetlab.be/services/CountryService_v1.0</con:endpoint><con:request><![CDATA[<soapenv:Envelope xmlns:soapenv="http://schemas.xmlsoap.org/soap/envelope/" xmlns:v1="http://fidus.brussels/service/countryservice/messages/v1" xmlns:v11="http://fidus.brussels/type/common/messages/v1" xmlns:v12="http://fsb.belgium.be/mappingServices/countryService/messages/v1_00">
   <soapenv:Header/>
   <soapenv:Body>
      <v1:getPlaceCountryRequest>
         <v1:messageContext>
            <v11:messageId>${=import static java.util.UUID.randomUUID; uuid = randomUUID() as String}</v11:messageId>
            <!--Optional:-->
            <v11:timestamp>${=new java.text.SimpleDateFormat("yyyy-MM-dd'T'HH:mm:ss.SSS").format(new Date())}</v11:timestamp>
         </v1:messageContext>
         <v1:legalContext>ServiceIntegrator</v1:legalContext>
         <v1:request>
            <!--You have a CHOICE of the next 4 items at this level-->
            <!--
            <v12:iso-alpha2 startDate="?" endDate="?" status="?">?</v12:iso-alpha2>
            <v12:iso-alpha3 startDate="?" endDate="?" status="?">?</v12:iso-alpha3>
            <v12:iso-num3 startDate="?" endDate="?" status="?">?</v12:iso-num3>
            <v12:nis-num3 startDate="?" endDate="?" status="?">?</v12:nis-num3>
			-->
             <v12:iso-alpha2>NL</v12:iso-alpha2>
             
         </v1:request>
      </v1:getPlaceCountryRequest>
   </soapenv:Body>
</soapenv:Envelope>]]></con:request><con:credentials><con:selectedAuthProfile>Basic</con:selectedAuthProfile><con:addedBasicAuthenticationTypes>Basic</con:addedBasicAuthenticationTypes><con:authType>Global HTTP Settings</con:authType></con:credentials><con:jmsConfig JMSDeliveryMode="PERSISTENT"/><con:jmsPropertyConfig/><con:wsaConfig mustUnderstand="NONE" version="200508" action="http://fidus.brussels/services/countryservice/getPlaceCountry"/><con:wsrmConfig version="1.2"/></con:call><con:call id="799c67c3-a545-4579-9f8a-6779ae924ac6" name="03 - Test LB - Request" outgoingWss="Outflow TEST" incomingWss="Inflow TEST"><con:settings><con:setting id="com.eviware.soapui.impl.wsdl.WsdlRequest@request-headers">&lt;xml-fragment/></con:setting></con:settings><con:encoding>UTF-8</con:encoding><con:endpoint>https://fidus-esb-sg.sta.srv.cirb.lan:8443/services/CountryService_v1.0</con:endpoint><con:request><![CDATA[<soapenv:Envelope xmlns:soapenv="http://schemas.xmlsoap.org/soap/envelope/" xmlns:v1="http://fidus.brussels/service/countryservice/messages/v1" xmlns:v11="http://fidus.brussels/type/common/messages/v1" xmlns:v12="http://fsb.belgium.be/mappingServices/countryService/messages/v1_00">
   <soapenv:Header/>
   <soapenv:Body>
      <v1:getPlaceCountryRequest>
         <v1:messageContext>
            <v11:messageId>${=import static java.util.UUID.randomUUID; uuid = randomUUID() as String}</v11:messageId>
            <!--Optional:-->
            <v11:timestamp>${=new java.text.SimpleDateFormat("yyyy-MM-dd'T'HH:mm:ss.SSS").format(new Date())}</v11:timestamp>
         </v1:messageContext>
         <v1:legalContext>ServiceIntegrator</v1:legalContext>
         <v1:request>
            <!--You have a CHOICE of the next 4 items at this level-->
            <!--
            <v12:iso-alpha2 startDate="?" endDate="?" status="?">?</v12:iso-alpha2>
            <v12:iso-alpha3 startDate="?" endDate="?" status="?">?</v12:iso-alpha3>
            <v12:iso-num3 startDate="?" endDate="?" status="?">?</v12:iso-num3>
            <v12:nis-num3 startDate="?" endDate="?" status="?">?</v12:nis-num3>
			-->
             <v12:iso-alpha2>NL</v12:iso-alpha2>
             
         </v1:request>
      </v1:getPlaceCountryRequest>
   </soapenv:Body>
</soapenv:Envelope>]]></con:request><con:credentials><con:selectedAuthProfile>Basic</con:selectedAuthProfile><con:addedBasicAuthenticationTypes>Basic</con:addedBasicAuthenticationTypes><con:authType>Global HTTP Settings</con:authType></con:credentials><con:jmsConfig JMSDeliveryMode="PERSISTENT"/><con:jmsPropertyConfig/><con:wsaConfig mustUnderstand="NONE" version="200508" action="http://fidus.brussels/services/countryservice/getPlaceCountry"/><con:wsrmConfig version="1.2"/></con:call><con:call id="a18f1ecd-edee-41d5-8b8a-acff7016294e" name="03 - Test Worker1 - Request" outgoingWss="Outflow TEST" incomingWss="Inflow TEST"><con:settings><con:setting id="com.eviware.soapui.impl.wsdl.WsdlRequest@request-headers">&lt;xml-fragment/></con:setting></con:settings><con:encoding>UTF-8</con:encoding><con:endpoint>https://192.168.24.16:8443/services/CountryService_v1.0</con:endpoint><con:request><![CDATA[<soapenv:Envelope xmlns:soapenv="http://schemas.xmlsoap.org/soap/envelope/" xmlns:v1="http://fidus.brussels/service/countryservice/messages/v1" xmlns:v11="http://fidus.brussels/type/common/messages/v1" xmlns:v12="http://fsb.belgium.be/mappingServices/countryService/messages/v1_00">
   <soapenv:Header/>
   <soapenv:Body>
      <v1:getPlaceCountryRequest>
         <v1:messageContext>
            <v11:messageId>${=import static java.util.UUID.randomUUID; uuid = randomUUID() as String}</v11:messageId>
            <!--Optional:-->
            <v11:timestamp>${=new java.text.SimpleDateFormat("yyyy-MM-dd'T'HH:mm:ss.SSS").format(new Date())}</v11:timestamp>
         </v1:messageContext>
         <v1:legalContext>ServiceIntegrator</v1:legalContext>
         <v1:request>
            <!--You have a CHOICE of the next 4 items at this level-->
            <!--
            <v12:iso-alpha2 startDate="?" endDate="?" status="?">?</v12:iso-alpha2>
            <v12:iso-alpha3 startDate="?" endDate="?" status="?">?</v12:iso-alpha3>
            <v12:iso-num3 startDate="?" endDate="?" status="?">?</v12:iso-num3>
            <v12:nis-num3 startDate="?" endDate="?" status="?">?</v12:nis-num3>
			-->
             <v12:iso-alpha2>NL</v12:iso-alpha2>
             
         </v1:request>
      </v1:getPlaceCountryRequest>
   </soapenv:Body>
</soapenv:Envelope>]]></con:request><con:credentials><con:selectedAuthProfile>Basic</con:selectedAuthProfile><con:addedBasicAuthenticationTypes>Basic</con:addedBasicAuthenticationTypes><con:authType>Global HTTP Settings</con:authType></con:credentials><con:jmsConfig JMSDeliveryMode="PERSISTENT"/><con:jmsPropertyConfig/><con:wsaConfig mustUnderstand="NONE" version="200508" action="http://fidus.brussels/services/countryservice/getPlaceCountry"/><con:wsrmConfig version="1.2"/></con:call><con:call id="cbb79a22-0a93-4e64-848a-3c40ed04c033" name="03 - Test Worker2 - Request" outgoingWss="Outflow TEST" incomingWss="Inflow TEST"><con:settings><con:setting id="com.eviware.soapui.impl.wsdl.WsdlRequest@request-headers">&lt;xml-fragment/></con:setting></con:settings><con:encoding>UTF-8</con:encoding><con:endpoint>https://192.168.24.17:8443/services/CountryService_v1.0</con:endpoint><con:request><![CDATA[<soapenv:Envelope xmlns:soapenv="http://schemas.xmlsoap.org/soap/envelope/" xmlns:v1="http://fidus.brussels/service/countryservice/messages/v1" xmlns:v11="http://fidus.brussels/type/common/messages/v1" xmlns:v12="http://fsb.belgium.be/mappingServices/countryService/messages/v1_00">
   <soapenv:Header/>
   <soapenv:Body>
      <v1:getPlaceCountryRequest>
         <v1:messageContext>
            <v11:messageId>${=import static java.util.UUID.randomUUID; uuid = randomUUID() as String}</v11:messageId>
            <!--Optional:-->
            <v11:timestamp>${=new java.text.SimpleDateFormat("yyyy-MM-dd'T'HH:mm:ss.SSS").format(new Date())}</v11:timestamp>
         </v1:messageContext>
         <v1:legalContext>ServiceIntegrator</v1:legalContext>
         <v1:request>
            <!--You have a CHOICE of the next 4 items at this level-->
            <!--
            <v12:iso-alpha2 startDate="?" endDate="?" status="?">?</v12:iso-alpha2>
            <v12:iso-alpha3 startDate="?" endDate="?" status="?">?</v12:iso-alpha3>
            <v12:iso-num3 startDate="?" endDate="?" status="?">?</v12:iso-num3>
            <v12:nis-num3 startDate="?" endDate="?" status="?">?</v12:nis-num3>
			-->
             <v12:iso-alpha2>NL</v12:iso-alpha2>
             
         </v1:request>
      </v1:getPlaceCountryRequest>
   </soapenv:Body>
</soapenv:Envelope>]]></con:request><con:credentials><con:selectedAuthProfile>Basic</con:selectedAuthProfile><con:addedBasicAuthenticationTypes>Basic</con:addedBasicAuthenticationTypes><con:authType>Global HTTP Settings</con:authType></con:credentials><con:jmsConfig JMSDeliveryMode="PERSISTENT"/><con:jmsPropertyConfig/><con:wsaConfig mustUnderstand="NONE" version="200508" action="http://fidus.brussels/services/countryservice/getPlaceCountry"/><con:wsrmConfig version="1.2"/></con:call><con:call id="3e6e6e5b-0cbd-41b1-b4c0-2c3381d4e488" name="02 - DevNew - Request" outgoingWss="Outflow DEV" incomingWss="Inflow DEV"><con:settings><con:setting id="com.eviware.soapui.impl.wsdl.WsdlRequest@request-headers">&lt;xml-fragment/></con:setting></con:settings><con:encoding>UTF-8</con:encoding><con:endpoint>https://192.168.36.75:8243/services/CountryService_v1.0</con:endpoint><con:request><![CDATA[<soapenv:Envelope xmlns:soapenv="http://schemas.xmlsoap.org/soap/envelope/" xmlns:v1="http://fidus.brussels/service/countryservice/messages/v1" xmlns:v11="http://fidus.brussels/type/common/messages/v1" xmlns:v12="http://fsb.belgium.be/mappingServices/countryService/messages/v1_00">
   <soapenv:Header/>
   <soapenv:Body>
      <v1:getPlaceCountryRequest>
         <v1:messageContext>
            <v11:messageId>${=import static java.util.UUID.randomUUID; uuid = randomUUID() as String}</v11:messageId>
            <!--Optional:-->
            <v11:timestamp>${=new java.text.SimpleDateFormat("yyyy-MM-dd'T'HH:mm:ss.SSS").format(new Date())}</v11:timestamp>
         </v1:messageContext>
         <v1:legalContext>ServiceIntegrator</v1:legalContext>
         <v1:request>
            <!--You have a CHOICE of the next 4 items at this level-->
            <!--
            <v12:iso-alpha2 startDate="?" endDate="?" status="?">?</v12:iso-alpha2>
            <v12:iso-alpha3 startDate="?" endDate="?" status="?">?</v12:iso-alpha3>
            <v12:iso-num3 startDate="?" endDate="?" status="?">?</v12:iso-num3>
            <v12:nis-num3 startDate="?" endDate="?" status="?">?</v12:nis-num3>
			-->
             <v12:iso-alpha2>NL</v12:iso-alpha2>
             
         </v1:request>
      </v1:getPlaceCountryRequest>
   </soapenv:Body>
</soapenv:Envelope>]]></con:request><con:credentials><con:selectedAuthProfile>Basic</con:selectedAuthProfile><con:addedBasicAuthenticationTypes>Basic</con:addedBasicAuthenticationTypes><con:authType>Global HTTP Settings</con:authType></con:credentials><con:jmsConfig JMSDeliveryMode="PERSISTENT"/><con:jmsPropertyConfig/><con:wsaConfig mustUnderstand="NONE" version="200508" action="http://fidus.brussels/services/countryservice/getPlaceCountry"/><con:wsrmConfig version="1.2"/></con:call><con:call id="2b3967a2-e4e4-4789-942a-83ac7edf0c07" name="04 - Staging External - Request"><con:settings><con:setting id="com.eviware.soapui.impl.wsdl.WsdlRequest@request-headers">&lt;xml-fragment/></con:setting></con:settings><con:encoding>UTF-8</con:encoding><con:endpoint>https://fidus.irisnetlab.be/services/CountryService_v1.0</con:endpoint><con:request><![CDATA[<soapenv:Envelope xmlns:soapenv="http://schemas.xmlsoap.org/soap/envelope/" xmlns:v1="http://fidus.brussels/service/countryservice/messages/v1" xmlns:v11="http://fidus.brussels/type/common/messages/v1" xmlns:v12="http://fsb.belgium.be/mappingServices/countryService/messages/v1_00">
   <soapenv:Header/>
   <soapenv:Body>
      <v1:getPlaceCountryRequest>
         <v1:messageContext>
            <v11:messageId>${=import static java.util.UUID.randomUUID; uuid = randomUUID() as String}</v11:messageId>
            <!--Optional:-->
            <v11:timestamp>${=new java.text.SimpleDateFormat("yyyy-MM-dd'T'HH:mm:ss.SSS").format(new Date())}</v11:timestamp>
         </v1:messageContext>
         <v1:legalContext>ServiceIntegrator</v1:legalContext>
         <v1:request>
            <!--You have a CHOICE of the next 4 items at this level-->
            <!--
            <v12:iso-alpha2 startDate="?" endDate="?" status="?">?</v12:iso-alpha2>
            <v12:iso-alpha3 startDate="?" endDate="?" status="?">?</v12:iso-alpha3>
            <v12:iso-num3 startDate="?" endDate="?" status="?">?</v12:iso-num3>
            <v12:nis-num3 startDate="?" endDate="?" status="?">?</v12:nis-num3>
			-->
             <v12:iso-alpha2>NL</v12:iso-alpha2>
             
         </v1:request>
      </v1:getPlaceCountryRequest>
   </soapenv:Body>
</soapenv:Envelope>]]></con:request><con:credentials><con:selectedAuthProfile>Basic</con:selectedAuthProfile><con:addedBasicAuthenticationTypes>Basic</con:addedBasicAuthenticationTypes><con:authType>Global HTTP Settings</con:authType></con:credentials><con:jmsConfig JMSDeliveryMode="PERSISTENT"/><con:jmsPropertyConfig/><con:wsaConfig mustUnderstand="NONE" version="200508" action="http://fidus.brussels/services/countryservice/getPlaceCountry"/><con:wsrmConfig version="1.2"/></con:call><con:call id="c21359ec-e2ac-4b32-a855-d2377bb7901f" name="05 - Prod External - Request"><con:settings><con:setting id="com.eviware.soapui.impl.wsdl.WsdlRequest@request-headers">&lt;xml-fragment/></con:setting></con:settings><con:encoding>UTF-8</con:encoding><con:endpoint>https://fidus.sec.brussels/services/CountryService_v1.0</con:endpoint><con:request><![CDATA[<soapenv:Envelope xmlns:soapenv="http://schemas.xmlsoap.org/soap/envelope/" xmlns:v1="http://fidus.brussels/service/countryservice/messages/v1" xmlns:v11="http://fidus.brussels/type/common/messages/v1" xmlns:v12="http://fsb.belgium.be/mappingServices/countryService/messages/v1_00">
   <soapenv:Header/>
   <soapenv:Body>
      <v1:getPlaceCountryRequest>
         <v1:messageContext>
            <v11:messageId>${=import static java.util.UUID.randomUUID; uuid = randomUUID() as String}</v11:messageId>
            <!--Optional:-->
            <v11:timestamp>${=new java.text.SimpleDateFormat("yyyy-MM-dd'T'HH:mm:ss.SSS").format(new Date())}</v11:timestamp>
         </v1:messageContext>
         <v1:legalContext>ServiceIntegrator</v1:legalContext>
         <v1:request>
            <!--You have a CHOICE of the next 4 items at this level-->
            <!--
            <v12:iso-alpha2 startDate="?" endDate="?" status="?">?</v12:iso-alpha2>
            <v12:iso-alpha3 startDate="?" endDate="?" status="?">?</v12:iso-alpha3>
            <v12:iso-num3 startDate="?" endDate="?" status="?">?</v12:iso-num3>
            <v12:nis-num3 startDate="?" endDate="?" status="?">?</v12:nis-num3>
			-->
             <v12:iso-alpha2>NL</v12:iso-alpha2>
             
         </v1:request>
      </v1:getPlaceCountryRequest>
   </soapenv:Body>
</soapenv:Envelope>]]></con:request><con:credentials><con:selectedAuthProfile>Basic</con:selectedAuthProfile><con:addedBasicAuthenticationTypes>Basic</con:addedBasicAuthenticationTypes><con:authType>Global HTTP Settings</con:authType></con:credentials><con:jmsConfig JMSDeliveryMode="PERSISTENT"/><con:jmsPropertyConfig/><con:wsaConfig mustUnderstand="NONE" version="200508" action="http://fidus.brussels/services/countryservice/getPlaceCountry"/><con:wsrmConfig version="1.2"/></con:call></con:operation><con:operation id="291f4af9-456f-4d71-bba4-a542b6b50a3d" isOneWay="false" action="http://fidus.brussels/services/countryservice/getPlaceCountryHistory" name="getPlaceCountryHistory" bindingOperationName="getPlaceCountryHistory" type="Request-Response" inputName="" receivesAttachments="false" sendsAttachments="false" anonymous="optional"><con:settings/><con:call id="daaac330-7a1c-4bba-a496-ddf8359d06f9" name="01 - Local - Request" outgoingWss="Outflow DEV" incomingWss="Inflow DEV"><con:settings><con:setting id="com.eviware.soapui.impl.wsdl.WsdlRequest@request-headers">&lt;xml-fragment/></con:setting></con:settings><con:encoding>UTF-8</con:encoding><con:endpoint>https://localhost:8243/services/CountryService_v1.0</con:endpoint><con:request><![CDATA[<soapenv:Envelope xmlns:soapenv="http://schemas.xmlsoap.org/soap/envelope/" xmlns:v1="http://fidus.brussels/service/countryservice/messages/v1" xmlns:v11="http://fidus.brussels/type/common/messages/v1" xmlns:v12="http://fsb.belgium.be/mappingServices/countryService/messages/v1_00">
   <soapenv:Header/>
   <soapenv:Body>
      <v1:getPlaceCountryHistoryRequest>
         <v1:messageContext>
            <v11:messageId>${=import static java.util.UUID.randomUUID; uuid = randomUUID() as String}</v11:messageId>
            <!--Optional:-->
            <v11:timestamp>${=new java.text.SimpleDateFormat("yyyy-MM-dd'T'HH:mm:ss.SSS").format(new Date())}</v11:timestamp>
         </v1:messageContext>
         <v1:legalContext>ServiceIntegrator</v1:legalContext>
         <v1:request>
            <v12:iso-alpha2>FR</v12:iso-alpha2>
            <!--Optional:-->
            <!--<v12:referenceDate>2016-10-10</v12:referenceDate>-->
         </v1:request>
      </v1:getPlaceCountryHistoryRequest>
   </soapenv:Body>
</soapenv:Envelope>


]]></con:request><con:credentials><con:selectedAuthProfile>Basic</con:selectedAuthProfile><con:addedBasicAuthenticationTypes>Basic</con:addedBasicAuthenticationTypes><con:authType>Global HTTP Settings</con:authType></con:credentials><con:jmsConfig JMSDeliveryMode="PERSISTENT"/><con:jmsPropertyConfig/><con:wsaConfig mustUnderstand="NONE" version="200508" action="http://fidus.brussels/services/countryservice/getPlaceCountryHistory"/><con:wsrmConfig version="1.2"/></con:call><con:call id="ff67598e-4872-4bfe-9178-20e9ed09f1d9" name="01 - Local - Request-Invalid-Iso_alpha2" outgoingWss="Outflow DEV" incomingWss="Inflow DEV"><con:settings><con:setting id="com.eviware.soapui.impl.wsdl.WsdlRequest@request-headers">&lt;xml-fragment/></con:setting></con:settings><con:encoding>UTF-8</con:encoding><con:endpoint>https://localhost:8243/services/CountryService_v1.0</con:endpoint><con:request><![CDATA[<soapenv:Envelope xmlns:soapenv="http://schemas.xmlsoap.org/soap/envelope/" xmlns:v1="http://fidus.brussels/service/countryservice/messages/v1" xmlns:v11="http://fidus.brussels/type/common/messages/v1" xmlns:v12="http://fsb.belgium.be/mappingServices/countryService/messages/v1_00">
   <soapenv:Header/>
   <soapenv:Body>
      <v1:getPlaceCountryHistoryRequest>
         <v1:messageContext>
            <v11:messageId>${=import static java.util.UUID.randomUUID; uuid = randomUUID() as String}</v11:messageId>
            <!--Optional:-->
            <v11:timestamp>${=new java.text.SimpleDateFormat("yyyy-MM-dd'T'HH:mm:ss.SSS").format(new Date())}</v11:timestamp>
         </v1:messageContext>
         <v1:legalContext>ServiceIntegrator</v1:legalContext>
         <v1:request>
            <v12:iso-alpha2>XX</v12:iso-alpha2>
            <!--Optional:-->
            <v12:referenceDate>2016-10-10</v12:referenceDate>
         </v1:request>
      </v1:getPlaceCountryHistoryRequest>
   </soapenv:Body>
</soapenv:Envelope>]]></con:request><con:credentials><con:selectedAuthProfile>Basic</con:selectedAuthProfile><con:addedBasicAuthenticationTypes>Basic</con:addedBasicAuthenticationTypes><con:authType>Global HTTP Settings</con:authType></con:credentials><con:jmsConfig JMSDeliveryMode="PERSISTENT"/><con:jmsPropertyConfig/><con:wsaConfig mustUnderstand="NONE" version="200508" action="http://fidus.brussels/services/countryservice/getPlaceCountryHistory"/><con:wsrmConfig version="1.2"/></con:call><con:call id="72136c5a-66a1-482e-9105-e06868c860b9" name="02 - Dev - Request" outgoingWss="Outflow DEV" incomingWss="Inflow DEV"><con:settings><con:setting id="com.eviware.soapui.impl.wsdl.WsdlRequest@request-headers">&lt;xml-fragment/></con:setting></con:settings><con:encoding>UTF-8</con:encoding><con:endpoint>https://192.168.36.61:8243/services/CountryService_v1.0</con:endpoint><con:request><![CDATA[<soapenv:Envelope xmlns:soapenv="http://schemas.xmlsoap.org/soap/envelope/" xmlns:v1="http://fidus.brussels/service/countryservice/messages/v1" xmlns:v11="http://fidus.brussels/type/common/messages/v1" xmlns:v12="http://fsb.belgium.be/mappingServices/countryService/messages/v1_00">
   <soapenv:Header/>
   <soapenv:Body xmlns:soapenv="http://schemas.xmlsoap.org/soap/envelope/" xmlns:wsu="http://docs.oasis-open.org/wss/2004/01/oasis-200401-wss-wssecurity-utility-1.0.xsd" wsu:Id="id-5C8D63ADC1427B4599147860106781222">
   <v1:getPlaceCountryHistoryRequest xmlns:v1="http://fidus.brussels/service/countryservice/messages/v1">
         <v1:messageContext>
            <v11:messageId xmlns:v11="http://fidus.brussels/type/common/messages/v1">504da2d0-a96a-41e9-b3dd-3c1f56039568</v11:messageId>
            <!--Optional:-->
            <v11:timestamp xmlns:v11="http://fidus.brussels/type/common/messages/v1">2016-11-08T11:31:07.809</v11:timestamp>
         </v1:messageContext>
         <v1:legalContext>ServiceIntegrator</v1:legalContext>
         <v1:request>
            <v12:iso-alpha2 xmlns:v12="http://fsb.belgium.be/mappingServices/countryService/messages/v1_00">NL</v12:iso-alpha2>
            <!--Optional:-->
            <v12:referenceDate xmlns:v12="http://fsb.belgium.be/mappingServices/countryService/messages/v1_00">2016-10-10</v12:referenceDate>
         </v1:request>
      </v1:getPlaceCountryHistoryRequest>
   </soapenv:Body>
</soapenv:Envelope>]]></con:request><con:credentials><con:selectedAuthProfile>Basic</con:selectedAuthProfile><con:addedBasicAuthenticationTypes>Basic</con:addedBasicAuthenticationTypes><con:authType>Global HTTP Settings</con:authType></con:credentials><con:jmsConfig JMSDeliveryMode="PERSISTENT"/><con:jmsPropertyConfig/><con:wsaConfig mustUnderstand="NONE" version="200508" action="http://fidus.brussels/services/countryservice/getPlaceCountryHistory"/><con:wsrmConfig version="1.2"/></con:call><con:call id="c54c9a3b-84d4-4dda-8068-d7e223e20799" name="03 - Test External - Request" outgoingWss="Outflow TEST" incomingWss="Inflow TEST"><con:settings><con:setting id="com.eviware.soapui.impl.wsdl.WsdlRequest@request-headers">&lt;xml-fragment/></con:setting></con:settings><con:encoding>UTF-8</con:encoding><con:endpoint>https://fidus-test.irisnetlab.be/services/CountryService_v1.0</con:endpoint><con:request><![CDATA[<soapenv:Envelope xmlns:soapenv="http://schemas.xmlsoap.org/soap/envelope/" xmlns:v1="http://fidus.brussels/service/countryservice/messages/v1" xmlns:v11="http://fidus.brussels/type/common/messages/v1" xmlns:v12="http://fsb.belgium.be/mappingServices/countryService/messages/v1_00">
   <soapenv:Header/>
   <soapenv:Body>
      <v1:getPlaceCountryHistoryRequest>
         <v1:messageContext>
            <v11:messageId>${=import static java.util.UUID.randomUUID; uuid = randomUUID() as String}</v11:messageId>
            <!--Optional:-->
            <v11:timestamp>${=new java.text.SimpleDateFormat("yyyy-MM-dd'T'HH:mm:ss.SSS").format(new Date())}</v11:timestamp>
         </v1:messageContext>
         <v1:legalContext>ServiceIntegrator</v1:legalContext>
         <v1:request>
            <v12:iso-alpha2>NL</v12:iso-alpha2>
         </v1:request>
      </v1:getPlaceCountryHistoryRequest>
   </soapenv:Body>
</soapenv:Envelope>]]></con:request><con:credentials><con:selectedAuthProfile>Basic</con:selectedAuthProfile><con:addedBasicAuthenticationTypes>Basic</con:addedBasicAuthenticationTypes><con:authType>Global HTTP Settings</con:authType></con:credentials><con:jmsConfig JMSDeliveryMode="PERSISTENT"/><con:jmsPropertyConfig/><con:wsaConfig mustUnderstand="NONE" version="200508" action="http://fidus.brussels/services/countryservice/getPlaceCountryHistory"/><con:wsrmConfig version="1.2"/></con:call><con:call id="d87e865f-c258-4cd7-9fd2-b3ccd8ba8016" name="03 - Test LB - Request" outgoingWss="Outflow TEST" incomingWss="Inflow TEST"><con:settings><con:setting id="com.eviware.soapui.impl.wsdl.WsdlRequest@request-headers">&lt;xml-fragment/></con:setting></con:settings><con:encoding>UTF-8</con:encoding><con:endpoint>https://fidus-esb-sg.sta.srv.cirb.lan:8443/services/CountryService_v1.0</con:endpoint><con:request><![CDATA[<soapenv:Envelope xmlns:soapenv="http://schemas.xmlsoap.org/soap/envelope/" xmlns:v1="http://fidus.brussels/service/countryservice/messages/v1" xmlns:v11="http://fidus.brussels/type/common/messages/v1" xmlns:v12="http://fsb.belgium.be/mappingServices/countryService/messages/v1_00">
   <soapenv:Header/>
   <soapenv:Body>
      <v1:getPlaceCountryHistoryRequest>
         <v1:messageContext>
            <v11:messageId>${=import static java.util.UUID.randomUUID; uuid = randomUUID() as String}</v11:messageId>
            <!--Optional:-->
            <v11:timestamp>${=new java.text.SimpleDateFormat("yyyy-MM-dd'T'HH:mm:ss.SSS").format(new Date())}</v11:timestamp>
         </v1:messageContext>
         <v1:legalContext>ServiceIntegrator</v1:legalContext>
         <v1:request>
            <v12:iso-alpha2>BR</v12:iso-alpha2>
            <!--Optional:-->
            <!--<v12:referenceDate>2016-10-10</v12:referenceDate>-->
         </v1:request>
      </v1:getPlaceCountryHistoryRequest>
   </soapenv:Body>
</soapenv:Envelope>]]></con:request><con:credentials><con:selectedAuthProfile>Basic</con:selectedAuthProfile><con:addedBasicAuthenticationTypes>Basic</con:addedBasicAuthenticationTypes><con:authType>Global HTTP Settings</con:authType></con:credentials><con:jmsConfig JMSDeliveryMode="PERSISTENT"/><con:jmsPropertyConfig/><con:wsaConfig mustUnderstand="NONE" version="200508" action="http://fidus.brussels/services/countryservice/getPlaceCountryHistory"/><con:wsrmConfig version="1.2"/></con:call><con:call id="4704ca99-6548-4729-ab8d-f40f5b3c296a" name="03 - Test Worker1 - Request" outgoingWss="Outflow TEST" incomingWss="Inflow TEST"><con:settings><con:setting id="com.eviware.soapui.impl.wsdl.WsdlRequest@request-headers">&lt;xml-fragment/></con:setting></con:settings><con:encoding>UTF-8</con:encoding><con:endpoint>https://192.168.24.16:8443/services/CountryService_v1.0</con:endpoint><con:request><![CDATA[<soapenv:Envelope xmlns:soapenv="http://schemas.xmlsoap.org/soap/envelope/" xmlns:v1="http://fidus.brussels/service/countryservice/messages/v1" xmlns:v11="http://fidus.brussels/type/common/messages/v1" xmlns:v12="http://fsb.belgium.be/mappingServices/countryService/messages/v1_00">
   <soapenv:Header/>
   <soapenv:Body>
      <v1:getPlaceCountryHistoryRequest>
         <v1:messageContext>
            <v11:messageId>${=import static java.util.UUID.randomUUID; uuid = randomUUID() as String}</v11:messageId>
            <!--Optional:-->
            <v11:timestamp>${=new java.text.SimpleDateFormat("yyyy-MM-dd'T'HH:mm:ss.SSS").format(new Date())}</v11:timestamp>
         </v1:messageContext>
         <v1:legalContext>ServiceIntegrator</v1:legalContext>
         <v1:request>
            <v12:iso-alpha2>PL</v12:iso-alpha2>
            <!--Optional:-->
            
         </v1:request>
      </v1:getPlaceCountryHistoryRequest>
   </soapenv:Body>
</soapenv:Envelope>]]></con:request><con:credentials><con:selectedAuthProfile>Basic</con:selectedAuthProfile><con:addedBasicAuthenticationTypes>Basic</con:addedBasicAuthenticationTypes><con:authType>Global HTTP Settings</con:authType></con:credentials><con:jmsConfig JMSDeliveryMode="PERSISTENT"/><con:jmsPropertyConfig/><con:wsaConfig mustUnderstand="NONE" version="200508" action="http://fidus.brussels/services/countryservice/getPlaceCountryHistory"/><con:wsrmConfig version="1.2"/></con:call><con:call id="cb2a1c4e-2361-4d4c-8b7f-86701a44921a" name="03 - Test Worker2 - Request" outgoingWss="Outflow TEST" incomingWss="Inflow TEST"><con:settings><con:setting id="com.eviware.soapui.impl.wsdl.WsdlRequest@request-headers">&lt;xml-fragment/></con:setting></con:settings><con:encoding>UTF-8</con:encoding><con:endpoint>https://192.168.24.17:8443/services/CountryService_v1.0</con:endpoint><con:request><![CDATA[<soapenv:Envelope xmlns:soapenv="http://schemas.xmlsoap.org/soap/envelope/" xmlns:v1="http://fidus.brussels/service/countryservice/messages/v1" xmlns:v11="http://fidus.brussels/type/common/messages/v1" xmlns:v12="http://fsb.belgium.be/mappingServices/countryService/messages/v1_00">
   <soapenv:Header/>
   <soapenv:Body>
      <v1:getPlaceCountryHistoryRequest>
         <v1:messageContext>
            <v11:messageId>${=import static java.util.UUID.randomUUID; uuid = randomUUID() as String}</v11:messageId>
            <!--Optional:-->
            <v11:timestamp>${=new java.text.SimpleDateFormat("yyyy-MM-dd'T'HH:mm:ss.SSS").format(new Date())}</v11:timestamp>
         </v1:messageContext>
         <v1:legalContext>ServiceIntegrator</v1:legalContext>
         <v1:request>
            <v12:iso-alpha2>DE</v12:iso-alpha2>
            <!--Optional:-->
            <v12:referenceDate>2000-01-01</v12:referenceDate>
         </v1:request>
      </v1:getPlaceCountryHistoryRequest>
   </soapenv:Body>
</soapenv:Envelope>]]></con:request><con:credentials><con:selectedAuthProfile>Basic</con:selectedAuthProfile><con:addedBasicAuthenticationTypes>Basic</con:addedBasicAuthenticationTypes><con:authType>Global HTTP Settings</con:authType></con:credentials><con:jmsConfig JMSDeliveryMode="PERSISTENT"/><con:jmsPropertyConfig/><con:wsaConfig mustUnderstand="NONE" version="200508" action="http://fidus.brussels/services/countryservice/getPlaceCountryHistory"/><con:wsrmConfig version="1.2"/></con:call><con:call id="f193594b-ff5a-4383-823d-a955ef07f1bb" name="02 - DevNew - Request" outgoingWss="Outflow DEV" incomingWss="Inflow DEV"><con:settings><con:setting id="com.eviware.soapui.impl.wsdl.WsdlRequest@request-headers">&lt;xml-fragment/></con:setting></con:settings><con:encoding>UTF-8</con:encoding><con:endpoint>https://192.168.36.75:8243/services/CountryService_v1.0</con:endpoint><con:request><![CDATA[<soapenv:Envelope xmlns:soapenv="http://schemas.xmlsoap.org/soap/envelope/" xmlns:v1="http://fidus.brussels/service/countryservice/messages/v1" xmlns:v11="http://fidus.brussels/type/common/messages/v1" xmlns:v12="http://fsb.belgium.be/mappingServices/countryService/messages/v1_00">
   <soapenv:Header/>
   <soapenv:Body xmlns:soapenv="http://schemas.xmlsoap.org/soap/envelope/" xmlns:wsu="http://docs.oasis-open.org/wss/2004/01/oasis-200401-wss-wssecurity-utility-1.0.xsd" wsu:Id="id-5C8D63ADC1427B4599147860106781222">
   <v1:getPlaceCountryHistoryRequest xmlns:v1="http://fidus.brussels/service/countryservice/messages/v1">
         <v1:messageContext>
            <v11:messageId xmlns:v11="http://fidus.brussels/type/common/messages/v1">504da2d0-a96a-41e9-b3dd-3c1f56039568</v11:messageId>
            <!--Optional:-->
            <v11:timestamp xmlns:v11="http://fidus.brussels/type/common/messages/v1">2016-11-08T11:31:07.809</v11:timestamp>
         </v1:messageContext>
         <v1:legalContext>ServiceIntegrator</v1:legalContext>
         <v1:request>
            <v12:iso-alpha2 xmlns:v12="http://fsb.belgium.be/mappingServices/countryService/messages/v1_00">NL</v12:iso-alpha2>
            <!--Optional:-->
            <v12:referenceDate xmlns:v12="http://fsb.belgium.be/mappingServices/countryService/messages/v1_00">2016-10-10</v12:referenceDate>
         </v1:request>
      </v1:getPlaceCountryHistoryRequest>
   </soapenv:Body>
</soapenv:Envelope>]]></con:request><con:credentials><con:selectedAuthProfile>Basic</con:selectedAuthProfile><con:addedBasicAuthenticationTypes>Basic</con:addedBasicAuthenticationTypes><con:authType>Global HTTP Settings</con:authType></con:credentials><con:jmsConfig JMSDeliveryMode="PERSISTENT"/><con:jmsPropertyConfig/><con:wsaConfig mustUnderstand="NONE" version="200508" action="http://fidus.brussels/services/countryservice/getPlaceCountryHistory"/><con:wsrmConfig version="1.2"/></con:call><con:call id="61200dc6-0df9-41e4-978a-1b9d4ae27745" name="04 - Staging External - Request" outgoingWss="Outflow STAGING" incomingWss="Inflow STAGING"><con:settings><con:setting id="com.eviware.soapui.impl.wsdl.WsdlRequest@request-headers">&lt;xml-fragment/></con:setting></con:settings><con:encoding>UTF-8</con:encoding><con:endpoint>https://fidus.irisnetlab.be/services/CountryService_v1.0</con:endpoint><con:request><![CDATA[<soapenv:Envelope xmlns:soapenv="http://schemas.xmlsoap.org/soap/envelope/" xmlns:v1="http://fidus.brussels/service/countryservice/messages/v1" xmlns:v11="http://fidus.brussels/type/common/messages/v1" xmlns:v12="http://fsb.belgium.be/mappingServices/countryService/messages/v1_00">
   <soapenv:Header/>
   <soapenv:Body>
      <v1:getPlaceCountryHistoryRequest>
         <v1:messageContext>
            <v11:messageId>${=import static java.util.UUID.randomUUID; uuid = randomUUID() as String}</v11:messageId>
            <!--Optional:-->
            <v11:timestamp>${=new java.text.SimpleDateFormat("yyyy-MM-dd'T'HH:mm:ss.SSS").format(new Date())}</v11:timestamp>
         </v1:messageContext>
         <v1:legalContext>ServiceIntegrator</v1:legalContext>
         <v1:request>
            <v12:iso-alpha2>NL</v12:iso-alpha2>
         </v1:request>
      </v1:getPlaceCountryHistoryRequest>
   </soapenv:Body>
</soapenv:Envelope>]]></con:request><con:credentials><con:selectedAuthProfile>Basic</con:selectedAuthProfile><con:addedBasicAuthenticationTypes>Basic</con:addedBasicAuthenticationTypes><con:authType>Global HTTP Settings</con:authType></con:credentials><con:jmsConfig JMSDeliveryMode="PERSISTENT"/><con:jmsPropertyConfig/><con:wsaConfig mustUnderstand="NONE" version="200508" action="http://fidus.brussels/services/countryservice/getPlaceCountryHistory"/><con:wsrmConfig version="1.2"/></con:call><con:call id="290e02d7-fcb5-417f-bd07-54db9e10bd64" name="05 - Prod External - Request" outgoingWss="Outflow PROD" incomingWss="Inflow PROD"><con:settings><con:setting id="com.eviware.soapui.impl.wsdl.WsdlRequest@request-headers">&lt;xml-fragment/></con:setting></con:settings><con:encoding>UTF-8</con:encoding><con:endpoint>https://fidus.sec.brussels/services/CountryService_v1.0</con:endpoint><con:request><![CDATA[<soapenv:Envelope xmlns:soapenv="http://schemas.xmlsoap.org/soap/envelope/" xmlns:v1="http://fidus.brussels/service/countryservice/messages/v1" xmlns:v11="http://fidus.brussels/type/common/messages/v1" xmlns:v12="http://fsb.belgium.be/mappingServices/countryService/messages/v1_00">
   <soapenv:Header/>
   <soapenv:Body>
      <v1:getPlaceCountryHistoryRequest>
         <v1:messageContext>
            <v11:messageId>${=import static java.util.UUID.randomUUID; uuid = randomUUID() as String}</v11:messageId>
            <!--Optional:-->
            <v11:timestamp>${=new java.text.SimpleDateFormat("yyyy-MM-dd'T'HH:mm:ss.SSS").format(new Date())}</v11:timestamp>
         </v1:messageContext>
         <v1:legalContext>ServiceIntegrator</v1:legalContext>
         <v1:request>
            <v12:iso-alpha2>NL</v12:iso-alpha2>
         </v1:request>
      </v1:getPlaceCountryHistoryRequest>
   </soapenv:Body>
</soapenv:Envelope>]]></con:request><con:credentials><con:selectedAuthProfile>Basic</con:selectedAuthProfile><con:addedBasicAuthenticationTypes>Basic</con:addedBasicAuthenticationTypes><con:authType>Global HTTP Settings</con:authType></con:credentials><con:jmsConfig JMSDeliveryMode="PERSISTENT"/><con:jmsPropertyConfig/><con:wsaConfig mustUnderstand="NONE" version="200508" action="http://fidus.brussels/services/countryservice/getPlaceCountryHistory"/><con:wsrmConfig version="1.2"/></con:call></con:operation></con:interface><con:testSuite id="755f148f-daff-4597-a47e-38227aa0beee" name="TEST"><con:settings/><con:runType>SEQUENTIAL</con:runType><con:testCase id="e6d8d0f2-ad89-470d-8820-d2155c0627d0" failOnError="true" failTestCaseOnErrors="true" keepSession="false" maxResults="0" name="getAddressCountries" searchProperties="true"><con:settings/><con:testStep type="request" id="5881fef1-581d-419b-81ed-be2b46b520f1" name="testcase03 - Test Worker1 - Request"><con:settings/><con:config xsi:type="con:RequestStep" xmlns:xsi="http://www.w3.org/2001/XMLSchema-instance"><con:interface>CountryServiceHTTPBinding</con:interface><con:operation>getAddressCountries</con:operation><con:request name="testcase03 - Test Worker1 - Request" id="2871074d-d10b-4153-ab77-9a42a88d2fa9" outgoingWss="Outflow TEST"><con:settings/><con:encoding>UTF-8</con:encoding><con:endpoint>https://192.168.24.45:8443/services/CountryService_v1.0</con:endpoint><con:request><![CDATA[<soapenv:Envelope xmlns:soapenv="http://schemas.xmlsoap.org/soap/envelope/" xmlns:v1="http://fidus.brussels/service/countryservice/messages/v1" xmlns:v11="http://fidus.brussels/type/common/messages/v1">
   <soapenv:Header/>
   <soapenv:Body>
      <v1:getAddressCountriesRequest>
         <v1:messageContext>
            <v11:messageId>${=import static java.util.UUID.randomUUID; uuid = randomUUID() as String}</v11:messageId>
            <!--Optional:-->
            <v11:timestamp>${=new java.text.SimpleDateFormat("yyyy-MM-dd'T'HH:mm:ss.SSS").format(new Date())}</v11:timestamp>
         </v1:messageContext>
         <v1:legalContext>ServiceIntegrator</v1:legalContext>
         <v1:request>
            <!--Optional:-->
            <v1:referenceDate>2016-10-10</v1:referenceDate>
         </v1:request>
      </v1:getAddressCountriesRequest>
   </soapenv:Body>
</soapenv:Envelope>]]></con:request><con:assertion type="SOAP Fault Assertion" id="7f7fdbf6-7fb0-4c89-96ff-786818aff8d7" name="Not SOAP Fault"/><con:assertion type="SOAP Response" id="0b5a2db9-6c36-4b18-914e-4f5b7c3ca1ce" name="SOAP Response"/><con:assertion type="Schema Compliance" id="b031509b-0542-4c8a-8d48-6efc17bbda2a" name="Schema Compliance"><con:configuration/></con:assertion><con:wsaConfig action="http://fidus.brussels/services/countryservice/getAddressCountries"/></con:request></con:config></con:testStep><con:testStep type="request" id="3602b81e-aa5e-4c39-a54e-95ba49e887b1" name="testcase03 - Test Worker2 - Request"><con:settings/><con:config xsi:type="con:RequestStep" xmlns:xsi="http://www.w3.org/2001/XMLSchema-instance"><con:interface>CountryServiceHTTPBinding</con:interface><con:operation>getAddressCountries</con:operation><con:request name="testcase03 - Test Worker2 - Request" id="efc9941b-0f88-4a60-be58-271ddadc787f" outgoingWss="Outflow TEST"><con:settings/><con:encoding>UTF-8</con:encoding><con:endpoint>https://192.168.24.51:8443/services/CountryService_v1.0</con:endpoint><con:request><![CDATA[<soapenv:Envelope xmlns:soapenv="http://schemas.xmlsoap.org/soap/envelope/" xmlns:v1="http://fidus.brussels/service/countryservice/messages/v1" xmlns:v11="http://fidus.brussels/type/common/messages/v1">
   <soapenv:Header/>
   <soapenv:Body>
      <v1:getAddressCountriesRequest>
         <v1:messageContext>
            <v11:messageId>${=import static java.util.UUID.randomUUID; uuid = randomUUID() as String}</v11:messageId>
            <!--Optional:-->
            <v11:timestamp>${=new java.text.SimpleDateFormat("yyyy-MM-dd'T'HH:mm:ss.SSS").format(new Date())}</v11:timestamp>
         </v1:messageContext>
         <v1:legalContext>ServiceIntegrator</v1:legalContext>
         <v1:request>
            <!--Optional:-->
            <v1:referenceDate>2016-10-10</v1:referenceDate>
         </v1:request>
      </v1:getAddressCountriesRequest>
   </soapenv:Body>
</soapenv:Envelope>]]></con:request><con:assertion type="SOAP Fault Assertion" id="bce5db67-cb26-4615-91f8-a4823160849d" name="Not SOAP Fault"/><con:assertion type="SOAP Response" id="ff6d045c-c258-41ac-855a-3764fa20ce33" name="SOAP Response"/><con:assertion type="Schema Compliance" id="3c3fbf92-4a93-4d8e-b144-bf484f88bb0e" name="Schema Compliance"><con:configuration/></con:assertion><con:wsaConfig action="http://fidus.brussels/services/countryservice/getAddressCountries"/></con:request></con:config></con:testStep><con:testStep type="request" id="8a7be6b3-7ede-4d7a-aad9-d0a80fc78ba8" name="testcase03 - Test External - Request"><con:settings/><con:config xsi:type="con:RequestStep" xmlns:xsi="http://www.w3.org/2001/XMLSchema-instance"><con:interface>CountryServiceHTTPBinding</con:interface><con:operation>getAddressCountries</con:operation><con:request name="testcase03 - Test External - Request" id="02bb3667-9849-43a5-9c2a-61c5526c17a5" outgoingWss="Outflow TEST"><con:settings/><con:encoding>UTF-8</con:encoding><con:endpoint>https://fidus-test.irisnetlab.be/services/CountryService_v1.0</con:endpoint><con:request><![CDATA[<soapenv:Envelope xmlns:soapenv="http://schemas.xmlsoap.org/soap/envelope/" xmlns:v1="http://fidus.brussels/service/countryservice/messages/v1" xmlns:v11="http://fidus.brussels/type/common/messages/v1">
   <soapenv:Header/>
   <soapenv:Body>
      <v1:getAddressCountriesRequest>
         <v1:messageContext>
            <v11:messageId>${=import static java.util.UUID.randomUUID; uuid = randomUUID() as String}</v11:messageId>
            <!--Optional:-->
            <v11:timestamp>${=new java.text.SimpleDateFormat("yyyy-MM-dd'T'HH:mm:ss.SSS").format(new Date())}</v11:timestamp>
         </v1:messageContext>
         <v1:legalContext>ServiceIntegrator</v1:legalContext>
         <v1:request>
            <!--Optional:-->
            <v1:referenceDate>2016-10-10</v1:referenceDate>
         </v1:request>
      </v1:getAddressCountriesRequest>
   </soapenv:Body>
</soapenv:Envelope>]]></con:request><con:assertion type="SOAP Fault Assertion" id="20e20c93-0deb-4f9c-a61d-ddd61f1eb744" name="Not SOAP Fault"/><con:assertion type="SOAP Response" id="b73c55aa-d20b-455f-a333-38bbf1e15016" name="SOAP Response"/><con:assertion type="Schema Compliance" id="e3883ceb-92b4-48d1-87fd-6aca0881d6e0" name="Schema Compliance"><con:configuration/></con:assertion><con:wsaConfig action="http://fidus.brussels/services/countryservice/getAddressCountries"/></con:request></con:config></con:testStep><con:testStep type="request" id="15c4b4eb-e205-4af4-9374-73d710b7a23d" name="testcase03 - Test LB - Request"><con:settings/><con:config xsi:type="con:RequestStep" xmlns:xsi="http://www.w3.org/2001/XMLSchema-instance"><con:interface>CountryServiceHTTPBinding</con:interface><con:operation>getAddressCountries</con:operation><con:request name="testcase03 - Test LB - Request" id="9510c83b-80bc-47a5-8f68-9d6ec2c8389e" outgoingWss="Outflow TEST"><con:settings/><con:encoding>UTF-8</con:encoding><con:endpoint>https://fidus-esb-sg.sta.srv.cirb.lan:8443/services/CountryService_v1.0</con:endpoint><con:request><![CDATA[<soapenv:Envelope xmlns:soapenv="http://schemas.xmlsoap.org/soap/envelope/" xmlns:v1="http://fidus.brussels/service/countryservice/messages/v1" xmlns:v11="http://fidus.brussels/type/common/messages/v1">
   <soapenv:Header/>
   <soapenv:Body>
      <v1:getAddressCountriesRequest>
         <v1:messageContext>
            <v11:messageId>${=import static java.util.UUID.randomUUID; uuid = randomUUID() as String}</v11:messageId>
            <!--Optional:-->
            <v11:timestamp>${=new java.text.SimpleDateFormat("yyyy-MM-dd'T'HH:mm:ss.SSS").format(new Date())}</v11:timestamp>
         </v1:messageContext>
         <v1:legalContext>ServiceIntegrator</v1:legalContext>
         <v1:request>
            <!--Optional:-->
            <v1:referenceDate>2016-10-10</v1:referenceDate>
         </v1:request>
      </v1:getAddressCountriesRequest>
   </soapenv:Body>
</soapenv:Envelope>]]></con:request><con:assertion type="SOAP Fault Assertion" id="de0f1bf2-ec44-49f8-8134-a68e6fb3f2e5" name="Not SOAP Fault"/><con:assertion type="SOAP Response" id="f40a8913-3b6f-4da8-8263-9436d9af2416" name="SOAP Response"/><con:assertion type="Schema Compliance" id="ab4e041d-6676-49f6-89b4-d2ce7cad5a08" name="Schema Compliance"><con:configuration/></con:assertion><con:wsaConfig action="http://fidus.brussels/services/countryservice/getAddressCountries"/></con:request></con:config></con:testStep><con:properties/></con:testCase><con:testCase id="f3e7df74-5226-4be7-9dc4-66e77e7f89c4" failOnError="true" failTestCaseOnErrors="true" keepSession="false" maxResults="0" name="getAddressCountry" searchProperties="true"><con:settings/><con:testStep type="request" id="0f2ce892-16f1-4c31-a9cd-ab0054f3f3c4" name="testcase03 - Test External - Request"><con:settings/><con:config xsi:type="con:RequestStep" xmlns:xsi="http://www.w3.org/2001/XMLSchema-instance"><con:interface>CountryServiceHTTPBinding</con:interface><con:operation>getAddressCountry</con:operation><con:request name="testcase03 - Test External - Request" id="0964216c-f4f3-46e0-bb4e-675afff3c3e3" outgoingWss="Outflow TEST"><con:settings/><con:encoding>UTF-8</con:encoding><con:endpoint>https://fidus-test.irisnetlab.be/services/CountryService_v1.0</con:endpoint><con:request><![CDATA[<soapenv:Envelope xmlns:soapenv="http://schemas.xmlsoap.org/soap/envelope/" xmlns:v1="http://fidus.brussels/service/countryservice/messages/v1" xmlns:v11="http://fidus.brussels/type/common/messages/v1" xmlns:v12="http://fsb.belgium.be/mappingServices/countryService/messages/v1_00">
   <soapenv:Header/>
   <soapenv:Body>
      <v1:getAddressCountryRequest>
         <v1:messageContext>
            <v11:messageId>${=import static java.util.UUID.randomUUID; uuid = randomUUID() as String}</v11:messageId>
            <!--Optional:-->
            <v11:timestamp>${=new java.text.SimpleDateFormat("yyyy-MM-dd'T'HH:mm:ss.SSS").format(new Date())}</v11:timestamp>
         </v1:messageContext>
         <v1:legalContext>ServiceIntegrator</v1:legalContext>
         <v1:request>
            <!--You have a CHOICE of the next 4 items at this level-->
            <v12:iso-alpha2>BE</v12:iso-alpha2>
            <!--<v12:iso-alpha3 startDate="?" endDate="?" status="?">?</v12:iso-alpha3>-->
            <!--<v12:iso-num3 startDate="?" endDate="?" status="?">?</v12:iso-num3>-->
            <!--<v12:nis-num3 startDate="?" endDate="?" status="?">?</v12:nis-num3>-->
         </v1:request>
      </v1:getAddressCountryRequest>
   </soapenv:Body>
</soapenv:Envelope>]]></con:request><con:assertion type="SOAP Fault Assertion" id="72d3ef9f-4f17-4fed-8822-59b24571df8d" name="Not SOAP Fault"/><con:assertion type="SOAP Response" id="334942d2-15c0-42b2-9907-c2ba9ce49b10" name="SOAP Response"/><con:assertion type="Schema Compliance" id="8ef401d9-109e-42d2-a031-0d1cd5b3da78" name="Schema Compliance"><con:configuration/></con:assertion><con:wsaConfig action="http://fidus.brussels/services/countryservice/getAddressCountry"/></con:request></con:config></con:testStep><con:testStep type="request" id="c607c0d2-759c-4639-aebf-a60c9e2a64b2" name="testcase03 - Test LB - Request"><con:settings/><con:config xsi:type="con:RequestStep" xmlns:xsi="http://www.w3.org/2001/XMLSchema-instance"><con:interface>CountryServiceHTTPBinding</con:interface><con:operation>getAddressCountry</con:operation><con:request name="testcase03 - Test LB - Request" id="a7b1e586-76d5-4ed1-888d-89f822f96dff" outgoingWss="Outflow TEST"><con:settings/><con:encoding>UTF-8</con:encoding><con:endpoint>https://fidus-esb-sg.sta.srv.cirb.lan:8443/services/CountryService_v1.0</con:endpoint><con:request><![CDATA[<soapenv:Envelope xmlns:soapenv="http://schemas.xmlsoap.org/soap/envelope/" xmlns:v1="http://fidus.brussels/service/countryservice/messages/v1" xmlns:v11="http://fidus.brussels/type/common/messages/v1" xmlns:v12="http://fsb.belgium.be/mappingServices/countryService/messages/v1_00">
   <soapenv:Header/>
   <soapenv:Body>
      <v1:getAddressCountryRequest>
         <v1:messageContext>
            <v11:messageId>${=import static java.util.UUID.randomUUID; uuid = randomUUID() as String}</v11:messageId>
            <!--Optional:-->
            <v11:timestamp>${=new java.text.SimpleDateFormat("yyyy-MM-dd'T'HH:mm:ss.SSS").format(new Date())}</v11:timestamp>
         </v1:messageContext>
         <v1:legalContext>ServiceIntegrator</v1:legalContext>
         <v1:request>
            <!--You have a CHOICE of the next 4 items at this level-->
            <v12:iso-alpha2>BE</v12:iso-alpha2>
            <!--<v12:iso-alpha3 startDate="?" endDate="?" status="?">?</v12:iso-alpha3>-->
            <!--<v12:iso-num3 startDate="?" endDate="?" status="?">?</v12:iso-num3>-->
            <!--<v12:nis-num3 startDate="?" endDate="?" status="?">?</v12:nis-num3>-->
         </v1:request>
      </v1:getAddressCountryRequest>
   </soapenv:Body>
</soapenv:Envelope>]]></con:request><con:assertion type="SOAP Fault Assertion" id="0b14a529-1a89-42c8-9b93-4179b7e9ca4d" name="Not SOAP Fault"/><con:assertion type="SOAP Response" id="fcb35be5-394a-4217-89a0-257807a55d2a" name="SOAP Response"/><con:assertion type="Schema Compliance" id="94e8e76f-4832-4d87-9eb7-f20f1c960530" name="Schema Compliance"><con:configuration/></con:assertion><con:wsaConfig action="http://fidus.brussels/services/countryservice/getAddressCountry"/></con:request></con:config></con:testStep><con:testStep type="request" id="cddc5813-63a4-4d57-9410-920ba01143b7" name="testcase03 - Test Worker1 - Request"><con:settings/><con:config xsi:type="con:RequestStep" xmlns:xsi="http://www.w3.org/2001/XMLSchema-instance"><con:interface>CountryServiceHTTPBinding</con:interface><con:operation>getAddressCountry</con:operation><con:request name="testcase03 - Test Worker1 - Request" id="0f9a28ab-500f-44d9-83d7-1a9874b9e9ec" outgoingWss="Outflow TEST"><con:settings/><con:encoding>UTF-8</con:encoding><con:endpoint>https://192.168.24.45:8443/services/CountryService_v1.0</con:endpoint><con:request><![CDATA[<soapenv:Envelope xmlns:soapenv="http://schemas.xmlsoap.org/soap/envelope/" xmlns:v1="http://fidus.brussels/service/countryservice/messages/v1" xmlns:v11="http://fidus.brussels/type/common/messages/v1" xmlns:v12="http://fsb.belgium.be/mappingServices/countryService/messages/v1_00">
   <soapenv:Header/>
   <soapenv:Body>
      <v1:getAddressCountryRequest>
         <v1:messageContext>
            <v11:messageId>${=import static java.util.UUID.randomUUID; uuid = randomUUID() as String}</v11:messageId>
            <!--Optional:-->
            <v11:timestamp>${=new java.text.SimpleDateFormat("yyyy-MM-dd'T'HH:mm:ss.SSS").format(new Date())}</v11:timestamp>
         </v1:messageContext>
         <v1:legalContext>ServiceIntegrator</v1:legalContext>
         <v1:request>
            <!--You have a CHOICE of the next 4 items at this level-->
            <v12:iso-alpha2>BE</v12:iso-alpha2>
            <!--<v12:iso-alpha3 startDate="?" endDate="?" status="?">?</v12:iso-alpha3>-->
            <!--<v12:iso-num3 startDate="?" endDate="?" status="?">?</v12:iso-num3>-->
            <!--<v12:nis-num3 startDate="?" endDate="?" status="?">?</v12:nis-num3>-->
         </v1:request>
      </v1:getAddressCountryRequest>
   </soapenv:Body>
</soapenv:Envelope>]]></con:request><con:assertion type="SOAP Fault Assertion" id="74626e34-d6a6-4fff-897a-b3ece5f31258" name="Not SOAP Fault"/><con:assertion type="SOAP Response" id="c8e2f484-0178-4bbf-b83d-8beb8d325d23" name="SOAP Response"/><con:assertion type="Schema Compliance" id="013b4c32-0cc1-4549-9a9f-4545bc8a6228" name="Schema Compliance"><con:configuration/></con:assertion><con:wsaConfig action="http://fidus.brussels/services/countryservice/getAddressCountry"/></con:request></con:config></con:testStep><con:testStep type="request" id="7a75ddab-5b37-48bf-982e-f8b6f5d2bd3d" name="testcase03 - Test Worker2 - Request"><con:settings/><con:config xsi:type="con:RequestStep" xmlns:xsi="http://www.w3.org/2001/XMLSchema-instance"><con:interface>CountryServiceHTTPBinding</con:interface><con:operation>getAddressCountry</con:operation><con:request name="testcase03 - Test Worker2 - Request" id="36de7e4d-d460-48be-b6c0-3b12a8f5b37a" outgoingWss="Outflow TEST"><con:settings/><con:encoding>UTF-8</con:encoding><con:endpoint>https://192.168.24.51:8443/services/CountryService_v1.0</con:endpoint><con:request><![CDATA[<soapenv:Envelope xmlns:soapenv="http://schemas.xmlsoap.org/soap/envelope/" xmlns:v1="http://fidus.brussels/service/countryservice/messages/v1" xmlns:v11="http://fidus.brussels/type/common/messages/v1" xmlns:v12="http://fsb.belgium.be/mappingServices/countryService/messages/v1_00">
   <soapenv:Header/>
   <soapenv:Body>
      <v1:getAddressCountryRequest>
         <v1:messageContext>
            <v11:messageId>${=import static java.util.UUID.randomUUID; uuid = randomUUID() as String}</v11:messageId>
            <!--Optional:-->
            <v11:timestamp>${=new java.text.SimpleDateFormat("yyyy-MM-dd'T'HH:mm:ss.SSS").format(new Date())}</v11:timestamp>
         </v1:messageContext>
         <v1:legalContext>ServiceIntegrator</v1:legalContext>
         <v1:request>
            <!--You have a CHOICE of the next 4 items at this level-->
            <v12:iso-alpha2>BE</v12:iso-alpha2>
            <!--<v12:iso-alpha3 startDate="?" endDate="?" status="?">?</v12:iso-alpha3>-->
            <!--<v12:iso-num3 startDate="?" endDate="?" status="?">?</v12:iso-num3>-->
            <!--<v12:nis-num3 startDate="?" endDate="?" status="?">?</v12:nis-num3>-->
         </v1:request>
      </v1:getAddressCountryRequest>
   </soapenv:Body>
</soapenv:Envelope>]]></con:request><con:assertion type="SOAP Fault Assertion" id="1e3d835e-8fab-43ff-bf36-3b5012b7b9f6" name="Not SOAP Fault"/><con:assertion type="SOAP Response" id="5f43b265-500c-40b7-bb7f-8d45a43ffb1a" name="SOAP Response"/><con:assertion type="Schema Compliance" id="634b388e-349b-4b35-8e32-9d563f315b88" name="Schema Compliance"><con:configuration/></con:assertion><con:wsaConfig action="http://fidus.brussels/services/countryservice/getAddressCountry"/></con:request></con:config></con:testStep><con:properties/></con:testCase><con:testCase id="49449574-d637-46a6-af14-b93b094da607" failOnError="true" failTestCaseOnErrors="true" keepSession="false" maxResults="0" name="getAddressCountryHistory" searchProperties="true"><con:settings/><con:testStep type="request" id="a3d1f17e-8e1d-4140-bfe3-4ccfd7415ad8" name="testcase03 - Test External - Request"><con:settings/><con:config xsi:type="con:RequestStep" xmlns:xsi="http://www.w3.org/2001/XMLSchema-instance"><con:interface>CountryServiceHTTPBinding</con:interface><con:operation>getAddressCountryHistory</con:operation><con:request name="testcase03 - Test External - Request" id="47c9fe18-060c-4312-bcaf-7551735ed599" outgoingWss="Outflow TEST"><con:settings/><con:encoding>UTF-8</con:encoding><con:endpoint>https://fidus-test.irisnetlab.be/services/CountryService_v1.0</con:endpoint><con:request><![CDATA[<soapenv:Envelope xmlns:soapenv="http://schemas.xmlsoap.org/soap/envelope/" xmlns:v1="http://fidus.brussels/service/countryservice/messages/v1" xmlns:v11="http://fidus.brussels/type/common/messages/v1" xmlns:v12="http://fsb.belgium.be/mappingServices/countryService/messages/v1_00">
   <soapenv:Header/>
   <soapenv:Body>
      <v1:getAddressCountryHistoryRequest>
         <v1:messageContext>
            <v11:messageId>${=import static java.util.UUID.randomUUID; uuid = randomUUID() as String}</v11:messageId>
            <v11:timestamp>${=new java.text.SimpleDateFormat("yyyy-MM-dd'T'HH:mm:ss.SSS").format(new Date())}</v11:timestamp>
         </v1:messageContext>
         <v1:legalContext>ServiceIntegrator</v1:legalContext>
         <v1:request>
            <v12:iso-alpha2>FR</v12:iso-alpha2>
            <v12:referenceDate>2016-10-10</v12:referenceDate>
         </v1:request>
      </v1:getAddressCountryHistoryRequest>
   </soapenv:Body>
</soapenv:Envelope>]]></con:request><con:assertion type="SOAP Fault Assertion" id="57d0b74d-7c6f-4085-b5fd-14ba08ff3f4b" name="Not SOAP Fault"/><con:assertion type="SOAP Response" id="85f21684-b0e7-406f-bbbb-99a955a49288" name="SOAP Response"/><con:assertion type="Schema Compliance" id="182f583c-f0e7-4e1a-af5b-6e902658ca01" name="Schema Compliance"><con:configuration/></con:assertion><con:wsaConfig action="http://fidus.brussels/services/countryservice/getAddressCountryHistory"/></con:request></con:config></con:testStep><con:testStep type="request" id="61473d6c-b2b9-42c5-b69a-c7286b87e6bb" name="testcase03 - Test LB - Request"><con:settings/><con:config xsi:type="con:RequestStep" xmlns:xsi="http://www.w3.org/2001/XMLSchema-instance"><con:interface>CountryServiceHTTPBinding</con:interface><con:operation>getAddressCountryHistory</con:operation><con:request name="testcase03 - Test LB - Request" id="6de336c2-01c2-49f6-b4ff-c2929973b1de" outgoingWss="Outflow TEST"><con:settings/><con:encoding>UTF-8</con:encoding><con:endpoint>https://fidus-esb-sg.sta.srv.cirb.lan:8443/services/CountryService_v1.0</con:endpoint><con:request><![CDATA[<soapenv:Envelope xmlns:soapenv="http://schemas.xmlsoap.org/soap/envelope/" xmlns:v1="http://fidus.brussels/service/countryservice/messages/v1" xmlns:v11="http://fidus.brussels/type/common/messages/v1" xmlns:v12="http://fsb.belgium.be/mappingServices/countryService/messages/v1_00">
   <soapenv:Header/>
   <soapenv:Body>
      <v1:getAddressCountryHistoryRequest>
         <v1:messageContext>
            <v11:messageId>${=import static java.util.UUID.randomUUID; uuid = randomUUID() as String}</v11:messageId>
            <v11:timestamp>${=new java.text.SimpleDateFormat("yyyy-MM-dd'T'HH:mm:ss.SSS").format(new Date())}</v11:timestamp>
         </v1:messageContext>
         <v1:legalContext>ServiceIntegrator</v1:legalContext>
         <v1:request>
            <v12:iso-alpha2>BE</v12:iso-alpha2>
            <v12:referenceDate>2016-10-10</v12:referenceDate>
         </v1:request>
      </v1:getAddressCountryHistoryRequest>
   </soapenv:Body>
</soapenv:Envelope>]]></con:request><con:assertion type="SOAP Fault Assertion" id="22baedec-debe-43df-9c61-085220f0fb3b" name="Not SOAP Fault"/><con:assertion type="SOAP Response" id="a68bb3fe-3fd5-497c-9ae4-70360be37f81" name="SOAP Response"/><con:assertion type="Schema Compliance" id="9bc1b063-94be-4d72-922d-e86c45221a6a" name="Schema Compliance"><con:configuration/></con:assertion><con:wsaConfig action="http://fidus.brussels/services/countryservice/getAddressCountryHistory"/></con:request></con:config></con:testStep><con:testStep type="request" id="39ea7e94-10e7-4621-b54f-66871d522e13" name="testcase03 - Test Worker1 - Request"><con:settings/><con:config xsi:type="con:RequestStep" xmlns:xsi="http://www.w3.org/2001/XMLSchema-instance"><con:interface>CountryServiceHTTPBinding</con:interface><con:operation>getAddressCountryHistory</con:operation><con:request name="testcase03 - Test Worker1 - Request" id="e783916c-2a1a-4162-be7a-bfeea4a349a7" outgoingWss="Outflow TEST"><con:settings/><con:encoding>UTF-8</con:encoding><con:endpoint>https://192.168.24.45:8443/services/CountryService_v1.0</con:endpoint><con:request><![CDATA[<soapenv:Envelope xmlns:soapenv="http://schemas.xmlsoap.org/soap/envelope/" xmlns:v1="http://fidus.brussels/service/countryservice/messages/v1" xmlns:v11="http://fidus.brussels/type/common/messages/v1" xmlns:v12="http://fsb.belgium.be/mappingServices/countryService/messages/v1_00">
   <soapenv:Header/>
   <soapenv:Body>
      <v1:getAddressCountryHistoryRequest>
         <v1:messageContext>
            <v11:messageId>${=import static java.util.UUID.randomUUID; uuid = randomUUID() as String}</v11:messageId>
            <!--Optional:-->
            <v11:timestamp>${=new java.text.SimpleDateFormat("yyyy-MM-dd'T'HH:mm:ss.SSS").format(new Date())}</v11:timestamp>
         </v1:messageContext>
         <v1:legalContext>ServiceIntegrator</v1:legalContext>
         <v1:request>
            <v12:iso-alpha2>NL</v12:iso-alpha2>
            <!--Optional:-->
            
         </v1:request>
      </v1:getAddressCountryHistoryRequest>
   </soapenv:Body>
</soapenv:Envelope>]]></con:request><con:assertion type="SOAP Fault Assertion" id="7bbfaad3-699e-4f41-ae6c-e9e0a7f440b1" name="Not SOAP Fault"/><con:assertion type="SOAP Response" id="e933661b-b8df-4c0e-8139-0ef411ba8ed3" name="SOAP Response"/><con:assertion type="Schema Compliance" id="ad4547f0-8088-4d99-afe2-8ca3bc47131a" name="Schema Compliance"><con:configuration/></con:assertion><con:wsaConfig action="http://fidus.brussels/services/countryservice/getAddressCountryHistory"/></con:request></con:config></con:testStep><con:testStep type="request" id="afd4857d-e406-46c7-8849-2344ed196fb0" name="testcase03 - Test Worker2 - Request"><con:settings/><con:config xsi:type="con:RequestStep" xmlns:xsi="http://www.w3.org/2001/XMLSchema-instance"><con:interface>CountryServiceHTTPBinding</con:interface><con:operation>getAddressCountryHistory</con:operation><con:request name="testcase03 - Test Worker2 - Request" id="97ae473b-7a54-49c4-9353-9272980d81e5" outgoingWss="Outflow TEST"><con:settings/><con:encoding>UTF-8</con:encoding><con:endpoint>https://192.168.24.51:8443/services/CountryService_v1.0</con:endpoint><con:request><![CDATA[<soapenv:Envelope xmlns:soapenv="http://schemas.xmlsoap.org/soap/envelope/" xmlns:v1="http://fidus.brussels/service/countryservice/messages/v1" xmlns:v11="http://fidus.brussels/type/common/messages/v1" xmlns:v12="http://fsb.belgium.be/mappingServices/countryService/messages/v1_00">
   <soapenv:Header/>
   <soapenv:Body>
      <v1:getAddressCountryHistoryRequest>
         <v1:messageContext>
            <v11:messageId>${=import static java.util.UUID.randomUUID; uuid = randomUUID() as String}</v11:messageId>
            <v11:timestamp>${=new java.text.SimpleDateFormat("yyyy-MM-dd'T'HH:mm:ss.SSS").format(new Date())}</v11:timestamp>
         </v1:messageContext>
         <v1:legalContext>ServiceIntegrator</v1:legalContext>
         <v1:request>
            <v12:iso-alpha2>AU</v12:iso-alpha2>
            <v12:referenceDate>2016-10-10</v12:referenceDate>
         </v1:request>
      </v1:getAddressCountryHistoryRequest>
   </soapenv:Body>
</soapenv:Envelope>]]></con:request><con:assertion type="SOAP Fault Assertion" id="96cd3f9f-0990-4a52-bbd8-5b5954c4a18a" name="Not SOAP Fault"/><con:assertion type="SOAP Response" id="f14e885b-10a2-4d0b-90e7-be9bbe1dd4ab" name="SOAP Response"/><con:assertion type="Schema Compliance" id="55ac4a03-111c-45b8-822e-ff96e2fc80f6" name="Schema Compliance"><con:configuration/></con:assertion><con:wsaConfig action="http://fidus.brussels/services/countryservice/getAddressCountryHistory"/></con:request></con:config></con:testStep><con:properties/></con:testCase><con:testCase id="b31a1a86-42f6-4e6c-bfb7-1dd315e09b1d" failOnError="true" failTestCaseOnErrors="true" keepSession="false" maxResults="0" name="getAllIsoCodes" searchProperties="true"><con:settings/><con:testStep type="request" id="04a19632-81aa-48c7-b252-cd367791c73c" name="testcase03 - Test Worker1 - Request"><con:settings/><con:config xsi:type="con:RequestStep" xmlns:xsi="http://www.w3.org/2001/XMLSchema-instance"><con:interface>CountryServiceHTTPBinding</con:interface><con:operation>getAllIsoCodes</con:operation><con:request name="testcase03 - Test Worker1 - Request" id="d4cabd09-d391-4961-a123-6c2efee228d6" outgoingWss="Outflow TEST"><con:settings/><con:encoding>UTF-8</con:encoding><con:endpoint>https://192.168.24.45:8443/services/CountryService_v1.0</con:endpoint><con:request><![CDATA[<soapenv:Envelope xmlns:soapenv="http://schemas.xmlsoap.org/soap/envelope/" xmlns:v1="http://fidus.brussels/service/countryservice/messages/v1" xmlns:v11="http://fidus.brussels/type/common/messages/v1">
   <soapenv:Header/>
   <soapenv:Body>
      <v1:getAllIsoCodesRequest>
         <v1:messageContext>
         	  <v11:messageId>${=import static java.util.UUID.randomUUID; uuid = randomUUID() as String}</v11:messageId>
            <v11:timestamp>${=new java.text.SimpleDateFormat("yyyy-MM-dd'T'HH:mm:ss.SSS").format(new Date())}</v11:timestamp>
         </v1:messageContext>
         <v1:legalContext>ServiceIntegrator</v1:legalContext>
         <v1:request>
            <!--Optional:-->
            <v1:referenceDate>2016-10-06</v1:referenceDate>
         </v1:request>
      </v1:getAllIsoCodesRequest>
   </soapenv:Body>
</soapenv:Envelope>]]></con:request><con:assertion type="SOAP Fault Assertion" id="cc1596c3-c383-455a-b74e-8ad63d26ee37" name="Not SOAP Fault"/><con:assertion type="SOAP Response" id="87e3eb68-b4cf-4e31-8d45-ee326c825c18" name="SOAP Response"/><con:assertion type="Schema Compliance" id="cd7a4181-849f-4fd5-b1e0-004eb681152a" name="Schema Compliance"><con:configuration/></con:assertion><con:wsaConfig action="http://fidus.brussels/services/countryservice/getAllIsoCodes"/></con:request></con:config></con:testStep><con:testStep type="request" id="c2480fdb-972b-4adf-bbf7-7d41d29dd43f" name="testcase03 - Test External - Request"><con:settings/><con:config xsi:type="con:RequestStep" xmlns:xsi="http://www.w3.org/2001/XMLSchema-instance"><con:interface>CountryServiceHTTPBinding</con:interface><con:operation>getAllIsoCodes</con:operation><con:request name="testcase03 - Test External - Request" id="ae4d3cac-aeff-4469-b188-660895b13657" outgoingWss="Outflow TEST"><con:settings/><con:encoding>UTF-8</con:encoding><con:endpoint>https://fidus-test.irisnetlab.be/services/CountryService_v1.0</con:endpoint><con:request><![CDATA[<soapenv:Envelope xmlns:soapenv="http://schemas.xmlsoap.org/soap/envelope/" xmlns:v1="http://fidus.brussels/service/countryservice/messages/v1" xmlns:v11="http://fidus.brussels/type/common/messages/v1">
   <soapenv:Header/>
   <soapenv:Body>
      <v1:getAllIsoCodesRequest>
         <v1:messageContext>
         	  <v11:messageId>${=import static java.util.UUID.randomUUID; uuid = randomUUID() as String}</v11:messageId>
            <v11:timestamp>${=new java.text.SimpleDateFormat("yyyy-MM-dd'T'HH:mm:ss.SSS").format(new Date())}</v11:timestamp>
         </v1:messageContext>
         <v1:legalContext>ServiceIntegrator</v1:legalContext>
         <v1:request>
            <!--Optional:-->
            <v1:referenceDate>2016-10-06</v1:referenceDate>
         </v1:request>
      </v1:getAllIsoCodesRequest>
   </soapenv:Body>
</soapenv:Envelope>]]></con:request><con:assertion type="SOAP Fault Assertion" id="2cb9e0c0-e000-4e7f-b962-9ca0e961d0b5" name="Not SOAP Fault"/><con:assertion type="SOAP Response" id="bf799a2b-d6a3-4cf5-884e-b6e46b680782" name="SOAP Response"/><con:assertion type="Schema Compliance" id="6a2fe6d5-d663-4965-886b-8284dcd7549c" name="Schema Compliance"><con:configuration/></con:assertion><con:wsaConfig action="http://fidus.brussels/services/countryservice/getAllIsoCodes"/></con:request></con:config></con:testStep><con:testStep type="request" id="22b1c9e0-1cc6-41cd-84c6-d4e5b643c9e6" name="testcase03 - Test LB - Request"><con:settings/><con:config xsi:type="con:RequestStep" xmlns:xsi="http://www.w3.org/2001/XMLSchema-instance"><con:interface>CountryServiceHTTPBinding</con:interface><con:operation>getAllIsoCodes</con:operation><con:request name="testcase03 - Test LB - Request" id="69c22f01-41d7-412b-85b5-03293f8baef0" outgoingWss="Outflow TEST"><con:settings/><con:encoding>UTF-8</con:encoding><con:endpoint>https://fidus-esb-sg.sta.srv.cirb.lan:8443/services/CountryService_v1.0</con:endpoint><con:request><![CDATA[<soapenv:Envelope xmlns:soapenv="http://schemas.xmlsoap.org/soap/envelope/" xmlns:v1="http://fidus.brussels/service/countryservice/messages/v1" xmlns:v11="http://fidus.brussels/type/common/messages/v1">
   <soapenv:Header/>
   <soapenv:Body>
      <v1:getAllIsoCodesRequest>
         <v1:messageContext>
         	  <v11:messageId>${=import static java.util.UUID.randomUUID; uuid = randomUUID() as String}</v11:messageId>
            <v11:timestamp>${=new java.text.SimpleDateFormat("yyyy-MM-dd'T'HH:mm:ss.SSS").format(new Date())}</v11:timestamp>
         </v1:messageContext>
         <v1:legalContext>ServiceIntegrator</v1:legalContext>
         <v1:request>
            <!--Optional:-->
            <v1:referenceDate>2016-10-06</v1:referenceDate>
         </v1:request>
      </v1:getAllIsoCodesRequest>
   </soapenv:Body>
</soapenv:Envelope>]]></con:request><con:assertion type="SOAP Fault Assertion" id="b92b75fc-2346-416f-908c-19c894e42b55" name="Not SOAP Fault"/><con:assertion type="SOAP Response" id="cf4bb879-e021-4da7-9d1e-abe22a085c25" name="SOAP Response"/><con:assertion type="Schema Compliance" id="ef04473c-249a-4792-b2bd-279b7f2b1c6a" name="Schema Compliance"><con:configuration/></con:assertion><con:wsaConfig action="http://fidus.brussels/services/countryservice/getAllIsoCodes"/></con:request></con:config></con:testStep><con:testStep type="request" id="3b2e5abf-2cfc-4120-bd75-08ae87c4a934" name="testcase03 - Test Worker2 - Request"><con:settings/><con:config xsi:type="con:RequestStep" xmlns:xsi="http://www.w3.org/2001/XMLSchema-instance"><con:interface>CountryServiceHTTPBinding</con:interface><con:operation>getAllIsoCodes</con:operation><con:request name="testcase03 - Test Worker2 - Request" id="fbc71316-9278-4704-8e75-da1ae4017e62" outgoingWss="Outflow TEST"><con:settings/><con:encoding>UTF-8</con:encoding><con:endpoint>https://192.168.24.51:8443/services/CountryService_v1.0</con:endpoint><con:request><![CDATA[<soapenv:Envelope xmlns:soapenv="http://schemas.xmlsoap.org/soap/envelope/" xmlns:v1="http://fidus.brussels/service/countryservice/messages/v1" xmlns:v11="http://fidus.brussels/type/common/messages/v1">
   <soapenv:Header/>
   <soapenv:Body>
      <v1:getAllIsoCodesRequest>
         <v1:messageContext>
         	  <v11:messageId>${=import static java.util.UUID.randomUUID; uuid = randomUUID() as String}</v11:messageId>
            <v11:timestamp>${=new java.text.SimpleDateFormat("yyyy-MM-dd'T'HH:mm:ss.SSS").format(new Date())}</v11:timestamp>
         </v1:messageContext>
         <v1:legalContext>ServiceIntegrator</v1:legalContext>
         <v1:request>
            <!--Optional:-->
            <v1:referenceDate>2016-10-06</v1:referenceDate>
         </v1:request>
      </v1:getAllIsoCodesRequest>
   </soapenv:Body>
</soapenv:Envelope>]]></con:request><con:assertion type="SOAP Fault Assertion" id="cc8aa33b-dd58-4b4b-8cd8-4a1e6f080101" name="Not SOAP Fault"/><con:assertion type="SOAP Response" id="bb283ea6-b43a-4697-a5a8-73becb29d17b" name="SOAP Response"/><con:assertion type="Schema Compliance" id="086c1997-4092-47c1-bb9d-749120785c90" name="Schema Compliance"><con:configuration/></con:assertion><con:wsaConfig action="http://fidus.brussels/services/countryservice/getAllIsoCodes"/></con:request></con:config></con:testStep><con:properties/></con:testCase><con:testCase id="88f4d15d-5ba1-47b7-885a-de699834c1f3" failOnError="true" failTestCaseOnErrors="true" keepSession="false" maxResults="0" name="getAllNisCodes" searchProperties="true"><con:settings/><con:testStep type="request" id="096238c2-539b-4ca0-b32d-ea546c61d350" name="testcase03 - Test External - Request"><con:settings/><con:config xsi:type="con:RequestStep" xmlns:xsi="http://www.w3.org/2001/XMLSchema-instance"><con:interface>CountryServiceHTTPBinding</con:interface><con:operation>getAllNisCodes</con:operation><con:request name="testcase03 - Test External - Request" id="df654705-c99a-439f-b64e-7a6c1f8403d7" outgoingWss="Outflow TEST"><con:settings/><con:encoding>UTF-8</con:encoding><con:endpoint>https://fidus-test.irisnetlab.be/services/CountryService_v1.0</con:endpoint><con:request><![CDATA[<soapenv:Envelope xmlns:soapenv="http://schemas.xmlsoap.org/soap/envelope/" xmlns:v1="http://fidus.brussels/service/countryservice/messages/v1" xmlns:v11="http://fidus.brussels/type/common/messages/v1">
   <soapenv:Header/>
   <soapenv:Body>
      <v1:getAllNisCodesRequest>
         <v1:messageContext>
            <v11:messageId>${=import static java.util.UUID.randomUUID; uuid = randomUUID() as String}</v11:messageId>            
            <v11:timestamp>${=new java.text.SimpleDateFormat("yyyy-MM-dd'T'HH:mm:ss.SSS").format(new Date())}</v11:timestamp>
         </v1:messageContext>
         <v1:legalContext>ServiceIntegrator</v1:legalContext>
         <v1:request>
            <!--Optional:-->
            <v1:referenceDate>2016-10-13</v1:referenceDate>
         </v1:request>
      </v1:getAllNisCodesRequest>
   </soapenv:Body>
</soapenv:Envelope>]]></con:request><con:assertion type="SOAP Fault Assertion" id="1336b5d3-f559-4dba-b664-476884c7788c" name="Not SOAP Fault"/><con:assertion type="SOAP Response" id="504b3375-2e7b-4491-9530-3eaea936fd51" name="SOAP Response"/><con:assertion type="Schema Compliance" id="f51b75e7-0de7-4ef5-af3a-6429a5feeb93" name="Schema Compliance"><con:configuration/></con:assertion><con:wsaConfig action="http://fidus.brussels/services/countryservice/getAllNisCodes"/></con:request></con:config></con:testStep><con:testStep type="request" id="6e4054bc-859c-4ce1-8a61-5f44c71b7255" name="testcase03 - Test LB - Request"><con:settings/><con:config xsi:type="con:RequestStep" xmlns:xsi="http://www.w3.org/2001/XMLSchema-instance"><con:interface>CountryServiceHTTPBinding</con:interface><con:operation>getAllNisCodes</con:operation><con:request name="testcase03 - Test LB - Request" id="8ceab789-9ab9-47fd-877f-32e287d01cca" outgoingWss="Outflow TEST"><con:settings/><con:encoding>UTF-8</con:encoding><con:endpoint>https://fidus-esb-sg.sta.srv.cirb.lan:8443/services/CountryService_v1.0</con:endpoint><con:request><![CDATA[<soapenv:Envelope xmlns:soapenv="http://schemas.xmlsoap.org/soap/envelope/" xmlns:v1="http://fidus.brussels/service/countryservice/messages/v1" xmlns:v11="http://fidus.brussels/type/common/messages/v1">
   <soapenv:Header/>
   <soapenv:Body>
      <v1:getAllNisCodesRequest>
         <v1:messageContext>
            <v11:messageId>${=import static java.util.UUID.randomUUID; uuid = randomUUID() as String}</v11:messageId>            
            <v11:timestamp>${=new java.text.SimpleDateFormat("yyyy-MM-dd'T'HH:mm:ss.SSS").format(new Date())}</v11:timestamp>
         </v1:messageContext>
         <v1:legalContext>ServiceIntegrator</v1:legalContext>
         <v1:request>
            <!--Optional:-->
            <v1:referenceDate>2016-10-13</v1:referenceDate>
         </v1:request>
      </v1:getAllNisCodesRequest>
   </soapenv:Body>
</soapenv:Envelope>]]></con:request><con:assertion type="SOAP Fault Assertion" id="306250a0-bd14-43b8-936d-15574c8b4faf" name="Not SOAP Fault"/><con:assertion type="SOAP Response" id="13ee2644-309d-46a0-ac69-edd02c6b8f37" name="SOAP Response"/><con:assertion type="Schema Compliance" id="d5ea16f0-b21f-40bf-9082-5a283c3feb4f" name="Schema Compliance"><con:configuration/></con:assertion><con:wsaConfig action="http://fidus.brussels/services/countryservice/getAllNisCodes"/></con:request></con:config></con:testStep><con:testStep type="request" id="afb5a1d9-f345-48b6-bac4-165669434fb7" name="testcase03 - Test Worker1 - Request"><con:settings/><con:config xsi:type="con:RequestStep" xmlns:xsi="http://www.w3.org/2001/XMLSchema-instance"><con:interface>CountryServiceHTTPBinding</con:interface><con:operation>getAllNisCodes</con:operation><con:request name="testcase03 - Test Worker1 - Request" id="f2117e13-7c35-43d9-8fc0-1c6e509c8331" outgoingWss="Outflow TEST"><con:settings/><con:encoding>UTF-8</con:encoding><con:endpoint>https://192.168.24.45:8443/services/CountryService_v1.0</con:endpoint><con:request><![CDATA[<soapenv:Envelope xmlns:soapenv="http://schemas.xmlsoap.org/soap/envelope/" xmlns:v1="http://fidus.brussels/service/countryservice/messages/v1" xmlns:v11="http://fidus.brussels/type/common/messages/v1">
   <soapenv:Header/>
   <soapenv:Body>
      <v1:getAllNisCodesRequest>
         <v1:messageContext>
            <v11:messageId>${=import static java.util.UUID.randomUUID; uuid = randomUUID() as String}</v11:messageId>            
            <v11:timestamp>${=new java.text.SimpleDateFormat("yyyy-MM-dd'T'HH:mm:ss.SSS").format(new Date())}</v11:timestamp>
         </v1:messageContext>
         <v1:legalContext>ServiceIntegrator</v1:legalContext>
         <v1:request>
            <!--Optional:-->
            <v1:referenceDate>2016-10-13</v1:referenceDate>
         </v1:request>
      </v1:getAllNisCodesRequest>
   </soapenv:Body>
</soapenv:Envelope>]]></con:request><con:assertion type="SOAP Fault Assertion" id="7557ec6f-af49-45e5-906e-9fbd89824f58" name="Not SOAP Fault"/><con:assertion type="SOAP Response" id="239be45a-690e-4a2c-b55f-5ed4b1b64acb" name="SOAP Response"/><con:assertion type="Schema Compliance" id="724d48da-0de2-4f30-b543-7f1b4ea38154" name="Schema Compliance"><con:configuration/></con:assertion><con:wsaConfig action="http://fidus.brussels/services/countryservice/getAllNisCodes"/></con:request></con:config></con:testStep><con:testStep type="request" id="77f9e6c3-481c-4a0f-8df5-955c6114e655" name="testcase03 - Test Worker2 - Request"><con:settings/><con:config xsi:type="con:RequestStep" xmlns:xsi="http://www.w3.org/2001/XMLSchema-instance"><con:interface>CountryServiceHTTPBinding</con:interface><con:operation>getAllNisCodes</con:operation><con:request name="testcase03 - Test Worker2 - Request" id="57638dbb-01aa-48a3-930f-caff3dc32397" outgoingWss="Outflow TEST"><con:settings/><con:encoding>UTF-8</con:encoding><con:endpoint>https://192.168.24.51:8443/services/CountryService_v1.0</con:endpoint><con:request><![CDATA[<soapenv:Envelope xmlns:soapenv="http://schemas.xmlsoap.org/soap/envelope/" xmlns:v1="http://fidus.brussels/service/countryservice/messages/v1" xmlns:v11="http://fidus.brussels/type/common/messages/v1">
   <soapenv:Header/>
   <soapenv:Body>
      <v1:getAllNisCodesRequest>
         <v1:messageContext>
            <v11:messageId>${=import static java.util.UUID.randomUUID; uuid = randomUUID() as String}</v11:messageId>            
            <v11:timestamp>${=new java.text.SimpleDateFormat("yyyy-MM-dd'T'HH:mm:ss.SSS").format(new Date())}</v11:timestamp>
         </v1:messageContext>
         <v1:legalContext>ServiceIntegrator</v1:legalContext>
         <v1:request>
            <!--Optional:-->
            <v1:referenceDate>2016-10-13</v1:referenceDate>
         </v1:request>
      </v1:getAllNisCodesRequest>
   </soapenv:Body>
</soapenv:Envelope>]]></con:request><con:assertion type="SOAP Fault Assertion" id="50a595f2-c3d4-4b64-bf84-30ee9c66b2d7" name="Not SOAP Fault"/><con:assertion type="SOAP Response" id="1f4fd616-f28c-4893-aad0-60a6e50d24fc" name="SOAP Response"/><con:assertion type="Schema Compliance" id="f967d863-7386-40bd-a203-e3e3b656bffc" name="Schema Compliance"><con:configuration/></con:assertion><con:wsaConfig action="http://fidus.brussels/services/countryservice/getAllNisCodes"/></con:request></con:config></con:testStep><con:properties/></con:testCase><con:testCase id="9dc6aeef-790a-44fa-ad51-a72eb7e8186f" failOnError="true" failTestCaseOnErrors="true" keepSession="false" maxResults="0" name="getNationalities" searchProperties="true"><con:settings/><con:testStep type="request" id="b8c9d67e-a532-40d7-bdf2-767f25126c40" name="testcase03 - Test External - Request"><con:settings/><con:config xsi:type="con:RequestStep" xmlns:xsi="http://www.w3.org/2001/XMLSchema-instance"><con:interface>CountryServiceHTTPBinding</con:interface><con:operation>getNationalities</con:operation><con:request name="testcase03 - Test External - Request" id="26809462-ed51-4afa-8d63-7141fa1d7171" outgoingWss="Outflow TEST"><con:settings/><con:encoding>UTF-8</con:encoding><con:endpoint>https://fidus-test.irisnetlab.be/services/CountryService_v1.0</con:endpoint><con:request><![CDATA[<soapenv:Envelope xmlns:soapenv="http://schemas.xmlsoap.org/soap/envelope/" xmlns:v1="http://fidus.brussels/service/countryservice/messages/v1" xmlns:v11="http://fidus.brussels/type/common/messages/v1">
   <soapenv:Header/>
   <soapenv:Body>
      <v1:getNationalitiesRequest>
         <v1:messageContext>
            <v11:messageId>${=import static java.util.UUID.randomUUID; uuid = randomUUID() as String}</v11:messageId>
            <!--Optional:-->
            <v11:timestamp>${=new java.text.SimpleDateFormat("yyyy-MM-dd'T'HH:mm:ss.SSS").format(new Date())}</v11:timestamp>
         </v1:messageContext>
         <v1:legalContext>ServiceIntegrator</v1:legalContext>
         <v1:request>
            <!--Optional:-->
            <v1:referenceDate>2016-10-13</v1:referenceDate>
         </v1:request>
      </v1:getNationalitiesRequest>
   </soapenv:Body>
</soapenv:Envelope>]]></con:request><con:assertion type="SOAP Fault Assertion" id="bb91a088-6668-436c-b846-b755f617c03e" name="Not SOAP Fault"/><con:assertion type="SOAP Response" id="81f2b2dd-7c13-4d68-899f-15e7de414f06" name="SOAP Response"/><con:assertion type="Schema Compliance" id="0cff8f23-431d-46aa-bd93-39fc83664a01" name="Schema Compliance"><con:configuration/></con:assertion><con:wsaConfig action="http://fidus.brussels/services/countryservice/getNationalities"/></con:request></con:config></con:testStep><con:testStep type="request" id="63136807-83fb-4d39-abb3-205176e7f0d6" name="testcase03 - Test LB - Request"><con:settings/><con:config xsi:type="con:RequestStep" xmlns:xsi="http://www.w3.org/2001/XMLSchema-instance"><con:interface>CountryServiceHTTPBinding</con:interface><con:operation>getNationalities</con:operation><con:request name="testcase03 - Test LB - Request" id="4a9c3205-3298-4dec-8c32-7848db17dc5e" outgoingWss="Outflow TEST"><con:settings/><con:encoding>UTF-8</con:encoding><con:endpoint>https://fidus-esb-sg.sta.srv.cirb.lan:8443/services/CountryService_v1.0</con:endpoint><con:request><![CDATA[<soapenv:Envelope xmlns:soapenv="http://schemas.xmlsoap.org/soap/envelope/" xmlns:v1="http://fidus.brussels/service/countryservice/messages/v1" xmlns:v11="http://fidus.brussels/type/common/messages/v1">
   <soapenv:Header/>
   <soapenv:Body>
      <v1:getNationalitiesRequest>
         <v1:messageContext>
            <v11:messageId>${=import static java.util.UUID.randomUUID; uuid = randomUUID() as String}</v11:messageId>
            <!--Optional:-->
            <v11:timestamp>${=new java.text.SimpleDateFormat("yyyy-MM-dd'T'HH:mm:ss.SSS").format(new Date())}</v11:timestamp>
         </v1:messageContext>
         <v1:legalContext>ServiceIntegrator</v1:legalContext>
         <v1:request>
            <!--Optional:-->
            <v1:referenceDate>2016-10-13</v1:referenceDate>
         </v1:request>
      </v1:getNationalitiesRequest>
   </soapenv:Body>
</soapenv:Envelope>]]></con:request><con:assertion type="SOAP Fault Assertion" id="85f61b8d-29eb-4757-a606-5e0ebdcbfb5b" name="Not SOAP Fault"/><con:assertion type="SOAP Response" id="2ef0067b-571e-4993-8d6b-d3b274ce2652" name="SOAP Response"/><con:assertion type="Schema Compliance" id="b201392c-03af-487c-b749-d6f3b98e0973" name="Schema Compliance"><con:configuration/></con:assertion><con:wsaConfig action="http://fidus.brussels/services/countryservice/getNationalities"/></con:request></con:config></con:testStep><con:testStep type="request" id="676a9c33-c9e5-46a9-85f6-a8d1e0f01a3f" name="testcase03 - Test Worker1 - Request"><con:settings/><con:config xsi:type="con:RequestStep" xmlns:xsi="http://www.w3.org/2001/XMLSchema-instance"><con:interface>CountryServiceHTTPBinding</con:interface><con:operation>getNationalities</con:operation><con:request name="testcase03 - Test Worker1 - Request" id="9e0b2370-e11c-482a-a85a-97e374b0ef27" outgoingWss="Outflow TEST"><con:settings/><con:encoding>UTF-8</con:encoding><con:endpoint>https://192.168.24.45:8443/services/CountryService_v1.0</con:endpoint><con:request><![CDATA[<soapenv:Envelope xmlns:soapenv="http://schemas.xmlsoap.org/soap/envelope/" xmlns:v1="http://fidus.brussels/service/countryservice/messages/v1" xmlns:v11="http://fidus.brussels/type/common/messages/v1">
   <soapenv:Header/>
   <soapenv:Body>
      <v1:getNationalitiesRequest>
         <v1:messageContext>
            <v11:messageId>${=import static java.util.UUID.randomUUID; uuid = randomUUID() as String}</v11:messageId>
            <!--Optional:-->
            <v11:timestamp>${=new java.text.SimpleDateFormat("yyyy-MM-dd'T'HH:mm:ss.SSS").format(new Date())}</v11:timestamp>
         </v1:messageContext>
         <v1:legalContext>ServiceIntegrator</v1:legalContext>
         <v1:request>
            <!--Optional:-->
            <v1:referenceDate>2016-10-13</v1:referenceDate>
         </v1:request>
      </v1:getNationalitiesRequest>
   </soapenv:Body>
</soapenv:Envelope>]]></con:request><con:assertion type="SOAP Fault Assertion" id="6084f0e5-a4a2-4df3-88ff-efb1e4d024de" name="Not SOAP Fault"/><con:assertion type="SOAP Response" id="f379bcf9-30d1-4142-9d8d-e858f5f7a7a4" name="SOAP Response"/><con:assertion type="Schema Compliance" id="2eebd082-f216-45d6-832d-723ce4a06c9c" name="Schema Compliance"><con:configuration/></con:assertion><con:wsaConfig action="http://fidus.brussels/services/countryservice/getNationalities"/></con:request></con:config></con:testStep><con:testStep type="request" id="5dd24256-3691-4a50-9af4-44ea4f4f1ef9" name="testcase03 - Test Worker2 - Request"><con:settings/><con:config xsi:type="con:RequestStep" xmlns:xsi="http://www.w3.org/2001/XMLSchema-instance"><con:interface>CountryServiceHTTPBinding</con:interface><con:operation>getNationalities</con:operation><con:request name="testcase03 - Test Worker2 - Request" id="add5295a-a97c-4797-95e3-754b2069e347" outgoingWss="Outflow TEST"><con:settings/><con:encoding>UTF-8</con:encoding><con:endpoint>https://192.168.24.51:8443/services/CountryService_v1.0</con:endpoint><con:request><![CDATA[<soapenv:Envelope xmlns:soapenv="http://schemas.xmlsoap.org/soap/envelope/" xmlns:v1="http://fidus.brussels/service/countryservice/messages/v1" xmlns:v11="http://fidus.brussels/type/common/messages/v1">
   <soapenv:Header/>
   <soapenv:Body>
      <v1:getNationalitiesRequest>
         <v1:messageContext>
            <v11:messageId>${=import static java.util.UUID.randomUUID; uuid = randomUUID() as String}</v11:messageId>
            <!--Optional:-->
            <v11:timestamp>${=new java.text.SimpleDateFormat("yyyy-MM-dd'T'HH:mm:ss.SSS").format(new Date())}</v11:timestamp>
         </v1:messageContext>
         <v1:legalContext>ServiceIntegrator</v1:legalContext>
         <v1:request>
            <!--Optional:-->
            <v1:referenceDate>2016-10-13</v1:referenceDate>
         </v1:request>
      </v1:getNationalitiesRequest>
   </soapenv:Body>
</soapenv:Envelope>]]></con:request><con:assertion type="SOAP Fault Assertion" id="73c2abc5-a356-43cc-b159-a50075e6dfe4" name="Not SOAP Fault"/><con:assertion type="SOAP Response" id="47cb3c8e-a8e6-4426-8b5a-94f09279b237" name="SOAP Response"/><con:assertion type="Schema Compliance" id="cfece39a-9095-44cb-bb27-3804b2293dc0" name="Schema Compliance"><con:configuration/></con:assertion><con:wsaConfig action="http://fidus.brussels/services/countryservice/getNationalities"/></con:request></con:config></con:testStep><con:properties/></con:testCase><con:testCase id="9d5f2d1d-861f-4199-913d-e9dfe13e0492" failOnError="true" failTestCaseOnErrors="true" keepSession="false" maxResults="0" name="getNationality" searchProperties="true"><con:settings/><con:testStep type="request" id="3f37e840-eb2c-4a73-87e6-81aecafea491" name="testcase03 - Test Worker1 - Request-Nis_num3_103"><con:settings/><con:config xsi:type="con:RequestStep" xmlns:xsi="http://www.w3.org/2001/XMLSchema-instance"><con:interface>CountryServiceHTTPBinding</con:interface><con:operation>getNationality</con:operation><con:request name="testcase03 - Test Worker1 - Request-Nis_num3_103" id="4043eccf-e153-4578-9db5-338916d249b0" outgoingWss="Outflow TEST"><con:settings/><con:encoding>UTF-8</con:encoding><con:endpoint>https://192.168.24.45:8443/services/CountryService_v1.0</con:endpoint><con:request><![CDATA[<soapenv:Envelope xmlns:soapenv="http://schemas.xmlsoap.org/soap/envelope/" xmlns:v1="http://fidus.brussels/service/countryservice/messages/v1" xmlns:v11="http://fidus.brussels/type/common/messages/v1" xmlns:v12="http://fsb.belgium.be/mappingServices/countryService/messages/v1_00">
   <soapenv:Header/>
   <soapenv:Body>
      <v1:getNationalityRequest>
         <v1:messageContext>
         	  <v11:messageId>${=import static java.util.UUID.randomUUID; uuid = randomUUID() as String}</v11:messageId>
            <v11:timestamp>${=new java.text.SimpleDateFormat("yyyy-MM-dd'T'HH:mm:ss.SSS").format(new Date())}</v11:timestamp>
         </v1:messageContext>
         <v1:legalContext>ServiceIntegrator</v1:legalContext>
         <v1:request>
            <!--You have a CHOICE of the next 4 items at this level-->
            <v12:iso-alpha2>BE</v12:iso-alpha2>           
         </v1:request>
      </v1:getNationalityRequest>
   </soapenv:Body>
</soapenv:Envelope>
]]></con:request><con:assertion type="SOAP Fault Assertion" id="54819243-56c8-4d90-985a-6d83fd7426f8" name="Not SOAP Fault"/><con:assertion type="SOAP Response" id="de6eadeb-a734-45cb-a590-1fd52e0341b4" name="SOAP Response"/><con:assertion type="Schema Compliance" id="5525f031-4338-444d-af36-7dafef7959cd" name="Schema Compliance"><con:configuration/></con:assertion><con:wsaConfig action="http://fidus.brussels/services/countryservice/getNationality"/></con:request></con:config></con:testStep><con:testStep type="request" id="1d51f16b-f56a-421e-ae92-e4bd4e3bac54" name="testcase03 - Test Worker1 -Request"><con:settings/><con:config xsi:type="con:RequestStep" xmlns:xsi="http://www.w3.org/2001/XMLSchema-instance"><con:interface>CountryServiceHTTPBinding</con:interface><con:operation>getNationality</con:operation><con:request name="testcase03 - Test Worker1 -Request" id="558d5525-7af2-4b62-afdc-4b53074f30d9" outgoingWss="Outflow TEST"><con:settings/><con:encoding>UTF-8</con:encoding><con:endpoint>https://192.168.24.45:8443/services/CountryService_v1.0</con:endpoint><con:request><![CDATA[<soapenv:Envelope xmlns:soapenv="http://schemas.xmlsoap.org/soap/envelope/" xmlns:v1="http://fidus.brussels/service/countryservice/messages/v1" xmlns:v11="http://fidus.brussels/type/common/messages/v1" xmlns:v12="http://fsb.belgium.be/mappingServices/countryService/messages/v1_00">
   <soapenv:Header/>
   <soapenv:Body>
      <v1:getNationalityRequest>
         <v1:messageContext>
         	  <v11:messageId>${=import static java.util.UUID.randomUUID; uuid = randomUUID() as String}</v11:messageId>
            <v11:timestamp>${=new java.text.SimpleDateFormat("yyyy-MM-dd'T'HH:mm:ss.SSS").format(new Date())}</v11:timestamp>
         </v1:messageContext>
         <v1:legalContext>ServiceIntegrator</v1:legalContext>
         <v1:request>
            <!--You have a CHOICE of the next 4 items at this level-->
            <v12:iso-alpha2>BE</v12:iso-alpha2>          
         </v1:request>
      </v1:getNationalityRequest>
   </soapenv:Body>
</soapenv:Envelope>]]></con:request><con:assertion type="SOAP Fault Assertion" id="be9c37ac-1221-42e7-b030-ceac504e63ae" name="Not SOAP Fault"/><con:assertion type="SOAP Response" id="afd233b4-830c-40b8-9e93-5b36e0bf0339" name="SOAP Response"/><con:assertion type="Schema Compliance" id="fbb000d2-8e56-4d07-bd37-de4c8447e7e8" name="Schema Compliance"><con:configuration/></con:assertion><con:wsaConfig action="http://fidus.brussels/services/countryservice/getNationality"/></con:request></con:config></con:testStep><con:testStep type="request" id="83be9aef-4df1-478d-90cd-e4c471efb18a" name="testcase03 - Test Worker2 -Request"><con:settings/><con:config xsi:type="con:RequestStep" xmlns:xsi="http://www.w3.org/2001/XMLSchema-instance"><con:interface>CountryServiceHTTPBinding</con:interface><con:operation>getNationality</con:operation><con:request name="testcase03 - Test Worker2 -Request" id="a75fd77d-88f7-40ec-bbca-6d6b76fc7a78" outgoingWss="Outflow TEST"><con:settings/><con:encoding>UTF-8</con:encoding><con:endpoint>https://192.168.24.51:8443/services/CountryService_v1.0</con:endpoint><con:request><![CDATA[<soapenv:Envelope xmlns:soapenv="http://schemas.xmlsoap.org/soap/envelope/" xmlns:v1="http://fidus.brussels/service/countryservice/messages/v1" xmlns:v11="http://fidus.brussels/type/common/messages/v1" xmlns:v12="http://fsb.belgium.be/mappingServices/countryService/messages/v1_00">
   <soapenv:Header/>
   <soapenv:Body>
      <v1:getNationalityRequest>
         <v1:messageContext>
         	  <v11:messageId>${=import static java.util.UUID.randomUUID; uuid = randomUUID() as String}</v11:messageId>
            <v11:timestamp>${=new java.text.SimpleDateFormat("yyyy-MM-dd'T'HH:mm:ss.SSS").format(new Date())}</v11:timestamp>
         </v1:messageContext>
         <v1:legalContext>ServiceIntegrator</v1:legalContext>
         <v1:request>
            <!--You have a CHOICE of the next 4 items at this level-->
            <v12:iso-alpha2>BE</v12:iso-alpha2>          
         </v1:request>
      </v1:getNationalityRequest>
   </soapenv:Body>
</soapenv:Envelope>]]></con:request><con:assertion type="SOAP Fault Assertion" id="d3b00944-782c-4c80-b5c6-f523a075835c" name="Not SOAP Fault"/><con:assertion type="SOAP Response" id="d6d1b324-7dde-4004-afb0-91308a3fe1c6" name="SOAP Response"/><con:assertion type="Schema Compliance" id="537702a3-158f-4355-984a-7f8790a331b8" name="Schema Compliance"><con:configuration/></con:assertion><con:wsaConfig action="http://fidus.brussels/services/countryservice/getNationality"/></con:request></con:config></con:testStep><con:testStep type="request" id="640699bd-6726-41df-b48d-796d7883c59d" name="testcase03 - Test External -Request"><con:settings/><con:config xsi:type="con:RequestStep" xmlns:xsi="http://www.w3.org/2001/XMLSchema-instance"><con:interface>CountryServiceHTTPBinding</con:interface><con:operation>getNationality</con:operation><con:request name="testcase03 - Test External -Request" id="79246d54-7eff-4bb9-bdec-e1700524c67d" outgoingWss="Outflow TEST"><con:settings/><con:encoding>UTF-8</con:encoding><con:endpoint>https://fidus-test.irisnetlab.be/services/CountryService_v1.0</con:endpoint><con:request><![CDATA[<soapenv:Envelope xmlns:soapenv="http://schemas.xmlsoap.org/soap/envelope/" xmlns:v1="http://fidus.brussels/service/countryservice/messages/v1" xmlns:v11="http://fidus.brussels/type/common/messages/v1" xmlns:v12="http://fsb.belgium.be/mappingServices/countryService/messages/v1_00">
   <soapenv:Header/>
   <soapenv:Body>
      <v1:getNationalityRequest>
         <v1:messageContext>
         	  <v11:messageId>${=import static java.util.UUID.randomUUID; uuid = randomUUID() as String}</v11:messageId>
            <v11:timestamp>${=new java.text.SimpleDateFormat("yyyy-MM-dd'T'HH:mm:ss.SSS").format(new Date())}</v11:timestamp>
         </v1:messageContext>
         <v1:legalContext>ServiceIntegrator</v1:legalContext>
         <v1:request>
            <!--You have a CHOICE of the next 4 items at this level-->
            <v12:iso-alpha2>BE</v12:iso-alpha2>          
         </v1:request>
      </v1:getNationalityRequest>
   </soapenv:Body>
</soapenv:Envelope>]]></con:request><con:assertion type="SOAP Fault Assertion" id="f72e28ad-479a-4633-8150-d0414e7558a0" name="Not SOAP Fault"/><con:assertion type="SOAP Response" id="5d130999-ba4f-457a-8725-284bd259a502" name="SOAP Response"/><con:assertion type="Schema Compliance" id="7fdeb682-f94f-47c9-98bc-e848941609e1" name="Schema Compliance"><con:configuration/></con:assertion><con:wsaConfig action="http://fidus.brussels/services/countryservice/getNationality"/></con:request></con:config></con:testStep><con:testStep type="request" id="6306abf8-5dbb-46c7-81e1-81c01a485013" name="testcase03 - Test LB -Request"><con:settings/><con:config xsi:type="con:RequestStep" xmlns:xsi="http://www.w3.org/2001/XMLSchema-instance"><con:interface>CountryServiceHTTPBinding</con:interface><con:operation>getNationality</con:operation><con:request name="testcase03 - Test LB -Request" id="029217dd-962f-4c64-b8a4-d11453341476" outgoingWss="Outflow TEST"><con:settings/><con:encoding>UTF-8</con:encoding><con:endpoint>https://fidus-esb-sg.sta.srv.cirb.lan:8443/services/CountryService_v1.0</con:endpoint><con:request><![CDATA[<soapenv:Envelope xmlns:soapenv="http://schemas.xmlsoap.org/soap/envelope/" xmlns:v1="http://fidus.brussels/service/countryservice/messages/v1" xmlns:v11="http://fidus.brussels/type/common/messages/v1" xmlns:v12="http://fsb.belgium.be/mappingServices/countryService/messages/v1_00">
   <soapenv:Header/>
   <soapenv:Body>
      <v1:getNationalityRequest>
         <v1:messageContext>
         	  <v11:messageId>${=import static java.util.UUID.randomUUID; uuid = randomUUID() as String}</v11:messageId>
            <v11:timestamp>${=new java.text.SimpleDateFormat("yyyy-MM-dd'T'HH:mm:ss.SSS").format(new Date())}</v11:timestamp>
         </v1:messageContext>
         <v1:legalContext>ServiceIntegrator</v1:legalContext>
         <v1:request>
            <!--You have a CHOICE of the next 4 items at this level-->
            <v12:iso-alpha2>BE</v12:iso-alpha2>          
         </v1:request>
      </v1:getNationalityRequest>
   </soapenv:Body>
</soapenv:Envelope>]]></con:request><con:assertion type="SOAP Fault Assertion" id="5fcf4fa3-847e-4c14-b459-1f43054b02df" name="Not SOAP Fault"/><con:assertion type="SOAP Response" id="c9e61a0c-6ec4-43c4-994c-999a4ae26109" name="SOAP Response"/><con:assertion type="Schema Compliance" id="92447035-3ae5-498d-acaf-8e7aa704996a" name="Schema Compliance"><con:configuration/></con:assertion><con:wsaConfig action="http://fidus.brussels/services/countryservice/getNationality"/></con:request></con:config></con:testStep><con:properties/></con:testCase><con:testCase id="14c13ca0-620e-46b3-bd4d-35748a820de6" failOnError="true" failTestCaseOnErrors="true" keepSession="false" maxResults="0" name="getNationalityHistory" searchProperties="true"><con:settings/><con:testStep type="request" id="511a799c-62c5-4c06-9af2-dde7aae243c8" name="testcase03 - Test External - Request"><con:settings/><con:config xsi:type="con:RequestStep" xmlns:xsi="http://www.w3.org/2001/XMLSchema-instance"><con:interface>CountryServiceHTTPBinding</con:interface><con:operation>getNationalityHistory</con:operation><con:request name="testcase03 - Test External - Request" id="d7ffd185-3d38-49f4-9c55-3ce5b5749488" outgoingWss="Outflow TEST"><con:settings/><con:encoding>UTF-8</con:encoding><con:endpoint>https://fidus-test.irisnetlab.be/services/CountryService_v1.0</con:endpoint><con:request><![CDATA[<soapenv:Envelope xmlns:soapenv="http://schemas.xmlsoap.org/soap/envelope/" xmlns:v1="http://fidus.brussels/service/countryservice/messages/v1" xmlns:v11="http://fidus.brussels/type/common/messages/v1" xmlns:v12="http://fsb.belgium.be/mappingServices/countryService/messages/v1_00">
   <soapenv:Header/>
   <soapenv:Body>
      <v1:getNationalityHistoryRequest>
         <v1:messageContext>
            <v11:messageId>${=import static java.util.UUID.randomUUID; uuid = randomUUID() as String}</v11:messageId>
            <!--Optional:-->
            <v11:timestamp>${=new java.text.SimpleDateFormat("yyyy-MM-dd'T'HH:mm:ss.SSS").format(new Date())}</v11:timestamp>
         </v1:messageContext>
         <v1:legalContext>ServiceIntegrator</v1:legalContext>
         <v1:request>
            <v12:iso-alpha3>FRA</v12:iso-alpha3>
            <!--Optional:-->
            <v12:referenceDate>2016-10-16</v12:referenceDate>
         </v1:request>
      </v1:getNationalityHistoryRequest>
   </soapenv:Body>
</soapenv:Envelope>]]></con:request><con:assertion type="SOAP Fault Assertion" id="0f809446-e86b-4cba-965a-8ab3006c64ba" name="Not SOAP Fault"/><con:assertion type="SOAP Response" id="760983c2-f92a-48ba-b515-cb946b094e6a" name="SOAP Response"/><con:assertion type="Schema Compliance" id="6197b041-f090-4fdc-ba19-714f849f85ae" name="Schema Compliance"><con:configuration/></con:assertion><con:wsaConfig action="http://fidus.brussels/services/countryservice/getNationalityHistory"/></con:request></con:config></con:testStep><con:testStep type="request" id="98eb2fd7-d9b5-4a73-b981-e153c749d004" name="testcase03 - Test LB - Request"><con:settings/><con:config xsi:type="con:RequestStep" xmlns:xsi="http://www.w3.org/2001/XMLSchema-instance"><con:interface>CountryServiceHTTPBinding</con:interface><con:operation>getNationalityHistory</con:operation><con:request name="testcase03 - Test LB - Request" id="017b8732-7674-48bc-8642-615961d2fcb6" outgoingWss="Outflow TEST"><con:settings/><con:encoding>UTF-8</con:encoding><con:endpoint>https://fidus-esb-sg.sta.srv.cirb.lan:8443/services/CountryService_v1.0</con:endpoint><con:request><![CDATA[<soapenv:Envelope xmlns:soapenv="http://schemas.xmlsoap.org/soap/envelope/" xmlns:v1="http://fidus.brussels/service/countryservice/messages/v1" xmlns:v11="http://fidus.brussels/type/common/messages/v1" xmlns:v12="http://fsb.belgium.be/mappingServices/countryService/messages/v1_00">
   <soapenv:Header/>
   <soapenv:Body>
      <v1:getNationalityHistoryRequest>
         <v1:messageContext>
            <v11:messageId>${=import static java.util.UUID.randomUUID; uuid = randomUUID() as String}</v11:messageId>
            <!--Optional:-->
            <v11:timestamp>${=new java.text.SimpleDateFormat("yyyy-MM-dd'T'HH:mm:ss.SSS").format(new Date())}</v11:timestamp>
         </v1:messageContext>
         <v1:legalContext>ServiceIntegrator</v1:legalContext>
         <v1:request>
            <v12:iso-alpha3>NLD</v12:iso-alpha3>
            <!--Optional:-->
            <v12:referenceDate>2016-10-16</v12:referenceDate>
         </v1:request>
      </v1:getNationalityHistoryRequest>
   </soapenv:Body>
</soapenv:Envelope>]]></con:request><con:assertion type="SOAP Fault Assertion" id="0e00c27e-63e0-4e5e-9a97-826358d3b570" name="Not SOAP Fault"/><con:assertion type="SOAP Response" id="cb2998e6-5906-4a73-bd89-9399df791329" name="SOAP Response"/><con:assertion type="Schema Compliance" id="bcedaf22-1aa0-4a46-a604-e4653df43856" name="Schema Compliance"><con:configuration/></con:assertion><con:wsaConfig action="http://fidus.brussels/services/countryservice/getNationalityHistory"/></con:request></con:config></con:testStep><con:testStep type="request" id="96772938-4953-4ef2-945e-f41f84149ded" name="testcase03 - Test Worker1 - Request"><con:settings/><con:config xsi:type="con:RequestStep" xmlns:xsi="http://www.w3.org/2001/XMLSchema-instance"><con:interface>CountryServiceHTTPBinding</con:interface><con:operation>getNationalityHistory</con:operation><con:request name="testcase03 - Test Worker1 - Request" id="0e2926f2-58b8-44af-af43-fb38b27976ba" outgoingWss="Outflow TEST"><con:settings/><con:encoding>UTF-8</con:encoding><con:endpoint>https://192.168.24.45:8443/services/CountryService_v1.0</con:endpoint><con:request><![CDATA[<soapenv:Envelope xmlns:soapenv="http://schemas.xmlsoap.org/soap/envelope/" xmlns:v1="http://fidus.brussels/service/countryservice/messages/v1" xmlns:v11="http://fidus.brussels/type/common/messages/v1" xmlns:v12="http://fsb.belgium.be/mappingServices/countryService/messages/v1_00">
   <soapenv:Header/>
   <soapenv:Body>
      <v1:getNationalityHistoryRequest>
         <v1:messageContext>
            <v11:messageId>${=import static java.util.UUID.randomUUID; uuid = randomUUID() as String}</v11:messageId>
            <!--Optional:-->
            <v11:timestamp>${=new java.text.SimpleDateFormat("yyyy-MM-dd'T'HH:mm:ss.SSS").format(new Date())}</v11:timestamp>
         </v1:messageContext>
         <v1:legalContext>ServiceIntegrator</v1:legalContext>
         <v1:request>
            <v12:iso-alpha3>AUS</v12:iso-alpha3>
            <!--Optional:-->
            <!--<v12:referenceDate>2016-10-16</v12:referenceDate>-->
         </v1:request>
      </v1:getNationalityHistoryRequest>
   </soapenv:Body>
</soapenv:Envelope>]]></con:request><con:assertion type="SOAP Fault Assertion" id="5937feb2-e527-4dd8-9d52-190556648e45" name="Not SOAP Fault"/><con:assertion type="SOAP Response" id="7453b687-482f-484b-a6e9-77cdbae058f6" name="SOAP Response"/><con:assertion type="Schema Compliance" id="44d5f800-9cc2-4a05-911d-d590ffe45035" name="Schema Compliance"><con:configuration/></con:assertion><con:wsaConfig action="http://fidus.brussels/services/countryservice/getNationalityHistory"/></con:request></con:config></con:testStep><con:testStep type="request" id="ee3907b5-1042-48fe-ba4e-dbad027c2bb7" name="testcase03 - Test Worker2 - Request"><con:settings/><con:config xsi:type="con:RequestStep" xmlns:xsi="http://www.w3.org/2001/XMLSchema-instance"><con:interface>CountryServiceHTTPBinding</con:interface><con:operation>getNationalityHistory</con:operation><con:request name="testcase03 - Test Worker2 - Request" id="315eb20d-cd96-4e2a-bf78-e752ec7047db" outgoingWss="Outflow TEST"><con:settings/><con:encoding>UTF-8</con:encoding><con:endpoint>https://192.168.24.51:8443/services/CountryService_v1.0</con:endpoint><con:request><![CDATA[<soapenv:Envelope xmlns:soapenv="http://schemas.xmlsoap.org/soap/envelope/" xmlns:v1="http://fidus.brussels/service/countryservice/messages/v1" xmlns:v11="http://fidus.brussels/type/common/messages/v1" xmlns:v12="http://fsb.belgium.be/mappingServices/countryService/messages/v1_00">
   <soapenv:Header/>
   <soapenv:Body>
      <v1:getNationalityHistoryRequest>
         <v1:messageContext>
            <v11:messageId>${=import static java.util.UUID.randomUUID; uuid = randomUUID() as String}</v11:messageId>
            <!--Optional:-->
            <v11:timestamp>${=new java.text.SimpleDateFormat("yyyy-MM-dd'T'HH:mm:ss.SSS").format(new Date())}</v11:timestamp>
         </v1:messageContext>
         <v1:legalContext>ServiceIntegrator</v1:legalContext>
         <v1:request>
            <v12:iso-alpha3>BRA</v12:iso-alpha3>
            <!--Optional:-->
            <v12:referenceDate>2000-01-01</v12:referenceDate>
         </v1:request>
      </v1:getNationalityHistoryRequest>
   </soapenv:Body>
</soapenv:Envelope>]]></con:request><con:assertion type="SOAP Fault Assertion" id="bf8605f2-2934-4f50-9956-2acedd6a6c6f" name="Not SOAP Fault"/><con:assertion type="SOAP Response" id="a1fbaa1f-72f4-48cd-ac13-48ce474bd756" name="SOAP Response"/><con:assertion type="Schema Compliance" id="919560c7-e09e-4fab-a4ce-ba34bd791f2f" name="Schema Compliance"><con:configuration/></con:assertion><con:wsaConfig action="http://fidus.brussels/services/countryservice/getNationalityHistory"/></con:request></con:config></con:testStep><con:properties/></con:testCase><con:testCase id="215f1d3c-e0ac-4e4d-8c95-f4e603811754" failOnError="true" failTestCaseOnErrors="true" keepSession="false" maxResults="0" name="getPlaceCountries" searchProperties="true"><con:settings/><con:testStep type="request" id="826d2d1a-ec0f-4955-8350-87bf6f6980ee" name="testcase03 - Test External - Request"><con:settings/><con:config xsi:type="con:RequestStep" xmlns:xsi="http://www.w3.org/2001/XMLSchema-instance"><con:interface>CountryServiceHTTPBinding</con:interface><con:operation>getPlaceCountries</con:operation><con:request name="testcase03 - Test External - Request" id="d03affd4-6be7-4c59-966b-3d83fc1397d1" outgoingWss="Outflow TEST"><con:settings/><con:encoding>UTF-8</con:encoding><con:endpoint>https://fidus-test.irisnetlab.be/services/CountryService_v1.0</con:endpoint><con:request><![CDATA[<soapenv:Envelope xmlns:soapenv="http://schemas.xmlsoap.org/soap/envelope/" xmlns:v1="http://fidus.brussels/service/countryservice/messages/v1" xmlns:v11="http://fidus.brussels/type/common/messages/v1">
   <soapenv:Header/>
   <soapenv:Body>
      <v1:getPlaceCountriesRequest>
         <v1:messageContext>
            <v11:messageId>${=import static java.util.UUID.randomUUID; uuid = randomUUID() as String}</v11:messageId>
            <!--Optional:-->
            <v11:timestamp>${=new java.text.SimpleDateFormat("yyyy-MM-dd'T'HH:mm:ss.SSS").format(new Date())}</v11:timestamp>
         </v1:messageContext>
         <v1:legalContext>ServiceIntegrator</v1:legalContext>
         <v1:request>
            <!--Optional:-->
            <v1:referenceDate>2016-10-14</v1:referenceDate>
         </v1:request>
      </v1:getPlaceCountriesRequest>
   </soapenv:Body>
</soapenv:Envelope>]]></con:request><con:assertion type="SOAP Fault Assertion" id="c2264cc7-00f8-4836-8665-34ec8b625f9d" name="Not SOAP Fault"/><con:assertion type="SOAP Response" id="56676b6b-f14c-49f4-8656-92d9f3d476bf" name="SOAP Response"/><con:assertion type="Schema Compliance" id="05cf0f10-5a75-4611-91e5-c3b2a294fa33" name="Schema Compliance"><con:configuration/></con:assertion><con:wsaConfig action="http://fidus.brussels/services/countryservice/getPlaceCountries"/></con:request></con:config></con:testStep><con:testStep type="request" id="918beb80-198d-4a29-a424-e84c6822e1ef" name="testcase03 - Test LB - Request"><con:settings/><con:config xsi:type="con:RequestStep" xmlns:xsi="http://www.w3.org/2001/XMLSchema-instance"><con:interface>CountryServiceHTTPBinding</con:interface><con:operation>getPlaceCountries</con:operation><con:request name="testcase03 - Test LB - Request" id="2417189a-1aa4-4674-a886-2783342022a3" outgoingWss="Outflow TEST"><con:settings/><con:encoding>UTF-8</con:encoding><con:endpoint>https://fidus-esb-sg.sta.srv.cirb.lan:8443/services/CountryService_v1.0</con:endpoint><con:request><![CDATA[<soapenv:Envelope xmlns:soapenv="http://schemas.xmlsoap.org/soap/envelope/" xmlns:v1="http://fidus.brussels/service/countryservice/messages/v1" xmlns:v11="http://fidus.brussels/type/common/messages/v1">
   <soapenv:Header/>
   <soapenv:Body>
      <v1:getPlaceCountriesRequest>
         <v1:messageContext>
            <v11:messageId>${=import static java.util.UUID.randomUUID; uuid = randomUUID() as String}</v11:messageId>
            <!--Optional:-->
            <v11:timestamp>${=new java.text.SimpleDateFormat("yyyy-MM-dd'T'HH:mm:ss.SSS").format(new Date())}</v11:timestamp>
         </v1:messageContext>
         <v1:legalContext>ServiceIntegrator</v1:legalContext>
         <v1:request>
            <!--Optional:-->
            <v1:referenceDate>2016-10-14</v1:referenceDate>
         </v1:request>
      </v1:getPlaceCountriesRequest>
   </soapenv:Body>
</soapenv:Envelope>]]></con:request><con:assertion type="SOAP Fault Assertion" id="f0f3f72c-4b2e-4c33-97fd-e64e2aa7946f" name="Not SOAP Fault"/><con:assertion type="SOAP Response" id="0df5d276-e5c5-48ab-8061-9f78d9d6686d" name="SOAP Response"/><con:assertion type="Schema Compliance" id="4939127c-341d-4f5b-a6cf-b18543fb40e9" name="Schema Compliance"><con:configuration/></con:assertion><con:wsaConfig action="http://fidus.brussels/services/countryservice/getPlaceCountries"/></con:request></con:config></con:testStep><con:testStep type="request" id="9d2f4712-2bcf-475c-b211-6ee89815ae2b" name="testcase03 - Test Worker1 - Request"><con:settings/><con:config xsi:type="con:RequestStep" xmlns:xsi="http://www.w3.org/2001/XMLSchema-instance"><con:interface>CountryServiceHTTPBinding</con:interface><con:operation>getPlaceCountries</con:operation><con:request name="testcase03 - Test Worker1 - Request" id="e19c10b5-caf1-4571-8437-3dcf3048f0fd" outgoingWss="Outflow TEST"><con:settings/><con:encoding>UTF-8</con:encoding><con:endpoint>https://192.168.24.45:8443/services/CountryService_v1.0</con:endpoint><con:request><![CDATA[<soapenv:Envelope xmlns:soapenv="http://schemas.xmlsoap.org/soap/envelope/" xmlns:v1="http://fidus.brussels/service/countryservice/messages/v1" xmlns:v11="http://fidus.brussels/type/common/messages/v1">
   <soapenv:Header/>
   <soapenv:Body>
      <v1:getPlaceCountriesRequest>
         <v1:messageContext>
            <v11:messageId>${=import static java.util.UUID.randomUUID; uuid = randomUUID() as String}</v11:messageId>
            <!--Optional:-->
            <v11:timestamp>${=new java.text.SimpleDateFormat("yyyy-MM-dd'T'HH:mm:ss.SSS").format(new Date())}</v11:timestamp>
         </v1:messageContext>
         <v1:legalContext>ServiceIntegrator</v1:legalContext>
         <v1:request>
            <!--Optional:-->
            <v1:referenceDate>2016-10-14</v1:referenceDate>
         </v1:request>
      </v1:getPlaceCountriesRequest>
   </soapenv:Body>
</soapenv:Envelope>]]></con:request><con:assertion type="SOAP Fault Assertion" id="05e9feaa-1d9d-48b6-918d-05406fec7023" name="Not SOAP Fault"/><con:assertion type="SOAP Response" id="b24217ec-3a07-4b4d-ae6e-21fe3668b79e" name="SOAP Response"/><con:assertion type="Schema Compliance" id="2f63b1f2-7752-4a23-95e9-41267f4d9e04" name="Schema Compliance"><con:configuration/></con:assertion><con:wsaConfig action="http://fidus.brussels/services/countryservice/getPlaceCountries"/></con:request></con:config></con:testStep><con:testStep type="request" id="57452f97-ad1e-4c76-a456-79541757b555" name="testcase03 - Test Worker2 - Request"><con:settings/><con:config xsi:type="con:RequestStep" xmlns:xsi="http://www.w3.org/2001/XMLSchema-instance"><con:interface>CountryServiceHTTPBinding</con:interface><con:operation>getPlaceCountries</con:operation><con:request name="testcase03 - Test Worker2 - Request" id="7dadf5db-1bc6-4e46-abb5-fdf73a962532" outgoingWss="Outflow TEST"><con:settings/><con:encoding>UTF-8</con:encoding><con:endpoint>https://192.168.24.51:8443/services/CountryService_v1.0</con:endpoint><con:request><![CDATA[<soapenv:Envelope xmlns:soapenv="http://schemas.xmlsoap.org/soap/envelope/" xmlns:v1="http://fidus.brussels/service/countryservice/messages/v1" xmlns:v11="http://fidus.brussels/type/common/messages/v1">
   <soapenv:Header/>
   <soapenv:Body>
      <v1:getPlaceCountriesRequest>
         <v1:messageContext>
            <v11:messageId>${=import static java.util.UUID.randomUUID; uuid = randomUUID() as String}</v11:messageId>
            <!--Optional:-->
            <v11:timestamp>${=new java.text.SimpleDateFormat("yyyy-MM-dd'T'HH:mm:ss.SSS").format(new Date())}</v11:timestamp>
         </v1:messageContext>
         <v1:legalContext>ServiceIntegrator</v1:legalContext>
         <v1:request>
            <!--Optional:-->
            <v1:referenceDate>2016-10-14</v1:referenceDate>
         </v1:request>
      </v1:getPlaceCountriesRequest>
   </soapenv:Body>
</soapenv:Envelope>]]></con:request><con:assertion type="SOAP Fault Assertion" id="e34fb5ec-cfa7-4f64-b3e7-30470bf8d6fb" name="Not SOAP Fault"/><con:assertion type="SOAP Response" id="d4ba7116-0e25-4d46-8efd-0b2e6f3dee1a" name="SOAP Response"/><con:assertion type="Schema Compliance" id="6ea0612a-2a57-43d2-8592-1b0b4f6a1432" name="Schema Compliance"><con:configuration/></con:assertion><con:wsaConfig action="http://fidus.brussels/services/countryservice/getPlaceCountries"/></con:request></con:config></con:testStep><con:properties/></con:testCase><con:testCase id="da6eabf5-c2f4-477f-99c3-c762fa3e80cc" failOnError="true" failTestCaseOnErrors="true" keepSession="false" maxResults="0" name="getPlaceCountry" searchProperties="true"><con:settings/><con:testStep type="request" id="7a383502-bdd2-431e-9e57-e956de1ab647" name="testcase03 - Test External - Request"><con:settings/><con:config xsi:type="con:RequestStep" xmlns:xsi="http://www.w3.org/2001/XMLSchema-instance"><con:interface>CountryServiceHTTPBinding</con:interface><con:operation>getPlaceCountry</con:operation><con:request name="testcase03 - Test External - Request" id="8b617e29-2eff-45d1-9724-26c0deabd267" outgoingWss="Outflow TEST"><con:settings/><con:encoding>UTF-8</con:encoding><con:endpoint>https://fidus-test.irisnetlab.be/services/CountryService_v1.0</con:endpoint><con:request><![CDATA[<soapenv:Envelope xmlns:soapenv="http://schemas.xmlsoap.org/soap/envelope/" xmlns:v1="http://fidus.brussels/service/countryservice/messages/v1" xmlns:v11="http://fidus.brussels/type/common/messages/v1" xmlns:v12="http://fsb.belgium.be/mappingServices/countryService/messages/v1_00">
   <soapenv:Header/>
   <soapenv:Body>
      <v1:getPlaceCountryRequest>
         <v1:messageContext>
            <v11:messageId>${=import static java.util.UUID.randomUUID; uuid = randomUUID() as String}</v11:messageId>
            <!--Optional:-->
            <v11:timestamp>${=new java.text.SimpleDateFormat("yyyy-MM-dd'T'HH:mm:ss.SSS").format(new Date())}</v11:timestamp>
         </v1:messageContext>
         <v1:legalContext>ServiceIntegrator</v1:legalContext>
         <v1:request>
            <!--You have a CHOICE of the next 4 items at this level-->
            <!--
            <v12:iso-alpha2 startDate="?" endDate="?" status="?">?</v12:iso-alpha2>
            <v12:iso-alpha3 startDate="?" endDate="?" status="?">?</v12:iso-alpha3>
            <v12:iso-num3 startDate="?" endDate="?" status="?">?</v12:iso-num3>
            <v12:nis-num3 startDate="?" endDate="?" status="?">?</v12:nis-num3>
			-->
             <v12:iso-alpha2>NL</v12:iso-alpha2>
             
         </v1:request>
      </v1:getPlaceCountryRequest>
   </soapenv:Body>
</soapenv:Envelope>]]></con:request><con:assertion type="SOAP Fault Assertion" id="011b9096-a1da-4c0f-b934-5e1e0f593293" name="Not SOAP Fault"/><con:assertion type="SOAP Response" id="e91fb313-68a5-44b7-88de-dc85adf65e81" name="SOAP Response"/><con:assertion type="Schema Compliance" id="fa902e64-f977-4656-b477-401aca03d037" name="Schema Compliance"><con:configuration/></con:assertion><con:wsaConfig action="http://fidus.brussels/services/countryservice/getPlaceCountry"/></con:request></con:config></con:testStep><con:testStep type="request" id="310435dd-9462-4785-8298-c39742dbb6d2" name="testcase03 - Test LB - Request"><con:settings/><con:config xsi:type="con:RequestStep" xmlns:xsi="http://www.w3.org/2001/XMLSchema-instance"><con:interface>CountryServiceHTTPBinding</con:interface><con:operation>getPlaceCountry</con:operation><con:request name="testcase03 - Test LB - Request" id="07a9add6-92d0-4cea-ad88-ed24ffb49ac8" outgoingWss="Outflow TEST"><con:settings/><con:encoding>UTF-8</con:encoding><con:endpoint>https://fidus-esb-sg.sta.srv.cirb.lan:8443/services/CountryService_v1.0</con:endpoint><con:request><![CDATA[<soapenv:Envelope xmlns:soapenv="http://schemas.xmlsoap.org/soap/envelope/" xmlns:v1="http://fidus.brussels/service/countryservice/messages/v1" xmlns:v11="http://fidus.brussels/type/common/messages/v1" xmlns:v12="http://fsb.belgium.be/mappingServices/countryService/messages/v1_00">
   <soapenv:Header/>
   <soapenv:Body>
      <v1:getPlaceCountryRequest>
         <v1:messageContext>
            <v11:messageId>${=import static java.util.UUID.randomUUID; uuid = randomUUID() as String}</v11:messageId>
            <!--Optional:-->
            <v11:timestamp>${=new java.text.SimpleDateFormat("yyyy-MM-dd'T'HH:mm:ss.SSS").format(new Date())}</v11:timestamp>
         </v1:messageContext>
         <v1:legalContext>ServiceIntegrator</v1:legalContext>
         <v1:request>
            <!--You have a CHOICE of the next 4 items at this level-->
            <!--
            <v12:iso-alpha2 startDate="?" endDate="?" status="?">?</v12:iso-alpha2>
            <v12:iso-alpha3 startDate="?" endDate="?" status="?">?</v12:iso-alpha3>
            <v12:iso-num3 startDate="?" endDate="?" status="?">?</v12:iso-num3>
            <v12:nis-num3 startDate="?" endDate="?" status="?">?</v12:nis-num3>
			-->
             <v12:iso-alpha2>NL</v12:iso-alpha2>
             
         </v1:request>
      </v1:getPlaceCountryRequest>
   </soapenv:Body>
</soapenv:Envelope>]]></con:request><con:assertion type="SOAP Fault Assertion" id="ee0594d6-4d15-47c1-a140-c8f33705c168" name="Not SOAP Fault"/><con:assertion type="SOAP Response" id="acde72e7-f53a-40cc-9be8-7a4df6ef38ae" name="SOAP Response"/><con:assertion type="Schema Compliance" id="855edc16-ec55-461e-9e98-ccbbe1d0bf2a" name="Schema Compliance"><con:configuration/></con:assertion><con:wsaConfig action="http://fidus.brussels/services/countryservice/getPlaceCountry"/></con:request></con:config></con:testStep><con:testStep type="request" id="f0a79b35-466e-4d87-90db-613769255645" name="testcase03 - Test Worker1 - Request"><con:settings/><con:config xsi:type="con:RequestStep" xmlns:xsi="http://www.w3.org/2001/XMLSchema-instance"><con:interface>CountryServiceHTTPBinding</con:interface><con:operation>getPlaceCountry</con:operation><con:request name="testcase03 - Test Worker1 - Request" id="2ef86f9c-c541-410f-97c7-149382621d8a" outgoingWss="Outflow TEST"><con:settings/><con:encoding>UTF-8</con:encoding><con:endpoint>https://192.168.24.45:8443/services/CountryService_v1.0</con:endpoint><con:request><![CDATA[<soapenv:Envelope xmlns:soapenv="http://schemas.xmlsoap.org/soap/envelope/" xmlns:v1="http://fidus.brussels/service/countryservice/messages/v1" xmlns:v11="http://fidus.brussels/type/common/messages/v1" xmlns:v12="http://fsb.belgium.be/mappingServices/countryService/messages/v1_00">
   <soapenv:Header/>
   <soapenv:Body>
      <v1:getPlaceCountryRequest>
         <v1:messageContext>
            <v11:messageId>${=import static java.util.UUID.randomUUID; uuid = randomUUID() as String}</v11:messageId>
            <!--Optional:-->
            <v11:timestamp>${=new java.text.SimpleDateFormat("yyyy-MM-dd'T'HH:mm:ss.SSS").format(new Date())}</v11:timestamp>
         </v1:messageContext>
         <v1:legalContext>ServiceIntegrator</v1:legalContext>
         <v1:request>
            <!--You have a CHOICE of the next 4 items at this level-->
            <!--
            <v12:iso-alpha2 startDate="?" endDate="?" status="?">?</v12:iso-alpha2>
            <v12:iso-alpha3 startDate="?" endDate="?" status="?">?</v12:iso-alpha3>
            <v12:iso-num3 startDate="?" endDate="?" status="?">?</v12:iso-num3>
            <v12:nis-num3 startDate="?" endDate="?" status="?">?</v12:nis-num3>
			-->
             <v12:iso-alpha2>NL</v12:iso-alpha2>
             
         </v1:request>
      </v1:getPlaceCountryRequest>
   </soapenv:Body>
</soapenv:Envelope>]]></con:request><con:assertion type="SOAP Fault Assertion" id="e7fec56b-528b-4d6b-8f85-7d805a7dea09" name="Not SOAP Fault"/><con:assertion type="SOAP Response" id="9a085168-8b12-4849-82af-f8482a3b83c9" name="SOAP Response"/><con:assertion type="Schema Compliance" id="e798eab9-143d-4fc0-a464-e5363a76f3c3" name="Schema Compliance"><con:configuration/></con:assertion><con:wsaConfig action="http://fidus.brussels/services/countryservice/getPlaceCountry"/></con:request></con:config></con:testStep><con:testStep type="request" id="1b6d5341-d5cc-4c98-af19-55c8821d6877" name="testcase03 - Test Worker2 - Request"><con:settings/><con:config xsi:type="con:RequestStep" xmlns:xsi="http://www.w3.org/2001/XMLSchema-instance"><con:interface>CountryServiceHTTPBinding</con:interface><con:operation>getPlaceCountry</con:operation><con:request name="testcase03 - Test Worker2 - Request" id="2b3881e0-4666-4be0-b25c-0e2681286d85" outgoingWss="Outflow TEST"><con:settings/><con:encoding>UTF-8</con:encoding><con:endpoint>https://192.168.24.51:8443/services/CountryService_v1.0</con:endpoint><con:request><![CDATA[<soapenv:Envelope xmlns:soapenv="http://schemas.xmlsoap.org/soap/envelope/" xmlns:v1="http://fidus.brussels/service/countryservice/messages/v1" xmlns:v11="http://fidus.brussels/type/common/messages/v1" xmlns:v12="http://fsb.belgium.be/mappingServices/countryService/messages/v1_00">
   <soapenv:Header/>
   <soapenv:Body>
      <v1:getPlaceCountryRequest>
         <v1:messageContext>
            <v11:messageId>${=import static java.util.UUID.randomUUID; uuid = randomUUID() as String}</v11:messageId>
            <!--Optional:-->
            <v11:timestamp>${=new java.text.SimpleDateFormat("yyyy-MM-dd'T'HH:mm:ss.SSS").format(new Date())}</v11:timestamp>
         </v1:messageContext>
         <v1:legalContext>ServiceIntegrator</v1:legalContext>
         <v1:request>
            <!--You have a CHOICE of the next 4 items at this level-->
            <!--
            <v12:iso-alpha2 startDate="?" endDate="?" status="?">?</v12:iso-alpha2>
            <v12:iso-alpha3 startDate="?" endDate="?" status="?">?</v12:iso-alpha3>
            <v12:iso-num3 startDate="?" endDate="?" status="?">?</v12:iso-num3>
            <v12:nis-num3 startDate="?" endDate="?" status="?">?</v12:nis-num3>
			-->
             <v12:iso-alpha2>NL</v12:iso-alpha2>
             
         </v1:request>
      </v1:getPlaceCountryRequest>
   </soapenv:Body>
</soapenv:Envelope>]]></con:request><con:assertion type="SOAP Fault Assertion" id="7bcf2f30-02ed-4fb5-b69a-dc83658a010c" name="Not SOAP Fault"/><con:assertion type="SOAP Response" id="9b15c6d1-57e7-463d-bca5-4bf52745f3b2" name="SOAP Response"/><con:assertion type="Schema Compliance" id="3f8428df-0bc3-4f4e-abe5-ccb67deb299b" name="Schema Compliance"><con:configuration/></con:assertion><con:wsaConfig action="http://fidus.brussels/services/countryservice/getPlaceCountry"/></con:request></con:config></con:testStep><con:properties/></con:testCase><con:testCase id="c73421aa-1541-499b-ac37-5ea9401c793a" failOnError="true" failTestCaseOnErrors="true" keepSession="false" maxResults="0" name="getPlaceCountryHistory" searchProperties="true"><con:settings/><con:testStep type="request" id="daa8b95b-8b99-46cb-bf01-4f7e7a7e400b" name="testcase03 - Test External - Request"><con:settings/><con:config xsi:type="con:RequestStep" xmlns:xsi="http://www.w3.org/2001/XMLSchema-instance"><con:interface>CountryServiceHTTPBinding</con:interface><con:operation>getPlaceCountryHistory</con:operation><con:request name="testcase03 - Test External - Request" id="f93e8f03-9ba6-4356-a867-57f1b2340b1a" outgoingWss="Outflow TEST"><con:settings/><con:encoding>UTF-8</con:encoding><con:endpoint>https://fidus-test.irisnetlab.be/services/CountryService_v1.0</con:endpoint><con:request><![CDATA[<soapenv:Envelope xmlns:soapenv="http://schemas.xmlsoap.org/soap/envelope/" xmlns:v1="http://fidus.brussels/service/countryservice/messages/v1" xmlns:v11="http://fidus.brussels/type/common/messages/v1" xmlns:v12="http://fsb.belgium.be/mappingServices/countryService/messages/v1_00">
   <soapenv:Header/>
   <soapenv:Body>
      <v1:getPlaceCountryHistoryRequest>
         <v1:messageContext>
            <v11:messageId>${=import static java.util.UUID.randomUUID; uuid = randomUUID() as String}</v11:messageId>
            <!--Optional:-->
            <v11:timestamp>${=new java.text.SimpleDateFormat("yyyy-MM-dd'T'HH:mm:ss.SSS").format(new Date())}</v11:timestamp>
         </v1:messageContext>
         <v1:legalContext>ServiceIntegrator</v1:legalContext>
         <v1:request>
            <v12:iso-alpha2>NL</v12:iso-alpha2>
         </v1:request>
      </v1:getPlaceCountryHistoryRequest>
   </soapenv:Body>
</soapenv:Envelope>]]></con:request><con:assertion type="SOAP Fault Assertion" id="f357bd4c-1d58-4027-a683-26e99749b74d" name="Not SOAP Fault"/><con:assertion type="SOAP Response" id="acd21062-8c40-4091-acae-d1af066f91e1" name="SOAP Response"/><con:assertion type="Schema Compliance" id="1722418d-1066-4a89-94d4-4ba5527544f4" name="Schema Compliance"><con:configuration/></con:assertion><con:wsaConfig action="http://fidus.brussels/services/countryservice/getPlaceCountryHistory"/></con:request></con:config></con:testStep><con:testStep type="request" id="ba95da4e-0647-4119-84dc-6e515dcca2df" name="testcase03 - Test LB - Request"><con:settings/><con:config xsi:type="con:RequestStep" xmlns:xsi="http://www.w3.org/2001/XMLSchema-instance"><con:interface>CountryServiceHTTPBinding</con:interface><con:operation>getPlaceCountryHistory</con:operation><con:request name="testcase03 - Test LB - Request" id="38d07edc-0ae8-4e55-866b-0b74a613999f" outgoingWss="Outflow TEST"><con:settings/><con:encoding>UTF-8</con:encoding><con:endpoint>https://fidus-esb-sg.sta.srv.cirb.lan:8443/services/CountryService_v1.0</con:endpoint><con:request><![CDATA[<soapenv:Envelope xmlns:soapenv="http://schemas.xmlsoap.org/soap/envelope/" xmlns:v1="http://fidus.brussels/service/countryservice/messages/v1" xmlns:v11="http://fidus.brussels/type/common/messages/v1" xmlns:v12="http://fsb.belgium.be/mappingServices/countryService/messages/v1_00">
   <soapenv:Header/>
   <soapenv:Body>
      <v1:getPlaceCountryHistoryRequest>
         <v1:messageContext>
            <v11:messageId>${=import static java.util.UUID.randomUUID; uuid = randomUUID() as String}</v11:messageId>
            <!--Optional:-->
            <v11:timestamp>${=new java.text.SimpleDateFormat("yyyy-MM-dd'T'HH:mm:ss.SSS").format(new Date())}</v11:timestamp>
         </v1:messageContext>
         <v1:legalContext>ServiceIntegrator</v1:legalContext>
         <v1:request>
            <v12:iso-alpha2>BR</v12:iso-alpha2>
            <!--Optional:-->
            <!--<v12:referenceDate>2016-10-10</v12:referenceDate>-->
         </v1:request>
      </v1:getPlaceCountryHistoryRequest>
   </soapenv:Body>
</soapenv:Envelope>]]></con:request><con:assertion type="SOAP Fault Assertion" id="db6a23f1-b6de-44e9-8e77-b10312d84537" name="Not SOAP Fault"/><con:assertion type="SOAP Response" id="cfc97861-e992-41a4-ac35-f4f6d3c95e06" name="SOAP Response"/><con:assertion type="Schema Compliance" id="2b1bdeb8-5c0a-4470-8c8d-1ef9b29a831c" name="Schema Compliance"><con:configuration/></con:assertion><con:wsaConfig action="http://fidus.brussels/services/countryservice/getPlaceCountryHistory"/></con:request></con:config></con:testStep><con:testStep type="request" id="026a1745-2988-4bc8-8fad-6df49d6aa84d" name="testcase03 - Test Worker1 - Request"><con:settings/><con:config xsi:type="con:RequestStep" xmlns:xsi="http://www.w3.org/2001/XMLSchema-instance"><con:interface>CountryServiceHTTPBinding</con:interface><con:operation>getPlaceCountryHistory</con:operation><con:request name="testcase03 - Test Worker1 - Request" id="9a6d82bd-3499-400d-89c7-51416e51ba98" outgoingWss="Outflow TEST"><con:settings/><con:encoding>UTF-8</con:encoding><con:endpoint>https://192.168.24.45:8443/services/CountryService_v1.0</con:endpoint><con:request><![CDATA[<soapenv:Envelope xmlns:soapenv="http://schemas.xmlsoap.org/soap/envelope/" xmlns:v1="http://fidus.brussels/service/countryservice/messages/v1" xmlns:v11="http://fidus.brussels/type/common/messages/v1" xmlns:v12="http://fsb.belgium.be/mappingServices/countryService/messages/v1_00">
   <soapenv:Header/>
   <soapenv:Body>
      <v1:getPlaceCountryHistoryRequest>
         <v1:messageContext>
            <v11:messageId>${=import static java.util.UUID.randomUUID; uuid = randomUUID() as String}</v11:messageId>
            <!--Optional:-->
            <v11:timestamp>${=new java.text.SimpleDateFormat("yyyy-MM-dd'T'HH:mm:ss.SSS").format(new Date())}</v11:timestamp>
         </v1:messageContext>
         <v1:legalContext>ServiceIntegrator</v1:legalContext>
         <v1:request>
            <v12:iso-alpha2>PL</v12:iso-alpha2>
            <!--Optional:-->
            
         </v1:request>
      </v1:getPlaceCountryHistoryRequest>
   </soapenv:Body>
</soapenv:Envelope>]]></con:request><con:assertion type="SOAP Fault Assertion" id="a4f84cb3-d826-49f4-9c11-900fd311d0a3" name="Not SOAP Fault"/><con:assertion type="SOAP Response" id="250f3819-6b8e-477a-8eb1-42a4048723f3" name="SOAP Response"/><con:assertion type="Schema Compliance" id="9699f077-6ee2-489c-b2de-e45219269da6" name="Schema Compliance"><con:configuration/></con:assertion><con:wsaConfig action="http://fidus.brussels/services/countryservice/getPlaceCountryHistory"/></con:request></con:config></con:testStep><con:testStep type="request" id="5186bcc8-eb9d-48cd-941d-8c1fc3ad2d64" name="testcase03 - Test Worker2 - Request"><con:settings/><con:config xsi:type="con:RequestStep" xmlns:xsi="http://www.w3.org/2001/XMLSchema-instance"><con:interface>CountryServiceHTTPBinding</con:interface><con:operation>getPlaceCountryHistory</con:operation><con:request name="testcase03 - Test Worker2 - Request" id="efbc2c62-fd6e-4a4a-8693-4321346c449d" outgoingWss="Outflow TEST"><con:settings/><con:encoding>UTF-8</con:encoding><con:endpoint>https://192.168.24.51:8443/services/CountryService_v1.0</con:endpoint><con:request><![CDATA[<soapenv:Envelope xmlns:soapenv="http://schemas.xmlsoap.org/soap/envelope/" xmlns:v1="http://fidus.brussels/service/countryservice/messages/v1" xmlns:v11="http://fidus.brussels/type/common/messages/v1" xmlns:v12="http://fsb.belgium.be/mappingServices/countryService/messages/v1_00">
   <soapenv:Header/>
   <soapenv:Body>
      <v1:getPlaceCountryHistoryRequest>
         <v1:messageContext>
            <v11:messageId>${=import static java.util.UUID.randomUUID; uuid = randomUUID() as String}</v11:messageId>
            <!--Optional:-->
            <v11:timestamp>${=new java.text.SimpleDateFormat("yyyy-MM-dd'T'HH:mm:ss.SSS").format(new Date())}</v11:timestamp>
         </v1:messageContext>
         <v1:legalContext>ServiceIntegrator</v1:legalContext>
         <v1:request>
            <v12:iso-alpha2>DE</v12:iso-alpha2>
            <!--Optional:-->
            <v12:referenceDate>2000-01-01</v12:referenceDate>
         </v1:request>
      </v1:getPlaceCountryHistoryRequest>
   </soapenv:Body>
</soapenv:Envelope>]]></con:request><con:assertion type="SOAP Fault Assertion" id="12cf73fa-020b-42df-8e04-bfdfff9ec1e5" name="Not SOAP Fault"/><con:assertion type="SOAP Response" id="66cd0b58-20a2-45b0-8f5d-b9592414b7cd" name="SOAP Response"/><con:assertion type="Schema Compliance" id="668b02b3-d066-4f46-bda4-73069071ece7" name="Schema Compliance"><con:configuration/></con:assertion><con:wsaConfig action="http://fidus.brussels/services/countryservice/getPlaceCountryHistory"/></con:request></con:config></con:testStep><con:properties/></con:testCase><con:properties/></con:testSuite><con:testSuite id="a1315048-1b1e-46ee-98a3-b8e65e6b74f2" name="DEV"><con:settings/><con:runType>SEQUENTIAL</con:runType><con:testCase id="7c1927a0-826b-481f-9956-d1e99dd9debc" failOnError="true" failTestCaseOnErrors="true" keepSession="false" maxResults="0" name="getAddressCountries" searchProperties="true"><con:settings/><con:testStep type="request" id="dc56afc1-d718-4bc0-9e85-a2b16f50f95f" name="testcase02 - Dev - Request"><con:settings/><con:config xsi:type="con:RequestStep" xmlns:xsi="http://www.w3.org/2001/XMLSchema-instance"><con:interface>CountryServiceHTTPBinding</con:interface><con:operation>getAddressCountries</con:operation><con:request name="testcase02 - Dev - Request" id="4438cc12-c39a-41d6-bf62-b2e31e2a5ae6" outgoingWss="Outflow DEV"><con:settings/><con:encoding>UTF-8</con:encoding><con:endpoint>https://192.168.36.61:8243/services/CountryService_v1.0</con:endpoint><con:request><![CDATA[<soapenv:Envelope xmlns:soapenv="http://schemas.xmlsoap.org/soap/envelope/" xmlns:v1="http://fidus.brussels/service/countryservice/messages/v1" xmlns:v11="http://fidus.brussels/type/common/messages/v1">
   <soapenv:Header/>
   <soapenv:Body>
      <v1:getAddressCountriesRequest>
         <v1:messageContext>
            <v11:messageId>${=import static java.util.UUID.randomUUID; uuid = randomUUID() as String}</v11:messageId>
            <!--Optional:-->
            <v11:timestamp>${=new java.text.SimpleDateFormat("yyyy-MM-dd'T'HH:mm:ss.SSS").format(new Date())}</v11:timestamp>
         </v1:messageContext>
         <v1:legalContext>ServiceIntegrator</v1:legalContext>
         <v1:request>
            <!--Optional:-->
            <v1:referenceDate>2016-10-10</v1:referenceDate>
         </v1:request>
      </v1:getAddressCountriesRequest>
   </soapenv:Body>
</soapenv:Envelope>]]></con:request><con:assertion type="SOAP Fault Assertion" id="1aa69ab5-8e99-4b9d-b94f-9587621ccd59" name="Not SOAP Fault"/><con:assertion type="SOAP Response" id="3d772022-2005-4ff7-aff3-0e5fae6ba30b" name="SOAP Response"/><con:assertion type="Schema Compliance" id="7b2ec94c-299c-41d1-941e-115de18ad657" name="Schema Compliance"><con:configuration/></con:assertion><con:wsaConfig action="http://fidus.brussels/services/countryservice/getAddressCountries"/></con:request></con:config></con:testStep><con:testStep type="request" id="602a4704-eff7-4f54-8ab4-2f37f6edccc8" name="testcase02 - DevNew - Request"><con:settings/><con:config xsi:type="con:RequestStep" xmlns:xsi="http://www.w3.org/2001/XMLSchema-instance"><con:interface>CountryServiceHTTPBinding</con:interface><con:operation>getAddressCountries</con:operation><con:request name="testcase02 - DevNew - Request" id="7db67e8e-9a8c-4752-a079-01b5ccb5e363" outgoingWss="Outflow DEV"><con:settings/><con:encoding>UTF-8</con:encoding><con:endpoint>https://192.168.36.75:8243/services/CountryService_v1.0</con:endpoint><con:request><![CDATA[<soapenv:Envelope xmlns:soapenv="http://schemas.xmlsoap.org/soap/envelope/" xmlns:v1="http://fidus.brussels/service/countryservice/messages/v1" xmlns:v11="http://fidus.brussels/type/common/messages/v1">
   <soapenv:Header/>
   <soapenv:Body>
      <v1:getAddressCountriesRequest>
         <v1:messageContext>
            <v11:messageId>${=import static java.util.UUID.randomUUID; uuid = randomUUID() as String}</v11:messageId>
            <!--Optional:-->
            <v11:timestamp>${=new java.text.SimpleDateFormat("yyyy-MM-dd'T'HH:mm:ss.SSS").format(new Date())}</v11:timestamp>
         </v1:messageContext>
         <v1:legalContext>ServiceIntegrator</v1:legalContext>
         <v1:request>
            <!--Optional:-->
            <v1:referenceDate>2016-10-10</v1:referenceDate>
         </v1:request>
      </v1:getAddressCountriesRequest>
   </soapenv:Body>
</soapenv:Envelope>]]></con:request><con:assertion type="SOAP Fault Assertion" id="1f9fe5bb-661c-49cc-8aec-7f0580031a73" name="Not SOAP Fault"/><con:assertion type="SOAP Response" id="91f6d3cf-1dfe-4e38-b92e-264f0c9b98ad" name="SOAP Response"/><con:assertion type="Schema Compliance" id="30760b78-2de9-4e83-bfea-4988c6de0057" name="Schema Compliance"><con:configuration/></con:assertion><con:wsaConfig action="http://fidus.brussels/services/countryservice/getAddressCountries"/></con:request></con:config></con:testStep><con:properties/></con:testCase><con:testCase id="35ef9cce-ac5a-4dfc-8d7a-2701eb3d2bd8" failOnError="true" failTestCaseOnErrors="true" keepSession="false" maxResults="0" name="getAddressCountry" searchProperties="true"><con:settings/><con:testStep type="request" id="ca65cabc-e510-4164-b7bd-e30671711391" name="testcase02 - Dev - Request"><con:settings/><con:config xsi:type="con:RequestStep" xmlns:xsi="http://www.w3.org/2001/XMLSchema-instance"><con:interface>CountryServiceHTTPBinding</con:interface><con:operation>getAddressCountry</con:operation><con:request name="testcase02 - Dev - Request" id="8daafb4a-40f5-4690-9167-12423bc04677" outgoingWss="Outflow DEV"><con:settings/><con:encoding>UTF-8</con:encoding><con:endpoint>https://192.168.36.61:8243/services/CountryService_v1.0</con:endpoint><con:request><![CDATA[<soapenv:Envelope xmlns:soapenv="http://schemas.xmlsoap.org/soap/envelope/" xmlns:v1="http://fidus.brussels/service/countryservice/messages/v1" xmlns:v11="http://fidus.brussels/type/common/messages/v1" xmlns:v12="http://fsb.belgium.be/mappingServices/countryService/messages/v1_00">
   <soapenv:Header/>
   <soapenv:Body>
      <v1:getAddressCountryRequest>
         <v1:messageContext>
            <v11:messageId>${=import static java.util.UUID.randomUUID; uuid = randomUUID() as String}</v11:messageId>
            <!--Optional:-->
            <v11:timestamp>${=new java.text.SimpleDateFormat("yyyy-MM-dd'T'HH:mm:ss.SSS").format(new Date())}</v11:timestamp>
         </v1:messageContext>
         <v1:legalContext>ServiceIntegrator</v1:legalContext>
         <v1:request>
            <!--You have a CHOICE of the next 4 items at this level-->
            <v12:iso-alpha2>BE</v12:iso-alpha2>
            <!--<v12:iso-alpha3 startDate="?" endDate="?" status="?">?</v12:iso-alpha3>-->
            <!--<v12:iso-num3 startDate="?" endDate="?" status="?">?</v12:iso-num3>-->
            <!--<v12:nis-num3 startDate="?" endDate="?" status="?">?</v12:nis-num3>-->
         </v1:request>
      </v1:getAddressCountryRequest>
   </soapenv:Body>
</soapenv:Envelope>]]></con:request><con:assertion type="SOAP Fault Assertion" id="a7a72d60-d9bf-459f-9d3d-b757f53ab3a9" name="Not SOAP Fault"/><con:assertion type="SOAP Response" id="5169981d-7ba2-4246-babd-e4db74a718eb" name="SOAP Response"/><con:assertion type="Schema Compliance" id="c01b792f-7832-4204-b77a-2355637e7916" name="Schema Compliance"><con:configuration/></con:assertion><con:wsaConfig action="http://fidus.brussels/services/countryservice/getAddressCountry"/></con:request></con:config></con:testStep><con:testStep type="request" id="712fc94e-e1dc-458f-b9bd-6c4aa9dfae80" name="testcase02 - DevNew - Request"><con:settings/><con:config xsi:type="con:RequestStep" xmlns:xsi="http://www.w3.org/2001/XMLSchema-instance"><con:interface>CountryServiceHTTPBinding</con:interface><con:operation>getAddressCountry</con:operation><con:request name="testcase02 - DevNew - Request" id="d50dd1a2-ca8a-482f-84a2-2e929debb05f" outgoingWss="Outflow DEV"><con:settings/><con:encoding>UTF-8</con:encoding><con:endpoint>https://192.168.36.75:8243/services/CountryService_v1.0</con:endpoint><con:request><![CDATA[<soapenv:Envelope xmlns:soapenv="http://schemas.xmlsoap.org/soap/envelope/" xmlns:v1="http://fidus.brussels/service/countryservice/messages/v1" xmlns:v11="http://fidus.brussels/type/common/messages/v1" xmlns:v12="http://fsb.belgium.be/mappingServices/countryService/messages/v1_00">
   <soapenv:Header/>
   <soapenv:Body>
      <v1:getAddressCountryRequest>
         <v1:messageContext>
            <v11:messageId>${=import static java.util.UUID.randomUUID; uuid = randomUUID() as String}</v11:messageId>
            <!--Optional:-->
            <v11:timestamp>${=new java.text.SimpleDateFormat("yyyy-MM-dd'T'HH:mm:ss.SSS").format(new Date())}</v11:timestamp>
         </v1:messageContext>
         <v1:legalContext>ServiceIntegrator</v1:legalContext>
         <v1:request>
            <!--You have a CHOICE of the next 4 items at this level-->
            <v12:iso-alpha2>BE</v12:iso-alpha2>
            <!--<v12:iso-alpha3 startDate="?" endDate="?" status="?">?</v12:iso-alpha3>-->
            <!--<v12:iso-num3 startDate="?" endDate="?" status="?">?</v12:iso-num3>-->
            <!--<v12:nis-num3 startDate="?" endDate="?" status="?">?</v12:nis-num3>-->
         </v1:request>
      </v1:getAddressCountryRequest>
   </soapenv:Body>
</soapenv:Envelope>]]></con:request><con:assertion type="SOAP Fault Assertion" id="57600726-c2f7-4e3b-b012-cdef88466400" name="Not SOAP Fault"/><con:assertion type="SOAP Response" id="6ee5eedd-630b-43c0-97ad-ae8a1c9d10f1" name="SOAP Response"/><con:assertion type="Schema Compliance" id="ba97d505-3c36-4c87-8a9e-87b22959c6c8" name="Schema Compliance"><con:configuration/></con:assertion><con:wsaConfig action="http://fidus.brussels/services/countryservice/getAddressCountry"/></con:request></con:config></con:testStep><con:properties/></con:testCase><con:testCase id="0f164579-b6c9-4330-b3d1-8c32939cdddf" failOnError="true" failTestCaseOnErrors="true" keepSession="false" maxResults="0" name="getAddressCountryHistory" searchProperties="true"><con:settings/><con:testStep type="request" id="ce9cbcc6-11c0-40d2-b553-c1108aeb968c" name="testcase02 - Dev - Request"><con:settings/><con:config xsi:type="con:RequestStep" xmlns:xsi="http://www.w3.org/2001/XMLSchema-instance"><con:interface>CountryServiceHTTPBinding</con:interface><con:operation>getAddressCountryHistory</con:operation><con:request name="testcase02 - Dev - Request" id="d98856d5-4f05-48d9-90a2-458569ea977c" outgoingWss="Outflow DEV"><con:settings/><con:encoding>UTF-8</con:encoding><con:endpoint>https://192.168.36.61:8243/services/CountryService_v1.0</con:endpoint><con:request><![CDATA[<soapenv:Envelope xmlns:soapenv="http://schemas.xmlsoap.org/soap/envelope/" xmlns:v1="http://fidus.brussels/service/countryservice/messages/v1" xmlns:v11="http://fidus.brussels/type/common/messages/v1" xmlns:v12="http://fsb.belgium.be/mappingServices/countryService/messages/v1_00">
   <soapenv:Header/>
   <soapenv:Body>
      <v1:getAddressCountryHistoryRequest>
         <v1:messageContext>
            <v11:messageId>${=import static java.util.UUID.randomUUID; uuid = randomUUID() as String}</v11:messageId>
            <v11:timestamp>${=new java.text.SimpleDateFormat("yyyy-MM-dd'T'HH:mm:ss.SSS").format(new Date())}</v11:timestamp>
         </v1:messageContext>
         <v1:legalContext>ServiceIntegrator</v1:legalContext>
         <v1:request>
            <v12:iso-alpha2>BE</v12:iso-alpha2>
            <!--<v12:referenceDate>2016-10-10</v12:referenceDate>-->
         </v1:request>
      </v1:getAddressCountryHistoryRequest>
   </soapenv:Body>
</soapenv:Envelope>]]></con:request><con:assertion type="SOAP Fault Assertion" id="943228dc-f0bb-4eb3-9c19-fe0ce386d3de" name="Not SOAP Fault"/><con:assertion type="SOAP Response" id="511ad09e-7316-4f33-9df4-fd01a06ac8dc" name="SOAP Response"/><con:assertion type="Schema Compliance" id="6e39a718-e865-4f8a-8df7-88e5f3850ca4" name="Schema Compliance"><con:configuration/></con:assertion><con:wsaConfig action="http://fidus.brussels/services/countryservice/getAddressCountryHistory"/></con:request></con:config></con:testStep><con:testStep type="request" id="2daa4abe-fb7a-4c71-a82a-da9149e7396f" name="testcase02 - DevNew - Request"><con:settings/><con:config xsi:type="con:RequestStep" xmlns:xsi="http://www.w3.org/2001/XMLSchema-instance"><con:interface>CountryServiceHTTPBinding</con:interface><con:operation>getAddressCountryHistory</con:operation><con:request name="testcase02 - DevNew - Request" id="97f7db0f-3c80-4b11-89f2-cab94db790f1" outgoingWss="Outflow DEV"><con:settings/><con:encoding>UTF-8</con:encoding><con:endpoint>https://192.168.36.75:8243/services/CountryService_v1.0</con:endpoint><con:request><![CDATA[<soapenv:Envelope xmlns:soapenv="http://schemas.xmlsoap.org/soap/envelope/" xmlns:v1="http://fidus.brussels/service/countryservice/messages/v1" xmlns:v11="http://fidus.brussels/type/common/messages/v1" xmlns:v12="http://fsb.belgium.be/mappingServices/countryService/messages/v1_00">
   <soapenv:Header/>
   <soapenv:Body>
      <v1:getAddressCountryHistoryRequest>
         <v1:messageContext>
            <v11:messageId>${=import static java.util.UUID.randomUUID; uuid = randomUUID() as String}</v11:messageId>
            <v11:timestamp>${=new java.text.SimpleDateFormat("yyyy-MM-dd'T'HH:mm:ss.SSS").format(new Date())}</v11:timestamp>
         </v1:messageContext>
         <v1:legalContext>ServiceIntegrator</v1:legalContext>
         <v1:request>
            <v12:iso-alpha2>BE</v12:iso-alpha2>
            <!--<v12:referenceDate>2016-10-10</v12:referenceDate>-->
         </v1:request>
      </v1:getAddressCountryHistoryRequest>
   </soapenv:Body>
</soapenv:Envelope>]]></con:request><con:assertion type="SOAP Fault Assertion" id="6a134eb8-a4ba-4d36-9cc0-9af8d2f083e5" name="Not SOAP Fault"/><con:assertion type="SOAP Response" id="d43295c5-37b7-49da-a84e-1f2d596c0bbd" name="SOAP Response"/><con:assertion type="Schema Compliance" id="b2847aa2-f906-4cc6-9fbc-e5599d7c067e" name="Schema Compliance"><con:configuration/></con:assertion><con:wsaConfig action="http://fidus.brussels/services/countryservice/getAddressCountryHistory"/></con:request></con:config></con:testStep><con:properties/></con:testCase><con:testCase id="2ff1169c-d42d-4938-b799-834cfdd8760e" failOnError="true" failTestCaseOnErrors="true" keepSession="false" maxResults="0" name="getAllIsoCodes" searchProperties="true"><con:settings/><con:testStep type="request" id="6b724bbe-907c-407a-b803-8f2d1c734771" name="testcase02 - Dev - Request"><con:settings/><con:config xsi:type="con:RequestStep" xmlns:xsi="http://www.w3.org/2001/XMLSchema-instance"><con:interface>CountryServiceHTTPBinding</con:interface><con:operation>getAllIsoCodes</con:operation><con:request name="testcase02 - Dev - Request" id="94cc04a3-17c6-470f-b066-4659b1da735c" outgoingWss="Outflow DEV"><con:settings/><con:encoding>UTF-8</con:encoding><con:endpoint>https://192.168.36.61:8243/services/CountryService_v1.0</con:endpoint><con:request><![CDATA[<soapenv:Envelope xmlns:soapenv="http://schemas.xmlsoap.org/soap/envelope/" xmlns:v1="http://fidus.brussels/service/countryservice/messages/v1" xmlns:v11="http://fidus.brussels/type/common/messages/v1">
   <soapenv:Header/>
   <soapenv:Body>
      <v1:getAllIsoCodesRequest>
         <v1:messageContext>
            <v11:messageId>${=import static java.util.UUID.randomUUID; uuid = randomUUID() as String}</v11:messageId>
            <!--Optional:-->
            <v11:timestamp>${=new java.text.SimpleDateFormat("yyyy-MM-dd'T'HH:mm:ss.SSS").format(new Date())}</v11:timestamp>
         </v1:messageContext>
         <v1:legalContext>ServiceIntegrator</v1:legalContext>
         <v1:request>
            <!--Optional:-->
            <v1:referenceDate>2016-10-06</v1:referenceDate>
         </v1:request>
      </v1:getAllIsoCodesRequest>
   </soapenv:Body>
</soapenv:Envelope>]]></con:request><con:assertion type="SOAP Fault Assertion" id="66c7159f-c6d4-4d73-83b4-74754a555a47" name="Not SOAP Fault"/><con:assertion type="SOAP Response" id="6556caeb-8c9b-4797-9871-6782520dbd22" name="SOAP Response"/><con:assertion type="Schema Compliance" id="49e344b5-ff0c-4f55-9056-8f156c449114" name="Schema Compliance"><con:configuration/></con:assertion><con:wsaConfig action="http://fidus.brussels/services/countryservice/getAllIsoCodes"/></con:request></con:config></con:testStep><con:testStep type="request" id="b1db6965-f1aa-4b47-9995-db5181979890" name="testcase02 - DevNew - Request"><con:settings/><con:config xsi:type="con:RequestStep" xmlns:xsi="http://www.w3.org/2001/XMLSchema-instance"><con:interface>CountryServiceHTTPBinding</con:interface><con:operation>getAllIsoCodes</con:operation><con:request name="testcase02 - DevNew - Request" id="8434b066-b626-4964-99f4-1dfcc7847fbf" outgoingWss="Outflow DEV"><con:settings/><con:encoding>UTF-8</con:encoding><con:endpoint>https://192.168.36.75:8243/services/CountryService_v1.0</con:endpoint><con:request><![CDATA[<soapenv:Envelope xmlns:soapenv="http://schemas.xmlsoap.org/soap/envelope/" xmlns:v1="http://fidus.brussels/service/countryservice/messages/v1" xmlns:v11="http://fidus.brussels/type/common/messages/v1">
   <soapenv:Header/>
   <soapenv:Body>
      <v1:getAllIsoCodesRequest>
         <v1:messageContext>
            <v11:messageId>${=import static java.util.UUID.randomUUID; uuid = randomUUID() as String}</v11:messageId>
            <!--Optional:-->
            <v11:timestamp>${=new java.text.SimpleDateFormat("yyyy-MM-dd'T'HH:mm:ss.SSS").format(new Date())}</v11:timestamp>
         </v1:messageContext>
         <v1:legalContext>ServiceIntegrator</v1:legalContext>
         <v1:request>
            <!--Optional:-->
            <v1:referenceDate>2016-10-06</v1:referenceDate>
         </v1:request>
      </v1:getAllIsoCodesRequest>
   </soapenv:Body>
</soapenv:Envelope>]]></con:request><con:assertion type="SOAP Fault Assertion" id="149d443e-382d-4745-aa32-e0fbd172d67f" name="Not SOAP Fault"/><con:assertion type="SOAP Response" id="557d903a-ca54-4f41-9723-dda847ae32a6" name="SOAP Response"/><con:assertion type="Schema Compliance" id="9465f61e-ecb4-4171-ac10-5c7a1fb731ab" name="Schema Compliance"><con:configuration/></con:assertion><con:wsaConfig action="http://fidus.brussels/services/countryservice/getAllIsoCodes"/></con:request></con:config></con:testStep><con:properties/></con:testCase><con:testCase id="687f3665-db9b-4dd8-9d4c-787ef76a21f8" failOnError="true" failTestCaseOnErrors="true" keepSession="false" maxResults="0" name="getAllNisCodes" searchProperties="true"><con:settings/><con:testStep type="request" id="9bdeb186-e7c7-4446-aa1f-1788fbb9273b" name="testcase02 - Dev - Request"><con:settings/><con:config xsi:type="con:RequestStep" xmlns:xsi="http://www.w3.org/2001/XMLSchema-instance"><con:interface>CountryServiceHTTPBinding</con:interface><con:operation>getAllNisCodes</con:operation><con:request name="testcase02 - Dev - Request" id="1721d724-6479-48b1-bb48-c7a2a279a5c9" outgoingWss="Outflow DEV"><con:settings/><con:encoding>UTF-8</con:encoding><con:endpoint>https://192.168.36.61:8243/services/CountryService_v1.0</con:endpoint><con:request><![CDATA[<soapenv:Envelope xmlns:soapenv="http://schemas.xmlsoap.org/soap/envelope/" xmlns:v1="http://fidus.brussels/service/countryservice/messages/v1" xmlns:v11="http://fidus.brussels/type/common/messages/v1">
   <soapenv:Header/>
   <soapenv:Body>
      <v1:getAllNisCodesRequest>
         <v1:messageContext>
            <v11:messageId>${=import static java.util.UUID.randomUUID; uuid = randomUUID() as String}</v11:messageId>            
            <v11:timestamp>${=new java.text.SimpleDateFormat("yyyy-MM-dd'T'HH:mm:ss.SSS").format(new Date())}</v11:timestamp>
         </v1:messageContext>
         <v1:legalContext>ServiceIntegrator</v1:legalContext>
         <v1:request>
            <!--Optional:-->
            <v1:referenceDate>2016-10-13</v1:referenceDate>
         </v1:request>
      </v1:getAllNisCodesRequest>
   </soapenv:Body>
</soapenv:Envelope>]]></con:request><con:assertion type="SOAP Fault Assertion" id="bcc116f1-8cc8-483f-aa7a-fcf271bff00e" name="Not SOAP Fault"/><con:assertion type="SOAP Response" id="3d52dd89-2307-4d24-9d5e-beea8c7a6bf5" name="SOAP Response"/><con:assertion type="Schema Compliance" id="8d9433c4-78e5-42b9-b083-2113bdeec570" name="Schema Compliance"><con:configuration/></con:assertion><con:wsaConfig action="http://fidus.brussels/services/countryservice/getAllNisCodes"/></con:request></con:config></con:testStep><con:testStep type="request" id="59f3295e-cf84-4b2e-9198-0fbd9a35a3bc" name="testcase02 - DevNew - Request"><con:settings/><con:config xsi:type="con:RequestStep" xmlns:xsi="http://www.w3.org/2001/XMLSchema-instance"><con:interface>CountryServiceHTTPBinding</con:interface><con:operation>getAllNisCodes</con:operation><con:request name="testcase02 - DevNew - Request" id="b65f36f5-119b-4833-b850-e1b2b4027774" outgoingWss="Outflow DEV"><con:settings/><con:encoding>UTF-8</con:encoding><con:endpoint>https://192.168.36.75:8243/services/CountryService_v1.0</con:endpoint><con:request><![CDATA[<soapenv:Envelope xmlns:soapenv="http://schemas.xmlsoap.org/soap/envelope/" xmlns:v1="http://fidus.brussels/service/countryservice/messages/v1" xmlns:v11="http://fidus.brussels/type/common/messages/v1">
   <soapenv:Header/>
   <soapenv:Body>
      <v1:getAllNisCodesRequest>
         <v1:messageContext>
            <v11:messageId>${=import static java.util.UUID.randomUUID; uuid = randomUUID() as String}</v11:messageId>            
            <v11:timestamp>${=new java.text.SimpleDateFormat("yyyy-MM-dd'T'HH:mm:ss.SSS").format(new Date())}</v11:timestamp>
         </v1:messageContext>
         <v1:legalContext>ServiceIntegrator</v1:legalContext>
         <v1:request>
            <!--Optional:-->
            <v1:referenceDate>2016-10-13</v1:referenceDate>
         </v1:request>
      </v1:getAllNisCodesRequest>
   </soapenv:Body>
</soapenv:Envelope>]]></con:request><con:assertion type="SOAP Fault Assertion" id="ac1d89d8-4d53-489b-b783-5b32c3fd4efc" name="Not SOAP Fault"/><con:assertion type="SOAP Response" id="6086e346-188d-4d18-9115-b8aa771d5195" name="SOAP Response"/><con:assertion type="Schema Compliance" id="22cbc77c-14a5-430d-9638-8fd3fdbbd869" name="Schema Compliance"><con:configuration/></con:assertion><con:wsaConfig action="http://fidus.brussels/services/countryservice/getAllNisCodes"/></con:request></con:config></con:testStep><con:properties/></con:testCase><con:testCase id="3b3474a2-1f58-42e2-a7ad-3929a3e3844a" failOnError="true" failTestCaseOnErrors="true" keepSession="false" maxResults="0" name="getNationalities" searchProperties="true"><con:settings/><con:testStep type="request" id="e9d1a319-2906-4c13-8dd6-7936529ba0c7" name="testcase02 - Dev - Request"><con:settings/><con:config xsi:type="con:RequestStep" xmlns:xsi="http://www.w3.org/2001/XMLSchema-instance"><con:interface>CountryServiceHTTPBinding</con:interface><con:operation>getNationalities</con:operation><con:request name="testcase02 - Dev - Request" id="08dcd3ed-228e-46a0-8009-51fe703383f2" outgoingWss="Outflow DEV"><con:settings/><con:encoding>UTF-8</con:encoding><con:endpoint>https://192.168.36.61:8243/services/CountryService_v1.0</con:endpoint><con:request><![CDATA[<soapenv:Envelope xmlns:soapenv="http://schemas.xmlsoap.org/soap/envelope/" xmlns:v1="http://fidus.brussels/service/countryservice/messages/v1" xmlns:v11="http://fidus.brussels/type/common/messages/v1">
   <soapenv:Header/>
   <soapenv:Body>
      <v1:getNationalitiesRequest>
         <v1:messageContext>
            <v11:messageId>${=import static java.util.UUID.randomUUID; uuid = randomUUID() as String}</v11:messageId>
            <!--Optional:-->
            <v11:timestamp>${=new java.text.SimpleDateFormat("yyyy-MM-dd'T'HH:mm:ss.SSS").format(new Date())}</v11:timestamp>
         </v1:messageContext>
         <v1:legalContext>ServiceIntegrator</v1:legalContext>
         <v1:request>
            <!--Optional:-->
            <v1:referenceDate>2016-10-13</v1:referenceDate>
         </v1:request>
      </v1:getNationalitiesRequest>
   </soapenv:Body>
</soapenv:Envelope>]]></con:request><con:assertion type="SOAP Fault Assertion" id="d3725b87-1b2a-41a9-baa6-ff4fa23cd401" name="Not SOAP Fault"/><con:assertion type="SOAP Response" id="366949e6-9199-423c-afdd-f9e176cfa868" name="SOAP Response"/><con:assertion type="Schema Compliance" id="e6aeb17e-78df-46fc-b96c-7fccb142d2a3" name="Schema Compliance"><con:configuration/></con:assertion><con:wsaConfig action="http://fidus.brussels/services/countryservice/getNationalities"/></con:request></con:config></con:testStep><con:testStep type="request" id="bc5d491d-c453-48c7-bf99-1265eacfa2ab" name="testcase02 - DevNew - Request"><con:settings/><con:config xsi:type="con:RequestStep" xmlns:xsi="http://www.w3.org/2001/XMLSchema-instance"><con:interface>CountryServiceHTTPBinding</con:interface><con:operation>getNationalities</con:operation><con:request name="testcase02 - DevNew - Request" id="d323e7c8-d2b1-44a5-bf3b-86adbc203c9b" outgoingWss="Outflow DEV"><con:settings/><con:encoding>UTF-8</con:encoding><con:endpoint>https://192.168.36.75:8243/services/CountryService_v1.0</con:endpoint><con:request><![CDATA[<soapenv:Envelope xmlns:soapenv="http://schemas.xmlsoap.org/soap/envelope/" xmlns:v1="http://fidus.brussels/service/countryservice/messages/v1" xmlns:v11="http://fidus.brussels/type/common/messages/v1">
   <soapenv:Header/>
   <soapenv:Body>
      <v1:getNationalitiesRequest>
         <v1:messageContext>
            <v11:messageId>${=import static java.util.UUID.randomUUID; uuid = randomUUID() as String}</v11:messageId>
            <!--Optional:-->
            <v11:timestamp>${=new java.text.SimpleDateFormat("yyyy-MM-dd'T'HH:mm:ss.SSS").format(new Date())}</v11:timestamp>
         </v1:messageContext>
         <v1:legalContext>ServiceIntegrator</v1:legalContext>
         <v1:request>
            <!--Optional:-->
            <v1:referenceDate>2016-10-13</v1:referenceDate>
         </v1:request>
      </v1:getNationalitiesRequest>
   </soapenv:Body>
</soapenv:Envelope>]]></con:request><con:assertion type="SOAP Fault Assertion" id="9b3debb3-403c-4778-bfb2-21292395a828" name="Not SOAP Fault"/><con:assertion type="SOAP Response" id="efb37d9e-a662-4705-8ac3-0c48957da219" name="SOAP Response"/><con:assertion type="Schema Compliance" id="3a29bb70-4d48-482d-8f32-e0e03aa899a7" name="Schema Compliance"><con:configuration/></con:assertion><con:wsaConfig action="http://fidus.brussels/services/countryservice/getNationalities"/></con:request></con:config></con:testStep><con:properties/></con:testCase><con:testCase id="314adf80-8e7d-4686-8e60-deece64edc94" failOnError="true" failTestCaseOnErrors="true" keepSession="false" maxResults="0" name="getNationality" searchProperties="true"><con:settings/><con:testStep type="request" id="5e61dae5-8fa1-4a3b-8a66-f3521b528bb3" name="testcase02 - Dev - Request-iso_alpha3_FRA"><con:settings/><con:config xsi:type="con:RequestStep" xmlns:xsi="http://www.w3.org/2001/XMLSchema-instance"><con:interface>CountryServiceHTTPBinding</con:interface><con:operation>getNationality</con:operation><con:request name="testcase02 - Dev - Request-iso_alpha3_FRA" id="0276d576-a851-46b0-be25-a8d713990c7b" outgoingWss="Outflow DEV"><con:settings/><con:encoding>UTF-8</con:encoding><con:endpoint>https://192.168.36.61:8243/services/CountryService_v1.0</con:endpoint><con:request><![CDATA[<soapenv:Envelope xmlns:soapenv="http://schemas.xmlsoap.org/soap/envelope/" xmlns:v1="http://fidus.brussels/service/countryservice/messages/v1" xmlns:v11="http://fidus.brussels/type/common/messages/v1" xmlns:v12="http://fsb.belgium.be/mappingServices/countryService/messages/v1_00">
   <soapenv:Header/>
   <soapenv:Body>
      <v1:getNationalityRequest>
         <v1:messageContext>
            <v11:messageId>${=import static java.util.UUID.randomUUID; uuid = randomUUID() as String}</v11:messageId>
            <!--Optional:-->
            <v11:timestamp>${=new java.text.SimpleDateFormat("yyyy-MM-dd'T'HH:mm:ss.SSS").format(new Date())}</v11:timestamp>
         </v1:messageContext>
         <v1:legalContext>ServiceIntegrator</v1:legalContext>
         <v1:request>
            <!--You have a CHOICE of the next 4 items at this level-->
            <!--
            <v12:iso-alpha2 startDate="?" endDate="?" status="?">?</v12:iso-alpha2>
            <v12:iso-alpha3 startDate="?" endDate="?" status="?">?</v12:iso-alpha3>
            <v12:iso-num3 startDate="?" endDate="?" status="?">?</v12:iso-num3>
            <v12:nis-num3 startDate="?" endDate="?" status="?">?</v12:nis-num3> 
            -->             
             <v12:iso-alpha3>FRA</v12:iso-alpha3>           
         </v1:request>
      </v1:getNationalityRequest>
   </soapenv:Body>
</soapenv:Envelope>]]></con:request><con:assertion type="SOAP Fault Assertion" id="bc8eb1f2-1489-4623-8477-62b229eaa483" name="Not SOAP Fault"/><con:assertion type="SOAP Response" id="45678d99-ca12-44aa-b9e3-1cb0bf425695" name="SOAP Response"/><con:assertion type="Schema Compliance" id="f9df0aef-d57c-4926-8275-2b8dd409f3bb" name="Schema Compliance"><con:configuration/></con:assertion><con:wsaConfig action="http://fidus.brussels/services/countryservice/getNationality"/></con:request></con:config></con:testStep><con:testStep type="request" id="84c135f3-a4f0-4fb0-8d25-c5a92782eebb" name="testcase02 - DevNew - Request-iso_alpha3_FRA"><con:settings/><con:config xsi:type="con:RequestStep" xmlns:xsi="http://www.w3.org/2001/XMLSchema-instance"><con:interface>CountryServiceHTTPBinding</con:interface><con:operation>getNationality</con:operation><con:request name="testcase02 - DevNew - Request-iso_alpha3_FRA" id="93bb3d81-0c06-4bcd-806f-4217b3f71308" outgoingWss="Outflow DEV"><con:settings/><con:encoding>UTF-8</con:encoding><con:endpoint>https://192.168.36.75:8243/services/CountryService_v1.0</con:endpoint><con:request><![CDATA[<soapenv:Envelope xmlns:soapenv="http://schemas.xmlsoap.org/soap/envelope/" xmlns:v1="http://fidus.brussels/service/countryservice/messages/v1" xmlns:v11="http://fidus.brussels/type/common/messages/v1" xmlns:v12="http://fsb.belgium.be/mappingServices/countryService/messages/v1_00">
   <soapenv:Header/>
   <soapenv:Body>
      <v1:getNationalityRequest>
         <v1:messageContext>
            <v11:messageId>${=import static java.util.UUID.randomUUID; uuid = randomUUID() as String}</v11:messageId>
            <!--Optional:-->
            <v11:timestamp>${=new java.text.SimpleDateFormat("yyyy-MM-dd'T'HH:mm:ss.SSS").format(new Date())}</v11:timestamp>
         </v1:messageContext>
         <v1:legalContext>ServiceIntegrator</v1:legalContext>
         <v1:request>
            <!--You have a CHOICE of the next 4 items at this level-->
            <!--
            <v12:iso-alpha2 startDate="?" endDate="?" status="?">?</v12:iso-alpha2>
            <v12:iso-alpha3 startDate="?" endDate="?" status="?">?</v12:iso-alpha3>
            <v12:iso-num3 startDate="?" endDate="?" status="?">?</v12:iso-num3>
            <v12:nis-num3 startDate="?" endDate="?" status="?">?</v12:nis-num3> 
            -->             
             <v12:iso-alpha3>FRA</v12:iso-alpha3>           
         </v1:request>
      </v1:getNationalityRequest>
   </soapenv:Body>
</soapenv:Envelope>]]></con:request><con:assertion type="SOAP Fault Assertion" id="19e9207d-2e62-40d4-a4cf-d662b205de4c" name="Not SOAP Fault"/><con:assertion type="SOAP Response" id="3cb50bb1-20aa-4a8e-9cf4-0be2f44cea4b" name="SOAP Response"/><con:assertion type="Schema Compliance" id="52912c7e-81cc-4552-a46f-2b9abc8f964b" name="Schema Compliance"><con:configuration/></con:assertion><con:wsaConfig action="http://fidus.brussels/services/countryservice/getNationality"/></con:request></con:config></con:testStep><con:properties/></con:testCase><con:testCase id="9c6c5cc2-d57c-432a-a549-a696b6d7f3c9" failOnError="true" failTestCaseOnErrors="true" keepSession="false" maxResults="0" name="getNationalityHistory" searchProperties="true"><con:settings/><con:testStep type="request" id="c8fc4f50-0ae0-4ef7-b223-d22d0c8f9bbc" name="testcase02 - Dev - Request"><con:settings/><con:config xsi:type="con:RequestStep" xmlns:xsi="http://www.w3.org/2001/XMLSchema-instance"><con:interface>CountryServiceHTTPBinding</con:interface><con:operation>getNationalityHistory</con:operation><con:request name="testcase02 - Dev - Request" id="52cbdb5b-8750-4afa-baa6-ec6708c7443b" outgoingWss="Outflow DEV"><con:settings/><con:encoding>UTF-8</con:encoding><con:endpoint>https://192.168.36.61:8243/services/CountryService_v1.0</con:endpoint><con:request><![CDATA[<soapenv:Envelope xmlns:soapenv="http://schemas.xmlsoap.org/soap/envelope/" xmlns:v1="http://fidus.brussels/service/countryservice/messages/v1" xmlns:v11="http://fidus.brussels/type/common/messages/v1" xmlns:v12="http://fsb.belgium.be/mappingServices/countryService/messages/v1_00">
   <soapenv:Header/>
   <soapenv:Body>
      <v1:getNationalityHistoryRequest>
         <v1:messageContext>
            <v11:messageId>${=import static java.util.UUID.randomUUID; uuid = randomUUID() as String}</v11:messageId>
            <!--Optional:-->
            <v11:timestamp>${=new java.text.SimpleDateFormat("yyyy-MM-dd'T'HH:mm:ss.SSS").format(new Date())}</v11:timestamp>
         </v1:messageContext>
         <v1:legalContext>ServiceIntegrator</v1:legalContext>
         <v1:request>
            <v12:iso-alpha3>FRA</v12:iso-alpha3>                      
         </v1:request>
      </v1:getNationalityHistoryRequest>
   </soapenv:Body>
</soapenv:Envelope>]]></con:request><con:assertion type="SOAP Fault Assertion" id="aea5e9cb-c748-4e1b-b6cf-fa1c4fd64de6" name="Not SOAP Fault"/><con:assertion type="SOAP Response" id="dfaa41d9-052b-4008-bcef-62038b0d5fc5" name="SOAP Response"/><con:assertion type="Schema Compliance" id="bcc7381f-4284-4136-83ad-46be7a4c7c2b" name="Schema Compliance"><con:configuration/></con:assertion><con:wsaConfig action="http://fidus.brussels/services/countryservice/getNationalityHistory"/></con:request></con:config></con:testStep><con:testStep type="request" id="8d7150ef-7c97-4b4b-b11b-6df302ab4114" name="testcase02 - DevNew - Request"><con:settings/><con:config xsi:type="con:RequestStep" xmlns:xsi="http://www.w3.org/2001/XMLSchema-instance"><con:interface>CountryServiceHTTPBinding</con:interface><con:operation>getNationalityHistory</con:operation><con:request name="testcase02 - DevNew - Request" id="93966024-40f4-440f-93ce-94abbccb42fc" outgoingWss="Outflow DEV"><con:settings/><con:encoding>UTF-8</con:encoding><con:endpoint>https://192.168.36.75:8243/services/CountryService_v1.0</con:endpoint><con:request><![CDATA[<soapenv:Envelope xmlns:soapenv="http://schemas.xmlsoap.org/soap/envelope/" xmlns:v1="http://fidus.brussels/service/countryservice/messages/v1" xmlns:v11="http://fidus.brussels/type/common/messages/v1" xmlns:v12="http://fsb.belgium.be/mappingServices/countryService/messages/v1_00">
   <soapenv:Header/>
   <soapenv:Body>
      <v1:getNationalityHistoryRequest>
         <v1:messageContext>
            <v11:messageId>${=import static java.util.UUID.randomUUID; uuid = randomUUID() as String}</v11:messageId>
            <!--Optional:-->
            <v11:timestamp>${=new java.text.SimpleDateFormat("yyyy-MM-dd'T'HH:mm:ss.SSS").format(new Date())}</v11:timestamp>
         </v1:messageContext>
         <v1:legalContext>ServiceIntegrator</v1:legalContext>
         <v1:request>
            <v12:iso-alpha3>FRA</v12:iso-alpha3>                      
         </v1:request>
      </v1:getNationalityHistoryRequest>
   </soapenv:Body>
</soapenv:Envelope>]]></con:request><con:assertion type="SOAP Fault Assertion" id="bbb3ca3e-4481-412f-b27e-e2b7249218ff" name="Not SOAP Fault"/><con:assertion type="SOAP Response" id="ba5ddc48-f965-4d21-9f07-f052956fe04e" name="SOAP Response"/><con:assertion type="Schema Compliance" id="4d5a5206-0d2c-470c-909d-bd881e38c68a" name="Schema Compliance"><con:configuration/></con:assertion><con:wsaConfig action="http://fidus.brussels/services/countryservice/getNationalityHistory"/></con:request></con:config></con:testStep><con:properties/></con:testCase><con:testCase id="7186b47f-6a7b-4fdc-8ee3-720041f47597" failOnError="true" failTestCaseOnErrors="true" keepSession="false" maxResults="0" name="getPlaceCountries" searchProperties="true"><con:settings/><con:testStep type="request" id="db620d19-006e-4856-81b9-68d245af4277" name="testcase02 - Dev - Request"><con:settings/><con:config xsi:type="con:RequestStep" xmlns:xsi="http://www.w3.org/2001/XMLSchema-instance"><con:interface>CountryServiceHTTPBinding</con:interface><con:operation>getPlaceCountries</con:operation><con:request name="testcase02 - Dev - Request" id="a38fd4fe-4c5f-42b1-a5e0-249e071937c1" outgoingWss="Outflow DEV"><con:settings/><con:encoding>UTF-8</con:encoding><con:endpoint>https://192.168.36.61:8243/services/CountryService_v1.0</con:endpoint><con:request><![CDATA[<soapenv:Envelope xmlns:soapenv="http://schemas.xmlsoap.org/soap/envelope/" xmlns:v1="http://fidus.brussels/service/countryservice/messages/v1" xmlns:v11="http://fidus.brussels/type/common/messages/v1">
   <soapenv:Header/>
   <soapenv:Body>
      <v1:getPlaceCountriesRequest>
         <v1:messageContext>
            <v11:messageId>${=import static java.util.UUID.randomUUID; uuid = randomUUID() as String}</v11:messageId>
            <!--Optional:-->
            <v11:timestamp>${=new java.text.SimpleDateFormat("yyyy-MM-dd'T'HH:mm:ss.SSS").format(new Date())}</v11:timestamp>
         </v1:messageContext>
         <v1:legalContext>ServiceIntegrator</v1:legalContext>
         <v1:request>
            <!--Optional:-->
            <v1:referenceDate>2016-10-14</v1:referenceDate>
         </v1:request>
      </v1:getPlaceCountriesRequest>
   </soapenv:Body>
</soapenv:Envelope>]]></con:request><con:assertion type="SOAP Fault Assertion" id="aa547581-6484-4c7d-94a0-deb21dc1b781" name="Not SOAP Fault"/><con:assertion type="SOAP Response" id="ea959954-870b-49e0-8856-bc65445917a5" name="SOAP Response"/><con:assertion type="Schema Compliance" id="a47147ee-b8d6-4953-bc4f-58f8c7975a22" name="Schema Compliance"><con:configuration/></con:assertion><con:wsaConfig action="http://fidus.brussels/services/countryservice/getPlaceCountries"/></con:request></con:config></con:testStep><con:testStep type="request" id="eb9f4722-2ac2-4e29-86e1-f18f34f0a5cc" name="testcase02 - DevNew - Request"><con:settings/><con:config xsi:type="con:RequestStep" xmlns:xsi="http://www.w3.org/2001/XMLSchema-instance"><con:interface>CountryServiceHTTPBinding</con:interface><con:operation>getPlaceCountries</con:operation><con:request name="testcase02 - DevNew - Request" id="2845d9c0-56ab-427e-a030-30dc7fe475bb" outgoingWss="Outflow DEV"><con:settings/><con:encoding>UTF-8</con:encoding><con:endpoint>https://192.168.36.75:8243/services/CountryService_v1.0</con:endpoint><con:request><![CDATA[<soapenv:Envelope xmlns:soapenv="http://schemas.xmlsoap.org/soap/envelope/" xmlns:v1="http://fidus.brussels/service/countryservice/messages/v1" xmlns:v11="http://fidus.brussels/type/common/messages/v1">
   <soapenv:Header/>
   <soapenv:Body>
      <v1:getPlaceCountriesRequest>
         <v1:messageContext>
            <v11:messageId>${=import static java.util.UUID.randomUUID; uuid = randomUUID() as String}</v11:messageId>
            <!--Optional:-->
            <v11:timestamp>${=new java.text.SimpleDateFormat("yyyy-MM-dd'T'HH:mm:ss.SSS").format(new Date())}</v11:timestamp>
         </v1:messageContext>
         <v1:legalContext>ServiceIntegrator</v1:legalContext>
         <v1:request>
            <!--Optional:-->
            <v1:referenceDate>2016-10-14</v1:referenceDate>
         </v1:request>
      </v1:getPlaceCountriesRequest>
   </soapenv:Body>
</soapenv:Envelope>]]></con:request><con:assertion type="SOAP Fault Assertion" id="baa0a045-ec9d-4280-95f5-7de32d429f60" name="Not SOAP Fault"/><con:assertion type="SOAP Response" id="6a0eede7-e4df-46a5-92c4-1a5815e12207" name="SOAP Response"/><con:assertion type="Schema Compliance" id="f4d50f14-74b1-42e6-97ca-9e397506dce6" name="Schema Compliance"><con:configuration/></con:assertion><con:wsaConfig action="http://fidus.brussels/services/countryservice/getPlaceCountries"/></con:request></con:config></con:testStep><con:properties/></con:testCase><con:testCase id="54d6ab0a-7fd5-4f7f-b308-2d6deab4c17c" failOnError="true" failTestCaseOnErrors="true" keepSession="false" maxResults="0" name="getPlaceCountry" searchProperties="true"><con:settings/><con:testStep type="request" id="7cdac7ad-353a-43bc-9973-b13321f9469c" name="testcase02 - Dev - Request"><con:settings/><con:config xsi:type="con:RequestStep" xmlns:xsi="http://www.w3.org/2001/XMLSchema-instance"><con:interface>CountryServiceHTTPBinding</con:interface><con:operation>getPlaceCountry</con:operation><con:request name="testcase02 - Dev - Request" id="ee85132b-a880-4cb3-bdcf-cd235926566b" outgoingWss="Outflow DEV"><con:settings/><con:encoding>UTF-8</con:encoding><con:endpoint>https://192.168.36.61:8243/services/CountryService_v1.0</con:endpoint><con:request><![CDATA[<soapenv:Envelope xmlns:soapenv="http://schemas.xmlsoap.org/soap/envelope/" xmlns:v1="http://fidus.brussels/service/countryservice/messages/v1" xmlns:v11="http://fidus.brussels/type/common/messages/v1" xmlns:v12="http://fsb.belgium.be/mappingServices/countryService/messages/v1_00">
   <soapenv:Header/>
   <soapenv:Body>
      <v1:getPlaceCountryRequest>
         <v1:messageContext>
            <v11:messageId>${=import static java.util.UUID.randomUUID; uuid = randomUUID() as String}</v11:messageId>
            <!--Optional:-->
            <v11:timestamp>${=new java.text.SimpleDateFormat("yyyy-MM-dd'T'HH:mm:ss.SSS").format(new Date())}</v11:timestamp>
         </v1:messageContext>
         <v1:legalContext>ServiceIntegrator</v1:legalContext>
         <v1:request>
            <!--You have a CHOICE of the next 4 items at this level-->
            <!--
            <v12:iso-alpha2 startDate="?" endDate="?" status="?">?</v12:iso-alpha2>
            <v12:iso-alpha3 startDate="?" endDate="?" status="?">?</v12:iso-alpha3>
            <v12:iso-num3 startDate="?" endDate="?" status="?">?</v12:iso-num3>
            <v12:nis-num3 startDate="?" endDate="?" status="?">?</v12:nis-num3>
			-->
             <v12:iso-alpha2>NL</v12:iso-alpha2>
             
         </v1:request>
      </v1:getPlaceCountryRequest>
   </soapenv:Body>
</soapenv:Envelope>]]></con:request><con:assertion type="SOAP Fault Assertion" id="56989529-10af-475d-8d9b-701091a935cd" name="Not SOAP Fault"/><con:assertion type="SOAP Response" id="448f63ff-f5a0-410f-86f2-2a415da4e673" name="SOAP Response"/><con:assertion type="Schema Compliance" id="558e539a-021a-4f25-806b-c9dd58c6ac1c" name="Schema Compliance"><con:configuration/></con:assertion><con:wsaConfig action="http://fidus.brussels/services/countryservice/getPlaceCountry"/></con:request></con:config></con:testStep><con:testStep type="request" id="1492a368-26b2-44b4-b69a-fe9825d59029" name="testcase02 - DevNew - Request"><con:settings/><con:config xsi:type="con:RequestStep" xmlns:xsi="http://www.w3.org/2001/XMLSchema-instance"><con:interface>CountryServiceHTTPBinding</con:interface><con:operation>getPlaceCountry</con:operation><con:request name="testcase02 - DevNew - Request" id="96cddaa1-2354-4dd3-8d48-fb474699992a" outgoingWss="Outflow DEV"><con:settings/><con:encoding>UTF-8</con:encoding><con:endpoint>https://192.168.36.75:8243/services/CountryService_v1.0</con:endpoint><con:request><![CDATA[<soapenv:Envelope xmlns:soapenv="http://schemas.xmlsoap.org/soap/envelope/" xmlns:v1="http://fidus.brussels/service/countryservice/messages/v1" xmlns:v11="http://fidus.brussels/type/common/messages/v1" xmlns:v12="http://fsb.belgium.be/mappingServices/countryService/messages/v1_00">
   <soapenv:Header/>
   <soapenv:Body>
      <v1:getPlaceCountryRequest>
         <v1:messageContext>
            <v11:messageId>${=import static java.util.UUID.randomUUID; uuid = randomUUID() as String}</v11:messageId>
            <!--Optional:-->
            <v11:timestamp>${=new java.text.SimpleDateFormat("yyyy-MM-dd'T'HH:mm:ss.SSS").format(new Date())}</v11:timestamp>
         </v1:messageContext>
         <v1:legalContext>ServiceIntegrator</v1:legalContext>
         <v1:request>
            <!--You have a CHOICE of the next 4 items at this level-->
            <!--
            <v12:iso-alpha2 startDate="?" endDate="?" status="?">?</v12:iso-alpha2>
            <v12:iso-alpha3 startDate="?" endDate="?" status="?">?</v12:iso-alpha3>
            <v12:iso-num3 startDate="?" endDate="?" status="?">?</v12:iso-num3>
            <v12:nis-num3 startDate="?" endDate="?" status="?">?</v12:nis-num3>
			-->
             <v12:iso-alpha2>NL</v12:iso-alpha2>
             
         </v1:request>
      </v1:getPlaceCountryRequest>
   </soapenv:Body>
</soapenv:Envelope>]]></con:request><con:assertion type="SOAP Fault Assertion" id="fb7d617e-e38c-47cf-a32f-a7f2dfcdc6c0" name="Not SOAP Fault"/><con:assertion type="SOAP Response" id="92f4efa8-7248-49e0-b82a-9ae43e25f308" name="SOAP Response"/><con:assertion type="Schema Compliance" id="0a19edc0-e254-4baa-81b3-08acab038df1" name="Schema Compliance"><con:configuration/></con:assertion><con:wsaConfig action="http://fidus.brussels/services/countryservice/getPlaceCountry"/></con:request></con:config></con:testStep><con:properties/></con:testCase><con:testCase id="5db82e95-8d8e-4187-b9f2-497571724fde" failOnError="true" failTestCaseOnErrors="true" keepSession="false" maxResults="0" name="getPlaceCountryHistory" searchProperties="true"><con:settings/><con:testStep type="request" id="537ebb02-0018-415c-804d-3a67d4fe550c" name="testcase02 - Dev - Request"><con:settings/><con:config xsi:type="con:RequestStep" xmlns:xsi="http://www.w3.org/2001/XMLSchema-instance"><con:interface>CountryServiceHTTPBinding</con:interface><con:operation>getPlaceCountryHistory</con:operation><con:request name="testcase02 - Dev - Request" id="e6794813-6da0-4c21-bca8-343a0f0d8b10" outgoingWss="Outflow DEV"><con:settings/><con:encoding>UTF-8</con:encoding><con:endpoint>https://192.168.36.61:8243/services/CountryService_v1.0</con:endpoint><con:request><![CDATA[<soapenv:Envelope xmlns:soapenv="http://schemas.xmlsoap.org/soap/envelope/" xmlns:v1="http://fidus.brussels/service/countryservice/messages/v1" xmlns:v11="http://fidus.brussels/type/common/messages/v1" xmlns:v12="http://fsb.belgium.be/mappingServices/countryService/messages/v1_00">
   <soapenv:Header/>
   <soapenv:Body xmlns:soapenv="http://schemas.xmlsoap.org/soap/envelope/" xmlns:wsu="http://docs.oasis-open.org/wss/2004/01/oasis-200401-wss-wssecurity-utility-1.0.xsd" wsu:Id="id-5C8D63ADC1427B4599147860106781222">
   <v1:getPlaceCountryHistoryRequest xmlns:v1="http://fidus.brussels/service/countryservice/messages/v1">
         <v1:messageContext>
            <v11:messageId xmlns:v11="http://fidus.brussels/type/common/messages/v1">504da2d0-a96a-41e9-b3dd-3c1f56039568</v11:messageId>
            <!--Optional:-->
            <v11:timestamp xmlns:v11="http://fidus.brussels/type/common/messages/v1">2016-11-08T11:31:07.809</v11:timestamp>
         </v1:messageContext>
         <v1:legalContext>ServiceIntegrator</v1:legalContext>
         <v1:request>
            <v12:iso-alpha2 xmlns:v12="http://fsb.belgium.be/mappingServices/countryService/messages/v1_00">NL</v12:iso-alpha2>
            <!--Optional:-->
            <v12:referenceDate xmlns:v12="http://fsb.belgium.be/mappingServices/countryService/messages/v1_00">2016-10-10</v12:referenceDate>
         </v1:request>
      </v1:getPlaceCountryHistoryRequest>
   </soapenv:Body>
</soapenv:Envelope>]]></con:request><con:assertion type="SOAP Fault Assertion" id="0d982263-923a-4235-a926-2f79999a9126" name="Not SOAP Fault"/><con:assertion type="SOAP Response" id="bc8aac2a-2848-4916-ab6a-bb14df3e8db0" name="SOAP Response"/><con:assertion type="Schema Compliance" id="42398c7f-f921-4959-97fc-b5fa5dcff611" name="Schema Compliance"><con:configuration/></con:assertion><con:wsaConfig action="http://fidus.brussels/services/countryservice/getPlaceCountryHistory"/></con:request></con:config></con:testStep><con:testStep type="request" id="6e3c0fa6-3341-44a3-89ad-f4a62a857d6a" name="testcase02 - DevNew - Request"><con:settings/><con:config xsi:type="con:RequestStep" xmlns:xsi="http://www.w3.org/2001/XMLSchema-instance"><con:interface>CountryServiceHTTPBinding</con:interface><con:operation>getPlaceCountryHistory</con:operation><con:request name="testcase02 - DevNew - Request" id="dcc60c83-8af1-4b07-a993-229d192ec2ab" outgoingWss="Outflow DEV"><con:settings/><con:encoding>UTF-8</con:encoding><con:endpoint>https://192.168.36.75:8243/services/CountryService_v1.0</con:endpoint><con:request><![CDATA[<soapenv:Envelope xmlns:soapenv="http://schemas.xmlsoap.org/soap/envelope/" xmlns:v1="http://fidus.brussels/service/countryservice/messages/v1" xmlns:v11="http://fidus.brussels/type/common/messages/v1" xmlns:v12="http://fsb.belgium.be/mappingServices/countryService/messages/v1_00">
   <soapenv:Header/>
   <soapenv:Body xmlns:soapenv="http://schemas.xmlsoap.org/soap/envelope/" xmlns:wsu="http://docs.oasis-open.org/wss/2004/01/oasis-200401-wss-wssecurity-utility-1.0.xsd" wsu:Id="id-5C8D63ADC1427B4599147860106781222">
   <v1:getPlaceCountryHistoryRequest xmlns:v1="http://fidus.brussels/service/countryservice/messages/v1">
         <v1:messageContext>
            <v11:messageId xmlns:v11="http://fidus.brussels/type/common/messages/v1">504da2d0-a96a-41e9-b3dd-3c1f56039568</v11:messageId>
            <!--Optional:-->
            <v11:timestamp xmlns:v11="http://fidus.brussels/type/common/messages/v1">2016-11-08T11:31:07.809</v11:timestamp>
         </v1:messageContext>
         <v1:legalContext>ServiceIntegrator</v1:legalContext>
         <v1:request>
            <v12:iso-alpha2 xmlns:v12="http://fsb.belgium.be/mappingServices/countryService/messages/v1_00">NL</v12:iso-alpha2>
            <!--Optional:-->
            <v12:referenceDate xmlns:v12="http://fsb.belgium.be/mappingServices/countryService/messages/v1_00">2016-10-10</v12:referenceDate>
         </v1:request>
      </v1:getPlaceCountryHistoryRequest>
   </soapenv:Body>
</soapenv:Envelope>]]></con:request><con:assertion type="SOAP Fault Assertion" id="eeaa68b2-0012-495a-ac5e-d1102b8c03ba" name="Not SOAP Fault"/><con:assertion type="SOAP Response" id="4678237c-b2ae-4a19-a3b1-70fe5a3ef6f2" name="SOAP Response"/><con:assertion type="Schema Compliance" id="f3dee83c-bc02-47fa-87de-8e9491eb759a" name="Schema Compliance"><con:configuration/></con:assertion><con:wsaConfig action="http://fidus.brussels/services/countryservice/getPlaceCountryHistory"/></con:request></con:config></con:testStep><con:properties/></con:testCase><con:properties/></con:testSuite><con:testSuite id="923734a5-91a7-414e-ac38-84402e359658" name="STAG"><con:settings/><con:runType>SEQUENTIAL</con:runType><con:testCase id="9fcd7775-e162-4714-9b8c-842185868664" failOnError="true" failTestCaseOnErrors="true" keepSession="false" maxResults="0" name="getAddressCountries" searchProperties="true"><con:settings/><con:testStep type="request" id="a2f5a058-a08c-45aa-848a-f02f6aa6e526" name="testcase04 - Staging External - Request"><con:settings/><con:config xsi:type="con:RequestStep" xmlns:xsi="http://www.w3.org/2001/XMLSchema-instance"><con:interface>CountryServiceHTTPBinding</con:interface><con:operation>getAddressCountries</con:operation><con:request name="testcase04 - Staging External - Request" id="e5ea5563-424b-4f1a-92ea-12afd5e6d560" outgoingWss="Outflow STAG"><con:settings/><con:encoding>UTF-8</con:encoding><con:endpoint>https://fidus.irisnetlab.be/services/CountryService_v1.0</con:endpoint><con:request><![CDATA[<soapenv:Envelope xmlns:soapenv="http://schemas.xmlsoap.org/soap/envelope/" xmlns:v1="http://fidus.brussels/service/countryservice/messages/v1" xmlns:v11="http://fidus.brussels/type/common/messages/v1">
   <soapenv:Header/>
   <soapenv:Body>
      <v1:getAddressCountriesRequest>
         <v1:messageContext>
            <v11:messageId>${=import static java.util.UUID.randomUUID; uuid = randomUUID() as String}</v11:messageId>
            <!--Optional:-->
            <v11:timestamp>${=new java.text.SimpleDateFormat("yyyy-MM-dd'T'HH:mm:ss.SSS").format(new Date())}</v11:timestamp>
         </v1:messageContext>
         <v1:legalContext>ServiceIntegrator</v1:legalContext>
         <v1:request>
            <!--Optional:-->
            <v1:referenceDate>2016-10-10</v1:referenceDate>
         </v1:request>
      </v1:getAddressCountriesRequest>
   </soapenv:Body>
</soapenv:Envelope>]]></con:request><con:assertion type="SOAP Fault Assertion" id="650548a9-7f3c-4171-a870-f120bd0e9481" name="Not SOAP Fault"/><con:assertion type="SOAP Response" id="75f1119e-553c-4b2a-9769-7cbf1342acae" name="SOAP Response"/><con:assertion type="Schema Compliance" id="124c2987-7390-4c3f-8ac8-ae22fc76dc59" name="Schema Compliance"><con:configuration/></con:assertion><con:wsaConfig action="http://fidus.brussels/services/countryservice/getAddressCountries"/></con:request></con:config></con:testStep><con:testStep type="request" id="ca555fdf-62ea-44f9-8a94-b7a7940df1ea" name="testcase04 - Staging LB - Request"><con:settings/><con:config xsi:type="con:RequestStep" xmlns:xsi="http://www.w3.org/2001/XMLSchema-instance"><con:interface>CountryServiceHTTPBinding</con:interface><con:operation>getAddressCountries</con:operation><con:request name="testcase04 - Staging LB - Request" id="da5d5c90-5403-4692-809d-52ffc81f3796" outgoingWss="Outflow STAG"><con:settings/><con:encoding>UTF-8</con:encoding><con:endpoint>https://fidus-esb-sg.sta.srv.cirb.lan:8443/services/CountryService_v1.0</con:endpoint><con:request><![CDATA[<soapenv:Envelope xmlns:soapenv="http://schemas.xmlsoap.org/soap/envelope/" xmlns:v1="http://fidus.brussels/service/countryservice/messages/v1" xmlns:v11="http://fidus.brussels/type/common/messages/v1">
   <soapenv:Header/>
   <soapenv:Body>
      <v1:getAddressCountriesRequest>
         <v1:messageContext>
            <v11:messageId>${=import static java.util.UUID.randomUUID; uuid = randomUUID() as String}</v11:messageId>
            <!--Optional:-->
            <v11:timestamp>${=new java.text.SimpleDateFormat("yyyy-MM-dd'T'HH:mm:ss.SSS").format(new Date())}</v11:timestamp>
         </v1:messageContext>
         <v1:legalContext>ServiceIntegrator</v1:legalContext>
         <v1:request>
            <!--Optional:-->
            <v1:referenceDate>2016-10-10</v1:referenceDate>
         </v1:request>
      </v1:getAddressCountriesRequest>
   </soapenv:Body>
</soapenv:Envelope>]]></con:request><con:assertion type="SOAP Fault Assertion" id="a6dd9e85-0e41-418d-bef7-9f211d7ec17d" name="Not SOAP Fault"/><con:assertion type="SOAP Response" id="6718b19e-02a5-495f-8fc3-9221861f1443" name="SOAP Response"/><con:assertion type="Schema Compliance" id="5e53c973-bb75-43f5-80b7-d9f3e6dfc1f9" name="Schema Compliance"><con:configuration/></con:assertion><con:wsaConfig action="http://fidus.brussels/services/countryservice/getAddressCountries"/></con:request></con:config></con:testStep><con:testStep type="request" id="b38bc48a-86e0-45ff-9ec9-c56a832b4a34" name="testcase04 - Staging Worker1 - Request"><con:settings/><con:config xsi:type="con:RequestStep" xmlns:xsi="http://www.w3.org/2001/XMLSchema-instance"><con:interface>CountryServiceHTTPBinding</con:interface><con:operation>getAddressCountries</con:operation><con:request name="testcase04 - Staging Worker1 - Request" id="0b679c23-95ca-41ac-ade7-0190e3486a26" outgoingWss="Outflow STAG"><con:settings/><con:encoding>UTF-8</con:encoding><con:endpoint>https://192.168.24.57:8443/services/CountryService_v1.0</con:endpoint><con:request><![CDATA[<soapenv:Envelope xmlns:soapenv="http://schemas.xmlsoap.org/soap/envelope/" xmlns:v1="http://fidus.brussels/service/countryservice/messages/v1" xmlns:v11="http://fidus.brussels/type/common/messages/v1">
   <soapenv:Header/>
   <soapenv:Body>
      <v1:getAddressCountriesRequest>
         <v1:messageContext>
            <v11:messageId>${=import static java.util.UUID.randomUUID; uuid = randomUUID() as String}</v11:messageId>
            <!--Optional:-->
            <v11:timestamp>${=new java.text.SimpleDateFormat("yyyy-MM-dd'T'HH:mm:ss.SSS").format(new Date())}</v11:timestamp>
         </v1:messageContext>
         <v1:legalContext>ServiceIntegrator</v1:legalContext>
         <v1:request>
            <!--Optional:-->
            <v1:referenceDate>2016-10-10</v1:referenceDate>
         </v1:request>
      </v1:getAddressCountriesRequest>
   </soapenv:Body>
</soapenv:Envelope>]]></con:request><con:assertion type="SOAP Fault Assertion" id="86203206-1d99-4c11-9aaa-5dd62a1975f0" name="Not SOAP Fault"/><con:assertion type="SOAP Response" id="f61d0624-f7c9-473c-b8a8-9164290113c6" name="SOAP Response"/><con:assertion type="Schema Compliance" id="f3ad393a-23b1-4269-ade3-410ab36f42b9" name="Schema Compliance"><con:configuration/></con:assertion><con:wsaConfig action="http://fidus.brussels/services/countryservice/getAddressCountries"/></con:request></con:config></con:testStep><con:testStep type="request" id="1e82b49a-4d5d-40a2-ad6a-9b5816907c5d" name="testcase04 - Staging Worker2 - Request"><con:settings/><con:config xsi:type="con:RequestStep" xmlns:xsi="http://www.w3.org/2001/XMLSchema-instance"><con:interface>CountryServiceHTTPBinding</con:interface><con:operation>getAddressCountries</con:operation><con:request name="testcase04 - Staging Worker2 - Request" id="089460a0-02e0-4516-8949-62a0e410c92c" outgoingWss="Outflow STAG"><con:settings/><con:encoding>UTF-8</con:encoding><con:endpoint>https://192.168.24.64:8443/services/CountryService_v1.0</con:endpoint><con:request><![CDATA[<soapenv:Envelope xmlns:soapenv="http://schemas.xmlsoap.org/soap/envelope/" xmlns:v1="http://fidus.brussels/service/countryservice/messages/v1" xmlns:v11="http://fidus.brussels/type/common/messages/v1">
   <soapenv:Header/>
   <soapenv:Body>
      <v1:getAddressCountriesRequest>
         <v1:messageContext>
            <v11:messageId>${=import static java.util.UUID.randomUUID; uuid = randomUUID() as String}</v11:messageId>
            <!--Optional:-->
            <v11:timestamp>${=new java.text.SimpleDateFormat("yyyy-MM-dd'T'HH:mm:ss.SSS").format(new Date())}</v11:timestamp>
         </v1:messageContext>
         <v1:legalContext>ServiceIntegrator</v1:legalContext>
         <v1:request>
            <!--Optional:-->
            <v1:referenceDate>2016-10-10</v1:referenceDate>
         </v1:request>
      </v1:getAddressCountriesRequest>
   </soapenv:Body>
</soapenv:Envelope>]]></con:request><con:assertion type="SOAP Fault Assertion" id="b61bb109-2c70-42fb-afa0-2dcf0d8ebc4c" name="Not SOAP Fault"/><con:assertion type="SOAP Response" id="5f6d504a-b38a-40d5-a34f-4ac1be54c8c0" name="SOAP Response"/><con:assertion type="Schema Compliance" id="14b8e06c-a9cd-4711-a4dc-a8de46b1a8c1" name="Schema Compliance"><con:configuration/></con:assertion><con:wsaConfig action="http://fidus.brussels/services/countryservice/getAddressCountries"/></con:request></con:config></con:testStep><con:properties/></con:testCase><con:testCase id="b887c55b-e648-45fc-8d46-6dfcd0d64988" failOnError="true" failTestCaseOnErrors="true" keepSession="false" maxResults="0" name="getAddressCountry" searchProperties="true"><con:settings/><con:testStep type="request" id="844132dd-feb4-40ea-bd4c-0e46a7ba8281" name="testcase04 - Staging External - Request"><con:settings/><con:config xsi:type="con:RequestStep" xmlns:xsi="http://www.w3.org/2001/XMLSchema-instance"><con:interface>CountryServiceHTTPBinding</con:interface><con:operation>getAddressCountry</con:operation><con:request name="testcase04 - Staging External - Request" id="211482e6-24d2-4504-8902-7b43aaef7b0c" outgoingWss="Outflow STAG"><con:settings/><con:encoding>UTF-8</con:encoding><con:endpoint>https://fidus.irisnetlab.be/services/CountryService_v1.0</con:endpoint><con:request><![CDATA[<soapenv:Envelope xmlns:soapenv="http://schemas.xmlsoap.org/soap/envelope/" xmlns:v1="http://fidus.brussels/service/countryservice/messages/v1" xmlns:v11="http://fidus.brussels/type/common/messages/v1" xmlns:v12="http://fsb.belgium.be/mappingServices/countryService/messages/v1_00">
   <soapenv:Header/>
   <soapenv:Body>
      <v1:getAddressCountryRequest>
         <v1:messageContext>
            <v11:messageId>${=import static java.util.UUID.randomUUID; uuid = randomUUID() as String}</v11:messageId>
            <!--Optional:-->
            <v11:timestamp>${=new java.text.SimpleDateFormat("yyyy-MM-dd'T'HH:mm:ss.SSS").format(new Date())}</v11:timestamp>
         </v1:messageContext>
         <v1:legalContext>ServiceIntegrator</v1:legalContext>
         <v1:request>
            <!--You have a CHOICE of the next 4 items at this level-->
            <v12:iso-alpha2>BE</v12:iso-alpha2>
            <!--<v12:iso-alpha3 startDate="?" endDate="?" status="?">?</v12:iso-alpha3>-->
            <!--<v12:iso-num3 startDate="?" endDate="?" status="?">?</v12:iso-num3>-->
            <!--<v12:nis-num3 startDate="?" endDate="?" status="?">?</v12:nis-num3>-->
         </v1:request>
      </v1:getAddressCountryRequest>
   </soapenv:Body>
</soapenv:Envelope>]]></con:request><con:assertion type="SOAP Fault Assertion" id="bb691f57-e8b0-4c1f-90aa-870cfeb3fe39" name="Not SOAP Fault"/><con:assertion type="SOAP Response" id="2f0e35bd-5bbc-407f-8528-41a33d3afd82" name="SOAP Response"/><con:assertion type="Schema Compliance" id="1cde0474-aa2c-4bc5-a5f6-956b9ae55588" name="Schema Compliance"><con:configuration/></con:assertion><con:wsaConfig action="http://fidus.brussels/services/countryservice/getAddressCountry"/></con:request></con:config></con:testStep><con:testStep type="request" id="247cb952-862b-424f-a653-49696ba11c32" name="testcase04 - Staging LB - Request"><con:settings/><con:config xsi:type="con:RequestStep" xmlns:xsi="http://www.w3.org/2001/XMLSchema-instance"><con:interface>CountryServiceHTTPBinding</con:interface><con:operation>getAddressCountry</con:operation><con:request name="testcase04 - Staging LB - Request" id="684170e6-2d1e-496b-8616-5c3a0caa8a8e" outgoingWss="Outflow STAG"><con:settings/><con:encoding>UTF-8</con:encoding><con:endpoint>https://fidus-esb-sg.sta.srv.cirb.lan:8443/services/CountryService_v1.0</con:endpoint><con:request><![CDATA[<soapenv:Envelope xmlns:soapenv="http://schemas.xmlsoap.org/soap/envelope/" xmlns:v1="http://fidus.brussels/service/countryservice/messages/v1" xmlns:v11="http://fidus.brussels/type/common/messages/v1" xmlns:v12="http://fsb.belgium.be/mappingServices/countryService/messages/v1_00">
   <soapenv:Header/>
   <soapenv:Body>
      <v1:getAddressCountryRequest>
         <v1:messageContext>
            <v11:messageId>${=import static java.util.UUID.randomUUID; uuid = randomUUID() as String}</v11:messageId>
            <!--Optional:-->
            <v11:timestamp>${=new java.text.SimpleDateFormat("yyyy-MM-dd'T'HH:mm:ss.SSS").format(new Date())}</v11:timestamp>
         </v1:messageContext>
         <v1:legalContext>ServiceIntegrator</v1:legalContext>
         <v1:request>
            <!--You have a CHOICE of the next 4 items at this level-->
            <v12:iso-alpha2>BE</v12:iso-alpha2>
            <!--<v12:iso-alpha3 startDate="?" endDate="?" status="?">?</v12:iso-alpha3>-->
            <!--<v12:iso-num3 startDate="?" endDate="?" status="?">?</v12:iso-num3>-->
            <!--<v12:nis-num3 startDate="?" endDate="?" status="?">?</v12:nis-num3>-->
         </v1:request>
      </v1:getAddressCountryRequest>
   </soapenv:Body>
</soapenv:Envelope>]]></con:request><con:assertion type="SOAP Fault Assertion" id="870acb9b-4e88-44f6-b339-bd2cb27657e4" name="Not SOAP Fault"/><con:assertion type="SOAP Response" id="8b365c96-6dfe-4cf1-aa71-52034bdb72b3" name="SOAP Response"/><con:assertion type="Schema Compliance" id="b7504759-1064-4e2a-a5d1-21f5c908313f" name="Schema Compliance"><con:configuration/></con:assertion><con:wsaConfig action="http://fidus.brussels/services/countryservice/getAddressCountry"/></con:request></con:config></con:testStep><con:testStep type="request" id="e28d944e-2d7e-4154-b04a-9bcaefe74331" name="testcase04 - Staging Worker1 - Request"><con:settings/><con:config xsi:type="con:RequestStep" xmlns:xsi="http://www.w3.org/2001/XMLSchema-instance"><con:interface>CountryServiceHTTPBinding</con:interface><con:operation>getAddressCountry</con:operation><con:request name="testcase04 - Staging Worker1 - Request" id="12306a18-c831-4b6d-8efc-30e1904f905a" outgoingWss="Outflow STAG"><con:settings/><con:encoding>UTF-8</con:encoding><con:endpoint>https://192.168.24.57:8443/services/CountryService_v1.0</con:endpoint><con:request><![CDATA[<soapenv:Envelope xmlns:soapenv="http://schemas.xmlsoap.org/soap/envelope/" xmlns:v1="http://fidus.brussels/service/countryservice/messages/v1" xmlns:v11="http://fidus.brussels/type/common/messages/v1" xmlns:v12="http://fsb.belgium.be/mappingServices/countryService/messages/v1_00">
   <soapenv:Header/>
   <soapenv:Body>
      <v1:getAddressCountryRequest>
         <v1:messageContext>
            <v11:messageId>${=import static java.util.UUID.randomUUID; uuid = randomUUID() as String}</v11:messageId>
            <!--Optional:-->
            <v11:timestamp>${=new java.text.SimpleDateFormat("yyyy-MM-dd'T'HH:mm:ss.SSS").format(new Date())}</v11:timestamp>
         </v1:messageContext>
         <v1:legalContext>ServiceIntegrator</v1:legalContext>
         <v1:request>
            <!--You have a CHOICE of the next 4 items at this level-->
            <v12:iso-alpha2>BE</v12:iso-alpha2>
            <!--<v12:iso-alpha3 startDate="?" endDate="?" status="?">?</v12:iso-alpha3>-->
            <!--<v12:iso-num3 startDate="?" endDate="?" status="?">?</v12:iso-num3>-->
            <!--<v12:nis-num3 startDate="?" endDate="?" status="?">?</v12:nis-num3>-->
         </v1:request>
      </v1:getAddressCountryRequest>
   </soapenv:Body>
</soapenv:Envelope>]]></con:request><con:assertion type="SOAP Fault Assertion" id="cf1a052b-b6c6-452a-a0b0-11936779c189" name="Not SOAP Fault"/><con:assertion type="SOAP Response" id="7dff819e-aedc-4b62-b81c-089cb8852954" name="SOAP Response"/><con:assertion type="Schema Compliance" id="e64f16f4-5f3c-4cce-9f7f-422ae6496a02" name="Schema Compliance"><con:configuration/></con:assertion><con:wsaConfig action="http://fidus.brussels/services/countryservice/getAddressCountry"/></con:request></con:config></con:testStep><con:testStep type="request" id="50c85a15-ebe4-416a-8f7b-a18a7836992c" name="testcase04 - Staging Worker2 - Request"><con:settings/><con:config xsi:type="con:RequestStep" xmlns:xsi="http://www.w3.org/2001/XMLSchema-instance"><con:interface>CountryServiceHTTPBinding</con:interface><con:operation>getAddressCountry</con:operation><con:request name="testcase04 - Staging Worker2 - Request" id="48a64bd4-840a-49e0-afe0-6c12e6a540b7" outgoingWss="Outflow STAG"><con:settings/><con:encoding>UTF-8</con:encoding><con:endpoint>https://192.168.24.64:8443/services/CountryService_v1.0</con:endpoint><con:request><![CDATA[<soapenv:Envelope xmlns:soapenv="http://schemas.xmlsoap.org/soap/envelope/" xmlns:v1="http://fidus.brussels/service/countryservice/messages/v1" xmlns:v11="http://fidus.brussels/type/common/messages/v1" xmlns:v12="http://fsb.belgium.be/mappingServices/countryService/messages/v1_00">
   <soapenv:Header/>
   <soapenv:Body>
      <v1:getAddressCountryRequest>
         <v1:messageContext>
            <v11:messageId>${=import static java.util.UUID.randomUUID; uuid = randomUUID() as String}</v11:messageId>
            <!--Optional:-->
            <v11:timestamp>${=new java.text.SimpleDateFormat("yyyy-MM-dd'T'HH:mm:ss.SSS").format(new Date())}</v11:timestamp>
         </v1:messageContext>
         <v1:legalContext>ServiceIntegrator</v1:legalContext>
         <v1:request>
            <!--You have a CHOICE of the next 4 items at this level-->
            <v12:iso-alpha2>BE</v12:iso-alpha2>
            <!--<v12:iso-alpha3 startDate="?" endDate="?" status="?">?</v12:iso-alpha3>-->
            <!--<v12:iso-num3 startDate="?" endDate="?" status="?">?</v12:iso-num3>-->
            <!--<v12:nis-num3 startDate="?" endDate="?" status="?">?</v12:nis-num3>-->
         </v1:request>
      </v1:getAddressCountryRequest>
   </soapenv:Body>
</soapenv:Envelope>]]></con:request><con:assertion type="SOAP Fault Assertion" id="f6851c61-aae3-4062-b2f7-5fb24e0f6d66" name="Not SOAP Fault"/><con:assertion type="SOAP Response" id="41d82881-5d2e-4bb7-9990-2fcf50477285" name="SOAP Response"/><con:assertion type="Schema Compliance" id="ff1cba25-9a5e-4d25-9a22-2c40d454dd54" name="Schema Compliance"><con:configuration/></con:assertion><con:wsaConfig action="http://fidus.brussels/services/countryservice/getAddressCountry"/></con:request></con:config></con:testStep><con:properties/></con:testCase><con:testCase id="f84d483f-c4c8-4297-a667-d0ffe8a93324" failOnError="true" failTestCaseOnErrors="true" keepSession="false" maxResults="0" name="getAddressCountryHistory" searchProperties="true"><con:settings/><con:testStep type="request" id="23108c5a-3581-49ba-be57-a346c5eeb050" name="testcase04 - Staging External - Request"><con:settings/><con:config xsi:type="con:RequestStep" xmlns:xsi="http://www.w3.org/2001/XMLSchema-instance"><con:interface>CountryServiceHTTPBinding</con:interface><con:operation>getAddressCountryHistory</con:operation><con:request name="testcase04 - Staging External - Request" id="d982ad8d-dac6-4d97-881c-e9cac6f1c39a" outgoingWss="Outflow STAG"><con:settings/><con:encoding>UTF-8</con:encoding><con:endpoint>https://fidus.irisnetlab.be/services/CountryService_v1.0</con:endpoint><con:request><![CDATA[<soapenv:Envelope xmlns:soapenv="http://schemas.xmlsoap.org/soap/envelope/" xmlns:v1="http://fidus.brussels/service/countryservice/messages/v1" xmlns:v11="http://fidus.brussels/type/common/messages/v1" xmlns:v12="http://fsb.belgium.be/mappingServices/countryService/messages/v1_00">
   <soapenv:Header/>
   <soapenv:Body>
      <v1:getAddressCountryHistoryRequest>
         <v1:messageContext>
            <v11:messageId>${=import static java.util.UUID.randomUUID; uuid = randomUUID() as String}</v11:messageId>
            <v11:timestamp>${=new java.text.SimpleDateFormat("yyyy-MM-dd'T'HH:mm:ss.SSS").format(new Date())}</v11:timestamp>
         </v1:messageContext>
         <v1:legalContext>ServiceIntegrator</v1:legalContext>
         <v1:request>
            <v12:iso-alpha2>FR</v12:iso-alpha2>
            <v12:referenceDate>2016-10-10</v12:referenceDate>
         </v1:request>
      </v1:getAddressCountryHistoryRequest>
   </soapenv:Body>
</soapenv:Envelope>]]></con:request><con:assertion type="SOAP Fault Assertion" id="67d10ff6-bf87-4e96-9972-c62be6fd9dea" name="Not SOAP Fault"/><con:assertion type="SOAP Response" id="2616a12b-8226-45ca-a707-9b61b9cc1860" name="SOAP Response"/><con:assertion type="Schema Compliance" id="a74b34cc-afa2-46ff-aaaa-a256666bde98" name="Schema Compliance"><con:configuration/></con:assertion><con:wsaConfig action="http://fidus.brussels/services/countryservice/getAddressCountryHistory"/></con:request></con:config></con:testStep><con:testStep type="request" id="c0e5eac1-ac4c-4f5e-9c19-072c00abdb0b" name="testcase04 - Staging LB - Request"><con:settings/><con:config xsi:type="con:RequestStep" xmlns:xsi="http://www.w3.org/2001/XMLSchema-instance"><con:interface>CountryServiceHTTPBinding</con:interface><con:operation>getAddressCountryHistory</con:operation><con:request name="testcase04 - Staging LB - Request" id="6b996926-f001-475b-8223-c83bfc67a8a5" outgoingWss="Outflow STAG"><con:settings/><con:encoding>UTF-8</con:encoding><con:endpoint>https://fidus-esb-sg.sta.srv.cirb.lan:8443/services/CountryService_v1.0</con:endpoint><con:request><![CDATA[<soapenv:Envelope xmlns:soapenv="http://schemas.xmlsoap.org/soap/envelope/" xmlns:v1="http://fidus.brussels/service/countryservice/messages/v1" xmlns:v11="http://fidus.brussels/type/common/messages/v1" xmlns:v12="http://fsb.belgium.be/mappingServices/countryService/messages/v1_00">
   <soapenv:Header/>
   <soapenv:Body>
      <v1:getAddressCountryHistoryRequest>
         <v1:messageContext>
            <v11:messageId>${=import static java.util.UUID.randomUUID; uuid = randomUUID() as String}</v11:messageId>
            <v11:timestamp>${=new java.text.SimpleDateFormat("yyyy-MM-dd'T'HH:mm:ss.SSS").format(new Date())}</v11:timestamp>
         </v1:messageContext>
         <v1:legalContext>ServiceIntegrator</v1:legalContext>
         <v1:request>
            <v12:iso-alpha2>BE</v12:iso-alpha2>
            <v12:referenceDate>2016-10-10</v12:referenceDate>
         </v1:request>
      </v1:getAddressCountryHistoryRequest>
   </soapenv:Body>
</soapenv:Envelope>]]></con:request><con:assertion type="SOAP Fault Assertion" id="9f9411b0-7ad1-4d75-b1e9-f2170a7e8f7f" name="Not SOAP Fault"/><con:assertion type="SOAP Response" id="0e8f4c68-4879-4479-a627-6de6e861b680" name="SOAP Response"/><con:assertion type="Schema Compliance" id="16e6bc75-7900-4c64-9822-4c615beb8cdc" name="Schema Compliance"><con:configuration/></con:assertion><con:wsaConfig action="http://fidus.brussels/services/countryservice/getAddressCountryHistory"/></con:request></con:config></con:testStep><con:testStep type="request" id="1a742e17-e215-4b94-b9a8-cc54aa8125e0" name="testcase04 - Staging Worker1 - Request"><con:settings/><con:config xsi:type="con:RequestStep" xmlns:xsi="http://www.w3.org/2001/XMLSchema-instance"><con:interface>CountryServiceHTTPBinding</con:interface><con:operation>getAddressCountryHistory</con:operation><con:request name="testcase04 - Staging Worker1 - Request" id="33de0870-5830-49a9-b886-84aba28ace60" outgoingWss="Outflow STAG"><con:settings/><con:encoding>UTF-8</con:encoding><con:endpoint>https://192.168.24.57:8443/services/CountryService_v1.0</con:endpoint><con:request><![CDATA[<soapenv:Envelope xmlns:soapenv="http://schemas.xmlsoap.org/soap/envelope/" xmlns:v1="http://fidus.brussels/service/countryservice/messages/v1" xmlns:v11="http://fidus.brussels/type/common/messages/v1" xmlns:v12="http://fsb.belgium.be/mappingServices/countryService/messages/v1_00">
   <soapenv:Header/>
   <soapenv:Body>
      <v1:getAddressCountryHistoryRequest>
         <v1:messageContext>
            <v11:messageId>${=import static java.util.UUID.randomUUID; uuid = randomUUID() as String}</v11:messageId>
            <!--Optional:-->
            <v11:timestamp>${=new java.text.SimpleDateFormat("yyyy-MM-dd'T'HH:mm:ss.SSS").format(new Date())}</v11:timestamp>
         </v1:messageContext>
         <v1:legalContext>ServiceIntegrator</v1:legalContext>
         <v1:request>
            <v12:iso-alpha2>NL</v12:iso-alpha2>
            <!--Optional:-->
            
         </v1:request>
      </v1:getAddressCountryHistoryRequest>
   </soapenv:Body>
</soapenv:Envelope>]]></con:request><con:assertion type="SOAP Fault Assertion" id="e62d2933-8d27-49e4-a915-c366c144e03b" name="Not SOAP Fault"/><con:assertion type="SOAP Response" id="8657153a-90cb-4364-b69a-fd05786a6090" name="SOAP Response"/><con:assertion type="Schema Compliance" id="ca1819e5-7dd5-40ed-a050-1f258e151975" name="Schema Compliance"><con:configuration/></con:assertion><con:wsaConfig action="http://fidus.brussels/services/countryservice/getAddressCountryHistory"/></con:request></con:config></con:testStep><con:testStep type="request" id="f3af7956-9b32-46d3-98b5-b24cdd922934" name="testcase04 - Staging Worker2 - Request"><con:settings/><con:config xsi:type="con:RequestStep" xmlns:xsi="http://www.w3.org/2001/XMLSchema-instance"><con:interface>CountryServiceHTTPBinding</con:interface><con:operation>getAddressCountryHistory</con:operation><con:request name="testcase04 - Staging Worker2 - Request" id="47b7b4bf-5770-445c-a7aa-8c2a664dbe5f" outgoingWss="Outflow STAG"><con:settings/><con:encoding>UTF-8</con:encoding><con:endpoint>https://192.168.24.64:8443/services/CountryService_v1.0</con:endpoint><con:request><![CDATA[<soapenv:Envelope xmlns:soapenv="http://schemas.xmlsoap.org/soap/envelope/" xmlns:v1="http://fidus.brussels/service/countryservice/messages/v1" xmlns:v11="http://fidus.brussels/type/common/messages/v1" xmlns:v12="http://fsb.belgium.be/mappingServices/countryService/messages/v1_00">
   <soapenv:Header/>
   <soapenv:Body>
      <v1:getAddressCountryHistoryRequest>
         <v1:messageContext>
            <v11:messageId>${=import static java.util.UUID.randomUUID; uuid = randomUUID() as String}</v11:messageId>
            <v11:timestamp>${=new java.text.SimpleDateFormat("yyyy-MM-dd'T'HH:mm:ss.SSS").format(new Date())}</v11:timestamp>
         </v1:messageContext>
         <v1:legalContext>ServiceIntegrator</v1:legalContext>
         <v1:request>
            <v12:iso-alpha2>AU</v12:iso-alpha2>
            <v12:referenceDate>2016-10-10</v12:referenceDate>
         </v1:request>
      </v1:getAddressCountryHistoryRequest>
   </soapenv:Body>
</soapenv:Envelope>]]></con:request><con:assertion type="SOAP Fault Assertion" id="25010dc6-0487-4658-bcd5-d4528280275a" name="Not SOAP Fault"/><con:assertion type="SOAP Response" id="8daa9ba5-0fd1-4b31-b4bf-14ab3cff6a44" name="SOAP Response"/><con:assertion type="Schema Compliance" id="f35e59b1-f596-4482-9ea5-462770f77784" name="Schema Compliance"><con:configuration/></con:assertion><con:wsaConfig action="http://fidus.brussels/services/countryservice/getAddressCountryHistory"/></con:request></con:config></con:testStep><con:properties/></con:testCase><con:testCase id="dd77900d-834f-4401-893c-9f9f97f8c88e" failOnError="true" failTestCaseOnErrors="true" keepSession="false" maxResults="0" name="getAllIsoCodes" searchProperties="true"><con:settings/><con:testStep type="request" id="01ead514-22d9-41a2-9624-c7e9aa00d1f3" name="testcase04 - Staging External - Request"><con:settings/><con:config xsi:type="con:RequestStep" xmlns:xsi="http://www.w3.org/2001/XMLSchema-instance"><con:interface>CountryServiceHTTPBinding</con:interface><con:operation>getAllIsoCodes</con:operation><con:request name="testcase04 - Staging External - Request" id="e537d996-6d27-4f08-81fb-140b80a79e16" outgoingWss="Outflow STAG"><con:settings/><con:encoding>UTF-8</con:encoding><con:endpoint>https://fidus.irisnetlab.be/services/CountryService_v1.0</con:endpoint><con:request><![CDATA[<soapenv:Envelope xmlns:soapenv="http://schemas.xmlsoap.org/soap/envelope/" xmlns:v1="http://fidus.brussels/service/countryservice/messages/v1" xmlns:v11="http://fidus.brussels/type/common/messages/v1">
   <soapenv:Header/>
   <soapenv:Body>
      <v1:getAllIsoCodesRequest>
         <v1:messageContext>
         	  <v11:messageId>${=import static java.util.UUID.randomUUID; uuid = randomUUID() as String}</v11:messageId>
            <v11:timestamp>${=new java.text.SimpleDateFormat("yyyy-MM-dd'T'HH:mm:ss.SSS").format(new Date())}</v11:timestamp>
         </v1:messageContext>
         <v1:legalContext>ServiceIntegrator</v1:legalContext>
         <v1:request>
            <!--Optional:-->
            <v1:referenceDate>2016-10-06</v1:referenceDate>
         </v1:request>
      </v1:getAllIsoCodesRequest>
   </soapenv:Body>
</soapenv:Envelope>]]></con:request><con:assertion type="SOAP Fault Assertion" id="c28843c0-daeb-454c-8bfd-b8c2d3dfb3b9" name="Not SOAP Fault"/><con:assertion type="SOAP Response" id="73f25200-5749-4740-82e5-2d0c4b3c49da" name="SOAP Response"/><con:assertion type="Schema Compliance" id="5ec30805-e529-4f37-b42b-c049000a7fa9" name="Schema Compliance"><con:configuration/></con:assertion><con:wsaConfig action="http://fidus.brussels/services/countryservice/getAllIsoCodes"/></con:request></con:config></con:testStep><con:testStep type="request" id="eb508340-520d-427c-aad3-fda1cead98e0" name="testcase04 - Staging LB - Request"><con:settings/><con:config xsi:type="con:RequestStep" xmlns:xsi="http://www.w3.org/2001/XMLSchema-instance"><con:interface>CountryServiceHTTPBinding</con:interface><con:operation>getAllIsoCodes</con:operation><con:request name="testcase04 - Staging LB - Request" id="35b8f40d-c85d-401a-93a0-34ace6600e72" outgoingWss="Outflow STAG"><con:settings/><con:encoding>UTF-8</con:encoding><con:endpoint>https://fidus-esb-sg.sta.srv.cirb.lan:8443/services/CountryService_v1.0</con:endpoint><con:request><![CDATA[<soapenv:Envelope xmlns:soapenv="http://schemas.xmlsoap.org/soap/envelope/" xmlns:v1="http://fidus.brussels/service/countryservice/messages/v1" xmlns:v11="http://fidus.brussels/type/common/messages/v1">
   <soapenv:Header/>
   <soapenv:Body>
      <v1:getAllIsoCodesRequest>
         <v1:messageContext>
         	  <v11:messageId>${=import static java.util.UUID.randomUUID; uuid = randomUUID() as String}</v11:messageId>
            <v11:timestamp>${=new java.text.SimpleDateFormat("yyyy-MM-dd'T'HH:mm:ss.SSS").format(new Date())}</v11:timestamp>
         </v1:messageContext>
         <v1:legalContext>ServiceIntegrator</v1:legalContext>
         <v1:request>
            <!--Optional:-->
            <v1:referenceDate>2016-10-06</v1:referenceDate>
         </v1:request>
      </v1:getAllIsoCodesRequest>
   </soapenv:Body>
</soapenv:Envelope>]]></con:request><con:assertion type="SOAP Fault Assertion" id="44d821d4-4cf4-41af-8589-74bcbca93b82" name="Not SOAP Fault"/><con:assertion type="SOAP Response" id="a33320ce-15ca-4cc2-84cd-13fe74eb83f2" name="SOAP Response"/><con:assertion type="Schema Compliance" id="eeff2b9c-6e83-43bd-8f77-2e88c1d9bfee" name="Schema Compliance"><con:configuration/></con:assertion><con:wsaConfig action="http://fidus.brussels/services/countryservice/getAllIsoCodes"/></con:request></con:config></con:testStep><con:testStep type="request" id="597d2916-b505-4c35-9f0c-9b606d23ce40" name="testcase04 - Staging Worker1 - Request"><con:settings/><con:config xsi:type="con:RequestStep" xmlns:xsi="http://www.w3.org/2001/XMLSchema-instance"><con:interface>CountryServiceHTTPBinding</con:interface><con:operation>getAllIsoCodes</con:operation><con:request name="testcase04 - Staging Worker1 - Request" id="5e7bd9b3-e39d-406f-812b-4d7b5b2d418d" outgoingWss="Outflow STAG"><con:settings/><con:encoding>UTF-8</con:encoding><con:endpoint>https://192.168.24.57:8443/services/CountryService_v1.0</con:endpoint><con:request><![CDATA[<soapenv:Envelope xmlns:soapenv="http://schemas.xmlsoap.org/soap/envelope/" xmlns:v1="http://fidus.brussels/service/countryservice/messages/v1" xmlns:v11="http://fidus.brussels/type/common/messages/v1">
   <soapenv:Header/>
   <soapenv:Body>
      <v1:getAllIsoCodesRequest>
         <v1:messageContext>
         	  <v11:messageId>${=import static java.util.UUID.randomUUID; uuid = randomUUID() as String}</v11:messageId>
            <v11:timestamp>${=new java.text.SimpleDateFormat("yyyy-MM-dd'T'HH:mm:ss.SSS").format(new Date())}</v11:timestamp>
         </v1:messageContext>
         <v1:legalContext>ServiceIntegrator</v1:legalContext>
         <v1:request>
            <!--Optional:-->
            <v1:referenceDate>2016-10-06</v1:referenceDate>
         </v1:request>
      </v1:getAllIsoCodesRequest>
   </soapenv:Body>
</soapenv:Envelope>]]></con:request><con:assertion type="SOAP Fault Assertion" id="9ee3cda6-0670-4657-a724-0ed54329ac39" name="Not SOAP Fault"/><con:assertion type="SOAP Response" id="86f78fe2-ef22-4f12-83cc-36de9991bd64" name="SOAP Response"/><con:assertion type="Schema Compliance" id="3c529c27-c84b-4f39-9e81-493c512593dd" name="Schema Compliance"><con:configuration/></con:assertion><con:wsaConfig action="http://fidus.brussels/services/countryservice/getAllIsoCodes"/></con:request></con:config></con:testStep><con:testStep type="request" id="b0a7053f-38c5-482c-be7d-2a651f75d34d" name="testcase04 - Staging Worker2 - Request"><con:settings/><con:config xsi:type="con:RequestStep" xmlns:xsi="http://www.w3.org/2001/XMLSchema-instance"><con:interface>CountryServiceHTTPBinding</con:interface><con:operation>getAllIsoCodes</con:operation><con:request name="testcase04 - Staging Worker2 - Request" id="a50a5ac8-0790-4ee5-bcef-246a93fc31c7" outgoingWss="Outflow STAG"><con:settings/><con:encoding>UTF-8</con:encoding><con:endpoint>https://192.168.24.64:8443/services/CountryService_v1.0</con:endpoint><con:request><![CDATA[<soapenv:Envelope xmlns:soapenv="http://schemas.xmlsoap.org/soap/envelope/" xmlns:v1="http://fidus.brussels/service/countryservice/messages/v1" xmlns:v11="http://fidus.brussels/type/common/messages/v1">
   <soapenv:Header/>
   <soapenv:Body>
      <v1:getAllIsoCodesRequest>
         <v1:messageContext>
         	  <v11:messageId>${=import static java.util.UUID.randomUUID; uuid = randomUUID() as String}</v11:messageId>
            <v11:timestamp>${=new java.text.SimpleDateFormat("yyyy-MM-dd'T'HH:mm:ss.SSS").format(new Date())}</v11:timestamp>
         </v1:messageContext>
         <v1:legalContext>ServiceIntegrator</v1:legalContext>
         <v1:request>
            <!--Optional:-->
            <v1:referenceDate>2016-10-06</v1:referenceDate>
         </v1:request>
      </v1:getAllIsoCodesRequest>
   </soapenv:Body>
</soapenv:Envelope>]]></con:request><con:assertion type="SOAP Fault Assertion" id="13d21a17-7ce7-49d8-ae15-fa8d03efe7bb" name="Not SOAP Fault"/><con:assertion type="SOAP Response" id="9f1f7b23-9713-459f-bc2a-3c0ce97e297a" name="SOAP Response"/><con:assertion type="Schema Compliance" id="783d3e20-570e-4a5b-8ab5-33ea2d369de0" name="Schema Compliance"><con:configuration/></con:assertion><con:wsaConfig action="http://fidus.brussels/services/countryservice/getAllIsoCodes"/></con:request></con:config></con:testStep><con:properties/></con:testCase><con:testCase id="95f71411-8957-4cee-8f2a-d8e8fa01f851" failOnError="true" failTestCaseOnErrors="true" keepSession="false" maxResults="0" name="getAllNisCodes" searchProperties="true"><con:settings/><con:testStep type="request" id="e731c015-fa9a-479c-bbad-541d713751fd" name="testcase04 - Staging External - Request"><con:settings/><con:config xsi:type="con:RequestStep" xmlns:xsi="http://www.w3.org/2001/XMLSchema-instance"><con:interface>CountryServiceHTTPBinding</con:interface><con:operation>getAllNisCodes</con:operation><con:request name="testcase04 - Staging External - Request" id="508c6a2d-20a5-4abd-959f-9a51a2305c31" outgoingWss="Outflow STAG"><con:settings/><con:encoding>UTF-8</con:encoding><con:endpoint>https://fidus.irisnetlab.be/services/CountryService_v1.0</con:endpoint><con:request><![CDATA[<soapenv:Envelope xmlns:soapenv="http://schemas.xmlsoap.org/soap/envelope/" xmlns:v1="http://fidus.brussels/service/countryservice/messages/v1" xmlns:v11="http://fidus.brussels/type/common/messages/v1">
   <soapenv:Header/>
   <soapenv:Body>
      <v1:getAllNisCodesRequest>
         <v1:messageContext>
            <v11:messageId>${=import static java.util.UUID.randomUUID; uuid = randomUUID() as String}</v11:messageId>            
            <v11:timestamp>${=new java.text.SimpleDateFormat("yyyy-MM-dd'T'HH:mm:ss.SSS").format(new Date())}</v11:timestamp>
         </v1:messageContext>
         <v1:legalContext>ServiceIntegrator</v1:legalContext>
         <v1:request>
            <!--Optional:-->
            <v1:referenceDate>2016-10-13</v1:referenceDate>
         </v1:request>
      </v1:getAllNisCodesRequest>
   </soapenv:Body>
</soapenv:Envelope>]]></con:request><con:assertion type="SOAP Fault Assertion" id="fc7b7e59-655e-4120-b4d5-81e65db1db05" name="Not SOAP Fault"/><con:assertion type="SOAP Response" id="9f01f4aa-db17-4e72-a551-b206ad20d5b7" name="SOAP Response"/><con:assertion type="Schema Compliance" id="6c141fcb-7012-421d-b07d-f03b71a2cebc" name="Schema Compliance"><con:configuration/></con:assertion><con:wsaConfig action="http://fidus.brussels/services/countryservice/getAllNisCodes"/></con:request></con:config></con:testStep><con:testStep type="request" id="32adbe33-9df4-4d43-af84-916eb48fc41f" name="testcase04 - Staging LB - Request"><con:settings/><con:config xsi:type="con:RequestStep" xmlns:xsi="http://www.w3.org/2001/XMLSchema-instance"><con:interface>CountryServiceHTTPBinding</con:interface><con:operation>getAllNisCodes</con:operation><con:request name="testcase04 - Staging LB - Request" id="d494f3a1-0932-4c7f-bf26-885e05dec224" outgoingWss="Outflow STAG"><con:settings/><con:encoding>UTF-8</con:encoding><con:endpoint>https://fidus-esb-sg.sta.srv.cirb.lan:8443/services/CountryService_v1.0</con:endpoint><con:request><![CDATA[<soapenv:Envelope xmlns:soapenv="http://schemas.xmlsoap.org/soap/envelope/" xmlns:v1="http://fidus.brussels/service/countryservice/messages/v1" xmlns:v11="http://fidus.brussels/type/common/messages/v1">
   <soapenv:Header/>
   <soapenv:Body>
      <v1:getAllNisCodesRequest>
         <v1:messageContext>
            <v11:messageId>${=import static java.util.UUID.randomUUID; uuid = randomUUID() as String}</v11:messageId>            
            <v11:timestamp>${=new java.text.SimpleDateFormat("yyyy-MM-dd'T'HH:mm:ss.SSS").format(new Date())}</v11:timestamp>
         </v1:messageContext>
         <v1:legalContext>ServiceIntegrator</v1:legalContext>
         <v1:request>
            <!--Optional:-->
            <v1:referenceDate>2016-10-13</v1:referenceDate>
         </v1:request>
      </v1:getAllNisCodesRequest>
   </soapenv:Body>
</soapenv:Envelope>]]></con:request><con:assertion type="SOAP Fault Assertion" id="6fa3e54b-f04d-4a4a-a397-3590f0a2db7a" name="Not SOAP Fault"/><con:assertion type="SOAP Response" id="799dd1a7-847d-4e0f-9604-45d09138b3d6" name="SOAP Response"/><con:assertion type="Schema Compliance" id="574c4ae0-59cd-4ef8-917e-2ff2113058e4" name="Schema Compliance"><con:configuration/></con:assertion><con:wsaConfig action="http://fidus.brussels/services/countryservice/getAllNisCodes"/></con:request></con:config></con:testStep><con:testStep type="request" id="e274d2c9-1838-45a5-b11b-3c038f0547ba" name="testcase04 - Staging Worker1 - Request"><con:settings/><con:config xsi:type="con:RequestStep" xmlns:xsi="http://www.w3.org/2001/XMLSchema-instance"><con:interface>CountryServiceHTTPBinding</con:interface><con:operation>getAllNisCodes</con:operation><con:request name="testcase04 - Staging Worker1 - Request" id="4d47e283-6919-47e5-8c5d-043147dab659" outgoingWss="Outflow STAG"><con:settings/><con:encoding>UTF-8</con:encoding><con:endpoint>https://192.168.24.57:8443/services/CountryService_v1.0</con:endpoint><con:request><![CDATA[<soapenv:Envelope xmlns:soapenv="http://schemas.xmlsoap.org/soap/envelope/" xmlns:v1="http://fidus.brussels/service/countryservice/messages/v1" xmlns:v11="http://fidus.brussels/type/common/messages/v1">
   <soapenv:Header/>
   <soapenv:Body>
      <v1:getAllNisCodesRequest>
         <v1:messageContext>
            <v11:messageId>${=import static java.util.UUID.randomUUID; uuid = randomUUID() as String}</v11:messageId>            
            <v11:timestamp>${=new java.text.SimpleDateFormat("yyyy-MM-dd'T'HH:mm:ss.SSS").format(new Date())}</v11:timestamp>
         </v1:messageContext>
         <v1:legalContext>ServiceIntegrator</v1:legalContext>
         <v1:request>
            <!--Optional:-->
            <v1:referenceDate>2016-10-13</v1:referenceDate>
         </v1:request>
      </v1:getAllNisCodesRequest>
   </soapenv:Body>
</soapenv:Envelope>]]></con:request><con:assertion type="SOAP Fault Assertion" id="9abedd0a-e8cd-45d2-b823-2616b41b083a" name="Not SOAP Fault"/><con:assertion type="SOAP Response" id="1c0d5ad0-a10f-4853-902d-a46ac89e42ca" name="SOAP Response"/><con:assertion type="Schema Compliance" id="1fc88585-aa80-44b5-9e91-0b578cb01197" name="Schema Compliance"><con:configuration/></con:assertion><con:wsaConfig action="http://fidus.brussels/services/countryservice/getAllNisCodes"/></con:request></con:config></con:testStep><con:properties/></con:testCase><con:testCase id="e4237cea-fb47-4fe4-aafc-47c3c3ba6d45" failOnError="true" failTestCaseOnErrors="true" keepSession="false" maxResults="0" name="getNationalities" searchProperties="true"><con:settings/><con:testStep type="request" id="d5ac8620-eb62-4947-886e-3913f829b443" name="testcase04 - Staging External - Request"><con:settings/><con:config xsi:type="con:RequestStep" xmlns:xsi="http://www.w3.org/2001/XMLSchema-instance"><con:interface>CountryServiceHTTPBinding</con:interface><con:operation>getNationalities</con:operation><con:request name="testcase04 - Staging External - Request" id="9d26852c-136b-4f4c-b78e-8477c88d185f" outgoingWss="Outflow STAG"><con:settings/><con:encoding>UTF-8</con:encoding><con:endpoint>https://fidus.irisnetlab.be/services/CountryService_v1.0</con:endpoint><con:request><![CDATA[<soapenv:Envelope xmlns:soapenv="http://schemas.xmlsoap.org/soap/envelope/" xmlns:v1="http://fidus.brussels/service/countryservice/messages/v1" xmlns:v11="http://fidus.brussels/type/common/messages/v1">
   <soapenv:Header/>
   <soapenv:Body>
      <v1:getNationalitiesRequest>
         <v1:messageContext>
            <v11:messageId>${=import static java.util.UUID.randomUUID; uuid = randomUUID() as String}</v11:messageId>
            <!--Optional:-->
            <v11:timestamp>${=new java.text.SimpleDateFormat("yyyy-MM-dd'T'HH:mm:ss.SSS").format(new Date())}</v11:timestamp>
         </v1:messageContext>
         <v1:legalContext>ServiceIntegrator</v1:legalContext>
         <v1:request>
            <!--Optional:-->
            <v1:referenceDate>2016-10-13</v1:referenceDate>
         </v1:request>
      </v1:getNationalitiesRequest>
   </soapenv:Body>
</soapenv:Envelope>]]></con:request><con:assertion type="SOAP Fault Assertion" id="e941e1d8-562c-44e3-9240-29e49da9c11d" name="Not SOAP Fault"/><con:assertion type="SOAP Response" id="7c08e8e9-6e10-47fb-836c-c33e8fc2c023" name="SOAP Response"/><con:assertion type="Schema Compliance" id="14c60b23-fe50-4c6d-9496-0f9e67563d9f" name="Schema Compliance"><con:configuration/></con:assertion><con:wsaConfig action="http://fidus.brussels/services/countryservice/getNationalities"/></con:request></con:config></con:testStep><con:properties/></con:testCase><con:testCase id="00c5d06c-be62-476f-b323-c0a71435d1ab" failOnError="true" failTestCaseOnErrors="true" keepSession="false" maxResults="0" name="getNationality" searchProperties="true"><con:settings/><con:testStep type="request" id="f81f895e-d756-4a60-a574-d9d23847b435" name="testcase04 - Staging External -Request"><con:settings/><con:config xsi:type="con:RequestStep" xmlns:xsi="http://www.w3.org/2001/XMLSchema-instance"><con:interface>CountryServiceHTTPBinding</con:interface><con:operation>getNationality</con:operation><con:request name="testcase04 - Staging External -Request" id="0b7a476e-d930-40fd-993e-da1afefb58e6" outgoingWss="Outflow STAG"><con:settings/><con:encoding>UTF-8</con:encoding><con:endpoint>https://fidus.irisnetlab.be/services/CountryService_v1.0</con:endpoint><con:request><![CDATA[<soapenv:Envelope xmlns:soapenv="http://schemas.xmlsoap.org/soap/envelope/" xmlns:v1="http://fidus.brussels/service/countryservice/messages/v1" xmlns:v11="http://fidus.brussels/type/common/messages/v1" xmlns:v12="http://fsb.belgium.be/mappingServices/countryService/messages/v1_00">
   <soapenv:Header/>
   <soapenv:Body>
      <v1:getNationalityRequest>
         <v1:messageContext>
         	  <v11:messageId>${=import static java.util.UUID.randomUUID; uuid = randomUUID() as String}</v11:messageId>
            <v11:timestamp>${=new java.text.SimpleDateFormat("yyyy-MM-dd'T'HH:mm:ss.SSS").format(new Date())}</v11:timestamp>
         </v1:messageContext>
         <v1:legalContext>ServiceIntegrator</v1:legalContext>
         <v1:request>
            <!--You have a CHOICE of the next 4 items at this level-->
            <v12:iso-alpha2>BE</v12:iso-alpha2>          
         </v1:request>
      </v1:getNationalityRequest>
   </soapenv:Body>
</soapenv:Envelope>]]></con:request><con:assertion type="SOAP Fault Assertion" id="f5df6f35-fd57-47fc-ba06-bb96a9a31e28" name="Not SOAP Fault"/><con:assertion type="SOAP Response" id="8046f754-7cc4-4b0e-b29d-12d3fcf62553" name="SOAP Response"/><con:assertion type="Schema Compliance" id="c42a9038-6021-4672-8149-0067edfee804" name="Schema Compliance"><con:configuration/></con:assertion><con:wsaConfig action="http://fidus.brussels/services/countryservice/getNationality"/></con:request></con:config></con:testStep><con:properties/></con:testCase><con:testCase id="d118d92f-0c91-4739-998c-07122d520801" failOnError="true" failTestCaseOnErrors="true" keepSession="false" maxResults="0" name="getNationalityHistory" searchProperties="true"><con:settings/><con:testStep type="request" id="88d585ee-31da-4593-a263-4b6add138b2c" name="testcase04 - Staging External - Request"><con:settings/><con:config xsi:type="con:RequestStep" xmlns:xsi="http://www.w3.org/2001/XMLSchema-instance"><con:interface>CountryServiceHTTPBinding</con:interface><con:operation>getNationalityHistory</con:operation><con:request name="testcase04 - Staging External - Request" id="8eca1d47-4dee-4c9e-a717-2fde85279541" outgoingWss="Outflow STAG"><con:settings/><con:encoding>UTF-8</con:encoding><con:endpoint>https://fidus.irisnetlab.be/services/CountryService_v1.0</con:endpoint><con:request><![CDATA[<soapenv:Envelope xmlns:soapenv="http://schemas.xmlsoap.org/soap/envelope/" xmlns:v1="http://fidus.brussels/service/countryservice/messages/v1" xmlns:v11="http://fidus.brussels/type/common/messages/v1" xmlns:v12="http://fsb.belgium.be/mappingServices/countryService/messages/v1_00">
   <soapenv:Header/>
   <soapenv:Body>
      <v1:getNationalityHistoryRequest>
         <v1:messageContext>
            <v11:messageId>${=import static java.util.UUID.randomUUID; uuid = randomUUID() as String}</v11:messageId>
            <!--Optional:-->
            <v11:timestamp>${=new java.text.SimpleDateFormat("yyyy-MM-dd'T'HH:mm:ss.SSS").format(new Date())}</v11:timestamp>
         </v1:messageContext>
         <v1:legalContext>ServiceIntegrator</v1:legalContext>
         <v1:request>
            <v12:iso-alpha3>FRA</v12:iso-alpha3>
            <!--Optional:-->
            <v12:referenceDate>2016-10-16</v12:referenceDate>
         </v1:request>
      </v1:getNationalityHistoryRequest>
   </soapenv:Body>
</soapenv:Envelope>]]></con:request><con:assertion type="SOAP Fault Assertion" id="1c819aee-f6ae-43c4-9c11-b598c11df933" name="Not SOAP Fault"/><con:assertion type="SOAP Response" id="da954a08-2ec6-4e09-9cbe-4f571b4bc62e" name="SOAP Response"/><con:assertion type="Schema Compliance" id="66387406-e446-4bc3-ac09-f6ffbc87a06a" name="Schema Compliance"><con:configuration/></con:assertion><con:wsaConfig action="http://fidus.brussels/services/countryservice/getNationalityHistory"/></con:request></con:config></con:testStep><con:properties/></con:testCase><con:testCase id="66e56ea3-67cc-4a22-a6ba-3637aceaf174" failOnError="true" failTestCaseOnErrors="true" keepSession="false" maxResults="0" name="getPlaceCountries" searchProperties="true"><con:settings/><con:testStep type="request" id="04dcd094-1187-463f-9ce2-252fa13ae854" name="testcase04 - Staging External - Request"><con:settings/><con:config xsi:type="con:RequestStep" xmlns:xsi="http://www.w3.org/2001/XMLSchema-instance"><con:interface>CountryServiceHTTPBinding</con:interface><con:operation>getPlaceCountries</con:operation><con:request name="testcase04 - Staging External - Request" id="5022760c-6db4-425a-a724-dc6b7ef40438" outgoingWss="Outflow STAG"><con:settings/><con:encoding>UTF-8</con:encoding><con:endpoint>https://fidus.irisnetlab.be/services/CountryService_v1.0</con:endpoint><con:request><![CDATA[<soapenv:Envelope xmlns:soapenv="http://schemas.xmlsoap.org/soap/envelope/" xmlns:v1="http://fidus.brussels/service/countryservice/messages/v1" xmlns:v11="http://fidus.brussels/type/common/messages/v1">
   <soapenv:Header/>
   <soapenv:Body>
      <v1:getPlaceCountriesRequest>
         <v1:messageContext>
            <v11:messageId>${=import static java.util.UUID.randomUUID; uuid = randomUUID() as String}</v11:messageId>
            <!--Optional:-->
            <v11:timestamp>${=new java.text.SimpleDateFormat("yyyy-MM-dd'T'HH:mm:ss.SSS").format(new Date())}</v11:timestamp>
         </v1:messageContext>
         <v1:legalContext>ServiceIntegrator</v1:legalContext>
         <v1:request>
            <!--Optional:-->
            <v1:referenceDate>2016-10-14</v1:referenceDate>
         </v1:request>
      </v1:getPlaceCountriesRequest>
   </soapenv:Body>
</soapenv:Envelope>]]></con:request><con:assertion type="SOAP Fault Assertion" id="02d29f2d-5ab3-4f65-842e-0c5ffdd589f4" name="Not SOAP Fault"/><con:assertion type="SOAP Response" id="1407b2bb-a0c8-412c-ad00-c1e2b03a5fdd" name="SOAP Response"/><con:assertion type="Schema Compliance" id="ad664400-27a1-4d86-9dbd-96bff1785d5b" name="Schema Compliance"><con:configuration/></con:assertion><con:wsaConfig action="http://fidus.brussels/services/countryservice/getPlaceCountries"/></con:request></con:config></con:testStep><con:properties/></con:testCase><con:testCase id="832c5d55-e704-47fe-9bc1-b84e352da84f" failOnError="true" failTestCaseOnErrors="true" keepSession="false" maxResults="0" name="getPlaceCountry" searchProperties="true"><con:settings/><con:testStep type="request" id="a2baef33-7899-424d-bca4-5a844dc871e8" name="testcase04 - Staging External - Request"><con:settings/><con:config xsi:type="con:RequestStep" xmlns:xsi="http://www.w3.org/2001/XMLSchema-instance"><con:interface>CountryServiceHTTPBinding</con:interface><con:operation>getPlaceCountry</con:operation><con:request name="testcase04 - Staging External - Request" id="72a41569-c8f6-4759-b562-d863b4c2cb0e" outgoingWss="Outflow STAG"><con:settings/><con:encoding>UTF-8</con:encoding><con:endpoint>https://fidus.irisnetlab.be/services/CountryService_v1.0</con:endpoint><con:request><![CDATA[<soapenv:Envelope xmlns:soapenv="http://schemas.xmlsoap.org/soap/envelope/" xmlns:v1="http://fidus.brussels/service/countryservice/messages/v1" xmlns:v11="http://fidus.brussels/type/common/messages/v1" xmlns:v12="http://fsb.belgium.be/mappingServices/countryService/messages/v1_00">
   <soapenv:Header/>
   <soapenv:Body>
      <v1:getPlaceCountryRequest>
         <v1:messageContext>
            <v11:messageId>${=import static java.util.UUID.randomUUID; uuid = randomUUID() as String}</v11:messageId>
            <!--Optional:-->
            <v11:timestamp>${=new java.text.SimpleDateFormat("yyyy-MM-dd'T'HH:mm:ss.SSS").format(new Date())}</v11:timestamp>
         </v1:messageContext>
         <v1:legalContext>ServiceIntegrator</v1:legalContext>
         <v1:request>
            <!--You have a CHOICE of the next 4 items at this level-->
            <!--
            <v12:iso-alpha2 startDate="?" endDate="?" status="?">?</v12:iso-alpha2>
            <v12:iso-alpha3 startDate="?" endDate="?" status="?">?</v12:iso-alpha3>
            <v12:iso-num3 startDate="?" endDate="?" status="?">?</v12:iso-num3>
            <v12:nis-num3 startDate="?" endDate="?" status="?">?</v12:nis-num3>
			-->
             <v12:iso-alpha2>NL</v12:iso-alpha2>
             
         </v1:request>
      </v1:getPlaceCountryRequest>
   </soapenv:Body>
</soapenv:Envelope>]]></con:request><con:assertion type="SOAP Fault Assertion" id="1257b1c0-d8b6-4c67-8241-8a4827ef63e9" name="Not SOAP Fault"/><con:assertion type="SOAP Response" id="5b707b71-09cf-495b-9062-af89f74ba93c" name="SOAP Response"/><con:assertion type="Schema Compliance" id="e5c91a9e-8b23-4d69-9342-79f233fcbff8" name="Schema Compliance"><con:configuration/></con:assertion><con:wsaConfig action="http://fidus.brussels/services/countryservice/getPlaceCountry"/></con:request></con:config></con:testStep><con:properties/></con:testCase><con:testCase id="0c8475b5-8a86-4e48-b90a-4944fa3414b5" failOnError="true" failTestCaseOnErrors="true" keepSession="false" maxResults="0" name="getPlaceCountryHistory" searchProperties="true"><con:settings/><con:testStep type="request" id="ef3c38d0-331a-47e2-a137-972e627ad15f" name="testcase04 - Staging External - Request"><con:settings/><con:config xsi:type="con:RequestStep" xmlns:xsi="http://www.w3.org/2001/XMLSchema-instance"><con:interface>CountryServiceHTTPBinding</con:interface><con:operation>getPlaceCountryHistory</con:operation><con:request name="testcase04 - Staging External - Request" id="7f0f3647-8b3d-4124-9236-3c9e6918d332" outgoingWss="Outflow STAG"><con:settings/><con:encoding>UTF-8</con:encoding><con:endpoint>https://fidus.irisnetlab.be/services/CountryService_v1.0</con:endpoint><con:request><![CDATA[<soapenv:Envelope xmlns:soapenv="http://schemas.xmlsoap.org/soap/envelope/" xmlns:v1="http://fidus.brussels/service/countryservice/messages/v1" xmlns:v11="http://fidus.brussels/type/common/messages/v1" xmlns:v12="http://fsb.belgium.be/mappingServices/countryService/messages/v1_00">
   <soapenv:Header/>
   <soapenv:Body>
      <v1:getPlaceCountryHistoryRequest>
         <v1:messageContext>
            <v11:messageId>${=import static java.util.UUID.randomUUID; uuid = randomUUID() as String}</v11:messageId>
            <!--Optional:-->
            <v11:timestamp>${=new java.text.SimpleDateFormat("yyyy-MM-dd'T'HH:mm:ss.SSS").format(new Date())}</v11:timestamp>
         </v1:messageContext>
         <v1:legalContext>ServiceIntegrator</v1:legalContext>
         <v1:request>
            <v12:iso-alpha2>NL</v12:iso-alpha2>
         </v1:request>
      </v1:getPlaceCountryHistoryRequest>
   </soapenv:Body>
</soapenv:Envelope>]]></con:request><con:assertion type="SOAP Fault Assertion" id="634638bf-3b7c-4058-96a6-a6d284334737" name="Not SOAP Fault"/><con:assertion type="SOAP Response" id="1512a46b-3f1f-4364-bcc7-0c1bb7974ed1" name="SOAP Response"/><con:assertion type="Schema Compliance" id="e35e7e7e-6581-4772-8be0-731ec9bb3368" name="Schema Compliance"><con:configuration/></con:assertion><con:wsaConfig action="http://fidus.brussels/services/countryservice/getPlaceCountryHistory"/></con:request></con:config></con:testStep><con:properties/></con:testCase><con:properties/></con:testSuite><con:testSuite id="98e0b61e-b6c1-4045-b191-69f2f9e45b7c" name="PROD"><con:settings/><con:runType>SEQUENTIAL</con:runType><con:testCase id="3810c48e-0679-4915-aa12-b0394ebd953a" failOnError="true" failTestCaseOnErrors="true" keepSession="false" maxResults="0" name="getAddressCountries" searchProperties="true"><con:settings/><con:testStep type="request" id="3759c923-8b22-49a6-b496-9fbfa240dce3" name="testcase05 - Prod - External - Request"><con:settings/><con:config xsi:type="con:RequestStep" xmlns:xsi="http://www.w3.org/2001/XMLSchema-instance"><con:interface>CountryServiceHTTPBinding</con:interface><con:operation>getAddressCountries</con:operation><con:request name="testcase05 - Prod - External - Request" id="89e90a6e-abd2-4c82-9c23-f19b5df02205" outgoingWss="Outflow PROD"><con:settings/><con:encoding>UTF-8</con:encoding><con:endpoint>https://fidus.sec.brussels/services/CountryService_v1.0</con:endpoint><con:request><![CDATA[<soapenv:Envelope xmlns:soapenv="http://schemas.xmlsoap.org/soap/envelope/" xmlns:v1="http://fidus.brussels/service/countryservice/messages/v1" xmlns:v11="http://fidus.brussels/type/common/messages/v1">
   <soapenv:Header/>
   <soapenv:Body>
      <v1:getAddressCountriesRequest>
         <v1:messageContext>
            <v11:messageId>${=import static java.util.UUID.randomUUID; uuid = randomUUID() as String}</v11:messageId>
            <!--Optional:-->
            <v11:timestamp>${=new java.text.SimpleDateFormat("yyyy-MM-dd'T'HH:mm:ss.SSS").format(new Date())}</v11:timestamp>
         </v1:messageContext>
         <v1:legalContext>ServiceIntegrator</v1:legalContext>
         <v1:request>
            <!--Optional:-->
            <v1:referenceDate>2016-10-10</v1:referenceDate>
         </v1:request>
      </v1:getAddressCountriesRequest>
   </soapenv:Body>
</soapenv:Envelope>]]></con:request><con:assertion type="SOAP Fault Assertion" id="7e8086e4-9e0f-4bfe-970a-47f923db6cc8" name="Not SOAP Fault"/><con:assertion type="SOAP Response" id="a82d4701-2cff-41d0-8372-3c5ecc29b143" name="SOAP Response"/><con:assertion type="Schema Compliance" id="1cc08d43-4ea5-49a4-ba62-092e933ac106" name="Schema Compliance"><con:configuration/></con:assertion><con:wsaConfig action="http://fidus.brussels/services/countryservice/getAddressCountries"/></con:request></con:config></con:testStep><con:properties/></con:testCase><con:testCase id="5e47c93d-f250-4578-a836-1457edb36df4" failOnError="true" failTestCaseOnErrors="true" keepSession="false" maxResults="0" name="getAddressCountry" searchProperties="true"><con:settings/><con:testStep type="request" id="c73e9d25-3f3e-4ad6-9229-3f16346f462e" name="testcase05 - Prod - External - Request"><con:settings/><con:config xsi:type="con:RequestStep" xmlns:xsi="http://www.w3.org/2001/XMLSchema-instance"><con:interface>CountryServiceHTTPBinding</con:interface><con:operation>getAddressCountry</con:operation><con:request name="testcase05 - Prod - External - Request" id="c5067da5-9d4c-4561-8098-a1117808de54" outgoingWss="Outflow PROD"><con:settings/><con:encoding>UTF-8</con:encoding><con:endpoint>https://fidus.sec.brussels/services/CountryService_v1.0</con:endpoint><con:request><![CDATA[<soapenv:Envelope xmlns:soapenv="http://schemas.xmlsoap.org/soap/envelope/" xmlns:v1="http://fidus.brussels/service/countryservice/messages/v1" xmlns:v11="http://fidus.brussels/type/common/messages/v1" xmlns:v12="http://fsb.belgium.be/mappingServices/countryService/messages/v1_00">
   <soapenv:Header/>
   <soapenv:Body>
      <v1:getAddressCountryRequest>
         <v1:messageContext>
            <v11:messageId>${=import static java.util.UUID.randomUUID; uuid = randomUUID() as String}</v11:messageId>
            <!--Optional:-->
            <v11:timestamp>${=new java.text.SimpleDateFormat("yyyy-MM-dd'T'HH:mm:ss.SSS").format(new Date())}</v11:timestamp>
         </v1:messageContext>
         <v1:legalContext>ServiceIntegrator</v1:legalContext>
         <v1:request>
            <!--You have a CHOICE of the next 4 items at this level-->
            <v12:iso-alpha2>BE</v12:iso-alpha2>
            <!--<v12:iso-alpha3 startDate="?" endDate="?" status="?">?</v12:iso-alpha3>-->
            <!--<v12:iso-num3 startDate="?" endDate="?" status="?">?</v12:iso-num3>-->
            <!--<v12:nis-num3 startDate="?" endDate="?" status="?">?</v12:nis-num3>-->
         </v1:request>
      </v1:getAddressCountryRequest>
   </soapenv:Body>
</soapenv:Envelope>]]></con:request><con:assertion type="SOAP Fault Assertion" id="c3ea829e-f0cb-4e1d-bdc5-8778355b1837" name="Not SOAP Fault"/><con:assertion type="SOAP Response" id="a4c0eec5-2b12-4522-93a2-499ca98eaca2" name="SOAP Response"/><con:assertion type="Schema Compliance" id="aedd6aa4-6af6-426e-ade3-86a9a02915b1" name="Schema Compliance"><con:configuration/></con:assertion><con:wsaConfig action="http://fidus.brussels/services/countryservice/getAddressCountry"/></con:request></con:config></con:testStep><con:properties/></con:testCase><con:testCase id="8785512f-33fe-4748-a516-91b13929c45c" failOnError="true" failTestCaseOnErrors="true" keepSession="false" maxResults="0" name="getAddressCountryHistory" searchProperties="true"><con:settings/><con:testStep type="request" id="ed2e9c34-24a3-480d-b6f3-ff2b8cc1c9ed" name="testcase05 - Prod - External - Request"><con:settings/><con:config xsi:type="con:RequestStep" xmlns:xsi="http://www.w3.org/2001/XMLSchema-instance"><con:interface>CountryServiceHTTPBinding</con:interface><con:operation>getAddressCountryHistory</con:operation><con:request name="testcase05 - Prod - External - Request" id="9c1c1b7d-2bc0-4aeb-b5ad-335d09f60ec6" outgoingWss="Outflow PROD"><con:settings/><con:encoding>UTF-8</con:encoding><con:endpoint>https://fidus.sec.brussels/services/CountryService_v1.0</con:endpoint><con:request><![CDATA[<soapenv:Envelope xmlns:soapenv="http://schemas.xmlsoap.org/soap/envelope/" xmlns:v1="http://fidus.brussels/service/countryservice/messages/v1" xmlns:v11="http://fidus.brussels/type/common/messages/v1" xmlns:v12="http://fsb.belgium.be/mappingServices/countryService/messages/v1_00">
   <soapenv:Header/>
   <soapenv:Body>
      <v1:getAddressCountryHistoryRequest>
         <v1:messageContext>
            <v11:messageId>${=import static java.util.UUID.randomUUID; uuid = randomUUID() as String}</v11:messageId>
            <v11:timestamp>${=new java.text.SimpleDateFormat("yyyy-MM-dd'T'HH:mm:ss.SSS").format(new Date())}</v11:timestamp>
         </v1:messageContext>
         <v1:legalContext>ServiceIntegrator</v1:legalContext>
         <v1:request>
            <v12:iso-alpha2>FR</v12:iso-alpha2>
            <v12:referenceDate>2016-10-10</v12:referenceDate>
         </v1:request>
      </v1:getAddressCountryHistoryRequest>
   </soapenv:Body>
</soapenv:Envelope>]]></con:request><con:assertion type="SOAP Fault Assertion" id="b370267a-62c1-493b-9061-7aa721f321c3" name="Not SOAP Fault"/><con:assertion type="SOAP Response" id="2c3cbf93-c610-43f6-bdda-c85f8b6dcb82" name="SOAP Response"/><con:assertion type="Schema Compliance" id="5e63ad31-d908-4d8f-afa5-dba655ffc55b" name="Schema Compliance"><con:configuration/></con:assertion><con:wsaConfig action="http://fidus.brussels/services/countryservice/getAddressCountryHistory"/></con:request></con:config></con:testStep><con:properties/></con:testCase><con:testCase id="c094835c-e3f1-46a5-9de0-8cfa2b0def39" failOnError="true" failTestCaseOnErrors="true" keepSession="false" maxResults="0" name="getAllIsoCodes" searchProperties="true"><con:settings/><con:testStep type="request" id="688876de-b1a2-4054-8576-0dfca7393de1" name="testcase05 - Prod - External - Request"><con:settings/><con:config xsi:type="con:RequestStep" xmlns:xsi="http://www.w3.org/2001/XMLSchema-instance"><con:interface>CountryServiceHTTPBinding</con:interface><con:operation>getAllIsoCodes</con:operation><con:request name="testcase05 - Prod - External - Request" id="4a03aaac-aa9b-4e35-9265-2451fccc0a76" outgoingWss="Outflow PROD"><con:settings/><con:encoding>UTF-8</con:encoding><con:endpoint>https://fidus.sec.brussels/services/CountryService_v1.0</con:endpoint><con:request><![CDATA[<soapenv:Envelope xmlns:soapenv="http://schemas.xmlsoap.org/soap/envelope/" xmlns:v1="http://fidus.brussels/service/countryservice/messages/v1" xmlns:v11="http://fidus.brussels/type/common/messages/v1">
   <soapenv:Header/>
   <soapenv:Body>
      <v1:getAllIsoCodesRequest>
         <v1:messageContext>
         	  <v11:messageId>${=import static java.util.UUID.randomUUID; uuid = randomUUID() as String}</v11:messageId>
            <v11:timestamp>${=new java.text.SimpleDateFormat("yyyy-MM-dd'T'HH:mm:ss.SSS").format(new Date())}</v11:timestamp>
         </v1:messageContext>
         <v1:legalContext>ServiceIntegrator</v1:legalContext>
         <v1:request>
            <!--Optional:-->
            <v1:referenceDate>2016-10-06</v1:referenceDate>
         </v1:request>
      </v1:getAllIsoCodesRequest>
   </soapenv:Body>
</soapenv:Envelope>]]></con:request><con:assertion type="SOAP Fault Assertion" id="58d7b00a-7444-4d5a-afb5-ff21014d28e5" name="Not SOAP Fault"/><con:assertion type="SOAP Response" id="eb49df92-0b65-4aea-a988-4ef52175d31e" name="SOAP Response"/><con:assertion type="Schema Compliance" id="01f112dd-9d86-44c2-8260-afa3b4deffbe" name="Schema Compliance"><con:configuration/></con:assertion><con:wsaConfig action="http://fidus.brussels/services/countryservice/getAllIsoCodes"/></con:request></con:config></con:testStep><con:properties/></con:testCase><con:testCase id="04ea4845-628d-45eb-9b1f-5d992dc04393" failOnError="true" failTestCaseOnErrors="true" keepSession="false" maxResults="0" name="getAllNisCodes" searchProperties="true"><con:settings/><con:testStep type="request" id="f8c01ddc-b6a8-41c5-b25c-8ea286182e6e" name="testcase05 - Prod - External - Request"><con:settings/><con:config xsi:type="con:RequestStep" xmlns:xsi="http://www.w3.org/2001/XMLSchema-instance"><con:interface>CountryServiceHTTPBinding</con:interface><con:operation>getAllNisCodes</con:operation><con:request name="testcase05 - Prod - External - Request" id="dbdfe379-36e8-42a2-8219-80d2d6909c0c" outgoingWss="Outflow PROD"><con:settings/><con:encoding>UTF-8</con:encoding><con:endpoint>https://fidus.sec.brussels/services/CountryService_v1.0</con:endpoint><con:request><![CDATA[<soapenv:Envelope xmlns:soapenv="http://schemas.xmlsoap.org/soap/envelope/" xmlns:v1="http://fidus.brussels/service/countryservice/messages/v1" xmlns:v11="http://fidus.brussels/type/common/messages/v1">
   <soapenv:Header/>
   <soapenv:Body>
      <v1:getAllNisCodesRequest>
         <v1:messageContext>
            <v11:messageId>${=import static java.util.UUID.randomUUID; uuid = randomUUID() as String}</v11:messageId>            
            <v11:timestamp>${=new java.text.SimpleDateFormat("yyyy-MM-dd'T'HH:mm:ss.SSS").format(new Date())}</v11:timestamp>
         </v1:messageContext>
         <v1:legalContext>ServiceIntegrator</v1:legalContext>
         <v1:request>
            <!--Optional:-->
            <v1:referenceDate>2016-10-13</v1:referenceDate>
         </v1:request>
      </v1:getAllNisCodesRequest>
   </soapenv:Body>
</soapenv:Envelope>]]></con:request><con:assertion type="SOAP Fault Assertion" id="b1a9bd56-8447-416a-b657-ed83dfe94665" name="Not SOAP Fault"/><con:assertion type="SOAP Response" id="7e954dcd-2901-4c3a-9105-b8094a3b394a" name="SOAP Response"/><con:assertion type="Schema Compliance" id="61b0f959-d84d-442c-911c-87fc6af0200b" name="Schema Compliance"><con:configuration/></con:assertion><con:wsaConfig action="http://fidus.brussels/services/countryservice/getAllNisCodes"/></con:request></con:config></con:testStep><con:properties/></con:testCase><con:testCase id="74d44e0b-618f-44c1-9693-176330fb11de" failOnError="true" failTestCaseOnErrors="true" keepSession="false" maxResults="0" name="getNationalities" searchProperties="true"><con:settings/><con:testStep type="request" id="c19efdf1-0668-443a-86e5-e7ab9131a8ff" name="testcase05 - Prod External - Request"><con:settings/><con:config xsi:type="con:RequestStep" xmlns:xsi="http://www.w3.org/2001/XMLSchema-instance"><con:interface>CountryServiceHTTPBinding</con:interface><con:operation>getNationalities</con:operation><con:request name="testcase05 - Prod External - Request" id="c573d65e-b350-4ce9-a1dd-55dad601bb5e" outgoingWss="Outflow PROD"><con:settings/><con:encoding>UTF-8</con:encoding><con:endpoint>https://fidus.sec.brussels/services/CountryService_v1.0</con:endpoint><con:request><![CDATA[<soapenv:Envelope xmlns:soapenv="http://schemas.xmlsoap.org/soap/envelope/" xmlns:v1="http://fidus.brussels/service/countryservice/messages/v1" xmlns:v11="http://fidus.brussels/type/common/messages/v1">
   <soapenv:Header/>
   <soapenv:Body>
      <v1:getNationalitiesRequest>
         <v1:messageContext>
            <v11:messageId>${=import static java.util.UUID.randomUUID; uuid = randomUUID() as String}</v11:messageId>
            <!--Optional:-->
            <v11:timestamp>${=new java.text.SimpleDateFormat("yyyy-MM-dd'T'HH:mm:ss.SSS").format(new Date())}</v11:timestamp>
         </v1:messageContext>
         <v1:legalContext>ServiceIntegrator</v1:legalContext>
         <v1:request>
            <!--Optional:-->
            <v1:referenceDate>2016-10-13</v1:referenceDate>
         </v1:request>
      </v1:getNationalitiesRequest>
   </soapenv:Body>
</soapenv:Envelope>]]></con:request><con:assertion type="SOAP Fault Assertion" id="ab2509c0-e701-4efa-a850-5453a90d4648" name="Not SOAP Fault"/><con:assertion type="SOAP Response" id="9bcdf261-8865-4fbf-a5d1-e7644d96d683" name="SOAP Response"/><con:assertion type="Schema Compliance" id="726ba0f0-256c-4e2c-8423-bc3ed9176502" name="Schema Compliance"><con:configuration/></con:assertion><con:wsaConfig action="http://fidus.brussels/services/countryservice/getNationalities"/></con:request></con:config></con:testStep><con:properties/></con:testCase><con:testCase id="cbc96651-a905-4053-b406-15993288aba9" failOnError="true" failTestCaseOnErrors="true" keepSession="false" maxResults="0" name="getNationality" searchProperties="true"><con:settings/><con:testStep type="request" id="39a703f9-f842-492a-aa4b-e300d4aeb91a" name="testcase05 - Prod External -Request"><con:settings/><con:config xsi:type="con:RequestStep" xmlns:xsi="http://www.w3.org/2001/XMLSchema-instance"><con:interface>CountryServiceHTTPBinding</con:interface><con:operation>getNationality</con:operation><con:request name="testcase05 - Prod External -Request" id="c26cca85-6dfa-4346-a549-f332dfbf45ef" outgoingWss="Outflow PROD"><con:settings/><con:encoding>UTF-8</con:encoding><con:endpoint>https://fidus.sec.brussels/services/CountryService_v1.0</con:endpoint><con:request><![CDATA[<soapenv:Envelope xmlns:soapenv="http://schemas.xmlsoap.org/soap/envelope/" xmlns:v1="http://fidus.brussels/service/countryservice/messages/v1" xmlns:v11="http://fidus.brussels/type/common/messages/v1" xmlns:v12="http://fsb.belgium.be/mappingServices/countryService/messages/v1_00">
   <soapenv:Header/>
   <soapenv:Body>
      <v1:getNationalityRequest>
         <v1:messageContext>
         	  <v11:messageId>${=import static java.util.UUID.randomUUID; uuid = randomUUID() as String}</v11:messageId>
            <v11:timestamp>${=new java.text.SimpleDateFormat("yyyy-MM-dd'T'HH:mm:ss.SSS").format(new Date())}</v11:timestamp>
         </v1:messageContext>
         <v1:legalContext>ServiceIntegrator</v1:legalContext>
         <v1:request>
            <!--You have a CHOICE of the next 4 items at this level-->
            <v12:iso-alpha2>BE</v12:iso-alpha2>          
         </v1:request>
      </v1:getNationalityRequest>
   </soapenv:Body>
</soapenv:Envelope>]]></con:request><con:assertion type="SOAP Fault Assertion" id="6b313aec-225a-4238-b61c-59b76dcb101e" name="Not SOAP Fault"/><con:assertion type="SOAP Response" id="824ee934-0256-4ae9-97ef-fd5416f0614e" name="SOAP Response"/><con:assertion type="Schema Compliance" id="8c93e649-66cc-4be1-a821-3b11f84bdd6d" name="Schema Compliance"><con:configuration/></con:assertion><con:wsaConfig action="http://fidus.brussels/services/countryservice/getNationality"/></con:request></con:config></con:testStep><con:properties/></con:testCase><con:testCase id="2d3ac7ca-e247-4300-8a12-246bc7696b19" failOnError="true" failTestCaseOnErrors="true" keepSession="false" maxResults="0" name="getNationalityHistory" searchProperties="true"><con:settings/><con:testStep type="request" id="2a59fa1f-4659-40fa-b515-dc01c76a1d5b" name="testcase05 - Prod External - Request"><con:settings/><con:config xsi:type="con:RequestStep" xmlns:xsi="http://www.w3.org/2001/XMLSchema-instance"><con:interface>CountryServiceHTTPBinding</con:interface><con:operation>getNationalityHistory</con:operation><con:request name="testcase05 - Prod External - Request" id="20ea8fd6-c6f5-413b-b288-f682b4aa6872" outgoingWss="Outflow PROD"><con:settings/><con:encoding>UTF-8</con:encoding><con:endpoint>https://fidus.sec.brussels/services/CountryService_v1.0</con:endpoint><con:request><![CDATA[<soapenv:Envelope xmlns:soapenv="http://schemas.xmlsoap.org/soap/envelope/" xmlns:v1="http://fidus.brussels/service/countryservice/messages/v1" xmlns:v11="http://fidus.brussels/type/common/messages/v1" xmlns:v12="http://fsb.belgium.be/mappingServices/countryService/messages/v1_00">
   <soapenv:Header/>
   <soapenv:Body>
      <v1:getNationalityHistoryRequest>
         <v1:messageContext>
            <v11:messageId>${=import static java.util.UUID.randomUUID; uuid = randomUUID() as String}</v11:messageId>
            <!--Optional:-->
            <v11:timestamp>${=new java.text.SimpleDateFormat("yyyy-MM-dd'T'HH:mm:ss.SSS").format(new Date())}</v11:timestamp>
         </v1:messageContext>
         <v1:legalContext>ServiceIntegrator</v1:legalContext>
         <v1:request>
            <v12:iso-alpha3>FRA</v12:iso-alpha3>
            <!--Optional:-->
            <v12:referenceDate>2016-10-16</v12:referenceDate>
         </v1:request>
      </v1:getNationalityHistoryRequest>
   </soapenv:Body>
</soapenv:Envelope>]]></con:request><con:assertion type="SOAP Fault Assertion" id="83c10879-9368-4065-9e15-6e9a4cb82e9a" name="Not SOAP Fault"/><con:assertion type="SOAP Response" id="66e0782e-43b1-44d0-b5d9-36ac18903a7b" name="SOAP Response"/><con:assertion type="Schema Compliance" id="6c227d05-c370-43ce-a8ab-1efd373fcdc1" name="Schema Compliance"><con:configuration/></con:assertion><con:wsaConfig action="http://fidus.brussels/services/countryservice/getNationalityHistory"/></con:request></con:config></con:testStep><con:properties/></con:testCase><con:testCase id="50f6c3fd-5d09-4802-b2f8-7bec5b95cdec" failOnError="true" failTestCaseOnErrors="true" keepSession="false" maxResults="0" name="getPlaceCountries" searchProperties="true"><con:settings/><con:testStep type="request" id="7896055a-2057-4f64-b082-27f7eabd309c" name="testcase05 - Prod External - Request"><con:settings/><con:config xsi:type="con:RequestStep" xmlns:xsi="http://www.w3.org/2001/XMLSchema-instance"><con:interface>CountryServiceHTTPBinding</con:interface><con:operation>getPlaceCountries</con:operation><con:request name="testcase05 - Prod External - Request" id="783b9d3d-44b0-4fdf-9d6b-c05fbd7c743a" outgoingWss="Outflow PROD"><con:settings/><con:encoding>UTF-8</con:encoding><con:endpoint>https://fidus.sec.brussels/services/CountryService_v1.0</con:endpoint><con:request><![CDATA[<soapenv:Envelope xmlns:soapenv="http://schemas.xmlsoap.org/soap/envelope/" xmlns:v1="http://fidus.brussels/service/countryservice/messages/v1" xmlns:v11="http://fidus.brussels/type/common/messages/v1">
   <soapenv:Header/>
   <soapenv:Body>
      <v1:getPlaceCountriesRequest>
         <v1:messageContext>
            <v11:messageId>${=import static java.util.UUID.randomUUID; uuid = randomUUID() as String}</v11:messageId>
            <!--Optional:-->
            <v11:timestamp>${=new java.text.SimpleDateFormat("yyyy-MM-dd'T'HH:mm:ss.SSS").format(new Date())}</v11:timestamp>
         </v1:messageContext>
         <v1:legalContext>ServiceIntegrator</v1:legalContext>
         <v1:request>
            <!--Optional:-->
            <v1:referenceDate>2016-10-14</v1:referenceDate>
         </v1:request>
      </v1:getPlaceCountriesRequest>
   </soapenv:Body>
</soapenv:Envelope>]]></con:request><con:assertion type="SOAP Fault Assertion" id="f2ca7e80-b626-42db-96d7-a896e267562c" name="Not SOAP Fault"/><con:assertion type="SOAP Response" id="a1193a3f-554c-4d47-a4b4-f886a84277d0" name="SOAP Response"/><con:assertion type="Schema Compliance" id="52d12f54-468f-438c-946d-0217ea589c2a" name="Schema Compliance"><con:configuration/></con:assertion><con:wsaConfig action="http://fidus.brussels/services/countryservice/getPlaceCountries"/></con:request></con:config></con:testStep><con:properties/></con:testCase><con:testCase id="9a81d831-7e24-4bb1-9970-0be5a05efcd6" failOnError="true" failTestCaseOnErrors="true" keepSession="false" maxResults="0" name="getPlaceCountry" searchProperties="true"><con:settings/><con:testStep type="request" id="8086d978-9c14-43b7-a411-a1dab3285c93" name="testcase05 - Prod External - Request"><con:settings/><con:config xsi:type="con:RequestStep" xmlns:xsi="http://www.w3.org/2001/XMLSchema-instance"><con:interface>CountryServiceHTTPBinding</con:interface><con:operation>getPlaceCountry</con:operation><con:request name="testcase05 - Prod External - Request" id="f5e393e6-e11c-4d98-88b1-aa88267e4bc0" outgoingWss="Outflow PROD"><con:settings/><con:encoding>UTF-8</con:encoding><con:endpoint>https://fidus.sec.brussels/services/CountryService_v1.0</con:endpoint><con:request><![CDATA[<soapenv:Envelope xmlns:soapenv="http://schemas.xmlsoap.org/soap/envelope/" xmlns:v1="http://fidus.brussels/service/countryservice/messages/v1" xmlns:v11="http://fidus.brussels/type/common/messages/v1" xmlns:v12="http://fsb.belgium.be/mappingServices/countryService/messages/v1_00">
   <soapenv:Header/>
   <soapenv:Body>
      <v1:getPlaceCountryRequest>
         <v1:messageContext>
            <v11:messageId>${=import static java.util.UUID.randomUUID; uuid = randomUUID() as String}</v11:messageId>
            <!--Optional:-->
            <v11:timestamp>${=new java.text.SimpleDateFormat("yyyy-MM-dd'T'HH:mm:ss.SSS").format(new Date())}</v11:timestamp>
         </v1:messageContext>
         <v1:legalContext>ServiceIntegrator</v1:legalContext>
         <v1:request>
            <!--You have a CHOICE of the next 4 items at this level-->
            <!--
            <v12:iso-alpha2 startDate="?" endDate="?" status="?">?</v12:iso-alpha2>
            <v12:iso-alpha3 startDate="?" endDate="?" status="?">?</v12:iso-alpha3>
            <v12:iso-num3 startDate="?" endDate="?" status="?">?</v12:iso-num3>
            <v12:nis-num3 startDate="?" endDate="?" status="?">?</v12:nis-num3>
			-->
             <v12:iso-alpha2>NL</v12:iso-alpha2>
             
         </v1:request>
      </v1:getPlaceCountryRequest>
   </soapenv:Body>
</soapenv:Envelope>]]></con:request><con:assertion type="SOAP Fault Assertion" id="8a515705-cdab-40f2-b5ca-abfc8e703971" name="Not SOAP Fault"/><con:assertion type="SOAP Response" id="09bf40bc-0445-47a2-8c23-c4092d934e49" name="SOAP Response"/><con:assertion type="Schema Compliance" id="403f00ca-b890-4b4a-b213-ded58807aca1" name="Schema Compliance"><con:configuration/></con:assertion><con:wsaConfig action="http://fidus.brussels/services/countryservice/getPlaceCountry"/></con:request></con:config></con:testStep><con:properties/></con:testCase><con:testCase id="242339b1-1295-44c4-b924-4adf53dcf2e5" failOnError="true" failTestCaseOnErrors="true" keepSession="false" maxResults="0" name="getPlaceCountryHistory" searchProperties="true"><con:settings/><con:testStep type="request" id="8d1bc5be-5d03-40f0-bec7-21ffafd8a984" name="testcase05 - Prod External - Request"><con:settings/><con:config xsi:type="con:RequestStep" xmlns:xsi="http://www.w3.org/2001/XMLSchema-instance"><con:interface>CountryServiceHTTPBinding</con:interface><con:operation>getPlaceCountryHistory</con:operation><con:request name="testcase05 - Prod External - Request" id="fffa1729-c12f-425d-9b75-055c4bd6f101" outgoingWss="Outflow PROD"><con:settings/><con:encoding>UTF-8</con:encoding><con:endpoint>https://fidus.sec.brussels/services/CountryService_v1.0</con:endpoint><con:request><![CDATA[<soapenv:Envelope xmlns:soapenv="http://schemas.xmlsoap.org/soap/envelope/" xmlns:v1="http://fidus.brussels/service/countryservice/messages/v1" xmlns:v11="http://fidus.brussels/type/common/messages/v1" xmlns:v12="http://fsb.belgium.be/mappingServices/countryService/messages/v1_00">
   <soapenv:Header/>
   <soapenv:Body>
      <v1:getPlaceCountryHistoryRequest>
         <v1:messageContext>
            <v11:messageId>${=import static java.util.UUID.randomUUID; uuid = randomUUID() as String}</v11:messageId>
            <!--Optional:-->
            <v11:timestamp>${=new java.text.SimpleDateFormat("yyyy-MM-dd'T'HH:mm:ss.SSS").format(new Date())}</v11:timestamp>
         </v1:messageContext>
         <v1:legalContext>ServiceIntegrator</v1:legalContext>
         <v1:request>
            <v12:iso-alpha2>NL</v12:iso-alpha2>
         </v1:request>
      </v1:getPlaceCountryHistoryRequest>
   </soapenv:Body>
</soapenv:Envelope>]]></con:request><con:assertion type="SOAP Fault Assertion" id="928f86f8-c7a6-4354-83c8-41ddf4d2ddfa" name="Not SOAP Fault"/><con:assertion type="SOAP Response" id="f7a33be5-13ff-4704-b685-282a4f7b054f" name="SOAP Response"/><con:assertion type="Schema Compliance" id="4684c084-1ee2-4fd8-a4f0-5d0a4f7ad1ed" name="Schema Compliance"><con:configuration/></con:assertion><con:wsaConfig action="http://fidus.brussels/services/countryservice/getPlaceCountryHistory"/></con:request></con:config></con:testStep><con:properties/></con:testCase><con:properties/></con:testSuite><con:properties><con:property><con:name>Binding</con:name><con:value>{</con:value></con:property></con:properties><con:wssContainer><con:crypto><con:source>data/wso2/keystores/user-rajarshi.jks</con:source><con:password>test@fidus01</con:password><con:type>KEYSTORE</con:type></con:crypto><con:outgoing><con:name>Outflow TEST</con:name><con:entry type="Signature" username="testuser-test.fidus.brussels" password="test@fidus01"><con:configuration><crypto>user-rajarshi.jks</crypto><keyIdentifierType>3</keyIdentifierType><signatureAlgorithm/><signatureCanonicalization/><useSingleCert>true</useSingleCert><digestAlgorithm/><customTokenValueType/><customTokenId/></con:configuration></con:entry><con:entry type="Timestamp"><con:configuration><timeToLive>300000</timeToLive><strictTimestamp>true</strictTimestamp></con:configuration></con:entry></con:outgoing><con:outgoing><con:name>Outflow DEV</con:name></con:outgoing><con:outgoing><con:name>Outflow STAG</con:name></con:outgoing><con:outgoing><con:name>Outflow PROD</con:name></con:outgoing></con:wssContainer><con:oAuth2ProfileContainer/><con:oAuth1ProfileContainer/><con:sensitiveInformation/></con:soapui-project>