<?xml version="1.0" encoding="UTF-8"?>
<con:soapui-project id="9166b53f-a96c-4ae3-9197-19d6eecc2215" activeEnvironment="Default" name="Client-CountryService-soapui-project" resourceRoot="" soapui-version="5.1.3" abortOnError="false" runType="SEQUENTIAL" xmlns:con="http://eviware.com/soapui/config"><con:settings/><con:interface xsi:type="con:WsdlInterface" id="ceeb42e6-bfcb-4a41-a078-3a105ca689c7" wsaVersion="NONE" name="CountryServiceHTTPBinding" type="wsdl" bindingName="{http://fidus.brussels/service/countryservice/v1}CountryServiceHTTPBinding" soapVersion="1_1" anonymous="optional" definition="file:/home/gbuyle/projects/fidus/countryservice/CountryServiceGateway/src/main/resources/wsdl/countryService/1.0.0/CountryService_v1.wsdl" xmlns:xsi="http://www.w3.org/2001/XMLSchema-instance"><con:settings/><con:definitionCache type="TEXT" rootPart="file:/home/gbuyle/projects/fidus/countryservice/CountryServiceGateway/src/main/resources/wsdl/countryService/1.0.0/CountryService_v1.wsdl"><con:part><con:url>file:/home/gbuyle/projects/fidus/countryservice/CountryServiceGateway/src/main/resources/wsdl/countryService/1.0.0/CountryService_v1.wsdl</con:url><con:content><![CDATA[<wsdl:definitions targetNamespace="http://fidus.brussels/service/countryservice/v1" name="CountryService" xmlns:soap="http://schemas.xmlsoap.org/wsdl/soap/" xmlns:wsdl="http://schemas.xmlsoap.org/wsdl/" xmlns:xsd="http://www.w3.org/2001/XMLSchema" xmlns:mes="http://fidus.brussels/service/countryservice/messages/v1" xmlns:tns="http://fidus.brussels/service/countryservice/v1">
  <xsd:annotation>
    <xsd:documentation>CountryService WDSL v1.</xsd:documentation>
  </xsd:annotation>
  <wsdl:types>
    <xsd:schema targetNamespace="http://fidus.brussels/service/countryservice/v1" elementFormDefault="qualified">
      <xsd:import namespace="http://fidus.brussels/service/countryservice/messages/v1" schemaLocation="messages/countryServiceMessages_v1.xsd"/>
    </xsd:schema>
  </wsdl:types>
  <wsdl:message name="getAllIsoCodesRequestMessage">
    <wsdl:part name="GetAllIsoCodesRequest" element="mes:getAllIsoCodesRequest"/>
  </wsdl:message>
  <wsdl:message name="getAllIsoCodesResponseMessage">
    <wsdl:part name="GetAllIsoCodesResponse" element="mes:getAllIsoCodesResponse"/>
  </wsdl:message>
  <wsdl:message name="getAllNisCodesRequestMessage">
    <wsdl:part name="GetAllNisCodesRequest" element="mes:getAllNisCodesRequest"/>
  </wsdl:message>
  <wsdl:message name="getAllNisCodesResponseMessage">
    <wsdl:part name="GetAllNisCodesResponse" element="mes:getAllNisCodesResponse"/>
  </wsdl:message>
  <wsdl:message name="getAddressCountriesRequestMessage">
    <wsdl:part name="GetAddressCountriesRequest" element="mes:getAddressCountriesRequest"/>
  </wsdl:message>
  <wsdl:message name="getAddressCountriesResponseMessage">
    <wsdl:part name="GetAddressCountriesResponse" element="mes:getAddressCountriesResponse"/>
  </wsdl:message>
  <wsdl:message name="getAddressCountryRequestMessage">
    <wsdl:part name="GetAddressCountryRequest" element="mes:getAddressCountryRequest"/>
  </wsdl:message>
  <wsdl:message name="getAddressCountryResponseMessage">
    <wsdl:part name="GetAddressCountryResponse" element="mes:getAddressCountryResponse"/>
  </wsdl:message>
  <wsdl:message name="getAddressCountryHistoryRequestMessage">
    <wsdl:part name="GetAddressCountryHistoryRequest" element="mes:getAddressCountryHistoryRequest"/>
  </wsdl:message>
  <wsdl:message name="getAddressCountryHistoryResponseMessage">
    <wsdl:part name="GetAddressCountryHistoryResponse" element="mes:getAddressCountryHistoryResponse"/>
  </wsdl:message>
  <wsdl:message name="getNationalitiesRequestMessage">
    <wsdl:part name="GetNationalitiesRequest" element="mes:getNationalitiesRequest"/>
  </wsdl:message>
  <wsdl:message name="getNationalitiesResponseMessage">
    <wsdl:part name="GetNationalitiesResponse" element="mes:getNationalitiesResponse"/>
  </wsdl:message>
  <wsdl:message name="getNationalityRequestMessage">
    <wsdl:part name="GetNationalityRequest" element="mes:getNationalityRequest"/>
  </wsdl:message>
  <wsdl:message name="getNationalityResponseMessage">
    <wsdl:part name="GetNationalityResponse" element="mes:getNationalityResponse"/>
  </wsdl:message>
  <wsdl:message name="getNationalityHistoryRequestMessage">
    <wsdl:part name="GetNationalityHistoryRequest" element="mes:getNationalityHistoryRequest"/>
  </wsdl:message>
  <wsdl:message name="getNationalityHistoryResponseMessage">
    <wsdl:part name="GetNationalityHistoryResponse" element="mes:getNationalityHistoryResponse"/>
  </wsdl:message>
  <wsdl:message name="getPlaceCountriesRequestMessage">
    <wsdl:part name="GetPlaceCountriesRequest" element="mes:getPlaceCountriesRequest"/>
  </wsdl:message>
  <wsdl:message name="getPlaceCountriesResponseMessage">
    <wsdl:part name="GetPlaceCountriesResponse" element="mes:getPlaceCountriesResponse"/>
  </wsdl:message>
  <wsdl:message name="getPlaceCountryRequestMessage">
    <wsdl:part name="GetPlaceCountryRequest" element="mes:getPlaceCountryRequest"/>
  </wsdl:message>
  <wsdl:message name="getPlaceCountryResponseMessage">
    <wsdl:part name="GetPlaceCountryResponse" element="mes:getPlaceCountryResponse"/>
  </wsdl:message>
  <wsdl:message name="getPlaceCountryHistoryRequestMessage">
    <wsdl:part name="GetPlaceCountryHistoryRequest" element="mes:getPlaceCountryHistoryRequest"/>
  </wsdl:message>
  <wsdl:message name="getPlaceCountryHistoryResponseMessage">
    <wsdl:part name="GetPlaceCountryHistoryResponse" element="mes:getPlaceCountryHistoryResponse"/>
  </wsdl:message>
  <wsdl:portType name="CountryServicePortType">
    <wsdl:operation name="getAllIsoCodes">
      <wsdl:input message="tns:getAllIsoCodesRequestMessage"/>
      <wsdl:output message="tns:getAllIsoCodesResponseMessage"/>
    </wsdl:operation>
    <wsdl:operation name="getAllNisCodes">
      <wsdl:input message="tns:getAllNisCodesRequestMessage"/>
      <wsdl:output message="tns:getAllNisCodesResponseMessage"/>
    </wsdl:operation>
    <wsdl:operation name="getAddressCountries">
      <wsdl:input message="tns:getAddressCountriesRequestMessage"/>
      <wsdl:output message="tns:getAddressCountriesResponseMessage"/>
    </wsdl:operation>
    <wsdl:operation name="getAddressCountry">
      <wsdl:input message="tns:getAddressCountryRequestMessage"/>
      <wsdl:output message="tns:getAddressCountryResponseMessage"/>
    </wsdl:operation>
    <wsdl:operation name="getAddressCountryHistory">
      <wsdl:input message="tns:getAddressCountryHistoryRequestMessage"/>
      <wsdl:output message="tns:getAddressCountryHistoryResponseMessage"/>
    </wsdl:operation>
    <wsdl:operation name="getNationalities">
      <wsdl:input message="tns:getNationalitiesRequestMessage"/>
      <wsdl:output message="tns:getNationalitiesResponseMessage"/>
    </wsdl:operation>
    <wsdl:operation name="getNationality">
      <wsdl:input message="tns:getNationalityRequestMessage"/>
      <wsdl:output message="tns:getNationalityResponseMessage"/>
    </wsdl:operation>
    <wsdl:operation name="getNationalityHistory">
      <wsdl:input message="tns:getNationalityHistoryRequestMessage"/>
      <wsdl:output message="tns:getNationalityHistoryResponseMessage"/>
    </wsdl:operation>
    <wsdl:operation name="getPlaceCountries">
      <wsdl:input message="tns:getPlaceCountriesRequestMessage"/>
      <wsdl:output message="tns:getPlaceCountriesResponseMessage"/>
    </wsdl:operation>
    <wsdl:operation name="getPlaceCountry">
      <wsdl:input message="tns:getPlaceCountryRequestMessage"/>
      <wsdl:output message="tns:getPlaceCountryResponseMessage"/>
    </wsdl:operation>
    <wsdl:operation name="getPlaceCountryHistory">
      <wsdl:input message="tns:getPlaceCountryHistoryRequestMessage"/>
      <wsdl:output message="tns:getPlaceCountryHistoryResponseMessage"/>
    </wsdl:operation>
  </wsdl:portType>
  <wsdl:binding name="CountryServiceHTTPBinding" type="tns:CountryServicePortType">
    <soap:binding style="document" transport="http://schemas.xmlsoap.org/soap/http"/>
    <wsdl:operation name="getAllIsoCodes">
      <soap:operation soapAction="http://fidus.brussels/services/countryservice/getAllIsoCodes"/>
      <wsdl:input>
        <soap:body use="literal"/>
      </wsdl:input>
      <wsdl:output>
        <soap:body use="literal"/>
      </wsdl:output>
    </wsdl:operation>
    <wsdl:operation name="getAllNisCodes">
      <soap:operation soapAction="http://fidus.brussels/services/countryservice/getAllNisCodes"/>
      <wsdl:input>
        <soap:body use="literal"/>
      </wsdl:input>
      <wsdl:output>
        <soap:body use="literal"/>
      </wsdl:output>
    </wsdl:operation>
    <wsdl:operation name="getAddressCountries">
      <soap:operation soapAction="http://fidus.brussels/services/countryservice/getAddressCountries"/>
      <wsdl:input>
        <soap:body use="literal"/>
      </wsdl:input>
      <wsdl:output>
        <soap:body use="literal"/>
      </wsdl:output>
    </wsdl:operation>
    <wsdl:operation name="getAddressCountry">
      <soap:operation soapAction="http://fidus.brussels/services/countryservice/getAddressCountry"/>
      <wsdl:input>
        <soap:body use="literal"/>
      </wsdl:input>
      <wsdl:output>
        <soap:body use="literal"/>
      </wsdl:output>
    </wsdl:operation>
    <wsdl:operation name="getAddressCountryHistory">
      <soap:operation soapAction="http://fidus.brussels/services/countryservice/getAddressCountryHistory"/>
      <wsdl:input>
        <soap:body use="literal"/>
      </wsdl:input>
      <wsdl:output>
        <soap:body use="literal"/>
      </wsdl:output>
    </wsdl:operation>
    <wsdl:operation name="getNationalities">
      <soap:operation soapAction="http://fidus.brussels/services/countryservice/getNationalities"/>
      <wsdl:input>
        <soap:body use="literal"/>
      </wsdl:input>
      <wsdl:output>
        <soap:body use="literal"/>
      </wsdl:output>
    </wsdl:operation>
    <wsdl:operation name="getNationality">
      <soap:operation soapAction="http://fidus.brussels/services/countryservice/getNationality"/>
      <wsdl:input>
        <soap:body use="literal"/>
      </wsdl:input>
      <wsdl:output>
        <soap:body use="literal"/>
      </wsdl:output>
    </wsdl:operation>
    <wsdl:operation name="getNationalityHistory">
      <soap:operation soapAction="http://fidus.brussels/services/countryservice/getNationalityHistory"/>
      <wsdl:input>
        <soap:body use="literal"/>
      </wsdl:input>
      <wsdl:output>
        <soap:body use="literal"/>
      </wsdl:output>
    </wsdl:operation>
    <wsdl:operation name="getPlaceCountries">
      <soap:operation soapAction="http://fidus.brussels/services/countryservice/getPlaceCountries"/>
      <wsdl:input>
        <soap:body use="literal"/>
      </wsdl:input>
      <wsdl:output>
        <soap:body use="literal"/>
      </wsdl:output>
    </wsdl:operation>
    <wsdl:operation name="getPlaceCountry">
      <soap:operation soapAction="http://fidus.brussels/services/countryservice/getPlaceCountry"/>
      <wsdl:input>
        <soap:body use="literal"/>
      </wsdl:input>
      <wsdl:output>
        <soap:body use="literal"/>
      </wsdl:output>
    </wsdl:operation>
    <wsdl:operation name="getPlaceCountryHistory">
      <soap:operation soapAction="http://fidus.brussels/services/countryservice/getPlaceCountryHistory"/>
      <wsdl:input>
        <soap:body use="literal"/>
      </wsdl:input>
      <wsdl:output>
        <soap:body use="literal"/>
      </wsdl:output>
    </wsdl:operation>
  </wsdl:binding>
  <wsdl:service name="CountryService_v1">
    <wsdl:port name="CountryService_v1" binding="tns:CountryServiceHTTPBinding">
      <soap:address location="http://fidus.brussels/services/countryservice/v1"/>
    </wsdl:port>
  </wsdl:service>
</wsdl:definitions>]]></con:content><con:type>http://schemas.xmlsoap.org/wsdl/</con:type></con:part><con:part><con:url>file:/home/gbuyle/projects/fidus/countryservice/CountryServiceGateway/src/main/resources/wsdl/countryService/1.0.0/messages/countryServiceMessages_v1.xsd</con:url><con:content><![CDATA[<xsd:schema targetNamespace="http://fidus.brussels/service/countryservice/messages/v1" elementFormDefault="qualified" attributeFormDefault="unqualified" version="1.0" xmlns:xsd="http://www.w3.org/2001/XMLSchema" xmlns:cme="http://fidus.brussels/type/common/messages/v1" xmlns:exc="http://fidus.brussels/type/common/exceptions/v1" xmlns:tns="http://fidus.brussels/service/countryservice/messages/v1" xmlns:cou="http://fsb.belgium.be/mappingServices/data/country/v1_00" xmlns:csmes="http://fsb.belgium.be/mappingServices/countryService/messages/v1_00">
  <xsd:import namespace="http://fidus.brussels/type/common/messages/v1" schemaLocation="baseMessageTypes_v1.xsd"/>
  <xsd:import namespace="http://fidus.brussels/type/common/exceptions/v1" schemaLocation="exceptionTypes_v1.xsd"/>
  <xsd:import namespace="http://fsb.belgium.be/mappingServices/data/country/v1_00" schemaLocation="../country/external.xsd"/>
  <xsd:import namespace="http://fsb.belgium.be/mappingServices/countryService/messages/v1_00" schemaLocation="../country/countryServiceMessages.xsd"/>
  <xsd:complexType name="AllIsoCodesRequestType">
    <xsd:annotation>
      <xsd:documentation/>
    </xsd:annotation>
    <xsd:sequence>
      <xsd:element name="referenceDate" type="xsd:date" minOccurs="0"/>
    </xsd:sequence>
  </xsd:complexType>
  <xsd:complexType name="AllNisCodesRequestType">
    <xsd:annotation>
      <xsd:documentation/>
    </xsd:annotation>
    <xsd:sequence>
      <xsd:element name="referenceDate" type="xsd:date" minOccurs="0"/>
    </xsd:sequence>
  </xsd:complexType>
  <xsd:complexType name="NationalityRequestType">
    <xsd:annotation>
      <xsd:documentation/>
    </xsd:annotation>
    <xsd:complexContent>
      <xsd:extension base="csmes:NationalityRequestType"/>
    </xsd:complexContent>
  </xsd:complexType>
  <xsd:complexType name="NationalitiesRequestType">
    <xsd:annotation>
      <xsd:documentation/>
    </xsd:annotation>
    <xsd:sequence>
      <xsd:element name="referenceDate" type="xsd:date" minOccurs="0"/>
    </xsd:sequence>
  </xsd:complexType>
  <xsd:complexType name="NationalityHistoryRequestType">
    <xsd:annotation>
      <xsd:documentation/>
    </xsd:annotation>
    <xsd:complexContent>
      <xsd:extension base="csmes:NationalityHistoryRequestType"/>
    </xsd:complexContent>
  </xsd:complexType>
  <xsd:complexType name="AddressCountryRequestType">
    <xsd:annotation>
      <xsd:documentation/>
    </xsd:annotation>
    <xsd:complexContent>
      <xsd:extension base="csmes:NationalityRequestType"/>
    </xsd:complexContent>
  </xsd:complexType>
  <xsd:complexType name="AddressCountryHistoryRequestType">
    <xsd:annotation>
      <xsd:documentation/>
    </xsd:annotation>
    <xsd:complexContent>
      <xsd:extension base="csmes:AddressCountryHistoryRequestType"/>
    </xsd:complexContent>
  </xsd:complexType>
  <xsd:complexType name="PlaceCountryRequestType">
    <xsd:annotation>
      <xsd:documentation/>
    </xsd:annotation>
    <xsd:complexContent>
      <xsd:extension base="csmes:PlaceCountryRequestType"/>
    </xsd:complexContent>
  </xsd:complexType>
  <xsd:complexType name="PlaceCountriesRequestType">
    <xsd:annotation>
      <xsd:documentation/>
    </xsd:annotation>
    <xsd:sequence>
      <xsd:element name="referenceDate" type="xsd:date" minOccurs="0"/>
    </xsd:sequence>
  </xsd:complexType>
  <xsd:complexType name="PlaceCountryHistoryRequestType">
    <xsd:annotation>
      <xsd:documentation/>
    </xsd:annotation>
    <xsd:complexContent>
      <xsd:extension base="csmes:PlaceCountryHistoryRequestType"/>
    </xsd:complexContent>
  </xsd:complexType>
  <!--Request getCountryService definition-->
  <xsd:complexType name="GetAllIsoCodesRequestType">
    <xsd:sequence>
      <xsd:element name="messageContext" type="cme:RequestMessageContextType"/>
      <xsd:element name="legalContext" type="cme:LegalContextType"/>
      <xsd:element name="request" type="tns:AllIsoCodesRequestType"/>
    </xsd:sequence>
  </xsd:complexType>
  <xsd:complexType name="GetAllNisCodesRequestType">
    <xsd:sequence>
      <xsd:element name="messageContext" type="cme:RequestMessageContextType"/>
      <xsd:element name="legalContext" type="cme:LegalContextType"/>
      <xsd:element name="request" type="tns:AllNisCodesRequestType"/>
    </xsd:sequence>
  </xsd:complexType>
  <xsd:complexType name="GetNationalityRequestType">
    <xsd:sequence>
      <xsd:element name="messageContext" type="cme:RequestMessageContextType"/>
      <xsd:element name="legalContext" type="cme:LegalContextType"/>
      <xsd:element name="request" type="tns:NationalityRequestType"/>
    </xsd:sequence>
  </xsd:complexType>
  <xsd:complexType name="GetNationalitiesRequestType">
    <xsd:sequence>
      <xsd:element name="messageContext" type="cme:RequestMessageContextType"/>
      <xsd:element name="legalContext" type="cme:LegalContextType"/>
      <xsd:element name="request" type="tns:NationalitiesRequestType"/>
    </xsd:sequence>
  </xsd:complexType>
  <xsd:complexType name="GetNationalityHistoryRequestType">
    <xsd:sequence>
      <xsd:element name="messageContext" type="cme:RequestMessageContextType"/>
      <xsd:element name="legalContext" type="cme:LegalContextType"/>
      <xsd:element name="request" type="tns:NationalityHistoryRequestType"/>
    </xsd:sequence>
  </xsd:complexType>
  <xsd:complexType name="GetAddressCountryRequestType">
    <xsd:sequence>
      <xsd:element name="messageContext" type="cme:RequestMessageContextType"/>
      <xsd:element name="legalContext" type="cme:LegalContextType"/>
      <xsd:element name="request" type="tns:NationalityRequestType"/>
    </xsd:sequence>
  </xsd:complexType>
  <xsd:complexType name="GetAddressCountriesRequestType">
    <xsd:sequence>
      <xsd:element name="messageContext" type="cme:RequestMessageContextType"/>
      <xsd:element name="legalContext" type="cme:LegalContextType"/>
      <xsd:element name="request" type="tns:NationalitiesRequestType"/>
    </xsd:sequence>
  </xsd:complexType>
  <xsd:complexType name="GetAddressCountryHistoryRequestType">
    <xsd:sequence>
      <xsd:element name="messageContext" type="cme:RequestMessageContextType"/>
      <xsd:element name="legalContext" type="cme:LegalContextType"/>
      <xsd:element name="request" type="tns:AddressCountryHistoryRequestType"/>
    </xsd:sequence>
  </xsd:complexType>
  <xsd:complexType name="GetPlaceCountryRequestType">
    <xsd:sequence>
      <xsd:element name="messageContext" type="cme:RequestMessageContextType"/>
      <xsd:element name="legalContext" type="cme:LegalContextType"/>
      <xsd:element name="request" type="tns:PlaceCountryRequestType"/>
    </xsd:sequence>
  </xsd:complexType>
  <xsd:complexType name="GetPlaceCountriesRequestType">
    <xsd:sequence>
      <xsd:element name="messageContext" type="cme:RequestMessageContextType"/>
      <xsd:element name="legalContext" type="cme:LegalContextType"/>
      <xsd:element name="request" type="tns:PlaceCountriesRequestType"/>
    </xsd:sequence>
  </xsd:complexType>
  <xsd:complexType name="GetPlaceCountryHistoryRequestType">
    <xsd:sequence>
      <xsd:element name="messageContext" type="cme:RequestMessageContextType"/>
      <xsd:element name="legalContext" type="cme:LegalContextType"/>
      <xsd:element name="request" type="tns:PlaceCountryHistoryRequestType"/>
    </xsd:sequence>
  </xsd:complexType>
  <!--Response getCountryService definition-->
  <xsd:complexType name="GetAllIsoCodesResponseType">
    <xsd:sequence>
      <xsd:element name="messageContext" type="cme:ResponseMessageContextType"/>
      <xsd:element name="responses" type="tns:IsoResponsesType" minOccurs="0"/>
      <xsd:element name="exceptions" type="exc:ExceptionsType" minOccurs="0">
        <xsd:annotation>
          <xsd:documentation>Technical errors that occur when processing the message context e.g. insufficient rights.</xsd:documentation>
        </xsd:annotation>
      </xsd:element>
    </xsd:sequence>
  </xsd:complexType>
  <xsd:complexType name="GetAllNisCodesResponseType">
    <xsd:sequence>
      <xsd:element name="messageContext" type="cme:ResponseMessageContextType"/>
      <xsd:element name="responses" type="tns:NisResponsesType" minOccurs="0"/>
      <xsd:element name="exceptions" type="exc:ExceptionsType" minOccurs="0">
        <xsd:annotation>
          <xsd:documentation>Technical errors that occur when processing the message context e.g. insufficient rights.</xsd:documentation>
        </xsd:annotation>
      </xsd:element>
    </xsd:sequence>
  </xsd:complexType>
  <xsd:complexType name="GetNationalityResponseType">
    <xsd:sequence>
      <xsd:element name="messageContext" type="cme:ResponseMessageContextType"/>
      <xsd:element name="responses" type="tns:NationalityResponsesType" minOccurs="0"/>
      <xsd:element name="exceptions" type="exc:ExceptionsType" minOccurs="0">
        <xsd:annotation>
          <xsd:documentation>Technical errors that occur when processing the message context e.g. insufficient rights.</xsd:documentation>
        </xsd:annotation>
      </xsd:element>
    </xsd:sequence>
  </xsd:complexType>
  <xsd:complexType name="GetNationalitiesResponseType">
    <xsd:sequence>
      <xsd:element name="messageContext" type="cme:ResponseMessageContextType"/>
      <xsd:element name="responses" type="tns:NationalitiesResponsesType" minOccurs="0"/>
      <xsd:element name="exceptions" type="exc:ExceptionsType" minOccurs="0">
        <xsd:annotation>
          <xsd:documentation>Technical errors that occur when processing the message context e.g. insufficient rights.</xsd:documentation>
        </xsd:annotation>
      </xsd:element>
    </xsd:sequence>
  </xsd:complexType>
  <xsd:complexType name="GetNationalityHistoryResponseType">
    <xsd:sequence>
      <xsd:element name="messageContext" type="cme:ResponseMessageContextType"/>
      <xsd:element name="responses" type="tns:NationalitiesResponsesType" minOccurs="0"/>
      <xsd:element name="exceptions" type="exc:ExceptionsType" minOccurs="0">
        <xsd:annotation>
          <xsd:documentation>Technical errors that occur when processing the message context e.g. insufficient rights.</xsd:documentation>
        </xsd:annotation>
      </xsd:element>
    </xsd:sequence>
  </xsd:complexType>
  <xsd:complexType name="GetAddressCountryResponseType">
    <xsd:sequence>
      <xsd:element name="messageContext" type="cme:ResponseMessageContextType"/>
      <xsd:element name="responses" type="csmes:AddressCountriesType" minOccurs="0"/>
      <xsd:element name="exceptions" type="exc:ExceptionsType" minOccurs="0">
        <xsd:annotation>
          <xsd:documentation>Technical errors that occur when processing the message context e.g. insufficient rights.</xsd:documentation>
        </xsd:annotation>
      </xsd:element>
    </xsd:sequence>
  </xsd:complexType>
  <xsd:complexType name="GetAddressCountriesResponseType">
    <xsd:sequence>
      <xsd:element name="messageContext" type="cme:ResponseMessageContextType"/>
      <xsd:element name="responses" type="csmes:AddressCountriesType" minOccurs="0"/>
      <xsd:element name="exceptions" type="exc:ExceptionsType" minOccurs="0">
        <xsd:annotation>
          <xsd:documentation>Technical errors that occur when processing the message context e.g. insufficient rights.</xsd:documentation>
        </xsd:annotation>
      </xsd:element>
    </xsd:sequence>
  </xsd:complexType>
  <xsd:complexType name="GetAddressCountryHistoryResponseType">
    <xsd:sequence>
      <xsd:element name="messageContext" type="cme:ResponseMessageContextType"/>
      <xsd:element name="responses" type="csmes:AddressCountriesType" minOccurs="0"/>
      <xsd:element name="exceptions" type="exc:ExceptionsType" minOccurs="0">
        <xsd:annotation>
          <xsd:documentation>Technical errors that occur when processing the message context e.g. insufficient rights.</xsd:documentation>
        </xsd:annotation>
      </xsd:element>
    </xsd:sequence>
  </xsd:complexType>
  <xsd:complexType name="GetPlaceCountryResponseType">
    <xsd:sequence>
      <xsd:element name="messageContext" type="cme:ResponseMessageContextType"/>
      <xsd:element name="responses" type="csmes:PlaceCountriesType" minOccurs="0"/>
      <xsd:element name="exceptions" type="exc:ExceptionsType" minOccurs="0">
        <xsd:annotation>
          <xsd:documentation>Technical errors that occur when processing the message context e.g. insufficient rights.</xsd:documentation>
        </xsd:annotation>
      </xsd:element>
    </xsd:sequence>
  </xsd:complexType>
  <xsd:complexType name="GetPlaceCountriesResponseType">
    <xsd:sequence>
      <xsd:element name="messageContext" type="cme:ResponseMessageContextType"/>
      <xsd:element name="responses" type="csmes:PlaceCountriesType" minOccurs="0"/>
      <xsd:element name="exceptions" type="exc:ExceptionsType" minOccurs="0">
        <xsd:annotation>
          <xsd:documentation>Technical errors that occur when processing the message context e.g. insufficient rights.</xsd:documentation>
        </xsd:annotation>
      </xsd:element>
    </xsd:sequence>
  </xsd:complexType>
  <xsd:complexType name="GetPlaceCountryHistoryResponseType">
    <xsd:sequence>
      <xsd:element name="messageContext" type="cme:ResponseMessageContextType"/>
      <xsd:element name="responses" type="csmes:PlaceCountriesType" minOccurs="0"/>
      <xsd:element name="exceptions" type="exc:ExceptionsType" minOccurs="0">
        <xsd:annotation>
          <xsd:documentation>Technical errors that occur when processing the message context e.g. insufficient rights.</xsd:documentation>
        </xsd:annotation>
      </xsd:element>
    </xsd:sequence>
  </xsd:complexType>
  <xsd:complexType name="IsoResponsesType">
    <xsd:sequence>
      <xsd:element name="response" type="tns:IsoResponseType" minOccurs="1" maxOccurs="1"/>
    </xsd:sequence>
  </xsd:complexType>
  <xsd:complexType name="IsoResponseType">
    <xsd:sequence>
      <xsd:element name="iso" type="cou:IsoType" maxOccurs="unbounded" minOccurs="0"/>
      <xsd:element name="exceptions" type="exc:ExceptionsType" minOccurs="0">
        <xsd:annotation>
          <xsd:documentation>Business exceptions that occur when processing the request or response e.g. missing data for a single response element.
						Exceptions at this level may contain back-end specific codes and content.</xsd:documentation>
        </xsd:annotation>
      </xsd:element>
    </xsd:sequence>
  </xsd:complexType>
  <xsd:complexType name="NisResponsesType">
    <xsd:sequence>
      <xsd:element name="response" type="tns:NisResponseType" minOccurs="1" maxOccurs="1"/>
    </xsd:sequence>
  </xsd:complexType>
  <xsd:complexType name="NisResponseType">
    <xsd:sequence>
      <xsd:element name="nis" type="cou:NisType" maxOccurs="unbounded" minOccurs="0"/>
      <xsd:element name="exceptions" type="exc:ExceptionsType" minOccurs="0">
        <xsd:annotation>
          <xsd:documentation>Business exceptions that occur when processing the request or response e.g. missing data for a single response element.
						Exceptions at this level may contain back-end specific codes and content.</xsd:documentation>
        </xsd:annotation>
      </xsd:element>
    </xsd:sequence>
  </xsd:complexType>
  <xsd:complexType name="NationalityResponsesType">
    <xsd:sequence>
      <xsd:element name="response" type="tns:NationalityResponseType" minOccurs="1" maxOccurs="1"/>
    </xsd:sequence>
  </xsd:complexType>
  <xsd:complexType name="NationalitiesResponsesType">
    <xsd:sequence>
      <xsd:element name="response" type="tns:NationalityResponseType" minOccurs="1" maxOccurs="1"/>
    </xsd:sequence>
  </xsd:complexType>
  <xsd:complexType name="NationalityResponseType">
    <xsd:annotation>
      <xsd:documentation></xsd:documentation>
    </xsd:annotation>
    <xsd:sequence>
      <xsd:element name="nationality" type="csmes:NationalityType" minOccurs="0" maxOccurs="unbounded"/>
    </xsd:sequence>
  </xsd:complexType>
  <!--Element of the request and the response-->
  <xsd:element name="getAllIsoCodesRequest" type="tns:GetAllIsoCodesRequestType"/>
  <xsd:element name="getAllIsoCodesResponse" type="tns:GetAllIsoCodesResponseType"/>
  <xsd:element name="getAllNisCodesRequest" type="tns:GetAllNisCodesRequestType"/>
  <xsd:element name="getAllNisCodesResponse" type="tns:GetAllNisCodesResponseType"/>
  <xsd:element name="getNationalityRequest" type="tns:GetNationalityRequestType"/>
  <xsd:element name="getNationalityResponse" type="tns:GetNationalityResponseType"/>
  <xsd:element name="getNationalitiesRequest" type="tns:GetNationalitiesRequestType"/>
  <xsd:element name="getNationalitiesResponse" type="tns:GetNationalitiesResponseType"/>
  <xsd:element name="getNationalityHistoryRequest" type="tns:GetNationalityHistoryRequestType"/>
  <xsd:element name="getNationalityHistoryResponse" type="tns:GetNationalityHistoryResponseType"/>
  <xsd:element name="getAddressCountryRequest" type="tns:GetAddressCountryRequestType"/>
  <xsd:element name="getAddressCountryResponse" type="tns:GetAddressCountryResponseType"/>
  <xsd:element name="getAddressCountriesRequest" type="tns:GetAddressCountriesRequestType"/>
  <xsd:element name="getAddressCountriesResponse" type="tns:GetAddressCountriesResponseType"/>
  <xsd:element name="getAddressCountryHistoryRequest" type="tns:GetAddressCountryHistoryRequestType"/>
  <xsd:element name="getAddressCountryHistoryResponse" type="tns:GetAddressCountryHistoryResponseType"/>
  <xsd:element name="getPlaceCountryRequest" type="tns:GetPlaceCountryRequestType"/>
  <xsd:element name="getPlaceCountryResponse" type="tns:GetPlaceCountryResponseType"/>
  <xsd:element name="getPlaceCountriesRequest" type="tns:GetPlaceCountriesRequestType"/>
  <xsd:element name="getPlaceCountriesResponse" type="tns:GetPlaceCountriesResponseType"/>
  <xsd:element name="getPlaceCountryHistoryRequest" type="tns:GetPlaceCountryHistoryRequestType"/>
  <xsd:element name="getPlaceCountryHistoryResponse" type="tns:GetPlaceCountryHistoryResponseType"/>
</xsd:schema>]]></con:content><con:type>http://www.w3.org/2001/XMLSchema</con:type></con:part><con:part><con:url>file:/home/gbuyle/projects/fidus/countryservice/CountryServiceGateway/src/main/resources/wsdl/countryService/1.0.0/messages/baseMessageTypes_v1.xsd</con:url><con:content><![CDATA[<xsd:schema targetNamespace="http://fidus.brussels/type/common/messages/v1" elementFormDefault="qualified" attributeFormDefault="unqualified" version="1.0" xmlns:xsd="http://www.w3.org/2001/XMLSchema" xmlns:cmn="http://fidus.brussels/type/common/v1" xmlns:tns="http://fidus.brussels/type/common/messages/v1">
  <!--Unformatted message Id-->
  <xsd:simpleType name="MessageIdType">
    <xsd:restriction base="xsd:string">
      <xsd:minLength value="1"/>
      <xsd:maxLength value="64"/>
    </xsd:restriction>
  </xsd:simpleType>
  <!--National Number of the person. Format depending on the Register-->
  <xsd:simpleType name="PersonNumberType">
    <xsd:restriction base="xsd:string">
      <xsd:pattern value="[0-9][0-9](([0][0-9])|([1][0-2]))(([0-2][0-9])|([3][0-1]))(([0-9]{2}[1-9])|([0-9][1-9][0-9])|([1-9][0-9]{2}))(([0-8][0-9])|([9][0-7]))">
        <xsd:annotation>
          <xsd:documentation>National Register format</xsd:documentation>
        </xsd:annotation>
      </xsd:pattern>
      <xsd:pattern value="[0-9][0-9](([2][0-9])|([3][0-2]))(([0-2][0-9])|([3][0-1]))[0-9]{3}(([0-8][0-9])|([9][0-7]))">
        <xsd:annotation>
          <xsd:documentation>CBSS Register format: Bis Register</xsd:documentation>
        </xsd:annotation>
      </xsd:pattern>
      <xsd:pattern value="[0-9][0-9](([4][0-9])|([5][0-2]))(([0-2][0-9])|([3][0-1]))[0-9]{3}(([0-8][0-9])|([9][0-7]))">
        <xsd:annotation>
          <xsd:documentation>CBSS Register format: Ter Register</xsd:documentation>
        </xsd:annotation>
      </xsd:pattern>
    </xsd:restriction>
  </xsd:simpleType>
  <!--Request message context-->
  <xsd:complexType name="RequestMessageContextType">
    <xsd:annotation>
      <xsd:documentation>Message context block generated by the consumer.</xsd:documentation>
    </xsd:annotation>
    <xsd:sequence>
      <xsd:element name="messageId" type="tns:MessageIdType">
        <xsd:annotation>
          <xsd:documentation>Consumer must assign their own MessageId reference for the request.</xsd:documentation>
        </xsd:annotation>
      </xsd:element>
      <xsd:element name="timestamp" type="xsd:dateTime" minOccurs="0">
        <xsd:annotation>
          <xsd:documentation>Timestamp when client sent request.</xsd:documentation>
        </xsd:annotation>
      </xsd:element>
    </xsd:sequence>
  </xsd:complexType>
  <!--Response message context-->
  <xsd:complexType name="ResponseMessageContextType">
    <xsd:annotation>
      <xsd:documentation>MessageContext block generated by fidus.</xsd:documentation>
    </xsd:annotation>
    <xsd:sequence>
      <xsd:element name="messageId" type="tns:MessageIdType">
        <xsd:annotation>
          <xsd:documentation>A unique identifier generated by fidus.</xsd:documentation>
        </xsd:annotation>
      </xsd:element>
      <xsd:element name="transactionId" type="tns:MessageIdType">
        <xsd:annotation>
          <xsd:documentation>A unique ID returned to the client for tracing purposes.</xsd:documentation>
        </xsd:annotation>
      </xsd:element>
      <xsd:element name="timestamp" type="xsd:dateTime" minOccurs="0">
        <xsd:annotation>
          <xsd:documentation>Time reply sent by fidus.</xsd:documentation>
        </xsd:annotation>
      </xsd:element>
    </xsd:sequence>
  </xsd:complexType>
  <!--Legal Context : the finality of the Privacy Commission-->
  <xsd:simpleType name="LegalContextType">
    <xsd:restriction base="xsd:string">
      <xsd:minLength value="1"/>
      <xsd:maxLength value="64"/>
    </xsd:restriction>
  </xsd:simpleType>
  <xsd:complexType name="UserContextType">
    <xsd:annotation>
      <xsd:documentation>The user context defines information regarding the actual user performing a request.</xsd:documentation>
    </xsd:annotation>
    <xsd:sequence>
      <xsd:element name="language" type="xsd:language" nillable="true">
        <xsd:annotation>
          <xsd:documentation>The preferred language of the actual user performing the request.
						This influences the language in which response elements are cast.</xsd:documentation>
        </xsd:annotation>
      </xsd:element>
    </xsd:sequence>
  </xsd:complexType>
</xsd:schema>]]></con:content><con:type>http://www.w3.org/2001/XMLSchema</con:type></con:part><con:part><con:url>file:/home/gbuyle/projects/fidus/countryservice/CountryServiceGateway/src/main/resources/wsdl/countryService/1.0.0/messages/exceptionTypes_v1.xsd</con:url><con:content><![CDATA[<xsd:schema targetNamespace="http://fidus.brussels/type/common/exceptions/v1" elementFormDefault="qualified" attributeFormDefault="unqualified" version="1.0" xmlns:xsd="http://www.w3.org/2001/XMLSchema" xmlns:tns="http://fidus.brussels/type/common/exceptions/v1">
  <!--Basic error typed-->
  <xsd:complexType name="ExceptionsType">
    <xsd:sequence>
      <xsd:element name="exception" type="tns:ExceptionType" maxOccurs="unbounded"/>
    </xsd:sequence>
  </xsd:complexType>
  <xsd:complexType name="ExceptionType">
    <xsd:sequence>
      <xsd:element name="type" type="tns:ExceptionClassType"/>
      <xsd:element name="code" type="tns:ExceptionCodeType"/>
      <xsd:element name="source" type="tns:ExceptionSourceType"/>
      <xsd:element name="description" type="tns:ExceptionDescriptionType"/>
    </xsd:sequence>
  </xsd:complexType>
  <xsd:simpleType name="ExceptionClassType">
    <xsd:restriction base="xsd:string">
      <xsd:enumeration value="ERROR"/>
      <xsd:enumeration value="WARNING"/>
      <xsd:enumeration value="INFO"/>
    </xsd:restriction>
  </xsd:simpleType>
  <xsd:simpleType name="ExceptionCodeType">
    <xsd:restriction base="xsd:string">
      <xsd:maxLength value="20"/>
    </xsd:restriction>
  </xsd:simpleType>
  <xsd:simpleType name="ExceptionSourceType">
    <xsd:restriction base="xsd:string">
      <xsd:maxLength value="20"/>
    </xsd:restriction>
  </xsd:simpleType>
  <xsd:simpleType name="ExceptionDescriptionType">
    <xsd:restriction base="xsd:string"/>
  </xsd:simpleType>
</xsd:schema>]]></con:content><con:type>http://www.w3.org/2001/XMLSchema</con:type></con:part><con:part><con:url>file:/home/gbuyle/projects/fidus/countryservice/CountryServiceGateway/src/main/resources/wsdl/countryService/1.0.0/country/external.xsd</con:url><con:content><![CDATA[<xs:schema targetNamespace="http://fsb.belgium.be/mappingServices/data/country/v1_00" elementFormDefault="qualified" attributeFormDefault="unqualified" xmlns:xs="http://www.w3.org/2001/XMLSchema" xmlns:cou="http://fsb.belgium.be/mappingServices/data/country/v1_00" xmlns:sim="http://fsb.belgium.be/mappingServices/data/simple/v1_00">
  <xs:annotation>
    <xs:documentation xml:lang="en">Schema version: 1.0
            Date: 2012-02-20
            Author: Ignaz Wanders

			Definition of country-related elements, as relevant to external users of the service.</xs:documentation>
  </xs:annotation>
  <xs:include schemaLocation="country.xsd"/>
</xs:schema>]]></con:content><con:type>http://www.w3.org/2001/XMLSchema</con:type></con:part><con:part><con:url>file:/home/gbuyle/projects/fidus/countryservice/CountryServiceGateway/src/main/resources/wsdl/countryService/1.0.0/country/country.xsd</con:url><con:content><![CDATA[<xs:schema targetNamespace="http://fsb.belgium.be/mappingServices/data/country/v1_00" elementFormDefault="qualified" attributeFormDefault="unqualified" xmlns:xs="http://www.w3.org/2001/XMLSchema" xmlns:cou="http://fsb.belgium.be/mappingServices/data/country/v1_00" xmlns:sim="http://fsb.belgium.be/mappingServices/data/simple/v1_00">
  <xs:annotation>
    <xs:documentation xml:lang="en">Schema version: 1.0
            Date: 2011-02-07
            Author: Ignaz Wanders

			Definition of geographical regions. Regions are termed countries for the sake
			of understanding, but it must be kept in mind that a region does not necessarily
			correspond to the political boundaries that define the everyday use of the term country.
			
			Note that the ISO-3166 codes are also based on "geographical regions of special interest," 
			and not on political boundaries.</xs:documentation>
  </xs:annotation>
  <xs:import namespace="http://fsb.belgium.be/mappingServices/data/simple/v1_00" schemaLocation="simpleTypes.xsd"/>
  <xs:complexType name="IsoType">
    <xs:annotation>
      <xs:documentation xml:lang="en">The ISO type of a country consists of one or more names, as well as codes in different formats.
                
                Currently, the ISO country names are published in English and French only.</xs:documentation>
    </xs:annotation>
    <xs:sequence>
      <xs:element name="name" type="sim:NameType" maxOccurs="unbounded"/>
      <xs:element name="iso-alpha2" type="cou:ISO_3166-1_Alpha2Type" maxOccurs="unbounded"/>
      <xs:element name="iso-alpha3" type="cou:ISO_3166-1_Alpha3Type" maxOccurs="unbounded"/>
      <xs:element name="iso-numeric3" type="cou:ISO_3166-1_Numeric3Type" maxOccurs="unbounded"/>
    </xs:sequence>
  </xs:complexType>
  <xs:complexType name="NisType">
    <xs:annotation>
      <xs:documentation xml:lang="en">The NIS type of a country consists of one or more names, as well as a code in three digits.</xs:documentation>
    </xs:annotation>
    <xs:sequence>
      <xs:element name="name" type="sim:NameType" maxOccurs="unbounded"/>
      <xs:element name="nis-numeric3" type="cou:NIS_Numeric3Type" maxOccurs="unbounded"/>
    </xs:sequence>
  </xs:complexType>
  <xs:complexType name="ISO_3166-1_Alpha2Type">
    <xs:annotation>
      <xs:documentation xml:lang="en">ISO country codes in the ISO 3166-1 two-letter format.
                For a complete list, see
                http://www.iso.org/iso/en/prods-services/iso3166ma/02iso-3166-code-lists/index.html

                Validation rules:
                - two to four upper case letters

                Regular expression: [A-Z]{2}

                Examples: BE, NL, FR, DE, GB, ES, ...
                (Note that UK is not a valid country code!)</xs:documentation>
    </xs:annotation>
    <xs:simpleContent>
      <xs:restriction base="sim:CodeValueType">
        <xs:pattern value="[A-Z]{2}"/>
      </xs:restriction>
    </xs:simpleContent>
  </xs:complexType>
  <xs:complexType name="ISO_3166-1_Alpha3Type">
    <xs:annotation>
      <xs:documentation xml:lang="en">ISO country codes in the ISO 3166-1 three-letter format.
                For a complete list, see
                http://www.iso.org/iso/en/prods-services/iso3166ma/02iso-3166-code-lists/index.html

                Validation rules:
                - two to four upper case letters

                Regular expression: [A-Z]{3}

                Examples: BEL, NLD, FRA, DEU, ...</xs:documentation>
    </xs:annotation>
    <xs:simpleContent>
      <xs:restriction base="sim:CodeValueType">
        <xs:pattern value="[A-Z]{3}"/>
      </xs:restriction>
    </xs:simpleContent>
  </xs:complexType>
  <xs:complexType name="ISO_3166-1_Numeric3Type">
    <xs:annotation>
      <xs:documentation xml:lang="en">ISO country codes in the ISO 3166-1 three-digit format.
                For a complete list, see
                http://www.iso.org/iso/en/prods-services/iso3166ma/02iso-3166-code-lists/index.html
                The ISO standards permit certain two-letter codes to be customized by users.

                Historic country codes use the ISO-3166-3 four-letter format.
                For a list, see http://www.iso.org/iso/country_codes/background_on_iso_3166/iso_3166-3.htm

                Validation rules:
                - two to four upper case letters

                Regular expression: [0-9]{3}

                Examples: 056, 528, ...</xs:documentation>
    </xs:annotation>
    <xs:simpleContent>
      <xs:restriction base="sim:CodeValueType">
        <xs:pattern value="[0-9]{3}"/>
      </xs:restriction>
    </xs:simpleContent>
  </xs:complexType>
  <xs:complexType name="NIS_Numeric3Type">
    <xs:annotation>
      <xs:documentation xml:lang="en">NIS country codes in the three-digit format.
                
                Validation rules:
                - three digits

                Regular expression: [0-9]{3}

                Examples: 150, ...</xs:documentation>
    </xs:annotation>
    <xs:simpleContent>
      <xs:restriction base="sim:CodeValueType">
        <xs:pattern value="[0-9]{3}"/>
      </xs:restriction>
    </xs:simpleContent>
  </xs:complexType>
  <xs:complexType name="TerritoryType">
    <xs:annotation>
      <xs:documentation xml:lang="en">A territory is a geographic region of "special interest."
                It is chosen such that if a region has a code, either ISO or NIS, 
                it is considered a separate territory.
                
                A territory has language-dependent names, an optional ISO code and 
                an optional NIS code.
                
                A territory may exist of subterritories. (For example, there exist
                ISO codes, other than 3166-1, which are used for regions within regions.)
                
                An identified territory has an optional start date and an optional end date.
                These are relevant when regions split or merge. If a date is not given, it
                is undefined but considered in the past for a start date, and in the future
                for an end date.</xs:documentation>
    </xs:annotation>
    <xs:sequence>
      <xs:element name="name" type="sim:NameType" maxOccurs="unbounded"/>
      <xs:element name="iso" type="cou:IsoType" minOccurs="0"/>
      <xs:element name="nis" type="cou:NisType" minOccurs="0"/>
      <xs:element name="subTerritory" type="cou:TerritoryType" minOccurs="0" maxOccurs="unbounded"/>
    </xs:sequence>
    <xs:attribute name="startDate" type="xs:date" use="optional"/>
    <xs:attribute name="endDate" type="xs:date" use="optional"/>
  </xs:complexType>
</xs:schema>]]></con:content><con:type>http://www.w3.org/2001/XMLSchema</con:type></con:part><con:part><con:url>file:/home/gbuyle/projects/fidus/countryservice/CountryServiceGateway/src/main/resources/wsdl/countryService/1.0.0/country/simpleTypes.xsd</con:url><con:content><![CDATA[<xs:schema targetNamespace="http://fsb.belgium.be/mappingServices/data/simple/v1_00" elementFormDefault="qualified" attributeFormDefault="unqualified" version="1.00" xmlns:xs="http://www.w3.org/2001/XMLSchema" xmlns:sim="http://fsb.belgium.be/mappingServices/data/simple/v1_00">
  <xs:annotation>
    <xs:documentation>Definitions of simple types with restrictions/extensions and
			complex types with simple content with attribute values.</xs:documentation>
  </xs:annotation>
  <xs:simpleType name="EmptyStringType">
    <xs:annotation>
      <xs:documentation>A string, which is empty.</xs:documentation>
    </xs:annotation>
    <xs:restriction base="xs:string">
      <xs:length value="0"/>
    </xs:restriction>
  </xs:simpleType>
  <xs:simpleType name="NonEmptyStringType">
    <xs:annotation>
      <xs:documentation>A string, which is at least one character long, and cannot
				start with whitespace.</xs:documentation>
    </xs:annotation>
    <xs:restriction base="xs:string">
      <xs:pattern value="[^\s].*"/>
    </xs:restriction>
  </xs:simpleType>
  <xs:complexType name="StringWithValidityPeriodType">
    <xs:annotation>
      <xs:documentation>A non-empty string, with optional attributes defining a validity period.</xs:documentation>
    </xs:annotation>
    <xs:simpleContent>
      <xs:extension base="sim:NonEmptyStringType">
        <xs:attribute name="startDate" type="xs:date" use="optional">
          <xs:annotation>
            <xs:documentation>Must be a valid date. 
		        			If omitted, the startDate is considered to be undefined, but in the past.</xs:documentation>
          </xs:annotation>
        </xs:attribute>
        <xs:attribute name="endDate" type="xs:date" use="optional">
          <xs:annotation>
            <xs:documentation>Must be a valid date. 
		        			If omitted, the endDate is considered to be undefined, but in the future.</xs:documentation>
          </xs:annotation>
        </xs:attribute>
      </xs:extension>
    </xs:simpleContent>
  </xs:complexType>
  <xs:complexType name="CodeValueType">
    <xs:annotation>
      <xs:documentation>A code value generally has a validity period, plus a status.</xs:documentation>
    </xs:annotation>
    <xs:simpleContent>
      <xs:extension base="sim:StringWithValidityPeriodType">
        <xs:attribute name="status" type="xs:string" use="optional">
          <xs:annotation>
            <xs:documentation>The possible status values depend on the type of the code.
		        			They are not enumerated here.</xs:documentation>
          </xs:annotation>
        </xs:attribute>
      </xs:extension>
    </xs:simpleContent>
  </xs:complexType>
  <xs:complexType name="NameType">
    <xs:annotation>
      <xs:documentation>A name, with an attribute defining the language in which it is cast.</xs:documentation>
    </xs:annotation>
    <xs:simpleContent>
      <xs:extension base="sim:NonEmptyStringType">
        <xs:attribute name="language" type="xs:language" use="optional">
          <xs:annotation>
            <xs:documentation>Defines the language in which the name is given</xs:documentation>
          </xs:annotation>
        </xs:attribute>
        <xs:attribute name="shortName" type="xs:string" use="optional">
          <xs:annotation>
            <xs:documentation>In some cases, an abbreviated or more commonly used name is of interest, as well as the full name</xs:documentation>
          </xs:annotation>
        </xs:attribute>
      </xs:extension>
    </xs:simpleContent>
  </xs:complexType>
</xs:schema>]]></con:content><con:type>http://www.w3.org/2001/XMLSchema</con:type></con:part><con:part><con:url>file:/home/gbuyle/projects/fidus/countryservice/CountryServiceGateway/src/main/resources/wsdl/countryService/1.0.0/country/countryServiceMessages.xsd</con:url><con:content><![CDATA[<xs:schema targetNamespace="http://fsb.belgium.be/mappingServices/countryService/messages/v1_00" elementFormDefault="qualified" attributeFormDefault="unqualified" version="2.00" xmlns:xs="http://www.w3.org/2001/XMLSchema" xmlns:mes="http://fsb.belgium.be/mappingServices/countryService/messages/v1_00" xmlns:soapenv="http://schemas.xmlsoap.org/soap/envelope/" xmlns:sim="http://fsb.belgium.be/mappingServices/data/simple/v1_00" xmlns:cou="http://fsb.belgium.be/mappingServices/data/country/v1_00">
  <xs:import namespace="http://fsb.belgium.be/mappingServices/data/simple/v1_00" schemaLocation="simpleTypes.xsd"/>
  <xs:import namespace="http://fsb.belgium.be/mappingServices/data/country/v1_00" schemaLocation="external.xsd"/>
  <xs:annotation>
    <xs:documentation>Definition of the request and response messages used by the country service.</xs:documentation>
  </xs:annotation>
  <xs:element name="getAllIsoCodesRequest" type="mes:ReferenceDateType"/>
  <xs:element name="getAllIsoCodesResponse" type="mes:IsoCodesType"/>
  <xs:element name="getAllNisCodesRequest" type="mes:ReferenceDateType"/>
  <xs:element name="getAllNisCodesResponse" type="mes:NisCodesType"/>
  <xs:complexType name="ReferenceDateType">
    <xs:annotation>
      <xs:documentation></xs:documentation>
    </xs:annotation>
    <xs:sequence>
      <xs:element name="referenceDate" type="xs:date" minOccurs="0"/>
    </xs:sequence>
  </xs:complexType>
  <xs:complexType name="IsoCodesType">
    <xs:annotation>
      <xs:documentation></xs:documentation>
    </xs:annotation>
    <xs:sequence>
      <xs:element name="iso" type="cou:IsoType" maxOccurs="unbounded"/>
    </xs:sequence>
  </xs:complexType>
  <xs:complexType name="NisCodesType">
    <xs:annotation>
      <xs:documentation></xs:documentation>
    </xs:annotation>
    <xs:sequence>
      <xs:element name="nis" type="cou:NisType" maxOccurs="unbounded"/>
    </xs:sequence>
  </xs:complexType>
  <xs:complexType name="BusinessEntityType">
    <xs:annotation>
      <xs:documentation xml:lang="en">...</xs:documentation>
    </xs:annotation>
    <xs:sequence></xs:sequence>
    <xs:attribute name="startDate" type="xs:date" use="optional"/>
    <xs:attribute name="endDate" type="xs:date" use="optional"/>
    <xs:attribute name="version" type="xs:string" use="optional"/>
    <xs:attribute name="modificationDate" type="xs:date" use="optional"/>
  </xs:complexType>
  <xs:element name="getNationalityRequest" type="mes:NationalityRequestType"/>
  <xs:element name="getNationalityResponse" type="mes:NationalitiesType"/>
  <xs:element name="getNationalitiesRequest" type="mes:ReferenceDateType"/>
  <xs:element name="getNationalitiesResponse" type="mes:NationalitiesType"/>
  <xs:element name="getNationalityHistoryRequest" type="mes:NationalityHistoryRequestType"/>
  <xs:element name="getNationalityHistoryResponse" type="mes:NationalitiesType"/>
  <xs:complexType name="NationalityRequestType">
    <xs:annotation>
      <xs:documentation></xs:documentation>
    </xs:annotation>
    <xs:sequence>
      <xs:choice>
        <xs:element name="iso-alpha2" type="cou:ISO_3166-1_Alpha2Type"/>
        <xs:element name="iso-alpha3" type="cou:ISO_3166-1_Alpha3Type"/>
        <xs:element name="iso-num3" type="cou:ISO_3166-1_Numeric3Type"/>
        <xs:element name="nis-num3" type="cou:NIS_Numeric3Type"/>
      </xs:choice>
    </xs:sequence>
  </xs:complexType>
  <xs:complexType name="NationalitiesType">
    <xs:annotation>
      <xs:documentation></xs:documentation>
    </xs:annotation>
    <xs:sequence>
      <xs:element name="nationality" type="mes:NationalityType" minOccurs="0" maxOccurs="unbounded"/>
    </xs:sequence>
  </xs:complexType>
  <xs:complexType name="NationalityType">
    <xs:annotation>
      <xs:documentation></xs:documentation>
    </xs:annotation>
    <xs:complexContent>
      <xs:extension base="mes:BusinessEntityType">
        <xs:sequence>
          <xs:element name="name" type="sim:NameType" maxOccurs="unbounded"/>
          <xs:element name="mainTerritory" type="cou:TerritoryType"/>
          <xs:element name="subTerritory" type="cou:TerritoryType" minOccurs="0" maxOccurs="unbounded"/>
        </xs:sequence>
      </xs:extension>
    </xs:complexContent>
  </xs:complexType>
  <xs:complexType name="NationalityHistoryRequestType">
    <xs:annotation>
      <xs:documentation></xs:documentation>
    </xs:annotation>
    <xs:sequence>
      <xs:choice>
        <xs:element name="iso-alpha3" type="cou:ISO_3166-1_Alpha3Type"/>
      </xs:choice>
      <xs:element name="referenceDate" type="xs:date" minOccurs="0"/>
    </xs:sequence>
  </xs:complexType>
  <xs:element name="getAddressCountryRequest" type="mes:AddressCountryRequestType"/>
  <xs:element name="getAddressCountryResponse" type="mes:AddressCountriesType"/>
  <xs:element name="getAddressCountriesRequest" type="mes:ReferenceDateType"/>
  <xs:element name="getAddressCountriesResponse" type="mes:AddressCountriesType"/>
  <xs:element name="getAddressCountryHistoryRequest" type="mes:AddressCountryHistoryRequestType"/>
  <xs:element name="getAddressCountryHistoryResponse" type="mes:AddressCountriesType"/>
  <xs:complexType name="AddressCountryRequestType">
    <xs:annotation>
      <xs:documentation></xs:documentation>
    </xs:annotation>
    <xs:sequence>
      <xs:choice>
        <xs:element name="iso-alpha2" type="cou:ISO_3166-1_Alpha2Type"/>
        <xs:element name="iso-alpha3" type="cou:ISO_3166-1_Alpha3Type"/>
        <xs:element name="iso-num3" type="cou:ISO_3166-1_Numeric3Type"/>
        <xs:element name="nis-num3" type="cou:NIS_Numeric3Type"/>
      </xs:choice>
    </xs:sequence>
  </xs:complexType>
  <xs:complexType name="AddressCountriesType">
    <xs:annotation>
      <xs:documentation></xs:documentation>
    </xs:annotation>
    <xs:sequence>
      <xs:element name="addressCountry" type="mes:AddressCountryType" minOccurs="0" maxOccurs="unbounded"/>
    </xs:sequence>
  </xs:complexType>
  <xs:complexType name="AddressCountryType">
    <xs:annotation>
      <xs:documentation></xs:documentation>
    </xs:annotation>
    <xs:complexContent>
      <xs:extension base="mes:BusinessEntityType">
        <xs:sequence>
          <xs:element name="name" type="sim:NameType" maxOccurs="unbounded"/>
          <xs:element name="mainTerritory" type="cou:TerritoryType"/>
          <xs:element name="subTerritory" type="cou:TerritoryType" minOccurs="0" maxOccurs="unbounded"/>
        </xs:sequence>
      </xs:extension>
    </xs:complexContent>
  </xs:complexType>
  <xs:complexType name="AddressCountryHistoryRequestType">
    <xs:annotation>
      <xs:documentation></xs:documentation>
    </xs:annotation>
    <xs:sequence>
      <xs:element name="iso-alpha2" type="cou:ISO_3166-1_Alpha2Type"/>
      <xs:element name="referenceDate" type="xs:date" minOccurs="0"/>
    </xs:sequence>
  </xs:complexType>
  <xs:element name="getPlaceCountryRequest" type="mes:PlaceCountryRequestType"/>
  <xs:element name="getPlaceCountryResponse" type="mes:PlaceCountriesType"/>
  <xs:element name="getPlaceCountriesRequest" type="mes:ReferenceDateType"/>
  <xs:element name="getPlaceCountriesResponse" type="mes:PlaceCountriesType"/>
  <xs:element name="getPlaceCountryHistoryRequest" type="mes:PlaceCountryHistoryRequestType"/>
  <xs:element name="getPlaceCountryHistoryResponse" type="mes:PlaceCountriesType"/>
  <xs:complexType name="PlaceCountryRequestType">
    <xs:annotation>
      <xs:documentation></xs:documentation>
    </xs:annotation>
    <xs:sequence>
      <xs:choice>
        <xs:element name="iso-alpha2" type="cou:ISO_3166-1_Alpha2Type"/>
        <xs:element name="iso-alpha3" type="cou:ISO_3166-1_Alpha3Type"/>
        <xs:element name="iso-num3" type="cou:ISO_3166-1_Numeric3Type"/>
        <xs:element name="nis-num3" type="cou:NIS_Numeric3Type"/>
      </xs:choice>
    </xs:sequence>
  </xs:complexType>
  <xs:complexType name="PlaceCountriesType">
    <xs:annotation>
      <xs:documentation></xs:documentation>
    </xs:annotation>
    <xs:sequence>
      <xs:element name="placeCountry" type="mes:PlaceCountryType" minOccurs="0" maxOccurs="unbounded"/>
    </xs:sequence>
  </xs:complexType>
  <xs:complexType name="PlaceCountryType">
    <xs:annotation>
      <xs:documentation></xs:documentation>
    </xs:annotation>
    <xs:complexContent>
      <xs:extension base="mes:BusinessEntityType">
        <xs:sequence>
          <xs:element name="name" type="sim:NameType" maxOccurs="unbounded"/>
          <xs:element name="mainTerritory" type="cou:TerritoryType"/>
          <xs:element name="subTerritory" type="cou:TerritoryType" minOccurs="0" maxOccurs="unbounded"/>
        </xs:sequence>
      </xs:extension>
    </xs:complexContent>
  </xs:complexType>
  <xs:complexType name="PlaceCountryHistoryRequestType">
    <xs:annotation>
      <xs:documentation></xs:documentation>
    </xs:annotation>
    <xs:sequence>
      <xs:element name="iso-alpha2" type="cou:ISO_3166-1_Alpha2Type"/>
      <xs:element name="referenceDate" type="xs:date" minOccurs="0"/>
    </xs:sequence>
  </xs:complexType>
</xs:schema>]]></con:content><con:type>http://www.w3.org/2001/XMLSchema</con:type></con:part></con:definitionCache><con:endpoints><con:endpoint>http://fidus.brussels/services/countryservice/v1</con:endpoint><con:endpoint>http://localhost.localdomain:8088/mockCountryServiceHTTPBinding</con:endpoint><con:endpoint>https://192.168.24.16:8443/services/CountryService_v1.0</con:endpoint><con:endpoint>https://192.168.24.17:8443/services/CountryService_v1.0</con:endpoint><con:endpoint>https://192.168.36.61:8243/services/CountryService_v1.0</con:endpoint><con:endpoint>https://fidus-esb-sg.sta.srv.cirb.lan:8443/services/CountryService_v1.0</con:endpoint><con:endpoint>https://fidus.irisnetlab.be/services/CountryService_v1.0</con:endpoint><con:endpoint>https://fidus.sec.brussels/services/CountryService_v1.0</con:endpoint><con:endpoint>https://localhost:8243/services/CountryService_v1.9</con:endpoint></con:endpoints><con:operation id="c7de3639-11f9-4eaa-95eb-b06853bd53a6" isOneWay="false" action="http://fidus.brussels/services/countryservice/getAddressCountries" name="getAddressCountries" bindingOperationName="getAddressCountries" type="Request-Response" inputName="" receivesAttachments="false" sendsAttachments="false" anonymous="optional"><con:settings/><con:call id="ade548af-db49-4392-a1c7-f98910a004d1" name="01 - Local - Request" outgoingWss="Outflow DEV" incomingWss="Inflow DEV"><con:settings><con:setting id="com.eviware.soapui.impl.wsdl.WsdlRequest@request-headers">&lt;xml-fragment/></con:setting></con:settings><con:encoding>UTF-8</con:encoding><con:endpoint>https://localhost:8243/services/CountryService_v1.0</con:endpoint><con:request><![CDATA[<soapenv:Envelope xmlns:soapenv="http://schemas.xmlsoap.org/soap/envelope/" xmlns:v1="http://fidus.brussels/service/countryservice/messages/v1" xmlns:v11="http://fidus.brussels/type/common/messages/v1">
   <soapenv:Header/>
   <soapenv:Body>
      <v1:getAddressCountriesRequest>
         <v1:messageContext>
            <v11:messageId>${=import static java.util.UUID.randomUUID; uuid = randomUUID() as String}</v11:messageId>
            <!--Optional:-->
            <v11:timestamp>${=new java.text.SimpleDateFormat("yyyy-MM-dd'T'HH:mm:ss.SSS").format(new Date())}</v11:timestamp>
         </v1:messageContext>
         <v1:legalContext>ServiceIntegrator</v1:legalContext>
         <v1:request>
            <!--Optional:-->
            <v1:referenceDate>2016-10-10</v1:referenceDate>
         </v1:request>
      </v1:getAddressCountriesRequest>
   </soapenv:Body>
</soapenv:Envelope>]]></con:request><con:credentials><con:selectedAuthProfile>Basic</con:selectedAuthProfile><con:addedBasicAuthenticationTypes>Basic</con:addedBasicAuthenticationTypes><con:authType>Global HTTP Settings</con:authType></con:credentials><con:jmsConfig JMSDeliveryMode="PERSISTENT"/><con:jmsPropertyConfig/><con:wsaConfig mustUnderstand="NONE" version="200508" action="http://fidus.brussels/services/countryservice/getAddressCountries"/><con:wsrmConfig version="1.2"/></con:call><con:call id="1fdb6037-7cce-4574-b2c3-08b1c013db81" name="01 - Local - Request-Invalid_date" outgoingWss="Outflow DEV" incomingWss="Inflow DEV"><con:settings><con:setting id="com.eviware.soapui.impl.wsdl.WsdlRequest@request-headers">&lt;xml-fragment/></con:setting></con:settings><con:encoding>UTF-8</con:encoding><con:endpoint>https://localhost:8243/services/CountryService_v1.0</con:endpoint><con:request><![CDATA[<soapenv:Envelope xmlns:soapenv="http://schemas.xmlsoap.org/soap/envelope/" xmlns:v1="http://fidus.brussels/service/countryservice/messages/v1" xmlns:v11="http://fidus.brussels/type/common/messages/v1">
   <soapenv:Header/>
   <soapenv:Body>
      <v1:getAddressCountriesRequest>
         <v1:messageContext>
            <v11:messageId>${=import static java.util.UUID.randomUUID; uuid = randomUUID() as String}</v11:messageId>
            <!--Optional:-->
            <v11:timestamp>${=new java.text.SimpleDateFormat("yyyy-MM-dd'T'HH:mm:ss.SSS").format(new Date())}</v11:timestamp>
         </v1:messageContext>
         <v1:legalContext>ServiceIntegrator</v1:legalContext>
         <v1:request>
            <!--Optional:-->
            <v1:referenceDate>2016-12-35</v1:referenceDate>
         </v1:request>
      </v1:getAddressCountriesRequest>
   </soapenv:Body>
</soapenv:Envelope>]]></con:request><con:credentials><con:selectedAuthProfile>Basic</con:selectedAuthProfile><con:addedBasicAuthenticationTypes>Basic</con:addedBasicAuthenticationTypes><con:authType>Global HTTP Settings</con:authType></con:credentials><con:jmsConfig JMSDeliveryMode="PERSISTENT"/><con:jmsPropertyConfig/><con:wsaConfig mustUnderstand="NONE" version="200508" action="http://fidus.brussels/services/countryservice/getAddressCountries"/><con:wsrmConfig version="1.2"/></con:call><con:call id="3169e68b-d25c-4d59-befe-1a6cdc95aef2" name="03 - Test Worker1 - Request" outgoingWss="Outflow TEST" incomingWss="Inflow TEST"><con:settings><con:setting id="com.eviware.soapui.impl.wsdl.WsdlRequest@request-headers">&lt;xml-fragment/></con:setting></con:settings><con:encoding>UTF-8</con:encoding><con:endpoint>https://192.168.24.16:8443/services/CountryService_v1.0</con:endpoint><con:request><![CDATA[<soapenv:Envelope xmlns:soapenv="http://schemas.xmlsoap.org/soap/envelope/" xmlns:v1="http://fidus.brussels/service/countryservice/messages/v1" xmlns:v11="http://fidus.brussels/type/common/messages/v1">
   <soapenv:Header/>
   <soapenv:Body>
      <v1:getAddressCountriesRequest>
         <v1:messageContext>
            <v11:messageId>${=import static java.util.UUID.randomUUID; uuid = randomUUID() as String}</v11:messageId>
            <!--Optional:-->
            <v11:timestamp>${=new java.text.SimpleDateFormat("yyyy-MM-dd'T'HH:mm:ss.SSS").format(new Date())}</v11:timestamp>
         </v1:messageContext>
         <v1:legalContext>ServiceIntegrator</v1:legalContext>
         <v1:request>
            <!--Optional:-->
            <v1:referenceDate>2016-10-10</v1:referenceDate>
         </v1:request>
      </v1:getAddressCountriesRequest>
   </soapenv:Body>
</soapenv:Envelope>]]></con:request><con:credentials><con:selectedAuthProfile>Basic</con:selectedAuthProfile><con:addedBasicAuthenticationTypes>Basic</con:addedBasicAuthenticationTypes><con:authType>Global HTTP Settings</con:authType></con:credentials><con:jmsConfig JMSDeliveryMode="PERSISTENT"/><con:jmsPropertyConfig/><con:wsaConfig mustUnderstand="NONE" version="200508" action="http://fidus.brussels/services/countryservice/getAddressCountries"/><con:wsrmConfig version="1.2"/></con:call><con:call id="9a9ff1e5-11c3-4dcd-8863-bc5b67c60ee8" name="02 - Dev - Request" outgoingWss="Outflow DEV" incomingWss="Inflow DEV"><con:settings><con:setting id="com.eviware.soapui.impl.wsdl.WsdlRequest@request-headers">&lt;xml-fragment/></con:setting></con:settings><con:encoding>UTF-8</con:encoding><con:endpoint>https://192.168.36.61:8243/services/CountryService_v1.0</con:endpoint><con:request><![CDATA[<soapenv:Envelope xmlns:soapenv="http://schemas.xmlsoap.org/soap/envelope/" xmlns:v1="http://fidus.brussels/service/countryservice/messages/v1" xmlns:v11="http://fidus.brussels/type/common/messages/v1">
   <soapenv:Header/>
   <soapenv:Body>
      <v1:getAddressCountriesRequest>
         <v1:messageContext>
            <v11:messageId>${=import static java.util.UUID.randomUUID; uuid = randomUUID() as String}</v11:messageId>
            <!--Optional:-->
            <v11:timestamp>${=new java.text.SimpleDateFormat("yyyy-MM-dd'T'HH:mm:ss.SSS").format(new Date())}</v11:timestamp>
         </v1:messageContext>
         <v1:legalContext>ServiceIntegrator</v1:legalContext>
         <v1:request>
            <!--Optional:-->
            <v1:referenceDate>2016-10-10</v1:referenceDate>
         </v1:request>
      </v1:getAddressCountriesRequest>
   </soapenv:Body>
</soapenv:Envelope>]]></con:request><con:credentials><con:selectedAuthProfile>Basic</con:selectedAuthProfile><con:addedBasicAuthenticationTypes>Basic</con:addedBasicAuthenticationTypes><con:authType>Global HTTP Settings</con:authType></con:credentials><con:jmsConfig JMSDeliveryMode="PERSISTENT"/><con:jmsPropertyConfig/><con:wsaConfig mustUnderstand="NONE" version="200508" action="http://fidus.brussels/services/countryservice/getAddressCountries"/><con:wsrmConfig version="1.2"/></con:call><con:call id="e6ec12a5-ba29-46e8-827a-67d49db5dcbc" name="03 - Test Worker2 - Request" outgoingWss="Outflow TEST" incomingWss="Inflow TEST"><con:settings><con:setting id="com.eviware.soapui.impl.wsdl.WsdlRequest@request-headers">&lt;xml-fragment/></con:setting></con:settings><con:encoding>UTF-8</con:encoding><con:endpoint>https://192.168.24.17:8443/services/CountryService_v1.0</con:endpoint><con:request><![CDATA[<soapenv:Envelope xmlns:soapenv="http://schemas.xmlsoap.org/soap/envelope/" xmlns:v1="http://fidus.brussels/service/countryservice/messages/v1" xmlns:v11="http://fidus.brussels/type/common/messages/v1">
   <soapenv:Header/>
   <soapenv:Body>
      <v1:getAddressCountriesRequest>
         <v1:messageContext>
            <v11:messageId>${=import static java.util.UUID.randomUUID; uuid = randomUUID() as String}</v11:messageId>
            <!--Optional:-->
            <v11:timestamp>${=new java.text.SimpleDateFormat("yyyy-MM-dd'T'HH:mm:ss.SSS").format(new Date())}</v11:timestamp>
         </v1:messageContext>
         <v1:legalContext>ServiceIntegrator</v1:legalContext>
         <v1:request>
            <!--Optional:-->
            <v1:referenceDate>2016-10-10</v1:referenceDate>
         </v1:request>
      </v1:getAddressCountriesRequest>
   </soapenv:Body>
</soapenv:Envelope>]]></con:request><con:credentials><con:selectedAuthProfile>Basic</con:selectedAuthProfile><con:addedBasicAuthenticationTypes>Basic</con:addedBasicAuthenticationTypes><con:authType>Global HTTP Settings</con:authType></con:credentials><con:jmsConfig JMSDeliveryMode="PERSISTENT"/><con:jmsPropertyConfig/><con:wsaConfig mustUnderstand="NONE" version="200508" action="http://fidus.brussels/services/countryservice/getAddressCountries"/><con:wsrmConfig version="1.2"/></con:call><con:call id="56087fb3-5d9f-4eaf-b81c-e50293dd98af" name="03 - Test External - Request" outgoingWss="Outflow TEST" incomingWss="Inflow TEST"><con:settings><con:setting id="com.eviware.soapui.impl.wsdl.WsdlRequest@request-headers">&lt;xml-fragment/></con:setting></con:settings><con:encoding>UTF-8</con:encoding><con:endpoint>https://fidus.irisnetlab.be/services/CountryService_v1.0</con:endpoint><con:request><![CDATA[<soapenv:Envelope xmlns:soapenv="http://schemas.xmlsoap.org/soap/envelope/" xmlns:v1="http://fidus.brussels/service/countryservice/messages/v1" xmlns:v11="http://fidus.brussels/type/common/messages/v1">
   <soapenv:Header/>
   <soapenv:Body>
      <v1:getAddressCountriesRequest>
         <v1:messageContext>
            <v11:messageId>${=import static java.util.UUID.randomUUID; uuid = randomUUID() as String}</v11:messageId>
            <!--Optional:-->
            <v11:timestamp>${=new java.text.SimpleDateFormat("yyyy-MM-dd'T'HH:mm:ss.SSS").format(new Date())}</v11:timestamp>
         </v1:messageContext>
         <v1:legalContext>ServiceIntegrator</v1:legalContext>
         <v1:request>
            <!--Optional:-->
            <v1:referenceDate>2016-10-10</v1:referenceDate>
         </v1:request>
      </v1:getAddressCountriesRequest>
   </soapenv:Body>
</soapenv:Envelope>]]></con:request><con:credentials><con:selectedAuthProfile>Basic</con:selectedAuthProfile><con:addedBasicAuthenticationTypes>Basic</con:addedBasicAuthenticationTypes><con:authType>Global HTTP Settings</con:authType></con:credentials><con:jmsConfig JMSDeliveryMode="PERSISTENT"/><con:jmsPropertyConfig/><con:wsaConfig mustUnderstand="NONE" version="200508" action="http://fidus.brussels/services/countryservice/getAddressCountries"/><con:wsrmConfig version="1.2"/></con:call><con:call id="0f6ca71d-c92e-438d-b201-dfca7f5afb82" name="03 - Test LB - Request" outgoingWss="Outflow TEST" incomingWss="Inflow TEST"><con:settings><con:setting id="com.eviware.soapui.impl.wsdl.WsdlRequest@request-headers">&lt;xml-fragment/></con:setting></con:settings><con:encoding>UTF-8</con:encoding><con:endpoint>https://fidus-esb-sg.sta.srv.cirb.lan:8443/services/CountryService_v1.0</con:endpoint><con:request><![CDATA[<soapenv:Envelope xmlns:soapenv="http://schemas.xmlsoap.org/soap/envelope/" xmlns:v1="http://fidus.brussels/service/countryservice/messages/v1" xmlns:v11="http://fidus.brussels/type/common/messages/v1">
   <soapenv:Header/>
   <soapenv:Body>
      <v1:getAddressCountriesRequest>
         <v1:messageContext>
            <v11:messageId>${=import static java.util.UUID.randomUUID; uuid = randomUUID() as String}</v11:messageId>
            <!--Optional:-->
            <v11:timestamp>${=new java.text.SimpleDateFormat("yyyy-MM-dd'T'HH:mm:ss.SSS").format(new Date())}</v11:timestamp>
         </v1:messageContext>
         <v1:legalContext>ServiceIntegrator</v1:legalContext>
         <v1:request>
            <!--Optional:-->
            <v1:referenceDate>2016-10-10</v1:referenceDate>
         </v1:request>
      </v1:getAddressCountriesRequest>
   </soapenv:Body>
</soapenv:Envelope>]]></con:request><con:credentials><con:selectedAuthProfile>Basic</con:selectedAuthProfile><con:addedBasicAuthenticationTypes>Basic</con:addedBasicAuthenticationTypes><con:authType>Global HTTP Settings</con:authType></con:credentials><con:jmsConfig JMSDeliveryMode="PERSISTENT"/><con:jmsPropertyConfig/><con:wsaConfig mustUnderstand="NONE" version="200508" action="http://fidus.brussels/services/countryservice/getAddressCountries"/><con:wsrmConfig version="1.2"/></con:call><con:call id="adfe9d4c-f3e0-4e8f-93db-e2d0b0e8db73" name="04 - Staging External - Request" outgoingWss="Outflow STAGING" incomingWss="Inflow STAGING"><con:settings><con:setting id="com.eviware.soapui.impl.wsdl.WsdlRequest@request-headers">&lt;xml-fragment/></con:setting></con:settings><con:encoding>UTF-8</con:encoding><con:endpoint>https://fidus.irisnetlab.be/services/CountryService_v1.0</con:endpoint><con:request><![CDATA[<soapenv:Envelope xmlns:soapenv="http://schemas.xmlsoap.org/soap/envelope/" xmlns:v1="http://fidus.brussels/service/countryservice/messages/v1" xmlns:v11="http://fidus.brussels/type/common/messages/v1">
   <soapenv:Header/>
   <soapenv:Body>
      <v1:getAddressCountriesRequest>
         <v1:messageContext>
            <v11:messageId>${=import static java.util.UUID.randomUUID; uuid = randomUUID() as String}</v11:messageId>
            <!--Optional:-->
            <v11:timestamp>${=new java.text.SimpleDateFormat("yyyy-MM-dd'T'HH:mm:ss.SSS").format(new Date())}</v11:timestamp>
         </v1:messageContext>
         <v1:legalContext>ServiceIntegrator</v1:legalContext>
         <v1:request>
            <!--Optional:-->
            <v1:referenceDate>2016-10-10</v1:referenceDate>
         </v1:request>
      </v1:getAddressCountriesRequest>
   </soapenv:Body>
</soapenv:Envelope>]]></con:request><con:credentials><con:selectedAuthProfile>Basic</con:selectedAuthProfile><con:addedBasicAuthenticationTypes>Basic</con:addedBasicAuthenticationTypes><con:authType>Global HTTP Settings</con:authType></con:credentials><con:jmsConfig JMSDeliveryMode="PERSISTENT"/><con:jmsPropertyConfig/><con:wsaConfig mustUnderstand="NONE" version="200508" action="http://fidus.brussels/services/countryservice/getAddressCountries"/><con:wsrmConfig version="1.2"/></con:call><con:call id="6e78ba1a-81ae-4c7f-8ef8-cb34b5051242" name="04 - Staging LB - Request" outgoingWss="Outflow STAGING" incomingWss="Inflow STAGING"><con:settings><con:setting id="com.eviware.soapui.impl.wsdl.WsdlRequest@request-headers">&lt;xml-fragment/></con:setting></con:settings><con:encoding>UTF-8</con:encoding><con:endpoint>https://fidus-esb-sg.sta.srv.cirb.lan:8443/services/CountryService_v1.0</con:endpoint><con:request><![CDATA[<soapenv:Envelope xmlns:soapenv="http://schemas.xmlsoap.org/soap/envelope/" xmlns:v1="http://fidus.brussels/service/countryservice/messages/v1" xmlns:v11="http://fidus.brussels/type/common/messages/v1">
   <soapenv:Header/>
   <soapenv:Body>
      <v1:getAddressCountriesRequest>
         <v1:messageContext>
            <v11:messageId>${=import static java.util.UUID.randomUUID; uuid = randomUUID() as String}</v11:messageId>
            <!--Optional:-->
            <v11:timestamp>${=new java.text.SimpleDateFormat("yyyy-MM-dd'T'HH:mm:ss.SSS").format(new Date())}</v11:timestamp>
         </v1:messageContext>
         <v1:legalContext>ServiceIntegrator</v1:legalContext>
         <v1:request>
            <!--Optional:-->
            <v1:referenceDate>2016-10-10</v1:referenceDate>
         </v1:request>
      </v1:getAddressCountriesRequest>
   </soapenv:Body>
</soapenv:Envelope>]]></con:request><con:credentials><con:selectedAuthProfile>Basic</con:selectedAuthProfile><con:addedBasicAuthenticationTypes>Basic</con:addedBasicAuthenticationTypes><con:authType>Global HTTP Settings</con:authType></con:credentials><con:jmsConfig JMSDeliveryMode="PERSISTENT"/><con:jmsPropertyConfig/><con:wsaConfig mustUnderstand="NONE" version="200508" action="http://fidus.brussels/services/countryservice/getAddressCountries"/><con:wsrmConfig version="1.2"/></con:call><con:call id="fea5614a-e511-4b22-be3d-2531b8b4718e" name="04 - Staging Worker1 - Request" outgoingWss="Outflow STAGING" incomingWss="Inflow STAGING"><con:settings><con:setting id="com.eviware.soapui.impl.wsdl.WsdlRequest@request-headers">&lt;xml-fragment/></con:setting></con:settings><con:encoding>UTF-8</con:encoding><con:endpoint>https://192.168.24.16:8443/services/CountryService_v1.0</con:endpoint><con:request><![CDATA[<soapenv:Envelope xmlns:soapenv="http://schemas.xmlsoap.org/soap/envelope/" xmlns:v1="http://fidus.brussels/service/countryservice/messages/v1" xmlns:v11="http://fidus.brussels/type/common/messages/v1">
   <soapenv:Header/>
   <soapenv:Body>
      <v1:getAddressCountriesRequest>
         <v1:messageContext>
            <v11:messageId>${=import static java.util.UUID.randomUUID; uuid = randomUUID() as String}</v11:messageId>
            <!--Optional:-->
            <v11:timestamp>${=new java.text.SimpleDateFormat("yyyy-MM-dd'T'HH:mm:ss.SSS").format(new Date())}</v11:timestamp>
         </v1:messageContext>
         <v1:legalContext>ServiceIntegrator</v1:legalContext>
         <v1:request>
            <!--Optional:-->
            <v1:referenceDate>2016-10-10</v1:referenceDate>
         </v1:request>
      </v1:getAddressCountriesRequest>
   </soapenv:Body>
</soapenv:Envelope>]]></con:request><con:credentials><con:selectedAuthProfile>Basic</con:selectedAuthProfile><con:addedBasicAuthenticationTypes>Basic</con:addedBasicAuthenticationTypes><con:authType>Global HTTP Settings</con:authType></con:credentials><con:jmsConfig JMSDeliveryMode="PERSISTENT"/><con:jmsPropertyConfig/><con:wsaConfig mustUnderstand="NONE" version="200508" action="http://fidus.brussels/services/countryservice/getAddressCountries"/><con:wsrmConfig version="1.2"/></con:call><con:call id="4ef9a1c6-49d6-444d-9ddc-e5976c4b5be7" name="04 - Staging Worker2 - Request" outgoingWss="Outflow STAGING" incomingWss="Inflow STAGING"><con:settings><con:setting id="com.eviware.soapui.impl.wsdl.WsdlRequest@request-headers">&lt;xml-fragment/></con:setting></con:settings><con:encoding>UTF-8</con:encoding><con:endpoint>https://192.168.24.17:8443/services/CountryService_v1.0</con:endpoint><con:request><![CDATA[<soapenv:Envelope xmlns:soapenv="http://schemas.xmlsoap.org/soap/envelope/" xmlns:v1="http://fidus.brussels/service/countryservice/messages/v1" xmlns:v11="http://fidus.brussels/type/common/messages/v1">
   <soapenv:Header/>
   <soapenv:Body>
      <v1:getAddressCountriesRequest>
         <v1:messageContext>
            <v11:messageId>${=import static java.util.UUID.randomUUID; uuid = randomUUID() as String}</v11:messageId>
            <!--Optional:-->
            <v11:timestamp>${=new java.text.SimpleDateFormat("yyyy-MM-dd'T'HH:mm:ss.SSS").format(new Date())}</v11:timestamp>
         </v1:messageContext>
         <v1:legalContext>ServiceIntegrator</v1:legalContext>
         <v1:request>
            <!--Optional:-->
            <v1:referenceDate>2016-10-10</v1:referenceDate>
         </v1:request>
      </v1:getAddressCountriesRequest>
   </soapenv:Body>
</soapenv:Envelope>]]></con:request><con:credentials><con:selectedAuthProfile>Basic</con:selectedAuthProfile><con:addedBasicAuthenticationTypes>Basic</con:addedBasicAuthenticationTypes><con:authType>Global HTTP Settings</con:authType></con:credentials><con:jmsConfig JMSDeliveryMode="PERSISTENT"/><con:jmsPropertyConfig/><con:wsaConfig mustUnderstand="NONE" version="200508" action="http://fidus.brussels/services/countryservice/getAddressCountries"/><con:wsrmConfig version="1.2"/></con:call><con:call id="d4427617-0988-499b-bcda-514c97ce1920" name="05 - Prod - External - Request" outgoingWss="Outflow PROD" incomingWss="Inflow PROD"><con:settings><con:setting id="com.eviware.soapui.impl.wsdl.WsdlRequest@request-headers">&lt;xml-fragment/></con:setting></con:settings><con:encoding>UTF-8</con:encoding><con:endpoint>https://fidus.sec.brussels/services/CountryService_v1.0</con:endpoint><con:request><![CDATA[<soapenv:Envelope xmlns:soapenv="http://schemas.xmlsoap.org/soap/envelope/" xmlns:v1="http://fidus.brussels/service/countryservice/messages/v1" xmlns:v11="http://fidus.brussels/type/common/messages/v1">
   <soapenv:Header/>
   <soapenv:Body>
      <v1:getAddressCountriesRequest>
         <v1:messageContext>
            <v11:messageId>${=import static java.util.UUID.randomUUID; uuid = randomUUID() as String}</v11:messageId>
            <!--Optional:-->
            <v11:timestamp>${=new java.text.SimpleDateFormat("yyyy-MM-dd'T'HH:mm:ss.SSS").format(new Date())}</v11:timestamp>
         </v1:messageContext>
         <v1:legalContext>ServiceIntegrator</v1:legalContext>
         <v1:request>
            <!--Optional:-->
            <v1:referenceDate>2016-10-10</v1:referenceDate>
         </v1:request>
      </v1:getAddressCountriesRequest>
   </soapenv:Body>
</soapenv:Envelope>]]></con:request><con:credentials><con:selectedAuthProfile>Basic</con:selectedAuthProfile><con:addedBasicAuthenticationTypes>Basic</con:addedBasicAuthenticationTypes><con:authType>Global HTTP Settings</con:authType></con:credentials><con:jmsConfig JMSDeliveryMode="PERSISTENT"/><con:jmsPropertyConfig/><con:wsaConfig mustUnderstand="NONE" version="200508" action="http://fidus.brussels/services/countryservice/getAddressCountries"/><con:wsrmConfig version="1.2"/></con:call><con:call id="bb4d74a6-d8b6-4521-9f32-3a9d24e5421d" name="02 - DevNew - Request" outgoingWss="Outflow DEV" incomingWss="Inflow DEV"><con:settings><con:setting id="com.eviware.soapui.impl.wsdl.WsdlRequest@request-headers">&lt;xml-fragment/></con:setting></con:settings><con:encoding>UTF-8</con:encoding><con:endpoint>https://192.168.36.75:8243/services/CountryService_v1.0</con:endpoint><con:request><![CDATA[<soapenv:Envelope xmlns:soapenv="http://schemas.xmlsoap.org/soap/envelope/" xmlns:v1="http://fidus.brussels/service/countryservice/messages/v1" xmlns:v11="http://fidus.brussels/type/common/messages/v1">
   <soapenv:Header/>
   <soapenv:Body>
      <v1:getAddressCountriesRequest>
         <v1:messageContext>
            <v11:messageId>${=import static java.util.UUID.randomUUID; uuid = randomUUID() as String}</v11:messageId>
            <!--Optional:-->
            <v11:timestamp>${=new java.text.SimpleDateFormat("yyyy-MM-dd'T'HH:mm:ss.SSS").format(new Date())}</v11:timestamp>
         </v1:messageContext>
         <v1:legalContext>ServiceIntegrator</v1:legalContext>
         <v1:request>
            <!--Optional:-->
            <v1:referenceDate>2016-10-10</v1:referenceDate>
         </v1:request>
      </v1:getAddressCountriesRequest>
   </soapenv:Body>
</soapenv:Envelope>]]></con:request><con:credentials><con:selectedAuthProfile>Basic</con:selectedAuthProfile><con:addedBasicAuthenticationTypes>Basic</con:addedBasicAuthenticationTypes><con:authType>Global HTTP Settings</con:authType></con:credentials><con:jmsConfig JMSDeliveryMode="PERSISTENT"/><con:jmsPropertyConfig/><con:wsaConfig mustUnderstand="NONE" version="200508" action="http://fidus.brussels/services/countryservice/getAddressCountries"/><con:wsrmConfig version="1.2"/></con:call></con:operation><con:operation id="ce570cb8-0123-47f9-b8c7-3283d348c5f1" isOneWay="false" action="http://fidus.brussels/services/countryservice/getAddressCountry" name="getAddressCountry" bindingOperationName="getAddressCountry" type="Request-Response" inputName="" receivesAttachments="false" sendsAttachments="false" anonymous="optional"><con:settings/><con:call id="be784c6b-2d8e-417d-a0b9-bd668bdc8bad" name="01 - Local - Request" outgoingWss="Outflow DEV" incomingWss="Inflow DEV"><con:settings><con:setting id="com.eviware.soapui.impl.wsdl.WsdlRequest@request-headers">&lt;xml-fragment/></con:setting></con:settings><con:encoding>UTF-8</con:encoding><con:endpoint>https://localhost:8243/services/CountryService_v1.0</con:endpoint><con:request><![CDATA[<soapenv:Envelope xmlns:soapenv="http://schemas.xmlsoap.org/soap/envelope/" xmlns:v1="http://fidus.brussels/service/countryservice/messages/v1" xmlns:v11="http://fidus.brussels/type/common/messages/v1" xmlns:v12="http://fsb.belgium.be/mappingServices/countryService/messages/v1_00">
   <soapenv:Header/>
   <soapenv:Body>
      <v1:getAddressCountryRequest>
         <v1:messageContext>
            <v11:messageId>${=import static java.util.UUID.randomUUID; uuid = randomUUID() as String}</v11:messageId>
            <!--Optional:-->
            <v11:timestamp>${=new java.text.SimpleDateFormat("yyyy-MM-dd'T'HH:mm:ss.SSS").format(new Date())}</v11:timestamp>
         </v1:messageContext>
         <v1:legalContext>ServiceIntegrator</v1:legalContext>
         <v1:request>
            <!--You have a CHOICE of the next 4 items at this level-->
            <v12:iso-alpha2>BE</v12:iso-alpha2>
            <!--<v12:iso-alpha3 startDate="?" endDate="?" status="?">?</v12:iso-alpha3>-->
            <!--<v12:iso-num3 startDate="?" endDate="?" status="?">?</v12:iso-num3>-->
            <!--<v12:nis-num3 startDate="?" endDate="?" status="?">?</v12:nis-num3>-->
         </v1:request>
      </v1:getAddressCountryRequest>
   </soapenv:Body>
</soapenv:Envelope>]]></con:request><con:credentials><con:selectedAuthProfile>Basic</con:selectedAuthProfile><con:addedBasicAuthenticationTypes>Basic</con:addedBasicAuthenticationTypes><con:authType>Global HTTP Settings</con:authType></con:credentials><con:jmsConfig JMSDeliveryMode="PERSISTENT"/><con:jmsPropertyConfig/><con:wsaConfig mustUnderstand="NONE" version="200508" action="http://fidus.brussels/services/countryservice/getAddressCountry"/><con:wsrmConfig version="1.2"/></con:call><con:call id="91be220b-52f1-4934-95f8-45f5b5c067fe" name="01 - Local - Request-Invalid_Iso-alpha2" outgoingWss="Outflow DEV" incomingWss="Inflow DEV"><con:settings><con:setting id="com.eviware.soapui.impl.wsdl.WsdlRequest@request-headers">&lt;xml-fragment/></con:setting></con:settings><con:encoding>UTF-8</con:encoding><con:endpoint>https://localhost:8243/services/CountryService_v1.0</con:endpoint><con:request><![CDATA[<soapenv:Envelope xmlns:soapenv="http://schemas.xmlsoap.org/soap/envelope/" xmlns:v1="http://fidus.brussels/service/countryservice/messages/v1" xmlns:v11="http://fidus.brussels/type/common/messages/v1" xmlns:v12="http://fsb.belgium.be/mappingServices/countryService/messages/v1_00">
   <soapenv:Header/>
   <soapenv:Body>
      <v1:getAddressCountryRequest>
         <v1:messageContext>
            <v11:messageId>${=import static java.util.UUID.randomUUID; uuid = randomUUID() as String}</v11:messageId>
            <!--Optional:-->
            <v11:timestamp>${=new java.text.SimpleDateFormat("yyyy-MM-dd'T'HH:mm:ss.SSS").format(new Date())}</v11:timestamp>
         </v1:messageContext>
         <v1:legalContext>ServiceIntegrator</v1:legalContext>
         <v1:request>
            <!--You have a CHOICE of the next 4 items at this level-->
            <v12:iso-alpha2>XX</v12:iso-alpha2>
            <!--<v12:iso-alpha3 startDate="?" endDate="?" status="?">?</v12:iso-alpha3>-->
            <!--<v12:iso-num3 startDate="?" endDate="?" status="?">?</v12:iso-num3>-->
            <!--<v12:nis-num3 startDate="?" endDate="?" status="?">?</v12:nis-num3>-->
         </v1:request>
      </v1:getAddressCountryRequest>
   </soapenv:Body>
</soapenv:Envelope>]]></con:request><con:credentials><con:selectedAuthProfile>Basic</con:selectedAuthProfile><con:addedBasicAuthenticationTypes>Basic</con:addedBasicAuthenticationTypes><con:authType>Global HTTP Settings</con:authType></con:credentials><con:jmsConfig JMSDeliveryMode="PERSISTENT"/><con:jmsPropertyConfig/><con:wsaConfig mustUnderstand="NONE" version="200508" action="http://fidus.brussels/services/countryservice/getAddressCountry"/><con:wsrmConfig version="1.2"/></con:call><con:call id="d1f37fa5-b199-4144-b98b-9de820f88495" name="02 - Dev - Request" outgoingWss="Outflow DEV" incomingWss="Inflow DEV"><con:settings><con:setting id="com.eviware.soapui.impl.wsdl.WsdlRequest@request-headers">&lt;xml-fragment/></con:setting></con:settings><con:encoding>UTF-8</con:encoding><con:endpoint>https://192.168.36.61:8243/services/CountryService_v1.0</con:endpoint><con:request><![CDATA[<soapenv:Envelope xmlns:soapenv="http://schemas.xmlsoap.org/soap/envelope/" xmlns:v1="http://fidus.brussels/service/countryservice/messages/v1" xmlns:v11="http://fidus.brussels/type/common/messages/v1" xmlns:v12="http://fsb.belgium.be/mappingServices/countryService/messages/v1_00">
   <soapenv:Header/>
   <soapenv:Body>
      <v1:getAddressCountryRequest>
         <v1:messageContext>
            <v11:messageId>${=import static java.util.UUID.randomUUID; uuid = randomUUID() as String}</v11:messageId>
            <!--Optional:-->
            <v11:timestamp>${=new java.text.SimpleDateFormat("yyyy-MM-dd'T'HH:mm:ss.SSS").format(new Date())}</v11:timestamp>
         </v1:messageContext>
         <v1:legalContext>ServiceIntegrator</v1:legalContext>
         <v1:request>
            <!--You have a CHOICE of the next 4 items at this level-->
            <v12:iso-alpha2>BE</v12:iso-alpha2>
            <!--<v12:iso-alpha3 startDate="?" endDate="?" status="?">?</v12:iso-alpha3>-->
            <!--<v12:iso-num3 startDate="?" endDate="?" status="?">?</v12:iso-num3>-->
            <!--<v12:nis-num3 startDate="?" endDate="?" status="?">?</v12:nis-num3>-->
         </v1:request>
      </v1:getAddressCountryRequest>
   </soapenv:Body>
</soapenv:Envelope>]]></con:request><con:credentials><con:selectedAuthProfile>Basic</con:selectedAuthProfile><con:addedBasicAuthenticationTypes>Basic</con:addedBasicAuthenticationTypes><con:authType>Global HTTP Settings</con:authType></con:credentials><con:jmsConfig JMSDeliveryMode="PERSISTENT"/><con:jmsPropertyConfig/><con:wsaConfig mustUnderstand="NONE" version="200508" action="http://fidus.brussels/services/countryservice/getAddressCountry"/><con:wsrmConfig version="1.2"/></con:call><con:call id="82792d46-2e95-492a-855c-f525e08a1334" name="03 - Test External - Request" outgoingWss="Outflow TEST" incomingWss="Inflow TEST"><con:settings><con:setting id="com.eviware.soapui.impl.wsdl.WsdlRequest@request-headers">&lt;xml-fragment/></con:setting></con:settings><con:encoding>UTF-8</con:encoding><con:endpoint>https://fidus-test.irisnetlab.be/services/CountryService_v1.0</con:endpoint><con:request><![CDATA[<soapenv:Envelope xmlns:soapenv="http://schemas.xmlsoap.org/soap/envelope/" xmlns:v1="http://fidus.brussels/service/countryservice/messages/v1" xmlns:v11="http://fidus.brussels/type/common/messages/v1" xmlns:v12="http://fsb.belgium.be/mappingServices/countryService/messages/v1_00">
   <soapenv:Header/>
   <soapenv:Body>
      <v1:getAddressCountryRequest>
         <v1:messageContext>
            <v11:messageId>${=import static java.util.UUID.randomUUID; uuid = randomUUID() as String}</v11:messageId>
            <!--Optional:-->
            <v11:timestamp>${=new java.text.SimpleDateFormat("yyyy-MM-dd'T'HH:mm:ss.SSS").format(new Date())}</v11:timestamp>
         </v1:messageContext>
         <v1:legalContext>ServiceIntegrator</v1:legalContext>
         <v1:request>
            <!--You have a CHOICE of the next 4 items at this level-->
            <v12:iso-alpha2>BE</v12:iso-alpha2>
            <!--<v12:iso-alpha3 startDate="?" endDate="?" status="?">?</v12:iso-alpha3>-->
            <!--<v12:iso-num3 startDate="?" endDate="?" status="?">?</v12:iso-num3>-->
            <!--<v12:nis-num3 startDate="?" endDate="?" status="?">?</v12:nis-num3>-->
         </v1:request>
      </v1:getAddressCountryRequest>
   </soapenv:Body>
</soapenv:Envelope>]]></con:request><con:credentials><con:selectedAuthProfile>Basic</con:selectedAuthProfile><con:addedBasicAuthenticationTypes>Basic</con:addedBasicAuthenticationTypes><con:authType>Global HTTP Settings</con:authType></con:credentials><con:jmsConfig JMSDeliveryMode="PERSISTENT"/><con:jmsPropertyConfig/><con:wsaConfig mustUnderstand="NONE" version="200508" action="http://fidus.brussels/services/countryservice/getAddressCountry"/><con:wsrmConfig version="1.2"/></con:call><con:call id="ec92ab3e-3260-4d50-929d-e6925b35aa24" name="03 - Test LB - Request" outgoingWss="Outflow TEST" incomingWss="Inflow TEST"><con:settings><con:setting id="com.eviware.soapui.impl.wsdl.WsdlRequest@request-headers">&lt;xml-fragment/></con:setting></con:settings><con:encoding>UTF-8</con:encoding><con:endpoint>https://fidus-esb-sg.sta.srv.cirb.lan:8443/services/CountryService_v1.0</con:endpoint><con:request><![CDATA[<soapenv:Envelope xmlns:soapenv="http://schemas.xmlsoap.org/soap/envelope/" xmlns:v1="http://fidus.brussels/service/countryservice/messages/v1" xmlns:v11="http://fidus.brussels/type/common/messages/v1" xmlns:v12="http://fsb.belgium.be/mappingServices/countryService/messages/v1_00">
   <soapenv:Header/>
   <soapenv:Body>
      <v1:getAddressCountryRequest>
         <v1:messageContext>
            <v11:messageId>${=import static java.util.UUID.randomUUID; uuid = randomUUID() as String}</v11:messageId>
            <!--Optional:-->
            <v11:timestamp>${=new java.text.SimpleDateFormat("yyyy-MM-dd'T'HH:mm:ss.SSS").format(new Date())}</v11:timestamp>
         </v1:messageContext>
         <v1:legalContext>ServiceIntegrator</v1:legalContext>
         <v1:request>
            <!--You have a CHOICE of the next 4 items at this level-->
            <v12:iso-alpha2>BE</v12:iso-alpha2>
            <!--<v12:iso-alpha3 startDate="?" endDate="?" status="?">?</v12:iso-alpha3>-->
            <!--<v12:iso-num3 startDate="?" endDate="?" status="?">?</v12:iso-num3>-->
            <!--<v12:nis-num3 startDate="?" endDate="?" status="?">?</v12:nis-num3>-->
         </v1:request>
      </v1:getAddressCountryRequest>
   </soapenv:Body>
</soapenv:Envelope>]]></con:request><con:credentials><con:selectedAuthProfile>Basic</con:selectedAuthProfile><con:addedBasicAuthenticationTypes>Basic</con:addedBasicAuthenticationTypes><con:authType>Global HTTP Settings</con:authType></con:credentials><con:jmsConfig JMSDeliveryMode="PERSISTENT"/><con:jmsPropertyConfig/><con:wsaConfig mustUnderstand="NONE" version="200508" action="http://fidus.brussels/services/countryservice/getAddressCountry"/><con:wsrmConfig version="1.2"/></con:call><con:call id="128f9102-1fe1-4c5d-b2b2-49d226e8df74" name="03 - Test Worker1 - Request" outgoingWss="Outflow TEST" incomingWss="Inflow TEST"><con:settings><con:setting id="com.eviware.soapui.impl.wsdl.WsdlRequest@request-headers">&lt;xml-fragment/></con:setting></con:settings><con:encoding>UTF-8</con:encoding><con:endpoint>https://192.168.24.16:8443/services/CountryService_v1.0</con:endpoint><con:request><![CDATA[<soapenv:Envelope xmlns:soapenv="http://schemas.xmlsoap.org/soap/envelope/" xmlns:v1="http://fidus.brussels/service/countryservice/messages/v1" xmlns:v11="http://fidus.brussels/type/common/messages/v1" xmlns:v12="http://fsb.belgium.be/mappingServices/countryService/messages/v1_00">
   <soapenv:Header/>
   <soapenv:Body>
      <v1:getAddressCountryRequest>
         <v1:messageContext>
            <v11:messageId>${=import static java.util.UUID.randomUUID; uuid = randomUUID() as String}</v11:messageId>
            <!--Optional:-->
            <v11:timestamp>${=new java.text.SimpleDateFormat("yyyy-MM-dd'T'HH:mm:ss.SSS").format(new Date())}</v11:timestamp>
         </v1:messageContext>
         <v1:legalContext>ServiceIntegrator</v1:legalContext>
         <v1:request>
            <!--You have a CHOICE of the next 4 items at this level-->
            <v12:iso-alpha2>BE</v12:iso-alpha2>
            <!--<v12:iso-alpha3 startDate="?" endDate="?" status="?">?</v12:iso-alpha3>-->
            <!--<v12:iso-num3 startDate="?" endDate="?" status="?">?</v12:iso-num3>-->
            <!--<v12:nis-num3 startDate="?" endDate="?" status="?">?</v12:nis-num3>-->
         </v1:request>
      </v1:getAddressCountryRequest>
   </soapenv:Body>
</soapenv:Envelope>]]></con:request><con:credentials><con:selectedAuthProfile>Basic</con:selectedAuthProfile><con:addedBasicAuthenticationTypes>Basic</con:addedBasicAuthenticationTypes><con:authType>Global HTTP Settings</con:authType></con:credentials><con:jmsConfig JMSDeliveryMode="PERSISTENT"/><con:jmsPropertyConfig/><con:wsaConfig mustUnderstand="NONE" version="200508" action="http://fidus.brussels/services/countryservice/getAddressCountry"/><con:wsrmConfig version="1.2"/></con:call><con:call id="0cb2eb0b-44e6-4a90-87cf-8083c9759e8a" name="03 - Test Worker2 - Request" outgoingWss="Outflow TEST" incomingWss="Inflow TEST"><con:settings><con:setting id="com.eviware.soapui.impl.wsdl.WsdlRequest@request-headers">&lt;xml-fragment/></con:setting></con:settings><con:encoding>UTF-8</con:encoding><con:endpoint>https://192.168.24.17:8443/services/CountryService_v1.0</con:endpoint><con:request><![CDATA[<soapenv:Envelope xmlns:soapenv="http://schemas.xmlsoap.org/soap/envelope/" xmlns:v1="http://fidus.brussels/service/countryservice/messages/v1" xmlns:v11="http://fidus.brussels/type/common/messages/v1" xmlns:v12="http://fsb.belgium.be/mappingServices/countryService/messages/v1_00">
   <soapenv:Header/>
   <soapenv:Body>
      <v1:getAddressCountryRequest>
         <v1:messageContext>
            <v11:messageId>${=import static java.util.UUID.randomUUID; uuid = randomUUID() as String}</v11:messageId>
            <!--Optional:-->
            <v11:timestamp>${=new java.text.SimpleDateFormat("yyyy-MM-dd'T'HH:mm:ss.SSS").format(new Date())}</v11:timestamp>
         </v1:messageContext>
         <v1:legalContext>ServiceIntegrator</v1:legalContext>
         <v1:request>
            <!--You have a CHOICE of the next 4 items at this level-->
            <v12:iso-alpha2>BE</v12:iso-alpha2>
            <!--<v12:iso-alpha3 startDate="?" endDate="?" status="?">?</v12:iso-alpha3>-->
            <!--<v12:iso-num3 startDate="?" endDate="?" status="?">?</v12:iso-num3>-->
            <!--<v12:nis-num3 startDate="?" endDate="?" status="?">?</v12:nis-num3>-->
         </v1:request>
      </v1:getAddressCountryRequest>
   </soapenv:Body>
</soapenv:Envelope>]]></con:request><con:credentials><con:selectedAuthProfile>Basic</con:selectedAuthProfile><con:addedBasicAuthenticationTypes>Basic</con:addedBasicAuthenticationTypes><con:authType>Global HTTP Settings</con:authType></con:credentials><con:jmsConfig JMSDeliveryMode="PERSISTENT"/><con:jmsPropertyConfig/><con:wsaConfig mustUnderstand="NONE" version="200508" action="http://fidus.brussels/services/countryservice/getAddressCountry"/><con:wsrmConfig version="1.2"/></con:call><con:call id="8e6dcf1a-a3d0-414b-a423-4e4a1f276904" name="04 - Staging External - Request" outgoingWss="Outflow STAGING" incomingWss="Inflow STAGING"><con:settings><con:setting id="com.eviware.soapui.impl.wsdl.WsdlRequest@request-headers">&lt;xml-fragment/></con:setting></con:settings><con:encoding>UTF-8</con:encoding><con:endpoint>https://fidus.irisnetlab.be/services/CountryService_v1.0</con:endpoint><con:request><![CDATA[<soapenv:Envelope xmlns:soapenv="http://schemas.xmlsoap.org/soap/envelope/" xmlns:v1="http://fidus.brussels/service/countryservice/messages/v1" xmlns:v11="http://fidus.brussels/type/common/messages/v1" xmlns:v12="http://fsb.belgium.be/mappingServices/countryService/messages/v1_00">
   <soapenv:Header/>
   <soapenv:Body>
      <v1:getAddressCountryRequest>
         <v1:messageContext>
            <v11:messageId>${=import static java.util.UUID.randomUUID; uuid = randomUUID() as String}</v11:messageId>
            <!--Optional:-->
            <v11:timestamp>${=new java.text.SimpleDateFormat("yyyy-MM-dd'T'HH:mm:ss.SSS").format(new Date())}</v11:timestamp>
         </v1:messageContext>
         <v1:legalContext>ServiceIntegrator</v1:legalContext>
         <v1:request>
            <!--You have a CHOICE of the next 4 items at this level-->
            <v12:iso-alpha2>BE</v12:iso-alpha2>
            <!--<v12:iso-alpha3 startDate="?" endDate="?" status="?">?</v12:iso-alpha3>-->
            <!--<v12:iso-num3 startDate="?" endDate="?" status="?">?</v12:iso-num3>-->
            <!--<v12:nis-num3 startDate="?" endDate="?" status="?">?</v12:nis-num3>-->
         </v1:request>
      </v1:getAddressCountryRequest>
   </soapenv:Body>
</soapenv:Envelope>]]></con:request><con:credentials><con:selectedAuthProfile>Basic</con:selectedAuthProfile><con:addedBasicAuthenticationTypes>Basic</con:addedBasicAuthenticationTypes><con:authType>Global HTTP Settings</con:authType></con:credentials><con:jmsConfig JMSDeliveryMode="PERSISTENT"/><con:jmsPropertyConfig/><con:wsaConfig mustUnderstand="NONE" version="200508" action="http://fidus.brussels/services/countryservice/getAddressCountry"/><con:wsrmConfig version="1.2"/></con:call><con:call id="60951313-228b-4567-ba12-652c79af1532" name="04 - Staging LB - Request" outgoingWss="Outflow STAGING" incomingWss="Inflow STAGING"><con:settings><con:setting id="com.eviware.soapui.impl.wsdl.WsdlRequest@request-headers">&lt;xml-fragment/></con:setting></con:settings><con:encoding>UTF-8</con:encoding><con:endpoint>https://fidus-esb-sg.sta.srv.cirb.lan:8443/services/CountryService_v1.0</con:endpoint><con:request><![CDATA[<soapenv:Envelope xmlns:soapenv="http://schemas.xmlsoap.org/soap/envelope/" xmlns:v1="http://fidus.brussels/service/countryservice/messages/v1" xmlns:v11="http://fidus.brussels/type/common/messages/v1" xmlns:v12="http://fsb.belgium.be/mappingServices/countryService/messages/v1_00">
   <soapenv:Header/>
   <soapenv:Body>
      <v1:getAddressCountryRequest>
         <v1:messageContext>
            <v11:messageId>${=import static java.util.UUID.randomUUID; uuid = randomUUID() as String}</v11:messageId>
            <!--Optional:-->
            <v11:timestamp>${=new java.text.SimpleDateFormat("yyyy-MM-dd'T'HH:mm:ss.SSS").format(new Date())}</v11:timestamp>
         </v1:messageContext>
         <v1:legalContext>ServiceIntegrator</v1:legalContext>
         <v1:request>
            <!--You have a CHOICE of the next 4 items at this level-->
            <v12:iso-alpha2>BE</v12:iso-alpha2>
            <!--<v12:iso-alpha3 startDate="?" endDate="?" status="?">?</v12:iso-alpha3>-->
            <!--<v12:iso-num3 startDate="?" endDate="?" status="?">?</v12:iso-num3>-->
            <!--<v12:nis-num3 startDate="?" endDate="?" status="?">?</v12:nis-num3>-->
         </v1:request>
      </v1:getAddressCountryRequest>
   </soapenv:Body>
</soapenv:Envelope>]]></con:request><con:credentials><con:selectedAuthProfile>Basic</con:selectedAuthProfile><con:addedBasicAuthenticationTypes>Basic</con:addedBasicAuthenticationTypes><con:authType>Global HTTP Settings</con:authType></con:credentials><con:jmsConfig JMSDeliveryMode="PERSISTENT"/><con:jmsPropertyConfig/><con:wsaConfig mustUnderstand="NONE" version="200508" action="http://fidus.brussels/services/countryservice/getAddressCountry"/><con:wsrmConfig version="1.2"/></con:call><con:call id="88679501-0cd3-47ff-96ba-58289a85bc12" name="04 - Staging Worker1 - Request" outgoingWss="Outflow STAGING" incomingWss="Inflow STAGING"><con:settings><con:setting id="com.eviware.soapui.impl.wsdl.WsdlRequest@request-headers">&lt;xml-fragment/></con:setting></con:settings><con:encoding>UTF-8</con:encoding><con:endpoint>https://192.168.24.16:8443/services/CountryService_v1.0</con:endpoint><con:request><![CDATA[<soapenv:Envelope xmlns:soapenv="http://schemas.xmlsoap.org/soap/envelope/" xmlns:v1="http://fidus.brussels/service/countryservice/messages/v1" xmlns:v11="http://fidus.brussels/type/common/messages/v1" xmlns:v12="http://fsb.belgium.be/mappingServices/countryService/messages/v1_00">
   <soapenv:Header/>
   <soapenv:Body>
      <v1:getAddressCountryRequest>
         <v1:messageContext>
            <v11:messageId>${=import static java.util.UUID.randomUUID; uuid = randomUUID() as String}</v11:messageId>
            <!--Optional:-->
            <v11:timestamp>${=new java.text.SimpleDateFormat("yyyy-MM-dd'T'HH:mm:ss.SSS").format(new Date())}</v11:timestamp>
         </v1:messageContext>
         <v1:legalContext>ServiceIntegrator</v1:legalContext>
         <v1:request>
            <!--You have a CHOICE of the next 4 items at this level-->
            <v12:iso-alpha2>BE</v12:iso-alpha2>
            <!--<v12:iso-alpha3 startDate="?" endDate="?" status="?">?</v12:iso-alpha3>-->
            <!--<v12:iso-num3 startDate="?" endDate="?" status="?">?</v12:iso-num3>-->
            <!--<v12:nis-num3 startDate="?" endDate="?" status="?">?</v12:nis-num3>-->
         </v1:request>
      </v1:getAddressCountryRequest>
   </soapenv:Body>
</soapenv:Envelope>]]></con:request><con:credentials><con:selectedAuthProfile>Basic</con:selectedAuthProfile><con:addedBasicAuthenticationTypes>Basic</con:addedBasicAuthenticationTypes><con:authType>Global HTTP Settings</con:authType></con:credentials><con:jmsConfig JMSDeliveryMode="PERSISTENT"/><con:jmsPropertyConfig/><con:wsaConfig mustUnderstand="NONE" version="200508" action="http://fidus.brussels/services/countryservice/getAddressCountry"/><con:wsrmConfig version="1.2"/></con:call><con:call id="aafaff37-57c1-405b-8aa0-482372e87781" name="04 - Staging Worker2 - Request" outgoingWss="Outflow STAGING" incomingWss="Inflow STAGING"><con:settings><con:setting id="com.eviware.soapui.impl.wsdl.WsdlRequest@request-headers">&lt;xml-fragment/></con:setting></con:settings><con:encoding>UTF-8</con:encoding><con:endpoint>https://192.168.24.17:8443/services/CountryService_v1.0</con:endpoint><con:request><![CDATA[<soapenv:Envelope xmlns:soapenv="http://schemas.xmlsoap.org/soap/envelope/" xmlns:v1="http://fidus.brussels/service/countryservice/messages/v1" xmlns:v11="http://fidus.brussels/type/common/messages/v1" xmlns:v12="http://fsb.belgium.be/mappingServices/countryService/messages/v1_00">
   <soapenv:Header/>
   <soapenv:Body>
      <v1:getAddressCountryRequest>
         <v1:messageContext>
            <v11:messageId>${=import static java.util.UUID.randomUUID; uuid = randomUUID() as String}</v11:messageId>
            <!--Optional:-->
            <v11:timestamp>${=new java.text.SimpleDateFormat("yyyy-MM-dd'T'HH:mm:ss.SSS").format(new Date())}</v11:timestamp>
         </v1:messageContext>
         <v1:legalContext>ServiceIntegrator</v1:legalContext>
         <v1:request>
            <!--You have a CHOICE of the next 4 items at this level-->
            <v12:iso-alpha2>BE</v12:iso-alpha2>
            <!--<v12:iso-alpha3 startDate="?" endDate="?" status="?">?</v12:iso-alpha3>-->
            <!--<v12:iso-num3 startDate="?" endDate="?" status="?">?</v12:iso-num3>-->
            <!--<v12:nis-num3 startDate="?" endDate="?" status="?">?</v12:nis-num3>-->
         </v1:request>
      </v1:getAddressCountryRequest>
   </soapenv:Body>
</soapenv:Envelope>]]></con:request><con:credentials><con:selectedAuthProfile>Basic</con:selectedAuthProfile><con:addedBasicAuthenticationTypes>Basic</con:addedBasicAuthenticationTypes><con:authType>Global HTTP Settings</con:authType></con:credentials><con:jmsConfig JMSDeliveryMode="PERSISTENT"/><con:jmsPropertyConfig/><con:wsaConfig mustUnderstand="NONE" version="200508" action="http://fidus.brussels/services/countryservice/getAddressCountry"/><con:wsrmConfig version="1.2"/></con:call><con:call id="f7c1c1f1-a164-49eb-a1f9-cde08ca8cc18" name="02 - DevNew - Request" outgoingWss="Outflow DEV" incomingWss="Inflow DEV"><con:settings><con:setting id="com.eviware.soapui.impl.wsdl.WsdlRequest@request-headers">&lt;xml-fragment/></con:setting></con:settings><con:encoding>UTF-8</con:encoding><con:endpoint>https://192.168.36.75:8243/services/CountryService_v1.0</con:endpoint><con:request><![CDATA[<soapenv:Envelope xmlns:soapenv="http://schemas.xmlsoap.org/soap/envelope/" xmlns:v1="http://fidus.brussels/service/countryservice/messages/v1" xmlns:v11="http://fidus.brussels/type/common/messages/v1" xmlns:v12="http://fsb.belgium.be/mappingServices/countryService/messages/v1_00">
   <soapenv:Header/>
   <soapenv:Body>
      <v1:getAddressCountryRequest>
         <v1:messageContext>
            <v11:messageId>${=import static java.util.UUID.randomUUID; uuid = randomUUID() as String}</v11:messageId>
            <!--Optional:-->
            <v11:timestamp>${=new java.text.SimpleDateFormat("yyyy-MM-dd'T'HH:mm:ss.SSS").format(new Date())}</v11:timestamp>
         </v1:messageContext>
         <v1:legalContext>ServiceIntegrator</v1:legalContext>
         <v1:request>
            <!--You have a CHOICE of the next 4 items at this level-->
            <v12:iso-alpha2>BE</v12:iso-alpha2>
            <!--<v12:iso-alpha3 startDate="?" endDate="?" status="?">?</v12:iso-alpha3>-->
            <!--<v12:iso-num3 startDate="?" endDate="?" status="?">?</v12:iso-num3>-->
            <!--<v12:nis-num3 startDate="?" endDate="?" status="?">?</v12:nis-num3>-->
         </v1:request>
      </v1:getAddressCountryRequest>
   </soapenv:Body>
</soapenv:Envelope>]]></con:request><con:credentials><con:selectedAuthProfile>Basic</con:selectedAuthProfile><con:addedBasicAuthenticationTypes>Basic</con:addedBasicAuthenticationTypes><con:authType>Global HTTP Settings</con:authType></con:credentials><con:jmsConfig JMSDeliveryMode="PERSISTENT"/><con:jmsPropertyConfig/><con:wsaConfig mustUnderstand="NONE" version="200508" action="http://fidus.brussels/services/countryservice/getAddressCountry"/><con:wsrmConfig version="1.2"/></con:call></con:operation><con:operation id="0f571e7c-29d2-4f41-8562-b4a48f500855" isOneWay="false" action="http://fidus.brussels/services/countryservice/getAddressCountryHistory" name="getAddressCountryHistory" bindingOperationName="getAddressCountryHistory" type="Request-Response" inputName="" receivesAttachments="false" sendsAttachments="false" anonymous="optional"><con:settings/><con:call id="2c5f46f0-d6d3-4d2a-a9b6-29227995a68c" name="01 - Local - Request" outgoingWss="Outflow DEV" incomingWss="Inflow DEV"><con:settings><con:setting id="com.eviware.soapui.impl.wsdl.WsdlRequest@request-headers">&lt;xml-fragment/></con:setting></con:settings><con:encoding>UTF-8</con:encoding><con:endpoint>https://localhost:8243/services/CountryService_v1.0</con:endpoint><con:request><![CDATA[<soapenv:Envelope xmlns:soapenv="http://schemas.xmlsoap.org/soap/envelope/" xmlns:v1="http://fidus.brussels/service/countryservice/messages/v1" xmlns:v11="http://fidus.brussels/type/common/messages/v1" xmlns:v12="http://fsb.belgium.be/mappingServices/countryService/messages/v1_00">
   <soapenv:Header/>
   <soapenv:Body>
      <v1:getAddressCountryHistoryRequest>
         <v1:messageContext>
            <v11:messageId>${=import static java.util.UUID.randomUUID; uuid = randomUUID() as String}</v11:messageId>
            <v11:timestamp>${=new java.text.SimpleDateFormat("yyyy-MM-dd'T'HH:mm:ss.SSS").format(new Date())}</v11:timestamp>
         </v1:messageContext>
         <v1:legalContext>ServiceIntegrator</v1:legalContext>
         <v1:request>
            <v12:iso-alpha2>BE</v12:iso-alpha2>
            <v12:referenceDate>2016-10-10</v12:referenceDate>
         </v1:request>
      </v1:getAddressCountryHistoryRequest>
   </soapenv:Body>
</soapenv:Envelope>]]></con:request><con:credentials><con:selectedAuthProfile>Basic</con:selectedAuthProfile><con:addedBasicAuthenticationTypes>Basic</con:addedBasicAuthenticationTypes><con:authType>Global HTTP Settings</con:authType></con:credentials><con:jmsConfig JMSDeliveryMode="PERSISTENT"/><con:jmsPropertyConfig/><con:wsaConfig mustUnderstand="NONE" version="200508" action="http://fidus.brussels/services/countryservice/getAddressCountryHistory"/><con:wsrmConfig version="1.2"/></con:call><con:call id="1ec25c22-f925-46c4-94ab-2018ece4ba45" name="01 - Local - Request-Invalid_Iso-alpha2" outgoingWss="Outflow DEV" incomingWss="Inflow DEV"><con:settings><con:setting id="com.eviware.soapui.impl.wsdl.WsdlRequest@request-headers">&lt;xml-fragment/></con:setting></con:settings><con:encoding>UTF-8</con:encoding><con:endpoint>https://localhost:8243/services/CountryService_v1.0</con:endpoint><con:request><![CDATA[<soapenv:Envelope xmlns:soapenv="http://schemas.xmlsoap.org/soap/envelope/" xmlns:v1="http://fidus.brussels/service/countryservice/messages/v1" xmlns:v11="http://fidus.brussels/type/common/messages/v1" xmlns:v12="http://fsb.belgium.be/mappingServices/countryService/messages/v1_00">
   <soapenv:Header/>
   <soapenv:Body>
      <v1:getAddressCountryHistoryRequest>
         <v1:messageContext>
            <v11:messageId>${=import static java.util.UUID.randomUUID; uuid = randomUUID() as String}</v11:messageId>
            <v11:timestamp>${=new java.text.SimpleDateFormat("yyyy-MM-dd'T'HH:mm:ss.SSS").format(new Date())}</v11:timestamp>
         </v1:messageContext>
         <v1:legalContext>ServiceIntegrator</v1:legalContext>
         <v1:request>
            <v12:iso-alpha2>XX</v12:iso-alpha2>
            <v12:referenceDate>2016-10-10</v12:referenceDate>
         </v1:request>
      </v1:getAddressCountryHistoryRequest>
   </soapenv:Body>
</soapenv:Envelope>]]></con:request><con:credentials><con:selectedAuthProfile>Basic</con:selectedAuthProfile><con:addedBasicAuthenticationTypes>Basic</con:addedBasicAuthenticationTypes><con:authType>Global HTTP Settings</con:authType></con:credentials><con:jmsConfig JMSDeliveryMode="PERSISTENT"/><con:jmsPropertyConfig/><con:wsaConfig mustUnderstand="NONE" version="200508" action="http://fidus.brussels/services/countryservice/getAddressCountryHistory"/><con:wsrmConfig version="1.2"/></con:call><con:call id="e5566668-c50c-4dc2-a784-0bd1e2cea348" name="02 - Dev - Request" outgoingWss="Outflow DEV" incomingWss="Inflow DEV"><con:settings><con:setting id="com.eviware.soapui.impl.wsdl.WsdlRequest@request-headers">&lt;xml-fragment/></con:setting></con:settings><con:encoding>UTF-8</con:encoding><con:endpoint>https://192.168.36.61:8243/services/CountryService_v1.0</con:endpoint><con:request><![CDATA[<soapenv:Envelope xmlns:soapenv="http://schemas.xmlsoap.org/soap/envelope/" xmlns:v1="http://fidus.brussels/service/countryservice/messages/v1" xmlns:v11="http://fidus.brussels/type/common/messages/v1" xmlns:v12="http://fsb.belgium.be/mappingServices/countryService/messages/v1_00">
   <soapenv:Header/>
   <soapenv:Body>
      <v1:getAddressCountryHistoryRequest>
         <v1:messageContext>
            <v11:messageId>${=import static java.util.UUID.randomUUID; uuid = randomUUID() as String}</v11:messageId>
            <v11:timestamp>${=new java.text.SimpleDateFormat("yyyy-MM-dd'T'HH:mm:ss.SSS").format(new Date())}</v11:timestamp>
         </v1:messageContext>
         <v1:legalContext>ServiceIntegrator</v1:legalContext>
         <v1:request>
            <v12:iso-alpha2>BE</v12:iso-alpha2>
            <!--<v12:referenceDate>2016-10-10</v12:referenceDate>-->
         </v1:request>
      </v1:getAddressCountryHistoryRequest>
   </soapenv:Body>
</soapenv:Envelope>]]></con:request><con:credentials><con:selectedAuthProfile>Basic</con:selectedAuthProfile><con:addedBasicAuthenticationTypes>Basic</con:addedBasicAuthenticationTypes><con:authType>Global HTTP Settings</con:authType></con:credentials><con:jmsConfig JMSDeliveryMode="PERSISTENT"/><con:jmsPropertyConfig/><con:wsaConfig mustUnderstand="NONE" version="200508" action="http://fidus.brussels/services/countryservice/getAddressCountryHistory"/><con:wsrmConfig version="1.2"/></con:call><con:call id="e747c233-0cff-41a2-b1a5-81864dc2186b" name="03 - Test External - Request" outgoingWss="Outflow TEST" incomingWss="Inflow TEST"><con:settings><con:setting id="com.eviware.soapui.impl.wsdl.WsdlRequest@request-headers">&lt;xml-fragment/></con:setting></con:settings><con:encoding>UTF-8</con:encoding><con:endpoint>https://fidus.irisnetlab.be/services/CountryService_v1.0</con:endpoint><con:request><![CDATA[<soapenv:Envelope xmlns:soapenv="http://schemas.xmlsoap.org/soap/envelope/" xmlns:v1="http://fidus.brussels/service/countryservice/messages/v1" xmlns:v11="http://fidus.brussels/type/common/messages/v1" xmlns:v12="http://fsb.belgium.be/mappingServices/countryService/messages/v1_00">
   <soapenv:Header/>
   <soapenv:Body>
      <v1:getAddressCountryHistoryRequest>
         <v1:messageContext>
            <v11:messageId>${=import static java.util.UUID.randomUUID; uuid = randomUUID() as String}</v11:messageId>
            <v11:timestamp>${=new java.text.SimpleDateFormat("yyyy-MM-dd'T'HH:mm:ss.SSS").format(new Date())}</v11:timestamp>
         </v1:messageContext>
         <v1:legalContext>ServiceIntegrator</v1:legalContext>
         <v1:request>
            <v12:iso-alpha2>FR</v12:iso-alpha2>
            <v12:referenceDate>2016-10-10</v12:referenceDate>
         </v1:request>
      </v1:getAddressCountryHistoryRequest>
   </soapenv:Body>
</soapenv:Envelope>]]></con:request><con:credentials><con:selectedAuthProfile>Basic</con:selectedAuthProfile><con:addedBasicAuthenticationTypes>Basic</con:addedBasicAuthenticationTypes><con:authType>Global HTTP Settings</con:authType></con:credentials><con:jmsConfig JMSDeliveryMode="PERSISTENT"/><con:jmsPropertyConfig/><con:wsaConfig mustUnderstand="NONE" version="200508" action="http://fidus.brussels/services/countryservice/getAddressCountryHistory"/><con:wsrmConfig version="1.2"/></con:call><con:call id="f2cc2c71-2e06-475a-8cd0-c63fdb6e6f4b" name="03 - Test LB - Request" outgoingWss="Outflow TEST" incomingWss="Inflow TEST"><con:settings><con:setting id="com.eviware.soapui.impl.wsdl.WsdlRequest@request-headers">&lt;xml-fragment/></con:setting></con:settings><con:encoding>UTF-8</con:encoding><con:endpoint>https://fidus-esb-sg.sta.srv.cirb.lan:8443/services/CountryService_v1.0</con:endpoint><con:request><![CDATA[<soapenv:Envelope xmlns:soapenv="http://schemas.xmlsoap.org/soap/envelope/" xmlns:v1="http://fidus.brussels/service/countryservice/messages/v1" xmlns:v11="http://fidus.brussels/type/common/messages/v1" xmlns:v12="http://fsb.belgium.be/mappingServices/countryService/messages/v1_00">
   <soapenv:Header/>
   <soapenv:Body>
      <v1:getAddressCountryHistoryRequest>
         <v1:messageContext>
            <v11:messageId>${=import static java.util.UUID.randomUUID; uuid = randomUUID() as String}</v11:messageId>
            <v11:timestamp>${=new java.text.SimpleDateFormat("yyyy-MM-dd'T'HH:mm:ss.SSS").format(new Date())}</v11:timestamp>
         </v1:messageContext>
         <v1:legalContext>ServiceIntegrator</v1:legalContext>
         <v1:request>
            <v12:iso-alpha2>BE</v12:iso-alpha2>
            <v12:referenceDate>2016-10-10</v12:referenceDate>
         </v1:request>
      </v1:getAddressCountryHistoryRequest>
   </soapenv:Body>
</soapenv:Envelope>]]></con:request><con:credentials><con:selectedAuthProfile>Basic</con:selectedAuthProfile><con:addedBasicAuthenticationTypes>Basic</con:addedBasicAuthenticationTypes><con:authType>Global HTTP Settings</con:authType></con:credentials><con:jmsConfig JMSDeliveryMode="PERSISTENT"/><con:jmsPropertyConfig/><con:wsaConfig mustUnderstand="NONE" version="200508" action="http://fidus.brussels/services/countryservice/getAddressCountryHistory"/><con:wsrmConfig version="1.2"/></con:call><con:call id="27f0ae73-dc25-4450-b638-4e31cdc49979" name="03 - Test Worker1 - Request" outgoingWss="Outflow TEST" incomingWss="Inflow TEST"><con:settings><con:setting id="com.eviware.soapui.impl.wsdl.WsdlRequest@request-headers">&lt;xml-fragment/></con:setting></con:settings><con:encoding>UTF-8</con:encoding><con:endpoint>https://192.168.24.16:8443/services/CountryService_v1.0</con:endpoint><con:request><![CDATA[<soapenv:Envelope xmlns:soapenv="http://schemas.xmlsoap.org/soap/envelope/" xmlns:v1="http://fidus.brussels/service/countryservice/messages/v1" xmlns:v11="http://fidus.brussels/type/common/messages/v1" xmlns:v12="http://fsb.belgium.be/mappingServices/countryService/messages/v1_00">
   <soapenv:Header/>
   <soapenv:Body>
      <v1:getAddressCountryHistoryRequest>
         <v1:messageContext>
            <v11:messageId>${=import static java.util.UUID.randomUUID; uuid = randomUUID() as String}</v11:messageId>
            <!--Optional:-->
            <v11:timestamp>${=new java.text.SimpleDateFormat("yyyy-MM-dd'T'HH:mm:ss.SSS").format(new Date())}</v11:timestamp>
         </v1:messageContext>
         <v1:legalContext>ServiceIntegrator</v1:legalContext>
         <v1:request>
            <v12:iso-alpha2>NL</v12:iso-alpha2>
            <!--Optional:-->
            
         </v1:request>
      </v1:getAddressCountryHistoryRequest>
   </soapenv:Body>
</soapenv:Envelope>]]></con:request><con:credentials><con:selectedAuthProfile>Basic</con:selectedAuthProfile><con:addedBasicAuthenticationTypes>Basic</con:addedBasicAuthenticationTypes><con:authType>Global HTTP Settings</con:authType></con:credentials><con:jmsConfig JMSDeliveryMode="PERSISTENT"/><con:jmsPropertyConfig/><con:wsaConfig mustUnderstand="NONE" version="200508" action="http://fidus.brussels/services/countryservice/getAddressCountryHistory"/><con:wsrmConfig version="1.2"/></con:call><con:call id="622fb66b-dc87-490a-9740-9143c4d38851" name="03 - Test Worker2 - Request" outgoingWss="Outflow TEST" incomingWss="Inflow TEST"><con:settings><con:setting id="com.eviware.soapui.impl.wsdl.WsdlRequest@request-headers">&lt;xml-fragment/></con:setting></con:settings><con:encoding>UTF-8</con:encoding><con:endpoint>https://192.168.24.17:8443/services/CountryService_v1.0</con:endpoint><con:request><![CDATA[<soapenv:Envelope xmlns:soapenv="http://schemas.xmlsoap.org/soap/envelope/" xmlns:v1="http://fidus.brussels/service/countryservice/messages/v1" xmlns:v11="http://fidus.brussels/type/common/messages/v1" xmlns:v12="http://fsb.belgium.be/mappingServices/countryService/messages/v1_00">
   <soapenv:Header/>
   <soapenv:Body>
      <v1:getAddressCountryHistoryRequest>
         <v1:messageContext>
            <v11:messageId>${=import static java.util.UUID.randomUUID; uuid = randomUUID() as String}</v11:messageId>
            <v11:timestamp>${=new java.text.SimpleDateFormat("yyyy-MM-dd'T'HH:mm:ss.SSS").format(new Date())}</v11:timestamp>
         </v1:messageContext>
         <v1:legalContext>ServiceIntegrator</v1:legalContext>
         <v1:request>
            <v12:iso-alpha2>AU</v12:iso-alpha2>
            <v12:referenceDate>2016-10-10</v12:referenceDate>
         </v1:request>
      </v1:getAddressCountryHistoryRequest>
   </soapenv:Body>
</soapenv:Envelope>]]></con:request><con:credentials><con:selectedAuthProfile>Basic</con:selectedAuthProfile><con:addedBasicAuthenticationTypes>Basic</con:addedBasicAuthenticationTypes><con:authType>Global HTTP Settings</con:authType></con:credentials><con:jmsConfig JMSDeliveryMode="PERSISTENT"/><con:jmsPropertyConfig/><con:wsaConfig mustUnderstand="NONE" version="200508" action="http://fidus.brussels/services/countryservice/getAddressCountryHistory"/><con:wsrmConfig version="1.2"/></con:call><con:call id="e73f2e41-d251-4e64-bc83-f20e08ac08c6" name="04 - Staging External - Request" outgoingWss="Outflow STAGING" incomingWss="Inflow STAGING"><con:settings><con:setting id="com.eviware.soapui.impl.wsdl.WsdlRequest@request-headers">&lt;xml-fragment/></con:setting></con:settings><con:encoding>UTF-8</con:encoding><con:endpoint>https://fidus.irisnetlab.be/services/CountryService_v1.0</con:endpoint><con:request><![CDATA[<soapenv:Envelope xmlns:soapenv="http://schemas.xmlsoap.org/soap/envelope/" xmlns:v1="http://fidus.brussels/service/countryservice/messages/v1" xmlns:v11="http://fidus.brussels/type/common/messages/v1" xmlns:v12="http://fsb.belgium.be/mappingServices/countryService/messages/v1_00">
   <soapenv:Header/>
   <soapenv:Body>
      <v1:getAddressCountryHistoryRequest>
         <v1:messageContext>
            <v11:messageId>${=import static java.util.UUID.randomUUID; uuid = randomUUID() as String}</v11:messageId>
            <v11:timestamp>${=new java.text.SimpleDateFormat("yyyy-MM-dd'T'HH:mm:ss.SSS").format(new Date())}</v11:timestamp>
         </v1:messageContext>
         <v1:legalContext>ServiceIntegrator</v1:legalContext>
         <v1:request>
            <v12:iso-alpha2>FR</v12:iso-alpha2>
            <v12:referenceDate>2016-10-10</v12:referenceDate>
         </v1:request>
      </v1:getAddressCountryHistoryRequest>
   </soapenv:Body>
</soapenv:Envelope>]]></con:request><con:credentials><con:selectedAuthProfile>Basic</con:selectedAuthProfile><con:addedBasicAuthenticationTypes>Basic</con:addedBasicAuthenticationTypes><con:authType>Global HTTP Settings</con:authType></con:credentials><con:jmsConfig JMSDeliveryMode="PERSISTENT"/><con:jmsPropertyConfig/><con:wsaConfig mustUnderstand="NONE" version="200508" action="http://fidus.brussels/services/countryservice/getAddressCountryHistory"/><con:wsrmConfig version="1.2"/></con:call><con:call id="97e4339e-9254-44f1-91fe-182f24a50c27" name="04 - Staging LB - Request" outgoingWss="Outflow STAGING" incomingWss="Inflow STAGING"><con:settings><con:setting id="com.eviware.soapui.impl.wsdl.WsdlRequest@request-headers">&lt;xml-fragment/></con:setting></con:settings><con:encoding>UTF-8</con:encoding><con:endpoint>https://fidus-esb-sg.sta.srv.cirb.lan:8443/services/CountryService_v1.0</con:endpoint><con:request><![CDATA[<soapenv:Envelope xmlns:soapenv="http://schemas.xmlsoap.org/soap/envelope/" xmlns:v1="http://fidus.brussels/service/countryservice/messages/v1" xmlns:v11="http://fidus.brussels/type/common/messages/v1" xmlns:v12="http://fsb.belgium.be/mappingServices/countryService/messages/v1_00">
   <soapenv:Header/>
   <soapenv:Body>
      <v1:getAddressCountryHistoryRequest>
         <v1:messageContext>
            <v11:messageId>${=import static java.util.UUID.randomUUID; uuid = randomUUID() as String}</v11:messageId>
            <v11:timestamp>${=new java.text.SimpleDateFormat("yyyy-MM-dd'T'HH:mm:ss.SSS").format(new Date())}</v11:timestamp>
         </v1:messageContext>
         <v1:legalContext>ServiceIntegrator</v1:legalContext>
         <v1:request>
            <v12:iso-alpha2>BE</v12:iso-alpha2>
            <v12:referenceDate>2016-10-10</v12:referenceDate>
         </v1:request>
      </v1:getAddressCountryHistoryRequest>
   </soapenv:Body>
</soapenv:Envelope>]]></con:request><con:credentials><con:selectedAuthProfile>Basic</con:selectedAuthProfile><con:addedBasicAuthenticationTypes>Basic</con:addedBasicAuthenticationTypes><con:authType>Global HTTP Settings</con:authType></con:credentials><con:jmsConfig JMSDeliveryMode="PERSISTENT"/><con:jmsPropertyConfig/><con:wsaConfig mustUnderstand="NONE" version="200508" action="http://fidus.brussels/services/countryservice/getAddressCountryHistory"/><con:wsrmConfig version="1.2"/></con:call><con:call id="0e9096f9-8189-48cc-942d-2f464a5f9fe1" name="04 - Staging Worker1 - Request" outgoingWss="Outflow STAGING" incomingWss="Inflow STAGING"><con:settings><con:setting id="com.eviware.soapui.impl.wsdl.WsdlRequest@request-headers">&lt;xml-fragment/></con:setting></con:settings><con:encoding>UTF-8</con:encoding><con:endpoint>https://192.168.24.16:8443/services/CountryService_v1.0</con:endpoint><con:request><![CDATA[<soapenv:Envelope xmlns:soapenv="http://schemas.xmlsoap.org/soap/envelope/" xmlns:v1="http://fidus.brussels/service/countryservice/messages/v1" xmlns:v11="http://fidus.brussels/type/common/messages/v1" xmlns:v12="http://fsb.belgium.be/mappingServices/countryService/messages/v1_00">
   <soapenv:Header/>
   <soapenv:Body>
      <v1:getAddressCountryHistoryRequest>
         <v1:messageContext>
            <v11:messageId>${=import static java.util.UUID.randomUUID; uuid = randomUUID() as String}</v11:messageId>
            <!--Optional:-->
            <v11:timestamp>${=new java.text.SimpleDateFormat("yyyy-MM-dd'T'HH:mm:ss.SSS").format(new Date())}</v11:timestamp>
         </v1:messageContext>
         <v1:legalContext>ServiceIntegrator</v1:legalContext>
         <v1:request>
            <v12:iso-alpha2>NL</v12:iso-alpha2>
            <!--Optional:-->
            
         </v1:request>
      </v1:getAddressCountryHistoryRequest>
   </soapenv:Body>
</soapenv:Envelope>]]></con:request><con:credentials><con:selectedAuthProfile>Basic</con:selectedAuthProfile><con:addedBasicAuthenticationTypes>Basic</con:addedBasicAuthenticationTypes><con:authType>Global HTTP Settings</con:authType></con:credentials><con:jmsConfig JMSDeliveryMode="PERSISTENT"/><con:jmsPropertyConfig/><con:wsaConfig mustUnderstand="NONE" version="200508" action="http://fidus.brussels/services/countryservice/getAddressCountryHistory"/><con:wsrmConfig version="1.2"/></con:call><con:call id="07b66cf0-2e9d-451b-b785-ac976882ec8c" name="04 - Staging Worker2 - Request" outgoingWss="Outflow STAGING" incomingWss="Inflow STAGING"><con:settings><con:setting id="com.eviware.soapui.impl.wsdl.WsdlRequest@request-headers">&lt;xml-fragment/></con:setting></con:settings><con:encoding>UTF-8</con:encoding><con:endpoint>https://192.168.24.17:8443/services/CountryService_v1.0</con:endpoint><con:request><![CDATA[<soapenv:Envelope xmlns:soapenv="http://schemas.xmlsoap.org/soap/envelope/" xmlns:v1="http://fidus.brussels/service/countryservice/messages/v1" xmlns:v11="http://fidus.brussels/type/common/messages/v1" xmlns:v12="http://fsb.belgium.be/mappingServices/countryService/messages/v1_00">
   <soapenv:Header/>
   <soapenv:Body>
      <v1:getAddressCountryHistoryRequest>
         <v1:messageContext>
            <v11:messageId>${=import static java.util.UUID.randomUUID; uuid = randomUUID() as String}</v11:messageId>
            <v11:timestamp>${=new java.text.SimpleDateFormat("yyyy-MM-dd'T'HH:mm:ss.SSS").format(new Date())}</v11:timestamp>
         </v1:messageContext>
         <v1:legalContext>ServiceIntegrator</v1:legalContext>
         <v1:request>
            <v12:iso-alpha2>AU</v12:iso-alpha2>
            <v12:referenceDate>2016-10-10</v12:referenceDate>
         </v1:request>
      </v1:getAddressCountryHistoryRequest>
   </soapenv:Body>
</soapenv:Envelope>]]></con:request><con:credentials><con:selectedAuthProfile>Basic</con:selectedAuthProfile><con:addedBasicAuthenticationTypes>Basic</con:addedBasicAuthenticationTypes><con:authType>Global HTTP Settings</con:authType></con:credentials><con:jmsConfig JMSDeliveryMode="PERSISTENT"/><con:jmsPropertyConfig/><con:wsaConfig mustUnderstand="NONE" version="200508" action="http://fidus.brussels/services/countryservice/getAddressCountryHistory"/><con:wsrmConfig version="1.2"/></con:call><con:call id="de0597c2-718f-467c-a36b-a8cee6368476" name="02 - DevNew - Request" outgoingWss="Outflow DEV" incomingWss="Inflow DEV"><con:settings><con:setting id="com.eviware.soapui.impl.wsdl.WsdlRequest@request-headers">&lt;xml-fragment/></con:setting></con:settings><con:encoding>UTF-8</con:encoding><con:endpoint>https://192.168.36.75:8243/services/CountryService_v1.0</con:endpoint><con:request><![CDATA[<soapenv:Envelope xmlns:soapenv="http://schemas.xmlsoap.org/soap/envelope/" xmlns:v1="http://fidus.brussels/service/countryservice/messages/v1" xmlns:v11="http://fidus.brussels/type/common/messages/v1" xmlns:v12="http://fsb.belgium.be/mappingServices/countryService/messages/v1_00">
   <soapenv:Header/>
   <soapenv:Body>
      <v1:getAddressCountryHistoryRequest>
         <v1:messageContext>
            <v11:messageId>${=import static java.util.UUID.randomUUID; uuid = randomUUID() as String}</v11:messageId>
            <v11:timestamp>${=new java.text.SimpleDateFormat("yyyy-MM-dd'T'HH:mm:ss.SSS").format(new Date())}</v11:timestamp>
         </v1:messageContext>
         <v1:legalContext>ServiceIntegrator</v1:legalContext>
         <v1:request>
            <v12:iso-alpha2>BE</v12:iso-alpha2>
            <!--<v12:referenceDate>2016-10-10</v12:referenceDate>-->
         </v1:request>
      </v1:getAddressCountryHistoryRequest>
   </soapenv:Body>
</soapenv:Envelope>]]></con:request><con:credentials><con:selectedAuthProfile>Basic</con:selectedAuthProfile><con:addedBasicAuthenticationTypes>Basic</con:addedBasicAuthenticationTypes><con:authType>Global HTTP Settings</con:authType></con:credentials><con:jmsConfig JMSDeliveryMode="PERSISTENT"/><con:jmsPropertyConfig/><con:wsaConfig mustUnderstand="NONE" version="200508" action="http://fidus.brussels/services/countryservice/getAddressCountryHistory"/><con:wsrmConfig version="1.2"/></con:call></con:operation><con:operation id="5853c5d3-f4fc-4cc9-988f-b4174b2a9126" isOneWay="false" action="http://fidus.brussels/services/countryservice/getAllIsoCodes" name="getAllIsoCodes" bindingOperationName="getAllIsoCodes" type="Request-Response" inputName="" receivesAttachments="false" sendsAttachments="false" anonymous="optional"><con:settings/><con:call id="7875fda0-0e7c-4eb9-a27a-7f29751c3fc4" name="01 - Local - Request" outgoingWss="Outflow DEV" incomingWss="Inflow DEV"><con:settings><con:setting id="com.eviware.soapui.impl.wsdl.WsdlRequest@request-headers">&lt;xml-fragment/></con:setting></con:settings><con:encoding>UTF-8</con:encoding><con:endpoint>https://localhost:8243/services/CountryService_v1.0</con:endpoint><con:request><![CDATA[<soapenv:Envelope xmlns:soapenv="http://schemas.xmlsoap.org/soap/envelope/" xmlns:v1="http://fidus.brussels/service/countryservice/messages/v1" xmlns:v11="http://fidus.brussels/type/common/messages/v1">
   <soapenv:Header/>
   <soapenv:Body>
      <v1:getAllIsoCodesRequest>
         <v1:messageContext>
            <v11:messageId>${=import static java.util.UUID.randomUUID; uuid = randomUUID() as String}</v11:messageId>
            <!--Optional:-->
            <v11:timestamp>${=new java.text.SimpleDateFormat("yyyy-MM-dd'T'HH:mm:ss.SSS").format(new Date())}</v11:timestamp>
         </v1:messageContext>
         <v1:legalContext>ServiceIntegrator</v1:legalContext>
         <v1:request>
            <!--Optional:-->
            <v1:referenceDate>2016-10-06</v1:referenceDate>
         </v1:request>
      </v1:getAllIsoCodesRequest>
   </soapenv:Body>
</soapenv:Envelope>]]></con:request><con:credentials><con:selectedAuthProfile>Basic</con:selectedAuthProfile><con:addedBasicAuthenticationTypes>Basic</con:addedBasicAuthenticationTypes><con:authType>Global HTTP Settings</con:authType></con:credentials><con:jmsConfig JMSDeliveryMode="PERSISTENT"/><con:jmsPropertyConfig/><con:wsaConfig mustUnderstand="NONE" version="200508" action="http://fidus.brussels/services/countryservice/getAllIsoCodes"/><con:wsrmConfig version="1.2"/></con:call><con:call id="ca743506-d38b-43fb-b364-97cc987a7306" name="01 - Local - Request-Invalid_date" outgoingWss="Outflow DEV" incomingWss="Inflow DEV"><con:settings><con:setting id="com.eviware.soapui.impl.wsdl.WsdlRequest@request-headers">&lt;xml-fragment/></con:setting></con:settings><con:encoding>UTF-8</con:encoding><con:endpoint>https://localhost:8243/services/CountryService_v1.0</con:endpoint><con:request><![CDATA[<soapenv:Envelope xmlns:soapenv="http://schemas.xmlsoap.org/soap/envelope/" xmlns:v1="http://fidus.brussels/service/countryservice/messages/v1" xmlns:v11="http://fidus.brussels/type/common/messages/v1">
   <soapenv:Header/>
   <soapenv:Body>
      <v1:getAllIsoCodesRequest>
         <v1:messageContext>
            <v11:messageId>${=import static java.util.UUID.randomUUID; uuid = randomUUID() as String}</v11:messageId>
            <!--Optional:-->
            <v11:timestamp>${=new java.text.SimpleDateFormat("yyyy-MM-dd'T'HH:mm:ss.SSS").format(new Date())}</v11:timestamp>
         </v1:messageContext>
         <v1:legalContext>ServiceIntegrator</v1:legalContext>
         <v1:request>
            <!--Optional:-->
            <v1:referenceDate>2017-10-06</v1:referenceDate>
         </v1:request>
      </v1:getAllIsoCodesRequest>
   </soapenv:Body>
</soapenv:Envelope>]]></con:request><con:credentials><con:selectedAuthProfile>Basic</con:selectedAuthProfile><con:addedBasicAuthenticationTypes>Basic</con:addedBasicAuthenticationTypes><con:authType>Global HTTP Settings</con:authType></con:credentials><con:jmsConfig JMSDeliveryMode="PERSISTENT"/><con:jmsPropertyConfig/><con:wsaConfig mustUnderstand="NONE" version="200508" action="http://fidus.brussels/services/countryservice/getAllIsoCodes"/><con:wsrmConfig version="1.2"/></con:call><con:call id="682c365d-210c-498f-b577-1672852501a0" name="03 - Test Worker1 - Request" outgoingWss="Outflow TEST" incomingWss="Inflow TEST"><con:settings><con:setting id="com.eviware.soapui.impl.wsdl.WsdlRequest@request-headers">&lt;xml-fragment/></con:setting></con:settings><con:encoding>UTF-8</con:encoding><con:endpoint>https://192.168.24.16:8443/services/CountryService_v1.0</con:endpoint><con:request><![CDATA[<soapenv:Envelope xmlns:soapenv="http://schemas.xmlsoap.org/soap/envelope/" xmlns:v1="http://fidus.brussels/service/countryservice/messages/v1" xmlns:v11="http://fidus.brussels/type/common/messages/v1">
   <soapenv:Header/>
   <soapenv:Body>
      <v1:getAllIsoCodesRequest>
         <v1:messageContext>
         	  <v11:messageId>${=import static java.util.UUID.randomUUID; uuid = randomUUID() as String}</v11:messageId>
            <v11:timestamp>${=new java.text.SimpleDateFormat("yyyy-MM-dd'T'HH:mm:ss.SSS").format(new Date())}</v11:timestamp>
         </v1:messageContext>
         <v1:legalContext>ServiceIntegrator</v1:legalContext>
         <v1:request>
            <!--Optional:-->
            <v1:referenceDate>2016-10-06</v1:referenceDate>
         </v1:request>
      </v1:getAllIsoCodesRequest>
   </soapenv:Body>
</soapenv:Envelope>]]></con:request><con:credentials><con:selectedAuthProfile>Basic</con:selectedAuthProfile><con:addedBasicAuthenticationTypes>Basic</con:addedBasicAuthenticationTypes><con:authType>Global HTTP Settings</con:authType></con:credentials><con:jmsConfig JMSDeliveryMode="PERSISTENT"/><con:jmsPropertyConfig/><con:wsaConfig mustUnderstand="NONE" version="200508" action="http://fidus.brussels/services/countryservice/getAllIsoCodes"/><con:wsrmConfig version="1.2"/></con:call><con:call id="8e04fbfe-0da0-4bce-af63-3b4f61d4bb56" name="02 - Dev - Request" outgoingWss="Outflow DEV" incomingWss="Inflow DEV"><con:settings><con:setting id="com.eviware.soapui.impl.wsdl.WsdlRequest@request-headers">&lt;xml-fragment/></con:setting></con:settings><con:encoding>UTF-8</con:encoding><con:endpoint>https://192.168.36.61:8243/services/CountryService_v1.0</con:endpoint><con:request><![CDATA[<soapenv:Envelope xmlns:soapenv="http://schemas.xmlsoap.org/soap/envelope/" xmlns:v1="http://fidus.brussels/service/countryservice/messages/v1" xmlns:v11="http://fidus.brussels/type/common/messages/v1">
   <soapenv:Header/>
   <soapenv:Body>
      <v1:getAllIsoCodesRequest>
         <v1:messageContext>
            <v11:messageId>${=import static java.util.UUID.randomUUID; uuid = randomUUID() as String}</v11:messageId>
            <!--Optional:-->
            <v11:timestamp>${=new java.text.SimpleDateFormat("yyyy-MM-dd'T'HH:mm:ss.SSS").format(new Date())}</v11:timestamp>
         </v1:messageContext>
         <v1:legalContext>ServiceIntegrator</v1:legalContext>
         <v1:request>
            <!--Optional:-->
            <v1:referenceDate>2016-10-06</v1:referenceDate>
         </v1:request>
      </v1:getAllIsoCodesRequest>
   </soapenv:Body>
</soapenv:Envelope>]]></con:request><con:credentials><con:selectedAuthProfile>Basic</con:selectedAuthProfile><con:addedBasicAuthenticationTypes>Basic</con:addedBasicAuthenticationTypes><con:authType>Global HTTP Settings</con:authType></con:credentials><con:jmsConfig JMSDeliveryMode="PERSISTENT"/><con:jmsPropertyConfig/><con:wsaConfig mustUnderstand="NONE" version="200508" action="http://fidus.brussels/services/countryservice/getAllIsoCodes"/><con:wsrmConfig version="1.2"/></con:call><con:call id="44946259-5df3-4718-9e3c-b200700a539b" name="03 - Test External - Request" outgoingWss="Outflow TEST" incomingWss="Inflow TEST"><con:settings><con:setting id="com.eviware.soapui.impl.wsdl.WsdlRequest@request-headers">&lt;xml-fragment/></con:setting></con:settings><con:encoding>UTF-8</con:encoding><con:endpoint>https://fidus.irisnetlab.be/services/CountryService_v1.0</con:endpoint><con:request><![CDATA[<soapenv:Envelope xmlns:soapenv="http://schemas.xmlsoap.org/soap/envelope/" xmlns:v1="http://fidus.brussels/service/countryservice/messages/v1" xmlns:v11="http://fidus.brussels/type/common/messages/v1">
   <soapenv:Header/>
   <soapenv:Body>
      <v1:getAllIsoCodesRequest>
         <v1:messageContext>
         	  <v11:messageId>${=import static java.util.UUID.randomUUID; uuid = randomUUID() as String}</v11:messageId>
            <v11:timestamp>${=new java.text.SimpleDateFormat("yyyy-MM-dd'T'HH:mm:ss.SSS").format(new Date())}</v11:timestamp>
         </v1:messageContext>
         <v1:legalContext>ServiceIntegrator</v1:legalContext>
         <v1:request>
            <!--Optional:-->
            <v1:referenceDate>2016-10-06</v1:referenceDate>
         </v1:request>
      </v1:getAllIsoCodesRequest>
   </soapenv:Body>
</soapenv:Envelope>]]></con:request><con:credentials><con:selectedAuthProfile>Basic</con:selectedAuthProfile><con:addedBasicAuthenticationTypes>Basic</con:addedBasicAuthenticationTypes><con:authType>Global HTTP Settings</con:authType></con:credentials><con:jmsConfig JMSDeliveryMode="PERSISTENT"/><con:jmsPropertyConfig/><con:wsaConfig mustUnderstand="NONE" version="200508" action="http://fidus.brussels/services/countryservice/getAllIsoCodes"/><con:wsrmConfig version="1.2"/></con:call><con:call id="6358e559-6354-4602-a0e0-35103d6076db" name="03 - Test LB - Request" outgoingWss="Outflow TEST" incomingWss="Inflow TEST"><con:settings><con:setting id="com.eviware.soapui.impl.wsdl.WsdlRequest@request-headers">&lt;xml-fragment/></con:setting></con:settings><con:encoding>UTF-8</con:encoding><con:endpoint>https://fidus-esb-sg.sta.srv.cirb.lan:8443/services/CountryService_v1.0</con:endpoint><con:request><![CDATA[<soapenv:Envelope xmlns:soapenv="http://schemas.xmlsoap.org/soap/envelope/" xmlns:v1="http://fidus.brussels/service/countryservice/messages/v1" xmlns:v11="http://fidus.brussels/type/common/messages/v1">
   <soapenv:Header/>
   <soapenv:Body>
      <v1:getAllIsoCodesRequest>
         <v1:messageContext>
         	  <v11:messageId>${=import static java.util.UUID.randomUUID; uuid = randomUUID() as String}</v11:messageId>
            <v11:timestamp>${=new java.text.SimpleDateFormat("yyyy-MM-dd'T'HH:mm:ss.SSS").format(new Date())}</v11:timestamp>
         </v1:messageContext>
         <v1:legalContext>ServiceIntegrator</v1:legalContext>
         <v1:request>
            <!--Optional:-->
            <v1:referenceDate>2016-10-06</v1:referenceDate>
         </v1:request>
      </v1:getAllIsoCodesRequest>
   </soapenv:Body>
</soapenv:Envelope>]]></con:request><con:credentials><con:selectedAuthProfile>Basic</con:selectedAuthProfile><con:addedBasicAuthenticationTypes>Basic</con:addedBasicAuthenticationTypes><con:authType>Global HTTP Settings</con:authType></con:credentials><con:jmsConfig JMSDeliveryMode="PERSISTENT"/><con:jmsPropertyConfig/><con:wsaConfig mustUnderstand="NONE" version="200508" action="http://fidus.brussels/services/countryservice/getAllIsoCodes"/><con:wsrmConfig version="1.2"/></con:call><con:call id="ecc97e09-c044-4d1e-8115-012d3206f7a3" name="03 - Test Worker2 - Request" outgoingWss="Outflow TEST" incomingWss="Inflow TEST"><con:settings><con:setting id="com.eviware.soapui.impl.wsdl.WsdlRequest@request-headers">&lt;xml-fragment/></con:setting></con:settings><con:encoding>UTF-8</con:encoding><con:endpoint>https://192.168.24.17:8443/services/CountryService_v1.0</con:endpoint><con:request><![CDATA[<soapenv:Envelope xmlns:soapenv="http://schemas.xmlsoap.org/soap/envelope/" xmlns:v1="http://fidus.brussels/service/countryservice/messages/v1" xmlns:v11="http://fidus.brussels/type/common/messages/v1">
   <soapenv:Header/>
   <soapenv:Body>
      <v1:getAllIsoCodesRequest>
         <v1:messageContext>
         	  <v11:messageId>${=import static java.util.UUID.randomUUID; uuid = randomUUID() as String}</v11:messageId>
            <v11:timestamp>${=new java.text.SimpleDateFormat("yyyy-MM-dd'T'HH:mm:ss.SSS").format(new Date())}</v11:timestamp>
         </v1:messageContext>
         <v1:legalContext>ServiceIntegrator</v1:legalContext>
         <v1:request>
            <!--Optional:-->
            <v1:referenceDate>2016-10-06</v1:referenceDate>
         </v1:request>
      </v1:getAllIsoCodesRequest>
   </soapenv:Body>
</soapenv:Envelope>]]></con:request><con:credentials><con:selectedAuthProfile>Basic</con:selectedAuthProfile><con:addedBasicAuthenticationTypes>Basic</con:addedBasicAuthenticationTypes><con:authType>Global HTTP Settings</con:authType></con:credentials><con:jmsConfig JMSDeliveryMode="PERSISTENT"/><con:jmsPropertyConfig/><con:wsaConfig mustUnderstand="NONE" version="200508" action="http://fidus.brussels/services/countryservice/getAllIsoCodes"/><con:wsrmConfig version="1.2"/></con:call><con:call id="06eeac7e-36fc-47c5-8b86-750a3b11a286" name="04 - Staging External - Request" outgoingWss="Outflow STAGING" incomingWss="Inflow STAGING"><con:settings><con:setting id="com.eviware.soapui.impl.wsdl.WsdlRequest@request-headers">&lt;xml-fragment/></con:setting></con:settings><con:encoding>UTF-8</con:encoding><con:endpoint>https://fidus.irisnetlab.be/services/CountryService_v1.0</con:endpoint><con:request><![CDATA[<soapenv:Envelope xmlns:soapenv="http://schemas.xmlsoap.org/soap/envelope/" xmlns:v1="http://fidus.brussels/service/countryservice/messages/v1" xmlns:v11="http://fidus.brussels/type/common/messages/v1">
   <soapenv:Header/>
   <soapenv:Body>
      <v1:getAllIsoCodesRequest>
         <v1:messageContext>
         	  <v11:messageId>${=import static java.util.UUID.randomUUID; uuid = randomUUID() as String}</v11:messageId>
            <v11:timestamp>${=new java.text.SimpleDateFormat("yyyy-MM-dd'T'HH:mm:ss.SSS").format(new Date())}</v11:timestamp>
         </v1:messageContext>
         <v1:legalContext>ServiceIntegrator</v1:legalContext>
         <v1:request>
            <!--Optional:-->
            <v1:referenceDate>2016-10-06</v1:referenceDate>
         </v1:request>
      </v1:getAllIsoCodesRequest>
   </soapenv:Body>
</soapenv:Envelope>]]></con:request><con:credentials><con:selectedAuthProfile>Basic</con:selectedAuthProfile><con:addedBasicAuthenticationTypes>Basic</con:addedBasicAuthenticationTypes><con:authType>Global HTTP Settings</con:authType></con:credentials><con:jmsConfig JMSDeliveryMode="PERSISTENT"/><con:jmsPropertyConfig/><con:wsaConfig mustUnderstand="NONE" version="200508" action="http://fidus.brussels/services/countryservice/getAllIsoCodes"/><con:wsrmConfig version="1.2"/></con:call><con:call id="bb5c777b-db03-46ea-b03f-80b4a0fd3a04" name="04 - Staging LB - Request" outgoingWss="Outflow STAGING" incomingWss="Inflow STAGING"><con:settings><con:setting id="com.eviware.soapui.impl.wsdl.WsdlRequest@request-headers">&lt;xml-fragment/></con:setting></con:settings><con:encoding>UTF-8</con:encoding><con:endpoint>https://fidus-esb-sg.sta.srv.cirb.lan:8443/services/CountryService_v1.0</con:endpoint><con:request><![CDATA[<soapenv:Envelope xmlns:soapenv="http://schemas.xmlsoap.org/soap/envelope/" xmlns:v1="http://fidus.brussels/service/countryservice/messages/v1" xmlns:v11="http://fidus.brussels/type/common/messages/v1">
   <soapenv:Header/>
   <soapenv:Body>
      <v1:getAllIsoCodesRequest>
         <v1:messageContext>
         	  <v11:messageId>${=import static java.util.UUID.randomUUID; uuid = randomUUID() as String}</v11:messageId>
            <v11:timestamp>${=new java.text.SimpleDateFormat("yyyy-MM-dd'T'HH:mm:ss.SSS").format(new Date())}</v11:timestamp>
         </v1:messageContext>
         <v1:legalContext>ServiceIntegrator</v1:legalContext>
         <v1:request>
            <!--Optional:-->
            <v1:referenceDate>2016-10-06</v1:referenceDate>
         </v1:request>
      </v1:getAllIsoCodesRequest>
   </soapenv:Body>
</soapenv:Envelope>]]></con:request><con:credentials><con:selectedAuthProfile>Basic</con:selectedAuthProfile><con:addedBasicAuthenticationTypes>Basic</con:addedBasicAuthenticationTypes><con:authType>Global HTTP Settings</con:authType></con:credentials><con:jmsConfig JMSDeliveryMode="PERSISTENT"/><con:jmsPropertyConfig/><con:wsaConfig mustUnderstand="NONE" version="200508" action="http://fidus.brussels/services/countryservice/getAllIsoCodes"/><con:wsrmConfig version="1.2"/></con:call><con:call id="40a7a57b-6577-448b-ab01-c4e45ca69e78" name="04 - Staging Worker1 - Request" outgoingWss="Outflow STAGING" incomingWss="Inflow STAGING"><con:settings><con:setting id="com.eviware.soapui.impl.wsdl.WsdlRequest@request-headers">&lt;xml-fragment/></con:setting></con:settings><con:encoding>UTF-8</con:encoding><con:endpoint>https://192.168.24.16:8443/services/CountryService_v1.0</con:endpoint><con:request><![CDATA[<soapenv:Envelope xmlns:soapenv="http://schemas.xmlsoap.org/soap/envelope/" xmlns:v1="http://fidus.brussels/service/countryservice/messages/v1" xmlns:v11="http://fidus.brussels/type/common/messages/v1">
   <soapenv:Header/>
   <soapenv:Body>
      <v1:getAllIsoCodesRequest>
         <v1:messageContext>
         	  <v11:messageId>${=import static java.util.UUID.randomUUID; uuid = randomUUID() as String}</v11:messageId>
            <v11:timestamp>${=new java.text.SimpleDateFormat("yyyy-MM-dd'T'HH:mm:ss.SSS").format(new Date())}</v11:timestamp>
         </v1:messageContext>
         <v1:legalContext>ServiceIntegrator</v1:legalContext>
         <v1:request>
            <!--Optional:-->
            <v1:referenceDate>2016-10-06</v1:referenceDate>
         </v1:request>
      </v1:getAllIsoCodesRequest>
   </soapenv:Body>
</soapenv:Envelope>]]></con:request><con:credentials><con:selectedAuthProfile>Basic</con:selectedAuthProfile><con:addedBasicAuthenticationTypes>Basic</con:addedBasicAuthenticationTypes><con:authType>Global HTTP Settings</con:authType></con:credentials><con:jmsConfig JMSDeliveryMode="PERSISTENT"/><con:jmsPropertyConfig/><con:wsaConfig mustUnderstand="NONE" version="200508" action="http://fidus.brussels/services/countryservice/getAllIsoCodes"/><con:wsrmConfig version="1.2"/></con:call><con:call id="06991228-144d-406f-a4a5-6309ee538bd9" name="04 - Staging Worker2 - Request" outgoingWss="Outflow STAGING" incomingWss="Inflow STAGING"><con:settings><con:setting id="com.eviware.soapui.impl.wsdl.WsdlRequest@request-headers">&lt;xml-fragment/></con:setting></con:settings><con:encoding>UTF-8</con:encoding><con:endpoint>https://192.168.24.17:8443/services/CountryService_v1.0</con:endpoint><con:request><![CDATA[<soapenv:Envelope xmlns:soapenv="http://schemas.xmlsoap.org/soap/envelope/" xmlns:v1="http://fidus.brussels/service/countryservice/messages/v1" xmlns:v11="http://fidus.brussels/type/common/messages/v1">
   <soapenv:Header/>
   <soapenv:Body>
      <v1:getAllIsoCodesRequest>
         <v1:messageContext>
         	  <v11:messageId>${=import static java.util.UUID.randomUUID; uuid = randomUUID() as String}</v11:messageId>
            <v11:timestamp>${=new java.text.SimpleDateFormat("yyyy-MM-dd'T'HH:mm:ss.SSS").format(new Date())}</v11:timestamp>
         </v1:messageContext>
         <v1:legalContext>ServiceIntegrator</v1:legalContext>
         <v1:request>
            <!--Optional:-->
            <v1:referenceDate>2016-10-06</v1:referenceDate>
         </v1:request>
      </v1:getAllIsoCodesRequest>
   </soapenv:Body>
</soapenv:Envelope>]]></con:request><con:credentials><con:selectedAuthProfile>Basic</con:selectedAuthProfile><con:addedBasicAuthenticationTypes>Basic</con:addedBasicAuthenticationTypes><con:authType>Global HTTP Settings</con:authType></con:credentials><con:jmsConfig JMSDeliveryMode="PERSISTENT"/><con:jmsPropertyConfig/><con:wsaConfig mustUnderstand="NONE" version="200508" action="http://fidus.brussels/services/countryservice/getAllIsoCodes"/><con:wsrmConfig version="1.2"/></con:call><con:call id="e83419fa-8dcf-40c9-8a68-19072bee3d24" name="02 - DevNew - Request" outgoingWss="Outflow DEV" incomingWss="Inflow DEV"><con:settings><con:setting id="com.eviware.soapui.impl.wsdl.WsdlRequest@request-headers">&lt;xml-fragment/></con:setting></con:settings><con:encoding>UTF-8</con:encoding><con:endpoint>https://192.168.36.75:8243/services/CountryService_v1.0</con:endpoint><con:request><![CDATA[<soapenv:Envelope xmlns:soapenv="http://schemas.xmlsoap.org/soap/envelope/" xmlns:v1="http://fidus.brussels/service/countryservice/messages/v1" xmlns:v11="http://fidus.brussels/type/common/messages/v1">
   <soapenv:Header/>
   <soapenv:Body>
      <v1:getAllIsoCodesRequest>
         <v1:messageContext>
            <v11:messageId>${=import static java.util.UUID.randomUUID; uuid = randomUUID() as String}</v11:messageId>
            <!--Optional:-->
            <v11:timestamp>${=new java.text.SimpleDateFormat("yyyy-MM-dd'T'HH:mm:ss.SSS").format(new Date())}</v11:timestamp>
         </v1:messageContext>
         <v1:legalContext>ServiceIntegrator</v1:legalContext>
         <v1:request>
            <!--Optional:-->
            <v1:referenceDate>2016-10-06</v1:referenceDate>
         </v1:request>
      </v1:getAllIsoCodesRequest>
   </soapenv:Body>
</soapenv:Envelope>]]></con:request><con:credentials><con:selectedAuthProfile>Basic</con:selectedAuthProfile><con:addedBasicAuthenticationTypes>Basic</con:addedBasicAuthenticationTypes><con:authType>Global HTTP Settings</con:authType></con:credentials><con:jmsConfig JMSDeliveryMode="PERSISTENT"/><con:jmsPropertyConfig/><con:wsaConfig mustUnderstand="NONE" version="200508" action="http://fidus.brussels/services/countryservice/getAllIsoCodes"/><con:wsrmConfig version="1.2"/></con:call></con:operation><con:operation id="99a02a60-38c2-4fbd-b8dc-64df25ab0598" isOneWay="false" action="http://fidus.brussels/services/countryservice/getAllNisCodes" name="getAllNisCodes" bindingOperationName="getAllNisCodes" type="Request-Response" inputName="" receivesAttachments="false" sendsAttachments="false" anonymous="optional"><con:settings/><con:call id="8f8f702c-e21e-452b-873d-e7174934bf01" name="01 - Local - Request" outgoingWss="Outflow DEV" incomingWss="Inflow DEV"><con:settings><con:setting id="com.eviware.soapui.impl.wsdl.WsdlRequest@request-headers">&lt;xml-fragment/></con:setting></con:settings><con:encoding>UTF-8</con:encoding><con:endpoint>https://localhost:8243/services/CountryService_v1.0</con:endpoint><con:request><![CDATA[<soapenv:Envelope xmlns:soapenv="http://schemas.xmlsoap.org/soap/envelope/" xmlns:v1="http://fidus.brussels/service/countryservice/messages/v1" xmlns:v11="http://fidus.brussels/type/common/messages/v1">
   <soapenv:Header/>
   <soapenv:Body>
      <v1:getAllNisCodesRequest>
         <v1:messageContext>
            <v11:messageId>${=import static java.util.UUID.randomUUID; uuid = randomUUID() as String}</v11:messageId>            
            <v11:timestamp>${=new java.text.SimpleDateFormat("yyyy-MM-dd'T'HH:mm:ss.SSS").format(new Date())}</v11:timestamp>
         </v1:messageContext>
         <v1:legalContext>ServiceIntegrator</v1:legalContext>
         <v1:request>
            <!--Optional:-->
            <v1:referenceDate>2016-10-13</v1:referenceDate>
         </v1:request>
      </v1:getAllNisCodesRequest>
   </soapenv:Body>
</soapenv:Envelope>]]></con:request><con:credentials><con:selectedAuthProfile>Basic</con:selectedAuthProfile><con:addedBasicAuthenticationTypes>Basic</con:addedBasicAuthenticationTypes><con:authType>Global HTTP Settings</con:authType></con:credentials><con:jmsConfig JMSDeliveryMode="PERSISTENT"/><con:jmsPropertyConfig/><con:wsaConfig mustUnderstand="NONE" version="200508" action="http://fidus.brussels/services/countryservice/getAllNisCodes"/><con:wsrmConfig version="1.2"/></con:call><con:call id="2cae5ad4-0a1b-469f-82d5-480b1fbe7b4c" name="01 - Local - Request-Invalid_date" outgoingWss="Outflow DEV" incomingWss="Inflow DEV"><con:settings><con:setting id="com.eviware.soapui.impl.wsdl.WsdlRequest@request-headers">&lt;xml-fragment/></con:setting></con:settings><con:encoding>UTF-8</con:encoding><con:endpoint>https://localhost:8243/services/CountryService_v1.0</con:endpoint><con:request><![CDATA[<soapenv:Envelope xmlns:soapenv="http://schemas.xmlsoap.org/soap/envelope/" xmlns:v1="http://fidus.brussels/service/countryservice/messages/v1" xmlns:v11="http://fidus.brussels/type/common/messages/v1">
   <soapenv:Header/>
   <soapenv:Body>
      <v1:getAllNisCodesRequest>
         <v1:messageContext>
            <v11:messageId>${=import static java.util.UUID.randomUUID; uuid = randomUUID() as String}</v11:messageId>            
            <v11:timestamp>${=new java.text.SimpleDateFormat("yyyy-MM-dd'T'HH:mm:ss.SSS").format(new Date())}</v11:timestamp>
         </v1:messageContext>
         <v1:legalContext>ServiceIntegrator</v1:legalContext>
         <v1:request>
            <!--Optional:-->
            <v1:referenceDate>2016-10-18</v1:referenceDate>
         </v1:request>
      </v1:getAllNisCodesRequest>
   </soapenv:Body>
</soapenv:Envelope>]]></con:request><con:credentials><con:selectedAuthProfile>Basic</con:selectedAuthProfile><con:addedBasicAuthenticationTypes>Basic</con:addedBasicAuthenticationTypes><con:authType>Global HTTP Settings</con:authType></con:credentials><con:jmsConfig JMSDeliveryMode="PERSISTENT"/><con:jmsPropertyConfig/><con:wsaConfig mustUnderstand="NONE" version="200508" action="http://fidus.brussels/services/countryservice/getAllNisCodes"/><con:wsrmConfig version="1.2"/></con:call><con:call id="b46177de-e43e-4849-8d0b-cf23b3b18fb2" name="02 - Dev - Request" outgoingWss="Outflow DEV" incomingWss="Inflow DEV"><con:settings><con:setting id="com.eviware.soapui.impl.wsdl.WsdlRequest@request-headers">&lt;xml-fragment/></con:setting></con:settings><con:encoding>UTF-8</con:encoding><con:endpoint>https://192.168.36.61:8243/services/CountryService_v1.0</con:endpoint><con:request><![CDATA[<soapenv:Envelope xmlns:soapenv="http://schemas.xmlsoap.org/soap/envelope/" xmlns:v1="http://fidus.brussels/service/countryservice/messages/v1" xmlns:v11="http://fidus.brussels/type/common/messages/v1">
   <soapenv:Header/>
   <soapenv:Body>
      <v1:getAllNisCodesRequest>
         <v1:messageContext>
            <v11:messageId>${=import static java.util.UUID.randomUUID; uuid = randomUUID() as String}</v11:messageId>            
            <v11:timestamp>${=new java.text.SimpleDateFormat("yyyy-MM-dd'T'HH:mm:ss.SSS").format(new Date())}</v11:timestamp>
         </v1:messageContext>
         <v1:legalContext>ServiceIntegrator</v1:legalContext>
         <v1:request>
            <!--Optional:-->
            <v1:referenceDate>2016-10-13</v1:referenceDate>
         </v1:request>
      </v1:getAllNisCodesRequest>
   </soapenv:Body>
</soapenv:Envelope>]]></con:request><con:credentials><con:selectedAuthProfile>Basic</con:selectedAuthProfile><con:addedBasicAuthenticationTypes>Basic</con:addedBasicAuthenticationTypes><con:authType>Global HTTP Settings</con:authType></con:credentials><con:jmsConfig JMSDeliveryMode="PERSISTENT"/><con:jmsPropertyConfig/><con:wsaConfig mustUnderstand="NONE" version="200508" action="http://fidus.brussels/services/countryservice/getAllNisCodes"/><con:wsrmConfig version="1.2"/></con:call><con:call id="9e613898-8b23-4b72-8c54-c385e375fe28" name="03 - Test External - Request" outgoingWss="Outflow TEST" incomingWss="Inflow TEST"><con:settings><con:setting id="com.eviware.soapui.impl.wsdl.WsdlRequest@request-headers">&lt;xml-fragment/></con:setting></con:settings><con:encoding>UTF-8</con:encoding><con:endpoint>https://fidus.irisnetlab.be/services/CountryService_v1.0</con:endpoint><con:request><![CDATA[<soapenv:Envelope xmlns:soapenv="http://schemas.xmlsoap.org/soap/envelope/" xmlns:v1="http://fidus.brussels/service/countryservice/messages/v1" xmlns:v11="http://fidus.brussels/type/common/messages/v1">
   <soapenv:Header/>
   <soapenv:Body>
      <v1:getAllNisCodesRequest>
         <v1:messageContext>
            <v11:messageId>${=import static java.util.UUID.randomUUID; uuid = randomUUID() as String}</v11:messageId>            
            <v11:timestamp>${=new java.text.SimpleDateFormat("yyyy-MM-dd'T'HH:mm:ss.SSS").format(new Date())}</v11:timestamp>
         </v1:messageContext>
         <v1:legalContext>ServiceIntegrator</v1:legalContext>
         <v1:request>
            <!--Optional:-->
            <v1:referenceDate>2016-10-13</v1:referenceDate>
         </v1:request>
      </v1:getAllNisCodesRequest>
   </soapenv:Body>
</soapenv:Envelope>]]></con:request><con:credentials><con:selectedAuthProfile>Basic</con:selectedAuthProfile><con:addedBasicAuthenticationTypes>Basic</con:addedBasicAuthenticationTypes><con:authType>Global HTTP Settings</con:authType></con:credentials><con:jmsConfig JMSDeliveryMode="PERSISTENT"/><con:jmsPropertyConfig/><con:wsaConfig mustUnderstand="NONE" version="200508" action="http://fidus.brussels/services/countryservice/getAllNisCodes"/><con:wsrmConfig version="1.2"/></con:call><con:call id="dab9f481-25d5-49fb-949f-e0d34406b24a" name="03 - Test LB - Request" outgoingWss="Outflow TEST" incomingWss="Inflow TEST"><con:settings><con:setting id="com.eviware.soapui.impl.wsdl.WsdlRequest@request-headers">&lt;xml-fragment/></con:setting></con:settings><con:encoding>UTF-8</con:encoding><con:endpoint>https://fidus-esb-sg.sta.srv.cirb.lan:8443/services/CountryService_v1.0</con:endpoint><con:request><![CDATA[<soapenv:Envelope xmlns:soapenv="http://schemas.xmlsoap.org/soap/envelope/" xmlns:v1="http://fidus.brussels/service/countryservice/messages/v1" xmlns:v11="http://fidus.brussels/type/common/messages/v1">
   <soapenv:Header/>
   <soapenv:Body>
      <v1:getAllNisCodesRequest>
         <v1:messageContext>
            <v11:messageId>${=import static java.util.UUID.randomUUID; uuid = randomUUID() as String}</v11:messageId>            
            <v11:timestamp>${=new java.text.SimpleDateFormat("yyyy-MM-dd'T'HH:mm:ss.SSS").format(new Date())}</v11:timestamp>
         </v1:messageContext>
         <v1:legalContext>ServiceIntegrator</v1:legalContext>
         <v1:request>
            <!--Optional:-->
            <v1:referenceDate>2016-10-13</v1:referenceDate>
         </v1:request>
      </v1:getAllNisCodesRequest>
   </soapenv:Body>
</soapenv:Envelope>]]></con:request><con:credentials><con:selectedAuthProfile>Basic</con:selectedAuthProfile><con:addedBasicAuthenticationTypes>Basic</con:addedBasicAuthenticationTypes><con:authType>Global HTTP Settings</con:authType></con:credentials><con:jmsConfig JMSDeliveryMode="PERSISTENT"/><con:jmsPropertyConfig/><con:wsaConfig mustUnderstand="NONE" version="200508" action="http://fidus.brussels/services/countryservice/getAllNisCodes"/><con:wsrmConfig version="1.2"/></con:call><con:call id="43f85fef-9e89-4cd8-aebd-e9f6085f4eed" name="03 - Test Worker1 - Request" outgoingWss="Outflow TEST" incomingWss="Inflow TEST"><con:settings><con:setting id="com.eviware.soapui.impl.wsdl.WsdlRequest@request-headers">&lt;xml-fragment/></con:setting></con:settings><con:encoding>UTF-8</con:encoding><con:endpoint>https://192.168.24.16:8443/services/CountryService_v1.0</con:endpoint><con:request><![CDATA[<soapenv:Envelope xmlns:soapenv="http://schemas.xmlsoap.org/soap/envelope/" xmlns:v1="http://fidus.brussels/service/countryservice/messages/v1" xmlns:v11="http://fidus.brussels/type/common/messages/v1">
   <soapenv:Header/>
   <soapenv:Body>
      <v1:getAllNisCodesRequest>
         <v1:messageContext>
            <v11:messageId>${=import static java.util.UUID.randomUUID; uuid = randomUUID() as String}</v11:messageId>            
            <v11:timestamp>${=new java.text.SimpleDateFormat("yyyy-MM-dd'T'HH:mm:ss.SSS").format(new Date())}</v11:timestamp>
         </v1:messageContext>
         <v1:legalContext>ServiceIntegrator</v1:legalContext>
         <v1:request>
            <!--Optional:-->
            <v1:referenceDate>2016-10-13</v1:referenceDate>
         </v1:request>
      </v1:getAllNisCodesRequest>
   </soapenv:Body>
</soapenv:Envelope>]]></con:request><con:credentials><con:selectedAuthProfile>Basic</con:selectedAuthProfile><con:addedBasicAuthenticationTypes>Basic</con:addedBasicAuthenticationTypes><con:authType>Global HTTP Settings</con:authType></con:credentials><con:jmsConfig JMSDeliveryMode="PERSISTENT"/><con:jmsPropertyConfig/><con:wsaConfig mustUnderstand="NONE" version="200508" action="http://fidus.brussels/services/countryservice/getAllNisCodes"/><con:wsrmConfig version="1.2"/></con:call><con:call id="46e2f336-4a13-4089-8f1a-47d107b04caa" name="03 - Test Worker2 - Request" outgoingWss="Outflow TEST" incomingWss="Inflow TEST"><con:settings><con:setting id="com.eviware.soapui.impl.wsdl.WsdlRequest@request-headers">&lt;xml-fragment/></con:setting></con:settings><con:encoding>UTF-8</con:encoding><con:endpoint>https://192.168.24.17:8443/services/CountryService_v1.0</con:endpoint><con:request><![CDATA[<soapenv:Envelope xmlns:soapenv="http://schemas.xmlsoap.org/soap/envelope/" xmlns:v1="http://fidus.brussels/service/countryservice/messages/v1" xmlns:v11="http://fidus.brussels/type/common/messages/v1">
   <soapenv:Header/>
   <soapenv:Body>
      <v1:getAllNisCodesRequest>
         <v1:messageContext>
            <v11:messageId>${=import static java.util.UUID.randomUUID; uuid = randomUUID() as String}</v11:messageId>            
            <v11:timestamp>${=new java.text.SimpleDateFormat("yyyy-MM-dd'T'HH:mm:ss.SSS").format(new Date())}</v11:timestamp>
         </v1:messageContext>
         <v1:legalContext>ServiceIntegrator</v1:legalContext>
         <v1:request>
            <!--Optional:-->
            <v1:referenceDate>2016-10-13</v1:referenceDate>
         </v1:request>
      </v1:getAllNisCodesRequest>
   </soapenv:Body>
</soapenv:Envelope>]]></con:request><con:credentials><con:selectedAuthProfile>Basic</con:selectedAuthProfile><con:addedBasicAuthenticationTypes>Basic</con:addedBasicAuthenticationTypes><con:authType>Global HTTP Settings</con:authType></con:credentials><con:jmsConfig JMSDeliveryMode="PERSISTENT"/><con:jmsPropertyConfig/><con:wsaConfig mustUnderstand="NONE" version="200508" action="http://fidus.brussels/services/countryservice/getAllNisCodes"/><con:wsrmConfig version="1.2"/></con:call><con:call id="bf468311-affb-476e-8540-4f6259feedad" name="04 - Staging External - Request" outgoingWss="Outflow STAGING" incomingWss="Inflow STAGING"><con:settings><con:setting id="com.eviware.soapui.impl.wsdl.WsdlRequest@request-headers">&lt;xml-fragment/></con:setting></con:settings><con:encoding>UTF-8</con:encoding><con:endpoint>https://fidus.irisnetlab.be/services/CountryService_v1.0</con:endpoint><con:request><![CDATA[<soapenv:Envelope xmlns:soapenv="http://schemas.xmlsoap.org/soap/envelope/" xmlns:v1="http://fidus.brussels/service/countryservice/messages/v1" xmlns:v11="http://fidus.brussels/type/common/messages/v1">
   <soapenv:Header/>
   <soapenv:Body>
      <v1:getAllNisCodesRequest>
         <v1:messageContext>
            <v11:messageId>${=import static java.util.UUID.randomUUID; uuid = randomUUID() as String}</v11:messageId>            
            <v11:timestamp>${=new java.text.SimpleDateFormat("yyyy-MM-dd'T'HH:mm:ss.SSS").format(new Date())}</v11:timestamp>
         </v1:messageContext>
         <v1:legalContext>ServiceIntegrator</v1:legalContext>
         <v1:request>
            <!--Optional:-->
            <v1:referenceDate>2016-10-13</v1:referenceDate>
         </v1:request>
      </v1:getAllNisCodesRequest>
   </soapenv:Body>
</soapenv:Envelope>]]></con:request><con:credentials><con:selectedAuthProfile>Basic</con:selectedAuthProfile><con:addedBasicAuthenticationTypes>Basic</con:addedBasicAuthenticationTypes><con:authType>Global HTTP Settings</con:authType></con:credentials><con:jmsConfig JMSDeliveryMode="PERSISTENT"/><con:jmsPropertyConfig/><con:wsaConfig mustUnderstand="NONE" version="200508" action="http://fidus.brussels/services/countryservice/getAllNisCodes"/><con:wsrmConfig version="1.2"/></con:call><con:call id="cfac1903-717f-4b49-b47d-5a34302f6396" name="04 - Staging LB - Request" outgoingWss="Outflow STAGING" incomingWss="Inflow STAGING"><con:settings><con:setting id="com.eviware.soapui.impl.wsdl.WsdlRequest@request-headers">&lt;xml-fragment/></con:setting></con:settings><con:encoding>UTF-8</con:encoding><con:endpoint>https://fidus-esb-sg.sta.srv.cirb.lan:8443/services/CountryService_v1.0</con:endpoint><con:request><![CDATA[<soapenv:Envelope xmlns:soapenv="http://schemas.xmlsoap.org/soap/envelope/" xmlns:v1="http://fidus.brussels/service/countryservice/messages/v1" xmlns:v11="http://fidus.brussels/type/common/messages/v1">
   <soapenv:Header/>
   <soapenv:Body>
      <v1:getAllNisCodesRequest>
         <v1:messageContext>
            <v11:messageId>${=import static java.util.UUID.randomUUID; uuid = randomUUID() as String}</v11:messageId>            
            <v11:timestamp>${=new java.text.SimpleDateFormat("yyyy-MM-dd'T'HH:mm:ss.SSS").format(new Date())}</v11:timestamp>
         </v1:messageContext>
         <v1:legalContext>ServiceIntegrator</v1:legalContext>
         <v1:request>
            <!--Optional:-->
            <v1:referenceDate>2016-10-13</v1:referenceDate>
         </v1:request>
      </v1:getAllNisCodesRequest>
   </soapenv:Body>
</soapenv:Envelope>]]></con:request><con:credentials><con:selectedAuthProfile>Basic</con:selectedAuthProfile><con:addedBasicAuthenticationTypes>Basic</con:addedBasicAuthenticationTypes><con:authType>Global HTTP Settings</con:authType></con:credentials><con:jmsConfig JMSDeliveryMode="PERSISTENT"/><con:jmsPropertyConfig/><con:wsaConfig mustUnderstand="NONE" version="200508" action="http://fidus.brussels/services/countryservice/getAllNisCodes"/><con:wsrmConfig version="1.2"/></con:call><con:call id="d0f13642-4688-4103-bb39-281fe9b6327e" name="04 - Staging Worker1 - Request" outgoingWss="Outflow STAGING" incomingWss="Inflow STAGING"><con:settings><con:setting id="com.eviware.soapui.impl.wsdl.WsdlRequest@request-headers">&lt;xml-fragment/></con:setting></con:settings><con:encoding>UTF-8</con:encoding><con:endpoint>https://192.168.24.16:8443/services/CountryService_v1.0</con:endpoint><con:request><![CDATA[<soapenv:Envelope xmlns:soapenv="http://schemas.xmlsoap.org/soap/envelope/" xmlns:v1="http://fidus.brussels/service/countryservice/messages/v1" xmlns:v11="http://fidus.brussels/type/common/messages/v1">
   <soapenv:Header/>
   <soapenv:Body>
      <v1:getAllNisCodesRequest>
         <v1:messageContext>
            <v11:messageId>${=import static java.util.UUID.randomUUID; uuid = randomUUID() as String}</v11:messageId>            
            <v11:timestamp>${=new java.text.SimpleDateFormat("yyyy-MM-dd'T'HH:mm:ss.SSS").format(new Date())}</v11:timestamp>
         </v1:messageContext>
         <v1:legalContext>ServiceIntegrator</v1:legalContext>
         <v1:request>
            <!--Optional:-->
            <v1:referenceDate>2016-10-13</v1:referenceDate>
         </v1:request>
      </v1:getAllNisCodesRequest>
   </soapenv:Body>
</soapenv:Envelope>]]></con:request><con:credentials><con:selectedAuthProfile>Basic</con:selectedAuthProfile><con:addedBasicAuthenticationTypes>Basic</con:addedBasicAuthenticationTypes><con:authType>Global HTTP Settings</con:authType></con:credentials><con:jmsConfig JMSDeliveryMode="PERSISTENT"/><con:jmsPropertyConfig/><con:wsaConfig mustUnderstand="NONE" version="200508" action="http://fidus.brussels/services/countryservice/getAllNisCodes"/><con:wsrmConfig version="1.2"/></con:call><con:call id="5d278922-b100-4634-b72a-016735f7ced5" name="02 - DevNew - Request" outgoingWss="Outflow DEV" incomingWss="Inflow DEV"><con:settings><con:setting id="com.eviware.soapui.impl.wsdl.WsdlRequest@request-headers">&lt;xml-fragment/></con:setting></con:settings><con:encoding>UTF-8</con:encoding><con:endpoint>https://192.168.36.75:8243/services/CountryService_v1.0</con:endpoint><con:request><![CDATA[<soapenv:Envelope xmlns:soapenv="http://schemas.xmlsoap.org/soap/envelope/" xmlns:v1="http://fidus.brussels/service/countryservice/messages/v1" xmlns:v11="http://fidus.brussels/type/common/messages/v1">
   <soapenv:Header/>
   <soapenv:Body>
      <v1:getAllNisCodesRequest>
         <v1:messageContext>
            <v11:messageId>${=import static java.util.UUID.randomUUID; uuid = randomUUID() as String}</v11:messageId>            
            <v11:timestamp>${=new java.text.SimpleDateFormat("yyyy-MM-dd'T'HH:mm:ss.SSS").format(new Date())}</v11:timestamp>
         </v1:messageContext>
         <v1:legalContext>ServiceIntegrator</v1:legalContext>
         <v1:request>
            <!--Optional:-->
            <v1:referenceDate>2016-10-13</v1:referenceDate>
         </v1:request>
      </v1:getAllNisCodesRequest>
   </soapenv:Body>
</soapenv:Envelope>]]></con:request><con:credentials><con:selectedAuthProfile>Basic</con:selectedAuthProfile><con:addedBasicAuthenticationTypes>Basic</con:addedBasicAuthenticationTypes><con:authType>Global HTTP Settings</con:authType></con:credentials><con:jmsConfig JMSDeliveryMode="PERSISTENT"/><con:jmsPropertyConfig/><con:wsaConfig mustUnderstand="NONE" version="200508" action="http://fidus.brussels/services/countryservice/getAllNisCodes"/><con:wsrmConfig version="1.2"/></con:call></con:operation><con:operation id="d9b91d9d-2077-4cab-b2f0-d02470bd205a" isOneWay="false" action="http://fidus.brussels/services/countryservice/getNationalities" name="getNationalities" bindingOperationName="getNationalities" type="Request-Response" inputName="" receivesAttachments="false" sendsAttachments="false" anonymous="optional"><con:settings/><con:call id="57506035-7435-40a4-ad96-acc1ba8182d7" name="01 - Local - Request" outgoingWss="Outflow DEV" incomingWss="Inflow DEV"><con:settings><con:setting id="com.eviware.soapui.impl.wsdl.WsdlRequest@request-headers">&lt;xml-fragment/></con:setting></con:settings><con:encoding>UTF-8</con:encoding><con:endpoint>https://localhost:8243/services/CountryService_v1.0</con:endpoint><con:request><![CDATA[<soapenv:Envelope xmlns:soapenv="http://schemas.xmlsoap.org/soap/envelope/" xmlns:v1="http://fidus.brussels/service/countryservice/messages/v1" xmlns:v11="http://fidus.brussels/type/common/messages/v1">
   <soapenv:Header/>
   <soapenv:Body>
      <v1:getNationalitiesRequest>
         <v1:messageContext>
            <v11:messageId>${=import static java.util.UUID.randomUUID; uuid = randomUUID() as String}</v11:messageId>
            <!--Optional:-->
            <v11:timestamp>${=new java.text.SimpleDateFormat("yyyy-MM-dd'T'HH:mm:ss.SSS").format(new Date())}</v11:timestamp>
         </v1:messageContext>
         <v1:legalContext>ServiceIntegrator</v1:legalContext>
         <v1:request>
            <!--Optional:-->
            <v1:referenceDate>2016-10-13</v1:referenceDate>
         </v1:request>
      </v1:getNationalitiesRequest>
   </soapenv:Body>
</soapenv:Envelope>]]></con:request><con:credentials><con:selectedAuthProfile>Basic</con:selectedAuthProfile><con:addedBasicAuthenticationTypes>Basic</con:addedBasicAuthenticationTypes><con:authType>Global HTTP Settings</con:authType></con:credentials><con:jmsConfig JMSDeliveryMode="PERSISTENT"/><con:jmsPropertyConfig/><con:wsaConfig mustUnderstand="NONE" version="200508" action="http://fidus.brussels/services/countryservice/getNationalities"/><con:wsrmConfig version="1.2"/></con:call><con:call id="b7beb1d4-97ce-4d4d-abc1-8062beac8790" name="01 - Local - Request-Invalid_date" outgoingWss="Outflow DEV" incomingWss="Inflow DEV"><con:settings><con:setting id="com.eviware.soapui.impl.wsdl.WsdlRequest@request-headers">&lt;xml-fragment/></con:setting></con:settings><con:encoding>UTF-8</con:encoding><con:endpoint>https://localhost:8243/services/CountryService_v1.0</con:endpoint><con:request><![CDATA[<soapenv:Envelope xmlns:soapenv="http://schemas.xmlsoap.org/soap/envelope/" xmlns:v1="http://fidus.brussels/service/countryservice/messages/v1" xmlns:v11="http://fidus.brussels/type/common/messages/v1">
   <soapenv:Header/>
   <soapenv:Body>
      <v1:getNationalitiesRequest>
         <v1:messageContext>
            <v11:messageId>${=import static java.util.UUID.randomUUID; uuid = randomUUID() as String}</v11:messageId>
            <!--Optional:-->
            <v11:timestamp>${=new java.text.SimpleDateFormat("yyyy-MM-dd'T'HH:mm:ss.SSS").format(new Date())}</v11:timestamp>
         </v1:messageContext>
         <v1:legalContext>ServiceIntegrator</v1:legalContext>
         <v1:request>
            <!--Optional:-->
            <v1:referenceDate>2016-10-16</v1:referenceDate>
         </v1:request>
      </v1:getNationalitiesRequest>
   </soapenv:Body>
</soapenv:Envelope>]]></con:request><con:credentials><con:selectedAuthProfile>Basic</con:selectedAuthProfile><con:addedBasicAuthenticationTypes>Basic</con:addedBasicAuthenticationTypes><con:authType>Global HTTP Settings</con:authType></con:credentials><con:jmsConfig JMSDeliveryMode="PERSISTENT"/><con:jmsPropertyConfig/><con:wsaConfig mustUnderstand="NONE" version="200508" action="http://fidus.brussels/services/countryservice/getNationalities"/><con:wsrmConfig version="1.2"/></con:call><con:call id="dc59c2db-d10e-4a80-b087-01182e06139b" name="02 - Dev - Request" outgoingWss="Outflow DEV" incomingWss="Inflow DEV"><con:settings><con:setting id="com.eviware.soapui.impl.wsdl.WsdlRequest@request-headers">&lt;xml-fragment/></con:setting></con:settings><con:encoding>UTF-8</con:encoding><con:endpoint>https://192.168.36.61:8243/services/CountryService_v1.0</con:endpoint><con:request><![CDATA[<soapenv:Envelope xmlns:soapenv="http://schemas.xmlsoap.org/soap/envelope/" xmlns:v1="http://fidus.brussels/service/countryservice/messages/v1" xmlns:v11="http://fidus.brussels/type/common/messages/v1">
   <soapenv:Header/>
   <soapenv:Body>
      <v1:getNationalitiesRequest>
         <v1:messageContext>
            <v11:messageId>${=import static java.util.UUID.randomUUID; uuid = randomUUID() as String}</v11:messageId>
            <!--Optional:-->
            <v11:timestamp>${=new java.text.SimpleDateFormat("yyyy-MM-dd'T'HH:mm:ss.SSS").format(new Date())}</v11:timestamp>
         </v1:messageContext>
         <v1:legalContext>ServiceIntegrator</v1:legalContext>
         <v1:request>
            <!--Optional:-->
            <v1:referenceDate>2016-10-13</v1:referenceDate>
         </v1:request>
      </v1:getNationalitiesRequest>
   </soapenv:Body>
</soapenv:Envelope>]]></con:request><con:credentials><con:selectedAuthProfile>Basic</con:selectedAuthProfile><con:addedBasicAuthenticationTypes>Basic</con:addedBasicAuthenticationTypes><con:authType>Global HTTP Settings</con:authType></con:credentials><con:jmsConfig JMSDeliveryMode="PERSISTENT"/><con:jmsPropertyConfig/><con:wsaConfig mustUnderstand="NONE" version="200508" action="http://fidus.brussels/services/countryservice/getNationalities"/><con:wsrmConfig version="1.2"/></con:call><con:call id="5b896b08-28ef-46d7-9783-0cf7764551ea" name="03 - Test External - Request" outgoingWss="Outflow TEST" incomingWss="Inflow TEST"><con:settings><con:setting id="com.eviware.soapui.impl.wsdl.WsdlRequest@request-headers">&lt;xml-fragment/></con:setting></con:settings><con:encoding>UTF-8</con:encoding><con:endpoint>https://fidus.irisnetlab.be/services/CountryService_v1.0</con:endpoint><con:request><![CDATA[<soapenv:Envelope xmlns:soapenv="http://schemas.xmlsoap.org/soap/envelope/" xmlns:v1="http://fidus.brussels/service/countryservice/messages/v1" xmlns:v11="http://fidus.brussels/type/common/messages/v1">
   <soapenv:Header/>
   <soapenv:Body>
      <v1:getNationalitiesRequest>
         <v1:messageContext>
            <v11:messageId>${=import static java.util.UUID.randomUUID; uuid = randomUUID() as String}</v11:messageId>
            <!--Optional:-->
            <v11:timestamp>${=new java.text.SimpleDateFormat("yyyy-MM-dd'T'HH:mm:ss.SSS").format(new Date())}</v11:timestamp>
         </v1:messageContext>
         <v1:legalContext>ServiceIntegrator</v1:legalContext>
         <v1:request>
            <!--Optional:-->
            <v1:referenceDate>2016-10-13</v1:referenceDate>
         </v1:request>
      </v1:getNationalitiesRequest>
   </soapenv:Body>
</soapenv:Envelope>]]></con:request><con:credentials><con:selectedAuthProfile>Basic</con:selectedAuthProfile><con:addedBasicAuthenticationTypes>Basic</con:addedBasicAuthenticationTypes><con:authType>Global HTTP Settings</con:authType></con:credentials><con:jmsConfig JMSDeliveryMode="PERSISTENT"/><con:jmsPropertyConfig/><con:wsaConfig mustUnderstand="NONE" version="200508" action="http://fidus.brussels/services/countryservice/getNationalities"/><con:wsrmConfig version="1.2"/></con:call><con:call id="49cff139-f8ee-4ed3-b0c7-8fdb04fc34fc" name="03 - Test LB - Request" outgoingWss="Outflow TEST" incomingWss="Inflow TEST"><con:settings><con:setting id="com.eviware.soapui.impl.wsdl.WsdlRequest@request-headers">&lt;xml-fragment/></con:setting></con:settings><con:encoding>UTF-8</con:encoding><con:endpoint>https://fidus-esb-sg.sta.srv.cirb.lan:8443/services/CountryService_v1.0</con:endpoint><con:request><![CDATA[<soapenv:Envelope xmlns:soapenv="http://schemas.xmlsoap.org/soap/envelope/" xmlns:v1="http://fidus.brussels/service/countryservice/messages/v1" xmlns:v11="http://fidus.brussels/type/common/messages/v1">
   <soapenv:Header/>
   <soapenv:Body>
      <v1:getNationalitiesRequest>
         <v1:messageContext>
            <v11:messageId>${=import static java.util.UUID.randomUUID; uuid = randomUUID() as String}</v11:messageId>
            <!--Optional:-->
            <v11:timestamp>${=new java.text.SimpleDateFormat("yyyy-MM-dd'T'HH:mm:ss.SSS").format(new Date())}</v11:timestamp>
         </v1:messageContext>
         <v1:legalContext>ServiceIntegrator</v1:legalContext>
         <v1:request>
            <!--Optional:-->
            <v1:referenceDate>2016-10-13</v1:referenceDate>
         </v1:request>
      </v1:getNationalitiesRequest>
   </soapenv:Body>
</soapenv:Envelope>]]></con:request><con:credentials><con:selectedAuthProfile>Basic</con:selectedAuthProfile><con:addedBasicAuthenticationTypes>Basic</con:addedBasicAuthenticationTypes><con:authType>Global HTTP Settings</con:authType></con:credentials><con:jmsConfig JMSDeliveryMode="PERSISTENT"/><con:jmsPropertyConfig/><con:wsaConfig mustUnderstand="NONE" version="200508" action="http://fidus.brussels/services/countryservice/getNationalities"/><con:wsrmConfig version="1.2"/></con:call><con:call id="6a27b47d-43d6-4671-9b26-89fb050c3213" name="03 - Test Worker1 - Request" outgoingWss="Outflow TEST" incomingWss="Inflow TEST"><con:settings><con:setting id="com.eviware.soapui.impl.wsdl.WsdlRequest@request-headers">&lt;xml-fragment/></con:setting></con:settings><con:encoding>UTF-8</con:encoding><con:endpoint>https://192.168.24.16:8443/services/CountryService_v1.0</con:endpoint><con:request><![CDATA[<soapenv:Envelope xmlns:soapenv="http://schemas.xmlsoap.org/soap/envelope/" xmlns:v1="http://fidus.brussels/service/countryservice/messages/v1" xmlns:v11="http://fidus.brussels/type/common/messages/v1">
   <soapenv:Header/>
   <soapenv:Body>
      <v1:getNationalitiesRequest>
         <v1:messageContext>
            <v11:messageId>${=import static java.util.UUID.randomUUID; uuid = randomUUID() as String}</v11:messageId>
            <!--Optional:-->
            <v11:timestamp>${=new java.text.SimpleDateFormat("yyyy-MM-dd'T'HH:mm:ss.SSS").format(new Date())}</v11:timestamp>
         </v1:messageContext>
         <v1:legalContext>ServiceIntegrator</v1:legalContext>
         <v1:request>
            <!--Optional:-->
            <v1:referenceDate>2016-10-13</v1:referenceDate>
         </v1:request>
      </v1:getNationalitiesRequest>
   </soapenv:Body>
</soapenv:Envelope>]]></con:request><con:credentials><con:selectedAuthProfile>Basic</con:selectedAuthProfile><con:addedBasicAuthenticationTypes>Basic</con:addedBasicAuthenticationTypes><con:authType>Global HTTP Settings</con:authType></con:credentials><con:jmsConfig JMSDeliveryMode="PERSISTENT"/><con:jmsPropertyConfig/><con:wsaConfig mustUnderstand="NONE" version="200508" action="http://fidus.brussels/services/countryservice/getNationalities"/><con:wsrmConfig version="1.2"/></con:call><con:call id="47510092-86bc-46eb-993b-9df7e5707a3c" name="03 - Test Worker2 - Request" outgoingWss="Outflow TEST" incomingWss="Inflow TEST"><con:settings><con:setting id="com.eviware.soapui.impl.wsdl.WsdlRequest@request-headers">&lt;xml-fragment/></con:setting></con:settings><con:encoding>UTF-8</con:encoding><con:endpoint>https://192.168.24.17:8443/services/CountryService_v1.0</con:endpoint><con:request><![CDATA[<soapenv:Envelope xmlns:soapenv="http://schemas.xmlsoap.org/soap/envelope/" xmlns:v1="http://fidus.brussels/service/countryservice/messages/v1" xmlns:v11="http://fidus.brussels/type/common/messages/v1">
   <soapenv:Header/>
   <soapenv:Body>
      <v1:getNationalitiesRequest>
         <v1:messageContext>
            <v11:messageId>${=import static java.util.UUID.randomUUID; uuid = randomUUID() as String}</v11:messageId>
            <!--Optional:-->
            <v11:timestamp>${=new java.text.SimpleDateFormat("yyyy-MM-dd'T'HH:mm:ss.SSS").format(new Date())}</v11:timestamp>
         </v1:messageContext>
         <v1:legalContext>ServiceIntegrator</v1:legalContext>
         <v1:request>
            <!--Optional:-->
            <v1:referenceDate>2016-10-13</v1:referenceDate>
         </v1:request>
      </v1:getNationalitiesRequest>
   </soapenv:Body>
</soapenv:Envelope>]]></con:request><con:credentials><con:selectedAuthProfile>Basic</con:selectedAuthProfile><con:addedBasicAuthenticationTypes>Basic</con:addedBasicAuthenticationTypes><con:authType>Global HTTP Settings</con:authType></con:credentials><con:jmsConfig JMSDeliveryMode="PERSISTENT"/><con:jmsPropertyConfig/><con:wsaConfig mustUnderstand="NONE" version="200508" action="http://fidus.brussels/services/countryservice/getNationalities"/><con:wsrmConfig version="1.2"/></con:call><con:call id="f233a7a9-d8e7-463a-be0e-068a5975a842" name="02 - DevNew - Request" outgoingWss="Outflow DEV" incomingWss="Inflow DEV"><con:settings><con:setting id="com.eviware.soapui.impl.wsdl.WsdlRequest@request-headers">&lt;xml-fragment/></con:setting></con:settings><con:encoding>UTF-8</con:encoding><con:endpoint>https://192.168.36.75:8243/services/CountryService_v1.0</con:endpoint><con:request><![CDATA[<soapenv:Envelope xmlns:soapenv="http://schemas.xmlsoap.org/soap/envelope/" xmlns:v1="http://fidus.brussels/service/countryservice/messages/v1" xmlns:v11="http://fidus.brussels/type/common/messages/v1">
   <soapenv:Header/>
   <soapenv:Body>
      <v1:getNationalitiesRequest>
         <v1:messageContext>
            <v11:messageId>${=import static java.util.UUID.randomUUID; uuid = randomUUID() as String}</v11:messageId>
            <!--Optional:-->
            <v11:timestamp>${=new java.text.SimpleDateFormat("yyyy-MM-dd'T'HH:mm:ss.SSS").format(new Date())}</v11:timestamp>
         </v1:messageContext>
         <v1:legalContext>ServiceIntegrator</v1:legalContext>
         <v1:request>
            <!--Optional:-->
            <v1:referenceDate>2016-10-13</v1:referenceDate>
         </v1:request>
      </v1:getNationalitiesRequest>
   </soapenv:Body>
</soapenv:Envelope>]]></con:request><con:credentials><con:selectedAuthProfile>Basic</con:selectedAuthProfile><con:addedBasicAuthenticationTypes>Basic</con:addedBasicAuthenticationTypes><con:authType>Global HTTP Settings</con:authType></con:credentials><con:jmsConfig JMSDeliveryMode="PERSISTENT"/><con:jmsPropertyConfig/><con:wsaConfig mustUnderstand="NONE" version="200508" action="http://fidus.brussels/services/countryservice/getNationalities"/><con:wsrmConfig version="1.2"/></con:call></con:operation><con:operation id="7f96bd90-64d9-48aa-b986-c463e45d38ba" isOneWay="false" action="http://fidus.brussels/services/countryservice/getNationality" name="getNationality" bindingOperationName="getNationality" type="Request-Response" inputName="" receivesAttachments="false" sendsAttachments="false" anonymous="optional"><con:settings/><con:call id="a69e535e-37da-4d8d-abde-ee0223694e51" name="01 - Local - Request-Nis_num3_103" outgoingWss="Outflow DEV" incomingWss="Inflow DEV"><con:settings><con:setting id="com.eviware.soapui.impl.wsdl.WsdlRequest@request-headers">&lt;xml-fragment/></con:setting></con:settings><con:encoding>UTF-8</con:encoding><con:endpoint>https://localhost:8243/services/CountryService_v1.0</con:endpoint><con:request><![CDATA[<soapenv:Envelope xmlns:soapenv="http://schemas.xmlsoap.org/soap/envelope/" xmlns:v1="http://fidus.brussels/service/countryservice/messages/v1" xmlns:v11="http://fidus.brussels/type/common/messages/v1" xmlns:v12="http://fsb.belgium.be/mappingServices/countryService/messages/v1_00">
   <soapenv:Header/>
   <soapenv:Body>
      <v1:getNationalityRequest>
         <v1:messageContext>
            <v11:messageId>${=import static java.util.UUID.randomUUID; uuid = randomUUID() as String}</v11:messageId>
            <!--Optional:-->
            <v11:timestamp>${=new java.text.SimpleDateFormat("yyyy-MM-dd'T'HH:mm:ss.SSS").format(new Date())}</v11:timestamp>
         </v1:messageContext>
         <v1:legalContext>ServiceIntegrator</v1:legalContext>
         <v1:request>
            <!--You have a CHOICE of the next 4 items at this level-->
            <!--
            <v12:iso-alpha2 startDate="?" endDate="?" status="?">?</v12:iso-alpha2>
            <v12:iso-alpha3 startDate="?" endDate="?" status="?">?</v12:iso-alpha3>
            <v12:iso-num3 startDate="?" endDate="?" status="?">?</v12:iso-num3>
            <v12:nis-num3 startDate="?" endDate="?" status="?">?</v12:nis-num3>
            <v12:nis-num3>103</v12:nis-num3>
            -->
             <v12:nis-num3>103</v12:nis-num3>
           
         </v1:request>
      </v1:getNationalityRequest>
   </soapenv:Body>
</soapenv:Envelope>]]></con:request><con:credentials><con:selectedAuthProfile>Basic</con:selectedAuthProfile><con:addedBasicAuthenticationTypes>Basic</con:addedBasicAuthenticationTypes><con:authType>Global HTTP Settings</con:authType></con:credentials><con:jmsConfig JMSDeliveryMode="PERSISTENT"/><con:jmsPropertyConfig/><con:wsaConfig mustUnderstand="NONE" version="200508" action="http://fidus.brussels/services/countryservice/getNationality"/><con:wsrmConfig version="1.2"/></con:call><con:call id="b69c7dfc-8cfc-4975-a73b-45c12818fe41" name="01 - Local - Request-Invalid_nisCode" outgoingWss="Outflow DEV" incomingWss="Inflow DEV"><con:settings><con:setting id="com.eviware.soapui.impl.wsdl.WsdlRequest@request-headers">&lt;xml-fragment/></con:setting></con:settings><con:encoding>UTF-8</con:encoding><con:endpoint>https://localhost:8243/services/CountryService_v1.0</con:endpoint><con:request><![CDATA[<soapenv:Envelope xmlns:soapenv="http://schemas.xmlsoap.org/soap/envelope/" xmlns:v1="http://fidus.brussels/service/countryservice/messages/v1" xmlns:v11="http://fidus.brussels/type/common/messages/v1" xmlns:v12="http://fsb.belgium.be/mappingServices/countryService/messages/v1_00">
   <soapenv:Header/>
   <soapenv:Body>
      <v1:getNationalityRequest>
         <v1:messageContext>
            <v11:messageId>${=import static java.util.UUID.randomUUID; uuid = randomUUID() as String}</v11:messageId>
            <!--Optional:-->
            <v11:timestamp>${=new java.text.SimpleDateFormat("yyyy-MM-dd'T'HH:mm:ss.SSS").format(new Date())}</v11:timestamp>
         </v1:messageContext>
         <v1:legalContext>ServiceIntegrator</v1:legalContext>
         <v1:request>
            <!--You have a CHOICE of the next 4 items at this level-->
            <!--
            <v12:iso-alpha2 startDate="?" endDate="?" status="?">?</v12:iso-alpha2>
            <v12:iso-alpha3 startDate="?" endDate="?" status="?">?</v12:iso-alpha3>
            <v12:iso-num3 startDate="?" endDate="?" status="?">?</v12:iso-num3>
            <v12:nis-num3 startDate="?" endDate="?" status="?">?</v12:nis-num3>
            -->
            <v12:nis-num3>999</v12:nis-num3>
         </v1:request>
      </v1:getNationalityRequest>
   </soapenv:Body>
</soapenv:Envelope>]]></con:request><con:credentials><con:selectedAuthProfile>Basic</con:selectedAuthProfile><con:addedBasicAuthenticationTypes>Basic</con:addedBasicAuthenticationTypes><con:authType>Global HTTP Settings</con:authType></con:credentials><con:jmsConfig JMSDeliveryMode="PERSISTENT"/><con:jmsPropertyConfig/><con:wsaConfig mustUnderstand="NONE" version="200508" action="http://fidus.brussels/services/countryservice/getNationality"/><con:wsrmConfig version="1.2"/></con:call><con:call id="ffbb4fc0-3537-4bcc-809c-b1d48751c6c1" name="01 - Local - Request-iso_alpha3_FRA" outgoingWss="Outflow DEV" incomingWss="Inflow DEV"><con:settings><con:setting id="com.eviware.soapui.impl.wsdl.WsdlRequest@request-headers">&lt;xml-fragment/></con:setting></con:settings><con:encoding>UTF-8</con:encoding><con:endpoint>https://localhost:8243/services/CountryService_v1.0</con:endpoint><con:request><![CDATA[<soapenv:Envelope xmlns:soapenv="http://schemas.xmlsoap.org/soap/envelope/" xmlns:v1="http://fidus.brussels/service/countryservice/messages/v1" xmlns:v11="http://fidus.brussels/type/common/messages/v1" xmlns:v12="http://fsb.belgium.be/mappingServices/countryService/messages/v1_00">
   <soapenv:Header/>
   <soapenv:Body>
      <v1:getNationalityRequest>
         <v1:messageContext>
            <v11:messageId>${=import static java.util.UUID.randomUUID; uuid = randomUUID() as String}</v11:messageId>
            <!--Optional:-->
            <v11:timestamp>${=new java.text.SimpleDateFormat("yyyy-MM-dd'T'HH:mm:ss.SSS").format(new Date())}</v11:timestamp>
         </v1:messageContext>
         <v1:legalContext>ServiceIntegrator</v1:legalContext>
         <v1:request>                       
             <v12:iso-alpha3>FRA</v12:iso-alpha3>           
         </v1:request>
      </v1:getNationalityRequest>
   </soapenv:Body>
</soapenv:Envelope>]]></con:request><con:credentials><con:selectedAuthProfile>Basic</con:selectedAuthProfile><con:addedBasicAuthenticationTypes>Basic</con:addedBasicAuthenticationTypes><con:authType>Global HTTP Settings</con:authType></con:credentials><con:jmsConfig JMSDeliveryMode="PERSISTENT"/><con:jmsPropertyConfig/><con:wsaConfig mustUnderstand="NONE" version="200508" action="http://fidus.brussels/services/countryservice/getNationality"/><con:wsrmConfig version="1.2"/></con:call><con:call id="7136946d-52ad-420f-aaab-604d34366048" name="03 - Test Worker1 - Request-Nis_num3_103" outgoingWss="Outflow TEST" incomingWss="Inflow TEST"><con:settings><con:setting id="com.eviware.soapui.impl.wsdl.WsdlRequest@request-headers">&lt;xml-fragment/></con:setting></con:settings><con:encoding>UTF-8</con:encoding><con:endpoint>https://192.168.24.16:8443/services/CountryService_v1.0</con:endpoint><con:request><![CDATA[<soapenv:Envelope xmlns:soapenv="http://schemas.xmlsoap.org/soap/envelope/" xmlns:v1="http://fidus.brussels/service/countryservice/messages/v1" xmlns:v11="http://fidus.brussels/type/common/messages/v1" xmlns:v12="http://fsb.belgium.be/mappingServices/countryService/messages/v1_00">
   <soapenv:Header/>
   <soapenv:Body>
      <v1:getNationalityRequest>
         <v1:messageContext>
         	  <v11:messageId>${=import static java.util.UUID.randomUUID; uuid = randomUUID() as String}</v11:messageId>
            <v11:timestamp>${=new java.text.SimpleDateFormat("yyyy-MM-dd'T'HH:mm:ss.SSS").format(new Date())}</v11:timestamp>
         </v1:messageContext>
         <v1:legalContext>ServiceIntegrator</v1:legalContext>
         <v1:request>
            <!--You have a CHOICE of the next 4 items at this level-->
            <v12:iso-alpha2>BE</v12:iso-alpha2>           
         </v1:request>
      </v1:getNationalityRequest>
   </soapenv:Body>
</soapenv:Envelope>
]]></con:request><con:credentials><con:selectedAuthProfile>Basic</con:selectedAuthProfile><con:addedBasicAuthenticationTypes>Basic</con:addedBasicAuthenticationTypes><con:authType>Global HTTP Settings</con:authType></con:credentials><con:jmsConfig JMSDeliveryMode="PERSISTENT"/><con:jmsPropertyConfig/><con:wsaConfig mustUnderstand="NONE" version="200508" action="http://fidus.brussels/services/countryservice/getNationality"/><con:wsrmConfig version="1.2"/></con:call><con:call id="89501300-258a-415e-91ef-af8aa01d1c84" name="03 - Test Worker1 -Request" outgoingWss="Outflow TEST" incomingWss="Inflow TEST"><con:settings><con:setting id="com.eviware.soapui.impl.wsdl.WsdlRequest@request-headers">&lt;xml-fragment/></con:setting></con:settings><con:encoding>UTF-8</con:encoding><con:endpoint>https://192.168.24.16:8443/services/CountryService_v1.0</con:endpoint><con:request><![CDATA[<soapenv:Envelope xmlns:soapenv="http://schemas.xmlsoap.org/soap/envelope/" xmlns:v1="http://fidus.brussels/service/countryservice/messages/v1" xmlns:v11="http://fidus.brussels/type/common/messages/v1" xmlns:v12="http://fsb.belgium.be/mappingServices/countryService/messages/v1_00">
   <soapenv:Header/>
   <soapenv:Body>
      <v1:getNationalityRequest>
         <v1:messageContext>
         	  <v11:messageId>${=import static java.util.UUID.randomUUID; uuid = randomUUID() as String}</v11:messageId>
            <v11:timestamp>${=new java.text.SimpleDateFormat("yyyy-MM-dd'T'HH:mm:ss.SSS").format(new Date())}</v11:timestamp>
         </v1:messageContext>
         <v1:legalContext>ServiceIntegrator</v1:legalContext>
         <v1:request>
            <!--You have a CHOICE of the next 4 items at this level-->
            <v12:iso-alpha2>BE</v12:iso-alpha2>          
         </v1:request>
      </v1:getNationalityRequest>
   </soapenv:Body>
</soapenv:Envelope>]]></con:request><con:credentials><con:selectedAuthProfile>Basic</con:selectedAuthProfile><con:addedBasicAuthenticationTypes>Basic</con:addedBasicAuthenticationTypes><con:authType>Global HTTP Settings</con:authType></con:credentials><con:jmsConfig JMSDeliveryMode="PERSISTENT"/><con:jmsPropertyConfig/><con:wsaConfig mustUnderstand="NONE" version="200508" action="http://fidus.brussels/services/countryservice/getNationality"/><con:wsrmConfig version="1.2"/></con:call><con:call id="6d63a60a-ba5a-4124-94d7-2d4c50976161" name="02 - Dev - Request-iso_alpha3_FRA" outgoingWss="Outflow DEV" incomingWss="Inflow DEV"><con:settings><con:setting id="com.eviware.soapui.impl.wsdl.WsdlRequest@request-headers">&lt;xml-fragment/></con:setting></con:settings><con:encoding>UTF-8</con:encoding><con:endpoint>https://192.168.36.61:8243/services/CountryService_v1.0</con:endpoint><con:request><![CDATA[<soapenv:Envelope xmlns:soapenv="http://schemas.xmlsoap.org/soap/envelope/" xmlns:v1="http://fidus.brussels/service/countryservice/messages/v1" xmlns:v11="http://fidus.brussels/type/common/messages/v1" xmlns:v12="http://fsb.belgium.be/mappingServices/countryService/messages/v1_00">
   <soapenv:Header/>
   <soapenv:Body>
      <v1:getNationalityRequest>
         <v1:messageContext>
            <v11:messageId>${=import static java.util.UUID.randomUUID; uuid = randomUUID() as String}</v11:messageId>
            <!--Optional:-->
            <v11:timestamp>${=new java.text.SimpleDateFormat("yyyy-MM-dd'T'HH:mm:ss.SSS").format(new Date())}</v11:timestamp>
         </v1:messageContext>
         <v1:legalContext>ServiceIntegrator</v1:legalContext>
         <v1:request>
            <!--You have a CHOICE of the next 4 items at this level-->
            <!--
            <v12:iso-alpha2 startDate="?" endDate="?" status="?">?</v12:iso-alpha2>
            <v12:iso-alpha3 startDate="?" endDate="?" status="?">?</v12:iso-alpha3>
            <v12:iso-num3 startDate="?" endDate="?" status="?">?</v12:iso-num3>
            <v12:nis-num3 startDate="?" endDate="?" status="?">?</v12:nis-num3> 
            -->             
             <v12:iso-alpha3>FRA</v12:iso-alpha3>           
         </v1:request>
      </v1:getNationalityRequest>
   </soapenv:Body>
</soapenv:Envelope>]]></con:request><con:credentials><con:selectedAuthProfile>Basic</con:selectedAuthProfile><con:addedBasicAuthenticationTypes>Basic</con:addedBasicAuthenticationTypes><con:authType>Global HTTP Settings</con:authType></con:credentials><con:jmsConfig JMSDeliveryMode="PERSISTENT"/><con:jmsPropertyConfig/><con:wsaConfig mustUnderstand="NONE" version="200508" action="http://fidus.brussels/services/countryservice/getNationality"/><con:wsrmConfig version="1.2"/></con:call><con:call id="0309d10a-b73a-49ad-8a03-16b9559732c6" name="03 - Test Worker2 -Request" outgoingWss="Outflow TEST" incomingWss="Inflow TEST"><con:settings><con:setting id="com.eviware.soapui.impl.wsdl.WsdlRequest@request-headers">&lt;xml-fragment/></con:setting></con:settings><con:encoding>UTF-8</con:encoding><con:endpoint>https://192.168.24.17:8443/services/CountryService_v1.0</con:endpoint><con:request><![CDATA[<soapenv:Envelope xmlns:soapenv="http://schemas.xmlsoap.org/soap/envelope/" xmlns:v1="http://fidus.brussels/service/countryservice/messages/v1" xmlns:v11="http://fidus.brussels/type/common/messages/v1" xmlns:v12="http://fsb.belgium.be/mappingServices/countryService/messages/v1_00">
   <soapenv:Header/>
   <soapenv:Body>
      <v1:getNationalityRequest>
         <v1:messageContext>
         	  <v11:messageId>${=import static java.util.UUID.randomUUID; uuid = randomUUID() as String}</v11:messageId>
            <v11:timestamp>${=new java.text.SimpleDateFormat("yyyy-MM-dd'T'HH:mm:ss.SSS").format(new Date())}</v11:timestamp>
         </v1:messageContext>
         <v1:legalContext>ServiceIntegrator</v1:legalContext>
         <v1:request>
            <!--You have a CHOICE of the next 4 items at this level-->
            <v12:iso-alpha2>BE</v12:iso-alpha2>          
         </v1:request>
      </v1:getNationalityRequest>
   </soapenv:Body>
</soapenv:Envelope>]]></con:request><con:credentials><con:selectedAuthProfile>Basic</con:selectedAuthProfile><con:addedBasicAuthenticationTypes>Basic</con:addedBasicAuthenticationTypes><con:authType>Global HTTP Settings</con:authType></con:credentials><con:jmsConfig JMSDeliveryMode="PERSISTENT"/><con:jmsPropertyConfig/><con:wsaConfig mustUnderstand="NONE" version="200508" action="http://fidus.brussels/services/countryservice/getNationality"/><con:wsrmConfig version="1.2"/></con:call><con:call id="e420270b-db3a-42ff-8fe3-56b5265cadf2" name="03 - Test External -Request" outgoingWss="Outflow TEST" incomingWss="Inflow TEST"><con:settings><con:setting id="com.eviware.soapui.impl.wsdl.WsdlRequest@request-headers">&lt;xml-fragment/></con:setting></con:settings><con:encoding>UTF-8</con:encoding><con:endpoint>https://fidus.irisnetlab.be/services/CountryService_v1.0</con:endpoint><con:request><![CDATA[<soapenv:Envelope xmlns:soapenv="http://schemas.xmlsoap.org/soap/envelope/" xmlns:v1="http://fidus.brussels/service/countryservice/messages/v1" xmlns:v11="http://fidus.brussels/type/common/messages/v1" xmlns:v12="http://fsb.belgium.be/mappingServices/countryService/messages/v1_00">
   <soapenv:Header/>
   <soapenv:Body>
      <v1:getNationalityRequest>
         <v1:messageContext>
         	  <v11:messageId>${=import static java.util.UUID.randomUUID; uuid = randomUUID() as String}</v11:messageId>
            <v11:timestamp>${=new java.text.SimpleDateFormat("yyyy-MM-dd'T'HH:mm:ss.SSS").format(new Date())}</v11:timestamp>
         </v1:messageContext>
         <v1:legalContext>ServiceIntegrator</v1:legalContext>
         <v1:request>
            <!--You have a CHOICE of the next 4 items at this level-->
            <v12:iso-alpha2>BE</v12:iso-alpha2>          
         </v1:request>
      </v1:getNationalityRequest>
   </soapenv:Body>
</soapenv:Envelope>]]></con:request><con:credentials><con:selectedAuthProfile>Basic</con:selectedAuthProfile><con:addedBasicAuthenticationTypes>Basic</con:addedBasicAuthenticationTypes><con:authType>Global HTTP Settings</con:authType></con:credentials><con:jmsConfig JMSDeliveryMode="PERSISTENT"/><con:jmsPropertyConfig/><con:wsaConfig mustUnderstand="NONE" version="200508" action="http://fidus.brussels/services/countryservice/getNationality"/><con:wsrmConfig version="1.2"/></con:call><con:call id="323838ee-ac60-4db1-ada8-67954bb4ed9e" name="03 - Test LB -Request" outgoingWss="Outflow TEST" incomingWss="Inflow TEST"><con:settings><con:setting id="com.eviware.soapui.impl.wsdl.WsdlRequest@request-headers">&lt;xml-fragment/></con:setting></con:settings><con:encoding>UTF-8</con:encoding><con:endpoint>https://fidus-esb-sg.sta.srv.cirb.lan:8443/services/CountryService_v1.0</con:endpoint><con:request><![CDATA[<soapenv:Envelope xmlns:soapenv="http://schemas.xmlsoap.org/soap/envelope/" xmlns:v1="http://fidus.brussels/service/countryservice/messages/v1" xmlns:v11="http://fidus.brussels/type/common/messages/v1" xmlns:v12="http://fsb.belgium.be/mappingServices/countryService/messages/v1_00">
   <soapenv:Header/>
   <soapenv:Body>
      <v1:getNationalityRequest>
         <v1:messageContext>
         	  <v11:messageId>${=import static java.util.UUID.randomUUID; uuid = randomUUID() as String}</v11:messageId>
            <v11:timestamp>${=new java.text.SimpleDateFormat("yyyy-MM-dd'T'HH:mm:ss.SSS").format(new Date())}</v11:timestamp>
         </v1:messageContext>
         <v1:legalContext>ServiceIntegrator</v1:legalContext>
         <v1:request>
            <!--You have a CHOICE of the next 4 items at this level-->
            <v12:iso-alpha2>BE</v12:iso-alpha2>          
         </v1:request>
      </v1:getNationalityRequest>
   </soapenv:Body>
</soapenv:Envelope>]]></con:request><con:credentials><con:selectedAuthProfile>Basic</con:selectedAuthProfile><con:addedBasicAuthenticationTypes>Basic</con:addedBasicAuthenticationTypes><con:authType>Global HTTP Settings</con:authType></con:credentials><con:jmsConfig JMSDeliveryMode="PERSISTENT"/><con:jmsPropertyConfig/><con:wsaConfig mustUnderstand="NONE" version="200508" action="http://fidus.brussels/services/countryservice/getNationality"/><con:wsrmConfig version="1.2"/></con:call><con:call id="2219ece4-f42f-4d8e-bde9-06a1c89c26e3" name="02 - DevNew - Request-iso_alpha3_FRA" outgoingWss="Outflow DEV" incomingWss="Inflow DEV"><con:settings><con:setting id="com.eviware.soapui.impl.wsdl.WsdlRequest@request-headers">&lt;xml-fragment/></con:setting></con:settings><con:encoding>UTF-8</con:encoding><con:endpoint>https://192.168.36.75:8243/services/CountryService_v1.0</con:endpoint><con:request><![CDATA[<soapenv:Envelope xmlns:soapenv="http://schemas.xmlsoap.org/soap/envelope/" xmlns:v1="http://fidus.brussels/service/countryservice/messages/v1" xmlns:v11="http://fidus.brussels/type/common/messages/v1" xmlns:v12="http://fsb.belgium.be/mappingServices/countryService/messages/v1_00">
   <soapenv:Header/>
   <soapenv:Body>
      <v1:getNationalityRequest>
         <v1:messageContext>
            <v11:messageId>${=import static java.util.UUID.randomUUID; uuid = randomUUID() as String}</v11:messageId>
            <!--Optional:-->
            <v11:timestamp>${=new java.text.SimpleDateFormat("yyyy-MM-dd'T'HH:mm:ss.SSS").format(new Date())}</v11:timestamp>
         </v1:messageContext>
         <v1:legalContext>ServiceIntegrator</v1:legalContext>
         <v1:request>
            <!--You have a CHOICE of the next 4 items at this level-->
            <!--
            <v12:iso-alpha2 startDate="?" endDate="?" status="?">?</v12:iso-alpha2>
            <v12:iso-alpha3 startDate="?" endDate="?" status="?">?</v12:iso-alpha3>
            <v12:iso-num3 startDate="?" endDate="?" status="?">?</v12:iso-num3>
            <v12:nis-num3 startDate="?" endDate="?" status="?">?</v12:nis-num3> 
            -->             
             <v12:iso-alpha3>FRA</v12:iso-alpha3>           
         </v1:request>
      </v1:getNationalityRequest>
   </soapenv:Body>
</soapenv:Envelope>]]></con:request><con:credentials><con:selectedAuthProfile>Basic</con:selectedAuthProfile><con:addedBasicAuthenticationTypes>Basic</con:addedBasicAuthenticationTypes><con:authType>Global HTTP Settings</con:authType></con:credentials><con:jmsConfig JMSDeliveryMode="PERSISTENT"/><con:jmsPropertyConfig/><con:wsaConfig mustUnderstand="NONE" version="200508" action="http://fidus.brussels/services/countryservice/getNationality"/><con:wsrmConfig version="1.2"/></con:call></con:operation><con:operation id="0db5af1f-8e5d-4890-a361-1a8d8426f578" isOneWay="false" action="http://fidus.brussels/services/countryservice/getNationalityHistory" name="getNationalityHistory" bindingOperationName="getNationalityHistory" type="Request-Response" inputName="" receivesAttachments="false" sendsAttachments="false" anonymous="optional"><con:settings/><con:call id="8e3fd268-390d-4b01-a936-2a0b2762e9f7" name="01 - Local - Request" outgoingWss="Outflow DEV" incomingWss="Inflow DEV"><con:settings><con:setting id="com.eviware.soapui.impl.wsdl.WsdlRequest@request-headers">&lt;xml-fragment/></con:setting></con:settings><con:encoding>UTF-8</con:encoding><con:endpoint>https://localhost:8243/services/CountryService_v1.0</con:endpoint><con:request><![CDATA[<soapenv:Envelope xmlns:soapenv="http://schemas.xmlsoap.org/soap/envelope/" xmlns:v1="http://fidus.brussels/service/countryservice/messages/v1" xmlns:v11="http://fidus.brussels/type/common/messages/v1" xmlns:v12="http://fsb.belgium.be/mappingServices/countryService/messages/v1_00">
   <soapenv:Header/>
   <soapenv:Body>
      <v1:getNationalityHistoryRequest>
         <v1:messageContext>
            <v11:messageId>${=import static java.util.UUID.randomUUID; uuid = randomUUID() as String}</v11:messageId>
            <!--Optional:-->
            <v11:timestamp>${=new java.text.SimpleDateFormat("yyyy-MM-dd'T'HH:mm:ss.SSS").format(new Date())}</v11:timestamp>
         </v1:messageContext>
         <v1:legalContext>ServiceIntegrator</v1:legalContext>
         <v1:request>
            <v12:iso-alpha3>FRA</v12:iso-alpha3>
            <!--Optional:-->
            <v12:referenceDate>2016-10-16</v12:referenceDate>
         </v1:request>
      </v1:getNationalityHistoryRequest>
   </soapenv:Body>
</soapenv:Envelope>]]></con:request><con:credentials><con:selectedAuthProfile>Basic</con:selectedAuthProfile><con:addedBasicAuthenticationTypes>Basic</con:addedBasicAuthenticationTypes><con:authType>Global HTTP Settings</con:authType></con:credentials><con:jmsConfig JMSDeliveryMode="PERSISTENT"/><con:jmsPropertyConfig/><con:wsaConfig mustUnderstand="NONE" version="200508" action="http://fidus.brussels/services/countryservice/getNationalityHistory"/><con:wsrmConfig version="1.2"/></con:call><con:call id="3a97ff03-9d0a-46bf-88ff-e6e2f88ec208" name="01 - Local - Request-Invalid_iso_alpha3" outgoingWss="Outflow DEV" incomingWss="Inflow TEST"><con:settings><con:setting id="com.eviware.soapui.impl.wsdl.WsdlRequest@request-headers">&lt;xml-fragment/></con:setting></con:settings><con:encoding>UTF-8</con:encoding><con:endpoint>https://localhost:8243/services/CountryService_v1.0</con:endpoint><con:request><![CDATA[<soapenv:Envelope xmlns:soapenv="http://schemas.xmlsoap.org/soap/envelope/" xmlns:v1="http://fidus.brussels/service/countryservice/messages/v1" xmlns:v11="http://fidus.brussels/type/common/messages/v1" xmlns:v12="http://fsb.belgium.be/mappingServices/countryService/messages/v1_00">
   <soapenv:Header/>
   <soapenv:Body>
      <v1:getNationalityHistoryRequest>
         <v1:messageContext>
            <v11:messageId>${=import static java.util.UUID.randomUUID; uuid = randomUUID() as String}</v11:messageId>
            <!--Optional:-->
            <v11:timestamp>${=new java.text.SimpleDateFormat("yyyy-MM-dd'T'HH:mm:ss.SSS").format(new Date())}</v11:timestamp>
         </v1:messageContext>
         <v1:legalContext>ServiceIntegrator</v1:legalContext>
         <v1:request>
            <v12:iso-alpha3>XXX</v12:iso-alpha3>
            <!--Optional:-->
            <v12:referenceDate>2016-10-16</v12:referenceDate>
         </v1:request>
      </v1:getNationalityHistoryRequest>
   </soapenv:Body>
</soapenv:Envelope>]]></con:request><con:credentials><con:selectedAuthProfile>Basic</con:selectedAuthProfile><con:addedBasicAuthenticationTypes>Basic</con:addedBasicAuthenticationTypes><con:authType>Global HTTP Settings</con:authType></con:credentials><con:jmsConfig JMSDeliveryMode="PERSISTENT"/><con:jmsPropertyConfig/><con:wsaConfig mustUnderstand="NONE" version="200508" action="http://fidus.brussels/services/countryservice/getNationalityHistory"/><con:wsrmConfig version="1.2"/></con:call><con:call id="34f0393c-0b9c-47a6-a5b7-321bb86c65fe" name="02 - Dev - Request" outgoingWss="Outflow DEV" incomingWss="Inflow DEV"><con:settings><con:setting id="com.eviware.soapui.impl.wsdl.WsdlRequest@request-headers">&lt;xml-fragment/></con:setting></con:settings><con:encoding>UTF-8</con:encoding><con:endpoint>https://192.168.36.61:8243/services/CountryService_v1.0</con:endpoint><con:request><![CDATA[<soapenv:Envelope xmlns:soapenv="http://schemas.xmlsoap.org/soap/envelope/" xmlns:v1="http://fidus.brussels/service/countryservice/messages/v1" xmlns:v11="http://fidus.brussels/type/common/messages/v1" xmlns:v12="http://fsb.belgium.be/mappingServices/countryService/messages/v1_00">
   <soapenv:Header/>
   <soapenv:Body>
      <v1:getNationalityHistoryRequest>
         <v1:messageContext>
            <v11:messageId>${=import static java.util.UUID.randomUUID; uuid = randomUUID() as String}</v11:messageId>
            <!--Optional:-->
            <v11:timestamp>${=new java.text.SimpleDateFormat("yyyy-MM-dd'T'HH:mm:ss.SSS").format(new Date())}</v11:timestamp>
         </v1:messageContext>
         <v1:legalContext>ServiceIntegrator</v1:legalContext>
         <v1:request>
            <v12:iso-alpha3>FRA</v12:iso-alpha3>                      
         </v1:request>
      </v1:getNationalityHistoryRequest>
   </soapenv:Body>
</soapenv:Envelope>]]></con:request><con:credentials><con:selectedAuthProfile>Basic</con:selectedAuthProfile><con:addedBasicAuthenticationTypes>Basic</con:addedBasicAuthenticationTypes><con:authType>Global HTTP Settings</con:authType></con:credentials><con:jmsConfig JMSDeliveryMode="PERSISTENT"/><con:jmsPropertyConfig/><con:wsaConfig mustUnderstand="NONE" version="200508" action="http://fidus.brussels/services/countryservice/getNationalityHistory"/><con:wsrmConfig version="1.2"/></con:call><con:call id="8c846c1b-013c-4cbd-9214-75a7185e28ef" name="03 - Test External - Request" outgoingWss="Outflow TEST" incomingWss="Inflow TEST"><con:settings><con:setting id="com.eviware.soapui.impl.wsdl.WsdlRequest@request-headers">&lt;xml-fragment/></con:setting></con:settings><con:encoding>UTF-8</con:encoding><con:endpoint>https://fidus.irisnetlab.be/services/CountryService_v1.0</con:endpoint><con:request><![CDATA[<soapenv:Envelope xmlns:soapenv="http://schemas.xmlsoap.org/soap/envelope/" xmlns:v1="http://fidus.brussels/service/countryservice/messages/v1" xmlns:v11="http://fidus.brussels/type/common/messages/v1" xmlns:v12="http://fsb.belgium.be/mappingServices/countryService/messages/v1_00">
   <soapenv:Header/>
   <soapenv:Body>
      <v1:getNationalityHistoryRequest>
         <v1:messageContext>
            <v11:messageId>${=import static java.util.UUID.randomUUID; uuid = randomUUID() as String}</v11:messageId>
            <!--Optional:-->
            <v11:timestamp>${=new java.text.SimpleDateFormat("yyyy-MM-dd'T'HH:mm:ss.SSS").format(new Date())}</v11:timestamp>
         </v1:messageContext>
         <v1:legalContext>ServiceIntegrator</v1:legalContext>
         <v1:request>
            <v12:iso-alpha3>FRA</v12:iso-alpha3>
            <!--Optional:-->
            <v12:referenceDate>2016-10-16</v12:referenceDate>
         </v1:request>
      </v1:getNationalityHistoryRequest>
   </soapenv:Body>
</soapenv:Envelope>]]></con:request><con:credentials><con:selectedAuthProfile>Basic</con:selectedAuthProfile><con:addedBasicAuthenticationTypes>Basic</con:addedBasicAuthenticationTypes><con:authType>Global HTTP Settings</con:authType></con:credentials><con:jmsConfig JMSDeliveryMode="PERSISTENT"/><con:jmsPropertyConfig/><con:wsaConfig mustUnderstand="NONE" version="200508" action="http://fidus.brussels/services/countryservice/getNationalityHistory"/><con:wsrmConfig version="1.2"/></con:call><con:call id="ec4d93ec-d219-45ee-8215-7c5da0dbff17" name="03 - Test LB - Request" outgoingWss="Outflow TEST" incomingWss="Inflow TEST"><con:settings><con:setting id="com.eviware.soapui.impl.wsdl.WsdlRequest@request-headers">&lt;xml-fragment/></con:setting></con:settings><con:encoding>UTF-8</con:encoding><con:endpoint>https://fidus-esb-sg.sta.srv.cirb.lan:8443/services/CountryService_v1.0</con:endpoint><con:request><![CDATA[<soapenv:Envelope xmlns:soapenv="http://schemas.xmlsoap.org/soap/envelope/" xmlns:v1="http://fidus.brussels/service/countryservice/messages/v1" xmlns:v11="http://fidus.brussels/type/common/messages/v1" xmlns:v12="http://fsb.belgium.be/mappingServices/countryService/messages/v1_00">
   <soapenv:Header/>
   <soapenv:Body>
      <v1:getNationalityHistoryRequest>
         <v1:messageContext>
            <v11:messageId>${=import static java.util.UUID.randomUUID; uuid = randomUUID() as String}</v11:messageId>
            <!--Optional:-->
            <v11:timestamp>${=new java.text.SimpleDateFormat("yyyy-MM-dd'T'HH:mm:ss.SSS").format(new Date())}</v11:timestamp>
         </v1:messageContext>
         <v1:legalContext>ServiceIntegrator</v1:legalContext>
         <v1:request>
            <v12:iso-alpha3>NLD</v12:iso-alpha3>
            <!--Optional:-->
            <v12:referenceDate>2016-10-16</v12:referenceDate>
         </v1:request>
      </v1:getNationalityHistoryRequest>
   </soapenv:Body>
</soapenv:Envelope>]]></con:request><con:credentials><con:selectedAuthProfile>Basic</con:selectedAuthProfile><con:addedBasicAuthenticationTypes>Basic</con:addedBasicAuthenticationTypes><con:authType>Global HTTP Settings</con:authType></con:credentials><con:jmsConfig JMSDeliveryMode="PERSISTENT"/><con:jmsPropertyConfig/><con:wsaConfig mustUnderstand="NONE" version="200508" action="http://fidus.brussels/services/countryservice/getNationalityHistory"/><con:wsrmConfig version="1.2"/></con:call><con:call id="3a2c588e-1342-42e8-a33b-269ada28061d" name="03 - Test Worker1 - Request" outgoingWss="Outflow TEST" incomingWss="Inflow TEST"><con:settings><con:setting id="com.eviware.soapui.impl.wsdl.WsdlRequest@request-headers">&lt;xml-fragment/></con:setting></con:settings><con:encoding>UTF-8</con:encoding><con:endpoint>https://192.168.24.16:8443/services/CountryService_v1.0</con:endpoint><con:request><![CDATA[<soapenv:Envelope xmlns:soapenv="http://schemas.xmlsoap.org/soap/envelope/" xmlns:v1="http://fidus.brussels/service/countryservice/messages/v1" xmlns:v11="http://fidus.brussels/type/common/messages/v1" xmlns:v12="http://fsb.belgium.be/mappingServices/countryService/messages/v1_00">
   <soapenv:Header/>
   <soapenv:Body>
      <v1:getNationalityHistoryRequest>
         <v1:messageContext>
            <v11:messageId>${=import static java.util.UUID.randomUUID; uuid = randomUUID() as String}</v11:messageId>
            <!--Optional:-->
            <v11:timestamp>${=new java.text.SimpleDateFormat("yyyy-MM-dd'T'HH:mm:ss.SSS").format(new Date())}</v11:timestamp>
         </v1:messageContext>
         <v1:legalContext>ServiceIntegrator</v1:legalContext>
         <v1:request>
            <v12:iso-alpha3>AUS</v12:iso-alpha3>
            <!--Optional:-->
            <!--<v12:referenceDate>2016-10-16</v12:referenceDate>-->
         </v1:request>
      </v1:getNationalityHistoryRequest>
   </soapenv:Body>
</soapenv:Envelope>]]></con:request><con:credentials><con:selectedAuthProfile>Basic</con:selectedAuthProfile><con:addedBasicAuthenticationTypes>Basic</con:addedBasicAuthenticationTypes><con:authType>Global HTTP Settings</con:authType></con:credentials><con:jmsConfig JMSDeliveryMode="PERSISTENT"/><con:jmsPropertyConfig/><con:wsaConfig mustUnderstand="NONE" version="200508" action="http://fidus.brussels/services/countryservice/getNationalityHistory"/><con:wsrmConfig version="1.2"/></con:call><con:call id="4516608b-c07e-4d25-9363-b48db8810782" name="03 - Test Worker2 - Request" outgoingWss="Outflow TEST" incomingWss="Inflow TEST"><con:settings><con:setting id="com.eviware.soapui.impl.wsdl.WsdlRequest@request-headers">&lt;xml-fragment/></con:setting></con:settings><con:encoding>UTF-8</con:encoding><con:endpoint>https://192.168.24.17:8443/services/CountryService_v1.0</con:endpoint><con:request><![CDATA[<soapenv:Envelope xmlns:soapenv="http://schemas.xmlsoap.org/soap/envelope/" xmlns:v1="http://fidus.brussels/service/countryservice/messages/v1" xmlns:v11="http://fidus.brussels/type/common/messages/v1" xmlns:v12="http://fsb.belgium.be/mappingServices/countryService/messages/v1_00">
   <soapenv:Header/>
   <soapenv:Body>
      <v1:getNationalityHistoryRequest>
         <v1:messageContext>
            <v11:messageId>${=import static java.util.UUID.randomUUID; uuid = randomUUID() as String}</v11:messageId>
            <!--Optional:-->
            <v11:timestamp>${=new java.text.SimpleDateFormat("yyyy-MM-dd'T'HH:mm:ss.SSS").format(new Date())}</v11:timestamp>
         </v1:messageContext>
         <v1:legalContext>ServiceIntegrator</v1:legalContext>
         <v1:request>
            <v12:iso-alpha3>BRA</v12:iso-alpha3>
            <!--Optional:-->
            <v12:referenceDate>2000-01-01</v12:referenceDate>
         </v1:request>
      </v1:getNationalityHistoryRequest>
   </soapenv:Body>
</soapenv:Envelope>]]></con:request><con:credentials><con:selectedAuthProfile>Basic</con:selectedAuthProfile><con:addedBasicAuthenticationTypes>Basic</con:addedBasicAuthenticationTypes><con:authType>Global HTTP Settings</con:authType></con:credentials><con:jmsConfig JMSDeliveryMode="PERSISTENT"/><con:jmsPropertyConfig/><con:wsaConfig mustUnderstand="NONE" version="200508" action="http://fidus.brussels/services/countryservice/getNationalityHistory"/><con:wsrmConfig version="1.2"/></con:call><con:call id="867b4f83-3e2d-4440-92ec-9fcd69e98643" name="02 - DevNew - Request" outgoingWss="Outflow DEV" incomingWss="Inflow DEV"><con:settings><con:setting id="com.eviware.soapui.impl.wsdl.WsdlRequest@request-headers">&lt;xml-fragment/></con:setting></con:settings><con:encoding>UTF-8</con:encoding><con:endpoint>https://192.168.36.75:8243/services/CountryService_v1.0</con:endpoint><con:request><![CDATA[<soapenv:Envelope xmlns:soapenv="http://schemas.xmlsoap.org/soap/envelope/" xmlns:v1="http://fidus.brussels/service/countryservice/messages/v1" xmlns:v11="http://fidus.brussels/type/common/messages/v1" xmlns:v12="http://fsb.belgium.be/mappingServices/countryService/messages/v1_00">
   <soapenv:Header/>
   <soapenv:Body>
      <v1:getNationalityHistoryRequest>
         <v1:messageContext>
            <v11:messageId>${=import static java.util.UUID.randomUUID; uuid = randomUUID() as String}</v11:messageId>
            <!--Optional:-->
            <v11:timestamp>${=new java.text.SimpleDateFormat("yyyy-MM-dd'T'HH:mm:ss.SSS").format(new Date())}</v11:timestamp>
         </v1:messageContext>
         <v1:legalContext>ServiceIntegrator</v1:legalContext>
         <v1:request>
            <v12:iso-alpha3>FRA</v12:iso-alpha3>                      
         </v1:request>
      </v1:getNationalityHistoryRequest>
   </soapenv:Body>
</soapenv:Envelope>]]></con:request><con:credentials><con:selectedAuthProfile>Basic</con:selectedAuthProfile><con:addedBasicAuthenticationTypes>Basic</con:addedBasicAuthenticationTypes><con:authType>Global HTTP Settings</con:authType></con:credentials><con:jmsConfig JMSDeliveryMode="PERSISTENT"/><con:jmsPropertyConfig/><con:wsaConfig mustUnderstand="NONE" version="200508" action="http://fidus.brussels/services/countryservice/getNationalityHistory"/><con:wsrmConfig version="1.2"/></con:call></con:operation><con:operation id="63031318-d123-4994-8550-90b5b4b3fac2" isOneWay="false" action="http://fidus.brussels/services/countryservice/getPlaceCountries" name="getPlaceCountries" bindingOperationName="getPlaceCountries" type="Request-Response" inputName="" receivesAttachments="false" sendsAttachments="false" anonymous="optional"><con:settings/><con:call id="ded03973-5416-468a-8f9b-b0db5372204e" name="01 - Local - Request" outgoingWss="Outflow DEV" incomingWss="Inflow DEV"><con:settings><con:setting id="com.eviware.soapui.impl.wsdl.WsdlRequest@request-headers">&lt;xml-fragment/></con:setting></con:settings><con:encoding>UTF-8</con:encoding><con:endpoint>https://localhost:8243/services/CountryService_v1.0</con:endpoint><con:request><![CDATA[<soapenv:Envelope xmlns:soapenv="http://schemas.xmlsoap.org/soap/envelope/" xmlns:v1="http://fidus.brussels/service/countryservice/messages/v1" xmlns:v11="http://fidus.brussels/type/common/messages/v1">
   <soapenv:Header/>
   <soapenv:Body>
      <v1:getPlaceCountriesRequest>
         <v1:messageContext>
            <v11:messageId>${=import static java.util.UUID.randomUUID; uuid = randomUUID() as String}</v11:messageId>
            <!--Optional:-->
            <v11:timestamp>${=new java.text.SimpleDateFormat("yyyy-MM-dd'T'HH:mm:ss.SSS").format(new Date())}</v11:timestamp>
         </v1:messageContext>
         <v1:legalContext>ServiceIntegrator</v1:legalContext>
         <v1:request>
            <!--Optional:-->
            <v1:referenceDate>2016-10-14</v1:referenceDate>
         </v1:request>
      </v1:getPlaceCountriesRequest>
   </soapenv:Body>
</soapenv:Envelope>]]></con:request><con:credentials><con:selectedAuthProfile>Basic</con:selectedAuthProfile><con:addedBasicAuthenticationTypes>Basic</con:addedBasicAuthenticationTypes><con:authType>Global HTTP Settings</con:authType></con:credentials><con:jmsConfig JMSDeliveryMode="PERSISTENT"/><con:jmsPropertyConfig/><con:wsaConfig mustUnderstand="NONE" version="200508" action="http://fidus.brussels/services/countryservice/getPlaceCountries"/><con:wsrmConfig version="1.2"/></con:call><con:call id="81152a2e-3dd3-4b6e-adc4-04a4cf56a74a" name="01 - Local - Request-Invalid_date" outgoingWss="Outflow DEV" incomingWss="Inflow DEV"><con:settings><con:setting id="com.eviware.soapui.impl.wsdl.WsdlRequest@request-headers">&lt;xml-fragment/></con:setting></con:settings><con:encoding>UTF-8</con:encoding><con:endpoint>https://localhost:8243/services/CountryService_v1.0</con:endpoint><con:request><![CDATA[<soapenv:Envelope xmlns:soapenv="http://schemas.xmlsoap.org/soap/envelope/" xmlns:v1="http://fidus.brussels/service/countryservice/messages/v1" xmlns:v11="http://fidus.brussels/type/common/messages/v1">
   <soapenv:Header/>
   <soapenv:Body>
      <v1:getPlaceCountriesRequest>
         <v1:messageContext>
            <v11:messageId>${=import static java.util.UUID.randomUUID; uuid = randomUUID() as String}</v11:messageId>
            <!--Optional:-->
            <v11:timestamp>${=new java.text.SimpleDateFormat("yyyy-MM-dd'T'HH:mm:ss.SSS").format(new Date())}</v11:timestamp>
         </v1:messageContext>
         <v1:legalContext>ServiceIntegrator</v1:legalContext>
         <v1:request>
            <!--Optional:-->
            <v1:referenceDate>2017-10-14</v1:referenceDate>
         </v1:request>
      </v1:getPlaceCountriesRequest>
   </soapenv:Body>
</soapenv:Envelope>]]></con:request><con:credentials><con:selectedAuthProfile>Basic</con:selectedAuthProfile><con:addedBasicAuthenticationTypes>Basic</con:addedBasicAuthenticationTypes><con:authType>Global HTTP Settings</con:authType></con:credentials><con:jmsConfig JMSDeliveryMode="PERSISTENT"/><con:jmsPropertyConfig/><con:wsaConfig mustUnderstand="NONE" version="200508" action="http://fidus.brussels/services/countryservice/getPlaceCountries"/><con:wsrmConfig version="1.2"/></con:call><con:call id="8f5b716b-59ca-4e60-9ab9-50c755c955e5" name="02 - Dev - Request" outgoingWss="Outflow DEV" incomingWss="Inflow DEV"><con:settings><con:setting id="com.eviware.soapui.impl.wsdl.WsdlRequest@request-headers">&lt;xml-fragment/></con:setting></con:settings><con:encoding>UTF-8</con:encoding><con:endpoint>https://192.168.36.61:8243/services/CountryService_v1.0</con:endpoint><con:request><![CDATA[<soapenv:Envelope xmlns:soapenv="http://schemas.xmlsoap.org/soap/envelope/" xmlns:v1="http://fidus.brussels/service/countryservice/messages/v1" xmlns:v11="http://fidus.brussels/type/common/messages/v1">
   <soapenv:Header/>
   <soapenv:Body>
      <v1:getPlaceCountriesRequest>
         <v1:messageContext>
            <v11:messageId>${=import static java.util.UUID.randomUUID; uuid = randomUUID() as String}</v11:messageId>
            <!--Optional:-->
            <v11:timestamp>${=new java.text.SimpleDateFormat("yyyy-MM-dd'T'HH:mm:ss.SSS").format(new Date())}</v11:timestamp>
         </v1:messageContext>
         <v1:legalContext>ServiceIntegrator</v1:legalContext>
         <v1:request>
            <!--Optional:-->
            <v1:referenceDate>2016-10-14</v1:referenceDate>
         </v1:request>
      </v1:getPlaceCountriesRequest>
   </soapenv:Body>
</soapenv:Envelope>]]></con:request><con:credentials><con:selectedAuthProfile>Basic</con:selectedAuthProfile><con:addedBasicAuthenticationTypes>Basic</con:addedBasicAuthenticationTypes><con:authType>Global HTTP Settings</con:authType></con:credentials><con:jmsConfig JMSDeliveryMode="PERSISTENT"/><con:jmsPropertyConfig/><con:wsaConfig mustUnderstand="NONE" version="200508" action="http://fidus.brussels/services/countryservice/getPlaceCountries"/><con:wsrmConfig version="1.2"/></con:call><con:call id="bf07f6ab-beea-48eb-8e4a-00f4aa88c08a" name="03 - Test External - Request" outgoingWss="Outflow TEST" incomingWss="Inflow TEST"><con:settings><con:setting id="com.eviware.soapui.impl.wsdl.WsdlRequest@request-headers">&lt;xml-fragment/></con:setting></con:settings><con:encoding>UTF-8</con:encoding><con:endpoint>https://fidus.irisnetlab.be/services/CountryService_v1.0</con:endpoint><con:request><![CDATA[<soapenv:Envelope xmlns:soapenv="http://schemas.xmlsoap.org/soap/envelope/" xmlns:v1="http://fidus.brussels/service/countryservice/messages/v1" xmlns:v11="http://fidus.brussels/type/common/messages/v1">
   <soapenv:Header/>
   <soapenv:Body>
      <v1:getPlaceCountriesRequest>
         <v1:messageContext>
            <v11:messageId>${=import static java.util.UUID.randomUUID; uuid = randomUUID() as String}</v11:messageId>
            <!--Optional:-->
            <v11:timestamp>${=new java.text.SimpleDateFormat("yyyy-MM-dd'T'HH:mm:ss.SSS").format(new Date())}</v11:timestamp>
         </v1:messageContext>
         <v1:legalContext>ServiceIntegrator</v1:legalContext>
         <v1:request>
            <!--Optional:-->
            <v1:referenceDate>2016-10-14</v1:referenceDate>
         </v1:request>
      </v1:getPlaceCountriesRequest>
   </soapenv:Body>
</soapenv:Envelope>]]></con:request><con:credentials><con:selectedAuthProfile>Basic</con:selectedAuthProfile><con:addedBasicAuthenticationTypes>Basic</con:addedBasicAuthenticationTypes><con:authType>Global HTTP Settings</con:authType></con:credentials><con:jmsConfig JMSDeliveryMode="PERSISTENT"/><con:jmsPropertyConfig/><con:wsaConfig mustUnderstand="NONE" version="200508" action="http://fidus.brussels/services/countryservice/getPlaceCountries"/><con:wsrmConfig version="1.2"/></con:call><con:call id="449c82c8-3792-42d2-b7a8-e478446972a7" name="03 - Test LB - Request" outgoingWss="Outflow TEST" incomingWss="Inflow TEST"><con:settings><con:setting id="com.eviware.soapui.impl.wsdl.WsdlRequest@request-headers">&lt;xml-fragment/></con:setting></con:settings><con:encoding>UTF-8</con:encoding><con:endpoint>https://fidus-esb-sg.sta.srv.cirb.lan:8443/services/CountryService_v1.0</con:endpoint><con:request><![CDATA[<soapenv:Envelope xmlns:soapenv="http://schemas.xmlsoap.org/soap/envelope/" xmlns:v1="http://fidus.brussels/service/countryservice/messages/v1" xmlns:v11="http://fidus.brussels/type/common/messages/v1">
   <soapenv:Header/>
   <soapenv:Body>
      <v1:getPlaceCountriesRequest>
         <v1:messageContext>
            <v11:messageId>${=import static java.util.UUID.randomUUID; uuid = randomUUID() as String}</v11:messageId>
            <!--Optional:-->
            <v11:timestamp>${=new java.text.SimpleDateFormat("yyyy-MM-dd'T'HH:mm:ss.SSS").format(new Date())}</v11:timestamp>
         </v1:messageContext>
         <v1:legalContext>ServiceIntegrator</v1:legalContext>
         <v1:request>
            <!--Optional:-->
            <v1:referenceDate>2016-10-14</v1:referenceDate>
         </v1:request>
      </v1:getPlaceCountriesRequest>
   </soapenv:Body>
</soapenv:Envelope>]]></con:request><con:credentials><con:selectedAuthProfile>Basic</con:selectedAuthProfile><con:addedBasicAuthenticationTypes>Basic</con:addedBasicAuthenticationTypes><con:authType>Global HTTP Settings</con:authType></con:credentials><con:jmsConfig JMSDeliveryMode="PERSISTENT"/><con:jmsPropertyConfig/><con:wsaConfig mustUnderstand="NONE" version="200508" action="http://fidus.brussels/services/countryservice/getPlaceCountries"/><con:wsrmConfig version="1.2"/></con:call><con:call id="57502e21-b626-4c62-9b63-4e85f4b6c52b" name="03 - Test Worker1 - Request" outgoingWss="Outflow TEST" incomingWss="Inflow TEST"><con:settings><con:setting id="com.eviware.soapui.impl.wsdl.WsdlRequest@request-headers">&lt;xml-fragment/></con:setting></con:settings><con:encoding>UTF-8</con:encoding><con:endpoint>https://192.168.24.16:8443/services/CountryService_v1.0</con:endpoint><con:request><![CDATA[<soapenv:Envelope xmlns:soapenv="http://schemas.xmlsoap.org/soap/envelope/" xmlns:v1="http://fidus.brussels/service/countryservice/messages/v1" xmlns:v11="http://fidus.brussels/type/common/messages/v1">
   <soapenv:Header/>
   <soapenv:Body>
      <v1:getPlaceCountriesRequest>
         <v1:messageContext>
            <v11:messageId>${=import static java.util.UUID.randomUUID; uuid = randomUUID() as String}</v11:messageId>
            <!--Optional:-->
            <v11:timestamp>${=new java.text.SimpleDateFormat("yyyy-MM-dd'T'HH:mm:ss.SSS").format(new Date())}</v11:timestamp>
         </v1:messageContext>
         <v1:legalContext>ServiceIntegrator</v1:legalContext>
         <v1:request>
            <!--Optional:-->
            <v1:referenceDate>2016-10-14</v1:referenceDate>
         </v1:request>
      </v1:getPlaceCountriesRequest>
   </soapenv:Body>
</soapenv:Envelope>]]></con:request><con:credentials><con:selectedAuthProfile>Basic</con:selectedAuthProfile><con:addedBasicAuthenticationTypes>Basic</con:addedBasicAuthenticationTypes><con:authType>Global HTTP Settings</con:authType></con:credentials><con:jmsConfig JMSDeliveryMode="PERSISTENT"/><con:jmsPropertyConfig/><con:wsaConfig mustUnderstand="NONE" version="200508" action="http://fidus.brussels/services/countryservice/getPlaceCountries"/><con:wsrmConfig version="1.2"/></con:call><con:call id="87e1b257-fa4f-458d-9a3e-b6cca84b517e" name="03 - Test Worker2 - Request" outgoingWss="Outflow TEST" incomingWss="Inflow TEST"><con:settings><con:setting id="com.eviware.soapui.impl.wsdl.WsdlRequest@request-headers">&lt;xml-fragment/></con:setting></con:settings><con:encoding>UTF-8</con:encoding><con:endpoint>https://192.168.24.17:8443/services/CountryService_v1.0</con:endpoint><con:request><![CDATA[<soapenv:Envelope xmlns:soapenv="http://schemas.xmlsoap.org/soap/envelope/" xmlns:v1="http://fidus.brussels/service/countryservice/messages/v1" xmlns:v11="http://fidus.brussels/type/common/messages/v1">
   <soapenv:Header/>
   <soapenv:Body>
      <v1:getPlaceCountriesRequest>
         <v1:messageContext>
            <v11:messageId>${=import static java.util.UUID.randomUUID; uuid = randomUUID() as String}</v11:messageId>
            <!--Optional:-->
            <v11:timestamp>${=new java.text.SimpleDateFormat("yyyy-MM-dd'T'HH:mm:ss.SSS").format(new Date())}</v11:timestamp>
         </v1:messageContext>
         <v1:legalContext>ServiceIntegrator</v1:legalContext>
         <v1:request>
            <!--Optional:-->
            <v1:referenceDate>2016-10-14</v1:referenceDate>
         </v1:request>
      </v1:getPlaceCountriesRequest>
   </soapenv:Body>
</soapenv:Envelope>]]></con:request><con:credentials><con:selectedAuthProfile>Basic</con:selectedAuthProfile><con:addedBasicAuthenticationTypes>Basic</con:addedBasicAuthenticationTypes><con:authType>Global HTTP Settings</con:authType></con:credentials><con:jmsConfig JMSDeliveryMode="PERSISTENT"/><con:jmsPropertyConfig/><con:wsaConfig mustUnderstand="NONE" version="200508" action="http://fidus.brussels/services/countryservice/getPlaceCountries"/><con:wsrmConfig version="1.2"/></con:call><con:call id="c63d0100-c973-4cf3-9421-bb1cf1a9db35" name="02 - DevNew - Request" outgoingWss="Outflow DEV" incomingWss="Inflow DEV"><con:settings><con:setting id="com.eviware.soapui.impl.wsdl.WsdlRequest@request-headers">&lt;xml-fragment/></con:setting></con:settings><con:encoding>UTF-8</con:encoding><con:endpoint>https://192.168.36.75:8243/services/CountryService_v1.0</con:endpoint><con:request><![CDATA[<soapenv:Envelope xmlns:soapenv="http://schemas.xmlsoap.org/soap/envelope/" xmlns:v1="http://fidus.brussels/service/countryservice/messages/v1" xmlns:v11="http://fidus.brussels/type/common/messages/v1">
   <soapenv:Header/>
   <soapenv:Body>
      <v1:getPlaceCountriesRequest>
         <v1:messageContext>
            <v11:messageId>${=import static java.util.UUID.randomUUID; uuid = randomUUID() as String}</v11:messageId>
            <!--Optional:-->
            <v11:timestamp>${=new java.text.SimpleDateFormat("yyyy-MM-dd'T'HH:mm:ss.SSS").format(new Date())}</v11:timestamp>
         </v1:messageContext>
         <v1:legalContext>ServiceIntegrator</v1:legalContext>
         <v1:request>
            <!--Optional:-->
            <v1:referenceDate>2016-10-14</v1:referenceDate>
         </v1:request>
      </v1:getPlaceCountriesRequest>
   </soapenv:Body>
</soapenv:Envelope>]]></con:request><con:credentials><con:selectedAuthProfile>Basic</con:selectedAuthProfile><con:addedBasicAuthenticationTypes>Basic</con:addedBasicAuthenticationTypes><con:authType>Global HTTP Settings</con:authType></con:credentials><con:jmsConfig JMSDeliveryMode="PERSISTENT"/><con:jmsPropertyConfig/><con:wsaConfig mustUnderstand="NONE" version="200508" action="http://fidus.brussels/services/countryservice/getPlaceCountries"/><con:wsrmConfig version="1.2"/></con:call></con:operation><con:operation id="cdd8d930-3e41-40c1-a86b-c3e2b9a5fb2a" isOneWay="false" action="http://fidus.brussels/services/countryservice/getPlaceCountry" name="getPlaceCountry" bindingOperationName="getPlaceCountry" type="Request-Response" inputName="" receivesAttachments="false" sendsAttachments="false" anonymous="optional"><con:settings/><con:call id="bd67a08c-b5dc-406f-97b7-fd21b4784c4c" name="01 - Local - Request" outgoingWss="Outflow DEV" incomingWss="Inflow DEV"><con:settings><con:setting id="com.eviware.soapui.impl.wsdl.WsdlRequest@request-headers">&lt;xml-fragment/></con:setting></con:settings><con:encoding>UTF-8</con:encoding><con:endpoint>https://localhost:8243/services/CountryService_v1.0</con:endpoint><con:request><![CDATA[<soapenv:Envelope xmlns:soapenv="http://schemas.xmlsoap.org/soap/envelope/" xmlns:v1="http://fidus.brussels/service/countryservice/messages/v1" xmlns:v11="http://fidus.brussels/type/common/messages/v1" xmlns:v12="http://fsb.belgium.be/mappingServices/countryService/messages/v1_00">
   <soapenv:Header/>
   <soapenv:Body>
      <v1:getPlaceCountryRequest>
         <v1:messageContext>
            <v11:messageId>${=import static java.util.UUID.randomUUID; uuid = randomUUID() as String}</v11:messageId>
            <!--Optional:-->
            <v11:timestamp>${=new java.text.SimpleDateFormat("yyyy-MM-dd'T'HH:mm:ss.SSS").format(new Date())}</v11:timestamp>
         </v1:messageContext>
         <v1:legalContext>ServiceIntegrator</v1:legalContext>
         <v1:request>
            <!--You have a CHOICE of the next 4 items at this level-->
            <!--
            <v12:iso-alpha2 startDate="?" endDate="?" status="?">?</v12:iso-alpha2>
            <v12:iso-alpha3 startDate="?" endDate="?" status="?">?</v12:iso-alpha3>
            <v12:iso-num3 startDate="?" endDate="?" status="?">?</v12:iso-num3>
            <v12:nis-num3 startDate="?" endDate="?" status="?">?</v12:nis-num3>
			-->
             <!--<v12:iso-alpha2>NL</v12:iso-alpha2>-->
             <v12:iso-alpha3>DEU</v12:iso-alpha3>
         </v1:request>
      </v1:getPlaceCountryRequest>
   </soapenv:Body>
</soapenv:Envelope>]]></con:request><con:credentials><con:selectedAuthProfile>Basic</con:selectedAuthProfile><con:addedBasicAuthenticationTypes>Basic</con:addedBasicAuthenticationTypes><con:authType>Global HTTP Settings</con:authType></con:credentials><con:jmsConfig JMSDeliveryMode="PERSISTENT"/><con:jmsPropertyConfig/><con:wsaConfig mustUnderstand="NONE" version="200508" action="http://fidus.brussels/services/countryservice/getPlaceCountry"/><con:wsrmConfig version="1.2"/></con:call><con:call id="fecb7a17-b3ea-41b9-8f23-475b0530781d" name="01 - Local - Request-Invalid-Iso_alpha2" outgoingWss="Outflow DEV" incomingWss="Inflow DEV"><con:settings><con:setting id="com.eviware.soapui.impl.wsdl.WsdlRequest@request-headers">&lt;xml-fragment/></con:setting></con:settings><con:encoding>UTF-8</con:encoding><con:endpoint>https://localhost:8243/services/CountryService_v1.0</con:endpoint><con:request><![CDATA[<soapenv:Envelope xmlns:soapenv="http://schemas.xmlsoap.org/soap/envelope/" xmlns:v1="http://fidus.brussels/service/countryservice/messages/v1" xmlns:v11="http://fidus.brussels/type/common/messages/v1" xmlns:v12="http://fsb.belgium.be/mappingServices/countryService/messages/v1_00">
   <soapenv:Header/>
   <soapenv:Body>
      <v1:getPlaceCountryRequest>
         <v1:messageContext>
            <v11:messageId>${=import static java.util.UUID.randomUUID; uuid = randomUUID() as String}</v11:messageId>
            <!--Optional:-->
            <v11:timestamp>${=new java.text.SimpleDateFormat("yyyy-MM-dd'T'HH:mm:ss.SSS").format(new Date())}</v11:timestamp>
         </v1:messageContext>
         <v1:legalContext>ServiceIntegrator</v1:legalContext>
         <v1:request>
            <!--You have a CHOICE of the next 4 items at this level-->
            <!--
            <v12:iso-alpha2 startDate="?" endDate="?" status="?">?</v12:iso-alpha2>
            <v12:iso-alpha3 startDate="?" endDate="?" status="?">?</v12:iso-alpha3>
            <v12:iso-num3 startDate="?" endDate="?" status="?">?</v12:iso-num3>
            <v12:nis-num3 startDate="?" endDate="?" status="?">?</v12:nis-num3>
			-->
             <v12:iso-alpha2>XX</v12:iso-alpha2>
         </v1:request>
      </v1:getPlaceCountryRequest>
   </soapenv:Body>
</soapenv:Envelope>]]></con:request><con:credentials><con:selectedAuthProfile>Basic</con:selectedAuthProfile><con:addedBasicAuthenticationTypes>Basic</con:addedBasicAuthenticationTypes><con:authType>Global HTTP Settings</con:authType></con:credentials><con:jmsConfig JMSDeliveryMode="PERSISTENT"/><con:jmsPropertyConfig/><con:wsaConfig mustUnderstand="NONE" version="200508" action="http://fidus.brussels/services/countryservice/getPlaceCountry"/><con:wsrmConfig version="1.2"/></con:call><con:call id="b68a1cfa-b4c2-456a-9a2c-62149f9fcd95" name="02 - Dev - Request" outgoingWss="Outflow DEV" incomingWss="Inflow DEV"><con:settings><con:setting id="com.eviware.soapui.impl.wsdl.WsdlRequest@request-headers">&lt;xml-fragment/></con:setting></con:settings><con:encoding>UTF-8</con:encoding><con:endpoint>https://192.168.36.61:8243/services/CountryService_v1.0</con:endpoint><con:request><![CDATA[<soapenv:Envelope xmlns:soapenv="http://schemas.xmlsoap.org/soap/envelope/" xmlns:v1="http://fidus.brussels/service/countryservice/messages/v1" xmlns:v11="http://fidus.brussels/type/common/messages/v1" xmlns:v12="http://fsb.belgium.be/mappingServices/countryService/messages/v1_00">
   <soapenv:Header/>
   <soapenv:Body>
      <v1:getPlaceCountryRequest>
         <v1:messageContext>
            <v11:messageId>${=import static java.util.UUID.randomUUID; uuid = randomUUID() as String}</v11:messageId>
            <!--Optional:-->
            <v11:timestamp>${=new java.text.SimpleDateFormat("yyyy-MM-dd'T'HH:mm:ss.SSS").format(new Date())}</v11:timestamp>
         </v1:messageContext>
         <v1:legalContext>ServiceIntegrator</v1:legalContext>
         <v1:request>
            <!--You have a CHOICE of the next 4 items at this level-->
            <!--
            <v12:iso-alpha2 startDate="?" endDate="?" status="?">?</v12:iso-alpha2>
            <v12:iso-alpha3 startDate="?" endDate="?" status="?">?</v12:iso-alpha3>
            <v12:iso-num3 startDate="?" endDate="?" status="?">?</v12:iso-num3>
            <v12:nis-num3 startDate="?" endDate="?" status="?">?</v12:nis-num3>
			-->
             <v12:iso-alpha2>NL</v12:iso-alpha2>
             
         </v1:request>
      </v1:getPlaceCountryRequest>
   </soapenv:Body>
</soapenv:Envelope>]]></con:request><con:credentials><con:selectedAuthProfile>Basic</con:selectedAuthProfile><con:addedBasicAuthenticationTypes>Basic</con:addedBasicAuthenticationTypes><con:authType>Global HTTP Settings</con:authType></con:credentials><con:jmsConfig JMSDeliveryMode="PERSISTENT"/><con:jmsPropertyConfig/><con:wsaConfig mustUnderstand="NONE" version="200508" action="http://fidus.brussels/services/countryservice/getPlaceCountry"/><con:wsrmConfig version="1.2"/></con:call><con:call id="2cbb213d-7594-4474-b028-0e9244fe21b5" name="03 - Test External - Request" outgoingWss="Outflow TEST" incomingWss="Inflow TEST"><con:settings><con:setting id="com.eviware.soapui.impl.wsdl.WsdlRequest@request-headers">&lt;xml-fragment/></con:setting></con:settings><con:encoding>UTF-8</con:encoding><con:endpoint>https://fidus.irisnetlab.be/services/CountryService_v1.0</con:endpoint><con:request><![CDATA[<soapenv:Envelope xmlns:soapenv="http://schemas.xmlsoap.org/soap/envelope/" xmlns:v1="http://fidus.brussels/service/countryservice/messages/v1" xmlns:v11="http://fidus.brussels/type/common/messages/v1" xmlns:v12="http://fsb.belgium.be/mappingServices/countryService/messages/v1_00">
   <soapenv:Header/>
   <soapenv:Body>
      <v1:getPlaceCountryRequest>
         <v1:messageContext>
            <v11:messageId>${=import static java.util.UUID.randomUUID; uuid = randomUUID() as String}</v11:messageId>
            <!--Optional:-->
            <v11:timestamp>${=new java.text.SimpleDateFormat("yyyy-MM-dd'T'HH:mm:ss.SSS").format(new Date())}</v11:timestamp>
         </v1:messageContext>
         <v1:legalContext>ServiceIntegrator</v1:legalContext>
         <v1:request>
            <!--You have a CHOICE of the next 4 items at this level-->
            <!--
            <v12:iso-alpha2 startDate="?" endDate="?" status="?">?</v12:iso-alpha2>
            <v12:iso-alpha3 startDate="?" endDate="?" status="?">?</v12:iso-alpha3>
            <v12:iso-num3 startDate="?" endDate="?" status="?">?</v12:iso-num3>
            <v12:nis-num3 startDate="?" endDate="?" status="?">?</v12:nis-num3>
			-->
             <v12:iso-alpha2>NL</v12:iso-alpha2>
             
         </v1:request>
      </v1:getPlaceCountryRequest>
   </soapenv:Body>
</soapenv:Envelope>]]></con:request><con:credentials><con:selectedAuthProfile>Basic</con:selectedAuthProfile><con:addedBasicAuthenticationTypes>Basic</con:addedBasicAuthenticationTypes><con:authType>Global HTTP Settings</con:authType></con:credentials><con:jmsConfig JMSDeliveryMode="PERSISTENT"/><con:jmsPropertyConfig/><con:wsaConfig mustUnderstand="NONE" version="200508" action="http://fidus.brussels/services/countryservice/getPlaceCountry"/><con:wsrmConfig version="1.2"/></con:call><con:call id="799c67c3-a545-4579-9f8a-6779ae924ac6" name="03 - Test LB - Request" outgoingWss="Outflow TEST" incomingWss="Inflow TEST"><con:settings><con:setting id="com.eviware.soapui.impl.wsdl.WsdlRequest@request-headers">&lt;xml-fragment/></con:setting></con:settings><con:encoding>UTF-8</con:encoding><con:endpoint>https://fidus-esb-sg.sta.srv.cirb.lan:8443/services/CountryService_v1.0</con:endpoint><con:request><![CDATA[<soapenv:Envelope xmlns:soapenv="http://schemas.xmlsoap.org/soap/envelope/" xmlns:v1="http://fidus.brussels/service/countryservice/messages/v1" xmlns:v11="http://fidus.brussels/type/common/messages/v1" xmlns:v12="http://fsb.belgium.be/mappingServices/countryService/messages/v1_00">
   <soapenv:Header/>
   <soapenv:Body>
      <v1:getPlaceCountryRequest>
         <v1:messageContext>
            <v11:messageId>${=import static java.util.UUID.randomUUID; uuid = randomUUID() as String}</v11:messageId>
            <!--Optional:-->
            <v11:timestamp>${=new java.text.SimpleDateFormat("yyyy-MM-dd'T'HH:mm:ss.SSS").format(new Date())}</v11:timestamp>
         </v1:messageContext>
         <v1:legalContext>ServiceIntegrator</v1:legalContext>
         <v1:request>
            <!--You have a CHOICE of the next 4 items at this level-->
            <!--
            <v12:iso-alpha2 startDate="?" endDate="?" status="?">?</v12:iso-alpha2>
            <v12:iso-alpha3 startDate="?" endDate="?" status="?">?</v12:iso-alpha3>
            <v12:iso-num3 startDate="?" endDate="?" status="?">?</v12:iso-num3>
            <v12:nis-num3 startDate="?" endDate="?" status="?">?</v12:nis-num3>
			-->
             <v12:iso-alpha2>NL</v12:iso-alpha2>
             
         </v1:request>
      </v1:getPlaceCountryRequest>
   </soapenv:Body>
</soapenv:Envelope>]]></con:request><con:credentials><con:selectedAuthProfile>Basic</con:selectedAuthProfile><con:addedBasicAuthenticationTypes>Basic</con:addedBasicAuthenticationTypes><con:authType>Global HTTP Settings</con:authType></con:credentials><con:jmsConfig JMSDeliveryMode="PERSISTENT"/><con:jmsPropertyConfig/><con:wsaConfig mustUnderstand="NONE" version="200508" action="http://fidus.brussels/services/countryservice/getPlaceCountry"/><con:wsrmConfig version="1.2"/></con:call><con:call id="a18f1ecd-edee-41d5-8b8a-acff7016294e" name="03 - Test Worker1 - Request" outgoingWss="Outflow TEST" incomingWss="Inflow TEST"><con:settings><con:setting id="com.eviware.soapui.impl.wsdl.WsdlRequest@request-headers">&lt;xml-fragment/></con:setting></con:settings><con:encoding>UTF-8</con:encoding><con:endpoint>https://192.168.24.16:8443/services/CountryService_v1.0</con:endpoint><con:request><![CDATA[<soapenv:Envelope xmlns:soapenv="http://schemas.xmlsoap.org/soap/envelope/" xmlns:v1="http://fidus.brussels/service/countryservice/messages/v1" xmlns:v11="http://fidus.brussels/type/common/messages/v1" xmlns:v12="http://fsb.belgium.be/mappingServices/countryService/messages/v1_00">
   <soapenv:Header/>
   <soapenv:Body>
      <v1:getPlaceCountryRequest>
         <v1:messageContext>
            <v11:messageId>${=import static java.util.UUID.randomUUID; uuid = randomUUID() as String}</v11:messageId>
            <!--Optional:-->
            <v11:timestamp>${=new java.text.SimpleDateFormat("yyyy-MM-dd'T'HH:mm:ss.SSS").format(new Date())}</v11:timestamp>
         </v1:messageContext>
         <v1:legalContext>ServiceIntegrator</v1:legalContext>
         <v1:request>
            <!--You have a CHOICE of the next 4 items at this level-->
            <!--
            <v12:iso-alpha2 startDate="?" endDate="?" status="?">?</v12:iso-alpha2>
            <v12:iso-alpha3 startDate="?" endDate="?" status="?">?</v12:iso-alpha3>
            <v12:iso-num3 startDate="?" endDate="?" status="?">?</v12:iso-num3>
            <v12:nis-num3 startDate="?" endDate="?" status="?">?</v12:nis-num3>
			-->
             <v12:iso-alpha2>NL</v12:iso-alpha2>
             
         </v1:request>
      </v1:getPlaceCountryRequest>
   </soapenv:Body>
</soapenv:Envelope>]]></con:request><con:credentials><con:selectedAuthProfile>Basic</con:selectedAuthProfile><con:addedBasicAuthenticationTypes>Basic</con:addedBasicAuthenticationTypes><con:authType>Global HTTP Settings</con:authType></con:credentials><con:jmsConfig JMSDeliveryMode="PERSISTENT"/><con:jmsPropertyConfig/><con:wsaConfig mustUnderstand="NONE" version="200508" action="http://fidus.brussels/services/countryservice/getPlaceCountry"/><con:wsrmConfig version="1.2"/></con:call><con:call id="cbb79a22-0a93-4e64-848a-3c40ed04c033" name="03 - Test Worker2 - Request" outgoingWss="Outflow TEST" incomingWss="Inflow TEST"><con:settings><con:setting id="com.eviware.soapui.impl.wsdl.WsdlRequest@request-headers">&lt;xml-fragment/></con:setting></con:settings><con:encoding>UTF-8</con:encoding><con:endpoint>https://192.168.24.17:8443/services/CountryService_v1.0</con:endpoint><con:request><![CDATA[<soapenv:Envelope xmlns:soapenv="http://schemas.xmlsoap.org/soap/envelope/" xmlns:v1="http://fidus.brussels/service/countryservice/messages/v1" xmlns:v11="http://fidus.brussels/type/common/messages/v1" xmlns:v12="http://fsb.belgium.be/mappingServices/countryService/messages/v1_00">
   <soapenv:Header/>
   <soapenv:Body>
      <v1:getPlaceCountryRequest>
         <v1:messageContext>
            <v11:messageId>${=import static java.util.UUID.randomUUID; uuid = randomUUID() as String}</v11:messageId>
            <!--Optional:-->
            <v11:timestamp>${=new java.text.SimpleDateFormat("yyyy-MM-dd'T'HH:mm:ss.SSS").format(new Date())}</v11:timestamp>
         </v1:messageContext>
         <v1:legalContext>ServiceIntegrator</v1:legalContext>
         <v1:request>
            <!--You have a CHOICE of the next 4 items at this level-->
            <!--
            <v12:iso-alpha2 startDate="?" endDate="?" status="?">?</v12:iso-alpha2>
            <v12:iso-alpha3 startDate="?" endDate="?" status="?">?</v12:iso-alpha3>
            <v12:iso-num3 startDate="?" endDate="?" status="?">?</v12:iso-num3>
            <v12:nis-num3 startDate="?" endDate="?" status="?">?</v12:nis-num3>
			-->
             <v12:iso-alpha2>NL</v12:iso-alpha2>
             
         </v1:request>
      </v1:getPlaceCountryRequest>
   </soapenv:Body>
</soapenv:Envelope>]]></con:request><con:credentials><con:selectedAuthProfile>Basic</con:selectedAuthProfile><con:addedBasicAuthenticationTypes>Basic</con:addedBasicAuthenticationTypes><con:authType>Global HTTP Settings</con:authType></con:credentials><con:jmsConfig JMSDeliveryMode="PERSISTENT"/><con:jmsPropertyConfig/><con:wsaConfig mustUnderstand="NONE" version="200508" action="http://fidus.brussels/services/countryservice/getPlaceCountry"/><con:wsrmConfig version="1.2"/></con:call><con:call id="3e6e6e5b-0cbd-41b1-b4c0-2c3381d4e488" name="02 - DevNew - Request" outgoingWss="Outflow DEV" incomingWss="Inflow DEV"><con:settings><con:setting id="com.eviware.soapui.impl.wsdl.WsdlRequest@request-headers">&lt;xml-fragment/></con:setting></con:settings><con:encoding>UTF-8</con:encoding><con:endpoint>https://192.168.36.75:8243/services/CountryService_v1.0</con:endpoint><con:request><![CDATA[<soapenv:Envelope xmlns:soapenv="http://schemas.xmlsoap.org/soap/envelope/" xmlns:v1="http://fidus.brussels/service/countryservice/messages/v1" xmlns:v11="http://fidus.brussels/type/common/messages/v1" xmlns:v12="http://fsb.belgium.be/mappingServices/countryService/messages/v1_00">
   <soapenv:Header/>
   <soapenv:Body>
      <v1:getPlaceCountryRequest>
         <v1:messageContext>
            <v11:messageId>${=import static java.util.UUID.randomUUID; uuid = randomUUID() as String}</v11:messageId>
            <!--Optional:-->
            <v11:timestamp>${=new java.text.SimpleDateFormat("yyyy-MM-dd'T'HH:mm:ss.SSS").format(new Date())}</v11:timestamp>
         </v1:messageContext>
         <v1:legalContext>ServiceIntegrator</v1:legalContext>
         <v1:request>
            <!--You have a CHOICE of the next 4 items at this level-->
            <!--
            <v12:iso-alpha2 startDate="?" endDate="?" status="?">?</v12:iso-alpha2>
            <v12:iso-alpha3 startDate="?" endDate="?" status="?">?</v12:iso-alpha3>
            <v12:iso-num3 startDate="?" endDate="?" status="?">?</v12:iso-num3>
            <v12:nis-num3 startDate="?" endDate="?" status="?">?</v12:nis-num3>
			-->
             <v12:iso-alpha2>NL</v12:iso-alpha2>
             
         </v1:request>
      </v1:getPlaceCountryRequest>
   </soapenv:Body>
</soapenv:Envelope>]]></con:request><con:credentials><con:selectedAuthProfile>Basic</con:selectedAuthProfile><con:addedBasicAuthenticationTypes>Basic</con:addedBasicAuthenticationTypes><con:authType>Global HTTP Settings</con:authType></con:credentials><con:jmsConfig JMSDeliveryMode="PERSISTENT"/><con:jmsPropertyConfig/><con:wsaConfig mustUnderstand="NONE" version="200508" action="http://fidus.brussels/services/countryservice/getPlaceCountry"/><con:wsrmConfig version="1.2"/></con:call></con:operation><con:operation id="291f4af9-456f-4d71-bba4-a542b6b50a3d" isOneWay="false" action="http://fidus.brussels/services/countryservice/getPlaceCountryHistory" name="getPlaceCountryHistory" bindingOperationName="getPlaceCountryHistory" type="Request-Response" inputName="" receivesAttachments="false" sendsAttachments="false" anonymous="optional"><con:settings/><con:call id="daaac330-7a1c-4bba-a496-ddf8359d06f9" name="01 - Local - Request" outgoingWss="Outflow DEV" incomingWss="Inflow DEV"><con:settings><con:setting id="com.eviware.soapui.impl.wsdl.WsdlRequest@request-headers">&lt;xml-fragment/></con:setting></con:settings><con:encoding>UTF-8</con:encoding><con:endpoint>https://localhost:8243/services/CountryService_v1.0</con:endpoint><con:request><![CDATA[<soapenv:Envelope xmlns:soapenv="http://schemas.xmlsoap.org/soap/envelope/" xmlns:v1="http://fidus.brussels/service/countryservice/messages/v1" xmlns:v11="http://fidus.brussels/type/common/messages/v1" xmlns:v12="http://fsb.belgium.be/mappingServices/countryService/messages/v1_00">
   <soapenv:Header/>
   <soapenv:Body>
      <v1:getPlaceCountryHistoryRequest>
         <v1:messageContext>
            <v11:messageId>${=import static java.util.UUID.randomUUID; uuid = randomUUID() as String}</v11:messageId>
            <!--Optional:-->
            <v11:timestamp>${=new java.text.SimpleDateFormat("yyyy-MM-dd'T'HH:mm:ss.SSS").format(new Date())}</v11:timestamp>
         </v1:messageContext>
         <v1:legalContext>ServiceIntegrator</v1:legalContext>
         <v1:request>
            <v12:iso-alpha2>FR</v12:iso-alpha2>
            <!--Optional:-->
            <!--<v12:referenceDate>2016-10-10</v12:referenceDate>-->
         </v1:request>
      </v1:getPlaceCountryHistoryRequest>
   </soapenv:Body>
</soapenv:Envelope>


]]></con:request><con:credentials><con:selectedAuthProfile>Basic</con:selectedAuthProfile><con:addedBasicAuthenticationTypes>Basic</con:addedBasicAuthenticationTypes><con:authType>Global HTTP Settings</con:authType></con:credentials><con:jmsConfig JMSDeliveryMode="PERSISTENT"/><con:jmsPropertyConfig/><con:wsaConfig mustUnderstand="NONE" version="200508" action="http://fidus.brussels/services/countryservice/getPlaceCountryHistory"/><con:wsrmConfig version="1.2"/></con:call><con:call id="ff67598e-4872-4bfe-9178-20e9ed09f1d9" name="01 - Local - Request-Invalid-Iso_alpha2" outgoingWss="Outflow DEV" incomingWss="Inflow DEV"><con:settings><con:setting id="com.eviware.soapui.impl.wsdl.WsdlRequest@request-headers">&lt;xml-fragment/></con:setting></con:settings><con:encoding>UTF-8</con:encoding><con:endpoint>https://localhost:8243/services/CountryService_v1.0</con:endpoint><con:request><![CDATA[<soapenv:Envelope xmlns:soapenv="http://schemas.xmlsoap.org/soap/envelope/" xmlns:v1="http://fidus.brussels/service/countryservice/messages/v1" xmlns:v11="http://fidus.brussels/type/common/messages/v1" xmlns:v12="http://fsb.belgium.be/mappingServices/countryService/messages/v1_00">
   <soapenv:Header/>
   <soapenv:Body>
      <v1:getPlaceCountryHistoryRequest>
         <v1:messageContext>
            <v11:messageId>${=import static java.util.UUID.randomUUID; uuid = randomUUID() as String}</v11:messageId>
            <!--Optional:-->
            <v11:timestamp>${=new java.text.SimpleDateFormat("yyyy-MM-dd'T'HH:mm:ss.SSS").format(new Date())}</v11:timestamp>
         </v1:messageContext>
         <v1:legalContext>ServiceIntegrator</v1:legalContext>
         <v1:request>
            <v12:iso-alpha2>XX</v12:iso-alpha2>
            <!--Optional:-->
            <v12:referenceDate>2016-10-10</v12:referenceDate>
         </v1:request>
      </v1:getPlaceCountryHistoryRequest>
   </soapenv:Body>
</soapenv:Envelope>]]></con:request><con:credentials><con:selectedAuthProfile>Basic</con:selectedAuthProfile><con:addedBasicAuthenticationTypes>Basic</con:addedBasicAuthenticationTypes><con:authType>Global HTTP Settings</con:authType></con:credentials><con:jmsConfig JMSDeliveryMode="PERSISTENT"/><con:jmsPropertyConfig/><con:wsaConfig mustUnderstand="NONE" version="200508" action="http://fidus.brussels/services/countryservice/getPlaceCountryHistory"/><con:wsrmConfig version="1.2"/></con:call><con:call id="72136c5a-66a1-482e-9105-e06868c860b9" name="02 - Dev - Request" outgoingWss="Outflow DEV" incomingWss="Inflow DEV"><con:settings><con:setting id="com.eviware.soapui.impl.wsdl.WsdlRequest@request-headers">&lt;xml-fragment/></con:setting></con:settings><con:encoding>UTF-8</con:encoding><con:endpoint>https://192.168.36.61:8243/services/CountryService_v1.0</con:endpoint><con:request><![CDATA[<soapenv:Envelope xmlns:soapenv="http://schemas.xmlsoap.org/soap/envelope/" xmlns:v1="http://fidus.brussels/service/countryservice/messages/v1" xmlns:v11="http://fidus.brussels/type/common/messages/v1" xmlns:v12="http://fsb.belgium.be/mappingServices/countryService/messages/v1_00">
   <soapenv:Header/>
   <soapenv:Body xmlns:soapenv="http://schemas.xmlsoap.org/soap/envelope/" xmlns:wsu="http://docs.oasis-open.org/wss/2004/01/oasis-200401-wss-wssecurity-utility-1.0.xsd" wsu:Id="id-5C8D63ADC1427B4599147860106781222">
   <v1:getPlaceCountryHistoryRequest xmlns:v1="http://fidus.brussels/service/countryservice/messages/v1">
         <v1:messageContext>
            <v11:messageId xmlns:v11="http://fidus.brussels/type/common/messages/v1">504da2d0-a96a-41e9-b3dd-3c1f56039568</v11:messageId>
            <!--Optional:-->
            <v11:timestamp xmlns:v11="http://fidus.brussels/type/common/messages/v1">2016-11-08T11:31:07.809</v11:timestamp>
         </v1:messageContext>
         <v1:legalContext>ServiceIntegrator</v1:legalContext>
         <v1:request>
            <v12:iso-alpha2 xmlns:v12="http://fsb.belgium.be/mappingServices/countryService/messages/v1_00">NL</v12:iso-alpha2>
            <!--Optional:-->
            <v12:referenceDate xmlns:v12="http://fsb.belgium.be/mappingServices/countryService/messages/v1_00">2016-10-10</v12:referenceDate>
         </v1:request>
      </v1:getPlaceCountryHistoryRequest>
   </soapenv:Body>
</soapenv:Envelope>]]></con:request><con:credentials><con:selectedAuthProfile>Basic</con:selectedAuthProfile><con:addedBasicAuthenticationTypes>Basic</con:addedBasicAuthenticationTypes><con:authType>Global HTTP Settings</con:authType></con:credentials><con:jmsConfig JMSDeliveryMode="PERSISTENT"/><con:jmsPropertyConfig/><con:wsaConfig mustUnderstand="NONE" version="200508" action="http://fidus.brussels/services/countryservice/getPlaceCountryHistory"/><con:wsrmConfig version="1.2"/></con:call><con:call id="c54c9a3b-84d4-4dda-8068-d7e223e20799" name="03 - Test External - Request" outgoingWss="Outflow TEST" incomingWss="Inflow TEST"><con:settings><con:setting id="com.eviware.soapui.impl.wsdl.WsdlRequest@request-headers">&lt;xml-fragment/></con:setting></con:settings><con:encoding>UTF-8</con:encoding><con:endpoint>https://fidus.irisnetlab.be/services/CountryService_v1.0</con:endpoint><con:request><![CDATA[<soapenv:Envelope xmlns:soapenv="http://schemas.xmlsoap.org/soap/envelope/" xmlns:v1="http://fidus.brussels/service/countryservice/messages/v1" xmlns:v11="http://fidus.brussels/type/common/messages/v1" xmlns:v12="http://fsb.belgium.be/mappingServices/countryService/messages/v1_00">
   <soapenv:Header/>
   <soapenv:Body>
      <v1:getPlaceCountryHistoryRequest>
         <v1:messageContext>
            <v11:messageId>${=import static java.util.UUID.randomUUID; uuid = randomUUID() as String}</v11:messageId>
            <!--Optional:-->
            <v11:timestamp>${=new java.text.SimpleDateFormat("yyyy-MM-dd'T'HH:mm:ss.SSS").format(new Date())}</v11:timestamp>
         </v1:messageContext>
         <v1:legalContext>ServiceIntegrator</v1:legalContext>
         <v1:request>
            <v12:iso-alpha2>NL</v12:iso-alpha2>
         </v1:request>
      </v1:getPlaceCountryHistoryRequest>
   </soapenv:Body>
</soapenv:Envelope>]]></con:request><con:credentials><con:selectedAuthProfile>Basic</con:selectedAuthProfile><con:addedBasicAuthenticationTypes>Basic</con:addedBasicAuthenticationTypes><con:authType>Global HTTP Settings</con:authType></con:credentials><con:jmsConfig JMSDeliveryMode="PERSISTENT"/><con:jmsPropertyConfig/><con:wsaConfig mustUnderstand="NONE" version="200508" action="http://fidus.brussels/services/countryservice/getPlaceCountryHistory"/><con:wsrmConfig version="1.2"/></con:call><con:call id="d87e865f-c258-4cd7-9fd2-b3ccd8ba8016" name="03 - Test LB - Request" outgoingWss="Outflow TEST" incomingWss="Inflow TEST"><con:settings><con:setting id="com.eviware.soapui.impl.wsdl.WsdlRequest@request-headers">&lt;xml-fragment/></con:setting></con:settings><con:encoding>UTF-8</con:encoding><con:endpoint>https://fidus-esb-sg.sta.srv.cirb.lan:8443/services/CountryService_v1.0</con:endpoint><con:request><![CDATA[<soapenv:Envelope xmlns:soapenv="http://schemas.xmlsoap.org/soap/envelope/" xmlns:v1="http://fidus.brussels/service/countryservice/messages/v1" xmlns:v11="http://fidus.brussels/type/common/messages/v1" xmlns:v12="http://fsb.belgium.be/mappingServices/countryService/messages/v1_00">
   <soapenv:Header/>
   <soapenv:Body>
      <v1:getPlaceCountryHistoryRequest>
         <v1:messageContext>
            <v11:messageId>${=import static java.util.UUID.randomUUID; uuid = randomUUID() as String}</v11:messageId>
            <!--Optional:-->
            <v11:timestamp>${=new java.text.SimpleDateFormat("yyyy-MM-dd'T'HH:mm:ss.SSS").format(new Date())}</v11:timestamp>
         </v1:messageContext>
         <v1:legalContext>ServiceIntegrator</v1:legalContext>
         <v1:request>
            <v12:iso-alpha2>BR</v12:iso-alpha2>
            <!--Optional:-->
            <!--<v12:referenceDate>2016-10-10</v12:referenceDate>-->
         </v1:request>
      </v1:getPlaceCountryHistoryRequest>
   </soapenv:Body>
</soapenv:Envelope>]]></con:request><con:credentials><con:selectedAuthProfile>Basic</con:selectedAuthProfile><con:addedBasicAuthenticationTypes>Basic</con:addedBasicAuthenticationTypes><con:authType>Global HTTP Settings</con:authType></con:credentials><con:jmsConfig JMSDeliveryMode="PERSISTENT"/><con:jmsPropertyConfig/><con:wsaConfig mustUnderstand="NONE" version="200508" action="http://fidus.brussels/services/countryservice/getPlaceCountryHistory"/><con:wsrmConfig version="1.2"/></con:call><con:call id="4704ca99-6548-4729-ab8d-f40f5b3c296a" name="03 - Test Worker1 - Request" outgoingWss="Outflow TEST" incomingWss="Inflow TEST"><con:settings><con:setting id="com.eviware.soapui.impl.wsdl.WsdlRequest@request-headers">&lt;xml-fragment/></con:setting></con:settings><con:encoding>UTF-8</con:encoding><con:endpoint>https://192.168.24.16:8443/services/CountryService_v1.0</con:endpoint><con:request><![CDATA[<soapenv:Envelope xmlns:soapenv="http://schemas.xmlsoap.org/soap/envelope/" xmlns:v1="http://fidus.brussels/service/countryservice/messages/v1" xmlns:v11="http://fidus.brussels/type/common/messages/v1" xmlns:v12="http://fsb.belgium.be/mappingServices/countryService/messages/v1_00">
   <soapenv:Header/>
   <soapenv:Body>
      <v1:getPlaceCountryHistoryRequest>
         <v1:messageContext>
            <v11:messageId>${=import static java.util.UUID.randomUUID; uuid = randomUUID() as String}</v11:messageId>
            <!--Optional:-->
            <v11:timestamp>${=new java.text.SimpleDateFormat("yyyy-MM-dd'T'HH:mm:ss.SSS").format(new Date())}</v11:timestamp>
         </v1:messageContext>
         <v1:legalContext>ServiceIntegrator</v1:legalContext>
         <v1:request>
            <v12:iso-alpha2>PL</v12:iso-alpha2>
            <!--Optional:-->
            
         </v1:request>
      </v1:getPlaceCountryHistoryRequest>
   </soapenv:Body>
</soapenv:Envelope>]]></con:request><con:credentials><con:selectedAuthProfile>Basic</con:selectedAuthProfile><con:addedBasicAuthenticationTypes>Basic</con:addedBasicAuthenticationTypes><con:authType>Global HTTP Settings</con:authType></con:credentials><con:jmsConfig JMSDeliveryMode="PERSISTENT"/><con:jmsPropertyConfig/><con:wsaConfig mustUnderstand="NONE" version="200508" action="http://fidus.brussels/services/countryservice/getPlaceCountryHistory"/><con:wsrmConfig version="1.2"/></con:call><con:call id="cb2a1c4e-2361-4d4c-8b7f-86701a44921a" name="03 - Test Worker2 - Request" outgoingWss="Outflow TEST" incomingWss="Inflow TEST"><con:settings><con:setting id="com.eviware.soapui.impl.wsdl.WsdlRequest@request-headers">&lt;xml-fragment/></con:setting></con:settings><con:encoding>UTF-8</con:encoding><con:endpoint>https://192.168.24.17:8443/services/CountryService_v1.0</con:endpoint><con:request><![CDATA[<soapenv:Envelope xmlns:soapenv="http://schemas.xmlsoap.org/soap/envelope/" xmlns:v1="http://fidus.brussels/service/countryservice/messages/v1" xmlns:v11="http://fidus.brussels/type/common/messages/v1" xmlns:v12="http://fsb.belgium.be/mappingServices/countryService/messages/v1_00">
   <soapenv:Header/>
   <soapenv:Body>
      <v1:getPlaceCountryHistoryRequest>
         <v1:messageContext>
            <v11:messageId>${=import static java.util.UUID.randomUUID; uuid = randomUUID() as String}</v11:messageId>
            <!--Optional:-->
            <v11:timestamp>${=new java.text.SimpleDateFormat("yyyy-MM-dd'T'HH:mm:ss.SSS").format(new Date())}</v11:timestamp>
         </v1:messageContext>
         <v1:legalContext>ServiceIntegrator</v1:legalContext>
         <v1:request>
            <v12:iso-alpha2>DE</v12:iso-alpha2>
            <!--Optional:-->
            <v12:referenceDate>2000-01-01</v12:referenceDate>
         </v1:request>
      </v1:getPlaceCountryHistoryRequest>
   </soapenv:Body>
</soapenv:Envelope>]]></con:request><con:credentials><con:selectedAuthProfile>Basic</con:selectedAuthProfile><con:addedBasicAuthenticationTypes>Basic</con:addedBasicAuthenticationTypes><con:authType>Global HTTP Settings</con:authType></con:credentials><con:jmsConfig JMSDeliveryMode="PERSISTENT"/><con:jmsPropertyConfig/><con:wsaConfig mustUnderstand="NONE" version="200508" action="http://fidus.brussels/services/countryservice/getPlaceCountryHistory"/><con:wsrmConfig version="1.2"/></con:call><con:call id="f193594b-ff5a-4383-823d-a955ef07f1bb" name="02 - DevNew - Request" outgoingWss="Outflow DEV" incomingWss="Inflow DEV"><con:settings><con:setting id="com.eviware.soapui.impl.wsdl.WsdlRequest@request-headers">&lt;xml-fragment/></con:setting></con:settings><con:encoding>UTF-8</con:encoding><con:endpoint>https://192.168.36.75:8243/services/CountryService_v1.0</con:endpoint><con:request><![CDATA[<soapenv:Envelope xmlns:soapenv="http://schemas.xmlsoap.org/soap/envelope/" xmlns:v1="http://fidus.brussels/service/countryservice/messages/v1" xmlns:v11="http://fidus.brussels/type/common/messages/v1" xmlns:v12="http://fsb.belgium.be/mappingServices/countryService/messages/v1_00">
   <soapenv:Header/>
   <soapenv:Body xmlns:soapenv="http://schemas.xmlsoap.org/soap/envelope/" xmlns:wsu="http://docs.oasis-open.org/wss/2004/01/oasis-200401-wss-wssecurity-utility-1.0.xsd" wsu:Id="id-5C8D63ADC1427B4599147860106781222">
   <v1:getPlaceCountryHistoryRequest xmlns:v1="http://fidus.brussels/service/countryservice/messages/v1">
         <v1:messageContext>
            <v11:messageId xmlns:v11="http://fidus.brussels/type/common/messages/v1">504da2d0-a96a-41e9-b3dd-3c1f56039568</v11:messageId>
            <!--Optional:-->
            <v11:timestamp xmlns:v11="http://fidus.brussels/type/common/messages/v1">2016-11-08T11:31:07.809</v11:timestamp>
         </v1:messageContext>
         <v1:legalContext>ServiceIntegrator</v1:legalContext>
         <v1:request>
            <v12:iso-alpha2 xmlns:v12="http://fsb.belgium.be/mappingServices/countryService/messages/v1_00">NL</v12:iso-alpha2>
            <!--Optional:-->
            <v12:referenceDate xmlns:v12="http://fsb.belgium.be/mappingServices/countryService/messages/v1_00">2016-10-10</v12:referenceDate>
         </v1:request>
      </v1:getPlaceCountryHistoryRequest>
   </soapenv:Body>
</soapenv:Envelope>]]></con:request><con:credentials><con:selectedAuthProfile>Basic</con:selectedAuthProfile><con:addedBasicAuthenticationTypes>Basic</con:addedBasicAuthenticationTypes><con:authType>Global HTTP Settings</con:authType></con:credentials><con:jmsConfig JMSDeliveryMode="PERSISTENT"/><con:jmsPropertyConfig/><con:wsaConfig mustUnderstand="NONE" version="200508" action="http://fidus.brussels/services/countryservice/getPlaceCountryHistory"/><con:wsrmConfig version="1.2"/></con:call></con:operation></con:interface><con:testSuite id="04702e67-16e7-42d1-b28f-e130dc3d827b" name="TEST"><con:settings/><con:runType>SEQUENTIAL</con:runType><con:testCase id="072553b8-ce4d-4164-9297-71cb2b13c518" failOnError="true" failTestCaseOnErrors="true" keepSession="false" maxResults="0" name="getAddressCountries" searchProperties="true"><con:settings/><con:testStep type="request" id="348fd452-0bf6-4afa-bed0-ea5c33241d29" name="testcase03 - Test Worker1 - Request"><con:settings/><con:config xsi:type="con:RequestStep" xmlns:xsi="http://www.w3.org/2001/XMLSchema-instance"><con:interface>CountryServiceHTTPBinding</con:interface><con:operation>getAddressCountries</con:operation><con:request name="testcase03 - Test Worker1 - Request" id="62456db3-c188-46a1-9ff1-d8fa65574e60" outgoingWss="Outflow TEST"><con:settings/><con:encoding>UTF-8</con:encoding><con:endpoint>https://192.168.24.16:8443/services/CountryService_v1.0</con:endpoint><con:request><![CDATA[<soapenv:Envelope xmlns:soapenv="http://schemas.xmlsoap.org/soap/envelope/" xmlns:v1="http://fidus.brussels/service/countryservice/messages/v1" xmlns:v11="http://fidus.brussels/type/common/messages/v1">
   <soapenv:Header/>
   <soapenv:Body>
      <v1:getAddressCountriesRequest>
         <v1:messageContext>
            <v11:messageId>${=import static java.util.UUID.randomUUID; uuid = randomUUID() as String}</v11:messageId>
            <!--Optional:-->
            <v11:timestamp>${=new java.text.SimpleDateFormat("yyyy-MM-dd'T'HH:mm:ss.SSS").format(new Date())}</v11:timestamp>
         </v1:messageContext>
         <v1:legalContext>ServiceIntegrator</v1:legalContext>
         <v1:request>
            <!--Optional:-->
            <v1:referenceDate>2016-10-10</v1:referenceDate>
         </v1:request>
      </v1:getAddressCountriesRequest>
   </soapenv:Body>
</soapenv:Envelope>]]></con:request><con:assertion type="SOAP Fault Assertion" id="75d1cb96-7af8-4ab1-a8d0-1d6fde09e6a4" name="Not SOAP Fault"/><con:assertion type="SOAP Response" id="68fed9d2-cafe-4a5f-b678-a7e603709acd" name="SOAP Response"/><con:assertion type="Schema Compliance" id="5644be6f-afea-48e8-8324-a7ca88b1e7c7" name="Schema Compliance"><con:configuration/></con:assertion><con:wsaConfig action="http://fidus.brussels/services/countryservice/getAddressCountries"/></con:request></con:config></con:testStep><con:testStep type="request" id="06b2826b-cb54-44d3-b91f-3ddc2543de82" name="testcase03 - Test Worker2 - Request"><con:settings/><con:config xsi:type="con:RequestStep" xmlns:xsi="http://www.w3.org/2001/XMLSchema-instance"><con:interface>CountryServiceHTTPBinding</con:interface><con:operation>getAddressCountries</con:operation><con:request name="testcase03 - Test Worker2 - Request" id="4e9ccc45-453a-4636-be82-17c73038b4f0" outgoingWss="Outflow TEST"><con:settings/><con:encoding>UTF-8</con:encoding><con:endpoint>https://192.168.24.17:8443/services/CountryService_v1.0</con:endpoint><con:request><![CDATA[<soapenv:Envelope xmlns:soapenv="http://schemas.xmlsoap.org/soap/envelope/" xmlns:v1="http://fidus.brussels/service/countryservice/messages/v1" xmlns:v11="http://fidus.brussels/type/common/messages/v1">
   <soapenv:Header/>
   <soapenv:Body>
      <v1:getAddressCountriesRequest>
         <v1:messageContext>
            <v11:messageId>${=import static java.util.UUID.randomUUID; uuid = randomUUID() as String}</v11:messageId>
            <!--Optional:-->
            <v11:timestamp>${=new java.text.SimpleDateFormat("yyyy-MM-dd'T'HH:mm:ss.SSS").format(new Date())}</v11:timestamp>
         </v1:messageContext>
         <v1:legalContext>ServiceIntegrator</v1:legalContext>
         <v1:request>
            <!--Optional:-->
            <v1:referenceDate>2016-10-10</v1:referenceDate>
         </v1:request>
      </v1:getAddressCountriesRequest>
   </soapenv:Body>
</soapenv:Envelope>]]></con:request><con:assertion type="SOAP Fault Assertion" id="c1cbcbad-63c7-4876-a453-2bd4c2b2f50d" name="Not SOAP Fault"/><con:assertion type="SOAP Response" id="6d2fc3a6-1e6c-423e-81bf-2e413f93a43c" name="SOAP Response"/><con:assertion type="Schema Compliance" id="b4788753-c5a3-4b9b-9674-fbbd67a6ed69" name="Schema Compliance"><con:configuration/></con:assertion><con:wsaConfig action="http://fidus.brussels/services/countryservice/getAddressCountries"/></con:request></con:config></con:testStep><con:testStep type="request" id="fc2aae0e-5216-4251-9c74-3bc24258b504" name="testcase03 - Test External - Request"><con:settings/><con:config xsi:type="con:RequestStep" xmlns:xsi="http://www.w3.org/2001/XMLSchema-instance"><con:interface>CountryServiceHTTPBinding</con:interface><con:operation>getAddressCountries</con:operation><con:request name="testcase03 - Test External - Request" id="284bfcd4-b94a-4cb5-9d1e-cbbdde8cfcfe" outgoingWss="Outflow TEST"><con:settings/><con:encoding>UTF-8</con:encoding><con:endpoint>https://fidus.irisnetlab.be/services/CountryService_v1.0</con:endpoint><con:request><![CDATA[<soapenv:Envelope xmlns:soapenv="http://schemas.xmlsoap.org/soap/envelope/" xmlns:v1="http://fidus.brussels/service/countryservice/messages/v1" xmlns:v11="http://fidus.brussels/type/common/messages/v1">
   <soapenv:Header/>
   <soapenv:Body>
      <v1:getAddressCountriesRequest>
         <v1:messageContext>
            <v11:messageId>${=import static java.util.UUID.randomUUID; uuid = randomUUID() as String}</v11:messageId>
            <!--Optional:-->
            <v11:timestamp>${=new java.text.SimpleDateFormat("yyyy-MM-dd'T'HH:mm:ss.SSS").format(new Date())}</v11:timestamp>
         </v1:messageContext>
         <v1:legalContext>ServiceIntegrator</v1:legalContext>
         <v1:request>
            <!--Optional:-->
            <v1:referenceDate>2016-10-10</v1:referenceDate>
         </v1:request>
      </v1:getAddressCountriesRequest>
   </soapenv:Body>
</soapenv:Envelope>]]></con:request><con:assertion type="SOAP Fault Assertion" id="b49a7c55-46c8-465b-a79f-5e88b94c3147" name="Not SOAP Fault"/><con:assertion type="SOAP Response" id="ddfdde3f-2154-4711-a32e-168b85de1ac7" name="SOAP Response"/><con:assertion type="Schema Compliance" id="e9c20c66-3bdf-4028-9f7a-a1f216202646" name="Schema Compliance"><con:configuration/></con:assertion><con:wsaConfig action="http://fidus.brussels/services/countryservice/getAddressCountries"/></con:request></con:config></con:testStep><con:testStep type="request" id="3b2dbe70-6e67-43dc-ba8b-78d6c3cb8dd4" name="testcase03 - Test LB - Request"><con:settings/><con:config xsi:type="con:RequestStep" xmlns:xsi="http://www.w3.org/2001/XMLSchema-instance"><con:interface>CountryServiceHTTPBinding</con:interface><con:operation>getAddressCountries</con:operation><con:request name="testcase03 - Test LB - Request" id="bafd1877-f34b-48e2-bfdc-521f33985657" outgoingWss="Outflow TEST"><con:settings/><con:encoding>UTF-8</con:encoding><con:endpoint>https://fidus-esb-sg.sta.srv.cirb.lan:8443/services/CountryService_v1.0</con:endpoint><con:request><![CDATA[<soapenv:Envelope xmlns:soapenv="http://schemas.xmlsoap.org/soap/envelope/" xmlns:v1="http://fidus.brussels/service/countryservice/messages/v1" xmlns:v11="http://fidus.brussels/type/common/messages/v1">
   <soapenv:Header/>
   <soapenv:Body>
      <v1:getAddressCountriesRequest>
         <v1:messageContext>
            <v11:messageId>${=import static java.util.UUID.randomUUID; uuid = randomUUID() as String}</v11:messageId>
            <!--Optional:-->
            <v11:timestamp>${=new java.text.SimpleDateFormat("yyyy-MM-dd'T'HH:mm:ss.SSS").format(new Date())}</v11:timestamp>
         </v1:messageContext>
         <v1:legalContext>ServiceIntegrator</v1:legalContext>
         <v1:request>
            <!--Optional:-->
            <v1:referenceDate>2016-10-10</v1:referenceDate>
         </v1:request>
      </v1:getAddressCountriesRequest>
   </soapenv:Body>
</soapenv:Envelope>]]></con:request><con:assertion type="SOAP Fault Assertion" id="460a2ccc-378b-4b47-8e1d-f2894d4de36a" name="Not SOAP Fault"/><con:assertion type="SOAP Response" id="bf56131b-de40-4059-95c4-c93e53d70525" name="SOAP Response"/><con:assertion type="Schema Compliance" id="dde53a1c-8999-49e9-b5b0-e45ebdcbeae7" name="Schema Compliance"><con:configuration/></con:assertion><con:wsaConfig action="http://fidus.brussels/services/countryservice/getAddressCountries"/></con:request></con:config></con:testStep><con:properties/></con:testCase><con:testCase id="0b4a1ed0-3c98-4691-9a0f-43bdf3dee637" failOnError="true" failTestCaseOnErrors="true" keepSession="false" maxResults="0" name="getAddressCountry" searchProperties="true"><con:settings/><con:testStep type="request" id="fa9ae43a-81ba-42e8-b86b-4210ce9066b0" name="testcase03 - Test External - Request"><con:settings/><con:config xsi:type="con:RequestStep" xmlns:xsi="http://www.w3.org/2001/XMLSchema-instance"><con:interface>CountryServiceHTTPBinding</con:interface><con:operation>getAddressCountry</con:operation><con:request name="testcase03 - Test External - Request" id="bc3e78eb-e5be-474f-904e-7dc017d68588" outgoingWss="Outflow TEST"><con:settings/><con:encoding>UTF-8</con:encoding><con:endpoint>https://fidus-test.irisnetlab.be/services/CountryService_v1.0</con:endpoint><con:request><![CDATA[<soapenv:Envelope xmlns:soapenv="http://schemas.xmlsoap.org/soap/envelope/" xmlns:v1="http://fidus.brussels/service/countryservice/messages/v1" xmlns:v11="http://fidus.brussels/type/common/messages/v1" xmlns:v12="http://fsb.belgium.be/mappingServices/countryService/messages/v1_00">
   <soapenv:Header/>
   <soapenv:Body>
      <v1:getAddressCountryRequest>
         <v1:messageContext>
            <v11:messageId>${=import static java.util.UUID.randomUUID; uuid = randomUUID() as String}</v11:messageId>
            <!--Optional:-->
            <v11:timestamp>${=new java.text.SimpleDateFormat("yyyy-MM-dd'T'HH:mm:ss.SSS").format(new Date())}</v11:timestamp>
         </v1:messageContext>
         <v1:legalContext>ServiceIntegrator</v1:legalContext>
         <v1:request>
            <!--You have a CHOICE of the next 4 items at this level-->
            <v12:iso-alpha2>BE</v12:iso-alpha2>
            <!--<v12:iso-alpha3 startDate="?" endDate="?" status="?">?</v12:iso-alpha3>-->
            <!--<v12:iso-num3 startDate="?" endDate="?" status="?">?</v12:iso-num3>-->
            <!--<v12:nis-num3 startDate="?" endDate="?" status="?">?</v12:nis-num3>-->
         </v1:request>
      </v1:getAddressCountryRequest>
   </soapenv:Body>
</soapenv:Envelope>]]></con:request><con:assertion type="SOAP Fault Assertion" id="9ae98739-043a-442e-bda6-a582536368d6" name="Not SOAP Fault"/><con:assertion type="SOAP Response" id="d2d05532-009c-4968-9c3d-2fa51a95874a" name="SOAP Response"/><con:assertion type="Schema Compliance" id="70ae993f-df24-47cf-893f-1d86d507ea35" name="Schema Compliance"><con:configuration/></con:assertion><con:wsaConfig action="http://fidus.brussels/services/countryservice/getAddressCountry"/></con:request></con:config></con:testStep><con:testStep type="request" id="99efc72a-5360-4518-b98e-536e75442b93" name="testcase03 - Test LB - Request"><con:settings/><con:config xsi:type="con:RequestStep" xmlns:xsi="http://www.w3.org/2001/XMLSchema-instance"><con:interface>CountryServiceHTTPBinding</con:interface><con:operation>getAddressCountry</con:operation><con:request name="testcase03 - Test LB - Request" id="8f37df02-3fec-4b50-a146-7fe10f6a4002" outgoingWss="Outflow TEST"><con:settings/><con:encoding>UTF-8</con:encoding><con:endpoint>https://fidus-esb-sg.sta.srv.cirb.lan:8443/services/CountryService_v1.0</con:endpoint><con:request><![CDATA[<soapenv:Envelope xmlns:soapenv="http://schemas.xmlsoap.org/soap/envelope/" xmlns:v1="http://fidus.brussels/service/countryservice/messages/v1" xmlns:v11="http://fidus.brussels/type/common/messages/v1" xmlns:v12="http://fsb.belgium.be/mappingServices/countryService/messages/v1_00">
   <soapenv:Header/>
   <soapenv:Body>
      <v1:getAddressCountryRequest>
         <v1:messageContext>
            <v11:messageId>${=import static java.util.UUID.randomUUID; uuid = randomUUID() as String}</v11:messageId>
            <!--Optional:-->
            <v11:timestamp>${=new java.text.SimpleDateFormat("yyyy-MM-dd'T'HH:mm:ss.SSS").format(new Date())}</v11:timestamp>
         </v1:messageContext>
         <v1:legalContext>ServiceIntegrator</v1:legalContext>
         <v1:request>
            <!--You have a CHOICE of the next 4 items at this level-->
            <v12:iso-alpha2>BE</v12:iso-alpha2>
            <!--<v12:iso-alpha3 startDate="?" endDate="?" status="?">?</v12:iso-alpha3>-->
            <!--<v12:iso-num3 startDate="?" endDate="?" status="?">?</v12:iso-num3>-->
            <!--<v12:nis-num3 startDate="?" endDate="?" status="?">?</v12:nis-num3>-->
         </v1:request>
      </v1:getAddressCountryRequest>
   </soapenv:Body>
</soapenv:Envelope>]]></con:request><con:assertion type="SOAP Fault Assertion" id="1792661f-335f-4fea-be44-43085c1c4f90" name="Not SOAP Fault"/><con:assertion type="SOAP Response" id="3ff4d3ac-dfb5-44aa-8022-44ac51a2904f" name="SOAP Response"/><con:assertion type="Schema Compliance" id="99ca2af4-ddb0-46da-a37d-1cecb5280688" name="Schema Compliance"><con:configuration/></con:assertion><con:wsaConfig action="http://fidus.brussels/services/countryservice/getAddressCountry"/></con:request></con:config></con:testStep><con:testStep type="request" id="888a73b0-fa89-45a3-99bf-43df2b21c085" name="testcase03 - Test Worker1 - Request"><con:settings/><con:config xsi:type="con:RequestStep" xmlns:xsi="http://www.w3.org/2001/XMLSchema-instance"><con:interface>CountryServiceHTTPBinding</con:interface><con:operation>getAddressCountry</con:operation><con:request name="testcase03 - Test Worker1 - Request" id="7ad47d75-bd34-4131-9d92-9a9a777da622" outgoingWss="Outflow TEST"><con:settings/><con:encoding>UTF-8</con:encoding><con:endpoint>https://192.168.24.16:8443/services/CountryService_v1.0</con:endpoint><con:request><![CDATA[<soapenv:Envelope xmlns:soapenv="http://schemas.xmlsoap.org/soap/envelope/" xmlns:v1="http://fidus.brussels/service/countryservice/messages/v1" xmlns:v11="http://fidus.brussels/type/common/messages/v1" xmlns:v12="http://fsb.belgium.be/mappingServices/countryService/messages/v1_00">
   <soapenv:Header/>
   <soapenv:Body>
      <v1:getAddressCountryRequest>
         <v1:messageContext>
            <v11:messageId>${=import static java.util.UUID.randomUUID; uuid = randomUUID() as String}</v11:messageId>
            <!--Optional:-->
            <v11:timestamp>${=new java.text.SimpleDateFormat("yyyy-MM-dd'T'HH:mm:ss.SSS").format(new Date())}</v11:timestamp>
         </v1:messageContext>
         <v1:legalContext>ServiceIntegrator</v1:legalContext>
         <v1:request>
            <!--You have a CHOICE of the next 4 items at this level-->
            <v12:iso-alpha2>BE</v12:iso-alpha2>
            <!--<v12:iso-alpha3 startDate="?" endDate="?" status="?">?</v12:iso-alpha3>-->
            <!--<v12:iso-num3 startDate="?" endDate="?" status="?">?</v12:iso-num3>-->
            <!--<v12:nis-num3 startDate="?" endDate="?" status="?">?</v12:nis-num3>-->
         </v1:request>
      </v1:getAddressCountryRequest>
   </soapenv:Body>
</soapenv:Envelope>]]></con:request><con:assertion type="SOAP Fault Assertion" id="08137211-8076-4e64-a5dc-c424ea534b2f" name="Not SOAP Fault"/><con:assertion type="SOAP Response" id="3d893238-f998-4364-b6fc-c5d28998c378" name="SOAP Response"/><con:assertion type="Schema Compliance" id="88bb22fb-e7d2-41cb-a074-f0afc40e65fe" name="Schema Compliance"><con:configuration/></con:assertion><con:wsaConfig action="http://fidus.brussels/services/countryservice/getAddressCountry"/></con:request></con:config></con:testStep><con:testStep type="request" id="c178f7cb-308e-48ea-9744-1569b5f2be0d" name="testcase03 - Test Worker2 - Request"><con:settings/><con:config xsi:type="con:RequestStep" xmlns:xsi="http://www.w3.org/2001/XMLSchema-instance"><con:interface>CountryServiceHTTPBinding</con:interface><con:operation>getAddressCountry</con:operation><con:request name="testcase03 - Test Worker2 - Request" id="26a93f5a-d751-45c1-9655-a994a537a2a1" outgoingWss="Outflow TEST"><con:settings/><con:encoding>UTF-8</con:encoding><con:endpoint>https://192.168.24.17:8443/services/CountryService_v1.0</con:endpoint><con:request><![CDATA[<soapenv:Envelope xmlns:soapenv="http://schemas.xmlsoap.org/soap/envelope/" xmlns:v1="http://fidus.brussels/service/countryservice/messages/v1" xmlns:v11="http://fidus.brussels/type/common/messages/v1" xmlns:v12="http://fsb.belgium.be/mappingServices/countryService/messages/v1_00">
   <soapenv:Header/>
   <soapenv:Body>
      <v1:getAddressCountryRequest>
         <v1:messageContext>
            <v11:messageId>${=import static java.util.UUID.randomUUID; uuid = randomUUID() as String}</v11:messageId>
            <!--Optional:-->
            <v11:timestamp>${=new java.text.SimpleDateFormat("yyyy-MM-dd'T'HH:mm:ss.SSS").format(new Date())}</v11:timestamp>
         </v1:messageContext>
         <v1:legalContext>ServiceIntegrator</v1:legalContext>
         <v1:request>
            <!--You have a CHOICE of the next 4 items at this level-->
            <v12:iso-alpha2>BE</v12:iso-alpha2>
            <!--<v12:iso-alpha3 startDate="?" endDate="?" status="?">?</v12:iso-alpha3>-->
            <!--<v12:iso-num3 startDate="?" endDate="?" status="?">?</v12:iso-num3>-->
            <!--<v12:nis-num3 startDate="?" endDate="?" status="?">?</v12:nis-num3>-->
         </v1:request>
      </v1:getAddressCountryRequest>
   </soapenv:Body>
</soapenv:Envelope>]]></con:request><con:assertion type="SOAP Fault Assertion" id="db8c6aad-596b-4283-b991-c9adb586aeb7" name="Not SOAP Fault"/><con:assertion type="SOAP Response" id="0ab7febb-3afd-4cb8-a358-be322e5786b9" name="SOAP Response"/><con:assertion type="Schema Compliance" id="2d65cd05-2e41-4d67-9ccc-51b97cfe4674" name="Schema Compliance"><con:configuration/></con:assertion><con:wsaConfig action="http://fidus.brussels/services/countryservice/getAddressCountry"/></con:request></con:config></con:testStep><con:properties/></con:testCase><con:testCase id="73636918-b70e-4caf-b608-aae021d5cbde" failOnError="true" failTestCaseOnErrors="true" keepSession="false" maxResults="0" name="getAddressCountryHistory" searchProperties="true"><con:settings/><con:testStep type="request" id="1453e88f-0086-4e49-b63b-eddf8b351522" name="testcase03 - Test External - Request"><con:settings/><con:config xsi:type="con:RequestStep" xmlns:xsi="http://www.w3.org/2001/XMLSchema-instance"><con:interface>CountryServiceHTTPBinding</con:interface><con:operation>getAddressCountryHistory</con:operation><con:request name="testcase03 - Test External - Request" id="e132b392-8d75-4f3a-87de-1467029cc763" outgoingWss="Outflow TEST"><con:settings/><con:encoding>UTF-8</con:encoding><con:endpoint>https://fidus.irisnetlab.be/services/CountryService_v1.0</con:endpoint><con:request><![CDATA[<soapenv:Envelope xmlns:soapenv="http://schemas.xmlsoap.org/soap/envelope/" xmlns:v1="http://fidus.brussels/service/countryservice/messages/v1" xmlns:v11="http://fidus.brussels/type/common/messages/v1" xmlns:v12="http://fsb.belgium.be/mappingServices/countryService/messages/v1_00">
   <soapenv:Header/>
   <soapenv:Body>
      <v1:getAddressCountryHistoryRequest>
         <v1:messageContext>
            <v11:messageId>${=import static java.util.UUID.randomUUID; uuid = randomUUID() as String}</v11:messageId>
            <v11:timestamp>${=new java.text.SimpleDateFormat("yyyy-MM-dd'T'HH:mm:ss.SSS").format(new Date())}</v11:timestamp>
         </v1:messageContext>
         <v1:legalContext>ServiceIntegrator</v1:legalContext>
         <v1:request>
            <v12:iso-alpha2>FR</v12:iso-alpha2>
            <v12:referenceDate>2016-10-10</v12:referenceDate>
         </v1:request>
      </v1:getAddressCountryHistoryRequest>
   </soapenv:Body>
</soapenv:Envelope>]]></con:request><con:assertion type="SOAP Fault Assertion" id="45871858-8a21-4226-b4c3-092ff243c51c" name="Not SOAP Fault"/><con:assertion type="SOAP Response" id="59fabbd1-dbb9-4a6d-b436-7f899b28c402" name="SOAP Response"/><con:assertion type="Schema Compliance" id="406b6c1d-6a03-4a61-ac33-14a8f32d0df2" name="Schema Compliance"><con:configuration/></con:assertion><con:wsaConfig action="http://fidus.brussels/services/countryservice/getAddressCountryHistory"/></con:request></con:config></con:testStep><con:testStep type="request" id="dff793f1-01cf-4144-bd45-d5215d42412d" name="testcase03 - Test LB - Request"><con:settings/><con:config xsi:type="con:RequestStep" xmlns:xsi="http://www.w3.org/2001/XMLSchema-instance"><con:interface>CountryServiceHTTPBinding</con:interface><con:operation>getAddressCountryHistory</con:operation><con:request name="testcase03 - Test LB - Request" id="6177d203-b87b-4480-a121-e80fe818a017" outgoingWss="Outflow TEST"><con:settings/><con:encoding>UTF-8</con:encoding><con:endpoint>https://fidus-esb-sg.sta.srv.cirb.lan:8443/services/CountryService_v1.0</con:endpoint><con:request><![CDATA[<soapenv:Envelope xmlns:soapenv="http://schemas.xmlsoap.org/soap/envelope/" xmlns:v1="http://fidus.brussels/service/countryservice/messages/v1" xmlns:v11="http://fidus.brussels/type/common/messages/v1" xmlns:v12="http://fsb.belgium.be/mappingServices/countryService/messages/v1_00">
   <soapenv:Header/>
   <soapenv:Body>
      <v1:getAddressCountryHistoryRequest>
         <v1:messageContext>
            <v11:messageId>${=import static java.util.UUID.randomUUID; uuid = randomUUID() as String}</v11:messageId>
            <v11:timestamp>${=new java.text.SimpleDateFormat("yyyy-MM-dd'T'HH:mm:ss.SSS").format(new Date())}</v11:timestamp>
         </v1:messageContext>
         <v1:legalContext>ServiceIntegrator</v1:legalContext>
         <v1:request>
            <v12:iso-alpha2>BE</v12:iso-alpha2>
            <v12:referenceDate>2016-10-10</v12:referenceDate>
         </v1:request>
      </v1:getAddressCountryHistoryRequest>
   </soapenv:Body>
</soapenv:Envelope>]]></con:request><con:assertion type="SOAP Fault Assertion" id="d5032419-5bee-4c7a-9e80-d76dadb2dba3" name="Not SOAP Fault"/><con:assertion type="SOAP Response" id="ec29c29e-7cf4-4ddd-8631-3709533d28a2" name="SOAP Response"/><con:assertion type="Schema Compliance" id="89b7d9ac-2ae2-4475-b4d6-24fad6b9d12c" name="Schema Compliance"><con:configuration/></con:assertion><con:wsaConfig action="http://fidus.brussels/services/countryservice/getAddressCountryHistory"/></con:request></con:config></con:testStep><con:testStep type="request" id="16f36586-357b-40a2-8ef9-a2edfcc0fc8e" name="testcase03 - Test Worker1 - Request"><con:settings/><con:config xsi:type="con:RequestStep" xmlns:xsi="http://www.w3.org/2001/XMLSchema-instance"><con:interface>CountryServiceHTTPBinding</con:interface><con:operation>getAddressCountryHistory</con:operation><con:request name="testcase03 - Test Worker1 - Request" id="b5d0d513-620a-4db1-95d8-5604b30e02b9" outgoingWss="Outflow TEST"><con:settings/><con:encoding>UTF-8</con:encoding><con:endpoint>https://192.168.24.16:8443/services/CountryService_v1.0</con:endpoint><con:request><![CDATA[<soapenv:Envelope xmlns:soapenv="http://schemas.xmlsoap.org/soap/envelope/" xmlns:v1="http://fidus.brussels/service/countryservice/messages/v1" xmlns:v11="http://fidus.brussels/type/common/messages/v1" xmlns:v12="http://fsb.belgium.be/mappingServices/countryService/messages/v1_00">
   <soapenv:Header/>
   <soapenv:Body>
      <v1:getAddressCountryHistoryRequest>
         <v1:messageContext>
            <v11:messageId>${=import static java.util.UUID.randomUUID; uuid = randomUUID() as String}</v11:messageId>
            <!--Optional:-->
            <v11:timestamp>${=new java.text.SimpleDateFormat("yyyy-MM-dd'T'HH:mm:ss.SSS").format(new Date())}</v11:timestamp>
         </v1:messageContext>
         <v1:legalContext>ServiceIntegrator</v1:legalContext>
         <v1:request>
            <v12:iso-alpha2>NL</v12:iso-alpha2>
            <!--Optional:-->
            
         </v1:request>
      </v1:getAddressCountryHistoryRequest>
   </soapenv:Body>
</soapenv:Envelope>]]></con:request><con:assertion type="SOAP Fault Assertion" id="54dac8a8-422a-499f-83bf-feccda8f231a" name="Not SOAP Fault"/><con:assertion type="SOAP Response" id="fb8a8d5d-1d12-4078-9c3d-44334ca5be42" name="SOAP Response"/><con:assertion type="Schema Compliance" id="6ba1b92e-9665-4cf7-806c-2d96c0de88f1" name="Schema Compliance"><con:configuration/></con:assertion><con:wsaConfig action="http://fidus.brussels/services/countryservice/getAddressCountryHistory"/></con:request></con:config></con:testStep><con:testStep type="request" id="4961b1f4-af98-4229-a604-4f60d074b0cb" name="testcase03 - Test Worker2 - Request"><con:settings/><con:config xsi:type="con:RequestStep" xmlns:xsi="http://www.w3.org/2001/XMLSchema-instance"><con:interface>CountryServiceHTTPBinding</con:interface><con:operation>getAddressCountryHistory</con:operation><con:request name="testcase03 - Test Worker2 - Request" id="e067de3a-c86a-4f0d-b582-2e72dc1eba39" outgoingWss="Outflow TEST"><con:settings/><con:encoding>UTF-8</con:encoding><con:endpoint>https://192.168.24.17:8443/services/CountryService_v1.0</con:endpoint><con:request><![CDATA[<soapenv:Envelope xmlns:soapenv="http://schemas.xmlsoap.org/soap/envelope/" xmlns:v1="http://fidus.brussels/service/countryservice/messages/v1" xmlns:v11="http://fidus.brussels/type/common/messages/v1" xmlns:v12="http://fsb.belgium.be/mappingServices/countryService/messages/v1_00">
   <soapenv:Header/>
   <soapenv:Body>
      <v1:getAddressCountryHistoryRequest>
         <v1:messageContext>
            <v11:messageId>${=import static java.util.UUID.randomUUID; uuid = randomUUID() as String}</v11:messageId>
            <v11:timestamp>${=new java.text.SimpleDateFormat("yyyy-MM-dd'T'HH:mm:ss.SSS").format(new Date())}</v11:timestamp>
         </v1:messageContext>
         <v1:legalContext>ServiceIntegrator</v1:legalContext>
         <v1:request>
            <v12:iso-alpha2>AU</v12:iso-alpha2>
            <v12:referenceDate>2016-10-10</v12:referenceDate>
         </v1:request>
      </v1:getAddressCountryHistoryRequest>
   </soapenv:Body>
</soapenv:Envelope>]]></con:request><con:assertion type="SOAP Fault Assertion" id="beda1cad-98a9-49dd-afb2-a7b60ab798e6" name="Not SOAP Fault"/><con:assertion type="SOAP Response" id="885e3f97-76b7-43ba-af38-5a878f690433" name="SOAP Response"/><con:assertion type="Schema Compliance" id="a3e7ffc0-3356-476c-a517-cff532fff20d" name="Schema Compliance"><con:configuration/></con:assertion><con:wsaConfig action="http://fidus.brussels/services/countryservice/getAddressCountryHistory"/></con:request></con:config></con:testStep><con:properties/></con:testCase><con:testCase id="e46448b2-b9db-47db-9f01-60a69d01e57a" failOnError="true" failTestCaseOnErrors="true" keepSession="false" maxResults="0" name="getAllIsoCodes" searchProperties="true"><con:settings/><con:testStep type="request" id="94a57c6c-8d21-49fa-a6b6-2e4a9cbb2771" name="testcase03 - Test Worker1 - Request"><con:settings/><con:config xsi:type="con:RequestStep" xmlns:xsi="http://www.w3.org/2001/XMLSchema-instance"><con:interface>CountryServiceHTTPBinding</con:interface><con:operation>getAllIsoCodes</con:operation><con:request name="testcase03 - Test Worker1 - Request" id="4ee0cde2-9f81-466b-90ac-1b34e7be7f2d" outgoingWss="Outflow TEST"><con:settings/><con:encoding>UTF-8</con:encoding><con:endpoint>https://192.168.24.16:8443/services/CountryService_v1.0</con:endpoint><con:request><![CDATA[<soapenv:Envelope xmlns:soapenv="http://schemas.xmlsoap.org/soap/envelope/" xmlns:v1="http://fidus.brussels/service/countryservice/messages/v1" xmlns:v11="http://fidus.brussels/type/common/messages/v1">
   <soapenv:Header/>
   <soapenv:Body>
      <v1:getAllIsoCodesRequest>
         <v1:messageContext>
         	  <v11:messageId>${=import static java.util.UUID.randomUUID; uuid = randomUUID() as String}</v11:messageId>
            <v11:timestamp>${=new java.text.SimpleDateFormat("yyyy-MM-dd'T'HH:mm:ss.SSS").format(new Date())}</v11:timestamp>
         </v1:messageContext>
         <v1:legalContext>ServiceIntegrator</v1:legalContext>
         <v1:request>
            <!--Optional:-->
            <v1:referenceDate>2016-10-06</v1:referenceDate>
         </v1:request>
      </v1:getAllIsoCodesRequest>
   </soapenv:Body>
</soapenv:Envelope>]]></con:request><con:assertion type="SOAP Fault Assertion" id="d9bb1c50-0fbd-4ca3-a50c-b421b8ed8c6f" name="Not SOAP Fault"/><con:assertion type="SOAP Response" id="340da469-b746-43fe-8336-08fe01d36833" name="SOAP Response"/><con:assertion type="Schema Compliance" id="d20bcf4e-01d7-4be6-88c0-63fd64006eaf" name="Schema Compliance"><con:configuration/></con:assertion><con:wsaConfig action="http://fidus.brussels/services/countryservice/getAllIsoCodes"/></con:request></con:config></con:testStep><con:testStep type="request" id="3e1fa9aa-bfe9-479e-bbaa-fa416527749d" name="testcase03 - Test External - Request"><con:settings/><con:config xsi:type="con:RequestStep" xmlns:xsi="http://www.w3.org/2001/XMLSchema-instance"><con:interface>CountryServiceHTTPBinding</con:interface><con:operation>getAllIsoCodes</con:operation><con:request name="testcase03 - Test External - Request" id="5fda3ee5-b5ca-4ddd-84da-9c3515de2eca" outgoingWss="Outflow TEST"><con:settings/><con:encoding>UTF-8</con:encoding><con:endpoint>https://fidus.irisnetlab.be/services/CountryService_v1.0</con:endpoint><con:request><![CDATA[<soapenv:Envelope xmlns:soapenv="http://schemas.xmlsoap.org/soap/envelope/" xmlns:v1="http://fidus.brussels/service/countryservice/messages/v1" xmlns:v11="http://fidus.brussels/type/common/messages/v1">
   <soapenv:Header/>
   <soapenv:Body>
      <v1:getAllIsoCodesRequest>
         <v1:messageContext>
         	  <v11:messageId>${=import static java.util.UUID.randomUUID; uuid = randomUUID() as String}</v11:messageId>
            <v11:timestamp>${=new java.text.SimpleDateFormat("yyyy-MM-dd'T'HH:mm:ss.SSS").format(new Date())}</v11:timestamp>
         </v1:messageContext>
         <v1:legalContext>ServiceIntegrator</v1:legalContext>
         <v1:request>
            <!--Optional:-->
            <v1:referenceDate>2016-10-06</v1:referenceDate>
         </v1:request>
      </v1:getAllIsoCodesRequest>
   </soapenv:Body>
</soapenv:Envelope>]]></con:request><con:assertion type="SOAP Fault Assertion" id="96922b2b-bd20-4e76-8249-6b9f9c768a82" name="Not SOAP Fault"/><con:assertion type="SOAP Response" id="de582449-e12e-42b8-be38-578693a19aaa" name="SOAP Response"/><con:assertion type="Schema Compliance" id="a8dd9933-4159-4594-bcda-f4accf3aa7b6" name="Schema Compliance"><con:configuration/></con:assertion><con:wsaConfig action="http://fidus.brussels/services/countryservice/getAllIsoCodes"/></con:request></con:config></con:testStep><con:testStep type="request" id="5b6a9742-15ab-425b-8b67-39a008cc3040" name="testcase03 - Test LB - Request"><con:settings/><con:config xsi:type="con:RequestStep" xmlns:xsi="http://www.w3.org/2001/XMLSchema-instance"><con:interface>CountryServiceHTTPBinding</con:interface><con:operation>getAllIsoCodes</con:operation><con:request name="testcase03 - Test LB - Request" id="01a6a765-b073-42bf-9ecf-9376028bea6f" outgoingWss="Outflow TEST"><con:settings/><con:encoding>UTF-8</con:encoding><con:endpoint>https://fidus-esb-sg.sta.srv.cirb.lan:8443/services/CountryService_v1.0</con:endpoint><con:request><![CDATA[<soapenv:Envelope xmlns:soapenv="http://schemas.xmlsoap.org/soap/envelope/" xmlns:v1="http://fidus.brussels/service/countryservice/messages/v1" xmlns:v11="http://fidus.brussels/type/common/messages/v1">
   <soapenv:Header/>
   <soapenv:Body>
      <v1:getAllIsoCodesRequest>
         <v1:messageContext>
         	  <v11:messageId>${=import static java.util.UUID.randomUUID; uuid = randomUUID() as String}</v11:messageId>
            <v11:timestamp>${=new java.text.SimpleDateFormat("yyyy-MM-dd'T'HH:mm:ss.SSS").format(new Date())}</v11:timestamp>
         </v1:messageContext>
         <v1:legalContext>ServiceIntegrator</v1:legalContext>
         <v1:request>
            <!--Optional:-->
            <v1:referenceDate>2016-10-06</v1:referenceDate>
         </v1:request>
      </v1:getAllIsoCodesRequest>
   </soapenv:Body>
</soapenv:Envelope>]]></con:request><con:assertion type="SOAP Fault Assertion" id="e995c575-8004-4f3c-a892-a39c1e461432" name="Not SOAP Fault"/><con:assertion type="SOAP Response" id="86cbc5ad-b1ea-4176-882c-e94c286a6240" name="SOAP Response"/><con:assertion type="Schema Compliance" id="f6d76393-c5d9-49fb-a03a-4d70422002c7" name="Schema Compliance"><con:configuration/></con:assertion><con:wsaConfig action="http://fidus.brussels/services/countryservice/getAllIsoCodes"/></con:request></con:config></con:testStep><con:testStep type="request" id="ac892dc1-a10a-4d19-864c-4760f2d45406" name="testcase03 - Test Worker2 - Request"><con:settings/><con:config xsi:type="con:RequestStep" xmlns:xsi="http://www.w3.org/2001/XMLSchema-instance"><con:interface>CountryServiceHTTPBinding</con:interface><con:operation>getAllIsoCodes</con:operation><con:request name="testcase03 - Test Worker2 - Request" id="572329e9-4089-4ebd-bc5c-8eb90cc2c5cc" outgoingWss="Outflow TEST"><con:settings/><con:encoding>UTF-8</con:encoding><con:endpoint>https://192.168.24.17:8443/services/CountryService_v1.0</con:endpoint><con:request><![CDATA[<soapenv:Envelope xmlns:soapenv="http://schemas.xmlsoap.org/soap/envelope/" xmlns:v1="http://fidus.brussels/service/countryservice/messages/v1" xmlns:v11="http://fidus.brussels/type/common/messages/v1">
   <soapenv:Header/>
   <soapenv:Body>
      <v1:getAllIsoCodesRequest>
         <v1:messageContext>
         	  <v11:messageId>${=import static java.util.UUID.randomUUID; uuid = randomUUID() as String}</v11:messageId>
            <v11:timestamp>${=new java.text.SimpleDateFormat("yyyy-MM-dd'T'HH:mm:ss.SSS").format(new Date())}</v11:timestamp>
         </v1:messageContext>
         <v1:legalContext>ServiceIntegrator</v1:legalContext>
         <v1:request>
            <!--Optional:-->
            <v1:referenceDate>2016-10-06</v1:referenceDate>
         </v1:request>
      </v1:getAllIsoCodesRequest>
   </soapenv:Body>
</soapenv:Envelope>]]></con:request><con:assertion type="SOAP Fault Assertion" id="0cbf59d7-4abd-4d5d-af29-5715f2872f75" name="Not SOAP Fault"/><con:assertion type="SOAP Response" id="e7fee6db-0097-40e3-b63b-62f5abc2030e" name="SOAP Response"/><con:assertion type="Schema Compliance" id="fbb7f08b-8f5c-4457-bdfb-e81f9c7a6e7c" name="Schema Compliance"><con:configuration/></con:assertion><con:wsaConfig action="http://fidus.brussels/services/countryservice/getAllIsoCodes"/></con:request></con:config></con:testStep><con:properties/></con:testCase><con:testCase id="180e5ead-9485-4581-8d67-dc332d2ec80e" failOnError="true" failTestCaseOnErrors="true" keepSession="false" maxResults="0" name="getAllNisCodes" searchProperties="true"><con:settings/><con:testStep type="request" id="a75f9241-fd33-4ca2-898f-94c35d70f0c3" name="testcase03 - Test External - Request"><con:settings/><con:config xsi:type="con:RequestStep" xmlns:xsi="http://www.w3.org/2001/XMLSchema-instance"><con:interface>CountryServiceHTTPBinding</con:interface><con:operation>getAllNisCodes</con:operation><con:request name="testcase03 - Test External - Request" id="aab6d36e-416e-42f1-93c3-7e39b95656b6" outgoingWss="Outflow TEST"><con:settings/><con:encoding>UTF-8</con:encoding><con:endpoint>https://fidus.irisnetlab.be/services/CountryService_v1.0</con:endpoint><con:request><![CDATA[<soapenv:Envelope xmlns:soapenv="http://schemas.xmlsoap.org/soap/envelope/" xmlns:v1="http://fidus.brussels/service/countryservice/messages/v1" xmlns:v11="http://fidus.brussels/type/common/messages/v1">
   <soapenv:Header/>
   <soapenv:Body>
      <v1:getAllNisCodesRequest>
         <v1:messageContext>
            <v11:messageId>${=import static java.util.UUID.randomUUID; uuid = randomUUID() as String}</v11:messageId>            
            <v11:timestamp>${=new java.text.SimpleDateFormat("yyyy-MM-dd'T'HH:mm:ss.SSS").format(new Date())}</v11:timestamp>
         </v1:messageContext>
         <v1:legalContext>ServiceIntegrator</v1:legalContext>
         <v1:request>
            <!--Optional:-->
            <v1:referenceDate>2016-10-13</v1:referenceDate>
         </v1:request>
      </v1:getAllNisCodesRequest>
   </soapenv:Body>
</soapenv:Envelope>]]></con:request><con:assertion type="SOAP Fault Assertion" id="33088337-2c6d-4b8c-824b-23554924ad0a" name="Not SOAP Fault"/><con:assertion type="SOAP Response" id="6f22b117-d574-4991-be35-614ccdb203cd" name="SOAP Response"/><con:assertion type="Schema Compliance" id="fcdcdafd-79d1-4110-b562-1f2a76888e6b" name="Schema Compliance"><con:configuration/></con:assertion><con:wsaConfig action="http://fidus.brussels/services/countryservice/getAllNisCodes"/></con:request></con:config></con:testStep><con:testStep type="request" id="66dfe916-ca12-4e2c-955d-336054e9b99e" name="testcase03 - Test LB - Request"><con:settings/><con:config xsi:type="con:RequestStep" xmlns:xsi="http://www.w3.org/2001/XMLSchema-instance"><con:interface>CountryServiceHTTPBinding</con:interface><con:operation>getAllNisCodes</con:operation><con:request name="testcase03 - Test LB - Request" id="abd9b8a4-fa81-40df-93a9-5a13d25ea38d" outgoingWss="Outflow TEST"><con:settings/><con:encoding>UTF-8</con:encoding><con:endpoint>https://fidus-esb-sg.sta.srv.cirb.lan:8443/services/CountryService_v1.0</con:endpoint><con:request><![CDATA[<soapenv:Envelope xmlns:soapenv="http://schemas.xmlsoap.org/soap/envelope/" xmlns:v1="http://fidus.brussels/service/countryservice/messages/v1" xmlns:v11="http://fidus.brussels/type/common/messages/v1">
   <soapenv:Header/>
   <soapenv:Body>
      <v1:getAllNisCodesRequest>
         <v1:messageContext>
            <v11:messageId>${=import static java.util.UUID.randomUUID; uuid = randomUUID() as String}</v11:messageId>            
            <v11:timestamp>${=new java.text.SimpleDateFormat("yyyy-MM-dd'T'HH:mm:ss.SSS").format(new Date())}</v11:timestamp>
         </v1:messageContext>
         <v1:legalContext>ServiceIntegrator</v1:legalContext>
         <v1:request>
            <!--Optional:-->
            <v1:referenceDate>2016-10-13</v1:referenceDate>
         </v1:request>
      </v1:getAllNisCodesRequest>
   </soapenv:Body>
</soapenv:Envelope>]]></con:request><con:assertion type="SOAP Fault Assertion" id="477d84f1-e5ef-4c3a-9d0f-efa87cccc382" name="Not SOAP Fault"/><con:assertion type="SOAP Response" id="986984df-bd80-4e13-9dfb-1da7988e891e" name="SOAP Response"/><con:assertion type="Schema Compliance" id="23d61cfc-a870-4876-b11e-c51ddbdb4be1" name="Schema Compliance"><con:configuration/></con:assertion><con:wsaConfig action="http://fidus.brussels/services/countryservice/getAllNisCodes"/></con:request></con:config></con:testStep><con:testStep type="request" id="ad69187d-e33f-40fc-a7b8-b17f4dd985fa" name="testcase03 - Test Worker1 - Request"><con:settings/><con:config xsi:type="con:RequestStep" xmlns:xsi="http://www.w3.org/2001/XMLSchema-instance"><con:interface>CountryServiceHTTPBinding</con:interface><con:operation>getAllNisCodes</con:operation><con:request name="testcase03 - Test Worker1 - Request" id="d707ca0d-ea63-4751-8f2b-35a649e522ab" outgoingWss="Outflow TEST"><con:settings/><con:encoding>UTF-8</con:encoding><con:endpoint>https://192.168.24.16:8443/services/CountryService_v1.0</con:endpoint><con:request><![CDATA[<soapenv:Envelope xmlns:soapenv="http://schemas.xmlsoap.org/soap/envelope/" xmlns:v1="http://fidus.brussels/service/countryservice/messages/v1" xmlns:v11="http://fidus.brussels/type/common/messages/v1">
   <soapenv:Header/>
   <soapenv:Body>
      <v1:getAllNisCodesRequest>
         <v1:messageContext>
            <v11:messageId>${=import static java.util.UUID.randomUUID; uuid = randomUUID() as String}</v11:messageId>            
            <v11:timestamp>${=new java.text.SimpleDateFormat("yyyy-MM-dd'T'HH:mm:ss.SSS").format(new Date())}</v11:timestamp>
         </v1:messageContext>
         <v1:legalContext>ServiceIntegrator</v1:legalContext>
         <v1:request>
            <!--Optional:-->
            <v1:referenceDate>2016-10-13</v1:referenceDate>
         </v1:request>
      </v1:getAllNisCodesRequest>
   </soapenv:Body>
</soapenv:Envelope>]]></con:request><con:assertion type="SOAP Fault Assertion" id="647b33e3-1e00-4688-9e49-08cfa0aaf39b" name="Not SOAP Fault"/><con:assertion type="SOAP Response" id="67d5ca4d-6ba1-45ce-a38e-d6a971dd65ca" name="SOAP Response"/><con:assertion type="Schema Compliance" id="17061564-53da-42e8-826d-d9cc8cd64a9a" name="Schema Compliance"><con:configuration/></con:assertion><con:wsaConfig action="http://fidus.brussels/services/countryservice/getAllNisCodes"/></con:request></con:config></con:testStep><con:testStep type="request" id="f8d7fe9d-9e29-46d8-88f4-18efc7cf2a1e" name="testcase03 - Test Worker2 - Request"><con:settings/><con:config xsi:type="con:RequestStep" xmlns:xsi="http://www.w3.org/2001/XMLSchema-instance"><con:interface>CountryServiceHTTPBinding</con:interface><con:operation>getAllNisCodes</con:operation><con:request name="testcase03 - Test Worker2 - Request" id="597ae3ee-6977-4843-82d7-bbbfc2c8476b" outgoingWss="Outflow TEST"><con:settings/><con:encoding>UTF-8</con:encoding><con:endpoint>https://192.168.24.17:8443/services/CountryService_v1.0</con:endpoint><con:request><![CDATA[<soapenv:Envelope xmlns:soapenv="http://schemas.xmlsoap.org/soap/envelope/" xmlns:v1="http://fidus.brussels/service/countryservice/messages/v1" xmlns:v11="http://fidus.brussels/type/common/messages/v1">
   <soapenv:Header/>
   <soapenv:Body>
      <v1:getAllNisCodesRequest>
         <v1:messageContext>
            <v11:messageId>${=import static java.util.UUID.randomUUID; uuid = randomUUID() as String}</v11:messageId>            
            <v11:timestamp>${=new java.text.SimpleDateFormat("yyyy-MM-dd'T'HH:mm:ss.SSS").format(new Date())}</v11:timestamp>
         </v1:messageContext>
         <v1:legalContext>ServiceIntegrator</v1:legalContext>
         <v1:request>
            <!--Optional:-->
            <v1:referenceDate>2016-10-13</v1:referenceDate>
         </v1:request>
      </v1:getAllNisCodesRequest>
   </soapenv:Body>
</soapenv:Envelope>]]></con:request><con:assertion type="SOAP Fault Assertion" id="6b3610e5-54f3-43d1-9553-3bbb566022af" name="Not SOAP Fault"/><con:assertion type="SOAP Response" id="a8e4f76f-9206-4a9d-98f9-419e781b37b5" name="SOAP Response"/><con:assertion type="Schema Compliance" id="78a3ef29-49cb-46c8-adc5-10269d57897c" name="Schema Compliance"><con:configuration/></con:assertion><con:wsaConfig action="http://fidus.brussels/services/countryservice/getAllNisCodes"/></con:request></con:config></con:testStep><con:properties/></con:testCase><con:testCase id="a96e1843-460f-4748-bfff-9f969dd74362" failOnError="true" failTestCaseOnErrors="true" keepSession="false" maxResults="0" name="getNationalities" searchProperties="true"><con:settings/><con:testStep type="request" id="46f7b806-9be6-44f6-a9e6-67989bf8ac40" name="testcase03 - Test External - Request"><con:settings/><con:config xsi:type="con:RequestStep" xmlns:xsi="http://www.w3.org/2001/XMLSchema-instance"><con:interface>CountryServiceHTTPBinding</con:interface><con:operation>getNationalities</con:operation><con:request name="testcase03 - Test External - Request" id="ae328f43-b499-41e5-9cc7-69be8fd36db1" outgoingWss="Outflow TEST"><con:settings/><con:encoding>UTF-8</con:encoding><con:endpoint>https://fidus.irisnetlab.be/services/CountryService_v1.0</con:endpoint><con:request><![CDATA[<soapenv:Envelope xmlns:soapenv="http://schemas.xmlsoap.org/soap/envelope/" xmlns:v1="http://fidus.brussels/service/countryservice/messages/v1" xmlns:v11="http://fidus.brussels/type/common/messages/v1">
   <soapenv:Header/>
   <soapenv:Body>
      <v1:getNationalitiesRequest>
         <v1:messageContext>
            <v11:messageId>${=import static java.util.UUID.randomUUID; uuid = randomUUID() as String}</v11:messageId>
            <!--Optional:-->
            <v11:timestamp>${=new java.text.SimpleDateFormat("yyyy-MM-dd'T'HH:mm:ss.SSS").format(new Date())}</v11:timestamp>
         </v1:messageContext>
         <v1:legalContext>ServiceIntegrator</v1:legalContext>
         <v1:request>
            <!--Optional:-->
            <v1:referenceDate>2016-10-13</v1:referenceDate>
         </v1:request>
      </v1:getNationalitiesRequest>
   </soapenv:Body>
</soapenv:Envelope>]]></con:request><con:assertion type="SOAP Fault Assertion" id="999c77c8-674f-43ad-94df-d3e884a89897" name="Not SOAP Fault"/><con:assertion type="SOAP Response" id="d9427b47-076e-4bf9-a26e-27da593ccfe3" name="SOAP Response"/><con:assertion type="Schema Compliance" id="d9400fdb-31e2-4a5b-a3fc-066004d97ab2" name="Schema Compliance"><con:configuration/></con:assertion><con:wsaConfig action="http://fidus.brussels/services/countryservice/getNationalities"/></con:request></con:config></con:testStep><con:testStep type="request" id="1498ebca-a788-4731-be84-986b3f098151" name="testcase03 - Test LB - Request"><con:settings/><con:config xsi:type="con:RequestStep" xmlns:xsi="http://www.w3.org/2001/XMLSchema-instance"><con:interface>CountryServiceHTTPBinding</con:interface><con:operation>getNationalities</con:operation><con:request name="testcase03 - Test LB - Request" id="0912b940-3175-46c4-a944-28484fe003a2" outgoingWss="Outflow TEST"><con:settings/><con:encoding>UTF-8</con:encoding><con:endpoint>https://fidus-esb-sg.sta.srv.cirb.lan:8443/services/CountryService_v1.0</con:endpoint><con:request><![CDATA[<soapenv:Envelope xmlns:soapenv="http://schemas.xmlsoap.org/soap/envelope/" xmlns:v1="http://fidus.brussels/service/countryservice/messages/v1" xmlns:v11="http://fidus.brussels/type/common/messages/v1">
   <soapenv:Header/>
   <soapenv:Body>
      <v1:getNationalitiesRequest>
         <v1:messageContext>
            <v11:messageId>${=import static java.util.UUID.randomUUID; uuid = randomUUID() as String}</v11:messageId>
            <!--Optional:-->
            <v11:timestamp>${=new java.text.SimpleDateFormat("yyyy-MM-dd'T'HH:mm:ss.SSS").format(new Date())}</v11:timestamp>
         </v1:messageContext>
         <v1:legalContext>ServiceIntegrator</v1:legalContext>
         <v1:request>
            <!--Optional:-->
            <v1:referenceDate>2016-10-13</v1:referenceDate>
         </v1:request>
      </v1:getNationalitiesRequest>
   </soapenv:Body>
</soapenv:Envelope>]]></con:request><con:assertion type="SOAP Fault Assertion" id="98e20828-0d60-4d2a-b4ad-3ef70b1bb8b4" name="Not SOAP Fault"/><con:assertion type="SOAP Response" id="cc6589a2-56bf-4185-8a98-851b18e22298" name="SOAP Response"/><con:assertion type="Schema Compliance" id="9babdada-85f8-408d-871d-ebe594025961" name="Schema Compliance"><con:configuration/></con:assertion><con:wsaConfig action="http://fidus.brussels/services/countryservice/getNationalities"/></con:request></con:config></con:testStep><con:testStep type="request" id="dcb3dfa2-3663-4149-a909-aa06dc50be6a" name="testcase03 - Test Worker1 - Request"><con:settings/><con:config xsi:type="con:RequestStep" xmlns:xsi="http://www.w3.org/2001/XMLSchema-instance"><con:interface>CountryServiceHTTPBinding</con:interface><con:operation>getNationalities</con:operation><con:request name="testcase03 - Test Worker1 - Request" id="9b73a651-9a7e-4c5f-aafc-f5ad9c7475f9" outgoingWss="Outflow TEST"><con:settings/><con:encoding>UTF-8</con:encoding><con:endpoint>https://192.168.24.16:8443/services/CountryService_v1.0</con:endpoint><con:request><![CDATA[<soapenv:Envelope xmlns:soapenv="http://schemas.xmlsoap.org/soap/envelope/" xmlns:v1="http://fidus.brussels/service/countryservice/messages/v1" xmlns:v11="http://fidus.brussels/type/common/messages/v1">
   <soapenv:Header/>
   <soapenv:Body>
      <v1:getNationalitiesRequest>
         <v1:messageContext>
            <v11:messageId>${=import static java.util.UUID.randomUUID; uuid = randomUUID() as String}</v11:messageId>
            <!--Optional:-->
            <v11:timestamp>${=new java.text.SimpleDateFormat("yyyy-MM-dd'T'HH:mm:ss.SSS").format(new Date())}</v11:timestamp>
         </v1:messageContext>
         <v1:legalContext>ServiceIntegrator</v1:legalContext>
         <v1:request>
            <!--Optional:-->
            <v1:referenceDate>2016-10-13</v1:referenceDate>
         </v1:request>
      </v1:getNationalitiesRequest>
   </soapenv:Body>
</soapenv:Envelope>]]></con:request><con:assertion type="SOAP Fault Assertion" id="f8750b20-8600-4145-8195-8e02b187e0fb" name="Not SOAP Fault"/><con:assertion type="SOAP Response" id="4b5503d8-ada7-4892-bce6-c06f34fb9b4d" name="SOAP Response"/><con:assertion type="Schema Compliance" id="74efde22-b123-4b22-9f9a-721618c41343" name="Schema Compliance"><con:configuration/></con:assertion><con:wsaConfig action="http://fidus.brussels/services/countryservice/getNationalities"/></con:request></con:config></con:testStep><con:testStep type="request" id="61c99054-0a7e-4c9a-acf9-0c8cdb4bfdaa" name="testcase03 - Test Worker2 - Request"><con:settings/><con:config xsi:type="con:RequestStep" xmlns:xsi="http://www.w3.org/2001/XMLSchema-instance"><con:interface>CountryServiceHTTPBinding</con:interface><con:operation>getNationalities</con:operation><con:request name="testcase03 - Test Worker2 - Request" id="ed4cd773-a196-4bbb-9850-0f62fc4aabbc" outgoingWss="Outflow TEST"><con:settings/><con:encoding>UTF-8</con:encoding><con:endpoint>https://192.168.24.17:8443/services/CountryService_v1.0</con:endpoint><con:request><![CDATA[<soapenv:Envelope xmlns:soapenv="http://schemas.xmlsoap.org/soap/envelope/" xmlns:v1="http://fidus.brussels/service/countryservice/messages/v1" xmlns:v11="http://fidus.brussels/type/common/messages/v1">
   <soapenv:Header/>
   <soapenv:Body>
      <v1:getNationalitiesRequest>
         <v1:messageContext>
            <v11:messageId>${=import static java.util.UUID.randomUUID; uuid = randomUUID() as String}</v11:messageId>
            <!--Optional:-->
            <v11:timestamp>${=new java.text.SimpleDateFormat("yyyy-MM-dd'T'HH:mm:ss.SSS").format(new Date())}</v11:timestamp>
         </v1:messageContext>
         <v1:legalContext>ServiceIntegrator</v1:legalContext>
         <v1:request>
            <!--Optional:-->
            <v1:referenceDate>2016-10-13</v1:referenceDate>
         </v1:request>
      </v1:getNationalitiesRequest>
   </soapenv:Body>
</soapenv:Envelope>]]></con:request><con:assertion type="SOAP Fault Assertion" id="6557da44-0b6d-4386-9b4e-6e1d978eaee6" name="Not SOAP Fault"/><con:assertion type="SOAP Response" id="3a1d31e7-c8ba-4518-827a-0942d9e8dcf9" name="SOAP Response"/><con:assertion type="Schema Compliance" id="b9573755-e819-4dc8-925c-f07cc20121e6" name="Schema Compliance"><con:configuration/></con:assertion><con:wsaConfig action="http://fidus.brussels/services/countryservice/getNationalities"/></con:request></con:config></con:testStep><con:properties/></con:testCase><con:testCase id="b142ddf6-e582-4611-b19c-8cc4ff263874" failOnError="true" failTestCaseOnErrors="true" keepSession="false" maxResults="0" name="getNationality" searchProperties="true"><con:settings/><con:testStep type="request" id="268e4a71-d44f-48a7-86fe-896db6eae708" name="testcase03 - Test Worker1 - Request-Nis_num3_103"><con:settings/><con:config xsi:type="con:RequestStep" xmlns:xsi="http://www.w3.org/2001/XMLSchema-instance"><con:interface>CountryServiceHTTPBinding</con:interface><con:operation>getNationality</con:operation><con:request name="testcase03 - Test Worker1 - Request-Nis_num3_103" id="baaf1f8b-a527-4285-a512-96f20f3f7edf" outgoingWss="Outflow TEST"><con:settings/><con:encoding>UTF-8</con:encoding><con:endpoint>https://192.168.24.16:8443/services/CountryService_v1.0</con:endpoint><con:request><![CDATA[<soapenv:Envelope xmlns:soapenv="http://schemas.xmlsoap.org/soap/envelope/" xmlns:v1="http://fidus.brussels/service/countryservice/messages/v1" xmlns:v11="http://fidus.brussels/type/common/messages/v1" xmlns:v12="http://fsb.belgium.be/mappingServices/countryService/messages/v1_00">
   <soapenv:Header/>
   <soapenv:Body>
      <v1:getNationalityRequest>
         <v1:messageContext>
         	  <v11:messageId>${=import static java.util.UUID.randomUUID; uuid = randomUUID() as String}</v11:messageId>
            <v11:timestamp>${=new java.text.SimpleDateFormat("yyyy-MM-dd'T'HH:mm:ss.SSS").format(new Date())}</v11:timestamp>
         </v1:messageContext>
         <v1:legalContext>ServiceIntegrator</v1:legalContext>
         <v1:request>
            <!--You have a CHOICE of the next 4 items at this level-->
            <v12:iso-alpha2>BE</v12:iso-alpha2>           
         </v1:request>
      </v1:getNationalityRequest>
   </soapenv:Body>
</soapenv:Envelope>
]]></con:request><con:assertion type="SOAP Fault Assertion" id="84bacc22-fb11-4011-b6c6-f98279c63c04" name="Not SOAP Fault"/><con:assertion type="SOAP Response" id="09049f91-e031-450a-b010-8f8ffe7f1e42" name="SOAP Response"/><con:assertion type="Schema Compliance" id="47396af9-2a05-4858-babe-379519166259" name="Schema Compliance"><con:configuration/></con:assertion><con:wsaConfig action="http://fidus.brussels/services/countryservice/getNationality"/></con:request></con:config></con:testStep><con:testStep type="request" id="7fd60f78-cb6a-4753-8bd8-84c9e1f4cabf" name="testcase03 - Test Worker1 -Request"><con:settings/><con:config xsi:type="con:RequestStep" xmlns:xsi="http://www.w3.org/2001/XMLSchema-instance"><con:interface>CountryServiceHTTPBinding</con:interface><con:operation>getNationality</con:operation><con:request name="testcase03 - Test Worker1 -Request" id="8a70ab14-3904-4b67-846c-852802828b12" outgoingWss="Outflow TEST"><con:settings/><con:encoding>UTF-8</con:encoding><con:endpoint>https://192.168.24.16:8443/services/CountryService_v1.0</con:endpoint><con:request><![CDATA[<soapenv:Envelope xmlns:soapenv="http://schemas.xmlsoap.org/soap/envelope/" xmlns:v1="http://fidus.brussels/service/countryservice/messages/v1" xmlns:v11="http://fidus.brussels/type/common/messages/v1" xmlns:v12="http://fsb.belgium.be/mappingServices/countryService/messages/v1_00">
   <soapenv:Header/>
   <soapenv:Body>
      <v1:getNationalityRequest>
         <v1:messageContext>
         	  <v11:messageId>${=import static java.util.UUID.randomUUID; uuid = randomUUID() as String}</v11:messageId>
            <v11:timestamp>${=new java.text.SimpleDateFormat("yyyy-MM-dd'T'HH:mm:ss.SSS").format(new Date())}</v11:timestamp>
         </v1:messageContext>
         <v1:legalContext>ServiceIntegrator</v1:legalContext>
         <v1:request>
            <!--You have a CHOICE of the next 4 items at this level-->
            <v12:iso-alpha2>BE</v12:iso-alpha2>          
         </v1:request>
      </v1:getNationalityRequest>
   </soapenv:Body>
</soapenv:Envelope>]]></con:request><con:assertion type="SOAP Fault Assertion" id="ac357ab9-2c10-4788-8ddf-7b141f461540" name="Not SOAP Fault"/><con:assertion type="SOAP Response" id="fe5263d0-7a69-4b95-a360-5963255224c6" name="SOAP Response"/><con:assertion type="Schema Compliance" id="bd09e9eb-b574-437d-ab5a-318bc8751660" name="Schema Compliance"><con:configuration/></con:assertion><con:wsaConfig action="http://fidus.brussels/services/countryservice/getNationality"/></con:request></con:config></con:testStep><con:testStep type="request" id="faba8d48-e625-4532-af79-4ff71e3e786a" name="testcase03 - Test Worker2 -Request"><con:settings/><con:config xsi:type="con:RequestStep" xmlns:xsi="http://www.w3.org/2001/XMLSchema-instance"><con:interface>CountryServiceHTTPBinding</con:interface><con:operation>getNationality</con:operation><con:request name="testcase03 - Test Worker2 -Request" id="771188dd-a9a1-46d9-9d82-6383b97fd501" outgoingWss="Outflow TEST"><con:settings/><con:encoding>UTF-8</con:encoding><con:endpoint>https://192.168.24.17:8443/services/CountryService_v1.0</con:endpoint><con:request><![CDATA[<soapenv:Envelope xmlns:soapenv="http://schemas.xmlsoap.org/soap/envelope/" xmlns:v1="http://fidus.brussels/service/countryservice/messages/v1" xmlns:v11="http://fidus.brussels/type/common/messages/v1" xmlns:v12="http://fsb.belgium.be/mappingServices/countryService/messages/v1_00">
   <soapenv:Header/>
   <soapenv:Body>
      <v1:getNationalityRequest>
         <v1:messageContext>
         	  <v11:messageId>${=import static java.util.UUID.randomUUID; uuid = randomUUID() as String}</v11:messageId>
            <v11:timestamp>${=new java.text.SimpleDateFormat("yyyy-MM-dd'T'HH:mm:ss.SSS").format(new Date())}</v11:timestamp>
         </v1:messageContext>
         <v1:legalContext>ServiceIntegrator</v1:legalContext>
         <v1:request>
            <!--You have a CHOICE of the next 4 items at this level-->
            <v12:iso-alpha2>BE</v12:iso-alpha2>          
         </v1:request>
      </v1:getNationalityRequest>
   </soapenv:Body>
</soapenv:Envelope>]]></con:request><con:assertion type="SOAP Fault Assertion" id="d279b9d0-44a3-4f40-bab0-6024aba87902" name="Not SOAP Fault"/><con:assertion type="SOAP Response" id="f74d2800-bbe5-439a-8877-cf3c4e54fc57" name="SOAP Response"/><con:assertion type="Schema Compliance" id="1ba98363-3548-4958-9d14-e0cf418116ad" name="Schema Compliance"><con:configuration/></con:assertion><con:wsaConfig action="http://fidus.brussels/services/countryservice/getNationality"/></con:request></con:config></con:testStep><con:testStep type="request" id="a1abeeef-b8c4-4986-a7a6-d3729d1fb37e" name="testcase03 - Test External -Request"><con:settings/><con:config xsi:type="con:RequestStep" xmlns:xsi="http://www.w3.org/2001/XMLSchema-instance"><con:interface>CountryServiceHTTPBinding</con:interface><con:operation>getNationality</con:operation><con:request name="testcase03 - Test External -Request" id="457e7ad4-7910-45a4-bf8b-4fd355881c98" outgoingWss="Outflow TEST"><con:settings/><con:encoding>UTF-8</con:encoding><con:endpoint>https://fidus.irisnetlab.be/services/CountryService_v1.0</con:endpoint><con:request><![CDATA[<soapenv:Envelope xmlns:soapenv="http://schemas.xmlsoap.org/soap/envelope/" xmlns:v1="http://fidus.brussels/service/countryservice/messages/v1" xmlns:v11="http://fidus.brussels/type/common/messages/v1" xmlns:v12="http://fsb.belgium.be/mappingServices/countryService/messages/v1_00">
   <soapenv:Header/>
   <soapenv:Body>
      <v1:getNationalityRequest>
         <v1:messageContext>
         	  <v11:messageId>${=import static java.util.UUID.randomUUID; uuid = randomUUID() as String}</v11:messageId>
            <v11:timestamp>${=new java.text.SimpleDateFormat("yyyy-MM-dd'T'HH:mm:ss.SSS").format(new Date())}</v11:timestamp>
         </v1:messageContext>
         <v1:legalContext>ServiceIntegrator</v1:legalContext>
         <v1:request>
            <!--You have a CHOICE of the next 4 items at this level-->
            <v12:iso-alpha2>BE</v12:iso-alpha2>          
         </v1:request>
      </v1:getNationalityRequest>
   </soapenv:Body>
</soapenv:Envelope>]]></con:request><con:assertion type="SOAP Fault Assertion" id="eba19e4f-fffa-4e79-90df-c3008e39ad3f" name="Not SOAP Fault"/><con:assertion type="SOAP Response" id="51caa658-5469-4fc4-873a-b452faf5d3e6" name="SOAP Response"/><con:assertion type="Schema Compliance" id="3d4c1a45-0e6c-4925-8d90-956e1f48d034" name="Schema Compliance"><con:configuration/></con:assertion><con:wsaConfig action="http://fidus.brussels/services/countryservice/getNationality"/></con:request></con:config></con:testStep><con:testStep type="request" id="b68ec29f-109e-4064-b581-8567c3e95b33" name="testcase03 - Test LB -Request"><con:settings/><con:config xsi:type="con:RequestStep" xmlns:xsi="http://www.w3.org/2001/XMLSchema-instance"><con:interface>CountryServiceHTTPBinding</con:interface><con:operation>getNationality</con:operation><con:request name="testcase03 - Test LB -Request" id="786dd137-b701-40b0-9c3e-f38a5597aa9e" outgoingWss="Outflow TEST"><con:settings/><con:encoding>UTF-8</con:encoding><con:endpoint>https://fidus-esb-sg.sta.srv.cirb.lan:8443/services/CountryService_v1.0</con:endpoint><con:request><![CDATA[<soapenv:Envelope xmlns:soapenv="http://schemas.xmlsoap.org/soap/envelope/" xmlns:v1="http://fidus.brussels/service/countryservice/messages/v1" xmlns:v11="http://fidus.brussels/type/common/messages/v1" xmlns:v12="http://fsb.belgium.be/mappingServices/countryService/messages/v1_00">
   <soapenv:Header/>
   <soapenv:Body>
      <v1:getNationalityRequest>
         <v1:messageContext>
         	  <v11:messageId>${=import static java.util.UUID.randomUUID; uuid = randomUUID() as String}</v11:messageId>
            <v11:timestamp>${=new java.text.SimpleDateFormat("yyyy-MM-dd'T'HH:mm:ss.SSS").format(new Date())}</v11:timestamp>
         </v1:messageContext>
         <v1:legalContext>ServiceIntegrator</v1:legalContext>
         <v1:request>
            <!--You have a CHOICE of the next 4 items at this level-->
            <v12:iso-alpha2>BE</v12:iso-alpha2>          
         </v1:request>
      </v1:getNationalityRequest>
   </soapenv:Body>
</soapenv:Envelope>]]></con:request><con:assertion type="SOAP Fault Assertion" id="5827e663-b404-4183-9b68-8fdd3fb53323" name="Not SOAP Fault"/><con:assertion type="SOAP Response" id="4cd3c89b-70c4-4767-baa4-b877016df0bb" name="SOAP Response"/><con:assertion type="Schema Compliance" id="c0a0687e-a551-45f6-ae34-ca2395cdbf2f" name="Schema Compliance"><con:configuration/></con:assertion><con:wsaConfig action="http://fidus.brussels/services/countryservice/getNationality"/></con:request></con:config></con:testStep><con:properties/></con:testCase><con:testCase id="ed6da93b-fbe5-4316-87f1-08dedfffcab6" failOnError="true" failTestCaseOnErrors="true" keepSession="false" maxResults="0" name="getNationalityHistory" searchProperties="true"><con:settings/><con:testStep type="request" id="0ba2fe52-fc91-471c-acb9-8edd547824a7" name="testcase03 - Test External - Request"><con:settings/><con:config xsi:type="con:RequestStep" xmlns:xsi="http://www.w3.org/2001/XMLSchema-instance"><con:interface>CountryServiceHTTPBinding</con:interface><con:operation>getNationalityHistory</con:operation><con:request name="testcase03 - Test External - Request" id="52ef5387-74ec-41b5-8bca-746dc824ec99" outgoingWss="Outflow TEST"><con:settings/><con:encoding>UTF-8</con:encoding><con:endpoint>https://fidus.irisnetlab.be/services/CountryService_v1.0</con:endpoint><con:request><![CDATA[<soapenv:Envelope xmlns:soapenv="http://schemas.xmlsoap.org/soap/envelope/" xmlns:v1="http://fidus.brussels/service/countryservice/messages/v1" xmlns:v11="http://fidus.brussels/type/common/messages/v1" xmlns:v12="http://fsb.belgium.be/mappingServices/countryService/messages/v1_00">
   <soapenv:Header/>
   <soapenv:Body>
      <v1:getNationalityHistoryRequest>
         <v1:messageContext>
            <v11:messageId>${=import static java.util.UUID.randomUUID; uuid = randomUUID() as String}</v11:messageId>
            <!--Optional:-->
            <v11:timestamp>${=new java.text.SimpleDateFormat("yyyy-MM-dd'T'HH:mm:ss.SSS").format(new Date())}</v11:timestamp>
         </v1:messageContext>
         <v1:legalContext>ServiceIntegrator</v1:legalContext>
         <v1:request>
            <v12:iso-alpha3>FRA</v12:iso-alpha3>
            <!--Optional:-->
            <v12:referenceDate>2016-10-16</v12:referenceDate>
         </v1:request>
      </v1:getNationalityHistoryRequest>
   </soapenv:Body>
</soapenv:Envelope>]]></con:request><con:assertion type="SOAP Fault Assertion" id="4557ffe4-bacc-48f1-8482-f93fcd3af56d" name="Not SOAP Fault"/><con:assertion type="SOAP Response" id="48e3452c-c17a-4b38-a653-43f1cf3f884c" name="SOAP Response"/><con:assertion type="Schema Compliance" id="d9a27b91-77f4-424b-bf36-7685a40bd5fe" name="Schema Compliance"><con:configuration/></con:assertion><con:wsaConfig action="http://fidus.brussels/services/countryservice/getNationalityHistory"/></con:request></con:config></con:testStep><con:testStep type="request" id="1e7ccaea-cd88-45c2-9ae4-9ded7d5ed070" name="testcase03 - Test LB - Request"><con:settings/><con:config xsi:type="con:RequestStep" xmlns:xsi="http://www.w3.org/2001/XMLSchema-instance"><con:interface>CountryServiceHTTPBinding</con:interface><con:operation>getNationalityHistory</con:operation><con:request name="testcase03 - Test LB - Request" id="71431660-9432-42f5-8e4a-be87bad44771" outgoingWss="Outflow TEST"><con:settings/><con:encoding>UTF-8</con:encoding><con:endpoint>https://fidus-esb-sg.sta.srv.cirb.lan:8443/services/CountryService_v1.0</con:endpoint><con:request><![CDATA[<soapenv:Envelope xmlns:soapenv="http://schemas.xmlsoap.org/soap/envelope/" xmlns:v1="http://fidus.brussels/service/countryservice/messages/v1" xmlns:v11="http://fidus.brussels/type/common/messages/v1" xmlns:v12="http://fsb.belgium.be/mappingServices/countryService/messages/v1_00">
   <soapenv:Header/>
   <soapenv:Body>
      <v1:getNationalityHistoryRequest>
         <v1:messageContext>
            <v11:messageId>${=import static java.util.UUID.randomUUID; uuid = randomUUID() as String}</v11:messageId>
            <!--Optional:-->
            <v11:timestamp>${=new java.text.SimpleDateFormat("yyyy-MM-dd'T'HH:mm:ss.SSS").format(new Date())}</v11:timestamp>
         </v1:messageContext>
         <v1:legalContext>ServiceIntegrator</v1:legalContext>
         <v1:request>
            <v12:iso-alpha3>NLD</v12:iso-alpha3>
            <!--Optional:-->
            <v12:referenceDate>2016-10-16</v12:referenceDate>
         </v1:request>
      </v1:getNationalityHistoryRequest>
   </soapenv:Body>
</soapenv:Envelope>]]></con:request><con:assertion type="SOAP Fault Assertion" id="02f99dc2-8d14-4c06-a115-3a8203a79960" name="Not SOAP Fault"/><con:assertion type="SOAP Response" id="0a8b287e-af13-4233-9868-b3ed225a0753" name="SOAP Response"/><con:assertion type="Schema Compliance" id="cb224ac4-a1ee-4dbd-b6a1-be577c72ca87" name="Schema Compliance"><con:configuration/></con:assertion><con:wsaConfig action="http://fidus.brussels/services/countryservice/getNationalityHistory"/></con:request></con:config></con:testStep><con:testStep type="request" id="a826188d-cec4-4838-ba5a-56b8205392e9" name="testcase03 - Test Worker1 - Request"><con:settings/><con:config xsi:type="con:RequestStep" xmlns:xsi="http://www.w3.org/2001/XMLSchema-instance"><con:interface>CountryServiceHTTPBinding</con:interface><con:operation>getNationalityHistory</con:operation><con:request name="testcase03 - Test Worker1 - Request" id="df03b51a-4795-415a-b5a1-05c9bcf982b4" outgoingWss="Outflow TEST"><con:settings/><con:encoding>UTF-8</con:encoding><con:endpoint>https://192.168.24.16:8443/services/CountryService_v1.0</con:endpoint><con:request><![CDATA[<soapenv:Envelope xmlns:soapenv="http://schemas.xmlsoap.org/soap/envelope/" xmlns:v1="http://fidus.brussels/service/countryservice/messages/v1" xmlns:v11="http://fidus.brussels/type/common/messages/v1" xmlns:v12="http://fsb.belgium.be/mappingServices/countryService/messages/v1_00">
   <soapenv:Header/>
   <soapenv:Body>
      <v1:getNationalityHistoryRequest>
         <v1:messageContext>
            <v11:messageId>${=import static java.util.UUID.randomUUID; uuid = randomUUID() as String}</v11:messageId>
            <!--Optional:-->
            <v11:timestamp>${=new java.text.SimpleDateFormat("yyyy-MM-dd'T'HH:mm:ss.SSS").format(new Date())}</v11:timestamp>
         </v1:messageContext>
         <v1:legalContext>ServiceIntegrator</v1:legalContext>
         <v1:request>
            <v12:iso-alpha3>AUS</v12:iso-alpha3>
            <!--Optional:-->
            <!--<v12:referenceDate>2016-10-16</v12:referenceDate>-->
         </v1:request>
      </v1:getNationalityHistoryRequest>
   </soapenv:Body>
</soapenv:Envelope>]]></con:request><con:assertion type="SOAP Fault Assertion" id="d15d2ceb-ebe3-4e9d-bce2-a8e1f6b27a65" name="Not SOAP Fault"/><con:assertion type="SOAP Response" id="8014d56c-8279-459d-b501-555380ea080f" name="SOAP Response"/><con:assertion type="Schema Compliance" id="ec1037de-95a6-4085-a2df-9f27b60daee9" name="Schema Compliance"><con:configuration/></con:assertion><con:wsaConfig action="http://fidus.brussels/services/countryservice/getNationalityHistory"/></con:request></con:config></con:testStep><con:testStep type="request" id="d3fe50c6-e788-468b-b66f-d8ca5ce95e55" name="testcase03 - Test Worker2 - Request"><con:settings/><con:config xsi:type="con:RequestStep" xmlns:xsi="http://www.w3.org/2001/XMLSchema-instance"><con:interface>CountryServiceHTTPBinding</con:interface><con:operation>getNationalityHistory</con:operation><con:request name="testcase03 - Test Worker2 - Request" id="eb70af92-7e46-4fc5-9851-3315c03a1217" outgoingWss="Outflow TEST"><con:settings/><con:encoding>UTF-8</con:encoding><con:endpoint>https://192.168.24.17:8443/services/CountryService_v1.0</con:endpoint><con:request><![CDATA[<soapenv:Envelope xmlns:soapenv="http://schemas.xmlsoap.org/soap/envelope/" xmlns:v1="http://fidus.brussels/service/countryservice/messages/v1" xmlns:v11="http://fidus.brussels/type/common/messages/v1" xmlns:v12="http://fsb.belgium.be/mappingServices/countryService/messages/v1_00">
   <soapenv:Header/>
   <soapenv:Body>
      <v1:getNationalityHistoryRequest>
         <v1:messageContext>
            <v11:messageId>${=import static java.util.UUID.randomUUID; uuid = randomUUID() as String}</v11:messageId>
            <!--Optional:-->
            <v11:timestamp>${=new java.text.SimpleDateFormat("yyyy-MM-dd'T'HH:mm:ss.SSS").format(new Date())}</v11:timestamp>
         </v1:messageContext>
         <v1:legalContext>ServiceIntegrator</v1:legalContext>
         <v1:request>
            <v12:iso-alpha3>BRA</v12:iso-alpha3>
            <!--Optional:-->
            <v12:referenceDate>2000-01-01</v12:referenceDate>
         </v1:request>
      </v1:getNationalityHistoryRequest>
   </soapenv:Body>
</soapenv:Envelope>]]></con:request><con:assertion type="SOAP Fault Assertion" id="4a9c06b3-b895-4ff1-b289-f9fc1b63a69f" name="Not SOAP Fault"/><con:assertion type="SOAP Response" id="2f830477-10cf-4021-ab84-0c1c2e10e18f" name="SOAP Response"/><con:assertion type="Schema Compliance" id="27671d4c-c9b8-4110-85c5-515e35ec61f6" name="Schema Compliance"><con:configuration/></con:assertion><con:wsaConfig action="http://fidus.brussels/services/countryservice/getNationalityHistory"/></con:request></con:config></con:testStep><con:properties/></con:testCase><con:testCase id="9984a38c-7749-4348-830f-a762dfecdb68" failOnError="true" failTestCaseOnErrors="true" keepSession="false" maxResults="0" name="getPlaceCountries" searchProperties="true"><con:settings/><con:testStep type="request" id="efee0b41-96cd-4651-9778-08bda480a9fa" name="testcase03 - Test External - Request"><con:settings/><con:config xsi:type="con:RequestStep" xmlns:xsi="http://www.w3.org/2001/XMLSchema-instance"><con:interface>CountryServiceHTTPBinding</con:interface><con:operation>getPlaceCountries</con:operation><con:request name="testcase03 - Test External - Request" id="2b2d7daf-078b-423a-a48c-63ac47f29275" outgoingWss="Outflow TEST"><con:settings/><con:encoding>UTF-8</con:encoding><con:endpoint>https://fidus.irisnetlab.be/services/CountryService_v1.0</con:endpoint><con:request><![CDATA[<soapenv:Envelope xmlns:soapenv="http://schemas.xmlsoap.org/soap/envelope/" xmlns:v1="http://fidus.brussels/service/countryservice/messages/v1" xmlns:v11="http://fidus.brussels/type/common/messages/v1">
   <soapenv:Header/>
   <soapenv:Body>
      <v1:getPlaceCountriesRequest>
         <v1:messageContext>
            <v11:messageId>${=import static java.util.UUID.randomUUID; uuid = randomUUID() as String}</v11:messageId>
            <!--Optional:-->
            <v11:timestamp>${=new java.text.SimpleDateFormat("yyyy-MM-dd'T'HH:mm:ss.SSS").format(new Date())}</v11:timestamp>
         </v1:messageContext>
         <v1:legalContext>ServiceIntegrator</v1:legalContext>
         <v1:request>
            <!--Optional:-->
            <v1:referenceDate>2016-10-14</v1:referenceDate>
         </v1:request>
      </v1:getPlaceCountriesRequest>
   </soapenv:Body>
</soapenv:Envelope>]]></con:request><con:assertion type="SOAP Fault Assertion" id="80b81480-9406-4082-9a2a-300cd23eb1fc" name="Not SOAP Fault"/><con:assertion type="SOAP Response" id="b6e56a86-7900-4d7e-8364-81288a2419db" name="SOAP Response"/><con:assertion type="Schema Compliance" id="fda86e13-c46c-4a71-8a01-b0768923fbcb" name="Schema Compliance"><con:configuration/></con:assertion><con:wsaConfig action="http://fidus.brussels/services/countryservice/getPlaceCountries"/></con:request></con:config></con:testStep><con:testStep type="request" id="9f66ad27-fa63-4841-b399-7155a90a4cc9" name="testcase03 - Test LB - Request"><con:settings/><con:config xsi:type="con:RequestStep" xmlns:xsi="http://www.w3.org/2001/XMLSchema-instance"><con:interface>CountryServiceHTTPBinding</con:interface><con:operation>getPlaceCountries</con:operation><con:request name="testcase03 - Test LB - Request" id="76746eae-aa13-41a3-bf60-4b520060e5f2" outgoingWss="Outflow TEST"><con:settings/><con:encoding>UTF-8</con:encoding><con:endpoint>https://fidus-esb-sg.sta.srv.cirb.lan:8443/services/CountryService_v1.0</con:endpoint><con:request><![CDATA[<soapenv:Envelope xmlns:soapenv="http://schemas.xmlsoap.org/soap/envelope/" xmlns:v1="http://fidus.brussels/service/countryservice/messages/v1" xmlns:v11="http://fidus.brussels/type/common/messages/v1">
   <soapenv:Header/>
   <soapenv:Body>
      <v1:getPlaceCountriesRequest>
         <v1:messageContext>
            <v11:messageId>${=import static java.util.UUID.randomUUID; uuid = randomUUID() as String}</v11:messageId>
            <!--Optional:-->
            <v11:timestamp>${=new java.text.SimpleDateFormat("yyyy-MM-dd'T'HH:mm:ss.SSS").format(new Date())}</v11:timestamp>
         </v1:messageContext>
         <v1:legalContext>ServiceIntegrator</v1:legalContext>
         <v1:request>
            <!--Optional:-->
            <v1:referenceDate>2016-10-14</v1:referenceDate>
         </v1:request>
      </v1:getPlaceCountriesRequest>
   </soapenv:Body>
</soapenv:Envelope>]]></con:request><con:assertion type="SOAP Fault Assertion" id="c662f3fd-5373-4578-b751-92dcddff1c1a" name="Not SOAP Fault"/><con:assertion type="SOAP Response" id="54cbce3c-1403-41a8-8c8c-06cbc3e88067" name="SOAP Response"/><con:assertion type="Schema Compliance" id="793f2cfb-6166-4fda-bd42-4f0b83dd69f6" name="Schema Compliance"><con:configuration/></con:assertion><con:wsaConfig action="http://fidus.brussels/services/countryservice/getPlaceCountries"/></con:request></con:config></con:testStep><con:testStep type="request" id="00f887a1-d4e7-4c78-b2ba-9319b391ac9d" name="testcase03 - Test Worker1 - Request"><con:settings/><con:config xsi:type="con:RequestStep" xmlns:xsi="http://www.w3.org/2001/XMLSchema-instance"><con:interface>CountryServiceHTTPBinding</con:interface><con:operation>getPlaceCountries</con:operation><con:request name="testcase03 - Test Worker1 - Request" id="ce15eb9f-0239-4400-8baa-ae866511dac5" outgoingWss="Outflow TEST"><con:settings/><con:encoding>UTF-8</con:encoding><con:endpoint>https://192.168.24.16:8443/services/CountryService_v1.0</con:endpoint><con:request><![CDATA[<soapenv:Envelope xmlns:soapenv="http://schemas.xmlsoap.org/soap/envelope/" xmlns:v1="http://fidus.brussels/service/countryservice/messages/v1" xmlns:v11="http://fidus.brussels/type/common/messages/v1">
   <soapenv:Header/>
   <soapenv:Body>
      <v1:getPlaceCountriesRequest>
         <v1:messageContext>
            <v11:messageId>${=import static java.util.UUID.randomUUID; uuid = randomUUID() as String}</v11:messageId>
            <!--Optional:-->
            <v11:timestamp>${=new java.text.SimpleDateFormat("yyyy-MM-dd'T'HH:mm:ss.SSS").format(new Date())}</v11:timestamp>
         </v1:messageContext>
         <v1:legalContext>ServiceIntegrator</v1:legalContext>
         <v1:request>
            <!--Optional:-->
            <v1:referenceDate>2016-10-14</v1:referenceDate>
         </v1:request>
      </v1:getPlaceCountriesRequest>
   </soapenv:Body>
</soapenv:Envelope>]]></con:request><con:assertion type="SOAP Fault Assertion" id="42cb376c-a92b-4178-afc0-9bbc435a9994" name="Not SOAP Fault"/><con:assertion type="SOAP Response" id="f2555cc5-2aa3-4583-92f6-b01ebe8b821c" name="SOAP Response"/><con:assertion type="Schema Compliance" id="a387c860-ec0b-4fae-99a8-fe9df81306e2" name="Schema Compliance"><con:configuration/></con:assertion><con:wsaConfig action="http://fidus.brussels/services/countryservice/getPlaceCountries"/></con:request></con:config></con:testStep><con:testStep type="request" id="0b4634e6-4519-46f4-8bf1-d0098e81704d" name="testcase03 - Test Worker2 - Request"><con:settings/><con:config xsi:type="con:RequestStep" xmlns:xsi="http://www.w3.org/2001/XMLSchema-instance"><con:interface>CountryServiceHTTPBinding</con:interface><con:operation>getPlaceCountries</con:operation><con:request name="testcase03 - Test Worker2 - Request" id="b426cfe8-7399-4dd3-b82a-98f262fefe71" outgoingWss="Outflow TEST"><con:settings/><con:encoding>UTF-8</con:encoding><con:endpoint>https://192.168.24.17:8443/services/CountryService_v1.0</con:endpoint><con:request><![CDATA[<soapenv:Envelope xmlns:soapenv="http://schemas.xmlsoap.org/soap/envelope/" xmlns:v1="http://fidus.brussels/service/countryservice/messages/v1" xmlns:v11="http://fidus.brussels/type/common/messages/v1">
   <soapenv:Header/>
   <soapenv:Body>
      <v1:getPlaceCountriesRequest>
         <v1:messageContext>
            <v11:messageId>${=import static java.util.UUID.randomUUID; uuid = randomUUID() as String}</v11:messageId>
            <!--Optional:-->
            <v11:timestamp>${=new java.text.SimpleDateFormat("yyyy-MM-dd'T'HH:mm:ss.SSS").format(new Date())}</v11:timestamp>
         </v1:messageContext>
         <v1:legalContext>ServiceIntegrator</v1:legalContext>
         <v1:request>
            <!--Optional:-->
            <v1:referenceDate>2016-10-14</v1:referenceDate>
         </v1:request>
      </v1:getPlaceCountriesRequest>
   </soapenv:Body>
</soapenv:Envelope>]]></con:request><con:assertion type="SOAP Fault Assertion" id="952e8bfd-b50d-4750-ab77-c54b114105a4" name="Not SOAP Fault"/><con:assertion type="SOAP Response" id="56600d14-0688-472e-90ec-db4f22e925b5" name="SOAP Response"/><con:assertion type="Schema Compliance" id="a9faced2-f1c5-4798-8f39-b5d85c5d8e26" name="Schema Compliance"><con:configuration/></con:assertion><con:wsaConfig action="http://fidus.brussels/services/countryservice/getPlaceCountries"/></con:request></con:config></con:testStep><con:properties/></con:testCase><con:testCase id="e9e81d97-d343-40fd-9980-9b35524cb692" failOnError="true" failTestCaseOnErrors="true" keepSession="false" maxResults="0" name="getPlaceCountry" searchProperties="true"><con:settings/><con:testStep type="request" id="8e6b6b03-52b7-4ebd-8347-668c8bd3ff78" name="testcase03 - Test External - Request"><con:settings/><con:config xsi:type="con:RequestStep" xmlns:xsi="http://www.w3.org/2001/XMLSchema-instance"><con:interface>CountryServiceHTTPBinding</con:interface><con:operation>getPlaceCountry</con:operation><con:request name="testcase03 - Test External - Request" id="80b9378e-98ab-4d28-9be9-4e1886100f62" outgoingWss="Outflow TEST"><con:settings/><con:encoding>UTF-8</con:encoding><con:endpoint>https://fidus.irisnetlab.be/services/CountryService_v1.0</con:endpoint><con:request><![CDATA[<soapenv:Envelope xmlns:soapenv="http://schemas.xmlsoap.org/soap/envelope/" xmlns:v1="http://fidus.brussels/service/countryservice/messages/v1" xmlns:v11="http://fidus.brussels/type/common/messages/v1" xmlns:v12="http://fsb.belgium.be/mappingServices/countryService/messages/v1_00">
   <soapenv:Header/>
   <soapenv:Body>
      <v1:getPlaceCountryRequest>
         <v1:messageContext>
            <v11:messageId>${=import static java.util.UUID.randomUUID; uuid = randomUUID() as String}</v11:messageId>
            <!--Optional:-->
            <v11:timestamp>${=new java.text.SimpleDateFormat("yyyy-MM-dd'T'HH:mm:ss.SSS").format(new Date())}</v11:timestamp>
         </v1:messageContext>
         <v1:legalContext>ServiceIntegrator</v1:legalContext>
         <v1:request>
            <!--You have a CHOICE of the next 4 items at this level-->
            <!--
            <v12:iso-alpha2 startDate="?" endDate="?" status="?">?</v12:iso-alpha2>
            <v12:iso-alpha3 startDate="?" endDate="?" status="?">?</v12:iso-alpha3>
            <v12:iso-num3 startDate="?" endDate="?" status="?">?</v12:iso-num3>
            <v12:nis-num3 startDate="?" endDate="?" status="?">?</v12:nis-num3>
			-->
             <v12:iso-alpha2>NL</v12:iso-alpha2>
             
         </v1:request>
      </v1:getPlaceCountryRequest>
   </soapenv:Body>
</soapenv:Envelope>]]></con:request><con:assertion type="SOAP Fault Assertion" id="71d82f5e-01b3-4df2-8b6e-cc819cbc51f6" name="Not SOAP Fault"/><con:assertion type="SOAP Response" id="baebb457-f65e-412b-9e5f-2b01f2541b04" name="SOAP Response"/><con:assertion type="Schema Compliance" id="e0d9df70-cd6a-41f4-8c65-1db367ae19bb" name="Schema Compliance"><con:configuration/></con:assertion><con:wsaConfig action="http://fidus.brussels/services/countryservice/getPlaceCountry"/></con:request></con:config></con:testStep><con:testStep type="request" id="d40b362b-4d3b-43ee-a4e8-1a9a1f7fcebd" name="testcase03 - Test LB - Request"><con:settings/><con:config xsi:type="con:RequestStep" xmlns:xsi="http://www.w3.org/2001/XMLSchema-instance"><con:interface>CountryServiceHTTPBinding</con:interface><con:operation>getPlaceCountry</con:operation><con:request name="testcase03 - Test LB - Request" id="e73be7c9-26af-4d46-87be-0c57a6739bc8" outgoingWss="Outflow TEST"><con:settings/><con:encoding>UTF-8</con:encoding><con:endpoint>https://fidus-esb-sg.sta.srv.cirb.lan:8443/services/CountryService_v1.0</con:endpoint><con:request><![CDATA[<soapenv:Envelope xmlns:soapenv="http://schemas.xmlsoap.org/soap/envelope/" xmlns:v1="http://fidus.brussels/service/countryservice/messages/v1" xmlns:v11="http://fidus.brussels/type/common/messages/v1" xmlns:v12="http://fsb.belgium.be/mappingServices/countryService/messages/v1_00">
   <soapenv:Header/>
   <soapenv:Body>
      <v1:getPlaceCountryRequest>
         <v1:messageContext>
            <v11:messageId>${=import static java.util.UUID.randomUUID; uuid = randomUUID() as String}</v11:messageId>
            <!--Optional:-->
            <v11:timestamp>${=new java.text.SimpleDateFormat("yyyy-MM-dd'T'HH:mm:ss.SSS").format(new Date())}</v11:timestamp>
         </v1:messageContext>
         <v1:legalContext>ServiceIntegrator</v1:legalContext>
         <v1:request>
            <!--You have a CHOICE of the next 4 items at this level-->
            <!--
            <v12:iso-alpha2 startDate="?" endDate="?" status="?">?</v12:iso-alpha2>
            <v12:iso-alpha3 startDate="?" endDate="?" status="?">?</v12:iso-alpha3>
            <v12:iso-num3 startDate="?" endDate="?" status="?">?</v12:iso-num3>
            <v12:nis-num3 startDate="?" endDate="?" status="?">?</v12:nis-num3>
			-->
             <v12:iso-alpha2>NL</v12:iso-alpha2>
             
         </v1:request>
      </v1:getPlaceCountryRequest>
   </soapenv:Body>
</soapenv:Envelope>]]></con:request><con:assertion type="SOAP Fault Assertion" id="abb30c2c-fc43-4a2c-b922-f162e587437c" name="Not SOAP Fault"/><con:assertion type="SOAP Response" id="6fab962c-3f21-4058-ad99-94479d1e2835" name="SOAP Response"/><con:assertion type="Schema Compliance" id="ddbb36c3-f76f-4592-b49c-6771024c9de4" name="Schema Compliance"><con:configuration/></con:assertion><con:wsaConfig action="http://fidus.brussels/services/countryservice/getPlaceCountry"/></con:request></con:config></con:testStep><con:testStep type="request" id="a0dbdf0a-b801-44a0-ab96-32e3006d09a2" name="testcase03 - Test Worker1 - Request"><con:settings/><con:config xsi:type="con:RequestStep" xmlns:xsi="http://www.w3.org/2001/XMLSchema-instance"><con:interface>CountryServiceHTTPBinding</con:interface><con:operation>getPlaceCountry</con:operation><con:request name="testcase03 - Test Worker1 - Request" id="97b307ff-2168-4136-9bc5-b725d2ef7a92" outgoingWss="Outflow TEST"><con:settings/><con:encoding>UTF-8</con:encoding><con:endpoint>https://192.168.24.16:8443/services/CountryService_v1.0</con:endpoint><con:request><![CDATA[<soapenv:Envelope xmlns:soapenv="http://schemas.xmlsoap.org/soap/envelope/" xmlns:v1="http://fidus.brussels/service/countryservice/messages/v1" xmlns:v11="http://fidus.brussels/type/common/messages/v1" xmlns:v12="http://fsb.belgium.be/mappingServices/countryService/messages/v1_00">
   <soapenv:Header/>
   <soapenv:Body>
      <v1:getPlaceCountryRequest>
         <v1:messageContext>
            <v11:messageId>${=import static java.util.UUID.randomUUID; uuid = randomUUID() as String}</v11:messageId>
            <!--Optional:-->
            <v11:timestamp>${=new java.text.SimpleDateFormat("yyyy-MM-dd'T'HH:mm:ss.SSS").format(new Date())}</v11:timestamp>
         </v1:messageContext>
         <v1:legalContext>ServiceIntegrator</v1:legalContext>
         <v1:request>
            <!--You have a CHOICE of the next 4 items at this level-->
            <!--
            <v12:iso-alpha2 startDate="?" endDate="?" status="?">?</v12:iso-alpha2>
            <v12:iso-alpha3 startDate="?" endDate="?" status="?">?</v12:iso-alpha3>
            <v12:iso-num3 startDate="?" endDate="?" status="?">?</v12:iso-num3>
            <v12:nis-num3 startDate="?" endDate="?" status="?">?</v12:nis-num3>
			-->
             <v12:iso-alpha2>NL</v12:iso-alpha2>
             
         </v1:request>
      </v1:getPlaceCountryRequest>
   </soapenv:Body>
</soapenv:Envelope>]]></con:request><con:assertion type="SOAP Fault Assertion" id="0f0415f8-928c-4227-b4c8-294010b4b7a5" name="Not SOAP Fault"/><con:assertion type="SOAP Response" id="cd85d182-48fa-4129-91b8-c43fc73fa05f" name="SOAP Response"/><con:assertion type="Schema Compliance" id="2ddf22d2-e2e1-47bf-a2f5-e44a52cb57c7" name="Schema Compliance"><con:configuration/></con:assertion><con:wsaConfig action="http://fidus.brussels/services/countryservice/getPlaceCountry"/></con:request></con:config></con:testStep><con:testStep type="request" id="b5b4d331-1eb7-4d1c-94e5-48dfb1bf18da" name="testcase03 - Test Worker2 - Request"><con:settings/><con:config xsi:type="con:RequestStep" xmlns:xsi="http://www.w3.org/2001/XMLSchema-instance"><con:interface>CountryServiceHTTPBinding</con:interface><con:operation>getPlaceCountry</con:operation><con:request name="testcase03 - Test Worker2 - Request" id="909762f2-8c9b-4d08-8104-7f751266600c" outgoingWss="Outflow TEST"><con:settings/><con:encoding>UTF-8</con:encoding><con:endpoint>https://192.168.24.17:8443/services/CountryService_v1.0</con:endpoint><con:request><![CDATA[<soapenv:Envelope xmlns:soapenv="http://schemas.xmlsoap.org/soap/envelope/" xmlns:v1="http://fidus.brussels/service/countryservice/messages/v1" xmlns:v11="http://fidus.brussels/type/common/messages/v1" xmlns:v12="http://fsb.belgium.be/mappingServices/countryService/messages/v1_00">
   <soapenv:Header/>
   <soapenv:Body>
      <v1:getPlaceCountryRequest>
         <v1:messageContext>
            <v11:messageId>${=import static java.util.UUID.randomUUID; uuid = randomUUID() as String}</v11:messageId>
            <!--Optional:-->
            <v11:timestamp>${=new java.text.SimpleDateFormat("yyyy-MM-dd'T'HH:mm:ss.SSS").format(new Date())}</v11:timestamp>
         </v1:messageContext>
         <v1:legalContext>ServiceIntegrator</v1:legalContext>
         <v1:request>
            <!--You have a CHOICE of the next 4 items at this level-->
            <!--
            <v12:iso-alpha2 startDate="?" endDate="?" status="?">?</v12:iso-alpha2>
            <v12:iso-alpha3 startDate="?" endDate="?" status="?">?</v12:iso-alpha3>
            <v12:iso-num3 startDate="?" endDate="?" status="?">?</v12:iso-num3>
            <v12:nis-num3 startDate="?" endDate="?" status="?">?</v12:nis-num3>
			-->
             <v12:iso-alpha2>NL</v12:iso-alpha2>
             
         </v1:request>
      </v1:getPlaceCountryRequest>
   </soapenv:Body>
</soapenv:Envelope>]]></con:request><con:assertion type="SOAP Fault Assertion" id="3a3e008f-c4a2-4a63-b50e-e1f2743c9100" name="Not SOAP Fault"/><con:assertion type="SOAP Response" id="639c4570-f695-4986-8bbc-52a7c9ac7f3c" name="SOAP Response"/><con:assertion type="Schema Compliance" id="f6f96665-88b0-42cd-9521-b9c288a40dc6" name="Schema Compliance"><con:configuration/></con:assertion><con:wsaConfig action="http://fidus.brussels/services/countryservice/getPlaceCountry"/></con:request></con:config></con:testStep><con:properties/></con:testCase><con:testCase id="54ef46a3-456e-4c8f-92b2-cea6c0ac4218" failOnError="true" failTestCaseOnErrors="true" keepSession="false" maxResults="0" name="getPlaceCountryHistory" searchProperties="true"><con:settings/><con:testStep type="request" id="b2d9935b-5dd9-444b-b9b4-ae8564200639" name="testcase03 - Test External - Request"><con:settings/><con:config xsi:type="con:RequestStep" xmlns:xsi="http://www.w3.org/2001/XMLSchema-instance"><con:interface>CountryServiceHTTPBinding</con:interface><con:operation>getPlaceCountryHistory</con:operation><con:request name="testcase03 - Test External - Request" id="d7404e15-51fa-4f29-b3e7-7440b2e156a9" outgoingWss="Outflow TEST"><con:settings/><con:encoding>UTF-8</con:encoding><con:endpoint>https://fidus.irisnetlab.be/services/CountryService_v1.0</con:endpoint><con:request><![CDATA[<soapenv:Envelope xmlns:soapenv="http://schemas.xmlsoap.org/soap/envelope/" xmlns:v1="http://fidus.brussels/service/countryservice/messages/v1" xmlns:v11="http://fidus.brussels/type/common/messages/v1" xmlns:v12="http://fsb.belgium.be/mappingServices/countryService/messages/v1_00">
   <soapenv:Header/>
   <soapenv:Body>
      <v1:getPlaceCountryHistoryRequest>
         <v1:messageContext>
            <v11:messageId>${=import static java.util.UUID.randomUUID; uuid = randomUUID() as String}</v11:messageId>
            <!--Optional:-->
            <v11:timestamp>${=new java.text.SimpleDateFormat("yyyy-MM-dd'T'HH:mm:ss.SSS").format(new Date())}</v11:timestamp>
         </v1:messageContext>
         <v1:legalContext>ServiceIntegrator</v1:legalContext>
         <v1:request>
            <v12:iso-alpha2>NL</v12:iso-alpha2>
         </v1:request>
      </v1:getPlaceCountryHistoryRequest>
   </soapenv:Body>
</soapenv:Envelope>]]></con:request><con:assertion type="SOAP Fault Assertion" id="ef150b64-1182-45a6-ad77-cce55275f283" name="Not SOAP Fault"/><con:assertion type="SOAP Response" id="b295ea2c-55ea-41d9-b9aa-0736022a42b7" name="SOAP Response"/><con:assertion type="Schema Compliance" id="1465214d-afd8-4942-b1c0-6f6e03deae8a" name="Schema Compliance"><con:configuration/></con:assertion><con:wsaConfig action="http://fidus.brussels/services/countryservice/getPlaceCountryHistory"/></con:request></con:config></con:testStep><con:testStep type="request" id="2f44870e-e2f8-4008-96ac-28b4aecaa37f" name="testcase03 - Test LB - Request"><con:settings/><con:config xsi:type="con:RequestStep" xmlns:xsi="http://www.w3.org/2001/XMLSchema-instance"><con:interface>CountryServiceHTTPBinding</con:interface><con:operation>getPlaceCountryHistory</con:operation><con:request name="testcase03 - Test LB - Request" id="c1091363-e496-4385-b1f2-d9662610ae34" outgoingWss="Outflow TEST"><con:settings/><con:encoding>UTF-8</con:encoding><con:endpoint>https://fidus-esb-sg.sta.srv.cirb.lan:8443/services/CountryService_v1.0</con:endpoint><con:request><![CDATA[<soapenv:Envelope xmlns:soapenv="http://schemas.xmlsoap.org/soap/envelope/" xmlns:v1="http://fidus.brussels/service/countryservice/messages/v1" xmlns:v11="http://fidus.brussels/type/common/messages/v1" xmlns:v12="http://fsb.belgium.be/mappingServices/countryService/messages/v1_00">
   <soapenv:Header/>
   <soapenv:Body>
      <v1:getPlaceCountryHistoryRequest>
         <v1:messageContext>
            <v11:messageId>${=import static java.util.UUID.randomUUID; uuid = randomUUID() as String}</v11:messageId>
            <!--Optional:-->
            <v11:timestamp>${=new java.text.SimpleDateFormat("yyyy-MM-dd'T'HH:mm:ss.SSS").format(new Date())}</v11:timestamp>
         </v1:messageContext>
         <v1:legalContext>ServiceIntegrator</v1:legalContext>
         <v1:request>
            <v12:iso-alpha2>BR</v12:iso-alpha2>
            <!--Optional:-->
            <!--<v12:referenceDate>2016-10-10</v12:referenceDate>-->
         </v1:request>
      </v1:getPlaceCountryHistoryRequest>
   </soapenv:Body>
</soapenv:Envelope>]]></con:request><con:assertion type="SOAP Fault Assertion" id="f06cd843-a6fd-4cbb-8376-384f447c0a1f" name="Not SOAP Fault"/><con:assertion type="SOAP Response" id="b50781c2-dab3-4a41-ac44-64ebd029e5ac" name="SOAP Response"/><con:assertion type="Schema Compliance" id="89acac7f-59e3-4f60-995e-928f3fa1b7cf" name="Schema Compliance"><con:configuration/></con:assertion><con:wsaConfig action="http://fidus.brussels/services/countryservice/getPlaceCountryHistory"/></con:request></con:config></con:testStep><con:testStep type="request" id="36157c3b-4284-4cdd-8620-e4207f20fab4" name="testcase03 - Test Worker1 - Request"><con:settings/><con:config xsi:type="con:RequestStep" xmlns:xsi="http://www.w3.org/2001/XMLSchema-instance"><con:interface>CountryServiceHTTPBinding</con:interface><con:operation>getPlaceCountryHistory</con:operation><con:request name="testcase03 - Test Worker1 - Request" id="fcb67e99-48eb-4c2a-9493-055404d5cc78" outgoingWss="Outflow TEST"><con:settings/><con:encoding>UTF-8</con:encoding><con:endpoint>https://192.168.24.16:8443/services/CountryService_v1.0</con:endpoint><con:request><![CDATA[<soapenv:Envelope xmlns:soapenv="http://schemas.xmlsoap.org/soap/envelope/" xmlns:v1="http://fidus.brussels/service/countryservice/messages/v1" xmlns:v11="http://fidus.brussels/type/common/messages/v1" xmlns:v12="http://fsb.belgium.be/mappingServices/countryService/messages/v1_00">
   <soapenv:Header/>
   <soapenv:Body>
      <v1:getPlaceCountryHistoryRequest>
         <v1:messageContext>
            <v11:messageId>${=import static java.util.UUID.randomUUID; uuid = randomUUID() as String}</v11:messageId>
            <!--Optional:-->
            <v11:timestamp>${=new java.text.SimpleDateFormat("yyyy-MM-dd'T'HH:mm:ss.SSS").format(new Date())}</v11:timestamp>
         </v1:messageContext>
         <v1:legalContext>ServiceIntegrator</v1:legalContext>
         <v1:request>
            <v12:iso-alpha2>PL</v12:iso-alpha2>
            <!--Optional:-->
            
         </v1:request>
      </v1:getPlaceCountryHistoryRequest>
   </soapenv:Body>
</soapenv:Envelope>]]></con:request><con:assertion type="SOAP Fault Assertion" id="21dd0a0b-7350-429a-ad7d-fdeb0caca428" name="Not SOAP Fault"/><con:assertion type="SOAP Response" id="5c9926dc-438d-4e7b-81af-c9cec471c753" name="SOAP Response"/><con:assertion type="Schema Compliance" id="3c3ce96c-6b63-449b-b4fa-2237ef8ef36f" name="Schema Compliance"><con:configuration/></con:assertion><con:wsaConfig action="http://fidus.brussels/services/countryservice/getPlaceCountryHistory"/></con:request></con:config></con:testStep><con:testStep type="request" id="f5ad52fc-5da4-474b-8b9d-94779cb48753" name="testcase03 - Test Worker2 - Request"><con:settings/><con:config xsi:type="con:RequestStep" xmlns:xsi="http://www.w3.org/2001/XMLSchema-instance"><con:interface>CountryServiceHTTPBinding</con:interface><con:operation>getPlaceCountryHistory</con:operation><con:request name="testcase03 - Test Worker2 - Request" id="bca3a4ca-40b9-46a3-8ffe-fbb83dab17cb" outgoingWss="Outflow TEST"><con:settings/><con:encoding>UTF-8</con:encoding><con:endpoint>https://192.168.24.17:8443/services/CountryService_v1.0</con:endpoint><con:request><![CDATA[<soapenv:Envelope xmlns:soapenv="http://schemas.xmlsoap.org/soap/envelope/" xmlns:v1="http://fidus.brussels/service/countryservice/messages/v1" xmlns:v11="http://fidus.brussels/type/common/messages/v1" xmlns:v12="http://fsb.belgium.be/mappingServices/countryService/messages/v1_00">
   <soapenv:Header/>
   <soapenv:Body>
      <v1:getPlaceCountryHistoryRequest>
         <v1:messageContext>
            <v11:messageId>${=import static java.util.UUID.randomUUID; uuid = randomUUID() as String}</v11:messageId>
            <!--Optional:-->
            <v11:timestamp>${=new java.text.SimpleDateFormat("yyyy-MM-dd'T'HH:mm:ss.SSS").format(new Date())}</v11:timestamp>
         </v1:messageContext>
         <v1:legalContext>ServiceIntegrator</v1:legalContext>
         <v1:request>
            <v12:iso-alpha2>DE</v12:iso-alpha2>
            <!--Optional:-->
            <v12:referenceDate>2000-01-01</v12:referenceDate>
         </v1:request>
      </v1:getPlaceCountryHistoryRequest>
   </soapenv:Body>
</soapenv:Envelope>]]></con:request><con:assertion type="SOAP Fault Assertion" id="1d7db502-0507-4079-824f-22e51e29e180" name="Not SOAP Fault"/><con:assertion type="SOAP Response" id="f37071bc-7391-4e5f-addf-d05b3be2a834" name="SOAP Response"/><con:assertion type="Schema Compliance" id="28b9ec6a-514f-47db-8f4a-8bd84db8b6b5" name="Schema Compliance"><con:configuration/></con:assertion><con:wsaConfig action="http://fidus.brussels/services/countryservice/getPlaceCountryHistory"/></con:request></con:config></con:testStep><con:properties/></con:testCase><con:properties/></con:testSuite><con:testSuite id="41981812-ad35-451f-9403-aeaa17112252" name="DEV"><con:settings/><con:runType>SEQUENTIAL</con:runType><con:testCase id="6f48ae74-5ca1-4094-8193-7db123a658a6" failOnError="true" failTestCaseOnErrors="true" keepSession="false" maxResults="0" name="getAddressCountries" searchProperties="true"><con:settings/><con:testStep type="request" id="8fe2b36b-94ce-4853-9384-17d7a95999b8" name="testcase02 - Dev - Request"><con:settings/><con:config xsi:type="con:RequestStep" xmlns:xsi="http://www.w3.org/2001/XMLSchema-instance"><con:interface>CountryServiceHTTPBinding</con:interface><con:operation>getAddressCountries</con:operation><con:request name="testcase02 - Dev - Request" id="a3a4b2b3-c2b5-49d7-a4ae-1d172885e45a" outgoingWss="Outflow DEV"><con:settings/><con:encoding>UTF-8</con:encoding><con:endpoint>https://192.168.36.61:8243/services/CountryService_v1.0</con:endpoint><con:request><![CDATA[<soapenv:Envelope xmlns:soapenv="http://schemas.xmlsoap.org/soap/envelope/" xmlns:v1="http://fidus.brussels/service/countryservice/messages/v1" xmlns:v11="http://fidus.brussels/type/common/messages/v1">
   <soapenv:Header/>
   <soapenv:Body>
      <v1:getAddressCountriesRequest>
         <v1:messageContext>
            <v11:messageId>${=import static java.util.UUID.randomUUID; uuid = randomUUID() as String}</v11:messageId>
            <!--Optional:-->
            <v11:timestamp>${=new java.text.SimpleDateFormat("yyyy-MM-dd'T'HH:mm:ss.SSS").format(new Date())}</v11:timestamp>
         </v1:messageContext>
         <v1:legalContext>ServiceIntegrator</v1:legalContext>
         <v1:request>
            <!--Optional:-->
            <v1:referenceDate>2016-10-10</v1:referenceDate>
         </v1:request>
      </v1:getAddressCountriesRequest>
   </soapenv:Body>
</soapenv:Envelope>]]></con:request><con:assertion type="SOAP Fault Assertion" id="47520bac-27e6-41cf-8be5-04030cc35d8c" name="Not SOAP Fault"/><con:assertion type="SOAP Response" id="c936bcb4-3013-4e9a-bb54-31d45faded7f" name="SOAP Response"/><con:assertion type="Schema Compliance" id="25890b84-e579-471f-9957-16c67b639ddf" name="Schema Compliance"><con:configuration/></con:assertion><con:wsaConfig action="http://fidus.brussels/services/countryservice/getAddressCountries"/></con:request></con:config></con:testStep><con:testStep type="request" id="a5747a6e-e6df-4eb0-922d-628f751b5dd3" name="testcase02 - DevNew - Request"><con:settings/><con:config xsi:type="con:RequestStep" xmlns:xsi="http://www.w3.org/2001/XMLSchema-instance"><con:interface>CountryServiceHTTPBinding</con:interface><con:operation>getAddressCountries</con:operation><con:request name="testcase02 - DevNew - Request" id="000a412b-a4f8-4e8e-b495-c9da60670f9f" outgoingWss="Outflow DEV"><con:settings/><con:encoding>UTF-8</con:encoding><con:endpoint>https://192.168.36.75:8243/services/CountryService_v1.0</con:endpoint><con:request><![CDATA[<soapenv:Envelope xmlns:soapenv="http://schemas.xmlsoap.org/soap/envelope/" xmlns:v1="http://fidus.brussels/service/countryservice/messages/v1" xmlns:v11="http://fidus.brussels/type/common/messages/v1">
   <soapenv:Header/>
   <soapenv:Body>
      <v1:getAddressCountriesRequest>
         <v1:messageContext>
            <v11:messageId>${=import static java.util.UUID.randomUUID; uuid = randomUUID() as String}</v11:messageId>
            <!--Optional:-->
            <v11:timestamp>${=new java.text.SimpleDateFormat("yyyy-MM-dd'T'HH:mm:ss.SSS").format(new Date())}</v11:timestamp>
         </v1:messageContext>
         <v1:legalContext>ServiceIntegrator</v1:legalContext>
         <v1:request>
            <!--Optional:-->
            <v1:referenceDate>2016-10-10</v1:referenceDate>
         </v1:request>
      </v1:getAddressCountriesRequest>
   </soapenv:Body>
</soapenv:Envelope>]]></con:request><con:assertion type="SOAP Fault Assertion" id="90bb2a27-e755-4017-a790-556ff0a4f395" name="Not SOAP Fault"/><con:assertion type="SOAP Response" id="c2d5431c-b7c5-4223-ae1a-6e6b819dd953" name="SOAP Response"/><con:assertion type="Schema Compliance" id="c13c21bb-fa0c-4746-bd4c-2e7907e34b0d" name="Schema Compliance"><con:configuration/></con:assertion><con:wsaConfig action="http://fidus.brussels/services/countryservice/getAddressCountries"/></con:request></con:config></con:testStep><con:properties/></con:testCase><con:testCase id="79ae624b-42c4-4a49-a90a-970ecbb3683f" failOnError="true" failTestCaseOnErrors="true" keepSession="false" maxResults="0" name="getAddressCountry" searchProperties="true"><con:settings/><con:testStep type="request" id="f352de1b-4b66-4e03-bf3e-7a36107a1340" name="testcase02 - Dev - Request"><con:settings/><con:config xsi:type="con:RequestStep" xmlns:xsi="http://www.w3.org/2001/XMLSchema-instance"><con:interface>CountryServiceHTTPBinding</con:interface><con:operation>getAddressCountry</con:operation><con:request name="testcase02 - Dev - Request" id="91558bf4-d9e1-4547-bf14-0917d5380f5c" outgoingWss="Outflow DEV"><con:settings/><con:encoding>UTF-8</con:encoding><con:endpoint>https://192.168.36.61:8243/services/CountryService_v1.0</con:endpoint><con:request><![CDATA[<soapenv:Envelope xmlns:soapenv="http://schemas.xmlsoap.org/soap/envelope/" xmlns:v1="http://fidus.brussels/service/countryservice/messages/v1" xmlns:v11="http://fidus.brussels/type/common/messages/v1" xmlns:v12="http://fsb.belgium.be/mappingServices/countryService/messages/v1_00">
   <soapenv:Header/>
   <soapenv:Body>
      <v1:getAddressCountryRequest>
         <v1:messageContext>
            <v11:messageId>${=import static java.util.UUID.randomUUID; uuid = randomUUID() as String}</v11:messageId>
            <!--Optional:-->
            <v11:timestamp>${=new java.text.SimpleDateFormat("yyyy-MM-dd'T'HH:mm:ss.SSS").format(new Date())}</v11:timestamp>
         </v1:messageContext>
         <v1:legalContext>ServiceIntegrator</v1:legalContext>
         <v1:request>
            <!--You have a CHOICE of the next 4 items at this level-->
            <v12:iso-alpha2>BE</v12:iso-alpha2>
            <!--<v12:iso-alpha3 startDate="?" endDate="?" status="?">?</v12:iso-alpha3>-->
            <!--<v12:iso-num3 startDate="?" endDate="?" status="?">?</v12:iso-num3>-->
            <!--<v12:nis-num3 startDate="?" endDate="?" status="?">?</v12:nis-num3>-->
         </v1:request>
      </v1:getAddressCountryRequest>
   </soapenv:Body>
</soapenv:Envelope>]]></con:request><con:assertion type="SOAP Fault Assertion" id="d311cc64-eeb9-46f8-adb4-b17d6b9c4695" name="Not SOAP Fault"/><con:assertion type="SOAP Response" id="4688e6a7-02ac-427d-8a0e-ad3592ccea95" name="SOAP Response"/><con:assertion type="Schema Compliance" id="5ed8385e-9500-4876-95ee-0437059ae5bd" name="Schema Compliance"><con:configuration/></con:assertion><con:wsaConfig action="http://fidus.brussels/services/countryservice/getAddressCountry"/></con:request></con:config></con:testStep><con:testStep type="request" id="a93deac7-1867-4db2-b6b6-3c68776a3d4b" name="testcase02 - DevNew - Request"><con:settings/><con:config xsi:type="con:RequestStep" xmlns:xsi="http://www.w3.org/2001/XMLSchema-instance"><con:interface>CountryServiceHTTPBinding</con:interface><con:operation>getAddressCountry</con:operation><con:request name="testcase02 - DevNew - Request" id="ba01425d-7580-4e2b-a13d-48df4cf752f4" outgoingWss="Outflow DEV"><con:settings/><con:encoding>UTF-8</con:encoding><con:endpoint>https://192.168.36.75:8243/services/CountryService_v1.0</con:endpoint><con:request><![CDATA[<soapenv:Envelope xmlns:soapenv="http://schemas.xmlsoap.org/soap/envelope/" xmlns:v1="http://fidus.brussels/service/countryservice/messages/v1" xmlns:v11="http://fidus.brussels/type/common/messages/v1" xmlns:v12="http://fsb.belgium.be/mappingServices/countryService/messages/v1_00">
   <soapenv:Header/>
   <soapenv:Body>
      <v1:getAddressCountryRequest>
         <v1:messageContext>
            <v11:messageId>${=import static java.util.UUID.randomUUID; uuid = randomUUID() as String}</v11:messageId>
            <!--Optional:-->
            <v11:timestamp>${=new java.text.SimpleDateFormat("yyyy-MM-dd'T'HH:mm:ss.SSS").format(new Date())}</v11:timestamp>
         </v1:messageContext>
         <v1:legalContext>ServiceIntegrator</v1:legalContext>
         <v1:request>
            <!--You have a CHOICE of the next 4 items at this level-->
            <v12:iso-alpha2>BE</v12:iso-alpha2>
            <!--<v12:iso-alpha3 startDate="?" endDate="?" status="?">?</v12:iso-alpha3>-->
            <!--<v12:iso-num3 startDate="?" endDate="?" status="?">?</v12:iso-num3>-->
            <!--<v12:nis-num3 startDate="?" endDate="?" status="?">?</v12:nis-num3>-->
         </v1:request>
      </v1:getAddressCountryRequest>
   </soapenv:Body>
</soapenv:Envelope>]]></con:request><con:assertion type="SOAP Fault Assertion" id="6a411639-ec91-4fb6-b7c0-07ea1e46c54c" name="Not SOAP Fault"/><con:assertion type="SOAP Response" id="6e7f0056-e115-4010-a50e-92d7f1b78b95" name="SOAP Response"/><con:assertion type="Schema Compliance" id="948da605-6102-4816-9c0f-c08b5b9f9261" name="Schema Compliance"><con:configuration/></con:assertion><con:wsaConfig action="http://fidus.brussels/services/countryservice/getAddressCountry"/></con:request></con:config></con:testStep><con:properties/></con:testCase><con:testCase id="aaa94096-71da-46ea-b186-52a104c6ea57" failOnError="true" failTestCaseOnErrors="true" keepSession="false" maxResults="0" name="getAddressCountryHistory" searchProperties="true"><con:settings/><con:testStep type="request" id="751acd44-f143-486f-9cca-c025f4609640" name="testcase02 - Dev - Request"><con:settings/><con:config xsi:type="con:RequestStep" xmlns:xsi="http://www.w3.org/2001/XMLSchema-instance"><con:interface>CountryServiceHTTPBinding</con:interface><con:operation>getAddressCountryHistory</con:operation><con:request name="testcase02 - Dev - Request" id="00b2c837-fae2-4772-afac-6a4196cf9533" outgoingWss="Outflow DEV"><con:settings/><con:encoding>UTF-8</con:encoding><con:endpoint>https://192.168.36.61:8243/services/CountryService_v1.0</con:endpoint><con:request><![CDATA[<soapenv:Envelope xmlns:soapenv="http://schemas.xmlsoap.org/soap/envelope/" xmlns:v1="http://fidus.brussels/service/countryservice/messages/v1" xmlns:v11="http://fidus.brussels/type/common/messages/v1" xmlns:v12="http://fsb.belgium.be/mappingServices/countryService/messages/v1_00">
   <soapenv:Header/>
   <soapenv:Body>
      <v1:getAddressCountryHistoryRequest>
         <v1:messageContext>
            <v11:messageId>${=import static java.util.UUID.randomUUID; uuid = randomUUID() as String}</v11:messageId>
            <v11:timestamp>${=new java.text.SimpleDateFormat("yyyy-MM-dd'T'HH:mm:ss.SSS").format(new Date())}</v11:timestamp>
         </v1:messageContext>
         <v1:legalContext>ServiceIntegrator</v1:legalContext>
         <v1:request>
            <v12:iso-alpha2>BE</v12:iso-alpha2>
            <!--<v12:referenceDate>2016-10-10</v12:referenceDate>-->
         </v1:request>
      </v1:getAddressCountryHistoryRequest>
   </soapenv:Body>
</soapenv:Envelope>]]></con:request><con:assertion type="SOAP Fault Assertion" id="e4e00a7c-c641-40b8-ba61-93bf09fb9296" name="Not SOAP Fault"/><con:assertion type="SOAP Response" id="968bd7fb-15c3-49bc-a332-7d3490dc03f3" name="SOAP Response"/><con:assertion type="Schema Compliance" id="80eb62b0-a75e-42b2-8abc-c58b50c21025" name="Schema Compliance"><con:configuration/></con:assertion><con:wsaConfig action="http://fidus.brussels/services/countryservice/getAddressCountryHistory"/></con:request></con:config></con:testStep><con:testStep type="request" id="580f3afe-22a2-42e3-99a7-af04870eb66e" name="testcase02 - DevNew - Request"><con:settings/><con:config xsi:type="con:RequestStep" xmlns:xsi="http://www.w3.org/2001/XMLSchema-instance"><con:interface>CountryServiceHTTPBinding</con:interface><con:operation>getAddressCountryHistory</con:operation><con:request name="testcase02 - DevNew - Request" id="e0d67398-ae22-468a-a3ff-6473e32fec8c" outgoingWss="Outflow DEV"><con:settings/><con:encoding>UTF-8</con:encoding><con:endpoint>https://192.168.36.75:8243/services/CountryService_v1.0</con:endpoint><con:request><![CDATA[<soapenv:Envelope xmlns:soapenv="http://schemas.xmlsoap.org/soap/envelope/" xmlns:v1="http://fidus.brussels/service/countryservice/messages/v1" xmlns:v11="http://fidus.brussels/type/common/messages/v1" xmlns:v12="http://fsb.belgium.be/mappingServices/countryService/messages/v1_00">
   <soapenv:Header/>
   <soapenv:Body>
      <v1:getAddressCountryHistoryRequest>
         <v1:messageContext>
            <v11:messageId>${=import static java.util.UUID.randomUUID; uuid = randomUUID() as String}</v11:messageId>
            <v11:timestamp>${=new java.text.SimpleDateFormat("yyyy-MM-dd'T'HH:mm:ss.SSS").format(new Date())}</v11:timestamp>
         </v1:messageContext>
         <v1:legalContext>ServiceIntegrator</v1:legalContext>
         <v1:request>
            <v12:iso-alpha2>BE</v12:iso-alpha2>
            <!--<v12:referenceDate>2016-10-10</v12:referenceDate>-->
         </v1:request>
      </v1:getAddressCountryHistoryRequest>
   </soapenv:Body>
</soapenv:Envelope>]]></con:request><con:assertion type="SOAP Fault Assertion" id="e071e652-691b-429c-b9dd-dc1016fb479f" name="Not SOAP Fault"/><con:assertion type="SOAP Response" id="afc8698d-2120-4dc6-8972-b19b440838d9" name="SOAP Response"/><con:assertion type="Schema Compliance" id="b140f4bf-572a-4889-aeb7-cd5bf5ba33c9" name="Schema Compliance"><con:configuration/></con:assertion><con:wsaConfig action="http://fidus.brussels/services/countryservice/getAddressCountryHistory"/></con:request></con:config></con:testStep><con:properties/></con:testCase><con:testCase id="d58a1f83-ccc7-47f1-b19b-16551f08d35b" failOnError="true" failTestCaseOnErrors="true" keepSession="false" maxResults="0" name="getAllIsoCodes" searchProperties="true"><con:settings/><con:testStep type="request" id="07a37207-aa18-4011-af26-bfcada79f3f3" name="testcase02 - Dev - Request"><con:settings/><con:config xsi:type="con:RequestStep" xmlns:xsi="http://www.w3.org/2001/XMLSchema-instance"><con:interface>CountryServiceHTTPBinding</con:interface><con:operation>getAllIsoCodes</con:operation><con:request name="testcase02 - Dev - Request" id="7479ab6e-4021-4f04-b27d-41d1ccbc2551" outgoingWss="Outflow DEV"><con:settings/><con:encoding>UTF-8</con:encoding><con:endpoint>https://192.168.36.61:8243/services/CountryService_v1.0</con:endpoint><con:request><![CDATA[<soapenv:Envelope xmlns:soapenv="http://schemas.xmlsoap.org/soap/envelope/" xmlns:v1="http://fidus.brussels/service/countryservice/messages/v1" xmlns:v11="http://fidus.brussels/type/common/messages/v1">
   <soapenv:Header/>
   <soapenv:Body>
      <v1:getAllIsoCodesRequest>
         <v1:messageContext>
            <v11:messageId>${=import static java.util.UUID.randomUUID; uuid = randomUUID() as String}</v11:messageId>
            <!--Optional:-->
            <v11:timestamp>${=new java.text.SimpleDateFormat("yyyy-MM-dd'T'HH:mm:ss.SSS").format(new Date())}</v11:timestamp>
         </v1:messageContext>
         <v1:legalContext>ServiceIntegrator</v1:legalContext>
         <v1:request>
            <!--Optional:-->
            <v1:referenceDate>2016-10-06</v1:referenceDate>
         </v1:request>
      </v1:getAllIsoCodesRequest>
   </soapenv:Body>
</soapenv:Envelope>]]></con:request><con:assertion type="SOAP Fault Assertion" id="b133c989-e580-4108-a434-a2cf39323c8a" name="Not SOAP Fault"/><con:assertion type="SOAP Response" id="0fbf40bc-cb90-4858-ac52-6c71e12df450" name="SOAP Response"/><con:assertion type="Schema Compliance" id="495c539a-cec8-4fa8-ae1d-aa5c6dc6ca18" name="Schema Compliance"><con:configuration/></con:assertion><con:wsaConfig action="http://fidus.brussels/services/countryservice/getAllIsoCodes"/></con:request></con:config></con:testStep><con:testStep type="request" id="71acf182-36c3-48ad-bf26-6db4ff0d18af" name="testcase02 - DevNew - Request"><con:settings/><con:config xsi:type="con:RequestStep" xmlns:xsi="http://www.w3.org/2001/XMLSchema-instance"><con:interface>CountryServiceHTTPBinding</con:interface><con:operation>getAllIsoCodes</con:operation><con:request name="testcase02 - DevNew - Request" id="dabd5ce0-ea73-4355-96dc-7f762b574df4" outgoingWss="Outflow DEV"><con:settings/><con:encoding>UTF-8</con:encoding><con:endpoint>https://192.168.36.75:8243/services/CountryService_v1.0</con:endpoint><con:request><![CDATA[<soapenv:Envelope xmlns:soapenv="http://schemas.xmlsoap.org/soap/envelope/" xmlns:v1="http://fidus.brussels/service/countryservice/messages/v1" xmlns:v11="http://fidus.brussels/type/common/messages/v1">
   <soapenv:Header/>
   <soapenv:Body>
      <v1:getAllIsoCodesRequest>
         <v1:messageContext>
            <v11:messageId>${=import static java.util.UUID.randomUUID; uuid = randomUUID() as String}</v11:messageId>
            <!--Optional:-->
            <v11:timestamp>${=new java.text.SimpleDateFormat("yyyy-MM-dd'T'HH:mm:ss.SSS").format(new Date())}</v11:timestamp>
         </v1:messageContext>
         <v1:legalContext>ServiceIntegrator</v1:legalContext>
         <v1:request>
            <!--Optional:-->
            <v1:referenceDate>2016-10-06</v1:referenceDate>
         </v1:request>
      </v1:getAllIsoCodesRequest>
   </soapenv:Body>
</soapenv:Envelope>]]></con:request><con:assertion type="SOAP Fault Assertion" id="124fd174-1af1-4d1d-941c-f3d42c4f135e" name="Not SOAP Fault"/><con:assertion type="SOAP Response" id="ab2f75d5-db27-49d4-ba03-65003e15449f" name="SOAP Response"/><con:assertion type="Schema Compliance" id="a3a10dba-f4fe-4632-8a60-46b53f06ada7" name="Schema Compliance"><con:configuration/></con:assertion><con:wsaConfig action="http://fidus.brussels/services/countryservice/getAllIsoCodes"/></con:request></con:config></con:testStep><con:properties/></con:testCase><con:testCase id="96c4ff63-6c29-46db-96cd-d49b8acb2908" failOnError="true" failTestCaseOnErrors="true" keepSession="false" maxResults="0" name="getAllNisCodes" searchProperties="true"><con:settings/><con:testStep type="request" id="090ecf2f-2cc4-4b87-9634-610ef08c1668" name="testcase02 - Dev - Request"><con:settings/><con:config xsi:type="con:RequestStep" xmlns:xsi="http://www.w3.org/2001/XMLSchema-instance"><con:interface>CountryServiceHTTPBinding</con:interface><con:operation>getAllNisCodes</con:operation><con:request name="testcase02 - Dev - Request" id="28bc5494-d0aa-41f3-9edd-daf22fd7339d" outgoingWss="Outflow DEV"><con:settings/><con:encoding>UTF-8</con:encoding><con:endpoint>https://192.168.36.61:8243/services/CountryService_v1.0</con:endpoint><con:request><![CDATA[<soapenv:Envelope xmlns:soapenv="http://schemas.xmlsoap.org/soap/envelope/" xmlns:v1="http://fidus.brussels/service/countryservice/messages/v1" xmlns:v11="http://fidus.brussels/type/common/messages/v1">
   <soapenv:Header/>
   <soapenv:Body>
      <v1:getAllNisCodesRequest>
         <v1:messageContext>
            <v11:messageId>${=import static java.util.UUID.randomUUID; uuid = randomUUID() as String}</v11:messageId>            
            <v11:timestamp>${=new java.text.SimpleDateFormat("yyyy-MM-dd'T'HH:mm:ss.SSS").format(new Date())}</v11:timestamp>
         </v1:messageContext>
         <v1:legalContext>ServiceIntegrator</v1:legalContext>
         <v1:request>
            <!--Optional:-->
            <v1:referenceDate>2016-10-13</v1:referenceDate>
         </v1:request>
      </v1:getAllNisCodesRequest>
   </soapenv:Body>
</soapenv:Envelope>]]></con:request><con:assertion type="SOAP Fault Assertion" id="0e1bef4e-ca74-4c5f-8741-82c55ced202b" name="Not SOAP Fault"/><con:assertion type="SOAP Response" id="ea5af1f5-dd46-4b4c-bb19-198962835f6c" name="SOAP Response"/><con:assertion type="Schema Compliance" id="123b085a-7bd7-465b-85d3-47c746e16c7b" name="Schema Compliance"><con:configuration/></con:assertion><con:wsaConfig action="http://fidus.brussels/services/countryservice/getAllNisCodes"/></con:request></con:config></con:testStep><con:testStep type="request" id="6b551b60-08ef-4ab7-9ca6-e1b55d3cabac" name="testcase02 - DevNew - Request"><con:settings/><con:config xsi:type="con:RequestStep" xmlns:xsi="http://www.w3.org/2001/XMLSchema-instance"><con:interface>CountryServiceHTTPBinding</con:interface><con:operation>getAllNisCodes</con:operation><con:request name="testcase02 - DevNew - Request" id="e72875e2-d368-4aa8-83ef-f661f3a5d890" outgoingWss="Outflow DEV"><con:settings/><con:encoding>UTF-8</con:encoding><con:endpoint>https://192.168.36.75:8243/services/CountryService_v1.0</con:endpoint><con:request><![CDATA[<soapenv:Envelope xmlns:soapenv="http://schemas.xmlsoap.org/soap/envelope/" xmlns:v1="http://fidus.brussels/service/countryservice/messages/v1" xmlns:v11="http://fidus.brussels/type/common/messages/v1">
   <soapenv:Header/>
   <soapenv:Body>
      <v1:getAllNisCodesRequest>
         <v1:messageContext>
            <v11:messageId>${=import static java.util.UUID.randomUUID; uuid = randomUUID() as String}</v11:messageId>            
            <v11:timestamp>${=new java.text.SimpleDateFormat("yyyy-MM-dd'T'HH:mm:ss.SSS").format(new Date())}</v11:timestamp>
         </v1:messageContext>
         <v1:legalContext>ServiceIntegrator</v1:legalContext>
         <v1:request>
            <!--Optional:-->
            <v1:referenceDate>2016-10-13</v1:referenceDate>
         </v1:request>
      </v1:getAllNisCodesRequest>
   </soapenv:Body>
</soapenv:Envelope>]]></con:request><con:assertion type="SOAP Fault Assertion" id="de5c728a-9cba-46c4-a89d-0b94b6ee38f0" name="Not SOAP Fault"/><con:assertion type="SOAP Response" id="cd6dada2-4edc-40f7-b5bc-0e7972bf0388" name="SOAP Response"/><con:assertion type="Schema Compliance" id="daaad916-8831-48de-a859-aff151820166" name="Schema Compliance"><con:configuration/></con:assertion><con:wsaConfig action="http://fidus.brussels/services/countryservice/getAllNisCodes"/></con:request></con:config></con:testStep><con:properties/></con:testCase><con:testCase id="cb1ab951-c391-48fe-8ef9-fa3bac7cf69e" failOnError="true" failTestCaseOnErrors="true" keepSession="false" maxResults="0" name="getNationalities" searchProperties="true"><con:settings/><con:testStep type="request" id="ee5e219c-12c0-45b2-a757-cc554f7bb4ff" name="testcase02 - Dev - Request"><con:settings/><con:config xsi:type="con:RequestStep" xmlns:xsi="http://www.w3.org/2001/XMLSchema-instance"><con:interface>CountryServiceHTTPBinding</con:interface><con:operation>getNationalities</con:operation><con:request name="testcase02 - Dev - Request" id="d7e204e6-3e10-484d-8eee-839d7d45335d" outgoingWss="Outflow DEV"><con:settings/><con:encoding>UTF-8</con:encoding><con:endpoint>https://192.168.36.61:8243/services/CountryService_v1.0</con:endpoint><con:request><![CDATA[<soapenv:Envelope xmlns:soapenv="http://schemas.xmlsoap.org/soap/envelope/" xmlns:v1="http://fidus.brussels/service/countryservice/messages/v1" xmlns:v11="http://fidus.brussels/type/common/messages/v1">
   <soapenv:Header/>
   <soapenv:Body>
      <v1:getNationalitiesRequest>
         <v1:messageContext>
            <v11:messageId>${=import static java.util.UUID.randomUUID; uuid = randomUUID() as String}</v11:messageId>
            <!--Optional:-->
            <v11:timestamp>${=new java.text.SimpleDateFormat("yyyy-MM-dd'T'HH:mm:ss.SSS").format(new Date())}</v11:timestamp>
         </v1:messageContext>
         <v1:legalContext>ServiceIntegrator</v1:legalContext>
         <v1:request>
            <!--Optional:-->
            <v1:referenceDate>2016-10-13</v1:referenceDate>
         </v1:request>
      </v1:getNationalitiesRequest>
   </soapenv:Body>
</soapenv:Envelope>]]></con:request><con:assertion type="SOAP Fault Assertion" id="1e3bcdf6-6940-4667-a002-e84fb3ea1cda" name="Not SOAP Fault"/><con:assertion type="SOAP Response" id="f9c627f2-efdc-427b-87d5-bd36395cea8f" name="SOAP Response"/><con:assertion type="Schema Compliance" id="9f298d29-e2d5-4eb6-8cbe-08dd10776721" name="Schema Compliance"><con:configuration/></con:assertion><con:wsaConfig action="http://fidus.brussels/services/countryservice/getNationalities"/></con:request></con:config></con:testStep><con:testStep type="request" id="d89f1ae3-7f85-43db-86bf-38b7211239c6" name="testcase02 - DevNew - Request"><con:settings/><con:config xsi:type="con:RequestStep" xmlns:xsi="http://www.w3.org/2001/XMLSchema-instance"><con:interface>CountryServiceHTTPBinding</con:interface><con:operation>getNationalities</con:operation><con:request name="testcase02 - DevNew - Request" id="dc444ab0-9a89-441d-bea7-c5404d8b4567" outgoingWss="Outflow DEV"><con:settings/><con:encoding>UTF-8</con:encoding><con:endpoint>https://192.168.36.75:8243/services/CountryService_v1.0</con:endpoint><con:request><![CDATA[<soapenv:Envelope xmlns:soapenv="http://schemas.xmlsoap.org/soap/envelope/" xmlns:v1="http://fidus.brussels/service/countryservice/messages/v1" xmlns:v11="http://fidus.brussels/type/common/messages/v1">
   <soapenv:Header/>
   <soapenv:Body>
      <v1:getNationalitiesRequest>
         <v1:messageContext>
            <v11:messageId>${=import static java.util.UUID.randomUUID; uuid = randomUUID() as String}</v11:messageId>
            <!--Optional:-->
            <v11:timestamp>${=new java.text.SimpleDateFormat("yyyy-MM-dd'T'HH:mm:ss.SSS").format(new Date())}</v11:timestamp>
         </v1:messageContext>
         <v1:legalContext>ServiceIntegrator</v1:legalContext>
         <v1:request>
            <!--Optional:-->
            <v1:referenceDate>2016-10-13</v1:referenceDate>
         </v1:request>
      </v1:getNationalitiesRequest>
   </soapenv:Body>
</soapenv:Envelope>]]></con:request><con:assertion type="SOAP Fault Assertion" id="bee84bfa-e7b3-4efb-b612-625642cd60c6" name="Not SOAP Fault"/><con:assertion type="SOAP Response" id="1e05b8de-a3d2-4a3b-aa67-6e1e4441d10c" name="SOAP Response"/><con:assertion type="Schema Compliance" id="cb87e48d-a4d6-451c-8665-8f57deab4a06" name="Schema Compliance"><con:configuration/></con:assertion><con:wsaConfig action="http://fidus.brussels/services/countryservice/getNationalities"/></con:request></con:config></con:testStep><con:properties/></con:testCase><con:testCase id="34d33f3d-edfe-448f-87e8-f359cf2d386c" failOnError="true" failTestCaseOnErrors="true" keepSession="false" maxResults="0" name="getNationality" searchProperties="true"><con:settings/><con:testStep type="request" id="f9461533-a5e2-4fed-92a5-d06ca36c4914" name="testcase02 - Dev - Request-iso_alpha3_FRA"><con:settings/><con:config xsi:type="con:RequestStep" xmlns:xsi="http://www.w3.org/2001/XMLSchema-instance"><con:interface>CountryServiceHTTPBinding</con:interface><con:operation>getNationality</con:operation><con:request name="testcase02 - Dev - Request-iso_alpha3_FRA" id="027ada21-c788-4b82-89e2-bc8fbfc9f09d" outgoingWss="Outflow DEV"><con:settings/><con:encoding>UTF-8</con:encoding><con:endpoint>https://192.168.36.61:8243/services/CountryService_v1.0</con:endpoint><con:request><![CDATA[<soapenv:Envelope xmlns:soapenv="http://schemas.xmlsoap.org/soap/envelope/" xmlns:v1="http://fidus.brussels/service/countryservice/messages/v1" xmlns:v11="http://fidus.brussels/type/common/messages/v1" xmlns:v12="http://fsb.belgium.be/mappingServices/countryService/messages/v1_00">
   <soapenv:Header/>
   <soapenv:Body>
      <v1:getNationalityRequest>
         <v1:messageContext>
            <v11:messageId>${=import static java.util.UUID.randomUUID; uuid = randomUUID() as String}</v11:messageId>
            <!--Optional:-->
            <v11:timestamp>${=new java.text.SimpleDateFormat("yyyy-MM-dd'T'HH:mm:ss.SSS").format(new Date())}</v11:timestamp>
         </v1:messageContext>
         <v1:legalContext>ServiceIntegrator</v1:legalContext>
         <v1:request>
            <!--You have a CHOICE of the next 4 items at this level-->
            <!--
            <v12:iso-alpha2 startDate="?" endDate="?" status="?">?</v12:iso-alpha2>
            <v12:iso-alpha3 startDate="?" endDate="?" status="?">?</v12:iso-alpha3>
            <v12:iso-num3 startDate="?" endDate="?" status="?">?</v12:iso-num3>
            <v12:nis-num3 startDate="?" endDate="?" status="?">?</v12:nis-num3> 
            -->             
             <v12:iso-alpha3>FRA</v12:iso-alpha3>           
         </v1:request>
      </v1:getNationalityRequest>
   </soapenv:Body>
</soapenv:Envelope>]]></con:request><con:assertion type="SOAP Fault Assertion" id="22b86fe8-7f52-44cd-8333-68309eb335ed" name="Not SOAP Fault"/><con:assertion type="SOAP Response" id="a3a03326-5701-43c3-8c3e-4b0e491be77e" name="SOAP Response"/><con:assertion type="Schema Compliance" id="7c30174a-d189-441f-94a6-35f1939c3963" name="Schema Compliance"><con:configuration/></con:assertion><con:wsaConfig action="http://fidus.brussels/services/countryservice/getNationality"/></con:request></con:config></con:testStep><con:testStep type="request" id="65f14836-54ef-404f-b76c-0524eb85c693" name="testcase02 - DevNew - Request-iso_alpha3_FRA"><con:settings/><con:config xsi:type="con:RequestStep" xmlns:xsi="http://www.w3.org/2001/XMLSchema-instance"><con:interface>CountryServiceHTTPBinding</con:interface><con:operation>getNationality</con:operation><con:request name="testcase02 - DevNew - Request-iso_alpha3_FRA" id="a49c5642-fad1-4d7f-aee9-89d4f990971c" outgoingWss="Outflow DEV"><con:settings/><con:encoding>UTF-8</con:encoding><con:endpoint>https://192.168.36.75:8243/services/CountryService_v1.0</con:endpoint><con:request><![CDATA[<soapenv:Envelope xmlns:soapenv="http://schemas.xmlsoap.org/soap/envelope/" xmlns:v1="http://fidus.brussels/service/countryservice/messages/v1" xmlns:v11="http://fidus.brussels/type/common/messages/v1" xmlns:v12="http://fsb.belgium.be/mappingServices/countryService/messages/v1_00">
   <soapenv:Header/>
   <soapenv:Body>
      <v1:getNationalityRequest>
         <v1:messageContext>
            <v11:messageId>${=import static java.util.UUID.randomUUID; uuid = randomUUID() as String}</v11:messageId>
            <!--Optional:-->
            <v11:timestamp>${=new java.text.SimpleDateFormat("yyyy-MM-dd'T'HH:mm:ss.SSS").format(new Date())}</v11:timestamp>
         </v1:messageContext>
         <v1:legalContext>ServiceIntegrator</v1:legalContext>
         <v1:request>
            <!--You have a CHOICE of the next 4 items at this level-->
            <!--
            <v12:iso-alpha2 startDate="?" endDate="?" status="?">?</v12:iso-alpha2>
            <v12:iso-alpha3 startDate="?" endDate="?" status="?">?</v12:iso-alpha3>
            <v12:iso-num3 startDate="?" endDate="?" status="?">?</v12:iso-num3>
            <v12:nis-num3 startDate="?" endDate="?" status="?">?</v12:nis-num3> 
            -->             
             <v12:iso-alpha3>FRA</v12:iso-alpha3>           
         </v1:request>
      </v1:getNationalityRequest>
   </soapenv:Body>
</soapenv:Envelope>]]></con:request><con:assertion type="SOAP Fault Assertion" id="e813a8ba-aa1b-40f9-961a-3e9c4458b4fe" name="Not SOAP Fault"/><con:assertion type="SOAP Response" id="b8dfd6a3-a9c0-4f79-966d-ee602c4872de" name="SOAP Response"/><con:assertion type="Schema Compliance" id="b6652702-3522-4674-b171-19281d09d748" name="Schema Compliance"><con:configuration/></con:assertion><con:wsaConfig action="http://fidus.brussels/services/countryservice/getNationality"/></con:request></con:config></con:testStep><con:properties/></con:testCase><con:testCase id="85acba2a-d499-40f1-95e8-190ad3232f39" failOnError="true" failTestCaseOnErrors="true" keepSession="false" maxResults="0" name="getNationalityHistory" searchProperties="true"><con:settings/><con:testStep type="request" id="aa391428-55da-4716-9e68-c38a27299e47" name="testcase02 - Dev - Request"><con:settings/><con:config xsi:type="con:RequestStep" xmlns:xsi="http://www.w3.org/2001/XMLSchema-instance"><con:interface>CountryServiceHTTPBinding</con:interface><con:operation>getNationalityHistory</con:operation><con:request name="testcase02 - Dev - Request" id="c97b6a2c-f055-487c-af6f-d78527beb69f" outgoingWss="Outflow DEV"><con:settings/><con:encoding>UTF-8</con:encoding><con:endpoint>https://192.168.36.61:8243/services/CountryService_v1.0</con:endpoint><con:request><![CDATA[<soapenv:Envelope xmlns:soapenv="http://schemas.xmlsoap.org/soap/envelope/" xmlns:v1="http://fidus.brussels/service/countryservice/messages/v1" xmlns:v11="http://fidus.brussels/type/common/messages/v1" xmlns:v12="http://fsb.belgium.be/mappingServices/countryService/messages/v1_00">
   <soapenv:Header/>
   <soapenv:Body>
      <v1:getNationalityHistoryRequest>
         <v1:messageContext>
            <v11:messageId>${=import static java.util.UUID.randomUUID; uuid = randomUUID() as String}</v11:messageId>
            <!--Optional:-->
            <v11:timestamp>${=new java.text.SimpleDateFormat("yyyy-MM-dd'T'HH:mm:ss.SSS").format(new Date())}</v11:timestamp>
         </v1:messageContext>
         <v1:legalContext>ServiceIntegrator</v1:legalContext>
         <v1:request>
            <v12:iso-alpha3>FRA</v12:iso-alpha3>                      
         </v1:request>
      </v1:getNationalityHistoryRequest>
   </soapenv:Body>
</soapenv:Envelope>]]></con:request><con:assertion type="SOAP Fault Assertion" id="2137a006-0124-45b8-8a06-167dd6f50337" name="Not SOAP Fault"/><con:assertion type="SOAP Response" id="a3e65aaf-ad68-4a73-a9e4-efd93418807c" name="SOAP Response"/><con:assertion type="Schema Compliance" id="f9fb52bd-13eb-44f7-aa54-85901060d9aa" name="Schema Compliance"><con:configuration/></con:assertion><con:wsaConfig action="http://fidus.brussels/services/countryservice/getNationalityHistory"/></con:request></con:config></con:testStep><con:testStep type="request" id="1c848006-23f6-4e98-8549-9c893d0d3a93" name="testcase02 - DevNew - Request"><con:settings/><con:config xsi:type="con:RequestStep" xmlns:xsi="http://www.w3.org/2001/XMLSchema-instance"><con:interface>CountryServiceHTTPBinding</con:interface><con:operation>getNationalityHistory</con:operation><con:request name="testcase02 - DevNew - Request" id="d0798ffe-02af-4573-867c-88a54e70764d" outgoingWss="Outflow DEV"><con:settings/><con:encoding>UTF-8</con:encoding><con:endpoint>https://192.168.36.75:8243/services/CountryService_v1.0</con:endpoint><con:request><![CDATA[<soapenv:Envelope xmlns:soapenv="http://schemas.xmlsoap.org/soap/envelope/" xmlns:v1="http://fidus.brussels/service/countryservice/messages/v1" xmlns:v11="http://fidus.brussels/type/common/messages/v1" xmlns:v12="http://fsb.belgium.be/mappingServices/countryService/messages/v1_00">
   <soapenv:Header/>
   <soapenv:Body>
      <v1:getNationalityHistoryRequest>
         <v1:messageContext>
            <v11:messageId>${=import static java.util.UUID.randomUUID; uuid = randomUUID() as String}</v11:messageId>
            <!--Optional:-->
            <v11:timestamp>${=new java.text.SimpleDateFormat("yyyy-MM-dd'T'HH:mm:ss.SSS").format(new Date())}</v11:timestamp>
         </v1:messageContext>
         <v1:legalContext>ServiceIntegrator</v1:legalContext>
         <v1:request>
            <v12:iso-alpha3>FRA</v12:iso-alpha3>                      
         </v1:request>
      </v1:getNationalityHistoryRequest>
   </soapenv:Body>
</soapenv:Envelope>]]></con:request><con:assertion type="SOAP Fault Assertion" id="6e5a98df-d424-4b98-b6bc-6af13f55f2ac" name="Not SOAP Fault"/><con:assertion type="SOAP Response" id="97288350-53d2-410c-8daf-ec261a336c21" name="SOAP Response"/><con:assertion type="Schema Compliance" id="356087d2-6615-4083-9e20-79ba61b7b8a7" name="Schema Compliance"><con:configuration/></con:assertion><con:wsaConfig action="http://fidus.brussels/services/countryservice/getNationalityHistory"/></con:request></con:config></con:testStep><con:properties/></con:testCase><con:testCase id="3362b2d9-0c22-4e10-849f-c646c63391bf" failOnError="true" failTestCaseOnErrors="true" keepSession="false" maxResults="0" name="getPlaceCountries" searchProperties="true"><con:settings/><con:testStep type="request" id="5fff2076-31e3-4ce4-ad37-2dd058161d0c" name="testcase02 - Dev - Request"><con:settings/><con:config xsi:type="con:RequestStep" xmlns:xsi="http://www.w3.org/2001/XMLSchema-instance"><con:interface>CountryServiceHTTPBinding</con:interface><con:operation>getPlaceCountries</con:operation><con:request name="testcase02 - Dev - Request" id="1812bf0d-9dbc-4d81-b584-9f9ca60bb2ec" outgoingWss="Outflow DEV"><con:settings/><con:encoding>UTF-8</con:encoding><con:endpoint>https://192.168.36.61:8243/services/CountryService_v1.0</con:endpoint><con:request><![CDATA[<soapenv:Envelope xmlns:soapenv="http://schemas.xmlsoap.org/soap/envelope/" xmlns:v1="http://fidus.brussels/service/countryservice/messages/v1" xmlns:v11="http://fidus.brussels/type/common/messages/v1">
   <soapenv:Header/>
   <soapenv:Body>
      <v1:getPlaceCountriesRequest>
         <v1:messageContext>
            <v11:messageId>${=import static java.util.UUID.randomUUID; uuid = randomUUID() as String}</v11:messageId>
            <!--Optional:-->
            <v11:timestamp>${=new java.text.SimpleDateFormat("yyyy-MM-dd'T'HH:mm:ss.SSS").format(new Date())}</v11:timestamp>
         </v1:messageContext>
         <v1:legalContext>ServiceIntegrator</v1:legalContext>
         <v1:request>
            <!--Optional:-->
            <v1:referenceDate>2016-10-14</v1:referenceDate>
         </v1:request>
      </v1:getPlaceCountriesRequest>
   </soapenv:Body>
</soapenv:Envelope>]]></con:request><con:assertion type="SOAP Fault Assertion" id="ec4c1402-6ba5-4bbc-b175-30eb2019b3e5" name="Not SOAP Fault"/><con:assertion type="SOAP Response" id="4a52b004-fed7-4980-ba84-c91ab2203162" name="SOAP Response"/><con:assertion type="Schema Compliance" id="6ef65599-f74c-4807-9d6d-d10d32ae9d45" name="Schema Compliance"><con:configuration/></con:assertion><con:wsaConfig action="http://fidus.brussels/services/countryservice/getPlaceCountries"/></con:request></con:config></con:testStep><con:testStep type="request" id="6207d0ba-6a5e-4fa0-ae16-194c91e0a2b5" name="testcase02 - DevNew - Request"><con:settings/><con:config xsi:type="con:RequestStep" xmlns:xsi="http://www.w3.org/2001/XMLSchema-instance"><con:interface>CountryServiceHTTPBinding</con:interface><con:operation>getPlaceCountries</con:operation><con:request name="testcase02 - DevNew - Request" id="337b97fc-eaf8-474c-82c5-f82d762e6e30" outgoingWss="Outflow DEV"><con:settings/><con:encoding>UTF-8</con:encoding><con:endpoint>https://192.168.36.75:8243/services/CountryService_v1.0</con:endpoint><con:request><![CDATA[<soapenv:Envelope xmlns:soapenv="http://schemas.xmlsoap.org/soap/envelope/" xmlns:v1="http://fidus.brussels/service/countryservice/messages/v1" xmlns:v11="http://fidus.brussels/type/common/messages/v1">
   <soapenv:Header/>
   <soapenv:Body>
      <v1:getPlaceCountriesRequest>
         <v1:messageContext>
            <v11:messageId>${=import static java.util.UUID.randomUUID; uuid = randomUUID() as String}</v11:messageId>
            <!--Optional:-->
            <v11:timestamp>${=new java.text.SimpleDateFormat("yyyy-MM-dd'T'HH:mm:ss.SSS").format(new Date())}</v11:timestamp>
         </v1:messageContext>
         <v1:legalContext>ServiceIntegrator</v1:legalContext>
         <v1:request>
            <!--Optional:-->
            <v1:referenceDate>2016-10-14</v1:referenceDate>
         </v1:request>
      </v1:getPlaceCountriesRequest>
   </soapenv:Body>
</soapenv:Envelope>]]></con:request><con:assertion type="SOAP Fault Assertion" id="1711fe1b-7d56-4b3a-849d-2f51c13022a8" name="Not SOAP Fault"/><con:assertion type="SOAP Response" id="b927e06d-9c67-47a2-a06d-2824bbaa81d0" name="SOAP Response"/><con:assertion type="Schema Compliance" id="e35ee066-b921-4536-a97c-50cba944013f" name="Schema Compliance"><con:configuration/></con:assertion><con:wsaConfig action="http://fidus.brussels/services/countryservice/getPlaceCountries"/></con:request></con:config></con:testStep><con:properties/></con:testCase><con:testCase id="98acad61-654d-43ea-84df-20bbbf29d522" failOnError="true" failTestCaseOnErrors="true" keepSession="false" maxResults="0" name="getPlaceCountry" searchProperties="true"><con:settings/><con:testStep type="request" id="a2b4c80a-4292-459a-9605-c1fe9b896701" name="testcase02 - Dev - Request"><con:settings/><con:config xsi:type="con:RequestStep" xmlns:xsi="http://www.w3.org/2001/XMLSchema-instance"><con:interface>CountryServiceHTTPBinding</con:interface><con:operation>getPlaceCountry</con:operation><con:request name="testcase02 - Dev - Request" id="0d0fd452-ea4e-465f-ba32-8ebbbdc33ad2" outgoingWss="Outflow DEV"><con:settings/><con:encoding>UTF-8</con:encoding><con:endpoint>https://192.168.36.61:8243/services/CountryService_v1.0</con:endpoint><con:request><![CDATA[<soapenv:Envelope xmlns:soapenv="http://schemas.xmlsoap.org/soap/envelope/" xmlns:v1="http://fidus.brussels/service/countryservice/messages/v1" xmlns:v11="http://fidus.brussels/type/common/messages/v1" xmlns:v12="http://fsb.belgium.be/mappingServices/countryService/messages/v1_00">
   <soapenv:Header/>
   <soapenv:Body>
      <v1:getPlaceCountryRequest>
         <v1:messageContext>
            <v11:messageId>${=import static java.util.UUID.randomUUID; uuid = randomUUID() as String}</v11:messageId>
            <!--Optional:-->
            <v11:timestamp>${=new java.text.SimpleDateFormat("yyyy-MM-dd'T'HH:mm:ss.SSS").format(new Date())}</v11:timestamp>
         </v1:messageContext>
         <v1:legalContext>ServiceIntegrator</v1:legalContext>
         <v1:request>
            <!--You have a CHOICE of the next 4 items at this level-->
            <!--
            <v12:iso-alpha2 startDate="?" endDate="?" status="?">?</v12:iso-alpha2>
            <v12:iso-alpha3 startDate="?" endDate="?" status="?">?</v12:iso-alpha3>
            <v12:iso-num3 startDate="?" endDate="?" status="?">?</v12:iso-num3>
            <v12:nis-num3 startDate="?" endDate="?" status="?">?</v12:nis-num3>
			-->
             <v12:iso-alpha2>NL</v12:iso-alpha2>
             
         </v1:request>
      </v1:getPlaceCountryRequest>
   </soapenv:Body>
</soapenv:Envelope>]]></con:request><con:assertion type="SOAP Fault Assertion" id="fe84b670-d1b2-47cf-8d6b-d581e99040e2" name="Not SOAP Fault"/><con:assertion type="SOAP Response" id="6ac84a8a-7f50-4e93-af0d-159160ba733f" name="SOAP Response"/><con:assertion type="Schema Compliance" id="5ec72cbe-0e29-4a85-92d0-c21896ff13c3" name="Schema Compliance"><con:configuration/></con:assertion><con:wsaConfig action="http://fidus.brussels/services/countryservice/getPlaceCountry"/></con:request></con:config></con:testStep><con:testStep type="request" id="73173ac5-a416-45af-a59a-f7767caa191b" name="testcase02 - DevNew - Request"><con:settings/><con:config xsi:type="con:RequestStep" xmlns:xsi="http://www.w3.org/2001/XMLSchema-instance"><con:interface>CountryServiceHTTPBinding</con:interface><con:operation>getPlaceCountry</con:operation><con:request name="testcase02 - DevNew - Request" id="89b1f714-6c89-4952-be07-251867f8c630" outgoingWss="Outflow DEV"><con:settings/><con:encoding>UTF-8</con:encoding><con:endpoint>https://192.168.36.75:8243/services/CountryService_v1.0</con:endpoint><con:request><![CDATA[<soapenv:Envelope xmlns:soapenv="http://schemas.xmlsoap.org/soap/envelope/" xmlns:v1="http://fidus.brussels/service/countryservice/messages/v1" xmlns:v11="http://fidus.brussels/type/common/messages/v1" xmlns:v12="http://fsb.belgium.be/mappingServices/countryService/messages/v1_00">
   <soapenv:Header/>
   <soapenv:Body>
      <v1:getPlaceCountryRequest>
         <v1:messageContext>
            <v11:messageId>${=import static java.util.UUID.randomUUID; uuid = randomUUID() as String}</v11:messageId>
            <!--Optional:-->
            <v11:timestamp>${=new java.text.SimpleDateFormat("yyyy-MM-dd'T'HH:mm:ss.SSS").format(new Date())}</v11:timestamp>
         </v1:messageContext>
         <v1:legalContext>ServiceIntegrator</v1:legalContext>
         <v1:request>
            <!--You have a CHOICE of the next 4 items at this level-->
            <!--
            <v12:iso-alpha2 startDate="?" endDate="?" status="?">?</v12:iso-alpha2>
            <v12:iso-alpha3 startDate="?" endDate="?" status="?">?</v12:iso-alpha3>
            <v12:iso-num3 startDate="?" endDate="?" status="?">?</v12:iso-num3>
            <v12:nis-num3 startDate="?" endDate="?" status="?">?</v12:nis-num3>
			-->
             <v12:iso-alpha2>NL</v12:iso-alpha2>
             
         </v1:request>
      </v1:getPlaceCountryRequest>
   </soapenv:Body>
</soapenv:Envelope>]]></con:request><con:assertion type="SOAP Fault Assertion" id="a315e4cb-f43a-45ad-96ae-148d77846fdb" name="Not SOAP Fault"/><con:assertion type="SOAP Response" id="f8fb6d2d-5e7b-44f6-9c61-ab4e766c6d88" name="SOAP Response"/><con:assertion type="Schema Compliance" id="fa56a69b-a757-46b2-9a1a-17d08cfbba50" name="Schema Compliance"><con:configuration/></con:assertion><con:wsaConfig action="http://fidus.brussels/services/countryservice/getPlaceCountry"/></con:request></con:config></con:testStep><con:properties/></con:testCase><con:testCase id="9e1e92d3-a593-4ef2-8bba-a3f18038100d" failOnError="true" failTestCaseOnErrors="true" keepSession="false" maxResults="0" name="getPlaceCountryHistory" searchProperties="true"><con:settings/><con:testStep type="request" id="a95e5340-d69a-4b30-9135-818ab7585430" name="testcase02 - Dev - Request"><con:settings/><con:config xsi:type="con:RequestStep" xmlns:xsi="http://www.w3.org/2001/XMLSchema-instance"><con:interface>CountryServiceHTTPBinding</con:interface><con:operation>getPlaceCountryHistory</con:operation><con:request name="testcase02 - Dev - Request" id="6fac128c-f469-42ff-bb9f-278bafd5e811" outgoingWss="Outflow DEV"><con:settings/><con:encoding>UTF-8</con:encoding><con:endpoint>https://192.168.36.61:8243/services/CountryService_v1.0</con:endpoint><con:request><![CDATA[<soapenv:Envelope xmlns:soapenv="http://schemas.xmlsoap.org/soap/envelope/" xmlns:v1="http://fidus.brussels/service/countryservice/messages/v1" xmlns:v11="http://fidus.brussels/type/common/messages/v1" xmlns:v12="http://fsb.belgium.be/mappingServices/countryService/messages/v1_00">
   <soapenv:Header/>
   <soapenv:Body xmlns:soapenv="http://schemas.xmlsoap.org/soap/envelope/" xmlns:wsu="http://docs.oasis-open.org/wss/2004/01/oasis-200401-wss-wssecurity-utility-1.0.xsd" wsu:Id="id-5C8D63ADC1427B4599147860106781222">
   <v1:getPlaceCountryHistoryRequest xmlns:v1="http://fidus.brussels/service/countryservice/messages/v1">
         <v1:messageContext>
            <v11:messageId xmlns:v11="http://fidus.brussels/type/common/messages/v1">504da2d0-a96a-41e9-b3dd-3c1f56039568</v11:messageId>
            <!--Optional:-->
            <v11:timestamp xmlns:v11="http://fidus.brussels/type/common/messages/v1">2016-11-08T11:31:07.809</v11:timestamp>
         </v1:messageContext>
         <v1:legalContext>ServiceIntegrator</v1:legalContext>
         <v1:request>
            <v12:iso-alpha2 xmlns:v12="http://fsb.belgium.be/mappingServices/countryService/messages/v1_00">NL</v12:iso-alpha2>
            <!--Optional:-->
            <v12:referenceDate xmlns:v12="http://fsb.belgium.be/mappingServices/countryService/messages/v1_00">2016-10-10</v12:referenceDate>
         </v1:request>
      </v1:getPlaceCountryHistoryRequest>
   </soapenv:Body>
</soapenv:Envelope>]]></con:request><con:assertion type="SOAP Fault Assertion" id="4d8e3499-838b-4d8e-973b-5af7270d9f00" name="Not SOAP Fault"/><con:assertion type="SOAP Response" id="71b98aaa-3bf3-4145-8709-117c774f0d4e" name="SOAP Response"/><con:assertion type="Schema Compliance" id="993699cc-62a2-49e8-b00a-2bd2487c10e3" name="Schema Compliance"><con:configuration/></con:assertion><con:wsaConfig action="http://fidus.brussels/services/countryservice/getPlaceCountryHistory"/></con:request></con:config></con:testStep><con:testStep type="request" id="824dec65-71cb-42c1-83f8-f72cafbff633" name="testcase02 - DevNew - Request"><con:settings/><con:config xsi:type="con:RequestStep" xmlns:xsi="http://www.w3.org/2001/XMLSchema-instance"><con:interface>CountryServiceHTTPBinding</con:interface><con:operation>getPlaceCountryHistory</con:operation><con:request name="testcase02 - DevNew - Request" id="a7ee0e5f-a0ab-4ded-a87a-3743d0777ed4" outgoingWss="Outflow DEV"><con:settings/><con:encoding>UTF-8</con:encoding><con:endpoint>https://192.168.36.75:8243/services/CountryService_v1.0</con:endpoint><con:request><![CDATA[<soapenv:Envelope xmlns:soapenv="http://schemas.xmlsoap.org/soap/envelope/" xmlns:v1="http://fidus.brussels/service/countryservice/messages/v1" xmlns:v11="http://fidus.brussels/type/common/messages/v1" xmlns:v12="http://fsb.belgium.be/mappingServices/countryService/messages/v1_00">
   <soapenv:Header/>
   <soapenv:Body xmlns:soapenv="http://schemas.xmlsoap.org/soap/envelope/" xmlns:wsu="http://docs.oasis-open.org/wss/2004/01/oasis-200401-wss-wssecurity-utility-1.0.xsd" wsu:Id="id-5C8D63ADC1427B4599147860106781222">
   <v1:getPlaceCountryHistoryRequest xmlns:v1="http://fidus.brussels/service/countryservice/messages/v1">
         <v1:messageContext>
            <v11:messageId xmlns:v11="http://fidus.brussels/type/common/messages/v1">504da2d0-a96a-41e9-b3dd-3c1f56039568</v11:messageId>
            <!--Optional:-->
            <v11:timestamp xmlns:v11="http://fidus.brussels/type/common/messages/v1">2016-11-08T11:31:07.809</v11:timestamp>
         </v1:messageContext>
         <v1:legalContext>ServiceIntegrator</v1:legalContext>
         <v1:request>
            <v12:iso-alpha2 xmlns:v12="http://fsb.belgium.be/mappingServices/countryService/messages/v1_00">NL</v12:iso-alpha2>
            <!--Optional:-->
            <v12:referenceDate xmlns:v12="http://fsb.belgium.be/mappingServices/countryService/messages/v1_00">2016-10-10</v12:referenceDate>
         </v1:request>
      </v1:getPlaceCountryHistoryRequest>
   </soapenv:Body>
</soapenv:Envelope>]]></con:request><con:assertion type="SOAP Fault Assertion" id="0b89c6a2-9108-4a66-ae6e-1e43a5106101" name="Not SOAP Fault"/><con:assertion type="SOAP Response" id="dcc05126-0d30-4632-bb1b-1f5db8645bcb" name="SOAP Response"/><con:assertion type="Schema Compliance" id="5997e646-6608-42d5-93f2-33182c3bc97a" name="Schema Compliance"><con:configuration/></con:assertion><con:wsaConfig action="http://fidus.brussels/services/countryservice/getPlaceCountryHistory"/></con:request></con:config></con:testStep><con:properties/></con:testCase><con:properties/></con:testSuite><con:testSuite id="88632a1d-afca-4bfd-8896-c93d717bf753" name="STAG"><con:settings/><con:runType>SEQUENTIAL</con:runType><con:testCase id="977cdbef-a5ea-4e05-9882-f58777e6e3c9" failOnError="true" failTestCaseOnErrors="true" keepSession="false" maxResults="0" name="getAddressCountries" searchProperties="true"><con:settings/><con:testStep type="request" id="504fa235-7c6a-4098-a6da-b5bd9d03d914" name="testcase04 - Staging External - Request"><con:settings/><con:config xsi:type="con:RequestStep" xmlns:xsi="http://www.w3.org/2001/XMLSchema-instance"><con:interface>CountryServiceHTTPBinding</con:interface><con:operation>getAddressCountries</con:operation><con:request name="testcase04 - Staging External - Request" id="0f67b68d-3da7-4a6c-931c-a35ffab2656f" outgoingWss="Outflow STAG"><con:settings/><con:encoding>UTF-8</con:encoding><con:endpoint>https://fidus.irisnetlab.be/services/CountryService_v1.0</con:endpoint><con:request><![CDATA[<soapenv:Envelope xmlns:soapenv="http://schemas.xmlsoap.org/soap/envelope/" xmlns:v1="http://fidus.brussels/service/countryservice/messages/v1" xmlns:v11="http://fidus.brussels/type/common/messages/v1">
   <soapenv:Header/>
   <soapenv:Body>
      <v1:getAddressCountriesRequest>
         <v1:messageContext>
            <v11:messageId>${=import static java.util.UUID.randomUUID; uuid = randomUUID() as String}</v11:messageId>
            <!--Optional:-->
            <v11:timestamp>${=new java.text.SimpleDateFormat("yyyy-MM-dd'T'HH:mm:ss.SSS").format(new Date())}</v11:timestamp>
         </v1:messageContext>
         <v1:legalContext>ServiceIntegrator</v1:legalContext>
         <v1:request>
            <!--Optional:-->
            <v1:referenceDate>2016-10-10</v1:referenceDate>
         </v1:request>
      </v1:getAddressCountriesRequest>
   </soapenv:Body>
</soapenv:Envelope>]]></con:request><con:assertion type="SOAP Fault Assertion" id="555778fd-fb38-4a69-947f-2338c6cb4b13" name="Not SOAP Fault"/><con:assertion type="SOAP Response" id="fbdde410-1093-45f1-b9b5-604b5d8a9d8a" name="SOAP Response"/><con:assertion type="Schema Compliance" id="b4700eba-2f0c-42f0-93e5-8dd68cd83007" name="Schema Compliance"><con:configuration/></con:assertion><con:wsaConfig action="http://fidus.brussels/services/countryservice/getAddressCountries"/></con:request></con:config></con:testStep><con:testStep type="request" id="c6f5df67-f132-41e8-81b1-ff03f08f365b" name="testcase04 - Staging LB - Request"><con:settings/><con:config xsi:type="con:RequestStep" xmlns:xsi="http://www.w3.org/2001/XMLSchema-instance"><con:interface>CountryServiceHTTPBinding</con:interface><con:operation>getAddressCountries</con:operation><con:request name="testcase04 - Staging LB - Request" id="2a9ad26b-fcf7-4273-b591-4c087e9b94e8" outgoingWss="Outflow STAG"><con:settings/><con:encoding>UTF-8</con:encoding><con:endpoint>https://fidus-esb-sg.sta.srv.cirb.lan:8443/services/CountryService_v1.0</con:endpoint><con:request><![CDATA[<soapenv:Envelope xmlns:soapenv="http://schemas.xmlsoap.org/soap/envelope/" xmlns:v1="http://fidus.brussels/service/countryservice/messages/v1" xmlns:v11="http://fidus.brussels/type/common/messages/v1">
   <soapenv:Header/>
   <soapenv:Body>
      <v1:getAddressCountriesRequest>
         <v1:messageContext>
            <v11:messageId>${=import static java.util.UUID.randomUUID; uuid = randomUUID() as String}</v11:messageId>
            <!--Optional:-->
            <v11:timestamp>${=new java.text.SimpleDateFormat("yyyy-MM-dd'T'HH:mm:ss.SSS").format(new Date())}</v11:timestamp>
         </v1:messageContext>
         <v1:legalContext>ServiceIntegrator</v1:legalContext>
         <v1:request>
            <!--Optional:-->
            <v1:referenceDate>2016-10-10</v1:referenceDate>
         </v1:request>
      </v1:getAddressCountriesRequest>
   </soapenv:Body>
</soapenv:Envelope>]]></con:request><con:assertion type="SOAP Fault Assertion" id="c854d717-3736-4332-814f-c8f90a87999d" name="Not SOAP Fault"/><con:assertion type="SOAP Response" id="55fbfede-eaa4-44cb-9303-9fa60c5bdf26" name="SOAP Response"/><con:assertion type="Schema Compliance" id="fefbe840-3d33-48c4-8655-11c579660ef4" name="Schema Compliance"><con:configuration/></con:assertion><con:wsaConfig action="http://fidus.brussels/services/countryservice/getAddressCountries"/></con:request></con:config></con:testStep><con:testStep type="request" id="d1af08ae-f494-4f38-836f-86fc959df474" name="testcase04 - Staging Worker1 - Request"><con:settings/><con:config xsi:type="con:RequestStep" xmlns:xsi="http://www.w3.org/2001/XMLSchema-instance"><con:interface>CountryServiceHTTPBinding</con:interface><con:operation>getAddressCountries</con:operation><con:request name="testcase04 - Staging Worker1 - Request" id="0941757e-e0a0-4bd8-994c-28faf1e71050" outgoingWss="Outflow STAG"><con:settings/><con:encoding>UTF-8</con:encoding><con:endpoint>https://192.168.24.16:8443/services/CountryService_v1.0</con:endpoint><con:request><![CDATA[<soapenv:Envelope xmlns:soapenv="http://schemas.xmlsoap.org/soap/envelope/" xmlns:v1="http://fidus.brussels/service/countryservice/messages/v1" xmlns:v11="http://fidus.brussels/type/common/messages/v1">
   <soapenv:Header/>
   <soapenv:Body>
      <v1:getAddressCountriesRequest>
         <v1:messageContext>
            <v11:messageId>${=import static java.util.UUID.randomUUID; uuid = randomUUID() as String}</v11:messageId>
            <!--Optional:-->
            <v11:timestamp>${=new java.text.SimpleDateFormat("yyyy-MM-dd'T'HH:mm:ss.SSS").format(new Date())}</v11:timestamp>
         </v1:messageContext>
         <v1:legalContext>ServiceIntegrator</v1:legalContext>
         <v1:request>
            <!--Optional:-->
            <v1:referenceDate>2016-10-10</v1:referenceDate>
         </v1:request>
      </v1:getAddressCountriesRequest>
   </soapenv:Body>
</soapenv:Envelope>]]></con:request><con:assertion type="SOAP Fault Assertion" id="81ab93a5-26bc-4936-8770-089599747e2d" name="Not SOAP Fault"/><con:assertion type="SOAP Response" id="e0663230-82d3-4473-bf7e-9c4a310fca99" name="SOAP Response"/><con:assertion type="Schema Compliance" id="ad8dcdef-16f9-4a67-b448-2a2a7f972ef2" name="Schema Compliance"><con:configuration/></con:assertion><con:wsaConfig action="http://fidus.brussels/services/countryservice/getAddressCountries"/></con:request></con:config></con:testStep><con:testStep type="request" id="f20be35e-6e56-40c4-845a-53ffc68d0a69" name="testcase04 - Staging Worker2 - Request"><con:settings/><con:config xsi:type="con:RequestStep" xmlns:xsi="http://www.w3.org/2001/XMLSchema-instance"><con:interface>CountryServiceHTTPBinding</con:interface><con:operation>getAddressCountries</con:operation><con:request name="testcase04 - Staging Worker2 - Request" id="c28b1c07-5b74-4f23-889a-e39ad7307998" outgoingWss="Outflow STAG"><con:settings/><con:encoding>UTF-8</con:encoding><con:endpoint>https://192.168.24.17:8443/services/CountryService_v1.0</con:endpoint><con:request><![CDATA[<soapenv:Envelope xmlns:soapenv="http://schemas.xmlsoap.org/soap/envelope/" xmlns:v1="http://fidus.brussels/service/countryservice/messages/v1" xmlns:v11="http://fidus.brussels/type/common/messages/v1">
   <soapenv:Header/>
   <soapenv:Body>
      <v1:getAddressCountriesRequest>
         <v1:messageContext>
            <v11:messageId>${=import static java.util.UUID.randomUUID; uuid = randomUUID() as String}</v11:messageId>
            <!--Optional:-->
            <v11:timestamp>${=new java.text.SimpleDateFormat("yyyy-MM-dd'T'HH:mm:ss.SSS").format(new Date())}</v11:timestamp>
         </v1:messageContext>
         <v1:legalContext>ServiceIntegrator</v1:legalContext>
         <v1:request>
            <!--Optional:-->
            <v1:referenceDate>2016-10-10</v1:referenceDate>
         </v1:request>
      </v1:getAddressCountriesRequest>
   </soapenv:Body>
</soapenv:Envelope>]]></con:request><con:assertion type="SOAP Fault Assertion" id="7e03c9a9-d4a0-497a-b1ed-83df2a4cae54" name="Not SOAP Fault"/><con:assertion type="SOAP Response" id="9b6570ef-6fd4-4f3f-98e4-f6025f4c76f7" name="SOAP Response"/><con:assertion type="Schema Compliance" id="b522423b-95d8-4571-90cc-cf6191b0b5aa" name="Schema Compliance"><con:configuration/></con:assertion><con:wsaConfig action="http://fidus.brussels/services/countryservice/getAddressCountries"/></con:request></con:config></con:testStep><con:properties/></con:testCase><con:testCase id="5789fec8-1206-4d7b-871f-7ac9ab95fd72" failOnError="true" failTestCaseOnErrors="true" keepSession="false" maxResults="0" name="getAddressCountry" searchProperties="true"><con:settings/><con:testStep type="request" id="509d7d93-d3d5-4500-af5e-044aac82a2dc" name="testcase04 - Staging External - Request"><con:settings/><con:config xsi:type="con:RequestStep" xmlns:xsi="http://www.w3.org/2001/XMLSchema-instance"><con:interface>CountryServiceHTTPBinding</con:interface><con:operation>getAddressCountry</con:operation><con:request name="testcase04 - Staging External - Request" id="1f90c0c8-df74-42bd-8021-7fc059f48f3c" outgoingWss="Outflow STAG"><con:settings/><con:encoding>UTF-8</con:encoding><con:endpoint>https://fidus.irisnetlab.be/services/CountryService_v1.0</con:endpoint><con:request><![CDATA[<soapenv:Envelope xmlns:soapenv="http://schemas.xmlsoap.org/soap/envelope/" xmlns:v1="http://fidus.brussels/service/countryservice/messages/v1" xmlns:v11="http://fidus.brussels/type/common/messages/v1" xmlns:v12="http://fsb.belgium.be/mappingServices/countryService/messages/v1_00">
   <soapenv:Header/>
   <soapenv:Body>
      <v1:getAddressCountryRequest>
         <v1:messageContext>
            <v11:messageId>${=import static java.util.UUID.randomUUID; uuid = randomUUID() as String}</v11:messageId>
            <!--Optional:-->
            <v11:timestamp>${=new java.text.SimpleDateFormat("yyyy-MM-dd'T'HH:mm:ss.SSS").format(new Date())}</v11:timestamp>
         </v1:messageContext>
         <v1:legalContext>ServiceIntegrator</v1:legalContext>
         <v1:request>
            <!--You have a CHOICE of the next 4 items at this level-->
            <v12:iso-alpha2>BE</v12:iso-alpha2>
            <!--<v12:iso-alpha3 startDate="?" endDate="?" status="?">?</v12:iso-alpha3>-->
            <!--<v12:iso-num3 startDate="?" endDate="?" status="?">?</v12:iso-num3>-->
            <!--<v12:nis-num3 startDate="?" endDate="?" status="?">?</v12:nis-num3>-->
         </v1:request>
      </v1:getAddressCountryRequest>
   </soapenv:Body>
</soapenv:Envelope>]]></con:request><con:assertion type="SOAP Fault Assertion" id="da3dc6f5-5efe-41a9-abb0-2100726530bf" name="Not SOAP Fault"/><con:assertion type="SOAP Response" id="8fab0b60-b55b-433d-8903-7b09fc1edfe8" name="SOAP Response"/><con:assertion type="Schema Compliance" id="9af782fd-4413-46fc-a0b6-d9330cb3679c" name="Schema Compliance"><con:configuration/></con:assertion><con:wsaConfig action="http://fidus.brussels/services/countryservice/getAddressCountry"/></con:request></con:config></con:testStep><con:testStep type="request" id="34ccf233-4b7e-4298-945a-d9747ec04b2d" name="testcase04 - Staging LB - Request"><con:settings/><con:config xsi:type="con:RequestStep" xmlns:xsi="http://www.w3.org/2001/XMLSchema-instance"><con:interface>CountryServiceHTTPBinding</con:interface><con:operation>getAddressCountry</con:operation><con:request name="testcase04 - Staging LB - Request" id="94993208-ea08-4de0-b2f5-68b85c4fcf10" outgoingWss="Outflow STAG"><con:settings/><con:encoding>UTF-8</con:encoding><con:endpoint>https://fidus-esb-sg.sta.srv.cirb.lan:8443/services/CountryService_v1.0</con:endpoint><con:request><![CDATA[<soapenv:Envelope xmlns:soapenv="http://schemas.xmlsoap.org/soap/envelope/" xmlns:v1="http://fidus.brussels/service/countryservice/messages/v1" xmlns:v11="http://fidus.brussels/type/common/messages/v1" xmlns:v12="http://fsb.belgium.be/mappingServices/countryService/messages/v1_00">
   <soapenv:Header/>
   <soapenv:Body>
      <v1:getAddressCountryRequest>
         <v1:messageContext>
            <v11:messageId>${=import static java.util.UUID.randomUUID; uuid = randomUUID() as String}</v11:messageId>
            <!--Optional:-->
            <v11:timestamp>${=new java.text.SimpleDateFormat("yyyy-MM-dd'T'HH:mm:ss.SSS").format(new Date())}</v11:timestamp>
         </v1:messageContext>
         <v1:legalContext>ServiceIntegrator</v1:legalContext>
         <v1:request>
            <!--You have a CHOICE of the next 4 items at this level-->
            <v12:iso-alpha2>BE</v12:iso-alpha2>
            <!--<v12:iso-alpha3 startDate="?" endDate="?" status="?">?</v12:iso-alpha3>-->
            <!--<v12:iso-num3 startDate="?" endDate="?" status="?">?</v12:iso-num3>-->
            <!--<v12:nis-num3 startDate="?" endDate="?" status="?">?</v12:nis-num3>-->
         </v1:request>
      </v1:getAddressCountryRequest>
   </soapenv:Body>
</soapenv:Envelope>]]></con:request><con:assertion type="SOAP Fault Assertion" id="fc313803-c154-4691-bbb3-83e047279f5c" name="Not SOAP Fault"/><con:assertion type="SOAP Response" id="83351859-05a6-4a9f-b5c2-da90d3d887d9" name="SOAP Response"/><con:assertion type="Schema Compliance" id="02841206-c7a6-4978-9642-20864e84a881" name="Schema Compliance"><con:configuration/></con:assertion><con:wsaConfig action="http://fidus.brussels/services/countryservice/getAddressCountry"/></con:request></con:config></con:testStep><con:testStep type="request" id="d4fbab4d-9b73-498b-ad33-6a0e53d54cbd" name="testcase04 - Staging Worker1 - Request"><con:settings/><con:config xsi:type="con:RequestStep" xmlns:xsi="http://www.w3.org/2001/XMLSchema-instance"><con:interface>CountryServiceHTTPBinding</con:interface><con:operation>getAddressCountry</con:operation><con:request name="testcase04 - Staging Worker1 - Request" id="063ead70-ed41-4ce9-9a23-afd4afe1325f" outgoingWss="Outflow STAG"><con:settings/><con:encoding>UTF-8</con:encoding><con:endpoint>https://192.168.24.16:8443/services/CountryService_v1.0</con:endpoint><con:request><![CDATA[<soapenv:Envelope xmlns:soapenv="http://schemas.xmlsoap.org/soap/envelope/" xmlns:v1="http://fidus.brussels/service/countryservice/messages/v1" xmlns:v11="http://fidus.brussels/type/common/messages/v1" xmlns:v12="http://fsb.belgium.be/mappingServices/countryService/messages/v1_00">
   <soapenv:Header/>
   <soapenv:Body>
      <v1:getAddressCountryRequest>
         <v1:messageContext>
            <v11:messageId>${=import static java.util.UUID.randomUUID; uuid = randomUUID() as String}</v11:messageId>
            <!--Optional:-->
            <v11:timestamp>${=new java.text.SimpleDateFormat("yyyy-MM-dd'T'HH:mm:ss.SSS").format(new Date())}</v11:timestamp>
         </v1:messageContext>
         <v1:legalContext>ServiceIntegrator</v1:legalContext>
         <v1:request>
            <!--You have a CHOICE of the next 4 items at this level-->
            <v12:iso-alpha2>BE</v12:iso-alpha2>
            <!--<v12:iso-alpha3 startDate="?" endDate="?" status="?">?</v12:iso-alpha3>-->
            <!--<v12:iso-num3 startDate="?" endDate="?" status="?">?</v12:iso-num3>-->
            <!--<v12:nis-num3 startDate="?" endDate="?" status="?">?</v12:nis-num3>-->
         </v1:request>
      </v1:getAddressCountryRequest>
   </soapenv:Body>
</soapenv:Envelope>]]></con:request><con:assertion type="SOAP Fault Assertion" id="fa6e23ca-f365-452a-b899-1223349c8e85" name="Not SOAP Fault"/><con:assertion type="SOAP Response" id="4fac9a1f-6a86-4df5-aee1-7111a3e9fdda" name="SOAP Response"/><con:assertion type="Schema Compliance" id="b7333ef2-89ab-4ec2-9bab-93a43620edb2" name="Schema Compliance"><con:configuration/></con:assertion><con:wsaConfig action="http://fidus.brussels/services/countryservice/getAddressCountry"/></con:request></con:config></con:testStep><con:testStep type="request" id="e981ae93-e493-4e76-979a-67fa9c6af80f" name="testcase04 - Staging Worker2 - Request"><con:settings/><con:config xsi:type="con:RequestStep" xmlns:xsi="http://www.w3.org/2001/XMLSchema-instance"><con:interface>CountryServiceHTTPBinding</con:interface><con:operation>getAddressCountry</con:operation><con:request name="testcase04 - Staging Worker2 - Request" id="26d7af29-f910-451e-a357-2c42a032d063" outgoingWss="Outflow STAG"><con:settings/><con:encoding>UTF-8</con:encoding><con:endpoint>https://192.168.24.17:8443/services/CountryService_v1.0</con:endpoint><con:request><![CDATA[<soapenv:Envelope xmlns:soapenv="http://schemas.xmlsoap.org/soap/envelope/" xmlns:v1="http://fidus.brussels/service/countryservice/messages/v1" xmlns:v11="http://fidus.brussels/type/common/messages/v1" xmlns:v12="http://fsb.belgium.be/mappingServices/countryService/messages/v1_00">
   <soapenv:Header/>
   <soapenv:Body>
      <v1:getAddressCountryRequest>
         <v1:messageContext>
            <v11:messageId>${=import static java.util.UUID.randomUUID; uuid = randomUUID() as String}</v11:messageId>
            <!--Optional:-->
            <v11:timestamp>${=new java.text.SimpleDateFormat("yyyy-MM-dd'T'HH:mm:ss.SSS").format(new Date())}</v11:timestamp>
         </v1:messageContext>
         <v1:legalContext>ServiceIntegrator</v1:legalContext>
         <v1:request>
            <!--You have a CHOICE of the next 4 items at this level-->
            <v12:iso-alpha2>BE</v12:iso-alpha2>
            <!--<v12:iso-alpha3 startDate="?" endDate="?" status="?">?</v12:iso-alpha3>-->
            <!--<v12:iso-num3 startDate="?" endDate="?" status="?">?</v12:iso-num3>-->
            <!--<v12:nis-num3 startDate="?" endDate="?" status="?">?</v12:nis-num3>-->
         </v1:request>
      </v1:getAddressCountryRequest>
   </soapenv:Body>
</soapenv:Envelope>]]></con:request><con:assertion type="SOAP Fault Assertion" id="e100af11-21a0-49f8-8a60-75ddc5cc9b14" name="Not SOAP Fault"/><con:assertion type="SOAP Response" id="e2218ae8-8b8f-4d4a-966a-9b8ebae70471" name="SOAP Response"/><con:assertion type="Schema Compliance" id="5985d4a9-b5b9-4e55-a060-4960289bcfd9" name="Schema Compliance"><con:configuration/></con:assertion><con:wsaConfig action="http://fidus.brussels/services/countryservice/getAddressCountry"/></con:request></con:config></con:testStep><con:properties/></con:testCase><con:testCase id="1cbcef1d-e5a7-42c6-81b8-e9a28ac583de" failOnError="true" failTestCaseOnErrors="true" keepSession="false" maxResults="0" name="getAddressCountryHistory" searchProperties="true"><con:settings/><con:testStep type="request" id="f904c60f-5601-4183-9996-6df9e937dd74" name="testcase04 - Staging External - Request"><con:settings/><con:config xsi:type="con:RequestStep" xmlns:xsi="http://www.w3.org/2001/XMLSchema-instance"><con:interface>CountryServiceHTTPBinding</con:interface><con:operation>getAddressCountryHistory</con:operation><con:request name="testcase04 - Staging External - Request" id="cc8ebe03-2f27-465a-9665-b19907012780" outgoingWss="Outflow STAG"><con:settings/><con:encoding>UTF-8</con:encoding><con:endpoint>https://fidus.irisnetlab.be/services/CountryService_v1.0</con:endpoint><con:request><![CDATA[<soapenv:Envelope xmlns:soapenv="http://schemas.xmlsoap.org/soap/envelope/" xmlns:v1="http://fidus.brussels/service/countryservice/messages/v1" xmlns:v11="http://fidus.brussels/type/common/messages/v1" xmlns:v12="http://fsb.belgium.be/mappingServices/countryService/messages/v1_00">
   <soapenv:Header/>
   <soapenv:Body>
      <v1:getAddressCountryHistoryRequest>
         <v1:messageContext>
            <v11:messageId>${=import static java.util.UUID.randomUUID; uuid = randomUUID() as String}</v11:messageId>
            <v11:timestamp>${=new java.text.SimpleDateFormat("yyyy-MM-dd'T'HH:mm:ss.SSS").format(new Date())}</v11:timestamp>
         </v1:messageContext>
         <v1:legalContext>ServiceIntegrator</v1:legalContext>
         <v1:request>
            <v12:iso-alpha2>FR</v12:iso-alpha2>
            <v12:referenceDate>2016-10-10</v12:referenceDate>
         </v1:request>
      </v1:getAddressCountryHistoryRequest>
   </soapenv:Body>
</soapenv:Envelope>]]></con:request><con:assertion type="SOAP Fault Assertion" id="2418e58e-a29d-4ac7-a153-a351f5237104" name="Not SOAP Fault"/><con:assertion type="SOAP Response" id="796333f2-7ebe-4760-b9c6-083112a030b9" name="SOAP Response"/><con:assertion type="Schema Compliance" id="a9b4a497-de91-40c1-a7db-b06d11a2cf53" name="Schema Compliance"><con:configuration/></con:assertion><con:wsaConfig action="http://fidus.brussels/services/countryservice/getAddressCountryHistory"/></con:request></con:config></con:testStep><con:testStep type="request" id="8a8dccaa-22ee-4cdf-a62f-4390315d25e9" name="testcase04 - Staging LB - Request"><con:settings/><con:config xsi:type="con:RequestStep" xmlns:xsi="http://www.w3.org/2001/XMLSchema-instance"><con:interface>CountryServiceHTTPBinding</con:interface><con:operation>getAddressCountryHistory</con:operation><con:request name="testcase04 - Staging LB - Request" id="4019c5ee-65bb-4a4b-8bf2-0808dc028754" outgoingWss="Outflow STAG"><con:settings/><con:encoding>UTF-8</con:encoding><con:endpoint>https://fidus-esb-sg.sta.srv.cirb.lan:8443/services/CountryService_v1.0</con:endpoint><con:request><![CDATA[<soapenv:Envelope xmlns:soapenv="http://schemas.xmlsoap.org/soap/envelope/" xmlns:v1="http://fidus.brussels/service/countryservice/messages/v1" xmlns:v11="http://fidus.brussels/type/common/messages/v1" xmlns:v12="http://fsb.belgium.be/mappingServices/countryService/messages/v1_00">
   <soapenv:Header/>
   <soapenv:Body>
      <v1:getAddressCountryHistoryRequest>
         <v1:messageContext>
            <v11:messageId>${=import static java.util.UUID.randomUUID; uuid = randomUUID() as String}</v11:messageId>
            <v11:timestamp>${=new java.text.SimpleDateFormat("yyyy-MM-dd'T'HH:mm:ss.SSS").format(new Date())}</v11:timestamp>
         </v1:messageContext>
         <v1:legalContext>ServiceIntegrator</v1:legalContext>
         <v1:request>
            <v12:iso-alpha2>BE</v12:iso-alpha2>
            <v12:referenceDate>2016-10-10</v12:referenceDate>
         </v1:request>
      </v1:getAddressCountryHistoryRequest>
   </soapenv:Body>
</soapenv:Envelope>]]></con:request><con:assertion type="SOAP Fault Assertion" id="d49b1082-d664-4c38-bfe3-4b0720df852e" name="Not SOAP Fault"/><con:assertion type="SOAP Response" id="0b21c83c-f70c-4a25-b1f7-0e39eca98c42" name="SOAP Response"/><con:assertion type="Schema Compliance" id="3fca9a14-914b-425b-9ebe-d323f60a266f" name="Schema Compliance"><con:configuration/></con:assertion><con:wsaConfig action="http://fidus.brussels/services/countryservice/getAddressCountryHistory"/></con:request></con:config></con:testStep><con:testStep type="request" id="d6a86579-0563-4890-997e-3832c5f2c08b" name="testcase04 - Staging Worker1 - Request"><con:settings/><con:config xsi:type="con:RequestStep" xmlns:xsi="http://www.w3.org/2001/XMLSchema-instance"><con:interface>CountryServiceHTTPBinding</con:interface><con:operation>getAddressCountryHistory</con:operation><con:request name="testcase04 - Staging Worker1 - Request" id="2170cf25-7d04-46d4-a45a-b05a9bc2c7ef" outgoingWss="Outflow STAG"><con:settings/><con:encoding>UTF-8</con:encoding><con:endpoint>https://192.168.24.16:8443/services/CountryService_v1.0</con:endpoint><con:request><![CDATA[<soapenv:Envelope xmlns:soapenv="http://schemas.xmlsoap.org/soap/envelope/" xmlns:v1="http://fidus.brussels/service/countryservice/messages/v1" xmlns:v11="http://fidus.brussels/type/common/messages/v1" xmlns:v12="http://fsb.belgium.be/mappingServices/countryService/messages/v1_00">
   <soapenv:Header/>
   <soapenv:Body>
      <v1:getAddressCountryHistoryRequest>
         <v1:messageContext>
            <v11:messageId>${=import static java.util.UUID.randomUUID; uuid = randomUUID() as String}</v11:messageId>
            <!--Optional:-->
            <v11:timestamp>${=new java.text.SimpleDateFormat("yyyy-MM-dd'T'HH:mm:ss.SSS").format(new Date())}</v11:timestamp>
         </v1:messageContext>
         <v1:legalContext>ServiceIntegrator</v1:legalContext>
         <v1:request>
            <v12:iso-alpha2>NL</v12:iso-alpha2>
            <!--Optional:-->
            
         </v1:request>
      </v1:getAddressCountryHistoryRequest>
   </soapenv:Body>
</soapenv:Envelope>]]></con:request><con:assertion type="SOAP Fault Assertion" id="54cbb499-52b8-4317-b94e-b4bb4166ef4a" name="Not SOAP Fault"/><con:assertion type="SOAP Response" id="774461f3-e206-4f3e-b2a2-56dff2041340" name="SOAP Response"/><con:assertion type="Schema Compliance" id="68df79fe-2508-4b15-9cfd-7ef7fd2789a0" name="Schema Compliance"><con:configuration/></con:assertion><con:wsaConfig action="http://fidus.brussels/services/countryservice/getAddressCountryHistory"/></con:request></con:config></con:testStep><con:testStep type="request" id="3d523f87-aa26-47a3-bac9-415232e9a6c9" name="testcase04 - Staging Worker2 - Request"><con:settings/><con:config xsi:type="con:RequestStep" xmlns:xsi="http://www.w3.org/2001/XMLSchema-instance"><con:interface>CountryServiceHTTPBinding</con:interface><con:operation>getAddressCountryHistory</con:operation><con:request name="testcase04 - Staging Worker2 - Request" id="23539b5a-22ac-4467-bbe9-6a6dec02a4ed" outgoingWss="Outflow STAG"><con:settings/><con:encoding>UTF-8</con:encoding><con:endpoint>https://192.168.24.17:8443/services/CountryService_v1.0</con:endpoint><con:request><![CDATA[<soapenv:Envelope xmlns:soapenv="http://schemas.xmlsoap.org/soap/envelope/" xmlns:v1="http://fidus.brussels/service/countryservice/messages/v1" xmlns:v11="http://fidus.brussels/type/common/messages/v1" xmlns:v12="http://fsb.belgium.be/mappingServices/countryService/messages/v1_00">
   <soapenv:Header/>
   <soapenv:Body>
      <v1:getAddressCountryHistoryRequest>
         <v1:messageContext>
            <v11:messageId>${=import static java.util.UUID.randomUUID; uuid = randomUUID() as String}</v11:messageId>
            <v11:timestamp>${=new java.text.SimpleDateFormat("yyyy-MM-dd'T'HH:mm:ss.SSS").format(new Date())}</v11:timestamp>
         </v1:messageContext>
         <v1:legalContext>ServiceIntegrator</v1:legalContext>
         <v1:request>
            <v12:iso-alpha2>AU</v12:iso-alpha2>
            <v12:referenceDate>2016-10-10</v12:referenceDate>
         </v1:request>
      </v1:getAddressCountryHistoryRequest>
   </soapenv:Body>
</soapenv:Envelope>]]></con:request><con:assertion type="SOAP Fault Assertion" id="435c7f0f-71db-4af7-8363-42a7c6ea553c" name="Not SOAP Fault"/><con:assertion type="SOAP Response" id="6293913c-d784-4046-81be-b42b91c4b644" name="SOAP Response"/><con:assertion type="Schema Compliance" id="0a0c307e-bb7c-47a8-aea9-2aa260e1460e" name="Schema Compliance"><con:configuration/></con:assertion><con:wsaConfig action="http://fidus.brussels/services/countryservice/getAddressCountryHistory"/></con:request></con:config></con:testStep><con:properties/></con:testCase><con:testCase id="9c3b39b4-bf6a-4b7c-88a1-ea21fcb166e9" failOnError="true" failTestCaseOnErrors="true" keepSession="false" maxResults="0" name="getAllIsoCodes" searchProperties="true"><con:settings/><con:testStep type="request" id="3a6ea6f5-7d15-4b11-8cb6-63f595d76440" name="testcase04 - Staging External - Request"><con:settings/><con:config xsi:type="con:RequestStep" xmlns:xsi="http://www.w3.org/2001/XMLSchema-instance"><con:interface>CountryServiceHTTPBinding</con:interface><con:operation>getAllIsoCodes</con:operation><con:request name="testcase04 - Staging External - Request" id="523bc379-bed0-4fda-a596-219f8c53c144" outgoingWss="Outflow STAG"><con:settings/><con:encoding>UTF-8</con:encoding><con:endpoint>https://fidus.irisnetlab.be/services/CountryService_v1.0</con:endpoint><con:request><![CDATA[<soapenv:Envelope xmlns:soapenv="http://schemas.xmlsoap.org/soap/envelope/" xmlns:v1="http://fidus.brussels/service/countryservice/messages/v1" xmlns:v11="http://fidus.brussels/type/common/messages/v1">
   <soapenv:Header/>
   <soapenv:Body>
      <v1:getAllIsoCodesRequest>
         <v1:messageContext>
         	  <v11:messageId>${=import static java.util.UUID.randomUUID; uuid = randomUUID() as String}</v11:messageId>
            <v11:timestamp>${=new java.text.SimpleDateFormat("yyyy-MM-dd'T'HH:mm:ss.SSS").format(new Date())}</v11:timestamp>
         </v1:messageContext>
         <v1:legalContext>ServiceIntegrator</v1:legalContext>
         <v1:request>
            <!--Optional:-->
            <v1:referenceDate>2016-10-06</v1:referenceDate>
         </v1:request>
      </v1:getAllIsoCodesRequest>
   </soapenv:Body>
</soapenv:Envelope>]]></con:request><con:assertion type="SOAP Fault Assertion" id="04a9d3ff-b329-4127-b085-99b9c746bac9" name="Not SOAP Fault"/><con:assertion type="SOAP Response" id="cef33695-6a3e-4eac-8e2a-a7452c4d2526" name="SOAP Response"/><con:assertion type="Schema Compliance" id="17ed74e1-41fb-4aae-9743-f9a3a69e5fe5" name="Schema Compliance"><con:configuration/></con:assertion><con:wsaConfig action="http://fidus.brussels/services/countryservice/getAllIsoCodes"/></con:request></con:config></con:testStep><con:testStep type="request" id="16ccb51d-b657-4929-84ec-43cb004f877b" name="testcase04 - Staging LB - Request"><con:settings/><con:config xsi:type="con:RequestStep" xmlns:xsi="http://www.w3.org/2001/XMLSchema-instance"><con:interface>CountryServiceHTTPBinding</con:interface><con:operation>getAllIsoCodes</con:operation><con:request name="testcase04 - Staging LB - Request" id="760e5e69-f190-49e5-b049-e10a4b44c1bf" outgoingWss="Outflow STAG"><con:settings/><con:encoding>UTF-8</con:encoding><con:endpoint>https://fidus-esb-sg.sta.srv.cirb.lan:8443/services/CountryService_v1.0</con:endpoint><con:request><![CDATA[<soapenv:Envelope xmlns:soapenv="http://schemas.xmlsoap.org/soap/envelope/" xmlns:v1="http://fidus.brussels/service/countryservice/messages/v1" xmlns:v11="http://fidus.brussels/type/common/messages/v1">
   <soapenv:Header/>
   <soapenv:Body>
      <v1:getAllIsoCodesRequest>
         <v1:messageContext>
         	  <v11:messageId>${=import static java.util.UUID.randomUUID; uuid = randomUUID() as String}</v11:messageId>
            <v11:timestamp>${=new java.text.SimpleDateFormat("yyyy-MM-dd'T'HH:mm:ss.SSS").format(new Date())}</v11:timestamp>
         </v1:messageContext>
         <v1:legalContext>ServiceIntegrator</v1:legalContext>
         <v1:request>
            <!--Optional:-->
            <v1:referenceDate>2016-10-06</v1:referenceDate>
         </v1:request>
      </v1:getAllIsoCodesRequest>
   </soapenv:Body>
</soapenv:Envelope>]]></con:request><con:assertion type="SOAP Fault Assertion" id="f79e1e2c-3334-4050-a3df-0b6fb6748d9e" name="Not SOAP Fault"/><con:assertion type="SOAP Response" id="e741a4dd-5025-4a7a-896a-d0524b62e45a" name="SOAP Response"/><con:assertion type="Schema Compliance" id="8ccdaaf9-ebd6-4286-ace8-fda80644e028" name="Schema Compliance"><con:configuration/></con:assertion><con:wsaConfig action="http://fidus.brussels/services/countryservice/getAllIsoCodes"/></con:request></con:config></con:testStep><con:testStep type="request" id="982b4ff1-c16e-4a87-b2aa-436238c0aade" name="testcase04 - Staging Worker1 - Request"><con:settings/><con:config xsi:type="con:RequestStep" xmlns:xsi="http://www.w3.org/2001/XMLSchema-instance"><con:interface>CountryServiceHTTPBinding</con:interface><con:operation>getAllIsoCodes</con:operation><con:request name="testcase04 - Staging Worker1 - Request" id="4f356b1b-c86b-420d-b84c-f0cbbab48139" outgoingWss="Outflow STAG"><con:settings/><con:encoding>UTF-8</con:encoding><con:endpoint>https://192.168.24.16:8443/services/CountryService_v1.0</con:endpoint><con:request><![CDATA[<soapenv:Envelope xmlns:soapenv="http://schemas.xmlsoap.org/soap/envelope/" xmlns:v1="http://fidus.brussels/service/countryservice/messages/v1" xmlns:v11="http://fidus.brussels/type/common/messages/v1">
   <soapenv:Header/>
   <soapenv:Body>
      <v1:getAllIsoCodesRequest>
         <v1:messageContext>
         	  <v11:messageId>${=import static java.util.UUID.randomUUID; uuid = randomUUID() as String}</v11:messageId>
            <v11:timestamp>${=new java.text.SimpleDateFormat("yyyy-MM-dd'T'HH:mm:ss.SSS").format(new Date())}</v11:timestamp>
         </v1:messageContext>
         <v1:legalContext>ServiceIntegrator</v1:legalContext>
         <v1:request>
            <!--Optional:-->
            <v1:referenceDate>2016-10-06</v1:referenceDate>
         </v1:request>
      </v1:getAllIsoCodesRequest>
   </soapenv:Body>
</soapenv:Envelope>]]></con:request><con:assertion type="SOAP Fault Assertion" id="6b5a53fe-9aee-424a-a5c4-058869f81048" name="Not SOAP Fault"/><con:assertion type="SOAP Response" id="60b2ed94-3928-49a3-aa08-a1eb4184a0d3" name="SOAP Response"/><con:assertion type="Schema Compliance" id="15cd32d9-7380-4347-92ee-fb1ce9e590fc" name="Schema Compliance"><con:configuration/></con:assertion><con:wsaConfig action="http://fidus.brussels/services/countryservice/getAllIsoCodes"/></con:request></con:config></con:testStep><con:testStep type="request" id="a534a32e-cdaa-4b47-be30-cb6524e3d10e" name="testcase04 - Staging Worker2 - Request"><con:settings/><con:config xsi:type="con:RequestStep" xmlns:xsi="http://www.w3.org/2001/XMLSchema-instance"><con:interface>CountryServiceHTTPBinding</con:interface><con:operation>getAllIsoCodes</con:operation><con:request name="testcase04 - Staging Worker2 - Request" id="c48f9313-ad97-41cc-826b-ab92d48f8308" outgoingWss="Outflow STAG"><con:settings/><con:encoding>UTF-8</con:encoding><con:endpoint>https://192.168.24.17:8443/services/CountryService_v1.0</con:endpoint><con:request><![CDATA[<soapenv:Envelope xmlns:soapenv="http://schemas.xmlsoap.org/soap/envelope/" xmlns:v1="http://fidus.brussels/service/countryservice/messages/v1" xmlns:v11="http://fidus.brussels/type/common/messages/v1">
   <soapenv:Header/>
   <soapenv:Body>
      <v1:getAllIsoCodesRequest>
         <v1:messageContext>
         	  <v11:messageId>${=import static java.util.UUID.randomUUID; uuid = randomUUID() as String}</v11:messageId>
            <v11:timestamp>${=new java.text.SimpleDateFormat("yyyy-MM-dd'T'HH:mm:ss.SSS").format(new Date())}</v11:timestamp>
         </v1:messageContext>
         <v1:legalContext>ServiceIntegrator</v1:legalContext>
         <v1:request>
            <!--Optional:-->
            <v1:referenceDate>2016-10-06</v1:referenceDate>
         </v1:request>
      </v1:getAllIsoCodesRequest>
   </soapenv:Body>
</soapenv:Envelope>]]></con:request><con:assertion type="SOAP Fault Assertion" id="4244aa35-c383-4900-9266-eac7d3413a94" name="Not SOAP Fault"/><con:assertion type="SOAP Response" id="ec66b286-bf88-4a30-b057-e7cabe5b2fc1" name="SOAP Response"/><con:assertion type="Schema Compliance" id="dcb1c319-8769-44e7-bb6a-2ed83e3df3bd" name="Schema Compliance"><con:configuration/></con:assertion><con:wsaConfig action="http://fidus.brussels/services/countryservice/getAllIsoCodes"/></con:request></con:config></con:testStep><con:properties/></con:testCase><con:testCase id="4c40d095-89ca-4646-85a8-2ae6787da219" failOnError="true" failTestCaseOnErrors="true" keepSession="false" maxResults="0" name="getAllNisCodes" searchProperties="true"><con:settings/><con:testStep type="request" id="72dfee29-febb-4079-959f-1a4781786cea" name="testcase04 - Staging External - Request"><con:settings/><con:config xsi:type="con:RequestStep" xmlns:xsi="http://www.w3.org/2001/XMLSchema-instance"><con:interface>CountryServiceHTTPBinding</con:interface><con:operation>getAllNisCodes</con:operation><con:request name="testcase04 - Staging External - Request" id="5cd4b2bc-b87a-4e88-9454-80b31241958e" outgoingWss="Outflow STAG"><con:settings/><con:encoding>UTF-8</con:encoding><con:endpoint>https://fidus.irisnetlab.be/services/CountryService_v1.0</con:endpoint><con:request><![CDATA[<soapenv:Envelope xmlns:soapenv="http://schemas.xmlsoap.org/soap/envelope/" xmlns:v1="http://fidus.brussels/service/countryservice/messages/v1" xmlns:v11="http://fidus.brussels/type/common/messages/v1">
   <soapenv:Header/>
   <soapenv:Body>
      <v1:getAllNisCodesRequest>
         <v1:messageContext>
            <v11:messageId>${=import static java.util.UUID.randomUUID; uuid = randomUUID() as String}</v11:messageId>            
            <v11:timestamp>${=new java.text.SimpleDateFormat("yyyy-MM-dd'T'HH:mm:ss.SSS").format(new Date())}</v11:timestamp>
         </v1:messageContext>
         <v1:legalContext>ServiceIntegrator</v1:legalContext>
         <v1:request>
            <!--Optional:-->
            <v1:referenceDate>2016-10-13</v1:referenceDate>
         </v1:request>
      </v1:getAllNisCodesRequest>
   </soapenv:Body>
</soapenv:Envelope>]]></con:request><con:assertion type="SOAP Fault Assertion" id="be39f855-93be-4808-ac90-0f0b801bfec9" name="Not SOAP Fault"/><con:assertion type="SOAP Response" id="d234b147-70f0-45a9-abe3-7cb3c59390f0" name="SOAP Response"/><con:assertion type="Schema Compliance" id="096b5041-2977-454c-b5d0-4aab526c6401" name="Schema Compliance"><con:configuration/></con:assertion><con:wsaConfig action="http://fidus.brussels/services/countryservice/getAllNisCodes"/></con:request></con:config></con:testStep><con:testStep type="request" id="aaeb0ca6-c88b-40a7-bf95-a592f78c24b7" name="testcase04 - Staging LB - Request"><con:settings/><con:config xsi:type="con:RequestStep" xmlns:xsi="http://www.w3.org/2001/XMLSchema-instance"><con:interface>CountryServiceHTTPBinding</con:interface><con:operation>getAllNisCodes</con:operation><con:request name="testcase04 - Staging LB - Request" id="a079d8a2-dea6-4de5-88c7-84b2c376a82f" outgoingWss="Outflow STAG"><con:settings/><con:encoding>UTF-8</con:encoding><con:endpoint>https://fidus-esb-sg.sta.srv.cirb.lan:8443/services/CountryService_v1.0</con:endpoint><con:request><![CDATA[<soapenv:Envelope xmlns:soapenv="http://schemas.xmlsoap.org/soap/envelope/" xmlns:v1="http://fidus.brussels/service/countryservice/messages/v1" xmlns:v11="http://fidus.brussels/type/common/messages/v1">
   <soapenv:Header/>
   <soapenv:Body>
      <v1:getAllNisCodesRequest>
         <v1:messageContext>
            <v11:messageId>${=import static java.util.UUID.randomUUID; uuid = randomUUID() as String}</v11:messageId>            
            <v11:timestamp>${=new java.text.SimpleDateFormat("yyyy-MM-dd'T'HH:mm:ss.SSS").format(new Date())}</v11:timestamp>
         </v1:messageContext>
         <v1:legalContext>ServiceIntegrator</v1:legalContext>
         <v1:request>
            <!--Optional:-->
            <v1:referenceDate>2016-10-13</v1:referenceDate>
         </v1:request>
      </v1:getAllNisCodesRequest>
   </soapenv:Body>
</soapenv:Envelope>]]></con:request><con:assertion type="SOAP Fault Assertion" id="29885d4d-9eb2-4d97-9d68-396217eecf57" name="Not SOAP Fault"/><con:assertion type="SOAP Response" id="f9fc12ff-b8bf-43d3-ab45-dd6e5690466c" name="SOAP Response"/><con:assertion type="Schema Compliance" id="8067bca4-bb92-492a-86cb-04a08f27e8b3" name="Schema Compliance"><con:configuration/></con:assertion><con:wsaConfig action="http://fidus.brussels/services/countryservice/getAllNisCodes"/></con:request></con:config></con:testStep><con:testStep type="request" id="cd3ea407-3037-4e79-acae-69f4e1c5d52b" name="testcase04 - Staging Worker1 - Request"><con:settings/><con:config xsi:type="con:RequestStep" xmlns:xsi="http://www.w3.org/2001/XMLSchema-instance"><con:interface>CountryServiceHTTPBinding</con:interface><con:operation>getAllNisCodes</con:operation><con:request name="testcase04 - Staging Worker1 - Request" id="7976fe99-bde5-4779-9c32-5d01186d8bc7" outgoingWss="Outflow STAG"><con:settings/><con:encoding>UTF-8</con:encoding><con:endpoint>https://192.168.24.16:8443/services/CountryService_v1.0</con:endpoint><con:request><![CDATA[<soapenv:Envelope xmlns:soapenv="http://schemas.xmlsoap.org/soap/envelope/" xmlns:v1="http://fidus.brussels/service/countryservice/messages/v1" xmlns:v11="http://fidus.brussels/type/common/messages/v1">
   <soapenv:Header/>
   <soapenv:Body>
      <v1:getAllNisCodesRequest>
         <v1:messageContext>
            <v11:messageId>${=import static java.util.UUID.randomUUID; uuid = randomUUID() as String}</v11:messageId>            
            <v11:timestamp>${=new java.text.SimpleDateFormat("yyyy-MM-dd'T'HH:mm:ss.SSS").format(new Date())}</v11:timestamp>
         </v1:messageContext>
         <v1:legalContext>ServiceIntegrator</v1:legalContext>
         <v1:request>
            <!--Optional:-->
            <v1:referenceDate>2016-10-13</v1:referenceDate>
         </v1:request>
      </v1:getAllNisCodesRequest>
   </soapenv:Body>
</soapenv:Envelope>]]></con:request><con:assertion type="SOAP Fault Assertion" id="a7e88879-7ea7-4a52-8943-cd5387be90c0" name="Not SOAP Fault"/><con:assertion type="SOAP Response" id="29cd239c-8132-4f68-b89d-9bca861acdcb" name="SOAP Response"/><con:assertion type="Schema Compliance" id="1fdea3f1-83d6-49f3-b2ce-d7fdb6b7f808" name="Schema Compliance"><con:configuration/></con:assertion><con:wsaConfig action="http://fidus.brussels/services/countryservice/getAllNisCodes"/></con:request></con:config></con:testStep><con:properties/></con:testCase><con:properties/></con:testSuite><con:testSuite id="250f06e5-5a27-4021-a27a-db8140e8acd8" name="PROD"><con:settings/><con:runType>SEQUENTIAL</con:runType><con:testCase id="c6f4aa87-b87c-4480-8af4-702e2733ebbc" failOnError="true" failTestCaseOnErrors="true" keepSession="false" maxResults="0" name="getAddressCountries" searchProperties="true"><con:settings/><con:testStep type="request" id="d21b43d0-2312-4ae7-8d97-4e14e6d95620" name="testcase05 - Prod - External - Request"><con:settings/><con:config xsi:type="con:RequestStep" xmlns:xsi="http://www.w3.org/2001/XMLSchema-instance"><con:interface>CountryServiceHTTPBinding</con:interface><con:operation>getAddressCountries</con:operation><con:request name="testcase05 - Prod - External - Request" id="4e492269-e407-487f-ad6a-09ac07ee225f" outgoingWss="Outflow PROD"><con:settings/><con:encoding>UTF-8</con:encoding><con:endpoint>https://fidus.sec.brussels/services/CountryService_v1.0</con:endpoint><con:request><![CDATA[<soapenv:Envelope xmlns:soapenv="http://schemas.xmlsoap.org/soap/envelope/" xmlns:v1="http://fidus.brussels/service/countryservice/messages/v1" xmlns:v11="http://fidus.brussels/type/common/messages/v1">
   <soapenv:Header/>
   <soapenv:Body>
      <v1:getAddressCountriesRequest>
         <v1:messageContext>
            <v11:messageId>${=import static java.util.UUID.randomUUID; uuid = randomUUID() as String}</v11:messageId>
            <!--Optional:-->
            <v11:timestamp>${=new java.text.SimpleDateFormat("yyyy-MM-dd'T'HH:mm:ss.SSS").format(new Date())}</v11:timestamp>
         </v1:messageContext>
         <v1:legalContext>ServiceIntegrator</v1:legalContext>
         <v1:request>
            <!--Optional:-->
            <v1:referenceDate>2016-10-10</v1:referenceDate>
         </v1:request>
      </v1:getAddressCountriesRequest>
   </soapenv:Body>
</soapenv:Envelope>]]></con:request><con:assertion type="SOAP Fault Assertion" id="f75dae50-2067-4e87-9fd4-0ea4e295f7ab" name="Not SOAP Fault"/><con:assertion type="SOAP Response" id="4fd5f63e-2858-4ae7-80c7-c6da25615a13" name="SOAP Response"/><con:assertion type="Schema Compliance" id="0d427207-8327-4595-8147-2ef3c69bd827" name="Schema Compliance"><con:configuration/></con:assertion><con:wsaConfig action="http://fidus.brussels/services/countryservice/getAddressCountries"/></con:request></con:config></con:testStep><con:properties/></con:testCase><con:properties/></con:testSuite><con:mockService id="e7b5b492-1b93-4acf-83cd-076b2e7f90f9" port="8088" path="/mockCountryServiceHTTPBinding" host="localhost.localdomain" name="MockService 1"><con:settings><con:setting id="com.eviware.soapui.impl.wsdl.mock.WsdlMockService@require-soap-action">false</con:setting></con:settings><con:properties/><con:mockOperation name="getAddressCountries" id="d1400dcd-ece1-4001-8ea5-d9223066eff2" interface="CountryServiceHTTPBinding" operation="getAddressCountries"><con:settings/><con:defaultResponse>Response 1</con:defaultResponse><con:dispatchStyle>SEQUENCE</con:dispatchStyle><con:response name="Response 1" id="201f837e-76a7-4324-b386-b5ced6e196d2" httpResponseStatus="200" encoding="UTF-8"><con:settings/><con:responseContent><![CDATA[<soapenv:Envelope xmlns:soapenv="http://schemas.xmlsoap.org/soap/envelope/" xmlns:v1="http://fidus.brussels/service/countryservice/messages/v1" xmlns:v11="http://fidus.brussels/type/common/messages/v1" xmlns:v12="http://fsb.belgium.be/mappingServices/countryService/messages/v1_00" xmlns:v13="http://fsb.belgium.be/mappingServices/data/country/v1_00" xmlns:v14="http://fidus.brussels/type/common/exceptions/v1">
   <soapenv:Header/>
   <soapenv:Body>
      <v1:getAddressCountriesResponse>
         <v1:messageContext>
            <v11:messageId>?</v11:messageId>
            <v11:transactionId>?</v11:transactionId>
            <!--Optional:-->
            <v11:timestamp>?</v11:timestamp>
         </v1:messageContext>
         <!--Optional:-->
         <v1:responses>
            <!--Zero or more repetitions:-->
            <v12:addressCountry startDate="?" endDate="?" version="?" modificationDate="?">
               <!--1 or more repetitions:-->
               <v12:name language="?" shortName="?">?</v12:name>
               <v12:mainTerritory startDate="?" endDate="?">
                  <!--1 or more repetitions:-->
                  <v13:name language="?" shortName="?">?</v13:name>
                  <!--Optional:-->
                  <v13:iso>
                     <!--1 or more repetitions:-->
                     <v13:name language="?" shortName="?">?</v13:name>
                     <!--1 or more repetitions:-->
                     <v13:iso-alpha2 startDate="?" endDate="?" status="?">?</v13:iso-alpha2>
                     <!--1 or more repetitions:-->
                     <v13:iso-alpha3 startDate="?" endDate="?" status="?">?</v13:iso-alpha3>
                     <!--1 or more repetitions:-->
                     <v13:iso-numeric3 startDate="?" endDate="?" status="?">?</v13:iso-numeric3>
                  </v13:iso>
                  <!--Optional:-->
                  <v13:nis>
                     <!--1 or more repetitions:-->
                     <v13:name language="?" shortName="?">?</v13:name>
                     <!--1 or more repetitions:-->
                     <v13:nis-numeric3 startDate="?" endDate="?" status="?">?</v13:nis-numeric3>
                  </v13:nis>
                  <!--Zero or more repetitions:-->
                  <v13:subTerritory/>
               </v12:mainTerritory>
               <!--Zero or more repetitions:-->
               <v12:subTerritory startDate="?" endDate="?">
                  <!--1 or more repetitions:-->
                  <v13:name language="?" shortName="?">?</v13:name>
                  <!--Optional:-->
                  <v13:iso>
                     <!--1 or more repetitions:-->
                     <v13:name language="?" shortName="?">?</v13:name>
                     <!--1 or more repetitions:-->
                     <v13:iso-alpha2 startDate="?" endDate="?" status="?">?</v13:iso-alpha2>
                     <!--1 or more repetitions:-->
                     <v13:iso-alpha3 startDate="?" endDate="?" status="?">?</v13:iso-alpha3>
                     <!--1 or more repetitions:-->
                     <v13:iso-numeric3 startDate="?" endDate="?" status="?">?</v13:iso-numeric3>
                  </v13:iso>
                  <!--Optional:-->
                  <v13:nis>
                     <!--1 or more repetitions:-->
                     <v13:name language="?" shortName="?">?</v13:name>
                     <!--1 or more repetitions:-->
                     <v13:nis-numeric3 startDate="?" endDate="?" status="?">?</v13:nis-numeric3>
                  </v13:nis>
                  <!--Zero or more repetitions:-->
                  <v13:subTerritory/>
               </v12:subTerritory>
            </v12:addressCountry>
         </v1:responses>
         <!--Optional:-->
         <v1:exceptions>
            <!--1 or more repetitions:-->
            <v14:exception>
               <v14:type>?</v14:type>
               <v14:code>?</v14:code>
               <v14:source>?</v14:source>
               <v14:description>?</v14:description>
            </v14:exception>
         </v1:exceptions>
      </v1:getAddressCountriesResponse>
   </soapenv:Body>
</soapenv:Envelope>]]></con:responseContent><con:wsaConfig mustUnderstand="NONE" version="200508" action="http://fidus.brussels/services/countryservice/getAddressCountries"/></con:response><con:dispatchConfig/></con:mockOperation><con:mockOperation name="getAddressCountry" id="4124c89d-4969-4077-99a1-0df5775a1be1" interface="CountryServiceHTTPBinding" operation="getAddressCountry"><con:settings/><con:defaultResponse>Response 1</con:defaultResponse><con:dispatchStyle>SEQUENCE</con:dispatchStyle><con:response name="Response 1" id="532abf9e-241b-4713-88a1-c0e40280849b" httpResponseStatus="200" encoding="UTF-8"><con:settings/><con:responseContent><![CDATA[<soapenv:Envelope xmlns:soapenv="http://schemas.xmlsoap.org/soap/envelope/" xmlns:v1="http://fidus.brussels/service/countryservice/messages/v1" xmlns:v11="http://fidus.brussels/type/common/messages/v1" xmlns:v12="http://fsb.belgium.be/mappingServices/countryService/messages/v1_00" xmlns:v13="http://fsb.belgium.be/mappingServices/data/country/v1_00" xmlns:v14="http://fidus.brussels/type/common/exceptions/v1">
   <soapenv:Header/>
   <soapenv:Body>
      <v1:getAddressCountryResponse>
         <v1:messageContext>
            <v11:messageId>?</v11:messageId>
            <v11:transactionId>?</v11:transactionId>
            <!--Optional:-->
            <v11:timestamp>?</v11:timestamp>
         </v1:messageContext>
         <!--Optional:-->
         <v1:responses>
            <!--Zero or more repetitions:-->
            <v12:addressCountry startDate="?" endDate="?" version="?" modificationDate="?">
               <!--1 or more repetitions:-->
               <v12:name language="?" shortName="?">?</v12:name>
               <v12:mainTerritory startDate="?" endDate="?">
                  <!--1 or more repetitions:-->
                  <v13:name language="?" shortName="?">?</v13:name>
                  <!--Optional:-->
                  <v13:iso>
                     <!--1 or more repetitions:-->
                     <v13:name language="?" shortName="?">?</v13:name>
                     <!--1 or more repetitions:-->
                     <v13:iso-alpha2 startDate="?" endDate="?" status="?">?</v13:iso-alpha2>
                     <!--1 or more repetitions:-->
                     <v13:iso-alpha3 startDate="?" endDate="?" status="?">?</v13:iso-alpha3>
                     <!--1 or more repetitions:-->
                     <v13:iso-numeric3 startDate="?" endDate="?" status="?">?</v13:iso-numeric3>
                  </v13:iso>
                  <!--Optional:-->
                  <v13:nis>
                     <!--1 or more repetitions:-->
                     <v13:name language="?" shortName="?">?</v13:name>
                     <!--1 or more repetitions:-->
                     <v13:nis-numeric3 startDate="?" endDate="?" status="?">?</v13:nis-numeric3>
                  </v13:nis>
                  <!--Zero or more repetitions:-->
                  <v13:subTerritory/>
               </v12:mainTerritory>
               <!--Zero or more repetitions:-->
               <v12:subTerritory startDate="?" endDate="?">
                  <!--1 or more repetitions:-->
                  <v13:name language="?" shortName="?">?</v13:name>
                  <!--Optional:-->
                  <v13:iso>
                     <!--1 or more repetitions:-->
                     <v13:name language="?" shortName="?">?</v13:name>
                     <!--1 or more repetitions:-->
                     <v13:iso-alpha2 startDate="?" endDate="?" status="?">?</v13:iso-alpha2>
                     <!--1 or more repetitions:-->
                     <v13:iso-alpha3 startDate="?" endDate="?" status="?">?</v13:iso-alpha3>
                     <!--1 or more repetitions:-->
                     <v13:iso-numeric3 startDate="?" endDate="?" status="?">?</v13:iso-numeric3>
                  </v13:iso>
                  <!--Optional:-->
                  <v13:nis>
                     <!--1 or more repetitions:-->
                     <v13:name language="?" shortName="?">?</v13:name>
                     <!--1 or more repetitions:-->
                     <v13:nis-numeric3 startDate="?" endDate="?" status="?">?</v13:nis-numeric3>
                  </v13:nis>
                  <!--Zero or more repetitions:-->
                  <v13:subTerritory/>
               </v12:subTerritory>
            </v12:addressCountry>
         </v1:responses>
         <!--Optional:-->
         <v1:exceptions>
            <!--1 or more repetitions:-->
            <v14:exception>
               <v14:type>?</v14:type>
               <v14:code>?</v14:code>
               <v14:source>?</v14:source>
               <v14:description>?</v14:description>
            </v14:exception>
         </v1:exceptions>
      </v1:getAddressCountryResponse>
   </soapenv:Body>
</soapenv:Envelope>]]></con:responseContent><con:wsaConfig mustUnderstand="NONE" version="200508" action="http://fidus.brussels/services/countryservice/getAddressCountry"/></con:response><con:dispatchConfig/></con:mockOperation><con:mockOperation name="getAddressCountryHistory" id="0689d7d3-e3e4-4afb-b96a-9358122f80e9" interface="CountryServiceHTTPBinding" operation="getAddressCountryHistory"><con:settings/><con:defaultResponse>Response 1</con:defaultResponse><con:dispatchStyle>SEQUENCE</con:dispatchStyle><con:response name="Response 1" id="630efd82-0295-4560-9c41-2532bd73d4fd" httpResponseStatus="200" encoding="UTF-8"><con:settings/><con:responseContent><![CDATA[<soapenv:Envelope xmlns:soapenv="http://schemas.xmlsoap.org/soap/envelope/" xmlns:v1="http://fidus.brussels/service/countryservice/messages/v1" xmlns:v11="http://fidus.brussels/type/common/messages/v1" xmlns:v12="http://fsb.belgium.be/mappingServices/countryService/messages/v1_00" xmlns:v13="http://fsb.belgium.be/mappingServices/data/country/v1_00" xmlns:v14="http://fidus.brussels/type/common/exceptions/v1">
   <soapenv:Header/>
   <soapenv:Body>
      <v1:getAddressCountryHistoryResponse>
         <v1:messageContext>
            <v11:messageId>?</v11:messageId>
            <v11:transactionId>?</v11:transactionId>
            <!--Optional:-->
            <v11:timestamp>?</v11:timestamp>
         </v1:messageContext>
         <!--Optional:-->
         <v1:responses>
            <!--Zero or more repetitions:-->
            <v12:addressCountry startDate="?" endDate="?" version="?" modificationDate="?">
               <!--1 or more repetitions:-->
               <v12:name language="?" shortName="?">?</v12:name>
               <v12:mainTerritory startDate="?" endDate="?">
                  <!--1 or more repetitions:-->
                  <v13:name language="?" shortName="?">?</v13:name>
                  <!--Optional:-->
                  <v13:iso>
                     <!--1 or more repetitions:-->
                     <v13:name language="?" shortName="?">?</v13:name>
                     <!--1 or more repetitions:-->
                     <v13:iso-alpha2 startDate="?" endDate="?" status="?">?</v13:iso-alpha2>
                     <!--1 or more repetitions:-->
                     <v13:iso-alpha3 startDate="?" endDate="?" status="?">?</v13:iso-alpha3>
                     <!--1 or more repetitions:-->
                     <v13:iso-numeric3 startDate="?" endDate="?" status="?">?</v13:iso-numeric3>
                  </v13:iso>
                  <!--Optional:-->
                  <v13:nis>
                     <!--1 or more repetitions:-->
                     <v13:name language="?" shortName="?">?</v13:name>
                     <!--1 or more repetitions:-->
                     <v13:nis-numeric3 startDate="?" endDate="?" status="?">?</v13:nis-numeric3>
                  </v13:nis>
                  <!--Zero or more repetitions:-->
                  <v13:subTerritory/>
               </v12:mainTerritory>
               <!--Zero or more repetitions:-->
               <v12:subTerritory startDate="?" endDate="?">
                  <!--1 or more repetitions:-->
                  <v13:name language="?" shortName="?">?</v13:name>
                  <!--Optional:-->
                  <v13:iso>
                     <!--1 or more repetitions:-->
                     <v13:name language="?" shortName="?">?</v13:name>
                     <!--1 or more repetitions:-->
                     <v13:iso-alpha2 startDate="?" endDate="?" status="?">?</v13:iso-alpha2>
                     <!--1 or more repetitions:-->
                     <v13:iso-alpha3 startDate="?" endDate="?" status="?">?</v13:iso-alpha3>
                     <!--1 or more repetitions:-->
                     <v13:iso-numeric3 startDate="?" endDate="?" status="?">?</v13:iso-numeric3>
                  </v13:iso>
                  <!--Optional:-->
                  <v13:nis>
                     <!--1 or more repetitions:-->
                     <v13:name language="?" shortName="?">?</v13:name>
                     <!--1 or more repetitions:-->
                     <v13:nis-numeric3 startDate="?" endDate="?" status="?">?</v13:nis-numeric3>
                  </v13:nis>
                  <!--Zero or more repetitions:-->
                  <v13:subTerritory/>
               </v12:subTerritory>
            </v12:addressCountry>
         </v1:responses>
         <!--Optional:-->
         <v1:exceptions>
            <!--1 or more repetitions:-->
            <v14:exception>
               <v14:type>?</v14:type>
               <v14:code>?</v14:code>
               <v14:source>?</v14:source>
               <v14:description>?</v14:description>
            </v14:exception>
         </v1:exceptions>
      </v1:getAddressCountryHistoryResponse>
   </soapenv:Body>
</soapenv:Envelope>]]></con:responseContent><con:wsaConfig mustUnderstand="NONE" version="200508" action="http://fidus.brussels/services/countryservice/getAddressCountryHistory"/></con:response><con:dispatchConfig/></con:mockOperation><con:mockOperation name="getAllIsoCodes" id="8edf3599-6636-43be-8265-b8d1cd069eb8" interface="CountryServiceHTTPBinding" operation="getAllIsoCodes"><con:settings/><con:defaultResponse>Response 1</con:defaultResponse><con:dispatchStyle>SEQUENCE</con:dispatchStyle><con:response name="Response 1" id="c78b80d3-4a5a-4afd-ba90-aa1340b810b4" httpResponseStatus="200" encoding="UTF-8"><con:settings/><con:responseContent><![CDATA[<soapenv:Envelope xmlns:soapenv="http://schemas.xmlsoap.org/soap/envelope/" xmlns:v1="http://fidus.brussels/service/countryservice/messages/v1" xmlns:v11="http://fidus.brussels/type/common/messages/v1" xmlns:v12="http://fsb.belgium.be/mappingServices/data/country/v1_00" xmlns:v13="http://fidus.brussels/type/common/exceptions/v1">
   <soapenv:Header/>
   <soapenv:Body>
      <v1:getAllIsoCodesResponse>
         <v1:messageContext>
            <v11:messageId>?</v11:messageId>
            <v11:transactionId>?</v11:transactionId>
            <!--Optional:-->
            <v11:timestamp>?</v11:timestamp>
         </v1:messageContext>
         <!--Optional:-->
         <v1:responses>
            <v1:response>
               <!--Zero or more repetitions:-->
               <v1:iso>
                  <!--1 or more repetitions:-->
                  <v12:name language="?" shortName="?">?</v12:name>
                  <!--1 or more repetitions:-->
                  <v12:iso-alpha2 startDate="?" endDate="?" status="?">?</v12:iso-alpha2>
                  <!--1 or more repetitions:-->
                  <v12:iso-alpha3 startDate="?" endDate="?" status="?">?</v12:iso-alpha3>
                  <!--1 or more repetitions:-->
                  <v12:iso-numeric3 startDate="?" endDate="?" status="?">?</v12:iso-numeric3>
               </v1:iso>
               <!--Optional:-->
               <v1:exceptions>
                  <!--1 or more repetitions:-->
                  <v13:exception>
                     <v13:type>?</v13:type>
                     <v13:code>?</v13:code>
                     <v13:source>?</v13:source>
                     <v13:description>?</v13:description>
                  </v13:exception>
               </v1:exceptions>
            </v1:response>
         </v1:responses>
         <!--Optional:-->
         <v1:exceptions>
            <!--1 or more repetitions:-->
            <v13:exception>
               <v13:type>?</v13:type>
               <v13:code>?</v13:code>
               <v13:source>?</v13:source>
               <v13:description>?</v13:description>
            </v13:exception>
         </v1:exceptions>
      </v1:getAllIsoCodesResponse>
   </soapenv:Body>
</soapenv:Envelope>]]></con:responseContent><con:wsaConfig mustUnderstand="NONE" version="200508" action="http://fidus.brussels/services/countryservice/getAllIsoCodes"/></con:response><con:dispatchConfig/></con:mockOperation><con:mockOperation name="getAllNisCodes" id="8676ae50-3d1f-40cf-9f10-9a84d9f2973d" interface="CountryServiceHTTPBinding" operation="getAllNisCodes"><con:settings/><con:defaultResponse>Response 1</con:defaultResponse><con:dispatchStyle>SEQUENCE</con:dispatchStyle><con:response name="Response 1" id="e28f71fa-2d4a-4784-910c-1038f3b6a87e" httpResponseStatus="200" encoding="UTF-8"><con:settings/><con:responseContent><![CDATA[<soapenv:Envelope xmlns:soapenv="http://schemas.xmlsoap.org/soap/envelope/" xmlns:v1="http://fidus.brussels/service/countryservice/messages/v1" xmlns:v11="http://fidus.brussels/type/common/messages/v1" xmlns:v12="http://fsb.belgium.be/mappingServices/data/country/v1_00" xmlns:v13="http://fidus.brussels/type/common/exceptions/v1">
   <soapenv:Header/>
   <soapenv:Body>
      <v1:getAllNisCodesResponse>
         <v1:messageContext>
            <v11:messageId>?</v11:messageId>
            <v11:transactionId>?</v11:transactionId>
            <!--Optional:-->
            <v11:timestamp>?</v11:timestamp>
         </v1:messageContext>
         <!--Optional:-->
         <v1:responses>
            <v1:response>
               <!--Zero or more repetitions:-->
               <v1:nis>
                  <!--1 or more repetitions:-->
                  <v12:name language="?" shortName="?">?</v12:name>
                  <!--1 or more repetitions:-->
                  <v12:nis-numeric3 startDate="?" endDate="?" status="?">?</v12:nis-numeric3>
               </v1:nis>
               <!--Optional:-->
               <v1:exceptions>
                  <!--1 or more repetitions:-->
                  <v13:exception>
                     <v13:type>?</v13:type>
                     <v13:code>?</v13:code>
                     <v13:source>?</v13:source>
                     <v13:description>?</v13:description>
                  </v13:exception>
               </v1:exceptions>
            </v1:response>
         </v1:responses>
         <!--Optional:-->
         <v1:exceptions>
            <!--1 or more repetitions:-->
            <v13:exception>
               <v13:type>?</v13:type>
               <v13:code>?</v13:code>
               <v13:source>?</v13:source>
               <v13:description>?</v13:description>
            </v13:exception>
         </v1:exceptions>
      </v1:getAllNisCodesResponse>
   </soapenv:Body>
</soapenv:Envelope>]]></con:responseContent><con:wsaConfig mustUnderstand="NONE" version="200508" action="http://fidus.brussels/services/countryservice/getAllNisCodes"/></con:response><con:dispatchConfig/></con:mockOperation><con:mockOperation name="getNationalities" id="235e54e2-ddef-49bc-afc8-34d1609dafb5" interface="CountryServiceHTTPBinding" operation="getNationalities"><con:settings/><con:defaultResponse>Response 1</con:defaultResponse><con:dispatchStyle>SEQUENCE</con:dispatchStyle><con:response name="Response 1" id="734ac97d-9480-41e3-b80c-474f20d29919" httpResponseStatus="200" encoding="UTF-8"><con:settings/><con:responseContent><![CDATA[<soapenv:Envelope xmlns:soapenv="http://schemas.xmlsoap.org/soap/envelope/" xmlns:v1="http://fidus.brussels/service/countryservice/messages/v1" xmlns:v11="http://fidus.brussels/type/common/messages/v1" xmlns:v12="http://fsb.belgium.be/mappingServices/countryService/messages/v1_00" xmlns:v13="http://fsb.belgium.be/mappingServices/data/country/v1_00" xmlns:v14="http://fidus.brussels/type/common/exceptions/v1">
   <soapenv:Header/>
   <soapenv:Body>
      <v1:getNationalitiesResponse>
         <v1:messageContext>
            <v11:messageId>?</v11:messageId>
            <v11:transactionId>?</v11:transactionId>
            <!--Optional:-->
            <v11:timestamp>?</v11:timestamp>
         </v1:messageContext>
         <!--Optional:-->
         <v1:responses>
            <v1:response>
               <!--Zero or more repetitions:-->
               <v1:nationality startDate="?" endDate="?" version="?" modificationDate="?">
                  <!--1 or more repetitions:-->
                  <v12:name language="?" shortName="?">?</v12:name>
                  <v12:mainTerritory startDate="?" endDate="?">
                     <!--1 or more repetitions:-->
                     <v13:name language="?" shortName="?">?</v13:name>
                     <!--Optional:-->
                     <v13:iso>
                        <!--1 or more repetitions:-->
                        <v13:name language="?" shortName="?">?</v13:name>
                        <!--1 or more repetitions:-->
                        <v13:iso-alpha2 startDate="?" endDate="?" status="?">?</v13:iso-alpha2>
                        <!--1 or more repetitions:-->
                        <v13:iso-alpha3 startDate="?" endDate="?" status="?">?</v13:iso-alpha3>
                        <!--1 or more repetitions:-->
                        <v13:iso-numeric3 startDate="?" endDate="?" status="?">?</v13:iso-numeric3>
                     </v13:iso>
                     <!--Optional:-->
                     <v13:nis>
                        <!--1 or more repetitions:-->
                        <v13:name language="?" shortName="?">?</v13:name>
                        <!--1 or more repetitions:-->
                        <v13:nis-numeric3 startDate="?" endDate="?" status="?">?</v13:nis-numeric3>
                     </v13:nis>
                     <!--Zero or more repetitions:-->
                     <v13:subTerritory/>
                  </v12:mainTerritory>
                  <!--Zero or more repetitions:-->
                  <v12:subTerritory startDate="?" endDate="?">
                     <!--1 or more repetitions:-->
                     <v13:name language="?" shortName="?">?</v13:name>
                     <!--Optional:-->
                     <v13:iso>
                        <!--1 or more repetitions:-->
                        <v13:name language="?" shortName="?">?</v13:name>
                        <!--1 or more repetitions:-->
                        <v13:iso-alpha2 startDate="?" endDate="?" status="?">?</v13:iso-alpha2>
                        <!--1 or more repetitions:-->
                        <v13:iso-alpha3 startDate="?" endDate="?" status="?">?</v13:iso-alpha3>
                        <!--1 or more repetitions:-->
                        <v13:iso-numeric3 startDate="?" endDate="?" status="?">?</v13:iso-numeric3>
                     </v13:iso>
                     <!--Optional:-->
                     <v13:nis>
                        <!--1 or more repetitions:-->
                        <v13:name language="?" shortName="?">?</v13:name>
                        <!--1 or more repetitions:-->
                        <v13:nis-numeric3 startDate="?" endDate="?" status="?">?</v13:nis-numeric3>
                     </v13:nis>
                     <!--Zero or more repetitions:-->
                     <v13:subTerritory/>
                  </v12:subTerritory>
               </v1:nationality>
            </v1:response>
         </v1:responses>
         <!--Optional:-->
         <v1:exceptions>
            <!--1 or more repetitions:-->
            <v14:exception>
               <v14:type>?</v14:type>
               <v14:code>?</v14:code>
               <v14:source>?</v14:source>
               <v14:description>?</v14:description>
            </v14:exception>
         </v1:exceptions>
      </v1:getNationalitiesResponse>
   </soapenv:Body>
</soapenv:Envelope>]]></con:responseContent><con:wsaConfig mustUnderstand="NONE" version="200508" action="http://fidus.brussels/services/countryservice/getNationalities"/></con:response><con:dispatchConfig/></con:mockOperation><con:mockOperation name="getNationality" id="ff955f47-883a-4cd1-809e-32de5fe273d6" interface="CountryServiceHTTPBinding" operation="getNationality"><con:settings/><con:defaultResponse>Response 1</con:defaultResponse><con:dispatchStyle>SEQUENCE</con:dispatchStyle><con:response name="Response 1" id="ac2202bc-9094-4d8a-b8f6-782cdccde78d" httpResponseStatus="200" encoding="UTF-8"><con:settings/><con:responseContent><![CDATA[<soapenv:Envelope xmlns:soapenv="http://schemas.xmlsoap.org/soap/envelope/" xmlns:v1="http://fidus.brussels/service/countryservice/messages/v1" xmlns:v11="http://fidus.brussels/type/common/messages/v1" xmlns:v12="http://fsb.belgium.be/mappingServices/countryService/messages/v1_00" xmlns:v13="http://fsb.belgium.be/mappingServices/data/country/v1_00" xmlns:v14="http://fidus.brussels/type/common/exceptions/v1">
   <soapenv:Header/>
   <soapenv:Body>
      <v1:getNationalityResponse>
         <v1:messageContext>
            <v11:messageId>?</v11:messageId>
            <v11:transactionId>?</v11:transactionId>
            <!--Optional:-->
            <v11:timestamp>?</v11:timestamp>
         </v1:messageContext>
         <!--Optional:-->
         <v1:responses>
            <v1:response>
               <!--Zero or more repetitions:-->
               <v1:nationality startDate="?" endDate="?" version="?" modificationDate="?">
                  <!--1 or more repetitions:-->
                  <v12:name language="?" shortName="?">?</v12:name>
                  <v12:mainTerritory startDate="?" endDate="?">
                     <!--1 or more repetitions:-->
                     <v13:name language="?" shortName="?">?</v13:name>
                     <!--Optional:-->
                     <v13:iso>
                        <!--1 or more repetitions:-->
                        <v13:name language="?" shortName="?">?</v13:name>
                        <!--1 or more repetitions:-->
                        <v13:iso-alpha2 startDate="?" endDate="?" status="?">?</v13:iso-alpha2>
                        <!--1 or more repetitions:-->
                        <v13:iso-alpha3 startDate="?" endDate="?" status="?">?</v13:iso-alpha3>
                        <!--1 or more repetitions:-->
                        <v13:iso-numeric3 startDate="?" endDate="?" status="?">?</v13:iso-numeric3>
                     </v13:iso>
                     <!--Optional:-->
                     <v13:nis>
                        <!--1 or more repetitions:-->
                        <v13:name language="?" shortName="?">?</v13:name>
                        <!--1 or more repetitions:-->
                        <v13:nis-numeric3 startDate="?" endDate="?" status="?">?</v13:nis-numeric3>
                     </v13:nis>
                     <!--Zero or more repetitions:-->
                     <v13:subTerritory/>
                  </v12:mainTerritory>
                  <!--Zero or more repetitions:-->
                  <v12:subTerritory startDate="?" endDate="?">
                     <!--1 or more repetitions:-->
                     <v13:name language="?" shortName="?">?</v13:name>
                     <!--Optional:-->
                     <v13:iso>
                        <!--1 or more repetitions:-->
                        <v13:name language="?" shortName="?">?</v13:name>
                        <!--1 or more repetitions:-->
                        <v13:iso-alpha2 startDate="?" endDate="?" status="?">?</v13:iso-alpha2>
                        <!--1 or more repetitions:-->
                        <v13:iso-alpha3 startDate="?" endDate="?" status="?">?</v13:iso-alpha3>
                        <!--1 or more repetitions:-->
                        <v13:iso-numeric3 startDate="?" endDate="?" status="?">?</v13:iso-numeric3>
                     </v13:iso>
                     <!--Optional:-->
                     <v13:nis>
                        <!--1 or more repetitions:-->
                        <v13:name language="?" shortName="?">?</v13:name>
                        <!--1 or more repetitions:-->
                        <v13:nis-numeric3 startDate="?" endDate="?" status="?">?</v13:nis-numeric3>
                     </v13:nis>
                     <!--Zero or more repetitions:-->
                     <v13:subTerritory/>
                  </v12:subTerritory>
               </v1:nationality>
            </v1:response>
         </v1:responses>
         <!--Optional:-->
         <v1:exceptions>
            <!--1 or more repetitions:-->
            <v14:exception>
               <v14:type>?</v14:type>
               <v14:code>?</v14:code>
               <v14:source>?</v14:source>
               <v14:description>?</v14:description>
            </v14:exception>
         </v1:exceptions>
      </v1:getNationalityResponse>
   </soapenv:Body>
</soapenv:Envelope>]]></con:responseContent><con:wsaConfig mustUnderstand="NONE" version="200508" action="http://fidus.brussels/services/countryservice/getNationality"/></con:response><con:dispatchConfig/></con:mockOperation><con:mockOperation name="getNationalityHistory" id="d990f0f4-edad-4b4c-a95d-cc9b6dec6142" interface="CountryServiceHTTPBinding" operation="getNationalityHistory"><con:settings/><con:defaultResponse>Response 1</con:defaultResponse><con:dispatchStyle>SEQUENCE</con:dispatchStyle><con:response name="Response 1" id="a9af53b0-1a1b-4ea5-8e8f-ab422eb9ed84" httpResponseStatus="200" encoding="UTF-8"><con:settings/><con:responseContent><![CDATA[<soapenv:Envelope xmlns:soapenv="http://schemas.xmlsoap.org/soap/envelope/" xmlns:v1="http://fidus.brussels/service/countryservice/messages/v1" xmlns:v11="http://fidus.brussels/type/common/messages/v1" xmlns:v12="http://fsb.belgium.be/mappingServices/countryService/messages/v1_00" xmlns:v13="http://fsb.belgium.be/mappingServices/data/country/v1_00" xmlns:v14="http://fidus.brussels/type/common/exceptions/v1">
   <soapenv:Header/>
   <soapenv:Body>
      <v1:getNationalityHistoryResponse>
         <v1:messageContext>
            <v11:messageId>?</v11:messageId>
            <v11:transactionId>?</v11:transactionId>
            <!--Optional:-->
            <v11:timestamp>?</v11:timestamp>
         </v1:messageContext>
         <!--Optional:-->
         <v1:responses>
            <v1:response>
               <!--Zero or more repetitions:-->
               <v1:nationality startDate="?" endDate="?" version="?" modificationDate="?">
                  <!--1 or more repetitions:-->
                  <v12:name language="?" shortName="?">?</v12:name>
                  <v12:mainTerritory startDate="?" endDate="?">
                     <!--1 or more repetitions:-->
                     <v13:name language="?" shortName="?">?</v13:name>
                     <!--Optional:-->
                     <v13:iso>
                        <!--1 or more repetitions:-->
                        <v13:name language="?" shortName="?">?</v13:name>
                        <!--1 or more repetitions:-->
                        <v13:iso-alpha2 startDate="?" endDate="?" status="?">?</v13:iso-alpha2>
                        <!--1 or more repetitions:-->
                        <v13:iso-alpha3 startDate="?" endDate="?" status="?">?</v13:iso-alpha3>
                        <!--1 or more repetitions:-->
                        <v13:iso-numeric3 startDate="?" endDate="?" status="?">?</v13:iso-numeric3>
                     </v13:iso>
                     <!--Optional:-->
                     <v13:nis>
                        <!--1 or more repetitions:-->
                        <v13:name language="?" shortName="?">?</v13:name>
                        <!--1 or more repetitions:-->
                        <v13:nis-numeric3 startDate="?" endDate="?" status="?">?</v13:nis-numeric3>
                     </v13:nis>
                     <!--Zero or more repetitions:-->
                     <v13:subTerritory/>
                  </v12:mainTerritory>
                  <!--Zero or more repetitions:-->
                  <v12:subTerritory startDate="?" endDate="?">
                     <!--1 or more repetitions:-->
                     <v13:name language="?" shortName="?">?</v13:name>
                     <!--Optional:-->
                     <v13:iso>
                        <!--1 or more repetitions:-->
                        <v13:name language="?" shortName="?">?</v13:name>
                        <!--1 or more repetitions:-->
                        <v13:iso-alpha2 startDate="?" endDate="?" status="?">?</v13:iso-alpha2>
                        <!--1 or more repetitions:-->
                        <v13:iso-alpha3 startDate="?" endDate="?" status="?">?</v13:iso-alpha3>
                        <!--1 or more repetitions:-->
                        <v13:iso-numeric3 startDate="?" endDate="?" status="?">?</v13:iso-numeric3>
                     </v13:iso>
                     <!--Optional:-->
                     <v13:nis>
                        <!--1 or more repetitions:-->
                        <v13:name language="?" shortName="?">?</v13:name>
                        <!--1 or more repetitions:-->
                        <v13:nis-numeric3 startDate="?" endDate="?" status="?">?</v13:nis-numeric3>
                     </v13:nis>
                     <!--Zero or more repetitions:-->
                     <v13:subTerritory/>
                  </v12:subTerritory>
               </v1:nationality>
            </v1:response>
         </v1:responses>
         <!--Optional:-->
         <v1:exceptions>
            <!--1 or more repetitions:-->
            <v14:exception>
               <v14:type>?</v14:type>
               <v14:code>?</v14:code>
               <v14:source>?</v14:source>
               <v14:description>?</v14:description>
            </v14:exception>
         </v1:exceptions>
      </v1:getNationalityHistoryResponse>
   </soapenv:Body>
</soapenv:Envelope>]]></con:responseContent><con:wsaConfig mustUnderstand="NONE" version="200508" action="http://fidus.brussels/services/countryservice/getNationalityHistory"/></con:response><con:dispatchConfig/></con:mockOperation><con:mockOperation name="getPlaceCountries" id="47b19e11-75d7-4239-969c-5957501ef3e8" interface="CountryServiceHTTPBinding" operation="getPlaceCountries"><con:settings/><con:defaultResponse>Response 1</con:defaultResponse><con:dispatchStyle>SEQUENCE</con:dispatchStyle><con:response name="Response 1" id="b89badf7-3ce5-4018-8aff-79dee81e4ba9" httpResponseStatus="200" encoding="UTF-8"><con:settings/><con:responseContent><![CDATA[<soapenv:Envelope xmlns:soapenv="http://schemas.xmlsoap.org/soap/envelope/" xmlns:v1="http://fidus.brussels/service/countryservice/messages/v1" xmlns:v11="http://fidus.brussels/type/common/messages/v1" xmlns:v12="http://fsb.belgium.be/mappingServices/countryService/messages/v1_00" xmlns:v13="http://fsb.belgium.be/mappingServices/data/country/v1_00" xmlns:v14="http://fidus.brussels/type/common/exceptions/v1">
   <soapenv:Header/>
   <soapenv:Body>
      <v1:getPlaceCountriesResponse>
         <v1:messageContext>
            <v11:messageId>?</v11:messageId>
            <v11:transactionId>?</v11:transactionId>
            <!--Optional:-->
            <v11:timestamp>?</v11:timestamp>
         </v1:messageContext>
         <!--Optional:-->
         <v1:responses>
            <!--Zero or more repetitions:-->
            <v12:placeCountry startDate="?" endDate="?" version="?" modificationDate="?">
               <!--1 or more repetitions:-->
               <v12:name language="?" shortName="?">?</v12:name>
               <v12:mainTerritory startDate="?" endDate="?">
                  <!--1 or more repetitions:-->
                  <v13:name language="?" shortName="?">?</v13:name>
                  <!--Optional:-->
                  <v13:iso>
                     <!--1 or more repetitions:-->
                     <v13:name language="?" shortName="?">?</v13:name>
                     <!--1 or more repetitions:-->
                     <v13:iso-alpha2 startDate="?" endDate="?" status="?">?</v13:iso-alpha2>
                     <!--1 or more repetitions:-->
                     <v13:iso-alpha3 startDate="?" endDate="?" status="?">?</v13:iso-alpha3>
                     <!--1 or more repetitions:-->
                     <v13:iso-numeric3 startDate="?" endDate="?" status="?">?</v13:iso-numeric3>
                  </v13:iso>
                  <!--Optional:-->
                  <v13:nis>
                     <!--1 or more repetitions:-->
                     <v13:name language="?" shortName="?">?</v13:name>
                     <!--1 or more repetitions:-->
                     <v13:nis-numeric3 startDate="?" endDate="?" status="?">?</v13:nis-numeric3>
                  </v13:nis>
                  <!--Zero or more repetitions:-->
                  <v13:subTerritory/>
               </v12:mainTerritory>
               <!--Zero or more repetitions:-->
               <v12:subTerritory startDate="?" endDate="?">
                  <!--1 or more repetitions:-->
                  <v13:name language="?" shortName="?">?</v13:name>
                  <!--Optional:-->
                  <v13:iso>
                     <!--1 or more repetitions:-->
                     <v13:name language="?" shortName="?">?</v13:name>
                     <!--1 or more repetitions:-->
                     <v13:iso-alpha2 startDate="?" endDate="?" status="?">?</v13:iso-alpha2>
                     <!--1 or more repetitions:-->
                     <v13:iso-alpha3 startDate="?" endDate="?" status="?">?</v13:iso-alpha3>
                     <!--1 or more repetitions:-->
                     <v13:iso-numeric3 startDate="?" endDate="?" status="?">?</v13:iso-numeric3>
                  </v13:iso>
                  <!--Optional:-->
                  <v13:nis>
                     <!--1 or more repetitions:-->
                     <v13:name language="?" shortName="?">?</v13:name>
                     <!--1 or more repetitions:-->
                     <v13:nis-numeric3 startDate="?" endDate="?" status="?">?</v13:nis-numeric3>
                  </v13:nis>
                  <!--Zero or more repetitions:-->
                  <v13:subTerritory/>
               </v12:subTerritory>
            </v12:placeCountry>
         </v1:responses>
         <!--Optional:-->
         <v1:exceptions>
            <!--1 or more repetitions:-->
            <v14:exception>
               <v14:type>?</v14:type>
               <v14:code>?</v14:code>
               <v14:source>?</v14:source>
               <v14:description>?</v14:description>
            </v14:exception>
         </v1:exceptions>
      </v1:getPlaceCountriesResponse>
   </soapenv:Body>
</soapenv:Envelope>]]></con:responseContent><con:wsaConfig mustUnderstand="NONE" version="200508" action="http://fidus.brussels/services/countryservice/getPlaceCountries"/></con:response><con:dispatchConfig/></con:mockOperation><con:mockOperation name="getPlaceCountry" id="43ee585f-2afc-4ad4-a5f5-7835c40ea7b4" interface="CountryServiceHTTPBinding" operation="getPlaceCountry"><con:settings/><con:defaultResponse>Response 1</con:defaultResponse><con:dispatchStyle>SEQUENCE</con:dispatchStyle><con:response name="Response 1" id="5fab0355-89cc-4710-9c18-3099f09a2c25" httpResponseStatus="200" encoding="UTF-8"><con:settings/><con:responseContent><![CDATA[<soapenv:Envelope xmlns:soapenv="http://schemas.xmlsoap.org/soap/envelope/" xmlns:v1="http://fidus.brussels/service/countryservice/messages/v1" xmlns:v11="http://fidus.brussels/type/common/messages/v1" xmlns:v12="http://fsb.belgium.be/mappingServices/countryService/messages/v1_00" xmlns:v13="http://fsb.belgium.be/mappingServices/data/country/v1_00" xmlns:v14="http://fidus.brussels/type/common/exceptions/v1">
   <soapenv:Header/>
   <soapenv:Body>
      <v1:getPlaceCountryResponse>
         <v1:messageContext>
            <v11:messageId>?</v11:messageId>
            <v11:transactionId>?</v11:transactionId>
            <!--Optional:-->
            <v11:timestamp>?</v11:timestamp>
         </v1:messageContext>
         <!--Optional:-->
         <v1:responses>
            <!--Zero or more repetitions:-->
            <v12:placeCountry startDate="?" endDate="?" version="?" modificationDate="?">
               <!--1 or more repetitions:-->
               <v12:name language="?" shortName="?">?</v12:name>
               <v12:mainTerritory startDate="?" endDate="?">
                  <!--1 or more repetitions:-->
                  <v13:name language="?" shortName="?">?</v13:name>
                  <!--Optional:-->
                  <v13:iso>
                     <!--1 or more repetitions:-->
                     <v13:name language="?" shortName="?">?</v13:name>
                     <!--1 or more repetitions:-->
                     <v13:iso-alpha2 startDate="?" endDate="?" status="?">?</v13:iso-alpha2>
                     <!--1 or more repetitions:-->
                     <v13:iso-alpha3 startDate="?" endDate="?" status="?">?</v13:iso-alpha3>
                     <!--1 or more repetitions:-->
                     <v13:iso-numeric3 startDate="?" endDate="?" status="?">?</v13:iso-numeric3>
                  </v13:iso>
                  <!--Optional:-->
                  <v13:nis>
                     <!--1 or more repetitions:-->
                     <v13:name language="?" shortName="?">?</v13:name>
                     <!--1 or more repetitions:-->
                     <v13:nis-numeric3 startDate="?" endDate="?" status="?">?</v13:nis-numeric3>
                  </v13:nis>
                  <!--Zero or more repetitions:-->
                  <v13:subTerritory/>
               </v12:mainTerritory>
               <!--Zero or more repetitions:-->
               <v12:subTerritory startDate="?" endDate="?">
                  <!--1 or more repetitions:-->
                  <v13:name language="?" shortName="?">?</v13:name>
                  <!--Optional:-->
                  <v13:iso>
                     <!--1 or more repetitions:-->
                     <v13:name language="?" shortName="?">?</v13:name>
                     <!--1 or more repetitions:-->
                     <v13:iso-alpha2 startDate="?" endDate="?" status="?">?</v13:iso-alpha2>
                     <!--1 or more repetitions:-->
                     <v13:iso-alpha3 startDate="?" endDate="?" status="?">?</v13:iso-alpha3>
                     <!--1 or more repetitions:-->
                     <v13:iso-numeric3 startDate="?" endDate="?" status="?">?</v13:iso-numeric3>
                  </v13:iso>
                  <!--Optional:-->
                  <v13:nis>
                     <!--1 or more repetitions:-->
                     <v13:name language="?" shortName="?">?</v13:name>
                     <!--1 or more repetitions:-->
                     <v13:nis-numeric3 startDate="?" endDate="?" status="?">?</v13:nis-numeric3>
                  </v13:nis>
                  <!--Zero or more repetitions:-->
                  <v13:subTerritory/>
               </v12:subTerritory>
            </v12:placeCountry>
         </v1:responses>
         <!--Optional:-->
         <v1:exceptions>
            <!--1 or more repetitions:-->
            <v14:exception>
               <v14:type>?</v14:type>
               <v14:code>?</v14:code>
               <v14:source>?</v14:source>
               <v14:description>?</v14:description>
            </v14:exception>
         </v1:exceptions>
      </v1:getPlaceCountryResponse>
   </soapenv:Body>
</soapenv:Envelope>]]></con:responseContent><con:wsaConfig mustUnderstand="NONE" version="200508" action="http://fidus.brussels/services/countryservice/getPlaceCountry"/></con:response><con:dispatchConfig/></con:mockOperation><con:mockOperation name="getPlaceCountryHistory" id="483a9b18-02d0-4a79-8b87-2ca7bc523275" interface="CountryServiceHTTPBinding" operation="getPlaceCountryHistory"><con:settings/><con:defaultResponse>Response 1</con:defaultResponse><con:dispatchStyle>SEQUENCE</con:dispatchStyle><con:response name="Response 1" id="899bad8c-d010-424a-8314-9e406ad4f608" httpResponseStatus="200" encoding="UTF-8"><con:settings/><con:responseContent><![CDATA[<soapenv:Envelope xmlns:soapenv="http://schemas.xmlsoap.org/soap/envelope/" xmlns:v1="http://fidus.brussels/service/countryservice/messages/v1" xmlns:v11="http://fidus.brussels/type/common/messages/v1" xmlns:v12="http://fsb.belgium.be/mappingServices/countryService/messages/v1_00" xmlns:v13="http://fsb.belgium.be/mappingServices/data/country/v1_00" xmlns:v14="http://fidus.brussels/type/common/exceptions/v1">
   <soapenv:Header/>
   <soapenv:Body>
      <v1:getPlaceCountryHistoryResponse>
         <v1:messageContext>
            <v11:messageId>?</v11:messageId>
            <v11:transactionId>?</v11:transactionId>
            <!--Optional:-->
            <v11:timestamp>?</v11:timestamp>
         </v1:messageContext>
         <!--Optional:-->
         <v1:responses>
            <!--Zero or more repetitions:-->
            <v12:placeCountry startDate="?" endDate="?" version="?" modificationDate="?">
               <!--1 or more repetitions:-->
               <v12:name language="?" shortName="?">?</v12:name>
               <v12:mainTerritory startDate="?" endDate="?">
                  <!--1 or more repetitions:-->
                  <v13:name language="?" shortName="?">?</v13:name>
                  <!--Optional:-->
                  <v13:iso>
                     <!--1 or more repetitions:-->
                     <v13:name language="?" shortName="?">?</v13:name>
                     <!--1 or more repetitions:-->
                     <v13:iso-alpha2 startDate="?" endDate="?" status="?">?</v13:iso-alpha2>
                     <!--1 or more repetitions:-->
                     <v13:iso-alpha3 startDate="?" endDate="?" status="?">?</v13:iso-alpha3>
                     <!--1 or more repetitions:-->
                     <v13:iso-numeric3 startDate="?" endDate="?" status="?">?</v13:iso-numeric3>
                  </v13:iso>
                  <!--Optional:-->
                  <v13:nis>
                     <!--1 or more repetitions:-->
                     <v13:name language="?" shortName="?">?</v13:name>
                     <!--1 or more repetitions:-->
                     <v13:nis-numeric3 startDate="?" endDate="?" status="?">?</v13:nis-numeric3>
                  </v13:nis>
                  <!--Zero or more repetitions:-->
                  <v13:subTerritory/>
               </v12:mainTerritory>
               <!--Zero or more repetitions:-->
               <v12:subTerritory startDate="?" endDate="?">
                  <!--1 or more repetitions:-->
                  <v13:name language="?" shortName="?">?</v13:name>
                  <!--Optional:-->
                  <v13:iso>
                     <!--1 or more repetitions:-->
                     <v13:name language="?" shortName="?">?</v13:name>
                     <!--1 or more repetitions:-->
                     <v13:iso-alpha2 startDate="?" endDate="?" status="?">?</v13:iso-alpha2>
                     <!--1 or more repetitions:-->
                     <v13:iso-alpha3 startDate="?" endDate="?" status="?">?</v13:iso-alpha3>
                     <!--1 or more repetitions:-->
                     <v13:iso-numeric3 startDate="?" endDate="?" status="?">?</v13:iso-numeric3>
                  </v13:iso>
                  <!--Optional:-->
                  <v13:nis>
                     <!--1 or more repetitions:-->
                     <v13:name language="?" shortName="?">?</v13:name>
                     <!--1 or more repetitions:-->
                     <v13:nis-numeric3 startDate="?" endDate="?" status="?">?</v13:nis-numeric3>
                  </v13:nis>
                  <!--Zero or more repetitions:-->
                  <v13:subTerritory/>
               </v12:subTerritory>
            </v12:placeCountry>
         </v1:responses>
         <!--Optional:-->
         <v1:exceptions>
            <!--1 or more repetitions:-->
            <v14:exception>
               <v14:type>?</v14:type>
               <v14:code>?</v14:code>
               <v14:source>?</v14:source>
               <v14:description>?</v14:description>
            </v14:exception>
         </v1:exceptions>
      </v1:getPlaceCountryHistoryResponse>
   </soapenv:Body>
</soapenv:Envelope>]]></con:responseContent><con:wsaConfig mustUnderstand="NONE" version="200508" action="http://fidus.brussels/services/countryservice/getPlaceCountryHistory"/></con:response><con:dispatchConfig/></con:mockOperation></con:mockService><con:properties><con:property><con:name>Binding</con:name><con:value>{</con:value></con:property></con:properties><con:wssContainer><con:crypto><con:source>data/wso2/keystores/user-rajarshi.jks</con:source><con:password>test@fidus01</con:password><con:type>KEYSTORE</con:type></con:crypto><con:outgoing><con:name>Outflow TEST</con:name><con:entry type="Signature" username="testuser-test.fidus.brussels" password="test@fidus01"><con:configuration><crypto>user-rajarshi.jks</crypto><keyIdentifierType>3</keyIdentifierType><signatureAlgorithm/><signatureCanonicalization/><useSingleCert>true</useSingleCert><digestAlgorithm/><customTokenValueType/><customTokenId/></con:configuration></con:entry><con:entry type="Timestamp"><con:configuration><timeToLive>300000</timeToLive><strictTimestamp>true</strictTimestamp></con:configuration></con:entry></con:outgoing><con:outgoing><con:name>Outflow DEV</con:name></con:outgoing><con:outgoing><con:name>Outflow STAG</con:name></con:outgoing><con:outgoing><con:name>Outflow PROD</con:name></con:outgoing></con:wssContainer><con:oAuth2ProfileContainer/><con:oAuth1ProfileContainer/><con:sensitiveInformation/></con:soapui-project>