<?xml version="1.0" encoding="UTF-8"?>
<con:soapui-project activeEnvironment="Default" name="Client-ArchitectOrderService-soapui-project" resourceRoot="" soapui-version="5.1.3" abortOnError="false" runType="SEQUENTIAL" id="a3677aa2-6727-4a71-8012-98245e86ceec" xmlns:con="http://eviware.com/soapui/config">
  <con:settings/>
  <con:interface xsi:type="con:WsdlInterface" id="cf75a02b-816b-4b50-a48c-3e3c299cfdf1" wsaVersion="NONE" name="ArchitectOrderServiceHTTPBinding" type="wsdl" bindingName="{http://fidus.brussels/service/architectorderservice/v1}ArchitectOrderServiceHTTPBinding" soapVersion="1_1" anonymous="optional" definition="file:/home/alain/git/architectorderservice/ArchitectOrderServiceRegistry/wsdl/architectOrderService/1.0.0/ArchitectOrderService_v1.wsdl" xmlns:xsi="http://www.w3.org/2001/XMLSchema-instance">
    <con:settings/>
    <con:definitionCache type="TEXT" rootPart="file:/home/alain/git/architectorderservice/ArchitectOrderServiceRegistry/wsdl/architectOrderService/1.0.0/ArchitectOrderService_v1.wsdl">
      <con:part>
        <con:url>file:/home/alain/git/architectorderservice/ArchitectOrderServiceRegistry/wsdl/architectOrderService/1.0.0/ArchitectOrderService_v1.wsdl</con:url>
        <con:content><![CDATA[<wsdl:definitions targetNamespace="http://fidus.brussels/service/architectorderservice/v1" name="ArchitectOrderService" xmlns:soap="http://schemas.xmlsoap.org/wsdl/soap/" xmlns:wsdl="http://schemas.xmlsoap.org/wsdl/" xmlns:xsd="http://www.w3.org/2001/XMLSchema" xmlns:mes="http://fidus.brussels/service/architectorderservice/messages/v1" xmlns:tns="http://fidus.brussels/service/architectorderservice/v1">
  <xsd:annotation>
    <xsd:documentation>ArchitectOrder service WDSL v1.</xsd:documentation>
  </xsd:annotation>
  <wsdl:types>
    <xsd:schema targetNamespace="http://fidus.brussels/service/architectorderservice/v1" elementFormDefault="qualified">
      <xsd:import namespace="http://fidus.brussels/service/architectorderservice/messages/v1" schemaLocation="messages/architectOrderServiceMessages_v1.xsd"/>
    </xsd:schema>
  </wsdl:types>
  <wsdl:message name="byNationalNumberRequestMessage">
    <wsdl:part name="ByNationalNumberRequest" element="mes:byNationalNumberRequest"/>
  </wsdl:message>
  <wsdl:message name="byNationalNumberResponseMessage">
    <wsdl:part name="ByNationalNumberResponse" element="mes:byNationalNumberResponse"/>
  </wsdl:message>
  <wsdl:message name="byCompanyNumberRequestMessage">
    <wsdl:part name="ByCompanyNumberRequest" element="mes:byCompanyNumberRequest"/>
  </wsdl:message>
  <wsdl:message name="byCompanyNumberResponseMessage">
    <wsdl:part name="ByCompanyNumberResponse" element="mes:byCompanyNumberResponse"/>
  </wsdl:message>
  <wsdl:message name="byReferenceNumberRequestMessage">
    <wsdl:part name="ByReferenceNumberRequest" element="mes:byReferenceNumberRequest"/>
  </wsdl:message>
  <wsdl:message name="byReferenceNumberResponseMessage">
    <wsdl:part name="ByReferenceNumberResponse" element="mes:byReferenceNumberResponse"/>
  </wsdl:message>
  <wsdl:portType name="ArchitectOrderServicePortType">
    <wsdl:operation name="byNationalNumber">
      <wsdl:input message="tns:byNationalNumberRequestMessage"/>
      <wsdl:output message="tns:byNationalNumberResponseMessage"/>
    </wsdl:operation>
    <wsdl:operation name="byCompanyNumber">
      <wsdl:input message="tns:byCompanyNumberRequestMessage"/>
      <wsdl:output message="tns:byCompanyNumberResponseMessage"/>
    </wsdl:operation>
    <wsdl:operation name="byReferenceNumber">
      <wsdl:input message="tns:byReferenceNumberRequestMessage"/>
      <wsdl:output message="tns:byReferenceNumberResponseMessage"/>
    </wsdl:operation>
  </wsdl:portType>
  <wsdl:binding name="ArchitectOrderServiceHTTPBinding" type="tns:ArchitectOrderServicePortType">
    <soap:binding style="document" transport="http://schemas.xmlsoap.org/soap/http"/>
    <wsdl:operation name="byNationalNumber">
      <soap:operation soapAction="http://fidus.brussels/services/architectorderservice/byNationalNumber"/>
      <wsdl:input>
        <soap:body use="literal"/>
      </wsdl:input>
      <wsdl:output>
        <soap:body use="literal"/>
      </wsdl:output>
    </wsdl:operation>
    <wsdl:operation name="byCompanyNumber">
      <soap:operation soapAction="http://fidus.brussels/services/architectorderservice/byCompanyNumber"/>
      <wsdl:input>
        <soap:body use="literal"/>
      </wsdl:input>
      <wsdl:output>
        <soap:body use="literal"/>
      </wsdl:output>
    </wsdl:operation>
    <wsdl:operation name="byReferenceNumber">
      <soap:operation soapAction="http://fidus.brussels/services/architectorderservice/byReferenceNumber"/>
      <wsdl:input>
        <soap:body use="literal"/>
      </wsdl:input>
      <wsdl:output>
        <soap:body use="literal"/>
      </wsdl:output>
    </wsdl:operation>
  </wsdl:binding>
  <wsdl:service name="ArchitectOrderService_v1">
    <wsdl:port name="ArchitectOrderService_v1" binding="tns:ArchitectOrderServiceHTTPBinding">
      <soap:address location="http://fidus.brussels/services/architectorderservice/v1"/>
    </wsdl:port>
  </wsdl:service>
</wsdl:definitions>]]></con:content>
        <con:type>http://schemas.xmlsoap.org/wsdl/</con:type>
      </con:part>
      <con:part>
        <con:url>file:/home/alain/git/architectorderservice/ArchitectOrderServiceRegistry/wsdl/architectOrderService/1.0.0/messages/architectOrderServiceMessages_v1.xsd</con:url>
        <con:content><![CDATA[<xsd:schema targetNamespace="http://fidus.brussels/service/architectorderservice/messages/v1" elementFormDefault="qualified" attributeFormDefault="unqualified" version="1.0" xmlns:xsd="http://www.w3.org/2001/XMLSchema" xmlns:cme="http://fidus.brussels/type/common/messages/v1" xmlns:exc="http://fidus.brussels/type/common/exceptions/v1" xmlns:aow="https://archionweb.be/" xmlns:tns="http://fidus.brussels/service/architectorderservice/messages/v1">
  <xsd:import namespace="http://fidus.brussels/type/common/messages/v1" schemaLocation="baseMessageTypes_v1.xsd"/>
  <xsd:import namespace="http://fidus.brussels/type/common/exceptions/v1" schemaLocation="exceptionTypes_v1.xsd"/>
  <xsd:import namespace="https://archionweb.be/" schemaLocation="../archiOnWeb/archiOnWebService_v1.xsd"/>
  <xsd:complexType name="PersonNumberRequestType">
    <xsd:sequence>
      <xsd:element name="personNumber" type="cme:PersonNumberType" nillable="true"></xsd:element>
    </xsd:sequence>
  </xsd:complexType>
  <xsd:complexType name="CompanyNumberRequestType">
    <xsd:sequence>
      <xsd:element name="companyNumber" type="xsd:string" nillable="true"></xsd:element>
    </xsd:sequence>
  </xsd:complexType>
  <xsd:complexType name="ReferenceNumberRequestType">
    <xsd:sequence>
      <xsd:element name="referenceNumber" type="xsd:string" nillable="true"></xsd:element>
    </xsd:sequence>
  </xsd:complexType>
  <xsd:complexType name="ByNationalNumberRequestType">
    <xsd:sequence>
      <xsd:element name="messageContext" type="cme:RequestMessageContextType"/>
      <xsd:element name="legalContext" type="cme:LegalContextType"/>
      <xsd:element name="request" type="tns:PersonNumberRequestType"/>
    </xsd:sequence>
  </xsd:complexType>
  <xsd:complexType name="ByCompanyNumberRequestType">
    <xsd:sequence>
      <xsd:element name="messageContext" type="cme:RequestMessageContextType"/>
      <xsd:element name="legalContext" type="cme:LegalContextType"/>
      <xsd:element name="request" type="tns:CompanyNumberRequestType"/>
    </xsd:sequence>
  </xsd:complexType>
  <xsd:complexType name="ByReferenceNumberRequestType">
    <xsd:sequence>
      <xsd:element name="messageContext" type="cme:RequestMessageContextType"/>
      <xsd:element name="legalContext" type="cme:LegalContextType"/>
      <xsd:element name="request" type="tns:ReferenceNumberRequestType"/>
    </xsd:sequence>
  </xsd:complexType>
  <xsd:complexType name="StandardResponseType">
    <xsd:sequence>
      <xsd:element name="messageContext" type="cme:ResponseMessageContextType"/>
      <xsd:element name="responses" type="tns:ResponsesType" minOccurs="0"/>
      <xsd:element name="exceptions" type="exc:ExceptionsType" minOccurs="0">
        <xsd:annotation>
          <xsd:documentation>Technical errors that occur when processing the message context e.g. insufficient rights.</xsd:documentation>
        </xsd:annotation>
      </xsd:element>
    </xsd:sequence>
  </xsd:complexType>
  <xsd:complexType name="ResponsesType">
    <xsd:sequence>
      <xsd:element name="response" type="tns:ResponseType" minOccurs="1" maxOccurs="1"/>
    </xsd:sequence>
  </xsd:complexType>
  <xsd:complexType name="ResponseType">
    <xsd:sequence>
      <xsd:element minOccurs="0" maxOccurs="1" name="Architects" type="aow:ArrayOfArchitect"/>
      <xsd:element minOccurs="0" maxOccurs="1" name="Companies" type="aow:ArrayOfCompany"/>
      <xsd:element name="exceptions" type="exc:ExceptionsType" minOccurs="0">
        <xsd:annotation>
          <xsd:documentation>Business exceptions that occur when processing the request or response e.g. missing data for a single response element.
						Exceptions at this level may contain back-end specific codes and content.</xsd:documentation>
        </xsd:annotation>
      </xsd:element>
    </xsd:sequence>
  </xsd:complexType>
  <!--Element of the request and the response-->
  <xsd:element name="byNationalNumberRequest" type="tns:ByNationalNumberRequestType"/>
  <xsd:element name="byNationalNumberResponse" type="tns:StandardResponseType"/>
  <xsd:element name="byCompanyNumberRequest" type="tns:ByCompanyNumberRequestType"/>
  <xsd:element name="byCompanyNumberResponse" type="tns:StandardResponseType"/>
  <xsd:element name="byReferenceNumberRequest" type="tns:ByReferenceNumberRequestType"/>
  <xsd:element name="byReferenceNumberResponse" type="tns:StandardResponseType"/>
</xsd:schema>]]></con:content>
        <con:type>http://www.w3.org/2001/XMLSchema</con:type>
      </con:part>
      <con:part>
        <con:url>file:/home/alain/git/architectorderservice/ArchitectOrderServiceRegistry/wsdl/architectOrderService/1.0.0/messages/baseMessageTypes_v1.xsd</con:url>
        <con:content><![CDATA[<xsd:schema targetNamespace="http://fidus.brussels/type/common/messages/v1" elementFormDefault="qualified" attributeFormDefault="unqualified" version="1.0" xmlns:xsd="http://www.w3.org/2001/XMLSchema" xmlns:cmn="http://fidus.brussels/type/common/v1" xmlns:nps="http://fidus.brussels/service/personservice/personservices/naturalPerson/v1" xmlns:tns="http://fidus.brussels/type/common/messages/v1">
  <!--Unformatted message Id-->
  <xsd:simpleType name="MessageIdType">
    <xsd:restriction base="xsd:string">
      <xsd:maxLength value="64"/>
    </xsd:restriction>
  </xsd:simpleType>
  <!--National Number of the person. Format depending on the Register-->
  <xsd:simpleType name="PersonNumberType">
    <xsd:restriction base="xsd:string">
      <xsd:pattern value="[0-9][0-9](([0][0-9])|([1][0-2]))(([0-2][0-9])|([3][0-1]))(([0-9]{2}[1-9])|([0-9][1-9][0-9])|([1-9][0-9]{2}))(([0-8][0-9])|([9][0-7]))">
        <xsd:annotation>
          <xsd:documentation>National Register format</xsd:documentation>
        </xsd:annotation>
      </xsd:pattern>
      <xsd:pattern value="[0-9][0-9](([2][0-9])|([3][0-2]))(([0-2][0-9])|([3][0-1]))[0-9]{3}(([0-8][0-9])|([9][0-7]))">
        <xsd:annotation>
          <xsd:documentation>CBSS Register format: Bis Register</xsd:documentation>
        </xsd:annotation>
      </xsd:pattern>
      <xsd:pattern value="[0-9][0-9](([4][0-9])|([5][0-2]))(([0-2][0-9])|([3][0-1]))[0-9]{3}(([0-8][0-9])|([9][0-7]))">
        <xsd:annotation>
          <xsd:documentation>CBSS Register format: Ter Register</xsd:documentation>
        </xsd:annotation>
      </xsd:pattern>
    </xsd:restriction>
  </xsd:simpleType>
  <!--Request message context-->
  <xsd:complexType name="RequestMessageContextType">
    <xsd:annotation>
      <xsd:documentation>Message context block generated by the consumer.</xsd:documentation>
    </xsd:annotation>
    <xsd:sequence>
      <xsd:element name="messageId" type="tns:MessageIdType">
        <xsd:annotation>
          <xsd:documentation>Consumer must assign their own MessageId reference for the request.</xsd:documentation>
        </xsd:annotation>
      </xsd:element>
      <xsd:element name="timestamp" type="xsd:dateTime" minOccurs="0">
        <xsd:annotation>
          <xsd:documentation>Timestamp when client sent request.</xsd:documentation>
        </xsd:annotation>
      </xsd:element>
    </xsd:sequence>
  </xsd:complexType>
  <!--Response message context-->
  <xsd:complexType name="ResponseMessageContextType">
    <xsd:annotation>
      <xsd:documentation>MessageContext block generated by Fidus.</xsd:documentation>
    </xsd:annotation>
    <xsd:sequence>
      <xsd:element name="messageId" type="tns:MessageIdType">
        <xsd:annotation>
          <xsd:documentation>A unique identifier generated by Fidus.</xsd:documentation>
        </xsd:annotation>
      </xsd:element>
      <xsd:element name="transactionId" type="tns:MessageIdType">
        <xsd:annotation>
          <xsd:documentation>A unique ID returned to the client for tracing purposes.</xsd:documentation>
        </xsd:annotation>
      </xsd:element>
      <xsd:element name="timestamp" type="xsd:dateTime" minOccurs="0">
        <xsd:annotation>
          <xsd:documentation>Time reply was sent by Fidus.</xsd:documentation>
        </xsd:annotation>
      </xsd:element>
    </xsd:sequence>
  </xsd:complexType>
  <!--Legal Context : the finality of the Privacy Commission-->
  <xsd:simpleType name="LegalContextType">
    <xsd:restriction base="xsd:string">
      <xsd:maxLength value="64"/>
    </xsd:restriction>
  </xsd:simpleType>
  <xsd:complexType name="UserContextType">
    <xsd:annotation>
      <xsd:documentation>The user context defines information regarding the actual user performing a request.</xsd:documentation>
    </xsd:annotation>
    <xsd:sequence>
      <xsd:element name="language" type="xsd:language" nillable="true">
        <xsd:annotation>
          <xsd:documentation>The preferred language of the actual user performing the request.
						This influences the language in which response elements are cast.</xsd:documentation>
        </xsd:annotation>
      </xsd:element>
    </xsd:sequence>
  </xsd:complexType>
</xsd:schema>]]></con:content>
        <con:type>http://www.w3.org/2001/XMLSchema</con:type>
      </con:part>
      <con:part>
        <con:url>file:/home/alain/git/architectorderservice/ArchitectOrderServiceRegistry/wsdl/architectOrderService/1.0.0/messages/exceptionTypes_v1.xsd</con:url>
        <con:content><![CDATA[<xsd:schema targetNamespace="http://fidus.brussels/type/common/exceptions/v1" elementFormDefault="qualified" attributeFormDefault="unqualified" version="1.0" xmlns:xsd="http://www.w3.org/2001/XMLSchema" xmlns:tns="http://fidus.brussels/type/common/exceptions/v1">
  <!--Basic error typed-->
  <xsd:complexType name="ExceptionsType">
    <xsd:sequence>
      <xsd:element name="exception" type="tns:ExceptionType" maxOccurs="unbounded"/>
    </xsd:sequence>
  </xsd:complexType>
  <xsd:complexType name="ExceptionType">
    <xsd:sequence>
      <xsd:element name="type" type="tns:ExceptionClassType"/>
      <xsd:element name="code" type="tns:ExceptionCodeType"/>
      <xsd:element name="source" type="tns:ExceptionSourceType"/>
      <xsd:element name="description" type="tns:ExceptionDescriptionType"/>
    </xsd:sequence>
  </xsd:complexType>
  <xsd:simpleType name="ExceptionClassType">
    <xsd:restriction base="xsd:string">
      <xsd:enumeration value="ERROR"/>
      <xsd:enumeration value="WARNING"/>
      <xsd:enumeration value="INFO"/>
    </xsd:restriction>
  </xsd:simpleType>
  <xsd:simpleType name="ExceptionCodeType">
    <xsd:restriction base="xsd:string">
      <xsd:maxLength value="20"/>
    </xsd:restriction>
  </xsd:simpleType>
  <xsd:simpleType name="ExceptionSourceType">
    <xsd:restriction base="xsd:string">
      <xsd:maxLength value="20"/>
    </xsd:restriction>
  </xsd:simpleType>
  <xsd:simpleType name="ExceptionDescriptionType">
    <xsd:restriction base="xsd:string"/>
  </xsd:simpleType>
</xsd:schema>]]></con:content>
        <con:type>http://www.w3.org/2001/XMLSchema</con:type>
      </con:part>
      <con:part>
        <con:url>file:/home/alain/git/architectorderservice/ArchitectOrderServiceRegistry/wsdl/architectOrderService/1.0.0/archiOnWeb/archiOnWebService_v1.xsd</con:url>
        <con:content><![CDATA[<xsd:schema targetNamespace="https://archionweb.be/" elementFormDefault="qualified" attributeFormDefault="unqualified" version="1.0" xmlns:xsd="http://www.w3.org/2001/XMLSchema" xmlns:tns="https://archionweb.be/">
  <xsd:complexType name="ArrayOfArchitect">
    <xsd:sequence>
      <xsd:element minOccurs="0" maxOccurs="unbounded" name="Architect" nillable="true" type="tns:Architect"/>
    </xsd:sequence>
  </xsd:complexType>
  <xsd:complexType name="Architect">
    <xsd:sequence>
      <xsd:element minOccurs="1" maxOccurs="1" name="IsInOrder" type="xsd:boolean"/>
      <xsd:element minOccurs="0" maxOccurs="1" name="Gender" type="xsd:string"/>
      <xsd:element minOccurs="0" maxOccurs="1" name="FirstName" type="xsd:string"/>
      <xsd:element minOccurs="0" maxOccurs="1" name="LastName" type="xsd:string"/>
      <xsd:element minOccurs="0" maxOccurs="1" name="Address" type="tns:AddressDto"/>
      <xsd:element minOccurs="0" maxOccurs="1" name="Contact" type="tns:ContactDto"/>
    </xsd:sequence>
  </xsd:complexType>
  <xsd:complexType name="AddressDto">
    <xsd:sequence>
      <xsd:element minOccurs="0" maxOccurs="1" name="Street" type="xsd:string"/>
      <xsd:element minOccurs="0" maxOccurs="1" name="StreetNumber" type="xsd:string"/>
      <xsd:element minOccurs="0" maxOccurs="1" name="ZipCode" type="xsd:string"/>
      <xsd:element minOccurs="0" maxOccurs="1" name="City" type="xsd:string"/>
      <xsd:element minOccurs="0" maxOccurs="1" name="Country" type="xsd:string"/>
    </xsd:sequence>
  </xsd:complexType>
  <xsd:complexType name="ContactDto">
    <xsd:sequence>
      <xsd:element minOccurs="0" maxOccurs="1" name="Phone1Prefix" type="xsd:string"/>
      <xsd:element minOccurs="0" maxOccurs="1" name="Phone1Number" type="xsd:string"/>
      <xsd:element minOccurs="0" maxOccurs="1" name="Phone2Prefix" type="xsd:string"/>
      <xsd:element minOccurs="0" maxOccurs="1" name="Phone2Number" type="xsd:string"/>
      <xsd:element minOccurs="0" maxOccurs="1" name="FaxPrefix" type="xsd:string"/>
      <xsd:element minOccurs="0" maxOccurs="1" name="FaxNumber" type="xsd:string"/>
      <xsd:element minOccurs="0" maxOccurs="1" name="EmailAddress" type="xsd:string"/>
    </xsd:sequence>
  </xsd:complexType>
  <xsd:complexType name="ArrayOfCompany">
    <xsd:sequence>
      <xsd:element minOccurs="0" maxOccurs="unbounded" name="Company" nillable="true" type="tns:Company"/>
    </xsd:sequence>
  </xsd:complexType>
  <xsd:complexType name="Company">
    <xsd:sequence>
      <xsd:element minOccurs="1" maxOccurs="1" name="IsInOrder" type="xsd:boolean"/>
      <xsd:element minOccurs="0" maxOccurs="1" name="Name" type="xsd:string"/>
      <xsd:element minOccurs="0" maxOccurs="1" name="LegalForm" type="xsd:string"/>
      <xsd:element minOccurs="0" maxOccurs="1" name="Address" type="tns:AddressDto"/>
      <xsd:element minOccurs="0" maxOccurs="1" name="Contact" type="tns:ContactDto"/>
    </xsd:sequence>
  </xsd:complexType>
</xsd:schema>]]></con:content>
        <con:type>http://www.w3.org/2001/XMLSchema</con:type>
      </con:part>
    </con:definitionCache>
    <con:endpoints>
      <con:endpoint>http://fidus.brussels/services/architectorderservice/v1</con:endpoint>
    </con:endpoints>
    <con:operation id="0407492c-5c5c-4fe6-85f1-754ab4cd026a" isOneWay="false" action="http://fidus.brussels/services/architectorderservice/byCompanyNumber" name="byCompanyNumber" bindingOperationName="byCompanyNumber" type="Request-Response" inputName="" receivesAttachments="false" sendsAttachments="false" anonymous="optional">
      <con:settings/>
      <con:call id="5c271edc-97c2-4b7b-a79f-ab715c0ac555" name="1 - Local - Request" outgoingWss="Outflow DEV" incomingWss="Inflow DEV">
        <con:settings>
          <con:setting id="com.eviware.soapui.impl.wsdl.WsdlRequest@request-headers">&lt;xml-fragment/></con:setting>
        </con:settings>
        <con:encoding>UTF-8</con:encoding>
        <con:endpoint>https://localhost:8243/services/ArchitectOrderService_v1.0</con:endpoint>
        <con:request><![CDATA[<soapenv:Envelope xmlns:soapenv="http://schemas.xmlsoap.org/soap/envelope/" xmlns:v1="http://fidus.brussels/service/architectorderservice/messages/v1" xmlns:v11="http://fidus.brussels/type/common/messages/v1">
   <soapenv:Header/>
   <soapenv:Body>
      <v1:byCompanyNumberRequest>
         <v1:messageContext>
         	  <v11:messageId>${=import static java.util.UUID.randomUUID; uuid = randomUUID() as String}</v11:messageId>
            <v11:timestamp>${=new java.text.SimpleDateFormat("yyyy-MM-dd'T'HH:mm:ss.SSS").format(new Date())}</v11:timestamp>
         </v1:messageContext>
         <v1:legalContext>ServiceIntegrator</v1:legalContext>
         <v1:request>
            <v1:companyNumber>BE 0535 693 485</v1:companyNumber>
         </v1:request>
      </v1:byCompanyNumberRequest>
   </soapenv:Body>
</soapenv:Envelope>]]></con:request>
        <con:credentials>
          <con:password>l</con:password>
          <con:selectedAuthProfile>Basic</con:selectedAuthProfile>
          <con:addedBasicAuthenticationTypes>Basic</con:addedBasicAuthenticationTypes>
          <con:authType>Global HTTP Settings</con:authType>
        </con:credentials>
        <con:jmsConfig JMSDeliveryMode="PERSISTENT"/>
        <con:jmsPropertyConfig/>
        <con:wsaConfig mustUnderstand="NONE" version="200508" action="http://fidus.brussels/services/architectorderservice/byCompanyNumber"/>
        <con:wsrmConfig version="1.2"/>
      </con:call>
      <con:call id="40e4bc8a-08c5-4b64-a08c-07c7867a021c" name="2 - Dev - Request" outgoingWss="Outflow DEV" incomingWss="Inflow DEV">
        <con:settings>
          <con:setting id="com.eviware.soapui.impl.wsdl.WsdlRequest@request-headers">&lt;xml-fragment/></con:setting>
        </con:settings>
        <con:encoding>UTF-8</con:encoding>
        <con:endpoint>https://192.168.36.61:8243/services/ArchitectOrderService_v1.0</con:endpoint>
        <con:request><![CDATA[<soapenv:Envelope xmlns:soapenv="http://schemas.xmlsoap.org/soap/envelope/" xmlns:v1="http://fidus.brussels/service/architectorderservice/messages/v1" xmlns:v11="http://fidus.brussels/type/common/messages/v1">
   <soapenv:Header/>
   <soapenv:Body>
      <v1:byCompanyNumberRequest>
         <v1:messageContext>
         	  <v11:messageId>${=import static java.util.UUID.randomUUID; uuid = randomUUID() as String}</v11:messageId>
            <v11:timestamp>${=new java.text.SimpleDateFormat("yyyy-MM-dd'T'HH:mm:ss.SSS").format(new Date())}</v11:timestamp>
         </v1:messageContext>
         <v1:legalContext>ServiceIntegrator</v1:legalContext>
         <v1:request>
            <v1:companyNumber>123456789</v1:companyNumber>
         </v1:request>
      </v1:byCompanyNumberRequest>
   </soapenv:Body>
</soapenv:Envelope>]]></con:request>
        <con:credentials>
          <con:selectedAuthProfile>Basic</con:selectedAuthProfile>
          <con:addedBasicAuthenticationTypes>Basic</con:addedBasicAuthenticationTypes>
          <con:authType>Global HTTP Settings</con:authType>
        </con:credentials>
        <con:jmsConfig JMSDeliveryMode="PERSISTENT"/>
        <con:jmsPropertyConfig/>
        <con:wsaConfig mustUnderstand="NONE" version="200508" action="http://fidus.brussels/services/architectorderservice/byCompanyNumber"/>
        <con:wsrmConfig version="1.2"/>
      </con:call>
      <con:call id="e24b200a-74df-4c8b-b301-393fedb345eb" name="3 - Test - External - Request" outgoingWss="Outflow TEST" incomingWss="Inflow TEST">
        <con:settings>
          <con:setting id="com.eviware.soapui.impl.wsdl.WsdlRequest@request-headers">&lt;xml-fragment/></con:setting>
        </con:settings>
        <con:encoding>UTF-8</con:encoding>
        <con:endpoint>https://fidus-test.irisnetlab.be/services/ArchitectOrderService_v1.0</con:endpoint>
        <con:request><![CDATA[<soapenv:Envelope xmlns:soapenv="http://schemas.xmlsoap.org/soap/envelope/" xmlns:v1="http://fidus.brussels/service/architectorderservice/messages/v1" xmlns:v11="http://fidus.brussels/type/common/messages/v1">
   <soapenv:Header/>
   <soapenv:Body>
      <v1:byCompanyNumberRequest>
         <v1:messageContext>
         	  <v11:messageId>${=import static java.util.UUID.randomUUID; uuid = randomUUID() as String}</v11:messageId>
            <v11:timestamp>${=new java.text.SimpleDateFormat("yyyy-MM-dd'T'HH:mm:ss.SSS").format(new Date())}</v11:timestamp>
         </v1:messageContext>
         <v1:legalContext>ServiceIntegrator</v1:legalContext>
         <v1:request>
            <v1:companyNumber>BE 0535 693 485</v1:companyNumber>
         </v1:request>
      </v1:byCompanyNumberRequest>
   </soapenv:Body>
</soapenv:Envelope>]]></con:request>
        <con:credentials>
          <con:selectedAuthProfile>Basic</con:selectedAuthProfile>
          <con:addedBasicAuthenticationTypes>Basic</con:addedBasicAuthenticationTypes>
          <con:authType>Global HTTP Settings</con:authType>
        </con:credentials>
        <con:jmsConfig JMSDeliveryMode="PERSISTENT"/>
        <con:jmsPropertyConfig/>
        <con:wsaConfig mustUnderstand="NONE" version="200508" action="http://fidus.brussels/services/architectorderservice/byCompanyNumber"/>
        <con:wsrmConfig version="1.2"/>
      </con:call>
      <con:call id="241ee8e1-92ab-4765-895a-f4327c7dc7e3" name="3 - Test - LB - Request" outgoingWss="Outflow TEST" incomingWss="Inflow TEST">
        <con:settings>
          <con:setting id="com.eviware.soapui.impl.wsdl.WsdlRequest@request-headers">&lt;xml-fragment/></con:setting>
        </con:settings>
        <con:encoding>UTF-8</con:encoding>
        <con:endpoint>https://esb-security-gw.sta.srv.cirb.lan:8443/services/ArchitectOrderService_v1.0</con:endpoint>
        <con:request><![CDATA[<soapenv:Envelope xmlns:soapenv="http://schemas.xmlsoap.org/soap/envelope/" xmlns:v1="http://fidus.brussels/service/architectorderservice/messages/v1" xmlns:v11="http://fidus.brussels/type/common/messages/v1">
   <soapenv:Header/>
   <soapenv:Body>
      <v1:byCompanyNumberRequest>
         <v1:messageContext>
         	  <v11:messageId>${=import static java.util.UUID.randomUUID; uuid = randomUUID() as String}</v11:messageId>
            <v11:timestamp>${=new java.text.SimpleDateFormat("yyyy-MM-dd'T'HH:mm:ss.SSS").format(new Date())}</v11:timestamp>
         </v1:messageContext>
         <v1:legalContext>ServiceIntegrator</v1:legalContext>
         <v1:request>
            <v1:companyNumber>BE 0535 693 485</v1:companyNumber>
         </v1:request>
      </v1:byCompanyNumberRequest>
   </soapenv:Body>
</soapenv:Envelope>]]></con:request>
        <con:credentials>
          <con:selectedAuthProfile>Basic</con:selectedAuthProfile>
          <con:addedBasicAuthenticationTypes>Basic</con:addedBasicAuthenticationTypes>
          <con:authType>Global HTTP Settings</con:authType>
        </con:credentials>
        <con:jmsConfig JMSDeliveryMode="PERSISTENT"/>
        <con:jmsPropertyConfig/>
        <con:wsaConfig mustUnderstand="NONE" version="200508" action="http://fidus.brussels/services/architectorderservice/byCompanyNumber"/>
        <con:wsrmConfig version="1.2"/>
      </con:call>
      <con:call id="59c593c0-6083-43f7-8e0b-62566b7e3cdf" name="3 - Test - Worker1 - Request" outgoingWss="Outflow TEST" incomingWss="Inflow TEST">
        <con:settings>
          <con:setting id="com.eviware.soapui.impl.wsdl.WsdlRequest@request-headers">&lt;xml-fragment/></con:setting>
        </con:settings>
        <con:encoding>UTF-8</con:encoding>
        <con:endpoint>https://192.168.22.53:8443/services/ArchitectOrderService_v1.0</con:endpoint>
        <con:request><![CDATA[<soapenv:Envelope xmlns:soapenv="http://schemas.xmlsoap.org/soap/envelope/" xmlns:v1="http://fidus.brussels/service/architectorderservice/messages/v1" xmlns:v11="http://fidus.brussels/type/common/messages/v1">
   <soapenv:Header/>
   <soapenv:Body>
      <v1:byCompanyNumberRequest>
         <v1:messageContext>
         	  <v11:messageId>${=import static java.util.UUID.randomUUID; uuid = randomUUID() as String}</v11:messageId>
            <v11:timestamp>${=new java.text.SimpleDateFormat("yyyy-MM-dd'T'HH:mm:ss.SSS").format(new Date())}</v11:timestamp>
         </v1:messageContext>
         <v1:legalContext>ServiceIntegrator</v1:legalContext>
         <v1:request>
            <v1:companyNumber>BE 0535 693 485</v1:companyNumber>
         </v1:request>
      </v1:byCompanyNumberRequest>
   </soapenv:Body>
</soapenv:Envelope>]]></con:request>
        <con:credentials>
          <con:selectedAuthProfile>Basic</con:selectedAuthProfile>
          <con:addedBasicAuthenticationTypes>Basic</con:addedBasicAuthenticationTypes>
          <con:authType>Global HTTP Settings</con:authType>
        </con:credentials>
        <con:jmsConfig JMSDeliveryMode="PERSISTENT"/>
        <con:jmsPropertyConfig/>
        <con:wsaConfig mustUnderstand="NONE" version="200508" action="http://fidus.brussels/services/architectorderservice/byCompanyNumber"/>
        <con:wsrmConfig version="1.2"/>
      </con:call>
      <con:call id="40d40adc-c94e-4fc0-bf80-d59610886231" name="3 - Test - Worker2 - Request">
        <con:settings>
          <con:setting id="com.eviware.soapui.impl.wsdl.WsdlRequest@request-headers">&lt;xml-fragment/></con:setting>
        </con:settings>
        <con:encoding>UTF-8</con:encoding>
        <con:endpoint>https://192.168.22.54:8443/services/ArchitectOrderService_v1.0</con:endpoint>
        <con:request><![CDATA[<soapenv:Envelope xmlns:soapenv="http://schemas.xmlsoap.org/soap/envelope/" xmlns:v1="http://fidus.brussels/service/architectorderservice/messages/v1" xmlns:v11="http://fidus.brussels/type/common/messages/v1">
   <soapenv:Header/>
   <soapenv:Body>
      <v1:byCompanyNumberRequest>
         <v1:messageContext>
         	  <v11:messageId>${=import static java.util.UUID.randomUUID; uuid = randomUUID() as String}</v11:messageId>
            <v11:timestamp>${=new java.text.SimpleDateFormat("yyyy-MM-dd'T'HH:mm:ss.SSS").format(new Date())}</v11:timestamp>
         </v1:messageContext>
         <v1:legalContext>ServiceIntegrator</v1:legalContext>
         <v1:request>
            <v1:companyNumber>BE 0535 693 485</v1:companyNumber>
         </v1:request>
      </v1:byCompanyNumberRequest>
   </soapenv:Body>
</soapenv:Envelope>]]></con:request>
        <con:credentials>
          <con:selectedAuthProfile>Basic</con:selectedAuthProfile>
          <con:addedBasicAuthenticationTypes>Basic</con:addedBasicAuthenticationTypes>
          <con:authType>Global HTTP Settings</con:authType>
        </con:credentials>
        <con:jmsConfig JMSDeliveryMode="PERSISTENT"/>
        <con:jmsPropertyConfig/>
        <con:wsaConfig mustUnderstand="NONE" version="200508" action="http://fidus.brussels/services/architectorderservice/byCompanyNumber"/>
        <con:wsrmConfig version="1.2"/>
      </con:call>
      <con:call id="9d3f2ce9-83a7-47d7-898a-c9d7be175811" name="4 - Staging - External - Request" outgoingWss="Outflow STAGING" incomingWss="Inflow STAGING">
        <con:settings>
          <con:setting id="com.eviware.soapui.impl.wsdl.WsdlRequest@request-headers">&lt;xml-fragment/></con:setting>
        </con:settings>
        <con:encoding>UTF-8</con:encoding>
        <con:endpoint>https://fidus.irisnetlab.be/services/ArchitectOrderService_v1.0</con:endpoint>
        <con:request><![CDATA[<soapenv:Envelope xmlns:soapenv="http://schemas.xmlsoap.org/soap/envelope/" xmlns:v1="http://fidus.brussels/service/architectorderservice/messages/v1" xmlns:v11="http://fidus.brussels/type/common/messages/v1">
   <soapenv:Header/>
   <soapenv:Body>
      <v1:byCompanyNumberRequest>
         <v1:messageContext>
         	  <v11:messageId>${=import static java.util.UUID.randomUUID; uuid = randomUUID() as String}</v11:messageId>
            <v11:timestamp>${=new java.text.SimpleDateFormat("yyyy-MM-dd'T'HH:mm:ss.SSS").format(new Date())}</v11:timestamp>
         </v1:messageContext>
         <v1:legalContext>ServiceIntegrator</v1:legalContext>
         <v1:request>
            <v1:companyNumber>BE 0535 693 485</v1:companyNumber>
         </v1:request>
      </v1:byCompanyNumberRequest>
   </soapenv:Body>
</soapenv:Envelope>]]></con:request>
        <con:credentials>
          <con:selectedAuthProfile>Basic</con:selectedAuthProfile>
          <con:addedBasicAuthenticationTypes>Basic</con:addedBasicAuthenticationTypes>
          <con:authType>Global HTTP Settings</con:authType>
        </con:credentials>
        <con:jmsConfig JMSDeliveryMode="PERSISTENT"/>
        <con:jmsPropertyConfig/>
        <con:wsaConfig mustUnderstand="NONE" version="200508" action="http://fidus.brussels/services/architectorderservice/byCompanyNumber"/>
        <con:wsrmConfig version="1.2"/>
      </con:call>
      <con:call id="9419d606-b56d-42bb-8600-c0a1206876c5" name="4 - Staging - LB - Request" outgoingWss="Outflow STAGING" incomingWss="Inflow STAGING">
        <con:settings>
          <con:setting id="com.eviware.soapui.impl.wsdl.WsdlRequest@request-headers">&lt;xml-fragment/></con:setting>
        </con:settings>
        <con:encoding>UTF-8</con:encoding>
        <con:endpoint>https://fidus-esb-sg.sta.srv.cirb.lan:8443/services/ArchitectOrderService_v1.0</con:endpoint>
        <con:request><![CDATA[<soapenv:Envelope xmlns:soapenv="http://schemas.xmlsoap.org/soap/envelope/" xmlns:v1="http://fidus.brussels/service/architectorderservice/messages/v1" xmlns:v11="http://fidus.brussels/type/common/messages/v1">
   <soapenv:Header/>
   <soapenv:Body>
      <v1:byCompanyNumberRequest>
         <v1:messageContext>
         	  <v11:messageId>${=import static java.util.UUID.randomUUID; uuid = randomUUID() as String}</v11:messageId>
            <v11:timestamp>${=new java.text.SimpleDateFormat("yyyy-MM-dd'T'HH:mm:ss.SSS").format(new Date())}</v11:timestamp>
         </v1:messageContext>
         <v1:legalContext>ServiceIntegrator</v1:legalContext>
         <v1:request>
            <v1:companyNumber>BE 0535 693 485</v1:companyNumber>
         </v1:request>
      </v1:byCompanyNumberRequest>
   </soapenv:Body>
</soapenv:Envelope>]]></con:request>
        <con:credentials>
          <con:selectedAuthProfile>Basic</con:selectedAuthProfile>
          <con:addedBasicAuthenticationTypes>Basic</con:addedBasicAuthenticationTypes>
          <con:authType>Global HTTP Settings</con:authType>
        </con:credentials>
        <con:jmsConfig JMSDeliveryMode="PERSISTENT"/>
        <con:jmsPropertyConfig/>
        <con:wsaConfig mustUnderstand="NONE" version="200508" action="http://fidus.brussels/services/architectorderservice/byCompanyNumber"/>
        <con:wsrmConfig version="1.2"/>
      </con:call>
      <con:call id="fc447ef9-4397-4e18-b12a-2d997e189c8e" name="4 - Staging - Worker1 - Request" outgoingWss="Outflow STAGING" incomingWss="Inflow STAGING">
        <con:settings>
          <con:setting id="com.eviware.soapui.impl.wsdl.WsdlRequest@request-headers">&lt;xml-fragment/></con:setting>
        </con:settings>
        <con:encoding>UTF-8</con:encoding>
        <con:endpoint>https://192.168.24.16:8443/services/ArchitectOrderService_v1.0</con:endpoint>
        <con:request><![CDATA[<soapenv:Envelope xmlns:soapenv="http://schemas.xmlsoap.org/soap/envelope/" xmlns:v1="http://fidus.brussels/service/architectorderservice/messages/v1" xmlns:v11="http://fidus.brussels/type/common/messages/v1">
   <soapenv:Header/>
   <soapenv:Body>
      <v1:byCompanyNumberRequest>
         <v1:messageContext>
         	  <v11:messageId>${=import static java.util.UUID.randomUUID; uuid = randomUUID() as String}</v11:messageId>
            <v11:timestamp>${=new java.text.SimpleDateFormat("yyyy-MM-dd'T'HH:mm:ss.SSS").format(new Date())}</v11:timestamp>
         </v1:messageContext>
         <v1:legalContext>ServiceIntegrator</v1:legalContext>
         <v1:request>
            <v1:companyNumber>BE 0535 693 485</v1:companyNumber>
         </v1:request>
      </v1:byCompanyNumberRequest>
   </soapenv:Body>
</soapenv:Envelope>]]></con:request>
        <con:credentials>
          <con:selectedAuthProfile>Basic</con:selectedAuthProfile>
          <con:addedBasicAuthenticationTypes>Basic</con:addedBasicAuthenticationTypes>
          <con:authType>Global HTTP Settings</con:authType>
        </con:credentials>
        <con:jmsConfig JMSDeliveryMode="PERSISTENT"/>
        <con:jmsPropertyConfig/>
        <con:wsaConfig mustUnderstand="NONE" version="200508" action="http://fidus.brussels/services/architectorderservice/byCompanyNumber"/>
        <con:wsrmConfig version="1.2"/>
      </con:call>
      <con:call id="fd51afa1-4472-4ac0-81b8-293513a27ddb" name="4 - Staging - Worker2 - Request" outgoingWss="Outflow STAGING" incomingWss="Inflow STAGING">
        <con:settings>
          <con:setting id="com.eviware.soapui.impl.wsdl.WsdlRequest@request-headers">&lt;xml-fragment/></con:setting>
        </con:settings>
        <con:encoding>UTF-8</con:encoding>
        <con:endpoint>https://192.168.24.17:8443/services/ArchitectOrderService_v1.0</con:endpoint>
        <con:request><![CDATA[<soapenv:Envelope xmlns:soapenv="http://schemas.xmlsoap.org/soap/envelope/" xmlns:v1="http://fidus.brussels/service/architectorderservice/messages/v1" xmlns:v11="http://fidus.brussels/type/common/messages/v1">
   <soapenv:Header/>
   <soapenv:Body>
      <v1:byCompanyNumberRequest>
         <v1:messageContext>
         	  <v11:messageId>${=import static java.util.UUID.randomUUID; uuid = randomUUID() as String}</v11:messageId>
            <v11:timestamp>${=new java.text.SimpleDateFormat("yyyy-MM-dd'T'HH:mm:ss.SSS").format(new Date())}</v11:timestamp>
         </v1:messageContext>
         <v1:legalContext>ServiceIntegrator</v1:legalContext>
         <v1:request>
            <v1:companyNumber>BE 0535 693 485</v1:companyNumber>
         </v1:request>
      </v1:byCompanyNumberRequest>
   </soapenv:Body>
</soapenv:Envelope>]]></con:request>
        <con:credentials>
          <con:selectedAuthProfile>Basic</con:selectedAuthProfile>
          <con:addedBasicAuthenticationTypes>Basic</con:addedBasicAuthenticationTypes>
          <con:authType>Global HTTP Settings</con:authType>
        </con:credentials>
        <con:jmsConfig JMSDeliveryMode="PERSISTENT"/>
        <con:jmsPropertyConfig/>
        <con:wsaConfig mustUnderstand="NONE" version="200508" action="http://fidus.brussels/services/architectorderservice/byCompanyNumber"/>
        <con:wsrmConfig version="1.2"/>
      </con:call>
      <con:call id="ea553c42-56d7-4316-9ea5-9b47e2c7edf7" name="5 - Prod - External - Request" outgoingWss="Outflow PROD" incomingWss="Inflow PROD">
        <con:settings>
          <con:setting id="com.eviware.soapui.impl.wsdl.WsdlRequest@request-headers">&lt;xml-fragment/></con:setting>
        </con:settings>
        <con:encoding>UTF-8</con:encoding>
        <con:endpoint>https://fidus.sec.brussels/services/ArchitectOrderService_v1.0</con:endpoint>
        <con:request><![CDATA[<soapenv:Envelope xmlns:soapenv="http://schemas.xmlsoap.org/soap/envelope/" xmlns:v1="http://fidus.brussels/service/architectorderservice/messages/v1" xmlns:v11="http://fidus.brussels/type/common/messages/v1">
   <soapenv:Header/>
   <soapenv:Body>
      <v1:byCompanyNumberRequest>
         <v1:messageContext>
         	  <v11:messageId>${=import static java.util.UUID.randomUUID; uuid = randomUUID() as String}</v11:messageId>
            <v11:timestamp>${=new java.text.SimpleDateFormat("yyyy-MM-dd'T'HH:mm:ss.SSS").format(new Date())}</v11:timestamp>
         </v1:messageContext>
         <v1:legalContext>ServiceIntegrator</v1:legalContext>
         <v1:request>
            <v1:companyNumber>BE 0535 693 485</v1:companyNumber>
         </v1:request>
      </v1:byCompanyNumberRequest>
   </soapenv:Body>
</soapenv:Envelope>]]></con:request>
        <con:credentials>
          <con:selectedAuthProfile>Basic</con:selectedAuthProfile>
          <con:addedBasicAuthenticationTypes>Basic</con:addedBasicAuthenticationTypes>
          <con:authType>Global HTTP Settings</con:authType>
        </con:credentials>
        <con:jmsConfig JMSDeliveryMode="PERSISTENT"/>
        <con:jmsPropertyConfig/>
        <con:wsaConfig mustUnderstand="NONE" version="200508" action="http://fidus.brussels/services/architectorderservice/byCompanyNumber"/>
        <con:wsrmConfig version="1.2"/>
      </con:call>
      <con:call id="3576298b-d15e-4425-8963-c2df3769c475" name="5 - Prod - LB - Request" outgoingWss="Outflow PROD" incomingWss="Inflow PROD">
        <con:settings>
          <con:setting id="com.eviware.soapui.impl.wsdl.WsdlRequest@request-headers">&lt;xml-fragment/></con:setting>
        </con:settings>
        <con:encoding>UTF-8</con:encoding>
        <con:endpoint>https://fidus-esb-sg.prd.srv.cirb.lan:8443/services/ArchitectOrderService_v1.0</con:endpoint>
        <con:request><![CDATA[<soapenv:Envelope xmlns:soapenv="http://schemas.xmlsoap.org/soap/envelope/" xmlns:v1="http://fidus.brussels/service/architectorderservice/messages/v1" xmlns:v11="http://fidus.brussels/type/common/messages/v1">
   <soapenv:Header/>
   <soapenv:Body>
      <v1:byCompanyNumberRequest>
         <v1:messageContext>
         	  <v11:messageId>${=import static java.util.UUID.randomUUID; uuid = randomUUID() as String}</v11:messageId>
            <v11:timestamp>${=new java.text.SimpleDateFormat("yyyy-MM-dd'T'HH:mm:ss.SSS").format(new Date())}</v11:timestamp>
         </v1:messageContext>
         <v1:legalContext>ServiceIntegrator</v1:legalContext>
         <v1:request>
            <v1:companyNumber>BE 0535 693 485</v1:companyNumber>
         </v1:request>
      </v1:byCompanyNumberRequest>
   </soapenv:Body>
</soapenv:Envelope>]]></con:request>
        <con:credentials>
          <con:selectedAuthProfile>Basic</con:selectedAuthProfile>
          <con:addedBasicAuthenticationTypes>Basic</con:addedBasicAuthenticationTypes>
          <con:authType>Global HTTP Settings</con:authType>
        </con:credentials>
        <con:jmsConfig JMSDeliveryMode="PERSISTENT"/>
        <con:jmsPropertyConfig/>
        <con:wsaConfig mustUnderstand="NONE" version="200508" action="http://fidus.brussels/services/architectorderservice/byCompanyNumber"/>
        <con:wsrmConfig version="1.2"/>
      </con:call>
      <con:call id="fe1b3d2c-0f56-4444-bc54-84cd21520408" name="5 - Prod - Worker1 - Request" outgoingWss="Outflow PROD" incomingWss="Inflow PROD">
        <con:settings>
          <con:setting id="com.eviware.soapui.impl.wsdl.WsdlRequest@request-headers">&lt;xml-fragment/></con:setting>
        </con:settings>
        <con:encoding>UTF-8</con:encoding>
        <con:endpoint>https://192.168.26.22:8443/services/ArchitectOrderService_v1.0</con:endpoint>
        <con:request><![CDATA[<soapenv:Envelope xmlns:soapenv="http://schemas.xmlsoap.org/soap/envelope/" xmlns:v1="http://fidus.brussels/service/architectorderservice/messages/v1" xmlns:v11="http://fidus.brussels/type/common/messages/v1">
   <soapenv:Header/>
   <soapenv:Body>
      <v1:byCompanyNumberRequest>
         <v1:messageContext>
         	  <v11:messageId>${=import static java.util.UUID.randomUUID; uuid = randomUUID() as String}</v11:messageId>
            <v11:timestamp>${=new java.text.SimpleDateFormat("yyyy-MM-dd'T'HH:mm:ss.SSS").format(new Date())}</v11:timestamp>
         </v1:messageContext>
         <v1:legalContext>ServiceIntegrator</v1:legalContext>
         <v1:request>
            <v1:companyNumber>BE 0535 693 485</v1:companyNumber>
         </v1:request>
      </v1:byCompanyNumberRequest>
   </soapenv:Body>
</soapenv:Envelope>]]></con:request>
        <con:credentials>
          <con:selectedAuthProfile>Basic</con:selectedAuthProfile>
          <con:addedBasicAuthenticationTypes>Basic</con:addedBasicAuthenticationTypes>
          <con:authType>Global HTTP Settings</con:authType>
        </con:credentials>
        <con:jmsConfig JMSDeliveryMode="PERSISTENT"/>
        <con:jmsPropertyConfig/>
        <con:wsaConfig mustUnderstand="NONE" version="200508" action="http://fidus.brussels/services/architectorderservice/byCompanyNumber"/>
        <con:wsrmConfig version="1.2"/>
      </con:call>
      <con:call id="c3fc6f91-b456-43ee-8999-8b87a28bf921" name="5 - Prod - Worker2 - Request" outgoingWss="Outflow PROD" incomingWss="Inflow PROD">
        <con:settings>
          <con:setting id="com.eviware.soapui.impl.wsdl.WsdlRequest@request-headers">&lt;xml-fragment/></con:setting>
        </con:settings>
        <con:encoding>UTF-8</con:encoding>
        <con:endpoint>https://192.168.26.19:8443/services/ArchitectOrderService_v1.0</con:endpoint>
        <con:request><![CDATA[<soapenv:Envelope xmlns:soapenv="http://schemas.xmlsoap.org/soap/envelope/" xmlns:v1="http://fidus.brussels/service/architectorderservice/messages/v1" xmlns:v11="http://fidus.brussels/type/common/messages/v1">
   <soapenv:Header/>
   <soapenv:Body>
      <v1:byCompanyNumberRequest>
         <v1:messageContext>
         	  <v11:messageId>${=import static java.util.UUID.randomUUID; uuid = randomUUID() as String}</v11:messageId>
            <v11:timestamp>${=new java.text.SimpleDateFormat("yyyy-MM-dd'T'HH:mm:ss.SSS").format(new Date())}</v11:timestamp>
         </v1:messageContext>
         <v1:legalContext>ServiceIntegrator</v1:legalContext>
         <v1:request>
            <v1:companyNumber>BE 0535 693 485</v1:companyNumber>
         </v1:request>
      </v1:byCompanyNumberRequest>
   </soapenv:Body>
</soapenv:Envelope>]]></con:request>
        <con:credentials>
          <con:selectedAuthProfile>Basic</con:selectedAuthProfile>
          <con:addedBasicAuthenticationTypes>Basic</con:addedBasicAuthenticationTypes>
          <con:authType>Global HTTP Settings</con:authType>
        </con:credentials>
        <con:jmsConfig JMSDeliveryMode="PERSISTENT"/>
        <con:jmsPropertyConfig/>
        <con:wsaConfig mustUnderstand="NONE" version="200508" action="http://fidus.brussels/services/architectorderservice/byCompanyNumber"/>
        <con:wsrmConfig version="1.2"/>
      </con:call>
    </con:operation>
    <con:operation id="25537aba-deb1-4eae-91f8-00d49e3e5071" isOneWay="false" action="http://fidus.brussels/services/architectorderservice/byNationalNumber" name="byNationalNumber" bindingOperationName="byNationalNumber" type="Request-Response" inputName="" receivesAttachments="false" sendsAttachments="false" anonymous="optional">
      <con:settings/>
      <con:call id="73339795-03d4-4f29-94dd-a75c92ba0bc3" name="1 - Local - Request" outgoingWss="Outflow DEV" incomingWss="Inflow DEV">
        <con:settings>
          <con:setting id="com.eviware.soapui.impl.wsdl.WsdlRequest@request-headers">&lt;xml-fragment/></con:setting>
        </con:settings>
        <con:encoding>UTF-8</con:encoding>
        <con:endpoint>https://localhost:8243/services/ArchitectOrderService_v1.0</con:endpoint>
        <con:request><![CDATA[<soapenv:Envelope xmlns:soapenv="http://schemas.xmlsoap.org/soap/envelope/" xmlns:v1="http://fidus.brussels/service/architectorderservice/messages/v1" xmlns:v11="http://fidus.brussels/type/common/messages/v1">
   <soapenv:Header/>
   <soapenv:Body>
      <v1:byNationalNumberRequest>
         <v1:messageContext>
         	  <v11:messageId>${=import static java.util.UUID.randomUUID; uuid = randomUUID() as String}</v11:messageId>
            <v11:timestamp>${=new java.text.SimpleDateFormat("yyyy-MM-dd'T'HH:mm:ss.SSS").format(new Date())}</v11:timestamp>
         </v1:messageContext>
         <v1:legalContext>ServiceIntegrator</v1:legalContext>
         <v1:request>
            <v1:personNumber>12003001507</v1:personNumber>
         </v1:request>
      </v1:byNationalNumberRequest>
   </soapenv:Body>
</soapenv:Envelope>]]></con:request>
        <con:credentials>
          <con:selectedAuthProfile>Basic</con:selectedAuthProfile>
          <con:addedBasicAuthenticationTypes>Basic</con:addedBasicAuthenticationTypes>
          <con:authType>Global HTTP Settings</con:authType>
        </con:credentials>
        <con:jmsConfig JMSDeliveryMode="PERSISTENT"/>
        <con:jmsPropertyConfig/>
        <con:wsaConfig mustUnderstand="NONE" version="200508" action="http://fidus.brussels/services/architectorderservice/byNationalNumber"/>
        <con:wsrmConfig version="1.2"/>
      </con:call>
      <con:call id="5cc4e7e6-f83a-44dd-9f0e-4122c1e2900a" name="2 - Dev - Request" outgoingWss="Outflow DEV" incomingWss="Inflow DEV">
        <con:settings>
          <con:setting id="com.eviware.soapui.impl.wsdl.WsdlRequest@request-headers">&lt;xml-fragment/></con:setting>
        </con:settings>
        <con:encoding>UTF-8</con:encoding>
        <con:endpoint>https://192.168.36.61:8243/services/ArchitectOrderService_v1.0</con:endpoint>
        <con:request><![CDATA[<soapenv:Envelope xmlns:soapenv="http://schemas.xmlsoap.org/soap/envelope/" xmlns:v1="http://fidus.brussels/service/architectorderservice/messages/v1" xmlns:v11="http://fidus.brussels/type/common/messages/v1">
   <soapenv:Header/>
   <soapenv:Body>
      <v1:byNationalNumberRequest>
         <v1:messageContext>
         	  <v11:messageId>${=import static java.util.UUID.randomUUID; uuid = randomUUID() as String}</v11:messageId>
            <v11:timestamp>${=new java.text.SimpleDateFormat("yyyy-MM-dd'T'HH:mm:ss.SSS").format(new Date())}</v11:timestamp>
         </v1:messageContext>
         <v1:legalContext>ServiceIntegrator</v1:legalContext>
         <v1:request>
            <v1:personNumber>12003001507</v1:personNumber>
         </v1:request>
      </v1:byNationalNumberRequest>
   </soapenv:Body>
</soapenv:Envelope>]]></con:request>
        <con:credentials>
          <con:selectedAuthProfile>Basic</con:selectedAuthProfile>
          <con:addedBasicAuthenticationTypes>Basic</con:addedBasicAuthenticationTypes>
          <con:authType>Global HTTP Settings</con:authType>
        </con:credentials>
        <con:jmsConfig JMSDeliveryMode="PERSISTENT"/>
        <con:jmsPropertyConfig/>
        <con:wsaConfig mustUnderstand="NONE" version="200508" action="http://fidus.brussels/services/architectorderservice/byNationalNumber"/>
        <con:wsrmConfig version="1.2"/>
      </con:call>
      <con:call id="102f5c06-b18e-4df4-876a-b13939100560" name="3 - Test - External - Request" outgoingWss="Outflow TEST" incomingWss="Inflow TEST">
        <con:settings>
          <con:setting id="com.eviware.soapui.impl.wsdl.WsdlRequest@request-headers">&lt;xml-fragment/></con:setting>
        </con:settings>
        <con:encoding>UTF-8</con:encoding>
        <con:endpoint>https://fidus-test.irisnetlab.be/services/ArchitectOrderService_v1.0</con:endpoint>
        <con:request><![CDATA[<soapenv:Envelope xmlns:soapenv="http://schemas.xmlsoap.org/soap/envelope/" xmlns:v1="http://fidus.brussels/service/architectorderservice/messages/v1" xmlns:v11="http://fidus.brussels/type/common/messages/v1">
   <soapenv:Header/>
   <soapenv:Body>
      <v1:byNationalNumberRequest>
         <v1:messageContext>
         	  <v11:messageId>${=import static java.util.UUID.randomUUID; uuid = randomUUID() as String}</v11:messageId>
            <v11:timestamp>${=new java.text.SimpleDateFormat("yyyy-MM-dd'T'HH:mm:ss.SSS").format(new Date())}</v11:timestamp>
         </v1:messageContext>
         <v1:legalContext>ServiceIntegrator</v1:legalContext>
         <v1:request>
            <v1:personNumber>86051242982</v1:personNumber>
         </v1:request>
      </v1:byNationalNumberRequest>
   </soapenv:Body>
</soapenv:Envelope>]]></con:request>
        <con:credentials>
          <con:selectedAuthProfile>Basic</con:selectedAuthProfile>
          <con:addedBasicAuthenticationTypes>Basic</con:addedBasicAuthenticationTypes>
          <con:authType>Global HTTP Settings</con:authType>
        </con:credentials>
        <con:jmsConfig JMSDeliveryMode="PERSISTENT"/>
        <con:jmsPropertyConfig/>
        <con:wsaConfig mustUnderstand="NONE" version="200508" action="http://fidus.brussels/services/architectorderservice/byNationalNumber"/>
        <con:wsrmConfig version="1.2"/>
      </con:call>
      <con:call id="cb33c1b3-827f-4ed9-9454-5cd864515e74" name="3 - Test - LB - Request" outgoingWss="Outflow TEST" incomingWss="Inflow TEST">
        <con:settings>
          <con:setting id="com.eviware.soapui.impl.wsdl.WsdlRequest@request-headers">&lt;xml-fragment/></con:setting>
        </con:settings>
        <con:encoding>UTF-8</con:encoding>
        <con:endpoint>https://esb-security-gw.sta.srv.cirb.lan:8443/services/ArchitectOrderService_v1.0</con:endpoint>
        <con:request><![CDATA[<soapenv:Envelope xmlns:soapenv="http://schemas.xmlsoap.org/soap/envelope/" xmlns:v1="http://fidus.brussels/service/architectorderservice/messages/v1" xmlns:v11="http://fidus.brussels/type/common/messages/v1">
   <soapenv:Header/>
   <soapenv:Body>
      <v1:byNationalNumberRequest>
         <v1:messageContext>
         	  <v11:messageId>${=import static java.util.UUID.randomUUID; uuid = randomUUID() as String}</v11:messageId>
            <v11:timestamp>${=new java.text.SimpleDateFormat("yyyy-MM-dd'T'HH:mm:ss.SSS").format(new Date())}</v11:timestamp>
         </v1:messageContext>
         <v1:legalContext>ServiceIntegrator</v1:legalContext>
         <v1:request>
            <v1:personNumber>86051242982</v1:personNumber>
         </v1:request>
      </v1:byNationalNumberRequest>
   </soapenv:Body>
</soapenv:Envelope>]]></con:request>
        <con:credentials>
          <con:selectedAuthProfile>Basic</con:selectedAuthProfile>
          <con:addedBasicAuthenticationTypes>Basic</con:addedBasicAuthenticationTypes>
          <con:authType>Global HTTP Settings</con:authType>
        </con:credentials>
        <con:jmsConfig JMSDeliveryMode="PERSISTENT"/>
        <con:jmsPropertyConfig/>
        <con:wsaConfig mustUnderstand="NONE" version="200508" action="http://fidus.brussels/services/architectorderservice/byNationalNumber"/>
        <con:wsrmConfig version="1.2"/>
      </con:call>
      <con:call id="cc31648a-96a3-4f0f-8d16-1de905f39a4d" name="3 - Test - Worker1 - Request" outgoingWss="Outflow TEST" incomingWss="Inflow TEST">
        <con:settings>
          <con:setting id="com.eviware.soapui.impl.wsdl.WsdlRequest@request-headers">&lt;xml-fragment/></con:setting>
        </con:settings>
        <con:encoding>UTF-8</con:encoding>
        <con:endpoint>https://192.168.22.53:8443/services/ArchitectOrderService_v1.0</con:endpoint>
        <con:request><![CDATA[<soapenv:Envelope xmlns:soapenv="http://schemas.xmlsoap.org/soap/envelope/" xmlns:v1="http://fidus.brussels/service/architectorderservice/messages/v1" xmlns:v11="http://fidus.brussels/type/common/messages/v1">
   <soapenv:Header/>
   <soapenv:Body>
      <v1:byNationalNumberRequest>
         <v1:messageContext>
         	  <v11:messageId>${=import static java.util.UUID.randomUUID; uuid = randomUUID() as String}</v11:messageId>
            <v11:timestamp>${=new java.text.SimpleDateFormat("yyyy-MM-dd'T'HH:mm:ss.SSS").format(new Date())}</v11:timestamp>
         </v1:messageContext>
         <v1:legalContext>NovaUser</v1:legalContext>
         <v1:request>
            <v1:personNumber>86051242982</v1:personNumber>
         </v1:request>
      </v1:byNationalNumberRequest>
   </soapenv:Body>
</soapenv:Envelope>]]></con:request>
        <con:credentials>
          <con:selectedAuthProfile>Basic</con:selectedAuthProfile>
          <con:addedBasicAuthenticationTypes>Basic</con:addedBasicAuthenticationTypes>
          <con:authType>Global HTTP Settings</con:authType>
        </con:credentials>
        <con:jmsConfig JMSDeliveryMode="PERSISTENT"/>
        <con:jmsPropertyConfig/>
        <con:wsaConfig mustUnderstand="NONE" version="200508" action="http://fidus.brussels/services/architectorderservice/byNationalNumber"/>
        <con:wsrmConfig version="1.2"/>
      </con:call>
      <con:call id="f8c70de5-ee12-48b1-a114-b4e11b779ff6" name="3 - Test - Worker2 - Request" outgoingWss="Outflow TEST" incomingWss="Inflow TEST">
        <con:settings>
          <con:setting id="com.eviware.soapui.impl.wsdl.WsdlRequest@request-headers">&lt;xml-fragment/></con:setting>
        </con:settings>
        <con:encoding>UTF-8</con:encoding>
        <con:endpoint>https://192.168.22.54:8443/services/ArchitectOrderService_v1.0</con:endpoint>
        <con:request><![CDATA[<soapenv:Envelope xmlns:soapenv="http://schemas.xmlsoap.org/soap/envelope/" xmlns:v1="http://fidus.brussels/service/architectorderservice/messages/v1" xmlns:v11="http://fidus.brussels/type/common/messages/v1">
   <soapenv:Header/>
   <soapenv:Body>
      <v1:byNationalNumberRequest>
         <v1:messageContext>
         	  <v11:messageId>${=import static java.util.UUID.randomUUID; uuid = randomUUID() as String}</v11:messageId>
            <v11:timestamp>${=new java.text.SimpleDateFormat("yyyy-MM-dd'T'HH:mm:ss.SSS").format(new Date())}</v11:timestamp>
         </v1:messageContext>
         <v1:legalContext>ServiceIntegrator</v1:legalContext>
         <v1:request>
            <v1:personNumber>86051242982</v1:personNumber>
         </v1:request>
      </v1:byNationalNumberRequest>
   </soapenv:Body>
</soapenv:Envelope>]]></con:request>
        <con:credentials>
          <con:selectedAuthProfile>Basic</con:selectedAuthProfile>
          <con:addedBasicAuthenticationTypes>Basic</con:addedBasicAuthenticationTypes>
          <con:authType>Global HTTP Settings</con:authType>
        </con:credentials>
        <con:jmsConfig JMSDeliveryMode="PERSISTENT"/>
        <con:jmsPropertyConfig/>
        <con:wsaConfig mustUnderstand="NONE" version="200508" action="http://fidus.brussels/services/architectorderservice/byNationalNumber"/>
        <con:wsrmConfig version="1.2"/>
      </con:call>
    </con:operation>
    <con:operation id="b60205d0-a1d5-4fee-9cb5-0d9bd1ab2f2d" isOneWay="false" action="http://fidus.brussels/services/architectorderservice/byReferenceNumber" name="byReferenceNumber" bindingOperationName="byReferenceNumber" type="Request-Response" inputName="" receivesAttachments="false" sendsAttachments="false" anonymous="optional">
      <con:settings/>
      <con:call id="16f763bd-c984-48fc-98a4-0ed6ba0d1691" name="1 - Local - Request" outgoingWss="Outflow DEV" incomingWss="Inflow DEV">
        <con:settings>
          <con:setting id="com.eviware.soapui.impl.wsdl.WsdlRequest@request-headers">&lt;xml-fragment/></con:setting>
        </con:settings>
        <con:encoding>UTF-8</con:encoding>
        <con:endpoint>https://localhost:8243/services/ArchitectOrderService_v1.0</con:endpoint>
        <con:request><![CDATA[<soapenv:Envelope xmlns:soapenv="http://schemas.xmlsoap.org/soap/envelope/" xmlns:v1="http://fidus.brussels/service/architectorderservice/messages/v1" xmlns:v11="http://fidus.brussels/type/common/messages/v1">
   <soapenv:Header/>
   <soapenv:Body>
      <v1:byReferenceNumberRequest>
         <v1:messageContext>
         	  <v11:messageId>${=import static java.util.UUID.randomUUID; uuid = randomUUID() as String}</v11:messageId>
            <v11:timestamp>${=new java.text.SimpleDateFormat("yyyy-MM-dd'T'HH:mm:ss.SSS").format(new Date())}</v11:timestamp>
         </v1:messageContext>
         <v1:legalContext>ServiceIntegrator</v1:legalContext>
         <v1:request>
            <v1:referenceNumber>XX2900107</v1:referenceNumber>
         </v1:request>
      </v1:byReferenceNumberRequest>
   </soapenv:Body>
</soapenv:Envelope>]]></con:request>
        <con:credentials>
          <con:selectedAuthProfile>Basic</con:selectedAuthProfile>
          <con:addedBasicAuthenticationTypes>Basic</con:addedBasicAuthenticationTypes>
          <con:authType>Global HTTP Settings</con:authType>
        </con:credentials>
        <con:jmsConfig JMSDeliveryMode="PERSISTENT"/>
        <con:jmsPropertyConfig/>
        <con:wsaConfig mustUnderstand="NONE" version="200508" action="http://fidus.brussels/services/architectorderservice/byReferenceNumber"/>
        <con:wsrmConfig version="1.2"/>
      </con:call>
      <con:call id="f6efbd6a-8b6e-405d-956f-be81d9b7a011" name="2 - Dev - Request" outgoingWss="Outflow DEV" incomingWss="Inflow DEV">
        <con:settings>
          <con:setting id="com.eviware.soapui.impl.wsdl.WsdlRequest@request-headers">&lt;xml-fragment/></con:setting>
        </con:settings>
        <con:encoding>UTF-8</con:encoding>
        <con:endpoint>https://192.168.36.61:8243/services/ArchitectOrderService_v1.0</con:endpoint>
        <con:request><![CDATA[<soapenv:Envelope xmlns:soapenv="http://schemas.xmlsoap.org/soap/envelope/" xmlns:v1="http://fidus.brussels/service/architectorderservice/messages/v1" xmlns:v11="http://fidus.brussels/type/common/messages/v1">
   <soapenv:Header/>
   <soapenv:Body>
      <v1:byReferenceNumberRequest>
         <v1:messageContext>
         	  <v11:messageId>${=import static java.util.UUID.randomUUID; uuid = randomUUID() as String}</v11:messageId>
            <v11:timestamp>${=new java.text.SimpleDateFormat("yyyy-MM-dd'T'HH:mm:ss.SSS").format(new Date())}</v11:timestamp>
         </v1:messageContext>
         <v1:legalContext>ServiceIntegrator</v1:legalContext>
         <v1:request>
            <v1:referenceNumber>2900107</v1:referenceNumber>
         </v1:request>
      </v1:byReferenceNumberRequest>
   </soapenv:Body>
</soapenv:Envelope>]]></con:request>
        <con:credentials>
          <con:selectedAuthProfile>Basic</con:selectedAuthProfile>
          <con:addedBasicAuthenticationTypes>Basic</con:addedBasicAuthenticationTypes>
          <con:authType>Global HTTP Settings</con:authType>
        </con:credentials>
        <con:jmsConfig JMSDeliveryMode="PERSISTENT"/>
        <con:jmsPropertyConfig/>
        <con:wsaConfig mustUnderstand="NONE" version="200508" action="http://fidus.brussels/services/architectorderservice/byReferenceNumber"/>
        <con:wsrmConfig version="1.2"/>
      </con:call>
      <con:call id="c59086f2-b8fd-4082-a905-5629d5b200c6" name="3 - Test - External - Request" outgoingWss="Outflow TEST" incomingWss="Inflow TEST">
        <con:settings>
          <con:setting id="com.eviware.soapui.impl.wsdl.WsdlRequest@request-headers">&lt;xml-fragment/></con:setting>
        </con:settings>
        <con:encoding>UTF-8</con:encoding>
        <con:endpoint>https://fidus-test.irisnetlab.be/services/ArchitectOrderService_v1.0</con:endpoint>
        <con:request><![CDATA[<soapenv:Envelope xmlns:soapenv="http://schemas.xmlsoap.org/soap/envelope/" xmlns:v1="http://fidus.brussels/service/architectorderservice/messages/v1" xmlns:v11="http://fidus.brussels/type/common/messages/v1">
   <soapenv:Header/>
   <soapenv:Body>
      <v1:byReferenceNumberRequest>
         <v1:messageContext>
         	  <v11:messageId>${=import static java.util.UUID.randomUUID; uuid = randomUUID() as String}</v11:messageId>
            <v11:timestamp>${=new java.text.SimpleDateFormat("yyyy-MM-dd'T'HH:mm:ss.SSS").format(new Date())}</v11:timestamp>
         </v1:messageContext>
         <v1:legalContext>NovaUser</v1:legalContext>
         <v1:request>
            <v1:referenceNumber>2900107</v1:referenceNumber>
         </v1:request>
      </v1:byReferenceNumberRequest>
   </soapenv:Body>
</soapenv:Envelope>]]></con:request>
        <con:credentials>
          <con:selectedAuthProfile>Basic</con:selectedAuthProfile>
          <con:addedBasicAuthenticationTypes>Basic</con:addedBasicAuthenticationTypes>
          <con:authType>Global HTTP Settings</con:authType>
        </con:credentials>
        <con:jmsConfig JMSDeliveryMode="PERSISTENT"/>
        <con:jmsPropertyConfig/>
        <con:wsaConfig mustUnderstand="NONE" version="200508" action="http://fidus.brussels/services/architectorderservice/byReferenceNumber"/>
        <con:wsrmConfig version="1.2"/>
      </con:call>
      <con:call id="671c79d9-637b-44d2-8d46-b20a0cd8da69" name="3 - Test - LB - Request" outgoingWss="Outflow TEST" incomingWss="Inflow TEST">
        <con:settings>
          <con:setting id="com.eviware.soapui.impl.wsdl.WsdlRequest@request-headers">&lt;xml-fragment/></con:setting>
        </con:settings>
        <con:encoding>UTF-8</con:encoding>
        <con:endpoint>https://esb-security-gw.sta.srv.cirb.lan:8443/services/ArchitectOrderService_v1.0</con:endpoint>
        <con:request><![CDATA[<soapenv:Envelope xmlns:soapenv="http://schemas.xmlsoap.org/soap/envelope/" xmlns:v1="http://fidus.brussels/service/architectorderservice/messages/v1" xmlns:v11="http://fidus.brussels/type/common/messages/v1">
   <soapenv:Header/>
   <soapenv:Body>
      <v1:byReferenceNumberRequest>
         <v1:messageContext>
         	  <v11:messageId>${=import static java.util.UUID.randomUUID; uuid = randomUUID() as String}</v11:messageId>
            <v11:timestamp>${=new java.text.SimpleDateFormat("yyyy-MM-dd'T'HH:mm:ss.SSS").format(new Date())}</v11:timestamp>
         </v1:messageContext>
         <v1:legalContext>ServiceIntegrator</v1:legalContext>
         <v1:request>
            <v1:referenceNumber>2900107</v1:referenceNumber>
         </v1:request>
      </v1:byReferenceNumberRequest>
   </soapenv:Body>
</soapenv:Envelope>]]></con:request>
        <con:credentials>
          <con:selectedAuthProfile>Basic</con:selectedAuthProfile>
          <con:addedBasicAuthenticationTypes>Basic</con:addedBasicAuthenticationTypes>
          <con:authType>Global HTTP Settings</con:authType>
        </con:credentials>
        <con:jmsConfig JMSDeliveryMode="PERSISTENT"/>
        <con:jmsPropertyConfig/>
        <con:wsaConfig mustUnderstand="NONE" version="200508" action="http://fidus.brussels/services/architectorderservice/byReferenceNumber"/>
        <con:wsrmConfig version="1.2"/>
      </con:call>
      <con:call id="94c74b43-f0fb-42af-92ed-30a6e0bda47f" name="3 - Test - Worker1 - Request" outgoingWss="Outflow TEST" incomingWss="Inflow TEST">
        <con:settings>
          <con:setting id="com.eviware.soapui.impl.wsdl.WsdlRequest@request-headers">&lt;xml-fragment/></con:setting>
        </con:settings>
        <con:encoding>UTF-8</con:encoding>
        <con:endpoint>https://192.168.22.53:8443/services/ArchitectOrderService_v1.0</con:endpoint>
        <con:request><![CDATA[<soapenv:Envelope xmlns:soapenv="http://schemas.xmlsoap.org/soap/envelope/" xmlns:v1="http://fidus.brussels/service/architectorderservice/messages/v1" xmlns:v11="http://fidus.brussels/type/common/messages/v1">
   <soapenv:Header/>
   <soapenv:Body>
      <v1:byReferenceNumberRequest>
         <v1:messageContext>
         	  <v11:messageId>${=import static java.util.UUID.randomUUID; uuid = randomUUID() as String}</v11:messageId>
            <v11:timestamp>${=new java.text.SimpleDateFormat("yyyy-MM-dd'T'HH:mm:ss.SSS").format(new Date())}</v11:timestamp>
         </v1:messageContext>
         <v1:legalContext>NovaUser</v1:legalContext>
         <v1:request>
            <v1:referenceNumber>2900107</v1:referenceNumber>
         </v1:request>
      </v1:byReferenceNumberRequest>
   </soapenv:Body>
</soapenv:Envelope>]]></con:request>
        <con:credentials>
          <con:selectedAuthProfile>Basic</con:selectedAuthProfile>
          <con:addedBasicAuthenticationTypes>Basic</con:addedBasicAuthenticationTypes>
          <con:authType>Global HTTP Settings</con:authType>
        </con:credentials>
        <con:jmsConfig JMSDeliveryMode="PERSISTENT"/>
        <con:jmsPropertyConfig/>
        <con:wsaConfig mustUnderstand="NONE" version="200508" action="http://fidus.brussels/services/architectorderservice/byReferenceNumber"/>
        <con:wsrmConfig version="1.2"/>
      </con:call>
      <con:call id="d29ab91f-ed4c-4eae-9162-6a933b3cae4f" name="3 - Test - Worker2 - Request" outgoingWss="Outflow TEST" incomingWss="Inflow TEST">
        <con:settings>
          <con:setting id="com.eviware.soapui.impl.wsdl.WsdlRequest@request-headers">&lt;xml-fragment/></con:setting>
        </con:settings>
        <con:encoding>UTF-8</con:encoding>
        <con:endpoint>https://192.168.22.54:8443/services/ArchitectOrderService_v1.0</con:endpoint>
        <con:request><![CDATA[<soapenv:Envelope xmlns:soapenv="http://schemas.xmlsoap.org/soap/envelope/" xmlns:v1="http://fidus.brussels/service/architectorderservice/messages/v1" xmlns:v11="http://fidus.brussels/type/common/messages/v1">
   <soapenv:Header/>
   <soapenv:Body>
      <v1:byReferenceNumberRequest>
         <v1:messageContext>
         	  <v11:messageId>${=import static java.util.UUID.randomUUID; uuid = randomUUID() as String}</v11:messageId>
            <v11:timestamp>${=new java.text.SimpleDateFormat("yyyy-MM-dd'T'HH:mm:ss.SSS").format(new Date())}</v11:timestamp>
         </v1:messageContext>
         <v1:legalContext>ServiceIntegrator</v1:legalContext>
         <v1:request>
            <v1:referenceNumber>2900107</v1:referenceNumber>
         </v1:request>
      </v1:byReferenceNumberRequest>
   </soapenv:Body>
</soapenv:Envelope>]]></con:request>
        <con:credentials>
          <con:selectedAuthProfile>Basic</con:selectedAuthProfile>
          <con:addedBasicAuthenticationTypes>Basic</con:addedBasicAuthenticationTypes>
          <con:authType>Global HTTP Settings</con:authType>
        </con:credentials>
        <con:jmsConfig JMSDeliveryMode="PERSISTENT"/>
        <con:jmsPropertyConfig/>
        <con:wsaConfig mustUnderstand="NONE" version="200508" action="http://fidus.brussels/services/architectorderservice/byReferenceNumber"/>
        <con:wsrmConfig version="1.2"/>
      </con:call>
    </con:operation>
  </con:interface>
  <con:testSuite id="f9202770-4283-4b53-9c63-8fc4051ae17b" name="DEV"><con:settings/><con:runType>SEQUENTIAL</con:runType><con:testCase id="e6353299-b1d0-4050-8dbf-45fff555dcce" failOnError="true" failTestCaseOnErrors="true" keepSession="false" maxResults="0" name="byCompanyNumber" searchProperties="true"><con:settings/><con:testStep type="request" id="f12fa1d7-87e8-4060-9dce-4dab0faa7cfa" name="testcase2 - Dev - Request"><con:settings/><con:config xsi:type="con:RequestStep" xmlns:xsi="http://www.w3.org/2001/XMLSchema-instance"><con:interface>ArchitectOrderServiceHTTPBinding</con:interface><con:operation>byCompanyNumber</con:operation><con:request name="testcase2 - Dev - Request" id="0991d51f-ff77-4901-9ad6-1f4bad00182f" outgoingWss="Outflow DEV"><con:settings/><con:encoding>UTF-8</con:encoding><con:endpoint>https://192.168.36.61:8243/services/ArchitectOrderService_v1.0</con:endpoint><con:request><![CDATA[<soapenv:Envelope xmlns:soapenv="http://schemas.xmlsoap.org/soap/envelope/" xmlns:v1="http://fidus.brussels/service/architectorderservice/messages/v1" xmlns:v11="http://fidus.brussels/type/common/messages/v1">
   <soapenv:Header/>
   <soapenv:Body>
      <v1:byCompanyNumberRequest>
         <v1:messageContext>
         	  <v11:messageId>${=import static java.util.UUID.randomUUID; uuid = randomUUID() as String}</v11:messageId>
            <v11:timestamp>${=new java.text.SimpleDateFormat("yyyy-MM-dd'T'HH:mm:ss.SSS").format(new Date())}</v11:timestamp>
         </v1:messageContext>
         <v1:legalContext>ServiceIntegrator</v1:legalContext>
         <v1:request>
            <v1:companyNumber>123456789</v1:companyNumber>
         </v1:request>
      </v1:byCompanyNumberRequest>
   </soapenv:Body>
</soapenv:Envelope>]]></con:request><con:assertion type="SOAP Fault Assertion" id="8e28a518-4d11-4365-944a-18ea0b60fd9b" name="Not SOAP Fault"/><con:assertion type="SOAP Response" id="4ee52f75-dd74-4b56-a1c6-70d64c56c7c3" name="SOAP Response"/><con:assertion type="Schema Compliance" id="cc779b10-744c-4885-9761-49db39db2085" name="Schema Compliance"><con:configuration/></con:assertion><con:wsaConfig action="http://fidus.brussels/services/architectorderservice/byCompanyNumber"/></con:request></con:config></con:testStep><con:properties/></con:testCase><con:testCase id="2a8295bf-0e2d-409e-a395-3267bfb9d2ea" failOnError="true" failTestCaseOnErrors="true" keepSession="false" maxResults="0" name="byNationalNumber" searchProperties="true"><con:settings/><con:testStep type="request" id="f4906b72-cfc0-462e-8572-b1c8db44916a" name="testcase2 - Dev - Request"><con:settings/><con:config xsi:type="con:RequestStep" xmlns:xsi="http://www.w3.org/2001/XMLSchema-instance"><con:interface>ArchitectOrderServiceHTTPBinding</con:interface><con:operation>byNationalNumber</con:operation><con:request name="testcase2 - Dev - Request" id="cc6b9900-394d-4101-9a19-a644ef1fe116" outgoingWss="Outflow DEV"><con:settings/><con:encoding>UTF-8</con:encoding><con:endpoint>https://192.168.36.61:8243/services/ArchitectOrderService_v1.0</con:endpoint><con:request><![CDATA[<soapenv:Envelope xmlns:soapenv="http://schemas.xmlsoap.org/soap/envelope/" xmlns:v1="http://fidus.brussels/service/architectorderservice/messages/v1" xmlns:v11="http://fidus.brussels/type/common/messages/v1">
   <soapenv:Header/>
   <soapenv:Body>
      <v1:byNationalNumberRequest>
         <v1:messageContext>
         	  <v11:messageId>${=import static java.util.UUID.randomUUID; uuid = randomUUID() as String}</v11:messageId>
            <v11:timestamp>${=new java.text.SimpleDateFormat("yyyy-MM-dd'T'HH:mm:ss.SSS").format(new Date())}</v11:timestamp>
         </v1:messageContext>
         <v1:legalContext>ServiceIntegrator</v1:legalContext>
         <v1:request>
            <v1:personNumber>12003001507</v1:personNumber>
         </v1:request>
      </v1:byNationalNumberRequest>
   </soapenv:Body>
</soapenv:Envelope>]]></con:request><con:assertion type="SOAP Fault Assertion" id="b5be4c8c-a17c-4b01-aa3c-262cf486f833" name="Not SOAP Fault"/><con:assertion type="SOAP Response" id="dbd5ab3a-a906-4b2c-abed-3b0514acec85" name="SOAP Response"/><con:assertion type="Schema Compliance" id="6cab5547-6d93-44af-bc52-689488e4073b" name="Schema Compliance"><con:configuration/></con:assertion><con:wsaConfig action="http://fidus.brussels/services/architectorderservice/byNationalNumber"/></con:request></con:config></con:testStep><con:properties/></con:testCase><con:testCase id="60981852-5736-4492-a2b9-88f1cb3cfd85" failOnError="true" failTestCaseOnErrors="true" keepSession="false" maxResults="0" name="byReferenceNumber" searchProperties="true"><con:settings/><con:testStep type="request" id="54d17acc-f5b1-4d3c-91a0-c04c7940996a" name="testcase2 - Dev - Request"><con:settings/><con:config xsi:type="con:RequestStep" xmlns:xsi="http://www.w3.org/2001/XMLSchema-instance"><con:interface>ArchitectOrderServiceHTTPBinding</con:interface><con:operation>byReferenceNumber</con:operation><con:request name="testcase2 - Dev - Request" id="cdce9e56-5354-4748-9ba8-2a292184dcc0" outgoingWss="Outflow DEV"><con:settings/><con:encoding>UTF-8</con:encoding><con:endpoint>https://192.168.36.61:8243/services/ArchitectOrderService_v1.0</con:endpoint><con:request><![CDATA[<soapenv:Envelope xmlns:soapenv="http://schemas.xmlsoap.org/soap/envelope/" xmlns:v1="http://fidus.brussels/service/architectorderservice/messages/v1" xmlns:v11="http://fidus.brussels/type/common/messages/v1">
   <soapenv:Header/>
   <soapenv:Body>
      <v1:byReferenceNumberRequest>
         <v1:messageContext>
         	  <v11:messageId>${=import static java.util.UUID.randomUUID; uuid = randomUUID() as String}</v11:messageId>
            <v11:timestamp>${=new java.text.SimpleDateFormat("yyyy-MM-dd'T'HH:mm:ss.SSS").format(new Date())}</v11:timestamp>
         </v1:messageContext>
         <v1:legalContext>ServiceIntegrator</v1:legalContext>
         <v1:request>
            <v1:referenceNumber>2900107</v1:referenceNumber>
         </v1:request>
      </v1:byReferenceNumberRequest>
   </soapenv:Body>
</soapenv:Envelope>]]></con:request><con:assertion type="SOAP Fault Assertion" id="72901429-b958-4084-b7da-df0081eb9d6b" name="Not SOAP Fault"/><con:assertion type="SOAP Response" id="52d0cf7a-7944-416f-87bc-a14733c1a37f" name="SOAP Response"/><con:assertion type="Schema Compliance" id="c237edae-b7a0-47e1-8dd6-e6b8af882374" name="Schema Compliance"><con:configuration/></con:assertion><con:wsaConfig action="http://fidus.brussels/services/architectorderservice/byReferenceNumber"/></con:request></con:config></con:testStep><con:properties/></con:testCase><con:properties/></con:testSuite><con:testSuite id="815df195-7f4b-45a4-bf10-ede156d79198" name="TEST"><con:settings/><con:runType>SEQUENTIAL</con:runType><con:testCase id="77aabacd-15c8-4e8b-ac57-10945b0d0519" failOnError="true" failTestCaseOnErrors="true" keepSession="false" maxResults="0" name="byCompanyNumber" searchProperties="true"><con:settings/><con:testStep type="request" id="99fb5e3d-565f-4227-9c97-207b0a2b41bc" name="testcase3 - Test - External - Request"><con:settings/><con:config xsi:type="con:RequestStep" xmlns:xsi="http://www.w3.org/2001/XMLSchema-instance"><con:interface>ArchitectOrderServiceHTTPBinding</con:interface><con:operation>byCompanyNumber</con:operation><con:request name="testcase3 - Test - External - Request" id="70e33218-e6d5-4c00-9987-2993b04f7f99" outgoingWss="Outflow TEST"><con:settings/><con:encoding>UTF-8</con:encoding><con:endpoint>https://fidus-test.irisnetlab.be/services/ArchitectOrderService_v1.0</con:endpoint><con:request><![CDATA[<soapenv:Envelope xmlns:soapenv="http://schemas.xmlsoap.org/soap/envelope/" xmlns:v1="http://fidus.brussels/service/architectorderservice/messages/v1" xmlns:v11="http://fidus.brussels/type/common/messages/v1">
   <soapenv:Header/>
   <soapenv:Body>
      <v1:byCompanyNumberRequest>
         <v1:messageContext>
         	  <v11:messageId>${=import static java.util.UUID.randomUUID; uuid = randomUUID() as String}</v11:messageId>
            <v11:timestamp>${=new java.text.SimpleDateFormat("yyyy-MM-dd'T'HH:mm:ss.SSS").format(new Date())}</v11:timestamp>
         </v1:messageContext>
         <v1:legalContext>ServiceIntegrator</v1:legalContext>
         <v1:request>
            <v1:companyNumber>BE 0535 693 485</v1:companyNumber>
         </v1:request>
      </v1:byCompanyNumberRequest>
   </soapenv:Body>
</soapenv:Envelope>]]></con:request><con:assertion type="SOAP Fault Assertion" id="3e228e0d-a9bc-491e-ab65-7754e2e029a1" name="Not SOAP Fault"/><con:assertion type="SOAP Response" id="7f9072c7-89ce-44be-94a8-c8e2dfc764c1" name="SOAP Response"/><con:assertion type="Schema Compliance" id="36c39ee8-5f2f-411f-bb66-aaa1aae8d12a" name="Schema Compliance"><con:configuration/></con:assertion><con:wsaConfig action="http://fidus.brussels/services/architectorderservice/byCompanyNumber"/></con:request></con:config></con:testStep><con:testStep type="request" id="1c15b733-4aa1-4022-9c28-75c5569caf65" name="testcase3 - Test - LB - Request"><con:settings/><con:config xsi:type="con:RequestStep" xmlns:xsi="http://www.w3.org/2001/XMLSchema-instance"><con:interface>ArchitectOrderServiceHTTPBinding</con:interface><con:operation>byCompanyNumber</con:operation><con:request name="testcase3 - Test - LB - Request" id="cdf7d4a9-9ea2-4f42-b9fd-e941d565885b" outgoingWss="Outflow TEST"><con:settings/><con:encoding>UTF-8</con:encoding><con:endpoint>https://esb-security-gw.sta.srv.cirb.lan:8443/services/ArchitectOrderService_v1.0</con:endpoint><con:request><![CDATA[<soapenv:Envelope xmlns:soapenv="http://schemas.xmlsoap.org/soap/envelope/" xmlns:v1="http://fidus.brussels/service/architectorderservice/messages/v1" xmlns:v11="http://fidus.brussels/type/common/messages/v1">
   <soapenv:Header/>
   <soapenv:Body>
      <v1:byCompanyNumberRequest>
         <v1:messageContext>
         	  <v11:messageId>${=import static java.util.UUID.randomUUID; uuid = randomUUID() as String}</v11:messageId>
            <v11:timestamp>${=new java.text.SimpleDateFormat("yyyy-MM-dd'T'HH:mm:ss.SSS").format(new Date())}</v11:timestamp>
         </v1:messageContext>
         <v1:legalContext>ServiceIntegrator</v1:legalContext>
         <v1:request>
            <v1:companyNumber>BE 0535 693 485</v1:companyNumber>
         </v1:request>
      </v1:byCompanyNumberRequest>
   </soapenv:Body>
</soapenv:Envelope>]]></con:request><con:assertion type="SOAP Fault Assertion" id="0a11763b-d4c7-4df0-ace8-bf39b254ceb5" name="Not SOAP Fault"/><con:assertion type="SOAP Response" id="bb531172-7d75-47b7-b0f2-7f3c6b791ed9" name="SOAP Response"/><con:assertion type="Schema Compliance" id="c9a50264-28c5-4a71-a17f-4f0d16a4a0c3" name="Schema Compliance"><con:configuration/></con:assertion><con:wsaConfig action="http://fidus.brussels/services/architectorderservice/byCompanyNumber"/></con:request></con:config></con:testStep><con:testStep type="request" id="380e9409-cba3-450c-bf6f-85bdb7bc676a" name="testcase3 - Test - Worker1 - Request"><con:settings/><con:config xsi:type="con:RequestStep" xmlns:xsi="http://www.w3.org/2001/XMLSchema-instance"><con:interface>ArchitectOrderServiceHTTPBinding</con:interface><con:operation>byCompanyNumber</con:operation><con:request name="testcase3 - Test - Worker1 - Request" id="bd435b76-d3d6-461f-895a-426c5a68e3d9" outgoingWss="Outflow TEST"><con:settings/><con:encoding>UTF-8</con:encoding><con:endpoint>https://192.168.22.53:8443/services/ArchitectOrderService_v1.0</con:endpoint><con:request><![CDATA[<soapenv:Envelope xmlns:soapenv="http://schemas.xmlsoap.org/soap/envelope/" xmlns:v1="http://fidus.brussels/service/architectorderservice/messages/v1" xmlns:v11="http://fidus.brussels/type/common/messages/v1">
   <soapenv:Header/>
   <soapenv:Body>
      <v1:byCompanyNumberRequest>
         <v1:messageContext>
         	  <v11:messageId>${=import static java.util.UUID.randomUUID; uuid = randomUUID() as String}</v11:messageId>
            <v11:timestamp>${=new java.text.SimpleDateFormat("yyyy-MM-dd'T'HH:mm:ss.SSS").format(new Date())}</v11:timestamp>
         </v1:messageContext>
         <v1:legalContext>ServiceIntegrator</v1:legalContext>
         <v1:request>
            <v1:companyNumber>BE 0535 693 485</v1:companyNumber>
         </v1:request>
      </v1:byCompanyNumberRequest>
   </soapenv:Body>
</soapenv:Envelope>]]></con:request><con:assertion type="SOAP Fault Assertion" id="4ffb2018-8e75-4a13-9e92-d7adbffccd5c" name="Not SOAP Fault"/><con:assertion type="SOAP Response" id="2aeb085e-33ce-459e-aafe-8f828ec206f0" name="SOAP Response"/><con:assertion type="Schema Compliance" id="7fce0eb8-3ffe-443e-a8c9-d650b1c2b093" name="Schema Compliance"><con:configuration/></con:assertion><con:wsaConfig action="http://fidus.brussels/services/architectorderservice/byCompanyNumber"/></con:request></con:config></con:testStep><con:testStep type="request" id="83088395-abc5-4219-9170-ba0de4b84bc8" name="testcase3 - Test - Worker2 - Request"><con:settings/><con:config xsi:type="con:RequestStep" xmlns:xsi="http://www.w3.org/2001/XMLSchema-instance"><con:interface>ArchitectOrderServiceHTTPBinding</con:interface><con:operation>byCompanyNumber</con:operation><con:request name="testcase3 - Test - Worker2 - Request" id="9738539e-fdf7-46b6-8de3-5a0833cd6f2b" outgoingWss="Outflow TEST"><con:settings/><con:encoding>UTF-8</con:encoding><con:endpoint>https://192.168.22.54:8443/services/ArchitectOrderService_v1.0</con:endpoint><con:request><![CDATA[<soapenv:Envelope xmlns:soapenv="http://schemas.xmlsoap.org/soap/envelope/" xmlns:v1="http://fidus.brussels/service/architectorderservice/messages/v1" xmlns:v11="http://fidus.brussels/type/common/messages/v1">
   <soapenv:Header/>
   <soapenv:Body>
      <v1:byCompanyNumberRequest>
         <v1:messageContext>
         	  <v11:messageId>${=import static java.util.UUID.randomUUID; uuid = randomUUID() as String}</v11:messageId>
            <v11:timestamp>${=new java.text.SimpleDateFormat("yyyy-MM-dd'T'HH:mm:ss.SSS").format(new Date())}</v11:timestamp>
         </v1:messageContext>
         <v1:legalContext>ServiceIntegrator</v1:legalContext>
         <v1:request>
            <v1:companyNumber>BE 0535 693 485</v1:companyNumber>
         </v1:request>
      </v1:byCompanyNumberRequest>
   </soapenv:Body>
</soapenv:Envelope>]]></con:request><con:assertion type="SOAP Fault Assertion" id="0f583041-7307-428a-8b5c-5290720a8ec2" name="Not SOAP Fault"/><con:assertion type="SOAP Response" id="f15d95f1-514b-4e33-8a89-5636a8b64169" name="SOAP Response"/><con:assertion type="Schema Compliance" id="889e16f9-e2d1-4c53-9b3e-7584168aedc9" name="Schema Compliance"><con:configuration/></con:assertion><con:wsaConfig action="http://fidus.brussels/services/architectorderservice/byCompanyNumber"/></con:request></con:config></con:testStep><con:properties/></con:testCase><con:testCase id="a4e52b98-5d28-43aa-9097-2864a48c32ac" failOnError="true" failTestCaseOnErrors="true" keepSession="false" maxResults="0" name="byNationalNumber" searchProperties="true"><con:settings/><con:testStep type="request" id="a6963bfb-a811-4121-b588-f48439e0ab7e" name="testcase3 - Test - External - Request"><con:settings/><con:config xsi:type="con:RequestStep" xmlns:xsi="http://www.w3.org/2001/XMLSchema-instance"><con:interface>ArchitectOrderServiceHTTPBinding</con:interface><con:operation>byNationalNumber</con:operation><con:request name="testcase3 - Test - External - Request" id="ec8a4dfc-ada3-4279-8d55-ddec05dd4f30" outgoingWss="Outflow TEST"><con:settings/><con:encoding>UTF-8</con:encoding><con:endpoint>https://fidus-test.irisnetlab.be/services/ArchitectOrderService_v1.0</con:endpoint><con:request><![CDATA[<soapenv:Envelope xmlns:soapenv="http://schemas.xmlsoap.org/soap/envelope/" xmlns:v1="http://fidus.brussels/service/architectorderservice/messages/v1" xmlns:v11="http://fidus.brussels/type/common/messages/v1">
   <soapenv:Header/>
   <soapenv:Body>
      <v1:byNationalNumberRequest>
         <v1:messageContext>
         	  <v11:messageId>${=import static java.util.UUID.randomUUID; uuid = randomUUID() as String}</v11:messageId>
            <v11:timestamp>${=new java.text.SimpleDateFormat("yyyy-MM-dd'T'HH:mm:ss.SSS").format(new Date())}</v11:timestamp>
         </v1:messageContext>
         <v1:legalContext>ServiceIntegrator</v1:legalContext>
         <v1:request>
            <v1:personNumber>86051242982</v1:personNumber>
         </v1:request>
      </v1:byNationalNumberRequest>
   </soapenv:Body>
</soapenv:Envelope>]]></con:request><con:assertion type="SOAP Fault Assertion" id="17f47475-8026-4980-a965-d8eab22e6fb0" name="Not SOAP Fault"/><con:assertion type="SOAP Response" id="1d0149fe-f6d7-4532-a6b5-096cd6fb4a3a" name="SOAP Response"/><con:assertion type="Schema Compliance" id="b0dbaa31-80ec-4560-ba91-6494145f37b9" name="Schema Compliance"><con:configuration/></con:assertion><con:wsaConfig action="http://fidus.brussels/services/architectorderservice/byNationalNumber"/></con:request></con:config></con:testStep><con:testStep type="request" id="3b351d95-d4e4-4b49-8fb9-432e7212de6e" name="testcase3 - Test - LB - Request"><con:settings/><con:config xsi:type="con:RequestStep" xmlns:xsi="http://www.w3.org/2001/XMLSchema-instance"><con:interface>ArchitectOrderServiceHTTPBinding</con:interface><con:operation>byNationalNumber</con:operation><con:request name="testcase3 - Test - LB - Request" id="3f8d9db5-1b6c-4d16-838d-302907c4fb2f" outgoingWss="Outflow TEST"><con:settings/><con:encoding>UTF-8</con:encoding><con:endpoint>https://esb-security-gw.sta.srv.cirb.lan:8443/services/ArchitectOrderService_v1.0</con:endpoint><con:request><![CDATA[<soapenv:Envelope xmlns:soapenv="http://schemas.xmlsoap.org/soap/envelope/" xmlns:v1="http://fidus.brussels/service/architectorderservice/messages/v1" xmlns:v11="http://fidus.brussels/type/common/messages/v1">
   <soapenv:Header/>
   <soapenv:Body>
      <v1:byNationalNumberRequest>
         <v1:messageContext>
         	  <v11:messageId>${=import static java.util.UUID.randomUUID; uuid = randomUUID() as String}</v11:messageId>
            <v11:timestamp>${=new java.text.SimpleDateFormat("yyyy-MM-dd'T'HH:mm:ss.SSS").format(new Date())}</v11:timestamp>
         </v1:messageContext>
         <v1:legalContext>ServiceIntegrator</v1:legalContext>
         <v1:request>
            <v1:personNumber>86051242982</v1:personNumber>
         </v1:request>
      </v1:byNationalNumberRequest>
   </soapenv:Body>
</soapenv:Envelope>]]></con:request><con:assertion type="SOAP Fault Assertion" id="930b3aa7-c9f6-4c2c-b20b-11b8f49791b3" name="Not SOAP Fault"/><con:assertion type="SOAP Response" id="318dad52-32a6-406a-8a86-330b8d47f82a" name="SOAP Response"/><con:assertion type="Schema Compliance" id="a60b40b3-d487-425e-a2a0-f75db858ca89" name="Schema Compliance"><con:configuration/></con:assertion><con:wsaConfig action="http://fidus.brussels/services/architectorderservice/byNationalNumber"/></con:request></con:config></con:testStep><con:testStep type="request" id="0e5707b6-d6c8-4514-9bd6-363988b92d3a" name="testcase3 - Test - Worker1 - Request"><con:settings/><con:config xsi:type="con:RequestStep" xmlns:xsi="http://www.w3.org/2001/XMLSchema-instance"><con:interface>ArchitectOrderServiceHTTPBinding</con:interface><con:operation>byNationalNumber</con:operation><con:request name="testcase3 - Test - Worker1 - Request" id="5c4a567c-a08b-4747-8a75-037d72c3359d" outgoingWss="Outflow TEST"><con:settings/><con:encoding>UTF-8</con:encoding><con:endpoint>https://192.168.22.53:8443/services/ArchitectOrderService_v1.0</con:endpoint><con:request><![CDATA[<soapenv:Envelope xmlns:soapenv="http://schemas.xmlsoap.org/soap/envelope/" xmlns:v1="http://fidus.brussels/service/architectorderservice/messages/v1" xmlns:v11="http://fidus.brussels/type/common/messages/v1">
   <soapenv:Header/>
   <soapenv:Body>
      <v1:byNationalNumberRequest>
         <v1:messageContext>
         	  <v11:messageId>${=import static java.util.UUID.randomUUID; uuid = randomUUID() as String}</v11:messageId>
            <v11:timestamp>${=new java.text.SimpleDateFormat("yyyy-MM-dd'T'HH:mm:ss.SSS").format(new Date())}</v11:timestamp>
         </v1:messageContext>
         <v1:legalContext>NovaUser</v1:legalContext>
         <v1:request>
            <v1:personNumber>86051242982</v1:personNumber>
         </v1:request>
      </v1:byNationalNumberRequest>
   </soapenv:Body>
</soapenv:Envelope>]]></con:request><con:assertion type="SOAP Fault Assertion" id="d18e7f5e-9e92-4a0c-8131-309d0622f78b" name="Not SOAP Fault"/><con:assertion type="SOAP Response" id="0a811716-a596-4237-ab0d-de84d3f743a5" name="SOAP Response"/><con:assertion type="Schema Compliance" id="c103e586-09f2-413c-bfad-1120d79c7f58" name="Schema Compliance"><con:configuration/></con:assertion><con:wsaConfig action="http://fidus.brussels/services/architectorderservice/byNationalNumber"/></con:request></con:config></con:testStep><con:testStep type="request" id="f2444040-e422-4251-9b98-494a80af184a" name="testcase3 - Test - Worker2 - Request"><con:settings/><con:config xsi:type="con:RequestStep" xmlns:xsi="http://www.w3.org/2001/XMLSchema-instance"><con:interface>ArchitectOrderServiceHTTPBinding</con:interface><con:operation>byNationalNumber</con:operation><con:request name="testcase3 - Test - Worker2 - Request" id="2b77a431-ef41-41b5-9069-1c57e4501cd5" outgoingWss="Outflow TEST"><con:settings/><con:encoding>UTF-8</con:encoding><con:endpoint>https://192.168.22.54:8443/services/ArchitectOrderService_v1.0</con:endpoint><con:request><![CDATA[<soapenv:Envelope xmlns:soapenv="http://schemas.xmlsoap.org/soap/envelope/" xmlns:v1="http://fidus.brussels/service/architectorderservice/messages/v1" xmlns:v11="http://fidus.brussels/type/common/messages/v1">
   <soapenv:Header/>
   <soapenv:Body>
      <v1:byNationalNumberRequest>
         <v1:messageContext>
         	  <v11:messageId>${=import static java.util.UUID.randomUUID; uuid = randomUUID() as String}</v11:messageId>
            <v11:timestamp>${=new java.text.SimpleDateFormat("yyyy-MM-dd'T'HH:mm:ss.SSS").format(new Date())}</v11:timestamp>
         </v1:messageContext>
         <v1:legalContext>ServiceIntegrator</v1:legalContext>
         <v1:request>
            <v1:personNumber>86051242982</v1:personNumber>
         </v1:request>
      </v1:byNationalNumberRequest>
   </soapenv:Body>
</soapenv:Envelope>]]></con:request><con:assertion type="SOAP Fault Assertion" id="faf6364c-fe6c-46dc-ae71-0b5439ddced4" name="Not SOAP Fault"/><con:assertion type="SOAP Response" id="9558c123-ecc2-41f6-a25f-9a9539ec1782" name="SOAP Response"/><con:assertion type="Schema Compliance" id="b3fe0fb9-a70d-44cb-b6fb-934be011fc41" name="Schema Compliance"><con:configuration/></con:assertion><con:wsaConfig action="http://fidus.brussels/services/architectorderservice/byNationalNumber"/></con:request></con:config></con:testStep><con:properties/></con:testCase><con:testCase id="a85db06c-cdfe-4e58-9697-5e8d39248f73" failOnError="true" failTestCaseOnErrors="true" keepSession="false" maxResults="0" name="byReferenceNumber" searchProperties="true"><con:settings/><con:testStep type="request" id="43b506b0-b3b5-4995-a14b-aa40da84f07d" name="testcase3 - Test - External - Request"><con:settings/><con:config xsi:type="con:RequestStep" xmlns:xsi="http://www.w3.org/2001/XMLSchema-instance"><con:interface>ArchitectOrderServiceHTTPBinding</con:interface><con:operation>byReferenceNumber</con:operation><con:request name="testcase3 - Test - External - Request" id="e76446c5-c266-46f3-8d0b-9a88d1b5a84f" outgoingWss="Outflow TEST"><con:settings/><con:encoding>UTF-8</con:encoding><con:endpoint>https://fidus-test.irisnetlab.be/services/ArchitectOrderService_v1.0</con:endpoint><con:request><![CDATA[<soapenv:Envelope xmlns:soapenv="http://schemas.xmlsoap.org/soap/envelope/" xmlns:v1="http://fidus.brussels/service/architectorderservice/messages/v1" xmlns:v11="http://fidus.brussels/type/common/messages/v1">
   <soapenv:Header/>
   <soapenv:Body>
      <v1:byReferenceNumberRequest>
         <v1:messageContext>
         	  <v11:messageId>${=import static java.util.UUID.randomUUID; uuid = randomUUID() as String}</v11:messageId>
            <v11:timestamp>${=new java.text.SimpleDateFormat("yyyy-MM-dd'T'HH:mm:ss.SSS").format(new Date())}</v11:timestamp>
         </v1:messageContext>
         <v1:legalContext>NovaUser</v1:legalContext>
         <v1:request>
            <v1:referenceNumber>2900107</v1:referenceNumber>
         </v1:request>
      </v1:byReferenceNumberRequest>
   </soapenv:Body>
</soapenv:Envelope>]]></con:request><con:assertion type="SOAP Fault Assertion" id="751377ec-27ee-4d1a-90bc-bfa1a4d2bd51" name="Not SOAP Fault"/><con:assertion type="SOAP Response" id="a6ec04a6-1bee-41ff-a5e4-b8a537e808a1" name="SOAP Response"/><con:assertion type="Schema Compliance" id="6f68aa88-761d-46f1-9038-4a370862ed1c" name="Schema Compliance"><con:configuration/></con:assertion><con:wsaConfig action="http://fidus.brussels/services/architectorderservice/byReferenceNumber"/></con:request></con:config></con:testStep><con:testStep type="request" id="e312052b-e673-446f-ac8e-9752c66fb462" name="testcase3 - Test - LB - Request"><con:settings/><con:config xsi:type="con:RequestStep" xmlns:xsi="http://www.w3.org/2001/XMLSchema-instance"><con:interface>ArchitectOrderServiceHTTPBinding</con:interface><con:operation>byReferenceNumber</con:operation><con:request name="testcase3 - Test - LB - Request" id="859618b5-c6d2-4462-9829-c0175970ebef" outgoingWss="Outflow TEST"><con:settings/><con:encoding>UTF-8</con:encoding><con:endpoint>https://esb-security-gw.sta.srv.cirb.lan:8443/services/ArchitectOrderService_v1.0</con:endpoint><con:request><![CDATA[<soapenv:Envelope xmlns:soapenv="http://schemas.xmlsoap.org/soap/envelope/" xmlns:v1="http://fidus.brussels/service/architectorderservice/messages/v1" xmlns:v11="http://fidus.brussels/type/common/messages/v1">
   <soapenv:Header/>
   <soapenv:Body>
      <v1:byReferenceNumberRequest>
         <v1:messageContext>
         	  <v11:messageId>${=import static java.util.UUID.randomUUID; uuid = randomUUID() as String}</v11:messageId>
            <v11:timestamp>${=new java.text.SimpleDateFormat("yyyy-MM-dd'T'HH:mm:ss.SSS").format(new Date())}</v11:timestamp>
         </v1:messageContext>
         <v1:legalContext>ServiceIntegrator</v1:legalContext>
         <v1:request>
            <v1:referenceNumber>2900107</v1:referenceNumber>
         </v1:request>
      </v1:byReferenceNumberRequest>
   </soapenv:Body>
</soapenv:Envelope>]]></con:request><con:assertion type="SOAP Fault Assertion" id="0ff46c85-4aa2-42a4-8a65-2375e54d3fc8" name="Not SOAP Fault"/><con:assertion type="SOAP Response" id="f8f57721-b6f3-4da4-acbb-706c2e08676c" name="SOAP Response"/><con:assertion type="Schema Compliance" id="5ee749ac-715f-4c0c-8cdc-2a9d64dd1937" name="Schema Compliance"><con:configuration/></con:assertion><con:wsaConfig action="http://fidus.brussels/services/architectorderservice/byReferenceNumber"/></con:request></con:config></con:testStep><con:testStep type="request" id="0ef3110e-05d1-4495-b7e2-a027439bc5fd" name="testcase3 - Test - Worker1 - Request"><con:settings/><con:config xsi:type="con:RequestStep" xmlns:xsi="http://www.w3.org/2001/XMLSchema-instance"><con:interface>ArchitectOrderServiceHTTPBinding</con:interface><con:operation>byReferenceNumber</con:operation><con:request name="testcase3 - Test - Worker1 - Request" id="7bbabd82-aac9-4e83-be1a-898b13d52f0d" outgoingWss="Outflow TEST"><con:settings/><con:encoding>UTF-8</con:encoding><con:endpoint>https://192.168.22.53:8443/services/ArchitectOrderService_v1.0</con:endpoint><con:request><![CDATA[<soapenv:Envelope xmlns:soapenv="http://schemas.xmlsoap.org/soap/envelope/" xmlns:v1="http://fidus.brussels/service/architectorderservice/messages/v1" xmlns:v11="http://fidus.brussels/type/common/messages/v1">
   <soapenv:Header/>
   <soapenv:Body>
      <v1:byReferenceNumberRequest>
         <v1:messageContext>
         	  <v11:messageId>${=import static java.util.UUID.randomUUID; uuid = randomUUID() as String}</v11:messageId>
            <v11:timestamp>${=new java.text.SimpleDateFormat("yyyy-MM-dd'T'HH:mm:ss.SSS").format(new Date())}</v11:timestamp>
         </v1:messageContext>
         <v1:legalContext>NovaUser</v1:legalContext>
         <v1:request>
            <v1:referenceNumber>2900107</v1:referenceNumber>
         </v1:request>
      </v1:byReferenceNumberRequest>
   </soapenv:Body>
</soapenv:Envelope>]]></con:request><con:assertion type="SOAP Fault Assertion" id="bd4a4853-e097-4937-84df-fe66f3641a8c" name="Not SOAP Fault"/><con:assertion type="SOAP Response" id="91fcd18b-35de-4864-8189-ed3808958a4e" name="SOAP Response"/><con:assertion type="Schema Compliance" id="1f9af108-e191-4736-80f3-53f49f067209" name="Schema Compliance"><con:configuration/></con:assertion><con:wsaConfig action="http://fidus.brussels/services/architectorderservice/byReferenceNumber"/></con:request></con:config></con:testStep><con:testStep type="request" id="55c91f51-0221-4c95-9d77-bdf5539dd6da" name="testcase3 - Test - Worker2 - Request"><con:settings/><con:config xsi:type="con:RequestStep" xmlns:xsi="http://www.w3.org/2001/XMLSchema-instance"><con:interface>ArchitectOrderServiceHTTPBinding</con:interface><con:operation>byReferenceNumber</con:operation><con:request name="testcase3 - Test - Worker2 - Request" id="548fb8d4-3ac2-4157-a27a-2872fbe0eeed" outgoingWss="Outflow TEST"><con:settings/><con:encoding>UTF-8</con:encoding><con:endpoint>https://192.168.22.54:8443/services/ArchitectOrderService_v1.0</con:endpoint><con:request><![CDATA[<soapenv:Envelope xmlns:soapenv="http://schemas.xmlsoap.org/soap/envelope/" xmlns:v1="http://fidus.brussels/service/architectorderservice/messages/v1" xmlns:v11="http://fidus.brussels/type/common/messages/v1">
   <soapenv:Header/>
   <soapenv:Body>
      <v1:byReferenceNumberRequest>
         <v1:messageContext>
         	  <v11:messageId>${=import static java.util.UUID.randomUUID; uuid = randomUUID() as String}</v11:messageId>
            <v11:timestamp>${=new java.text.SimpleDateFormat("yyyy-MM-dd'T'HH:mm:ss.SSS").format(new Date())}</v11:timestamp>
         </v1:messageContext>
         <v1:legalContext>ServiceIntegrator</v1:legalContext>
         <v1:request>
            <v1:referenceNumber>2900107</v1:referenceNumber>
         </v1:request>
      </v1:byReferenceNumberRequest>
   </soapenv:Body>
</soapenv:Envelope>]]></con:request><con:assertion type="SOAP Fault Assertion" id="9eb648ac-c417-49dd-81b1-e241aba45d69" name="Not SOAP Fault"/><con:assertion type="SOAP Response" id="7c30e8b0-0e49-4b3a-bf8a-711bffce9e07" name="SOAP Response"/><con:assertion type="Schema Compliance" id="86401664-1bd3-4aff-9fb1-379cd25316ed" name="Schema Compliance"><con:configuration/></con:assertion><con:wsaConfig action="http://fidus.brussels/services/architectorderservice/byReferenceNumber"/></con:request></con:config></con:testStep><con:properties/></con:testCase><con:properties/></con:testSuite><con:testSuite id="4151f6bf-78dd-4110-a8fe-831565895864" name="STAG"><con:settings/><con:runType>SEQUENTIAL</con:runType><con:testCase id="16c3f741-8130-48bd-900b-a95dc7794cd1" failOnError="true" failTestCaseOnErrors="true" keepSession="false" maxResults="0" name="byCompanyNumber" searchProperties="true"><con:settings/><con:testStep type="request" id="0f7f8350-969c-475f-8db8-1fee16dbb122" name="testcase4 - Staging - External - Request"><con:settings/><con:config xsi:type="con:RequestStep" xmlns:xsi="http://www.w3.org/2001/XMLSchema-instance"><con:interface>ArchitectOrderServiceHTTPBinding</con:interface><con:operation>byCompanyNumber</con:operation><con:request name="testcase4 - Staging - External - Request" id="ec6dd0f6-2b8d-45db-8618-8dd26d2e73d7" outgoingWss="Outflow STAG"><con:settings/><con:encoding>UTF-8</con:encoding><con:endpoint>https://fidus.irisnetlab.be/services/ArchitectOrderService_v1.0</con:endpoint><con:request><![CDATA[<soapenv:Envelope xmlns:soapenv="http://schemas.xmlsoap.org/soap/envelope/" xmlns:v1="http://fidus.brussels/service/architectorderservice/messages/v1" xmlns:v11="http://fidus.brussels/type/common/messages/v1">
   <soapenv:Header/>
   <soapenv:Body>
      <v1:byCompanyNumberRequest>
         <v1:messageContext>
         	  <v11:messageId>${=import static java.util.UUID.randomUUID; uuid = randomUUID() as String}</v11:messageId>
            <v11:timestamp>${=new java.text.SimpleDateFormat("yyyy-MM-dd'T'HH:mm:ss.SSS").format(new Date())}</v11:timestamp>
         </v1:messageContext>
         <v1:legalContext>ServiceIntegrator</v1:legalContext>
         <v1:request>
            <v1:companyNumber>BE 0535 693 485</v1:companyNumber>
         </v1:request>
      </v1:byCompanyNumberRequest>
   </soapenv:Body>
</soapenv:Envelope>]]></con:request><con:assertion type="SOAP Fault Assertion" id="25b10a4c-da6f-4a8a-923f-c9d65fbcee93" name="Not SOAP Fault"/><con:assertion type="SOAP Response" id="d26ee671-86f0-4ccf-a022-6e4925245f77" name="SOAP Response"/><con:assertion type="Schema Compliance" id="955d22b0-ee52-4ba6-9e54-e686176927e4" name="Schema Compliance"><con:configuration/></con:assertion><con:wsaConfig action="http://fidus.brussels/services/architectorderservice/byCompanyNumber"/></con:request></con:config></con:testStep><con:testStep type="request" id="35d9b3de-e56c-4c10-8b1a-b2ad2abaac47" name="testcase4 - Staging - LB - Request"><con:settings/><con:config xsi:type="con:RequestStep" xmlns:xsi="http://www.w3.org/2001/XMLSchema-instance"><con:interface>ArchitectOrderServiceHTTPBinding</con:interface><con:operation>byCompanyNumber</con:operation><con:request name="testcase4 - Staging - LB - Request" id="48e4ea33-4625-48d4-8765-f2059179ff0b" outgoingWss="Outflow STAG"><con:settings/><con:encoding>UTF-8</con:encoding><con:endpoint>https://fidus-esb-sg.sta.srv.cirb.lan:8443/services/ArchitectOrderService_v1.0</con:endpoint><con:request><![CDATA[<soapenv:Envelope xmlns:soapenv="http://schemas.xmlsoap.org/soap/envelope/" xmlns:v1="http://fidus.brussels/service/architectorderservice/messages/v1" xmlns:v11="http://fidus.brussels/type/common/messages/v1">
   <soapenv:Header/>
   <soapenv:Body>
      <v1:byCompanyNumberRequest>
         <v1:messageContext>
         	  <v11:messageId>${=import static java.util.UUID.randomUUID; uuid = randomUUID() as String}</v11:messageId>
            <v11:timestamp>${=new java.text.SimpleDateFormat("yyyy-MM-dd'T'HH:mm:ss.SSS").format(new Date())}</v11:timestamp>
         </v1:messageContext>
         <v1:legalContext>ServiceIntegrator</v1:legalContext>
         <v1:request>
            <v1:companyNumber>BE 0535 693 485</v1:companyNumber>
         </v1:request>
      </v1:byCompanyNumberRequest>
   </soapenv:Body>
</soapenv:Envelope>]]></con:request><con:assertion type="SOAP Fault Assertion" id="27d71cab-3dda-41d2-b73a-626b189ee877" name="Not SOAP Fault"/><con:assertion type="SOAP Response" id="c201bda7-c2bd-4c98-bb41-2fa46116caee" name="SOAP Response"/><con:assertion type="Schema Compliance" id="9bffc72c-b3a2-4167-a63b-ab62cd3bb466" name="Schema Compliance"><con:configuration/></con:assertion><con:wsaConfig action="http://fidus.brussels/services/architectorderservice/byCompanyNumber"/></con:request></con:config></con:testStep><con:testStep type="request" id="1478d2e3-3c69-47a3-b3bd-dad9fc0b1ddb" name="testcase4 - Staging - Worker1 - Request"><con:settings/><con:config xsi:type="con:RequestStep" xmlns:xsi="http://www.w3.org/2001/XMLSchema-instance"><con:interface>ArchitectOrderServiceHTTPBinding</con:interface><con:operation>byCompanyNumber</con:operation><con:request name="testcase4 - Staging - Worker1 - Request" id="9e1668b0-35bf-4032-a501-c968a2183e5e" outgoingWss="Outflow STAG"><con:settings/><con:encoding>UTF-8</con:encoding><con:endpoint>https://192.168.24.16:8443/services/ArchitectOrderService_v1.0</con:endpoint><con:request><![CDATA[<soapenv:Envelope xmlns:soapenv="http://schemas.xmlsoap.org/soap/envelope/" xmlns:v1="http://fidus.brussels/service/architectorderservice/messages/v1" xmlns:v11="http://fidus.brussels/type/common/messages/v1">
   <soapenv:Header/>
   <soapenv:Body>
      <v1:byCompanyNumberRequest>
         <v1:messageContext>
         	  <v11:messageId>${=import static java.util.UUID.randomUUID; uuid = randomUUID() as String}</v11:messageId>
            <v11:timestamp>${=new java.text.SimpleDateFormat("yyyy-MM-dd'T'HH:mm:ss.SSS").format(new Date())}</v11:timestamp>
         </v1:messageContext>
         <v1:legalContext>ServiceIntegrator</v1:legalContext>
         <v1:request>
            <v1:companyNumber>BE 0535 693 485</v1:companyNumber>
         </v1:request>
      </v1:byCompanyNumberRequest>
   </soapenv:Body>
</soapenv:Envelope>]]></con:request><con:assertion type="SOAP Fault Assertion" id="c5920cbd-a34a-4eb5-8826-88344c84e043" name="Not SOAP Fault"/><con:assertion type="SOAP Response" id="c97a0dfe-2094-4a7d-8867-56f9b91e20d9" name="SOAP Response"/><con:assertion type="Schema Compliance" id="68b58901-d9e1-4643-8465-93e167a9edcc" name="Schema Compliance"><con:configuration/></con:assertion><con:wsaConfig action="http://fidus.brussels/services/architectorderservice/byCompanyNumber"/></con:request></con:config></con:testStep><con:testStep type="request" id="08d24cc3-5e0a-40b9-8aa6-9772ebfb64da" name="testcase4 - Staging - Worker2 - Request"><con:settings/><con:config xsi:type="con:RequestStep" xmlns:xsi="http://www.w3.org/2001/XMLSchema-instance"><con:interface>ArchitectOrderServiceHTTPBinding</con:interface><con:operation>byCompanyNumber</con:operation><con:request name="testcase4 - Staging - Worker2 - Request" id="284b2816-3a3f-47d1-9fb1-cde95a34028a" outgoingWss="Outflow STAG"><con:settings/><con:encoding>UTF-8</con:encoding><con:endpoint>https://192.168.24.17:8443/services/ArchitectOrderService_v1.0</con:endpoint><con:request><![CDATA[<soapenv:Envelope xmlns:soapenv="http://schemas.xmlsoap.org/soap/envelope/" xmlns:v1="http://fidus.brussels/service/architectorderservice/messages/v1" xmlns:v11="http://fidus.brussels/type/common/messages/v1">
   <soapenv:Header/>
   <soapenv:Body>
      <v1:byCompanyNumberRequest>
         <v1:messageContext>
         	  <v11:messageId>${=import static java.util.UUID.randomUUID; uuid = randomUUID() as String}</v11:messageId>
            <v11:timestamp>${=new java.text.SimpleDateFormat("yyyy-MM-dd'T'HH:mm:ss.SSS").format(new Date())}</v11:timestamp>
         </v1:messageContext>
         <v1:legalContext>ServiceIntegrator</v1:legalContext>
         <v1:request>
            <v1:companyNumber>BE 0535 693 485</v1:companyNumber>
         </v1:request>
      </v1:byCompanyNumberRequest>
   </soapenv:Body>
</soapenv:Envelope>]]></con:request><con:assertion type="SOAP Fault Assertion" id="63e9963b-5344-47bc-9976-7a7d073e6103" name="Not SOAP Fault"/><con:assertion type="SOAP Response" id="fed8d80f-bc73-462d-8069-b135076cb4a8" name="SOAP Response"/><con:assertion type="Schema Compliance" id="77d41071-4a89-4393-b19a-7f0698d4bec3" name="Schema Compliance"><con:configuration/></con:assertion><con:wsaConfig action="http://fidus.brussels/services/architectorderservice/byCompanyNumber"/></con:request></con:config></con:testStep><con:properties/></con:testCase><con:properties/></con:testSuite><con:testSuite id="1307fe06-bfde-4a4c-871b-7fe964ee8d88" name="PROD"><con:settings/><con:runType>SEQUENTIAL</con:runType><con:testCase id="858e7fb0-15c3-4584-b4ca-7856a34727c2" failOnError="true" failTestCaseOnErrors="true" keepSession="false" maxResults="0" name="byCompanyNumber" searchProperties="true"><con:settings/><con:testStep type="request" id="08bd81cc-d118-4f33-82ce-1294ceae7773" name="testcase5 - Prod - External - Request"><con:settings/><con:config xsi:type="con:RequestStep" xmlns:xsi="http://www.w3.org/2001/XMLSchema-instance"><con:interface>ArchitectOrderServiceHTTPBinding</con:interface><con:operation>byCompanyNumber</con:operation><con:request name="testcase5 - Prod - External - Request" id="874dbc5a-6ecc-4610-8f47-6ea0490e1823" outgoingWss="Outflow PROD"><con:settings/><con:encoding>UTF-8</con:encoding><con:endpoint>https://fidus.sec.brussels/services/ArchitectOrderService_v1.0</con:endpoint><con:request><![CDATA[<soapenv:Envelope xmlns:soapenv="http://schemas.xmlsoap.org/soap/envelope/" xmlns:v1="http://fidus.brussels/service/architectorderservice/messages/v1" xmlns:v11="http://fidus.brussels/type/common/messages/v1">
   <soapenv:Header/>
   <soapenv:Body>
      <v1:byCompanyNumberRequest>
         <v1:messageContext>
         	  <v11:messageId>${=import static java.util.UUID.randomUUID; uuid = randomUUID() as String}</v11:messageId>
            <v11:timestamp>${=new java.text.SimpleDateFormat("yyyy-MM-dd'T'HH:mm:ss.SSS").format(new Date())}</v11:timestamp>
         </v1:messageContext>
         <v1:legalContext>ServiceIntegrator</v1:legalContext>
         <v1:request>
            <v1:companyNumber>BE 0535 693 485</v1:companyNumber>
         </v1:request>
      </v1:byCompanyNumberRequest>
   </soapenv:Body>
</soapenv:Envelope>]]></con:request><con:assertion type="SOAP Fault Assertion" id="f2e4b52f-87b8-48b7-93ac-ff2218ea4892" name="Not SOAP Fault"/><con:assertion type="SOAP Response" id="03f3eaa1-f902-4ba1-a6e7-364f1310047b" name="SOAP Response"/><con:assertion type="Schema Compliance" id="0932af5b-4b7a-40a4-b43a-d78365e8a1c9" name="Schema Compliance"><con:configuration/></con:assertion><con:wsaConfig action="http://fidus.brussels/services/architectorderservice/byCompanyNumber"/></con:request></con:config></con:testStep><con:testStep type="request" id="06c15a3c-ccea-4b0f-a6c7-1aa0536e4b0b" name="testcase5 - Prod - LB - Request"><con:settings/><con:config xsi:type="con:RequestStep" xmlns:xsi="http://www.w3.org/2001/XMLSchema-instance"><con:interface>ArchitectOrderServiceHTTPBinding</con:interface><con:operation>byCompanyNumber</con:operation><con:request name="testcase5 - Prod - LB - Request" id="12006de3-0670-45ae-afa7-025df8b263c0" outgoingWss="Outflow PROD"><con:settings/><con:encoding>UTF-8</con:encoding><con:endpoint>https://fidus-esb-sg.prd.srv.cirb.lan:8443/services/ArchitectOrderService_v1.0</con:endpoint><con:request><![CDATA[<soapenv:Envelope xmlns:soapenv="http://schemas.xmlsoap.org/soap/envelope/" xmlns:v1="http://fidus.brussels/service/architectorderservice/messages/v1" xmlns:v11="http://fidus.brussels/type/common/messages/v1">
   <soapenv:Header/>
   <soapenv:Body>
      <v1:byCompanyNumberRequest>
         <v1:messageContext>
         	  <v11:messageId>${=import static java.util.UUID.randomUUID; uuid = randomUUID() as String}</v11:messageId>
            <v11:timestamp>${=new java.text.SimpleDateFormat("yyyy-MM-dd'T'HH:mm:ss.SSS").format(new Date())}</v11:timestamp>
         </v1:messageContext>
         <v1:legalContext>ServiceIntegrator</v1:legalContext>
         <v1:request>
            <v1:companyNumber>BE 0535 693 485</v1:companyNumber>
         </v1:request>
      </v1:byCompanyNumberRequest>
   </soapenv:Body>
</soapenv:Envelope>]]></con:request><con:assertion type="SOAP Fault Assertion" id="f17f507c-0446-46f4-8ebe-54dae69ad571" name="Not SOAP Fault"/><con:assertion type="SOAP Response" id="0e7650b3-23e1-428c-9a30-9ca21f7aaa4f" name="SOAP Response"/><con:assertion type="Schema Compliance" id="59b5668b-304c-43a3-a77c-596d325e1209" name="Schema Compliance"><con:configuration/></con:assertion><con:wsaConfig action="http://fidus.brussels/services/architectorderservice/byCompanyNumber"/></con:request></con:config></con:testStep><con:testStep type="request" id="45bc8de7-6485-437e-9005-b7fef944e14f" name="testcase5 - Prod - Worker1 - Request"><con:settings/><con:config xsi:type="con:RequestStep" xmlns:xsi="http://www.w3.org/2001/XMLSchema-instance"><con:interface>ArchitectOrderServiceHTTPBinding</con:interface><con:operation>byCompanyNumber</con:operation><con:request name="testcase5 - Prod - Worker1 - Request" id="d99dfec5-0af5-4fe9-acfc-d156b8b6edb8" outgoingWss="Outflow PROD"><con:settings/><con:encoding>UTF-8</con:encoding><con:endpoint>https://192.168.26.22:8443/services/ArchitectOrderService_v1.0</con:endpoint><con:request><![CDATA[<soapenv:Envelope xmlns:soapenv="http://schemas.xmlsoap.org/soap/envelope/" xmlns:v1="http://fidus.brussels/service/architectorderservice/messages/v1" xmlns:v11="http://fidus.brussels/type/common/messages/v1">
   <soapenv:Header/>
   <soapenv:Body>
      <v1:byCompanyNumberRequest>
         <v1:messageContext>
         	  <v11:messageId>${=import static java.util.UUID.randomUUID; uuid = randomUUID() as String}</v11:messageId>
            <v11:timestamp>${=new java.text.SimpleDateFormat("yyyy-MM-dd'T'HH:mm:ss.SSS").format(new Date())}</v11:timestamp>
         </v1:messageContext>
         <v1:legalContext>ServiceIntegrator</v1:legalContext>
         <v1:request>
            <v1:companyNumber>BE 0535 693 485</v1:companyNumber>
         </v1:request>
      </v1:byCompanyNumberRequest>
   </soapenv:Body>
</soapenv:Envelope>]]></con:request><con:assertion type="SOAP Fault Assertion" id="f1608dd0-643d-4f5d-9b7f-9a102387c191" name="Not SOAP Fault"/><con:assertion type="SOAP Response" id="d07a2b57-f4bc-4e01-ad72-21db85d5d2eb" name="SOAP Response"/><con:assertion type="Schema Compliance" id="9ba0353a-2c28-476a-95bd-ad64f75e9a91" name="Schema Compliance"><con:configuration/></con:assertion><con:wsaConfig action="http://fidus.brussels/services/architectorderservice/byCompanyNumber"/></con:request></con:config></con:testStep><con:testStep type="request" id="2fecb75b-e1e4-446b-b2cb-7030e92bb3b6" name="testcase5 - Prod - Worker2 - Request"><con:settings/><con:config xsi:type="con:RequestStep" xmlns:xsi="http://www.w3.org/2001/XMLSchema-instance"><con:interface>ArchitectOrderServiceHTTPBinding</con:interface><con:operation>byCompanyNumber</con:operation><con:request name="testcase5 - Prod - Worker2 - Request" id="48d033fc-58cf-4f20-9345-88df0040ffd5" outgoingWss="Outflow PROD"><con:settings/><con:encoding>UTF-8</con:encoding><con:endpoint>https://192.168.26.19:8443/services/ArchitectOrderService_v1.0</con:endpoint><con:request><![CDATA[<soapenv:Envelope xmlns:soapenv="http://schemas.xmlsoap.org/soap/envelope/" xmlns:v1="http://fidus.brussels/service/architectorderservice/messages/v1" xmlns:v11="http://fidus.brussels/type/common/messages/v1">
   <soapenv:Header/>
   <soapenv:Body>
      <v1:byCompanyNumberRequest>
         <v1:messageContext>
         	  <v11:messageId>${=import static java.util.UUID.randomUUID; uuid = randomUUID() as String}</v11:messageId>
            <v11:timestamp>${=new java.text.SimpleDateFormat("yyyy-MM-dd'T'HH:mm:ss.SSS").format(new Date())}</v11:timestamp>
         </v1:messageContext>
         <v1:legalContext>ServiceIntegrator</v1:legalContext>
         <v1:request>
            <v1:companyNumber>BE 0535 693 485</v1:companyNumber>
         </v1:request>
      </v1:byCompanyNumberRequest>
   </soapenv:Body>
</soapenv:Envelope>]]></con:request><con:assertion type="SOAP Fault Assertion" id="ab04be80-90cc-4487-8782-50a1cd3807d5" name="Not SOAP Fault"/><con:assertion type="SOAP Response" id="411cf181-a355-41d3-b46b-1a2e6d16fe89" name="SOAP Response"/><con:assertion type="Schema Compliance" id="1e51bd62-eb38-492d-b3eb-6728c830f89d" name="Schema Compliance"><con:configuration/></con:assertion><con:wsaConfig action="http://fidus.brussels/services/architectorderservice/byCompanyNumber"/></con:request></con:config></con:testStep><con:properties/></con:testCase><con:properties/></con:testSuite><con:properties/>
  <con:wssContainer>
    
    
    
    
    
    
    
    
    
    
    
    
    
    
    
    
  <con:crypto><con:source>data/wso2/keystores/user-rajarshi.jks</con:source><con:password>test@fidus01</con:password><con:type>KEYSTORE</con:type></con:crypto><con:outgoing><con:name>Outflow DEV</con:name></con:outgoing><con:outgoing><con:name>Outflow TEST</con:name><con:entry type="Signature" username="testuser-test.fidus.brussels" password="test@fidus01"><con:configuration><crypto>user-rajarshi.jks</crypto><keyIdentifierType>3</keyIdentifierType><signatureAlgorithm/><signatureCanonicalization/><useSingleCert>true</useSingleCert><digestAlgorithm/><customTokenValueType/><customTokenId/></con:configuration></con:entry><con:entry type="Timestamp"><con:configuration><timeToLive>300000</timeToLive><strictTimestamp>true</strictTimestamp></con:configuration></con:entry></con:outgoing><con:outgoing><con:name>Outflow STAG</con:name></con:outgoing><con:outgoing><con:name>Outflow PROD</con:name></con:outgoing></con:wssContainer>
  <con:oAuth2ProfileContainer/>
  <con:oAuth1ProfileContainer/><con:sensitiveInformation/>
</con:soapui-project>