<?xml version="1.0" encoding="UTF-8"?>
<con:soapui-project id="aa345206-dccd-43ec-9975-e4991f70bfd0" activeEnvironment="Default" name="Client-InscriptionService-1.0-soapui-project" resourceRoot="" soapui-version="5.1.3" abortOnError="false" runType="SEQUENTIAL" xmlns:con="http://eviware.com/soapui/config"><con:settings/><con:interface xsi:type="con:WsdlInterface" id="37b90aac-b7fb-45d9-8d54-e314876dc297" wsaVersion="NONE" name="InscriptionServiceHTTPBinding" type="wsdl" bindingName="{http://fidus.brussels/service/inscriptionservice/v1}InscriptionServiceHTTPBinding" soapVersion="1_1" anonymous="optional" definition="/home/isr/git/parent/inscriptionservice_v1/InscriptionServiceGateway/src/main/resources/wsdl/inscriptionService/1.0.0/InscriptionService_v1.wsdl" xmlns:xsi="http://www.w3.org/2001/XMLSchema-instance"><con:settings/><con:definitionCache type="TEXT" rootPart="file:/home/isr/git/parent/inscriptionservice_v1/InscriptionServiceGateway/src/main/resources/wsdl/inscriptionService/1.0.0/InscriptionService_v1.wsdl"><con:part><con:url>file:/home/isr/git/parent/inscriptionservice_v1/InscriptionServiceGateway/src/main/resources/wsdl/inscriptionService/1.0.0/InscriptionService_v1.wsdl</con:url><con:content><![CDATA[<wsdl:definitions targetNamespace="http://fidus.brussels/service/inscriptionservice/v1" name="InscriptionService" xmlns:soap="http://schemas.xmlsoap.org/wsdl/soap/" xmlns:wsdl="http://schemas.xmlsoap.org/wsdl/" xmlns:xsd="http://www.w3.org/2001/XMLSchema" xmlns:mes="http://fidus.brussels/service/inscriptionservice/messages/v1" xmlns:tns="http://fidus.brussels/service/inscriptionservice/v1">
  <xsd:annotation>
    <xsd:documentation>InscriptionService WDSL v1.</xsd:documentation>
  </xsd:annotation>
  <wsdl:types>
    <xsd:schema targetNamespace="http://fidus.brussels/service/inscriptionservice/v1" elementFormDefault="qualified">
      <xsd:import namespace="http://fidus.brussels/service/inscriptionservice/messages/v1" schemaLocation="messages/inscriptionServiceMessages_v1.xsd"/>
    </xsd:schema>
  </wsdl:types>
  <wsdl:message name="addInscriptionRequestMessage">
    <wsdl:part name="AddInscriptionRequest" element="mes:addInscriptionRequest"/>
  </wsdl:message>
  <wsdl:message name="addInscriptionResponseMessage">
    <wsdl:part name="AddInscriptionResponse" element="mes:addInscriptionResponse"/>
  </wsdl:message>
  <wsdl:message name="removeInscriptionRequestMessage">
    <wsdl:part name="RemoveInscriptionRequest" element="mes:removeInscriptionRequest"/>
  </wsdl:message>
  <wsdl:message name="removeInscriptionResponseMessage">
    <wsdl:part name="RemoveInscriptionResponse" element="mes:removeInscriptionResponse"/>
  </wsdl:message>
  <wsdl:message name="consultInscriptionsRequestMessage">
    <wsdl:part name="ConsultInscriptionsRequest" element="mes:consultInscriptionsRequest"/>
  </wsdl:message>
  <wsdl:message name="consultInscriptionsResponseMessage">
    <wsdl:part name="ConsultInscriptionsResponse" element="mes:consultInscriptionsResponse"/>
  </wsdl:message>
  <wsdl:portType name="InscriptionServicePortType">
    <wsdl:operation name="addInscription">
      <wsdl:input message="tns:addInscriptionRequestMessage"/>
      <wsdl:output message="tns:addInscriptionResponseMessage"/>
    </wsdl:operation>
    <wsdl:operation name="removeInscription">
      <wsdl:input message="tns:removeInscriptionRequestMessage"/>
      <wsdl:output message="tns:removeInscriptionResponseMessage"/>
    </wsdl:operation>
    <wsdl:operation name="consultInscriptions">
      <wsdl:input message="tns:consultInscriptionsRequestMessage"/>
      <wsdl:output message="tns:consultInscriptionsResponseMessage"/>
    </wsdl:operation>
  </wsdl:portType>
  <wsdl:binding name="InscriptionServiceHTTPBinding" type="tns:InscriptionServicePortType">
    <soap:binding style="document" transport="http://schemas.xmlsoap.org/soap/http"/>
    <wsdl:operation name="addInscription">
      <soap:operation soapAction="http://fidus.brussels/services/inscriptionservice/addInscription"/>
      <wsdl:input>
        <soap:body use="literal"/>
      </wsdl:input>
      <wsdl:output>
        <soap:body use="literal"/>
      </wsdl:output>
    </wsdl:operation>
    <wsdl:operation name="removeInscription">
      <soap:operation soapAction="http://fidus.brussels/services/inscriptionservice/removeInscription"/>
      <wsdl:input>
        <soap:body use="literal"/>
      </wsdl:input>
      <wsdl:output>
        <soap:body use="literal"/>
      </wsdl:output>
    </wsdl:operation>
    <wsdl:operation name="consultInscriptions">
      <soap:operation soapAction="http://fidus.brussels/services/inscriptionservice/consultInscriptions"/>
      <wsdl:input>
        <soap:body use="literal"/>
      </wsdl:input>
      <wsdl:output>
        <soap:body use="literal"/>
      </wsdl:output>
    </wsdl:operation>
  </wsdl:binding>
  <wsdl:service name="InscriptionService_v1">
    <wsdl:port name="InscriptionService_v1" binding="tns:InscriptionServiceHTTPBinding">
      <soap:address location="http://fidus.brussels/services/inscriptionservice/v1"/>
    </wsdl:port>
  </wsdl:service>
</wsdl:definitions>]]></con:content><con:type>http://schemas.xmlsoap.org/wsdl/</con:type></con:part><con:part><con:url>file:/home/isr/git/parent/inscriptionservice_v1/InscriptionServiceGateway/src/main/resources/wsdl/inscriptionService/1.0.0/messages/inscriptionServiceMessages_v1.xsd</con:url><con:content><![CDATA[<xsd:schema targetNamespace="http://fidus.brussels/service/inscriptionservice/messages/v1" elementFormDefault="qualified" attributeFormDefault="unqualified" version="1.0" xmlns:xsd="http://www.w3.org/2001/XMLSchema" xmlns:cme="http://fidus.brussels/type/common/messages/v1" xmlns:exc="http://fidus.brussels/type/common/exceptions/v1" xmlns:tns="http://fidus.brussels/service/inscriptionservice/messages/v1" xmlns:bcss="http://kszbcss.fgov.be/types/Inscription/v1">
  <xsd:import namespace="http://fidus.brussels/type/common/messages/v1" schemaLocation="baseMessageTypes_v1.xsd"/>
  <xsd:import namespace="http://fidus.brussels/type/common/exceptions/v1" schemaLocation="exceptionTypes_v1.xsd"/>
  <xsd:import namespace="http://kszbcss.fgov.be/types/Inscription/v1" schemaLocation="types/Inscription/InscriptionV1.xsd"/>
  <!--Request addInscription definition-->
  <xsd:complexType name="AddInscriptionRequestType">
    <xsd:sequence>
      <xsd:element name="messageContext" type="cme:RequestMessageContextType"/>
      <xsd:element name="legalContext" type="cme:LegalContextType"/>
      <xsd:element name="request" type="bcss:AddInscriptionRequestType"/>
    </xsd:sequence>
  </xsd:complexType>
  <!--Request removeInscription definition-->
  <xsd:complexType name="RemoveInscriptionRequestType">
    <xsd:sequence>
      <xsd:element name="messageContext" type="cme:RequestMessageContextType"/>
      <xsd:element name="legalContext" type="cme:LegalContextType"/>
      <xsd:element name="request" type="bcss:RemoveInscriptionRequestType"/>
    </xsd:sequence>
  </xsd:complexType>
  <!--Request consultInscriptions definition-->
  <xsd:complexType name="ConsultInscriptionsRequestType">
    <xsd:sequence>
      <xsd:element name="messageContext" type="cme:RequestMessageContextType"/>
      <xsd:element name="legalContext" type="cme:LegalContextType"/>
      <xsd:element name="request" type="bcss:ConsultInscriptionsRequestType"/>
    </xsd:sequence>
  </xsd:complexType>
  <!--Response addInscription definition-->
  <xsd:complexType name="AddInscriptionResponsesType">
    <xsd:sequence>
      <xsd:element name="messageContext" type="cme:ResponseMessageContextType"/>
      <xsd:element name="responses" type="tns:AddInscriptionResponseType" minOccurs="0"/>
      <xsd:element name="exceptions" type="exc:ExceptionsType" minOccurs="0">
        <xsd:annotation>
          <xsd:documentation>Technical errors that occur when processing the message context e.g. insufficient rights.</xsd:documentation>
        </xsd:annotation>
      </xsd:element>
    </xsd:sequence>
  </xsd:complexType>
  <xsd:complexType name="AddInscriptionResponseType">
    <xsd:sequence>
      <xsd:element name="response" type="bcss:AddInscriptionResponseType" minOccurs="0" maxOccurs="unbounded"/>
      <xsd:element name="exceptions" type="exc:ExceptionsType" minOccurs="0">
        <xsd:annotation>
          <xsd:documentation>Business exceptions that occur when processing the request or response e.g. missing data for a single response element.
						Exceptions at this level may contain back-end specific codes and content.</xsd:documentation>
        </xsd:annotation>
      </xsd:element>
    </xsd:sequence>
  </xsd:complexType>
  <!--Response removeInscription definition-->
  <xsd:complexType name="RemoveInscriptionResponsesType">
    <xsd:sequence>
      <xsd:element name="messageContext" type="cme:ResponseMessageContextType"/>
      <xsd:element name="responses" type="tns:RemoveInscriptionResponseType" minOccurs="0"/>
      <xsd:element name="exceptions" type="exc:ExceptionsType" minOccurs="0">
        <xsd:annotation>
          <xsd:documentation>Technical errors that occur when processing the message context e.g. insufficient rights.</xsd:documentation>
        </xsd:annotation>
      </xsd:element>
    </xsd:sequence>
  </xsd:complexType>
  <xsd:complexType name="RemoveInscriptionResponseType">
    <xsd:sequence>
      <xsd:element name="response" type="bcss:RemoveInscriptionResponseType" minOccurs="0" maxOccurs="unbounded"/>
      <xsd:element name="exceptions" type="exc:ExceptionsType" minOccurs="0">
        <xsd:annotation>
          <xsd:documentation>Business exceptions that occur when processing the request or response e.g. missing data for a single response element.
						Exceptions at this level may contain back-end specific codes and content.</xsd:documentation>
        </xsd:annotation>
      </xsd:element>
    </xsd:sequence>
  </xsd:complexType>
  <!--Response consultInscriptions definition-->
  <xsd:complexType name="ConsultInscriptionsResponsesType">
    <xsd:sequence>
      <xsd:element name="messageContext" type="cme:ResponseMessageContextType"/>
      <xsd:element name="responses" type="tns:ConsultInscriptionsResponseType" minOccurs="0"/>
      <xsd:element name="exceptions" type="exc:ExceptionsType" minOccurs="0">
        <xsd:annotation>
          <xsd:documentation>Technical errors that occur when processing the message context e.g. insufficient rights.</xsd:documentation>
        </xsd:annotation>
      </xsd:element>
    </xsd:sequence>
  </xsd:complexType>
  <xsd:complexType name="ConsultInscriptionsResponseType">
    <xsd:sequence>
      <xsd:element name="response" type="bcss:ConsultInscriptionsResponseType" minOccurs="0" maxOccurs="unbounded"/>
      <xsd:element name="exceptions" type="exc:ExceptionsType" minOccurs="0">
        <xsd:annotation>
          <xsd:documentation>Business exceptions that occur when processing the request or response e.g. missing data for a single response element.
						Exceptions at this level may contain back-end specific codes and content.</xsd:documentation>
        </xsd:annotation>
      </xsd:element>
    </xsd:sequence>
  </xsd:complexType>
  <!--Element of the request and the response-->
  <xsd:element name="addInscriptionRequest" type="tns:AddInscriptionRequestType"/>
  <xsd:element name="addInscriptionResponse" type="tns:AddInscriptionResponsesType"/>
  <xsd:element name="removeInscriptionRequest" type="tns:RemoveInscriptionRequestType"/>
  <xsd:element name="removeInscriptionResponse" type="tns:RemoveInscriptionResponsesType"/>
  <xsd:element name="consultInscriptionsRequest" type="tns:ConsultInscriptionsRequestType"/>
  <xsd:element name="consultInscriptionsResponse" type="tns:ConsultInscriptionsResponsesType"/>
</xsd:schema>]]></con:content><con:type>http://www.w3.org/2001/XMLSchema</con:type></con:part><con:part><con:url>file:/home/isr/git/parent/inscriptionservice_v1/InscriptionServiceGateway/src/main/resources/wsdl/inscriptionService/1.0.0/messages/baseMessageTypes_v1.xsd</con:url><con:content><![CDATA[<xsd:schema targetNamespace="http://fidus.brussels/type/common/messages/v1" elementFormDefault="qualified" attributeFormDefault="unqualified" version="1.0" xmlns:xsd="http://www.w3.org/2001/XMLSchema" xmlns:cmn="http://fidus.brussels/type/common/v1" xmlns:tns="http://fidus.brussels/type/common/messages/v1">
  <!--Unformatted message Id-->
  <xsd:simpleType name="MessageIdType">
    <xsd:restriction base="xsd:string">
      <xsd:minLength value="1"/>
      <xsd:maxLength value="64"/>
    </xsd:restriction>
  </xsd:simpleType>
  <!--National Number of the person. Format depending on the Register-->
  <xsd:simpleType name="PersonNumberType">
    <xsd:restriction base="xsd:string">
      <xsd:pattern value="[0-9][0-9](([0][0-9])|([1][0-2]))(([0-2][0-9])|([3][0-1]))(([0-9]{2}[1-9])|([0-9][1-9][0-9])|([1-9][0-9]{2}))(([0-8][0-9])|([9][0-7]))">
        <xsd:annotation>
          <xsd:documentation>National Register format</xsd:documentation>
        </xsd:annotation>
      </xsd:pattern>
      <xsd:pattern value="[0-9][0-9](([2][0-9])|([3][0-2]))(([0-2][0-9])|([3][0-1]))[0-9]{3}(([0-8][0-9])|([9][0-7]))">
        <xsd:annotation>
          <xsd:documentation>CBSS Register format: Bis Register</xsd:documentation>
        </xsd:annotation>
      </xsd:pattern>
      <xsd:pattern value="[0-9][0-9](([4][0-9])|([5][0-2]))(([0-2][0-9])|([3][0-1]))[0-9]{3}(([0-8][0-9])|([9][0-7]))">
        <xsd:annotation>
          <xsd:documentation>CBSS Register format: Ter Register</xsd:documentation>
        </xsd:annotation>
      </xsd:pattern>
    </xsd:restriction>
  </xsd:simpleType>
  <!--Request message context-->
  <xsd:complexType name="RequestMessageContextType">
    <xsd:annotation>
      <xsd:documentation>Message context block generated by the consumer.</xsd:documentation>
    </xsd:annotation>
    <xsd:sequence>
      <xsd:element name="messageId" type="tns:MessageIdType">
        <xsd:annotation>
          <xsd:documentation>Consumer must assign their own MessageId reference for the request.</xsd:documentation>
        </xsd:annotation>
      </xsd:element>
      <xsd:element name="timestamp" type="xsd:dateTime" minOccurs="0">
        <xsd:annotation>
          <xsd:documentation>Timestamp when client sent request.</xsd:documentation>
        </xsd:annotation>
      </xsd:element>
    </xsd:sequence>
  </xsd:complexType>
  <!--Response message context-->
  <xsd:complexType name="ResponseMessageContextType">
    <xsd:annotation>
      <xsd:documentation>MessageContext block generated by fidus.</xsd:documentation>
    </xsd:annotation>
    <xsd:sequence>
      <xsd:element name="messageId" type="tns:MessageIdType">
        <xsd:annotation>
          <xsd:documentation>A unique identifier generated by fidus.</xsd:documentation>
        </xsd:annotation>
      </xsd:element>
      <xsd:element name="transactionId" type="tns:MessageIdType">
        <xsd:annotation>
          <xsd:documentation>A unique ID returned to the client for tracing purposes.</xsd:documentation>
        </xsd:annotation>
      </xsd:element>
      <xsd:element name="relatesTo" type="tns:MessageIdType" minOccurs="0">
        <xsd:annotation>
          <xsd:documentation>Optional field. The unique id of a previous batch file in this exchange Only used for responses.</xsd:documentation>
        </xsd:annotation>
      </xsd:element>
      <xsd:element name="timestamp" type="xsd:dateTime" minOccurs="0">
        <xsd:annotation>
          <xsd:documentation>Time reply sent by fidus.</xsd:documentation>
        </xsd:annotation>
      </xsd:element>
    </xsd:sequence>
  </xsd:complexType>
  <!--Legal Context : the finality of the Privacy Commission-->
  <xsd:simpleType name="LegalContextType">
    <xsd:restriction base="xsd:string">
      <xsd:minLength value="1"/>
      <xsd:maxLength value="64"/>
    </xsd:restriction>
  </xsd:simpleType>
  <xsd:complexType name="UserContextType">
    <xsd:annotation>
      <xsd:documentation>The user context defines information regarding the actual user performing a request.</xsd:documentation>
    </xsd:annotation>
    <xsd:sequence>
      <xsd:element name="language" type="xsd:language" nillable="true">
        <xsd:annotation>
          <xsd:documentation>The preferred language of the actual user performing the request.
						This influences the language in which response elements are cast.</xsd:documentation>
        </xsd:annotation>
      </xsd:element>
    </xsd:sequence>
  </xsd:complexType>
</xsd:schema>]]></con:content><con:type>http://www.w3.org/2001/XMLSchema</con:type></con:part><con:part><con:url>file:/home/isr/git/parent/inscriptionservice_v1/InscriptionServiceGateway/src/main/resources/wsdl/inscriptionService/1.0.0/messages/exceptionTypes_v1.xsd</con:url><con:content><![CDATA[<xsd:schema targetNamespace="http://fidus.brussels/type/common/exceptions/v1" elementFormDefault="qualified" attributeFormDefault="unqualified" version="1.0" xmlns:xsd="http://www.w3.org/2001/XMLSchema" xmlns:tns="http://fidus.brussels/type/common/exceptions/v1">
  <!--Basic error typed-->
  <xsd:complexType name="ExceptionsType">
    <xsd:sequence>
      <xsd:element name="exception" type="tns:ExceptionType" maxOccurs="unbounded"/>
    </xsd:sequence>
  </xsd:complexType>
  <xsd:complexType name="ExceptionType">
    <xsd:sequence>
      <xsd:element name="type" type="tns:ExceptionClassType"/>
      <xsd:element name="code" type="tns:ExceptionCodeType"/>
      <xsd:element name="source" type="tns:ExceptionSourceType"/>
      <xsd:element name="description" type="tns:ExceptionDescriptionType"/>
    </xsd:sequence>
  </xsd:complexType>
  <xsd:simpleType name="ExceptionClassType">
    <xsd:restriction base="xsd:string">
      <xsd:enumeration value="ERROR"/>
      <xsd:enumeration value="WARNING"/>
      <xsd:enumeration value="INFO"/>
    </xsd:restriction>
  </xsd:simpleType>
  <xsd:simpleType name="ExceptionCodeType">
    <xsd:restriction base="xsd:string">
      <xsd:maxLength value="20"/>
    </xsd:restriction>
  </xsd:simpleType>
  <xsd:simpleType name="ExceptionSourceType">
    <xsd:restriction base="xsd:string">
      <xsd:maxLength value="20"/>
    </xsd:restriction>
  </xsd:simpleType>
  <xsd:simpleType name="ExceptionDescriptionType">
    <xsd:restriction base="xsd:string"/>
  </xsd:simpleType>
</xsd:schema>]]></con:content><con:type>http://www.w3.org/2001/XMLSchema</con:type></con:part><con:part><con:url>file:/home/isr/git/parent/inscriptionservice_v1/InscriptionServiceGateway/src/main/resources/wsdl/inscriptionService/1.0.0/messages/types/Inscription/InscriptionV1.xsd</con:url><con:content><![CDATA[<!--edited with XMLSpy v2008 rel. 2 sp2 (http://www.altova.com) by USER (KSZ-BCSS)-->
<!--====================================================================================================================================
	* File Name				: InscriptionServiceV1.xsd
	* Author				: Raf Walravens
	* Owner					: Crossroad Bank for Social Security (CBSS)
	* Domain				: CBSS Registries Public Services
	* Creation Date			: 29-09-2014
	* Last revision date	: 29-09-2014
	* Description			: This XML schema document contains a set of XML types used in request/response messages of the Inscription Service. 
	* Status				: 
	* Current Version		: 1.0
	* Revision History		: 29-09-2014		First version
	*								  10-12-2014		Add organization to InscriptionType; ssin and type of register
	* ====================================================================================================================================-->
<xsd:schema targetNamespace="http://kszbcss.fgov.be/types/Inscription/v1" elementFormDefault="unqualified" attributeFormDefault="unqualified" version="20141210" xmlns:common="http://kszbcss.fgov.be/types/common/v3" xmlns:tns="http://kszbcss.fgov.be/types/Inscription/v1" xmlns:xsd="http://www.w3.org/2001/XMLSchema">
  <xsd:import namespace="http://kszbcss.fgov.be/types/common/v3" schemaLocation="../common/CommonV3.xsd"/>
  <!--========================= CONSULT ===========================-->
  <xsd:complexType name="ConsultInscriptionsRequestType">
    <xsd:sequence>
      <xsd:element name="criteria" type="tns:ConsultInscriptionsCriteriaType"/>
    </xsd:sequence>
  </xsd:complexType>
  <xsd:complexType name="ConsultInscriptionsResponseType">
    <xsd:complexContent>
      <xsd:extension base="common:BaseResponseType">
        <xsd:sequence>
          <xsd:element name="criteria" type="tns:ConsultInscriptionsCriteriaType"/>
          <xsd:element name="status" type="common:StatusType"/>
          <xsd:element name="ssin" type="tns:SsinWithRegisterType" minOccurs="0"/>
          <xsd:element name="inscriptions" type="tns:InscriptionsType" minOccurs="0"/>
        </xsd:sequence>
      </xsd:extension>
    </xsd:complexContent>
  </xsd:complexType>
  <xsd:complexType name="ConsultInscriptionsCriteriaType">
    <xsd:sequence>
      <xsd:element name="ssin" type="common:SsinType"/>
      <xsd:element name="inscriptionContext" type="common:InscriptionContextType" minOccurs="0"/>
      <xsd:element name="period" type="common:OpenPeriodType" minOccurs="0"/>
    </xsd:sequence>
  </xsd:complexType>
  <!--========================= ADD PERIOD ===========================-->
  <xsd:complexType name="AddInscriptionRequestType">
    <xsd:sequence>
      <xsd:element name="criteria" type="tns:AddInscriptionCriteriaType"/>
    </xsd:sequence>
  </xsd:complexType>
  <xsd:complexType name="AddInscriptionResponseType">
    <xsd:complexContent>
      <xsd:extension base="common:BaseResponseType">
        <xsd:sequence>
          <xsd:element name="criteria" type="tns:AddInscriptionCriteriaType"/>
          <xsd:element name="status" type="common:StatusType"/>
          <xsd:element name="ssin" type="tns:SsinWithRegisterType" minOccurs="0"/>
          <xsd:element name="inscriptions" type="tns:InscriptionsType" minOccurs="0"/>
        </xsd:sequence>
      </xsd:extension>
    </xsd:complexContent>
  </xsd:complexType>
  <xsd:complexType name="AddInscriptionCriteriaType">
    <xsd:sequence>
      <xsd:element name="ssin" type="common:SsinType"/>
      <xsd:element name="inscriptionContext" type="common:InscriptionContextType"/>
      <xsd:element name="period" type="common:OpenPeriodType" minOccurs="0"/>
      <xsd:element name="legalData" type="tns:LegalDataRequestType" minOccurs="0"/>
    </xsd:sequence>
  </xsd:complexType>
  <!--========================= REMOVE PERIOD ===========================-->
  <xsd:complexType name="RemoveInscriptionRequestType">
    <xsd:sequence>
      <xsd:element name="criteria" type="tns:RemoveInscriptionCriteriaType"/>
    </xsd:sequence>
  </xsd:complexType>
  <xsd:complexType name="RemoveInscriptionResponseType">
    <xsd:complexContent>
      <xsd:extension base="common:BaseResponseType">
        <xsd:sequence>
          <xsd:element name="criteria" type="tns:RemoveInscriptionCriteriaType"/>
          <xsd:element name="status" type="common:StatusType"/>
          <xsd:element name="ssin" type="tns:SsinWithRegisterType" minOccurs="0"/>
          <xsd:element name="inscriptions" type="tns:InscriptionsType" minOccurs="0"/>
        </xsd:sequence>
      </xsd:extension>
    </xsd:complexContent>
  </xsd:complexType>
  <xsd:complexType name="RemoveInscriptionCriteriaType">
    <xsd:sequence>
      <xsd:element name="ssin" type="common:SsinType"/>
      <xsd:element name="inscriptionContext" type="common:InscriptionContextType"/>
      <xsd:element name="period" type="common:OpenPeriodType" minOccurs="0"/>
    </xsd:sequence>
  </xsd:complexType>
  <!--========================= COMMON TYPES ===========================-->
  <xsd:complexType name="InscriptionsType">
    <xsd:sequence>
      <xsd:element name="inscription" type="tns:InscriptionType" maxOccurs="100"/>
    </xsd:sequence>
  </xsd:complexType>
  <xsd:complexType name="InscriptionType">
    <xsd:sequence>
      <xsd:element name="organization" type="common:OrganizationIdentificationType"/>
      <xsd:element name="qualityCode">
        <xsd:simpleType>
          <xsd:restriction base="xsd:unsignedShort">
            <xsd:maxInclusive value="999"/>
          </xsd:restriction>
        </xsd:simpleType>
      </xsd:element>
      <xsd:element name="inscriptionContext" type="common:InscriptionContextType"/>
      <xsd:element name="period" type="common:OpenPeriodType" minOccurs="0">
        <xsd:annotation>
          <xsd:documentation>When the inscription is preliminary or definitive, the period is absent</xsd:documentation>
        </xsd:annotation>
      </xsd:element>
    </xsd:sequence>
    <xsd:attribute name="timestamp" type="xsd:dateTime" use="required"/>
  </xsd:complexType>
  <xsd:complexType name="LegalDataRequestType">
    <xsd:sequence>
      <xsd:element name="name" type="tns:NameType" minOccurs="0"/>
      <xsd:element name="birthDate" type="common:IncompleteDateType" minOccurs="0"/>
      <xsd:element name="gender" type="tns:GenderCodeType" minOccurs="0"/>
    </xsd:sequence>
  </xsd:complexType>
  <xsd:complexType name="NameType">
    <xsd:sequence>
      <xsd:element name="lastName">
        <xsd:simpleType>
          <xsd:restriction base="xsd:string">
            <xsd:minLength value="1"/>
            <xsd:maxLength value="48"/>
          </xsd:restriction>
        </xsd:simpleType>
      </xsd:element>
      <xsd:element name="givenName" minOccurs="0">
        <xsd:simpleType>
          <xsd:restriction base="xsd:string">
            <xsd:minLength value="1"/>
            <xsd:maxLength value="48"/>
          </xsd:restriction>
        </xsd:simpleType>
      </xsd:element>
    </xsd:sequence>
  </xsd:complexType>
  <xsd:simpleType name="GenderCodeType">
    <xsd:restriction base="xsd:string">
      <xsd:enumeration value="M"/>
      <xsd:enumeration value="F"/>
    </xsd:restriction>
  </xsd:simpleType>
  <xsd:complexType name="SsinWithRegisterType">
    <xsd:simpleContent>
      <xsd:extension base="common:SsinType">
        <xsd:attribute name="register" type="tns:RegisterType" use="required"/>
        <xsd:attribute name="replacing" type="xsd:boolean" use="required"/>
      </xsd:extension>
    </xsd:simpleContent>
  </xsd:complexType>
  <xsd:simpleType name="RegisterType">
    <xsd:restriction base="xsd:string">
      <xsd:enumeration value="NR"/>
      <xsd:enumeration value="RAD"/>
      <xsd:enumeration value="BIS"/>
    </xsd:restriction>
  </xsd:simpleType>
</xsd:schema>]]></con:content><con:type>http://www.w3.org/2001/XMLSchema</con:type></con:part><con:part><con:url>file:/home/isr/git/parent/inscriptionservice_v1/InscriptionServiceGateway/src/main/resources/wsdl/inscriptionService/1.0.0/messages/types/common/CommonV3.xsd</con:url><con:content><![CDATA[<!--edited with XMLSpy v2008 rel. 2 sp2 (http://www.altova.com) by USER (KSZ-BCSS)-->
<!--====================================================================================================================================
	* File Name				: CommonV3.xsd
	* Author					: Johan Kumps - Peter Van den Bosch
	* Owner					: Crossroad Bank for Social Security (CBSS)
	* Domain					: CBSS Registries Public Services
	* Creation Date			: 31-05-2010
	* Last revision date	: 25-03-2011
	* Description				: This XML schema document contains a set of Common XML  type definition and content model fragments for use in CBSS webservices and batch file schema definitions within the CBSS domain. 
	* Status					: 
	* Current Version		: 3.0
	* Revision History		: 09-03-2011  	String2Type added
	*														LegalContext added
	*														DescriptionType refactored + lenght constraint 50 changed to 100
	*														InformationCustomerType.ticket length constraint 32 changed to 36
	*														LegalContext + IntegrationContext concepts added
	*														RuntimeFaultType refactored to CBSSFaultType
	*														Parameters added to BaseRequestType
	*                                18-10-2011 		removed String100Type 
   *                                         				Added InformationNotificationCBSS/InformationNotified
   *                                         				Increased the max number of occurences of Information in CBSSFaultType from 5 to 15
	*									25-10-2011	Refactored unbounded business errors to 25
	*														Refactored SSINType to SsinType
   *                          09-11-2011 Changed namespace to v3
   *                                         thorough validation leading to modifications: see CBSS common XSD types.doc
   *                           18-01-2011          informationNotified: identification renamed to notifiedIdentification (consistency)
   *                                                          CbeNumberType: changed from 9 or 10 digits, to mandatory 10 digits
  *                                                          added types for euro amounts, enterprise numbers and business unit numbers
 *                                                          Removed status and business anomalies from BaseResponseType, as the request fields should be copied in the same order in the response
*                                20-03-2012        Renamed BaseDescriptionType to DescriptionType, removed old DescriptionType
*                                                        Removed DescriptionStyleParametersType
*                                                        Removed RegisterCharacterSetType
*                                 29-05-2012           Really remove RegisterCharacterSetType
*								  14-11-2013		Added InformationCBSSBatchType
*								  04-09-2014		Added SenderReceiverType
====================================================================================================================================-->
<xsd:schema targetNamespace="http://kszbcss.fgov.be/types/common/v3" elementFormDefault="unqualified" attributeFormDefault="unqualified" version="3.1" xmlns:xsd="http://www.w3.org/2001/XMLSchema" xmlns:tns="http://kszbcss.fgov.be/types/common/v3">
  <!--Request / response meta data-->
  <xsd:simpleType name="SeverityType">
    <xsd:restriction base="xsd:string">
      <xsd:enumeration value="INFORMATION"/>
      <xsd:enumeration value="WARNING"/>
      <xsd:enumeration value="FATAL"/>
    </xsd:restriction>
  </xsd:simpleType>
  <xsd:simpleType name="UUIDType">
    <xsd:restriction base="xsd:string">
      <xsd:pattern value="[\da-fA-F]{8}-[\da-fA-F]{4}-[\da-fA-F]{4}-[\da-fA-F]{4}-[\da-fA-F]{12}"/>
    </xsd:restriction>
  </xsd:simpleType>
  <xsd:simpleType name="TicketType">
    <xsd:restriction base="xsd:string">
      <xsd:maxLength value="36"/>
    </xsd:restriction>
  </xsd:simpleType>
  <xsd:simpleType name="CbeNumberType">
    <xsd:annotation>
      <xsd:documentation>CBE number identifying an enterprise or business unit</xsd:documentation>
    </xsd:annotation>
    <xsd:restriction base="xsd:string">
      <xsd:pattern value="\d{10}"/>
    </xsd:restriction>
  </xsd:simpleType>
  <xsd:simpleType name="EnterpriseNumberType">
    <xsd:annotation>
      <xsd:documentation>CBE enterprise number (starting with 0 or 1)</xsd:documentation>
    </xsd:annotation>
    <xsd:restriction base="xsd:string">
      <xsd:pattern value="[0-1]\d{9}"/>
    </xsd:restriction>
  </xsd:simpleType>
  <xsd:simpleType name="BusinessUnitNumberType">
    <xsd:annotation>
      <xsd:documentation>CBE business unit number (starting with 2-8)</xsd:documentation>
    </xsd:annotation>
    <xsd:restriction base="xsd:string">
      <xsd:pattern value="[2-8]\d{9}"/>
    </xsd:restriction>
  </xsd:simpleType>
  <xsd:simpleType name="SsinType">
    <xsd:restriction base="xsd:string">
      <xsd:pattern value="[0-9][0-9](([0][0-9])|([1][0-2]))(([0-2][0-9])|([3][0-1]))(([0-9]{2}[1-9])|([0-9][1-9][0-9])|([1-9][0-9]{2}))(([0-8][0-9])|([9][0-7]))">
        <xsd:annotation>
          <xsd:documentation xml:lang="FR">Registre National</xsd:documentation>
          <xsd:documentation xml:lang="NL">Rijksregister</xsd:documentation>
        </xsd:annotation>
      </xsd:pattern>
      <xsd:pattern value="[0-9][0-9](([2][0-9])|([3][0-2]))(([0-2][0-9])|([3][0-1]))[0-9]{3}(([0-8][0-9])|([9][0-7]))">
        <xsd:annotation>
          <xsd:documentation xml:lang="FR">Registre Bis : numero Bis</xsd:documentation>
          <xsd:documentation xml:lang="NL">Bis register : Bisnummer</xsd:documentation>
        </xsd:annotation>
      </xsd:pattern>
      <xsd:pattern value="[0-9][0-9](([4][0-9])|([5][0-2]))(([0-2][0-9])|([3][0-1]))[0-9]{3}(([0-8][0-9])|([9][0-7]))">
        <xsd:annotation>
          <xsd:documentation xml:lang="FR">Registre Bis : numero TER</xsd:documentation>
          <xsd:documentation xml:lang="NL">Bisregister : Ternummer</xsd:documentation>
        </xsd:annotation>
      </xsd:pattern>
    </xsd:restriction>
  </xsd:simpleType>
  <xsd:simpleType name="LegalContextType">
    <xsd:restriction base="xsd:string">
      <xsd:maxLength value="64"/>
    </xsd:restriction>
  </xsd:simpleType>
  <xsd:simpleType name="IntegrationContextType">
    <xsd:annotation>
      <xsd:documentation>deprecated type. Use InscriptionContextType instead in new XSDs</xsd:documentation>
    </xsd:annotation>
    <xsd:restriction base="xsd:string">
      <xsd:maxLength value="64"/>
    </xsd:restriction>
  </xsd:simpleType>
  <xsd:simpleType name="InscriptionContextType">
    <xsd:annotation>
      <xsd:documentation>The way in which an organization knows a person (textual equivalent of former numerical quality code)</xsd:documentation>
    </xsd:annotation>
    <xsd:restriction base="xsd:string">
      <xsd:maxLength value="64"/>
    </xsd:restriction>
  </xsd:simpleType>
  <xsd:complexType name="InformationCBSSType">
    <xsd:annotation>
      <xsd:documentation>Information block from CBSS.</xsd:documentation>
    </xsd:annotation>
    <xsd:sequence>
      <xsd:element name="ticketCBSS" type="tns:UUIDType"/>
      <xsd:element name="timestampReceive" type="xsd:dateTime">
        <xsd:annotation>
          <xsd:documentation>Time request was received by CBSS.</xsd:documentation>
        </xsd:annotation>
      </xsd:element>
      <xsd:element name="timestampReply" type="xsd:dateTime">
        <xsd:annotation>
          <xsd:documentation>Time reply was sent by CBSS.</xsd:documentation>
        </xsd:annotation>
      </xsd:element>
    </xsd:sequence>
  </xsd:complexType>
  <xsd:complexType name="InformationCustomerType">
    <xsd:annotation>
      <xsd:documentation>Information block that can be used by the customer for diagnostic use.</xsd:documentation>
    </xsd:annotation>
    <xsd:sequence>
      <xsd:element name="ticket" type="tns:TicketType" minOccurs="0">
        <xsd:annotation>
          <xsd:documentation>Client can assign their own ticket reference for the request. Not mandatory.</xsd:documentation>
        </xsd:annotation>
      </xsd:element>
      <xsd:element name="timestampSent" type="xsd:dateTime" minOccurs="0">
        <xsd:annotation>
          <xsd:documentation>Timestamp when client sent request.</xsd:documentation>
        </xsd:annotation>
      </xsd:element>
      <xsd:element name="customerIdentification" type="tns:OrganizationIdentificationType"/>
    </xsd:sequence>
  </xsd:complexType>
  <xsd:complexType name="InformationSupplierType">
    <xsd:annotation>
      <xsd:documentation>Information block for supplier of a service</xsd:documentation>
    </xsd:annotation>
    <xsd:sequence>
      <xsd:element name="ticket" type="tns:TicketType" minOccurs="0">
        <xsd:annotation>
          <xsd:documentation>UUID generated by Customer or Supplier</xsd:documentation>
        </xsd:annotation>
      </xsd:element>
      <xsd:element name="timestampReceive" type="xsd:dateTime" minOccurs="0">
        <xsd:annotation>
          <xsd:documentation>Time of request</xsd:documentation>
        </xsd:annotation>
      </xsd:element>
      <xsd:element name="timestampReply" type="xsd:dateTime" minOccurs="0">
        <xsd:annotation>
          <xsd:documentation>Time of request</xsd:documentation>
        </xsd:annotation>
      </xsd:element>
      <xsd:element name="supplierIdentification" type="tns:OrganizationIdentificationType"/>
    </xsd:sequence>
  </xsd:complexType>
  <xsd:complexType name="InformationNotificationCBSSType">
    <xsd:annotation>
      <xsd:documentation>Deprecated type. Use SenderReceiverType in new batch XSDs. Information block for CBSS info when CBSS notifies partner</xsd:documentation>
    </xsd:annotation>
    <xsd:sequence>
      <xsd:element name="ticketCBSS" type="tns:UUIDType">
        <xsd:annotation>
          <xsd:documentation>UUID generated by Customer or Supplier</xsd:documentation>
        </xsd:annotation>
      </xsd:element>
      <xsd:element name="timestampSent" type="xsd:dateTime">
        <xsd:annotation>
          <xsd:documentation>Time of request</xsd:documentation>
        </xsd:annotation>
      </xsd:element>
    </xsd:sequence>
  </xsd:complexType>
  <xsd:complexType name="InformationNotifiedType">
    <xsd:annotation>
      <xsd:documentation>Deprecated type. Use SenderReceiverType in new batch XSDs. Information block for partner info when CBSS notifies partner</xsd:documentation>
    </xsd:annotation>
    <xsd:sequence>
      <xsd:element name="ticket" type="tns:TicketType" minOccurs="0"/>
      <xsd:element name="timestampReply" type="xsd:dateTime" minOccurs="0"/>
      <xsd:element name="notifiedIdentification" type="tns:OrganizationIdentificationType"/>
    </xsd:sequence>
  </xsd:complexType>
  <xsd:complexType name="InformationCBSSBatchType">
    <xsd:annotation>
      <xsd:documentation>Deprecated type. Use SenderReceiverType in new batch XSDs</xsd:documentation>
    </xsd:annotation>
    <xsd:sequence>
      <xsd:element name="fileId" type="xsd:unsignedLong"/>
      <xsd:element name="fileCreationTimestamp" type="xsd:dateTime"/>
    </xsd:sequence>
  </xsd:complexType>
  <xsd:complexType name="SenderReceiverType">
    <xsd:annotation>
      <xsd:documentation>Information block containing info about the sender or receiver of a message.</xsd:documentation>
    </xsd:annotation>
    <xsd:sequence>
      <xsd:element name="ticket" type="tns:TicketType" minOccurs="0">
        <xsd:annotation>
          <xsd:documentation>The partner can assign a ticket reference to the message. Not mandatory.</xsd:documentation>
        </xsd:annotation>
      </xsd:element>
      <xsd:element name="timestampSent" type="xsd:dateTime" minOccurs="0">
        <xsd:annotation>
          <xsd:documentation>Timestamp when message was sent. In the receiver block of response messages the timestampSent is the timestamp when the request was created by the organization that receives the response.</xsd:documentation>
        </xsd:annotation>
      </xsd:element>
      <xsd:element name="organizationIdentification" type="tns:OrganizationIdentificationType"/>
    </xsd:sequence>
  </xsd:complexType>
  <xsd:complexType name="OrganizationIdentificationType">
    <xsd:choice>
      <xsd:element name="cbeNumber" type="tns:CbeNumberType"/>
      <xsd:sequence>
        <xsd:element name="sector">
          <xsd:simpleType>
            <xsd:restriction base="xsd:unsignedShort">
              <xsd:maxInclusive value="999"/>
            </xsd:restriction>
          </xsd:simpleType>
        </xsd:element>
        <xsd:element name="institution">
          <xsd:simpleType>
            <xsd:restriction base="xsd:unsignedShort">
              <xsd:maxInclusive value="999"/>
            </xsd:restriction>
          </xsd:simpleType>
        </xsd:element>
      </xsd:sequence>
    </xsd:choice>
  </xsd:complexType>
  <xsd:complexType name="OpenPeriodType">
    <xsd:annotation>
      <xsd:documentation>Period containining a begin date and an optional end date.</xsd:documentation>
    </xsd:annotation>
    <xsd:sequence>
      <xsd:element name="beginDate" type="xsd:date"/>
      <xsd:element name="endDate" type="xsd:date" minOccurs="0"/>
    </xsd:sequence>
  </xsd:complexType>
  <xsd:complexType name="PeriodType">
    <xsd:annotation>
      <xsd:documentation>Period containining a begin date and an end date.</xsd:documentation>
    </xsd:annotation>
    <xsd:sequence>
      <xsd:element name="beginDate" type="xsd:date"/>
      <xsd:element name="endDate" type="xsd:date"/>
    </xsd:sequence>
  </xsd:complexType>
  <xsd:simpleType name="IncompleteDateType">
    <xsd:annotation>
      <xsd:documentation>A possibly incomplete date. Format yyyy-mm-dd, yyyy-mm-00 or yyyy-00-00</xsd:documentation>
    </xsd:annotation>
    <xsd:restriction base="xsd:string">
      <xsd:length value="10"/>
      <xsd:whiteSpace value="collapse"/>
      <xsd:pattern value="[0-2][0-9]{3}\-[0-1][0-9]\-[0-3][0-9]"/>
    </xsd:restriction>
  </xsd:simpleType>
  <xsd:simpleType name="DescriptionType">
    <xsd:restriction base="xsd:string">
      <xsd:maxLength value="100"/>
    </xsd:restriction>
  </xsd:simpleType>
  <xsd:simpleType name="LanguageType">
    <xsd:annotation>
      <xsd:documentation>Type specifying the language of a given value</xsd:documentation>
    </xsd:annotation>
    <xsd:restriction base="xsd:string">
      <xsd:enumeration value="NL"/>
      <xsd:enumeration value="FR"/>
      <xsd:enumeration value="DE"/>
    </xsd:restriction>
  </xsd:simpleType>
  <!--Errors and warnings structures-->
  <xsd:group name="BusinessAnomaliesContentFragment">
    <xsd:annotation>
      <xsd:documentation>Structure reporting business errors to the consumer</xsd:documentation>
    </xsd:annotation>
    <xsd:sequence>
      <xsd:element name="businessAnomalies" type="tns:BusinessAnomaliesType" minOccurs="0"/>
    </xsd:sequence>
  </xsd:group>
  <xsd:complexType name="BusinessAnomaliesType">
    <xsd:annotation>
      <xsd:documentation>Type defining the structure of the part of the response containing business Faults</xsd:documentation>
    </xsd:annotation>
    <xsd:sequence>
      <xsd:element name="businessAnomaly" type="tns:BusinessAnomalyType" maxOccurs="25"/>
    </xsd:sequence>
  </xsd:complexType>
  <xsd:complexType name="BusinessAnomalyType">
    <xsd:annotation>
      <xsd:documentation>Type defining the structure of one business Faults</xsd:documentation>
    </xsd:annotation>
    <xsd:sequence>
      <xsd:element name="code" type="xsd:string">
        <xsd:annotation>
          <xsd:documentation>Unique code referring to a description of this Fault</xsd:documentation>
        </xsd:annotation>
      </xsd:element>
      <xsd:element name="severity" type="tns:SeverityType"/>
      <xsd:element name="description">
        <xsd:annotation>
          <xsd:documentation>Some description of this Fault</xsd:documentation>
        </xsd:annotation>
        <xsd:simpleType>
          <xsd:restriction base="xsd:string">
            <xsd:maxLength value="256"/>
          </xsd:restriction>
        </xsd:simpleType>
      </xsd:element>
      <xsd:element name="information" type="tns:InformationType" minOccurs="0" maxOccurs="15"/>
    </xsd:sequence>
  </xsd:complexType>
  <xsd:complexType name="CBSSFaultType">
    <xsd:sequence>
      <xsd:element name="informationCustomer" type="tns:InformationCustomerType" minOccurs="0"/>
      <xsd:element name="informationCBSS" type="tns:InformationCBSSType"/>
      <xsd:element name="detail" type="tns:MessageType" maxOccurs="30"/>
    </xsd:sequence>
  </xsd:complexType>
  <xsd:complexType name="MessageType">
    <xsd:sequence>
      <xsd:element name="severity" type="tns:SeverityType"/>
      <xsd:element name="reasonCode">
        <xsd:simpleType>
          <xsd:restriction base="xsd:string">
            <xsd:maxLength value="16"/>
          </xsd:restriction>
        </xsd:simpleType>
      </xsd:element>
      <xsd:element name="diagnostic">
        <xsd:simpleType>
          <xsd:restriction base="xsd:string">
            <xsd:maxLength value="256"/>
          </xsd:restriction>
        </xsd:simpleType>
      </xsd:element>
      <xsd:element name="authorCode">
        <xsd:simpleType>
          <xsd:restriction base="xsd:string">
            <xsd:maxLength value="64"/>
          </xsd:restriction>
        </xsd:simpleType>
      </xsd:element>
      <xsd:element name="information" type="tns:InformationType" minOccurs="0" maxOccurs="15"/>
    </xsd:sequence>
  </xsd:complexType>
  <xsd:complexType name="InformationType">
    <xsd:sequence>
      <xsd:element name="fieldName">
        <xsd:simpleType>
          <xsd:restriction base="xsd:string">
            <xsd:maxLength value="64"/>
          </xsd:restriction>
        </xsd:simpleType>
      </xsd:element>
      <xsd:element name="fieldValue" minOccurs="0">
        <xsd:simpleType>
          <xsd:restriction base="xsd:string">
            <xsd:maxLength value="256"/>
          </xsd:restriction>
        </xsd:simpleType>
      </xsd:element>
    </xsd:sequence>
  </xsd:complexType>
  <!--Base types for most common request/response format for consultation type operations. Can be used to define request and response types with extension type inheritance. Don't use if it doesn't fit the requirements.-->
  <xsd:complexType name="BaseRequestType" abstract="true">
    <xsd:annotation>
      <xsd:documentation>Type defining the base structure for all service requests</xsd:documentation>
    </xsd:annotation>
    <xsd:sequence>
      <xsd:element name="informationCustomer" type="tns:InformationCustomerType"/>
      <xsd:element name="informationCBSS" type="tns:InformationCBSSType" minOccurs="0"/>
      <xsd:element name="legalContext" type="tns:LegalContextType">
        <xsd:annotation>
          <xsd:documentation>legal context under which the request was made</xsd:documentation>
        </xsd:annotation>
      </xsd:element>
    </xsd:sequence>
  </xsd:complexType>
  <xsd:complexType name="BaseResponseType" abstract="true">
    <xsd:annotation>
      <xsd:documentation>Type defining the base structure for all service responses</xsd:documentation>
    </xsd:annotation>
    <xsd:sequence>
      <xsd:element name="informationCustomer" type="tns:InformationCustomerType"/>
      <xsd:element name="informationCBSS" type="tns:InformationCBSSType"/>
      <xsd:element name="legalContext" type="tns:LegalContextType"/>
    </xsd:sequence>
  </xsd:complexType>
  <!--Commonly used status type for consultation type operations. Define another if it doesn't fit requirements.-->
  <xsd:complexType name="StatusType">
    <xsd:sequence>
      <xsd:element name="value">
        <xsd:annotation>
          <xsd:documentation>global status of the result</xsd:documentation>
        </xsd:annotation>
        <xsd:simpleType>
          <xsd:restriction base="xsd:string">
            <xsd:enumeration value="DATA_FOUND"/>
            <xsd:enumeration value="NO_DATA_FOUND"/>
            <xsd:enumeration value="NO_RESULT"/>
          </xsd:restriction>
        </xsd:simpleType>
      </xsd:element>
      <xsd:element name="code">
        <xsd:annotation>
          <xsd:documentation>the code of the status</xsd:documentation>
        </xsd:annotation>
        <xsd:simpleType>
          <xsd:restriction base="xsd:string">
            <xsd:maxLength value="16"/>
          </xsd:restriction>
        </xsd:simpleType>
      </xsd:element>
      <xsd:element name="description" minOccurs="0">
        <xsd:annotation>
          <xsd:documentation>the description of the status</xsd:documentation>
        </xsd:annotation>
        <xsd:simpleType>
          <xsd:restriction base="xsd:string">
            <xsd:maxLength value="256"/>
          </xsd:restriction>
        </xsd:simpleType>
      </xsd:element>
      <xsd:element name="information" type="tns:InformationType" minOccurs="0" maxOccurs="15"/>
    </xsd:sequence>
  </xsd:complexType>
  <xsd:simpleType name="EuroPositiveAmountType">
    <xsd:restriction base="xsd:decimal">
      <xsd:fractionDigits value="2"/>
      <xsd:maxExclusive value="1000000000000000"/>
    </xsd:restriction>
  </xsd:simpleType>
  <xsd:simpleType name="EuroAmountType">
    <xsd:restriction base="xsd:decimal">
      <xsd:fractionDigits value="2"/>
      <xsd:maxExclusive value="1000000000000000"/>
      <xsd:minExclusive value="-1000000000000000"/>
    </xsd:restriction>
  </xsd:simpleType>
  <xsd:simpleType name="EurocentPositiveAmountType">
    <xsd:restriction base="xsd:unsignedLong">
      <xsd:maxExclusive value="100000000000000000"/>
    </xsd:restriction>
  </xsd:simpleType>
  <xsd:simpleType name="EurocentAmountType">
    <xsd:restriction base="xsd:long">
      <xsd:minExclusive value="-100000000000000000"/>
      <xsd:maxExclusive value="100000000000000000"/>
    </xsd:restriction>
  </xsd:simpleType>
</xsd:schema>]]></con:content><con:type>http://www.w3.org/2001/XMLSchema</con:type></con:part></con:definitionCache><con:endpoints><con:endpoint>https://192.168.24.45:8443/services/InscriptionService_v1.0</con:endpoint><con:endpoint>https://192.168.24.51:8443/services/InscriptionService_v1.0</con:endpoint><con:endpoint>https://192.168.24.57:8443/services/InscriptionService_v1.0</con:endpoint><con:endpoint>https://192.168.24.64:8443/services/InscriptionService_v1.0</con:endpoint><con:endpoint>https://192.168.36.205:8243/services/InscriptionService_v1.0</con:endpoint><con:endpoint>https://esb-security-gw.sta.srv.cirb.lan:8443/services/InscriptionService_v1.0</con:endpoint><con:endpoint>https://fidus-esb-sg.sta.srv.cirb.lan:8443/InscriptionService_v1.0</con:endpoint><con:endpoint>https://fidus-test.irisnetlab.be/services/InscriptionService_v1.0</con:endpoint><con:endpoint>https://fidus.irisnetlab.be/services/InscriptionService_v1.0</con:endpoint></con:endpoints><con:operation id="7f13c12e-1518-46a4-b43a-9568946c8006" isOneWay="false" action="http://fidus.brussels/services/inscriptionservice/addInscription" name="addInscription" bindingOperationName="addInscription" type="Request-Response" inputName="" receivesAttachments="false" sendsAttachments="false" anonymous="optional"><con:settings/><con:call id="65a59cee-57e2-4470-8ec9-1a8fbb5f1725" name="1 - Local - Request" outgoingWss="Outflow DEV" incomingWss="Inflow DEV" sslKeystore="fidus-testuser-dev.jks"><con:settings><con:setting id="com.eviware.soapui.impl.wsdl.WsdlRequest@request-headers">&lt;xml-fragment/></con:setting></con:settings><con:encoding>UTF-8</con:encoding><con:endpoint>https://localhost:8243/services/InscriptionService_v1.0</con:endpoint><con:request><![CDATA[<soapenv:Envelope xmlns:soapenv="http://schemas.xmlsoap.org/soap/envelope/" xmlns:v1="http://fidus.brussels/service/inscriptionservice/messages/v1" xmlns:v11="http://fidus.brussels/type/common/messages/v1">
   <soapenv:Header/>
   <soapenv:Body>
      <v1:addInscriptionRequest>
         <v1:messageContext>
            <v11:messageId>${=import static java.util.UUID.randomUUID; uuid = randomUUID() as String}</v11:messageId>
            <v11:timestamp>${=new java.text.SimpleDateFormat("yyyy-MM-dd'T'HH:mm:ss.SSS").format(new Date())}</v11:timestamp>
         </v1:messageContext>
         <v1:legalContext>ServiceIntegrator</v1:legalContext>
         <v1:request>
            <criteria>
               <ssin>91120406960</ssin>
               <inscriptionContext>fidus:administrative_file</inscriptionContext>
               <period>
                  <beginDate>${=new java.text.SimpleDateFormat("yyyy-MM-dd").format(new Date())}</beginDate>
                  <endDate>${=new java.text.SimpleDateFormat("yyyy-MM-dd").format(new Date() + 1)}</endDate>
               </period>
            </criteria>
         </v1:request>
      </v1:addInscriptionRequest>
   </soapenv:Body>
</soapenv:Envelope>]]></con:request><con:credentials><con:selectedAuthProfile>Basic</con:selectedAuthProfile><con:addedBasicAuthenticationTypes>Basic</con:addedBasicAuthenticationTypes><con:authType>Global HTTP Settings</con:authType></con:credentials><con:jmsConfig JMSDeliveryMode="PERSISTENT"/><con:jmsPropertyConfig/><con:wsaConfig mustUnderstand="NONE" version="200508" action="http://fidus.brussels/services/cbssinscriptionservice/addInscription"/><con:wsrmConfig version="1.2"/></con:call><con:call id="b377db8a-6e25-4999-8e5b-cb792e644d16" name="2 - DEV - Request" outgoingWss="Outflow DEV" incomingWss="Inflow DEV"><con:settings><con:setting id="com.eviware.soapui.impl.wsdl.WsdlRequest@request-headers">&lt;xml-fragment/></con:setting></con:settings><con:encoding>UTF-8</con:encoding><con:endpoint>https://192.168.36.205:8243/services/InscriptionService_v1.0</con:endpoint><con:request><![CDATA[<soapenv:Envelope xmlns:soapenv="http://schemas.xmlsoap.org/soap/envelope/" xmlns:v1="http://fidus.brussels/service/inscriptionservice/messages/v1" xmlns:v11="http://fidus.brussels/type/common/messages/v1">
   <soapenv:Header/>
   <soapenv:Body>
      <v1:addInscriptionRequest>
         <v1:messageContext>
            <v11:messageId>${=import static java.util.UUID.randomUUID; uuid = randomUUID() as String}</v11:messageId>
            <v11:timestamp>${=new java.text.SimpleDateFormat("yyyy-MM-dd'T'HH:mm:ss.SSS").format(new Date())}</v11:timestamp>
         </v1:messageContext>
         <v1:legalContext>ServiceIntegrator</v1:legalContext>
         <v1:request>
            <criteria>
               <ssin>91120406960</ssin>
               <inscriptionContext>fidus:administrative_file</inscriptionContext>
               <period>
                  <beginDate>${=new java.text.SimpleDateFormat("yyyy-MM-dd").format(new Date())}</beginDate>
                  <endDate>${=new java.text.SimpleDateFormat("yyyy-MM-dd").format(new Date() + 1)}</endDate>
               </period>
            </criteria>
         </v1:request>
      </v1:addInscriptionRequest>
   </soapenv:Body>
</soapenv:Envelope>]]></con:request><con:credentials><con:selectedAuthProfile>Basic</con:selectedAuthProfile><con:addedBasicAuthenticationTypes>Basic</con:addedBasicAuthenticationTypes><con:authType>Global HTTP Settings</con:authType></con:credentials><con:jmsConfig JMSDeliveryMode="PERSISTENT"/><con:jmsPropertyConfig/><con:wsaConfig mustUnderstand="NONE" version="200508" action="http://fidus.brussels/services/inscriptionservice/addInscription"/><con:wsrmConfig version="1.2"/></con:call><con:call id="ed9c8540-822e-4c09-8d61-016add0ccead" name="3 - TEST - External - Request"><con:settings><con:setting id="com.eviware.soapui.impl.wsdl.WsdlRequest@request-headers">&lt;xml-fragment/></con:setting></con:settings><con:encoding>UTF-8</con:encoding><con:endpoint>https://192.168.36.205:8243/services/InscriptionService_v1.0</con:endpoint><con:request><![CDATA[<soapenv:Envelope xmlns:soapenv="http://schemas.xmlsoap.org/soap/envelope/" xmlns:v1="http://fidus.brussels/service/inscriptionservice/messages/v1" xmlns:v11="http://fidus.brussels/type/common/messages/v1">
   <soapenv:Header/>
   <soapenv:Body>
      <v1:addInscriptionRequest>
         <v1:messageContext>
            <v11:messageId>${=import static java.util.UUID.randomUUID; uuid = randomUUID() as String}</v11:messageId>
            <v11:timestamp>${=new java.text.SimpleDateFormat("yyyy-MM-dd'T'HH:mm:ss.SSS").format(new Date())}</v11:timestamp>
         </v1:messageContext>
         <v1:legalContext>ServiceIntegrator</v1:legalContext>
         <v1:request>
            <criteria>
               <ssin>91120406960</ssin>
               <inscriptionContext>fidus:administrative_file</inscriptionContext>
               <period>
                  <beginDate>${=new java.text.SimpleDateFormat("yyyy-MM-dd").format(new Date())}</beginDate>
                  <endDate>${=new java.text.SimpleDateFormat("yyyy-MM-dd").format(new Date() + 1)}</endDate>
               </period>
            </criteria>
         </v1:request>
      </v1:addInscriptionRequest>
   </soapenv:Body>
</soapenv:Envelope>]]></con:request><con:credentials><con:selectedAuthProfile>Basic</con:selectedAuthProfile><con:addedBasicAuthenticationTypes>Basic</con:addedBasicAuthenticationTypes><con:authType>Global HTTP Settings</con:authType></con:credentials><con:jmsConfig JMSDeliveryMode="PERSISTENT"/><con:jmsPropertyConfig/><con:wsaConfig mustUnderstand="NONE" version="200508" action="http://fidus.brussels/services/inscriptionservice/addInscription"/><con:wsrmConfig version="1.2"/></con:call><con:call id="daf15dc6-f5ca-4584-bde8-f9ecb334b024" name="3- TEST - LB - Request"><con:settings><con:setting id="com.eviware.soapui.impl.wsdl.WsdlRequest@request-headers">&lt;xml-fragment/></con:setting></con:settings><con:encoding>UTF-8</con:encoding><con:endpoint>https://fidus-test.irisnetlab.be/services/InscriptionService_v1.0</con:endpoint><con:request><![CDATA[<soapenv:Envelope xmlns:soapenv="http://schemas.xmlsoap.org/soap/envelope/" xmlns:v1="http://fidus.brussels/service/inscriptionservice/messages/v1" xmlns:v11="http://fidus.brussels/type/common/messages/v1">
   <soapenv:Header/>
   <soapenv:Body>
      <v1:addInscriptionRequest>
         <v1:messageContext>
            <v11:messageId>${=import static java.util.UUID.randomUUID; uuid = randomUUID() as String}</v11:messageId>
            <v11:timestamp>${=new java.text.SimpleDateFormat("yyyy-MM-dd'T'HH:mm:ss.SSS").format(new Date())}</v11:timestamp>
         </v1:messageContext>
         <v1:legalContext>ServiceIntegrator</v1:legalContext>
         <v1:request>
            <criteria>
               <ssin>91120406960</ssin>
               <inscriptionContext>fidus:administrative_file</inscriptionContext>
               <period>
                  <beginDate>${=new java.text.SimpleDateFormat("yyyy-MM-dd").format(new Date())}</beginDate>
                  <endDate>${=new java.text.SimpleDateFormat("yyyy-MM-dd").format(new Date() + 1)}</endDate>
               </period>
            </criteria>
         </v1:request>
      </v1:addInscriptionRequest>
   </soapenv:Body>
</soapenv:Envelope>]]></con:request><con:credentials><con:selectedAuthProfile>Basic</con:selectedAuthProfile><con:addedBasicAuthenticationTypes>Basic</con:addedBasicAuthenticationTypes><con:authType>Global HTTP Settings</con:authType></con:credentials><con:jmsConfig JMSDeliveryMode="PERSISTENT"/><con:jmsPropertyConfig/><con:wsaConfig mustUnderstand="NONE" version="200508" action="http://fidus.brussels/services/inscriptionservice/addInscription"/><con:wsrmConfig version="1.2"/></con:call><con:call id="afbe8a05-15c0-4d72-b5c9-4b5f4b8872c3" name="3- TEST - worker 1 - Request" outgoingWss="Outflow TEST" incomingWss="Inflow TEST"><con:settings><con:setting id="com.eviware.soapui.impl.wsdl.WsdlRequest@request-headers">&lt;xml-fragment/></con:setting></con:settings><con:encoding>UTF-8</con:encoding><con:endpoint>https://192.168.24.45:8443/services/InscriptionService_v1.0</con:endpoint><con:request><![CDATA[<soapenv:Envelope xmlns:soapenv="http://schemas.xmlsoap.org/soap/envelope/" xmlns:v1="http://fidus.brussels/service/inscriptionservice/messages/v1" xmlns:v11="http://fidus.brussels/type/common/messages/v1">
   <soapenv:Header/>
   <soapenv:Body>
      <v1:addInscriptionRequest>
         <v1:messageContext>
            <v11:messageId>${=import static java.util.UUID.randomUUID; uuid = randomUUID() as String}</v11:messageId>
            <v11:timestamp>${=new java.text.SimpleDateFormat("yyyy-MM-dd'T'HH:mm:ss.SSS").format(new Date())}</v11:timestamp>
         </v1:messageContext>
         <v1:legalContext>ServiceIntegrator</v1:legalContext>
         <v1:request>
            <criteria>
               <ssin>91120406960</ssin>
               <inscriptionContext>fidus:administrative_file</inscriptionContext>
               <period>
                  <beginDate>${=new java.text.SimpleDateFormat("yyyy-MM-dd").format(new Date())}</beginDate>
                  <endDate>${=new java.text.SimpleDateFormat("yyyy-MM-dd").format(new Date() + 1)}</endDate>
               </period>
            </criteria>
         </v1:request>
      </v1:addInscriptionRequest>
   </soapenv:Body>
</soapenv:Envelope>]]></con:request><con:credentials><con:selectedAuthProfile>Basic</con:selectedAuthProfile><con:addedBasicAuthenticationTypes>Basic</con:addedBasicAuthenticationTypes><con:authType>Global HTTP Settings</con:authType></con:credentials><con:jmsConfig JMSDeliveryMode="PERSISTENT"/><con:jmsPropertyConfig/><con:wsaConfig mustUnderstand="NONE" version="200508" action="http://fidus.brussels/services/inscriptionservice/addInscription"/><con:wsrmConfig version="1.2"/></con:call><con:call id="ef7a01a8-aafd-495a-a8da-735d06057e56" name="3- TEST - worker 2 - Request" outgoingWss="Outflow TEST" incomingWss="Inflow TEST"><con:settings><con:setting id="com.eviware.soapui.impl.wsdl.WsdlRequest@request-headers">&lt;xml-fragment/></con:setting></con:settings><con:encoding>UTF-8</con:encoding><con:endpoint>https://192.168.24.51:8443/services/InscriptionService_v1.0</con:endpoint><con:request><![CDATA[<soapenv:Envelope xmlns:soapenv="http://schemas.xmlsoap.org/soap/envelope/" xmlns:v1="http://fidus.brussels/service/inscriptionservice/messages/v1" xmlns:v11="http://fidus.brussels/type/common/messages/v1">
   <soapenv:Header/>
   <soapenv:Body>
      <v1:addInscriptionRequest>
         <v1:messageContext>
            <v11:messageId>${=import static java.util.UUID.randomUUID; uuid = randomUUID() as String}</v11:messageId>
            <v11:timestamp>${=new java.text.SimpleDateFormat("yyyy-MM-dd'T'HH:mm:ss.SSS").format(new Date())}</v11:timestamp>
         </v1:messageContext>
         <v1:legalContext>ServiceIntegrator</v1:legalContext>
         <v1:request>
            <criteria>
               <ssin>91120406960</ssin>
               <inscriptionContext>fidus:administrative_file</inscriptionContext>
               <period>
                  <beginDate>${=new java.text.SimpleDateFormat("yyyy-MM-dd").format(new Date())}</beginDate>
                  <endDate>${=new java.text.SimpleDateFormat("yyyy-MM-dd").format(new Date() + 1)}</endDate>
               </period>
            </criteria>
         </v1:request>
      </v1:addInscriptionRequest>
   </soapenv:Body>
</soapenv:Envelope>]]></con:request><con:credentials><con:selectedAuthProfile>Basic</con:selectedAuthProfile><con:addedBasicAuthenticationTypes>Basic</con:addedBasicAuthenticationTypes><con:authType>Global HTTP Settings</con:authType></con:credentials><con:jmsConfig JMSDeliveryMode="PERSISTENT"/><con:jmsPropertyConfig/><con:wsaConfig mustUnderstand="NONE" version="200508" action="http://fidus.brussels/services/inscriptionservice/addInscription"/><con:wsrmConfig version="1.2"/></con:call><con:call id="c9a8ea63-ec39-40c8-8217-3e317b0c517e" name="4 - STAGING - External - Request" outgoingWss="Outflow STAGING" incomingWss="Inflow STAGING"><con:settings><con:setting id="com.eviware.soapui.impl.wsdl.WsdlRequest@request-headers">&lt;xml-fragment/></con:setting></con:settings><con:encoding>UTF-8</con:encoding><con:endpoint>https://fidus.irisnetlab.be/services/InscriptionService_v1.0</con:endpoint><con:request><![CDATA[<soapenv:Envelope xmlns:soapenv="http://schemas.xmlsoap.org/soap/envelope/" xmlns:v1="http://fidus.brussels/service/inscriptionservice/messages/v1" xmlns:v11="http://fidus.brussels/type/common/messages/v1">
   <soapenv:Header/>
   <soapenv:Body>
      <v1:addInscriptionRequest>
         <v1:messageContext>
            <v11:messageId>${=import static java.util.UUID.randomUUID; uuid = randomUUID() as String}</v11:messageId>
            <v11:timestamp>${=new java.text.SimpleDateFormat("yyyy-MM-dd'T'HH:mm:ss.SSS").format(new Date())}</v11:timestamp>
         </v1:messageContext>
         <v1:legalContext>ServiceIntegrator</v1:legalContext>
         <v1:request>
            <criteria>
               <ssin>91120406960</ssin>
               <inscriptionContext>fidus:administrative_file</inscriptionContext>
               <period>
                  <beginDate>${=new java.text.SimpleDateFormat("yyyy-MM-dd").format(new Date())}</beginDate>
                  <endDate>${=new java.text.SimpleDateFormat("yyyy-MM-dd").format(new Date() + 1)}</endDate>
               </period>
            </criteria>
         </v1:request>
      </v1:addInscriptionRequest>
   </soapenv:Body>
</soapenv:Envelope>]]></con:request><con:credentials><con:selectedAuthProfile>Basic</con:selectedAuthProfile><con:addedBasicAuthenticationTypes>Basic</con:addedBasicAuthenticationTypes><con:authType>Global HTTP Settings</con:authType></con:credentials><con:jmsConfig JMSDeliveryMode="PERSISTENT"/><con:jmsPropertyConfig/><con:wsaConfig mustUnderstand="NONE" version="200508" action="http://fidus.brussels/services/inscriptionservice/addInscription"/><con:wsrmConfig version="1.2"/></con:call><con:call id="406b36a6-c7cb-4d1a-b6c7-cdf406eadd28" name="4 - STAGING - LB - Request" outgoingWss="Outflow STAGING" incomingWss="Inflow STAGING"><con:settings><con:setting id="com.eviware.soapui.impl.wsdl.WsdlRequest@request-headers">&lt;xml-fragment/></con:setting></con:settings><con:encoding>UTF-8</con:encoding><con:endpoint>https://fidus-esb-sg.sta.srv.cirb.lan:8443/services/InscriptionService_v1.0</con:endpoint><con:request><![CDATA[<soapenv:Envelope xmlns:soapenv="http://schemas.xmlsoap.org/soap/envelope/" xmlns:v1="http://fidus.brussels/service/inscriptionservice/messages/v1" xmlns:v11="http://fidus.brussels/type/common/messages/v1">
   <soapenv:Header/>
   <soapenv:Body>
      <v1:addInscriptionRequest>
         <v1:messageContext>
            <v11:messageId>${=import static java.util.UUID.randomUUID; uuid = randomUUID() as String}</v11:messageId>
            <v11:timestamp>${=new java.text.SimpleDateFormat("yyyy-MM-dd'T'HH:mm:ss.SSS").format(new Date())}</v11:timestamp>
         </v1:messageContext>
         <v1:legalContext>ServiceIntegrator</v1:legalContext>
         <v1:request>
            <criteria>
               <ssin>91120406960</ssin>
               <inscriptionContext>fidus:administrative_file</inscriptionContext>
               <period>
                  <beginDate>${=new java.text.SimpleDateFormat("yyyy-MM-dd").format(new Date())}</beginDate>
                  <endDate>${=new java.text.SimpleDateFormat("yyyy-MM-dd").format(new Date() + 1)}</endDate>
               </period>
            </criteria>
         </v1:request>
      </v1:addInscriptionRequest>
   </soapenv:Body>
</soapenv:Envelope>]]></con:request><con:credentials><con:selectedAuthProfile>Basic</con:selectedAuthProfile><con:addedBasicAuthenticationTypes>Basic</con:addedBasicAuthenticationTypes><con:authType>Global HTTP Settings</con:authType></con:credentials><con:jmsConfig JMSDeliveryMode="PERSISTENT"/><con:jmsPropertyConfig/><con:wsaConfig mustUnderstand="NONE" version="200508" action="http://fidus.brussels/services/inscriptionservice/addInscription"/><con:wsrmConfig version="1.2"/></con:call><con:call id="02d9e835-7447-4697-a79c-5215041eb4ac" name="4 - STAGING - worker 1 - Request" outgoingWss="Outflow STAGING" incomingWss="Inflow STAGING"><con:settings><con:setting id="com.eviware.soapui.impl.wsdl.WsdlRequest@request-headers">&lt;xml-fragment/></con:setting></con:settings><con:encoding>UTF-8</con:encoding><con:endpoint>https://192.168.24.64:8443/services/InscriptionService_v1.0</con:endpoint><con:request><![CDATA[<soapenv:Envelope xmlns:soapenv="http://schemas.xmlsoap.org/soap/envelope/" xmlns:v1="http://fidus.brussels/service/inscriptionservice/messages/v1" xmlns:v11="http://fidus.brussels/type/common/messages/v1">
   <soapenv:Header/>
   <soapenv:Body>
      <v1:addInscriptionRequest>
         <v1:messageContext>
            <v11:messageId>${=import static java.util.UUID.randomUUID; uuid = randomUUID() as String}</v11:messageId>
            <v11:timestamp>${=new java.text.SimpleDateFormat("yyyy-MM-dd'T'HH:mm:ss.SSS").format(new Date())}</v11:timestamp>
         </v1:messageContext>
         <v1:legalContext>ServiceIntegrator</v1:legalContext>
         <v1:request>
            <criteria>
               <ssin>91120406960</ssin>
               <inscriptionContext>fidus:administrative_file</inscriptionContext>
               <period>
                  <beginDate>${=new java.text.SimpleDateFormat("yyyy-MM-dd").format(new Date())}</beginDate>
                  <endDate>${=new java.text.SimpleDateFormat("yyyy-MM-dd").format(new Date() + 1)}</endDate>
               </period>
            </criteria>
         </v1:request>
      </v1:addInscriptionRequest>
   </soapenv:Body>
</soapenv:Envelope>]]></con:request><con:credentials><con:selectedAuthProfile>Basic</con:selectedAuthProfile><con:addedBasicAuthenticationTypes>Basic</con:addedBasicAuthenticationTypes><con:authType>Global HTTP Settings</con:authType></con:credentials><con:jmsConfig JMSDeliveryMode="PERSISTENT"/><con:jmsPropertyConfig/><con:wsaConfig mustUnderstand="NONE" version="200508" action="http://fidus.brussels/services/inscriptionservice/addInscription"/><con:wsrmConfig version="1.2"/></con:call><con:call id="ae06f266-dadd-4928-a459-730ec9496610" name="4 - STAGING - worker 2 - Request" outgoingWss="Outflow STAGING" incomingWss="Inflow STAGING"><con:settings><con:setting id="com.eviware.soapui.impl.wsdl.WsdlRequest@request-headers">&lt;xml-fragment/></con:setting></con:settings><con:encoding>UTF-8</con:encoding><con:endpoint>https://192.168.24.57:8443/services/InscriptionService_v1.0</con:endpoint><con:request><![CDATA[<soapenv:Envelope xmlns:soapenv="http://schemas.xmlsoap.org/soap/envelope/" xmlns:v1="http://fidus.brussels/service/inscriptionservice/messages/v1" xmlns:v11="http://fidus.brussels/type/common/messages/v1">
   <soapenv:Header/>
   <soapenv:Body>
      <v1:addInscriptionRequest>
         <v1:messageContext>
            <v11:messageId>${=import static java.util.UUID.randomUUID; uuid = randomUUID() as String}</v11:messageId>
            <v11:timestamp>${=new java.text.SimpleDateFormat("yyyy-MM-dd'T'HH:mm:ss.SSS").format(new Date())}</v11:timestamp>
         </v1:messageContext>
         <v1:legalContext>ServiceIntegrator</v1:legalContext>
         <v1:request>
            <criteria>
               <ssin>91120406960</ssin>
               <inscriptionContext>fidus:administrative_file</inscriptionContext>
               <period>
                  <beginDate>${=new java.text.SimpleDateFormat("yyyy-MM-dd").format(new Date())}</beginDate>
                  <endDate>${=new java.text.SimpleDateFormat("yyyy-MM-dd").format(new Date() + 1)}</endDate>
               </period>
            </criteria>
         </v1:request>
      </v1:addInscriptionRequest>
   </soapenv:Body>
</soapenv:Envelope>]]></con:request><con:credentials><con:selectedAuthProfile>Basic</con:selectedAuthProfile><con:addedBasicAuthenticationTypes>Basic</con:addedBasicAuthenticationTypes><con:authType>Global HTTP Settings</con:authType></con:credentials><con:jmsConfig JMSDeliveryMode="PERSISTENT"/><con:jmsPropertyConfig/><con:wsaConfig mustUnderstand="NONE" version="200508" action="http://fidus.brussels/services/inscriptionservice/addInscription"/><con:wsrmConfig version="1.2"/></con:call></con:operation><con:operation id="822c7297-ae0d-4a4d-bde8-f6ba85eea5cb" isOneWay="false" action="http://fidus.brussels/services/inscriptionservice/consultInscriptions" name="consultInscriptions" bindingOperationName="consultInscriptions" type="Request-Response" inputName="" receivesAttachments="false" sendsAttachments="false" anonymous="optional"><con:settings/><con:call id="5a9f04e4-43bb-4d8a-b930-accc2110f2a5" name="1 - Local - Request" sslKeystore="fidus-testuser-dev.jks" outgoingWss="Outflow DEV" incomingWss="Inflow DEV"><con:settings><con:setting id="com.eviware.soapui.impl.wsdl.WsdlRequest@request-headers">&lt;xml-fragment/></con:setting></con:settings><con:encoding>UTF-8</con:encoding><con:endpoint>https://localhost:8243/services/InscriptionService_v1.0</con:endpoint><con:request><![CDATA[<soapenv:Envelope xmlns:soapenv="http://schemas.xmlsoap.org/soap/envelope/" xmlns:v1="http://fidus.brussels/service/inscriptionservice/messages/v1" xmlns:v11="http://fidus.brussels/type/common/messages/v1">
   <soapenv:Header/>
   <soapenv:Body>
      <v1:consultInscriptionsRequest>
         <v1:messageContext>
            <v11:messageId>${=import static java.util.UUID.randomUUID; uuid = randomUUID() as String}</v11:messageId>
            <v11:timestamp>${=new java.text.SimpleDateFormat("yyyy-MM-dd'T'HH:mm:ss.SSS").format(new Date())}</v11:timestamp>
         </v1:messageContext>
         <v1:legalContext>ServiceIntegrator</v1:legalContext>
         <v1:request>
            <criteria>
               <ssin>86081744930</ssin>
               <inscriptionContext>fidus:administrative_file</inscriptionContext>
            </criteria>
         </v1:request>
      </v1:consultInscriptionsRequest>
   </soapenv:Body>
</soapenv:Envelope>]]></con:request><con:credentials><con:selectedAuthProfile>Basic</con:selectedAuthProfile><con:addedBasicAuthenticationTypes>Basic</con:addedBasicAuthenticationTypes><con:authType>Global HTTP Settings</con:authType></con:credentials><con:jmsConfig JMSDeliveryMode="PERSISTENT"/><con:jmsPropertyConfig/><con:wsaConfig mustUnderstand="NONE" version="200508" action="http://fidus.brussels/services/cbssinscriptionservice/consultInscriptions"/><con:wsrmConfig version="1.2"/></con:call><con:call id="d2684af9-0c4e-40a0-9499-40e30dc5f721" name="2- DEV - Request"><con:settings><con:setting id="com.eviware.soapui.impl.wsdl.WsdlRequest@request-headers">&lt;xml-fragment/></con:setting></con:settings><con:encoding>UTF-8</con:encoding><con:endpoint>https://192.168.36.205:8243/services/InscriptionService_v1.0</con:endpoint><con:request><![CDATA[<soapenv:Envelope xmlns:soapenv="http://schemas.xmlsoap.org/soap/envelope/" xmlns:v1="http://fidus.brussels/service/inscriptionservice/messages/v1" xmlns:v11="http://fidus.brussels/type/common/messages/v1">
   <soapenv:Header/>
   <soapenv:Body>
      <v1:consultInscriptionsRequest>
         <v1:messageContext>
            <v11:messageId>${=import static java.util.UUID.randomUUID; uuid = randomUUID() as String}</v11:messageId>
            <v11:timestamp>${=new java.text.SimpleDateFormat("yyyy-MM-dd'T'HH:mm:ss.SSS").format(new Date())}</v11:timestamp>
         </v1:messageContext>
         <v1:legalContext>ServiceIntegrator</v1:legalContext>
         <v1:request>
            <criteria>
               <ssin>86081744930</ssin>
               <inscriptionContext>fidus:administrative_file</inscriptionContext>
            </criteria>
         </v1:request>
      </v1:consultInscriptionsRequest>
   </soapenv:Body>
</soapenv:Envelope>]]></con:request><con:credentials><con:selectedAuthProfile>Basic</con:selectedAuthProfile><con:addedBasicAuthenticationTypes>Basic</con:addedBasicAuthenticationTypes><con:authType>Global HTTP Settings</con:authType></con:credentials><con:jmsConfig JMSDeliveryMode="PERSISTENT"/><con:jmsPropertyConfig/><con:wsaConfig mustUnderstand="NONE" version="200508" action="http://fidus.brussels/services/inscriptionservice/consultInscriptions"/><con:wsrmConfig version="1.2"/></con:call><con:call id="95595208-b7f3-45d5-8f04-efb89ea9f4e2" name="3- TEST  - External - Request" outgoingWss="Outflow TEST" incomingWss="Inflow TEST"><con:settings><con:setting id="com.eviware.soapui.impl.wsdl.WsdlRequest@request-headers">&lt;xml-fragment/></con:setting></con:settings><con:encoding>UTF-8</con:encoding><con:endpoint>https://fidus-test.irisnetlab.be/services/InscriptionService_v1.0</con:endpoint><con:request><![CDATA[<soapenv:Envelope xmlns:soapenv="http://schemas.xmlsoap.org/soap/envelope/" xmlns:v1="http://fidus.brussels/service/inscriptionservice/messages/v1" xmlns:v11="http://fidus.brussels/type/common/messages/v1">
   <soapenv:Header/>
   <soapenv:Body>
      <v1:consultInscriptionsRequest>
         <v1:messageContext>
            <v11:messageId>${=import static java.util.UUID.randomUUID; uuid = randomUUID() as String}</v11:messageId>
            <v11:timestamp>${=new java.text.SimpleDateFormat("yyyy-MM-dd'T'HH:mm:ss.SSS").format(new Date())}</v11:timestamp>
         </v1:messageContext>
         <v1:legalContext>ServiceIntegrator</v1:legalContext>
         <v1:request>
            <criteria>
               <ssin>86081744930</ssin>
               <inscriptionContext>fidus:administrative_file</inscriptionContext>
            </criteria>
         </v1:request>
      </v1:consultInscriptionsRequest>
   </soapenv:Body>
</soapenv:Envelope>]]></con:request><con:credentials><con:selectedAuthProfile>Basic</con:selectedAuthProfile><con:addedBasicAuthenticationTypes>Basic</con:addedBasicAuthenticationTypes><con:authType>Global HTTP Settings</con:authType></con:credentials><con:jmsConfig JMSDeliveryMode="PERSISTENT"/><con:jmsPropertyConfig/><con:wsaConfig mustUnderstand="NONE" version="200508" action="http://fidus.brussels/services/inscriptionservice/consultInscriptions"/><con:wsrmConfig version="1.2"/></con:call><con:call id="940ad9c6-0eb1-4fb9-8f08-8c24f48ff6c8" name="3- TEST - LB - Request" outgoingWss="Outflow TEST" incomingWss="Inflow TEST"><con:settings><con:setting id="com.eviware.soapui.impl.wsdl.WsdlRequest@request-headers">&lt;xml-fragment/></con:setting></con:settings><con:encoding>UTF-8</con:encoding><con:endpoint>https://esb-security-gw.sta.srv.cirb.lan:8443/services/InscriptionService_v1.0</con:endpoint><con:request><![CDATA[<soapenv:Envelope xmlns:soapenv="http://schemas.xmlsoap.org/soap/envelope/" xmlns:v1="http://fidus.brussels/service/inscriptionservice/messages/v1" xmlns:v11="http://fidus.brussels/type/common/messages/v1">
   <soapenv:Header/>
   <soapenv:Body>
      <v1:consultInscriptionsRequest>
         <v1:messageContext>
            <v11:messageId>${=import static java.util.UUID.randomUUID; uuid = randomUUID() as String}</v11:messageId>
            <v11:timestamp>${=new java.text.SimpleDateFormat("yyyy-MM-dd'T'HH:mm:ss.SSS").format(new Date())}</v11:timestamp>
         </v1:messageContext>
         <v1:legalContext>ServiceIntegrator</v1:legalContext>
         <v1:request>
            <criteria>
               <ssin>86081744930</ssin>
               <inscriptionContext>fidus:administrative_file</inscriptionContext>
            </criteria>
         </v1:request>
      </v1:consultInscriptionsRequest>
   </soapenv:Body>
</soapenv:Envelope>]]></con:request><con:credentials><con:selectedAuthProfile>Basic</con:selectedAuthProfile><con:addedBasicAuthenticationTypes>Basic</con:addedBasicAuthenticationTypes><con:authType>Global HTTP Settings</con:authType></con:credentials><con:jmsConfig JMSDeliveryMode="PERSISTENT"/><con:jmsPropertyConfig/><con:wsaConfig mustUnderstand="NONE" version="200508" action="http://fidus.brussels/services/inscriptionservice/consultInscriptions"/><con:wsrmConfig version="1.2"/></con:call><con:call id="f17198e6-4c6f-4e73-9edc-a239ae1ca4f0" name="3- TEST - WORKER 1 - Request"><con:settings><con:setting id="com.eviware.soapui.impl.wsdl.WsdlRequest@request-headers">&lt;xml-fragment/></con:setting></con:settings><con:encoding>UTF-8</con:encoding><con:endpoint>https://192.168.24.45:8443/services/InscriptionService_v1.0</con:endpoint><con:request><![CDATA[<soapenv:Envelope xmlns:soapenv="http://schemas.xmlsoap.org/soap/envelope/" xmlns:v1="http://fidus.brussels/service/inscriptionservice/messages/v1" xmlns:v11="http://fidus.brussels/type/common/messages/v1">
   <soapenv:Header/>
   <soapenv:Body>
      <v1:consultInscriptionsRequest>
         <v1:messageContext>
            <v11:messageId>${=import static java.util.UUID.randomUUID; uuid = randomUUID() as String}</v11:messageId>
            <v11:timestamp>${=new java.text.SimpleDateFormat("yyyy-MM-dd'T'HH:mm:ss.SSS").format(new Date())}</v11:timestamp>
         </v1:messageContext>
         <v1:legalContext>ServiceIntegrator</v1:legalContext>
         <v1:request>
            <criteria>
               <ssin>86081744930</ssin>
               <inscriptionContext>fidus:administrative_file</inscriptionContext>
            </criteria>
         </v1:request>
      </v1:consultInscriptionsRequest>
   </soapenv:Body>
</soapenv:Envelope>]]></con:request><con:credentials><con:selectedAuthProfile>Basic</con:selectedAuthProfile><con:addedBasicAuthenticationTypes>Basic</con:addedBasicAuthenticationTypes><con:authType>Global HTTP Settings</con:authType></con:credentials><con:jmsConfig JMSDeliveryMode="PERSISTENT"/><con:jmsPropertyConfig/><con:wsaConfig mustUnderstand="NONE" version="200508" action="http://fidus.brussels/services/inscriptionservice/consultInscriptions"/><con:wsrmConfig version="1.2"/></con:call><con:call id="f2cecca5-07d1-4267-a452-e7164aa3644d" name="3- TEST - WORKER 2 - Request" outgoingWss="Outflow TEST" incomingWss="Inflow TEST"><con:settings><con:setting id="com.eviware.soapui.impl.wsdl.WsdlRequest@request-headers">&lt;xml-fragment/></con:setting></con:settings><con:encoding>UTF-8</con:encoding><con:endpoint>https://192.168.24.51:8443/services/InscriptionService_v1.0</con:endpoint><con:request><![CDATA[<soapenv:Envelope xmlns:soapenv="http://schemas.xmlsoap.org/soap/envelope/" xmlns:v1="http://fidus.brussels/service/inscriptionservice/messages/v1" xmlns:v11="http://fidus.brussels/type/common/messages/v1">
   <soapenv:Header/>
   <soapenv:Body>
      <v1:consultInscriptionsRequest>
         <v1:messageContext>
            <v11:messageId>${=import static java.util.UUID.randomUUID; uuid = randomUUID() as String}</v11:messageId>
            <v11:timestamp>${=new java.text.SimpleDateFormat("yyyy-MM-dd'T'HH:mm:ss.SSS").format(new Date())}</v11:timestamp>
         </v1:messageContext>
         <v1:legalContext>ServiceIntegrator</v1:legalContext>
         <v1:request>
            <criteria>
               <ssin>86081744930</ssin>
               <inscriptionContext>fidus:administrative_file</inscriptionContext>
            </criteria>
         </v1:request>
      </v1:consultInscriptionsRequest>
   </soapenv:Body>
</soapenv:Envelope>]]></con:request><con:credentials><con:selectedAuthProfile>Basic</con:selectedAuthProfile><con:addedBasicAuthenticationTypes>Basic</con:addedBasicAuthenticationTypes><con:authType>Global HTTP Settings</con:authType></con:credentials><con:jmsConfig JMSDeliveryMode="PERSISTENT"/><con:jmsPropertyConfig/><con:wsaConfig mustUnderstand="NONE" version="200508" action="http://fidus.brussels/services/inscriptionservice/consultInscriptions"/><con:wsrmConfig version="1.2"/></con:call><con:call id="c65e9951-d133-43ee-971b-56ad2b799d18" name="4 - STAGING - EXTERNAL - Request" outgoingWss="Outflow STAGING" incomingWss="Inflow STAGING"><con:settings><con:setting id="com.eviware.soapui.impl.wsdl.WsdlRequest@request-headers">&lt;xml-fragment/></con:setting></con:settings><con:encoding>UTF-8</con:encoding><con:endpoint>https://fidus.irisnetlab.be/services/InscriptionService_v1.0</con:endpoint><con:request><![CDATA[<soapenv:Envelope xmlns:soapenv="http://schemas.xmlsoap.org/soap/envelope/" xmlns:v1="http://fidus.brussels/service/inscriptionservice/messages/v1" xmlns:v11="http://fidus.brussels/type/common/messages/v1">
   <soapenv:Header/>
   <soapenv:Body>
      <v1:consultInscriptionsRequest>
         <v1:messageContext>
            <v11:messageId>${=import static java.util.UUID.randomUUID; uuid = randomUUID() as String}</v11:messageId>
            <v11:timestamp>${=new java.text.SimpleDateFormat("yyyy-MM-dd'T'HH:mm:ss.SSS").format(new Date())}</v11:timestamp>
         </v1:messageContext>
         <v1:legalContext>ServiceIntegrator</v1:legalContext>
         <v1:request>
            <criteria>
               <ssin>86081744930</ssin>
               <inscriptionContext>fidus:administrative_file</inscriptionContext>
            </criteria>
         </v1:request>
      </v1:consultInscriptionsRequest>
   </soapenv:Body>
</soapenv:Envelope>]]></con:request><con:credentials><con:selectedAuthProfile>Basic</con:selectedAuthProfile><con:addedBasicAuthenticationTypes>Basic</con:addedBasicAuthenticationTypes><con:authType>Global HTTP Settings</con:authType></con:credentials><con:jmsConfig JMSDeliveryMode="PERSISTENT"/><con:jmsPropertyConfig/><con:wsaConfig mustUnderstand="NONE" version="200508" action="http://fidus.brussels/services/inscriptionservice/consultInscriptions"/><con:wsrmConfig version="1.2"/></con:call><con:call id="bda7f077-ebb1-46b8-9f2b-9e6c4ace4a4f" name="4 - STAGING - LB - Request" outgoingWss="Outflow STAGING" incomingWss="Inflow STAGING"><con:settings><con:setting id="com.eviware.soapui.impl.wsdl.WsdlRequest@request-headers">&lt;xml-fragment/></con:setting></con:settings><con:encoding>UTF-8</con:encoding><con:endpoint>https://fidus-esb-sg.sta.srv.cirb.lan:8443/InscriptionService_v1.0</con:endpoint><con:request><![CDATA[<soapenv:Envelope xmlns:soapenv="http://schemas.xmlsoap.org/soap/envelope/" xmlns:v1="http://fidus.brussels/service/inscriptionservice/messages/v1" xmlns:v11="http://fidus.brussels/type/common/messages/v1">
   <soapenv:Header/>
   <soapenv:Body>
      <v1:consultInscriptionsRequest>
         <v1:messageContext>
            <v11:messageId>${=import static java.util.UUID.randomUUID; uuid = randomUUID() as String}</v11:messageId>
            <v11:timestamp>${=new java.text.SimpleDateFormat("yyyy-MM-dd'T'HH:mm:ss.SSS").format(new Date())}</v11:timestamp>
         </v1:messageContext>
         <v1:legalContext>ServiceIntegrator</v1:legalContext>
         <v1:request>
            <criteria>
               <ssin>86081744930</ssin>
               <inscriptionContext>fidus:administrative_file</inscriptionContext>
            </criteria>
         </v1:request>
      </v1:consultInscriptionsRequest>
   </soapenv:Body>
</soapenv:Envelope>]]></con:request><con:credentials><con:selectedAuthProfile>Basic</con:selectedAuthProfile><con:addedBasicAuthenticationTypes>Basic</con:addedBasicAuthenticationTypes><con:authType>Global HTTP Settings</con:authType></con:credentials><con:jmsConfig JMSDeliveryMode="PERSISTENT"/><con:jmsPropertyConfig/><con:wsaConfig mustUnderstand="NONE" version="200508" action="http://fidus.brussels/services/inscriptionservice/consultInscriptions"/><con:wsrmConfig version="1.2"/></con:call><con:call id="aa4fa06b-28cc-40e1-97f9-90abf4ed16ed" name="4 - STAGING - WORKER 1 - Request" outgoingWss="Outflow STAGING" incomingWss="Inflow STAGING"><con:settings><con:setting id="com.eviware.soapui.impl.wsdl.WsdlRequest@request-headers">&lt;xml-fragment/></con:setting></con:settings><con:encoding>UTF-8</con:encoding><con:endpoint>https://192.168.24.57:8443/services/InscriptionService_v1.0</con:endpoint><con:request><![CDATA[<soapenv:Envelope xmlns:soapenv="http://schemas.xmlsoap.org/soap/envelope/" xmlns:v1="http://fidus.brussels/service/inscriptionservice/messages/v1" xmlns:v11="http://fidus.brussels/type/common/messages/v1">
   <soapenv:Header/>
   <soapenv:Body>
      <v1:consultInscriptionsRequest>
         <v1:messageContext>
            <v11:messageId>${=import static java.util.UUID.randomUUID; uuid = randomUUID() as String}</v11:messageId>
            <v11:timestamp>${=new java.text.SimpleDateFormat("yyyy-MM-dd'T'HH:mm:ss.SSS").format(new Date())}</v11:timestamp>
         </v1:messageContext>
         <v1:legalContext>ServiceIntegrator</v1:legalContext>
         <v1:request>
            <criteria>
               <ssin>86081744930</ssin>
               <inscriptionContext>fidus:administrative_file</inscriptionContext>
            </criteria>
         </v1:request>
      </v1:consultInscriptionsRequest>
   </soapenv:Body>
</soapenv:Envelope>]]></con:request><con:credentials><con:selectedAuthProfile>Basic</con:selectedAuthProfile><con:addedBasicAuthenticationTypes>Basic</con:addedBasicAuthenticationTypes><con:authType>Global HTTP Settings</con:authType></con:credentials><con:jmsConfig JMSDeliveryMode="PERSISTENT"/><con:jmsPropertyConfig/><con:wsaConfig mustUnderstand="NONE" version="200508" action="http://fidus.brussels/services/inscriptionservice/consultInscriptions"/><con:wsrmConfig version="1.2"/></con:call><con:call id="0e2c5fda-3689-4e8b-a3de-9f5073e3ef8d" name="4 - STAGING - WORKER 2 - Request" outgoingWss="Outflow STAGING" incomingWss="Inflow STAGING"><con:settings><con:setting id="com.eviware.soapui.impl.wsdl.WsdlRequest@request-headers">&lt;xml-fragment/></con:setting></con:settings><con:encoding>UTF-8</con:encoding><con:endpoint>https://192.168.24.64:8443/services/InscriptionService_v1.0</con:endpoint><con:request><![CDATA[<soapenv:Envelope xmlns:soapenv="http://schemas.xmlsoap.org/soap/envelope/" xmlns:v1="http://fidus.brussels/service/inscriptionservice/messages/v1" xmlns:v11="http://fidus.brussels/type/common/messages/v1">
   <soapenv:Header/>
   <soapenv:Body>
      <v1:consultInscriptionsRequest>
         <v1:messageContext>
            <v11:messageId>${=import static java.util.UUID.randomUUID; uuid = randomUUID() as String}</v11:messageId>
            <v11:timestamp>${=new java.text.SimpleDateFormat("yyyy-MM-dd'T'HH:mm:ss.SSS").format(new Date())}</v11:timestamp>
         </v1:messageContext>
         <v1:legalContext>ServiceIntegrator</v1:legalContext>
         <v1:request>
            <criteria>
               <ssin>86081744930</ssin>
               <inscriptionContext>fidus:administrative_file</inscriptionContext>
            </criteria>
         </v1:request>
      </v1:consultInscriptionsRequest>
   </soapenv:Body>
</soapenv:Envelope>]]></con:request><con:credentials><con:selectedAuthProfile>Basic</con:selectedAuthProfile><con:addedBasicAuthenticationTypes>Basic</con:addedBasicAuthenticationTypes><con:authType>Global HTTP Settings</con:authType></con:credentials><con:jmsConfig JMSDeliveryMode="PERSISTENT"/><con:jmsPropertyConfig/><con:wsaConfig mustUnderstand="NONE" version="200508" action="http://fidus.brussels/services/inscriptionservice/consultInscriptions"/><con:wsrmConfig version="1.2"/></con:call></con:operation><con:operation id="dfe5b069-0563-42e6-bb5a-becccb04f4de" isOneWay="false" action="http://fidus.brussels/services/inscriptionservice/removeInscription" name="removeInscription" bindingOperationName="removeInscription" type="Request-Response" inputName="" receivesAttachments="false" sendsAttachments="false" anonymous="optional"><con:settings/><con:call id="881a3ead-122d-4284-915f-531b31a26dd9" name="1 - Local - Request" sslKeystore="fidus-testuser-dev.jks" outgoingWss="Outflow DEV" incomingWss="Inflow DEV"><con:settings><con:setting id="com.eviware.soapui.impl.wsdl.WsdlRequest@request-headers">&lt;xml-fragment/></con:setting></con:settings><con:encoding>UTF-8</con:encoding><con:endpoint>https://localhost:8243/services/InscriptionService_v1.0</con:endpoint><con:request><![CDATA[<soapenv:Envelope xmlns:soapenv="http://schemas.xmlsoap.org/soap/envelope/" xmlns:v1="http://fidus.brussels/service/inscriptionservice/messages/v1" xmlns:v11="http://fidus.brussels/type/common/messages/v1">
   <soapenv:Header/>
   <soapenv:Body>
      <v1:removeInscriptionRequest>
         <v1:messageContext>
            <v11:messageId>${=import static java.util.UUID.randomUUID; uuid = randomUUID() as String}</v11:messageId>
            <v11:timestamp>${=new java.text.SimpleDateFormat("yyyy-MM-dd'T'HH:mm:ss.SSS").format(new Date())}</v11:timestamp>
         </v1:messageContext>
         <v1:legalContext>ServiceIntegrator</v1:legalContext>
         <v1:request>
            <criteria>
               <ssin>86081744930</ssin>
               <inscriptionContext>fidus:administrative_file</inscriptionContext>
            </criteria>
         </v1:request>
      </v1:removeInscriptionRequest>
   </soapenv:Body>
</soapenv:Envelope>]]></con:request><con:credentials><con:selectedAuthProfile>Basic</con:selectedAuthProfile><con:addedBasicAuthenticationTypes>Basic</con:addedBasicAuthenticationTypes><con:authType>Global HTTP Settings</con:authType></con:credentials><con:jmsConfig JMSDeliveryMode="PERSISTENT"/><con:jmsPropertyConfig/><con:wsaConfig mustUnderstand="NONE" version="200508" action="http://fidus.brussels/services/cbssinscriptionservice/removeInscription"/><con:wsrmConfig version="1.2"/></con:call><con:call id="95f48550-a51f-486c-b84a-b20dbbb697a0" name="2 - DEV - Request"><con:settings><con:setting id="com.eviware.soapui.impl.wsdl.WsdlRequest@request-headers">&lt;xml-fragment/></con:setting></con:settings><con:encoding>UTF-8</con:encoding><con:endpoint>https://192.168.36.205:8243/services/InscriptionService_v1.0</con:endpoint><con:request><![CDATA[<soapenv:Envelope xmlns:soapenv="http://schemas.xmlsoap.org/soap/envelope/" xmlns:v1="http://fidus.brussels/service/inscriptionservice/messages/v1" xmlns:v11="http://fidus.brussels/type/common/messages/v1">
   <soapenv:Header/>
   <soapenv:Body>
      <v1:removeInscriptionRequest>
         <v1:messageContext>
            <v11:messageId>${=import static java.util.UUID.randomUUID; uuid = randomUUID() as String}</v11:messageId>
            <v11:timestamp>${=new java.text.SimpleDateFormat("yyyy-MM-dd'T'HH:mm:ss.SSS").format(new Date())}</v11:timestamp>
         </v1:messageContext>
         <v1:legalContext>ServiceIntegrator</v1:legalContext>
         <v1:request>
            <criteria>
               <ssin>86081744930</ssin>
               <inscriptionContext>fidus:administrative_file</inscriptionContext>
            </criteria>
         </v1:request>
      </v1:removeInscriptionRequest>
   </soapenv:Body>
</soapenv:Envelope>]]></con:request><con:credentials><con:selectedAuthProfile>Basic</con:selectedAuthProfile><con:addedBasicAuthenticationTypes>Basic</con:addedBasicAuthenticationTypes><con:authType>Global HTTP Settings</con:authType></con:credentials><con:jmsConfig JMSDeliveryMode="PERSISTENT"/><con:jmsPropertyConfig/><con:wsaConfig mustUnderstand="NONE" version="200508" action="http://fidus.brussels/services/inscriptionservice/removeInscription"/><con:wsrmConfig version="1.2"/></con:call><con:call id="508d83db-1eb6-45e7-bd40-b32b4f268c79" name="3 - TEST - EXTERNAL - Request" outgoingWss="Outflow TEST" incomingWss="Inflow TEST"><con:settings><con:setting id="com.eviware.soapui.impl.wsdl.WsdlRequest@request-headers">&lt;xml-fragment/></con:setting></con:settings><con:encoding>UTF-8</con:encoding><con:endpoint>https://fidus-test.irisnetlab.be/services/InscriptionService_v1.0</con:endpoint><con:request><![CDATA[<soapenv:Envelope xmlns:soapenv="http://schemas.xmlsoap.org/soap/envelope/" xmlns:v1="http://fidus.brussels/service/inscriptionservice/messages/v1" xmlns:v11="http://fidus.brussels/type/common/messages/v1">
   <soapenv:Header/>
   <soapenv:Body>
      <v1:removeInscriptionRequest>
         <v1:messageContext>
            <v11:messageId>${=import static java.util.UUID.randomUUID; uuid = randomUUID() as String}</v11:messageId>
            <v11:timestamp>${=new java.text.SimpleDateFormat("yyyy-MM-dd'T'HH:mm:ss.SSS").format(new Date())}</v11:timestamp>
         </v1:messageContext>
         <v1:legalContext>ServiceIntegrator</v1:legalContext>
         <v1:request>
            <criteria>
               <ssin>86081744930</ssin>
               <inscriptionContext>fidus:administrative_file</inscriptionContext>
            </criteria>
         </v1:request>
      </v1:removeInscriptionRequest>
   </soapenv:Body>
</soapenv:Envelope>]]></con:request><con:credentials><con:selectedAuthProfile>Basic</con:selectedAuthProfile><con:addedBasicAuthenticationTypes>Basic</con:addedBasicAuthenticationTypes><con:authType>Global HTTP Settings</con:authType></con:credentials><con:jmsConfig JMSDeliveryMode="PERSISTENT"/><con:jmsPropertyConfig/><con:wsaConfig mustUnderstand="NONE" version="200508" action="http://fidus.brussels/services/inscriptionservice/removeInscription"/><con:wsrmConfig version="1.2"/></con:call><con:call id="e0e828e4-1586-445d-bf68-78484033623a" name="3 - TEST - LB - Request" incomingWss="Inflow TEST" outgoingWss="Outflow TEST"><con:settings><con:setting id="com.eviware.soapui.impl.wsdl.WsdlRequest@request-headers">&lt;xml-fragment/></con:setting></con:settings><con:encoding>UTF-8</con:encoding><con:endpoint>https://esb-security-gw.sta.srv.cirb.lan:8443/services/InscriptionService_v1.0</con:endpoint><con:request><![CDATA[<soapenv:Envelope xmlns:soapenv="http://schemas.xmlsoap.org/soap/envelope/" xmlns:v1="http://fidus.brussels/service/inscriptionservice/messages/v1" xmlns:v11="http://fidus.brussels/type/common/messages/v1">
   <soapenv:Header/>
   <soapenv:Body>
      <v1:removeInscriptionRequest>
         <v1:messageContext>
            <v11:messageId>${=import static java.util.UUID.randomUUID; uuid = randomUUID() as String}</v11:messageId>
            <v11:timestamp>${=new java.text.SimpleDateFormat("yyyy-MM-dd'T'HH:mm:ss.SSS").format(new Date())}</v11:timestamp>
         </v1:messageContext>
         <v1:legalContext>ServiceIntegrator</v1:legalContext>
         <v1:request>
            <criteria>
               <ssin>86081744930</ssin>
               <inscriptionContext>fidus:administrative_file</inscriptionContext>
            </criteria>
         </v1:request>
      </v1:removeInscriptionRequest>
   </soapenv:Body>
</soapenv:Envelope>]]></con:request><con:credentials><con:selectedAuthProfile>Basic</con:selectedAuthProfile><con:addedBasicAuthenticationTypes>Basic</con:addedBasicAuthenticationTypes><con:authType>Global HTTP Settings</con:authType></con:credentials><con:jmsConfig JMSDeliveryMode="PERSISTENT"/><con:jmsPropertyConfig/><con:wsaConfig mustUnderstand="NONE" version="200508" action="http://fidus.brussels/services/inscriptionservice/removeInscription"/><con:wsrmConfig version="1.2"/></con:call><con:call id="73b06573-8709-47f8-bb1e-1cc02b9c2a23" name="3 - TEST - WORKER 1- Request" outgoingWss="Outflow TEST" incomingWss="Inflow TEST"><con:settings><con:setting id="com.eviware.soapui.impl.wsdl.WsdlRequest@request-headers">&lt;xml-fragment/></con:setting></con:settings><con:encoding>UTF-8</con:encoding><con:endpoint>https://192.168.24.45:8443/services/InscriptionService_v1.0</con:endpoint><con:request><![CDATA[<soapenv:Envelope xmlns:soapenv="http://schemas.xmlsoap.org/soap/envelope/" xmlns:v1="http://fidus.brussels/service/inscriptionservice/messages/v1" xmlns:v11="http://fidus.brussels/type/common/messages/v1">
   <soapenv:Header/>
   <soapenv:Body>
      <v1:removeInscriptionRequest>
         <v1:messageContext>
            <v11:messageId>${=import static java.util.UUID.randomUUID; uuid = randomUUID() as String}</v11:messageId>
            <v11:timestamp>${=new java.text.SimpleDateFormat("yyyy-MM-dd'T'HH:mm:ss.SSS").format(new Date())}</v11:timestamp>
         </v1:messageContext>
         <v1:legalContext>ServiceIntegrator</v1:legalContext>
         <v1:request>
            <criteria>
               <ssin>86081744930</ssin>
               <inscriptionContext>fidus:administrative_file</inscriptionContext>
            </criteria>
         </v1:request>
      </v1:removeInscriptionRequest>
   </soapenv:Body>
</soapenv:Envelope>]]></con:request><con:credentials><con:selectedAuthProfile>Basic</con:selectedAuthProfile><con:addedBasicAuthenticationTypes>Basic</con:addedBasicAuthenticationTypes><con:authType>Global HTTP Settings</con:authType></con:credentials><con:jmsConfig JMSDeliveryMode="PERSISTENT"/><con:jmsPropertyConfig/><con:wsaConfig mustUnderstand="NONE" version="200508" action="http://fidus.brussels/services/inscriptionservice/removeInscription"/><con:wsrmConfig version="1.2"/></con:call><con:call id="0160f360-82a1-44b3-abc4-18509dac3ce1" name="3 - TEST - WORKER 2- Request" outgoingWss="Outflow TEST" incomingWss="Inflow TEST"><con:settings><con:setting id="com.eviware.soapui.impl.wsdl.WsdlRequest@request-headers">&lt;xml-fragment/></con:setting></con:settings><con:encoding>UTF-8</con:encoding><con:endpoint>https://192.168.24.51:8443/services/InscriptionService_v1.0</con:endpoint><con:request><![CDATA[<soapenv:Envelope xmlns:soapenv="http://schemas.xmlsoap.org/soap/envelope/" xmlns:v1="http://fidus.brussels/service/inscriptionservice/messages/v1" xmlns:v11="http://fidus.brussels/type/common/messages/v1">
   <soapenv:Header/>
   <soapenv:Body>
      <v1:removeInscriptionRequest>
         <v1:messageContext>
            <v11:messageId>${=import static java.util.UUID.randomUUID; uuid = randomUUID() as String}</v11:messageId>
            <v11:timestamp>${=new java.text.SimpleDateFormat("yyyy-MM-dd'T'HH:mm:ss.SSS").format(new Date())}</v11:timestamp>
         </v1:messageContext>
         <v1:legalContext>ServiceIntegrator</v1:legalContext>
         <v1:request>
            <criteria>
               <ssin>86081744930</ssin>
               <inscriptionContext>fidus:administrative_file</inscriptionContext>
            </criteria>
         </v1:request>
      </v1:removeInscriptionRequest>
   </soapenv:Body>
</soapenv:Envelope>]]></con:request><con:credentials><con:selectedAuthProfile>Basic</con:selectedAuthProfile><con:addedBasicAuthenticationTypes>Basic</con:addedBasicAuthenticationTypes><con:authType>Global HTTP Settings</con:authType></con:credentials><con:jmsConfig JMSDeliveryMode="PERSISTENT"/><con:jmsPropertyConfig/><con:wsaConfig mustUnderstand="NONE" version="200508" action="http://fidus.brussels/services/inscriptionservice/removeInscription"/><con:wsrmConfig version="1.2"/></con:call><con:call id="ab1b07db-47f8-4741-a096-eeea333273e7" name="4 - STAGING - EXTERNAL - Request" outgoingWss="Outflow STAGING" incomingWss="Inflow STAGING"><con:settings><con:setting id="com.eviware.soapui.impl.wsdl.WsdlRequest@request-headers">&lt;xml-fragment/></con:setting></con:settings><con:encoding>UTF-8</con:encoding><con:endpoint>https://fidus.irisnetlab.be/services/InscriptionService_v1.0</con:endpoint><con:request><![CDATA[<soapenv:Envelope xmlns:soapenv="http://schemas.xmlsoap.org/soap/envelope/" xmlns:v1="http://fidus.brussels/service/inscriptionservice/messages/v1" xmlns:v11="http://fidus.brussels/type/common/messages/v1">
   <soapenv:Header/>
   <soapenv:Body>
      <v1:removeInscriptionRequest>
         <v1:messageContext>
            <v11:messageId>${=import static java.util.UUID.randomUUID; uuid = randomUUID() as String}</v11:messageId>
            <v11:timestamp>${=new java.text.SimpleDateFormat("yyyy-MM-dd'T'HH:mm:ss.SSS").format(new Date())}</v11:timestamp>
         </v1:messageContext>
         <v1:legalContext>ServiceIntegrator</v1:legalContext>
         <v1:request>
            <criteria>
               <ssin>86081744930</ssin>
               <inscriptionContext>fidus:administrative_file</inscriptionContext>
            </criteria>
         </v1:request>
      </v1:removeInscriptionRequest>
   </soapenv:Body>
</soapenv:Envelope>]]></con:request><con:credentials><con:selectedAuthProfile>Basic</con:selectedAuthProfile><con:addedBasicAuthenticationTypes>Basic</con:addedBasicAuthenticationTypes><con:authType>Global HTTP Settings</con:authType></con:credentials><con:jmsConfig JMSDeliveryMode="PERSISTENT"/><con:jmsPropertyConfig/><con:wsaConfig mustUnderstand="NONE" version="200508" action="http://fidus.brussels/services/inscriptionservice/removeInscription"/><con:wsrmConfig version="1.2"/></con:call><con:call id="cd31d759-0b53-43a9-9b5c-c642dacaa59d" name="4 - STAGING - LB - Request" outgoingWss="Outflow STAGING" incomingWss="Inflow STAGING"><con:settings><con:setting id="com.eviware.soapui.impl.wsdl.WsdlRequest@request-headers">&lt;xml-fragment/></con:setting></con:settings><con:encoding>UTF-8</con:encoding><con:endpoint>https://fidus-esb-sg.sta.srv.cirb.lan:8443/InscriptionService_v1.0</con:endpoint><con:request><![CDATA[<soapenv:Envelope xmlns:soapenv="http://schemas.xmlsoap.org/soap/envelope/" xmlns:v1="http://fidus.brussels/service/inscriptionservice/messages/v1" xmlns:v11="http://fidus.brussels/type/common/messages/v1">
   <soapenv:Header/>
   <soapenv:Body>
      <v1:removeInscriptionRequest>
         <v1:messageContext>
            <v11:messageId>${=import static java.util.UUID.randomUUID; uuid = randomUUID() as String}</v11:messageId>
            <v11:timestamp>${=new java.text.SimpleDateFormat("yyyy-MM-dd'T'HH:mm:ss.SSS").format(new Date())}</v11:timestamp>
         </v1:messageContext>
         <v1:legalContext>ServiceIntegrator</v1:legalContext>
         <v1:request>
            <criteria>
               <ssin>86081744930</ssin>
               <inscriptionContext>fidus:administrative_file</inscriptionContext>
            </criteria>
         </v1:request>
      </v1:removeInscriptionRequest>
   </soapenv:Body>
</soapenv:Envelope>]]></con:request><con:credentials><con:selectedAuthProfile>Basic</con:selectedAuthProfile><con:addedBasicAuthenticationTypes>Basic</con:addedBasicAuthenticationTypes><con:authType>Global HTTP Settings</con:authType></con:credentials><con:jmsConfig JMSDeliveryMode="PERSISTENT"/><con:jmsPropertyConfig/><con:wsaConfig mustUnderstand="NONE" version="200508" action="http://fidus.brussels/services/inscriptionservice/removeInscription"/><con:wsrmConfig version="1.2"/></con:call><con:call id="1d5b902f-8d3f-4c18-958f-51ac6ea7712a" name="4 - STAGING - WORKER 1 - Request" outgoingWss="Outflow STAGING" incomingWss="Inflow STAGING"><con:settings><con:setting id="com.eviware.soapui.impl.wsdl.WsdlRequest@request-headers">&lt;xml-fragment/></con:setting></con:settings><con:encoding>UTF-8</con:encoding><con:endpoint>https://192.168.24.57:8443/services/InscriptionService_v1.0</con:endpoint><con:request><![CDATA[<soapenv:Envelope xmlns:soapenv="http://schemas.xmlsoap.org/soap/envelope/" xmlns:v1="http://fidus.brussels/service/inscriptionservice/messages/v1" xmlns:v11="http://fidus.brussels/type/common/messages/v1">
   <soapenv:Header/>
   <soapenv:Body>
      <v1:removeInscriptionRequest>
         <v1:messageContext>
            <v11:messageId>${=import static java.util.UUID.randomUUID; uuid = randomUUID() as String}</v11:messageId>
            <v11:timestamp>${=new java.text.SimpleDateFormat("yyyy-MM-dd'T'HH:mm:ss.SSS").format(new Date())}</v11:timestamp>
         </v1:messageContext>
         <v1:legalContext>ServiceIntegrator</v1:legalContext>
         <v1:request>
            <criteria>
               <ssin>86081744930</ssin>
               <inscriptionContext>fidus:administrative_file</inscriptionContext>
            </criteria>
         </v1:request>
      </v1:removeInscriptionRequest>
   </soapenv:Body>
</soapenv:Envelope>]]></con:request><con:credentials><con:selectedAuthProfile>Basic</con:selectedAuthProfile><con:addedBasicAuthenticationTypes>Basic</con:addedBasicAuthenticationTypes><con:authType>Global HTTP Settings</con:authType></con:credentials><con:jmsConfig JMSDeliveryMode="PERSISTENT"/><con:jmsPropertyConfig/><con:wsaConfig mustUnderstand="NONE" version="200508" action="http://fidus.brussels/services/inscriptionservice/removeInscription"/><con:wsrmConfig version="1.2"/></con:call><con:call id="83ead813-ddc2-4e74-9a02-040ab9f05cd4" name="4 - STAGING - WORKER 2 - Request" incomingWss="Inflow STAGING" outgoingWss="Outflow STAGING"><con:settings><con:setting id="com.eviware.soapui.impl.wsdl.WsdlRequest@request-headers">&lt;xml-fragment/></con:setting></con:settings><con:encoding>UTF-8</con:encoding><con:endpoint>https://192.168.24.64:8443/services/InscriptionService_v1.0</con:endpoint><con:request><![CDATA[<soapenv:Envelope xmlns:soapenv="http://schemas.xmlsoap.org/soap/envelope/" xmlns:v1="http://fidus.brussels/service/inscriptionservice/messages/v1" xmlns:v11="http://fidus.brussels/type/common/messages/v1">
   <soapenv:Header/>
   <soapenv:Body>
      <v1:removeInscriptionRequest>
         <v1:messageContext>
            <v11:messageId>${=import static java.util.UUID.randomUUID; uuid = randomUUID() as String}</v11:messageId>
            <v11:timestamp>${=new java.text.SimpleDateFormat("yyyy-MM-dd'T'HH:mm:ss.SSS").format(new Date())}</v11:timestamp>
         </v1:messageContext>
         <v1:legalContext>ServiceIntegrator</v1:legalContext>
         <v1:request>
            <criteria>
               <ssin>86081744930</ssin>
               <inscriptionContext>fidus:administrative_file</inscriptionContext>
            </criteria>
         </v1:request>
      </v1:removeInscriptionRequest>
   </soapenv:Body>
</soapenv:Envelope>]]></con:request><con:credentials><con:selectedAuthProfile>Basic</con:selectedAuthProfile><con:addedBasicAuthenticationTypes>Basic</con:addedBasicAuthenticationTypes><con:authType>Global HTTP Settings</con:authType></con:credentials><con:jmsConfig JMSDeliveryMode="PERSISTENT"/><con:jmsPropertyConfig/><con:wsaConfig mustUnderstand="NONE" version="200508" action="http://fidus.brussels/services/inscriptionservice/removeInscription"/><con:wsrmConfig version="1.2"/></con:call></con:operation></con:interface><con:testSuite id="de6f6f3d-c57f-4a79-9626-78689e9c978b" name="DEV"><con:settings/><con:runType>SEQUENTIAL</con:runType><con:testCase id="82f242aa-0607-4b13-8350-cb4eb84216e2" failOnError="true" failTestCaseOnErrors="true" keepSession="false" maxResults="0" name="addInscription" searchProperties="true"><con:settings/><con:testStep type="request" id="15a117a8-8512-41a2-b806-2c8568072406" name="testcase2 - DEV - Request"><con:settings/><con:config xsi:type="con:RequestStep" xmlns:xsi="http://www.w3.org/2001/XMLSchema-instance"><con:interface>InscriptionServiceHTTPBinding</con:interface><con:operation>addInscription</con:operation><con:request name="testcase2 - DEV - Request" id="0c74617b-e208-4f74-b547-8dc259a9a111" outgoingWss="Outflow DEV"><con:settings/><con:encoding>UTF-8</con:encoding><con:endpoint>https://192.168.36.205:8243/services/InscriptionService_v1.0</con:endpoint><con:request><![CDATA[<soapenv:Envelope xmlns:soapenv="http://schemas.xmlsoap.org/soap/envelope/" xmlns:v1="http://fidus.brussels/service/inscriptionservice/messages/v1" xmlns:v11="http://fidus.brussels/type/common/messages/v1">
   <soapenv:Header/>
   <soapenv:Body>
      <v1:addInscriptionRequest>
         <v1:messageContext>
            <v11:messageId>${=import static java.util.UUID.randomUUID; uuid = randomUUID() as String}</v11:messageId>
            <v11:timestamp>${=new java.text.SimpleDateFormat("yyyy-MM-dd'T'HH:mm:ss.SSS").format(new Date())}</v11:timestamp>
         </v1:messageContext>
         <v1:legalContext>ServiceIntegrator</v1:legalContext>
         <v1:request>
            <criteria>
               <ssin>91120406960</ssin>
               <inscriptionContext>fidus:administrative_file</inscriptionContext>
               <period>
                  <beginDate>${=new java.text.SimpleDateFormat("yyyy-MM-dd").format(new Date())}</beginDate>
                  <endDate>${=new java.text.SimpleDateFormat("yyyy-MM-dd").format(new Date() + 1)}</endDate>
               </period>
            </criteria>
         </v1:request>
      </v1:addInscriptionRequest>
   </soapenv:Body>
</soapenv:Envelope>]]></con:request><con:assertion type="SOAP Fault Assertion" id="464bc64c-40ac-4a6f-b2c7-cc1ac92b9ab5" name="Not SOAP Fault"/><con:assertion type="SOAP Response" id="38d8df3b-8998-4969-a2a1-d9a06772e528" name="SOAP Response"/><con:assertion type="Schema Compliance" id="df04371d-5566-4683-837e-948efc1ed120" name="Schema Compliance"><con:configuration/></con:assertion><con:wsaConfig action="http://fidus.brussels/services/inscriptionservice/addInscription"/></con:request></con:config></con:testStep><con:properties/></con:testCase><con:testCase id="267f5dfc-380f-4d6c-a0ef-6ed7f83a274f" failOnError="true" failTestCaseOnErrors="true" keepSession="false" maxResults="0" name="consultInscriptions" searchProperties="true"><con:settings/><con:testStep type="request" id="a1371205-d72a-4e6f-ad58-ea0791b430d4" name="testcase2- DEV - Request"><con:settings/><con:config xsi:type="con:RequestStep" xmlns:xsi="http://www.w3.org/2001/XMLSchema-instance"><con:interface>InscriptionServiceHTTPBinding</con:interface><con:operation>consultInscriptions</con:operation><con:request name="testcase2- DEV - Request" id="1ef9424b-ad2c-4f94-ae2a-6ae699d7796e" outgoingWss="Outflow DEV"><con:settings/><con:encoding>UTF-8</con:encoding><con:endpoint>https://192.168.36.205:8243/services/InscriptionService_v1.0</con:endpoint><con:request><![CDATA[<soapenv:Envelope xmlns:soapenv="http://schemas.xmlsoap.org/soap/envelope/" xmlns:v1="http://fidus.brussels/service/inscriptionservice/messages/v1" xmlns:v11="http://fidus.brussels/type/common/messages/v1">
   <soapenv:Header/>
   <soapenv:Body>
      <v1:consultInscriptionsRequest>
         <v1:messageContext>
            <v11:messageId>${=import static java.util.UUID.randomUUID; uuid = randomUUID() as String}</v11:messageId>
            <v11:timestamp>${=new java.text.SimpleDateFormat("yyyy-MM-dd'T'HH:mm:ss.SSS").format(new Date())}</v11:timestamp>
         </v1:messageContext>
         <v1:legalContext>ServiceIntegrator</v1:legalContext>
         <v1:request>
            <criteria>
               <ssin>86081744930</ssin>
               <inscriptionContext>fidus:administrative_file</inscriptionContext>
            </criteria>
         </v1:request>
      </v1:consultInscriptionsRequest>
   </soapenv:Body>
</soapenv:Envelope>]]></con:request><con:assertion type="SOAP Fault Assertion" id="f87c4392-f0a9-4b57-a174-9626f9bbd380" name="Not SOAP Fault"/><con:assertion type="SOAP Response" id="6d15f4b2-f0d7-40da-b98b-8a721f38746e" name="SOAP Response"/><con:assertion type="Schema Compliance" id="3224e706-5b4e-489f-aaf3-d943e4f3c229" name="Schema Compliance"><con:configuration/></con:assertion><con:wsaConfig action="http://fidus.brussels/services/inscriptionservice/consultInscriptions"/></con:request></con:config></con:testStep><con:properties/></con:testCase><con:testCase id="36e0469e-6989-4b2b-8162-a6223213dda7" failOnError="true" failTestCaseOnErrors="true" keepSession="false" maxResults="0" name="removeInscription" searchProperties="true"><con:settings/><con:testStep type="request" id="21e0e39c-9640-4c67-8908-26cbe16a254d" name="testcase2 - DEV - Request"><con:settings/><con:config xsi:type="con:RequestStep" xmlns:xsi="http://www.w3.org/2001/XMLSchema-instance"><con:interface>InscriptionServiceHTTPBinding</con:interface><con:operation>removeInscription</con:operation><con:request name="testcase2 - DEV - Request" id="95185d0d-775e-4a24-9411-c2ebbd401531" outgoingWss="Outflow DEV"><con:settings/><con:encoding>UTF-8</con:encoding><con:endpoint>https://192.168.36.205:8243/services/InscriptionService_v1.0</con:endpoint><con:request><![CDATA[<soapenv:Envelope xmlns:soapenv="http://schemas.xmlsoap.org/soap/envelope/" xmlns:v1="http://fidus.brussels/service/inscriptionservice/messages/v1" xmlns:v11="http://fidus.brussels/type/common/messages/v1">
   <soapenv:Header/>
   <soapenv:Body>
      <v1:removeInscriptionRequest>
         <v1:messageContext>
            <v11:messageId>${=import static java.util.UUID.randomUUID; uuid = randomUUID() as String}</v11:messageId>
            <v11:timestamp>${=new java.text.SimpleDateFormat("yyyy-MM-dd'T'HH:mm:ss.SSS").format(new Date())}</v11:timestamp>
         </v1:messageContext>
         <v1:legalContext>ServiceIntegrator</v1:legalContext>
         <v1:request>
            <criteria>
               <ssin>86081744930</ssin>
               <inscriptionContext>fidus:administrative_file</inscriptionContext>
            </criteria>
         </v1:request>
      </v1:removeInscriptionRequest>
   </soapenv:Body>
</soapenv:Envelope>]]></con:request><con:assertion type="SOAP Fault Assertion" id="911bebd9-9e2d-42a9-a0aa-0897375be986" name="Not SOAP Fault"/><con:assertion type="SOAP Response" id="66730532-0de9-47a1-b646-a496fe70fc22" name="SOAP Response"/><con:assertion type="Schema Compliance" id="4b7af09d-f803-4412-99c1-8a82ea15d08f" name="Schema Compliance"><con:configuration/></con:assertion><con:wsaConfig action="http://fidus.brussels/services/inscriptionservice/removeInscription"/></con:request></con:config></con:testStep><con:properties/></con:testCase><con:properties/></con:testSuite><con:testSuite id="ec997613-94b2-41c2-a072-ac6379913c37" name="TEST"><con:settings/><con:runType>SEQUENTIAL</con:runType><con:testCase id="cdcd52ac-4961-4f2e-9738-dbd42b536674" failOnError="true" failTestCaseOnErrors="true" keepSession="false" maxResults="0" name="addInscription" searchProperties="true"><con:settings/><con:testStep type="request" id="680f207f-6497-4e59-8970-76739e74d0de" name="testcase3 - TEST - External - Request"><con:settings/><con:config xsi:type="con:RequestStep" xmlns:xsi="http://www.w3.org/2001/XMLSchema-instance"><con:interface>InscriptionServiceHTTPBinding</con:interface><con:operation>addInscription</con:operation><con:request name="testcase3 - TEST - External - Request" id="19ec2cb4-4f26-495d-b59a-c9c279cdbc05" outgoingWss="Outflow TEST"><con:settings/><con:encoding>UTF-8</con:encoding><con:endpoint>https://192.168.36.205:8243/services/InscriptionService_v1.0</con:endpoint><con:request><![CDATA[<soapenv:Envelope xmlns:soapenv="http://schemas.xmlsoap.org/soap/envelope/" xmlns:v1="http://fidus.brussels/service/inscriptionservice/messages/v1" xmlns:v11="http://fidus.brussels/type/common/messages/v1">
   <soapenv:Header/>
   <soapenv:Body>
      <v1:addInscriptionRequest>
         <v1:messageContext>
            <v11:messageId>${=import static java.util.UUID.randomUUID; uuid = randomUUID() as String}</v11:messageId>
            <v11:timestamp>${=new java.text.SimpleDateFormat("yyyy-MM-dd'T'HH:mm:ss.SSS").format(new Date())}</v11:timestamp>
         </v1:messageContext>
         <v1:legalContext>ServiceIntegrator</v1:legalContext>
         <v1:request>
            <criteria>
               <ssin>91120406960</ssin>
               <inscriptionContext>fidus:administrative_file</inscriptionContext>
               <period>
                  <beginDate>${=new java.text.SimpleDateFormat("yyyy-MM-dd").format(new Date())}</beginDate>
                  <endDate>${=new java.text.SimpleDateFormat("yyyy-MM-dd").format(new Date() + 1)}</endDate>
               </period>
            </criteria>
         </v1:request>
      </v1:addInscriptionRequest>
   </soapenv:Body>
</soapenv:Envelope>]]></con:request><con:assertion type="SOAP Fault Assertion" id="5a52a7c7-7228-4831-b236-7e42d54ea88c" name="Not SOAP Fault"/><con:assertion type="SOAP Response" id="d83003ce-61cd-4b04-8c99-1f9ada245cde" name="SOAP Response"/><con:assertion type="Schema Compliance" id="a0410889-c3ea-4c24-9a9c-8906e6f477fd" name="Schema Compliance"><con:configuration/></con:assertion><con:wsaConfig action="http://fidus.brussels/services/inscriptionservice/addInscription"/></con:request></con:config></con:testStep><con:testStep type="request" id="b547f347-651e-4385-94e6-87548d3563e0" name="testcase3- TEST - LB - Request"><con:settings/><con:config xsi:type="con:RequestStep" xmlns:xsi="http://www.w3.org/2001/XMLSchema-instance"><con:interface>InscriptionServiceHTTPBinding</con:interface><con:operation>addInscription</con:operation><con:request name="testcase3- TEST - LB - Request" id="c07c4d2a-c010-4c99-8584-c4a16c7bde4d" outgoingWss="Outflow TEST"><con:settings/><con:encoding>UTF-8</con:encoding><con:endpoint>https://fidus-test.irisnetlab.be/services/InscriptionService_v1.0</con:endpoint><con:request><![CDATA[<soapenv:Envelope xmlns:soapenv="http://schemas.xmlsoap.org/soap/envelope/" xmlns:v1="http://fidus.brussels/service/inscriptionservice/messages/v1" xmlns:v11="http://fidus.brussels/type/common/messages/v1">
   <soapenv:Header/>
   <soapenv:Body>
      <v1:addInscriptionRequest>
         <v1:messageContext>
            <v11:messageId>${=import static java.util.UUID.randomUUID; uuid = randomUUID() as String}</v11:messageId>
            <v11:timestamp>${=new java.text.SimpleDateFormat("yyyy-MM-dd'T'HH:mm:ss.SSS").format(new Date())}</v11:timestamp>
         </v1:messageContext>
         <v1:legalContext>ServiceIntegrator</v1:legalContext>
         <v1:request>
            <criteria>
               <ssin>91120406960</ssin>
               <inscriptionContext>fidus:administrative_file</inscriptionContext>
               <period>
                  <beginDate>${=new java.text.SimpleDateFormat("yyyy-MM-dd").format(new Date())}</beginDate>
                  <endDate>${=new java.text.SimpleDateFormat("yyyy-MM-dd").format(new Date() + 1)}</endDate>
               </period>
            </criteria>
         </v1:request>
      </v1:addInscriptionRequest>
   </soapenv:Body>
</soapenv:Envelope>]]></con:request><con:assertion type="SOAP Fault Assertion" id="8f2b0d53-8c52-4326-a6fd-91d734c1927d" name="Not SOAP Fault"/><con:assertion type="SOAP Response" id="da587e4d-cf7a-4cf8-a961-aa6ba2d8c75a" name="SOAP Response"/><con:assertion type="Schema Compliance" id="4d9842bc-6150-4806-8a97-cb7f6e5cfe58" name="Schema Compliance"><con:configuration/></con:assertion><con:wsaConfig action="http://fidus.brussels/services/inscriptionservice/addInscription"/></con:request></con:config></con:testStep><con:testStep type="request" id="0c2df6ac-8105-4d16-ba9c-f92e58eeadd3" name="testcase3- TEST - worker 1 - Request"><con:settings/><con:config xsi:type="con:RequestStep" xmlns:xsi="http://www.w3.org/2001/XMLSchema-instance"><con:interface>InscriptionServiceHTTPBinding</con:interface><con:operation>addInscription</con:operation><con:request name="testcase3- TEST - worker 1 - Request" id="4542a48c-591c-43fc-9cd5-7ed159c14725" outgoingWss="Outflow TEST"><con:settings/><con:encoding>UTF-8</con:encoding><con:endpoint>https://192.168.24.45:8443/services/InscriptionService_v1.0</con:endpoint><con:request><![CDATA[<soapenv:Envelope xmlns:soapenv="http://schemas.xmlsoap.org/soap/envelope/" xmlns:v1="http://fidus.brussels/service/inscriptionservice/messages/v1" xmlns:v11="http://fidus.brussels/type/common/messages/v1">
   <soapenv:Header/>
   <soapenv:Body>
      <v1:addInscriptionRequest>
         <v1:messageContext>
            <v11:messageId>${=import static java.util.UUID.randomUUID; uuid = randomUUID() as String}</v11:messageId>
            <v11:timestamp>${=new java.text.SimpleDateFormat("yyyy-MM-dd'T'HH:mm:ss.SSS").format(new Date())}</v11:timestamp>
         </v1:messageContext>
         <v1:legalContext>ServiceIntegrator</v1:legalContext>
         <v1:request>
            <criteria>
               <ssin>91120406960</ssin>
               <inscriptionContext>fidus:administrative_file</inscriptionContext>
               <period>
                  <beginDate>${=new java.text.SimpleDateFormat("yyyy-MM-dd").format(new Date())}</beginDate>
                  <endDate>${=new java.text.SimpleDateFormat("yyyy-MM-dd").format(new Date() + 1)}</endDate>
               </period>
            </criteria>
         </v1:request>
      </v1:addInscriptionRequest>
   </soapenv:Body>
</soapenv:Envelope>]]></con:request><con:assertion type="SOAP Fault Assertion" id="0acf8e0a-b802-4f60-984c-c80af4245506" name="Not SOAP Fault"/><con:assertion type="SOAP Response" id="3eb26391-9b1c-4fa0-874d-dba994c762bd" name="SOAP Response"/><con:assertion type="Schema Compliance" id="dd50b81e-95f5-4044-8cc5-c61921a9144c" name="Schema Compliance"><con:configuration/></con:assertion><con:wsaConfig action="http://fidus.brussels/services/inscriptionservice/addInscription"/></con:request></con:config></con:testStep><con:testStep type="request" id="39c74e37-2f3f-4753-a064-15be13fb1722" name="testcase3- TEST - worker 2 - Request"><con:settings/><con:config xsi:type="con:RequestStep" xmlns:xsi="http://www.w3.org/2001/XMLSchema-instance"><con:interface>InscriptionServiceHTTPBinding</con:interface><con:operation>addInscription</con:operation><con:request name="testcase3- TEST - worker 2 - Request" id="ca58b60e-b07b-428c-87ab-34cf60e89b41" outgoingWss="Outflow TEST"><con:settings/><con:encoding>UTF-8</con:encoding><con:endpoint>https://192.168.24.51:8443/services/InscriptionService_v1.0</con:endpoint><con:request><![CDATA[<soapenv:Envelope xmlns:soapenv="http://schemas.xmlsoap.org/soap/envelope/" xmlns:v1="http://fidus.brussels/service/inscriptionservice/messages/v1" xmlns:v11="http://fidus.brussels/type/common/messages/v1">
   <soapenv:Header/>
   <soapenv:Body>
      <v1:addInscriptionRequest>
         <v1:messageContext>
            <v11:messageId>${=import static java.util.UUID.randomUUID; uuid = randomUUID() as String}</v11:messageId>
            <v11:timestamp>${=new java.text.SimpleDateFormat("yyyy-MM-dd'T'HH:mm:ss.SSS").format(new Date())}</v11:timestamp>
         </v1:messageContext>
         <v1:legalContext>ServiceIntegrator</v1:legalContext>
         <v1:request>
            <criteria>
               <ssin>91120406960</ssin>
               <inscriptionContext>fidus:administrative_file</inscriptionContext>
               <period>
                  <beginDate>${=new java.text.SimpleDateFormat("yyyy-MM-dd").format(new Date())}</beginDate>
                  <endDate>${=new java.text.SimpleDateFormat("yyyy-MM-dd").format(new Date() + 1)}</endDate>
               </period>
            </criteria>
         </v1:request>
      </v1:addInscriptionRequest>
   </soapenv:Body>
</soapenv:Envelope>]]></con:request><con:assertion type="SOAP Fault Assertion" id="9f5a0c4b-caca-47d0-b48a-8fc2521ae010" name="Not SOAP Fault"/><con:assertion type="SOAP Response" id="efbc6627-8d66-4d04-91fa-e9a6606fce40" name="SOAP Response"/><con:assertion type="Schema Compliance" id="9b129055-f513-4828-bfd2-48a1574aac31" name="Schema Compliance"><con:configuration/></con:assertion><con:wsaConfig action="http://fidus.brussels/services/inscriptionservice/addInscription"/></con:request></con:config></con:testStep><con:properties/></con:testCase><con:testCase id="ec478079-ec0d-4f1c-874e-3e4c04f4f412" failOnError="true" failTestCaseOnErrors="true" keepSession="false" maxResults="0" name="consultInscriptions" searchProperties="true"><con:settings/><con:testStep type="request" id="e64eded5-000f-40e7-a797-49c0cda5edcb" name="testcase3- TEST  - External - Request"><con:settings/><con:config xsi:type="con:RequestStep" xmlns:xsi="http://www.w3.org/2001/XMLSchema-instance"><con:interface>InscriptionServiceHTTPBinding</con:interface><con:operation>consultInscriptions</con:operation><con:request name="testcase3- TEST  - External - Request" id="29d65227-338d-4bd9-9b2d-5b530a272a86" outgoingWss="Outflow TEST"><con:settings/><con:encoding>UTF-8</con:encoding><con:endpoint>https://fidus-test.irisnetlab.be/services/InscriptionService_v1.0</con:endpoint><con:request><![CDATA[<soapenv:Envelope xmlns:soapenv="http://schemas.xmlsoap.org/soap/envelope/" xmlns:v1="http://fidus.brussels/service/inscriptionservice/messages/v1" xmlns:v11="http://fidus.brussels/type/common/messages/v1">
   <soapenv:Header/>
   <soapenv:Body>
      <v1:consultInscriptionsRequest>
         <v1:messageContext>
            <v11:messageId>${=import static java.util.UUID.randomUUID; uuid = randomUUID() as String}</v11:messageId>
            <v11:timestamp>${=new java.text.SimpleDateFormat("yyyy-MM-dd'T'HH:mm:ss.SSS").format(new Date())}</v11:timestamp>
         </v1:messageContext>
         <v1:legalContext>ServiceIntegrator</v1:legalContext>
         <v1:request>
            <criteria>
               <ssin>86081744930</ssin>
               <inscriptionContext>fidus:administrative_file</inscriptionContext>
            </criteria>
         </v1:request>
      </v1:consultInscriptionsRequest>
   </soapenv:Body>
</soapenv:Envelope>]]></con:request><con:assertion type="SOAP Fault Assertion" id="641e40bd-6acc-4c9e-9145-71683820d13e" name="Not SOAP Fault"/><con:assertion type="SOAP Response" id="6862cce2-97e8-4b0d-90d3-91c405262aa7" name="SOAP Response"/><con:assertion type="Schema Compliance" id="3425a3e7-85ae-4118-97c5-44b3f3ef882b" name="Schema Compliance"><con:configuration/></con:assertion><con:wsaConfig action="http://fidus.brussels/services/inscriptionservice/consultInscriptions"/></con:request></con:config></con:testStep><con:testStep type="request" id="7742bd04-0fe3-4c5e-aeee-c1526e56f739" name="testcase3- TEST - LB - Request"><con:settings/><con:config xsi:type="con:RequestStep" xmlns:xsi="http://www.w3.org/2001/XMLSchema-instance"><con:interface>InscriptionServiceHTTPBinding</con:interface><con:operation>consultInscriptions</con:operation><con:request name="testcase3- TEST - LB - Request" id="4bf41bc3-ef9d-4eea-900d-49caeb1e6ab5" outgoingWss="Outflow TEST"><con:settings/><con:encoding>UTF-8</con:encoding><con:endpoint>https://esb-security-gw.sta.srv.cirb.lan:8443/services/InscriptionService_v1.0</con:endpoint><con:request><![CDATA[<soapenv:Envelope xmlns:soapenv="http://schemas.xmlsoap.org/soap/envelope/" xmlns:v1="http://fidus.brussels/service/inscriptionservice/messages/v1" xmlns:v11="http://fidus.brussels/type/common/messages/v1">
   <soapenv:Header/>
   <soapenv:Body>
      <v1:consultInscriptionsRequest>
         <v1:messageContext>
            <v11:messageId>${=import static java.util.UUID.randomUUID; uuid = randomUUID() as String}</v11:messageId>
            <v11:timestamp>${=new java.text.SimpleDateFormat("yyyy-MM-dd'T'HH:mm:ss.SSS").format(new Date())}</v11:timestamp>
         </v1:messageContext>
         <v1:legalContext>ServiceIntegrator</v1:legalContext>
         <v1:request>
            <criteria>
               <ssin>86081744930</ssin>
               <inscriptionContext>fidus:administrative_file</inscriptionContext>
            </criteria>
         </v1:request>
      </v1:consultInscriptionsRequest>
   </soapenv:Body>
</soapenv:Envelope>]]></con:request><con:assertion type="SOAP Fault Assertion" id="77b0a70a-9805-4d3c-8e13-7c8ff8453d46" name="Not SOAP Fault"/><con:assertion type="SOAP Response" id="27857f17-3d48-457b-92ac-f58ddf057920" name="SOAP Response"/><con:assertion type="Schema Compliance" id="0f8ef9f0-4372-48e4-b1f8-e74b28c31009" name="Schema Compliance"><con:configuration/></con:assertion><con:wsaConfig action="http://fidus.brussels/services/inscriptionservice/consultInscriptions"/></con:request></con:config></con:testStep><con:testStep type="request" id="9bf710da-118d-436b-8ff8-1e7126dde70f" name="testcase3- TEST - WORKER 1 - Request"><con:settings/><con:config xsi:type="con:RequestStep" xmlns:xsi="http://www.w3.org/2001/XMLSchema-instance"><con:interface>InscriptionServiceHTTPBinding</con:interface><con:operation>consultInscriptions</con:operation><con:request name="testcase3- TEST - WORKER 1 - Request" id="6bb7147e-28a0-40c7-9a18-e5229bd26324" outgoingWss="Outflow TEST"><con:settings/><con:encoding>UTF-8</con:encoding><con:endpoint>https://192.168.24.45:8443/services/InscriptionService_v1.0</con:endpoint><con:request><![CDATA[<soapenv:Envelope xmlns:soapenv="http://schemas.xmlsoap.org/soap/envelope/" xmlns:v1="http://fidus.brussels/service/inscriptionservice/messages/v1" xmlns:v11="http://fidus.brussels/type/common/messages/v1">
   <soapenv:Header/>
   <soapenv:Body>
      <v1:consultInscriptionsRequest>
         <v1:messageContext>
            <v11:messageId>${=import static java.util.UUID.randomUUID; uuid = randomUUID() as String}</v11:messageId>
            <v11:timestamp>${=new java.text.SimpleDateFormat("yyyy-MM-dd'T'HH:mm:ss.SSS").format(new Date())}</v11:timestamp>
         </v1:messageContext>
         <v1:legalContext>ServiceIntegrator</v1:legalContext>
         <v1:request>
            <criteria>
               <ssin>86081744930</ssin>
               <inscriptionContext>fidus:administrative_file</inscriptionContext>
            </criteria>
         </v1:request>
      </v1:consultInscriptionsRequest>
   </soapenv:Body>
</soapenv:Envelope>]]></con:request><con:assertion type="SOAP Fault Assertion" id="7d3c8ffb-4678-4d7e-89a9-ad8a8d651488" name="Not SOAP Fault"/><con:assertion type="SOAP Response" id="ab73c021-347a-4a88-b51c-2f150ae71578" name="SOAP Response"/><con:assertion type="Schema Compliance" id="e4ae6844-8787-4270-b171-0acae617f8bb" name="Schema Compliance"><con:configuration/></con:assertion><con:wsaConfig action="http://fidus.brussels/services/inscriptionservice/consultInscriptions"/></con:request></con:config></con:testStep><con:testStep type="request" id="016f64da-fef3-4495-879f-049fa1531119" name="testcase3- TEST - WORKER 2 - Request"><con:settings/><con:config xsi:type="con:RequestStep" xmlns:xsi="http://www.w3.org/2001/XMLSchema-instance"><con:interface>InscriptionServiceHTTPBinding</con:interface><con:operation>consultInscriptions</con:operation><con:request name="testcase3- TEST - WORKER 2 - Request" id="a331a432-dfb5-453b-a5b0-fabb48c3ce90" outgoingWss="Outflow TEST"><con:settings/><con:encoding>UTF-8</con:encoding><con:endpoint>https://192.168.24.51:8443/services/InscriptionService_v1.0</con:endpoint><con:request><![CDATA[<soapenv:Envelope xmlns:soapenv="http://schemas.xmlsoap.org/soap/envelope/" xmlns:v1="http://fidus.brussels/service/inscriptionservice/messages/v1" xmlns:v11="http://fidus.brussels/type/common/messages/v1">
   <soapenv:Header/>
   <soapenv:Body>
      <v1:consultInscriptionsRequest>
         <v1:messageContext>
            <v11:messageId>${=import static java.util.UUID.randomUUID; uuid = randomUUID() as String}</v11:messageId>
            <v11:timestamp>${=new java.text.SimpleDateFormat("yyyy-MM-dd'T'HH:mm:ss.SSS").format(new Date())}</v11:timestamp>
         </v1:messageContext>
         <v1:legalContext>ServiceIntegrator</v1:legalContext>
         <v1:request>
            <criteria>
               <ssin>86081744930</ssin>
               <inscriptionContext>fidus:administrative_file</inscriptionContext>
            </criteria>
         </v1:request>
      </v1:consultInscriptionsRequest>
   </soapenv:Body>
</soapenv:Envelope>]]></con:request><con:assertion type="SOAP Fault Assertion" id="5fa0aaf0-032d-4c3a-bf08-941f2f52bf46" name="Not SOAP Fault"/><con:assertion type="SOAP Response" id="4370e8f7-e4e8-4281-8959-f15d1e69fd0a" name="SOAP Response"/><con:assertion type="Schema Compliance" id="d5246571-1327-499f-9c25-b7951fe0669e" name="Schema Compliance"><con:configuration/></con:assertion><con:wsaConfig action="http://fidus.brussels/services/inscriptionservice/consultInscriptions"/></con:request></con:config></con:testStep><con:properties/></con:testCase><con:testCase id="5c224fa3-d748-4616-8139-f925dadb125c" failOnError="true" failTestCaseOnErrors="true" keepSession="false" maxResults="0" name="removeInscription" searchProperties="true"><con:settings/><con:testStep type="request" id="cd5d8f76-ebee-499f-a037-07440d1abd72" name="testcase3 - TEST - EXTERNAL - Request"><con:settings/><con:config xsi:type="con:RequestStep" xmlns:xsi="http://www.w3.org/2001/XMLSchema-instance"><con:interface>InscriptionServiceHTTPBinding</con:interface><con:operation>removeInscription</con:operation><con:request name="testcase3 - TEST - EXTERNAL - Request" id="4cc49ded-853d-45f5-90cc-ad77a709f59c" outgoingWss="Outflow TEST"><con:settings/><con:encoding>UTF-8</con:encoding><con:endpoint>https://fidus-test.irisnetlab.be/services/InscriptionService_v1.0</con:endpoint><con:request><![CDATA[<soapenv:Envelope xmlns:soapenv="http://schemas.xmlsoap.org/soap/envelope/" xmlns:v1="http://fidus.brussels/service/inscriptionservice/messages/v1" xmlns:v11="http://fidus.brussels/type/common/messages/v1">
   <soapenv:Header/>
   <soapenv:Body>
      <v1:removeInscriptionRequest>
         <v1:messageContext>
            <v11:messageId>${=import static java.util.UUID.randomUUID; uuid = randomUUID() as String}</v11:messageId>
            <v11:timestamp>${=new java.text.SimpleDateFormat("yyyy-MM-dd'T'HH:mm:ss.SSS").format(new Date())}</v11:timestamp>
         </v1:messageContext>
         <v1:legalContext>ServiceIntegrator</v1:legalContext>
         <v1:request>
            <criteria>
               <ssin>86081744930</ssin>
               <inscriptionContext>fidus:administrative_file</inscriptionContext>
            </criteria>
         </v1:request>
      </v1:removeInscriptionRequest>
   </soapenv:Body>
</soapenv:Envelope>]]></con:request><con:assertion type="SOAP Fault Assertion" id="8ff1e930-1f36-4592-a635-bf5239541cd8" name="Not SOAP Fault"/><con:assertion type="SOAP Response" id="ac6bca94-6cbb-46a1-965e-ea6cac0657f0" name="SOAP Response"/><con:assertion type="Schema Compliance" id="041f7e53-65dd-4e9b-89b8-fadfd38421b9" name="Schema Compliance"><con:configuration/></con:assertion><con:wsaConfig action="http://fidus.brussels/services/inscriptionservice/removeInscription"/></con:request></con:config></con:testStep><con:testStep type="request" id="ff9ffe37-c525-418a-9969-b301104f26dd" name="testcase3 - TEST - LB - Request"><con:settings/><con:config xsi:type="con:RequestStep" xmlns:xsi="http://www.w3.org/2001/XMLSchema-instance"><con:interface>InscriptionServiceHTTPBinding</con:interface><con:operation>removeInscription</con:operation><con:request name="testcase3 - TEST - LB - Request" id="8be2e504-ce3c-4c37-bde1-8dbc32c152c3" outgoingWss="Outflow TEST"><con:settings/><con:encoding>UTF-8</con:encoding><con:endpoint>https://esb-security-gw.sta.srv.cirb.lan:8443/services/InscriptionService_v1.0</con:endpoint><con:request><![CDATA[<soapenv:Envelope xmlns:soapenv="http://schemas.xmlsoap.org/soap/envelope/" xmlns:v1="http://fidus.brussels/service/inscriptionservice/messages/v1" xmlns:v11="http://fidus.brussels/type/common/messages/v1">
   <soapenv:Header/>
   <soapenv:Body>
      <v1:removeInscriptionRequest>
         <v1:messageContext>
            <v11:messageId>${=import static java.util.UUID.randomUUID; uuid = randomUUID() as String}</v11:messageId>
            <v11:timestamp>${=new java.text.SimpleDateFormat("yyyy-MM-dd'T'HH:mm:ss.SSS").format(new Date())}</v11:timestamp>
         </v1:messageContext>
         <v1:legalContext>ServiceIntegrator</v1:legalContext>
         <v1:request>
            <criteria>
               <ssin>86081744930</ssin>
               <inscriptionContext>fidus:administrative_file</inscriptionContext>
            </criteria>
         </v1:request>
      </v1:removeInscriptionRequest>
   </soapenv:Body>
</soapenv:Envelope>]]></con:request><con:assertion type="SOAP Fault Assertion" id="d074552d-eca3-40d0-bb54-2527cc3c1a44" name="Not SOAP Fault"/><con:assertion type="SOAP Response" id="042ccb76-7e04-4832-84a0-25b429777a23" name="SOAP Response"/><con:assertion type="Schema Compliance" id="c4604101-0f5d-4691-b69f-a613ae9ba5b0" name="Schema Compliance"><con:configuration/></con:assertion><con:wsaConfig action="http://fidus.brussels/services/inscriptionservice/removeInscription"/></con:request></con:config></con:testStep><con:testStep type="request" id="156b3487-b5cf-412a-8b2a-fee5992708e6" name="testcase3 - TEST - WORKER 1- Request"><con:settings/><con:config xsi:type="con:RequestStep" xmlns:xsi="http://www.w3.org/2001/XMLSchema-instance"><con:interface>InscriptionServiceHTTPBinding</con:interface><con:operation>removeInscription</con:operation><con:request name="testcase3 - TEST - WORKER 1- Request" id="62ba3fd8-15ae-468f-a0b1-1687bc97524b" outgoingWss="Outflow TEST"><con:settings/><con:encoding>UTF-8</con:encoding><con:endpoint>https://192.168.24.45:8443/services/InscriptionService_v1.0</con:endpoint><con:request><![CDATA[<soapenv:Envelope xmlns:soapenv="http://schemas.xmlsoap.org/soap/envelope/" xmlns:v1="http://fidus.brussels/service/inscriptionservice/messages/v1" xmlns:v11="http://fidus.brussels/type/common/messages/v1">
   <soapenv:Header/>
   <soapenv:Body>
      <v1:removeInscriptionRequest>
         <v1:messageContext>
            <v11:messageId>${=import static java.util.UUID.randomUUID; uuid = randomUUID() as String}</v11:messageId>
            <v11:timestamp>${=new java.text.SimpleDateFormat("yyyy-MM-dd'T'HH:mm:ss.SSS").format(new Date())}</v11:timestamp>
         </v1:messageContext>
         <v1:legalContext>ServiceIntegrator</v1:legalContext>
         <v1:request>
            <criteria>
               <ssin>86081744930</ssin>
               <inscriptionContext>fidus:administrative_file</inscriptionContext>
            </criteria>
         </v1:request>
      </v1:removeInscriptionRequest>
   </soapenv:Body>
</soapenv:Envelope>]]></con:request><con:assertion type="SOAP Fault Assertion" id="7dc4b741-4956-4402-b0ed-9e4b884fbbe5" name="Not SOAP Fault"/><con:assertion type="SOAP Response" id="a98fed56-9c04-4478-a595-3a57f9ecf6f6" name="SOAP Response"/><con:assertion type="Schema Compliance" id="0c2c1e2b-233e-48ac-b540-b5e3c93afbca" name="Schema Compliance"><con:configuration/></con:assertion><con:wsaConfig action="http://fidus.brussels/services/inscriptionservice/removeInscription"/></con:request></con:config></con:testStep><con:testStep type="request" id="b44a6b26-61a1-4b63-be06-b995a0685c32" name="testcase3 - TEST - WORKER 2- Request"><con:settings/><con:config xsi:type="con:RequestStep" xmlns:xsi="http://www.w3.org/2001/XMLSchema-instance"><con:interface>InscriptionServiceHTTPBinding</con:interface><con:operation>removeInscription</con:operation><con:request name="testcase3 - TEST - WORKER 2- Request" id="f4c28e3a-e97a-4395-b5a7-089bd800c9f4" outgoingWss="Outflow TEST"><con:settings/><con:encoding>UTF-8</con:encoding><con:endpoint>https://192.168.24.51:8443/services/InscriptionService_v1.0</con:endpoint><con:request><![CDATA[<soapenv:Envelope xmlns:soapenv="http://schemas.xmlsoap.org/soap/envelope/" xmlns:v1="http://fidus.brussels/service/inscriptionservice/messages/v1" xmlns:v11="http://fidus.brussels/type/common/messages/v1">
   <soapenv:Header/>
   <soapenv:Body>
      <v1:removeInscriptionRequest>
         <v1:messageContext>
            <v11:messageId>${=import static java.util.UUID.randomUUID; uuid = randomUUID() as String}</v11:messageId>
            <v11:timestamp>${=new java.text.SimpleDateFormat("yyyy-MM-dd'T'HH:mm:ss.SSS").format(new Date())}</v11:timestamp>
         </v1:messageContext>
         <v1:legalContext>ServiceIntegrator</v1:legalContext>
         <v1:request>
            <criteria>
               <ssin>86081744930</ssin>
               <inscriptionContext>fidus:administrative_file</inscriptionContext>
            </criteria>
         </v1:request>
      </v1:removeInscriptionRequest>
   </soapenv:Body>
</soapenv:Envelope>]]></con:request><con:assertion type="SOAP Fault Assertion" id="5dfd05bb-0b70-4ab1-9c24-23b732e48e72" name="Not SOAP Fault"/><con:assertion type="SOAP Response" id="d4fd6901-5ff2-45ff-b0ff-1cc11687d409" name="SOAP Response"/><con:assertion type="Schema Compliance" id="544cdcd4-2605-44c3-b88c-0a8301d72973" name="Schema Compliance"><con:configuration/></con:assertion><con:wsaConfig action="http://fidus.brussels/services/inscriptionservice/removeInscription"/></con:request></con:config></con:testStep><con:properties/></con:testCase><con:properties/></con:testSuite><con:testSuite id="2f2bfdcf-faeb-4cbe-86f0-a8869f2a8a99" name="STAG"><con:settings/><con:runType>SEQUENTIAL</con:runType><con:testCase id="88333747-a387-4a77-a266-f30a3f98f743" failOnError="true" failTestCaseOnErrors="true" keepSession="false" maxResults="0" name="addInscription" searchProperties="true"><con:settings/><con:testStep type="request" id="5da20e21-68ef-4bd7-b90d-840a93ff2133" name="testcase4 - STAGING - External - Request"><con:settings/><con:config xsi:type="con:RequestStep" xmlns:xsi="http://www.w3.org/2001/XMLSchema-instance"><con:interface>InscriptionServiceHTTPBinding</con:interface><con:operation>addInscription</con:operation><con:request name="testcase4 - STAGING - External - Request" id="d0da6451-4915-4ef6-874a-a1b08e49d04a" outgoingWss="Outflow STAG"><con:settings/><con:encoding>UTF-8</con:encoding><con:endpoint>https://fidus.irisnetlab.be/services/InscriptionService_v1.0</con:endpoint><con:request><![CDATA[<soapenv:Envelope xmlns:soapenv="http://schemas.xmlsoap.org/soap/envelope/" xmlns:v1="http://fidus.brussels/service/inscriptionservice/messages/v1" xmlns:v11="http://fidus.brussels/type/common/messages/v1">
   <soapenv:Header/>
   <soapenv:Body>
      <v1:addInscriptionRequest>
         <v1:messageContext>
            <v11:messageId>${=import static java.util.UUID.randomUUID; uuid = randomUUID() as String}</v11:messageId>
            <v11:timestamp>${=new java.text.SimpleDateFormat("yyyy-MM-dd'T'HH:mm:ss.SSS").format(new Date())}</v11:timestamp>
         </v1:messageContext>
         <v1:legalContext>ServiceIntegrator</v1:legalContext>
         <v1:request>
            <criteria>
               <ssin>91120406960</ssin>
               <inscriptionContext>fidus:administrative_file</inscriptionContext>
               <period>
                  <beginDate>${=new java.text.SimpleDateFormat("yyyy-MM-dd").format(new Date())}</beginDate>
                  <endDate>${=new java.text.SimpleDateFormat("yyyy-MM-dd").format(new Date() + 1)}</endDate>
               </period>
            </criteria>
         </v1:request>
      </v1:addInscriptionRequest>
   </soapenv:Body>
</soapenv:Envelope>]]></con:request><con:assertion type="SOAP Fault Assertion" id="93df2a22-208c-4f52-a263-3892f4d0ba24" name="Not SOAP Fault"/><con:assertion type="SOAP Response" id="19d32c74-a547-4192-aab5-d5aa23e8711c" name="SOAP Response"/><con:assertion type="Schema Compliance" id="e32c758c-f0b5-4a36-bc48-80be13a0200c" name="Schema Compliance"><con:configuration/></con:assertion><con:wsaConfig action="http://fidus.brussels/services/inscriptionservice/addInscription"/></con:request></con:config></con:testStep><con:testStep type="request" id="28750f3c-971e-4f50-9926-034de9403a0f" name="testcase4 - STAGING - LB - Request"><con:settings/><con:config xsi:type="con:RequestStep" xmlns:xsi="http://www.w3.org/2001/XMLSchema-instance"><con:interface>InscriptionServiceHTTPBinding</con:interface><con:operation>addInscription</con:operation><con:request name="testcase4 - STAGING - LB - Request" id="d7c16edc-20cc-414c-8d4f-9cceecf6c3c0" outgoingWss="Outflow STAG"><con:settings/><con:encoding>UTF-8</con:encoding><con:endpoint>https://fidus-esb-sg.sta.srv.cirb.lan:8443/services/InscriptionService_v1.0</con:endpoint><con:request><![CDATA[<soapenv:Envelope xmlns:soapenv="http://schemas.xmlsoap.org/soap/envelope/" xmlns:v1="http://fidus.brussels/service/inscriptionservice/messages/v1" xmlns:v11="http://fidus.brussels/type/common/messages/v1">
   <soapenv:Header/>
   <soapenv:Body>
      <v1:addInscriptionRequest>
         <v1:messageContext>
            <v11:messageId>${=import static java.util.UUID.randomUUID; uuid = randomUUID() as String}</v11:messageId>
            <v11:timestamp>${=new java.text.SimpleDateFormat("yyyy-MM-dd'T'HH:mm:ss.SSS").format(new Date())}</v11:timestamp>
         </v1:messageContext>
         <v1:legalContext>ServiceIntegrator</v1:legalContext>
         <v1:request>
            <criteria>
               <ssin>91120406960</ssin>
               <inscriptionContext>fidus:administrative_file</inscriptionContext>
               <period>
                  <beginDate>${=new java.text.SimpleDateFormat("yyyy-MM-dd").format(new Date())}</beginDate>
                  <endDate>${=new java.text.SimpleDateFormat("yyyy-MM-dd").format(new Date() + 1)}</endDate>
               </period>
            </criteria>
         </v1:request>
      </v1:addInscriptionRequest>
   </soapenv:Body>
</soapenv:Envelope>]]></con:request><con:assertion type="SOAP Fault Assertion" id="8e37b506-2893-48f6-9d33-932a54aecaa9" name="Not SOAP Fault"/><con:assertion type="SOAP Response" id="05d94c1d-e331-4003-9ec4-0d05aedd62a8" name="SOAP Response"/><con:assertion type="Schema Compliance" id="4c62cc81-c814-42c1-bcaf-1492c38d3497" name="Schema Compliance"><con:configuration/></con:assertion><con:wsaConfig action="http://fidus.brussels/services/inscriptionservice/addInscription"/></con:request></con:config></con:testStep><con:testStep type="request" id="69f1ca81-ffeb-45f0-951b-99d3811f72ad" name="testcase4 - STAGING - worker 1 - Request"><con:settings/><con:config xsi:type="con:RequestStep" xmlns:xsi="http://www.w3.org/2001/XMLSchema-instance"><con:interface>InscriptionServiceHTTPBinding</con:interface><con:operation>addInscription</con:operation><con:request name="testcase4 - STAGING - worker 1 - Request" id="58c23cdd-61dd-433e-ad3d-e1f47d156446" outgoingWss="Outflow STAG"><con:settings/><con:encoding>UTF-8</con:encoding><con:endpoint>https://192.168.24.64:8443/services/InscriptionService_v1.0</con:endpoint><con:request><![CDATA[<soapenv:Envelope xmlns:soapenv="http://schemas.xmlsoap.org/soap/envelope/" xmlns:v1="http://fidus.brussels/service/inscriptionservice/messages/v1" xmlns:v11="http://fidus.brussels/type/common/messages/v1">
   <soapenv:Header/>
   <soapenv:Body>
      <v1:addInscriptionRequest>
         <v1:messageContext>
            <v11:messageId>${=import static java.util.UUID.randomUUID; uuid = randomUUID() as String}</v11:messageId>
            <v11:timestamp>${=new java.text.SimpleDateFormat("yyyy-MM-dd'T'HH:mm:ss.SSS").format(new Date())}</v11:timestamp>
         </v1:messageContext>
         <v1:legalContext>ServiceIntegrator</v1:legalContext>
         <v1:request>
            <criteria>
               <ssin>91120406960</ssin>
               <inscriptionContext>fidus:administrative_file</inscriptionContext>
               <period>
                  <beginDate>${=new java.text.SimpleDateFormat("yyyy-MM-dd").format(new Date())}</beginDate>
                  <endDate>${=new java.text.SimpleDateFormat("yyyy-MM-dd").format(new Date() + 1)}</endDate>
               </period>
            </criteria>
         </v1:request>
      </v1:addInscriptionRequest>
   </soapenv:Body>
</soapenv:Envelope>]]></con:request><con:assertion type="SOAP Fault Assertion" id="648eb3f0-91ba-4973-b0a2-e318e3d8e43d" name="Not SOAP Fault"/><con:assertion type="SOAP Response" id="f58be9ba-3849-457a-af6f-76ab409bbd11" name="SOAP Response"/><con:assertion type="Schema Compliance" id="413a71d7-9a95-447a-afc7-0fcd2f084736" name="Schema Compliance"><con:configuration/></con:assertion><con:wsaConfig action="http://fidus.brussels/services/inscriptionservice/addInscription"/></con:request></con:config></con:testStep><con:testStep type="request" id="e2341121-526c-45d2-8613-e52f194c5cc9" name="testcase4 - STAGING - worker 2 - Request"><con:settings/><con:config xsi:type="con:RequestStep" xmlns:xsi="http://www.w3.org/2001/XMLSchema-instance"><con:interface>InscriptionServiceHTTPBinding</con:interface><con:operation>addInscription</con:operation><con:request name="testcase4 - STAGING - worker 2 - Request" id="30992d21-9db7-4656-a453-3c67557ea0ce" outgoingWss="Outflow STAG"><con:settings/><con:encoding>UTF-8</con:encoding><con:endpoint>https://192.168.24.57:8443/services/InscriptionService_v1.0</con:endpoint><con:request><![CDATA[<soapenv:Envelope xmlns:soapenv="http://schemas.xmlsoap.org/soap/envelope/" xmlns:v1="http://fidus.brussels/service/inscriptionservice/messages/v1" xmlns:v11="http://fidus.brussels/type/common/messages/v1">
   <soapenv:Header/>
   <soapenv:Body>
      <v1:addInscriptionRequest>
         <v1:messageContext>
            <v11:messageId>${=import static java.util.UUID.randomUUID; uuid = randomUUID() as String}</v11:messageId>
            <v11:timestamp>${=new java.text.SimpleDateFormat("yyyy-MM-dd'T'HH:mm:ss.SSS").format(new Date())}</v11:timestamp>
         </v1:messageContext>
         <v1:legalContext>ServiceIntegrator</v1:legalContext>
         <v1:request>
            <criteria>
               <ssin>91120406960</ssin>
               <inscriptionContext>fidus:administrative_file</inscriptionContext>
               <period>
                  <beginDate>${=new java.text.SimpleDateFormat("yyyy-MM-dd").format(new Date())}</beginDate>
                  <endDate>${=new java.text.SimpleDateFormat("yyyy-MM-dd").format(new Date() + 1)}</endDate>
               </period>
            </criteria>
         </v1:request>
      </v1:addInscriptionRequest>
   </soapenv:Body>
</soapenv:Envelope>]]></con:request><con:assertion type="SOAP Fault Assertion" id="c9094941-c7ae-489f-aa0c-55b748632c7f" name="Not SOAP Fault"/><con:assertion type="SOAP Response" id="6d1fab32-ecea-4ead-8325-e289e776ccec" name="SOAP Response"/><con:assertion type="Schema Compliance" id="71b2b624-f716-4601-b412-147e6280fe9a" name="Schema Compliance"><con:configuration/></con:assertion><con:wsaConfig action="http://fidus.brussels/services/inscriptionservice/addInscription"/></con:request></con:config></con:testStep><con:properties/></con:testCase><con:testCase id="960c955b-f41a-4717-81be-9371ff2977df" failOnError="true" failTestCaseOnErrors="true" keepSession="false" maxResults="0" name="consultInscriptions" searchProperties="true"><con:settings/><con:testStep type="request" id="3e86ebcd-dede-497a-89c4-71ca2bc2bd25" name="testcase4 - STAGING - EXTERNAL - Request"><con:settings/><con:config xsi:type="con:RequestStep" xmlns:xsi="http://www.w3.org/2001/XMLSchema-instance"><con:interface>InscriptionServiceHTTPBinding</con:interface><con:operation>consultInscriptions</con:operation><con:request name="testcase4 - STAGING - EXTERNAL - Request" id="5b28b4a5-6e23-4c0f-ac7d-c138b860995f" outgoingWss="Outflow STAG"><con:settings/><con:encoding>UTF-8</con:encoding><con:endpoint>https://fidus.irisnetlab.be/services/InscriptionService_v1.0</con:endpoint><con:request><![CDATA[<soapenv:Envelope xmlns:soapenv="http://schemas.xmlsoap.org/soap/envelope/" xmlns:v1="http://fidus.brussels/service/inscriptionservice/messages/v1" xmlns:v11="http://fidus.brussels/type/common/messages/v1">
   <soapenv:Header/>
   <soapenv:Body>
      <v1:consultInscriptionsRequest>
         <v1:messageContext>
            <v11:messageId>${=import static java.util.UUID.randomUUID; uuid = randomUUID() as String}</v11:messageId>
            <v11:timestamp>${=new java.text.SimpleDateFormat("yyyy-MM-dd'T'HH:mm:ss.SSS").format(new Date())}</v11:timestamp>
         </v1:messageContext>
         <v1:legalContext>ServiceIntegrator</v1:legalContext>
         <v1:request>
            <criteria>
               <ssin>86081744930</ssin>
               <inscriptionContext>fidus:administrative_file</inscriptionContext>
            </criteria>
         </v1:request>
      </v1:consultInscriptionsRequest>
   </soapenv:Body>
</soapenv:Envelope>]]></con:request><con:assertion type="SOAP Fault Assertion" id="326cb7bd-2e78-486d-8366-47275562c168" name="Not SOAP Fault"/><con:assertion type="SOAP Response" id="fb90e084-be6c-4da8-a4bd-870636834342" name="SOAP Response"/><con:assertion type="Schema Compliance" id="0eea94da-eefb-4729-9b43-ec092c5eb320" name="Schema Compliance"><con:configuration/></con:assertion><con:wsaConfig action="http://fidus.brussels/services/inscriptionservice/consultInscriptions"/></con:request></con:config></con:testStep><con:testStep type="request" id="8dee3bdd-fc70-4dbb-b2b8-2a7c78b06f3b" name="testcase4 - STAGING - LB - Request"><con:settings/><con:config xsi:type="con:RequestStep" xmlns:xsi="http://www.w3.org/2001/XMLSchema-instance"><con:interface>InscriptionServiceHTTPBinding</con:interface><con:operation>consultInscriptions</con:operation><con:request name="testcase4 - STAGING - LB - Request" id="1aae1c32-3d68-4036-9997-a0164e9ec629" outgoingWss="Outflow STAG"><con:settings/><con:encoding>UTF-8</con:encoding><con:endpoint>https://fidus-esb-sg.sta.srv.cirb.lan:8443/InscriptionService_v1.0</con:endpoint><con:request><![CDATA[<soapenv:Envelope xmlns:soapenv="http://schemas.xmlsoap.org/soap/envelope/" xmlns:v1="http://fidus.brussels/service/inscriptionservice/messages/v1" xmlns:v11="http://fidus.brussels/type/common/messages/v1">
   <soapenv:Header/>
   <soapenv:Body>
      <v1:consultInscriptionsRequest>
         <v1:messageContext>
            <v11:messageId>${=import static java.util.UUID.randomUUID; uuid = randomUUID() as String}</v11:messageId>
            <v11:timestamp>${=new java.text.SimpleDateFormat("yyyy-MM-dd'T'HH:mm:ss.SSS").format(new Date())}</v11:timestamp>
         </v1:messageContext>
         <v1:legalContext>ServiceIntegrator</v1:legalContext>
         <v1:request>
            <criteria>
               <ssin>86081744930</ssin>
               <inscriptionContext>fidus:administrative_file</inscriptionContext>
            </criteria>
         </v1:request>
      </v1:consultInscriptionsRequest>
   </soapenv:Body>
</soapenv:Envelope>]]></con:request><con:assertion type="SOAP Fault Assertion" id="6100c68f-1c0d-4618-9683-778249688b93" name="Not SOAP Fault"/><con:assertion type="SOAP Response" id="9abccdcc-5b3f-4f19-ac7f-3750940023de" name="SOAP Response"/><con:assertion type="Schema Compliance" id="a98176c4-cf8b-422c-969d-df5f53ef12b6" name="Schema Compliance"><con:configuration/></con:assertion><con:wsaConfig action="http://fidus.brussels/services/inscriptionservice/consultInscriptions"/></con:request></con:config></con:testStep><con:testStep type="request" id="9ebed96a-0847-4fe3-8c1b-bf5c92d658d0" name="testcase4 - STAGING - WORKER 1 - Request"><con:settings/><con:config xsi:type="con:RequestStep" xmlns:xsi="http://www.w3.org/2001/XMLSchema-instance"><con:interface>InscriptionServiceHTTPBinding</con:interface><con:operation>consultInscriptions</con:operation><con:request name="testcase4 - STAGING - WORKER 1 - Request" id="da14eaf4-bf35-4abe-b6a4-36f105de9b97" outgoingWss="Outflow STAG"><con:settings/><con:encoding>UTF-8</con:encoding><con:endpoint>https://192.168.24.57:8443/services/InscriptionService_v1.0</con:endpoint><con:request><![CDATA[<soapenv:Envelope xmlns:soapenv="http://schemas.xmlsoap.org/soap/envelope/" xmlns:v1="http://fidus.brussels/service/inscriptionservice/messages/v1" xmlns:v11="http://fidus.brussels/type/common/messages/v1">
   <soapenv:Header/>
   <soapenv:Body>
      <v1:consultInscriptionsRequest>
         <v1:messageContext>
            <v11:messageId>${=import static java.util.UUID.randomUUID; uuid = randomUUID() as String}</v11:messageId>
            <v11:timestamp>${=new java.text.SimpleDateFormat("yyyy-MM-dd'T'HH:mm:ss.SSS").format(new Date())}</v11:timestamp>
         </v1:messageContext>
         <v1:legalContext>ServiceIntegrator</v1:legalContext>
         <v1:request>
            <criteria>
               <ssin>86081744930</ssin>
               <inscriptionContext>fidus:administrative_file</inscriptionContext>
            </criteria>
         </v1:request>
      </v1:consultInscriptionsRequest>
   </soapenv:Body>
</soapenv:Envelope>]]></con:request><con:assertion type="SOAP Fault Assertion" id="d489f16b-1cad-40c8-bea7-46fe215331f7" name="Not SOAP Fault"/><con:assertion type="SOAP Response" id="80361fca-e275-4d46-a29f-30bab95643cf" name="SOAP Response"/><con:assertion type="Schema Compliance" id="41bbda3e-17f0-41b3-a996-7b2aee3a3557" name="Schema Compliance"><con:configuration/></con:assertion><con:wsaConfig action="http://fidus.brussels/services/inscriptionservice/consultInscriptions"/></con:request></con:config></con:testStep><con:testStep type="request" id="f861aa42-fe53-42ae-986d-c3ae70c4cd24" name="testcase4 - STAGING - WORKER 2 - Request"><con:settings/><con:config xsi:type="con:RequestStep" xmlns:xsi="http://www.w3.org/2001/XMLSchema-instance"><con:interface>InscriptionServiceHTTPBinding</con:interface><con:operation>consultInscriptions</con:operation><con:request name="testcase4 - STAGING - WORKER 2 - Request" id="73c32969-25bb-4e2a-967f-b06ad5c7e70b" outgoingWss="Outflow STAG"><con:settings/><con:encoding>UTF-8</con:encoding><con:endpoint>https://192.168.24.64:8443/services/InscriptionService_v1.0</con:endpoint><con:request><![CDATA[<soapenv:Envelope xmlns:soapenv="http://schemas.xmlsoap.org/soap/envelope/" xmlns:v1="http://fidus.brussels/service/inscriptionservice/messages/v1" xmlns:v11="http://fidus.brussels/type/common/messages/v1">
   <soapenv:Header/>
   <soapenv:Body>
      <v1:consultInscriptionsRequest>
         <v1:messageContext>
            <v11:messageId>${=import static java.util.UUID.randomUUID; uuid = randomUUID() as String}</v11:messageId>
            <v11:timestamp>${=new java.text.SimpleDateFormat("yyyy-MM-dd'T'HH:mm:ss.SSS").format(new Date())}</v11:timestamp>
         </v1:messageContext>
         <v1:legalContext>ServiceIntegrator</v1:legalContext>
         <v1:request>
            <criteria>
               <ssin>86081744930</ssin>
               <inscriptionContext>fidus:administrative_file</inscriptionContext>
            </criteria>
         </v1:request>
      </v1:consultInscriptionsRequest>
   </soapenv:Body>
</soapenv:Envelope>]]></con:request><con:assertion type="SOAP Fault Assertion" id="e0693058-afd5-4623-bad9-f4c3a00aa910" name="Not SOAP Fault"/><con:assertion type="SOAP Response" id="21ca3b44-19a3-453a-8983-f25cbb0428c8" name="SOAP Response"/><con:assertion type="Schema Compliance" id="24bae902-9678-4aa4-881a-a6e9437497b0" name="Schema Compliance"><con:configuration/></con:assertion><con:wsaConfig action="http://fidus.brussels/services/inscriptionservice/consultInscriptions"/></con:request></con:config></con:testStep><con:properties/></con:testCase><con:testCase id="24581e9e-ffb8-47f6-9333-26fd2abf3063" failOnError="true" failTestCaseOnErrors="true" keepSession="false" maxResults="0" name="removeInscription" searchProperties="true"><con:settings/><con:testStep type="request" id="8909ab3f-3120-490d-baf3-8ce7e308884e" name="testcase4 - STAGING - EXTERNAL - Request"><con:settings/><con:config xsi:type="con:RequestStep" xmlns:xsi="http://www.w3.org/2001/XMLSchema-instance"><con:interface>InscriptionServiceHTTPBinding</con:interface><con:operation>removeInscription</con:operation><con:request name="testcase4 - STAGING - EXTERNAL - Request" id="f6c1182e-4fe2-4f86-8efd-d6a68a80a3f3" outgoingWss="Outflow STAG"><con:settings/><con:encoding>UTF-8</con:encoding><con:endpoint>https://fidus.irisnetlab.be/services/InscriptionService_v1.0</con:endpoint><con:request><![CDATA[<soapenv:Envelope xmlns:soapenv="http://schemas.xmlsoap.org/soap/envelope/" xmlns:v1="http://fidus.brussels/service/inscriptionservice/messages/v1" xmlns:v11="http://fidus.brussels/type/common/messages/v1">
   <soapenv:Header/>
   <soapenv:Body>
      <v1:removeInscriptionRequest>
         <v1:messageContext>
            <v11:messageId>${=import static java.util.UUID.randomUUID; uuid = randomUUID() as String}</v11:messageId>
            <v11:timestamp>${=new java.text.SimpleDateFormat("yyyy-MM-dd'T'HH:mm:ss.SSS").format(new Date())}</v11:timestamp>
         </v1:messageContext>
         <v1:legalContext>ServiceIntegrator</v1:legalContext>
         <v1:request>
            <criteria>
               <ssin>86081744930</ssin>
               <inscriptionContext>fidus:administrative_file</inscriptionContext>
            </criteria>
         </v1:request>
      </v1:removeInscriptionRequest>
   </soapenv:Body>
</soapenv:Envelope>]]></con:request><con:assertion type="SOAP Fault Assertion" id="ecbff914-b8ed-4eb2-9e44-586ed17a092e" name="Not SOAP Fault"/><con:assertion type="SOAP Response" id="cd72f5f9-579c-477f-9db9-848ef7eb07ba" name="SOAP Response"/><con:assertion type="Schema Compliance" id="fd865503-bdbf-4570-85ff-f13c5311bd91" name="Schema Compliance"><con:configuration/></con:assertion><con:wsaConfig action="http://fidus.brussels/services/inscriptionservice/removeInscription"/></con:request></con:config></con:testStep><con:testStep type="request" id="04f80e6c-2ccb-4342-9f1d-50516c0f6b63" name="testcase4 - STAGING - LB - Request"><con:settings/><con:config xsi:type="con:RequestStep" xmlns:xsi="http://www.w3.org/2001/XMLSchema-instance"><con:interface>InscriptionServiceHTTPBinding</con:interface><con:operation>removeInscription</con:operation><con:request name="testcase4 - STAGING - LB - Request" id="1153361a-c23c-4e85-aa4e-097cd840afb1" outgoingWss="Outflow STAG"><con:settings/><con:encoding>UTF-8</con:encoding><con:endpoint>https://fidus-esb-sg.sta.srv.cirb.lan:8443/InscriptionService_v1.0</con:endpoint><con:request><![CDATA[<soapenv:Envelope xmlns:soapenv="http://schemas.xmlsoap.org/soap/envelope/" xmlns:v1="http://fidus.brussels/service/inscriptionservice/messages/v1" xmlns:v11="http://fidus.brussels/type/common/messages/v1">
   <soapenv:Header/>
   <soapenv:Body>
      <v1:removeInscriptionRequest>
         <v1:messageContext>
            <v11:messageId>${=import static java.util.UUID.randomUUID; uuid = randomUUID() as String}</v11:messageId>
            <v11:timestamp>${=new java.text.SimpleDateFormat("yyyy-MM-dd'T'HH:mm:ss.SSS").format(new Date())}</v11:timestamp>
         </v1:messageContext>
         <v1:legalContext>ServiceIntegrator</v1:legalContext>
         <v1:request>
            <criteria>
               <ssin>86081744930</ssin>
               <inscriptionContext>fidus:administrative_file</inscriptionContext>
            </criteria>
         </v1:request>
      </v1:removeInscriptionRequest>
   </soapenv:Body>
</soapenv:Envelope>]]></con:request><con:assertion type="SOAP Fault Assertion" id="cab1aba1-6488-4508-a3a7-9becd4fa271f" name="Not SOAP Fault"/><con:assertion type="SOAP Response" id="50941b66-7c02-41c4-bb3f-8335fcfc49c3" name="SOAP Response"/><con:assertion type="Schema Compliance" id="dc1005fc-3d4c-4fca-b8fc-1e7d94b30f89" name="Schema Compliance"><con:configuration/></con:assertion><con:wsaConfig action="http://fidus.brussels/services/inscriptionservice/removeInscription"/></con:request></con:config></con:testStep><con:testStep type="request" id="0c1472e1-c36f-4f73-9313-8d1576fcbb59" name="testcase4 - STAGING - WORKER 1 - Request"><con:settings/><con:config xsi:type="con:RequestStep" xmlns:xsi="http://www.w3.org/2001/XMLSchema-instance"><con:interface>InscriptionServiceHTTPBinding</con:interface><con:operation>removeInscription</con:operation><con:request name="testcase4 - STAGING - WORKER 1 - Request" id="d38d601b-932c-42bc-91f3-14b45bb4b0eb" outgoingWss="Outflow STAG"><con:settings/><con:encoding>UTF-8</con:encoding><con:endpoint>https://192.168.24.57:8443/services/InscriptionService_v1.0</con:endpoint><con:request><![CDATA[<soapenv:Envelope xmlns:soapenv="http://schemas.xmlsoap.org/soap/envelope/" xmlns:v1="http://fidus.brussels/service/inscriptionservice/messages/v1" xmlns:v11="http://fidus.brussels/type/common/messages/v1">
   <soapenv:Header/>
   <soapenv:Body>
      <v1:removeInscriptionRequest>
         <v1:messageContext>
            <v11:messageId>${=import static java.util.UUID.randomUUID; uuid = randomUUID() as String}</v11:messageId>
            <v11:timestamp>${=new java.text.SimpleDateFormat("yyyy-MM-dd'T'HH:mm:ss.SSS").format(new Date())}</v11:timestamp>
         </v1:messageContext>
         <v1:legalContext>ServiceIntegrator</v1:legalContext>
         <v1:request>
            <criteria>
               <ssin>86081744930</ssin>
               <inscriptionContext>fidus:administrative_file</inscriptionContext>
            </criteria>
         </v1:request>
      </v1:removeInscriptionRequest>
   </soapenv:Body>
</soapenv:Envelope>]]></con:request><con:assertion type="SOAP Fault Assertion" id="11b11a26-2287-4132-baab-dd49c1148146" name="Not SOAP Fault"/><con:assertion type="SOAP Response" id="57402989-f40b-4308-84c7-161c5d0ce4d8" name="SOAP Response"/><con:assertion type="Schema Compliance" id="9c783ee7-6dab-4de3-8be4-15d121bd6857" name="Schema Compliance"><con:configuration/></con:assertion><con:wsaConfig action="http://fidus.brussels/services/inscriptionservice/removeInscription"/></con:request></con:config></con:testStep><con:testStep type="request" id="aa74810d-53db-4e96-b57e-6ee95aec9344" name="testcase4 - STAGING - WORKER 2 - Request"><con:settings/><con:config xsi:type="con:RequestStep" xmlns:xsi="http://www.w3.org/2001/XMLSchema-instance"><con:interface>InscriptionServiceHTTPBinding</con:interface><con:operation>removeInscription</con:operation><con:request name="testcase4 - STAGING - WORKER 2 - Request" id="55a0ca36-6ca1-4590-bd35-7a7eda7f6885" outgoingWss="Outflow STAG"><con:settings/><con:encoding>UTF-8</con:encoding><con:endpoint>https://192.168.24.64:8443/services/InscriptionService_v1.0</con:endpoint><con:request><![CDATA[<soapenv:Envelope xmlns:soapenv="http://schemas.xmlsoap.org/soap/envelope/" xmlns:v1="http://fidus.brussels/service/inscriptionservice/messages/v1" xmlns:v11="http://fidus.brussels/type/common/messages/v1">
   <soapenv:Header/>
   <soapenv:Body>
      <v1:removeInscriptionRequest>
         <v1:messageContext>
            <v11:messageId>${=import static java.util.UUID.randomUUID; uuid = randomUUID() as String}</v11:messageId>
            <v11:timestamp>${=new java.text.SimpleDateFormat("yyyy-MM-dd'T'HH:mm:ss.SSS").format(new Date())}</v11:timestamp>
         </v1:messageContext>
         <v1:legalContext>ServiceIntegrator</v1:legalContext>
         <v1:request>
            <criteria>
               <ssin>86081744930</ssin>
               <inscriptionContext>fidus:administrative_file</inscriptionContext>
            </criteria>
         </v1:request>
      </v1:removeInscriptionRequest>
   </soapenv:Body>
</soapenv:Envelope>]]></con:request><con:assertion type="SOAP Fault Assertion" id="ae9c8c14-849c-414c-9e48-e70a23b6e4c1" name="Not SOAP Fault"/><con:assertion type="SOAP Response" id="35900d2e-1b23-42b3-b3d0-903d58ca8538" name="SOAP Response"/><con:assertion type="Schema Compliance" id="cb871800-2035-4b25-9a18-b82ffdaaeba6" name="Schema Compliance"><con:configuration/></con:assertion><con:wsaConfig action="http://fidus.brussels/services/inscriptionservice/removeInscription"/></con:request></con:config></con:testStep><con:properties/></con:testCase><con:properties/></con:testSuite><con:endpointStrategy xsi:type="con:DefaultEndpointStrategy" xmlns:xsi="http://www.w3.org/2001/XMLSchema-instance"><con:endpoint mode="OVERRIDE">http://fidus.brussels/services/referencedir/v1</con:endpoint></con:endpointStrategy><con:properties/><con:wssContainer><con:crypto><con:source>data/wso2/keystores/user-rajarshi.jks</con:source><con:password>test@fidus01</con:password><con:type>KEYSTORE</con:type></con:crypto><con:outgoing><con:name>Outflow DEV</con:name></con:outgoing><con:outgoing><con:name>Outflow TEST</con:name><con:entry type="Signature" username="testuser-test.fidus.brussels" password="test@fidus01"><con:configuration><crypto>user-rajarshi.jks</crypto><keyIdentifierType>3</keyIdentifierType><signatureAlgorithm/><signatureCanonicalization/><useSingleCert>true</useSingleCert><digestAlgorithm/><customTokenValueType/><customTokenId/></con:configuration></con:entry><con:entry type="Timestamp"><con:configuration><timeToLive>300000</timeToLive><strictTimestamp>true</strictTimestamp></con:configuration></con:entry></con:outgoing><con:outgoing><con:name>Outflow STAG</con:name></con:outgoing></con:wssContainer><con:oAuth2ProfileContainer/><con:oAuth1ProfileContainer/><con:sensitiveInformation/></con:soapui-project>