<?xml version="1.0" encoding="UTF-8"?>
<con:soapui-project id="11b404ed-5013-42b2-92a9-013432525abe" activeEnvironment="Default" name="Client-AccessManagerService-soapui-project" resourceRoot="" soapui-version="5.1.3" abortOnError="false" runType="SEQUENTIAL" xmlns:con="http://eviware.com/soapui/config"><con:settings/><con:interface xsi:type="con:WsdlInterface" id="548e423b-90e0-4e19-b45f-01f908a20276" wsaVersion="NONE" name="AccessManagerServiceHTTPBinding" type="wsdl" bindingName="{http://fidus.brussels/service/accessmanagerservice/v1}AccessManagerServiceHTTPBinding" soapVersion="1_1" anonymous="optional" definition="file:/home/fidus/Documents/cirb/fidus/parent/AccessManagerService/AccessManagerServiceGateway/src/main/resources/wsdl/accessManagerService/1.0.0/AccessManagerService_v1.wsdl" xmlns:xsi="http://www.w3.org/2001/XMLSchema-instance"><con:settings/><con:definitionCache type="TEXT" rootPart="file:/home/fidus/Documents/cirb/fidus/parent/AccessManagerService/AccessManagerServiceGateway/src/main/resources/wsdl/accessManagerService/1.0.0/AccessManagerService_v1.wsdl"><con:part><con:url>file:/home/fidus/Documents/cirb/fidus/parent/AccessManagerService/AccessManagerServiceGateway/src/main/resources/wsdl/accessManagerService/1.0.0/AccessManagerService_v1.wsdl</con:url><con:content><![CDATA[<wsdl:definitions targetNamespace="http://fidus.brussels/service/accessmanagerservice/v1" name="AccessManagerService" xmlns:soap="http://schemas.xmlsoap.org/wsdl/soap/" xmlns:wsdl="http://schemas.xmlsoap.org/wsdl/" xmlns:xsd="http://www.w3.org/2001/XMLSchema" xmlns:mes="http://fidus.brussels/service/accessmanagerservice/messages/v1" xmlns:tns="http://fidus.brussels/service/accessmanagerservice/v1">
  <xsd:annotation>
    <xsd:documentation>AccessManagerService WDSL v1.</xsd:documentation>
  </xsd:annotation>
  <wsdl:types>
    <xsd:schema targetNamespace="http://fidus.brussels/service/accessmanagerservice/v1" elementFormDefault="qualified">
      <xsd:import namespace="http://fidus.brussels/service/accessmanagerservice/messages/v1" schemaLocation="messages/accessManagerServiceMessages_v1.xsd"/>
    </xsd:schema>
  </wsdl:types>
  <wsdl:message name="getDomainRequest">
    <wsdl:part name="GetDomainRequest" element="mes:getDomainRequest"/>
  </wsdl:message>
  <wsdl:message name="getDomainResponse">
    <wsdl:part name="GetDomainResponse" element="mes:getDomainResponse"/>
  </wsdl:message>
  <wsdl:message name="getEntityRepresentativesRequest">
    <wsdl:part name="GetEntityRepresentativesRequest" element="mes:getEntityRepresentativesRequest"/>
  </wsdl:message>
  <wsdl:message name="GetEntityRepresentativesResponse">
    <wsdl:part name="getEntityRepresentativesResponse" element="mes:getEntityRepresentativesResponse"/>
  </wsdl:message>
  <wsdl:message name="findRepresentativeRolesByINSSRequest">
    <wsdl:part name="FindRepresentativeRolesByINSSRequest" element="mes:findRepresentativeRolesByINSSRequest"/>
  </wsdl:message>
  <wsdl:message name="findRepresentativeRolesByINSSResponse">
    <wsdl:part name="FindRepresentativeRolesByINSSResponse" element="mes:findRepresentativeRolesByINSSResponse"/>
  </wsdl:message>
  <wsdl:message name="getOrganisationParentNodesRequest">
    <wsdl:part name="GetOrganisationParentNodesRequest" element="mes:getOrganisationParentNodesRequest"/>
  </wsdl:message>
  <wsdl:message name="getOrganisationParentNodesResponse">
    <wsdl:part name="GetOrganisationParentNodesResponse" element="mes:getOrganisationParentNodesResponse"/>
  </wsdl:message>
  <wsdl:message name="getOrganisationChildNodesRequest">
    <wsdl:part name="GetOrganisationChildNodesRequest" element="mes:getOrganisationChildNodesRequest"/>
  </wsdl:message>
  <wsdl:message name="getOrganisationChildNodesResponse">
    <wsdl:part name="GetOrganisationChildNodesResponse" element="mes:getOrganisationChildNodesResponse"/>
  </wsdl:message>
  <wsdl:message name="getOrganisationDenominationRequest">
    <wsdl:part name="GetOrganisationNameRequest" element="mes:getOrganisationDenominationRequest"/>
  </wsdl:message>
  <wsdl:message name="getOrganisationDenominationResponse">
    <wsdl:part name="GetOrganisationNameResponse" element="mes:getOrganisationDenominationResponse"/>
  </wsdl:message>
  <wsdl:portType name="AccessManagerServicePortType">
    <wsdl:operation name="getDomain">
      <wsdl:input message="tns:getDomainRequest"/>
      <wsdl:output message="tns:getDomainResponse"/>
    </wsdl:operation>
    <wsdl:operation name="getEntityRepresentatives">
      <wsdl:input message="tns:getEntityRepresentativesRequest"/>
      <wsdl:output message="tns:getEntityRepresentativesResponse"/>
    </wsdl:operation>
    <wsdl:operation name="findRepresentativeRolesByINSS">
      <wsdl:input message="tns:findRepresentativeRolesByINSSRequest"/>
      <wsdl:output message="tns:findRepresentativeRolesByINSSResponse"/>
    </wsdl:operation>
    <wsdl:operation name="getOrganisationParentNodes">
      <wsdl:input message="tns:getOrganisationParentNodesRequest"/>
      <wsdl:output message="tns:getOrganisationParentNodesResponse"/>
    </wsdl:operation>
    <wsdl:operation name="getOrganisationChildNodes">
      <wsdl:input message="tns:getOrganisationChildNodesRequest"/>
      <wsdl:output message="tns:getOrganisationChildNodesResponse"/>
    </wsdl:operation>
    <wsdl:operation name="getOrganisationDenomination">
      <wsdl:input message="tns:getOrganisationDenominationRequest"/>
      <wsdl:output message="tns:getOrganisationDenominationResponse"/>
    </wsdl:operation>
  </wsdl:portType>
  <wsdl:binding name="AccessManagerServiceHTTPBinding" type="tns:AccessManagerServicePortType">
    <soap:binding transport="http://schemas.xmlsoap.org/soap/http" style="document"/>
    <wsdl:operation name="getDomain">
      <soap:operation soapAction="http://fidus.brussels/services/accessmanagerservice/getDomain"/>
      <wsdl:input>
        <soap:body use="literal"/>
      </wsdl:input>
      <wsdl:output>
        <soap:body use="literal"/>
      </wsdl:output>
    </wsdl:operation>
    <wsdl:operation name="getEntityRepresentatives">
      <soap:operation soapAction="http://fidus.brussels/services/accessmanagerservice/getEntityRepresentatives"/>
      <wsdl:input>
        <soap:body use="literal"/>
      </wsdl:input>
      <wsdl:output>
        <soap:body use="literal"/>
      </wsdl:output>
    </wsdl:operation>
    <wsdl:operation name="findRepresentativeRolesByINSS">
      <soap:operation soapAction="http://fidus.brussels/services/accessmanagerservice/findRepresentativeRolesByINSS"/>
      <wsdl:input>
        <soap:body use="literal"/>
      </wsdl:input>
      <wsdl:output>
        <soap:body use="literal"/>
      </wsdl:output>
    </wsdl:operation>
    <wsdl:operation name="getOrganisationParentNodes">
      <soap:operation soapAction="http://fidus.brussels/services/accessmanagerservice/getOrganisationParentNodes"/>
      <wsdl:input>
        <soap:body use="literal"/>
      </wsdl:input>
      <wsdl:output>
        <soap:body use="literal"/>
      </wsdl:output>
    </wsdl:operation>
    <wsdl:operation name="getOrganisationChildNodes">
      <soap:operation soapAction="http://fidus.brussels/services/accessmanagerservice/getOrganisationChildNodes"/>
      <wsdl:input>
        <soap:body use="literal"/>
      </wsdl:input>
      <wsdl:output>
        <soap:body use="literal"/>
      </wsdl:output>
    </wsdl:operation>
    <wsdl:operation name="getOrganisationDenomination">
      <soap:operation soapAction="http://fidus.brussels/services/accessmanagerservice/getOrganisationDenomination"/>
      <wsdl:input>
        <soap:body use="literal"/>
      </wsdl:input>
      <wsdl:output>
        <soap:body use="literal"/>
      </wsdl:output>
    </wsdl:operation>
  </wsdl:binding>
  <wsdl:service name="AccessManagerService_v1">
    <wsdl:port name="AccessManagerService_v1" binding="tns:AccessManagerServiceHTTPBinding">
      <soap:address location="http://fidus.brussels/services/accessmanagerservice/v1"/>
    </wsdl:port>
  </wsdl:service>
</wsdl:definitions>]]></con:content><con:type>http://schemas.xmlsoap.org/wsdl/</con:type></con:part><con:part><con:url>file:/home/fidus/Documents/cirb/fidus/parent/AccessManagerService/AccessManagerServiceGateway/src/main/resources/wsdl/accessManagerService/1.0.0/messages/accessManagerServiceMessages_v1.xsd</con:url><con:content><![CDATA[<xsd:schema targetNamespace="http://fidus.brussels/service/accessmanagerservice/messages/v1" elementFormDefault="qualified" attributeFormDefault="unqualified" version="1.0" xmlns:xsd="http://www.w3.org/2001/XMLSchema" xmlns:cme="http://fidus.brussels/type/common/messages/v1" xmlns:exc="http://fidus.brussels/type/common/exceptions/v1" xmlns:tns="http://fidus.brussels/service/accessmanagerservice/messages/v1" xmlns:types="http://socialsecurity.be/umanentityrepresentative/types/v3">
  <xsd:import namespace="http://fidus.brussels/type/common/messages/v1" schemaLocation="baseMessageTypes_v1.xsd"/>
  <xsd:import namespace="http://fidus.brussels/type/common/exceptions/v1" schemaLocation="exceptionTypes_v1.xsd"/>
  <xsd:import namespace="http://socialsecurity.be/umanentityrepresentative/types/v3" schemaLocation="../manager/UmanEntityRepresentativeTypesV3.xsd"/>
  <!--Request Type definition-->
  <xsd:complexType name="DomainType">
    <xsd:annotation>
      <xsd:documentation xml:lang="en">Request message to
				retrieve the allowed quality for a specified domain</xsd:documentation>
    </xsd:annotation>
    <xsd:sequence>
      <xsd:element name="domain" type="xsd:string"/>
      <xsd:element name="language" type="types:Language"/>
    </xsd:sequence>
  </xsd:complexType>
  <xsd:complexType name="OrganisationType">
    <xsd:annotation>
      <xsd:documentation xml:lang="en">Request message to
				retrieve the path of nodes, within an organisation, from the input
				organisation node to the top node of the organisation.</xsd:documentation>
    </xsd:annotation>
    <xsd:sequence>
      <xsd:element name="domain" type="xsd:string"/>
      <xsd:element name="organisationId" type="types:OrganisationId"/>
      <xsd:element name="language" type="types:Language"/>
    </xsd:sequence>
  </xsd:complexType>
  <xsd:complexType name="INSSType">
    <xsd:annotation>
      <xsd:documentation xml:lang="en">Request message to
				retrieve the list of organizations that are represented by the
				specified person and under whith representation role.</xsd:documentation>
    </xsd:annotation>
    <xsd:sequence>
      <xsd:element name="domain" type="xsd:string"/>
      <xsd:element name="inss" type="types:INSS"/>
      <xsd:element name="language" type="types:Language"/>
    </xsd:sequence>
  </xsd:complexType>
  <!--Request getAccessManagerService definition-->
  <xsd:complexType name="GetDomainRequestType">
    <xsd:sequence>
      <xsd:element name="messageContext" type="cme:RequestMessageContextType"/>
      <xsd:element name="legalContext" type="cme:LegalContextType"/>
      <xsd:element name="request" type="tns:DomainType"/>
    </xsd:sequence>
  </xsd:complexType>
  <xsd:complexType name="GetEntityRepresentativesRequestType">
    <xsd:sequence>
      <xsd:element name="messageContext" type="cme:RequestMessageContextType"/>
      <xsd:element name="legalContext" type="cme:LegalContextType"/>
      <xsd:element name="request" type="tns:OrganisationType"/>
    </xsd:sequence>
  </xsd:complexType>
  <xsd:complexType name="FindRepresentativeRolesByINSSRequestType">
    <xsd:sequence>
      <xsd:element name="messageContext" type="cme:RequestMessageContextType"/>
      <xsd:element name="legalContext" type="cme:LegalContextType"/>
      <xsd:element name="request" type="tns:INSSType"/>
    </xsd:sequence>
  </xsd:complexType>
  <xsd:complexType name="GetOrganisationParentNodesRequestType">
    <xsd:sequence>
      <xsd:element name="messageContext" type="cme:RequestMessageContextType"/>
      <xsd:element name="legalContext" type="cme:LegalContextType"/>
      <xsd:element name="request" type="tns:OrganisationType"/>
    </xsd:sequence>
  </xsd:complexType>
  <xsd:complexType name="GetOrganisationChildNodesRequestType">
    <xsd:sequence>
      <xsd:element name="messageContext" type="cme:RequestMessageContextType"/>
      <xsd:element name="legalContext" type="cme:LegalContextType"/>
      <xsd:element name="request" type="tns:OrganisationType"/>
    </xsd:sequence>
  </xsd:complexType>
  <xsd:complexType name="GetOrganisationDenominationRequestType">
    <xsd:sequence>
      <xsd:element name="messageContext" type="cme:RequestMessageContextType"/>
      <xsd:element name="legalContext" type="cme:LegalContextType"/>
      <xsd:element name="request" type="tns:OrganisationType"/>
    </xsd:sequence>
  </xsd:complexType>
  <!--Response getAccessManagerService definition-->
  <xsd:complexType name="GetDomainResponseType">
    <xsd:sequence>
      <xsd:element name="messageContext" type="cme:ResponseMessageContextType"/>
      <xsd:element name="responses" type="tns:DomainResponsesType" minOccurs="0"/>
      <xsd:element name="exceptions" type="exc:ExceptionsType" minOccurs="0">
        <xsd:annotation>
          <xsd:documentation>Technical errors that occur when processing the message context e.g. insufficient rights.</xsd:documentation>
        </xsd:annotation>
      </xsd:element>
    </xsd:sequence>
  </xsd:complexType>
  <xsd:complexType name="GetEntityRepresentativesResponseType">
    <xsd:sequence>
      <xsd:element name="messageContext" type="cme:ResponseMessageContextType"/>
      <xsd:element name="responses" type="tns:EntityRepresentativesResponsesType" minOccurs="0"/>
      <xsd:element name="exceptions" type="exc:ExceptionsType" minOccurs="0">
        <xsd:annotation>
          <xsd:documentation>Technical errors that occur when processing the message context e.g. insufficient rights.</xsd:documentation>
        </xsd:annotation>
      </xsd:element>
    </xsd:sequence>
  </xsd:complexType>
  <xsd:complexType name="FindRepresentativeRolesByINSSResponseType">
    <xsd:sequence>
      <xsd:element name="messageContext" type="cme:ResponseMessageContextType"/>
      <xsd:element name="responses" type="tns:INSSResponsesType" minOccurs="0"/>
      <xsd:element name="exceptions" type="exc:ExceptionsType" minOccurs="0">
        <xsd:annotation>
          <xsd:documentation>Technical errors that occur when processing the message context e.g. insufficient rights.</xsd:documentation>
        </xsd:annotation>
      </xsd:element>
    </xsd:sequence>
  </xsd:complexType>
  <xsd:complexType name="GetOrganisationParentNodesResponseType">
    <xsd:sequence>
      <xsd:element name="messageContext" type="cme:ResponseMessageContextType"/>
      <xsd:element name="responses" type="tns:NodeResponsesType" minOccurs="0"/>
      <xsd:element name="exceptions" type="exc:ExceptionsType" minOccurs="0">
        <xsd:annotation>
          <xsd:documentation>Technical errors that occur when processing the message context e.g. insufficient rights.</xsd:documentation>
        </xsd:annotation>
      </xsd:element>
    </xsd:sequence>
  </xsd:complexType>
  <xsd:complexType name="GetOrganisationChildNodesResponseType">
    <xsd:sequence>
      <xsd:element name="messageContext" type="cme:ResponseMessageContextType"/>
      <xsd:element name="responses" type="tns:NodeResponsesType" minOccurs="0"/>
      <xsd:element name="exceptions" type="exc:ExceptionsType" minOccurs="0">
        <xsd:annotation>
          <xsd:documentation>Technical errors that occur when processing the message context e.g. insufficient rights.</xsd:documentation>
        </xsd:annotation>
      </xsd:element>
    </xsd:sequence>
  </xsd:complexType>
  <xsd:complexType name="GetOrganisationDenominationResponseType">
    <xsd:sequence>
      <xsd:element name="messageContext" type="cme:ResponseMessageContextType"/>
      <xsd:element name="responses" type="tns:DenominationResponsesType" minOccurs="0"/>
      <xsd:element name="exceptions" type="exc:ExceptionsType" minOccurs="0">
        <xsd:annotation>
          <xsd:documentation>Technical errors that occur when processing the message context e.g. insufficient rights.</xsd:documentation>
        </xsd:annotation>
      </xsd:element>
    </xsd:sequence>
  </xsd:complexType>
  <!--Response Types definition-->
  <xsd:complexType name="DomainResponsesType">
    <xsd:sequence>
      <xsd:element name="response" type="tns:DomainResponseType" minOccurs="1" maxOccurs="1"/>
    </xsd:sequence>
  </xsd:complexType>
  <xsd:complexType name="NodeResponsesType">
    <xsd:sequence>
      <xsd:element name="response" type="tns:NodeResponseType" minOccurs="1" maxOccurs="1"/>
    </xsd:sequence>
  </xsd:complexType>
  <xsd:complexType name="DenominationResponsesType">
    <xsd:sequence>
      <xsd:element name="response" type="tns:DenominationResponseType" minOccurs="1" maxOccurs="1"/>
    </xsd:sequence>
  </xsd:complexType>
  <xsd:complexType name="EntityRepresentativesResponsesType">
    <xsd:sequence>
      <xsd:element name="response" type="tns:EntityRepresentativesResponseType" minOccurs="1" maxOccurs="1"/>
    </xsd:sequence>
  </xsd:complexType>
  <xsd:complexType name="INSSResponsesType">
    <xsd:sequence>
      <xsd:element name="response" type="tns:INSSResponseType" minOccurs="1" maxOccurs="1"/>
    </xsd:sequence>
  </xsd:complexType>
  <!--Response Type definition-->
  <xsd:complexType name="DomainResponseType">
    <xsd:annotation>
      <xsd:documentation xml:lang="en">Response message,
				echoing the message from the request</xsd:documentation>
    </xsd:annotation>
    <xsd:sequence>
      <xsd:element name="Status" type="types:StatusType"/>
      <xsd:sequence minOccurs="0" maxOccurs="unbounded">
        <xsd:element name="DomainData" type="types:DomainData"/>
      </xsd:sequence>
      <xsd:element name="exceptions" type="exc:ExceptionsType" minOccurs="0">
        <xsd:annotation>
          <xsd:documentation>Business exceptions that occur when processing the request or response e.g. missing data for a single response element.
						Exceptions at this level may contain back-end specific codes and content.</xsd:documentation>
        </xsd:annotation>
      </xsd:element>
    </xsd:sequence>
  </xsd:complexType>
  <xsd:complexType name="NodeResponseType">
    <xsd:annotation>
      <xsd:documentation xml:lang="en">Response message,
				echoing the message from the request</xsd:documentation>
    </xsd:annotation>
    <xsd:sequence>
      <xsd:element name="Status" type="types:StatusType"/>
      <xsd:element name="OrganisationNode" type="types:OrganisationNodeLinkParent" minOccurs="0" maxOccurs="unbounded"/>
      <xsd:element name="exceptions" type="exc:ExceptionsType" minOccurs="0">
        <xsd:annotation>
          <xsd:documentation>Business exceptions that occur when processing the request or response e.g. missing data for a single response element.
						Exceptions at this level may contain back-end specific codes and content.</xsd:documentation>
        </xsd:annotation>
      </xsd:element>
    </xsd:sequence>
  </xsd:complexType>
  <xsd:complexType name="DenominationResponseType">
    <xsd:annotation>
      <xsd:documentation xml:lang="en">Response message,
				echoing the message from the request</xsd:documentation>
    </xsd:annotation>
    <xsd:sequence>
      <xsd:element name="Status" type="types:StatusType"/>
      <xsd:sequence minOccurs="0" maxOccurs="unbounded">
        <xsd:element name="OrganisationDenominationData" type="types:OrganisationDenominationData"/>
      </xsd:sequence>
      <xsd:element name="exceptions" type="exc:ExceptionsType" minOccurs="0">
        <xsd:annotation>
          <xsd:documentation>Business exceptions that occur when processing the request or response e.g. missing data for a single response element.
						Exceptions at this level may contain back-end specific codes and content.</xsd:documentation>
        </xsd:annotation>
      </xsd:element>
    </xsd:sequence>
  </xsd:complexType>
  <xsd:complexType name="EntityRepresentativesResponseType">
    <xsd:annotation>
      <xsd:documentation xml:lang="en">Response message,
				echoing the message from the request</xsd:documentation>
    </xsd:annotation>
    <xsd:sequence>
      <xsd:element name="Status" type="types:StatusType"/>
      <xsd:sequence minOccurs="0">
        <xsd:element name="OrganisationId" type="types:OrganisationId"/>
        <xsd:element name="Representative" type="types:Person" minOccurs="0"/>
        <xsd:element name="CoRepresentative" type="types:Person" minOccurs="0" maxOccurs="unbounded"/>
        <xsd:element name="Quality" type="types:QualityRepresentatives" minOccurs="0" maxOccurs="unbounded"/>
      </xsd:sequence>
      <xsd:element name="exceptions" type="exc:ExceptionsType" minOccurs="0">
        <xsd:annotation>
          <xsd:documentation>Business exceptions that occur when processing the request or response e.g. missing data for a single response element.
						Exceptions at this level may contain back-end specific codes and content.</xsd:documentation>
        </xsd:annotation>
      </xsd:element>
    </xsd:sequence>
  </xsd:complexType>
  <xsd:complexType name="INSSResponseType">
    <xsd:annotation>
      <xsd:documentation xml:lang="en">Response message,
				echoing the message from the request</xsd:documentation>
    </xsd:annotation>
    <xsd:sequence>
      <xsd:element name="Status" type="types:StatusType"/>
      <xsd:sequence minOccurs="0">
        <xsd:element name="Entity" type="types:Entity" minOccurs="1" maxOccurs="unbounded"/>
      </xsd:sequence>
      <xsd:element name="exceptions" type="exc:ExceptionsType" minOccurs="0">
        <xsd:annotation>
          <xsd:documentation>Business exceptions that occur when processing the request or response e.g. missing data for a single response element.
						Exceptions at this level may contain back-end specific codes and content.</xsd:documentation>
        </xsd:annotation>
      </xsd:element>
    </xsd:sequence>
  </xsd:complexType>
  <!--Element of the request and the response-->
  <xsd:element name="getDomainRequest" type="tns:GetDomainRequestType"/>
  <xsd:element name="getDomainResponse" type="tns:GetDomainResponseType"/>
  <xsd:element name="getEntityRepresentativesRequest" type="tns:GetEntityRepresentativesRequestType"/>
  <xsd:element name="getEntityRepresentativesResponse" type="tns:GetEntityRepresentativesResponseType"/>
  <xsd:element name="findRepresentativeRolesByINSSRequest" type="tns:FindRepresentativeRolesByINSSRequestType"/>
  <xsd:element name="findRepresentativeRolesByINSSResponse" type="tns:FindRepresentativeRolesByINSSResponseType"/>
  <xsd:element name="getOrganisationParentNodesRequest" type="tns:GetOrganisationParentNodesRequestType"/>
  <xsd:element name="getOrganisationParentNodesResponse" type="tns:GetOrganisationParentNodesResponseType"/>
  <xsd:element name="getOrganisationChildNodesRequest" type="tns:GetOrganisationChildNodesRequestType"/>
  <xsd:element name="getOrganisationChildNodesResponse" type="tns:GetOrganisationChildNodesResponseType"/>
  <xsd:element name="getOrganisationDenominationRequest" type="tns:GetOrganisationDenominationRequestType"/>
  <xsd:element name="getOrganisationDenominationResponse" type="tns:GetOrganisationDenominationResponseType"/>
</xsd:schema>]]></con:content><con:type>http://www.w3.org/2001/XMLSchema</con:type></con:part><con:part><con:url>file:/home/fidus/Documents/cirb/fidus/parent/AccessManagerService/AccessManagerServiceGateway/src/main/resources/wsdl/accessManagerService/1.0.0/messages/baseMessageTypes_v1.xsd</con:url><con:content><![CDATA[<xsd:schema targetNamespace="http://fidus.brussels/type/common/messages/v1" elementFormDefault="qualified" attributeFormDefault="unqualified" version="1.0" xmlns:xsd="http://www.w3.org/2001/XMLSchema" xmlns:cmn="http://fidus.brussels/type/common/v1" xmlns:tns="http://fidus.brussels/type/common/messages/v1">
  <!--Unformatted message Id-->
  <xsd:simpleType name="MessageIdType">
    <xsd:restriction base="xsd:string">
      <xsd:minLength value="1"/>
      <xsd:maxLength value="64"/>
    </xsd:restriction>
  </xsd:simpleType>
  <!--National Number of the person. Format depending on the Register-->
  <xsd:simpleType name="PersonNumberType">
    <xsd:restriction base="xsd:string">
      <xsd:pattern value="[0-9][0-9](([0][0-9])|([1][0-2]))(([0-2][0-9])|([3][0-1]))(([0-9]{2}[1-9])|([0-9][1-9][0-9])|([1-9][0-9]{2}))(([0-8][0-9])|([9][0-7]))">
        <xsd:annotation>
          <xsd:documentation>National Register format</xsd:documentation>
        </xsd:annotation>
      </xsd:pattern>
      <xsd:pattern value="[0-9][0-9](([2][0-9])|([3][0-2]))(([0-2][0-9])|([3][0-1]))[0-9]{3}(([0-8][0-9])|([9][0-7]))">
        <xsd:annotation>
          <xsd:documentation>CBSS Register format: Bis Register</xsd:documentation>
        </xsd:annotation>
      </xsd:pattern>
      <xsd:pattern value="[0-9][0-9](([4][0-9])|([5][0-2]))(([0-2][0-9])|([3][0-1]))[0-9]{3}(([0-8][0-9])|([9][0-7]))">
        <xsd:annotation>
          <xsd:documentation>CBSS Register format: Ter Register</xsd:documentation>
        </xsd:annotation>
      </xsd:pattern>
    </xsd:restriction>
  </xsd:simpleType>
  <!--Request message context-->
  <xsd:complexType name="RequestMessageContextType">
    <xsd:annotation>
      <xsd:documentation>Message context block generated by the consumer.</xsd:documentation>
    </xsd:annotation>
    <xsd:sequence>
      <xsd:element name="messageId" type="tns:MessageIdType">
        <xsd:annotation>
          <xsd:documentation>Consumer must assign their own MessageId reference for the request.</xsd:documentation>
        </xsd:annotation>
      </xsd:element>
      <xsd:element name="timestamp" type="xsd:dateTime" minOccurs="0">
        <xsd:annotation>
          <xsd:documentation>Timestamp when client sent request.</xsd:documentation>
        </xsd:annotation>
      </xsd:element>
    </xsd:sequence>
  </xsd:complexType>
  <!--Response message context-->
  <xsd:complexType name="ResponseMessageContextType">
    <xsd:annotation>
      <xsd:documentation>MessageContext block generated by fidus.</xsd:documentation>
    </xsd:annotation>
    <xsd:sequence>
      <xsd:element name="messageId" type="tns:MessageIdType">
        <xsd:annotation>
          <xsd:documentation>A unique identifier generated by fidus.</xsd:documentation>
        </xsd:annotation>
      </xsd:element>
      <xsd:element name="transactionId" type="tns:MessageIdType">
        <xsd:annotation>
          <xsd:documentation>A unique ID returned to the client for tracing purposes.</xsd:documentation>
        </xsd:annotation>
      </xsd:element>
      <xsd:element name="relatesTo" type="tns:MessageIdType" minOccurs="0">
        <xsd:annotation>
          <xsd:documentation>Optional field. The unique id of a previous batch file in this exchange Only used for responses.</xsd:documentation>
        </xsd:annotation>
      </xsd:element>
      <xsd:element name="timestamp" type="xsd:dateTime" minOccurs="0">
        <xsd:annotation>
          <xsd:documentation>Time reply sent by fidus.</xsd:documentation>
        </xsd:annotation>
      </xsd:element>
    </xsd:sequence>
  </xsd:complexType>
  <!--Legal Context : the finality of the Privacy Commission-->
  <xsd:simpleType name="LegalContextType">
    <xsd:restriction base="xsd:string">
      <xsd:minLength value="1"/>
      <xsd:maxLength value="64"/>
    </xsd:restriction>
  </xsd:simpleType>
  <xsd:complexType name="UserContextType">
    <xsd:annotation>
      <xsd:documentation>The user context defines information regarding the actual user performing a request.</xsd:documentation>
    </xsd:annotation>
    <xsd:sequence>
      <xsd:element name="language" type="xsd:language" nillable="true">
        <xsd:annotation>
          <xsd:documentation>The preferred language of the actual user performing the request.
						This influences the language in which response elements are cast.</xsd:documentation>
        </xsd:annotation>
      </xsd:element>
    </xsd:sequence>
  </xsd:complexType>
</xsd:schema>]]></con:content><con:type>http://www.w3.org/2001/XMLSchema</con:type></con:part><con:part><con:url>file:/home/fidus/Documents/cirb/fidus/parent/AccessManagerService/AccessManagerServiceGateway/src/main/resources/wsdl/accessManagerService/1.0.0/messages/exceptionTypes_v1.xsd</con:url><con:content><![CDATA[<xsd:schema targetNamespace="http://fidus.brussels/type/common/exceptions/v1" elementFormDefault="qualified" attributeFormDefault="unqualified" version="1.0" xmlns:xsd="http://www.w3.org/2001/XMLSchema" xmlns:tns="http://fidus.brussels/type/common/exceptions/v1">
  <!--Basic error typed-->
  <xsd:complexType name="ExceptionsType">
    <xsd:sequence>
      <xsd:element name="exception" type="tns:ExceptionType" maxOccurs="unbounded"/>
    </xsd:sequence>
  </xsd:complexType>
  <xsd:complexType name="ExceptionType">
    <xsd:sequence>
      <xsd:element name="type" type="tns:ExceptionClassType"/>
      <xsd:element name="code" type="tns:ExceptionCodeType"/>
      <xsd:element name="source" type="tns:ExceptionSourceType"/>
      <xsd:element name="description" type="tns:ExceptionDescriptionType"/>
    </xsd:sequence>
  </xsd:complexType>
  <xsd:simpleType name="ExceptionClassType">
    <xsd:restriction base="xsd:string">
      <xsd:enumeration value="ERROR"/>
      <xsd:enumeration value="WARNING"/>
      <xsd:enumeration value="INFO"/>
    </xsd:restriction>
  </xsd:simpleType>
  <xsd:simpleType name="ExceptionCodeType">
    <xsd:restriction base="xsd:string">
      <xsd:maxLength value="20"/>
    </xsd:restriction>
  </xsd:simpleType>
  <xsd:simpleType name="ExceptionSourceType">
    <xsd:restriction base="xsd:string">
      <xsd:maxLength value="20"/>
    </xsd:restriction>
  </xsd:simpleType>
  <xsd:simpleType name="ExceptionDescriptionType">
    <xsd:restriction base="xsd:string"/>
  </xsd:simpleType>
</xsd:schema>]]></con:content><con:type>http://www.w3.org/2001/XMLSchema</con:type></con:part><con:part><con:url>file:/home/fidus/Documents/cirb/fidus/parent/AccessManagerService/AccessManagerServiceGateway/src/main/resources/wsdl/accessManagerService/1.0.0/manager/UmanEntityRepresentativeTypesV3.xsd</con:url><con:content><![CDATA[<xsd:schema targetNamespace="http://socialsecurity.be/umanentityrepresentative/types/v3" elementFormDefault="qualified" attributeFormDefault="unqualified" version="1.0" xmlns="http://socialsecurity.be/umanentityrepresentative/types/v3" xmlns:xsd="http://www.w3.org/2001/XMLSchema">
  <xsd:complexType name="QualityRepresentatives">
    <xsd:annotation>
      <xsd:documentation xml:lang="en">Complex type defining who is the representative of a user management quality.</xsd:documentation>
    </xsd:annotation>
    <xsd:sequence>
      <xsd:element name="QualityCode" type="OrganisationCode"/>
      <xsd:element name="Denomination" type="Denomination"/>
      <xsd:element name="Representative" type="Person" minOccurs="0"/>
      <xsd:element name="CoRepresentative" type="Person" minOccurs="0" maxOccurs="unbounded"/>
      <xsd:element name="Subdivision" type="SubdivisionRepresentative" minOccurs="0" maxOccurs="unbounded"/>
    </xsd:sequence>
  </xsd:complexType>
  <xsd:complexType name="SubdivisionRepresentative">
    <xsd:annotation>
      <xsd:documentation xml:lang="en">Complex type defining who is the representative of a user management subdivison.</xsd:documentation>
    </xsd:annotation>
    <xsd:sequence>
      <xsd:element name="OrganisationId" type="SubdivisionOrganisationId"/>
      <xsd:element name="Denomination" type="Denomination" minOccurs="0" maxOccurs="1"/>
      <xsd:element name="SubdivisionCode" type="OrganisationCode"/>
      <xsd:element name="Representative" type="Person" minOccurs="0"/>
      <xsd:element name="CoRepresentative" type="Person" minOccurs="0" maxOccurs="unbounded"/>
      <xsd:element name="Subdivision" type="SubdivisionRepresentative" minOccurs="0" maxOccurs="unbounded"/>
    </xsd:sequence>
  </xsd:complexType>
  <xsd:complexType name="Entity">
    <xsd:annotation>
      <xsd:documentation xml:lang="en">Complex type defining the access rights of a specific user in terms of BCE based entity, user management qualities, and representative roles.</xsd:documentation>
    </xsd:annotation>
    <xsd:sequence>
      <xsd:element name="OrganisationId" type="OrganisationId"/>
      <xsd:element name="Role" type="Role" minOccurs="0"/>
      <xsd:element name="Email" type="Email" minOccurs="0"/>
      <xsd:element name="Quality" type="QualityRole" minOccurs="0" maxOccurs="unbounded"/>
    </xsd:sequence>
  </xsd:complexType>
  <xsd:complexType name="QualityRole">
    <xsd:annotation>
      <xsd:documentation xml:lang="en">Complex type defining a user management quality and the related role the user is granted to.</xsd:documentation>
    </xsd:annotation>
    <xsd:sequence>
      <xsd:element name="QualityCode" type="OrganisationCode"/>
      <xsd:element name="Denomination" type="Denomination"/>
      <xsd:element name="Role" type="Role" minOccurs="0"/>
      <xsd:element name="Email" type="Email" minOccurs="0"/>
      <xsd:element name="Subdivision" type="SubdivisionRole" minOccurs="0" maxOccurs="unbounded"/>
    </xsd:sequence>
  </xsd:complexType>
  <xsd:complexType name="SubdivisionRole">
    <xsd:annotation>
      <xsd:documentation xml:lang="en">Complex type defining a user management subdivision and the related role the user is granted to.</xsd:documentation>
    </xsd:annotation>
    <xsd:sequence>
      <xsd:element name="OrganisationId" type="SubdivisionOrganisationId"/>
      <xsd:element name="SubdivisionCode" type="OrganisationCode"/>
      <xsd:element name="Denomination" type="Denomination" minOccurs="0"/>
      <xsd:element name="Role" type="Role" minOccurs="0"/>
      <xsd:element name="Email" type="Email" minOccurs="0"/>
      <xsd:element name="Subdivision" type="SubdivisionRole" minOccurs="0" maxOccurs="unbounded"/>
    </xsd:sequence>
  </xsd:complexType>
  <xsd:complexType name="SubdivisionOrganisationId">
    <xsd:annotation>
      <xsd:documentation>Complex type defining an organisation identifier (entity or subdivision).</xsd:documentation>
    </xsd:annotation>
    <xsd:sequence>
      <xsd:element name="Identifier" type="Identifier" minOccurs="0"/>
      <xsd:element name="IdentifierType" type="IdentifierType"/>
    </xsd:sequence>
  </xsd:complexType>
  <xsd:complexType name="Person">
    <xsd:annotation>
      <xsd:documentation xml:lang="en">Complex type defining an individual person.</xsd:documentation>
    </xsd:annotation>
    <xsd:sequence>
      <xsd:element name="INSS" type="INSS"/>
      <xsd:element name="Email" type="Email" minOccurs="0"/>
    </xsd:sequence>
  </xsd:complexType>
  <xsd:complexType name="StatusType">
    <xsd:annotation>
      <xsd:documentation>Status of the request</xsd:documentation>
    </xsd:annotation>
    <xsd:sequence>
      <xsd:element name="Code" type="StatusCode"/>
      <xsd:element name="Comment" type="xsd:string" minOccurs="0" maxOccurs="unbounded"/>
    </xsd:sequence>
  </xsd:complexType>
  <xsd:simpleType name="INSS">
    <xsd:annotation>
      <xsd:documentation xml:lang="en">Simple type defining a person identifier.</xsd:documentation>
    </xsd:annotation>
    <xsd:restriction base="xsd:string">
      <xsd:length value="11"/>
      <xsd:pattern value="\d{11}"/>
    </xsd:restriction>
  </xsd:simpleType>
  <xsd:simpleType name="Denomination">
    <xsd:annotation>
      <xsd:documentation xml:lang="en">Simple type defining a Denomination for the level that is returned.</xsd:documentation>
    </xsd:annotation>
    <xsd:restriction base="xsd:string">
      <xsd:maxLength value="200"/>
    </xsd:restriction>
  </xsd:simpleType>
  <xsd:simpleType name="OrganisationLevel">
    <xsd:annotation>
      <xsd:documentation xml:lang="en">Simple type defining an Level of an Organisation Node. Could be Entity , Quality or Subdivision</xsd:documentation>
    </xsd:annotation>
    <xsd:restriction base="xsd:string">
      <xsd:pattern value="Entity|Quality|Subdivision"/>
    </xsd:restriction>
  </xsd:simpleType>
  <xsd:simpleType name="Language">
    <xsd:annotation>
      <xsd:documentation xml:lang="en">Simple type defining a language for the name that are returned. 4 languages are supported: French, Dutch, German or English</xsd:documentation>
    </xsd:annotation>
    <xsd:restriction base="xsd:string">
      <xsd:pattern value="fr|nl|de|en"/>
    </xsd:restriction>
  </xsd:simpleType>
  <xsd:simpleType name="Email">
    <xsd:annotation>
      <xsd:documentation xml:lang="en">Simple type defining an email adress</xsd:documentation>
    </xsd:annotation>
    <xsd:restriction base="xsd:string">
      <xsd:maxLength value="200"/>
    </xsd:restriction>
  </xsd:simpleType>
  <xsd:complexType name="OrganisationId">
    <xsd:annotation>
      <xsd:documentation>Complex type defining an organisation identifier (entity or subdivision).</xsd:documentation>
    </xsd:annotation>
    <xsd:sequence>
      <xsd:element name="Identifier" type="Identifier"/>
      <xsd:element name="IdentifierType" type="IdentifierType"/>
    </xsd:sequence>
  </xsd:complexType>
  <xsd:simpleType name="Identifier">
    <xsd:annotation>
      <xsd:documentation>Simple type defining an identifier of an organisation (Entity, Quality or subdivision).</xsd:documentation>
    </xsd:annotation>
    <xsd:restriction base="xsd:string">
      <xsd:maxLength value="50"/>
    </xsd:restriction>
  </xsd:simpleType>
  <xsd:simpleType name="IdentifierType">
    <xsd:annotation>
      <xsd:documentation>Simple type defining a type of identifier (BECBE, ...)</xsd:documentation>
    </xsd:annotation>
    <xsd:restriction base="xsd:string">
      <xsd:maxLength value="20"/>
    </xsd:restriction>
  </xsd:simpleType>
  <xsd:simpleType name="OrganisationCode">
    <xsd:annotation>
      <xsd:documentation>Complex type defining a organisation node type code (Quality or subdivision) eg: QUAL_XXX, SUB_XXX.</xsd:documentation>
    </xsd:annotation>
    <xsd:restriction base="xsd:string">
      <xsd:maxLength value="20"/>
    </xsd:restriction>
  </xsd:simpleType>
  <xsd:simpleType name="Role">
    <xsd:annotation>
      <xsd:documentation xml:lang="en">Simple enumerated type defining user representative roles.</xsd:documentation>
    </xsd:annotation>
    <xsd:restriction base="xsd:string">
      <xsd:enumeration value="REPRESENTATIVE"/>
      <xsd:enumeration value="COREPRESENTATIVE"/>
    </xsd:restriction>
  </xsd:simpleType>
  <xsd:simpleType name="StatusCode">
    <xsd:annotation>
      <xsd:documentation xml:lang="en">Status of response.</xsd:documentation>
    </xsd:annotation>
    <xsd:restriction base="xsd:string">
      <xsd:enumeration value="SUCCESS"/>
      <xsd:enumeration value="NO_DATA_FOUND"/>
      <xsd:enumeration value="NO_DOMAIN_FOUND"/>
      <xsd:enumeration value="INVALID_ORG_IDENTIFIER"/>
      <xsd:enumeration value="INVALID_SSIN"/>
      <xsd:enumeration value="NOT_AUTHENTIC_SOURCE_FOR_ORG_NAME"/>
    </xsd:restriction>
  </xsd:simpleType>
  <xsd:complexType name="OrganisationNodeLinkParent">
    <xsd:annotation>
      <xsd:documentation>Set of informations concerning a Organisation node in uman + an optional link to the parent</xsd:documentation>
    </xsd:annotation>
    <xsd:sequence>
      <xsd:element name="OrganisationId" type="SubdivisionOrganisationId"/>
      <xsd:element name="Denomination" type="Denomination" minOccurs="0"/>
      <xsd:element name="OrganisationLevel" type="OrganisationLevel"/>
      <xsd:element name="OrganisationCode" type="OrganisationCode"/>
      <xsd:element name="OrganisationParentNode" type="OrganisationNodeLinkParent" minOccurs="0" maxOccurs="1"/>
    </xsd:sequence>
  </xsd:complexType>
  <xsd:complexType name="OrganisationNodeLinkChild">
    <xsd:annotation>
      <xsd:documentation>Set of informations concerning a Organisation node in uman + an optional link to the Child(s)</xsd:documentation>
    </xsd:annotation>
    <xsd:sequence>
      <xsd:element name="OrganisationId" type="SubdivisionOrganisationId"/>
      <xsd:element name="Denomination" type="Denomination" minOccurs="0"/>
      <xsd:element name="OrganisationLevel" type="OrganisationLevel"/>
      <xsd:element name="OrganisationCode" type="OrganisationCode"/>
      <xsd:element name="OrganisationChildNode" type="OrganisationNodeLinkChild" minOccurs="0" maxOccurs="unbounded"/>
    </xsd:sequence>
  </xsd:complexType>
  <xsd:complexType name="DomainData">
    <xsd:annotation>
      <xsd:documentation>Set of informations concerning a Domain</xsd:documentation>
    </xsd:annotation>
    <xsd:sequence>
      <xsd:element name="QualityCode" type="OrganisationCode"/>
      <xsd:element name="Denomination" type="Denomination"/>
    </xsd:sequence>
  </xsd:complexType>
  <xsd:complexType name="OrganisationDenominationData">
    <xsd:annotation>
      <xsd:documentation>Set of informations concerning a Organisation Denomination</xsd:documentation>
    </xsd:annotation>
    <xsd:sequence>
      <xsd:element name="OrganisationId" type="OrganisationId"/>
      <xsd:element name="Denomination" type="Denomination"/>
    </xsd:sequence>
  </xsd:complexType>
</xsd:schema>]]></con:content><con:type>http://www.w3.org/2001/XMLSchema</con:type></con:part></con:definitionCache><con:endpoints><con:endpoint>http://fidus.brussels/services/accessmanagerservice/v1</con:endpoint><con:endpoint>http://localhost.localdomain:8088/mockAccessManagerServiceHTTPBinding</con:endpoint></con:endpoints><con:operation id="64be46ff-1340-46c2-8c1a-d5dede6162b5" isOneWay="false" action="http://fidus.brussels/services/accessmanagerservice/findRepresentativeRolesByINSS" name="findRepresentativeRolesByINSS" bindingOperationName="findRepresentativeRolesByINSS" type="Request-Response" inputName="" receivesAttachments="false" sendsAttachments="false" anonymous="optional"><con:settings/><con:call id="31c29739-f4b7-4bc2-99d7-13447fa19f74" name="1 - Local - Request - OK" outgoingWss="Outflow DEV" incomingWss="Inflow DEV"><con:settings><con:setting id="com.eviware.soapui.impl.wsdl.WsdlRequest@request-headers">&lt;xml-fragment/></con:setting></con:settings><con:encoding>UTF-8</con:encoding><con:endpoint>https://localhost:8243/services/AccessManagerService_v1.0</con:endpoint><con:request><![CDATA[<soapenv:Envelope xmlns:soapenv="http://schemas.xmlsoap.org/soap/envelope/" xmlns:v1="http://fidus.brussels/service/accessmanagerservice/messages/v1" xmlns:v11="http://fidus.brussels/type/common/messages/v1" xmlns:v3="http://socialsecurity.be/umanentityrepresentative/types/v3">
   <soapenv:Header/>
   <soapenv:Body>
      <v1:findRepresentativeRolesByINSSRequest>
         <v1:messageContext>
         	  <v11:messageId>${=import static java.util.UUID.randomUUID; uuid = randomUUID() as String}</v11:messageId>
            <v11:timestamp>${=new java.text.SimpleDateFormat("yyyy-MM-dd'T'HH:mm:ss.SSS").format(new Date())}</v11:timestamp>
         </v1:messageContext>
         <v1:legalContext>ServiceIntegrator</v1:legalContext>
         <v1:request>
            <v1:Domain>QUAL_FED_HEALTHCARE</v1:Domain>
            <v1:INSS>86051933959</v1:INSS>
            <v1:Language>nl</v1:Language>
         </v1:request>
      </v1:findRepresentativeRolesByINSSRequest>
   </soapenv:Body>
</soapenv:Envelope>]]></con:request><con:credentials><con:selectedAuthProfile>Basic</con:selectedAuthProfile><con:addedBasicAuthenticationTypes>Basic</con:addedBasicAuthenticationTypes><con:authType>Global HTTP Settings</con:authType></con:credentials><con:jmsConfig JMSDeliveryMode="PERSISTENT"/><con:jmsPropertyConfig/><con:wsaConfig mustUnderstand="NONE" version="200508" action="http://fidus.brussels/services/accessmanagerservice/findRepresentativeRolesByINSS"/><con:wsrmConfig version="1.2"/></con:call><con:call id="e92039c4-a3f6-4ffc-a8df-68425c9ed50f" name="2 - Dev - Request - OK" outgoingWss="Outflow DEV" incomingWss="Inflow DEV"><con:settings><con:setting id="com.eviware.soapui.impl.wsdl.WsdlRequest@request-headers">&lt;xml-fragment/></con:setting></con:settings><con:encoding>UTF-8</con:encoding><con:endpoint>https://192.168.36.61:8243/services/AccessManagerService_v1.0</con:endpoint><con:request><![CDATA[<soapenv:Envelope xmlns:soapenv="http://schemas.xmlsoap.org/soap/envelope/" xmlns:v1="http://fidus.brussels/service/accessmanagerservice/messages/v1" xmlns:v11="http://fidus.brussels/type/common/messages/v1" xmlns:v3="http://socialsecurity.be/umanentityrepresentative/types/v3">
   <soapenv:Header/>
   <soapenv:Body>
      <v1:findRepresentativeRolesByINSSRequest>
         <v1:messageContext>
         	  <v11:messageId>${=import static java.util.UUID.randomUUID; uuid = randomUUID() as String}</v11:messageId>
            <v11:timestamp>${=new java.text.SimpleDateFormat("yyyy-MM-dd'T'HH:mm:ss.SSS").format(new Date())}</v11:timestamp>
         </v1:messageContext>
         <v1:legalContext>ServiceIntegrator</v1:legalContext>
         <v1:request>
            <v1:Domain>QUAL_FED_HEALTHCARE</v1:Domain>
            <v1:INSS>86051933959</v1:INSS>
            <v1:Language>nl</v1:Language>
         </v1:request>
      </v1:findRepresentativeRolesByINSSRequest>
   </soapenv:Body>
</soapenv:Envelope>]]></con:request><con:credentials><con:selectedAuthProfile>Basic</con:selectedAuthProfile><con:addedBasicAuthenticationTypes>Basic</con:addedBasicAuthenticationTypes><con:authType>Global HTTP Settings</con:authType></con:credentials><con:jmsConfig JMSDeliveryMode="PERSISTENT"/><con:jmsPropertyConfig/><con:wsaConfig mustUnderstand="NONE" version="200508" action="http://fidus.brussels/services/accessmanagerservice/findRepresentativeRolesByINSS"/><con:wsrmConfig version="1.2"/></con:call><con:call id="e08b488c-a3d5-4644-b660-6803d67f400c" name="3 - Test - LB - Request" outgoingWss="Outflow TEST" incomingWss="Inflow TEST"><con:settings><con:setting id="com.eviware.soapui.impl.wsdl.WsdlRequest@request-headers">&lt;xml-fragment/></con:setting></con:settings><con:encoding>UTF-8</con:encoding><con:endpoint>https://esb-security-gw.sta.srv.cirb.lan:8443/services/AccessManagerService_v1.0</con:endpoint><con:request><![CDATA[<soapenv:Envelope xmlns:soapenv="http://schemas.xmlsoap.org/soap/envelope/" xmlns:v1="http://fidus.brussels/service/accessmanagerservice/messages/v1" xmlns:v11="http://fidus.brussels/type/common/messages/v1" xmlns:v3="http://socialsecurity.be/umanentityrepresentative/types/v3">
   <soapenv:Header/>
   <soapenv:Body>
      <v1:findRepresentativeRolesByINSSRequest>
         <v1:messageContext>
         	  <v11:messageId>${=import static java.util.UUID.randomUUID; uuid = randomUUID() as String}</v11:messageId>
            <v11:timestamp>${=new java.text.SimpleDateFormat("yyyy-MM-dd'T'HH:mm:ss.SSS").format(new Date())}</v11:timestamp>
         </v1:messageContext>
         <v1:legalContext>ServiceIntegrator</v1:legalContext>
         <v1:request>
            <v1:Domain>QUAL_FED_HEALTHCARE</v1:Domain>
            <v1:INSS>86051933959</v1:INSS>
            <v1:Language>nl</v1:Language>
         </v1:request>
      </v1:findRepresentativeRolesByINSSRequest>
   </soapenv:Body>
</soapenv:Envelope>]]></con:request><con:credentials><con:selectedAuthProfile>Basic</con:selectedAuthProfile><con:addedBasicAuthenticationTypes>Basic</con:addedBasicAuthenticationTypes><con:authType>Global HTTP Settings</con:authType></con:credentials><con:jmsConfig JMSDeliveryMode="PERSISTENT"/><con:jmsPropertyConfig/><con:wsaConfig mustUnderstand="NONE" version="200508" action="http://fidus.brussels/services/accessmanagerservice/findRepresentativeRolesByINSS"/><con:wsrmConfig version="1.2"/></con:call><con:call id="fca0f525-9c1a-4dd8-87c8-96162553d100" name="4 - Staging - LB - Request" incomingWss="Inflow STAGING" outgoingWss="Outflow STAGING"><con:settings><con:setting id="com.eviware.soapui.impl.wsdl.WsdlRequest@request-headers">&lt;xml-fragment/></con:setting></con:settings><con:encoding>UTF-8</con:encoding><con:endpoint>https://fidus-esb-sg.sta.srv.cirb.lan:8443/services/AccessManagerService_v1.0</con:endpoint><con:request><![CDATA[<soapenv:Envelope xmlns:soapenv="http://schemas.xmlsoap.org/soap/envelope/" xmlns:v1="http://fidus.brussels/service/accessmanagerservice/messages/v1" xmlns:v11="http://fidus.brussels/type/common/messages/v1" xmlns:v3="http://socialsecurity.be/umanentityrepresentative/types/v3">
   <soapenv:Header/>
   <soapenv:Body>
      <v1:findRepresentativeRolesByINSSRequest>
         <v1:messageContext>
         	  <v11:messageId>${=import static java.util.UUID.randomUUID; uuid = randomUUID() as String}</v11:messageId>
            <v11:timestamp>${=new java.text.SimpleDateFormat("yyyy-MM-dd'T'HH:mm:ss.SSS").format(new Date())}</v11:timestamp>
         </v1:messageContext>
         <v1:legalContext>ServiceIntegrator</v1:legalContext>
         <v1:request>
            <v1:Domain>QUAL_FED_HEALTHCARE</v1:Domain>
            <v1:INSS>86051933959</v1:INSS>
            <v1:Language>nl</v1:Language>
         </v1:request>
      </v1:findRepresentativeRolesByINSSRequest>
   </soapenv:Body>
</soapenv:Envelope>]]></con:request><con:credentials><con:selectedAuthProfile>Basic</con:selectedAuthProfile><con:addedBasicAuthenticationTypes>Basic</con:addedBasicAuthenticationTypes><con:authType>Global HTTP Settings</con:authType></con:credentials><con:jmsConfig JMSDeliveryMode="PERSISTENT"/><con:jmsPropertyConfig/><con:wsaConfig mustUnderstand="NONE" version="200508" action="http://fidus.brussels/services/accessmanagerservice/findRepresentativeRolesByINSS"/><con:wsrmConfig version="1.2"/></con:call><con:call id="6041e4ee-0229-4fba-8560-6d5d50209060" name="5 - Prod - External - Request" incomingWss="Inflow PROD" outgoingWss="Outflow PROD"><con:settings><con:setting id="com.eviware.soapui.impl.wsdl.WsdlRequest@request-headers">&lt;xml-fragment/></con:setting></con:settings><con:encoding>UTF-8</con:encoding><con:endpoint>https://fidus.sec.brussels/services/AccessManagerService_v1.0</con:endpoint><con:request><![CDATA[<soapenv:Envelope xmlns:soapenv="http://schemas.xmlsoap.org/soap/envelope/" xmlns:v1="http://fidus.brussels/service/accessmanagerservice/messages/v1" xmlns:v11="http://fidus.brussels/type/common/messages/v1" xmlns:v3="http://socialsecurity.be/umanentityrepresentative/types/v3">
   <soapenv:Header/>
   <soapenv:Body>
      <v1:findRepresentativeRolesByINSSRequest>
         <v1:messageContext>
         	  <v11:messageId>${=import static java.util.UUID.randomUUID; uuid = randomUUID() as String}</v11:messageId>
            <v11:timestamp>${=new java.text.SimpleDateFormat("yyyy-MM-dd'T'HH:mm:ss.SSS").format(new Date())}</v11:timestamp>
         </v1:messageContext>
         <v1:legalContext>ServiceIntegrator</v1:legalContext>
         <v1:request>
            <v1:Domain>QUAL_FED_HEALTHCARE</v1:Domain>
            <v1:INSS>86051933959</v1:INSS>
            <v1:Language>nl</v1:Language>
         </v1:request>
      </v1:findRepresentativeRolesByINSSRequest>
   </soapenv:Body>
</soapenv:Envelope>]]></con:request><con:credentials><con:selectedAuthProfile>Basic</con:selectedAuthProfile><con:addedBasicAuthenticationTypes>Basic</con:addedBasicAuthenticationTypes><con:authType>Global HTTP Settings</con:authType></con:credentials><con:jmsConfig JMSDeliveryMode="PERSISTENT"/><con:jmsPropertyConfig/><con:wsaConfig mustUnderstand="NONE" version="200508" action="http://fidus.brussels/services/accessmanagerservice/findRepresentativeRolesByINSS"/><con:wsrmConfig version="1.2"/></con:call><con:call id="12552132-98c3-4e99-b356-b78587aabb2c" name="1 - Local - Request - Not Found" outgoingWss="Outflow DEV" incomingWss="Inflow DEV"><con:settings><con:setting id="com.eviware.soapui.impl.wsdl.WsdlRequest@request-headers">&lt;xml-fragment/></con:setting></con:settings><con:encoding>UTF-8</con:encoding><con:endpoint>https://localhost:8243/services/AccessManagerService_v1.0</con:endpoint><con:request><![CDATA[<soapenv:Envelope xmlns:soapenv="http://schemas.xmlsoap.org/soap/envelope/" xmlns:v1="http://fidus.brussels/service/accessmanagerservice/messages/v1" xmlns:v11="http://fidus.brussels/type/common/messages/v1" xmlns:v3="http://socialsecurity.be/umanentityrepresentative/types/v3">
   <soapenv:Header/>
   <soapenv:Body>
      <v1:findRepresentativeRolesByINSSRequest>
         <v1:messageContext>
         	  <v11:messageId>${=import static java.util.UUID.randomUUID; uuid = randomUUID() as String}</v11:messageId>
            <v11:timestamp>${=new java.text.SimpleDateFormat("yyyy-MM-dd'T'HH:mm:ss.SSS").format(new Date())}</v11:timestamp>
         </v1:messageContext>
         <v1:legalContext>ServiceIntegrator</v1:legalContext>
         <v1:request>
            <v1:Domain>ECONOMY</v1:Domain>
            <v1:INSS>86051933959</v1:INSS>
            <v1:Language>nl</v1:Language>
         </v1:request>
      </v1:findRepresentativeRolesByINSSRequest>
   </soapenv:Body>
</soapenv:Envelope>]]></con:request><con:credentials><con:selectedAuthProfile>Basic</con:selectedAuthProfile><con:addedBasicAuthenticationTypes>Basic</con:addedBasicAuthenticationTypes><con:authType>Global HTTP Settings</con:authType></con:credentials><con:jmsConfig JMSDeliveryMode="PERSISTENT"/><con:jmsPropertyConfig/><con:wsaConfig mustUnderstand="NONE" version="200508" action="http://fidus.brussels/services/accessmanagerservice/findRepresentativeRolesByINSS"/><con:wsrmConfig version="1.2"/></con:call><con:call id="d62c5dd8-e00b-4978-96b6-544a290ae86f" name="2 - Dev - Request - Not Found" incomingWss="Inflow DEV" outgoingWss="Outflow DEV"><con:settings><con:setting id="com.eviware.soapui.impl.wsdl.WsdlRequest@request-headers">&lt;xml-fragment/></con:setting></con:settings><con:encoding>UTF-8</con:encoding><con:endpoint>https://192.168.36.61:8243/services/AccessManagerService_v1.0</con:endpoint><con:request><![CDATA[<soapenv:Envelope xmlns:soapenv="http://schemas.xmlsoap.org/soap/envelope/" xmlns:v1="http://fidus.brussels/service/accessmanagerservice/messages/v1" xmlns:v11="http://fidus.brussels/type/common/messages/v1" xmlns:v3="http://socialsecurity.be/umanentityrepresentative/types/v3">
   <soapenv:Header/>
   <soapenv:Body>
      <v1:findRepresentativeRolesByINSSRequest>
         <v1:messageContext>
         	  <v11:messageId>${=import static java.util.UUID.randomUUID; uuid = randomUUID() as String}</v11:messageId>
            <v11:timestamp>${=new java.text.SimpleDateFormat("yyyy-MM-dd'T'HH:mm:ss.SSS").format(new Date())}</v11:timestamp>
         </v1:messageContext>
         <v1:legalContext>ServiceIntegrator</v1:legalContext>
         <v1:request>
            <v1:Domain>ECONOMY</v1:Domain>
            <v1:INSS>86051933959</v1:INSS>
            <v1:Language>nl</v1:Language>
         </v1:request>
      </v1:findRepresentativeRolesByINSSRequest>
   </soapenv:Body>
</soapenv:Envelope>]]></con:request><con:credentials><con:selectedAuthProfile>Basic</con:selectedAuthProfile><con:addedBasicAuthenticationTypes>Basic</con:addedBasicAuthenticationTypes><con:authType>Global HTTP Settings</con:authType></con:credentials><con:jmsConfig JMSDeliveryMode="PERSISTENT"/><con:jmsPropertyConfig/><con:wsaConfig mustUnderstand="NONE" version="200508" action="http://fidus.brussels/services/accessmanagerservice/findRepresentativeRolesByINSS"/><con:wsrmConfig version="1.2"/></con:call><con:call id="3b983f17-f4b6-4567-8bef-e26f0faf4a8e" name="3 - Test - Worker1 - Request" outgoingWss="Outflow TEST" incomingWss="Inflow TEST"><con:settings><con:setting id="com.eviware.soapui.impl.wsdl.WsdlRequest@request-headers">&lt;xml-fragment/></con:setting></con:settings><con:encoding>UTF-8</con:encoding><con:endpoint>https://192.168.22.53:8443/services/AccessManagerService_v1.0</con:endpoint><con:request><![CDATA[<soapenv:Envelope xmlns:soapenv="http://schemas.xmlsoap.org/soap/envelope/" xmlns:v1="http://fidus.brussels/service/accessmanagerservice/messages/v1" xmlns:v11="http://fidus.brussels/type/common/messages/v1" xmlns:v3="http://socialsecurity.be/umanentityrepresentative/types/v3">
   <soapenv:Header/>
   <soapenv:Body>
      <v1:findRepresentativeRolesByINSSRequest>
         <v1:messageContext>
         	  <v11:messageId>${=import static java.util.UUID.randomUUID; uuid = randomUUID() as String}</v11:messageId>
            <v11:timestamp>${=new java.text.SimpleDateFormat("yyyy-MM-dd'T'HH:mm:ss.SSS").format(new Date())}</v11:timestamp>
         </v1:messageContext>
         <v1:legalContext>ServiceIntegrator</v1:legalContext>
         <v1:request>
            <v1:Domain>QUAL_FED_HEALTHCARE</v1:Domain>
            <v1:INSS>86051933959</v1:INSS>
            <v1:Language>nl</v1:Language>
         </v1:request>
      </v1:findRepresentativeRolesByINSSRequest>
   </soapenv:Body>
</soapenv:Envelope>]]></con:request><con:credentials><con:selectedAuthProfile>Basic</con:selectedAuthProfile><con:addedBasicAuthenticationTypes>Basic</con:addedBasicAuthenticationTypes><con:authType>Global HTTP Settings</con:authType></con:credentials><con:jmsConfig JMSDeliveryMode="PERSISTENT"/><con:jmsPropertyConfig/><con:wsaConfig mustUnderstand="NONE" version="200508" action="http://fidus.brussels/services/accessmanagerservice/findRepresentativeRolesByINSS"/><con:wsrmConfig version="1.2"/></con:call><con:call id="cbe64a74-3187-478f-ba75-509c980e2030" name="3 - Test - Worker2 - Request" incomingWss="Inflow TEST" outgoingWss="Outflow TEST"><con:settings><con:setting id="com.eviware.soapui.impl.wsdl.WsdlRequest@request-headers">&lt;xml-fragment/></con:setting></con:settings><con:encoding>UTF-8</con:encoding><con:endpoint>https://192.168.22.54:8443/services/AccessManagerService_v1.0</con:endpoint><con:request><![CDATA[<soapenv:Envelope xmlns:soapenv="http://schemas.xmlsoap.org/soap/envelope/" xmlns:v1="http://fidus.brussels/service/accessmanagerservice/messages/v1" xmlns:v11="http://fidus.brussels/type/common/messages/v1" xmlns:v3="http://socialsecurity.be/umanentityrepresentative/types/v3">
   <soapenv:Header/>
   <soapenv:Body>
      <v1:findRepresentativeRolesByINSSRequest>
         <v1:messageContext>
         	  <v11:messageId>${=import static java.util.UUID.randomUUID; uuid = randomUUID() as String}</v11:messageId>
            <v11:timestamp>${=new java.text.SimpleDateFormat("yyyy-MM-dd'T'HH:mm:ss.SSS").format(new Date())}</v11:timestamp>
         </v1:messageContext>
         <v1:legalContext>ServiceIntegrator</v1:legalContext>
         <v1:request>
            <v1:Domain>QUAL_FED_HEALTHCARE</v1:Domain>
            <v1:INSS>86051933959</v1:INSS>
            <v1:Language>nl</v1:Language>
         </v1:request>
      </v1:findRepresentativeRolesByINSSRequest>
   </soapenv:Body>
</soapenv:Envelope>]]></con:request><con:credentials><con:selectedAuthProfile>Basic</con:selectedAuthProfile><con:addedBasicAuthenticationTypes>Basic</con:addedBasicAuthenticationTypes><con:authType>Global HTTP Settings</con:authType></con:credentials><con:jmsConfig JMSDeliveryMode="PERSISTENT"/><con:jmsPropertyConfig/><con:wsaConfig mustUnderstand="NONE" version="200508" action="http://fidus.brussels/services/accessmanagerservice/findRepresentativeRolesByINSS"/><con:wsrmConfig version="1.2"/></con:call><con:call id="35701cb0-2858-49ec-9dc7-09e9d2373d77" name="4 - Staging - Worker1 - Request" incomingWss="Inflow STAGING" outgoingWss="Outflow STAGING"><con:settings><con:setting id="com.eviware.soapui.impl.wsdl.WsdlRequest@request-headers">&lt;xml-fragment/></con:setting></con:settings><con:encoding>UTF-8</con:encoding><con:endpoint>https://192.168.24.16:8443/services/AccessManagerService_v1.0</con:endpoint><con:request><![CDATA[<soapenv:Envelope xmlns:soapenv="http://schemas.xmlsoap.org/soap/envelope/" xmlns:v1="http://fidus.brussels/service/accessmanagerservice/messages/v1" xmlns:v11="http://fidus.brussels/type/common/messages/v1" xmlns:v3="http://socialsecurity.be/umanentityrepresentative/types/v3">
   <soapenv:Header/>
   <soapenv:Body>
      <v1:findRepresentativeRolesByINSSRequest>
         <v1:messageContext>
         	  <v11:messageId>${=import static java.util.UUID.randomUUID; uuid = randomUUID() as String}</v11:messageId>
            <v11:timestamp>${=new java.text.SimpleDateFormat("yyyy-MM-dd'T'HH:mm:ss.SSS").format(new Date())}</v11:timestamp>
         </v1:messageContext>
         <v1:legalContext>ServiceIntegrator</v1:legalContext>
         <v1:request>
            <v1:Domain>QUAL_FED_HEALTHCARE</v1:Domain>
            <v1:INSS>86051933959</v1:INSS>
            <v1:Language>nl</v1:Language>
         </v1:request>
      </v1:findRepresentativeRolesByINSSRequest>
   </soapenv:Body>
</soapenv:Envelope>]]></con:request><con:credentials><con:selectedAuthProfile>Basic</con:selectedAuthProfile><con:addedBasicAuthenticationTypes>Basic</con:addedBasicAuthenticationTypes><con:authType>Global HTTP Settings</con:authType></con:credentials><con:jmsConfig JMSDeliveryMode="PERSISTENT"/><con:jmsPropertyConfig/><con:wsaConfig mustUnderstand="NONE" version="200508" action="http://fidus.brussels/services/accessmanagerservice/findRepresentativeRolesByINSS"/><con:wsrmConfig version="1.2"/></con:call><con:call id="39fb52d6-bec7-435d-a426-66383177f5d7" name="4 - Staging - Worker2 - Request" incomingWss="Inflow STAGING" outgoingWss="Outflow STAGING"><con:settings><con:setting id="com.eviware.soapui.impl.wsdl.WsdlRequest@request-headers">&lt;xml-fragment/></con:setting></con:settings><con:encoding>UTF-8</con:encoding><con:endpoint>https://192.168.24.17:8443/services/AccessManagerService_v1.0</con:endpoint><con:request><![CDATA[<soapenv:Envelope xmlns:soapenv="http://schemas.xmlsoap.org/soap/envelope/" xmlns:v1="http://fidus.brussels/service/accessmanagerservice/messages/v1" xmlns:v11="http://fidus.brussels/type/common/messages/v1" xmlns:v3="http://socialsecurity.be/umanentityrepresentative/types/v3">
   <soapenv:Header/>
   <soapenv:Body>
      <v1:findRepresentativeRolesByINSSRequest>
         <v1:messageContext>
         	  <v11:messageId>${=import static java.util.UUID.randomUUID; uuid = randomUUID() as String}</v11:messageId>
            <v11:timestamp>${=new java.text.SimpleDateFormat("yyyy-MM-dd'T'HH:mm:ss.SSS").format(new Date())}</v11:timestamp>
         </v1:messageContext>
         <v1:legalContext>ServiceIntegrator</v1:legalContext>
         <v1:request>
            <v1:Domain>QUAL_FED_HEALTHCARE</v1:Domain>
            <v1:INSS>86051933959</v1:INSS>
            <v1:Language>nl</v1:Language>
         </v1:request>
      </v1:findRepresentativeRolesByINSSRequest>
   </soapenv:Body>
</soapenv:Envelope>]]></con:request><con:credentials><con:selectedAuthProfile>Basic</con:selectedAuthProfile><con:addedBasicAuthenticationTypes>Basic</con:addedBasicAuthenticationTypes><con:authType>Global HTTP Settings</con:authType></con:credentials><con:jmsConfig JMSDeliveryMode="PERSISTENT"/><con:jmsPropertyConfig/><con:wsaConfig mustUnderstand="NONE" version="200508" action="http://fidus.brussels/services/accessmanagerservice/findRepresentativeRolesByINSS"/><con:wsrmConfig version="1.2"/></con:call><con:call id="ce74bc7a-cdf6-40cc-97b0-d3647c8acf0c" name="5 - Prod - LB - Request" incomingWss="Inflow PROD" outgoingWss="Outflow PROD"><con:settings><con:setting id="com.eviware.soapui.impl.wsdl.WsdlRequest@request-headers">&lt;xml-fragment/></con:setting></con:settings><con:encoding>UTF-8</con:encoding><con:endpoint>https://fidus-esb-sg.prd.srv.cirb.lan:8443/services/AccessManagerService_v1.0</con:endpoint><con:request><![CDATA[<soapenv:Envelope xmlns:soapenv="http://schemas.xmlsoap.org/soap/envelope/" xmlns:v1="http://fidus.brussels/service/accessmanagerservice/messages/v1" xmlns:v11="http://fidus.brussels/type/common/messages/v1" xmlns:v3="http://socialsecurity.be/umanentityrepresentative/types/v3">
   <soapenv:Header/>
   <soapenv:Body>
      <v1:findRepresentativeRolesByINSSRequest>
         <v1:messageContext>
         	  <v11:messageId>${=import static java.util.UUID.randomUUID; uuid = randomUUID() as String}</v11:messageId>
            <v11:timestamp>${=new java.text.SimpleDateFormat("yyyy-MM-dd'T'HH:mm:ss.SSS").format(new Date())}</v11:timestamp>
         </v1:messageContext>
         <v1:legalContext>ServiceIntegrator</v1:legalContext>
         <v1:request>
            <v1:Domain>QUAL_FED_HEALTHCARE</v1:Domain>
            <v1:INSS>86051933959</v1:INSS>
            <v1:Language>nl</v1:Language>
         </v1:request>
      </v1:findRepresentativeRolesByINSSRequest>
   </soapenv:Body>
</soapenv:Envelope>]]></con:request><con:credentials><con:selectedAuthProfile>Basic</con:selectedAuthProfile><con:addedBasicAuthenticationTypes>Basic</con:addedBasicAuthenticationTypes><con:authType>Global HTTP Settings</con:authType></con:credentials><con:jmsConfig JMSDeliveryMode="PERSISTENT"/><con:jmsPropertyConfig/><con:wsaConfig mustUnderstand="NONE" version="200508" action="http://fidus.brussels/services/accessmanagerservice/findRepresentativeRolesByINSS"/><con:wsrmConfig version="1.2"/></con:call><con:call id="c800e217-ef46-4e99-b9a8-b08a82e0550a" name="5 - Prod - Worker1 - Request" incomingWss="Inflow PROD" outgoingWss="Outflow PROD"><con:settings><con:setting id="com.eviware.soapui.impl.wsdl.WsdlRequest@request-headers">&lt;xml-fragment/></con:setting></con:settings><con:encoding>UTF-8</con:encoding><con:endpoint>https://192.168.26.22:8443/services/AccessManagerService_v1.0</con:endpoint><con:request><![CDATA[<soapenv:Envelope xmlns:soapenv="http://schemas.xmlsoap.org/soap/envelope/" xmlns:v1="http://fidus.brussels/service/accessmanagerservice/messages/v1" xmlns:v11="http://fidus.brussels/type/common/messages/v1" xmlns:v3="http://socialsecurity.be/umanentityrepresentative/types/v3">
   <soapenv:Header/>
   <soapenv:Body>
      <v1:findRepresentativeRolesByINSSRequest>
         <v1:messageContext>
         	  <v11:messageId>${=import static java.util.UUID.randomUUID; uuid = randomUUID() as String}</v11:messageId>
            <v11:timestamp>${=new java.text.SimpleDateFormat("yyyy-MM-dd'T'HH:mm:ss.SSS").format(new Date())}</v11:timestamp>
         </v1:messageContext>
         <v1:legalContext>ServiceIntegrator</v1:legalContext>
         <v1:request>
            <v1:Domain>QUAL_FED_HEALTHCARE</v1:Domain>
            <v1:INSS>86051933959</v1:INSS>
            <v1:Language>nl</v1:Language>
         </v1:request>
      </v1:findRepresentativeRolesByINSSRequest>
   </soapenv:Body>
</soapenv:Envelope>]]></con:request><con:credentials><con:selectedAuthProfile>Basic</con:selectedAuthProfile><con:addedBasicAuthenticationTypes>Basic</con:addedBasicAuthenticationTypes><con:authType>Global HTTP Settings</con:authType></con:credentials><con:jmsConfig JMSDeliveryMode="PERSISTENT"/><con:jmsPropertyConfig/><con:wsaConfig mustUnderstand="NONE" version="200508" action="http://fidus.brussels/services/accessmanagerservice/findRepresentativeRolesByINSS"/><con:wsrmConfig version="1.2"/></con:call><con:call id="2965a5fb-6bf7-4e9e-bd07-25fc6b201db3" name="5 - Prod - Worker2 - Request" incomingWss="Inflow PROD" outgoingWss="Outflow PROD"><con:settings><con:setting id="com.eviware.soapui.impl.wsdl.WsdlRequest@request-headers">&lt;xml-fragment/></con:setting></con:settings><con:encoding>UTF-8</con:encoding><con:endpoint>https://192.168.26.19:8443/services/AccessManagerService_v1.0</con:endpoint><con:request><![CDATA[<soapenv:Envelope xmlns:soapenv="http://schemas.xmlsoap.org/soap/envelope/" xmlns:v1="http://fidus.brussels/service/accessmanagerservice/messages/v1" xmlns:v11="http://fidus.brussels/type/common/messages/v1" xmlns:v3="http://socialsecurity.be/umanentityrepresentative/types/v3">
   <soapenv:Header/>
   <soapenv:Body>
      <v1:findRepresentativeRolesByINSSRequest>
         <v1:messageContext>
         	  <v11:messageId>${=import static java.util.UUID.randomUUID; uuid = randomUUID() as String}</v11:messageId>
            <v11:timestamp>${=new java.text.SimpleDateFormat("yyyy-MM-dd'T'HH:mm:ss.SSS").format(new Date())}</v11:timestamp>
         </v1:messageContext>
         <v1:legalContext>ServiceIntegrator</v1:legalContext>
         <v1:request>
            <v1:Domain>QUAL_FED_HEALTHCARE</v1:Domain>
            <v1:INSS>86051933959</v1:INSS>
            <v1:Language>nl</v1:Language>
         </v1:request>
      </v1:findRepresentativeRolesByINSSRequest>
   </soapenv:Body>
</soapenv:Envelope>]]></con:request><con:credentials><con:selectedAuthProfile>Basic</con:selectedAuthProfile><con:addedBasicAuthenticationTypes>Basic</con:addedBasicAuthenticationTypes><con:authType>Global HTTP Settings</con:authType></con:credentials><con:jmsConfig JMSDeliveryMode="PERSISTENT"/><con:jmsPropertyConfig/><con:wsaConfig mustUnderstand="NONE" version="200508" action="http://fidus.brussels/services/accessmanagerservice/findRepresentativeRolesByINSS"/><con:wsrmConfig version="1.2"/></con:call><con:call id="0739bda9-614c-459a-ac26-384b83515e11" name="3 - Test - Worker1New - Request" outgoingWss="Outflow TEST" incomingWss="Inflow TEST"><con:settings><con:setting id="com.eviware.soapui.impl.wsdl.WsdlRequest@request-headers">&lt;xml-fragment/></con:setting></con:settings><con:encoding>UTF-8</con:encoding><con:endpoint>https://192.168.22.73:8443/services/AccessManagerService_v1.0</con:endpoint><con:request><![CDATA[<soapenv:Envelope xmlns:soapenv="http://schemas.xmlsoap.org/soap/envelope/" xmlns:v1="http://fidus.brussels/service/accessmanagerservice/messages/v1" xmlns:v11="http://fidus.brussels/type/common/messages/v1" xmlns:v3="http://socialsecurity.be/umanentityrepresentative/types/v3">
   <soapenv:Header/>
   <soapenv:Body>
      <v1:findRepresentativeRolesByINSSRequest>
         <v1:messageContext>
         	  <v11:messageId>${=import static java.util.UUID.randomUUID; uuid = randomUUID() as String}</v11:messageId>
            <v11:timestamp>${=new java.text.SimpleDateFormat("yyyy-MM-dd'T'HH:mm:ss.SSS").format(new Date())}</v11:timestamp>
         </v1:messageContext>
         <v1:legalContext>ServiceIntegrator</v1:legalContext>
         <v1:request>
            <v1:Domain>QUAL_FED_HEALTHCARE</v1:Domain>
            <v1:INSS>86051933959</v1:INSS>
            <v1:Language>nl</v1:Language>
         </v1:request>
      </v1:findRepresentativeRolesByINSSRequest>
   </soapenv:Body>
</soapenv:Envelope>]]></con:request><con:credentials><con:selectedAuthProfile>Basic</con:selectedAuthProfile><con:addedBasicAuthenticationTypes>Basic</con:addedBasicAuthenticationTypes><con:authType>Global HTTP Settings</con:authType></con:credentials><con:jmsConfig JMSDeliveryMode="PERSISTENT"/><con:jmsPropertyConfig/><con:wsaConfig mustUnderstand="NONE" version="200508" action="http://fidus.brussels/services/accessmanagerservice/findRepresentativeRolesByINSS"/><con:wsrmConfig version="1.2"/></con:call><con:call id="fb79d755-fb23-4db8-9d5c-109fd81f9975" name="3 - Test - Worker2New - Request" outgoingWss="Outflow TEST" incomingWss="Inflow TEST"><con:settings><con:setting id="com.eviware.soapui.impl.wsdl.WsdlRequest@request-headers">&lt;xml-fragment/></con:setting></con:settings><con:encoding>UTF-8</con:encoding><con:endpoint>https://192.168.22.93:8443/services/AccessManagerService_v1.0</con:endpoint><con:request><![CDATA[<soapenv:Envelope xmlns:soapenv="http://schemas.xmlsoap.org/soap/envelope/" xmlns:v1="http://fidus.brussels/service/accessmanagerservice/messages/v1" xmlns:v11="http://fidus.brussels/type/common/messages/v1" xmlns:v3="http://socialsecurity.be/umanentityrepresentative/types/v3">
   <soapenv:Header/>
   <soapenv:Body>
      <v1:findRepresentativeRolesByINSSRequest>
         <v1:messageContext>
         	  <v11:messageId>${=import static java.util.UUID.randomUUID; uuid = randomUUID() as String}</v11:messageId>
            <v11:timestamp>${=new java.text.SimpleDateFormat("yyyy-MM-dd'T'HH:mm:ss.SSS").format(new Date())}</v11:timestamp>
         </v1:messageContext>
         <v1:legalContext>ServiceIntegrator</v1:legalContext>
         <v1:request>
            <v1:Domain>QUAL_FED_HEALTHCARE</v1:Domain>
            <v1:INSS>86051933959</v1:INSS>
            <v1:Language>nl</v1:Language>
         </v1:request>
      </v1:findRepresentativeRolesByINSSRequest>
   </soapenv:Body>
</soapenv:Envelope>]]></con:request><con:credentials><con:selectedAuthProfile>Basic</con:selectedAuthProfile><con:addedBasicAuthenticationTypes>Basic</con:addedBasicAuthenticationTypes><con:authType>Global HTTP Settings</con:authType></con:credentials><con:jmsConfig JMSDeliveryMode="PERSISTENT"/><con:jmsPropertyConfig/><con:wsaConfig mustUnderstand="NONE" version="200508" action="http://fidus.brussels/services/accessmanagerservice/findRepresentativeRolesByINSS"/><con:wsrmConfig version="1.2"/></con:call><con:call id="eaf3c3a8-f884-4a21-9610-bcaf844374c1" name="4 - Staging - Worker1New - Request" outgoingWss="Outflow STAGING" incomingWss="Inflow STAGING"><con:settings><con:setting id="com.eviware.soapui.impl.wsdl.WsdlRequest@request-headers">&lt;xml-fragment/></con:setting></con:settings><con:encoding>UTF-8</con:encoding><con:endpoint>https://192.168.23.191:8443/services/AccessManagerService_v1.0</con:endpoint><con:request><![CDATA[<soapenv:Envelope xmlns:soapenv="http://schemas.xmlsoap.org/soap/envelope/" xmlns:v1="http://fidus.brussels/service/accessmanagerservice/messages/v1" xmlns:v11="http://fidus.brussels/type/common/messages/v1" xmlns:v3="http://socialsecurity.be/umanentityrepresentative/types/v3">
   <soapenv:Header/>
   <soapenv:Body>
      <v1:findRepresentativeRolesByINSSRequest>
         <v1:messageContext>
         	  <v11:messageId>${=import static java.util.UUID.randomUUID; uuid = randomUUID() as String}</v11:messageId>
            <v11:timestamp>${=new java.text.SimpleDateFormat("yyyy-MM-dd'T'HH:mm:ss.SSS").format(new Date())}</v11:timestamp>
         </v1:messageContext>
         <v1:legalContext>ServiceIntegrator</v1:legalContext>
         <v1:request>
            <v1:Domain>QUAL_FED_HEALTHCARE</v1:Domain>
            <v1:INSS>86051933959</v1:INSS>
            <v1:Language>nl</v1:Language>
         </v1:request>
      </v1:findRepresentativeRolesByINSSRequest>
   </soapenv:Body>
</soapenv:Envelope>]]></con:request><con:credentials><con:selectedAuthProfile>Basic</con:selectedAuthProfile><con:addedBasicAuthenticationTypes>Basic</con:addedBasicAuthenticationTypes><con:authType>Global HTTP Settings</con:authType></con:credentials><con:jmsConfig JMSDeliveryMode="PERSISTENT"/><con:jmsPropertyConfig/><con:wsaConfig mustUnderstand="NONE" version="200508" action="http://fidus.brussels/services/accessmanagerservice/findRepresentativeRolesByINSS"/><con:wsrmConfig version="1.2"/></con:call><con:call id="cec5cce0-b0d7-4d3e-ae61-4fd4da60abe2" name="4 - Staging - Worker2New - Request" outgoingWss="Outflow STAGING" incomingWss="Inflow STAGING"><con:settings><con:setting id="com.eviware.soapui.impl.wsdl.WsdlRequest@request-headers">&lt;xml-fragment/></con:setting></con:settings><con:encoding>UTF-8</con:encoding><con:endpoint>https://192.168.23.198:8443/services/AccessManagerService_v1.0</con:endpoint><con:request><![CDATA[<soapenv:Envelope xmlns:soapenv="http://schemas.xmlsoap.org/soap/envelope/" xmlns:v1="http://fidus.brussels/service/accessmanagerservice/messages/v1" xmlns:v11="http://fidus.brussels/type/common/messages/v1" xmlns:v3="http://socialsecurity.be/umanentityrepresentative/types/v3">
   <soapenv:Header/>
   <soapenv:Body>
      <v1:findRepresentativeRolesByINSSRequest>
         <v1:messageContext>
         	  <v11:messageId>${=import static java.util.UUID.randomUUID; uuid = randomUUID() as String}</v11:messageId>
            <v11:timestamp>${=new java.text.SimpleDateFormat("yyyy-MM-dd'T'HH:mm:ss.SSS").format(new Date())}</v11:timestamp>
         </v1:messageContext>
         <v1:legalContext>ServiceIntegrator</v1:legalContext>
         <v1:request>
            <v1:Domain>QUAL_FED_HEALTHCARE</v1:Domain>
            <v1:INSS>86051933959</v1:INSS>
            <v1:Language>nl</v1:Language>
         </v1:request>
      </v1:findRepresentativeRolesByINSSRequest>
   </soapenv:Body>
</soapenv:Envelope>]]></con:request><con:credentials><con:selectedAuthProfile>Basic</con:selectedAuthProfile><con:addedBasicAuthenticationTypes>Basic</con:addedBasicAuthenticationTypes><con:authType>Global HTTP Settings</con:authType></con:credentials><con:jmsConfig JMSDeliveryMode="PERSISTENT"/><con:jmsPropertyConfig/><con:wsaConfig mustUnderstand="NONE" version="200508" action="http://fidus.brussels/services/accessmanagerservice/findRepresentativeRolesByINSS"/><con:wsrmConfig version="1.2"/></con:call></con:operation><con:operation id="afcad64e-a1e0-482a-969f-892b627e7b0c" isOneWay="false" action="http://fidus.brussels/services/accessmanagerservice/getDomain" name="getDomain" bindingOperationName="getDomain" type="Request-Response" inputName="" receivesAttachments="false" sendsAttachments="false" anonymous="optional"><con:settings/><con:call id="0f12defc-3948-46ab-a16f-44f66b4a715c" name="1 - Local - Request - OK" outgoingWss="Outflow DEV" incomingWss="Inflow DEV"><con:settings><con:setting id="com.eviware.soapui.impl.wsdl.WsdlRequest@request-headers">&lt;xml-fragment/></con:setting></con:settings><con:encoding>UTF-8</con:encoding><con:endpoint>https://localhost:8243/services/AccessManagerService_v1.0</con:endpoint><con:request><![CDATA[<soapenv:Envelope xmlns:soapenv="http://schemas.xmlsoap.org/soap/envelope/" xmlns:v1="http://fidus.brussels/service/accessmanagerservice/messages/v1" xmlns:v11="http://fidus.brussels/type/common/messages/v1" >
   <soapenv:Header/>
   <soapenv:Body>
      <v1:getDomainRequest>
         <v1:messageContext>
         	  <v11:messageId>${=import static java.util.UUID.randomUUID; uuid = randomUUID() as String}</v11:messageId>
            <v11:timestamp>${=new java.text.SimpleDateFormat("yyyy-MM-dd'T'HH:mm:ss.SSS").format(new Date())}</v11:timestamp>
         </v1:messageContext>
         <v1:legalContext>ServiceIntegrator</v1:legalContext>
         <v1:request>
         	  <v1:Domain>FINANCE</v1:Domain>
            <v1:Language>fr</v1:Language>
         </v1:request>
      </v1:getDomainRequest>
   </soapenv:Body>
</soapenv:Envelope>]]></con:request><con:credentials><con:selectedAuthProfile>Basic</con:selectedAuthProfile><con:addedBasicAuthenticationTypes>Basic</con:addedBasicAuthenticationTypes><con:authType>Global HTTP Settings</con:authType></con:credentials><con:jmsConfig JMSDeliveryMode="PERSISTENT"/><con:jmsPropertyConfig/><con:wsaConfig mustUnderstand="NONE" version="200508" action="http://fidus.brussels/services/accessmanagerservice/getDomain"/><con:wsrmConfig version="1.2"/></con:call><con:call id="162a7cfc-6c78-4326-bf6e-2d5603ead13f" name="3 - Test - LB - Request"><con:settings><con:setting id="com.eviware.soapui.impl.wsdl.WsdlRequest@request-headers">&lt;xml-fragment/></con:setting></con:settings><con:encoding>UTF-8</con:encoding><con:endpoint>https://esb-security-gw.sta.srv.cirb.lan:8443/services/AccessManagerService_v1.0</con:endpoint><con:request><![CDATA[<soapenv:Envelope xmlns:soapenv="http://schemas.xmlsoap.org/soap/envelope/" xmlns:v1="http://fidus.brussels/service/accessmanagerservice/messages/v1" xmlns:v11="http://fidus.brussels/type/common/messages/v1" >
   <soapenv:Header/>
   <soapenv:Body>
      <v1:getDomainRequest>
         <v1:messageContext>
         	  <v11:messageId>${=import static java.util.UUID.randomUUID; uuid = randomUUID() as String}</v11:messageId>
            <v11:timestamp>${=new java.text.SimpleDateFormat("yyyy-MM-dd'T'HH:mm:ss.SSS").format(new Date())}</v11:timestamp>
         </v1:messageContext>
         <v1:legalContext>ServiceIntegrator</v1:legalContext>
         <v1:request>
         	  <v1:Domain>FINANCE</v1:Domain>
            <v1:Language>fr</v1:Language>
         </v1:request>
      </v1:getDomainRequest>
   </soapenv:Body>
</soapenv:Envelope>]]></con:request><con:credentials><con:authType>No Authorization</con:authType></con:credentials><con:jmsConfig JMSDeliveryMode="PERSISTENT"/><con:jmsPropertyConfig/><con:wsaConfig mustUnderstand="NONE" version="200508" action="http://fidus.brussels/services/accessmanagerservice/getDomain"/><con:wsrmConfig version="1.2"/></con:call><con:call id="dceea48e-a87f-4e17-9363-a428664cf44e" name="4 - Staging - LB - Request" incomingWss="Inflow STAGING" outgoingWss="Outflow STAGING"><con:settings><con:setting id="com.eviware.soapui.impl.wsdl.WsdlRequest@request-headers">&lt;xml-fragment/></con:setting></con:settings><con:encoding>UTF-8</con:encoding><con:endpoint>https://fidus-esb-sg.sta.srv.cirb.lan:8443/services/AccessManagerService_v1.0</con:endpoint><con:request><![CDATA[<soapenv:Envelope xmlns:soapenv="http://schemas.xmlsoap.org/soap/envelope/" xmlns:v1="http://fidus.brussels/service/accessmanagerservice/messages/v1" xmlns:v11="http://fidus.brussels/type/common/messages/v1" >
   <soapenv:Header/>
   <soapenv:Body>
      <v1:getDomainRequest>
         <v1:messageContext>
         	  <v11:messageId>${=import static java.util.UUID.randomUUID; uuid = randomUUID() as String}</v11:messageId>
            <v11:timestamp>${=new java.text.SimpleDateFormat("yyyy-MM-dd'T'HH:mm:ss.SSS").format(new Date())}</v11:timestamp>
         </v1:messageContext>
         <v1:legalContext>ServiceIntegrator</v1:legalContext>
         <v1:request>
         	  <v1:Domain>FINANCE</v1:Domain>
            <v1:Language>fr</v1:Language>
         </v1:request>
      </v1:getDomainRequest>
   </soapenv:Body>
</soapenv:Envelope>]]></con:request><con:credentials><con:selectedAuthProfile>Basic</con:selectedAuthProfile><con:addedBasicAuthenticationTypes>Basic</con:addedBasicAuthenticationTypes><con:authType>Global HTTP Settings</con:authType></con:credentials><con:jmsConfig JMSDeliveryMode="PERSISTENT"/><con:jmsPropertyConfig/><con:wsaConfig mustUnderstand="NONE" version="200508" action="http://fidus.brussels/services/accessmanagerservice/getDomain"/><con:wsrmConfig version="1.2"/></con:call><con:call id="001cf2dc-2ec2-4409-a5db-4ef90200d5d6" name="2 - Dev - Request - OK" outgoingWss="Outflow DEV" incomingWss="Inflow DEV"><con:settings><con:setting id="com.eviware.soapui.impl.wsdl.WsdlRequest@request-headers">&lt;xml-fragment/></con:setting></con:settings><con:encoding>UTF-8</con:encoding><con:endpoint>https://192.168.36.61:8243/services/AccessManagerService_v1.0</con:endpoint><con:request><![CDATA[<soapenv:Envelope xmlns:soapenv="http://schemas.xmlsoap.org/soap/envelope/" xmlns:v1="http://fidus.brussels/service/accessmanagerservice/messages/v1" xmlns:v11="http://fidus.brussels/type/common/messages/v1" >
   <soapenv:Header/>
   <soapenv:Body>
      <v1:getDomainRequest>
         <v1:messageContext>
         	  <v11:messageId>${=import static java.util.UUID.randomUUID; uuid = randomUUID() as String}</v11:messageId>
            <v11:timestamp>${=new java.text.SimpleDateFormat("yyyy-MM-dd'T'HH:mm:ss.SSS").format(new Date())}</v11:timestamp>
         </v1:messageContext>
         <v1:legalContext>ServiceIntegrator</v1:legalContext>
         <v1:request>
         	  <v1:Domain>FINANCE</v1:Domain>
            <v1:Language>fr</v1:Language>
         </v1:request>
      </v1:getDomainRequest>
   </soapenv:Body>
</soapenv:Envelope>]]></con:request><con:credentials><con:selectedAuthProfile>Basic</con:selectedAuthProfile><con:addedBasicAuthenticationTypes>Basic</con:addedBasicAuthenticationTypes><con:authType>Global HTTP Settings</con:authType></con:credentials><con:jmsConfig JMSDeliveryMode="PERSISTENT"/><con:jmsPropertyConfig/><con:wsaConfig mustUnderstand="NONE" version="200508" action="http://fidus.brussels/services/accessmanagerservice/getDomain"/><con:wsrmConfig version="1.2"/></con:call><con:call id="fd82976b-792d-4ca5-a0aa-3b38caa69e8e" name="5 - Prod - External - Request" incomingWss="Inflow PROD" outgoingWss="Outflow PROD"><con:settings><con:setting id="com.eviware.soapui.impl.wsdl.WsdlRequest@request-headers">&lt;xml-fragment/></con:setting></con:settings><con:encoding>UTF-8</con:encoding><con:endpoint>https://fidus.sec.brussels/services/AccessManagerService_v1.0</con:endpoint><con:request><![CDATA[<soapenv:Envelope xmlns:soapenv="http://schemas.xmlsoap.org/soap/envelope/" xmlns:v1="http://fidus.brussels/service/accessmanagerservice/messages/v1" xmlns:v11="http://fidus.brussels/type/common/messages/v1" >
   <soapenv:Header/>
   <soapenv:Body>
      <v1:getDomainRequest>
         <v1:messageContext>
         	  <v11:messageId>${=import static java.util.UUID.randomUUID; uuid = randomUUID() as String}</v11:messageId>
            <v11:timestamp>${=new java.text.SimpleDateFormat("yyyy-MM-dd'T'HH:mm:ss.SSS").format(new Date())}</v11:timestamp>
         </v1:messageContext>
         <v1:legalContext>ServiceIntegrator</v1:legalContext>
         <v1:request>
         	  <v1:Domain>FINANCE</v1:Domain>
            <v1:Language>fr</v1:Language>
         </v1:request>
      </v1:getDomainRequest>
   </soapenv:Body>
</soapenv:Envelope>]]></con:request><con:credentials><con:selectedAuthProfile>Basic</con:selectedAuthProfile><con:addedBasicAuthenticationTypes>Basic</con:addedBasicAuthenticationTypes><con:authType>Global HTTP Settings</con:authType></con:credentials><con:jmsConfig JMSDeliveryMode="PERSISTENT"/><con:jmsPropertyConfig/><con:wsaConfig mustUnderstand="NONE" version="200508" action="http://fidus.brussels/services/accessmanagerservice/getDomain"/><con:wsrmConfig version="1.2"/></con:call><con:call id="ab1a65e5-cfb5-45fd-bfe7-2973f0b1b54a" name="1 - Local - Request - Not Found" incomingWss="Inflow DEV" outgoingWss="Outflow DEV"><con:settings><con:setting id="com.eviware.soapui.impl.wsdl.WsdlRequest@request-headers">&lt;xml-fragment/></con:setting></con:settings><con:encoding>UTF-8</con:encoding><con:endpoint>https://localhost:8243/services/AccessManagerService_v1.0</con:endpoint><con:request><![CDATA[<soapenv:Envelope xmlns:soapenv="http://schemas.xmlsoap.org/soap/envelope/" xmlns:v1="http://fidus.brussels/service/accessmanagerservice/messages/v1" xmlns:v11="http://fidus.brussels/type/common/messages/v1" >
   <soapenv:Header/>
   <soapenv:Body>
      <v1:getDomainRequest>
         <v1:messageContext>
         	  <v11:messageId>${=import static java.util.UUID.randomUUID; uuid = randomUUID() as String}</v11:messageId>
            <v11:timestamp>${=new java.text.SimpleDateFormat("yyyy-MM-dd'T'HH:mm:ss.SSS").format(new Date())}</v11:timestamp>
         </v1:messageContext>
         <v1:legalContext>ServiceIntegrator</v1:legalContext>
         <v1:request>
         	  <v1:Domain>ECOLOGY</v1:Domain>
            <v1:Language>fr</v1:Language>
         </v1:request>
      </v1:getDomainRequest>
   </soapenv:Body>
</soapenv:Envelope>]]></con:request><con:credentials><con:selectedAuthProfile>Basic</con:selectedAuthProfile><con:addedBasicAuthenticationTypes>Basic</con:addedBasicAuthenticationTypes><con:authType>Global HTTP Settings</con:authType></con:credentials><con:jmsConfig JMSDeliveryMode="PERSISTENT"/><con:jmsPropertyConfig/><con:wsaConfig mustUnderstand="NONE" version="200508" action="http://fidus.brussels/services/accessmanagerservice/getDomain"/><con:wsrmConfig version="1.2"/></con:call><con:call id="21579883-94a8-40eb-92c3-c51dc907e1c5" name="2 - Dev - Request - Not Found" incomingWss="Inflow DEV" outgoingWss="Outflow DEV"><con:settings><con:setting id="com.eviware.soapui.impl.wsdl.WsdlRequest@request-headers">&lt;xml-fragment/></con:setting></con:settings><con:encoding>UTF-8</con:encoding><con:endpoint>https://192.168.36.61:8243/services/AccessManagerService_v1.0</con:endpoint><con:request><![CDATA[<soapenv:Envelope xmlns:soapenv="http://schemas.xmlsoap.org/soap/envelope/" xmlns:v1="http://fidus.brussels/service/accessmanagerservice/messages/v1" xmlns:v11="http://fidus.brussels/type/common/messages/v1" >
   <soapenv:Header/>
   <soapenv:Body>
      <v1:getDomainRequest>
         <v1:messageContext>
         	  <v11:messageId>${=import static java.util.UUID.randomUUID; uuid = randomUUID() as String}</v11:messageId>
            <v11:timestamp>${=new java.text.SimpleDateFormat("yyyy-MM-dd'T'HH:mm:ss.SSS").format(new Date())}</v11:timestamp>
         </v1:messageContext>
         <v1:legalContext>ServiceIntegrator</v1:legalContext>
         <v1:request>
         	  <v1:Domain>ECOLOGY</v1:Domain>
            <v1:Language>fr</v1:Language>
         </v1:request>
      </v1:getDomainRequest>
   </soapenv:Body>
</soapenv:Envelope>]]></con:request><con:credentials><con:selectedAuthProfile>Basic</con:selectedAuthProfile><con:addedBasicAuthenticationTypes>Basic</con:addedBasicAuthenticationTypes><con:authType>Global HTTP Settings</con:authType></con:credentials><con:jmsConfig JMSDeliveryMode="PERSISTENT"/><con:jmsPropertyConfig/><con:wsaConfig mustUnderstand="NONE" version="200508" action="http://fidus.brussels/services/accessmanagerservice/getDomain"/><con:wsrmConfig version="1.2"/></con:call><con:call id="89f2e7a2-5b2c-42f0-b173-5923c915539a" name="3 - Test - Worker1 - Request" outgoingWss="Outflow TEST" incomingWss="Inflow TEST"><con:settings><con:setting id="com.eviware.soapui.impl.wsdl.WsdlRequest@request-headers">&lt;xml-fragment/></con:setting></con:settings><con:encoding>UTF-8</con:encoding><con:endpoint>https://192.168.22.53:8443/services/AccessManagerService_v1.0</con:endpoint><con:request><![CDATA[<soapenv:Envelope xmlns:soapenv="http://schemas.xmlsoap.org/soap/envelope/" xmlns:v1="http://fidus.brussels/service/accessmanagerservice/messages/v1" xmlns:v11="http://fidus.brussels/type/common/messages/v1" >
   <soapenv:Header/>
   <soapenv:Body>
      <v1:getDomainRequest>
         <v1:messageContext>
         	  <v11:messageId>${=import static java.util.UUID.randomUUID; uuid = randomUUID() as String}</v11:messageId>
            <v11:timestamp>${=new java.text.SimpleDateFormat("yyyy-MM-dd'T'HH:mm:ss.SSS").format(new Date())}</v11:timestamp>
         </v1:messageContext>
         <v1:legalContext>ServiceIntegrator</v1:legalContext>
         <v1:request>
         	  <v1:Domain>FINANCE</v1:Domain>
            <v1:Language>fr</v1:Language>
         </v1:request>
      </v1:getDomainRequest>
   </soapenv:Body>
</soapenv:Envelope>]]></con:request><con:credentials><con:selectedAuthProfile>Basic</con:selectedAuthProfile><con:addedBasicAuthenticationTypes>Basic</con:addedBasicAuthenticationTypes><con:authType>Global HTTP Settings</con:authType></con:credentials><con:jmsConfig JMSDeliveryMode="PERSISTENT"/><con:jmsPropertyConfig/><con:wsaConfig mustUnderstand="NONE" version="200508" action="http://fidus.brussels/services/accessmanagerservice/getDomain"/><con:wsrmConfig version="1.2"/></con:call><con:call id="7bd6e7e5-47a9-430b-91c1-0a22d40e70d4" name="3 - Test - Worker2 - Request" outgoingWss="Outflow TEST" incomingWss="Inflow TEST"><con:settings><con:setting id="com.eviware.soapui.impl.wsdl.WsdlRequest@request-headers">&lt;xml-fragment/></con:setting></con:settings><con:encoding>UTF-8</con:encoding><con:endpoint>https://192.168.22.54:8443/services/AccessManagerService_v1.0</con:endpoint><con:request><![CDATA[<soapenv:Envelope xmlns:soapenv="http://schemas.xmlsoap.org/soap/envelope/" xmlns:v1="http://fidus.brussels/service/accessmanagerservice/messages/v1" xmlns:v11="http://fidus.brussels/type/common/messages/v1" >
   <soapenv:Header/>
   <soapenv:Body>
      <v1:getDomainRequest>
         <v1:messageContext>
         	  <v11:messageId>${=import static java.util.UUID.randomUUID; uuid = randomUUID() as String}</v11:messageId>
            <v11:timestamp>${=new java.text.SimpleDateFormat("yyyy-MM-dd'T'HH:mm:ss.SSS").format(new Date())}</v11:timestamp>
         </v1:messageContext>
         <v1:legalContext>ServiceIntegrator</v1:legalContext>
         <v1:request>
         	  <v1:Domain>FINANCE</v1:Domain>
            <v1:Language>fr</v1:Language>
         </v1:request>
      </v1:getDomainRequest>
   </soapenv:Body>
</soapenv:Envelope>]]></con:request><con:credentials><con:selectedAuthProfile>Basic</con:selectedAuthProfile><con:addedBasicAuthenticationTypes>Basic</con:addedBasicAuthenticationTypes><con:authType>Global HTTP Settings</con:authType></con:credentials><con:jmsConfig JMSDeliveryMode="PERSISTENT"/><con:jmsPropertyConfig/><con:wsaConfig mustUnderstand="NONE" version="200508" action="http://fidus.brussels/services/accessmanagerservice/getDomain"/><con:wsrmConfig version="1.2"/></con:call><con:call id="35eb26a3-7ca2-4f97-87cc-27f111258f46" name="4 - Staging - Worker1 - Request" incomingWss="Inflow STAGING" outgoingWss="Outflow STAGING"><con:settings><con:setting id="com.eviware.soapui.impl.wsdl.WsdlRequest@request-headers">&lt;xml-fragment/></con:setting></con:settings><con:encoding>UTF-8</con:encoding><con:endpoint>https://192.168.24.16:8443/services/AccessManagerService_v1.0</con:endpoint><con:request><![CDATA[<soapenv:Envelope xmlns:soapenv="http://schemas.xmlsoap.org/soap/envelope/" xmlns:v1="http://fidus.brussels/service/accessmanagerservice/messages/v1" xmlns:v11="http://fidus.brussels/type/common/messages/v1" >
   <soapenv:Header/>
   <soapenv:Body>
      <v1:getDomainRequest>
         <v1:messageContext>
         	  <v11:messageId>${=import static java.util.UUID.randomUUID; uuid = randomUUID() as String}</v11:messageId>
            <v11:timestamp>${=new java.text.SimpleDateFormat("yyyy-MM-dd'T'HH:mm:ss.SSS").format(new Date())}</v11:timestamp>
         </v1:messageContext>
         <v1:legalContext>ServiceIntegrator</v1:legalContext>
         <v1:request>
         	  <v1:Domain>FINANCE</v1:Domain>
            <v1:Language>fr</v1:Language>
         </v1:request>
      </v1:getDomainRequest>
   </soapenv:Body>
</soapenv:Envelope>]]></con:request><con:credentials><con:selectedAuthProfile>Basic</con:selectedAuthProfile><con:addedBasicAuthenticationTypes>Basic</con:addedBasicAuthenticationTypes><con:authType>Global HTTP Settings</con:authType></con:credentials><con:jmsConfig JMSDeliveryMode="PERSISTENT"/><con:jmsPropertyConfig/><con:wsaConfig mustUnderstand="NONE" version="200508" action="http://fidus.brussels/services/accessmanagerservice/getDomain"/><con:wsrmConfig version="1.2"/></con:call><con:call id="1c96a159-0bf2-410e-8c4c-dcb643dc02ba" name="4 - Staging - Worker2 - Request" incomingWss="Inflow STAGING" outgoingWss="Outflow STAGING"><con:settings><con:setting id="com.eviware.soapui.impl.wsdl.WsdlRequest@request-headers">&lt;xml-fragment/></con:setting></con:settings><con:encoding>UTF-8</con:encoding><con:endpoint>https://192.168.24.17:8443/services/AccessManagerService_v1.0</con:endpoint><con:request><![CDATA[<soapenv:Envelope xmlns:soapenv="http://schemas.xmlsoap.org/soap/envelope/" xmlns:v1="http://fidus.brussels/service/accessmanagerservice/messages/v1" xmlns:v11="http://fidus.brussels/type/common/messages/v1" >
   <soapenv:Header/>
   <soapenv:Body>
      <v1:getDomainRequest>
         <v1:messageContext>
         	  <v11:messageId>${=import static java.util.UUID.randomUUID; uuid = randomUUID() as String}</v11:messageId>
            <v11:timestamp>${=new java.text.SimpleDateFormat("yyyy-MM-dd'T'HH:mm:ss.SSS").format(new Date())}</v11:timestamp>
         </v1:messageContext>
         <v1:legalContext>ServiceIntegrator</v1:legalContext>
         <v1:request>
         	  <v1:Domain>FINANCE</v1:Domain>
            <v1:Language>fr</v1:Language>
         </v1:request>
      </v1:getDomainRequest>
   </soapenv:Body>
</soapenv:Envelope>]]></con:request><con:credentials><con:selectedAuthProfile>Basic</con:selectedAuthProfile><con:addedBasicAuthenticationTypes>Basic</con:addedBasicAuthenticationTypes><con:authType>Global HTTP Settings</con:authType></con:credentials><con:jmsConfig JMSDeliveryMode="PERSISTENT"/><con:jmsPropertyConfig/><con:wsaConfig mustUnderstand="NONE" version="200508" action="http://fidus.brussels/services/accessmanagerservice/getDomain"/><con:wsrmConfig version="1.2"/></con:call><con:call id="37e20322-b450-4958-bbaa-24de1819f51f" name="5 - Prod - LB - Request" incomingWss="Inflow PROD" outgoingWss="Outflow PROD"><con:settings><con:setting id="com.eviware.soapui.impl.wsdl.WsdlRequest@request-headers">&lt;xml-fragment/></con:setting></con:settings><con:encoding>UTF-8</con:encoding><con:endpoint>https://fidus-esb-sg.prd.srv.cirb.lan:8443/services/AccessManagerService_v1.0</con:endpoint><con:request><![CDATA[<soapenv:Envelope xmlns:soapenv="http://schemas.xmlsoap.org/soap/envelope/" xmlns:v1="http://fidus.brussels/service/accessmanagerservice/messages/v1" xmlns:v11="http://fidus.brussels/type/common/messages/v1" >
   <soapenv:Header/>
   <soapenv:Body>
      <v1:getDomainRequest>
         <v1:messageContext>
         	  <v11:messageId>${=import static java.util.UUID.randomUUID; uuid = randomUUID() as String}</v11:messageId>
            <v11:timestamp>${=new java.text.SimpleDateFormat("yyyy-MM-dd'T'HH:mm:ss.SSS").format(new Date())}</v11:timestamp>
         </v1:messageContext>
         <v1:legalContext>ServiceIntegrator</v1:legalContext>
         <v1:request>
         	  <v1:Domain>FINANCE</v1:Domain>
            <v1:Language>fr</v1:Language>
         </v1:request>
      </v1:getDomainRequest>
   </soapenv:Body>
</soapenv:Envelope>]]></con:request><con:credentials><con:selectedAuthProfile>Basic</con:selectedAuthProfile><con:addedBasicAuthenticationTypes>Basic</con:addedBasicAuthenticationTypes><con:authType>Global HTTP Settings</con:authType></con:credentials><con:jmsConfig JMSDeliveryMode="PERSISTENT"/><con:jmsPropertyConfig/><con:wsaConfig mustUnderstand="NONE" version="200508" action="http://fidus.brussels/services/accessmanagerservice/getDomain"/><con:wsrmConfig version="1.2"/></con:call><con:call id="35c05f2f-71c9-42ab-9302-0293ddf7dcc1" name="5 - Prod - Worker1 - Request" incomingWss="Inflow PROD" outgoingWss="Outflow PROD"><con:settings><con:setting id="com.eviware.soapui.impl.wsdl.WsdlRequest@request-headers">&lt;xml-fragment/></con:setting></con:settings><con:encoding>UTF-8</con:encoding><con:endpoint>https://192.168.26.22:8443/services/AccessManagerService_v1.0</con:endpoint><con:request><![CDATA[<soapenv:Envelope xmlns:soapenv="http://schemas.xmlsoap.org/soap/envelope/" xmlns:v1="http://fidus.brussels/service/accessmanagerservice/messages/v1" xmlns:v11="http://fidus.brussels/type/common/messages/v1" >
   <soapenv:Header/>
   <soapenv:Body>
      <v1:getDomainRequest>
         <v1:messageContext>
         	  <v11:messageId>${=import static java.util.UUID.randomUUID; uuid = randomUUID() as String}</v11:messageId>
            <v11:timestamp>${=new java.text.SimpleDateFormat("yyyy-MM-dd'T'HH:mm:ss.SSS").format(new Date())}</v11:timestamp>
         </v1:messageContext>
         <v1:legalContext>ServiceIntegrator</v1:legalContext>
         <v1:request>
         	  <v1:Domain>FINANCE</v1:Domain>
            <v1:Language>fr</v1:Language>
         </v1:request>
      </v1:getDomainRequest>
   </soapenv:Body>
</soapenv:Envelope>]]></con:request><con:credentials><con:selectedAuthProfile>Basic</con:selectedAuthProfile><con:addedBasicAuthenticationTypes>Basic</con:addedBasicAuthenticationTypes><con:authType>Global HTTP Settings</con:authType></con:credentials><con:jmsConfig JMSDeliveryMode="PERSISTENT"/><con:jmsPropertyConfig/><con:wsaConfig mustUnderstand="NONE" version="200508" action="http://fidus.brussels/services/accessmanagerservice/getDomain"/><con:wsrmConfig version="1.2"/></con:call><con:call id="49868844-6257-4d3e-bf80-b9ebd1d42fd8" name="5 - Prod - Worker2 - Request" incomingWss="Inflow PROD" outgoingWss="Outflow PROD"><con:settings><con:setting id="com.eviware.soapui.impl.wsdl.WsdlRequest@request-headers">&lt;xml-fragment/></con:setting></con:settings><con:encoding>UTF-8</con:encoding><con:endpoint>https://192.168.26.19:8443/services/AccessManagerService_v1.0</con:endpoint><con:request><![CDATA[<soapenv:Envelope xmlns:soapenv="http://schemas.xmlsoap.org/soap/envelope/" xmlns:v1="http://fidus.brussels/service/accessmanagerservice/messages/v1" xmlns:v11="http://fidus.brussels/type/common/messages/v1" >
   <soapenv:Header/>
   <soapenv:Body>
      <v1:getDomainRequest>
         <v1:messageContext>
         	  <v11:messageId>${=import static java.util.UUID.randomUUID; uuid = randomUUID() as String}</v11:messageId>
            <v11:timestamp>${=new java.text.SimpleDateFormat("yyyy-MM-dd'T'HH:mm:ss.SSS").format(new Date())}</v11:timestamp>
         </v1:messageContext>
         <v1:legalContext>ServiceIntegrator</v1:legalContext>
         <v1:request>
         	  <v1:Domain>FINANCE</v1:Domain>
            <v1:Language>fr</v1:Language>
         </v1:request>
      </v1:getDomainRequest>
   </soapenv:Body>
</soapenv:Envelope>]]></con:request><con:credentials><con:selectedAuthProfile>Basic</con:selectedAuthProfile><con:addedBasicAuthenticationTypes>Basic</con:addedBasicAuthenticationTypes><con:authType>Global HTTP Settings</con:authType></con:credentials><con:jmsConfig JMSDeliveryMode="PERSISTENT"/><con:jmsPropertyConfig/><con:wsaConfig mustUnderstand="NONE" version="200508" action="http://fidus.brussels/services/accessmanagerservice/getDomain"/><con:wsrmConfig version="1.2"/></con:call><con:call id="dd1e2fd3-1cae-4404-89e1-d602663a7f5f" name="3 - Test - Worker1New - Request" outgoingWss="Outflow TEST" incomingWss="Inflow TEST"><con:settings><con:setting id="com.eviware.soapui.impl.wsdl.WsdlRequest@request-headers">&lt;xml-fragment/></con:setting></con:settings><con:encoding>UTF-8</con:encoding><con:endpoint>https://192.168.22.73:8443/services/AccessManagerService_v1.0</con:endpoint><con:request><![CDATA[<soapenv:Envelope xmlns:soapenv="http://schemas.xmlsoap.org/soap/envelope/" xmlns:v1="http://fidus.brussels/service/accessmanagerservice/messages/v1" xmlns:v11="http://fidus.brussels/type/common/messages/v1" >
   <soapenv:Header/>
   <soapenv:Body>
      <v1:getDomainRequest>
         <v1:messageContext>
         	  <v11:messageId>${=import static java.util.UUID.randomUUID; uuid = randomUUID() as String}</v11:messageId>
            <v11:timestamp>${=new java.text.SimpleDateFormat("yyyy-MM-dd'T'HH:mm:ss.SSS").format(new Date())}</v11:timestamp>
         </v1:messageContext>
         <v1:legalContext>ServiceIntegrator</v1:legalContext>
         <v1:request>
         	  <v1:Domain>FINANCE</v1:Domain>
            <v1:Language>fr</v1:Language>
         </v1:request>
      </v1:getDomainRequest>
   </soapenv:Body>
</soapenv:Envelope>]]></con:request><con:credentials><con:selectedAuthProfile>Basic</con:selectedAuthProfile><con:addedBasicAuthenticationTypes>Basic</con:addedBasicAuthenticationTypes><con:authType>Global HTTP Settings</con:authType></con:credentials><con:jmsConfig JMSDeliveryMode="PERSISTENT"/><con:jmsPropertyConfig/><con:wsaConfig mustUnderstand="NONE" version="200508" action="http://fidus.brussels/services/accessmanagerservice/getDomain"/><con:wsrmConfig version="1.2"/></con:call><con:call id="27ff139d-6434-4b12-b564-63186b0f77d2" name="3 - Test - Worker2New - Request" outgoingWss="Outflow TEST" incomingWss="Inflow TEST"><con:settings><con:setting id="com.eviware.soapui.impl.wsdl.WsdlRequest@request-headers">&lt;xml-fragment/></con:setting></con:settings><con:encoding>UTF-8</con:encoding><con:endpoint>https://192.168.22.93:8443/services/AccessManagerService_v1.0</con:endpoint><con:request><![CDATA[<soapenv:Envelope xmlns:soapenv="http://schemas.xmlsoap.org/soap/envelope/" xmlns:v1="http://fidus.brussels/service/accessmanagerservice/messages/v1" xmlns:v11="http://fidus.brussels/type/common/messages/v1" >
   <soapenv:Header/>
   <soapenv:Body>
      <v1:getDomainRequest>
         <v1:messageContext>
         	  <v11:messageId>${=import static java.util.UUID.randomUUID; uuid = randomUUID() as String}</v11:messageId>
            <v11:timestamp>${=new java.text.SimpleDateFormat("yyyy-MM-dd'T'HH:mm:ss.SSS").format(new Date())}</v11:timestamp>
         </v1:messageContext>
         <v1:legalContext>ServiceIntegrator</v1:legalContext>
         <v1:request>
         	  <v1:Domain>FINANCE</v1:Domain>
            <v1:Language>fr</v1:Language>
         </v1:request>
      </v1:getDomainRequest>
   </soapenv:Body>
</soapenv:Envelope>]]></con:request><con:credentials><con:selectedAuthProfile>Basic</con:selectedAuthProfile><con:addedBasicAuthenticationTypes>Basic</con:addedBasicAuthenticationTypes><con:authType>Global HTTP Settings</con:authType></con:credentials><con:jmsConfig JMSDeliveryMode="PERSISTENT"/><con:jmsPropertyConfig/><con:wsaConfig mustUnderstand="NONE" version="200508" action="http://fidus.brussels/services/accessmanagerservice/getDomain"/><con:wsrmConfig version="1.2"/></con:call><con:call id="96c33d01-7af2-4c8c-970d-89a586937ceb" name="4 - Staging - Worker1New - Request" outgoingWss="Outflow STAGING" incomingWss="Inflow STAGING"><con:settings><con:setting id="com.eviware.soapui.impl.wsdl.WsdlRequest@request-headers">&lt;xml-fragment/></con:setting></con:settings><con:encoding>UTF-8</con:encoding><con:endpoint>https://192.168.23.191:8443/services/AccessManagerService_v1.0</con:endpoint><con:request><![CDATA[<soapenv:Envelope xmlns:soapenv="http://schemas.xmlsoap.org/soap/envelope/" xmlns:v1="http://fidus.brussels/service/accessmanagerservice/messages/v1" xmlns:v11="http://fidus.brussels/type/common/messages/v1" >
   <soapenv:Header/>
   <soapenv:Body>
      <v1:getDomainRequest>
         <v1:messageContext>
         	  <v11:messageId>${=import static java.util.UUID.randomUUID; uuid = randomUUID() as String}</v11:messageId>
            <v11:timestamp>${=new java.text.SimpleDateFormat("yyyy-MM-dd'T'HH:mm:ss.SSS").format(new Date())}</v11:timestamp>
         </v1:messageContext>
         <v1:legalContext>ServiceIntegrator</v1:legalContext>
         <v1:request>
         	  <v1:Domain>FINANCE</v1:Domain>
            <v1:Language>fr</v1:Language>
         </v1:request>
      </v1:getDomainRequest>
   </soapenv:Body>
</soapenv:Envelope>]]></con:request><con:credentials><con:selectedAuthProfile>Basic</con:selectedAuthProfile><con:addedBasicAuthenticationTypes>Basic</con:addedBasicAuthenticationTypes><con:authType>Global HTTP Settings</con:authType></con:credentials><con:jmsConfig JMSDeliveryMode="PERSISTENT"/><con:jmsPropertyConfig/><con:wsaConfig mustUnderstand="NONE" version="200508" action="http://fidus.brussels/services/accessmanagerservice/getDomain"/><con:wsrmConfig version="1.2"/></con:call><con:call id="dc07157e-fa20-4e10-a4f0-f6553ce4110c" name="4 - Staging - Worker2New - Request" outgoingWss="Outflow STAGING" incomingWss="Inflow STAGING"><con:settings><con:setting id="com.eviware.soapui.impl.wsdl.WsdlRequest@request-headers">&lt;xml-fragment/></con:setting></con:settings><con:encoding>UTF-8</con:encoding><con:endpoint>https://192.168.23.198:8443/services/AccessManagerService_v1.0</con:endpoint><con:request><![CDATA[<soapenv:Envelope xmlns:soapenv="http://schemas.xmlsoap.org/soap/envelope/" xmlns:v1="http://fidus.brussels/service/accessmanagerservice/messages/v1" xmlns:v11="http://fidus.brussels/type/common/messages/v1" >
   <soapenv:Header/>
   <soapenv:Body>
      <v1:getDomainRequest>
         <v1:messageContext>
         	  <v11:messageId>${=import static java.util.UUID.randomUUID; uuid = randomUUID() as String}</v11:messageId>
            <v11:timestamp>${=new java.text.SimpleDateFormat("yyyy-MM-dd'T'HH:mm:ss.SSS").format(new Date())}</v11:timestamp>
         </v1:messageContext>
         <v1:legalContext>ServiceIntegrator</v1:legalContext>
         <v1:request>
         	  <v1:Domain>FINANCE</v1:Domain>
            <v1:Language>fr</v1:Language>
         </v1:request>
      </v1:getDomainRequest>
   </soapenv:Body>
</soapenv:Envelope>]]></con:request><con:credentials><con:selectedAuthProfile>Basic</con:selectedAuthProfile><con:addedBasicAuthenticationTypes>Basic</con:addedBasicAuthenticationTypes><con:authType>Global HTTP Settings</con:authType></con:credentials><con:jmsConfig JMSDeliveryMode="PERSISTENT"/><con:jmsPropertyConfig/><con:wsaConfig mustUnderstand="NONE" version="200508" action="http://fidus.brussels/services/accessmanagerservice/getDomain"/><con:wsrmConfig version="1.2"/></con:call></con:operation><con:operation id="1838c1b4-29f9-47e7-a3a8-d16338611a30" isOneWay="false" action="http://fidus.brussels/services/accessmanagerservice/getEntityRepresentatives" name="getEntityRepresentatives" bindingOperationName="getEntityRepresentatives" type="Request-Response" inputName="" receivesAttachments="false" sendsAttachments="false" anonymous="optional"><con:settings/><con:call id="0c71561a-5d0d-42a9-a8df-b42356423404" name="1 - Local - Request - OK" incomingWss="Inflow DEV" outgoingWss="Outflow DEV"><con:settings><con:setting id="com.eviware.soapui.impl.wsdl.WsdlRequest@request-headers">&lt;xml-fragment/></con:setting></con:settings><con:encoding>UTF-8</con:encoding><con:endpoint>https://localhost:8243/services/AccessManagerService_v1.0</con:endpoint><con:request><![CDATA[<soapenv:Envelope xmlns:soapenv="http://schemas.xmlsoap.org/soap/envelope/" xmlns:v1="http://fidus.brussels/service/accessmanagerservice/messages/v1" xmlns:v11="http://fidus.brussels/type/common/messages/v1" xmlns:v31="http://socialsecurity.be/umanentityrepresentative/types/v3" >
   <soapenv:Header/>
   <soapenv:Body>
      <v1:getEntityRepresentativesRequest>
         <v1:messageContext>
         	  <v11:messageId>${=import static java.util.UUID.randomUUID; uuid = randomUUID() as String}</v11:messageId>
            <v11:timestamp>${=new java.text.SimpleDateFormat("yyyy-MM-dd'T'HH:mm:ss.SSS").format(new Date())}</v11:timestamp>
         </v1:messageContext>
         <v1:legalContext>ServiceIntegrator</v1:legalContext>
         <v1:request>
            <v1:Domain>QUAL_FED_HEALTHCARE</v1:Domain>
            <v1:OrganisationId>
               <v31:Identifier>1990000431</v31:Identifier>
               <v31:IdentifierType>BEEHP</v31:IdentifierType>
            </v1:OrganisationId>
            <v1:Language>nl</v1:Language>
         </v1:request>
      </v1:getEntityRepresentativesRequest>
   </soapenv:Body>
</soapenv:Envelope>]]></con:request><con:credentials><con:selectedAuthProfile>Basic</con:selectedAuthProfile><con:addedBasicAuthenticationTypes>Basic</con:addedBasicAuthenticationTypes><con:authType>Global HTTP Settings</con:authType></con:credentials><con:jmsConfig JMSDeliveryMode="PERSISTENT"/><con:jmsPropertyConfig/><con:wsaConfig mustUnderstand="NONE" version="200508" action="http://fidus.brussels/services/accessmanagerservice/getEntityRepresentatives"/><con:wsrmConfig version="1.2"/></con:call><con:call id="5f54e628-153c-477b-a043-ad6559eb7a37" name="2 - Dev - Request - OK" outgoingWss="Outflow DEV" incomingWss="Inflow DEV"><con:settings><con:setting id="com.eviware.soapui.impl.wsdl.WsdlRequest@request-headers">&lt;xml-fragment/></con:setting></con:settings><con:encoding>UTF-8</con:encoding><con:endpoint>https://192.168.36.61:8243/services/AccessManagerService_v1.0</con:endpoint><con:request><![CDATA[<soapenv:Envelope xmlns:soapenv="http://schemas.xmlsoap.org/soap/envelope/" xmlns:v1="http://fidus.brussels/service/accessmanagerservice/messages/v1" xmlns:v11="http://fidus.brussels/type/common/messages/v1" xmlns:v31="http://socialsecurity.be/umanentityrepresentative/types/v3" >
   <soapenv:Header/>
   <soapenv:Body>
      <v1:getEntityRepresentativesRequest>
         <v1:messageContext>
         	  <v11:messageId>${=import static java.util.UUID.randomUUID; uuid = randomUUID() as String}</v11:messageId>
            <v11:timestamp>${=new java.text.SimpleDateFormat("yyyy-MM-dd'T'HH:mm:ss.SSS").format(new Date())}</v11:timestamp>
         </v1:messageContext>
         <v1:legalContext>ServiceIntegrator</v1:legalContext>
         <v1:request>
            <v1:Domain>QUAL_FED_HEALTHCARE</v1:Domain>
            <v1:OrganisationId>
               <v31:Identifier>1990000431</v31:Identifier>
               <v31:IdentifierType>BEEHP</v31:IdentifierType>
            </v1:OrganisationId>
            <v1:Language>nl</v1:Language>
         </v1:request>
      </v1:getEntityRepresentativesRequest>
   </soapenv:Body>
</soapenv:Envelope>]]></con:request><con:credentials><con:selectedAuthProfile>Basic</con:selectedAuthProfile><con:addedBasicAuthenticationTypes>Basic</con:addedBasicAuthenticationTypes><con:authType>Global HTTP Settings</con:authType></con:credentials><con:jmsConfig JMSDeliveryMode="PERSISTENT"/><con:jmsPropertyConfig/><con:wsaConfig mustUnderstand="NONE" version="200508" action="http://fidus.brussels/services/accessmanagerservice/getEntityRepresentatives"/><con:wsrmConfig version="1.2"/></con:call><con:call id="a29c6ba5-101e-4b4f-b3c0-17ca7de235fb" name="3 - Test - LB - Request" outgoingWss="Outflow TEST" incomingWss="Inflow TEST"><con:settings><con:setting id="com.eviware.soapui.impl.wsdl.WsdlRequest@request-headers">&lt;xml-fragment/></con:setting></con:settings><con:encoding>UTF-8</con:encoding><con:endpoint>https://esb-security-gw.sta.srv.cirb.lan:8443/services/AccessManagerService_v1.0</con:endpoint><con:request><![CDATA[<soapenv:Envelope xmlns:soapenv="http://schemas.xmlsoap.org/soap/envelope/" xmlns:v1="http://fidus.brussels/service/accessmanagerservice/messages/v1" xmlns:v11="http://fidus.brussels/type/common/messages/v1" xmlns:v31="http://socialsecurity.be/umanentityrepresentative/types/v3" >
   <soapenv:Header/>
   <soapenv:Body>
      <v1:getEntityRepresentativesRequest>
         <v1:messageContext>
         	  <v11:messageId>${=import static java.util.UUID.randomUUID; uuid = randomUUID() as String}</v11:messageId>
            <v11:timestamp>${=new java.text.SimpleDateFormat("yyyy-MM-dd'T'HH:mm:ss.SSS").format(new Date())}</v11:timestamp>
         </v1:messageContext>
         <v1:legalContext>ServiceIntegrator</v1:legalContext>
         <v1:request>
            <v1:Domain>QUAL_FED_HEALTHCARE</v1:Domain>
            <v1:OrganisationId>
               <v31:Identifier>1990000431</v31:Identifier>
               <v31:IdentifierType>BEEHP</v31:IdentifierType>
            </v1:OrganisationId>
            <v1:Language>nl</v1:Language>
         </v1:request>
      </v1:getEntityRepresentativesRequest>
   </soapenv:Body>
</soapenv:Envelope>]]></con:request><con:credentials><con:selectedAuthProfile>Basic</con:selectedAuthProfile><con:addedBasicAuthenticationTypes>Basic</con:addedBasicAuthenticationTypes><con:authType>Global HTTP Settings</con:authType></con:credentials><con:jmsConfig JMSDeliveryMode="PERSISTENT"/><con:jmsPropertyConfig/><con:wsaConfig mustUnderstand="NONE" version="200508" action="http://fidus.brussels/services/accessmanagerservice/getEntityRepresentatives"/><con:wsrmConfig version="1.2"/></con:call><con:call id="cb750499-4046-4ae9-99f6-235cf31a1200" name="4 - Staging - LB - Request" incomingWss="Inflow STAGING" outgoingWss="Outflow STAGING"><con:settings><con:setting id="com.eviware.soapui.impl.wsdl.WsdlRequest@request-headers">&lt;xml-fragment/></con:setting></con:settings><con:encoding>UTF-8</con:encoding><con:endpoint>https://fidus-esb-sg.sta.srv.cirb.lan:8443/services/AccessManagerService_v1.0</con:endpoint><con:request><![CDATA[<soapenv:Envelope xmlns:soapenv="http://schemas.xmlsoap.org/soap/envelope/" xmlns:v1="http://fidus.brussels/service/accessmanagerservice/messages/v1" xmlns:v11="http://fidus.brussels/type/common/messages/v1" xmlns:v31="http://socialsecurity.be/umanentityrepresentative/types/v3" >
   <soapenv:Header/>
   <soapenv:Body>
      <v1:getEntityRepresentativesRequest>
         <v1:messageContext>
         	  <v11:messageId>${=import static java.util.UUID.randomUUID; uuid = randomUUID() as String}</v11:messageId>
            <v11:timestamp>${=new java.text.SimpleDateFormat("yyyy-MM-dd'T'HH:mm:ss.SSS").format(new Date())}</v11:timestamp>
         </v1:messageContext>
         <v1:legalContext>ServiceIntegrator</v1:legalContext>
         <v1:request>
            <v1:Domain>QUAL_FED_HEALTHCARE</v1:Domain>
            <v1:OrganisationId>
               <v31:Identifier>1990000431</v31:Identifier>
               <v31:IdentifierType>BEEHP</v31:IdentifierType>
            </v1:OrganisationId>
            <v1:Language>nl</v1:Language>
         </v1:request>
      </v1:getEntityRepresentativesRequest>
   </soapenv:Body>
</soapenv:Envelope>]]></con:request><con:credentials><con:selectedAuthProfile>Basic</con:selectedAuthProfile><con:addedBasicAuthenticationTypes>Basic</con:addedBasicAuthenticationTypes><con:authType>Global HTTP Settings</con:authType></con:credentials><con:jmsConfig JMSDeliveryMode="PERSISTENT"/><con:jmsPropertyConfig/><con:wsaConfig mustUnderstand="NONE" version="200508" action="http://fidus.brussels/services/accessmanagerservice/getEntityRepresentatives"/><con:wsrmConfig version="1.2"/></con:call><con:call id="368de139-1ac5-4207-a633-816004980465" name="5 - Prod - External - Request" incomingWss="Inflow PROD" outgoingWss="Outflow PROD"><con:settings><con:setting id="com.eviware.soapui.impl.wsdl.WsdlRequest@request-headers">&lt;xml-fragment/></con:setting></con:settings><con:encoding>UTF-8</con:encoding><con:endpoint>https://fidus.sec.brussels/services/AccessManagerService_v1.0</con:endpoint><con:request><![CDATA[<soapenv:Envelope xmlns:soapenv="http://schemas.xmlsoap.org/soap/envelope/" xmlns:v1="http://fidus.brussels/service/accessmanagerservice/messages/v1" xmlns:v11="http://fidus.brussels/type/common/messages/v1" xmlns:v31="http://socialsecurity.be/umanentityrepresentative/types/v3" >
   <soapenv:Header/>
   <soapenv:Body>
      <v1:getEntityRepresentativesRequest>
         <v1:messageContext>
         	  <v11:messageId>${=import static java.util.UUID.randomUUID; uuid = randomUUID() as String}</v11:messageId>
            <v11:timestamp>${=new java.text.SimpleDateFormat("yyyy-MM-dd'T'HH:mm:ss.SSS").format(new Date())}</v11:timestamp>
         </v1:messageContext>
         <v1:legalContext>ServiceIntegrator</v1:legalContext>
         <v1:request>
            <v1:Domain>QUAL_FED_HEALTHCARE</v1:Domain>
            <v1:OrganisationId>
               <v31:Identifier>1990000431</v31:Identifier>
               <v31:IdentifierType>BEEHP</v31:IdentifierType>
            </v1:OrganisationId>
            <v1:Language>nl</v1:Language>
         </v1:request>
      </v1:getEntityRepresentativesRequest>
   </soapenv:Body>
</soapenv:Envelope>]]></con:request><con:credentials><con:selectedAuthProfile>Basic</con:selectedAuthProfile><con:addedBasicAuthenticationTypes>Basic</con:addedBasicAuthenticationTypes><con:authType>Global HTTP Settings</con:authType></con:credentials><con:jmsConfig JMSDeliveryMode="PERSISTENT"/><con:jmsPropertyConfig/><con:wsaConfig mustUnderstand="NONE" version="200508" action="http://fidus.brussels/services/accessmanagerservice/getEntityRepresentatives"/><con:wsrmConfig version="1.2"/></con:call><con:call id="c03df354-b09c-4c50-9791-bb459072cdb7" name="1 - Local - Request - Not Found" incomingWss="Inflow DEV" outgoingWss="Outflow DEV"><con:settings><con:setting id="com.eviware.soapui.impl.wsdl.WsdlRequest@request-headers">&lt;xml-fragment/></con:setting></con:settings><con:encoding>UTF-8</con:encoding><con:endpoint>https://localhost:8243/services/AccessManagerService_v1.0</con:endpoint><con:request><![CDATA[<soapenv:Envelope xmlns:soapenv="http://schemas.xmlsoap.org/soap/envelope/" xmlns:v1="http://fidus.brussels/service/accessmanagerservice/messages/v1" xmlns:v11="http://fidus.brussels/type/common/messages/v1" xmlns:v31="http://socialsecurity.be/umanentityrepresentative/types/v3" >
   <soapenv:Header/>
   <soapenv:Body>
      <v1:getEntityRepresentativesRequest>
         <v1:messageContext>
         	  <v11:messageId>${=import static java.util.UUID.randomUUID; uuid = randomUUID() as String}</v11:messageId>
            <v11:timestamp>${=new java.text.SimpleDateFormat("yyyy-MM-dd'T'HH:mm:ss.SSS").format(new Date())}</v11:timestamp>
         </v1:messageContext>
         <v1:legalContext>ServiceIntegrator</v1:legalContext>
         <v1:request>
            <v1:Domain>INDUSTRY</v1:Domain>
            <v1:OrganisationId>
               <v31:Identifier>1990000431</v31:Identifier>
               <v31:IdentifierType>BEEHP</v31:IdentifierType>
            </v1:OrganisationId>
            <v1:Language>nl</v1:Language>
         </v1:request>
      </v1:getEntityRepresentativesRequest>
   </soapenv:Body>
</soapenv:Envelope>]]></con:request><con:credentials><con:selectedAuthProfile>Basic</con:selectedAuthProfile><con:addedBasicAuthenticationTypes>Basic</con:addedBasicAuthenticationTypes><con:authType>Global HTTP Settings</con:authType></con:credentials><con:jmsConfig JMSDeliveryMode="PERSISTENT"/><con:jmsPropertyConfig/><con:wsaConfig mustUnderstand="NONE" version="200508" action="http://fidus.brussels/services/accessmanagerservice/getEntityRepresentatives"/><con:wsrmConfig version="1.2"/></con:call><con:call id="bd5e57ea-464d-45c6-a228-81df70014c4c" name="2 - Dev - Request - Not Found" incomingWss="Inflow DEV" outgoingWss="Outflow DEV"><con:settings><con:setting id="com.eviware.soapui.impl.wsdl.WsdlRequest@request-headers">&lt;xml-fragment/></con:setting></con:settings><con:encoding>UTF-8</con:encoding><con:endpoint>https://192.168.36.61:8243/services/AccessManagerService_v1.0</con:endpoint><con:request><![CDATA[<soapenv:Envelope xmlns:soapenv="http://schemas.xmlsoap.org/soap/envelope/" xmlns:v1="http://fidus.brussels/service/accessmanagerservice/messages/v1" xmlns:v11="http://fidus.brussels/type/common/messages/v1" xmlns:v31="http://socialsecurity.be/umanentityrepresentative/types/v3" >
   <soapenv:Header/>
   <soapenv:Body>
      <v1:getEntityRepresentativesRequest>
         <v1:messageContext>
         	  <v11:messageId>${=import static java.util.UUID.randomUUID; uuid = randomUUID() as String}</v11:messageId>
            <v11:timestamp>${=new java.text.SimpleDateFormat("yyyy-MM-dd'T'HH:mm:ss.SSS").format(new Date())}</v11:timestamp>
         </v1:messageContext>
         <v1:legalContext>ServiceIntegrator</v1:legalContext>
         <v1:request>
            <v1:Domain>INDUSTRY</v1:Domain>
            <v1:OrganisationId>
               <v31:Identifier>1990000431</v31:Identifier>
               <v31:IdentifierType>BEEHP</v31:IdentifierType>
            </v1:OrganisationId>
            <v1:Language>nl</v1:Language>
         </v1:request>
      </v1:getEntityRepresentativesRequest>
   </soapenv:Body>
</soapenv:Envelope>]]></con:request><con:credentials><con:selectedAuthProfile>Basic</con:selectedAuthProfile><con:addedBasicAuthenticationTypes>Basic</con:addedBasicAuthenticationTypes><con:authType>Global HTTP Settings</con:authType></con:credentials><con:jmsConfig JMSDeliveryMode="PERSISTENT"/><con:jmsPropertyConfig/><con:wsaConfig mustUnderstand="NONE" version="200508" action="http://fidus.brussels/services/accessmanagerservice/getEntityRepresentatives"/><con:wsrmConfig version="1.2"/></con:call><con:call id="bba2ba5f-8faa-4bd0-a183-e0108423f862" name="3 - Test - Worker1 - Request" incomingWss="Inflow TEST" outgoingWss="Outflow TEST"><con:settings><con:setting id="com.eviware.soapui.impl.wsdl.WsdlRequest@request-headers">&lt;xml-fragment/></con:setting></con:settings><con:encoding>UTF-8</con:encoding><con:endpoint>https://192.168.22.53:8443/services/AccessManagerService_v1.0</con:endpoint><con:request><![CDATA[<soapenv:Envelope xmlns:soapenv="http://schemas.xmlsoap.org/soap/envelope/" xmlns:v1="http://fidus.brussels/service/accessmanagerservice/messages/v1" xmlns:v11="http://fidus.brussels/type/common/messages/v1" xmlns:v31="http://socialsecurity.be/umanentityrepresentative/types/v3" >
   <soapenv:Header/>
   <soapenv:Body>
      <v1:getEntityRepresentativesRequest>
         <v1:messageContext>
         	  <v11:messageId>${=import static java.util.UUID.randomUUID; uuid = randomUUID() as String}</v11:messageId>
            <v11:timestamp>${=new java.text.SimpleDateFormat("yyyy-MM-dd'T'HH:mm:ss.SSS").format(new Date())}</v11:timestamp>
         </v1:messageContext>
         <v1:legalContext>ServiceIntegrator</v1:legalContext>
         <v1:request>
            <v1:Domain>QUAL_FED_HEALTHCARE</v1:Domain>
            <v1:OrganisationId>
               <v31:Identifier>1990000431</v31:Identifier>
               <v31:IdentifierType>BEEHP</v31:IdentifierType>
            </v1:OrganisationId>
            <v1:Language>nl</v1:Language>
         </v1:request>
      </v1:getEntityRepresentativesRequest>
   </soapenv:Body>
</soapenv:Envelope>]]></con:request><con:credentials><con:selectedAuthProfile>Basic</con:selectedAuthProfile><con:addedBasicAuthenticationTypes>Basic</con:addedBasicAuthenticationTypes><con:authType>Global HTTP Settings</con:authType></con:credentials><con:jmsConfig JMSDeliveryMode="PERSISTENT"/><con:jmsPropertyConfig/><con:wsaConfig mustUnderstand="NONE" version="200508" action="http://fidus.brussels/services/accessmanagerservice/getEntityRepresentatives"/><con:wsrmConfig version="1.2"/></con:call><con:call id="f69b30ef-6e33-4d9b-a1e7-747ba4678772" name="3 - Test - Worker2 - Request" outgoingWss="Outflow TEST" incomingWss="Inflow TEST"><con:settings><con:setting id="com.eviware.soapui.impl.wsdl.WsdlRequest@request-headers">&lt;xml-fragment/></con:setting></con:settings><con:encoding>UTF-8</con:encoding><con:endpoint>https://192.168.22.54:8443/services/AccessManagerService_v1.0</con:endpoint><con:request><![CDATA[<soapenv:Envelope xmlns:soapenv="http://schemas.xmlsoap.org/soap/envelope/" xmlns:v1="http://fidus.brussels/service/accessmanagerservice/messages/v1" xmlns:v11="http://fidus.brussels/type/common/messages/v1" xmlns:v31="http://socialsecurity.be/umanentityrepresentative/types/v3" >
   <soapenv:Header/>
   <soapenv:Body>
      <v1:getEntityRepresentativesRequest>
         <v1:messageContext>
         	  <v11:messageId>${=import static java.util.UUID.randomUUID; uuid = randomUUID() as String}</v11:messageId>
            <v11:timestamp>${=new java.text.SimpleDateFormat("yyyy-MM-dd'T'HH:mm:ss.SSS").format(new Date())}</v11:timestamp>
         </v1:messageContext>
         <v1:legalContext>ServiceIntegrator</v1:legalContext>
         <v1:request>
            <v1:Domain>QUAL_FED_HEALTHCARE</v1:Domain>
            <v1:OrganisationId>
               <v31:Identifier>1990000431</v31:Identifier>
               <v31:IdentifierType>BEEHP</v31:IdentifierType>
            </v1:OrganisationId>
            <v1:Language>nl</v1:Language>
         </v1:request>
      </v1:getEntityRepresentativesRequest>
   </soapenv:Body>
</soapenv:Envelope>]]></con:request><con:credentials><con:selectedAuthProfile>Basic</con:selectedAuthProfile><con:addedBasicAuthenticationTypes>Basic</con:addedBasicAuthenticationTypes><con:authType>Global HTTP Settings</con:authType></con:credentials><con:jmsConfig JMSDeliveryMode="PERSISTENT"/><con:jmsPropertyConfig/><con:wsaConfig mustUnderstand="NONE" version="200508" action="http://fidus.brussels/services/accessmanagerservice/getEntityRepresentatives"/><con:wsrmConfig version="1.2"/></con:call><con:call id="e277303b-ae3e-4f43-aa8b-d39c8495bda4" name="4 - Staging - Worker1 - Request" incomingWss="Inflow STAGING" outgoingWss="Outflow STAGING"><con:settings><con:setting id="com.eviware.soapui.impl.wsdl.WsdlRequest@request-headers">&lt;xml-fragment/></con:setting></con:settings><con:encoding>UTF-8</con:encoding><con:endpoint>https://192.168.24.16:8443/services/AccessManagerService_v1.0</con:endpoint><con:request><![CDATA[<soapenv:Envelope xmlns:soapenv="http://schemas.xmlsoap.org/soap/envelope/" xmlns:v1="http://fidus.brussels/service/accessmanagerservice/messages/v1" xmlns:v11="http://fidus.brussels/type/common/messages/v1" xmlns:v31="http://socialsecurity.be/umanentityrepresentative/types/v3" >
   <soapenv:Header/>
   <soapenv:Body>
      <v1:getEntityRepresentativesRequest>
         <v1:messageContext>
         	  <v11:messageId>${=import static java.util.UUID.randomUUID; uuid = randomUUID() as String}</v11:messageId>
            <v11:timestamp>${=new java.text.SimpleDateFormat("yyyy-MM-dd'T'HH:mm:ss.SSS").format(new Date())}</v11:timestamp>
         </v1:messageContext>
         <v1:legalContext>ServiceIntegrator</v1:legalContext>
         <v1:request>
            <v1:Domain>QUAL_FED_HEALTHCARE</v1:Domain>
            <v1:OrganisationId>
               <v31:Identifier>1990000431</v31:Identifier>
               <v31:IdentifierType>BEEHP</v31:IdentifierType>
            </v1:OrganisationId>
            <v1:Language>nl</v1:Language>
         </v1:request>
      </v1:getEntityRepresentativesRequest>
   </soapenv:Body>
</soapenv:Envelope>]]></con:request><con:credentials><con:selectedAuthProfile>Basic</con:selectedAuthProfile><con:addedBasicAuthenticationTypes>Basic</con:addedBasicAuthenticationTypes><con:authType>Global HTTP Settings</con:authType></con:credentials><con:jmsConfig JMSDeliveryMode="PERSISTENT"/><con:jmsPropertyConfig/><con:wsaConfig mustUnderstand="NONE" version="200508" action="http://fidus.brussels/services/accessmanagerservice/getEntityRepresentatives"/><con:wsrmConfig version="1.2"/></con:call><con:call id="ba65129a-b9af-4e56-9fbf-c3cbd8c9b59b" name="4 - Staging - Worker2 - Request" incomingWss="Inflow STAGING" outgoingWss="Outflow STAGING"><con:settings><con:setting id="com.eviware.soapui.impl.wsdl.WsdlRequest@request-headers">&lt;xml-fragment/></con:setting></con:settings><con:encoding>UTF-8</con:encoding><con:endpoint>https://192.168.24.17:8443/services/AccessManagerService_v1.0</con:endpoint><con:request><![CDATA[<soapenv:Envelope xmlns:soapenv="http://schemas.xmlsoap.org/soap/envelope/" xmlns:v1="http://fidus.brussels/service/accessmanagerservice/messages/v1" xmlns:v11="http://fidus.brussels/type/common/messages/v1" xmlns:v31="http://socialsecurity.be/umanentityrepresentative/types/v3" >
   <soapenv:Header/>
   <soapenv:Body>
      <v1:getEntityRepresentativesRequest>
         <v1:messageContext>
         	  <v11:messageId>${=import static java.util.UUID.randomUUID; uuid = randomUUID() as String}</v11:messageId>
            <v11:timestamp>${=new java.text.SimpleDateFormat("yyyy-MM-dd'T'HH:mm:ss.SSS").format(new Date())}</v11:timestamp>
         </v1:messageContext>
         <v1:legalContext>ServiceIntegrator</v1:legalContext>
         <v1:request>
            <v1:Domain>QUAL_FED_HEALTHCARE</v1:Domain>
            <v1:OrganisationId>
               <v31:Identifier>1990000431</v31:Identifier>
               <v31:IdentifierType>BEEHP</v31:IdentifierType>
            </v1:OrganisationId>
            <v1:Language>nl</v1:Language>
         </v1:request>
      </v1:getEntityRepresentativesRequest>
   </soapenv:Body>
</soapenv:Envelope>]]></con:request><con:credentials><con:selectedAuthProfile>Basic</con:selectedAuthProfile><con:addedBasicAuthenticationTypes>Basic</con:addedBasicAuthenticationTypes><con:authType>Global HTTP Settings</con:authType></con:credentials><con:jmsConfig JMSDeliveryMode="PERSISTENT"/><con:jmsPropertyConfig/><con:wsaConfig mustUnderstand="NONE" version="200508" action="http://fidus.brussels/services/accessmanagerservice/getEntityRepresentatives"/><con:wsrmConfig version="1.2"/></con:call><con:call id="8f0bb239-c1cb-4059-a04d-307e47e92e03" name="5 - Prod - LB - Request" incomingWss="Inflow PROD" outgoingWss="Outflow PROD"><con:settings><con:setting id="com.eviware.soapui.impl.wsdl.WsdlRequest@request-headers">&lt;xml-fragment/></con:setting></con:settings><con:encoding>UTF-8</con:encoding><con:endpoint>https://fidus-esb-sg.prd.srv.cirb.lan:8443/services/AccessManagerService_v1.0</con:endpoint><con:request><![CDATA[<soapenv:Envelope xmlns:soapenv="http://schemas.xmlsoap.org/soap/envelope/" xmlns:v1="http://fidus.brussels/service/accessmanagerservice/messages/v1" xmlns:v11="http://fidus.brussels/type/common/messages/v1" xmlns:v31="http://socialsecurity.be/umanentityrepresentative/types/v3" >
   <soapenv:Header/>
   <soapenv:Body>
      <v1:getEntityRepresentativesRequest>
         <v1:messageContext>
         	  <v11:messageId>${=import static java.util.UUID.randomUUID; uuid = randomUUID() as String}</v11:messageId>
            <v11:timestamp>${=new java.text.SimpleDateFormat("yyyy-MM-dd'T'HH:mm:ss.SSS").format(new Date())}</v11:timestamp>
         </v1:messageContext>
         <v1:legalContext>ServiceIntegrator</v1:legalContext>
         <v1:request>
            <v1:Domain>QUAL_FED_HEALTHCARE</v1:Domain>
            <v1:OrganisationId>
               <v31:Identifier>1990000431</v31:Identifier>
               <v31:IdentifierType>BEEHP</v31:IdentifierType>
            </v1:OrganisationId>
            <v1:Language>nl</v1:Language>
         </v1:request>
      </v1:getEntityRepresentativesRequest>
   </soapenv:Body>
</soapenv:Envelope>]]></con:request><con:credentials><con:selectedAuthProfile>Basic</con:selectedAuthProfile><con:addedBasicAuthenticationTypes>Basic</con:addedBasicAuthenticationTypes><con:authType>Global HTTP Settings</con:authType></con:credentials><con:jmsConfig JMSDeliveryMode="PERSISTENT"/><con:jmsPropertyConfig/><con:wsaConfig mustUnderstand="NONE" version="200508" action="http://fidus.brussels/services/accessmanagerservice/getEntityRepresentatives"/><con:wsrmConfig version="1.2"/></con:call><con:call id="342c92c0-2545-4f46-8bb0-134199282dd6" name="5 - Prod - Worker1 - Request" incomingWss="Inflow PROD" outgoingWss="Outflow PROD"><con:settings><con:setting id="com.eviware.soapui.impl.wsdl.WsdlRequest@request-headers">&lt;xml-fragment/></con:setting></con:settings><con:encoding>UTF-8</con:encoding><con:endpoint>https://192.168.26.22:8443/services/AccessManagerService_v1.0</con:endpoint><con:request><![CDATA[<soapenv:Envelope xmlns:soapenv="http://schemas.xmlsoap.org/soap/envelope/" xmlns:v1="http://fidus.brussels/service/accessmanagerservice/messages/v1" xmlns:v11="http://fidus.brussels/type/common/messages/v1" xmlns:v31="http://socialsecurity.be/umanentityrepresentative/types/v3" >
   <soapenv:Header/>
   <soapenv:Body>
      <v1:getEntityRepresentativesRequest>
         <v1:messageContext>
         	  <v11:messageId>${=import static java.util.UUID.randomUUID; uuid = randomUUID() as String}</v11:messageId>
            <v11:timestamp>${=new java.text.SimpleDateFormat("yyyy-MM-dd'T'HH:mm:ss.SSS").format(new Date())}</v11:timestamp>
         </v1:messageContext>
         <v1:legalContext>ServiceIntegrator</v1:legalContext>
         <v1:request>
            <v1:Domain>QUAL_FED_HEALTHCARE</v1:Domain>
            <v1:OrganisationId>
               <v31:Identifier>1990000431</v31:Identifier>
               <v31:IdentifierType>BEEHP</v31:IdentifierType>
            </v1:OrganisationId>
            <v1:Language>nl</v1:Language>
         </v1:request>
      </v1:getEntityRepresentativesRequest>
   </soapenv:Body>
</soapenv:Envelope>]]></con:request><con:credentials><con:selectedAuthProfile>Basic</con:selectedAuthProfile><con:addedBasicAuthenticationTypes>Basic</con:addedBasicAuthenticationTypes><con:authType>Global HTTP Settings</con:authType></con:credentials><con:jmsConfig JMSDeliveryMode="PERSISTENT"/><con:jmsPropertyConfig/><con:wsaConfig mustUnderstand="NONE" version="200508" action="http://fidus.brussels/services/accessmanagerservice/getEntityRepresentatives"/><con:wsrmConfig version="1.2"/></con:call><con:call id="bdacaa4d-ede6-4ee6-bfb3-9369ee91c030" name="5 - Prod - Worker2 - Request" incomingWss="Inflow PROD" outgoingWss="Outflow PROD"><con:settings><con:setting id="com.eviware.soapui.impl.wsdl.WsdlRequest@request-headers">&lt;xml-fragment/></con:setting></con:settings><con:encoding>UTF-8</con:encoding><con:endpoint>https://192.168.26.19:8443/services/AccessManagerService_v1.0</con:endpoint><con:request><![CDATA[<soapenv:Envelope xmlns:soapenv="http://schemas.xmlsoap.org/soap/envelope/" xmlns:v1="http://fidus.brussels/service/accessmanagerservice/messages/v1" xmlns:v11="http://fidus.brussels/type/common/messages/v1" xmlns:v31="http://socialsecurity.be/umanentityrepresentative/types/v3" >
   <soapenv:Header/>
   <soapenv:Body>
      <v1:getEntityRepresentativesRequest>
         <v1:messageContext>
         	  <v11:messageId>${=import static java.util.UUID.randomUUID; uuid = randomUUID() as String}</v11:messageId>
            <v11:timestamp>${=new java.text.SimpleDateFormat("yyyy-MM-dd'T'HH:mm:ss.SSS").format(new Date())}</v11:timestamp>
         </v1:messageContext>
         <v1:legalContext>ServiceIntegrator</v1:legalContext>
         <v1:request>
            <v1:Domain>QUAL_FED_HEALTHCARE</v1:Domain>
            <v1:OrganisationId>
               <v31:Identifier>1990000431</v31:Identifier>
               <v31:IdentifierType>BEEHP</v31:IdentifierType>
            </v1:OrganisationId>
            <v1:Language>nl</v1:Language>
         </v1:request>
      </v1:getEntityRepresentativesRequest>
   </soapenv:Body>
</soapenv:Envelope>]]></con:request><con:credentials><con:selectedAuthProfile>Basic</con:selectedAuthProfile><con:addedBasicAuthenticationTypes>Basic</con:addedBasicAuthenticationTypes><con:authType>Global HTTP Settings</con:authType></con:credentials><con:jmsConfig JMSDeliveryMode="PERSISTENT"/><con:jmsPropertyConfig/><con:wsaConfig mustUnderstand="NONE" version="200508" action="http://fidus.brussels/services/accessmanagerservice/getEntityRepresentatives"/><con:wsrmConfig version="1.2"/></con:call><con:call id="624f8721-6abf-468f-8039-69827497d79a" name="3 - Test - Worker1New - Request" outgoingWss="Outflow TEST" incomingWss="Inflow TEST"><con:settings><con:setting id="com.eviware.soapui.impl.wsdl.WsdlRequest@request-headers">&lt;xml-fragment/></con:setting></con:settings><con:encoding>UTF-8</con:encoding><con:endpoint>https://192.168.22.73:8443/services/AccessManagerService_v1.0</con:endpoint><con:request><![CDATA[<soapenv:Envelope xmlns:soapenv="http://schemas.xmlsoap.org/soap/envelope/" xmlns:v1="http://fidus.brussels/service/accessmanagerservice/messages/v1" xmlns:v11="http://fidus.brussels/type/common/messages/v1" xmlns:v31="http://socialsecurity.be/umanentityrepresentative/types/v3" >
   <soapenv:Header/>
   <soapenv:Body>
      <v1:getEntityRepresentativesRequest>
         <v1:messageContext>
         	  <v11:messageId>${=import static java.util.UUID.randomUUID; uuid = randomUUID() as String}</v11:messageId>
            <v11:timestamp>${=new java.text.SimpleDateFormat("yyyy-MM-dd'T'HH:mm:ss.SSS").format(new Date())}</v11:timestamp>
         </v1:messageContext>
         <v1:legalContext>ServiceIntegrator</v1:legalContext>
         <v1:request>
            <v1:Domain>QUAL_FED_HEALTHCARE</v1:Domain>
            <v1:OrganisationId>
               <v31:Identifier>1990000431</v31:Identifier>
               <v31:IdentifierType>BEEHP</v31:IdentifierType>
            </v1:OrganisationId>
            <v1:Language>nl</v1:Language>
         </v1:request>
      </v1:getEntityRepresentativesRequest>
   </soapenv:Body>
</soapenv:Envelope>]]></con:request><con:credentials><con:selectedAuthProfile>Basic</con:selectedAuthProfile><con:addedBasicAuthenticationTypes>Basic</con:addedBasicAuthenticationTypes><con:authType>Global HTTP Settings</con:authType></con:credentials><con:jmsConfig JMSDeliveryMode="PERSISTENT"/><con:jmsPropertyConfig/><con:wsaConfig mustUnderstand="NONE" version="200508" action="http://fidus.brussels/services/accessmanagerservice/getEntityRepresentatives"/><con:wsrmConfig version="1.2"/></con:call><con:call id="b5f06d80-b545-4020-9964-52d58383a123" name="3 - Test - Worker2New - Request" outgoingWss="Outflow TEST" incomingWss="Inflow TEST"><con:settings><con:setting id="com.eviware.soapui.impl.wsdl.WsdlRequest@request-headers">&lt;xml-fragment/></con:setting></con:settings><con:encoding>UTF-8</con:encoding><con:endpoint>https://192.168.22.93:8443/services/AccessManagerService_v1.0</con:endpoint><con:request><![CDATA[<soapenv:Envelope xmlns:soapenv="http://schemas.xmlsoap.org/soap/envelope/" xmlns:v1="http://fidus.brussels/service/accessmanagerservice/messages/v1" xmlns:v11="http://fidus.brussels/type/common/messages/v1" xmlns:v31="http://socialsecurity.be/umanentityrepresentative/types/v3" >
   <soapenv:Header/>
   <soapenv:Body>
      <v1:getEntityRepresentativesRequest>
         <v1:messageContext>
         	  <v11:messageId>${=import static java.util.UUID.randomUUID; uuid = randomUUID() as String}</v11:messageId>
            <v11:timestamp>${=new java.text.SimpleDateFormat("yyyy-MM-dd'T'HH:mm:ss.SSS").format(new Date())}</v11:timestamp>
         </v1:messageContext>
         <v1:legalContext>ServiceIntegrator</v1:legalContext>
         <v1:request>
            <v1:Domain>QUAL_FED_HEALTHCARE</v1:Domain>
            <v1:OrganisationId>
               <v31:Identifier>1990000431</v31:Identifier>
               <v31:IdentifierType>BEEHP</v31:IdentifierType>
            </v1:OrganisationId>
            <v1:Language>nl</v1:Language>
         </v1:request>
      </v1:getEntityRepresentativesRequest>
   </soapenv:Body>
</soapenv:Envelope>]]></con:request><con:credentials><con:selectedAuthProfile>Basic</con:selectedAuthProfile><con:addedBasicAuthenticationTypes>Basic</con:addedBasicAuthenticationTypes><con:authType>Global HTTP Settings</con:authType></con:credentials><con:jmsConfig JMSDeliveryMode="PERSISTENT"/><con:jmsPropertyConfig/><con:wsaConfig mustUnderstand="NONE" version="200508" action="http://fidus.brussels/services/accessmanagerservice/getEntityRepresentatives"/><con:wsrmConfig version="1.2"/></con:call><con:call id="5160a3e6-a6d5-4f03-aa4f-e21624104ca8" name="4 - Staging - Worker1New - Request" outgoingWss="Outflow STAGING" incomingWss="Inflow STAGING"><con:settings><con:setting id="com.eviware.soapui.impl.wsdl.WsdlRequest@request-headers">&lt;xml-fragment/></con:setting></con:settings><con:encoding>UTF-8</con:encoding><con:endpoint>https://192.168.23.191:8443/services/AccessManagerService_v1.0</con:endpoint><con:request><![CDATA[<soapenv:Envelope xmlns:soapenv="http://schemas.xmlsoap.org/soap/envelope/" xmlns:v1="http://fidus.brussels/service/accessmanagerservice/messages/v1" xmlns:v11="http://fidus.brussels/type/common/messages/v1" xmlns:v31="http://socialsecurity.be/umanentityrepresentative/types/v3" >
   <soapenv:Header/>
   <soapenv:Body>
      <v1:getEntityRepresentativesRequest>
         <v1:messageContext>
         	  <v11:messageId>${=import static java.util.UUID.randomUUID; uuid = randomUUID() as String}</v11:messageId>
            <v11:timestamp>${=new java.text.SimpleDateFormat("yyyy-MM-dd'T'HH:mm:ss.SSS").format(new Date())}</v11:timestamp>
         </v1:messageContext>
         <v1:legalContext>ServiceIntegrator</v1:legalContext>
         <v1:request>
            <v1:Domain>QUAL_FED_HEALTHCARE</v1:Domain>
            <v1:OrganisationId>
               <v31:Identifier>1990000431</v31:Identifier>
               <v31:IdentifierType>BEEHP</v31:IdentifierType>
            </v1:OrganisationId>
            <v1:Language>nl</v1:Language>
         </v1:request>
      </v1:getEntityRepresentativesRequest>
   </soapenv:Body>
</soapenv:Envelope>]]></con:request><con:credentials><con:selectedAuthProfile>Basic</con:selectedAuthProfile><con:addedBasicAuthenticationTypes>Basic</con:addedBasicAuthenticationTypes><con:authType>Global HTTP Settings</con:authType></con:credentials><con:jmsConfig JMSDeliveryMode="PERSISTENT"/><con:jmsPropertyConfig/><con:wsaConfig mustUnderstand="NONE" version="200508" action="http://fidus.brussels/services/accessmanagerservice/getEntityRepresentatives"/><con:wsrmConfig version="1.2"/></con:call><con:call id="df52665c-df45-4001-8eb5-c0dd3489c08b" name="4 - Staging - Worker2New - Request" outgoingWss="Outflow STAGING" incomingWss="Inflow STAGING"><con:settings><con:setting id="com.eviware.soapui.impl.wsdl.WsdlRequest@request-headers">&lt;xml-fragment/></con:setting></con:settings><con:encoding>UTF-8</con:encoding><con:endpoint>https://192.168.23.198:8443/services/AccessManagerService_v1.0</con:endpoint><con:request><![CDATA[<soapenv:Envelope xmlns:soapenv="http://schemas.xmlsoap.org/soap/envelope/" xmlns:v1="http://fidus.brussels/service/accessmanagerservice/messages/v1" xmlns:v11="http://fidus.brussels/type/common/messages/v1" xmlns:v31="http://socialsecurity.be/umanentityrepresentative/types/v3" >
   <soapenv:Header/>
   <soapenv:Body>
      <v1:getEntityRepresentativesRequest>
         <v1:messageContext>
         	  <v11:messageId>${=import static java.util.UUID.randomUUID; uuid = randomUUID() as String}</v11:messageId>
            <v11:timestamp>${=new java.text.SimpleDateFormat("yyyy-MM-dd'T'HH:mm:ss.SSS").format(new Date())}</v11:timestamp>
         </v1:messageContext>
         <v1:legalContext>ServiceIntegrator</v1:legalContext>
         <v1:request>
            <v1:Domain>QUAL_FED_HEALTHCARE</v1:Domain>
            <v1:OrganisationId>
               <v31:Identifier>1990000431</v31:Identifier>
               <v31:IdentifierType>BEEHP</v31:IdentifierType>
            </v1:OrganisationId>
            <v1:Language>nl</v1:Language>
         </v1:request>
      </v1:getEntityRepresentativesRequest>
   </soapenv:Body>
</soapenv:Envelope>]]></con:request><con:credentials><con:selectedAuthProfile>Basic</con:selectedAuthProfile><con:addedBasicAuthenticationTypes>Basic</con:addedBasicAuthenticationTypes><con:authType>Global HTTP Settings</con:authType></con:credentials><con:jmsConfig JMSDeliveryMode="PERSISTENT"/><con:jmsPropertyConfig/><con:wsaConfig mustUnderstand="NONE" version="200508" action="http://fidus.brussels/services/accessmanagerservice/getEntityRepresentatives"/><con:wsrmConfig version="1.2"/></con:call></con:operation><con:operation id="1ada035c-f750-459e-a201-428e5fb2b469" isOneWay="false" action="http://fidus.brussels/services/accessmanagerservice/getOrganisationChildNodes" name="getOrganisationChildNodes" bindingOperationName="getOrganisationChildNodes" type="Request-Response" inputName="" receivesAttachments="false" sendsAttachments="false" anonymous="optional"><con:settings/><con:call id="0bde390e-f55b-4b7f-aedb-4f7b85f196c9" name="1 - Local - Request - OK" outgoingWss="Outflow DEV" incomingWss="Inflow DEV"><con:settings><con:setting id="com.eviware.soapui.impl.wsdl.WsdlRequest@request-headers">&lt;xml-fragment/></con:setting></con:settings><con:encoding>UTF-8</con:encoding><con:endpoint>https://localhost:8243/services/AccessManagerService_v1.0</con:endpoint><con:request><![CDATA[<soapenv:Envelope xmlns:soapenv="http://schemas.xmlsoap.org/soap/envelope/" xmlns:v1="http://fidus.brussels/service/accessmanagerservice/messages/v1" xmlns:v11="http://fidus.brussels/type/common/messages/v1" xmlns:v31="http://socialsecurity.be/umanentityrepresentative/types/v3">
   <soapenv:Header/>
   <soapenv:Body>
      <v1:getOrganisationChildNodesRequest>
         <v1:messageContext>
         	  <v11:messageId>${=import static java.util.UUID.randomUUID; uuid = randomUUID() as String}</v11:messageId>
            <v11:timestamp>${=new java.text.SimpleDateFormat("yyyy-MM-dd'T'HH:mm:ss.SSS").format(new Date())}</v11:timestamp>
         </v1:messageContext>
         <v1:legalContext>ServiceIntegrator</v1:legalContext>
         <v1:request>
            <v1:Domain>QUAL_FED_HEALTHCARE</v1:Domain>
            <v1:OrganisationId>
               <v31:Identifier>1990000431</v31:Identifier>
               <v31:IdentifierType>BEEHP</v31:IdentifierType>
            </v1:OrganisationId>
            <v1:Language>nl</v1:Language>
         </v1:request>
      </v1:getOrganisationChildNodesRequest>
   </soapenv:Body>
</soapenv:Envelope>]]></con:request><con:credentials><con:selectedAuthProfile>Basic</con:selectedAuthProfile><con:addedBasicAuthenticationTypes>Basic</con:addedBasicAuthenticationTypes><con:authType>Global HTTP Settings</con:authType></con:credentials><con:jmsConfig JMSDeliveryMode="PERSISTENT"/><con:jmsPropertyConfig/><con:wsaConfig mustUnderstand="NONE" version="200508" action="http://fidus.brussels/services/accessmanagerservice/getOrganisationChildNodes"/><con:wsrmConfig version="1.2"/></con:call><con:call id="eba2e52f-9b3e-43c5-b703-ebcc56afdb97" name="2 - Dev - Request - OK" incomingWss="Inflow DEV" outgoingWss="Outflow DEV"><con:settings><con:setting id="com.eviware.soapui.impl.wsdl.WsdlRequest@request-headers">&lt;xml-fragment/></con:setting></con:settings><con:encoding>UTF-8</con:encoding><con:endpoint>https://192.168.36.61:8243/services/AccessManagerService_v1.0</con:endpoint><con:request><![CDATA[<soapenv:Envelope xmlns:soapenv="http://schemas.xmlsoap.org/soap/envelope/" xmlns:v1="http://fidus.brussels/service/accessmanagerservice/messages/v1" xmlns:v11="http://fidus.brussels/type/common/messages/v1" xmlns:v31="http://socialsecurity.be/umanentityrepresentative/types/v3">
   <soapenv:Header/>
   <soapenv:Body>
      <v1:getOrganisationChildNodesRequest>
         <v1:messageContext>
         	  <v11:messageId>${=import static java.util.UUID.randomUUID; uuid = randomUUID() as String}</v11:messageId>
            <v11:timestamp>${=new java.text.SimpleDateFormat("yyyy-MM-dd'T'HH:mm:ss.SSS").format(new Date())}</v11:timestamp>
         </v1:messageContext>
         <v1:legalContext>ServiceIntegrator</v1:legalContext>
         <v1:request>
            <v1:Domain>QUAL_FED_HEALTHCARE</v1:Domain>
            <v1:OrganisationId>
               <v31:Identifier>1990000431</v31:Identifier>
               <v31:IdentifierType>BEEHP</v31:IdentifierType>
            </v1:OrganisationId>
            <v1:Language>nl</v1:Language>
         </v1:request>
      </v1:getOrganisationChildNodesRequest>
   </soapenv:Body>
</soapenv:Envelope>]]></con:request><con:credentials><con:selectedAuthProfile>Basic</con:selectedAuthProfile><con:addedBasicAuthenticationTypes>Basic</con:addedBasicAuthenticationTypes><con:authType>Global HTTP Settings</con:authType></con:credentials><con:jmsConfig JMSDeliveryMode="PERSISTENT"/><con:jmsPropertyConfig/><con:wsaConfig mustUnderstand="NONE" version="200508" action="http://fidus.brussels/services/accessmanagerservice/getOrganisationChildNodes"/><con:wsrmConfig version="1.2"/></con:call><con:call id="d7988042-f538-4a25-b99b-e9c5ecfab90c" name="3 - Test - LB - Request" outgoingWss="Outflow TEST" incomingWss="Inflow TEST"><con:settings><con:setting id="com.eviware.soapui.impl.wsdl.WsdlRequest@request-headers">&lt;xml-fragment/></con:setting></con:settings><con:encoding>UTF-8</con:encoding><con:endpoint>https://esb-security-gw.sta.srv.cirb.lan:8443/services/AccessManagerService_v1.0</con:endpoint><con:request><![CDATA[<soapenv:Envelope xmlns:soapenv="http://schemas.xmlsoap.org/soap/envelope/" xmlns:v1="http://fidus.brussels/service/accessmanagerservice/messages/v1" xmlns:v11="http://fidus.brussels/type/common/messages/v1" xmlns:v31="http://socialsecurity.be/umanentityrepresentative/types/v3">
   <soapenv:Header/>
   <soapenv:Body>
      <v1:getOrganisationChildNodesRequest>
         <v1:messageContext>
         	  <v11:messageId>${=import static java.util.UUID.randomUUID; uuid = randomUUID() as String}</v11:messageId>
            <v11:timestamp>${=new java.text.SimpleDateFormat("yyyy-MM-dd'T'HH:mm:ss.SSS").format(new Date())}</v11:timestamp>
         </v1:messageContext>
         <v1:legalContext>ServiceIntegrator</v1:legalContext>
         <v1:request>
            <v1:Domain>QUAL_FED_HEALTHCARE</v1:Domain>
            <v1:OrganisationId>
               <v31:Identifier>1990000431</v31:Identifier>
               <v31:IdentifierType>BEEHP</v31:IdentifierType>
            </v1:OrganisationId>
            <v1:Language>nl</v1:Language>
         </v1:request>
      </v1:getOrganisationChildNodesRequest>
   </soapenv:Body>
</soapenv:Envelope>]]></con:request><con:credentials><con:selectedAuthProfile>Basic</con:selectedAuthProfile><con:addedBasicAuthenticationTypes>Basic</con:addedBasicAuthenticationTypes><con:authType>Global HTTP Settings</con:authType></con:credentials><con:jmsConfig JMSDeliveryMode="PERSISTENT"/><con:jmsPropertyConfig/><con:wsaConfig mustUnderstand="NONE" version="200508" action="http://fidus.brussels/services/accessmanagerservice/getOrganisationChildNodes"/><con:wsrmConfig version="1.2"/></con:call><con:call id="361adb88-ddeb-431b-804d-9d0b67ea18ba" name="4 - Staging - LB - Request" incomingWss="Inflow STAGING" outgoingWss="Outflow STAGING"><con:settings><con:setting id="com.eviware.soapui.impl.wsdl.WsdlRequest@request-headers">&lt;xml-fragment/></con:setting></con:settings><con:encoding>UTF-8</con:encoding><con:endpoint>https://fidus-esb-sg.sta.srv.cirb.lan:8443/services/AccessManagerService_v1.0</con:endpoint><con:request><![CDATA[<soapenv:Envelope xmlns:soapenv="http://schemas.xmlsoap.org/soap/envelope/" xmlns:v1="http://fidus.brussels/service/accessmanagerservice/messages/v1" xmlns:v11="http://fidus.brussels/type/common/messages/v1" xmlns:v31="http://socialsecurity.be/umanentityrepresentative/types/v3">
   <soapenv:Header/>
   <soapenv:Body>
      <v1:getOrganisationChildNodesRequest>
         <v1:messageContext>
         	  <v11:messageId>${=import static java.util.UUID.randomUUID; uuid = randomUUID() as String}</v11:messageId>
            <v11:timestamp>${=new java.text.SimpleDateFormat("yyyy-MM-dd'T'HH:mm:ss.SSS").format(new Date())}</v11:timestamp>
         </v1:messageContext>
         <v1:legalContext>ServiceIntegrator</v1:legalContext>
         <v1:request>
            <v1:Domain>QUAL_FED_HEALTHCARE</v1:Domain>
            <v1:OrganisationId>
               <v31:Identifier>1990000431</v31:Identifier>
               <v31:IdentifierType>BEEHP</v31:IdentifierType>
            </v1:OrganisationId>
            <v1:Language>nl</v1:Language>
         </v1:request>
      </v1:getOrganisationChildNodesRequest>
   </soapenv:Body>
</soapenv:Envelope>]]></con:request><con:credentials><con:selectedAuthProfile>Basic</con:selectedAuthProfile><con:addedBasicAuthenticationTypes>Basic</con:addedBasicAuthenticationTypes><con:authType>Global HTTP Settings</con:authType></con:credentials><con:jmsConfig JMSDeliveryMode="PERSISTENT"/><con:jmsPropertyConfig/><con:wsaConfig mustUnderstand="NONE" version="200508" action="http://fidus.brussels/services/accessmanagerservice/getOrganisationChildNodes"/><con:wsrmConfig version="1.2"/></con:call><con:call id="3653606e-ac74-4d28-9f57-25a537e0d142" name="5 - Prod - External - Request" incomingWss="Inflow PROD" outgoingWss="Outflow PROD"><con:settings><con:setting id="com.eviware.soapui.impl.wsdl.WsdlRequest@request-headers">&lt;xml-fragment/></con:setting></con:settings><con:encoding>UTF-8</con:encoding><con:endpoint>https://fidus.sec.brussels/services/AccessManagerService_v1.0</con:endpoint><con:request><![CDATA[<soapenv:Envelope xmlns:soapenv="http://schemas.xmlsoap.org/soap/envelope/" xmlns:v1="http://fidus.brussels/service/accessmanagerservice/messages/v1" xmlns:v11="http://fidus.brussels/type/common/messages/v1" xmlns:v31="http://socialsecurity.be/umanentityrepresentative/types/v3">
   <soapenv:Header/>
   <soapenv:Body>
      <v1:getOrganisationChildNodesRequest>
         <v1:messageContext>
         	  <v11:messageId>${=import static java.util.UUID.randomUUID; uuid = randomUUID() as String}</v11:messageId>
            <v11:timestamp>${=new java.text.SimpleDateFormat("yyyy-MM-dd'T'HH:mm:ss.SSS").format(new Date())}</v11:timestamp>
         </v1:messageContext>
         <v1:legalContext>ServiceIntegrator</v1:legalContext>
         <v1:request>
            <v1:Domain>QUAL_FED_HEALTHCARE</v1:Domain>
            <v1:OrganisationId>
               <v31:Identifier>1990000431</v31:Identifier>
               <v31:IdentifierType>BEEHP</v31:IdentifierType>
            </v1:OrganisationId>
            <v1:Language>nl</v1:Language>
         </v1:request>
      </v1:getOrganisationChildNodesRequest>
   </soapenv:Body>
</soapenv:Envelope>]]></con:request><con:credentials><con:selectedAuthProfile>Basic</con:selectedAuthProfile><con:addedBasicAuthenticationTypes>Basic</con:addedBasicAuthenticationTypes><con:authType>Global HTTP Settings</con:authType></con:credentials><con:jmsConfig JMSDeliveryMode="PERSISTENT"/><con:jmsPropertyConfig/><con:wsaConfig mustUnderstand="NONE" version="200508" action="http://fidus.brussels/services/accessmanagerservice/getOrganisationChildNodes"/><con:wsrmConfig version="1.2"/></con:call><con:call id="f805c554-4c9b-426e-bb71-e399f475bde7" name="1 - Local - Request - Not Found" incomingWss="Inflow DEV" outgoingWss="Outflow DEV"><con:settings><con:setting id="com.eviware.soapui.impl.wsdl.WsdlRequest@request-headers">&lt;xml-fragment/></con:setting></con:settings><con:encoding>UTF-8</con:encoding><con:endpoint>https://localhost:8243/services/AccessManagerService_v1.0</con:endpoint><con:request><![CDATA[<soapenv:Envelope xmlns:soapenv="http://schemas.xmlsoap.org/soap/envelope/" xmlns:v1="http://fidus.brussels/service/accessmanagerservice/messages/v1" xmlns:v11="http://fidus.brussels/type/common/messages/v1" xmlns:v31="http://socialsecurity.be/umanentityrepresentative/types/v3">
   <soapenv:Header/>
   <soapenv:Body>
      <v1:getOrganisationChildNodesRequest>
         <v1:messageContext>
         	  <v11:messageId>${=import static java.util.UUID.randomUUID; uuid = randomUUID() as String}</v11:messageId>
            <v11:timestamp>${=new java.text.SimpleDateFormat("yyyy-MM-dd'T'HH:mm:ss.SSS").format(new Date())}</v11:timestamp>
         </v1:messageContext>
         <v1:legalContext>ServiceIntegrator</v1:legalContext>
         <v1:request>
            <v1:Domain>FREELANCE</v1:Domain>
            <v1:OrganisationId>
               <v31:Identifier>1990000431</v31:Identifier>
               <v31:IdentifierType>BEEHP</v31:IdentifierType>
            </v1:OrganisationId>
            <v1:Language>nl</v1:Language>
         </v1:request>
      </v1:getOrganisationChildNodesRequest>
   </soapenv:Body>
</soapenv:Envelope>]]></con:request><con:credentials><con:selectedAuthProfile>Basic</con:selectedAuthProfile><con:addedBasicAuthenticationTypes>Basic</con:addedBasicAuthenticationTypes><con:authType>Global HTTP Settings</con:authType></con:credentials><con:jmsConfig JMSDeliveryMode="PERSISTENT"/><con:jmsPropertyConfig/><con:wsaConfig mustUnderstand="NONE" version="200508" action="http://fidus.brussels/services/accessmanagerservice/getOrganisationChildNodes"/><con:wsrmConfig version="1.2"/></con:call><con:call id="be34b6cf-a08f-432c-a635-5768c8b5e8e9" name="2 - Dev - Request - Not Found" outgoingWss="Outflow DEV" incomingWss="Inflow DEV"><con:settings><con:setting id="com.eviware.soapui.impl.wsdl.WsdlRequest@request-headers">&lt;xml-fragment/></con:setting></con:settings><con:encoding>UTF-8</con:encoding><con:endpoint>https://192.168.36.61:8243/services/AccessManagerService_v1.0</con:endpoint><con:request><![CDATA[<soapenv:Envelope xmlns:soapenv="http://schemas.xmlsoap.org/soap/envelope/" xmlns:v1="http://fidus.brussels/service/accessmanagerservice/messages/v1" xmlns:v11="http://fidus.brussels/type/common/messages/v1" xmlns:v31="http://socialsecurity.be/umanentityrepresentative/types/v3">
   <soapenv:Header/>
   <soapenv:Body>
      <v1:getOrganisationChildNodesRequest>
         <v1:messageContext>
         	  <v11:messageId>${=import static java.util.UUID.randomUUID; uuid = randomUUID() as String}</v11:messageId>
            <v11:timestamp>${=new java.text.SimpleDateFormat("yyyy-MM-dd'T'HH:mm:ss.SSS").format(new Date())}</v11:timestamp>
         </v1:messageContext>
         <v1:legalContext>ServiceIntegrator</v1:legalContext>
         <v1:request>
            <v1:Domain>FREELANCE</v1:Domain>
            <v1:OrganisationId>
               <v31:Identifier>1990000431</v31:Identifier>
               <v31:IdentifierType>BEEHP</v31:IdentifierType>
            </v1:OrganisationId>
            <v1:Language>nl</v1:Language>
         </v1:request>
      </v1:getOrganisationChildNodesRequest>
   </soapenv:Body>
</soapenv:Envelope>]]></con:request><con:credentials><con:selectedAuthProfile>Basic</con:selectedAuthProfile><con:addedBasicAuthenticationTypes>Basic</con:addedBasicAuthenticationTypes><con:authType>Global HTTP Settings</con:authType></con:credentials><con:jmsConfig JMSDeliveryMode="PERSISTENT"/><con:jmsPropertyConfig/><con:wsaConfig mustUnderstand="NONE" version="200508" action="http://fidus.brussels/services/accessmanagerservice/getOrganisationChildNodes"/><con:wsrmConfig version="1.2"/></con:call><con:call id="71a75f70-b66d-43a5-8c0f-a9b2b996efd6" name="3 - Test - Worker1 - Request" incomingWss="Inflow TEST" outgoingWss="Outflow TEST"><con:settings><con:setting id="com.eviware.soapui.impl.wsdl.WsdlRequest@request-headers">&lt;xml-fragment/></con:setting></con:settings><con:encoding>UTF-8</con:encoding><con:endpoint>https://192.168.22.53:8443/services/AccessManagerService_v1.0</con:endpoint><con:request><![CDATA[<soapenv:Envelope xmlns:soapenv="http://schemas.xmlsoap.org/soap/envelope/" xmlns:v1="http://fidus.brussels/service/accessmanagerservice/messages/v1" xmlns:v11="http://fidus.brussels/type/common/messages/v1" xmlns:v31="http://socialsecurity.be/umanentityrepresentative/types/v3">
   <soapenv:Header/>
   <soapenv:Body>
      <v1:getOrganisationChildNodesRequest>
         <v1:messageContext>
         	  <v11:messageId>${=import static java.util.UUID.randomUUID; uuid = randomUUID() as String}</v11:messageId>
            <v11:timestamp>${=new java.text.SimpleDateFormat("yyyy-MM-dd'T'HH:mm:ss.SSS").format(new Date())}</v11:timestamp>
         </v1:messageContext>
         <v1:legalContext>ServiceIntegrator</v1:legalContext>
         <v1:request>
            <v1:Domain>QUAL_FED_HEALTHCARE</v1:Domain>
            <v1:OrganisationId>
               <v31:Identifier>1990000431</v31:Identifier>
               <v31:IdentifierType>BEEHP</v31:IdentifierType>
            </v1:OrganisationId>
            <v1:Language>nl</v1:Language>
         </v1:request>
      </v1:getOrganisationChildNodesRequest>
   </soapenv:Body>
</soapenv:Envelope>]]></con:request><con:credentials><con:selectedAuthProfile>Basic</con:selectedAuthProfile><con:addedBasicAuthenticationTypes>Basic</con:addedBasicAuthenticationTypes><con:authType>Global HTTP Settings</con:authType></con:credentials><con:jmsConfig JMSDeliveryMode="PERSISTENT"/><con:jmsPropertyConfig/><con:wsaConfig mustUnderstand="NONE" version="200508" action="http://fidus.brussels/services/accessmanagerservice/getOrganisationChildNodes"/><con:wsrmConfig version="1.2"/></con:call><con:call id="481b251d-b566-4b08-aea6-d4f44e773461" name="3 - Test - Worker2 - Request" incomingWss="Inflow TEST" outgoingWss="Outflow TEST"><con:settings><con:setting id="com.eviware.soapui.impl.wsdl.WsdlRequest@request-headers">&lt;xml-fragment/></con:setting></con:settings><con:encoding>UTF-8</con:encoding><con:endpoint>https://192.168.22.54:8443/services/AccessManagerService_v1.0</con:endpoint><con:request><![CDATA[<soapenv:Envelope xmlns:soapenv="http://schemas.xmlsoap.org/soap/envelope/" xmlns:v1="http://fidus.brussels/service/accessmanagerservice/messages/v1" xmlns:v11="http://fidus.brussels/type/common/messages/v1" xmlns:v31="http://socialsecurity.be/umanentityrepresentative/types/v3">
   <soapenv:Header/>
   <soapenv:Body>
      <v1:getOrganisationChildNodesRequest>
         <v1:messageContext>
         	  <v11:messageId>${=import static java.util.UUID.randomUUID; uuid = randomUUID() as String}</v11:messageId>
            <v11:timestamp>${=new java.text.SimpleDateFormat("yyyy-MM-dd'T'HH:mm:ss.SSS").format(new Date())}</v11:timestamp>
         </v1:messageContext>
         <v1:legalContext>ServiceIntegrator</v1:legalContext>
         <v1:request>
            <v1:Domain>QUAL_FED_HEALTHCARE</v1:Domain>
            <v1:OrganisationId>
               <v31:Identifier>1990000431</v31:Identifier>
               <v31:IdentifierType>BEEHP</v31:IdentifierType>
            </v1:OrganisationId>
            <v1:Language>nl</v1:Language>
         </v1:request>
      </v1:getOrganisationChildNodesRequest>
   </soapenv:Body>
</soapenv:Envelope>]]></con:request><con:credentials><con:selectedAuthProfile>Basic</con:selectedAuthProfile><con:addedBasicAuthenticationTypes>Basic</con:addedBasicAuthenticationTypes><con:authType>Global HTTP Settings</con:authType></con:credentials><con:jmsConfig JMSDeliveryMode="PERSISTENT"/><con:jmsPropertyConfig/><con:wsaConfig mustUnderstand="NONE" version="200508" action="http://fidus.brussels/services/accessmanagerservice/getOrganisationChildNodes"/><con:wsrmConfig version="1.2"/></con:call><con:call id="0921d4fe-5316-41a3-90d9-4c1e442ef5ea" name="4 - Staging - Worker1 - Request" incomingWss="Inflow STAGING" outgoingWss="Outflow STAGING"><con:settings><con:setting id="com.eviware.soapui.impl.wsdl.WsdlRequest@request-headers">&lt;xml-fragment/></con:setting></con:settings><con:encoding>UTF-8</con:encoding><con:endpoint>https://192.168.24.16:8443/services/AccessManagerService_v1.0</con:endpoint><con:request><![CDATA[<soapenv:Envelope xmlns:soapenv="http://schemas.xmlsoap.org/soap/envelope/" xmlns:v1="http://fidus.brussels/service/accessmanagerservice/messages/v1" xmlns:v11="http://fidus.brussels/type/common/messages/v1" xmlns:v31="http://socialsecurity.be/umanentityrepresentative/types/v3">
   <soapenv:Header/>
   <soapenv:Body>
      <v1:getOrganisationChildNodesRequest>
         <v1:messageContext>
         	  <v11:messageId>${=import static java.util.UUID.randomUUID; uuid = randomUUID() as String}</v11:messageId>
            <v11:timestamp>${=new java.text.SimpleDateFormat("yyyy-MM-dd'T'HH:mm:ss.SSS").format(new Date())}</v11:timestamp>
         </v1:messageContext>
         <v1:legalContext>ServiceIntegrator</v1:legalContext>
         <v1:request>
            <v1:Domain>QUAL_FED_HEALTHCARE</v1:Domain>
            <v1:OrganisationId>
               <v31:Identifier>1990000431</v31:Identifier>
               <v31:IdentifierType>BEEHP</v31:IdentifierType>
            </v1:OrganisationId>
            <v1:Language>nl</v1:Language>
         </v1:request>
      </v1:getOrganisationChildNodesRequest>
   </soapenv:Body>
</soapenv:Envelope>]]></con:request><con:credentials><con:selectedAuthProfile>Basic</con:selectedAuthProfile><con:addedBasicAuthenticationTypes>Basic</con:addedBasicAuthenticationTypes><con:authType>Global HTTP Settings</con:authType></con:credentials><con:jmsConfig JMSDeliveryMode="PERSISTENT"/><con:jmsPropertyConfig/><con:wsaConfig mustUnderstand="NONE" version="200508" action="http://fidus.brussels/services/accessmanagerservice/getOrganisationChildNodes"/><con:wsrmConfig version="1.2"/></con:call><con:call id="6062bc62-0548-479c-8ca8-47164dad11fb" name="4 - Staging - Worker2 - Request" incomingWss="Inflow STAGING" outgoingWss="Outflow STAGING"><con:settings><con:setting id="com.eviware.soapui.impl.wsdl.WsdlRequest@request-headers">&lt;xml-fragment/></con:setting></con:settings><con:encoding>UTF-8</con:encoding><con:endpoint>https://192.168.24.17:8443/services/AccessManagerService_v1.0</con:endpoint><con:request><![CDATA[<soapenv:Envelope xmlns:soapenv="http://schemas.xmlsoap.org/soap/envelope/" xmlns:v1="http://fidus.brussels/service/accessmanagerservice/messages/v1" xmlns:v11="http://fidus.brussels/type/common/messages/v1" xmlns:v31="http://socialsecurity.be/umanentityrepresentative/types/v3">
   <soapenv:Header/>
   <soapenv:Body>
      <v1:getOrganisationChildNodesRequest>
         <v1:messageContext>
         	  <v11:messageId>${=import static java.util.UUID.randomUUID; uuid = randomUUID() as String}</v11:messageId>
            <v11:timestamp>${=new java.text.SimpleDateFormat("yyyy-MM-dd'T'HH:mm:ss.SSS").format(new Date())}</v11:timestamp>
         </v1:messageContext>
         <v1:legalContext>ServiceIntegrator</v1:legalContext>
         <v1:request>
            <v1:Domain>QUAL_FED_HEALTHCARE</v1:Domain>
            <v1:OrganisationId>
               <v31:Identifier>1990000431</v31:Identifier>
               <v31:IdentifierType>BEEHP</v31:IdentifierType>
            </v1:OrganisationId>
            <v1:Language>nl</v1:Language>
         </v1:request>
      </v1:getOrganisationChildNodesRequest>
   </soapenv:Body>
</soapenv:Envelope>]]></con:request><con:credentials><con:selectedAuthProfile>Basic</con:selectedAuthProfile><con:addedBasicAuthenticationTypes>Basic</con:addedBasicAuthenticationTypes><con:authType>Global HTTP Settings</con:authType></con:credentials><con:jmsConfig JMSDeliveryMode="PERSISTENT"/><con:jmsPropertyConfig/><con:wsaConfig mustUnderstand="NONE" version="200508" action="http://fidus.brussels/services/accessmanagerservice/getOrganisationChildNodes"/><con:wsrmConfig version="1.2"/></con:call><con:call id="4582e159-15cd-4905-a4e9-339b9c4ac4d0" name="5 - Prod - LB - Request" incomingWss="Inflow PROD" outgoingWss="Outflow PROD"><con:settings><con:setting id="com.eviware.soapui.impl.wsdl.WsdlRequest@request-headers">&lt;xml-fragment/></con:setting></con:settings><con:encoding>UTF-8</con:encoding><con:endpoint>https://fidus-esb-sg.prd.srv.cirb.lan:8443/services/AccessManagerService_v1.0</con:endpoint><con:request><![CDATA[<soapenv:Envelope xmlns:soapenv="http://schemas.xmlsoap.org/soap/envelope/" xmlns:v1="http://fidus.brussels/service/accessmanagerservice/messages/v1" xmlns:v11="http://fidus.brussels/type/common/messages/v1" xmlns:v31="http://socialsecurity.be/umanentityrepresentative/types/v3">
   <soapenv:Header/>
   <soapenv:Body>
      <v1:getOrganisationChildNodesRequest>
         <v1:messageContext>
         	  <v11:messageId>${=import static java.util.UUID.randomUUID; uuid = randomUUID() as String}</v11:messageId>
            <v11:timestamp>${=new java.text.SimpleDateFormat("yyyy-MM-dd'T'HH:mm:ss.SSS").format(new Date())}</v11:timestamp>
         </v1:messageContext>
         <v1:legalContext>ServiceIntegrator</v1:legalContext>
         <v1:request>
            <v1:Domain>QUAL_FED_HEALTHCARE</v1:Domain>
            <v1:OrganisationId>
               <v31:Identifier>1990000431</v31:Identifier>
               <v31:IdentifierType>BEEHP</v31:IdentifierType>
            </v1:OrganisationId>
            <v1:Language>nl</v1:Language>
         </v1:request>
      </v1:getOrganisationChildNodesRequest>
   </soapenv:Body>
</soapenv:Envelope>]]></con:request><con:credentials><con:selectedAuthProfile>Basic</con:selectedAuthProfile><con:addedBasicAuthenticationTypes>Basic</con:addedBasicAuthenticationTypes><con:authType>Global HTTP Settings</con:authType></con:credentials><con:jmsConfig JMSDeliveryMode="PERSISTENT"/><con:jmsPropertyConfig/><con:wsaConfig mustUnderstand="NONE" version="200508" action="http://fidus.brussels/services/accessmanagerservice/getOrganisationChildNodes"/><con:wsrmConfig version="1.2"/></con:call><con:call id="515addc6-997a-4a6a-aa8c-449cbc184e2c" name="5 - Prod - Worker1 - Request" incomingWss="Inflow PROD" outgoingWss="Outflow PROD"><con:settings><con:setting id="com.eviware.soapui.impl.wsdl.WsdlRequest@request-headers">&lt;xml-fragment/></con:setting></con:settings><con:encoding>UTF-8</con:encoding><con:endpoint>https://192.168.26.22:8443/services/AccessManagerService_v1.0</con:endpoint><con:request><![CDATA[<soapenv:Envelope xmlns:soapenv="http://schemas.xmlsoap.org/soap/envelope/" xmlns:v1="http://fidus.brussels/service/accessmanagerservice/messages/v1" xmlns:v11="http://fidus.brussels/type/common/messages/v1" xmlns:v31="http://socialsecurity.be/umanentityrepresentative/types/v3">
   <soapenv:Header/>
   <soapenv:Body>
      <v1:getOrganisationChildNodesRequest>
         <v1:messageContext>
         	  <v11:messageId>${=import static java.util.UUID.randomUUID; uuid = randomUUID() as String}</v11:messageId>
            <v11:timestamp>${=new java.text.SimpleDateFormat("yyyy-MM-dd'T'HH:mm:ss.SSS").format(new Date())}</v11:timestamp>
         </v1:messageContext>
         <v1:legalContext>ServiceIntegrator</v1:legalContext>
         <v1:request>
            <v1:Domain>QUAL_FED_HEALTHCARE</v1:Domain>
            <v1:OrganisationId>
               <v31:Identifier>1990000431</v31:Identifier>
               <v31:IdentifierType>BEEHP</v31:IdentifierType>
            </v1:OrganisationId>
            <v1:Language>nl</v1:Language>
         </v1:request>
      </v1:getOrganisationChildNodesRequest>
   </soapenv:Body>
</soapenv:Envelope>]]></con:request><con:credentials><con:selectedAuthProfile>Basic</con:selectedAuthProfile><con:addedBasicAuthenticationTypes>Basic</con:addedBasicAuthenticationTypes><con:authType>Global HTTP Settings</con:authType></con:credentials><con:jmsConfig JMSDeliveryMode="PERSISTENT"/><con:jmsPropertyConfig/><con:wsaConfig mustUnderstand="NONE" version="200508" action="http://fidus.brussels/services/accessmanagerservice/getOrganisationChildNodes"/><con:wsrmConfig version="1.2"/></con:call><con:call id="18a8a466-7266-4883-9a71-2c9e8b94b94a" name="5 - Prod - Worker2 - Request" incomingWss="Inflow PROD" outgoingWss="Outflow PROD"><con:settings><con:setting id="com.eviware.soapui.impl.wsdl.WsdlRequest@request-headers">&lt;xml-fragment/></con:setting></con:settings><con:encoding>UTF-8</con:encoding><con:endpoint>https://192.168.26.19:8443/services/AccessManagerService_v1.0</con:endpoint><con:request><![CDATA[<soapenv:Envelope xmlns:soapenv="http://schemas.xmlsoap.org/soap/envelope/" xmlns:v1="http://fidus.brussels/service/accessmanagerservice/messages/v1" xmlns:v11="http://fidus.brussels/type/common/messages/v1" xmlns:v31="http://socialsecurity.be/umanentityrepresentative/types/v3">
   <soapenv:Header/>
   <soapenv:Body>
      <v1:getOrganisationChildNodesRequest>
         <v1:messageContext>
         	  <v11:messageId>${=import static java.util.UUID.randomUUID; uuid = randomUUID() as String}</v11:messageId>
            <v11:timestamp>${=new java.text.SimpleDateFormat("yyyy-MM-dd'T'HH:mm:ss.SSS").format(new Date())}</v11:timestamp>
         </v1:messageContext>
         <v1:legalContext>ServiceIntegrator</v1:legalContext>
         <v1:request>
            <v1:Domain>QUAL_FED_HEALTHCARE</v1:Domain>
            <v1:OrganisationId>
               <v31:Identifier>1990000431</v31:Identifier>
               <v31:IdentifierType>BEEHP</v31:IdentifierType>
            </v1:OrganisationId>
            <v1:Language>nl</v1:Language>
         </v1:request>
      </v1:getOrganisationChildNodesRequest>
   </soapenv:Body>
</soapenv:Envelope>]]></con:request><con:credentials><con:selectedAuthProfile>Basic</con:selectedAuthProfile><con:addedBasicAuthenticationTypes>Basic</con:addedBasicAuthenticationTypes><con:authType>Global HTTP Settings</con:authType></con:credentials><con:jmsConfig JMSDeliveryMode="PERSISTENT"/><con:jmsPropertyConfig/><con:wsaConfig mustUnderstand="NONE" version="200508" action="http://fidus.brussels/services/accessmanagerservice/getOrganisationChildNodes"/><con:wsrmConfig version="1.2"/></con:call><con:call id="2be96f5a-0675-4575-86f6-7a94a23ba173" name="3 - Test - Worker1New - Request" outgoingWss="Outflow TEST" incomingWss="Inflow TEST"><con:settings><con:setting id="com.eviware.soapui.impl.wsdl.WsdlRequest@request-headers">&lt;xml-fragment/></con:setting></con:settings><con:encoding>UTF-8</con:encoding><con:endpoint>https://192.168.22.73:8443/services/AccessManagerService_v1.0</con:endpoint><con:request><![CDATA[<soapenv:Envelope xmlns:soapenv="http://schemas.xmlsoap.org/soap/envelope/" xmlns:v1="http://fidus.brussels/service/accessmanagerservice/messages/v1" xmlns:v11="http://fidus.brussels/type/common/messages/v1" xmlns:v31="http://socialsecurity.be/umanentityrepresentative/types/v3">
   <soapenv:Header/>
   <soapenv:Body>
      <v1:getOrganisationChildNodesRequest>
         <v1:messageContext>
         	  <v11:messageId>${=import static java.util.UUID.randomUUID; uuid = randomUUID() as String}</v11:messageId>
            <v11:timestamp>${=new java.text.SimpleDateFormat("yyyy-MM-dd'T'HH:mm:ss.SSS").format(new Date())}</v11:timestamp>
         </v1:messageContext>
         <v1:legalContext>ServiceIntegrator</v1:legalContext>
         <v1:request>
            <v1:Domain>QUAL_FED_HEALTHCARE</v1:Domain>
            <v1:OrganisationId>
               <v31:Identifier>1990000431</v31:Identifier>
               <v31:IdentifierType>BEEHP</v31:IdentifierType>
            </v1:OrganisationId>
            <v1:Language>nl</v1:Language>
         </v1:request>
      </v1:getOrganisationChildNodesRequest>
   </soapenv:Body>
</soapenv:Envelope>]]></con:request><con:credentials><con:selectedAuthProfile>Basic</con:selectedAuthProfile><con:addedBasicAuthenticationTypes>Basic</con:addedBasicAuthenticationTypes><con:authType>Global HTTP Settings</con:authType></con:credentials><con:jmsConfig JMSDeliveryMode="PERSISTENT"/><con:jmsPropertyConfig/><con:wsaConfig mustUnderstand="NONE" version="200508" action="http://fidus.brussels/services/accessmanagerservice/getOrganisationChildNodes"/><con:wsrmConfig version="1.2"/></con:call><con:call id="d8ca8bec-fbad-4caf-8049-84ee0cd6264a" name="3 - Test - Worker2New - Request" outgoingWss="Outflow TEST" incomingWss="Inflow TEST"><con:settings><con:setting id="com.eviware.soapui.impl.wsdl.WsdlRequest@request-headers">&lt;xml-fragment/></con:setting></con:settings><con:encoding>UTF-8</con:encoding><con:endpoint>https://192.168.22.93:8443/services/AccessManagerService_v1.0</con:endpoint><con:request><![CDATA[<soapenv:Envelope xmlns:soapenv="http://schemas.xmlsoap.org/soap/envelope/" xmlns:v1="http://fidus.brussels/service/accessmanagerservice/messages/v1" xmlns:v11="http://fidus.brussels/type/common/messages/v1" xmlns:v31="http://socialsecurity.be/umanentityrepresentative/types/v3">
   <soapenv:Header/>
   <soapenv:Body>
      <v1:getOrganisationChildNodesRequest>
         <v1:messageContext>
         	  <v11:messageId>${=import static java.util.UUID.randomUUID; uuid = randomUUID() as String}</v11:messageId>
            <v11:timestamp>${=new java.text.SimpleDateFormat("yyyy-MM-dd'T'HH:mm:ss.SSS").format(new Date())}</v11:timestamp>
         </v1:messageContext>
         <v1:legalContext>ServiceIntegrator</v1:legalContext>
         <v1:request>
            <v1:Domain>QUAL_FED_HEALTHCARE</v1:Domain>
            <v1:OrganisationId>
               <v31:Identifier>1990000431</v31:Identifier>
               <v31:IdentifierType>BEEHP</v31:IdentifierType>
            </v1:OrganisationId>
            <v1:Language>nl</v1:Language>
         </v1:request>
      </v1:getOrganisationChildNodesRequest>
   </soapenv:Body>
</soapenv:Envelope>]]></con:request><con:credentials><con:selectedAuthProfile>Basic</con:selectedAuthProfile><con:addedBasicAuthenticationTypes>Basic</con:addedBasicAuthenticationTypes><con:authType>Global HTTP Settings</con:authType></con:credentials><con:jmsConfig JMSDeliveryMode="PERSISTENT"/><con:jmsPropertyConfig/><con:wsaConfig mustUnderstand="NONE" version="200508" action="http://fidus.brussels/services/accessmanagerservice/getOrganisationChildNodes"/><con:wsrmConfig version="1.2"/></con:call><con:call id="e65b6270-9a46-4151-91f2-ae0911b63308" name="4 - Staging - Worker1New - Request"><con:settings><con:setting id="com.eviware.soapui.impl.wsdl.WsdlRequest@request-headers">&lt;xml-fragment/></con:setting></con:settings><con:encoding>UTF-8</con:encoding><con:endpoint>https://192.168.23.191:8443/services/AccessManagerService_v1.0</con:endpoint><con:request><![CDATA[<soapenv:Envelope xmlns:soapenv="http://schemas.xmlsoap.org/soap/envelope/" xmlns:v1="http://fidus.brussels/service/accessmanagerservice/messages/v1" xmlns:v11="http://fidus.brussels/type/common/messages/v1" xmlns:v31="http://socialsecurity.be/umanentityrepresentative/types/v3">
   <soapenv:Header/>
   <soapenv:Body>
      <v1:getOrganisationChildNodesRequest>
         <v1:messageContext>
         	  <v11:messageId>${=import static java.util.UUID.randomUUID; uuid = randomUUID() as String}</v11:messageId>
            <v11:timestamp>${=new java.text.SimpleDateFormat("yyyy-MM-dd'T'HH:mm:ss.SSS").format(new Date())}</v11:timestamp>
         </v1:messageContext>
         <v1:legalContext>ServiceIntegrator</v1:legalContext>
         <v1:request>
            <v1:Domain>QUAL_FED_HEALTHCARE</v1:Domain>
            <v1:OrganisationId>
               <v31:Identifier>1990000431</v31:Identifier>
               <v31:IdentifierType>BEEHP</v31:IdentifierType>
            </v1:OrganisationId>
            <v1:Language>nl</v1:Language>
         </v1:request>
      </v1:getOrganisationChildNodesRequest>
   </soapenv:Body>
</soapenv:Envelope>]]></con:request><con:credentials><con:selectedAuthProfile>Basic</con:selectedAuthProfile><con:addedBasicAuthenticationTypes>Basic</con:addedBasicAuthenticationTypes><con:authType>Global HTTP Settings</con:authType></con:credentials><con:jmsConfig JMSDeliveryMode="PERSISTENT"/><con:jmsPropertyConfig/><con:wsaConfig mustUnderstand="NONE" version="200508" action="http://fidus.brussels/services/accessmanagerservice/getOrganisationChildNodes"/><con:wsrmConfig version="1.2"/></con:call><con:call id="4d8e496c-2914-4d31-8939-cc2b2cc0a070" name="4 - Staging - Worker2New - Request"><con:settings><con:setting id="com.eviware.soapui.impl.wsdl.WsdlRequest@request-headers">&lt;xml-fragment/></con:setting></con:settings><con:encoding>UTF-8</con:encoding><con:endpoint>https://192.168.23.198:8443/services/AccessManagerService_v1.0</con:endpoint><con:request><![CDATA[<soapenv:Envelope xmlns:soapenv="http://schemas.xmlsoap.org/soap/envelope/" xmlns:v1="http://fidus.brussels/service/accessmanagerservice/messages/v1" xmlns:v11="http://fidus.brussels/type/common/messages/v1" xmlns:v31="http://socialsecurity.be/umanentityrepresentative/types/v3">
   <soapenv:Header/>
   <soapenv:Body>
      <v1:getOrganisationChildNodesRequest>
         <v1:messageContext>
         	  <v11:messageId>${=import static java.util.UUID.randomUUID; uuid = randomUUID() as String}</v11:messageId>
            <v11:timestamp>${=new java.text.SimpleDateFormat("yyyy-MM-dd'T'HH:mm:ss.SSS").format(new Date())}</v11:timestamp>
         </v1:messageContext>
         <v1:legalContext>ServiceIntegrator</v1:legalContext>
         <v1:request>
            <v1:Domain>QUAL_FED_HEALTHCARE</v1:Domain>
            <v1:OrganisationId>
               <v31:Identifier>1990000431</v31:Identifier>
               <v31:IdentifierType>BEEHP</v31:IdentifierType>
            </v1:OrganisationId>
            <v1:Language>nl</v1:Language>
         </v1:request>
      </v1:getOrganisationChildNodesRequest>
   </soapenv:Body>
</soapenv:Envelope>]]></con:request><con:credentials><con:selectedAuthProfile>Basic</con:selectedAuthProfile><con:addedBasicAuthenticationTypes>Basic</con:addedBasicAuthenticationTypes><con:authType>Global HTTP Settings</con:authType></con:credentials><con:jmsConfig JMSDeliveryMode="PERSISTENT"/><con:jmsPropertyConfig/><con:wsaConfig mustUnderstand="NONE" version="200508" action="http://fidus.brussels/services/accessmanagerservice/getOrganisationChildNodes"/><con:wsrmConfig version="1.2"/></con:call></con:operation><con:operation id="2299d7af-38c9-440a-987d-b2347fcfe1fe" isOneWay="false" action="http://fidus.brussels/services/accessmanagerservice/getOrganisationDenomination" name="getOrganisationDenomination" bindingOperationName="getOrganisationDenomination" type="Request-Response" inputName="" receivesAttachments="false" sendsAttachments="false" anonymous="optional"><con:settings/><con:call id="07310649-f415-4efc-964e-39193d4241ac" name="1 - Local - Request - OK" outgoingWss="Outflow DEV" incomingWss="Inflow DEV"><con:settings><con:setting id="com.eviware.soapui.impl.wsdl.WsdlRequest@request-headers">&lt;xml-fragment/></con:setting></con:settings><con:encoding>UTF-8</con:encoding><con:endpoint>https://localhost:8243/services/AccessManagerService_v1.0</con:endpoint><con:request><![CDATA[<soapenv:Envelope xmlns:soapenv="http://schemas.xmlsoap.org/soap/envelope/" xmlns:v1="http://fidus.brussels/service/accessmanagerservice/messages/v1" xmlns:v11="http://fidus.brussels/type/common/messages/v1" xmlns:v31="http://socialsecurity.be/umanentityrepresentative/types/v3">
   <soapenv:Header/>
   <soapenv:Body>
      <v1:getOrganisationDenominationRequest>
         <v1:messageContext>
         	  <v11:messageId>${=import static java.util.UUID.randomUUID; uuid = randomUUID() as String}</v11:messageId>
            <v11:timestamp>${=new java.text.SimpleDateFormat("yyyy-MM-dd'T'HH:mm:ss.SSS").format(new Date())}</v11:timestamp>
         </v1:messageContext>
         <v1:legalContext>ServiceIntegrator</v1:legalContext>
         <v1:request>
            <v1:Domain>QUAL_FED_HEALTHCARE</v1:Domain>
            <v1:OrganisationId>
               <v31:Identifier>1990000431</v31:Identifier>
               <v31:IdentifierType>BEEHP</v31:IdentifierType>
            </v1:OrganisationId>
            <v1:Language>nl</v1:Language>
         </v1:request>
      </v1:getOrganisationDenominationRequest>
   </soapenv:Body>
</soapenv:Envelope>]]></con:request><con:credentials><con:selectedAuthProfile>Basic</con:selectedAuthProfile><con:addedBasicAuthenticationTypes>Basic</con:addedBasicAuthenticationTypes><con:authType>Global HTTP Settings</con:authType></con:credentials><con:jmsConfig JMSDeliveryMode="PERSISTENT"/><con:jmsPropertyConfig/><con:wsaConfig mustUnderstand="NONE" version="200508" action="http://fidus.brussels/services/accessmanagerservice/getOrganisationDenomination"/><con:wsrmConfig version="1.2"/></con:call><con:call id="306f1b38-bf9b-4ba8-8fb6-5deee3d0420c" name="2 - Dev - Request - OK" outgoingWss="Outflow DEV" incomingWss="Inflow DEV"><con:settings><con:setting id="com.eviware.soapui.impl.wsdl.WsdlRequest@request-headers">&lt;xml-fragment/></con:setting></con:settings><con:encoding>UTF-8</con:encoding><con:endpoint>https://192.168.36.61:8243/services/AccessManagerService_v1.0</con:endpoint><con:request><![CDATA[<soapenv:Envelope xmlns:soapenv="http://schemas.xmlsoap.org/soap/envelope/" xmlns:v1="http://fidus.brussels/service/accessmanagerservice/messages/v1" xmlns:v11="http://fidus.brussels/type/common/messages/v1" xmlns:v31="http://socialsecurity.be/umanentityrepresentative/types/v3">
   <soapenv:Header/>
   <soapenv:Body>
      <v1:getOrganisationDenominationRequest>
         <v1:messageContext>
         	  <v11:messageId>${=import static java.util.UUID.randomUUID; uuid = randomUUID() as String}</v11:messageId>
            <v11:timestamp>${=new java.text.SimpleDateFormat("yyyy-MM-dd'T'HH:mm:ss.SSS").format(new Date())}</v11:timestamp>
         </v1:messageContext>
         <v1:legalContext>ServiceIntegrator</v1:legalContext>
         <v1:request>
            <v1:Domain>QUAL_FED_HEALTHCARE</v1:Domain>
            <v1:OrganisationId>
               <v31:Identifier>1990000431</v31:Identifier>
               <v31:IdentifierType>BEEHP</v31:IdentifierType>
            </v1:OrganisationId>
            <v1:Language>nl</v1:Language>
         </v1:request>
      </v1:getOrganisationDenominationRequest>
   </soapenv:Body>
</soapenv:Envelope>]]></con:request><con:credentials><con:selectedAuthProfile>Basic</con:selectedAuthProfile><con:addedBasicAuthenticationTypes>Basic</con:addedBasicAuthenticationTypes><con:authType>Global HTTP Settings</con:authType></con:credentials><con:jmsConfig JMSDeliveryMode="PERSISTENT"/><con:jmsPropertyConfig/><con:wsaConfig mustUnderstand="NONE" version="200508" action="http://fidus.brussels/services/accessmanagerservice/getOrganisationDenomination"/><con:wsrmConfig version="1.2"/></con:call><con:call id="5a5844cd-94f3-4f5d-ad4b-fd12a15ee986" name="3 - Test - LB - Request" incomingWss="Inflow TEST" outgoingWss="Outflow TEST"><con:settings><con:setting id="com.eviware.soapui.impl.wsdl.WsdlRequest@request-headers">&lt;xml-fragment/></con:setting></con:settings><con:encoding>UTF-8</con:encoding><con:endpoint>https://esb-security-gw.sta.srv.cirb.lan:8443/services/AccessManagerService_v1.0</con:endpoint><con:request><![CDATA[<soapenv:Envelope xmlns:soapenv="http://schemas.xmlsoap.org/soap/envelope/" xmlns:v1="http://fidus.brussels/service/accessmanagerservice/messages/v1" xmlns:v11="http://fidus.brussels/type/common/messages/v1" xmlns:v31="http://socialsecurity.be/umanentityrepresentative/types/v3">
   <soapenv:Header/>
   <soapenv:Body>
      <v1:getOrganisationDenominationRequest>
         <v1:messageContext>
         	  <v11:messageId>${=import static java.util.UUID.randomUUID; uuid = randomUUID() as String}</v11:messageId>
            <v11:timestamp>${=new java.text.SimpleDateFormat("yyyy-MM-dd'T'HH:mm:ss.SSS").format(new Date())}</v11:timestamp>
         </v1:messageContext>
         <v1:legalContext>ServiceIntegrator</v1:legalContext>
         <v1:request>
            <v1:Domain>QUAL_FED_HEALTHCARE</v1:Domain>
            <v1:OrganisationId>
               <v31:Identifier>1990000431</v31:Identifier>
               <v31:IdentifierType>BEEHP</v31:IdentifierType>
            </v1:OrganisationId>
            <v1:Language>nl</v1:Language>
         </v1:request>
      </v1:getOrganisationDenominationRequest>
   </soapenv:Body>
</soapenv:Envelope>]]></con:request><con:credentials><con:selectedAuthProfile>Basic</con:selectedAuthProfile><con:addedBasicAuthenticationTypes>Basic</con:addedBasicAuthenticationTypes><con:authType>Global HTTP Settings</con:authType></con:credentials><con:jmsConfig JMSDeliveryMode="PERSISTENT"/><con:jmsPropertyConfig/><con:wsaConfig mustUnderstand="NONE" version="200508" action="http://fidus.brussels/services/accessmanagerservice/getOrganisationDenomination"/><con:wsrmConfig version="1.2"/></con:call><con:call id="426eae98-574e-46c2-ba86-2db8aac9f6b9" name="4 - Staging - LB - Request" incomingWss="Inflow STAGING" outgoingWss="Outflow STAGING"><con:settings><con:setting id="com.eviware.soapui.impl.wsdl.WsdlRequest@request-headers">&lt;xml-fragment/></con:setting></con:settings><con:encoding>UTF-8</con:encoding><con:endpoint>https://fidus-esb-sg.sta.srv.cirb.lan:8443/services/AccessManagerService_v1.0</con:endpoint><con:request><![CDATA[<soapenv:Envelope xmlns:soapenv="http://schemas.xmlsoap.org/soap/envelope/" xmlns:v1="http://fidus.brussels/service/accessmanagerservice/messages/v1" xmlns:v11="http://fidus.brussels/type/common/messages/v1" xmlns:v31="http://socialsecurity.be/umanentityrepresentative/types/v3">
   <soapenv:Header/>
   <soapenv:Body>
      <v1:getOrganisationDenominationRequest>
         <v1:messageContext>
         	  <v11:messageId>${=import static java.util.UUID.randomUUID; uuid = randomUUID() as String}</v11:messageId>
            <v11:timestamp>${=new java.text.SimpleDateFormat("yyyy-MM-dd'T'HH:mm:ss.SSS").format(new Date())}</v11:timestamp>
         </v1:messageContext>
         <v1:legalContext>ServiceIntegrator</v1:legalContext>
         <v1:request>
            <v1:Domain>QUAL_FED_HEALTHCARE</v1:Domain>
            <v1:OrganisationId>
               <v31:Identifier>1990000431</v31:Identifier>
               <v31:IdentifierType>BEEHP</v31:IdentifierType>
            </v1:OrganisationId>
            <v1:Language>nl</v1:Language>
         </v1:request>
      </v1:getOrganisationDenominationRequest>
   </soapenv:Body>
</soapenv:Envelope>]]></con:request><con:credentials><con:selectedAuthProfile>Basic</con:selectedAuthProfile><con:addedBasicAuthenticationTypes>Basic</con:addedBasicAuthenticationTypes><con:authType>Global HTTP Settings</con:authType></con:credentials><con:jmsConfig JMSDeliveryMode="PERSISTENT"/><con:jmsPropertyConfig/><con:wsaConfig mustUnderstand="NONE" version="200508" action="http://fidus.brussels/services/accessmanagerservice/getOrganisationDenomination"/><con:wsrmConfig version="1.2"/></con:call><con:call id="03b77a72-3943-4e07-b958-93fb770ad897" name="5 - Prod - External - Request" incomingWss="Inflow PROD" outgoingWss="Outflow PROD"><con:settings><con:setting id="com.eviware.soapui.impl.wsdl.WsdlRequest@request-headers">&lt;xml-fragment/></con:setting></con:settings><con:encoding>UTF-8</con:encoding><con:endpoint>https://fidus-esb-sg.prd.srv.cirb.lan:8443/services/AccessManagerService_v1.0</con:endpoint><con:request><![CDATA[<soapenv:Envelope xmlns:soapenv="http://schemas.xmlsoap.org/soap/envelope/" xmlns:v1="http://fidus.brussels/service/accessmanagerservice/messages/v1" xmlns:v11="http://fidus.brussels/type/common/messages/v1" xmlns:v31="http://socialsecurity.be/umanentityrepresentative/types/v3">
   <soapenv:Header/>
   <soapenv:Body>
      <v1:getOrganisationDenominationRequest>
         <v1:messageContext>
         	  <v11:messageId>${=import static java.util.UUID.randomUUID; uuid = randomUUID() as String}</v11:messageId>
            <v11:timestamp>${=new java.text.SimpleDateFormat("yyyy-MM-dd'T'HH:mm:ss.SSS").format(new Date())}</v11:timestamp>
         </v1:messageContext>
         <v1:legalContext>ServiceIntegrator</v1:legalContext>
         <v1:request>
            <v1:Domain>QUAL_FED_HEALTHCARE</v1:Domain>
            <v1:OrganisationId>
               <v31:Identifier>1990000431</v31:Identifier>
               <v31:IdentifierType>BEEHP</v31:IdentifierType>
            </v1:OrganisationId>
            <v1:Language>nl</v1:Language>
         </v1:request>
      </v1:getOrganisationDenominationRequest>
   </soapenv:Body>
</soapenv:Envelope>]]></con:request><con:credentials><con:selectedAuthProfile>Basic</con:selectedAuthProfile><con:addedBasicAuthenticationTypes>Basic</con:addedBasicAuthenticationTypes><con:authType>Global HTTP Settings</con:authType></con:credentials><con:jmsConfig JMSDeliveryMode="PERSISTENT"/><con:jmsPropertyConfig/><con:wsaConfig mustUnderstand="NONE" version="200508" action="http://fidus.brussels/services/accessmanagerservice/getOrganisationDenomination"/><con:wsrmConfig version="1.2"/></con:call><con:call id="f9998c34-238b-4c06-8461-d9328df42a32" name="1 - Local - Request - Not Found" outgoingWss="Outflow DEV" incomingWss="Inflow DEV"><con:settings><con:setting id="com.eviware.soapui.impl.wsdl.WsdlRequest@request-headers">&lt;xml-fragment/></con:setting></con:settings><con:encoding>UTF-8</con:encoding><con:endpoint>https://localhost:8243/services/AccessManagerService_v1.0</con:endpoint><con:request><![CDATA[<soapenv:Envelope xmlns:soapenv="http://schemas.xmlsoap.org/soap/envelope/" xmlns:v1="http://fidus.brussels/service/accessmanagerservice/messages/v1" xmlns:v11="http://fidus.brussels/type/common/messages/v1" xmlns:v31="http://socialsecurity.be/umanentityrepresentative/types/v3">
   <soapenv:Header/>
   <soapenv:Body>
      <v1:getOrganisationDenominationRequest>
         <v1:messageContext>
         	  <v11:messageId>${=import static java.util.UUID.randomUUID; uuid = randomUUID() as String}</v11:messageId>
            <v11:timestamp>${=new java.text.SimpleDateFormat("yyyy-MM-dd'T'HH:mm:ss.SSS").format(new Date())}</v11:timestamp>
         </v1:messageContext>
         <v1:legalContext>ServiceIntegrator</v1:legalContext>
         <v1:request>
            <v1:Domain>EDUCATION</v1:Domain>
            <v1:OrganisationId>
               <v31:Identifier>1990000431</v31:Identifier>
               <v31:IdentifierType>BEEHP</v31:IdentifierType>
            </v1:OrganisationId>
            <v1:Language>nl</v1:Language>
         </v1:request>
      </v1:getOrganisationDenominationRequest>
   </soapenv:Body>
</soapenv:Envelope>]]></con:request><con:credentials><con:selectedAuthProfile>Basic</con:selectedAuthProfile><con:addedBasicAuthenticationTypes>Basic</con:addedBasicAuthenticationTypes><con:authType>Global HTTP Settings</con:authType></con:credentials><con:jmsConfig JMSDeliveryMode="PERSISTENT"/><con:jmsPropertyConfig/><con:wsaConfig mustUnderstand="NONE" version="200508" action="http://fidus.brussels/services/accessmanagerservice/getOrganisationDenomination"/><con:wsrmConfig version="1.2"/></con:call><con:call id="83646303-ee5f-4396-9454-027fd2bf8d1c" name="2 - Dev - Request - Not Found" incomingWss="Inflow DEV" outgoingWss="Outflow DEV"><con:settings><con:setting id="com.eviware.soapui.impl.wsdl.WsdlRequest@request-headers">&lt;xml-fragment/></con:setting></con:settings><con:encoding>UTF-8</con:encoding><con:endpoint>https://192.168.36.61:8243/services/AccessManagerService_v1.0</con:endpoint><con:request><![CDATA[<soapenv:Envelope xmlns:soapenv="http://schemas.xmlsoap.org/soap/envelope/" xmlns:v1="http://fidus.brussels/service/accessmanagerservice/messages/v1" xmlns:v11="http://fidus.brussels/type/common/messages/v1" xmlns:v31="http://socialsecurity.be/umanentityrepresentative/types/v3">
   <soapenv:Header/>
   <soapenv:Body>
      <v1:getOrganisationDenominationRequest>
         <v1:messageContext>
         	  <v11:messageId>${=import static java.util.UUID.randomUUID; uuid = randomUUID() as String}</v11:messageId>
            <v11:timestamp>${=new java.text.SimpleDateFormat("yyyy-MM-dd'T'HH:mm:ss.SSS").format(new Date())}</v11:timestamp>
         </v1:messageContext>
         <v1:legalContext>ServiceIntegrator</v1:legalContext>
         <v1:request>
            <v1:Domain>EDUCATION</v1:Domain>
            <v1:OrganisationId>
               <v31:Identifier>1990000431</v31:Identifier>
               <v31:IdentifierType>BEEHP</v31:IdentifierType>
            </v1:OrganisationId>
            <v1:Language>nl</v1:Language>
         </v1:request>
      </v1:getOrganisationDenominationRequest>
   </soapenv:Body>
</soapenv:Envelope>]]></con:request><con:credentials><con:selectedAuthProfile>Basic</con:selectedAuthProfile><con:addedBasicAuthenticationTypes>Basic</con:addedBasicAuthenticationTypes><con:authType>Global HTTP Settings</con:authType></con:credentials><con:jmsConfig JMSDeliveryMode="PERSISTENT"/><con:jmsPropertyConfig/><con:wsaConfig mustUnderstand="NONE" version="200508" action="http://fidus.brussels/services/accessmanagerservice/getOrganisationDenomination"/><con:wsrmConfig version="1.2"/></con:call><con:call id="87df3c37-784a-4f98-93c2-7f42369ac057" name="3 - Test - Worker1 - Request" incomingWss="Inflow TEST" outgoingWss="Outflow TEST"><con:settings><con:setting id="com.eviware.soapui.impl.wsdl.WsdlRequest@request-headers">&lt;xml-fragment/></con:setting></con:settings><con:encoding>UTF-8</con:encoding><con:endpoint>https://192.168.22.53:8443/services/AccessManagerService_v1.0</con:endpoint><con:request><![CDATA[<soapenv:Envelope xmlns:soapenv="http://schemas.xmlsoap.org/soap/envelope/" xmlns:v1="http://fidus.brussels/service/accessmanagerservice/messages/v1" xmlns:v11="http://fidus.brussels/type/common/messages/v1" xmlns:v31="http://socialsecurity.be/umanentityrepresentative/types/v3">
   <soapenv:Header/>
   <soapenv:Body>
      <v1:getOrganisationDenominationRequest>
         <v1:messageContext>
         	  <v11:messageId>${=import static java.util.UUID.randomUUID; uuid = randomUUID() as String}</v11:messageId>
            <v11:timestamp>${=new java.text.SimpleDateFormat("yyyy-MM-dd'T'HH:mm:ss.SSS").format(new Date())}</v11:timestamp>
         </v1:messageContext>
         <v1:legalContext>ServiceIntegrator</v1:legalContext>
         <v1:request>
            <v1:Domain>QUAL_FED_HEALTHCARE</v1:Domain>
            <v1:OrganisationId>
               <v31:Identifier>1990000431</v31:Identifier>
               <v31:IdentifierType>BEEHP</v31:IdentifierType>
            </v1:OrganisationId>
            <v1:Language>nl</v1:Language>
         </v1:request>
      </v1:getOrganisationDenominationRequest>
   </soapenv:Body>
</soapenv:Envelope>]]></con:request><con:credentials><con:selectedAuthProfile>Basic</con:selectedAuthProfile><con:addedBasicAuthenticationTypes>Basic</con:addedBasicAuthenticationTypes><con:authType>Global HTTP Settings</con:authType></con:credentials><con:jmsConfig JMSDeliveryMode="PERSISTENT"/><con:jmsPropertyConfig/><con:wsaConfig mustUnderstand="NONE" version="200508" action="http://fidus.brussels/services/accessmanagerservice/getOrganisationDenomination"/><con:wsrmConfig version="1.2"/></con:call><con:call id="eab9387f-40ed-4e7f-be8f-3dec758f787e" name="3 - Test - Worker2 - Request" outgoingWss="Outflow TEST" incomingWss="Inflow TEST"><con:settings><con:setting id="com.eviware.soapui.impl.wsdl.WsdlRequest@request-headers">&lt;xml-fragment/></con:setting></con:settings><con:encoding>UTF-8</con:encoding><con:endpoint>https://192.168.22.54:8443/services/AccessManagerService_v1.0</con:endpoint><con:request><![CDATA[<soapenv:Envelope xmlns:soapenv="http://schemas.xmlsoap.org/soap/envelope/" xmlns:v1="http://fidus.brussels/service/accessmanagerservice/messages/v1" xmlns:v11="http://fidus.brussels/type/common/messages/v1" xmlns:v31="http://socialsecurity.be/umanentityrepresentative/types/v3">
   <soapenv:Header/>
   <soapenv:Body>
      <v1:getOrganisationDenominationRequest>
         <v1:messageContext>
         	  <v11:messageId>${=import static java.util.UUID.randomUUID; uuid = randomUUID() as String}</v11:messageId>
            <v11:timestamp>${=new java.text.SimpleDateFormat("yyyy-MM-dd'T'HH:mm:ss.SSS").format(new Date())}</v11:timestamp>
         </v1:messageContext>
         <v1:legalContext>ServiceIntegrator</v1:legalContext>
         <v1:request>
            <v1:Domain>QUAL_FED_HEALTHCARE</v1:Domain>
            <v1:OrganisationId>
               <v31:Identifier>1990000431</v31:Identifier>
               <v31:IdentifierType>BEEHP</v31:IdentifierType>
            </v1:OrganisationId>
            <v1:Language>nl</v1:Language>
         </v1:request>
      </v1:getOrganisationDenominationRequest>
   </soapenv:Body>
</soapenv:Envelope>]]></con:request><con:credentials><con:selectedAuthProfile>Basic</con:selectedAuthProfile><con:addedBasicAuthenticationTypes>Basic</con:addedBasicAuthenticationTypes><con:authType>Global HTTP Settings</con:authType></con:credentials><con:jmsConfig JMSDeliveryMode="PERSISTENT"/><con:jmsPropertyConfig/><con:wsaConfig mustUnderstand="NONE" version="200508" action="http://fidus.brussels/services/accessmanagerservice/getOrganisationDenomination"/><con:wsrmConfig version="1.2"/></con:call><con:call id="5eaa34e2-a766-420f-9e1d-6ad2649c22d8" name="4 - Staging - Worker1 - Request" incomingWss="Inflow STAGING" outgoingWss="Outflow STAGING"><con:settings><con:setting id="com.eviware.soapui.impl.wsdl.WsdlRequest@request-headers">&lt;xml-fragment/></con:setting></con:settings><con:encoding>UTF-8</con:encoding><con:endpoint>https://192.168.24.16:8443/services/AccessManagerService_v1.0</con:endpoint><con:request><![CDATA[<soapenv:Envelope xmlns:soapenv="http://schemas.xmlsoap.org/soap/envelope/" xmlns:v1="http://fidus.brussels/service/accessmanagerservice/messages/v1" xmlns:v11="http://fidus.brussels/type/common/messages/v1" xmlns:v31="http://socialsecurity.be/umanentityrepresentative/types/v3">
   <soapenv:Header/>
   <soapenv:Body>
      <v1:getOrganisationDenominationRequest>
         <v1:messageContext>
         	  <v11:messageId>${=import static java.util.UUID.randomUUID; uuid = randomUUID() as String}</v11:messageId>
            <v11:timestamp>${=new java.text.SimpleDateFormat("yyyy-MM-dd'T'HH:mm:ss.SSS").format(new Date())}</v11:timestamp>
         </v1:messageContext>
         <v1:legalContext>ServiceIntegrator</v1:legalContext>
         <v1:request>
            <v1:Domain>QUAL_FED_HEALTHCARE</v1:Domain>
            <v1:OrganisationId>
               <v31:Identifier>1990000431</v31:Identifier>
               <v31:IdentifierType>BEEHP</v31:IdentifierType>
            </v1:OrganisationId>
            <v1:Language>nl</v1:Language>
         </v1:request>
      </v1:getOrganisationDenominationRequest>
   </soapenv:Body>
</soapenv:Envelope>]]></con:request><con:credentials><con:selectedAuthProfile>Basic</con:selectedAuthProfile><con:addedBasicAuthenticationTypes>Basic</con:addedBasicAuthenticationTypes><con:authType>Global HTTP Settings</con:authType></con:credentials><con:jmsConfig JMSDeliveryMode="PERSISTENT"/><con:jmsPropertyConfig/><con:wsaConfig mustUnderstand="NONE" version="200508" action="http://fidus.brussels/services/accessmanagerservice/getOrganisationDenomination"/><con:wsrmConfig version="1.2"/></con:call><con:call id="6abcf779-07e4-47d2-af30-fae7c6945fd0" name="4 - Staging - Worker2 - Request" incomingWss="Inflow STAGING" outgoingWss="Outflow STAGING"><con:settings><con:setting id="com.eviware.soapui.impl.wsdl.WsdlRequest@request-headers">&lt;xml-fragment/></con:setting></con:settings><con:encoding>UTF-8</con:encoding><con:endpoint>https://192.168.24.17:8443/services/AccessManagerService_v1.0</con:endpoint><con:request><![CDATA[<soapenv:Envelope xmlns:soapenv="http://schemas.xmlsoap.org/soap/envelope/" xmlns:v1="http://fidus.brussels/service/accessmanagerservice/messages/v1" xmlns:v11="http://fidus.brussels/type/common/messages/v1" xmlns:v31="http://socialsecurity.be/umanentityrepresentative/types/v3">
   <soapenv:Header/>
   <soapenv:Body>
      <v1:getOrganisationDenominationRequest>
         <v1:messageContext>
         	  <v11:messageId>${=import static java.util.UUID.randomUUID; uuid = randomUUID() as String}</v11:messageId>
            <v11:timestamp>${=new java.text.SimpleDateFormat("yyyy-MM-dd'T'HH:mm:ss.SSS").format(new Date())}</v11:timestamp>
         </v1:messageContext>
         <v1:legalContext>ServiceIntegrator</v1:legalContext>
         <v1:request>
            <v1:Domain>QUAL_FED_HEALTHCARE</v1:Domain>
            <v1:OrganisationId>
               <v31:Identifier>1990000431</v31:Identifier>
               <v31:IdentifierType>BEEHP</v31:IdentifierType>
            </v1:OrganisationId>
            <v1:Language>nl</v1:Language>
         </v1:request>
      </v1:getOrganisationDenominationRequest>
   </soapenv:Body>
</soapenv:Envelope>]]></con:request><con:credentials><con:selectedAuthProfile>Basic</con:selectedAuthProfile><con:addedBasicAuthenticationTypes>Basic</con:addedBasicAuthenticationTypes><con:authType>Global HTTP Settings</con:authType></con:credentials><con:jmsConfig JMSDeliveryMode="PERSISTENT"/><con:jmsPropertyConfig/><con:wsaConfig mustUnderstand="NONE" version="200508" action="http://fidus.brussels/services/accessmanagerservice/getOrganisationDenomination"/><con:wsrmConfig version="1.2"/></con:call><con:call id="bdd3acb6-01cb-4f22-8476-89f5e6f1a4a8" name="5 - Prod - LB - Request" incomingWss="Inflow PROD" outgoingWss="Outflow PROD"><con:settings><con:setting id="com.eviware.soapui.impl.wsdl.WsdlRequest@request-headers">&lt;xml-fragment/></con:setting></con:settings><con:encoding>UTF-8</con:encoding><con:endpoint>https://fidus-esb-sg.prd.srv.cirb.lan:8443/services/AccessManagerService_v1.0</con:endpoint><con:request><![CDATA[<soapenv:Envelope xmlns:soapenv="http://schemas.xmlsoap.org/soap/envelope/" xmlns:v1="http://fidus.brussels/service/accessmanagerservice/messages/v1" xmlns:v11="http://fidus.brussels/type/common/messages/v1" xmlns:v31="http://socialsecurity.be/umanentityrepresentative/types/v3">
   <soapenv:Header/>
   <soapenv:Body>
      <v1:getOrganisationDenominationRequest>
         <v1:messageContext>
         	  <v11:messageId>${=import static java.util.UUID.randomUUID; uuid = randomUUID() as String}</v11:messageId>
            <v11:timestamp>${=new java.text.SimpleDateFormat("yyyy-MM-dd'T'HH:mm:ss.SSS").format(new Date())}</v11:timestamp>
         </v1:messageContext>
         <v1:legalContext>ServiceIntegrator</v1:legalContext>
         <v1:request>
            <v1:Domain>QUAL_FED_HEALTHCARE</v1:Domain>
            <v1:OrganisationId>
               <v31:Identifier>1990000431</v31:Identifier>
               <v31:IdentifierType>BEEHP</v31:IdentifierType>
            </v1:OrganisationId>
            <v1:Language>nl</v1:Language>
         </v1:request>
      </v1:getOrganisationDenominationRequest>
   </soapenv:Body>
</soapenv:Envelope>]]></con:request><con:credentials><con:selectedAuthProfile>Basic</con:selectedAuthProfile><con:addedBasicAuthenticationTypes>Basic</con:addedBasicAuthenticationTypes><con:authType>Global HTTP Settings</con:authType></con:credentials><con:jmsConfig JMSDeliveryMode="PERSISTENT"/><con:jmsPropertyConfig/><con:wsaConfig mustUnderstand="NONE" version="200508" action="http://fidus.brussels/services/accessmanagerservice/getOrganisationDenomination"/><con:wsrmConfig version="1.2"/></con:call><con:call id="96aacf74-969e-4769-912a-465113a21574" name="5 - Prod - Worker1 - Request" incomingWss="Inflow PROD" outgoingWss="Outflow PROD"><con:settings><con:setting id="com.eviware.soapui.impl.wsdl.WsdlRequest@request-headers">&lt;xml-fragment/></con:setting></con:settings><con:encoding>UTF-8</con:encoding><con:endpoint>https://192.168.26.22:8443/services/AccessManagerService_v1.0</con:endpoint><con:request><![CDATA[<soapenv:Envelope xmlns:soapenv="http://schemas.xmlsoap.org/soap/envelope/" xmlns:v1="http://fidus.brussels/service/accessmanagerservice/messages/v1" xmlns:v11="http://fidus.brussels/type/common/messages/v1" xmlns:v31="http://socialsecurity.be/umanentityrepresentative/types/v3">
   <soapenv:Header/>
   <soapenv:Body>
      <v1:getOrganisationDenominationRequest>
         <v1:messageContext>
         	  <v11:messageId>${=import static java.util.UUID.randomUUID; uuid = randomUUID() as String}</v11:messageId>
            <v11:timestamp>${=new java.text.SimpleDateFormat("yyyy-MM-dd'T'HH:mm:ss.SSS").format(new Date())}</v11:timestamp>
         </v1:messageContext>
         <v1:legalContext>ServiceIntegrator</v1:legalContext>
         <v1:request>
            <v1:Domain>QUAL_FED_HEALTHCARE</v1:Domain>
            <v1:OrganisationId>
               <v31:Identifier>1990000431</v31:Identifier>
               <v31:IdentifierType>BEEHP</v31:IdentifierType>
            </v1:OrganisationId>
            <v1:Language>nl</v1:Language>
         </v1:request>
      </v1:getOrganisationDenominationRequest>
   </soapenv:Body>
</soapenv:Envelope>]]></con:request><con:credentials><con:selectedAuthProfile>Basic</con:selectedAuthProfile><con:addedBasicAuthenticationTypes>Basic</con:addedBasicAuthenticationTypes><con:authType>Global HTTP Settings</con:authType></con:credentials><con:jmsConfig JMSDeliveryMode="PERSISTENT"/><con:jmsPropertyConfig/><con:wsaConfig mustUnderstand="NONE" version="200508" action="http://fidus.brussels/services/accessmanagerservice/getOrganisationDenomination"/><con:wsrmConfig version="1.2"/></con:call><con:call id="4579b72a-0ac0-4c08-8f17-e9c91e6ce790" name="5 - Prod - Worker2 - Request" incomingWss="Inflow PROD" outgoingWss="Outflow PROD"><con:settings><con:setting id="com.eviware.soapui.impl.wsdl.WsdlRequest@request-headers">&lt;xml-fragment/></con:setting></con:settings><con:encoding>UTF-8</con:encoding><con:endpoint>https://192.168.26.19:8443/services/AccessManagerService_v1.0</con:endpoint><con:request><![CDATA[<soapenv:Envelope xmlns:soapenv="http://schemas.xmlsoap.org/soap/envelope/" xmlns:v1="http://fidus.brussels/service/accessmanagerservice/messages/v1" xmlns:v11="http://fidus.brussels/type/common/messages/v1" xmlns:v31="http://socialsecurity.be/umanentityrepresentative/types/v3">
   <soapenv:Header/>
   <soapenv:Body>
      <v1:getOrganisationDenominationRequest>
         <v1:messageContext>
         	  <v11:messageId>${=import static java.util.UUID.randomUUID; uuid = randomUUID() as String}</v11:messageId>
            <v11:timestamp>${=new java.text.SimpleDateFormat("yyyy-MM-dd'T'HH:mm:ss.SSS").format(new Date())}</v11:timestamp>
         </v1:messageContext>
         <v1:legalContext>ServiceIntegrator</v1:legalContext>
         <v1:request>
            <v1:Domain>QUAL_FED_HEALTHCARE</v1:Domain>
            <v1:OrganisationId>
               <v31:Identifier>1990000431</v31:Identifier>
               <v31:IdentifierType>BEEHP</v31:IdentifierType>
            </v1:OrganisationId>
            <v1:Language>nl</v1:Language>
         </v1:request>
      </v1:getOrganisationDenominationRequest>
   </soapenv:Body>
</soapenv:Envelope>]]></con:request><con:credentials><con:selectedAuthProfile>Basic</con:selectedAuthProfile><con:addedBasicAuthenticationTypes>Basic</con:addedBasicAuthenticationTypes><con:authType>Global HTTP Settings</con:authType></con:credentials><con:jmsConfig JMSDeliveryMode="PERSISTENT"/><con:jmsPropertyConfig/><con:wsaConfig mustUnderstand="NONE" version="200508" action="http://fidus.brussels/services/accessmanagerservice/getOrganisationDenomination"/><con:wsrmConfig version="1.2"/></con:call><con:call id="aaf6b797-2993-4f7e-a9d2-8205a308b424" name="3 - Test - Worker1New - Request"><con:settings><con:setting id="com.eviware.soapui.impl.wsdl.WsdlRequest@request-headers">&lt;xml-fragment/></con:setting></con:settings><con:encoding>UTF-8</con:encoding><con:endpoint>https://192.168.22.73:8443/services/AccessManagerService_v1.0</con:endpoint><con:request><![CDATA[<soapenv:Envelope xmlns:soapenv="http://schemas.xmlsoap.org/soap/envelope/" xmlns:v1="http://fidus.brussels/service/accessmanagerservice/messages/v1" xmlns:v11="http://fidus.brussels/type/common/messages/v1" xmlns:v31="http://socialsecurity.be/umanentityrepresentative/types/v3">
   <soapenv:Header/>
   <soapenv:Body>
      <v1:getOrganisationDenominationRequest>
         <v1:messageContext>
         	  <v11:messageId>${=import static java.util.UUID.randomUUID; uuid = randomUUID() as String}</v11:messageId>
            <v11:timestamp>${=new java.text.SimpleDateFormat("yyyy-MM-dd'T'HH:mm:ss.SSS").format(new Date())}</v11:timestamp>
         </v1:messageContext>
         <v1:legalContext>ServiceIntegrator</v1:legalContext>
         <v1:request>
            <v1:Domain>QUAL_FED_HEALTHCARE</v1:Domain>
            <v1:OrganisationId>
               <v31:Identifier>1990000431</v31:Identifier>
               <v31:IdentifierType>BEEHP</v31:IdentifierType>
            </v1:OrganisationId>
            <v1:Language>nl</v1:Language>
         </v1:request>
      </v1:getOrganisationDenominationRequest>
   </soapenv:Body>
</soapenv:Envelope>]]></con:request><con:credentials><con:selectedAuthProfile>Basic</con:selectedAuthProfile><con:addedBasicAuthenticationTypes>Basic</con:addedBasicAuthenticationTypes><con:authType>Global HTTP Settings</con:authType></con:credentials><con:jmsConfig JMSDeliveryMode="PERSISTENT"/><con:jmsPropertyConfig/><con:wsaConfig mustUnderstand="NONE" version="200508" action="http://fidus.brussels/services/accessmanagerservice/getOrganisationDenomination"/><con:wsrmConfig version="1.2"/></con:call><con:call id="207929f8-6392-4c07-af07-bbf96af9d8b3" name="3 - Test - Worker2New - Request" outgoingWss="Outflow TEST" incomingWss="Inflow TEST"><con:settings><con:setting id="com.eviware.soapui.impl.wsdl.WsdlRequest@request-headers">&lt;xml-fragment/></con:setting></con:settings><con:encoding>UTF-8</con:encoding><con:endpoint>https://192.168.22.93:8443/services/AccessManagerService_v1.0</con:endpoint><con:request><![CDATA[<soapenv:Envelope xmlns:soapenv="http://schemas.xmlsoap.org/soap/envelope/" xmlns:v1="http://fidus.brussels/service/accessmanagerservice/messages/v1" xmlns:v11="http://fidus.brussels/type/common/messages/v1" xmlns:v31="http://socialsecurity.be/umanentityrepresentative/types/v3">
   <soapenv:Header/>
   <soapenv:Body>
      <v1:getOrganisationDenominationRequest>
         <v1:messageContext>
         	  <v11:messageId>${=import static java.util.UUID.randomUUID; uuid = randomUUID() as String}</v11:messageId>
            <v11:timestamp>${=new java.text.SimpleDateFormat("yyyy-MM-dd'T'HH:mm:ss.SSS").format(new Date())}</v11:timestamp>
         </v1:messageContext>
         <v1:legalContext>ServiceIntegrator</v1:legalContext>
         <v1:request>
            <v1:Domain>QUAL_FED_HEALTHCARE</v1:Domain>
            <v1:OrganisationId>
               <v31:Identifier>1990000431</v31:Identifier>
               <v31:IdentifierType>BEEHP</v31:IdentifierType>
            </v1:OrganisationId>
            <v1:Language>nl</v1:Language>
         </v1:request>
      </v1:getOrganisationDenominationRequest>
   </soapenv:Body>
</soapenv:Envelope>]]></con:request><con:credentials><con:selectedAuthProfile>Basic</con:selectedAuthProfile><con:addedBasicAuthenticationTypes>Basic</con:addedBasicAuthenticationTypes><con:authType>Global HTTP Settings</con:authType></con:credentials><con:jmsConfig JMSDeliveryMode="PERSISTENT"/><con:jmsPropertyConfig/><con:wsaConfig mustUnderstand="NONE" version="200508" action="http://fidus.brussels/services/accessmanagerservice/getOrganisationDenomination"/><con:wsrmConfig version="1.2"/></con:call><con:call id="97e2748a-7e87-4a77-9b0c-b43fb2faea8d" name="4 - Staging - Worker1New - Request" outgoingWss="Outflow STAGING" incomingWss="Inflow STAGING"><con:settings><con:setting id="com.eviware.soapui.impl.wsdl.WsdlRequest@request-headers">&lt;xml-fragment/></con:setting></con:settings><con:encoding>UTF-8</con:encoding><con:endpoint>https://192.168.23.191:8443/services/AccessManagerService_v1.0</con:endpoint><con:request><![CDATA[<soapenv:Envelope xmlns:soapenv="http://schemas.xmlsoap.org/soap/envelope/" xmlns:v1="http://fidus.brussels/service/accessmanagerservice/messages/v1" xmlns:v11="http://fidus.brussels/type/common/messages/v1" xmlns:v31="http://socialsecurity.be/umanentityrepresentative/types/v3">
   <soapenv:Header/>
   <soapenv:Body>
      <v1:getOrganisationDenominationRequest>
         <v1:messageContext>
         	  <v11:messageId>${=import static java.util.UUID.randomUUID; uuid = randomUUID() as String}</v11:messageId>
            <v11:timestamp>${=new java.text.SimpleDateFormat("yyyy-MM-dd'T'HH:mm:ss.SSS").format(new Date())}</v11:timestamp>
         </v1:messageContext>
         <v1:legalContext>ServiceIntegrator</v1:legalContext>
         <v1:request>
            <v1:Domain>QUAL_FED_HEALTHCARE</v1:Domain>
            <v1:OrganisationId>
               <v31:Identifier>1990000431</v31:Identifier>
               <v31:IdentifierType>BEEHP</v31:IdentifierType>
            </v1:OrganisationId>
            <v1:Language>nl</v1:Language>
         </v1:request>
      </v1:getOrganisationDenominationRequest>
   </soapenv:Body>
</soapenv:Envelope>]]></con:request><con:credentials><con:selectedAuthProfile>Basic</con:selectedAuthProfile><con:addedBasicAuthenticationTypes>Basic</con:addedBasicAuthenticationTypes><con:authType>Global HTTP Settings</con:authType></con:credentials><con:jmsConfig JMSDeliveryMode="PERSISTENT"/><con:jmsPropertyConfig/><con:wsaConfig mustUnderstand="NONE" version="200508" action="http://fidus.brussels/services/accessmanagerservice/getOrganisationDenomination"/><con:wsrmConfig version="1.2"/></con:call><con:call id="20e216dc-08dc-4f3e-8c07-15e9984ea928" name="4 - Staging - Worker2New - Request" outgoingWss="Outflow STAGING" incomingWss="Inflow STAGING"><con:settings><con:setting id="com.eviware.soapui.impl.wsdl.WsdlRequest@request-headers">&lt;xml-fragment/></con:setting></con:settings><con:encoding>UTF-8</con:encoding><con:endpoint>https://192.168.23.198:8443/services/AccessManagerService_v1.0</con:endpoint><con:request><![CDATA[<soapenv:Envelope xmlns:soapenv="http://schemas.xmlsoap.org/soap/envelope/" xmlns:v1="http://fidus.brussels/service/accessmanagerservice/messages/v1" xmlns:v11="http://fidus.brussels/type/common/messages/v1" xmlns:v31="http://socialsecurity.be/umanentityrepresentative/types/v3">
   <soapenv:Header/>
   <soapenv:Body>
      <v1:getOrganisationDenominationRequest>
         <v1:messageContext>
         	  <v11:messageId>${=import static java.util.UUID.randomUUID; uuid = randomUUID() as String}</v11:messageId>
            <v11:timestamp>${=new java.text.SimpleDateFormat("yyyy-MM-dd'T'HH:mm:ss.SSS").format(new Date())}</v11:timestamp>
         </v1:messageContext>
         <v1:legalContext>ServiceIntegrator</v1:legalContext>
         <v1:request>
            <v1:Domain>QUAL_FED_HEALTHCARE</v1:Domain>
            <v1:OrganisationId>
               <v31:Identifier>1990000431</v31:Identifier>
               <v31:IdentifierType>BEEHP</v31:IdentifierType>
            </v1:OrganisationId>
            <v1:Language>nl</v1:Language>
         </v1:request>
      </v1:getOrganisationDenominationRequest>
   </soapenv:Body>
</soapenv:Envelope>]]></con:request><con:credentials><con:selectedAuthProfile>Basic</con:selectedAuthProfile><con:addedBasicAuthenticationTypes>Basic</con:addedBasicAuthenticationTypes><con:authType>Global HTTP Settings</con:authType></con:credentials><con:jmsConfig JMSDeliveryMode="PERSISTENT"/><con:jmsPropertyConfig/><con:wsaConfig mustUnderstand="NONE" version="200508" action="http://fidus.brussels/services/accessmanagerservice/getOrganisationDenomination"/><con:wsrmConfig version="1.2"/></con:call></con:operation><con:operation id="e1866b8c-dca5-4e06-9350-a0f094f4ecc3" isOneWay="false" action="http://fidus.brussels/services/accessmanagerservice/getOrganisationParentNodes" name="getOrganisationParentNodes" bindingOperationName="getOrganisationParentNodes" type="Request-Response" inputName="" receivesAttachments="false" sendsAttachments="false" anonymous="optional"><con:settings/><con:call id="e28ff8d5-fbd8-41a8-8f84-68148c6fcfb7" name="1 - Local - Request - OK" outgoingWss="Outflow DEV" incomingWss="Inflow DEV"><con:settings><con:setting id="com.eviware.soapui.impl.wsdl.WsdlRequest@request-headers">&lt;xml-fragment/></con:setting></con:settings><con:encoding>UTF-8</con:encoding><con:endpoint>https://localhost:8243/services/AccessManagerService_v1.0</con:endpoint><con:request><![CDATA[<soapenv:Envelope xmlns:soapenv="http://schemas.xmlsoap.org/soap/envelope/" xmlns:v1="http://fidus.brussels/service/accessmanagerservice/messages/v1" xmlns:v11="http://fidus.brussels/type/common/messages/v1" xmlns:v31="http://socialsecurity.be/umanentityrepresentative/types/v3">
   <soapenv:Header/>
   <soapenv:Body>
      <v1:getOrganisationParentNodesRequest>
         <v1:messageContext>
         	  <v11:messageId>${=import static java.util.UUID.randomUUID; uuid = randomUUID() as String}</v11:messageId>
            <v11:timestamp>${=new java.text.SimpleDateFormat("yyyy-MM-dd'T'HH:mm:ss.SSS").format(new Date())}</v11:timestamp>
         </v1:messageContext>
         <v1:legalContext>ServiceIntegrator</v1:legalContext>
         <v1:request>
            <v1:Domain>QUAL_FED_HEALTHCARE</v1:Domain>
            <v1:OrganisationId>
               <v31:Identifier>1990000431</v31:Identifier>
               <v31:IdentifierType>BEEHP</v31:IdentifierType>
            </v1:OrganisationId>
            <v1:Language>nl</v1:Language>
         </v1:request>
      </v1:getOrganisationParentNodesRequest>
   </soapenv:Body>
</soapenv:Envelope>]]></con:request><con:credentials><con:selectedAuthProfile>Basic</con:selectedAuthProfile><con:addedBasicAuthenticationTypes>Basic</con:addedBasicAuthenticationTypes><con:authType>Global HTTP Settings</con:authType></con:credentials><con:jmsConfig JMSDeliveryMode="PERSISTENT"/><con:jmsPropertyConfig/><con:wsaConfig mustUnderstand="NONE" version="200508" action="http://fidus.brussels/services/accessmanagerservice/getOrganisationParentNodes"/><con:wsrmConfig version="1.2"/></con:call><con:call id="26e7385f-7455-463b-82d5-f08309a00b91" name="2 - Dev - Request - OK" incomingWss="Inflow DEV" outgoingWss="Outflow DEV"><con:settings><con:setting id="com.eviware.soapui.impl.wsdl.WsdlRequest@request-headers">&lt;xml-fragment/></con:setting></con:settings><con:encoding>UTF-8</con:encoding><con:endpoint>https://192.168.36.61:8243/services/AccessManagerService_v1.0</con:endpoint><con:request><![CDATA[<soapenv:Envelope xmlns:soapenv="http://schemas.xmlsoap.org/soap/envelope/" xmlns:v1="http://fidus.brussels/service/accessmanagerservice/messages/v1" xmlns:v11="http://fidus.brussels/type/common/messages/v1" xmlns:v31="http://socialsecurity.be/umanentityrepresentative/types/v3">
   <soapenv:Header/>
   <soapenv:Body>
      <v1:getOrganisationParentNodesRequest>
         <v1:messageContext>
         	  <v11:messageId>${=import static java.util.UUID.randomUUID; uuid = randomUUID() as String}</v11:messageId>
            <v11:timestamp>${=new java.text.SimpleDateFormat("yyyy-MM-dd'T'HH:mm:ss.SSS").format(new Date())}</v11:timestamp>
         </v1:messageContext>
         <v1:legalContext>ServiceIntegrator</v1:legalContext>
         <v1:request>
            <v1:Domain>QUAL_FED_HEALTHCARE</v1:Domain>
            <v1:OrganisationId>
               <v31:Identifier>1990000431</v31:Identifier>
               <v31:IdentifierType>BEEHP</v31:IdentifierType>
            </v1:OrganisationId>
            <v1:Language>nl</v1:Language>
         </v1:request>
      </v1:getOrganisationParentNodesRequest>
   </soapenv:Body>
</soapenv:Envelope>]]></con:request><con:credentials><con:selectedAuthProfile>Basic</con:selectedAuthProfile><con:addedBasicAuthenticationTypes>Basic</con:addedBasicAuthenticationTypes><con:authType>Global HTTP Settings</con:authType></con:credentials><con:jmsConfig JMSDeliveryMode="PERSISTENT"/><con:jmsPropertyConfig/><con:wsaConfig mustUnderstand="NONE" version="200508" action="http://fidus.brussels/services/accessmanagerservice/getOrganisationParentNodes"/><con:wsrmConfig version="1.2"/></con:call><con:call id="5b54fcb3-632b-4f86-90bf-49e4f5c5b0cf" name="3 - Test - LB - Request" outgoingWss="Outflow TEST" incomingWss="Inflow TEST"><con:settings><con:setting id="com.eviware.soapui.impl.wsdl.WsdlRequest@request-headers">&lt;xml-fragment/></con:setting></con:settings><con:encoding>UTF-8</con:encoding><con:endpoint>https://esb-security-gw.sta.srv.cirb.lan:8443/services/AccessManagerService_v1.0</con:endpoint><con:request><![CDATA[<soapenv:Envelope xmlns:soapenv="http://schemas.xmlsoap.org/soap/envelope/" xmlns:v1="http://fidus.brussels/service/accessmanagerservice/messages/v1" xmlns:v11="http://fidus.brussels/type/common/messages/v1" xmlns:v31="http://socialsecurity.be/umanentityrepresentative/types/v3">
   <soapenv:Header/>
   <soapenv:Body>
      <v1:getOrganisationParentNodesRequest>
         <v1:messageContext>
         	  <v11:messageId>${=import static java.util.UUID.randomUUID; uuid = randomUUID() as String}</v11:messageId>
            <v11:timestamp>${=new java.text.SimpleDateFormat("yyyy-MM-dd'T'HH:mm:ss.SSS").format(new Date())}</v11:timestamp>
         </v1:messageContext>
         <v1:legalContext>ServiceIntegrator</v1:legalContext>
         <v1:request>
            <v1:Domain>QUAL_FED_HEALTHCARE</v1:Domain>
            <v1:OrganisationId>
               <v31:Identifier>1990000431</v31:Identifier>
               <v31:IdentifierType>BEEHP</v31:IdentifierType>
            </v1:OrganisationId>
            <v1:Language>nl</v1:Language>
         </v1:request>
      </v1:getOrganisationParentNodesRequest>
   </soapenv:Body>
</soapenv:Envelope>]]></con:request><con:credentials><con:selectedAuthProfile>Basic</con:selectedAuthProfile><con:addedBasicAuthenticationTypes>Basic</con:addedBasicAuthenticationTypes><con:authType>Global HTTP Settings</con:authType></con:credentials><con:jmsConfig JMSDeliveryMode="PERSISTENT"/><con:jmsPropertyConfig/><con:wsaConfig mustUnderstand="NONE" version="200508" action="http://fidus.brussels/services/accessmanagerservice/getOrganisationParentNodes"/><con:wsrmConfig version="1.2"/></con:call><con:call id="52c647c2-0da2-484a-af9f-413cfd3a3fbe" name="4 - Staging - LB - Request" incomingWss="Inflow STAGING" outgoingWss="Outflow STAGING"><con:settings><con:setting id="com.eviware.soapui.impl.wsdl.WsdlRequest@request-headers">&lt;xml-fragment/></con:setting></con:settings><con:encoding>UTF-8</con:encoding><con:endpoint>https://fidus-esb-sg.sta.srv.cirb.lan:8443/services/AccessManagerService_v1.0</con:endpoint><con:request><![CDATA[<soapenv:Envelope xmlns:soapenv="http://schemas.xmlsoap.org/soap/envelope/" xmlns:v1="http://fidus.brussels/service/accessmanagerservice/messages/v1" xmlns:v11="http://fidus.brussels/type/common/messages/v1" xmlns:v31="http://socialsecurity.be/umanentityrepresentative/types/v3">
   <soapenv:Header/>
   <soapenv:Body>
      <v1:getOrganisationParentNodesRequest>
         <v1:messageContext>
         	  <v11:messageId>${=import static java.util.UUID.randomUUID; uuid = randomUUID() as String}</v11:messageId>
            <v11:timestamp>${=new java.text.SimpleDateFormat("yyyy-MM-dd'T'HH:mm:ss.SSS").format(new Date())}</v11:timestamp>
         </v1:messageContext>
         <v1:legalContext>ServiceIntegrator</v1:legalContext>
         <v1:request>
            <v1:Domain>QUAL_FED_HEALTHCARE</v1:Domain>
            <v1:OrganisationId>
               <v31:Identifier>1990000431</v31:Identifier>
               <v31:IdentifierType>BEEHP</v31:IdentifierType>
            </v1:OrganisationId>
            <v1:Language>nl</v1:Language>
         </v1:request>
      </v1:getOrganisationParentNodesRequest>
   </soapenv:Body>
</soapenv:Envelope>]]></con:request><con:credentials><con:selectedAuthProfile>Basic</con:selectedAuthProfile><con:addedBasicAuthenticationTypes>Basic</con:addedBasicAuthenticationTypes><con:authType>Global HTTP Settings</con:authType></con:credentials><con:jmsConfig JMSDeliveryMode="PERSISTENT"/><con:jmsPropertyConfig/><con:wsaConfig mustUnderstand="NONE" version="200508" action="http://fidus.brussels/services/accessmanagerservice/getOrganisationParentNodes"/><con:wsrmConfig version="1.2"/></con:call><con:call id="8e9307a6-6c44-4809-bfb5-409c5394e29b" name="5 - Prod - External - Request" incomingWss="Inflow PROD" outgoingWss="Outflow PROD"><con:settings><con:setting id="com.eviware.soapui.impl.wsdl.WsdlRequest@request-headers">&lt;xml-fragment/></con:setting></con:settings><con:encoding>UTF-8</con:encoding><con:endpoint>https://fidus-esb-sg.prd.srv.cirb.lan:8443/services/AccessManagerService_v1.0</con:endpoint><con:request><![CDATA[<soapenv:Envelope xmlns:soapenv="http://schemas.xmlsoap.org/soap/envelope/" xmlns:v1="http://fidus.brussels/service/accessmanagerservice/messages/v1" xmlns:v11="http://fidus.brussels/type/common/messages/v1" xmlns:v31="http://socialsecurity.be/umanentityrepresentative/types/v3">
   <soapenv:Header/>
   <soapenv:Body>
      <v1:getOrganisationParentNodesRequest>
         <v1:messageContext>
         	  <v11:messageId>${=import static java.util.UUID.randomUUID; uuid = randomUUID() as String}</v11:messageId>
            <v11:timestamp>${=new java.text.SimpleDateFormat("yyyy-MM-dd'T'HH:mm:ss.SSS").format(new Date())}</v11:timestamp>
         </v1:messageContext>
         <v1:legalContext>ServiceIntegrator</v1:legalContext>
         <v1:request>
            <v1:Domain>QUAL_FED_HEALTHCARE</v1:Domain>
            <v1:OrganisationId>
               <v31:Identifier>1990000431</v31:Identifier>
               <v31:IdentifierType>BEEHP</v31:IdentifierType>
            </v1:OrganisationId>
            <v1:Language>nl</v1:Language>
         </v1:request>
      </v1:getOrganisationParentNodesRequest>
   </soapenv:Body>
</soapenv:Envelope>]]></con:request><con:credentials><con:selectedAuthProfile>Basic</con:selectedAuthProfile><con:addedBasicAuthenticationTypes>Basic</con:addedBasicAuthenticationTypes><con:authType>Global HTTP Settings</con:authType></con:credentials><con:jmsConfig JMSDeliveryMode="PERSISTENT"/><con:jmsPropertyConfig/><con:wsaConfig mustUnderstand="NONE" version="200508" action="http://fidus.brussels/services/accessmanagerservice/getOrganisationParentNodes"/><con:wsrmConfig version="1.2"/></con:call><con:call id="808892cc-8f1e-49a4-a9dd-1f1a85417b8b" name="1 - Local - Request - Not Found" incomingWss="Inflow DEV" outgoingWss="Outflow DEV"><con:settings><con:setting id="com.eviware.soapui.impl.wsdl.WsdlRequest@request-headers">&lt;xml-fragment/></con:setting></con:settings><con:encoding>UTF-8</con:encoding><con:endpoint>https://localhost:8243/services/AccessManagerService_v1.0</con:endpoint><con:request><![CDATA[<soapenv:Envelope xmlns:soapenv="http://schemas.xmlsoap.org/soap/envelope/" xmlns:v1="http://fidus.brussels/service/accessmanagerservice/messages/v1" xmlns:v11="http://fidus.brussels/type/common/messages/v1" xmlns:v31="http://socialsecurity.be/umanentityrepresentative/types/v3">
   <soapenv:Header/>
   <soapenv:Body>
      <v1:getOrganisationParentNodesRequest>
         <v1:messageContext>
         	  <v11:messageId>${=import static java.util.UUID.randomUUID; uuid = randomUUID() as String}</v11:messageId>
            <v11:timestamp>${=new java.text.SimpleDateFormat("yyyy-MM-dd'T'HH:mm:ss.SSS").format(new Date())}</v11:timestamp>
         </v1:messageContext>
         <v1:legalContext>ServiceIntegrator</v1:legalContext>
         <v1:request>
            <v1:Domain>CHEMISTRY</v1:Domain>
            <v1:OrganisationId>
               <v31:Identifier>1990000431</v31:Identifier>
               <v31:IdentifierType>BEEHP</v31:IdentifierType>
            </v1:OrganisationId>
            <v1:Language>nl</v1:Language>
         </v1:request>
      </v1:getOrganisationParentNodesRequest>
   </soapenv:Body>
</soapenv:Envelope>]]></con:request><con:credentials><con:selectedAuthProfile>Basic</con:selectedAuthProfile><con:addedBasicAuthenticationTypes>Basic</con:addedBasicAuthenticationTypes><con:authType>Global HTTP Settings</con:authType></con:credentials><con:jmsConfig JMSDeliveryMode="PERSISTENT"/><con:jmsPropertyConfig/><con:wsaConfig mustUnderstand="NONE" version="200508" action="http://fidus.brussels/services/accessmanagerservice/getOrganisationParentNodes"/><con:wsrmConfig version="1.2"/></con:call><con:call id="13c53e7f-65c6-4f13-a1a2-99b04a861c84" name="2 - Dev - Request - Not Found" incomingWss="Inflow DEV" outgoingWss="Outflow DEV"><con:settings><con:setting id="com.eviware.soapui.impl.wsdl.WsdlRequest@request-headers">&lt;xml-fragment/></con:setting></con:settings><con:encoding>UTF-8</con:encoding><con:endpoint>https://192.168.36.61:8243/services/AccessManagerService_v1.0</con:endpoint><con:request><![CDATA[<soapenv:Envelope xmlns:soapenv="http://schemas.xmlsoap.org/soap/envelope/" xmlns:v1="http://fidus.brussels/service/accessmanagerservice/messages/v1" xmlns:v11="http://fidus.brussels/type/common/messages/v1" xmlns:v31="http://socialsecurity.be/umanentityrepresentative/types/v3">
   <soapenv:Header/>
   <soapenv:Body>
      <v1:getOrganisationParentNodesRequest>
         <v1:messageContext>
         	  <v11:messageId>${=import static java.util.UUID.randomUUID; uuid = randomUUID() as String}</v11:messageId>
            <v11:timestamp>${=new java.text.SimpleDateFormat("yyyy-MM-dd'T'HH:mm:ss.SSS").format(new Date())}</v11:timestamp>
         </v1:messageContext>
         <v1:legalContext>ServiceIntegrator</v1:legalContext>
         <v1:request>
            <v1:Domain>CHEMISTRY</v1:Domain>
            <v1:OrganisationId>
               <v31:Identifier>1990000431</v31:Identifier>
               <v31:IdentifierType>BEEHP</v31:IdentifierType>
            </v1:OrganisationId>
            <v1:Language>nl</v1:Language>
         </v1:request>
      </v1:getOrganisationParentNodesRequest>
   </soapenv:Body>
</soapenv:Envelope>]]></con:request><con:credentials><con:selectedAuthProfile>Basic</con:selectedAuthProfile><con:addedBasicAuthenticationTypes>Basic</con:addedBasicAuthenticationTypes><con:authType>Global HTTP Settings</con:authType></con:credentials><con:jmsConfig JMSDeliveryMode="PERSISTENT"/><con:jmsPropertyConfig/><con:wsaConfig mustUnderstand="NONE" version="200508" action="http://fidus.brussels/services/accessmanagerservice/getOrganisationParentNodes"/><con:wsrmConfig version="1.2"/></con:call><con:call id="bbd26555-c193-423b-99af-27e31472216c" name="3 - Test - Worker1 - Request" outgoingWss="Outflow TEST" incomingWss="Inflow TEST"><con:settings><con:setting id="com.eviware.soapui.impl.wsdl.WsdlRequest@request-headers">&lt;xml-fragment/></con:setting></con:settings><con:encoding>UTF-8</con:encoding><con:endpoint>https://192.168.22.53:8443/services/AccessManagerService_v1.0</con:endpoint><con:request><![CDATA[<soapenv:Envelope xmlns:soapenv="http://schemas.xmlsoap.org/soap/envelope/" xmlns:v1="http://fidus.brussels/service/accessmanagerservice/messages/v1" xmlns:v11="http://fidus.brussels/type/common/messages/v1" xmlns:v31="http://socialsecurity.be/umanentityrepresentative/types/v3">
   <soapenv:Header/>
   <soapenv:Body>
      <v1:getOrganisationParentNodesRequest>
         <v1:messageContext>
         	  <v11:messageId>${=import static java.util.UUID.randomUUID; uuid = randomUUID() as String}</v11:messageId>
            <v11:timestamp>${=new java.text.SimpleDateFormat("yyyy-MM-dd'T'HH:mm:ss.SSS").format(new Date())}</v11:timestamp>
         </v1:messageContext>
         <v1:legalContext>ServiceIntegrator</v1:legalContext>
         <v1:request>
            <v1:Domain>QUAL_FED_HEALTHCARE</v1:Domain>
            <v1:OrganisationId>
               <v31:Identifier>1990000431</v31:Identifier>
               <v31:IdentifierType>BEEHP</v31:IdentifierType>
            </v1:OrganisationId>
            <v1:Language>nl</v1:Language>
         </v1:request>
      </v1:getOrganisationParentNodesRequest>
   </soapenv:Body>
</soapenv:Envelope>]]></con:request><con:credentials><con:selectedAuthProfile>Basic</con:selectedAuthProfile><con:addedBasicAuthenticationTypes>Basic</con:addedBasicAuthenticationTypes><con:authType>Global HTTP Settings</con:authType></con:credentials><con:jmsConfig JMSDeliveryMode="PERSISTENT"/><con:jmsPropertyConfig/><con:wsaConfig mustUnderstand="NONE" version="200508" action="http://fidus.brussels/services/accessmanagerservice/getOrganisationParentNodes"/><con:wsrmConfig version="1.2"/></con:call><con:call id="34f363e1-f424-47ab-8ba5-3c4e36cf2412" name="3 - Test - Worker2 - Request" outgoingWss="Outflow TEST" incomingWss="Inflow TEST"><con:settings><con:setting id="com.eviware.soapui.impl.wsdl.WsdlRequest@request-headers">&lt;xml-fragment/></con:setting></con:settings><con:encoding>UTF-8</con:encoding><con:endpoint>https://192.168.22.54:8443/services/AccessManagerService_v1.0</con:endpoint><con:request><![CDATA[<soapenv:Envelope xmlns:soapenv="http://schemas.xmlsoap.org/soap/envelope/" xmlns:v1="http://fidus.brussels/service/accessmanagerservice/messages/v1" xmlns:v11="http://fidus.brussels/type/common/messages/v1" xmlns:v31="http://socialsecurity.be/umanentityrepresentative/types/v3">
   <soapenv:Header/>
   <soapenv:Body>
      <v1:getOrganisationParentNodesRequest>
         <v1:messageContext>
         	  <v11:messageId>${=import static java.util.UUID.randomUUID; uuid = randomUUID() as String}</v11:messageId>
            <v11:timestamp>${=new java.text.SimpleDateFormat("yyyy-MM-dd'T'HH:mm:ss.SSS").format(new Date())}</v11:timestamp>
         </v1:messageContext>
         <v1:legalContext>ServiceIntegrator</v1:legalContext>
         <v1:request>
            <v1:Domain>QUAL_FED_HEALTHCARE</v1:Domain>
            <v1:OrganisationId>
               <v31:Identifier>1990000431</v31:Identifier>
               <v31:IdentifierType>BEEHP</v31:IdentifierType>
            </v1:OrganisationId>
            <v1:Language>nl</v1:Language>
         </v1:request>
      </v1:getOrganisationParentNodesRequest>
   </soapenv:Body>
</soapenv:Envelope>]]></con:request><con:credentials><con:selectedAuthProfile>Basic</con:selectedAuthProfile><con:addedBasicAuthenticationTypes>Basic</con:addedBasicAuthenticationTypes><con:authType>Global HTTP Settings</con:authType></con:credentials><con:jmsConfig JMSDeliveryMode="PERSISTENT"/><con:jmsPropertyConfig/><con:wsaConfig mustUnderstand="NONE" version="200508" action="http://fidus.brussels/services/accessmanagerservice/getOrganisationParentNodes"/><con:wsrmConfig version="1.2"/></con:call><con:call id="22b13242-19e0-43c0-ba42-2d64bb8c1fce" name="4 - Staging - Worker1 - Request" incomingWss="Inflow STAGING" outgoingWss="Outflow STAGING"><con:settings><con:setting id="com.eviware.soapui.impl.wsdl.WsdlRequest@request-headers">&lt;xml-fragment/></con:setting></con:settings><con:encoding>UTF-8</con:encoding><con:endpoint>https://192.168.24.16:8443/services/AccessManagerService_v1.0</con:endpoint><con:request><![CDATA[<soapenv:Envelope xmlns:soapenv="http://schemas.xmlsoap.org/soap/envelope/" xmlns:v1="http://fidus.brussels/service/accessmanagerservice/messages/v1" xmlns:v11="http://fidus.brussels/type/common/messages/v1" xmlns:v31="http://socialsecurity.be/umanentityrepresentative/types/v3">
   <soapenv:Header/>
   <soapenv:Body>
      <v1:getOrganisationParentNodesRequest>
         <v1:messageContext>
         	  <v11:messageId>${=import static java.util.UUID.randomUUID; uuid = randomUUID() as String}</v11:messageId>
            <v11:timestamp>${=new java.text.SimpleDateFormat("yyyy-MM-dd'T'HH:mm:ss.SSS").format(new Date())}</v11:timestamp>
         </v1:messageContext>
         <v1:legalContext>ServiceIntegrator</v1:legalContext>
         <v1:request>
            <v1:Domain>QUAL_FED_HEALTHCARE</v1:Domain>
            <v1:OrganisationId>
               <v31:Identifier>1990000431</v31:Identifier>
               <v31:IdentifierType>BEEHP</v31:IdentifierType>
            </v1:OrganisationId>
            <v1:Language>nl</v1:Language>
         </v1:request>
      </v1:getOrganisationParentNodesRequest>
   </soapenv:Body>
</soapenv:Envelope>]]></con:request><con:credentials><con:selectedAuthProfile>Basic</con:selectedAuthProfile><con:addedBasicAuthenticationTypes>Basic</con:addedBasicAuthenticationTypes><con:authType>Global HTTP Settings</con:authType></con:credentials><con:jmsConfig JMSDeliveryMode="PERSISTENT"/><con:jmsPropertyConfig/><con:wsaConfig mustUnderstand="NONE" version="200508" action="http://fidus.brussels/services/accessmanagerservice/getOrganisationParentNodes"/><con:wsrmConfig version="1.2"/></con:call><con:call id="ecdad1d7-a620-4f85-baea-cbd4648019fe" name="4 - Staging - Worker2 - Request" incomingWss="Inflow STAGING" outgoingWss="Outflow STAGING"><con:settings><con:setting id="com.eviware.soapui.impl.wsdl.WsdlRequest@request-headers">&lt;xml-fragment/></con:setting></con:settings><con:encoding>UTF-8</con:encoding><con:endpoint>https://192.168.24.17:8443/services/AccessManagerService_v1.0</con:endpoint><con:request><![CDATA[<soapenv:Envelope xmlns:soapenv="http://schemas.xmlsoap.org/soap/envelope/" xmlns:v1="http://fidus.brussels/service/accessmanagerservice/messages/v1" xmlns:v11="http://fidus.brussels/type/common/messages/v1" xmlns:v31="http://socialsecurity.be/umanentityrepresentative/types/v3">
   <soapenv:Header/>
   <soapenv:Body>
      <v1:getOrganisationParentNodesRequest>
         <v1:messageContext>
         	  <v11:messageId>${=import static java.util.UUID.randomUUID; uuid = randomUUID() as String}</v11:messageId>
            <v11:timestamp>${=new java.text.SimpleDateFormat("yyyy-MM-dd'T'HH:mm:ss.SSS").format(new Date())}</v11:timestamp>
         </v1:messageContext>
         <v1:legalContext>ServiceIntegrator</v1:legalContext>
         <v1:request>
            <v1:Domain>QUAL_FED_HEALTHCARE</v1:Domain>
            <v1:OrganisationId>
               <v31:Identifier>1990000431</v31:Identifier>
               <v31:IdentifierType>BEEHP</v31:IdentifierType>
            </v1:OrganisationId>
            <v1:Language>nl</v1:Language>
         </v1:request>
      </v1:getOrganisationParentNodesRequest>
   </soapenv:Body>
</soapenv:Envelope>]]></con:request><con:credentials><con:selectedAuthProfile>Basic</con:selectedAuthProfile><con:addedBasicAuthenticationTypes>Basic</con:addedBasicAuthenticationTypes><con:authType>Global HTTP Settings</con:authType></con:credentials><con:jmsConfig JMSDeliveryMode="PERSISTENT"/><con:jmsPropertyConfig/><con:wsaConfig mustUnderstand="NONE" version="200508" action="http://fidus.brussels/services/accessmanagerservice/getOrganisationParentNodes"/><con:wsrmConfig version="1.2"/></con:call><con:call id="f44ce7cc-4ab6-44f6-ba07-c67facdd5f96" name="5 - Prod - LB - Request" incomingWss="Inflow PROD" outgoingWss="Outflow PROD"><con:settings><con:setting id="com.eviware.soapui.impl.wsdl.WsdlRequest@request-headers">&lt;xml-fragment/></con:setting></con:settings><con:encoding>UTF-8</con:encoding><con:endpoint>https://fidus-esb-sg.prd.srv.cirb.lan:8443/services/AccessManagerService_v1.0</con:endpoint><con:request><![CDATA[<soapenv:Envelope xmlns:soapenv="http://schemas.xmlsoap.org/soap/envelope/" xmlns:v1="http://fidus.brussels/service/accessmanagerservice/messages/v1" xmlns:v11="http://fidus.brussels/type/common/messages/v1" xmlns:v31="http://socialsecurity.be/umanentityrepresentative/types/v3">
   <soapenv:Header/>
   <soapenv:Body>
      <v1:getOrganisationParentNodesRequest>
         <v1:messageContext>
         	  <v11:messageId>${=import static java.util.UUID.randomUUID; uuid = randomUUID() as String}</v11:messageId>
            <v11:timestamp>${=new java.text.SimpleDateFormat("yyyy-MM-dd'T'HH:mm:ss.SSS").format(new Date())}</v11:timestamp>
         </v1:messageContext>
         <v1:legalContext>ServiceIntegrator</v1:legalContext>
         <v1:request>
            <v1:Domain>QUAL_FED_HEALTHCARE</v1:Domain>
            <v1:OrganisationId>
               <v31:Identifier>1990000431</v31:Identifier>
               <v31:IdentifierType>BEEHP</v31:IdentifierType>
            </v1:OrganisationId>
            <v1:Language>nl</v1:Language>
         </v1:request>
      </v1:getOrganisationParentNodesRequest>
   </soapenv:Body>
</soapenv:Envelope>]]></con:request><con:credentials><con:selectedAuthProfile>Basic</con:selectedAuthProfile><con:addedBasicAuthenticationTypes>Basic</con:addedBasicAuthenticationTypes><con:authType>Global HTTP Settings</con:authType></con:credentials><con:jmsConfig JMSDeliveryMode="PERSISTENT"/><con:jmsPropertyConfig/><con:wsaConfig mustUnderstand="NONE" version="200508" action="http://fidus.brussels/services/accessmanagerservice/getOrganisationParentNodes"/><con:wsrmConfig version="1.2"/></con:call><con:call id="45e75470-6021-4ee3-b243-87bc1de6f55c" name="5 - Prod - Worker1 - Request" incomingWss="Inflow PROD" outgoingWss="Outflow PROD"><con:settings><con:setting id="com.eviware.soapui.impl.wsdl.WsdlRequest@request-headers">&lt;xml-fragment/></con:setting></con:settings><con:encoding>UTF-8</con:encoding><con:endpoint>https://192.168.26.22:8443/services/AccessManagerService_v1.0</con:endpoint><con:request><![CDATA[<soapenv:Envelope xmlns:soapenv="http://schemas.xmlsoap.org/soap/envelope/" xmlns:v1="http://fidus.brussels/service/accessmanagerservice/messages/v1" xmlns:v11="http://fidus.brussels/type/common/messages/v1" xmlns:v31="http://socialsecurity.be/umanentityrepresentative/types/v3">
   <soapenv:Header/>
   <soapenv:Body>
      <v1:getOrganisationParentNodesRequest>
         <v1:messageContext>
         	  <v11:messageId>${=import static java.util.UUID.randomUUID; uuid = randomUUID() as String}</v11:messageId>
            <v11:timestamp>${=new java.text.SimpleDateFormat("yyyy-MM-dd'T'HH:mm:ss.SSS").format(new Date())}</v11:timestamp>
         </v1:messageContext>
         <v1:legalContext>ServiceIntegrator</v1:legalContext>
         <v1:request>
            <v1:Domain>QUAL_FED_HEALTHCARE</v1:Domain>
            <v1:OrganisationId>
               <v31:Identifier>1990000431</v31:Identifier>
               <v31:IdentifierType>BEEHP</v31:IdentifierType>
            </v1:OrganisationId>
            <v1:Language>nl</v1:Language>
         </v1:request>
      </v1:getOrganisationParentNodesRequest>
   </soapenv:Body>
</soapenv:Envelope>]]></con:request><con:credentials><con:selectedAuthProfile>Basic</con:selectedAuthProfile><con:addedBasicAuthenticationTypes>Basic</con:addedBasicAuthenticationTypes><con:authType>Global HTTP Settings</con:authType></con:credentials><con:jmsConfig JMSDeliveryMode="PERSISTENT"/><con:jmsPropertyConfig/><con:wsaConfig mustUnderstand="NONE" version="200508" action="http://fidus.brussels/services/accessmanagerservice/getOrganisationParentNodes"/><con:wsrmConfig version="1.2"/></con:call><con:call id="e72117d7-a6e2-4550-85b9-95ccbd5de9e0" name="5 - Prod - Worker2 - Request" incomingWss="Inflow PROD" outgoingWss="Outflow PROD"><con:settings><con:setting id="com.eviware.soapui.impl.wsdl.WsdlRequest@request-headers">&lt;xml-fragment/></con:setting></con:settings><con:encoding>UTF-8</con:encoding><con:endpoint>https://192.168.26.19:8443/services/AccessManagerService_v1.0</con:endpoint><con:request><![CDATA[<soapenv:Envelope xmlns:soapenv="http://schemas.xmlsoap.org/soap/envelope/" xmlns:v1="http://fidus.brussels/service/accessmanagerservice/messages/v1" xmlns:v11="http://fidus.brussels/type/common/messages/v1" xmlns:v31="http://socialsecurity.be/umanentityrepresentative/types/v3">
   <soapenv:Header/>
   <soapenv:Body>
      <v1:getOrganisationParentNodesRequest>
         <v1:messageContext>
         	  <v11:messageId>${=import static java.util.UUID.randomUUID; uuid = randomUUID() as String}</v11:messageId>
            <v11:timestamp>${=new java.text.SimpleDateFormat("yyyy-MM-dd'T'HH:mm:ss.SSS").format(new Date())}</v11:timestamp>
         </v1:messageContext>
         <v1:legalContext>ServiceIntegrator</v1:legalContext>
         <v1:request>
            <v1:Domain>QUAL_FED_HEALTHCARE</v1:Domain>
            <v1:OrganisationId>
               <v31:Identifier>1990000431</v31:Identifier>
               <v31:IdentifierType>BEEHP</v31:IdentifierType>
            </v1:OrganisationId>
            <v1:Language>nl</v1:Language>
         </v1:request>
      </v1:getOrganisationParentNodesRequest>
   </soapenv:Body>
</soapenv:Envelope>]]></con:request><con:credentials><con:selectedAuthProfile>Basic</con:selectedAuthProfile><con:addedBasicAuthenticationTypes>Basic</con:addedBasicAuthenticationTypes><con:authType>Global HTTP Settings</con:authType></con:credentials><con:jmsConfig JMSDeliveryMode="PERSISTENT"/><con:jmsPropertyConfig/><con:wsaConfig mustUnderstand="NONE" version="200508" action="http://fidus.brussels/services/accessmanagerservice/getOrganisationParentNodes"/><con:wsrmConfig version="1.2"/></con:call><con:call id="5c476206-cd68-42bf-9e5b-1e24cb62ec49" name="3 - Test - Worker1New - Request" outgoingWss="Outflow TEST" incomingWss="Inflow TEST"><con:settings><con:setting id="com.eviware.soapui.impl.wsdl.WsdlRequest@request-headers">&lt;xml-fragment/></con:setting></con:settings><con:encoding>UTF-8</con:encoding><con:endpoint>https://192.168.22.73:8443/services/AccessManagerService_v1.0</con:endpoint><con:request><![CDATA[<soapenv:Envelope xmlns:soapenv="http://schemas.xmlsoap.org/soap/envelope/" xmlns:v1="http://fidus.brussels/service/accessmanagerservice/messages/v1" xmlns:v11="http://fidus.brussels/type/common/messages/v1" xmlns:v31="http://socialsecurity.be/umanentityrepresentative/types/v3">
   <soapenv:Header/>
   <soapenv:Body>
      <v1:getOrganisationParentNodesRequest>
         <v1:messageContext>
         	  <v11:messageId>${=import static java.util.UUID.randomUUID; uuid = randomUUID() as String}</v11:messageId>
            <v11:timestamp>${=new java.text.SimpleDateFormat("yyyy-MM-dd'T'HH:mm:ss.SSS").format(new Date())}</v11:timestamp>
         </v1:messageContext>
         <v1:legalContext>ServiceIntegrator</v1:legalContext>
         <v1:request>
            <v1:Domain>QUAL_FED_HEALTHCARE</v1:Domain>
            <v1:OrganisationId>
               <v31:Identifier>1990000431</v31:Identifier>
               <v31:IdentifierType>BEEHP</v31:IdentifierType>
            </v1:OrganisationId>
            <v1:Language>nl</v1:Language>
         </v1:request>
      </v1:getOrganisationParentNodesRequest>
   </soapenv:Body>
</soapenv:Envelope>]]></con:request><con:credentials><con:selectedAuthProfile>Basic</con:selectedAuthProfile><con:addedBasicAuthenticationTypes>Basic</con:addedBasicAuthenticationTypes><con:authType>Global HTTP Settings</con:authType></con:credentials><con:jmsConfig JMSDeliveryMode="PERSISTENT"/><con:jmsPropertyConfig/><con:wsaConfig mustUnderstand="NONE" version="200508" action="http://fidus.brussels/services/accessmanagerservice/getOrganisationParentNodes"/><con:wsrmConfig version="1.2"/></con:call><con:call id="18ae9fdc-2b0f-4b2e-ad47-986f1fb373ea" name="3 - Test - Worker2New - Request" outgoingWss="Outflow TEST" incomingWss="Inflow TEST"><con:settings><con:setting id="com.eviware.soapui.impl.wsdl.WsdlRequest@request-headers">&lt;xml-fragment/></con:setting></con:settings><con:encoding>UTF-8</con:encoding><con:endpoint>https://192.168.22.93:8443/services/AccessManagerService_v1.0</con:endpoint><con:request><![CDATA[<soapenv:Envelope xmlns:soapenv="http://schemas.xmlsoap.org/soap/envelope/" xmlns:v1="http://fidus.brussels/service/accessmanagerservice/messages/v1" xmlns:v11="http://fidus.brussels/type/common/messages/v1" xmlns:v31="http://socialsecurity.be/umanentityrepresentative/types/v3">
   <soapenv:Header/>
   <soapenv:Body>
      <v1:getOrganisationParentNodesRequest>
         <v1:messageContext>
         	  <v11:messageId>${=import static java.util.UUID.randomUUID; uuid = randomUUID() as String}</v11:messageId>
            <v11:timestamp>${=new java.text.SimpleDateFormat("yyyy-MM-dd'T'HH:mm:ss.SSS").format(new Date())}</v11:timestamp>
         </v1:messageContext>
         <v1:legalContext>ServiceIntegrator</v1:legalContext>
         <v1:request>
            <v1:Domain>QUAL_FED_HEALTHCARE</v1:Domain>
            <v1:OrganisationId>
               <v31:Identifier>1990000431</v31:Identifier>
               <v31:IdentifierType>BEEHP</v31:IdentifierType>
            </v1:OrganisationId>
            <v1:Language>nl</v1:Language>
         </v1:request>
      </v1:getOrganisationParentNodesRequest>
   </soapenv:Body>
</soapenv:Envelope>]]></con:request><con:credentials><con:selectedAuthProfile>Basic</con:selectedAuthProfile><con:addedBasicAuthenticationTypes>Basic</con:addedBasicAuthenticationTypes><con:authType>Global HTTP Settings</con:authType></con:credentials><con:jmsConfig JMSDeliveryMode="PERSISTENT"/><con:jmsPropertyConfig/><con:wsaConfig mustUnderstand="NONE" version="200508" action="http://fidus.brussels/services/accessmanagerservice/getOrganisationParentNodes"/><con:wsrmConfig version="1.2"/></con:call><con:call id="6221ac88-20b9-4124-b685-86bd022335f4" name="4 - Staging - Worker1New - Request" outgoingWss="Outflow STAGING" incomingWss="Inflow STAGING"><con:settings><con:setting id="com.eviware.soapui.impl.wsdl.WsdlRequest@request-headers">&lt;xml-fragment/></con:setting></con:settings><con:encoding>UTF-8</con:encoding><con:endpoint>https://192.168.23.191:8443/services/AccessManagerService_v1.0</con:endpoint><con:request><![CDATA[<soapenv:Envelope xmlns:soapenv="http://schemas.xmlsoap.org/soap/envelope/" xmlns:v1="http://fidus.brussels/service/accessmanagerservice/messages/v1" xmlns:v11="http://fidus.brussels/type/common/messages/v1" xmlns:v31="http://socialsecurity.be/umanentityrepresentative/types/v3">
   <soapenv:Header/>
   <soapenv:Body>
      <v1:getOrganisationParentNodesRequest>
         <v1:messageContext>
         	  <v11:messageId>${=import static java.util.UUID.randomUUID; uuid = randomUUID() as String}</v11:messageId>
            <v11:timestamp>${=new java.text.SimpleDateFormat("yyyy-MM-dd'T'HH:mm:ss.SSS").format(new Date())}</v11:timestamp>
         </v1:messageContext>
         <v1:legalContext>ServiceIntegrator</v1:legalContext>
         <v1:request>
            <v1:Domain>QUAL_FED_HEALTHCARE</v1:Domain>
            <v1:OrganisationId>
               <v31:Identifier>1990000431</v31:Identifier>
               <v31:IdentifierType>BEEHP</v31:IdentifierType>
            </v1:OrganisationId>
            <v1:Language>nl</v1:Language>
         </v1:request>
      </v1:getOrganisationParentNodesRequest>
   </soapenv:Body>
</soapenv:Envelope>]]></con:request><con:credentials><con:selectedAuthProfile>Basic</con:selectedAuthProfile><con:addedBasicAuthenticationTypes>Basic</con:addedBasicAuthenticationTypes><con:authType>Global HTTP Settings</con:authType></con:credentials><con:jmsConfig JMSDeliveryMode="PERSISTENT"/><con:jmsPropertyConfig/><con:wsaConfig mustUnderstand="NONE" version="200508" action="http://fidus.brussels/services/accessmanagerservice/getOrganisationParentNodes"/><con:wsrmConfig version="1.2"/></con:call><con:call id="99346537-3484-4b55-b501-1cc0cfef2872" name="4 - Staging - Worker2New - Request" outgoingWss="Outflow STAGING" incomingWss="Inflow STAGING"><con:settings><con:setting id="com.eviware.soapui.impl.wsdl.WsdlRequest@request-headers">&lt;xml-fragment/></con:setting></con:settings><con:encoding>UTF-8</con:encoding><con:endpoint>https://192.168.23.198:8443/services/AccessManagerService_v1.0</con:endpoint><con:request><![CDATA[<soapenv:Envelope xmlns:soapenv="http://schemas.xmlsoap.org/soap/envelope/" xmlns:v1="http://fidus.brussels/service/accessmanagerservice/messages/v1" xmlns:v11="http://fidus.brussels/type/common/messages/v1" xmlns:v31="http://socialsecurity.be/umanentityrepresentative/types/v3">
   <soapenv:Header/>
   <soapenv:Body>
      <v1:getOrganisationParentNodesRequest>
         <v1:messageContext>
         	  <v11:messageId>${=import static java.util.UUID.randomUUID; uuid = randomUUID() as String}</v11:messageId>
            <v11:timestamp>${=new java.text.SimpleDateFormat("yyyy-MM-dd'T'HH:mm:ss.SSS").format(new Date())}</v11:timestamp>
         </v1:messageContext>
         <v1:legalContext>ServiceIntegrator</v1:legalContext>
         <v1:request>
            <v1:Domain>QUAL_FED_HEALTHCARE</v1:Domain>
            <v1:OrganisationId>
               <v31:Identifier>1990000431</v31:Identifier>
               <v31:IdentifierType>BEEHP</v31:IdentifierType>
            </v1:OrganisationId>
            <v1:Language>nl</v1:Language>
         </v1:request>
      </v1:getOrganisationParentNodesRequest>
   </soapenv:Body>
</soapenv:Envelope>]]></con:request><con:credentials><con:selectedAuthProfile>Basic</con:selectedAuthProfile><con:addedBasicAuthenticationTypes>Basic</con:addedBasicAuthenticationTypes><con:authType>Global HTTP Settings</con:authType></con:credentials><con:jmsConfig JMSDeliveryMode="PERSISTENT"/><con:jmsPropertyConfig/><con:wsaConfig mustUnderstand="NONE" version="200508" action="http://fidus.brussels/services/accessmanagerservice/getOrganisationParentNodes"/><con:wsrmConfig version="1.2"/></con:call></con:operation></con:interface><con:testSuite id="d533fa33-d63d-41ca-afe3-42b2a02f55f4" name="DEV"><con:settings/><con:runType>SEQUENTIAL</con:runType><con:testCase id="b54d5394-60ca-40f5-a92c-f87c838af47b" failOnError="true" failTestCaseOnErrors="true" keepSession="false" maxResults="0" name="findRepresentativeRolesByINSS" searchProperties="true"><con:settings/><con:testStep type="request" id="27a14bfc-eba1-43b2-b675-01077063e0b9" name="testcase2 - Dev - Request - OK"><con:settings/><con:config xsi:type="con:RequestStep" xmlns:xsi="http://www.w3.org/2001/XMLSchema-instance"><con:interface>AccessManagerServiceHTTPBinding</con:interface><con:operation>findRepresentativeRolesByINSS</con:operation><con:request name="testcase2 - Dev - Request - OK" id="02e703b6-08e9-48e4-8e54-16de8c51b227" outgoingWss="Outflow DEV"><con:settings/><con:encoding>UTF-8</con:encoding><con:endpoint>https://192.168.36.61:8243/services/AccessManagerService_v1.0</con:endpoint><con:request><![CDATA[<soapenv:Envelope xmlns:soapenv="http://schemas.xmlsoap.org/soap/envelope/" xmlns:v1="http://fidus.brussels/service/accessmanagerservice/messages/v1" xmlns:v11="http://fidus.brussels/type/common/messages/v1" xmlns:v3="http://socialsecurity.be/umanentityrepresentative/types/v3">
   <soapenv:Header/>
   <soapenv:Body>
      <v1:findRepresentativeRolesByINSSRequest>
         <v1:messageContext>
         	  <v11:messageId>${=import static java.util.UUID.randomUUID; uuid = randomUUID() as String}</v11:messageId>
            <v11:timestamp>${=new java.text.SimpleDateFormat("yyyy-MM-dd'T'HH:mm:ss.SSS").format(new Date())}</v11:timestamp>
         </v1:messageContext>
         <v1:legalContext>ServiceIntegrator</v1:legalContext>
         <v1:request>
            <v1:Domain>QUAL_FED_HEALTHCARE</v1:Domain>
            <v1:INSS>86051933959</v1:INSS>
            <v1:Language>nl</v1:Language>
         </v1:request>
      </v1:findRepresentativeRolesByINSSRequest>
   </soapenv:Body>
</soapenv:Envelope>]]></con:request><con:assertion type="SOAP Fault Assertion" id="70ffcf64-fc91-48ad-b3ef-71a91dc22c14" name="Not SOAP Fault"/><con:assertion type="SOAP Response" id="c4065202-623a-457b-88f6-efb18b008813" name="SOAP Response"/><con:assertion type="Schema Compliance" id="c8c3f5a5-4bd3-4079-ad1a-f0936ff7014e" name="Schema Compliance"><con:configuration/></con:assertion><con:wsaConfig action="http://fidus.brussels/services/accessmanagerservice/findRepresentativeRolesByINSS"/></con:request></con:config></con:testStep><con:testStep type="request" id="79b000da-63ca-41af-908a-a9e141b8cf6e" name="testcase2 - Dev - Request - Not Found"><con:settings/><con:config xsi:type="con:RequestStep" xmlns:xsi="http://www.w3.org/2001/XMLSchema-instance"><con:interface>AccessManagerServiceHTTPBinding</con:interface><con:operation>findRepresentativeRolesByINSS</con:operation><con:request name="testcase2 - Dev - Request - Not Found" id="5c93b2be-0034-49ac-8239-2790e9c23fef" outgoingWss="Outflow DEV"><con:settings/><con:encoding>UTF-8</con:encoding><con:endpoint>https://192.168.36.61:8243/services/AccessManagerService_v1.0</con:endpoint><con:request><![CDATA[<soapenv:Envelope xmlns:soapenv="http://schemas.xmlsoap.org/soap/envelope/" xmlns:v1="http://fidus.brussels/service/accessmanagerservice/messages/v1" xmlns:v11="http://fidus.brussels/type/common/messages/v1" xmlns:v3="http://socialsecurity.be/umanentityrepresentative/types/v3">
   <soapenv:Header/>
   <soapenv:Body>
      <v1:findRepresentativeRolesByINSSRequest>
         <v1:messageContext>
         	  <v11:messageId>${=import static java.util.UUID.randomUUID; uuid = randomUUID() as String}</v11:messageId>
            <v11:timestamp>${=new java.text.SimpleDateFormat("yyyy-MM-dd'T'HH:mm:ss.SSS").format(new Date())}</v11:timestamp>
         </v1:messageContext>
         <v1:legalContext>ServiceIntegrator</v1:legalContext>
         <v1:request>
            <v1:Domain>ECONOMY</v1:Domain>
            <v1:INSS>86051933959</v1:INSS>
            <v1:Language>nl</v1:Language>
         </v1:request>
      </v1:findRepresentativeRolesByINSSRequest>
   </soapenv:Body>
</soapenv:Envelope>]]></con:request><con:assertion type="SOAP Fault Assertion" id="78f55776-9acd-4d13-9f8f-ae2b461b20a5" name="Not SOAP Fault"/><con:assertion type="SOAP Response" id="7d7725e5-dd00-4980-a084-040b60e20b7c" name="SOAP Response"/><con:assertion type="Schema Compliance" id="36988db8-f7b2-4ce2-a209-8b656b68bee0" name="Schema Compliance"><con:configuration/></con:assertion><con:wsaConfig action="http://fidus.brussels/services/accessmanagerservice/findRepresentativeRolesByINSS"/></con:request></con:config></con:testStep><con:properties/></con:testCase><con:testCase id="6c946236-11da-456b-b587-5a2694241a6e" failOnError="true" failTestCaseOnErrors="true" keepSession="false" maxResults="0" name="getDomain" searchProperties="true"><con:settings/><con:testStep type="request" id="9f9a2a88-dfee-48aa-b9db-0d8456d0e471" name="testcase2 - Dev - Request - OK"><con:settings/><con:config xsi:type="con:RequestStep" xmlns:xsi="http://www.w3.org/2001/XMLSchema-instance"><con:interface>AccessManagerServiceHTTPBinding</con:interface><con:operation>getDomain</con:operation><con:request name="testcase2 - Dev - Request - OK" id="e7e93a06-8cd3-4b83-ba93-e36e2708890c" outgoingWss="Outflow DEV"><con:settings/><con:encoding>UTF-8</con:encoding><con:endpoint>https://192.168.36.61:8243/services/AccessManagerService_v1.0</con:endpoint><con:request><![CDATA[<soapenv:Envelope xmlns:soapenv="http://schemas.xmlsoap.org/soap/envelope/" xmlns:v1="http://fidus.brussels/service/accessmanagerservice/messages/v1" xmlns:v11="http://fidus.brussels/type/common/messages/v1" >
   <soapenv:Header/>
   <soapenv:Body>
      <v1:getDomainRequest>
         <v1:messageContext>
         	  <v11:messageId>${=import static java.util.UUID.randomUUID; uuid = randomUUID() as String}</v11:messageId>
            <v11:timestamp>${=new java.text.SimpleDateFormat("yyyy-MM-dd'T'HH:mm:ss.SSS").format(new Date())}</v11:timestamp>
         </v1:messageContext>
         <v1:legalContext>ServiceIntegrator</v1:legalContext>
         <v1:request>
         	  <v1:Domain>FINANCE</v1:Domain>
            <v1:Language>fr</v1:Language>
         </v1:request>
      </v1:getDomainRequest>
   </soapenv:Body>
</soapenv:Envelope>]]></con:request><con:assertion type="SOAP Fault Assertion" id="4f1e559d-90df-44a6-8d7c-46df8405d101" name="Not SOAP Fault"/><con:assertion type="SOAP Response" id="a1a75f46-e9ae-4093-a066-00444f8d1f5a" name="SOAP Response"/><con:assertion type="Schema Compliance" id="690fea63-3ae1-48a6-a414-b10c9e99032c" name="Schema Compliance"><con:configuration/></con:assertion><con:wsaConfig action="http://fidus.brussels/services/accessmanagerservice/getDomain"/></con:request></con:config></con:testStep><con:testStep type="request" id="89675813-fcef-481a-bfe3-edce817b5245" name="testcase2 - Dev - Request - Not Found"><con:settings/><con:config xsi:type="con:RequestStep" xmlns:xsi="http://www.w3.org/2001/XMLSchema-instance"><con:interface>AccessManagerServiceHTTPBinding</con:interface><con:operation>getDomain</con:operation><con:request name="testcase2 - Dev - Request - Not Found" id="3cf76063-365c-42fa-bbd7-aa466d432cd7" outgoingWss="Outflow DEV"><con:settings/><con:encoding>UTF-8</con:encoding><con:endpoint>https://192.168.36.61:8243/services/AccessManagerService_v1.0</con:endpoint><con:request><![CDATA[<soapenv:Envelope xmlns:soapenv="http://schemas.xmlsoap.org/soap/envelope/" xmlns:v1="http://fidus.brussels/service/accessmanagerservice/messages/v1" xmlns:v11="http://fidus.brussels/type/common/messages/v1" >
   <soapenv:Header/>
   <soapenv:Body>
      <v1:getDomainRequest>
         <v1:messageContext>
         	  <v11:messageId>${=import static java.util.UUID.randomUUID; uuid = randomUUID() as String}</v11:messageId>
            <v11:timestamp>${=new java.text.SimpleDateFormat("yyyy-MM-dd'T'HH:mm:ss.SSS").format(new Date())}</v11:timestamp>
         </v1:messageContext>
         <v1:legalContext>ServiceIntegrator</v1:legalContext>
         <v1:request>
         	  <v1:Domain>ECOLOGY</v1:Domain>
            <v1:Language>fr</v1:Language>
         </v1:request>
      </v1:getDomainRequest>
   </soapenv:Body>
</soapenv:Envelope>]]></con:request><con:assertion type="SOAP Fault Assertion" id="1ace2bb1-17b4-41fe-b1e7-43b4799f6515" name="Not SOAP Fault"/><con:assertion type="SOAP Response" id="8f84fd71-ad3c-456a-9448-86e8a423945e" name="SOAP Response"/><con:assertion type="Schema Compliance" id="cc3f0240-fc3e-4d68-9fee-98770ed4660e" name="Schema Compliance"><con:configuration/></con:assertion><con:wsaConfig action="http://fidus.brussels/services/accessmanagerservice/getDomain"/></con:request></con:config></con:testStep><con:properties/></con:testCase><con:testCase id="2178605b-346d-4c84-be49-e80df0c25b8e" failOnError="true" failTestCaseOnErrors="true" keepSession="false" maxResults="0" name="getEntityRepresentatives" searchProperties="true"><con:settings/><con:testStep type="request" id="a97dcf44-676a-4cc5-a6fe-2be7bbb0c0bf" name="testcase2 - Dev - Request - OK"><con:settings/><con:config xsi:type="con:RequestStep" xmlns:xsi="http://www.w3.org/2001/XMLSchema-instance"><con:interface>AccessManagerServiceHTTPBinding</con:interface><con:operation>getEntityRepresentatives</con:operation><con:request name="testcase2 - Dev - Request - OK" id="82a4b6cb-b045-4e7e-9e46-09eadb81239a" outgoingWss="Outflow DEV"><con:settings/><con:encoding>UTF-8</con:encoding><con:endpoint>https://192.168.36.61:8243/services/AccessManagerService_v1.0</con:endpoint><con:request><![CDATA[<soapenv:Envelope xmlns:soapenv="http://schemas.xmlsoap.org/soap/envelope/" xmlns:v1="http://fidus.brussels/service/accessmanagerservice/messages/v1" xmlns:v11="http://fidus.brussels/type/common/messages/v1" xmlns:v31="http://socialsecurity.be/umanentityrepresentative/types/v3" >
   <soapenv:Header/>
   <soapenv:Body>
      <v1:getEntityRepresentativesRequest>
         <v1:messageContext>
         	  <v11:messageId>${=import static java.util.UUID.randomUUID; uuid = randomUUID() as String}</v11:messageId>
            <v11:timestamp>${=new java.text.SimpleDateFormat("yyyy-MM-dd'T'HH:mm:ss.SSS").format(new Date())}</v11:timestamp>
         </v1:messageContext>
         <v1:legalContext>ServiceIntegrator</v1:legalContext>
         <v1:request>
            <v1:Domain>QUAL_FED_HEALTHCARE</v1:Domain>
            <v1:OrganisationId>
               <v31:Identifier>1990000431</v31:Identifier>
               <v31:IdentifierType>BEEHP</v31:IdentifierType>
            </v1:OrganisationId>
            <v1:Language>nl</v1:Language>
         </v1:request>
      </v1:getEntityRepresentativesRequest>
   </soapenv:Body>
</soapenv:Envelope>]]></con:request><con:assertion type="SOAP Fault Assertion" id="a1565a2e-e52f-449c-ab13-f648fd32e23b" name="Not SOAP Fault"/><con:assertion type="SOAP Response" id="82432c7c-7ec8-4713-9e42-34f27b42d5a9" name="SOAP Response"/><con:assertion type="Schema Compliance" id="146fb29c-0d23-43f6-8274-d3b0bff645b9" name="Schema Compliance"><con:configuration/></con:assertion><con:wsaConfig action="http://fidus.brussels/services/accessmanagerservice/getEntityRepresentatives"/></con:request></con:config></con:testStep><con:testStep type="request" id="38025496-9e35-4414-bf6e-a048ffec5ad8" name="testcase2 - Dev - Request - Not Found"><con:settings/><con:config xsi:type="con:RequestStep" xmlns:xsi="http://www.w3.org/2001/XMLSchema-instance"><con:interface>AccessManagerServiceHTTPBinding</con:interface><con:operation>getEntityRepresentatives</con:operation><con:request name="testcase2 - Dev - Request - Not Found" id="b3eef4e1-393f-4617-8d9a-baa29d129dec" outgoingWss="Outflow DEV"><con:settings/><con:encoding>UTF-8</con:encoding><con:endpoint>https://192.168.36.61:8243/services/AccessManagerService_v1.0</con:endpoint><con:request><![CDATA[<soapenv:Envelope xmlns:soapenv="http://schemas.xmlsoap.org/soap/envelope/" xmlns:v1="http://fidus.brussels/service/accessmanagerservice/messages/v1" xmlns:v11="http://fidus.brussels/type/common/messages/v1" xmlns:v31="http://socialsecurity.be/umanentityrepresentative/types/v3" >
   <soapenv:Header/>
   <soapenv:Body>
      <v1:getEntityRepresentativesRequest>
         <v1:messageContext>
         	  <v11:messageId>${=import static java.util.UUID.randomUUID; uuid = randomUUID() as String}</v11:messageId>
            <v11:timestamp>${=new java.text.SimpleDateFormat("yyyy-MM-dd'T'HH:mm:ss.SSS").format(new Date())}</v11:timestamp>
         </v1:messageContext>
         <v1:legalContext>ServiceIntegrator</v1:legalContext>
         <v1:request>
            <v1:Domain>INDUSTRY</v1:Domain>
            <v1:OrganisationId>
               <v31:Identifier>1990000431</v31:Identifier>
               <v31:IdentifierType>BEEHP</v31:IdentifierType>
            </v1:OrganisationId>
            <v1:Language>nl</v1:Language>
         </v1:request>
      </v1:getEntityRepresentativesRequest>
   </soapenv:Body>
</soapenv:Envelope>]]></con:request><con:assertion type="SOAP Fault Assertion" id="be131d56-ee14-43f7-8007-0a19e0c80b6f" name="Not SOAP Fault"/><con:assertion type="SOAP Response" id="b41f4fa7-33dc-4dd4-a4c1-908d52b40c65" name="SOAP Response"/><con:assertion type="Schema Compliance" id="cec4f9d1-5682-4132-ba5d-14ae6ba2667f" name="Schema Compliance"><con:configuration/></con:assertion><con:wsaConfig action="http://fidus.brussels/services/accessmanagerservice/getEntityRepresentatives"/></con:request></con:config></con:testStep><con:properties/></con:testCase><con:testCase id="2b0ffd40-da43-47ba-ac43-aadd926d81b4" failOnError="true" failTestCaseOnErrors="true" keepSession="false" maxResults="0" name="getOrganisationChildNodes" searchProperties="true"><con:settings/><con:testStep type="request" id="db26c105-336c-44ac-8f43-05fa1087cc4f" name="testcase2 - Dev - Request - OK"><con:settings/><con:config xsi:type="con:RequestStep" xmlns:xsi="http://www.w3.org/2001/XMLSchema-instance"><con:interface>AccessManagerServiceHTTPBinding</con:interface><con:operation>getOrganisationChildNodes</con:operation><con:request name="testcase2 - Dev - Request - OK" id="2848162b-b899-4ef0-9ddb-80997eeb7a67" outgoingWss="Outflow DEV"><con:settings/><con:encoding>UTF-8</con:encoding><con:endpoint>https://192.168.36.61:8243/services/AccessManagerService_v1.0</con:endpoint><con:request><![CDATA[<soapenv:Envelope xmlns:soapenv="http://schemas.xmlsoap.org/soap/envelope/" xmlns:v1="http://fidus.brussels/service/accessmanagerservice/messages/v1" xmlns:v11="http://fidus.brussels/type/common/messages/v1" xmlns:v31="http://socialsecurity.be/umanentityrepresentative/types/v3">
   <soapenv:Header/>
   <soapenv:Body>
      <v1:getOrganisationChildNodesRequest>
         <v1:messageContext>
         	  <v11:messageId>${=import static java.util.UUID.randomUUID; uuid = randomUUID() as String}</v11:messageId>
            <v11:timestamp>${=new java.text.SimpleDateFormat("yyyy-MM-dd'T'HH:mm:ss.SSS").format(new Date())}</v11:timestamp>
         </v1:messageContext>
         <v1:legalContext>ServiceIntegrator</v1:legalContext>
         <v1:request>
            <v1:Domain>QUAL_FED_HEALTHCARE</v1:Domain>
            <v1:OrganisationId>
               <v31:Identifier>1990000431</v31:Identifier>
               <v31:IdentifierType>BEEHP</v31:IdentifierType>
            </v1:OrganisationId>
            <v1:Language>nl</v1:Language>
         </v1:request>
      </v1:getOrganisationChildNodesRequest>
   </soapenv:Body>
</soapenv:Envelope>]]></con:request><con:assertion type="SOAP Fault Assertion" id="b1450682-eff9-4c9e-a7a6-8cbc8ae68b25" name="Not SOAP Fault"/><con:assertion type="SOAP Response" id="fb5f6abd-ece7-42be-9409-19b609c3e02f" name="SOAP Response"/><con:assertion type="Schema Compliance" id="bcdd42b8-b14b-4fd5-8802-94924d7d3218" name="Schema Compliance"><con:configuration/></con:assertion><con:wsaConfig action="http://fidus.brussels/services/accessmanagerservice/getOrganisationChildNodes"/></con:request></con:config></con:testStep><con:testStep type="request" id="c4ca6798-b317-4f77-9190-c271f4a7c834" name="testcase2 - Dev - Request - Not Found"><con:settings/><con:config xsi:type="con:RequestStep" xmlns:xsi="http://www.w3.org/2001/XMLSchema-instance"><con:interface>AccessManagerServiceHTTPBinding</con:interface><con:operation>getOrganisationChildNodes</con:operation><con:request name="testcase2 - Dev - Request - Not Found" id="d8277790-392d-4a7c-bbb3-72ae951d5345" outgoingWss="Outflow DEV"><con:settings/><con:encoding>UTF-8</con:encoding><con:endpoint>https://192.168.36.61:8243/services/AccessManagerService_v1.0</con:endpoint><con:request><![CDATA[<soapenv:Envelope xmlns:soapenv="http://schemas.xmlsoap.org/soap/envelope/" xmlns:v1="http://fidus.brussels/service/accessmanagerservice/messages/v1" xmlns:v11="http://fidus.brussels/type/common/messages/v1" xmlns:v31="http://socialsecurity.be/umanentityrepresentative/types/v3">
   <soapenv:Header/>
   <soapenv:Body>
      <v1:getOrganisationChildNodesRequest>
         <v1:messageContext>
         	  <v11:messageId>${=import static java.util.UUID.randomUUID; uuid = randomUUID() as String}</v11:messageId>
            <v11:timestamp>${=new java.text.SimpleDateFormat("yyyy-MM-dd'T'HH:mm:ss.SSS").format(new Date())}</v11:timestamp>
         </v1:messageContext>
         <v1:legalContext>ServiceIntegrator</v1:legalContext>
         <v1:request>
            <v1:Domain>FREELANCE</v1:Domain>
            <v1:OrganisationId>
               <v31:Identifier>1990000431</v31:Identifier>
               <v31:IdentifierType>BEEHP</v31:IdentifierType>
            </v1:OrganisationId>
            <v1:Language>nl</v1:Language>
         </v1:request>
      </v1:getOrganisationChildNodesRequest>
   </soapenv:Body>
</soapenv:Envelope>]]></con:request><con:assertion type="SOAP Fault Assertion" id="57c5ef96-3d77-4575-b91f-36af0ba39d38" name="Not SOAP Fault"/><con:assertion type="SOAP Response" id="4912c7b6-b9ae-43e4-9ef4-3e6fdafe0f56" name="SOAP Response"/><con:assertion type="Schema Compliance" id="2ed10a5a-67b2-4a83-b99e-8ccecfeb4f7c" name="Schema Compliance"><con:configuration/></con:assertion><con:wsaConfig action="http://fidus.brussels/services/accessmanagerservice/getOrganisationChildNodes"/></con:request></con:config></con:testStep><con:properties/></con:testCase><con:testCase id="9e04bcdc-2b37-42a4-acfa-94781a04dd39" failOnError="true" failTestCaseOnErrors="true" keepSession="false" maxResults="0" name="getOrganisationDenomination" searchProperties="true"><con:settings/><con:testStep type="request" id="07bce27b-ab15-4f19-84c0-7f6539bc3e66" name="testcase2 - Dev - Request - OK"><con:settings/><con:config xsi:type="con:RequestStep" xmlns:xsi="http://www.w3.org/2001/XMLSchema-instance"><con:interface>AccessManagerServiceHTTPBinding</con:interface><con:operation>getOrganisationDenomination</con:operation><con:request name="testcase2 - Dev - Request - OK" id="42e160cc-ea60-4ce9-b061-7cc3edf318dd" outgoingWss="Outflow DEV"><con:settings/><con:encoding>UTF-8</con:encoding><con:endpoint>https://192.168.36.61:8243/services/AccessManagerService_v1.0</con:endpoint><con:request><![CDATA[<soapenv:Envelope xmlns:soapenv="http://schemas.xmlsoap.org/soap/envelope/" xmlns:v1="http://fidus.brussels/service/accessmanagerservice/messages/v1" xmlns:v11="http://fidus.brussels/type/common/messages/v1" xmlns:v31="http://socialsecurity.be/umanentityrepresentative/types/v3">
   <soapenv:Header/>
   <soapenv:Body>
      <v1:getOrganisationDenominationRequest>
         <v1:messageContext>
         	  <v11:messageId>${=import static java.util.UUID.randomUUID; uuid = randomUUID() as String}</v11:messageId>
            <v11:timestamp>${=new java.text.SimpleDateFormat("yyyy-MM-dd'T'HH:mm:ss.SSS").format(new Date())}</v11:timestamp>
         </v1:messageContext>
         <v1:legalContext>ServiceIntegrator</v1:legalContext>
         <v1:request>
            <v1:Domain>QUAL_FED_HEALTHCARE</v1:Domain>
            <v1:OrganisationId>
               <v31:Identifier>1990000431</v31:Identifier>
               <v31:IdentifierType>BEEHP</v31:IdentifierType>
            </v1:OrganisationId>
            <v1:Language>nl</v1:Language>
         </v1:request>
      </v1:getOrganisationDenominationRequest>
   </soapenv:Body>
</soapenv:Envelope>]]></con:request><con:assertion type="SOAP Fault Assertion" id="1780e465-64a6-4d97-8064-9d9028cbd934" name="Not SOAP Fault"/><con:assertion type="SOAP Response" id="1e6dc214-0c2d-4204-9e68-bf64880f402b" name="SOAP Response"/><con:assertion type="Schema Compliance" id="d06797ce-225d-4020-899a-0b24aca70cfe" name="Schema Compliance"><con:configuration/></con:assertion><con:wsaConfig action="http://fidus.brussels/services/accessmanagerservice/getOrganisationDenomination"/></con:request></con:config></con:testStep><con:testStep type="request" id="32b1df3b-f2e8-4173-934d-618130bebe9c" name="testcase2 - Dev - Request - Not Found"><con:settings/><con:config xsi:type="con:RequestStep" xmlns:xsi="http://www.w3.org/2001/XMLSchema-instance"><con:interface>AccessManagerServiceHTTPBinding</con:interface><con:operation>getOrganisationDenomination</con:operation><con:request name="testcase2 - Dev - Request - Not Found" id="592613ff-c406-4cca-a45f-0372633cb650" outgoingWss="Outflow DEV"><con:settings/><con:encoding>UTF-8</con:encoding><con:endpoint>https://192.168.36.61:8243/services/AccessManagerService_v1.0</con:endpoint><con:request><![CDATA[<soapenv:Envelope xmlns:soapenv="http://schemas.xmlsoap.org/soap/envelope/" xmlns:v1="http://fidus.brussels/service/accessmanagerservice/messages/v1" xmlns:v11="http://fidus.brussels/type/common/messages/v1" xmlns:v31="http://socialsecurity.be/umanentityrepresentative/types/v3">
   <soapenv:Header/>
   <soapenv:Body>
      <v1:getOrganisationDenominationRequest>
         <v1:messageContext>
         	  <v11:messageId>${=import static java.util.UUID.randomUUID; uuid = randomUUID() as String}</v11:messageId>
            <v11:timestamp>${=new java.text.SimpleDateFormat("yyyy-MM-dd'T'HH:mm:ss.SSS").format(new Date())}</v11:timestamp>
         </v1:messageContext>
         <v1:legalContext>ServiceIntegrator</v1:legalContext>
         <v1:request>
            <v1:Domain>EDUCATION</v1:Domain>
            <v1:OrganisationId>
               <v31:Identifier>1990000431</v31:Identifier>
               <v31:IdentifierType>BEEHP</v31:IdentifierType>
            </v1:OrganisationId>
            <v1:Language>nl</v1:Language>
         </v1:request>
      </v1:getOrganisationDenominationRequest>
   </soapenv:Body>
</soapenv:Envelope>]]></con:request><con:assertion type="SOAP Fault Assertion" id="884560ea-e044-42ce-a3cc-d0c32a45b5d5" name="Not SOAP Fault"/><con:assertion type="SOAP Response" id="2078b101-f07c-4bca-a7d2-f863a474468b" name="SOAP Response"/><con:assertion type="Schema Compliance" id="0ef02526-6d87-4535-869e-6b78cef0a92f" name="Schema Compliance"><con:configuration/></con:assertion><con:wsaConfig action="http://fidus.brussels/services/accessmanagerservice/getOrganisationDenomination"/></con:request></con:config></con:testStep><con:properties/></con:testCase><con:testCase id="ceb65264-52e2-4895-aeab-317f7f5d0ba1" failOnError="true" failTestCaseOnErrors="true" keepSession="false" maxResults="0" name="getOrganisationParentNodes" searchProperties="true"><con:settings/><con:testStep type="request" id="235cc3aa-ebf4-48ca-af7a-a409149fa42e" name="testcase2 - Dev - Request - OK"><con:settings/><con:config xsi:type="con:RequestStep" xmlns:xsi="http://www.w3.org/2001/XMLSchema-instance"><con:interface>AccessManagerServiceHTTPBinding</con:interface><con:operation>getOrganisationParentNodes</con:operation><con:request name="testcase2 - Dev - Request - OK" id="63376e84-3246-4aea-9f8f-fcfdc7c87853" outgoingWss="Outflow DEV"><con:settings/><con:encoding>UTF-8</con:encoding><con:endpoint>https://192.168.36.61:8243/services/AccessManagerService_v1.0</con:endpoint><con:request><![CDATA[<soapenv:Envelope xmlns:soapenv="http://schemas.xmlsoap.org/soap/envelope/" xmlns:v1="http://fidus.brussels/service/accessmanagerservice/messages/v1" xmlns:v11="http://fidus.brussels/type/common/messages/v1" xmlns:v31="http://socialsecurity.be/umanentityrepresentative/types/v3">
   <soapenv:Header/>
   <soapenv:Body>
      <v1:getOrganisationParentNodesRequest>
         <v1:messageContext>
         	  <v11:messageId>${=import static java.util.UUID.randomUUID; uuid = randomUUID() as String}</v11:messageId>
            <v11:timestamp>${=new java.text.SimpleDateFormat("yyyy-MM-dd'T'HH:mm:ss.SSS").format(new Date())}</v11:timestamp>
         </v1:messageContext>
         <v1:legalContext>ServiceIntegrator</v1:legalContext>
         <v1:request>
            <v1:Domain>QUAL_FED_HEALTHCARE</v1:Domain>
            <v1:OrganisationId>
               <v31:Identifier>1990000431</v31:Identifier>
               <v31:IdentifierType>BEEHP</v31:IdentifierType>
            </v1:OrganisationId>
            <v1:Language>nl</v1:Language>
         </v1:request>
      </v1:getOrganisationParentNodesRequest>
   </soapenv:Body>
</soapenv:Envelope>]]></con:request><con:assertion type="SOAP Fault Assertion" id="df505f2e-95b3-476d-a125-387409506dcf" name="Not SOAP Fault"/><con:assertion type="SOAP Response" id="f0fcab7a-c9b4-4ee5-bff9-5f6dc83ace7d" name="SOAP Response"/><con:assertion type="Schema Compliance" id="eda6aa66-ef72-4bf0-8b49-7debf94fe480" name="Schema Compliance"><con:configuration/></con:assertion><con:wsaConfig action="http://fidus.brussels/services/accessmanagerservice/getOrganisationParentNodes"/></con:request></con:config></con:testStep><con:testStep type="request" id="2e9f661f-8dd5-4553-8f6c-a23daa03ca76" name="testcase2 - Dev - Request - Not Found"><con:settings/><con:config xsi:type="con:RequestStep" xmlns:xsi="http://www.w3.org/2001/XMLSchema-instance"><con:interface>AccessManagerServiceHTTPBinding</con:interface><con:operation>getOrganisationParentNodes</con:operation><con:request name="testcase2 - Dev - Request - Not Found" id="65fc1e6a-ce41-4ec4-9464-d8b2c69e112d" outgoingWss="Outflow DEV"><con:settings/><con:encoding>UTF-8</con:encoding><con:endpoint>https://192.168.36.61:8243/services/AccessManagerService_v1.0</con:endpoint><con:request><![CDATA[<soapenv:Envelope xmlns:soapenv="http://schemas.xmlsoap.org/soap/envelope/" xmlns:v1="http://fidus.brussels/service/accessmanagerservice/messages/v1" xmlns:v11="http://fidus.brussels/type/common/messages/v1" xmlns:v31="http://socialsecurity.be/umanentityrepresentative/types/v3">
   <soapenv:Header/>
   <soapenv:Body>
      <v1:getOrganisationParentNodesRequest>
         <v1:messageContext>
         	  <v11:messageId>${=import static java.util.UUID.randomUUID; uuid = randomUUID() as String}</v11:messageId>
            <v11:timestamp>${=new java.text.SimpleDateFormat("yyyy-MM-dd'T'HH:mm:ss.SSS").format(new Date())}</v11:timestamp>
         </v1:messageContext>
         <v1:legalContext>ServiceIntegrator</v1:legalContext>
         <v1:request>
            <v1:Domain>CHEMISTRY</v1:Domain>
            <v1:OrganisationId>
               <v31:Identifier>1990000431</v31:Identifier>
               <v31:IdentifierType>BEEHP</v31:IdentifierType>
            </v1:OrganisationId>
            <v1:Language>nl</v1:Language>
         </v1:request>
      </v1:getOrganisationParentNodesRequest>
   </soapenv:Body>
</soapenv:Envelope>]]></con:request><con:assertion type="SOAP Fault Assertion" id="ab997252-e2c0-4209-b5e9-86f6cbbc24d6" name="Not SOAP Fault"/><con:assertion type="SOAP Response" id="4e2185da-57f3-4fa5-a388-ec84d93159b3" name="SOAP Response"/><con:assertion type="Schema Compliance" id="450a0098-704e-483a-a669-b64ff9e000eb" name="Schema Compliance"><con:configuration/></con:assertion><con:wsaConfig action="http://fidus.brussels/services/accessmanagerservice/getOrganisationParentNodes"/></con:request></con:config></con:testStep><con:properties/></con:testCase><con:properties/></con:testSuite><con:testSuite id="39d4a56e-ba45-4ae6-9f35-53a7918ad49d" name="TEST"><con:settings/><con:runType>SEQUENTIAL</con:runType><con:testCase id="370dd26f-6b8b-419e-9b3c-4a960dc03e1c" failOnError="true" failTestCaseOnErrors="true" keepSession="false" maxResults="0" name="findRepresentativeRolesByINSS" searchProperties="true"><con:settings/><con:testStep type="request" id="209945ab-4696-4327-84a7-c8aab04edbf5" name="testcase3 - Test - LB - Request"><con:settings/><con:config xsi:type="con:RequestStep" xmlns:xsi="http://www.w3.org/2001/XMLSchema-instance"><con:interface>AccessManagerServiceHTTPBinding</con:interface><con:operation>findRepresentativeRolesByINSS</con:operation><con:request name="testcase3 - Test - LB - Request" id="436cfb38-8989-4672-a32c-f077e2292091" outgoingWss="Outflow TEST"><con:settings/><con:encoding>UTF-8</con:encoding><con:endpoint>https://esb-security-gw.sta.srv.cirb.lan:8443/services/AccessManagerService_v1.0</con:endpoint><con:request><![CDATA[<soapenv:Envelope xmlns:soapenv="http://schemas.xmlsoap.org/soap/envelope/" xmlns:v1="http://fidus.brussels/service/accessmanagerservice/messages/v1" xmlns:v11="http://fidus.brussels/type/common/messages/v1" xmlns:v3="http://socialsecurity.be/umanentityrepresentative/types/v3">
   <soapenv:Header/>
   <soapenv:Body>
      <v1:findRepresentativeRolesByINSSRequest>
         <v1:messageContext>
         	  <v11:messageId>${=import static java.util.UUID.randomUUID; uuid = randomUUID() as String}</v11:messageId>
            <v11:timestamp>${=new java.text.SimpleDateFormat("yyyy-MM-dd'T'HH:mm:ss.SSS").format(new Date())}</v11:timestamp>
         </v1:messageContext>
         <v1:legalContext>ServiceIntegrator</v1:legalContext>
         <v1:request>
            <v1:Domain>QUAL_FED_HEALTHCARE</v1:Domain>
            <v1:INSS>86051933959</v1:INSS>
            <v1:Language>nl</v1:Language>
         </v1:request>
      </v1:findRepresentativeRolesByINSSRequest>
   </soapenv:Body>
</soapenv:Envelope>]]></con:request><con:assertion type="SOAP Fault Assertion" id="efe5078f-13d2-469d-a87b-9b513fee4051" name="Not SOAP Fault"/><con:assertion type="SOAP Response" id="54c2f245-9d30-4dca-82e0-4dcc2b594824" name="SOAP Response"/><con:assertion type="Schema Compliance" id="ab6e9b3e-f146-4f29-8a39-2bf4b56d858b" name="Schema Compliance"><con:configuration/></con:assertion><con:wsaConfig action="http://fidus.brussels/services/accessmanagerservice/findRepresentativeRolesByINSS"/></con:request></con:config></con:testStep><con:testStep type="request" id="0bb81f05-9056-47e5-98b6-a3a90289976a" name="testcase3 - Test - Worker1 - Request"><con:settings/><con:config xsi:type="con:RequestStep" xmlns:xsi="http://www.w3.org/2001/XMLSchema-instance"><con:interface>AccessManagerServiceHTTPBinding</con:interface><con:operation>findRepresentativeRolesByINSS</con:operation><con:request name="testcase3 - Test - Worker1 - Request" id="aa73c085-e187-4cbd-ac67-9f7e925e29aa" outgoingWss="Outflow TEST"><con:settings/><con:encoding>UTF-8</con:encoding><con:endpoint>https://192.168.24.45:8443/services/AccessManagerService_v1.0</con:endpoint><con:request><![CDATA[<soapenv:Envelope xmlns:soapenv="http://schemas.xmlsoap.org/soap/envelope/" xmlns:v1="http://fidus.brussels/service/accessmanagerservice/messages/v1" xmlns:v11="http://fidus.brussels/type/common/messages/v1" xmlns:v3="http://socialsecurity.be/umanentityrepresentative/types/v3">
   <soapenv:Header/>
   <soapenv:Body>
      <v1:findRepresentativeRolesByINSSRequest>
         <v1:messageContext>
         	  <v11:messageId>${=import static java.util.UUID.randomUUID; uuid = randomUUID() as String}</v11:messageId>
            <v11:timestamp>${=new java.text.SimpleDateFormat("yyyy-MM-dd'T'HH:mm:ss.SSS").format(new Date())}</v11:timestamp>
         </v1:messageContext>
         <v1:legalContext>ServiceIntegrator</v1:legalContext>
         <v1:request>
            <v1:Domain>QUAL_FED_HEALTHCARE</v1:Domain>
            <v1:INSS>86051933959</v1:INSS>
            <v1:Language>nl</v1:Language>
         </v1:request>
      </v1:findRepresentativeRolesByINSSRequest>
   </soapenv:Body>
</soapenv:Envelope>]]></con:request><con:assertion type="SOAP Fault Assertion" id="2efd644c-3d44-4224-8395-74f018a68b31" name="Not SOAP Fault"/><con:assertion type="SOAP Response" id="605bb445-ea5b-49bb-9ace-587135e9e795" name="SOAP Response"/><con:assertion type="Schema Compliance" id="84a3f48d-3472-49c5-b2ce-21408bbd0197" name="Schema Compliance"><con:configuration/></con:assertion><con:wsaConfig action="http://fidus.brussels/services/accessmanagerservice/findRepresentativeRolesByINSS"/></con:request></con:config></con:testStep><con:testStep type="request" id="3c98bf77-cf16-43e8-a064-93ec5853e516" name="testcase3 - Test - Worker2 - Request"><con:settings/><con:config xsi:type="con:RequestStep" xmlns:xsi="http://www.w3.org/2001/XMLSchema-instance"><con:interface>AccessManagerServiceHTTPBinding</con:interface><con:operation>findRepresentativeRolesByINSS</con:operation><con:request name="testcase3 - Test - Worker2 - Request" id="13a74562-cef4-4228-b983-3ec53499d3fd" outgoingWss="Outflow TEST"><con:settings/><con:encoding>UTF-8</con:encoding><con:endpoint>https://192.168.24.51:8443/services/AccessManagerService_v1.0</con:endpoint><con:request><![CDATA[<soapenv:Envelope xmlns:soapenv="http://schemas.xmlsoap.org/soap/envelope/" xmlns:v1="http://fidus.brussels/service/accessmanagerservice/messages/v1" xmlns:v11="http://fidus.brussels/type/common/messages/v1" xmlns:v3="http://socialsecurity.be/umanentityrepresentative/types/v3">
   <soapenv:Header/>
   <soapenv:Body>
      <v1:findRepresentativeRolesByINSSRequest>
         <v1:messageContext>
         	  <v11:messageId>${=import static java.util.UUID.randomUUID; uuid = randomUUID() as String}</v11:messageId>
            <v11:timestamp>${=new java.text.SimpleDateFormat("yyyy-MM-dd'T'HH:mm:ss.SSS").format(new Date())}</v11:timestamp>
         </v1:messageContext>
         <v1:legalContext>ServiceIntegrator</v1:legalContext>
         <v1:request>
            <v1:Domain>QUAL_FED_HEALTHCARE</v1:Domain>
            <v1:INSS>86051933959</v1:INSS>
            <v1:Language>nl</v1:Language>
         </v1:request>
      </v1:findRepresentativeRolesByINSSRequest>
   </soapenv:Body>
</soapenv:Envelope>]]></con:request><con:assertion type="SOAP Fault Assertion" id="0cbec210-8cd8-417f-8794-6c3ae6f8fef3" name="Not SOAP Fault"/><con:assertion type="SOAP Response" id="42caf420-c3ce-48be-963d-a4c6f2442ea3" name="SOAP Response"/><con:assertion type="Schema Compliance" id="ba9cb130-1737-424c-8b0a-7a974ea4ccdd" name="Schema Compliance"><con:configuration/></con:assertion><con:wsaConfig action="http://fidus.brussels/services/accessmanagerservice/findRepresentativeRolesByINSS"/></con:request></con:config></con:testStep><con:testStep type="request" id="1305cacb-d7c2-4f8b-bf1f-ab75e58fa86c" name="testcase3 - Test - Worker1New - Request"><con:settings/><con:config xsi:type="con:RequestStep" xmlns:xsi="http://www.w3.org/2001/XMLSchema-instance"><con:interface>AccessManagerServiceHTTPBinding</con:interface><con:operation>findRepresentativeRolesByINSS</con:operation><con:request name="testcase3 - Test - Worker1New - Request" id="83c01dc9-db6b-491f-aa70-b9ce9e4d0d5b" outgoingWss="Outflow TEST"><con:settings/><con:encoding>UTF-8</con:encoding><con:endpoint>https://192.168.24.45:8443/services/AccessManagerService_v1.0</con:endpoint><con:request><![CDATA[<soapenv:Envelope xmlns:soapenv="http://schemas.xmlsoap.org/soap/envelope/" xmlns:v1="http://fidus.brussels/service/accessmanagerservice/messages/v1" xmlns:v11="http://fidus.brussels/type/common/messages/v1" xmlns:v3="http://socialsecurity.be/umanentityrepresentative/types/v3">
   <soapenv:Header/>
   <soapenv:Body>
      <v1:findRepresentativeRolesByINSSRequest>
         <v1:messageContext>
         	  <v11:messageId>${=import static java.util.UUID.randomUUID; uuid = randomUUID() as String}</v11:messageId>
            <v11:timestamp>${=new java.text.SimpleDateFormat("yyyy-MM-dd'T'HH:mm:ss.SSS").format(new Date())}</v11:timestamp>
         </v1:messageContext>
         <v1:legalContext>ServiceIntegrator</v1:legalContext>
         <v1:request>
            <v1:Domain>QUAL_FED_HEALTHCARE</v1:Domain>
            <v1:INSS>86051933959</v1:INSS>
            <v1:Language>nl</v1:Language>
         </v1:request>
      </v1:findRepresentativeRolesByINSSRequest>
   </soapenv:Body>
</soapenv:Envelope>]]></con:request><con:assertion type="SOAP Fault Assertion" id="a35e467b-8696-4d1d-b4be-b2580757f156" name="Not SOAP Fault"/><con:assertion type="SOAP Response" id="7b9b7928-bfa8-44d5-abe6-f98fbdbf6835" name="SOAP Response"/><con:assertion type="Schema Compliance" id="3cc866b2-5ec2-4f79-8388-fd0285a5cc1a" name="Schema Compliance"><con:configuration/></con:assertion><con:wsaConfig action="http://fidus.brussels/services/accessmanagerservice/findRepresentativeRolesByINSS"/></con:request></con:config></con:testStep><con:testStep type="request" id="3383103d-80c9-48fa-b6b7-31ad99c0c4f9" name="testcase3 - Test - Worker2New - Request"><con:settings/><con:config xsi:type="con:RequestStep" xmlns:xsi="http://www.w3.org/2001/XMLSchema-instance"><con:interface>AccessManagerServiceHTTPBinding</con:interface><con:operation>findRepresentativeRolesByINSS</con:operation><con:request name="testcase3 - Test - Worker2New - Request" id="2b16d55b-c5b4-451f-985c-18f5e520e86b" outgoingWss="Outflow TEST"><con:settings/><con:encoding>UTF-8</con:encoding><con:endpoint>https://192.168.24.51:8443/services/AccessManagerService_v1.0</con:endpoint><con:request><![CDATA[<soapenv:Envelope xmlns:soapenv="http://schemas.xmlsoap.org/soap/envelope/" xmlns:v1="http://fidus.brussels/service/accessmanagerservice/messages/v1" xmlns:v11="http://fidus.brussels/type/common/messages/v1" xmlns:v3="http://socialsecurity.be/umanentityrepresentative/types/v3">
   <soapenv:Header/>
   <soapenv:Body>
      <v1:findRepresentativeRolesByINSSRequest>
         <v1:messageContext>
         	  <v11:messageId>${=import static java.util.UUID.randomUUID; uuid = randomUUID() as String}</v11:messageId>
            <v11:timestamp>${=new java.text.SimpleDateFormat("yyyy-MM-dd'T'HH:mm:ss.SSS").format(new Date())}</v11:timestamp>
         </v1:messageContext>
         <v1:legalContext>ServiceIntegrator</v1:legalContext>
         <v1:request>
            <v1:Domain>QUAL_FED_HEALTHCARE</v1:Domain>
            <v1:INSS>86051933959</v1:INSS>
            <v1:Language>nl</v1:Language>
         </v1:request>
      </v1:findRepresentativeRolesByINSSRequest>
   </soapenv:Body>
</soapenv:Envelope>]]></con:request><con:assertion type="SOAP Fault Assertion" id="c0c605b5-cc3d-435d-8609-39cf8624e160" name="Not SOAP Fault"/><con:assertion type="SOAP Response" id="faffcd2f-2b4a-4598-b59e-4509f3c283af" name="SOAP Response"/><con:assertion type="Schema Compliance" id="7a463154-bcec-435e-aa80-ad9115b61e7b" name="Schema Compliance"><con:configuration/></con:assertion><con:wsaConfig action="http://fidus.brussels/services/accessmanagerservice/findRepresentativeRolesByINSS"/></con:request></con:config></con:testStep><con:properties/></con:testCase><con:testCase id="c0bc0aaa-3117-4516-813e-d4869054385e" failOnError="true" failTestCaseOnErrors="true" keepSession="false" maxResults="0" name="getDomain" searchProperties="true"><con:settings/><con:testStep type="request" id="0fb7ba29-57cc-4770-8476-8ba8c1a86afa" name="testcase3 - Test - LB - Request"><con:settings/><con:config xsi:type="con:RequestStep" xmlns:xsi="http://www.w3.org/2001/XMLSchema-instance"><con:interface>AccessManagerServiceHTTPBinding</con:interface><con:operation>getDomain</con:operation><con:request name="testcase3 - Test - LB - Request" id="0369926c-095d-472b-a955-276033ceafd1" outgoingWss="Outflow TEST"><con:settings/><con:encoding>UTF-8</con:encoding><con:endpoint>https://esb-security-gw.sta.srv.cirb.lan:8443/services/AccessManagerService_v1.0</con:endpoint><con:request><![CDATA[<soapenv:Envelope xmlns:soapenv="http://schemas.xmlsoap.org/soap/envelope/" xmlns:v1="http://fidus.brussels/service/accessmanagerservice/messages/v1" xmlns:v11="http://fidus.brussels/type/common/messages/v1" >
   <soapenv:Header/>
   <soapenv:Body>
      <v1:getDomainRequest>
         <v1:messageContext>
         	  <v11:messageId>${=import static java.util.UUID.randomUUID; uuid = randomUUID() as String}</v11:messageId>
            <v11:timestamp>${=new java.text.SimpleDateFormat("yyyy-MM-dd'T'HH:mm:ss.SSS").format(new Date())}</v11:timestamp>
         </v1:messageContext>
         <v1:legalContext>ServiceIntegrator</v1:legalContext>
         <v1:request>
         	  <v1:Domain>FINANCE</v1:Domain>
            <v1:Language>fr</v1:Language>
         </v1:request>
      </v1:getDomainRequest>
   </soapenv:Body>
</soapenv:Envelope>]]></con:request><con:assertion type="SOAP Fault Assertion" id="0ad3e668-69bf-48b1-b2f5-25d2cc91f453" name="Not SOAP Fault"/><con:assertion type="SOAP Response" id="4c401ac6-6a0a-46b5-9159-105c2c1cfccf" name="SOAP Response"/><con:assertion type="Schema Compliance" id="9bec6438-9e3c-4f2a-9185-3dcf65fad4ad" name="Schema Compliance"><con:configuration/></con:assertion><con:wsaConfig action="http://fidus.brussels/services/accessmanagerservice/getDomain"/></con:request></con:config></con:testStep><con:testStep type="request" id="0691d1f5-9d30-4b25-ab2b-2e5b04c0d26e" name="testcase3 - Test - Worker1 - Request"><con:settings/><con:config xsi:type="con:RequestStep" xmlns:xsi="http://www.w3.org/2001/XMLSchema-instance"><con:interface>AccessManagerServiceHTTPBinding</con:interface><con:operation>getDomain</con:operation><con:request name="testcase3 - Test - Worker1 - Request" id="80dac2b8-935c-4322-a821-e5ec1a1c94d5" outgoingWss="Outflow TEST"><con:settings/><con:encoding>UTF-8</con:encoding><con:endpoint>https://192.168.24.45:8443/services/AccessManagerService_v1.0</con:endpoint><con:request><![CDATA[<soapenv:Envelope xmlns:soapenv="http://schemas.xmlsoap.org/soap/envelope/" xmlns:v1="http://fidus.brussels/service/accessmanagerservice/messages/v1" xmlns:v11="http://fidus.brussels/type/common/messages/v1" >
   <soapenv:Header/>
   <soapenv:Body>
      <v1:getDomainRequest>
         <v1:messageContext>
         	  <v11:messageId>${=import static java.util.UUID.randomUUID; uuid = randomUUID() as String}</v11:messageId>
            <v11:timestamp>${=new java.text.SimpleDateFormat("yyyy-MM-dd'T'HH:mm:ss.SSS").format(new Date())}</v11:timestamp>
         </v1:messageContext>
         <v1:legalContext>ServiceIntegrator</v1:legalContext>
         <v1:request>
         	  <v1:Domain>FINANCE</v1:Domain>
            <v1:Language>fr</v1:Language>
         </v1:request>
      </v1:getDomainRequest>
   </soapenv:Body>
</soapenv:Envelope>]]></con:request><con:assertion type="SOAP Fault Assertion" id="3d2dc469-077f-46a3-a293-b69781302135" name="Not SOAP Fault"/><con:assertion type="SOAP Response" id="91177824-96f4-4082-ad81-f736bfd4482d" name="SOAP Response"/><con:assertion type="Schema Compliance" id="ad2a8045-0b4c-4879-9520-89f731a29b01" name="Schema Compliance"><con:configuration/></con:assertion><con:wsaConfig action="http://fidus.brussels/services/accessmanagerservice/getDomain"/></con:request></con:config></con:testStep><con:testStep type="request" id="5d01edb2-ec24-4f53-a413-86061605c8de" name="testcase3 - Test - Worker2 - Request"><con:settings/><con:config xsi:type="con:RequestStep" xmlns:xsi="http://www.w3.org/2001/XMLSchema-instance"><con:interface>AccessManagerServiceHTTPBinding</con:interface><con:operation>getDomain</con:operation><con:request name="testcase3 - Test - Worker2 - Request" id="41a86eb0-df59-4bdb-9f53-a67f43f8cb51" outgoingWss="Outflow TEST"><con:settings/><con:encoding>UTF-8</con:encoding><con:endpoint>https://192.168.24.51:8443/services/AccessManagerService_v1.0</con:endpoint><con:request><![CDATA[<soapenv:Envelope xmlns:soapenv="http://schemas.xmlsoap.org/soap/envelope/" xmlns:v1="http://fidus.brussels/service/accessmanagerservice/messages/v1" xmlns:v11="http://fidus.brussels/type/common/messages/v1" >
   <soapenv:Header/>
   <soapenv:Body>
      <v1:getDomainRequest>
         <v1:messageContext>
         	  <v11:messageId>${=import static java.util.UUID.randomUUID; uuid = randomUUID() as String}</v11:messageId>
            <v11:timestamp>${=new java.text.SimpleDateFormat("yyyy-MM-dd'T'HH:mm:ss.SSS").format(new Date())}</v11:timestamp>
         </v1:messageContext>
         <v1:legalContext>ServiceIntegrator</v1:legalContext>
         <v1:request>
         	  <v1:Domain>FINANCE</v1:Domain>
            <v1:Language>fr</v1:Language>
         </v1:request>
      </v1:getDomainRequest>
   </soapenv:Body>
</soapenv:Envelope>]]></con:request><con:assertion type="SOAP Fault Assertion" id="1af79be2-9963-446a-b9f9-2632694c642d" name="Not SOAP Fault"/><con:assertion type="SOAP Response" id="09ce4206-d913-4586-822f-0ba401f7b48c" name="SOAP Response"/><con:assertion type="Schema Compliance" id="74c544ac-feae-4c08-b0e6-28b363e7c6e9" name="Schema Compliance"><con:configuration/></con:assertion><con:wsaConfig action="http://fidus.brussels/services/accessmanagerservice/getDomain"/></con:request></con:config></con:testStep><con:testStep type="request" id="8045be67-be31-4edb-a5c1-20385d0b6881" name="testcase3 - Test - Worker1New - Request"><con:settings/><con:config xsi:type="con:RequestStep" xmlns:xsi="http://www.w3.org/2001/XMLSchema-instance"><con:interface>AccessManagerServiceHTTPBinding</con:interface><con:operation>getDomain</con:operation><con:request name="testcase3 - Test - Worker1New - Request" id="a8795c6e-1614-4632-aa5b-64da1b07ccf8" outgoingWss="Outflow TEST"><con:settings/><con:encoding>UTF-8</con:encoding><con:endpoint>https://192.168.24.45:8443/services/AccessManagerService_v1.0</con:endpoint><con:request><![CDATA[<soapenv:Envelope xmlns:soapenv="http://schemas.xmlsoap.org/soap/envelope/" xmlns:v1="http://fidus.brussels/service/accessmanagerservice/messages/v1" xmlns:v11="http://fidus.brussels/type/common/messages/v1" >
   <soapenv:Header/>
   <soapenv:Body>
      <v1:getDomainRequest>
         <v1:messageContext>
         	  <v11:messageId>${=import static java.util.UUID.randomUUID; uuid = randomUUID() as String}</v11:messageId>
            <v11:timestamp>${=new java.text.SimpleDateFormat("yyyy-MM-dd'T'HH:mm:ss.SSS").format(new Date())}</v11:timestamp>
         </v1:messageContext>
         <v1:legalContext>ServiceIntegrator</v1:legalContext>
         <v1:request>
         	  <v1:Domain>FINANCE</v1:Domain>
            <v1:Language>fr</v1:Language>
         </v1:request>
      </v1:getDomainRequest>
   </soapenv:Body>
</soapenv:Envelope>]]></con:request><con:assertion type="SOAP Fault Assertion" id="2c088799-1937-4d9e-a354-8ab0dd3b4671" name="Not SOAP Fault"/><con:assertion type="SOAP Response" id="454536b7-1ceb-4a8c-8d5f-f84a123c9793" name="SOAP Response"/><con:assertion type="Schema Compliance" id="ba007a5a-35df-4f23-80fe-7eca791f7ca1" name="Schema Compliance"><con:configuration/></con:assertion><con:wsaConfig action="http://fidus.brussels/services/accessmanagerservice/getDomain"/></con:request></con:config></con:testStep><con:testStep type="request" id="999a8f70-84ed-4b30-9a51-1f8929c7187f" name="testcase3 - Test - Worker2New - Request"><con:settings/><con:config xsi:type="con:RequestStep" xmlns:xsi="http://www.w3.org/2001/XMLSchema-instance"><con:interface>AccessManagerServiceHTTPBinding</con:interface><con:operation>getDomain</con:operation><con:request name="testcase3 - Test - Worker2New - Request" id="42a96d92-4d8d-421d-9c7e-a5432fb59a60" outgoingWss="Outflow TEST"><con:settings/><con:encoding>UTF-8</con:encoding><con:endpoint>https://192.168.24.51:8443/services/AccessManagerService_v1.0</con:endpoint><con:request><![CDATA[<soapenv:Envelope xmlns:soapenv="http://schemas.xmlsoap.org/soap/envelope/" xmlns:v1="http://fidus.brussels/service/accessmanagerservice/messages/v1" xmlns:v11="http://fidus.brussels/type/common/messages/v1" >
   <soapenv:Header/>
   <soapenv:Body>
      <v1:getDomainRequest>
         <v1:messageContext>
         	  <v11:messageId>${=import static java.util.UUID.randomUUID; uuid = randomUUID() as String}</v11:messageId>
            <v11:timestamp>${=new java.text.SimpleDateFormat("yyyy-MM-dd'T'HH:mm:ss.SSS").format(new Date())}</v11:timestamp>
         </v1:messageContext>
         <v1:legalContext>ServiceIntegrator</v1:legalContext>
         <v1:request>
         	  <v1:Domain>FINANCE</v1:Domain>
            <v1:Language>fr</v1:Language>
         </v1:request>
      </v1:getDomainRequest>
   </soapenv:Body>
</soapenv:Envelope>]]></con:request><con:assertion type="SOAP Fault Assertion" id="9311ec5d-b538-4fde-afb0-194837b9bfb8" name="Not SOAP Fault"/><con:assertion type="SOAP Response" id="01468a76-1ddb-43e0-aa52-bb669e4aef9e" name="SOAP Response"/><con:assertion type="Schema Compliance" id="5f9ccc6e-d762-48d2-8290-1766119b0023" name="Schema Compliance"><con:configuration/></con:assertion><con:wsaConfig action="http://fidus.brussels/services/accessmanagerservice/getDomain"/></con:request></con:config></con:testStep><con:properties/></con:testCase><con:testCase id="a1b8a1e1-3cc2-4356-9b13-6b5a8c6d5894" failOnError="true" failTestCaseOnErrors="true" keepSession="false" maxResults="0" name="getEntityRepresentatives" searchProperties="true"><con:settings/><con:testStep type="request" id="7758edaa-51ef-4e58-9d52-69cc66c9f108" name="testcase3 - Test - LB - Request"><con:settings/><con:config xsi:type="con:RequestStep" xmlns:xsi="http://www.w3.org/2001/XMLSchema-instance"><con:interface>AccessManagerServiceHTTPBinding</con:interface><con:operation>getEntityRepresentatives</con:operation><con:request name="testcase3 - Test - LB - Request" id="092a80e1-bf97-42df-b5aa-62b75dc1d644" outgoingWss="Outflow TEST"><con:settings/><con:encoding>UTF-8</con:encoding><con:endpoint>https://esb-security-gw.sta.srv.cirb.lan:8443/services/AccessManagerService_v1.0</con:endpoint><con:request><![CDATA[<soapenv:Envelope xmlns:soapenv="http://schemas.xmlsoap.org/soap/envelope/" xmlns:v1="http://fidus.brussels/service/accessmanagerservice/messages/v1" xmlns:v11="http://fidus.brussels/type/common/messages/v1" xmlns:v31="http://socialsecurity.be/umanentityrepresentative/types/v3" >
   <soapenv:Header/>
   <soapenv:Body>
      <v1:getEntityRepresentativesRequest>
         <v1:messageContext>
         	  <v11:messageId>${=import static java.util.UUID.randomUUID; uuid = randomUUID() as String}</v11:messageId>
            <v11:timestamp>${=new java.text.SimpleDateFormat("yyyy-MM-dd'T'HH:mm:ss.SSS").format(new Date())}</v11:timestamp>
         </v1:messageContext>
         <v1:legalContext>ServiceIntegrator</v1:legalContext>
         <v1:request>
            <v1:Domain>QUAL_FED_HEALTHCARE</v1:Domain>
            <v1:OrganisationId>
               <v31:Identifier>1990000431</v31:Identifier>
               <v31:IdentifierType>BEEHP</v31:IdentifierType>
            </v1:OrganisationId>
            <v1:Language>nl</v1:Language>
         </v1:request>
      </v1:getEntityRepresentativesRequest>
   </soapenv:Body>
</soapenv:Envelope>]]></con:request><con:assertion type="SOAP Fault Assertion" id="8855c9f6-0058-4857-b199-4552692f1e66" name="Not SOAP Fault"/><con:assertion type="SOAP Response" id="7cddc34b-68c5-40a3-bf81-369994875852" name="SOAP Response"/><con:assertion type="Schema Compliance" id="2789e795-8c99-44ec-af6b-b865409534b4" name="Schema Compliance"><con:configuration/></con:assertion><con:wsaConfig action="http://fidus.brussels/services/accessmanagerservice/getEntityRepresentatives"/></con:request></con:config></con:testStep><con:testStep type="request" id="f3f7984f-91b7-4ad7-a7b3-9c194199b76e" name="testcase3 - Test - Worker1 - Request"><con:settings/><con:config xsi:type="con:RequestStep" xmlns:xsi="http://www.w3.org/2001/XMLSchema-instance"><con:interface>AccessManagerServiceHTTPBinding</con:interface><con:operation>getEntityRepresentatives</con:operation><con:request name="testcase3 - Test - Worker1 - Request" id="0544952a-a63b-44bf-b62e-73010c94c728" outgoingWss="Outflow TEST"><con:settings/><con:encoding>UTF-8</con:encoding><con:endpoint>https://192.168.24.45:8443/services/AccessManagerService_v1.0</con:endpoint><con:request><![CDATA[<soapenv:Envelope xmlns:soapenv="http://schemas.xmlsoap.org/soap/envelope/" xmlns:v1="http://fidus.brussels/service/accessmanagerservice/messages/v1" xmlns:v11="http://fidus.brussels/type/common/messages/v1" xmlns:v31="http://socialsecurity.be/umanentityrepresentative/types/v3" >
   <soapenv:Header/>
   <soapenv:Body>
      <v1:getEntityRepresentativesRequest>
         <v1:messageContext>
         	  <v11:messageId>${=import static java.util.UUID.randomUUID; uuid = randomUUID() as String}</v11:messageId>
            <v11:timestamp>${=new java.text.SimpleDateFormat("yyyy-MM-dd'T'HH:mm:ss.SSS").format(new Date())}</v11:timestamp>
         </v1:messageContext>
         <v1:legalContext>ServiceIntegrator</v1:legalContext>
         <v1:request>
            <v1:Domain>QUAL_FED_HEALTHCARE</v1:Domain>
            <v1:OrganisationId>
               <v31:Identifier>1990000431</v31:Identifier>
               <v31:IdentifierType>BEEHP</v31:IdentifierType>
            </v1:OrganisationId>
            <v1:Language>nl</v1:Language>
         </v1:request>
      </v1:getEntityRepresentativesRequest>
   </soapenv:Body>
</soapenv:Envelope>]]></con:request><con:assertion type="SOAP Fault Assertion" id="3fda5d94-5aff-4fb4-b689-f80cf763dac4" name="Not SOAP Fault"/><con:assertion type="SOAP Response" id="c7af2b7c-3769-45df-8f2b-fe132747ec84" name="SOAP Response"/><con:assertion type="Schema Compliance" id="84a08e94-96a8-4f2c-9d84-a7ffc1cf49c9" name="Schema Compliance"><con:configuration/></con:assertion><con:wsaConfig action="http://fidus.brussels/services/accessmanagerservice/getEntityRepresentatives"/></con:request></con:config></con:testStep><con:testStep type="request" id="2d0bdc3d-e965-480d-84be-7483e8737377" name="testcase3 - Test - Worker2 - Request"><con:settings/><con:config xsi:type="con:RequestStep" xmlns:xsi="http://www.w3.org/2001/XMLSchema-instance"><con:interface>AccessManagerServiceHTTPBinding</con:interface><con:operation>getEntityRepresentatives</con:operation><con:request name="testcase3 - Test - Worker2 - Request" id="7ff86eaa-bc4e-4b08-a555-be4a16cb64c0" outgoingWss="Outflow TEST"><con:settings/><con:encoding>UTF-8</con:encoding><con:endpoint>https://192.168.24.51:8443/services/AccessManagerService_v1.0</con:endpoint><con:request><![CDATA[<soapenv:Envelope xmlns:soapenv="http://schemas.xmlsoap.org/soap/envelope/" xmlns:v1="http://fidus.brussels/service/accessmanagerservice/messages/v1" xmlns:v11="http://fidus.brussels/type/common/messages/v1" xmlns:v31="http://socialsecurity.be/umanentityrepresentative/types/v3" >
   <soapenv:Header/>
   <soapenv:Body>
      <v1:getEntityRepresentativesRequest>
         <v1:messageContext>
         	  <v11:messageId>${=import static java.util.UUID.randomUUID; uuid = randomUUID() as String}</v11:messageId>
            <v11:timestamp>${=new java.text.SimpleDateFormat("yyyy-MM-dd'T'HH:mm:ss.SSS").format(new Date())}</v11:timestamp>
         </v1:messageContext>
         <v1:legalContext>ServiceIntegrator</v1:legalContext>
         <v1:request>
            <v1:Domain>QUAL_FED_HEALTHCARE</v1:Domain>
            <v1:OrganisationId>
               <v31:Identifier>1990000431</v31:Identifier>
               <v31:IdentifierType>BEEHP</v31:IdentifierType>
            </v1:OrganisationId>
            <v1:Language>nl</v1:Language>
         </v1:request>
      </v1:getEntityRepresentativesRequest>
   </soapenv:Body>
</soapenv:Envelope>]]></con:request><con:assertion type="SOAP Fault Assertion" id="01eba818-36bc-4fc5-a9a1-ae5edba5ea53" name="Not SOAP Fault"/><con:assertion type="SOAP Response" id="e556c709-0fa2-489d-b25d-f072b9d5f6cb" name="SOAP Response"/><con:assertion type="Schema Compliance" id="7961f96c-655b-49aa-b985-8ca6c73607a0" name="Schema Compliance"><con:configuration/></con:assertion><con:wsaConfig action="http://fidus.brussels/services/accessmanagerservice/getEntityRepresentatives"/></con:request></con:config></con:testStep><con:testStep type="request" id="bb9da900-497f-493f-81c9-73b9f1de7dfb" name="testcase3 - Test - Worker1New - Request"><con:settings/><con:config xsi:type="con:RequestStep" xmlns:xsi="http://www.w3.org/2001/XMLSchema-instance"><con:interface>AccessManagerServiceHTTPBinding</con:interface><con:operation>getEntityRepresentatives</con:operation><con:request name="testcase3 - Test - Worker1New - Request" id="aad937cb-244b-493d-bc22-bb57a38d8f35" outgoingWss="Outflow TEST"><con:settings/><con:encoding>UTF-8</con:encoding><con:endpoint>https://192.168.24.45:8443/services/AccessManagerService_v1.0</con:endpoint><con:request><![CDATA[<soapenv:Envelope xmlns:soapenv="http://schemas.xmlsoap.org/soap/envelope/" xmlns:v1="http://fidus.brussels/service/accessmanagerservice/messages/v1" xmlns:v11="http://fidus.brussels/type/common/messages/v1" xmlns:v31="http://socialsecurity.be/umanentityrepresentative/types/v3" >
   <soapenv:Header/>
   <soapenv:Body>
      <v1:getEntityRepresentativesRequest>
         <v1:messageContext>
         	  <v11:messageId>${=import static java.util.UUID.randomUUID; uuid = randomUUID() as String}</v11:messageId>
            <v11:timestamp>${=new java.text.SimpleDateFormat("yyyy-MM-dd'T'HH:mm:ss.SSS").format(new Date())}</v11:timestamp>
         </v1:messageContext>
         <v1:legalContext>ServiceIntegrator</v1:legalContext>
         <v1:request>
            <v1:Domain>QUAL_FED_HEALTHCARE</v1:Domain>
            <v1:OrganisationId>
               <v31:Identifier>1990000431</v31:Identifier>
               <v31:IdentifierType>BEEHP</v31:IdentifierType>
            </v1:OrganisationId>
            <v1:Language>nl</v1:Language>
         </v1:request>
      </v1:getEntityRepresentativesRequest>
   </soapenv:Body>
</soapenv:Envelope>]]></con:request><con:assertion type="SOAP Fault Assertion" id="1f04c86b-9792-4ad6-8794-5258ba4b26b7" name="Not SOAP Fault"/><con:assertion type="SOAP Response" id="64f96ef5-e141-47de-acdd-69332ac874c9" name="SOAP Response"/><con:assertion type="Schema Compliance" id="4296668e-2dd2-4c8f-aac3-a866c12b5d33" name="Schema Compliance"><con:configuration/></con:assertion><con:wsaConfig action="http://fidus.brussels/services/accessmanagerservice/getEntityRepresentatives"/></con:request></con:config></con:testStep><con:testStep type="request" id="86513f1b-b028-4c8b-8f6e-c16dfaf96be4" name="testcase3 - Test - Worker2New - Request"><con:settings/><con:config xsi:type="con:RequestStep" xmlns:xsi="http://www.w3.org/2001/XMLSchema-instance"><con:interface>AccessManagerServiceHTTPBinding</con:interface><con:operation>getEntityRepresentatives</con:operation><con:request name="testcase3 - Test - Worker2New - Request" id="9bdc6dc5-a225-49cc-a4c5-bc628e862748" outgoingWss="Outflow TEST"><con:settings/><con:encoding>UTF-8</con:encoding><con:endpoint>https://192.168.24.51:8443/services/AccessManagerService_v1.0</con:endpoint><con:request><![CDATA[<soapenv:Envelope xmlns:soapenv="http://schemas.xmlsoap.org/soap/envelope/" xmlns:v1="http://fidus.brussels/service/accessmanagerservice/messages/v1" xmlns:v11="http://fidus.brussels/type/common/messages/v1" xmlns:v31="http://socialsecurity.be/umanentityrepresentative/types/v3" >
   <soapenv:Header/>
   <soapenv:Body>
      <v1:getEntityRepresentativesRequest>
         <v1:messageContext>
         	  <v11:messageId>${=import static java.util.UUID.randomUUID; uuid = randomUUID() as String}</v11:messageId>
            <v11:timestamp>${=new java.text.SimpleDateFormat("yyyy-MM-dd'T'HH:mm:ss.SSS").format(new Date())}</v11:timestamp>
         </v1:messageContext>
         <v1:legalContext>ServiceIntegrator</v1:legalContext>
         <v1:request>
            <v1:Domain>QUAL_FED_HEALTHCARE</v1:Domain>
            <v1:OrganisationId>
               <v31:Identifier>1990000431</v31:Identifier>
               <v31:IdentifierType>BEEHP</v31:IdentifierType>
            </v1:OrganisationId>
            <v1:Language>nl</v1:Language>
         </v1:request>
      </v1:getEntityRepresentativesRequest>
   </soapenv:Body>
</soapenv:Envelope>]]></con:request><con:assertion type="SOAP Fault Assertion" id="50b98210-1846-48b2-9658-97f7a61a4ed1" name="Not SOAP Fault"/><con:assertion type="SOAP Response" id="a18b5c68-fdc2-481d-a6cc-62747293c5f3" name="SOAP Response"/><con:assertion type="Schema Compliance" id="169a4171-514b-4688-b167-b5b730d4e740" name="Schema Compliance"><con:configuration/></con:assertion><con:wsaConfig action="http://fidus.brussels/services/accessmanagerservice/getEntityRepresentatives"/></con:request></con:config></con:testStep><con:properties/></con:testCase><con:testCase id="6fcd11a1-56eb-4a7e-a6e7-a39ea8c9ebd2" failOnError="true" failTestCaseOnErrors="true" keepSession="false" maxResults="0" name="getOrganisationChildNodes" searchProperties="true"><con:settings/><con:testStep type="request" id="3755ceaa-b132-4dba-ad4d-4051549bb26b" name="testcase3 - Test - LB - Request"><con:settings/><con:config xsi:type="con:RequestStep" xmlns:xsi="http://www.w3.org/2001/XMLSchema-instance"><con:interface>AccessManagerServiceHTTPBinding</con:interface><con:operation>getOrganisationChildNodes</con:operation><con:request name="testcase3 - Test - LB - Request" id="28dab566-633a-4895-9582-7953477f88b5" outgoingWss="Outflow TEST"><con:settings/><con:encoding>UTF-8</con:encoding><con:endpoint>https://esb-security-gw.sta.srv.cirb.lan:8443/services/AccessManagerService_v1.0</con:endpoint><con:request><![CDATA[<soapenv:Envelope xmlns:soapenv="http://schemas.xmlsoap.org/soap/envelope/" xmlns:v1="http://fidus.brussels/service/accessmanagerservice/messages/v1" xmlns:v11="http://fidus.brussels/type/common/messages/v1" xmlns:v31="http://socialsecurity.be/umanentityrepresentative/types/v3">
   <soapenv:Header/>
   <soapenv:Body>
      <v1:getOrganisationChildNodesRequest>
         <v1:messageContext>
         	  <v11:messageId>${=import static java.util.UUID.randomUUID; uuid = randomUUID() as String}</v11:messageId>
            <v11:timestamp>${=new java.text.SimpleDateFormat("yyyy-MM-dd'T'HH:mm:ss.SSS").format(new Date())}</v11:timestamp>
         </v1:messageContext>
         <v1:legalContext>ServiceIntegrator</v1:legalContext>
         <v1:request>
            <v1:Domain>QUAL_FED_HEALTHCARE</v1:Domain>
            <v1:OrganisationId>
               <v31:Identifier>1990000431</v31:Identifier>
               <v31:IdentifierType>BEEHP</v31:IdentifierType>
            </v1:OrganisationId>
            <v1:Language>nl</v1:Language>
         </v1:request>
      </v1:getOrganisationChildNodesRequest>
   </soapenv:Body>
</soapenv:Envelope>]]></con:request><con:assertion type="SOAP Fault Assertion" id="b8a5a551-32e2-441c-908f-38f90e560720" name="Not SOAP Fault"/><con:assertion type="SOAP Response" id="4d7e27b3-c299-4791-9879-95b5dd08f25e" name="SOAP Response"/><con:assertion type="Schema Compliance" id="56936106-23b8-4f41-8a02-73376a1745c2" name="Schema Compliance"><con:configuration/></con:assertion><con:wsaConfig action="http://fidus.brussels/services/accessmanagerservice/getOrganisationChildNodes"/></con:request></con:config></con:testStep><con:testStep type="request" id="1a1a7a0a-a09b-4d61-95b8-d9dd1156f3d3" name="testcase3 - Test - Worker1 - Request"><con:settings/><con:config xsi:type="con:RequestStep" xmlns:xsi="http://www.w3.org/2001/XMLSchema-instance"><con:interface>AccessManagerServiceHTTPBinding</con:interface><con:operation>getOrganisationChildNodes</con:operation><con:request name="testcase3 - Test - Worker1 - Request" id="5acbc752-a8bd-4063-a969-765415484ffd" outgoingWss="Outflow TEST"><con:settings/><con:encoding>UTF-8</con:encoding><con:endpoint>https://192.168.24.45:8443/services/AccessManagerService_v1.0</con:endpoint><con:request><![CDATA[<soapenv:Envelope xmlns:soapenv="http://schemas.xmlsoap.org/soap/envelope/" xmlns:v1="http://fidus.brussels/service/accessmanagerservice/messages/v1" xmlns:v11="http://fidus.brussels/type/common/messages/v1" xmlns:v31="http://socialsecurity.be/umanentityrepresentative/types/v3">
   <soapenv:Header/>
   <soapenv:Body>
      <v1:getOrganisationChildNodesRequest>
         <v1:messageContext>
         	  <v11:messageId>${=import static java.util.UUID.randomUUID; uuid = randomUUID() as String}</v11:messageId>
            <v11:timestamp>${=new java.text.SimpleDateFormat("yyyy-MM-dd'T'HH:mm:ss.SSS").format(new Date())}</v11:timestamp>
         </v1:messageContext>
         <v1:legalContext>ServiceIntegrator</v1:legalContext>
         <v1:request>
            <v1:Domain>QUAL_FED_HEALTHCARE</v1:Domain>
            <v1:OrganisationId>
               <v31:Identifier>1990000431</v31:Identifier>
               <v31:IdentifierType>BEEHP</v31:IdentifierType>
            </v1:OrganisationId>
            <v1:Language>nl</v1:Language>
         </v1:request>
      </v1:getOrganisationChildNodesRequest>
   </soapenv:Body>
</soapenv:Envelope>]]></con:request><con:assertion type="SOAP Fault Assertion" id="26fd91f7-4c22-4f35-9f09-9536f2030534" name="Not SOAP Fault"/><con:assertion type="SOAP Response" id="8af5c4ed-0cec-4a0c-9efa-816e4cf618c3" name="SOAP Response"/><con:assertion type="Schema Compliance" id="37eff1d3-234e-48bc-a828-705a5a5177a1" name="Schema Compliance"><con:configuration/></con:assertion><con:wsaConfig action="http://fidus.brussels/services/accessmanagerservice/getOrganisationChildNodes"/></con:request></con:config></con:testStep><con:testStep type="request" id="538639b0-b7e9-4fff-99bf-a9832d77ccfd" name="testcase3 - Test - Worker2 - Request"><con:settings/><con:config xsi:type="con:RequestStep" xmlns:xsi="http://www.w3.org/2001/XMLSchema-instance"><con:interface>AccessManagerServiceHTTPBinding</con:interface><con:operation>getOrganisationChildNodes</con:operation><con:request name="testcase3 - Test - Worker2 - Request" id="ce21b49d-a8a1-42fd-8deb-dad2aeeae389" outgoingWss="Outflow TEST"><con:settings/><con:encoding>UTF-8</con:encoding><con:endpoint>https://192.168.24.51:8443/services/AccessManagerService_v1.0</con:endpoint><con:request><![CDATA[<soapenv:Envelope xmlns:soapenv="http://schemas.xmlsoap.org/soap/envelope/" xmlns:v1="http://fidus.brussels/service/accessmanagerservice/messages/v1" xmlns:v11="http://fidus.brussels/type/common/messages/v1" xmlns:v31="http://socialsecurity.be/umanentityrepresentative/types/v3">
   <soapenv:Header/>
   <soapenv:Body>
      <v1:getOrganisationChildNodesRequest>
         <v1:messageContext>
         	  <v11:messageId>${=import static java.util.UUID.randomUUID; uuid = randomUUID() as String}</v11:messageId>
            <v11:timestamp>${=new java.text.SimpleDateFormat("yyyy-MM-dd'T'HH:mm:ss.SSS").format(new Date())}</v11:timestamp>
         </v1:messageContext>
         <v1:legalContext>ServiceIntegrator</v1:legalContext>
         <v1:request>
            <v1:Domain>QUAL_FED_HEALTHCARE</v1:Domain>
            <v1:OrganisationId>
               <v31:Identifier>1990000431</v31:Identifier>
               <v31:IdentifierType>BEEHP</v31:IdentifierType>
            </v1:OrganisationId>
            <v1:Language>nl</v1:Language>
         </v1:request>
      </v1:getOrganisationChildNodesRequest>
   </soapenv:Body>
</soapenv:Envelope>]]></con:request><con:assertion type="SOAP Fault Assertion" id="59e4d515-7931-4b7a-8879-7be233e9f690" name="Not SOAP Fault"/><con:assertion type="SOAP Response" id="731a9021-1bcc-4551-9459-6ca77e0ddfcc" name="SOAP Response"/><con:assertion type="Schema Compliance" id="62f0f40f-53e7-4b61-b428-b6d9b95273a0" name="Schema Compliance"><con:configuration/></con:assertion><con:wsaConfig action="http://fidus.brussels/services/accessmanagerservice/getOrganisationChildNodes"/></con:request></con:config></con:testStep><con:testStep type="request" id="4b138789-c9e3-453a-b0e0-b3f66412c7df" name="testcase3 - Test - Worker1New - Request"><con:settings/><con:config xsi:type="con:RequestStep" xmlns:xsi="http://www.w3.org/2001/XMLSchema-instance"><con:interface>AccessManagerServiceHTTPBinding</con:interface><con:operation>getOrganisationChildNodes</con:operation><con:request name="testcase3 - Test - Worker1New - Request" id="1f6365e7-6cff-4052-b78e-07fea01f9faa" outgoingWss="Outflow TEST"><con:settings/><con:encoding>UTF-8</con:encoding><con:endpoint>https://192.168.24.45:8443/services/AccessManagerService_v1.0</con:endpoint><con:request><![CDATA[<soapenv:Envelope xmlns:soapenv="http://schemas.xmlsoap.org/soap/envelope/" xmlns:v1="http://fidus.brussels/service/accessmanagerservice/messages/v1" xmlns:v11="http://fidus.brussels/type/common/messages/v1" xmlns:v31="http://socialsecurity.be/umanentityrepresentative/types/v3">
   <soapenv:Header/>
   <soapenv:Body>
      <v1:getOrganisationChildNodesRequest>
         <v1:messageContext>
         	  <v11:messageId>${=import static java.util.UUID.randomUUID; uuid = randomUUID() as String}</v11:messageId>
            <v11:timestamp>${=new java.text.SimpleDateFormat("yyyy-MM-dd'T'HH:mm:ss.SSS").format(new Date())}</v11:timestamp>
         </v1:messageContext>
         <v1:legalContext>ServiceIntegrator</v1:legalContext>
         <v1:request>
            <v1:Domain>QUAL_FED_HEALTHCARE</v1:Domain>
            <v1:OrganisationId>
               <v31:Identifier>1990000431</v31:Identifier>
               <v31:IdentifierType>BEEHP</v31:IdentifierType>
            </v1:OrganisationId>
            <v1:Language>nl</v1:Language>
         </v1:request>
      </v1:getOrganisationChildNodesRequest>
   </soapenv:Body>
</soapenv:Envelope>]]></con:request><con:assertion type="SOAP Fault Assertion" id="370b8d60-d32c-46f9-81b3-a88f24fa4ca6" name="Not SOAP Fault"/><con:assertion type="SOAP Response" id="82afc5dd-d17b-4a7a-bc3e-b2eacb21e7b3" name="SOAP Response"/><con:assertion type="Schema Compliance" id="b60f6761-82e3-4e7a-806e-76755337e0b2" name="Schema Compliance"><con:configuration/></con:assertion><con:wsaConfig action="http://fidus.brussels/services/accessmanagerservice/getOrganisationChildNodes"/></con:request></con:config></con:testStep><con:testStep type="request" id="30df4929-e302-4a5c-baaa-dec371109be7" name="testcase3 - Test - Worker2New - Request"><con:settings/><con:config xsi:type="con:RequestStep" xmlns:xsi="http://www.w3.org/2001/XMLSchema-instance"><con:interface>AccessManagerServiceHTTPBinding</con:interface><con:operation>getOrganisationChildNodes</con:operation><con:request name="testcase3 - Test - Worker2New - Request" id="0aa7f63a-bb6d-4ffd-8a81-2515acbbf8e6" outgoingWss="Outflow TEST"><con:settings/><con:encoding>UTF-8</con:encoding><con:endpoint>https://192.168.24.51:8443/services/AccessManagerService_v1.0</con:endpoint><con:request><![CDATA[<soapenv:Envelope xmlns:soapenv="http://schemas.xmlsoap.org/soap/envelope/" xmlns:v1="http://fidus.brussels/service/accessmanagerservice/messages/v1" xmlns:v11="http://fidus.brussels/type/common/messages/v1" xmlns:v31="http://socialsecurity.be/umanentityrepresentative/types/v3">
   <soapenv:Header/>
   <soapenv:Body>
      <v1:getOrganisationChildNodesRequest>
         <v1:messageContext>
         	  <v11:messageId>${=import static java.util.UUID.randomUUID; uuid = randomUUID() as String}</v11:messageId>
            <v11:timestamp>${=new java.text.SimpleDateFormat("yyyy-MM-dd'T'HH:mm:ss.SSS").format(new Date())}</v11:timestamp>
         </v1:messageContext>
         <v1:legalContext>ServiceIntegrator</v1:legalContext>
         <v1:request>
            <v1:Domain>QUAL_FED_HEALTHCARE</v1:Domain>
            <v1:OrganisationId>
               <v31:Identifier>1990000431</v31:Identifier>
               <v31:IdentifierType>BEEHP</v31:IdentifierType>
            </v1:OrganisationId>
            <v1:Language>nl</v1:Language>
         </v1:request>
      </v1:getOrganisationChildNodesRequest>
   </soapenv:Body>
</soapenv:Envelope>]]></con:request><con:assertion type="SOAP Fault Assertion" id="ae03b848-fef9-432f-904a-eb5e8ca0fe9c" name="Not SOAP Fault"/><con:assertion type="SOAP Response" id="abded443-c210-4b21-963e-2717820e08eb" name="SOAP Response"/><con:assertion type="Schema Compliance" id="fbed10f0-8b00-43ce-9a9e-42d9c921a23e" name="Schema Compliance"><con:configuration/></con:assertion><con:wsaConfig action="http://fidus.brussels/services/accessmanagerservice/getOrganisationChildNodes"/></con:request></con:config></con:testStep><con:properties/></con:testCase><con:testCase id="76ecd004-b7a5-40d8-960e-6f45bac385be" failOnError="true" failTestCaseOnErrors="true" keepSession="false" maxResults="0" name="getOrganisationDenomination" searchProperties="true"><con:settings/><con:testStep type="request" id="4852da24-2c1b-4a81-a961-1cc34c0eaabb" name="testcase3 - Test - LB - Request"><con:settings/><con:config xsi:type="con:RequestStep" xmlns:xsi="http://www.w3.org/2001/XMLSchema-instance"><con:interface>AccessManagerServiceHTTPBinding</con:interface><con:operation>getOrganisationDenomination</con:operation><con:request name="testcase3 - Test - LB - Request" id="fc062462-1cbe-438f-905c-2d40de4ffb27" outgoingWss="Outflow TEST"><con:settings/><con:encoding>UTF-8</con:encoding><con:endpoint>https://esb-security-gw.sta.srv.cirb.lan:8443/services/AccessManagerService_v1.0</con:endpoint><con:request><![CDATA[<soapenv:Envelope xmlns:soapenv="http://schemas.xmlsoap.org/soap/envelope/" xmlns:v1="http://fidus.brussels/service/accessmanagerservice/messages/v1" xmlns:v11="http://fidus.brussels/type/common/messages/v1" xmlns:v31="http://socialsecurity.be/umanentityrepresentative/types/v3">
   <soapenv:Header/>
   <soapenv:Body>
      <v1:getOrganisationDenominationRequest>
         <v1:messageContext>
         	  <v11:messageId>${=import static java.util.UUID.randomUUID; uuid = randomUUID() as String}</v11:messageId>
            <v11:timestamp>${=new java.text.SimpleDateFormat("yyyy-MM-dd'T'HH:mm:ss.SSS").format(new Date())}</v11:timestamp>
         </v1:messageContext>
         <v1:legalContext>ServiceIntegrator</v1:legalContext>
         <v1:request>
            <v1:Domain>QUAL_FED_HEALTHCARE</v1:Domain>
            <v1:OrganisationId>
               <v31:Identifier>1990000431</v31:Identifier>
               <v31:IdentifierType>BEEHP</v31:IdentifierType>
            </v1:OrganisationId>
            <v1:Language>nl</v1:Language>
         </v1:request>
      </v1:getOrganisationDenominationRequest>
   </soapenv:Body>
</soapenv:Envelope>]]></con:request><con:assertion type="SOAP Fault Assertion" id="a40fe51c-0b2a-4245-b2bb-f64f7a6aaa6a" name="Not SOAP Fault"/><con:assertion type="SOAP Response" id="413ced1c-61ef-459c-82ec-d4ca3c6eda28" name="SOAP Response"/><con:assertion type="Schema Compliance" id="f197b3d2-76ca-43a8-9706-cb832d7b5dc3" name="Schema Compliance"><con:configuration/></con:assertion><con:wsaConfig action="http://fidus.brussels/services/accessmanagerservice/getOrganisationDenomination"/></con:request></con:config></con:testStep><con:testStep type="request" id="c0ef63d4-0276-413c-b109-f301003d1339" name="testcase3 - Test - Worker1 - Request"><con:settings/><con:config xsi:type="con:RequestStep" xmlns:xsi="http://www.w3.org/2001/XMLSchema-instance"><con:interface>AccessManagerServiceHTTPBinding</con:interface><con:operation>getOrganisationDenomination</con:operation><con:request name="testcase3 - Test - Worker1 - Request" id="050d933f-edb3-41af-aab5-74e7a3836ed0" outgoingWss="Outflow TEST"><con:settings/><con:encoding>UTF-8</con:encoding><con:endpoint>https://192.168.24.45:8443/services/AccessManagerService_v1.0</con:endpoint><con:request><![CDATA[<soapenv:Envelope xmlns:soapenv="http://schemas.xmlsoap.org/soap/envelope/" xmlns:v1="http://fidus.brussels/service/accessmanagerservice/messages/v1" xmlns:v11="http://fidus.brussels/type/common/messages/v1" xmlns:v31="http://socialsecurity.be/umanentityrepresentative/types/v3">
   <soapenv:Header/>
   <soapenv:Body>
      <v1:getOrganisationDenominationRequest>
         <v1:messageContext>
         	  <v11:messageId>${=import static java.util.UUID.randomUUID; uuid = randomUUID() as String}</v11:messageId>
            <v11:timestamp>${=new java.text.SimpleDateFormat("yyyy-MM-dd'T'HH:mm:ss.SSS").format(new Date())}</v11:timestamp>
         </v1:messageContext>
         <v1:legalContext>ServiceIntegrator</v1:legalContext>
         <v1:request>
            <v1:Domain>QUAL_FED_HEALTHCARE</v1:Domain>
            <v1:OrganisationId>
               <v31:Identifier>1990000431</v31:Identifier>
               <v31:IdentifierType>BEEHP</v31:IdentifierType>
            </v1:OrganisationId>
            <v1:Language>nl</v1:Language>
         </v1:request>
      </v1:getOrganisationDenominationRequest>
   </soapenv:Body>
</soapenv:Envelope>]]></con:request><con:assertion type="SOAP Fault Assertion" id="66761e26-0fc6-4b66-8eec-5c19db1071fc" name="Not SOAP Fault"/><con:assertion type="SOAP Response" id="e198b1e0-f032-4335-aca8-731876136f03" name="SOAP Response"/><con:assertion type="Schema Compliance" id="47c07522-ef63-48d2-a63b-ce82f677e661" name="Schema Compliance"><con:configuration/></con:assertion><con:wsaConfig action="http://fidus.brussels/services/accessmanagerservice/getOrganisationDenomination"/></con:request></con:config></con:testStep><con:testStep type="request" id="c576dabb-9925-46b7-8263-c09a979652e1" name="testcase3 - Test - Worker2 - Request"><con:settings/><con:config xsi:type="con:RequestStep" xmlns:xsi="http://www.w3.org/2001/XMLSchema-instance"><con:interface>AccessManagerServiceHTTPBinding</con:interface><con:operation>getOrganisationDenomination</con:operation><con:request name="testcase3 - Test - Worker2 - Request" id="3478b2a3-3ec2-4f84-9c38-ecf277dc9d20" outgoingWss="Outflow TEST"><con:settings/><con:encoding>UTF-8</con:encoding><con:endpoint>https://192.168.24.51:8443/services/AccessManagerService_v1.0</con:endpoint><con:request><![CDATA[<soapenv:Envelope xmlns:soapenv="http://schemas.xmlsoap.org/soap/envelope/" xmlns:v1="http://fidus.brussels/service/accessmanagerservice/messages/v1" xmlns:v11="http://fidus.brussels/type/common/messages/v1" xmlns:v31="http://socialsecurity.be/umanentityrepresentative/types/v3">
   <soapenv:Header/>
   <soapenv:Body>
      <v1:getOrganisationDenominationRequest>
         <v1:messageContext>
         	  <v11:messageId>${=import static java.util.UUID.randomUUID; uuid = randomUUID() as String}</v11:messageId>
            <v11:timestamp>${=new java.text.SimpleDateFormat("yyyy-MM-dd'T'HH:mm:ss.SSS").format(new Date())}</v11:timestamp>
         </v1:messageContext>
         <v1:legalContext>ServiceIntegrator</v1:legalContext>
         <v1:request>
            <v1:Domain>QUAL_FED_HEALTHCARE</v1:Domain>
            <v1:OrganisationId>
               <v31:Identifier>1990000431</v31:Identifier>
               <v31:IdentifierType>BEEHP</v31:IdentifierType>
            </v1:OrganisationId>
            <v1:Language>nl</v1:Language>
         </v1:request>
      </v1:getOrganisationDenominationRequest>
   </soapenv:Body>
</soapenv:Envelope>]]></con:request><con:assertion type="SOAP Fault Assertion" id="2d2ed2a8-c6e3-44ee-bf9d-6fe37fb44461" name="Not SOAP Fault"/><con:assertion type="SOAP Response" id="6505ff74-18d8-4520-b77c-c8c89ee783e4" name="SOAP Response"/><con:assertion type="Schema Compliance" id="e13c25a5-79d9-42a9-9361-6f3087a02671" name="Schema Compliance"><con:configuration/></con:assertion><con:wsaConfig action="http://fidus.brussels/services/accessmanagerservice/getOrganisationDenomination"/></con:request></con:config></con:testStep><con:testStep type="request" id="f8d223e4-bfd4-4c0f-a9d3-f3c38ee81786" name="testcase3 - Test - Worker1New - Request"><con:settings/><con:config xsi:type="con:RequestStep" xmlns:xsi="http://www.w3.org/2001/XMLSchema-instance"><con:interface>AccessManagerServiceHTTPBinding</con:interface><con:operation>getOrganisationDenomination</con:operation><con:request name="testcase3 - Test - Worker1New - Request" id="c38589cf-d9de-47d7-ac75-57d8e793ffbc" outgoingWss="Outflow TEST"><con:settings/><con:encoding>UTF-8</con:encoding><con:endpoint>https://192.168.24.45:8443/services/AccessManagerService_v1.0</con:endpoint><con:request><![CDATA[<soapenv:Envelope xmlns:soapenv="http://schemas.xmlsoap.org/soap/envelope/" xmlns:v1="http://fidus.brussels/service/accessmanagerservice/messages/v1" xmlns:v11="http://fidus.brussels/type/common/messages/v1" xmlns:v31="http://socialsecurity.be/umanentityrepresentative/types/v3">
   <soapenv:Header/>
   <soapenv:Body>
      <v1:getOrganisationDenominationRequest>
         <v1:messageContext>
         	  <v11:messageId>${=import static java.util.UUID.randomUUID; uuid = randomUUID() as String}</v11:messageId>
            <v11:timestamp>${=new java.text.SimpleDateFormat("yyyy-MM-dd'T'HH:mm:ss.SSS").format(new Date())}</v11:timestamp>
         </v1:messageContext>
         <v1:legalContext>ServiceIntegrator</v1:legalContext>
         <v1:request>
            <v1:Domain>QUAL_FED_HEALTHCARE</v1:Domain>
            <v1:OrganisationId>
               <v31:Identifier>1990000431</v31:Identifier>
               <v31:IdentifierType>BEEHP</v31:IdentifierType>
            </v1:OrganisationId>
            <v1:Language>nl</v1:Language>
         </v1:request>
      </v1:getOrganisationDenominationRequest>
   </soapenv:Body>
</soapenv:Envelope>]]></con:request><con:assertion type="SOAP Fault Assertion" id="d8abc700-f8ed-4a4f-a53c-5f6e1827f4f2" name="Not SOAP Fault"/><con:assertion type="SOAP Response" id="462145b9-44b7-46c5-9889-25ffeeb21e26" name="SOAP Response"/><con:assertion type="Schema Compliance" id="f7e08f98-cadf-4633-9a17-0fbd925d685a" name="Schema Compliance"><con:configuration/></con:assertion><con:wsaConfig action="http://fidus.brussels/services/accessmanagerservice/getOrganisationDenomination"/></con:request></con:config></con:testStep><con:testStep type="request" id="0c57d300-a38b-4fad-84f9-4dc8fdde50a5" name="testcase3 - Test - Worker2New - Request"><con:settings/><con:config xsi:type="con:RequestStep" xmlns:xsi="http://www.w3.org/2001/XMLSchema-instance"><con:interface>AccessManagerServiceHTTPBinding</con:interface><con:operation>getOrganisationDenomination</con:operation><con:request name="testcase3 - Test - Worker2New - Request" id="d0ab736b-483c-432f-a33a-ebd08fe504aa" outgoingWss="Outflow TEST"><con:settings/><con:encoding>UTF-8</con:encoding><con:endpoint>https://192.168.24.51:8443/services/AccessManagerService_v1.0</con:endpoint><con:request><![CDATA[<soapenv:Envelope xmlns:soapenv="http://schemas.xmlsoap.org/soap/envelope/" xmlns:v1="http://fidus.brussels/service/accessmanagerservice/messages/v1" xmlns:v11="http://fidus.brussels/type/common/messages/v1" xmlns:v31="http://socialsecurity.be/umanentityrepresentative/types/v3">
   <soapenv:Header/>
   <soapenv:Body>
      <v1:getOrganisationDenominationRequest>
         <v1:messageContext>
         	  <v11:messageId>${=import static java.util.UUID.randomUUID; uuid = randomUUID() as String}</v11:messageId>
            <v11:timestamp>${=new java.text.SimpleDateFormat("yyyy-MM-dd'T'HH:mm:ss.SSS").format(new Date())}</v11:timestamp>
         </v1:messageContext>
         <v1:legalContext>ServiceIntegrator</v1:legalContext>
         <v1:request>
            <v1:Domain>QUAL_FED_HEALTHCARE</v1:Domain>
            <v1:OrganisationId>
               <v31:Identifier>1990000431</v31:Identifier>
               <v31:IdentifierType>BEEHP</v31:IdentifierType>
            </v1:OrganisationId>
            <v1:Language>nl</v1:Language>
         </v1:request>
      </v1:getOrganisationDenominationRequest>
   </soapenv:Body>
</soapenv:Envelope>]]></con:request><con:assertion type="SOAP Fault Assertion" id="3890d412-e5bb-4622-ac82-6631aca2dff3" name="Not SOAP Fault"/><con:assertion type="SOAP Response" id="776838fc-8e96-4048-990c-c883f46b97a4" name="SOAP Response"/><con:assertion type="Schema Compliance" id="4dee5e08-d937-43f0-a627-3d34d438e5fb" name="Schema Compliance"><con:configuration/></con:assertion><con:wsaConfig action="http://fidus.brussels/services/accessmanagerservice/getOrganisationDenomination"/></con:request></con:config></con:testStep><con:properties/></con:testCase><con:testCase id="b04eb72f-1076-4fdd-80e6-4ade068f6703" failOnError="true" failTestCaseOnErrors="true" keepSession="false" maxResults="0" name="getOrganisationParentNodes" searchProperties="true"><con:settings/><con:testStep type="request" id="fbaf296c-7cf0-4464-ac7f-901bf4b6800e" name="testcase3 - Test - LB - Request"><con:settings/><con:config xsi:type="con:RequestStep" xmlns:xsi="http://www.w3.org/2001/XMLSchema-instance"><con:interface>AccessManagerServiceHTTPBinding</con:interface><con:operation>getOrganisationParentNodes</con:operation><con:request name="testcase3 - Test - LB - Request" id="7ada15ce-b5a3-4033-93e9-45ea0b316970" outgoingWss="Outflow TEST"><con:settings/><con:encoding>UTF-8</con:encoding><con:endpoint>https://esb-security-gw.sta.srv.cirb.lan:8443/services/AccessManagerService_v1.0</con:endpoint><con:request><![CDATA[<soapenv:Envelope xmlns:soapenv="http://schemas.xmlsoap.org/soap/envelope/" xmlns:v1="http://fidus.brussels/service/accessmanagerservice/messages/v1" xmlns:v11="http://fidus.brussels/type/common/messages/v1" xmlns:v31="http://socialsecurity.be/umanentityrepresentative/types/v3">
   <soapenv:Header/>
   <soapenv:Body>
      <v1:getOrganisationParentNodesRequest>
         <v1:messageContext>
         	  <v11:messageId>${=import static java.util.UUID.randomUUID; uuid = randomUUID() as String}</v11:messageId>
            <v11:timestamp>${=new java.text.SimpleDateFormat("yyyy-MM-dd'T'HH:mm:ss.SSS").format(new Date())}</v11:timestamp>
         </v1:messageContext>
         <v1:legalContext>ServiceIntegrator</v1:legalContext>
         <v1:request>
            <v1:Domain>QUAL_FED_HEALTHCARE</v1:Domain>
            <v1:OrganisationId>
               <v31:Identifier>1990000431</v31:Identifier>
               <v31:IdentifierType>BEEHP</v31:IdentifierType>
            </v1:OrganisationId>
            <v1:Language>nl</v1:Language>
         </v1:request>
      </v1:getOrganisationParentNodesRequest>
   </soapenv:Body>
</soapenv:Envelope>]]></con:request><con:assertion type="SOAP Fault Assertion" id="9fb8c7a5-db00-4d00-a805-630dbdb98f13" name="Not SOAP Fault"/><con:assertion type="SOAP Response" id="35f7d673-ec81-46f9-b8a7-f7c3820646cc" name="SOAP Response"/><con:assertion type="Schema Compliance" id="ccff7999-cf05-4692-8d27-730d137696ef" name="Schema Compliance"><con:configuration/></con:assertion><con:wsaConfig action="http://fidus.brussels/services/accessmanagerservice/getOrganisationParentNodes"/></con:request></con:config></con:testStep><con:testStep type="request" id="7129762d-0001-4f0e-aa9d-5df61c23adae" name="testcase3 - Test - Worker1 - Request"><con:settings/><con:config xsi:type="con:RequestStep" xmlns:xsi="http://www.w3.org/2001/XMLSchema-instance"><con:interface>AccessManagerServiceHTTPBinding</con:interface><con:operation>getOrganisationParentNodes</con:operation><con:request name="testcase3 - Test - Worker1 - Request" id="e5e96777-cdf1-49e9-86fa-602944c1e59b" outgoingWss="Outflow TEST"><con:settings/><con:encoding>UTF-8</con:encoding><con:endpoint>https://192.168.24.45:8443/services/AccessManagerService_v1.0</con:endpoint><con:request><![CDATA[<soapenv:Envelope xmlns:soapenv="http://schemas.xmlsoap.org/soap/envelope/" xmlns:v1="http://fidus.brussels/service/accessmanagerservice/messages/v1" xmlns:v11="http://fidus.brussels/type/common/messages/v1" xmlns:v31="http://socialsecurity.be/umanentityrepresentative/types/v3">
   <soapenv:Header/>
   <soapenv:Body>
      <v1:getOrganisationParentNodesRequest>
         <v1:messageContext>
         	  <v11:messageId>${=import static java.util.UUID.randomUUID; uuid = randomUUID() as String}</v11:messageId>
            <v11:timestamp>${=new java.text.SimpleDateFormat("yyyy-MM-dd'T'HH:mm:ss.SSS").format(new Date())}</v11:timestamp>
         </v1:messageContext>
         <v1:legalContext>ServiceIntegrator</v1:legalContext>
         <v1:request>
            <v1:Domain>QUAL_FED_HEALTHCARE</v1:Domain>
            <v1:OrganisationId>
               <v31:Identifier>1990000431</v31:Identifier>
               <v31:IdentifierType>BEEHP</v31:IdentifierType>
            </v1:OrganisationId>
            <v1:Language>nl</v1:Language>
         </v1:request>
      </v1:getOrganisationParentNodesRequest>
   </soapenv:Body>
</soapenv:Envelope>]]></con:request><con:assertion type="SOAP Fault Assertion" id="375bfd6a-c4c3-4492-93b8-d2aa8cbd2e3b" name="Not SOAP Fault"/><con:assertion type="SOAP Response" id="19c452ab-d36f-409d-99b4-79a4668b74a5" name="SOAP Response"/><con:assertion type="Schema Compliance" id="4ecc5586-c8d6-4345-9d94-a367c5d59644" name="Schema Compliance"><con:configuration/></con:assertion><con:wsaConfig action="http://fidus.brussels/services/accessmanagerservice/getOrganisationParentNodes"/></con:request></con:config></con:testStep><con:testStep type="request" id="b5427c64-8b89-4fe7-adec-fd246ef24da4" name="testcase3 - Test - Worker2 - Request"><con:settings/><con:config xsi:type="con:RequestStep" xmlns:xsi="http://www.w3.org/2001/XMLSchema-instance"><con:interface>AccessManagerServiceHTTPBinding</con:interface><con:operation>getOrganisationParentNodes</con:operation><con:request name="testcase3 - Test - Worker2 - Request" id="dd012e8a-a6d5-49f1-b43d-4d17d6316367" outgoingWss="Outflow TEST"><con:settings/><con:encoding>UTF-8</con:encoding><con:endpoint>https://192.168.24.51:8443/services/AccessManagerService_v1.0</con:endpoint><con:request><![CDATA[<soapenv:Envelope xmlns:soapenv="http://schemas.xmlsoap.org/soap/envelope/" xmlns:v1="http://fidus.brussels/service/accessmanagerservice/messages/v1" xmlns:v11="http://fidus.brussels/type/common/messages/v1" xmlns:v31="http://socialsecurity.be/umanentityrepresentative/types/v3">
   <soapenv:Header/>
   <soapenv:Body>
      <v1:getOrganisationParentNodesRequest>
         <v1:messageContext>
         	  <v11:messageId>${=import static java.util.UUID.randomUUID; uuid = randomUUID() as String}</v11:messageId>
            <v11:timestamp>${=new java.text.SimpleDateFormat("yyyy-MM-dd'T'HH:mm:ss.SSS").format(new Date())}</v11:timestamp>
         </v1:messageContext>
         <v1:legalContext>ServiceIntegrator</v1:legalContext>
         <v1:request>
            <v1:Domain>QUAL_FED_HEALTHCARE</v1:Domain>
            <v1:OrganisationId>
               <v31:Identifier>1990000431</v31:Identifier>
               <v31:IdentifierType>BEEHP</v31:IdentifierType>
            </v1:OrganisationId>
            <v1:Language>nl</v1:Language>
         </v1:request>
      </v1:getOrganisationParentNodesRequest>
   </soapenv:Body>
</soapenv:Envelope>]]></con:request><con:assertion type="SOAP Fault Assertion" id="0600b61e-213e-41af-ba99-5f216e9139a3" name="Not SOAP Fault"/><con:assertion type="SOAP Response" id="fbb7bb9a-5cd9-4249-8ca2-024e63139dba" name="SOAP Response"/><con:assertion type="Schema Compliance" id="d16b8102-b5ea-47a6-ab04-15abdfc36f14" name="Schema Compliance"><con:configuration/></con:assertion><con:wsaConfig action="http://fidus.brussels/services/accessmanagerservice/getOrganisationParentNodes"/></con:request></con:config></con:testStep><con:testStep type="request" id="c16bda99-5119-428f-84b3-98fa49571bf1" name="testcase3 - Test - Worker1New - Request"><con:settings/><con:config xsi:type="con:RequestStep" xmlns:xsi="http://www.w3.org/2001/XMLSchema-instance"><con:interface>AccessManagerServiceHTTPBinding</con:interface><con:operation>getOrganisationParentNodes</con:operation><con:request name="testcase3 - Test - Worker1New - Request" id="5c5a67f8-c28c-4da7-9348-448bfc029642" outgoingWss="Outflow TEST"><con:settings/><con:encoding>UTF-8</con:encoding><con:endpoint>https://192.168.24.45:8443/services/AccessManagerService_v1.0</con:endpoint><con:request><![CDATA[<soapenv:Envelope xmlns:soapenv="http://schemas.xmlsoap.org/soap/envelope/" xmlns:v1="http://fidus.brussels/service/accessmanagerservice/messages/v1" xmlns:v11="http://fidus.brussels/type/common/messages/v1" xmlns:v31="http://socialsecurity.be/umanentityrepresentative/types/v3">
   <soapenv:Header/>
   <soapenv:Body>
      <v1:getOrganisationParentNodesRequest>
         <v1:messageContext>
         	  <v11:messageId>${=import static java.util.UUID.randomUUID; uuid = randomUUID() as String}</v11:messageId>
            <v11:timestamp>${=new java.text.SimpleDateFormat("yyyy-MM-dd'T'HH:mm:ss.SSS").format(new Date())}</v11:timestamp>
         </v1:messageContext>
         <v1:legalContext>ServiceIntegrator</v1:legalContext>
         <v1:request>
            <v1:Domain>QUAL_FED_HEALTHCARE</v1:Domain>
            <v1:OrganisationId>
               <v31:Identifier>1990000431</v31:Identifier>
               <v31:IdentifierType>BEEHP</v31:IdentifierType>
            </v1:OrganisationId>
            <v1:Language>nl</v1:Language>
         </v1:request>
      </v1:getOrganisationParentNodesRequest>
   </soapenv:Body>
</soapenv:Envelope>]]></con:request><con:assertion type="SOAP Fault Assertion" id="ba11709c-2fce-4e2c-bee3-b3ad536cf8ce" name="Not SOAP Fault"/><con:assertion type="SOAP Response" id="0b3803de-e19f-46e5-a2d6-83f85ac8ce4e" name="SOAP Response"/><con:assertion type="Schema Compliance" id="ca8fd4de-1d56-409c-9103-06c8aaf34fa2" name="Schema Compliance"><con:configuration/></con:assertion><con:wsaConfig action="http://fidus.brussels/services/accessmanagerservice/getOrganisationParentNodes"/></con:request></con:config></con:testStep><con:testStep type="request" id="40a5e0de-de25-4826-a0e0-f085000093d9" name="testcase3 - Test - Worker2New - Request"><con:settings/><con:config xsi:type="con:RequestStep" xmlns:xsi="http://www.w3.org/2001/XMLSchema-instance"><con:interface>AccessManagerServiceHTTPBinding</con:interface><con:operation>getOrganisationParentNodes</con:operation><con:request name="testcase3 - Test - Worker2New - Request" id="e60b817f-4022-47e7-a514-197b9119376f" outgoingWss="Outflow TEST"><con:settings/><con:encoding>UTF-8</con:encoding><con:endpoint>https://192.168.24.51:8443/services/AccessManagerService_v1.0</con:endpoint><con:request><![CDATA[<soapenv:Envelope xmlns:soapenv="http://schemas.xmlsoap.org/soap/envelope/" xmlns:v1="http://fidus.brussels/service/accessmanagerservice/messages/v1" xmlns:v11="http://fidus.brussels/type/common/messages/v1" xmlns:v31="http://socialsecurity.be/umanentityrepresentative/types/v3">
   <soapenv:Header/>
   <soapenv:Body>
      <v1:getOrganisationParentNodesRequest>
         <v1:messageContext>
         	  <v11:messageId>${=import static java.util.UUID.randomUUID; uuid = randomUUID() as String}</v11:messageId>
            <v11:timestamp>${=new java.text.SimpleDateFormat("yyyy-MM-dd'T'HH:mm:ss.SSS").format(new Date())}</v11:timestamp>
         </v1:messageContext>
         <v1:legalContext>ServiceIntegrator</v1:legalContext>
         <v1:request>
            <v1:Domain>QUAL_FED_HEALTHCARE</v1:Domain>
            <v1:OrganisationId>
               <v31:Identifier>1990000431</v31:Identifier>
               <v31:IdentifierType>BEEHP</v31:IdentifierType>
            </v1:OrganisationId>
            <v1:Language>nl</v1:Language>
         </v1:request>
      </v1:getOrganisationParentNodesRequest>
   </soapenv:Body>
</soapenv:Envelope>]]></con:request><con:assertion type="SOAP Fault Assertion" id="3043b4d5-d645-4eb0-8862-c256b348b4af" name="Not SOAP Fault"/><con:assertion type="SOAP Response" id="eec834aa-c0c3-4ac0-875e-ee018960ba43" name="SOAP Response"/><con:assertion type="Schema Compliance" id="9d0277ac-cff5-495b-90dc-208db5a16fc0" name="Schema Compliance"><con:configuration/></con:assertion><con:wsaConfig action="http://fidus.brussels/services/accessmanagerservice/getOrganisationParentNodes"/></con:request></con:config></con:testStep><con:properties/></con:testCase><con:properties/></con:testSuite><con:testSuite id="4ab40620-f612-4ae7-a9e4-248d1db26697" name="STAG"><con:settings/><con:runType>SEQUENTIAL</con:runType><con:testCase id="d07a756d-0128-47d4-9978-dfc402809ec1" failOnError="true" failTestCaseOnErrors="true" keepSession="false" maxResults="0" name="findRepresentativeRolesByINSS" searchProperties="true"><con:settings/><con:testStep type="request" id="4ba51236-29c6-45dd-a3fe-f28d9b33db7a" name="testcase4 - Staging - LB - Request"><con:settings/><con:config xsi:type="con:RequestStep" xmlns:xsi="http://www.w3.org/2001/XMLSchema-instance"><con:interface>AccessManagerServiceHTTPBinding</con:interface><con:operation>findRepresentativeRolesByINSS</con:operation><con:request name="testcase4 - Staging - LB - Request" id="75fac6c3-bddc-4902-8a59-896927c0125c" outgoingWss="Outflow STAG"><con:settings/><con:encoding>UTF-8</con:encoding><con:endpoint>https://fidus-esb-sg.sta.srv.cirb.lan:8443/services/AccessManagerService_v1.0</con:endpoint><con:request><![CDATA[<soapenv:Envelope xmlns:soapenv="http://schemas.xmlsoap.org/soap/envelope/" xmlns:v1="http://fidus.brussels/service/accessmanagerservice/messages/v1" xmlns:v11="http://fidus.brussels/type/common/messages/v1" xmlns:v3="http://socialsecurity.be/umanentityrepresentative/types/v3">
   <soapenv:Header/>
   <soapenv:Body>
      <v1:findRepresentativeRolesByINSSRequest>
         <v1:messageContext>
         	  <v11:messageId>${=import static java.util.UUID.randomUUID; uuid = randomUUID() as String}</v11:messageId>
            <v11:timestamp>${=new java.text.SimpleDateFormat("yyyy-MM-dd'T'HH:mm:ss.SSS").format(new Date())}</v11:timestamp>
         </v1:messageContext>
         <v1:legalContext>ServiceIntegrator</v1:legalContext>
         <v1:request>
            <v1:Domain>QUAL_FED_HEALTHCARE</v1:Domain>
            <v1:INSS>86051933959</v1:INSS>
            <v1:Language>nl</v1:Language>
         </v1:request>
      </v1:findRepresentativeRolesByINSSRequest>
   </soapenv:Body>
</soapenv:Envelope>]]></con:request><con:assertion type="SOAP Fault Assertion" id="aedb313c-55ba-421f-8763-73ef477629c1" name="Not SOAP Fault"/><con:assertion type="SOAP Response" id="c12776fa-ef7d-4e1f-a1f0-d8d22e8fbfee" name="SOAP Response"/><con:assertion type="Schema Compliance" id="ff52a990-f732-477f-b63e-3a2da3dd466a" name="Schema Compliance"><con:configuration/></con:assertion><con:wsaConfig action="http://fidus.brussels/services/accessmanagerservice/findRepresentativeRolesByINSS"/></con:request></con:config></con:testStep><con:testStep type="request" id="85ee59ba-30ed-40b8-ad03-f0e829a64ebb" name="testcase4 - Staging - Worker1 - Request"><con:settings/><con:config xsi:type="con:RequestStep" xmlns:xsi="http://www.w3.org/2001/XMLSchema-instance"><con:interface>AccessManagerServiceHTTPBinding</con:interface><con:operation>findRepresentativeRolesByINSS</con:operation><con:request name="testcase4 - Staging - Worker1 - Request" id="e3c79115-41cd-42f6-89a7-01115a1febf3" outgoingWss="Outflow STAG"><con:settings/><con:encoding>UTF-8</con:encoding><con:endpoint>https://192.168.24.57:8443/services/AccessManagerService_v1.0</con:endpoint><con:request><![CDATA[<soapenv:Envelope xmlns:soapenv="http://schemas.xmlsoap.org/soap/envelope/" xmlns:v1="http://fidus.brussels/service/accessmanagerservice/messages/v1" xmlns:v11="http://fidus.brussels/type/common/messages/v1" xmlns:v3="http://socialsecurity.be/umanentityrepresentative/types/v3">
   <soapenv:Header/>
   <soapenv:Body>
      <v1:findRepresentativeRolesByINSSRequest>
         <v1:messageContext>
         	  <v11:messageId>${=import static java.util.UUID.randomUUID; uuid = randomUUID() as String}</v11:messageId>
            <v11:timestamp>${=new java.text.SimpleDateFormat("yyyy-MM-dd'T'HH:mm:ss.SSS").format(new Date())}</v11:timestamp>
         </v1:messageContext>
         <v1:legalContext>ServiceIntegrator</v1:legalContext>
         <v1:request>
            <v1:Domain>QUAL_FED_HEALTHCARE</v1:Domain>
            <v1:INSS>86051933959</v1:INSS>
            <v1:Language>nl</v1:Language>
         </v1:request>
      </v1:findRepresentativeRolesByINSSRequest>
   </soapenv:Body>
</soapenv:Envelope>]]></con:request><con:assertion type="SOAP Fault Assertion" id="28e7b7e9-1a95-40f7-a672-4527dd56125a" name="Not SOAP Fault"/><con:assertion type="SOAP Response" id="df9d7756-8277-46da-a840-8947918a3c48" name="SOAP Response"/><con:assertion type="Schema Compliance" id="cc78c19a-553c-4c89-8618-37508194755d" name="Schema Compliance"><con:configuration/></con:assertion><con:wsaConfig action="http://fidus.brussels/services/accessmanagerservice/findRepresentativeRolesByINSS"/></con:request></con:config></con:testStep><con:testStep type="request" id="0ec17f9f-1bdd-43a5-aab9-faaf8be1c747" name="testcase4 - Staging - Worker2 - Request"><con:settings/><con:config xsi:type="con:RequestStep" xmlns:xsi="http://www.w3.org/2001/XMLSchema-instance"><con:interface>AccessManagerServiceHTTPBinding</con:interface><con:operation>findRepresentativeRolesByINSS</con:operation><con:request name="testcase4 - Staging - Worker2 - Request" id="e0a14be7-a116-4caa-92b5-4b11d7e9b4df" outgoingWss="Outflow STAG"><con:settings/><con:encoding>UTF-8</con:encoding><con:endpoint>https://192.168.24.64:8443/services/AccessManagerService_v1.0</con:endpoint><con:request><![CDATA[<soapenv:Envelope xmlns:soapenv="http://schemas.xmlsoap.org/soap/envelope/" xmlns:v1="http://fidus.brussels/service/accessmanagerservice/messages/v1" xmlns:v11="http://fidus.brussels/type/common/messages/v1" xmlns:v3="http://socialsecurity.be/umanentityrepresentative/types/v3">
   <soapenv:Header/>
   <soapenv:Body>
      <v1:findRepresentativeRolesByINSSRequest>
         <v1:messageContext>
         	  <v11:messageId>${=import static java.util.UUID.randomUUID; uuid = randomUUID() as String}</v11:messageId>
            <v11:timestamp>${=new java.text.SimpleDateFormat("yyyy-MM-dd'T'HH:mm:ss.SSS").format(new Date())}</v11:timestamp>
         </v1:messageContext>
         <v1:legalContext>ServiceIntegrator</v1:legalContext>
         <v1:request>
            <v1:Domain>QUAL_FED_HEALTHCARE</v1:Domain>
            <v1:INSS>86051933959</v1:INSS>
            <v1:Language>nl</v1:Language>
         </v1:request>
      </v1:findRepresentativeRolesByINSSRequest>
   </soapenv:Body>
</soapenv:Envelope>]]></con:request><con:assertion type="SOAP Fault Assertion" id="c3a9e4fa-9c97-47e4-b6fc-8f71ce7c8651" name="Not SOAP Fault"/><con:assertion type="SOAP Response" id="3d338acd-453e-4ac3-8a60-f4616c3f8165" name="SOAP Response"/><con:assertion type="Schema Compliance" id="1a5c3cb8-1974-4e74-99c6-a51f2d0edec8" name="Schema Compliance"><con:configuration/></con:assertion><con:wsaConfig action="http://fidus.brussels/services/accessmanagerservice/findRepresentativeRolesByINSS"/></con:request></con:config></con:testStep><con:testStep type="request" id="a1a89e04-71a5-4158-b6e3-bf065672bd06" name="testcase4 - Staging - Worker1New - Request"><con:settings/><con:config xsi:type="con:RequestStep" xmlns:xsi="http://www.w3.org/2001/XMLSchema-instance"><con:interface>AccessManagerServiceHTTPBinding</con:interface><con:operation>findRepresentativeRolesByINSS</con:operation><con:request name="testcase4 - Staging - Worker1New - Request" id="c001b20c-28f3-4210-beec-06976c0fe321" outgoingWss="Outflow STAG"><con:settings/><con:encoding>UTF-8</con:encoding><con:endpoint>https://192.168.24.57:8443/services/AccessManagerService_v1.0</con:endpoint><con:request><![CDATA[<soapenv:Envelope xmlns:soapenv="http://schemas.xmlsoap.org/soap/envelope/" xmlns:v1="http://fidus.brussels/service/accessmanagerservice/messages/v1" xmlns:v11="http://fidus.brussels/type/common/messages/v1" xmlns:v3="http://socialsecurity.be/umanentityrepresentative/types/v3">
   <soapenv:Header/>
   <soapenv:Body>
      <v1:findRepresentativeRolesByINSSRequest>
         <v1:messageContext>
         	  <v11:messageId>${=import static java.util.UUID.randomUUID; uuid = randomUUID() as String}</v11:messageId>
            <v11:timestamp>${=new java.text.SimpleDateFormat("yyyy-MM-dd'T'HH:mm:ss.SSS").format(new Date())}</v11:timestamp>
         </v1:messageContext>
         <v1:legalContext>ServiceIntegrator</v1:legalContext>
         <v1:request>
            <v1:Domain>QUAL_FED_HEALTHCARE</v1:Domain>
            <v1:INSS>86051933959</v1:INSS>
            <v1:Language>nl</v1:Language>
         </v1:request>
      </v1:findRepresentativeRolesByINSSRequest>
   </soapenv:Body>
</soapenv:Envelope>]]></con:request><con:assertion type="SOAP Fault Assertion" id="2bb24c7e-e41e-40a5-af74-f8ccce38b7da" name="Not SOAP Fault"/><con:assertion type="SOAP Response" id="05150c80-90c8-497f-b877-56881356951b" name="SOAP Response"/><con:assertion type="Schema Compliance" id="692ce8c3-af0b-4795-8af8-a3e48a5b8ea9" name="Schema Compliance"><con:configuration/></con:assertion><con:wsaConfig action="http://fidus.brussels/services/accessmanagerservice/findRepresentativeRolesByINSS"/></con:request></con:config></con:testStep><con:testStep type="request" id="346e6d06-c6a6-4e0d-bd2a-6e7c58fd7ce8" name="testcase4 - Staging - Worker2New - Request"><con:settings/><con:config xsi:type="con:RequestStep" xmlns:xsi="http://www.w3.org/2001/XMLSchema-instance"><con:interface>AccessManagerServiceHTTPBinding</con:interface><con:operation>findRepresentativeRolesByINSS</con:operation><con:request name="testcase4 - Staging - Worker2New - Request" id="e5896c5e-b5e1-4655-b7ed-8c351a4e33a1" outgoingWss="Outflow STAG"><con:settings/><con:encoding>UTF-8</con:encoding><con:endpoint>https://192.168.24.64:8443/services/AccessManagerService_v1.0</con:endpoint><con:request><![CDATA[<soapenv:Envelope xmlns:soapenv="http://schemas.xmlsoap.org/soap/envelope/" xmlns:v1="http://fidus.brussels/service/accessmanagerservice/messages/v1" xmlns:v11="http://fidus.brussels/type/common/messages/v1" xmlns:v3="http://socialsecurity.be/umanentityrepresentative/types/v3">
   <soapenv:Header/>
   <soapenv:Body>
      <v1:findRepresentativeRolesByINSSRequest>
         <v1:messageContext>
         	  <v11:messageId>${=import static java.util.UUID.randomUUID; uuid = randomUUID() as String}</v11:messageId>
            <v11:timestamp>${=new java.text.SimpleDateFormat("yyyy-MM-dd'T'HH:mm:ss.SSS").format(new Date())}</v11:timestamp>
         </v1:messageContext>
         <v1:legalContext>ServiceIntegrator</v1:legalContext>
         <v1:request>
            <v1:Domain>QUAL_FED_HEALTHCARE</v1:Domain>
            <v1:INSS>86051933959</v1:INSS>
            <v1:Language>nl</v1:Language>
         </v1:request>
      </v1:findRepresentativeRolesByINSSRequest>
   </soapenv:Body>
</soapenv:Envelope>]]></con:request><con:assertion type="SOAP Fault Assertion" id="b0819934-bd18-4b2e-acc3-3fcc1a0842b6" name="Not SOAP Fault"/><con:assertion type="SOAP Response" id="dfefc3df-2166-4c8d-9d90-29405b9bc9f9" name="SOAP Response"/><con:assertion type="Schema Compliance" id="bd0c168a-8993-470a-96c6-a657b99dcd18" name="Schema Compliance"><con:configuration/></con:assertion><con:wsaConfig action="http://fidus.brussels/services/accessmanagerservice/findRepresentativeRolesByINSS"/></con:request></con:config></con:testStep><con:properties/></con:testCase><con:testCase id="1cd39e28-eb60-4b85-9772-96f6d2b5b976" failOnError="true" failTestCaseOnErrors="true" keepSession="false" maxResults="0" name="getDomain" searchProperties="true"><con:settings/><con:testStep type="request" id="7a6e6329-e2b9-4583-817f-20b24f98c46f" name="testcase4 - Staging - LB - Request"><con:settings/><con:config xsi:type="con:RequestStep" xmlns:xsi="http://www.w3.org/2001/XMLSchema-instance"><con:interface>AccessManagerServiceHTTPBinding</con:interface><con:operation>getDomain</con:operation><con:request name="testcase4 - Staging - LB - Request" id="46e919f5-d9b6-4b7b-8fd9-7dd7e4215480" outgoingWss="Outflow STAG"><con:settings/><con:encoding>UTF-8</con:encoding><con:endpoint>https://fidus-esb-sg.sta.srv.cirb.lan:8443/services/AccessManagerService_v1.0</con:endpoint><con:request><![CDATA[<soapenv:Envelope xmlns:soapenv="http://schemas.xmlsoap.org/soap/envelope/" xmlns:v1="http://fidus.brussels/service/accessmanagerservice/messages/v1" xmlns:v11="http://fidus.brussels/type/common/messages/v1" >
   <soapenv:Header/>
   <soapenv:Body>
      <v1:getDomainRequest>
         <v1:messageContext>
         	  <v11:messageId>${=import static java.util.UUID.randomUUID; uuid = randomUUID() as String}</v11:messageId>
            <v11:timestamp>${=new java.text.SimpleDateFormat("yyyy-MM-dd'T'HH:mm:ss.SSS").format(new Date())}</v11:timestamp>
         </v1:messageContext>
         <v1:legalContext>ServiceIntegrator</v1:legalContext>
         <v1:request>
         	  <v1:Domain>FINANCE</v1:Domain>
            <v1:Language>fr</v1:Language>
         </v1:request>
      </v1:getDomainRequest>
   </soapenv:Body>
</soapenv:Envelope>]]></con:request><con:assertion type="SOAP Fault Assertion" id="c6fcc542-a8fa-454c-91de-9354c301b26c" name="Not SOAP Fault"/><con:assertion type="SOAP Response" id="6141b11c-8630-4db5-b6f4-61bded31594b" name="SOAP Response"/><con:assertion type="Schema Compliance" id="84427edd-726f-42e1-9227-80789e832e1b" name="Schema Compliance"><con:configuration/></con:assertion><con:wsaConfig action="http://fidus.brussels/services/accessmanagerservice/getDomain"/></con:request></con:config></con:testStep><con:testStep type="request" id="f29a29bf-56f6-422e-9caf-895686911d9d" name="testcase4 - Staging - Worker1 - Request"><con:settings/><con:config xsi:type="con:RequestStep" xmlns:xsi="http://www.w3.org/2001/XMLSchema-instance"><con:interface>AccessManagerServiceHTTPBinding</con:interface><con:operation>getDomain</con:operation><con:request name="testcase4 - Staging - Worker1 - Request" id="04f9acbc-240b-454b-a6f7-ca7d400691eb" outgoingWss="Outflow STAG"><con:settings/><con:encoding>UTF-8</con:encoding><con:endpoint>https://192.168.24.57:8443/services/AccessManagerService_v1.0</con:endpoint><con:request><![CDATA[<soapenv:Envelope xmlns:soapenv="http://schemas.xmlsoap.org/soap/envelope/" xmlns:v1="http://fidus.brussels/service/accessmanagerservice/messages/v1" xmlns:v11="http://fidus.brussels/type/common/messages/v1" >
   <soapenv:Header/>
   <soapenv:Body>
      <v1:getDomainRequest>
         <v1:messageContext>
         	  <v11:messageId>${=import static java.util.UUID.randomUUID; uuid = randomUUID() as String}</v11:messageId>
            <v11:timestamp>${=new java.text.SimpleDateFormat("yyyy-MM-dd'T'HH:mm:ss.SSS").format(new Date())}</v11:timestamp>
         </v1:messageContext>
         <v1:legalContext>ServiceIntegrator</v1:legalContext>
         <v1:request>
         	  <v1:Domain>FINANCE</v1:Domain>
            <v1:Language>fr</v1:Language>
         </v1:request>
      </v1:getDomainRequest>
   </soapenv:Body>
</soapenv:Envelope>]]></con:request><con:assertion type="SOAP Fault Assertion" id="3b6b362f-3f7b-4aa1-9959-b85235d47bd1" name="Not SOAP Fault"/><con:assertion type="SOAP Response" id="5e032ca0-9e30-454b-a71e-229706983663" name="SOAP Response"/><con:assertion type="Schema Compliance" id="da3e1a77-b574-4caf-b5ba-16bd48c2964b" name="Schema Compliance"><con:configuration/></con:assertion><con:wsaConfig action="http://fidus.brussels/services/accessmanagerservice/getDomain"/></con:request></con:config></con:testStep><con:testStep type="request" id="0fb8e552-e776-46bb-b40c-1c1d16077b38" name="testcase4 - Staging - Worker2 - Request"><con:settings/><con:config xsi:type="con:RequestStep" xmlns:xsi="http://www.w3.org/2001/XMLSchema-instance"><con:interface>AccessManagerServiceHTTPBinding</con:interface><con:operation>getDomain</con:operation><con:request name="testcase4 - Staging - Worker2 - Request" id="ee3ec41e-eff4-48b3-bd39-c8953349f85b" outgoingWss="Outflow STAG"><con:settings/><con:encoding>UTF-8</con:encoding><con:endpoint>https://192.168.24.64:8443/services/AccessManagerService_v1.0</con:endpoint><con:request><![CDATA[<soapenv:Envelope xmlns:soapenv="http://schemas.xmlsoap.org/soap/envelope/" xmlns:v1="http://fidus.brussels/service/accessmanagerservice/messages/v1" xmlns:v11="http://fidus.brussels/type/common/messages/v1" >
   <soapenv:Header/>
   <soapenv:Body>
      <v1:getDomainRequest>
         <v1:messageContext>
         	  <v11:messageId>${=import static java.util.UUID.randomUUID; uuid = randomUUID() as String}</v11:messageId>
            <v11:timestamp>${=new java.text.SimpleDateFormat("yyyy-MM-dd'T'HH:mm:ss.SSS").format(new Date())}</v11:timestamp>
         </v1:messageContext>
         <v1:legalContext>ServiceIntegrator</v1:legalContext>
         <v1:request>
         	  <v1:Domain>FINANCE</v1:Domain>
            <v1:Language>fr</v1:Language>
         </v1:request>
      </v1:getDomainRequest>
   </soapenv:Body>
</soapenv:Envelope>]]></con:request><con:assertion type="SOAP Fault Assertion" id="483379d4-f689-4cbb-bdf6-c1e92de737cf" name="Not SOAP Fault"/><con:assertion type="SOAP Response" id="e1114fad-0a58-437a-b310-64e4b58d486c" name="SOAP Response"/><con:assertion type="Schema Compliance" id="bfd581ee-50b8-4d7e-8d2c-857a9fb136b3" name="Schema Compliance"><con:configuration/></con:assertion><con:wsaConfig action="http://fidus.brussels/services/accessmanagerservice/getDomain"/></con:request></con:config></con:testStep><con:testStep type="request" id="9dc9ee02-bbe4-4edb-a083-da285509b0d5" name="testcase4 - Staging - Worker1New - Request"><con:settings/><con:config xsi:type="con:RequestStep" xmlns:xsi="http://www.w3.org/2001/XMLSchema-instance"><con:interface>AccessManagerServiceHTTPBinding</con:interface><con:operation>getDomain</con:operation><con:request name="testcase4 - Staging - Worker1New - Request" id="4924ebc5-95fd-42e9-8385-0f80befb97a8" outgoingWss="Outflow STAG"><con:settings/><con:encoding>UTF-8</con:encoding><con:endpoint>https://192.168.24.57:8443/services/AccessManagerService_v1.0</con:endpoint><con:request><![CDATA[<soapenv:Envelope xmlns:soapenv="http://schemas.xmlsoap.org/soap/envelope/" xmlns:v1="http://fidus.brussels/service/accessmanagerservice/messages/v1" xmlns:v11="http://fidus.brussels/type/common/messages/v1" >
   <soapenv:Header/>
   <soapenv:Body>
      <v1:getDomainRequest>
         <v1:messageContext>
         	  <v11:messageId>${=import static java.util.UUID.randomUUID; uuid = randomUUID() as String}</v11:messageId>
            <v11:timestamp>${=new java.text.SimpleDateFormat("yyyy-MM-dd'T'HH:mm:ss.SSS").format(new Date())}</v11:timestamp>
         </v1:messageContext>
         <v1:legalContext>ServiceIntegrator</v1:legalContext>
         <v1:request>
         	  <v1:Domain>FINANCE</v1:Domain>
            <v1:Language>fr</v1:Language>
         </v1:request>
      </v1:getDomainRequest>
   </soapenv:Body>
</soapenv:Envelope>]]></con:request><con:assertion type="SOAP Fault Assertion" id="82bf8f98-5f01-4dd8-814b-bd8cc4a1c7f4" name="Not SOAP Fault"/><con:assertion type="SOAP Response" id="c836f41c-b9ed-415b-9607-db72bb5c0537" name="SOAP Response"/><con:assertion type="Schema Compliance" id="5d4b9584-1dcb-4d36-9bad-ca238fce91aa" name="Schema Compliance"><con:configuration/></con:assertion><con:wsaConfig action="http://fidus.brussels/services/accessmanagerservice/getDomain"/></con:request></con:config></con:testStep><con:testStep type="request" id="097fdcfa-1204-4aab-9775-6fc155c13756" name="testcase4 - Staging - Worker2New - Request"><con:settings/><con:config xsi:type="con:RequestStep" xmlns:xsi="http://www.w3.org/2001/XMLSchema-instance"><con:interface>AccessManagerServiceHTTPBinding</con:interface><con:operation>getDomain</con:operation><con:request name="testcase4 - Staging - Worker2New - Request" id="4295aef5-52f9-4fe6-8936-762992658e2d" outgoingWss="Outflow STAG"><con:settings/><con:encoding>UTF-8</con:encoding><con:endpoint>https://192.168.24.64:8443/services/AccessManagerService_v1.0</con:endpoint><con:request><![CDATA[<soapenv:Envelope xmlns:soapenv="http://schemas.xmlsoap.org/soap/envelope/" xmlns:v1="http://fidus.brussels/service/accessmanagerservice/messages/v1" xmlns:v11="http://fidus.brussels/type/common/messages/v1" >
   <soapenv:Header/>
   <soapenv:Body>
      <v1:getDomainRequest>
         <v1:messageContext>
         	  <v11:messageId>${=import static java.util.UUID.randomUUID; uuid = randomUUID() as String}</v11:messageId>
            <v11:timestamp>${=new java.text.SimpleDateFormat("yyyy-MM-dd'T'HH:mm:ss.SSS").format(new Date())}</v11:timestamp>
         </v1:messageContext>
         <v1:legalContext>ServiceIntegrator</v1:legalContext>
         <v1:request>
         	  <v1:Domain>FINANCE</v1:Domain>
            <v1:Language>fr</v1:Language>
         </v1:request>
      </v1:getDomainRequest>
   </soapenv:Body>
</soapenv:Envelope>]]></con:request><con:assertion type="SOAP Fault Assertion" id="9aab9b03-d4e8-4356-af06-869a8e500bd9" name="Not SOAP Fault"/><con:assertion type="SOAP Response" id="a876ad8c-fa69-4257-ad8c-2155bac0cdc8" name="SOAP Response"/><con:assertion type="Schema Compliance" id="cb411889-21e0-421e-bb62-bbfad1df7c1e" name="Schema Compliance"><con:configuration/></con:assertion><con:wsaConfig action="http://fidus.brussels/services/accessmanagerservice/getDomain"/></con:request></con:config></con:testStep><con:properties/></con:testCase><con:testCase id="f71dffbc-a921-4cf8-be3c-6c842117f5ff" failOnError="true" failTestCaseOnErrors="true" keepSession="false" maxResults="0" name="getEntityRepresentatives" searchProperties="true"><con:settings/><con:testStep type="request" id="24bd2163-cb24-4fd2-b966-bb5590f51c64" name="testcase4 - Staging - LB - Request"><con:settings/><con:config xsi:type="con:RequestStep" xmlns:xsi="http://www.w3.org/2001/XMLSchema-instance"><con:interface>AccessManagerServiceHTTPBinding</con:interface><con:operation>getEntityRepresentatives</con:operation><con:request name="testcase4 - Staging - LB - Request" id="15740064-4761-44d4-b9d6-df7f89e5bc62" outgoingWss="Outflow STAG"><con:settings/><con:encoding>UTF-8</con:encoding><con:endpoint>https://fidus-esb-sg.sta.srv.cirb.lan:8443/services/AccessManagerService_v1.0</con:endpoint><con:request><![CDATA[<soapenv:Envelope xmlns:soapenv="http://schemas.xmlsoap.org/soap/envelope/" xmlns:v1="http://fidus.brussels/service/accessmanagerservice/messages/v1" xmlns:v11="http://fidus.brussels/type/common/messages/v1" xmlns:v31="http://socialsecurity.be/umanentityrepresentative/types/v3" >
   <soapenv:Header/>
   <soapenv:Body>
      <v1:getEntityRepresentativesRequest>
         <v1:messageContext>
         	  <v11:messageId>${=import static java.util.UUID.randomUUID; uuid = randomUUID() as String}</v11:messageId>
            <v11:timestamp>${=new java.text.SimpleDateFormat("yyyy-MM-dd'T'HH:mm:ss.SSS").format(new Date())}</v11:timestamp>
         </v1:messageContext>
         <v1:legalContext>ServiceIntegrator</v1:legalContext>
         <v1:request>
            <v1:Domain>QUAL_FED_HEALTHCARE</v1:Domain>
            <v1:OrganisationId>
               <v31:Identifier>1990000431</v31:Identifier>
               <v31:IdentifierType>BEEHP</v31:IdentifierType>
            </v1:OrganisationId>
            <v1:Language>nl</v1:Language>
         </v1:request>
      </v1:getEntityRepresentativesRequest>
   </soapenv:Body>
</soapenv:Envelope>]]></con:request><con:assertion type="SOAP Fault Assertion" id="9f45f343-ce2b-4443-ae65-bf07072f767e" name="Not SOAP Fault"/><con:assertion type="SOAP Response" id="4dda2c36-a80d-420c-9713-821e49cea326" name="SOAP Response"/><con:assertion type="Schema Compliance" id="5db6dbda-bc14-41ca-82b4-825370d4f54e" name="Schema Compliance"><con:configuration/></con:assertion><con:wsaConfig action="http://fidus.brussels/services/accessmanagerservice/getEntityRepresentatives"/></con:request></con:config></con:testStep><con:testStep type="request" id="5aeaacac-e5a4-4bb6-a2e2-970172cbfaf4" name="testcase4 - Staging - Worker1 - Request"><con:settings/><con:config xsi:type="con:RequestStep" xmlns:xsi="http://www.w3.org/2001/XMLSchema-instance"><con:interface>AccessManagerServiceHTTPBinding</con:interface><con:operation>getEntityRepresentatives</con:operation><con:request name="testcase4 - Staging - Worker1 - Request" id="b304514a-1b69-43f2-800f-2fddde39dbb7" outgoingWss="Outflow STAG"><con:settings/><con:encoding>UTF-8</con:encoding><con:endpoint>https://192.168.24.57:8443/services/AccessManagerService_v1.0</con:endpoint><con:request><![CDATA[<soapenv:Envelope xmlns:soapenv="http://schemas.xmlsoap.org/soap/envelope/" xmlns:v1="http://fidus.brussels/service/accessmanagerservice/messages/v1" xmlns:v11="http://fidus.brussels/type/common/messages/v1" xmlns:v31="http://socialsecurity.be/umanentityrepresentative/types/v3" >
   <soapenv:Header/>
   <soapenv:Body>
      <v1:getEntityRepresentativesRequest>
         <v1:messageContext>
         	  <v11:messageId>${=import static java.util.UUID.randomUUID; uuid = randomUUID() as String}</v11:messageId>
            <v11:timestamp>${=new java.text.SimpleDateFormat("yyyy-MM-dd'T'HH:mm:ss.SSS").format(new Date())}</v11:timestamp>
         </v1:messageContext>
         <v1:legalContext>ServiceIntegrator</v1:legalContext>
         <v1:request>
            <v1:Domain>QUAL_FED_HEALTHCARE</v1:Domain>
            <v1:OrganisationId>
               <v31:Identifier>1990000431</v31:Identifier>
               <v31:IdentifierType>BEEHP</v31:IdentifierType>
            </v1:OrganisationId>
            <v1:Language>nl</v1:Language>
         </v1:request>
      </v1:getEntityRepresentativesRequest>
   </soapenv:Body>
</soapenv:Envelope>]]></con:request><con:assertion type="SOAP Fault Assertion" id="b74adf43-bf29-4fef-b9bd-98711d485cca" name="Not SOAP Fault"/><con:assertion type="SOAP Response" id="f0cd65b2-da21-4ede-b324-dcd03da73b4a" name="SOAP Response"/><con:assertion type="Schema Compliance" id="9e1dd614-064e-4f63-ba06-e71d79bb5c72" name="Schema Compliance"><con:configuration/></con:assertion><con:wsaConfig action="http://fidus.brussels/services/accessmanagerservice/getEntityRepresentatives"/></con:request></con:config></con:testStep><con:testStep type="request" id="7ae1aa9f-a81f-48e8-919c-217d5953da01" name="testcase4 - Staging - Worker2 - Request"><con:settings/><con:config xsi:type="con:RequestStep" xmlns:xsi="http://www.w3.org/2001/XMLSchema-instance"><con:interface>AccessManagerServiceHTTPBinding</con:interface><con:operation>getEntityRepresentatives</con:operation><con:request name="testcase4 - Staging - Worker2 - Request" id="cd705f88-b09e-42ca-a7f1-63d09d6e8619" outgoingWss="Outflow STAG"><con:settings/><con:encoding>UTF-8</con:encoding><con:endpoint>https://192.168.24.64:8443/services/AccessManagerService_v1.0</con:endpoint><con:request><![CDATA[<soapenv:Envelope xmlns:soapenv="http://schemas.xmlsoap.org/soap/envelope/" xmlns:v1="http://fidus.brussels/service/accessmanagerservice/messages/v1" xmlns:v11="http://fidus.brussels/type/common/messages/v1" xmlns:v31="http://socialsecurity.be/umanentityrepresentative/types/v3" >
   <soapenv:Header/>
   <soapenv:Body>
      <v1:getEntityRepresentativesRequest>
         <v1:messageContext>
         	  <v11:messageId>${=import static java.util.UUID.randomUUID; uuid = randomUUID() as String}</v11:messageId>
            <v11:timestamp>${=new java.text.SimpleDateFormat("yyyy-MM-dd'T'HH:mm:ss.SSS").format(new Date())}</v11:timestamp>
         </v1:messageContext>
         <v1:legalContext>ServiceIntegrator</v1:legalContext>
         <v1:request>
            <v1:Domain>QUAL_FED_HEALTHCARE</v1:Domain>
            <v1:OrganisationId>
               <v31:Identifier>1990000431</v31:Identifier>
               <v31:IdentifierType>BEEHP</v31:IdentifierType>
            </v1:OrganisationId>
            <v1:Language>nl</v1:Language>
         </v1:request>
      </v1:getEntityRepresentativesRequest>
   </soapenv:Body>
</soapenv:Envelope>]]></con:request><con:assertion type="SOAP Fault Assertion" id="a266b5e7-3d5e-455f-af2a-29142db11ae4" name="Not SOAP Fault"/><con:assertion type="SOAP Response" id="fe328a90-25d6-43f6-8e0a-55bb3bc117ba" name="SOAP Response"/><con:assertion type="Schema Compliance" id="8bc72893-741f-4b67-9044-94f449ec1cae" name="Schema Compliance"><con:configuration/></con:assertion><con:wsaConfig action="http://fidus.brussels/services/accessmanagerservice/getEntityRepresentatives"/></con:request></con:config></con:testStep><con:testStep type="request" id="0036b14f-4532-4f7e-8376-d8585a65478c" name="testcase4 - Staging - Worker1New - Request"><con:settings/><con:config xsi:type="con:RequestStep" xmlns:xsi="http://www.w3.org/2001/XMLSchema-instance"><con:interface>AccessManagerServiceHTTPBinding</con:interface><con:operation>getEntityRepresentatives</con:operation><con:request name="testcase4 - Staging - Worker1New - Request" id="4a6116ad-12dc-4e09-85df-4cdc2acd918b" outgoingWss="Outflow STAG"><con:settings/><con:encoding>UTF-8</con:encoding><con:endpoint>https://192.168.24.57:8443/services/AccessManagerService_v1.0</con:endpoint><con:request><![CDATA[<soapenv:Envelope xmlns:soapenv="http://schemas.xmlsoap.org/soap/envelope/" xmlns:v1="http://fidus.brussels/service/accessmanagerservice/messages/v1" xmlns:v11="http://fidus.brussels/type/common/messages/v1" xmlns:v31="http://socialsecurity.be/umanentityrepresentative/types/v3" >
   <soapenv:Header/>
   <soapenv:Body>
      <v1:getEntityRepresentativesRequest>
         <v1:messageContext>
         	  <v11:messageId>${=import static java.util.UUID.randomUUID; uuid = randomUUID() as String}</v11:messageId>
            <v11:timestamp>${=new java.text.SimpleDateFormat("yyyy-MM-dd'T'HH:mm:ss.SSS").format(new Date())}</v11:timestamp>
         </v1:messageContext>
         <v1:legalContext>ServiceIntegrator</v1:legalContext>
         <v1:request>
            <v1:Domain>QUAL_FED_HEALTHCARE</v1:Domain>
            <v1:OrganisationId>
               <v31:Identifier>1990000431</v31:Identifier>
               <v31:IdentifierType>BEEHP</v31:IdentifierType>
            </v1:OrganisationId>
            <v1:Language>nl</v1:Language>
         </v1:request>
      </v1:getEntityRepresentativesRequest>
   </soapenv:Body>
</soapenv:Envelope>]]></con:request><con:assertion type="SOAP Fault Assertion" id="f31bbffd-2b13-4a05-bb78-b8cf0e17bd19" name="Not SOAP Fault"/><con:assertion type="SOAP Response" id="abe7845a-6366-4942-b060-a0d518234972" name="SOAP Response"/><con:assertion type="Schema Compliance" id="09217548-8313-4df3-ae94-87052087f983" name="Schema Compliance"><con:configuration/></con:assertion><con:wsaConfig action="http://fidus.brussels/services/accessmanagerservice/getEntityRepresentatives"/></con:request></con:config></con:testStep><con:testStep type="request" id="16b0a53a-c6f9-4034-9e04-e1b6a49b9137" name="testcase4 - Staging - Worker2New - Request"><con:settings/><con:config xsi:type="con:RequestStep" xmlns:xsi="http://www.w3.org/2001/XMLSchema-instance"><con:interface>AccessManagerServiceHTTPBinding</con:interface><con:operation>getEntityRepresentatives</con:operation><con:request name="testcase4 - Staging - Worker2New - Request" id="ddac66c2-1115-4d79-82e9-fb86ae6b2c2b" outgoingWss="Outflow STAG"><con:settings/><con:encoding>UTF-8</con:encoding><con:endpoint>https://192.168.24.64:8443/services/AccessManagerService_v1.0</con:endpoint><con:request><![CDATA[<soapenv:Envelope xmlns:soapenv="http://schemas.xmlsoap.org/soap/envelope/" xmlns:v1="http://fidus.brussels/service/accessmanagerservice/messages/v1" xmlns:v11="http://fidus.brussels/type/common/messages/v1" xmlns:v31="http://socialsecurity.be/umanentityrepresentative/types/v3" >
   <soapenv:Header/>
   <soapenv:Body>
      <v1:getEntityRepresentativesRequest>
         <v1:messageContext>
         	  <v11:messageId>${=import static java.util.UUID.randomUUID; uuid = randomUUID() as String}</v11:messageId>
            <v11:timestamp>${=new java.text.SimpleDateFormat("yyyy-MM-dd'T'HH:mm:ss.SSS").format(new Date())}</v11:timestamp>
         </v1:messageContext>
         <v1:legalContext>ServiceIntegrator</v1:legalContext>
         <v1:request>
            <v1:Domain>QUAL_FED_HEALTHCARE</v1:Domain>
            <v1:OrganisationId>
               <v31:Identifier>1990000431</v31:Identifier>
               <v31:IdentifierType>BEEHP</v31:IdentifierType>
            </v1:OrganisationId>
            <v1:Language>nl</v1:Language>
         </v1:request>
      </v1:getEntityRepresentativesRequest>
   </soapenv:Body>
</soapenv:Envelope>]]></con:request><con:assertion type="SOAP Fault Assertion" id="245a7dd0-1cdc-4366-809a-f616737b9afb" name="Not SOAP Fault"/><con:assertion type="SOAP Response" id="2dbf9c3c-5ccf-45b6-8975-d89ce76adf87" name="SOAP Response"/><con:assertion type="Schema Compliance" id="b48d236b-9e66-436f-aaad-007efb558b6d" name="Schema Compliance"><con:configuration/></con:assertion><con:wsaConfig action="http://fidus.brussels/services/accessmanagerservice/getEntityRepresentatives"/></con:request></con:config></con:testStep><con:properties/></con:testCase><con:testCase id="015b307e-b75f-43aa-9e1b-cbaae7d3b5d5" failOnError="true" failTestCaseOnErrors="true" keepSession="false" maxResults="0" name="getOrganisationChildNodes" searchProperties="true"><con:settings/><con:testStep type="request" id="2344e6bf-af70-43e2-a584-405a555a9e0a" name="testcase4 - Staging - LB - Request"><con:settings/><con:config xsi:type="con:RequestStep" xmlns:xsi="http://www.w3.org/2001/XMLSchema-instance"><con:interface>AccessManagerServiceHTTPBinding</con:interface><con:operation>getOrganisationChildNodes</con:operation><con:request name="testcase4 - Staging - LB - Request" id="b6c0234a-4ec7-4dcd-956a-0807ea5955ae" outgoingWss="Outflow STAG"><con:settings/><con:encoding>UTF-8</con:encoding><con:endpoint>https://fidus-esb-sg.sta.srv.cirb.lan:8443/services/AccessManagerService_v1.0</con:endpoint><con:request><![CDATA[<soapenv:Envelope xmlns:soapenv="http://schemas.xmlsoap.org/soap/envelope/" xmlns:v1="http://fidus.brussels/service/accessmanagerservice/messages/v1" xmlns:v11="http://fidus.brussels/type/common/messages/v1" xmlns:v31="http://socialsecurity.be/umanentityrepresentative/types/v3">
   <soapenv:Header/>
   <soapenv:Body>
      <v1:getOrganisationChildNodesRequest>
         <v1:messageContext>
         	  <v11:messageId>${=import static java.util.UUID.randomUUID; uuid = randomUUID() as String}</v11:messageId>
            <v11:timestamp>${=new java.text.SimpleDateFormat("yyyy-MM-dd'T'HH:mm:ss.SSS").format(new Date())}</v11:timestamp>
         </v1:messageContext>
         <v1:legalContext>ServiceIntegrator</v1:legalContext>
         <v1:request>
            <v1:Domain>QUAL_FED_HEALTHCARE</v1:Domain>
            <v1:OrganisationId>
               <v31:Identifier>1990000431</v31:Identifier>
               <v31:IdentifierType>BEEHP</v31:IdentifierType>
            </v1:OrganisationId>
            <v1:Language>nl</v1:Language>
         </v1:request>
      </v1:getOrganisationChildNodesRequest>
   </soapenv:Body>
</soapenv:Envelope>]]></con:request><con:assertion type="SOAP Fault Assertion" id="32ffd7df-6f5e-40af-8bc1-0cf527c09681" name="Not SOAP Fault"/><con:assertion type="SOAP Response" id="9d53568d-2be3-4735-bf46-59abb2304b84" name="SOAP Response"/><con:assertion type="Schema Compliance" id="e70f2694-fe6f-4d99-b26f-601ddc087b93" name="Schema Compliance"><con:configuration/></con:assertion><con:wsaConfig action="http://fidus.brussels/services/accessmanagerservice/getOrganisationChildNodes"/></con:request></con:config></con:testStep><con:testStep type="request" id="fc680ab9-d2f5-4c97-a746-723c729fe742" name="testcase4 - Staging - Worker1 - Request"><con:settings/><con:config xsi:type="con:RequestStep" xmlns:xsi="http://www.w3.org/2001/XMLSchema-instance"><con:interface>AccessManagerServiceHTTPBinding</con:interface><con:operation>getOrganisationChildNodes</con:operation><con:request name="testcase4 - Staging - Worker1 - Request" id="ef2c8a67-8a84-42e6-a421-0b8f2360df7e" outgoingWss="Outflow STAG"><con:settings/><con:encoding>UTF-8</con:encoding><con:endpoint>https://192.168.24.57:8443/services/AccessManagerService_v1.0</con:endpoint><con:request><![CDATA[<soapenv:Envelope xmlns:soapenv="http://schemas.xmlsoap.org/soap/envelope/" xmlns:v1="http://fidus.brussels/service/accessmanagerservice/messages/v1" xmlns:v11="http://fidus.brussels/type/common/messages/v1" xmlns:v31="http://socialsecurity.be/umanentityrepresentative/types/v3">
   <soapenv:Header/>
   <soapenv:Body>
      <v1:getOrganisationChildNodesRequest>
         <v1:messageContext>
         	  <v11:messageId>${=import static java.util.UUID.randomUUID; uuid = randomUUID() as String}</v11:messageId>
            <v11:timestamp>${=new java.text.SimpleDateFormat("yyyy-MM-dd'T'HH:mm:ss.SSS").format(new Date())}</v11:timestamp>
         </v1:messageContext>
         <v1:legalContext>ServiceIntegrator</v1:legalContext>
         <v1:request>
            <v1:Domain>QUAL_FED_HEALTHCARE</v1:Domain>
            <v1:OrganisationId>
               <v31:Identifier>1990000431</v31:Identifier>
               <v31:IdentifierType>BEEHP</v31:IdentifierType>
            </v1:OrganisationId>
            <v1:Language>nl</v1:Language>
         </v1:request>
      </v1:getOrganisationChildNodesRequest>
   </soapenv:Body>
</soapenv:Envelope>]]></con:request><con:assertion type="SOAP Fault Assertion" id="5905d5af-5ed5-4fca-9fca-7efbfce7fa49" name="Not SOAP Fault"/><con:assertion type="SOAP Response" id="32203e76-489b-4b95-b4fe-9c6ecee75884" name="SOAP Response"/><con:assertion type="Schema Compliance" id="2cb02f72-7692-4239-a574-0f188ef8cedd" name="Schema Compliance"><con:configuration/></con:assertion><con:wsaConfig action="http://fidus.brussels/services/accessmanagerservice/getOrganisationChildNodes"/></con:request></con:config></con:testStep><con:testStep type="request" id="e8f979c9-c48f-477a-836e-885ac3087e9d" name="testcase4 - Staging - Worker2 - Request"><con:settings/><con:config xsi:type="con:RequestStep" xmlns:xsi="http://www.w3.org/2001/XMLSchema-instance"><con:interface>AccessManagerServiceHTTPBinding</con:interface><con:operation>getOrganisationChildNodes</con:operation><con:request name="testcase4 - Staging - Worker2 - Request" id="bb45c9be-312b-4dcc-bd34-9e649b386f06" outgoingWss="Outflow STAG"><con:settings/><con:encoding>UTF-8</con:encoding><con:endpoint>https://192.168.24.64:8443/services/AccessManagerService_v1.0</con:endpoint><con:request><![CDATA[<soapenv:Envelope xmlns:soapenv="http://schemas.xmlsoap.org/soap/envelope/" xmlns:v1="http://fidus.brussels/service/accessmanagerservice/messages/v1" xmlns:v11="http://fidus.brussels/type/common/messages/v1" xmlns:v31="http://socialsecurity.be/umanentityrepresentative/types/v3">
   <soapenv:Header/>
   <soapenv:Body>
      <v1:getOrganisationChildNodesRequest>
         <v1:messageContext>
         	  <v11:messageId>${=import static java.util.UUID.randomUUID; uuid = randomUUID() as String}</v11:messageId>
            <v11:timestamp>${=new java.text.SimpleDateFormat("yyyy-MM-dd'T'HH:mm:ss.SSS").format(new Date())}</v11:timestamp>
         </v1:messageContext>
         <v1:legalContext>ServiceIntegrator</v1:legalContext>
         <v1:request>
            <v1:Domain>QUAL_FED_HEALTHCARE</v1:Domain>
            <v1:OrganisationId>
               <v31:Identifier>1990000431</v31:Identifier>
               <v31:IdentifierType>BEEHP</v31:IdentifierType>
            </v1:OrganisationId>
            <v1:Language>nl</v1:Language>
         </v1:request>
      </v1:getOrganisationChildNodesRequest>
   </soapenv:Body>
</soapenv:Envelope>]]></con:request><con:assertion type="SOAP Fault Assertion" id="bf63355d-5288-454d-a82d-17a956eac81a" name="Not SOAP Fault"/><con:assertion type="SOAP Response" id="8b84b894-4e5b-4d65-b800-0da027f04653" name="SOAP Response"/><con:assertion type="Schema Compliance" id="c3154397-1875-44c9-9b59-5b28887ed98e" name="Schema Compliance"><con:configuration/></con:assertion><con:wsaConfig action="http://fidus.brussels/services/accessmanagerservice/getOrganisationChildNodes"/></con:request></con:config></con:testStep><con:testStep type="request" id="68112564-983e-4eb3-b544-878ad4bf30e1" name="testcase4 - Staging - Worker1New - Request"><con:settings/><con:config xsi:type="con:RequestStep" xmlns:xsi="http://www.w3.org/2001/XMLSchema-instance"><con:interface>AccessManagerServiceHTTPBinding</con:interface><con:operation>getOrganisationChildNodes</con:operation><con:request name="testcase4 - Staging - Worker1New - Request" id="34d3203c-6b61-489a-9e51-dfcf71be09ee" outgoingWss="Outflow STAG"><con:settings/><con:encoding>UTF-8</con:encoding><con:endpoint>https://192.168.24.57:8443/services/AccessManagerService_v1.0</con:endpoint><con:request><![CDATA[<soapenv:Envelope xmlns:soapenv="http://schemas.xmlsoap.org/soap/envelope/" xmlns:v1="http://fidus.brussels/service/accessmanagerservice/messages/v1" xmlns:v11="http://fidus.brussels/type/common/messages/v1" xmlns:v31="http://socialsecurity.be/umanentityrepresentative/types/v3">
   <soapenv:Header/>
   <soapenv:Body>
      <v1:getOrganisationChildNodesRequest>
         <v1:messageContext>
         	  <v11:messageId>${=import static java.util.UUID.randomUUID; uuid = randomUUID() as String}</v11:messageId>
            <v11:timestamp>${=new java.text.SimpleDateFormat("yyyy-MM-dd'T'HH:mm:ss.SSS").format(new Date())}</v11:timestamp>
         </v1:messageContext>
         <v1:legalContext>ServiceIntegrator</v1:legalContext>
         <v1:request>
            <v1:Domain>QUAL_FED_HEALTHCARE</v1:Domain>
            <v1:OrganisationId>
               <v31:Identifier>1990000431</v31:Identifier>
               <v31:IdentifierType>BEEHP</v31:IdentifierType>
            </v1:OrganisationId>
            <v1:Language>nl</v1:Language>
         </v1:request>
      </v1:getOrganisationChildNodesRequest>
   </soapenv:Body>
</soapenv:Envelope>]]></con:request><con:assertion type="SOAP Fault Assertion" id="9a33ef5a-ecfb-47b6-9bf2-c27f05cd6804" name="Not SOAP Fault"/><con:assertion type="SOAP Response" id="d05bbf5e-f30d-43b1-8b5b-ff1b94534e3d" name="SOAP Response"/><con:assertion type="Schema Compliance" id="6008f654-cb50-4be8-83b9-88c3d6f44a17" name="Schema Compliance"><con:configuration/></con:assertion><con:wsaConfig action="http://fidus.brussels/services/accessmanagerservice/getOrganisationChildNodes"/></con:request></con:config></con:testStep><con:testStep type="request" id="22d89812-39b7-40e3-8a46-fccd88c08a5b" name="testcase4 - Staging - Worker2New - Request"><con:settings/><con:config xsi:type="con:RequestStep" xmlns:xsi="http://www.w3.org/2001/XMLSchema-instance"><con:interface>AccessManagerServiceHTTPBinding</con:interface><con:operation>getOrganisationChildNodes</con:operation><con:request name="testcase4 - Staging - Worker2New - Request" id="2d9ef60b-88e1-494f-93af-ed618233dec3" outgoingWss="Outflow STAG"><con:settings/><con:encoding>UTF-8</con:encoding><con:endpoint>https://192.168.24.64:8443/services/AccessManagerService_v1.0</con:endpoint><con:request><![CDATA[<soapenv:Envelope xmlns:soapenv="http://schemas.xmlsoap.org/soap/envelope/" xmlns:v1="http://fidus.brussels/service/accessmanagerservice/messages/v1" xmlns:v11="http://fidus.brussels/type/common/messages/v1" xmlns:v31="http://socialsecurity.be/umanentityrepresentative/types/v3">
   <soapenv:Header/>
   <soapenv:Body>
      <v1:getOrganisationChildNodesRequest>
         <v1:messageContext>
         	  <v11:messageId>${=import static java.util.UUID.randomUUID; uuid = randomUUID() as String}</v11:messageId>
            <v11:timestamp>${=new java.text.SimpleDateFormat("yyyy-MM-dd'T'HH:mm:ss.SSS").format(new Date())}</v11:timestamp>
         </v1:messageContext>
         <v1:legalContext>ServiceIntegrator</v1:legalContext>
         <v1:request>
            <v1:Domain>QUAL_FED_HEALTHCARE</v1:Domain>
            <v1:OrganisationId>
               <v31:Identifier>1990000431</v31:Identifier>
               <v31:IdentifierType>BEEHP</v31:IdentifierType>
            </v1:OrganisationId>
            <v1:Language>nl</v1:Language>
         </v1:request>
      </v1:getOrganisationChildNodesRequest>
   </soapenv:Body>
</soapenv:Envelope>]]></con:request><con:assertion type="SOAP Fault Assertion" id="263eb37a-29c2-428e-9193-a3bca24c4230" name="Not SOAP Fault"/><con:assertion type="SOAP Response" id="3d2bd059-e1c5-4f31-8ad1-4ce627ccee78" name="SOAP Response"/><con:assertion type="Schema Compliance" id="328cbe8c-7479-4aa9-b9c1-0b3de298bfdc" name="Schema Compliance"><con:configuration/></con:assertion><con:wsaConfig action="http://fidus.brussels/services/accessmanagerservice/getOrganisationChildNodes"/></con:request></con:config></con:testStep><con:properties/></con:testCase><con:testCase id="cfa6f576-d99e-4312-b4f6-c8274296c792" failOnError="true" failTestCaseOnErrors="true" keepSession="false" maxResults="0" name="getOrganisationDenomination" searchProperties="true"><con:settings/><con:testStep type="request" id="09295ce4-1402-44eb-9887-c2970c8f0a32" name="testcase4 - Staging - LB - Request"><con:settings/><con:config xsi:type="con:RequestStep" xmlns:xsi="http://www.w3.org/2001/XMLSchema-instance"><con:interface>AccessManagerServiceHTTPBinding</con:interface><con:operation>getOrganisationDenomination</con:operation><con:request name="testcase4 - Staging - LB - Request" id="86477ba6-95dd-4d3f-b3a6-0fccd93320ab" outgoingWss="Outflow STAG"><con:settings/><con:encoding>UTF-8</con:encoding><con:endpoint>https://fidus-esb-sg.sta.srv.cirb.lan:8443/services/AccessManagerService_v1.0</con:endpoint><con:request><![CDATA[<soapenv:Envelope xmlns:soapenv="http://schemas.xmlsoap.org/soap/envelope/" xmlns:v1="http://fidus.brussels/service/accessmanagerservice/messages/v1" xmlns:v11="http://fidus.brussels/type/common/messages/v1" xmlns:v31="http://socialsecurity.be/umanentityrepresentative/types/v3">
   <soapenv:Header/>
   <soapenv:Body>
      <v1:getOrganisationDenominationRequest>
         <v1:messageContext>
         	  <v11:messageId>${=import static java.util.UUID.randomUUID; uuid = randomUUID() as String}</v11:messageId>
            <v11:timestamp>${=new java.text.SimpleDateFormat("yyyy-MM-dd'T'HH:mm:ss.SSS").format(new Date())}</v11:timestamp>
         </v1:messageContext>
         <v1:legalContext>ServiceIntegrator</v1:legalContext>
         <v1:request>
            <v1:Domain>QUAL_FED_HEALTHCARE</v1:Domain>
            <v1:OrganisationId>
               <v31:Identifier>1990000431</v31:Identifier>
               <v31:IdentifierType>BEEHP</v31:IdentifierType>
            </v1:OrganisationId>
            <v1:Language>nl</v1:Language>
         </v1:request>
      </v1:getOrganisationDenominationRequest>
   </soapenv:Body>
</soapenv:Envelope>]]></con:request><con:assertion type="SOAP Fault Assertion" id="b8ab8073-1013-443b-a8ed-5ac502aa1c37" name="Not SOAP Fault"/><con:assertion type="SOAP Response" id="c9eaa775-fea4-43eb-b5b1-7554a00be436" name="SOAP Response"/><con:assertion type="Schema Compliance" id="f7862342-a0c2-434b-9ce9-4d1bdb0e9327" name="Schema Compliance"><con:configuration/></con:assertion><con:wsaConfig action="http://fidus.brussels/services/accessmanagerservice/getOrganisationDenomination"/></con:request></con:config></con:testStep><con:testStep type="request" id="b0288cbd-8512-4a4c-92bd-a7652e668bc8" name="testcase4 - Staging - Worker1 - Request"><con:settings/><con:config xsi:type="con:RequestStep" xmlns:xsi="http://www.w3.org/2001/XMLSchema-instance"><con:interface>AccessManagerServiceHTTPBinding</con:interface><con:operation>getOrganisationDenomination</con:operation><con:request name="testcase4 - Staging - Worker1 - Request" id="4e1653d1-9178-461c-9c00-5203b467f14d" outgoingWss="Outflow STAG"><con:settings/><con:encoding>UTF-8</con:encoding><con:endpoint>https://192.168.24.57:8443/services/AccessManagerService_v1.0</con:endpoint><con:request><![CDATA[<soapenv:Envelope xmlns:soapenv="http://schemas.xmlsoap.org/soap/envelope/" xmlns:v1="http://fidus.brussels/service/accessmanagerservice/messages/v1" xmlns:v11="http://fidus.brussels/type/common/messages/v1" xmlns:v31="http://socialsecurity.be/umanentityrepresentative/types/v3">
   <soapenv:Header/>
   <soapenv:Body>
      <v1:getOrganisationDenominationRequest>
         <v1:messageContext>
         	  <v11:messageId>${=import static java.util.UUID.randomUUID; uuid = randomUUID() as String}</v11:messageId>
            <v11:timestamp>${=new java.text.SimpleDateFormat("yyyy-MM-dd'T'HH:mm:ss.SSS").format(new Date())}</v11:timestamp>
         </v1:messageContext>
         <v1:legalContext>ServiceIntegrator</v1:legalContext>
         <v1:request>
            <v1:Domain>QUAL_FED_HEALTHCARE</v1:Domain>
            <v1:OrganisationId>
               <v31:Identifier>1990000431</v31:Identifier>
               <v31:IdentifierType>BEEHP</v31:IdentifierType>
            </v1:OrganisationId>
            <v1:Language>nl</v1:Language>
         </v1:request>
      </v1:getOrganisationDenominationRequest>
   </soapenv:Body>
</soapenv:Envelope>]]></con:request><con:assertion type="SOAP Fault Assertion" id="aa091df1-8e8e-4ef7-8187-107d75cf7d94" name="Not SOAP Fault"/><con:assertion type="SOAP Response" id="b7b71765-87d7-48fa-8fe7-275a19450513" name="SOAP Response"/><con:assertion type="Schema Compliance" id="fc799dc9-bc8f-44da-9d41-71942b00b26c" name="Schema Compliance"><con:configuration/></con:assertion><con:wsaConfig action="http://fidus.brussels/services/accessmanagerservice/getOrganisationDenomination"/></con:request></con:config></con:testStep><con:testStep type="request" id="45a2c8c5-579c-4fc6-802f-4304afed684c" name="testcase4 - Staging - Worker2 - Request"><con:settings/><con:config xsi:type="con:RequestStep" xmlns:xsi="http://www.w3.org/2001/XMLSchema-instance"><con:interface>AccessManagerServiceHTTPBinding</con:interface><con:operation>getOrganisationDenomination</con:operation><con:request name="testcase4 - Staging - Worker2 - Request" id="db81bad6-c170-48e3-9cc9-dca08f02e864" outgoingWss="Outflow STAG"><con:settings/><con:encoding>UTF-8</con:encoding><con:endpoint>https://192.168.24.64:8443/services/AccessManagerService_v1.0</con:endpoint><con:request><![CDATA[<soapenv:Envelope xmlns:soapenv="http://schemas.xmlsoap.org/soap/envelope/" xmlns:v1="http://fidus.brussels/service/accessmanagerservice/messages/v1" xmlns:v11="http://fidus.brussels/type/common/messages/v1" xmlns:v31="http://socialsecurity.be/umanentityrepresentative/types/v3">
   <soapenv:Header/>
   <soapenv:Body>
      <v1:getOrganisationDenominationRequest>
         <v1:messageContext>
         	  <v11:messageId>${=import static java.util.UUID.randomUUID; uuid = randomUUID() as String}</v11:messageId>
            <v11:timestamp>${=new java.text.SimpleDateFormat("yyyy-MM-dd'T'HH:mm:ss.SSS").format(new Date())}</v11:timestamp>
         </v1:messageContext>
         <v1:legalContext>ServiceIntegrator</v1:legalContext>
         <v1:request>
            <v1:Domain>QUAL_FED_HEALTHCARE</v1:Domain>
            <v1:OrganisationId>
               <v31:Identifier>1990000431</v31:Identifier>
               <v31:IdentifierType>BEEHP</v31:IdentifierType>
            </v1:OrganisationId>
            <v1:Language>nl</v1:Language>
         </v1:request>
      </v1:getOrganisationDenominationRequest>
   </soapenv:Body>
</soapenv:Envelope>]]></con:request><con:assertion type="SOAP Fault Assertion" id="f7d5a2b8-6c80-48f2-b913-b725c91e05e3" name="Not SOAP Fault"/><con:assertion type="SOAP Response" id="4200a393-d0a3-4370-9483-174bb8feb533" name="SOAP Response"/><con:assertion type="Schema Compliance" id="6d6ac31e-a13c-46e8-bd08-a99196fe60c7" name="Schema Compliance"><con:configuration/></con:assertion><con:wsaConfig action="http://fidus.brussels/services/accessmanagerservice/getOrganisationDenomination"/></con:request></con:config></con:testStep><con:testStep type="request" id="fe823378-de72-4cec-8768-03dcd9c4e209" name="testcase4 - Staging - Worker1New - Request"><con:settings/><con:config xsi:type="con:RequestStep" xmlns:xsi="http://www.w3.org/2001/XMLSchema-instance"><con:interface>AccessManagerServiceHTTPBinding</con:interface><con:operation>getOrganisationDenomination</con:operation><con:request name="testcase4 - Staging - Worker1New - Request" id="baf332f8-d2c4-4326-a712-28593e32d232" outgoingWss="Outflow STAG"><con:settings/><con:encoding>UTF-8</con:encoding><con:endpoint>https://192.168.24.57:8443/services/AccessManagerService_v1.0</con:endpoint><con:request><![CDATA[<soapenv:Envelope xmlns:soapenv="http://schemas.xmlsoap.org/soap/envelope/" xmlns:v1="http://fidus.brussels/service/accessmanagerservice/messages/v1" xmlns:v11="http://fidus.brussels/type/common/messages/v1" xmlns:v31="http://socialsecurity.be/umanentityrepresentative/types/v3">
   <soapenv:Header/>
   <soapenv:Body>
      <v1:getOrganisationDenominationRequest>
         <v1:messageContext>
         	  <v11:messageId>${=import static java.util.UUID.randomUUID; uuid = randomUUID() as String}</v11:messageId>
            <v11:timestamp>${=new java.text.SimpleDateFormat("yyyy-MM-dd'T'HH:mm:ss.SSS").format(new Date())}</v11:timestamp>
         </v1:messageContext>
         <v1:legalContext>ServiceIntegrator</v1:legalContext>
         <v1:request>
            <v1:Domain>QUAL_FED_HEALTHCARE</v1:Domain>
            <v1:OrganisationId>
               <v31:Identifier>1990000431</v31:Identifier>
               <v31:IdentifierType>BEEHP</v31:IdentifierType>
            </v1:OrganisationId>
            <v1:Language>nl</v1:Language>
         </v1:request>
      </v1:getOrganisationDenominationRequest>
   </soapenv:Body>
</soapenv:Envelope>]]></con:request><con:assertion type="SOAP Fault Assertion" id="1ac76a0c-2c3a-4a23-b8dd-2bbde0e66413" name="Not SOAP Fault"/><con:assertion type="SOAP Response" id="84e2b71e-7175-4ffe-9ed0-7c27de25ff5d" name="SOAP Response"/><con:assertion type="Schema Compliance" id="3e36df55-dce6-40cf-8606-7d19be3b8f89" name="Schema Compliance"><con:configuration/></con:assertion><con:wsaConfig action="http://fidus.brussels/services/accessmanagerservice/getOrganisationDenomination"/></con:request></con:config></con:testStep><con:testStep type="request" id="e9d6a635-4510-4085-b558-21440fc74ca5" name="testcase4 - Staging - Worker2New - Request"><con:settings/><con:config xsi:type="con:RequestStep" xmlns:xsi="http://www.w3.org/2001/XMLSchema-instance"><con:interface>AccessManagerServiceHTTPBinding</con:interface><con:operation>getOrganisationDenomination</con:operation><con:request name="testcase4 - Staging - Worker2New - Request" id="bbe95698-2f09-4079-80ec-fb84c0fd5a70" outgoingWss="Outflow STAG"><con:settings/><con:encoding>UTF-8</con:encoding><con:endpoint>https://192.168.24.64:8443/services/AccessManagerService_v1.0</con:endpoint><con:request><![CDATA[<soapenv:Envelope xmlns:soapenv="http://schemas.xmlsoap.org/soap/envelope/" xmlns:v1="http://fidus.brussels/service/accessmanagerservice/messages/v1" xmlns:v11="http://fidus.brussels/type/common/messages/v1" xmlns:v31="http://socialsecurity.be/umanentityrepresentative/types/v3">
   <soapenv:Header/>
   <soapenv:Body>
      <v1:getOrganisationDenominationRequest>
         <v1:messageContext>
         	  <v11:messageId>${=import static java.util.UUID.randomUUID; uuid = randomUUID() as String}</v11:messageId>
            <v11:timestamp>${=new java.text.SimpleDateFormat("yyyy-MM-dd'T'HH:mm:ss.SSS").format(new Date())}</v11:timestamp>
         </v1:messageContext>
         <v1:legalContext>ServiceIntegrator</v1:legalContext>
         <v1:request>
            <v1:Domain>QUAL_FED_HEALTHCARE</v1:Domain>
            <v1:OrganisationId>
               <v31:Identifier>1990000431</v31:Identifier>
               <v31:IdentifierType>BEEHP</v31:IdentifierType>
            </v1:OrganisationId>
            <v1:Language>nl</v1:Language>
         </v1:request>
      </v1:getOrganisationDenominationRequest>
   </soapenv:Body>
</soapenv:Envelope>]]></con:request><con:assertion type="SOAP Fault Assertion" id="0f07550a-c34c-44f0-98ba-36cc671f01eb" name="Not SOAP Fault"/><con:assertion type="SOAP Response" id="ca18f6bd-eb18-46d8-98cc-fafa5a3747de" name="SOAP Response"/><con:assertion type="Schema Compliance" id="4faa652d-c2d3-4c85-9833-9e3cabd76aca" name="Schema Compliance"><con:configuration/></con:assertion><con:wsaConfig action="http://fidus.brussels/services/accessmanagerservice/getOrganisationDenomination"/></con:request></con:config></con:testStep><con:properties/></con:testCase><con:testCase id="4bd5c032-9373-438b-9fa5-e3609a7979e2" failOnError="true" failTestCaseOnErrors="true" keepSession="false" maxResults="0" name="getOrganisationParentNodes" searchProperties="true"><con:settings/><con:testStep type="request" id="cfa294dd-6fda-4b20-8c00-8a184d07d8f9" name="testcase4 - Staging - LB - Request"><con:settings/><con:config xsi:type="con:RequestStep" xmlns:xsi="http://www.w3.org/2001/XMLSchema-instance"><con:interface>AccessManagerServiceHTTPBinding</con:interface><con:operation>getOrganisationParentNodes</con:operation><con:request name="testcase4 - Staging - LB - Request" id="8f595398-cbcd-4c98-aa1a-ca090bde9e49" outgoingWss="Outflow STAG"><con:settings/><con:encoding>UTF-8</con:encoding><con:endpoint>https://fidus-esb-sg.sta.srv.cirb.lan:8443/services/AccessManagerService_v1.0</con:endpoint><con:request><![CDATA[<soapenv:Envelope xmlns:soapenv="http://schemas.xmlsoap.org/soap/envelope/" xmlns:v1="http://fidus.brussels/service/accessmanagerservice/messages/v1" xmlns:v11="http://fidus.brussels/type/common/messages/v1" xmlns:v31="http://socialsecurity.be/umanentityrepresentative/types/v3">
   <soapenv:Header/>
   <soapenv:Body>
      <v1:getOrganisationParentNodesRequest>
         <v1:messageContext>
         	  <v11:messageId>${=import static java.util.UUID.randomUUID; uuid = randomUUID() as String}</v11:messageId>
            <v11:timestamp>${=new java.text.SimpleDateFormat("yyyy-MM-dd'T'HH:mm:ss.SSS").format(new Date())}</v11:timestamp>
         </v1:messageContext>
         <v1:legalContext>ServiceIntegrator</v1:legalContext>
         <v1:request>
            <v1:Domain>QUAL_FED_HEALTHCARE</v1:Domain>
            <v1:OrganisationId>
               <v31:Identifier>1990000431</v31:Identifier>
               <v31:IdentifierType>BEEHP</v31:IdentifierType>
            </v1:OrganisationId>
            <v1:Language>nl</v1:Language>
         </v1:request>
      </v1:getOrganisationParentNodesRequest>
   </soapenv:Body>
</soapenv:Envelope>]]></con:request><con:assertion type="SOAP Fault Assertion" id="81adb377-1028-4643-aed4-be627d04a3ae" name="Not SOAP Fault"/><con:assertion type="SOAP Response" id="8b95822d-6eca-481e-a889-cbbfbeda7e86" name="SOAP Response"/><con:assertion type="Schema Compliance" id="683fdf61-d114-45c4-a1cd-1eb935b0fcf8" name="Schema Compliance"><con:configuration/></con:assertion><con:wsaConfig action="http://fidus.brussels/services/accessmanagerservice/getOrganisationParentNodes"/></con:request></con:config></con:testStep><con:testStep type="request" id="67b16fe3-9eb9-4c6d-bb36-11d23e1bbfca" name="testcase4 - Staging - Worker1 - Request"><con:settings/><con:config xsi:type="con:RequestStep" xmlns:xsi="http://www.w3.org/2001/XMLSchema-instance"><con:interface>AccessManagerServiceHTTPBinding</con:interface><con:operation>getOrganisationParentNodes</con:operation><con:request name="testcase4 - Staging - Worker1 - Request" id="96989bd2-83d4-4d5c-b158-6001a2ef77b4" outgoingWss="Outflow STAG"><con:settings/><con:encoding>UTF-8</con:encoding><con:endpoint>https://192.168.24.57:8443/services/AccessManagerService_v1.0</con:endpoint><con:request><![CDATA[<soapenv:Envelope xmlns:soapenv="http://schemas.xmlsoap.org/soap/envelope/" xmlns:v1="http://fidus.brussels/service/accessmanagerservice/messages/v1" xmlns:v11="http://fidus.brussels/type/common/messages/v1" xmlns:v31="http://socialsecurity.be/umanentityrepresentative/types/v3">
   <soapenv:Header/>
   <soapenv:Body>
      <v1:getOrganisationParentNodesRequest>
         <v1:messageContext>
         	  <v11:messageId>${=import static java.util.UUID.randomUUID; uuid = randomUUID() as String}</v11:messageId>
            <v11:timestamp>${=new java.text.SimpleDateFormat("yyyy-MM-dd'T'HH:mm:ss.SSS").format(new Date())}</v11:timestamp>
         </v1:messageContext>
         <v1:legalContext>ServiceIntegrator</v1:legalContext>
         <v1:request>
            <v1:Domain>QUAL_FED_HEALTHCARE</v1:Domain>
            <v1:OrganisationId>
               <v31:Identifier>1990000431</v31:Identifier>
               <v31:IdentifierType>BEEHP</v31:IdentifierType>
            </v1:OrganisationId>
            <v1:Language>nl</v1:Language>
         </v1:request>
      </v1:getOrganisationParentNodesRequest>
   </soapenv:Body>
</soapenv:Envelope>]]></con:request><con:assertion type="SOAP Fault Assertion" id="34af7868-c8e0-4029-8911-08e10bf7805f" name="Not SOAP Fault"/><con:assertion type="SOAP Response" id="4dc7ed8f-d905-4380-bdec-90d7082501be" name="SOAP Response"/><con:assertion type="Schema Compliance" id="379c43e3-e95d-4f40-90b3-31633ca265fa" name="Schema Compliance"><con:configuration/></con:assertion><con:wsaConfig action="http://fidus.brussels/services/accessmanagerservice/getOrganisationParentNodes"/></con:request></con:config></con:testStep><con:testStep type="request" id="82f2ddbd-c4f0-47b7-be61-bcfaed92ad92" name="testcase4 - Staging - Worker2 - Request"><con:settings/><con:config xsi:type="con:RequestStep" xmlns:xsi="http://www.w3.org/2001/XMLSchema-instance"><con:interface>AccessManagerServiceHTTPBinding</con:interface><con:operation>getOrganisationParentNodes</con:operation><con:request name="testcase4 - Staging - Worker2 - Request" id="297c8175-87ef-484e-acad-5a50431e19f3" outgoingWss="Outflow STAG"><con:settings/><con:encoding>UTF-8</con:encoding><con:endpoint>https://192.168.24.64:8443/services/AccessManagerService_v1.0</con:endpoint><con:request><![CDATA[<soapenv:Envelope xmlns:soapenv="http://schemas.xmlsoap.org/soap/envelope/" xmlns:v1="http://fidus.brussels/service/accessmanagerservice/messages/v1" xmlns:v11="http://fidus.brussels/type/common/messages/v1" xmlns:v31="http://socialsecurity.be/umanentityrepresentative/types/v3">
   <soapenv:Header/>
   <soapenv:Body>
      <v1:getOrganisationParentNodesRequest>
         <v1:messageContext>
         	  <v11:messageId>${=import static java.util.UUID.randomUUID; uuid = randomUUID() as String}</v11:messageId>
            <v11:timestamp>${=new java.text.SimpleDateFormat("yyyy-MM-dd'T'HH:mm:ss.SSS").format(new Date())}</v11:timestamp>
         </v1:messageContext>
         <v1:legalContext>ServiceIntegrator</v1:legalContext>
         <v1:request>
            <v1:Domain>QUAL_FED_HEALTHCARE</v1:Domain>
            <v1:OrganisationId>
               <v31:Identifier>1990000431</v31:Identifier>
               <v31:IdentifierType>BEEHP</v31:IdentifierType>
            </v1:OrganisationId>
            <v1:Language>nl</v1:Language>
         </v1:request>
      </v1:getOrganisationParentNodesRequest>
   </soapenv:Body>
</soapenv:Envelope>]]></con:request><con:assertion type="SOAP Fault Assertion" id="9f8c611b-09fe-413e-b794-25ab2333287a" name="Not SOAP Fault"/><con:assertion type="SOAP Response" id="ba8093aa-0d68-4447-aa4b-c6d0d833f422" name="SOAP Response"/><con:assertion type="Schema Compliance" id="b3b638c0-4f05-4e25-8f16-b550aa21e88f" name="Schema Compliance"><con:configuration/></con:assertion><con:wsaConfig action="http://fidus.brussels/services/accessmanagerservice/getOrganisationParentNodes"/></con:request></con:config></con:testStep><con:testStep type="request" id="dc5aa3d0-32cd-4256-ba36-09ce31619403" name="testcase4 - Staging - Worker1New - Request"><con:settings/><con:config xsi:type="con:RequestStep" xmlns:xsi="http://www.w3.org/2001/XMLSchema-instance"><con:interface>AccessManagerServiceHTTPBinding</con:interface><con:operation>getOrganisationParentNodes</con:operation><con:request name="testcase4 - Staging - Worker1New - Request" id="bb236bd4-cda5-46da-8e13-862dc91cbb52" outgoingWss="Outflow STAG"><con:settings/><con:encoding>UTF-8</con:encoding><con:endpoint>https://192.168.24.57:8443/services/AccessManagerService_v1.0</con:endpoint><con:request><![CDATA[<soapenv:Envelope xmlns:soapenv="http://schemas.xmlsoap.org/soap/envelope/" xmlns:v1="http://fidus.brussels/service/accessmanagerservice/messages/v1" xmlns:v11="http://fidus.brussels/type/common/messages/v1" xmlns:v31="http://socialsecurity.be/umanentityrepresentative/types/v3">
   <soapenv:Header/>
   <soapenv:Body>
      <v1:getOrganisationParentNodesRequest>
         <v1:messageContext>
         	  <v11:messageId>${=import static java.util.UUID.randomUUID; uuid = randomUUID() as String}</v11:messageId>
            <v11:timestamp>${=new java.text.SimpleDateFormat("yyyy-MM-dd'T'HH:mm:ss.SSS").format(new Date())}</v11:timestamp>
         </v1:messageContext>
         <v1:legalContext>ServiceIntegrator</v1:legalContext>
         <v1:request>
            <v1:Domain>QUAL_FED_HEALTHCARE</v1:Domain>
            <v1:OrganisationId>
               <v31:Identifier>1990000431</v31:Identifier>
               <v31:IdentifierType>BEEHP</v31:IdentifierType>
            </v1:OrganisationId>
            <v1:Language>nl</v1:Language>
         </v1:request>
      </v1:getOrganisationParentNodesRequest>
   </soapenv:Body>
</soapenv:Envelope>]]></con:request><con:assertion type="SOAP Fault Assertion" id="de458491-83d9-4eb9-aa2e-89d689da2429" name="Not SOAP Fault"/><con:assertion type="SOAP Response" id="31def4c4-29c4-4147-8f4d-62908e2f407a" name="SOAP Response"/><con:assertion type="Schema Compliance" id="89010e82-c919-44bc-aa4c-27f839a1ac36" name="Schema Compliance"><con:configuration/></con:assertion><con:wsaConfig action="http://fidus.brussels/services/accessmanagerservice/getOrganisationParentNodes"/></con:request></con:config></con:testStep><con:testStep type="request" id="825f406c-7bf9-4ff6-bda2-18cdc99ef510" name="testcase4 - Staging - Worker2New - Request"><con:settings/><con:config xsi:type="con:RequestStep" xmlns:xsi="http://www.w3.org/2001/XMLSchema-instance"><con:interface>AccessManagerServiceHTTPBinding</con:interface><con:operation>getOrganisationParentNodes</con:operation><con:request name="testcase4 - Staging - Worker2New - Request" id="a4c6c2e5-a448-4348-b721-580b730f0d23" outgoingWss="Outflow STAG"><con:settings/><con:encoding>UTF-8</con:encoding><con:endpoint>https://192.168.24.64:8443/services/AccessManagerService_v1.0</con:endpoint><con:request><![CDATA[<soapenv:Envelope xmlns:soapenv="http://schemas.xmlsoap.org/soap/envelope/" xmlns:v1="http://fidus.brussels/service/accessmanagerservice/messages/v1" xmlns:v11="http://fidus.brussels/type/common/messages/v1" xmlns:v31="http://socialsecurity.be/umanentityrepresentative/types/v3">
   <soapenv:Header/>
   <soapenv:Body>
      <v1:getOrganisationParentNodesRequest>
         <v1:messageContext>
         	  <v11:messageId>${=import static java.util.UUID.randomUUID; uuid = randomUUID() as String}</v11:messageId>
            <v11:timestamp>${=new java.text.SimpleDateFormat("yyyy-MM-dd'T'HH:mm:ss.SSS").format(new Date())}</v11:timestamp>
         </v1:messageContext>
         <v1:legalContext>ServiceIntegrator</v1:legalContext>
         <v1:request>
            <v1:Domain>QUAL_FED_HEALTHCARE</v1:Domain>
            <v1:OrganisationId>
               <v31:Identifier>1990000431</v31:Identifier>
               <v31:IdentifierType>BEEHP</v31:IdentifierType>
            </v1:OrganisationId>
            <v1:Language>nl</v1:Language>
         </v1:request>
      </v1:getOrganisationParentNodesRequest>
   </soapenv:Body>
</soapenv:Envelope>]]></con:request><con:assertion type="SOAP Fault Assertion" id="72ee6faf-fddc-4e6f-b8d5-3040b0b1a22f" name="Not SOAP Fault"/><con:assertion type="SOAP Response" id="f5b05b4d-2826-47c8-99ee-45dd7e0d5511" name="SOAP Response"/><con:assertion type="Schema Compliance" id="4f4ab2b4-963a-45f2-9887-d3faf0568ddb" name="Schema Compliance"><con:configuration/></con:assertion><con:wsaConfig action="http://fidus.brussels/services/accessmanagerservice/getOrganisationParentNodes"/></con:request></con:config></con:testStep><con:properties/></con:testCase><con:properties/></con:testSuite><con:testSuite id="b995166f-e948-48c9-b309-9c781209f8f8" name="PROD"><con:settings/><con:runType>SEQUENTIAL</con:runType><con:testCase id="7493c6ac-4970-4495-a389-be484af20200" failOnError="true" failTestCaseOnErrors="true" keepSession="false" maxResults="0" name="findRepresentativeRolesByINSS" searchProperties="true"><con:settings/><con:testStep type="request" id="7b6424c0-c795-4121-a383-593aaeb27885" name="testcase5 - Prod - External - Request"><con:settings/><con:config xsi:type="con:RequestStep" xmlns:xsi="http://www.w3.org/2001/XMLSchema-instance"><con:interface>AccessManagerServiceHTTPBinding</con:interface><con:operation>findRepresentativeRolesByINSS</con:operation><con:request name="testcase5 - Prod - External - Request" id="efdee9fc-4438-49e6-84d6-bf97890a4ad9" outgoingWss="Outflow PROD"><con:settings/><con:encoding>UTF-8</con:encoding><con:endpoint>https://fidus.sec.brussels/services/AccessManagerService_v1.0</con:endpoint><con:request><![CDATA[<soapenv:Envelope xmlns:soapenv="http://schemas.xmlsoap.org/soap/envelope/" xmlns:v1="http://fidus.brussels/service/accessmanagerservice/messages/v1" xmlns:v11="http://fidus.brussels/type/common/messages/v1" xmlns:v3="http://socialsecurity.be/umanentityrepresentative/types/v3">
   <soapenv:Header/>
   <soapenv:Body>
      <v1:findRepresentativeRolesByINSSRequest>
         <v1:messageContext>
         	  <v11:messageId>${=import static java.util.UUID.randomUUID; uuid = randomUUID() as String}</v11:messageId>
            <v11:timestamp>${=new java.text.SimpleDateFormat("yyyy-MM-dd'T'HH:mm:ss.SSS").format(new Date())}</v11:timestamp>
         </v1:messageContext>
         <v1:legalContext>ServiceIntegrator</v1:legalContext>
         <v1:request>
            <v1:Domain>QUAL_FED_HEALTHCARE</v1:Domain>
            <v1:INSS>86051933959</v1:INSS>
            <v1:Language>nl</v1:Language>
         </v1:request>
      </v1:findRepresentativeRolesByINSSRequest>
   </soapenv:Body>
</soapenv:Envelope>]]></con:request><con:assertion type="SOAP Fault Assertion" id="b8e0bfca-1e9c-43a9-a869-f31900aa4057" name="Not SOAP Fault"/><con:assertion type="SOAP Response" id="21db1562-69f5-46b8-ad4a-1214f739f0ff" name="SOAP Response"/><con:assertion type="Schema Compliance" id="978d2f7f-321b-411e-b963-4cd9300b7fb8" name="Schema Compliance"><con:configuration/></con:assertion><con:wsaConfig action="http://fidus.brussels/services/accessmanagerservice/findRepresentativeRolesByINSS"/></con:request></con:config></con:testStep><con:testStep type="request" id="f990af57-0a00-4d1d-9cb0-b6154f73bf9f" name="testcase5 - Prod - LB - Request"><con:settings/><con:config xsi:type="con:RequestStep" xmlns:xsi="http://www.w3.org/2001/XMLSchema-instance"><con:interface>AccessManagerServiceHTTPBinding</con:interface><con:operation>findRepresentativeRolesByINSS</con:operation><con:request name="testcase5 - Prod - LB - Request" id="21f9b585-ba72-4275-9a27-7d8afacd784d" outgoingWss="Outflow PROD"><con:settings/><con:encoding>UTF-8</con:encoding><con:endpoint>https://fidus-esb-sg.prd.srv.cirb.lan:8443/services/AccessManagerService_v1.0</con:endpoint><con:request><![CDATA[<soapenv:Envelope xmlns:soapenv="http://schemas.xmlsoap.org/soap/envelope/" xmlns:v1="http://fidus.brussels/service/accessmanagerservice/messages/v1" xmlns:v11="http://fidus.brussels/type/common/messages/v1" xmlns:v3="http://socialsecurity.be/umanentityrepresentative/types/v3">
   <soapenv:Header/>
   <soapenv:Body>
      <v1:findRepresentativeRolesByINSSRequest>
         <v1:messageContext>
         	  <v11:messageId>${=import static java.util.UUID.randomUUID; uuid = randomUUID() as String}</v11:messageId>
            <v11:timestamp>${=new java.text.SimpleDateFormat("yyyy-MM-dd'T'HH:mm:ss.SSS").format(new Date())}</v11:timestamp>
         </v1:messageContext>
         <v1:legalContext>ServiceIntegrator</v1:legalContext>
         <v1:request>
            <v1:Domain>QUAL_FED_HEALTHCARE</v1:Domain>
            <v1:INSS>86051933959</v1:INSS>
            <v1:Language>nl</v1:Language>
         </v1:request>
      </v1:findRepresentativeRolesByINSSRequest>
   </soapenv:Body>
</soapenv:Envelope>]]></con:request><con:assertion type="SOAP Fault Assertion" id="0dd4c2f4-1498-47d2-98f6-0cb80f0d63b6" name="Not SOAP Fault"/><con:assertion type="SOAP Response" id="a486f0c0-7937-4c14-a9dc-09e3b7e6f224" name="SOAP Response"/><con:assertion type="Schema Compliance" id="c59108c4-318c-4da5-b9b5-f5311e927b84" name="Schema Compliance"><con:configuration/></con:assertion><con:wsaConfig action="http://fidus.brussels/services/accessmanagerservice/findRepresentativeRolesByINSS"/></con:request></con:config></con:testStep><con:testStep type="request" id="9aca4636-f9f5-4808-b3a5-e7a362576a3f" name="testcase5 - Prod - Worker1 - Request"><con:settings/><con:config xsi:type="con:RequestStep" xmlns:xsi="http://www.w3.org/2001/XMLSchema-instance"><con:interface>AccessManagerServiceHTTPBinding</con:interface><con:operation>findRepresentativeRolesByINSS</con:operation><con:request name="testcase5 - Prod - Worker1 - Request" id="e5645749-4d9f-4d17-8903-a6267b94c3e1" outgoingWss="Outflow PROD"><con:settings/><con:encoding>UTF-8</con:encoding><con:endpoint>https://192.168.26.22:8443/services/AccessManagerService_v1.0</con:endpoint><con:request><![CDATA[<soapenv:Envelope xmlns:soapenv="http://schemas.xmlsoap.org/soap/envelope/" xmlns:v1="http://fidus.brussels/service/accessmanagerservice/messages/v1" xmlns:v11="http://fidus.brussels/type/common/messages/v1" xmlns:v3="http://socialsecurity.be/umanentityrepresentative/types/v3">
   <soapenv:Header/>
   <soapenv:Body>
      <v1:findRepresentativeRolesByINSSRequest>
         <v1:messageContext>
         	  <v11:messageId>${=import static java.util.UUID.randomUUID; uuid = randomUUID() as String}</v11:messageId>
            <v11:timestamp>${=new java.text.SimpleDateFormat("yyyy-MM-dd'T'HH:mm:ss.SSS").format(new Date())}</v11:timestamp>
         </v1:messageContext>
         <v1:legalContext>ServiceIntegrator</v1:legalContext>
         <v1:request>
            <v1:Domain>QUAL_FED_HEALTHCARE</v1:Domain>
            <v1:INSS>86051933959</v1:INSS>
            <v1:Language>nl</v1:Language>
         </v1:request>
      </v1:findRepresentativeRolesByINSSRequest>
   </soapenv:Body>
</soapenv:Envelope>]]></con:request><con:assertion type="SOAP Fault Assertion" id="dcb9cd8d-ec30-49ef-a883-301a85a4b0ad" name="Not SOAP Fault"/><con:assertion type="SOAP Response" id="a7cc1e8b-6f63-4a90-9e65-fe701b3b8b01" name="SOAP Response"/><con:assertion type="Schema Compliance" id="6bcf3d7b-3d6d-48f9-ac9f-e3b50e53b1df" name="Schema Compliance"><con:configuration/></con:assertion><con:wsaConfig action="http://fidus.brussels/services/accessmanagerservice/findRepresentativeRolesByINSS"/></con:request></con:config></con:testStep><con:testStep type="request" id="363afe2b-da12-48a6-9b56-8dd4f056a9c4" name="testcase5 - Prod - Worker2 - Request"><con:settings/><con:config xsi:type="con:RequestStep" xmlns:xsi="http://www.w3.org/2001/XMLSchema-instance"><con:interface>AccessManagerServiceHTTPBinding</con:interface><con:operation>findRepresentativeRolesByINSS</con:operation><con:request name="testcase5 - Prod - Worker2 - Request" id="f3770910-b40f-4443-aa4a-a3199e995dee" outgoingWss="Outflow PROD"><con:settings/><con:encoding>UTF-8</con:encoding><con:endpoint>https://192.168.26.19:8443/services/AccessManagerService_v1.0</con:endpoint><con:request><![CDATA[<soapenv:Envelope xmlns:soapenv="http://schemas.xmlsoap.org/soap/envelope/" xmlns:v1="http://fidus.brussels/service/accessmanagerservice/messages/v1" xmlns:v11="http://fidus.brussels/type/common/messages/v1" xmlns:v3="http://socialsecurity.be/umanentityrepresentative/types/v3">
   <soapenv:Header/>
   <soapenv:Body>
      <v1:findRepresentativeRolesByINSSRequest>
         <v1:messageContext>
         	  <v11:messageId>${=import static java.util.UUID.randomUUID; uuid = randomUUID() as String}</v11:messageId>
            <v11:timestamp>${=new java.text.SimpleDateFormat("yyyy-MM-dd'T'HH:mm:ss.SSS").format(new Date())}</v11:timestamp>
         </v1:messageContext>
         <v1:legalContext>ServiceIntegrator</v1:legalContext>
         <v1:request>
            <v1:Domain>QUAL_FED_HEALTHCARE</v1:Domain>
            <v1:INSS>86051933959</v1:INSS>
            <v1:Language>nl</v1:Language>
         </v1:request>
      </v1:findRepresentativeRolesByINSSRequest>
   </soapenv:Body>
</soapenv:Envelope>]]></con:request><con:assertion type="SOAP Fault Assertion" id="4a172341-d039-499a-80db-b63069356743" name="Not SOAP Fault"/><con:assertion type="SOAP Response" id="b7ac4387-593e-41d1-9fe5-3289ee52285f" name="SOAP Response"/><con:assertion type="Schema Compliance" id="d1cfdf5c-f76c-47e2-8bbc-36bee64b27c8" name="Schema Compliance"><con:configuration/></con:assertion><con:wsaConfig action="http://fidus.brussels/services/accessmanagerservice/findRepresentativeRolesByINSS"/></con:request></con:config></con:testStep><con:properties/></con:testCase><con:testCase id="09240706-bdfc-4d51-9ac5-da5b4cfe4b50" failOnError="true" failTestCaseOnErrors="true" keepSession="false" maxResults="0" name="getDomain" searchProperties="true"><con:settings/><con:testStep type="request" id="21f6a506-353f-41fa-af52-e4a5d090bfe3" name="testcase5 - Prod - External - Request"><con:settings/><con:config xsi:type="con:RequestStep" xmlns:xsi="http://www.w3.org/2001/XMLSchema-instance"><con:interface>AccessManagerServiceHTTPBinding</con:interface><con:operation>getDomain</con:operation><con:request name="testcase5 - Prod - External - Request" id="37fe22fe-1976-4fda-8faa-be1a51013405" outgoingWss="Outflow PROD"><con:settings/><con:encoding>UTF-8</con:encoding><con:endpoint>https://fidus.sec.brussels/services/AccessManagerService_v1.0</con:endpoint><con:request><![CDATA[<soapenv:Envelope xmlns:soapenv="http://schemas.xmlsoap.org/soap/envelope/" xmlns:v1="http://fidus.brussels/service/accessmanagerservice/messages/v1" xmlns:v11="http://fidus.brussels/type/common/messages/v1" >
   <soapenv:Header/>
   <soapenv:Body>
      <v1:getDomainRequest>
         <v1:messageContext>
         	  <v11:messageId>${=import static java.util.UUID.randomUUID; uuid = randomUUID() as String}</v11:messageId>
            <v11:timestamp>${=new java.text.SimpleDateFormat("yyyy-MM-dd'T'HH:mm:ss.SSS").format(new Date())}</v11:timestamp>
         </v1:messageContext>
         <v1:legalContext>ServiceIntegrator</v1:legalContext>
         <v1:request>
         	  <v1:Domain>FINANCE</v1:Domain>
            <v1:Language>fr</v1:Language>
         </v1:request>
      </v1:getDomainRequest>
   </soapenv:Body>
</soapenv:Envelope>]]></con:request><con:assertion type="SOAP Fault Assertion" id="8188b2ff-9080-4453-b040-351682619c46" name="Not SOAP Fault"/><con:assertion type="SOAP Response" id="9e4f886f-94a7-4963-b45f-6387b3045cf3" name="SOAP Response"/><con:assertion type="Schema Compliance" id="0927374d-0c50-4fe8-aefa-d216e5968433" name="Schema Compliance"><con:configuration/></con:assertion><con:wsaConfig action="http://fidus.brussels/services/accessmanagerservice/getDomain"/></con:request></con:config></con:testStep><con:testStep type="request" id="ae422d08-7c95-4cd0-8c12-87538a98f76f" name="testcase5 - Prod - LB - Request"><con:settings/><con:config xsi:type="con:RequestStep" xmlns:xsi="http://www.w3.org/2001/XMLSchema-instance"><con:interface>AccessManagerServiceHTTPBinding</con:interface><con:operation>getDomain</con:operation><con:request name="testcase5 - Prod - LB - Request" id="e832fd9d-a813-4b24-af07-09274bfc3b66" outgoingWss="Outflow PROD"><con:settings/><con:encoding>UTF-8</con:encoding><con:endpoint>https://fidus-esb-sg.prd.srv.cirb.lan:8443/services/AccessManagerService_v1.0</con:endpoint><con:request><![CDATA[<soapenv:Envelope xmlns:soapenv="http://schemas.xmlsoap.org/soap/envelope/" xmlns:v1="http://fidus.brussels/service/accessmanagerservice/messages/v1" xmlns:v11="http://fidus.brussels/type/common/messages/v1" >
   <soapenv:Header/>
   <soapenv:Body>
      <v1:getDomainRequest>
         <v1:messageContext>
         	  <v11:messageId>${=import static java.util.UUID.randomUUID; uuid = randomUUID() as String}</v11:messageId>
            <v11:timestamp>${=new java.text.SimpleDateFormat("yyyy-MM-dd'T'HH:mm:ss.SSS").format(new Date())}</v11:timestamp>
         </v1:messageContext>
         <v1:legalContext>ServiceIntegrator</v1:legalContext>
         <v1:request>
         	  <v1:Domain>FINANCE</v1:Domain>
            <v1:Language>fr</v1:Language>
         </v1:request>
      </v1:getDomainRequest>
   </soapenv:Body>
</soapenv:Envelope>]]></con:request><con:assertion type="SOAP Fault Assertion" id="faac81fc-04ae-4fd7-b069-fd2a5798270c" name="Not SOAP Fault"/><con:assertion type="SOAP Response" id="16eb943d-27f9-4122-820f-3d19a5580acc" name="SOAP Response"/><con:assertion type="Schema Compliance" id="0815908c-3cd2-42ce-9229-87afea22734a" name="Schema Compliance"><con:configuration/></con:assertion><con:wsaConfig action="http://fidus.brussels/services/accessmanagerservice/getDomain"/></con:request></con:config></con:testStep><con:testStep type="request" id="7d3dc9ac-e18e-4c2e-8f7d-16ee2d2d8624" name="testcase5 - Prod - Worker1 - Request"><con:settings/><con:config xsi:type="con:RequestStep" xmlns:xsi="http://www.w3.org/2001/XMLSchema-instance"><con:interface>AccessManagerServiceHTTPBinding</con:interface><con:operation>getDomain</con:operation><con:request name="testcase5 - Prod - Worker1 - Request" id="a7e696a4-df02-4d2b-8162-85acf41022f7" outgoingWss="Outflow PROD"><con:settings/><con:encoding>UTF-8</con:encoding><con:endpoint>https://192.168.26.22:8443/services/AccessManagerService_v1.0</con:endpoint><con:request><![CDATA[<soapenv:Envelope xmlns:soapenv="http://schemas.xmlsoap.org/soap/envelope/" xmlns:v1="http://fidus.brussels/service/accessmanagerservice/messages/v1" xmlns:v11="http://fidus.brussels/type/common/messages/v1" >
   <soapenv:Header/>
   <soapenv:Body>
      <v1:getDomainRequest>
         <v1:messageContext>
         	  <v11:messageId>${=import static java.util.UUID.randomUUID; uuid = randomUUID() as String}</v11:messageId>
            <v11:timestamp>${=new java.text.SimpleDateFormat("yyyy-MM-dd'T'HH:mm:ss.SSS").format(new Date())}</v11:timestamp>
         </v1:messageContext>
         <v1:legalContext>ServiceIntegrator</v1:legalContext>
         <v1:request>
         	  <v1:Domain>FINANCE</v1:Domain>
            <v1:Language>fr</v1:Language>
         </v1:request>
      </v1:getDomainRequest>
   </soapenv:Body>
</soapenv:Envelope>]]></con:request><con:assertion type="SOAP Fault Assertion" id="7da82454-ee04-498c-9b1d-d47c9614925d" name="Not SOAP Fault"/><con:assertion type="SOAP Response" id="f29f1341-a0b3-48e4-8c40-7a19abbe14ad" name="SOAP Response"/><con:assertion type="Schema Compliance" id="030a1b48-4400-41c0-82d3-5e6a60f81848" name="Schema Compliance"><con:configuration/></con:assertion><con:wsaConfig action="http://fidus.brussels/services/accessmanagerservice/getDomain"/></con:request></con:config></con:testStep><con:testStep type="request" id="5f222de1-9302-4af8-b61a-715eb709446f" name="testcase5 - Prod - Worker2 - Request"><con:settings/><con:config xsi:type="con:RequestStep" xmlns:xsi="http://www.w3.org/2001/XMLSchema-instance"><con:interface>AccessManagerServiceHTTPBinding</con:interface><con:operation>getDomain</con:operation><con:request name="testcase5 - Prod - Worker2 - Request" id="f31b4f5f-1ce6-4ca3-b8a6-72cb974df31a" outgoingWss="Outflow PROD"><con:settings/><con:encoding>UTF-8</con:encoding><con:endpoint>https://192.168.26.19:8443/services/AccessManagerService_v1.0</con:endpoint><con:request><![CDATA[<soapenv:Envelope xmlns:soapenv="http://schemas.xmlsoap.org/soap/envelope/" xmlns:v1="http://fidus.brussels/service/accessmanagerservice/messages/v1" xmlns:v11="http://fidus.brussels/type/common/messages/v1" >
   <soapenv:Header/>
   <soapenv:Body>
      <v1:getDomainRequest>
         <v1:messageContext>
         	  <v11:messageId>${=import static java.util.UUID.randomUUID; uuid = randomUUID() as String}</v11:messageId>
            <v11:timestamp>${=new java.text.SimpleDateFormat("yyyy-MM-dd'T'HH:mm:ss.SSS").format(new Date())}</v11:timestamp>
         </v1:messageContext>
         <v1:legalContext>ServiceIntegrator</v1:legalContext>
         <v1:request>
         	  <v1:Domain>FINANCE</v1:Domain>
            <v1:Language>fr</v1:Language>
         </v1:request>
      </v1:getDomainRequest>
   </soapenv:Body>
</soapenv:Envelope>]]></con:request><con:assertion type="SOAP Fault Assertion" id="038bea18-8ceb-44d4-86be-498184805c4a" name="Not SOAP Fault"/><con:assertion type="SOAP Response" id="bb92c721-d956-4995-a9ba-a014c3ce2ad3" name="SOAP Response"/><con:assertion type="Schema Compliance" id="18982a29-6af4-48c1-8f0c-b9e6b3bf0264" name="Schema Compliance"><con:configuration/></con:assertion><con:wsaConfig action="http://fidus.brussels/services/accessmanagerservice/getDomain"/></con:request></con:config></con:testStep><con:properties/></con:testCase><con:testCase id="affa53b1-1068-4490-a6c8-b3d9cec98f60" failOnError="true" failTestCaseOnErrors="true" keepSession="false" maxResults="0" name="getEntityRepresentatives" searchProperties="true"><con:settings/><con:testStep type="request" id="e675f8cc-e38b-479a-a188-e1aaef737c52" name="testcase5 - Prod - External - Request"><con:settings/><con:config xsi:type="con:RequestStep" xmlns:xsi="http://www.w3.org/2001/XMLSchema-instance"><con:interface>AccessManagerServiceHTTPBinding</con:interface><con:operation>getEntityRepresentatives</con:operation><con:request name="testcase5 - Prod - External - Request" id="2a89a312-e70b-42d4-9256-231f3029f64a" outgoingWss="Outflow PROD"><con:settings/><con:encoding>UTF-8</con:encoding><con:endpoint>https://fidus.sec.brussels/services/AccessManagerService_v1.0</con:endpoint><con:request><![CDATA[<soapenv:Envelope xmlns:soapenv="http://schemas.xmlsoap.org/soap/envelope/" xmlns:v1="http://fidus.brussels/service/accessmanagerservice/messages/v1" xmlns:v11="http://fidus.brussels/type/common/messages/v1" xmlns:v31="http://socialsecurity.be/umanentityrepresentative/types/v3" >
   <soapenv:Header/>
   <soapenv:Body>
      <v1:getEntityRepresentativesRequest>
         <v1:messageContext>
         	  <v11:messageId>${=import static java.util.UUID.randomUUID; uuid = randomUUID() as String}</v11:messageId>
            <v11:timestamp>${=new java.text.SimpleDateFormat("yyyy-MM-dd'T'HH:mm:ss.SSS").format(new Date())}</v11:timestamp>
         </v1:messageContext>
         <v1:legalContext>ServiceIntegrator</v1:legalContext>
         <v1:request>
            <v1:Domain>QUAL_FED_HEALTHCARE</v1:Domain>
            <v1:OrganisationId>
               <v31:Identifier>1990000431</v31:Identifier>
               <v31:IdentifierType>BEEHP</v31:IdentifierType>
            </v1:OrganisationId>
            <v1:Language>nl</v1:Language>
         </v1:request>
      </v1:getEntityRepresentativesRequest>
   </soapenv:Body>
</soapenv:Envelope>]]></con:request><con:assertion type="SOAP Fault Assertion" id="df5a6de0-95f6-41ff-a2b4-9c96bdb5ef86" name="Not SOAP Fault"/><con:assertion type="SOAP Response" id="9370e64f-f76d-46e0-b5aa-2114bf7b1d33" name="SOAP Response"/><con:assertion type="Schema Compliance" id="20bc2453-c482-4236-ace1-5dd1b801e539" name="Schema Compliance"><con:configuration/></con:assertion><con:wsaConfig action="http://fidus.brussels/services/accessmanagerservice/getEntityRepresentatives"/></con:request></con:config></con:testStep><con:testStep type="request" id="639b4bc6-266b-4494-9433-861fa1b4f427" name="testcase5 - Prod - LB - Request"><con:settings/><con:config xsi:type="con:RequestStep" xmlns:xsi="http://www.w3.org/2001/XMLSchema-instance"><con:interface>AccessManagerServiceHTTPBinding</con:interface><con:operation>getEntityRepresentatives</con:operation><con:request name="testcase5 - Prod - LB - Request" id="da163ba5-bc08-4444-a442-97d6a3487d78" outgoingWss="Outflow PROD"><con:settings/><con:encoding>UTF-8</con:encoding><con:endpoint>https://fidus-esb-sg.prd.srv.cirb.lan:8443/services/AccessManagerService_v1.0</con:endpoint><con:request><![CDATA[<soapenv:Envelope xmlns:soapenv="http://schemas.xmlsoap.org/soap/envelope/" xmlns:v1="http://fidus.brussels/service/accessmanagerservice/messages/v1" xmlns:v11="http://fidus.brussels/type/common/messages/v1" xmlns:v31="http://socialsecurity.be/umanentityrepresentative/types/v3" >
   <soapenv:Header/>
   <soapenv:Body>
      <v1:getEntityRepresentativesRequest>
         <v1:messageContext>
         	  <v11:messageId>${=import static java.util.UUID.randomUUID; uuid = randomUUID() as String}</v11:messageId>
            <v11:timestamp>${=new java.text.SimpleDateFormat("yyyy-MM-dd'T'HH:mm:ss.SSS").format(new Date())}</v11:timestamp>
         </v1:messageContext>
         <v1:legalContext>ServiceIntegrator</v1:legalContext>
         <v1:request>
            <v1:Domain>QUAL_FED_HEALTHCARE</v1:Domain>
            <v1:OrganisationId>
               <v31:Identifier>1990000431</v31:Identifier>
               <v31:IdentifierType>BEEHP</v31:IdentifierType>
            </v1:OrganisationId>
            <v1:Language>nl</v1:Language>
         </v1:request>
      </v1:getEntityRepresentativesRequest>
   </soapenv:Body>
</soapenv:Envelope>]]></con:request><con:assertion type="SOAP Fault Assertion" id="fd26f393-9116-41a1-aebe-57e5005c6897" name="Not SOAP Fault"/><con:assertion type="SOAP Response" id="1d6634d2-70dd-4812-8eb4-8538eb59c58d" name="SOAP Response"/><con:assertion type="Schema Compliance" id="dd26ffdc-652e-4702-8902-9c56dbfb59db" name="Schema Compliance"><con:configuration/></con:assertion><con:wsaConfig action="http://fidus.brussels/services/accessmanagerservice/getEntityRepresentatives"/></con:request></con:config></con:testStep><con:testStep type="request" id="bb500aca-d528-4e87-85a5-f68e87063792" name="testcase5 - Prod - Worker1 - Request"><con:settings/><con:config xsi:type="con:RequestStep" xmlns:xsi="http://www.w3.org/2001/XMLSchema-instance"><con:interface>AccessManagerServiceHTTPBinding</con:interface><con:operation>getEntityRepresentatives</con:operation><con:request name="testcase5 - Prod - Worker1 - Request" id="46fec18c-d07c-488f-b8d0-aea6844e2019" outgoingWss="Outflow PROD"><con:settings/><con:encoding>UTF-8</con:encoding><con:endpoint>https://192.168.26.22:8443/services/AccessManagerService_v1.0</con:endpoint><con:request><![CDATA[<soapenv:Envelope xmlns:soapenv="http://schemas.xmlsoap.org/soap/envelope/" xmlns:v1="http://fidus.brussels/service/accessmanagerservice/messages/v1" xmlns:v11="http://fidus.brussels/type/common/messages/v1" xmlns:v31="http://socialsecurity.be/umanentityrepresentative/types/v3" >
   <soapenv:Header/>
   <soapenv:Body>
      <v1:getEntityRepresentativesRequest>
         <v1:messageContext>
         	  <v11:messageId>${=import static java.util.UUID.randomUUID; uuid = randomUUID() as String}</v11:messageId>
            <v11:timestamp>${=new java.text.SimpleDateFormat("yyyy-MM-dd'T'HH:mm:ss.SSS").format(new Date())}</v11:timestamp>
         </v1:messageContext>
         <v1:legalContext>ServiceIntegrator</v1:legalContext>
         <v1:request>
            <v1:Domain>QUAL_FED_HEALTHCARE</v1:Domain>
            <v1:OrganisationId>
               <v31:Identifier>1990000431</v31:Identifier>
               <v31:IdentifierType>BEEHP</v31:IdentifierType>
            </v1:OrganisationId>
            <v1:Language>nl</v1:Language>
         </v1:request>
      </v1:getEntityRepresentativesRequest>
   </soapenv:Body>
</soapenv:Envelope>]]></con:request><con:assertion type="SOAP Fault Assertion" id="105af6cb-cda4-426b-9e9c-114544566b8b" name="Not SOAP Fault"/><con:assertion type="SOAP Response" id="8700b60e-9bfc-46a9-b1ba-51559454d252" name="SOAP Response"/><con:assertion type="Schema Compliance" id="1e93c325-a8fe-4789-ae6d-ab817c16e4d5" name="Schema Compliance"><con:configuration/></con:assertion><con:wsaConfig action="http://fidus.brussels/services/accessmanagerservice/getEntityRepresentatives"/></con:request></con:config></con:testStep><con:testStep type="request" id="5f061e92-d610-44de-9e48-b8b051f4e57b" name="testcase5 - Prod - Worker2 - Request"><con:settings/><con:config xsi:type="con:RequestStep" xmlns:xsi="http://www.w3.org/2001/XMLSchema-instance"><con:interface>AccessManagerServiceHTTPBinding</con:interface><con:operation>getEntityRepresentatives</con:operation><con:request name="testcase5 - Prod - Worker2 - Request" id="1a3a0832-24d1-4fed-bc31-a058151015dd" outgoingWss="Outflow PROD"><con:settings/><con:encoding>UTF-8</con:encoding><con:endpoint>https://192.168.26.19:8443/services/AccessManagerService_v1.0</con:endpoint><con:request><![CDATA[<soapenv:Envelope xmlns:soapenv="http://schemas.xmlsoap.org/soap/envelope/" xmlns:v1="http://fidus.brussels/service/accessmanagerservice/messages/v1" xmlns:v11="http://fidus.brussels/type/common/messages/v1" xmlns:v31="http://socialsecurity.be/umanentityrepresentative/types/v3" >
   <soapenv:Header/>
   <soapenv:Body>
      <v1:getEntityRepresentativesRequest>
         <v1:messageContext>
         	  <v11:messageId>${=import static java.util.UUID.randomUUID; uuid = randomUUID() as String}</v11:messageId>
            <v11:timestamp>${=new java.text.SimpleDateFormat("yyyy-MM-dd'T'HH:mm:ss.SSS").format(new Date())}</v11:timestamp>
         </v1:messageContext>
         <v1:legalContext>ServiceIntegrator</v1:legalContext>
         <v1:request>
            <v1:Domain>QUAL_FED_HEALTHCARE</v1:Domain>
            <v1:OrganisationId>
               <v31:Identifier>1990000431</v31:Identifier>
               <v31:IdentifierType>BEEHP</v31:IdentifierType>
            </v1:OrganisationId>
            <v1:Language>nl</v1:Language>
         </v1:request>
      </v1:getEntityRepresentativesRequest>
   </soapenv:Body>
</soapenv:Envelope>]]></con:request><con:assertion type="SOAP Fault Assertion" id="73cb043a-e46b-48b2-9345-6efdc552b4be" name="Not SOAP Fault"/><con:assertion type="SOAP Response" id="28c4627a-b37d-4b30-a76d-f04c0af923e4" name="SOAP Response"/><con:assertion type="Schema Compliance" id="1c8f5107-9f84-49a7-bdab-fe9ff63ea171" name="Schema Compliance"><con:configuration/></con:assertion><con:wsaConfig action="http://fidus.brussels/services/accessmanagerservice/getEntityRepresentatives"/></con:request></con:config></con:testStep><con:properties/></con:testCase><con:testCase id="8fa52ec2-29c6-4a9d-9c18-158528e81aa3" failOnError="true" failTestCaseOnErrors="true" keepSession="false" maxResults="0" name="getOrganisationChildNodes" searchProperties="true"><con:settings/><con:testStep type="request" id="78190bf6-702e-4730-878e-162d2a96132a" name="testcase5 - Prod - External - Request"><con:settings/><con:config xsi:type="con:RequestStep" xmlns:xsi="http://www.w3.org/2001/XMLSchema-instance"><con:interface>AccessManagerServiceHTTPBinding</con:interface><con:operation>getOrganisationChildNodes</con:operation><con:request name="testcase5 - Prod - External - Request" id="d1cba95f-bcfb-4188-a365-528afe5a68c6" outgoingWss="Outflow PROD"><con:settings/><con:encoding>UTF-8</con:encoding><con:endpoint>https://fidus.sec.brussels/services/AccessManagerService_v1.0</con:endpoint><con:request><![CDATA[<soapenv:Envelope xmlns:soapenv="http://schemas.xmlsoap.org/soap/envelope/" xmlns:v1="http://fidus.brussels/service/accessmanagerservice/messages/v1" xmlns:v11="http://fidus.brussels/type/common/messages/v1" xmlns:v31="http://socialsecurity.be/umanentityrepresentative/types/v3">
   <soapenv:Header/>
   <soapenv:Body>
      <v1:getOrganisationChildNodesRequest>
         <v1:messageContext>
         	  <v11:messageId>${=import static java.util.UUID.randomUUID; uuid = randomUUID() as String}</v11:messageId>
            <v11:timestamp>${=new java.text.SimpleDateFormat("yyyy-MM-dd'T'HH:mm:ss.SSS").format(new Date())}</v11:timestamp>
         </v1:messageContext>
         <v1:legalContext>ServiceIntegrator</v1:legalContext>
         <v1:request>
            <v1:Domain>QUAL_FED_HEALTHCARE</v1:Domain>
            <v1:OrganisationId>
               <v31:Identifier>1990000431</v31:Identifier>
               <v31:IdentifierType>BEEHP</v31:IdentifierType>
            </v1:OrganisationId>
            <v1:Language>nl</v1:Language>
         </v1:request>
      </v1:getOrganisationChildNodesRequest>
   </soapenv:Body>
</soapenv:Envelope>]]></con:request><con:assertion type="SOAP Fault Assertion" id="5247d792-2c04-46cf-aeea-4b2786860cdc" name="Not SOAP Fault"/><con:assertion type="SOAP Response" id="575359d4-cc15-4c69-b514-38380baf6863" name="SOAP Response"/><con:assertion type="Schema Compliance" id="548e666a-3a32-4954-9900-707949c33321" name="Schema Compliance"><con:configuration/></con:assertion><con:wsaConfig action="http://fidus.brussels/services/accessmanagerservice/getOrganisationChildNodes"/></con:request></con:config></con:testStep><con:testStep type="request" id="03927f34-d438-439c-910f-f0981924ace0" name="testcase5 - Prod - LB - Request"><con:settings/><con:config xsi:type="con:RequestStep" xmlns:xsi="http://www.w3.org/2001/XMLSchema-instance"><con:interface>AccessManagerServiceHTTPBinding</con:interface><con:operation>getOrganisationChildNodes</con:operation><con:request name="testcase5 - Prod - LB - Request" id="ff284051-c5a6-4ddb-83c2-bc045fc6265f" outgoingWss="Outflow PROD"><con:settings/><con:encoding>UTF-8</con:encoding><con:endpoint>https://fidus-esb-sg.prd.srv.cirb.lan:8443/services/AccessManagerService_v1.0</con:endpoint><con:request><![CDATA[<soapenv:Envelope xmlns:soapenv="http://schemas.xmlsoap.org/soap/envelope/" xmlns:v1="http://fidus.brussels/service/accessmanagerservice/messages/v1" xmlns:v11="http://fidus.brussels/type/common/messages/v1" xmlns:v31="http://socialsecurity.be/umanentityrepresentative/types/v3">
   <soapenv:Header/>
   <soapenv:Body>
      <v1:getOrganisationChildNodesRequest>
         <v1:messageContext>
         	  <v11:messageId>${=import static java.util.UUID.randomUUID; uuid = randomUUID() as String}</v11:messageId>
            <v11:timestamp>${=new java.text.SimpleDateFormat("yyyy-MM-dd'T'HH:mm:ss.SSS").format(new Date())}</v11:timestamp>
         </v1:messageContext>
         <v1:legalContext>ServiceIntegrator</v1:legalContext>
         <v1:request>
            <v1:Domain>QUAL_FED_HEALTHCARE</v1:Domain>
            <v1:OrganisationId>
               <v31:Identifier>1990000431</v31:Identifier>
               <v31:IdentifierType>BEEHP</v31:IdentifierType>
            </v1:OrganisationId>
            <v1:Language>nl</v1:Language>
         </v1:request>
      </v1:getOrganisationChildNodesRequest>
   </soapenv:Body>
</soapenv:Envelope>]]></con:request><con:assertion type="SOAP Fault Assertion" id="8a0a707a-b4c6-4532-b6cf-1f4a96f9219f" name="Not SOAP Fault"/><con:assertion type="SOAP Response" id="328cc80c-4076-401c-9f4e-d1461e1d5dd6" name="SOAP Response"/><con:assertion type="Schema Compliance" id="79fc649c-3baf-4573-85ca-fd2c98f14368" name="Schema Compliance"><con:configuration/></con:assertion><con:wsaConfig action="http://fidus.brussels/services/accessmanagerservice/getOrganisationChildNodes"/></con:request></con:config></con:testStep><con:testStep type="request" id="fcdbcab1-8591-4af9-8425-f90848e12bf3" name="testcase5 - Prod - Worker1 - Request"><con:settings/><con:config xsi:type="con:RequestStep" xmlns:xsi="http://www.w3.org/2001/XMLSchema-instance"><con:interface>AccessManagerServiceHTTPBinding</con:interface><con:operation>getOrganisationChildNodes</con:operation><con:request name="testcase5 - Prod - Worker1 - Request" id="3b7d122b-5330-43b7-b98c-5ae23ae35a3f" outgoingWss="Outflow PROD"><con:settings/><con:encoding>UTF-8</con:encoding><con:endpoint>https://192.168.26.22:8443/services/AccessManagerService_v1.0</con:endpoint><con:request><![CDATA[<soapenv:Envelope xmlns:soapenv="http://schemas.xmlsoap.org/soap/envelope/" xmlns:v1="http://fidus.brussels/service/accessmanagerservice/messages/v1" xmlns:v11="http://fidus.brussels/type/common/messages/v1" xmlns:v31="http://socialsecurity.be/umanentityrepresentative/types/v3">
   <soapenv:Header/>
   <soapenv:Body>
      <v1:getOrganisationChildNodesRequest>
         <v1:messageContext>
         	  <v11:messageId>${=import static java.util.UUID.randomUUID; uuid = randomUUID() as String}</v11:messageId>
            <v11:timestamp>${=new java.text.SimpleDateFormat("yyyy-MM-dd'T'HH:mm:ss.SSS").format(new Date())}</v11:timestamp>
         </v1:messageContext>
         <v1:legalContext>ServiceIntegrator</v1:legalContext>
         <v1:request>
            <v1:Domain>QUAL_FED_HEALTHCARE</v1:Domain>
            <v1:OrganisationId>
               <v31:Identifier>1990000431</v31:Identifier>
               <v31:IdentifierType>BEEHP</v31:IdentifierType>
            </v1:OrganisationId>
            <v1:Language>nl</v1:Language>
         </v1:request>
      </v1:getOrganisationChildNodesRequest>
   </soapenv:Body>
</soapenv:Envelope>]]></con:request><con:assertion type="SOAP Fault Assertion" id="87610e6a-3647-464a-906d-5a6a4ed51d47" name="Not SOAP Fault"/><con:assertion type="SOAP Response" id="b4e56f2e-9a51-459e-9d38-fc9f9bccef74" name="SOAP Response"/><con:assertion type="Schema Compliance" id="5e20e1d3-fcf4-4bfa-938c-f26c4ea9f640" name="Schema Compliance"><con:configuration/></con:assertion><con:wsaConfig action="http://fidus.brussels/services/accessmanagerservice/getOrganisationChildNodes"/></con:request></con:config></con:testStep><con:testStep type="request" id="7e290b32-b4b2-41ba-a022-e53816c3329a" name="testcase5 - Prod - Worker2 - Request"><con:settings/><con:config xsi:type="con:RequestStep" xmlns:xsi="http://www.w3.org/2001/XMLSchema-instance"><con:interface>AccessManagerServiceHTTPBinding</con:interface><con:operation>getOrganisationChildNodes</con:operation><con:request name="testcase5 - Prod - Worker2 - Request" id="08de4ad9-5ef3-42b2-b999-84ab2c23c110" outgoingWss="Outflow PROD"><con:settings/><con:encoding>UTF-8</con:encoding><con:endpoint>https://192.168.26.19:8443/services/AccessManagerService_v1.0</con:endpoint><con:request><![CDATA[<soapenv:Envelope xmlns:soapenv="http://schemas.xmlsoap.org/soap/envelope/" xmlns:v1="http://fidus.brussels/service/accessmanagerservice/messages/v1" xmlns:v11="http://fidus.brussels/type/common/messages/v1" xmlns:v31="http://socialsecurity.be/umanentityrepresentative/types/v3">
   <soapenv:Header/>
   <soapenv:Body>
      <v1:getOrganisationChildNodesRequest>
         <v1:messageContext>
         	  <v11:messageId>${=import static java.util.UUID.randomUUID; uuid = randomUUID() as String}</v11:messageId>
            <v11:timestamp>${=new java.text.SimpleDateFormat("yyyy-MM-dd'T'HH:mm:ss.SSS").format(new Date())}</v11:timestamp>
         </v1:messageContext>
         <v1:legalContext>ServiceIntegrator</v1:legalContext>
         <v1:request>
            <v1:Domain>QUAL_FED_HEALTHCARE</v1:Domain>
            <v1:OrganisationId>
               <v31:Identifier>1990000431</v31:Identifier>
               <v31:IdentifierType>BEEHP</v31:IdentifierType>
            </v1:OrganisationId>
            <v1:Language>nl</v1:Language>
         </v1:request>
      </v1:getOrganisationChildNodesRequest>
   </soapenv:Body>
</soapenv:Envelope>]]></con:request><con:assertion type="SOAP Fault Assertion" id="71f25910-61d6-4615-be3c-eaf4c4f05ebd" name="Not SOAP Fault"/><con:assertion type="SOAP Response" id="04be69fd-297d-420b-be49-1f73b0e162cc" name="SOAP Response"/><con:assertion type="Schema Compliance" id="d25ab145-ceb0-4f58-b730-25f3678320e1" name="Schema Compliance"><con:configuration/></con:assertion><con:wsaConfig action="http://fidus.brussels/services/accessmanagerservice/getOrganisationChildNodes"/></con:request></con:config></con:testStep><con:properties/></con:testCase><con:testCase id="f8ec53e1-b12a-4126-95a6-6c253d51e03e" failOnError="true" failTestCaseOnErrors="true" keepSession="false" maxResults="0" name="getOrganisationDenomination" searchProperties="true"><con:settings/><con:testStep type="request" id="8e05fd79-63a1-4405-862b-53d6592c0ad3" name="testcase5 - Prod - External - Request"><con:settings/><con:config xsi:type="con:RequestStep" xmlns:xsi="http://www.w3.org/2001/XMLSchema-instance"><con:interface>AccessManagerServiceHTTPBinding</con:interface><con:operation>getOrganisationDenomination</con:operation><con:request name="testcase5 - Prod - External - Request" id="281e2465-4127-4bd3-ad1a-a392f8bf716b" outgoingWss="Outflow PROD"><con:settings/><con:encoding>UTF-8</con:encoding><con:endpoint>https://fidus-esb-sg.prd.srv.cirb.lan:8443/services/AccessManagerService_v1.0</con:endpoint><con:request><![CDATA[<soapenv:Envelope xmlns:soapenv="http://schemas.xmlsoap.org/soap/envelope/" xmlns:v1="http://fidus.brussels/service/accessmanagerservice/messages/v1" xmlns:v11="http://fidus.brussels/type/common/messages/v1" xmlns:v31="http://socialsecurity.be/umanentityrepresentative/types/v3">
   <soapenv:Header/>
   <soapenv:Body>
      <v1:getOrganisationDenominationRequest>
         <v1:messageContext>
         	  <v11:messageId>${=import static java.util.UUID.randomUUID; uuid = randomUUID() as String}</v11:messageId>
            <v11:timestamp>${=new java.text.SimpleDateFormat("yyyy-MM-dd'T'HH:mm:ss.SSS").format(new Date())}</v11:timestamp>
         </v1:messageContext>
         <v1:legalContext>ServiceIntegrator</v1:legalContext>
         <v1:request>
            <v1:Domain>QUAL_FED_HEALTHCARE</v1:Domain>
            <v1:OrganisationId>
               <v31:Identifier>1990000431</v31:Identifier>
               <v31:IdentifierType>BEEHP</v31:IdentifierType>
            </v1:OrganisationId>
            <v1:Language>nl</v1:Language>
         </v1:request>
      </v1:getOrganisationDenominationRequest>
   </soapenv:Body>
</soapenv:Envelope>]]></con:request><con:assertion type="SOAP Fault Assertion" id="744fb965-5085-41f3-ad2c-2d628903fd01" name="Not SOAP Fault"/><con:assertion type="SOAP Response" id="595ebda9-7225-4de3-9d29-9f697b86d92c" name="SOAP Response"/><con:assertion type="Schema Compliance" id="d4743dea-057b-4d23-844c-257ecbacded5" name="Schema Compliance"><con:configuration/></con:assertion><con:wsaConfig action="http://fidus.brussels/services/accessmanagerservice/getOrganisationDenomination"/></con:request></con:config></con:testStep><con:testStep type="request" id="671baa97-cd03-41dd-89e3-2f1fb7860ad6" name="testcase5 - Prod - LB - Request"><con:settings/><con:config xsi:type="con:RequestStep" xmlns:xsi="http://www.w3.org/2001/XMLSchema-instance"><con:interface>AccessManagerServiceHTTPBinding</con:interface><con:operation>getOrganisationDenomination</con:operation><con:request name="testcase5 - Prod - LB - Request" id="15f73c97-1fa8-4df1-ae6d-9ae52ca1d4b9" outgoingWss="Outflow PROD"><con:settings/><con:encoding>UTF-8</con:encoding><con:endpoint>https://fidus-esb-sg.prd.srv.cirb.lan:8443/services/AccessManagerService_v1.0</con:endpoint><con:request><![CDATA[<soapenv:Envelope xmlns:soapenv="http://schemas.xmlsoap.org/soap/envelope/" xmlns:v1="http://fidus.brussels/service/accessmanagerservice/messages/v1" xmlns:v11="http://fidus.brussels/type/common/messages/v1" xmlns:v31="http://socialsecurity.be/umanentityrepresentative/types/v3">
   <soapenv:Header/>
   <soapenv:Body>
      <v1:getOrganisationDenominationRequest>
         <v1:messageContext>
         	  <v11:messageId>${=import static java.util.UUID.randomUUID; uuid = randomUUID() as String}</v11:messageId>
            <v11:timestamp>${=new java.text.SimpleDateFormat("yyyy-MM-dd'T'HH:mm:ss.SSS").format(new Date())}</v11:timestamp>
         </v1:messageContext>
         <v1:legalContext>ServiceIntegrator</v1:legalContext>
         <v1:request>
            <v1:Domain>QUAL_FED_HEALTHCARE</v1:Domain>
            <v1:OrganisationId>
               <v31:Identifier>1990000431</v31:Identifier>
               <v31:IdentifierType>BEEHP</v31:IdentifierType>
            </v1:OrganisationId>
            <v1:Language>nl</v1:Language>
         </v1:request>
      </v1:getOrganisationDenominationRequest>
   </soapenv:Body>
</soapenv:Envelope>]]></con:request><con:assertion type="SOAP Fault Assertion" id="846be685-e372-4345-a52f-bd7f25ce6a59" name="Not SOAP Fault"/><con:assertion type="SOAP Response" id="7745c366-a2d5-4497-a7e7-dc36925a4d17" name="SOAP Response"/><con:assertion type="Schema Compliance" id="9f7f6fac-00c0-4c23-bd7a-150b6583d1ed" name="Schema Compliance"><con:configuration/></con:assertion><con:wsaConfig action="http://fidus.brussels/services/accessmanagerservice/getOrganisationDenomination"/></con:request></con:config></con:testStep><con:testStep type="request" id="a2758ed6-0a37-4ad7-a796-29f3a649db92" name="testcase5 - Prod - Worker1 - Request"><con:settings/><con:config xsi:type="con:RequestStep" xmlns:xsi="http://www.w3.org/2001/XMLSchema-instance"><con:interface>AccessManagerServiceHTTPBinding</con:interface><con:operation>getOrganisationDenomination</con:operation><con:request name="testcase5 - Prod - Worker1 - Request" id="e6fcfdcd-a099-4c8b-9a26-e90b7a1062e8" outgoingWss="Outflow PROD"><con:settings/><con:encoding>UTF-8</con:encoding><con:endpoint>https://192.168.26.22:8443/services/AccessManagerService_v1.0</con:endpoint><con:request><![CDATA[<soapenv:Envelope xmlns:soapenv="http://schemas.xmlsoap.org/soap/envelope/" xmlns:v1="http://fidus.brussels/service/accessmanagerservice/messages/v1" xmlns:v11="http://fidus.brussels/type/common/messages/v1" xmlns:v31="http://socialsecurity.be/umanentityrepresentative/types/v3">
   <soapenv:Header/>
   <soapenv:Body>
      <v1:getOrganisationDenominationRequest>
         <v1:messageContext>
         	  <v11:messageId>${=import static java.util.UUID.randomUUID; uuid = randomUUID() as String}</v11:messageId>
            <v11:timestamp>${=new java.text.SimpleDateFormat("yyyy-MM-dd'T'HH:mm:ss.SSS").format(new Date())}</v11:timestamp>
         </v1:messageContext>
         <v1:legalContext>ServiceIntegrator</v1:legalContext>
         <v1:request>
            <v1:Domain>QUAL_FED_HEALTHCARE</v1:Domain>
            <v1:OrganisationId>
               <v31:Identifier>1990000431</v31:Identifier>
               <v31:IdentifierType>BEEHP</v31:IdentifierType>
            </v1:OrganisationId>
            <v1:Language>nl</v1:Language>
         </v1:request>
      </v1:getOrganisationDenominationRequest>
   </soapenv:Body>
</soapenv:Envelope>]]></con:request><con:assertion type="SOAP Fault Assertion" id="b561b20e-383c-4c6f-b07f-c719c569f3c2" name="Not SOAP Fault"/><con:assertion type="SOAP Response" id="c9598d06-da11-4c3f-969d-d354bf30a269" name="SOAP Response"/><con:assertion type="Schema Compliance" id="63bba45e-b404-49b9-8f4e-a312a9252482" name="Schema Compliance"><con:configuration/></con:assertion><con:wsaConfig action="http://fidus.brussels/services/accessmanagerservice/getOrganisationDenomination"/></con:request></con:config></con:testStep><con:testStep type="request" id="8d353a86-2ea3-4a98-b95e-5e96609a677a" name="testcase5 - Prod - Worker2 - Request"><con:settings/><con:config xsi:type="con:RequestStep" xmlns:xsi="http://www.w3.org/2001/XMLSchema-instance"><con:interface>AccessManagerServiceHTTPBinding</con:interface><con:operation>getOrganisationDenomination</con:operation><con:request name="testcase5 - Prod - Worker2 - Request" id="b56f8419-801d-49f4-a107-e0b50a3419de" outgoingWss="Outflow PROD"><con:settings/><con:encoding>UTF-8</con:encoding><con:endpoint>https://192.168.26.19:8443/services/AccessManagerService_v1.0</con:endpoint><con:request><![CDATA[<soapenv:Envelope xmlns:soapenv="http://schemas.xmlsoap.org/soap/envelope/" xmlns:v1="http://fidus.brussels/service/accessmanagerservice/messages/v1" xmlns:v11="http://fidus.brussels/type/common/messages/v1" xmlns:v31="http://socialsecurity.be/umanentityrepresentative/types/v3">
   <soapenv:Header/>
   <soapenv:Body>
      <v1:getOrganisationDenominationRequest>
         <v1:messageContext>
         	  <v11:messageId>${=import static java.util.UUID.randomUUID; uuid = randomUUID() as String}</v11:messageId>
            <v11:timestamp>${=new java.text.SimpleDateFormat("yyyy-MM-dd'T'HH:mm:ss.SSS").format(new Date())}</v11:timestamp>
         </v1:messageContext>
         <v1:legalContext>ServiceIntegrator</v1:legalContext>
         <v1:request>
            <v1:Domain>QUAL_FED_HEALTHCARE</v1:Domain>
            <v1:OrganisationId>
               <v31:Identifier>1990000431</v31:Identifier>
               <v31:IdentifierType>BEEHP</v31:IdentifierType>
            </v1:OrganisationId>
            <v1:Language>nl</v1:Language>
         </v1:request>
      </v1:getOrganisationDenominationRequest>
   </soapenv:Body>
</soapenv:Envelope>]]></con:request><con:assertion type="SOAP Fault Assertion" id="36aade2a-da86-4ce4-a15f-08ca9bde01bb" name="Not SOAP Fault"/><con:assertion type="SOAP Response" id="865db4d4-7212-401d-b1ec-195dad9f496b" name="SOAP Response"/><con:assertion type="Schema Compliance" id="bf0e81c0-7917-4130-9c66-b9258cf7a29b" name="Schema Compliance"><con:configuration/></con:assertion><con:wsaConfig action="http://fidus.brussels/services/accessmanagerservice/getOrganisationDenomination"/></con:request></con:config></con:testStep><con:properties/></con:testCase><con:testCase id="ea604844-aef0-40a2-8f9f-f4cd6386dbbe" failOnError="true" failTestCaseOnErrors="true" keepSession="false" maxResults="0" name="getOrganisationParentNodes" searchProperties="true"><con:settings/><con:testStep type="request" id="25e2136b-a960-47be-9fa0-d41fa09f0815" name="testcase5 - Prod - External - Request"><con:settings/><con:config xsi:type="con:RequestStep" xmlns:xsi="http://www.w3.org/2001/XMLSchema-instance"><con:interface>AccessManagerServiceHTTPBinding</con:interface><con:operation>getOrganisationParentNodes</con:operation><con:request name="testcase5 - Prod - External - Request" id="2b0a480c-05d7-41b4-97b9-64058d6d044c" outgoingWss="Outflow PROD"><con:settings/><con:encoding>UTF-8</con:encoding><con:endpoint>https://fidus-esb-sg.prd.srv.cirb.lan:8443/services/AccessManagerService_v1.0</con:endpoint><con:request><![CDATA[<soapenv:Envelope xmlns:soapenv="http://schemas.xmlsoap.org/soap/envelope/" xmlns:v1="http://fidus.brussels/service/accessmanagerservice/messages/v1" xmlns:v11="http://fidus.brussels/type/common/messages/v1" xmlns:v31="http://socialsecurity.be/umanentityrepresentative/types/v3">
   <soapenv:Header/>
   <soapenv:Body>
      <v1:getOrganisationParentNodesRequest>
         <v1:messageContext>
         	  <v11:messageId>${=import static java.util.UUID.randomUUID; uuid = randomUUID() as String}</v11:messageId>
            <v11:timestamp>${=new java.text.SimpleDateFormat("yyyy-MM-dd'T'HH:mm:ss.SSS").format(new Date())}</v11:timestamp>
         </v1:messageContext>
         <v1:legalContext>ServiceIntegrator</v1:legalContext>
         <v1:request>
            <v1:Domain>QUAL_FED_HEALTHCARE</v1:Domain>
            <v1:OrganisationId>
               <v31:Identifier>1990000431</v31:Identifier>
               <v31:IdentifierType>BEEHP</v31:IdentifierType>
            </v1:OrganisationId>
            <v1:Language>nl</v1:Language>
         </v1:request>
      </v1:getOrganisationParentNodesRequest>
   </soapenv:Body>
</soapenv:Envelope>]]></con:request><con:assertion type="SOAP Fault Assertion" id="045c3081-ebb8-436a-b87d-2c35e8a3c5fc" name="Not SOAP Fault"/><con:assertion type="SOAP Response" id="bfb53d02-3713-41bf-88a3-57b7040b63c2" name="SOAP Response"/><con:assertion type="Schema Compliance" id="2a15f255-e0ba-4bd9-836f-7c5b7184df64" name="Schema Compliance"><con:configuration/></con:assertion><con:wsaConfig action="http://fidus.brussels/services/accessmanagerservice/getOrganisationParentNodes"/></con:request></con:config></con:testStep><con:testStep type="request" id="a82e7c71-1c3c-4758-aaf7-d6d0acd28dff" name="testcase5 - Prod - LB - Request"><con:settings/><con:config xsi:type="con:RequestStep" xmlns:xsi="http://www.w3.org/2001/XMLSchema-instance"><con:interface>AccessManagerServiceHTTPBinding</con:interface><con:operation>getOrganisationParentNodes</con:operation><con:request name="testcase5 - Prod - LB - Request" id="906e728f-16bf-41da-8570-a72ecaf2eff3" outgoingWss="Outflow PROD"><con:settings/><con:encoding>UTF-8</con:encoding><con:endpoint>https://fidus-esb-sg.prd.srv.cirb.lan:8443/services/AccessManagerService_v1.0</con:endpoint><con:request><![CDATA[<soapenv:Envelope xmlns:soapenv="http://schemas.xmlsoap.org/soap/envelope/" xmlns:v1="http://fidus.brussels/service/accessmanagerservice/messages/v1" xmlns:v11="http://fidus.brussels/type/common/messages/v1" xmlns:v31="http://socialsecurity.be/umanentityrepresentative/types/v3">
   <soapenv:Header/>
   <soapenv:Body>
      <v1:getOrganisationParentNodesRequest>
         <v1:messageContext>
         	  <v11:messageId>${=import static java.util.UUID.randomUUID; uuid = randomUUID() as String}</v11:messageId>
            <v11:timestamp>${=new java.text.SimpleDateFormat("yyyy-MM-dd'T'HH:mm:ss.SSS").format(new Date())}</v11:timestamp>
         </v1:messageContext>
         <v1:legalContext>ServiceIntegrator</v1:legalContext>
         <v1:request>
            <v1:Domain>QUAL_FED_HEALTHCARE</v1:Domain>
            <v1:OrganisationId>
               <v31:Identifier>1990000431</v31:Identifier>
               <v31:IdentifierType>BEEHP</v31:IdentifierType>
            </v1:OrganisationId>
            <v1:Language>nl</v1:Language>
         </v1:request>
      </v1:getOrganisationParentNodesRequest>
   </soapenv:Body>
</soapenv:Envelope>]]></con:request><con:assertion type="SOAP Fault Assertion" id="9950ae18-2a68-45c2-8941-9546ede9a3ce" name="Not SOAP Fault"/><con:assertion type="SOAP Response" id="d4f38c5c-5039-4ec8-98d1-615185d18160" name="SOAP Response"/><con:assertion type="Schema Compliance" id="45ce56fa-32f0-49a0-b32d-ad774d634088" name="Schema Compliance"><con:configuration/></con:assertion><con:wsaConfig action="http://fidus.brussels/services/accessmanagerservice/getOrganisationParentNodes"/></con:request></con:config></con:testStep><con:testStep type="request" id="f8abc278-dbea-4a27-8cd1-0d2e1b862a52" name="testcase5 - Prod - Worker1 - Request"><con:settings/><con:config xsi:type="con:RequestStep" xmlns:xsi="http://www.w3.org/2001/XMLSchema-instance"><con:interface>AccessManagerServiceHTTPBinding</con:interface><con:operation>getOrganisationParentNodes</con:operation><con:request name="testcase5 - Prod - Worker1 - Request" id="0ec1519a-95f7-4990-9ed6-4a6a970c1421" outgoingWss="Outflow PROD"><con:settings/><con:encoding>UTF-8</con:encoding><con:endpoint>https://192.168.26.22:8443/services/AccessManagerService_v1.0</con:endpoint><con:request><![CDATA[<soapenv:Envelope xmlns:soapenv="http://schemas.xmlsoap.org/soap/envelope/" xmlns:v1="http://fidus.brussels/service/accessmanagerservice/messages/v1" xmlns:v11="http://fidus.brussels/type/common/messages/v1" xmlns:v31="http://socialsecurity.be/umanentityrepresentative/types/v3">
   <soapenv:Header/>
   <soapenv:Body>
      <v1:getOrganisationParentNodesRequest>
         <v1:messageContext>
         	  <v11:messageId>${=import static java.util.UUID.randomUUID; uuid = randomUUID() as String}</v11:messageId>
            <v11:timestamp>${=new java.text.SimpleDateFormat("yyyy-MM-dd'T'HH:mm:ss.SSS").format(new Date())}</v11:timestamp>
         </v1:messageContext>
         <v1:legalContext>ServiceIntegrator</v1:legalContext>
         <v1:request>
            <v1:Domain>QUAL_FED_HEALTHCARE</v1:Domain>
            <v1:OrganisationId>
               <v31:Identifier>1990000431</v31:Identifier>
               <v31:IdentifierType>BEEHP</v31:IdentifierType>
            </v1:OrganisationId>
            <v1:Language>nl</v1:Language>
         </v1:request>
      </v1:getOrganisationParentNodesRequest>
   </soapenv:Body>
</soapenv:Envelope>]]></con:request><con:assertion type="SOAP Fault Assertion" id="515387a4-c679-4494-af51-15599c557245" name="Not SOAP Fault"/><con:assertion type="SOAP Response" id="2fc0b33f-ac44-488a-b81c-8ac7a2513e24" name="SOAP Response"/><con:assertion type="Schema Compliance" id="7d93507b-f2c0-4457-9022-9889b1b624eb" name="Schema Compliance"><con:configuration/></con:assertion><con:wsaConfig action="http://fidus.brussels/services/accessmanagerservice/getOrganisationParentNodes"/></con:request></con:config></con:testStep><con:testStep type="request" id="e3980129-b4fc-4bc0-8742-eb40e572979a" name="testcase5 - Prod - Worker2 - Request"><con:settings/><con:config xsi:type="con:RequestStep" xmlns:xsi="http://www.w3.org/2001/XMLSchema-instance"><con:interface>AccessManagerServiceHTTPBinding</con:interface><con:operation>getOrganisationParentNodes</con:operation><con:request name="testcase5 - Prod - Worker2 - Request" id="d0bdd06f-3422-426e-bdd2-0fe3eff1b350" outgoingWss="Outflow PROD"><con:settings/><con:encoding>UTF-8</con:encoding><con:endpoint>https://192.168.26.19:8443/services/AccessManagerService_v1.0</con:endpoint><con:request><![CDATA[<soapenv:Envelope xmlns:soapenv="http://schemas.xmlsoap.org/soap/envelope/" xmlns:v1="http://fidus.brussels/service/accessmanagerservice/messages/v1" xmlns:v11="http://fidus.brussels/type/common/messages/v1" xmlns:v31="http://socialsecurity.be/umanentityrepresentative/types/v3">
   <soapenv:Header/>
   <soapenv:Body>
      <v1:getOrganisationParentNodesRequest>
         <v1:messageContext>
         	  <v11:messageId>${=import static java.util.UUID.randomUUID; uuid = randomUUID() as String}</v11:messageId>
            <v11:timestamp>${=new java.text.SimpleDateFormat("yyyy-MM-dd'T'HH:mm:ss.SSS").format(new Date())}</v11:timestamp>
         </v1:messageContext>
         <v1:legalContext>ServiceIntegrator</v1:legalContext>
         <v1:request>
            <v1:Domain>QUAL_FED_HEALTHCARE</v1:Domain>
            <v1:OrganisationId>
               <v31:Identifier>1990000431</v31:Identifier>
               <v31:IdentifierType>BEEHP</v31:IdentifierType>
            </v1:OrganisationId>
            <v1:Language>nl</v1:Language>
         </v1:request>
      </v1:getOrganisationParentNodesRequest>
   </soapenv:Body>
</soapenv:Envelope>]]></con:request><con:assertion type="SOAP Fault Assertion" id="4e25a9d5-f696-412a-a2d8-021ce1bd3e59" name="Not SOAP Fault"/><con:assertion type="SOAP Response" id="07575cd3-47ad-44a2-bc1b-686136279fe3" name="SOAP Response"/><con:assertion type="Schema Compliance" id="8d1870f6-c75e-4431-9bfb-3e3ad164176a" name="Schema Compliance"><con:configuration/></con:assertion><con:wsaConfig action="http://fidus.brussels/services/accessmanagerservice/getOrganisationParentNodes"/></con:request></con:config></con:testStep><con:properties/></con:testCase><con:properties/></con:testSuite><con:properties/><con:wssContainer><con:crypto><con:source>data/wso2/keystores/user-rajarshi.jks</con:source><con:password>test@fidus01</con:password><con:type>KEYSTORE</con:type></con:crypto><con:outgoing><con:name>Outflow DEV</con:name></con:outgoing><con:outgoing><con:name>Outflow TEST</con:name><con:entry type="Signature" username="testuser-test.fidus.brussels" password="test@fidus01"><con:configuration><crypto>user-rajarshi.jks</crypto><keyIdentifierType>3</keyIdentifierType><signatureAlgorithm/><signatureCanonicalization/><useSingleCert>true</useSingleCert><digestAlgorithm/><customTokenValueType/><customTokenId/></con:configuration></con:entry><con:entry type="Timestamp"><con:configuration><timeToLive>300000</timeToLive><strictTimestamp>true</strictTimestamp></con:configuration></con:entry></con:outgoing><con:outgoing><con:name>Outflow STAG</con:name></con:outgoing><con:outgoing><con:name>Outflow PROD</con:name></con:outgoing></con:wssContainer><con:oAuth2ProfileContainer/><con:oAuth1ProfileContainer/><con:sensitiveInformation/></con:soapui-project>