<?xml version="1.0" encoding="UTF-8"?>
<con:soapui-project id="96336b75-c03d-4d23-b08b-6587058de59f" activeEnvironment="Default" name="Client-CivilStatusDocumentService-1.0-soapui-project" resourceRoot="" soapui-version="5.1.3" abortOnError="false" runType="SEQUENTIAL" xmlns:con="http://eviware.com/soapui/config"><con:settings/><con:interface xsi:type="con:WsdlInterface" id="ec27a517-216c-40d0-b73d-b776909963fa" wsaVersion="NONE" name="CivilStatusDocumentService_v1.0Soap11Binding" type="wsdl" bindingName="{http://fidus.brussels/service/civilstatusdocumentservice/v1}CivilStatusDocumentService_v1.0Soap11Binding" soapVersion="1_1" anonymous="optional" definition="https://192.168.22.53:8443/services/CivilStatusDocumentService_v1.0?wsdl" xmlns:xsi="http://www.w3.org/2001/XMLSchema-instance"><con:settings/><con:definitionCache type="TEXT" rootPart="https://192.168.22.53:8443/services/CivilStatusDocumentService_v1.0?wsdl"><con:part><con:url>https://192.168.22.53:8443/services/CivilStatusDocumentService_v1.0?wsdl</con:url><con:content><![CDATA[<wsdl:definitions targetNamespace="http://fidus.brussels/service/civilstatusdocumentservice/v1" xmlns:wsdl="http://schemas.xmlsoap.org/wsdl/" xmlns:wsaw="http://www.w3.org/2006/05/addressing/wsdl" xmlns:mime="http://schemas.xmlsoap.org/wsdl/mime/" xmlns:tns="http://fidus.brussels/service/civilstatusdocumentservice/v1" xmlns:xsd="http://www.w3.org/2001/XMLSchema" xmlns:http="http://schemas.xmlsoap.org/wsdl/http/" xmlns:mes="http://fidus.brussels/service/civilstatusdocumentservice/messages/v1" xmlns:soap12="http://schemas.xmlsoap.org/wsdl/soap12/" xmlns:soap="http://schemas.xmlsoap.org/wsdl/soap/">
  <wsp:Policy wsu:Id="SigOnly" xmlns:wsp="http://schemas.xmlsoap.org/ws/2004/09/policy" xmlns:wsu="http://docs.oasis-open.org/wss/2004/01/oasis-200401-wss-wssecurity-utility-1.0.xsd">
    <wsp:ExactlyOne>
      <wsp:All>
        <sp:AsymmetricBinding xmlns:sp="http://schemas.xmlsoap.org/ws/2005/07/securitypolicy">
          <wsp:Policy>
            <sp:InitiatorToken>
              <wsp:Policy>
                <sp:X509Token sp:IncludeToken="http://schemas.xmlsoap.org/ws/2005/07/securitypolicy/IncludeToken/AlwaysToRecipient">
                  <wsp:Policy>
                    <sp:RequireThumbprintReference/>
                    <sp:WssX509V3Token10/>
                  </wsp:Policy>
                </sp:X509Token>
              </wsp:Policy>
            </sp:InitiatorToken>
            <sp:RecipientToken>
              <wsp:Policy>
                <sp:X509Token sp:IncludeToken="http://schemas.xmlsoap.org/ws/2005/07/securitypolicy/IncludeToken/Never">
                  <wsp:Policy>
                    <sp:RequireThumbprintReference/>
                    <sp:WssX509V3Token10/>
                  </wsp:Policy>
                </sp:X509Token>
              </wsp:Policy>
            </sp:RecipientToken>
            <sp:AlgorithmSuite>
              <wsp:Policy>
                <sp:Basic256/>
              </wsp:Policy>
            </sp:AlgorithmSuite>
            <sp:Layout>
              <wsp:Policy>
                <sp:Strict/>
              </wsp:Policy>
            </sp:Layout>
            <sp:IncludeTimestamp/>
            <sp:OnlySignEntireHeadersAndBody/>
          </wsp:Policy>
        </sp:AsymmetricBinding>
        <sp:Wss10 xmlns:sp="http://schemas.xmlsoap.org/ws/2005/07/securitypolicy">
          <sp:Policy>
            <sp:MustSupportRefKeyIdentifier/>
            <sp:MustSupportRefIssuerSerial/>
          </sp:Policy>
        </sp:Wss10>
        <sp:SignedParts xmlns:sp="http://schemas.xmlsoap.org/ws/2005/07/securitypolicy">
          <sp:Body/>
        </sp:SignedParts>
      </wsp:All>
    </wsp:ExactlyOne>
  </wsp:Policy>
  <wsdl:types>
    <xsd:schema attributeFormDefault="unqualified" elementFormDefault="qualified" targetNamespace="http://fidus.brussels/service/civilstatusdocumentservice/v1">
      <xsd:import namespace="http://fidus.brussels/service/civilstatusdocumentservice/messages/v1" schemaLocation="CivilStatusDocumentService_v1.0?xsd=civilStatusDocumentServiceMessages_v1.xsd"/>
    </xsd:schema>
  </wsdl:types>
  <wsdl:message name="getDocumentRequestMessage">
    <wsdl:part name="GetDocumentRequest" element="mes:getDocumentRequest"/>
  </wsdl:message>
  <wsdl:message name="getDocumentResponseMessage">
    <wsdl:part name="GetDocumentResponse" element="mes:getDocumentResponse"/>
  </wsdl:message>
  <wsdl:message name="getExtractAsPdfRequestMessage">
    <wsdl:part name="GetExtractAsPdfRequest" element="mes:getExtractAsPdfRequest"/>
  </wsdl:message>
  <wsdl:message name="getExtractAsPdfResponseMessage">
    <wsdl:part name="GetExtractAsPdfResponse" element="mes:getExtractAsPdfResponse"/>
  </wsdl:message>
  <wsdl:message name="searchDocumentRequestMessage">
    <wsdl:part name="SearchDocumentRequest" element="mes:searchDocumentRequest"/>
  </wsdl:message>
  <wsdl:message name="searchDocumentResponseMessage">
    <wsdl:part name="SearchDocumentResponse" element="mes:searchDocumentResponse"/>
  </wsdl:message>
  <wsdl:message name="getCopyConformAsPdfRequestMessage">
    <wsdl:part name="GetCopyConformAsPdfRequest" element="mes:getCopyConformAsPdfRequest"/>
  </wsdl:message>
  <wsdl:message name="getCopyConformAsPdfResponseMessage">
    <wsdl:part name="GetCopyConformAsPdfResponse" element="mes:getCopyConformAsPdfResponse"/>
  </wsdl:message>
  <wsdl:message name="getCopyConformRequestMessage">
    <wsdl:part name="GetCopyConformRequest" element="mes:getCopyConformRequest"/>
  </wsdl:message>
  <wsdl:message name="getCopyConformResponseMessage">
    <wsdl:part name="GetCopyConformResponse" element="mes:getCopyConformResponse"/>
  </wsdl:message>
  <wsdl:message name="getExtractRequestMessage">
    <wsdl:part name="GetExtractRequest" element="mes:getExtractRequest"/>
  </wsdl:message>
  <wsdl:message name="getExtractResponseMessage">
    <wsdl:part name="GetExtractResponse" element="mes:getExtractResponse"/>
  </wsdl:message>
  <wsdl:message name="saveOrUpdateDocumentRequestMessage">
    <wsdl:part name="SaveOrUpdateDocumentRequest" element="mes:saveOrUpdateDocumentRequest"/>
  </wsdl:message>
  <wsdl:message name="saveOrUpdateDocumentResponseMessage">
    <wsdl:part name="SaveOrUpdateDocumentResponse" element="mes:saveOrUpdateDocumentResponse"/>
  </wsdl:message>
  <wsdl:message name="validateDocumentRequestMessage">
    <wsdl:part name="ValidateDocumentRequest" element="mes:validateDocumentRequest"/>
  </wsdl:message>
  <wsdl:message name="validateDocumentResponseMessage">
    <wsdl:part name="ValidateDocumentResponse" element="mes:validateDocumentResponse"/>
  </wsdl:message>
  <wsdl:portType name="CivilStatusDocumentService_v1.0PortType" wsp:PolicyURIs="#SigOnly" xmlns:wsp="http://schemas.xmlsoap.org/ws/2004/09/policy">
    <wsdl:operation name="getDocument">
      <wsdl:input message="tns:getDocumentRequestMessage" wsaw:Action="http://fidus.brussels/services/civilstatusdocumentservice/getDocument"/>
      <wsdl:output message="tns:getDocumentResponseMessage" wsaw:Action="http://fidus.brussels/service/civilstatusdocumentservice/v1/CivilStatusDocumentServicePortType/getDocumentResponse"/>
    </wsdl:operation>
    <wsdl:operation name="getExtractAsPdf">
      <wsdl:input message="tns:getExtractAsPdfRequestMessage" wsaw:Action="http://fidus.brussels/services/civilstatusdocumentservice/getExtractAsPdf"/>
      <wsdl:output message="tns:getExtractAsPdfResponseMessage" wsaw:Action="http://fidus.brussels/service/civilstatusdocumentservice/v1/CivilStatusDocumentServicePortType/getExtractAsPdfResponse"/>
    </wsdl:operation>
    <wsdl:operation name="searchDocument">
      <wsdl:input message="tns:searchDocumentRequestMessage" wsaw:Action="http://fidus.brussels/services/civilstatusdocumentservice/searchDocument"/>
      <wsdl:output message="tns:searchDocumentResponseMessage" wsaw:Action="http://fidus.brussels/service/civilstatusdocumentservice/v1/CivilStatusDocumentServicePortType/searchDocumentResponse"/>
    </wsdl:operation>
    <wsdl:operation name="getCopyConformAsPdf">
      <wsdl:input message="tns:getCopyConformAsPdfRequestMessage" wsaw:Action="http://fidus.brussels/services/civilstatusdocumentservice/getCopyConformAsPdf"/>
      <wsdl:output message="tns:getCopyConformAsPdfResponseMessage" wsaw:Action="http://fidus.brussels/service/civilstatusdocumentservice/v1/CivilStatusDocumentServicePortType/getCopyConformAsPdfResponse"/>
    </wsdl:operation>
    <wsdl:operation name="getCopyConform">
      <wsdl:input message="tns:getCopyConformRequestMessage" wsaw:Action="http://fidus.brussels/services/civilstatusdocumentservice/getCopyConform"/>
      <wsdl:output message="tns:getCopyConformResponseMessage" wsaw:Action="http://fidus.brussels/service/civilstatusdocumentservice/v1/CivilStatusDocumentServicePortType/getCopyConformResponse"/>
    </wsdl:operation>
    <wsdl:operation name="getExtract">
      <wsdl:input message="tns:getExtractRequestMessage" wsaw:Action="http://fidus.brussels/services/civilstatusdocumentservice/getExtract"/>
      <wsdl:output message="tns:getExtractResponseMessage" wsaw:Action="http://fidus.brussels/service/civilstatusdocumentservice/v1/CivilStatusDocumentServicePortType/getExtractResponse"/>
    </wsdl:operation>
    <wsdl:operation name="saveOrUpdateDocument">
      <wsdl:input message="tns:saveOrUpdateDocumentRequestMessage" wsaw:Action="http://fidus.brussels/services/civilstatusdocumentservice/saveOrUpdateDocument"/>
      <wsdl:output message="tns:saveOrUpdateDocumentResponseMessage" wsaw:Action="http://fidus.brussels/service/civilstatusdocumentservice/v1/CivilStatusDocumentServicePortType/saveOrUpdateDocumentResponse"/>
    </wsdl:operation>
    <wsdl:operation name="validateDocument">
      <wsdl:input message="tns:validateDocumentRequestMessage" wsaw:Action="http://fidus.brussels/services/civilstatusdocumentservice/validateDocument"/>
      <wsdl:output message="tns:validateDocumentResponseMessage" wsaw:Action="http://fidus.brussels/service/civilstatusdocumentservice/v1/CivilStatusDocumentServicePortType/validateDocumentResponse"/>
    </wsdl:operation>
  </wsdl:portType>
  <wsdl:binding name="CivilStatusDocumentService_v1.0Soap11Binding" type="tns:CivilStatusDocumentService_v1.0PortType">
    <soap:binding transport="http://schemas.xmlsoap.org/soap/http" style="document"/>
    <wsdl:operation name="getDocument">
      <soap:operation soapAction="http://fidus.brussels/services/civilstatusdocumentservice/getDocument" style="document"/>
      <wsdl:input>
        <soap:body use="literal"/>
      </wsdl:input>
      <wsdl:output>
        <soap:body use="literal"/>
      </wsdl:output>
    </wsdl:operation>
    <wsdl:operation name="getExtractAsPdf">
      <soap:operation soapAction="http://fidus.brussels/services/civilstatusdocumentservice/getExtractAsPdf" style="document"/>
      <wsdl:input>
        <soap:body use="literal"/>
      </wsdl:input>
      <wsdl:output>
        <soap:body use="literal"/>
      </wsdl:output>
    </wsdl:operation>
    <wsdl:operation name="searchDocument">
      <soap:operation soapAction="http://fidus.brussels/services/civilstatusdocumentservice/searchDocument" style="document"/>
      <wsdl:input>
        <soap:body use="literal"/>
      </wsdl:input>
      <wsdl:output>
        <soap:body use="literal"/>
      </wsdl:output>
    </wsdl:operation>
    <wsdl:operation name="getCopyConformAsPdf">
      <soap:operation soapAction="http://fidus.brussels/services/civilstatusdocumentservice/getCopyConformAsPdf" style="document"/>
      <wsdl:input>
        <soap:body use="literal"/>
      </wsdl:input>
      <wsdl:output>
        <soap:body use="literal"/>
      </wsdl:output>
    </wsdl:operation>
    <wsdl:operation name="getCopyConform">
      <soap:operation soapAction="http://fidus.brussels/services/civilstatusdocumentservice/getCopyConform" style="document"/>
      <wsdl:input>
        <soap:body use="literal"/>
      </wsdl:input>
      <wsdl:output>
        <soap:body use="literal"/>
      </wsdl:output>
    </wsdl:operation>
    <wsdl:operation name="getExtract">
      <soap:operation soapAction="http://fidus.brussels/services/civilstatusdocumentservice/getExtract" style="document"/>
      <wsdl:input>
        <soap:body use="literal"/>
      </wsdl:input>
      <wsdl:output>
        <soap:body use="literal"/>
      </wsdl:output>
    </wsdl:operation>
    <wsdl:operation name="saveOrUpdateDocument">
      <soap:operation soapAction="http://fidus.brussels/services/civilstatusdocumentservice/saveOrUpdateDocument" style="document"/>
      <wsdl:input>
        <soap:body use="literal"/>
      </wsdl:input>
      <wsdl:output>
        <soap:body use="literal"/>
      </wsdl:output>
    </wsdl:operation>
    <wsdl:operation name="validateDocument">
      <soap:operation soapAction="http://fidus.brussels/services/civilstatusdocumentservice/validateDocument" style="document"/>
      <wsdl:input>
        <soap:body use="literal"/>
      </wsdl:input>
      <wsdl:output>
        <soap:body use="literal"/>
      </wsdl:output>
    </wsdl:operation>
  </wsdl:binding>
  <wsdl:service name="CivilStatusDocumentService_v1.0">
    <wsdl:port name="CivilStatusDocumentService_v1.0HttpsSoap11Endpoint" binding="tns:CivilStatusDocumentService_v1.0Soap11Binding">
      <soap:address location="https://fidus-test.irisnetlab.be/services/CivilStatusDocumentService_v1.0.CivilStatusDocumentService_v1.0HttpsSoap11Endpoint"/>
    </wsdl:port>
  </wsdl:service>
</wsdl:definitions>]]></con:content><con:type>http://schemas.xmlsoap.org/wsdl/</con:type></con:part><con:part><con:url>https://192.168.22.53:8443/services/CivilStatusDocumentService_v1.0?xsd=civilStatusDocumentServiceMessages_v1.xsd</con:url><con:content><![CDATA[<xsd:schema attributeFormDefault="unqualified" elementFormDefault="qualified" targetNamespace="http://fidus.brussels/service/civilstatusdocumentservice/messages/v1" version="1.0" xmlns:xsd="http://www.w3.org/2001/XMLSchema" xmlns:core="http://www.fgov.be/dabs/core" xmlns:exc="http://fidus.brussels/type/common/exceptions/v1" xmlns:tns="http://fidus.brussels/service/civilstatusdocumentservice/messages/v1" xmlns:cme="http://fidus.brussels/type/common/messages/v1" xmlns:xsi="http://www.w3.org/2001/XMLSchema-instance">
  <xsd:import namespace="http://www.fgov.be/dabs/core" schemaLocation="CivilStatusDocumentService_v1.0?xsd=documentMessage_1.0"/>
  <xsd:import namespace="http://fidus.brussels/type/common/messages/v1" schemaLocation="CivilStatusDocumentService_v1.0?xsd=baseMessageTypes_v1.xsd"/>
  <xsd:import namespace="http://fidus.brussels/type/common/exceptions/v1" schemaLocation="CivilStatusDocumentService_v1.0?xsd=exceptionTypes_v1.xsd"/>
  <xsd:complexType name="CopyConformRequestType">
    <xsd:annotation>
      <xsd:documentation>The document whose information is requested...</xsd:documentation>
    </xsd:annotation>
    <xsd:sequence>
      <xsd:element name="documentReference" type="xsd:string"/>
      <xsd:element name="language" type="tns:languageType"/>
      <xsd:element default="01050" minOccurs="0" name="municipalityCode" type="xsd:string"/>
    </xsd:sequence>
  </xsd:complexType>
  <xsd:complexType name="GetCopyConformRequestType">
    <xsd:sequence>
      <xsd:element name="messageContext" type="cme:RequestMessageContextType"/>
      <xsd:element name="legalContext" type="cme:LegalContextType"/>
      <xsd:element name="request" type="tns:CopyConformRequestType"/>
    </xsd:sequence>
  </xsd:complexType>
  <xsd:complexType name="GetCopyConformResponseType">
    <xsd:sequence>
      <xsd:element name="messageContext" type="cme:ResponseMessageContextType"/>
      <xsd:element minOccurs="0" name="responses" type="tns:copyConformResponsesType"/>
      <xsd:element minOccurs="0" name="exceptions" type="exc:ExceptionsType"/>
    </xsd:sequence>
  </xsd:complexType>
  <xsd:complexType name="copyConformResponsesType">
    <xsd:sequence>
      <xsd:element name="response" type="tns:copyConformResponseType"/>
    </xsd:sequence>
  </xsd:complexType>
  <xsd:complexType name="copyConformResponseType">
    <xsd:sequence>
      <xsd:element maxOccurs="1000" minOccurs="0" name="result" type="core:getCopyConformResponse"/>
      <xsd:element minOccurs="0" name="detail" type="exc:ExceptionsType"/>
    </xsd:sequence>
  </xsd:complexType>
  <xsd:complexType name="CopyConformAsPdfRequestType">
    <xsd:sequence>
      <xsd:element name="documentReference" type="xsd:string"/>
      <xsd:element name="language" type="tns:languageType"/>
      <xsd:element default="01050" minOccurs="0" name="municipalityCode" type="xsd:string"/>
    </xsd:sequence>
  </xsd:complexType>
  <xsd:complexType name="GetCopyConformAsPdfRequestType">
    <xsd:sequence>
      <xsd:element name="messageContext" type="cme:RequestMessageContextType"/>
      <xsd:element name="legalContext" type="cme:LegalContextType"/>
      <xsd:element name="request" type="tns:CopyConformAsPdfRequestType"/>
    </xsd:sequence>
  </xsd:complexType>
  <xsd:complexType name="GetCopyConformAsPdfResponseType">
    <xsd:sequence>
      <xsd:element name="messageContext" type="cme:ResponseMessageContextType"/>
      <xsd:element minOccurs="0" name="responses" type="tns:copyConformAsPdfResponsesType"/>
      <xsd:element minOccurs="0" name="exceptions" type="exc:ExceptionsType"/>
    </xsd:sequence>
  </xsd:complexType>
  <xsd:complexType name="copyConformAsPdfResponsesType">
    <xsd:sequence>
      <xsd:element name="response" type="tns:copyConformAsPdfResponseType"/>
    </xsd:sequence>
  </xsd:complexType>
  <xsd:complexType name="copyConformAsPdfResponseType">
    <xsd:sequence>
      <xsd:element maxOccurs="1000" minOccurs="0" name="result" type="core:getCopyConformAsPdfResponse"/>
      <xsd:element minOccurs="0" name="detail" type="exc:ExceptionsType"/>
    </xsd:sequence>
  </xsd:complexType>
  <xsd:complexType name="GetDocRequestType">
    <xsd:sequence>
      <xsd:element name="documentReference" type="xsd:string"/>
      <xsd:element name="language" type="tns:languageType"/>
      <xsd:element default="01050" minOccurs="0" name="municipalityCode" type="xsd:string"/>
    </xsd:sequence>
  </xsd:complexType>
  <xsd:complexType name="GetDocumentRequestType">
    <xsd:sequence>
      <xsd:element name="messageContext" type="cme:RequestMessageContextType"/>
      <xsd:element name="legalContext" type="cme:LegalContextType"/>
      <xsd:element name="request" type="tns:GetDocRequestType"/>
    </xsd:sequence>
  </xsd:complexType>
  <xsd:complexType name="GetDocumentResponseType">
    <xsd:sequence>
      <xsd:element name="messageContext" type="cme:ResponseMessageContextType"/>
      <xsd:element minOccurs="0" name="responses" type="tns:documentResponsesType"/>
      <xsd:element minOccurs="0" name="exceptions" type="exc:ExceptionsType"/>
    </xsd:sequence>
  </xsd:complexType>
  <xsd:complexType name="documentResponsesType">
    <xsd:sequence>
      <xsd:element name="response" type="tns:documentResponseType"/>
    </xsd:sequence>
  </xsd:complexType>
  <xsd:complexType name="documentResponseType">
    <xsd:sequence>
      <xsd:element maxOccurs="1000" minOccurs="0" name="result" type="core:getDocumentResponse"/>
      <xsd:element minOccurs="0" name="detail" type="exc:ExceptionsType"/>
    </xsd:sequence>
  </xsd:complexType>
  <xsd:complexType name="ExtractRequestType">
    <xsd:sequence>
      <xsd:element name="documentReference" type="xsd:string"/>
      <xsd:element name="language" type="tns:languageType"/>
      <xsd:element default="01050" minOccurs="0" name="municipalityCode" type="xsd:string"/>
    </xsd:sequence>
  </xsd:complexType>
  <xsd:complexType name="GetExtractRequestType">
    <xsd:sequence>
      <xsd:element name="messageContext" type="cme:RequestMessageContextType"/>
      <xsd:element name="legalContext" type="cme:LegalContextType"/>
      <xsd:element name="request" type="tns:ExtractRequestType"/>
    </xsd:sequence>
  </xsd:complexType>
  <xsd:complexType name="GetExtractResponseType">
    <xsd:sequence>
      <xsd:element name="messageContext" type="cme:ResponseMessageContextType"/>
      <xsd:element minOccurs="0" name="responses" type="tns:extractResponsesType"/>
      <xsd:element minOccurs="0" name="exceptions" type="exc:ExceptionsType"/>
    </xsd:sequence>
  </xsd:complexType>
  <xsd:complexType name="extractResponsesType">
    <xsd:sequence>
      <xsd:element name="response" type="tns:extractResponseType"/>
    </xsd:sequence>
  </xsd:complexType>
  <xsd:complexType name="extractResponseType">
    <xsd:sequence>
      <xsd:element maxOccurs="1000" minOccurs="0" name="result" type="core:getExtractResponse"/>
      <xsd:element minOccurs="0" name="detail" type="exc:ExceptionsType"/>
    </xsd:sequence>
  </xsd:complexType>
  <xsd:complexType name="ExtractAsPdfRequestType">
    <xsd:sequence>
      <xsd:element name="documentReference" type="xsd:string"/>
      <xsd:element name="language" type="tns:languageType"/>
      <xsd:element default="01050" minOccurs="0" name="municipalityCode" type="xsd:string"/>
    </xsd:sequence>
  </xsd:complexType>
  <xsd:complexType name="GetExtractAsPdfRequestType">
    <xsd:sequence>
      <xsd:element name="messageContext" type="cme:RequestMessageContextType"/>
      <xsd:element name="legalContext" type="cme:LegalContextType"/>
      <xsd:element name="request" type="tns:ExtractAsPdfRequestType"/>
    </xsd:sequence>
  </xsd:complexType>
  <xsd:complexType name="GetExtractAsPdfResponseType">
    <xsd:sequence>
      <xsd:element name="messageContext" type="cme:ResponseMessageContextType"/>
      <xsd:element minOccurs="0" name="responses" type="tns:extractAsPdfResponsesType"/>
      <xsd:element minOccurs="0" name="exceptions" type="exc:ExceptionsType"/>
    </xsd:sequence>
  </xsd:complexType>
  <xsd:complexType name="extractAsPdfResponsesType">
    <xsd:sequence>
      <xsd:element name="response" type="tns:extractAsPdfResponseType"/>
    </xsd:sequence>
  </xsd:complexType>
  <xsd:complexType name="extractAsPdfResponseType">
    <xsd:sequence>
      <xsd:element maxOccurs="1000" minOccurs="0" name="result" type="core:getExtractAsPdfResponse"/>
      <xsd:element minOccurs="0" name="detail" type="exc:ExceptionsType"/>
    </xsd:sequence>
  </xsd:complexType>
  <xsd:complexType name="SaveOrUpdateDocRequestType">
    <xsd:sequence>
      <xsd:element name="language" type="tns:languageType"/>
      <xsd:element default="01050" minOccurs="0" name="municipalityCode" type="xsd:string"/>
      <xsd:element name="saveOrUpdateDocument" type="core:saveOrUpdateDocument"/>
    </xsd:sequence>
  </xsd:complexType>
  <xsd:complexType name="SaveOrUpdateDocumentRequestType">
    <xsd:sequence>
      <xsd:element name="messageContext" type="cme:RequestMessageContextType"/>
      <xsd:element name="legalContext" type="cme:LegalContextType"/>
      <xsd:element name="request" type="tns:SaveOrUpdateDocRequestType"/>
    </xsd:sequence>
  </xsd:complexType>
  <xsd:complexType name="SaveOrUpdateDocumentResponseType">
    <xsd:sequence>
      <xsd:element name="messageContext" type="cme:ResponseMessageContextType"/>
      <xsd:element minOccurs="0" name="responses" type="tns:saveOrUpdateDocResponsesType"/>
      <xsd:element minOccurs="0" name="exceptions" type="exc:ExceptionsType"/>
    </xsd:sequence>
  </xsd:complexType>
  <xsd:complexType name="saveOrUpdateDocResponsesType">
    <xsd:sequence>
      <xsd:element name="response" type="tns:saveOrUpdateDocResponseType"/>
    </xsd:sequence>
  </xsd:complexType>
  <xsd:complexType name="saveOrUpdateDocResponseType">
    <xsd:sequence>
      <xsd:element maxOccurs="1000" minOccurs="0" name="result" type="core:saveOrUpdateDocumentResponse"/>
      <xsd:element minOccurs="0" name="detail" type="exc:ExceptionsType"/>
    </xsd:sequence>
  </xsd:complexType>
  <xsd:complexType name="SearchDocRequestType">
    <xsd:sequence>
      <xsd:element name="language" type="tns:languageType"/>
      <xsd:element default="01050" minOccurs="0" name="municipalityCode" type="xsd:string"/>
      <xsd:element name="searchDocument" type="core:searchDocument"/>
    </xsd:sequence>
  </xsd:complexType>
  <xsd:complexType name="SearchDocumentRequestType">
    <xsd:sequence>
      <xsd:element name="messageContext" type="cme:RequestMessageContextType"/>
      <xsd:element name="legalContext" type="cme:LegalContextType"/>
      <xsd:element name="request" type="tns:SearchDocRequestType"/>
    </xsd:sequence>
  </xsd:complexType>
  <xsd:complexType name="SearchDocumentResponseType">
    <xsd:sequence>
      <xsd:element name="messageContext" type="cme:ResponseMessageContextType"/>
      <xsd:element minOccurs="0" name="responses" type="tns:searchDocResponsesType"/>
      <xsd:element minOccurs="0" name="exceptions" type="exc:ExceptionsType"/>
    </xsd:sequence>
  </xsd:complexType>
  <xsd:complexType name="searchDocResponsesType">
    <xsd:sequence>
      <xsd:element name="response" type="tns:searchDocResponseType"/>
    </xsd:sequence>
  </xsd:complexType>
  <xsd:complexType name="searchDocResponseType">
    <xsd:sequence>
      <xsd:element maxOccurs="1000" minOccurs="0" name="result" type="core:searchDocumentResponse"/>
      <xsd:element minOccurs="0" name="detail" type="exc:ExceptionsType"/>
    </xsd:sequence>
  </xsd:complexType>
  <xsd:complexType name="ValidateDocRequestType">
    <xsd:sequence>
      <xsd:element name="language" type="tns:languageType"/>
      <xsd:element default="01050" minOccurs="0" name="municipalityCode" type="xsd:string"/>
      <xsd:element name="validateDocument" type="core:validateDocument"/>
    </xsd:sequence>
  </xsd:complexType>
  <xsd:complexType name="ValidateDocumentRequestType">
    <xsd:sequence>
      <xsd:element name="messageContext" type="cme:RequestMessageContextType"/>
      <xsd:element name="legalContext" type="cme:LegalContextType"/>
      <xsd:element name="request" type="tns:ValidateDocRequestType"/>
    </xsd:sequence>
  </xsd:complexType>
  <xsd:complexType name="ValidateDocumentResponseType">
    <xsd:sequence>
      <xsd:element name="messageContext" type="cme:ResponseMessageContextType"/>
      <xsd:element minOccurs="0" name="responses" type="tns:validateDocResponsesType"/>
      <xsd:element minOccurs="0" name="exceptions" type="exc:ExceptionsType"/>
    </xsd:sequence>
  </xsd:complexType>
  <xsd:complexType name="validateDocResponsesType">
    <xsd:sequence>
      <xsd:element name="response" type="tns:validateDocResponseType"/>
    </xsd:sequence>
  </xsd:complexType>
  <xsd:complexType name="validateDocResponseType">
    <xsd:sequence>
      <xsd:element maxOccurs="1000" minOccurs="0" name="result" type="core:validateDocumentResponse"/>
      <xsd:element minOccurs="0" name="detail" type="exc:ExceptionsType"/>
    </xsd:sequence>
  </xsd:complexType>
  <xsd:simpleType name="languageType">
    <xsd:restriction base="xsd:string">
      <xsd:enumeration value="fr"/>
      <xsd:enumeration value="nl"/>
    </xsd:restriction>
  </xsd:simpleType>
  <xsd:element name="getCopyConformRequest" type="tns:GetCopyConformRequestType"/>
  <xsd:element name="getCopyConformResponse" type="tns:GetCopyConformResponseType"/>
  <xsd:element name="getCopyConformAsPdfRequest" type="tns:GetCopyConformAsPdfRequestType"/>
  <xsd:element name="getCopyConformAsPdfResponse" type="tns:GetCopyConformAsPdfResponseType"/>
  <xsd:element name="getDocumentRequest" type="tns:GetDocumentRequestType"/>
  <xsd:element name="getDocumentResponse" type="tns:GetDocumentResponseType"/>
  <xsd:element name="getExtractRequest" type="tns:GetExtractRequestType"/>
  <xsd:element name="getExtractResponse" type="tns:GetExtractResponseType"/>
  <xsd:element name="getExtractAsPdfRequest" type="tns:GetExtractAsPdfRequestType"/>
  <xsd:element name="getExtractAsPdfResponse" type="tns:GetExtractAsPdfResponseType"/>
  <xsd:element name="saveOrUpdateDocumentRequest" type="tns:SaveOrUpdateDocumentRequestType"/>
  <xsd:element name="saveOrUpdateDocumentResponse" type="tns:SaveOrUpdateDocumentResponseType"/>
  <xsd:element name="searchDocumentRequest" type="tns:SearchDocumentRequestType"/>
  <xsd:element name="searchDocumentResponse" type="tns:SearchDocumentResponseType"/>
  <xsd:element name="validateDocumentRequest" type="tns:ValidateDocumentRequestType"/>
  <xsd:element name="validateDocumentResponse" type="tns:ValidateDocumentResponseType"/>
</xsd:schema>]]></con:content><con:type>http://www.w3.org/2001/XMLSchema</con:type></con:part><con:part><con:url>https://192.168.22.53:8443/services/CivilStatusDocumentService_v1.0?xsd=documentMessage_1.0</con:url><con:content><![CDATA[<xs:schema attributeFormDefault="unqualified" elementFormDefault="unqualified" targetNamespace="http://www.fgov.be/dabs/core" xmlns:xs="http://www.w3.org/2001/XMLSchema" xmlns:tns="http://www.fgov.be/dabs/core">
  <xs:element name="getCopyConform" type="tns:getCopyConform"/>
  <xs:element name="getCopyConformAsPdf" type="tns:getCopyConformAsPdf"/>
  <xs:element name="getCopyConformAsPdfResponse" type="tns:getCopyConformAsPdfResponse"/>
  <xs:element name="getCopyConformResponse" type="tns:getCopyConformResponse"/>
  <xs:element name="getDocument" type="tns:getDocument"/>
  <xs:element name="getDocumentResponse" type="tns:getDocumentResponse"/>
  <xs:element name="getExtract" type="tns:getExtract"/>
  <xs:element name="getExtractAsPdf" type="tns:getExtractAsPdf"/>
  <xs:element name="getExtractAsPdfResponse" type="tns:getExtractAsPdfResponse"/>
  <xs:element name="getExtractResponse" type="tns:getExtractResponse"/>
  <xs:element name="saveOrUpdateDocument" type="tns:saveOrUpdateDocument"/>
  <xs:element name="saveOrUpdateDocumentResponse" type="tns:saveOrUpdateDocumentResponse"/>
  <xs:element name="searchDocument" type="tns:searchDocument"/>
  <xs:element name="searchDocumentResponse" type="tns:searchDocumentResponse"/>
  <xs:element name="validateDocument" type="tns:validateDocument"/>
  <xs:element name="validateDocumentResponse" type="tns:validateDocumentResponse"/>
  <xs:complexType name="getDocument">
    <xs:sequence>
      <xs:element name="documentReference" type="xs:string"/>
    </xs:sequence>
  </xs:complexType>
  <xs:complexType name="getDocumentResponse">
    <xs:sequence>
      <xs:element minOccurs="0" name="document" type="tns:document"/>
    </xs:sequence>
  </xs:complexType>
  <xs:complexType abstract="true" name="document">
    <xs:sequence>
      <xs:element minOccurs="0" name="attachments">
        <xs:complexType>
          <xs:sequence>
            <xs:element maxOccurs="unbounded" minOccurs="0" name="attachment" type="tns:attachment"/>
          </xs:sequence>
        </xs:complexType>
      </xs:element>
      <xs:element name="certificateOriginType" type="tns:certificateOriginType"/>
      <xs:element minOccurs="0" name="factDate" type="tns:dabsDate"/>
      <xs:element minOccurs="0" name="establishingDate" type="xs:date"/>
      <xs:element name="redactionPlace" type="tns:municipality"/>
      <xs:element name="origin" type="tns:docOrigin"/>
      <xs:element minOccurs="0" name="persons">
        <xs:complexType>
          <xs:sequence>
            <xs:element maxOccurs="unbounded" minOccurs="0" name="person" type="tns:person"/>
          </xs:sequence>
        </xs:complexType>
      </xs:element>
      <xs:element minOccurs="0" name="oldDocumentReference" type="xs:string"/>
      <xs:element name="docState" type="tns:docState"/>
      <xs:element minOccurs="0" name="sideNotes">
        <xs:complexType>
          <xs:sequence>
            <xs:element maxOccurs="unbounded" minOccurs="0" name="sideNote" type="tns:sideNote"/>
          </xs:sequence>
        </xs:complexType>
      </xs:element>
      <xs:element minOccurs="0" name="act" type="xs:base64Binary"/>
      <xs:element maxOccurs="unbounded" minOccurs="0" name="impactedBy" nillable="true" type="tns:impactedDocument"/>
      <xs:element minOccurs="0" name="documentReference" type="xs:string"/>
    </xs:sequence>
  </xs:complexType>
  <xs:complexType name="attachment">
    <xs:sequence>
      <xs:element name="type" type="tns:attachmentType"/>
      <xs:element minOccurs="0" name="language" type="tns:language"/>
      <xs:element name="country" type="xs:string"/>
      <xs:element name="file" type="xs:base64Binary"/>
      <xs:element name="extension" type="tns:extensionType"/>
    </xs:sequence>
  </xs:complexType>
  <xs:complexType name="dabsDate">
    <xs:sequence>
      <xs:element minOccurs="0" name="day" nillable="true" type="xs:int"/>
      <xs:element minOccurs="0" name="month" nillable="true" type="xs:int"/>
      <xs:element name="year" type="xs:int"/>
    </xs:sequence>
  </xs:complexType>
  <xs:complexType name="municipality">
    <xs:sequence>
      <xs:element minOccurs="0" name="municipalityCode" type="xs:string"/>
      <xs:element minOccurs="0" name="municipalityFreeText" type="xs:string"/>
      <xs:element minOccurs="0" name="countryCode" type="xs:string"/>
      <xs:element minOccurs="0" name="countryFreeText" type="xs:string"/>
    </xs:sequence>
  </xs:complexType>
  <xs:complexType name="person">
    <xs:sequence>
      <xs:element name="origin" type="tns:personOrigin"/>
      <xs:element minOccurs="0" name="nobility" type="tns:nobility"/>
      <xs:element minOccurs="0" name="nobilityFree" type="xs:string"/>
      <xs:element minOccurs="0" name="birthPlace" type="tns:municipality"/>
      <xs:element minOccurs="0" name="birthDate" type="tns:dabsDate"/>
      <xs:element minOccurs="0" name="firstname" type="xs:string"/>
      <xs:element minOccurs="0" name="lastname" type="xs:string"/>
      <xs:element minOccurs="0" name="nationality" type="xs:string"/>
      <xs:element minOccurs="0" name="gender" type="tns:gender"/>
      <xs:element name="roles">
        <xs:complexType>
          <xs:sequence>
            <xs:element maxOccurs="unbounded" minOccurs="0" name="role" type="tns:roleType"/>
          </xs:sequence>
        </xs:complexType>
      </xs:element>
      <xs:element name="personNumber" nillable="true" type="xs:string"/>
    </xs:sequence>
  </xs:complexType>
  <xs:complexType name="sideNote">
    <xs:sequence>
      <xs:element minOccurs="0" name="sideNoteType" type="tns:sideNoteType"/>
      <xs:element name="decisionType" type="tns:decisionType"/>
      <xs:element name="decisionCategory" type="tns:decisionCategory"/>
      <xs:element minOccurs="0" name="decisionReference" type="xs:string"/>
      <xs:element minOccurs="0" name="decisionDate" type="tns:dabsDate"/>
      <xs:element minOccurs="0" name="decisionPlace" type="tns:municipality"/>
      <xs:element minOccurs="0" name="decisionAuthorityCode" type="xs:string"/>
      <xs:element minOccurs="0" name="decisionAuthorityFree" type="xs:string"/>
      <xs:element minOccurs="0" name="applicationDate" type="xs:date"/>
      <xs:element minOccurs="0" name="registrationDate" type="xs:date"/>
    </xs:sequence>
  </xs:complexType>
  <xs:complexType name="impactedDocument">
    <xs:sequence>
      <xs:element minOccurs="0" name="documentReference" type="xs:string"/>
      <xs:element minOccurs="0" name="factDate" type="tns:dabsDate"/>
      <xs:element minOccurs="0" name="type" type="tns:docType"/>
    </xs:sequence>
  </xs:complexType>
  <xs:complexType name="absenceCertificate">
    <xs:complexContent>
      <xs:extension base="tns:document">
        <xs:sequence/>
      </xs:extension>
    </xs:complexContent>
  </xs:complexType>
  <xs:complexType name="adoptionCertificate">
    <xs:complexContent>
      <xs:extension base="tns:document">
        <xs:sequence>
          <xs:element minOccurs="0" name="adoptionType" type="tns:adoptionType"/>
          <xs:element minOccurs="0" name="nameDeclaration" type="tns:nameDeclaration"/>
          <xs:element minOccurs="0" name="newFirstNames" type="xs:string"/>
          <xs:element minOccurs="0" name="fcaRecognitionDate" type="xs:date"/>
        </xs:sequence>
      </xs:extension>
    </xs:complexContent>
  </xs:complexType>
  <xs:complexType name="nameDeclaration">
    <xs:sequence>
      <xs:element name="name" type="xs:string"/>
      <xs:element minOccurs="0" name="name1" type="xs:string"/>
      <xs:element minOccurs="0" name="name2" type="xs:string"/>
    </xs:sequence>
  </xs:complexType>
  <xs:complexType name="annulmentCertificate">
    <xs:complexContent>
      <xs:extension base="tns:document">
        <xs:sequence>
          <xs:element minOccurs="0" name="annulationType" type="tns:decisionCategory"/>
          <xs:element minOccurs="0" name="annuledCertificateNumber" type="xs:string"/>
        </xs:sequence>
      </xs:extension>
    </xs:complexContent>
  </xs:complexType>
  <xs:complexType name="authorityDecisionCertificate">
    <xs:complexContent>
      <xs:extension base="tns:document">
        <xs:sequence>
          <xs:element minOccurs="0" name="authorityDecisionDetail" type="tns:authorityDecisionDetail"/>
        </xs:sequence>
      </xs:extension>
    </xs:complexContent>
  </xs:complexType>
  <xs:complexType name="authorityDecisionDetail">
    <xs:sequence>
      <xs:element name="decisionType" type="tns:decisionType"/>
      <xs:element name="decisionCategory" type="tns:decisionCategory"/>
      <xs:element minOccurs="0" name="decisionReference" type="xs:string"/>
      <xs:element minOccurs="0" name="decisionAuthorityCode" type="tns:jurisdictionPlace"/>
      <xs:element minOccurs="0" name="decisionAuthorityFree" type="xs:string"/>
      <xs:element minOccurs="0" name="decisionDate" type="xs:date"/>
      <xs:element minOccurs="0" name="applicationDate" type="xs:date"/>
      <xs:element minOccurs="0" name="modifiedCertificateReference" type="xs:string"/>
      <xs:element minOccurs="0" name="sideNoteType" type="tns:sideNoteType"/>
      <xs:element maxOccurs="unbounded" minOccurs="0" name="changedValues" type="tns:update_value"/>
      <xs:element maxOccurs="unbounded" minOccurs="0" name="person" type="tns:person"/>
    </xs:sequence>
  </xs:complexType>
  <xs:complexType name="update_value">
    <xs:sequence>
      <xs:element name="changedFieldCode" type="tns:code"/>
      <xs:element name="changedFieldOldValue" nillable="true" type="xs:string"/>
      <xs:element name="changedFieldNewValue" nillable="true" type="xs:string"/>
    </xs:sequence>
  </xs:complexType>
  <xs:complexType name="birthCertificate">
    <xs:complexContent>
      <xs:extension base="tns:document">
        <xs:sequence>
          <xs:element minOccurs="0" name="birthTime" type="xs:time"/>
          <xs:element minOccurs="0" name="nameDeclaration" type="tns:nameDeclaration"/>
          <xs:element name="nameDeclarationMadeByTheParents" type="xs:boolean"/>
          <xs:element name="gender" type="tns:gender"/>
          <xs:element minOccurs="0" name="childAddress" type="tns:address"/>
          <xs:element minOccurs="0" name="consentRole" type="tns:roleType"/>
          <xs:element minOccurs="0" name="consentDate" type="xs:date"/>
          <xs:element minOccurs="0" name="consentPlace" type="tns:municipality"/>
          <xs:element minOccurs="0" name="consentAuthority" type="tns:consentAuthorityType"/>
          <xs:element minOccurs="0" name="juridicalAuthority" type="tns:jurisdictionPlace"/>
          <xs:element minOccurs="0" name="juridicalReference" type="xs:string"/>
          <xs:element minOccurs="0" name="verdictDate" type="xs:date"/>
          <xs:element minOccurs="0" name="nationalityCode" type="xs:string"/>
          <xs:element minOccurs="0" name="prenatalRecognitionDocumentReference" type="xs:string"/>
        </xs:sequence>
      </xs:extension>
    </xs:complexContent>
  </xs:complexType>
  <xs:complexType name="address">
    <xs:sequence>
      <xs:element minOccurs="0" name="placeCode" type="xs:string"/>
      <xs:element minOccurs="0" name="postCode" type="xs:string"/>
      <xs:element minOccurs="0" name="streetCode" type="xs:string"/>
      <xs:element minOccurs="0" name="houseNumber" type="xs:int"/>
      <xs:element minOccurs="0" name="indexNumber" type="xs:string"/>
    </xs:sequence>
  </xs:complexType>
  <xs:complexType name="deathCertificate">
    <xs:complexContent>
      <xs:extension base="tns:document">
        <xs:sequence>
          <xs:element minOccurs="0" name="deceasePlace" type="tns:municipality"/>
          <xs:element minOccurs="0" name="deceaseTime" type="xs:time"/>
          <xs:element minOccurs="0" name="lifelessBody" type="xs:boolean"/>
        </xs:sequence>
      </xs:extension>
    </xs:complexContent>
  </xs:complexType>
  <xs:complexType name="divorceCertificate">
    <xs:complexContent>
      <xs:extension base="tns:document">
        <xs:sequence>
          <xs:element minOccurs="0" name="marriageCertificateNumber" type="xs:string"/>
        </xs:sequence>
      </xs:extension>
    </xs:complexContent>
  </xs:complexType>
  <xs:complexType name="firstNameChangeCertificate">
    <xs:complexContent>
      <xs:extension base="tns:document">
        <xs:sequence>
          <xs:element name="firstNames" type="xs:string"/>
        </xs:sequence>
      </xs:extension>
    </xs:complexContent>
  </xs:complexType>
  <xs:complexType name="declarationOfLifelessChildCertificate">
    <xs:complexContent>
      <xs:extension base="tns:document">
        <xs:sequence>
          <xs:element minOccurs="0" name="firstnames" type="xs:string"/>
          <xs:element minOccurs="0" name="gender" type="tns:gender"/>
          <xs:element minOccurs="0" name="birthTime" type="xs:time"/>
          <xs:element name="birthPlace" type="tns:municipality"/>
          <xs:element minOccurs="0" name="durationOfPregnancy" type="xs:int"/>
          <xs:element minOccurs="0" name="name" type="xs:string"/>
        </xs:sequence>
      </xs:extension>
    </xs:complexContent>
  </xs:complexType>
  <xs:complexType name="marriageCertificate">
    <xs:complexContent>
      <xs:extension base="tns:document">
        <xs:sequence>
          <xs:element minOccurs="0" name="namechangeSpouse1" type="xs:string"/>
          <xs:element minOccurs="0" name="namechangeSpouse2" type="xs:string"/>
        </xs:sequence>
      </xs:extension>
    </xs:complexContent>
  </xs:complexType>
  <xs:complexType name="nameChangeCertificate">
    <xs:complexContent>
      <xs:extension base="tns:document">
        <xs:sequence>
          <xs:element name="nameDeclaration" type="tns:nameDeclaration"/>
          <xs:element name="reasonForTheCertificate" type="tns:nameChangeReasonType"/>
          <xs:element minOccurs="0" name="requestingDate" type="xs:date"/>
        </xs:sequence>
      </xs:extension>
    </xs:complexContent>
  </xs:complexType>
  <xs:complexType name="nationalityCertificate">
    <xs:complexContent>
      <xs:extension base="tns:document">
        <xs:sequence>
          <xs:element minOccurs="0" name="reasonForTheCertificate" type="tns:nationalityReasonType"/>
          <xs:element minOccurs="0" name="otherNationalityCode" type="xs:string"/>
        </xs:sequence>
      </xs:extension>
    </xs:complexContent>
  </xs:complexType>
  <xs:complexType name="prenatalRecognitionCertificate">
    <xs:complexContent>
      <xs:extension base="tns:document">
        <xs:sequence>
          <xs:element minOccurs="0" name="motherConsentDate" type="xs:date"/>
          <xs:element minOccurs="0" name="motherConsentPlace" type="tns:municipality"/>
          <xs:element minOccurs="0" name="motherConsentAuthority" type="tns:consentAuthorityType"/>
          <xs:element minOccurs="0" name="juridicalReference" type="xs:string"/>
          <xs:element minOccurs="0" name="juridicalAuthority" type="tns:jurisdictionPlace"/>
          <xs:element minOccurs="0" name="verdictDate" type="xs:date"/>
          <xs:element minOccurs="0" name="applicationDate" type="xs:date"/>
        </xs:sequence>
      </xs:extension>
    </xs:complexContent>
  </xs:complexType>
  <xs:complexType name="recognitionCertificate">
    <xs:complexContent>
      <xs:extension base="tns:document">
        <xs:sequence>
          <xs:element minOccurs="0" name="nameDeclaration" type="tns:nameDeclaration"/>
          <xs:element name="nameDeclarationMadeByTheParents" type="xs:boolean"/>
          <xs:element minOccurs="0" name="filiationConsentDate" type="xs:date"/>
          <xs:element minOccurs="0" name="filiationConsentPlace" type="tns:municipality"/>
          <xs:element minOccurs="0" name="filiationConsentAuthority" type="tns:consentAuthorityType"/>
          <xs:element minOccurs="0" name="childConsentDate" type="xs:date"/>
          <xs:element minOccurs="0" name="childConsentPlace" type="tns:municipality"/>
          <xs:element minOccurs="0" name="childConsentAuthority" type="tns:consentAuthorityType"/>
          <xs:element minOccurs="0" name="legalRepresentativeConsentDate" type="xs:date"/>
          <xs:element minOccurs="0" name="legalRepresentativeConsentPlace" type="tns:municipality"/>
          <xs:element minOccurs="0" name="legalRepresentativeConsentAuthority" type="tns:consentAuthorityType"/>
          <xs:element minOccurs="0" name="courtConsentJurisdiction" type="tns:jurisdictionPlace"/>
          <xs:element minOccurs="0" name="courtConsentVerdictDate" type="xs:date"/>
          <xs:element minOccurs="0" name="courtConsentReference" type="xs:string"/>
          <xs:element minOccurs="0" name="applicationDate" type="xs:date"/>
          <xs:element minOccurs="0" name="newFirstName" type="xs:string"/>
        </xs:sequence>
      </xs:extension>
    </xs:complexContent>
  </xs:complexType>
  <xs:complexType name="sexChangeCertificate">
    <xs:complexContent>
      <xs:extension base="tns:document">
        <xs:sequence>
          <xs:element name="newGender" nillable="true" type="tns:gender"/>
        </xs:sequence>
      </xs:extension>
    </xs:complexContent>
  </xs:complexType>
  <xs:complexType name="modificationCertificate">
    <xs:complexContent>
      <xs:extension base="tns:document">
        <xs:sequence>
          <xs:element minOccurs="0" name="authorityDecisionDetail" type="tns:authorityDecisionDetail"/>
        </xs:sequence>
      </xs:extension>
    </xs:complexContent>
  </xs:complexType>
  <xs:complexType name="impactedRole">
    <xs:sequence>
      <xs:element minOccurs="0" name="actionType" type="tns:actionType"/>
      <xs:element minOccurs="0" name="impactDocRole" type="tns:roleType"/>
      <xs:element name="impactsDocType" type="xs:int"/>
      <xs:element minOccurs="0" name="role" type="tns:roleType"/>
    </xs:sequence>
  </xs:complexType>
  <xs:complexType name="roleRequirement">
    <xs:sequence/>
  </xs:complexType>
  <xs:complexType name="error">
    <xs:sequence>
      <xs:element minOccurs="0" name="errorCode" type="xs:int"/>
      <xs:element maxOccurs="unbounded" minOccurs="0" name="arguments" type="xs:string"/>
      <xs:element minOccurs="0" name="msg" type="xs:string"/>
    </xs:sequence>
  </xs:complexType>
  <xs:complexType name="getExtractAsPdf">
    <xs:sequence>
      <xs:element name="documentReference" type="xs:string"/>
      <xs:element name="language" type="xs:string"/>
      <xs:element minOccurs="0" name="actType" type="tns:actType"/>
    </xs:sequence>
  </xs:complexType>
  <xs:complexType name="getExtractAsPdfResponse">
    <xs:sequence>
      <xs:element minOccurs="0" name="extractAsPdf" type="tns:pdfExport"/>
    </xs:sequence>
  </xs:complexType>
  <xs:complexType name="pdfExport">
    <xs:sequence>
      <xs:element minOccurs="0" name="documentReference" type="xs:string"/>
      <xs:element minOccurs="0" name="pdf" type="xs:base64Binary"/>
    </xs:sequence>
  </xs:complexType>
  <xs:complexType name="searchDocument">
    <xs:sequence>
      <xs:element name="documentSearch" type="tns:documentSearch"/>
    </xs:sequence>
  </xs:complexType>
  <xs:complexType name="documentSearch">
    <xs:sequence>
      <xs:element minOccurs="0" name="type" type="tns:docType"/>
      <xs:element minOccurs="0" name="state" type="tns:docState"/>
      <xs:element minOccurs="0" name="factDate" type="tns:dabsDate"/>
      <xs:element minOccurs="0" name="personNumber" type="xs:string"/>
      <xs:element minOccurs="0" name="firstname" type="xs:string"/>
      <xs:element minOccurs="0" name="lastname" type="xs:string"/>
      <xs:element minOccurs="0" name="birthDate" type="tns:dabsDate"/>
      <xs:element minOccurs="0" name="placeOfOrigin" type="xs:string"/>
      <xs:element name="searchInRrn" type="xs:boolean"/>
    </xs:sequence>
  </xs:complexType>
  <xs:complexType name="searchDocumentResponse">
    <xs:sequence>
      <xs:element maxOccurs="unbounded" minOccurs="0" name="documents" type="tns:searchDocumentResult"/>
    </xs:sequence>
  </xs:complexType>
  <xs:complexType name="searchDocumentResult">
    <xs:sequence>
      <xs:element name="docReference" nillable="true" type="xs:long"/>
      <xs:element name="factDate" type="tns:dabsDate"/>
      <xs:element name="docType" type="tns:docType"/>
      <xs:element name="docState" type="tns:docState"/>
      <xs:element name="certificateOriginType" type="tns:certificateOriginType"/>
      <xs:element maxOccurs="unbounded" name="searchPeople" type="tns:searchPerson"/>
      <xs:element name="placeOfOrigin" type="xs:string"/>
    </xs:sequence>
  </xs:complexType>
  <xs:complexType name="searchPerson">
    <xs:sequence>
      <xs:element name="personNumber" nillable="true" type="xs:string"/>
      <xs:element minOccurs="0" name="nobilityCode" nillable="true" type="tns:nobility"/>
      <xs:element minOccurs="0" name="nobilityFree" nillable="true" type="xs:string"/>
      <xs:element minOccurs="0" name="firstName" nillable="true" type="xs:string"/>
      <xs:element minOccurs="0" name="name" nillable="true" type="xs:string"/>
      <xs:element name="personOrigin" type="tns:personOrigin"/>
      <xs:element name="roleType" type="tns:roleType"/>
      <xs:element name="birthDate" type="tns:dabsDate"/>
    </xs:sequence>
  </xs:complexType>
  <xs:complexType name="getCopyConformAsPdf">
    <xs:sequence>
      <xs:element name="documentReference" type="xs:string"/>
      <xs:element name="language" type="xs:string"/>
    </xs:sequence>
  </xs:complexType>
  <xs:complexType name="getCopyConformAsPdfResponse">
    <xs:sequence>
      <xs:element minOccurs="0" name="copyConformAsPdf" type="tns:pdfExport"/>
    </xs:sequence>
  </xs:complexType>
  <xs:complexType name="getCopyConform">
    <xs:sequence>
      <xs:element name="documentReference" type="xs:string"/>
      <xs:element name="language" type="xs:string"/>
    </xs:sequence>
  </xs:complexType>
  <xs:complexType name="getCopyConformResponse">
    <xs:sequence>
      <xs:element minOccurs="0" name="copyConform" type="tns:conformCopy"/>
    </xs:sequence>
  </xs:complexType>
  <xs:complexType name="conformCopy">
    <xs:sequence>
      <xs:element name="creationDate" type="xs:dateTime"/>
      <xs:element minOccurs="0" name="validityDate" type="xs:date"/>
      <xs:element minOccurs="0" name="exportDocument" type="tns:exportCertificate"/>
    </xs:sequence>
  </xs:complexType>
  <xs:complexType name="exportCertificate">
    <xs:sequence>
      <xs:element minOccurs="0" name="originalInfos" type="tns:document"/>
      <xs:element minOccurs="0" name="impactedByDocuments">
        <xs:complexType>
          <xs:sequence>
            <xs:element maxOccurs="unbounded" minOccurs="0" name="document" type="tns:document"/>
          </xs:sequence>
        </xs:complexType>
      </xs:element>
    </xs:sequence>
  </xs:complexType>
  <xs:complexType name="validateDocument">
    <xs:sequence>
      <xs:element name="document" type="tns:document"/>
    </xs:sequence>
  </xs:complexType>
  <xs:complexType name="validateDocumentResponse">
    <xs:sequence/>
  </xs:complexType>
  <xs:complexType name="getExtract">
    <xs:sequence>
      <xs:element name="documentReference" type="xs:string"/>
    </xs:sequence>
  </xs:complexType>
  <xs:complexType name="getExtractResponse">
    <xs:sequence>
      <xs:element minOccurs="0" name="extract" type="tns:extract"/>
    </xs:sequence>
  </xs:complexType>
  <xs:complexType name="extract">
    <xs:sequence>
      <xs:element name="creationDate" type="xs:dateTime"/>
      <xs:element name="validityDate" type="xs:date"/>
      <xs:element minOccurs="0" name="exportDocument" type="tns:exportCertificate"/>
    </xs:sequence>
  </xs:complexType>
  <xs:complexType name="saveOrUpdateDocument">
    <xs:sequence>
      <xs:element name="document" type="tns:document"/>
    </xs:sequence>
  </xs:complexType>
  <xs:complexType name="saveOrUpdateDocumentResponse">
    <xs:sequence>
      <xs:element minOccurs="0" name="document" type="tns:document"/>
    </xs:sequence>
  </xs:complexType>
  <xs:simpleType name="attachmentType">
    <xs:restriction base="xs:string">
      <xs:enumeration value="FOREIGN"/>
      <xs:enumeration value="OLD"/>
      <xs:enumeration value="OTHER"/>
    </xs:restriction>
  </xs:simpleType>
  <xs:simpleType name="language">
    <xs:restriction base="xs:string">
      <xs:enumeration value="aa"/>
      <xs:enumeration value="ab"/>
      <xs:enumeration value="ae"/>
      <xs:enumeration value="af"/>
      <xs:enumeration value="ak"/>
      <xs:enumeration value="am"/>
      <xs:enumeration value="an"/>
      <xs:enumeration value="ar"/>
      <xs:enumeration value="as"/>
      <xs:enumeration value="av"/>
      <xs:enumeration value="ay"/>
      <xs:enumeration value="az"/>
      <xs:enumeration value="ba"/>
      <xs:enumeration value="be"/>
      <xs:enumeration value="bg"/>
      <xs:enumeration value="bh"/>
      <xs:enumeration value="bm"/>
      <xs:enumeration value="bi"/>
      <xs:enumeration value="bn"/>
      <xs:enumeration value="bo"/>
      <xs:enumeration value="br"/>
      <xs:enumeration value="bs"/>
      <xs:enumeration value="ca"/>
      <xs:enumeration value="ce"/>
      <xs:enumeration value="ch"/>
      <xs:enumeration value="co"/>
      <xs:enumeration value="cr"/>
      <xs:enumeration value="cs"/>
      <xs:enumeration value="cu"/>
      <xs:enumeration value="cv"/>
      <xs:enumeration value="cy"/>
      <xs:enumeration value="da"/>
      <xs:enumeration value="de"/>
      <xs:enumeration value="dv"/>
      <xs:enumeration value="dz"/>
      <xs:enumeration value="ee"/>
      <xs:enumeration value="el"/>
      <xs:enumeration value="en"/>
      <xs:enumeration value="eo"/>
      <xs:enumeration value="es"/>
      <xs:enumeration value="et"/>
      <xs:enumeration value="eu"/>
      <xs:enumeration value="fa"/>
      <xs:enumeration value="ff"/>
      <xs:enumeration value="fi"/>
      <xs:enumeration value="fj"/>
      <xs:enumeration value="fo"/>
      <xs:enumeration value="fr"/>
      <xs:enumeration value="fy"/>
      <xs:enumeration value="ga"/>
      <xs:enumeration value="gd"/>
      <xs:enumeration value="gl"/>
      <xs:enumeration value="gn"/>
      <xs:enumeration value="gu"/>
      <xs:enumeration value="gv"/>
      <xs:enumeration value="ha"/>
      <xs:enumeration value="he"/>
      <xs:enumeration value="hi"/>
      <xs:enumeration value="ho"/>
      <xs:enumeration value="hr"/>
      <xs:enumeration value="ht"/>
      <xs:enumeration value="hu"/>
      <xs:enumeration value="hy"/>
      <xs:enumeration value="hz"/>
      <xs:enumeration value="ia"/>
      <xs:enumeration value="id"/>
      <xs:enumeration value="ie"/>
      <xs:enumeration value="ig"/>
      <xs:enumeration value="ii"/>
      <xs:enumeration value="ik"/>
      <xs:enumeration value="io"/>
      <xs:enumeration value="is"/>
      <xs:enumeration value="it"/>
      <xs:enumeration value="iu"/>
      <xs:enumeration value="ja"/>
      <xs:enumeration value="jv"/>
      <xs:enumeration value="ka"/>
      <xs:enumeration value="kg"/>
      <xs:enumeration value="ki"/>
      <xs:enumeration value="kj"/>
      <xs:enumeration value="kk"/>
      <xs:enumeration value="kl"/>
      <xs:enumeration value="km"/>
      <xs:enumeration value="kn"/>
      <xs:enumeration value="ko"/>
      <xs:enumeration value="kr"/>
      <xs:enumeration value="ks"/>
      <xs:enumeration value="ku"/>
      <xs:enumeration value="kv"/>
      <xs:enumeration value="kw"/>
      <xs:enumeration value="ky"/>
      <xs:enumeration value="la"/>
      <xs:enumeration value="lb"/>
      <xs:enumeration value="lg"/>
      <xs:enumeration value="li"/>
      <xs:enumeration value="ln"/>
      <xs:enumeration value="lo"/>
      <xs:enumeration value="lt"/>
      <xs:enumeration value="lu"/>
      <xs:enumeration value="lv"/>
      <xs:enumeration value="mg"/>
      <xs:enumeration value="mh"/>
      <xs:enumeration value="mi"/>
      <xs:enumeration value="mk"/>
      <xs:enumeration value="ml"/>
      <xs:enumeration value="mn"/>
      <xs:enumeration value="mr"/>
      <xs:enumeration value="ms"/>
      <xs:enumeration value="mt"/>
      <xs:enumeration value="my"/>
      <xs:enumeration value="na"/>
      <xs:enumeration value="nb"/>
      <xs:enumeration value="nd"/>
      <xs:enumeration value="ne"/>
      <xs:enumeration value="ng"/>
      <xs:enumeration value="nl"/>
      <xs:enumeration value="nn"/>
      <xs:enumeration value="no"/>
      <xs:enumeration value="nr"/>
      <xs:enumeration value="nv"/>
      <xs:enumeration value="ny"/>
      <xs:enumeration value="oc"/>
      <xs:enumeration value="oj"/>
      <xs:enumeration value="om"/>
      <xs:enumeration value="or"/>
      <xs:enumeration value="os"/>
      <xs:enumeration value="pa"/>
      <xs:enumeration value="pi"/>
      <xs:enumeration value="pl"/>
      <xs:enumeration value="ps"/>
      <xs:enumeration value="pt"/>
      <xs:enumeration value="qu"/>
      <xs:enumeration value="rm"/>
      <xs:enumeration value="rn"/>
      <xs:enumeration value="ro"/>
      <xs:enumeration value="ru"/>
      <xs:enumeration value="rw"/>
      <xs:enumeration value="sa"/>
      <xs:enumeration value="sc"/>
      <xs:enumeration value="sd"/>
      <xs:enumeration value="se"/>
      <xs:enumeration value="sg"/>
      <xs:enumeration value="si"/>
      <xs:enumeration value="sk"/>
      <xs:enumeration value="sl"/>
      <xs:enumeration value="sm"/>
      <xs:enumeration value="sn"/>
      <xs:enumeration value="so"/>
      <xs:enumeration value="sq"/>
      <xs:enumeration value="sr"/>
      <xs:enumeration value="ss"/>
      <xs:enumeration value="st"/>
      <xs:enumeration value="su"/>
      <xs:enumeration value="sv"/>
      <xs:enumeration value="sw"/>
      <xs:enumeration value="ta"/>
      <xs:enumeration value="te"/>
      <xs:enumeration value="tg"/>
      <xs:enumeration value="th"/>
      <xs:enumeration value="ti"/>
      <xs:enumeration value="tk"/>
      <xs:enumeration value="tl"/>
      <xs:enumeration value="tn"/>
      <xs:enumeration value="to"/>
      <xs:enumeration value="tr"/>
      <xs:enumeration value="ts"/>
      <xs:enumeration value="tt"/>
      <xs:enumeration value="tw"/>
      <xs:enumeration value="ty"/>
      <xs:enumeration value="ug"/>
      <xs:enumeration value="uk"/>
      <xs:enumeration value="ur"/>
      <xs:enumeration value="uz"/>
      <xs:enumeration value="ve"/>
      <xs:enumeration value="vi"/>
      <xs:enumeration value="vo"/>
      <xs:enumeration value="wa"/>
      <xs:enumeration value="wo"/>
      <xs:enumeration value="xh"/>
      <xs:enumeration value="yi"/>
      <xs:enumeration value="yo"/>
      <xs:enumeration value="za"/>
      <xs:enumeration value="zh"/>
      <xs:enumeration value="zu"/>
    </xs:restriction>
  </xs:simpleType>
  <xs:simpleType name="extensionType">
    <xs:restriction base="xs:string">
      <xs:enumeration value="PDF"/>
      <xs:enumeration value="JPEG"/>
      <xs:enumeration value="PNG"/>
    </xs:restriction>
  </xs:simpleType>
  <xs:simpleType name="certificateOriginType">
    <xs:restriction base="xs:string">
      <xs:enumeration value="NEW_BELGIAN_CERTIFICATE"/>
      <xs:enumeration value="FOREIGN_CERTIFICATE"/>
      <xs:enumeration value="MIGRATED_CERTIFICATE"/>
    </xs:restriction>
  </xs:simpleType>
  <xs:simpleType name="docOrigin">
    <xs:restriction base="xs:string">
      <xs:enumeration value="DABS"/>
      <xs:enumeration value="E_BIRTH"/>
      <xs:enumeration value="E_DEATH"/>
      <xs:enumeration value="MIGRATION"/>
    </xs:restriction>
  </xs:simpleType>
  <xs:simpleType name="personOrigin">
    <xs:restriction base="xs:string">
      <xs:enumeration value="RR"/>
      <xs:enumeration value="BIS"/>
      <xs:enumeration value="BIS_TMP"/>
      <xs:enumeration value="BIS_DRAFT"/>
      <xs:enumeration value="RRN_NR"/>
    </xs:restriction>
  </xs:simpleType>
  <xs:simpleType name="nobility">
    <xs:restriction base="xs:string">
      <xs:enumeration value="PRINCE"/>
      <xs:enumeration value="PRINCESS"/>
      <xs:enumeration value="DUKE"/>
      <xs:enumeration value="DUCHESS"/>
      <xs:enumeration value="MARQUIS"/>
      <xs:enumeration value="MARQUISE"/>
      <xs:enumeration value="COUNT"/>
      <xs:enumeration value="COUNTESS"/>
      <xs:enumeration value="VISCOUNT"/>
      <xs:enumeration value="VISCOUNTESS"/>
      <xs:enumeration value="BARON"/>
      <xs:enumeration value="BARONESS"/>
      <xs:enumeration value="KNIGHT"/>
      <xs:enumeration value="NOBLE_WOMAN"/>
      <xs:enumeration value="NOBLE_MAN"/>
      <xs:enumeration value="ARCHDUKE"/>
      <xs:enumeration value="ARCHDUCHESS"/>
      <xs:enumeration value="GRAND_DUKE"/>
      <xs:enumeration value="GRAND_DUCHESS"/>
      <xs:enumeration value="KING_OF_BELGIUM"/>
      <xs:enumeration value="QUEEN_OF_BELGIUM"/>
      <xs:enumeration value="PRINCE_OF_BELGIUM"/>
      <xs:enumeration value="PRINCESS_OF_BELGIUM"/>
      <xs:enumeration value="DUKE_OF_BRABANT"/>
      <xs:enumeration value="DUCHESS_OF_BRABANT"/>
    </xs:restriction>
  </xs:simpleType>
  <xs:simpleType name="gender">
    <xs:restriction base="xs:string">
      <xs:enumeration value="MALE"/>
      <xs:enumeration value="FEMALE"/>
      <xs:enumeration value="UNKNOWN"/>
    </xs:restriction>
  </xs:simpleType>
  <xs:simpleType name="roleType">
    <xs:restriction base="xs:string">
      <xs:enumeration value="ABS"/>
      <xs:enumeration value="ADOPTIVE_MOTHER"/>
      <xs:enumeration value="ADOPTIVE_FATHER"/>
      <xs:enumeration value="ADOPTIVE_COPARENT"/>
      <xs:enumeration value="CHILD"/>
      <xs:enumeration value="CONCERNED_PERSON"/>
      <xs:enumeration value="COPARENT"/>
      <xs:enumeration value="DECEASED"/>
      <xs:enumeration value="DECLARANT"/>
      <xs:enumeration value="DECLARANT_1"/>
      <xs:enumeration value="DECLARANT_2"/>
      <xs:enumeration value="FATHER"/>
      <xs:enumeration value="LEGAL_REPRESENTATIVE"/>
      <xs:enumeration value="MISSING"/>
      <xs:enumeration value="NOT_RECOGNISING_FATHER"/>
      <xs:enumeration value="NOT_RECOGNISING_COPARENT"/>
      <xs:enumeration value="MOTHER"/>
      <xs:enumeration value="SPOUSE_1"/>
      <xs:enumeration value="SPOUSE_2"/>
      <xs:enumeration value="RECOGNIZER_FATHER"/>
      <xs:enumeration value="RECOGNIZER_MOTHER"/>
      <xs:enumeration value="RECOGNIZER_COPARENT"/>
      <xs:enumeration value="WITNESS"/>
      <xs:enumeration value="ADDED_FATHER"/>
      <xs:enumeration value="ADDED_MOTHER"/>
      <xs:enumeration value="ADDED_COPARENT"/>
      <xs:enumeration value="REMOVED_FATHER"/>
      <xs:enumeration value="REMOVED_MOTHER"/>
      <xs:enumeration value="REMOVED_COPARENT"/>
      <xs:enumeration value="FATHER_THAT_HAS_MADE_A_PRENATAL_RECOGNITION"/>
      <xs:enumeration value="COPARENT_THAT_HAS_MADE_A_PRENATAL_RECOGNITION"/>
    </xs:restriction>
  </xs:simpleType>
  <xs:simpleType name="docState">
    <xs:restriction base="xs:string">
      <xs:enumeration value="DRAFT"/>
      <xs:enumeration value="READY_FOR_VALIDATION"/>
      <xs:enumeration value="DELETED"/>
      <xs:enumeration value="VALIDATE_FOR_SIGNATURE"/>
      <xs:enumeration value="READY_FOR_SIGNATURE"/>
      <xs:enumeration value="TO_CHECK"/>
      <xs:enumeration value="REFUSED"/>
      <xs:enumeration value="PARTIALLY_MIGRATED"/>
      <xs:enumeration value="PARTIALLY_MIGR_COPY"/>
      <xs:enumeration value="PARTIALLY_MIGR_EXTRACT"/>
      <xs:enumeration value="FINAL"/>
      <xs:enumeration value="ERASED"/>
    </xs:restriction>
  </xs:simpleType>
  <xs:simpleType name="sideNoteType">
    <xs:restriction base="xs:string">
      <xs:enumeration value="MIGRATION"/>
      <xs:enumeration value="CHANGE"/>
      <xs:enumeration value="BASIS_ACT"/>
    </xs:restriction>
  </xs:simpleType>
  <xs:simpleType name="decisionType">
    <xs:restriction base="xs:string">
      <xs:enumeration value="JUDGMENT"/>
      <xs:enumeration value="ARREST"/>
      <xs:enumeration value="FOREIGN_DECISION"/>
      <xs:enumeration value="FOREIGN_CERTIFICATE"/>
      <xs:enumeration value="KING_ARREST"/>
      <xs:enumeration value="OFFICER_CORRECTION"/>
      <xs:enumeration value="PV"/>
    </xs:restriction>
  </xs:simpleType>
  <xs:simpleType name="decisionCategory">
    <xs:restriction base="xs:string">
      <xs:enumeration value="DIVORCE"/>
      <xs:enumeration value="FOREIGN_DIVORCE_BELGIAN_MARRIAGE"/>
      <xs:enumeration value="MARRIAGE_ANNULATION"/>
      <xs:enumeration value="MIGRATED_TRANSCRIPTION"/>
      <xs:enumeration value="FOREIGN_MARRIAGE_RECOGNITION"/>
      <xs:enumeration value="RECOGNITION_ANNULATION"/>
      <xs:enumeration value="CERTIFICATE_CORRECTION"/>
      <xs:enumeration value="JUDICIAL_ABSENCE"/>
      <xs:enumeration value="JUDICIAL_DECEASE"/>
      <xs:enumeration value="BELGIAN_ADOPTION"/>
      <xs:enumeration value="FOREIGN_ADOPTION"/>
      <xs:enumeration value="ADOPTION_REVISION"/>
      <xs:enumeration value="ADOPTION_REVOCATION"/>
      <xs:enumeration value="BELGIAN_NATIONALITY_DEPRIVATION"/>
      <xs:enumeration value="NAME_CHANGE"/>
      <xs:enumeration value="FIRSTNAME_CHANGE"/>
      <xs:enumeration value="ESTABLISHING_PATERNITY"/>
      <xs:enumeration value="ESTABLISHING_MATERNITY"/>
      <xs:enumeration value="ESTABLISHING_COPARENT"/>
      <xs:enumeration value="CONTESTING_PATERNITY"/>
      <xs:enumeration value="CONTESTING_MATERNITY"/>
      <xs:enumeration value="CONTESTING_COPARENT"/>
      <xs:enumeration value="NEW_SEX_CHANGE"/>
      <xs:enumeration value="SEX_CHANGE_ANNULATION"/>
      <xs:enumeration value="CERTIFICATE_ANNULATION"/>
      <xs:enumeration value="CERTIFICATE_ANNULATION_ART463"/>
      <xs:enumeration value="CERTIFICATE_REPLACEMENT"/>
      <xs:enumeration value="PV_SYSTEM_UNAVAILABLE"/>
      <xs:enumeration value="PV_BIRTH_ON_BOARD"/>
      <xs:enumeration value="PV_DECEASE_ON_BOARD"/>
      <xs:enumeration value="PV_UNKNOWN_DECEASE"/>
      <xs:enumeration value="PV_NEWBORN_FOUND"/>
      <xs:enumeration value="BIRTH_CERTIFICATE"/>
      <xs:enumeration value="MARRIAGE_CERTIFICATE"/>
      <xs:enumeration value="DEATH_CERTIFICATE"/>
      <xs:enumeration value="RECOGNITION_CERTIFICATE"/>
      <xs:enumeration value="PRENATAL_RECOGNITION_CERTIFICATE"/>
      <xs:enumeration value="NAME_CHANGE_CERTIFICATE"/>
      <xs:enumeration value="FIRSTNAME_CHANGE_CERTIFICATE"/>
      <xs:enumeration value="SEX_CHANGE_CERTIFICATE"/>
      <xs:enumeration value="ABSENCE_CERTIFICATE"/>
      <xs:enumeration value="DIVORCE_CERTIFICATE"/>
      <xs:enumeration value="ADOPTION_CERTIFICATE"/>
      <xs:enumeration value="OTHER"/>
      <xs:enumeration value="SEPARATION"/>
    </xs:restriction>
  </xs:simpleType>
  <xs:simpleType name="docType">
    <xs:restriction base="xs:string">
      <xs:enumeration value="BIRTH_CERTIFICATE"/>
      <xs:enumeration value="MARRIAGE_CERTIFICATE"/>
      <xs:enumeration value="DEATH_CERTIFICATE"/>
      <xs:enumeration value="NATIONALITY_CERTIFICATE"/>
      <xs:enumeration value="RECOGNITION_CERTIFICATE"/>
      <xs:enumeration value="PRENATAL_RECOGNITION_CERTIFICATE"/>
      <xs:enumeration value="NAME_CHANGE_CERTIFICATE"/>
      <xs:enumeration value="FIRSTNAME_CHANGE_CERTIFICATE"/>
      <xs:enumeration value="DECLARATION_OF_LIFELESS_CHILD_CERTIFICATE"/>
      <xs:enumeration value="SEX_CHANGE_CERTIFICATE"/>
      <xs:enumeration value="ABSENCE_CERTIFICATE"/>
      <xs:enumeration value="DIVORCE_CERTIFICATE"/>
      <xs:enumeration value="ADOPTION_CERTIFICATE"/>
      <xs:enumeration value="AUTHORITY_DECISION"/>
      <xs:enumeration value="ANNULMENT_CERTIFICATE"/>
      <xs:enumeration value="UPDATE_DOCUMENT"/>
    </xs:restriction>
  </xs:simpleType>
  <xs:simpleType name="adoptionType">
    <xs:restriction base="xs:string">
      <xs:enumeration value="SIMPLE"/>
      <xs:enumeration value="FULL"/>
    </xs:restriction>
  </xs:simpleType>
  <xs:simpleType name="jurisdictionPlace">
    <xs:restriction base="xs:string">
      <xs:enumeration value="111002"/>
      <xs:enumeration value="112025"/>
      <xs:enumeration value="113040"/>
      <xs:enumeration value="171022"/>
      <xs:enumeration value="173083"/>
      <xs:enumeration value="121004"/>
      <xs:enumeration value="124062"/>
      <xs:enumeration value="125072"/>
      <xs:enumeration value="142006"/>
      <xs:enumeration value="144021"/>
      <xs:enumeration value="145035"/>
      <xs:enumeration value="131005"/>
      <xs:enumeration value="133011"/>
      <xs:enumeration value="134022"/>
      <xs:enumeration value="138025"/>
      <xs:enumeration value="163023"/>
      <xs:enumeration value="161031"/>
      <xs:enumeration value="162063"/>
      <xs:enumeration value="163079"/>
      <xs:enumeration value="181001"/>
      <xs:enumeration value="183034"/>
      <xs:enumeration value="184043"/>
      <xs:enumeration value="191034"/>
      <xs:enumeration value="192094"/>
      <xs:enumeration value="152011"/>
      <xs:enumeration value="153053"/>
      <xs:enumeration value="157081"/>
      <xs:enumeration value="211002"/>
      <xs:enumeration value="253053"/>
      <xs:enumeration value="221004"/>
      <xs:enumeration value="244021"/>
      <xs:enumeration value="262063"/>
      <xs:enumeration value="230101"/>
      <xs:enumeration value="230102"/>
      <xs:enumeration value="230103"/>
      <xs:enumeration value="230201"/>
      <xs:enumeration value="230202"/>
      <xs:enumeration value="330100"/>
      <xs:enumeration value="330200"/>
      <xs:enumeration value="330500"/>
      <xs:enumeration value="330600"/>
      <xs:enumeration value="430101"/>
      <xs:enumeration value="430102"/>
      <xs:enumeration value="430103"/>
      <xs:enumeration value="430201"/>
      <xs:enumeration value="430202"/>
      <xs:enumeration value="430203"/>
      <xs:enumeration value="430204"/>
      <xs:enumeration value="530100"/>
      <xs:enumeration value="530201"/>
      <xs:enumeration value="530202"/>
      <xs:enumeration value="530203"/>
      <xs:enumeration value="530301"/>
      <xs:enumeration value="530302"/>
      <xs:enumeration value="530303"/>
      <xs:enumeration value="530401"/>
      <xs:enumeration value="530402"/>
      <xs:enumeration value="630101"/>
      <xs:enumeration value="630102"/>
      <xs:enumeration value="630103"/>
      <xs:enumeration value="210100"/>
      <xs:enumeration value="610100"/>
      <xs:enumeration value="310100"/>
      <xs:enumeration value="410100"/>
      <xs:enumeration value="510100"/>
    </xs:restriction>
  </xs:simpleType>
  <xs:simpleType name="code">
    <xs:restriction base="xs:string">
      <xs:enumeration value="PERSON_NOBILITY"/>
      <xs:enumeration value="PERSON_NOBILITYFREE"/>
      <xs:enumeration value="PERSON_FIRSTNAMES"/>
      <xs:enumeration value="PERSON_LASTNAME"/>
      <xs:enumeration value="PERSON_BIRTHDATE"/>
      <xs:enumeration value="PERSON_BIRTHPLACE_MUNICIPALITYCODE"/>
      <xs:enumeration value="PERSON_BIRTHPLACE_MUNICIPALITYFREETEXT"/>
      <xs:enumeration value="PERSON_BIRTHPLACE_COUNTRYCODE"/>
      <xs:enumeration value="PERSON_BIRTHPLACE_COUNTRYFREETEXT"/>
      <xs:enumeration value="DOCUMENT_DOCUMENTREFERENCE"/>
      <xs:enumeration value="DOCUMENT_ESTABLISHINGDATE"/>
      <xs:enumeration value="DOCUMENT_REDACTIONPLACE_MUNICIPALITYCODE"/>
      <xs:enumeration value="DOCUMENT_REDACTIONPLACE_MUNICIPALITYFREETEXT"/>
      <xs:enumeration value="DOCUMENT_REDACTIONPLACE_COUNTRYCODE"/>
      <xs:enumeration value="DOCUMENT_REDACTIONPLACE_COUNTRYFREETEXT"/>
      <xs:enumeration value="ROLE_ROLE"/>
      <xs:enumeration value="BIRTHCERTIFICATE_FACTDATE"/>
      <xs:enumeration value="BIRTHCERTIFICATE_BIRTHTIME"/>
      <xs:enumeration value="BIRTHCERTIFICATE_GENDER"/>
      <xs:enumeration value="BIRTHCERTIFICATE_NAME_DECLARATIONMADEBYTHEPARENTS"/>
      <xs:enumeration value="BIRTHCERTIFICATE_NAMEDECLARATION_NAME"/>
      <xs:enumeration value="BIRTHCERTIFICATE_NAMEDECLARATION_NAME1"/>
      <xs:enumeration value="BIRTHCERTIFICATE_NAMEDECLARATION_NAME2"/>
      <xs:enumeration value="BIRTHCERTIFICATE_PRENATALRECOGNITIONDOCUMENTREFERENCE"/>
      <xs:enumeration value="BIRTHCERTIFICATE_CONSENTROLE"/>
      <xs:enumeration value="BIRTHCERTIFICATE_CONSENTDATE"/>
      <xs:enumeration value="BIRTHCERTIFICATE_CONSENTPLACE_MUNICIPALITYCODE"/>
      <xs:enumeration value="BIRTHCERTIFICATE_CONSENTPLACE_MUNICIPALITYFREETEXT"/>
      <xs:enumeration value="BIRTHCERTIFICATE_CONSENTPLACE_COUNTRYCODE"/>
      <xs:enumeration value="BIRTHCERTIFICATE_CONSENTPLACE_COUNTRYFREETEXT"/>
      <xs:enumeration value="BIRTHCERTIFICATE_CONSENTAUTHORITY"/>
      <xs:enumeration value="BIRTHCERTIFICATE_JURIDICALAUTHORITY"/>
      <xs:enumeration value="BIRTHCERTIFICATE_JURIDICALREFERENCE"/>
      <xs:enumeration value="BIRTHCERTIFICATE_VERDICTDATE"/>
      <xs:enumeration value="PRENATALRECOGNITIONCERTIFICATE_FACTDATE"/>
      <xs:enumeration value="PRENATALRECOGNITIONCERTIFICATE_MOTHERCONSENTDATE"/>
      <xs:enumeration value="PRENATALRECOGNITIONCERTIFICATE_MOTHERCONSENTPLACE_MUNICIPALITYCODE"/>
      <xs:enumeration value="PRENATALRECOGNITIONCERTIFICATE_MOTHERCONSENTPLACE_MUNICIPALITYFREETEXT"/>
      <xs:enumeration value="PRENATALRECOGNITIONCERTIFICATE_MOTHERCONSENTPLACE_COUNTRYCODE"/>
      <xs:enumeration value="PRENATALRECOGNITIONCERTIFICATE_MOTHERCONSENTPLACE_COUNTRYFREETEXT"/>
      <xs:enumeration value="PRENATALRECOGNITIONCERTIFICATE_MOTHERCONSENTAUTHORITY"/>
      <xs:enumeration value="PRENATALRECOGNITIONCERTIFICATE_JURIDICALAUTHORITY"/>
      <xs:enumeration value="PRENATALRECOGNITIONCERTIFICATE_JURIDICALREFERENCE"/>
      <xs:enumeration value="PRENATALRECOGNITIONCERTIFICATE_VERDICTDATE"/>
      <xs:enumeration value="RECOGNITIONCERTIFICATE_FACTDATE"/>
      <xs:enumeration value="RECOGNITIONCERTIFICATE_FILIATIONCONSENTDATE"/>
      <xs:enumeration value="RECOGNITIONCERTIFICATE_FILIATIONCONSENTPLACE_MUNICIPALITYCODE"/>
      <xs:enumeration value="RECOGNITIONCERTIFICATE_FILIATIONCONSENTPLACE_MUNICIPALITYFREETEXT"/>
      <xs:enumeration value="RECOGNITIONCERTIFICATE_FILIATIONCONSENTPLACE_COUNTRYCODE"/>
      <xs:enumeration value="RECOGNITIONCERTIFICATE_FILIATIONCONSENTPLACE_COUNTRYFREETEXT"/>
      <xs:enumeration value="RECOGNITIONCERTIFICATE_FILIATIONCONSENTAUTHORITY"/>
      <xs:enumeration value="RECOGNITIONCERTIFICATE_CHILDCONSENTDATE"/>
      <xs:enumeration value="RECOGNITIONCERTIFICATE_CHILDCONSENTPLACE_MUNICIPALITYCODE"/>
      <xs:enumeration value="RECOGNITIONCERTIFICATE_CHILDCONSENTPLACE_MUNICIPALITYFREETEXT"/>
      <xs:enumeration value="RECOGNITIONCERTIFICATE_CHILDCONSENTPLACE_COUNTRYCODE"/>
      <xs:enumeration value="RECOGNITIONCERTIFICATE_CHILDCONSENTPLACE_COUNTRYFREETEXT"/>
      <xs:enumeration value="RECOGNITIONCERTIFICATE_CHILDCONSENTAUTHORITY"/>
      <xs:enumeration value="RECOGNITIONCERTIFICATE_LEGALREPRESENTATIVECONSENTDATE"/>
      <xs:enumeration value="RECOGNITIONCERTIFICATE_LEGALREPRESENTATIVECONSENTPLACE_MUNICIPALITYCODE"/>
      <xs:enumeration value="RECOGNITIONCERTIFICATE_LEGALREPRESENTATIVECONSENTPLACE_MUNICIPALITYFREETEXT"/>
      <xs:enumeration value="RECOGNITIONCERTIFICATE_LEGALREPRESENTATIVECONSENTPLACE_COUNTRYCODE"/>
      <xs:enumeration value="RECOGNITIONCERTIFICATE_LEGALREPRESENTATIVECONSENTPLACE_COUNTRYFREETEXT"/>
      <xs:enumeration value="RECOGNITIONCERTIFICATE_LEGALREPRESENTATIVECONSENTAUTHORITY"/>
      <xs:enumeration value="RECOGNITIONCERTIFICATE_COURTCONSENTJURISDICTION"/>
      <xs:enumeration value="RECOGNITIONCERTIFICATE_COURTCONSENTVERDICTDATE"/>
      <xs:enumeration value="RECOGNITIONCERTIFICATE_COURTCONSENTREFERENCE"/>
      <xs:enumeration value="RECOGNITIONCERTIFICATE_NAMEDECLARATIONMADEBYTHEPARENTS"/>
      <xs:enumeration value="RECOGNITIONCERTIFICATE_NEWFIRSTNAME"/>
      <xs:enumeration value="RECOGNITIONCERTIFICATE_NAMEDECLARATION"/>
      <xs:enumeration value="RECOGNITIONCERTIFICATE_NAMEDECLARATION_NAME1"/>
      <xs:enumeration value="RECOGNITIONCERTIFICATE_NAMEDECLARATION_NAME2"/>
      <xs:enumeration value="MARRIAGECERTIFICATE_FACTDATE"/>
      <xs:enumeration value="MARRIAGECERTIFICATE_NAMECHANGESPOUSE1"/>
      <xs:enumeration value="MARRIAGECERTIFICATE_NAMECHANGESPOUSE2"/>
      <xs:enumeration value="DEATHCERTIFICATE_FACTDATE"/>
      <xs:enumeration value="DEATHCERTIFICATE_DECEASETIME"/>
      <xs:enumeration value="DEATHCERTIFICATE_DECEASEPLACE_MUNICIPALITYCODE"/>
      <xs:enumeration value="DEATHCERTIFICATE_DECEASEPLACE_MUNICIPALITYFREETEXT"/>
      <xs:enumeration value="DEATHCERTIFICATE_DECEASEPLACE_COUNTRYCODE"/>
      <xs:enumeration value="DEATHCERTIFICATE_DECEASEPLACE_COUNTRYFREETEXT"/>
      <xs:enumeration value="DEATHCERTIFICATE_DECEASEPLACE_LIFELESSBODY"/>
      <xs:enumeration value="DECLARATION_OF_LIFELESS_CHILD_CERTIFICATE_FACTDATE"/>
      <xs:enumeration value="DECLARATION_OF_LIFELESS_CHILD_CERTIFICATE_BIRTHTIME"/>
      <xs:enumeration value="DECLARATION_OF_LIFELESS_CHILD_CERTIFICATE_BIRTHPLACE_MUNICIPALITYCODE"/>
      <xs:enumeration value="DECLARATION_OF_LIFELESS_CHILD_CERTIFICATE_BIRTHPLACE_MUNICIPALITYFREETEXT"/>
      <xs:enumeration value="DECLARATION_OF_LIFELESS_CHILD_CERTIFICATE_BIRTHPLACE_COUNTRYCODE"/>
      <xs:enumeration value="DECLARATION_OF_LIFELESS_CHILD_CERTIFICATE_BIRTHPLACE_COUNTRYFREETEXT"/>
      <xs:enumeration value="DECLARATION_OF_LIFELESS_CHILD_CERTIFICATE_FIRSTNAMES"/>
      <xs:enumeration value="DECLARATION_OF_LIFELESS_CHILD_CERTIFICATE_GENDER"/>
      <xs:enumeration value="DECLARATION_OF_LIFELESS_CHILD_CERTIFICATE_DURATION_OF_PREGNANCY"/>
      <xs:enumeration value="DECLARATION_OF_LIFELESS_CHILD_CERTIFICATE_NAME"/>
      <xs:enumeration value="NAMECHANGE_CERTIFICATE_FACTDATE"/>
      <xs:enumeration value="NAMECHANGE_CERTIFICATE_NAMEDECLARATION"/>
      <xs:enumeration value="NAMECHANGE_CERTIFICATE_NAMEDECLARATION_NAME1"/>
      <xs:enumeration value="NAMECHANGE_CERTIFICATE_NAMEDECLARATION_NAME2"/>
      <xs:enumeration value="NAMECHANGE_CERTIFICATE_REASONFORTHECERTIFICATE"/>
      <xs:enumeration value="NAMECHANGE_CERTIFICATE_REQUESTINGDATE"/>
      <xs:enumeration value="FIRSTNAMECHANGE_CERTIFICATE_FACTDATE"/>
      <xs:enumeration value="FIRSTNAMECHANGE_CERTIFICATE_FIRSTNAMES"/>
      <xs:enumeration value="NATIONALITY_CERTIFICATE_FACTDATE"/>
      <xs:enumeration value="NATIONALITY_CERTIFICATE_REASON_FOR_THE_CERTIFICATE"/>
      <xs:enumeration value="NATIONALITY_CERTIFICATE_OTHER_NATIONALITY_CODE"/>
      <xs:enumeration value="TRANSSEXUALITY_CERTIFICATE_FACTDATE"/>
      <xs:enumeration value="TRANSSEXUALITY_NEWGENDER"/>
      <xs:enumeration value="ABSENCE_CERTIFICATE_FACTDATE"/>
      <xs:enumeration value="ADOPTION_CERTIFICATE_FACTDATE"/>
      <xs:enumeration value="ADOPTION_CERTIFICATE_ADOPTIONTYPE"/>
      <xs:enumeration value="ADOPTION_CERTIFICATE_NEWNAME_NAME"/>
      <xs:enumeration value="ADOPTION_CERTIFICATE_NEWNAME_NAME1"/>
      <xs:enumeration value="ADOPTION_CERTIFICATE_NEWNAME_NAME2"/>
      <xs:enumeration value="ADOPTION_CERTIFICATE_NEWFIRSTNAMES"/>
      <xs:enumeration value="ADOPTION_CERTIFICATE_FCARECOGNITIONDATE"/>
      <xs:enumeration value="DIVORCE_CERTIFICATE_FACTDATE"/>
      <xs:enumeration value="DIVORCE_CERTIFICATE_MARRIAGECERTIFICATENUMBER"/>
      <xs:enumeration value="ANNULMENT_CERTIFICATE_FACTDATE"/>
      <xs:enumeration value="ANNULMENT_ANNULEDCERTIFICATENUMBER"/>
      <xs:enumeration value="ANNULMENT_ANNULATIONTYPE"/>
      <xs:enumeration value="MODIFICATIONCERTIFICATE_FACTDATE"/>
      <xs:enumeration value="MODIFICATIONCERTIFICATE_MODIFIEDCERTIFICATEREFERENCE"/>
      <xs:enumeration value="MODIFICATIONCERTIFICATE_DECISIONAUTHORITYCODE"/>
      <xs:enumeration value="MODIFICATIONCERTIFICATE_DECISIONAUTHORITYFREE"/>
      <xs:enumeration value="MODIFICATIONCERTIFICATE_DECISIONDATE"/>
      <xs:enumeration value="MODIFICATIONCERTIFICATE_APPLICATIONDATE"/>
      <xs:enumeration value="MODIFICATIONCERTIFICATE_DECISIONTYPE"/>
      <xs:enumeration value="MODIFICATIONCERTIFICATE_DECISIONCATEGORY"/>
      <xs:enumeration value="MODIFICATIONCERTIFICATE_DECISIONREFERENCE"/>
      <xs:enumeration value="MODIFICATIONCERTIFICATE_CHANGEDVALUES_CHANGEDFIELDCODE"/>
      <xs:enumeration value="MODIFICATIONCERTIFICATE_CHANGEDVALUES_CHANGEDFIELDOLDVALUE"/>
      <xs:enumeration value="MODIFICATIONCERTIFICATE_CHANGEDVALUES_CHANGEDFIELDNEWVALUE"/>
    </xs:restriction>
  </xs:simpleType>
  <xs:simpleType name="consentAuthorityType">
    <xs:restriction base="xs:string">
      <xs:enumeration value="BELGIAN_REGISTRAR"/>
      <xs:enumeration value="FOREIGN_AUTHORITY"/>
      <xs:enumeration value="NOTARY"/>
    </xs:restriction>
  </xs:simpleType>
  <xs:simpleType name="nameChangeReasonType">
    <xs:restriction base="xs:string">
      <xs:enumeration value="APPLICATION_ARTICLE335P3"/>
      <xs:enumeration value="APPLICATION_ARTICLE335TERP2"/>
      <xs:enumeration value="APPLICATION_ARTICLE335QUATER"/>
      <xs:enumeration value="APPLICATION_ARTICLE12"/>
      <xs:enumeration value="NAME_CHANGE_DECISION"/>
    </xs:restriction>
  </xs:simpleType>
  <xs:simpleType name="nationalityReasonType">
    <xs:restriction base="xs:string">
      <xs:enumeration value="APPLICATION_ARTICLE8P1S2B"/>
      <xs:enumeration value="APPLICATION_ARTICLE9S2B"/>
      <xs:enumeration value="APPLICATION_ARTICLE12BISP1S1"/>
      <xs:enumeration value="APPLICATION_ARTICLE12BISP1S2"/>
      <xs:enumeration value="APPLICATION_ARTICLE12BISP1S3"/>
      <xs:enumeration value="APPLICATION_ARTICLE12BISP1S4"/>
      <xs:enumeration value="APPLICATION_ARTICLE12BISP1S5"/>
      <xs:enumeration value="APPLICATION_ARTICLE22P1S2"/>
      <xs:enumeration value="APPLICATION_ARTICLE22P1S5"/>
      <xs:enumeration value="APPLICATION_ARTICLE24"/>
      <xs:enumeration value="APPLICATION_ARTICLE11BIS"/>
      <xs:enumeration value="APPLICATION_ARTICLE17"/>
      <xs:enumeration value="BELGIAN_NATIONALITY_REVOCATION"/>
      <xs:enumeration value="APPLICATION_OLD_LAW"/>
    </xs:restriction>
  </xs:simpleType>
  <xs:simpleType name="actionType">
    <xs:restriction base="xs:string">
      <xs:enumeration value="ADD"/>
      <xs:enumeration value="REMOVE"/>
    </xs:restriction>
  </xs:simpleType>
  <xs:simpleType name="actType">
    <xs:restriction base="xs:string">
      <xs:enumeration value="BELGIAN"/>
      <xs:enumeration value="ART_16"/>
      <xs:enumeration value="ART_34"/>
    </xs:restriction>
  </xs:simpleType>
  <xs:element name="DABSException" type="tns:DABSException"/>
  <xs:complexType name="DABSException">
    <xs:sequence>
      <xs:element minOccurs="0" name="traceId" type="xs:string"/>
      <xs:element maxOccurs="unbounded" minOccurs="0" name="error" type="tns:error"/>
    </xs:sequence>
  </xs:complexType>
</xs:schema>]]></con:content><con:type>http://www.w3.org/2001/XMLSchema</con:type></con:part><con:part><con:url>https://192.168.22.53:8443/services/CivilStatusDocumentService_v1.0?xsd=baseMessageTypes_v1.xsd</con:url><con:content><![CDATA[<xsd:schema attributeFormDefault="unqualified" elementFormDefault="qualified" targetNamespace="http://fidus.brussels/type/common/messages/v1" version="1.0" xmlns:xsd="http://www.w3.org/2001/XMLSchema" xmlns:cmn="http://fidus.brussels/type/common/v1" xmlns:tns="http://fidus.brussels/type/common/messages/v1">
  <xsd:simpleType name="MessageIdType">
    <xsd:restriction base="xsd:string">
      <xsd:minLength value="1"/>
      <xsd:maxLength value="64"/>
    </xsd:restriction>
  </xsd:simpleType>
  <xsd:simpleType name="PersonNumberType">
    <xsd:restriction base="xsd:string">
      <xsd:pattern value="[0-9][0-9](([0][0-9])|([1][0-2]))(([0-2][0-9])|([3][0-1]))(([0-9]{2}[1-9])|([0-9][1-9][0-9])|([1-9][0-9]{2}))(([0-8][0-9])|([9][0-7]))">
        <xsd:annotation>
          <xsd:documentation>National Register format</xsd:documentation>
        </xsd:annotation>
      </xsd:pattern>
      <xsd:pattern value="[0-9][0-9](([2][0-9])|([3][0-2]))(([0-2][0-9])|([3][0-1]))[0-9]{3}(([0-8][0-9])|([9][0-7]))">
        <xsd:annotation>
          <xsd:documentation>CBSS Register format: Bis Register</xsd:documentation>
        </xsd:annotation>
      </xsd:pattern>
      <xsd:pattern value="[0-9][0-9](([4][0-9])|([5][0-2]))(([0-2][0-9])|([3][0-1]))[0-9]{3}(([0-8][0-9])|([9][0-7]))">
        <xsd:annotation>
          <xsd:documentation>CBSS Register format: Ter Register</xsd:documentation>
        </xsd:annotation>
      </xsd:pattern>
    </xsd:restriction>
  </xsd:simpleType>
  <xsd:complexType name="RequestMessageContextType">
    <xsd:annotation>
      <xsd:documentation>Message context block generated by the consumer.</xsd:documentation>
    </xsd:annotation>
    <xsd:sequence>
      <xsd:element name="messageId" type="tns:MessageIdType">
        <xsd:annotation>
          <xsd:documentation>Consumer must assign their own MessageId reference for the request.</xsd:documentation>
        </xsd:annotation>
      </xsd:element>
      <xsd:element minOccurs="0" name="timestamp" type="xsd:dateTime">
        <xsd:annotation>
          <xsd:documentation>Timestamp when client sent request.</xsd:documentation>
        </xsd:annotation>
      </xsd:element>
    </xsd:sequence>
  </xsd:complexType>
  <xsd:complexType name="ResponseMessageContextType">
    <xsd:annotation>
      <xsd:documentation>MessageContext block generated by fidus.</xsd:documentation>
    </xsd:annotation>
    <xsd:sequence>
      <xsd:element name="messageId" type="tns:MessageIdType">
        <xsd:annotation>
          <xsd:documentation>A unique identifier generated by fidus.</xsd:documentation>
        </xsd:annotation>
      </xsd:element>
      <xsd:element name="transactionId" type="tns:MessageIdType">
        <xsd:annotation>
          <xsd:documentation>A unique ID returned to the client for tracing purposes.</xsd:documentation>
        </xsd:annotation>
      </xsd:element>
      <xsd:element minOccurs="0" name="relatesTo" type="tns:MessageIdType">
        <xsd:annotation>
          <xsd:documentation>Optional field. The unique id of a previous batch file in this exchange Only used for responses.</xsd:documentation>
        </xsd:annotation>
      </xsd:element>
      <xsd:element minOccurs="0" name="timestamp" type="xsd:dateTime">
        <xsd:annotation>
          <xsd:documentation>Time reply sent by fidus.</xsd:documentation>
        </xsd:annotation>
      </xsd:element>
    </xsd:sequence>
  </xsd:complexType>
  <xsd:simpleType name="LegalContextType">
    <xsd:restriction base="xsd:string">
      <xsd:minLength value="1"/>
      <xsd:maxLength value="64"/>
    </xsd:restriction>
  </xsd:simpleType>
  <xsd:complexType name="UserContextType">
    <xsd:annotation>
      <xsd:documentation>The user context defines information regarding the actual user performing a request.</xsd:documentation>
    </xsd:annotation>
    <xsd:sequence>
      <xsd:element name="language" nillable="true" type="xsd:language">
        <xsd:annotation>
          <xsd:documentation>The preferred language of the actual user performing the request.
						This influences the language in which response elements are cast.</xsd:documentation>
        </xsd:annotation>
      </xsd:element>
    </xsd:sequence>
  </xsd:complexType>
</xsd:schema>]]></con:content><con:type>http://www.w3.org/2001/XMLSchema</con:type></con:part><con:part><con:url>https://192.168.22.53:8443/services/CivilStatusDocumentService_v1.0?xsd=exceptionTypes_v1.xsd</con:url><con:content><![CDATA[<xsd:schema attributeFormDefault="unqualified" elementFormDefault="qualified" targetNamespace="http://fidus.brussels/type/common/exceptions/v1" version="1.0" xmlns:xsd="http://www.w3.org/2001/XMLSchema" xmlns:tns="http://fidus.brussels/type/common/exceptions/v1">
  <xsd:complexType name="ExceptionsType">
    <xsd:sequence>
      <xsd:element maxOccurs="unbounded" name="exception" type="tns:ExceptionType"/>
    </xsd:sequence>
  </xsd:complexType>
  <xsd:complexType name="ExceptionType">
    <xsd:sequence>
      <xsd:element name="type" type="tns:ExceptionClassType"/>
      <xsd:element name="code" type="tns:ExceptionCodeType"/>
      <xsd:element name="source" type="tns:ExceptionSourceType"/>
      <xsd:element name="description" type="tns:ExceptionDescriptionType"/>
    </xsd:sequence>
  </xsd:complexType>
  <xsd:simpleType name="ExceptionClassType">
    <xsd:restriction base="xsd:string">
      <xsd:enumeration value="ERROR"/>
      <xsd:enumeration value="WARNING"/>
      <xsd:enumeration value="INFO"/>
    </xsd:restriction>
  </xsd:simpleType>
  <xsd:simpleType name="ExceptionCodeType">
    <xsd:restriction base="xsd:string">
      <xsd:maxLength value="20"/>
    </xsd:restriction>
  </xsd:simpleType>
  <xsd:simpleType name="ExceptionSourceType">
    <xsd:restriction base="xsd:string">
      <xsd:maxLength value="20"/>
    </xsd:restriction>
  </xsd:simpleType>
  <xsd:simpleType name="ExceptionDescriptionType">
    <xsd:restriction base="xsd:string"/>
  </xsd:simpleType>
</xsd:schema>]]></con:content><con:type>http://www.w3.org/2001/XMLSchema</con:type></con:part></con:definitionCache><con:endpoints><con:endpoint>https://192.168.22.53:8443/services/CivilStatusDocumentService_v1.0</con:endpoint><con:endpoint>https://192.168.22.54:8443/services/CivilStatusDocumentService_v1.0</con:endpoint><con:endpoint>https://192.168.24.16:8443/services/CivilStatusDocumentService_v1.0</con:endpoint><con:endpoint>https://192.168.24.17:8443/services/CivilStatusDocumentService_v1.0</con:endpoint><con:endpoint>https://192.168.36.61:8243/services/CivilStatusDocumentService_v1.0</con:endpoint><con:endpoint>https://esb-security-gw.sta.srv.cirb.lan:8443/services/CivilStatusDocumentService_v1.0</con:endpoint><con:endpoint>https://fidus-esb-sg.sta.srv.cirb.lan:8443/services/CivilStatusDocumentService_v1.0</con:endpoint><con:endpoint>https://fidus-test.irisnetlab.be/services/CivilStatusDocumentService_v1.0</con:endpoint><con:endpoint>https://fidus.irisnetlab.be/services/CivilStatusDocumentService_v1.0</con:endpoint><con:endpoint>https://localhost:8243/services/CivilStatusDocumentService_v1.0</con:endpoint></con:endpoints><con:operation id="d1545dbc-5449-4ffa-a56b-2f468a1e6bf6" isOneWay="false" action="http://fidus.brussels/services/civilstatusdocumentservice/getCopyConform" name="getCopyConform" bindingOperationName="getCopyConform" type="Request-Response" inputName="" receivesAttachments="false" sendsAttachments="false" anonymous="optional"><con:settings/><con:call id="6c82efa6-eeba-438a-a894-c0f014937abb" name="1 - Local - Request" outgoingWss="Outflow DEV" incomingWss="Inflow DEV"><con:settings><con:setting id="com.eviware.soapui.impl.wsdl.WsdlRequest@request-headers">&lt;xml-fragment/></con:setting></con:settings><con:encoding>UTF-8</con:encoding><con:endpoint>https://localhost:8243/services/CivilStatusDocumentService_v1.0</con:endpoint><con:request><![CDATA[<soapenv:Envelope xmlns:soapenv="http://schemas.xmlsoap.org/soap/envelope/" xmlns:v1="http://fidus.brussels/service/civilstatusdocumentservice/messages/v1" xmlns:v11="http://fidus.brussels/type/common/messages/v1">
   <soapenv:Header/>
   <soapenv:Body>
      <v1:getCopyConformRequest>
         <v1:messageContext>
           <v11:messageId>${=import static java.util.UUID.randomUUID; uuid = randomUUID() as String}</v11:messageId>
            <v11:timestamp>${=new java.text.SimpleDateFormat("yyyy-MM-dd'T'HH:mm:ss.SSS").format(new Date())}</v11:timestamp>
         </v1:messageContext>
         <v1:legalContext>ServiceIntegrator</v1:legalContext>
         <v1:request>
            <v1:documentReference>20180000299194</v1:documentReference>
		  <v1:language>fr</v1:language>
		   <!--Optional:-->
            <v1:municipalityCode>d1051</v1:municipalityCode>
         </v1:request>
      </v1:getCopyConformRequest>
   </soapenv:Body>
</soapenv:Envelope>]]></con:request><con:credentials><con:selectedAuthProfile>Basic</con:selectedAuthProfile><con:addedBasicAuthenticationTypes>Basic</con:addedBasicAuthenticationTypes><con:authType>Global HTTP Settings</con:authType></con:credentials><con:jmsConfig JMSDeliveryMode="PERSISTENT"/><con:jmsPropertyConfig/><con:wsaConfig mustUnderstand="NONE" version="200508" action="http://fidus.brussels/services/civilstatusdocumentservice/getCopyConform"/><con:wsrmConfig version="1.2"/></con:call><con:call id="2a66c244-6a84-4566-895c-915f94dfbeb0" name="2 - Dev - Request" outgoingWss="Outflow DEV" incomingWss="Inflow DEV"><con:settings><con:setting id="com.eviware.soapui.impl.wsdl.WsdlRequest@request-headers">&lt;xml-fragment/></con:setting></con:settings><con:encoding>UTF-8</con:encoding><con:endpoint>https://192.168.36.61:8243/services/CivilStatusDocumentService_v1.0</con:endpoint><con:request><![CDATA[<soapenv:Envelope xmlns:soapenv="http://schemas.xmlsoap.org/soap/envelope/" xmlns:v1="http://fidus.brussels/service/civilstatusdocumentservice/messages/v1" xmlns:v11="http://fidus.brussels/type/common/messages/v1">
   <soapenv:Header/>
   <soapenv:Body>
      <v1:getCopyConformRequest>
         <v1:messageContext>
           <v11:messageId>${=import static java.util.UUID.randomUUID; uuid = randomUUID() as String}</v11:messageId>
            <v11:timestamp>${=new java.text.SimpleDateFormat("yyyy-MM-dd'T'HH:mm:ss.SSS").format(new Date())}</v11:timestamp>
         </v1:messageContext>
         <v1:legalContext>ServiceIntegrator</v1:legalContext>
         <v1:request>
            <v1:documentReference>20180000299194</v1:documentReference>
		  <v1:language>fr</v1:language>
		   <!--Optional:-->
            <v1:municipalityCode>d1051</v1:municipalityCode>
         </v1:request>
      </v1:getCopyConformRequest>
   </soapenv:Body>
</soapenv:Envelope>]]></con:request><con:credentials><con:selectedAuthProfile>Basic</con:selectedAuthProfile><con:addedBasicAuthenticationTypes>Basic</con:addedBasicAuthenticationTypes><con:authType>Global HTTP Settings</con:authType></con:credentials><con:jmsConfig JMSDeliveryMode="PERSISTENT"/><con:jmsPropertyConfig/><con:wsaConfig mustUnderstand="NONE" version="200508" action="http://fidus.brussels/services/civilstatusdocumentservice/getCopyConform"/><con:wsrmConfig version="1.2"/></con:call><con:call id="a96f6dc6-5929-4c3b-90c2-1851c6c57023" name="3 -Test - External - Request" outgoingWss="Outflow Test" incomingWss="Inflow Test"><con:settings><con:setting id="com.eviware.soapui.impl.wsdl.WsdlRequest@request-headers">&lt;xml-fragment/></con:setting></con:settings><con:encoding>UTF-8</con:encoding><con:endpoint>https://fidus-test.irisnetlab.be/services/CivilStatusDocumentService_v1.0</con:endpoint><con:request><![CDATA[<soapenv:Envelope xmlns:soapenv="http://schemas.xmlsoap.org/soap/envelope/" xmlns:v1="http://fidus.brussels/service/civilstatusdocumentservice/messages/v1" xmlns:v11="http://fidus.brussels/type/common/messages/v1">
   <soapenv:Header/>
   <soapenv:Body>
      <v1:getCopyConformRequest>
         <v1:messageContext>
           <v11:messageId>${=import static java.util.UUID.randomUUID; uuid = randomUUID() as String}</v11:messageId>
            <v11:timestamp>${=new java.text.SimpleDateFormat("yyyy-MM-dd'T'HH:mm:ss.SSS").format(new Date())}</v11:timestamp>
         </v1:messageContext>
         <v1:legalContext>ServiceIntegrator</v1:legalContext>
         <v1:request>
            <v1:documentReference>20180000299194</v1:documentReference>
		  <v1:language>fr</v1:language>
         </v1:request>
      </v1:getCopyConformRequest>
   </soapenv:Body>
</soapenv:Envelope>]]></con:request><con:credentials><con:selectedAuthProfile>Basic</con:selectedAuthProfile><con:addedBasicAuthenticationTypes>Basic</con:addedBasicAuthenticationTypes><con:authType>Global HTTP Settings</con:authType></con:credentials><con:jmsConfig JMSDeliveryMode="PERSISTENT"/><con:jmsPropertyConfig/><con:wsaConfig mustUnderstand="NONE" version="200508" action="http://fidus.brussels/services/civilstatusdocumentservice/getCopyConform"/><con:wsrmConfig version="1.2"/></con:call><con:call id="da8d812f-79e0-49d9-b9e8-ff700a43f963" name="3 -Test - LB - Request" outgoingWss="Outflow Test" incomingWss="Inflow Test"><con:settings><con:setting id="com.eviware.soapui.impl.wsdl.WsdlRequest@request-headers">&lt;xml-fragment/></con:setting></con:settings><con:encoding>UTF-8</con:encoding><con:endpoint>https://esb-security-gw.sta.srv.cirb.lan:8443/services/CivilStatusDocumentService_v1.0</con:endpoint><con:request><![CDATA[<soapenv:Envelope xmlns:soapenv="http://schemas.xmlsoap.org/soap/envelope/" xmlns:v1="http://fidus.brussels/service/civilstatusdocumentservice/messages/v1" xmlns:v11="http://fidus.brussels/type/common/messages/v1">
   <soapenv:Header/>
   <soapenv:Body>
      <v1:getCopyConformRequest>
         <v1:messageContext>
            <v11:messageId>${=import static java.util.UUID.randomUUID; uuid = randomUUID() as String}</v11:messageId>
            <v11:timestamp>${=new java.text.SimpleDateFormat("yyyy-MM-dd'T'HH:mm:ss.SSS").format(new Date())}</v11:timestamp>
         </v1:messageContext>
         <v1:legalContext>ServiceIntegrator</v1:legalContext>
         <v1:request>
            <v1:documentReference>20180000299194</v1:documentReference>
            <v1:language>fr</v1:language>
         </v1:request>
      </v1:getCopyConformRequest>
   </soapenv:Body>
</soapenv:Envelope>]]></con:request><con:credentials><con:selectedAuthProfile>Basic</con:selectedAuthProfile><con:addedBasicAuthenticationTypes>Basic</con:addedBasicAuthenticationTypes><con:authType>Global HTTP Settings</con:authType></con:credentials><con:jmsConfig JMSDeliveryMode="PERSISTENT"/><con:jmsPropertyConfig/><con:wsaConfig mustUnderstand="NONE" version="200508" action="http://fidus.brussels/services/civilstatusdocumentservice/getCopyConform"/><con:wsrmConfig version="1.2"/></con:call><con:call id="e73739de-afb1-4cf2-a805-2c7cf15bf3ed" name="3 -Test - Worker1 - Request" outgoingWss="Outflow Test" incomingWss="Inflow Test"><con:settings><con:setting id="com.eviware.soapui.impl.wsdl.WsdlRequest@request-headers">&lt;xml-fragment/></con:setting></con:settings><con:encoding>UTF-8</con:encoding><con:endpoint>https://192.168.22.53:8443/services/CivilStatusDocumentService_v1.0</con:endpoint><con:request><![CDATA[<soapenv:Envelope xmlns:soapenv="http://schemas.xmlsoap.org/soap/envelope/" xmlns:v1="http://fidus.brussels/service/civilstatusdocumentservice/messages/v1" xmlns:v11="http://fidus.brussels/type/common/messages/v1">
   <soapenv:Header/>
   <soapenv:Body>
      <v1:getCopyConformRequest>
         <v1:messageContext>
           <v11:messageId>${=import static java.util.UUID.randomUUID; uuid = randomUUID() as String}</v11:messageId>
            <v11:timestamp>${=new java.text.SimpleDateFormat("yyyy-MM-dd'T'HH:mm:ss.SSS").format(new Date())}</v11:timestamp>
         </v1:messageContext>
         <v1:legalContext>ServiceIntegrator</v1:legalContext>
         <v1:request>
            <v1:documentReference>20180000299194</v1:documentReference>
		  <v1:language>fr</v1:language>
         </v1:request>
      </v1:getCopyConformRequest>
   </soapenv:Body>
</soapenv:Envelope>]]></con:request><con:credentials><con:selectedAuthProfile>Basic</con:selectedAuthProfile><con:addedBasicAuthenticationTypes>Basic</con:addedBasicAuthenticationTypes><con:authType>Global HTTP Settings</con:authType></con:credentials><con:jmsConfig JMSDeliveryMode="PERSISTENT"/><con:jmsPropertyConfig/><con:wsaConfig mustUnderstand="NONE" version="200508" action="http://fidus.brussels/services/civilstatusdocumentservice/getCopyConform"/><con:wsrmConfig version="1.2"/></con:call><con:call id="8918ba29-b5d4-48b8-8b59-c00b66334432" name="3 -Test - Worker2 - Request" outgoingWss="Outflow Test" incomingWss="Inflow Test"><con:settings><con:setting id="com.eviware.soapui.impl.wsdl.WsdlRequest@request-headers">&lt;xml-fragment/></con:setting></con:settings><con:encoding>UTF-8</con:encoding><con:endpoint>https://192.168.22.54:8443/services/CivilStatusDocumentService_v1.0</con:endpoint><con:request><![CDATA[<soapenv:Envelope xmlns:soapenv="http://schemas.xmlsoap.org/soap/envelope/" xmlns:v1="http://fidus.brussels/service/civilstatusdocumentservice/messages/v1" xmlns:v11="http://fidus.brussels/type/common/messages/v1">
   <soapenv:Header/>
   <soapenv:Body>
      <v1:getCopyConformRequest>
         <v1:messageContext>
           <v11:messageId>${=import static java.util.UUID.randomUUID; uuid = randomUUID() as String}</v11:messageId>
            <v11:timestamp>${=new java.text.SimpleDateFormat("yyyy-MM-dd'T'HH:mm:ss.SSS").format(new Date())}</v11:timestamp>
         </v1:messageContext>
         <v1:legalContext>ServiceIntegrator</v1:legalContext>
         <v1:request>
            <v1:documentReference>20180000299194</v1:documentReference>
		  <v1:language>fr</v1:language>
         </v1:request>
      </v1:getCopyConformRequest>
   </soapenv:Body>
</soapenv:Envelope>]]></con:request><con:credentials><con:selectedAuthProfile>Basic</con:selectedAuthProfile><con:addedBasicAuthenticationTypes>Basic</con:addedBasicAuthenticationTypes><con:authType>Global HTTP Settings</con:authType></con:credentials><con:jmsConfig JMSDeliveryMode="PERSISTENT"/><con:jmsPropertyConfig/><con:wsaConfig mustUnderstand="NONE" version="200508" action="http://fidus.brussels/services/civilstatusdocumentservice/getCopyConform"/><con:wsrmConfig version="1.2"/></con:call><con:call id="c4f493ae-c50e-450d-84b0-921fea859fec" name="4 -Staging - External - Request" outgoingWss="Outflow Staging" incomingWss="inflow staging"><con:settings><con:setting id="com.eviware.soapui.impl.wsdl.WsdlRequest@request-headers">&lt;xml-fragment/></con:setting></con:settings><con:encoding>UTF-8</con:encoding><con:endpoint>https://fidus.irisnetlab.be/services/CivilStatusDocumentService_v1.0</con:endpoint><con:request><![CDATA[<soapenv:Envelope xmlns:soapenv="http://schemas.xmlsoap.org/soap/envelope/" xmlns:v1="http://fidus.brussels/service/civilstatusdocumentservice/messages/v1" xmlns:v11="http://fidus.brussels/type/common/messages/v1">
   <soapenv:Header/>
   <soapenv:Body>
      <v1:getCopyConformRequest>
         <v1:messageContext>
           <v11:messageId>${=import static java.util.UUID.randomUUID; uuid = randomUUID() as String}</v11:messageId>
            <v11:timestamp>${=new java.text.SimpleDateFormat("yyyy-MM-dd'T'HH:mm:ss.SSS").format(new Date())}</v11:timestamp>
         </v1:messageContext>
         <v1:legalContext>ServiceIntegrator</v1:legalContext>
         <v1:request>
            <v1:documentReference>20180000299194</v1:documentReference>
		  <v1:language>fr</v1:language>
         </v1:request>
      </v1:getCopyConformRequest>
   </soapenv:Body>
</soapenv:Envelope>]]></con:request><con:credentials><con:selectedAuthProfile>Basic</con:selectedAuthProfile><con:addedBasicAuthenticationTypes>Basic</con:addedBasicAuthenticationTypes><con:authType>Global HTTP Settings</con:authType></con:credentials><con:jmsConfig JMSDeliveryMode="PERSISTENT"/><con:jmsPropertyConfig/><con:wsaConfig mustUnderstand="NONE" version="200508" action="http://fidus.brussels/services/civilstatusdocumentservice/getCopyConform"/><con:wsrmConfig version="1.2"/></con:call><con:call id="900907c1-1b67-4486-bee7-3193ee85f30c" name="4 -Staging - LB - Request" outgoingWss="Outflow Staging" incomingWss="inflow staging"><con:settings><con:setting id="com.eviware.soapui.impl.wsdl.WsdlRequest@request-headers">&lt;xml-fragment/></con:setting></con:settings><con:encoding>UTF-8</con:encoding><con:endpoint>https://fidus-esb-sg.sta.srv.cirb.lan:8443/services/CivilStatusDocumentService_v1.0</con:endpoint><con:request><![CDATA[<soapenv:Envelope xmlns:soapenv="http://schemas.xmlsoap.org/soap/envelope/" xmlns:v1="http://fidus.brussels/service/civilstatusdocumentservice/messages/v1" xmlns:v11="http://fidus.brussels/type/common/messages/v1">
   <soapenv:Header/>
   <soapenv:Body>
      <v1:getCopyConformRequest>
         <v1:messageContext>
           <v11:messageId>${=import static java.util.UUID.randomUUID; uuid = randomUUID() as String}</v11:messageId>
            <v11:timestamp>${=new java.text.SimpleDateFormat("yyyy-MM-dd'T'HH:mm:ss.SSS").format(new Date())}</v11:timestamp>
         </v1:messageContext>
         <v1:legalContext>ServiceIntegrator</v1:legalContext>
         <v1:request>
            <v1:documentReference>20180000299194</v1:documentReference>
		  <v1:language>fr</v1:language>
         </v1:request>
      </v1:getCopyConformRequest>
   </soapenv:Body>
</soapenv:Envelope>]]></con:request><con:credentials><con:selectedAuthProfile>Basic</con:selectedAuthProfile><con:addedBasicAuthenticationTypes>Basic</con:addedBasicAuthenticationTypes><con:authType>Global HTTP Settings</con:authType></con:credentials><con:jmsConfig JMSDeliveryMode="PERSISTENT"/><con:jmsPropertyConfig/><con:wsaConfig mustUnderstand="NONE" version="200508" action="http://fidus.brussels/services/civilstatusdocumentservice/getCopyConform"/><con:wsrmConfig version="1.2"/></con:call><con:call id="8cb45755-fa6b-4d23-a909-e82c2203cfdf" name="4 -Staging - worker1 - Request" outgoingWss="Outflow Staging" incomingWss="inflow staging"><con:settings><con:setting id="com.eviware.soapui.impl.wsdl.WsdlRequest@request-headers">&lt;xml-fragment/></con:setting></con:settings><con:encoding>UTF-8</con:encoding><con:endpoint>https://192.168.24.16:8443/services/CivilStatusDocumentService_v1.0</con:endpoint><con:request><![CDATA[<soapenv:Envelope xmlns:soapenv="http://schemas.xmlsoap.org/soap/envelope/" xmlns:v1="http://fidus.brussels/service/civilstatusdocumentservice/messages/v1" xmlns:v11="http://fidus.brussels/type/common/messages/v1">
   <soapenv:Header/>
   <soapenv:Body>
      <v1:getCopyConformRequest>
         <v1:messageContext>
           <v11:messageId>${=import static java.util.UUID.randomUUID; uuid = randomUUID() as String}</v11:messageId>
            <!--Optional:-->
            <v11:timestamp>${=new java.text.SimpleDateFormat("yyyy-MM-dd'T'HH:mm:ss.SSS").format(new Date())}</v11:timestamp>
         </v1:messageContext>
         <v1:legalContext>ServiceIntegrator</v1:legalContext>
         <v1:request>
            <v1:documentReference>20180000299194</v1:documentReference>
            <v1:language>fr</v1:language>
            <!--Optional:-->
            <v1:municipalityCode>01050</v1:municipalityCode>
         </v1:request>
      </v1:getCopyConformRequest>
   </soapenv:Body>
</soapenv:Envelope>]]></con:request><con:credentials><con:selectedAuthProfile>Basic</con:selectedAuthProfile><con:addedBasicAuthenticationTypes>Basic</con:addedBasicAuthenticationTypes><con:authType>Global HTTP Settings</con:authType></con:credentials><con:jmsConfig JMSDeliveryMode="PERSISTENT"/><con:jmsPropertyConfig/><con:wsaConfig mustUnderstand="NONE" version="200508" action="http://fidus.brussels/services/civilstatusdocumentservice/getCopyConform"/><con:wsrmConfig version="1.2"/></con:call><con:call id="940d75a4-5b52-4911-a6d9-ea4bcd561d33" name="4 -Staging - worker2 - Request" outgoingWss="Outflow Staging" incomingWss="inflow staging"><con:settings><con:setting id="com.eviware.soapui.impl.wsdl.WsdlRequest@request-headers">&lt;xml-fragment/></con:setting></con:settings><con:encoding>UTF-8</con:encoding><con:endpoint>https://192.168.24.17:8443/services/CivilStatusDocumentService_v1.0</con:endpoint><con:request><![CDATA[<soapenv:Envelope xmlns:soapenv="http://schemas.xmlsoap.org/soap/envelope/" xmlns:v1="http://fidus.brussels/service/civilstatusdocumentservice/messages/v1" xmlns:v11="http://fidus.brussels/type/common/messages/v1">
   <soapenv:Header/>
   <soapenv:Body>
      <v1:getCopyConformRequest>
         <v1:messageContext>
           <v11:messageId>${=import static java.util.UUID.randomUUID; uuid = randomUUID() as String}</v11:messageId>
            <!--Optional:-->
            <v11:timestamp>${=new java.text.SimpleDateFormat("yyyy-MM-dd'T'HH:mm:ss.SSS").format(new Date())}</v11:timestamp>
         </v1:messageContext>
         <v1:legalContext>ServiceIntegrator</v1:legalContext>
         <v1:request>
            <v1:documentReference>20180000299194</v1:documentReference>
            <v1:language>fr</v1:language>
            <!--Optional:-->
         </v1:request>
      </v1:getCopyConformRequest>
   </soapenv:Body>
</soapenv:Envelope>]]></con:request><con:credentials><con:selectedAuthProfile>Basic</con:selectedAuthProfile><con:addedBasicAuthenticationTypes>Basic</con:addedBasicAuthenticationTypes><con:authType>Global HTTP Settings</con:authType></con:credentials><con:jmsConfig JMSDeliveryMode="PERSISTENT"/><con:jmsPropertyConfig/><con:wsaConfig mustUnderstand="NONE" version="200508" action="http://fidus.brussels/services/civilstatusdocumentservice/getCopyConform"/><con:wsrmConfig version="1.2"/></con:call></con:operation><con:operation id="4799dec7-a879-49a5-8b79-16ca2a43c5c0" isOneWay="false" action="http://fidus.brussels/services/civilstatusdocumentservice/getCopyConformAsPdf" name="getCopyConformAsPdf" bindingOperationName="getCopyConformAsPdf" type="Request-Response" inputName="" receivesAttachments="false" sendsAttachments="false" anonymous="optional"><con:settings/><con:call id="b69b33bd-1bac-4ba4-bbd9-6edb3877db0f" name="1 - Local - Request" outgoingWss="Outflow DEV" incomingWss="Inflow DEV"><con:settings><con:setting id="com.eviware.soapui.impl.wsdl.WsdlRequest@request-headers">&lt;xml-fragment/></con:setting></con:settings><con:encoding>UTF-8</con:encoding><con:endpoint>https://192.168.22.53:8443/services/CivilStatusDocumentService_v1.0</con:endpoint><con:request><![CDATA[<soapenv:Envelope xmlns:soapenv="http://schemas.xmlsoap.org/soap/envelope/" xmlns:v1="http://fidus.brussels/service/civilstatusdocumentservice/messages/v1" xmlns:v11="http://fidus.brussels/type/common/messages/v1">
   <soapenv:Header/>
   <soapenv:Body>
      <v1:getCopyConformAsPdfRequest>
         <v1:messageContext>
           <v11:messageId>${=import static java.util.UUID.randomUUID; uuid = randomUUID() as String}</v11:messageId>
            <v11:timestamp>${=new java.text.SimpleDateFormat("yyyy-MM-dd'T'HH:mm:ss.SSS").format(new Date())}</v11:timestamp>
         </v1:messageContext>
         <v1:legalContext>ServiceIntegrator</v1:legalContext>
         <v1:request>
            <v1:documentReference>20180000299194</v1:documentReference>
         	  <v1:language>fr</v1:language>
         	  <v1:municipalityCode>01050</v1:municipalityCode>
         </v1:request>
      </v1:getCopyConformAsPdfRequest>
   </soapenv:Body>
</soapenv:Envelope>]]></con:request><con:credentials><con:selectedAuthProfile>Basic</con:selectedAuthProfile><con:addedBasicAuthenticationTypes>Basic</con:addedBasicAuthenticationTypes><con:authType>Global HTTP Settings</con:authType></con:credentials><con:jmsConfig JMSDeliveryMode="PERSISTENT"/><con:jmsPropertyConfig/><con:wsaConfig mustUnderstand="NONE" version="200508" action="http://fidus.brussels/services/civilstatusdocumentservice/getCopyConformAsPdf"/><con:wsrmConfig version="1.2"/></con:call><con:call id="e1c3a29f-debb-4cb4-89f3-6dcd8a8179d2" name="2 - Dev - Request" outgoingWss="Outflow DEV" incomingWss="Inflow DEV"><con:settings><con:setting id="com.eviware.soapui.impl.wsdl.WsdlRequest@request-headers">&lt;xml-fragment/></con:setting></con:settings><con:encoding>UTF-8</con:encoding><con:endpoint>https://192.168.22.53:8443/services/CivilStatusDocumentService_v1.0</con:endpoint><con:request><![CDATA[<soapenv:Envelope xmlns:soapenv="http://schemas.xmlsoap.org/soap/envelope/" xmlns:v1="http://fidus.brussels/service/civilstatusdocumentservice/messages/v1" xmlns:v11="http://fidus.brussels/type/common/messages/v1">
   <soapenv:Header/>
   <soapenv:Body>
      <v1:getCopyConformAsPdfRequest>
         <v1:messageContext>
           <v11:messageId>${=import static java.util.UUID.randomUUID; uuid = randomUUID() as String}</v11:messageId>
            <v11:timestamp>${=new java.text.SimpleDateFormat("yyyy-MM-dd'T'HH:mm:ss.SSS").format(new Date())}</v11:timestamp>
         </v1:messageContext>
         <v1:legalContext>ServiceIntegrator</v1:legalContext>
         <v1:request>
            <v1:documentReference>20180000299194</v1:documentReference>
         	  <v1:language>fr</v1:language>
         	  <v1:municipalityCode>d1051</v1:municipalityCode>
         </v1:request>
      </v1:getCopyConformAsPdfRequest>
   </soapenv:Body>
</soapenv:Envelope>]]></con:request><con:credentials><con:selectedAuthProfile>Basic</con:selectedAuthProfile><con:addedBasicAuthenticationTypes>Basic</con:addedBasicAuthenticationTypes><con:authType>Global HTTP Settings</con:authType></con:credentials><con:jmsConfig JMSDeliveryMode="PERSISTENT"/><con:jmsPropertyConfig/><con:wsaConfig mustUnderstand="NONE" version="200508" action="http://fidus.brussels/services/civilstatusdocumentservice/getCopyConformAsPdf"/><con:wsrmConfig version="1.2"/></con:call><con:call id="07f5b3a0-d3e6-44f8-a62e-9d7e6592b966" name="3 -Test - External - Request" outgoingWss="Outflow Test" incomingWss="Inflow Test"><con:settings><con:setting id="com.eviware.soapui.impl.wsdl.WsdlRequest@request-headers">&lt;xml-fragment/></con:setting></con:settings><con:encoding>UTF-8</con:encoding><con:endpoint>https://192.168.22.53:8443/services/CivilStatusDocumentService_v1.0</con:endpoint><con:request><![CDATA[<soapenv:Envelope xmlns:soapenv="http://schemas.xmlsoap.org/soap/envelope/" xmlns:v1="http://fidus.brussels/service/civilstatusdocumentservice/messages/v1" xmlns:v11="http://fidus.brussels/type/common/messages/v1">
   <soapenv:Header/>
   <soapenv:Body>
      <v1:getCopyConformAsPdfRequest>
         <v1:messageContext>
           <v11:messageId>${=import static java.util.UUID.randomUUID; uuid = randomUUID() as String}</v11:messageId>
            <!--Optional:-->
            <v11:timestamp>${=new java.text.SimpleDateFormat("yyyy-MM-dd'T'HH:mm:ss.SSS").format(new Date())}</v11:timestamp>
         </v1:messageContext>
         <v1:legalContext>ServiceIntegrator</v1:legalContext>
         <v1:request>
            <v1:documentReference>20180000299194</v1:documentReference>
            <v1:language>fr</v1:language>
            <!--Optional:-->
            <v1:municipalityCode>01050</v1:municipalityCode>
         </v1:request>
      </v1:getCopyConformAsPdfRequest>
   </soapenv:Body>
</soapenv:Envelope>]]></con:request><con:credentials><con:selectedAuthProfile>Basic</con:selectedAuthProfile><con:addedBasicAuthenticationTypes>Basic</con:addedBasicAuthenticationTypes><con:authType>Global HTTP Settings</con:authType></con:credentials><con:jmsConfig JMSDeliveryMode="PERSISTENT"/><con:jmsPropertyConfig/><con:wsaConfig mustUnderstand="NONE" version="200508" action="http://fidus.brussels/services/civilstatusdocumentservice/getCopyConformAsPdf"/><con:wsrmConfig version="1.2"/></con:call><con:call id="9aed37b4-2874-43b7-aa01-19a8662ddc1d" name="3 -Test - LB - Request" outgoingWss="Outflow Test" incomingWss="Inflow Test"><con:settings><con:setting id="com.eviware.soapui.impl.wsdl.WsdlRequest@request-headers">&lt;xml-fragment/></con:setting></con:settings><con:encoding>UTF-8</con:encoding><con:endpoint>https://esb-security-gw.sta.srv.cirb.lan:8443/services/CivilStatusDocumentService_v1.0</con:endpoint><con:request><![CDATA[<soapenv:Envelope xmlns:soapenv="http://schemas.xmlsoap.org/soap/envelope/" xmlns:v1="http://fidus.brussels/service/civilstatusdocumentservice/messages/v1" xmlns:v11="http://fidus.brussels/type/common/messages/v1">
   <soapenv:Header/>
   <soapenv:Body>
      <v1:getCopyConformAsPdfRequest>
         <v1:messageContext>
           <v11:messageId>${=import static java.util.UUID.randomUUID; uuid = randomUUID() as String}</v11:messageId>
            <v11:timestamp>${=new java.text.SimpleDateFormat("yyyy-MM-dd'T'HH:mm:ss.SSS").format(new Date())}</v11:timestamp>
         </v1:messageContext>
         <v1:legalContext>ServiceIntegrator</v1:legalContext>
         <v1:request>
            <v1:documentReference>20180000299194</v1:documentReference>
         	  <v1:language>fr</v1:language>
         </v1:request>
      </v1:getCopyConformAsPdfRequest>
   </soapenv:Body>
</soapenv:Envelope>]]></con:request><con:credentials><con:selectedAuthProfile>Basic</con:selectedAuthProfile><con:addedBasicAuthenticationTypes>Basic</con:addedBasicAuthenticationTypes><con:authType>Global HTTP Settings</con:authType></con:credentials><con:jmsConfig JMSDeliveryMode="PERSISTENT"/><con:jmsPropertyConfig/><con:wsaConfig mustUnderstand="NONE" version="200508" action="http://fidus.brussels/services/civilstatusdocumentservice/getCopyConformAsPdf"/><con:wsrmConfig version="1.2"/></con:call><con:call id="9e458883-5916-4d09-8bad-8da4d6b6c1ad" name="3 -Test - Worker1 - Request" outgoingWss="Outflow Test" incomingWss="Inflow Test"><con:settings><con:setting id="com.eviware.soapui.impl.wsdl.WsdlRequest@request-headers">&lt;xml-fragment/></con:setting></con:settings><con:encoding>UTF-8</con:encoding><con:endpoint>https://192.168.22.53:8443/services/CivilStatusDocumentService_v1.0</con:endpoint><con:request><![CDATA[<soapenv:Envelope xmlns:soapenv="http://schemas.xmlsoap.org/soap/envelope/" xmlns:v1="http://fidus.brussels/service/civilstatusdocumentservice/messages/v1" xmlns:v11="http://fidus.brussels/type/common/messages/v1">
   <soapenv:Header/>
   <soapenv:Body>
      <v1:getCopyConformAsPdfRequest>
         <v1:messageContext>
           <v11:messageId>${=import static java.util.UUID.randomUUID; uuid = randomUUID() as String}</v11:messageId>
            <v11:timestamp>${=new java.text.SimpleDateFormat("yyyy-MM-dd'T'HH:mm:ss.SSS").format(new Date())}</v11:timestamp>
         </v1:messageContext>
         <v1:legalContext>ServiceIntegrator</v1:legalContext>
         <v1:request>
            <v1:documentReference>20180000299194</v1:documentReference>
         	  <v1:language>fr</v1:language>
         </v1:request>
      </v1:getCopyConformAsPdfRequest>
   </soapenv:Body>
</soapenv:Envelope>]]></con:request><con:credentials><con:selectedAuthProfile>Basic</con:selectedAuthProfile><con:addedBasicAuthenticationTypes>Basic</con:addedBasicAuthenticationTypes><con:authType>Global HTTP Settings</con:authType></con:credentials><con:jmsConfig JMSDeliveryMode="PERSISTENT"/><con:jmsPropertyConfig/><con:wsaConfig mustUnderstand="NONE" version="200508" action="http://fidus.brussels/services/civilstatusdocumentservice/getCopyConformAsPdf"/><con:wsrmConfig version="1.2"/></con:call><con:call id="a83aee0c-4139-4a53-b5d2-ef651da9e9b3" name="3 -Test - Worker2 - Request" outgoingWss="Outflow Test" incomingWss="Inflow Test"><con:settings><con:setting id="com.eviware.soapui.impl.wsdl.WsdlRequest@request-headers">&lt;xml-fragment/></con:setting></con:settings><con:encoding>UTF-8</con:encoding><con:endpoint>https://192.168.22.54:8443/services/CivilStatusDocumentService_v1.0</con:endpoint><con:request><![CDATA[<soapenv:Envelope xmlns:soapenv="http://schemas.xmlsoap.org/soap/envelope/" xmlns:v1="http://fidus.brussels/service/civilstatusdocumentservice/messages/v1" xmlns:v11="http://fidus.brussels/type/common/messages/v1">
   <soapenv:Header/>
   <soapenv:Body>
      <v1:getCopyConformAsPdfRequest>
         <v1:messageContext>
           <v11:messageId>${=import static java.util.UUID.randomUUID; uuid = randomUUID() as String}</v11:messageId>
            <v11:timestamp>${=new java.text.SimpleDateFormat("yyyy-MM-dd'T'HH:mm:ss.SSS").format(new Date())}</v11:timestamp>
         </v1:messageContext>
         <v1:legalContext>ServiceIntegrator</v1:legalContext>
         <v1:request>
            <v1:documentReference>20180000299194</v1:documentReference>
         	  <v1:language>fr</v1:language>
         </v1:request>
      </v1:getCopyConformAsPdfRequest>
   </soapenv:Body>
</soapenv:Envelope>]]></con:request><con:credentials><con:selectedAuthProfile>Basic</con:selectedAuthProfile><con:addedBasicAuthenticationTypes>Basic</con:addedBasicAuthenticationTypes><con:authType>Global HTTP Settings</con:authType></con:credentials><con:jmsConfig JMSDeliveryMode="PERSISTENT"/><con:jmsPropertyConfig/><con:wsaConfig mustUnderstand="NONE" version="200508" action="http://fidus.brussels/services/civilstatusdocumentservice/getCopyConformAsPdf"/><con:wsrmConfig version="1.2"/></con:call><con:call id="626f30a3-42a9-4c8c-a1c1-7b945b9274dd" name="4 - Staging - Worker2 - Request"><con:settings><con:setting id="com.eviware.soapui.impl.wsdl.WsdlRequest@request-headers">&lt;xml-fragment/></con:setting></con:settings><con:encoding>UTF-8</con:encoding><con:endpoint>https://192.168.24.17:8443/services/CivilStatusDocumentService_v1.0</con:endpoint><con:request><![CDATA[<soapenv:Envelope xmlns:soapenv="http://schemas.xmlsoap.org/soap/envelope/" xmlns:v1="http://fidus.brussels/service/civilstatusdocumentservice/messages/v1" xmlns:v11="http://fidus.brussels/type/common/messages/v1">
   <soapenv:Header/>
   <soapenv:Body>
      <v1:getCopyConformAsPdfRequest>
         <v1:messageContext>
           <v11:messageId>${=import static java.util.UUID.randomUUID; uuid = randomUUID() as String}</v11:messageId>
            <v11:timestamp>${=new java.text.SimpleDateFormat("yyyy-MM-dd'T'HH:mm:ss.SSS").format(new Date())}</v11:timestamp>
         </v1:messageContext>
         <v1:legalContext>ServiceIntegrator</v1:legalContext>
         <v1:request>
            <v1:documentReference>20180000299194</v1:documentReference>
         	  <v1:language>fr</v1:language>
         </v1:request>
      </v1:getCopyConformAsPdfRequest>
   </soapenv:Body>
</soapenv:Envelope>]]></con:request><con:credentials><con:selectedAuthProfile>Basic</con:selectedAuthProfile><con:addedBasicAuthenticationTypes>Basic</con:addedBasicAuthenticationTypes><con:authType>Global HTTP Settings</con:authType></con:credentials><con:jmsConfig JMSDeliveryMode="PERSISTENT"/><con:jmsPropertyConfig/><con:wsaConfig mustUnderstand="NONE" version="200508" action="http://fidus.brussels/services/civilstatusdocumentservice/getCopyConformAsPdf"/><con:wsrmConfig version="1.2"/></con:call><con:call id="dbe97484-ba63-4c33-8d17-5295b08edf4f" name="4 - Staging - Worker1 - Request"><con:settings><con:setting id="com.eviware.soapui.impl.wsdl.WsdlRequest@request-headers">&lt;xml-fragment/></con:setting></con:settings><con:encoding>UTF-8</con:encoding><con:endpoint>https://192.168.24.16:8443/services/CivilStatusDocumentService_v1.0</con:endpoint><con:request><![CDATA[<soapenv:Envelope xmlns:soapenv="http://schemas.xmlsoap.org/soap/envelope/" xmlns:v1="http://fidus.brussels/service/civilstatusdocumentservice/messages/v1" xmlns:v11="http://fidus.brussels/type/common/messages/v1">
   <soapenv:Header/>
   <soapenv:Body>
      <v1:getCopyConformAsPdfRequest>
         <v1:messageContext>
           <v11:messageId>${=import static java.util.UUID.randomUUID; uuid = randomUUID() as String}</v11:messageId>
            <v11:timestamp>${=new java.text.SimpleDateFormat("yyyy-MM-dd'T'HH:mm:ss.SSS").format(new Date())}</v11:timestamp>
         </v1:messageContext>
         <v1:legalContext>ServiceIntegrator</v1:legalContext>
         <v1:request>
            <v1:documentReference>20180000299194</v1:documentReference>
         	  <v1:language>fr</v1:language>
         </v1:request>
      </v1:getCopyConformAsPdfRequest>
   </soapenv:Body>
</soapenv:Envelope>]]></con:request><con:credentials><con:selectedAuthProfile>Basic</con:selectedAuthProfile><con:addedBasicAuthenticationTypes>Basic</con:addedBasicAuthenticationTypes><con:authType>Global HTTP Settings</con:authType></con:credentials><con:jmsConfig JMSDeliveryMode="PERSISTENT"/><con:jmsPropertyConfig/><con:wsaConfig mustUnderstand="NONE" version="200508" action="http://fidus.brussels/services/civilstatusdocumentservice/getCopyConformAsPdf"/><con:wsrmConfig version="1.2"/></con:call><con:call id="422f2a1f-82f7-43c8-bab2-c51454b4a841" name="4 - Staging - External - Request"><con:settings><con:setting id="com.eviware.soapui.impl.wsdl.WsdlRequest@request-headers">&lt;xml-fragment/></con:setting></con:settings><con:encoding>UTF-8</con:encoding><con:endpoint>https://fidus.irisnetlab.be/services/CivilStatusDocumentService_v1.0</con:endpoint><con:request><![CDATA[<soapenv:Envelope xmlns:soapenv="http://schemas.xmlsoap.org/soap/envelope/" xmlns:v1="http://fidus.brussels/service/civilstatusdocumentservice/messages/v1" xmlns:v11="http://fidus.brussels/type/common/messages/v1">
   <soapenv:Header/>
   <soapenv:Body>
      <v1:getCopyConformAsPdfRequest>
         <v1:messageContext>
           <v11:messageId>${=import static java.util.UUID.randomUUID; uuid = randomUUID() as String}</v11:messageId>
            <v11:timestamp>${=new java.text.SimpleDateFormat("yyyy-MM-dd'T'HH:mm:ss.SSS").format(new Date())}</v11:timestamp>
         </v1:messageContext>
         <v1:legalContext>ServiceIntegrator</v1:legalContext>
         <v1:request>
            <v1:documentReference>20180000299194</v1:documentReference>
         	  <v1:language>fr</v1:language>
         </v1:request>
      </v1:getCopyConformAsPdfRequest>
   </soapenv:Body>
</soapenv:Envelope>]]></con:request><con:credentials><con:selectedAuthProfile>Basic</con:selectedAuthProfile><con:addedBasicAuthenticationTypes>Basic</con:addedBasicAuthenticationTypes><con:authType>Global HTTP Settings</con:authType></con:credentials><con:jmsConfig JMSDeliveryMode="PERSISTENT"/><con:jmsPropertyConfig/><con:wsaConfig mustUnderstand="NONE" version="200508" action="http://fidus.brussels/services/civilstatusdocumentservice/getCopyConformAsPdf"/><con:wsrmConfig version="1.2"/></con:call><con:call id="5e1020a2-e422-47a8-ab7c-997f294ec4fb" name="4 - Staging - LB - Request"><con:settings><con:setting id="com.eviware.soapui.impl.wsdl.WsdlRequest@request-headers">&lt;xml-fragment/></con:setting></con:settings><con:encoding>UTF-8</con:encoding><con:endpoint>https://fidus-esb-sg.sta.srv.cirb.lan:8443/services/CivilStatusDocumentService_v1.0</con:endpoint><con:request><![CDATA[<soapenv:Envelope xmlns:soapenv="http://schemas.xmlsoap.org/soap/envelope/" xmlns:v1="http://fidus.brussels/service/civilstatusdocumentservice/messages/v1" xmlns:v11="http://fidus.brussels/type/common/messages/v1">
   <soapenv:Header/>
   <soapenv:Body>
      <v1:getCopyConformAsPdfRequest>
         <v1:messageContext>
           <v11:messageId>${=import static java.util.UUID.randomUUID; uuid = randomUUID() as String}</v11:messageId>
            <v11:timestamp>${=new java.text.SimpleDateFormat("yyyy-MM-dd'T'HH:mm:ss.SSS").format(new Date())}</v11:timestamp>
         </v1:messageContext>
         <v1:legalContext>ServiceIntegrator</v1:legalContext>
         <v1:request>
            <v1:documentReference>20180000299194</v1:documentReference>
         	  <v1:language>fr</v1:language>
         </v1:request>
      </v1:getCopyConformAsPdfRequest>
   </soapenv:Body>
</soapenv:Envelope>]]></con:request><con:credentials><con:selectedAuthProfile>Basic</con:selectedAuthProfile><con:addedBasicAuthenticationTypes>Basic</con:addedBasicAuthenticationTypes><con:authType>Global HTTP Settings</con:authType></con:credentials><con:jmsConfig JMSDeliveryMode="PERSISTENT"/><con:jmsPropertyConfig/><con:wsaConfig mustUnderstand="NONE" version="200508" action="http://fidus.brussels/services/civilstatusdocumentservice/getCopyConformAsPdf"/><con:wsrmConfig version="1.2"/></con:call></con:operation><con:operation id="1b6e3d64-ab18-4805-9856-0d3f0501f5ad" isOneWay="false" action="http://fidus.brussels/services/civilstatusdocumentservice/getDocument" name="getDocument" bindingOperationName="getDocument" type="Request-Response" inputName="" receivesAttachments="false" sendsAttachments="false" anonymous="optional"><con:settings/><con:call id="4c92f8cb-ccea-4d28-b382-9a839c6eba83" name="1 - Local - Request" outgoingWss="Outflow DEV" incomingWss="Inflow DEV"><con:settings><con:setting id="com.eviware.soapui.impl.wsdl.WsdlRequest@request-headers">&lt;xml-fragment/></con:setting></con:settings><con:encoding>UTF-8</con:encoding><con:endpoint>https://192.168.22.53:8443/services/CivilStatusDocumentService_v1.0</con:endpoint><con:request><![CDATA[<soapenv:Envelope xmlns:soapenv="http://schemas.xmlsoap.org/soap/envelope/" xmlns:v1="http://fidus.brussels/service/civilstatusdocumentservice/messages/v1" xmlns:v11="http://fidus.brussels/type/common/messages/v1">
   <soapenv:Header/>
   <soapenv:Body>
      <v1:getDocumentRequest>
         <v1:messageContext>
           <v11:messageId>${=import static java.util.UUID.randomUUID; uuid = randomUUID() as String}</v11:messageId>
            <v11:timestamp>${=new java.text.SimpleDateFormat("yyyy-MM-dd'T'HH:mm:ss.SSS").format(new Date())}</v11:timestamp>
         </v1:messageContext>
         <v1:legalContext>ServiceIntegrator</v1:legalContext>
         <v1:request>
            <v1:documentReference>201800002991940</v1:documentReference>
            <v1:language>fr</v1:language>
            <v1:municipalityCode>d1051</v1:municipalityCode>
         </v1:request>
      </v1:getDocumentRequest>
   </soapenv:Body>
</soapenv:Envelope>]]></con:request><con:credentials><con:selectedAuthProfile>Basic</con:selectedAuthProfile><con:addedBasicAuthenticationTypes>Basic</con:addedBasicAuthenticationTypes><con:authType>Global HTTP Settings</con:authType></con:credentials><con:jmsConfig JMSDeliveryMode="PERSISTENT"/><con:jmsPropertyConfig/><con:wsaConfig mustUnderstand="NONE" version="200508" action="http://fidus.brussels/services/civilstatusdocumentservice/getDocument"/><con:wsrmConfig version="1.2"/></con:call><con:call id="16b23b45-c500-4a24-b94b-09c5dfe72264" name="2 - Dev - Request" outgoingWss="Outflow DEV" incomingWss="Inflow DEV"><con:settings><con:setting id="com.eviware.soapui.impl.wsdl.WsdlRequest@request-headers">&lt;xml-fragment/></con:setting></con:settings><con:encoding>UTF-8</con:encoding><con:endpoint>https://192.168.22.53:8443/services/CivilStatusDocumentService_v1.0</con:endpoint><con:request><![CDATA[<soapenv:Envelope xmlns:soapenv="http://schemas.xmlsoap.org/soap/envelope/" xmlns:v1="http://fidus.brussels/service/civilstatusdocumentservice/messages/v1" xmlns:v11="http://fidus.brussels/type/common/messages/v1">
   <soapenv:Header/>
   <soapenv:Body>
      <v1:getDocumentRequest>
         <v1:messageContext>
           <v11:messageId>${=import static java.util.UUID.randomUUID; uuid = randomUUID() as String}</v11:messageId>
            <v11:timestamp>${=new java.text.SimpleDateFormat("yyyy-MM-dd'T'HH:mm:ss.SSS").format(new Date())}</v11:timestamp>
         </v1:messageContext>
         <v1:legalContext>ServiceIntegrator</v1:legalContext>
         <v1:request>
            <v1:documentReference>201800002991940</v1:documentReference>
            <v1:language>fr</v1:language>
            <v1:municipalityCode>d1051</v1:municipalityCode>
         </v1:request>
      </v1:getDocumentRequest>
   </soapenv:Body>
</soapenv:Envelope>]]></con:request><con:credentials><con:selectedAuthProfile>Basic</con:selectedAuthProfile><con:addedBasicAuthenticationTypes>Basic</con:addedBasicAuthenticationTypes><con:authType>Global HTTP Settings</con:authType></con:credentials><con:jmsConfig JMSDeliveryMode="PERSISTENT"/><con:jmsPropertyConfig/><con:wsaConfig mustUnderstand="NONE" version="200508" action="http://fidus.brussels/services/civilstatusdocumentservice/getDocument"/><con:wsrmConfig version="1.2"/></con:call><con:call id="9cbf95bc-b4e7-492f-8e9f-2f99467eacdc" name="3 -Test - External - Request" outgoingWss="Outflow Test" incomingWss="Inflow Test"><con:settings><con:setting id="com.eviware.soapui.impl.wsdl.WsdlRequest@request-headers">&lt;xml-fragment/></con:setting></con:settings><con:encoding>UTF-8</con:encoding><con:endpoint>https://fidus-test.irisnetlab.be/services/CivilStatusDocumentService_v1.0</con:endpoint><con:request><![CDATA[<soapenv:Envelope xmlns:soapenv="http://schemas.xmlsoap.org/soap/envelope/" xmlns:v1="http://fidus.brussels/service/civilstatusdocumentservice/messages/v1" xmlns:v11="http://fidus.brussels/type/common/messages/v1">
   <soapenv:Header/>
   <soapenv:Body>
      <v1:getDocumentRequest>
         <v1:messageContext>
           <v11:messageId>${=import static java.util.UUID.randomUUID; uuid = randomUUID() as String}</v11:messageId>
            <v11:timestamp>${=new java.text.SimpleDateFormat("yyyy-MM-dd'T'HH:mm:ss.SSS").format(new Date())}</v11:timestamp>
         </v1:messageContext>
         <v1:legalContext>ServiceIntegrator</v1:legalContext>
         <v1:request>
            <v1:documentReference>20180000299194</v1:documentReference>
            <v1:language>fr</v1:language>
         </v1:request>
      </v1:getDocumentRequest>
   </soapenv:Body>
</soapenv:Envelope>]]></con:request><con:credentials><con:selectedAuthProfile>Basic</con:selectedAuthProfile><con:addedBasicAuthenticationTypes>Basic</con:addedBasicAuthenticationTypes><con:authType>Global HTTP Settings</con:authType></con:credentials><con:jmsConfig JMSDeliveryMode="PERSISTENT"/><con:jmsPropertyConfig/><con:wsaConfig mustUnderstand="NONE" version="200508" action="http://fidus.brussels/services/civilstatusdocumentservice/getDocument"/><con:wsrmConfig version="1.2"/></con:call><con:call id="a6f95487-d5fd-4729-8e53-820e21c95277" name="3 -Test - LB - Request" outgoingWss="Outflow Test" incomingWss="Inflow Test"><con:settings><con:setting id="com.eviware.soapui.impl.wsdl.WsdlRequest@request-headers">&lt;xml-fragment/></con:setting></con:settings><con:encoding>UTF-8</con:encoding><con:endpoint>https://esb-security-gw.sta.srv.cirb.lan:8443/services/CivilStatusDocumentService_v1.0</con:endpoint><con:request><![CDATA[<soapenv:Envelope xmlns:soapenv="http://schemas.xmlsoap.org/soap/envelope/" xmlns:v1="http://fidus.brussels/service/civilstatusdocumentservice/messages/v1" xmlns:v11="http://fidus.brussels/type/common/messages/v1">
   <soapenv:Header/>
   <soapenv:Body>
      <v1:getDocumentRequest>
         <v1:messageContext>
           <v11:messageId>${=import static java.util.UUID.randomUUID; uuid = randomUUID() as String}</v11:messageId>
            <v11:timestamp>${=new java.text.SimpleDateFormat("yyyy-MM-dd'T'HH:mm:ss.SSS").format(new Date())}</v11:timestamp>
         </v1:messageContext>
         <v1:legalContext>ServiceIntegrator</v1:legalContext>
         <v1:request>
            <v1:documentReference>20180000299194</v1:documentReference>
            <v1:language>fr</v1:language>
         </v1:request>
      </v1:getDocumentRequest>
   </soapenv:Body>
</soapenv:Envelope>]]></con:request><con:credentials><con:selectedAuthProfile>Basic</con:selectedAuthProfile><con:addedBasicAuthenticationTypes>Basic</con:addedBasicAuthenticationTypes><con:authType>Global HTTP Settings</con:authType></con:credentials><con:jmsConfig JMSDeliveryMode="PERSISTENT"/><con:jmsPropertyConfig/><con:wsaConfig mustUnderstand="NONE" version="200508" action="http://fidus.brussels/services/civilstatusdocumentservice/getDocument"/><con:wsrmConfig version="1.2"/></con:call><con:call id="528f8c9c-6f4e-455d-8507-101efadb2066" name="3 -Test - Worker1 - Request" outgoingWss="Outflow Test" incomingWss="Inflow Test"><con:settings><con:setting id="com.eviware.soapui.impl.wsdl.WsdlRequest@request-headers">&lt;xml-fragment/></con:setting></con:settings><con:encoding>UTF-8</con:encoding><con:endpoint>https://192.168.22.53:8443/services/CivilStatusDocumentService_v1.0</con:endpoint><con:request><![CDATA[<soapenv:Envelope xmlns:soapenv="http://schemas.xmlsoap.org/soap/envelope/" xmlns:v1="http://fidus.brussels/service/civilstatusdocumentservice/messages/v1" xmlns:v11="http://fidus.brussels/type/common/messages/v1">
   <soapenv:Header/>
   <soapenv:Body>
      <v1:getDocumentRequest>
         <v1:messageContext>
           <v11:messageId>${=import static java.util.UUID.randomUUID; uuid = randomUUID() as String}</v11:messageId>
            <v11:timestamp>${=new java.text.SimpleDateFormat("yyyy-MM-dd'T'HH:mm:ss.SSS").format(new Date())}</v11:timestamp>
         </v1:messageContext>
         <v1:legalContext>ServiceIntegrator</v1:legalContext>
         <v1:request>
            <v1:documentReference>20180000299194</v1:documentReference>
            <v1:language>fr</v1:language>
         </v1:request>
      </v1:getDocumentRequest>
   </soapenv:Body>
</soapenv:Envelope>]]></con:request><con:credentials><con:selectedAuthProfile>Basic</con:selectedAuthProfile><con:addedBasicAuthenticationTypes>Basic</con:addedBasicAuthenticationTypes><con:authType>Global HTTP Settings</con:authType></con:credentials><con:jmsConfig JMSDeliveryMode="PERSISTENT"/><con:jmsPropertyConfig/><con:wsaConfig mustUnderstand="NONE" version="200508" action="http://fidus.brussels/services/civilstatusdocumentservice/getDocument"/><con:wsrmConfig version="1.2"/></con:call><con:call id="f7c9d445-a4c7-45c3-b14d-ccc1eee9783a" name="3 -Test - Worker2 - Request" outgoingWss="Outflow Test" incomingWss="Inflow Test"><con:settings><con:setting id="com.eviware.soapui.impl.wsdl.WsdlRequest@request-headers">&lt;xml-fragment/></con:setting></con:settings><con:encoding>UTF-8</con:encoding><con:endpoint>https://192.168.22.54:8443/services/CivilStatusDocumentService_v1.0</con:endpoint><con:request><![CDATA[<soapenv:Envelope xmlns:soapenv="http://schemas.xmlsoap.org/soap/envelope/" xmlns:v1="http://fidus.brussels/service/civilstatusdocumentservice/messages/v1" xmlns:v11="http://fidus.brussels/type/common/messages/v1">
   <soapenv:Header/>
   <soapenv:Body>
      <v1:getDocumentRequest>
         <v1:messageContext>
           <v11:messageId>${=import static java.util.UUID.randomUUID; uuid = randomUUID() as String}</v11:messageId>
            <v11:timestamp>${=new java.text.SimpleDateFormat("yyyy-MM-dd'T'HH:mm:ss.SSS").format(new Date())}</v11:timestamp>
         </v1:messageContext>
         <v1:legalContext>ServiceIntegrator</v1:legalContext>
         <v1:request>
            <v1:documentReference>20180000299194</v1:documentReference>
            <v1:language>fr</v1:language>
         </v1:request>
      </v1:getDocumentRequest>
   </soapenv:Body>
</soapenv:Envelope>]]></con:request><con:credentials><con:selectedAuthProfile>Basic</con:selectedAuthProfile><con:addedBasicAuthenticationTypes>Basic</con:addedBasicAuthenticationTypes><con:authType>Global HTTP Settings</con:authType></con:credentials><con:jmsConfig JMSDeliveryMode="PERSISTENT"/><con:jmsPropertyConfig/><con:wsaConfig mustUnderstand="NONE" version="200508" action="http://fidus.brussels/services/civilstatusdocumentservice/getDocument"/><con:wsrmConfig version="1.2"/></con:call><con:call id="e5cba541-df19-4d3b-8027-46bd0a6c09be" name="4 - Staging - External - Request"><con:settings><con:setting id="com.eviware.soapui.impl.wsdl.WsdlRequest@request-headers">&lt;xml-fragment/></con:setting></con:settings><con:encoding>UTF-8</con:encoding><con:endpoint>https://fidus.irisnetlab.be/services/CivilStatusDocumentService_v1.0</con:endpoint><con:request><![CDATA[<soapenv:Envelope xmlns:soapenv="http://schemas.xmlsoap.org/soap/envelope/" xmlns:v1="http://fidus.brussels/service/civilstatusdocumentservice/messages/v1" xmlns:v11="http://fidus.brussels/type/common/messages/v1">
   <soapenv:Header/>
   <soapenv:Body>
      <v1:getDocumentRequest>
         <v1:messageContext>
           <v11:messageId>${=import static java.util.UUID.randomUUID; uuid = randomUUID() as String}</v11:messageId>
            <v11:timestamp>${=new java.text.SimpleDateFormat("yyyy-MM-dd'T'HH:mm:ss.SSS").format(new Date())}</v11:timestamp>
         </v1:messageContext>
         <v1:legalContext>ServiceIntegrator</v1:legalContext>
         <v1:request>
            <v1:documentReference>20180000299194</v1:documentReference>
            <v1:language>fr</v1:language>
         </v1:request>
      </v1:getDocumentRequest>
   </soapenv:Body>
</soapenv:Envelope>]]></con:request><con:credentials><con:selectedAuthProfile>Basic</con:selectedAuthProfile><con:addedBasicAuthenticationTypes>Basic</con:addedBasicAuthenticationTypes><con:authType>Global HTTP Settings</con:authType></con:credentials><con:jmsConfig JMSDeliveryMode="PERSISTENT"/><con:jmsPropertyConfig/><con:wsaConfig mustUnderstand="NONE" version="200508" action="http://fidus.brussels/services/civilstatusdocumentservice/getDocument"/><con:wsrmConfig version="1.2"/></con:call><con:call id="5428b79d-7d7a-4743-a0a8-633c72b1db29" name="4 - Staging - LB - Request"><con:settings><con:setting id="com.eviware.soapui.impl.wsdl.WsdlRequest@request-headers">&lt;xml-fragment/></con:setting></con:settings><con:encoding>UTF-8</con:encoding><con:endpoint>https://fidus-esb-sg.sta.srv.cirb.lan:8443/services/CivilStatusDocumentService_v1.0</con:endpoint><con:request><![CDATA[<soapenv:Envelope xmlns:soapenv="http://schemas.xmlsoap.org/soap/envelope/" xmlns:v1="http://fidus.brussels/service/civilstatusdocumentservice/messages/v1" xmlns:v11="http://fidus.brussels/type/common/messages/v1">
   <soapenv:Header/>
   <soapenv:Body>
      <v1:getDocumentRequest>
         <v1:messageContext>
           <v11:messageId>${=import static java.util.UUID.randomUUID; uuid = randomUUID() as String}</v11:messageId>
            <v11:timestamp>${=new java.text.SimpleDateFormat("yyyy-MM-dd'T'HH:mm:ss.SSS").format(new Date())}</v11:timestamp>
         </v1:messageContext>
         <v1:legalContext>ServiceIntegrator</v1:legalContext>
         <v1:request>
            <v1:documentReference>20180000299194</v1:documentReference>
            <v1:language>fr</v1:language>
         </v1:request>
      </v1:getDocumentRequest>
   </soapenv:Body>
</soapenv:Envelope>]]></con:request><con:credentials><con:selectedAuthProfile>Basic</con:selectedAuthProfile><con:addedBasicAuthenticationTypes>Basic</con:addedBasicAuthenticationTypes><con:authType>Global HTTP Settings</con:authType></con:credentials><con:jmsConfig JMSDeliveryMode="PERSISTENT"/><con:jmsPropertyConfig/><con:wsaConfig mustUnderstand="NONE" version="200508" action="http://fidus.brussels/services/civilstatusdocumentservice/getDocument"/><con:wsrmConfig version="1.2"/></con:call><con:call id="2173be8d-f25c-4301-b788-dee6ed5d3bcb" name="4 - Staging - Worker1 - Request"><con:settings><con:setting id="com.eviware.soapui.impl.wsdl.WsdlRequest@request-headers">&lt;xml-fragment/></con:setting></con:settings><con:encoding>UTF-8</con:encoding><con:endpoint>https://192.168.24.16:8443/services/CivilStatusDocumentService_v1.0</con:endpoint><con:request><![CDATA[<soapenv:Envelope xmlns:soapenv="http://schemas.xmlsoap.org/soap/envelope/" xmlns:v1="http://fidus.brussels/service/civilstatusdocumentservice/messages/v1" xmlns:v11="http://fidus.brussels/type/common/messages/v1">
   <soapenv:Header/>
   <soapenv:Body>
      <v1:getDocumentRequest>
         <v1:messageContext>
           <v11:messageId>${=import static java.util.UUID.randomUUID; uuid = randomUUID() as String}</v11:messageId>
            <v11:timestamp>${=new java.text.SimpleDateFormat("yyyy-MM-dd'T'HH:mm:ss.SSS").format(new Date())}</v11:timestamp>
         </v1:messageContext>
         <v1:legalContext>ServiceIntegrator</v1:legalContext>
         <v1:request>
            <v1:documentReference>20180000299194</v1:documentReference>
            <v1:language>fr</v1:language>
         </v1:request>
      </v1:getDocumentRequest>
   </soapenv:Body>
</soapenv:Envelope>]]></con:request><con:credentials><con:selectedAuthProfile>Basic</con:selectedAuthProfile><con:addedBasicAuthenticationTypes>Basic</con:addedBasicAuthenticationTypes><con:authType>Global HTTP Settings</con:authType></con:credentials><con:jmsConfig JMSDeliveryMode="PERSISTENT"/><con:jmsPropertyConfig/><con:wsaConfig mustUnderstand="NONE" version="200508" action="http://fidus.brussels/services/civilstatusdocumentservice/getDocument"/><con:wsrmConfig version="1.2"/></con:call><con:call id="baf1d495-2e92-4792-ba5d-436868e82298" name="4 - Staging - Worker2 - Request"><con:settings><con:setting id="com.eviware.soapui.impl.wsdl.WsdlRequest@request-headers">&lt;xml-fragment/></con:setting></con:settings><con:encoding>UTF-8</con:encoding><con:endpoint>https://192.168.24.17:8443/services/CivilStatusDocumentService_v1.0</con:endpoint><con:request><![CDATA[<soapenv:Envelope xmlns:soapenv="http://schemas.xmlsoap.org/soap/envelope/" xmlns:v1="http://fidus.brussels/service/civilstatusdocumentservice/messages/v1" xmlns:v11="http://fidus.brussels/type/common/messages/v1">
   <soapenv:Header/>
   <soapenv:Body>
      <v1:getDocumentRequest>
         <v1:messageContext>
           <v11:messageId>${=import static java.util.UUID.randomUUID; uuid = randomUUID() as String}</v11:messageId>
            <v11:timestamp>${=new java.text.SimpleDateFormat("yyyy-MM-dd'T'HH:mm:ss.SSS").format(new Date())}</v11:timestamp>
         </v1:messageContext>
         <v1:legalContext>ServiceIntegrator</v1:legalContext>
         <v1:request>
            <v1:documentReference>20180000299194</v1:documentReference>
            <v1:language>fr</v1:language>
         </v1:request>
      </v1:getDocumentRequest>
   </soapenv:Body>
</soapenv:Envelope>]]></con:request><con:credentials><con:selectedAuthProfile>Basic</con:selectedAuthProfile><con:addedBasicAuthenticationTypes>Basic</con:addedBasicAuthenticationTypes><con:authType>Global HTTP Settings</con:authType></con:credentials><con:jmsConfig JMSDeliveryMode="PERSISTENT"/><con:jmsPropertyConfig/><con:wsaConfig mustUnderstand="NONE" version="200508" action="http://fidus.brussels/services/civilstatusdocumentservice/getDocument"/><con:wsrmConfig version="1.2"/></con:call></con:operation><con:operation id="985721a3-af77-479a-a79f-c787eef2f6fc" isOneWay="false" action="http://fidus.brussels/services/civilstatusdocumentservice/getExtract" name="getExtract" bindingOperationName="getExtract" type="Request-Response" inputName="" receivesAttachments="false" sendsAttachments="false" anonymous="optional"><con:settings/><con:call id="a8e56a84-2952-44fe-93ed-d4dde39f71b2" name="1 - Local - Request" outgoingWss="Outflow DEV" incomingWss="Inflow DEV"><con:settings><con:setting id="com.eviware.soapui.impl.wsdl.WsdlRequest@request-headers">&lt;xml-fragment/></con:setting></con:settings><con:encoding>UTF-8</con:encoding><con:endpoint>https://192.168.22.53:8443/services/CivilStatusDocumentService_v1.0</con:endpoint><con:request><![CDATA[<soapenv:Envelope xmlns:soapenv="http://schemas.xmlsoap.org/soap/envelope/" xmlns:v1="http://fidus.brussels/service/civilstatusdocumentservice/messages/v1" xmlns:v11="http://fidus.brussels/type/common/messages/v1">
   <soapenv:Header/>
   <soapenv:Body>
      <v1:getExtractRequest>
         <v1:messageContext>
           <v11:messageId>${=import static java.util.UUID.randomUUID; uuid = randomUUID() as String}</v11:messageId>
            <v11:timestamp>${=new java.text.SimpleDateFormat("yyyy-MM-dd'T'HH:mm:ss.SSS").format(new Date())}</v11:timestamp>
         </v1:messageContext>
         <v1:legalContext>ServiceIntegrator</v1:legalContext>
         <v1:request>
            <v1:documentReference>20180000299194</v1:documentReference>
            <v1:language>fr</v1:language>
            <v1:municipalityCode>Z1051</v1:municipalityCode>
         </v1:request>
      </v1:getExtractRequest>
   </soapenv:Body>
</soapenv:Envelope>]]></con:request><con:credentials><con:selectedAuthProfile>Basic</con:selectedAuthProfile><con:addedBasicAuthenticationTypes>Basic</con:addedBasicAuthenticationTypes><con:authType>Global HTTP Settings</con:authType></con:credentials><con:jmsConfig JMSDeliveryMode="PERSISTENT"/><con:jmsPropertyConfig/><con:wsaConfig mustUnderstand="NONE" version="200508" action="http://fidus.brussels/services/civilstatusdocumentservice/getExtract"/><con:wsrmConfig version="1.2"/></con:call><con:call id="0ebd46b3-7b5f-44a9-a01f-18699ef486b5" name="2 - Dev - Request" outgoingWss="Outflow DEV" incomingWss="Inflow DEV"><con:settings><con:setting id="com.eviware.soapui.impl.wsdl.WsdlRequest@request-headers">&lt;xml-fragment/></con:setting></con:settings><con:encoding>UTF-8</con:encoding><con:endpoint>https://192.168.22.53:8443/services/CivilStatusDocumentService_v1.0</con:endpoint><con:request><![CDATA[<soapenv:Envelope xmlns:soapenv="http://schemas.xmlsoap.org/soap/envelope/" xmlns:v1="http://fidus.brussels/service/civilstatusdocumentservice/messages/v1" xmlns:v11="http://fidus.brussels/type/common/messages/v1">
   <soapenv:Header/>
   <soapenv:Body>
      <v1:getExtractRequest>
         <v1:messageContext>
           <v11:messageId>${=import static java.util.UUID.randomUUID; uuid = randomUUID() as String}</v11:messageId>
            <v11:timestamp>${=new java.text.SimpleDateFormat("yyyy-MM-dd'T'HH:mm:ss.SSS").format(new Date())}</v11:timestamp>
         </v1:messageContext>
         <v1:legalContext>ServiceIntegrator</v1:legalContext>
         <v1:request>
            <v1:documentReference>20180000299194</v1:documentReference>
            <v1:language>fr</v1:language>
            <v1:municipalityCode>Z1051</v1:municipalityCode>
         </v1:request>
      </v1:getExtractRequest>
   </soapenv:Body>
</soapenv:Envelope>]]></con:request><con:credentials><con:selectedAuthProfile>Basic</con:selectedAuthProfile><con:addedBasicAuthenticationTypes>Basic</con:addedBasicAuthenticationTypes><con:authType>Global HTTP Settings</con:authType></con:credentials><con:jmsConfig JMSDeliveryMode="PERSISTENT"/><con:jmsPropertyConfig/><con:wsaConfig mustUnderstand="NONE" version="200508" action="http://fidus.brussels/services/civilstatusdocumentservice/getExtract"/><con:wsrmConfig version="1.2"/></con:call><con:call id="7a8f580a-ffe1-42ce-a392-980772b2b6ab" name="3 -Test - External - Request" outgoingWss="Outflow Test" incomingWss="Inflow Test"><con:settings><con:setting id="com.eviware.soapui.impl.wsdl.WsdlRequest@request-headers">&lt;xml-fragment/></con:setting></con:settings><con:encoding>UTF-8</con:encoding><con:endpoint>https://192.168.22.53:8443/services/CivilStatusDocumentService_v1.0</con:endpoint><con:request><![CDATA[<soapenv:Envelope xmlns:soapenv="http://schemas.xmlsoap.org/soap/envelope/" xmlns:v1="http://fidus.brussels/service/civilstatusdocumentservice/messages/v1" xmlns:v11="http://fidus.brussels/type/common/messages/v1">
   <soapenv:Header/>
   <soapenv:Body>
      <v1:getExtractRequest>
         <v1:messageContext>
           <v11:messageId>${=import static java.util.UUID.randomUUID; uuid = randomUUID() as String}</v11:messageId>
            <v11:timestamp>${=new java.text.SimpleDateFormat("yyyy-MM-dd'T'HH:mm:ss.SSS").format(new Date())}</v11:timestamp>
         </v1:messageContext>
         <v1:legalContext>ServiceIntegrator</v1:legalContext>
         <v1:request>
            <v1:documentReference>201800002991940</v1:documentReference>
            <v1:language>fr</v1:language>
         </v1:request>
      </v1:getExtractRequest>
   </soapenv:Body>
</soapenv:Envelope>]]></con:request><con:credentials><con:selectedAuthProfile>Basic</con:selectedAuthProfile><con:addedBasicAuthenticationTypes>Basic</con:addedBasicAuthenticationTypes><con:authType>Global HTTP Settings</con:authType></con:credentials><con:jmsConfig JMSDeliveryMode="PERSISTENT"/><con:jmsPropertyConfig/><con:wsaConfig mustUnderstand="NONE" version="200508" action="http://fidus.brussels/services/civilstatusdocumentservice/getExtract"/><con:wsrmConfig version="1.2"/></con:call><con:call id="dba57efd-a29d-46b3-be20-370a01ea2ebd" name="3 -Test - LB - Request" outgoingWss="Outflow Test" incomingWss="Inflow Test"><con:settings><con:setting id="com.eviware.soapui.impl.wsdl.WsdlRequest@request-headers">&lt;xml-fragment/></con:setting></con:settings><con:encoding>UTF-8</con:encoding><con:endpoint>https://192.168.22.53:8443/services/CivilStatusDocumentService_v1.0</con:endpoint><con:request><![CDATA[<soapenv:Envelope xmlns:soapenv="http://schemas.xmlsoap.org/soap/envelope/" xmlns:v1="http://fidus.brussels/service/civilstatusdocumentservice/messages/v1" xmlns:v11="http://fidus.brussels/type/common/messages/v1">
   <soapenv:Header/>
   <soapenv:Body>
      <v1:getExtractRequest>
         <v1:messageContext>
           <v11:messageId>${=import static java.util.UUID.randomUUID; uuid = randomUUID() as String}</v11:messageId>
            <v11:timestamp>${=new java.text.SimpleDateFormat("yyyy-MM-dd'T'HH:mm:ss.SSS").format(new Date())}</v11:timestamp>
         </v1:messageContext>
         <v1:legalContext>ServiceIntegrator</v1:legalContext>
         <v1:request>
            <v1:documentReference>201800002991940</v1:documentReference>
            <v1:language>fr</v1:language>
         </v1:request>
      </v1:getExtractRequest>
   </soapenv:Body>
</soapenv:Envelope>]]></con:request><con:credentials><con:selectedAuthProfile>Basic</con:selectedAuthProfile><con:addedBasicAuthenticationTypes>Basic</con:addedBasicAuthenticationTypes><con:authType>Global HTTP Settings</con:authType></con:credentials><con:jmsConfig JMSDeliveryMode="PERSISTENT"/><con:jmsPropertyConfig/><con:wsaConfig mustUnderstand="NONE" version="200508" action="http://fidus.brussels/services/civilstatusdocumentservice/getExtract"/><con:wsrmConfig version="1.2"/></con:call><con:call id="7c0ce831-1dc6-40f1-a13b-47766b55216b" name="3 -Test - Worker1 - Request" outgoingWss="Outflow Test" incomingWss="Inflow Test"><con:settings><con:setting id="com.eviware.soapui.impl.wsdl.WsdlRequest@request-headers">&lt;xml-fragment/></con:setting></con:settings><con:encoding>UTF-8</con:encoding><con:endpoint>https://192.168.22.53:8443/services/CivilStatusDocumentService_v1.0</con:endpoint><con:request><![CDATA[<soapenv:Envelope xmlns:soapenv="http://schemas.xmlsoap.org/soap/envelope/" xmlns:v1="http://fidus.brussels/service/civilstatusdocumentservice/messages/v1" xmlns:v11="http://fidus.brussels/type/common/messages/v1">
   <soapenv:Header/>
   <soapenv:Body>
      <v1:getExtractRequest>
         <v1:messageContext>
           <v11:messageId>${=import static java.util.UUID.randomUUID; uuid = randomUUID() as String}</v11:messageId>
            <v11:timestamp>${=new java.text.SimpleDateFormat("yyyy-MM-dd'T'HH:mm:ss.SSS").format(new Date())}</v11:timestamp>
         </v1:messageContext>
         <v1:legalContext>ServiceIntegrator</v1:legalContext>
         <v1:request>
            <v1:documentReference>20180000299194</v1:documentReference>
            <v1:language>nl</v1:language>
         </v1:request>
      </v1:getExtractRequest>
   </soapenv:Body>
</soapenv:Envelope>]]></con:request><con:credentials><con:selectedAuthProfile>Basic</con:selectedAuthProfile><con:addedBasicAuthenticationTypes>Basic</con:addedBasicAuthenticationTypes><con:authType>Global HTTP Settings</con:authType></con:credentials><con:jmsConfig JMSDeliveryMode="PERSISTENT"/><con:jmsPropertyConfig/><con:wsaConfig mustUnderstand="NONE" version="200508" action="http://fidus.brussels/services/civilstatusdocumentservice/getExtract"/><con:wsrmConfig version="1.2"/></con:call><con:call id="c4f12d32-b17c-47cf-a496-531e7bd4571a" name="3 -Test - Worker2 - Request" outgoingWss="Outflow Test" incomingWss="Inflow Test"><con:settings><con:setting id="com.eviware.soapui.impl.wsdl.WsdlRequest@request-headers">&lt;xml-fragment/></con:setting></con:settings><con:encoding>UTF-8</con:encoding><con:endpoint>https://192.168.22.54:8443/services/CivilStatusDocumentService_v1.0</con:endpoint><con:request><![CDATA[<soapenv:Envelope xmlns:soapenv="http://schemas.xmlsoap.org/soap/envelope/" xmlns:v1="http://fidus.brussels/service/civilstatusdocumentservice/messages/v1" xmlns:v11="http://fidus.brussels/type/common/messages/v1">
   <soapenv:Header/>
   <soapenv:Body>
      <v1:getExtractRequest>
         <v1:messageContext>
           <v11:messageId>${=import static java.util.UUID.randomUUID; uuid = randomUUID() as String}</v11:messageId>
            <v11:timestamp>${=new java.text.SimpleDateFormat("yyyy-MM-dd'T'HH:mm:ss.SSS").format(new Date())}</v11:timestamp>
         </v1:messageContext>
         <v1:legalContext>ServiceIntegrator</v1:legalContext>
         <v1:request>
            <v1:documentReference>201800002991940</v1:documentReference>
            <v1:language>nl</v1:language>
         </v1:request>
      </v1:getExtractRequest>
   </soapenv:Body>
</soapenv:Envelope>]]></con:request><con:credentials><con:selectedAuthProfile>Basic</con:selectedAuthProfile><con:addedBasicAuthenticationTypes>Basic</con:addedBasicAuthenticationTypes><con:authType>Global HTTP Settings</con:authType></con:credentials><con:jmsConfig JMSDeliveryMode="PERSISTENT"/><con:jmsPropertyConfig/><con:wsaConfig mustUnderstand="NONE" version="200508" action="http://fidus.brussels/services/civilstatusdocumentservice/getExtract"/><con:wsrmConfig version="1.2"/></con:call><con:call id="cdb284a0-af38-48a1-96f4-888054770de6" name="4 - Staging - External - Request"><con:settings><con:setting id="com.eviware.soapui.impl.wsdl.WsdlRequest@request-headers">&lt;xml-fragment/></con:setting></con:settings><con:encoding>UTF-8</con:encoding><con:endpoint>https://fidus.irisnetlab.be/services/CivilStatusDocumentService_v1.0</con:endpoint><con:request><![CDATA[<soapenv:Envelope xmlns:soapenv="http://schemas.xmlsoap.org/soap/envelope/" xmlns:v1="http://fidus.brussels/service/civilstatusdocumentservice/messages/v1" xmlns:v11="http://fidus.brussels/type/common/messages/v1">
   <soapenv:Header/>
   <soapenv:Body>
      <v1:getExtractRequest>
         <v1:messageContext>
           <v11:messageId>${=import static java.util.UUID.randomUUID; uuid = randomUUID() as String}</v11:messageId>
            <v11:timestamp>${=new java.text.SimpleDateFormat("yyyy-MM-dd'T'HH:mm:ss.SSS").format(new Date())}</v11:timestamp>
         </v1:messageContext>
         <v1:legalContext>ServiceIntegrator</v1:legalContext>
         <v1:request>
            <v1:documentReference>201800002991940</v1:documentReference>
            <v1:language>nl</v1:language>
         </v1:request>
      </v1:getExtractRequest>
   </soapenv:Body>
</soapenv:Envelope>]]></con:request><con:credentials><con:selectedAuthProfile>Basic</con:selectedAuthProfile><con:addedBasicAuthenticationTypes>Basic</con:addedBasicAuthenticationTypes><con:authType>Global HTTP Settings</con:authType></con:credentials><con:jmsConfig JMSDeliveryMode="PERSISTENT"/><con:jmsPropertyConfig/><con:wsaConfig mustUnderstand="NONE" version="200508" action="http://fidus.brussels/services/civilstatusdocumentservice/getExtract"/><con:wsrmConfig version="1.2"/></con:call><con:call id="b1a84e7c-cf2f-4762-a9a2-0cf7dabd4802" name="4 - Staging - LB - Request"><con:settings><con:setting id="com.eviware.soapui.impl.wsdl.WsdlRequest@request-headers">&lt;xml-fragment/></con:setting></con:settings><con:encoding>UTF-8</con:encoding><con:endpoint>https://fidus-esb-sg.sta.srv.cirb.lan:8443/services/CivilStatusDocumentService_v1.0</con:endpoint><con:request><![CDATA[<soapenv:Envelope xmlns:soapenv="http://schemas.xmlsoap.org/soap/envelope/" xmlns:v1="http://fidus.brussels/service/civilstatusdocumentservice/messages/v1" xmlns:v11="http://fidus.brussels/type/common/messages/v1">
   <soapenv:Header/>
   <soapenv:Body>
      <v1:getExtractRequest>
         <v1:messageContext>
           <v11:messageId>${=import static java.util.UUID.randomUUID; uuid = randomUUID() as String}</v11:messageId>
            <v11:timestamp>${=new java.text.SimpleDateFormat("yyyy-MM-dd'T'HH:mm:ss.SSS").format(new Date())}</v11:timestamp>
         </v1:messageContext>
         <v1:legalContext>ServiceIntegrator</v1:legalContext>
         <v1:request>
            <v1:documentReference>201800002991940</v1:documentReference>
            <v1:language>nl</v1:language>
         </v1:request>
      </v1:getExtractRequest>
   </soapenv:Body>
</soapenv:Envelope>]]></con:request><con:credentials><con:selectedAuthProfile>Basic</con:selectedAuthProfile><con:addedBasicAuthenticationTypes>Basic</con:addedBasicAuthenticationTypes><con:authType>Global HTTP Settings</con:authType></con:credentials><con:jmsConfig JMSDeliveryMode="PERSISTENT"/><con:jmsPropertyConfig/><con:wsaConfig mustUnderstand="NONE" version="200508" action="http://fidus.brussels/services/civilstatusdocumentservice/getExtract"/><con:wsrmConfig version="1.2"/></con:call><con:call id="c8c37205-7938-4815-9c59-eef8896bcda9" name="4 - Staging - Worker1 - Request"><con:settings><con:setting id="com.eviware.soapui.impl.wsdl.WsdlRequest@request-headers">&lt;xml-fragment/></con:setting></con:settings><con:encoding>UTF-8</con:encoding><con:endpoint>https://192.168.24.16:8443/services/CivilStatusDocumentService_v1.0</con:endpoint><con:request><![CDATA[<soapenv:Envelope xmlns:soapenv="http://schemas.xmlsoap.org/soap/envelope/" xmlns:v1="http://fidus.brussels/service/civilstatusdocumentservice/messages/v1" xmlns:v11="http://fidus.brussels/type/common/messages/v1">
   <soapenv:Header/>
   <soapenv:Body>
      <v1:getExtractRequest>
         <v1:messageContext>
           <v11:messageId>${=import static java.util.UUID.randomUUID; uuid = randomUUID() as String}</v11:messageId>
            <v11:timestamp>${=new java.text.SimpleDateFormat("yyyy-MM-dd'T'HH:mm:ss.SSS").format(new Date())}</v11:timestamp>
         </v1:messageContext>
         <v1:legalContext>ServiceIntegrator</v1:legalContext>
         <v1:request>
            <v1:documentReference>201800002991940</v1:documentReference>
            <v1:language>nl</v1:language>
         </v1:request>
      </v1:getExtractRequest>
   </soapenv:Body>
</soapenv:Envelope>]]></con:request><con:credentials><con:selectedAuthProfile>Basic</con:selectedAuthProfile><con:addedBasicAuthenticationTypes>Basic</con:addedBasicAuthenticationTypes><con:authType>Global HTTP Settings</con:authType></con:credentials><con:jmsConfig JMSDeliveryMode="PERSISTENT"/><con:jmsPropertyConfig/><con:wsaConfig mustUnderstand="NONE" version="200508" action="http://fidus.brussels/services/civilstatusdocumentservice/getExtract"/><con:wsrmConfig version="1.2"/></con:call><con:call id="ff1b80a0-c66d-49e5-a426-50879bd88d29" name="4 - Staging - Worker2 - Request"><con:settings><con:setting id="com.eviware.soapui.impl.wsdl.WsdlRequest@request-headers">&lt;xml-fragment/></con:setting></con:settings><con:encoding>UTF-8</con:encoding><con:endpoint>https://192.168.24.17:8443/services/CivilStatusDocumentService_v1.0</con:endpoint><con:request><![CDATA[<soapenv:Envelope xmlns:soapenv="http://schemas.xmlsoap.org/soap/envelope/" xmlns:v1="http://fidus.brussels/service/civilstatusdocumentservice/messages/v1" xmlns:v11="http://fidus.brussels/type/common/messages/v1">
   <soapenv:Header/>
   <soapenv:Body>
      <v1:getExtractRequest>
         <v1:messageContext>
           <v11:messageId>${=import static java.util.UUID.randomUUID; uuid = randomUUID() as String}</v11:messageId>
            <v11:timestamp>${=new java.text.SimpleDateFormat("yyyy-MM-dd'T'HH:mm:ss.SSS").format(new Date())}</v11:timestamp>
         </v1:messageContext>
         <v1:legalContext>ServiceIntegrator</v1:legalContext>
         <v1:request>
            <v1:documentReference>201800002991940</v1:documentReference>
            <v1:language>nl</v1:language>
         </v1:request>
      </v1:getExtractRequest>
   </soapenv:Body>
</soapenv:Envelope>]]></con:request><con:credentials><con:selectedAuthProfile>Basic</con:selectedAuthProfile><con:addedBasicAuthenticationTypes>Basic</con:addedBasicAuthenticationTypes><con:authType>Global HTTP Settings</con:authType></con:credentials><con:jmsConfig JMSDeliveryMode="PERSISTENT"/><con:jmsPropertyConfig/><con:wsaConfig mustUnderstand="NONE" version="200508" action="http://fidus.brussels/services/civilstatusdocumentservice/getExtract"/><con:wsrmConfig version="1.2"/></con:call></con:operation><con:operation id="aa46896e-e6ac-418d-a191-e140ca3560de" isOneWay="false" action="http://fidus.brussels/services/civilstatusdocumentservice/getExtractAsPdf" name="getExtractAsPdf" bindingOperationName="getExtractAsPdf" type="Request-Response" inputName="" receivesAttachments="false" sendsAttachments="false" anonymous="optional"><con:settings/><con:call id="737b4dc1-8810-4e85-aa82-7faa74c91419" name="1 - Local - Request" outgoingWss="Outflow DEV" incomingWss="Inflow DEV"><con:settings><con:setting id="com.eviware.soapui.impl.wsdl.WsdlRequest@request-headers">&lt;xml-fragment/></con:setting></con:settings><con:encoding>UTF-8</con:encoding><con:endpoint>https://192.168.22.53:8443/services/CivilStatusDocumentService_v1.0</con:endpoint><con:request><![CDATA[<soapenv:Envelope xmlns:soapenv="http://schemas.xmlsoap.org/soap/envelope/" xmlns:v1="http://fidus.brussels/service/civilstatusdocumentservice/messages/v1" xmlns:v11="http://fidus.brussels/type/common/messages/v1">
   <soapenv:Header/>
   <soapenv:Body>
      <v1:getExtractAsPdfRequest>
         <v1:messageContext>
           <v11:messageId>${=import static java.util.UUID.randomUUID; uuid = randomUUID() as String}</v11:messageId>
            <v11:timestamp>${=new java.text.SimpleDateFormat("yyyy-MM-dd'T'HH:mm:ss.SSS").format(new Date())}</v11:timestamp>
         </v1:messageContext>
         <v1:legalContext>ServiceIntegrator</v1:legalContext>
         <v1:request>
            <v1:documentReference>20180000299194</v1:documentReference>
            <v1:language>fr</v1:language>
            <v1:municipalityCode>d1051</v1:municipalityCode>
         </v1:request>
      </v1:getExtractAsPdfRequest>
   </soapenv:Body>
</soapenv:Envelope>]]></con:request><con:credentials><con:selectedAuthProfile>Basic</con:selectedAuthProfile><con:addedBasicAuthenticationTypes>Basic</con:addedBasicAuthenticationTypes><con:authType>Global HTTP Settings</con:authType></con:credentials><con:jmsConfig JMSDeliveryMode="PERSISTENT"/><con:jmsPropertyConfig/><con:wsaConfig mustUnderstand="NONE" version="200508" action="http://fidus.brussels/services/civilstatusdocumentservice/getExtractAsPdf"/><con:wsrmConfig version="1.2"/></con:call><con:call id="803843fc-0763-41cc-9573-151c7956cf6a" name="2 - Dev - Request" outgoingWss="Outflow DEV" incomingWss="Inflow DEV"><con:settings><con:setting id="com.eviware.soapui.impl.wsdl.WsdlRequest@request-headers">&lt;xml-fragment/></con:setting></con:settings><con:encoding>UTF-8</con:encoding><con:endpoint>https://192.168.36.61:8243/services/CivilStatusDocumentService_v1.0</con:endpoint><con:request><![CDATA[<soapenv:Envelope xmlns:soapenv="http://schemas.xmlsoap.org/soap/envelope/" xmlns:v1="http://fidus.brussels/service/civilstatusdocumentservice/messages/v1" xmlns:v11="http://fidus.brussels/type/common/messages/v1">
   <soapenv:Header/>
   <soapenv:Body>
      <v1:getExtractAsPdfRequest>
         <v1:messageContext>
           <v11:messageId>${=import static java.util.UUID.randomUUID; uuid = randomUUID() as String}</v11:messageId>
            <v11:timestamp>${=new java.text.SimpleDateFormat("yyyy-MM-dd'T'HH:mm:ss.SSS").format(new Date())}</v11:timestamp>
         </v1:messageContext>
         <v1:legalContext>ServiceIntegrator</v1:legalContext>
         <v1:request>
            <v1:documentReference>20180000299194</v1:documentReference>
            <v1:language>fr</v1:language>
         </v1:request>
      </v1:getExtractAsPdfRequest>
   </soapenv:Body>
</soapenv:Envelope>]]></con:request><con:credentials><con:selectedAuthProfile>Basic</con:selectedAuthProfile><con:addedBasicAuthenticationTypes>Basic</con:addedBasicAuthenticationTypes><con:authType>Global HTTP Settings</con:authType></con:credentials><con:jmsConfig JMSDeliveryMode="PERSISTENT"/><con:jmsPropertyConfig/><con:wsaConfig mustUnderstand="NONE" version="200508" action="http://fidus.brussels/services/civilstatusdocumentservice/getExtractAsPdf"/><con:wsrmConfig version="1.2"/></con:call><con:call id="920d2348-2444-418d-bdac-fadadfe5aad7" name="3 -Test - External - Request" outgoingWss="Outflow Test" incomingWss="Inflow Test"><con:settings><con:setting id="com.eviware.soapui.impl.wsdl.WsdlRequest@request-headers">&lt;xml-fragment/></con:setting></con:settings><con:encoding>UTF-8</con:encoding><con:endpoint>https://fidus-test.irisnetlab.be/services/CivilStatusDocumentService_v1.0</con:endpoint><con:request><![CDATA[<soapenv:Envelope xmlns:soapenv="http://schemas.xmlsoap.org/soap/envelope/" xmlns:v1="http://fidus.brussels/service/civilstatusdocumentservice/messages/v1" xmlns:v11="http://fidus.brussels/type/common/messages/v1">
   <soapenv:Header/>
   <soapenv:Body>
      <v1:getExtractAsPdfRequest>
         <v1:messageContext>
           <v11:messageId>${=import static java.util.UUID.randomUUID; uuid = randomUUID() as String}</v11:messageId>
            <v11:timestamp>${=new java.text.SimpleDateFormat("yyyy-MM-dd'T'HH:mm:ss.SSS").format(new Date())}</v11:timestamp>
         </v1:messageContext>
         <v1:legalContext>ServiceIntegrator</v1:legalContext>
         <v1:request>
            <v1:documentReference>201800002991940</v1:documentReference>
            <v1:language>fr</v1:language>
         </v1:request>
      </v1:getExtractAsPdfRequest>
   </soapenv:Body>
</soapenv:Envelope>]]></con:request><con:credentials><con:selectedAuthProfile>Basic</con:selectedAuthProfile><con:addedBasicAuthenticationTypes>Basic</con:addedBasicAuthenticationTypes><con:authType>Global HTTP Settings</con:authType></con:credentials><con:jmsConfig JMSDeliveryMode="PERSISTENT"/><con:jmsPropertyConfig/><con:wsaConfig mustUnderstand="NONE" version="200508" action="http://fidus.brussels/services/civilstatusdocumentservice/getExtractAsPdf"/><con:wsrmConfig version="1.2"/></con:call><con:call id="e38d3e77-350b-4696-96d7-da6a8d18f719" name="3 -Test - LB - Request" outgoingWss="Outflow Test" incomingWss="Inflow Test"><con:settings><con:setting id="com.eviware.soapui.impl.wsdl.WsdlRequest@request-headers">&lt;xml-fragment/></con:setting></con:settings><con:encoding>UTF-8</con:encoding><con:endpoint>https://fidus-test.irisnetlab.be/services/CivilStatusDocumentService_v1.0</con:endpoint><con:request><![CDATA[<soapenv:Envelope xmlns:soapenv="http://schemas.xmlsoap.org/soap/envelope/" xmlns:v1="http://fidus.brussels/service/civilstatusdocumentservice/messages/v1" xmlns:v11="http://fidus.brussels/type/common/messages/v1">
   <soapenv:Header/>
   <soapenv:Body>
      <v1:getExtractAsPdfRequest>
         <v1:messageContext>
           <v11:messageId>${=import static java.util.UUID.randomUUID; uuid = randomUUID() as String}</v11:messageId>
            <v11:timestamp>${=new java.text.SimpleDateFormat("yyyy-MM-dd'T'HH:mm:ss.SSS").format(new Date())}</v11:timestamp>
         </v1:messageContext>
         <v1:legalContext>ServiceIntegrator</v1:legalContext>
         <v1:request>
            <v1:documentReference>201800002991940</v1:documentReference>
            <v1:language>fr</v1:language>
         </v1:request>
      </v1:getExtractAsPdfRequest>
   </soapenv:Body>
</soapenv:Envelope>]]></con:request><con:credentials><con:selectedAuthProfile>Basic</con:selectedAuthProfile><con:addedBasicAuthenticationTypes>Basic</con:addedBasicAuthenticationTypes><con:authType>Global HTTP Settings</con:authType></con:credentials><con:jmsConfig JMSDeliveryMode="PERSISTENT"/><con:jmsPropertyConfig/><con:wsaConfig mustUnderstand="NONE" version="200508" action="http://fidus.brussels/services/civilstatusdocumentservice/getExtractAsPdf"/><con:wsrmConfig version="1.2"/></con:call><con:call id="7abf84a9-a84c-4aad-a056-6a4bf31ed60b" name="3 -Test - Worker1 - Request" outgoingWss="Outflow Test" incomingWss="Inflow Test"><con:settings><con:setting id="com.eviware.soapui.impl.wsdl.WsdlRequest@request-headers">&lt;xml-fragment/></con:setting></con:settings><con:encoding>UTF-8</con:encoding><con:endpoint>https://192.168.22.53:8443/services/CivilStatusDocumentService_v1.0</con:endpoint><con:request><![CDATA[<soapenv:Envelope xmlns:soapenv="http://schemas.xmlsoap.org/soap/envelope/" xmlns:v1="http://fidus.brussels/service/civilstatusdocumentservice/messages/v1" xmlns:v11="http://fidus.brussels/type/common/messages/v1">
   <soapenv:Header/>
   <soapenv:Body>
      <v1:getExtractAsPdfRequest>
         <v1:messageContext>
           <v11:messageId>${=import static java.util.UUID.randomUUID; uuid = randomUUID() as String}</v11:messageId>
            <v11:timestamp>${=new java.text.SimpleDateFormat("yyyy-MM-dd'T'HH:mm:ss.SSS").format(new Date())}</v11:timestamp>
         </v1:messageContext>
         <v1:legalContext>ServiceIntegrator</v1:legalContext>
         <v1:request>
            <v1:documentReference>20180000299194</v1:documentReference>
            <v1:language>fr</v1:language>
         </v1:request>
      </v1:getExtractAsPdfRequest>
   </soapenv:Body>
</soapenv:Envelope>]]></con:request><con:credentials><con:selectedAuthProfile>Basic</con:selectedAuthProfile><con:addedBasicAuthenticationTypes>Basic</con:addedBasicAuthenticationTypes><con:authType>Global HTTP Settings</con:authType></con:credentials><con:jmsConfig JMSDeliveryMode="PERSISTENT"/><con:jmsPropertyConfig/><con:wsaConfig mustUnderstand="NONE" version="200508" action="http://fidus.brussels/services/civilstatusdocumentservice/getExtractAsPdf"/><con:wsrmConfig version="1.2"/></con:call><con:call id="f1ddb055-d993-40a8-97ce-bd1da8941747" name="3 -Test - Worker2 - Request" outgoingWss="Outflow Test" incomingWss="Inflow Test"><con:settings><con:setting id="com.eviware.soapui.impl.wsdl.WsdlRequest@request-headers">&lt;xml-fragment/></con:setting></con:settings><con:encoding>UTF-8</con:encoding><con:endpoint>https://192.168.22.54:8443/services/CivilStatusDocumentService_v1.0</con:endpoint><con:request><![CDATA[<soapenv:Envelope xmlns:soapenv="http://schemas.xmlsoap.org/soap/envelope/" xmlns:v1="http://fidus.brussels/service/civilstatusdocumentservice/messages/v1" xmlns:v11="http://fidus.brussels/type/common/messages/v1">
   <soapenv:Header/>
   <soapenv:Body>
      <v1:getExtractAsPdfRequest>
         <v1:messageContext>
           <v11:messageId>${=import static java.util.UUID.randomUUID; uuid = randomUUID() as String}</v11:messageId>
            <v11:timestamp>${=new java.text.SimpleDateFormat("yyyy-MM-dd'T'HH:mm:ss.SSS").format(new Date())}</v11:timestamp>
         </v1:messageContext>
         <v1:legalContext>ServiceIntegrator</v1:legalContext>
         <v1:request>
            <v1:documentReference>201800002991940</v1:documentReference>
            <v1:language>fr</v1:language>
         </v1:request>
      </v1:getExtractAsPdfRequest>
   </soapenv:Body>
</soapenv:Envelope>]]></con:request><con:credentials><con:selectedAuthProfile>Basic</con:selectedAuthProfile><con:addedBasicAuthenticationTypes>Basic</con:addedBasicAuthenticationTypes><con:authType>Global HTTP Settings</con:authType></con:credentials><con:jmsConfig JMSDeliveryMode="PERSISTENT"/><con:jmsPropertyConfig/><con:wsaConfig mustUnderstand="NONE" version="200508" action="http://fidus.brussels/services/civilstatusdocumentservice/getExtractAsPdf"/><con:wsrmConfig version="1.2"/></con:call><con:call id="328991d0-7da3-4e9e-aca2-3e26d8d08fe3" name="4 - Staging - External - Request"><con:settings><con:setting id="com.eviware.soapui.impl.wsdl.WsdlRequest@request-headers">&lt;xml-fragment/></con:setting></con:settings><con:encoding>UTF-8</con:encoding><con:endpoint>https://fidus.irisnetlab.be/services/CivilStatusDocumentService_v1.0</con:endpoint><con:request><![CDATA[<soapenv:Envelope xmlns:soapenv="http://schemas.xmlsoap.org/soap/envelope/" xmlns:v1="http://fidus.brussels/service/civilstatusdocumentservice/messages/v1" xmlns:v11="http://fidus.brussels/type/common/messages/v1">
   <soapenv:Header/>
   <soapenv:Body>
      <v1:getExtractAsPdfRequest>
         <v1:messageContext>
           <v11:messageId>${=import static java.util.UUID.randomUUID; uuid = randomUUID() as String}</v11:messageId>
            <v11:timestamp>${=new java.text.SimpleDateFormat("yyyy-MM-dd'T'HH:mm:ss.SSS").format(new Date())}</v11:timestamp>
         </v1:messageContext>
         <v1:legalContext>ServiceIntegrator</v1:legalContext>
         <v1:request>
            <v1:documentReference>201800002991940</v1:documentReference>
            <v1:language>fr</v1:language>
         </v1:request>
      </v1:getExtractAsPdfRequest>
   </soapenv:Body>
</soapenv:Envelope>]]></con:request><con:credentials><con:selectedAuthProfile>Basic</con:selectedAuthProfile><con:addedBasicAuthenticationTypes>Basic</con:addedBasicAuthenticationTypes><con:authType>Global HTTP Settings</con:authType></con:credentials><con:jmsConfig JMSDeliveryMode="PERSISTENT"/><con:jmsPropertyConfig/><con:wsaConfig mustUnderstand="NONE" version="200508" action="http://fidus.brussels/services/civilstatusdocumentservice/getExtractAsPdf"/><con:wsrmConfig version="1.2"/></con:call><con:call id="bf54c37d-5194-4cfb-a0c2-1b5db5ddf38d" name="4 - Staging - LB - Request"><con:settings><con:setting id="com.eviware.soapui.impl.wsdl.WsdlRequest@request-headers">&lt;xml-fragment/></con:setting></con:settings><con:encoding>UTF-8</con:encoding><con:endpoint>https://fidus-esb-sg.sta.srv.cirb.lan:8443/services/CivilStatusDocumentService_v1.0</con:endpoint><con:request><![CDATA[<soapenv:Envelope xmlns:soapenv="http://schemas.xmlsoap.org/soap/envelope/" xmlns:v1="http://fidus.brussels/service/civilstatusdocumentservice/messages/v1" xmlns:v11="http://fidus.brussels/type/common/messages/v1">
   <soapenv:Header/>
   <soapenv:Body>
      <v1:getExtractAsPdfRequest>
         <v1:messageContext>
           <v11:messageId>${=import static java.util.UUID.randomUUID; uuid = randomUUID() as String}</v11:messageId>
            <v11:timestamp>${=new java.text.SimpleDateFormat("yyyy-MM-dd'T'HH:mm:ss.SSS").format(new Date())}</v11:timestamp>
         </v1:messageContext>
         <v1:legalContext>ServiceIntegrator</v1:legalContext>
         <v1:request>
            <v1:documentReference>201800002991940</v1:documentReference>
            <v1:language>fr</v1:language>
         </v1:request>
      </v1:getExtractAsPdfRequest>
   </soapenv:Body>
</soapenv:Envelope>]]></con:request><con:credentials><con:selectedAuthProfile>Basic</con:selectedAuthProfile><con:addedBasicAuthenticationTypes>Basic</con:addedBasicAuthenticationTypes><con:authType>Global HTTP Settings</con:authType></con:credentials><con:jmsConfig JMSDeliveryMode="PERSISTENT"/><con:jmsPropertyConfig/><con:wsaConfig mustUnderstand="NONE" version="200508" action="http://fidus.brussels/services/civilstatusdocumentservice/getExtractAsPdf"/><con:wsrmConfig version="1.2"/></con:call><con:call id="4c5c35c9-62b7-4464-b736-70b971da9d5f" name="4 - Staging - Worker1 - Request"><con:settings><con:setting id="com.eviware.soapui.impl.wsdl.WsdlRequest@request-headers">&lt;xml-fragment/></con:setting></con:settings><con:encoding>UTF-8</con:encoding><con:endpoint>https://192.168.24.16:8443/services/CivilStatusDocumentService_v1.0</con:endpoint><con:request><![CDATA[<soapenv:Envelope xmlns:soapenv="http://schemas.xmlsoap.org/soap/envelope/" xmlns:v1="http://fidus.brussels/service/civilstatusdocumentservice/messages/v1" xmlns:v11="http://fidus.brussels/type/common/messages/v1">
   <soapenv:Header/>
   <soapenv:Body>
      <v1:getExtractAsPdfRequest>
         <v1:messageContext>
           <v11:messageId>${=import static java.util.UUID.randomUUID; uuid = randomUUID() as String}</v11:messageId>
            <v11:timestamp>${=new java.text.SimpleDateFormat("yyyy-MM-dd'T'HH:mm:ss.SSS").format(new Date())}</v11:timestamp>
         </v1:messageContext>
         <v1:legalContext>ServiceIntegrator</v1:legalContext>
         <v1:request>
            <v1:documentReference>201800002991940</v1:documentReference>
            <v1:language>fr</v1:language>
         </v1:request>
      </v1:getExtractAsPdfRequest>
   </soapenv:Body>
</soapenv:Envelope>]]></con:request><con:credentials><con:selectedAuthProfile>Basic</con:selectedAuthProfile><con:addedBasicAuthenticationTypes>Basic</con:addedBasicAuthenticationTypes><con:authType>Global HTTP Settings</con:authType></con:credentials><con:jmsConfig JMSDeliveryMode="PERSISTENT"/><con:jmsPropertyConfig/><con:wsaConfig mustUnderstand="NONE" version="200508" action="http://fidus.brussels/services/civilstatusdocumentservice/getExtractAsPdf"/><con:wsrmConfig version="1.2"/></con:call><con:call id="4c7c0035-da51-4081-abf5-90d066f28c32" name="4 - Staging - Worker2 - Request"><con:settings><con:setting id="com.eviware.soapui.impl.wsdl.WsdlRequest@request-headers">&lt;xml-fragment/></con:setting></con:settings><con:encoding>UTF-8</con:encoding><con:endpoint>https://192.168.24.17:8443/services/CivilStatusDocumentService_v1.0</con:endpoint><con:request><![CDATA[<soapenv:Envelope xmlns:soapenv="http://schemas.xmlsoap.org/soap/envelope/" xmlns:v1="http://fidus.brussels/service/civilstatusdocumentservice/messages/v1" xmlns:v11="http://fidus.brussels/type/common/messages/v1">
   <soapenv:Header/>
   <soapenv:Body>
      <v1:getExtractAsPdfRequest>
         <v1:messageContext>
           <v11:messageId>${=import static java.util.UUID.randomUUID; uuid = randomUUID() as String}</v11:messageId>
            <v11:timestamp>${=new java.text.SimpleDateFormat("yyyy-MM-dd'T'HH:mm:ss.SSS").format(new Date())}</v11:timestamp>
         </v1:messageContext>
         <v1:legalContext>ServiceIntegrator</v1:legalContext>
         <v1:request>
            <v1:documentReference>201800002991940</v1:documentReference>
            <v1:language>fr</v1:language>
         </v1:request>
      </v1:getExtractAsPdfRequest>
   </soapenv:Body>
</soapenv:Envelope>]]></con:request><con:credentials><con:selectedAuthProfile>Basic</con:selectedAuthProfile><con:addedBasicAuthenticationTypes>Basic</con:addedBasicAuthenticationTypes><con:authType>Global HTTP Settings</con:authType></con:credentials><con:jmsConfig JMSDeliveryMode="PERSISTENT"/><con:jmsPropertyConfig/><con:wsaConfig mustUnderstand="NONE" version="200508" action="http://fidus.brussels/services/civilstatusdocumentservice/getExtractAsPdf"/><con:wsrmConfig version="1.2"/></con:call></con:operation><con:operation id="90ea8327-a5ef-4cb3-a04a-400824cdbeb5" isOneWay="false" action="http://fidus.brussels/services/civilstatusdocumentservice/saveOrUpdateDocument" name="saveOrUpdateDocument" bindingOperationName="saveOrUpdateDocument" type="Request-Response" inputName="" receivesAttachments="false" sendsAttachments="false" anonymous="optional"><con:settings/><con:call id="5e7b6b99-3bc1-455b-89c9-9d14a7eea4e9" name="1 - Local - Request" outgoingWss="Outflow DEV" incomingWss="Inflow DEV"><con:settings><con:setting id="com.eviware.soapui.impl.wsdl.WsdlRequest@request-headers">&lt;xml-fragment/></con:setting></con:settings><con:encoding>UTF-8</con:encoding><con:endpoint>https://192.168.22.53:8443/services/CivilStatusDocumentService_v1.0</con:endpoint><con:request><![CDATA[<soapenv:Envelope xmlns:soapenv="http://schemas.xmlsoap.org/soap/envelope/" xmlns:v1="http://fidus.brussels/service/civilstatusdocumentservice/messages/v1" xmlns:v11="http://fidus.brussels/type/common/messages/v1" xmlns:core="http://www.fgov.be/dabs/core">
   <soapenv:Header/>
   <soapenv:Body>
      <v1:saveOrUpdateDocumentRequest>
         <v1:messageContext>
           <v11:messageId>${=import static java.util.UUID.randomUUID; uuid = randomUUID() as String}</v11:messageId>
            <v11:timestamp>${=new java.text.SimpleDateFormat("yyyy-MM-dd'T'HH:mm:ss.SSS").format(new Date())}</v11:timestamp>
         </v1:messageContext>
         <v1:legalContext>ServiceIntegrator</v1:legalContext>
         <v1:request>         
            <v1:language>fr</v1:language>
            <v1:municipalityCode>d1051</v1:municipalityCode>
            <v1:saveOrUpdateDocument>
          <document xmlns:xsi="http://www.w3.org/2001/XMLSchema-instance" xsi:type="core:marriageCertificate">
           <attachments/>
           <certificateOriginType>FOREIGN_CERTIFICATE</certificateOriginType>
           <factDate>
              <day>22</day>
              <month>12</month>
              <year>2011</year>
           </factDate>
           <establishingDate>2018-07-17</establishingDate>
           <redactionPlace>
              <municipalityCode>12007</municipalityCode>
              <countryCode>150</countryCode>
              <countryFreeText>test</countryFreeText>
           </redactionPlace>
           <origin>DABS</origin>
           <persons>
              <person>
                 <origin>RR</origin>
                 <nobilityFree/>
                 <birthPlace>
                    <municipalityCode>12010</municipalityCode>
                    <countryCode>150</countryCode>
                    <countryFreeText>test</countryFreeText>
                 </birthPlace>
                 <birthDate>
                    <day>11</day>
                    <month>1</month>
                    <year>1980</year>
                 </birthDate>
                 <firstname>Katrien</firstname>
                 <lastname>De Bondt</lastname>
                 <roles>
                    <role>SPOUSE_2</role>
                 </roles>
                 <personNumber>11234</personNumber>
              </person>
              <person>
                 <origin>RR</origin>
                 <nobilityFree/>
                 <birthPlace>
                    <municipalityFreeText>Budel</municipalityFreeText>
                    <countryCode>129</countryCode>
                    <countryFreeText>test</countryFreeText>
                 </birthPlace>
                 <birthDate>
                    <day>5</day>
                    <month>7</month>
                    <year>1979</year>
                 </birthDate>
                 <firstname>Bram Tonny Gerda</firstname>
                 <lastname>Van Huffel</lastname>
                 <roles>
                    <role>SPOUSE_1</role>
                 </roles>
                 <personNumber>1125000</personNumber>
              </person>
              <person>
                 <origin>RR</origin>
                 <birthPlace>
                    <municipalityCode>12007</municipalityCode>
                    <countryCode>150</countryCode>
                    <countryFreeText>test</countryFreeText>
                 </birthPlace>
                 <birthDate>
                    <day>1</day>
                    <month>4</month>
                    <year>1986</year>
                 </birthDate>
                 <firstname>Mounir</firstname>
                 <lastname>Ouchan</lastname>
                 <roles>
                    <role>ABS</role>
                 </roles>
                 <personNumber>86040128370</personNumber>
              </person>
           </persons>
           <oldDocumentReference>2018/33</oldDocumentReference>
           <docState>FINAL</docState>
        </document>
            </v1:saveOrUpdateDocument>
         </v1:request>
      </v1:saveOrUpdateDocumentRequest>
   </soapenv:Body>
</soapenv:Envelope>]]></con:request><con:credentials><con:selectedAuthProfile>Basic</con:selectedAuthProfile><con:addedBasicAuthenticationTypes>Basic</con:addedBasicAuthenticationTypes><con:authType>Global HTTP Settings</con:authType></con:credentials><con:jmsConfig JMSDeliveryMode="PERSISTENT"/><con:jmsPropertyConfig/><con:wsaConfig mustUnderstand="NONE" version="200508" action="http://fidus.brussels/services/civilstatusdocumentservice/saveOrUpdateDocument"/><con:wsrmConfig version="1.2"/></con:call><con:call id="41d5e90d-881b-4c15-8645-cbf86ab0919e" name="2 - Dev - Request" outgoingWss="Outflow DEV" incomingWss="Inflow DEV"><con:settings><con:setting id="com.eviware.soapui.impl.wsdl.WsdlRequest@request-headers">&lt;xml-fragment/></con:setting></con:settings><con:encoding>UTF-8</con:encoding><con:endpoint>https://192.168.36.61:8243/services/CivilStatusDocumentService_v1.0</con:endpoint><con:request><![CDATA[<soapenv:Envelope xmlns:soapenv="http://schemas.xmlsoap.org/soap/envelope/" xmlns:v1="http://fidus.brussels/service/civilstatusdocumentservice/messages/v1" xmlns:v11="http://fidus.brussels/type/common/messages/v1" xmlns:core="http://www.fgov.be/dabs/core">
   <soapenv:Header/>
   <soapenv:Body>
      <v1:saveOrUpdateDocumentRequest>
         <v1:messageContext>
           <v11:messageId>${=import static java.util.UUID.randomUUID; uuid = randomUUID() as String}</v11:messageId>
            <v11:timestamp>${=new java.text.SimpleDateFormat("yyyy-MM-dd'T'HH:mm:ss.SSS").format(new Date())}</v11:timestamp>
         </v1:messageContext>
         <v1:legalContext>ServiceIntegrator</v1:legalContext>
         <v1:request>
            <v1:language>fr</v1:language>
            <v1:saveOrUpdateDocument>
          <core:document xmlns:xsi="http://www.w3.org/2001/XMLSchema-instance" xsi:type="core:marriageCertificate">
           <core:attachments/>
           <core:certificateOriginType>FOREIGN_CERTIFICATE</core:certificateOriginType>
           <core:factDate>
              <core:day>22</core:day>
              <core:month>12</core:month>
              <core:year>2011</core:year>
           </core:factDate>
           <core:establishingDate>2018-07-17</core:establishingDate>
           <core:redactionPlace>
              <core:municipalityCode>12007</core:municipalityCode>
              <core:countryCode>150</core:countryCode>
              <core:countryFreeText>test</core:countryFreeText>
           </core:redactionPlace>
           <core:origin>DABS</core:origin>
           <core:persons>
              <core:person>
                 <core:origin>RR</core:origin>
                 <core:nobilityFree/>
                 <core:birthPlace>
                    <core:municipalityCode>12010</core:municipalityCode>
                    <core:countryCode>150</core:countryCode>
                    <core:countryFreeText>test</core:countryFreeText>
                 </core:birthPlace>
                 <core:birthDate>
                    <core:day>11</core:day>
                    <core:month>1</core:month>
                    <core:year>1980</core:year>
                 </core:birthDate>
                 <core:firstname>Katrien</core:firstname>
                 <core:lastname>De Bondt</core:lastname>
                 <core:roles>
                    <core:role>SPOUSE_2</core:role>
                 </core:roles>
                 <core:personNumber>11234</core:personNumber>
              </core:person>
              <core:person>
                 <core:origin>RR</core:origin>
                 <core:nobilityFree/>
                 <core:birthPlace>
                    <core:municipalityFreeText>Budel</core:municipalityFreeText>
                    <core:countryCode>129</core:countryCode>
                    <core:countryFreeText>test</core:countryFreeText>
                 </core:birthPlace>
                 <core:birthDate>
                    <core:day>5</core:day>
                    <core:month>7</core:month>
                    <core:year>1979</core:year>
                 </core:birthDate>
                 <core:firstname>Bram Tonny Gerda</core:firstname>
                 <core:lastname>Van Huffel</core:lastname>
                 <core:roles>
                    <core:role>SPOUSE_1</core:role>
                 </core:roles>
                 <core:personNumber>1125000</core:personNumber>
              </core:person>
              <core:person>
                 <core:origin>RR</core:origin>
                 <core:birthPlace>
                    <core:municipalityCode>12007</core:municipalityCode>
                    <core:countryCode>150</core:countryCode>
                    <core:countryFreeText>test</core:countryFreeText>
                 </core:birthPlace>
                 <core:birthDate>
                    <core:day>1</core:day>
                    <core:month>4</core:month>
                    <core:year>1986</core:year>
                 </core:birthDate>
                 <core:firstname>Mounir</core:firstname>
                 <core:lastname>Ouchan</core:lastname>
                 <core:roles>
                    <core:role>ABS</core:role>
                 </core:roles>
                 <core:personNumber>86040128370</core:personNumber>
              </core:person>
           </core:persons>
           <core:oldDocumentReference>2018/33</core:oldDocumentReference>
           <core:docState>FINAL</core:docState>
        </core:document>
            </v1:saveOrUpdateDocument>
         </v1:request>
      </v1:saveOrUpdateDocumentRequest>
   </soapenv:Body>
</soapenv:Envelope>]]></con:request><con:credentials><con:selectedAuthProfile>Basic</con:selectedAuthProfile><con:addedBasicAuthenticationTypes>Basic</con:addedBasicAuthenticationTypes><con:authType>Global HTTP Settings</con:authType></con:credentials><con:jmsConfig JMSDeliveryMode="PERSISTENT"/><con:jmsPropertyConfig/><con:wsaConfig mustUnderstand="NONE" version="200508" action="http://fidus.brussels/services/civilstatusdocumentservice/saveOrUpdateDocument"/><con:wsrmConfig version="1.2"/></con:call><con:call id="eac88628-b94e-4b74-8fef-f4dfc0a456b5" name="3 -Test - External - Request" outgoingWss="Outflow Test" incomingWss="Inflow Test"><con:settings><con:setting id="com.eviware.soapui.impl.wsdl.WsdlRequest@request-headers">&lt;xml-fragment/></con:setting></con:settings><con:encoding>UTF-8</con:encoding><con:endpoint>https://esb-security-gw.sta.srv.cirb.lan:8443/services/CivilStatusDocumentService_v1.0</con:endpoint><con:request><![CDATA[<soapenv:Envelope xmlns:soapenv="http://schemas.xmlsoap.org/soap/envelope/" xmlns:v1="http://fidus.brussels/service/civilstatusdocumentservice/messages/v1" xmlns:v11="http://fidus.brussels/type/common/messages/v1" xmlns:core="http://www.fgov.be/dabs/core">
   <soapenv:Header/>
   <soapenv:Body>
      <v1:saveOrUpdateDocumentRequest>
         <v1:messageContext>
           <v11:messageId>${=import static java.util.UUID.randomUUID; uuid = randomUUID() as String}</v11:messageId>
            <v11:timestamp>${=new java.text.SimpleDateFormat("yyyy-MM-dd'T'HH:mm:ss.SSS").format(new Date())}</v11:timestamp>
         </v1:messageContext>
         <v1:legalContext>ServiceIntegrator</v1:legalContext>
         <v1:request>
            <v1:language>fr</v1:language>
            <v1:saveOrUpdateDocument>
          <core:document xmlns:xsi="http://www.w3.org/2001/XMLSchema-instance" xsi:type="core:marriageCertificate">
           <core:attachments/>
           <core:certificateOriginType>FOREIGN_CERTIFICATE</core:certificateOriginType>
           <core:factDate>
              <core:day>22</core:day>
              <core:month>12</core:month>
              <core:year>2011</core:year>
           </core:factDate>
           <core:establishingDate>2018-07-17</core:establishingDate>
           <core:redactionPlace>
              <core:municipalityCode>12007</core:municipalityCode>
              <core:countryCode>150</core:countryCode>
              <core:countryFreeText>test</core:countryFreeText>
           </core:redactionPlace>
           <core:origin>DABS</core:origin>
           <core:persons>
              <core:person>
                 <core:origin>RR</core:origin>
                 <core:nobilityFree/>
                 <core:birthPlace>
                    <core:municipalityCode>12010</core:municipalityCode>
                    <core:countryCode>150</core:countryCode>
                    <core:countryFreeText>test</core:countryFreeText>
                 </core:birthPlace>
                 <core:birthDate>
                    <core:day>11</core:day>
                    <core:month>1</core:month>
                    <core:year>1980</core:year>
                 </core:birthDate>
                 <core:firstname>Katrien</core:firstname>
                 <core:lastname>De Bondt</core:lastname>
                 <core:roles>
                    <core:role>SPOUSE_2</core:role>
                 </core:roles>
                 <core:personNumber>11234</core:personNumber>
              </core:person>
              <core:person>
                 <core:origin>RR</core:origin>
                 <core:nobilityFree/>
                 <core:birthPlace>
                    <core:municipalityFreeText>Budel</core:municipalityFreeText>
                    <core:countryCode>129</core:countryCode>
                    <core:countryFreeText>test</core:countryFreeText>
                 </core:birthPlace>
                 <core:birthDate>
                    <core:day>5</core:day>
                    <core:month>7</core:month>
                    <core:year>1979</core:year>
                 </core:birthDate>
                 <core:firstname>Bram Tonny Gerda</core:firstname>
                 <core:lastname>Van Huffel</core:lastname>
                 <core:roles>
                    <core:role>SPOUSE_1</core:role>
                 </core:roles>
                 <core:personNumber>1125000</core:personNumber>
              </core:person>
              <core:person>
                 <core:origin>RR</core:origin>
                 <core:birthPlace>
                    <core:municipalityCode>12007</core:municipalityCode>
                    <core:countryCode>150</core:countryCode>
                    <core:countryFreeText>test</core:countryFreeText>
                 </core:birthPlace>
                 <core:birthDate>
                    <core:day>1</core:day>
                    <core:month>4</core:month>
                    <core:year>1986</core:year>
                 </core:birthDate>
                 <core:firstname>Mounir</core:firstname>
                 <core:lastname>Ouchan</core:lastname>
                 <core:roles>
                    <core:role>ABS</core:role>
                 </core:roles>
                 <core:personNumber>86040128370</core:personNumber>
              </core:person>
           </core:persons>
           <core:oldDocumentReference>2018/33</core:oldDocumentReference>
           <core:docState>FINAL</core:docState>
        </core:document>
            </v1:saveOrUpdateDocument>
         </v1:request>
      </v1:saveOrUpdateDocumentRequest>
   </soapenv:Body>
</soapenv:Envelope>]]></con:request><con:credentials><con:selectedAuthProfile>Basic</con:selectedAuthProfile><con:addedBasicAuthenticationTypes>Basic</con:addedBasicAuthenticationTypes><con:authType>Global HTTP Settings</con:authType></con:credentials><con:jmsConfig JMSDeliveryMode="PERSISTENT"/><con:jmsPropertyConfig/><con:wsaConfig mustUnderstand="NONE" version="200508" action="http://fidus.brussels/services/civilstatusdocumentservice/saveOrUpdateDocument"/><con:wsrmConfig version="1.2"/></con:call><con:call id="c70dcaac-cf0a-41d0-8b64-f89111c71cec" name="3 -Test - LB - Request" outgoingWss="Outflow Test" incomingWss="Inflow Test"><con:settings><con:setting id="com.eviware.soapui.impl.wsdl.WsdlRequest@request-headers">&lt;xml-fragment/></con:setting></con:settings><con:encoding>UTF-8</con:encoding><con:endpoint>https://fidus-test.irisnetlab.be/services/CivilStatusDocumentService_v1.0</con:endpoint><con:request><![CDATA[<soapenv:Envelope xmlns:soapenv="http://schemas.xmlsoap.org/soap/envelope/" xmlns:v1="http://fidus.brussels/service/civilstatusdocumentservice/messages/v1" xmlns:v11="http://fidus.brussels/type/common/messages/v1" xmlns:core="http://www.fgov.be/dabs/core">
   <soapenv:Header/>
   <soapenv:Body>
      <v1:saveOrUpdateDocumentRequest>
         <v1:messageContext>
           <v11:messageId>${=import static java.util.UUID.randomUUID; uuid = randomUUID() as String}</v11:messageId>
            <v11:timestamp>${=new java.text.SimpleDateFormat("yyyy-MM-dd'T'HH:mm:ss.SSS").format(new Date())}</v11:timestamp>
         </v1:messageContext>
         <v1:legalContext>ServiceIntegrator</v1:legalContext>
         <v1:request>
            <v1:language>fr</v1:language>
            <v1:saveOrUpdateDocument>
          <core:document xmlns:xsi="http://www.w3.org/2001/XMLSchema-instance" xsi:type="core:marriageCertificate">
           <core:attachments/>
           <core:certificateOriginType>FOREIGN_CERTIFICATE</core:certificateOriginType>
           <core:factDate>
              <core:day>22</core:day>
              <core:month>12</core:month>
              <core:year>2011</core:year>
           </core:factDate>
           <core:establishingDate>2018-07-17</core:establishingDate>
           <core:redactionPlace>
              <core:municipalityCode>12007</core:municipalityCode>
              <core:countryCode>150</core:countryCode>
              <core:countryFreeText>test</core:countryFreeText>
           </core:redactionPlace>
           <core:origin>DABS</core:origin>
           <core:persons>
              <core:person>
                 <core:origin>RR</core:origin>
                 <core:nobilityFree/>
                 <core:birthPlace>
                    <core:municipalityCode>12010</core:municipalityCode>
                    <core:countryCode>150</core:countryCode>
                    <core:countryFreeText>test</core:countryFreeText>
                 </core:birthPlace>
                 <core:birthDate>
                    <core:day>11</core:day>
                    <core:month>1</core:month>
                    <core:year>1980</core:year>
                 </core:birthDate>
                 <core:firstname>Katrien</core:firstname>
                 <core:lastname>De Bondt</core:lastname>
                 <core:roles>
                    <core:role>SPOUSE_2</core:role>
                 </core:roles>
                 <core:personNumber>11234</core:personNumber>
              </core:person>
              <core:person>
                 <core:origin>RR</core:origin>
                 <core:nobilityFree/>
                 <core:birthPlace>
                    <core:municipalityFreeText>Budel</core:municipalityFreeText>
                    <core:countryCode>129</core:countryCode>
                    <core:countryFreeText>test</core:countryFreeText>
                 </core:birthPlace>
                 <core:birthDate>
                    <core:day>5</core:day>
                    <core:month>7</core:month>
                    <core:year>1979</core:year>
                 </core:birthDate>
                 <core:firstname>Bram Tonny Gerda</core:firstname>
                 <core:lastname>Van Huffel</core:lastname>
                 <core:roles>
                    <core:role>SPOUSE_1</core:role>
                 </core:roles>
                 <core:personNumber>1125000</core:personNumber>
              </core:person>
              <core:person>
                 <core:origin>RR</core:origin>
                 <core:birthPlace>
                    <core:municipalityCode>12007</core:municipalityCode>
                    <core:countryCode>150</core:countryCode>
                    <core:countryFreeText>test</core:countryFreeText>
                 </core:birthPlace>
                 <core:birthDate>
                    <core:day>1</core:day>
                    <core:month>4</core:month>
                    <core:year>1986</core:year>
                 </core:birthDate>
                 <core:firstname>Mounir</core:firstname>
                 <core:lastname>Ouchan</core:lastname>
                 <core:roles>
                    <core:role>ABS</core:role>
                 </core:roles>
                 <core:personNumber>86040128370</core:personNumber>
              </core:person>
           </core:persons>
           <core:oldDocumentReference>2018/33</core:oldDocumentReference>
           <core:docState>FINAL</core:docState>
        </core:document>
            </v1:saveOrUpdateDocument>
         </v1:request>
      </v1:saveOrUpdateDocumentRequest>
   </soapenv:Body>
</soapenv:Envelope>]]></con:request><con:credentials><con:selectedAuthProfile>Basic</con:selectedAuthProfile><con:addedBasicAuthenticationTypes>Basic</con:addedBasicAuthenticationTypes><con:authType>Global HTTP Settings</con:authType></con:credentials><con:jmsConfig JMSDeliveryMode="PERSISTENT"/><con:jmsPropertyConfig/><con:wsaConfig mustUnderstand="NONE" version="200508" action="http://fidus.brussels/services/civilstatusdocumentservice/saveOrUpdateDocument"/><con:wsrmConfig version="1.2"/></con:call><con:call id="568b610f-610a-435c-83d4-602b881ef394" name="3 -Test - Worker1 - Request" outgoingWss="Outflow Test" incomingWss="Inflow Test"><con:settings><con:setting id="com.eviware.soapui.impl.wsdl.WsdlRequest@request-headers">&lt;xml-fragment/></con:setting></con:settings><con:encoding>UTF-8</con:encoding><con:endpoint>https://192.168.22.53:8443/services/CivilStatusDocumentService_v1.0</con:endpoint><con:request><![CDATA[<soapenv:Envelope xmlns:soapenv="http://schemas.xmlsoap.org/soap/envelope/" xmlns:v1="http://fidus.brussels/service/civilstatusdocumentservice/messages/v1" xmlns:v11="http://fidus.brussels/type/common/messages/v1" xmlns:core="http://www.fgov.be/dabs/core">
   <soapenv:Header/>
   <soapenv:Body>
      <v1:saveOrUpdateDocumentRequest>
         <v1:messageContext>
           <v11:messageId>${=import static java.util.UUID.randomUUID; uuid = randomUUID() as String}</v11:messageId>
            <v11:timestamp>${=new java.text.SimpleDateFormat("yyyy-MM-dd'T'HH:mm:ss.SSS").format(new Date())}</v11:timestamp>
         </v1:messageContext>
         <v1:legalContext>ServiceIntegrator</v1:legalContext>
         <v1:request>         
            <v1:language>fr</v1:language>
            <v1:municipalityCode>d1051</v1:municipalityCode>
            <v1:saveOrUpdateDocument>
          <document xmlns:xsi="http://www.w3.org/2001/XMLSchema-instance" xsi:type="core:marriageCertificate">
           <attachments/>
           <certificateOriginType>FOREIGN_CERTIFICATE</certificateOriginType>
           <factDate>
              <day>22</day>
              <month>12</month>
              <year>2011</year>
           </factDate>
           <establishingDate>2018-07-17</establishingDate>
           <redactionPlace>
              <municipalityCode>12007</municipalityCode>
              <countryCode>150</countryCode>
              <countryFreeText>test</countryFreeText>
           </redactionPlace>
           <origin>DABS</origin>
           <persons>
              <person>
                 <origin>RR</origin>
                 <nobilityFree/>
                 <birthPlace>
                    <municipalityCode>12010</municipalityCode>
                    <countryCode>150</countryCode>
                    <countryFreeText>test</countryFreeText>
                 </birthPlace>
                 <birthDate>
                    <day>11</day>
                    <month>1</month>
                    <year>1980</year>
                 </birthDate>
                 <firstname>Katrien</firstname>
                 <lastname>De Bondt</lastname>
                 <roles>
                    <role>SPOUSE_2</role>
                 </roles>
                 <personNumber>11234</personNumber>
              </person>
              <person>
                 <origin>RR</origin>
                 <nobilityFree/>
                 <birthPlace>
                    <municipalityFreeText>Budel</municipalityFreeText>
                    <countryCode>129</countryCode>
                    <countryFreeText>test</countryFreeText>
                 </birthPlace>
                 <birthDate>
                    <day>5</day>
                    <month>7</month>
                    <year>1979</year>
                 </birthDate>
                 <firstname>Bram Tonny Gerda</firstname>
                 <lastname>Van Huffel</lastname>
                 <roles>
                    <role>SPOUSE_1</role>
                 </roles>
                 <personNumber>1125000</personNumber>
              </person>
              <person>
                 <origin>RR</origin>
                 <birthPlace>
                    <municipalityCode>12007</municipalityCode>
                    <countryCode>150</countryCode>
                    <countryFreeText>test</countryFreeText>
                 </birthPlace>
                 <birthDate>
                    <day>1</day>
                    <month>4</month>
                    <year>1986</year>
                 </birthDate>
                 <firstname>Mounir</firstname>
                 <lastname>Ouchan</lastname>
                 <roles>
                    <role>ABS</role>
                 </roles>
                 <personNumber>86040128370</personNumber>
              </person>
           </persons>
           <oldDocumentReference>2018/33</oldDocumentReference>
           <docState>FINAL</docState>
        </document>
            </v1:saveOrUpdateDocument>
         </v1:request>
      </v1:saveOrUpdateDocumentRequest>
   </soapenv:Body>
</soapenv:Envelope>]]></con:request><con:credentials><con:selectedAuthProfile>Basic</con:selectedAuthProfile><con:addedBasicAuthenticationTypes>Basic</con:addedBasicAuthenticationTypes><con:authType>Global HTTP Settings</con:authType></con:credentials><con:jmsConfig JMSDeliveryMode="PERSISTENT"/><con:jmsPropertyConfig/><con:wsaConfig mustUnderstand="NONE" version="200508" action="http://fidus.brussels/services/civilstatusdocumentservice/saveOrUpdateDocument"/><con:wsrmConfig version="1.2"/></con:call><con:call id="e420b70a-f10d-45ec-802d-2b94b973f69c" name="3 -Test - Worker2 - Request" outgoingWss="Outflow Test" incomingWss="Inflow Test"><con:settings><con:setting id="com.eviware.soapui.impl.wsdl.WsdlRequest@request-headers">&lt;xml-fragment/></con:setting></con:settings><con:encoding>UTF-8</con:encoding><con:endpoint>https://192.168.22.54:8443/services/CivilStatusDocumentService_v1.0</con:endpoint><con:request><![CDATA[<soapenv:Envelope xmlns:soapenv="http://schemas.xmlsoap.org/soap/envelope/" xmlns:v1="http://fidus.brussels/service/civilstatusdocumentservice/messages/v1" xmlns:v11="http://fidus.brussels/type/common/messages/v1" xmlns:core="http://www.fgov.be/dabs/core">
   <soapenv:Header/>
   <soapenv:Body>
      <v1:saveOrUpdateDocumentRequest>
         <v1:messageContext>
           <v11:messageId>${=import static java.util.UUID.randomUUID; uuid = randomUUID() as String}</v11:messageId>
            <v11:timestamp>${=new java.text.SimpleDateFormat("yyyy-MM-dd'T'HH:mm:ss.SSS").format(new Date())}</v11:timestamp>
         </v1:messageContext>
         <v1:legalContext>ServiceIntegrator</v1:legalContext>
         <v1:request>         
            <v1:language>fr</v1:language>
            <v1:municipalityCode>d1051</v1:municipalityCode>
            <v1:saveOrUpdateDocument>
          <document xmlns:xsi="http://www.w3.org/2001/XMLSchema-instance" xsi:type="core:marriageCertificate">
           <attachments/>
           <certificateOriginType>FOREIGN_CERTIFICATE</certificateOriginType>
           <factDate>
              <day>22</day>
              <month>12</month>
              <year>2011</year>
           </factDate>
           <establishingDate>2018-07-17</establishingDate>
           <redactionPlace>
              <municipalityCode>12007</municipalityCode>
              <countryCode>150</countryCode>
              <countryFreeText>test</countryFreeText>
           </redactionPlace>
           <origin>DABS</origin>
           <persons>
              <person>
                 <origin>RR</origin>
                 <nobilityFree/>
                 <birthPlace>
                    <municipalityCode>12010</municipalityCode>
                    <countryCode>150</countryCode>
                    <countryFreeText>test</countryFreeText>
                 </birthPlace>
                 <birthDate>
                    <day>11</day>
                    <month>1</month>
                    <year>1980</year>
                 </birthDate>
                 <firstname>Katrien</firstname>
                 <lastname>De Bondt</lastname>
                 <roles>
                    <role>SPOUSE_2</role>
                 </roles>
                 <personNumber>11234</personNumber>
              </person>
              <person>
                 <origin>RR</origin>
                 <nobilityFree/>
                 <birthPlace>
                    <municipalityFreeText>Budel</municipalityFreeText>
                    <countryCode>129</countryCode>
                    <countryFreeText>test</countryFreeText>
                 </birthPlace>
                 <birthDate>
                    <day>5</day>
                    <month>7</month>
                    <year>1979</year>
                 </birthDate>
                 <firstname>Bram Tonny Gerda</firstname>
                 <lastname>Van Huffel</lastname>
                 <roles>
                    <role>SPOUSE_1</role>
                 </roles>
                 <personNumber>1125000</personNumber>
              </person>
              <person>
                 <origin>RR</origin>
                 <birthPlace>
                    <municipalityCode>12007</municipalityCode>
                    <countryCode>150</countryCode>
                    <countryFreeText>test</countryFreeText>
                 </birthPlace>
                 <birthDate>
                    <day>1</day>
                    <month>4</month>
                    <year>1986</year>
                 </birthDate>
                 <firstname>Mounir</firstname>
                 <lastname>Ouchan</lastname>
                 <roles>
                    <role>ABS</role>
                 </roles>
                 <personNumber>86040128370</personNumber>
              </person>
           </persons>
           <oldDocumentReference>2018/33</oldDocumentReference>
           <docState>FINAL</docState>
        </document>
            </v1:saveOrUpdateDocument>
         </v1:request>
      </v1:saveOrUpdateDocumentRequest>
   </soapenv:Body>
</soapenv:Envelope>]]></con:request><con:credentials><con:selectedAuthProfile>Basic</con:selectedAuthProfile><con:addedBasicAuthenticationTypes>Basic</con:addedBasicAuthenticationTypes><con:authType>Global HTTP Settings</con:authType></con:credentials><con:jmsConfig JMSDeliveryMode="PERSISTENT"/><con:jmsPropertyConfig/><con:wsaConfig mustUnderstand="NONE" version="200508" action="http://fidus.brussels/services/civilstatusdocumentservice/saveOrUpdateDocument"/><con:wsrmConfig version="1.2"/></con:call><con:call id="3278b14d-f8e4-44c9-a538-647ab0f321ab" name="4 - Staging - External - Request"><con:settings><con:setting id="com.eviware.soapui.impl.wsdl.WsdlRequest@request-headers">&lt;xml-fragment/></con:setting></con:settings><con:encoding>UTF-8</con:encoding><con:endpoint>https://fidus.irisnetlab.be/services/CivilStatusDocumentService_v1.0</con:endpoint><con:request><![CDATA[<soapenv:Envelope xmlns:soapenv="http://schemas.xmlsoap.org/soap/envelope/" xmlns:v1="http://fidus.brussels/service/civilstatusdocumentservice/messages/v1" xmlns:v11="http://fidus.brussels/type/common/messages/v1" xmlns:core="http://www.fgov.be/dabs/core">
   <soapenv:Header/>
   <soapenv:Body>
      <v1:saveOrUpdateDocumentRequest>
         <v1:messageContext>
           <v11:messageId>${=import static java.util.UUID.randomUUID; uuid = randomUUID() as String}</v11:messageId>
            <v11:timestamp>${=new java.text.SimpleDateFormat("yyyy-MM-dd'T'HH:mm:ss.SSS").format(new Date())}</v11:timestamp>
         </v1:messageContext>
         <v1:legalContext>ServiceIntegrator</v1:legalContext>
         <v1:request>         
            <v1:language>fr</v1:language>
            <v1:municipalityCode>d1051</v1:municipalityCode>
            <v1:saveOrUpdateDocument>
          <document xmlns:xsi="http://www.w3.org/2001/XMLSchema-instance" xsi:type="core:marriageCertificate">
           <attachments/>
           <certificateOriginType>FOREIGN_CERTIFICATE</certificateOriginType>
           <factDate>
              <day>22</day>
              <month>12</month>
              <year>2011</year>
           </factDate>
           <establishingDate>2018-07-17</establishingDate>
           <redactionPlace>
              <municipalityCode>12007</municipalityCode>
              <countryCode>150</countryCode>
              <countryFreeText>test</countryFreeText>
           </redactionPlace>
           <origin>DABS</origin>
           <persons>
              <person>
                 <origin>RR</origin>
                 <nobilityFree/>
                 <birthPlace>
                    <municipalityCode>12010</municipalityCode>
                    <countryCode>150</countryCode>
                    <countryFreeText>test</countryFreeText>
                 </birthPlace>
                 <birthDate>
                    <day>11</day>
                    <month>1</month>
                    <year>1980</year>
                 </birthDate>
                 <firstname>Katrien</firstname>
                 <lastname>De Bondt</lastname>
                 <roles>
                    <role>SPOUSE_2</role>
                 </roles>
                 <personNumber>11234</personNumber>
              </person>
              <person>
                 <origin>RR</origin>
                 <nobilityFree/>
                 <birthPlace>
                    <municipalityFreeText>Budel</municipalityFreeText>
                    <countryCode>129</countryCode>
                    <countryFreeText>test</countryFreeText>
                 </birthPlace>
                 <birthDate>
                    <day>5</day>
                    <month>7</month>
                    <year>1979</year>
                 </birthDate>
                 <firstname>Bram Tonny Gerda</firstname>
                 <lastname>Van Huffel</lastname>
                 <roles>
                    <role>SPOUSE_1</role>
                 </roles>
                 <personNumber>1125000</personNumber>
              </person>
              <person>
                 <origin>RR</origin>
                 <birthPlace>
                    <municipalityCode>12007</municipalityCode>
                    <countryCode>150</countryCode>
                    <countryFreeText>test</countryFreeText>
                 </birthPlace>
                 <birthDate>
                    <day>1</day>
                    <month>4</month>
                    <year>1986</year>
                 </birthDate>
                 <firstname>Mounir</firstname>
                 <lastname>Ouchan</lastname>
                 <roles>
                    <role>ABS</role>
                 </roles>
                 <personNumber>86040128370</personNumber>
              </person>
           </persons>
           <oldDocumentReference>2018/33</oldDocumentReference>
           <docState>FINAL</docState>
        </document>
            </v1:saveOrUpdateDocument>
         </v1:request>
      </v1:saveOrUpdateDocumentRequest>
   </soapenv:Body>
</soapenv:Envelope>]]></con:request><con:credentials><con:selectedAuthProfile>Basic</con:selectedAuthProfile><con:addedBasicAuthenticationTypes>Basic</con:addedBasicAuthenticationTypes><con:authType>Global HTTP Settings</con:authType></con:credentials><con:jmsConfig JMSDeliveryMode="PERSISTENT"/><con:jmsPropertyConfig/><con:wsaConfig mustUnderstand="NONE" version="200508" action="http://fidus.brussels/services/civilstatusdocumentservice/saveOrUpdateDocument"/><con:wsrmConfig version="1.2"/></con:call><con:call id="55a9ee53-6a25-464a-890f-a2e8c8e817b1" name="4 - Staging - LB - Request"><con:settings><con:setting id="com.eviware.soapui.impl.wsdl.WsdlRequest@request-headers">&lt;xml-fragment/></con:setting></con:settings><con:encoding>UTF-8</con:encoding><con:endpoint>https://fidus-esb-sg.sta.srv.cirb.lan:8443/services/CivilStatusDocumentService_v1.0</con:endpoint><con:request><![CDATA[<soapenv:Envelope xmlns:soapenv="http://schemas.xmlsoap.org/soap/envelope/" xmlns:v1="http://fidus.brussels/service/civilstatusdocumentservice/messages/v1" xmlns:v11="http://fidus.brussels/type/common/messages/v1" xmlns:core="http://www.fgov.be/dabs/core">
   <soapenv:Header/>
   <soapenv:Body>
      <v1:saveOrUpdateDocumentRequest>
         <v1:messageContext>
           <v11:messageId>${=import static java.util.UUID.randomUUID; uuid = randomUUID() as String}</v11:messageId>
            <v11:timestamp>${=new java.text.SimpleDateFormat("yyyy-MM-dd'T'HH:mm:ss.SSS").format(new Date())}</v11:timestamp>
         </v1:messageContext>
         <v1:legalContext>ServiceIntegrator</v1:legalContext>
         <v1:request>         
            <v1:language>fr</v1:language>
            <v1:municipalityCode>d1051</v1:municipalityCode>
            <v1:saveOrUpdateDocument>
          <document xmlns:xsi="http://www.w3.org/2001/XMLSchema-instance" xsi:type="core:marriageCertificate">
           <attachments/>
           <certificateOriginType>FOREIGN_CERTIFICATE</certificateOriginType>
           <factDate>
              <day>22</day>
              <month>12</month>
              <year>2011</year>
           </factDate>
           <establishingDate>2018-07-17</establishingDate>
           <redactionPlace>
              <municipalityCode>12007</municipalityCode>
              <countryCode>150</countryCode>
              <countryFreeText>test</countryFreeText>
           </redactionPlace>
           <origin>DABS</origin>
           <persons>
              <person>
                 <origin>RR</origin>
                 <nobilityFree/>
                 <birthPlace>
                    <municipalityCode>12010</municipalityCode>
                    <countryCode>150</countryCode>
                    <countryFreeText>test</countryFreeText>
                 </birthPlace>
                 <birthDate>
                    <day>11</day>
                    <month>1</month>
                    <year>1980</year>
                 </birthDate>
                 <firstname>Katrien</firstname>
                 <lastname>De Bondt</lastname>
                 <roles>
                    <role>SPOUSE_2</role>
                 </roles>
                 <personNumber>11234</personNumber>
              </person>
              <person>
                 <origin>RR</origin>
                 <nobilityFree/>
                 <birthPlace>
                    <municipalityFreeText>Budel</municipalityFreeText>
                    <countryCode>129</countryCode>
                    <countryFreeText>test</countryFreeText>
                 </birthPlace>
                 <birthDate>
                    <day>5</day>
                    <month>7</month>
                    <year>1979</year>
                 </birthDate>
                 <firstname>Bram Tonny Gerda</firstname>
                 <lastname>Van Huffel</lastname>
                 <roles>
                    <role>SPOUSE_1</role>
                 </roles>
                 <personNumber>1125000</personNumber>
              </person>
              <person>
                 <origin>RR</origin>
                 <birthPlace>
                    <municipalityCode>12007</municipalityCode>
                    <countryCode>150</countryCode>
                    <countryFreeText>test</countryFreeText>
                 </birthPlace>
                 <birthDate>
                    <day>1</day>
                    <month>4</month>
                    <year>1986</year>
                 </birthDate>
                 <firstname>Mounir</firstname>
                 <lastname>Ouchan</lastname>
                 <roles>
                    <role>ABS</role>
                 </roles>
                 <personNumber>86040128370</personNumber>
              </person>
           </persons>
           <oldDocumentReference>2018/33</oldDocumentReference>
           <docState>FINAL</docState>
        </document>
            </v1:saveOrUpdateDocument>
         </v1:request>
      </v1:saveOrUpdateDocumentRequest>
   </soapenv:Body>
</soapenv:Envelope>]]></con:request><con:credentials><con:selectedAuthProfile>Basic</con:selectedAuthProfile><con:addedBasicAuthenticationTypes>Basic</con:addedBasicAuthenticationTypes><con:authType>Global HTTP Settings</con:authType></con:credentials><con:jmsConfig JMSDeliveryMode="PERSISTENT"/><con:jmsPropertyConfig/><con:wsaConfig mustUnderstand="NONE" version="200508" action="http://fidus.brussels/services/civilstatusdocumentservice/saveOrUpdateDocument"/><con:wsrmConfig version="1.2"/></con:call><con:call id="9a768038-f6ad-420e-bf65-e848ab45ac45" name="4 - Staging - Worker1 - Request" outgoingWss="Outflow Staging" incomingWss="inflow staging"><con:settings><con:setting id="com.eviware.soapui.impl.wsdl.WsdlRequest@request-headers">&lt;xml-fragment/></con:setting></con:settings><con:encoding>UTF-8</con:encoding><con:endpoint>https://192.168.24.16:8443/services/CivilStatusDocumentService_v1.0</con:endpoint><con:request><![CDATA[<soapenv:Envelope xmlns:soapenv="http://schemas.xmlsoap.org/soap/envelope/" xmlns:v1="http://fidus.brussels/service/civilstatusdocumentservice/messages/v1" xmlns:v11="http://fidus.brussels/type/common/messages/v1" xmlns:core="http://www.fgov.be/dabs/core">
   <soapenv:Header/>
   <soapenv:Body>
      <v1:saveOrUpdateDocumentRequest>
         <v1:messageContext>
           <v11:messageId>${=import static java.util.UUID.randomUUID; uuid = randomUUID() as String}</v11:messageId>
            <v11:timestamp>${=new java.text.SimpleDateFormat("yyyy-MM-dd'T'HH:mm:ss.SSS").format(new Date())}</v11:timestamp>
         </v1:messageContext>
         <v1:legalContext>ServiceIntegrator</v1:legalContext>
         <v1:request>         
            <v1:language>fr</v1:language>
            <v1:municipalityCode>d1051</v1:municipalityCode>
            <v1:saveOrUpdateDocument>
          <document xmlns:xsi="http://www.w3.org/2001/XMLSchema-instance" xsi:type="core:marriageCertificate">
           <attachments/>
           <certificateOriginType>FOREIGN_CERTIFICATE</certificateOriginType>
           <factDate>
              <day>22</day>
              <month>12</month>
              <year>2011</year>
           </factDate>
           <establishingDate>2018-07-17</establishingDate>
           <redactionPlace>
              <municipalityCode>12007</municipalityCode>
              <countryCode>150</countryCode>
              <countryFreeText>test</countryFreeText>
           </redactionPlace>
           <origin>DABS</origin>
           <persons>
              <person>
                 <origin>RR</origin>
                 <nobilityFree/>
                 <birthPlace>
                    <municipalityCode>12010</municipalityCode>
                    <countryCode>150</countryCode>
                    <countryFreeText>test</countryFreeText>
                 </birthPlace>
                 <birthDate>
                    <day>11</day>
                    <month>1</month>
                    <year>1980</year>
                 </birthDate>
                 <firstname>Katrien</firstname>
                 <lastname>De Bondt</lastname>
                 <roles>
                    <role>SPOUSE_2</role>
                 </roles>
                 <personNumber>11234</personNumber>
              </person>
              <person>
                 <origin>RR</origin>
                 <nobilityFree/>
                 <birthPlace>
                    <municipalityFreeText>Budel</municipalityFreeText>
                    <countryCode>129</countryCode>
                    <countryFreeText>test</countryFreeText>
                 </birthPlace>
                 <birthDate>
                    <day>5</day>
                    <month>7</month>
                    <year>1979</year>
                 </birthDate>
                 <firstname>Bram Tonny Gerda</firstname>
                 <lastname>Van Huffel</lastname>
                 <roles>
                    <role>SPOUSE_1</role>
                 </roles>
                 <personNumber>1125000</personNumber>
              </person>
              <person>
                 <origin>RR</origin>
                 <birthPlace>
                    <municipalityCode>12007</municipalityCode>
                    <countryCode>150</countryCode>
                    <countryFreeText>test</countryFreeText>
                 </birthPlace>
                 <birthDate>
                    <day>1</day>
                    <month>4</month>
                    <year>1986</year>
                 </birthDate>
                 <firstname>Mounir</firstname>
                 <lastname>Ouchan</lastname>
                 <roles>
                    <role>ABS</role>
                 </roles>
                 <personNumber>86040128370</personNumber>
              </person>
           </persons>
           <oldDocumentReference>2018/33</oldDocumentReference>
           <docState>FINAL</docState>
        </document>
            </v1:saveOrUpdateDocument>
         </v1:request>
      </v1:saveOrUpdateDocumentRequest>
   </soapenv:Body>
</soapenv:Envelope>]]></con:request><con:credentials><con:selectedAuthProfile>Basic</con:selectedAuthProfile><con:addedBasicAuthenticationTypes>Basic</con:addedBasicAuthenticationTypes><con:authType>Global HTTP Settings</con:authType></con:credentials><con:jmsConfig JMSDeliveryMode="PERSISTENT"/><con:jmsPropertyConfig/><con:wsaConfig mustUnderstand="NONE" version="200508" action="http://fidus.brussels/services/civilstatusdocumentservice/saveOrUpdateDocument"/><con:wsrmConfig version="1.2"/></con:call><con:call id="47ddaad0-3b20-49bf-9c3f-271d3d4b3e56" name="4 - Staging - Worker2 - Request" outgoingWss="Outflow Staging" incomingWss="inflow staging"><con:settings><con:setting id="com.eviware.soapui.impl.wsdl.WsdlRequest@request-headers">&lt;xml-fragment/></con:setting></con:settings><con:encoding>UTF-8</con:encoding><con:endpoint>https://192.168.24.17:8443/services/CivilStatusDocumentService_v1.0</con:endpoint><con:request><![CDATA[<soapenv:Envelope xmlns:soapenv="http://schemas.xmlsoap.org/soap/envelope/" xmlns:v1="http://fidus.brussels/service/civilstatusdocumentservice/messages/v1" xmlns:v11="http://fidus.brussels/type/common/messages/v1" xmlns:core="http://www.fgov.be/dabs/core">
   <soapenv:Header/>
   <soapenv:Body>
      <v1:saveOrUpdateDocumentRequest>
         <v1:messageContext>
           <v11:messageId>${=import static java.util.UUID.randomUUID; uuid = randomUUID() as String}</v11:messageId>
            <v11:timestamp>${=new java.text.SimpleDateFormat("yyyy-MM-dd'T'HH:mm:ss.SSS").format(new Date())}</v11:timestamp>
         </v1:messageContext>
         <v1:legalContext>ServiceIntegrator</v1:legalContext>
         <v1:request>         
            <v1:language>fr</v1:language>
            <v1:municipalityCode>d1051</v1:municipalityCode>
            <v1:saveOrUpdateDocument>
          <document xmlns:xsi="http://www.w3.org/2001/XMLSchema-instance" xsi:type="core:marriageCertificate">
           <attachments/>
           <certificateOriginType>FOREIGN_CERTIFICATE</certificateOriginType>
           <factDate>
              <day>22</day>
              <month>12</month>
              <year>2011</year>
           </factDate>
           <establishingDate>2018-07-17</establishingDate>
           <redactionPlace>
              <municipalityCode>12007</municipalityCode>
              <countryCode>150</countryCode>
              <countryFreeText>test</countryFreeText>
           </redactionPlace>
           <origin>DABS</origin>
           <persons>
              <person>
                 <origin>RR</origin>
                 <nobilityFree/>
                 <birthPlace>
                    <municipalityCode>12010</municipalityCode>
                    <countryCode>150</countryCode>
                    <countryFreeText>test</countryFreeText>
                 </birthPlace>
                 <birthDate>
                    <day>11</day>
                    <month>1</month>
                    <year>1980</year>
                 </birthDate>
                 <firstname>Katrien</firstname>
                 <lastname>De Bondt</lastname>
                 <roles>
                    <role>SPOUSE_2</role>
                 </roles>
                 <personNumber>11234</personNumber>
              </person>
              <person>
                 <origin>RR</origin>
                 <nobilityFree/>
                 <birthPlace>
                    <municipalityFreeText>Budel</municipalityFreeText>
                    <countryCode>129</countryCode>
                    <countryFreeText>test</countryFreeText>
                 </birthPlace>
                 <birthDate>
                    <day>5</day>
                    <month>7</month>
                    <year>1979</year>
                 </birthDate>
                 <firstname>Bram Tonny Gerda</firstname>
                 <lastname>Van Huffel</lastname>
                 <roles>
                    <role>SPOUSE_1</role>
                 </roles>
                 <personNumber>1125000</personNumber>
              </person>
              <person>
                 <origin>RR</origin>
                 <birthPlace>
                    <municipalityCode>12007</municipalityCode>
                    <countryCode>150</countryCode>
                    <countryFreeText>test</countryFreeText>
                 </birthPlace>
                 <birthDate>
                    <day>1</day>
                    <month>4</month>
                    <year>1986</year>
                 </birthDate>
                 <firstname>Mounir</firstname>
                 <lastname>Ouchan</lastname>
                 <roles>
                    <role>ABS</role>
                 </roles>
                 <personNumber>86040128370</personNumber>
              </person>
           </persons>
           <oldDocumentReference>2018/33</oldDocumentReference>
           <docState>FINAL</docState>
        </document>
            </v1:saveOrUpdateDocument>
         </v1:request>
      </v1:saveOrUpdateDocumentRequest>
   </soapenv:Body>
</soapenv:Envelope>]]></con:request><con:credentials><con:selectedAuthProfile>Basic</con:selectedAuthProfile><con:addedBasicAuthenticationTypes>Basic</con:addedBasicAuthenticationTypes><con:authType>Global HTTP Settings</con:authType></con:credentials><con:jmsConfig JMSDeliveryMode="PERSISTENT"/><con:jmsPropertyConfig/><con:wsaConfig mustUnderstand="NONE" version="200508" action="http://fidus.brussels/services/civilstatusdocumentservice/saveOrUpdateDocument"/><con:wsrmConfig version="1.2"/></con:call></con:operation><con:operation id="99bb701f-0590-4d63-baed-ef24b3dbb6da" isOneWay="false" action="http://fidus.brussels/services/civilstatusdocumentservice/searchDocument" name="searchDocument" bindingOperationName="searchDocument" type="Request-Response" inputName="" receivesAttachments="false" sendsAttachments="false" anonymous="optional"><con:settings/><con:call id="7f620153-d30d-462b-b3ec-62dcf1ccaeb6" name="1 - Local - Request" outgoingWss="Outflow DEV" incomingWss="Inflow DEV"><con:settings><con:setting id="com.eviware.soapui.impl.wsdl.WsdlRequest@request-headers">&lt;xml-fragment/></con:setting></con:settings><con:encoding>UTF-8</con:encoding><con:endpoint>https://192.168.22.53:8443/services/CivilStatusDocumentService_v1.0</con:endpoint><con:request><![CDATA[<soapenv:Envelope xmlns:soapenv="http://schemas.xmlsoap.org/soap/envelope/" xmlns:v1="http://fidus.brussels/service/civilstatusdocumentservice/messages/v1" xmlns:v11="http://fidus.brussels/type/common/messages/v1" xmlns:core="http://www.fgov.be/dabs/core">
   <soapenv:Header/>
   <soapenv:Body>
      <v1:searchDocumentRequest>
         <v1:messageContext>
           <v11:messageId>${=import static java.util.UUID.randomUUID; uuid = randomUUID() as String}</v11:messageId>
            <v11:timestamp>${=new java.text.SimpleDateFormat("yyyy-MM-dd'T'HH:mm:ss.SSS").format(new Date())}</v11:timestamp>
         </v1:messageContext>
         <v1:legalContext>ServiceIntegrator</v1:legalContext>
         <v1:request>
            <v1:language>fr</v1:language>
            <v1:municipalityCode>d1051</v1:municipalityCode>
            <v1:searchDocument>
               <documentSearch>
                  <type>MARRIAGE_CERTIFICATE</type>
                  <state>FINAL</state>
                  <factDate>
                     <day>15</day>
                     <month>12</month>
                     <year>2011</year>
                  </factDate>
                  <personNumber>11234</personNumber>
                  <firstname>Katrien</firstname>
                  <lastname>De Bondt</lastname>
                  <birthDate>
                     <day>11</day>
                     <month>1</month>
                     <year>1980</year>
                  </birthDate>
                  <!--Optional:-->
                  <!--placeOfOrigin>?</placeOfOrigin-->
                  <searchInRrn>false</searchInRrn>
               </documentSearch>
            </v1:searchDocument>
         </v1:request>
      </v1:searchDocumentRequest>
   </soapenv:Body>
</soapenv:Envelope>]]></con:request><con:credentials><con:selectedAuthProfile>Basic</con:selectedAuthProfile><con:addedBasicAuthenticationTypes>Basic</con:addedBasicAuthenticationTypes><con:authType>Global HTTP Settings</con:authType></con:credentials><con:jmsConfig JMSDeliveryMode="PERSISTENT"/><con:jmsPropertyConfig/><con:wsaConfig mustUnderstand="NONE" version="200508" action="http://fidus.brussels/services/civilstatusdocumentservice/searchDocument"/><con:wsrmConfig version="1.2"/></con:call><con:call id="a1c2d795-7d11-4073-9a7f-a6d6c438b355" name="2 - Dev - Request" outgoingWss="Outflow DEV" incomingWss="Inflow DEV"><con:settings><con:setting id="com.eviware.soapui.impl.wsdl.WsdlRequest@request-headers">&lt;xml-fragment/></con:setting></con:settings><con:encoding>UTF-8</con:encoding><con:endpoint>https://192.168.36.61:8243/services/CivilStatusDocumentService_v1.0</con:endpoint><con:request><![CDATA[<soapenv:Envelope xmlns:soapenv="http://schemas.xmlsoap.org/soap/envelope/" xmlns:v1="http://fidus.brussels/service/civilstatusdocumentservice/messages/v1" xmlns:v11="http://fidus.brussels/type/common/messages/v1" xmlns:core="http://www.fgov.be/dabs/core">
   <soapenv:Header/>
   <soapenv:Body>
      <v1:searchDocumentRequest>
         <v1:messageContext>
           <v11:messageId>${=import static java.util.UUID.randomUUID; uuid = randomUUID() as String}</v11:messageId>
            <v11:timestamp>${=new java.text.SimpleDateFormat("yyyy-MM-dd'T'HH:mm:ss.SSS").format(new Date())}</v11:timestamp>
         </v1:messageContext>
         <v1:legalContext>ServiceIntegrator</v1:legalContext>
         <v1:request>
            <v1:language>fr</v1:language>
            <v1:municipalityCode>d1051</v1:municipalityCode>
            <v1:searchDocument>
               <documentSearch>
                  <type>MARRIAGE_CERTIFICATE</type>
                  <state>FINAL</state>
                  <factDate>
                     <day>15</day>
                     <month>12</month>
                     <year>2011</year>
                  </factDate>
                  <personNumber>11234</personNumber>
                  <firstname>Katrien</firstname>
                  <lastname>De Bondt</lastname>
                  <birthDate>
                     <day>11</day>
                     <month>1</month>
                     <year>1980</year>
                  </birthDate>
                  <!--Optional:-->
                  <!--placeOfOrigin>?</placeOfOrigin-->
                  <searchInRrn>false</searchInRrn>
               </documentSearch>
            </v1:searchDocument>
         </v1:request>
      </v1:searchDocumentRequest>
   </soapenv:Body>
</soapenv:Envelope>]]></con:request><con:credentials><con:selectedAuthProfile>Basic</con:selectedAuthProfile><con:addedBasicAuthenticationTypes>Basic</con:addedBasicAuthenticationTypes><con:authType>Global HTTP Settings</con:authType></con:credentials><con:jmsConfig JMSDeliveryMode="PERSISTENT"/><con:jmsPropertyConfig/><con:wsaConfig mustUnderstand="NONE" version="200508" action="http://fidus.brussels/services/civilstatusdocumentservice/searchDocument"/><con:wsrmConfig version="1.2"/></con:call><con:call id="0cea230c-a47a-45b1-968f-49ab049fe144" name="3 -Test - External - Request" outgoingWss="Outflow Test" incomingWss="Inflow Test"><con:settings><con:setting id="com.eviware.soapui.impl.wsdl.WsdlRequest@request-headers">&lt;xml-fragment/></con:setting></con:settings><con:encoding>UTF-8</con:encoding><con:endpoint>https://esb-security-gw.sta.srv.cirb.lan:8443/services/CivilStatusDocumentService_v1.0</con:endpoint><con:request><![CDATA[<soapenv:Envelope xmlns:soapenv="http://schemas.xmlsoap.org/soap/envelope/" xmlns:v1="http://fidus.brussels/service/civilstatusdocumentservice/messages/v1" xmlns:v11="http://fidus.brussels/type/common/messages/v1" xmlns:core="http://www.fgov.be/dabs/core">
   <soapenv:Header/>
   <soapenv:Body>
      <v1:searchDocumentRequest>
         <v1:messageContext>
           <v11:messageId>${=import static java.util.UUID.randomUUID; uuid = randomUUID() as String}</v11:messageId>
            <v11:timestamp>${=new java.text.SimpleDateFormat("yyyy-MM-dd'T'HH:mm:ss.SSS").format(new Date())}</v11:timestamp>
         </v1:messageContext>
         <v1:legalContext>ServiceIntegrator</v1:legalContext>
         <v1:request>
            <v1:language>fr</v1:language>
            <v1:searchDocument>
               <core:documentSearch>
                  <core:type>MARRIAGE_CERTIFICATE</core:type>
                  <core:state>FINAL</core:state>
                  <core:factDate>
                     <core:day>15</core:day>
                     <core:month>12</core:month>
                     <core:year>2011</core:year>
                  </core:factDate>
                  <core:personNumber>11234</core:personNumber>
                  <core:firstname>Katrien</core:firstname>
                  <core:lastname>De Bondt</core:lastname>
                  <core:birthDate>
                     <core:day>11</core:day>
                     <core:month>1</core:month>
                     <core:year>1980</core:year>
                  </core:birthDate>
                  <!--Optional:-->
                  <!--core:placeOfOrigin>?</core:placeOfOrigin-->
                  <core:searchInRrn>false</core:searchInRrn>
               </core:documentSearch>
            </v1:searchDocument>
         </v1:request>
      </v1:searchDocumentRequest>
   </soapenv:Body>
</soapenv:Envelope>]]></con:request><con:credentials><con:selectedAuthProfile>Basic</con:selectedAuthProfile><con:addedBasicAuthenticationTypes>Basic</con:addedBasicAuthenticationTypes><con:authType>Global HTTP Settings</con:authType></con:credentials><con:jmsConfig JMSDeliveryMode="PERSISTENT"/><con:jmsPropertyConfig/><con:wsaConfig mustUnderstand="NONE" version="200508" action="http://fidus.brussels/services/civilstatusdocumentservice/searchDocument"/><con:wsrmConfig version="1.2"/></con:call><con:call id="2e1fa32d-685a-4a7e-ad0a-81149e806a8a" name="3 -Test - LB - Request" outgoingWss="Outflow Test" incomingWss="Inflow Test"><con:settings><con:setting id="com.eviware.soapui.impl.wsdl.WsdlRequest@request-headers">&lt;xml-fragment/></con:setting></con:settings><con:encoding>UTF-8</con:encoding><con:endpoint>https://fidus-test.irisnetlab.be/services/CivilStatusDocumentService_v1.0</con:endpoint><con:request><![CDATA[<soapenv:Envelope xmlns:soapenv="http://schemas.xmlsoap.org/soap/envelope/" xmlns:v1="http://fidus.brussels/service/civilstatusdocumentservice/messages/v1" xmlns:v11="http://fidus.brussels/type/common/messages/v1" xmlns:core="http://www.fgov.be/dabs/core">
   <soapenv:Header/>
   <soapenv:Body>
      <v1:searchDocumentRequest>
         <v1:messageContext>
           <v11:messageId>${=import static java.util.UUID.randomUUID; uuid = randomUUID() as String}</v11:messageId>
            <v11:timestamp>${=new java.text.SimpleDateFormat("yyyy-MM-dd'T'HH:mm:ss.SSS").format(new Date())}</v11:timestamp>
         </v1:messageContext>
         <v1:legalContext>ServiceIntegrator</v1:legalContext>
         <v1:request>
            <v1:language>fr</v1:language>
            <v1:searchDocument>
               <core:documentSearch>
                  <core:type>MARRIAGE_CERTIFICATE</core:type>
                  <core:state>FINAL</core:state>
                  <core:factDate>
                     <core:day>15</core:day>
                     <core:month>12</core:month>
                     <core:year>2011</core:year>
                  </core:factDate>
                  <core:personNumber>11234</core:personNumber>
                  <core:firstname>Katrien</core:firstname>
                  <core:lastname>De Bondt</core:lastname>
                  <core:birthDate>
                     <core:day>11</core:day>
                     <core:month>1</core:month>
                     <core:year>1980</core:year>
                  </core:birthDate>
                  <!--Optional:-->
                  <!--core:placeOfOrigin>?</core:placeOfOrigin-->
                  <core:searchInRrn>false</core:searchInRrn>
               </core:documentSearch>
            </v1:searchDocument>
         </v1:request>
      </v1:searchDocumentRequest>
   </soapenv:Body>
</soapenv:Envelope>]]></con:request><con:credentials><con:selectedAuthProfile>Basic</con:selectedAuthProfile><con:addedBasicAuthenticationTypes>Basic</con:addedBasicAuthenticationTypes><con:authType>Global HTTP Settings</con:authType></con:credentials><con:jmsConfig JMSDeliveryMode="PERSISTENT"/><con:jmsPropertyConfig/><con:wsaConfig mustUnderstand="NONE" version="200508" action="http://fidus.brussels/services/civilstatusdocumentservice/searchDocument"/><con:wsrmConfig version="1.2"/></con:call><con:call id="23011db4-6b4e-4bd1-9ffd-4df1f4553744" name="3 -Test - Worker1 - Request" outgoingWss="Outflow Test" incomingWss="Inflow Test"><con:settings><con:setting id="com.eviware.soapui.impl.wsdl.WsdlRequest@request-headers">&lt;xml-fragment/></con:setting></con:settings><con:encoding>UTF-8</con:encoding><con:endpoint>https://192.168.22.53:8443/services/CivilStatusDocumentService_v1.0</con:endpoint><con:request><![CDATA[<soapenv:Envelope xmlns:soapenv="http://schemas.xmlsoap.org/soap/envelope/" xmlns:v1="http://fidus.brussels/service/civilstatusdocumentservice/messages/v1" xmlns:v11="http://fidus.brussels/type/common/messages/v1" xmlns:core="http://www.fgov.be/dabs/core">
   <soapenv:Header/>
   <soapenv:Body>
      <v1:searchDocumentRequest>
         <v1:messageContext>
           <v11:messageId>${=import static java.util.UUID.randomUUID; uuid = randomUUID() as String}</v11:messageId>
            <v11:timestamp>${=new java.text.SimpleDateFormat("yyyy-MM-dd'T'HH:mm:ss.SSS").format(new Date())}</v11:timestamp>
         </v1:messageContext>
         <v1:legalContext>ServiceIntegrator</v1:legalContext>
         <v1:request>
            <v1:language>fr</v1:language>
            <v1:municipalityCode>d1051</v1:municipalityCode>
            <v1:searchDocument>
               <documentSearch>
                  <type>MARRIAGE_CERTIFICATE</type>
                  <state>FINAL</state>
                  <factDate>
                     <day>15</day>
                     <month>12</month>
                     <year>2011</year>
                  </factDate>
                  <personNumber>11234</personNumber>
                  <firstname>Katrien</firstname>
                  <lastname>De Bondt</lastname>
                  <birthDate>
                     <day>11</day>
                     <month>1</month>
                     <year>1980</year>
                  </birthDate>
                  <!--Optional:-->
                  <searchInRrn>false</searchInRrn>
               </documentSearch>
            </v1:searchDocument>
         </v1:request>
      </v1:searchDocumentRequest>
   </soapenv:Body>
</soapenv:Envelope>]]></con:request><con:credentials><con:selectedAuthProfile>Basic</con:selectedAuthProfile><con:addedBasicAuthenticationTypes>Basic</con:addedBasicAuthenticationTypes><con:authType>Global HTTP Settings</con:authType></con:credentials><con:jmsConfig JMSDeliveryMode="PERSISTENT"/><con:jmsPropertyConfig/><con:wsaConfig mustUnderstand="NONE" version="200508" action="http://fidus.brussels/services/civilstatusdocumentservice/searchDocument"/><con:wsrmConfig version="1.2"/></con:call><con:call id="575fc8d9-47f9-4a86-8ab3-2a814b82258d" name="3 -Test - Worker2 - Request" outgoingWss="Outflow Test" incomingWss="Inflow Test"><con:settings><con:setting id="com.eviware.soapui.impl.wsdl.WsdlRequest@request-headers">&lt;xml-fragment/></con:setting></con:settings><con:encoding>UTF-8</con:encoding><con:endpoint>https://192.168.22.54:8443/services/CivilStatusDocumentService_v1.0</con:endpoint><con:request><![CDATA[<soapenv:Envelope xmlns:soapenv="http://schemas.xmlsoap.org/soap/envelope/" xmlns:v1="http://fidus.brussels/service/civilstatusdocumentservice/messages/v1" xmlns:v11="http://fidus.brussels/type/common/messages/v1" xmlns:core="http://www.fgov.be/dabs/core">
   <soapenv:Header/>
   <soapenv:Body>
      <v1:searchDocumentRequest>
         <v1:messageContext>
           <v11:messageId>${=import static java.util.UUID.randomUUID; uuid = randomUUID() as String}</v11:messageId>
            <v11:timestamp>${=new java.text.SimpleDateFormat("yyyy-MM-dd'T'HH:mm:ss.SSS").format(new Date())}</v11:timestamp>
         </v1:messageContext>
         <v1:legalContext>ServiceIntegrator</v1:legalContext>
         <v1:request>
            <v1:language>fr</v1:language>
            <v1:municipalityCode>d1051</v1:municipalityCode>
            <v1:searchDocument>
               <documentSearch>
                  <type>MARRIAGE_CERTIFICATE</type>
                  <state>FINAL</state>
                  <factDate>
                     <day>15</day>
                     <month>12</month>
                     <year>2011</year>
                  </factDate>
                  <personNumber>11234</personNumber>
                  <firstname>Katrien</firstname>
                  <lastname>De Bondt</lastname>
                  <birthDate>
                     <day>11</day>
                     <month>1</month>
                     <year>1980</year>
                  </birthDate>
                  <!--Optional:-->
                  <!--placeOfOrigin>?</placeOfOrigin-->
                  <searchInRrn>false</searchInRrn>
               </documentSearch>
            </v1:searchDocument>
         </v1:request>
      </v1:searchDocumentRequest>
   </soapenv:Body>
</soapenv:Envelope>]]></con:request><con:credentials><con:selectedAuthProfile>Basic</con:selectedAuthProfile><con:addedBasicAuthenticationTypes>Basic</con:addedBasicAuthenticationTypes><con:authType>Global HTTP Settings</con:authType></con:credentials><con:jmsConfig JMSDeliveryMode="PERSISTENT"/><con:jmsPropertyConfig/><con:wsaConfig mustUnderstand="NONE" version="200508" action="http://fidus.brussels/services/civilstatusdocumentservice/searchDocument"/><con:wsrmConfig version="1.2"/></con:call><con:call id="0f78c66b-f23b-4df9-8d5e-f7a63a4c3ab0" name="4 - Staging - External - Request"><con:settings><con:setting id="com.eviware.soapui.impl.wsdl.WsdlRequest@request-headers">&lt;xml-fragment/></con:setting></con:settings><con:encoding>UTF-8</con:encoding><con:endpoint>https://fidus.irisnetlab.be/services/CivilStatusDocumentService_v1.0</con:endpoint><con:request><![CDATA[<soapenv:Envelope xmlns:soapenv="http://schemas.xmlsoap.org/soap/envelope/" xmlns:v1="http://fidus.brussels/service/civilstatusdocumentservice/messages/v1" xmlns:v11="http://fidus.brussels/type/common/messages/v1" xmlns:core="http://www.fgov.be/dabs/core">
   <soapenv:Header/>
   <soapenv:Body>
      <v1:searchDocumentRequest>
         <v1:messageContext>
           <v11:messageId>${=import static java.util.UUID.randomUUID; uuid = randomUUID() as String}</v11:messageId>
            <v11:timestamp>${=new java.text.SimpleDateFormat("yyyy-MM-dd'T'HH:mm:ss.SSS").format(new Date())}</v11:timestamp>
         </v1:messageContext>
         <v1:legalContext>ServiceIntegrator</v1:legalContext>
         <v1:request>
            <v1:language>fr</v1:language>
            <v1:municipalityCode>d1051</v1:municipalityCode>
            <v1:searchDocument>
               <documentSearch>
                  <type>MARRIAGE_CERTIFICATE</type>
                  <state>FINAL</state>
                  <factDate>
                     <day>15</day>
                     <month>12</month>
                     <year>2011</year>
                  </factDate>
                  <personNumber>11234</personNumber>
                  <firstname>Katrien</firstname>
                  <lastname>De Bondt</lastname>
                  <birthDate>
                     <day>11</day>
                     <month>1</month>
                     <year>1980</year>
                  </birthDate>
                  <!--Optional:-->
                  <!--placeOfOrigin>?</placeOfOrigin-->
                  <searchInRrn>false</searchInRrn>
               </documentSearch>
            </v1:searchDocument>
         </v1:request>
      </v1:searchDocumentRequest>
   </soapenv:Body>
</soapenv:Envelope>]]></con:request><con:credentials><con:selectedAuthProfile>Basic</con:selectedAuthProfile><con:addedBasicAuthenticationTypes>Basic</con:addedBasicAuthenticationTypes><con:authType>Global HTTP Settings</con:authType></con:credentials><con:jmsConfig JMSDeliveryMode="PERSISTENT"/><con:jmsPropertyConfig/><con:wsaConfig mustUnderstand="NONE" version="200508" action="http://fidus.brussels/services/civilstatusdocumentservice/searchDocument"/><con:wsrmConfig version="1.2"/></con:call><con:call id="fc0c5814-8fdc-4cf1-b1b2-9989bd4b3f25" name="4 - Staging - LB - Request"><con:settings><con:setting id="com.eviware.soapui.impl.wsdl.WsdlRequest@request-headers">&lt;xml-fragment/></con:setting></con:settings><con:encoding>UTF-8</con:encoding><con:endpoint>https://fidus-esb-sg.sta.srv.cirb.lan:8443/services/CivilStatusDocumentService_v1.0</con:endpoint><con:request><![CDATA[<soapenv:Envelope xmlns:soapenv="http://schemas.xmlsoap.org/soap/envelope/" xmlns:v1="http://fidus.brussels/service/civilstatusdocumentservice/messages/v1" xmlns:v11="http://fidus.brussels/type/common/messages/v1" xmlns:core="http://www.fgov.be/dabs/core">
   <soapenv:Header/>
   <soapenv:Body>
      <v1:searchDocumentRequest>
         <v1:messageContext>
           <v11:messageId>${=import static java.util.UUID.randomUUID; uuid = randomUUID() as String}</v11:messageId>
            <v11:timestamp>${=new java.text.SimpleDateFormat("yyyy-MM-dd'T'HH:mm:ss.SSS").format(new Date())}</v11:timestamp>
         </v1:messageContext>
         <v1:legalContext>ServiceIntegrator</v1:legalContext>
         <v1:request>
            <v1:language>fr</v1:language>
            <v1:municipalityCode>d1051</v1:municipalityCode>
            <v1:searchDocument>
               <documentSearch>
                  <type>MARRIAGE_CERTIFICATE</type>
                  <state>FINAL</state>
                  <factDate>
                     <day>15</day>
                     <month>12</month>
                     <year>2011</year>
                  </factDate>
                  <personNumber>11234</personNumber>
                  <firstname>Katrien</firstname>
                  <lastname>De Bondt</lastname>
                  <birthDate>
                     <day>11</day>
                     <month>1</month>
                     <year>1980</year>
                  </birthDate>
                  <!--Optional:-->
                  <!--placeOfOrigin>?</placeOfOrigin-->
                  <searchInRrn>false</searchInRrn>
               </documentSearch>
            </v1:searchDocument>
         </v1:request>
      </v1:searchDocumentRequest>
   </soapenv:Body>
</soapenv:Envelope>]]></con:request><con:credentials><con:selectedAuthProfile>Basic</con:selectedAuthProfile><con:addedBasicAuthenticationTypes>Basic</con:addedBasicAuthenticationTypes><con:authType>Global HTTP Settings</con:authType></con:credentials><con:jmsConfig JMSDeliveryMode="PERSISTENT"/><con:jmsPropertyConfig/><con:wsaConfig mustUnderstand="NONE" version="200508" action="http://fidus.brussels/services/civilstatusdocumentservice/searchDocument"/><con:wsrmConfig version="1.2"/></con:call><con:call id="e1ace57e-b35e-4434-b3fe-f12bf2d5dca1" name="4 - Staging - Worker1 - Request" outgoingWss="Outflow Staging" incomingWss="inflow staging"><con:settings><con:setting id="com.eviware.soapui.impl.wsdl.WsdlRequest@request-headers">&lt;xml-fragment/></con:setting></con:settings><con:encoding>UTF-8</con:encoding><con:endpoint>https://192.168.24.16:8443/services/CivilStatusDocumentService_v1.0</con:endpoint><con:request><![CDATA[<soapenv:Envelope xmlns:soapenv="http://schemas.xmlsoap.org/soap/envelope/" xmlns:v1="http://fidus.brussels/service/civilstatusdocumentservice/messages/v1" xmlns:v11="http://fidus.brussels/type/common/messages/v1" xmlns:core="http://www.fgov.be/dabs/core">
   <soapenv:Header/>
   <soapenv:Body>
      <v1:searchDocumentRequest>
         <v1:messageContext>
           <v11:messageId>${=import static java.util.UUID.randomUUID; uuid = randomUUID() as String}</v11:messageId>
            <v11:timestamp>${=new java.text.SimpleDateFormat("yyyy-MM-dd'T'HH:mm:ss.SSS").format(new Date())}</v11:timestamp>
         </v1:messageContext>
         <v1:legalContext>ServiceIntegrator</v1:legalContext>
         <v1:request>
            <v1:language>fr</v1:language>
            <v1:municipalityCode>d1051</v1:municipalityCode>
            <v1:searchDocument>
               <documentSearch>
                  <type>MARRIAGE_CERTIFICATE</type>
                  <state>FINAL</state>
                  <factDate>
                     <day>15</day>
                     <month>12</month>
                     <year>2011</year>
                  </factDate>
                  <personNumber>11234</personNumber>
                  <firstname>Katrien</firstname>
                  <lastname>De Bondt</lastname>
                  <birthDate>
                     <day>11</day>
                     <month>1</month>
                     <year>1980</year>
                  </birthDate>
                  <!--Optional:-->
                  <!--placeOfOrigin>?</placeOfOrigin-->
                  <searchInRrn>false</searchInRrn>
               </documentSearch>
            </v1:searchDocument>
         </v1:request>
      </v1:searchDocumentRequest>
   </soapenv:Body>
</soapenv:Envelope>]]></con:request><con:credentials><con:selectedAuthProfile>Basic</con:selectedAuthProfile><con:addedBasicAuthenticationTypes>Basic</con:addedBasicAuthenticationTypes><con:authType>Global HTTP Settings</con:authType></con:credentials><con:jmsConfig JMSDeliveryMode="PERSISTENT"/><con:jmsPropertyConfig/><con:wsaConfig mustUnderstand="NONE" version="200508" action="http://fidus.brussels/services/civilstatusdocumentservice/searchDocument"/><con:wsrmConfig version="1.2"/></con:call><con:call id="201399de-5ce5-4270-a4be-1df89621b649" name="4 - Staging - Worker2 - Request" outgoingWss="Outflow Staging" incomingWss="inflow staging"><con:settings><con:setting id="com.eviware.soapui.impl.wsdl.WsdlRequest@request-headers">&lt;xml-fragment/></con:setting></con:settings><con:encoding>UTF-8</con:encoding><con:endpoint>https://192.168.24.17:8443/services/CivilStatusDocumentService_v1.0</con:endpoint><con:request><![CDATA[<soapenv:Envelope xmlns:soapenv="http://schemas.xmlsoap.org/soap/envelope/" xmlns:v1="http://fidus.brussels/service/civilstatusdocumentservice/messages/v1" xmlns:v11="http://fidus.brussels/type/common/messages/v1" xmlns:core="http://www.fgov.be/dabs/core">
   <soapenv:Header/>
   <soapenv:Body>
      <v1:searchDocumentRequest>
         <v1:messageContext>
           <v11:messageId>${=import static java.util.UUID.randomUUID; uuid = randomUUID() as String}</v11:messageId>
            <v11:timestamp>${=new java.text.SimpleDateFormat("yyyy-MM-dd'T'HH:mm:ss.SSS").format(new Date())}</v11:timestamp>
         </v1:messageContext>
         <v1:legalContext>ServiceIntegrator</v1:legalContext>
         <v1:request>
            <v1:language>fr</v1:language>
            <v1:municipalityCode>d1051</v1:municipalityCode>
            <v1:searchDocument>
               <documentSearch>
                  <type>MARRIAGE_CERTIFICATE</type>
                  <state>FINAL</state>
                  <factDate>
                     <day>15</day>
                     <month>12</month>
                     <year>2011</year>
                  </factDate>
                  <personNumber>11234</personNumber>
                  <firstname>Katrien</firstname>
                  <lastname>De Bondt</lastname>
                  <birthDate>
                     <day>11</day>
                     <month>1</month>
                     <year>1980</year>
                  </birthDate>
                  <!--Optional:-->
                  <!--placeOfOrigin>?</placeOfOrigin-->
                  <searchInRrn>false</searchInRrn>
               </documentSearch>
            </v1:searchDocument>
         </v1:request>
      </v1:searchDocumentRequest>
   </soapenv:Body>
</soapenv:Envelope>]]></con:request><con:credentials><con:selectedAuthProfile>Basic</con:selectedAuthProfile><con:addedBasicAuthenticationTypes>Basic</con:addedBasicAuthenticationTypes><con:authType>Global HTTP Settings</con:authType></con:credentials><con:jmsConfig JMSDeliveryMode="PERSISTENT"/><con:jmsPropertyConfig/><con:wsaConfig mustUnderstand="NONE" version="200508" action="http://fidus.brussels/services/civilstatusdocumentservice/searchDocument"/><con:wsrmConfig version="1.2"/></con:call></con:operation><con:operation id="7af5da1b-d9fa-4cf7-997a-6dffce3c8a60" isOneWay="false" action="http://fidus.brussels/services/civilstatusdocumentservice/validateDocument" name="validateDocument" bindingOperationName="validateDocument" type="Request-Response" inputName="" receivesAttachments="false" sendsAttachments="false" anonymous="optional"><con:settings/><con:call id="3f56500f-f72e-4333-8b0f-1ea6c0bfc477" name="1 - Local - Request" outgoingWss="Outflow DEV" incomingWss="Inflow DEV"><con:settings><con:setting id="com.eviware.soapui.impl.wsdl.WsdlRequest@request-headers">&lt;xml-fragment/></con:setting></con:settings><con:encoding>UTF-8</con:encoding><con:endpoint>https://192.168.22.53:8443/services/CivilStatusDocumentService_v1.0</con:endpoint><con:request><![CDATA[<soapenv:Envelope xmlns:soapenv="http://schemas.xmlsoap.org/soap/envelope/" xmlns:v1="http://fidus.brussels/service/civilstatusdocumentservice/messages/v1" xmlns:v11="http://fidus.brussels/type/common/messages/v1" xmlns:core="http://www.fgov.be/dabs/core">
   <soapenv:Header/>
   <soapenv:Body>
      <v1:validateDocumentRequest>
         <v1:messageContext>
            <v11:messageId>${=import static java.util.UUID.randomUUID; uuid = randomUUID() as String}</v11:messageId>
            <v11:timestamp>${=new java.text.SimpleDateFormat("yyyy-MM-dd'T'HH:mm:ss.SSS").format(new Date())}</v11:timestamp>
         </v1:messageContext>
         <v1:legalContext>ServiceIntegrator</v1:legalContext>
         <v1:request>
            <v1:language>fr</v1:language>
             <v1:municipalityCode>d1051</v1:municipalityCode>
            <v1:validateDocument>
               <document xsi:type="core:marriageCertificate" xmlns:xsi="http://www.w3.org/2001/XMLSchema-instance">
                  <attachments/>
                  <certificateOriginType>FOREIGN_CERTIFICATE</certificateOriginType>
                  <factDate>
                     <day>26</day>
                     <month>12</month>
                     <year>2011</year>
                  </factDate>
                  <establishingDate>2018-07-17</establishingDate>
                  <redactionPlace>
                     <municipalityCode>12007</municipalityCode>
                     <countryCode>150</countryCode>
                     <countryFreeText>test</countryFreeText>
                  </redactionPlace>
                  <origin>DABS</origin>
                  <persons>
                     <person>
                        <origin>RR</origin>
                        <nobilityFree/>
                        <birthPlace>
                           <municipalityCode>12010</municipalityCode>
                           <countryCode>150</countryCode>
                           <countryFreeText>test</countryFreeText>
                        </birthPlace>
                        <birthDate>
                           <day>11</day>
                           <month>1</month>
                           <year>1980</year>
                        </birthDate>
                        <firstname>Katrien</firstname>
                        <lastname>De Bondt</lastname>
                        <roles>
                           <role>SPOUSE_2</role>
                        </roles>
                        <personNumber>11234</personNumber>
                     </person>
                     <person>
                        <origin>RR</origin>
                        <nobilityFree/>
                        <birthPlace>
                           <municipalityFreeText>Budel</municipalityFreeText>
                           <countryCode>129</countryCode>
                           <countryFreeText>test</countryFreeText>
                        </birthPlace>
                        <birthDate>
                           <day>5</day>
                           <month>7</month>
                           <year>1979</year>
                        </birthDate>
                        <firstname>Bram Tonny Gerda</firstname>
                        <lastname>Van Huffel</lastname>
                        <roles>
                           <role>SPOUSE_1</role>
                        </roles>
                        <personNumber>1125000</personNumber>
                     </person>
                     <person>
                        <origin>RR</origin>
                        <birthPlace>
                           <municipalityCode>12007</municipalityCode>
                           <countryCode>150</countryCode>
                           <countryFreeText>test</countryFreeText>
                        </birthPlace>
                        <birthDate>
                           <day>1</day>
                           <month>4</month>
                           <year>1986</year>
                        </birthDate>
                        <firstname>Mounir</firstname>
                        <lastname>Ouchan</lastname>
                        <roles>
                           <role>ABS</role>
                        </roles>
                        <personNumber>86040128370</personNumber>
                     </person>
                  </persons>
                  <oldDocumentReference>2018/33</oldDocumentReference>
                  <docState>FINAL</docState>
               </document>
            </v1:validateDocument>
         </v1:request>
      </v1:validateDocumentRequest>
   </soapenv:Body>
</soapenv:Envelope>]]></con:request><con:credentials><con:selectedAuthProfile>Basic</con:selectedAuthProfile><con:addedBasicAuthenticationTypes>Basic</con:addedBasicAuthenticationTypes><con:authType>Global HTTP Settings</con:authType></con:credentials><con:jmsConfig JMSDeliveryMode="PERSISTENT"/><con:jmsPropertyConfig/><con:wsaConfig mustUnderstand="NONE" version="200508" action="http://fidus.brussels/services/civilstatusdocumentservice/validateDocument"/><con:wsrmConfig version="1.2"/></con:call><con:call id="f60d22f2-6bc2-4e45-ba10-229f047dbe58" name="2 - Dev - Request" outgoingWss="Outflow DEV" incomingWss="Inflow DEV"><con:settings><con:setting id="com.eviware.soapui.impl.wsdl.WsdlRequest@request-headers">&lt;xml-fragment/></con:setting></con:settings><con:encoding>UTF-8</con:encoding><con:endpoint>https://192.168.22.53:8443/services/CivilStatusDocumentService_v1.0</con:endpoint><con:request><![CDATA[<soapenv:Envelope xmlns:soapenv="http://schemas.xmlsoap.org/soap/envelope/" xmlns:v1="http://fidus.brussels/service/civilstatusdocumentservice/messages/v1" xmlns:v11="http://fidus.brussels/type/common/messages/v1" xmlns:core="http://www.fgov.be/dabs/core">
   <soapenv:Header/>
   <soapenv:Body>
      <v1:validateDocumentRequest>
         <v1:messageContext>
            <v11:messageId>${=import static java.util.UUID.randomUUID; uuid = randomUUID() as String}</v11:messageId>
            <v11:timestamp>${=new java.text.SimpleDateFormat("yyyy-MM-dd'T'HH:mm:ss.SSS").format(new Date())}</v11:timestamp>
         </v1:messageContext>
         <v1:legalContext>ServiceIntegrator</v1:legalContext>
         <v1:request>
            <v1:language>fr</v1:language>
             <v1:municipalityCode>d1051</v1:municipalityCode>
            <v1:validateDocument>
               <document xsi:type="core:marriageCertificate" xmlns:xsi="http://www.w3.org/2001/XMLSchema-instance">
                  <attachments/>
                  <certificateOriginType>FOREIGN_CERTIFICATE</certificateOriginType>
                  <factDate>
                     <day>26</day>
                     <month>12</month>
                     <year>2011</year>
                  </factDate>
                  <establishingDate>2018-07-17</establishingDate>
                  <redactionPlace>
                     <municipalityCode>12007</municipalityCode>
                     <countryCode>150</countryCode>
                     <countryFreeText>test</countryFreeText>
                  </redactionPlace>
                  <origin>DABS</origin>
                  <persons>
                     <person>
                        <origin>RR</origin>
                        <nobilityFree/>
                        <birthPlace>
                           <municipalityCode>12010</municipalityCode>
                           <countryCode>150</countryCode>
                           <countryFreeText>test</countryFreeText>
                        </birthPlace>
                        <birthDate>
                           <day>11</day>
                           <month>1</month>
                           <year>1980</year>
                        </birthDate>
                        <firstname>Katrien</firstname>
                        <lastname>De Bondt</lastname>
                        <roles>
                           <role>SPOUSE_2</role>
                        </roles>
                        <personNumber>11234</personNumber>
                     </person>
                     <person>
                        <origin>RR</origin>
                        <nobilityFree/>
                        <birthPlace>
                           <municipalityFreeText>Budel</municipalityFreeText>
                           <countryCode>129</countryCode>
                           <countryFreeText>test</countryFreeText>
                        </birthPlace>
                        <birthDate>
                           <day>5</day>
                           <month>7</month>
                           <year>1979</year>
                        </birthDate>
                        <firstname>Bram Tonny Gerda</firstname>
                        <lastname>Van Huffel</lastname>
                        <roles>
                           <role>SPOUSE_1</role>
                        </roles>
                        <personNumber>1125000</personNumber>
                     </person>
                     <person>
                        <origin>RR</origin>
                        <birthPlace>
                           <municipalityCode>12007</municipalityCode>
                           <countryCode>150</countryCode>
                           <countryFreeText>test</countryFreeText>
                        </birthPlace>
                        <birthDate>
                           <day>1</day>
                           <month>4</month>
                           <year>1986</year>
                        </birthDate>
                        <firstname>Mounir</firstname>
                        <lastname>Ouchan</lastname>
                        <roles>
                           <role>ABS</role>
                        </roles>
                        <personNumber>86040128370</personNumber>
                     </person>
                  </persons>
                  <oldDocumentReference>2018/33</oldDocumentReference>
                  <docState>FINAL</docState>
               </document>
            </v1:validateDocument>
         </v1:request>
      </v1:validateDocumentRequest>
   </soapenv:Body>
</soapenv:Envelope>]]></con:request><con:credentials><con:selectedAuthProfile>Basic</con:selectedAuthProfile><con:addedBasicAuthenticationTypes>Basic</con:addedBasicAuthenticationTypes><con:authType>Global HTTP Settings</con:authType></con:credentials><con:jmsConfig JMSDeliveryMode="PERSISTENT"/><con:jmsPropertyConfig/><con:wsaConfig mustUnderstand="NONE" version="200508" action="http://fidus.brussels/services/civilstatusdocumentservice/validateDocument"/><con:wsrmConfig version="1.2"/></con:call><con:call id="08b51b12-498a-404c-9625-d4b47db32ea1" name="3 -Test - External - Request" outgoingWss="Outflow Test" incomingWss="Inflow Test"><con:settings><con:setting id="com.eviware.soapui.impl.wsdl.WsdlRequest@request-headers">&lt;xml-fragment/></con:setting></con:settings><con:encoding>UTF-8</con:encoding><con:endpoint>https://192.168.22.53:8443/services/CivilStatusDocumentService_v1.0</con:endpoint><con:request><![CDATA[<soapenv:Envelope xmlns:soapenv="http://schemas.xmlsoap.org/soap/envelope/" xmlns:v1="http://fidus.brussels/service/civilstatusdocumentservice/messages/v1" xmlns:v11="http://fidus.brussels/type/common/messages/v1" xmlns:core="http://www.fgov.be/dabs/core">
   <soapenv:Header/>
   <soapenv:Body>
      <v1:validateDocumentRequest>
         <v1:messageContext>
            <v11:messageId>${=import static java.util.UUID.randomUUID; uuid = randomUUID() as String}</v11:messageId>
            <v11:timestamp>${=new java.text.SimpleDateFormat("yyyy-MM-dd'T'HH:mm:ss.SSS").format(new Date())}</v11:timestamp>
         </v1:messageContext>
         <v1:legalContext>ServiceIntegrator</v1:legalContext>
         <v1:request>
            <v1:language>fr</v1:language>
             <v1:municipalityCode>d1051</v1:municipalityCode>
            <v1:validateDocument>
               <document xsi:type="core:marriageCertificate" xmlns:xsi="http://www.w3.org/2001/XMLSchema-instance">
                  <attachments/>
                  <certificateOriginType>FOREIGN_CERTIFICATE</certificateOriginType>
                  <factDate>
                     <day>26</day>
                     <month>12</month>
                     <year>2011</year>
                  </factDate>
                  <establishingDate>2018-07-17</establishingDate>
                  <redactionPlace>
                     <municipalityCode>12007</municipalityCode>
                     <countryCode>150</countryCode>
                     <countryFreeText>test</countryFreeText>
                  </redactionPlace>
                  <origin>DABS</origin>
                  <persons>
                     <person>
                        <origin>RR</origin>
                        <nobilityFree/>
                        <birthPlace>
                           <municipalityCode>12010</municipalityCode>
                           <countryCode>150</countryCode>
                           <countryFreeText>test</countryFreeText>
                        </birthPlace>
                        <birthDate>
                           <day>11</day>
                           <month>1</month>
                           <year>1980</year>
                        </birthDate>
                        <firstname>Katrien</firstname>
                        <lastname>De Bondt</lastname>
                        <roles>
                           <role>SPOUSE_2</role>
                        </roles>
                        <personNumber>11234</personNumber>
                     </person>
                     <person>
                        <origin>RR</origin>
                        <nobilityFree/>
                        <birthPlace>
                           <municipalityFreeText>Budel</municipalityFreeText>
                           <countryCode>129</countryCode>
                           <countryFreeText>test</countryFreeText>
                        </birthPlace>
                        <birthDate>
                           <day>5</day>
                           <month>7</month>
                           <year>1979</year>
                        </birthDate>
                        <firstname>Bram Tonny Gerda</firstname>
                        <lastname>Van Huffel</lastname>
                        <roles>
                           <role>SPOUSE_1</role>
                        </roles>
                        <personNumber>1125000</personNumber>
                     </person>
                     <person>
                        <origin>RR</origin>
                        <birthPlace>
                           <municipalityCode>12007</municipalityCode>
                           <countryCode>150</countryCode>
                           <countryFreeText>test</countryFreeText>
                        </birthPlace>
                        <birthDate>
                           <day>1</day>
                           <month>4</month>
                           <year>1986</year>
                        </birthDate>
                        <firstname>Mounir</firstname>
                        <lastname>Ouchan</lastname>
                        <roles>
                           <role>ABS</role>
                        </roles>
                        <personNumber>86040128370</personNumber>
                     </person>
                  </persons>
                  <oldDocumentReference>2018/33</oldDocumentReference>
                  <docState>FINAL</docState>
               </document>
            </v1:validateDocument>
         </v1:request>
      </v1:validateDocumentRequest>
   </soapenv:Body>
</soapenv:Envelope>]]></con:request><con:credentials><con:selectedAuthProfile>Basic</con:selectedAuthProfile><con:addedBasicAuthenticationTypes>Basic</con:addedBasicAuthenticationTypes><con:authType>Global HTTP Settings</con:authType></con:credentials><con:jmsConfig JMSDeliveryMode="PERSISTENT"/><con:jmsPropertyConfig/><con:wsaConfig mustUnderstand="NONE" version="200508" action="http://fidus.brussels/services/civilstatusdocumentservice/validateDocument"/><con:wsrmConfig version="1.2"/></con:call><con:call id="031244c4-a337-4a49-a364-c14182f0d8b8" name="3 -Test - LB - Request" outgoingWss="Outflow Test" incomingWss="Inflow Test"><con:settings><con:setting id="com.eviware.soapui.impl.wsdl.WsdlRequest@request-headers">&lt;xml-fragment/></con:setting></con:settings><con:encoding>UTF-8</con:encoding><con:endpoint>https://192.168.22.53:8443/services/CivilStatusDocumentService_v1.0</con:endpoint><con:request><![CDATA[<soapenv:Envelope xmlns:soapenv="http://schemas.xmlsoap.org/soap/envelope/" xmlns:v1="http://fidus.brussels/service/civilstatusdocumentservice/messages/v1" xmlns:v11="http://fidus.brussels/type/common/messages/v1" xmlns:core="http://www.fgov.be/dabs/core">
   <soapenv:Header/>
   <soapenv:Body>
      <v1:validateDocumentRequest>
         <v1:messageContext>
            <v11:messageId>${=import static java.util.UUID.randomUUID; uuid = randomUUID() as String}</v11:messageId>
            <v11:timestamp>${=new java.text.SimpleDateFormat("yyyy-MM-dd'T'HH:mm:ss.SSS").format(new Date())}</v11:timestamp>
         </v1:messageContext>
         <v1:legalContext>ServiceIntegrator</v1:legalContext>
         <v1:request>
            <v1:language>fr</v1:language>
             <v1:municipalityCode>d1051</v1:municipalityCode>
            <v1:validateDocument>
               <document xsi:type="core:marriageCertificate" xmlns:xsi="http://www.w3.org/2001/XMLSchema-instance">
                  <attachments/>
                  <certificateOriginType>FOREIGN_CERTIFICATE</certificateOriginType>
                  <factDate>
                     <day>26</day>
                     <month>12</month>
                     <year>2011</year>
                  </factDate>
                  <establishingDate>2018-07-17</establishingDate>
                  <redactionPlace>
                     <municipalityCode>12007</municipalityCode>
                     <countryCode>150</countryCode>
                     <countryFreeText>test</countryFreeText>
                  </redactionPlace>
                  <origin>DABS</origin>
                  <persons>
                     <person>
                        <origin>RR</origin>
                        <nobilityFree/>
                        <birthPlace>
                           <municipalityCode>12010</municipalityCode>
                           <countryCode>150</countryCode>
                           <countryFreeText>test</countryFreeText>
                        </birthPlace>
                        <birthDate>
                           <day>11</day>
                           <month>1</month>
                           <year>1980</year>
                        </birthDate>
                        <firstname>Katrien</firstname>
                        <lastname>De Bondt</lastname>
                        <roles>
                           <role>SPOUSE_2</role>
                        </roles>
                        <personNumber>11234</personNumber>
                     </person>
                     <person>
                        <origin>RR</origin>
                        <nobilityFree/>
                        <birthPlace>
                           <municipalityFreeText>Budel</municipalityFreeText>
                           <countryCode>129</countryCode>
                           <countryFreeText>test</countryFreeText>
                        </birthPlace>
                        <birthDate>
                           <day>5</day>
                           <month>7</month>
                           <year>1979</year>
                        </birthDate>
                        <firstname>Bram Tonny Gerda</firstname>
                        <lastname>Van Huffel</lastname>
                        <roles>
                           <role>SPOUSE_1</role>
                        </roles>
                        <personNumber>1125000</personNumber>
                     </person>
                     <person>
                        <origin>RR</origin>
                        <birthPlace>
                           <municipalityCode>12007</municipalityCode>
                           <countryCode>150</countryCode>
                           <countryFreeText>test</countryFreeText>
                        </birthPlace>
                        <birthDate>
                           <day>1</day>
                           <month>4</month>
                           <year>1986</year>
                        </birthDate>
                        <firstname>Mounir</firstname>
                        <lastname>Ouchan</lastname>
                        <roles>
                           <role>ABS</role>
                        </roles>
                        <personNumber>86040128370</personNumber>
                     </person>
                  </persons>
                  <oldDocumentReference>2018/33</oldDocumentReference>
                  <docState>FINAL</docState>
               </document>
            </v1:validateDocument>
         </v1:request>
      </v1:validateDocumentRequest>
   </soapenv:Body>
</soapenv:Envelope>]]></con:request><con:credentials><con:selectedAuthProfile>Basic</con:selectedAuthProfile><con:addedBasicAuthenticationTypes>Basic</con:addedBasicAuthenticationTypes><con:authType>Global HTTP Settings</con:authType></con:credentials><con:jmsConfig JMSDeliveryMode="PERSISTENT"/><con:jmsPropertyConfig/><con:wsaConfig mustUnderstand="NONE" version="200508" action="http://fidus.brussels/services/civilstatusdocumentservice/validateDocument"/><con:wsrmConfig version="1.2"/></con:call><con:call id="80d843d9-3f96-455d-a0a6-d00b697b0ec6" name="3 -Test - Worker1 - Request" outgoingWss="Outflow Test" incomingWss="Inflow Test"><con:settings><con:setting id="com.eviware.soapui.impl.wsdl.WsdlRequest@request-headers">&lt;xml-fragment/></con:setting></con:settings><con:encoding>UTF-8</con:encoding><con:endpoint>https://192.168.22.53:8443/services/CivilStatusDocumentService_v1.0</con:endpoint><con:request><![CDATA[<soapenv:Envelope xmlns:soapenv="http://schemas.xmlsoap.org/soap/envelope/" xmlns:v1="http://fidus.brussels/service/civilstatusdocumentservice/messages/v1" xmlns:v11="http://fidus.brussels/type/common/messages/v1" xmlns:core="http://www.fgov.be/dabs/core">
   <soapenv:Header/>
   <soapenv:Body>
      <v1:validateDocumentRequest>
         <v1:messageContext>
            <v11:messageId>${=import static java.util.UUID.randomUUID; uuid = randomUUID() as String}</v11:messageId>
            <v11:timestamp>${=new java.text.SimpleDateFormat("yyyy-MM-dd'T'HH:mm:ss.SSS").format(new Date())}</v11:timestamp>
         </v1:messageContext>
         <v1:legalContext>ServiceIntegrator</v1:legalContext>
         <v1:request>
            <v1:language>fr</v1:language>
             <v1:municipalityCode>d1051</v1:municipalityCode>
            <v1:validateDocument>
               <document xsi:type="core:marriageCertificate" xmlns:xsi="http://www.w3.org/2001/XMLSchema-instance">
                  <attachments/>
                  <certificateOriginType>FOREIGN_CERTIFICATE</certificateOriginType>
                  <factDate>
                     <day>26</day>
                     <month>12</month>
                     <year>2011</year>
                  </factDate>
                  <establishingDate>2018-07-17</establishingDate>
                  <redactionPlace>
                     <municipalityCode>12007</municipalityCode>
                     <countryCode>150</countryCode>
                     <countryFreeText>test</countryFreeText>
                  </redactionPlace>
                  <origin>DABS</origin>
                  <persons>
                     <person>
                        <origin>RR</origin>
                        <nobilityFree/>
                        <birthPlace>
                           <municipalityCode>12010</municipalityCode>
                           <countryCode>150</countryCode>
                           <countryFreeText>test</countryFreeText>
                        </birthPlace>
                        <birthDate>
                           <day>11</day>
                           <month>1</month>
                           <year>1980</year>
                        </birthDate>
                        <firstname>Katrien</firstname>
                        <lastname>De Bondt</lastname>
                        <roles>
                           <role>SPOUSE_2</role>
                        </roles>
                        <personNumber>11234</personNumber>
                     </person>
                     <person>
                        <origin>RR</origin>
                        <nobilityFree/>
                        <birthPlace>
                           <municipalityFreeText>Budel</municipalityFreeText>
                           <countryCode>129</countryCode>
                           <countryFreeText>test</countryFreeText>
                        </birthPlace>
                        <birthDate>
                           <day>5</day>
                           <month>7</month>
                           <year>1979</year>
                        </birthDate>
                        <firstname>Bram Tonny Gerda</firstname>
                        <lastname>Van Huffel</lastname>
                        <roles>
                           <role>SPOUSE_1</role>
                        </roles>
                        <personNumber>1125000</personNumber>
                     </person>
                     <person>
                        <origin>RR</origin>
                        <birthPlace>
                           <municipalityCode>12007</municipalityCode>
                           <countryCode>150</countryCode>
                           <countryFreeText>test</countryFreeText>
                        </birthPlace>
                        <birthDate>
                           <day>1</day>
                           <month>4</month>
                           <year>1986</year>
                        </birthDate>
                        <firstname>Mounir</firstname>
                        <lastname>Ouchan</lastname>
                        <roles>
                           <role>ABS</role>
                        </roles>
                        <personNumber>86040128370</personNumber>
                     </person>
                  </persons>
                  <oldDocumentReference>2018/33</oldDocumentReference>
                  <docState>FINAL</docState>
               </document>
            </v1:validateDocument>
         </v1:request>
      </v1:validateDocumentRequest>
   </soapenv:Body>
</soapenv:Envelope>]]></con:request><con:credentials><con:selectedAuthProfile>Basic</con:selectedAuthProfile><con:addedBasicAuthenticationTypes>Basic</con:addedBasicAuthenticationTypes><con:authType>Global HTTP Settings</con:authType></con:credentials><con:jmsConfig JMSDeliveryMode="PERSISTENT"/><con:jmsPropertyConfig/><con:wsaConfig mustUnderstand="NONE" version="200508" action="http://fidus.brussels/services/civilstatusdocumentservice/validateDocument"/><con:wsrmConfig version="1.2"/></con:call><con:call id="4f73d36e-ff60-4a4c-b3bb-56cc24bb2eee" name="3 -Test - Worker2 - Request" outgoingWss="Outflow Test" incomingWss="Inflow Test"><con:settings><con:setting id="com.eviware.soapui.impl.wsdl.WsdlRequest@request-headers">&lt;xml-fragment/></con:setting></con:settings><con:encoding>UTF-8</con:encoding><con:endpoint>https://192.168.22.53:8443/services/CivilStatusDocumentService_v1.0</con:endpoint><con:request><![CDATA[<soapenv:Envelope xmlns:soapenv="http://schemas.xmlsoap.org/soap/envelope/" xmlns:v1="http://fidus.brussels/service/civilstatusdocumentservice/messages/v1" xmlns:v11="http://fidus.brussels/type/common/messages/v1" xmlns:core="http://www.fgov.be/dabs/core">
   <soapenv:Header/>
   <soapenv:Body>
      <v1:validateDocumentRequest>
         <v1:messageContext>
            <v11:messageId>${=import static java.util.UUID.randomUUID; uuid = randomUUID() as String}</v11:messageId>
            <v11:timestamp>${=new java.text.SimpleDateFormat("yyyy-MM-dd'T'HH:mm:ss.SSS").format(new Date())}</v11:timestamp>
         </v1:messageContext>
         <v1:legalContext>ServiceIntegrator</v1:legalContext>
         <v1:request>
            <v1:language>fr</v1:language>
             <v1:municipalityCode>d1051</v1:municipalityCode>
            <v1:validateDocument>
               <document xsi:type="core:marriageCertificate" xmlns:xsi="http://www.w3.org/2001/XMLSchema-instance">
                  <attachments/>
                  <certificateOriginType>FOREIGN_CERTIFICATE</certificateOriginType>
                  <factDate>
                     <day>26</day>
                     <month>12</month>
                     <year>2011</year>
                  </factDate>
                  <establishingDate>2018-07-17</establishingDate>
                  <redactionPlace>
                     <municipalityCode>12007</municipalityCode>
                     <countryCode>150</countryCode>
                     <countryFreeText>test</countryFreeText>
                  </redactionPlace>
                  <origin>DABS</origin>
                  <persons>
                     <person>
                        <origin>RR</origin>
                        <nobilityFree/>
                        <birthPlace>
                           <municipalityCode>12010</municipalityCode>
                           <countryCode>150</countryCode>
                           <countryFreeText>test</countryFreeText>
                        </birthPlace>
                        <birthDate>
                           <day>11</day>
                           <month>1</month>
                           <year>1980</year>
                        </birthDate>
                        <firstname>Katrien</firstname>
                        <lastname>De Bondt</lastname>
                        <roles>
                           <role>SPOUSE_2</role>
                        </roles>
                        <personNumber>11234</personNumber>
                     </person>
                     <person>
                        <origin>RR</origin>
                        <nobilityFree/>
                        <birthPlace>
                           <municipalityFreeText>Budel</municipalityFreeText>
                           <countryCode>129</countryCode>
                           <countryFreeText>test</countryFreeText>
                        </birthPlace>
                        <birthDate>
                           <day>5</day>
                           <month>7</month>
                           <year>1979</year>
                        </birthDate>
                        <firstname>Bram Tonny Gerda</firstname>
                        <lastname>Van Huffel</lastname>
                        <roles>
                           <role>SPOUSE_1</role>
                        </roles>
                        <personNumber>1125000</personNumber>
                     </person>
                     <person>
                        <origin>RR</origin>
                        <birthPlace>
                           <municipalityCode>12007</municipalityCode>
                           <countryCode>150</countryCode>
                           <countryFreeText>test</countryFreeText>
                        </birthPlace>
                        <birthDate>
                           <day>1</day>
                           <month>4</month>
                           <year>1986</year>
                        </birthDate>
                        <firstname>Mounir</firstname>
                        <lastname>Ouchan</lastname>
                        <roles>
                           <role>ABS</role>
                        </roles>
                        <personNumber>86040128370</personNumber>
                     </person>
                  </persons>
                  <oldDocumentReference>2018/33</oldDocumentReference>
                  <docState>FINAL</docState>
               </document>
            </v1:validateDocument>
         </v1:request>
      </v1:validateDocumentRequest>
   </soapenv:Body>
</soapenv:Envelope>]]></con:request><con:credentials><con:selectedAuthProfile>Basic</con:selectedAuthProfile><con:addedBasicAuthenticationTypes>Basic</con:addedBasicAuthenticationTypes><con:authType>Global HTTP Settings</con:authType></con:credentials><con:jmsConfig JMSDeliveryMode="PERSISTENT"/><con:jmsPropertyConfig/><con:wsaConfig mustUnderstand="NONE" version="200508" action="http://fidus.brussels/services/civilstatusdocumentservice/validateDocument"/><con:wsrmConfig version="1.2"/></con:call><con:call id="4a4da65a-eece-4027-873d-fe31a25fac24" name="4 - Staging - External - Request" outgoingWss="Outflow Staging" incomingWss="inflow staging"><con:settings><con:setting id="com.eviware.soapui.impl.wsdl.WsdlRequest@request-headers">&lt;xml-fragment/></con:setting></con:settings><con:encoding>UTF-8</con:encoding><con:endpoint>https://fidus.irisnetlab.be/services/CivilStatusDocumentService_v1.0</con:endpoint><con:request><![CDATA[<soapenv:Envelope xmlns:soapenv="http://schemas.xmlsoap.org/soap/envelope/" xmlns:v1="http://fidus.brussels/service/civilstatusdocumentservice/messages/v1" xmlns:v11="http://fidus.brussels/type/common/messages/v1" xmlns:core="http://www.fgov.be/dabs/core">
   <soapenv:Header/>
   <soapenv:Body>
      <v1:validateDocumentRequest>
         <v1:messageContext>
            <v11:messageId>${=import static java.util.UUID.randomUUID; uuid = randomUUID() as String}</v11:messageId>
            <v11:timestamp>${=new java.text.SimpleDateFormat("yyyy-MM-dd'T'HH:mm:ss.SSS").format(new Date())}</v11:timestamp>
         </v1:messageContext>
         <v1:legalContext>ServiceIntegrator</v1:legalContext>
         <v1:request>
            <v1:language>fr</v1:language>
             <v1:municipalityCode>d1051</v1:municipalityCode>
            <v1:validateDocument>
               <document xsi:type="core:marriageCertificate" xmlns:xsi="http://www.w3.org/2001/XMLSchema-instance">
                  <attachments/>
                  <certificateOriginType>FOREIGN_CERTIFICATE</certificateOriginType>
                  <factDate>
                     <day>26</day>
                     <month>12</month>
                     <year>2011</year>
                  </factDate>
                  <establishingDate>2018-07-17</establishingDate>
                  <redactionPlace>
                     <municipalityCode>12007</municipalityCode>
                     <countryCode>150</countryCode>
                     <countryFreeText>test</countryFreeText>
                  </redactionPlace>
                  <origin>DABS</origin>
                  <persons>
                     <person>
                        <origin>RR</origin>
                        <nobilityFree/>
                        <birthPlace>
                           <municipalityCode>12010</municipalityCode>
                           <countryCode>150</countryCode>
                           <countryFreeText>test</countryFreeText>
                        </birthPlace>
                        <birthDate>
                           <day>11</day>
                           <month>1</month>
                           <year>1980</year>
                        </birthDate>
                        <firstname>Katrien</firstname>
                        <lastname>De Bondt</lastname>
                        <roles>
                           <role>SPOUSE_2</role>
                        </roles>
                        <personNumber>11234</personNumber>
                     </person>
                     <person>
                        <origin>RR</origin>
                        <nobilityFree/>
                        <birthPlace>
                           <municipalityFreeText>Budel</municipalityFreeText>
                           <countryCode>129</countryCode>
                           <countryFreeText>test</countryFreeText>
                        </birthPlace>
                        <birthDate>
                           <day>5</day>
                           <month>7</month>
                           <year>1979</year>
                        </birthDate>
                        <firstname>Bram Tonny Gerda</firstname>
                        <lastname>Van Huffel</lastname>
                        <roles>
                           <role>SPOUSE_1</role>
                        </roles>
                        <personNumber>1125000</personNumber>
                     </person>
                     <person>
                        <origin>RR</origin>
                        <birthPlace>
                           <municipalityCode>12007</municipalityCode>
                           <countryCode>150</countryCode>
                           <countryFreeText>test</countryFreeText>
                        </birthPlace>
                        <birthDate>
                           <day>1</day>
                           <month>4</month>
                           <year>1986</year>
                        </birthDate>
                        <firstname>Mounir</firstname>
                        <lastname>Ouchan</lastname>
                        <roles>
                           <role>ABS</role>
                        </roles>
                        <personNumber>86040128370</personNumber>
                     </person>
                  </persons>
                  <oldDocumentReference>2018/33</oldDocumentReference>
                  <docState>FINAL</docState>
               </document>
            </v1:validateDocument>
         </v1:request>
      </v1:validateDocumentRequest>
   </soapenv:Body>
</soapenv:Envelope>]]></con:request><con:credentials><con:selectedAuthProfile>Basic</con:selectedAuthProfile><con:addedBasicAuthenticationTypes>Basic</con:addedBasicAuthenticationTypes><con:authType>Global HTTP Settings</con:authType></con:credentials><con:jmsConfig JMSDeliveryMode="PERSISTENT"/><con:jmsPropertyConfig/><con:wsaConfig mustUnderstand="NONE" version="200508" action="http://fidus.brussels/services/civilstatusdocumentservice/validateDocument"/><con:wsrmConfig version="1.2"/></con:call><con:call id="98974e36-5b31-449b-9eea-0a10762ec5be" name="4 - Staging - LB - Request"><con:settings><con:setting id="com.eviware.soapui.impl.wsdl.WsdlRequest@request-headers">&lt;xml-fragment/></con:setting></con:settings><con:encoding>UTF-8</con:encoding><con:endpoint>https://192.168.22.53:8443/services/CivilStatusDocumentService_v1.0</con:endpoint><con:request><![CDATA[<soapenv:Envelope xmlns:soapenv="http://schemas.xmlsoap.org/soap/envelope/" xmlns:v1="http://fidus.brussels/service/civilstatusdocumentservice/messages/v1" xmlns:v11="http://fidus.brussels/type/common/messages/v1" xmlns:core="http://www.fgov.be/dabs/core">
   <soapenv:Header/>
   <soapenv:Body>
      <v1:validateDocumentRequest>
         <v1:messageContext>
            <v11:messageId>${=import static java.util.UUID.randomUUID; uuid = randomUUID() as String}</v11:messageId>
            <v11:timestamp>${=new java.text.SimpleDateFormat("yyyy-MM-dd'T'HH:mm:ss.SSS").format(new Date())}</v11:timestamp>
         </v1:messageContext>
         <v1:legalContext>ServiceIntegrator</v1:legalContext>
         <v1:request>
            <v1:language>fr</v1:language>
             <v1:municipalityCode>d1051</v1:municipalityCode>
            <v1:validateDocument>
               <document xsi:type="core:marriageCertificate" xmlns:xsi="http://www.w3.org/2001/XMLSchema-instance">
                  <attachments/>
                  <certificateOriginType>FOREIGN_CERTIFICATE</certificateOriginType>
                  <factDate>
                     <day>26</day>
                     <month>12</month>
                     <year>2011</year>
                  </factDate>
                  <establishingDate>2018-07-17</establishingDate>
                  <redactionPlace>
                     <municipalityCode>12007</municipalityCode>
                     <countryCode>150</countryCode>
                     <countryFreeText>test</countryFreeText>
                  </redactionPlace>
                  <origin>DABS</origin>
                  <persons>
                     <person>
                        <origin>RR</origin>
                        <nobilityFree/>
                        <birthPlace>
                           <municipalityCode>12010</municipalityCode>
                           <countryCode>150</countryCode>
                           <countryFreeText>test</countryFreeText>
                        </birthPlace>
                        <birthDate>
                           <day>11</day>
                           <month>1</month>
                           <year>1980</year>
                        </birthDate>
                        <firstname>Katrien</firstname>
                        <lastname>De Bondt</lastname>
                        <roles>
                           <role>SPOUSE_2</role>
                        </roles>
                        <personNumber>11234</personNumber>
                     </person>
                     <person>
                        <origin>RR</origin>
                        <nobilityFree/>
                        <birthPlace>
                           <municipalityFreeText>Budel</municipalityFreeText>
                           <countryCode>129</countryCode>
                           <countryFreeText>test</countryFreeText>
                        </birthPlace>
                        <birthDate>
                           <day>5</day>
                           <month>7</month>
                           <year>1979</year>
                        </birthDate>
                        <firstname>Bram Tonny Gerda</firstname>
                        <lastname>Van Huffel</lastname>
                        <roles>
                           <role>SPOUSE_1</role>
                        </roles>
                        <personNumber>1125000</personNumber>
                     </person>
                     <person>
                        <origin>RR</origin>
                        <birthPlace>
                           <municipalityCode>12007</municipalityCode>
                           <countryCode>150</countryCode>
                           <countryFreeText>test</countryFreeText>
                        </birthPlace>
                        <birthDate>
                           <day>1</day>
                           <month>4</month>
                           <year>1986</year>
                        </birthDate>
                        <firstname>Mounir</firstname>
                        <lastname>Ouchan</lastname>
                        <roles>
                           <role>ABS</role>
                        </roles>
                        <personNumber>86040128370</personNumber>
                     </person>
                  </persons>
                  <oldDocumentReference>2018/33</oldDocumentReference>
                  <docState>FINAL</docState>
               </document>
            </v1:validateDocument>
         </v1:request>
      </v1:validateDocumentRequest>
   </soapenv:Body>
</soapenv:Envelope>]]></con:request><con:credentials><con:selectedAuthProfile>Basic</con:selectedAuthProfile><con:addedBasicAuthenticationTypes>Basic</con:addedBasicAuthenticationTypes><con:authType>Global HTTP Settings</con:authType></con:credentials><con:jmsConfig JMSDeliveryMode="PERSISTENT"/><con:jmsPropertyConfig/><con:wsaConfig mustUnderstand="NONE" version="200508" action="http://fidus.brussels/services/civilstatusdocumentservice/validateDocument"/><con:wsrmConfig version="1.2"/></con:call><con:call id="31c470c9-8bb3-46b5-9c97-dc5b5372538a" name="4 - Staging - Worker1 - Request"><con:settings><con:setting id="com.eviware.soapui.impl.wsdl.WsdlRequest@request-headers">&lt;xml-fragment/></con:setting></con:settings><con:encoding>UTF-8</con:encoding><con:endpoint>https://192.168.22.53:8443/services/CivilStatusDocumentService_v1.0</con:endpoint><con:request><![CDATA[<soapenv:Envelope xmlns:soapenv="http://schemas.xmlsoap.org/soap/envelope/" xmlns:v1="http://fidus.brussels/service/civilstatusdocumentservice/messages/v1" xmlns:v11="http://fidus.brussels/type/common/messages/v1" xmlns:core="http://www.fgov.be/dabs/core">
   <soapenv:Header/>
   <soapenv:Body>
      <v1:validateDocumentRequest>
         <v1:messageContext>
            <v11:messageId>${=import static java.util.UUID.randomUUID; uuid = randomUUID() as String}</v11:messageId>
            <v11:timestamp>${=new java.text.SimpleDateFormat("yyyy-MM-dd'T'HH:mm:ss.SSS").format(new Date())}</v11:timestamp>
         </v1:messageContext>
         <v1:legalContext>ServiceIntegrator</v1:legalContext>
         <v1:request>
            <v1:language>fr</v1:language>
             <v1:municipalityCode>d1051</v1:municipalityCode>
            <v1:validateDocument>
               <document xsi:type="core:marriageCertificate" xmlns:xsi="http://www.w3.org/2001/XMLSchema-instance">
                  <attachments/>
                  <certificateOriginType>FOREIGN_CERTIFICATE</certificateOriginType>
                  <factDate>
                     <day>26</day>
                     <month>12</month>
                     <year>2011</year>
                  </factDate>
                  <establishingDate>2018-07-17</establishingDate>
                  <redactionPlace>
                     <municipalityCode>12007</municipalityCode>
                     <countryCode>150</countryCode>
                     <countryFreeText>test</countryFreeText>
                  </redactionPlace>
                  <origin>DABS</origin>
                  <persons>
                     <person>
                        <origin>RR</origin>
                        <nobilityFree/>
                        <birthPlace>
                           <municipalityCode>12010</municipalityCode>
                           <countryCode>150</countryCode>
                           <countryFreeText>test</countryFreeText>
                        </birthPlace>
                        <birthDate>
                           <day>11</day>
                           <month>1</month>
                           <year>1980</year>
                        </birthDate>
                        <firstname>Katrien</firstname>
                        <lastname>De Bondt</lastname>
                        <roles>
                           <role>SPOUSE_2</role>
                        </roles>
                        <personNumber>11234</personNumber>
                     </person>
                     <person>
                        <origin>RR</origin>
                        <nobilityFree/>
                        <birthPlace>
                           <municipalityFreeText>Budel</municipalityFreeText>
                           <countryCode>129</countryCode>
                           <countryFreeText>test</countryFreeText>
                        </birthPlace>
                        <birthDate>
                           <day>5</day>
                           <month>7</month>
                           <year>1979</year>
                        </birthDate>
                        <firstname>Bram Tonny Gerda</firstname>
                        <lastname>Van Huffel</lastname>
                        <roles>
                           <role>SPOUSE_1</role>
                        </roles>
                        <personNumber>1125000</personNumber>
                     </person>
                     <person>
                        <origin>RR</origin>
                        <birthPlace>
                           <municipalityCode>12007</municipalityCode>
                           <countryCode>150</countryCode>
                           <countryFreeText>test</countryFreeText>
                        </birthPlace>
                        <birthDate>
                           <day>1</day>
                           <month>4</month>
                           <year>1986</year>
                        </birthDate>
                        <firstname>Mounir</firstname>
                        <lastname>Ouchan</lastname>
                        <roles>
                           <role>ABS</role>
                        </roles>
                        <personNumber>86040128370</personNumber>
                     </person>
                  </persons>
                  <oldDocumentReference>2018/33</oldDocumentReference>
                  <docState>FINAL</docState>
               </document>
            </v1:validateDocument>
         </v1:request>
      </v1:validateDocumentRequest>
   </soapenv:Body>
</soapenv:Envelope>]]></con:request><con:credentials><con:selectedAuthProfile>Basic</con:selectedAuthProfile><con:addedBasicAuthenticationTypes>Basic</con:addedBasicAuthenticationTypes><con:authType>Global HTTP Settings</con:authType></con:credentials><con:jmsConfig JMSDeliveryMode="PERSISTENT"/><con:jmsPropertyConfig/><con:wsaConfig mustUnderstand="NONE" version="200508" action="http://fidus.brussels/services/civilstatusdocumentservice/validateDocument"/><con:wsrmConfig version="1.2"/></con:call><con:call id="87466179-aa9a-44da-8f9c-4bd06ad0b325" name="4 - Staging - Worker2 - Request"><con:settings><con:setting id="com.eviware.soapui.impl.wsdl.WsdlRequest@request-headers">&lt;xml-fragment/></con:setting></con:settings><con:encoding>UTF-8</con:encoding><con:endpoint>https://192.168.22.53:8443/services/CivilStatusDocumentService_v1.0</con:endpoint><con:request><![CDATA[<soapenv:Envelope xmlns:soapenv="http://schemas.xmlsoap.org/soap/envelope/" xmlns:v1="http://fidus.brussels/service/civilstatusdocumentservice/messages/v1" xmlns:v11="http://fidus.brussels/type/common/messages/v1" xmlns:core="http://www.fgov.be/dabs/core">
   <soapenv:Header/>
   <soapenv:Body>
      <v1:validateDocumentRequest>
         <v1:messageContext>
            <v11:messageId>${=import static java.util.UUID.randomUUID; uuid = randomUUID() as String}</v11:messageId>
            <v11:timestamp>${=new java.text.SimpleDateFormat("yyyy-MM-dd'T'HH:mm:ss.SSS").format(new Date())}</v11:timestamp>
         </v1:messageContext>
         <v1:legalContext>ServiceIntegrator</v1:legalContext>
         <v1:request>
            <v1:language>fr</v1:language>
             <v1:municipalityCode>d1051</v1:municipalityCode>
            <v1:validateDocument>
               <document xsi:type="core:marriageCertificate" xmlns:xsi="http://www.w3.org/2001/XMLSchema-instance">
                  <attachments/>
                  <certificateOriginType>FOREIGN_CERTIFICATE</certificateOriginType>
                  <factDate>
                     <day>26</day>
                     <month>12</month>
                     <year>2011</year>
                  </factDate>
                  <establishingDate>2018-07-17</establishingDate>
                  <redactionPlace>
                     <municipalityCode>12007</municipalityCode>
                     <countryCode>150</countryCode>
                     <countryFreeText>test</countryFreeText>
                  </redactionPlace>
                  <origin>DABS</origin>
                  <persons>
                     <person>
                        <origin>RR</origin>
                        <nobilityFree/>
                        <birthPlace>
                           <municipalityCode>12010</municipalityCode>
                           <countryCode>150</countryCode>
                           <countryFreeText>test</countryFreeText>
                        </birthPlace>
                        <birthDate>
                           <day>11</day>
                           <month>1</month>
                           <year>1980</year>
                        </birthDate>
                        <firstname>Katrien</firstname>
                        <lastname>De Bondt</lastname>
                        <roles>
                           <role>SPOUSE_2</role>
                        </roles>
                        <personNumber>11234</personNumber>
                     </person>
                     <person>
                        <origin>RR</origin>
                        <nobilityFree/>
                        <birthPlace>
                           <municipalityFreeText>Budel</municipalityFreeText>
                           <countryCode>129</countryCode>
                           <countryFreeText>test</countryFreeText>
                        </birthPlace>
                        <birthDate>
                           <day>5</day>
                           <month>7</month>
                           <year>1979</year>
                        </birthDate>
                        <firstname>Bram Tonny Gerda</firstname>
                        <lastname>Van Huffel</lastname>
                        <roles>
                           <role>SPOUSE_1</role>
                        </roles>
                        <personNumber>1125000</personNumber>
                     </person>
                     <person>
                        <origin>RR</origin>
                        <birthPlace>
                           <municipalityCode>12007</municipalityCode>
                           <countryCode>150</countryCode>
                           <countryFreeText>test</countryFreeText>
                        </birthPlace>
                        <birthDate>
                           <day>1</day>
                           <month>4</month>
                           <year>1986</year>
                        </birthDate>
                        <firstname>Mounir</firstname>
                        <lastname>Ouchan</lastname>
                        <roles>
                           <role>ABS</role>
                        </roles>
                        <personNumber>86040128370</personNumber>
                     </person>
                  </persons>
                  <oldDocumentReference>2018/33</oldDocumentReference>
                  <docState>FINAL</docState>
               </document>
            </v1:validateDocument>
         </v1:request>
      </v1:validateDocumentRequest>
   </soapenv:Body>
</soapenv:Envelope>]]></con:request><con:credentials><con:selectedAuthProfile>Basic</con:selectedAuthProfile><con:addedBasicAuthenticationTypes>Basic</con:addedBasicAuthenticationTypes><con:authType>Global HTTP Settings</con:authType></con:credentials><con:jmsConfig JMSDeliveryMode="PERSISTENT"/><con:jmsPropertyConfig/><con:wsaConfig mustUnderstand="NONE" version="200508" action="http://fidus.brussels/services/civilstatusdocumentservice/validateDocument"/><con:wsrmConfig version="1.2"/></con:call></con:operation></con:interface><con:testSuite id="05aaa32b-a262-4611-ac08-877ed3cb66cd" name="DEV"><con:settings/><con:runType>SEQUENTIAL</con:runType><con:testCase id="b4c3568b-1557-4e71-87f2-4e6fbfceb126" failOnError="true" failTestCaseOnErrors="true" keepSession="false" maxResults="0" name="getCopyConform" searchProperties="true"><con:settings/><con:testStep type="request" id="d1f4ccd5-abe5-4d21-bf7c-d8c8f3593bdd" name="testcase2 - Dev - Request"><con:settings/><con:config xsi:type="con:RequestStep" xmlns:xsi="http://www.w3.org/2001/XMLSchema-instance"><con:interface>CivilStatusDocumentService_v1.0Soap11Binding</con:interface><con:operation>getCopyConform</con:operation><con:request name="testcase2 - Dev - Request" id="21cf3ba8-4a30-4e65-99b0-4de8f05aedef" outgoingWss="Outflow DEV"><con:settings/><con:encoding>UTF-8</con:encoding><con:endpoint>https://192.168.36.61:8243/services/CivilStatusDocumentService_v1.0</con:endpoint><con:request><![CDATA[<soapenv:Envelope xmlns:soapenv="http://schemas.xmlsoap.org/soap/envelope/" xmlns:v1="http://fidus.brussels/service/civilstatusdocumentservice/messages/v1" xmlns:v11="http://fidus.brussels/type/common/messages/v1">
   <soapenv:Header/>
   <soapenv:Body>
      <v1:getCopyConformRequest>
         <v1:messageContext>
           <v11:messageId>${=import static java.util.UUID.randomUUID; uuid = randomUUID() as String}</v11:messageId>
            <v11:timestamp>${=new java.text.SimpleDateFormat("yyyy-MM-dd'T'HH:mm:ss.SSS").format(new Date())}</v11:timestamp>
         </v1:messageContext>
         <v1:legalContext>ServiceIntegrator</v1:legalContext>
         <v1:request>
            <v1:documentReference>20180000299194</v1:documentReference>
		  <v1:language>fr</v1:language>
		   <!--Optional:-->
            <v1:municipalityCode>d1051</v1:municipalityCode>
         </v1:request>
      </v1:getCopyConformRequest>
   </soapenv:Body>
</soapenv:Envelope>]]></con:request><con:assertion type="SOAP Fault Assertion" id="547f17c5-2484-47b2-a733-5f39e017ccb1" name="Not SOAP Fault"/><con:assertion type="SOAP Response" id="a615bf53-0067-452d-b518-e09781a0a52e" name="SOAP Response"/><con:assertion type="Schema Compliance" id="46fc9658-0d89-4fbd-9c5e-6cf0e17b69c9" name="Schema Compliance"><con:configuration/></con:assertion><con:wsaConfig action="http://fidus.brussels/services/civilstatusdocumentservice/getCopyConform"/></con:request></con:config></con:testStep><con:properties/></con:testCase><con:testCase id="f687a894-8ccb-48f7-be48-477e03075fdd" failOnError="true" failTestCaseOnErrors="true" keepSession="false" maxResults="0" name="getCopyConformAsPdf" searchProperties="true"><con:settings/><con:testStep type="request" id="5027bb2b-7269-4589-905a-340928460b3d" name="testcase2 - Dev - Request"><con:settings/><con:config xsi:type="con:RequestStep" xmlns:xsi="http://www.w3.org/2001/XMLSchema-instance"><con:interface>CivilStatusDocumentService_v1.0Soap11Binding</con:interface><con:operation>getCopyConformAsPdf</con:operation><con:request name="testcase2 - Dev - Request" id="59e131b1-991f-4d39-b247-cfd9e6b7aa39" outgoingWss="Outflow DEV"><con:settings/><con:encoding>UTF-8</con:encoding><con:endpoint>https://192.168.22.53:8443/services/CivilStatusDocumentService_v1.0</con:endpoint><con:request><![CDATA[<soapenv:Envelope xmlns:soapenv="http://schemas.xmlsoap.org/soap/envelope/" xmlns:v1="http://fidus.brussels/service/civilstatusdocumentservice/messages/v1" xmlns:v11="http://fidus.brussels/type/common/messages/v1">
   <soapenv:Header/>
   <soapenv:Body>
      <v1:getCopyConformAsPdfRequest>
         <v1:messageContext>
           <v11:messageId>${=import static java.util.UUID.randomUUID; uuid = randomUUID() as String}</v11:messageId>
            <v11:timestamp>${=new java.text.SimpleDateFormat("yyyy-MM-dd'T'HH:mm:ss.SSS").format(new Date())}</v11:timestamp>
         </v1:messageContext>
         <v1:legalContext>ServiceIntegrator</v1:legalContext>
         <v1:request>
            <v1:documentReference>20180000299194</v1:documentReference>
         	  <v1:language>fr</v1:language>
         	  <v1:municipalityCode>d1051</v1:municipalityCode>
         </v1:request>
      </v1:getCopyConformAsPdfRequest>
   </soapenv:Body>
</soapenv:Envelope>]]></con:request><con:assertion type="SOAP Fault Assertion" id="6f291a23-701a-4ed4-af22-406da8194fd9" name="Not SOAP Fault"/><con:assertion type="SOAP Response" id="0b65a1e9-9714-443c-90bf-8fa03314d08c" name="SOAP Response"/><con:assertion type="Schema Compliance" id="6a790965-24d9-46ff-9f45-3c491de4f66a" name="Schema Compliance"><con:configuration/></con:assertion><con:wsaConfig action="http://fidus.brussels/services/civilstatusdocumentservice/getCopyConformAsPdf"/></con:request></con:config></con:testStep><con:properties/></con:testCase><con:testCase id="39a059a2-1809-4ac5-b08a-63d34b3175a3" failOnError="true" failTestCaseOnErrors="true" keepSession="false" maxResults="0" name="getDocument" searchProperties="true"><con:settings/><con:testStep type="request" id="1949a2e8-1680-4e88-9a27-911ab0509757" name="testcase2 - Dev - Request"><con:settings/><con:config xsi:type="con:RequestStep" xmlns:xsi="http://www.w3.org/2001/XMLSchema-instance"><con:interface>CivilStatusDocumentService_v1.0Soap11Binding</con:interface><con:operation>getDocument</con:operation><con:request name="testcase2 - Dev - Request" id="25ce7c5a-ddcd-49f3-9bcc-9b1e9e2aa3d0" outgoingWss="Outflow DEV"><con:settings/><con:encoding>UTF-8</con:encoding><con:endpoint>https://192.168.22.53:8443/services/CivilStatusDocumentService_v1.0</con:endpoint><con:request><![CDATA[<soapenv:Envelope xmlns:soapenv="http://schemas.xmlsoap.org/soap/envelope/" xmlns:v1="http://fidus.brussels/service/civilstatusdocumentservice/messages/v1" xmlns:v11="http://fidus.brussels/type/common/messages/v1">
   <soapenv:Header/>
   <soapenv:Body>
      <v1:getDocumentRequest>
         <v1:messageContext>
           <v11:messageId>${=import static java.util.UUID.randomUUID; uuid = randomUUID() as String}</v11:messageId>
            <v11:timestamp>${=new java.text.SimpleDateFormat("yyyy-MM-dd'T'HH:mm:ss.SSS").format(new Date())}</v11:timestamp>
         </v1:messageContext>
         <v1:legalContext>ServiceIntegrator</v1:legalContext>
         <v1:request>
            <v1:documentReference>201800002991940</v1:documentReference>
            <v1:language>fr</v1:language>
            <v1:municipalityCode>d1051</v1:municipalityCode>
         </v1:request>
      </v1:getDocumentRequest>
   </soapenv:Body>
</soapenv:Envelope>]]></con:request><con:assertion type="SOAP Fault Assertion" id="9b9ee0f7-7a0e-4dbf-b082-7f6f5b9b67a2" name="Not SOAP Fault"/><con:assertion type="SOAP Response" id="a5def46c-135f-4dda-817b-a1860e36be57" name="SOAP Response"/><con:assertion type="Schema Compliance" id="0531a119-f1c4-41d8-a119-49df7c5d7b5c" name="Schema Compliance"><con:configuration/></con:assertion><con:wsaConfig action="http://fidus.brussels/services/civilstatusdocumentservice/getDocument"/></con:request></con:config></con:testStep><con:properties/></con:testCase><con:testCase id="b9837069-168d-4073-97ef-c21bc559eaba" failOnError="true" failTestCaseOnErrors="true" keepSession="false" maxResults="0" name="getExtract" searchProperties="true"><con:settings/><con:testStep type="request" id="97eac358-ff66-4284-9d19-a738079418f8" name="testcase2 - Dev - Request"><con:settings/><con:config xsi:type="con:RequestStep" xmlns:xsi="http://www.w3.org/2001/XMLSchema-instance"><con:interface>CivilStatusDocumentService_v1.0Soap11Binding</con:interface><con:operation>getExtract</con:operation><con:request name="testcase2 - Dev - Request" id="c4c9b116-57e8-4db1-90f7-55a931dec07f" outgoingWss="Outflow DEV"><con:settings/><con:encoding>UTF-8</con:encoding><con:endpoint>https://192.168.22.53:8443/services/CivilStatusDocumentService_v1.0</con:endpoint><con:request><![CDATA[<soapenv:Envelope xmlns:soapenv="http://schemas.xmlsoap.org/soap/envelope/" xmlns:v1="http://fidus.brussels/service/civilstatusdocumentservice/messages/v1" xmlns:v11="http://fidus.brussels/type/common/messages/v1">
   <soapenv:Header/>
   <soapenv:Body>
      <v1:getExtractRequest>
         <v1:messageContext>
           <v11:messageId>${=import static java.util.UUID.randomUUID; uuid = randomUUID() as String}</v11:messageId>
            <v11:timestamp>${=new java.text.SimpleDateFormat("yyyy-MM-dd'T'HH:mm:ss.SSS").format(new Date())}</v11:timestamp>
         </v1:messageContext>
         <v1:legalContext>ServiceIntegrator</v1:legalContext>
         <v1:request>
            <v1:documentReference>20180000299194</v1:documentReference>
            <v1:language>fr</v1:language>
            <v1:municipalityCode>Z1051</v1:municipalityCode>
         </v1:request>
      </v1:getExtractRequest>
   </soapenv:Body>
</soapenv:Envelope>]]></con:request><con:assertion type="SOAP Fault Assertion" id="3f16b28f-fe57-4026-a410-d8076eb057c2" name="Not SOAP Fault"/><con:assertion type="SOAP Response" id="03256aa6-b26b-4bcd-a1f3-08e71602c0dd" name="SOAP Response"/><con:assertion type="Schema Compliance" id="89ed4167-3830-40fa-97d2-6240a01c0815" name="Schema Compliance"><con:configuration/></con:assertion><con:wsaConfig action="http://fidus.brussels/services/civilstatusdocumentservice/getExtract"/></con:request></con:config></con:testStep><con:properties/></con:testCase><con:testCase id="12b47cf4-16b6-40a7-abb0-522574b0285d" failOnError="true" failTestCaseOnErrors="true" keepSession="false" maxResults="0" name="getExtractAsPdf" searchProperties="true"><con:settings/><con:testStep type="request" id="e1e2f416-b7b5-47fe-a50f-dd9bbb23e3cb" name="testcase2 - Dev - Request"><con:settings/><con:config xsi:type="con:RequestStep" xmlns:xsi="http://www.w3.org/2001/XMLSchema-instance"><con:interface>CivilStatusDocumentService_v1.0Soap11Binding</con:interface><con:operation>getExtractAsPdf</con:operation><con:request name="testcase2 - Dev - Request" id="45207228-9830-471a-8640-1b7858e64b73" outgoingWss="Outflow DEV"><con:settings/><con:encoding>UTF-8</con:encoding><con:endpoint>https://192.168.36.61:8243/services/CivilStatusDocumentService_v1.0</con:endpoint><con:request><![CDATA[<soapenv:Envelope xmlns:soapenv="http://schemas.xmlsoap.org/soap/envelope/" xmlns:v1="http://fidus.brussels/service/civilstatusdocumentservice/messages/v1" xmlns:v11="http://fidus.brussels/type/common/messages/v1">
   <soapenv:Header/>
   <soapenv:Body>
      <v1:getExtractAsPdfRequest>
         <v1:messageContext>
           <v11:messageId>${=import static java.util.UUID.randomUUID; uuid = randomUUID() as String}</v11:messageId>
            <v11:timestamp>${=new java.text.SimpleDateFormat("yyyy-MM-dd'T'HH:mm:ss.SSS").format(new Date())}</v11:timestamp>
         </v1:messageContext>
         <v1:legalContext>ServiceIntegrator</v1:legalContext>
         <v1:request>
            <v1:documentReference>20180000299194</v1:documentReference>
            <v1:language>fr</v1:language>
         </v1:request>
      </v1:getExtractAsPdfRequest>
   </soapenv:Body>
</soapenv:Envelope>]]></con:request><con:assertion type="SOAP Fault Assertion" id="c58f6b45-2c14-42ad-a67d-c3e0f2645987" name="Not SOAP Fault"/><con:assertion type="SOAP Response" id="220b4bc1-6171-401c-bcc9-0ee0b79afadd" name="SOAP Response"/><con:assertion type="Schema Compliance" id="685ea254-b698-4475-978a-2abcaf2344fa" name="Schema Compliance"><con:configuration/></con:assertion><con:wsaConfig action="http://fidus.brussels/services/civilstatusdocumentservice/getExtractAsPdf"/></con:request></con:config></con:testStep><con:properties/></con:testCase><con:testCase id="b137837a-8517-4d70-af2e-8df73b0ef92e" failOnError="true" failTestCaseOnErrors="true" keepSession="false" maxResults="0" name="saveOrUpdateDocument" searchProperties="true"><con:settings/><con:testStep type="request" id="6dca4227-eef9-4544-b4cf-5fb2dd774c11" name="testcase2 - Dev - Request"><con:settings/><con:config xsi:type="con:RequestStep" xmlns:xsi="http://www.w3.org/2001/XMLSchema-instance"><con:interface>CivilStatusDocumentService_v1.0Soap11Binding</con:interface><con:operation>saveOrUpdateDocument</con:operation><con:request name="testcase2 - Dev - Request" id="cae12c38-553f-4f23-a9ef-0871f2134574" outgoingWss="Outflow DEV"><con:settings/><con:encoding>UTF-8</con:encoding><con:endpoint>https://192.168.36.61:8243/services/CivilStatusDocumentService_v1.0</con:endpoint><con:request><![CDATA[<soapenv:Envelope xmlns:soapenv="http://schemas.xmlsoap.org/soap/envelope/" xmlns:v1="http://fidus.brussels/service/civilstatusdocumentservice/messages/v1" xmlns:v11="http://fidus.brussels/type/common/messages/v1" xmlns:core="http://www.fgov.be/dabs/core">
   <soapenv:Header/>
   <soapenv:Body>
      <v1:saveOrUpdateDocumentRequest>
         <v1:messageContext>
           <v11:messageId>${=import static java.util.UUID.randomUUID; uuid = randomUUID() as String}</v11:messageId>
            <v11:timestamp>${=new java.text.SimpleDateFormat("yyyy-MM-dd'T'HH:mm:ss.SSS").format(new Date())}</v11:timestamp>
         </v1:messageContext>
         <v1:legalContext>ServiceIntegrator</v1:legalContext>
         <v1:request>
            <v1:language>fr</v1:language>
            <v1:saveOrUpdateDocument>
          <core:document xmlns:xsi="http://www.w3.org/2001/XMLSchema-instance" xsi:type="core:marriageCertificate">
           <core:attachments/>
           <core:certificateOriginType>FOREIGN_CERTIFICATE</core:certificateOriginType>
           <core:factDate>
              <core:day>22</core:day>
              <core:month>12</core:month>
              <core:year>2011</core:year>
           </core:factDate>
           <core:establishingDate>2018-07-17</core:establishingDate>
           <core:redactionPlace>
              <core:municipalityCode>12007</core:municipalityCode>
              <core:countryCode>150</core:countryCode>
              <core:countryFreeText>test</core:countryFreeText>
           </core:redactionPlace>
           <core:origin>DABS</core:origin>
           <core:persons>
              <core:person>
                 <core:origin>RR</core:origin>
                 <core:nobilityFree/>
                 <core:birthPlace>
                    <core:municipalityCode>12010</core:municipalityCode>
                    <core:countryCode>150</core:countryCode>
                    <core:countryFreeText>test</core:countryFreeText>
                 </core:birthPlace>
                 <core:birthDate>
                    <core:day>11</core:day>
                    <core:month>1</core:month>
                    <core:year>1980</core:year>
                 </core:birthDate>
                 <core:firstname>Katrien</core:firstname>
                 <core:lastname>De Bondt</core:lastname>
                 <core:roles>
                    <core:role>SPOUSE_2</core:role>
                 </core:roles>
                 <core:personNumber>11234</core:personNumber>
              </core:person>
              <core:person>
                 <core:origin>RR</core:origin>
                 <core:nobilityFree/>
                 <core:birthPlace>
                    <core:municipalityFreeText>Budel</core:municipalityFreeText>
                    <core:countryCode>129</core:countryCode>
                    <core:countryFreeText>test</core:countryFreeText>
                 </core:birthPlace>
                 <core:birthDate>
                    <core:day>5</core:day>
                    <core:month>7</core:month>
                    <core:year>1979</core:year>
                 </core:birthDate>
                 <core:firstname>Bram Tonny Gerda</core:firstname>
                 <core:lastname>Van Huffel</core:lastname>
                 <core:roles>
                    <core:role>SPOUSE_1</core:role>
                 </core:roles>
                 <core:personNumber>1125000</core:personNumber>
              </core:person>
              <core:person>
                 <core:origin>RR</core:origin>
                 <core:birthPlace>
                    <core:municipalityCode>12007</core:municipalityCode>
                    <core:countryCode>150</core:countryCode>
                    <core:countryFreeText>test</core:countryFreeText>
                 </core:birthPlace>
                 <core:birthDate>
                    <core:day>1</core:day>
                    <core:month>4</core:month>
                    <core:year>1986</core:year>
                 </core:birthDate>
                 <core:firstname>Mounir</core:firstname>
                 <core:lastname>Ouchan</core:lastname>
                 <core:roles>
                    <core:role>ABS</core:role>
                 </core:roles>
                 <core:personNumber>86040128370</core:personNumber>
              </core:person>
           </core:persons>
           <core:oldDocumentReference>2018/33</core:oldDocumentReference>
           <core:docState>FINAL</core:docState>
        </core:document>
            </v1:saveOrUpdateDocument>
         </v1:request>
      </v1:saveOrUpdateDocumentRequest>
   </soapenv:Body>
</soapenv:Envelope>]]></con:request><con:assertion type="SOAP Fault Assertion" id="fb05b723-ef3c-42d8-bdb5-4ab6e9448fe4" name="Not SOAP Fault"/><con:assertion type="SOAP Response" id="92697ba1-c5ff-4452-89a5-226323a88894" name="SOAP Response"/><con:assertion type="Schema Compliance" id="ea87d14d-54e5-4592-8ea9-a94fdc2f6cc4" name="Schema Compliance"><con:configuration/></con:assertion><con:wsaConfig action="http://fidus.brussels/services/civilstatusdocumentservice/saveOrUpdateDocument"/></con:request></con:config></con:testStep><con:properties/></con:testCase><con:testCase id="3ba01146-1933-4fb4-8c8e-1da07dd1085f" failOnError="true" failTestCaseOnErrors="true" keepSession="false" maxResults="0" name="searchDocument" searchProperties="true"><con:settings/><con:testStep type="request" id="5978263a-e51a-4604-a1d4-45798cada825" name="testcase2 - Dev - Request"><con:settings/><con:config xsi:type="con:RequestStep" xmlns:xsi="http://www.w3.org/2001/XMLSchema-instance"><con:interface>CivilStatusDocumentService_v1.0Soap11Binding</con:interface><con:operation>searchDocument</con:operation><con:request name="testcase2 - Dev - Request" id="70bf8c83-ae5e-48fe-bba6-5e54b164fbf5" outgoingWss="Outflow DEV"><con:settings/><con:encoding>UTF-8</con:encoding><con:endpoint>https://192.168.36.61:8243/services/CivilStatusDocumentService_v1.0</con:endpoint><con:request><![CDATA[<soapenv:Envelope xmlns:soapenv="http://schemas.xmlsoap.org/soap/envelope/" xmlns:v1="http://fidus.brussels/service/civilstatusdocumentservice/messages/v1" xmlns:v11="http://fidus.brussels/type/common/messages/v1" xmlns:core="http://www.fgov.be/dabs/core">
   <soapenv:Header/>
   <soapenv:Body>
      <v1:searchDocumentRequest>
         <v1:messageContext>
           <v11:messageId>${=import static java.util.UUID.randomUUID; uuid = randomUUID() as String}</v11:messageId>
            <v11:timestamp>${=new java.text.SimpleDateFormat("yyyy-MM-dd'T'HH:mm:ss.SSS").format(new Date())}</v11:timestamp>
         </v1:messageContext>
         <v1:legalContext>ServiceIntegrator</v1:legalContext>
         <v1:request>
            <v1:language>fr</v1:language>
            <v1:municipalityCode>d1051</v1:municipalityCode>
            <v1:searchDocument>
               <documentSearch>
                  <type>MARRIAGE_CERTIFICATE</type>
                  <state>FINAL</state>
                  <factDate>
                     <day>15</day>
                     <month>12</month>
                     <year>2011</year>
                  </factDate>
                  <personNumber>11234</personNumber>
                  <firstname>Katrien</firstname>
                  <lastname>De Bondt</lastname>
                  <birthDate>
                     <day>11</day>
                     <month>1</month>
                     <year>1980</year>
                  </birthDate>
                  <!--Optional:-->
                  <!--placeOfOrigin>?</placeOfOrigin-->
                  <searchInRrn>false</searchInRrn>
               </documentSearch>
            </v1:searchDocument>
         </v1:request>
      </v1:searchDocumentRequest>
   </soapenv:Body>
</soapenv:Envelope>]]></con:request><con:assertion type="SOAP Fault Assertion" id="a590af8d-eb9b-4a9d-a497-3bb7866507c3" name="Not SOAP Fault"/><con:assertion type="SOAP Response" id="07f8c269-97a5-41a0-a6a7-bb427abe9799" name="SOAP Response"/><con:assertion type="Schema Compliance" id="a8b46e26-ca1d-4c17-b707-47037dc16d07" name="Schema Compliance"><con:configuration/></con:assertion><con:wsaConfig action="http://fidus.brussels/services/civilstatusdocumentservice/searchDocument"/></con:request></con:config></con:testStep><con:properties/></con:testCase><con:testCase id="4e985a8e-0316-414a-8ace-a20b78266c78" failOnError="true" failTestCaseOnErrors="true" keepSession="false" maxResults="0" name="validateDocument" searchProperties="true"><con:settings/><con:testStep type="request" id="5ed7badd-ace5-420d-a221-161c0a7b44d3" name="testcase2 - Dev - Request"><con:settings/><con:config xsi:type="con:RequestStep" xmlns:xsi="http://www.w3.org/2001/XMLSchema-instance"><con:interface>CivilStatusDocumentService_v1.0Soap11Binding</con:interface><con:operation>validateDocument</con:operation><con:request name="testcase2 - Dev - Request" id="4f5fec48-a3b9-4f58-bb21-e4374c2dc42f" outgoingWss="Outflow DEV"><con:settings/><con:encoding>UTF-8</con:encoding><con:endpoint>https://192.168.22.53:8443/services/CivilStatusDocumentService_v1.0</con:endpoint><con:request><![CDATA[<soapenv:Envelope xmlns:soapenv="http://schemas.xmlsoap.org/soap/envelope/" xmlns:v1="http://fidus.brussels/service/civilstatusdocumentservice/messages/v1" xmlns:v11="http://fidus.brussels/type/common/messages/v1" xmlns:core="http://www.fgov.be/dabs/core">
   <soapenv:Header/>
   <soapenv:Body>
      <v1:validateDocumentRequest>
         <v1:messageContext>
            <v11:messageId>${=import static java.util.UUID.randomUUID; uuid = randomUUID() as String}</v11:messageId>
            <v11:timestamp>${=new java.text.SimpleDateFormat("yyyy-MM-dd'T'HH:mm:ss.SSS").format(new Date())}</v11:timestamp>
         </v1:messageContext>
         <v1:legalContext>ServiceIntegrator</v1:legalContext>
         <v1:request>
            <v1:language>fr</v1:language>
             <v1:municipalityCode>d1051</v1:municipalityCode>
            <v1:validateDocument>
               <document xsi:type="core:marriageCertificate" xmlns:xsi="http://www.w3.org/2001/XMLSchema-instance">
                  <attachments/>
                  <certificateOriginType>FOREIGN_CERTIFICATE</certificateOriginType>
                  <factDate>
                     <day>26</day>
                     <month>12</month>
                     <year>2011</year>
                  </factDate>
                  <establishingDate>2018-07-17</establishingDate>
                  <redactionPlace>
                     <municipalityCode>12007</municipalityCode>
                     <countryCode>150</countryCode>
                     <countryFreeText>test</countryFreeText>
                  </redactionPlace>
                  <origin>DABS</origin>
                  <persons>
                     <person>
                        <origin>RR</origin>
                        <nobilityFree/>
                        <birthPlace>
                           <municipalityCode>12010</municipalityCode>
                           <countryCode>150</countryCode>
                           <countryFreeText>test</countryFreeText>
                        </birthPlace>
                        <birthDate>
                           <day>11</day>
                           <month>1</month>
                           <year>1980</year>
                        </birthDate>
                        <firstname>Katrien</firstname>
                        <lastname>De Bondt</lastname>
                        <roles>
                           <role>SPOUSE_2</role>
                        </roles>
                        <personNumber>11234</personNumber>
                     </person>
                     <person>
                        <origin>RR</origin>
                        <nobilityFree/>
                        <birthPlace>
                           <municipalityFreeText>Budel</municipalityFreeText>
                           <countryCode>129</countryCode>
                           <countryFreeText>test</countryFreeText>
                        </birthPlace>
                        <birthDate>
                           <day>5</day>
                           <month>7</month>
                           <year>1979</year>
                        </birthDate>
                        <firstname>Bram Tonny Gerda</firstname>
                        <lastname>Van Huffel</lastname>
                        <roles>
                           <role>SPOUSE_1</role>
                        </roles>
                        <personNumber>1125000</personNumber>
                     </person>
                     <person>
                        <origin>RR</origin>
                        <birthPlace>
                           <municipalityCode>12007</municipalityCode>
                           <countryCode>150</countryCode>
                           <countryFreeText>test</countryFreeText>
                        </birthPlace>
                        <birthDate>
                           <day>1</day>
                           <month>4</month>
                           <year>1986</year>
                        </birthDate>
                        <firstname>Mounir</firstname>
                        <lastname>Ouchan</lastname>
                        <roles>
                           <role>ABS</role>
                        </roles>
                        <personNumber>86040128370</personNumber>
                     </person>
                  </persons>
                  <oldDocumentReference>2018/33</oldDocumentReference>
                  <docState>FINAL</docState>
               </document>
            </v1:validateDocument>
         </v1:request>
      </v1:validateDocumentRequest>
   </soapenv:Body>
</soapenv:Envelope>]]></con:request><con:assertion type="SOAP Fault Assertion" id="3663a35c-2055-4725-bb58-56536df84ce3" name="Not SOAP Fault"/><con:assertion type="SOAP Response" id="63660e32-4389-48a8-8086-e7df3b5d7bd3" name="SOAP Response"/><con:assertion type="Schema Compliance" id="f5463def-a6f5-419d-a6f0-5fdc6818563d" name="Schema Compliance"><con:configuration/></con:assertion><con:wsaConfig action="http://fidus.brussels/services/civilstatusdocumentservice/validateDocument"/></con:request></con:config></con:testStep><con:properties/></con:testCase><con:properties/></con:testSuite><con:testSuite id="340511ad-2fcd-45dd-a015-d6cb07155851" name="TEST"><con:settings/><con:runType>SEQUENTIAL</con:runType><con:testCase id="899c0680-e680-44cb-a9de-5bfe3728d5dc" failOnError="true" failTestCaseOnErrors="true" keepSession="false" maxResults="0" name="getCopyConform" searchProperties="true"><con:settings/><con:testStep type="request" id="e26edb76-99e5-433f-ac75-5295f621c167" name="testcase3 -Test - External - Request"><con:settings/><con:config xsi:type="con:RequestStep" xmlns:xsi="http://www.w3.org/2001/XMLSchema-instance"><con:interface>CivilStatusDocumentService_v1.0Soap11Binding</con:interface><con:operation>getCopyConform</con:operation><con:request name="testcase3 -Test - External - Request" id="5fda513d-810d-404e-8c6a-9a4aa40c76a9" outgoingWss="Outflow TEST"><con:settings/><con:encoding>UTF-8</con:encoding><con:endpoint>https://fidus-test.irisnetlab.be/services/CivilStatusDocumentService_v1.0</con:endpoint><con:request><![CDATA[<soapenv:Envelope xmlns:soapenv="http://schemas.xmlsoap.org/soap/envelope/" xmlns:v1="http://fidus.brussels/service/civilstatusdocumentservice/messages/v1" xmlns:v11="http://fidus.brussels/type/common/messages/v1">
   <soapenv:Header/>
   <soapenv:Body>
      <v1:getCopyConformRequest>
         <v1:messageContext>
           <v11:messageId>${=import static java.util.UUID.randomUUID; uuid = randomUUID() as String}</v11:messageId>
            <v11:timestamp>${=new java.text.SimpleDateFormat("yyyy-MM-dd'T'HH:mm:ss.SSS").format(new Date())}</v11:timestamp>
         </v1:messageContext>
         <v1:legalContext>ServiceIntegrator</v1:legalContext>
         <v1:request>
            <v1:documentReference>20180000299194</v1:documentReference>
		  <v1:language>fr</v1:language>
         </v1:request>
      </v1:getCopyConformRequest>
   </soapenv:Body>
</soapenv:Envelope>]]></con:request><con:assertion type="SOAP Fault Assertion" id="95a0f3ed-daca-41ea-8835-acac7f76524d" name="Not SOAP Fault"/><con:assertion type="SOAP Response" id="a101d39c-5b9d-42d9-9443-7bc2312166d9" name="SOAP Response"/><con:assertion type="Schema Compliance" id="1ea435fc-e40e-46b9-93ce-e1ad6fd15520" name="Schema Compliance"><con:configuration/></con:assertion><con:wsaConfig action="http://fidus.brussels/services/civilstatusdocumentservice/getCopyConform"/></con:request></con:config></con:testStep><con:testStep type="request" id="72ad3ae2-4579-48db-aae2-bd724a4ebf49" name="testcase3 -Test - LB - Request"><con:settings/><con:config xsi:type="con:RequestStep" xmlns:xsi="http://www.w3.org/2001/XMLSchema-instance"><con:interface>CivilStatusDocumentService_v1.0Soap11Binding</con:interface><con:operation>getCopyConform</con:operation><con:request name="testcase3 -Test - LB - Request" id="21ee76d9-84b5-45da-b0aa-5a58a6b4ec66" outgoingWss="Outflow TEST"><con:settings/><con:encoding>UTF-8</con:encoding><con:endpoint>https://esb-security-gw.sta.srv.cirb.lan:8443/services/CivilStatusDocumentService_v1.0</con:endpoint><con:request><![CDATA[<soapenv:Envelope xmlns:soapenv="http://schemas.xmlsoap.org/soap/envelope/" xmlns:v1="http://fidus.brussels/service/civilstatusdocumentservice/messages/v1" xmlns:v11="http://fidus.brussels/type/common/messages/v1">
   <soapenv:Header/>
   <soapenv:Body>
      <v1:getCopyConformRequest>
         <v1:messageContext>
            <v11:messageId>${=import static java.util.UUID.randomUUID; uuid = randomUUID() as String}</v11:messageId>
            <v11:timestamp>${=new java.text.SimpleDateFormat("yyyy-MM-dd'T'HH:mm:ss.SSS").format(new Date())}</v11:timestamp>
         </v1:messageContext>
         <v1:legalContext>ServiceIntegrator</v1:legalContext>
         <v1:request>
            <v1:documentReference>20180000299194</v1:documentReference>
            <v1:language>fr</v1:language>
         </v1:request>
      </v1:getCopyConformRequest>
   </soapenv:Body>
</soapenv:Envelope>]]></con:request><con:assertion type="SOAP Fault Assertion" id="ad712b60-e414-41b3-89d3-7c6bd2f21ca1" name="Not SOAP Fault"/><con:assertion type="SOAP Response" id="687aee07-161d-46b7-9ace-526a7ee009d1" name="SOAP Response"/><con:assertion type="Schema Compliance" id="8b622744-e004-4504-88aa-66b7e308f76d" name="Schema Compliance"><con:configuration/></con:assertion><con:wsaConfig action="http://fidus.brussels/services/civilstatusdocumentservice/getCopyConform"/></con:request></con:config></con:testStep><con:testStep type="request" id="722ad6f7-0fb3-4f5c-a4b4-d02ddfd75111" name="testcase3 -Test - Worker1 - Request"><con:settings/><con:config xsi:type="con:RequestStep" xmlns:xsi="http://www.w3.org/2001/XMLSchema-instance"><con:interface>CivilStatusDocumentService_v1.0Soap11Binding</con:interface><con:operation>getCopyConform</con:operation><con:request name="testcase3 -Test - Worker1 - Request" id="713e875c-3da3-4162-ba37-b82e50548f49" outgoingWss="Outflow TEST"><con:settings/><con:encoding>UTF-8</con:encoding><con:endpoint>https://192.168.24.45:8443/services/CivilStatusDocumentService_v1.0</con:endpoint><con:request><![CDATA[<soapenv:Envelope xmlns:soapenv="http://schemas.xmlsoap.org/soap/envelope/" xmlns:v1="http://fidus.brussels/service/civilstatusdocumentservice/messages/v1" xmlns:v11="http://fidus.brussels/type/common/messages/v1">
   <soapenv:Header/>
   <soapenv:Body>
      <v1:getCopyConformRequest>
         <v1:messageContext>
           <v11:messageId>${=import static java.util.UUID.randomUUID; uuid = randomUUID() as String}</v11:messageId>
            <v11:timestamp>${=new java.text.SimpleDateFormat("yyyy-MM-dd'T'HH:mm:ss.SSS").format(new Date())}</v11:timestamp>
         </v1:messageContext>
         <v1:legalContext>ServiceIntegrator</v1:legalContext>
         <v1:request>
            <v1:documentReference>20180000299194</v1:documentReference>
		  <v1:language>fr</v1:language>
         </v1:request>
      </v1:getCopyConformRequest>
   </soapenv:Body>
</soapenv:Envelope>]]></con:request><con:assertion type="SOAP Fault Assertion" id="2e28a3eb-dd49-4059-a6bd-30100b585084" name="Not SOAP Fault"/><con:assertion type="SOAP Response" id="b4ea8231-d19f-4f1c-9323-85aa294c6b31" name="SOAP Response"/><con:assertion type="Schema Compliance" id="5e00a2a3-d0b5-40a4-93f9-f60c7ca2c98f" name="Schema Compliance"><con:configuration/></con:assertion><con:wsaConfig action="http://fidus.brussels/services/civilstatusdocumentservice/getCopyConform"/></con:request></con:config></con:testStep><con:testStep type="request" id="51562359-b2a7-4e3a-9523-00d9865cc1a8" name="testcase3 -Test - Worker2 - Request"><con:settings/><con:config xsi:type="con:RequestStep" xmlns:xsi="http://www.w3.org/2001/XMLSchema-instance"><con:interface>CivilStatusDocumentService_v1.0Soap11Binding</con:interface><con:operation>getCopyConform</con:operation><con:request name="testcase3 -Test - Worker2 - Request" id="280b3ffd-fd68-48e7-a6d2-0509f6f87d79" outgoingWss="Outflow TEST"><con:settings/><con:encoding>UTF-8</con:encoding><con:endpoint>https://192.168.24.51:8443/services/CivilStatusDocumentService_v1.0</con:endpoint><con:request><![CDATA[<soapenv:Envelope xmlns:soapenv="http://schemas.xmlsoap.org/soap/envelope/" xmlns:v1="http://fidus.brussels/service/civilstatusdocumentservice/messages/v1" xmlns:v11="http://fidus.brussels/type/common/messages/v1">
   <soapenv:Header/>
   <soapenv:Body>
      <v1:getCopyConformRequest>
         <v1:messageContext>
           <v11:messageId>${=import static java.util.UUID.randomUUID; uuid = randomUUID() as String}</v11:messageId>
            <v11:timestamp>${=new java.text.SimpleDateFormat("yyyy-MM-dd'T'HH:mm:ss.SSS").format(new Date())}</v11:timestamp>
         </v1:messageContext>
         <v1:legalContext>ServiceIntegrator</v1:legalContext>
         <v1:request>
            <v1:documentReference>20180000299194</v1:documentReference>
		  <v1:language>fr</v1:language>
         </v1:request>
      </v1:getCopyConformRequest>
   </soapenv:Body>
</soapenv:Envelope>]]></con:request><con:assertion type="SOAP Fault Assertion" id="d1c3c254-b063-4e78-aff0-88edd1fd2306" name="Not SOAP Fault"/><con:assertion type="SOAP Response" id="dab20d2c-bebc-495a-8a3e-ad8067c9bdba" name="SOAP Response"/><con:assertion type="Schema Compliance" id="f3441100-efa5-4552-8fa4-f8dbe6f9a312" name="Schema Compliance"><con:configuration/></con:assertion><con:wsaConfig action="http://fidus.brussels/services/civilstatusdocumentservice/getCopyConform"/></con:request></con:config></con:testStep><con:properties/></con:testCase><con:testCase id="8780a2e2-ef51-4528-a157-d7cf297094e5" failOnError="true" failTestCaseOnErrors="true" keepSession="false" maxResults="0" name="getCopyConformAsPdf" searchProperties="true"><con:settings/><con:testStep type="request" id="62c25bcd-3784-44fa-b33e-d30a8d65a9cf" name="testcase3 -Test - External - Request"><con:settings/><con:config xsi:type="con:RequestStep" xmlns:xsi="http://www.w3.org/2001/XMLSchema-instance"><con:interface>CivilStatusDocumentService_v1.0Soap11Binding</con:interface><con:operation>getCopyConformAsPdf</con:operation><con:request name="testcase3 -Test - External - Request" id="3a4adf95-a17b-4676-9714-7b282115bf91" outgoingWss="Outflow TEST"><con:settings/><con:encoding>UTF-8</con:encoding><con:endpoint>https://192.168.22.53:8443/services/CivilStatusDocumentService_v1.0</con:endpoint><con:request><![CDATA[<soapenv:Envelope xmlns:soapenv="http://schemas.xmlsoap.org/soap/envelope/" xmlns:v1="http://fidus.brussels/service/civilstatusdocumentservice/messages/v1" xmlns:v11="http://fidus.brussels/type/common/messages/v1">
   <soapenv:Header/>
   <soapenv:Body>
      <v1:getCopyConformAsPdfRequest>
         <v1:messageContext>
           <v11:messageId>${=import static java.util.UUID.randomUUID; uuid = randomUUID() as String}</v11:messageId>
            <!--Optional:-->
            <v11:timestamp>${=new java.text.SimpleDateFormat("yyyy-MM-dd'T'HH:mm:ss.SSS").format(new Date())}</v11:timestamp>
         </v1:messageContext>
         <v1:legalContext>ServiceIntegrator</v1:legalContext>
         <v1:request>
            <v1:documentReference>20180000299194</v1:documentReference>
            <v1:language>fr</v1:language>
            <!--Optional:-->
            <v1:municipalityCode>01050</v1:municipalityCode>
         </v1:request>
      </v1:getCopyConformAsPdfRequest>
   </soapenv:Body>
</soapenv:Envelope>]]></con:request><con:assertion type="SOAP Fault Assertion" id="83b57da3-5914-4f0c-8ca3-7664f2590d25" name="Not SOAP Fault"/><con:assertion type="SOAP Response" id="2db76c37-b895-45bb-a731-9dfe3ae24c35" name="SOAP Response"/><con:assertion type="Schema Compliance" id="2173c3d7-ba89-4c1e-89fb-0151048476a1" name="Schema Compliance"><con:configuration/></con:assertion><con:wsaConfig action="http://fidus.brussels/services/civilstatusdocumentservice/getCopyConformAsPdf"/></con:request></con:config></con:testStep><con:testStep type="request" id="45038a41-fbc2-4e94-9486-5a8a1fc83f15" name="testcase3 -Test - LB - Request"><con:settings/><con:config xsi:type="con:RequestStep" xmlns:xsi="http://www.w3.org/2001/XMLSchema-instance"><con:interface>CivilStatusDocumentService_v1.0Soap11Binding</con:interface><con:operation>getCopyConformAsPdf</con:operation><con:request name="testcase3 -Test - LB - Request" id="7f4bee02-6e98-49f4-b538-20dd36d327e0" outgoingWss="Outflow TEST"><con:settings/><con:encoding>UTF-8</con:encoding><con:endpoint>https://esb-security-gw.sta.srv.cirb.lan:8443/services/CivilStatusDocumentService_v1.0</con:endpoint><con:request><![CDATA[<soapenv:Envelope xmlns:soapenv="http://schemas.xmlsoap.org/soap/envelope/" xmlns:v1="http://fidus.brussels/service/civilstatusdocumentservice/messages/v1" xmlns:v11="http://fidus.brussels/type/common/messages/v1">
   <soapenv:Header/>
   <soapenv:Body>
      <v1:getCopyConformAsPdfRequest>
         <v1:messageContext>
           <v11:messageId>${=import static java.util.UUID.randomUUID; uuid = randomUUID() as String}</v11:messageId>
            <v11:timestamp>${=new java.text.SimpleDateFormat("yyyy-MM-dd'T'HH:mm:ss.SSS").format(new Date())}</v11:timestamp>
         </v1:messageContext>
         <v1:legalContext>ServiceIntegrator</v1:legalContext>
         <v1:request>
            <v1:documentReference>20180000299194</v1:documentReference>
         	  <v1:language>fr</v1:language>
         </v1:request>
      </v1:getCopyConformAsPdfRequest>
   </soapenv:Body>
</soapenv:Envelope>]]></con:request><con:assertion type="SOAP Fault Assertion" id="9edf79b1-4bd5-4204-9063-bbf108f23b59" name="Not SOAP Fault"/><con:assertion type="SOAP Response" id="325ff505-dbfc-4f0c-9af1-3f1e40972908" name="SOAP Response"/><con:assertion type="Schema Compliance" id="2af35d2c-8e49-4fbe-80f0-c253c6f540b7" name="Schema Compliance"><con:configuration/></con:assertion><con:wsaConfig action="http://fidus.brussels/services/civilstatusdocumentservice/getCopyConformAsPdf"/></con:request></con:config></con:testStep><con:testStep type="request" id="93c3c71a-7b53-4f2c-801e-be94f384d782" name="testcase3 -Test - Worker1 - Request"><con:settings/><con:config xsi:type="con:RequestStep" xmlns:xsi="http://www.w3.org/2001/XMLSchema-instance"><con:interface>CivilStatusDocumentService_v1.0Soap11Binding</con:interface><con:operation>getCopyConformAsPdf</con:operation><con:request name="testcase3 -Test - Worker1 - Request" id="493e97c1-6b63-43e6-90e8-ed4f05db7bb9" outgoingWss="Outflow TEST"><con:settings/><con:encoding>UTF-8</con:encoding><con:endpoint>https://192.168.24.45:8443/services/CivilStatusDocumentService_v1.0</con:endpoint><con:request><![CDATA[<soapenv:Envelope xmlns:soapenv="http://schemas.xmlsoap.org/soap/envelope/" xmlns:v1="http://fidus.brussels/service/civilstatusdocumentservice/messages/v1" xmlns:v11="http://fidus.brussels/type/common/messages/v1">
   <soapenv:Header/>
   <soapenv:Body>
      <v1:getCopyConformAsPdfRequest>
         <v1:messageContext>
           <v11:messageId>${=import static java.util.UUID.randomUUID; uuid = randomUUID() as String}</v11:messageId>
            <v11:timestamp>${=new java.text.SimpleDateFormat("yyyy-MM-dd'T'HH:mm:ss.SSS").format(new Date())}</v11:timestamp>
         </v1:messageContext>
         <v1:legalContext>ServiceIntegrator</v1:legalContext>
         <v1:request>
            <v1:documentReference>20180000299194</v1:documentReference>
         	  <v1:language>fr</v1:language>
         </v1:request>
      </v1:getCopyConformAsPdfRequest>
   </soapenv:Body>
</soapenv:Envelope>]]></con:request><con:assertion type="SOAP Fault Assertion" id="042cc21a-dfff-429f-990e-cd5b55f0bff2" name="Not SOAP Fault"/><con:assertion type="SOAP Response" id="2e326080-d541-4fbe-84e5-27cb82243f8a" name="SOAP Response"/><con:assertion type="Schema Compliance" id="c3386fc3-5304-4630-a4a1-567472e9dd94" name="Schema Compliance"><con:configuration/></con:assertion><con:wsaConfig action="http://fidus.brussels/services/civilstatusdocumentservice/getCopyConformAsPdf"/></con:request></con:config></con:testStep><con:testStep type="request" id="751fc4e8-58cb-4510-a979-796ec8c32f06" name="testcase3 -Test - Worker2 - Request"><con:settings/><con:config xsi:type="con:RequestStep" xmlns:xsi="http://www.w3.org/2001/XMLSchema-instance"><con:interface>CivilStatusDocumentService_v1.0Soap11Binding</con:interface><con:operation>getCopyConformAsPdf</con:operation><con:request name="testcase3 -Test - Worker2 - Request" id="b6d7dc04-2562-4bcf-b324-6c6d9d372680" outgoingWss="Outflow TEST"><con:settings/><con:encoding>UTF-8</con:encoding><con:endpoint>https://192.168.24.51:8443/services/CivilStatusDocumentService_v1.0</con:endpoint><con:request><![CDATA[<soapenv:Envelope xmlns:soapenv="http://schemas.xmlsoap.org/soap/envelope/" xmlns:v1="http://fidus.brussels/service/civilstatusdocumentservice/messages/v1" xmlns:v11="http://fidus.brussels/type/common/messages/v1">
   <soapenv:Header/>
   <soapenv:Body>
      <v1:getCopyConformAsPdfRequest>
         <v1:messageContext>
           <v11:messageId>${=import static java.util.UUID.randomUUID; uuid = randomUUID() as String}</v11:messageId>
            <v11:timestamp>${=new java.text.SimpleDateFormat("yyyy-MM-dd'T'HH:mm:ss.SSS").format(new Date())}</v11:timestamp>
         </v1:messageContext>
         <v1:legalContext>ServiceIntegrator</v1:legalContext>
         <v1:request>
            <v1:documentReference>20180000299194</v1:documentReference>
         	  <v1:language>fr</v1:language>
         </v1:request>
      </v1:getCopyConformAsPdfRequest>
   </soapenv:Body>
</soapenv:Envelope>]]></con:request><con:assertion type="SOAP Fault Assertion" id="053fe8e3-e891-43b8-9258-c2ab63346f00" name="Not SOAP Fault"/><con:assertion type="SOAP Response" id="54ef102f-c068-4177-a317-454437dd9fe3" name="SOAP Response"/><con:assertion type="Schema Compliance" id="55cc96f4-2989-4d7f-b145-045b1418da9c" name="Schema Compliance"><con:configuration/></con:assertion><con:wsaConfig action="http://fidus.brussels/services/civilstatusdocumentservice/getCopyConformAsPdf"/></con:request></con:config></con:testStep><con:properties/></con:testCase><con:testCase id="5eb55f34-e4e7-4b0d-9131-3138cb25d056" failOnError="true" failTestCaseOnErrors="true" keepSession="false" maxResults="0" name="getDocument" searchProperties="true"><con:settings/><con:testStep type="request" id="acac9e28-f272-4dac-949c-3f8dce9f8583" name="testcase3 -Test - External - Request"><con:settings/><con:config xsi:type="con:RequestStep" xmlns:xsi="http://www.w3.org/2001/XMLSchema-instance"><con:interface>CivilStatusDocumentService_v1.0Soap11Binding</con:interface><con:operation>getDocument</con:operation><con:request name="testcase3 -Test - External - Request" id="389d2008-4999-459b-b79b-e635c9f84ccb" outgoingWss="Outflow TEST"><con:settings/><con:encoding>UTF-8</con:encoding><con:endpoint>https://fidus-test.irisnetlab.be/services/CivilStatusDocumentService_v1.0</con:endpoint><con:request><![CDATA[<soapenv:Envelope xmlns:soapenv="http://schemas.xmlsoap.org/soap/envelope/" xmlns:v1="http://fidus.brussels/service/civilstatusdocumentservice/messages/v1" xmlns:v11="http://fidus.brussels/type/common/messages/v1">
   <soapenv:Header/>
   <soapenv:Body>
      <v1:getDocumentRequest>
         <v1:messageContext>
           <v11:messageId>${=import static java.util.UUID.randomUUID; uuid = randomUUID() as String}</v11:messageId>
            <v11:timestamp>${=new java.text.SimpleDateFormat("yyyy-MM-dd'T'HH:mm:ss.SSS").format(new Date())}</v11:timestamp>
         </v1:messageContext>
         <v1:legalContext>ServiceIntegrator</v1:legalContext>
         <v1:request>
            <v1:documentReference>20180000299194</v1:documentReference>
            <v1:language>fr</v1:language>
         </v1:request>
      </v1:getDocumentRequest>
   </soapenv:Body>
</soapenv:Envelope>]]></con:request><con:assertion type="SOAP Fault Assertion" id="f6a81a52-1386-4a78-a46d-19dd4ee44b55" name="Not SOAP Fault"/><con:assertion type="SOAP Response" id="b08fe455-b23c-48b6-bd84-abdbe6887723" name="SOAP Response"/><con:assertion type="Schema Compliance" id="fed7f3f7-0f7a-4861-b32d-4ffdab954ac6" name="Schema Compliance"><con:configuration/></con:assertion><con:wsaConfig action="http://fidus.brussels/services/civilstatusdocumentservice/getDocument"/></con:request></con:config></con:testStep><con:testStep type="request" id="b32b94dc-90d7-49fd-9b09-9ef1433b4b85" name="testcase3 -Test - LB - Request"><con:settings/><con:config xsi:type="con:RequestStep" xmlns:xsi="http://www.w3.org/2001/XMLSchema-instance"><con:interface>CivilStatusDocumentService_v1.0Soap11Binding</con:interface><con:operation>getDocument</con:operation><con:request name="testcase3 -Test - LB - Request" id="4c823b3f-b723-47e0-bb5d-71e7fb73dd04" outgoingWss="Outflow TEST"><con:settings/><con:encoding>UTF-8</con:encoding><con:endpoint>https://esb-security-gw.sta.srv.cirb.lan:8443/services/CivilStatusDocumentService_v1.0</con:endpoint><con:request><![CDATA[<soapenv:Envelope xmlns:soapenv="http://schemas.xmlsoap.org/soap/envelope/" xmlns:v1="http://fidus.brussels/service/civilstatusdocumentservice/messages/v1" xmlns:v11="http://fidus.brussels/type/common/messages/v1">
   <soapenv:Header/>
   <soapenv:Body>
      <v1:getDocumentRequest>
         <v1:messageContext>
           <v11:messageId>${=import static java.util.UUID.randomUUID; uuid = randomUUID() as String}</v11:messageId>
            <v11:timestamp>${=new java.text.SimpleDateFormat("yyyy-MM-dd'T'HH:mm:ss.SSS").format(new Date())}</v11:timestamp>
         </v1:messageContext>
         <v1:legalContext>ServiceIntegrator</v1:legalContext>
         <v1:request>
            <v1:documentReference>20180000299194</v1:documentReference>
            <v1:language>fr</v1:language>
         </v1:request>
      </v1:getDocumentRequest>
   </soapenv:Body>
</soapenv:Envelope>]]></con:request><con:assertion type="SOAP Fault Assertion" id="3e7c7cc2-913e-49a2-a4c4-83bd6188dc1b" name="Not SOAP Fault"/><con:assertion type="SOAP Response" id="3bb8e87a-dde0-4454-8e72-216e3d94ec85" name="SOAP Response"/><con:assertion type="Schema Compliance" id="f5ab758e-c5e9-4abb-88b7-e86bdeff3b6d" name="Schema Compliance"><con:configuration/></con:assertion><con:wsaConfig action="http://fidus.brussels/services/civilstatusdocumentservice/getDocument"/></con:request></con:config></con:testStep><con:testStep type="request" id="71a4d70f-e5ab-426a-a90d-c437ddcff4d6" name="testcase3 -Test - Worker1 - Request"><con:settings/><con:config xsi:type="con:RequestStep" xmlns:xsi="http://www.w3.org/2001/XMLSchema-instance"><con:interface>CivilStatusDocumentService_v1.0Soap11Binding</con:interface><con:operation>getDocument</con:operation><con:request name="testcase3 -Test - Worker1 - Request" id="4cb2316e-974e-492a-940c-fa86471394e8" outgoingWss="Outflow TEST"><con:settings/><con:encoding>UTF-8</con:encoding><con:endpoint>https://192.168.24.45:8443/services/CivilStatusDocumentService_v1.0</con:endpoint><con:request><![CDATA[<soapenv:Envelope xmlns:soapenv="http://schemas.xmlsoap.org/soap/envelope/" xmlns:v1="http://fidus.brussels/service/civilstatusdocumentservice/messages/v1" xmlns:v11="http://fidus.brussels/type/common/messages/v1">
   <soapenv:Header/>
   <soapenv:Body>
      <v1:getDocumentRequest>
         <v1:messageContext>
           <v11:messageId>${=import static java.util.UUID.randomUUID; uuid = randomUUID() as String}</v11:messageId>
            <v11:timestamp>${=new java.text.SimpleDateFormat("yyyy-MM-dd'T'HH:mm:ss.SSS").format(new Date())}</v11:timestamp>
         </v1:messageContext>
         <v1:legalContext>ServiceIntegrator</v1:legalContext>
         <v1:request>
            <v1:documentReference>20180000299194</v1:documentReference>
            <v1:language>fr</v1:language>
         </v1:request>
      </v1:getDocumentRequest>
   </soapenv:Body>
</soapenv:Envelope>]]></con:request><con:assertion type="SOAP Fault Assertion" id="c36cdd46-e15a-4fcc-8ebf-9caef1aa27ae" name="Not SOAP Fault"/><con:assertion type="SOAP Response" id="04473685-c003-4be6-9ea4-c879de20a193" name="SOAP Response"/><con:assertion type="Schema Compliance" id="1e63122e-288d-4861-a894-426c26041a1f" name="Schema Compliance"><con:configuration/></con:assertion><con:wsaConfig action="http://fidus.brussels/services/civilstatusdocumentservice/getDocument"/></con:request></con:config></con:testStep><con:testStep type="request" id="7f77e0af-7d0a-4ca3-b85b-d00e30580457" name="testcase3 -Test - Worker2 - Request"><con:settings/><con:config xsi:type="con:RequestStep" xmlns:xsi="http://www.w3.org/2001/XMLSchema-instance"><con:interface>CivilStatusDocumentService_v1.0Soap11Binding</con:interface><con:operation>getDocument</con:operation><con:request name="testcase3 -Test - Worker2 - Request" id="51b02acc-7b0d-4244-a9ae-e4cdfae01bc8" outgoingWss="Outflow TEST"><con:settings/><con:encoding>UTF-8</con:encoding><con:endpoint>https://192.168.24.51:8443/services/CivilStatusDocumentService_v1.0</con:endpoint><con:request><![CDATA[<soapenv:Envelope xmlns:soapenv="http://schemas.xmlsoap.org/soap/envelope/" xmlns:v1="http://fidus.brussels/service/civilstatusdocumentservice/messages/v1" xmlns:v11="http://fidus.brussels/type/common/messages/v1">
   <soapenv:Header/>
   <soapenv:Body>
      <v1:getDocumentRequest>
         <v1:messageContext>
           <v11:messageId>${=import static java.util.UUID.randomUUID; uuid = randomUUID() as String}</v11:messageId>
            <v11:timestamp>${=new java.text.SimpleDateFormat("yyyy-MM-dd'T'HH:mm:ss.SSS").format(new Date())}</v11:timestamp>
         </v1:messageContext>
         <v1:legalContext>ServiceIntegrator</v1:legalContext>
         <v1:request>
            <v1:documentReference>20180000299194</v1:documentReference>
            <v1:language>fr</v1:language>
         </v1:request>
      </v1:getDocumentRequest>
   </soapenv:Body>
</soapenv:Envelope>]]></con:request><con:assertion type="SOAP Fault Assertion" id="ca7a4648-42dc-4c9d-abb0-b10b0d681b09" name="Not SOAP Fault"/><con:assertion type="SOAP Response" id="7bd24e68-3152-4627-a421-ee67d0ec5d0b" name="SOAP Response"/><con:assertion type="Schema Compliance" id="39d9b2a9-ae4f-4b51-8bc0-95a42e3a3af4" name="Schema Compliance"><con:configuration/></con:assertion><con:wsaConfig action="http://fidus.brussels/services/civilstatusdocumentservice/getDocument"/></con:request></con:config></con:testStep><con:properties/></con:testCase><con:testCase id="0c9d2d05-3d37-4ad7-a513-63937db3ec45" failOnError="true" failTestCaseOnErrors="true" keepSession="false" maxResults="0" name="getExtract" searchProperties="true"><con:settings/><con:testStep type="request" id="c97a4d4c-0498-437f-aa42-92acece41e5c" name="testcase3 -Test - External - Request"><con:settings/><con:config xsi:type="con:RequestStep" xmlns:xsi="http://www.w3.org/2001/XMLSchema-instance"><con:interface>CivilStatusDocumentService_v1.0Soap11Binding</con:interface><con:operation>getExtract</con:operation><con:request name="testcase3 -Test - External - Request" id="889987d3-c528-4a1f-ba42-0f3c959e9dcd" outgoingWss="Outflow TEST"><con:settings/><con:encoding>UTF-8</con:encoding><con:endpoint>https://192.168.22.53:8443/services/CivilStatusDocumentService_v1.0</con:endpoint><con:request><![CDATA[<soapenv:Envelope xmlns:soapenv="http://schemas.xmlsoap.org/soap/envelope/" xmlns:v1="http://fidus.brussels/service/civilstatusdocumentservice/messages/v1" xmlns:v11="http://fidus.brussels/type/common/messages/v1">
   <soapenv:Header/>
   <soapenv:Body>
      <v1:getExtractRequest>
         <v1:messageContext>
           <v11:messageId>${=import static java.util.UUID.randomUUID; uuid = randomUUID() as String}</v11:messageId>
            <v11:timestamp>${=new java.text.SimpleDateFormat("yyyy-MM-dd'T'HH:mm:ss.SSS").format(new Date())}</v11:timestamp>
         </v1:messageContext>
         <v1:legalContext>ServiceIntegrator</v1:legalContext>
         <v1:request>
            <v1:documentReference>201800002991940</v1:documentReference>
            <v1:language>fr</v1:language>
         </v1:request>
      </v1:getExtractRequest>
   </soapenv:Body>
</soapenv:Envelope>]]></con:request><con:assertion type="SOAP Fault Assertion" id="0cb032c9-5cc3-4448-a853-3313f8c6f2a3" name="Not SOAP Fault"/><con:assertion type="SOAP Response" id="6e0f8d82-0711-4e6b-adbd-5aa4d7d4dd71" name="SOAP Response"/><con:assertion type="Schema Compliance" id="95d19aea-511e-42ca-bc53-355762efa76a" name="Schema Compliance"><con:configuration/></con:assertion><con:wsaConfig action="http://fidus.brussels/services/civilstatusdocumentservice/getExtract"/></con:request></con:config></con:testStep><con:testStep type="request" id="97aa5b33-a8ff-4009-bb4c-0235e47c9c34" name="testcase3 -Test - LB - Request"><con:settings/><con:config xsi:type="con:RequestStep" xmlns:xsi="http://www.w3.org/2001/XMLSchema-instance"><con:interface>CivilStatusDocumentService_v1.0Soap11Binding</con:interface><con:operation>getExtract</con:operation><con:request name="testcase3 -Test - LB - Request" id="9aba3f9c-f3b0-4199-9e87-aca37d5a1b90" outgoingWss="Outflow TEST"><con:settings/><con:encoding>UTF-8</con:encoding><con:endpoint>https://192.168.22.53:8443/services/CivilStatusDocumentService_v1.0</con:endpoint><con:request><![CDATA[<soapenv:Envelope xmlns:soapenv="http://schemas.xmlsoap.org/soap/envelope/" xmlns:v1="http://fidus.brussels/service/civilstatusdocumentservice/messages/v1" xmlns:v11="http://fidus.brussels/type/common/messages/v1">
   <soapenv:Header/>
   <soapenv:Body>
      <v1:getExtractRequest>
         <v1:messageContext>
           <v11:messageId>${=import static java.util.UUID.randomUUID; uuid = randomUUID() as String}</v11:messageId>
            <v11:timestamp>${=new java.text.SimpleDateFormat("yyyy-MM-dd'T'HH:mm:ss.SSS").format(new Date())}</v11:timestamp>
         </v1:messageContext>
         <v1:legalContext>ServiceIntegrator</v1:legalContext>
         <v1:request>
            <v1:documentReference>201800002991940</v1:documentReference>
            <v1:language>fr</v1:language>
         </v1:request>
      </v1:getExtractRequest>
   </soapenv:Body>
</soapenv:Envelope>]]></con:request><con:assertion type="SOAP Fault Assertion" id="03c145bc-a503-40cf-80b6-7d0addab2efc" name="Not SOAP Fault"/><con:assertion type="SOAP Response" id="9b36b19b-92fc-4d3f-87e0-718b54447ba3" name="SOAP Response"/><con:assertion type="Schema Compliance" id="5fb4b95a-38d3-4ee0-a773-b8950f5bcd94" name="Schema Compliance"><con:configuration/></con:assertion><con:wsaConfig action="http://fidus.brussels/services/civilstatusdocumentservice/getExtract"/></con:request></con:config></con:testStep><con:testStep type="request" id="fbe056d7-a01b-460d-9399-df3fab42c11b" name="testcase3 -Test - Worker1 - Request"><con:settings/><con:config xsi:type="con:RequestStep" xmlns:xsi="http://www.w3.org/2001/XMLSchema-instance"><con:interface>CivilStatusDocumentService_v1.0Soap11Binding</con:interface><con:operation>getExtract</con:operation><con:request name="testcase3 -Test - Worker1 - Request" id="e815eb9b-9847-47bd-9df0-e473b278388e" outgoingWss="Outflow TEST"><con:settings/><con:encoding>UTF-8</con:encoding><con:endpoint>https://192.168.24.45:8443/services/CivilStatusDocumentService_v1.0</con:endpoint><con:request><![CDATA[<soapenv:Envelope xmlns:soapenv="http://schemas.xmlsoap.org/soap/envelope/" xmlns:v1="http://fidus.brussels/service/civilstatusdocumentservice/messages/v1" xmlns:v11="http://fidus.brussels/type/common/messages/v1">
   <soapenv:Header/>
   <soapenv:Body>
      <v1:getExtractRequest>
         <v1:messageContext>
           <v11:messageId>${=import static java.util.UUID.randomUUID; uuid = randomUUID() as String}</v11:messageId>
            <v11:timestamp>${=new java.text.SimpleDateFormat("yyyy-MM-dd'T'HH:mm:ss.SSS").format(new Date())}</v11:timestamp>
         </v1:messageContext>
         <v1:legalContext>ServiceIntegrator</v1:legalContext>
         <v1:request>
            <v1:documentReference>20180000299194</v1:documentReference>
            <v1:language>nl</v1:language>
         </v1:request>
      </v1:getExtractRequest>
   </soapenv:Body>
</soapenv:Envelope>]]></con:request><con:assertion type="SOAP Fault Assertion" id="0c7b19a9-b66f-454f-a474-1e34103fa84e" name="Not SOAP Fault"/><con:assertion type="SOAP Response" id="7b8e4d41-bce5-4ea5-9720-8dda2d29b1b6" name="SOAP Response"/><con:assertion type="Schema Compliance" id="ab3e49f7-c95a-4bf2-a52a-c83ca91d3087" name="Schema Compliance"><con:configuration/></con:assertion><con:wsaConfig action="http://fidus.brussels/services/civilstatusdocumentservice/getExtract"/></con:request></con:config></con:testStep><con:testStep type="request" id="d9514ea2-0df4-4596-9dee-7a2e4478d070" name="testcase3 -Test - Worker2 - Request"><con:settings/><con:config xsi:type="con:RequestStep" xmlns:xsi="http://www.w3.org/2001/XMLSchema-instance"><con:interface>CivilStatusDocumentService_v1.0Soap11Binding</con:interface><con:operation>getExtract</con:operation><con:request name="testcase3 -Test - Worker2 - Request" id="da980dd5-965e-4809-873c-721b93256e82" outgoingWss="Outflow TEST"><con:settings/><con:encoding>UTF-8</con:encoding><con:endpoint>https://192.168.24.51:8443/services/CivilStatusDocumentService_v1.0</con:endpoint><con:request><![CDATA[<soapenv:Envelope xmlns:soapenv="http://schemas.xmlsoap.org/soap/envelope/" xmlns:v1="http://fidus.brussels/service/civilstatusdocumentservice/messages/v1" xmlns:v11="http://fidus.brussels/type/common/messages/v1">
   <soapenv:Header/>
   <soapenv:Body>
      <v1:getExtractRequest>
         <v1:messageContext>
           <v11:messageId>${=import static java.util.UUID.randomUUID; uuid = randomUUID() as String}</v11:messageId>
            <v11:timestamp>${=new java.text.SimpleDateFormat("yyyy-MM-dd'T'HH:mm:ss.SSS").format(new Date())}</v11:timestamp>
         </v1:messageContext>
         <v1:legalContext>ServiceIntegrator</v1:legalContext>
         <v1:request>
            <v1:documentReference>201800002991940</v1:documentReference>
            <v1:language>nl</v1:language>
         </v1:request>
      </v1:getExtractRequest>
   </soapenv:Body>
</soapenv:Envelope>]]></con:request><con:assertion type="SOAP Fault Assertion" id="5e909e8c-2cc9-4a84-906f-265f77f02c2e" name="Not SOAP Fault"/><con:assertion type="SOAP Response" id="53d78505-5acb-4145-bbda-9508d9fa8c99" name="SOAP Response"/><con:assertion type="Schema Compliance" id="bf448a15-dbcc-4ff3-b017-b1e823258afd" name="Schema Compliance"><con:configuration/></con:assertion><con:wsaConfig action="http://fidus.brussels/services/civilstatusdocumentservice/getExtract"/></con:request></con:config></con:testStep><con:properties/></con:testCase><con:testCase id="2438438b-1bb4-4862-bf46-5996b3ab3312" failOnError="true" failTestCaseOnErrors="true" keepSession="false" maxResults="0" name="getExtractAsPdf" searchProperties="true"><con:settings/><con:testStep type="request" id="c01d8c89-ce87-4c3f-9840-af775be4a713" name="testcase3 -Test - External - Request"><con:settings/><con:config xsi:type="con:RequestStep" xmlns:xsi="http://www.w3.org/2001/XMLSchema-instance"><con:interface>CivilStatusDocumentService_v1.0Soap11Binding</con:interface><con:operation>getExtractAsPdf</con:operation><con:request name="testcase3 -Test - External - Request" id="493abcb7-e386-414a-aee9-ab6e4e646927" outgoingWss="Outflow TEST"><con:settings/><con:encoding>UTF-8</con:encoding><con:endpoint>https://fidus-test.irisnetlab.be/services/CivilStatusDocumentService_v1.0</con:endpoint><con:request><![CDATA[<soapenv:Envelope xmlns:soapenv="http://schemas.xmlsoap.org/soap/envelope/" xmlns:v1="http://fidus.brussels/service/civilstatusdocumentservice/messages/v1" xmlns:v11="http://fidus.brussels/type/common/messages/v1">
   <soapenv:Header/>
   <soapenv:Body>
      <v1:getExtractAsPdfRequest>
         <v1:messageContext>
           <v11:messageId>${=import static java.util.UUID.randomUUID; uuid = randomUUID() as String}</v11:messageId>
            <v11:timestamp>${=new java.text.SimpleDateFormat("yyyy-MM-dd'T'HH:mm:ss.SSS").format(new Date())}</v11:timestamp>
         </v1:messageContext>
         <v1:legalContext>ServiceIntegrator</v1:legalContext>
         <v1:request>
            <v1:documentReference>201800002991940</v1:documentReference>
            <v1:language>fr</v1:language>
         </v1:request>
      </v1:getExtractAsPdfRequest>
   </soapenv:Body>
</soapenv:Envelope>]]></con:request><con:assertion type="SOAP Fault Assertion" id="d560b2f0-1e27-4a9d-b0b5-423bbdbecc4a" name="Not SOAP Fault"/><con:assertion type="SOAP Response" id="b07ae673-bb1b-43de-bd8f-b9ba573fca50" name="SOAP Response"/><con:assertion type="Schema Compliance" id="e5450fc8-8672-4ef0-a90c-f0a1b0bee3a9" name="Schema Compliance"><con:configuration/></con:assertion><con:wsaConfig action="http://fidus.brussels/services/civilstatusdocumentservice/getExtractAsPdf"/></con:request></con:config></con:testStep><con:testStep type="request" id="4df2070b-03c7-454c-9b00-4c8ced40d679" name="testcase3 -Test - LB - Request"><con:settings/><con:config xsi:type="con:RequestStep" xmlns:xsi="http://www.w3.org/2001/XMLSchema-instance"><con:interface>CivilStatusDocumentService_v1.0Soap11Binding</con:interface><con:operation>getExtractAsPdf</con:operation><con:request name="testcase3 -Test - LB - Request" id="b83cc3a7-d2e9-4a3a-88a2-b6997f34d69d" outgoingWss="Outflow TEST"><con:settings/><con:encoding>UTF-8</con:encoding><con:endpoint>https://fidus-test.irisnetlab.be/services/CivilStatusDocumentService_v1.0</con:endpoint><con:request><![CDATA[<soapenv:Envelope xmlns:soapenv="http://schemas.xmlsoap.org/soap/envelope/" xmlns:v1="http://fidus.brussels/service/civilstatusdocumentservice/messages/v1" xmlns:v11="http://fidus.brussels/type/common/messages/v1">
   <soapenv:Header/>
   <soapenv:Body>
      <v1:getExtractAsPdfRequest>
         <v1:messageContext>
           <v11:messageId>${=import static java.util.UUID.randomUUID; uuid = randomUUID() as String}</v11:messageId>
            <v11:timestamp>${=new java.text.SimpleDateFormat("yyyy-MM-dd'T'HH:mm:ss.SSS").format(new Date())}</v11:timestamp>
         </v1:messageContext>
         <v1:legalContext>ServiceIntegrator</v1:legalContext>
         <v1:request>
            <v1:documentReference>201800002991940</v1:documentReference>
            <v1:language>fr</v1:language>
         </v1:request>
      </v1:getExtractAsPdfRequest>
   </soapenv:Body>
</soapenv:Envelope>]]></con:request><con:assertion type="SOAP Fault Assertion" id="a0792665-bcc8-4069-b2e8-a0b7cbf91376" name="Not SOAP Fault"/><con:assertion type="SOAP Response" id="0da7d0e5-cc09-498b-84fb-8936f5e68eb2" name="SOAP Response"/><con:assertion type="Schema Compliance" id="dc0f95ae-d455-4dfb-86a8-4ca2204d770f" name="Schema Compliance"><con:configuration/></con:assertion><con:wsaConfig action="http://fidus.brussels/services/civilstatusdocumentservice/getExtractAsPdf"/></con:request></con:config></con:testStep><con:testStep type="request" id="d447fa1a-60de-4b4f-b6eb-966730021e45" name="testcase3 -Test - Worker1 - Request"><con:settings/><con:config xsi:type="con:RequestStep" xmlns:xsi="http://www.w3.org/2001/XMLSchema-instance"><con:interface>CivilStatusDocumentService_v1.0Soap11Binding</con:interface><con:operation>getExtractAsPdf</con:operation><con:request name="testcase3 -Test - Worker1 - Request" id="6412a481-c28b-43b7-bc1b-d68201e75507" outgoingWss="Outflow TEST"><con:settings/><con:encoding>UTF-8</con:encoding><con:endpoint>https://192.168.24.45:8443/services/CivilStatusDocumentService_v1.0</con:endpoint><con:request><![CDATA[<soapenv:Envelope xmlns:soapenv="http://schemas.xmlsoap.org/soap/envelope/" xmlns:v1="http://fidus.brussels/service/civilstatusdocumentservice/messages/v1" xmlns:v11="http://fidus.brussels/type/common/messages/v1">
   <soapenv:Header/>
   <soapenv:Body>
      <v1:getExtractAsPdfRequest>
         <v1:messageContext>
           <v11:messageId>${=import static java.util.UUID.randomUUID; uuid = randomUUID() as String}</v11:messageId>
            <v11:timestamp>${=new java.text.SimpleDateFormat("yyyy-MM-dd'T'HH:mm:ss.SSS").format(new Date())}</v11:timestamp>
         </v1:messageContext>
         <v1:legalContext>ServiceIntegrator</v1:legalContext>
         <v1:request>
            <v1:documentReference>20180000299194</v1:documentReference>
            <v1:language>fr</v1:language>
         </v1:request>
      </v1:getExtractAsPdfRequest>
   </soapenv:Body>
</soapenv:Envelope>]]></con:request><con:assertion type="SOAP Fault Assertion" id="5b87aa10-2c56-4733-93c1-685d0f3e8e4b" name="Not SOAP Fault"/><con:assertion type="SOAP Response" id="9c669c1a-497d-4e7b-a2c4-134880fa80ab" name="SOAP Response"/><con:assertion type="Schema Compliance" id="7dbeab5e-b7d7-4dc3-83ab-f1519c473ceb" name="Schema Compliance"><con:configuration/></con:assertion><con:wsaConfig action="http://fidus.brussels/services/civilstatusdocumentservice/getExtractAsPdf"/></con:request></con:config></con:testStep><con:testStep type="request" id="7f94d09f-3221-4386-8608-cd93891d8ddb" name="testcase3 -Test - Worker2 - Request"><con:settings/><con:config xsi:type="con:RequestStep" xmlns:xsi="http://www.w3.org/2001/XMLSchema-instance"><con:interface>CivilStatusDocumentService_v1.0Soap11Binding</con:interface><con:operation>getExtractAsPdf</con:operation><con:request name="testcase3 -Test - Worker2 - Request" id="02575f74-0f86-4320-b868-7e6ba18d174d" outgoingWss="Outflow TEST"><con:settings/><con:encoding>UTF-8</con:encoding><con:endpoint>https://192.168.24.51:8443/services/CivilStatusDocumentService_v1.0</con:endpoint><con:request><![CDATA[<soapenv:Envelope xmlns:soapenv="http://schemas.xmlsoap.org/soap/envelope/" xmlns:v1="http://fidus.brussels/service/civilstatusdocumentservice/messages/v1" xmlns:v11="http://fidus.brussels/type/common/messages/v1">
   <soapenv:Header/>
   <soapenv:Body>
      <v1:getExtractAsPdfRequest>
         <v1:messageContext>
           <v11:messageId>${=import static java.util.UUID.randomUUID; uuid = randomUUID() as String}</v11:messageId>
            <v11:timestamp>${=new java.text.SimpleDateFormat("yyyy-MM-dd'T'HH:mm:ss.SSS").format(new Date())}</v11:timestamp>
         </v1:messageContext>
         <v1:legalContext>ServiceIntegrator</v1:legalContext>
         <v1:request>
            <v1:documentReference>201800002991940</v1:documentReference>
            <v1:language>fr</v1:language>
         </v1:request>
      </v1:getExtractAsPdfRequest>
   </soapenv:Body>
</soapenv:Envelope>]]></con:request><con:assertion type="SOAP Fault Assertion" id="aa3fee47-9b4b-43a5-be7b-4eabc40606df" name="Not SOAP Fault"/><con:assertion type="SOAP Response" id="d189e09c-f9bf-4026-8e1b-4581dd3cc29d" name="SOAP Response"/><con:assertion type="Schema Compliance" id="6c2804ff-e476-451c-afcb-ac0204bbf8b6" name="Schema Compliance"><con:configuration/></con:assertion><con:wsaConfig action="http://fidus.brussels/services/civilstatusdocumentservice/getExtractAsPdf"/></con:request></con:config></con:testStep><con:properties/></con:testCase><con:testCase id="6f38fd1b-eaa3-4e70-9571-a75c6010a35a" failOnError="true" failTestCaseOnErrors="true" keepSession="false" maxResults="0" name="saveOrUpdateDocument" searchProperties="true"><con:settings/><con:testStep type="request" id="81fda4cf-2b71-4d56-b8d4-d19b6531103a" name="testcase3 -Test - External - Request"><con:settings/><con:config xsi:type="con:RequestStep" xmlns:xsi="http://www.w3.org/2001/XMLSchema-instance"><con:interface>CivilStatusDocumentService_v1.0Soap11Binding</con:interface><con:operation>saveOrUpdateDocument</con:operation><con:request name="testcase3 -Test - External - Request" id="4ecef3f2-3973-4bf4-b685-d4f4915cd7cc" outgoingWss="Outflow TEST"><con:settings/><con:encoding>UTF-8</con:encoding><con:endpoint>https://esb-security-gw.sta.srv.cirb.lan:8443/services/CivilStatusDocumentService_v1.0</con:endpoint><con:request><![CDATA[<soapenv:Envelope xmlns:soapenv="http://schemas.xmlsoap.org/soap/envelope/" xmlns:v1="http://fidus.brussels/service/civilstatusdocumentservice/messages/v1" xmlns:v11="http://fidus.brussels/type/common/messages/v1" xmlns:core="http://www.fgov.be/dabs/core">
   <soapenv:Header/>
   <soapenv:Body>
      <v1:saveOrUpdateDocumentRequest>
         <v1:messageContext>
           <v11:messageId>${=import static java.util.UUID.randomUUID; uuid = randomUUID() as String}</v11:messageId>
            <v11:timestamp>${=new java.text.SimpleDateFormat("yyyy-MM-dd'T'HH:mm:ss.SSS").format(new Date())}</v11:timestamp>
         </v1:messageContext>
         <v1:legalContext>ServiceIntegrator</v1:legalContext>
         <v1:request>
            <v1:language>fr</v1:language>
            <v1:saveOrUpdateDocument>
          <core:document xmlns:xsi="http://www.w3.org/2001/XMLSchema-instance" xsi:type="core:marriageCertificate">
           <core:attachments/>
           <core:certificateOriginType>FOREIGN_CERTIFICATE</core:certificateOriginType>
           <core:factDate>
              <core:day>22</core:day>
              <core:month>12</core:month>
              <core:year>2011</core:year>
           </core:factDate>
           <core:establishingDate>2018-07-17</core:establishingDate>
           <core:redactionPlace>
              <core:municipalityCode>12007</core:municipalityCode>
              <core:countryCode>150</core:countryCode>
              <core:countryFreeText>test</core:countryFreeText>
           </core:redactionPlace>
           <core:origin>DABS</core:origin>
           <core:persons>
              <core:person>
                 <core:origin>RR</core:origin>
                 <core:nobilityFree/>
                 <core:birthPlace>
                    <core:municipalityCode>12010</core:municipalityCode>
                    <core:countryCode>150</core:countryCode>
                    <core:countryFreeText>test</core:countryFreeText>
                 </core:birthPlace>
                 <core:birthDate>
                    <core:day>11</core:day>
                    <core:month>1</core:month>
                    <core:year>1980</core:year>
                 </core:birthDate>
                 <core:firstname>Katrien</core:firstname>
                 <core:lastname>De Bondt</core:lastname>
                 <core:roles>
                    <core:role>SPOUSE_2</core:role>
                 </core:roles>
                 <core:personNumber>11234</core:personNumber>
              </core:person>
              <core:person>
                 <core:origin>RR</core:origin>
                 <core:nobilityFree/>
                 <core:birthPlace>
                    <core:municipalityFreeText>Budel</core:municipalityFreeText>
                    <core:countryCode>129</core:countryCode>
                    <core:countryFreeText>test</core:countryFreeText>
                 </core:birthPlace>
                 <core:birthDate>
                    <core:day>5</core:day>
                    <core:month>7</core:month>
                    <core:year>1979</core:year>
                 </core:birthDate>
                 <core:firstname>Bram Tonny Gerda</core:firstname>
                 <core:lastname>Van Huffel</core:lastname>
                 <core:roles>
                    <core:role>SPOUSE_1</core:role>
                 </core:roles>
                 <core:personNumber>1125000</core:personNumber>
              </core:person>
              <core:person>
                 <core:origin>RR</core:origin>
                 <core:birthPlace>
                    <core:municipalityCode>12007</core:municipalityCode>
                    <core:countryCode>150</core:countryCode>
                    <core:countryFreeText>test</core:countryFreeText>
                 </core:birthPlace>
                 <core:birthDate>
                    <core:day>1</core:day>
                    <core:month>4</core:month>
                    <core:year>1986</core:year>
                 </core:birthDate>
                 <core:firstname>Mounir</core:firstname>
                 <core:lastname>Ouchan</core:lastname>
                 <core:roles>
                    <core:role>ABS</core:role>
                 </core:roles>
                 <core:personNumber>86040128370</core:personNumber>
              </core:person>
           </core:persons>
           <core:oldDocumentReference>2018/33</core:oldDocumentReference>
           <core:docState>FINAL</core:docState>
        </core:document>
            </v1:saveOrUpdateDocument>
         </v1:request>
      </v1:saveOrUpdateDocumentRequest>
   </soapenv:Body>
</soapenv:Envelope>]]></con:request><con:assertion type="SOAP Fault Assertion" id="e9681b35-25a6-458e-a175-569c4a9f2d0e" name="Not SOAP Fault"/><con:assertion type="SOAP Response" id="adcd2b1d-734a-4b3d-aa6a-2921d63aef96" name="SOAP Response"/><con:assertion type="Schema Compliance" id="bdf433e2-83ea-427c-8966-ad320c362421" name="Schema Compliance"><con:configuration/></con:assertion><con:wsaConfig action="http://fidus.brussels/services/civilstatusdocumentservice/saveOrUpdateDocument"/></con:request></con:config></con:testStep><con:testStep type="request" id="32b67c08-555e-4209-a433-d7bd6aaa04d4" name="testcase3 -Test - LB - Request"><con:settings/><con:config xsi:type="con:RequestStep" xmlns:xsi="http://www.w3.org/2001/XMLSchema-instance"><con:interface>CivilStatusDocumentService_v1.0Soap11Binding</con:interface><con:operation>saveOrUpdateDocument</con:operation><con:request name="testcase3 -Test - LB - Request" id="395f8dcb-3cee-4d5d-a525-ca680615b3c0" outgoingWss="Outflow TEST"><con:settings/><con:encoding>UTF-8</con:encoding><con:endpoint>https://fidus-test.irisnetlab.be/services/CivilStatusDocumentService_v1.0</con:endpoint><con:request><![CDATA[<soapenv:Envelope xmlns:soapenv="http://schemas.xmlsoap.org/soap/envelope/" xmlns:v1="http://fidus.brussels/service/civilstatusdocumentservice/messages/v1" xmlns:v11="http://fidus.brussels/type/common/messages/v1" xmlns:core="http://www.fgov.be/dabs/core">
   <soapenv:Header/>
   <soapenv:Body>
      <v1:saveOrUpdateDocumentRequest>
         <v1:messageContext>
           <v11:messageId>${=import static java.util.UUID.randomUUID; uuid = randomUUID() as String}</v11:messageId>
            <v11:timestamp>${=new java.text.SimpleDateFormat("yyyy-MM-dd'T'HH:mm:ss.SSS").format(new Date())}</v11:timestamp>
         </v1:messageContext>
         <v1:legalContext>ServiceIntegrator</v1:legalContext>
         <v1:request>
            <v1:language>fr</v1:language>
            <v1:saveOrUpdateDocument>
          <core:document xmlns:xsi="http://www.w3.org/2001/XMLSchema-instance" xsi:type="core:marriageCertificate">
           <core:attachments/>
           <core:certificateOriginType>FOREIGN_CERTIFICATE</core:certificateOriginType>
           <core:factDate>
              <core:day>22</core:day>
              <core:month>12</core:month>
              <core:year>2011</core:year>
           </core:factDate>
           <core:establishingDate>2018-07-17</core:establishingDate>
           <core:redactionPlace>
              <core:municipalityCode>12007</core:municipalityCode>
              <core:countryCode>150</core:countryCode>
              <core:countryFreeText>test</core:countryFreeText>
           </core:redactionPlace>
           <core:origin>DABS</core:origin>
           <core:persons>
              <core:person>
                 <core:origin>RR</core:origin>
                 <core:nobilityFree/>
                 <core:birthPlace>
                    <core:municipalityCode>12010</core:municipalityCode>
                    <core:countryCode>150</core:countryCode>
                    <core:countryFreeText>test</core:countryFreeText>
                 </core:birthPlace>
                 <core:birthDate>
                    <core:day>11</core:day>
                    <core:month>1</core:month>
                    <core:year>1980</core:year>
                 </core:birthDate>
                 <core:firstname>Katrien</core:firstname>
                 <core:lastname>De Bondt</core:lastname>
                 <core:roles>
                    <core:role>SPOUSE_2</core:role>
                 </core:roles>
                 <core:personNumber>11234</core:personNumber>
              </core:person>
              <core:person>
                 <core:origin>RR</core:origin>
                 <core:nobilityFree/>
                 <core:birthPlace>
                    <core:municipalityFreeText>Budel</core:municipalityFreeText>
                    <core:countryCode>129</core:countryCode>
                    <core:countryFreeText>test</core:countryFreeText>
                 </core:birthPlace>
                 <core:birthDate>
                    <core:day>5</core:day>
                    <core:month>7</core:month>
                    <core:year>1979</core:year>
                 </core:birthDate>
                 <core:firstname>Bram Tonny Gerda</core:firstname>
                 <core:lastname>Van Huffel</core:lastname>
                 <core:roles>
                    <core:role>SPOUSE_1</core:role>
                 </core:roles>
                 <core:personNumber>1125000</core:personNumber>
              </core:person>
              <core:person>
                 <core:origin>RR</core:origin>
                 <core:birthPlace>
                    <core:municipalityCode>12007</core:municipalityCode>
                    <core:countryCode>150</core:countryCode>
                    <core:countryFreeText>test</core:countryFreeText>
                 </core:birthPlace>
                 <core:birthDate>
                    <core:day>1</core:day>
                    <core:month>4</core:month>
                    <core:year>1986</core:year>
                 </core:birthDate>
                 <core:firstname>Mounir</core:firstname>
                 <core:lastname>Ouchan</core:lastname>
                 <core:roles>
                    <core:role>ABS</core:role>
                 </core:roles>
                 <core:personNumber>86040128370</core:personNumber>
              </core:person>
           </core:persons>
           <core:oldDocumentReference>2018/33</core:oldDocumentReference>
           <core:docState>FINAL</core:docState>
        </core:document>
            </v1:saveOrUpdateDocument>
         </v1:request>
      </v1:saveOrUpdateDocumentRequest>
   </soapenv:Body>
</soapenv:Envelope>]]></con:request><con:assertion type="SOAP Fault Assertion" id="76ab8a6a-fbb5-4520-850e-16bfa9ca733a" name="Not SOAP Fault"/><con:assertion type="SOAP Response" id="bbda1a4c-39f9-4902-a09d-eb7beb97eac8" name="SOAP Response"/><con:assertion type="Schema Compliance" id="aa75d180-3f6f-4484-ac10-d9afefa19931" name="Schema Compliance"><con:configuration/></con:assertion><con:wsaConfig action="http://fidus.brussels/services/civilstatusdocumentservice/saveOrUpdateDocument"/></con:request></con:config></con:testStep><con:testStep type="request" id="b884b847-a7c8-4848-9c74-1d87fbbf6409" name="testcase3 -Test - Worker1 - Request"><con:settings/><con:config xsi:type="con:RequestStep" xmlns:xsi="http://www.w3.org/2001/XMLSchema-instance"><con:interface>CivilStatusDocumentService_v1.0Soap11Binding</con:interface><con:operation>saveOrUpdateDocument</con:operation><con:request name="testcase3 -Test - Worker1 - Request" id="e6d97b12-7f49-4de5-9bc2-5beeb7b0b2c0" outgoingWss="Outflow TEST"><con:settings/><con:encoding>UTF-8</con:encoding><con:endpoint>https://192.168.24.45:8443/services/CivilStatusDocumentService_v1.0</con:endpoint><con:request><![CDATA[<soapenv:Envelope xmlns:soapenv="http://schemas.xmlsoap.org/soap/envelope/" xmlns:v1="http://fidus.brussels/service/civilstatusdocumentservice/messages/v1" xmlns:v11="http://fidus.brussels/type/common/messages/v1" xmlns:core="http://www.fgov.be/dabs/core">
   <soapenv:Header/>
   <soapenv:Body>
      <v1:saveOrUpdateDocumentRequest>
         <v1:messageContext>
           <v11:messageId>${=import static java.util.UUID.randomUUID; uuid = randomUUID() as String}</v11:messageId>
            <v11:timestamp>${=new java.text.SimpleDateFormat("yyyy-MM-dd'T'HH:mm:ss.SSS").format(new Date())}</v11:timestamp>
         </v1:messageContext>
         <v1:legalContext>ServiceIntegrator</v1:legalContext>
         <v1:request>         
            <v1:language>fr</v1:language>
            <v1:municipalityCode>d1051</v1:municipalityCode>
            <v1:saveOrUpdateDocument>
          <document xmlns:xsi="http://www.w3.org/2001/XMLSchema-instance" xsi:type="core:marriageCertificate">
           <attachments/>
           <certificateOriginType>FOREIGN_CERTIFICATE</certificateOriginType>
           <factDate>
              <day>22</day>
              <month>12</month>
              <year>2011</year>
           </factDate>
           <establishingDate>2018-07-17</establishingDate>
           <redactionPlace>
              <municipalityCode>12007</municipalityCode>
              <countryCode>150</countryCode>
              <countryFreeText>test</countryFreeText>
           </redactionPlace>
           <origin>DABS</origin>
           <persons>
              <person>
                 <origin>RR</origin>
                 <nobilityFree/>
                 <birthPlace>
                    <municipalityCode>12010</municipalityCode>
                    <countryCode>150</countryCode>
                    <countryFreeText>test</countryFreeText>
                 </birthPlace>
                 <birthDate>
                    <day>11</day>
                    <month>1</month>
                    <year>1980</year>
                 </birthDate>
                 <firstname>Katrien</firstname>
                 <lastname>De Bondt</lastname>
                 <roles>
                    <role>SPOUSE_2</role>
                 </roles>
                 <personNumber>11234</personNumber>
              </person>
              <person>
                 <origin>RR</origin>
                 <nobilityFree/>
                 <birthPlace>
                    <municipalityFreeText>Budel</municipalityFreeText>
                    <countryCode>129</countryCode>
                    <countryFreeText>test</countryFreeText>
                 </birthPlace>
                 <birthDate>
                    <day>5</day>
                    <month>7</month>
                    <year>1979</year>
                 </birthDate>
                 <firstname>Bram Tonny Gerda</firstname>
                 <lastname>Van Huffel</lastname>
                 <roles>
                    <role>SPOUSE_1</role>
                 </roles>
                 <personNumber>1125000</personNumber>
              </person>
              <person>
                 <origin>RR</origin>
                 <birthPlace>
                    <municipalityCode>12007</municipalityCode>
                    <countryCode>150</countryCode>
                    <countryFreeText>test</countryFreeText>
                 </birthPlace>
                 <birthDate>
                    <day>1</day>
                    <month>4</month>
                    <year>1986</year>
                 </birthDate>
                 <firstname>Mounir</firstname>
                 <lastname>Ouchan</lastname>
                 <roles>
                    <role>ABS</role>
                 </roles>
                 <personNumber>86040128370</personNumber>
              </person>
           </persons>
           <oldDocumentReference>2018/33</oldDocumentReference>
           <docState>FINAL</docState>
        </document>
            </v1:saveOrUpdateDocument>
         </v1:request>
      </v1:saveOrUpdateDocumentRequest>
   </soapenv:Body>
</soapenv:Envelope>]]></con:request><con:assertion type="SOAP Fault Assertion" id="6b7bc7dc-d221-47d8-a39a-f8c27e676e82" name="Not SOAP Fault"/><con:assertion type="SOAP Response" id="cbbf68d5-cc55-4e07-ac2e-6a57da2370bb" name="SOAP Response"/><con:assertion type="Schema Compliance" id="828eef64-9e0e-400d-a248-862fa5a6cb3c" name="Schema Compliance"><con:configuration/></con:assertion><con:wsaConfig action="http://fidus.brussels/services/civilstatusdocumentservice/saveOrUpdateDocument"/></con:request></con:config></con:testStep><con:testStep type="request" id="b5558a35-ebf0-45f3-9790-cb00a965c5f4" name="testcase3 -Test - Worker2 - Request"><con:settings/><con:config xsi:type="con:RequestStep" xmlns:xsi="http://www.w3.org/2001/XMLSchema-instance"><con:interface>CivilStatusDocumentService_v1.0Soap11Binding</con:interface><con:operation>saveOrUpdateDocument</con:operation><con:request name="testcase3 -Test - Worker2 - Request" id="e214502b-6ac4-4ba1-ac5b-6c6c08042786" outgoingWss="Outflow TEST"><con:settings/><con:encoding>UTF-8</con:encoding><con:endpoint>https://192.168.24.51:8443/services/CivilStatusDocumentService_v1.0</con:endpoint><con:request><![CDATA[<soapenv:Envelope xmlns:soapenv="http://schemas.xmlsoap.org/soap/envelope/" xmlns:v1="http://fidus.brussels/service/civilstatusdocumentservice/messages/v1" xmlns:v11="http://fidus.brussels/type/common/messages/v1" xmlns:core="http://www.fgov.be/dabs/core">
   <soapenv:Header/>
   <soapenv:Body>
      <v1:saveOrUpdateDocumentRequest>
         <v1:messageContext>
           <v11:messageId>${=import static java.util.UUID.randomUUID; uuid = randomUUID() as String}</v11:messageId>
            <v11:timestamp>${=new java.text.SimpleDateFormat("yyyy-MM-dd'T'HH:mm:ss.SSS").format(new Date())}</v11:timestamp>
         </v1:messageContext>
         <v1:legalContext>ServiceIntegrator</v1:legalContext>
         <v1:request>         
            <v1:language>fr</v1:language>
            <v1:municipalityCode>d1051</v1:municipalityCode>
            <v1:saveOrUpdateDocument>
          <document xmlns:xsi="http://www.w3.org/2001/XMLSchema-instance" xsi:type="core:marriageCertificate">
           <attachments/>
           <certificateOriginType>FOREIGN_CERTIFICATE</certificateOriginType>
           <factDate>
              <day>22</day>
              <month>12</month>
              <year>2011</year>
           </factDate>
           <establishingDate>2018-07-17</establishingDate>
           <redactionPlace>
              <municipalityCode>12007</municipalityCode>
              <countryCode>150</countryCode>
              <countryFreeText>test</countryFreeText>
           </redactionPlace>
           <origin>DABS</origin>
           <persons>
              <person>
                 <origin>RR</origin>
                 <nobilityFree/>
                 <birthPlace>
                    <municipalityCode>12010</municipalityCode>
                    <countryCode>150</countryCode>
                    <countryFreeText>test</countryFreeText>
                 </birthPlace>
                 <birthDate>
                    <day>11</day>
                    <month>1</month>
                    <year>1980</year>
                 </birthDate>
                 <firstname>Katrien</firstname>
                 <lastname>De Bondt</lastname>
                 <roles>
                    <role>SPOUSE_2</role>
                 </roles>
                 <personNumber>11234</personNumber>
              </person>
              <person>
                 <origin>RR</origin>
                 <nobilityFree/>
                 <birthPlace>
                    <municipalityFreeText>Budel</municipalityFreeText>
                    <countryCode>129</countryCode>
                    <countryFreeText>test</countryFreeText>
                 </birthPlace>
                 <birthDate>
                    <day>5</day>
                    <month>7</month>
                    <year>1979</year>
                 </birthDate>
                 <firstname>Bram Tonny Gerda</firstname>
                 <lastname>Van Huffel</lastname>
                 <roles>
                    <role>SPOUSE_1</role>
                 </roles>
                 <personNumber>1125000</personNumber>
              </person>
              <person>
                 <origin>RR</origin>
                 <birthPlace>
                    <municipalityCode>12007</municipalityCode>
                    <countryCode>150</countryCode>
                    <countryFreeText>test</countryFreeText>
                 </birthPlace>
                 <birthDate>
                    <day>1</day>
                    <month>4</month>
                    <year>1986</year>
                 </birthDate>
                 <firstname>Mounir</firstname>
                 <lastname>Ouchan</lastname>
                 <roles>
                    <role>ABS</role>
                 </roles>
                 <personNumber>86040128370</personNumber>
              </person>
           </persons>
           <oldDocumentReference>2018/33</oldDocumentReference>
           <docState>FINAL</docState>
        </document>
            </v1:saveOrUpdateDocument>
         </v1:request>
      </v1:saveOrUpdateDocumentRequest>
   </soapenv:Body>
</soapenv:Envelope>]]></con:request><con:assertion type="SOAP Fault Assertion" id="5da6ab31-9321-4d94-b22f-70ca00c0b3fc" name="Not SOAP Fault"/><con:assertion type="SOAP Response" id="30e3b8d8-318a-442c-af49-2c63ac1ddb51" name="SOAP Response"/><con:assertion type="Schema Compliance" id="23064e57-0f95-46b2-a071-b687ff35e03e" name="Schema Compliance"><con:configuration/></con:assertion><con:wsaConfig action="http://fidus.brussels/services/civilstatusdocumentservice/saveOrUpdateDocument"/></con:request></con:config></con:testStep><con:properties/></con:testCase><con:testCase id="e2bc8f27-ba8b-4dc2-b885-74556474132c" failOnError="true" failTestCaseOnErrors="true" keepSession="false" maxResults="0" name="searchDocument" searchProperties="true"><con:settings/><con:testStep type="request" id="a9fc6d72-9f88-4f74-b27d-65e559dada47" name="testcase3 -Test - External - Request"><con:settings/><con:config xsi:type="con:RequestStep" xmlns:xsi="http://www.w3.org/2001/XMLSchema-instance"><con:interface>CivilStatusDocumentService_v1.0Soap11Binding</con:interface><con:operation>searchDocument</con:operation><con:request name="testcase3 -Test - External - Request" id="9bd92647-c7dc-4433-b354-b9f5a52361ea" outgoingWss="Outflow TEST"><con:settings/><con:encoding>UTF-8</con:encoding><con:endpoint>https://esb-security-gw.sta.srv.cirb.lan:8443/services/CivilStatusDocumentService_v1.0</con:endpoint><con:request><![CDATA[<soapenv:Envelope xmlns:soapenv="http://schemas.xmlsoap.org/soap/envelope/" xmlns:v1="http://fidus.brussels/service/civilstatusdocumentservice/messages/v1" xmlns:v11="http://fidus.brussels/type/common/messages/v1" xmlns:core="http://www.fgov.be/dabs/core">
   <soapenv:Header/>
   <soapenv:Body>
      <v1:searchDocumentRequest>
         <v1:messageContext>
           <v11:messageId>${=import static java.util.UUID.randomUUID; uuid = randomUUID() as String}</v11:messageId>
            <v11:timestamp>${=new java.text.SimpleDateFormat("yyyy-MM-dd'T'HH:mm:ss.SSS").format(new Date())}</v11:timestamp>
         </v1:messageContext>
         <v1:legalContext>ServiceIntegrator</v1:legalContext>
         <v1:request>
            <v1:language>fr</v1:language>
            <v1:searchDocument>
               <core:documentSearch>
                  <core:type>MARRIAGE_CERTIFICATE</core:type>
                  <core:state>FINAL</core:state>
                  <core:factDate>
                     <core:day>15</core:day>
                     <core:month>12</core:month>
                     <core:year>2011</core:year>
                  </core:factDate>
                  <core:personNumber>11234</core:personNumber>
                  <core:firstname>Katrien</core:firstname>
                  <core:lastname>De Bondt</core:lastname>
                  <core:birthDate>
                     <core:day>11</core:day>
                     <core:month>1</core:month>
                     <core:year>1980</core:year>
                  </core:birthDate>
                  <!--Optional:-->
                  <!--core:placeOfOrigin>?</core:placeOfOrigin-->
                  <core:searchInRrn>false</core:searchInRrn>
               </core:documentSearch>
            </v1:searchDocument>
         </v1:request>
      </v1:searchDocumentRequest>
   </soapenv:Body>
</soapenv:Envelope>]]></con:request><con:assertion type="SOAP Fault Assertion" id="21f0b9bf-be32-4f04-a9cf-c4b121cf648b" name="Not SOAP Fault"/><con:assertion type="SOAP Response" id="4e0b5b96-349c-4aca-b11c-be392a443d5e" name="SOAP Response"/><con:assertion type="Schema Compliance" id="5272dc8c-aab6-454d-bb02-da183958b493" name="Schema Compliance"><con:configuration/></con:assertion><con:wsaConfig action="http://fidus.brussels/services/civilstatusdocumentservice/searchDocument"/></con:request></con:config></con:testStep><con:testStep type="request" id="faab7eb4-2596-4ca9-b05a-459af2186ca3" name="testcase3 -Test - LB - Request"><con:settings/><con:config xsi:type="con:RequestStep" xmlns:xsi="http://www.w3.org/2001/XMLSchema-instance"><con:interface>CivilStatusDocumentService_v1.0Soap11Binding</con:interface><con:operation>searchDocument</con:operation><con:request name="testcase3 -Test - LB - Request" id="932a68e4-6156-47aa-91ba-73b16dcd5c4d" outgoingWss="Outflow TEST"><con:settings/><con:encoding>UTF-8</con:encoding><con:endpoint>https://fidus-test.irisnetlab.be/services/CivilStatusDocumentService_v1.0</con:endpoint><con:request><![CDATA[<soapenv:Envelope xmlns:soapenv="http://schemas.xmlsoap.org/soap/envelope/" xmlns:v1="http://fidus.brussels/service/civilstatusdocumentservice/messages/v1" xmlns:v11="http://fidus.brussels/type/common/messages/v1" xmlns:core="http://www.fgov.be/dabs/core">
   <soapenv:Header/>
   <soapenv:Body>
      <v1:searchDocumentRequest>
         <v1:messageContext>
           <v11:messageId>${=import static java.util.UUID.randomUUID; uuid = randomUUID() as String}</v11:messageId>
            <v11:timestamp>${=new java.text.SimpleDateFormat("yyyy-MM-dd'T'HH:mm:ss.SSS").format(new Date())}</v11:timestamp>
         </v1:messageContext>
         <v1:legalContext>ServiceIntegrator</v1:legalContext>
         <v1:request>
            <v1:language>fr</v1:language>
            <v1:searchDocument>
               <core:documentSearch>
                  <core:type>MARRIAGE_CERTIFICATE</core:type>
                  <core:state>FINAL</core:state>
                  <core:factDate>
                     <core:day>15</core:day>
                     <core:month>12</core:month>
                     <core:year>2011</core:year>
                  </core:factDate>
                  <core:personNumber>11234</core:personNumber>
                  <core:firstname>Katrien</core:firstname>
                  <core:lastname>De Bondt</core:lastname>
                  <core:birthDate>
                     <core:day>11</core:day>
                     <core:month>1</core:month>
                     <core:year>1980</core:year>
                  </core:birthDate>
                  <!--Optional:-->
                  <!--core:placeOfOrigin>?</core:placeOfOrigin-->
                  <core:searchInRrn>false</core:searchInRrn>
               </core:documentSearch>
            </v1:searchDocument>
         </v1:request>
      </v1:searchDocumentRequest>
   </soapenv:Body>
</soapenv:Envelope>]]></con:request><con:assertion type="SOAP Fault Assertion" id="7b2a86e3-fd55-4b69-9bff-39c7e80511ed" name="Not SOAP Fault"/><con:assertion type="SOAP Response" id="8e474ec1-e400-4e35-bd2b-1a6f80b2fc12" name="SOAP Response"/><con:assertion type="Schema Compliance" id="8b0c4a21-027a-4ea1-8133-af1eb5cea7e5" name="Schema Compliance"><con:configuration/></con:assertion><con:wsaConfig action="http://fidus.brussels/services/civilstatusdocumentservice/searchDocument"/></con:request></con:config></con:testStep><con:testStep type="request" id="be3d91f5-9397-4971-b9fb-d17808d0a848" name="testcase3 -Test - Worker1 - Request"><con:settings/><con:config xsi:type="con:RequestStep" xmlns:xsi="http://www.w3.org/2001/XMLSchema-instance"><con:interface>CivilStatusDocumentService_v1.0Soap11Binding</con:interface><con:operation>searchDocument</con:operation><con:request name="testcase3 -Test - Worker1 - Request" id="6bcfe5ba-0e7a-4204-bc1e-3f2d4f450145" outgoingWss="Outflow TEST"><con:settings/><con:encoding>UTF-8</con:encoding><con:endpoint>https://192.168.24.45:8443/services/CivilStatusDocumentService_v1.0</con:endpoint><con:request><![CDATA[<soapenv:Envelope xmlns:soapenv="http://schemas.xmlsoap.org/soap/envelope/" xmlns:v1="http://fidus.brussels/service/civilstatusdocumentservice/messages/v1" xmlns:v11="http://fidus.brussels/type/common/messages/v1" xmlns:core="http://www.fgov.be/dabs/core">
   <soapenv:Header/>
   <soapenv:Body>
      <v1:searchDocumentRequest>
         <v1:messageContext>
           <v11:messageId>${=import static java.util.UUID.randomUUID; uuid = randomUUID() as String}</v11:messageId>
            <v11:timestamp>${=new java.text.SimpleDateFormat("yyyy-MM-dd'T'HH:mm:ss.SSS").format(new Date())}</v11:timestamp>
         </v1:messageContext>
         <v1:legalContext>ServiceIntegrator</v1:legalContext>
         <v1:request>
            <v1:language>fr</v1:language>
            <v1:municipalityCode>d1051</v1:municipalityCode>
            <v1:searchDocument>
               <documentSearch>
                  <type>MARRIAGE_CERTIFICATE</type>
                  <state>FINAL</state>
                  <factDate>
                     <day>15</day>
                     <month>12</month>
                     <year>2011</year>
                  </factDate>
                  <personNumber>11234</personNumber>
                  <firstname>Katrien</firstname>
                  <lastname>De Bondt</lastname>
                  <birthDate>
                     <day>11</day>
                     <month>1</month>
                     <year>1980</year>
                  </birthDate>
                  <!--Optional:-->
                  <searchInRrn>false</searchInRrn>
               </documentSearch>
            </v1:searchDocument>
         </v1:request>
      </v1:searchDocumentRequest>
   </soapenv:Body>
</soapenv:Envelope>]]></con:request><con:assertion type="SOAP Fault Assertion" id="ee6f24b6-db2c-435b-9ab4-3db535c316b7" name="Not SOAP Fault"/><con:assertion type="SOAP Response" id="99fb3007-9789-4386-9037-bc10d085bf0d" name="SOAP Response"/><con:assertion type="Schema Compliance" id="4c82dd37-8d01-4ece-8b64-89520333bbc1" name="Schema Compliance"><con:configuration/></con:assertion><con:wsaConfig action="http://fidus.brussels/services/civilstatusdocumentservice/searchDocument"/></con:request></con:config></con:testStep><con:testStep type="request" id="5e97c2bb-a1fd-4222-a35f-e6af7e84649d" name="testcase3 -Test - Worker2 - Request"><con:settings/><con:config xsi:type="con:RequestStep" xmlns:xsi="http://www.w3.org/2001/XMLSchema-instance"><con:interface>CivilStatusDocumentService_v1.0Soap11Binding</con:interface><con:operation>searchDocument</con:operation><con:request name="testcase3 -Test - Worker2 - Request" id="545a258d-63c6-4634-8f69-e36d4c4cbf0f" outgoingWss="Outflow TEST"><con:settings/><con:encoding>UTF-8</con:encoding><con:endpoint>https://192.168.24.51:8443/services/CivilStatusDocumentService_v1.0</con:endpoint><con:request><![CDATA[<soapenv:Envelope xmlns:soapenv="http://schemas.xmlsoap.org/soap/envelope/" xmlns:v1="http://fidus.brussels/service/civilstatusdocumentservice/messages/v1" xmlns:v11="http://fidus.brussels/type/common/messages/v1" xmlns:core="http://www.fgov.be/dabs/core">
   <soapenv:Header/>
   <soapenv:Body>
      <v1:searchDocumentRequest>
         <v1:messageContext>
           <v11:messageId>${=import static java.util.UUID.randomUUID; uuid = randomUUID() as String}</v11:messageId>
            <v11:timestamp>${=new java.text.SimpleDateFormat("yyyy-MM-dd'T'HH:mm:ss.SSS").format(new Date())}</v11:timestamp>
         </v1:messageContext>
         <v1:legalContext>ServiceIntegrator</v1:legalContext>
         <v1:request>
            <v1:language>fr</v1:language>
            <v1:municipalityCode>d1051</v1:municipalityCode>
            <v1:searchDocument>
               <documentSearch>
                  <type>MARRIAGE_CERTIFICATE</type>
                  <state>FINAL</state>
                  <factDate>
                     <day>15</day>
                     <month>12</month>
                     <year>2011</year>
                  </factDate>
                  <personNumber>11234</personNumber>
                  <firstname>Katrien</firstname>
                  <lastname>De Bondt</lastname>
                  <birthDate>
                     <day>11</day>
                     <month>1</month>
                     <year>1980</year>
                  </birthDate>
                  <!--Optional:-->
                  <!--placeOfOrigin>?</placeOfOrigin-->
                  <searchInRrn>false</searchInRrn>
               </documentSearch>
            </v1:searchDocument>
         </v1:request>
      </v1:searchDocumentRequest>
   </soapenv:Body>
</soapenv:Envelope>]]></con:request><con:assertion type="SOAP Fault Assertion" id="2739c992-13e6-4da0-969d-9b4776b0e8c6" name="Not SOAP Fault"/><con:assertion type="SOAP Response" id="8d645ba4-4643-4303-a9ac-c81040b46c36" name="SOAP Response"/><con:assertion type="Schema Compliance" id="ed209c31-2152-413e-a1e4-1ab30cf12aec" name="Schema Compliance"><con:configuration/></con:assertion><con:wsaConfig action="http://fidus.brussels/services/civilstatusdocumentservice/searchDocument"/></con:request></con:config></con:testStep><con:properties/></con:testCase><con:testCase id="77e57d39-821b-464d-8700-b7238f67c2e7" failOnError="true" failTestCaseOnErrors="true" keepSession="false" maxResults="0" name="validateDocument" searchProperties="true"><con:settings/><con:testStep type="request" id="5924f3a5-8829-4761-9cb5-e097e6395b9a" name="testcase3 -Test - External - Request"><con:settings/><con:config xsi:type="con:RequestStep" xmlns:xsi="http://www.w3.org/2001/XMLSchema-instance"><con:interface>CivilStatusDocumentService_v1.0Soap11Binding</con:interface><con:operation>validateDocument</con:operation><con:request name="testcase3 -Test - External - Request" id="1653324b-601e-43ec-a9e9-737575dec11f" outgoingWss="Outflow TEST"><con:settings/><con:encoding>UTF-8</con:encoding><con:endpoint>https://192.168.22.53:8443/services/CivilStatusDocumentService_v1.0</con:endpoint><con:request><![CDATA[<soapenv:Envelope xmlns:soapenv="http://schemas.xmlsoap.org/soap/envelope/" xmlns:v1="http://fidus.brussels/service/civilstatusdocumentservice/messages/v1" xmlns:v11="http://fidus.brussels/type/common/messages/v1" xmlns:core="http://www.fgov.be/dabs/core">
   <soapenv:Header/>
   <soapenv:Body>
      <v1:validateDocumentRequest>
         <v1:messageContext>
            <v11:messageId>${=import static java.util.UUID.randomUUID; uuid = randomUUID() as String}</v11:messageId>
            <v11:timestamp>${=new java.text.SimpleDateFormat("yyyy-MM-dd'T'HH:mm:ss.SSS").format(new Date())}</v11:timestamp>
         </v1:messageContext>
         <v1:legalContext>ServiceIntegrator</v1:legalContext>
         <v1:request>
            <v1:language>fr</v1:language>
             <v1:municipalityCode>d1051</v1:municipalityCode>
            <v1:validateDocument>
               <document xsi:type="core:marriageCertificate" xmlns:xsi="http://www.w3.org/2001/XMLSchema-instance">
                  <attachments/>
                  <certificateOriginType>FOREIGN_CERTIFICATE</certificateOriginType>
                  <factDate>
                     <day>26</day>
                     <month>12</month>
                     <year>2011</year>
                  </factDate>
                  <establishingDate>2018-07-17</establishingDate>
                  <redactionPlace>
                     <municipalityCode>12007</municipalityCode>
                     <countryCode>150</countryCode>
                     <countryFreeText>test</countryFreeText>
                  </redactionPlace>
                  <origin>DABS</origin>
                  <persons>
                     <person>
                        <origin>RR</origin>
                        <nobilityFree/>
                        <birthPlace>
                           <municipalityCode>12010</municipalityCode>
                           <countryCode>150</countryCode>
                           <countryFreeText>test</countryFreeText>
                        </birthPlace>
                        <birthDate>
                           <day>11</day>
                           <month>1</month>
                           <year>1980</year>
                        </birthDate>
                        <firstname>Katrien</firstname>
                        <lastname>De Bondt</lastname>
                        <roles>
                           <role>SPOUSE_2</role>
                        </roles>
                        <personNumber>11234</personNumber>
                     </person>
                     <person>
                        <origin>RR</origin>
                        <nobilityFree/>
                        <birthPlace>
                           <municipalityFreeText>Budel</municipalityFreeText>
                           <countryCode>129</countryCode>
                           <countryFreeText>test</countryFreeText>
                        </birthPlace>
                        <birthDate>
                           <day>5</day>
                           <month>7</month>
                           <year>1979</year>
                        </birthDate>
                        <firstname>Bram Tonny Gerda</firstname>
                        <lastname>Van Huffel</lastname>
                        <roles>
                           <role>SPOUSE_1</role>
                        </roles>
                        <personNumber>1125000</personNumber>
                     </person>
                     <person>
                        <origin>RR</origin>
                        <birthPlace>
                           <municipalityCode>12007</municipalityCode>
                           <countryCode>150</countryCode>
                           <countryFreeText>test</countryFreeText>
                        </birthPlace>
                        <birthDate>
                           <day>1</day>
                           <month>4</month>
                           <year>1986</year>
                        </birthDate>
                        <firstname>Mounir</firstname>
                        <lastname>Ouchan</lastname>
                        <roles>
                           <role>ABS</role>
                        </roles>
                        <personNumber>86040128370</personNumber>
                     </person>
                  </persons>
                  <oldDocumentReference>2018/33</oldDocumentReference>
                  <docState>FINAL</docState>
               </document>
            </v1:validateDocument>
         </v1:request>
      </v1:validateDocumentRequest>
   </soapenv:Body>
</soapenv:Envelope>]]></con:request><con:assertion type="SOAP Fault Assertion" id="2104ad13-2014-4359-952c-2a1085ff1293" name="Not SOAP Fault"/><con:assertion type="SOAP Response" id="2b60e97c-9e1a-421d-90a7-a7c226c71cb4" name="SOAP Response"/><con:assertion type="Schema Compliance" id="3116c8bc-d121-4342-842b-7a8c46808885" name="Schema Compliance"><con:configuration/></con:assertion><con:wsaConfig action="http://fidus.brussels/services/civilstatusdocumentservice/validateDocument"/></con:request></con:config></con:testStep><con:testStep type="request" id="7aa0ab11-3c17-44b7-a648-291e78875bf6" name="testcase3 -Test - LB - Request"><con:settings/><con:config xsi:type="con:RequestStep" xmlns:xsi="http://www.w3.org/2001/XMLSchema-instance"><con:interface>CivilStatusDocumentService_v1.0Soap11Binding</con:interface><con:operation>validateDocument</con:operation><con:request name="testcase3 -Test - LB - Request" id="c21adb4d-1306-4584-8bd9-dae17c7c21f0" outgoingWss="Outflow TEST"><con:settings/><con:encoding>UTF-8</con:encoding><con:endpoint>https://192.168.22.53:8443/services/CivilStatusDocumentService_v1.0</con:endpoint><con:request><![CDATA[<soapenv:Envelope xmlns:soapenv="http://schemas.xmlsoap.org/soap/envelope/" xmlns:v1="http://fidus.brussels/service/civilstatusdocumentservice/messages/v1" xmlns:v11="http://fidus.brussels/type/common/messages/v1" xmlns:core="http://www.fgov.be/dabs/core">
   <soapenv:Header/>
   <soapenv:Body>
      <v1:validateDocumentRequest>
         <v1:messageContext>
            <v11:messageId>${=import static java.util.UUID.randomUUID; uuid = randomUUID() as String}</v11:messageId>
            <v11:timestamp>${=new java.text.SimpleDateFormat("yyyy-MM-dd'T'HH:mm:ss.SSS").format(new Date())}</v11:timestamp>
         </v1:messageContext>
         <v1:legalContext>ServiceIntegrator</v1:legalContext>
         <v1:request>
            <v1:language>fr</v1:language>
             <v1:municipalityCode>d1051</v1:municipalityCode>
            <v1:validateDocument>
               <document xsi:type="core:marriageCertificate" xmlns:xsi="http://www.w3.org/2001/XMLSchema-instance">
                  <attachments/>
                  <certificateOriginType>FOREIGN_CERTIFICATE</certificateOriginType>
                  <factDate>
                     <day>26</day>
                     <month>12</month>
                     <year>2011</year>
                  </factDate>
                  <establishingDate>2018-07-17</establishingDate>
                  <redactionPlace>
                     <municipalityCode>12007</municipalityCode>
                     <countryCode>150</countryCode>
                     <countryFreeText>test</countryFreeText>
                  </redactionPlace>
                  <origin>DABS</origin>
                  <persons>
                     <person>
                        <origin>RR</origin>
                        <nobilityFree/>
                        <birthPlace>
                           <municipalityCode>12010</municipalityCode>
                           <countryCode>150</countryCode>
                           <countryFreeText>test</countryFreeText>
                        </birthPlace>
                        <birthDate>
                           <day>11</day>
                           <month>1</month>
                           <year>1980</year>
                        </birthDate>
                        <firstname>Katrien</firstname>
                        <lastname>De Bondt</lastname>
                        <roles>
                           <role>SPOUSE_2</role>
                        </roles>
                        <personNumber>11234</personNumber>
                     </person>
                     <person>
                        <origin>RR</origin>
                        <nobilityFree/>
                        <birthPlace>
                           <municipalityFreeText>Budel</municipalityFreeText>
                           <countryCode>129</countryCode>
                           <countryFreeText>test</countryFreeText>
                        </birthPlace>
                        <birthDate>
                           <day>5</day>
                           <month>7</month>
                           <year>1979</year>
                        </birthDate>
                        <firstname>Bram Tonny Gerda</firstname>
                        <lastname>Van Huffel</lastname>
                        <roles>
                           <role>SPOUSE_1</role>
                        </roles>
                        <personNumber>1125000</personNumber>
                     </person>
                     <person>
                        <origin>RR</origin>
                        <birthPlace>
                           <municipalityCode>12007</municipalityCode>
                           <countryCode>150</countryCode>
                           <countryFreeText>test</countryFreeText>
                        </birthPlace>
                        <birthDate>
                           <day>1</day>
                           <month>4</month>
                           <year>1986</year>
                        </birthDate>
                        <firstname>Mounir</firstname>
                        <lastname>Ouchan</lastname>
                        <roles>
                           <role>ABS</role>
                        </roles>
                        <personNumber>86040128370</personNumber>
                     </person>
                  </persons>
                  <oldDocumentReference>2018/33</oldDocumentReference>
                  <docState>FINAL</docState>
               </document>
            </v1:validateDocument>
         </v1:request>
      </v1:validateDocumentRequest>
   </soapenv:Body>
</soapenv:Envelope>]]></con:request><con:assertion type="SOAP Fault Assertion" id="1c80ddea-ea70-4f57-a879-249a40bda837" name="Not SOAP Fault"/><con:assertion type="SOAP Response" id="a0372e87-9f1e-494c-82df-adac95c5e061" name="SOAP Response"/><con:assertion type="Schema Compliance" id="56f53cfa-da53-4925-b597-5e2d3a01a54b" name="Schema Compliance"><con:configuration/></con:assertion><con:wsaConfig action="http://fidus.brussels/services/civilstatusdocumentservice/validateDocument"/></con:request></con:config></con:testStep><con:testStep type="request" id="dc0444f8-0b51-47da-989b-c68966b80783" name="testcase3 -Test - Worker1 - Request"><con:settings/><con:config xsi:type="con:RequestStep" xmlns:xsi="http://www.w3.org/2001/XMLSchema-instance"><con:interface>CivilStatusDocumentService_v1.0Soap11Binding</con:interface><con:operation>validateDocument</con:operation><con:request name="testcase3 -Test - Worker1 - Request" id="92463687-4fb2-4795-bf41-2cd67ab9fa86" outgoingWss="Outflow TEST"><con:settings/><con:encoding>UTF-8</con:encoding><con:endpoint>https://192.168.24.45:8443/services/CivilStatusDocumentService_v1.0</con:endpoint><con:request><![CDATA[<soapenv:Envelope xmlns:soapenv="http://schemas.xmlsoap.org/soap/envelope/" xmlns:v1="http://fidus.brussels/service/civilstatusdocumentservice/messages/v1" xmlns:v11="http://fidus.brussels/type/common/messages/v1" xmlns:core="http://www.fgov.be/dabs/core">
   <soapenv:Header/>
   <soapenv:Body>
      <v1:validateDocumentRequest>
         <v1:messageContext>
            <v11:messageId>${=import static java.util.UUID.randomUUID; uuid = randomUUID() as String}</v11:messageId>
            <v11:timestamp>${=new java.text.SimpleDateFormat("yyyy-MM-dd'T'HH:mm:ss.SSS").format(new Date())}</v11:timestamp>
         </v1:messageContext>
         <v1:legalContext>ServiceIntegrator</v1:legalContext>
         <v1:request>
            <v1:language>fr</v1:language>
             <v1:municipalityCode>d1051</v1:municipalityCode>
            <v1:validateDocument>
               <document xsi:type="core:marriageCertificate" xmlns:xsi="http://www.w3.org/2001/XMLSchema-instance">
                  <attachments/>
                  <certificateOriginType>FOREIGN_CERTIFICATE</certificateOriginType>
                  <factDate>
                     <day>26</day>
                     <month>12</month>
                     <year>2011</year>
                  </factDate>
                  <establishingDate>2018-07-17</establishingDate>
                  <redactionPlace>
                     <municipalityCode>12007</municipalityCode>
                     <countryCode>150</countryCode>
                     <countryFreeText>test</countryFreeText>
                  </redactionPlace>
                  <origin>DABS</origin>
                  <persons>
                     <person>
                        <origin>RR</origin>
                        <nobilityFree/>
                        <birthPlace>
                           <municipalityCode>12010</municipalityCode>
                           <countryCode>150</countryCode>
                           <countryFreeText>test</countryFreeText>
                        </birthPlace>
                        <birthDate>
                           <day>11</day>
                           <month>1</month>
                           <year>1980</year>
                        </birthDate>
                        <firstname>Katrien</firstname>
                        <lastname>De Bondt</lastname>
                        <roles>
                           <role>SPOUSE_2</role>
                        </roles>
                        <personNumber>11234</personNumber>
                     </person>
                     <person>
                        <origin>RR</origin>
                        <nobilityFree/>
                        <birthPlace>
                           <municipalityFreeText>Budel</municipalityFreeText>
                           <countryCode>129</countryCode>
                           <countryFreeText>test</countryFreeText>
                        </birthPlace>
                        <birthDate>
                           <day>5</day>
                           <month>7</month>
                           <year>1979</year>
                        </birthDate>
                        <firstname>Bram Tonny Gerda</firstname>
                        <lastname>Van Huffel</lastname>
                        <roles>
                           <role>SPOUSE_1</role>
                        </roles>
                        <personNumber>1125000</personNumber>
                     </person>
                     <person>
                        <origin>RR</origin>
                        <birthPlace>
                           <municipalityCode>12007</municipalityCode>
                           <countryCode>150</countryCode>
                           <countryFreeText>test</countryFreeText>
                        </birthPlace>
                        <birthDate>
                           <day>1</day>
                           <month>4</month>
                           <year>1986</year>
                        </birthDate>
                        <firstname>Mounir</firstname>
                        <lastname>Ouchan</lastname>
                        <roles>
                           <role>ABS</role>
                        </roles>
                        <personNumber>86040128370</personNumber>
                     </person>
                  </persons>
                  <oldDocumentReference>2018/33</oldDocumentReference>
                  <docState>FINAL</docState>
               </document>
            </v1:validateDocument>
         </v1:request>
      </v1:validateDocumentRequest>
   </soapenv:Body>
</soapenv:Envelope>]]></con:request><con:assertion type="SOAP Fault Assertion" id="11d38b97-1c01-437e-a2c6-14ccdb424002" name="Not SOAP Fault"/><con:assertion type="SOAP Response" id="5b851402-02c4-492c-9dec-bfc696a5d9ab" name="SOAP Response"/><con:assertion type="Schema Compliance" id="fc389eaf-16a7-478b-ac45-83eadddd8003" name="Schema Compliance"><con:configuration/></con:assertion><con:wsaConfig action="http://fidus.brussels/services/civilstatusdocumentservice/validateDocument"/></con:request></con:config></con:testStep><con:testStep type="request" id="a0f71669-0309-400b-921c-04c6a6bad4ac" name="testcase3 -Test - Worker2 - Request"><con:settings/><con:config xsi:type="con:RequestStep" xmlns:xsi="http://www.w3.org/2001/XMLSchema-instance"><con:interface>CivilStatusDocumentService_v1.0Soap11Binding</con:interface><con:operation>validateDocument</con:operation><con:request name="testcase3 -Test - Worker2 - Request" id="e9340551-2ea1-443d-9c32-d96771dda7e7" outgoingWss="Outflow TEST"><con:settings/><con:encoding>UTF-8</con:encoding><con:endpoint>https://192.168.24.51:8443/services/CivilStatusDocumentService_v1.0</con:endpoint><con:request><![CDATA[<soapenv:Envelope xmlns:soapenv="http://schemas.xmlsoap.org/soap/envelope/" xmlns:v1="http://fidus.brussels/service/civilstatusdocumentservice/messages/v1" xmlns:v11="http://fidus.brussels/type/common/messages/v1" xmlns:core="http://www.fgov.be/dabs/core">
   <soapenv:Header/>
   <soapenv:Body>
      <v1:validateDocumentRequest>
         <v1:messageContext>
            <v11:messageId>${=import static java.util.UUID.randomUUID; uuid = randomUUID() as String}</v11:messageId>
            <v11:timestamp>${=new java.text.SimpleDateFormat("yyyy-MM-dd'T'HH:mm:ss.SSS").format(new Date())}</v11:timestamp>
         </v1:messageContext>
         <v1:legalContext>ServiceIntegrator</v1:legalContext>
         <v1:request>
            <v1:language>fr</v1:language>
             <v1:municipalityCode>d1051</v1:municipalityCode>
            <v1:validateDocument>
               <document xsi:type="core:marriageCertificate" xmlns:xsi="http://www.w3.org/2001/XMLSchema-instance">
                  <attachments/>
                  <certificateOriginType>FOREIGN_CERTIFICATE</certificateOriginType>
                  <factDate>
                     <day>26</day>
                     <month>12</month>
                     <year>2011</year>
                  </factDate>
                  <establishingDate>2018-07-17</establishingDate>
                  <redactionPlace>
                     <municipalityCode>12007</municipalityCode>
                     <countryCode>150</countryCode>
                     <countryFreeText>test</countryFreeText>
                  </redactionPlace>
                  <origin>DABS</origin>
                  <persons>
                     <person>
                        <origin>RR</origin>
                        <nobilityFree/>
                        <birthPlace>
                           <municipalityCode>12010</municipalityCode>
                           <countryCode>150</countryCode>
                           <countryFreeText>test</countryFreeText>
                        </birthPlace>
                        <birthDate>
                           <day>11</day>
                           <month>1</month>
                           <year>1980</year>
                        </birthDate>
                        <firstname>Katrien</firstname>
                        <lastname>De Bondt</lastname>
                        <roles>
                           <role>SPOUSE_2</role>
                        </roles>
                        <personNumber>11234</personNumber>
                     </person>
                     <person>
                        <origin>RR</origin>
                        <nobilityFree/>
                        <birthPlace>
                           <municipalityFreeText>Budel</municipalityFreeText>
                           <countryCode>129</countryCode>
                           <countryFreeText>test</countryFreeText>
                        </birthPlace>
                        <birthDate>
                           <day>5</day>
                           <month>7</month>
                           <year>1979</year>
                        </birthDate>
                        <firstname>Bram Tonny Gerda</firstname>
                        <lastname>Van Huffel</lastname>
                        <roles>
                           <role>SPOUSE_1</role>
                        </roles>
                        <personNumber>1125000</personNumber>
                     </person>
                     <person>
                        <origin>RR</origin>
                        <birthPlace>
                           <municipalityCode>12007</municipalityCode>
                           <countryCode>150</countryCode>
                           <countryFreeText>test</countryFreeText>
                        </birthPlace>
                        <birthDate>
                           <day>1</day>
                           <month>4</month>
                           <year>1986</year>
                        </birthDate>
                        <firstname>Mounir</firstname>
                        <lastname>Ouchan</lastname>
                        <roles>
                           <role>ABS</role>
                        </roles>
                        <personNumber>86040128370</personNumber>
                     </person>
                  </persons>
                  <oldDocumentReference>2018/33</oldDocumentReference>
                  <docState>FINAL</docState>
               </document>
            </v1:validateDocument>
         </v1:request>
      </v1:validateDocumentRequest>
   </soapenv:Body>
</soapenv:Envelope>]]></con:request><con:assertion type="SOAP Fault Assertion" id="92965b69-8bba-456d-a260-811a1360edaa" name="Not SOAP Fault"/><con:assertion type="SOAP Response" id="493e6516-ef0f-4b89-a0e8-99ddd42320fc" name="SOAP Response"/><con:assertion type="Schema Compliance" id="28ffd998-81a3-47f1-b9cc-986cb54032cf" name="Schema Compliance"><con:configuration/></con:assertion><con:wsaConfig action="http://fidus.brussels/services/civilstatusdocumentservice/validateDocument"/></con:request></con:config></con:testStep><con:properties/></con:testCase><con:properties/></con:testSuite><con:testSuite id="7f5992f9-9218-4294-bc3c-66a353b79675" name="STAG"><con:settings/><con:runType>SEQUENTIAL</con:runType><con:testCase id="29a97cd8-d794-4289-911b-d8f6be6248c4" failOnError="true" failTestCaseOnErrors="true" keepSession="false" maxResults="0" name="getCopyConform" searchProperties="true"><con:settings/><con:testStep type="request" id="09b5bf46-8cac-4ce0-a206-e3228e43a729" name="testcase4 -Staging - External - Request"><con:settings/><con:config xsi:type="con:RequestStep" xmlns:xsi="http://www.w3.org/2001/XMLSchema-instance"><con:interface>CivilStatusDocumentService_v1.0Soap11Binding</con:interface><con:operation>getCopyConform</con:operation><con:request name="testcase4 -Staging - External - Request" id="31d93e73-42e5-431b-a243-a809ebb4941e" outgoingWss="Outflow STAG"><con:settings/><con:encoding>UTF-8</con:encoding><con:endpoint>https://fidus.irisnetlab.be/services/CivilStatusDocumentService_v1.0</con:endpoint><con:request><![CDATA[<soapenv:Envelope xmlns:soapenv="http://schemas.xmlsoap.org/soap/envelope/" xmlns:v1="http://fidus.brussels/service/civilstatusdocumentservice/messages/v1" xmlns:v11="http://fidus.brussels/type/common/messages/v1">
   <soapenv:Header/>
   <soapenv:Body>
      <v1:getCopyConformRequest>
         <v1:messageContext>
           <v11:messageId>${=import static java.util.UUID.randomUUID; uuid = randomUUID() as String}</v11:messageId>
            <v11:timestamp>${=new java.text.SimpleDateFormat("yyyy-MM-dd'T'HH:mm:ss.SSS").format(new Date())}</v11:timestamp>
         </v1:messageContext>
         <v1:legalContext>ServiceIntegrator</v1:legalContext>
         <v1:request>
            <v1:documentReference>20180000299194</v1:documentReference>
		  <v1:language>fr</v1:language>
         </v1:request>
      </v1:getCopyConformRequest>
   </soapenv:Body>
</soapenv:Envelope>]]></con:request><con:assertion type="SOAP Fault Assertion" id="0ab0fc58-b0dc-4abe-9f71-d8b764200c52" name="Not SOAP Fault"/><con:assertion type="SOAP Response" id="7c8bd63f-7e85-44cb-a9de-c4bb999a61f6" name="SOAP Response"/><con:assertion type="Schema Compliance" id="2679a5db-5b24-43b7-be3a-85473d9f8206" name="Schema Compliance"><con:configuration/></con:assertion><con:wsaConfig action="http://fidus.brussels/services/civilstatusdocumentservice/getCopyConform"/></con:request></con:config></con:testStep><con:testStep type="request" id="1269e1d7-1bf4-4116-a9a7-ea129cc092f2" name="testcase4 -Staging - LB - Request"><con:settings/><con:config xsi:type="con:RequestStep" xmlns:xsi="http://www.w3.org/2001/XMLSchema-instance"><con:interface>CivilStatusDocumentService_v1.0Soap11Binding</con:interface><con:operation>getCopyConform</con:operation><con:request name="testcase4 -Staging - LB - Request" id="da3649d3-ada1-44c0-900e-47a95c59f56b" outgoingWss="Outflow STAG"><con:settings/><con:encoding>UTF-8</con:encoding><con:endpoint>https://fidus-esb-sg.sta.srv.cirb.lan:8443/services/CivilStatusDocumentService_v1.0</con:endpoint><con:request><![CDATA[<soapenv:Envelope xmlns:soapenv="http://schemas.xmlsoap.org/soap/envelope/" xmlns:v1="http://fidus.brussels/service/civilstatusdocumentservice/messages/v1" xmlns:v11="http://fidus.brussels/type/common/messages/v1">
   <soapenv:Header/>
   <soapenv:Body>
      <v1:getCopyConformRequest>
         <v1:messageContext>
           <v11:messageId>${=import static java.util.UUID.randomUUID; uuid = randomUUID() as String}</v11:messageId>
            <v11:timestamp>${=new java.text.SimpleDateFormat("yyyy-MM-dd'T'HH:mm:ss.SSS").format(new Date())}</v11:timestamp>
         </v1:messageContext>
         <v1:legalContext>ServiceIntegrator</v1:legalContext>
         <v1:request>
            <v1:documentReference>20180000299194</v1:documentReference>
		  <v1:language>fr</v1:language>
         </v1:request>
      </v1:getCopyConformRequest>
   </soapenv:Body>
</soapenv:Envelope>]]></con:request><con:assertion type="SOAP Fault Assertion" id="a95c23db-a3bf-4129-a637-8b16bb810010" name="Not SOAP Fault"/><con:assertion type="SOAP Response" id="28e99609-9dad-4074-86af-8130e59eeec9" name="SOAP Response"/><con:assertion type="Schema Compliance" id="5f626d9a-37ed-4e43-af37-d5e180a805a5" name="Schema Compliance"><con:configuration/></con:assertion><con:wsaConfig action="http://fidus.brussels/services/civilstatusdocumentservice/getCopyConform"/></con:request></con:config></con:testStep><con:testStep type="request" id="42478a18-f0c0-456b-bbc0-3608872f647f" name="testcase4 -Staging - worker1 - Request"><con:settings/><con:config xsi:type="con:RequestStep" xmlns:xsi="http://www.w3.org/2001/XMLSchema-instance"><con:interface>CivilStatusDocumentService_v1.0Soap11Binding</con:interface><con:operation>getCopyConform</con:operation><con:request name="testcase4 -Staging - worker1 - Request" id="6e363ffd-1cca-4b78-9348-5a9a33f5acd3" outgoingWss="Outflow STAG"><con:settings/><con:encoding>UTF-8</con:encoding><con:endpoint>https://192.168.24.16:8443/services/CivilStatusDocumentService_v1.0</con:endpoint><con:request><![CDATA[<soapenv:Envelope xmlns:soapenv="http://schemas.xmlsoap.org/soap/envelope/" xmlns:v1="http://fidus.brussels/service/civilstatusdocumentservice/messages/v1" xmlns:v11="http://fidus.brussels/type/common/messages/v1">
   <soapenv:Header/>
   <soapenv:Body>
      <v1:getCopyConformRequest>
         <v1:messageContext>
           <v11:messageId>${=import static java.util.UUID.randomUUID; uuid = randomUUID() as String}</v11:messageId>
            <!--Optional:-->
            <v11:timestamp>${=new java.text.SimpleDateFormat("yyyy-MM-dd'T'HH:mm:ss.SSS").format(new Date())}</v11:timestamp>
         </v1:messageContext>
         <v1:legalContext>ServiceIntegrator</v1:legalContext>
         <v1:request>
            <v1:documentReference>20180000299194</v1:documentReference>
            <v1:language>fr</v1:language>
            <!--Optional:-->
            <v1:municipalityCode>01050</v1:municipalityCode>
         </v1:request>
      </v1:getCopyConformRequest>
   </soapenv:Body>
</soapenv:Envelope>]]></con:request><con:assertion type="SOAP Fault Assertion" id="968dd23b-d846-44fa-8d5d-ec1bc0ba9f74" name="Not SOAP Fault"/><con:assertion type="SOAP Response" id="de59615e-ae93-4038-abff-16acff0fffb6" name="SOAP Response"/><con:assertion type="Schema Compliance" id="a0a29885-c18e-4a90-9be7-618252f0e755" name="Schema Compliance"><con:configuration/></con:assertion><con:wsaConfig action="http://fidus.brussels/services/civilstatusdocumentservice/getCopyConform"/></con:request></con:config></con:testStep><con:testStep type="request" id="07d33a8d-825d-44c4-aec2-d6a4fd71780d" name="testcase4 -Staging - worker2 - Request"><con:settings/><con:config xsi:type="con:RequestStep" xmlns:xsi="http://www.w3.org/2001/XMLSchema-instance"><con:interface>CivilStatusDocumentService_v1.0Soap11Binding</con:interface><con:operation>getCopyConform</con:operation><con:request name="testcase4 -Staging - worker2 - Request" id="642c070a-87d7-421d-827e-3a263a038696" outgoingWss="Outflow STAG"><con:settings/><con:encoding>UTF-8</con:encoding><con:endpoint>https://192.168.24.17:8443/services/CivilStatusDocumentService_v1.0</con:endpoint><con:request><![CDATA[<soapenv:Envelope xmlns:soapenv="http://schemas.xmlsoap.org/soap/envelope/" xmlns:v1="http://fidus.brussels/service/civilstatusdocumentservice/messages/v1" xmlns:v11="http://fidus.brussels/type/common/messages/v1">
   <soapenv:Header/>
   <soapenv:Body>
      <v1:getCopyConformRequest>
         <v1:messageContext>
           <v11:messageId>${=import static java.util.UUID.randomUUID; uuid = randomUUID() as String}</v11:messageId>
            <!--Optional:-->
            <v11:timestamp>${=new java.text.SimpleDateFormat("yyyy-MM-dd'T'HH:mm:ss.SSS").format(new Date())}</v11:timestamp>
         </v1:messageContext>
         <v1:legalContext>ServiceIntegrator</v1:legalContext>
         <v1:request>
            <v1:documentReference>20180000299194</v1:documentReference>
            <v1:language>fr</v1:language>
            <!--Optional:-->
         </v1:request>
      </v1:getCopyConformRequest>
   </soapenv:Body>
</soapenv:Envelope>]]></con:request><con:assertion type="SOAP Fault Assertion" id="8799f6a6-5482-40ac-a9a2-55615d869c03" name="Not SOAP Fault"/><con:assertion type="SOAP Response" id="964a04fa-a0da-4b93-85a1-c848808a222c" name="SOAP Response"/><con:assertion type="Schema Compliance" id="8c7e9d95-3a7e-4c70-beb1-e83f7d9083d7" name="Schema Compliance"><con:configuration/></con:assertion><con:wsaConfig action="http://fidus.brussels/services/civilstatusdocumentservice/getCopyConform"/></con:request></con:config></con:testStep><con:properties/></con:testCase><con:testCase id="ef752164-f5a0-4a75-9ea5-17f491a28bb6" failOnError="true" failTestCaseOnErrors="true" keepSession="false" maxResults="0" name="getCopyConformAsPdf" searchProperties="true"><con:settings/><con:testStep type="request" id="2c8e0e1d-e64e-4035-b7b9-88ed2f61bc2c" name="testcase4 - Staging - Worker2 - Request"><con:settings/><con:config xsi:type="con:RequestStep" xmlns:xsi="http://www.w3.org/2001/XMLSchema-instance"><con:interface>CivilStatusDocumentService_v1.0Soap11Binding</con:interface><con:operation>getCopyConformAsPdf</con:operation><con:request name="testcase4 - Staging - Worker2 - Request" id="6be37c9b-1a68-4c9d-8a49-143d27736ac2" outgoingWss="Outflow STAG"><con:settings/><con:encoding>UTF-8</con:encoding><con:endpoint>https://192.168.24.64:8443/services/CivilStatusDocumentService_v1.0</con:endpoint><con:request><![CDATA[<soapenv:Envelope xmlns:soapenv="http://schemas.xmlsoap.org/soap/envelope/" xmlns:v1="http://fidus.brussels/service/civilstatusdocumentservice/messages/v1" xmlns:v11="http://fidus.brussels/type/common/messages/v1">
   <soapenv:Header/>
   <soapenv:Body>
      <v1:getCopyConformAsPdfRequest>
         <v1:messageContext>
           <v11:messageId>${=import static java.util.UUID.randomUUID; uuid = randomUUID() as String}</v11:messageId>
            <v11:timestamp>${=new java.text.SimpleDateFormat("yyyy-MM-dd'T'HH:mm:ss.SSS").format(new Date())}</v11:timestamp>
         </v1:messageContext>
         <v1:legalContext>ServiceIntegrator</v1:legalContext>
         <v1:request>
            <v1:documentReference>20180000299194</v1:documentReference>
         	  <v1:language>fr</v1:language>
         </v1:request>
      </v1:getCopyConformAsPdfRequest>
   </soapenv:Body>
</soapenv:Envelope>]]></con:request><con:assertion type="SOAP Fault Assertion" id="ddd52dee-577f-4df7-8746-7d6286221662" name="Not SOAP Fault"/><con:assertion type="SOAP Response" id="367b4219-8e27-4a24-add2-8f8eb1971a39" name="SOAP Response"/><con:assertion type="Schema Compliance" id="68b3fd65-c260-4ed6-aab2-29b5a7ce43f8" name="Schema Compliance"><con:configuration/></con:assertion><con:wsaConfig action="http://fidus.brussels/services/civilstatusdocumentservice/getCopyConformAsPdf"/></con:request></con:config></con:testStep><con:testStep type="request" id="08cf2a38-5993-4e4f-b956-d8b55f8fad32" name="testcase4 - Staging - Worker1 - Request"><con:settings/><con:config xsi:type="con:RequestStep" xmlns:xsi="http://www.w3.org/2001/XMLSchema-instance"><con:interface>CivilStatusDocumentService_v1.0Soap11Binding</con:interface><con:operation>getCopyConformAsPdf</con:operation><con:request name="testcase4 - Staging - Worker1 - Request" id="71da687f-fd12-43e8-a240-90dbade41793" outgoingWss="Outflow STAG"><con:settings/><con:encoding>UTF-8</con:encoding><con:endpoint>https://192.168.24.57:8443/services/CivilStatusDocumentService_v1.0</con:endpoint><con:request><![CDATA[<soapenv:Envelope xmlns:soapenv="http://schemas.xmlsoap.org/soap/envelope/" xmlns:v1="http://fidus.brussels/service/civilstatusdocumentservice/messages/v1" xmlns:v11="http://fidus.brussels/type/common/messages/v1">
   <soapenv:Header/>
   <soapenv:Body>
      <v1:getCopyConformAsPdfRequest>
         <v1:messageContext>
           <v11:messageId>${=import static java.util.UUID.randomUUID; uuid = randomUUID() as String}</v11:messageId>
            <v11:timestamp>${=new java.text.SimpleDateFormat("yyyy-MM-dd'T'HH:mm:ss.SSS").format(new Date())}</v11:timestamp>
         </v1:messageContext>
         <v1:legalContext>ServiceIntegrator</v1:legalContext>
         <v1:request>
            <v1:documentReference>20180000299194</v1:documentReference>
         	  <v1:language>fr</v1:language>
         </v1:request>
      </v1:getCopyConformAsPdfRequest>
   </soapenv:Body>
</soapenv:Envelope>]]></con:request><con:assertion type="SOAP Fault Assertion" id="3b57e569-4412-4959-97b1-964c2f3eca66" name="Not SOAP Fault"/><con:assertion type="SOAP Response" id="6050b684-8dd5-4b78-965b-8dc9f8656d22" name="SOAP Response"/><con:assertion type="Schema Compliance" id="f634c0e7-b458-42ba-ae8b-f762b8848b78" name="Schema Compliance"><con:configuration/></con:assertion><con:wsaConfig action="http://fidus.brussels/services/civilstatusdocumentservice/getCopyConformAsPdf"/></con:request></con:config></con:testStep><con:testStep type="request" id="34d92f52-e395-47a1-a04b-ef883ae48ebd" name="testcase4 - Staging - External - Request"><con:settings/><con:config xsi:type="con:RequestStep" xmlns:xsi="http://www.w3.org/2001/XMLSchema-instance"><con:interface>CivilStatusDocumentService_v1.0Soap11Binding</con:interface><con:operation>getCopyConformAsPdf</con:operation><con:request name="testcase4 - Staging - External - Request" id="b5308f48-98be-41b0-8b58-3afe3e185388" outgoingWss="Outflow STAG"><con:settings/><con:encoding>UTF-8</con:encoding><con:endpoint>https://fidus.irisnetlab.be/services/CivilStatusDocumentService_v1.0</con:endpoint><con:request><![CDATA[<soapenv:Envelope xmlns:soapenv="http://schemas.xmlsoap.org/soap/envelope/" xmlns:v1="http://fidus.brussels/service/civilstatusdocumentservice/messages/v1" xmlns:v11="http://fidus.brussels/type/common/messages/v1">
   <soapenv:Header/>
   <soapenv:Body>
      <v1:getCopyConformAsPdfRequest>
         <v1:messageContext>
           <v11:messageId>${=import static java.util.UUID.randomUUID; uuid = randomUUID() as String}</v11:messageId>
            <v11:timestamp>${=new java.text.SimpleDateFormat("yyyy-MM-dd'T'HH:mm:ss.SSS").format(new Date())}</v11:timestamp>
         </v1:messageContext>
         <v1:legalContext>ServiceIntegrator</v1:legalContext>
         <v1:request>
            <v1:documentReference>20180000299194</v1:documentReference>
         	  <v1:language>fr</v1:language>
         </v1:request>
      </v1:getCopyConformAsPdfRequest>
   </soapenv:Body>
</soapenv:Envelope>]]></con:request><con:assertion type="SOAP Fault Assertion" id="05f5e71c-0823-4cf5-b455-860d81f246f7" name="Not SOAP Fault"/><con:assertion type="SOAP Response" id="5bd13ee3-13f6-4f03-ab3c-25cb183318d7" name="SOAP Response"/><con:assertion type="Schema Compliance" id="01dbd7bf-6bc5-4c65-8ac4-17f46e0c9dfd" name="Schema Compliance"><con:configuration/></con:assertion><con:wsaConfig action="http://fidus.brussels/services/civilstatusdocumentservice/getCopyConformAsPdf"/></con:request></con:config></con:testStep><con:testStep type="request" id="4e2d9501-8bb6-4928-888e-d11d1c898ef5" name="testcase4 - Staging - LB - Request"><con:settings/><con:config xsi:type="con:RequestStep" xmlns:xsi="http://www.w3.org/2001/XMLSchema-instance"><con:interface>CivilStatusDocumentService_v1.0Soap11Binding</con:interface><con:operation>getCopyConformAsPdf</con:operation><con:request name="testcase4 - Staging - LB - Request" id="48c10941-a06a-4c7f-8543-f0932200bb4a" outgoingWss="Outflow STAG"><con:settings/><con:encoding>UTF-8</con:encoding><con:endpoint>https://fidus-esb-sg.sta.srv.cirb.lan:8443/services/CivilStatusDocumentService_v1.0</con:endpoint><con:request><![CDATA[<soapenv:Envelope xmlns:soapenv="http://schemas.xmlsoap.org/soap/envelope/" xmlns:v1="http://fidus.brussels/service/civilstatusdocumentservice/messages/v1" xmlns:v11="http://fidus.brussels/type/common/messages/v1">
   <soapenv:Header/>
   <soapenv:Body>
      <v1:getCopyConformAsPdfRequest>
         <v1:messageContext>
           <v11:messageId>${=import static java.util.UUID.randomUUID; uuid = randomUUID() as String}</v11:messageId>
            <v11:timestamp>${=new java.text.SimpleDateFormat("yyyy-MM-dd'T'HH:mm:ss.SSS").format(new Date())}</v11:timestamp>
         </v1:messageContext>
         <v1:legalContext>ServiceIntegrator</v1:legalContext>
         <v1:request>
            <v1:documentReference>20180000299194</v1:documentReference>
         	  <v1:language>fr</v1:language>
         </v1:request>
      </v1:getCopyConformAsPdfRequest>
   </soapenv:Body>
</soapenv:Envelope>]]></con:request><con:assertion type="SOAP Fault Assertion" id="b510bd5d-4ded-42d9-9b40-3eb061cff048" name="Not SOAP Fault"/><con:assertion type="SOAP Response" id="b8ab162d-e394-459b-b541-af192b092305" name="SOAP Response"/><con:assertion type="Schema Compliance" id="5c90d243-80a4-4797-b410-7e2ce17d7a1a" name="Schema Compliance"><con:configuration/></con:assertion><con:wsaConfig action="http://fidus.brussels/services/civilstatusdocumentservice/getCopyConformAsPdf"/></con:request></con:config></con:testStep><con:properties/></con:testCase><con:testCase id="89a8cd3b-583d-4ee5-b97c-c6eb367e09ce" failOnError="true" failTestCaseOnErrors="true" keepSession="false" maxResults="0" name="getDocument" searchProperties="true"><con:settings/><con:testStep type="request" id="3eacd72b-9da8-41e3-b8b2-c6146826d2c0" name="testcase4 - Staging - External - Request"><con:settings/><con:config xsi:type="con:RequestStep" xmlns:xsi="http://www.w3.org/2001/XMLSchema-instance"><con:interface>CivilStatusDocumentService_v1.0Soap11Binding</con:interface><con:operation>getDocument</con:operation><con:request name="testcase4 - Staging - External - Request" id="c050e453-e9ea-450d-ae98-3e19db399824" outgoingWss="Outflow STAG"><con:settings/><con:encoding>UTF-8</con:encoding><con:endpoint>https://fidus.irisnetlab.be/services/CivilStatusDocumentService_v1.0</con:endpoint><con:request><![CDATA[<soapenv:Envelope xmlns:soapenv="http://schemas.xmlsoap.org/soap/envelope/" xmlns:v1="http://fidus.brussels/service/civilstatusdocumentservice/messages/v1" xmlns:v11="http://fidus.brussels/type/common/messages/v1">
   <soapenv:Header/>
   <soapenv:Body>
      <v1:getDocumentRequest>
         <v1:messageContext>
           <v11:messageId>${=import static java.util.UUID.randomUUID; uuid = randomUUID() as String}</v11:messageId>
            <v11:timestamp>${=new java.text.SimpleDateFormat("yyyy-MM-dd'T'HH:mm:ss.SSS").format(new Date())}</v11:timestamp>
         </v1:messageContext>
         <v1:legalContext>ServiceIntegrator</v1:legalContext>
         <v1:request>
            <v1:documentReference>20180000299194</v1:documentReference>
            <v1:language>fr</v1:language>
         </v1:request>
      </v1:getDocumentRequest>
   </soapenv:Body>
</soapenv:Envelope>]]></con:request><con:assertion type="SOAP Fault Assertion" id="209289ae-54c6-4446-9151-853500cd36ce" name="Not SOAP Fault"/><con:assertion type="SOAP Response" id="984f007b-8f00-420c-a9a6-a71aa3175a9d" name="SOAP Response"/><con:assertion type="Schema Compliance" id="f809f853-5631-4766-b7db-dbbed7dc5999" name="Schema Compliance"><con:configuration/></con:assertion><con:wsaConfig action="http://fidus.brussels/services/civilstatusdocumentservice/getDocument"/></con:request></con:config></con:testStep><con:testStep type="request" id="295b9a87-7c6c-40c9-b04d-5b37f1c574c5" name="testcase4 - Staging - LB - Request"><con:settings/><con:config xsi:type="con:RequestStep" xmlns:xsi="http://www.w3.org/2001/XMLSchema-instance"><con:interface>CivilStatusDocumentService_v1.0Soap11Binding</con:interface><con:operation>getDocument</con:operation><con:request name="testcase4 - Staging - LB - Request" id="e7ec1336-d650-4165-94ca-445cf3e390c1" outgoingWss="Outflow STAG"><con:settings/><con:encoding>UTF-8</con:encoding><con:endpoint>https://fidus-esb-sg.sta.srv.cirb.lan:8443/services/CivilStatusDocumentService_v1.0</con:endpoint><con:request><![CDATA[<soapenv:Envelope xmlns:soapenv="http://schemas.xmlsoap.org/soap/envelope/" xmlns:v1="http://fidus.brussels/service/civilstatusdocumentservice/messages/v1" xmlns:v11="http://fidus.brussels/type/common/messages/v1">
   <soapenv:Header/>
   <soapenv:Body>
      <v1:getDocumentRequest>
         <v1:messageContext>
           <v11:messageId>${=import static java.util.UUID.randomUUID; uuid = randomUUID() as String}</v11:messageId>
            <v11:timestamp>${=new java.text.SimpleDateFormat("yyyy-MM-dd'T'HH:mm:ss.SSS").format(new Date())}</v11:timestamp>
         </v1:messageContext>
         <v1:legalContext>ServiceIntegrator</v1:legalContext>
         <v1:request>
            <v1:documentReference>20180000299194</v1:documentReference>
            <v1:language>fr</v1:language>
         </v1:request>
      </v1:getDocumentRequest>
   </soapenv:Body>
</soapenv:Envelope>]]></con:request><con:assertion type="SOAP Fault Assertion" id="51a6a9d3-547b-4b85-a4ff-0f5af63e6e5c" name="Not SOAP Fault"/><con:assertion type="SOAP Response" id="20c13f59-0f13-469f-aa6e-d0db40c18ed8" name="SOAP Response"/><con:assertion type="Schema Compliance" id="cbf8ccdd-933c-4a95-8672-1b21b631db2e" name="Schema Compliance"><con:configuration/></con:assertion><con:wsaConfig action="http://fidus.brussels/services/civilstatusdocumentservice/getDocument"/></con:request></con:config></con:testStep><con:testStep type="request" id="01e09e6c-52c6-4230-a1f7-8804d6e6371d" name="testcase4 - Staging - Worker1 - Request"><con:settings/><con:config xsi:type="con:RequestStep" xmlns:xsi="http://www.w3.org/2001/XMLSchema-instance"><con:interface>CivilStatusDocumentService_v1.0Soap11Binding</con:interface><con:operation>getDocument</con:operation><con:request name="testcase4 - Staging - Worker1 - Request" id="5f30af2b-d519-4055-acbf-4468b3428df7" outgoingWss="Outflow STAG"><con:settings/><con:encoding>UTF-8</con:encoding><con:endpoint>https://192.168.24.57:8443/services/CivilStatusDocumentService_v1.0</con:endpoint><con:request><![CDATA[<soapenv:Envelope xmlns:soapenv="http://schemas.xmlsoap.org/soap/envelope/" xmlns:v1="http://fidus.brussels/service/civilstatusdocumentservice/messages/v1" xmlns:v11="http://fidus.brussels/type/common/messages/v1">
   <soapenv:Header/>
   <soapenv:Body>
      <v1:getDocumentRequest>
         <v1:messageContext>
           <v11:messageId>${=import static java.util.UUID.randomUUID; uuid = randomUUID() as String}</v11:messageId>
            <v11:timestamp>${=new java.text.SimpleDateFormat("yyyy-MM-dd'T'HH:mm:ss.SSS").format(new Date())}</v11:timestamp>
         </v1:messageContext>
         <v1:legalContext>ServiceIntegrator</v1:legalContext>
         <v1:request>
            <v1:documentReference>20180000299194</v1:documentReference>
            <v1:language>fr</v1:language>
         </v1:request>
      </v1:getDocumentRequest>
   </soapenv:Body>
</soapenv:Envelope>]]></con:request><con:assertion type="SOAP Fault Assertion" id="9409637d-ff92-4863-80f4-3d0ba1675796" name="Not SOAP Fault"/><con:assertion type="SOAP Response" id="3b7779bb-7f14-464e-9998-277f9509b520" name="SOAP Response"/><con:assertion type="Schema Compliance" id="5f49c6d1-3982-4bd6-b91e-df124053e046" name="Schema Compliance"><con:configuration/></con:assertion><con:wsaConfig action="http://fidus.brussels/services/civilstatusdocumentservice/getDocument"/></con:request></con:config></con:testStep><con:testStep type="request" id="5b4a3f0d-8d3f-4d6e-b964-60f4d0a8eae0" name="testcase4 - Staging - Worker2 - Request"><con:settings/><con:config xsi:type="con:RequestStep" xmlns:xsi="http://www.w3.org/2001/XMLSchema-instance"><con:interface>CivilStatusDocumentService_v1.0Soap11Binding</con:interface><con:operation>getDocument</con:operation><con:request name="testcase4 - Staging - Worker2 - Request" id="7dca6b4e-ecaa-4faf-bb50-6959207d4440" outgoingWss="Outflow STAG"><con:settings/><con:encoding>UTF-8</con:encoding><con:endpoint>https://192.168.24.64:8443/services/CivilStatusDocumentService_v1.0</con:endpoint><con:request><![CDATA[<soapenv:Envelope xmlns:soapenv="http://schemas.xmlsoap.org/soap/envelope/" xmlns:v1="http://fidus.brussels/service/civilstatusdocumentservice/messages/v1" xmlns:v11="http://fidus.brussels/type/common/messages/v1">
   <soapenv:Header/>
   <soapenv:Body>
      <v1:getDocumentRequest>
         <v1:messageContext>
           <v11:messageId>${=import static java.util.UUID.randomUUID; uuid = randomUUID() as String}</v11:messageId>
            <v11:timestamp>${=new java.text.SimpleDateFormat("yyyy-MM-dd'T'HH:mm:ss.SSS").format(new Date())}</v11:timestamp>
         </v1:messageContext>
         <v1:legalContext>ServiceIntegrator</v1:legalContext>
         <v1:request>
            <v1:documentReference>20180000299194</v1:documentReference>
            <v1:language>fr</v1:language>
         </v1:request>
      </v1:getDocumentRequest>
   </soapenv:Body>
</soapenv:Envelope>]]></con:request><con:assertion type="SOAP Fault Assertion" id="66d2fb3a-20c7-405e-9b74-dab0d2cc5ffe" name="Not SOAP Fault"/><con:assertion type="SOAP Response" id="98ef9986-e1e1-495f-ba4a-938048932f00" name="SOAP Response"/><con:assertion type="Schema Compliance" id="176e323a-42ea-4d62-b5c0-181e80872998" name="Schema Compliance"><con:configuration/></con:assertion><con:wsaConfig action="http://fidus.brussels/services/civilstatusdocumentservice/getDocument"/></con:request></con:config></con:testStep><con:properties/></con:testCase><con:testCase id="a6bf438f-178e-4ab2-bbb5-9be51690d53f" failOnError="true" failTestCaseOnErrors="true" keepSession="false" maxResults="0" name="getExtract" searchProperties="true"><con:settings/><con:testStep type="request" id="00f5ee70-f204-42bf-bae2-f52763c211d8" name="testcase4 - Staging - External - Request"><con:settings/><con:config xsi:type="con:RequestStep" xmlns:xsi="http://www.w3.org/2001/XMLSchema-instance"><con:interface>CivilStatusDocumentService_v1.0Soap11Binding</con:interface><con:operation>getExtract</con:operation><con:request name="testcase4 - Staging - External - Request" id="29b552bf-c2ac-414b-95df-8e8d815457b1" outgoingWss="Outflow STAG"><con:settings/><con:encoding>UTF-8</con:encoding><con:endpoint>https://fidus.irisnetlab.be/services/CivilStatusDocumentService_v1.0</con:endpoint><con:request><![CDATA[<soapenv:Envelope xmlns:soapenv="http://schemas.xmlsoap.org/soap/envelope/" xmlns:v1="http://fidus.brussels/service/civilstatusdocumentservice/messages/v1" xmlns:v11="http://fidus.brussels/type/common/messages/v1">
   <soapenv:Header/>
   <soapenv:Body>
      <v1:getExtractRequest>
         <v1:messageContext>
           <v11:messageId>${=import static java.util.UUID.randomUUID; uuid = randomUUID() as String}</v11:messageId>
            <v11:timestamp>${=new java.text.SimpleDateFormat("yyyy-MM-dd'T'HH:mm:ss.SSS").format(new Date())}</v11:timestamp>
         </v1:messageContext>
         <v1:legalContext>ServiceIntegrator</v1:legalContext>
         <v1:request>
            <v1:documentReference>201800002991940</v1:documentReference>
            <v1:language>nl</v1:language>
         </v1:request>
      </v1:getExtractRequest>
   </soapenv:Body>
</soapenv:Envelope>]]></con:request><con:assertion type="SOAP Fault Assertion" id="ca17c96d-892b-4731-ba14-ff43fc4834df" name="Not SOAP Fault"/><con:assertion type="SOAP Response" id="d1b60124-c515-4d02-8528-1c2e4d205212" name="SOAP Response"/><con:assertion type="Schema Compliance" id="f7e9977a-0208-4c06-b0cb-0c2cfb17f8b0" name="Schema Compliance"><con:configuration/></con:assertion><con:wsaConfig action="http://fidus.brussels/services/civilstatusdocumentservice/getExtract"/></con:request></con:config></con:testStep><con:testStep type="request" id="f7c848f6-818d-4420-a093-74921ed50295" name="testcase4 - Staging - LB - Request"><con:settings/><con:config xsi:type="con:RequestStep" xmlns:xsi="http://www.w3.org/2001/XMLSchema-instance"><con:interface>CivilStatusDocumentService_v1.0Soap11Binding</con:interface><con:operation>getExtract</con:operation><con:request name="testcase4 - Staging - LB - Request" id="335e6282-d274-4b78-a582-0be878900258" outgoingWss="Outflow STAG"><con:settings/><con:encoding>UTF-8</con:encoding><con:endpoint>https://fidus-esb-sg.sta.srv.cirb.lan:8443/services/CivilStatusDocumentService_v1.0</con:endpoint><con:request><![CDATA[<soapenv:Envelope xmlns:soapenv="http://schemas.xmlsoap.org/soap/envelope/" xmlns:v1="http://fidus.brussels/service/civilstatusdocumentservice/messages/v1" xmlns:v11="http://fidus.brussels/type/common/messages/v1">
   <soapenv:Header/>
   <soapenv:Body>
      <v1:getExtractRequest>
         <v1:messageContext>
           <v11:messageId>${=import static java.util.UUID.randomUUID; uuid = randomUUID() as String}</v11:messageId>
            <v11:timestamp>${=new java.text.SimpleDateFormat("yyyy-MM-dd'T'HH:mm:ss.SSS").format(new Date())}</v11:timestamp>
         </v1:messageContext>
         <v1:legalContext>ServiceIntegrator</v1:legalContext>
         <v1:request>
            <v1:documentReference>201800002991940</v1:documentReference>
            <v1:language>nl</v1:language>
         </v1:request>
      </v1:getExtractRequest>
   </soapenv:Body>
</soapenv:Envelope>]]></con:request><con:assertion type="SOAP Fault Assertion" id="e98d4c38-d9c2-4a55-abfc-7fd81c5bed7d" name="Not SOAP Fault"/><con:assertion type="SOAP Response" id="929c1f74-dd92-489f-a022-97ed286afb86" name="SOAP Response"/><con:assertion type="Schema Compliance" id="a79df394-ddd4-4443-88ee-b3fa29323f19" name="Schema Compliance"><con:configuration/></con:assertion><con:wsaConfig action="http://fidus.brussels/services/civilstatusdocumentservice/getExtract"/></con:request></con:config></con:testStep><con:testStep type="request" id="c9fa2f63-ba27-489c-a1c2-299e05506013" name="testcase4 - Staging - Worker1 - Request"><con:settings/><con:config xsi:type="con:RequestStep" xmlns:xsi="http://www.w3.org/2001/XMLSchema-instance"><con:interface>CivilStatusDocumentService_v1.0Soap11Binding</con:interface><con:operation>getExtract</con:operation><con:request name="testcase4 - Staging - Worker1 - Request" id="536adebd-599e-49ee-a8cc-69a09154d410" outgoingWss="Outflow STAG"><con:settings/><con:encoding>UTF-8</con:encoding><con:endpoint>https://192.168.24.57:8443/services/CivilStatusDocumentService_v1.0</con:endpoint><con:request><![CDATA[<soapenv:Envelope xmlns:soapenv="http://schemas.xmlsoap.org/soap/envelope/" xmlns:v1="http://fidus.brussels/service/civilstatusdocumentservice/messages/v1" xmlns:v11="http://fidus.brussels/type/common/messages/v1">
   <soapenv:Header/>
   <soapenv:Body>
      <v1:getExtractRequest>
         <v1:messageContext>
           <v11:messageId>${=import static java.util.UUID.randomUUID; uuid = randomUUID() as String}</v11:messageId>
            <v11:timestamp>${=new java.text.SimpleDateFormat("yyyy-MM-dd'T'HH:mm:ss.SSS").format(new Date())}</v11:timestamp>
         </v1:messageContext>
         <v1:legalContext>ServiceIntegrator</v1:legalContext>
         <v1:request>
            <v1:documentReference>201800002991940</v1:documentReference>
            <v1:language>nl</v1:language>
         </v1:request>
      </v1:getExtractRequest>
   </soapenv:Body>
</soapenv:Envelope>]]></con:request><con:assertion type="SOAP Fault Assertion" id="67533c5f-037b-47da-bdff-9de58db52851" name="Not SOAP Fault"/><con:assertion type="SOAP Response" id="ff0279d0-4d4c-4d45-9c97-db1538859521" name="SOAP Response"/><con:assertion type="Schema Compliance" id="877f2ce9-5cb2-4add-9def-744b1b4cca52" name="Schema Compliance"><con:configuration/></con:assertion><con:wsaConfig action="http://fidus.brussels/services/civilstatusdocumentservice/getExtract"/></con:request></con:config></con:testStep><con:testStep type="request" id="4f8c0869-ecf9-41e3-8bae-6dfdd3d15ca2" name="testcase4 - Staging - Worker2 - Request"><con:settings/><con:config xsi:type="con:RequestStep" xmlns:xsi="http://www.w3.org/2001/XMLSchema-instance"><con:interface>CivilStatusDocumentService_v1.0Soap11Binding</con:interface><con:operation>getExtract</con:operation><con:request name="testcase4 - Staging - Worker2 - Request" id="2b1a1895-1fa4-4b02-92c3-9d8372305223" outgoingWss="Outflow STAG"><con:settings/><con:encoding>UTF-8</con:encoding><con:endpoint>https://192.168.24.64:8443/services/CivilStatusDocumentService_v1.0</con:endpoint><con:request><![CDATA[<soapenv:Envelope xmlns:soapenv="http://schemas.xmlsoap.org/soap/envelope/" xmlns:v1="http://fidus.brussels/service/civilstatusdocumentservice/messages/v1" xmlns:v11="http://fidus.brussels/type/common/messages/v1">
   <soapenv:Header/>
   <soapenv:Body>
      <v1:getExtractRequest>
         <v1:messageContext>
           <v11:messageId>${=import static java.util.UUID.randomUUID; uuid = randomUUID() as String}</v11:messageId>
            <v11:timestamp>${=new java.text.SimpleDateFormat("yyyy-MM-dd'T'HH:mm:ss.SSS").format(new Date())}</v11:timestamp>
         </v1:messageContext>
         <v1:legalContext>ServiceIntegrator</v1:legalContext>
         <v1:request>
            <v1:documentReference>201800002991940</v1:documentReference>
            <v1:language>nl</v1:language>
         </v1:request>
      </v1:getExtractRequest>
   </soapenv:Body>
</soapenv:Envelope>]]></con:request><con:assertion type="SOAP Fault Assertion" id="785c1b92-2f77-45d3-aa06-00f11583dcf6" name="Not SOAP Fault"/><con:assertion type="SOAP Response" id="f8e5cadf-eee4-4fe2-9c23-8941625ea62b" name="SOAP Response"/><con:assertion type="Schema Compliance" id="091161bb-488e-4987-8884-d81f079f1f13" name="Schema Compliance"><con:configuration/></con:assertion><con:wsaConfig action="http://fidus.brussels/services/civilstatusdocumentservice/getExtract"/></con:request></con:config></con:testStep><con:properties/></con:testCase><con:testCase id="129076cd-1085-4225-ac4a-0d069a7e9e05" failOnError="true" failTestCaseOnErrors="true" keepSession="false" maxResults="0" name="getExtractAsPdf" searchProperties="true"><con:settings/><con:testStep type="request" id="2cff03ab-f343-4fea-a16e-7401f3c80207" name="testcase4 - Staging - External - Request"><con:settings/><con:config xsi:type="con:RequestStep" xmlns:xsi="http://www.w3.org/2001/XMLSchema-instance"><con:interface>CivilStatusDocumentService_v1.0Soap11Binding</con:interface><con:operation>getExtractAsPdf</con:operation><con:request name="testcase4 - Staging - External - Request" id="a1f0dc45-776a-40b3-9292-dfaa72b760f3" outgoingWss="Outflow STAG"><con:settings/><con:encoding>UTF-8</con:encoding><con:endpoint>https://fidus.irisnetlab.be/services/CivilStatusDocumentService_v1.0</con:endpoint><con:request><![CDATA[<soapenv:Envelope xmlns:soapenv="http://schemas.xmlsoap.org/soap/envelope/" xmlns:v1="http://fidus.brussels/service/civilstatusdocumentservice/messages/v1" xmlns:v11="http://fidus.brussels/type/common/messages/v1">
   <soapenv:Header/>
   <soapenv:Body>
      <v1:getExtractAsPdfRequest>
         <v1:messageContext>
           <v11:messageId>${=import static java.util.UUID.randomUUID; uuid = randomUUID() as String}</v11:messageId>
            <v11:timestamp>${=new java.text.SimpleDateFormat("yyyy-MM-dd'T'HH:mm:ss.SSS").format(new Date())}</v11:timestamp>
         </v1:messageContext>
         <v1:legalContext>ServiceIntegrator</v1:legalContext>
         <v1:request>
            <v1:documentReference>201800002991940</v1:documentReference>
            <v1:language>fr</v1:language>
         </v1:request>
      </v1:getExtractAsPdfRequest>
   </soapenv:Body>
</soapenv:Envelope>]]></con:request><con:assertion type="SOAP Fault Assertion" id="c58767d5-1c8c-4fd0-991e-05845c46ffa7" name="Not SOAP Fault"/><con:assertion type="SOAP Response" id="b92bc3d7-be94-4f7e-a629-0f0032d6bc2d" name="SOAP Response"/><con:assertion type="Schema Compliance" id="024568b6-3fb7-49f5-8bca-efc41d07964d" name="Schema Compliance"><con:configuration/></con:assertion><con:wsaConfig action="http://fidus.brussels/services/civilstatusdocumentservice/getExtractAsPdf"/></con:request></con:config></con:testStep><con:testStep type="request" id="5429fada-84b5-4043-9558-a2f7d9018b07" name="testcase4 - Staging - LB - Request"><con:settings/><con:config xsi:type="con:RequestStep" xmlns:xsi="http://www.w3.org/2001/XMLSchema-instance"><con:interface>CivilStatusDocumentService_v1.0Soap11Binding</con:interface><con:operation>getExtractAsPdf</con:operation><con:request name="testcase4 - Staging - LB - Request" id="3cd51239-3589-477d-84a7-4b12449b5542" outgoingWss="Outflow STAG"><con:settings/><con:encoding>UTF-8</con:encoding><con:endpoint>https://fidus-esb-sg.sta.srv.cirb.lan:8443/services/CivilStatusDocumentService_v1.0</con:endpoint><con:request><![CDATA[<soapenv:Envelope xmlns:soapenv="http://schemas.xmlsoap.org/soap/envelope/" xmlns:v1="http://fidus.brussels/service/civilstatusdocumentservice/messages/v1" xmlns:v11="http://fidus.brussels/type/common/messages/v1">
   <soapenv:Header/>
   <soapenv:Body>
      <v1:getExtractAsPdfRequest>
         <v1:messageContext>
           <v11:messageId>${=import static java.util.UUID.randomUUID; uuid = randomUUID() as String}</v11:messageId>
            <v11:timestamp>${=new java.text.SimpleDateFormat("yyyy-MM-dd'T'HH:mm:ss.SSS").format(new Date())}</v11:timestamp>
         </v1:messageContext>
         <v1:legalContext>ServiceIntegrator</v1:legalContext>
         <v1:request>
            <v1:documentReference>201800002991940</v1:documentReference>
            <v1:language>fr</v1:language>
         </v1:request>
      </v1:getExtractAsPdfRequest>
   </soapenv:Body>
</soapenv:Envelope>]]></con:request><con:assertion type="SOAP Fault Assertion" id="cfc4dcab-928b-4acd-a366-5201f37b95ba" name="Not SOAP Fault"/><con:assertion type="SOAP Response" id="64c6ba43-1bf3-40da-a276-1fd0fbd9523e" name="SOAP Response"/><con:assertion type="Schema Compliance" id="8fc90bcf-2b7b-46c8-827b-520c471273a0" name="Schema Compliance"><con:configuration/></con:assertion><con:wsaConfig action="http://fidus.brussels/services/civilstatusdocumentservice/getExtractAsPdf"/></con:request></con:config></con:testStep><con:testStep type="request" id="2231321c-5d44-4b4f-a1e7-355dff6a8d62" name="testcase4 - Staging - Worker1 - Request"><con:settings/><con:config xsi:type="con:RequestStep" xmlns:xsi="http://www.w3.org/2001/XMLSchema-instance"><con:interface>CivilStatusDocumentService_v1.0Soap11Binding</con:interface><con:operation>getExtractAsPdf</con:operation><con:request name="testcase4 - Staging - Worker1 - Request" id="a56588a8-ed36-4067-80cd-0485f49d8cd1" outgoingWss="Outflow STAG"><con:settings/><con:encoding>UTF-8</con:encoding><con:endpoint>https://192.168.24.57:8443/services/CivilStatusDocumentService_v1.0</con:endpoint><con:request><![CDATA[<soapenv:Envelope xmlns:soapenv="http://schemas.xmlsoap.org/soap/envelope/" xmlns:v1="http://fidus.brussels/service/civilstatusdocumentservice/messages/v1" xmlns:v11="http://fidus.brussels/type/common/messages/v1">
   <soapenv:Header/>
   <soapenv:Body>
      <v1:getExtractAsPdfRequest>
         <v1:messageContext>
           <v11:messageId>${=import static java.util.UUID.randomUUID; uuid = randomUUID() as String}</v11:messageId>
            <v11:timestamp>${=new java.text.SimpleDateFormat("yyyy-MM-dd'T'HH:mm:ss.SSS").format(new Date())}</v11:timestamp>
         </v1:messageContext>
         <v1:legalContext>ServiceIntegrator</v1:legalContext>
         <v1:request>
            <v1:documentReference>201800002991940</v1:documentReference>
            <v1:language>fr</v1:language>
         </v1:request>
      </v1:getExtractAsPdfRequest>
   </soapenv:Body>
</soapenv:Envelope>]]></con:request><con:assertion type="SOAP Fault Assertion" id="6fc88fa1-3154-4123-9c43-98d4906e3678" name="Not SOAP Fault"/><con:assertion type="SOAP Response" id="0555c122-33d2-431d-89c7-05a0b45d9d8c" name="SOAP Response"/><con:assertion type="Schema Compliance" id="82af7e7b-28cb-44aa-bf37-4af971b2cefd" name="Schema Compliance"><con:configuration/></con:assertion><con:wsaConfig action="http://fidus.brussels/services/civilstatusdocumentservice/getExtractAsPdf"/></con:request></con:config></con:testStep><con:testStep type="request" id="121b08ba-eed9-44aa-a728-99149837bdfc" name="testcase4 - Staging - Worker2 - Request"><con:settings/><con:config xsi:type="con:RequestStep" xmlns:xsi="http://www.w3.org/2001/XMLSchema-instance"><con:interface>CivilStatusDocumentService_v1.0Soap11Binding</con:interface><con:operation>getExtractAsPdf</con:operation><con:request name="testcase4 - Staging - Worker2 - Request" id="ec1d3dc4-ce1b-43d4-bc34-0b522b889a6d" outgoingWss="Outflow STAG"><con:settings/><con:encoding>UTF-8</con:encoding><con:endpoint>https://192.168.24.64:8443/services/CivilStatusDocumentService_v1.0</con:endpoint><con:request><![CDATA[<soapenv:Envelope xmlns:soapenv="http://schemas.xmlsoap.org/soap/envelope/" xmlns:v1="http://fidus.brussels/service/civilstatusdocumentservice/messages/v1" xmlns:v11="http://fidus.brussels/type/common/messages/v1">
   <soapenv:Header/>
   <soapenv:Body>
      <v1:getExtractAsPdfRequest>
         <v1:messageContext>
           <v11:messageId>${=import static java.util.UUID.randomUUID; uuid = randomUUID() as String}</v11:messageId>
            <v11:timestamp>${=new java.text.SimpleDateFormat("yyyy-MM-dd'T'HH:mm:ss.SSS").format(new Date())}</v11:timestamp>
         </v1:messageContext>
         <v1:legalContext>ServiceIntegrator</v1:legalContext>
         <v1:request>
            <v1:documentReference>201800002991940</v1:documentReference>
            <v1:language>fr</v1:language>
         </v1:request>
      </v1:getExtractAsPdfRequest>
   </soapenv:Body>
</soapenv:Envelope>]]></con:request><con:assertion type="SOAP Fault Assertion" id="a429ed6e-28a7-4a7c-ab33-b5d6a3be7d9d" name="Not SOAP Fault"/><con:assertion type="SOAP Response" id="5e819ed1-f851-47e7-a677-e1718b999db1" name="SOAP Response"/><con:assertion type="Schema Compliance" id="5fc33197-8698-4b2f-96d1-e73b574097bb" name="Schema Compliance"><con:configuration/></con:assertion><con:wsaConfig action="http://fidus.brussels/services/civilstatusdocumentservice/getExtractAsPdf"/></con:request></con:config></con:testStep><con:properties/></con:testCase><con:testCase id="fb6d77f7-023b-4ab6-86e8-e2406754a809" failOnError="true" failTestCaseOnErrors="true" keepSession="false" maxResults="0" name="saveOrUpdateDocument" searchProperties="true"><con:settings/><con:testStep type="request" id="7a1c4ea4-e43b-481a-a701-133e8d491a53" name="testcase4 - Staging - External - Request"><con:settings/><con:config xsi:type="con:RequestStep" xmlns:xsi="http://www.w3.org/2001/XMLSchema-instance"><con:interface>CivilStatusDocumentService_v1.0Soap11Binding</con:interface><con:operation>saveOrUpdateDocument</con:operation><con:request name="testcase4 - Staging - External - Request" id="ebf079d2-806e-49d8-a060-6c57141157c2" outgoingWss="Outflow STAG"><con:settings/><con:encoding>UTF-8</con:encoding><con:endpoint>https://fidus.irisnetlab.be/services/CivilStatusDocumentService_v1.0</con:endpoint><con:request><![CDATA[<soapenv:Envelope xmlns:soapenv="http://schemas.xmlsoap.org/soap/envelope/" xmlns:v1="http://fidus.brussels/service/civilstatusdocumentservice/messages/v1" xmlns:v11="http://fidus.brussels/type/common/messages/v1" xmlns:core="http://www.fgov.be/dabs/core">
   <soapenv:Header/>
   <soapenv:Body>
      <v1:saveOrUpdateDocumentRequest>
         <v1:messageContext>
           <v11:messageId>${=import static java.util.UUID.randomUUID; uuid = randomUUID() as String}</v11:messageId>
            <v11:timestamp>${=new java.text.SimpleDateFormat("yyyy-MM-dd'T'HH:mm:ss.SSS").format(new Date())}</v11:timestamp>
         </v1:messageContext>
         <v1:legalContext>ServiceIntegrator</v1:legalContext>
         <v1:request>         
            <v1:language>fr</v1:language>
            <v1:municipalityCode>d1051</v1:municipalityCode>
            <v1:saveOrUpdateDocument>
          <document xmlns:xsi="http://www.w3.org/2001/XMLSchema-instance" xsi:type="core:marriageCertificate">
           <attachments/>
           <certificateOriginType>FOREIGN_CERTIFICATE</certificateOriginType>
           <factDate>
              <day>22</day>
              <month>12</month>
              <year>2011</year>
           </factDate>
           <establishingDate>2018-07-17</establishingDate>
           <redactionPlace>
              <municipalityCode>12007</municipalityCode>
              <countryCode>150</countryCode>
              <countryFreeText>test</countryFreeText>
           </redactionPlace>
           <origin>DABS</origin>
           <persons>
              <person>
                 <origin>RR</origin>
                 <nobilityFree/>
                 <birthPlace>
                    <municipalityCode>12010</municipalityCode>
                    <countryCode>150</countryCode>
                    <countryFreeText>test</countryFreeText>
                 </birthPlace>
                 <birthDate>
                    <day>11</day>
                    <month>1</month>
                    <year>1980</year>
                 </birthDate>
                 <firstname>Katrien</firstname>
                 <lastname>De Bondt</lastname>
                 <roles>
                    <role>SPOUSE_2</role>
                 </roles>
                 <personNumber>11234</personNumber>
              </person>
              <person>
                 <origin>RR</origin>
                 <nobilityFree/>
                 <birthPlace>
                    <municipalityFreeText>Budel</municipalityFreeText>
                    <countryCode>129</countryCode>
                    <countryFreeText>test</countryFreeText>
                 </birthPlace>
                 <birthDate>
                    <day>5</day>
                    <month>7</month>
                    <year>1979</year>
                 </birthDate>
                 <firstname>Bram Tonny Gerda</firstname>
                 <lastname>Van Huffel</lastname>
                 <roles>
                    <role>SPOUSE_1</role>
                 </roles>
                 <personNumber>1125000</personNumber>
              </person>
              <person>
                 <origin>RR</origin>
                 <birthPlace>
                    <municipalityCode>12007</municipalityCode>
                    <countryCode>150</countryCode>
                    <countryFreeText>test</countryFreeText>
                 </birthPlace>
                 <birthDate>
                    <day>1</day>
                    <month>4</month>
                    <year>1986</year>
                 </birthDate>
                 <firstname>Mounir</firstname>
                 <lastname>Ouchan</lastname>
                 <roles>
                    <role>ABS</role>
                 </roles>
                 <personNumber>86040128370</personNumber>
              </person>
           </persons>
           <oldDocumentReference>2018/33</oldDocumentReference>
           <docState>FINAL</docState>
        </document>
            </v1:saveOrUpdateDocument>
         </v1:request>
      </v1:saveOrUpdateDocumentRequest>
   </soapenv:Body>
</soapenv:Envelope>]]></con:request><con:assertion type="SOAP Fault Assertion" id="e170ab95-31ef-4227-9ffd-a3b168058412" name="Not SOAP Fault"/><con:assertion type="SOAP Response" id="5a851adf-d225-4430-820b-be10f332bbbb" name="SOAP Response"/><con:assertion type="Schema Compliance" id="a84e56c1-ac3c-49ec-aa5f-78d7a8ffe210" name="Schema Compliance"><con:configuration/></con:assertion><con:wsaConfig action="http://fidus.brussels/services/civilstatusdocumentservice/saveOrUpdateDocument"/></con:request></con:config></con:testStep><con:testStep type="request" id="abd30557-da44-4dfd-ad7a-932d2ff3c1bc" name="testcase4 - Staging - LB - Request"><con:settings/><con:config xsi:type="con:RequestStep" xmlns:xsi="http://www.w3.org/2001/XMLSchema-instance"><con:interface>CivilStatusDocumentService_v1.0Soap11Binding</con:interface><con:operation>saveOrUpdateDocument</con:operation><con:request name="testcase4 - Staging - LB - Request" id="a1bd3731-146d-4f2c-95a9-0ce984fc5a2b" outgoingWss="Outflow STAG"><con:settings/><con:encoding>UTF-8</con:encoding><con:endpoint>https://fidus-esb-sg.sta.srv.cirb.lan:8443/services/CivilStatusDocumentService_v1.0</con:endpoint><con:request><![CDATA[<soapenv:Envelope xmlns:soapenv="http://schemas.xmlsoap.org/soap/envelope/" xmlns:v1="http://fidus.brussels/service/civilstatusdocumentservice/messages/v1" xmlns:v11="http://fidus.brussels/type/common/messages/v1" xmlns:core="http://www.fgov.be/dabs/core">
   <soapenv:Header/>
   <soapenv:Body>
      <v1:saveOrUpdateDocumentRequest>
         <v1:messageContext>
           <v11:messageId>${=import static java.util.UUID.randomUUID; uuid = randomUUID() as String}</v11:messageId>
            <v11:timestamp>${=new java.text.SimpleDateFormat("yyyy-MM-dd'T'HH:mm:ss.SSS").format(new Date())}</v11:timestamp>
         </v1:messageContext>
         <v1:legalContext>ServiceIntegrator</v1:legalContext>
         <v1:request>         
            <v1:language>fr</v1:language>
            <v1:municipalityCode>d1051</v1:municipalityCode>
            <v1:saveOrUpdateDocument>
          <document xmlns:xsi="http://www.w3.org/2001/XMLSchema-instance" xsi:type="core:marriageCertificate">
           <attachments/>
           <certificateOriginType>FOREIGN_CERTIFICATE</certificateOriginType>
           <factDate>
              <day>22</day>
              <month>12</month>
              <year>2011</year>
           </factDate>
           <establishingDate>2018-07-17</establishingDate>
           <redactionPlace>
              <municipalityCode>12007</municipalityCode>
              <countryCode>150</countryCode>
              <countryFreeText>test</countryFreeText>
           </redactionPlace>
           <origin>DABS</origin>
           <persons>
              <person>
                 <origin>RR</origin>
                 <nobilityFree/>
                 <birthPlace>
                    <municipalityCode>12010</municipalityCode>
                    <countryCode>150</countryCode>
                    <countryFreeText>test</countryFreeText>
                 </birthPlace>
                 <birthDate>
                    <day>11</day>
                    <month>1</month>
                    <year>1980</year>
                 </birthDate>
                 <firstname>Katrien</firstname>
                 <lastname>De Bondt</lastname>
                 <roles>
                    <role>SPOUSE_2</role>
                 </roles>
                 <personNumber>11234</personNumber>
              </person>
              <person>
                 <origin>RR</origin>
                 <nobilityFree/>
                 <birthPlace>
                    <municipalityFreeText>Budel</municipalityFreeText>
                    <countryCode>129</countryCode>
                    <countryFreeText>test</countryFreeText>
                 </birthPlace>
                 <birthDate>
                    <day>5</day>
                    <month>7</month>
                    <year>1979</year>
                 </birthDate>
                 <firstname>Bram Tonny Gerda</firstname>
                 <lastname>Van Huffel</lastname>
                 <roles>
                    <role>SPOUSE_1</role>
                 </roles>
                 <personNumber>1125000</personNumber>
              </person>
              <person>
                 <origin>RR</origin>
                 <birthPlace>
                    <municipalityCode>12007</municipalityCode>
                    <countryCode>150</countryCode>
                    <countryFreeText>test</countryFreeText>
                 </birthPlace>
                 <birthDate>
                    <day>1</day>
                    <month>4</month>
                    <year>1986</year>
                 </birthDate>
                 <firstname>Mounir</firstname>
                 <lastname>Ouchan</lastname>
                 <roles>
                    <role>ABS</role>
                 </roles>
                 <personNumber>86040128370</personNumber>
              </person>
           </persons>
           <oldDocumentReference>2018/33</oldDocumentReference>
           <docState>FINAL</docState>
        </document>
            </v1:saveOrUpdateDocument>
         </v1:request>
      </v1:saveOrUpdateDocumentRequest>
   </soapenv:Body>
</soapenv:Envelope>]]></con:request><con:assertion type="SOAP Fault Assertion" id="366fe213-3d4c-4155-bb55-a911ffeadc1d" name="Not SOAP Fault"/><con:assertion type="SOAP Response" id="e282c4e4-7b2c-45fc-968a-798504cb12e3" name="SOAP Response"/><con:assertion type="Schema Compliance" id="0df2dc28-8155-495e-9055-710bb72d016f" name="Schema Compliance"><con:configuration/></con:assertion><con:wsaConfig action="http://fidus.brussels/services/civilstatusdocumentservice/saveOrUpdateDocument"/></con:request></con:config></con:testStep><con:testStep type="request" id="7e02193c-995c-41cd-afe5-bb85cc23763e" name="testcase4 - Staging - Worker1 - Request"><con:settings/><con:config xsi:type="con:RequestStep" xmlns:xsi="http://www.w3.org/2001/XMLSchema-instance"><con:interface>CivilStatusDocumentService_v1.0Soap11Binding</con:interface><con:operation>saveOrUpdateDocument</con:operation><con:request name="testcase4 - Staging - Worker1 - Request" id="68d889f2-8b4d-43b3-8d55-e8cbc4d8116c" outgoingWss="Outflow STAG"><con:settings/><con:encoding>UTF-8</con:encoding><con:endpoint>https://192.168.24.57:8443/services/CivilStatusDocumentService_v1.0</con:endpoint><con:request><![CDATA[<soapenv:Envelope xmlns:soapenv="http://schemas.xmlsoap.org/soap/envelope/" xmlns:v1="http://fidus.brussels/service/civilstatusdocumentservice/messages/v1" xmlns:v11="http://fidus.brussels/type/common/messages/v1" xmlns:core="http://www.fgov.be/dabs/core">
   <soapenv:Header/>
   <soapenv:Body>
      <v1:saveOrUpdateDocumentRequest>
         <v1:messageContext>
           <v11:messageId>${=import static java.util.UUID.randomUUID; uuid = randomUUID() as String}</v11:messageId>
            <v11:timestamp>${=new java.text.SimpleDateFormat("yyyy-MM-dd'T'HH:mm:ss.SSS").format(new Date())}</v11:timestamp>
         </v1:messageContext>
         <v1:legalContext>ServiceIntegrator</v1:legalContext>
         <v1:request>         
            <v1:language>fr</v1:language>
            <v1:municipalityCode>d1051</v1:municipalityCode>
            <v1:saveOrUpdateDocument>
          <document xmlns:xsi="http://www.w3.org/2001/XMLSchema-instance" xsi:type="core:marriageCertificate">
           <attachments/>
           <certificateOriginType>FOREIGN_CERTIFICATE</certificateOriginType>
           <factDate>
              <day>22</day>
              <month>12</month>
              <year>2011</year>
           </factDate>
           <establishingDate>2018-07-17</establishingDate>
           <redactionPlace>
              <municipalityCode>12007</municipalityCode>
              <countryCode>150</countryCode>
              <countryFreeText>test</countryFreeText>
           </redactionPlace>
           <origin>DABS</origin>
           <persons>
              <person>
                 <origin>RR</origin>
                 <nobilityFree/>
                 <birthPlace>
                    <municipalityCode>12010</municipalityCode>
                    <countryCode>150</countryCode>
                    <countryFreeText>test</countryFreeText>
                 </birthPlace>
                 <birthDate>
                    <day>11</day>
                    <month>1</month>
                    <year>1980</year>
                 </birthDate>
                 <firstname>Katrien</firstname>
                 <lastname>De Bondt</lastname>
                 <roles>
                    <role>SPOUSE_2</role>
                 </roles>
                 <personNumber>11234</personNumber>
              </person>
              <person>
                 <origin>RR</origin>
                 <nobilityFree/>
                 <birthPlace>
                    <municipalityFreeText>Budel</municipalityFreeText>
                    <countryCode>129</countryCode>
                    <countryFreeText>test</countryFreeText>
                 </birthPlace>
                 <birthDate>
                    <day>5</day>
                    <month>7</month>
                    <year>1979</year>
                 </birthDate>
                 <firstname>Bram Tonny Gerda</firstname>
                 <lastname>Van Huffel</lastname>
                 <roles>
                    <role>SPOUSE_1</role>
                 </roles>
                 <personNumber>1125000</personNumber>
              </person>
              <person>
                 <origin>RR</origin>
                 <birthPlace>
                    <municipalityCode>12007</municipalityCode>
                    <countryCode>150</countryCode>
                    <countryFreeText>test</countryFreeText>
                 </birthPlace>
                 <birthDate>
                    <day>1</day>
                    <month>4</month>
                    <year>1986</year>
                 </birthDate>
                 <firstname>Mounir</firstname>
                 <lastname>Ouchan</lastname>
                 <roles>
                    <role>ABS</role>
                 </roles>
                 <personNumber>86040128370</personNumber>
              </person>
           </persons>
           <oldDocumentReference>2018/33</oldDocumentReference>
           <docState>FINAL</docState>
        </document>
            </v1:saveOrUpdateDocument>
         </v1:request>
      </v1:saveOrUpdateDocumentRequest>
   </soapenv:Body>
</soapenv:Envelope>]]></con:request><con:assertion type="SOAP Fault Assertion" id="39248573-9a8d-4819-b75a-4b72a8ed5f83" name="Not SOAP Fault"/><con:assertion type="SOAP Response" id="8a2be89b-b514-45b5-8bff-66053d0a99e9" name="SOAP Response"/><con:assertion type="Schema Compliance" id="c4277596-b7fe-498f-9a01-d4ac8ee7dc31" name="Schema Compliance"><con:configuration/></con:assertion><con:wsaConfig action="http://fidus.brussels/services/civilstatusdocumentservice/saveOrUpdateDocument"/></con:request></con:config></con:testStep><con:testStep type="request" id="37bc6c2f-37f1-47a4-8740-5b51faa05a99" name="testcase4 - Staging - Worker2 - Request"><con:settings/><con:config xsi:type="con:RequestStep" xmlns:xsi="http://www.w3.org/2001/XMLSchema-instance"><con:interface>CivilStatusDocumentService_v1.0Soap11Binding</con:interface><con:operation>saveOrUpdateDocument</con:operation><con:request name="testcase4 - Staging - Worker2 - Request" id="55810087-8fc4-4b30-9f89-c7b43a6b1d9d" outgoingWss="Outflow STAG"><con:settings/><con:encoding>UTF-8</con:encoding><con:endpoint>https://192.168.24.64:8443/services/CivilStatusDocumentService_v1.0</con:endpoint><con:request><![CDATA[<soapenv:Envelope xmlns:soapenv="http://schemas.xmlsoap.org/soap/envelope/" xmlns:v1="http://fidus.brussels/service/civilstatusdocumentservice/messages/v1" xmlns:v11="http://fidus.brussels/type/common/messages/v1" xmlns:core="http://www.fgov.be/dabs/core">
   <soapenv:Header/>
   <soapenv:Body>
      <v1:saveOrUpdateDocumentRequest>
         <v1:messageContext>
           <v11:messageId>${=import static java.util.UUID.randomUUID; uuid = randomUUID() as String}</v11:messageId>
            <v11:timestamp>${=new java.text.SimpleDateFormat("yyyy-MM-dd'T'HH:mm:ss.SSS").format(new Date())}</v11:timestamp>
         </v1:messageContext>
         <v1:legalContext>ServiceIntegrator</v1:legalContext>
         <v1:request>         
            <v1:language>fr</v1:language>
            <v1:municipalityCode>d1051</v1:municipalityCode>
            <v1:saveOrUpdateDocument>
          <document xmlns:xsi="http://www.w3.org/2001/XMLSchema-instance" xsi:type="core:marriageCertificate">
           <attachments/>
           <certificateOriginType>FOREIGN_CERTIFICATE</certificateOriginType>
           <factDate>
              <day>22</day>
              <month>12</month>
              <year>2011</year>
           </factDate>
           <establishingDate>2018-07-17</establishingDate>
           <redactionPlace>
              <municipalityCode>12007</municipalityCode>
              <countryCode>150</countryCode>
              <countryFreeText>test</countryFreeText>
           </redactionPlace>
           <origin>DABS</origin>
           <persons>
              <person>
                 <origin>RR</origin>
                 <nobilityFree/>
                 <birthPlace>
                    <municipalityCode>12010</municipalityCode>
                    <countryCode>150</countryCode>
                    <countryFreeText>test</countryFreeText>
                 </birthPlace>
                 <birthDate>
                    <day>11</day>
                    <month>1</month>
                    <year>1980</year>
                 </birthDate>
                 <firstname>Katrien</firstname>
                 <lastname>De Bondt</lastname>
                 <roles>
                    <role>SPOUSE_2</role>
                 </roles>
                 <personNumber>11234</personNumber>
              </person>
              <person>
                 <origin>RR</origin>
                 <nobilityFree/>
                 <birthPlace>
                    <municipalityFreeText>Budel</municipalityFreeText>
                    <countryCode>129</countryCode>
                    <countryFreeText>test</countryFreeText>
                 </birthPlace>
                 <birthDate>
                    <day>5</day>
                    <month>7</month>
                    <year>1979</year>
                 </birthDate>
                 <firstname>Bram Tonny Gerda</firstname>
                 <lastname>Van Huffel</lastname>
                 <roles>
                    <role>SPOUSE_1</role>
                 </roles>
                 <personNumber>1125000</personNumber>
              </person>
              <person>
                 <origin>RR</origin>
                 <birthPlace>
                    <municipalityCode>12007</municipalityCode>
                    <countryCode>150</countryCode>
                    <countryFreeText>test</countryFreeText>
                 </birthPlace>
                 <birthDate>
                    <day>1</day>
                    <month>4</month>
                    <year>1986</year>
                 </birthDate>
                 <firstname>Mounir</firstname>
                 <lastname>Ouchan</lastname>
                 <roles>
                    <role>ABS</role>
                 </roles>
                 <personNumber>86040128370</personNumber>
              </person>
           </persons>
           <oldDocumentReference>2018/33</oldDocumentReference>
           <docState>FINAL</docState>
        </document>
            </v1:saveOrUpdateDocument>
         </v1:request>
      </v1:saveOrUpdateDocumentRequest>
   </soapenv:Body>
</soapenv:Envelope>]]></con:request><con:assertion type="SOAP Fault Assertion" id="d26255e0-9bd1-418e-98cd-167c5542d746" name="Not SOAP Fault"/><con:assertion type="SOAP Response" id="32eac7e3-f903-4c2a-933f-d8d211bed4a0" name="SOAP Response"/><con:assertion type="Schema Compliance" id="17b18297-0222-40dd-a701-77e70447cf25" name="Schema Compliance"><con:configuration/></con:assertion><con:wsaConfig action="http://fidus.brussels/services/civilstatusdocumentservice/saveOrUpdateDocument"/></con:request></con:config></con:testStep><con:properties/></con:testCase><con:testCase id="a32b63f7-c216-4a5c-91e7-030a903d4cce" failOnError="true" failTestCaseOnErrors="true" keepSession="false" maxResults="0" name="searchDocument" searchProperties="true"><con:settings/><con:testStep type="request" id="3305ad49-bd54-4be2-8269-13c3a611eecf" name="testcase4 - Staging - External - Request"><con:settings/><con:config xsi:type="con:RequestStep" xmlns:xsi="http://www.w3.org/2001/XMLSchema-instance"><con:interface>CivilStatusDocumentService_v1.0Soap11Binding</con:interface><con:operation>searchDocument</con:operation><con:request name="testcase4 - Staging - External - Request" id="40201e1d-58ba-4540-99c6-8a6c137d632a" outgoingWss="Outflow STAG"><con:settings/><con:encoding>UTF-8</con:encoding><con:endpoint>https://fidus.irisnetlab.be/services/CivilStatusDocumentService_v1.0</con:endpoint><con:request><![CDATA[<soapenv:Envelope xmlns:soapenv="http://schemas.xmlsoap.org/soap/envelope/" xmlns:v1="http://fidus.brussels/service/civilstatusdocumentservice/messages/v1" xmlns:v11="http://fidus.brussels/type/common/messages/v1" xmlns:core="http://www.fgov.be/dabs/core">
   <soapenv:Header/>
   <soapenv:Body>
      <v1:searchDocumentRequest>
         <v1:messageContext>
           <v11:messageId>${=import static java.util.UUID.randomUUID; uuid = randomUUID() as String}</v11:messageId>
            <v11:timestamp>${=new java.text.SimpleDateFormat("yyyy-MM-dd'T'HH:mm:ss.SSS").format(new Date())}</v11:timestamp>
         </v1:messageContext>
         <v1:legalContext>ServiceIntegrator</v1:legalContext>
         <v1:request>
            <v1:language>fr</v1:language>
            <v1:municipalityCode>d1051</v1:municipalityCode>
            <v1:searchDocument>
               <documentSearch>
                  <type>MARRIAGE_CERTIFICATE</type>
                  <state>FINAL</state>
                  <factDate>
                     <day>15</day>
                     <month>12</month>
                     <year>2011</year>
                  </factDate>
                  <personNumber>11234</personNumber>
                  <firstname>Katrien</firstname>
                  <lastname>De Bondt</lastname>
                  <birthDate>
                     <day>11</day>
                     <month>1</month>
                     <year>1980</year>
                  </birthDate>
                  <!--Optional:-->
                  <!--placeOfOrigin>?</placeOfOrigin-->
                  <searchInRrn>false</searchInRrn>
               </documentSearch>
            </v1:searchDocument>
         </v1:request>
      </v1:searchDocumentRequest>
   </soapenv:Body>
</soapenv:Envelope>]]></con:request><con:assertion type="SOAP Fault Assertion" id="c9708bc2-6183-4b7e-9613-8d8b11d79edf" name="Not SOAP Fault"/><con:assertion type="SOAP Response" id="678b4be2-ebe9-4500-a4fd-fc92d2e9993d" name="SOAP Response"/><con:assertion type="Schema Compliance" id="4d4028ff-c8fb-4796-8312-e1aa25b863e1" name="Schema Compliance"><con:configuration/></con:assertion><con:wsaConfig action="http://fidus.brussels/services/civilstatusdocumentservice/searchDocument"/></con:request></con:config></con:testStep><con:testStep type="request" id="63e9f63d-1afa-4262-b8b7-0db35e392359" name="testcase4 - Staging - LB - Request"><con:settings/><con:config xsi:type="con:RequestStep" xmlns:xsi="http://www.w3.org/2001/XMLSchema-instance"><con:interface>CivilStatusDocumentService_v1.0Soap11Binding</con:interface><con:operation>searchDocument</con:operation><con:request name="testcase4 - Staging - LB - Request" id="793aa3ae-788e-482a-a23f-c05e65c5fd2c" outgoingWss="Outflow STAG"><con:settings/><con:encoding>UTF-8</con:encoding><con:endpoint>https://fidus-esb-sg.sta.srv.cirb.lan:8443/services/CivilStatusDocumentService_v1.0</con:endpoint><con:request><![CDATA[<soapenv:Envelope xmlns:soapenv="http://schemas.xmlsoap.org/soap/envelope/" xmlns:v1="http://fidus.brussels/service/civilstatusdocumentservice/messages/v1" xmlns:v11="http://fidus.brussels/type/common/messages/v1" xmlns:core="http://www.fgov.be/dabs/core">
   <soapenv:Header/>
   <soapenv:Body>
      <v1:searchDocumentRequest>
         <v1:messageContext>
           <v11:messageId>${=import static java.util.UUID.randomUUID; uuid = randomUUID() as String}</v11:messageId>
            <v11:timestamp>${=new java.text.SimpleDateFormat("yyyy-MM-dd'T'HH:mm:ss.SSS").format(new Date())}</v11:timestamp>
         </v1:messageContext>
         <v1:legalContext>ServiceIntegrator</v1:legalContext>
         <v1:request>
            <v1:language>fr</v1:language>
            <v1:municipalityCode>d1051</v1:municipalityCode>
            <v1:searchDocument>
               <documentSearch>
                  <type>MARRIAGE_CERTIFICATE</type>
                  <state>FINAL</state>
                  <factDate>
                     <day>15</day>
                     <month>12</month>
                     <year>2011</year>
                  </factDate>
                  <personNumber>11234</personNumber>
                  <firstname>Katrien</firstname>
                  <lastname>De Bondt</lastname>
                  <birthDate>
                     <day>11</day>
                     <month>1</month>
                     <year>1980</year>
                  </birthDate>
                  <!--Optional:-->
                  <!--placeOfOrigin>?</placeOfOrigin-->
                  <searchInRrn>false</searchInRrn>
               </documentSearch>
            </v1:searchDocument>
         </v1:request>
      </v1:searchDocumentRequest>
   </soapenv:Body>
</soapenv:Envelope>]]></con:request><con:assertion type="SOAP Fault Assertion" id="86761bd5-3450-4de0-b531-b1d3fc53d040" name="Not SOAP Fault"/><con:assertion type="SOAP Response" id="9c9004b1-a04c-4beb-a9cb-85123c5721ea" name="SOAP Response"/><con:assertion type="Schema Compliance" id="dbfa2be0-d56a-4c46-94f8-5f9593d8ebc0" name="Schema Compliance"><con:configuration/></con:assertion><con:wsaConfig action="http://fidus.brussels/services/civilstatusdocumentservice/searchDocument"/></con:request></con:config></con:testStep><con:testStep type="request" id="57b94f2b-1169-4c11-8d9b-2ac985d5d921" name="testcase4 - Staging - Worker1 - Request"><con:settings/><con:config xsi:type="con:RequestStep" xmlns:xsi="http://www.w3.org/2001/XMLSchema-instance"><con:interface>CivilStatusDocumentService_v1.0Soap11Binding</con:interface><con:operation>searchDocument</con:operation><con:request name="testcase4 - Staging - Worker1 - Request" id="42eb509a-7c45-4d51-a99c-610257ec58d0" outgoingWss="Outflow STAG"><con:settings/><con:encoding>UTF-8</con:encoding><con:endpoint>https://192.168.24.57:8443/services/CivilStatusDocumentService_v1.0</con:endpoint><con:request><![CDATA[<soapenv:Envelope xmlns:soapenv="http://schemas.xmlsoap.org/soap/envelope/" xmlns:v1="http://fidus.brussels/service/civilstatusdocumentservice/messages/v1" xmlns:v11="http://fidus.brussels/type/common/messages/v1" xmlns:core="http://www.fgov.be/dabs/core">
   <soapenv:Header/>
   <soapenv:Body>
      <v1:searchDocumentRequest>
         <v1:messageContext>
           <v11:messageId>${=import static java.util.UUID.randomUUID; uuid = randomUUID() as String}</v11:messageId>
            <v11:timestamp>${=new java.text.SimpleDateFormat("yyyy-MM-dd'T'HH:mm:ss.SSS").format(new Date())}</v11:timestamp>
         </v1:messageContext>
         <v1:legalContext>ServiceIntegrator</v1:legalContext>
         <v1:request>
            <v1:language>fr</v1:language>
            <v1:municipalityCode>d1051</v1:municipalityCode>
            <v1:searchDocument>
               <documentSearch>
                  <type>MARRIAGE_CERTIFICATE</type>
                  <state>FINAL</state>
                  <factDate>
                     <day>15</day>
                     <month>12</month>
                     <year>2011</year>
                  </factDate>
                  <personNumber>11234</personNumber>
                  <firstname>Katrien</firstname>
                  <lastname>De Bondt</lastname>
                  <birthDate>
                     <day>11</day>
                     <month>1</month>
                     <year>1980</year>
                  </birthDate>
                  <!--Optional:-->
                  <!--placeOfOrigin>?</placeOfOrigin-->
                  <searchInRrn>false</searchInRrn>
               </documentSearch>
            </v1:searchDocument>
         </v1:request>
      </v1:searchDocumentRequest>
   </soapenv:Body>
</soapenv:Envelope>]]></con:request><con:assertion type="SOAP Fault Assertion" id="fbe77399-6224-4eca-83d0-b465ea3bf4e5" name="Not SOAP Fault"/><con:assertion type="SOAP Response" id="85380a77-2e61-44a3-920b-e2ef4183c48e" name="SOAP Response"/><con:assertion type="Schema Compliance" id="8bd040de-6de3-4378-bfad-053fb0eea2ee" name="Schema Compliance"><con:configuration/></con:assertion><con:wsaConfig action="http://fidus.brussels/services/civilstatusdocumentservice/searchDocument"/></con:request></con:config></con:testStep><con:testStep type="request" id="81fd68d1-19c4-40ba-a7f0-2e6de029701a" name="testcase4 - Staging - Worker2 - Request"><con:settings/><con:config xsi:type="con:RequestStep" xmlns:xsi="http://www.w3.org/2001/XMLSchema-instance"><con:interface>CivilStatusDocumentService_v1.0Soap11Binding</con:interface><con:operation>searchDocument</con:operation><con:request name="testcase4 - Staging - Worker2 - Request" id="b1585d28-de19-40e8-814a-94272fa362fc" outgoingWss="Outflow STAG"><con:settings/><con:encoding>UTF-8</con:encoding><con:endpoint>https://192.168.24.64:8443/services/CivilStatusDocumentService_v1.0</con:endpoint><con:request><![CDATA[<soapenv:Envelope xmlns:soapenv="http://schemas.xmlsoap.org/soap/envelope/" xmlns:v1="http://fidus.brussels/service/civilstatusdocumentservice/messages/v1" xmlns:v11="http://fidus.brussels/type/common/messages/v1" xmlns:core="http://www.fgov.be/dabs/core">
   <soapenv:Header/>
   <soapenv:Body>
      <v1:searchDocumentRequest>
         <v1:messageContext>
           <v11:messageId>${=import static java.util.UUID.randomUUID; uuid = randomUUID() as String}</v11:messageId>
            <v11:timestamp>${=new java.text.SimpleDateFormat("yyyy-MM-dd'T'HH:mm:ss.SSS").format(new Date())}</v11:timestamp>
         </v1:messageContext>
         <v1:legalContext>ServiceIntegrator</v1:legalContext>
         <v1:request>
            <v1:language>fr</v1:language>
            <v1:municipalityCode>d1051</v1:municipalityCode>
            <v1:searchDocument>
               <documentSearch>
                  <type>MARRIAGE_CERTIFICATE</type>
                  <state>FINAL</state>
                  <factDate>
                     <day>15</day>
                     <month>12</month>
                     <year>2011</year>
                  </factDate>
                  <personNumber>11234</personNumber>
                  <firstname>Katrien</firstname>
                  <lastname>De Bondt</lastname>
                  <birthDate>
                     <day>11</day>
                     <month>1</month>
                     <year>1980</year>
                  </birthDate>
                  <!--Optional:-->
                  <!--placeOfOrigin>?</placeOfOrigin-->
                  <searchInRrn>false</searchInRrn>
               </documentSearch>
            </v1:searchDocument>
         </v1:request>
      </v1:searchDocumentRequest>
   </soapenv:Body>
</soapenv:Envelope>]]></con:request><con:assertion type="SOAP Fault Assertion" id="16107fc5-a6c8-4ebf-a1cc-126a1e83aa0b" name="Not SOAP Fault"/><con:assertion type="SOAP Response" id="cbb72ab9-f30b-4439-bb6a-008d698f93d9" name="SOAP Response"/><con:assertion type="Schema Compliance" id="bb861810-7fab-4df2-b05e-e292683fb936" name="Schema Compliance"><con:configuration/></con:assertion><con:wsaConfig action="http://fidus.brussels/services/civilstatusdocumentservice/searchDocument"/></con:request></con:config></con:testStep><con:properties/></con:testCase><con:testCase id="3aa9078b-87e8-4410-ab07-3852cbf384b0" failOnError="true" failTestCaseOnErrors="true" keepSession="false" maxResults="0" name="validateDocument" searchProperties="true"><con:settings/><con:testStep type="request" id="1972dfa7-f3fc-4544-8a06-dc39cd1d0556" name="testcase4 - Staging - External - Request"><con:settings/><con:config xsi:type="con:RequestStep" xmlns:xsi="http://www.w3.org/2001/XMLSchema-instance"><con:interface>CivilStatusDocumentService_v1.0Soap11Binding</con:interface><con:operation>validateDocument</con:operation><con:request name="testcase4 - Staging - External - Request" id="143cae6e-47c0-4e71-a726-4b5ad0b357e9" outgoingWss="Outflow STAG"><con:settings/><con:encoding>UTF-8</con:encoding><con:endpoint>https://fidus.irisnetlab.be/services/CivilStatusDocumentService_v1.0</con:endpoint><con:request><![CDATA[<soapenv:Envelope xmlns:soapenv="http://schemas.xmlsoap.org/soap/envelope/" xmlns:v1="http://fidus.brussels/service/civilstatusdocumentservice/messages/v1" xmlns:v11="http://fidus.brussels/type/common/messages/v1" xmlns:core="http://www.fgov.be/dabs/core">
   <soapenv:Header/>
   <soapenv:Body>
      <v1:validateDocumentRequest>
         <v1:messageContext>
            <v11:messageId>${=import static java.util.UUID.randomUUID; uuid = randomUUID() as String}</v11:messageId>
            <v11:timestamp>${=new java.text.SimpleDateFormat("yyyy-MM-dd'T'HH:mm:ss.SSS").format(new Date())}</v11:timestamp>
         </v1:messageContext>
         <v1:legalContext>ServiceIntegrator</v1:legalContext>
         <v1:request>
            <v1:language>fr</v1:language>
             <v1:municipalityCode>d1051</v1:municipalityCode>
            <v1:validateDocument>
               <document xsi:type="core:marriageCertificate" xmlns:xsi="http://www.w3.org/2001/XMLSchema-instance">
                  <attachments/>
                  <certificateOriginType>FOREIGN_CERTIFICATE</certificateOriginType>
                  <factDate>
                     <day>26</day>
                     <month>12</month>
                     <year>2011</year>
                  </factDate>
                  <establishingDate>2018-07-17</establishingDate>
                  <redactionPlace>
                     <municipalityCode>12007</municipalityCode>
                     <countryCode>150</countryCode>
                     <countryFreeText>test</countryFreeText>
                  </redactionPlace>
                  <origin>DABS</origin>
                  <persons>
                     <person>
                        <origin>RR</origin>
                        <nobilityFree/>
                        <birthPlace>
                           <municipalityCode>12010</municipalityCode>
                           <countryCode>150</countryCode>
                           <countryFreeText>test</countryFreeText>
                        </birthPlace>
                        <birthDate>
                           <day>11</day>
                           <month>1</month>
                           <year>1980</year>
                        </birthDate>
                        <firstname>Katrien</firstname>
                        <lastname>De Bondt</lastname>
                        <roles>
                           <role>SPOUSE_2</role>
                        </roles>
                        <personNumber>11234</personNumber>
                     </person>
                     <person>
                        <origin>RR</origin>
                        <nobilityFree/>
                        <birthPlace>
                           <municipalityFreeText>Budel</municipalityFreeText>
                           <countryCode>129</countryCode>
                           <countryFreeText>test</countryFreeText>
                        </birthPlace>
                        <birthDate>
                           <day>5</day>
                           <month>7</month>
                           <year>1979</year>
                        </birthDate>
                        <firstname>Bram Tonny Gerda</firstname>
                        <lastname>Van Huffel</lastname>
                        <roles>
                           <role>SPOUSE_1</role>
                        </roles>
                        <personNumber>1125000</personNumber>
                     </person>
                     <person>
                        <origin>RR</origin>
                        <birthPlace>
                           <municipalityCode>12007</municipalityCode>
                           <countryCode>150</countryCode>
                           <countryFreeText>test</countryFreeText>
                        </birthPlace>
                        <birthDate>
                           <day>1</day>
                           <month>4</month>
                           <year>1986</year>
                        </birthDate>
                        <firstname>Mounir</firstname>
                        <lastname>Ouchan</lastname>
                        <roles>
                           <role>ABS</role>
                        </roles>
                        <personNumber>86040128370</personNumber>
                     </person>
                  </persons>
                  <oldDocumentReference>2018/33</oldDocumentReference>
                  <docState>FINAL</docState>
               </document>
            </v1:validateDocument>
         </v1:request>
      </v1:validateDocumentRequest>
   </soapenv:Body>
</soapenv:Envelope>]]></con:request><con:assertion type="SOAP Fault Assertion" id="92f31ee0-2a32-43d8-b96b-95edbb1a2b29" name="Not SOAP Fault"/><con:assertion type="SOAP Response" id="33b651db-d4d6-4615-bee6-50e5beecde74" name="SOAP Response"/><con:assertion type="Schema Compliance" id="51ba35c8-3a27-4e10-82df-2e239abe2c5c" name="Schema Compliance"><con:configuration/></con:assertion><con:wsaConfig action="http://fidus.brussels/services/civilstatusdocumentservice/validateDocument"/></con:request></con:config></con:testStep><con:testStep type="request" id="9188f880-c3e5-4e47-9f4e-e1c5e82ec00c" name="testcase4 - Staging - LB - Request"><con:settings/><con:config xsi:type="con:RequestStep" xmlns:xsi="http://www.w3.org/2001/XMLSchema-instance"><con:interface>CivilStatusDocumentService_v1.0Soap11Binding</con:interface><con:operation>validateDocument</con:operation><con:request name="testcase4 - Staging - LB - Request" id="a5fb5d9c-caee-40db-86a3-df9266f13780" outgoingWss="Outflow STAG"><con:settings/><con:encoding>UTF-8</con:encoding><con:endpoint>https://192.168.22.53:8443/services/CivilStatusDocumentService_v1.0</con:endpoint><con:request><![CDATA[<soapenv:Envelope xmlns:soapenv="http://schemas.xmlsoap.org/soap/envelope/" xmlns:v1="http://fidus.brussels/service/civilstatusdocumentservice/messages/v1" xmlns:v11="http://fidus.brussels/type/common/messages/v1" xmlns:core="http://www.fgov.be/dabs/core">
   <soapenv:Header/>
   <soapenv:Body>
      <v1:validateDocumentRequest>
         <v1:messageContext>
            <v11:messageId>${=import static java.util.UUID.randomUUID; uuid = randomUUID() as String}</v11:messageId>
            <v11:timestamp>${=new java.text.SimpleDateFormat("yyyy-MM-dd'T'HH:mm:ss.SSS").format(new Date())}</v11:timestamp>
         </v1:messageContext>
         <v1:legalContext>ServiceIntegrator</v1:legalContext>
         <v1:request>
            <v1:language>fr</v1:language>
             <v1:municipalityCode>d1051</v1:municipalityCode>
            <v1:validateDocument>
               <document xsi:type="core:marriageCertificate" xmlns:xsi="http://www.w3.org/2001/XMLSchema-instance">
                  <attachments/>
                  <certificateOriginType>FOREIGN_CERTIFICATE</certificateOriginType>
                  <factDate>
                     <day>26</day>
                     <month>12</month>
                     <year>2011</year>
                  </factDate>
                  <establishingDate>2018-07-17</establishingDate>
                  <redactionPlace>
                     <municipalityCode>12007</municipalityCode>
                     <countryCode>150</countryCode>
                     <countryFreeText>test</countryFreeText>
                  </redactionPlace>
                  <origin>DABS</origin>
                  <persons>
                     <person>
                        <origin>RR</origin>
                        <nobilityFree/>
                        <birthPlace>
                           <municipalityCode>12010</municipalityCode>
                           <countryCode>150</countryCode>
                           <countryFreeText>test</countryFreeText>
                        </birthPlace>
                        <birthDate>
                           <day>11</day>
                           <month>1</month>
                           <year>1980</year>
                        </birthDate>
                        <firstname>Katrien</firstname>
                        <lastname>De Bondt</lastname>
                        <roles>
                           <role>SPOUSE_2</role>
                        </roles>
                        <personNumber>11234</personNumber>
                     </person>
                     <person>
                        <origin>RR</origin>
                        <nobilityFree/>
                        <birthPlace>
                           <municipalityFreeText>Budel</municipalityFreeText>
                           <countryCode>129</countryCode>
                           <countryFreeText>test</countryFreeText>
                        </birthPlace>
                        <birthDate>
                           <day>5</day>
                           <month>7</month>
                           <year>1979</year>
                        </birthDate>
                        <firstname>Bram Tonny Gerda</firstname>
                        <lastname>Van Huffel</lastname>
                        <roles>
                           <role>SPOUSE_1</role>
                        </roles>
                        <personNumber>1125000</personNumber>
                     </person>
                     <person>
                        <origin>RR</origin>
                        <birthPlace>
                           <municipalityCode>12007</municipalityCode>
                           <countryCode>150</countryCode>
                           <countryFreeText>test</countryFreeText>
                        </birthPlace>
                        <birthDate>
                           <day>1</day>
                           <month>4</month>
                           <year>1986</year>
                        </birthDate>
                        <firstname>Mounir</firstname>
                        <lastname>Ouchan</lastname>
                        <roles>
                           <role>ABS</role>
                        </roles>
                        <personNumber>86040128370</personNumber>
                     </person>
                  </persons>
                  <oldDocumentReference>2018/33</oldDocumentReference>
                  <docState>FINAL</docState>
               </document>
            </v1:validateDocument>
         </v1:request>
      </v1:validateDocumentRequest>
   </soapenv:Body>
</soapenv:Envelope>]]></con:request><con:assertion type="SOAP Fault Assertion" id="73f485ba-f951-444f-82ad-447addc84a6a" name="Not SOAP Fault"/><con:assertion type="SOAP Response" id="4139620d-af09-4f5a-96dd-0790304b4870" name="SOAP Response"/><con:assertion type="Schema Compliance" id="992a33f2-fe7b-441e-b9e0-2438cd56ad17" name="Schema Compliance"><con:configuration/></con:assertion><con:wsaConfig action="http://fidus.brussels/services/civilstatusdocumentservice/validateDocument"/></con:request></con:config></con:testStep><con:testStep type="request" id="08f9807e-bae3-4b45-870f-9c2fec2850c1" name="testcase4 - Staging - Worker1 - Request"><con:settings/><con:config xsi:type="con:RequestStep" xmlns:xsi="http://www.w3.org/2001/XMLSchema-instance"><con:interface>CivilStatusDocumentService_v1.0Soap11Binding</con:interface><con:operation>validateDocument</con:operation><con:request name="testcase4 - Staging - Worker1 - Request" id="5748547b-b055-4894-9b8b-5fe4c2767d3a" outgoingWss="Outflow STAG"><con:settings/><con:encoding>UTF-8</con:encoding><con:endpoint>https://192.168.24.57:8443/services/CivilStatusDocumentService_v1.0</con:endpoint><con:request><![CDATA[<soapenv:Envelope xmlns:soapenv="http://schemas.xmlsoap.org/soap/envelope/" xmlns:v1="http://fidus.brussels/service/civilstatusdocumentservice/messages/v1" xmlns:v11="http://fidus.brussels/type/common/messages/v1" xmlns:core="http://www.fgov.be/dabs/core">
   <soapenv:Header/>
   <soapenv:Body>
      <v1:validateDocumentRequest>
         <v1:messageContext>
            <v11:messageId>${=import static java.util.UUID.randomUUID; uuid = randomUUID() as String}</v11:messageId>
            <v11:timestamp>${=new java.text.SimpleDateFormat("yyyy-MM-dd'T'HH:mm:ss.SSS").format(new Date())}</v11:timestamp>
         </v1:messageContext>
         <v1:legalContext>ServiceIntegrator</v1:legalContext>
         <v1:request>
            <v1:language>fr</v1:language>
             <v1:municipalityCode>d1051</v1:municipalityCode>
            <v1:validateDocument>
               <document xsi:type="core:marriageCertificate" xmlns:xsi="http://www.w3.org/2001/XMLSchema-instance">
                  <attachments/>
                  <certificateOriginType>FOREIGN_CERTIFICATE</certificateOriginType>
                  <factDate>
                     <day>26</day>
                     <month>12</month>
                     <year>2011</year>
                  </factDate>
                  <establishingDate>2018-07-17</establishingDate>
                  <redactionPlace>
                     <municipalityCode>12007</municipalityCode>
                     <countryCode>150</countryCode>
                     <countryFreeText>test</countryFreeText>
                  </redactionPlace>
                  <origin>DABS</origin>
                  <persons>
                     <person>
                        <origin>RR</origin>
                        <nobilityFree/>
                        <birthPlace>
                           <municipalityCode>12010</municipalityCode>
                           <countryCode>150</countryCode>
                           <countryFreeText>test</countryFreeText>
                        </birthPlace>
                        <birthDate>
                           <day>11</day>
                           <month>1</month>
                           <year>1980</year>
                        </birthDate>
                        <firstname>Katrien</firstname>
                        <lastname>De Bondt</lastname>
                        <roles>
                           <role>SPOUSE_2</role>
                        </roles>
                        <personNumber>11234</personNumber>
                     </person>
                     <person>
                        <origin>RR</origin>
                        <nobilityFree/>
                        <birthPlace>
                           <municipalityFreeText>Budel</municipalityFreeText>
                           <countryCode>129</countryCode>
                           <countryFreeText>test</countryFreeText>
                        </birthPlace>
                        <birthDate>
                           <day>5</day>
                           <month>7</month>
                           <year>1979</year>
                        </birthDate>
                        <firstname>Bram Tonny Gerda</firstname>
                        <lastname>Van Huffel</lastname>
                        <roles>
                           <role>SPOUSE_1</role>
                        </roles>
                        <personNumber>1125000</personNumber>
                     </person>
                     <person>
                        <origin>RR</origin>
                        <birthPlace>
                           <municipalityCode>12007</municipalityCode>
                           <countryCode>150</countryCode>
                           <countryFreeText>test</countryFreeText>
                        </birthPlace>
                        <birthDate>
                           <day>1</day>
                           <month>4</month>
                           <year>1986</year>
                        </birthDate>
                        <firstname>Mounir</firstname>
                        <lastname>Ouchan</lastname>
                        <roles>
                           <role>ABS</role>
                        </roles>
                        <personNumber>86040128370</personNumber>
                     </person>
                  </persons>
                  <oldDocumentReference>2018/33</oldDocumentReference>
                  <docState>FINAL</docState>
               </document>
            </v1:validateDocument>
         </v1:request>
      </v1:validateDocumentRequest>
   </soapenv:Body>
</soapenv:Envelope>]]></con:request><con:assertion type="SOAP Fault Assertion" id="20a2ee3f-2362-47b1-8d90-e78c5ecbd4a1" name="Not SOAP Fault"/><con:assertion type="SOAP Response" id="f24d291f-b43d-494f-ac3b-ae88d91ccb5c" name="SOAP Response"/><con:assertion type="Schema Compliance" id="bfd60bea-5f9d-4d9b-88f0-ff5cfefac37e" name="Schema Compliance"><con:configuration/></con:assertion><con:wsaConfig action="http://fidus.brussels/services/civilstatusdocumentservice/validateDocument"/></con:request></con:config></con:testStep><con:testStep type="request" id="c7081865-bb55-4cc3-ab09-f3a45324ee0b" name="testcase4 - Staging - Worker2 - Request"><con:settings/><con:config xsi:type="con:RequestStep" xmlns:xsi="http://www.w3.org/2001/XMLSchema-instance"><con:interface>CivilStatusDocumentService_v1.0Soap11Binding</con:interface><con:operation>validateDocument</con:operation><con:request name="testcase4 - Staging - Worker2 - Request" id="5329a30e-2f55-4466-a0de-9f8a9d7acabe" outgoingWss="Outflow STAG"><con:settings/><con:encoding>UTF-8</con:encoding><con:endpoint>https://192.168.24.64:8443/services/CivilStatusDocumentService_v1.0</con:endpoint><con:request><![CDATA[<soapenv:Envelope xmlns:soapenv="http://schemas.xmlsoap.org/soap/envelope/" xmlns:v1="http://fidus.brussels/service/civilstatusdocumentservice/messages/v1" xmlns:v11="http://fidus.brussels/type/common/messages/v1" xmlns:core="http://www.fgov.be/dabs/core">
   <soapenv:Header/>
   <soapenv:Body>
      <v1:validateDocumentRequest>
         <v1:messageContext>
            <v11:messageId>${=import static java.util.UUID.randomUUID; uuid = randomUUID() as String}</v11:messageId>
            <v11:timestamp>${=new java.text.SimpleDateFormat("yyyy-MM-dd'T'HH:mm:ss.SSS").format(new Date())}</v11:timestamp>
         </v1:messageContext>
         <v1:legalContext>ServiceIntegrator</v1:legalContext>
         <v1:request>
            <v1:language>fr</v1:language>
             <v1:municipalityCode>d1051</v1:municipalityCode>
            <v1:validateDocument>
               <document xsi:type="core:marriageCertificate" xmlns:xsi="http://www.w3.org/2001/XMLSchema-instance">
                  <attachments/>
                  <certificateOriginType>FOREIGN_CERTIFICATE</certificateOriginType>
                  <factDate>
                     <day>26</day>
                     <month>12</month>
                     <year>2011</year>
                  </factDate>
                  <establishingDate>2018-07-17</establishingDate>
                  <redactionPlace>
                     <municipalityCode>12007</municipalityCode>
                     <countryCode>150</countryCode>
                     <countryFreeText>test</countryFreeText>
                  </redactionPlace>
                  <origin>DABS</origin>
                  <persons>
                     <person>
                        <origin>RR</origin>
                        <nobilityFree/>
                        <birthPlace>
                           <municipalityCode>12010</municipalityCode>
                           <countryCode>150</countryCode>
                           <countryFreeText>test</countryFreeText>
                        </birthPlace>
                        <birthDate>
                           <day>11</day>
                           <month>1</month>
                           <year>1980</year>
                        </birthDate>
                        <firstname>Katrien</firstname>
                        <lastname>De Bondt</lastname>
                        <roles>
                           <role>SPOUSE_2</role>
                        </roles>
                        <personNumber>11234</personNumber>
                     </person>
                     <person>
                        <origin>RR</origin>
                        <nobilityFree/>
                        <birthPlace>
                           <municipalityFreeText>Budel</municipalityFreeText>
                           <countryCode>129</countryCode>
                           <countryFreeText>test</countryFreeText>
                        </birthPlace>
                        <birthDate>
                           <day>5</day>
                           <month>7</month>
                           <year>1979</year>
                        </birthDate>
                        <firstname>Bram Tonny Gerda</firstname>
                        <lastname>Van Huffel</lastname>
                        <roles>
                           <role>SPOUSE_1</role>
                        </roles>
                        <personNumber>1125000</personNumber>
                     </person>
                     <person>
                        <origin>RR</origin>
                        <birthPlace>
                           <municipalityCode>12007</municipalityCode>
                           <countryCode>150</countryCode>
                           <countryFreeText>test</countryFreeText>
                        </birthPlace>
                        <birthDate>
                           <day>1</day>
                           <month>4</month>
                           <year>1986</year>
                        </birthDate>
                        <firstname>Mounir</firstname>
                        <lastname>Ouchan</lastname>
                        <roles>
                           <role>ABS</role>
                        </roles>
                        <personNumber>86040128370</personNumber>
                     </person>
                  </persons>
                  <oldDocumentReference>2018/33</oldDocumentReference>
                  <docState>FINAL</docState>
               </document>
            </v1:validateDocument>
         </v1:request>
      </v1:validateDocumentRequest>
   </soapenv:Body>
</soapenv:Envelope>]]></con:request><con:assertion type="SOAP Fault Assertion" id="258ea081-72e5-4c7f-9b91-1139caa1fb37" name="Not SOAP Fault"/><con:assertion type="SOAP Response" id="2745c6a2-be4e-433b-b656-5d55834956a2" name="SOAP Response"/><con:assertion type="Schema Compliance" id="c3e550b7-2648-4230-a195-2f84a65b8f11" name="Schema Compliance"><con:configuration/></con:assertion><con:wsaConfig action="http://fidus.brussels/services/civilstatusdocumentservice/validateDocument"/></con:request></con:config></con:testStep><con:properties/></con:testCase><con:properties/></con:testSuite><con:properties/><con:wssContainer><con:crypto><con:source>data/wso2/keystores/user-rajarshi.jks</con:source><con:password>test@fidus01</con:password><con:type>KEYSTORE</con:type></con:crypto><con:outgoing><con:name>Outflow DEV</con:name></con:outgoing><con:outgoing><con:name>Outflow TEST</con:name><con:entry type="Signature" username="testuser-test.fidus.brussels" password="test@fidus01"><con:configuration><crypto>user-rajarshi.jks</crypto><keyIdentifierType>3</keyIdentifierType><signatureAlgorithm/><signatureCanonicalization/><useSingleCert>true</useSingleCert><digestAlgorithm/><customTokenValueType/><customTokenId/></con:configuration></con:entry><con:entry type="Timestamp"><con:configuration><timeToLive>300000</timeToLive><strictTimestamp>true</strictTimestamp></con:configuration></con:entry></con:outgoing><con:outgoing><con:name>Outflow STAG</con:name></con:outgoing></con:wssContainer><con:oAuth2ProfileContainer/><con:oAuth1ProfileContainer/><con:sensitiveInformation/></con:soapui-project>