<?xml version="1.0" encoding="UTF-8"?>
<con:soapui-project id="ba7b44a6-2b18-459d-bfbe-a9ebc7b3db5f" activeEnvironment="Default" name="Client-CivilStatusNotificationService-v1-soapui-project" resourceRoot="" soapui-version="5.1.3" abortOnError="false" runType="SEQUENTIAL" xmlns:con="http://eviware.com/soapui/config"><con:settings/><con:interface xsi:type="con:WsdlInterface" id="bbb5d869-0fce-4f51-8679-b822fd28ec51" wsaVersion="NONE" name="CivilStatusNotificationService_v1.0Soap11Binding" type="wsdl" bindingName="{http://fidus.brussels/service/civilstatusnotificationservice/v1}CivilStatusNotificationService_v1.0Soap11Binding" soapVersion="1_1" anonymous="optional" definition="https://localhost:9443/services/CivilStatusNotificationService_v1.0?wsdl" xmlns:xsi="http://www.w3.org/2001/XMLSchema-instance"><con:settings/><con:definitionCache type="TEXT" rootPart="https://localhost:9443/services/CivilStatusNotificationService_v1.0?wsdl"><con:part><con:url>https://localhost:9443/services/CivilStatusNotificationService_v1.0?wsdl</con:url><con:content><![CDATA[<wsdl:definitions targetNamespace="http://fidus.brussels/service/civilstatusnotificationservice/v1" xmlns:wsdl="http://schemas.xmlsoap.org/wsdl/" xmlns:wsaw="http://www.w3.org/2006/05/addressing/wsdl" xmlns:mime="http://schemas.xmlsoap.org/wsdl/mime/" xmlns:tns="http://fidus.brussels/service/civilstatusnotificationservice/v1" xmlns:xsd="http://www.w3.org/2001/XMLSchema" xmlns:http="http://schemas.xmlsoap.org/wsdl/http/" xmlns:mes="http://fidus.brussels/service/civilstatusnotificationservice/messages/v1" xmlns:soap12="http://schemas.xmlsoap.org/wsdl/soap12/" xmlns:soap="http://schemas.xmlsoap.org/wsdl/soap/">
  <wsp:Policy wsu:Id="SigOnly" xmlns:wsp="http://schemas.xmlsoap.org/ws/2004/09/policy" xmlns:wsu="http://docs.oasis-open.org/wss/2004/01/oasis-200401-wss-wssecurity-utility-1.0.xsd">
    <wsp:ExactlyOne>
      <wsp:All>
        <sp:AsymmetricBinding xmlns:sp="http://schemas.xmlsoap.org/ws/2005/07/securitypolicy">
          <wsp:Policy>
            <sp:InitiatorToken>
              <wsp:Policy>
                <sp:X509Token sp:IncludeToken="http://schemas.xmlsoap.org/ws/2005/07/securitypolicy/IncludeToken/AlwaysToRecipient">
                  <wsp:Policy>
                    <sp:RequireThumbprintReference/>
                    <sp:WssX509V3Token10/>
                  </wsp:Policy>
                </sp:X509Token>
              </wsp:Policy>
            </sp:InitiatorToken>
            <sp:RecipientToken>
              <wsp:Policy>
                <sp:X509Token sp:IncludeToken="http://schemas.xmlsoap.org/ws/2005/07/securitypolicy/IncludeToken/Never">
                  <wsp:Policy>
                    <sp:RequireThumbprintReference/>
                    <sp:WssX509V3Token10/>
                  </wsp:Policy>
                </sp:X509Token>
              </wsp:Policy>
            </sp:RecipientToken>
            <sp:AlgorithmSuite>
              <wsp:Policy>
                <sp:Basic256/>
              </wsp:Policy>
            </sp:AlgorithmSuite>
            <sp:Layout>
              <wsp:Policy>
                <sp:Strict/>
              </wsp:Policy>
            </sp:Layout>
            <sp:IncludeTimestamp/>
            <sp:OnlySignEntireHeadersAndBody/>
          </wsp:Policy>
        </sp:AsymmetricBinding>
        <sp:Wss10 xmlns:sp="http://schemas.xmlsoap.org/ws/2005/07/securitypolicy">
          <sp:Policy>
            <sp:MustSupportRefKeyIdentifier/>
            <sp:MustSupportRefIssuerSerial/>
          </sp:Policy>
        </sp:Wss10>
        <sp:SignedParts xmlns:sp="http://schemas.xmlsoap.org/ws/2005/07/securitypolicy">
          <sp:Body/>
        </sp:SignedParts>
      </wsp:All>
    </wsp:ExactlyOne>
  </wsp:Policy>
  <wsdl:types>
    <xsd:schema attributeFormDefault="unqualified" elementFormDefault="qualified" targetNamespace="http://fidus.brussels/service/civilstatusnotificationservice/v1">
      <xsd:import namespace="http://fidus.brussels/service/civilstatusnotificationservice/messages/v1" schemaLocation="CivilStatusNotificationService_v1.0?xsd=civilStatusNotificationServiceMessages_v1.xsd"/>
    </xsd:schema>
    <xsd:schema attributeFormDefault="unqualified" elementFormDefault="unqualified">
      <xsd:import namespace="http://fidus.brussels/service/civilstatusnotificationservice/messages/v1" schemaLocation="CivilStatusNotificationService_v1.0?xsd=civilStatusNotificationServiceMessages_v1.xsd"/>
    </xsd:schema>
  </wsdl:types>
  <wsdl:message name="createNotificationMessageRequest">
    <wsdl:part name="CreateNotificationRequest" element="mes:createNotificationRequest"/>
  </wsdl:message>
  <wsdl:message name="createNotificationMessageResponse">
    <wsdl:part name="CreateNotificationResponse" element="mes:createNotificationResponse"/>
  </wsdl:message>
  <wsdl:message name="getNotificationsMessageRequest">
    <wsdl:part name="GetNotificationsRequest" element="mes:getNotificationsRequest"/>
  </wsdl:message>
  <wsdl:message name="getNotificationsMessageResponse">
    <wsdl:part name="GetNotificationsResponse" element="mes:getNotificationsResponse"/>
  </wsdl:message>
  <wsdl:message name="modifyMessageStatusMessageRequest">
    <wsdl:part name="ModifyMessageStatusRequest" element="mes:modifyMessageStatusRequest"/>
  </wsdl:message>
  <wsdl:message name="modifyMessageStatusMessageResponse">
    <wsdl:part name="ModifyMessageStatusResponse" element="mes:modifyMessageStatusResponse"/>
  </wsdl:message>
  <wsdl:message name="getMyMessagesStatusMessageRequest">
    <wsdl:part name="GetMyMessagesStatusRequest" element="mes:getMyMessagesStatusRequest"/>
  </wsdl:message>
  <wsdl:message name="getMyMessagesStatusMessageResponse">
    <wsdl:part name="GetMyMessagesStatusResponse" element="mes:getMyMessagesStatusResponse"/>
  </wsdl:message>
  <wsdl:portType name="CivilStatusNotificationService_v1.0PortType" wsp:PolicyURIs="#SigOnly" xmlns:wsp="http://schemas.xmlsoap.org/ws/2004/09/policy">
    <wsdl:operation name="createNotification">
      <wsdl:input message="tns:createNotificationMessageRequest" wsaw:Action="http://fidus.brussels/service/civilstatusnotificationservice/createNotification"/>
      <wsdl:output message="tns:createNotificationMessageResponse" wsaw:Action="http://fidus.brussels/service/civilstatusnotificationservice/v1/CivilStatusNotificationEndpoint/createNotificationResponse"/>
    </wsdl:operation>
    <wsdl:operation name="getNotifications">
      <wsdl:input message="tns:getNotificationsMessageRequest" wsaw:Action="http://fidus.brussels/service/civilstatusnotificationservice/getNotifications"/>
      <wsdl:output message="tns:getNotificationsMessageResponse" wsaw:Action="http://fidus.brussels/service/civilstatusnotificationservice/v1/CivilStatusNotificationEndpoint/getNotificationsResponse"/>
    </wsdl:operation>
    <wsdl:operation name="modifyMessageStatus">
      <wsdl:input message="tns:modifyMessageStatusMessageRequest" wsaw:Action="http://fidus.brussels/service/civilstatusnotificationservice/modifyMessageStatus"/>
      <wsdl:output message="tns:modifyMessageStatusMessageResponse" wsaw:Action="http://fidus.brussels/service/civilstatusnotificationservice/v1/CivilStatusNotificationEndpoint/modifyMessageStatusResponse"/>
    </wsdl:operation>
    <wsdl:operation name="getMyMessagesStatus">
      <wsdl:input message="tns:getMyMessagesStatusMessageRequest" wsaw:Action="http://fidus.brussels/service/civilstatusnotificationservice/getMyMessagesStatus"/>
      <wsdl:output message="tns:getMyMessagesStatusMessageResponse" wsaw:Action="http://fidus.brussels/service/civilstatusnotificationservice/v1/CivilStatusNotificationEndpoint/getMyMessagesStatusResponse"/>
    </wsdl:operation>
  </wsdl:portType>
  <wsdl:binding name="CivilStatusNotificationService_v1.0Soap11Binding" type="tns:CivilStatusNotificationService_v1.0PortType">
    <soap:binding transport="http://schemas.xmlsoap.org/soap/http" style="document"/>
    <wsdl:operation name="createNotification">
      <soap:operation soapAction="http://fidus.brussels/service/civilstatusnotificationservice/createNotification" style="document"/>
      <wsdl:input>
        <soap:body use="literal"/>
      </wsdl:input>
      <wsdl:output>
        <soap:body use="literal"/>
      </wsdl:output>
    </wsdl:operation>
    <wsdl:operation name="getNotifications">
      <soap:operation soapAction="http://fidus.brussels/service/civilstatusnotificationservice/getNotifications" style="document"/>
      <wsdl:input>
        <soap:body use="literal"/>
      </wsdl:input>
      <wsdl:output>
        <soap:body use="literal"/>
      </wsdl:output>
    </wsdl:operation>
    <wsdl:operation name="modifyMessageStatus">
      <soap:operation soapAction="http://fidus.brussels/service/civilstatusnotificationservice/modifyMessageStatus" style="document"/>
      <wsdl:input>
        <soap:body use="literal"/>
      </wsdl:input>
      <wsdl:output>
        <soap:body use="literal"/>
      </wsdl:output>
    </wsdl:operation>
    <wsdl:operation name="getMyMessagesStatus">
      <soap:operation soapAction="http://fidus.brussels/service/civilstatusnotificationservice/getMyMessagesStatus" style="document"/>
      <wsdl:input>
        <soap:body use="literal"/>
      </wsdl:input>
      <wsdl:output>
        <soap:body use="literal"/>
      </wsdl:output>
    </wsdl:operation>
  </wsdl:binding>
  <wsdl:service name="CivilStatusNotificationService_v1.0">
    <wsdl:port name="CivilStatusNotificationService_v1.0HttpsSoap11Endpoint" binding="tns:CivilStatusNotificationService_v1.0Soap11Binding">
      <soap:address location="/services/CivilStatusNotificationService_v1.0.CivilStatusNotificationService_v1.0HttpsSoap11Endpoint"/>
    </wsdl:port>
  </wsdl:service>
</wsdl:definitions>]]></con:content><con:type>http://schemas.xmlsoap.org/wsdl/</con:type></con:part><con:part><con:url>https://localhost:9443/services/CivilStatusNotificationService_v1.0?xsd=civilStatusNotificationServiceMessages_v1.xsd</con:url><con:content><![CDATA[<xsd:schema attributeFormDefault="unqualified" elementFormDefault="qualified" targetNamespace="http://fidus.brussels/service/civilstatusnotificationservice/messages/v1" version="1.0" xmlns:xsd="http://www.w3.org/2001/XMLSchema" xmlns:core="http://www.fgov.be/dabs/core" xmlns:exc="http://fidus.brussels/type/common/exceptions/v1" xmlns:tns="http://fidus.brussels/service/civilstatusnotificationservice/messages/v1" xmlns:cme="http://fidus.brussels/type/common/messages/v1">
  <xsd:import namespace="http://fidus.brussels/type/common/messages/v1" schemaLocation="CivilStatusNotificationService_v1.0?xsd=baseMessageTypes_v1.xsd"/>
  <xsd:import namespace="http://fidus.brussels/type/common/exceptions/v1" schemaLocation="CivilStatusNotificationService_v1.0?xsd=exceptionTypes_v1.xsd"/>
  <xsd:import namespace="http://www.fgov.be/dabs/core" schemaLocation="CivilStatusNotificationService_v1.0?xsd=notificationserviceMessages.xsd"/>
  <xsd:complexType name="getNotificationsRequestType">
    <xsd:sequence>
      <xsd:element name="messageContext" type="cme:RequestMessageContextType"/>
      <xsd:element name="legalContext" type="cme:LegalContextType"/>
      <xsd:element name="language" type="tns:languageType"/>
      <xsd:element name="request" type="core:getNotifications"/>
    </xsd:sequence>
  </xsd:complexType>
  <xsd:complexType name="getNotificationsResponseType">
    <xsd:sequence>
      <xsd:element name="messageContext" type="cme:ResponseMessageContextType"/>
      <xsd:element minOccurs="0" name="responses" type="tns:getNotificationsLocalResponsesType"/>
      <xsd:element minOccurs="0" name="exceptions" type="exc:ExceptionsType">
        <xsd:annotation>
          <xsd:documentation>Technical errors that occur when processing the message context e.g. insufficient rights.</xsd:documentation>
        </xsd:annotation>
      </xsd:element>
    </xsd:sequence>
  </xsd:complexType>
  <xsd:complexType name="getNotificationsLocalResponsesType">
    <xsd:sequence>
      <xsd:element name="response" type="core:getNotificationsResponse"/>
      <xsd:element minOccurs="0" name="exceptions" type="exc:ExceptionsType">
        <xsd:annotation>
          <xsd:documentation>Business exceptions that occur when processing the request or response e.g. missing data for a single response element.
						Exceptions at this level may contain back-end specific codes and content.</xsd:documentation>
        </xsd:annotation>
      </xsd:element>
    </xsd:sequence>
  </xsd:complexType>
  <xsd:simpleType name="languageType">
    <xsd:restriction base="xsd:string">
      <xsd:enumeration value="fr"/>
      <xsd:enumeration value="nl"/>
      <xsd:enumeration value="en"/>
    </xsd:restriction>
  </xsd:simpleType>
  <xsd:complexType name="createNotificationRequestType">
    <xsd:sequence>
      <xsd:element name="messageContext" type="cme:RequestMessageContextType"/>
      <xsd:element name="legalContext" type="cme:LegalContextType"/>
      <xsd:element name="language" type="tns:languageType"/>
      <xsd:element name="request" type="core:createNotification"/>
    </xsd:sequence>
  </xsd:complexType>
  <xsd:complexType name="createNotificationResponseType">
    <xsd:sequence>
      <xsd:element name="messageContext" type="cme:ResponseMessageContextType"/>
      <xsd:element minOccurs="0" name="responses" type="tns:createNotificationsLocalResponsesType"/>
      <xsd:element minOccurs="0" name="exceptions" type="exc:ExceptionsType">
        <xsd:annotation>
          <xsd:documentation>Technical errors that occur when processing the message context e.g. insufficient rights.</xsd:documentation>
        </xsd:annotation>
      </xsd:element>
    </xsd:sequence>
  </xsd:complexType>
  <xsd:complexType name="createNotificationsLocalResponsesType">
    <xsd:sequence>
      <xsd:element name="response" type="core:createNotificationResponse"/>
      <xsd:element minOccurs="0" name="exceptions" type="exc:ExceptionsType">
        <xsd:annotation>
          <xsd:documentation>Business exceptions that occur when processing the request or response e.g. missing data for a single response element.
						Exceptions at this level may contain back-end specific codes and content.</xsd:documentation>
        </xsd:annotation>
      </xsd:element>
    </xsd:sequence>
  </xsd:complexType>
  <xsd:complexType name="getMyMessagesStatusRequestType">
    <xsd:sequence>
      <xsd:element name="messageContext" type="cme:RequestMessageContextType"/>
      <xsd:element name="legalContext" type="cme:LegalContextType"/>
      <xsd:element name="language" type="tns:languageType"/>
      <xsd:element name="request" type="core:getMyMessagesStatus"/>
    </xsd:sequence>
  </xsd:complexType>
  <xsd:complexType name="getMyMessagesStatusResponseType">
    <xsd:sequence>
      <xsd:element name="messageContext" type="cme:ResponseMessageContextType"/>
      <xsd:element minOccurs="0" name="responses" type="tns:getMyMessagesStatusLocalResponsesType"/>
      <xsd:element minOccurs="0" name="exceptions" type="exc:ExceptionsType">
        <xsd:annotation>
          <xsd:documentation>Technical errors that occur when processing the message context e.g. insufficient rights.</xsd:documentation>
        </xsd:annotation>
      </xsd:element>
    </xsd:sequence>
  </xsd:complexType>
  <xsd:complexType name="getMyMessagesStatusLocalResponsesType">
    <xsd:sequence>
      <xsd:element name="response" type="core:getMyMessagesStatusResponse"/>
      <xsd:element minOccurs="0" name="exceptions" type="exc:ExceptionsType">
        <xsd:annotation>
          <xsd:documentation>Business exceptions that occur when processing the request or response e.g. missing data for a single response element.
						Exceptions at this level may contain back-end specific codes and content.</xsd:documentation>
        </xsd:annotation>
      </xsd:element>
    </xsd:sequence>
  </xsd:complexType>
  <xsd:complexType name="modifyMessageStatusRequestType">
    <xsd:sequence>
      <xsd:element name="messageContext" type="cme:RequestMessageContextType"/>
      <xsd:element name="legalContext" type="cme:LegalContextType"/>
      <xsd:element name="language" type="tns:languageType"/>
      <xsd:element name="request" type="core:modifyMessageStatus"/>
    </xsd:sequence>
  </xsd:complexType>
  <xsd:complexType name="modifyMessageStatusResponseType">
    <xsd:sequence>
      <xsd:element name="messageContext" type="cme:ResponseMessageContextType"/>
      <xsd:element minOccurs="0" name="responses" type="tns:modifyMessageStatusLocalResponsesType"/>
      <xsd:element minOccurs="0" name="exceptions" type="exc:ExceptionsType">
        <xsd:annotation>
          <xsd:documentation>Technical errors that occur when processing the message context e.g. insufficient rights.</xsd:documentation>
        </xsd:annotation>
      </xsd:element>
    </xsd:sequence>
  </xsd:complexType>
  <xsd:complexType name="modifyMessageStatusLocalResponsesType">
    <xsd:sequence>
      <xsd:element name="response" type="core:modifyMessageStatusResponse"/>
      <xsd:element minOccurs="0" name="exceptions" type="exc:ExceptionsType">
        <xsd:annotation>
          <xsd:documentation>Business exceptions that occur when processing the request or response e.g. missing data for a single response element.
						Exceptions at this level may contain back-end specific codes and content.</xsd:documentation>
        </xsd:annotation>
      </xsd:element>
    </xsd:sequence>
  </xsd:complexType>
  <xsd:element name="getNotificationsRequest" type="tns:getNotificationsRequestType"/>
  <xsd:element name="getNotificationsResponse" type="tns:getNotificationsResponseType"/>
  <xsd:element name="createNotificationRequest" type="tns:createNotificationRequestType"/>
  <xsd:element name="createNotificationResponse" type="tns:createNotificationResponseType"/>
  <xsd:element name="getMyMessagesStatusRequest" type="tns:getMyMessagesStatusRequestType"/>
  <xsd:element name="getMyMessagesStatusResponse" type="tns:getMyMessagesStatusResponseType"/>
  <xsd:element name="modifyMessageStatusRequest" type="tns:modifyMessageStatusRequestType"/>
  <xsd:element name="modifyMessageStatusResponse" type="tns:modifyMessageStatusResponseType"/>
</xsd:schema>]]></con:content><con:type>http://www.w3.org/2001/XMLSchema</con:type></con:part><con:part><con:url>https://localhost:9443/services/CivilStatusNotificationService_v1.0?xsd=baseMessageTypes_v1.xsd</con:url><con:content><![CDATA[<xsd:schema attributeFormDefault="unqualified" elementFormDefault="qualified" targetNamespace="http://fidus.brussels/type/common/messages/v1" version="1.0" xmlns:xsd="http://www.w3.org/2001/XMLSchema" xmlns:cmn="http://fidus.brussels/type/common/v1" xmlns:tns="http://fidus.brussels/type/common/messages/v1">
  <xsd:simpleType name="MessageIdType">
    <xsd:restriction base="xsd:string">
      <xsd:minLength value="1"/>
      <xsd:maxLength value="64"/>
    </xsd:restriction>
  </xsd:simpleType>
  <xsd:simpleType name="PersonNumberType">
    <xsd:restriction base="xsd:string">
      <xsd:pattern value="[0-9][0-9](([0][0-9])|([1][0-2]))(([0-2][0-9])|([3][0-1]))(([0-9]{2}[1-9])|([0-9][1-9][0-9])|([1-9][0-9]{2}))(([0-8][0-9])|([9][0-7]))">
        <xsd:annotation>
          <xsd:documentation>National Register format</xsd:documentation>
        </xsd:annotation>
      </xsd:pattern>
      <xsd:pattern value="[0-9][0-9](([2][0-9])|([3][0-2]))(([0-2][0-9])|([3][0-1]))[0-9]{3}(([0-8][0-9])|([9][0-7]))">
        <xsd:annotation>
          <xsd:documentation>CBSS Register format: Bis Register</xsd:documentation>
        </xsd:annotation>
      </xsd:pattern>
      <xsd:pattern value="[0-9][0-9](([4][0-9])|([5][0-2]))(([0-2][0-9])|([3][0-1]))[0-9]{3}(([0-8][0-9])|([9][0-7]))">
        <xsd:annotation>
          <xsd:documentation>CBSS Register format: Ter Register</xsd:documentation>
        </xsd:annotation>
      </xsd:pattern>
    </xsd:restriction>
  </xsd:simpleType>
  <xsd:complexType name="RequestMessageContextType">
    <xsd:annotation>
      <xsd:documentation>Message context block generated by the consumer.</xsd:documentation>
    </xsd:annotation>
    <xsd:sequence>
      <xsd:element name="messageId" type="tns:MessageIdType">
        <xsd:annotation>
          <xsd:documentation>Consumer must assign their own MessageId reference for the request.</xsd:documentation>
        </xsd:annotation>
      </xsd:element>
      <xsd:element minOccurs="0" name="timestamp" type="xsd:dateTime">
        <xsd:annotation>
          <xsd:documentation>Timestamp when client sent request.</xsd:documentation>
        </xsd:annotation>
      </xsd:element>
    </xsd:sequence>
  </xsd:complexType>
  <xsd:complexType name="ResponseMessageContextType">
    <xsd:annotation>
      <xsd:documentation>MessageContext block generated by fidus.</xsd:documentation>
    </xsd:annotation>
    <xsd:sequence>
      <xsd:element name="messageId" type="tns:MessageIdType">
        <xsd:annotation>
          <xsd:documentation>A unique identifier generated by fidus.</xsd:documentation>
        </xsd:annotation>
      </xsd:element>
      <xsd:element name="transactionId" type="tns:MessageIdType">
        <xsd:annotation>
          <xsd:documentation>A unique ID returned to the client for tracing purposes.</xsd:documentation>
        </xsd:annotation>
      </xsd:element>
      <xsd:element minOccurs="0" name="relatesTo" type="tns:MessageIdType">
        <xsd:annotation>
          <xsd:documentation>Optional field. The unique id of a previous batch file in this exchange Only used for responses.</xsd:documentation>
        </xsd:annotation>
      </xsd:element>
      <xsd:element minOccurs="0" name="timestamp" type="xsd:dateTime">
        <xsd:annotation>
          <xsd:documentation>Time reply sent by fidus.</xsd:documentation>
        </xsd:annotation>
      </xsd:element>
    </xsd:sequence>
  </xsd:complexType>
  <xsd:simpleType name="LegalContextType">
    <xsd:restriction base="xsd:string">
      <xsd:minLength value="1"/>
      <xsd:maxLength value="64"/>
    </xsd:restriction>
  </xsd:simpleType>
  <xsd:complexType name="UserContextType">
    <xsd:annotation>
      <xsd:documentation>The user context defines information regarding the actual user performing a request.</xsd:documentation>
    </xsd:annotation>
    <xsd:sequence>
      <xsd:element name="language" nillable="true" type="xsd:language">
        <xsd:annotation>
          <xsd:documentation>The preferred language of the actual user performing the request.
						This influences the language in which response elements are cast.</xsd:documentation>
        </xsd:annotation>
      </xsd:element>
    </xsd:sequence>
  </xsd:complexType>
</xsd:schema>]]></con:content><con:type>http://www.w3.org/2001/XMLSchema</con:type></con:part><con:part><con:url>https://localhost:9443/services/CivilStatusNotificationService_v1.0?xsd=exceptionTypes_v1.xsd</con:url><con:content><![CDATA[<xsd:schema attributeFormDefault="unqualified" elementFormDefault="qualified" targetNamespace="http://fidus.brussels/type/common/exceptions/v1" version="1.0" xmlns:xsd="http://www.w3.org/2001/XMLSchema" xmlns:tns="http://fidus.brussels/type/common/exceptions/v1">
  <xsd:complexType name="ExceptionsType">
    <xsd:sequence>
      <xsd:element maxOccurs="unbounded" name="exception" type="tns:ExceptionType"/>
    </xsd:sequence>
  </xsd:complexType>
  <xsd:complexType name="ExceptionType">
    <xsd:sequence>
      <xsd:element name="type" type="tns:ExceptionClassType"/>
      <xsd:element name="code" type="tns:ExceptionCodeType"/>
      <xsd:element name="source" type="tns:ExceptionSourceType"/>
      <xsd:element name="description" type="tns:ExceptionDescriptionType"/>
    </xsd:sequence>
  </xsd:complexType>
  <xsd:simpleType name="ExceptionClassType">
    <xsd:restriction base="xsd:string">
      <xsd:enumeration value="ERROR"/>
      <xsd:enumeration value="WARNING"/>
      <xsd:enumeration value="INFO"/>
    </xsd:restriction>
  </xsd:simpleType>
  <xsd:simpleType name="ExceptionCodeType">
    <xsd:restriction base="xsd:string">
      <xsd:maxLength value="20"/>
    </xsd:restriction>
  </xsd:simpleType>
  <xsd:simpleType name="ExceptionSourceType">
    <xsd:restriction base="xsd:string">
      <xsd:maxLength value="20"/>
    </xsd:restriction>
  </xsd:simpleType>
  <xsd:simpleType name="ExceptionDescriptionType">
    <xsd:restriction base="xsd:string"/>
  </xsd:simpleType>
</xsd:schema>]]></con:content><con:type>http://www.w3.org/2001/XMLSchema</con:type></con:part><con:part><con:url>https://localhost:9443/services/CivilStatusNotificationService_v1.0?xsd=notificationserviceMessages.xsd</con:url><con:content><![CDATA[<xs:schema attributeFormDefault="unqualified" elementFormDefault="unqualified" targetNamespace="http://www.fgov.be/dabs/core" xmlns:xs="http://www.w3.org/2001/XMLSchema" xmlns:core="http://www.fgov.be/dabs/core">
  <xs:element name="createNotification" type="core:createNotification"/>
  <xs:element name="createNotificationResponse" type="core:createNotificationResponse"/>
  <xs:element name="getMyMessagesStatus" type="core:getMyMessagesStatus"/>
  <xs:element name="getMyMessagesStatusResponse" type="core:getMyMessagesStatusResponse"/>
  <xs:element name="getNotifications" type="core:getNotifications"/>
  <xs:element name="getNotificationsResponse" type="core:getNotificationsResponse"/>
  <xs:element name="modifyMessageStatus" type="core:modifyMessageStatus"/>
  <xs:element name="modifyMessageStatusResponse" type="core:modifyMessageStatusResponse"/>
  <xs:complexType name="getMyMessagesStatus">
    <xs:sequence>
      <xs:element minOccurs="0" name="from" type="xs:string"/>
      <xs:element minOccurs="0" name="to" type="xs:string"/>
      <xs:element minOccurs="0" name="withClosed" type="xs:boolean"/>
      <xs:element minOccurs="0" name="messageId" type="xs:long"/>
      <xs:element minOccurs="0" name="notificationId" type="xs:long"/>
    </xs:sequence>
  </xs:complexType>
  <xs:complexType name="getMyMessagesStatusResponse">
    <xs:sequence>
      <xs:element name="notifications">
        <xs:complexType>
          <xs:sequence>
            <xs:element maxOccurs="unbounded" minOccurs="0" name="notification" type="core:notification"/>
          </xs:sequence>
        </xs:complexType>
      </xs:element>
    </xs:sequence>
  </xs:complexType>
  <xs:complexType name="notification">
    <xs:sequence>
      <xs:element minOccurs="0" name="id" nillable="true" type="xs:long"/>
      <xs:element minOccurs="0" name="creationDate" nillable="true" type="xs:dateTime"/>
      <xs:element name="destination" type="xs:string"/>
      <xs:element minOccurs="0" name="generatedby" nillable="true" type="xs:string"/>
      <xs:element minOccurs="0" name="retrievalDate" nillable="true" type="xs:dateTime"/>
      <xs:element name="message" type="core:message"/>
    </xs:sequence>
  </xs:complexType>
  <xs:complexType abstract="true" name="message">
    <xs:sequence>
      <xs:element minOccurs="0" name="id" type="xs:long"/>
      <xs:element minOccurs="0" name="status" nillable="true" type="core:messageStatus"/>
      <xs:element minOccurs="0" name="statusDate" nillable="true" type="xs:dateTime"/>
      <xs:element minOccurs="0" name="externalId1" type="xs:string"/>
      <xs:element minOccurs="0" name="externalId2" type="xs:string"/>
      <xs:element minOccurs="0" name="externalId3" type="xs:string"/>
      <xs:element minOccurs="0" name="docReference" nillable="true" type="xs:string"/>
    </xs:sequence>
  </xs:complexType>
  <xs:complexType name="requestMigrationMessage">
    <xs:complexContent>
      <xs:extension base="core:message">
        <xs:sequence>
          <xs:element name="docType" type="core:docType"/>
          <xs:element name="factDate" type="core:dabsDate"/>
          <xs:element name="documentState" type="core:docState"/>
          <xs:element maxOccurs="unbounded" name="person" type="core:personInPrincipalRole"/>
        </xs:sequence>
      </xs:extension>
    </xs:complexContent>
  </xs:complexType>
  <xs:complexType name="dabsDate">
    <xs:sequence>
      <xs:element minOccurs="0" name="day" nillable="true" type="xs:int"/>
      <xs:element minOccurs="0" name="month" nillable="true" type="xs:int"/>
      <xs:element name="year" type="xs:int"/>
    </xs:sequence>
  </xs:complexType>
  <xs:complexType name="personInPrincipalRole">
    <xs:sequence>
      <xs:element name="nationalNumber" nillable="true" type="xs:string"/>
      <xs:element minOccurs="0" name="firstName" nillable="true" type="xs:string"/>
      <xs:element name="lastName" type="xs:string"/>
      <xs:element name="birthDate" type="core:dabsDate"/>
    </xs:sequence>
  </xs:complexType>
  <xs:complexType name="textMessage">
    <xs:complexContent>
      <xs:extension base="core:message">
        <xs:sequence>
          <xs:element name="messageTextType" type="core:messageTextType"/>
          <xs:element name="messageTextTitle" type="xs:string"/>
          <xs:element name="messageTextContent" type="xs:string"/>
        </xs:sequence>
      </xs:extension>
    </xs:complexContent>
  </xs:complexType>
  <xs:complexType name="authorityDecisionMessage">
    <xs:complexContent>
      <xs:extension base="core:message">
        <xs:sequence>
          <xs:element name="authorityDecisionDetail" type="core:authorityDecisionDetail"/>
          <xs:element name="file" type="xs:base64Binary"/>
        </xs:sequence>
      </xs:extension>
    </xs:complexContent>
  </xs:complexType>
  <xs:complexType name="authorityDecisionDetail">
    <xs:sequence>
      <xs:element name="decisionType" type="core:decisionType"/>
      <xs:element name="decisionCategory" type="core:decisionCategory"/>
      <xs:element minOccurs="0" name="decisionReference" type="xs:string"/>
      <xs:element minOccurs="0" name="decisionAuthorityCode" type="core:jurisdictionPlace"/>
      <xs:element minOccurs="0" name="decisionAuthorityFree" type="xs:string"/>
      <xs:element minOccurs="0" name="decisionDate" type="xs:date"/>
      <xs:element minOccurs="0" name="applicationDate" type="xs:date"/>
      <xs:element minOccurs="0" name="modifiedCertificateReference" type="xs:string"/>
      <xs:element minOccurs="0" name="sideNoteType" type="core:sideNoteType"/>
      <xs:element maxOccurs="unbounded" minOccurs="0" name="changedValues" type="core:update_value"/>
      <xs:element maxOccurs="unbounded" minOccurs="0" name="person" type="core:person"/>
    </xs:sequence>
  </xs:complexType>
  <xs:complexType name="update_value">
    <xs:sequence>
      <xs:element name="changedFieldCode" type="core:code"/>
      <xs:element name="changedFieldOldValue" nillable="true" type="xs:string"/>
      <xs:element name="changedFieldNewValue" nillable="true" type="xs:string"/>
    </xs:sequence>
  </xs:complexType>
  <xs:complexType name="person">
    <xs:sequence>
      <xs:element name="origin" type="core:personOrigin"/>
      <xs:element minOccurs="0" name="nobility" type="core:nobility"/>
      <xs:element minOccurs="0" name="nobilityFree" type="xs:string"/>
      <xs:element minOccurs="0" name="birthPlace" type="core:municipality"/>
      <xs:element minOccurs="0" name="birthDate" type="core:dabsDate"/>
      <xs:element minOccurs="0" name="firstname" type="xs:string"/>
      <xs:element minOccurs="0" name="lastname" type="xs:string"/>
      <xs:element minOccurs="0" name="nationality" type="xs:string"/>
      <xs:element minOccurs="0" name="gender" type="core:gender"/>
      <xs:element name="roles">
        <xs:complexType>
          <xs:sequence>
            <xs:element maxOccurs="unbounded" minOccurs="0" name="role" type="core:roleType"/>
          </xs:sequence>
        </xs:complexType>
      </xs:element>
      <xs:element name="personNumber" nillable="true" type="xs:string"/>
    </xs:sequence>
  </xs:complexType>
  <xs:complexType name="municipality">
    <xs:sequence>
      <xs:element minOccurs="0" name="municipalityCode" type="xs:string"/>
      <xs:element minOccurs="0" name="municipalityFreeText" type="xs:string"/>
      <xs:element minOccurs="0" name="countryCode" type="xs:string"/>
      <xs:element minOccurs="0" name="countryFreeText" type="xs:string"/>
    </xs:sequence>
  </xs:complexType>
  <xs:complexType name="roleRequirement">
    <xs:sequence/>
  </xs:complexType>
  <xs:complexType name="impactedRole">
    <xs:sequence>
      <xs:element minOccurs="0" name="actionType" type="core:actionType"/>
      <xs:element minOccurs="0" name="impactDocRole" type="core:roleType"/>
      <xs:element name="impactsDocType" type="xs:int"/>
      <xs:element minOccurs="0" name="role" type="core:roleType"/>
    </xs:sequence>
  </xs:complexType>
  <xs:complexType name="error">
    <xs:sequence>
      <xs:element minOccurs="0" name="errorCode" type="xs:int"/>
      <xs:element maxOccurs="unbounded" minOccurs="0" name="arguments" type="xs:string"/>
      <xs:element minOccurs="0" name="msg" type="xs:string"/>
    </xs:sequence>
  </xs:complexType>
  <xs:complexType name="getNotifications">
    <xs:sequence>
      <xs:element minOccurs="0" name="from" type="xs:string"/>
      <xs:element minOccurs="0" name="to" type="xs:string"/>
      <xs:element minOccurs="0" name="messageId" type="xs:long"/>
      <xs:element minOccurs="0" name="notificationId" type="xs:long"/>
      <xs:element minOccurs="0" name="niscode" type="xs:string"/>
    </xs:sequence>
  </xs:complexType>
  <xs:complexType name="getNotificationsResponse">
    <xs:sequence>
      <xs:element name="notifications">
        <xs:complexType>
          <xs:sequence>
            <xs:element maxOccurs="unbounded" minOccurs="0" name="notification" type="core:notification"/>
          </xs:sequence>
        </xs:complexType>
      </xs:element>
    </xs:sequence>
  </xs:complexType>
  <xs:complexType name="createNotification">
    <xs:sequence>
      <xs:element name="notification" type="core:notification"/>
    </xs:sequence>
  </xs:complexType>
  <xs:complexType name="createNotificationResponse">
    <xs:sequence>
      <xs:element minOccurs="0" name="notification" type="core:notification"/>
    </xs:sequence>
  </xs:complexType>
  <xs:complexType name="modifyMessageStatus">
    <xs:sequence>
      <xs:element minOccurs="0" name="notificationId" nillable="true" type="xs:long"/>
      <xs:element minOccurs="0" name="status" nillable="true" type="core:messageStatus"/>
    </xs:sequence>
  </xs:complexType>
  <xs:complexType name="modifyMessageStatusResponse">
    <xs:sequence>
      <xs:element minOccurs="0" name="notification" type="core:notification"/>
    </xs:sequence>
  </xs:complexType>
  <xs:simpleType name="messageStatus">
    <xs:restriction base="xs:string">
      <xs:enumeration value="CREATED"/>
      <xs:enumeration value="MIGRATED"/>
      <xs:enumeration value="RECEIVED"/>
      <xs:enumeration value="CLOSED"/>
      <xs:enumeration value="NOT_FOR_ME"/>
      <xs:enumeration value="ALREADY_DONE"/>
    </xs:restriction>
  </xs:simpleType>
  <xs:simpleType name="docType">
    <xs:restriction base="xs:string">
      <xs:enumeration value="BIRTH_CERTIFICATE"/>
      <xs:enumeration value="MARRIAGE_CERTIFICATE"/>
      <xs:enumeration value="DEATH_CERTIFICATE"/>
      <xs:enumeration value="NATIONALITY_CERTIFICATE"/>
      <xs:enumeration value="RECOGNITION_CERTIFICATE"/>
      <xs:enumeration value="PRENATAL_RECOGNITION_CERTIFICATE"/>
      <xs:enumeration value="NAME_CHANGE_CERTIFICATE"/>
      <xs:enumeration value="FIRSTNAME_CHANGE_CERTIFICATE"/>
      <xs:enumeration value="DECLARATION_OF_LIFELESS_CHILD_CERTIFICATE"/>
      <xs:enumeration value="SEX_CHANGE_CERTIFICATE"/>
      <xs:enumeration value="ABSENCE_CERTIFICATE"/>
      <xs:enumeration value="DIVORCE_CERTIFICATE"/>
      <xs:enumeration value="ADOPTION_CERTIFICATE"/>
      <xs:enumeration value="AUTHORITY_DECISION"/>
      <xs:enumeration value="ANNULMENT_CERTIFICATE"/>
      <xs:enumeration value="UPDATE_DOCUMENT"/>
    </xs:restriction>
  </xs:simpleType>
  <xs:simpleType name="docState">
    <xs:restriction base="xs:string">
      <xs:enumeration value="DRAFT"/>
      <xs:enumeration value="READY_FOR_VALIDATION"/>
      <xs:enumeration value="DELETED"/>
      <xs:enumeration value="VALIDATE_FOR_SIGNATURE"/>
      <xs:enumeration value="READY_FOR_SIGNATURE"/>
      <xs:enumeration value="TO_CHECK"/>
      <xs:enumeration value="REFUSED"/>
      <xs:enumeration value="PARTIALLY_MIGRATED"/>
      <xs:enumeration value="PARTIALLY_MIGR_COPY"/>
      <xs:enumeration value="PARTIALLY_MIGR_EXTRACT"/>
      <xs:enumeration value="FINAL"/>
      <xs:enumeration value="ERASED"/>
    </xs:restriction>
  </xs:simpleType>
  <xs:simpleType name="messageTextType">
    <xs:restriction base="xs:string">
      <xs:enumeration value="TEXT_COMMUNICATION"/>
      <xs:enumeration value="DOC_REFERENCE"/>
      <xs:enumeration value="MIGRATION_ACT"/>
    </xs:restriction>
  </xs:simpleType>
  <xs:simpleType name="decisionType">
    <xs:restriction base="xs:string">
      <xs:enumeration value="JUDGMENT"/>
      <xs:enumeration value="ARREST"/>
      <xs:enumeration value="FOREIGN_DECISION"/>
      <xs:enumeration value="FOREIGN_CERTIFICATE"/>
      <xs:enumeration value="KING_ARREST"/>
      <xs:enumeration value="OFFICER_CORRECTION"/>
      <xs:enumeration value="PV"/>
    </xs:restriction>
  </xs:simpleType>
  <xs:simpleType name="decisionCategory">
    <xs:restriction base="xs:string">
      <xs:enumeration value="DIVORCE"/>
      <xs:enumeration value="FOREIGN_DIVORCE_BELGIAN_MARRIAGE"/>
      <xs:enumeration value="MARRIAGE_ANNULATION"/>
      <xs:enumeration value="MIGRATED_TRANSCRIPTION"/>
      <xs:enumeration value="FOREIGN_MARRIAGE_RECOGNITION"/>
      <xs:enumeration value="RECOGNITION_ANNULATION"/>
      <xs:enumeration value="CERTIFICATE_CORRECTION"/>
      <xs:enumeration value="JUDICIAL_ABSENCE"/>
      <xs:enumeration value="JUDICIAL_DECEASE"/>
      <xs:enumeration value="BELGIAN_ADOPTION"/>
      <xs:enumeration value="FOREIGN_ADOPTION"/>
      <xs:enumeration value="ADOPTION_REVISION"/>
      <xs:enumeration value="ADOPTION_REVOCATION"/>
      <xs:enumeration value="BELGIAN_NATIONALITY_DEPRIVATION"/>
      <xs:enumeration value="NAME_CHANGE"/>
      <xs:enumeration value="FIRSTNAME_CHANGE"/>
      <xs:enumeration value="ESTABLISHING_PATERNITY"/>
      <xs:enumeration value="ESTABLISHING_MATERNITY"/>
      <xs:enumeration value="ESTABLISHING_COPARENT"/>
      <xs:enumeration value="CONTESTING_PATERNITY"/>
      <xs:enumeration value="CONTESTING_MATERNITY"/>
      <xs:enumeration value="CONTESTING_COPARENT"/>
      <xs:enumeration value="NEW_SEX_CHANGE"/>
      <xs:enumeration value="SEX_CHANGE_ANNULATION"/>
      <xs:enumeration value="CERTIFICATE_ANNULATION"/>
      <xs:enumeration value="CERTIFICATE_ANNULATION_ART463"/>
      <xs:enumeration value="CERTIFICATE_REPLACEMENT"/>
      <xs:enumeration value="PV_SYSTEM_UNAVAILABLE"/>
      <xs:enumeration value="PV_BIRTH_ON_BOARD"/>
      <xs:enumeration value="PV_DECEASE_ON_BOARD"/>
      <xs:enumeration value="PV_UNKNOWN_DECEASE"/>
      <xs:enumeration value="PV_NEWBORN_FOUND"/>
      <xs:enumeration value="BIRTH_CERTIFICATE"/>
      <xs:enumeration value="MARRIAGE_CERTIFICATE"/>
      <xs:enumeration value="DEATH_CERTIFICATE"/>
      <xs:enumeration value="RECOGNITION_CERTIFICATE"/>
      <xs:enumeration value="PRENATAL_RECOGNITION_CERTIFICATE"/>
      <xs:enumeration value="NAME_CHANGE_CERTIFICATE"/>
      <xs:enumeration value="FIRSTNAME_CHANGE_CERTIFICATE"/>
      <xs:enumeration value="SEX_CHANGE_CERTIFICATE"/>
      <xs:enumeration value="ABSENCE_CERTIFICATE"/>
      <xs:enumeration value="DIVORCE_CERTIFICATE"/>
      <xs:enumeration value="ADOPTION_CERTIFICATE"/>
      <xs:enumeration value="OTHER"/>
      <xs:enumeration value="SEPARATION"/>
    </xs:restriction>
  </xs:simpleType>
  <xs:simpleType name="jurisdictionPlace">
    <xs:restriction base="xs:string">
      <xs:enumeration value="111002"/>
      <xs:enumeration value="112025"/>
      <xs:enumeration value="113040"/>
      <xs:enumeration value="171022"/>
      <xs:enumeration value="173083"/>
      <xs:enumeration value="121004"/>
      <xs:enumeration value="124062"/>
      <xs:enumeration value="125072"/>
      <xs:enumeration value="142006"/>
      <xs:enumeration value="144021"/>
      <xs:enumeration value="145035"/>
      <xs:enumeration value="131005"/>
      <xs:enumeration value="133011"/>
      <xs:enumeration value="134022"/>
      <xs:enumeration value="138025"/>
      <xs:enumeration value="163023"/>
      <xs:enumeration value="161031"/>
      <xs:enumeration value="162063"/>
      <xs:enumeration value="163079"/>
      <xs:enumeration value="181001"/>
      <xs:enumeration value="183034"/>
      <xs:enumeration value="184043"/>
      <xs:enumeration value="191034"/>
      <xs:enumeration value="192094"/>
      <xs:enumeration value="152011"/>
      <xs:enumeration value="153053"/>
      <xs:enumeration value="157081"/>
      <xs:enumeration value="211002"/>
      <xs:enumeration value="253053"/>
      <xs:enumeration value="221004"/>
      <xs:enumeration value="244021"/>
      <xs:enumeration value="262063"/>
      <xs:enumeration value="230101"/>
      <xs:enumeration value="230102"/>
      <xs:enumeration value="230103"/>
      <xs:enumeration value="230201"/>
      <xs:enumeration value="230202"/>
      <xs:enumeration value="330100"/>
      <xs:enumeration value="330200"/>
      <xs:enumeration value="330500"/>
      <xs:enumeration value="330600"/>
      <xs:enumeration value="430101"/>
      <xs:enumeration value="430102"/>
      <xs:enumeration value="430103"/>
      <xs:enumeration value="430201"/>
      <xs:enumeration value="430202"/>
      <xs:enumeration value="430203"/>
      <xs:enumeration value="430204"/>
      <xs:enumeration value="530100"/>
      <xs:enumeration value="530201"/>
      <xs:enumeration value="530202"/>
      <xs:enumeration value="530203"/>
      <xs:enumeration value="530301"/>
      <xs:enumeration value="530302"/>
      <xs:enumeration value="530303"/>
      <xs:enumeration value="530401"/>
      <xs:enumeration value="530402"/>
      <xs:enumeration value="630101"/>
      <xs:enumeration value="630102"/>
      <xs:enumeration value="630103"/>
      <xs:enumeration value="210100"/>
      <xs:enumeration value="610100"/>
      <xs:enumeration value="310100"/>
      <xs:enumeration value="410100"/>
      <xs:enumeration value="510100"/>
    </xs:restriction>
  </xs:simpleType>
  <xs:simpleType name="sideNoteType">
    <xs:restriction base="xs:string">
      <xs:enumeration value="MIGRATION"/>
      <xs:enumeration value="CHANGE"/>
      <xs:enumeration value="BASIS_ACT"/>
    </xs:restriction>
  </xs:simpleType>
  <xs:simpleType name="code">
    <xs:restriction base="xs:string">
      <xs:enumeration value="PERSON_NOBILITY"/>
      <xs:enumeration value="PERSON_NOBILITYFREE"/>
      <xs:enumeration value="PERSON_FIRSTNAMES"/>
      <xs:enumeration value="PERSON_LASTNAME"/>
      <xs:enumeration value="PERSON_BIRTHDATE"/>
      <xs:enumeration value="PERSON_BIRTHPLACE_MUNICIPALITYCODE"/>
      <xs:enumeration value="PERSON_BIRTHPLACE_MUNICIPALITYFREETEXT"/>
      <xs:enumeration value="PERSON_BIRTHPLACE_COUNTRYCODE"/>
      <xs:enumeration value="PERSON_BIRTHPLACE_COUNTRYFREETEXT"/>
      <xs:enumeration value="DOCUMENT_DOCUMENTREFERENCE"/>
      <xs:enumeration value="DOCUMENT_ESTABLISHINGDATE"/>
      <xs:enumeration value="DOCUMENT_REDACTIONPLACE_MUNICIPALITYCODE"/>
      <xs:enumeration value="DOCUMENT_REDACTIONPLACE_MUNICIPALITYFREETEXT"/>
      <xs:enumeration value="DOCUMENT_REDACTIONPLACE_COUNTRYCODE"/>
      <xs:enumeration value="DOCUMENT_REDACTIONPLACE_COUNTRYFREETEXT"/>
      <xs:enumeration value="ROLE_ROLE"/>
      <xs:enumeration value="BIRTHCERTIFICATE_FACTDATE"/>
      <xs:enumeration value="BIRTHCERTIFICATE_BIRTHTIME"/>
      <xs:enumeration value="BIRTHCERTIFICATE_GENDER"/>
      <xs:enumeration value="BIRTHCERTIFICATE_NAME_DECLARATIONMADEBYTHEPARENTS"/>
      <xs:enumeration value="BIRTHCERTIFICATE_NAMEDECLARATION_NAME"/>
      <xs:enumeration value="BIRTHCERTIFICATE_NAMEDECLARATION_NAME1"/>
      <xs:enumeration value="BIRTHCERTIFICATE_NAMEDECLARATION_NAME2"/>
      <xs:enumeration value="BIRTHCERTIFICATE_PRENATALRECOGNITIONDOCUMENTREFERENCE"/>
      <xs:enumeration value="BIRTHCERTIFICATE_CONSENTROLE"/>
      <xs:enumeration value="BIRTHCERTIFICATE_CONSENTDATE"/>
      <xs:enumeration value="BIRTHCERTIFICATE_CONSENTPLACE_MUNICIPALITYCODE"/>
      <xs:enumeration value="BIRTHCERTIFICATE_CONSENTPLACE_MUNICIPALITYFREETEXT"/>
      <xs:enumeration value="BIRTHCERTIFICATE_CONSENTPLACE_COUNTRYCODE"/>
      <xs:enumeration value="BIRTHCERTIFICATE_CONSENTPLACE_COUNTRYFREETEXT"/>
      <xs:enumeration value="BIRTHCERTIFICATE_CONSENTAUTHORITY"/>
      <xs:enumeration value="BIRTHCERTIFICATE_JURIDICALAUTHORITY"/>
      <xs:enumeration value="BIRTHCERTIFICATE_JURIDICALREFERENCE"/>
      <xs:enumeration value="BIRTHCERTIFICATE_VERDICTDATE"/>
      <xs:enumeration value="PRENATALRECOGNITIONCERTIFICATE_FACTDATE"/>
      <xs:enumeration value="PRENATALRECOGNITIONCERTIFICATE_MOTHERCONSENTDATE"/>
      <xs:enumeration value="PRENATALRECOGNITIONCERTIFICATE_MOTHERCONSENTPLACE_MUNICIPALITYCODE"/>
      <xs:enumeration value="PRENATALRECOGNITIONCERTIFICATE_MOTHERCONSENTPLACE_MUNICIPALITYFREETEXT"/>
      <xs:enumeration value="PRENATALRECOGNITIONCERTIFICATE_MOTHERCONSENTPLACE_COUNTRYCODE"/>
      <xs:enumeration value="PRENATALRECOGNITIONCERTIFICATE_MOTHERCONSENTPLACE_COUNTRYFREETEXT"/>
      <xs:enumeration value="PRENATALRECOGNITIONCERTIFICATE_MOTHERCONSENTAUTHORITY"/>
      <xs:enumeration value="PRENATALRECOGNITIONCERTIFICATE_JURIDICALAUTHORITY"/>
      <xs:enumeration value="PRENATALRECOGNITIONCERTIFICATE_JURIDICALREFERENCE"/>
      <xs:enumeration value="PRENATALRECOGNITIONCERTIFICATE_VERDICTDATE"/>
      <xs:enumeration value="RECOGNITIONCERTIFICATE_FACTDATE"/>
      <xs:enumeration value="RECOGNITIONCERTIFICATE_FILIATIONCONSENTDATE"/>
      <xs:enumeration value="RECOGNITIONCERTIFICATE_FILIATIONCONSENTPLACE_MUNICIPALITYCODE"/>
      <xs:enumeration value="RECOGNITIONCERTIFICATE_FILIATIONCONSENTPLACE_MUNICIPALITYFREETEXT"/>
      <xs:enumeration value="RECOGNITIONCERTIFICATE_FILIATIONCONSENTPLACE_COUNTRYCODE"/>
      <xs:enumeration value="RECOGNITIONCERTIFICATE_FILIATIONCONSENTPLACE_COUNTRYFREETEXT"/>
      <xs:enumeration value="RECOGNITIONCERTIFICATE_FILIATIONCONSENTAUTHORITY"/>
      <xs:enumeration value="RECOGNITIONCERTIFICATE_CHILDCONSENTDATE"/>
      <xs:enumeration value="RECOGNITIONCERTIFICATE_CHILDCONSENTPLACE_MUNICIPALITYCODE"/>
      <xs:enumeration value="RECOGNITIONCERTIFICATE_CHILDCONSENTPLACE_MUNICIPALITYFREETEXT"/>
      <xs:enumeration value="RECOGNITIONCERTIFICATE_CHILDCONSENTPLACE_COUNTRYCODE"/>
      <xs:enumeration value="RECOGNITIONCERTIFICATE_CHILDCONSENTPLACE_COUNTRYFREETEXT"/>
      <xs:enumeration value="RECOGNITIONCERTIFICATE_CHILDCONSENTAUTHORITY"/>
      <xs:enumeration value="RECOGNITIONCERTIFICATE_LEGALREPRESENTATIVECONSENTDATE"/>
      <xs:enumeration value="RECOGNITIONCERTIFICATE_LEGALREPRESENTATIVECONSENTPLACE_MUNICIPALITYCODE"/>
      <xs:enumeration value="RECOGNITIONCERTIFICATE_LEGALREPRESENTATIVECONSENTPLACE_MUNICIPALITYFREETEXT"/>
      <xs:enumeration value="RECOGNITIONCERTIFICATE_LEGALREPRESENTATIVECONSENTPLACE_COUNTRYCODE"/>
      <xs:enumeration value="RECOGNITIONCERTIFICATE_LEGALREPRESENTATIVECONSENTPLACE_COUNTRYFREETEXT"/>
      <xs:enumeration value="RECOGNITIONCERTIFICATE_LEGALREPRESENTATIVECONSENTAUTHORITY"/>
      <xs:enumeration value="RECOGNITIONCERTIFICATE_COURTCONSENTJURISDICTION"/>
      <xs:enumeration value="RECOGNITIONCERTIFICATE_COURTCONSENTVERDICTDATE"/>
      <xs:enumeration value="RECOGNITIONCERTIFICATE_COURTCONSENTREFERENCE"/>
      <xs:enumeration value="RECOGNITIONCERTIFICATE_NAMEDECLARATIONMADEBYTHEPARENTS"/>
      <xs:enumeration value="RECOGNITIONCERTIFICATE_NEWFIRSTNAME"/>
      <xs:enumeration value="RECOGNITIONCERTIFICATE_NAMEDECLARATION"/>
      <xs:enumeration value="RECOGNITIONCERTIFICATE_NAMEDECLARATION_NAME1"/>
      <xs:enumeration value="RECOGNITIONCERTIFICATE_NAMEDECLARATION_NAME2"/>
      <xs:enumeration value="MARRIAGECERTIFICATE_FACTDATE"/>
      <xs:enumeration value="MARRIAGECERTIFICATE_NAMECHANGESPOUSE1"/>
      <xs:enumeration value="MARRIAGECERTIFICATE_NAMECHANGESPOUSE2"/>
      <xs:enumeration value="DEATHCERTIFICATE_FACTDATE"/>
      <xs:enumeration value="DEATHCERTIFICATE_DECEASETIME"/>
      <xs:enumeration value="DEATHCERTIFICATE_DECEASEPLACE_MUNICIPALITYCODE"/>
      <xs:enumeration value="DEATHCERTIFICATE_DECEASEPLACE_MUNICIPALITYFREETEXT"/>
      <xs:enumeration value="DEATHCERTIFICATE_DECEASEPLACE_COUNTRYCODE"/>
      <xs:enumeration value="DEATHCERTIFICATE_DECEASEPLACE_COUNTRYFREETEXT"/>
      <xs:enumeration value="DEATHCERTIFICATE_DECEASEPLACE_LIFELESSBODY"/>
      <xs:enumeration value="DECLARATION_OF_LIFELESS_CHILD_CERTIFICATE_FACTDATE"/>
      <xs:enumeration value="DECLARATION_OF_LIFELESS_CHILD_CERTIFICATE_BIRTHTIME"/>
      <xs:enumeration value="DECLARATION_OF_LIFELESS_CHILD_CERTIFICATE_BIRTHPLACE_MUNICIPALITYCODE"/>
      <xs:enumeration value="DECLARATION_OF_LIFELESS_CHILD_CERTIFICATE_BIRTHPLACE_MUNICIPALITYFREETEXT"/>
      <xs:enumeration value="DECLARATION_OF_LIFELESS_CHILD_CERTIFICATE_BIRTHPLACE_COUNTRYCODE"/>
      <xs:enumeration value="DECLARATION_OF_LIFELESS_CHILD_CERTIFICATE_BIRTHPLACE_COUNTRYFREETEXT"/>
      <xs:enumeration value="DECLARATION_OF_LIFELESS_CHILD_CERTIFICATE_FIRSTNAMES"/>
      <xs:enumeration value="DECLARATION_OF_LIFELESS_CHILD_CERTIFICATE_GENDER"/>
      <xs:enumeration value="DECLARATION_OF_LIFELESS_CHILD_CERTIFICATE_DURATION_OF_PREGNANCY"/>
      <xs:enumeration value="DECLARATION_OF_LIFELESS_CHILD_CERTIFICATE_NAME"/>
      <xs:enumeration value="NAMECHANGE_CERTIFICATE_FACTDATE"/>
      <xs:enumeration value="NAMECHANGE_CERTIFICATE_NAMEDECLARATION"/>
      <xs:enumeration value="NAMECHANGE_CERTIFICATE_NAMEDECLARATION_NAME1"/>
      <xs:enumeration value="NAMECHANGE_CERTIFICATE_NAMEDECLARATION_NAME2"/>
      <xs:enumeration value="NAMECHANGE_CERTIFICATE_REASONFORTHECERTIFICATE"/>
      <xs:enumeration value="NAMECHANGE_CERTIFICATE_REQUESTINGDATE"/>
      <xs:enumeration value="FIRSTNAMECHANGE_CERTIFICATE_FACTDATE"/>
      <xs:enumeration value="FIRSTNAMECHANGE_CERTIFICATE_FIRSTNAMES"/>
      <xs:enumeration value="NATIONALITY_CERTIFICATE_FACTDATE"/>
      <xs:enumeration value="NATIONALITY_CERTIFICATE_REASON_FOR_THE_CERTIFICATE"/>
      <xs:enumeration value="NATIONALITY_CERTIFICATE_OTHER_NATIONALITY_CODE"/>
      <xs:enumeration value="TRANSSEXUALITY_CERTIFICATE_FACTDATE"/>
      <xs:enumeration value="TRANSSEXUALITY_NEWGENDER"/>
      <xs:enumeration value="ABSENCE_CERTIFICATE_FACTDATE"/>
      <xs:enumeration value="ADOPTION_CERTIFICATE_FACTDATE"/>
      <xs:enumeration value="ADOPTION_CERTIFICATE_ADOPTIONTYPE"/>
      <xs:enumeration value="ADOPTION_CERTIFICATE_NEWNAME_NAME"/>
      <xs:enumeration value="ADOPTION_CERTIFICATE_NEWNAME_NAME1"/>
      <xs:enumeration value="ADOPTION_CERTIFICATE_NEWNAME_NAME2"/>
      <xs:enumeration value="ADOPTION_CERTIFICATE_NEWFIRSTNAMES"/>
      <xs:enumeration value="ADOPTION_CERTIFICATE_FCARECOGNITIONDATE"/>
      <xs:enumeration value="DIVORCE_CERTIFICATE_FACTDATE"/>
      <xs:enumeration value="DIVORCE_CERTIFICATE_MARRIAGECERTIFICATENUMBER"/>
      <xs:enumeration value="ANNULMENT_CERTIFICATE_FACTDATE"/>
      <xs:enumeration value="ANNULMENT_ANNULEDCERTIFICATENUMBER"/>
      <xs:enumeration value="ANNULMENT_ANNULATIONTYPE"/>
      <xs:enumeration value="MODIFICATIONCERTIFICATE_FACTDATE"/>
      <xs:enumeration value="MODIFICATIONCERTIFICATE_MODIFIEDCERTIFICATEREFERENCE"/>
      <xs:enumeration value="MODIFICATIONCERTIFICATE_DECISIONAUTHORITYCODE"/>
      <xs:enumeration value="MODIFICATIONCERTIFICATE_DECISIONAUTHORITYFREE"/>
      <xs:enumeration value="MODIFICATIONCERTIFICATE_DECISIONDATE"/>
      <xs:enumeration value="MODIFICATIONCERTIFICATE_APPLICATIONDATE"/>
      <xs:enumeration value="MODIFICATIONCERTIFICATE_DECISIONTYPE"/>
      <xs:enumeration value="MODIFICATIONCERTIFICATE_DECISIONCATEGORY"/>
      <xs:enumeration value="MODIFICATIONCERTIFICATE_DECISIONREFERENCE"/>
      <xs:enumeration value="MODIFICATIONCERTIFICATE_CHANGEDVALUES_CHANGEDFIELDCODE"/>
      <xs:enumeration value="MODIFICATIONCERTIFICATE_CHANGEDVALUES_CHANGEDFIELDOLDVALUE"/>
      <xs:enumeration value="MODIFICATIONCERTIFICATE_CHANGEDVALUES_CHANGEDFIELDNEWVALUE"/>
    </xs:restriction>
  </xs:simpleType>
  <xs:simpleType name="personOrigin">
    <xs:restriction base="xs:string">
      <xs:enumeration value="RR"/>
      <xs:enumeration value="BIS"/>
      <xs:enumeration value="BIS_TMP"/>
      <xs:enumeration value="BIS_DRAFT"/>
      <xs:enumeration value="RRN_NR"/>
    </xs:restriction>
  </xs:simpleType>
  <xs:simpleType name="nobility">
    <xs:restriction base="xs:string">
      <xs:enumeration value="PRINCE"/>
      <xs:enumeration value="PRINCESS"/>
      <xs:enumeration value="DUKE"/>
      <xs:enumeration value="DUCHESS"/>
      <xs:enumeration value="MARQUIS"/>
      <xs:enumeration value="MARQUISE"/>
      <xs:enumeration value="COUNT"/>
      <xs:enumeration value="COUNTESS"/>
      <xs:enumeration value="VISCOUNT"/>
      <xs:enumeration value="VISCOUNTESS"/>
      <xs:enumeration value="BARON"/>
      <xs:enumeration value="BARONESS"/>
      <xs:enumeration value="KNIGHT"/>
      <xs:enumeration value="NOBLE_WOMAN"/>
      <xs:enumeration value="NOBLE_MAN"/>
      <xs:enumeration value="ARCHDUKE"/>
      <xs:enumeration value="ARCHDUCHESS"/>
      <xs:enumeration value="GRAND_DUKE"/>
      <xs:enumeration value="GRAND_DUCHESS"/>
      <xs:enumeration value="KING_OF_BELGIUM"/>
      <xs:enumeration value="QUEEN_OF_BELGIUM"/>
      <xs:enumeration value="PRINCE_OF_BELGIUM"/>
      <xs:enumeration value="PRINCESS_OF_BELGIUM"/>
      <xs:enumeration value="DUKE_OF_BRABANT"/>
      <xs:enumeration value="DUCHESS_OF_BRABANT"/>
    </xs:restriction>
  </xs:simpleType>
  <xs:simpleType name="gender">
    <xs:restriction base="xs:string">
      <xs:enumeration value="MALE"/>
      <xs:enumeration value="FEMALE"/>
      <xs:enumeration value="UNKNOWN"/>
    </xs:restriction>
  </xs:simpleType>
  <xs:simpleType name="roleType">
    <xs:restriction base="xs:string">
      <xs:enumeration value="ABS"/>
      <xs:enumeration value="ADOPTIVE_MOTHER"/>
      <xs:enumeration value="ADOPTIVE_FATHER"/>
      <xs:enumeration value="ADOPTIVE_COPARENT"/>
      <xs:enumeration value="CHILD"/>
      <xs:enumeration value="CONCERNED_PERSON"/>
      <xs:enumeration value="COPARENT"/>
      <xs:enumeration value="DECEASED"/>
      <xs:enumeration value="DECLARANT"/>
      <xs:enumeration value="DECLARANT_1"/>
      <xs:enumeration value="DECLARANT_2"/>
      <xs:enumeration value="FATHER"/>
      <xs:enumeration value="LEGAL_REPRESENTATIVE"/>
      <xs:enumeration value="MISSING"/>
      <xs:enumeration value="NOT_RECOGNISING_FATHER"/>
      <xs:enumeration value="NOT_RECOGNISING_COPARENT"/>
      <xs:enumeration value="MOTHER"/>
      <xs:enumeration value="SPOUSE_1"/>
      <xs:enumeration value="SPOUSE_2"/>
      <xs:enumeration value="RECOGNIZER_FATHER"/>
      <xs:enumeration value="RECOGNIZER_MOTHER"/>
      <xs:enumeration value="RECOGNIZER_COPARENT"/>
      <xs:enumeration value="WITNESS"/>
      <xs:enumeration value="ADDED_FATHER"/>
      <xs:enumeration value="ADDED_MOTHER"/>
      <xs:enumeration value="ADDED_COPARENT"/>
      <xs:enumeration value="REMOVED_FATHER"/>
      <xs:enumeration value="REMOVED_MOTHER"/>
      <xs:enumeration value="REMOVED_COPARENT"/>
      <xs:enumeration value="FATHER_THAT_HAS_MADE_A_PRENATAL_RECOGNITION"/>
      <xs:enumeration value="COPARENT_THAT_HAS_MADE_A_PRENATAL_RECOGNITION"/>
    </xs:restriction>
  </xs:simpleType>
  <xs:simpleType name="actionType">
    <xs:restriction base="xs:string">
      <xs:enumeration value="ADD"/>
      <xs:enumeration value="REMOVE"/>
    </xs:restriction>
  </xs:simpleType>
  <xs:element name="DABSException" type="core:DABSException"/>
  <xs:complexType name="DABSException">
    <xs:sequence>
      <xs:element minOccurs="0" name="traceId" type="xs:string"/>
      <xs:element maxOccurs="unbounded" minOccurs="0" name="error" type="core:error"/>
    </xs:sequence>
  </xs:complexType>
</xs:schema>]]></con:content><con:type>http://www.w3.org/2001/XMLSchema</con:type></con:part></con:definitionCache><con:endpoints><con:endpoint>https://192.168.24.45:8443/services/CivilStatusNotificationService_v1.0</con:endpoint><con:endpoint>https://192.168.24.51:8443/services/CivilStatusNotificationService_v1.0</con:endpoint><con:endpoint>https://192.168.24.57:8443/services/CivilStatusNotificationService_v1.0</con:endpoint><con:endpoint>https://192.168.24.64:8443/services/CivilStatusNotificationService_v1.0</con:endpoint><con:endpoint>https://192.168.36.159:8243/services/CivilStatusNotificationService_v1.0</con:endpoint><con:endpoint>https://192.168.36.205:8443/services/CivilStatusNotificationService_v1.0</con:endpoint><con:endpoint>https://esb-security-gw.sta.srv.cirb.lan:8443/services/CivilStatusNotificationService_v1.0</con:endpoint><con:endpoint>https://fidus-esb-sg.sta.srv.cirb.lan:8443/services/CivilStatusNotificationService_v1.0</con:endpoint><con:endpoint>https://fidus-test.irisnetlab.be/services/CivilStatusNotificationService_v1.0</con:endpoint><con:endpoint>https://fidus.irisnetlab.be/services/CivilStatusNotificationService_v1.0</con:endpoint><con:endpoint>https://localhost:8243/services/CivilStatusNotificationService_v1.0</con:endpoint></con:endpoints><con:operation id="1324062f-7aaa-4e59-8a54-2db8b5bfbdc9" isOneWay="false" action="http://fidus.brussels/service/civilstatusnotificationservice/createNotification" name="createNotification" bindingOperationName="createNotification" type="Request-Response" inputName="" receivesAttachments="false" sendsAttachments="false" anonymous="optional"><con:settings/><con:call id="87b2b8dc-a264-4cab-9ec9-f1e5bda3d5db" name="1- Local  - Request" outgoingWss="outFlowDEV" incomingWss="inflowDEV"><con:settings><con:setting id="com.eviware.soapui.impl.wsdl.WsdlRequest@request-headers">&lt;xml-fragment/></con:setting></con:settings><con:encoding>UTF-8</con:encoding><con:endpoint>https://localhost:8243/services/CivilStatusNotificationService_v1.0</con:endpoint><con:request><![CDATA[<soapenv:Envelope xmlns:soapenv="http://schemas.xmlsoap.org/soap/envelope/" xmlns:core="http://www.fgov.be/dabs/core" xmlns:v1="http://fidus.brussels/service/civilstatusnotificationservice/messages/v1" xmlns:v11="http://fidus.brussels/type/common/messages/v1">
   <soapenv:Header/>
   <soapenv:Body>
      <v1:createNotificationRequest>
         <v1:messageContext>
            <v11:messageId>${=import static java.util.UUID.randomUUID; uuid = randomUUID() as String}</v11:messageId>
            <v11:timestamp>${=new java.text.SimpleDateFormat("yyyy-MM-dd'T'HH:mm:ss.SSS").format(new Date())}</v11:timestamp>
         </v1:messageContext>
         <v1:legalContext>ServiceIntegrator</v1:legalContext>
         <v1:language>fr</v1:language>
         <v1:request>
            <notification>
               <!--Optional:-->
               <id>2662</id>
            <!--Optional:-->
            <creationDate>${=new java.text.SimpleDateFormat("yyyy-MM-dd'T'HH:mm:ss.SSS").format(new Date())}</creationDate>
            <destination>01050</destination>
            <!--Optional:-->
            <generatedby>23025</generatedby>
               <!--Optional:-->
               <message xsi:type="core:textMessage" xmlns:xsi="http://www.w3.org/2001/XMLSchema-instance">
               <!--Optional:
                  <id>1111111</id>-->
               <!--Optional:-->
               <status>CREATED</status>
               <!--Optional:-->
               <statusDate>${=new java.text.SimpleDateFormat("yyyy-MM-dd'T'HH:mm:ss.SSS").format(new Date())}</statusDate>
               <!--Optional:
                  <docReference>123</docReference>-->
               <messageTextType>TEXT_COMMUNICATION</messageTextType>
               <messageTextTitle>bla bla</messageTextTitle>
               <messageTextContent>M bla bla bla</messageTextContent>
               </message>
            </notification>
         </v1:request>
      </v1:createNotificationRequest>
   </soapenv:Body>
</soapenv:Envelope>]]></con:request><con:credentials><con:selectedAuthProfile>Basic</con:selectedAuthProfile><con:addedBasicAuthenticationTypes>Basic</con:addedBasicAuthenticationTypes><con:authType>Global HTTP Settings</con:authType></con:credentials><con:jmsConfig JMSDeliveryMode="PERSISTENT"/><con:jmsPropertyConfig/><con:wsaConfig mustUnderstand="NONE" version="200508" action="http://fidus.brussels/service/civilstatusnotificationservice/createNotification"/><con:wsrmConfig version="1.2"/></con:call><con:call id="accff07f-cbc7-4360-8ea5-5b33128f2072" name="2- DEV  - Request" outgoingWss="outFlowDEV" incomingWss="inflowDEV"><con:settings><con:setting id="com.eviware.soapui.impl.wsdl.WsdlRequest@request-headers">&lt;xml-fragment/></con:setting></con:settings><con:encoding>UTF-8</con:encoding><con:endpoint>https://192.168.36.205:8443/services/CivilStatusNotificationService_v1.0</con:endpoint><con:request><![CDATA[<soapenv:Envelope xmlns:soapenv="http://schemas.xmlsoap.org/soap/envelope/" xmlns:core="http://www.fgov.be/dabs/core" xmlns:v1="http://fidus.brussels/service/civilstatusnotificationservice/messages/v1" xmlns:v11="http://fidus.brussels/type/common/messages/v1">
   <soapenv:Header/>
   <soapenv:Body>
      <v1:createNotificationRequest>
         <v1:messageContext>
            <v11:messageId>${=import static java.util.UUID.randomUUID; uuid = randomUUID() as String}</v11:messageId>
            <v11:timestamp>${=new java.text.SimpleDateFormat("yyyy-MM-dd'T'HH:mm:ss.SSS").format(new Date())}</v11:timestamp>
         </v1:messageContext>
         <v1:legalContext>ServiceIntegrator</v1:legalContext>
         <v1:language>fr</v1:language>
         <v1:request>
            <notification>
               <!--Optional:-->
               <id>2662</id>
            <!--Optional:-->
            <creationDate>${=new java.text.SimpleDateFormat("yyyy-MM-dd'T'HH:mm:ss.SSS").format(new Date())}</creationDate>
            <destination>01050</destination>
            <!--Optional:-->
            <generatedby>23025</generatedby>
               <!--Optional:-->
               <message xsi:type="core:textMessage" xmlns:xsi="http://www.w3.org/2001/XMLSchema-instance">
               <!--Optional:
                  <id>1111111</id>-->
               <!--Optional:-->
               <status>CREATED</status>
               <!--Optional:-->
               <statusDate>${=new java.text.SimpleDateFormat("yyyy-MM-dd'T'HH:mm:ss.SSS").format(new Date())}</statusDate>
               <!--Optional:
                  <docReference>123</docReference>-->
               <messageTextType>TEXT_COMMUNICATION</messageTextType>
               <messageTextTitle>bla bla</messageTextTitle>
               <messageTextContent>M bla bla bla</messageTextContent>
               </message>
            </notification>
         </v1:request>
      </v1:createNotificationRequest>
   </soapenv:Body>
</soapenv:Envelope>]]></con:request><con:credentials><con:selectedAuthProfile>Basic</con:selectedAuthProfile><con:addedBasicAuthenticationTypes>Basic</con:addedBasicAuthenticationTypes><con:authType>Global HTTP Settings</con:authType></con:credentials><con:jmsConfig JMSDeliveryMode="PERSISTENT"/><con:jmsPropertyConfig/><con:wsaConfig mustUnderstand="NONE" version="200508" action="http://fidus.brussels/service/civilstatusnotificationservice/createNotification"/><con:wsrmConfig version="1.2"/></con:call><con:call id="d511cf6c-9ad0-4c75-b036-94c762503771" name="3- TEST - External - Request"><con:settings><con:setting id="com.eviware.soapui.impl.wsdl.WsdlRequest@request-headers">&lt;xml-fragment/></con:setting></con:settings><con:encoding>UTF-8</con:encoding><con:endpoint>https://fidus-test.irisnetlab.be/services/CivilStatusNotificationService_v1.0</con:endpoint><con:request><![CDATA[<soapenv:Envelope xmlns:soapenv="http://schemas.xmlsoap.org/soap/envelope/" xmlns:core="http://www.fgov.be/dabs/core" xmlns:v1="http://fidus.brussels/service/civilstatusnotificationservice/messages/v1" xmlns:v11="http://fidus.brussels/type/common/messages/v1">
   <soapenv:Header/>
   <soapenv:Body>
      <v1:createNotificationRequest>
         <v1:messageContext>
            <v11:messageId>${=import static java.util.UUID.randomUUID; uuid = randomUUID() as String}</v11:messageId>
            <v11:timestamp>${=new java.text.SimpleDateFormat("yyyy-MM-dd'T'HH:mm:ss.SSS").format(new Date())}</v11:timestamp>
         </v1:messageContext>
         <v1:legalContext>None</v1:legalContext>
         <v1:language>fr</v1:language>
         <v1:request>
            <notification>
               <!--Optional:-->
               <id>2662</id>
            <!--Optional:-->
            <creationDate>${=new java.text.SimpleDateFormat("yyyy-MM-dd'T'HH:mm:ss.SSS").format(new Date())}</creationDate>
            <destination>01050</destination>
            <!--Optional:-->
            <generatedby>23025</generatedby>
               <!--Optional:-->
               <message xsi:type="core:textMessage" xmlns:xsi="http://www.w3.org/2001/XMLSchema-instance">
               <!--Optional:
                  <id>1111111</id>-->
               <!--Optional:-->
               <status>CREATED</status>
               <!--Optional:-->
               <statusDate>${=new java.text.SimpleDateFormat("yyyy-MM-dd'T'HH:mm:ss.SSS").format(new Date())}</statusDate>
               <!--Optional:
                  <docReference>123</docReference>-->
               <messageTextType>TEXT_COMMUNICATION</messageTextType>
               <messageTextTitle>bla bla</messageTextTitle>
               <messageTextContent>M bla bla bla</messageTextContent>
               </message>
            </notification>
         </v1:request>
      </v1:createNotificationRequest>
   </soapenv:Body>
</soapenv:Envelope>]]></con:request><con:credentials><con:selectedAuthProfile>Basic</con:selectedAuthProfile><con:addedBasicAuthenticationTypes>Basic</con:addedBasicAuthenticationTypes><con:authType>Global HTTP Settings</con:authType></con:credentials><con:jmsConfig JMSDeliveryMode="PERSISTENT"/><con:jmsPropertyConfig/><con:wsaConfig mustUnderstand="NONE" version="200508" action="http://fidus.brussels/service/civilstatusnotificationservice/createNotification"/><con:wsrmConfig version="1.2"/></con:call><con:call id="bee98d54-dcdc-4a7a-8910-436256c404c1" name="3- TEST - LB - Request" incomingWss="inflowTEST" outgoingWss="outflowTEST"><con:settings><con:setting id="com.eviware.soapui.impl.wsdl.WsdlRequest@request-headers">&lt;xml-fragment/></con:setting></con:settings><con:encoding>UTF-8</con:encoding><con:endpoint>https://esb-security-gw.sta.srv.cirb.lan:8443/services/CivilStatusNotificationService_v1.0</con:endpoint><con:request><![CDATA[<soapenv:Envelope xmlns:soapenv="http://schemas.xmlsoap.org/soap/envelope/" xmlns:core="http://www.fgov.be/dabs/core" xmlns:v1="http://fidus.brussels/service/civilstatusnotificationservice/messages/v1" xmlns:v11="http://fidus.brussels/type/common/messages/v1">
   <soapenv:Header/>
   <soapenv:Body>
      <v1:createNotificationRequest>
         <v1:messageContext>
            <v11:messageId>${=import static java.util.UUID.randomUUID; uuid = randomUUID() as String}</v11:messageId>
            <v11:timestamp>${=new java.text.SimpleDateFormat("yyyy-MM-dd'T'HH:mm:ss.SSS").format(new Date())}</v11:timestamp>
         </v1:messageContext>
         <v1:legalContext>None</v1:legalContext>
         <v1:language>fr</v1:language>
         <v1:request>
            <notification>
               <!--Optional:-->
               <id>2662</id>
            <!--Optional:-->
            <creationDate>${=new java.text.SimpleDateFormat("yyyy-MM-dd'T'HH:mm:ss.SSS").format(new Date())}</creationDate>
            <destination>01050</destination>
            <!--Optional:-->
            <generatedby>23025</generatedby>
               <!--Optional:-->
               <message xsi:type="core:textMessage" xmlns:xsi="http://www.w3.org/2001/XMLSchema-instance">
               <!--Optional:
                  <id>1111111</id>-->
               <!--Optional:-->
               <status>CREATED</status>
               <!--Optional:-->
               <statusDate>${=new java.text.SimpleDateFormat("yyyy-MM-dd'T'HH:mm:ss.SSS").format(new Date())}</statusDate>
               <!--Optional:
                  <docReference>123</docReference>-->
               <messageTextType>TEXT_COMMUNICATION</messageTextType>
               <messageTextTitle>bla bla</messageTextTitle>
               <messageTextContent>M bla bla bla</messageTextContent>
               </message>
            </notification>
         </v1:request>
      </v1:createNotificationRequest>
   </soapenv:Body>
</soapenv:Envelope>]]></con:request><con:credentials><con:selectedAuthProfile>Basic</con:selectedAuthProfile><con:addedBasicAuthenticationTypes>Basic</con:addedBasicAuthenticationTypes><con:authType>Global HTTP Settings</con:authType></con:credentials><con:jmsConfig JMSDeliveryMode="PERSISTENT"/><con:jmsPropertyConfig/><con:wsaConfig mustUnderstand="NONE" version="200508" action="http://fidus.brussels/service/civilstatusnotificationservice/createNotification"/><con:wsrmConfig version="1.2"/></con:call><con:call id="363b048b-c0d1-4c62-a6ae-a2e5e6fe99a1" name="3- TEST - Worker 1  - Request" outgoingWss="outflowTEST" incomingWss="inflowTEST"><con:settings><con:setting id="com.eviware.soapui.impl.wsdl.WsdlRequest@request-headers">&lt;xml-fragment/></con:setting></con:settings><con:encoding>UTF-8</con:encoding><con:endpoint>https://192.168.24.45:8443/services/CivilStatusNotificationService_v1.0</con:endpoint><con:request><![CDATA[<soapenv:Envelope xmlns:soapenv="http://schemas.xmlsoap.org/soap/envelope/" xmlns:core="http://www.fgov.be/dabs/core" xmlns:v1="http://fidus.brussels/service/civilstatusnotificationservice/messages/v1" xmlns:v11="http://fidus.brussels/type/common/messages/v1">
   <soapenv:Header/>
   <soapenv:Body>
      <v1:createNotificationRequest>
         <v1:messageContext>
            <v11:messageId>${=import static java.util.UUID.randomUUID; uuid = randomUUID() as String}</v11:messageId>
            <v11:timestamp>${=new java.text.SimpleDateFormat("yyyy-MM-dd'T'HH:mm:ss.SSS").format(new Date())}</v11:timestamp>
         </v1:messageContext>
         <v1:legalContext>ServiceIntegrator</v1:legalContext>
         <v1:language>fr</v1:language>
         <v1:request>
            <notification>
               <!--Optional:-->
            <!--Optional:-->
            <creationDate>${=new java.text.SimpleDateFormat("yyyy-MM-dd'T'HH:mm:ss.SSS").format(new Date())}</creationDate>
            <destination>01050</destination>
            <!--Optional:-->
            <generatedby>23025</generatedby>
               <!--Optional:-->
               <message xsi:type="core:textMessage" xmlns:xsi="http://www.w3.org/2001/XMLSchema-instance">
               <!--Optional:
                  <id>1111111</id>-->
               <!--Optional:-->
               <status>CREATED</status>
               <!--Optional:-->
               <statusDate>${=new java.text.SimpleDateFormat("yyyy-MM-dd'T'HH:mm:ss.SSS").format(new Date())}</statusDate>
               <!--Optional:
                  <docReference>123</docReference>-->
               <messageTextType>TEXT_COMMUNICATION</messageTextType>
               <messageTextTitle>bla bla</messageTextTitle>
               <messageTextContent>M bla bla bla</messageTextContent>
               </message>
            </notification>
         </v1:request>
      </v1:createNotificationRequest>
   </soapenv:Body>
</soapenv:Envelope>]]></con:request><con:credentials><con:selectedAuthProfile>Basic</con:selectedAuthProfile><con:addedBasicAuthenticationTypes>Basic</con:addedBasicAuthenticationTypes><con:authType>Global HTTP Settings</con:authType></con:credentials><con:jmsConfig JMSDeliveryMode="PERSISTENT"/><con:jmsPropertyConfig/><con:wsaConfig mustUnderstand="NONE" version="200508" action="http://fidus.brussels/service/civilstatusnotificationservice/createNotification"/><con:wsrmConfig version="1.2"/></con:call><con:call id="74e1439d-1ec0-4b71-888c-49d911006ca9" name="3- TEST - Worker 2  - Request" outgoingWss="outflowTEST" incomingWss="inflowTEST"><con:settings><con:setting id="com.eviware.soapui.impl.wsdl.WsdlRequest@request-headers">&lt;xml-fragment/></con:setting></con:settings><con:encoding>UTF-8</con:encoding><con:endpoint>https://192.168.24.51:8443/services/CivilStatusNotificationService_v1.0</con:endpoint><con:request><![CDATA[<soapenv:Envelope xmlns:soapenv="http://schemas.xmlsoap.org/soap/envelope/" xmlns:core="http://www.fgov.be/dabs/core" xmlns:v1="http://fidus.brussels/service/civilstatusnotificationservice/messages/v1" xmlns:v11="http://fidus.brussels/type/common/messages/v1">
   <soapenv:Header/>
   <soapenv:Body>
      <v1:createNotificationRequest>
         <v1:messageContext>
            <v11:messageId>${=import static java.util.UUID.randomUUID; uuid = randomUUID() as String}</v11:messageId>
            <v11:timestamp>${=new java.text.SimpleDateFormat("yyyy-MM-dd'T'HH:mm:ss.SSS").format(new Date())}</v11:timestamp>
         </v1:messageContext>
         <v1:legalContext>None</v1:legalContext>
         <v1:language>fr</v1:language>
         <v1:request>
            <notification>
               <!--Optional:-->
               <id>2662</id>
            <!--Optional:-->
            <creationDate>${=new java.text.SimpleDateFormat("yyyy-MM-dd'T'HH:mm:ss.SSS").format(new Date())}</creationDate>
            <destination>01050</destination>
            <!--Optional:-->
            <generatedby>23025</generatedby>
               <!--Optional:-->
               <message xsi:type="core:textMessage" xmlns:xsi="http://www.w3.org/2001/XMLSchema-instance">
               <!--Optional:
                  <id>1111111</id>-->
               <!--Optional:-->
               <status>CREATED</status>
               <!--Optional:-->
               <statusDate>${=new java.text.SimpleDateFormat("yyyy-MM-dd'T'HH:mm:ss.SSS").format(new Date())}</statusDate>
               <!--Optional:
                  <docReference>123</docReference>-->
               <messageTextType>TEXT_COMMUNICATION</messageTextType>
               <messageTextTitle>bla bla</messageTextTitle>
               <messageTextContent>M bla bla bla</messageTextContent>
               </message>
            </notification>
         </v1:request>
      </v1:createNotificationRequest>
   </soapenv:Body>
</soapenv:Envelope>]]></con:request><con:credentials><con:selectedAuthProfile>Basic</con:selectedAuthProfile><con:addedBasicAuthenticationTypes>Basic</con:addedBasicAuthenticationTypes><con:authType>Global HTTP Settings</con:authType></con:credentials><con:jmsConfig JMSDeliveryMode="PERSISTENT"/><con:jmsPropertyConfig/><con:wsaConfig mustUnderstand="NONE" version="200508" action="http://fidus.brussels/service/civilstatusnotificationservice/createNotification"/><con:wsrmConfig version="1.2"/></con:call><con:call id="060d8d7c-57f2-4cd7-bce9-a1fe2f5ac736" name="4- STAGING - External  - Request"><con:settings><con:setting id="com.eviware.soapui.impl.wsdl.WsdlRequest@request-headers">&lt;xml-fragment/></con:setting></con:settings><con:encoding>UTF-8</con:encoding><con:endpoint>https://fidus.irisnetlab.be/services/CivilStatusNotificationService_v1.0</con:endpoint><con:request><![CDATA[<soapenv:Envelope xmlns:soapenv="http://schemas.xmlsoap.org/soap/envelope/" xmlns:core="http://www.fgov.be/dabs/core" xmlns:v1="http://fidus.brussels/service/civilstatusnotificationservice/messages/v1" xmlns:v11="http://fidus.brussels/type/common/messages/v1">
   <soapenv:Header/>
   <soapenv:Body>
      <v1:createNotificationRequest>
         <v1:messageContext>
            <v11:messageId>${=import static java.util.UUID.randomUUID; uuid = randomUUID() as String}</v11:messageId>
            <v11:timestamp>${=new java.text.SimpleDateFormat("yyyy-MM-dd'T'HH:mm:ss.SSS").format(new Date())}</v11:timestamp>
         </v1:messageContext>
         <v1:legalContext>None</v1:legalContext>
         <v1:language>fr</v1:language>
         <v1:request>
            <notification>
               <!--Optional:-->
               <id>2662</id>
            <!--Optional:-->
            <creationDate>${=new java.text.SimpleDateFormat("yyyy-MM-dd'T'HH:mm:ss.SSS").format(new Date())}</creationDate>
            <destination>01050</destination>
            <!--Optional:-->
            <generatedby>23025</generatedby>
               <!--Optional:-->
               <message xsi:type="core:textMessage" xmlns:xsi="http://www.w3.org/2001/XMLSchema-instance">
               <!--Optional:
                  <id>1111111</id>-->
               <!--Optional:-->
               <status>CREATED</status>
               <!--Optional:-->
               <statusDate>${=new java.text.SimpleDateFormat("yyyy-MM-dd'T'HH:mm:ss.SSS").format(new Date())}</statusDate>
               <!--Optional:
                  <docReference>123</docReference>-->
               <messageTextType>TEXT_COMMUNICATION</messageTextType>
               <messageTextTitle>bla bla</messageTextTitle>
               <messageTextContent>M bla bla bla</messageTextContent>
               </message>
            </notification>
         </v1:request>
      </v1:createNotificationRequest>
   </soapenv:Body>
</soapenv:Envelope>]]></con:request><con:credentials><con:selectedAuthProfile>Basic</con:selectedAuthProfile><con:addedBasicAuthenticationTypes>Basic</con:addedBasicAuthenticationTypes><con:authType>Global HTTP Settings</con:authType></con:credentials><con:jmsConfig JMSDeliveryMode="PERSISTENT"/><con:jmsPropertyConfig/><con:wsaConfig mustUnderstand="NONE" version="200508" action="http://fidus.brussels/service/civilstatusnotificationservice/createNotification"/><con:wsrmConfig version="1.2"/></con:call><con:call id="0275379a-26bc-46c3-9189-7dc3bd2382b3" name="4- STAGING - LB - Request"><con:settings><con:setting id="com.eviware.soapui.impl.wsdl.WsdlRequest@request-headers">&lt;xml-fragment/></con:setting></con:settings><con:encoding>UTF-8</con:encoding><con:endpoint>https://fidus-esb-sg.sta.srv.cirb.lan:8443/services/CivilStatusNotificationService_v1.0</con:endpoint><con:request><![CDATA[<soapenv:Envelope xmlns:soapenv="http://schemas.xmlsoap.org/soap/envelope/" xmlns:core="http://www.fgov.be/dabs/core" xmlns:v1="http://fidus.brussels/service/civilstatusnotificationservice/messages/v1" xmlns:v11="http://fidus.brussels/type/common/messages/v1">
   <soapenv:Header/>
   <soapenv:Body>
      <v1:createNotificationRequest>
         <v1:messageContext>
            <v11:messageId>${=import static java.util.UUID.randomUUID; uuid = randomUUID() as String}</v11:messageId>
            <v11:timestamp>${=new java.text.SimpleDateFormat("yyyy-MM-dd'T'HH:mm:ss.SSS").format(new Date())}</v11:timestamp>
         </v1:messageContext>
         <v1:legalContext>None</v1:legalContext>
         <v1:language>fr</v1:language>
         <v1:request>
            <notification>
               <!--Optional:-->
               <id>2662</id>
            <!--Optional:-->
            <creationDate>${=new java.text.SimpleDateFormat("yyyy-MM-dd'T'HH:mm:ss.SSS").format(new Date())}</creationDate>
            <destination>01050</destination>
            <!--Optional:-->
            <generatedby>23025</generatedby>
               <!--Optional:-->
               <message xsi:type="core:textMessage" xmlns:xsi="http://www.w3.org/2001/XMLSchema-instance">
               <!--Optional:
                  <id>1111111</id>-->
               <!--Optional:-->
               <status>CREATED</status>
               <!--Optional:-->
               <statusDate>${=new java.text.SimpleDateFormat("yyyy-MM-dd'T'HH:mm:ss.SSS").format(new Date())}</statusDate>
               <!--Optional:
                  <docReference>123</docReference>-->
               <messageTextType>TEXT_COMMUNICATION</messageTextType>
               <messageTextTitle>bla bla</messageTextTitle>
               <messageTextContent>M bla bla bla</messageTextContent>
               </message>
            </notification>
         </v1:request>
      </v1:createNotificationRequest>
   </soapenv:Body>
</soapenv:Envelope>]]></con:request><con:credentials><con:selectedAuthProfile>Basic</con:selectedAuthProfile><con:addedBasicAuthenticationTypes>Basic</con:addedBasicAuthenticationTypes><con:authType>Global HTTP Settings</con:authType></con:credentials><con:jmsConfig JMSDeliveryMode="PERSISTENT"/><con:jmsPropertyConfig/><con:wsaConfig mustUnderstand="NONE" version="200508" action="http://fidus.brussels/service/civilstatusnotificationservice/createNotification"/><con:wsrmConfig version="1.2"/></con:call><con:call id="f9eb9b49-4a0a-4229-835b-f2e5a43bfd7b" name="4- STAGING - Worker 1 - Request" outgoingWss="outflowSTAGING" incomingWss="inflowSTAGING"><con:settings><con:setting id="com.eviware.soapui.impl.wsdl.WsdlRequest@request-headers">&lt;xml-fragment/></con:setting></con:settings><con:encoding>UTF-8</con:encoding><con:endpoint>https://192.168.24.57:8443/services/CivilStatusNotificationService_v1.0</con:endpoint><con:request><![CDATA[<soapenv:Envelope xmlns:soapenv="http://schemas.xmlsoap.org/soap/envelope/" xmlns:core="http://www.fgov.be/dabs/core" xmlns:v1="http://fidus.brussels/service/civilstatusnotificationservice/messages/v1" xmlns:v11="http://fidus.brussels/type/common/messages/v1">
   <soapenv:Header/>
   <soapenv:Body>
      <v1:createNotificationRequest>
         <v1:messageContext>
            <v11:messageId>${=import static java.util.UUID.randomUUID; uuid = randomUUID() as String}</v11:messageId>
            <v11:timestamp>${=new java.text.SimpleDateFormat("yyyy-MM-dd'T'HH:mm:ss.SSS").format(new Date())}</v11:timestamp>
         </v1:messageContext>
         <v1:legalContext>None</v1:legalContext>
         <v1:language>fr</v1:language>
         <v1:request>
            <notification>
               <!--Optional:-->
               <id>2662</id>
            <!--Optional:-->
            <creationDate>${=new java.text.SimpleDateFormat("yyyy-MM-dd'T'HH:mm:ss.SSS").format(new Date())}</creationDate>
            <destination>01050</destination>
            <!--Optional:-->
            <generatedby>23025</generatedby>
               <!--Optional:-->
               <message xsi:type="core:textMessage" xmlns:xsi="http://www.w3.org/2001/XMLSchema-instance">
               <!--Optional:
                  <id>1111111</id>-->
               <!--Optional:-->
               <status>CREATED</status>
               <!--Optional:-->
               <statusDate>${=new java.text.SimpleDateFormat("yyyy-MM-dd'T'HH:mm:ss.SSS").format(new Date())}</statusDate>
               <!--Optional:
                  <docReference>123</docReference>-->
               <messageTextType>TEXT_COMMUNICATION</messageTextType>
               <messageTextTitle>bla bla</messageTextTitle>
               <messageTextContent>M bla bla bla</messageTextContent>
               </message>
            </notification>
         </v1:request>
      </v1:createNotificationRequest>
   </soapenv:Body>
</soapenv:Envelope>]]></con:request><con:credentials><con:selectedAuthProfile>Basic</con:selectedAuthProfile><con:addedBasicAuthenticationTypes>Basic</con:addedBasicAuthenticationTypes><con:authType>Global HTTP Settings</con:authType></con:credentials><con:jmsConfig JMSDeliveryMode="PERSISTENT"/><con:jmsPropertyConfig/><con:wsaConfig mustUnderstand="NONE" version="200508" action="http://fidus.brussels/service/civilstatusnotificationservice/createNotification"/><con:wsrmConfig version="1.2"/></con:call><con:call id="39376df9-ddca-46ac-902a-7d1e35065821" name="4- STAGING - Worker 2 - Request"><con:settings><con:setting id="com.eviware.soapui.impl.wsdl.WsdlRequest@request-headers">&lt;xml-fragment/></con:setting></con:settings><con:encoding>UTF-8</con:encoding><con:endpoint>https://192.168.24.64:8443/services/CivilStatusNotificationService_v1.0</con:endpoint><con:request><![CDATA[<soapenv:Envelope xmlns:soapenv="http://schemas.xmlsoap.org/soap/envelope/" xmlns:core="http://www.fgov.be/dabs/core" xmlns:v1="http://fidus.brussels/service/civilstatusnotificationservice/messages/v1" xmlns:v11="http://fidus.brussels/type/common/messages/v1">
   <soapenv:Header/>
   <soapenv:Body>
      <v1:createNotificationRequest>
         <v1:messageContext>
            <v11:messageId>${=import static java.util.UUID.randomUUID; uuid = randomUUID() as String}</v11:messageId>
            <v11:timestamp>${=new java.text.SimpleDateFormat("yyyy-MM-dd'T'HH:mm:ss.SSS").format(new Date())}</v11:timestamp>
         </v1:messageContext>
         <v1:legalContext>None</v1:legalContext>
         <v1:language>fr</v1:language>
         <v1:request>
            <notification>
               <!--Optional:-->
               <id>2662</id>
            <!--Optional:-->
            <creationDate>${=new java.text.SimpleDateFormat("yyyy-MM-dd'T'HH:mm:ss.SSS").format(new Date())}</creationDate>
            <destination>01050</destination>
            <!--Optional:-->
            <generatedby>23025</generatedby>
               <!--Optional:-->
               <message xsi:type="core:textMessage" xmlns:xsi="http://www.w3.org/2001/XMLSchema-instance">
               <!--Optional:
                  <id>1111111</id>-->
               <!--Optional:-->
               <status>CREATED</status>
               <!--Optional:-->
               <statusDate>${=new java.text.SimpleDateFormat("yyyy-MM-dd'T'HH:mm:ss.SSS").format(new Date())}</statusDate>
               <!--Optional:
                  <docReference>123</docReference>-->
               <messageTextType>TEXT_COMMUNICATION</messageTextType>
               <messageTextTitle>bla bla</messageTextTitle>
               <messageTextContent>M bla bla bla</messageTextContent>
               </message>
            </notification>
         </v1:request>
      </v1:createNotificationRequest>
   </soapenv:Body>
</soapenv:Envelope>]]></con:request><con:credentials><con:selectedAuthProfile>Basic</con:selectedAuthProfile><con:addedBasicAuthenticationTypes>Basic</con:addedBasicAuthenticationTypes><con:authType>Global HTTP Settings</con:authType></con:credentials><con:jmsConfig JMSDeliveryMode="PERSISTENT"/><con:jmsPropertyConfig/><con:wsaConfig mustUnderstand="NONE" version="200508" action="http://fidus.brussels/service/civilstatusnotificationservice/createNotification"/><con:wsrmConfig version="1.2"/></con:call></con:operation><con:operation id="8f52e98f-6213-40b4-93da-6878a5c0fafe" isOneWay="false" action="http://fidus.brussels/service/civilstatusnotificationservice/getMyMessagesStatus" name="getMyMessagesStatus" bindingOperationName="getMyMessagesStatus" type="Request-Response" inputName="" receivesAttachments="false" sendsAttachments="false" anonymous="optional"><con:settings/><con:call id="8cb58681-8447-4b26-a9b6-12265313f14f" name="1- Local  - Request" outgoingWss="outFlowDEV" incomingWss="inflowDEV"><con:settings><con:setting id="com.eviware.soapui.impl.wsdl.WsdlRequest@request-headers">&lt;xml-fragment/></con:setting></con:settings><con:encoding>UTF-8</con:encoding><con:endpoint>https://localhost:8243/services/CivilStatusNotificationService_v1.0</con:endpoint><con:request><![CDATA[<soapenv:Envelope xmlns:soapenv="http://schemas.xmlsoap.org/soap/envelope/" xmlns:v1="http://fidus.brussels/service/civilstatusnotificationservice/messages/v1" xmlns:v11="http://fidus.brussels/type/common/messages/v1">
   <soapenv:Header/>
   <soapenv:Body>
      <v1:getMyMessagesStatusRequest>
         <v1:messageContext>
            <v11:messageId>${=import static java.util.UUID.randomUUID; uuid = randomUUID() as String}</v11:messageId>
            <v11:timestamp>${=new java.text.SimpleDateFormat("yyyy-MM-dd'T'HH:mm:ss.SSS").format(new Date())}</v11:timestamp>
         </v1:messageContext>
         <v1:legalContext>None</v1:legalContext>
         <v1:language>fr</v1:language>
         <v1:request>
            <!--Optional:-->
            <from>2016-06-18T17:20:14.449</from>
            <!--Optional:-->
            <to>2019-06-18T17:20:14.449</to>
            <!--Optional:-->
            <withClosed>true</withClosed>
            <!--Optional:-->
            <messageId>1273</messageId>
            <notificationId>2667</notificationId>
         </v1:request>
      </v1:getMyMessagesStatusRequest>
   </soapenv:Body>
</soapenv:Envelope>]]></con:request><con:credentials><con:selectedAuthProfile>Basic</con:selectedAuthProfile><con:addedBasicAuthenticationTypes>Basic</con:addedBasicAuthenticationTypes><con:authType>Global HTTP Settings</con:authType></con:credentials><con:jmsConfig JMSDeliveryMode="PERSISTENT"/><con:jmsPropertyConfig/><con:wsaConfig mustUnderstand="NONE" version="200508" action="http://fidus.brussels/service/civilstatusnotificationservice/getMyMessagesStatus"/><con:wsrmConfig version="1.2"/></con:call><con:call id="45f7e7ad-ac04-4fe9-9280-95405531f80a" name="2- DEV  - Request"><con:settings><con:setting id="com.eviware.soapui.impl.wsdl.WsdlRequest@request-headers">&lt;xml-fragment/></con:setting></con:settings><con:encoding>UTF-8</con:encoding><con:endpoint>https://192.168.36.205:8443/services/CivilStatusNotificationService_v1.0</con:endpoint><con:request><![CDATA[<soapenv:Envelope xmlns:soapenv="http://schemas.xmlsoap.org/soap/envelope/" xmlns:v1="http://fidus.brussels/service/civilstatusnotificationservice/messages/v1" xmlns:v11="http://fidus.brussels/type/common/messages/v1">
   <soapenv:Header/>
   <soapenv:Body>
      <v1:getMyMessagesStatusRequest>
         <v1:messageContext>
            <v11:messageId>${=import static java.util.UUID.randomUUID; uuid = randomUUID() as String}</v11:messageId>
            <v11:timestamp>${=new java.text.SimpleDateFormat("yyyy-MM-dd'T'HH:mm:ss.SSS").format(new Date())}</v11:timestamp>
         </v1:messageContext>
         <v1:legalContext>None</v1:legalContext>
         <v1:language>fr</v1:language>
         <v1:request>
            <!--Optional:-->
            <from>2016-06-18T17:20:14.449</from>
            <!--Optional:-->
            <to>2019-06-18T17:20:14.449</to>
            <!--Optional:-->
            <withClosed>true</withClosed>
            <!--Optional:-->
            <messageId>1273</messageId>
            <notificationId>2667</notificationId>
         </v1:request>
      </v1:getMyMessagesStatusRequest>
   </soapenv:Body>
</soapenv:Envelope>]]></con:request><con:credentials><con:selectedAuthProfile>Basic</con:selectedAuthProfile><con:addedBasicAuthenticationTypes>Basic</con:addedBasicAuthenticationTypes><con:authType>Global HTTP Settings</con:authType></con:credentials><con:jmsConfig JMSDeliveryMode="PERSISTENT"/><con:jmsPropertyConfig/><con:wsaConfig mustUnderstand="NONE" version="200508" action="http://fidus.brussels/service/civilstatusnotificationservice/getMyMessagesStatus"/><con:wsrmConfig version="1.2"/></con:call><con:call id="53365f7b-4053-4b48-808a-633f6845a9c0" name="3- TEST - External  - Request"><con:settings><con:setting id="com.eviware.soapui.impl.wsdl.WsdlRequest@request-headers">&lt;xml-fragment/></con:setting></con:settings><con:encoding>UTF-8</con:encoding><con:endpoint>https://fidus-test.irisnetlab.be/services/CivilStatusNotificationService_v1.0</con:endpoint><con:request><![CDATA[<soapenv:Envelope xmlns:soapenv="http://schemas.xmlsoap.org/soap/envelope/" xmlns:v1="http://fidus.brussels/service/civilstatusnotificationservice/messages/v1" xmlns:v11="http://fidus.brussels/type/common/messages/v1">
   <soapenv:Header/>
   <soapenv:Body>
      <v1:getMyMessagesStatusRequest>
         <v1:messageContext>
            <v11:messageId>${=import static java.util.UUID.randomUUID; uuid = randomUUID() as String}</v11:messageId>
            <v11:timestamp>${=new java.text.SimpleDateFormat("yyyy-MM-dd'T'HH:mm:ss.SSS").format(new Date())}</v11:timestamp>
         </v1:messageContext>
         <v1:legalContext>None</v1:legalContext>
         <v1:language>fr</v1:language>
         <v1:request>
            <!--Optional:-->
            <from>2016-06-18T17:20:14.449</from>
            <!--Optional:-->
            <to>2019-06-18T17:20:14.449</to>
            <!--Optional:-->
            <withClosed>true</withClosed>
            <!--Optional:-->
            <messageId>1273</messageId>
            <notificationId>2667</notificationId>
         </v1:request>
      </v1:getMyMessagesStatusRequest>
   </soapenv:Body>
</soapenv:Envelope>]]></con:request><con:credentials><con:selectedAuthProfile>Basic</con:selectedAuthProfile><con:addedBasicAuthenticationTypes>Basic</con:addedBasicAuthenticationTypes><con:authType>Global HTTP Settings</con:authType></con:credentials><con:jmsConfig JMSDeliveryMode="PERSISTENT"/><con:jmsPropertyConfig/><con:wsaConfig mustUnderstand="NONE" version="200508" action="http://fidus.brussels/service/civilstatusnotificationservice/getMyMessagesStatus"/><con:wsrmConfig version="1.2"/></con:call><con:call id="8641fba0-16d0-49c7-bad0-a72231f59629" name="3- TEST - LB  - Request"><con:settings><con:setting id="com.eviware.soapui.impl.wsdl.WsdlRequest@request-headers">&lt;xml-fragment/></con:setting></con:settings><con:encoding>UTF-8</con:encoding><con:endpoint>https://esb-security-gw.sta.srv.cirb.lan:8443/services/CivilStatusNotificationService_v1.0</con:endpoint><con:request><![CDATA[<soapenv:Envelope xmlns:soapenv="http://schemas.xmlsoap.org/soap/envelope/" xmlns:v1="http://fidus.brussels/service/civilstatusnotificationservice/messages/v1" xmlns:v11="http://fidus.brussels/type/common/messages/v1">
   <soapenv:Header/>
   <soapenv:Body>
      <v1:getMyMessagesStatusRequest>
         <v1:messageContext>
            <v11:messageId>${=import static java.util.UUID.randomUUID; uuid = randomUUID() as String}</v11:messageId>
            <v11:timestamp>${=new java.text.SimpleDateFormat("yyyy-MM-dd'T'HH:mm:ss.SSS").format(new Date())}</v11:timestamp>
         </v1:messageContext>
         <v1:legalContext>None</v1:legalContext>
         <v1:language>fr</v1:language>
         <v1:request>
            <!--Optional:-->
            <from>2016-06-18T17:20:14.449</from>
            <!--Optional:-->
            <to>2019-06-18T17:20:14.449</to>
            <!--Optional:-->
            <withClosed>true</withClosed>
            <!--Optional:-->
            <messageId>1273</messageId>
            <notificationId>2667</notificationId>
         </v1:request>
      </v1:getMyMessagesStatusRequest>
   </soapenv:Body>
</soapenv:Envelope>]]></con:request><con:credentials><con:selectedAuthProfile>Basic</con:selectedAuthProfile><con:addedBasicAuthenticationTypes>Basic</con:addedBasicAuthenticationTypes><con:authType>Global HTTP Settings</con:authType></con:credentials><con:jmsConfig JMSDeliveryMode="PERSISTENT"/><con:jmsPropertyConfig/><con:wsaConfig mustUnderstand="NONE" version="200508" action="http://fidus.brussels/service/civilstatusnotificationservice/getMyMessagesStatus"/><con:wsrmConfig version="1.2"/></con:call><con:call id="8f111d15-d8a9-463a-9b69-b86634ba5cc9" name="3- TEST - Worker 1 - Request" outgoingWss="outflowTEST" incomingWss="inflowTEST"><con:settings><con:setting id="com.eviware.soapui.impl.wsdl.WsdlRequest@request-headers">&lt;xml-fragment/></con:setting></con:settings><con:encoding>UTF-8</con:encoding><con:endpoint>https://192.168.24.45:8443/services/CivilStatusNotificationService_v1.0</con:endpoint><con:request><![CDATA[<soapenv:Envelope xmlns:soapenv="http://schemas.xmlsoap.org/soap/envelope/" xmlns:v1="http://fidus.brussels/service/civilstatusnotificationservice/messages/v1" xmlns:v11="http://fidus.brussels/type/common/messages/v1">
   <soapenv:Header/>
   <soapenv:Body>
      <v1:getMyMessagesStatusRequest>
         <v1:messageContext>
            <v11:messageId>${=import static java.util.UUID.randomUUID; uuid = randomUUID() as String}</v11:messageId>
            <v11:timestamp>${=new java.text.SimpleDateFormat("yyyy-MM-dd'T'HH:mm:ss.SSS").format(new Date())}</v11:timestamp>
         </v1:messageContext>
         <v1:legalContext>ServiceIntegrator</v1:legalContext>
         <v1:language>fr</v1:language>
         <v1:request>
            <from>2016-06-18T17:20:14.449</from>
            <to>2019-06-18T17:20:14.449</to>
         </v1:request>
      </v1:getMyMessagesStatusRequest>
   </soapenv:Body>
</soapenv:Envelope>]]></con:request><con:credentials><con:selectedAuthProfile>Basic</con:selectedAuthProfile><con:addedBasicAuthenticationTypes>Basic</con:addedBasicAuthenticationTypes><con:authType>Global HTTP Settings</con:authType></con:credentials><con:jmsConfig JMSDeliveryMode="PERSISTENT"/><con:jmsPropertyConfig/><con:wsaConfig mustUnderstand="NONE" version="200508" action="http://fidus.brussels/service/civilstatusnotificationservice/getMyMessagesStatus"/><con:wsrmConfig version="1.2"/></con:call><con:call id="bef675f1-e0c3-4fb9-b7f4-d91510a2c920" name="3- TEST - Worker 2 - Request"><con:settings><con:setting id="com.eviware.soapui.impl.wsdl.WsdlRequest@request-headers">&lt;xml-fragment/></con:setting></con:settings><con:encoding>UTF-8</con:encoding><con:endpoint>https://192.168.24.51:8443/services/CivilStatusNotificationService_v1.0</con:endpoint><con:request><![CDATA[<soapenv:Envelope xmlns:soapenv="http://schemas.xmlsoap.org/soap/envelope/" xmlns:v1="http://fidus.brussels/service/civilstatusnotificationservice/messages/v1" xmlns:v11="http://fidus.brussels/type/common/messages/v1">
   <soapenv:Header/>
   <soapenv:Body>
      <v1:getMyMessagesStatusRequest>
         <v1:messageContext>
            <v11:messageId>${=import static java.util.UUID.randomUUID; uuid = randomUUID() as String}</v11:messageId>
            <v11:timestamp>${=new java.text.SimpleDateFormat("yyyy-MM-dd'T'HH:mm:ss.SSS").format(new Date())}</v11:timestamp>
         </v1:messageContext>
         <v1:legalContext>None</v1:legalContext>
         <v1:language>fr</v1:language>
         <v1:request>
            <!--Optional:-->
            <from>2016-06-18T17:20:14.449</from>
            <!--Optional:-->
            <to>2019-06-18T17:20:14.449</to>
            <!--Optional:-->
            <withClosed>true</withClosed>
            <!--Optional:-->
            <messageId>1273</messageId>
            <notificationId>2667</notificationId>
         </v1:request>
      </v1:getMyMessagesStatusRequest>
   </soapenv:Body>
</soapenv:Envelope>]]></con:request><con:credentials><con:selectedAuthProfile>Basic</con:selectedAuthProfile><con:addedBasicAuthenticationTypes>Basic</con:addedBasicAuthenticationTypes><con:authType>Global HTTP Settings</con:authType></con:credentials><con:jmsConfig JMSDeliveryMode="PERSISTENT"/><con:jmsPropertyConfig/><con:wsaConfig mustUnderstand="NONE" version="200508" action="http://fidus.brussels/service/civilstatusnotificationservice/getMyMessagesStatus"/><con:wsrmConfig version="1.2"/></con:call><con:call id="4d3f88c2-288c-4cd2-9d15-e000066d2732" name="4- STAGING - External  - Request"><con:settings><con:setting id="com.eviware.soapui.impl.wsdl.WsdlRequest@request-headers">&lt;xml-fragment/></con:setting></con:settings><con:encoding>UTF-8</con:encoding><con:endpoint>https://fidus.irisnetlab.be/services/CivilStatusNotificationService_v1.0</con:endpoint><con:request><![CDATA[<soapenv:Envelope xmlns:soapenv="http://schemas.xmlsoap.org/soap/envelope/" xmlns:v1="http://fidus.brussels/service/civilstatusnotificationservice/messages/v1" xmlns:v11="http://fidus.brussels/type/common/messages/v1">
   <soapenv:Header/>
   <soapenv:Body>
      <v1:getMyMessagesStatusRequest>
         <v1:messageContext>
            <v11:messageId>${=import static java.util.UUID.randomUUID; uuid = randomUUID() as String}</v11:messageId>
            <v11:timestamp>${=new java.text.SimpleDateFormat("yyyy-MM-dd'T'HH:mm:ss.SSS").format(new Date())}</v11:timestamp>
         </v1:messageContext>
         <v1:legalContext>None</v1:legalContext>
         <v1:language>fr</v1:language>
         <v1:request>
            <!--Optional:-->
            <from>2016-06-18T17:20:14.449</from>
            <!--Optional:-->
            <to>2019-06-18T17:20:14.449</to>
            <!--Optional:-->
            <withClosed>true</withClosed>
            <!--Optional:-->
            <messageId>1273</messageId>
            <notificationId>2667</notificationId>
         </v1:request>
      </v1:getMyMessagesStatusRequest>
   </soapenv:Body>
</soapenv:Envelope>]]></con:request><con:credentials><con:selectedAuthProfile>Basic</con:selectedAuthProfile><con:addedBasicAuthenticationTypes>Basic</con:addedBasicAuthenticationTypes><con:authType>Global HTTP Settings</con:authType></con:credentials><con:jmsConfig JMSDeliveryMode="PERSISTENT"/><con:jmsPropertyConfig/><con:wsaConfig mustUnderstand="NONE" version="200508" action="http://fidus.brussels/service/civilstatusnotificationservice/getMyMessagesStatus"/><con:wsrmConfig version="1.2"/></con:call><con:call id="c5661229-8eb9-4b51-89dc-348e57f3042f" name="4- STAGING - LB  - Request"><con:settings><con:setting id="com.eviware.soapui.impl.wsdl.WsdlRequest@request-headers">&lt;xml-fragment/></con:setting></con:settings><con:encoding>UTF-8</con:encoding><con:endpoint>https://fidus-esb-sg.sta.srv.cirb.lan:8443/services/CivilStatusNotificationService_v1.0</con:endpoint><con:request><![CDATA[<soapenv:Envelope xmlns:soapenv="http://schemas.xmlsoap.org/soap/envelope/" xmlns:v1="http://fidus.brussels/service/civilstatusnotificationservice/messages/v1" xmlns:v11="http://fidus.brussels/type/common/messages/v1">
   <soapenv:Header/>
   <soapenv:Body>
      <v1:getMyMessagesStatusRequest>
         <v1:messageContext>
            <v11:messageId>${=import static java.util.UUID.randomUUID; uuid = randomUUID() as String}</v11:messageId>
            <v11:timestamp>${=new java.text.SimpleDateFormat("yyyy-MM-dd'T'HH:mm:ss.SSS").format(new Date())}</v11:timestamp>
         </v1:messageContext>
         <v1:legalContext>None</v1:legalContext>
         <v1:language>fr</v1:language>
         <v1:request>
            <!--Optional:-->
            <from>2016-06-18T17:20:14.449</from>
            <!--Optional:-->
            <to>2019-06-18T17:20:14.449</to>
            <!--Optional:-->
            <withClosed>true</withClosed>
            <!--Optional:-->
            <messageId>1273</messageId>
            <notificationId>2667</notificationId>
         </v1:request>
      </v1:getMyMessagesStatusRequest>
   </soapenv:Body>
</soapenv:Envelope>]]></con:request><con:credentials><con:selectedAuthProfile>Basic</con:selectedAuthProfile><con:addedBasicAuthenticationTypes>Basic</con:addedBasicAuthenticationTypes><con:authType>Global HTTP Settings</con:authType></con:credentials><con:jmsConfig JMSDeliveryMode="PERSISTENT"/><con:jmsPropertyConfig/><con:wsaConfig mustUnderstand="NONE" version="200508" action="http://fidus.brussels/service/civilstatusnotificationservice/getMyMessagesStatus"/><con:wsrmConfig version="1.2"/></con:call><con:call id="53cb4648-35c1-4d8c-970a-30a1d41edcb6" name="4- STAGING - Worker 1  - Request"><con:settings><con:setting id="com.eviware.soapui.impl.wsdl.WsdlRequest@request-headers">&lt;xml-fragment/></con:setting></con:settings><con:encoding>UTF-8</con:encoding><con:endpoint>https://192.168.24.57:8443/services/CivilStatusNotificationService_v1.0</con:endpoint><con:request><![CDATA[<soapenv:Envelope xmlns:soapenv="http://schemas.xmlsoap.org/soap/envelope/" xmlns:v1="http://fidus.brussels/service/civilstatusnotificationservice/messages/v1" xmlns:v11="http://fidus.brussels/type/common/messages/v1">
   <soapenv:Header/>
   <soapenv:Body>
      <v1:getMyMessagesStatusRequest>
         <v1:messageContext>
            <v11:messageId>${=import static java.util.UUID.randomUUID; uuid = randomUUID() as String}</v11:messageId>
            <v11:timestamp>${=new java.text.SimpleDateFormat("yyyy-MM-dd'T'HH:mm:ss.SSS").format(new Date())}</v11:timestamp>
         </v1:messageContext>
         <v1:legalContext>None</v1:legalContext>
         <v1:language>fr</v1:language>
         <v1:request>
            <!--Optional:-->
            <from>2016-06-18T17:20:14.449</from>
            <!--Optional:-->
            <to>2019-06-18T17:20:14.449</to>
            <!--Optional:-->
            <withClosed>true</withClosed>
            <!--Optional:-->
            <messageId>1273</messageId>
            <notificationId>2667</notificationId>
         </v1:request>
      </v1:getMyMessagesStatusRequest>
   </soapenv:Body>
</soapenv:Envelope>]]></con:request><con:credentials><con:selectedAuthProfile>Basic</con:selectedAuthProfile><con:addedBasicAuthenticationTypes>Basic</con:addedBasicAuthenticationTypes><con:authType>Global HTTP Settings</con:authType></con:credentials><con:jmsConfig JMSDeliveryMode="PERSISTENT"/><con:jmsPropertyConfig/><con:wsaConfig mustUnderstand="NONE" version="200508" action="http://fidus.brussels/service/civilstatusnotificationservice/getMyMessagesStatus"/><con:wsrmConfig version="1.2"/></con:call><con:call id="d450b0d7-0eb3-4877-bc13-a2fb4e646255" name="4- STAGING - Worker 2  - Request"><con:settings><con:setting id="com.eviware.soapui.impl.wsdl.WsdlRequest@request-headers">&lt;xml-fragment/></con:setting></con:settings><con:encoding>UTF-8</con:encoding><con:endpoint>https://192.168.24.64:8443/services/CivilStatusNotificationService_v1.0</con:endpoint><con:request><![CDATA[<soapenv:Envelope xmlns:soapenv="http://schemas.xmlsoap.org/soap/envelope/" xmlns:v1="http://fidus.brussels/service/civilstatusnotificationservice/messages/v1" xmlns:v11="http://fidus.brussels/type/common/messages/v1">
   <soapenv:Header/>
   <soapenv:Body>
      <v1:getMyMessagesStatusRequest>
         <v1:messageContext>
            <v11:messageId>${=import static java.util.UUID.randomUUID; uuid = randomUUID() as String}</v11:messageId>
            <v11:timestamp>${=new java.text.SimpleDateFormat("yyyy-MM-dd'T'HH:mm:ss.SSS").format(new Date())}</v11:timestamp>
         </v1:messageContext>
         <v1:legalContext>None</v1:legalContext>
         <v1:language>fr</v1:language>
         <v1:request>
            <!--Optional:-->
            <from>2016-06-18T17:20:14.449</from>
            <!--Optional:-->
            <to>2019-06-18T17:20:14.449</to>
            <!--Optional:-->
            <withClosed>true</withClosed>
            <!--Optional:-->
            <messageId>1273</messageId>
            <notificationId>2667</notificationId>
         </v1:request>
      </v1:getMyMessagesStatusRequest>
   </soapenv:Body>
</soapenv:Envelope>]]></con:request><con:credentials><con:selectedAuthProfile>Basic</con:selectedAuthProfile><con:addedBasicAuthenticationTypes>Basic</con:addedBasicAuthenticationTypes><con:authType>Global HTTP Settings</con:authType></con:credentials><con:jmsConfig JMSDeliveryMode="PERSISTENT"/><con:jmsPropertyConfig/><con:wsaConfig mustUnderstand="NONE" version="200508" action="http://fidus.brussels/service/civilstatusnotificationservice/getMyMessagesStatus"/><con:wsrmConfig version="1.2"/></con:call></con:operation><con:operation id="5f5f46a4-756e-4216-9e36-2f84fb0965c2" isOneWay="false" action="http://fidus.brussels/service/civilstatusnotificationservice/getNotifications" name="getNotifications" bindingOperationName="getNotifications" type="Request-Response" inputName="" receivesAttachments="false" sendsAttachments="false" anonymous="optional"><con:settings/><con:call id="6cd859e2-14f7-4e3b-9e03-8c037ea507cf" name="1- Local  - Request" outgoingWss="outFlowDEV" incomingWss="inflowDEV"><con:settings><con:setting id="com.eviware.soapui.impl.wsdl.WsdlRequest@request-headers">&lt;xml-fragment/></con:setting></con:settings><con:encoding>UTF-8</con:encoding><con:endpoint>https://localhost:8243/services/CivilStatusNotificationService_v1.0</con:endpoint><con:request><![CDATA[<soapenv:Envelope xmlns:soapenv="http://schemas.xmlsoap.org/soap/envelope/" xmlns:v1="http://fidus.brussels/service/civilstatusnotificationservice/messages/v1" xmlns:v11="http://fidus.brussels/type/common/messages/v1">
   <soapenv:Header/>
   <soapenv:Body>
      <v1:getNotificationsRequest>
         <v1:messageContext>
            <v11:messageId>${=import static java.util.UUID.randomUUID; uuid = randomUUID() as String}</v11:messageId>
            <!--Optional:-->
            <v11:timestamp>${=new java.text.SimpleDateFormat("yyyy-MM-dd'T'HH:mm:ss.SSS").format(new Date())}</v11:timestamp>
         </v1:messageContext>
         <v1:legalContext>None</v1:legalContext>
         <v1:language>fr</v1:language>
         <v1:request>
             <!--Optional:-->
            <from>2016-06-18T17:20:14.449</from>
            <!--Optional:-->
            <to>2019-06-18T17:20:14.449</to>
            <!--Optional:-->
            <messageId>1273</messageId>
            <!--Optional:-->
            <notificationId>2667</notificationId>
            <!--Optional:-->
            <niscode>10500</niscode>
         </v1:request>
      </v1:getNotificationsRequest>
   </soapenv:Body>
</soapenv:Envelope>]]></con:request><con:credentials><con:selectedAuthProfile>Basic</con:selectedAuthProfile><con:addedBasicAuthenticationTypes>Basic</con:addedBasicAuthenticationTypes><con:authType>Global HTTP Settings</con:authType></con:credentials><con:jmsConfig JMSDeliveryMode="PERSISTENT"/><con:jmsPropertyConfig/><con:wsaConfig mustUnderstand="NONE" version="200508" action="http://fidus.brussels/service/civilstatusnotificationservice/getNotifications"/><con:wsrmConfig version="1.2"/></con:call><con:call id="8f4f45bb-2736-477d-a17e-e0eade275054" name="2- DEV - Request2" outgoingWss="outFlowDEV" incomingWss="inflowDEV"><con:settings><con:setting id="com.eviware.soapui.impl.wsdl.WsdlRequest@request-headers">&lt;xml-fragment/></con:setting></con:settings><con:encoding>UTF-8</con:encoding><con:endpoint>https://192.168.24.45:8443/services/CivilStatusNotificationService_v1.0</con:endpoint><con:request><![CDATA[<soapenv:Envelope xmlns:soapenv="http://schemas.xmlsoap.org/soap/envelope/" xmlns:v1="http://fidus.brussels/service/civilstatusnotificationservice/messages/v1" xmlns:v11="http://fidus.brussels/type/common/messages/v1">
   <soapenv:Header/>
   <soapenv:Body>
      <v1:getNotificationsRequest>
         <v1:messageContext>
            <v11:messageId>${=import static java.util.UUID.randomUUID; uuid = randomUUID() as String}</v11:messageId>
            <!--Optional:-->
            <v11:timestamp>${=new java.text.SimpleDateFormat("yyyy-MM-dd'T'HH:mm:ss.SSS").format(new Date())}</v11:timestamp>
         </v1:messageContext>
         <v1:legalContext>None</v1:legalContext>
         <v1:language>fr</v1:language>
         <v1:request>
             <!--Optional:-->
            <from>2016-06-18T17:20:14.449</from>
            <!--Optional:-->
            <to>2019-06-18T17:20:14.449</to>
            <!--Optional:-->
            <messageId>1273</messageId>
            <!--Optional:-->
            <notificationId>2667</notificationId>
            <!--Optional:-->
            <niscode>10500</niscode>
         </v1:request>
      </v1:getNotificationsRequest>
   </soapenv:Body>
</soapenv:Envelope>]]></con:request><con:credentials><con:selectedAuthProfile>Basic</con:selectedAuthProfile><con:addedBasicAuthenticationTypes>Basic</con:addedBasicAuthenticationTypes><con:authType>Global HTTP Settings</con:authType></con:credentials><con:jmsConfig JMSDeliveryMode="PERSISTENT"/><con:jmsPropertyConfig/><con:wsaConfig mustUnderstand="NONE" version="200508" action="http://fidus.brussels/service/civilstatusnotificationservice/getNotifications"/><con:wsrmConfig version="1.2"/></con:call><con:call id="fa731cc9-a69f-4e08-a442-0cad85aacda3" name="3 - TEST - External  - Request"><con:settings><con:setting id="com.eviware.soapui.impl.wsdl.WsdlRequest@request-headers">&lt;xml-fragment/></con:setting></con:settings><con:encoding>UTF-8</con:encoding><con:endpoint>https://fidus-test.irisnetlab.be/services/CivilStatusNotificationService_v1.0</con:endpoint><con:request><![CDATA[<soapenv:Envelope xmlns:soapenv="http://schemas.xmlsoap.org/soap/envelope/" xmlns:v1="http://fidus.brussels/service/civilstatusnotificationservice/messages/v1" xmlns:v11="http://fidus.brussels/type/common/messages/v1">
   <soapenv:Header/>
   <soapenv:Body>
      <v1:getNotificationsRequest>
         <v1:messageContext>
            <v11:messageId>${=import static java.util.UUID.randomUUID; uuid = randomUUID() as String}</v11:messageId>
            <!--Optional:-->
            <v11:timestamp>${=new java.text.SimpleDateFormat("yyyy-MM-dd'T'HH:mm:ss.SSS").format(new Date())}</v11:timestamp>
         </v1:messageContext>
         <v1:legalContext>None</v1:legalContext>
         <v1:language>fr</v1:language>
         <v1:request>
             <!--Optional:-->
            <from>2016-06-18T17:20:14.449</from>
            <!--Optional:-->
            <to>2019-06-18T17:20:14.449</to>
            <!--Optional:-->
            <messageId>1273</messageId>
            <!--Optional:-->
            <notificationId>2667</notificationId>
            <!--Optional:-->
            <niscode>10500</niscode>
         </v1:request>
      </v1:getNotificationsRequest>
   </soapenv:Body>
</soapenv:Envelope>]]></con:request><con:credentials><con:selectedAuthProfile>Basic</con:selectedAuthProfile><con:addedBasicAuthenticationTypes>Basic</con:addedBasicAuthenticationTypes><con:authType>Global HTTP Settings</con:authType></con:credentials><con:jmsConfig JMSDeliveryMode="PERSISTENT"/><con:jmsPropertyConfig/><con:wsaConfig mustUnderstand="NONE" version="200508" action="http://fidus.brussels/service/civilstatusnotificationservice/getNotifications"/><con:wsrmConfig version="1.2"/></con:call><con:call id="4ca8f902-79f9-4903-81cc-8e20b4caac72" name="3- TEST - LB  - Request"><con:settings><con:setting id="com.eviware.soapui.impl.wsdl.WsdlRequest@request-headers">&lt;xml-fragment/></con:setting></con:settings><con:encoding>UTF-8</con:encoding><con:endpoint>https://esb-security-gw.sta.srv.cirb.lan:8443/services/CivilStatusNotificationService_v1.0</con:endpoint><con:request><![CDATA[<soapenv:Envelope xmlns:soapenv="http://schemas.xmlsoap.org/soap/envelope/" xmlns:v1="http://fidus.brussels/service/civilstatusnotificationservice/messages/v1" xmlns:v11="http://fidus.brussels/type/common/messages/v1">
   <soapenv:Header/>
   <soapenv:Body>
      <v1:getNotificationsRequest>
         <v1:messageContext>
            <v11:messageId>${=import static java.util.UUID.randomUUID; uuid = randomUUID() as String}</v11:messageId>
            <!--Optional:-->
            <v11:timestamp>${=new java.text.SimpleDateFormat("yyyy-MM-dd'T'HH:mm:ss.SSS").format(new Date())}</v11:timestamp>
         </v1:messageContext>
         <v1:legalContext>None</v1:legalContext>
         <v1:language>fr</v1:language>
         <v1:request>
             <!--Optional:-->
            <from>2016-06-18T17:20:14.449</from>
            <!--Optional:-->
            <to>2019-06-18T17:20:14.449</to>
            <!--Optional:-->
            <messageId>1273</messageId>
            <!--Optional:-->
            <notificationId>2667</notificationId>
            <!--Optional:-->
            <niscode>10500</niscode>
         </v1:request>
      </v1:getNotificationsRequest>
   </soapenv:Body>
</soapenv:Envelope>]]></con:request><con:credentials><con:selectedAuthProfile>Basic</con:selectedAuthProfile><con:addedBasicAuthenticationTypes>Basic</con:addedBasicAuthenticationTypes><con:authType>Global HTTP Settings</con:authType></con:credentials><con:jmsConfig JMSDeliveryMode="PERSISTENT"/><con:jmsPropertyConfig/><con:wsaConfig mustUnderstand="NONE" version="200508" action="http://fidus.brussels/service/civilstatusnotificationservice/getNotifications"/><con:wsrmConfig version="1.2"/></con:call><con:call id="0dfdc68a-a3b4-4aa1-b52f-26f35aa545dd" name="3- TEST - Worker 1  - Request"><con:settings><con:setting id="com.eviware.soapui.impl.wsdl.WsdlRequest@request-headers">&lt;xml-fragment/></con:setting></con:settings><con:encoding>UTF-8</con:encoding><con:endpoint>https://192.168.24.45:8443/services/CivilStatusNotificationService_v1.0</con:endpoint><con:request><![CDATA[<soapenv:Envelope xmlns:soapenv="http://schemas.xmlsoap.org/soap/envelope/" xmlns:v1="http://fidus.brussels/service/civilstatusnotificationservice/messages/v1" xmlns:v11="http://fidus.brussels/type/common/messages/v1">
   <soapenv:Header/>
   <soapenv:Body>
      <v1:getNotificationsRequest>
         <v1:messageContext>
            <v11:messageId>${=import static java.util.UUID.randomUUID; uuid = randomUUID() as String}</v11:messageId>
            <!--Optional:-->
            <v11:timestamp>${=new java.text.SimpleDateFormat("yyyy-MM-dd'T'HH:mm:ss.SSS").format(new Date())}</v11:timestamp>
         </v1:messageContext>
         <v1:legalContext>None</v1:legalContext>
         <v1:language>fr</v1:language>
         <v1:request>
             <!--Optional:-->
            <from>2016-06-18T17:20:14.449</from>
            <!--Optional:-->
            <to>2019-06-18T17:20:14.449</to>
            <!--Optional:-->
            <messageId>1273</messageId>
            <!--Optional:-->
            <notificationId>2667</notificationId>
            <!--Optional:-->
            <niscode>10500</niscode>
         </v1:request>
      </v1:getNotificationsRequest>
   </soapenv:Body>
</soapenv:Envelope>]]></con:request><con:credentials><con:selectedAuthProfile>Basic</con:selectedAuthProfile><con:addedBasicAuthenticationTypes>Basic</con:addedBasicAuthenticationTypes><con:authType>Global HTTP Settings</con:authType></con:credentials><con:jmsConfig JMSDeliveryMode="PERSISTENT"/><con:jmsPropertyConfig/><con:wsaConfig mustUnderstand="NONE" version="200508" action="http://fidus.brussels/service/civilstatusnotificationservice/getNotifications"/><con:wsrmConfig version="1.2"/></con:call><con:call id="c1e6ba34-7b99-48cd-bcd4-a8606fe2f3c2" name="3- TEST - Worker 2  - Request"><con:settings><con:setting id="com.eviware.soapui.impl.wsdl.WsdlRequest@request-headers">&lt;xml-fragment/></con:setting></con:settings><con:encoding>UTF-8</con:encoding><con:endpoint>https://192.168.24.51:8443/services/CivilStatusNotificationService_v1.0</con:endpoint><con:request><![CDATA[<soapenv:Envelope xmlns:soapenv="http://schemas.xmlsoap.org/soap/envelope/" xmlns:v1="http://fidus.brussels/service/civilstatusnotificationservice/messages/v1" xmlns:v11="http://fidus.brussels/type/common/messages/v1">
   <soapenv:Header/>
   <soapenv:Body>
      <v1:getNotificationsRequest>
         <v1:messageContext>
            <v11:messageId>${=import static java.util.UUID.randomUUID; uuid = randomUUID() as String}</v11:messageId>
            <!--Optional:-->
            <v11:timestamp>${=new java.text.SimpleDateFormat("yyyy-MM-dd'T'HH:mm:ss.SSS").format(new Date())}</v11:timestamp>
         </v1:messageContext>
         <v1:legalContext>None</v1:legalContext>
         <v1:language>fr</v1:language>
         <v1:request>
             <!--Optional:-->
            <from>2016-06-18T17:20:14.449</from>
            <!--Optional:-->
            <to>2019-06-18T17:20:14.449</to>
            <!--Optional:-->
            <messageId>1273</messageId>
            <!--Optional:-->
            <notificationId>2667</notificationId>
            <!--Optional:-->
            <niscode>10500</niscode>
         </v1:request>
      </v1:getNotificationsRequest>
   </soapenv:Body>
</soapenv:Envelope>]]></con:request><con:credentials><con:selectedAuthProfile>Basic</con:selectedAuthProfile><con:addedBasicAuthenticationTypes>Basic</con:addedBasicAuthenticationTypes><con:authType>Global HTTP Settings</con:authType></con:credentials><con:jmsConfig JMSDeliveryMode="PERSISTENT"/><con:jmsPropertyConfig/><con:wsaConfig mustUnderstand="NONE" version="200508" action="http://fidus.brussels/service/civilstatusnotificationservice/getNotifications"/><con:wsrmConfig version="1.2"/></con:call><con:call id="efdf3921-440d-4468-ac27-e2b44c7a7513" name="4- STAGING - External  - Request"><con:settings><con:setting id="com.eviware.soapui.impl.wsdl.WsdlRequest@request-headers">&lt;xml-fragment/></con:setting></con:settings><con:encoding>UTF-8</con:encoding><con:endpoint>https://fidus-esb-sg.sta.srv.cirb.lan:8443/services/CivilStatusNotificationService_v1.0</con:endpoint><con:request><![CDATA[<soapenv:Envelope xmlns:soapenv="http://schemas.xmlsoap.org/soap/envelope/" xmlns:v1="http://fidus.brussels/service/civilstatusnotificationservice/messages/v1" xmlns:v11="http://fidus.brussels/type/common/messages/v1">
   <soapenv:Header/>
   <soapenv:Body>
      <v1:getNotificationsRequest>
         <v1:messageContext>
            <v11:messageId>${=import static java.util.UUID.randomUUID; uuid = randomUUID() as String}</v11:messageId>
            <!--Optional:-->
            <v11:timestamp>${=new java.text.SimpleDateFormat("yyyy-MM-dd'T'HH:mm:ss.SSS").format(new Date())}</v11:timestamp>
         </v1:messageContext>
         <v1:legalContext>None</v1:legalContext>
         <v1:language>fr</v1:language>
         <v1:request>
             <!--Optional:-->
            <from>2016-06-18T17:20:14.449</from>
            <!--Optional:-->
            <to>2019-06-18T17:20:14.449</to>
            <!--Optional:-->
            <messageId>1273</messageId>
            <!--Optional:-->
            <notificationId>2667</notificationId>
            <!--Optional:-->
            <niscode>10500</niscode>
         </v1:request>
      </v1:getNotificationsRequest>
   </soapenv:Body>
</soapenv:Envelope>]]></con:request><con:credentials><con:selectedAuthProfile>Basic</con:selectedAuthProfile><con:addedBasicAuthenticationTypes>Basic</con:addedBasicAuthenticationTypes><con:authType>Global HTTP Settings</con:authType></con:credentials><con:jmsConfig JMSDeliveryMode="PERSISTENT"/><con:jmsPropertyConfig/><con:wsaConfig mustUnderstand="NONE" version="200508" action="http://fidus.brussels/service/civilstatusnotificationservice/getNotifications"/><con:wsrmConfig version="1.2"/></con:call><con:call id="e5d7ca9e-231d-4a55-b108-9ea14b9eede4" name="4- STAGING - LB  - Request"><con:settings><con:setting id="com.eviware.soapui.impl.wsdl.WsdlRequest@request-headers">&lt;xml-fragment/></con:setting></con:settings><con:encoding>UTF-8</con:encoding><con:endpoint>https://fidus-esb-sg.sta.srv.cirb.lan:8443/services/CivilStatusNotificationService_v1.0</con:endpoint><con:request><![CDATA[<soapenv:Envelope xmlns:soapenv="http://schemas.xmlsoap.org/soap/envelope/" xmlns:v1="http://fidus.brussels/service/civilstatusnotificationservice/messages/v1" xmlns:v11="http://fidus.brussels/type/common/messages/v1">
   <soapenv:Header/>
   <soapenv:Body>
      <v1:getNotificationsRequest>
         <v1:messageContext>
            <v11:messageId>${=import static java.util.UUID.randomUUID; uuid = randomUUID() as String}</v11:messageId>
            <!--Optional:-->
            <v11:timestamp>${=new java.text.SimpleDateFormat("yyyy-MM-dd'T'HH:mm:ss.SSS").format(new Date())}</v11:timestamp>
         </v1:messageContext>
         <v1:legalContext>None</v1:legalContext>
         <v1:language>fr</v1:language>
         <v1:request>
             <!--Optional:-->
            <from>2016-06-18T17:20:14.449</from>
            <!--Optional:-->
            <to>2019-06-18T17:20:14.449</to>
            <!--Optional:-->
            <messageId>1273</messageId>
            <!--Optional:-->
            <notificationId>2667</notificationId>
            <!--Optional:-->
            <niscode>10500</niscode>
         </v1:request>
      </v1:getNotificationsRequest>
   </soapenv:Body>
</soapenv:Envelope>]]></con:request><con:credentials><con:selectedAuthProfile>Basic</con:selectedAuthProfile><con:addedBasicAuthenticationTypes>Basic</con:addedBasicAuthenticationTypes><con:authType>Global HTTP Settings</con:authType></con:credentials><con:jmsConfig JMSDeliveryMode="PERSISTENT"/><con:jmsPropertyConfig/><con:wsaConfig mustUnderstand="NONE" version="200508" action="http://fidus.brussels/service/civilstatusnotificationservice/getNotifications"/><con:wsrmConfig version="1.2"/></con:call><con:call id="d9a4a287-e8cc-49bd-8b8b-a9c20e5c0cb8" name="4- STAGING - Worker 1  - Request"><con:settings><con:setting id="com.eviware.soapui.impl.wsdl.WsdlRequest@request-headers">&lt;xml-fragment/></con:setting></con:settings><con:encoding>UTF-8</con:encoding><con:endpoint>https://192.168.24.57:8443/services/CivilStatusNotificationService_v1.0</con:endpoint><con:request><![CDATA[<soapenv:Envelope xmlns:soapenv="http://schemas.xmlsoap.org/soap/envelope/" xmlns:v1="http://fidus.brussels/service/civilstatusnotificationservice/messages/v1" xmlns:v11="http://fidus.brussels/type/common/messages/v1">
   <soapenv:Header/>
   <soapenv:Body>
      <v1:getNotificationsRequest>
         <v1:messageContext>
            <v11:messageId>${=import static java.util.UUID.randomUUID; uuid = randomUUID() as String}</v11:messageId>
            <!--Optional:-->
            <v11:timestamp>${=new java.text.SimpleDateFormat("yyyy-MM-dd'T'HH:mm:ss.SSS").format(new Date())}</v11:timestamp>
         </v1:messageContext>
         <v1:legalContext>None</v1:legalContext>
         <v1:language>fr</v1:language>
         <v1:request>
             <!--Optional:-->
            <from>2016-06-18T17:20:14.449</from>
            <!--Optional:-->
            <to>2019-06-18T17:20:14.449</to>
            <!--Optional:-->
            <messageId>1273</messageId>
            <!--Optional:-->
            <notificationId>2667</notificationId>
            <!--Optional:-->
            <niscode>10500</niscode>
         </v1:request>
      </v1:getNotificationsRequest>
   </soapenv:Body>
</soapenv:Envelope>]]></con:request><con:credentials><con:selectedAuthProfile>Basic</con:selectedAuthProfile><con:addedBasicAuthenticationTypes>Basic</con:addedBasicAuthenticationTypes><con:authType>Global HTTP Settings</con:authType></con:credentials><con:jmsConfig JMSDeliveryMode="PERSISTENT"/><con:jmsPropertyConfig/><con:wsaConfig mustUnderstand="NONE" version="200508" action="http://fidus.brussels/service/civilstatusnotificationservice/getNotifications"/><con:wsrmConfig version="1.2"/></con:call><con:call id="339be1f9-4b5d-4d41-a124-179c957beced" name="4- STAGING - Worker 2  - Request"><con:settings><con:setting id="com.eviware.soapui.impl.wsdl.WsdlRequest@request-headers">&lt;xml-fragment/></con:setting></con:settings><con:encoding>UTF-8</con:encoding><con:endpoint>https://192.168.24.64:8443/services/CivilStatusNotificationService_v1.0</con:endpoint><con:request><![CDATA[<soapenv:Envelope xmlns:soapenv="http://schemas.xmlsoap.org/soap/envelope/" xmlns:v1="http://fidus.brussels/service/civilstatusnotificationservice/messages/v1" xmlns:v11="http://fidus.brussels/type/common/messages/v1">
   <soapenv:Header/>
   <soapenv:Body>
      <v1:getNotificationsRequest>
         <v1:messageContext>
            <v11:messageId>${=import static java.util.UUID.randomUUID; uuid = randomUUID() as String}</v11:messageId>
            <!--Optional:-->
            <v11:timestamp>${=new java.text.SimpleDateFormat("yyyy-MM-dd'T'HH:mm:ss.SSS").format(new Date())}</v11:timestamp>
         </v1:messageContext>
         <v1:legalContext>None</v1:legalContext>
         <v1:language>fr</v1:language>
         <v1:request>
             <!--Optional:-->
            <from>2016-06-18T17:20:14.449</from>
            <!--Optional:-->
            <to>2019-06-18T17:20:14.449</to>
            <!--Optional:-->
            <messageId>1273</messageId>
            <!--Optional:-->
            <notificationId>2667</notificationId>
            <!--Optional:-->
            <niscode>10500</niscode>
         </v1:request>
      </v1:getNotificationsRequest>
   </soapenv:Body>
</soapenv:Envelope>]]></con:request><con:credentials><con:selectedAuthProfile>Basic</con:selectedAuthProfile><con:addedBasicAuthenticationTypes>Basic</con:addedBasicAuthenticationTypes><con:authType>Global HTTP Settings</con:authType></con:credentials><con:jmsConfig JMSDeliveryMode="PERSISTENT"/><con:jmsPropertyConfig/><con:wsaConfig mustUnderstand="NONE" version="200508" action="http://fidus.brussels/service/civilstatusnotificationservice/getNotifications"/><con:wsrmConfig version="1.2"/></con:call></con:operation><con:operation id="2c06c10e-0a8d-412b-a44c-af5f91c547cf" isOneWay="false" action="http://fidus.brussels/service/civilstatusnotificationservice/modifyMessageStatus" name="modifyMessageStatus" bindingOperationName="modifyMessageStatus" type="Request-Response" inputName="" receivesAttachments="false" sendsAttachments="false" anonymous="optional"><con:settings/><con:call id="0b7ad953-3adc-488a-bd25-39cde5a53709" name="1- Local  - Request" outgoingWss="outFlowDEV" incomingWss="inflowDEV"><con:settings><con:setting id="com.eviware.soapui.impl.wsdl.WsdlRequest@request-headers">&lt;xml-fragment/></con:setting></con:settings><con:encoding>UTF-8</con:encoding><con:endpoint>https://localhost:8243/services/CivilStatusNotificationService_v1.0</con:endpoint><con:request><![CDATA[<soapenv:Envelope xmlns:soapenv="http://schemas.xmlsoap.org/soap/envelope/" xmlns:v1="http://fidus.brussels/service/civilstatusnotificationservice/messages/v1" xmlns:v11="http://fidus.brussels/type/common/messages/v1">
   <soapenv:Header/>
   <soapenv:Body>
      <v1:modifyMessageStatusRequest>
            <v1:messageContext>
            <v11:messageId>${=import static java.util.UUID.randomUUID; uuid = randomUUID() as String}</v11:messageId>
            <v11:timestamp>${=new java.text.SimpleDateFormat("yyyy-MM-dd'T'HH:mm:ss.SSS").format(new Date())}</v11:timestamp>
         </v1:messageContext>
          <v1:legalContext>None</v1:legalContext>
          <v1:language>fr</v1:language>
         <v1:request>
            <!--Optional:-->
            <notificationId>123</notificationId>
            <!--Optional:-->
            <status>CREATED</status>
         </v1:request>
      </v1:modifyMessageStatusRequest>
   </soapenv:Body>
</soapenv:Envelope>]]></con:request><con:credentials><con:selectedAuthProfile>Basic</con:selectedAuthProfile><con:addedBasicAuthenticationTypes>Basic</con:addedBasicAuthenticationTypes><con:authType>Global HTTP Settings</con:authType></con:credentials><con:jmsConfig JMSDeliveryMode="PERSISTENT"/><con:jmsPropertyConfig/><con:wsaConfig mustUnderstand="NONE" version="200508" action="http://fidus.brussels/service/civilstatusnotificationservice/modifyMessageStatus"/><con:wsrmConfig version="1.2"/></con:call><con:call id="b0b5a625-83d5-48d1-8f34-e512f9ea7c5e" name="2- DEV  - Request"><con:settings><con:setting id="com.eviware.soapui.impl.wsdl.WsdlRequest@request-headers">&lt;xml-fragment/></con:setting></con:settings><con:encoding>UTF-8</con:encoding><con:endpoint>https://192.168.36.205:8443/services/CivilStatusNotificationService_v1.0</con:endpoint><con:request><![CDATA[<soapenv:Envelope xmlns:soapenv="http://schemas.xmlsoap.org/soap/envelope/" xmlns:v1="http://fidus.brussels/service/civilstatusnotificationservice/messages/v1" xmlns:v11="http://fidus.brussels/type/common/messages/v1">
   <soapenv:Header/>
   <soapenv:Body>
      <v1:modifyMessageStatusRequest>
            <v1:messageContext>
            <v11:messageId>${=import static java.util.UUID.randomUUID; uuid = randomUUID() as String}</v11:messageId>
            <v11:timestamp>${=new java.text.SimpleDateFormat("yyyy-MM-dd'T'HH:mm:ss.SSS").format(new Date())}</v11:timestamp>
         </v1:messageContext>
          <v1:legalContext>None</v1:legalContext>
          <v1:language>fr</v1:language>
         <v1:request>
            <!--Optional:-->
            <notificationId>123</notificationId>
            <!--Optional:-->
            <status>CREATED</status>
         </v1:request>
      </v1:modifyMessageStatusRequest>
   </soapenv:Body>
</soapenv:Envelope>]]></con:request><con:credentials><con:selectedAuthProfile>Basic</con:selectedAuthProfile><con:addedBasicAuthenticationTypes>Basic</con:addedBasicAuthenticationTypes><con:authType>Global HTTP Settings</con:authType></con:credentials><con:jmsConfig JMSDeliveryMode="PERSISTENT"/><con:jmsPropertyConfig/><con:wsaConfig mustUnderstand="NONE" version="200508" action="http://fidus.brussels/service/civilstatusnotificationservice/modifyMessageStatus"/><con:wsrmConfig version="1.2"/></con:call><con:call id="f567ba2f-8531-4eb2-8b1c-7f6b13020e68" name="3- TEST - External  - Request"><con:settings><con:setting id="com.eviware.soapui.impl.wsdl.WsdlRequest@request-headers">&lt;xml-fragment/></con:setting></con:settings><con:encoding>UTF-8</con:encoding><con:endpoint>https://esb-security-gw.sta.srv.cirb.lan:8443/services/CivilStatusNotificationService_v1.0</con:endpoint><con:request><![CDATA[<soapenv:Envelope xmlns:soapenv="http://schemas.xmlsoap.org/soap/envelope/" xmlns:v1="http://fidus.brussels/service/civilstatusnotificationservice/messages/v1" xmlns:v11="http://fidus.brussels/type/common/messages/v1">
   <soapenv:Header/>
   <soapenv:Body>
      <v1:modifyMessageStatusRequest>
            <v1:messageContext>
            <v11:messageId>${=import static java.util.UUID.randomUUID; uuid = randomUUID() as String}</v11:messageId>
            <v11:timestamp>${=new java.text.SimpleDateFormat("yyyy-MM-dd'T'HH:mm:ss.SSS").format(new Date())}</v11:timestamp>
         </v1:messageContext>
          <v1:legalContext>None</v1:legalContext>
          <v1:language>fr</v1:language>
         <v1:request>
            <!--Optional:-->
            <notificationId>123</notificationId>
            <!--Optional:-->
            <status>CREATED</status>
         </v1:request>
      </v1:modifyMessageStatusRequest>
   </soapenv:Body>
</soapenv:Envelope>]]></con:request><con:credentials><con:selectedAuthProfile>Basic</con:selectedAuthProfile><con:addedBasicAuthenticationTypes>Basic</con:addedBasicAuthenticationTypes><con:authType>Global HTTP Settings</con:authType></con:credentials><con:jmsConfig JMSDeliveryMode="PERSISTENT"/><con:jmsPropertyConfig/><con:wsaConfig mustUnderstand="NONE" version="200508" action="http://fidus.brussels/service/civilstatusnotificationservice/modifyMessageStatus"/><con:wsrmConfig version="1.2"/></con:call><con:call id="9da98128-7852-4cfd-8eeb-9d3e7f965afc" name="3- TEST - LB  - Request"><con:settings><con:setting id="com.eviware.soapui.impl.wsdl.WsdlRequest@request-headers">&lt;xml-fragment/></con:setting></con:settings><con:encoding>UTF-8</con:encoding><con:endpoint>https://esb-security-gw.sta.srv.cirb.lan:8443/services/CivilStatusNotificationService_v1.0</con:endpoint><con:request><![CDATA[<soapenv:Envelope xmlns:soapenv="http://schemas.xmlsoap.org/soap/envelope/" xmlns:v1="http://fidus.brussels/service/civilstatusnotificationservice/messages/v1" xmlns:v11="http://fidus.brussels/type/common/messages/v1">
   <soapenv:Header/>
   <soapenv:Body>
      <v1:modifyMessageStatusRequest>
            <v1:messageContext>
            <v11:messageId>${=import static java.util.UUID.randomUUID; uuid = randomUUID() as String}</v11:messageId>
            <v11:timestamp>${=new java.text.SimpleDateFormat("yyyy-MM-dd'T'HH:mm:ss.SSS").format(new Date())}</v11:timestamp>
         </v1:messageContext>
          <v1:legalContext>None</v1:legalContext>
          <v1:language>fr</v1:language>
         <v1:request>
            <!--Optional:-->
            <notificationId>123</notificationId>
            <!--Optional:-->
            <status>CREATED</status>
         </v1:request>
      </v1:modifyMessageStatusRequest>
   </soapenv:Body>
</soapenv:Envelope>]]></con:request><con:credentials><con:selectedAuthProfile>Basic</con:selectedAuthProfile><con:addedBasicAuthenticationTypes>Basic</con:addedBasicAuthenticationTypes><con:authType>Global HTTP Settings</con:authType></con:credentials><con:jmsConfig JMSDeliveryMode="PERSISTENT"/><con:jmsPropertyConfig/><con:wsaConfig mustUnderstand="NONE" version="200508" action="http://fidus.brussels/service/civilstatusnotificationservice/modifyMessageStatus"/><con:wsrmConfig version="1.2"/></con:call><con:call id="d8898cf1-00c0-48dc-96f5-979489afa613" name="3- TEST - Worker 1  - Request"><con:settings><con:setting id="com.eviware.soapui.impl.wsdl.WsdlRequest@request-headers">&lt;xml-fragment/></con:setting></con:settings><con:encoding>UTF-8</con:encoding><con:endpoint>https://192.168.24.45:8443/services/CivilStatusNotificationService_v1.0</con:endpoint><con:request><![CDATA[<soapenv:Envelope xmlns:soapenv="http://schemas.xmlsoap.org/soap/envelope/" xmlns:v1="http://fidus.brussels/service/civilstatusnotificationservice/messages/v1" xmlns:v11="http://fidus.brussels/type/common/messages/v1">
   <soapenv:Header/>
   <soapenv:Body>
      <v1:modifyMessageStatusRequest>
            <v1:messageContext>
            <v11:messageId>${=import static java.util.UUID.randomUUID; uuid = randomUUID() as String}</v11:messageId>
            <v11:timestamp>${=new java.text.SimpleDateFormat("yyyy-MM-dd'T'HH:mm:ss.SSS").format(new Date())}</v11:timestamp>
         </v1:messageContext>
          <v1:legalContext>None</v1:legalContext>
          <v1:language>fr</v1:language>
         <v1:request>
            <!--Optional:-->
            <notificationId>123</notificationId>
            <!--Optional:-->
            <status>CREATED</status>
         </v1:request>
      </v1:modifyMessageStatusRequest>
   </soapenv:Body>
</soapenv:Envelope>]]></con:request><con:credentials><con:selectedAuthProfile>Basic</con:selectedAuthProfile><con:addedBasicAuthenticationTypes>Basic</con:addedBasicAuthenticationTypes><con:authType>Global HTTP Settings</con:authType></con:credentials><con:jmsConfig JMSDeliveryMode="PERSISTENT"/><con:jmsPropertyConfig/><con:wsaConfig mustUnderstand="NONE" version="200508" action="http://fidus.brussels/service/civilstatusnotificationservice/modifyMessageStatus"/><con:wsrmConfig version="1.2"/></con:call><con:call id="4cc0afc2-32d2-4a5d-a0e1-340c36f9f5f8" name="3- TEST - Worker 2  - Request"><con:settings><con:setting id="com.eviware.soapui.impl.wsdl.WsdlRequest@request-headers">&lt;xml-fragment/></con:setting></con:settings><con:encoding>UTF-8</con:encoding><con:endpoint>https://192.168.24.51:8443/services/CivilStatusNotificationService_v1.0</con:endpoint><con:request><![CDATA[<soapenv:Envelope xmlns:soapenv="http://schemas.xmlsoap.org/soap/envelope/" xmlns:v1="http://fidus.brussels/service/civilstatusnotificationservice/messages/v1" xmlns:v11="http://fidus.brussels/type/common/messages/v1">
   <soapenv:Header/>
   <soapenv:Body>
      <v1:modifyMessageStatusRequest>
            <v1:messageContext>
            <v11:messageId>${=import static java.util.UUID.randomUUID; uuid = randomUUID() as String}</v11:messageId>
            <v11:timestamp>${=new java.text.SimpleDateFormat("yyyy-MM-dd'T'HH:mm:ss.SSS").format(new Date())}</v11:timestamp>
         </v1:messageContext>
          <v1:legalContext>None</v1:legalContext>
          <v1:language>fr</v1:language>
         <v1:request>
            <!--Optional:-->
            <notificationId>123</notificationId>
            <!--Optional:-->
            <status>CREATED</status>
         </v1:request>
      </v1:modifyMessageStatusRequest>
   </soapenv:Body>
</soapenv:Envelope>]]></con:request><con:credentials><con:selectedAuthProfile>Basic</con:selectedAuthProfile><con:addedBasicAuthenticationTypes>Basic</con:addedBasicAuthenticationTypes><con:authType>Global HTTP Settings</con:authType></con:credentials><con:jmsConfig JMSDeliveryMode="PERSISTENT"/><con:jmsPropertyConfig/><con:wsaConfig mustUnderstand="NONE" version="200508" action="http://fidus.brussels/service/civilstatusnotificationservice/modifyMessageStatus"/><con:wsrmConfig version="1.2"/></con:call><con:call id="13a51c02-e778-417e-9aa3-28088f14f84c" name="4- STAGING - External  - Request"><con:settings><con:setting id="com.eviware.soapui.impl.wsdl.WsdlRequest@request-headers">&lt;xml-fragment/></con:setting></con:settings><con:encoding>UTF-8</con:encoding><con:endpoint>https://fidus.irisnetlab.be/services/CivilStatusNotificationService_v1.0</con:endpoint><con:request><![CDATA[<soapenv:Envelope xmlns:soapenv="http://schemas.xmlsoap.org/soap/envelope/" xmlns:v1="http://fidus.brussels/service/civilstatusnotificationservice/messages/v1" xmlns:v11="http://fidus.brussels/type/common/messages/v1">
   <soapenv:Header/>
   <soapenv:Body>
      <v1:modifyMessageStatusRequest>
            <v1:messageContext>
            <v11:messageId>${=import static java.util.UUID.randomUUID; uuid = randomUUID() as String}</v11:messageId>
            <v11:timestamp>${=new java.text.SimpleDateFormat("yyyy-MM-dd'T'HH:mm:ss.SSS").format(new Date())}</v11:timestamp>
         </v1:messageContext>
          <v1:legalContext>None</v1:legalContext>
          <v1:language>fr</v1:language>
         <v1:request>
            <!--Optional:-->
            <notificationId>123</notificationId>
            <!--Optional:-->
            <status>CREATED</status>
         </v1:request>
      </v1:modifyMessageStatusRequest>
   </soapenv:Body>
</soapenv:Envelope>]]></con:request><con:credentials><con:selectedAuthProfile>Basic</con:selectedAuthProfile><con:addedBasicAuthenticationTypes>Basic</con:addedBasicAuthenticationTypes><con:authType>Global HTTP Settings</con:authType></con:credentials><con:jmsConfig JMSDeliveryMode="PERSISTENT"/><con:jmsPropertyConfig/><con:wsaConfig mustUnderstand="NONE" version="200508" action="http://fidus.brussels/service/civilstatusnotificationservice/modifyMessageStatus"/><con:wsrmConfig version="1.2"/></con:call><con:call id="3c89e458-9f81-498e-9d69-3e35149c348b" name="4- STAGING - LB  - Request"><con:settings><con:setting id="com.eviware.soapui.impl.wsdl.WsdlRequest@request-headers">&lt;xml-fragment/></con:setting></con:settings><con:encoding>UTF-8</con:encoding><con:endpoint>https://fidus-esb-sg.sta.srv.cirb.lan:8443/services/CivilStatusNotificationService_v1.0</con:endpoint><con:request><![CDATA[<soapenv:Envelope xmlns:soapenv="http://schemas.xmlsoap.org/soap/envelope/" xmlns:v1="http://fidus.brussels/service/civilstatusnotificationservice/messages/v1" xmlns:v11="http://fidus.brussels/type/common/messages/v1">
   <soapenv:Header/>
   <soapenv:Body>
      <v1:modifyMessageStatusRequest>
            <v1:messageContext>
            <v11:messageId>${=import static java.util.UUID.randomUUID; uuid = randomUUID() as String}</v11:messageId>
            <v11:timestamp>${=new java.text.SimpleDateFormat("yyyy-MM-dd'T'HH:mm:ss.SSS").format(new Date())}</v11:timestamp>
         </v1:messageContext>
          <v1:legalContext>None</v1:legalContext>
          <v1:language>fr</v1:language>
         <v1:request>
            <!--Optional:-->
            <notificationId>123</notificationId>
            <!--Optional:-->
            <status>CREATED</status>
         </v1:request>
      </v1:modifyMessageStatusRequest>
   </soapenv:Body>
</soapenv:Envelope>]]></con:request><con:credentials><con:selectedAuthProfile>Basic</con:selectedAuthProfile><con:addedBasicAuthenticationTypes>Basic</con:addedBasicAuthenticationTypes><con:authType>Global HTTP Settings</con:authType></con:credentials><con:jmsConfig JMSDeliveryMode="PERSISTENT"/><con:jmsPropertyConfig/><con:wsaConfig mustUnderstand="NONE" version="200508" action="http://fidus.brussels/service/civilstatusnotificationservice/modifyMessageStatus"/><con:wsrmConfig version="1.2"/></con:call><con:call id="8532b9d9-746d-4dfe-864f-448e4c2a533a" name="4- STAGING - Worker 1  - Request"><con:settings><con:setting id="com.eviware.soapui.impl.wsdl.WsdlRequest@request-headers">&lt;xml-fragment/></con:setting></con:settings><con:encoding>UTF-8</con:encoding><con:endpoint>https://192.168.24.51:8443/services/CivilStatusNotificationService_v1.0</con:endpoint><con:request><![CDATA[<soapenv:Envelope xmlns:soapenv="http://schemas.xmlsoap.org/soap/envelope/" xmlns:v1="http://fidus.brussels/service/civilstatusnotificationservice/messages/v1" xmlns:v11="http://fidus.brussels/type/common/messages/v1">
   <soapenv:Header/>
   <soapenv:Body>
      <v1:modifyMessageStatusRequest>
            <v1:messageContext>
            <v11:messageId>${=import static java.util.UUID.randomUUID; uuid = randomUUID() as String}</v11:messageId>
            <v11:timestamp>${=new java.text.SimpleDateFormat("yyyy-MM-dd'T'HH:mm:ss.SSS").format(new Date())}</v11:timestamp>
         </v1:messageContext>
          <v1:legalContext>None</v1:legalContext>
          <v1:language>fr</v1:language>
         <v1:request>
            <!--Optional:-->
            <notificationId>123</notificationId>
            <!--Optional:-->
            <status>CREATED</status>
         </v1:request>
      </v1:modifyMessageStatusRequest>
   </soapenv:Body>
</soapenv:Envelope>]]></con:request><con:credentials><con:selectedAuthProfile>Basic</con:selectedAuthProfile><con:addedBasicAuthenticationTypes>Basic</con:addedBasicAuthenticationTypes><con:authType>Global HTTP Settings</con:authType></con:credentials><con:jmsConfig JMSDeliveryMode="PERSISTENT"/><con:jmsPropertyConfig/><con:wsaConfig mustUnderstand="NONE" version="200508" action="http://fidus.brussels/service/civilstatusnotificationservice/modifyMessageStatus"/><con:wsrmConfig version="1.2"/></con:call><con:call id="3064a1f7-5334-465f-a9cb-805fa7d6f5d3" name="4- STAGING - Worker 2  - Request"><con:settings><con:setting id="com.eviware.soapui.impl.wsdl.WsdlRequest@request-headers">&lt;xml-fragment/></con:setting></con:settings><con:encoding>UTF-8</con:encoding><con:endpoint>https://192.168.24.64:8443/services/CivilStatusNotificationService_v1.0</con:endpoint><con:request><![CDATA[<soapenv:Envelope xmlns:soapenv="http://schemas.xmlsoap.org/soap/envelope/" xmlns:v1="http://fidus.brussels/service/civilstatusnotificationservice/messages/v1" xmlns:v11="http://fidus.brussels/type/common/messages/v1">
   <soapenv:Header/>
   <soapenv:Body>
      <v1:modifyMessageStatusRequest>
            <v1:messageContext>
            <v11:messageId>${=import static java.util.UUID.randomUUID; uuid = randomUUID() as String}</v11:messageId>
            <v11:timestamp>${=new java.text.SimpleDateFormat("yyyy-MM-dd'T'HH:mm:ss.SSS").format(new Date())}</v11:timestamp>
         </v1:messageContext>
          <v1:legalContext>None</v1:legalContext>
          <v1:language>fr</v1:language>
         <v1:request>
            <!--Optional:-->
            <notificationId>123</notificationId>
            <!--Optional:-->
            <status>CREATED</status>
         </v1:request>
      </v1:modifyMessageStatusRequest>
   </soapenv:Body>
</soapenv:Envelope>]]></con:request><con:credentials><con:selectedAuthProfile>Basic</con:selectedAuthProfile><con:addedBasicAuthenticationTypes>Basic</con:addedBasicAuthenticationTypes><con:authType>Global HTTP Settings</con:authType></con:credentials><con:jmsConfig JMSDeliveryMode="PERSISTENT"/><con:jmsPropertyConfig/><con:wsaConfig mustUnderstand="NONE" version="200508" action="http://fidus.brussels/service/civilstatusnotificationservice/modifyMessageStatus"/><con:wsrmConfig version="1.2"/></con:call></con:operation></con:interface><con:testSuite id="18394975-77b1-4008-80f6-c2529d93e3d8" name="DEV"><con:settings/><con:runType>SEQUENTIAL</con:runType><con:testCase id="1f1d34ff-4b20-4881-ae2f-070c283263f6" failOnError="true" failTestCaseOnErrors="true" keepSession="false" maxResults="0" name="createNotification" searchProperties="true"><con:settings/><con:testStep type="request" id="62646641-e3d2-4d97-b294-6bf604c1ef38" name="testcase2- DEV  - Request"><con:settings/><con:config xsi:type="con:RequestStep" xmlns:xsi="http://www.w3.org/2001/XMLSchema-instance"><con:interface>CivilStatusNotificationService_v1.0Soap11Binding</con:interface><con:operation>createNotification</con:operation><con:request name="testcase2- DEV  - Request" id="415e2385-9ce9-49db-8d60-795df65d8fa6" outgoingWss="Outflow DEV"><con:settings/><con:encoding>UTF-8</con:encoding><con:endpoint>https://192.168.36.205:8443/services/CivilStatusNotificationService_v1.0</con:endpoint><con:request><![CDATA[<soapenv:Envelope xmlns:soapenv="http://schemas.xmlsoap.org/soap/envelope/" xmlns:core="http://www.fgov.be/dabs/core" xmlns:v1="http://fidus.brussels/service/civilstatusnotificationservice/messages/v1" xmlns:v11="http://fidus.brussels/type/common/messages/v1">
   <soapenv:Header/>
   <soapenv:Body>
      <v1:createNotificationRequest>
         <v1:messageContext>
            <v11:messageId>${=import static java.util.UUID.randomUUID; uuid = randomUUID() as String}</v11:messageId>
            <v11:timestamp>${=new java.text.SimpleDateFormat("yyyy-MM-dd'T'HH:mm:ss.SSS").format(new Date())}</v11:timestamp>
         </v1:messageContext>
         <v1:legalContext>ServiceIntegrator</v1:legalContext>
         <v1:language>fr</v1:language>
         <v1:request>
            <notification>
               <!--Optional:-->
               <id>2662</id>
            <!--Optional:-->
            <creationDate>${=new java.text.SimpleDateFormat("yyyy-MM-dd'T'HH:mm:ss.SSS").format(new Date())}</creationDate>
            <destination>01050</destination>
            <!--Optional:-->
            <generatedby>23025</generatedby>
               <!--Optional:-->
               <message xsi:type="core:textMessage" xmlns:xsi="http://www.w3.org/2001/XMLSchema-instance">
               <!--Optional:
                  <id>1111111</id>-->
               <!--Optional:-->
               <status>CREATED</status>
               <!--Optional:-->
               <statusDate>${=new java.text.SimpleDateFormat("yyyy-MM-dd'T'HH:mm:ss.SSS").format(new Date())}</statusDate>
               <!--Optional:
                  <docReference>123</docReference>-->
               <messageTextType>TEXT_COMMUNICATION</messageTextType>
               <messageTextTitle>bla bla</messageTextTitle>
               <messageTextContent>M bla bla bla</messageTextContent>
               </message>
            </notification>
         </v1:request>
      </v1:createNotificationRequest>
   </soapenv:Body>
</soapenv:Envelope>]]></con:request><con:assertion type="SOAP Fault Assertion" id="30811351-9269-4494-8e9a-d8e8075b59fd" name="Not SOAP Fault"/><con:assertion type="SOAP Response" id="3832ced2-6736-4e97-b84b-8ba89bbad8d6" name="SOAP Response"/><con:assertion type="Schema Compliance" id="738ee002-5701-4470-b339-b475bf8e1488" name="Schema Compliance"><con:configuration/></con:assertion><con:wsaConfig action="http://fidus.brussels/service/civilstatusnotificationservice/createNotification"/></con:request></con:config></con:testStep><con:properties/></con:testCase><con:testCase id="8a035265-2582-4403-9407-590f593d55c4" failOnError="true" failTestCaseOnErrors="true" keepSession="false" maxResults="0" name="getMyMessagesStatus" searchProperties="true"><con:settings/><con:testStep type="request" id="4dfacee3-6b70-476a-a07b-53f416b3f0ab" name="testcase2- DEV  - Request"><con:settings/><con:config xsi:type="con:RequestStep" xmlns:xsi="http://www.w3.org/2001/XMLSchema-instance"><con:interface>CivilStatusNotificationService_v1.0Soap11Binding</con:interface><con:operation>getMyMessagesStatus</con:operation><con:request name="testcase2- DEV  - Request" id="8371caed-8834-4471-a284-9f6fe8ec82ae" outgoingWss="Outflow DEV"><con:settings/><con:encoding>UTF-8</con:encoding><con:endpoint>https://192.168.36.205:8443/services/CivilStatusNotificationService_v1.0</con:endpoint><con:request><![CDATA[<soapenv:Envelope xmlns:soapenv="http://schemas.xmlsoap.org/soap/envelope/" xmlns:v1="http://fidus.brussels/service/civilstatusnotificationservice/messages/v1" xmlns:v11="http://fidus.brussels/type/common/messages/v1">
   <soapenv:Header/>
   <soapenv:Body>
      <v1:getMyMessagesStatusRequest>
         <v1:messageContext>
            <v11:messageId>${=import static java.util.UUID.randomUUID; uuid = randomUUID() as String}</v11:messageId>
            <v11:timestamp>${=new java.text.SimpleDateFormat("yyyy-MM-dd'T'HH:mm:ss.SSS").format(new Date())}</v11:timestamp>
         </v1:messageContext>
         <v1:legalContext>None</v1:legalContext>
         <v1:language>fr</v1:language>
         <v1:request>
            <!--Optional:-->
            <from>2016-06-18T17:20:14.449</from>
            <!--Optional:-->
            <to>2019-06-18T17:20:14.449</to>
            <!--Optional:-->
            <withClosed>true</withClosed>
            <!--Optional:-->
            <messageId>1273</messageId>
            <notificationId>2667</notificationId>
         </v1:request>
      </v1:getMyMessagesStatusRequest>
   </soapenv:Body>
</soapenv:Envelope>]]></con:request><con:assertion type="SOAP Fault Assertion" id="405a6891-1c2e-46d0-b3d4-640e5671d46f" name="Not SOAP Fault"/><con:assertion type="SOAP Response" id="d927d7a4-d15c-4fa1-9f48-2549b93927a0" name="SOAP Response"/><con:assertion type="Schema Compliance" id="b310e062-4e2c-4d5c-8134-84a609932232" name="Schema Compliance"><con:configuration/></con:assertion><con:wsaConfig action="http://fidus.brussels/service/civilstatusnotificationservice/getMyMessagesStatus"/></con:request></con:config></con:testStep><con:properties/></con:testCase><con:testCase id="d6a8740f-fbf1-4a11-ba89-45d7aa4f990f" failOnError="true" failTestCaseOnErrors="true" keepSession="false" maxResults="0" name="getNotifications" searchProperties="true"><con:settings/><con:testStep type="request" id="895bc92c-f5ba-403e-928b-80d3016e2a4b" name="testcase2- DEV - Request2"><con:settings/><con:config xsi:type="con:RequestStep" xmlns:xsi="http://www.w3.org/2001/XMLSchema-instance"><con:interface>CivilStatusNotificationService_v1.0Soap11Binding</con:interface><con:operation>getNotifications</con:operation><con:request name="testcase2- DEV - Request2" id="de04b5fd-18e9-420e-9a6b-11a6500df56b" outgoingWss="Outflow DEV"><con:settings/><con:encoding>UTF-8</con:encoding><con:endpoint>https://192.168.24.45:8443/services/CivilStatusNotificationService_v1.0</con:endpoint><con:request><![CDATA[<soapenv:Envelope xmlns:soapenv="http://schemas.xmlsoap.org/soap/envelope/" xmlns:v1="http://fidus.brussels/service/civilstatusnotificationservice/messages/v1" xmlns:v11="http://fidus.brussels/type/common/messages/v1">
   <soapenv:Header/>
   <soapenv:Body>
      <v1:getNotificationsRequest>
         <v1:messageContext>
            <v11:messageId>${=import static java.util.UUID.randomUUID; uuid = randomUUID() as String}</v11:messageId>
            <!--Optional:-->
            <v11:timestamp>${=new java.text.SimpleDateFormat("yyyy-MM-dd'T'HH:mm:ss.SSS").format(new Date())}</v11:timestamp>
         </v1:messageContext>
         <v1:legalContext>None</v1:legalContext>
         <v1:language>fr</v1:language>
         <v1:request>
             <!--Optional:-->
            <from>2016-06-18T17:20:14.449</from>
            <!--Optional:-->
            <to>2019-06-18T17:20:14.449</to>
            <!--Optional:-->
            <messageId>1273</messageId>
            <!--Optional:-->
            <notificationId>2667</notificationId>
            <!--Optional:-->
            <niscode>10500</niscode>
         </v1:request>
      </v1:getNotificationsRequest>
   </soapenv:Body>
</soapenv:Envelope>]]></con:request><con:assertion type="SOAP Fault Assertion" id="5d9b349b-3928-48aa-996a-04b53bd25e5f" name="Not SOAP Fault"/><con:assertion type="SOAP Response" id="773c3d1c-b5ee-418e-9211-843332bb421d" name="SOAP Response"/><con:assertion type="Schema Compliance" id="4c8cb37e-365f-4752-9696-b599bfd6c20e" name="Schema Compliance"><con:configuration/></con:assertion><con:wsaConfig action="http://fidus.brussels/service/civilstatusnotificationservice/getNotifications"/></con:request></con:config></con:testStep><con:properties/></con:testCase><con:testCase id="0b2217c5-ee7e-462d-bf3f-d8d4bea299bc" failOnError="true" failTestCaseOnErrors="true" keepSession="false" maxResults="0" name="modifyMessageStatus" searchProperties="true"><con:settings/><con:testStep type="request" id="2d05c4cb-f0e8-4481-9f0e-d59f0cfbb9ac" name="testcase2- DEV  - Request"><con:settings/><con:config xsi:type="con:RequestStep" xmlns:xsi="http://www.w3.org/2001/XMLSchema-instance"><con:interface>CivilStatusNotificationService_v1.0Soap11Binding</con:interface><con:operation>modifyMessageStatus</con:operation><con:request name="testcase2- DEV  - Request" id="9206316e-7878-45cf-a1c2-6ed54334f9d2" outgoingWss="Outflow DEV"><con:settings/><con:encoding>UTF-8</con:encoding><con:endpoint>https://192.168.36.205:8443/services/CivilStatusNotificationService_v1.0</con:endpoint><con:request><![CDATA[<soapenv:Envelope xmlns:soapenv="http://schemas.xmlsoap.org/soap/envelope/" xmlns:v1="http://fidus.brussels/service/civilstatusnotificationservice/messages/v1" xmlns:v11="http://fidus.brussels/type/common/messages/v1">
   <soapenv:Header/>
   <soapenv:Body>
      <v1:modifyMessageStatusRequest>
            <v1:messageContext>
            <v11:messageId>${=import static java.util.UUID.randomUUID; uuid = randomUUID() as String}</v11:messageId>
            <v11:timestamp>${=new java.text.SimpleDateFormat("yyyy-MM-dd'T'HH:mm:ss.SSS").format(new Date())}</v11:timestamp>
         </v1:messageContext>
          <v1:legalContext>None</v1:legalContext>
          <v1:language>fr</v1:language>
         <v1:request>
            <!--Optional:-->
            <notificationId>123</notificationId>
            <!--Optional:-->
            <status>CREATED</status>
         </v1:request>
      </v1:modifyMessageStatusRequest>
   </soapenv:Body>
</soapenv:Envelope>]]></con:request><con:assertion type="SOAP Fault Assertion" id="5b45ae7f-ab2e-499f-aee8-5673e68a8154" name="Not SOAP Fault"/><con:assertion type="SOAP Response" id="55cdb077-8aa9-433e-b03f-f2f7bb02e053" name="SOAP Response"/><con:assertion type="Schema Compliance" id="b47f2021-9551-4b79-b70f-2f07662ebf93" name="Schema Compliance"><con:configuration/></con:assertion><con:wsaConfig action="http://fidus.brussels/service/civilstatusnotificationservice/modifyMessageStatus"/></con:request></con:config></con:testStep><con:properties/></con:testCase><con:properties/></con:testSuite><con:testSuite id="5396747c-cc2f-4398-90da-8d120ea9e1dd" name="TEST"><con:settings/><con:runType>SEQUENTIAL</con:runType><con:testCase id="38649762-28e3-49bf-b24b-7fed2f31d9d1" failOnError="true" failTestCaseOnErrors="true" keepSession="false" maxResults="0" name="createNotification" searchProperties="true"><con:settings/><con:testStep type="request" id="f7b81afa-1358-429f-9418-fd5e553af8f9" name="testcase3- TEST - External - Request"><con:settings/><con:config xsi:type="con:RequestStep" xmlns:xsi="http://www.w3.org/2001/XMLSchema-instance"><con:interface>CivilStatusNotificationService_v1.0Soap11Binding</con:interface><con:operation>createNotification</con:operation><con:request name="testcase3- TEST - External - Request" id="a95e5ca6-8169-41ec-bf0c-d9592f7936b2" outgoingWss="Outflow TEST"><con:settings/><con:encoding>UTF-8</con:encoding><con:endpoint>https://fidus-test.irisnetlab.be/services/CivilStatusNotificationService_v1.0</con:endpoint><con:request><![CDATA[<soapenv:Envelope xmlns:soapenv="http://schemas.xmlsoap.org/soap/envelope/" xmlns:core="http://www.fgov.be/dabs/core" xmlns:v1="http://fidus.brussels/service/civilstatusnotificationservice/messages/v1" xmlns:v11="http://fidus.brussels/type/common/messages/v1">
   <soapenv:Header/>
   <soapenv:Body>
      <v1:createNotificationRequest>
         <v1:messageContext>
            <v11:messageId>${=import static java.util.UUID.randomUUID; uuid = randomUUID() as String}</v11:messageId>
            <v11:timestamp>${=new java.text.SimpleDateFormat("yyyy-MM-dd'T'HH:mm:ss.SSS").format(new Date())}</v11:timestamp>
         </v1:messageContext>
         <v1:legalContext>None</v1:legalContext>
         <v1:language>fr</v1:language>
         <v1:request>
            <notification>
               <!--Optional:-->
               <id>2662</id>
            <!--Optional:-->
            <creationDate>${=new java.text.SimpleDateFormat("yyyy-MM-dd'T'HH:mm:ss.SSS").format(new Date())}</creationDate>
            <destination>01050</destination>
            <!--Optional:-->
            <generatedby>23025</generatedby>
               <!--Optional:-->
               <message xsi:type="core:textMessage" xmlns:xsi="http://www.w3.org/2001/XMLSchema-instance">
               <!--Optional:
                  <id>1111111</id>-->
               <!--Optional:-->
               <status>CREATED</status>
               <!--Optional:-->
               <statusDate>${=new java.text.SimpleDateFormat("yyyy-MM-dd'T'HH:mm:ss.SSS").format(new Date())}</statusDate>
               <!--Optional:
                  <docReference>123</docReference>-->
               <messageTextType>TEXT_COMMUNICATION</messageTextType>
               <messageTextTitle>bla bla</messageTextTitle>
               <messageTextContent>M bla bla bla</messageTextContent>
               </message>
            </notification>
         </v1:request>
      </v1:createNotificationRequest>
   </soapenv:Body>
</soapenv:Envelope>]]></con:request><con:assertion type="SOAP Fault Assertion" id="60cd9488-b36c-48d1-82aa-d6152351a167" name="Not SOAP Fault"/><con:assertion type="SOAP Response" id="1fbb0e5a-1161-479b-bc4e-0b5dc4a02b89" name="SOAP Response"/><con:assertion type="Schema Compliance" id="0e76a853-b07d-4806-a3c1-0e2e1668a586" name="Schema Compliance"><con:configuration/></con:assertion><con:wsaConfig action="http://fidus.brussels/service/civilstatusnotificationservice/createNotification"/></con:request></con:config></con:testStep><con:testStep type="request" id="a499a57a-9154-40eb-a16b-9dc68b27b866" name="testcase3- TEST - LB - Request"><con:settings/><con:config xsi:type="con:RequestStep" xmlns:xsi="http://www.w3.org/2001/XMLSchema-instance"><con:interface>CivilStatusNotificationService_v1.0Soap11Binding</con:interface><con:operation>createNotification</con:operation><con:request name="testcase3- TEST - LB - Request" id="465d0490-0a52-4c84-91c6-87bda960ea12" outgoingWss="Outflow TEST"><con:settings/><con:encoding>UTF-8</con:encoding><con:endpoint>https://esb-security-gw.sta.srv.cirb.lan:8443/services/CivilStatusNotificationService_v1.0</con:endpoint><con:request><![CDATA[<soapenv:Envelope xmlns:soapenv="http://schemas.xmlsoap.org/soap/envelope/" xmlns:core="http://www.fgov.be/dabs/core" xmlns:v1="http://fidus.brussels/service/civilstatusnotificationservice/messages/v1" xmlns:v11="http://fidus.brussels/type/common/messages/v1">
   <soapenv:Header/>
   <soapenv:Body>
      <v1:createNotificationRequest>
         <v1:messageContext>
            <v11:messageId>${=import static java.util.UUID.randomUUID; uuid = randomUUID() as String}</v11:messageId>
            <v11:timestamp>${=new java.text.SimpleDateFormat("yyyy-MM-dd'T'HH:mm:ss.SSS").format(new Date())}</v11:timestamp>
         </v1:messageContext>
         <v1:legalContext>None</v1:legalContext>
         <v1:language>fr</v1:language>
         <v1:request>
            <notification>
               <!--Optional:-->
               <id>2662</id>
            <!--Optional:-->
            <creationDate>${=new java.text.SimpleDateFormat("yyyy-MM-dd'T'HH:mm:ss.SSS").format(new Date())}</creationDate>
            <destination>01050</destination>
            <!--Optional:-->
            <generatedby>23025</generatedby>
               <!--Optional:-->
               <message xsi:type="core:textMessage" xmlns:xsi="http://www.w3.org/2001/XMLSchema-instance">
               <!--Optional:
                  <id>1111111</id>-->
               <!--Optional:-->
               <status>CREATED</status>
               <!--Optional:-->
               <statusDate>${=new java.text.SimpleDateFormat("yyyy-MM-dd'T'HH:mm:ss.SSS").format(new Date())}</statusDate>
               <!--Optional:
                  <docReference>123</docReference>-->
               <messageTextType>TEXT_COMMUNICATION</messageTextType>
               <messageTextTitle>bla bla</messageTextTitle>
               <messageTextContent>M bla bla bla</messageTextContent>
               </message>
            </notification>
         </v1:request>
      </v1:createNotificationRequest>
   </soapenv:Body>
</soapenv:Envelope>]]></con:request><con:assertion type="SOAP Fault Assertion" id="bd23b23f-91aa-4b51-a86c-2503f6a22e06" name="Not SOAP Fault"/><con:assertion type="SOAP Response" id="f5d313f4-269f-41e0-970c-ef1de6928999" name="SOAP Response"/><con:assertion type="Schema Compliance" id="c35684ba-c948-45f4-ae71-dc3ef5669de2" name="Schema Compliance"><con:configuration/></con:assertion><con:wsaConfig action="http://fidus.brussels/service/civilstatusnotificationservice/createNotification"/></con:request></con:config></con:testStep><con:testStep type="request" id="f27a70f2-1ee3-40f5-a75b-91ba39abc873" name="testcase3- TEST - Worker 1  - Request"><con:settings/><con:config xsi:type="con:RequestStep" xmlns:xsi="http://www.w3.org/2001/XMLSchema-instance"><con:interface>CivilStatusNotificationService_v1.0Soap11Binding</con:interface><con:operation>createNotification</con:operation><con:request name="testcase3- TEST - Worker 1  - Request" id="dc0a01e4-735b-4f87-99f2-6d6c6193dc06" outgoingWss="Outflow TEST"><con:settings/><con:encoding>UTF-8</con:encoding><con:endpoint>https://192.168.24.45:8443/services/CivilStatusNotificationService_v1.0</con:endpoint><con:request><![CDATA[<soapenv:Envelope xmlns:soapenv="http://schemas.xmlsoap.org/soap/envelope/" xmlns:core="http://www.fgov.be/dabs/core" xmlns:v1="http://fidus.brussels/service/civilstatusnotificationservice/messages/v1" xmlns:v11="http://fidus.brussels/type/common/messages/v1">
   <soapenv:Header/>
   <soapenv:Body>
      <v1:createNotificationRequest>
         <v1:messageContext>
            <v11:messageId>${=import static java.util.UUID.randomUUID; uuid = randomUUID() as String}</v11:messageId>
            <v11:timestamp>${=new java.text.SimpleDateFormat("yyyy-MM-dd'T'HH:mm:ss.SSS").format(new Date())}</v11:timestamp>
         </v1:messageContext>
         <v1:legalContext>ServiceIntegrator</v1:legalContext>
         <v1:language>fr</v1:language>
         <v1:request>
            <notification>
               <!--Optional:-->
            <!--Optional:-->
            <creationDate>${=new java.text.SimpleDateFormat("yyyy-MM-dd'T'HH:mm:ss.SSS").format(new Date())}</creationDate>
            <destination>01050</destination>
            <!--Optional:-->
            <generatedby>23025</generatedby>
               <!--Optional:-->
               <message xsi:type="core:textMessage" xmlns:xsi="http://www.w3.org/2001/XMLSchema-instance">
               <!--Optional:
                  <id>1111111</id>-->
               <!--Optional:-->
               <status>CREATED</status>
               <!--Optional:-->
               <statusDate>${=new java.text.SimpleDateFormat("yyyy-MM-dd'T'HH:mm:ss.SSS").format(new Date())}</statusDate>
               <!--Optional:
                  <docReference>123</docReference>-->
               <messageTextType>TEXT_COMMUNICATION</messageTextType>
               <messageTextTitle>bla bla</messageTextTitle>
               <messageTextContent>M bla bla bla</messageTextContent>
               </message>
            </notification>
         </v1:request>
      </v1:createNotificationRequest>
   </soapenv:Body>
</soapenv:Envelope>]]></con:request><con:assertion type="SOAP Fault Assertion" id="c585b9bb-46f1-4185-bd85-8f2c68c2532c" name="Not SOAP Fault"/><con:assertion type="SOAP Response" id="7cbf1b43-076a-4a33-9ea4-ba908760817b" name="SOAP Response"/><con:assertion type="Schema Compliance" id="f6d82164-e406-4b1a-b927-d88b1656fce4" name="Schema Compliance"><con:configuration/></con:assertion><con:wsaConfig action="http://fidus.brussels/service/civilstatusnotificationservice/createNotification"/></con:request></con:config></con:testStep><con:testStep type="request" id="8991d278-19d2-4207-8b57-c9a860b8d414" name="testcase3- TEST - Worker 2  - Request"><con:settings/><con:config xsi:type="con:RequestStep" xmlns:xsi="http://www.w3.org/2001/XMLSchema-instance"><con:interface>CivilStatusNotificationService_v1.0Soap11Binding</con:interface><con:operation>createNotification</con:operation><con:request name="testcase3- TEST - Worker 2  - Request" id="2631e823-dc67-4d1c-a47e-4bceaa3b5f7c" outgoingWss="Outflow TEST"><con:settings/><con:encoding>UTF-8</con:encoding><con:endpoint>https://192.168.24.51:8443/services/CivilStatusNotificationService_v1.0</con:endpoint><con:request><![CDATA[<soapenv:Envelope xmlns:soapenv="http://schemas.xmlsoap.org/soap/envelope/" xmlns:core="http://www.fgov.be/dabs/core" xmlns:v1="http://fidus.brussels/service/civilstatusnotificationservice/messages/v1" xmlns:v11="http://fidus.brussels/type/common/messages/v1">
   <soapenv:Header/>
   <soapenv:Body>
      <v1:createNotificationRequest>
         <v1:messageContext>
            <v11:messageId>${=import static java.util.UUID.randomUUID; uuid = randomUUID() as String}</v11:messageId>
            <v11:timestamp>${=new java.text.SimpleDateFormat("yyyy-MM-dd'T'HH:mm:ss.SSS").format(new Date())}</v11:timestamp>
         </v1:messageContext>
         <v1:legalContext>None</v1:legalContext>
         <v1:language>fr</v1:language>
         <v1:request>
            <notification>
               <!--Optional:-->
               <id>2662</id>
            <!--Optional:-->
            <creationDate>${=new java.text.SimpleDateFormat("yyyy-MM-dd'T'HH:mm:ss.SSS").format(new Date())}</creationDate>
            <destination>01050</destination>
            <!--Optional:-->
            <generatedby>23025</generatedby>
               <!--Optional:-->
               <message xsi:type="core:textMessage" xmlns:xsi="http://www.w3.org/2001/XMLSchema-instance">
               <!--Optional:
                  <id>1111111</id>-->
               <!--Optional:-->
               <status>CREATED</status>
               <!--Optional:-->
               <statusDate>${=new java.text.SimpleDateFormat("yyyy-MM-dd'T'HH:mm:ss.SSS").format(new Date())}</statusDate>
               <!--Optional:
                  <docReference>123</docReference>-->
               <messageTextType>TEXT_COMMUNICATION</messageTextType>
               <messageTextTitle>bla bla</messageTextTitle>
               <messageTextContent>M bla bla bla</messageTextContent>
               </message>
            </notification>
         </v1:request>
      </v1:createNotificationRequest>
   </soapenv:Body>
</soapenv:Envelope>]]></con:request><con:assertion type="SOAP Fault Assertion" id="8eff1f75-510b-4b52-afe8-1fddf8947dc9" name="Not SOAP Fault"/><con:assertion type="SOAP Response" id="a52d9775-9b2e-4bb0-a24e-e065674a5dd4" name="SOAP Response"/><con:assertion type="Schema Compliance" id="cc0fa904-cd1b-4c59-9690-e7699c27eb87" name="Schema Compliance"><con:configuration/></con:assertion><con:wsaConfig action="http://fidus.brussels/service/civilstatusnotificationservice/createNotification"/></con:request></con:config></con:testStep><con:properties/></con:testCase><con:testCase id="3a689f38-eec2-4786-a0cd-9257816b68c7" failOnError="true" failTestCaseOnErrors="true" keepSession="false" maxResults="0" name="getMyMessagesStatus" searchProperties="true"><con:settings/><con:testStep type="request" id="f59db6b8-eb97-4996-b037-158abc879947" name="testcase3- TEST - External  - Request"><con:settings/><con:config xsi:type="con:RequestStep" xmlns:xsi="http://www.w3.org/2001/XMLSchema-instance"><con:interface>CivilStatusNotificationService_v1.0Soap11Binding</con:interface><con:operation>getMyMessagesStatus</con:operation><con:request name="testcase3- TEST - External  - Request" id="f99e8ca6-2ec4-4923-a113-5a46bbc2104b" outgoingWss="Outflow TEST"><con:settings/><con:encoding>UTF-8</con:encoding><con:endpoint>https://fidus-test.irisnetlab.be/services/CivilStatusNotificationService_v1.0</con:endpoint><con:request><![CDATA[<soapenv:Envelope xmlns:soapenv="http://schemas.xmlsoap.org/soap/envelope/" xmlns:v1="http://fidus.brussels/service/civilstatusnotificationservice/messages/v1" xmlns:v11="http://fidus.brussels/type/common/messages/v1">
   <soapenv:Header/>
   <soapenv:Body>
      <v1:getMyMessagesStatusRequest>
         <v1:messageContext>
            <v11:messageId>${=import static java.util.UUID.randomUUID; uuid = randomUUID() as String}</v11:messageId>
            <v11:timestamp>${=new java.text.SimpleDateFormat("yyyy-MM-dd'T'HH:mm:ss.SSS").format(new Date())}</v11:timestamp>
         </v1:messageContext>
         <v1:legalContext>None</v1:legalContext>
         <v1:language>fr</v1:language>
         <v1:request>
            <!--Optional:-->
            <from>2016-06-18T17:20:14.449</from>
            <!--Optional:-->
            <to>2019-06-18T17:20:14.449</to>
            <!--Optional:-->
            <withClosed>true</withClosed>
            <!--Optional:-->
            <messageId>1273</messageId>
            <notificationId>2667</notificationId>
         </v1:request>
      </v1:getMyMessagesStatusRequest>
   </soapenv:Body>
</soapenv:Envelope>]]></con:request><con:assertion type="SOAP Fault Assertion" id="f2a1afe8-34a3-4426-921a-76416b25481e" name="Not SOAP Fault"/><con:assertion type="SOAP Response" id="4eb3144f-c14d-494f-a927-b1fa210fb5ee" name="SOAP Response"/><con:assertion type="Schema Compliance" id="8c24bab6-46fe-4be5-b0e6-a6fc1654b6dc" name="Schema Compliance"><con:configuration/></con:assertion><con:wsaConfig action="http://fidus.brussels/service/civilstatusnotificationservice/getMyMessagesStatus"/></con:request></con:config></con:testStep><con:testStep type="request" id="23428bb4-dcab-4170-83de-e6a441e25636" name="testcase3- TEST - LB  - Request"><con:settings/><con:config xsi:type="con:RequestStep" xmlns:xsi="http://www.w3.org/2001/XMLSchema-instance"><con:interface>CivilStatusNotificationService_v1.0Soap11Binding</con:interface><con:operation>getMyMessagesStatus</con:operation><con:request name="testcase3- TEST - LB  - Request" id="8d1192ac-eb50-4cf8-b8ae-12737ddc6ef6" outgoingWss="Outflow TEST"><con:settings/><con:encoding>UTF-8</con:encoding><con:endpoint>https://esb-security-gw.sta.srv.cirb.lan:8443/services/CivilStatusNotificationService_v1.0</con:endpoint><con:request><![CDATA[<soapenv:Envelope xmlns:soapenv="http://schemas.xmlsoap.org/soap/envelope/" xmlns:v1="http://fidus.brussels/service/civilstatusnotificationservice/messages/v1" xmlns:v11="http://fidus.brussels/type/common/messages/v1">
   <soapenv:Header/>
   <soapenv:Body>
      <v1:getMyMessagesStatusRequest>
         <v1:messageContext>
            <v11:messageId>${=import static java.util.UUID.randomUUID; uuid = randomUUID() as String}</v11:messageId>
            <v11:timestamp>${=new java.text.SimpleDateFormat("yyyy-MM-dd'T'HH:mm:ss.SSS").format(new Date())}</v11:timestamp>
         </v1:messageContext>
         <v1:legalContext>None</v1:legalContext>
         <v1:language>fr</v1:language>
         <v1:request>
            <!--Optional:-->
            <from>2016-06-18T17:20:14.449</from>
            <!--Optional:-->
            <to>2019-06-18T17:20:14.449</to>
            <!--Optional:-->
            <withClosed>true</withClosed>
            <!--Optional:-->
            <messageId>1273</messageId>
            <notificationId>2667</notificationId>
         </v1:request>
      </v1:getMyMessagesStatusRequest>
   </soapenv:Body>
</soapenv:Envelope>]]></con:request><con:assertion type="SOAP Fault Assertion" id="7b02d69b-bc64-4d4e-b010-8ce23f0fc939" name="Not SOAP Fault"/><con:assertion type="SOAP Response" id="8a777f4e-831a-49ae-bcb5-e33ea8dde329" name="SOAP Response"/><con:assertion type="Schema Compliance" id="8a5a62f8-a352-4784-a1fe-3b4afb30b8ae" name="Schema Compliance"><con:configuration/></con:assertion><con:wsaConfig action="http://fidus.brussels/service/civilstatusnotificationservice/getMyMessagesStatus"/></con:request></con:config></con:testStep><con:testStep type="request" id="a748c0a0-d6be-45d4-b0bf-abb08afaafe5" name="testcase3- TEST - Worker 1 - Request"><con:settings/><con:config xsi:type="con:RequestStep" xmlns:xsi="http://www.w3.org/2001/XMLSchema-instance"><con:interface>CivilStatusNotificationService_v1.0Soap11Binding</con:interface><con:operation>getMyMessagesStatus</con:operation><con:request name="testcase3- TEST - Worker 1 - Request" id="61fd7620-a4c4-449c-98f0-c1de92d6f4ce" outgoingWss="Outflow TEST"><con:settings/><con:encoding>UTF-8</con:encoding><con:endpoint>https://192.168.24.45:8443/services/CivilStatusNotificationService_v1.0</con:endpoint><con:request><![CDATA[<soapenv:Envelope xmlns:soapenv="http://schemas.xmlsoap.org/soap/envelope/" xmlns:v1="http://fidus.brussels/service/civilstatusnotificationservice/messages/v1" xmlns:v11="http://fidus.brussels/type/common/messages/v1">
   <soapenv:Header/>
   <soapenv:Body>
      <v1:getMyMessagesStatusRequest>
         <v1:messageContext>
            <v11:messageId>${=import static java.util.UUID.randomUUID; uuid = randomUUID() as String}</v11:messageId>
            <v11:timestamp>${=new java.text.SimpleDateFormat("yyyy-MM-dd'T'HH:mm:ss.SSS").format(new Date())}</v11:timestamp>
         </v1:messageContext>
         <v1:legalContext>ServiceIntegrator</v1:legalContext>
         <v1:language>fr</v1:language>
         <v1:request>
            <from>2016-06-18T17:20:14.449</from>
            <to>2019-06-18T17:20:14.449</to>
         </v1:request>
      </v1:getMyMessagesStatusRequest>
   </soapenv:Body>
</soapenv:Envelope>]]></con:request><con:assertion type="SOAP Fault Assertion" id="05c23f73-6100-4c22-8ee2-7e9b0e97fb1c" name="Not SOAP Fault"/><con:assertion type="SOAP Response" id="70cc37de-bac0-487d-9a34-e4cb62520c11" name="SOAP Response"/><con:assertion type="Schema Compliance" id="73a61f47-309a-4eba-9334-2b4e3da561be" name="Schema Compliance"><con:configuration/></con:assertion><con:wsaConfig action="http://fidus.brussels/service/civilstatusnotificationservice/getMyMessagesStatus"/></con:request></con:config></con:testStep><con:testStep type="request" id="c0215359-b71f-4006-a279-aaa90029eb11" name="testcase3- TEST - Worker 2 - Request"><con:settings/><con:config xsi:type="con:RequestStep" xmlns:xsi="http://www.w3.org/2001/XMLSchema-instance"><con:interface>CivilStatusNotificationService_v1.0Soap11Binding</con:interface><con:operation>getMyMessagesStatus</con:operation><con:request name="testcase3- TEST - Worker 2 - Request" id="76f23f12-8e37-478c-afd2-35e6056fa257" outgoingWss="Outflow TEST"><con:settings/><con:encoding>UTF-8</con:encoding><con:endpoint>https://192.168.24.51:8443/services/CivilStatusNotificationService_v1.0</con:endpoint><con:request><![CDATA[<soapenv:Envelope xmlns:soapenv="http://schemas.xmlsoap.org/soap/envelope/" xmlns:v1="http://fidus.brussels/service/civilstatusnotificationservice/messages/v1" xmlns:v11="http://fidus.brussels/type/common/messages/v1">
   <soapenv:Header/>
   <soapenv:Body>
      <v1:getMyMessagesStatusRequest>
         <v1:messageContext>
            <v11:messageId>${=import static java.util.UUID.randomUUID; uuid = randomUUID() as String}</v11:messageId>
            <v11:timestamp>${=new java.text.SimpleDateFormat("yyyy-MM-dd'T'HH:mm:ss.SSS").format(new Date())}</v11:timestamp>
         </v1:messageContext>
         <v1:legalContext>None</v1:legalContext>
         <v1:language>fr</v1:language>
         <v1:request>
            <!--Optional:-->
            <from>2016-06-18T17:20:14.449</from>
            <!--Optional:-->
            <to>2019-06-18T17:20:14.449</to>
            <!--Optional:-->
            <withClosed>true</withClosed>
            <!--Optional:-->
            <messageId>1273</messageId>
            <notificationId>2667</notificationId>
         </v1:request>
      </v1:getMyMessagesStatusRequest>
   </soapenv:Body>
</soapenv:Envelope>]]></con:request><con:assertion type="SOAP Fault Assertion" id="10b005ce-46d8-42e5-93f1-6a384c0333dd" name="Not SOAP Fault"/><con:assertion type="SOAP Response" id="b4f932de-88c4-47fe-8883-303579275178" name="SOAP Response"/><con:assertion type="Schema Compliance" id="fa844df9-22fe-4003-9146-ca05cfa746eb" name="Schema Compliance"><con:configuration/></con:assertion><con:wsaConfig action="http://fidus.brussels/service/civilstatusnotificationservice/getMyMessagesStatus"/></con:request></con:config></con:testStep><con:properties/></con:testCase><con:testCase id="57d32cc0-f0b3-47bf-af6b-cc26cf009bba" failOnError="true" failTestCaseOnErrors="true" keepSession="false" maxResults="0" name="getNotifications" searchProperties="true"><con:settings/><con:testStep type="request" id="5cde7698-0ffa-4dde-8a3b-a3085bbea2fb" name="testcase3 - TEST - External  - Request"><con:settings/><con:config xsi:type="con:RequestStep" xmlns:xsi="http://www.w3.org/2001/XMLSchema-instance"><con:interface>CivilStatusNotificationService_v1.0Soap11Binding</con:interface><con:operation>getNotifications</con:operation><con:request name="testcase3 - TEST - External  - Request" id="3a1561f6-4cca-4391-b4a0-d4a1762bc83c" outgoingWss="Outflow TEST"><con:settings/><con:encoding>UTF-8</con:encoding><con:endpoint>https://fidus-test.irisnetlab.be/services/CivilStatusNotificationService_v1.0</con:endpoint><con:request><![CDATA[<soapenv:Envelope xmlns:soapenv="http://schemas.xmlsoap.org/soap/envelope/" xmlns:v1="http://fidus.brussels/service/civilstatusnotificationservice/messages/v1" xmlns:v11="http://fidus.brussels/type/common/messages/v1">
   <soapenv:Header/>
   <soapenv:Body>
      <v1:getNotificationsRequest>
         <v1:messageContext>
            <v11:messageId>${=import static java.util.UUID.randomUUID; uuid = randomUUID() as String}</v11:messageId>
            <!--Optional:-->
            <v11:timestamp>${=new java.text.SimpleDateFormat("yyyy-MM-dd'T'HH:mm:ss.SSS").format(new Date())}</v11:timestamp>
         </v1:messageContext>
         <v1:legalContext>None</v1:legalContext>
         <v1:language>fr</v1:language>
         <v1:request>
             <!--Optional:-->
            <from>2016-06-18T17:20:14.449</from>
            <!--Optional:-->
            <to>2019-06-18T17:20:14.449</to>
            <!--Optional:-->
            <messageId>1273</messageId>
            <!--Optional:-->
            <notificationId>2667</notificationId>
            <!--Optional:-->
            <niscode>10500</niscode>
         </v1:request>
      </v1:getNotificationsRequest>
   </soapenv:Body>
</soapenv:Envelope>]]></con:request><con:assertion type="SOAP Fault Assertion" id="ffd507b5-bd7b-4db5-8600-6d1056b69fa1" name="Not SOAP Fault"/><con:assertion type="SOAP Response" id="e55c192e-10a7-4688-93cb-df85928cec76" name="SOAP Response"/><con:assertion type="Schema Compliance" id="a0a3362f-c2c8-48fe-a43a-ccbc9404ac28" name="Schema Compliance"><con:configuration/></con:assertion><con:wsaConfig action="http://fidus.brussels/service/civilstatusnotificationservice/getNotifications"/></con:request></con:config></con:testStep><con:testStep type="request" id="5a350a59-be10-425b-ac34-d71161462576" name="testcase3- TEST - LB  - Request"><con:settings/><con:config xsi:type="con:RequestStep" xmlns:xsi="http://www.w3.org/2001/XMLSchema-instance"><con:interface>CivilStatusNotificationService_v1.0Soap11Binding</con:interface><con:operation>getNotifications</con:operation><con:request name="testcase3- TEST - LB  - Request" id="ac0ec286-7d5b-435a-b0ed-53f0ac8467ee" outgoingWss="Outflow TEST"><con:settings/><con:encoding>UTF-8</con:encoding><con:endpoint>https://esb-security-gw.sta.srv.cirb.lan:8443/services/CivilStatusNotificationService_v1.0</con:endpoint><con:request><![CDATA[<soapenv:Envelope xmlns:soapenv="http://schemas.xmlsoap.org/soap/envelope/" xmlns:v1="http://fidus.brussels/service/civilstatusnotificationservice/messages/v1" xmlns:v11="http://fidus.brussels/type/common/messages/v1">
   <soapenv:Header/>
   <soapenv:Body>
      <v1:getNotificationsRequest>
         <v1:messageContext>
            <v11:messageId>${=import static java.util.UUID.randomUUID; uuid = randomUUID() as String}</v11:messageId>
            <!--Optional:-->
            <v11:timestamp>${=new java.text.SimpleDateFormat("yyyy-MM-dd'T'HH:mm:ss.SSS").format(new Date())}</v11:timestamp>
         </v1:messageContext>
         <v1:legalContext>None</v1:legalContext>
         <v1:language>fr</v1:language>
         <v1:request>
             <!--Optional:-->
            <from>2016-06-18T17:20:14.449</from>
            <!--Optional:-->
            <to>2019-06-18T17:20:14.449</to>
            <!--Optional:-->
            <messageId>1273</messageId>
            <!--Optional:-->
            <notificationId>2667</notificationId>
            <!--Optional:-->
            <niscode>10500</niscode>
         </v1:request>
      </v1:getNotificationsRequest>
   </soapenv:Body>
</soapenv:Envelope>]]></con:request><con:assertion type="SOAP Fault Assertion" id="1c06f0a7-7b08-470b-a2be-aa72708c3d79" name="Not SOAP Fault"/><con:assertion type="SOAP Response" id="ea3c5ba5-f7fc-494a-806e-a7063532b6bb" name="SOAP Response"/><con:assertion type="Schema Compliance" id="c131a481-59d2-4d98-a073-fd3ad908a329" name="Schema Compliance"><con:configuration/></con:assertion><con:wsaConfig action="http://fidus.brussels/service/civilstatusnotificationservice/getNotifications"/></con:request></con:config></con:testStep><con:testStep type="request" id="f94d3f42-a9b0-4eb2-ad60-507a40ee1edf" name="testcase3- TEST - Worker 1  - Request"><con:settings/><con:config xsi:type="con:RequestStep" xmlns:xsi="http://www.w3.org/2001/XMLSchema-instance"><con:interface>CivilStatusNotificationService_v1.0Soap11Binding</con:interface><con:operation>getNotifications</con:operation><con:request name="testcase3- TEST - Worker 1  - Request" id="a48cef97-4a82-4be5-b9ae-0bc0bcb5f48b" outgoingWss="Outflow TEST"><con:settings/><con:encoding>UTF-8</con:encoding><con:endpoint>https://192.168.24.45:8443/services/CivilStatusNotificationService_v1.0</con:endpoint><con:request><![CDATA[<soapenv:Envelope xmlns:soapenv="http://schemas.xmlsoap.org/soap/envelope/" xmlns:v1="http://fidus.brussels/service/civilstatusnotificationservice/messages/v1" xmlns:v11="http://fidus.brussels/type/common/messages/v1">
   <soapenv:Header/>
   <soapenv:Body>
      <v1:getNotificationsRequest>
         <v1:messageContext>
            <v11:messageId>${=import static java.util.UUID.randomUUID; uuid = randomUUID() as String}</v11:messageId>
            <!--Optional:-->
            <v11:timestamp>${=new java.text.SimpleDateFormat("yyyy-MM-dd'T'HH:mm:ss.SSS").format(new Date())}</v11:timestamp>
         </v1:messageContext>
         <v1:legalContext>None</v1:legalContext>
         <v1:language>fr</v1:language>
         <v1:request>
             <!--Optional:-->
            <from>2016-06-18T17:20:14.449</from>
            <!--Optional:-->
            <to>2019-06-18T17:20:14.449</to>
            <!--Optional:-->
            <messageId>1273</messageId>
            <!--Optional:-->
            <notificationId>2667</notificationId>
            <!--Optional:-->
            <niscode>10500</niscode>
         </v1:request>
      </v1:getNotificationsRequest>
   </soapenv:Body>
</soapenv:Envelope>]]></con:request><con:assertion type="SOAP Fault Assertion" id="f971ff6f-60af-4e41-93e2-f3022750b117" name="Not SOAP Fault"/><con:assertion type="SOAP Response" id="bb9df022-d357-40d9-82af-a4338905d749" name="SOAP Response"/><con:assertion type="Schema Compliance" id="061da81b-69c4-4813-a9f5-7be2bf59cc88" name="Schema Compliance"><con:configuration/></con:assertion><con:wsaConfig action="http://fidus.brussels/service/civilstatusnotificationservice/getNotifications"/></con:request></con:config></con:testStep><con:testStep type="request" id="3ed8f144-9f9e-4351-8357-a13b2fcb7c40" name="testcase3- TEST - Worker 2  - Request"><con:settings/><con:config xsi:type="con:RequestStep" xmlns:xsi="http://www.w3.org/2001/XMLSchema-instance"><con:interface>CivilStatusNotificationService_v1.0Soap11Binding</con:interface><con:operation>getNotifications</con:operation><con:request name="testcase3- TEST - Worker 2  - Request" id="93a2b23b-4802-4e37-8044-d69df1e60e82" outgoingWss="Outflow TEST"><con:settings/><con:encoding>UTF-8</con:encoding><con:endpoint>https://192.168.24.51:8443/services/CivilStatusNotificationService_v1.0</con:endpoint><con:request><![CDATA[<soapenv:Envelope xmlns:soapenv="http://schemas.xmlsoap.org/soap/envelope/" xmlns:v1="http://fidus.brussels/service/civilstatusnotificationservice/messages/v1" xmlns:v11="http://fidus.brussels/type/common/messages/v1">
   <soapenv:Header/>
   <soapenv:Body>
      <v1:getNotificationsRequest>
         <v1:messageContext>
            <v11:messageId>${=import static java.util.UUID.randomUUID; uuid = randomUUID() as String}</v11:messageId>
            <!--Optional:-->
            <v11:timestamp>${=new java.text.SimpleDateFormat("yyyy-MM-dd'T'HH:mm:ss.SSS").format(new Date())}</v11:timestamp>
         </v1:messageContext>
         <v1:legalContext>None</v1:legalContext>
         <v1:language>fr</v1:language>
         <v1:request>
             <!--Optional:-->
            <from>2016-06-18T17:20:14.449</from>
            <!--Optional:-->
            <to>2019-06-18T17:20:14.449</to>
            <!--Optional:-->
            <messageId>1273</messageId>
            <!--Optional:-->
            <notificationId>2667</notificationId>
            <!--Optional:-->
            <niscode>10500</niscode>
         </v1:request>
      </v1:getNotificationsRequest>
   </soapenv:Body>
</soapenv:Envelope>]]></con:request><con:assertion type="SOAP Fault Assertion" id="2e17d434-040a-4f46-9958-6c039d82f534" name="Not SOAP Fault"/><con:assertion type="SOAP Response" id="d6a1ea55-9fb2-4a75-b3a2-d44552fcb267" name="SOAP Response"/><con:assertion type="Schema Compliance" id="62dc6dd4-3d1c-4004-91d8-89ddb929acd9" name="Schema Compliance"><con:configuration/></con:assertion><con:wsaConfig action="http://fidus.brussels/service/civilstatusnotificationservice/getNotifications"/></con:request></con:config></con:testStep><con:properties/></con:testCase><con:testCase id="202bd45a-88b7-49a0-bd28-ee2ed0498ef0" failOnError="true" failTestCaseOnErrors="true" keepSession="false" maxResults="0" name="modifyMessageStatus" searchProperties="true"><con:settings/><con:testStep type="request" id="8b8f1066-922f-4e14-b236-887bff6ad053" name="testcase3- TEST - External  - Request"><con:settings/><con:config xsi:type="con:RequestStep" xmlns:xsi="http://www.w3.org/2001/XMLSchema-instance"><con:interface>CivilStatusNotificationService_v1.0Soap11Binding</con:interface><con:operation>modifyMessageStatus</con:operation><con:request name="testcase3- TEST - External  - Request" id="67a97b2c-4c6d-469f-9733-c6e5d8955545" outgoingWss="Outflow TEST"><con:settings/><con:encoding>UTF-8</con:encoding><con:endpoint>https://esb-security-gw.sta.srv.cirb.lan:8443/services/CivilStatusNotificationService_v1.0</con:endpoint><con:request><![CDATA[<soapenv:Envelope xmlns:soapenv="http://schemas.xmlsoap.org/soap/envelope/" xmlns:v1="http://fidus.brussels/service/civilstatusnotificationservice/messages/v1" xmlns:v11="http://fidus.brussels/type/common/messages/v1">
   <soapenv:Header/>
   <soapenv:Body>
      <v1:modifyMessageStatusRequest>
            <v1:messageContext>
            <v11:messageId>${=import static java.util.UUID.randomUUID; uuid = randomUUID() as String}</v11:messageId>
            <v11:timestamp>${=new java.text.SimpleDateFormat("yyyy-MM-dd'T'HH:mm:ss.SSS").format(new Date())}</v11:timestamp>
         </v1:messageContext>
          <v1:legalContext>None</v1:legalContext>
          <v1:language>fr</v1:language>
         <v1:request>
            <!--Optional:-->
            <notificationId>123</notificationId>
            <!--Optional:-->
            <status>CREATED</status>
         </v1:request>
      </v1:modifyMessageStatusRequest>
   </soapenv:Body>
</soapenv:Envelope>]]></con:request><con:assertion type="SOAP Fault Assertion" id="89a5e0aa-6a99-400e-a562-8fda827d2412" name="Not SOAP Fault"/><con:assertion type="SOAP Response" id="61797121-5d19-48e1-a790-302ccad421ce" name="SOAP Response"/><con:assertion type="Schema Compliance" id="4f845129-a9ee-4f4b-b580-2ea817b933bf" name="Schema Compliance"><con:configuration/></con:assertion><con:wsaConfig action="http://fidus.brussels/service/civilstatusnotificationservice/modifyMessageStatus"/></con:request></con:config></con:testStep><con:testStep type="request" id="25004e89-4c02-467a-997f-7650594305af" name="testcase3- TEST - LB  - Request"><con:settings/><con:config xsi:type="con:RequestStep" xmlns:xsi="http://www.w3.org/2001/XMLSchema-instance"><con:interface>CivilStatusNotificationService_v1.0Soap11Binding</con:interface><con:operation>modifyMessageStatus</con:operation><con:request name="testcase3- TEST - LB  - Request" id="05348fe8-5dda-4428-bd89-773fcf15d310" outgoingWss="Outflow TEST"><con:settings/><con:encoding>UTF-8</con:encoding><con:endpoint>https://esb-security-gw.sta.srv.cirb.lan:8443/services/CivilStatusNotificationService_v1.0</con:endpoint><con:request><![CDATA[<soapenv:Envelope xmlns:soapenv="http://schemas.xmlsoap.org/soap/envelope/" xmlns:v1="http://fidus.brussels/service/civilstatusnotificationservice/messages/v1" xmlns:v11="http://fidus.brussels/type/common/messages/v1">
   <soapenv:Header/>
   <soapenv:Body>
      <v1:modifyMessageStatusRequest>
            <v1:messageContext>
            <v11:messageId>${=import static java.util.UUID.randomUUID; uuid = randomUUID() as String}</v11:messageId>
            <v11:timestamp>${=new java.text.SimpleDateFormat("yyyy-MM-dd'T'HH:mm:ss.SSS").format(new Date())}</v11:timestamp>
         </v1:messageContext>
          <v1:legalContext>None</v1:legalContext>
          <v1:language>fr</v1:language>
         <v1:request>
            <!--Optional:-->
            <notificationId>123</notificationId>
            <!--Optional:-->
            <status>CREATED</status>
         </v1:request>
      </v1:modifyMessageStatusRequest>
   </soapenv:Body>
</soapenv:Envelope>]]></con:request><con:assertion type="SOAP Fault Assertion" id="40a74ac4-f1ef-45d5-aeb2-4f0cf0bfb7ff" name="Not SOAP Fault"/><con:assertion type="SOAP Response" id="50a4e838-13a9-44ed-834a-a504ee415cba" name="SOAP Response"/><con:assertion type="Schema Compliance" id="a351b446-5cf3-4309-b152-afb608ba8f23" name="Schema Compliance"><con:configuration/></con:assertion><con:wsaConfig action="http://fidus.brussels/service/civilstatusnotificationservice/modifyMessageStatus"/></con:request></con:config></con:testStep><con:testStep type="request" id="39fca7b6-4cef-49b1-9e01-a40641643ae8" name="testcase3- TEST - Worker 1  - Request"><con:settings/><con:config xsi:type="con:RequestStep" xmlns:xsi="http://www.w3.org/2001/XMLSchema-instance"><con:interface>CivilStatusNotificationService_v1.0Soap11Binding</con:interface><con:operation>modifyMessageStatus</con:operation><con:request name="testcase3- TEST - Worker 1  - Request" id="c633063b-7734-4a02-b174-aff3ca75b9df" outgoingWss="Outflow TEST"><con:settings/><con:encoding>UTF-8</con:encoding><con:endpoint>https://192.168.24.45:8443/services/CivilStatusNotificationService_v1.0</con:endpoint><con:request><![CDATA[<soapenv:Envelope xmlns:soapenv="http://schemas.xmlsoap.org/soap/envelope/" xmlns:v1="http://fidus.brussels/service/civilstatusnotificationservice/messages/v1" xmlns:v11="http://fidus.brussels/type/common/messages/v1">
   <soapenv:Header/>
   <soapenv:Body>
      <v1:modifyMessageStatusRequest>
            <v1:messageContext>
            <v11:messageId>${=import static java.util.UUID.randomUUID; uuid = randomUUID() as String}</v11:messageId>
            <v11:timestamp>${=new java.text.SimpleDateFormat("yyyy-MM-dd'T'HH:mm:ss.SSS").format(new Date())}</v11:timestamp>
         </v1:messageContext>
          <v1:legalContext>None</v1:legalContext>
          <v1:language>fr</v1:language>
         <v1:request>
            <!--Optional:-->
            <notificationId>123</notificationId>
            <!--Optional:-->
            <status>CREATED</status>
         </v1:request>
      </v1:modifyMessageStatusRequest>
   </soapenv:Body>
</soapenv:Envelope>]]></con:request><con:assertion type="SOAP Fault Assertion" id="f77a8073-e1ae-4807-9323-4599847b43f5" name="Not SOAP Fault"/><con:assertion type="SOAP Response" id="6802c350-1b0b-4b3f-b091-4bf20f095962" name="SOAP Response"/><con:assertion type="Schema Compliance" id="e19740c3-5b6c-491c-84b8-128cb421aaf6" name="Schema Compliance"><con:configuration/></con:assertion><con:wsaConfig action="http://fidus.brussels/service/civilstatusnotificationservice/modifyMessageStatus"/></con:request></con:config></con:testStep><con:testStep type="request" id="6b27f691-798f-470a-aa57-d5e6dafea561" name="testcase3- TEST - Worker 2  - Request"><con:settings/><con:config xsi:type="con:RequestStep" xmlns:xsi="http://www.w3.org/2001/XMLSchema-instance"><con:interface>CivilStatusNotificationService_v1.0Soap11Binding</con:interface><con:operation>modifyMessageStatus</con:operation><con:request name="testcase3- TEST - Worker 2  - Request" id="56ced0c0-9c32-4439-97db-f4d81fa1a158" outgoingWss="Outflow TEST"><con:settings/><con:encoding>UTF-8</con:encoding><con:endpoint>https://192.168.24.51:8443/services/CivilStatusNotificationService_v1.0</con:endpoint><con:request><![CDATA[<soapenv:Envelope xmlns:soapenv="http://schemas.xmlsoap.org/soap/envelope/" xmlns:v1="http://fidus.brussels/service/civilstatusnotificationservice/messages/v1" xmlns:v11="http://fidus.brussels/type/common/messages/v1">
   <soapenv:Header/>
   <soapenv:Body>
      <v1:modifyMessageStatusRequest>
            <v1:messageContext>
            <v11:messageId>${=import static java.util.UUID.randomUUID; uuid = randomUUID() as String}</v11:messageId>
            <v11:timestamp>${=new java.text.SimpleDateFormat("yyyy-MM-dd'T'HH:mm:ss.SSS").format(new Date())}</v11:timestamp>
         </v1:messageContext>
          <v1:legalContext>None</v1:legalContext>
          <v1:language>fr</v1:language>
         <v1:request>
            <!--Optional:-->
            <notificationId>123</notificationId>
            <!--Optional:-->
            <status>CREATED</status>
         </v1:request>
      </v1:modifyMessageStatusRequest>
   </soapenv:Body>
</soapenv:Envelope>]]></con:request><con:assertion type="SOAP Fault Assertion" id="17e8c570-15a1-4d83-ba4e-58a529e5a98c" name="Not SOAP Fault"/><con:assertion type="SOAP Response" id="14a8ae84-2d4d-4f87-ac45-811bd105c543" name="SOAP Response"/><con:assertion type="Schema Compliance" id="06e9a59a-66fe-4a09-aaf6-179c1667756c" name="Schema Compliance"><con:configuration/></con:assertion><con:wsaConfig action="http://fidus.brussels/service/civilstatusnotificationservice/modifyMessageStatus"/></con:request></con:config></con:testStep><con:properties/></con:testCase><con:properties/></con:testSuite><con:properties/><con:wssContainer><con:crypto><con:source>data/wso2/keystores/user-rajarshi.jks</con:source><con:password>test@fidus01</con:password><con:type>KEYSTORE</con:type></con:crypto><con:outgoing><con:name>Outflow DEV</con:name></con:outgoing><con:outgoing><con:name>Outflow TEST</con:name><con:entry type="Signature" username="testuser-test.fidus.brussels" password="test@fidus01"><con:configuration><crypto>user-rajarshi.jks</crypto><keyIdentifierType>3</keyIdentifierType><signatureAlgorithm/><signatureCanonicalization/><useSingleCert>true</useSingleCert><digestAlgorithm/><customTokenValueType/><customTokenId/></con:configuration></con:entry><con:entry type="Timestamp"><con:configuration><timeToLive>300000</timeToLive><strictTimestamp>true</strictTimestamp></con:configuration></con:entry></con:outgoing></con:wssContainer><con:oAuth2ProfileContainer/><con:oAuth1ProfileContainer/><con:sensitiveInformation/></con:soapui-project>