<?xml version="1.0" encoding="UTF-8"?>
<con:soapui-project id="a27adfee-0c20-479f-8630-b9d1ab63f1e2" activeEnvironment="Default" name="Client-RegondesService-1.0-soapui-project" resourceRoot="" soapui-version="5.1.3" abortOnError="false" runType="SEQUENTIAL" xmlns:con="http://eviware.com/soapui/config"><con:settings/><con:interface xsi:type="con:WsdlInterface" id="b416e667-662e-4d8d-af78-50393fda8e09" wsaVersion="NONE" name="ExportFromRegondesServiceHTTPBinding" type="wsdl" bindingName="{http://fidus.brussels/service/exportfromregondesservice/v1}ExportFromRegondesServiceHTTPBinding" soapVersion="1_1" anonymous="optional" definition="file:/home/isr/git/parent/exportfromregondesservice/ExportFromRegondesServiceGateway/src/main/resources/wsdl/exportFromRegondesService/1.0.0/ExportFromRegondesService_v1.wsdl" xmlns:xsi="http://www.w3.org/2001/XMLSchema-instance"><con:settings/><con:definitionCache type="TEXT" rootPart="file:/home/isr/git/parent/exportfromregondesservice/ExportFromRegondesServiceGateway/src/main/resources/wsdl/exportFromRegondesService/1.0.0/ExportFromRegondesService_v1.wsdl"><con:part><con:url>file:/home/isr/git/parent/exportfromregondesservice/ExportFromRegondesServiceGateway/src/main/resources/wsdl/exportFromRegondesService/1.0.0/ExportFromRegondesService_v1.wsdl</con:url><con:content><![CDATA[<wsdl:definitions targetNamespace="http://fidus.brussels/service/exportfromregondesservice/v1" name="ExportFromRegondesService" xmlns:soap="http://schemas.xmlsoap.org/wsdl/soap/" xmlns:wsdl="http://schemas.xmlsoap.org/wsdl/" xmlns:xsd="http://www.w3.org/2001/XMLSchema" xmlns:mes="http://fidus.brussels/service/exportfromregondesservice/messages/v1" xmlns:tns="http://fidus.brussels/service/exportfromregondesservice/v1">
  <xsd:annotation>
    <xsd:documentation>ExportFromRegondesService WDSL v1.</xsd:documentation>
  </xsd:annotation>
  <wsdl:types>
    <xsd:schema targetNamespace="http://fidus.brussels/service/exportfromregondesservice/v1" elementFormDefault="qualified">
      <xsd:import namespace="http://fidus.brussels/service/exportfromregondesservice/messages/v1" schemaLocation="messages/exportFromRegondesServiceMessages_v1.xsd"/>
    </xsd:schema>
  </wsdl:types>
  <wsdl:message name="serviceChangeRequestMessage">
    <wsdl:part name="serviceChangeRequest" element="mes:serviceChangeRequest"/>
  </wsdl:message>
  <wsdl:message name="postponedDossierRequestMessage">
    <wsdl:part name="postponedDossierRequest" element="mes:postponedDossierRequest"/>
  </wsdl:message>
  <wsdl:message name="closedDossierRequestMessage">
    <wsdl:part name="closedDossierRequest" element="mes:closedDossierRequest"/>
  </wsdl:message>
  <wsdl:message name="reportOutputResponseMessage">
    <wsdl:part name="reportResponse" element="mes:reportResponse"/>
  </wsdl:message>
  <wsdl:portType name="ExportFromRegondesServicePortType">
    <wsdl:operation name="serviceChange">
      <wsdl:input message="tns:serviceChangeRequestMessage"/>
      <wsdl:output message="tns:reportOutputResponseMessage"/>
    </wsdl:operation>
    <wsdl:operation name="postponedDossier">
      <wsdl:input message="tns:postponedDossierRequestMessage"/>
      <wsdl:output message="tns:reportOutputResponseMessage"/>
    </wsdl:operation>
    <wsdl:operation name="closedDossier">
      <wsdl:input message="tns:closedDossierRequestMessage"/>
      <wsdl:output message="tns:reportOutputResponseMessage"/>
    </wsdl:operation>
  </wsdl:portType>
  <wsdl:binding name="ExportFromRegondesServiceHTTPBinding" type="tns:ExportFromRegondesServicePortType">
    <soap:binding style="document" transport="http://schemas.xmlsoap.org/soap/http"/>
    <wsdl:operation name="closedDossier">
      <soap:operation soapAction="http://fidus.brussels/services/exportfromregondesservice/closedDossier"/>
      <wsdl:input>
        <soap:body use="literal"/>
      </wsdl:input>
      <wsdl:output>
        <soap:body use="literal"/>
      </wsdl:output>
    </wsdl:operation>
    <wsdl:operation name="postponedDossier">
      <soap:operation soapAction="http://fidus.brussels/services/exportfromregondesservice/postponedDossier"/>
      <wsdl:input>
        <soap:body use="literal"/>
      </wsdl:input>
      <wsdl:output>
        <soap:body use="literal"/>
      </wsdl:output>
    </wsdl:operation>
    <wsdl:operation name="serviceChange">
      <soap:operation soapAction="http://fidus.brussels/services/exportfromregondesservice/serviceChange"/>
      <wsdl:input>
        <soap:body use="literal"/>
      </wsdl:input>
      <wsdl:output>
        <soap:body use="literal"/>
      </wsdl:output>
    </wsdl:operation>
  </wsdl:binding>
  <wsdl:service name="ExportFromRegondesService_v1">
    <wsdl:port name="ExportFromRegondesService_v1" binding="tns:ExportFromRegondesServiceHTTPBinding">
      <soap:address location="http://fidus.brussels/services/exportfromregondesservice/v1"/>
    </wsdl:port>
  </wsdl:service>
</wsdl:definitions>]]></con:content><con:type>http://schemas.xmlsoap.org/wsdl/</con:type></con:part><con:part><con:url>file:/home/isr/git/parent/exportfromregondesservice/ExportFromRegondesServiceGateway/src/main/resources/wsdl/exportFromRegondesService/1.0.0/messages/exportFromRegondesServiceMessages_v1.xsd</con:url><con:content><![CDATA[<xsd:schema targetNamespace="http://fidus.brussels/service/exportfromregondesservice/messages/v1" elementFormDefault="qualified" attributeFormDefault="unqualified" version="1.0" xmlns:xsd="http://www.w3.org/2001/XMLSchema" xmlns:cme="http://fidus.brussels/type/common/messages/v1" xmlns:exc="http://fidus.brussels/type/common/exceptions/v1" xmlns:tns="http://fidus.brussels/service/exportfromregondesservice/messages/v1" xmlns:com="http://www.minfin.fgov.be/regondes2/extern/taxservice/common" xmlns:cd="http://www.minfin.fgov.be/regondes2/extern/taxservice/exports/closedDossiers" xmlns:pd="http://www.minfin.fgov.be/regondes2/extern/taxservice/exports/postponedDossiers" xmlns:sc="http://www.minfin.fgov.be/regondes2/extern/taxservice/exports/serviceChanged">
  <xsd:import namespace="http://fidus.brussels/type/common/messages/v1" schemaLocation="baseMessageTypes_v1.xsd"/>
  <xsd:import namespace="http://fidus.brussels/type/common/exceptions/v1" schemaLocation="exceptionTypes_v1.xsd"/>
  <xsd:import namespace="http://www.minfin.fgov.be/regondes2/extern/taxservice/common" schemaLocation="../regondes/Regondes2Common.xsd"/>
  <xsd:import namespace="http://www.minfin.fgov.be/regondes2/extern/taxservice/exports/closedDossiers" schemaLocation="../regondes/Regondes2ExportClosedDossiers.xsd"/>
  <xsd:import namespace="http://www.minfin.fgov.be/regondes2/extern/taxservice/exports/postponedDossiers" schemaLocation="../regondes/Regondes2ExportPostponedDossiers.xsd"/>
  <xsd:import namespace="http://www.minfin.fgov.be/regondes2/extern/taxservice/exports/serviceChanged" schemaLocation="../regondes/Regondes2ExportServiceChanged.xsd"/>
  <xsd:complexType name="GetclosedDossierType">
    <xsd:sequence>
      <xsd:element ref="cd:closedDossier"/>
    </xsd:sequence>
  </xsd:complexType>
  <xsd:complexType name="GetpostponedDossierType">
    <xsd:sequence>
      <xsd:element ref="pd:postponedDossier"/>
    </xsd:sequence>
  </xsd:complexType>
  <xsd:complexType name="GetserviceChangeType">
    <xsd:sequence>
      <xsd:element ref="sc:serviceChange"/>
    </xsd:sequence>
  </xsd:complexType>
  <xsd:complexType name="GetclosedDossierRequestType">
    <xsd:sequence>
      <xsd:element name="messageContext" type="cme:RequestMessageContextType"/>
      <xsd:element name="legalContext" type="cme:LegalContextType"/>
      <xsd:element name="request" type="tns:GetclosedDossierType"/>
    </xsd:sequence>
  </xsd:complexType>
  <xsd:complexType name="GetpostponedDossierRequestType">
    <xsd:sequence>
      <xsd:element name="messageContext" type="cme:RequestMessageContextType"/>
      <xsd:element name="legalContext" type="cme:LegalContextType"/>
      <xsd:element name="request" type="tns:GetpostponedDossierType"/>
    </xsd:sequence>
  </xsd:complexType>
  <xsd:complexType name="GetserviceChangeRequestType">
    <xsd:sequence>
      <xsd:element name="messageContext" type="cme:RequestMessageContextType"/>
      <xsd:element name="legalContext" type="cme:LegalContextType"/>
      <xsd:element name="request" type="tns:GetserviceChangeType"/>
    </xsd:sequence>
  </xsd:complexType>
  <xsd:complexType name="GetReportOutputResponseType">
    <xsd:sequence>
      <xsd:element name="messageContext" type="cme:ResponseMessageContextType"/>
      <xsd:element name="responses" type="tns:ResponsesType" minOccurs="0"/>
      <xsd:element name="exceptions" type="exc:ExceptionsType" minOccurs="0">
        <xsd:annotation>
          <xsd:documentation>Technical errors that occur when processing the message context e.g. insufficient rights.</xsd:documentation>
        </xsd:annotation>
      </xsd:element>
    </xsd:sequence>
  </xsd:complexType>
  <xsd:complexType name="ResponsesType">
    <xsd:sequence>
      <xsd:element name="response" type="tns:ResponseType" minOccurs="1" maxOccurs="1"/>
    </xsd:sequence>
  </xsd:complexType>
  <xsd:complexType name="ResponseType">
    <xsd:sequence>
      <xsd:element ref="com:report" minOccurs="0" maxOccurs="unbounded"/>
      <xsd:element name="exceptions" type="exc:ExceptionsType" minOccurs="0">
        <xsd:annotation>
          <xsd:documentation>Business exceptions that occur when processing the request or response e.g. missing data for a single response element.
						Exceptions at this level may contain back-end specific codes and content.</xsd:documentation>
        </xsd:annotation>
      </xsd:element>
    </xsd:sequence>
  </xsd:complexType>
  <xsd:element name="serviceChangeRequest" type="tns:GetserviceChangeRequestType"/>
  <xsd:element name="postponedDossierRequest" type="tns:GetpostponedDossierRequestType"/>
  <xsd:element name="closedDossierRequest" type="tns:GetclosedDossierRequestType"/>
  <xsd:element name="reportResponse" type="tns:GetReportOutputResponseType"/>
</xsd:schema>]]></con:content><con:type>http://www.w3.org/2001/XMLSchema</con:type></con:part><con:part><con:url>file:/home/isr/git/parent/exportfromregondesservice/ExportFromRegondesServiceGateway/src/main/resources/wsdl/exportFromRegondesService/1.0.0/messages/baseMessageTypes_v1.xsd</con:url><con:content><![CDATA[<xsd:schema targetNamespace="http://fidus.brussels/type/common/messages/v1" elementFormDefault="qualified" attributeFormDefault="unqualified" version="1.0" xmlns:xsd="http://www.w3.org/2001/XMLSchema" xmlns:cmn="http://fidus.brussels/type/common/v1" xmlns:tns="http://fidus.brussels/type/common/messages/v1">
  <!--Unformatted message Id-->
  <xsd:simpleType name="MessageIdType">
    <xsd:restriction base="xsd:string">
      <xsd:minLength value="1"/>
      <xsd:maxLength value="64"/>
    </xsd:restriction>
  </xsd:simpleType>
  <!--National Number of the person. Format depending on the Register-->
  <xsd:simpleType name="PersonNumberType">
    <xsd:restriction base="xsd:string">
      <xsd:pattern value="[0-9][0-9](([0][0-9])|([1][0-2]))(([0-2][0-9])|([3][0-1]))(([0-9]{2}[1-9])|([0-9][1-9][0-9])|([1-9][0-9]{2}))(([0-8][0-9])|([9][0-7]))">
        <xsd:annotation>
          <xsd:documentation>National Register format</xsd:documentation>
        </xsd:annotation>
      </xsd:pattern>
      <xsd:pattern value="[0-9][0-9](([2][0-9])|([3][0-2]))(([0-2][0-9])|([3][0-1]))[0-9]{3}(([0-8][0-9])|([9][0-7]))">
        <xsd:annotation>
          <xsd:documentation>CBSS Register format: Bis Register</xsd:documentation>
        </xsd:annotation>
      </xsd:pattern>
      <xsd:pattern value="[0-9][0-9](([4][0-9])|([5][0-2]))(([0-2][0-9])|([3][0-1]))[0-9]{3}(([0-8][0-9])|([9][0-7]))">
        <xsd:annotation>
          <xsd:documentation>CBSS Register format: Ter Register</xsd:documentation>
        </xsd:annotation>
      </xsd:pattern>
    </xsd:restriction>
  </xsd:simpleType>
  <!--Request message context-->
  <xsd:complexType name="RequestMessageContextType">
    <xsd:annotation>
      <xsd:documentation>Message context block generated by the consumer.</xsd:documentation>
    </xsd:annotation>
    <xsd:sequence>
      <xsd:element name="messageId" type="tns:MessageIdType">
        <xsd:annotation>
          <xsd:documentation>Consumer must assign their own MessageId reference for the request.</xsd:documentation>
        </xsd:annotation>
      </xsd:element>
      <xsd:element name="timestamp" type="xsd:dateTime" minOccurs="0">
        <xsd:annotation>
          <xsd:documentation>Timestamp when client sent request.</xsd:documentation>
        </xsd:annotation>
      </xsd:element>
    </xsd:sequence>
  </xsd:complexType>
  <!--Response message context-->
  <xsd:complexType name="ResponseMessageContextType">
    <xsd:annotation>
      <xsd:documentation>MessageContext block generated by fidus.</xsd:documentation>
    </xsd:annotation>
    <xsd:sequence>
      <xsd:element name="messageId" type="tns:MessageIdType">
        <xsd:annotation>
          <xsd:documentation>A unique identifier generated by fidus.</xsd:documentation>
        </xsd:annotation>
      </xsd:element>
      <xsd:element name="transactionId" type="tns:MessageIdType">
        <xsd:annotation>
          <xsd:documentation>A unique ID returned to the client for tracing purposes.</xsd:documentation>
        </xsd:annotation>
      </xsd:element>
      <xsd:element name="relatesTo" type="tns:MessageIdType" minOccurs="0">
        <xsd:annotation>
          <xsd:documentation>Optional field. The unique id of a previous batch file in this exchange Only used for responses.</xsd:documentation>
        </xsd:annotation>
      </xsd:element>
      <xsd:element name="timestamp" type="xsd:dateTime" minOccurs="0">
        <xsd:annotation>
          <xsd:documentation>Time reply sent by fidus.</xsd:documentation>
        </xsd:annotation>
      </xsd:element>
    </xsd:sequence>
  </xsd:complexType>
  <!--Legal Context : the finality of the Privacy Commission-->
  <xsd:simpleType name="LegalContextType">
    <xsd:restriction base="xsd:string">
      <xsd:minLength value="1"/>
      <xsd:maxLength value="64"/>
    </xsd:restriction>
  </xsd:simpleType>
  <xsd:complexType name="UserContextType">
    <xsd:annotation>
      <xsd:documentation>The user context defines information regarding the actual user performing a request.</xsd:documentation>
    </xsd:annotation>
    <xsd:sequence>
      <xsd:element name="language" type="xsd:language" nillable="true">
        <xsd:annotation>
          <xsd:documentation>The preferred language of the actual user performing the request.
						This influences the language in which response elements are cast.</xsd:documentation>
        </xsd:annotation>
      </xsd:element>
    </xsd:sequence>
  </xsd:complexType>
</xsd:schema>]]></con:content><con:type>http://www.w3.org/2001/XMLSchema</con:type></con:part><con:part><con:url>file:/home/isr/git/parent/exportfromregondesservice/ExportFromRegondesServiceGateway/src/main/resources/wsdl/exportFromRegondesService/1.0.0/messages/exceptionTypes_v1.xsd</con:url><con:content><![CDATA[<xsd:schema targetNamespace="http://fidus.brussels/type/common/exceptions/v1" elementFormDefault="qualified" attributeFormDefault="unqualified" version="1.0" xmlns:xsd="http://www.w3.org/2001/XMLSchema" xmlns:tns="http://fidus.brussels/type/common/exceptions/v1">
  <!--Basic error typed-->
  <xsd:complexType name="ExceptionsType">
    <xsd:sequence>
      <xsd:element name="exception" type="tns:ExceptionType" maxOccurs="unbounded"/>
    </xsd:sequence>
  </xsd:complexType>
  <xsd:complexType name="ExceptionType">
    <xsd:sequence>
      <xsd:element name="type" type="tns:ExceptionClassType"/>
      <xsd:element name="code" type="tns:ExceptionCodeType"/>
      <xsd:element name="source" type="tns:ExceptionSourceType"/>
      <xsd:element name="description" type="tns:ExceptionDescriptionType"/>
    </xsd:sequence>
  </xsd:complexType>
  <xsd:simpleType name="ExceptionClassType">
    <xsd:restriction base="xsd:string">
      <xsd:enumeration value="ERROR"/>
      <xsd:enumeration value="WARNING"/>
      <xsd:enumeration value="INFO"/>
    </xsd:restriction>
  </xsd:simpleType>
  <xsd:simpleType name="ExceptionCodeType">
    <xsd:restriction base="xsd:string">
      <xsd:maxLength value="20"/>
    </xsd:restriction>
  </xsd:simpleType>
  <xsd:simpleType name="ExceptionSourceType">
    <xsd:restriction base="xsd:string">
      <xsd:maxLength value="20"/>
    </xsd:restriction>
  </xsd:simpleType>
  <xsd:simpleType name="ExceptionDescriptionType">
    <xsd:restriction base="xsd:string"/>
  </xsd:simpleType>
</xsd:schema>]]></con:content><con:type>http://www.w3.org/2001/XMLSchema</con:type></con:part><con:part><con:url>file:/home/isr/git/parent/exportfromregondesservice/ExportFromRegondesServiceGateway/src/main/resources/wsdl/exportFromRegondesService/1.0.0/regondes/Regondes2Common.xsd</con:url><con:content><![CDATA[<!--Regondes2Common.xsd version 1.0-->
<xs:schema targetNamespace="http://www.minfin.fgov.be/regondes2/extern/taxservice/common" elementFormDefault="qualified" attributeFormDefault="unqualified" xmlns="http://www.minfin.fgov.be/regondes2/extern/taxservice/common" xmlns:xs="http://www.w3.org/2001/XMLSchema">
  <!--lum-->
  <!--Definition of complex types-->
  <xs:element name="report">
    <xs:annotation>
      <xs:documentation>Report of the transaction</xs:documentation>
    </xs:annotation>
    <xs:complexType>
      <xs:sequence>
        <xs:element name="status">
          <xs:annotation>
            <xs:documentation>Status of the transaction: SUCCESS or ERROR.</xs:documentation>
          </xs:annotation>
          <xs:simpleType>
            <xs:restriction base="xs:string">
              <xs:enumeration value="SUCCESS"/>
              <xs:enumeration value="ERROR"/>
            </xs:restriction>
          </xs:simpleType>
        </xs:element>
        <xs:element name="error" minOccurs="0">
          <xs:annotation>
            <xs:documentation>Business error occured while processing the message.</xs:documentation>
          </xs:annotation>
          <xs:simpleType>
            <xs:restriction base="longstring">
              <xs:minLength value="1"/>
            </xs:restriction>
          </xs:simpleType>
        </xs:element>
        <xs:element name="errorId" minOccurs="0">
          <xs:annotation>
            <xs:documentation>The Id of error in the log files. With this id the helpdesk can find the logs of the error.</xs:documentation>
          </xs:annotation>
          <xs:simpleType>
            <xs:restriction base="longstring">
              <xs:minLength value="1"/>
            </xs:restriction>
          </xs:simpleType>
        </xs:element>
      </xs:sequence>
    </xs:complexType>
  </xs:element>
  <xs:complexType name="attachment">
    <xs:annotation>
      <xs:documentation>Attached files which contain information about the dossier.</xs:documentation>
    </xs:annotation>
    <xs:sequence>
      <xs:element name="fileName" type="longstring">
        <xs:annotation>
          <xs:documentation>The filename of the attachment</xs:documentation>
        </xs:annotation>
      </xs:element>
      <xs:element name="data" type="xs:base64Binary">
        <xs:annotation>
          <xs:documentation>The bytes base64binary encoded</xs:documentation>
        </xs:annotation>
      </xs:element>
    </xs:sequence>
  </xs:complexType>
  <xs:complexType name="abstractInitialService" abstract="true">
    <xs:sequence>
      <xs:element name="technicalReference" type="longstring" minOccurs="0">
        <xs:annotation>
          <xs:documentation>Unique technical reference given by the initial service. Will be present if the dossier was imported with a technical reference.</xs:documentation>
        </xs:annotation>
      </xs:element>
      <xs:element name="type">
        <xs:annotation>
          <xs:documentation>The type of the initial service which can be either "VLABEL" or "AAF".</xs:documentation>
        </xs:annotation>
        <xs:simpleType>
          <xs:restriction base="xs:string">
            <xs:enumeration value="VLABEL"/>
            <xs:enumeration value="AAF"/>
          </xs:restriction>
        </xs:simpleType>
      </xs:element>
    </xs:sequence>
  </xs:complexType>
  <xs:complexType name="basicInitialService">
    <xs:complexContent>
      <xs:extension base="abstractInitialService">
        <xs:sequence>
          <xs:element name="reference">
            <xs:annotation>
              <xs:documentation>Unique reference given by the initial service. Will be present if the dossier was imported.</xs:documentation>
            </xs:annotation>
            <xs:simpleType>
              <xs:restriction base="longstring">
                <xs:minLength value="1"/>
              </xs:restriction>
            </xs:simpleType>
          </xs:element>
        </xs:sequence>
      </xs:extension>
    </xs:complexContent>
  </xs:complexType>
  <xs:complexType name="completeInitialService">
    <xs:complexContent>
      <xs:extension base="basicInitialService">
        <xs:sequence>
          <xs:element name="complaintType">
            <xs:annotation>
              <xs:documentation>Type of complaint.</xs:documentation>
            </xs:annotation>
            <xs:simpleType>
              <xs:restriction base="xs:string">
                <xs:maxLength value="12"/>
                <xs:minLength value="1"/>
              </xs:restriction>
            </xs:simpleType>
          </xs:element>
          <xs:element name="registerSendDate" type="xs:date" minOccurs="0">
            <xs:annotation>
              <xs:documentation>Date on which the notice of assessment is expected to be delivered.</xs:documentation>
            </xs:annotation>
          </xs:element>
          <xs:element name="registerArticle" type="shortstring" minOccurs="0">
            <xs:annotation>
              <xs:documentation>Number of the article in the register of the tax service.</xs:documentation>
            </xs:annotation>
          </xs:element>
          <xs:element name="dateInitialService" type="xs:date">
            <xs:annotation>
              <xs:documentation>Date on which the dossier was created by the initial service.</xs:documentation>
            </xs:annotation>
          </xs:element>
          <xs:element name="nameContact" type="longstring" minOccurs="0">
            <xs:annotation>
              <xs:documentation>Name of the contact within the initial service.</xs:documentation>
            </xs:annotation>
          </xs:element>
          <xs:element name="phoneNumberContact" type="shortstring" minOccurs="0">
            <xs:annotation>
              <xs:documentation>Phone number of the contact within the initial service.</xs:documentation>
            </xs:annotation>
          </xs:element>
          <xs:element name="emailContact" type="emailAddress" minOccurs="0">
            <xs:annotation>
              <xs:documentation>E-mail address of the contact within the initial sevice.</xs:documentation>
            </xs:annotation>
          </xs:element>
          <xs:element name="remark">
            <xs:annotation>
              <xs:documentation>A remark from the initial service.</xs:documentation>
            </xs:annotation>
            <xs:simpleType>
              <xs:restriction base="text">
                <xs:minLength value="1"/>
              </xs:restriction>
            </xs:simpleType>
          </xs:element>
        </xs:sequence>
      </xs:extension>
    </xs:complexContent>
  </xs:complexType>
  <xs:complexType name="address">
    <xs:annotation>
      <xs:documentation>Address</xs:documentation>
    </xs:annotation>
    <xs:sequence>
      <xs:element name="street" type="longstring" minOccurs="0">
        <xs:annotation>
          <xs:documentation>Street</xs:documentation>
        </xs:annotation>
      </xs:element>
      <xs:element name="houseNumber" type="longstring" minOccurs="0">
        <xs:annotation>
          <xs:documentation>House number</xs:documentation>
        </xs:annotation>
      </xs:element>
      <xs:element name="box" type="shortstring" minOccurs="0">
        <xs:annotation>
          <xs:documentation>Box</xs:documentation>
        </xs:annotation>
      </xs:element>
      <xs:element name="zipCode" type="shortstring" minOccurs="0">
        <xs:annotation>
          <xs:documentation>ZIP code</xs:documentation>
        </xs:annotation>
      </xs:element>
      <xs:element name="place" type="longstring" minOccurs="0">
        <xs:annotation>
          <xs:documentation>Place</xs:documentation>
        </xs:annotation>
      </xs:element>
      <xs:element name="country" type="longstring" minOccurs="0">
        <xs:annotation>
          <xs:documentation>Country</xs:documentation>
        </xs:annotation>
      </xs:element>
    </xs:sequence>
  </xs:complexType>
  <xs:complexType name="cadastralIncome">
    <xs:sequence>
      <xs:element name="codeCadastralIncome" type="codeCadastralIncome">
        <xs:annotation>
          <xs:documentation>Cadastrall income code</xs:documentation>
        </xs:annotation>
      </xs:element>
      <xs:element name="definitiveCadastralIncome" type="xs:positiveInteger">
        <xs:annotation>
          <xs:documentation>Definitive cadastrall income</xs:documentation>
        </xs:annotation>
      </xs:element>
      <xs:element name="dateDefinitive" type="xs:date">
        <xs:annotation>
          <xs:documentation>Date definitive cadastrall income</xs:documentation>
        </xs:annotation>
      </xs:element>
      <xs:element name="reasonDefinitive" type="longstring">
        <xs:annotation>
          <xs:documentation>Reason definitieve cadastrall income</xs:documentation>
        </xs:annotation>
      </xs:element>
    </xs:sequence>
  </xs:complexType>
  <xs:simpleType name="shortstring">
    <xs:restriction base="xs:string">
      <xs:minLength value="1"/>
      <xs:maxLength value="60"/>
    </xs:restriction>
  </xs:simpleType>
  <xs:simpleType name="longstring">
    <xs:restriction base="xs:string">
      <xs:minLength value="1"/>
      <xs:maxLength value="150"/>
    </xs:restriction>
  </xs:simpleType>
  <xs:simpleType name="text">
    <xs:restriction base="xs:string">
      <xs:minLength value="1"/>
      <xs:maxLength value="4000"/>
    </xs:restriction>
  </xs:simpleType>
  <xs:simpleType name="codeCadastralIncome">
    <xs:restriction base="xs:string">
      <xs:minLength value="1"/>
      <xs:maxLength value="2"/>
    </xs:restriction>
  </xs:simpleType>
  <xs:simpleType name="personIdNumber">
    <xs:restriction base="xs:string">
      <xs:minLength value="1"/>
      <xs:maxLength value="15"/>
    </xs:restriction>
  </xs:simpleType>
  <xs:simpleType name="cbeNumber">
    <xs:restriction base="xs:string">
      <xs:minLength value="1"/>
      <xs:maxLength value="15"/>
    </xs:restriction>
  </xs:simpleType>
  <xs:simpleType name="emailAddress">
    <xs:restriction base="xs:token">
      <xs:minLength value="1"/>
      <xs:maxLength value="254"/>
      <xs:pattern value="[^@]+@[^\.]+\..+"/>
    </xs:restriction>
  </xs:simpleType>
  <xs:simpleType name="referenceFodFin">
    <xs:restriction base="xs:long"/>
  </xs:simpleType>
  <xs:simpleType name="articleNumberType">
    <xs:restriction base="xs:token">
      <xs:minLength value="1"/>
      <xs:maxLength value="8"/>
      <xs:pattern value="\d{0,5}(/\d{2})?"/>
    </xs:restriction>
  </xs:simpleType>
  <xs:simpleType name="fiscalYearType">
    <xs:restriction base="xs:string">
      <xs:maxLength value="4"/>
      <xs:minLength value="4"/>
    </xs:restriction>
  </xs:simpleType>
</xs:schema>]]></con:content><con:type>http://www.w3.org/2001/XMLSchema</con:type></con:part><con:part><con:url>file:/home/isr/git/parent/exportfromregondesservice/ExportFromRegondesServiceGateway/src/main/resources/wsdl/exportFromRegondesService/1.0.0/regondes/Regondes2ExportClosedDossiers.xsd</con:url><con:content><![CDATA[<!--Regondes2ExportClosedDossiers.xsd version 1.0-->
<xs:schema targetNamespace="http://www.minfin.fgov.be/regondes2/extern/taxservice/exports/closedDossiers" elementFormDefault="qualified" attributeFormDefault="unqualified" xmlns:xs="http://www.w3.org/2001/XMLSchema" xmlns="http://www.minfin.fgov.be/regondes2/extern/taxservice/exports/closedDossiers" xmlns:com="http://www.minfin.fgov.be/regondes2/extern/taxservice/common">
  <xs:import namespace="http://www.minfin.fgov.be/regondes2/extern/taxservice/common" schemaLocation="Regondes2Common.xsd"/>
  <xs:element name="closedDossier">
    <xs:complexType>
      <xs:sequence>
        <xs:element name="referenceFodFin" type="com:referenceFodFin">
          <xs:annotation>
            <xs:documentation>Reference given by Regondes2 to uniquely identify the dossier. Will be present if the dossier was imported.</xs:documentation>
          </xs:annotation>
        </xs:element>
        <xs:element name="fiscalYear" type="com:fiscalYearType">
          <xs:annotation>
            <xs:documentation>Fiscal year</xs:documentation>
          </xs:annotation>
        </xs:element>
        <xs:element name="initialService">
          <xs:complexType>
            <xs:complexContent>
              <xs:extension base="com:abstractInitialService">
                <xs:sequence>
                  <xs:element name="reference" minOccurs="0">
                    <xs:annotation>
                      <xs:documentation>Unique reference given by the initial service.</xs:documentation>
                    </xs:annotation>
                    <xs:simpleType>
                      <xs:restriction base="com:longstring">
                        <xs:minLength value="1"/>
                      </xs:restriction>
                    </xs:simpleType>
                  </xs:element>
                </xs:sequence>
              </xs:extension>
            </xs:complexContent>
          </xs:complexType>
        </xs:element>
        <xs:element name="patrimonyInformation">
          <xs:annotation>
            <xs:documentation>Patrimony information</xs:documentation>
          </xs:annotation>
          <xs:complexType>
            <xs:sequence>
              <xs:element name="typeDossier">
                <xs:annotation>
                  <xs:documentation>Dossier type</xs:documentation>
                </xs:annotation>
                <xs:simpleType>
                  <xs:restriction base="xs:string">
                    <xs:maxLength value="2"/>
                  </xs:restriction>
                </xs:simpleType>
              </xs:element>
              <xs:element name="patrimonyFrom" minOccurs="0" type="xs:date">
                <xs:annotation>
                  <xs:documentation>The date when the dossier information will be avialable in PATRIS or CADNET.</xs:documentation>
                </xs:annotation>
              </xs:element>
              <xs:element name="patrimonyRef" minOccurs="0">
                <xs:annotation>
                  <xs:documentation>PATRIS or CADNET reference</xs:documentation>
                </xs:annotation>
                <xs:simpleType>
                  <xs:restriction base="com:shortstring">
                    <xs:minLength value="1"/>
                  </xs:restriction>
                </xs:simpleType>
              </xs:element>
              <xs:element name="cadastralDivisionCode">
                <xs:annotation>
                  <xs:documentation>Cadastral division code</xs:documentation>
                </xs:annotation>
                <xs:simpleType>
                  <xs:restriction base="xs:string">
                    <xs:maxLength value="30"/>
                    <xs:minLength value="1"/>
                  </xs:restriction>
                </xs:simpleType>
              </xs:element>
              <xs:element name="articleNumber" type="com:articleNumberType" minOccurs="0">
                <xs:annotation>
                  <xs:documentation>Article number of dossier</xs:documentation>
                </xs:annotation>
              </xs:element>
            </xs:sequence>
          </xs:complexType>
        </xs:element>
        <xs:element name="report">
          <xs:annotation>
            <xs:documentation>Report information</xs:documentation>
          </xs:annotation>
          <xs:complexType>
            <xs:sequence>
              <xs:element name="type">
                <xs:annotation>
                  <xs:documentation>Report type: Solved or Proposal.</xs:documentation>
                </xs:annotation>
                <xs:simpleType>
                  <xs:restriction base="xs:string">
                    <xs:enumeration value="S"/>
                    <xs:enumeration value="P"/>
                  </xs:restriction>
                </xs:simpleType>
              </xs:element>
              <xs:element name="subtype" type="com:longstring" minOccurs="0"/>
              <xs:element name="kind">
                <xs:annotation>
                  <xs:documentation>Report kind: initial report, replacing information or supplementary information.</xs:documentation>
                </xs:annotation>
                <xs:simpleType>
                  <xs:restriction base="xs:string">
                    <xs:enumeration value="INITIAL"/>
                    <xs:enumeration value="REPLACING"/>
                    <xs:enumeration value="SUPPLEMENTARY_INFO"/>
                  </xs:restriction>
                </xs:simpleType>
              </xs:element>
              <xs:element name="cadastralIncome" type="com:cadastralIncome" minOccurs="0" maxOccurs="1">
                <xs:annotation>
                  <xs:documentation>Will only be present if the closed dossier concerns a Cadastral Income Objection.</xs:documentation>
                </xs:annotation>
              </xs:element>
              <xs:element name="date" type="xs:date">
                <xs:annotation>
                  <xs:documentation>Date when the report was created.</xs:documentation>
                </xs:annotation>
              </xs:element>
              <xs:element name="motivation" type="com:text">
                <xs:annotation>
                  <xs:documentation>Motivation text</xs:documentation>
                </xs:annotation>
              </xs:element>
              <xs:element name="newState" minOccurs="0" maxOccurs="99">
                <xs:annotation>
                  <xs:documentation>New state of the property</xs:documentation>
                </xs:annotation>
                <xs:complexType>
                  <xs:sequence>
                    <xs:element name="parcel" type="newStateParcel" minOccurs="1" maxOccurs="999"/>
                    <xs:element name="owner" type="owner" minOccurs="1" maxOccurs="999"/>
                  </xs:sequence>
                </xs:complexType>
              </xs:element>
            </xs:sequence>
          </xs:complexType>
        </xs:element>
        <xs:element name="linkedDossier" minOccurs="0" maxOccurs="99">
          <xs:annotation>
            <xs:documentation>Dossier number which is in someway linked to this dossier</xs:documentation>
          </xs:annotation>
          <xs:complexType>
            <xs:sequence>
              <xs:element name="referenceInitialService" type="com:longstring" minOccurs="0">
                <xs:annotation>
                  <xs:documentation>Reference of the initial service. Will be present if the linked dossier was imported.</xs:documentation>
                </xs:annotation>
              </xs:element>
              <xs:element name="technicalReferenceInitialService" type="com:longstring" minOccurs="0">
                <xs:annotation>
                  <xs:documentation>Technical reference of the initial service.  Will be present if the linked dossier was imported with a technical reference.</xs:documentation>
                </xs:annotation>
              </xs:element>
              <xs:element name="referenceFodFin" type="com:referenceFodFin">
                <xs:annotation>
                  <xs:documentation>Reference of Regondes2</xs:documentation>
                </xs:annotation>
              </xs:element>
            </xs:sequence>
          </xs:complexType>
        </xs:element>
        <xs:element name="attachment" minOccurs="0" maxOccurs="99" type="com:attachment">
          <xs:annotation>
            <xs:documentation>Attached files which contain information about the dossier.</xs:documentation>
          </xs:annotation>
        </xs:element>
      </xs:sequence>
    </xs:complexType>
  </xs:element>
  <xs:complexType name="newStateParcel">
    <xs:annotation>
      <xs:documentation>New state of the parcel</xs:documentation>
    </xs:annotation>
    <xs:complexContent>
      <xs:extension base="parcel">
        <xs:sequence>
          <xs:element name="cadastralInformation" minOccurs="0" maxOccurs="99">
            <xs:annotation>
              <xs:documentation>Cadastral Information.</xs:documentation>
            </xs:annotation>
            <xs:complexType>
              <xs:sequence>
                <xs:element name="codeCadastralIncome" type="com:codeCadastralIncome">
                  <xs:annotation>
                    <xs:documentation>Code of the cadastral income.</xs:documentation>
                  </xs:annotation>
                </xs:element>
                <xs:element name="cadastralIncome" type="xs:nonNegativeInteger">
                  <xs:annotation>
                    <xs:documentation>Cadastral income</xs:documentation>
                  </xs:annotation>
                </xs:element>
                <xs:element name="cadastralIncomePart" type="xs:nonNegativeInteger" minOccurs="0">
                  <xs:annotation>
                    <xs:documentation>Part of the cadastral income depending on unfruitful days. Only present if case of unfruitfulness. (dossier type LI)</xs:documentation>
                  </xs:annotation>
                </xs:element>
                <xs:element name="exemption" type="xs:nonNegativeInteger" minOccurs="0">
                  <xs:annotation>
                    <xs:documentation>Exemption. Only present if case of unfruitfulness. (dossier type LI)</xs:documentation>
                  </xs:annotation>
                </xs:element>
                <xs:element name="daysUnfruitful" type="xs:nonNegativeInteger" minOccurs="0">
                  <xs:annotation>
                    <xs:documentation>Days unfruitful. Only present if case of unfruitfulness. (dossier type LI)</xs:documentation>
                  </xs:annotation>
                </xs:element>
              </xs:sequence>
            </xs:complexType>
          </xs:element>
        </xs:sequence>
      </xs:extension>
    </xs:complexContent>
  </xs:complexType>
  <xs:complexType name="parcel">
    <xs:annotation>
      <xs:documentation>Parcel information</xs:documentation>
    </xs:annotation>
    <xs:sequence>
      <xs:element name="parcelNumber" type="parcelNumber" minOccurs="0"/>
      <xs:element name="situation" minOccurs="0">
        <xs:annotation>
          <xs:documentation>The location of the parcel.</xs:documentation>
        </xs:annotation>
        <xs:simpleType>
          <xs:restriction base="com:shortstring">
            <xs:minLength value="1"/>
          </xs:restriction>
        </xs:simpleType>
      </xs:element>
      <xs:element name="kind" type="com:shortstring" minOccurs="0">
        <xs:annotation>
          <xs:documentation>The kind of parcel.</xs:documentation>
        </xs:annotation>
      </xs:element>
      <xs:element name="details" type="com:shortstring" minOccurs="0">
        <xs:annotation>
          <xs:documentation>Extra information with details about the parcel.</xs:documentation>
        </xs:annotation>
      </xs:element>
      <xs:choice>
        <xs:sequence>
          <xs:element name="articleNumber" type="com:articleNumberType">
            <xs:annotation>
              <xs:documentation>Article number</xs:documentation>
            </xs:annotation>
          </xs:element>
          <xs:element name="sequenceNumber" type="com:shortstring">
            <xs:annotation>
              <xs:documentation>Sequence number</xs:documentation>
            </xs:annotation>
          </xs:element>
        </xs:sequence>
        <xs:element name="propertySituationNumber" type="com:shortstring">
          <xs:annotation>
            <xs:documentation>Property situation number</xs:documentation>
          </xs:annotation>
        </xs:element>
      </xs:choice>
    </xs:sequence>
  </xs:complexType>
  <xs:complexType name="parcelNumber">
    <xs:annotation>
      <xs:documentation>Parcel number</xs:documentation>
    </xs:annotation>
    <xs:sequence>
      <xs:element name="section" minOccurs="0">
        <xs:annotation>
          <xs:documentation>Section</xs:documentation>
        </xs:annotation>
        <xs:simpleType>
          <xs:restriction base="com:shortstring">
            <xs:minLength value="1"/>
          </xs:restriction>
        </xs:simpleType>
      </xs:element>
      <xs:element name="groundNumber" minOccurs="0">
        <xs:annotation>
          <xs:documentation>Ground number.</xs:documentation>
        </xs:annotation>
        <xs:simpleType>
          <xs:restriction base="com:shortstring">
            <xs:minLength value="1"/>
          </xs:restriction>
        </xs:simpleType>
      </xs:element>
      <xs:element name="bisNumber" minOccurs="0">
        <xs:annotation>
          <xs:documentation>Bis number</xs:documentation>
        </xs:annotation>
        <xs:simpleType>
          <xs:restriction base="com:shortstring">
            <xs:minLength value="1"/>
          </xs:restriction>
        </xs:simpleType>
      </xs:element>
      <xs:element name="exponent" minOccurs="0">
        <xs:annotation>
          <xs:documentation>Exponent</xs:documentation>
        </xs:annotation>
        <xs:simpleType>
          <xs:restriction base="com:shortstring">
            <xs:minLength value="1"/>
          </xs:restriction>
        </xs:simpleType>
      </xs:element>
      <xs:element name="power" minOccurs="0">
        <xs:annotation>
          <xs:documentation>Power</xs:documentation>
        </xs:annotation>
        <xs:simpleType>
          <xs:restriction base="com:shortstring">
            <xs:minLength value="1"/>
          </xs:restriction>
        </xs:simpleType>
      </xs:element>
      <xs:element name="part" minOccurs="0">
        <xs:annotation>
          <xs:documentation>Part</xs:documentation>
        </xs:annotation>
        <xs:simpleType>
          <xs:restriction base="com:shortstring">
            <xs:minLength value="1"/>
          </xs:restriction>
        </xs:simpleType>
      </xs:element>
    </xs:sequence>
  </xs:complexType>
  <xs:complexType name="owner">
    <xs:annotation>
      <xs:documentation>Owner of the parcel.</xs:documentation>
    </xs:annotation>
    <xs:sequence>
      <xs:choice>
        <xs:element name="person" type="person"></xs:element>
        <xs:element name="company" type="company"/>
      </xs:choice>
      <xs:element name="rights" type="com:shortstring" minOccurs="0">
        <xs:annotation>
          <xs:documentation>Rights of the owner.</xs:documentation>
        </xs:annotation>
      </xs:element>
      <xs:element name="ownerType" minOccurs="0">
        <xs:annotation>
          <xs:documentation>Type of owner. Can be: IN_COMMUNITY, NATURAL_PERSON, LEGAL_PERSON or OTHER</xs:documentation>
        </xs:annotation>
        <xs:simpleType>
          <xs:restriction base="xs:string">
            <xs:enumeration value="IN_COMMUNITY"/>
            <xs:enumeration value="NATURAL_PERSON"/>
            <xs:enumeration value="LEGAL_PERSON"/>
            <xs:enumeration value="OTHER"/>
          </xs:restriction>
        </xs:simpleType>
      </xs:element>
    </xs:sequence>
  </xs:complexType>
  <xs:complexType name="person">
    <xs:annotation>
      <xs:documentation>Person data.</xs:documentation>
    </xs:annotation>
    <xs:sequence>
      <xs:choice minOccurs="0">
        <xs:element name="socialSecurityNumber" type="com:personIdNumber">
          <xs:annotation>
            <xs:documentation>Social security number.</xs:documentation>
          </xs:annotation>
        </xs:element>
        <xs:element name="persIDF" type="com:personIdNumber">
          <xs:annotation>
            <xs:documentation>persIDF</xs:documentation>
          </xs:annotation>
        </xs:element>
        <xs:element name="bisNumber" type="com:personIdNumber">
          <xs:annotation>
            <xs:documentation>BIS-number</xs:documentation>
          </xs:annotation>
        </xs:element>
      </xs:choice>
      <xs:element name="firstname" type="com:longstring" minOccurs="0">
        <xs:annotation>
          <xs:documentation>First name</xs:documentation>
        </xs:annotation>
      </xs:element>
      <xs:element name="lastname" type="com:longstring" minOccurs="0">
        <xs:annotation>
          <xs:documentation>Last name</xs:documentation>
        </xs:annotation>
      </xs:element>
    </xs:sequence>
  </xs:complexType>
  <xs:complexType name="company">
    <xs:sequence>
      <xs:element name="cbeNumber" type="com:cbeNumber" minOccurs="0">
        <xs:annotation>
          <xs:documentation>CBE number</xs:documentation>
        </xs:annotation>
      </xs:element>
      <xs:element name="name" type="com:longstring" minOccurs="0">
        <xs:annotation>
          <xs:documentation>Company name</xs:documentation>
        </xs:annotation>
      </xs:element>
    </xs:sequence>
  </xs:complexType>
</xs:schema>]]></con:content><con:type>http://www.w3.org/2001/XMLSchema</con:type></con:part><con:part><con:url>file:/home/isr/git/parent/exportfromregondesservice/ExportFromRegondesServiceGateway/src/main/resources/wsdl/exportFromRegondesService/1.0.0/regondes/Regondes2ExportPostponedDossiers.xsd</con:url><con:content><![CDATA[<!--Regondes2ExportPostponedDossiers.xsd version 1.0-->
<xs:schema targetNamespace="http://www.minfin.fgov.be/regondes2/extern/taxservice/exports/postponedDossiers" elementFormDefault="qualified" attributeFormDefault="unqualified" xmlns="http://www.minfin.fgov.be/regondes2/extern/taxservice/exports/postponedDossiers" xmlns:xs="http://www.w3.org/2001/XMLSchema" xmlns:com="http://www.minfin.fgov.be/regondes2/extern/taxservice/common">
  <xs:import namespace="http://www.minfin.fgov.be/regondes2/extern/taxservice/common" schemaLocation="Regondes2Common.xsd"/>
  <xs:element name="postponedDossier">
    <xs:complexType>
      <xs:sequence>
        <xs:element name="referenceFodFin" type="com:longstring">
          <xs:annotation>
            <xs:documentation>Reference given by Regondes2 to uniquely identify the dossier.</xs:documentation>
          </xs:annotation>
        </xs:element>
        <xs:element name="initialService" type="com:basicInitialService"/>
        <xs:element name="postponement">
          <xs:complexType>
            <xs:sequence>
              <xs:element name="datePostponement" type="xs:date">
                <xs:annotation>
                  <xs:documentation>Date when the dossier was postponed</xs:documentation>
                </xs:annotation>
              </xs:element>
              <xs:element name="reasonPostponed" type="com:longstring">
                <xs:annotation>
                  <xs:documentation>Reason of postponement.</xs:documentation>
                </xs:annotation>
              </xs:element>
              <xs:element name="newTargetDate" type="xs:date">
                <xs:annotation>
                  <xs:documentation>New target date</xs:documentation>
                </xs:annotation>
              </xs:element>
            </xs:sequence>
          </xs:complexType>
        </xs:element>
      </xs:sequence>
    </xs:complexType>
  </xs:element>
</xs:schema>]]></con:content><con:type>http://www.w3.org/2001/XMLSchema</con:type></con:part><con:part><con:url>file:/home/isr/git/parent/exportfromregondesservice/ExportFromRegondesServiceGateway/src/main/resources/wsdl/exportFromRegondesService/1.0.0/regondes/Regondes2ExportServiceChanged.xsd</con:url><con:content><![CDATA[<!--Regondes2ExportServiceChanged.xsd version 1.0-->
<xs:schema targetNamespace="http://www.minfin.fgov.be/regondes2/extern/taxservice/exports/serviceChanged" elementFormDefault="qualified" attributeFormDefault="unqualified" xmlns="http://www.minfin.fgov.be/regondes2/extern/taxservice/exports/serviceChanged" xmlns:xs="http://www.w3.org/2001/XMLSchema" xmlns:com="http://www.minfin.fgov.be/regondes2/extern/taxservice/common">
  <xs:import namespace="http://www.minfin.fgov.be/regondes2/extern/taxservice/common" schemaLocation="Regondes2Common.xsd"/>
  <xs:element name="serviceChange">
    <xs:complexType>
      <xs:sequence>
        <xs:element name="referenceFodFin" type="com:longstring">
          <xs:annotation>
            <xs:documentation>Reference given by Regondes2 to uniquely identify the dossier.</xs:documentation>
          </xs:annotation>
        </xs:element>
        <xs:element name="initialService" type="com:basicInitialService"/>
        <xs:element name="transfer" minOccurs="1" maxOccurs="99">
          <xs:annotation>
            <xs:documentation>Information about the transfer of a dossier.</xs:documentation>
          </xs:annotation>
          <xs:complexType>
            <xs:sequence>
              <xs:element name="serviceName" type="com:shortstring">
                <xs:annotation>
                  <xs:documentation>Name of the service which handled the dossier.</xs:documentation>
                </xs:annotation>
              </xs:element>
              <xs:element name="dateIn" type="xs:date">
                <xs:annotation>
                  <xs:documentation>Date in</xs:documentation>
                </xs:annotation>
              </xs:element>
              <xs:element name="dateOut" type="xs:date" minOccurs="0">
                <xs:annotation>
                  <xs:documentation>Date out</xs:documentation>
                </xs:annotation>
              </xs:element>
              <xs:element name="official">
                <xs:annotation>
                  <xs:documentation>Official to which the dossier has been assigned to.</xs:documentation>
                </xs:annotation>
                <xs:complexType>
                  <xs:sequence>
                    <xs:element name="firstName" type="com:longstring">
                      <xs:annotation>
                        <xs:documentation>First name</xs:documentation>
                      </xs:annotation>
                    </xs:element>
                    <xs:element name="lastName" type="com:longstring">
                      <xs:annotation>
                        <xs:documentation>Last name</xs:documentation>
                      </xs:annotation>
                    </xs:element>
                    <xs:element name="phoneNumber" type="com:shortstring">
                      <xs:annotation>
                        <xs:documentation>Phone number</xs:documentation>
                      </xs:annotation>
                    </xs:element>
                    <xs:element name="email" type="com:emailAddress">
                      <xs:annotation>
                        <xs:documentation>E-mail address</xs:documentation>
                      </xs:annotation>
                    </xs:element>
                  </xs:sequence>
                </xs:complexType>
              </xs:element>
            </xs:sequence>
          </xs:complexType>
        </xs:element>
      </xs:sequence>
    </xs:complexType>
  </xs:element>
</xs:schema>]]></con:content><con:type>http://www.w3.org/2001/XMLSchema</con:type></con:part></con:definitionCache><con:endpoints><con:endpoint>http://fidus.brussels/services/exportfromregondesservice/v1</con:endpoint></con:endpoints><con:operation id="e3e61421-edc5-4fd6-b01b-7d127607ec27" isOneWay="false" action="http://fidus.brussels/services/exportfromregondesservice/closedDossier" name="closedDossier" bindingOperationName="closedDossier" type="Request-Response" inputName="" receivesAttachments="false" sendsAttachments="false" anonymous="optional"><con:settings/><con:call id="6ef336dc-c91c-457f-865d-ea76a66207b9" name="1 - Local - Request - Error" incomingWss="Inflow DEV" outgoingWss="Outflow DEV"><con:settings><con:setting id="com.eviware.soapui.impl.wsdl.WsdlRequest@request-headers">&lt;xml-fragment/></con:setting></con:settings><con:encoding>UTF-8</con:encoding><con:endpoint>https://localhost:8243/services/ExportFromRegondesService_v1.0</con:endpoint><con:request><![CDATA[<soapenv:Envelope xmlns:soapenv="http://schemas.xmlsoap.org/soap/envelope/" xmlns:v1="http://fidus.brussels/service/exportfromregondesservice/messages/v1" xmlns:v11="http://fidus.brussels/type/common/messages/v1" xmlns:clos="http://www.minfin.fgov.be/regondes2/extern/taxservice/exports/closedDossiers" xmlns:com="http://www.minfin.fgov.be/regondes2/extern/taxservice/common">
   <soapenv:Header/>
   <soapenv:Body>
      <v1:closedDossierRequest>
         <v1:messageContext>
            <v11:messageId>${=import static java.util.UUID.randomUUID; uuid = randomUUID() as String}</v11:messageId>
            <v11:timestamp>${=new java.text.SimpleDateFormat("yyyy-MM-dd'T'HH:mm:ss.SSS").format(new Date())}</v11:timestamp>
         </v1:messageContext>
         <v1:legalContext>ServiceIntegrator</v1:legalContext>
         <v1:request>
            <clos:closedDossier>
            	<!-- <clos:referenceFodFin>11223347</clos:referenceFodFin> --> <!-- Technical reference not found -->
               <!-- <clos:referenceFodFin>11223346</clos:referenceFodFin> --> <!-- Reference not found -->  
               <clos:referenceFodFin>11223346</clos:referenceFodFin> <!-- Requested dossier is already close -->
               <clos:fiscalYear>2017</clos:fiscalYear>
               <clos:initialService>
                  <com:technicalReference>technicalReference</com:technicalReference>
                  <com:type>AAF</com:type>
                  <clos:reference>reference</clos:reference>
               </clos:initialService>
               <clos:patrimonyInformation>
                  <clos:typeDossier>AA</clos:typeDossier>
                  <clos:patrimonyFrom>${=new java.text.SimpleDateFormat("yyyy-MM-dd").format(new Date())}</clos:patrimonyFrom>
                  <clos:patrimonyRef>1</clos:patrimonyRef>
                  <clos:cadastralDivisionCode>YYY</clos:cadastralDivisionCode>
                  <clos:articleNumber>51</clos:articleNumber>
               </clos:patrimonyInformation>
               <clos:report>
                  <clos:type>S</clos:type>
                  <clos:subtype>subtype</clos:subtype>
                  <clos:kind>INITIAL</clos:kind>
                  <clos:cadastralIncome>
                     <com:codeCadastralIncome>a</com:codeCadastralIncome>
                     <com:definitiveCadastralIncome>12</com:definitiveCadastralIncome>
                     <com:dateDefinitive>${=new java.text.SimpleDateFormat("yyyy-MM-dd").format(new Date())}</com:dateDefinitive>
                     <com:reasonDefinitive>my reason</com:reasonDefinitive>
                  </clos:cadastralIncome>
                  <clos:date>${=new java.text.SimpleDateFormat("yyyy-MM-dd").format(new Date())}</clos:date>
                  <clos:motivation>No motivation</clos:motivation>
                  <!--0 to 99 repetitions:-->
                  <clos:newState>
                     <!--1 to 999 repetitions:-->
                     <clos:parcel>
                        <clos:parcelNumber>
                           <clos:section>55254</clos:section>
                           <clos:groundNumber>9555</clos:groundNumber>
                           <clos:bisNumber>2525</clos:bisNumber>
                           <clos:exponent>1414</clos:exponent>
                           <clos:power>me</clos:power>
                           <clos:part>4</clos:part>
                        </clos:parcelNumber>
                        <clos:situation>invalid</clos:situation>
                        <clos:kind>no</clos:kind>
                        <clos:details>test</clos:details>
                        <!--You have a CHOICE of the next 2 items at this level-->
                        <clos:articleNumber>1141</clos:articleNumber>
                        <clos:sequenceNumber>3215</clos:sequenceNumber>
                        <!--0 to 99 repetitions:-->
                        <clos:cadastralInformation>
                           <clos:codeCadastralIncome>12</clos:codeCadastralIncome>
                           <clos:cadastralIncome>12</clos:cadastralIncome>
                           <clos:cadastralIncomePart>42</clos:cadastralIncomePart>
                           <clos:exemption>52</clos:exemption>
                           <clos:daysUnfruitful>5</clos:daysUnfruitful>
                        </clos:cadastralInformation>
                     </clos:parcel>
                     <!--1 to 999 repetitions:-->
                     <clos:owner>
                        <!--You have a CHOICE of the next 2 items at this level-->
                        <clos:person>
                           <!--You have a CHOICE of the next 3 items at this level-->
                           <clos:socialSecurityNumber>125</clos:socialSecurityNumber>
                           <clos:lastname>baptiste</clos:lastname>
                        </clos:person>
                        <clos:rights>Admin</clos:rights>
                        <clos:ownerType>LEGAL_PERSON</clos:ownerType>
                     </clos:owner>
                  </clos:newState>
               </clos:report>
               <!--0 to 99 repetitions:-->
               <clos:linkedDossier>
                  <clos:referenceInitialService>referenceInitialService</clos:referenceInitialService>
                  <clos:referenceFodFin>15</clos:referenceFodFin>
               </clos:linkedDossier>
               <!--0 to 99 repetitions:-->
               <clos:attachment>
                  <com:fileName>cirb</com:fileName>
                  <com:data>    1234   </com:data>
               </clos:attachment>
            </clos:closedDossier>
         </v1:request>
      </v1:closedDossierRequest>
   </soapenv:Body>
</soapenv:Envelope>]]></con:request><con:credentials><con:selectedAuthProfile>Basic</con:selectedAuthProfile><con:addedBasicAuthenticationTypes>Basic</con:addedBasicAuthenticationTypes><con:authType>Global HTTP Settings</con:authType></con:credentials><con:jmsConfig JMSDeliveryMode="PERSISTENT"/><con:jmsPropertyConfig/><con:wsaConfig mustUnderstand="NONE" version="200508" action="http://fidus.brussels/services/exportfromregondesservice/closedDossier"/><con:wsrmConfig version="1.2"/></con:call><con:call id="30fa1120-7de9-47cd-a7cc-28b189725e14" name="1 - Local - Request - Success" incomingWss="Inflow DEV" outgoingWss="Outflow DEV"><con:settings><con:setting id="com.eviware.soapui.impl.wsdl.WsdlRequest@request-headers">&lt;xml-fragment/></con:setting></con:settings><con:encoding>UTF-8</con:encoding><con:endpoint>https://localhost:8243/services/ExportFromRegondesService_v1.0</con:endpoint><con:request><![CDATA[<soapenv:Envelope xmlns:soapenv="http://schemas.xmlsoap.org/soap/envelope/" xmlns:v1="http://fidus.brussels/service/exportfromregondesservice/messages/v1" xmlns:v11="http://fidus.brussels/type/common/messages/v1" xmlns:clos="http://www.minfin.fgov.be/regondes2/extern/taxservice/exports/closedDossiers" xmlns:com="http://www.minfin.fgov.be/regondes2/extern/taxservice/common">
   <soapenv:Header/>
   <soapenv:Body>
      <v1:closedDossierRequest>
         <v1:messageContext>
            <v11:messageId>${=import static java.util.UUID.randomUUID; uuid = randomUUID() as String}</v11:messageId>
            <v11:timestamp>${=new java.text.SimpleDateFormat("yyyy-MM-dd'T'HH:mm:ss.SSS").format(new Date())}</v11:timestamp>
         </v1:messageContext>
         <v1:legalContext>ServiceIntegrator</v1:legalContext>
         <v1:request>
            <clos:closedDossier> 
               <clos:referenceFodFin>11223346</clos:referenceFodFin>
               <clos:fiscalYear>2017</clos:fiscalYear>
               <clos:initialService>
                  <com:technicalReference>technicalReference</com:technicalReference>
                  <com:type>VLABEL</com:type>
                  <clos:reference>reference</clos:reference>
               </clos:initialService>
               <clos:patrimonyInformation>
                  <clos:typeDossier>AA</clos:typeDossier>
                  <clos:patrimonyFrom>${=new java.text.SimpleDateFormat("yyyy-MM-dd").format(new Date())}</clos:patrimonyFrom>
                  <clos:patrimonyRef>1</clos:patrimonyRef>
                  <clos:cadastralDivisionCode>YYY</clos:cadastralDivisionCode>
                  <clos:articleNumber>51</clos:articleNumber>
               </clos:patrimonyInformation>
               <clos:report>
                  <clos:type>P</clos:type>
                  <clos:subtype>subtype</clos:subtype>
                  <clos:kind>INITIAL</clos:kind>
                  <clos:cadastralIncome>
                     <com:codeCadastralIncome>a</com:codeCadastralIncome>
                     <com:definitiveCadastralIncome>12</com:definitiveCadastralIncome>
                     <com:dateDefinitive>${=new java.text.SimpleDateFormat("yyyy-MM-dd").format(new Date())}</com:dateDefinitive>
                     <com:reasonDefinitive>my reason</com:reasonDefinitive>
                  </clos:cadastralIncome>
                  <clos:date>${=new java.text.SimpleDateFormat("yyyy-MM-dd").format(new Date())}</clos:date>
                  <clos:motivation>No motivation</clos:motivation>
                  <!--0 to 99 repetitions:-->
                  <clos:newState>
                     <!--1 to 999 repetitions:-->
                     <clos:parcel>
                        <clos:parcelNumber>
                           <clos:section>55254</clos:section>
                           <clos:groundNumber>9555</clos:groundNumber>
                           <clos:bisNumber>2525</clos:bisNumber>
                           <clos:exponent>1414</clos:exponent>
                           <clos:power>me</clos:power>
                           <clos:part>4</clos:part>
                        </clos:parcelNumber>
                        <clos:situation>invalid</clos:situation>
                        <clos:kind>no</clos:kind>
                        <clos:details>test</clos:details>
                        <!--You have a CHOICE of the next 2 items at this level-->
                        <clos:articleNumber>1141</clos:articleNumber>
                        <clos:sequenceNumber>3215</clos:sequenceNumber>
                        <!--0 to 99 repetitions:-->
                        <clos:cadastralInformation>
                           <clos:codeCadastralIncome>12</clos:codeCadastralIncome>
                           <clos:cadastralIncome>12</clos:cadastralIncome>
                           <clos:cadastralIncomePart>42</clos:cadastralIncomePart>
                           <clos:exemption>52</clos:exemption>
                           <clos:daysUnfruitful>5</clos:daysUnfruitful>
                        </clos:cadastralInformation>
                     </clos:parcel>
                     <!--1 to 999 repetitions:-->
                     <clos:owner>
                        <!--You have a CHOICE of the next 2 items at this level-->
                        <clos:person>
                           <!--You have a CHOICE of the next 3 items at this level-->
                           <clos:socialSecurityNumber>125</clos:socialSecurityNumber>
                           <clos:lastname>baptiste</clos:lastname>
                        </clos:person>
                        <clos:rights>Admin</clos:rights>
                        <clos:ownerType>LEGAL_PERSON</clos:ownerType>
                     </clos:owner>
                  </clos:newState>
               </clos:report>
               <!--0 to 99 repetitions:-->
               <clos:linkedDossier>
                  <clos:referenceInitialService>referenceInitialService</clos:referenceInitialService>
                  <clos:referenceFodFin>15</clos:referenceFodFin>
               </clos:linkedDossier>
               <!--0 to 99 repetitions:-->
               <clos:attachment>
                  <com:fileName>cirb</com:fileName>
                  <com:data>    1234   </com:data>
               </clos:attachment>
            </clos:closedDossier>
         </v1:request>
      </v1:closedDossierRequest>
   </soapenv:Body>
</soapenv:Envelope>]]></con:request><con:credentials><con:selectedAuthProfile>Basic</con:selectedAuthProfile><con:addedBasicAuthenticationTypes>Basic</con:addedBasicAuthenticationTypes><con:authType>Global HTTP Settings</con:authType></con:credentials><con:jmsConfig JMSDeliveryMode="PERSISTENT"/><con:jmsPropertyConfig/><con:wsaConfig mustUnderstand="NONE" version="200508" action="http://fidus.brussels/services/exportfromregondesservice/closedDossier"/><con:wsrmConfig version="1.2"/></con:call><con:call id="dc60e283-719d-4d9a-9a81-9a8732b9cc62" name="2 - Dev - Request - Success" outgoingWss="Outflow DEV" incomingWss="Inflow DEV"><con:settings><con:setting id="com.eviware.soapui.impl.wsdl.WsdlRequest@request-headers">&lt;xml-fragment/></con:setting></con:settings><con:encoding>UTF-8</con:encoding><con:endpoint>https://192.168.36.61:8243/services/ExportFromRegondesService_v1.0</con:endpoint><con:request><![CDATA[<soapenv:Envelope xmlns:soapenv="http://schemas.xmlsoap.org/soap/envelope/" xmlns:v1="http://fidus.brussels/service/exportfromregondesservice/messages/v1" xmlns:v11="http://fidus.brussels/type/common/messages/v1" xmlns:clos="http://www.minfin.fgov.be/regondes2/extern/taxservice/exports/closedDossiers" xmlns:com="http://www.minfin.fgov.be/regondes2/extern/taxservice/common">
   <soapenv:Header/>
   <soapenv:Body>
      <v1:closedDossierRequest>
         <v1:messageContext>
            <v11:messageId>${=import static java.util.UUID.randomUUID; uuid = randomUUID() as String}</v11:messageId>
            <v11:timestamp>${=new java.text.SimpleDateFormat("yyyy-MM-dd'T'HH:mm:ss.SSS").format(new Date())}</v11:timestamp>
         </v1:messageContext>
         <v1:legalContext>ServiceIntegrator</v1:legalContext>
         <v1:request>
            <clos:closedDossier> 
               <clos:referenceFodFin>11223344</clos:referenceFodFin>
               <clos:fiscalYear>2017</clos:fiscalYear>
               <clos:initialService>
                  <com:technicalReference>technicalReference</com:technicalReference>
                  <com:type>AAF</com:type>
                  <clos:reference>reference</clos:reference>
               </clos:initialService>
               <clos:patrimonyInformation>
                  <clos:typeDossier>AA</clos:typeDossier>
                  <clos:patrimonyFrom>${=new java.text.SimpleDateFormat("yyyy-MM-dd").format(new Date())}</clos:patrimonyFrom>
                  <clos:patrimonyRef>1</clos:patrimonyRef>
                  <clos:cadastralDivisionCode>YYY</clos:cadastralDivisionCode>
                  <clos:articleNumber>51</clos:articleNumber>
               </clos:patrimonyInformation>
               <clos:report>
                  <clos:type>S</clos:type>
                  <clos:subtype>subtype</clos:subtype>
                  <clos:kind>INITIAL</clos:kind>
                  <clos:cadastralIncome>
                     <com:codeCadastralIncome>a</com:codeCadastralIncome>
                     <com:definitiveCadastralIncome>12</com:definitiveCadastralIncome>
                     <com:dateDefinitive>${=new java.text.SimpleDateFormat("yyyy-MM-dd").format(new Date())}</com:dateDefinitive>
                     <com:reasonDefinitive>my reason</com:reasonDefinitive>
                  </clos:cadastralIncome>
                  <clos:date>${=new java.text.SimpleDateFormat("yyyy-MM-dd").format(new Date())}</clos:date>
                  <clos:motivation>No motivation</clos:motivation>
                  <!--0 to 99 repetitions:-->
                  <clos:newState>
                     <!--1 to 999 repetitions:-->
                     <clos:parcel>
                        <clos:parcelNumber>
                           <clos:section>55254</clos:section>
                           <clos:groundNumber>9555</clos:groundNumber>
                           <clos:bisNumber>2525</clos:bisNumber>
                           <clos:exponent>1414</clos:exponent>
                           <clos:power>me</clos:power>
                           <clos:part>4</clos:part>
                        </clos:parcelNumber>
                        <clos:situation>invalid</clos:situation>
                        <clos:kind>no</clos:kind>
                        <clos:details>test</clos:details>
                        <!--You have a CHOICE of the next 2 items at this level-->
                        <clos:articleNumber>1141</clos:articleNumber>
                        <clos:sequenceNumber>3215</clos:sequenceNumber>
                        <!--0 to 99 repetitions:-->
                        <clos:cadastralInformation>
                           <clos:codeCadastralIncome>12</clos:codeCadastralIncome>
                           <clos:cadastralIncome>12</clos:cadastralIncome>
                           <clos:cadastralIncomePart>42</clos:cadastralIncomePart>
                           <clos:exemption>52</clos:exemption>
                           <clos:daysUnfruitful>5</clos:daysUnfruitful>
                        </clos:cadastralInformation>
                     </clos:parcel>
                     <!--1 to 999 repetitions:-->
                     <clos:owner>
                        <!--You have a CHOICE of the next 2 items at this level-->
                        <clos:person>
                           <!--You have a CHOICE of the next 3 items at this level-->
                           <clos:socialSecurityNumber>125</clos:socialSecurityNumber>
                           <clos:lastname>baptiste</clos:lastname>
                        </clos:person>
                        <clos:rights>Admin</clos:rights>
                        <clos:ownerType>LEGAL_PERSON</clos:ownerType>
                     </clos:owner>
                  </clos:newState>
               </clos:report>
               <!--0 to 99 repetitions:-->
               <clos:linkedDossier>
                  <clos:referenceInitialService>referenceInitialService</clos:referenceInitialService>
                  <clos:referenceFodFin>15</clos:referenceFodFin>
               </clos:linkedDossier>
               <!--0 to 99 repetitions:-->
               <clos:attachment>
                  <com:fileName>cirb</com:fileName>
                  <com:data>    1234   </com:data>
               </clos:attachment>
            </clos:closedDossier>
         </v1:request>
      </v1:closedDossierRequest>
   </soapenv:Body>
</soapenv:Envelope>]]></con:request><con:credentials><con:selectedAuthProfile>Basic</con:selectedAuthProfile><con:addedBasicAuthenticationTypes>Basic</con:addedBasicAuthenticationTypes><con:authType>Global HTTP Settings</con:authType></con:credentials><con:jmsConfig JMSDeliveryMode="PERSISTENT"/><con:jmsPropertyConfig/><con:wsaConfig mustUnderstand="NONE" version="200508" action="http://fidus.brussels/services/exportfromregondesservice/closedDossier"/><con:wsrmConfig version="1.2"/></con:call><con:call id="91913852-6173-400c-a071-565eba830524" name="2 - Dev - Request - Error" outgoingWss="Outflow DEV" incomingWss="Inflow DEV"><con:settings><con:setting id="com.eviware.soapui.impl.wsdl.WsdlRequest@request-headers">&lt;xml-fragment/></con:setting></con:settings><con:encoding>UTF-8</con:encoding><con:endpoint>https://192.168.36.61:8243/services/ExportFromRegondesService_v1.0</con:endpoint><con:request><![CDATA[<soapenv:Envelope xmlns:soapenv="http://schemas.xmlsoap.org/soap/envelope/" xmlns:v1="http://fidus.brussels/service/exportfromregondesservice/messages/v1" xmlns:v11="http://fidus.brussels/type/common/messages/v1" xmlns:clos="http://www.minfin.fgov.be/regondes2/extern/taxservice/exports/closedDossiers" xmlns:com="http://www.minfin.fgov.be/regondes2/extern/taxservice/common">
   <soapenv:Header/>
   <soapenv:Body>
      <v1:closedDossierRequest>
         <v1:messageContext>
            <v11:messageId>${=import static java.util.UUID.randomUUID; uuid = randomUUID() as String}</v11:messageId>
            <v11:timestamp>${=new java.text.SimpleDateFormat("yyyy-MM-dd'T'HH:mm:ss.SSS").format(new Date())}</v11:timestamp>
         </v1:messageContext>
         <v1:legalContext>ServiceIntegrator</v1:legalContext>
         <v1:request>
            <clos:closedDossier>
            	<!-- <clos:referenceFodFin>11223347</clos:referenceFodFin> --> <!-- Technical reference not found -->
               <!-- <clos:referenceFodFin>11223346</clos:referenceFodFin> --> <!-- Reference not found -->  
               <clos:referenceFodFin>11223345</clos:referenceFodFin> <!-- Requested dossier is already close -->
               <clos:fiscalYear>2017</clos:fiscalYear>
               <clos:initialService>
                  <com:technicalReference>technicalReference</com:technicalReference>
                  <com:type>AAF</com:type>
                  <clos:reference>reference</clos:reference>
               </clos:initialService>
               <clos:patrimonyInformation>
                  <clos:typeDossier>AA</clos:typeDossier>
                  <clos:patrimonyFrom>${=new java.text.SimpleDateFormat("yyyy-MM-dd").format(new Date())}</clos:patrimonyFrom>
                  <clos:patrimonyRef>1</clos:patrimonyRef>
                  <clos:cadastralDivisionCode>YYY</clos:cadastralDivisionCode>
                  <clos:articleNumber>51</clos:articleNumber>
               </clos:patrimonyInformation>
               <clos:report>
                  <clos:type>S</clos:type>
                  <clos:subtype>subtype</clos:subtype>
                  <clos:kind>INITIAL</clos:kind>
                  <clos:cadastralIncome>
                     <com:codeCadastralIncome>a</com:codeCadastralIncome>
                     <com:definitiveCadastralIncome>12</com:definitiveCadastralIncome>
                     <com:dateDefinitive>${=new java.text.SimpleDateFormat("yyyy-MM-dd").format(new Date())}</com:dateDefinitive>
                     <com:reasonDefinitive>my reason</com:reasonDefinitive>
                  </clos:cadastralIncome>
                  <clos:date>${=new java.text.SimpleDateFormat("yyyy-MM-dd").format(new Date())}</clos:date>
                  <clos:motivation>No motivation</clos:motivation>
                  <!--0 to 99 repetitions:-->
                  <clos:newState>
                     <!--1 to 999 repetitions:-->
                     <clos:parcel>
                        <clos:parcelNumber>
                           <clos:section>55254</clos:section>
                           <clos:groundNumber>9555</clos:groundNumber>
                           <clos:bisNumber>2525</clos:bisNumber>
                           <clos:exponent>1414</clos:exponent>
                           <clos:power>me</clos:power>
                           <clos:part>4</clos:part>
                        </clos:parcelNumber>
                        <clos:situation>invalid</clos:situation>
                        <clos:kind>no</clos:kind>
                        <clos:details>test</clos:details>
                        <!--You have a CHOICE of the next 2 items at this level-->
                        <clos:articleNumber>1141</clos:articleNumber>
                        <clos:sequenceNumber>3215</clos:sequenceNumber>
                        <!--0 to 99 repetitions:-->
                        <clos:cadastralInformation>
                           <clos:codeCadastralIncome>12</clos:codeCadastralIncome>
                           <clos:cadastralIncome>12</clos:cadastralIncome>
                           <clos:cadastralIncomePart>42</clos:cadastralIncomePart>
                           <clos:exemption>52</clos:exemption>
                           <clos:daysUnfruitful>5</clos:daysUnfruitful>
                        </clos:cadastralInformation>
                     </clos:parcel>
                     <!--1 to 999 repetitions:-->
                     <clos:owner>
                        <!--You have a CHOICE of the next 2 items at this level-->
                        <clos:person>
                           <!--You have a CHOICE of the next 3 items at this level-->
                           <clos:socialSecurityNumber>125</clos:socialSecurityNumber>
                           <clos:lastname>baptiste</clos:lastname>
                        </clos:person>
                        <clos:rights>Admin</clos:rights>
                        <clos:ownerType>LEGAL_PERSON</clos:ownerType>
                     </clos:owner>
                  </clos:newState>
               </clos:report>
               <!--0 to 99 repetitions:-->
               <clos:linkedDossier>
                  <clos:referenceInitialService>referenceInitialService</clos:referenceInitialService>
                  <clos:referenceFodFin>15</clos:referenceFodFin>
               </clos:linkedDossier>
               <!--0 to 99 repetitions:-->
               <clos:attachment>
                  <com:fileName>cirb</com:fileName>
                  <com:data>    1234   </com:data>
               </clos:attachment>
            </clos:closedDossier>
         </v1:request>
      </v1:closedDossierRequest>
   </soapenv:Body>
</soapenv:Envelope>]]></con:request><con:credentials><con:selectedAuthProfile>Basic</con:selectedAuthProfile><con:addedBasicAuthenticationTypes>Basic</con:addedBasicAuthenticationTypes><con:authType>Global HTTP Settings</con:authType></con:credentials><con:jmsConfig JMSDeliveryMode="PERSISTENT"/><con:jmsPropertyConfig/><con:wsaConfig mustUnderstand="NONE" version="200508" action="http://fidus.brussels/services/exportfromregondesservice/closedDossier"/><con:wsrmConfig version="1.2"/></con:call><con:call id="7b8f34a3-98a9-4550-bb5f-4933b7af72c4" name="3 - Test - LB - Request" outgoingWss="Outflow TEST" incomingWss="Inflow TEST"><con:settings><con:setting id="com.eviware.soapui.impl.wsdl.WsdlRequest@request-headers">&lt;xml-fragment/></con:setting></con:settings><con:encoding>UTF-8</con:encoding><con:endpoint>https://esb-security-gw.sta.srv.cirb.lan:8443/services/ExportFromRegondesService_v1.0</con:endpoint><con:request><![CDATA[<soapenv:Envelope xmlns:soapenv="http://schemas.xmlsoap.org/soap/envelope/" xmlns:v1="http://fidus.brussels/service/exportfromregondesservice/messages/v1" xmlns:v11="http://fidus.brussels/type/common/messages/v1" xmlns:clos="http://www.minfin.fgov.be/regondes2/extern/taxservice/exports/closedDossiers" xmlns:com="http://www.minfin.fgov.be/regondes2/extern/taxservice/common">
   <soapenv:Header/>
   <soapenv:Body>
      <v1:closedDossierRequest>
         <v1:messageContext>
            <v11:messageId>${=import static java.util.UUID.randomUUID; uuid = randomUUID() as String}</v11:messageId>
            <v11:timestamp>${=new java.text.SimpleDateFormat("yyyy-MM-dd'T'HH:mm:ss.SSS").format(new Date())}</v11:timestamp>
         </v1:messageContext>
         <v1:legalContext>ServiceIntegrator</v1:legalContext>
         <v1:request>
            <clos:closedDossier> 
               <clos:referenceFodFin>11223344</clos:referenceFodFin>
               <clos:fiscalYear>2017</clos:fiscalYear>
               <clos:initialService>
                  <com:technicalReference>technicalReference</com:technicalReference>
                  <com:type>AAF</com:type>
                  <clos:reference>reference</clos:reference>
               </clos:initialService>
               <clos:patrimonyInformation>
                  <clos:typeDossier>AA</clos:typeDossier>
                  <clos:patrimonyFrom>${=new java.text.SimpleDateFormat("yyyy-MM-dd").format(new Date())}</clos:patrimonyFrom>
                  <clos:patrimonyRef>1</clos:patrimonyRef>
                  <clos:cadastralDivisionCode>YYY</clos:cadastralDivisionCode>
                  <clos:articleNumber>51</clos:articleNumber>
               </clos:patrimonyInformation>
               <clos:report>
                  <clos:type>S</clos:type>
                  <clos:subtype>subtype</clos:subtype>
                  <clos:kind>INITIAL</clos:kind>
                  <clos:cadastralIncome>
                     <com:codeCadastralIncome>a</com:codeCadastralIncome>
                     <com:definitiveCadastralIncome>12</com:definitiveCadastralIncome>
                     <com:dateDefinitive>${=new java.text.SimpleDateFormat("yyyy-MM-dd").format(new Date())}</com:dateDefinitive>
                     <com:reasonDefinitive>my reason</com:reasonDefinitive>
                  </clos:cadastralIncome>
                  <clos:date>${=new java.text.SimpleDateFormat("yyyy-MM-dd").format(new Date())}</clos:date>
                  <clos:motivation>No motivation</clos:motivation>
                  <!--0 to 99 repetitions:-->
                  <clos:newState>
                     <!--1 to 999 repetitions:-->
                     <clos:parcel>
                        <clos:parcelNumber>
                           <clos:section>55254</clos:section>
                           <clos:groundNumber>9555</clos:groundNumber>
                           <clos:bisNumber>2525</clos:bisNumber>
                           <clos:exponent>1414</clos:exponent>
                           <clos:power>me</clos:power>
                           <clos:part>4</clos:part>
                        </clos:parcelNumber>
                        <clos:situation>invalid</clos:situation>
                        <clos:kind>no</clos:kind>
                        <clos:details>test</clos:details>
                        <!--You have a CHOICE of the next 2 items at this level-->
                        <clos:articleNumber>1141</clos:articleNumber>
                        <clos:sequenceNumber>3215</clos:sequenceNumber>
                        <!--0 to 99 repetitions:-->
                        <clos:cadastralInformation>
                           <clos:codeCadastralIncome>12</clos:codeCadastralIncome>
                           <clos:cadastralIncome>12</clos:cadastralIncome>
                           <clos:cadastralIncomePart>42</clos:cadastralIncomePart>
                           <clos:exemption>52</clos:exemption>
                           <clos:daysUnfruitful>5</clos:daysUnfruitful>
                        </clos:cadastralInformation>
                     </clos:parcel>
                     <!--1 to 999 repetitions:-->
                     <clos:owner>
                        <!--You have a CHOICE of the next 2 items at this level-->
                        <clos:person>
                           <!--You have a CHOICE of the next 3 items at this level-->
                           <clos:socialSecurityNumber>125</clos:socialSecurityNumber>
                           <clos:lastname>baptiste</clos:lastname>
                        </clos:person>
                        <clos:rights>Admin</clos:rights>
                        <clos:ownerType>LEGAL_PERSON</clos:ownerType>
                     </clos:owner>
                  </clos:newState>
               </clos:report>
               <!--0 to 99 repetitions:-->
               <clos:linkedDossier>
                  <clos:referenceInitialService>referenceInitialService</clos:referenceInitialService>
                  <clos:referenceFodFin>15</clos:referenceFodFin>
               </clos:linkedDossier>
               <!--0 to 99 repetitions:-->
               <clos:attachment>
                  <com:fileName>cirb</com:fileName>
                  <com:data>    1234   </com:data>
               </clos:attachment>
            </clos:closedDossier>
         </v1:request>
      </v1:closedDossierRequest>
   </soapenv:Body>
</soapenv:Envelope>]]></con:request><con:credentials><con:selectedAuthProfile>Basic</con:selectedAuthProfile><con:addedBasicAuthenticationTypes>Basic</con:addedBasicAuthenticationTypes><con:authType>Global HTTP Settings</con:authType></con:credentials><con:jmsConfig JMSDeliveryMode="PERSISTENT"/><con:jmsPropertyConfig/><con:wsaConfig mustUnderstand="NONE" version="200508" action="http://fidus.brussels/services/exportfromregondesservice/closedDossier"/><con:wsrmConfig version="1.2"/></con:call><con:call id="cb38ec83-1105-41ae-9ce1-c8ca5a40b99c" name="3 - Test - Worker1 - Request" incomingWss="Inflow TEST" outgoingWss="Outflow TEST"><con:settings><con:setting id="com.eviware.soapui.impl.wsdl.WsdlRequest@request-headers">&lt;xml-fragment/></con:setting></con:settings><con:encoding>UTF-8</con:encoding><con:endpoint>https://192.168.22.53:8443/services/ExportFromRegondesService_v1.0</con:endpoint><con:request><![CDATA[<soapenv:Envelope xmlns:soapenv="http://schemas.xmlsoap.org/soap/envelope/" xmlns:v1="http://fidus.brussels/service/exportfromregondesservice/messages/v1" xmlns:v11="http://fidus.brussels/type/common/messages/v1" xmlns:clos="http://www.minfin.fgov.be/regondes2/extern/taxservice/exports/closedDossiers" xmlns:com="http://www.minfin.fgov.be/regondes2/extern/taxservice/common">
   <soapenv:Header/>
   <soapenv:Body>
      <v1:closedDossierRequest>
         <v1:messageContext>
            <v11:messageId>${=import static java.util.UUID.randomUUID; uuid = randomUUID() as String}</v11:messageId>
            <v11:timestamp>${=new java.text.SimpleDateFormat("yyyy-MM-dd'T'HH:mm:ss.SSS").format(new Date())}</v11:timestamp>
         </v1:messageContext>
         <v1:legalContext>ServiceIntegrator</v1:legalContext>
         <v1:request>
            <clos:closedDossier> 
               <clos:referenceFodFin>11223344</clos:referenceFodFin>
               <clos:fiscalYear>2017</clos:fiscalYear>
               <clos:initialService>
                  <com:technicalReference>technicalReference</com:technicalReference>
                  <com:type>AAF</com:type>
                  <clos:reference>reference</clos:reference>
               </clos:initialService>
               <clos:patrimonyInformation>
                  <clos:typeDossier>AA</clos:typeDossier>
                  <clos:patrimonyFrom>${=new java.text.SimpleDateFormat("yyyy-MM-dd").format(new Date())}</clos:patrimonyFrom>
                  <clos:patrimonyRef>1</clos:patrimonyRef>
                  <clos:cadastralDivisionCode>YYY</clos:cadastralDivisionCode>
                  <clos:articleNumber>51</clos:articleNumber>
               </clos:patrimonyInformation>
               <clos:report>
                  <clos:type>S</clos:type>
                  <clos:subtype>subtype</clos:subtype>
                  <clos:kind>INITIAL</clos:kind>
                  <clos:cadastralIncome>
                     <com:codeCadastralIncome>a</com:codeCadastralIncome>
                     <com:definitiveCadastralIncome>12</com:definitiveCadastralIncome>
                     <com:dateDefinitive>${=new java.text.SimpleDateFormat("yyyy-MM-dd").format(new Date())}</com:dateDefinitive>
                     <com:reasonDefinitive>my reason</com:reasonDefinitive>
                  </clos:cadastralIncome>
                  <clos:date>${=new java.text.SimpleDateFormat("yyyy-MM-dd").format(new Date())}</clos:date>
                  <clos:motivation>No motivation</clos:motivation>
                  <!--0 to 99 repetitions:-->
                  <clos:newState>
                     <!--1 to 999 repetitions:-->
                     <clos:parcel>
                        <clos:parcelNumber>
                           <clos:section>55254</clos:section>
                           <clos:groundNumber>9555</clos:groundNumber>
                           <clos:bisNumber>2525</clos:bisNumber>
                           <clos:exponent>1414</clos:exponent>
                           <clos:power>me</clos:power>
                           <clos:part>4</clos:part>
                        </clos:parcelNumber>
                        <clos:situation>invalid</clos:situation>
                        <clos:kind>no</clos:kind>
                        <clos:details>test</clos:details>
                        <!--You have a CHOICE of the next 2 items at this level-->
                        <clos:articleNumber>1141</clos:articleNumber>
                        <clos:sequenceNumber>3215</clos:sequenceNumber>
                        <!--0 to 99 repetitions:-->
                        <clos:cadastralInformation>
                           <clos:codeCadastralIncome>12</clos:codeCadastralIncome>
                           <clos:cadastralIncome>12</clos:cadastralIncome>
                           <clos:cadastralIncomePart>42</clos:cadastralIncomePart>
                           <clos:exemption>52</clos:exemption>
                           <clos:daysUnfruitful>5</clos:daysUnfruitful>
                        </clos:cadastralInformation>
                     </clos:parcel>
                     <!--1 to 999 repetitions:-->
                     <clos:owner>
                        <!--You have a CHOICE of the next 2 items at this level-->
                        <clos:person>
                           <!--You have a CHOICE of the next 3 items at this level-->
                           <clos:socialSecurityNumber>125</clos:socialSecurityNumber>
                           <clos:lastname>baptiste</clos:lastname>
                        </clos:person>
                        <clos:rights>Admin</clos:rights>
                        <clos:ownerType>LEGAL_PERSON</clos:ownerType>
                     </clos:owner>
                  </clos:newState>
               </clos:report>
               <!--0 to 99 repetitions:-->
               <clos:linkedDossier>
                  <clos:referenceInitialService>referenceInitialService</clos:referenceInitialService>
                  <clos:referenceFodFin>15</clos:referenceFodFin>
               </clos:linkedDossier>
               <!--0 to 99 repetitions:-->
               <clos:attachment>
                  <com:fileName>cirb</com:fileName>
                  <com:data>    1234   </com:data>
               </clos:attachment>
            </clos:closedDossier>
         </v1:request>
      </v1:closedDossierRequest>
   </soapenv:Body>
</soapenv:Envelope>]]></con:request><con:credentials><con:selectedAuthProfile>Basic</con:selectedAuthProfile><con:addedBasicAuthenticationTypes>Basic</con:addedBasicAuthenticationTypes><con:authType>Global HTTP Settings</con:authType></con:credentials><con:jmsConfig JMSDeliveryMode="PERSISTENT"/><con:jmsPropertyConfig/><con:wsaConfig mustUnderstand="NONE" version="200508" action="http://fidus.brussels/services/exportfromregondesservice/closedDossier"/><con:wsrmConfig version="1.2"/></con:call><con:call id="e72c2eb4-66c2-4fe1-a837-42484fa88654" name="3 - Test - Worker2 - Request" incomingWss="Inflow TEST" outgoingWss="Outflow TEST"><con:settings><con:setting id="com.eviware.soapui.impl.wsdl.WsdlRequest@request-headers">&lt;xml-fragment/></con:setting></con:settings><con:encoding>UTF-8</con:encoding><con:endpoint>https://192.168.22.54:8443/services/ExportFromRegondesService_v1.0</con:endpoint><con:request><![CDATA[<soapenv:Envelope xmlns:soapenv="http://schemas.xmlsoap.org/soap/envelope/" xmlns:v1="http://fidus.brussels/service/exportfromregondesservice/messages/v1" xmlns:v11="http://fidus.brussels/type/common/messages/v1" xmlns:clos="http://www.minfin.fgov.be/regondes2/extern/taxservice/exports/closedDossiers" xmlns:com="http://www.minfin.fgov.be/regondes2/extern/taxservice/common">
   <soapenv:Header/>
   <soapenv:Body>
      <v1:closedDossierRequest>
         <v1:messageContext>
            <v11:messageId>${=import static java.util.UUID.randomUUID; uuid = randomUUID() as String}</v11:messageId>
            <v11:timestamp>${=new java.text.SimpleDateFormat("yyyy-MM-dd'T'HH:mm:ss.SSS").format(new Date())}</v11:timestamp>
         </v1:messageContext>
         <v1:legalContext>ServiceIntegrator</v1:legalContext>
         <v1:request>
            <clos:closedDossier> 
               <clos:referenceFodFin>11223344</clos:referenceFodFin>
               <clos:fiscalYear>2017</clos:fiscalYear>
               <clos:initialService>
                  <com:technicalReference>technicalReference</com:technicalReference>
                  <com:type>AAF</com:type>
                  <clos:reference>reference</clos:reference>
               </clos:initialService>
               <clos:patrimonyInformation>
                  <clos:typeDossier>AA</clos:typeDossier>
                  <clos:patrimonyFrom>${=new java.text.SimpleDateFormat("yyyy-MM-dd").format(new Date())}</clos:patrimonyFrom>
                  <clos:patrimonyRef>1</clos:patrimonyRef>
                  <clos:cadastralDivisionCode>YYY</clos:cadastralDivisionCode>
                  <clos:articleNumber>51</clos:articleNumber>
               </clos:patrimonyInformation>
               <clos:report>
                  <clos:type>S</clos:type>
                  <clos:subtype>subtype</clos:subtype>
                  <clos:kind>INITIAL</clos:kind>
                  <clos:cadastralIncome>
                     <com:codeCadastralIncome>a</com:codeCadastralIncome>
                     <com:definitiveCadastralIncome>12</com:definitiveCadastralIncome>
                     <com:dateDefinitive>${=new java.text.SimpleDateFormat("yyyy-MM-dd").format(new Date())}</com:dateDefinitive>
                     <com:reasonDefinitive>my reason</com:reasonDefinitive>
                  </clos:cadastralIncome>
                  <clos:date>${=new java.text.SimpleDateFormat("yyyy-MM-dd").format(new Date())}</clos:date>
                  <clos:motivation>No motivation</clos:motivation>
                  <!--0 to 99 repetitions:-->
                  <clos:newState>
                     <!--1 to 999 repetitions:-->
                     <clos:parcel>
                        <clos:parcelNumber>
                           <clos:section>55254</clos:section>
                           <clos:groundNumber>9555</clos:groundNumber>
                           <clos:bisNumber>2525</clos:bisNumber>
                           <clos:exponent>1414</clos:exponent>
                           <clos:power>me</clos:power>
                           <clos:part>4</clos:part>
                        </clos:parcelNumber>
                        <clos:situation>invalid</clos:situation>
                        <clos:kind>no</clos:kind>
                        <clos:details>test</clos:details>
                        <!--You have a CHOICE of the next 2 items at this level-->
                        <clos:articleNumber>1141</clos:articleNumber>
                        <clos:sequenceNumber>3215</clos:sequenceNumber>
                        <!--0 to 99 repetitions:-->
                        <clos:cadastralInformation>
                           <clos:codeCadastralIncome>12</clos:codeCadastralIncome>
                           <clos:cadastralIncome>12</clos:cadastralIncome>
                           <clos:cadastralIncomePart>42</clos:cadastralIncomePart>
                           <clos:exemption>52</clos:exemption>
                           <clos:daysUnfruitful>5</clos:daysUnfruitful>
                        </clos:cadastralInformation>
                     </clos:parcel>
                     <!--1 to 999 repetitions:-->
                     <clos:owner>
                        <!--You have a CHOICE of the next 2 items at this level-->
                        <clos:person>
                           <!--You have a CHOICE of the next 3 items at this level-->
                           <clos:socialSecurityNumber>125</clos:socialSecurityNumber>
                           <clos:lastname>baptiste</clos:lastname>
                        </clos:person>
                        <clos:rights>Admin</clos:rights>
                        <clos:ownerType>LEGAL_PERSON</clos:ownerType>
                     </clos:owner>
                  </clos:newState>
               </clos:report>
               <!--0 to 99 repetitions:-->
               <clos:linkedDossier>
                  <clos:referenceInitialService>referenceInitialService</clos:referenceInitialService>
                  <clos:referenceFodFin>15</clos:referenceFodFin>
               </clos:linkedDossier>
               <!--0 to 99 repetitions:-->
               <clos:attachment>
                  <com:fileName>cirb</com:fileName>
                  <com:data>    1234   </com:data>
               </clos:attachment>
            </clos:closedDossier>
         </v1:request>
      </v1:closedDossierRequest>
   </soapenv:Body>
</soapenv:Envelope>]]></con:request><con:credentials><con:selectedAuthProfile>Basic</con:selectedAuthProfile><con:addedBasicAuthenticationTypes>Basic</con:addedBasicAuthenticationTypes><con:authType>Global HTTP Settings</con:authType></con:credentials><con:jmsConfig JMSDeliveryMode="PERSISTENT"/><con:jmsPropertyConfig/><con:wsaConfig mustUnderstand="NONE" version="200508" action="http://fidus.brussels/services/exportfromregondesservice/closedDossier"/><con:wsrmConfig version="1.2"/></con:call><con:call id="06e6449f-a086-4cc9-a0a7-6b55d29f0779" name="4 - Staging - LB - Request" incomingWss="Inflow STAGING" outgoingWss="Outflow STAGING"><con:settings><con:setting id="com.eviware.soapui.impl.wsdl.WsdlRequest@request-headers">&lt;xml-fragment/></con:setting></con:settings><con:encoding>UTF-8</con:encoding><con:endpoint>https://fidus-esb-sg.sta.srv.cirb.lan:8443/services/ExportFromRegondesService_v1.0</con:endpoint><con:request><![CDATA[<soapenv:Envelope xmlns:soapenv="http://schemas.xmlsoap.org/soap/envelope/" xmlns:v1="http://fidus.brussels/service/exportfromregondesservice/messages/v1" xmlns:v11="http://fidus.brussels/type/common/messages/v1" xmlns:clos="http://www.minfin.fgov.be/regondes2/extern/taxservice/exports/closedDossiers" xmlns:com="http://www.minfin.fgov.be/regondes2/extern/taxservice/common">
   <soapenv:Header/>
   <soapenv:Body>
      <v1:closedDossierRequest>
         <v1:messageContext>
            <v11:messageId>${=import static java.util.UUID.randomUUID; uuid = randomUUID() as String}</v11:messageId>
            <v11:timestamp>${=new java.text.SimpleDateFormat("yyyy-MM-dd'T'HH:mm:ss.SSS").format(new Date())}</v11:timestamp>
         </v1:messageContext>
         <v1:legalContext>ServiceIntegrator</v1:legalContext>
         <v1:request>
            <clos:closedDossier> 
               <clos:referenceFodFin>11223344</clos:referenceFodFin>
               <clos:fiscalYear>2017</clos:fiscalYear>
               <clos:initialService>
                  <com:technicalReference>technicalReference</com:technicalReference>
                  <com:type>AAF</com:type>
                  <clos:reference>reference</clos:reference>
               </clos:initialService>
               <clos:patrimonyInformation>
                  <clos:typeDossier>AA</clos:typeDossier>
                  <clos:patrimonyFrom>${=new java.text.SimpleDateFormat("yyyy-MM-dd").format(new Date())}</clos:patrimonyFrom>
                  <clos:patrimonyRef>1</clos:patrimonyRef>
                  <clos:cadastralDivisionCode>YYY</clos:cadastralDivisionCode>
                  <clos:articleNumber>51</clos:articleNumber>
               </clos:patrimonyInformation>
               <clos:report>
                  <clos:type>S</clos:type>
                  <clos:subtype>subtype</clos:subtype>
                  <clos:kind>INITIAL</clos:kind>
                  <clos:cadastralIncome>
                     <com:codeCadastralIncome>a</com:codeCadastralIncome>
                     <com:definitiveCadastralIncome>12</com:definitiveCadastralIncome>
                     <com:dateDefinitive>${=new java.text.SimpleDateFormat("yyyy-MM-dd").format(new Date())}</com:dateDefinitive>
                     <com:reasonDefinitive>my reason</com:reasonDefinitive>
                  </clos:cadastralIncome>
                  <clos:date>${=new java.text.SimpleDateFormat("yyyy-MM-dd").format(new Date())}</clos:date>
                  <clos:motivation>No motivation</clos:motivation>
                  <!--0 to 99 repetitions:-->
                  <clos:newState>
                     <!--1 to 999 repetitions:-->
                     <clos:parcel>
                        <clos:parcelNumber>
                           <clos:section>55254</clos:section>
                           <clos:groundNumber>9555</clos:groundNumber>
                           <clos:bisNumber>2525</clos:bisNumber>
                           <clos:exponent>1414</clos:exponent>
                           <clos:power>me</clos:power>
                           <clos:part>4</clos:part>
                        </clos:parcelNumber>
                        <clos:situation>invalid</clos:situation>
                        <clos:kind>no</clos:kind>
                        <clos:details>test</clos:details>
                        <!--You have a CHOICE of the next 2 items at this level-->
                        <clos:articleNumber>1141</clos:articleNumber>
                        <clos:sequenceNumber>3215</clos:sequenceNumber>
                        <!--0 to 99 repetitions:-->
                        <clos:cadastralInformation>
                           <clos:codeCadastralIncome>12</clos:codeCadastralIncome>
                           <clos:cadastralIncome>12</clos:cadastralIncome>
                           <clos:cadastralIncomePart>42</clos:cadastralIncomePart>
                           <clos:exemption>52</clos:exemption>
                           <clos:daysUnfruitful>5</clos:daysUnfruitful>
                        </clos:cadastralInformation>
                     </clos:parcel>
                     <!--1 to 999 repetitions:-->
                     <clos:owner>
                        <!--You have a CHOICE of the next 2 items at this level-->
                        <clos:person>
                           <!--You have a CHOICE of the next 3 items at this level-->
                           <clos:socialSecurityNumber>125</clos:socialSecurityNumber>
                           <clos:lastname>baptiste</clos:lastname>
                        </clos:person>
                        <clos:rights>Admin</clos:rights>
                        <clos:ownerType>LEGAL_PERSON</clos:ownerType>
                     </clos:owner>
                  </clos:newState>
               </clos:report>
               <!--0 to 99 repetitions:-->
               <clos:linkedDossier>
                  <clos:referenceInitialService>referenceInitialService</clos:referenceInitialService>
                  <clos:referenceFodFin>15</clos:referenceFodFin>
               </clos:linkedDossier>
               <!--0 to 99 repetitions:-->
               <clos:attachment>
                  <com:fileName>cirb</com:fileName>
                  <com:data>    1234   </com:data>
               </clos:attachment>
            </clos:closedDossier>
         </v1:request>
      </v1:closedDossierRequest>
   </soapenv:Body>
</soapenv:Envelope>]]></con:request><con:credentials><con:selectedAuthProfile>Basic</con:selectedAuthProfile><con:addedBasicAuthenticationTypes>Basic</con:addedBasicAuthenticationTypes><con:authType>Global HTTP Settings</con:authType></con:credentials><con:jmsConfig JMSDeliveryMode="PERSISTENT"/><con:jmsPropertyConfig/><con:wsaConfig mustUnderstand="NONE" version="200508" action="http://fidus.brussels/services/exportfromregondesservice/closedDossier"/><con:wsrmConfig version="1.2"/></con:call><con:call id="7905fe7a-59be-48de-ac4d-4014b10e01c5" name="4 - Staging - Worker1 - Request" incomingWss="Inflow STAGING" outgoingWss="Outflow STAGING"><con:settings><con:setting id="com.eviware.soapui.impl.wsdl.WsdlRequest@request-headers">&lt;xml-fragment/></con:setting></con:settings><con:encoding>UTF-8</con:encoding><con:endpoint>https://192.168.24.16:8443/services/ExportFromRegondesService_v1.0</con:endpoint><con:request><![CDATA[<soapenv:Envelope xmlns:soapenv="http://schemas.xmlsoap.org/soap/envelope/" xmlns:v1="http://fidus.brussels/service/exportfromregondesservice/messages/v1" xmlns:v11="http://fidus.brussels/type/common/messages/v1" xmlns:clos="http://www.minfin.fgov.be/regondes2/extern/taxservice/exports/closedDossiers" xmlns:com="http://www.minfin.fgov.be/regondes2/extern/taxservice/common">
   <soapenv:Header/>
   <soapenv:Body>
      <v1:closedDossierRequest>
         <v1:messageContext>
            <v11:messageId>${=import static java.util.UUID.randomUUID; uuid = randomUUID() as String}</v11:messageId>
            <v11:timestamp>${=new java.text.SimpleDateFormat("yyyy-MM-dd'T'HH:mm:ss.SSS").format(new Date())}</v11:timestamp>
         </v1:messageContext>
         <v1:legalContext>ServiceIntegrator</v1:legalContext>
         <v1:request>
            <clos:closedDossier> 
               <clos:referenceFodFin>11223344</clos:referenceFodFin>
               <clos:fiscalYear>2017</clos:fiscalYear>
               <clos:initialService>
                  <com:technicalReference>technicalReference</com:technicalReference>
                  <com:type>AAF</com:type>
                  <clos:reference>reference</clos:reference>
               </clos:initialService>
               <clos:patrimonyInformation>
                  <clos:typeDossier>AA</clos:typeDossier>
                  <clos:patrimonyFrom>${=new java.text.SimpleDateFormat("yyyy-MM-dd").format(new Date())}</clos:patrimonyFrom>
                  <clos:patrimonyRef>1</clos:patrimonyRef>
                  <clos:cadastralDivisionCode>YYY</clos:cadastralDivisionCode>
                  <clos:articleNumber>51</clos:articleNumber>
               </clos:patrimonyInformation>
               <clos:report>
                  <clos:type>S</clos:type>
                  <clos:subtype>subtype</clos:subtype>
                  <clos:kind>INITIAL</clos:kind>
                  <clos:cadastralIncome>
                     <com:codeCadastralIncome>a</com:codeCadastralIncome>
                     <com:definitiveCadastralIncome>12</com:definitiveCadastralIncome>
                     <com:dateDefinitive>${=new java.text.SimpleDateFormat("yyyy-MM-dd").format(new Date())}</com:dateDefinitive>
                     <com:reasonDefinitive>my reason</com:reasonDefinitive>
                  </clos:cadastralIncome>
                  <clos:date>${=new java.text.SimpleDateFormat("yyyy-MM-dd").format(new Date())}</clos:date>
                  <clos:motivation>No motivation</clos:motivation>
                  <!--0 to 99 repetitions:-->
                  <clos:newState>
                     <!--1 to 999 repetitions:-->
                     <clos:parcel>
                        <clos:parcelNumber>
                           <clos:section>55254</clos:section>
                           <clos:groundNumber>9555</clos:groundNumber>
                           <clos:bisNumber>2525</clos:bisNumber>
                           <clos:exponent>1414</clos:exponent>
                           <clos:power>me</clos:power>
                           <clos:part>4</clos:part>
                        </clos:parcelNumber>
                        <clos:situation>invalid</clos:situation>
                        <clos:kind>no</clos:kind>
                        <clos:details>test</clos:details>
                        <!--You have a CHOICE of the next 2 items at this level-->
                        <clos:articleNumber>1141</clos:articleNumber>
                        <clos:sequenceNumber>3215</clos:sequenceNumber>
                        <!--0 to 99 repetitions:-->
                        <clos:cadastralInformation>
                           <clos:codeCadastralIncome>12</clos:codeCadastralIncome>
                           <clos:cadastralIncome>12</clos:cadastralIncome>
                           <clos:cadastralIncomePart>42</clos:cadastralIncomePart>
                           <clos:exemption>52</clos:exemption>
                           <clos:daysUnfruitful>5</clos:daysUnfruitful>
                        </clos:cadastralInformation>
                     </clos:parcel>
                     <!--1 to 999 repetitions:-->
                     <clos:owner>
                        <!--You have a CHOICE of the next 2 items at this level-->
                        <clos:person>
                           <!--You have a CHOICE of the next 3 items at this level-->
                           <clos:socialSecurityNumber>125</clos:socialSecurityNumber>
                           <clos:lastname>baptiste</clos:lastname>
                        </clos:person>
                        <clos:rights>Admin</clos:rights>
                        <clos:ownerType>LEGAL_PERSON</clos:ownerType>
                     </clos:owner>
                  </clos:newState>
               </clos:report>
               <!--0 to 99 repetitions:-->
               <clos:linkedDossier>
                  <clos:referenceInitialService>referenceInitialService</clos:referenceInitialService>
                  <clos:referenceFodFin>15</clos:referenceFodFin>
               </clos:linkedDossier>
               <!--0 to 99 repetitions:-->
               <clos:attachment>
                  <com:fileName>cirb</com:fileName>
                  <com:data>    1234   </com:data>
               </clos:attachment>
            </clos:closedDossier>
         </v1:request>
      </v1:closedDossierRequest>
   </soapenv:Body>
</soapenv:Envelope>]]></con:request><con:credentials><con:selectedAuthProfile>Basic</con:selectedAuthProfile><con:addedBasicAuthenticationTypes>Basic</con:addedBasicAuthenticationTypes><con:authType>Global HTTP Settings</con:authType></con:credentials><con:jmsConfig JMSDeliveryMode="PERSISTENT"/><con:jmsPropertyConfig/><con:wsaConfig mustUnderstand="NONE" version="200508" action="http://fidus.brussels/services/exportfromregondesservice/closedDossier"/><con:wsrmConfig version="1.2"/></con:call><con:call id="9f44fdde-bd65-4e30-94d8-1e942d138e81" name="4 - Staging - Worker2 - Request" incomingWss="Inflow STAGING" outgoingWss="Outflow STAGING"><con:settings><con:setting id="com.eviware.soapui.impl.wsdl.WsdlRequest@request-headers">&lt;xml-fragment/></con:setting></con:settings><con:encoding>UTF-8</con:encoding><con:endpoint>https://192.168.24.17:8443/services/ExportFromRegondesService_v1.0</con:endpoint><con:request><![CDATA[<soapenv:Envelope xmlns:soapenv="http://schemas.xmlsoap.org/soap/envelope/" xmlns:v1="http://fidus.brussels/service/exportfromregondesservice/messages/v1" xmlns:v11="http://fidus.brussels/type/common/messages/v1" xmlns:clos="http://www.minfin.fgov.be/regondes2/extern/taxservice/exports/closedDossiers" xmlns:com="http://www.minfin.fgov.be/regondes2/extern/taxservice/common">
   <soapenv:Header/>
   <soapenv:Body>
      <v1:closedDossierRequest>
         <v1:messageContext>
            <v11:messageId>${=import static java.util.UUID.randomUUID; uuid = randomUUID() as String}</v11:messageId>
            <v11:timestamp>${=new java.text.SimpleDateFormat("yyyy-MM-dd'T'HH:mm:ss.SSS").format(new Date())}</v11:timestamp>
         </v1:messageContext>
         <v1:legalContext>ServiceIntegrator</v1:legalContext>
         <v1:request>
            <clos:closedDossier> 
               <clos:referenceFodFin>11223344</clos:referenceFodFin>
               <clos:fiscalYear>2017</clos:fiscalYear>
               <clos:initialService>
                  <com:technicalReference>technicalReference</com:technicalReference>
                  <com:type>AAF</com:type>
                  <clos:reference>reference</clos:reference>
               </clos:initialService>
               <clos:patrimonyInformation>
                  <clos:typeDossier>AA</clos:typeDossier>
                  <clos:patrimonyFrom>${=new java.text.SimpleDateFormat("yyyy-MM-dd").format(new Date())}</clos:patrimonyFrom>
                  <clos:patrimonyRef>1</clos:patrimonyRef>
                  <clos:cadastralDivisionCode>YYY</clos:cadastralDivisionCode>
                  <clos:articleNumber>51</clos:articleNumber>
               </clos:patrimonyInformation>
               <clos:report>
                  <clos:type>S</clos:type>
                  <clos:subtype>subtype</clos:subtype>
                  <clos:kind>INITIAL</clos:kind>
                  <clos:cadastralIncome>
                     <com:codeCadastralIncome>a</com:codeCadastralIncome>
                     <com:definitiveCadastralIncome>12</com:definitiveCadastralIncome>
                     <com:dateDefinitive>${=new java.text.SimpleDateFormat("yyyy-MM-dd").format(new Date())}</com:dateDefinitive>
                     <com:reasonDefinitive>my reason</com:reasonDefinitive>
                  </clos:cadastralIncome>
                  <clos:date>${=new java.text.SimpleDateFormat("yyyy-MM-dd").format(new Date())}</clos:date>
                  <clos:motivation>No motivation</clos:motivation>
                  <!--0 to 99 repetitions:-->
                  <clos:newState>
                     <!--1 to 999 repetitions:-->
                     <clos:parcel>
                        <clos:parcelNumber>
                           <clos:section>55254</clos:section>
                           <clos:groundNumber>9555</clos:groundNumber>
                           <clos:bisNumber>2525</clos:bisNumber>
                           <clos:exponent>1414</clos:exponent>
                           <clos:power>me</clos:power>
                           <clos:part>4</clos:part>
                        </clos:parcelNumber>
                        <clos:situation>invalid</clos:situation>
                        <clos:kind>no</clos:kind>
                        <clos:details>test</clos:details>
                        <!--You have a CHOICE of the next 2 items at this level-->
                        <clos:articleNumber>1141</clos:articleNumber>
                        <clos:sequenceNumber>3215</clos:sequenceNumber>
                        <!--0 to 99 repetitions:-->
                        <clos:cadastralInformation>
                           <clos:codeCadastralIncome>12</clos:codeCadastralIncome>
                           <clos:cadastralIncome>12</clos:cadastralIncome>
                           <clos:cadastralIncomePart>42</clos:cadastralIncomePart>
                           <clos:exemption>52</clos:exemption>
                           <clos:daysUnfruitful>5</clos:daysUnfruitful>
                        </clos:cadastralInformation>
                     </clos:parcel>
                     <!--1 to 999 repetitions:-->
                     <clos:owner>
                        <!--You have a CHOICE of the next 2 items at this level-->
                        <clos:person>
                           <!--You have a CHOICE of the next 3 items at this level-->
                           <clos:socialSecurityNumber>125</clos:socialSecurityNumber>
                           <clos:lastname>baptiste</clos:lastname>
                        </clos:person>
                        <clos:rights>Admin</clos:rights>
                        <clos:ownerType>LEGAL_PERSON</clos:ownerType>
                     </clos:owner>
                  </clos:newState>
               </clos:report>
               <!--0 to 99 repetitions:-->
               <clos:linkedDossier>
                  <clos:referenceInitialService>referenceInitialService</clos:referenceInitialService>
                  <clos:referenceFodFin>15</clos:referenceFodFin>
               </clos:linkedDossier>
               <!--0 to 99 repetitions:-->
               <clos:attachment>
                  <com:fileName>cirb</com:fileName>
                  <com:data>    1234   </com:data>
               </clos:attachment>
            </clos:closedDossier>
         </v1:request>
      </v1:closedDossierRequest>
   </soapenv:Body>
</soapenv:Envelope>]]></con:request><con:credentials><con:selectedAuthProfile>Basic</con:selectedAuthProfile><con:addedBasicAuthenticationTypes>Basic</con:addedBasicAuthenticationTypes><con:authType>Global HTTP Settings</con:authType></con:credentials><con:jmsConfig JMSDeliveryMode="PERSISTENT"/><con:jmsPropertyConfig/><con:wsaConfig mustUnderstand="NONE" version="200508" action="http://fidus.brussels/services/exportfromregondesservice/closedDossier"/><con:wsrmConfig version="1.2"/></con:call><con:call id="e9ffe897-3422-4fee-9af3-4e37ab3a541f" name="5 - Prod - LB - Request" incomingWss="Inflow PROD" outgoingWss="Outflow PROD"><con:settings><con:setting id="com.eviware.soapui.impl.wsdl.WsdlRequest@request-headers">&lt;xml-fragment/></con:setting></con:settings><con:encoding>UTF-8</con:encoding><con:endpoint>https://fidus-esb-sg.prd.srv.cirb.lan:8443/services/ExportFromRegondesService_v1.0</con:endpoint><con:request><![CDATA[<soapenv:Envelope xmlns:soapenv="http://schemas.xmlsoap.org/soap/envelope/" xmlns:v1="http://fidus.brussels/service/exportfromregondesservice/messages/v1" xmlns:v11="http://fidus.brussels/type/common/messages/v1" xmlns:clos="http://www.minfin.fgov.be/regondes2/extern/taxservice/exports/closedDossiers" xmlns:com="http://www.minfin.fgov.be/regondes2/extern/taxservice/common">
   <soapenv:Header/>
   <soapenv:Body>
      <v1:closedDossierRequest>
         <v1:messageContext>
            <v11:messageId>${=import static java.util.UUID.randomUUID; uuid = randomUUID() as String}</v11:messageId>
            <v11:timestamp>${=new java.text.SimpleDateFormat("yyyy-MM-dd'T'HH:mm:ss.SSS").format(new Date())}</v11:timestamp>
         </v1:messageContext>
         <v1:legalContext>ServiceIntegrator</v1:legalContext>
         <v1:request>
            <clos:closedDossier> 
               <clos:referenceFodFin>11223344</clos:referenceFodFin>
               <clos:fiscalYear>2017</clos:fiscalYear>
               <clos:initialService>
                  <com:technicalReference>technicalReference</com:technicalReference>
                  <com:type>AAF</com:type>
                  <clos:reference>reference</clos:reference>
               </clos:initialService>
               <clos:patrimonyInformation>
                  <clos:typeDossier>AA</clos:typeDossier>
                  <clos:patrimonyFrom>${=new java.text.SimpleDateFormat("yyyy-MM-dd").format(new Date())}</clos:patrimonyFrom>
                  <clos:patrimonyRef>1</clos:patrimonyRef>
                  <clos:cadastralDivisionCode>YYY</clos:cadastralDivisionCode>
                  <clos:articleNumber>51</clos:articleNumber>
               </clos:patrimonyInformation>
               <clos:report>
                  <clos:type>S</clos:type>
                  <clos:subtype>subtype</clos:subtype>
                  <clos:kind>INITIAL</clos:kind>
                  <clos:cadastralIncome>
                     <com:codeCadastralIncome>a</com:codeCadastralIncome>
                     <com:definitiveCadastralIncome>12</com:definitiveCadastralIncome>
                     <com:dateDefinitive>${=new java.text.SimpleDateFormat("yyyy-MM-dd").format(new Date())}</com:dateDefinitive>
                     <com:reasonDefinitive>my reason</com:reasonDefinitive>
                  </clos:cadastralIncome>
                  <clos:date>${=new java.text.SimpleDateFormat("yyyy-MM-dd").format(new Date())}</clos:date>
                  <clos:motivation>No motivation</clos:motivation>
                  <!--0 to 99 repetitions:-->
                  <clos:newState>
                     <!--1 to 999 repetitions:-->
                     <clos:parcel>
                        <clos:parcelNumber>
                           <clos:section>55254</clos:section>
                           <clos:groundNumber>9555</clos:groundNumber>
                           <clos:bisNumber>2525</clos:bisNumber>
                           <clos:exponent>1414</clos:exponent>
                           <clos:power>me</clos:power>
                           <clos:part>4</clos:part>
                        </clos:parcelNumber>
                        <clos:situation>invalid</clos:situation>
                        <clos:kind>no</clos:kind>
                        <clos:details>test</clos:details>
                        <!--You have a CHOICE of the next 2 items at this level-->
                        <clos:articleNumber>1141</clos:articleNumber>
                        <clos:sequenceNumber>3215</clos:sequenceNumber>
                        <!--0 to 99 repetitions:-->
                        <clos:cadastralInformation>
                           <clos:codeCadastralIncome>12</clos:codeCadastralIncome>
                           <clos:cadastralIncome>12</clos:cadastralIncome>
                           <clos:cadastralIncomePart>42</clos:cadastralIncomePart>
                           <clos:exemption>52</clos:exemption>
                           <clos:daysUnfruitful>5</clos:daysUnfruitful>
                        </clos:cadastralInformation>
                     </clos:parcel>
                     <!--1 to 999 repetitions:-->
                     <clos:owner>
                        <!--You have a CHOICE of the next 2 items at this level-->
                        <clos:person>
                           <!--You have a CHOICE of the next 3 items at this level-->
                           <clos:socialSecurityNumber>125</clos:socialSecurityNumber>
                           <clos:lastname>baptiste</clos:lastname>
                        </clos:person>
                        <clos:rights>Admin</clos:rights>
                        <clos:ownerType>LEGAL_PERSON</clos:ownerType>
                     </clos:owner>
                  </clos:newState>
               </clos:report>
               <!--0 to 99 repetitions:-->
               <clos:linkedDossier>
                  <clos:referenceInitialService>referenceInitialService</clos:referenceInitialService>
                  <clos:referenceFodFin>15</clos:referenceFodFin>
               </clos:linkedDossier>
               <!--0 to 99 repetitions:-->
               <clos:attachment>
                  <com:fileName>cirb</com:fileName>
                  <com:data>    1234   </com:data>
               </clos:attachment>
            </clos:closedDossier>
         </v1:request>
      </v1:closedDossierRequest>
   </soapenv:Body>
</soapenv:Envelope>]]></con:request><con:credentials><con:selectedAuthProfile>Basic</con:selectedAuthProfile><con:addedBasicAuthenticationTypes>Basic</con:addedBasicAuthenticationTypes><con:authType>Global HTTP Settings</con:authType></con:credentials><con:jmsConfig JMSDeliveryMode="PERSISTENT"/><con:jmsPropertyConfig/><con:wsaConfig mustUnderstand="NONE" version="200508" action="http://fidus.brussels/services/exportfromregondesservice/closedDossier"/><con:wsrmConfig version="1.2"/></con:call><con:call id="96fd3ae0-3be4-409e-94d3-bbfcd53cddbc" name="5 - Prod - Worker1 - Request" incomingWss="Inflow PROD" outgoingWss="Outflow PROD"><con:settings><con:setting id="com.eviware.soapui.impl.wsdl.WsdlRequest@request-headers">&lt;xml-fragment/></con:setting></con:settings><con:encoding>UTF-8</con:encoding><con:endpoint>https://192.168.26.22:8443/services/ExportFromRegondesService_v1.0</con:endpoint><con:request><![CDATA[<soapenv:Envelope xmlns:soapenv="http://schemas.xmlsoap.org/soap/envelope/" xmlns:v1="http://fidus.brussels/service/exportfromregondesservice/messages/v1" xmlns:v11="http://fidus.brussels/type/common/messages/v1" xmlns:clos="http://www.minfin.fgov.be/regondes2/extern/taxservice/exports/closedDossiers" xmlns:com="http://www.minfin.fgov.be/regondes2/extern/taxservice/common">
   <soapenv:Header/>
   <soapenv:Body>
      <v1:closedDossierRequest>
         <v1:messageContext>
            <v11:messageId>${=import static java.util.UUID.randomUUID; uuid = randomUUID() as String}</v11:messageId>
            <v11:timestamp>${=new java.text.SimpleDateFormat("yyyy-MM-dd'T'HH:mm:ss.SSS").format(new Date())}</v11:timestamp>
         </v1:messageContext>
         <v1:legalContext>ServiceIntegrator</v1:legalContext>
         <v1:request>
            <clos:closedDossier> 
               <clos:referenceFodFin>11223344</clos:referenceFodFin>
               <clos:fiscalYear>2017</clos:fiscalYear>
               <clos:initialService>
                  <com:technicalReference>technicalReference</com:technicalReference>
                  <com:type>AAF</com:type>
                  <clos:reference>reference</clos:reference>
               </clos:initialService>
               <clos:patrimonyInformation>
                  <clos:typeDossier>AA</clos:typeDossier>
                  <clos:patrimonyFrom>${=new java.text.SimpleDateFormat("yyyy-MM-dd").format(new Date())}</clos:patrimonyFrom>
                  <clos:patrimonyRef>1</clos:patrimonyRef>
                  <clos:cadastralDivisionCode>YYY</clos:cadastralDivisionCode>
                  <clos:articleNumber>51</clos:articleNumber>
               </clos:patrimonyInformation>
               <clos:report>
                  <clos:type>S</clos:type>
                  <clos:subtype>subtype</clos:subtype>
                  <clos:kind>INITIAL</clos:kind>
                  <clos:cadastralIncome>
                     <com:codeCadastralIncome>a</com:codeCadastralIncome>
                     <com:definitiveCadastralIncome>12</com:definitiveCadastralIncome>
                     <com:dateDefinitive>${=new java.text.SimpleDateFormat("yyyy-MM-dd").format(new Date())}</com:dateDefinitive>
                     <com:reasonDefinitive>my reason</com:reasonDefinitive>
                  </clos:cadastralIncome>
                  <clos:date>${=new java.text.SimpleDateFormat("yyyy-MM-dd").format(new Date())}</clos:date>
                  <clos:motivation>No motivation</clos:motivation>
                  <!--0 to 99 repetitions:-->
                  <clos:newState>
                     <!--1 to 999 repetitions:-->
                     <clos:parcel>
                        <clos:parcelNumber>
                           <clos:section>55254</clos:section>
                           <clos:groundNumber>9555</clos:groundNumber>
                           <clos:bisNumber>2525</clos:bisNumber>
                           <clos:exponent>1414</clos:exponent>
                           <clos:power>me</clos:power>
                           <clos:part>4</clos:part>
                        </clos:parcelNumber>
                        <clos:situation>invalid</clos:situation>
                        <clos:kind>no</clos:kind>
                        <clos:details>test</clos:details>
                        <!--You have a CHOICE of the next 2 items at this level-->
                        <clos:articleNumber>1141</clos:articleNumber>
                        <clos:sequenceNumber>3215</clos:sequenceNumber>
                        <!--0 to 99 repetitions:-->
                        <clos:cadastralInformation>
                           <clos:codeCadastralIncome>12</clos:codeCadastralIncome>
                           <clos:cadastralIncome>12</clos:cadastralIncome>
                           <clos:cadastralIncomePart>42</clos:cadastralIncomePart>
                           <clos:exemption>52</clos:exemption>
                           <clos:daysUnfruitful>5</clos:daysUnfruitful>
                        </clos:cadastralInformation>
                     </clos:parcel>
                     <!--1 to 999 repetitions:-->
                     <clos:owner>
                        <!--You have a CHOICE of the next 2 items at this level-->
                        <clos:person>
                           <!--You have a CHOICE of the next 3 items at this level-->
                           <clos:socialSecurityNumber>125</clos:socialSecurityNumber>
                           <clos:lastname>baptiste</clos:lastname>
                        </clos:person>
                        <clos:rights>Admin</clos:rights>
                        <clos:ownerType>LEGAL_PERSON</clos:ownerType>
                     </clos:owner>
                  </clos:newState>
               </clos:report>
               <!--0 to 99 repetitions:-->
               <clos:linkedDossier>
                  <clos:referenceInitialService>referenceInitialService</clos:referenceInitialService>
                  <clos:referenceFodFin>15</clos:referenceFodFin>
               </clos:linkedDossier>
               <!--0 to 99 repetitions:-->
               <clos:attachment>
                  <com:fileName>cirb</com:fileName>
                  <com:data>    1234   </com:data>
               </clos:attachment>
            </clos:closedDossier>
         </v1:request>
      </v1:closedDossierRequest>
   </soapenv:Body>
</soapenv:Envelope>]]></con:request><con:credentials><con:selectedAuthProfile>Basic</con:selectedAuthProfile><con:addedBasicAuthenticationTypes>Basic</con:addedBasicAuthenticationTypes><con:authType>Global HTTP Settings</con:authType></con:credentials><con:jmsConfig JMSDeliveryMode="PERSISTENT"/><con:jmsPropertyConfig/><con:wsaConfig mustUnderstand="NONE" version="200508" action="http://fidus.brussels/services/exportfromregondesservice/closedDossier"/><con:wsrmConfig version="1.2"/></con:call><con:call id="e5392768-eaec-465a-952a-8b615cada3b3" name="5 - Prod - External - Request" incomingWss="Inflow PROD" outgoingWss="Outflow PROD"><con:settings><con:setting id="com.eviware.soapui.impl.wsdl.WsdlRequest@request-headers">&lt;xml-fragment/></con:setting></con:settings><con:encoding>UTF-8</con:encoding><con:endpoint>https://fidus.sec.brussels/services/ExportFromRegondesservice_v1.0</con:endpoint><con:request><![CDATA[<soapenv:Envelope xmlns:soapenv="http://schemas.xmlsoap.org/soap/envelope/" xmlns:v1="http://fidus.brussels/service/exportfromregondesservice/messages/v1" xmlns:v11="http://fidus.brussels/type/common/messages/v1" xmlns:clos="http://www.minfin.fgov.be/regondes2/extern/taxservice/exports/closedDossiers" xmlns:com="http://www.minfin.fgov.be/regondes2/extern/taxservice/common">
   <soapenv:Header/>
   <soapenv:Body>
      <v1:closedDossierRequest>
         <v1:messageContext>
            <v11:messageId>${=import static java.util.UUID.randomUUID; uuid = randomUUID() as String}</v11:messageId>
            <v11:timestamp>${=new java.text.SimpleDateFormat("yyyy-MM-dd'T'HH:mm:ss.SSS").format(new Date())}</v11:timestamp>
         </v1:messageContext>
         <v1:legalContext>ServiceIntegrator</v1:legalContext>
         <v1:request>
            <clos:closedDossier> 
               <clos:referenceFodFin>11223344</clos:referenceFodFin>
               <clos:fiscalYear>2017</clos:fiscalYear>
               <clos:initialService>
                  <com:technicalReference>technicalReference</com:technicalReference>
                  <com:type>AAF</com:type>
                  <clos:reference>reference</clos:reference>
               </clos:initialService>
               <clos:patrimonyInformation>
                  <clos:typeDossier>AA</clos:typeDossier>
                  <clos:patrimonyFrom>${=new java.text.SimpleDateFormat("yyyy-MM-dd").format(new Date())}</clos:patrimonyFrom>
                  <clos:patrimonyRef>1</clos:patrimonyRef>
                  <clos:cadastralDivisionCode>YYY</clos:cadastralDivisionCode>
                  <clos:articleNumber>51</clos:articleNumber>
               </clos:patrimonyInformation>
               <clos:report>
                  <clos:type>S</clos:type>
                  <clos:subtype>subtype</clos:subtype>
                  <clos:kind>INITIAL</clos:kind>
                  <clos:cadastralIncome>
                     <com:codeCadastralIncome>a</com:codeCadastralIncome>
                     <com:definitiveCadastralIncome>12</com:definitiveCadastralIncome>
                     <com:dateDefinitive>${=new java.text.SimpleDateFormat("yyyy-MM-dd").format(new Date())}</com:dateDefinitive>
                     <com:reasonDefinitive>my reason</com:reasonDefinitive>
                  </clos:cadastralIncome>
                  <clos:date>${=new java.text.SimpleDateFormat("yyyy-MM-dd").format(new Date())}</clos:date>
                  <clos:motivation>No motivation</clos:motivation>
                  <!--0 to 99 repetitions:-->
                  <clos:newState>
                     <!--1 to 999 repetitions:-->
                     <clos:parcel>
                        <clos:parcelNumber>
                           <clos:section>55254</clos:section>
                           <clos:groundNumber>9555</clos:groundNumber>
                           <clos:bisNumber>2525</clos:bisNumber>
                           <clos:exponent>1414</clos:exponent>
                           <clos:power>me</clos:power>
                           <clos:part>4</clos:part>
                        </clos:parcelNumber>
                        <clos:situation>invalid</clos:situation>
                        <clos:kind>no</clos:kind>
                        <clos:details>test</clos:details>
                        <!--You have a CHOICE of the next 2 items at this level-->
                        <clos:articleNumber>1141</clos:articleNumber>
                        <clos:sequenceNumber>3215</clos:sequenceNumber>
                        <!--0 to 99 repetitions:-->
                        <clos:cadastralInformation>
                           <clos:codeCadastralIncome>12</clos:codeCadastralIncome>
                           <clos:cadastralIncome>12</clos:cadastralIncome>
                           <clos:cadastralIncomePart>42</clos:cadastralIncomePart>
                           <clos:exemption>52</clos:exemption>
                           <clos:daysUnfruitful>5</clos:daysUnfruitful>
                        </clos:cadastralInformation>
                     </clos:parcel>
                     <!--1 to 999 repetitions:-->
                     <clos:owner>
                        <!--You have a CHOICE of the next 2 items at this level-->
                        <clos:person>
                           <!--You have a CHOICE of the next 3 items at this level-->
                           <clos:socialSecurityNumber>125</clos:socialSecurityNumber>
                           <clos:lastname>baptiste</clos:lastname>
                        </clos:person>
                        <clos:rights>Admin</clos:rights>
                        <clos:ownerType>LEGAL_PERSON</clos:ownerType>
                     </clos:owner>
                  </clos:newState>
               </clos:report>
               <!--0 to 99 repetitions:-->
               <clos:linkedDossier>
                  <clos:referenceInitialService>referenceInitialService</clos:referenceInitialService>
                  <clos:referenceFodFin>15</clos:referenceFodFin>
               </clos:linkedDossier>
               <!--0 to 99 repetitions:-->
               <clos:attachment>
                  <com:fileName>cirb</com:fileName>
                  <com:data>    1234   </com:data>
               </clos:attachment>
            </clos:closedDossier>
         </v1:request>
      </v1:closedDossierRequest>
   </soapenv:Body>
</soapenv:Envelope>]]></con:request><con:credentials><con:selectedAuthProfile>Basic</con:selectedAuthProfile><con:addedBasicAuthenticationTypes>Basic</con:addedBasicAuthenticationTypes><con:authType>Global HTTP Settings</con:authType></con:credentials><con:jmsConfig JMSDeliveryMode="PERSISTENT"/><con:jmsPropertyConfig/><con:wsaConfig mustUnderstand="NONE" version="200508" action="http://fidus.brussels/services/exportfromregondesservice/closedDossier"/><con:wsrmConfig version="1.2"/></con:call><con:call id="189206c3-4bc3-4b83-8a2e-30faa464375b" name="5 - Prod - Worker2 - Request" incomingWss="Inflow PROD" outgoingWss="Outflow PROD"><con:settings><con:setting id="com.eviware.soapui.impl.wsdl.WsdlRequest@request-headers">&lt;xml-fragment/></con:setting></con:settings><con:encoding>UTF-8</con:encoding><con:endpoint>https://192.168.26.19:8443/services/ExportFromRegondesService_v1.0</con:endpoint><con:request><![CDATA[<soapenv:Envelope xmlns:soapenv="http://schemas.xmlsoap.org/soap/envelope/" xmlns:v1="http://fidus.brussels/service/exportfromregondesservice/messages/v1" xmlns:v11="http://fidus.brussels/type/common/messages/v1" xmlns:clos="http://www.minfin.fgov.be/regondes2/extern/taxservice/exports/closedDossiers" xmlns:com="http://www.minfin.fgov.be/regondes2/extern/taxservice/common">
   <soapenv:Header/>
   <soapenv:Body>
      <v1:closedDossierRequest>
         <v1:messageContext>
            <v11:messageId>${=import static java.util.UUID.randomUUID; uuid = randomUUID() as String}</v11:messageId>
            <v11:timestamp>${=new java.text.SimpleDateFormat("yyyy-MM-dd'T'HH:mm:ss.SSS").format(new Date())}</v11:timestamp>
         </v1:messageContext>
         <v1:legalContext>ServiceIntegrator</v1:legalContext>
         <v1:request>
            <clos:closedDossier> 
               <clos:referenceFodFin>11223344</clos:referenceFodFin>
               <clos:fiscalYear>2017</clos:fiscalYear>
               <clos:initialService>
                  <com:technicalReference>technicalReference</com:technicalReference>
                  <com:type>AAF</com:type>
                  <clos:reference>reference</clos:reference>
               </clos:initialService>
               <clos:patrimonyInformation>
                  <clos:typeDossier>AA</clos:typeDossier>
                  <clos:patrimonyFrom>${=new java.text.SimpleDateFormat("yyyy-MM-dd").format(new Date())}</clos:patrimonyFrom>
                  <clos:patrimonyRef>1</clos:patrimonyRef>
                  <clos:cadastralDivisionCode>YYY</clos:cadastralDivisionCode>
                  <clos:articleNumber>51</clos:articleNumber>
               </clos:patrimonyInformation>
               <clos:report>
                  <clos:type>S</clos:type>
                  <clos:subtype>subtype</clos:subtype>
                  <clos:kind>INITIAL</clos:kind>
                  <clos:cadastralIncome>
                     <com:codeCadastralIncome>a</com:codeCadastralIncome>
                     <com:definitiveCadastralIncome>12</com:definitiveCadastralIncome>
                     <com:dateDefinitive>${=new java.text.SimpleDateFormat("yyyy-MM-dd").format(new Date())}</com:dateDefinitive>
                     <com:reasonDefinitive>my reason</com:reasonDefinitive>
                  </clos:cadastralIncome>
                  <clos:date>${=new java.text.SimpleDateFormat("yyyy-MM-dd").format(new Date())}</clos:date>
                  <clos:motivation>No motivation</clos:motivation>
                  <!--0 to 99 repetitions:-->
                  <clos:newState>
                     <!--1 to 999 repetitions:-->
                     <clos:parcel>
                        <clos:parcelNumber>
                           <clos:section>55254</clos:section>
                           <clos:groundNumber>9555</clos:groundNumber>
                           <clos:bisNumber>2525</clos:bisNumber>
                           <clos:exponent>1414</clos:exponent>
                           <clos:power>me</clos:power>
                           <clos:part>4</clos:part>
                        </clos:parcelNumber>
                        <clos:situation>invalid</clos:situation>
                        <clos:kind>no</clos:kind>
                        <clos:details>test</clos:details>
                        <!--You have a CHOICE of the next 2 items at this level-->
                        <clos:articleNumber>1141</clos:articleNumber>
                        <clos:sequenceNumber>3215</clos:sequenceNumber>
                        <!--0 to 99 repetitions:-->
                        <clos:cadastralInformation>
                           <clos:codeCadastralIncome>12</clos:codeCadastralIncome>
                           <clos:cadastralIncome>12</clos:cadastralIncome>
                           <clos:cadastralIncomePart>42</clos:cadastralIncomePart>
                           <clos:exemption>52</clos:exemption>
                           <clos:daysUnfruitful>5</clos:daysUnfruitful>
                        </clos:cadastralInformation>
                     </clos:parcel>
                     <!--1 to 999 repetitions:-->
                     <clos:owner>
                        <!--You have a CHOICE of the next 2 items at this level-->
                        <clos:person>
                           <!--You have a CHOICE of the next 3 items at this level-->
                           <clos:socialSecurityNumber>125</clos:socialSecurityNumber>
                           <clos:lastname>baptiste</clos:lastname>
                        </clos:person>
                        <clos:rights>Admin</clos:rights>
                        <clos:ownerType>LEGAL_PERSON</clos:ownerType>
                     </clos:owner>
                  </clos:newState>
               </clos:report>
               <!--0 to 99 repetitions:-->
               <clos:linkedDossier>
                  <clos:referenceInitialService>referenceInitialService</clos:referenceInitialService>
                  <clos:referenceFodFin>15</clos:referenceFodFin>
               </clos:linkedDossier>
               <!--0 to 99 repetitions:-->
               <clos:attachment>
                  <com:fileName>cirb</com:fileName>
                  <com:data>    1234   </com:data>
               </clos:attachment>
            </clos:closedDossier>
         </v1:request>
      </v1:closedDossierRequest>
   </soapenv:Body>
</soapenv:Envelope>]]></con:request><con:credentials><con:selectedAuthProfile>Basic</con:selectedAuthProfile><con:addedBasicAuthenticationTypes>Basic</con:addedBasicAuthenticationTypes><con:authType>Global HTTP Settings</con:authType></con:credentials><con:jmsConfig JMSDeliveryMode="PERSISTENT"/><con:jmsPropertyConfig/><con:wsaConfig mustUnderstand="NONE" version="200508" action="http://fidus.brussels/services/exportfromregondesservice/closedDossier"/><con:wsrmConfig version="1.2"/></con:call><con:call id="63b77d23-1ecf-44fd-bdb7-9c0e4b6ddcdf" name="3 - Test - External - Request" incomingWss="Inflow TEST" outgoingWss="Outflow TEST"><con:settings><con:setting id="com.eviware.soapui.impl.wsdl.WsdlRequest@request-headers">&lt;xml-fragment/></con:setting></con:settings><con:encoding>UTF-8</con:encoding><con:endpoint>https://fidus-test.irisnetlab.be/services/ExportFromRegondesService_v1.0</con:endpoint><con:request><![CDATA[<soapenv:Envelope xmlns:soapenv="http://schemas.xmlsoap.org/soap/envelope/" xmlns:v1="http://fidus.brussels/service/exportfromregondesservice/messages/v1" xmlns:v11="http://fidus.brussels/type/common/messages/v1" xmlns:clos="http://www.minfin.fgov.be/regondes2/extern/taxservice/exports/closedDossiers" xmlns:com="http://www.minfin.fgov.be/regondes2/extern/taxservice/common">
   <soapenv:Header/>
   <soapenv:Body>
      <v1:closedDossierRequest>
         <v1:messageContext>
            <v11:messageId>${=import static java.util.UUID.randomUUID; uuid = randomUUID() as String}</v11:messageId>
            <v11:timestamp>${=new java.text.SimpleDateFormat("yyyy-MM-dd'T'HH:mm:ss.SSS").format(new Date())}</v11:timestamp>
         </v1:messageContext>
         <v1:legalContext>ServiceIntegrator</v1:legalContext>
         <v1:request>
            <clos:closedDossier> 
               <clos:referenceFodFin>11223344</clos:referenceFodFin>
               <clos:fiscalYear>2017</clos:fiscalYear>
               <clos:initialService>
                  <com:technicalReference>technicalReference</com:technicalReference>
                  <com:type>AAF</com:type>
                  <clos:reference>reference</clos:reference>
               </clos:initialService>
               <clos:patrimonyInformation>
                  <clos:typeDossier>AA</clos:typeDossier>
                  <clos:patrimonyFrom>${=new java.text.SimpleDateFormat("yyyy-MM-dd").format(new Date())}</clos:patrimonyFrom>
                  <clos:patrimonyRef>1</clos:patrimonyRef>
                  <clos:cadastralDivisionCode>YYY</clos:cadastralDivisionCode>
                  <clos:articleNumber>51</clos:articleNumber>
               </clos:patrimonyInformation>
               <clos:report>
                  <clos:type>S</clos:type>
                  <clos:subtype>subtype</clos:subtype>
                  <clos:kind>INITIAL</clos:kind>
                  <clos:cadastralIncome>
                     <com:codeCadastralIncome>a</com:codeCadastralIncome>
                     <com:definitiveCadastralIncome>12</com:definitiveCadastralIncome>
                     <com:dateDefinitive>${=new java.text.SimpleDateFormat("yyyy-MM-dd").format(new Date())}</com:dateDefinitive>
                     <com:reasonDefinitive>my reason</com:reasonDefinitive>
                  </clos:cadastralIncome>
                  <clos:date>${=new java.text.SimpleDateFormat("yyyy-MM-dd").format(new Date())}</clos:date>
                  <clos:motivation>No motivation</clos:motivation>
                  <!--0 to 99 repetitions:-->
                  <clos:newState>
                     <!--1 to 999 repetitions:-->
                     <clos:parcel>
                        <clos:parcelNumber>
                           <clos:section>55254</clos:section>
                           <clos:groundNumber>9555</clos:groundNumber>
                           <clos:bisNumber>2525</clos:bisNumber>
                           <clos:exponent>1414</clos:exponent>
                           <clos:power>me</clos:power>
                           <clos:part>4</clos:part>
                        </clos:parcelNumber>
                        <clos:situation>invalid</clos:situation>
                        <clos:kind>no</clos:kind>
                        <clos:details>test</clos:details>
                        <!--You have a CHOICE of the next 2 items at this level-->
                        <clos:articleNumber>1141</clos:articleNumber>
                        <clos:sequenceNumber>3215</clos:sequenceNumber>
                        <!--0 to 99 repetitions:-->
                        <clos:cadastralInformation>
                           <clos:codeCadastralIncome>12</clos:codeCadastralIncome>
                           <clos:cadastralIncome>12</clos:cadastralIncome>
                           <clos:cadastralIncomePart>42</clos:cadastralIncomePart>
                           <clos:exemption>52</clos:exemption>
                           <clos:daysUnfruitful>5</clos:daysUnfruitful>
                        </clos:cadastralInformation>
                     </clos:parcel>
                     <!--1 to 999 repetitions:-->
                     <clos:owner>
                        <!--You have a CHOICE of the next 2 items at this level-->
                        <clos:person>
                           <!--You have a CHOICE of the next 3 items at this level-->
                           <clos:socialSecurityNumber>125</clos:socialSecurityNumber>
                           <clos:lastname>baptiste</clos:lastname>
                        </clos:person>
                        <clos:rights>Admin</clos:rights>
                        <clos:ownerType>LEGAL_PERSON</clos:ownerType>
                     </clos:owner>
                  </clos:newState>
               </clos:report>
               <!--0 to 99 repetitions:-->
               <clos:linkedDossier>
                  <clos:referenceInitialService>referenceInitialService</clos:referenceInitialService>
                  <clos:referenceFodFin>15</clos:referenceFodFin>
               </clos:linkedDossier>
               <!--0 to 99 repetitions:-->
               <clos:attachment>
                  <com:fileName>cirb</com:fileName>
                  <com:data>    1234   </com:data>
               </clos:attachment>
            </clos:closedDossier>
         </v1:request>
      </v1:closedDossierRequest>
   </soapenv:Body>
</soapenv:Envelope>]]></con:request><con:credentials><con:selectedAuthProfile>Basic</con:selectedAuthProfile><con:addedBasicAuthenticationTypes>Basic</con:addedBasicAuthenticationTypes><con:authType>Global HTTP Settings</con:authType></con:credentials><con:jmsConfig JMSDeliveryMode="PERSISTENT"/><con:jmsPropertyConfig/><con:wsaConfig mustUnderstand="NONE" version="200508" action="http://fidus.brussels/services/exportfromregondesservice/closedDossier"/><con:wsrmConfig version="1.2"/></con:call><con:call id="4d84f272-7224-4c6e-b5c0-d682e0a0f653" name="4 - Staging - External - Request" incomingWss="Inflow STAGING" outgoingWss="Outflow STAGING"><con:settings><con:setting id="com.eviware.soapui.impl.wsdl.WsdlRequest@request-headers">&lt;xml-fragment/></con:setting></con:settings><con:encoding>UTF-8</con:encoding><con:endpoint>https://fidus.irisnetlab.be/services/ExportFromRegondesService_v1.0</con:endpoint><con:request><![CDATA[<soapenv:Envelope xmlns:soapenv="http://schemas.xmlsoap.org/soap/envelope/" xmlns:v1="http://fidus.brussels/service/exportfromregondesservice/messages/v1" xmlns:v11="http://fidus.brussels/type/common/messages/v1" xmlns:clos="http://www.minfin.fgov.be/regondes2/extern/taxservice/exports/closedDossiers" xmlns:com="http://www.minfin.fgov.be/regondes2/extern/taxservice/common">
   <soapenv:Header/>
   <soapenv:Body>
      <v1:closedDossierRequest>
         <v1:messageContext>
            <v11:messageId>${=import static java.util.UUID.randomUUID; uuid = randomUUID() as String}</v11:messageId>
            <v11:timestamp>${=new java.text.SimpleDateFormat("yyyy-MM-dd'T'HH:mm:ss.SSS").format(new Date())}</v11:timestamp>
         </v1:messageContext>
         <v1:legalContext>ServiceIntegrator</v1:legalContext>
         <v1:request>
            <clos:closedDossier> 
               <clos:referenceFodFin>11223344</clos:referenceFodFin>
               <clos:fiscalYear>2017</clos:fiscalYear>
               <clos:initialService>
                  <com:technicalReference>technicalReference</com:technicalReference>
                  <com:type>AAF</com:type>
                  <clos:reference>reference</clos:reference>
               </clos:initialService>
               <clos:patrimonyInformation>
                  <clos:typeDossier>AA</clos:typeDossier>
                  <clos:patrimonyFrom>${=new java.text.SimpleDateFormat("yyyy-MM-dd").format(new Date())}</clos:patrimonyFrom>
                  <clos:patrimonyRef>1</clos:patrimonyRef>
                  <clos:cadastralDivisionCode>YYY</clos:cadastralDivisionCode>
                  <clos:articleNumber>51</clos:articleNumber>
               </clos:patrimonyInformation>
               <clos:report>
                  <clos:type>S</clos:type>
                  <clos:subtype>subtype</clos:subtype>
                  <clos:kind>INITIAL</clos:kind>
                  <clos:cadastralIncome>
                     <com:codeCadastralIncome>a</com:codeCadastralIncome>
                     <com:definitiveCadastralIncome>12</com:definitiveCadastralIncome>
                     <com:dateDefinitive>${=new java.text.SimpleDateFormat("yyyy-MM-dd").format(new Date())}</com:dateDefinitive>
                     <com:reasonDefinitive>my reason</com:reasonDefinitive>
                  </clos:cadastralIncome>
                  <clos:date>${=new java.text.SimpleDateFormat("yyyy-MM-dd").format(new Date())}</clos:date>
                  <clos:motivation>No motivation</clos:motivation>
                  <!--0 to 99 repetitions:-->
                  <clos:newState>
                     <!--1 to 999 repetitions:-->
                     <clos:parcel>
                        <clos:parcelNumber>
                           <clos:section>55254</clos:section>
                           <clos:groundNumber>9555</clos:groundNumber>
                           <clos:bisNumber>2525</clos:bisNumber>
                           <clos:exponent>1414</clos:exponent>
                           <clos:power>me</clos:power>
                           <clos:part>4</clos:part>
                        </clos:parcelNumber>
                        <clos:situation>invalid</clos:situation>
                        <clos:kind>no</clos:kind>
                        <clos:details>test</clos:details>
                        <!--You have a CHOICE of the next 2 items at this level-->
                        <clos:articleNumber>1141</clos:articleNumber>
                        <clos:sequenceNumber>3215</clos:sequenceNumber>
                        <!--0 to 99 repetitions:-->
                        <clos:cadastralInformation>
                           <clos:codeCadastralIncome>12</clos:codeCadastralIncome>
                           <clos:cadastralIncome>12</clos:cadastralIncome>
                           <clos:cadastralIncomePart>42</clos:cadastralIncomePart>
                           <clos:exemption>52</clos:exemption>
                           <clos:daysUnfruitful>5</clos:daysUnfruitful>
                        </clos:cadastralInformation>
                     </clos:parcel>
                     <!--1 to 999 repetitions:-->
                     <clos:owner>
                        <!--You have a CHOICE of the next 2 items at this level-->
                        <clos:person>
                           <!--You have a CHOICE of the next 3 items at this level-->
                           <clos:socialSecurityNumber>125</clos:socialSecurityNumber>
                           <clos:lastname>baptiste</clos:lastname>
                        </clos:person>
                        <clos:rights>Admin</clos:rights>
                        <clos:ownerType>LEGAL_PERSON</clos:ownerType>
                     </clos:owner>
                  </clos:newState>
               </clos:report>
               <!--0 to 99 repetitions:-->
               <clos:linkedDossier>
                  <clos:referenceInitialService>referenceInitialService</clos:referenceInitialService>
                  <clos:referenceFodFin>15</clos:referenceFodFin>
               </clos:linkedDossier>
               <!--0 to 99 repetitions:-->
               <clos:attachment>
                  <com:fileName>cirb</com:fileName>
                  <com:data>    1234   </com:data>
               </clos:attachment>
            </clos:closedDossier>
         </v1:request>
      </v1:closedDossierRequest>
   </soapenv:Body>
</soapenv:Envelope>]]></con:request><con:credentials><con:selectedAuthProfile>Basic</con:selectedAuthProfile><con:addedBasicAuthenticationTypes>Basic</con:addedBasicAuthenticationTypes><con:authType>Global HTTP Settings</con:authType></con:credentials><con:jmsConfig JMSDeliveryMode="PERSISTENT"/><con:jmsPropertyConfig/><con:wsaConfig mustUnderstand="NONE" version="200508" action="http://fidus.brussels/services/exportfromregondesservice/closedDossier"/><con:wsrmConfig version="1.2"/></con:call></con:operation><con:operation id="f88eacdb-743a-4601-a3e9-3e5fcb87833e" isOneWay="false" action="http://fidus.brussels/services/exportfromregondesservice/postponedDossier" name="postponedDossier" bindingOperationName="postponedDossier" type="Request-Response" inputName="" receivesAttachments="false" sendsAttachments="false" anonymous="optional"><con:settings/><con:call id="7de93a2f-221f-4210-a452-57a86c8b7ea6" name="1 - Local - Request - Success" incomingWss="Inflow DEV" outgoingWss="Outflow DEV"><con:settings><con:setting id="com.eviware.soapui.impl.wsdl.WsdlRequest@request-headers">&lt;xml-fragment/></con:setting></con:settings><con:encoding>UTF-8</con:encoding><con:endpoint>https://localhost:8243/services/ExportFromRegondesService_v1.0</con:endpoint><con:request><![CDATA[<soapenv:Envelope xmlns:soapenv="http://schemas.xmlsoap.org/soap/envelope/" xmlns:v1="http://fidus.brussels/service/exportfromregondesservice/messages/v1" xmlns:v11="http://fidus.brussels/type/common/messages/v1" xmlns:pos="http://www.minfin.fgov.be/regondes2/extern/taxservice/exports/postponedDossiers" xmlns:com="http://www.minfin.fgov.be/regondes2/extern/taxservice/common">
   <soapenv:Header/>
   <soapenv:Body>
      <v1:postponedDossierRequest>
         <v1:messageContext>
            <v11:messageId>${=import static java.util.UUID.randomUUID; uuid = randomUUID() as String}</v11:messageId>
            <!--Optional:-->
            <v11:timestamp>${=new java.text.SimpleDateFormat("yyyy-MM-dd'T'HH:mm:ss.SSS").format(new Date())}</v11:timestamp>
         </v1:messageContext>
         <v1:legalContext>ServiceIntegrator</v1:legalContext>
         <v1:request>
            <pos:postponedDossier>
               <pos:referenceFodFin>11223344</pos:referenceFodFin>
               <pos:initialService>
                  <!--Optional:-->
                  <com:technicalReference>technicalReference</com:technicalReference>
                  <com:type>AAF</com:type>
                  <com:reference>reference</com:reference>
               </pos:initialService>
               <pos:postponement>
                  <pos:datePostponement>${=new java.text.SimpleDateFormat("yyyy-MM-dd").format(new Date())}</pos:datePostponement>
                  <pos:reasonPostponed>TEST</pos:reasonPostponed>
                  <pos:newTargetDate>${=new java.text.SimpleDateFormat("yyyy-MM-dd").format(new Date())}</pos:newTargetDate>
               </pos:postponement>
            </pos:postponedDossier>
         </v1:request>
      </v1:postponedDossierRequest>
   </soapenv:Body>
</soapenv:Envelope>]]></con:request><con:credentials><con:selectedAuthProfile>Basic</con:selectedAuthProfile><con:addedBasicAuthenticationTypes>Basic</con:addedBasicAuthenticationTypes><con:authType>Global HTTP Settings</con:authType></con:credentials><con:jmsConfig JMSDeliveryMode="PERSISTENT"/><con:jmsPropertyConfig/><con:wsaConfig mustUnderstand="NONE" version="200508" action="http://fidus.brussels/services/exportfromregondesservice/postponedDossier"/><con:wsrmConfig version="1.2"/></con:call><con:call id="fc1400a8-2d97-439c-a538-0fc1a467f154" name="1 - Local - Request - Error" incomingWss="Inflow DEV" outgoingWss="Outflow DEV"><con:settings><con:setting id="com.eviware.soapui.impl.wsdl.WsdlRequest@request-headers">&lt;xml-fragment/></con:setting></con:settings><con:encoding>UTF-8</con:encoding><con:endpoint>https://localhost:8243/services/ExportFromRegondesService_v1.0</con:endpoint><con:request><![CDATA[<soapenv:Envelope xmlns:soapenv="http://schemas.xmlsoap.org/soap/envelope/" xmlns:v1="http://fidus.brussels/service/exportfromregondesservice/messages/v1" xmlns:v11="http://fidus.brussels/type/common/messages/v1" xmlns:pos="http://www.minfin.fgov.be/regondes2/extern/taxservice/exports/postponedDossiers" xmlns:com="http://www.minfin.fgov.be/regondes2/extern/taxservice/common">
   <soapenv:Header/>
   <soapenv:Body>
      <v1:postponedDossierRequest>
         <v1:messageContext>
            <v11:messageId>${=import static java.util.UUID.randomUUID; uuid = randomUUID() as String}</v11:messageId>
            <!--Optional:-->
            <v11:timestamp>${=new java.text.SimpleDateFormat("yyyy-MM-dd'T'HH:mm:ss.SSS").format(new Date())}</v11:timestamp>
         </v1:messageContext>
         <v1:legalContext>ServiceIntegrator</v1:legalContext>
         <v1:request>
            <pos:postponedDossier>
               <!-- <pos:referenceFodFin>12003001507</pos:referenceFodFin> --> <!-- Technical reference not found -->
               <!-- <pos:referenceFodFin>12003001506</pos:referenceFodFin> --> <!-- Reference not found -->  
               <pos:referenceFodFin>11223345</pos:referenceFodFin> <!-- Requested dossier is already close -->
               <pos:initialService>
                  <!--Optional:-->
                  <com:technicalReference>technicalReference</com:technicalReference>
                  <com:type>AAF</com:type>
                  <com:reference>reference</com:reference>
               </pos:initialService>
               <pos:postponement>
                  <pos:datePostponement>${=new java.text.SimpleDateFormat("yyyy-MM-dd").format(new Date())}</pos:datePostponement>
                  <pos:reasonPostponed>TEST</pos:reasonPostponed>
                  <pos:newTargetDate>${=new java.text.SimpleDateFormat("yyyy-MM-dd").format(new Date())}</pos:newTargetDate>
               </pos:postponement>
            </pos:postponedDossier>
         </v1:request>
      </v1:postponedDossierRequest>
   </soapenv:Body>
</soapenv:Envelope>]]></con:request><con:credentials><con:selectedAuthProfile>Basic</con:selectedAuthProfile><con:addedBasicAuthenticationTypes>Basic</con:addedBasicAuthenticationTypes><con:authType>Global HTTP Settings</con:authType></con:credentials><con:jmsConfig JMSDeliveryMode="PERSISTENT"/><con:jmsPropertyConfig/><con:wsaConfig mustUnderstand="NONE" version="200508" action="http://fidus.brussels/services/exportfromregondesservice/postponedDossier"/><con:wsrmConfig version="1.2"/></con:call><con:call id="20714604-2017-4093-bf1f-4f53fd572191" name="2 - Dev - Request - Success" incomingWss="Inflow DEV" outgoingWss="Outflow DEV"><con:settings><con:setting id="com.eviware.soapui.impl.wsdl.WsdlRequest@request-headers">&lt;xml-fragment/></con:setting></con:settings><con:encoding>UTF-8</con:encoding><con:endpoint>https://192.168.36.61:8243/services/ExportFromRegondesService_v1.0</con:endpoint><con:request><![CDATA[<soapenv:Envelope xmlns:soapenv="http://schemas.xmlsoap.org/soap/envelope/" xmlns:v1="http://fidus.brussels/service/exportfromregondesservice/messages/v1" xmlns:v11="http://fidus.brussels/type/common/messages/v1" xmlns:pos="http://www.minfin.fgov.be/regondes2/extern/taxservice/exports/postponedDossiers" xmlns:com="http://www.minfin.fgov.be/regondes2/extern/taxservice/common">
   <soapenv:Header/>
   <soapenv:Body>
      <v1:postponedDossierRequest>
         <v1:messageContext>
            <v11:messageId>${=import static java.util.UUID.randomUUID; uuid = randomUUID() as String}</v11:messageId>
            <!--Optional:-->
            <v11:timestamp>${=new java.text.SimpleDateFormat("yyyy-MM-dd'T'HH:mm:ss.SSS").format(new Date())}</v11:timestamp>
         </v1:messageContext>
         <v1:legalContext>ServiceIntegrator</v1:legalContext>
         <v1:request>
            <pos:postponedDossier>
               <pos:referenceFodFin>11223344</pos:referenceFodFin>
               <pos:initialService>
                  <!--Optional:-->
                  <com:technicalReference>technicalReference</com:technicalReference>
                  <com:type>AAF</com:type>
                  <com:reference>reference</com:reference>
               </pos:initialService>
               <pos:postponement>
                  <pos:datePostponement>${=new java.text.SimpleDateFormat("yyyy-MM-dd").format(new Date())}</pos:datePostponement>
                  <pos:reasonPostponed>TEST</pos:reasonPostponed>
                  <pos:newTargetDate>${=new java.text.SimpleDateFormat("yyyy-MM-dd").format(new Date())}</pos:newTargetDate>
               </pos:postponement>
            </pos:postponedDossier>
         </v1:request>
      </v1:postponedDossierRequest>
   </soapenv:Body>
</soapenv:Envelope>]]></con:request><con:credentials><con:selectedAuthProfile>Basic</con:selectedAuthProfile><con:addedBasicAuthenticationTypes>Basic</con:addedBasicAuthenticationTypes><con:authType>Global HTTP Settings</con:authType></con:credentials><con:jmsConfig JMSDeliveryMode="PERSISTENT"/><con:jmsPropertyConfig/><con:wsaConfig mustUnderstand="NONE" version="200508" action="http://fidus.brussels/services/exportfromregondesservice/postponedDossier"/><con:wsrmConfig version="1.2"/></con:call><con:call id="10111671-fdf2-4375-8d14-e4a44842a128" name="2 - Dev - Request - Error" incomingWss="Inflow DEV" outgoingWss="Outflow DEV"><con:settings><con:setting id="com.eviware.soapui.impl.wsdl.WsdlRequest@request-headers">&lt;xml-fragment/></con:setting></con:settings><con:encoding>UTF-8</con:encoding><con:endpoint>https://192.168.36.61:8243/services/ExportFromRegondesService_v1.0</con:endpoint><con:request><![CDATA[<soapenv:Envelope xmlns:soapenv="http://schemas.xmlsoap.org/soap/envelope/" xmlns:v1="http://fidus.brussels/service/exportfromregondesservice/messages/v1" xmlns:v11="http://fidus.brussels/type/common/messages/v1" xmlns:pos="http://www.minfin.fgov.be/regondes2/extern/taxservice/exports/postponedDossiers" xmlns:com="http://www.minfin.fgov.be/regondes2/extern/taxservice/common">
   <soapenv:Header/>
   <soapenv:Body>
      <v1:postponedDossierRequest>
         <v1:messageContext>
            <v11:messageId>${=import static java.util.UUID.randomUUID; uuid = randomUUID() as String}</v11:messageId>
            <!--Optional:-->
            <v11:timestamp>${=new java.text.SimpleDateFormat("yyyy-MM-dd'T'HH:mm:ss.SSS").format(new Date())}</v11:timestamp>
         </v1:messageContext>
         <v1:legalContext>ServiceIntegrator</v1:legalContext>
         <v1:request>
            <pos:postponedDossier>
               <!-- <pos:referenceFodFin>12003001507</pos:referenceFodFin> --> <!-- Technical reference not found -->
               <!-- <pos:referenceFodFin>12003001506</pos:referenceFodFin> --> <!-- Reference not found -->  
               <pos:referenceFodFin>11223345</pos:referenceFodFin> <!-- Requested dossier is already close -->
               <pos:initialService>
                  <!--Optional:-->
                  <com:technicalReference>technicalReference</com:technicalReference>
                  <com:type>AAF</com:type>
                  <com:reference>reference</com:reference>
               </pos:initialService>
               <pos:postponement>
                  <pos:datePostponement>${=new java.text.SimpleDateFormat("yyyy-MM-dd").format(new Date())}</pos:datePostponement>
                  <pos:reasonPostponed>TEST</pos:reasonPostponed>
                  <pos:newTargetDate>${=new java.text.SimpleDateFormat("yyyy-MM-dd").format(new Date())}</pos:newTargetDate>
               </pos:postponement>
            </pos:postponedDossier>
         </v1:request>
      </v1:postponedDossierRequest>
   </soapenv:Body>
</soapenv:Envelope>]]></con:request><con:credentials><con:selectedAuthProfile>Basic</con:selectedAuthProfile><con:addedBasicAuthenticationTypes>Basic</con:addedBasicAuthenticationTypes><con:authType>Global HTTP Settings</con:authType></con:credentials><con:jmsConfig JMSDeliveryMode="PERSISTENT"/><con:jmsPropertyConfig/><con:wsaConfig mustUnderstand="NONE" version="200508" action="http://fidus.brussels/services/exportfromregondesservice/postponedDossier"/><con:wsrmConfig version="1.2"/></con:call><con:call id="51725dd1-b164-497a-9c6f-3f73ca8334a2" name="3 - Test - LB - Request" outgoingWss="Outflow TEST" incomingWss="Inflow TEST"><con:settings><con:setting id="com.eviware.soapui.impl.wsdl.WsdlRequest@request-headers">&lt;xml-fragment/></con:setting></con:settings><con:encoding>UTF-8</con:encoding><con:endpoint>https://esb-security-gw.sta.srv.cirb.lan:8443/services/ExportFromRegondesService_v1.0</con:endpoint><con:request><![CDATA[<soapenv:Envelope xmlns:soapenv="http://schemas.xmlsoap.org/soap/envelope/" xmlns:v1="http://fidus.brussels/service/exportfromregondesservice/messages/v1" xmlns:v11="http://fidus.brussels/type/common/messages/v1" xmlns:pos="http://www.minfin.fgov.be/regondes2/extern/taxservice/exports/postponedDossiers" xmlns:com="http://www.minfin.fgov.be/regondes2/extern/taxservice/common">
   <soapenv:Header/>
   <soapenv:Body>
      <v1:postponedDossierRequest>
         <v1:messageContext>
            <v11:messageId>${=import static java.util.UUID.randomUUID; uuid = randomUUID() as String}</v11:messageId>
            <!--Optional:-->
            <v11:timestamp>${=new java.text.SimpleDateFormat("yyyy-MM-dd'T'HH:mm:ss.SSS").format(new Date())}</v11:timestamp>
         </v1:messageContext>
         <v1:legalContext>ServiceIntegrator</v1:legalContext>
         <v1:request>
            <pos:postponedDossier>
               <pos:referenceFodFin>11223344</pos:referenceFodFin>
               <pos:initialService>
                  <!--Optional:-->
                  <com:technicalReference>technicalReference</com:technicalReference>
                  <com:type>AAF</com:type>
                  <com:reference>reference</com:reference>
               </pos:initialService>
               <pos:postponement>
                  <pos:datePostponement>${=new java.text.SimpleDateFormat("yyyy-MM-dd").format(new Date())}</pos:datePostponement>
                  <pos:reasonPostponed>TEST</pos:reasonPostponed>
                  <pos:newTargetDate>${=new java.text.SimpleDateFormat("yyyy-MM-dd").format(new Date())}</pos:newTargetDate>
               </pos:postponement>
            </pos:postponedDossier>
         </v1:request>
      </v1:postponedDossierRequest>
   </soapenv:Body>
</soapenv:Envelope>]]></con:request><con:credentials><con:selectedAuthProfile>Basic</con:selectedAuthProfile><con:addedBasicAuthenticationTypes>Basic</con:addedBasicAuthenticationTypes><con:authType>Global HTTP Settings</con:authType></con:credentials><con:jmsConfig JMSDeliveryMode="PERSISTENT"/><con:jmsPropertyConfig/><con:wsaConfig mustUnderstand="NONE" version="200508" action="http://fidus.brussels/services/exportfromregondesservice/postponedDossier"/><con:wsrmConfig version="1.2"/></con:call><con:call id="751525d9-2cb5-4292-8d95-79342a2d56f7" name="3 - Test - Worker1 - Request" incomingWss="Inflow TEST" outgoingWss="Outflow TEST"><con:settings><con:setting id="com.eviware.soapui.impl.wsdl.WsdlRequest@request-headers">&lt;xml-fragment/></con:setting></con:settings><con:encoding>UTF-8</con:encoding><con:endpoint>https://192.168.22.53:8443/services/ExportFromRegondesService_v1.0</con:endpoint><con:request><![CDATA[<soapenv:Envelope xmlns:soapenv="http://schemas.xmlsoap.org/soap/envelope/" xmlns:v1="http://fidus.brussels/service/exportfromregondesservice/messages/v1" xmlns:v11="http://fidus.brussels/type/common/messages/v1" xmlns:pos="http://www.minfin.fgov.be/regondes2/extern/taxservice/exports/postponedDossiers" xmlns:com="http://www.minfin.fgov.be/regondes2/extern/taxservice/common">
   <soapenv:Header/>
   <soapenv:Body>
      <v1:postponedDossierRequest>
         <v1:messageContext>
            <v11:messageId>${=import static java.util.UUID.randomUUID; uuid = randomUUID() as String}</v11:messageId>
            <!--Optional:-->
            <v11:timestamp>${=new java.text.SimpleDateFormat("yyyy-MM-dd'T'HH:mm:ss.SSS").format(new Date())}</v11:timestamp>
         </v1:messageContext>
         <v1:legalContext>ServiceIntegrator</v1:legalContext>
         <v1:request>
            <pos:postponedDossier>
               <pos:referenceFodFin>11223344</pos:referenceFodFin>
               <pos:initialService>
                  <!--Optional:-->
                  <com:technicalReference>technicalReference</com:technicalReference>
                  <com:type>AAF</com:type>
                  <com:reference>reference</com:reference>
               </pos:initialService>
               <pos:postponement>
                  <pos:datePostponement>${=new java.text.SimpleDateFormat("yyyy-MM-dd").format(new Date())}</pos:datePostponement>
                  <pos:reasonPostponed>TEST</pos:reasonPostponed>
                  <pos:newTargetDate>${=new java.text.SimpleDateFormat("yyyy-MM-dd").format(new Date())}</pos:newTargetDate>
               </pos:postponement>
            </pos:postponedDossier>
         </v1:request>
      </v1:postponedDossierRequest>
   </soapenv:Body>
</soapenv:Envelope>]]></con:request><con:credentials><con:selectedAuthProfile>Basic</con:selectedAuthProfile><con:addedBasicAuthenticationTypes>Basic</con:addedBasicAuthenticationTypes><con:authType>Global HTTP Settings</con:authType></con:credentials><con:jmsConfig JMSDeliveryMode="PERSISTENT"/><con:jmsPropertyConfig/><con:wsaConfig mustUnderstand="NONE" version="200508" action="http://fidus.brussels/services/exportfromregondesservice/postponedDossier"/><con:wsrmConfig version="1.2"/></con:call><con:call id="1a521fa1-436b-4dfb-8940-c9b4a86bf3ed" name="3 - Test - Worker2 - Request" incomingWss="Inflow TEST" outgoingWss="Outflow TEST"><con:settings><con:setting id="com.eviware.soapui.impl.wsdl.WsdlRequest@request-headers">&lt;xml-fragment/></con:setting></con:settings><con:encoding>UTF-8</con:encoding><con:endpoint>https://192.168.22.54:8443/services/ExportFromRegondesService_v1.0</con:endpoint><con:request><![CDATA[<soapenv:Envelope xmlns:soapenv="http://schemas.xmlsoap.org/soap/envelope/" xmlns:v1="http://fidus.brussels/service/exportfromregondesservice/messages/v1" xmlns:v11="http://fidus.brussels/type/common/messages/v1" xmlns:pos="http://www.minfin.fgov.be/regondes2/extern/taxservice/exports/postponedDossiers" xmlns:com="http://www.minfin.fgov.be/regondes2/extern/taxservice/common">
   <soapenv:Header/>
   <soapenv:Body>
      <v1:postponedDossierRequest>
         <v1:messageContext>
            <v11:messageId>${=import static java.util.UUID.randomUUID; uuid = randomUUID() as String}</v11:messageId>
            <!--Optional:-->
            <v11:timestamp>${=new java.text.SimpleDateFormat("yyyy-MM-dd'T'HH:mm:ss.SSS").format(new Date())}</v11:timestamp>
         </v1:messageContext>
         <v1:legalContext>ServiceIntegrator</v1:legalContext>
         <v1:request>
            <pos:postponedDossier>
               <pos:referenceFodFin>11223344</pos:referenceFodFin>
               <pos:initialService>
                  <!--Optional:-->
                  <com:technicalReference>technicalReference</com:technicalReference>
                  <com:type>AAF</com:type>
                  <com:reference>reference</com:reference>
               </pos:initialService>
               <pos:postponement>
                  <pos:datePostponement>${=new java.text.SimpleDateFormat("yyyy-MM-dd").format(new Date())}</pos:datePostponement>
                  <pos:reasonPostponed>TEST</pos:reasonPostponed>
                  <pos:newTargetDate>${=new java.text.SimpleDateFormat("yyyy-MM-dd").format(new Date())}</pos:newTargetDate>
               </pos:postponement>
            </pos:postponedDossier>
         </v1:request>
      </v1:postponedDossierRequest>
   </soapenv:Body>
</soapenv:Envelope>]]></con:request><con:credentials><con:selectedAuthProfile>Basic</con:selectedAuthProfile><con:addedBasicAuthenticationTypes>Basic</con:addedBasicAuthenticationTypes><con:authType>Global HTTP Settings</con:authType></con:credentials><con:jmsConfig JMSDeliveryMode="PERSISTENT"/><con:jmsPropertyConfig/><con:wsaConfig mustUnderstand="NONE" version="200508" action="http://fidus.brussels/services/exportfromregondesservice/postponedDossier"/><con:wsrmConfig version="1.2"/></con:call><con:call id="502e264b-bfb8-44f7-9476-8d50495a8e8c" name="4 - Staging - LB - Request" outgoingWss="Outflow STAGING" incomingWss="Inflow STAGING"><con:settings><con:setting id="com.eviware.soapui.impl.wsdl.WsdlRequest@request-headers">&lt;xml-fragment/></con:setting></con:settings><con:encoding>UTF-8</con:encoding><con:endpoint>https://fidus-esb-sg.sta.srv.cirb.lan:8443/services/ExportFromRegondesService_v1.0</con:endpoint><con:request><![CDATA[<soapenv:Envelope xmlns:soapenv="http://schemas.xmlsoap.org/soap/envelope/" xmlns:v1="http://fidus.brussels/service/exportfromregondesservice/messages/v1" xmlns:v11="http://fidus.brussels/type/common/messages/v1" xmlns:pos="http://www.minfin.fgov.be/regondes2/extern/taxservice/exports/postponedDossiers" xmlns:com="http://www.minfin.fgov.be/regondes2/extern/taxservice/common">
   <soapenv:Header/>
   <soapenv:Body>
      <v1:postponedDossierRequest>
         <v1:messageContext>
            <v11:messageId>${=import static java.util.UUID.randomUUID; uuid = randomUUID() as String}</v11:messageId>
            <!--Optional:-->
            <v11:timestamp>${=new java.text.SimpleDateFormat("yyyy-MM-dd'T'HH:mm:ss.SSS").format(new Date())}</v11:timestamp>
         </v1:messageContext>
         <v1:legalContext>ServiceIntegrator</v1:legalContext>
         <v1:request>
            <pos:postponedDossier>
               <pos:referenceFodFin>11223344</pos:referenceFodFin>
               <pos:initialService>
                  <!--Optional:-->
                  <com:technicalReference>technicalReference</com:technicalReference>
                  <com:type>AAF</com:type>
                  <com:reference>reference</com:reference>
               </pos:initialService>
               <pos:postponement>
                  <pos:datePostponement>${=new java.text.SimpleDateFormat("yyyy-MM-dd").format(new Date())}</pos:datePostponement>
                  <pos:reasonPostponed>TEST</pos:reasonPostponed>
                  <pos:newTargetDate>${=new java.text.SimpleDateFormat("yyyy-MM-dd").format(new Date())}</pos:newTargetDate>
               </pos:postponement>
            </pos:postponedDossier>
         </v1:request>
      </v1:postponedDossierRequest>
   </soapenv:Body>
</soapenv:Envelope>]]></con:request><con:credentials><con:selectedAuthProfile>Basic</con:selectedAuthProfile><con:addedBasicAuthenticationTypes>Basic</con:addedBasicAuthenticationTypes><con:authType>Global HTTP Settings</con:authType></con:credentials><con:jmsConfig JMSDeliveryMode="PERSISTENT"/><con:jmsPropertyConfig/><con:wsaConfig mustUnderstand="NONE" version="200508" action="http://fidus.brussels/services/exportfromregondesservice/postponedDossier"/><con:wsrmConfig version="1.2"/></con:call><con:call id="890b98a4-c009-4270-830e-09c218e69ca1" name="4 - Staging - Worker1 - Request" incomingWss="Inflow STAGING" outgoingWss="Outflow STAGING"><con:settings><con:setting id="com.eviware.soapui.impl.wsdl.WsdlRequest@request-headers">&lt;xml-fragment/></con:setting></con:settings><con:encoding>UTF-8</con:encoding><con:endpoint>https://192.168.24.16:8443/services/ExportFromRegondesService_v1.0</con:endpoint><con:request><![CDATA[<soapenv:Envelope xmlns:soapenv="http://schemas.xmlsoap.org/soap/envelope/" xmlns:v1="http://fidus.brussels/service/exportfromregondesservice/messages/v1" xmlns:v11="http://fidus.brussels/type/common/messages/v1" xmlns:pos="http://www.minfin.fgov.be/regondes2/extern/taxservice/exports/postponedDossiers" xmlns:com="http://www.minfin.fgov.be/regondes2/extern/taxservice/common">
   <soapenv:Header/>
   <soapenv:Body>
      <v1:postponedDossierRequest>
         <v1:messageContext>
            <v11:messageId>${=import static java.util.UUID.randomUUID; uuid = randomUUID() as String}</v11:messageId>
            <!--Optional:-->
            <v11:timestamp>${=new java.text.SimpleDateFormat("yyyy-MM-dd'T'HH:mm:ss.SSS").format(new Date())}</v11:timestamp>
         </v1:messageContext>
         <v1:legalContext>ServiceIntegrator</v1:legalContext>
         <v1:request>
            <pos:postponedDossier>
               <pos:referenceFodFin>11223344</pos:referenceFodFin>
               <pos:initialService>
                  <!--Optional:-->
                  <com:technicalReference>technicalReference</com:technicalReference>
                  <com:type>AAF</com:type>
                  <com:reference>reference</com:reference>
               </pos:initialService>
               <pos:postponement>
                  <pos:datePostponement>${=new java.text.SimpleDateFormat("yyyy-MM-dd").format(new Date())}</pos:datePostponement>
                  <pos:reasonPostponed>TEST</pos:reasonPostponed>
                  <pos:newTargetDate>${=new java.text.SimpleDateFormat("yyyy-MM-dd").format(new Date())}</pos:newTargetDate>
               </pos:postponement>
            </pos:postponedDossier>
         </v1:request>
      </v1:postponedDossierRequest>
   </soapenv:Body>
</soapenv:Envelope>]]></con:request><con:credentials><con:selectedAuthProfile>Basic</con:selectedAuthProfile><con:addedBasicAuthenticationTypes>Basic</con:addedBasicAuthenticationTypes><con:authType>Global HTTP Settings</con:authType></con:credentials><con:jmsConfig JMSDeliveryMode="PERSISTENT"/><con:jmsPropertyConfig/><con:wsaConfig mustUnderstand="NONE" version="200508" action="http://fidus.brussels/services/exportfromregondesservice/postponedDossier"/><con:wsrmConfig version="1.2"/></con:call><con:call id="a0f49606-3d56-4fc4-835c-3b79ec54681a" name="4 - Staging - worker2 - Request" incomingWss="Inflow STAGING" outgoingWss="Outflow STAGING"><con:settings><con:setting id="com.eviware.soapui.impl.wsdl.WsdlRequest@request-headers">&lt;xml-fragment/></con:setting></con:settings><con:encoding>UTF-8</con:encoding><con:endpoint>https://192.168.24.17:8443/services/ExportFromRegondesService_v1.0</con:endpoint><con:request><![CDATA[<soapenv:Envelope xmlns:soapenv="http://schemas.xmlsoap.org/soap/envelope/" xmlns:v1="http://fidus.brussels/service/exportfromregondesservice/messages/v1" xmlns:v11="http://fidus.brussels/type/common/messages/v1" xmlns:pos="http://www.minfin.fgov.be/regondes2/extern/taxservice/exports/postponedDossiers" xmlns:com="http://www.minfin.fgov.be/regondes2/extern/taxservice/common">
   <soapenv:Header/>
   <soapenv:Body>
      <v1:postponedDossierRequest>
         <v1:messageContext>
            <v11:messageId>${=import static java.util.UUID.randomUUID; uuid = randomUUID() as String}</v11:messageId>
            <!--Optional:-->
            <v11:timestamp>${=new java.text.SimpleDateFormat("yyyy-MM-dd'T'HH:mm:ss.SSS").format(new Date())}</v11:timestamp>
         </v1:messageContext>
         <v1:legalContext>ServiceIntegrator</v1:legalContext>
         <v1:request>
            <pos:postponedDossier>
               <pos:referenceFodFin>11223344</pos:referenceFodFin>
               <pos:initialService>
                  <!--Optional:-->
                  <com:technicalReference>technicalReference</com:technicalReference>
                  <com:type>AAF</com:type>
                  <com:reference>reference</com:reference>
               </pos:initialService>
               <pos:postponement>
                  <pos:datePostponement>${=new java.text.SimpleDateFormat("yyyy-MM-dd").format(new Date())}</pos:datePostponement>
                  <pos:reasonPostponed>TEST</pos:reasonPostponed>
                  <pos:newTargetDate>${=new java.text.SimpleDateFormat("yyyy-MM-dd").format(new Date())}</pos:newTargetDate>
               </pos:postponement>
            </pos:postponedDossier>
         </v1:request>
      </v1:postponedDossierRequest>
   </soapenv:Body>
</soapenv:Envelope>]]></con:request><con:credentials><con:selectedAuthProfile>Basic</con:selectedAuthProfile><con:addedBasicAuthenticationTypes>Basic</con:addedBasicAuthenticationTypes><con:authType>Global HTTP Settings</con:authType></con:credentials><con:jmsConfig JMSDeliveryMode="PERSISTENT"/><con:jmsPropertyConfig/><con:wsaConfig mustUnderstand="NONE" version="200508" action="http://fidus.brussels/services/exportfromregondesservice/postponedDossier"/><con:wsrmConfig version="1.2"/></con:call><con:call id="edbeaf0d-8e82-4594-b95e-33e1c5c92f61" name="5 - Prod - LB - Request" incomingWss="Inflow PROD" outgoingWss="Outflow PROD"><con:settings><con:setting id="com.eviware.soapui.impl.wsdl.WsdlRequest@request-headers">&lt;xml-fragment/></con:setting></con:settings><con:encoding>UTF-8</con:encoding><con:endpoint>https://fidus-esb-sg.prd.srv.cirb.lan:8443/services/ExportFromRegondesService_v1.0</con:endpoint><con:request><![CDATA[<soapenv:Envelope xmlns:soapenv="http://schemas.xmlsoap.org/soap/envelope/" xmlns:v1="http://fidus.brussels/service/exportfromregondesservice/messages/v1" xmlns:v11="http://fidus.brussels/type/common/messages/v1" xmlns:pos="http://www.minfin.fgov.be/regondes2/extern/taxservice/exports/postponedDossiers" xmlns:com="http://www.minfin.fgov.be/regondes2/extern/taxservice/common">
   <soapenv:Header/>
   <soapenv:Body>
      <v1:postponedDossierRequest>
         <v1:messageContext>
            <v11:messageId>${=import static java.util.UUID.randomUUID; uuid = randomUUID() as String}</v11:messageId>
            <!--Optional:-->
            <v11:timestamp>${=new java.text.SimpleDateFormat("yyyy-MM-dd'T'HH:mm:ss.SSS").format(new Date())}</v11:timestamp>
         </v1:messageContext>
         <v1:legalContext>ServiceIntegrator</v1:legalContext>
         <v1:request>
            <pos:postponedDossier>
               <pos:referenceFodFin>11223344</pos:referenceFodFin>
               <pos:initialService>
                  <!--Optional:-->
                  <com:technicalReference>technicalReference</com:technicalReference>
                  <com:type>AAF</com:type>
                  <com:reference>reference</com:reference>
               </pos:initialService>
               <pos:postponement>
                  <pos:datePostponement>${=new java.text.SimpleDateFormat("yyyy-MM-dd").format(new Date())}</pos:datePostponement>
                  <pos:reasonPostponed>TEST</pos:reasonPostponed>
                  <pos:newTargetDate>${=new java.text.SimpleDateFormat("yyyy-MM-dd").format(new Date())}</pos:newTargetDate>
               </pos:postponement>
            </pos:postponedDossier>
         </v1:request>
      </v1:postponedDossierRequest>
   </soapenv:Body>
</soapenv:Envelope>]]></con:request><con:credentials><con:selectedAuthProfile>Basic</con:selectedAuthProfile><con:addedBasicAuthenticationTypes>Basic</con:addedBasicAuthenticationTypes><con:authType>Global HTTP Settings</con:authType></con:credentials><con:jmsConfig JMSDeliveryMode="PERSISTENT"/><con:jmsPropertyConfig/><con:wsaConfig mustUnderstand="NONE" version="200508" action="http://fidus.brussels/services/exportfromregondesservice/postponedDossier"/><con:wsrmConfig version="1.2"/></con:call><con:call id="6a1425de-0ae6-4abb-9c33-822dee03f9df" name="5 - Prod - External - Request" incomingWss="Inflow PROD" outgoingWss="Outflow PROD"><con:settings><con:setting id="com.eviware.soapui.impl.wsdl.WsdlRequest@request-headers">&lt;xml-fragment/></con:setting></con:settings><con:encoding>UTF-8</con:encoding><con:endpoint>https://fidus.sec.brussels/services/ExportFromRegondesservice_v1.0</con:endpoint><con:request><![CDATA[<soapenv:Envelope xmlns:soapenv="http://schemas.xmlsoap.org/soap/envelope/" xmlns:v1="http://fidus.brussels/service/exportfromregondesservice/messages/v1" xmlns:v11="http://fidus.brussels/type/common/messages/v1" xmlns:pos="http://www.minfin.fgov.be/regondes2/extern/taxservice/exports/postponedDossiers" xmlns:com="http://www.minfin.fgov.be/regondes2/extern/taxservice/common">
   <soapenv:Header/>
   <soapenv:Body>
      <v1:postponedDossierRequest>
         <v1:messageContext>
            <v11:messageId>${=import static java.util.UUID.randomUUID; uuid = randomUUID() as String}</v11:messageId>
            <!--Optional:-->
            <v11:timestamp>${=new java.text.SimpleDateFormat("yyyy-MM-dd'T'HH:mm:ss.SSS").format(new Date())}</v11:timestamp>
         </v1:messageContext>
         <v1:legalContext>ServiceIntegrator</v1:legalContext>
         <v1:request>
            <pos:postponedDossier>
               <pos:referenceFodFin>11223344</pos:referenceFodFin>
               <pos:initialService>
                  <!--Optional:-->
                  <com:technicalReference>technicalReference</com:technicalReference>
                  <com:type>AAF</com:type>
                  <com:reference>reference</com:reference>
               </pos:initialService>
               <pos:postponement>
                  <pos:datePostponement>${=new java.text.SimpleDateFormat("yyyy-MM-dd").format(new Date())}</pos:datePostponement>
                  <pos:reasonPostponed>TEST</pos:reasonPostponed>
                  <pos:newTargetDate>${=new java.text.SimpleDateFormat("yyyy-MM-dd").format(new Date())}</pos:newTargetDate>
               </pos:postponement>
            </pos:postponedDossier>
         </v1:request>
      </v1:postponedDossierRequest>
   </soapenv:Body>
</soapenv:Envelope>]]></con:request><con:credentials><con:selectedAuthProfile>Basic</con:selectedAuthProfile><con:addedBasicAuthenticationTypes>Basic</con:addedBasicAuthenticationTypes><con:authType>Global HTTP Settings</con:authType></con:credentials><con:jmsConfig JMSDeliveryMode="PERSISTENT"/><con:jmsPropertyConfig/><con:wsaConfig mustUnderstand="NONE" version="200508" action="http://fidus.brussels/services/exportfromregondesservice/postponedDossier"/><con:wsrmConfig version="1.2"/></con:call><con:call id="2477006f-b1e3-4a96-9110-e4f938d54f24" name="5 - Prod - Worker1 - Request" incomingWss="Inflow PROD" outgoingWss="Outflow PROD"><con:settings><con:setting id="com.eviware.soapui.impl.wsdl.WsdlRequest@request-headers">&lt;xml-fragment/></con:setting></con:settings><con:encoding>UTF-8</con:encoding><con:endpoint>https://192.168.26.22:8443/services/ExportFromRegondesService_v1.0</con:endpoint><con:request><![CDATA[<soapenv:Envelope xmlns:soapenv="http://schemas.xmlsoap.org/soap/envelope/" xmlns:v1="http://fidus.brussels/service/exportfromregondesservice/messages/v1" xmlns:v11="http://fidus.brussels/type/common/messages/v1" xmlns:pos="http://www.minfin.fgov.be/regondes2/extern/taxservice/exports/postponedDossiers" xmlns:com="http://www.minfin.fgov.be/regondes2/extern/taxservice/common">
   <soapenv:Header/>
   <soapenv:Body>
      <v1:postponedDossierRequest>
         <v1:messageContext>
            <v11:messageId>${=import static java.util.UUID.randomUUID; uuid = randomUUID() as String}</v11:messageId>
            <!--Optional:-->
            <v11:timestamp>${=new java.text.SimpleDateFormat("yyyy-MM-dd'T'HH:mm:ss.SSS").format(new Date())}</v11:timestamp>
         </v1:messageContext>
         <v1:legalContext>ServiceIntegrator</v1:legalContext>
         <v1:request>
            <pos:postponedDossier>
               <pos:referenceFodFin>11223344</pos:referenceFodFin>
               <pos:initialService>
                  <!--Optional:-->
                  <com:technicalReference>technicalReference</com:technicalReference>
                  <com:type>AAF</com:type>
                  <com:reference>reference</com:reference>
               </pos:initialService>
               <pos:postponement>
                  <pos:datePostponement>${=new java.text.SimpleDateFormat("yyyy-MM-dd").format(new Date())}</pos:datePostponement>
                  <pos:reasonPostponed>TEST</pos:reasonPostponed>
                  <pos:newTargetDate>${=new java.text.SimpleDateFormat("yyyy-MM-dd").format(new Date())}</pos:newTargetDate>
               </pos:postponement>
            </pos:postponedDossier>
         </v1:request>
      </v1:postponedDossierRequest>
   </soapenv:Body>
</soapenv:Envelope>]]></con:request><con:credentials><con:selectedAuthProfile>Basic</con:selectedAuthProfile><con:addedBasicAuthenticationTypes>Basic</con:addedBasicAuthenticationTypes><con:authType>Global HTTP Settings</con:authType></con:credentials><con:jmsConfig JMSDeliveryMode="PERSISTENT"/><con:jmsPropertyConfig/><con:wsaConfig mustUnderstand="NONE" version="200508" action="http://fidus.brussels/services/exportfromregondesservice/postponedDossier"/><con:wsrmConfig version="1.2"/></con:call><con:call id="c284bed1-97d1-42ce-ba34-3b35098b90b4" name="5 - Prod - Worker2 - Request" incomingWss="Inflow PROD" outgoingWss="Outflow PROD"><con:settings><con:setting id="com.eviware.soapui.impl.wsdl.WsdlRequest@request-headers">&lt;xml-fragment/></con:setting></con:settings><con:encoding>UTF-8</con:encoding><con:endpoint>https://192.168.26.19:8443/services/ExportFromRegondesService_v1.0</con:endpoint><con:request><![CDATA[<soapenv:Envelope xmlns:soapenv="http://schemas.xmlsoap.org/soap/envelope/" xmlns:v1="http://fidus.brussels/service/exportfromregondesservice/messages/v1" xmlns:v11="http://fidus.brussels/type/common/messages/v1" xmlns:pos="http://www.minfin.fgov.be/regondes2/extern/taxservice/exports/postponedDossiers" xmlns:com="http://www.minfin.fgov.be/regondes2/extern/taxservice/common">
   <soapenv:Header/>
   <soapenv:Body>
      <v1:postponedDossierRequest>
         <v1:messageContext>
            <v11:messageId>${=import static java.util.UUID.randomUUID; uuid = randomUUID() as String}</v11:messageId>
            <!--Optional:-->
            <v11:timestamp>${=new java.text.SimpleDateFormat("yyyy-MM-dd'T'HH:mm:ss.SSS").format(new Date())}</v11:timestamp>
         </v1:messageContext>
         <v1:legalContext>ServiceIntegrator</v1:legalContext>
         <v1:request>
            <pos:postponedDossier>
               <pos:referenceFodFin>11223344</pos:referenceFodFin>
               <pos:initialService>
                  <!--Optional:-->
                  <com:technicalReference>technicalReference</com:technicalReference>
                  <com:type>AAF</com:type>
                  <com:reference>reference</com:reference>
               </pos:initialService>
               <pos:postponement>
                  <pos:datePostponement>${=new java.text.SimpleDateFormat("yyyy-MM-dd").format(new Date())}</pos:datePostponement>
                  <pos:reasonPostponed>TEST</pos:reasonPostponed>
                  <pos:newTargetDate>${=new java.text.SimpleDateFormat("yyyy-MM-dd").format(new Date())}</pos:newTargetDate>
               </pos:postponement>
            </pos:postponedDossier>
         </v1:request>
      </v1:postponedDossierRequest>
   </soapenv:Body>
</soapenv:Envelope>]]></con:request><con:credentials><con:selectedAuthProfile>Basic</con:selectedAuthProfile><con:addedBasicAuthenticationTypes>Basic</con:addedBasicAuthenticationTypes><con:authType>Global HTTP Settings</con:authType></con:credentials><con:jmsConfig JMSDeliveryMode="PERSISTENT"/><con:jmsPropertyConfig/><con:wsaConfig mustUnderstand="NONE" version="200508" action="http://fidus.brussels/services/exportfromregondesservice/postponedDossier"/><con:wsrmConfig version="1.2"/></con:call><con:call id="1602bd77-adb8-4214-990b-eed2c58bdf45" name="3 - Test - External - Request" incomingWss="Inflow TEST" outgoingWss="Outflow TEST"><con:settings><con:setting id="com.eviware.soapui.impl.wsdl.WsdlRequest@request-headers">&lt;xml-fragment/></con:setting></con:settings><con:encoding>UTF-8</con:encoding><con:endpoint>https://fidus-test.irisnetlab.be/services/ExportFromRegondesService_v1.0</con:endpoint><con:request><![CDATA[<soapenv:Envelope xmlns:soapenv="http://schemas.xmlsoap.org/soap/envelope/" xmlns:v1="http://fidus.brussels/service/exportfromregondesservice/messages/v1" xmlns:v11="http://fidus.brussels/type/common/messages/v1" xmlns:pos="http://www.minfin.fgov.be/regondes2/extern/taxservice/exports/postponedDossiers" xmlns:com="http://www.minfin.fgov.be/regondes2/extern/taxservice/common">
   <soapenv:Header/>
   <soapenv:Body>
      <v1:postponedDossierRequest>
         <v1:messageContext>
            <v11:messageId>${=import static java.util.UUID.randomUUID; uuid = randomUUID() as String}</v11:messageId>
            <!--Optional:-->
            <v11:timestamp>${=new java.text.SimpleDateFormat("yyyy-MM-dd'T'HH:mm:ss.SSS").format(new Date())}</v11:timestamp>
         </v1:messageContext>
         <v1:legalContext>ServiceIntegrator</v1:legalContext>
         <v1:request>
            <pos:postponedDossier>
               <pos:referenceFodFin>11223344</pos:referenceFodFin>
               <pos:initialService>
                  <!--Optional:-->
                  <com:technicalReference>technicalReference</com:technicalReference>
                  <com:type>AAF</com:type>
                  <com:reference>reference</com:reference>
               </pos:initialService>
               <pos:postponement>
                  <pos:datePostponement>${=new java.text.SimpleDateFormat("yyyy-MM-dd").format(new Date())}</pos:datePostponement>
                  <pos:reasonPostponed>TEST</pos:reasonPostponed>
                  <pos:newTargetDate>${=new java.text.SimpleDateFormat("yyyy-MM-dd").format(new Date())}</pos:newTargetDate>
               </pos:postponement>
            </pos:postponedDossier>
         </v1:request>
      </v1:postponedDossierRequest>
   </soapenv:Body>
</soapenv:Envelope>]]></con:request><con:credentials><con:selectedAuthProfile>Basic</con:selectedAuthProfile><con:addedBasicAuthenticationTypes>Basic</con:addedBasicAuthenticationTypes><con:authType>Global HTTP Settings</con:authType></con:credentials><con:jmsConfig JMSDeliveryMode="PERSISTENT"/><con:jmsPropertyConfig/><con:wsaConfig mustUnderstand="NONE" version="200508" action="http://fidus.brussels/services/exportfromregondesservice/postponedDossier"/><con:wsrmConfig version="1.2"/></con:call><con:call id="9d37237d-90a6-4374-9729-6063a30b2b26" name="4 - Staging - External - Request" incomingWss="Inflow STAGING" outgoingWss="Outflow STAGING"><con:settings><con:setting id="com.eviware.soapui.impl.wsdl.WsdlRequest@request-headers">&lt;xml-fragment/></con:setting></con:settings><con:encoding>UTF-8</con:encoding><con:endpoint>https://fidus.irisnetlab.be/services/ExportFromRegondesService_v1.0</con:endpoint><con:request><![CDATA[<soapenv:Envelope xmlns:soapenv="http://schemas.xmlsoap.org/soap/envelope/" xmlns:v1="http://fidus.brussels/service/exportfromregondesservice/messages/v1" xmlns:v11="http://fidus.brussels/type/common/messages/v1" xmlns:pos="http://www.minfin.fgov.be/regondes2/extern/taxservice/exports/postponedDossiers" xmlns:com="http://www.minfin.fgov.be/regondes2/extern/taxservice/common">
   <soapenv:Header/>
   <soapenv:Body>
      <v1:postponedDossierRequest>
         <v1:messageContext>
            <v11:messageId>${=import static java.util.UUID.randomUUID; uuid = randomUUID() as String}</v11:messageId>
            <!--Optional:-->
            <v11:timestamp>${=new java.text.SimpleDateFormat("yyyy-MM-dd'T'HH:mm:ss.SSS").format(new Date())}</v11:timestamp>
         </v1:messageContext>
         <v1:legalContext>ServiceIntegrator</v1:legalContext>
         <v1:request>
            <pos:postponedDossier>
               <pos:referenceFodFin>11223344</pos:referenceFodFin>
               <pos:initialService>
                  <!--Optional:-->
                  <com:technicalReference>technicalReference</com:technicalReference>
                  <com:type>AAF</com:type>
                  <com:reference>reference</com:reference>
               </pos:initialService>
               <pos:postponement>
                  <pos:datePostponement>${=new java.text.SimpleDateFormat("yyyy-MM-dd").format(new Date())}</pos:datePostponement>
                  <pos:reasonPostponed>TEST</pos:reasonPostponed>
                  <pos:newTargetDate>${=new java.text.SimpleDateFormat("yyyy-MM-dd").format(new Date())}</pos:newTargetDate>
               </pos:postponement>
            </pos:postponedDossier>
         </v1:request>
      </v1:postponedDossierRequest>
   </soapenv:Body>
</soapenv:Envelope>]]></con:request><con:credentials><con:selectedAuthProfile>Basic</con:selectedAuthProfile><con:addedBasicAuthenticationTypes>Basic</con:addedBasicAuthenticationTypes><con:authType>Global HTTP Settings</con:authType></con:credentials><con:jmsConfig JMSDeliveryMode="PERSISTENT"/><con:jmsPropertyConfig/><con:wsaConfig mustUnderstand="NONE" version="200508" action="http://fidus.brussels/services/exportfromregondesservice/postponedDossier"/><con:wsrmConfig version="1.2"/></con:call></con:operation><con:operation id="a0d06949-632b-40af-a8b1-e975ea93ae14" isOneWay="false" action="http://fidus.brussels/services/exportfromregondesservice/serviceChange" name="serviceChange" bindingOperationName="serviceChange" type="Request-Response" inputName="" receivesAttachments="false" sendsAttachments="false" anonymous="optional"><con:settings/><con:call id="d6401369-7f3b-4e21-a968-daf4795ffde8" name="1 - Local - Request - Success" incomingWss="Inflow DEV" outgoingWss="Outflow DEV"><con:settings><con:setting id="com.eviware.soapui.impl.wsdl.WsdlRequest@request-headers">&lt;xml-fragment/></con:setting></con:settings><con:encoding>UTF-8</con:encoding><con:endpoint>https://localhost:8243/services/ExportFromRegondesService_v1.0</con:endpoint><con:request><![CDATA[<soapenv:Envelope xmlns:soapenv="http://schemas.xmlsoap.org/soap/envelope/" xmlns:v1="http://fidus.brussels/service/exportfromregondesservice/messages/v1" xmlns:v11="http://fidus.brussels/type/common/messages/v1" xmlns:ser="http://www.minfin.fgov.be/regondes2/extern/taxservice/exports/serviceChanged" xmlns:com="http://www.minfin.fgov.be/regondes2/extern/taxservice/common">
   <soapenv:Header/>
   <soapenv:Body>
      <v1:serviceChangeRequest>
         <v1:messageContext>
            <v11:messageId>${=import static java.util.UUID.randomUUID; uuid = randomUUID() as String}</v11:messageId>
            <!--Optional:-->
            <v11:timestamp>${=new java.text.SimpleDateFormat("yyyy-MM-dd'T'HH:mm:ss.SSS").format(new Date())}</v11:timestamp>
         </v1:messageContext>
         <v1:legalContext>ServiceIntegrator</v1:legalContext>
         <v1:request>
            <ser:serviceChange>
               <ser:referenceFodFin>11223344</ser:referenceFodFin>
               <ser:initialService>
                  <!--Optional:-->
                  <com:technicalReference>1524</com:technicalReference>
                  <com:type>AAF</com:type>
                  <com:reference>reference</com:reference>
               </ser:initialService>
               <!--1 to 99 repetitions:-->
               <ser:transfer>
                  <ser:serviceName>CIRB</ser:serviceName>
                  <ser:dateIn>${=new java.text.SimpleDateFormat("yyyy-MM-dd").format(new Date())}</ser:dateIn>
                  <!--Optional:-->
                  <ser:dateOut>${=new java.text.SimpleDateFormat("yyyy-MM-dd").format(new Date())}</ser:dateOut>
                  <ser:official>
                     <ser:firstName>jean</ser:firstName>
                     <ser:lastName>baptist</ser:lastName>
                     <ser:phoneNumber>0452363621</ser:phoneNumber>
                     <ser:email>cisyapan@cirb.brussels</ser:email>
                  </ser:official>
               </ser:transfer>
            </ser:serviceChange>
         </v1:request>
      </v1:serviceChangeRequest>
   </soapenv:Body>
</soapenv:Envelope>]]></con:request><con:credentials><con:selectedAuthProfile>Basic</con:selectedAuthProfile><con:addedBasicAuthenticationTypes>Basic</con:addedBasicAuthenticationTypes><con:authType>Global HTTP Settings</con:authType></con:credentials><con:jmsConfig JMSDeliveryMode="PERSISTENT"/><con:jmsPropertyConfig/><con:wsaConfig mustUnderstand="NONE" version="200508" action="http://fidus.brussels/services/exportfromregondesservice/serviceChange"/><con:wsrmConfig version="1.2"/></con:call><con:call id="ed82f06f-0980-4e6b-886a-4d3ff7f15b95" name="1 - Local - Request - Error" incomingWss="Inflow DEV" outgoingWss="Outflow DEV"><con:settings><con:setting id="com.eviware.soapui.impl.wsdl.WsdlRequest@request-headers">&lt;xml-fragment/></con:setting></con:settings><con:encoding>UTF-8</con:encoding><con:endpoint>https://localhost:8243/services/ExportFromRegondesService_v1.0</con:endpoint><con:request><![CDATA[<soapenv:Envelope xmlns:soapenv="http://schemas.xmlsoap.org/soap/envelope/" xmlns:v1="http://fidus.brussels/service/exportfromregondesservice/messages/v1" xmlns:v11="http://fidus.brussels/type/common/messages/v1" xmlns:ser="http://www.minfin.fgov.be/regondes2/extern/taxservice/exports/serviceChanged" xmlns:com="http://www.minfin.fgov.be/regondes2/extern/taxservice/common">
   <soapenv:Header/>
   <soapenv:Body>
      <v1:serviceChangeRequest>
         <v1:messageContext>
            <v11:messageId>${=import static java.util.UUID.randomUUID; uuid = randomUUID() as String}</v11:messageId>
            <!--Optional:-->
            <v11:timestamp>${=new java.text.SimpleDateFormat("yyyy-MM-dd'T'HH:mm:ss.SSS").format(new Date())}</v11:timestamp>
         </v1:messageContext>
         <v1:legalContext>ServiceIntegrator</v1:legalContext>
         <v1:request>
            <ser:serviceChange>
               <!-- <ser:referenceFodFin>11223347</ser:referenceFodFin> --> <!-- Technical reference not found -->
               <!-- <ser:referenceFodFin>11223346</ser:referenceFodFin> --> <!-- Reference not found -->  
               <ser:referenceFodFin>11223345</ser:referenceFodFin> <!-- Requested dossier is already close -->
               <ser:initialService>
                  <!--Optional:-->
                  <com:technicalReference>1524</com:technicalReference>
                  <com:type>AAF</com:type>
                  <com:reference>reference</com:reference>
               </ser:initialService>
               <!--1 to 99 repetitions:-->
               <ser:transfer>
                  <ser:serviceName>CIRB</ser:serviceName>
                  <ser:dateIn>${=new java.text.SimpleDateFormat("yyyy-MM-dd").format(new Date())}</ser:dateIn>
                  <!--Optional:-->
                  <ser:dateOut>${=new java.text.SimpleDateFormat("yyyy-MM-dd").format(new Date())}</ser:dateOut>
                  <ser:official>
                     <ser:firstName>jean</ser:firstName>
                     <ser:lastName>baptist</ser:lastName>
                     <ser:phoneNumber>0452363621</ser:phoneNumber>
                     <ser:email>cisyapan@cirb.brussels</ser:email>
                  </ser:official>
               </ser:transfer>
            </ser:serviceChange>
         </v1:request>
      </v1:serviceChangeRequest>
   </soapenv:Body>
</soapenv:Envelope>]]></con:request><con:credentials><con:selectedAuthProfile>Basic</con:selectedAuthProfile><con:addedBasicAuthenticationTypes>Basic</con:addedBasicAuthenticationTypes><con:authType>Global HTTP Settings</con:authType></con:credentials><con:jmsConfig JMSDeliveryMode="PERSISTENT"/><con:jmsPropertyConfig/><con:wsaConfig mustUnderstand="NONE" version="200508" action="http://fidus.brussels/services/exportfromregondesservice/serviceChange"/><con:wsrmConfig version="1.2"/></con:call><con:call id="ffe6d0c8-b049-4f62-b109-7eac9aa40db0" name="2 - Dev - Request - Success" incomingWss="Inflow DEV" outgoingWss="Outflow DEV"><con:settings><con:setting id="com.eviware.soapui.impl.wsdl.WsdlRequest@request-headers">&lt;xml-fragment/></con:setting></con:settings><con:encoding>UTF-8</con:encoding><con:endpoint>https://192.168.36.61:8243/services/ExportFromRegondesService_v1.0</con:endpoint><con:request><![CDATA[<soapenv:Envelope xmlns:soapenv="http://schemas.xmlsoap.org/soap/envelope/" xmlns:v1="http://fidus.brussels/service/exportfromregondesservice/messages/v1" xmlns:v11="http://fidus.brussels/type/common/messages/v1" xmlns:ser="http://www.minfin.fgov.be/regondes2/extern/taxservice/exports/serviceChanged" xmlns:com="http://www.minfin.fgov.be/regondes2/extern/taxservice/common">
   <soapenv:Header/>
   <soapenv:Body>
      <v1:serviceChangeRequest>
         <v1:messageContext>
            <v11:messageId>${=import static java.util.UUID.randomUUID; uuid = randomUUID() as String}</v11:messageId>
            <!--Optional:-->
            <v11:timestamp>${=new java.text.SimpleDateFormat("yyyy-MM-dd'T'HH:mm:ss.SSS").format(new Date())}</v11:timestamp>
         </v1:messageContext>
         <v1:legalContext>ServiceIntegrator</v1:legalContext>
         <v1:request>
            <ser:serviceChange>
               <ser:referenceFodFin>11223344</ser:referenceFodFin>
               <ser:initialService>
                  <!--Optional:-->
                  <com:technicalReference>1524</com:technicalReference>
                  <com:type>AAF</com:type>
                  <com:reference>reference</com:reference>
               </ser:initialService>
               <!--1 to 99 repetitions:-->
               <ser:transfer>
                  <ser:serviceName>CIRB</ser:serviceName>
                  <ser:dateIn>${=new java.text.SimpleDateFormat("yyyy-MM-dd").format(new Date())}</ser:dateIn>
                  <!--Optional:-->
                  <ser:dateOut>${=new java.text.SimpleDateFormat("yyyy-MM-dd").format(new Date())}</ser:dateOut>
                  <ser:official>
                     <ser:firstName>jean</ser:firstName>
                     <ser:lastName>baptist</ser:lastName>
                     <ser:phoneNumber>0452363621</ser:phoneNumber>
                     <ser:email>cisyapan@cirb.brussels</ser:email>
                  </ser:official>
               </ser:transfer>
            </ser:serviceChange>
         </v1:request>
      </v1:serviceChangeRequest>
   </soapenv:Body>
</soapenv:Envelope>]]></con:request><con:credentials><con:selectedAuthProfile>Basic</con:selectedAuthProfile><con:addedBasicAuthenticationTypes>Basic</con:addedBasicAuthenticationTypes><con:authType>Global HTTP Settings</con:authType></con:credentials><con:jmsConfig JMSDeliveryMode="PERSISTENT"/><con:jmsPropertyConfig/><con:wsaConfig mustUnderstand="NONE" version="200508" action="http://fidus.brussels/services/exportfromregondesservice/serviceChange"/><con:wsrmConfig version="1.2"/></con:call><con:call id="85b6baf4-3552-4dae-80fc-236978c8fd4f" name="2 - Dev - Request - Error" incomingWss="Inflow DEV" outgoingWss="Outflow DEV"><con:settings><con:setting id="com.eviware.soapui.impl.wsdl.WsdlRequest@request-headers">&lt;xml-fragment/></con:setting></con:settings><con:encoding>UTF-8</con:encoding><con:endpoint>https://192.168.36.61:8243/services/ExportFromRegondesService_v1.0</con:endpoint><con:request><![CDATA[<soapenv:Envelope xmlns:soapenv="http://schemas.xmlsoap.org/soap/envelope/" xmlns:v1="http://fidus.brussels/service/exportfromregondesservice/messages/v1" xmlns:v11="http://fidus.brussels/type/common/messages/v1" xmlns:ser="http://www.minfin.fgov.be/regondes2/extern/taxservice/exports/serviceChanged" xmlns:com="http://www.minfin.fgov.be/regondes2/extern/taxservice/common">
   <soapenv:Header/>
   <soapenv:Body>
      <v1:serviceChangeRequest>
         <v1:messageContext>
            <v11:messageId>${=import static java.util.UUID.randomUUID; uuid = randomUUID() as String}</v11:messageId>
            <!--Optional:-->
            <v11:timestamp>${=new java.text.SimpleDateFormat("yyyy-MM-dd'T'HH:mm:ss.SSS").format(new Date())}</v11:timestamp>
         </v1:messageContext>
         <v1:legalContext>ServiceIntegrator</v1:legalContext>
         <v1:request>
            <ser:serviceChange>
               <!-- <ser:referenceFodFin>11223347</ser:referenceFodFin> --> <!-- Technical reference not found -->
               <!-- <ser:referenceFodFin>11223346</ser:referenceFodFin> --> <!-- Reference not found -->  
               <ser:referenceFodFin>11223345</ser:referenceFodFin> <!-- Requested dossier is already close -->
               <ser:initialService>
                  <!--Optional:-->
                  <com:technicalReference>1524</com:technicalReference>
                  <com:type>AAF</com:type>
                  <com:reference>reference</com:reference>
               </ser:initialService>
               <!--1 to 99 repetitions:-->
               <ser:transfer>
                  <ser:serviceName>CIRB</ser:serviceName>
                  <ser:dateIn>${=new java.text.SimpleDateFormat("yyyy-MM-dd").format(new Date())}</ser:dateIn>
                  <!--Optional:-->
                  <ser:dateOut>${=new java.text.SimpleDateFormat("yyyy-MM-dd").format(new Date())}</ser:dateOut>
                  <ser:official>
                     <ser:firstName>jean</ser:firstName>
                     <ser:lastName>baptist</ser:lastName>
                     <ser:phoneNumber>0452363621</ser:phoneNumber>
                     <ser:email>cisyapan@cirb.brussels</ser:email>
                  </ser:official>
               </ser:transfer>
            </ser:serviceChange>
         </v1:request>
      </v1:serviceChangeRequest>
   </soapenv:Body>
</soapenv:Envelope>]]></con:request><con:credentials><con:selectedAuthProfile>Basic</con:selectedAuthProfile><con:addedBasicAuthenticationTypes>Basic</con:addedBasicAuthenticationTypes><con:authType>Global HTTP Settings</con:authType></con:credentials><con:jmsConfig JMSDeliveryMode="PERSISTENT"/><con:jmsPropertyConfig/><con:wsaConfig mustUnderstand="NONE" version="200508" action="http://fidus.brussels/services/exportfromregondesservice/serviceChange"/><con:wsrmConfig version="1.2"/></con:call><con:call id="dfaffab6-b562-4f4d-b17c-3b9e11261054" name="3 - Test - LB - Request" incomingWss="Inflow TEST" outgoingWss="Outflow TEST"><con:settings><con:setting id="com.eviware.soapui.impl.wsdl.WsdlRequest@request-headers">&lt;xml-fragment/></con:setting></con:settings><con:encoding>UTF-8</con:encoding><con:endpoint>https://esb-security-gw.sta.srv.cirb.lan:8443/services/ExportFromRegondesService_v1.0</con:endpoint><con:request><![CDATA[<soapenv:Envelope xmlns:soapenv="http://schemas.xmlsoap.org/soap/envelope/" xmlns:v1="http://fidus.brussels/service/exportfromregondesservice/messages/v1" xmlns:v11="http://fidus.brussels/type/common/messages/v1" xmlns:ser="http://www.minfin.fgov.be/regondes2/extern/taxservice/exports/serviceChanged" xmlns:com="http://www.minfin.fgov.be/regondes2/extern/taxservice/common">
   <soapenv:Header/>
   <soapenv:Body>
      <v1:serviceChangeRequest>
         <v1:messageContext>
            <v11:messageId>${=import static java.util.UUID.randomUUID; uuid = randomUUID() as String}</v11:messageId>
            <!--Optional:-->
            <v11:timestamp>${=new java.text.SimpleDateFormat("yyyy-MM-dd'T'HH:mm:ss.SSS").format(new Date())}</v11:timestamp>
         </v1:messageContext>
         <v1:legalContext>ServiceIntegrator</v1:legalContext>
         <v1:request>
            <ser:serviceChange>
               <ser:referenceFodFin>11223344</ser:referenceFodFin>
               <ser:initialService>
                  <!--Optional:-->
                  <com:technicalReference>1524</com:technicalReference>
                  <com:type>AAF</com:type>
                  <com:reference>reference</com:reference>
               </ser:initialService>
               <!--1 to 99 repetitions:-->
               <ser:transfer>
                  <ser:serviceName>CIRB</ser:serviceName>
                  <ser:dateIn>${=new java.text.SimpleDateFormat("yyyy-MM-dd").format(new Date())}</ser:dateIn>
                  <!--Optional:-->
                  <ser:dateOut>${=new java.text.SimpleDateFormat("yyyy-MM-dd").format(new Date())}</ser:dateOut>
                  <ser:official>
                     <ser:firstName>jean</ser:firstName>
                     <ser:lastName>baptist</ser:lastName>
                     <ser:phoneNumber>0452363621</ser:phoneNumber>
                     <ser:email>cisyapan@cirb.brussels</ser:email>
                  </ser:official>
               </ser:transfer>
            </ser:serviceChange>
         </v1:request>
      </v1:serviceChangeRequest>
   </soapenv:Body>
</soapenv:Envelope>]]></con:request><con:credentials><con:selectedAuthProfile>Basic</con:selectedAuthProfile><con:addedBasicAuthenticationTypes>Basic</con:addedBasicAuthenticationTypes><con:authType>Global HTTP Settings</con:authType></con:credentials><con:jmsConfig JMSDeliveryMode="PERSISTENT"/><con:jmsPropertyConfig/><con:wsaConfig mustUnderstand="NONE" version="200508" action="http://fidus.brussels/services/exportfromregondesservice/serviceChange"/><con:wsrmConfig version="1.2"/></con:call><con:call id="0641bcff-867c-43b4-832d-44fceda9183a" name="3 - Test - Worker1 - Request" incomingWss="Inflow TEST" outgoingWss="Outflow TEST"><con:settings><con:setting id="com.eviware.soapui.impl.wsdl.WsdlRequest@request-headers">&lt;xml-fragment/></con:setting></con:settings><con:encoding>UTF-8</con:encoding><con:endpoint>https://192.168.22.53:8443/services/ExportFromRegondesService_v1.0</con:endpoint><con:request><![CDATA[<soapenv:Envelope xmlns:soapenv="http://schemas.xmlsoap.org/soap/envelope/" xmlns:v1="http://fidus.brussels/service/exportfromregondesservice/messages/v1" xmlns:v11="http://fidus.brussels/type/common/messages/v1" xmlns:ser="http://www.minfin.fgov.be/regondes2/extern/taxservice/exports/serviceChanged" xmlns:com="http://www.minfin.fgov.be/regondes2/extern/taxservice/common">
   <soapenv:Header/>
   <soapenv:Body>
      <v1:serviceChangeRequest>
         <v1:messageContext>
            <v11:messageId>${=import static java.util.UUID.randomUUID; uuid = randomUUID() as String}</v11:messageId>
            <!--Optional:-->
            <v11:timestamp>${=new java.text.SimpleDateFormat("yyyy-MM-dd'T'HH:mm:ss.SSS").format(new Date())}</v11:timestamp>
         </v1:messageContext>
         <v1:legalContext>ServiceIntegrator</v1:legalContext>
         <v1:request>
            <ser:serviceChange>
               <ser:referenceFodFin>11223344</ser:referenceFodFin>
               <ser:initialService>
                  <!--Optional:-->
                  <com:technicalReference>1524</com:technicalReference>
                  <com:type>AAF</com:type>
                  <com:reference>reference</com:reference>
               </ser:initialService>
               <!--1 to 99 repetitions:-->
               <ser:transfer>
                  <ser:serviceName>CIRB</ser:serviceName>
                  <ser:dateIn>${=new java.text.SimpleDateFormat("yyyy-MM-dd").format(new Date())}</ser:dateIn>
                  <!--Optional:-->
                  <ser:dateOut>${=new java.text.SimpleDateFormat("yyyy-MM-dd").format(new Date())}</ser:dateOut>
                  <ser:official>
                     <ser:firstName>jean</ser:firstName>
                     <ser:lastName>baptist</ser:lastName>
                     <ser:phoneNumber>0452363621</ser:phoneNumber>
                     <ser:email>cisyapan@cirb.brussels</ser:email>
                  </ser:official>
               </ser:transfer>
            </ser:serviceChange>
         </v1:request>
      </v1:serviceChangeRequest>
   </soapenv:Body>
</soapenv:Envelope>]]></con:request><con:credentials><con:selectedAuthProfile>Basic</con:selectedAuthProfile><con:addedBasicAuthenticationTypes>Basic</con:addedBasicAuthenticationTypes><con:authType>Global HTTP Settings</con:authType></con:credentials><con:jmsConfig JMSDeliveryMode="PERSISTENT"/><con:jmsPropertyConfig/><con:wsaConfig mustUnderstand="NONE" version="200508" action="http://fidus.brussels/services/exportfromregondesservice/serviceChange"/><con:wsrmConfig version="1.2"/></con:call><con:call id="58f3d893-69da-41e4-8114-4344d3db2aa5" name="3 - Test - Worker2 - Request" incomingWss="Inflow TEST" outgoingWss="Outflow TEST"><con:settings><con:setting id="com.eviware.soapui.impl.wsdl.WsdlRequest@request-headers">&lt;xml-fragment/></con:setting></con:settings><con:encoding>UTF-8</con:encoding><con:endpoint>https://192.168.22.54:8443/services/ExportFromRegondesService_v1.0</con:endpoint><con:request><![CDATA[<soapenv:Envelope xmlns:soapenv="http://schemas.xmlsoap.org/soap/envelope/" xmlns:v1="http://fidus.brussels/service/exportfromregondesservice/messages/v1" xmlns:v11="http://fidus.brussels/type/common/messages/v1" xmlns:ser="http://www.minfin.fgov.be/regondes2/extern/taxservice/exports/serviceChanged" xmlns:com="http://www.minfin.fgov.be/regondes2/extern/taxservice/common">
   <soapenv:Header/>
   <soapenv:Body>
      <v1:serviceChangeRequest>
         <v1:messageContext>
            <v11:messageId>${=import static java.util.UUID.randomUUID; uuid = randomUUID() as String}</v11:messageId>
            <!--Optional:-->
            <v11:timestamp>${=new java.text.SimpleDateFormat("yyyy-MM-dd'T'HH:mm:ss.SSS").format(new Date())}</v11:timestamp>
         </v1:messageContext>
         <v1:legalContext>ServiceIntegrator</v1:legalContext>
         <v1:request>
            <ser:serviceChange>
               <ser:referenceFodFin>11223344</ser:referenceFodFin>
               <ser:initialService>
                  <!--Optional:-->
                  <com:technicalReference>1524</com:technicalReference>
                  <com:type>AAF</com:type>
                  <com:reference>reference</com:reference>
               </ser:initialService>
               <!--1 to 99 repetitions:-->
               <ser:transfer>
                  <ser:serviceName>CIRB</ser:serviceName>
                  <ser:dateIn>${=new java.text.SimpleDateFormat("yyyy-MM-dd").format(new Date())}</ser:dateIn>
                  <!--Optional:-->
                  <ser:dateOut>${=new java.text.SimpleDateFormat("yyyy-MM-dd").format(new Date())}</ser:dateOut>
                  <ser:official>
                     <ser:firstName>jean</ser:firstName>
                     <ser:lastName>baptist</ser:lastName>
                     <ser:phoneNumber>0452363621</ser:phoneNumber>
                     <ser:email>cisyapan@cirb.brussels</ser:email>
                  </ser:official>
               </ser:transfer>
            </ser:serviceChange>
         </v1:request>
      </v1:serviceChangeRequest>
   </soapenv:Body>
</soapenv:Envelope>]]></con:request><con:credentials><con:selectedAuthProfile>Basic</con:selectedAuthProfile><con:addedBasicAuthenticationTypes>Basic</con:addedBasicAuthenticationTypes><con:authType>Global HTTP Settings</con:authType></con:credentials><con:jmsConfig JMSDeliveryMode="PERSISTENT"/><con:jmsPropertyConfig/><con:wsaConfig mustUnderstand="NONE" version="200508" action="http://fidus.brussels/services/exportfromregondesservice/serviceChange"/><con:wsrmConfig version="1.2"/></con:call><con:call id="8e7e26dc-d914-44c9-8f4f-f0e2e28d48b2" name="4 - Staging - LB - Request" incomingWss="Inflow STAGING" outgoingWss="Outflow STAGING"><con:settings><con:setting id="com.eviware.soapui.impl.wsdl.WsdlRequest@request-headers">&lt;xml-fragment/></con:setting></con:settings><con:encoding>UTF-8</con:encoding><con:endpoint>https://fidus-esb-sg.sta.srv.cirb.lan:8443/services/ExportFromRegondesService_v1.0</con:endpoint><con:request><![CDATA[<soapenv:Envelope xmlns:soapenv="http://schemas.xmlsoap.org/soap/envelope/" xmlns:v1="http://fidus.brussels/service/exportfromregondesservice/messages/v1" xmlns:v11="http://fidus.brussels/type/common/messages/v1" xmlns:ser="http://www.minfin.fgov.be/regondes2/extern/taxservice/exports/serviceChanged" xmlns:com="http://www.minfin.fgov.be/regondes2/extern/taxservice/common">
   <soapenv:Header/>
   <soapenv:Body>
      <v1:serviceChangeRequest>
         <v1:messageContext>
            <v11:messageId>${=import static java.util.UUID.randomUUID; uuid = randomUUID() as String}</v11:messageId>
            <!--Optional:-->
            <v11:timestamp>${=new java.text.SimpleDateFormat("yyyy-MM-dd'T'HH:mm:ss.SSS").format(new Date())}</v11:timestamp>
         </v1:messageContext>
         <v1:legalContext>ServiceIntegrator</v1:legalContext>
         <v1:request>
            <ser:serviceChange>
               <ser:referenceFodFin>11223344</ser:referenceFodFin>
               <ser:initialService>
                  <!--Optional:-->
                  <com:technicalReference>1524</com:technicalReference>
                  <com:type>AAF</com:type>
                  <com:reference>reference</com:reference>
               </ser:initialService>
               <!--1 to 99 repetitions:-->
               <ser:transfer>
                  <ser:serviceName>CIRB</ser:serviceName>
                  <ser:dateIn>${=new java.text.SimpleDateFormat("yyyy-MM-dd").format(new Date())}</ser:dateIn>
                  <!--Optional:-->
                  <ser:dateOut>${=new java.text.SimpleDateFormat("yyyy-MM-dd").format(new Date())}</ser:dateOut>
                  <ser:official>
                     <ser:firstName>jean</ser:firstName>
                     <ser:lastName>baptist</ser:lastName>
                     <ser:phoneNumber>0452363621</ser:phoneNumber>
                     <ser:email>cisyapan@cirb.brussels</ser:email>
                  </ser:official>
               </ser:transfer>
            </ser:serviceChange>
         </v1:request>
      </v1:serviceChangeRequest>
   </soapenv:Body>
</soapenv:Envelope>]]></con:request><con:credentials><con:selectedAuthProfile>Basic</con:selectedAuthProfile><con:addedBasicAuthenticationTypes>Basic</con:addedBasicAuthenticationTypes><con:authType>Global HTTP Settings</con:authType></con:credentials><con:jmsConfig JMSDeliveryMode="PERSISTENT"/><con:jmsPropertyConfig/><con:wsaConfig mustUnderstand="NONE" version="200508" action="http://fidus.brussels/services/exportfromregondesservice/serviceChange"/><con:wsrmConfig version="1.2"/></con:call><con:call id="60ff36ce-e2ab-4ff4-9b29-42f2f1a64e85" name="4 - Staging - Worker1 - Request" incomingWss="Inflow STAGING" outgoingWss="Outflow PROD"><con:settings><con:setting id="com.eviware.soapui.impl.wsdl.WsdlRequest@request-headers">&lt;xml-fragment/></con:setting></con:settings><con:encoding>UTF-8</con:encoding><con:endpoint>https://192.168.24.16:8443/services/ExportFromRegondesService_v1.0</con:endpoint><con:request><![CDATA[<soapenv:Envelope xmlns:soapenv="http://schemas.xmlsoap.org/soap/envelope/" xmlns:v1="http://fidus.brussels/service/exportfromregondesservice/messages/v1" xmlns:v11="http://fidus.brussels/type/common/messages/v1" xmlns:ser="http://www.minfin.fgov.be/regondes2/extern/taxservice/exports/serviceChanged" xmlns:com="http://www.minfin.fgov.be/regondes2/extern/taxservice/common">
   <soapenv:Header/>
   <soapenv:Body>
      <v1:serviceChangeRequest>
         <v1:messageContext>
            <v11:messageId>${=import static java.util.UUID.randomUUID; uuid = randomUUID() as String}</v11:messageId>
            <!--Optional:-->
            <v11:timestamp>${=new java.text.SimpleDateFormat("yyyy-MM-dd'T'HH:mm:ss.SSS").format(new Date())}</v11:timestamp>
         </v1:messageContext>
         <v1:legalContext>ServiceIntegrator</v1:legalContext>
         <v1:request>
            <ser:serviceChange>
               <ser:referenceFodFin>11223344</ser:referenceFodFin>
               <ser:initialService>
                  <!--Optional:-->
                  <com:technicalReference>1524</com:technicalReference>
                  <com:type>AAF</com:type>
                  <com:reference>reference</com:reference>
               </ser:initialService>
               <!--1 to 99 repetitions:-->
               <ser:transfer>
                  <ser:serviceName>CIRB</ser:serviceName>
                  <ser:dateIn>${=new java.text.SimpleDateFormat("yyyy-MM-dd").format(new Date())}</ser:dateIn>
                  <!--Optional:-->
                  <ser:dateOut>${=new java.text.SimpleDateFormat("yyyy-MM-dd").format(new Date())}</ser:dateOut>
                  <ser:official>
                     <ser:firstName>jean</ser:firstName>
                     <ser:lastName>baptist</ser:lastName>
                     <ser:phoneNumber>0452363621</ser:phoneNumber>
                     <ser:email>cisyapan@cirb.brussels</ser:email>
                  </ser:official>
               </ser:transfer>
            </ser:serviceChange>
         </v1:request>
      </v1:serviceChangeRequest>
   </soapenv:Body>
</soapenv:Envelope>]]></con:request><con:credentials><con:selectedAuthProfile>Basic</con:selectedAuthProfile><con:addedBasicAuthenticationTypes>Basic</con:addedBasicAuthenticationTypes><con:authType>Global HTTP Settings</con:authType></con:credentials><con:jmsConfig JMSDeliveryMode="PERSISTENT"/><con:jmsPropertyConfig/><con:wsaConfig mustUnderstand="NONE" version="200508" action="http://fidus.brussels/services/exportfromregondesservice/serviceChange"/><con:wsrmConfig version="1.2"/></con:call><con:call id="7b6a6f35-0a59-4dd7-9043-b8caa9c51cee" name="4 - Staging - Worker2 - Request" incomingWss="Inflow STAGING" outgoingWss="Outflow STAGING"><con:settings><con:setting id="com.eviware.soapui.impl.wsdl.WsdlRequest@request-headers">&lt;xml-fragment/></con:setting></con:settings><con:encoding>UTF-8</con:encoding><con:endpoint>https://192.168.24.17:8443/services/ExportFromRegondesService_v1.0</con:endpoint><con:request><![CDATA[<soapenv:Envelope xmlns:soapenv="http://schemas.xmlsoap.org/soap/envelope/" xmlns:v1="http://fidus.brussels/service/exportfromregondesservice/messages/v1" xmlns:v11="http://fidus.brussels/type/common/messages/v1" xmlns:ser="http://www.minfin.fgov.be/regondes2/extern/taxservice/exports/serviceChanged" xmlns:com="http://www.minfin.fgov.be/regondes2/extern/taxservice/common">
   <soapenv:Header/>
   <soapenv:Body>
      <v1:serviceChangeRequest>
         <v1:messageContext>
            <v11:messageId>${=import static java.util.UUID.randomUUID; uuid = randomUUID() as String}</v11:messageId>
            <!--Optional:-->
            <v11:timestamp>${=new java.text.SimpleDateFormat("yyyy-MM-dd'T'HH:mm:ss.SSS").format(new Date())}</v11:timestamp>
         </v1:messageContext>
         <v1:legalContext>ServiceIntegrator</v1:legalContext>
         <v1:request>
            <ser:serviceChange>
               <ser:referenceFodFin>11223344</ser:referenceFodFin>
               <ser:initialService>
                  <!--Optional:-->
                  <com:technicalReference>1524</com:technicalReference>
                  <com:type>AAF</com:type>
                  <com:reference>reference</com:reference>
               </ser:initialService>
               <!--1 to 99 repetitions:-->
               <ser:transfer>
                  <ser:serviceName>CIRB</ser:serviceName>
                  <ser:dateIn>${=new java.text.SimpleDateFormat("yyyy-MM-dd").format(new Date())}</ser:dateIn>
                  <!--Optional:-->
                  <ser:dateOut>${=new java.text.SimpleDateFormat("yyyy-MM-dd").format(new Date())}</ser:dateOut>
                  <ser:official>
                     <ser:firstName>jean</ser:firstName>
                     <ser:lastName>baptist</ser:lastName>
                     <ser:phoneNumber>0452363621</ser:phoneNumber>
                     <ser:email>cisyapan@cirb.brussels</ser:email>
                  </ser:official>
               </ser:transfer>
            </ser:serviceChange>
         </v1:request>
      </v1:serviceChangeRequest>
   </soapenv:Body>
</soapenv:Envelope>]]></con:request><con:credentials><con:selectedAuthProfile>Basic</con:selectedAuthProfile><con:addedBasicAuthenticationTypes>Basic</con:addedBasicAuthenticationTypes><con:authType>Global HTTP Settings</con:authType></con:credentials><con:jmsConfig JMSDeliveryMode="PERSISTENT"/><con:jmsPropertyConfig/><con:wsaConfig mustUnderstand="NONE" version="200508" action="http://fidus.brussels/services/exportfromregondesservice/serviceChange"/><con:wsrmConfig version="1.2"/></con:call><con:call id="df3ca399-03bc-4ca9-9bff-1d602240ef44" name="5 - Prod - LB - Request" incomingWss="Inflow PROD" outgoingWss="Outflow PROD"><con:settings><con:setting id="com.eviware.soapui.impl.wsdl.WsdlRequest@request-headers">&lt;xml-fragment/></con:setting></con:settings><con:encoding>UTF-8</con:encoding><con:endpoint>https://fidus-esb-sg.prd.srv.cirb.lan:8443/services/ExportFromRegondesService_v1.0</con:endpoint><con:request><![CDATA[<soapenv:Envelope xmlns:soapenv="http://schemas.xmlsoap.org/soap/envelope/" xmlns:v1="http://fidus.brussels/service/exportfromregondesservice/messages/v1" xmlns:v11="http://fidus.brussels/type/common/messages/v1" xmlns:ser="http://www.minfin.fgov.be/regondes2/extern/taxservice/exports/serviceChanged" xmlns:com="http://www.minfin.fgov.be/regondes2/extern/taxservice/common">
   <soapenv:Header/>
   <soapenv:Body>
      <v1:serviceChangeRequest>
         <v1:messageContext>
            <v11:messageId>${=import static java.util.UUID.randomUUID; uuid = randomUUID() as String}</v11:messageId>
            <!--Optional:-->
            <v11:timestamp>${=new java.text.SimpleDateFormat("yyyy-MM-dd'T'HH:mm:ss.SSS").format(new Date())}</v11:timestamp>
         </v1:messageContext>
         <v1:legalContext>ServiceIntegrator</v1:legalContext>
         <v1:request>
            <ser:serviceChange>
               <ser:referenceFodFin>11223344</ser:referenceFodFin>
               <ser:initialService>
                  <!--Optional:-->
                  <com:technicalReference>1524</com:technicalReference>
                  <com:type>AAF</com:type>
                  <com:reference>reference</com:reference>
               </ser:initialService>
               <!--1 to 99 repetitions:-->
               <ser:transfer>
                  <ser:serviceName>CIRB</ser:serviceName>
                  <ser:dateIn>${=new java.text.SimpleDateFormat("yyyy-MM-dd").format(new Date())}</ser:dateIn>
                  <!--Optional:-->
                  <ser:dateOut>${=new java.text.SimpleDateFormat("yyyy-MM-dd").format(new Date())}</ser:dateOut>
                  <ser:official>
                     <ser:firstName>jean</ser:firstName>
                     <ser:lastName>baptist</ser:lastName>
                     <ser:phoneNumber>0452363621</ser:phoneNumber>
                     <ser:email>cisyapan@cirb.brussels</ser:email>
                  </ser:official>
               </ser:transfer>
            </ser:serviceChange>
         </v1:request>
      </v1:serviceChangeRequest>
   </soapenv:Body>
</soapenv:Envelope>]]></con:request><con:credentials><con:selectedAuthProfile>Basic</con:selectedAuthProfile><con:addedBasicAuthenticationTypes>Basic</con:addedBasicAuthenticationTypes><con:authType>Global HTTP Settings</con:authType></con:credentials><con:jmsConfig JMSDeliveryMode="PERSISTENT"/><con:jmsPropertyConfig/><con:wsaConfig mustUnderstand="NONE" version="200508" action="http://fidus.brussels/services/exportfromregondesservice/serviceChange"/><con:wsrmConfig version="1.2"/></con:call><con:call id="bad66531-0aac-4768-84ba-08047ea530dd" name="5 - Prod - External - Request" incomingWss="Inflow PROD" outgoingWss="Outflow PROD"><con:settings><con:setting id="com.eviware.soapui.impl.wsdl.WsdlRequest@request-headers">&lt;xml-fragment/></con:setting></con:settings><con:encoding>UTF-8</con:encoding><con:endpoint>https://fidus.sec.brussels/services/ExportFromRegondesservice_v1.0</con:endpoint><con:request><![CDATA[<soapenv:Envelope xmlns:soapenv="http://schemas.xmlsoap.org/soap/envelope/" xmlns:v1="http://fidus.brussels/service/exportfromregondesservice/messages/v1" xmlns:v11="http://fidus.brussels/type/common/messages/v1" xmlns:ser="http://www.minfin.fgov.be/regondes2/extern/taxservice/exports/serviceChanged" xmlns:com="http://www.minfin.fgov.be/regondes2/extern/taxservice/common">
   <soapenv:Header/>
   <soapenv:Body>
      <v1:serviceChangeRequest>
         <v1:messageContext>
            <v11:messageId>${=import static java.util.UUID.randomUUID; uuid = randomUUID() as String}</v11:messageId>
            <!--Optional:-->
            <v11:timestamp>${=new java.text.SimpleDateFormat("yyyy-MM-dd'T'HH:mm:ss.SSS").format(new Date())}</v11:timestamp>
         </v1:messageContext>
         <v1:legalContext>ServiceIntegrator</v1:legalContext>
         <v1:request>
            <ser:serviceChange>
               <ser:referenceFodFin>11223344</ser:referenceFodFin>
               <ser:initialService>
                  <!--Optional:-->
                  <com:technicalReference>1524</com:technicalReference>
                  <com:type>AAF</com:type>
                  <com:reference>reference</com:reference>
               </ser:initialService>
               <!--1 to 99 repetitions:-->
               <ser:transfer>
                  <ser:serviceName>CIRB</ser:serviceName>
                  <ser:dateIn>${=new java.text.SimpleDateFormat("yyyy-MM-dd").format(new Date())}</ser:dateIn>
                  <!--Optional:-->
                  <ser:dateOut>${=new java.text.SimpleDateFormat("yyyy-MM-dd").format(new Date())}</ser:dateOut>
                  <ser:official>
                     <ser:firstName>jean</ser:firstName>
                     <ser:lastName>baptist</ser:lastName>
                     <ser:phoneNumber>0452363621</ser:phoneNumber>
                     <ser:email>cisyapan@cirb.brussels</ser:email>
                  </ser:official>
               </ser:transfer>
            </ser:serviceChange>
         </v1:request>
      </v1:serviceChangeRequest>
   </soapenv:Body>
</soapenv:Envelope>]]></con:request><con:credentials><con:selectedAuthProfile>Basic</con:selectedAuthProfile><con:addedBasicAuthenticationTypes>Basic</con:addedBasicAuthenticationTypes><con:authType>Global HTTP Settings</con:authType></con:credentials><con:jmsConfig JMSDeliveryMode="PERSISTENT"/><con:jmsPropertyConfig/><con:wsaConfig mustUnderstand="NONE" version="200508" action="http://fidus.brussels/services/exportfromregondesservice/serviceChange"/><con:wsrmConfig version="1.2"/></con:call><con:call id="108bd4cb-dc47-4dce-b4af-016cf971d1ab" name="5 - Prod - Worker1 - Request" incomingWss="Inflow PROD" outgoingWss="Outflow PROD"><con:settings><con:setting id="com.eviware.soapui.impl.wsdl.WsdlRequest@request-headers">&lt;xml-fragment/></con:setting></con:settings><con:encoding>UTF-8</con:encoding><con:endpoint>https://192.168.26.22:8443/services/ExportFromRegondesService_v1.0</con:endpoint><con:request><![CDATA[<soapenv:Envelope xmlns:soapenv="http://schemas.xmlsoap.org/soap/envelope/" xmlns:v1="http://fidus.brussels/service/exportfromregondesservice/messages/v1" xmlns:v11="http://fidus.brussels/type/common/messages/v1" xmlns:ser="http://www.minfin.fgov.be/regondes2/extern/taxservice/exports/serviceChanged" xmlns:com="http://www.minfin.fgov.be/regondes2/extern/taxservice/common">
   <soapenv:Header/>
   <soapenv:Body>
      <v1:serviceChangeRequest>
         <v1:messageContext>
            <v11:messageId>${=import static java.util.UUID.randomUUID; uuid = randomUUID() as String}</v11:messageId>
            <!--Optional:-->
            <v11:timestamp>${=new java.text.SimpleDateFormat("yyyy-MM-dd'T'HH:mm:ss.SSS").format(new Date())}</v11:timestamp>
         </v1:messageContext>
         <v1:legalContext>ServiceIntegrator</v1:legalContext>
         <v1:request>
            <ser:serviceChange>
               <ser:referenceFodFin>11223344</ser:referenceFodFin>
               <ser:initialService>
                  <!--Optional:-->
                  <com:technicalReference>1524</com:technicalReference>
                  <com:type>AAF</com:type>
                  <com:reference>reference</com:reference>
               </ser:initialService>
               <!--1 to 99 repetitions:-->
               <ser:transfer>
                  <ser:serviceName>CIRB</ser:serviceName>
                  <ser:dateIn>${=new java.text.SimpleDateFormat("yyyy-MM-dd").format(new Date())}</ser:dateIn>
                  <!--Optional:-->
                  <ser:dateOut>${=new java.text.SimpleDateFormat("yyyy-MM-dd").format(new Date())}</ser:dateOut>
                  <ser:official>
                     <ser:firstName>jean</ser:firstName>
                     <ser:lastName>baptist</ser:lastName>
                     <ser:phoneNumber>0452363621</ser:phoneNumber>
                     <ser:email>cisyapan@cirb.brussels</ser:email>
                  </ser:official>
               </ser:transfer>
            </ser:serviceChange>
         </v1:request>
      </v1:serviceChangeRequest>
   </soapenv:Body>
</soapenv:Envelope>]]></con:request><con:credentials><con:selectedAuthProfile>Basic</con:selectedAuthProfile><con:addedBasicAuthenticationTypes>Basic</con:addedBasicAuthenticationTypes><con:authType>Global HTTP Settings</con:authType></con:credentials><con:jmsConfig JMSDeliveryMode="PERSISTENT"/><con:jmsPropertyConfig/><con:wsaConfig mustUnderstand="NONE" version="200508" action="http://fidus.brussels/services/exportfromregondesservice/serviceChange"/><con:wsrmConfig version="1.2"/></con:call><con:call id="d3626e85-4d60-4652-b0e3-349cba436538" name="5 - Prod - Worker2 - Request" incomingWss="Inflow PROD" outgoingWss="Outflow PROD"><con:settings><con:setting id="com.eviware.soapui.impl.wsdl.WsdlRequest@request-headers">&lt;xml-fragment/></con:setting></con:settings><con:encoding>UTF-8</con:encoding><con:endpoint>https://192.168.26.19:8443/services/ExportFromRegondesService_v1.0</con:endpoint><con:request><![CDATA[<soapenv:Envelope xmlns:soapenv="http://schemas.xmlsoap.org/soap/envelope/" xmlns:v1="http://fidus.brussels/service/exportfromregondesservice/messages/v1" xmlns:v11="http://fidus.brussels/type/common/messages/v1" xmlns:ser="http://www.minfin.fgov.be/regondes2/extern/taxservice/exports/serviceChanged" xmlns:com="http://www.minfin.fgov.be/regondes2/extern/taxservice/common">
   <soapenv:Header/>
   <soapenv:Body>
      <v1:serviceChangeRequest>
         <v1:messageContext>
            <v11:messageId>${=import static java.util.UUID.randomUUID; uuid = randomUUID() as String}</v11:messageId>
            <!--Optional:-->
            <v11:timestamp>${=new java.text.SimpleDateFormat("yyyy-MM-dd'T'HH:mm:ss.SSS").format(new Date())}</v11:timestamp>
         </v1:messageContext>
         <v1:legalContext>ServiceIntegrator</v1:legalContext>
         <v1:request>
            <ser:serviceChange>
               <ser:referenceFodFin>11223344</ser:referenceFodFin>
               <ser:initialService>
                  <!--Optional:-->
                  <com:technicalReference>1524</com:technicalReference>
                  <com:type>AAF</com:type>
                  <com:reference>reference</com:reference>
               </ser:initialService>
               <!--1 to 99 repetitions:-->
               <ser:transfer>
                  <ser:serviceName>CIRB</ser:serviceName>
                  <ser:dateIn>${=new java.text.SimpleDateFormat("yyyy-MM-dd").format(new Date())}</ser:dateIn>
                  <!--Optional:-->
                  <ser:dateOut>${=new java.text.SimpleDateFormat("yyyy-MM-dd").format(new Date())}</ser:dateOut>
                  <ser:official>
                     <ser:firstName>jean</ser:firstName>
                     <ser:lastName>baptist</ser:lastName>
                     <ser:phoneNumber>0452363621</ser:phoneNumber>
                     <ser:email>cisyapan@cirb.brussels</ser:email>
                  </ser:official>
               </ser:transfer>
            </ser:serviceChange>
         </v1:request>
      </v1:serviceChangeRequest>
   </soapenv:Body>
</soapenv:Envelope>]]></con:request><con:credentials><con:selectedAuthProfile>Basic</con:selectedAuthProfile><con:addedBasicAuthenticationTypes>Basic</con:addedBasicAuthenticationTypes><con:authType>Global HTTP Settings</con:authType></con:credentials><con:jmsConfig JMSDeliveryMode="PERSISTENT"/><con:jmsPropertyConfig/><con:wsaConfig mustUnderstand="NONE" version="200508" action="http://fidus.brussels/services/exportfromregondesservice/serviceChange"/><con:wsrmConfig version="1.2"/></con:call><con:call id="2b095a25-4106-4aec-a132-1c7e69d8d5e6" name="3 - Test - External - Request" incomingWss="Inflow TEST" outgoingWss="Outflow TEST"><con:settings><con:setting id="com.eviware.soapui.impl.wsdl.WsdlRequest@request-headers">&lt;xml-fragment/></con:setting></con:settings><con:encoding>UTF-8</con:encoding><con:endpoint>https://fidus-test.irisnetlab.be/services/ExportFromRegondesService_v1.0</con:endpoint><con:request><![CDATA[<soapenv:Envelope xmlns:soapenv="http://schemas.xmlsoap.org/soap/envelope/" xmlns:v1="http://fidus.brussels/service/exportfromregondesservice/messages/v1" xmlns:v11="http://fidus.brussels/type/common/messages/v1" xmlns:ser="http://www.minfin.fgov.be/regondes2/extern/taxservice/exports/serviceChanged" xmlns:com="http://www.minfin.fgov.be/regondes2/extern/taxservice/common">
   <soapenv:Header/>
   <soapenv:Body>
      <v1:serviceChangeRequest>
         <v1:messageContext>
            <v11:messageId>${=import static java.util.UUID.randomUUID; uuid = randomUUID() as String}</v11:messageId>
            <!--Optional:-->
            <v11:timestamp>${=new java.text.SimpleDateFormat("yyyy-MM-dd'T'HH:mm:ss.SSS").format(new Date())}</v11:timestamp>
         </v1:messageContext>
         <v1:legalContext>ServiceIntegrator</v1:legalContext>
         <v1:request>
            <ser:serviceChange>
               <ser:referenceFodFin>11223344</ser:referenceFodFin>
               <ser:initialService>
                  <!--Optional:-->
                  <com:technicalReference>1524</com:technicalReference>
                  <com:type>AAF</com:type>
                  <com:reference>reference</com:reference>
               </ser:initialService>
               <!--1 to 99 repetitions:-->
               <ser:transfer>
                  <ser:serviceName>CIRB</ser:serviceName>
                  <ser:dateIn>${=new java.text.SimpleDateFormat("yyyy-MM-dd").format(new Date())}</ser:dateIn>
                  <!--Optional:-->
                  <ser:dateOut>${=new java.text.SimpleDateFormat("yyyy-MM-dd").format(new Date())}</ser:dateOut>
                  <ser:official>
                     <ser:firstName>jean</ser:firstName>
                     <ser:lastName>baptist</ser:lastName>
                     <ser:phoneNumber>0452363621</ser:phoneNumber>
                     <ser:email>cisyapan@cirb.brussels</ser:email>
                  </ser:official>
               </ser:transfer>
            </ser:serviceChange>
         </v1:request>
      </v1:serviceChangeRequest>
   </soapenv:Body>
</soapenv:Envelope>]]></con:request><con:credentials><con:selectedAuthProfile>Basic</con:selectedAuthProfile><con:addedBasicAuthenticationTypes>Basic</con:addedBasicAuthenticationTypes><con:authType>Global HTTP Settings</con:authType></con:credentials><con:jmsConfig JMSDeliveryMode="PERSISTENT"/><con:jmsPropertyConfig/><con:wsaConfig mustUnderstand="NONE" version="200508" action="http://fidus.brussels/services/exportfromregondesservice/serviceChange"/><con:wsrmConfig version="1.2"/></con:call><con:call id="200a76cc-28eb-4985-80c4-5162b0a2bd8e" name="4 - Staging - External - Request" incomingWss="Inflow STAGING" outgoingWss="Outflow STAGING"><con:settings><con:setting id="com.eviware.soapui.impl.wsdl.WsdlRequest@request-headers">&lt;xml-fragment/></con:setting></con:settings><con:encoding>UTF-8</con:encoding><con:endpoint>https://fidus.irisnetlab.be/services/ExportFromRegondesService_v1.0</con:endpoint><con:request><![CDATA[<soapenv:Envelope xmlns:soapenv="http://schemas.xmlsoap.org/soap/envelope/" xmlns:v1="http://fidus.brussels/service/exportfromregondesservice/messages/v1" xmlns:v11="http://fidus.brussels/type/common/messages/v1" xmlns:ser="http://www.minfin.fgov.be/regondes2/extern/taxservice/exports/serviceChanged" xmlns:com="http://www.minfin.fgov.be/regondes2/extern/taxservice/common">
   <soapenv:Header/>
   <soapenv:Body>
      <v1:serviceChangeRequest>
         <v1:messageContext>
            <v11:messageId>${=import static java.util.UUID.randomUUID; uuid = randomUUID() as String}</v11:messageId>
            <!--Optional:-->
            <v11:timestamp>${=new java.text.SimpleDateFormat("yyyy-MM-dd'T'HH:mm:ss.SSS").format(new Date())}</v11:timestamp>
         </v1:messageContext>
         <v1:legalContext>ServiceIntegrator</v1:legalContext>
         <v1:request>
            <ser:serviceChange>
               <ser:referenceFodFin>11223344</ser:referenceFodFin>
               <ser:initialService>
                  <!--Optional:-->
                  <com:technicalReference>1524</com:technicalReference>
                  <com:type>AAF</com:type>
                  <com:reference>reference</com:reference>
               </ser:initialService>
               <!--1 to 99 repetitions:-->
               <ser:transfer>
                  <ser:serviceName>CIRB</ser:serviceName>
                  <ser:dateIn>${=new java.text.SimpleDateFormat("yyyy-MM-dd").format(new Date())}</ser:dateIn>
                  <!--Optional:-->
                  <ser:dateOut>${=new java.text.SimpleDateFormat("yyyy-MM-dd").format(new Date())}</ser:dateOut>
                  <ser:official>
                     <ser:firstName>jean</ser:firstName>
                     <ser:lastName>baptist</ser:lastName>
                     <ser:phoneNumber>0452363621</ser:phoneNumber>
                     <ser:email>cisyapan@cirb.brussels</ser:email>
                  </ser:official>
               </ser:transfer>
            </ser:serviceChange>
         </v1:request>
      </v1:serviceChangeRequest>
   </soapenv:Body>
</soapenv:Envelope>]]></con:request><con:credentials><con:selectedAuthProfile>Basic</con:selectedAuthProfile><con:addedBasicAuthenticationTypes>Basic</con:addedBasicAuthenticationTypes><con:authType>Global HTTP Settings</con:authType></con:credentials><con:jmsConfig JMSDeliveryMode="PERSISTENT"/><con:jmsPropertyConfig/><con:wsaConfig mustUnderstand="NONE" version="200508" action="http://fidus.brussels/services/exportfromregondesservice/serviceChange"/><con:wsrmConfig version="1.2"/></con:call></con:operation></con:interface><con:interface xsi:type="con:WsdlInterface" id="7afbf0d9-0c47-4cf5-94c2-493a5698e812" wsaVersion="NONE" name="ImportToRegondesServiceHTTPBinding" type="wsdl" bindingName="{http://fidus.brussels/service/importtoregondesservice/v1}ImportToRegondesServiceHTTPBinding" soapVersion="1_1" anonymous="optional" definition="file:/home/isr/git/parent/importtoregondesservice/ImportToRegondesServiceGateway/src/main/resources/wsdl/importToRegondesService/1.0.0/ImportToRegondesService_v1.wsdl" xmlns:xsi="http://www.w3.org/2001/XMLSchema-instance"><con:settings/><con:definitionCache type="TEXT" rootPart="file:/home/isr/git/parent/importtoregondesservice/ImportToRegondesServiceGateway/src/main/resources/wsdl/importToRegondesService/1.0.0/ImportToRegondesService_v1.wsdl"><con:part><con:url>file:/home/isr/git/parent/importtoregondesservice/ImportToRegondesServiceGateway/src/main/resources/wsdl/importToRegondesService/1.0.0/ImportToRegondesService_v1.wsdl</con:url><con:content><![CDATA[<wsdl:definitions targetNamespace="http://fidus.brussels/service/importtoregondesservice/v1" name="ImportToRegondesService" xmlns:soap="http://schemas.xmlsoap.org/wsdl/soap/" xmlns:wsdl="http://schemas.xmlsoap.org/wsdl/" xmlns:xsd="http://www.w3.org/2001/XMLSchema" xmlns:mes="http://fidus.brussels/service/importtoregondesservice/messages/v1" xmlns:tns="http://fidus.brussels/service/importtoregondesservice/v1">
  <xsd:annotation>
    <xsd:documentation>ImportToRegondesService WDSL v1.</xsd:documentation>
  </xsd:annotation>
  <wsdl:types>
    <xsd:schema targetNamespace="http://fidus.brussels/service/importtoregondesservice/v1" elementFormDefault="qualified">
      <xsd:import namespace="http://fidus.brussels/service/importtoregondesservice/messages/v1" schemaLocation="messages/importToRegondesServiceMessages_v1.xsd"/>
    </xsd:schema>
  </wsdl:types>
  <wsdl:message name="exportDossierRequestMessage">
    <wsdl:part name="exportDossierRequest" element="mes:exportDossierRequest"/>
  </wsdl:message>
  <wsdl:message name="exportSupplementaryInformationRequestMessage">
    <wsdl:part name="exportsupplementaryInformationRequest" element="mes:exportSupplementaryInformationRequest"/>
  </wsdl:message>
  <wsdl:message name="reportOutputResponseMessage">
    <wsdl:part name="reportResponse" element="mes:reportResponse"/>
  </wsdl:message>
  <wsdl:portType name="ImportToRegondesServicePortType">
    <wsdl:operation name="exportDossier">
      <wsdl:input message="tns:exportDossierRequestMessage"/>
      <wsdl:output message="tns:reportOutputResponseMessage"/>
    </wsdl:operation>
    <wsdl:operation name="exportSupplementaryInformation">
      <wsdl:input message="tns:exportSupplementaryInformationRequestMessage"/>
      <wsdl:output message="tns:reportOutputResponseMessage"/>
    </wsdl:operation>
  </wsdl:portType>
  <wsdl:binding name="ImportToRegondesServiceHTTPBinding" type="tns:ImportToRegondesServicePortType">
    <soap:binding style="document" transport="http://schemas.xmlsoap.org/soap/http"/>
    <wsdl:operation name="exportDossier">
      <soap:operation soapAction="http://fidus.brussels/services/importtoregondesservice/importDossier"/>
      <wsdl:input>
        <soap:body use="literal"/>
      </wsdl:input>
      <wsdl:output>
        <soap:body use="literal"/>
      </wsdl:output>
    </wsdl:operation>
    <wsdl:operation name="exportSupplementaryInformation">
      <soap:operation soapAction="http://fidus.brussels/services/importtoregondesservice/importSupplementaryInformation"/>
      <wsdl:input>
        <soap:body use="literal"/>
      </wsdl:input>
      <wsdl:output>
        <soap:body use="literal"/>
      </wsdl:output>
    </wsdl:operation>
  </wsdl:binding>
  <wsdl:service name="ImportToRegondesService_v1">
    <wsdl:port name="ImportToRegondesService_v1" binding="tns:ImportToRegondesServiceHTTPBinding">
      <soap:address location="http://fidus.brussels/services/importtoregondesservice/v1"/>
    </wsdl:port>
  </wsdl:service>
</wsdl:definitions>]]></con:content><con:type>http://schemas.xmlsoap.org/wsdl/</con:type></con:part><con:part><con:url>file:/home/isr/git/parent/importtoregondesservice/ImportToRegondesServiceGateway/src/main/resources/wsdl/importToRegondesService/1.0.0/messages/importToRegondesServiceMessages_v1.xsd</con:url><con:content><![CDATA[<xsd:schema targetNamespace="http://fidus.brussels/service/importtoregondesservice/messages/v1" elementFormDefault="qualified" attributeFormDefault="unqualified" version="1.0" xmlns:xsd="http://www.w3.org/2001/XMLSchema" xmlns:cme="http://fidus.brussels/type/common/messages/v1" xmlns:exc="http://fidus.brussels/type/common/exceptions/v1" xmlns:dos="http://www.minfin.fgov.be/regondes2/extern/taxservice/imports/dossier" xmlns:sup="http://www.minfin.fgov.be/regondes2/extern/taxservice/imports/supplementaryInformation" xmlns:com="http://www.minfin.fgov.be/regondes2/extern/taxservice/common" xmlns:tns="http://fidus.brussels/service/importtoregondesservice/messages/v1">
  <xsd:import namespace="http://fidus.brussels/type/common/messages/v1" schemaLocation="baseMessageTypes_v1.xsd"/>
  <xsd:import namespace="http://fidus.brussels/type/common/exceptions/v1" schemaLocation="exceptionTypes_v1.xsd"/>
  <xsd:import namespace="http://www.minfin.fgov.be/regondes2/extern/taxservice/imports/dossier" schemaLocation="../regondes/Regondes2ImportDossier.xsd"/>
  <xsd:import namespace="http://www.minfin.fgov.be/regondes2/extern/taxservice/imports/supplementaryInformation" schemaLocation="../regondes/Regondes2ImportSupplementaryInformation.xsd"/>
  <xsd:import namespace="http://www.minfin.fgov.be/regondes2/extern/taxservice/common" schemaLocation="../regondes/Regondes2Common.xsd"/>
  <xsd:complexType name="ExportDossierType">
    <xsd:annotation>
      <xsd:documentation>The person whose information is requested.</xsd:documentation>
    </xsd:annotation>
    <xsd:sequence>
      <xsd:element ref="dos:dossier"/>
    </xsd:sequence>
  </xsd:complexType>
  <xsd:complexType name="ExportSupplementaryInformationType">
    <xsd:annotation>
      <xsd:documentation>The person whose information is requested.</xsd:documentation>
    </xsd:annotation>
    <xsd:sequence>
      <xsd:element ref="sup:supplementaryInformation"/>
    </xsd:sequence>
  </xsd:complexType>
  <!--Request getImportToRegondesService definition-->
  <xsd:complexType name="GetExportDossierRequestType">
    <xsd:sequence>
      <xsd:element name="messageContext" type="cme:RequestMessageContextType"/>
      <xsd:element name="legalContext" type="cme:LegalContextType"/>
      <xsd:element name="request" type="tns:ExportDossierType"/>
    </xsd:sequence>
  </xsd:complexType>
  <!--Request getImportToRegondesService definition-->
  <xsd:complexType name="GetExportSupplementaryInformationRequestType">
    <xsd:sequence>
      <xsd:element name="messageContext" type="cme:RequestMessageContextType"/>
      <xsd:element name="legalContext" type="cme:LegalContextType"/>
      <xsd:element name="request" type="tns:ExportSupplementaryInformationType"/>
    </xsd:sequence>
  </xsd:complexType>
  <!--Request getImportToRegondesService definition-->
  <xsd:complexType name="GetReportResponseType">
    <xsd:sequence>
      <xsd:element name="messageContext" type="cme:ResponseMessageContextType"/>
      <xsd:element name="responses" type="tns:ResponsesType" minOccurs="0"/>
      <xsd:element name="exceptions" type="exc:ExceptionsType" minOccurs="0">
        <xsd:annotation>
          <xsd:documentation>Technical errors that occur when processing the message context e.g. insufficient rights.</xsd:documentation>
        </xsd:annotation>
      </xsd:element>
    </xsd:sequence>
  </xsd:complexType>
  <xsd:complexType name="ResponsesType">
    <xsd:sequence>
      <xsd:element name="response" type="tns:ResponseType" minOccurs="1" maxOccurs="1"/>
    </xsd:sequence>
  </xsd:complexType>
  <xsd:complexType name="ResponseType">
    <xsd:sequence>
      <xsd:element ref="com:report" minOccurs="0" maxOccurs="1"/>
      <xsd:element name="exceptions" type="exc:ExceptionsType" minOccurs="0">
        <xsd:annotation>
          <xsd:documentation>Business exceptions that occur when processing the request or response e.g. missing data for a single response element.
						Exceptions at this level may contain back-end specific codes and content.</xsd:documentation>
        </xsd:annotation>
      </xsd:element>
    </xsd:sequence>
  </xsd:complexType>
  <!--Element of the request and the response-->
  <xsd:element name="exportDossierRequest" type="tns:GetExportDossierRequestType"/>
  <xsd:element name="exportSupplementaryInformationRequest" type="tns:GetExportSupplementaryInformationRequestType"/>
  <xsd:element name="reportResponse" type="tns:GetReportResponseType"/>
</xsd:schema>]]></con:content><con:type>http://www.w3.org/2001/XMLSchema</con:type></con:part><con:part><con:url>file:/home/isr/git/parent/importtoregondesservice/ImportToRegondesServiceGateway/src/main/resources/wsdl/importToRegondesService/1.0.0/messages/baseMessageTypes_v1.xsd</con:url><con:content><![CDATA[<xsd:schema targetNamespace="http://fidus.brussels/type/common/messages/v1" elementFormDefault="qualified" attributeFormDefault="unqualified" version="1.0" xmlns:xsd="http://www.w3.org/2001/XMLSchema" xmlns:cmn="http://fidus.brussels/type/common/v1" xmlns:tns="http://fidus.brussels/type/common/messages/v1">
  <!--Unformatted message Id-->
  <xsd:simpleType name="MessageIdType">
    <xsd:restriction base="xsd:string">
      <xsd:minLength value="1"/>
      <xsd:maxLength value="64"/>
    </xsd:restriction>
  </xsd:simpleType>
  <!--National Number of the person. Format depending on the Register-->
  <xsd:simpleType name="PersonNumberType">
    <xsd:restriction base="xsd:string">
      <xsd:pattern value="[0-9][0-9](([0][0-9])|([1][0-2]))(([0-2][0-9])|([3][0-1]))(([0-9]{2}[1-9])|([0-9][1-9][0-9])|([1-9][0-9]{2}))(([0-8][0-9])|([9][0-7]))">
        <xsd:annotation>
          <xsd:documentation>National Register format</xsd:documentation>
        </xsd:annotation>
      </xsd:pattern>
      <xsd:pattern value="[0-9][0-9](([2][0-9])|([3][0-2]))(([0-2][0-9])|([3][0-1]))[0-9]{3}(([0-8][0-9])|([9][0-7]))">
        <xsd:annotation>
          <xsd:documentation>CBSS Register format: Bis Register</xsd:documentation>
        </xsd:annotation>
      </xsd:pattern>
      <xsd:pattern value="[0-9][0-9](([4][0-9])|([5][0-2]))(([0-2][0-9])|([3][0-1]))[0-9]{3}(([0-8][0-9])|([9][0-7]))">
        <xsd:annotation>
          <xsd:documentation>CBSS Register format: Ter Register</xsd:documentation>
        </xsd:annotation>
      </xsd:pattern>
    </xsd:restriction>
  </xsd:simpleType>
  <!--Request message context-->
  <xsd:complexType name="RequestMessageContextType">
    <xsd:annotation>
      <xsd:documentation>Message context block generated by the consumer.</xsd:documentation>
    </xsd:annotation>
    <xsd:sequence>
      <xsd:element name="messageId" type="tns:MessageIdType">
        <xsd:annotation>
          <xsd:documentation>Consumer must assign their own MessageId reference for the request.</xsd:documentation>
        </xsd:annotation>
      </xsd:element>
      <xsd:element name="timestamp" type="xsd:dateTime" minOccurs="0">
        <xsd:annotation>
          <xsd:documentation>Timestamp when client sent request.</xsd:documentation>
        </xsd:annotation>
      </xsd:element>
    </xsd:sequence>
  </xsd:complexType>
  <!--Response message context-->
  <xsd:complexType name="ResponseMessageContextType">
    <xsd:annotation>
      <xsd:documentation>MessageContext block generated by fidus.</xsd:documentation>
    </xsd:annotation>
    <xsd:sequence>
      <xsd:element name="messageId" type="tns:MessageIdType">
        <xsd:annotation>
          <xsd:documentation>A unique identifier generated by fidus.</xsd:documentation>
        </xsd:annotation>
      </xsd:element>
      <xsd:element name="transactionId" type="tns:MessageIdType">
        <xsd:annotation>
          <xsd:documentation>A unique ID returned to the client for tracing purposes.</xsd:documentation>
        </xsd:annotation>
      </xsd:element>
      <xsd:element name="relatesTo" type="tns:MessageIdType" minOccurs="0">
        <xsd:annotation>
          <xsd:documentation>Optional field. The unique id of a previous batch file in this exchange Only used for responses.</xsd:documentation>
        </xsd:annotation>
      </xsd:element>
      <xsd:element name="timestamp" type="xsd:dateTime" minOccurs="0">
        <xsd:annotation>
          <xsd:documentation>Time reply sent by fidus.</xsd:documentation>
        </xsd:annotation>
      </xsd:element>
    </xsd:sequence>
  </xsd:complexType>
  <!--Legal Context : the finality of the Privacy Commission-->
  <xsd:simpleType name="LegalContextType">
    <xsd:restriction base="xsd:string">
      <xsd:minLength value="1"/>
      <xsd:maxLength value="64"/>
    </xsd:restriction>
  </xsd:simpleType>
  <xsd:complexType name="UserContextType">
    <xsd:annotation>
      <xsd:documentation>The user context defines information regarding the actual user performing a request.</xsd:documentation>
    </xsd:annotation>
    <xsd:sequence>
      <xsd:element name="language" type="xsd:language" nillable="true">
        <xsd:annotation>
          <xsd:documentation>The preferred language of the actual user performing the request.
						This influences the language in which response elements are cast.</xsd:documentation>
        </xsd:annotation>
      </xsd:element>
    </xsd:sequence>
  </xsd:complexType>
</xsd:schema>]]></con:content><con:type>http://www.w3.org/2001/XMLSchema</con:type></con:part><con:part><con:url>file:/home/isr/git/parent/importtoregondesservice/ImportToRegondesServiceGateway/src/main/resources/wsdl/importToRegondesService/1.0.0/messages/exceptionTypes_v1.xsd</con:url><con:content><![CDATA[<xsd:schema targetNamespace="http://fidus.brussels/type/common/exceptions/v1" elementFormDefault="qualified" attributeFormDefault="unqualified" version="1.0" xmlns:xsd="http://www.w3.org/2001/XMLSchema" xmlns:tns="http://fidus.brussels/type/common/exceptions/v1">
  <!--Basic error typed-->
  <xsd:complexType name="ExceptionsType">
    <xsd:sequence>
      <xsd:element name="exception" type="tns:ExceptionType" maxOccurs="unbounded"/>
    </xsd:sequence>
  </xsd:complexType>
  <xsd:complexType name="ExceptionType">
    <xsd:sequence>
      <xsd:element name="type" type="tns:ExceptionClassType"/>
      <xsd:element name="code" type="tns:ExceptionCodeType"/>
      <xsd:element name="source" type="tns:ExceptionSourceType"/>
      <xsd:element name="description" type="tns:ExceptionDescriptionType"/>
    </xsd:sequence>
  </xsd:complexType>
  <xsd:simpleType name="ExceptionClassType">
    <xsd:restriction base="xsd:string">
      <xsd:enumeration value="ERROR"/>
      <xsd:enumeration value="WARNING"/>
      <xsd:enumeration value="INFO"/>
    </xsd:restriction>
  </xsd:simpleType>
  <xsd:simpleType name="ExceptionCodeType">
    <xsd:restriction base="xsd:string">
      <xsd:maxLength value="20"/>
    </xsd:restriction>
  </xsd:simpleType>
  <xsd:simpleType name="ExceptionSourceType">
    <xsd:restriction base="xsd:string">
      <xsd:maxLength value="20"/>
    </xsd:restriction>
  </xsd:simpleType>
  <xsd:simpleType name="ExceptionDescriptionType">
    <xsd:restriction base="xsd:string"/>
  </xsd:simpleType>
</xsd:schema>]]></con:content><con:type>http://www.w3.org/2001/XMLSchema</con:type></con:part><con:part><con:url>file:/home/isr/git/parent/importtoregondesservice/ImportToRegondesServiceGateway/src/main/resources/wsdl/importToRegondesService/1.0.0/regondes/Regondes2ImportDossier.xsd</con:url><con:content><![CDATA[<!--Regondes2ImportDossier.xsd version 1.0-->
<xs:schema targetNamespace="http://www.minfin.fgov.be/regondes2/extern/taxservice/imports/dossier" elementFormDefault="qualified" attributeFormDefault="unqualified" xmlns="http://www.minfin.fgov.be/regondes2/extern/taxservice/imports/dossier" xmlns:xs="http://www.w3.org/2001/XMLSchema" xmlns:com="http://www.minfin.fgov.be/regondes2/extern/taxservice/common">
  <xs:import namespace="http://www.minfin.fgov.be/regondes2/extern/taxservice/common" schemaLocation="Regondes2Common.xsd"/>
  <xs:element name="dossier">
    <xs:complexType>
      <xs:sequence>
        <xs:element name="language">
          <xs:annotation>
            <xs:documentation>Language in which the dossier was drafted.</xs:documentation>
          </xs:annotation>
          <xs:simpleType>
            <xs:restriction base="xs:string">
              <xs:enumeration value="NL"/>
              <xs:enumeration value="FR"/>
              <xs:enumeration value="DE"/>
            </xs:restriction>
          </xs:simpleType>
        </xs:element>
        <xs:element name="fiscalYear" type="com:fiscalYearType">
          <xs:annotation>
            <xs:documentation>Fiscal year</xs:documentation>
          </xs:annotation>
        </xs:element>
        <xs:element name="initialService" type="com:completeInitialService"/>
        <xs:element name="patrimonyInformation">
          <xs:complexType>
            <xs:sequence>
              <xs:element name="cadastralDivisionCode">
                <xs:annotation>
                  <xs:documentation>Cadastral division code</xs:documentation>
                </xs:annotation>
                <xs:simpleType>
                  <xs:restriction base="xs:string">
                    <xs:maxLength value="30"/>
                    <xs:minLength value="1"/>
                  </xs:restriction>
                </xs:simpleType>
              </xs:element>
              <xs:choice>
                <xs:element name="articleNumber" type="com:articleNumberType">
                  <xs:annotation>
                    <xs:documentation>Article number</xs:documentation>
                  </xs:annotation>
                </xs:element>
                <xs:element name="parcel" type="parcel" minOccurs="1" maxOccurs="999"/>
              </xs:choice>
            </xs:sequence>
          </xs:complexType>
        </xs:element>
        <xs:element name="taxPayer" minOccurs="0">
          <xs:complexType>
            <xs:sequence>
              <xs:choice>
                <xs:element name="person" type="person"/>
                <xs:element name="company" type="company"/>
              </xs:choice>
            </xs:sequence>
          </xs:complexType>
        </xs:element>
        <xs:element name="submitter" minOccurs="0">
          <xs:annotation>
            <xs:documentation>Person or company who submitted the complaint.</xs:documentation>
          </xs:annotation>
          <xs:complexType>
            <xs:sequence>
              <xs:choice>
                <xs:element name="person" type="person"/>
                <xs:element name="company" type="company"/>
              </xs:choice>
              <xs:element name="phoneNumber" type="com:shortstring" minOccurs="0">
                <xs:annotation>
                  <xs:documentation>Phone number</xs:documentation>
                </xs:annotation>
              </xs:element>
              <xs:element name="email" type="com:emailAddress" minOccurs="0">
                <xs:annotation>
                  <xs:documentation>E-mail address</xs:documentation>
                </xs:annotation>
              </xs:element>
              <xs:element name="address" type="com:address" minOccurs="0">
                <xs:annotation>
                  <xs:documentation>Address</xs:documentation>
                </xs:annotation>
              </xs:element>
            </xs:sequence>
          </xs:complexType>
        </xs:element>
        <xs:element name="attachment" minOccurs="0" maxOccurs="99" type="com:attachment">
          <xs:annotation>
            <xs:documentation>Attached files which contain information about the dossier.</xs:documentation>
          </xs:annotation>
        </xs:element>
      </xs:sequence>
    </xs:complexType>
  </xs:element>
  <xs:complexType name="parcel">
    <xs:annotation>
      <xs:documentation>Parcel information</xs:documentation>
    </xs:annotation>
    <xs:sequence>
      <xs:element name="parcelNumber" type="parcelNumber"/>
      <xs:element name="situation">
        <xs:annotation>
          <xs:documentation>The location of the parcel.</xs:documentation>
        </xs:annotation>
        <xs:simpleType>
          <xs:restriction base="com:shortstring">
            <xs:minLength value="1"/>
          </xs:restriction>
        </xs:simpleType>
      </xs:element>
      <xs:element name="kind" type="com:shortstring" minOccurs="0">
        <xs:annotation>
          <xs:documentation>The kind of parcel.</xs:documentation>
        </xs:annotation>
      </xs:element>
      <xs:element name="details" type="com:shortstring" minOccurs="0">
        <xs:annotation>
          <xs:documentation>Extra information with details about the parcel.</xs:documentation>
        </xs:annotation>
      </xs:element>
      <xs:choice>
        <xs:sequence>
          <xs:element name="articleNumber" type="com:articleNumberType">
            <xs:annotation>
              <xs:documentation>Article number</xs:documentation>
            </xs:annotation>
          </xs:element>
          <xs:element name="sequenceNumber" type="com:shortstring">
            <xs:annotation>
              <xs:documentation>Sequence number</xs:documentation>
            </xs:annotation>
          </xs:element>
        </xs:sequence>
        <xs:element name="propertySituationNumber" type="com:shortstring">
          <xs:annotation>
            <xs:documentation>Property situation number</xs:documentation>
          </xs:annotation>
        </xs:element>
      </xs:choice>
    </xs:sequence>
  </xs:complexType>
  <xs:complexType name="parcelNumber">
    <xs:annotation>
      <xs:documentation>Parcel number</xs:documentation>
    </xs:annotation>
    <xs:sequence>
      <xs:element name="section">
        <xs:annotation>
          <xs:documentation>Section</xs:documentation>
        </xs:annotation>
        <xs:simpleType>
          <xs:restriction base="com:shortstring">
            <xs:minLength value="1"/>
          </xs:restriction>
        </xs:simpleType>
      </xs:element>
      <xs:element name="groundNumber">
        <xs:annotation>
          <xs:documentation>Ground number.</xs:documentation>
        </xs:annotation>
        <xs:simpleType>
          <xs:restriction base="com:shortstring">
            <xs:minLength value="1"/>
          </xs:restriction>
        </xs:simpleType>
      </xs:element>
      <xs:element name="bisNumber" minOccurs="0">
        <xs:annotation>
          <xs:documentation>Bis number</xs:documentation>
        </xs:annotation>
        <xs:simpleType>
          <xs:restriction base="com:shortstring">
            <xs:minLength value="1"/>
          </xs:restriction>
        </xs:simpleType>
      </xs:element>
      <xs:element name="exponent" minOccurs="0">
        <xs:annotation>
          <xs:documentation>Exponent</xs:documentation>
        </xs:annotation>
        <xs:simpleType>
          <xs:restriction base="com:shortstring">
            <xs:minLength value="1"/>
          </xs:restriction>
        </xs:simpleType>
      </xs:element>
      <xs:element name="power" minOccurs="0">
        <xs:annotation>
          <xs:documentation>Power</xs:documentation>
        </xs:annotation>
        <xs:simpleType>
          <xs:restriction base="com:shortstring">
            <xs:minLength value="1"/>
          </xs:restriction>
        </xs:simpleType>
      </xs:element>
      <xs:element name="part" minOccurs="0">
        <xs:annotation>
          <xs:documentation>Part</xs:documentation>
        </xs:annotation>
        <xs:simpleType>
          <xs:restriction base="com:shortstring">
            <xs:minLength value="1"/>
          </xs:restriction>
        </xs:simpleType>
      </xs:element>
    </xs:sequence>
  </xs:complexType>
  <xs:complexType name="person">
    <xs:annotation>
      <xs:documentation>Person data.</xs:documentation>
    </xs:annotation>
    <xs:sequence>
      <xs:choice>
        <xs:element name="socialSecurityNumber" type="com:personIdNumber">
          <xs:annotation>
            <xs:documentation>Social security number.</xs:documentation>
          </xs:annotation>
        </xs:element>
        <xs:element name="persIDF" type="com:personIdNumber">
          <xs:annotation>
            <xs:documentation>persIDF</xs:documentation>
          </xs:annotation>
        </xs:element>
        <xs:element name="bisNumber" type="com:personIdNumber">
          <xs:annotation>
            <xs:documentation>BIS-number</xs:documentation>
          </xs:annotation>
        </xs:element>
      </xs:choice>
      <xs:element name="firstname" type="com:longstring" minOccurs="0">
        <xs:annotation>
          <xs:documentation>First name</xs:documentation>
        </xs:annotation>
      </xs:element>
      <xs:element name="lastname" type="com:longstring" minOccurs="0">
        <xs:annotation>
          <xs:documentation>Last name</xs:documentation>
        </xs:annotation>
      </xs:element>
    </xs:sequence>
  </xs:complexType>
  <xs:complexType name="company">
    <xs:sequence>
      <xs:element name="cbeNumber" type="com:cbeNumber">
        <xs:annotation>
          <xs:documentation>CBE number</xs:documentation>
        </xs:annotation>
      </xs:element>
      <xs:element name="name" type="com:longstring" minOccurs="0">
        <xs:annotation>
          <xs:documentation>Company name</xs:documentation>
        </xs:annotation>
      </xs:element>
    </xs:sequence>
  </xs:complexType>
</xs:schema>]]></con:content><con:type>http://www.w3.org/2001/XMLSchema</con:type></con:part><con:part><con:url>file:/home/isr/git/parent/importtoregondesservice/ImportToRegondesServiceGateway/src/main/resources/wsdl/importToRegondesService/1.0.0/regondes/Regondes2Common.xsd</con:url><con:content><![CDATA[<!--Regondes2Common.xsd version 1.0-->
<xs:schema targetNamespace="http://www.minfin.fgov.be/regondes2/extern/taxservice/common" elementFormDefault="qualified" attributeFormDefault="unqualified" xmlns="http://www.minfin.fgov.be/regondes2/extern/taxservice/common" xmlns:xs="http://www.w3.org/2001/XMLSchema">
  <!--lum-->
  <!--Definition of complex types-->
  <xs:element name="report">
    <xs:annotation>
      <xs:documentation>Report of the transaction</xs:documentation>
    </xs:annotation>
    <xs:complexType>
      <xs:sequence>
        <xs:element name="status">
          <xs:annotation>
            <xs:documentation>Status of the transaction: SUCCESS or ERROR.</xs:documentation>
          </xs:annotation>
          <xs:simpleType>
            <xs:restriction base="xs:string">
              <xs:enumeration value="SUCCESS"/>
              <xs:enumeration value="ERROR"/>
            </xs:restriction>
          </xs:simpleType>
        </xs:element>
        <xs:element name="error" minOccurs="0">
          <xs:annotation>
            <xs:documentation>Business error occured while processing the message.</xs:documentation>
          </xs:annotation>
          <xs:simpleType>
            <xs:restriction base="longstring">
              <xs:minLength value="1"/>
            </xs:restriction>
          </xs:simpleType>
        </xs:element>
        <xs:element name="errorId" minOccurs="0">
          <xs:annotation>
            <xs:documentation>The Id of error in the log files. With this id the helpdesk can find the logs of the error.</xs:documentation>
          </xs:annotation>
          <xs:simpleType>
            <xs:restriction base="longstring">
              <xs:minLength value="1"/>
            </xs:restriction>
          </xs:simpleType>
        </xs:element>
      </xs:sequence>
    </xs:complexType>
  </xs:element>
  <xs:complexType name="attachment">
    <xs:annotation>
      <xs:documentation>Attached files which contain information about the dossier.</xs:documentation>
    </xs:annotation>
    <xs:sequence>
      <xs:element name="fileName" type="longstring">
        <xs:annotation>
          <xs:documentation>The filename of the attachment</xs:documentation>
        </xs:annotation>
      </xs:element>
      <xs:element name="data" type="xs:base64Binary">
        <xs:annotation>
          <xs:documentation>The bytes base64binary encoded</xs:documentation>
        </xs:annotation>
      </xs:element>
    </xs:sequence>
  </xs:complexType>
  <xs:complexType name="abstractInitialService" abstract="true">
    <xs:sequence>
      <xs:element name="technicalReference" type="longstring" minOccurs="0">
        <xs:annotation>
          <xs:documentation>Unique technical reference given by the initial service. Will be present if the dossier was imported with a technical reference.</xs:documentation>
        </xs:annotation>
      </xs:element>
      <xs:element name="type">
        <xs:annotation>
          <xs:documentation>The type of the initial service which can be either "VLABEL" or "AAF".</xs:documentation>
        </xs:annotation>
        <xs:simpleType>
          <xs:restriction base="xs:string">
            <xs:enumeration value="VLABEL"/>
            <xs:enumeration value="AAF"/>
          </xs:restriction>
        </xs:simpleType>
      </xs:element>
    </xs:sequence>
  </xs:complexType>
  <xs:complexType name="basicInitialService">
    <xs:complexContent>
      <xs:extension base="abstractInitialService">
        <xs:sequence>
          <xs:element name="reference">
            <xs:annotation>
              <xs:documentation>Unique reference given by the initial service. Will be present if the dossier was imported.</xs:documentation>
            </xs:annotation>
            <xs:simpleType>
              <xs:restriction base="longstring">
                <xs:minLength value="1"/>
              </xs:restriction>
            </xs:simpleType>
          </xs:element>
        </xs:sequence>
      </xs:extension>
    </xs:complexContent>
  </xs:complexType>
  <xs:complexType name="completeInitialService">
    <xs:complexContent>
      <xs:extension base="basicInitialService">
        <xs:sequence>
          <xs:element name="complaintType">
            <xs:annotation>
              <xs:documentation>Type of complaint.</xs:documentation>
            </xs:annotation>
            <xs:simpleType>
              <xs:restriction base="xs:string">
                <xs:maxLength value="12"/>
                <xs:minLength value="1"/>
              </xs:restriction>
            </xs:simpleType>
          </xs:element>
          <xs:element name="registerSendDate" type="xs:date" minOccurs="0">
            <xs:annotation>
              <xs:documentation>Date on which the notice of assessment is expected to be delivered.</xs:documentation>
            </xs:annotation>
          </xs:element>
          <xs:element name="registerArticle" type="shortstring" minOccurs="0">
            <xs:annotation>
              <xs:documentation>Number of the article in the register of the tax service.</xs:documentation>
            </xs:annotation>
          </xs:element>
          <xs:element name="dateInitialService" type="xs:date">
            <xs:annotation>
              <xs:documentation>Date on which the dossier was created by the initial service.</xs:documentation>
            </xs:annotation>
          </xs:element>
          <xs:element name="nameContact" type="longstring" minOccurs="0">
            <xs:annotation>
              <xs:documentation>Name of the contact within the initial service.</xs:documentation>
            </xs:annotation>
          </xs:element>
          <xs:element name="phoneNumberContact" type="shortstring" minOccurs="0">
            <xs:annotation>
              <xs:documentation>Phone number of the contact within the initial service.</xs:documentation>
            </xs:annotation>
          </xs:element>
          <xs:element name="emailContact" type="emailAddress" minOccurs="0">
            <xs:annotation>
              <xs:documentation>E-mail address of the contact within the initial sevice.</xs:documentation>
            </xs:annotation>
          </xs:element>
          <xs:element name="remark">
            <xs:annotation>
              <xs:documentation>A remark from the initial service.</xs:documentation>
            </xs:annotation>
            <xs:simpleType>
              <xs:restriction base="text">
                <xs:minLength value="1"/>
              </xs:restriction>
            </xs:simpleType>
          </xs:element>
        </xs:sequence>
      </xs:extension>
    </xs:complexContent>
  </xs:complexType>
  <xs:complexType name="address">
    <xs:annotation>
      <xs:documentation>Address</xs:documentation>
    </xs:annotation>
    <xs:sequence>
      <xs:element name="street" type="longstring" minOccurs="0">
        <xs:annotation>
          <xs:documentation>Street</xs:documentation>
        </xs:annotation>
      </xs:element>
      <xs:element name="houseNumber" type="longstring" minOccurs="0">
        <xs:annotation>
          <xs:documentation>House number</xs:documentation>
        </xs:annotation>
      </xs:element>
      <xs:element name="box" type="shortstring" minOccurs="0">
        <xs:annotation>
          <xs:documentation>Box</xs:documentation>
        </xs:annotation>
      </xs:element>
      <xs:element name="zipCode" type="shortstring" minOccurs="0">
        <xs:annotation>
          <xs:documentation>ZIP code</xs:documentation>
        </xs:annotation>
      </xs:element>
      <xs:element name="place" type="longstring" minOccurs="0">
        <xs:annotation>
          <xs:documentation>Place</xs:documentation>
        </xs:annotation>
      </xs:element>
      <xs:element name="country" type="longstring" minOccurs="0">
        <xs:annotation>
          <xs:documentation>Country</xs:documentation>
        </xs:annotation>
      </xs:element>
    </xs:sequence>
  </xs:complexType>
  <xs:complexType name="cadastralIncome">
    <xs:sequence>
      <xs:element name="codeCadastralIncome" type="codeCadastralIncome">
        <xs:annotation>
          <xs:documentation>Cadastrall income code</xs:documentation>
        </xs:annotation>
      </xs:element>
      <xs:element name="definitiveCadastralIncome" type="xs:positiveInteger">
        <xs:annotation>
          <xs:documentation>Definitive cadastrall income</xs:documentation>
        </xs:annotation>
      </xs:element>
      <xs:element name="dateDefinitive" type="xs:date">
        <xs:annotation>
          <xs:documentation>Date definitive cadastrall income</xs:documentation>
        </xs:annotation>
      </xs:element>
      <xs:element name="reasonDefinitive" type="longstring">
        <xs:annotation>
          <xs:documentation>Reason definitieve cadastrall income</xs:documentation>
        </xs:annotation>
      </xs:element>
    </xs:sequence>
  </xs:complexType>
  <xs:simpleType name="shortstring">
    <xs:restriction base="xs:string">
      <xs:minLength value="1"/>
      <xs:maxLength value="60"/>
    </xs:restriction>
  </xs:simpleType>
  <xs:simpleType name="longstring">
    <xs:restriction base="xs:string">
      <xs:minLength value="1"/>
      <xs:maxLength value="150"/>
    </xs:restriction>
  </xs:simpleType>
  <xs:simpleType name="text">
    <xs:restriction base="xs:string">
      <xs:minLength value="1"/>
      <xs:maxLength value="4000"/>
    </xs:restriction>
  </xs:simpleType>
  <xs:simpleType name="codeCadastralIncome">
    <xs:restriction base="xs:string">
      <xs:minLength value="1"/>
      <xs:maxLength value="2"/>
    </xs:restriction>
  </xs:simpleType>
  <xs:simpleType name="personIdNumber">
    <xs:restriction base="xs:string">
      <xs:minLength value="1"/>
      <xs:maxLength value="15"/>
    </xs:restriction>
  </xs:simpleType>
  <xs:simpleType name="cbeNumber">
    <xs:restriction base="xs:string">
      <xs:minLength value="1"/>
      <xs:maxLength value="15"/>
    </xs:restriction>
  </xs:simpleType>
  <xs:simpleType name="emailAddress">
    <xs:restriction base="xs:token">
      <xs:minLength value="1"/>
      <xs:maxLength value="254"/>
      <xs:pattern value="[^@]+@[^\.]+\..+"/>
    </xs:restriction>
  </xs:simpleType>
  <xs:simpleType name="referenceFodFin">
    <xs:restriction base="xs:long"/>
  </xs:simpleType>
  <xs:simpleType name="articleNumberType">
    <xs:restriction base="xs:token">
      <xs:minLength value="1"/>
      <xs:maxLength value="8"/>
      <xs:pattern value="\d{0,5}(/\d{2})?"/>
    </xs:restriction>
  </xs:simpleType>
  <xs:simpleType name="fiscalYearType">
    <xs:restriction base="xs:string">
      <xs:maxLength value="4"/>
      <xs:minLength value="4"/>
    </xs:restriction>
  </xs:simpleType>
</xs:schema>]]></con:content><con:type>http://www.w3.org/2001/XMLSchema</con:type></con:part><con:part><con:url>file:/home/isr/git/parent/importtoregondesservice/ImportToRegondesServiceGateway/src/main/resources/wsdl/importToRegondesService/1.0.0/regondes/Regondes2ImportSupplementaryInformation.xsd</con:url><con:content><![CDATA[<!--Regondes2ImportSupplementaryInformation.xsd version 1.0-->
<xs:schema targetNamespace="http://www.minfin.fgov.be/regondes2/extern/taxservice/imports/supplementaryInformation" elementFormDefault="qualified" attributeFormDefault="unqualified" xmlns="http://www.minfin.fgov.be/regondes2/extern/taxservice/imports/supplementaryInformation" xmlns:xs="http://www.w3.org/2001/XMLSchema" xmlns:com="http://www.minfin.fgov.be/regondes2/extern/taxservice/common">
  <xs:import namespace="http://www.minfin.fgov.be/regondes2/extern/taxservice/common" schemaLocation="Regondes2Common.xsd"/>
  <xs:element name="supplementaryInformation">
    <xs:complexType>
      <xs:sequence>
        <xs:element name="initialService" type="com:basicInitialService"/>
        <xs:element name="attachment" minOccurs="1" maxOccurs="99" type="com:attachment">
          <xs:annotation>
            <xs:documentation>Attached files which contain information about the dossier.</xs:documentation>
          </xs:annotation>
        </xs:element>
      </xs:sequence>
    </xs:complexType>
  </xs:element>
</xs:schema>]]></con:content><con:type>http://www.w3.org/2001/XMLSchema</con:type></con:part></con:definitionCache><con:endpoints><con:endpoint>http://fidus.brussels/services/importtoregondesservice/v1</con:endpoint></con:endpoints><con:operation id="4027c578-467d-44b6-a8ae-d0a84b368f08" isOneWay="false" action="http://fidus.brussels/services/importtoregondesservice/importDossier" name="exportDossier" bindingOperationName="exportDossier" type="Request-Response" inputName="" receivesAttachments="false" sendsAttachments="false" anonymous="optional"><con:settings/><con:call id="581ead05-b994-4992-b84b-31abab68e310" name="1 - Local - Request - Success" incomingWss="Inflow DEV" outgoingWss="Outflow DEV"><con:settings><con:setting id="com.eviware.soapui.impl.wsdl.WsdlRequest@request-headers">&lt;xml-fragment/></con:setting></con:settings><con:encoding>UTF-8</con:encoding><con:endpoint>https://localhost:8243/services/ImportToRegondesService_v1.0</con:endpoint><con:request><![CDATA[<soapenv:Envelope xmlns:soapenv="http://schemas.xmlsoap.org/soap/envelope/" xmlns:v1="http://fidus.brussels/service/importtoregondesservice/messages/v1" xmlns:v11="http://fidus.brussels/type/common/messages/v1" xmlns:dos="http://www.minfin.fgov.be/regondes2/extern/taxservice/imports/dossier" xmlns:com="http://www.minfin.fgov.be/regondes2/extern/taxservice/common" >
    <soapenv:Header/>
    <soapenv:Body>
        <v1:exportDossierRequest>
            <v1:messageContext>
                <v11:messageId>${=import static java.util.UUID.randomUUID; uuid = randomUUID() as String}</v11:messageId>
                <v11:timestamp>${=new java.text.SimpleDateFormat("yyyy-MM-dd'T'HH:mm:ss.SSS").format(new Date())}</v11:timestamp>
            </v1:messageContext>
            <v1:legalContext>ServiceIntegrator</v1:legalContext>
            <v1:request>
                <dos:dossier>
                    <dos:language>FR</dos:language>
                    <dos:fiscalYear>2015</dos:fiscalYear>
                    <dos:initialService>
                        <com:technicalReference>11223344</com:technicalReference>
                        <com:type>AAF</com:type>				
                        <!-- the "REFERENCE" is used by the SPF Finance to create a new legal dispute on the
						SPF data base. To have a "success" as a response, you have to 
						change this parameter every request. -->
                        <com:reference>CF55571</com:reference>
                        <com:complaintType>MS</com:complaintType>
                        <com:registerArticle>1</com:registerArticle>
                        <com:dateInitialService>2017-01-10+01:00</com:dateInitialService>
                        <com:nameContact>PME047 Testuser</com:nameContact>
                        <com:emailContact>testuser.pme047@guest.minfin.fed.be</com:emailContact>
                        <com:remark>none</com:remark>
                    </dos:initialService>
                    <dos:patrimonyInformation>
                        <dos:cadastralDivisionCode>21819</dos:cadastralDivisionCode>
                        <dos:articleNumber>14831</dos:articleNumber>
                    </dos:patrimonyInformation>
                    <dos:submitter>
                        <dos:person>
                            <dos:persIDF>000006141843</dos:persIDF>
                            <dos:firstname>PATRICK</dos:firstname>
                            <dos:lastname>DEWANDELEER</dos:lastname>
                        </dos:person>
                        <dos:address>
                            <com:street>Rue du Maraîcher, 5</com:street>
                            <com:zipCode>1082</com:zipCode>
                            <com:place>Berchem-Sainte-Agathe</com:place>
                        </dos:address>
                    </dos:submitter>
                </dos:dossier>
            </v1:request>
        </v1:exportDossierRequest>
    </soapenv:Body>
</soapenv:Envelope>]]></con:request><con:credentials><con:selectedAuthProfile>Basic</con:selectedAuthProfile><con:addedBasicAuthenticationTypes>Basic</con:addedBasicAuthenticationTypes><con:authType>Global HTTP Settings</con:authType></con:credentials><con:jmsConfig JMSDeliveryMode="PERSISTENT"/><con:jmsPropertyConfig/><con:wsaConfig mustUnderstand="NONE" version="200508" action="http://fidus.brussels/services/importtoregondesservice/importDossier"/><con:wsrmConfig version="1.2"/></con:call><con:call id="b01223d1-fd9e-4bd6-910d-f77be063fafe" name="1 - Local - Request - Error" outgoingWss="Outflow DEV" incomingWss="Inflow DEV"><con:settings><con:setting id="com.eviware.soapui.impl.wsdl.WsdlRequest@request-headers">&lt;xml-fragment/></con:setting></con:settings><con:encoding>UTF-8</con:encoding><con:endpoint>https://localhost:8243/services/ImportToRegondesService_v1.0</con:endpoint><con:request><![CDATA[<soapenv:Envelope xmlns:soapenv="http://schemas.xmlsoap.org/soap/envelope/" xmlns:v1="http://fidus.brussels/service/importtoregondesservice/messages/v1" xmlns:v11="http://fidus.brussels/type/common/messages/v1" xmlns:dos="http://www.minfin.fgov.be/regondes2/extern/taxservice/imports/dossier" xmlns:com="http://www.minfin.fgov.be/regondes2/extern/taxservice/common" >
    <soapenv:Header/>
    <soapenv:Body>
        <v1:exportDossierRequest>
            <v1:messageContext>
                <v11:messageId>${=import static java.util.UUID.randomUUID; uuid = randomUUID() as String}</v11:messageId>
                <v11:timestamp>${=new java.text.SimpleDateFormat("yyyy-MM-dd'T'HH:mm:ss.SSS").format(new Date())}</v11:timestamp>
            </v1:messageContext>
            <v1:legalContext>ServiceIntegrator</v1:legalContext>
            <v1:request>
                <dos:dossier>
                    <dos:language>FR</dos:language>
                    <dos:fiscalYear>2015</dos:fiscalYear>
                    <dos:initialService>
                        <com:technicalReference>11223344</com:technicalReference>
                        <com:type>AAF</com:type>				
                        <!-- the "REFERENCE" is used by the SPF Finance to create a new legal dispute on the
						SPF data base. To have a "success" as a response, you have to 
						change this parameter every request. -->
                        <com:reference>CF55571</com:reference>
                        <com:complaintType>MS</com:complaintType>
                        <com:registerArticle>1</com:registerArticle>
                        <com:dateInitialService>2017-01-10+01:00</com:dateInitialService>
                        <com:nameContact>PME047 Testuser</com:nameContact>
                        <com:emailContact>testuser.pme047@guest.minfin.fed.be</com:emailContact>
                        <com:remark>none</com:remark>
                    </dos:initialService>
                    <dos:patrimonyInformation>
                        <dos:cadastralDivisionCode>21819</dos:cadastralDivisionCode>
                        <dos:articleNumber>14831</dos:articleNumber>
                    </dos:patrimonyInformation>
                    <dos:submitter>
                        <dos:person>
                            <dos:persIDF>000006141843</dos:persIDF>
                            <dos:firstname>PATRICK</dos:firstname>
                            <dos:lastname>DEWANDELEER</dos:lastname>
                        </dos:person>
                        <dos:address>
                            <com:street>Rue du Maraîcher, 5</com:street>
                            <com:zipCode>1082</com:zipCode>
                            <com:place>Berchem-Sainte-Agathe</com:place>
                        </dos:address>
                    </dos:submitter>
                </dos:dossier>
            </v1:request>
        </v1:exportDossierRequest>
    </soapenv:Body>
</soapenv:Envelope>]]></con:request><con:credentials><con:selectedAuthProfile>Basic</con:selectedAuthProfile><con:addedBasicAuthenticationTypes>Basic</con:addedBasicAuthenticationTypes><con:authType>Global HTTP Settings</con:authType></con:credentials><con:jmsConfig JMSDeliveryMode="PERSISTENT"/><con:jmsPropertyConfig/><con:wsaConfig mustUnderstand="NONE" version="200508" action="http://fidus.brussels/services/importtoregondesservice/importDossier"/><con:wsrmConfig version="1.2"/></con:call><con:call id="b25abfc8-333e-41e3-85b9-b3d887caaf88" name="2 - DEV - Request - Error" incomingWss="Inflow DEV" outgoingWss="Outflow DEV"><con:settings><con:setting id="com.eviware.soapui.impl.wsdl.WsdlRequest@request-headers">&lt;xml-fragment/></con:setting></con:settings><con:encoding>UTF-8</con:encoding><con:endpoint>https://192.168.36.61:8243/services/ImportToRegondesService_v1.0</con:endpoint><con:request><![CDATA[<soapenv:Envelope xmlns:soapenv="http://schemas.xmlsoap.org/soap/envelope/" xmlns:v1="http://fidus.brussels/service/importtoregondesservice/messages/v1" xmlns:v11="http://fidus.brussels/type/common/messages/v1" xmlns:dos="http://www.minfin.fgov.be/regondes2/extern/taxservice/imports/dossier" xmlns:com="http://www.minfin.fgov.be/regondes2/extern/taxservice/common" >
    <soapenv:Header/>
    <soapenv:Body>
        <v1:exportDossierRequest>
            <v1:messageContext>
                <v11:messageId>${=import static java.util.UUID.randomUUID; uuid = randomUUID() as String}</v11:messageId>
                <v11:timestamp>${=new java.text.SimpleDateFormat("yyyy-MM-dd'T'HH:mm:ss.SSS").format(new Date())}</v11:timestamp>
            </v1:messageContext>
            <v1:legalContext>ServiceIntegrator</v1:legalContext>
            <v1:request>
                <dos:dossier>
                    <dos:language>FR</dos:language>
                    <dos:fiscalYear>2015</dos:fiscalYear>
                    <dos:initialService>
                        <com:technicalReference>11223344</com:technicalReference>
                        <com:type>AAF</com:type>				
                        <!-- the "REFERENCE" is used by the SPF Finance to create a new legal dispute on the
						SPF data base. To have a "success" as a response, you have to 
						change this parameter every request. -->
                        <com:reference>CF55571</com:reference>
                        <com:complaintType>MS</com:complaintType>
                        <com:registerArticle>1</com:registerArticle>
                        <com:dateInitialService>2017-01-10+01:00</com:dateInitialService>
                        <com:nameContact>PME047 Testuser</com:nameContact>
                        <com:emailContact>testuser.pme047@guest.minfin.fed.be</com:emailContact>
                        <com:remark>none</com:remark>
                    </dos:initialService>
                    <dos:patrimonyInformation>
                        <dos:cadastralDivisionCode>21819</dos:cadastralDivisionCode>
                        <dos:articleNumber>14831</dos:articleNumber>
                    </dos:patrimonyInformation>
                    <dos:submitter>
                        <dos:person>
                            <dos:persIDF>000006141843</dos:persIDF>
                            <dos:firstname>PATRICK</dos:firstname>
                            <dos:lastname>DEWANDELEER</dos:lastname>
                        </dos:person>
                        <dos:address>
                            <com:street>Rue du Maraîcher, 5</com:street>
                            <com:zipCode>1082</com:zipCode>
                            <com:place>Berchem-Sainte-Agathe</com:place>
                        </dos:address>
                    </dos:submitter>
                </dos:dossier>
            </v1:request>
        </v1:exportDossierRequest>
    </soapenv:Body>
</soapenv:Envelope>]]></con:request><con:credentials><con:selectedAuthProfile>Basic</con:selectedAuthProfile><con:addedBasicAuthenticationTypes>Basic</con:addedBasicAuthenticationTypes><con:authType>Global HTTP Settings</con:authType></con:credentials><con:jmsConfig JMSDeliveryMode="PERSISTENT"/><con:jmsPropertyConfig/><con:wsaConfig mustUnderstand="NONE" version="200508" action="http://fidus.brussels/services/importtoregondesservice/importDossier"/><con:wsrmConfig version="1.2"/></con:call><con:call id="e237ebcb-fe95-482c-91a7-b9f87970b432" name="2 - DEV - Request - Success" incomingWss="Inflow DEV" outgoingWss="Outflow DEV"><con:settings><con:setting id="com.eviware.soapui.impl.wsdl.WsdlRequest@request-headers">&lt;xml-fragment/></con:setting></con:settings><con:encoding>UTF-8</con:encoding><con:endpoint>https://192.168.36.61:8243/services/ImportToRegondesService_v1.0</con:endpoint><con:request><![CDATA[<soapenv:Envelope xmlns:soapenv="http://schemas.xmlsoap.org/soap/envelope/" xmlns:v1="http://fidus.brussels/service/importtoregondesservice/messages/v1" xmlns:v11="http://fidus.brussels/type/common/messages/v1" xmlns:dos="http://www.minfin.fgov.be/regondes2/extern/taxservice/imports/dossier" xmlns:com="http://www.minfin.fgov.be/regondes2/extern/taxservice/common" >
    <soapenv:Header/>
    <soapenv:Body>
        <v1:exportDossierRequest>
            <v1:messageContext>
                <v11:messageId>${=import static java.util.UUID.randomUUID; uuid = randomUUID() as String}</v11:messageId>
                <v11:timestamp>${=new java.text.SimpleDateFormat("yyyy-MM-dd'T'HH:mm:ss.SSS").format(new Date())}</v11:timestamp>
            </v1:messageContext>
            <v1:legalContext>ServiceIntegrator</v1:legalContext>
            <v1:request>
                <dos:dossier>
                    <dos:language>FR</dos:language>
                    <dos:fiscalYear>2015</dos:fiscalYear>
                    <dos:initialService>
                        <com:technicalReference>11223344</com:technicalReference>
                        <com:type>AAF</com:type>				
                        <!-- the "REFERENCE" is used by the SPF Finance to create a new legal dispute on the
						SPF data base. To have a "success" as a response, you have to 
						change this parameter every request. -->
                        <com:reference>CF55571</com:reference>
                        <com:complaintType>MS</com:complaintType>
                        <com:registerArticle>1</com:registerArticle>
                        <com:dateInitialService>2017-01-10+01:00</com:dateInitialService>
                        <com:nameContact>PME047 Testuser</com:nameContact>
                        <com:emailContact>testuser.pme047@guest.minfin.fed.be</com:emailContact>
                        <com:remark>none</com:remark>
                    </dos:initialService>
                    <dos:patrimonyInformation>
                        <dos:cadastralDivisionCode>21819</dos:cadastralDivisionCode>
                        <dos:articleNumber>14831</dos:articleNumber>
                    </dos:patrimonyInformation>
                    <dos:submitter>
                        <dos:person>
                            <dos:persIDF>000006141843</dos:persIDF>
                            <dos:firstname>PATRICK</dos:firstname>
                            <dos:lastname>DEWANDELEER</dos:lastname>
                        </dos:person>
                        <dos:address>
                            <com:street>Rue du Maraîcher, 5</com:street>
                            <com:zipCode>1082</com:zipCode>
                            <com:place>Berchem-Sainte-Agathe</com:place>
                        </dos:address>
                    </dos:submitter>
                </dos:dossier>
            </v1:request>
        </v1:exportDossierRequest>
    </soapenv:Body>
</soapenv:Envelope>]]></con:request><con:credentials><con:selectedAuthProfile>Basic</con:selectedAuthProfile><con:addedBasicAuthenticationTypes>Basic</con:addedBasicAuthenticationTypes><con:authType>Global HTTP Settings</con:authType></con:credentials><con:jmsConfig JMSDeliveryMode="PERSISTENT"/><con:jmsPropertyConfig/><con:wsaConfig mustUnderstand="NONE" version="200508" action="http://fidus.brussels/services/importtoregondesservice/importDossier"/><con:wsrmConfig version="1.2"/></con:call><con:call id="d202b1eb-368f-4661-a273-9f2bdefec566" name="3 - Test - LB - Request" outgoingWss="Outflow TEST" incomingWss="Inflow TEST"><con:settings><con:setting id="com.eviware.soapui.impl.wsdl.WsdlRequest@request-headers">&lt;xml-fragment/></con:setting></con:settings><con:encoding>UTF-8</con:encoding><con:endpoint>https://esb-security-gw.sta.srv.cirb.lan:8443/services/ImportToRegondesService_v1.0</con:endpoint><con:request><![CDATA[<soapenv:Envelope xmlns:soapenv="http://schemas.xmlsoap.org/soap/envelope/" xmlns:v1="http://fidus.brussels/service/importtoregondesservice/messages/v1" xmlns:v11="http://fidus.brussels/type/common/messages/v1" xmlns:dos="http://www.minfin.fgov.be/regondes2/extern/taxservice/imports/dossier" xmlns:com="http://www.minfin.fgov.be/regondes2/extern/taxservice/common" >
    <soapenv:Header/>
    <soapenv:Body>
        <v1:exportDossierRequest>
            <v1:messageContext>
                <v11:messageId>${=import static java.util.UUID.randomUUID; uuid = randomUUID() as String}</v11:messageId>
                <v11:timestamp>${=new java.text.SimpleDateFormat("yyyy-MM-dd'T'HH:mm:ss.SSS").format(new Date())}</v11:timestamp>
            </v1:messageContext>
            <v1:legalContext>ServiceIntegrator</v1:legalContext>
            <v1:request>
                <dos:dossier>
                    <dos:language>FR</dos:language>
                    <dos:fiscalYear>2015</dos:fiscalYear>
                    <dos:initialService>
                        <com:technicalReference>11223344</com:technicalReference>
                        <com:type>AAF</com:type>				
                        <!-- the "REFERENCE" is used by the SPF Finance to create a new legal dispute on the
						SPF data base. To have a "success" as a response, you have to 
						change this parameter every request. -->
                        <com:reference>CF55571</com:reference>
                        <com:complaintType>MS</com:complaintType>
                        <com:registerArticle>1</com:registerArticle>
                        <com:dateInitialService>2017-01-10+01:00</com:dateInitialService>
                        <com:nameContact>PME047 Testuser</com:nameContact>
                        <com:emailContact>testuser.pme047@guest.minfin.fed.be</com:emailContact>
                        <com:remark>none</com:remark>
                    </dos:initialService>
                    <dos:patrimonyInformation>
                        <dos:cadastralDivisionCode>21819</dos:cadastralDivisionCode>
                        <dos:articleNumber>14831</dos:articleNumber>
                    </dos:patrimonyInformation>
                    <dos:submitter>
                        <dos:person>
                            <dos:persIDF>000006141843</dos:persIDF>
                            <dos:firstname>PATRICK</dos:firstname>
                            <dos:lastname>DEWANDELEER</dos:lastname>
                        </dos:person>
                        <dos:address>
                            <com:street>Rue du Maraîcher, 5</com:street>
                            <com:zipCode>1082</com:zipCode>
                            <com:place>Berchem-Sainte-Agathe</com:place>
                        </dos:address>
                    </dos:submitter>
                </dos:dossier>
            </v1:request>
        </v1:exportDossierRequest>
    </soapenv:Body>
</soapenv:Envelope>]]></con:request><con:credentials><con:selectedAuthProfile>Basic</con:selectedAuthProfile><con:addedBasicAuthenticationTypes>Basic</con:addedBasicAuthenticationTypes><con:authType>Global HTTP Settings</con:authType></con:credentials><con:jmsConfig JMSDeliveryMode="PERSISTENT"/><con:jmsPropertyConfig/><con:wsaConfig mustUnderstand="NONE" version="200508" action="http://fidus.brussels/services/importtoregondesservice/importDossier"/><con:wsrmConfig version="1.2"/></con:call><con:call id="2bf32bdc-b6df-486b-ba68-4d636deea028" name="3 - Test - Worker1 - Request" incomingWss="Inflow TEST" outgoingWss="Outflow TEST"><con:settings><con:setting id="com.eviware.soapui.impl.wsdl.WsdlRequest@request-headers">&lt;xml-fragment/></con:setting></con:settings><con:encoding>UTF-8</con:encoding><con:endpoint>https://192.168.22.53:8443/services/ImportToRegondesService_v1.0</con:endpoint><con:request><![CDATA[<soapenv:Envelope xmlns:soapenv="http://schemas.xmlsoap.org/soap/envelope/" xmlns:v1="http://fidus.brussels/service/importtoregondesservice/messages/v1" xmlns:v11="http://fidus.brussels/type/common/messages/v1" xmlns:dos="http://www.minfin.fgov.be/regondes2/extern/taxservice/imports/dossier" xmlns:com="http://www.minfin.fgov.be/regondes2/extern/taxservice/common" >
    <soapenv:Header/>
    <soapenv:Body>
        <v1:exportDossierRequest>
            <v1:messageContext>
                <v11:messageId>${=import static java.util.UUID.randomUUID; uuid = randomUUID() as String}</v11:messageId>
                <v11:timestamp>${=new java.text.SimpleDateFormat("yyyy-MM-dd'T'HH:mm:ss.SSS").format(new Date())}</v11:timestamp>
            </v1:messageContext>
            <v1:legalContext>ServiceIntegrator</v1:legalContext>
            <v1:request>
                <dos:dossier>
                    <dos:language>FR</dos:language>
                    <dos:fiscalYear>2015</dos:fiscalYear>
                    <dos:initialService>
                        <com:technicalReference>11223354</com:technicalReference>
                        <com:type>AAF</com:type>				
                        <!-- the "REFERENCE" is used by the SPF Finance to create a new legal dispute on the
						SPF data base. To have a "success" as a response, you have to 
						change this parameter every request. -->
                        <com:reference>CF55571</com:reference>
                        <com:complaintType>MS</com:complaintType>
                        <com:registerArticle>1</com:registerArticle>
                        <com:dateInitialService>2017-01-10+01:00</com:dateInitialService>
                        <com:nameContact>PME047 Testuser</com:nameContact>
                        <com:emailContact>testuser.pme047@guest.minfin.fed.be</com:emailContact>
                        <com:remark>none</com:remark>
                    </dos:initialService>
                    <dos:patrimonyInformation>
                        <dos:cadastralDivisionCode>21819</dos:cadastralDivisionCode>
                        <dos:articleNumber>14831</dos:articleNumber>
                    </dos:patrimonyInformation>
                    <dos:submitter>
                        <dos:person>
                            <dos:persIDF>000006141843</dos:persIDF>
                            <dos:firstname>PATRICK</dos:firstname>
                            <dos:lastname>DEWANDELEER</dos:lastname>
                        </dos:person>
                        <dos:address>
                            <com:street>Rue du Maraîcher, 5</com:street>
                            <com:zipCode>1082</com:zipCode>
                            <com:place>Berchem-Sainte-Agathe</com:place>
                        </dos:address>
                    </dos:submitter>
                </dos:dossier>
            </v1:request>
        </v1:exportDossierRequest>
    </soapenv:Body>
</soapenv:Envelope>]]></con:request><con:credentials><con:selectedAuthProfile>Basic</con:selectedAuthProfile><con:addedBasicAuthenticationTypes>Basic</con:addedBasicAuthenticationTypes><con:authType>Global HTTP Settings</con:authType></con:credentials><con:jmsConfig JMSDeliveryMode="PERSISTENT"/><con:jmsPropertyConfig/><con:wsaConfig mustUnderstand="NONE" version="200508" action="http://fidus.brussels/services/importtoregondesservice/importDossier"/><con:wsrmConfig version="1.2"/></con:call><con:call id="3224a4aa-a0f2-4d40-b408-e9e69d81777b" name="3 - Test - Worker2 - Request" incomingWss="Inflow TEST" outgoingWss="Outflow TEST"><con:settings><con:setting id="com.eviware.soapui.impl.wsdl.WsdlRequest@request-headers">&lt;xml-fragment/></con:setting></con:settings><con:encoding>UTF-8</con:encoding><con:endpoint>https://192.168.22.54:8443/services/ImportToRegondesService_v1.0</con:endpoint><con:request><![CDATA[<soapenv:Envelope xmlns:soapenv="http://schemas.xmlsoap.org/soap/envelope/" xmlns:v1="http://fidus.brussels/service/importtoregondesservice/messages/v1" xmlns:v11="http://fidus.brussels/type/common/messages/v1" xmlns:dos="http://www.minfin.fgov.be/regondes2/extern/taxservice/imports/dossier" xmlns:com="http://www.minfin.fgov.be/regondes2/extern/taxservice/common" >
    <soapenv:Header/>
    <soapenv:Body>
        <v1:exportDossierRequest>
            <v1:messageContext>
                <v11:messageId>${=import static java.util.UUID.randomUUID; uuid = randomUUID() as String}</v11:messageId>
                <v11:timestamp>${=new java.text.SimpleDateFormat("yyyy-MM-dd'T'HH:mm:ss.SSS").format(new Date())}</v11:timestamp>
            </v1:messageContext>
            <v1:legalContext>ServiceIntegrator</v1:legalContext>
            <v1:request>
                <dos:dossier>
                    <dos:language>FR</dos:language>
                    <dos:fiscalYear>2015</dos:fiscalYear>
                    <dos:initialService>
                        <com:technicalReference>11223344</com:technicalReference>
                        <com:type>AAF</com:type>				
                        <!-- the "REFERENCE" is used by the SPF Finance to create a new legal dispute on the
						SPF data base. To have a "success" as a response, you have to 
						change this parameter every request. -->
                        <com:reference>CF55571</com:reference>
                        <com:complaintType>MS</com:complaintType>
                        <com:registerArticle>1</com:registerArticle>
                        <com:dateInitialService>2017-01-10+01:00</com:dateInitialService>
                        <com:nameContact>PME047 Testuser</com:nameContact>
                        <com:emailContact>testuser.pme047@guest.minfin.fed.be</com:emailContact>
                        <com:remark>none</com:remark>
                    </dos:initialService>
                    <dos:patrimonyInformation>
                        <dos:cadastralDivisionCode>21819</dos:cadastralDivisionCode>
                        <dos:articleNumber>14831</dos:articleNumber>
                    </dos:patrimonyInformation>
                    <dos:submitter>
                        <dos:person>
                            <dos:persIDF>000006141843</dos:persIDF>
                            <dos:firstname>PATRICK</dos:firstname>
                            <dos:lastname>DEWANDELEER</dos:lastname>
                        </dos:person>
                        <dos:address>
                            <com:street>Rue du Maraîcher, 5</com:street>
                            <com:zipCode>1082</com:zipCode>
                            <com:place>Berchem-Sainte-Agathe</com:place>
                        </dos:address>
                    </dos:submitter>
                </dos:dossier>
            </v1:request>
        </v1:exportDossierRequest>
    </soapenv:Body>
</soapenv:Envelope>]]></con:request><con:credentials><con:selectedAuthProfile>Basic</con:selectedAuthProfile><con:addedBasicAuthenticationTypes>Basic</con:addedBasicAuthenticationTypes><con:authType>Global HTTP Settings</con:authType></con:credentials><con:jmsConfig JMSDeliveryMode="PERSISTENT"/><con:jmsPropertyConfig/><con:wsaConfig mustUnderstand="NONE" version="200508" action="http://fidus.brussels/services/importtoregondesservice/importDossier"/><con:wsrmConfig version="1.2"/></con:call><con:call id="46dc44f0-d78e-4e63-be1c-b89b5af3b864" name="4 - Staging - Worker1 - Request" incomingWss="Inflow STAGING" outgoingWss="Outflow STAGING"><con:settings><con:setting id="com.eviware.soapui.impl.wsdl.WsdlRequest@request-headers">&lt;xml-fragment/></con:setting></con:settings><con:encoding>UTF-8</con:encoding><con:endpoint>https://192.168.24.16:8443/services/ImportToRegondesService_v1.0</con:endpoint><con:request><![CDATA[<soapenv:Envelope xmlns:soapenv="http://schemas.xmlsoap.org/soap/envelope/" xmlns:v1="http://fidus.brussels/service/importtoregondesservice/messages/v1" xmlns:v11="http://fidus.brussels/type/common/messages/v1" xmlns:dos="http://www.minfin.fgov.be/regondes2/extern/taxservice/imports/dossier" xmlns:com="http://www.minfin.fgov.be/regondes2/extern/taxservice/common" >
    <soapenv:Header/>
    <soapenv:Body>
        <v1:exportDossierRequest>
            <v1:messageContext>
                <v11:messageId>${=import static java.util.UUID.randomUUID; uuid = randomUUID() as String}</v11:messageId>
                <v11:timestamp>${=new java.text.SimpleDateFormat("yyyy-MM-dd'T'HH:mm:ss.SSS").format(new Date())}</v11:timestamp>
            </v1:messageContext>
            <v1:legalContext>ServiceIntegrator</v1:legalContext>
            <v1:request>
                <dos:dossier>
                    <dos:language>FR</dos:language>
                    <dos:fiscalYear>2015</dos:fiscalYear>
                    <dos:initialService>
                        <com:technicalReference>11223344</com:technicalReference>
                        <com:type>AAF</com:type>				
                        <!-- the "REFERENCE" is used by the SPF Finance to create a new legal dispute on the
						SPF data base. To have a "success" as a response, you have to 
						change this parameter every request. -->
                        <com:reference>CF55571</com:reference>
                        <com:complaintType>MS</com:complaintType>
                        <com:registerArticle>1</com:registerArticle>
                        <com:dateInitialService>2017-01-10+01:00</com:dateInitialService>
                        <com:nameContact>PME047 Testuser</com:nameContact>
                        <com:emailContact>testuser.pme047@guest.minfin.fed.be</com:emailContact>
                        <com:remark>none</com:remark>
                    </dos:initialService>
                    <dos:patrimonyInformation>
                        <dos:cadastralDivisionCode>21819</dos:cadastralDivisionCode>
                        <dos:articleNumber>14831</dos:articleNumber>
                    </dos:patrimonyInformation>
                    <dos:submitter>
                        <dos:person>
                            <dos:persIDF>000006141843</dos:persIDF>
                            <dos:firstname>PATRICK</dos:firstname>
                            <dos:lastname>DEWANDELEER</dos:lastname>
                        </dos:person>
                        <dos:address>
                            <com:street>Rue du Maraîcher, 5</com:street>
                            <com:zipCode>1082</com:zipCode>
                            <com:place>Berchem-Sainte-Agathe</com:place>
                        </dos:address>
                    </dos:submitter>
                </dos:dossier>
            </v1:request>
        </v1:exportDossierRequest>
    </soapenv:Body>
</soapenv:Envelope>]]></con:request><con:credentials><con:selectedAuthProfile>Basic</con:selectedAuthProfile><con:addedBasicAuthenticationTypes>Basic</con:addedBasicAuthenticationTypes><con:authType>Global HTTP Settings</con:authType></con:credentials><con:jmsConfig JMSDeliveryMode="PERSISTENT"/><con:jmsPropertyConfig/><con:wsaConfig mustUnderstand="NONE" version="200508" action="http://fidus.brussels/services/importtoregondesservice/importDossier"/><con:wsrmConfig version="1.2"/></con:call><con:call id="14fc4df2-3b5a-4eb0-975d-eef5bbf56336" name="4 - Staging - Worker2 - Request" incomingWss="Inflow STAGING" outgoingWss="Outflow STAGING"><con:settings><con:setting id="com.eviware.soapui.impl.wsdl.WsdlRequest@request-headers">&lt;xml-fragment/></con:setting></con:settings><con:encoding>UTF-8</con:encoding><con:endpoint>https://192.168.24.17:8443/services/ImportToRegondesService_v1.0</con:endpoint><con:request><![CDATA[<soapenv:Envelope xmlns:soapenv="http://schemas.xmlsoap.org/soap/envelope/" xmlns:v1="http://fidus.brussels/service/importtoregondesservice/messages/v1" xmlns:v11="http://fidus.brussels/type/common/messages/v1" xmlns:dos="http://www.minfin.fgov.be/regondes2/extern/taxservice/imports/dossier" xmlns:com="http://www.minfin.fgov.be/regondes2/extern/taxservice/common" >
    <soapenv:Header/>
    <soapenv:Body>
        <v1:exportDossierRequest>
            <v1:messageContext>
                <v11:messageId>${=import static java.util.UUID.randomUUID; uuid = randomUUID() as String}</v11:messageId>
                <v11:timestamp>${=new java.text.SimpleDateFormat("yyyy-MM-dd'T'HH:mm:ss.SSS").format(new Date())}</v11:timestamp>
            </v1:messageContext>
            <v1:legalContext>ServiceIntegrator</v1:legalContext>
            <v1:request>
                <dos:dossier>
                    <dos:language>FR</dos:language>
                    <dos:fiscalYear>2015</dos:fiscalYear>
                    <dos:initialService>
                        <com:technicalReference>11223344</com:technicalReference>
                        <com:type>AAF</com:type>				
                        <!-- the "REFERENCE" is used by the SPF Finance to create a new legal dispute on the
						SPF data base. To have a "success" as a response, you have to 
						change this parameter every request. -->
                        <com:reference>CF55571</com:reference>
                        <com:complaintType>MS</com:complaintType>
                        <com:registerArticle>1</com:registerArticle>
                        <com:dateInitialService>2017-01-10+01:00</com:dateInitialService>
                        <com:nameContact>PME047 Testuser</com:nameContact>
                        <com:emailContact>testuser.pme047@guest.minfin.fed.be</com:emailContact>
                        <com:remark>none</com:remark>
                    </dos:initialService>
                    <dos:patrimonyInformation>
                        <dos:cadastralDivisionCode>21819</dos:cadastralDivisionCode>
                        <dos:articleNumber>14831</dos:articleNumber>
                    </dos:patrimonyInformation>
                    <dos:submitter>
                        <dos:person>
                            <dos:persIDF>000006141843</dos:persIDF>
                            <dos:firstname>PATRICK</dos:firstname>
                            <dos:lastname>DEWANDELEER</dos:lastname>
                        </dos:person>
                        <dos:address>
                            <com:street>Rue du Maraîcher, 5</com:street>
                            <com:zipCode>1082</com:zipCode>
                            <com:place>Berchem-Sainte-Agathe</com:place>
                        </dos:address>
                    </dos:submitter>
                </dos:dossier>
            </v1:request>
        </v1:exportDossierRequest>
    </soapenv:Body>
</soapenv:Envelope>]]></con:request><con:credentials><con:selectedAuthProfile>Basic</con:selectedAuthProfile><con:addedBasicAuthenticationTypes>Basic</con:addedBasicAuthenticationTypes><con:authType>Global HTTP Settings</con:authType></con:credentials><con:jmsConfig JMSDeliveryMode="PERSISTENT"/><con:jmsPropertyConfig/><con:wsaConfig mustUnderstand="NONE" version="200508" action="http://fidus.brussels/services/importtoregondesservice/importDossier"/><con:wsrmConfig version="1.2"/></con:call><con:call id="b7fd3745-171a-4cc5-b0df-f20a37a071ef" name="4 - Staging - LB - Request" incomingWss="Inflow STAGING" outgoingWss="Outflow STAGING"><con:settings><con:setting id="com.eviware.soapui.impl.wsdl.WsdlRequest@request-headers">&lt;xml-fragment/></con:setting></con:settings><con:encoding>UTF-8</con:encoding><con:endpoint>https://fidus-esb-sg.sta.srv.cirb.lan:8443/services/ImportToRegondesService_v1.0</con:endpoint><con:request><![CDATA[<soapenv:Envelope xmlns:soapenv="http://schemas.xmlsoap.org/soap/envelope/" xmlns:v1="http://fidus.brussels/service/importtoregondesservice/messages/v1" xmlns:v11="http://fidus.brussels/type/common/messages/v1" xmlns:dos="http://www.minfin.fgov.be/regondes2/extern/taxservice/imports/dossier" xmlns:com="http://www.minfin.fgov.be/regondes2/extern/taxservice/common" >
    <soapenv:Header/>
    <soapenv:Body>
        <v1:exportDossierRequest>
            <v1:messageContext>
                <v11:messageId>${=import static java.util.UUID.randomUUID; uuid = randomUUID() as String}</v11:messageId>
                <v11:timestamp>${=new java.text.SimpleDateFormat("yyyy-MM-dd'T'HH:mm:ss.SSS").format(new Date())}</v11:timestamp>
            </v1:messageContext>
            <v1:legalContext>ServiceIntegrator</v1:legalContext>
            <v1:request>
                <dos:dossier>
                    <dos:language>FR</dos:language>
                    <dos:fiscalYear>2015</dos:fiscalYear>
                    <dos:initialService>
                        <com:technicalReference>11223344</com:technicalReference>
                        <com:type>AAF</com:type>				
                        <!-- the "REFERENCE" is used by the SPF Finance to create a new legal dispute on the
						SPF data base. To have a "success" as a response, you have to 
						change this parameter every request. -->
                        <com:reference>CF55571</com:reference>
                        <com:complaintType>MS</com:complaintType>
                        <com:registerArticle>1</com:registerArticle>
                        <com:dateInitialService>2017-01-10+01:00</com:dateInitialService>
                        <com:nameContact>PME047 Testuser</com:nameContact>
                        <com:emailContact>testuser.pme047@guest.minfin.fed.be</com:emailContact>
                        <com:remark>none</com:remark>
                    </dos:initialService>
                    <dos:patrimonyInformation>
                        <dos:cadastralDivisionCode>21819</dos:cadastralDivisionCode>
                        <dos:articleNumber>14831</dos:articleNumber>
                    </dos:patrimonyInformation>
                    <dos:submitter>
                        <dos:person>
                            <dos:persIDF>000006141843</dos:persIDF>
                            <dos:firstname>PATRICK</dos:firstname>
                            <dos:lastname>DEWANDELEER</dos:lastname>
                        </dos:person>
                        <dos:address>
                            <com:street>Rue du Maraîcher, 5</com:street>
                            <com:zipCode>1082</com:zipCode>
                            <com:place>Berchem-Sainte-Agathe</com:place>
                        </dos:address>
                    </dos:submitter>
                </dos:dossier>
            </v1:request>
        </v1:exportDossierRequest>
    </soapenv:Body>
</soapenv:Envelope>]]></con:request><con:credentials><con:selectedAuthProfile>Basic</con:selectedAuthProfile><con:addedBasicAuthenticationTypes>Basic</con:addedBasicAuthenticationTypes><con:authType>Global HTTP Settings</con:authType></con:credentials><con:jmsConfig JMSDeliveryMode="PERSISTENT"/><con:jmsPropertyConfig/><con:wsaConfig mustUnderstand="NONE" version="200508" action="http://fidus.brussels/services/importtoregondesservice/importDossier"/><con:wsrmConfig version="1.2"/></con:call><con:call id="ab30ec25-f87c-460c-b56d-0ae832a41f8d" name="5 - Prod - Worker1 - Request" incomingWss="Inflow PROD" outgoingWss="Outflow PROD"><con:settings><con:setting id="com.eviware.soapui.impl.wsdl.WsdlRequest@request-headers">&lt;xml-fragment/></con:setting></con:settings><con:encoding>UTF-8</con:encoding><con:endpoint>https://192.168.26.22:8443/services/ImportToRegondesService_v1.0</con:endpoint><con:request><![CDATA[<soapenv:Envelope xmlns:soapenv="http://schemas.xmlsoap.org/soap/envelope/" xmlns:v1="http://fidus.brussels/service/importtoregondesservice/messages/v1" xmlns:v11="http://fidus.brussels/type/common/messages/v1" xmlns:dos="http://www.minfin.fgov.be/regondes2/extern/taxservice/imports/dossier" xmlns:com="http://www.minfin.fgov.be/regondes2/extern/taxservice/common" >
    <soapenv:Header/>
    <soapenv:Body>
        <v1:exportDossierRequest>
            <v1:messageContext>
                <v11:messageId>${=import static java.util.UUID.randomUUID; uuid = randomUUID() as String}</v11:messageId>
                <v11:timestamp>${=new java.text.SimpleDateFormat("yyyy-MM-dd'T'HH:mm:ss.SSS").format(new Date())}</v11:timestamp>
            </v1:messageContext>
            <v1:legalContext>ServiceIntegrator</v1:legalContext>
            <v1:request>
                <dos:dossier>
                    <dos:language>FR</dos:language>
                    <dos:fiscalYear>2015</dos:fiscalYear>
                    <dos:initialService>
                        <com:technicalReference>11223344</com:technicalReference>
                        <com:type>AAF</com:type>				
                        <!-- the "REFERENCE" is used by the SPF Finance to create a new legal dispute on the
						SPF data base. To have a "success" as a response, you have to 
						change this parameter every request. -->
                        <com:reference>CF55571</com:reference>
                        <com:complaintType>MS</com:complaintType>
                        <com:registerArticle>1</com:registerArticle>
                        <com:dateInitialService>2017-01-10+01:00</com:dateInitialService>
                        <com:nameContact>PME047 Testuser</com:nameContact>
                        <com:emailContact>testuser.pme047@guest.minfin.fed.be</com:emailContact>
                        <com:remark>none</com:remark>
                    </dos:initialService>
                    <dos:patrimonyInformation>
                        <dos:cadastralDivisionCode>21819</dos:cadastralDivisionCode>
                        <dos:articleNumber>14831</dos:articleNumber>
                    </dos:patrimonyInformation>
                    <dos:submitter>
                        <dos:person>
                            <dos:persIDF>000006141843</dos:persIDF>
                            <dos:firstname>PATRICK</dos:firstname>
                            <dos:lastname>DEWANDELEER</dos:lastname>
                        </dos:person>
                        <dos:address>
                            <com:street>Rue du Maraîcher, 5</com:street>
                            <com:zipCode>1082</com:zipCode>
                            <com:place>Berchem-Sainte-Agathe</com:place>
                        </dos:address>
                    </dos:submitter>
                </dos:dossier>
            </v1:request>
        </v1:exportDossierRequest>
    </soapenv:Body>
</soapenv:Envelope>]]></con:request><con:credentials><con:selectedAuthProfile>Basic</con:selectedAuthProfile><con:addedBasicAuthenticationTypes>Basic</con:addedBasicAuthenticationTypes><con:authType>Global HTTP Settings</con:authType></con:credentials><con:jmsConfig JMSDeliveryMode="PERSISTENT"/><con:jmsPropertyConfig/><con:wsaConfig mustUnderstand="NONE" version="200508" action="http://fidus.brussels/services/importtoregondesservice/importDossier"/><con:wsrmConfig version="1.2"/></con:call><con:call id="a2de433a-1275-4e3c-b9fb-f9ba90477307" name="5 - Prod - Worker2 - Request" incomingWss="Inflow PROD" outgoingWss="Outflow PROD"><con:settings><con:setting id="com.eviware.soapui.impl.wsdl.WsdlRequest@request-headers">&lt;xml-fragment/></con:setting></con:settings><con:encoding>UTF-8</con:encoding><con:endpoint>https://192.168.26.19:8443/services/ImportToRegondesService_v1.0</con:endpoint><con:request><![CDATA[<soapenv:Envelope xmlns:soapenv="http://schemas.xmlsoap.org/soap/envelope/" xmlns:v1="http://fidus.brussels/service/importtoregondesservice/messages/v1" xmlns:v11="http://fidus.brussels/type/common/messages/v1" xmlns:dos="http://www.minfin.fgov.be/regondes2/extern/taxservice/imports/dossier" xmlns:com="http://www.minfin.fgov.be/regondes2/extern/taxservice/common" >
    <soapenv:Header/>
    <soapenv:Body>
        <v1:exportDossierRequest>
            <v1:messageContext>
                <v11:messageId>${=import static java.util.UUID.randomUUID; uuid = randomUUID() as String}</v11:messageId>
                <v11:timestamp>${=new java.text.SimpleDateFormat("yyyy-MM-dd'T'HH:mm:ss.SSS").format(new Date())}</v11:timestamp>
            </v1:messageContext>
            <v1:legalContext>ServiceIntegrator</v1:legalContext>
            <v1:request>
                <dos:dossier>
                    <dos:language>FR</dos:language>
                    <dos:fiscalYear>2015</dos:fiscalYear>
                    <dos:initialService>
                        <com:technicalReference>11223344</com:technicalReference>
                        <com:type>AAF</com:type>				
                        <!-- the "REFERENCE" is used by the SPF Finance to create a new legal dispute on the
						SPF data base. To have a "success" as a response, you have to 
						change this parameter every request. -->
                        <com:reference>CF55571</com:reference>
                        <com:complaintType>MS</com:complaintType>
                        <com:registerArticle>1</com:registerArticle>
                        <com:dateInitialService>2017-01-10+01:00</com:dateInitialService>
                        <com:nameContact>PME047 Testuser</com:nameContact>
                        <com:emailContact>testuser.pme047@guest.minfin.fed.be</com:emailContact>
                        <com:remark>none</com:remark>
                    </dos:initialService>
                    <dos:patrimonyInformation>
                        <dos:cadastralDivisionCode>21819</dos:cadastralDivisionCode>
                        <dos:articleNumber>14831</dos:articleNumber>
                    </dos:patrimonyInformation>
                    <dos:submitter>
                        <dos:person>
                            <dos:persIDF>000006141843</dos:persIDF>
                            <dos:firstname>PATRICK</dos:firstname>
                            <dos:lastname>DEWANDELEER</dos:lastname>
                        </dos:person>
                        <dos:address>
                            <com:street>Rue du Maraîcher, 5</com:street>
                            <com:zipCode>1082</com:zipCode>
                            <com:place>Berchem-Sainte-Agathe</com:place>
                        </dos:address>
                    </dos:submitter>
                </dos:dossier>
            </v1:request>
        </v1:exportDossierRequest>
    </soapenv:Body>
</soapenv:Envelope>]]></con:request><con:credentials><con:selectedAuthProfile>Basic</con:selectedAuthProfile><con:addedBasicAuthenticationTypes>Basic</con:addedBasicAuthenticationTypes><con:authType>Global HTTP Settings</con:authType></con:credentials><con:jmsConfig JMSDeliveryMode="PERSISTENT"/><con:jmsPropertyConfig/><con:wsaConfig mustUnderstand="NONE" version="200508" action="http://fidus.brussels/services/importtoregondesservice/importDossier"/><con:wsrmConfig version="1.2"/></con:call><con:call id="07513612-37a0-4faf-86fe-b295c08420d1" name="5 - Prod - LB - Request" incomingWss="Inflow PROD" outgoingWss="Outflow PROD"><con:settings><con:setting id="com.eviware.soapui.impl.wsdl.WsdlRequest@request-headers">&lt;xml-fragment/></con:setting></con:settings><con:encoding>UTF-8</con:encoding><con:endpoint>https://fidus-esb-sg.prd.srv.cirb.lan:8443/services/ImportToRegondesService_v1.0</con:endpoint><con:request><![CDATA[<soapenv:Envelope xmlns:soapenv="http://schemas.xmlsoap.org/soap/envelope/" xmlns:v1="http://fidus.brussels/service/importtoregondesservice/messages/v1" xmlns:v11="http://fidus.brussels/type/common/messages/v1" xmlns:dos="http://www.minfin.fgov.be/regondes2/extern/taxservice/imports/dossier" xmlns:com="http://www.minfin.fgov.be/regondes2/extern/taxservice/common" >
    <soapenv:Header/>
    <soapenv:Body>
        <v1:exportDossierRequest>
            <v1:messageContext>
                <v11:messageId>${=import static java.util.UUID.randomUUID; uuid = randomUUID() as String}</v11:messageId>
                <v11:timestamp>${=new java.text.SimpleDateFormat("yyyy-MM-dd'T'HH:mm:ss.SSS").format(new Date())}</v11:timestamp>
            </v1:messageContext>
            <v1:legalContext>ServiceIntegrator</v1:legalContext>
            <v1:request>
                <dos:dossier>
                    <dos:language>FR</dos:language>
                    <dos:fiscalYear>2015</dos:fiscalYear>
                    <dos:initialService>
                        <com:technicalReference>11223344</com:technicalReference>
                        <com:type>AAF</com:type>				
                        <!-- the "REFERENCE" is used by the SPF Finance to create a new legal dispute on the
						SPF data base. To have a "success" as a response, you have to 
						change this parameter every request. -->
                        <com:reference>CF55571</com:reference>
                        <com:complaintType>MS</com:complaintType>
                        <com:registerArticle>1</com:registerArticle>
                        <com:dateInitialService>2017-01-10+01:00</com:dateInitialService>
                        <com:nameContact>PME047 Testuser</com:nameContact>
                        <com:emailContact>testuser.pme047@guest.minfin.fed.be</com:emailContact>
                        <com:remark>none</com:remark>
                    </dos:initialService>
                    <dos:patrimonyInformation>
                        <dos:cadastralDivisionCode>21819</dos:cadastralDivisionCode>
                        <dos:articleNumber>14831</dos:articleNumber>
                    </dos:patrimonyInformation>
                    <dos:submitter>
                        <dos:person>
                            <dos:persIDF>000006141843</dos:persIDF>
                            <dos:firstname>PATRICK</dos:firstname>
                            <dos:lastname>DEWANDELEER</dos:lastname>
                        </dos:person>
                        <dos:address>
                            <com:street>Rue du Maraîcher, 5</com:street>
                            <com:zipCode>1082</com:zipCode>
                            <com:place>Berchem-Sainte-Agathe</com:place>
                        </dos:address>
                    </dos:submitter>
                </dos:dossier>
            </v1:request>
        </v1:exportDossierRequest>
    </soapenv:Body>
</soapenv:Envelope>]]></con:request><con:credentials><con:selectedAuthProfile>Basic</con:selectedAuthProfile><con:addedBasicAuthenticationTypes>Basic</con:addedBasicAuthenticationTypes><con:authType>Global HTTP Settings</con:authType></con:credentials><con:jmsConfig JMSDeliveryMode="PERSISTENT"/><con:jmsPropertyConfig/><con:wsaConfig mustUnderstand="NONE" version="200508" action="http://fidus.brussels/services/importtoregondesservice/importDossier"/><con:wsrmConfig version="1.2"/></con:call><con:call id="842facd6-a165-4cf5-8475-85b43b6c9a20" name="5 - Prod - External - Request" incomingWss="Inflow PROD" outgoingWss="Outflow PROD"><con:settings><con:setting id="com.eviware.soapui.impl.wsdl.WsdlRequest@request-headers">&lt;xml-fragment/></con:setting></con:settings><con:encoding>UTF-8</con:encoding><con:endpoint>https://fidus.sec.brussels/services/ImportToRegondesService_v1.0</con:endpoint><con:request><![CDATA[<soapenv:Envelope xmlns:soapenv="http://schemas.xmlsoap.org/soap/envelope/" xmlns:v1="http://fidus.brussels/service/importtoregondesservice/messages/v1" xmlns:v11="http://fidus.brussels/type/common/messages/v1" xmlns:dos="http://www.minfin.fgov.be/regondes2/extern/taxservice/imports/dossier" xmlns:com="http://www.minfin.fgov.be/regondes2/extern/taxservice/common" >
    <soapenv:Header/>
    <soapenv:Body>
        <v1:exportDossierRequest>
            <v1:messageContext>
                <v11:messageId>${=import static java.util.UUID.randomUUID; uuid = randomUUID() as String}</v11:messageId>
                <v11:timestamp>${=new java.text.SimpleDateFormat("yyyy-MM-dd'T'HH:mm:ss.SSS").format(new Date())}</v11:timestamp>
            </v1:messageContext>
            <v1:legalContext>ServiceIntegrator</v1:legalContext>
            <v1:request>
                <dos:dossier>
                    <dos:language>FR</dos:language>
                    <dos:fiscalYear>2015</dos:fiscalYear>
                    <dos:initialService>
                        <com:technicalReference>11223344</com:technicalReference>
                        <com:type>AAF</com:type>				
                        <!-- the "REFERENCE" is used by the SPF Finance to create a new legal dispute on the
						SPF data base. To have a "success" as a response, you have to 
						change this parameter every request. -->
                        <com:reference>CF55571</com:reference>
                        <com:complaintType>MS</com:complaintType>
                        <com:registerArticle>1</com:registerArticle>
                        <com:dateInitialService>2017-01-10+01:00</com:dateInitialService>
                        <com:nameContact>PME047 Testuser</com:nameContact>
                        <com:emailContact>testuser.pme047@guest.minfin.fed.be</com:emailContact>
                        <com:remark>none</com:remark>
                    </dos:initialService>
                    <dos:patrimonyInformation>
                        <dos:cadastralDivisionCode>21819</dos:cadastralDivisionCode>
                        <dos:articleNumber>14831</dos:articleNumber>
                    </dos:patrimonyInformation>
                    <dos:submitter>
                        <dos:person>
                            <dos:persIDF>000006141843</dos:persIDF>
                            <dos:firstname>PATRICK</dos:firstname>
                            <dos:lastname>DEWANDELEER</dos:lastname>
                        </dos:person>
                        <dos:address>
                            <com:street>Rue du Maraîcher, 5</com:street>
                            <com:zipCode>1082</com:zipCode>
                            <com:place>Berchem-Sainte-Agathe</com:place>
                        </dos:address>
                    </dos:submitter>
                </dos:dossier>
            </v1:request>
        </v1:exportDossierRequest>
    </soapenv:Body>
</soapenv:Envelope>]]></con:request><con:credentials><con:selectedAuthProfile>Basic</con:selectedAuthProfile><con:addedBasicAuthenticationTypes>Basic</con:addedBasicAuthenticationTypes><con:authType>Global HTTP Settings</con:authType></con:credentials><con:jmsConfig JMSDeliveryMode="PERSISTENT"/><con:jmsPropertyConfig/><con:wsaConfig mustUnderstand="NONE" version="200508" action="http://fidus.brussels/services/importtoregondesservice/importDossier"/><con:wsrmConfig version="1.2"/></con:call><con:call id="60b3abd0-6cbf-45dc-9eaf-2263bc27befa" name="3 - Test - External - Request" incomingWss="Inflow TEST" outgoingWss="Outflow TEST"><con:settings><con:setting id="com.eviware.soapui.impl.wsdl.WsdlRequest@request-headers">&lt;xml-fragment/></con:setting></con:settings><con:encoding>UTF-8</con:encoding><con:endpoint>https://fidus-test.irisnetlab.be/services/ImportToRegondesService_v1.0</con:endpoint><con:request><![CDATA[<soapenv:Envelope xmlns:soapenv="http://schemas.xmlsoap.org/soap/envelope/" xmlns:v1="http://fidus.brussels/service/importtoregondesservice/messages/v1" xmlns:v11="http://fidus.brussels/type/common/messages/v1" xmlns:dos="http://www.minfin.fgov.be/regondes2/extern/taxservice/imports/dossier" xmlns:com="http://www.minfin.fgov.be/regondes2/extern/taxservice/common" >
    <soapenv:Header/>
    <soapenv:Body>
        <v1:exportDossierRequest>
            <v1:messageContext>
                <v11:messageId>${=import static java.util.UUID.randomUUID; uuid = randomUUID() as String}</v11:messageId>
                <v11:timestamp>${=new java.text.SimpleDateFormat("yyyy-MM-dd'T'HH:mm:ss.SSS").format(new Date())}</v11:timestamp>
            </v1:messageContext>
            <v1:legalContext>ServiceIntegrator</v1:legalContext>
            <v1:request>
                <dos:dossier>
                    <dos:language>FR</dos:language>
                    <dos:fiscalYear>2015</dos:fiscalYear>
                    <dos:initialService>
                        <com:technicalReference>11223344</com:technicalReference>
                        <com:type>AAF</com:type>				
                        <!-- the "REFERENCE" is used by the SPF Finance to create a new legal dispute on the
						SPF data base. To have a "success" as a response, you have to 
						change this parameter every request. -->
                        <com:reference>CF15571</com:reference>
                        <com:complaintType>MS</com:complaintType>
                        <com:registerArticle>1</com:registerArticle>
                        <com:dateInitialService>2017-01-10+01:00</com:dateInitialService>
                        <com:nameContact>PME047 Testuser</com:nameContact>
                        <com:emailContact>testuser.pme047@guest.minfin.fed.be</com:emailContact>
                        <com:remark>none</com:remark>
                    </dos:initialService>
                    <dos:patrimonyInformation>
                        <dos:cadastralDivisionCode>21819</dos:cadastralDivisionCode>
                        <dos:articleNumber>14831</dos:articleNumber>
                    </dos:patrimonyInformation>
                    <dos:submitter>
                        <dos:person>
                            <dos:persIDF>000006141843</dos:persIDF>
                            <dos:firstname>PATRICK</dos:firstname>
                            <dos:lastname>DEWANDELEER</dos:lastname>
                        </dos:person>
                        <dos:address>
                            <com:street>Rue du Maraîcher, 5</com:street>
                            <com:zipCode>1082</com:zipCode>
                            <com:place>Berchem-Sainte-Agathe</com:place>
                        </dos:address>
                    </dos:submitter>
                </dos:dossier>
            </v1:request>
        </v1:exportDossierRequest>
    </soapenv:Body>
</soapenv:Envelope>]]></con:request><con:credentials><con:selectedAuthProfile>Basic</con:selectedAuthProfile><con:addedBasicAuthenticationTypes>Basic</con:addedBasicAuthenticationTypes><con:authType>Global HTTP Settings</con:authType></con:credentials><con:jmsConfig JMSDeliveryMode="PERSISTENT"/><con:jmsPropertyConfig/><con:wsaConfig mustUnderstand="NONE" version="200508" action="http://fidus.brussels/services/importtoregondesservice/importDossier"/><con:wsrmConfig version="1.2"/></con:call><con:call id="137551d5-a332-4ccd-b70d-fc738d0d731b" name="4 - Staging - External - Request" incomingWss="Inflow STAGING" outgoingWss="Outflow STAGING"><con:settings><con:setting id="com.eviware.soapui.impl.wsdl.WsdlRequest@request-headers">&lt;xml-fragment/></con:setting></con:settings><con:encoding>UTF-8</con:encoding><con:endpoint>https://fidus.irisnetlab.be/services/ImportToRegondesService_v1.0</con:endpoint><con:request><![CDATA[<soapenv:Envelope xmlns:soapenv="http://schemas.xmlsoap.org/soap/envelope/" xmlns:v1="http://fidus.brussels/service/importtoregondesservice/messages/v1" xmlns:v11="http://fidus.brussels/type/common/messages/v1" xmlns:dos="http://www.minfin.fgov.be/regondes2/extern/taxservice/imports/dossier" xmlns:com="http://www.minfin.fgov.be/regondes2/extern/taxservice/common" >
    <soapenv:Header/>
    <soapenv:Body>
        <v1:exportDossierRequest>
            <v1:messageContext>
                <v11:messageId>${=import static java.util.UUID.randomUUID; uuid = randomUUID() as String}</v11:messageId>
                <v11:timestamp>${=new java.text.SimpleDateFormat("yyyy-MM-dd'T'HH:mm:ss.SSS").format(new Date())}</v11:timestamp>
            </v1:messageContext>
            <v1:legalContext>ServiceIntegrator</v1:legalContext>
            <v1:request>
                <dos:dossier>
                    <dos:language>FR</dos:language>
                    <dos:fiscalYear>2015</dos:fiscalYear>
                    <dos:initialService>
                        <com:technicalReference>11223344</com:technicalReference>
                        <com:type>AAF</com:type>				
                        <!-- the "REFERENCE" is used by the SPF Finance to create a new legal dispute on the
						SPF data base. To have a "success" as a response, you have to 
						change this parameter every request. -->
                        <com:reference>CF55571</com:reference>
                        <com:complaintType>MS</com:complaintType>
                        <com:registerArticle>1</com:registerArticle>
                        <com:dateInitialService>2017-01-10+01:00</com:dateInitialService>
                        <com:nameContact>PME047 Testuser</com:nameContact>
                        <com:emailContact>testuser.pme047@guest.minfin.fed.be</com:emailContact>
                        <com:remark>none</com:remark>
                    </dos:initialService>
                    <dos:patrimonyInformation>
                        <dos:cadastralDivisionCode>21819</dos:cadastralDivisionCode>
                        <dos:articleNumber>14831</dos:articleNumber>
                    </dos:patrimonyInformation>
                    <dos:submitter>
                        <dos:person>
                            <dos:persIDF>000006141843</dos:persIDF>
                            <dos:firstname>PATRICK</dos:firstname>
                            <dos:lastname>DEWANDELEER</dos:lastname>
                        </dos:person>
                        <dos:address>
                            <com:street>Rue du Maraîcher, 5</com:street>
                            <com:zipCode>1082</com:zipCode>
                            <com:place>Berchem-Sainte-Agathe</com:place>
                        </dos:address>
                    </dos:submitter>
                </dos:dossier>
            </v1:request>
        </v1:exportDossierRequest>
    </soapenv:Body>
</soapenv:Envelope>]]></con:request><con:credentials><con:selectedAuthProfile>Basic</con:selectedAuthProfile><con:addedBasicAuthenticationTypes>Basic</con:addedBasicAuthenticationTypes><con:authType>Global HTTP Settings</con:authType></con:credentials><con:jmsConfig JMSDeliveryMode="PERSISTENT"/><con:jmsPropertyConfig/><con:wsaConfig mustUnderstand="NONE" version="200508" action="http://fidus.brussels/services/importtoregondesservice/importDossier"/><con:wsrmConfig version="1.2"/></con:call></con:operation><con:operation id="9d3fc9a9-b4e3-4466-b6ef-14bcd63bb97b" isOneWay="false" action="http://fidus.brussels/services/importtoregondesservice/importSupplementaryInformation" name="exportSupplementaryInformation" bindingOperationName="exportSupplementaryInformation" type="Request-Response" inputName="" receivesAttachments="false" sendsAttachments="false" anonymous="optional"><con:settings/><con:call id="44683908-9ffa-45b6-b0fa-663495920bbd" name="1 - Local - Request - Success" incomingWss="Inflow DEV" outgoingWss="Outflow DEV"><con:settings><con:setting id="com.eviware.soapui.impl.wsdl.WsdlRequest@request-headers">&lt;xml-fragment/></con:setting></con:settings><con:encoding>UTF-8</con:encoding><con:endpoint>https://localhost:8243/services/ImportToRegondesService_v1.0</con:endpoint><con:request><![CDATA[<soapenv:Envelope xmlns:soapenv="http://schemas.xmlsoap.org/soap/envelope/" xmlns:v1="http://fidus.brussels/service/importtoregondesservice/messages/v1" xmlns:v11="http://fidus.brussels/type/common/messages/v1" xmlns:sup="http://www.minfin.fgov.be/regondes2/extern/taxservice/imports/supplementaryInformation" xmlns:com="http://www.minfin.fgov.be/regondes2/extern/taxservice/common">
    <soapenv:Header/>
    <soapenv:Body>
        <v1:exportSupplementaryInformationRequest>
            <v1:messageContext>
                <v11:messageId>${=import static java.util.UUID.randomUUID; uuid = randomUUID() as String}</v11:messageId>
                <v11:timestamp>${=new java.text.SimpleDateFormat("yyyy-MM-dd'T'HH:mm:ss.SSS").format(new Date())}</v11:timestamp>
            </v1:messageContext>
            <v1:legalContext>ServiceIntegrator</v1:legalContext>
            <v1:request>
                <sup:supplementaryInformation>
                    <sup:initialService>
                        <com:technicalReference>11223344</com:technicalReference>
                        <com:type>AAF</com:type>
                        <com:reference>CF55571</com:reference>
                    </sup:initialService>
                    <sup:attachment>
                        <com:fileName>166119.pdf</com:fileName>
                        <com:data>    1234   </com:data>
                    </sup:attachment>
                </sup:supplementaryInformation>
            </v1:request>
        </v1:exportSupplementaryInformationRequest>
    </soapenv:Body>
</soapenv:Envelope>]]></con:request><con:credentials><con:selectedAuthProfile>Basic</con:selectedAuthProfile><con:addedBasicAuthenticationTypes>Basic</con:addedBasicAuthenticationTypes><con:authType>Global HTTP Settings</con:authType></con:credentials><con:jmsConfig JMSDeliveryMode="PERSISTENT"/><con:jmsPropertyConfig/><con:wsaConfig mustUnderstand="NONE" version="200508" action="http://fidus.brussels/services/importtoregondesservice/importSupplementaryInformation"/><con:wsrmConfig version="1.2"/></con:call><con:call id="d922982a-b1be-486f-882a-485c8556e3d5" name="1 - Local - Request - Error" incomingWss="Inflow DEV" outgoingWss="Outflow DEV"><con:settings><con:setting id="com.eviware.soapui.impl.wsdl.WsdlRequest@request-headers">&lt;xml-fragment/></con:setting></con:settings><con:encoding>UTF-8</con:encoding><con:endpoint>https://localhost:8243/services/ImportToRegondesService_v1.0</con:endpoint><con:request><![CDATA[<soapenv:Envelope xmlns:soapenv="http://schemas.xmlsoap.org/soap/envelope/" xmlns:v1="http://fidus.brussels/service/importtoregondesservice/messages/v1" xmlns:v11="http://fidus.brussels/type/common/messages/v1" xmlns:sup="http://www.minfin.fgov.be/regondes2/extern/taxservice/imports/supplementaryInformation" xmlns:com="http://www.minfin.fgov.be/regondes2/extern/taxservice/common">
    <soapenv:Header/>
    <soapenv:Body>
        <v1:exportSupplementaryInformationRequest>
            <v1:messageContext>
                <v11:messageId>${=import static java.util.UUID.randomUUID; uuid = randomUUID() as String}</v11:messageId>
                <v11:timestamp>${=new java.text.SimpleDateFormat("yyyy-MM-dd'T'HH:mm:ss.SSS").format(new Date())}</v11:timestamp>
            </v1:messageContext>
            <v1:legalContext>ServiceIntegrator</v1:legalContext>
            <v1:request>
                <sup:supplementaryInformation>
                    <sup:initialService>
                        <com:technicalReference>11223344</com:technicalReference>
                        <com:type>AAF</com:type>
                        <com:reference>CF55571</com:reference>
                    </sup:initialService>
                    <sup:attachment>
                        <com:fileName>166119.pdf</com:fileName>
                        <com:data>    1234   </com:data>
                    </sup:attachment>
                </sup:supplementaryInformation>
            </v1:request>
        </v1:exportSupplementaryInformationRequest>
    </soapenv:Body>
</soapenv:Envelope>]]></con:request><con:credentials><con:selectedAuthProfile>Basic</con:selectedAuthProfile><con:addedBasicAuthenticationTypes>Basic</con:addedBasicAuthenticationTypes><con:authType>Global HTTP Settings</con:authType></con:credentials><con:jmsConfig JMSDeliveryMode="PERSISTENT"/><con:jmsPropertyConfig/><con:wsaConfig mustUnderstand="NONE" version="200508" action="http://fidus.brussels/services/importtoregondesservice/importSupplementaryInformation"/><con:wsrmConfig version="1.2"/></con:call><con:call id="2eb7e617-e0d8-4924-a9d9-4b5ca99727a2" name="2 - DEV - Request - Success" incomingWss="Inflow DEV" outgoingWss="Outflow DEV"><con:settings><con:setting id="com.eviware.soapui.impl.wsdl.WsdlRequest@request-headers">&lt;xml-fragment/></con:setting></con:settings><con:encoding>UTF-8</con:encoding><con:endpoint>https://192.168.36.61:8243/services/ImportToRegondesService_v1.0</con:endpoint><con:request><![CDATA[<soapenv:Envelope xmlns:soapenv="http://schemas.xmlsoap.org/soap/envelope/" xmlns:v1="http://fidus.brussels/service/importtoregondesservice/messages/v1" xmlns:v11="http://fidus.brussels/type/common/messages/v1" xmlns:sup="http://www.minfin.fgov.be/regondes2/extern/taxservice/imports/supplementaryInformation" xmlns:com="http://www.minfin.fgov.be/regondes2/extern/taxservice/common">
    <soapenv:Header/>
    <soapenv:Body>
        <v1:exportSupplementaryInformationRequest>
            <v1:messageContext>
                <v11:messageId>${=import static java.util.UUID.randomUUID; uuid = randomUUID() as String}</v11:messageId>
                <v11:timestamp>${=new java.text.SimpleDateFormat("yyyy-MM-dd'T'HH:mm:ss.SSS").format(new Date())}</v11:timestamp>
            </v1:messageContext>
            <v1:legalContext>ServiceIntegrator</v1:legalContext>
            <v1:request>
                <sup:supplementaryInformation>
                    <sup:initialService>
                        <com:technicalReference>11223344</com:technicalReference>
                        <com:type>AAF</com:type>
                        <com:reference>CF55571</com:reference>
                    </sup:initialService>
                    <sup:attachment>
                        <com:fileName>166119.pdf</com:fileName>
                        <com:data>    1234   </com:data>
                    </sup:attachment>
                </sup:supplementaryInformation>
            </v1:request>
        </v1:exportSupplementaryInformationRequest>
    </soapenv:Body>
</soapenv:Envelope>]]></con:request><con:credentials><con:selectedAuthProfile>Basic</con:selectedAuthProfile><con:addedBasicAuthenticationTypes>Basic</con:addedBasicAuthenticationTypes><con:authType>Global HTTP Settings</con:authType></con:credentials><con:jmsConfig JMSDeliveryMode="PERSISTENT"/><con:jmsPropertyConfig/><con:wsaConfig mustUnderstand="NONE" version="200508" action="http://fidus.brussels/services/importtoregondesservice/importSupplementaryInformation"/><con:wsrmConfig version="1.2"/></con:call><con:call id="cdd789a1-f80e-4d98-912c-d4519b7be9bf" name="2 - DEV - Request - Error" incomingWss="Inflow DEV" outgoingWss="Outflow DEV"><con:settings><con:setting id="com.eviware.soapui.impl.wsdl.WsdlRequest@request-headers">&lt;xml-fragment/></con:setting></con:settings><con:encoding>UTF-8</con:encoding><con:endpoint>https://192.168.36.61:8243/services/ImportToRegondesService_v1.0</con:endpoint><con:request><![CDATA[<soapenv:Envelope xmlns:soapenv="http://schemas.xmlsoap.org/soap/envelope/" xmlns:v1="http://fidus.brussels/service/importtoregondesservice/messages/v1" xmlns:v11="http://fidus.brussels/type/common/messages/v1" xmlns:sup="http://www.minfin.fgov.be/regondes2/extern/taxservice/imports/supplementaryInformation" xmlns:com="http://www.minfin.fgov.be/regondes2/extern/taxservice/common">
    <soapenv:Header/>
    <soapenv:Body>
        <v1:exportSupplementaryInformationRequest>
            <v1:messageContext>
                <v11:messageId>${=import static java.util.UUID.randomUUID; uuid = randomUUID() as String}</v11:messageId>
                <v11:timestamp>${=new java.text.SimpleDateFormat("yyyy-MM-dd'T'HH:mm:ss.SSS").format(new Date())}</v11:timestamp>
            </v1:messageContext>
            <v1:legalContext>ServiceIntegrator</v1:legalContext>
            <v1:request>
                <sup:supplementaryInformation>
                    <sup:initialService>
                        <com:technicalReference>11223344</com:technicalReference>
                        <com:type>AAF</com:type>
                        <com:reference>CF55571</com:reference>
                    </sup:initialService>
                    <sup:attachment>
                        <com:fileName>166119.pdf</com:fileName>
                        <com:data>    1234   </com:data>
                    </sup:attachment>
                </sup:supplementaryInformation>
            </v1:request>
        </v1:exportSupplementaryInformationRequest>
    </soapenv:Body>
</soapenv:Envelope>]]></con:request><con:credentials><con:selectedAuthProfile>Basic</con:selectedAuthProfile><con:addedBasicAuthenticationTypes>Basic</con:addedBasicAuthenticationTypes><con:authType>Global HTTP Settings</con:authType></con:credentials><con:jmsConfig JMSDeliveryMode="PERSISTENT"/><con:jmsPropertyConfig/><con:wsaConfig mustUnderstand="NONE" version="200508" action="http://fidus.brussels/services/importtoregondesservice/importSupplementaryInformation"/><con:wsrmConfig version="1.2"/></con:call><con:call id="e43a8ea3-4a6b-4013-a109-907a7eddb9e0" name="5 - Prod - Worker1 - Request" incomingWss="Inflow PROD" outgoingWss="Outflow PROD"><con:settings><con:setting id="com.eviware.soapui.impl.wsdl.WsdlRequest@request-headers">&lt;xml-fragment/></con:setting></con:settings><con:encoding>UTF-8</con:encoding><con:endpoint>https://192.168.26.22:8443/services/ImportToRegondesService_v1.0</con:endpoint><con:request><![CDATA[<soapenv:Envelope xmlns:soapenv="http://schemas.xmlsoap.org/soap/envelope/" xmlns:v1="http://fidus.brussels/service/importtoregondesservice/messages/v1" xmlns:v11="http://fidus.brussels/type/common/messages/v1" xmlns:sup="http://www.minfin.fgov.be/regondes2/extern/taxservice/imports/supplementaryInformation" xmlns:com="http://www.minfin.fgov.be/regondes2/extern/taxservice/common">
    <soapenv:Header/>
    <soapenv:Body>
        <v1:exportSupplementaryInformationRequest>
            <v1:messageContext>
                <v11:messageId>${=import static java.util.UUID.randomUUID; uuid = randomUUID() as String}</v11:messageId>
                <v11:timestamp>${=new java.text.SimpleDateFormat("yyyy-MM-dd'T'HH:mm:ss.SSS").format(new Date())}</v11:timestamp>
            </v1:messageContext>
            <v1:legalContext>ServiceIntegrator</v1:legalContext>
            <v1:request>
                <sup:supplementaryInformation>
                    <sup:initialService>
                        <com:technicalReference>11223344</com:technicalReference>
                        <com:type>AAF</com:type>
                        <com:reference>CF55571</com:reference>
                    </sup:initialService>
                    <sup:attachment>
                        <com:fileName>166119.pdf</com:fileName>
                        <com:data>    1234   </com:data>
                    </sup:attachment>
                </sup:supplementaryInformation>
            </v1:request>
        </v1:exportSupplementaryInformationRequest>
    </soapenv:Body>
</soapenv:Envelope>]]></con:request><con:credentials><con:selectedAuthProfile>Basic</con:selectedAuthProfile><con:addedBasicAuthenticationTypes>Basic</con:addedBasicAuthenticationTypes><con:authType>Global HTTP Settings</con:authType></con:credentials><con:jmsConfig JMSDeliveryMode="PERSISTENT"/><con:jmsPropertyConfig/><con:wsaConfig mustUnderstand="NONE" version="200508" action="http://fidus.brussels/services/importtoregondesservice/importSupplementaryInformation"/><con:wsrmConfig version="1.2"/></con:call><con:call id="3e828680-f1af-4485-b989-320194c99aaf" name="5 - Prod - Worker2 - Request" incomingWss="Inflow PROD" outgoingWss="Outflow PROD"><con:settings><con:setting id="com.eviware.soapui.impl.wsdl.WsdlRequest@request-headers">&lt;xml-fragment/></con:setting></con:settings><con:encoding>UTF-8</con:encoding><con:endpoint>https://192.168.26.19:8443/services/ImportToRegondesService_v1.0</con:endpoint><con:request><![CDATA[<soapenv:Envelope xmlns:soapenv="http://schemas.xmlsoap.org/soap/envelope/" xmlns:v1="http://fidus.brussels/service/importtoregondesservice/messages/v1" xmlns:v11="http://fidus.brussels/type/common/messages/v1" xmlns:sup="http://www.minfin.fgov.be/regondes2/extern/taxservice/imports/supplementaryInformation" xmlns:com="http://www.minfin.fgov.be/regondes2/extern/taxservice/common">
    <soapenv:Header/>
    <soapenv:Body>
        <v1:exportSupplementaryInformationRequest>
            <v1:messageContext>
                <v11:messageId>${=import static java.util.UUID.randomUUID; uuid = randomUUID() as String}</v11:messageId>
                <v11:timestamp>${=new java.text.SimpleDateFormat("yyyy-MM-dd'T'HH:mm:ss.SSS").format(new Date())}</v11:timestamp>
            </v1:messageContext>
            <v1:legalContext>ServiceIntegrator</v1:legalContext>
            <v1:request>
                <sup:supplementaryInformation>
                    <sup:initialService>
                        <com:technicalReference>11223344</com:technicalReference>
                        <com:type>AAF</com:type>
                        <com:reference>CF55571</com:reference>
                    </sup:initialService>
                    <sup:attachment>
                        <com:fileName>166119.pdf</com:fileName>
                        <com:data>    1234   </com:data>
                    </sup:attachment>
                </sup:supplementaryInformation>
            </v1:request>
        </v1:exportSupplementaryInformationRequest>
    </soapenv:Body>
</soapenv:Envelope>]]></con:request><con:credentials><con:selectedAuthProfile>Basic</con:selectedAuthProfile><con:addedBasicAuthenticationTypes>Basic</con:addedBasicAuthenticationTypes><con:authType>Global HTTP Settings</con:authType></con:credentials><con:jmsConfig JMSDeliveryMode="PERSISTENT"/><con:jmsPropertyConfig/><con:wsaConfig mustUnderstand="NONE" version="200508" action="http://fidus.brussels/services/importtoregondesservice/importSupplementaryInformation"/><con:wsrmConfig version="1.2"/></con:call><con:call id="13569ada-f5a2-4954-ba38-a5c6b4091d06" name="5 - Prod - LB - Request" incomingWss="Inflow PROD" outgoingWss="Outflow PROD"><con:settings><con:setting id="com.eviware.soapui.impl.wsdl.WsdlRequest@request-headers">&lt;xml-fragment/></con:setting></con:settings><con:encoding>UTF-8</con:encoding><con:endpoint>https://fidus-esb-sg.prd.srv.cirb.lan:8443/services/ImportToRegondesService_v1.0</con:endpoint><con:request><![CDATA[<soapenv:Envelope xmlns:soapenv="http://schemas.xmlsoap.org/soap/envelope/" xmlns:v1="http://fidus.brussels/service/importtoregondesservice/messages/v1" xmlns:v11="http://fidus.brussels/type/common/messages/v1" xmlns:sup="http://www.minfin.fgov.be/regondes2/extern/taxservice/imports/supplementaryInformation" xmlns:com="http://www.minfin.fgov.be/regondes2/extern/taxservice/common">
    <soapenv:Header/>
    <soapenv:Body>
        <v1:exportSupplementaryInformationRequest>
            <v1:messageContext>
                <v11:messageId>${=import static java.util.UUID.randomUUID; uuid = randomUUID() as String}</v11:messageId>
                <v11:timestamp>${=new java.text.SimpleDateFormat("yyyy-MM-dd'T'HH:mm:ss.SSS").format(new Date())}</v11:timestamp>
            </v1:messageContext>
            <v1:legalContext>ServiceIntegrator</v1:legalContext>
            <v1:request>
                <sup:supplementaryInformation>
                    <sup:initialService>
                        <com:technicalReference>11223344</com:technicalReference>
                        <com:type>AAF</com:type>
                        <com:reference>CF55571</com:reference>
                    </sup:initialService>
                    <sup:attachment>
                        <com:fileName>166119.pdf</com:fileName>
                        <com:data>    1234   </com:data>
                    </sup:attachment>
                </sup:supplementaryInformation>
            </v1:request>
        </v1:exportSupplementaryInformationRequest>
    </soapenv:Body>
</soapenv:Envelope>]]></con:request><con:credentials><con:selectedAuthProfile>Basic</con:selectedAuthProfile><con:addedBasicAuthenticationTypes>Basic</con:addedBasicAuthenticationTypes><con:authType>Global HTTP Settings</con:authType></con:credentials><con:jmsConfig JMSDeliveryMode="PERSISTENT"/><con:jmsPropertyConfig/><con:wsaConfig mustUnderstand="NONE" version="200508" action="http://fidus.brussels/services/importtoregondesservice/importSupplementaryInformation"/><con:wsrmConfig version="1.2"/></con:call><con:call id="2fb243ff-9e6c-44cc-9280-3b3e188af942" name="5 - Prod - External - Request" incomingWss="Inflow PROD" outgoingWss="Outflow PROD"><con:settings><con:setting id="com.eviware.soapui.impl.wsdl.WsdlRequest@request-headers">&lt;xml-fragment/></con:setting></con:settings><con:encoding>UTF-8</con:encoding><con:endpoint>https://fidus.sec.brussels/services/ImportToRegondesService_v1.0</con:endpoint><con:request><![CDATA[<soapenv:Envelope xmlns:soapenv="http://schemas.xmlsoap.org/soap/envelope/" xmlns:v1="http://fidus.brussels/service/importtoregondesservice/messages/v1" xmlns:v11="http://fidus.brussels/type/common/messages/v1" xmlns:sup="http://www.minfin.fgov.be/regondes2/extern/taxservice/imports/supplementaryInformation" xmlns:com="http://www.minfin.fgov.be/regondes2/extern/taxservice/common">
    <soapenv:Header/>
    <soapenv:Body>
        <v1:exportSupplementaryInformationRequest>
            <v1:messageContext>
                <v11:messageId>${=import static java.util.UUID.randomUUID; uuid = randomUUID() as String}</v11:messageId>
                <v11:timestamp>${=new java.text.SimpleDateFormat("yyyy-MM-dd'T'HH:mm:ss.SSS").format(new Date())}</v11:timestamp>
            </v1:messageContext>
            <v1:legalContext>ServiceIntegrator</v1:legalContext>
            <v1:request>
                <sup:supplementaryInformation>
                    <sup:initialService>
                        <com:technicalReference>11223344</com:technicalReference>
                        <com:type>AAF</com:type>
                        <com:reference>CF55571</com:reference>
                    </sup:initialService>
                    <sup:attachment>
                        <com:fileName>166119.pdf</com:fileName>
                        <com:data>    1234   </com:data>
                    </sup:attachment>
                </sup:supplementaryInformation>
            </v1:request>
        </v1:exportSupplementaryInformationRequest>
    </soapenv:Body>
</soapenv:Envelope>]]></con:request><con:credentials><con:selectedAuthProfile>Basic</con:selectedAuthProfile><con:addedBasicAuthenticationTypes>Basic</con:addedBasicAuthenticationTypes><con:authType>Global HTTP Settings</con:authType></con:credentials><con:jmsConfig JMSDeliveryMode="PERSISTENT"/><con:jmsPropertyConfig/><con:wsaConfig mustUnderstand="NONE" version="200508" action="http://fidus.brussels/services/importtoregondesservice/importSupplementaryInformation"/><con:wsrmConfig version="1.2"/></con:call><con:call id="df06b9fb-281f-4657-a8f6-50a82c9136fa" name="4 - Staging - Worker2 - Request" incomingWss="Inflow STAGING" outgoingWss="Outflow STAGING"><con:settings><con:setting id="com.eviware.soapui.impl.wsdl.WsdlRequest@request-headers">&lt;xml-fragment/></con:setting></con:settings><con:encoding>UTF-8</con:encoding><con:endpoint>https://192.168.24.17:8443/services/ImportToRegondesService_v1.0</con:endpoint><con:request><![CDATA[<soapenv:Envelope xmlns:soapenv="http://schemas.xmlsoap.org/soap/envelope/" xmlns:v1="http://fidus.brussels/service/importtoregondesservice/messages/v1" xmlns:v11="http://fidus.brussels/type/common/messages/v1" xmlns:sup="http://www.minfin.fgov.be/regondes2/extern/taxservice/imports/supplementaryInformation" xmlns:com="http://www.minfin.fgov.be/regondes2/extern/taxservice/common">
    <soapenv:Header/>
    <soapenv:Body>
        <v1:exportSupplementaryInformationRequest>
            <v1:messageContext>
                <v11:messageId>${=import static java.util.UUID.randomUUID; uuid = randomUUID() as String}</v11:messageId>
                <v11:timestamp>${=new java.text.SimpleDateFormat("yyyy-MM-dd'T'HH:mm:ss.SSS").format(new Date())}</v11:timestamp>
            </v1:messageContext>
            <v1:legalContext>ServiceIntegrator</v1:legalContext>
            <v1:request>
                <sup:supplementaryInformation>
                    <sup:initialService>
                        <com:technicalReference>11223344</com:technicalReference>
                        <com:type>AAF</com:type>
                        <com:reference>CF55571</com:reference>
                    </sup:initialService>
                    <sup:attachment>
                        <com:fileName>166119.pdf</com:fileName>
                        <com:data>    1234   </com:data>
                    </sup:attachment>
                </sup:supplementaryInformation>
            </v1:request>
        </v1:exportSupplementaryInformationRequest>
    </soapenv:Body>
</soapenv:Envelope>]]></con:request><con:credentials><con:selectedAuthProfile>Basic</con:selectedAuthProfile><con:addedBasicAuthenticationTypes>Basic</con:addedBasicAuthenticationTypes><con:authType>Global HTTP Settings</con:authType></con:credentials><con:jmsConfig JMSDeliveryMode="PERSISTENT"/><con:jmsPropertyConfig/><con:wsaConfig mustUnderstand="NONE" version="200508" action="http://fidus.brussels/services/importtoregondesservice/importSupplementaryInformation"/><con:wsrmConfig version="1.2"/></con:call><con:call id="1f329917-c89b-4e7c-963a-28adc73c1b34" name="4 - Staging - Worker1 - Request" incomingWss="Inflow STAGING" outgoingWss="Outflow STAGING"><con:settings><con:setting id="com.eviware.soapui.impl.wsdl.WsdlRequest@request-headers">&lt;xml-fragment/></con:setting></con:settings><con:encoding>UTF-8</con:encoding><con:endpoint>https://192.168.24.16:8443/services/ImportToRegondesService_v1.0</con:endpoint><con:request><![CDATA[<soapenv:Envelope xmlns:soapenv="http://schemas.xmlsoap.org/soap/envelope/" xmlns:v1="http://fidus.brussels/service/importtoregondesservice/messages/v1" xmlns:v11="http://fidus.brussels/type/common/messages/v1" xmlns:sup="http://www.minfin.fgov.be/regondes2/extern/taxservice/imports/supplementaryInformation" xmlns:com="http://www.minfin.fgov.be/regondes2/extern/taxservice/common">
    <soapenv:Header/>
    <soapenv:Body>
        <v1:exportSupplementaryInformationRequest>
            <v1:messageContext>
                <v11:messageId>${=import static java.util.UUID.randomUUID; uuid = randomUUID() as String}</v11:messageId>
                <v11:timestamp>${=new java.text.SimpleDateFormat("yyyy-MM-dd'T'HH:mm:ss.SSS").format(new Date())}</v11:timestamp>
            </v1:messageContext>
            <v1:legalContext>ServiceIntegrator</v1:legalContext>
            <v1:request>
                <sup:supplementaryInformation>
                    <sup:initialService>
                        <com:technicalReference>11223344</com:technicalReference>
                        <com:type>AAF</com:type>
                        <com:reference>CF55571</com:reference>
                    </sup:initialService>
                    <sup:attachment>
                        <com:fileName>166119.pdf</com:fileName>
                        <com:data>    1234   </com:data>
                    </sup:attachment>
                </sup:supplementaryInformation>
            </v1:request>
        </v1:exportSupplementaryInformationRequest>
    </soapenv:Body>
</soapenv:Envelope>]]></con:request><con:credentials><con:selectedAuthProfile>Basic</con:selectedAuthProfile><con:addedBasicAuthenticationTypes>Basic</con:addedBasicAuthenticationTypes><con:authType>Global HTTP Settings</con:authType></con:credentials><con:jmsConfig JMSDeliveryMode="PERSISTENT"/><con:jmsPropertyConfig/><con:wsaConfig mustUnderstand="NONE" version="200508" action="http://fidus.brussels/services/importtoregondesservice/importSupplementaryInformation"/><con:wsrmConfig version="1.2"/></con:call><con:call id="2dc5dc3f-0d25-4b7f-9a0e-f4860bb0ba7a" name="4 - Staging - LB - Request" incomingWss="Inflow STAGING" outgoingWss="Outflow STAGING"><con:settings><con:setting id="com.eviware.soapui.impl.wsdl.WsdlRequest@request-headers">&lt;xml-fragment/></con:setting></con:settings><con:encoding>UTF-8</con:encoding><con:endpoint>https://fidus-esb-sg.sta.srv.cirb.lan:8443/services/ImportToRegondesService_v1.0</con:endpoint><con:request><![CDATA[<soapenv:Envelope xmlns:soapenv="http://schemas.xmlsoap.org/soap/envelope/" xmlns:v1="http://fidus.brussels/service/importtoregondesservice/messages/v1" xmlns:v11="http://fidus.brussels/type/common/messages/v1" xmlns:sup="http://www.minfin.fgov.be/regondes2/extern/taxservice/imports/supplementaryInformation" xmlns:com="http://www.minfin.fgov.be/regondes2/extern/taxservice/common">
    <soapenv:Header/>
    <soapenv:Body>
        <v1:exportSupplementaryInformationRequest>
            <v1:messageContext>
                <v11:messageId>${=import static java.util.UUID.randomUUID; uuid = randomUUID() as String}</v11:messageId>
                <v11:timestamp>${=new java.text.SimpleDateFormat("yyyy-MM-dd'T'HH:mm:ss.SSS").format(new Date())}</v11:timestamp>
            </v1:messageContext>
            <v1:legalContext>ServiceIntegrator</v1:legalContext>
            <v1:request>
                <sup:supplementaryInformation>
                    <sup:initialService>
                        <com:technicalReference>11223344</com:technicalReference>
                        <com:type>AAF</com:type>
                        <com:reference>CF55571</com:reference>
                    </sup:initialService>
                    <sup:attachment>
                        <com:fileName>166119.pdf</com:fileName>
                        <com:data>    1234   </com:data>
                    </sup:attachment>
                </sup:supplementaryInformation>
            </v1:request>
        </v1:exportSupplementaryInformationRequest>
    </soapenv:Body>
</soapenv:Envelope>]]></con:request><con:credentials><con:selectedAuthProfile>Basic</con:selectedAuthProfile><con:addedBasicAuthenticationTypes>Basic</con:addedBasicAuthenticationTypes><con:authType>Global HTTP Settings</con:authType></con:credentials><con:jmsConfig JMSDeliveryMode="PERSISTENT"/><con:jmsPropertyConfig/><con:wsaConfig mustUnderstand="NONE" version="200508" action="http://fidus.brussels/services/importtoregondesservice/importSupplementaryInformation"/><con:wsrmConfig version="1.2"/></con:call><con:call id="9e7ad4d4-8e07-4910-b733-914f547cf78c" name="3 - Test - Worker2 - Request" incomingWss="Inflow TEST" outgoingWss="Outflow TEST"><con:settings><con:setting id="com.eviware.soapui.impl.wsdl.WsdlRequest@request-headers">&lt;xml-fragment/></con:setting></con:settings><con:encoding>UTF-8</con:encoding><con:endpoint>https://192.168.22.54:8443/services/ImportToRegondesService_v1.0</con:endpoint><con:request><![CDATA[<soapenv:Envelope xmlns:soapenv="http://schemas.xmlsoap.org/soap/envelope/" xmlns:v1="http://fidus.brussels/service/importtoregondesservice/messages/v1" xmlns:v11="http://fidus.brussels/type/common/messages/v1" xmlns:sup="http://www.minfin.fgov.be/regondes2/extern/taxservice/imports/supplementaryInformation" xmlns:com="http://www.minfin.fgov.be/regondes2/extern/taxservice/common">
    <soapenv:Header/>
    <soapenv:Body>
        <v1:exportSupplementaryInformationRequest>
            <v1:messageContext>
                <v11:messageId>${=import static java.util.UUID.randomUUID; uuid = randomUUID() as String}</v11:messageId>
                <v11:timestamp>${=new java.text.SimpleDateFormat("yyyy-MM-dd'T'HH:mm:ss.SSS").format(new Date())}</v11:timestamp>
            </v1:messageContext>
            <v1:legalContext>ServiceIntegrator</v1:legalContext>
            <v1:request>
                <sup:supplementaryInformation>
                    <sup:initialService>
                        <com:technicalReference>11223344</com:technicalReference>
                        <com:type>AAF</com:type>
                        <com:reference>CF55571</com:reference>
                    </sup:initialService>
                    <sup:attachment>
                        <com:fileName>166119.pdf</com:fileName>
                        <com:data>    1234   </com:data>
                    </sup:attachment>
                </sup:supplementaryInformation>
            </v1:request>
        </v1:exportSupplementaryInformationRequest>
    </soapenv:Body>
</soapenv:Envelope>]]></con:request><con:credentials><con:selectedAuthProfile>Basic</con:selectedAuthProfile><con:addedBasicAuthenticationTypes>Basic</con:addedBasicAuthenticationTypes><con:authType>Global HTTP Settings</con:authType></con:credentials><con:jmsConfig JMSDeliveryMode="PERSISTENT"/><con:jmsPropertyConfig/><con:wsaConfig mustUnderstand="NONE" version="200508" action="http://fidus.brussels/services/importtoregondesservice/importSupplementaryInformation"/><con:wsrmConfig version="1.2"/></con:call><con:call id="1a871a8e-d168-4bd4-9c35-abb086a59a83" name="3 - Test - Worker1 - Request" incomingWss="Inflow TEST" outgoingWss="Outflow TEST"><con:settings><con:setting id="com.eviware.soapui.impl.wsdl.WsdlRequest@request-headers">&lt;xml-fragment/></con:setting></con:settings><con:encoding>UTF-8</con:encoding><con:endpoint>https://192.168.22.53:8443/services/ImportToRegondesService_v1.0</con:endpoint><con:request><![CDATA[<soapenv:Envelope xmlns:soapenv="http://schemas.xmlsoap.org/soap/envelope/" xmlns:v1="http://fidus.brussels/service/importtoregondesservice/messages/v1" xmlns:v11="http://fidus.brussels/type/common/messages/v1" xmlns:sup="http://www.minfin.fgov.be/regondes2/extern/taxservice/imports/supplementaryInformation" xmlns:com="http://www.minfin.fgov.be/regondes2/extern/taxservice/common">
    <soapenv:Header/>
    <soapenv:Body>
        <v1:exportSupplementaryInformationRequest>
            <v1:messageContext>
                <v11:messageId>${=import static java.util.UUID.randomUUID; uuid = randomUUID() as String}</v11:messageId>
                <v11:timestamp>${=new java.text.SimpleDateFormat("yyyy-MM-dd'T'HH:mm:ss.SSS").format(new Date())}</v11:timestamp>
            </v1:messageContext>
            <v1:legalContext>ServiceIntegrator</v1:legalContext>
            <v1:request>
                <sup:supplementaryInformation>
                    <sup:initialService>
                        <com:technicalReference>11223344</com:technicalReference>
                        <com:type>AAF</com:type>
                        <com:reference>CF55571</com:reference>
                    </sup:initialService>
                    <sup:attachment>
                        <com:fileName>166119.pdf</com:fileName>
                        <com:data>    1234   </com:data>
                    </sup:attachment>
                </sup:supplementaryInformation>
            </v1:request>
        </v1:exportSupplementaryInformationRequest>
    </soapenv:Body>
</soapenv:Envelope>]]></con:request><con:credentials><con:selectedAuthProfile>Basic</con:selectedAuthProfile><con:addedBasicAuthenticationTypes>Basic</con:addedBasicAuthenticationTypes><con:authType>Global HTTP Settings</con:authType></con:credentials><con:jmsConfig JMSDeliveryMode="PERSISTENT"/><con:jmsPropertyConfig/><con:wsaConfig mustUnderstand="NONE" version="200508" action="http://fidus.brussels/services/importtoregondesservice/importSupplementaryInformation"/><con:wsrmConfig version="1.2"/></con:call><con:call id="97f42bbe-1a75-4f5f-8ddd-bacd7b018972" name="3 - Test - LB - Request" incomingWss="Inflow TEST" outgoingWss="Outflow TEST"><con:settings><con:setting id="com.eviware.soapui.impl.wsdl.WsdlRequest@request-headers">&lt;xml-fragment/></con:setting></con:settings><con:encoding>UTF-8</con:encoding><con:endpoint>https://esb-security-gw.sta.srv.cirb.lan:8443/services/ImportToRegondesService_v1.0</con:endpoint><con:request><![CDATA[<soapenv:Envelope xmlns:soapenv="http://schemas.xmlsoap.org/soap/envelope/" xmlns:v1="http://fidus.brussels/service/importtoregondesservice/messages/v1" xmlns:v11="http://fidus.brussels/type/common/messages/v1" xmlns:sup="http://www.minfin.fgov.be/regondes2/extern/taxservice/imports/supplementaryInformation" xmlns:com="http://www.minfin.fgov.be/regondes2/extern/taxservice/common">
    <soapenv:Header/>
    <soapenv:Body>
        <v1:exportSupplementaryInformationRequest>
            <v1:messageContext>
                <v11:messageId>${=import static java.util.UUID.randomUUID; uuid = randomUUID() as String}</v11:messageId>
                <v11:timestamp>${=new java.text.SimpleDateFormat("yyyy-MM-dd'T'HH:mm:ss.SSS").format(new Date())}</v11:timestamp>
            </v1:messageContext>
            <v1:legalContext>ServiceIntegrator</v1:legalContext>
            <v1:request>
                <sup:supplementaryInformation>
                    <sup:initialService>
                        <com:technicalReference>11223344</com:technicalReference>
                        <com:type>AAF</com:type>
                        <com:reference>CF55571</com:reference>
                    </sup:initialService>
                    <sup:attachment>
                        <com:fileName>166119.pdf</com:fileName>
                        <com:data>    1234   </com:data>
                    </sup:attachment>
                </sup:supplementaryInformation>
            </v1:request>
        </v1:exportSupplementaryInformationRequest>
    </soapenv:Body>
</soapenv:Envelope>]]></con:request><con:credentials><con:selectedAuthProfile>Basic</con:selectedAuthProfile><con:addedBasicAuthenticationTypes>Basic</con:addedBasicAuthenticationTypes><con:authType>Global HTTP Settings</con:authType></con:credentials><con:jmsConfig JMSDeliveryMode="PERSISTENT"/><con:jmsPropertyConfig/><con:wsaConfig mustUnderstand="NONE" version="200508" action="http://fidus.brussels/services/importtoregondesservice/importSupplementaryInformation"/><con:wsrmConfig version="1.2"/></con:call><con:call id="2605070c-4719-40ec-bb20-283c90ced277" name="3 - Test - External - Request" incomingWss="Inflow TEST" outgoingWss="Outflow TEST"><con:settings><con:setting id="com.eviware.soapui.impl.wsdl.WsdlRequest@request-headers">&lt;xml-fragment/></con:setting></con:settings><con:encoding>UTF-8</con:encoding><con:endpoint>https://fidus-test.irisnetlab.be/services/ImportToRegondesService_v1.0</con:endpoint><con:request><![CDATA[<soapenv:Envelope xmlns:soapenv="http://schemas.xmlsoap.org/soap/envelope/" xmlns:v1="http://fidus.brussels/service/importtoregondesservice/messages/v1" xmlns:v11="http://fidus.brussels/type/common/messages/v1" xmlns:sup="http://www.minfin.fgov.be/regondes2/extern/taxservice/imports/supplementaryInformation" xmlns:com="http://www.minfin.fgov.be/regondes2/extern/taxservice/common">
    <soapenv:Header/>
    <soapenv:Body>
        <v1:exportSupplementaryInformationRequest>
            <v1:messageContext>
                <v11:messageId>${=import static java.util.UUID.randomUUID; uuid = randomUUID() as String}</v11:messageId>
                <v11:timestamp>${=new java.text.SimpleDateFormat("yyyy-MM-dd'T'HH:mm:ss.SSS").format(new Date())}</v11:timestamp>
            </v1:messageContext>
            <v1:legalContext>ServiceIntegrator</v1:legalContext>
            <v1:request>
                <sup:supplementaryInformation>
                    <sup:initialService>
                        <com:technicalReference>11223344</com:technicalReference>
                        <com:type>AAF</com:type>
                        <com:reference>CF53571</com:reference>
                    </sup:initialService>
                    <sup:attachment>
                        <com:fileName>166119.pdf</com:fileName>
                        <com:data>    1234   </com:data>
                    </sup:attachment>
                </sup:supplementaryInformation>
            </v1:request>
        </v1:exportSupplementaryInformationRequest>
    </soapenv:Body>
</soapenv:Envelope>]]></con:request><con:credentials><con:selectedAuthProfile>Basic</con:selectedAuthProfile><con:addedBasicAuthenticationTypes>Basic</con:addedBasicAuthenticationTypes><con:authType>Global HTTP Settings</con:authType></con:credentials><con:jmsConfig JMSDeliveryMode="PERSISTENT"/><con:jmsPropertyConfig/><con:wsaConfig mustUnderstand="NONE" version="200508" action="http://fidus.brussels/services/importtoregondesservice/importSupplementaryInformation"/><con:wsrmConfig version="1.2"/></con:call><con:call id="476e6354-24b4-42cf-a474-0929d1915c84" name="4 - Staging - External - Request" incomingWss="Inflow STAGING" outgoingWss="Outflow STAGING"><con:settings><con:setting id="com.eviware.soapui.impl.wsdl.WsdlRequest@request-headers">&lt;xml-fragment/></con:setting></con:settings><con:encoding>UTF-8</con:encoding><con:endpoint>https://fidus.irisnetlab.be/services/ImportToRegondesService_v1.0</con:endpoint><con:request><![CDATA[<soapenv:Envelope xmlns:soapenv="http://schemas.xmlsoap.org/soap/envelope/" xmlns:v1="http://fidus.brussels/service/importtoregondesservice/messages/v1" xmlns:v11="http://fidus.brussels/type/common/messages/v1" xmlns:sup="http://www.minfin.fgov.be/regondes2/extern/taxservice/imports/supplementaryInformation" xmlns:com="http://www.minfin.fgov.be/regondes2/extern/taxservice/common">
    <soapenv:Header/>
    <soapenv:Body>
        <v1:exportSupplementaryInformationRequest>
            <v1:messageContext>
                <v11:messageId>${=import static java.util.UUID.randomUUID; uuid = randomUUID() as String}</v11:messageId>
                <v11:timestamp>${=new java.text.SimpleDateFormat("yyyy-MM-dd'T'HH:mm:ss.SSS").format(new Date())}</v11:timestamp>
            </v1:messageContext>
            <v1:legalContext>ServiceIntegrator</v1:legalContext>
            <v1:request>
                <sup:supplementaryInformation>
                    <sup:initialService>
                        <com:technicalReference>11223344</com:technicalReference>
                        <com:type>AAF</com:type>
                        <com:reference>CF55571</com:reference>
                    </sup:initialService>
                    <sup:attachment>
                        <com:fileName>166119.pdf</com:fileName>
                        <com:data>    1234   </com:data>
                    </sup:attachment>
                </sup:supplementaryInformation>
            </v1:request>
        </v1:exportSupplementaryInformationRequest>
    </soapenv:Body>
</soapenv:Envelope>]]></con:request><con:credentials><con:selectedAuthProfile>Basic</con:selectedAuthProfile><con:addedBasicAuthenticationTypes>Basic</con:addedBasicAuthenticationTypes><con:authType>Global HTTP Settings</con:authType></con:credentials><con:jmsConfig JMSDeliveryMode="PERSISTENT"/><con:jmsPropertyConfig/><con:wsaConfig mustUnderstand="NONE" version="200508" action="http://fidus.brussels/services/importtoregondesservice/importSupplementaryInformation"/><con:wsrmConfig version="1.2"/></con:call></con:operation></con:interface><con:testSuite id="4883f8a0-e178-4376-894a-3b07f17da3e6" name="DEV"><con:settings/><con:runType>SEQUENTIAL</con:runType><con:testCase id="1460f676-bac0-45e4-ba93-cdd4af507a55" failOnError="true" failTestCaseOnErrors="true" keepSession="false" maxResults="0" name="closedDossier" searchProperties="true"><con:settings/><con:testStep type="request" id="0b73a70e-9edc-41e8-82d5-abdaec36882f" name="testcase2 - Dev - Request - Success"><con:settings/><con:config xsi:type="con:RequestStep" xmlns:xsi="http://www.w3.org/2001/XMLSchema-instance"><con:interface>ExportFromRegondesServiceHTTPBinding</con:interface><con:operation>closedDossier</con:operation><con:request name="testcase2 - Dev - Request - Success" id="83ff7daf-21b1-4494-86aa-c8afead58c09" outgoingWss="Outflow DEV"><con:settings/><con:encoding>UTF-8</con:encoding><con:endpoint>https://192.168.36.61:8243/services/ExportFromRegondesService_v1.0</con:endpoint><con:request><![CDATA[<soapenv:Envelope xmlns:soapenv="http://schemas.xmlsoap.org/soap/envelope/" xmlns:v1="http://fidus.brussels/service/exportfromregondesservice/messages/v1" xmlns:v11="http://fidus.brussels/type/common/messages/v1" xmlns:clos="http://www.minfin.fgov.be/regondes2/extern/taxservice/exports/closedDossiers" xmlns:com="http://www.minfin.fgov.be/regondes2/extern/taxservice/common">
   <soapenv:Header/>
   <soapenv:Body>
      <v1:closedDossierRequest>
         <v1:messageContext>
            <v11:messageId>${=import static java.util.UUID.randomUUID; uuid = randomUUID() as String}</v11:messageId>
            <v11:timestamp>${=new java.text.SimpleDateFormat("yyyy-MM-dd'T'HH:mm:ss.SSS").format(new Date())}</v11:timestamp>
         </v1:messageContext>
         <v1:legalContext>ServiceIntegrator</v1:legalContext>
         <v1:request>
            <clos:closedDossier> 
               <clos:referenceFodFin>11223344</clos:referenceFodFin>
               <clos:fiscalYear>2017</clos:fiscalYear>
               <clos:initialService>
                  <com:technicalReference>technicalReference</com:technicalReference>
                  <com:type>AAF</com:type>
                  <clos:reference>reference</clos:reference>
               </clos:initialService>
               <clos:patrimonyInformation>
                  <clos:typeDossier>AA</clos:typeDossier>
                  <clos:patrimonyFrom>${=new java.text.SimpleDateFormat("yyyy-MM-dd").format(new Date())}</clos:patrimonyFrom>
                  <clos:patrimonyRef>1</clos:patrimonyRef>
                  <clos:cadastralDivisionCode>YYY</clos:cadastralDivisionCode>
                  <clos:articleNumber>51</clos:articleNumber>
               </clos:patrimonyInformation>
               <clos:report>
                  <clos:type>S</clos:type>
                  <clos:subtype>subtype</clos:subtype>
                  <clos:kind>INITIAL</clos:kind>
                  <clos:cadastralIncome>
                     <com:codeCadastralIncome>a</com:codeCadastralIncome>
                     <com:definitiveCadastralIncome>12</com:definitiveCadastralIncome>
                     <com:dateDefinitive>${=new java.text.SimpleDateFormat("yyyy-MM-dd").format(new Date())}</com:dateDefinitive>
                     <com:reasonDefinitive>my reason</com:reasonDefinitive>
                  </clos:cadastralIncome>
                  <clos:date>${=new java.text.SimpleDateFormat("yyyy-MM-dd").format(new Date())}</clos:date>
                  <clos:motivation>No motivation</clos:motivation>
                  <!--0 to 99 repetitions:-->
                  <clos:newState>
                     <!--1 to 999 repetitions:-->
                     <clos:parcel>
                        <clos:parcelNumber>
                           <clos:section>55254</clos:section>
                           <clos:groundNumber>9555</clos:groundNumber>
                           <clos:bisNumber>2525</clos:bisNumber>
                           <clos:exponent>1414</clos:exponent>
                           <clos:power>me</clos:power>
                           <clos:part>4</clos:part>
                        </clos:parcelNumber>
                        <clos:situation>invalid</clos:situation>
                        <clos:kind>no</clos:kind>
                        <clos:details>test</clos:details>
                        <!--You have a CHOICE of the next 2 items at this level-->
                        <clos:articleNumber>1141</clos:articleNumber>
                        <clos:sequenceNumber>3215</clos:sequenceNumber>
                        <!--0 to 99 repetitions:-->
                        <clos:cadastralInformation>
                           <clos:codeCadastralIncome>12</clos:codeCadastralIncome>
                           <clos:cadastralIncome>12</clos:cadastralIncome>
                           <clos:cadastralIncomePart>42</clos:cadastralIncomePart>
                           <clos:exemption>52</clos:exemption>
                           <clos:daysUnfruitful>5</clos:daysUnfruitful>
                        </clos:cadastralInformation>
                     </clos:parcel>
                     <!--1 to 999 repetitions:-->
                     <clos:owner>
                        <!--You have a CHOICE of the next 2 items at this level-->
                        <clos:person>
                           <!--You have a CHOICE of the next 3 items at this level-->
                           <clos:socialSecurityNumber>125</clos:socialSecurityNumber>
                           <clos:lastname>baptiste</clos:lastname>
                        </clos:person>
                        <clos:rights>Admin</clos:rights>
                        <clos:ownerType>LEGAL_PERSON</clos:ownerType>
                     </clos:owner>
                  </clos:newState>
               </clos:report>
               <!--0 to 99 repetitions:-->
               <clos:linkedDossier>
                  <clos:referenceInitialService>referenceInitialService</clos:referenceInitialService>
                  <clos:referenceFodFin>15</clos:referenceFodFin>
               </clos:linkedDossier>
               <!--0 to 99 repetitions:-->
               <clos:attachment>
                  <com:fileName>cirb</com:fileName>
                  <com:data>    1234   </com:data>
               </clos:attachment>
            </clos:closedDossier>
         </v1:request>
      </v1:closedDossierRequest>
   </soapenv:Body>
</soapenv:Envelope>]]></con:request><con:assertion type="SOAP Fault Assertion" id="aee5d64f-d27b-4b0c-8e7a-b439691efa1b" name="Not SOAP Fault"/><con:assertion type="SOAP Response" id="7c3482a0-68a3-422e-b7e3-674b5d4b3ca1" name="SOAP Response"/><con:assertion type="Schema Compliance" id="93f55a04-0120-47ca-9c2f-60d4591280ae" name="Schema Compliance"><con:configuration/></con:assertion><con:wsaConfig action="http://fidus.brussels/services/exportfromregondesservice/closedDossier"/></con:request></con:config></con:testStep><con:testStep type="request" id="d6cf0f17-41c6-484e-ac4e-f89d4bdb9d59" name="testcase2 - Dev - Request - Error"><con:settings/><con:config xsi:type="con:RequestStep" xmlns:xsi="http://www.w3.org/2001/XMLSchema-instance"><con:interface>ExportFromRegondesServiceHTTPBinding</con:interface><con:operation>closedDossier</con:operation><con:request name="testcase2 - Dev - Request - Error" id="124a78bd-c0b1-4c88-bdd1-735aa8fe0688" outgoingWss="Outflow DEV"><con:settings/><con:encoding>UTF-8</con:encoding><con:endpoint>https://192.168.36.61:8243/services/ExportFromRegondesService_v1.0</con:endpoint><con:request><![CDATA[<soapenv:Envelope xmlns:soapenv="http://schemas.xmlsoap.org/soap/envelope/" xmlns:v1="http://fidus.brussels/service/exportfromregondesservice/messages/v1" xmlns:v11="http://fidus.brussels/type/common/messages/v1" xmlns:clos="http://www.minfin.fgov.be/regondes2/extern/taxservice/exports/closedDossiers" xmlns:com="http://www.minfin.fgov.be/regondes2/extern/taxservice/common">
   <soapenv:Header/>
   <soapenv:Body>
      <v1:closedDossierRequest>
         <v1:messageContext>
            <v11:messageId>${=import static java.util.UUID.randomUUID; uuid = randomUUID() as String}</v11:messageId>
            <v11:timestamp>${=new java.text.SimpleDateFormat("yyyy-MM-dd'T'HH:mm:ss.SSS").format(new Date())}</v11:timestamp>
         </v1:messageContext>
         <v1:legalContext>ServiceIntegrator</v1:legalContext>
         <v1:request>
            <clos:closedDossier>
            	<!-- <clos:referenceFodFin>11223347</clos:referenceFodFin> --> <!-- Technical reference not found -->
               <!-- <clos:referenceFodFin>11223346</clos:referenceFodFin> --> <!-- Reference not found -->  
               <clos:referenceFodFin>11223345</clos:referenceFodFin> <!-- Requested dossier is already close -->
               <clos:fiscalYear>2017</clos:fiscalYear>
               <clos:initialService>
                  <com:technicalReference>technicalReference</com:technicalReference>
                  <com:type>AAF</com:type>
                  <clos:reference>reference</clos:reference>
               </clos:initialService>
               <clos:patrimonyInformation>
                  <clos:typeDossier>AA</clos:typeDossier>
                  <clos:patrimonyFrom>${=new java.text.SimpleDateFormat("yyyy-MM-dd").format(new Date())}</clos:patrimonyFrom>
                  <clos:patrimonyRef>1</clos:patrimonyRef>
                  <clos:cadastralDivisionCode>YYY</clos:cadastralDivisionCode>
                  <clos:articleNumber>51</clos:articleNumber>
               </clos:patrimonyInformation>
               <clos:report>
                  <clos:type>S</clos:type>
                  <clos:subtype>subtype</clos:subtype>
                  <clos:kind>INITIAL</clos:kind>
                  <clos:cadastralIncome>
                     <com:codeCadastralIncome>a</com:codeCadastralIncome>
                     <com:definitiveCadastralIncome>12</com:definitiveCadastralIncome>
                     <com:dateDefinitive>${=new java.text.SimpleDateFormat("yyyy-MM-dd").format(new Date())}</com:dateDefinitive>
                     <com:reasonDefinitive>my reason</com:reasonDefinitive>
                  </clos:cadastralIncome>
                  <clos:date>${=new java.text.SimpleDateFormat("yyyy-MM-dd").format(new Date())}</clos:date>
                  <clos:motivation>No motivation</clos:motivation>
                  <!--0 to 99 repetitions:-->
                  <clos:newState>
                     <!--1 to 999 repetitions:-->
                     <clos:parcel>
                        <clos:parcelNumber>
                           <clos:section>55254</clos:section>
                           <clos:groundNumber>9555</clos:groundNumber>
                           <clos:bisNumber>2525</clos:bisNumber>
                           <clos:exponent>1414</clos:exponent>
                           <clos:power>me</clos:power>
                           <clos:part>4</clos:part>
                        </clos:parcelNumber>
                        <clos:situation>invalid</clos:situation>
                        <clos:kind>no</clos:kind>
                        <clos:details>test</clos:details>
                        <!--You have a CHOICE of the next 2 items at this level-->
                        <clos:articleNumber>1141</clos:articleNumber>
                        <clos:sequenceNumber>3215</clos:sequenceNumber>
                        <!--0 to 99 repetitions:-->
                        <clos:cadastralInformation>
                           <clos:codeCadastralIncome>12</clos:codeCadastralIncome>
                           <clos:cadastralIncome>12</clos:cadastralIncome>
                           <clos:cadastralIncomePart>42</clos:cadastralIncomePart>
                           <clos:exemption>52</clos:exemption>
                           <clos:daysUnfruitful>5</clos:daysUnfruitful>
                        </clos:cadastralInformation>
                     </clos:parcel>
                     <!--1 to 999 repetitions:-->
                     <clos:owner>
                        <!--You have a CHOICE of the next 2 items at this level-->
                        <clos:person>
                           <!--You have a CHOICE of the next 3 items at this level-->
                           <clos:socialSecurityNumber>125</clos:socialSecurityNumber>
                           <clos:lastname>baptiste</clos:lastname>
                        </clos:person>
                        <clos:rights>Admin</clos:rights>
                        <clos:ownerType>LEGAL_PERSON</clos:ownerType>
                     </clos:owner>
                  </clos:newState>
               </clos:report>
               <!--0 to 99 repetitions:-->
               <clos:linkedDossier>
                  <clos:referenceInitialService>referenceInitialService</clos:referenceInitialService>
                  <clos:referenceFodFin>15</clos:referenceFodFin>
               </clos:linkedDossier>
               <!--0 to 99 repetitions:-->
               <clos:attachment>
                  <com:fileName>cirb</com:fileName>
                  <com:data>    1234   </com:data>
               </clos:attachment>
            </clos:closedDossier>
         </v1:request>
      </v1:closedDossierRequest>
   </soapenv:Body>
</soapenv:Envelope>]]></con:request><con:assertion type="SOAP Fault Assertion" id="4b9e1e60-d382-46be-88b6-54cc270c6ac6" name="Not SOAP Fault"/><con:assertion type="SOAP Response" id="813fc0bb-3780-4d1a-b66e-245ebd3d2b74" name="SOAP Response"/><con:assertion type="Schema Compliance" id="b15bb196-f5dc-47af-801b-9bd5cadc58f9" name="Schema Compliance"><con:configuration/></con:assertion><con:wsaConfig action="http://fidus.brussels/services/exportfromregondesservice/closedDossier"/></con:request></con:config></con:testStep><con:properties/></con:testCase><con:testCase id="1f06234e-4c40-438f-8f77-95f4ae71c72e" failOnError="true" failTestCaseOnErrors="true" keepSession="false" maxResults="0" name="postponedDossier" searchProperties="true"><con:settings/><con:testStep type="request" id="62be1af6-4b46-4670-90a4-311af622d8d7" name="testcase2 - Dev - Request - Success"><con:settings/><con:config xsi:type="con:RequestStep" xmlns:xsi="http://www.w3.org/2001/XMLSchema-instance"><con:interface>ExportFromRegondesServiceHTTPBinding</con:interface><con:operation>postponedDossier</con:operation><con:request name="testcase2 - Dev - Request - Success" id="c6a4ab49-ae7d-41d4-9574-728aa8da3976" outgoingWss="Outflow DEV"><con:settings/><con:encoding>UTF-8</con:encoding><con:endpoint>https://192.168.36.61:8243/services/ExportFromRegondesService_v1.0</con:endpoint><con:request><![CDATA[<soapenv:Envelope xmlns:soapenv="http://schemas.xmlsoap.org/soap/envelope/" xmlns:v1="http://fidus.brussels/service/exportfromregondesservice/messages/v1" xmlns:v11="http://fidus.brussels/type/common/messages/v1" xmlns:pos="http://www.minfin.fgov.be/regondes2/extern/taxservice/exports/postponedDossiers" xmlns:com="http://www.minfin.fgov.be/regondes2/extern/taxservice/common">
   <soapenv:Header/>
   <soapenv:Body>
      <v1:postponedDossierRequest>
         <v1:messageContext>
            <v11:messageId>${=import static java.util.UUID.randomUUID; uuid = randomUUID() as String}</v11:messageId>
            <!--Optional:-->
            <v11:timestamp>${=new java.text.SimpleDateFormat("yyyy-MM-dd'T'HH:mm:ss.SSS").format(new Date())}</v11:timestamp>
         </v1:messageContext>
         <v1:legalContext>ServiceIntegrator</v1:legalContext>
         <v1:request>
            <pos:postponedDossier>
               <pos:referenceFodFin>11223344</pos:referenceFodFin>
               <pos:initialService>
                  <!--Optional:-->
                  <com:technicalReference>technicalReference</com:technicalReference>
                  <com:type>AAF</com:type>
                  <com:reference>reference</com:reference>
               </pos:initialService>
               <pos:postponement>
                  <pos:datePostponement>${=new java.text.SimpleDateFormat("yyyy-MM-dd").format(new Date())}</pos:datePostponement>
                  <pos:reasonPostponed>TEST</pos:reasonPostponed>
                  <pos:newTargetDate>${=new java.text.SimpleDateFormat("yyyy-MM-dd").format(new Date())}</pos:newTargetDate>
               </pos:postponement>
            </pos:postponedDossier>
         </v1:request>
      </v1:postponedDossierRequest>
   </soapenv:Body>
</soapenv:Envelope>]]></con:request><con:assertion type="SOAP Fault Assertion" id="1297407b-e853-48eb-bcc8-cc9902158058" name="Not SOAP Fault"/><con:assertion type="SOAP Response" id="803050bc-9f60-49f0-844f-b1106c4498cd" name="SOAP Response"/><con:assertion type="Schema Compliance" id="7af4fa0f-926e-48fb-9230-f414bedec976" name="Schema Compliance"><con:configuration/></con:assertion><con:wsaConfig action="http://fidus.brussels/services/exportfromregondesservice/postponedDossier"/></con:request></con:config></con:testStep><con:testStep type="request" id="5a2f80cc-ea58-419a-b711-333fa464badd" name="testcase2 - Dev - Request - Error"><con:settings/><con:config xsi:type="con:RequestStep" xmlns:xsi="http://www.w3.org/2001/XMLSchema-instance"><con:interface>ExportFromRegondesServiceHTTPBinding</con:interface><con:operation>postponedDossier</con:operation><con:request name="testcase2 - Dev - Request - Error" id="48f28faa-173e-447a-a486-5422d6587928" outgoingWss="Outflow DEV"><con:settings/><con:encoding>UTF-8</con:encoding><con:endpoint>https://192.168.36.61:8243/services/ExportFromRegondesService_v1.0</con:endpoint><con:request><![CDATA[<soapenv:Envelope xmlns:soapenv="http://schemas.xmlsoap.org/soap/envelope/" xmlns:v1="http://fidus.brussels/service/exportfromregondesservice/messages/v1" xmlns:v11="http://fidus.brussels/type/common/messages/v1" xmlns:pos="http://www.minfin.fgov.be/regondes2/extern/taxservice/exports/postponedDossiers" xmlns:com="http://www.minfin.fgov.be/regondes2/extern/taxservice/common">
   <soapenv:Header/>
   <soapenv:Body>
      <v1:postponedDossierRequest>
         <v1:messageContext>
            <v11:messageId>${=import static java.util.UUID.randomUUID; uuid = randomUUID() as String}</v11:messageId>
            <!--Optional:-->
            <v11:timestamp>${=new java.text.SimpleDateFormat("yyyy-MM-dd'T'HH:mm:ss.SSS").format(new Date())}</v11:timestamp>
         </v1:messageContext>
         <v1:legalContext>ServiceIntegrator</v1:legalContext>
         <v1:request>
            <pos:postponedDossier>
               <!-- <pos:referenceFodFin>12003001507</pos:referenceFodFin> --> <!-- Technical reference not found -->
               <!-- <pos:referenceFodFin>12003001506</pos:referenceFodFin> --> <!-- Reference not found -->  
               <pos:referenceFodFin>11223345</pos:referenceFodFin> <!-- Requested dossier is already close -->
               <pos:initialService>
                  <!--Optional:-->
                  <com:technicalReference>technicalReference</com:technicalReference>
                  <com:type>AAF</com:type>
                  <com:reference>reference</com:reference>
               </pos:initialService>
               <pos:postponement>
                  <pos:datePostponement>${=new java.text.SimpleDateFormat("yyyy-MM-dd").format(new Date())}</pos:datePostponement>
                  <pos:reasonPostponed>TEST</pos:reasonPostponed>
                  <pos:newTargetDate>${=new java.text.SimpleDateFormat("yyyy-MM-dd").format(new Date())}</pos:newTargetDate>
               </pos:postponement>
            </pos:postponedDossier>
         </v1:request>
      </v1:postponedDossierRequest>
   </soapenv:Body>
</soapenv:Envelope>]]></con:request><con:assertion type="SOAP Fault Assertion" id="79c91088-7a84-4fee-a18c-b1bfd49495b3" name="Not SOAP Fault"/><con:assertion type="SOAP Response" id="b1711d64-9da8-492a-b4f9-eac7f1e9ad02" name="SOAP Response"/><con:assertion type="Schema Compliance" id="aa2ace0c-3923-4008-8795-370f92be92db" name="Schema Compliance"><con:configuration/></con:assertion><con:wsaConfig action="http://fidus.brussels/services/exportfromregondesservice/postponedDossier"/></con:request></con:config></con:testStep><con:properties/></con:testCase><con:testCase id="49fa7585-f9f4-4da1-bbb4-858bc15ecdff" failOnError="true" failTestCaseOnErrors="true" keepSession="false" maxResults="0" name="serviceChange" searchProperties="true"><con:settings/><con:testStep type="request" id="27dbc8f7-9893-451c-99ae-c84a429ab980" name="testcase2 - Dev - Request - Success"><con:settings/><con:config xsi:type="con:RequestStep" xmlns:xsi="http://www.w3.org/2001/XMLSchema-instance"><con:interface>ExportFromRegondesServiceHTTPBinding</con:interface><con:operation>serviceChange</con:operation><con:request name="testcase2 - Dev - Request - Success" id="daf46b0e-5b94-4230-a0e0-f4a326f1323c" outgoingWss="Outflow DEV"><con:settings/><con:encoding>UTF-8</con:encoding><con:endpoint>https://192.168.36.61:8243/services/ExportFromRegondesService_v1.0</con:endpoint><con:request><![CDATA[<soapenv:Envelope xmlns:soapenv="http://schemas.xmlsoap.org/soap/envelope/" xmlns:v1="http://fidus.brussels/service/exportfromregondesservice/messages/v1" xmlns:v11="http://fidus.brussels/type/common/messages/v1" xmlns:ser="http://www.minfin.fgov.be/regondes2/extern/taxservice/exports/serviceChanged" xmlns:com="http://www.minfin.fgov.be/regondes2/extern/taxservice/common">
   <soapenv:Header/>
   <soapenv:Body>
      <v1:serviceChangeRequest>
         <v1:messageContext>
            <v11:messageId>${=import static java.util.UUID.randomUUID; uuid = randomUUID() as String}</v11:messageId>
            <!--Optional:-->
            <v11:timestamp>${=new java.text.SimpleDateFormat("yyyy-MM-dd'T'HH:mm:ss.SSS").format(new Date())}</v11:timestamp>
         </v1:messageContext>
         <v1:legalContext>ServiceIntegrator</v1:legalContext>
         <v1:request>
            <ser:serviceChange>
               <ser:referenceFodFin>11223344</ser:referenceFodFin>
               <ser:initialService>
                  <!--Optional:-->
                  <com:technicalReference>1524</com:technicalReference>
                  <com:type>AAF</com:type>
                  <com:reference>reference</com:reference>
               </ser:initialService>
               <!--1 to 99 repetitions:-->
               <ser:transfer>
                  <ser:serviceName>CIRB</ser:serviceName>
                  <ser:dateIn>${=new java.text.SimpleDateFormat("yyyy-MM-dd").format(new Date())}</ser:dateIn>
                  <!--Optional:-->
                  <ser:dateOut>${=new java.text.SimpleDateFormat("yyyy-MM-dd").format(new Date())}</ser:dateOut>
                  <ser:official>
                     <ser:firstName>jean</ser:firstName>
                     <ser:lastName>baptist</ser:lastName>
                     <ser:phoneNumber>0452363621</ser:phoneNumber>
                     <ser:email>cisyapan@cirb.brussels</ser:email>
                  </ser:official>
               </ser:transfer>
            </ser:serviceChange>
         </v1:request>
      </v1:serviceChangeRequest>
   </soapenv:Body>
</soapenv:Envelope>]]></con:request><con:assertion type="SOAP Fault Assertion" id="8a0f03a8-c863-4602-9889-823e514261a5" name="Not SOAP Fault"/><con:assertion type="SOAP Response" id="6fe4707c-cd3e-4414-9b24-aa47a0a45ed7" name="SOAP Response"/><con:assertion type="Schema Compliance" id="6b004e8c-ea66-4519-9707-30172d6beaef" name="Schema Compliance"><con:configuration/></con:assertion><con:wsaConfig action="http://fidus.brussels/services/exportfromregondesservice/serviceChange"/></con:request></con:config></con:testStep><con:testStep type="request" id="8938dbb0-aeef-4d01-addd-3244e08e026f" name="testcase2 - Dev - Request - Error"><con:settings/><con:config xsi:type="con:RequestStep" xmlns:xsi="http://www.w3.org/2001/XMLSchema-instance"><con:interface>ExportFromRegondesServiceHTTPBinding</con:interface><con:operation>serviceChange</con:operation><con:request name="testcase2 - Dev - Request - Error" id="20470c70-4fb4-4997-8937-0e94d28d5984" outgoingWss="Outflow DEV"><con:settings/><con:encoding>UTF-8</con:encoding><con:endpoint>https://192.168.36.61:8243/services/ExportFromRegondesService_v1.0</con:endpoint><con:request><![CDATA[<soapenv:Envelope xmlns:soapenv="http://schemas.xmlsoap.org/soap/envelope/" xmlns:v1="http://fidus.brussels/service/exportfromregondesservice/messages/v1" xmlns:v11="http://fidus.brussels/type/common/messages/v1" xmlns:ser="http://www.minfin.fgov.be/regondes2/extern/taxservice/exports/serviceChanged" xmlns:com="http://www.minfin.fgov.be/regondes2/extern/taxservice/common">
   <soapenv:Header/>
   <soapenv:Body>
      <v1:serviceChangeRequest>
         <v1:messageContext>
            <v11:messageId>${=import static java.util.UUID.randomUUID; uuid = randomUUID() as String}</v11:messageId>
            <!--Optional:-->
            <v11:timestamp>${=new java.text.SimpleDateFormat("yyyy-MM-dd'T'HH:mm:ss.SSS").format(new Date())}</v11:timestamp>
         </v1:messageContext>
         <v1:legalContext>ServiceIntegrator</v1:legalContext>
         <v1:request>
            <ser:serviceChange>
               <!-- <ser:referenceFodFin>11223347</ser:referenceFodFin> --> <!-- Technical reference not found -->
               <!-- <ser:referenceFodFin>11223346</ser:referenceFodFin> --> <!-- Reference not found -->  
               <ser:referenceFodFin>11223345</ser:referenceFodFin> <!-- Requested dossier is already close -->
               <ser:initialService>
                  <!--Optional:-->
                  <com:technicalReference>1524</com:technicalReference>
                  <com:type>AAF</com:type>
                  <com:reference>reference</com:reference>
               </ser:initialService>
               <!--1 to 99 repetitions:-->
               <ser:transfer>
                  <ser:serviceName>CIRB</ser:serviceName>
                  <ser:dateIn>${=new java.text.SimpleDateFormat("yyyy-MM-dd").format(new Date())}</ser:dateIn>
                  <!--Optional:-->
                  <ser:dateOut>${=new java.text.SimpleDateFormat("yyyy-MM-dd").format(new Date())}</ser:dateOut>
                  <ser:official>
                     <ser:firstName>jean</ser:firstName>
                     <ser:lastName>baptist</ser:lastName>
                     <ser:phoneNumber>0452363621</ser:phoneNumber>
                     <ser:email>cisyapan@cirb.brussels</ser:email>
                  </ser:official>
               </ser:transfer>
            </ser:serviceChange>
         </v1:request>
      </v1:serviceChangeRequest>
   </soapenv:Body>
</soapenv:Envelope>]]></con:request><con:assertion type="SOAP Fault Assertion" id="e57b7bf0-a182-4d40-b54b-82640113bb7f" name="Not SOAP Fault"/><con:assertion type="SOAP Response" id="3012d8e2-edd9-4ee9-863d-f2063449f5ba" name="SOAP Response"/><con:assertion type="Schema Compliance" id="386d7c9f-8339-485e-a264-3c4e43767a81" name="Schema Compliance"><con:configuration/></con:assertion><con:wsaConfig action="http://fidus.brussels/services/exportfromregondesservice/serviceChange"/></con:request></con:config></con:testStep><con:properties/></con:testCase><con:properties/></con:testSuite><con:testSuite id="1228fd4f-9297-484e-93df-01de9a1fde7a" name="TEST"><con:settings/><con:runType>SEQUENTIAL</con:runType><con:testCase id="e63dc99a-51b0-4358-8801-d91ef813bbaa" failOnError="true" failTestCaseOnErrors="true" keepSession="false" maxResults="0" name="closedDossier" searchProperties="true"><con:settings/><con:testStep type="request" id="ab590959-3621-43ba-bea9-6fb186b1afe7" name="testcase3 - Test - LB - Request"><con:settings/><con:config xsi:type="con:RequestStep" xmlns:xsi="http://www.w3.org/2001/XMLSchema-instance"><con:interface>ExportFromRegondesServiceHTTPBinding</con:interface><con:operation>closedDossier</con:operation><con:request name="testcase3 - Test - LB - Request" id="064b6d58-4648-42c6-940c-34c70ce02307" outgoingWss="Outflow TEST"><con:settings/><con:encoding>UTF-8</con:encoding><con:endpoint>https://esb-security-gw.sta.srv.cirb.lan:8443/services/ExportFromRegondesService_v1.0</con:endpoint><con:request><![CDATA[<soapenv:Envelope xmlns:soapenv="http://schemas.xmlsoap.org/soap/envelope/" xmlns:v1="http://fidus.brussels/service/exportfromregondesservice/messages/v1" xmlns:v11="http://fidus.brussels/type/common/messages/v1" xmlns:clos="http://www.minfin.fgov.be/regondes2/extern/taxservice/exports/closedDossiers" xmlns:com="http://www.minfin.fgov.be/regondes2/extern/taxservice/common">
   <soapenv:Header/>
   <soapenv:Body>
      <v1:closedDossierRequest>
         <v1:messageContext>
            <v11:messageId>${=import static java.util.UUID.randomUUID; uuid = randomUUID() as String}</v11:messageId>
            <v11:timestamp>${=new java.text.SimpleDateFormat("yyyy-MM-dd'T'HH:mm:ss.SSS").format(new Date())}</v11:timestamp>
         </v1:messageContext>
         <v1:legalContext>ServiceIntegrator</v1:legalContext>
         <v1:request>
            <clos:closedDossier> 
               <clos:referenceFodFin>11223344</clos:referenceFodFin>
               <clos:fiscalYear>2017</clos:fiscalYear>
               <clos:initialService>
                  <com:technicalReference>technicalReference</com:technicalReference>
                  <com:type>AAF</com:type>
                  <clos:reference>reference</clos:reference>
               </clos:initialService>
               <clos:patrimonyInformation>
                  <clos:typeDossier>AA</clos:typeDossier>
                  <clos:patrimonyFrom>${=new java.text.SimpleDateFormat("yyyy-MM-dd").format(new Date())}</clos:patrimonyFrom>
                  <clos:patrimonyRef>1</clos:patrimonyRef>
                  <clos:cadastralDivisionCode>YYY</clos:cadastralDivisionCode>
                  <clos:articleNumber>51</clos:articleNumber>
               </clos:patrimonyInformation>
               <clos:report>
                  <clos:type>S</clos:type>
                  <clos:subtype>subtype</clos:subtype>
                  <clos:kind>INITIAL</clos:kind>
                  <clos:cadastralIncome>
                     <com:codeCadastralIncome>a</com:codeCadastralIncome>
                     <com:definitiveCadastralIncome>12</com:definitiveCadastralIncome>
                     <com:dateDefinitive>${=new java.text.SimpleDateFormat("yyyy-MM-dd").format(new Date())}</com:dateDefinitive>
                     <com:reasonDefinitive>my reason</com:reasonDefinitive>
                  </clos:cadastralIncome>
                  <clos:date>${=new java.text.SimpleDateFormat("yyyy-MM-dd").format(new Date())}</clos:date>
                  <clos:motivation>No motivation</clos:motivation>
                  <!--0 to 99 repetitions:-->
                  <clos:newState>
                     <!--1 to 999 repetitions:-->
                     <clos:parcel>
                        <clos:parcelNumber>
                           <clos:section>55254</clos:section>
                           <clos:groundNumber>9555</clos:groundNumber>
                           <clos:bisNumber>2525</clos:bisNumber>
                           <clos:exponent>1414</clos:exponent>
                           <clos:power>me</clos:power>
                           <clos:part>4</clos:part>
                        </clos:parcelNumber>
                        <clos:situation>invalid</clos:situation>
                        <clos:kind>no</clos:kind>
                        <clos:details>test</clos:details>
                        <!--You have a CHOICE of the next 2 items at this level-->
                        <clos:articleNumber>1141</clos:articleNumber>
                        <clos:sequenceNumber>3215</clos:sequenceNumber>
                        <!--0 to 99 repetitions:-->
                        <clos:cadastralInformation>
                           <clos:codeCadastralIncome>12</clos:codeCadastralIncome>
                           <clos:cadastralIncome>12</clos:cadastralIncome>
                           <clos:cadastralIncomePart>42</clos:cadastralIncomePart>
                           <clos:exemption>52</clos:exemption>
                           <clos:daysUnfruitful>5</clos:daysUnfruitful>
                        </clos:cadastralInformation>
                     </clos:parcel>
                     <!--1 to 999 repetitions:-->
                     <clos:owner>
                        <!--You have a CHOICE of the next 2 items at this level-->
                        <clos:person>
                           <!--You have a CHOICE of the next 3 items at this level-->
                           <clos:socialSecurityNumber>125</clos:socialSecurityNumber>
                           <clos:lastname>baptiste</clos:lastname>
                        </clos:person>
                        <clos:rights>Admin</clos:rights>
                        <clos:ownerType>LEGAL_PERSON</clos:ownerType>
                     </clos:owner>
                  </clos:newState>
               </clos:report>
               <!--0 to 99 repetitions:-->
               <clos:linkedDossier>
                  <clos:referenceInitialService>referenceInitialService</clos:referenceInitialService>
                  <clos:referenceFodFin>15</clos:referenceFodFin>
               </clos:linkedDossier>
               <!--0 to 99 repetitions:-->
               <clos:attachment>
                  <com:fileName>cirb</com:fileName>
                  <com:data>    1234   </com:data>
               </clos:attachment>
            </clos:closedDossier>
         </v1:request>
      </v1:closedDossierRequest>
   </soapenv:Body>
</soapenv:Envelope>]]></con:request><con:assertion type="SOAP Fault Assertion" id="65bc180e-0de7-4868-ad66-7d77caec3f4c" name="Not SOAP Fault"/><con:assertion type="SOAP Response" id="53568045-b57a-4e78-84df-38ac07fc3c94" name="SOAP Response"/><con:assertion type="Schema Compliance" id="960e0ef0-d896-4b25-90d2-2b998a337263" name="Schema Compliance"><con:configuration/></con:assertion><con:wsaConfig action="http://fidus.brussels/services/exportfromregondesservice/closedDossier"/></con:request></con:config></con:testStep><con:testStep type="request" id="08ec1251-2cf1-4796-86d7-a2431f1b83e4" name="testcase3 - Test - Worker1 - Request"><con:settings/><con:config xsi:type="con:RequestStep" xmlns:xsi="http://www.w3.org/2001/XMLSchema-instance"><con:interface>ExportFromRegondesServiceHTTPBinding</con:interface><con:operation>closedDossier</con:operation><con:request name="testcase3 - Test - Worker1 - Request" id="8f1ed538-eb33-4389-ae0d-da8a62af4187" outgoingWss="Outflow TEST"><con:settings/><con:encoding>UTF-8</con:encoding><con:endpoint>https://192.168.24.45:8443/services/ExportFromRegondesService_v1.0</con:endpoint><con:request><![CDATA[<soapenv:Envelope xmlns:soapenv="http://schemas.xmlsoap.org/soap/envelope/" xmlns:v1="http://fidus.brussels/service/exportfromregondesservice/messages/v1" xmlns:v11="http://fidus.brussels/type/common/messages/v1" xmlns:clos="http://www.minfin.fgov.be/regondes2/extern/taxservice/exports/closedDossiers" xmlns:com="http://www.minfin.fgov.be/regondes2/extern/taxservice/common">
   <soapenv:Header/>
   <soapenv:Body>
      <v1:closedDossierRequest>
         <v1:messageContext>
            <v11:messageId>${=import static java.util.UUID.randomUUID; uuid = randomUUID() as String}</v11:messageId>
            <v11:timestamp>${=new java.text.SimpleDateFormat("yyyy-MM-dd'T'HH:mm:ss.SSS").format(new Date())}</v11:timestamp>
         </v1:messageContext>
         <v1:legalContext>ServiceIntegrator</v1:legalContext>
         <v1:request>
            <clos:closedDossier> 
               <clos:referenceFodFin>11223344</clos:referenceFodFin>
               <clos:fiscalYear>2017</clos:fiscalYear>
               <clos:initialService>
                  <com:technicalReference>technicalReference</com:technicalReference>
                  <com:type>AAF</com:type>
                  <clos:reference>reference</clos:reference>
               </clos:initialService>
               <clos:patrimonyInformation>
                  <clos:typeDossier>AA</clos:typeDossier>
                  <clos:patrimonyFrom>${=new java.text.SimpleDateFormat("yyyy-MM-dd").format(new Date())}</clos:patrimonyFrom>
                  <clos:patrimonyRef>1</clos:patrimonyRef>
                  <clos:cadastralDivisionCode>YYY</clos:cadastralDivisionCode>
                  <clos:articleNumber>51</clos:articleNumber>
               </clos:patrimonyInformation>
               <clos:report>
                  <clos:type>S</clos:type>
                  <clos:subtype>subtype</clos:subtype>
                  <clos:kind>INITIAL</clos:kind>
                  <clos:cadastralIncome>
                     <com:codeCadastralIncome>a</com:codeCadastralIncome>
                     <com:definitiveCadastralIncome>12</com:definitiveCadastralIncome>
                     <com:dateDefinitive>${=new java.text.SimpleDateFormat("yyyy-MM-dd").format(new Date())}</com:dateDefinitive>
                     <com:reasonDefinitive>my reason</com:reasonDefinitive>
                  </clos:cadastralIncome>
                  <clos:date>${=new java.text.SimpleDateFormat("yyyy-MM-dd").format(new Date())}</clos:date>
                  <clos:motivation>No motivation</clos:motivation>
                  <!--0 to 99 repetitions:-->
                  <clos:newState>
                     <!--1 to 999 repetitions:-->
                     <clos:parcel>
                        <clos:parcelNumber>
                           <clos:section>55254</clos:section>
                           <clos:groundNumber>9555</clos:groundNumber>
                           <clos:bisNumber>2525</clos:bisNumber>
                           <clos:exponent>1414</clos:exponent>
                           <clos:power>me</clos:power>
                           <clos:part>4</clos:part>
                        </clos:parcelNumber>
                        <clos:situation>invalid</clos:situation>
                        <clos:kind>no</clos:kind>
                        <clos:details>test</clos:details>
                        <!--You have a CHOICE of the next 2 items at this level-->
                        <clos:articleNumber>1141</clos:articleNumber>
                        <clos:sequenceNumber>3215</clos:sequenceNumber>
                        <!--0 to 99 repetitions:-->
                        <clos:cadastralInformation>
                           <clos:codeCadastralIncome>12</clos:codeCadastralIncome>
                           <clos:cadastralIncome>12</clos:cadastralIncome>
                           <clos:cadastralIncomePart>42</clos:cadastralIncomePart>
                           <clos:exemption>52</clos:exemption>
                           <clos:daysUnfruitful>5</clos:daysUnfruitful>
                        </clos:cadastralInformation>
                     </clos:parcel>
                     <!--1 to 999 repetitions:-->
                     <clos:owner>
                        <!--You have a CHOICE of the next 2 items at this level-->
                        <clos:person>
                           <!--You have a CHOICE of the next 3 items at this level-->
                           <clos:socialSecurityNumber>125</clos:socialSecurityNumber>
                           <clos:lastname>baptiste</clos:lastname>
                        </clos:person>
                        <clos:rights>Admin</clos:rights>
                        <clos:ownerType>LEGAL_PERSON</clos:ownerType>
                     </clos:owner>
                  </clos:newState>
               </clos:report>
               <!--0 to 99 repetitions:-->
               <clos:linkedDossier>
                  <clos:referenceInitialService>referenceInitialService</clos:referenceInitialService>
                  <clos:referenceFodFin>15</clos:referenceFodFin>
               </clos:linkedDossier>
               <!--0 to 99 repetitions:-->
               <clos:attachment>
                  <com:fileName>cirb</com:fileName>
                  <com:data>    1234   </com:data>
               </clos:attachment>
            </clos:closedDossier>
         </v1:request>
      </v1:closedDossierRequest>
   </soapenv:Body>
</soapenv:Envelope>]]></con:request><con:assertion type="SOAP Fault Assertion" id="ca7353f0-b193-45d4-a9b3-579a47215b0d" name="Not SOAP Fault"/><con:assertion type="SOAP Response" id="a7f03e26-0000-4b3e-b0f6-7d705209c273" name="SOAP Response"/><con:assertion type="Schema Compliance" id="d5d40cdc-7bfb-4cb8-b100-6ebf9f1a752d" name="Schema Compliance"><con:configuration/></con:assertion><con:wsaConfig action="http://fidus.brussels/services/exportfromregondesservice/closedDossier"/></con:request></con:config></con:testStep><con:testStep type="request" id="14c90cba-e21a-4e60-87cf-9d52c06eea10" name="testcase3 - Test - Worker2 - Request"><con:settings/><con:config xsi:type="con:RequestStep" xmlns:xsi="http://www.w3.org/2001/XMLSchema-instance"><con:interface>ExportFromRegondesServiceHTTPBinding</con:interface><con:operation>closedDossier</con:operation><con:request name="testcase3 - Test - Worker2 - Request" id="fdd7f0ad-5a6a-4829-93d5-3ece8efca7e4" outgoingWss="Outflow TEST"><con:settings/><con:encoding>UTF-8</con:encoding><con:endpoint>https://192.168.24.51:8443/services/ExportFromRegondesService_v1.0</con:endpoint><con:request><![CDATA[<soapenv:Envelope xmlns:soapenv="http://schemas.xmlsoap.org/soap/envelope/" xmlns:v1="http://fidus.brussels/service/exportfromregondesservice/messages/v1" xmlns:v11="http://fidus.brussels/type/common/messages/v1" xmlns:clos="http://www.minfin.fgov.be/regondes2/extern/taxservice/exports/closedDossiers" xmlns:com="http://www.minfin.fgov.be/regondes2/extern/taxservice/common">
   <soapenv:Header/>
   <soapenv:Body>
      <v1:closedDossierRequest>
         <v1:messageContext>
            <v11:messageId>${=import static java.util.UUID.randomUUID; uuid = randomUUID() as String}</v11:messageId>
            <v11:timestamp>${=new java.text.SimpleDateFormat("yyyy-MM-dd'T'HH:mm:ss.SSS").format(new Date())}</v11:timestamp>
         </v1:messageContext>
         <v1:legalContext>ServiceIntegrator</v1:legalContext>
         <v1:request>
            <clos:closedDossier> 
               <clos:referenceFodFin>11223344</clos:referenceFodFin>
               <clos:fiscalYear>2017</clos:fiscalYear>
               <clos:initialService>
                  <com:technicalReference>technicalReference</com:technicalReference>
                  <com:type>AAF</com:type>
                  <clos:reference>reference</clos:reference>
               </clos:initialService>
               <clos:patrimonyInformation>
                  <clos:typeDossier>AA</clos:typeDossier>
                  <clos:patrimonyFrom>${=new java.text.SimpleDateFormat("yyyy-MM-dd").format(new Date())}</clos:patrimonyFrom>
                  <clos:patrimonyRef>1</clos:patrimonyRef>
                  <clos:cadastralDivisionCode>YYY</clos:cadastralDivisionCode>
                  <clos:articleNumber>51</clos:articleNumber>
               </clos:patrimonyInformation>
               <clos:report>
                  <clos:type>S</clos:type>
                  <clos:subtype>subtype</clos:subtype>
                  <clos:kind>INITIAL</clos:kind>
                  <clos:cadastralIncome>
                     <com:codeCadastralIncome>a</com:codeCadastralIncome>
                     <com:definitiveCadastralIncome>12</com:definitiveCadastralIncome>
                     <com:dateDefinitive>${=new java.text.SimpleDateFormat("yyyy-MM-dd").format(new Date())}</com:dateDefinitive>
                     <com:reasonDefinitive>my reason</com:reasonDefinitive>
                  </clos:cadastralIncome>
                  <clos:date>${=new java.text.SimpleDateFormat("yyyy-MM-dd").format(new Date())}</clos:date>
                  <clos:motivation>No motivation</clos:motivation>
                  <!--0 to 99 repetitions:-->
                  <clos:newState>
                     <!--1 to 999 repetitions:-->
                     <clos:parcel>
                        <clos:parcelNumber>
                           <clos:section>55254</clos:section>
                           <clos:groundNumber>9555</clos:groundNumber>
                           <clos:bisNumber>2525</clos:bisNumber>
                           <clos:exponent>1414</clos:exponent>
                           <clos:power>me</clos:power>
                           <clos:part>4</clos:part>
                        </clos:parcelNumber>
                        <clos:situation>invalid</clos:situation>
                        <clos:kind>no</clos:kind>
                        <clos:details>test</clos:details>
                        <!--You have a CHOICE of the next 2 items at this level-->
                        <clos:articleNumber>1141</clos:articleNumber>
                        <clos:sequenceNumber>3215</clos:sequenceNumber>
                        <!--0 to 99 repetitions:-->
                        <clos:cadastralInformation>
                           <clos:codeCadastralIncome>12</clos:codeCadastralIncome>
                           <clos:cadastralIncome>12</clos:cadastralIncome>
                           <clos:cadastralIncomePart>42</clos:cadastralIncomePart>
                           <clos:exemption>52</clos:exemption>
                           <clos:daysUnfruitful>5</clos:daysUnfruitful>
                        </clos:cadastralInformation>
                     </clos:parcel>
                     <!--1 to 999 repetitions:-->
                     <clos:owner>
                        <!--You have a CHOICE of the next 2 items at this level-->
                        <clos:person>
                           <!--You have a CHOICE of the next 3 items at this level-->
                           <clos:socialSecurityNumber>125</clos:socialSecurityNumber>
                           <clos:lastname>baptiste</clos:lastname>
                        </clos:person>
                        <clos:rights>Admin</clos:rights>
                        <clos:ownerType>LEGAL_PERSON</clos:ownerType>
                     </clos:owner>
                  </clos:newState>
               </clos:report>
               <!--0 to 99 repetitions:-->
               <clos:linkedDossier>
                  <clos:referenceInitialService>referenceInitialService</clos:referenceInitialService>
                  <clos:referenceFodFin>15</clos:referenceFodFin>
               </clos:linkedDossier>
               <!--0 to 99 repetitions:-->
               <clos:attachment>
                  <com:fileName>cirb</com:fileName>
                  <com:data>    1234   </com:data>
               </clos:attachment>
            </clos:closedDossier>
         </v1:request>
      </v1:closedDossierRequest>
   </soapenv:Body>
</soapenv:Envelope>]]></con:request><con:assertion type="SOAP Fault Assertion" id="6164a9b4-9c86-49b9-9cbd-3a5013910a89" name="Not SOAP Fault"/><con:assertion type="SOAP Response" id="ad60b565-366f-4d7f-8966-9eb6c684da6f" name="SOAP Response"/><con:assertion type="Schema Compliance" id="a5192625-c0f1-453a-a865-57d9b0d706f4" name="Schema Compliance"><con:configuration/></con:assertion><con:wsaConfig action="http://fidus.brussels/services/exportfromregondesservice/closedDossier"/></con:request></con:config></con:testStep><con:testStep type="request" id="e3c7e24f-6ca5-4529-9541-a3f4b219829c" name="testcase3 - Test - External - Request"><con:settings/><con:config xsi:type="con:RequestStep" xmlns:xsi="http://www.w3.org/2001/XMLSchema-instance"><con:interface>ExportFromRegondesServiceHTTPBinding</con:interface><con:operation>closedDossier</con:operation><con:request name="testcase3 - Test - External - Request" id="5ec04fc9-c5b0-4417-8b34-5ff2ea344915" outgoingWss="Outflow TEST"><con:settings/><con:encoding>UTF-8</con:encoding><con:endpoint>https://fidus-test.irisnetlab.be/services/ExportFromRegondesService_v1.0</con:endpoint><con:request><![CDATA[<soapenv:Envelope xmlns:soapenv="http://schemas.xmlsoap.org/soap/envelope/" xmlns:v1="http://fidus.brussels/service/exportfromregondesservice/messages/v1" xmlns:v11="http://fidus.brussels/type/common/messages/v1" xmlns:clos="http://www.minfin.fgov.be/regondes2/extern/taxservice/exports/closedDossiers" xmlns:com="http://www.minfin.fgov.be/regondes2/extern/taxservice/common">
   <soapenv:Header/>
   <soapenv:Body>
      <v1:closedDossierRequest>
         <v1:messageContext>
            <v11:messageId>${=import static java.util.UUID.randomUUID; uuid = randomUUID() as String}</v11:messageId>
            <v11:timestamp>${=new java.text.SimpleDateFormat("yyyy-MM-dd'T'HH:mm:ss.SSS").format(new Date())}</v11:timestamp>
         </v1:messageContext>
         <v1:legalContext>ServiceIntegrator</v1:legalContext>
         <v1:request>
            <clos:closedDossier> 
               <clos:referenceFodFin>11223344</clos:referenceFodFin>
               <clos:fiscalYear>2017</clos:fiscalYear>
               <clos:initialService>
                  <com:technicalReference>technicalReference</com:technicalReference>
                  <com:type>AAF</com:type>
                  <clos:reference>reference</clos:reference>
               </clos:initialService>
               <clos:patrimonyInformation>
                  <clos:typeDossier>AA</clos:typeDossier>
                  <clos:patrimonyFrom>${=new java.text.SimpleDateFormat("yyyy-MM-dd").format(new Date())}</clos:patrimonyFrom>
                  <clos:patrimonyRef>1</clos:patrimonyRef>
                  <clos:cadastralDivisionCode>YYY</clos:cadastralDivisionCode>
                  <clos:articleNumber>51</clos:articleNumber>
               </clos:patrimonyInformation>
               <clos:report>
                  <clos:type>S</clos:type>
                  <clos:subtype>subtype</clos:subtype>
                  <clos:kind>INITIAL</clos:kind>
                  <clos:cadastralIncome>
                     <com:codeCadastralIncome>a</com:codeCadastralIncome>
                     <com:definitiveCadastralIncome>12</com:definitiveCadastralIncome>
                     <com:dateDefinitive>${=new java.text.SimpleDateFormat("yyyy-MM-dd").format(new Date())}</com:dateDefinitive>
                     <com:reasonDefinitive>my reason</com:reasonDefinitive>
                  </clos:cadastralIncome>
                  <clos:date>${=new java.text.SimpleDateFormat("yyyy-MM-dd").format(new Date())}</clos:date>
                  <clos:motivation>No motivation</clos:motivation>
                  <!--0 to 99 repetitions:-->
                  <clos:newState>
                     <!--1 to 999 repetitions:-->
                     <clos:parcel>
                        <clos:parcelNumber>
                           <clos:section>55254</clos:section>
                           <clos:groundNumber>9555</clos:groundNumber>
                           <clos:bisNumber>2525</clos:bisNumber>
                           <clos:exponent>1414</clos:exponent>
                           <clos:power>me</clos:power>
                           <clos:part>4</clos:part>
                        </clos:parcelNumber>
                        <clos:situation>invalid</clos:situation>
                        <clos:kind>no</clos:kind>
                        <clos:details>test</clos:details>
                        <!--You have a CHOICE of the next 2 items at this level-->
                        <clos:articleNumber>1141</clos:articleNumber>
                        <clos:sequenceNumber>3215</clos:sequenceNumber>
                        <!--0 to 99 repetitions:-->
                        <clos:cadastralInformation>
                           <clos:codeCadastralIncome>12</clos:codeCadastralIncome>
                           <clos:cadastralIncome>12</clos:cadastralIncome>
                           <clos:cadastralIncomePart>42</clos:cadastralIncomePart>
                           <clos:exemption>52</clos:exemption>
                           <clos:daysUnfruitful>5</clos:daysUnfruitful>
                        </clos:cadastralInformation>
                     </clos:parcel>
                     <!--1 to 999 repetitions:-->
                     <clos:owner>
                        <!--You have a CHOICE of the next 2 items at this level-->
                        <clos:person>
                           <!--You have a CHOICE of the next 3 items at this level-->
                           <clos:socialSecurityNumber>125</clos:socialSecurityNumber>
                           <clos:lastname>baptiste</clos:lastname>
                        </clos:person>
                        <clos:rights>Admin</clos:rights>
                        <clos:ownerType>LEGAL_PERSON</clos:ownerType>
                     </clos:owner>
                  </clos:newState>
               </clos:report>
               <!--0 to 99 repetitions:-->
               <clos:linkedDossier>
                  <clos:referenceInitialService>referenceInitialService</clos:referenceInitialService>
                  <clos:referenceFodFin>15</clos:referenceFodFin>
               </clos:linkedDossier>
               <!--0 to 99 repetitions:-->
               <clos:attachment>
                  <com:fileName>cirb</com:fileName>
                  <com:data>    1234   </com:data>
               </clos:attachment>
            </clos:closedDossier>
         </v1:request>
      </v1:closedDossierRequest>
   </soapenv:Body>
</soapenv:Envelope>]]></con:request><con:assertion type="SOAP Fault Assertion" id="80e0e3ef-cd1f-4518-803f-c5c6a2b86bd6" name="Not SOAP Fault"/><con:assertion type="SOAP Response" id="b4687cb8-b61d-4313-80ff-27c8cd8c1586" name="SOAP Response"/><con:assertion type="Schema Compliance" id="801ec2b5-7b8f-4bcf-9f96-7a1fe74bc129" name="Schema Compliance"><con:configuration/></con:assertion><con:wsaConfig action="http://fidus.brussels/services/exportfromregondesservice/closedDossier"/></con:request></con:config></con:testStep><con:properties/></con:testCase><con:testCase id="7918bb7e-593a-481c-940d-0cc5ee5c2f78" failOnError="true" failTestCaseOnErrors="true" keepSession="false" maxResults="0" name="postponedDossier" searchProperties="true"><con:settings/><con:testStep type="request" id="7478f0df-caa1-498c-a6b0-524024dd5a7f" name="testcase3 - Test - LB - Request"><con:settings/><con:config xsi:type="con:RequestStep" xmlns:xsi="http://www.w3.org/2001/XMLSchema-instance"><con:interface>ExportFromRegondesServiceHTTPBinding</con:interface><con:operation>postponedDossier</con:operation><con:request name="testcase3 - Test - LB - Request" id="7b2fdcf9-b2d8-4400-9725-c2f005c7f9e6" outgoingWss="Outflow TEST"><con:settings/><con:encoding>UTF-8</con:encoding><con:endpoint>https://esb-security-gw.sta.srv.cirb.lan:8443/services/ExportFromRegondesService_v1.0</con:endpoint><con:request><![CDATA[<soapenv:Envelope xmlns:soapenv="http://schemas.xmlsoap.org/soap/envelope/" xmlns:v1="http://fidus.brussels/service/exportfromregondesservice/messages/v1" xmlns:v11="http://fidus.brussels/type/common/messages/v1" xmlns:pos="http://www.minfin.fgov.be/regondes2/extern/taxservice/exports/postponedDossiers" xmlns:com="http://www.minfin.fgov.be/regondes2/extern/taxservice/common">
   <soapenv:Header/>
   <soapenv:Body>
      <v1:postponedDossierRequest>
         <v1:messageContext>
            <v11:messageId>${=import static java.util.UUID.randomUUID; uuid = randomUUID() as String}</v11:messageId>
            <!--Optional:-->
            <v11:timestamp>${=new java.text.SimpleDateFormat("yyyy-MM-dd'T'HH:mm:ss.SSS").format(new Date())}</v11:timestamp>
         </v1:messageContext>
         <v1:legalContext>ServiceIntegrator</v1:legalContext>
         <v1:request>
            <pos:postponedDossier>
               <pos:referenceFodFin>11223344</pos:referenceFodFin>
               <pos:initialService>
                  <!--Optional:-->
                  <com:technicalReference>technicalReference</com:technicalReference>
                  <com:type>AAF</com:type>
                  <com:reference>reference</com:reference>
               </pos:initialService>
               <pos:postponement>
                  <pos:datePostponement>${=new java.text.SimpleDateFormat("yyyy-MM-dd").format(new Date())}</pos:datePostponement>
                  <pos:reasonPostponed>TEST</pos:reasonPostponed>
                  <pos:newTargetDate>${=new java.text.SimpleDateFormat("yyyy-MM-dd").format(new Date())}</pos:newTargetDate>
               </pos:postponement>
            </pos:postponedDossier>
         </v1:request>
      </v1:postponedDossierRequest>
   </soapenv:Body>
</soapenv:Envelope>]]></con:request><con:assertion type="SOAP Fault Assertion" id="5f7d9c57-114e-4914-bac4-3fb33f43e3cb" name="Not SOAP Fault"/><con:assertion type="SOAP Response" id="de9c5669-f87f-43ab-9fb4-f34b70a116c9" name="SOAP Response"/><con:assertion type="Schema Compliance" id="7b0d9561-b2d8-45e7-a792-b6173498d18d" name="Schema Compliance"><con:configuration/></con:assertion><con:wsaConfig action="http://fidus.brussels/services/exportfromregondesservice/postponedDossier"/></con:request></con:config></con:testStep><con:testStep type="request" id="1748245a-28a2-4275-b6df-c9a2517f72e6" name="testcase3 - Test - Worker1 - Request"><con:settings/><con:config xsi:type="con:RequestStep" xmlns:xsi="http://www.w3.org/2001/XMLSchema-instance"><con:interface>ExportFromRegondesServiceHTTPBinding</con:interface><con:operation>postponedDossier</con:operation><con:request name="testcase3 - Test - Worker1 - Request" id="41a6c4c4-0518-47a8-b7a2-635b112e7895" outgoingWss="Outflow TEST"><con:settings/><con:encoding>UTF-8</con:encoding><con:endpoint>https://192.168.24.45:8443/services/ExportFromRegondesService_v1.0</con:endpoint><con:request><![CDATA[<soapenv:Envelope xmlns:soapenv="http://schemas.xmlsoap.org/soap/envelope/" xmlns:v1="http://fidus.brussels/service/exportfromregondesservice/messages/v1" xmlns:v11="http://fidus.brussels/type/common/messages/v1" xmlns:pos="http://www.minfin.fgov.be/regondes2/extern/taxservice/exports/postponedDossiers" xmlns:com="http://www.minfin.fgov.be/regondes2/extern/taxservice/common">
   <soapenv:Header/>
   <soapenv:Body>
      <v1:postponedDossierRequest>
         <v1:messageContext>
            <v11:messageId>${=import static java.util.UUID.randomUUID; uuid = randomUUID() as String}</v11:messageId>
            <!--Optional:-->
            <v11:timestamp>${=new java.text.SimpleDateFormat("yyyy-MM-dd'T'HH:mm:ss.SSS").format(new Date())}</v11:timestamp>
         </v1:messageContext>
         <v1:legalContext>ServiceIntegrator</v1:legalContext>
         <v1:request>
            <pos:postponedDossier>
               <pos:referenceFodFin>11223344</pos:referenceFodFin>
               <pos:initialService>
                  <!--Optional:-->
                  <com:technicalReference>technicalReference</com:technicalReference>
                  <com:type>AAF</com:type>
                  <com:reference>reference</com:reference>
               </pos:initialService>
               <pos:postponement>
                  <pos:datePostponement>${=new java.text.SimpleDateFormat("yyyy-MM-dd").format(new Date())}</pos:datePostponement>
                  <pos:reasonPostponed>TEST</pos:reasonPostponed>
                  <pos:newTargetDate>${=new java.text.SimpleDateFormat("yyyy-MM-dd").format(new Date())}</pos:newTargetDate>
               </pos:postponement>
            </pos:postponedDossier>
         </v1:request>
      </v1:postponedDossierRequest>
   </soapenv:Body>
</soapenv:Envelope>]]></con:request><con:assertion type="SOAP Fault Assertion" id="179ff462-80bb-4c35-8775-079937129679" name="Not SOAP Fault"/><con:assertion type="SOAP Response" id="c19120f1-5ebd-4a44-8164-cc426b908996" name="SOAP Response"/><con:assertion type="Schema Compliance" id="b23c799d-80b3-4dbf-b833-48de40a27539" name="Schema Compliance"><con:configuration/></con:assertion><con:wsaConfig action="http://fidus.brussels/services/exportfromregondesservice/postponedDossier"/></con:request></con:config></con:testStep><con:testStep type="request" id="eb38e02f-3394-4e29-9d68-af94d933084b" name="testcase3 - Test - Worker2 - Request"><con:settings/><con:config xsi:type="con:RequestStep" xmlns:xsi="http://www.w3.org/2001/XMLSchema-instance"><con:interface>ExportFromRegondesServiceHTTPBinding</con:interface><con:operation>postponedDossier</con:operation><con:request name="testcase3 - Test - Worker2 - Request" id="b78520d6-3866-434b-9539-19e86ac558ff" outgoingWss="Outflow TEST"><con:settings/><con:encoding>UTF-8</con:encoding><con:endpoint>https://192.168.24.51:8443/services/ExportFromRegondesService_v1.0</con:endpoint><con:request><![CDATA[<soapenv:Envelope xmlns:soapenv="http://schemas.xmlsoap.org/soap/envelope/" xmlns:v1="http://fidus.brussels/service/exportfromregondesservice/messages/v1" xmlns:v11="http://fidus.brussels/type/common/messages/v1" xmlns:pos="http://www.minfin.fgov.be/regondes2/extern/taxservice/exports/postponedDossiers" xmlns:com="http://www.minfin.fgov.be/regondes2/extern/taxservice/common">
   <soapenv:Header/>
   <soapenv:Body>
      <v1:postponedDossierRequest>
         <v1:messageContext>
            <v11:messageId>${=import static java.util.UUID.randomUUID; uuid = randomUUID() as String}</v11:messageId>
            <!--Optional:-->
            <v11:timestamp>${=new java.text.SimpleDateFormat("yyyy-MM-dd'T'HH:mm:ss.SSS").format(new Date())}</v11:timestamp>
         </v1:messageContext>
         <v1:legalContext>ServiceIntegrator</v1:legalContext>
         <v1:request>
            <pos:postponedDossier>
               <pos:referenceFodFin>11223344</pos:referenceFodFin>
               <pos:initialService>
                  <!--Optional:-->
                  <com:technicalReference>technicalReference</com:technicalReference>
                  <com:type>AAF</com:type>
                  <com:reference>reference</com:reference>
               </pos:initialService>
               <pos:postponement>
                  <pos:datePostponement>${=new java.text.SimpleDateFormat("yyyy-MM-dd").format(new Date())}</pos:datePostponement>
                  <pos:reasonPostponed>TEST</pos:reasonPostponed>
                  <pos:newTargetDate>${=new java.text.SimpleDateFormat("yyyy-MM-dd").format(new Date())}</pos:newTargetDate>
               </pos:postponement>
            </pos:postponedDossier>
         </v1:request>
      </v1:postponedDossierRequest>
   </soapenv:Body>
</soapenv:Envelope>]]></con:request><con:assertion type="SOAP Fault Assertion" id="fccc0b0a-3ad5-4e12-a211-4439e317cb07" name="Not SOAP Fault"/><con:assertion type="SOAP Response" id="7a4b52ce-2ff1-40c5-bf28-e6c923ab58ef" name="SOAP Response"/><con:assertion type="Schema Compliance" id="d14ea297-4e6c-4c58-889e-b1431292f2a6" name="Schema Compliance"><con:configuration/></con:assertion><con:wsaConfig action="http://fidus.brussels/services/exportfromregondesservice/postponedDossier"/></con:request></con:config></con:testStep><con:testStep type="request" id="deb6ca60-2446-4226-9dcb-093f0f2e81e7" name="testcase3 - Test - External - Request"><con:settings/><con:config xsi:type="con:RequestStep" xmlns:xsi="http://www.w3.org/2001/XMLSchema-instance"><con:interface>ExportFromRegondesServiceHTTPBinding</con:interface><con:operation>postponedDossier</con:operation><con:request name="testcase3 - Test - External - Request" id="a83f9e13-de05-4a6a-8435-b4884813dd19" outgoingWss="Outflow TEST"><con:settings/><con:encoding>UTF-8</con:encoding><con:endpoint>https://fidus-test.irisnetlab.be/services/ExportFromRegondesService_v1.0</con:endpoint><con:request><![CDATA[<soapenv:Envelope xmlns:soapenv="http://schemas.xmlsoap.org/soap/envelope/" xmlns:v1="http://fidus.brussels/service/exportfromregondesservice/messages/v1" xmlns:v11="http://fidus.brussels/type/common/messages/v1" xmlns:pos="http://www.minfin.fgov.be/regondes2/extern/taxservice/exports/postponedDossiers" xmlns:com="http://www.minfin.fgov.be/regondes2/extern/taxservice/common">
   <soapenv:Header/>
   <soapenv:Body>
      <v1:postponedDossierRequest>
         <v1:messageContext>
            <v11:messageId>${=import static java.util.UUID.randomUUID; uuid = randomUUID() as String}</v11:messageId>
            <!--Optional:-->
            <v11:timestamp>${=new java.text.SimpleDateFormat("yyyy-MM-dd'T'HH:mm:ss.SSS").format(new Date())}</v11:timestamp>
         </v1:messageContext>
         <v1:legalContext>ServiceIntegrator</v1:legalContext>
         <v1:request>
            <pos:postponedDossier>
               <pos:referenceFodFin>11223344</pos:referenceFodFin>
               <pos:initialService>
                  <!--Optional:-->
                  <com:technicalReference>technicalReference</com:technicalReference>
                  <com:type>AAF</com:type>
                  <com:reference>reference</com:reference>
               </pos:initialService>
               <pos:postponement>
                  <pos:datePostponement>${=new java.text.SimpleDateFormat("yyyy-MM-dd").format(new Date())}</pos:datePostponement>
                  <pos:reasonPostponed>TEST</pos:reasonPostponed>
                  <pos:newTargetDate>${=new java.text.SimpleDateFormat("yyyy-MM-dd").format(new Date())}</pos:newTargetDate>
               </pos:postponement>
            </pos:postponedDossier>
         </v1:request>
      </v1:postponedDossierRequest>
   </soapenv:Body>
</soapenv:Envelope>]]></con:request><con:assertion type="SOAP Fault Assertion" id="3cbcfa3d-eea1-4bf9-bd23-33dffaaa8c10" name="Not SOAP Fault"/><con:assertion type="SOAP Response" id="56f75ffb-b56c-4eb6-9032-1d366208ca40" name="SOAP Response"/><con:assertion type="Schema Compliance" id="4fcb3541-195c-4803-b15a-4c5f885e6a75" name="Schema Compliance"><con:configuration/></con:assertion><con:wsaConfig action="http://fidus.brussels/services/exportfromregondesservice/postponedDossier"/></con:request></con:config></con:testStep><con:properties/></con:testCase><con:testCase id="42861ac6-8a8f-4c28-8f2d-353a75110964" failOnError="true" failTestCaseOnErrors="true" keepSession="false" maxResults="0" name="serviceChange" searchProperties="true"><con:settings/><con:testStep type="request" id="58fcb016-c92d-4d5f-b046-3f0448138d2f" name="testcase3 - Test - LB - Request"><con:settings/><con:config xsi:type="con:RequestStep" xmlns:xsi="http://www.w3.org/2001/XMLSchema-instance"><con:interface>ExportFromRegondesServiceHTTPBinding</con:interface><con:operation>serviceChange</con:operation><con:request name="testcase3 - Test - LB - Request" id="2a7624bd-02df-42cd-b86a-b15cb0232826" outgoingWss="Outflow TEST"><con:settings/><con:encoding>UTF-8</con:encoding><con:endpoint>https://esb-security-gw.sta.srv.cirb.lan:8443/services/ExportFromRegondesService_v1.0</con:endpoint><con:request><![CDATA[<soapenv:Envelope xmlns:soapenv="http://schemas.xmlsoap.org/soap/envelope/" xmlns:v1="http://fidus.brussels/service/exportfromregondesservice/messages/v1" xmlns:v11="http://fidus.brussels/type/common/messages/v1" xmlns:ser="http://www.minfin.fgov.be/regondes2/extern/taxservice/exports/serviceChanged" xmlns:com="http://www.minfin.fgov.be/regondes2/extern/taxservice/common">
   <soapenv:Header/>
   <soapenv:Body>
      <v1:serviceChangeRequest>
         <v1:messageContext>
            <v11:messageId>${=import static java.util.UUID.randomUUID; uuid = randomUUID() as String}</v11:messageId>
            <!--Optional:-->
            <v11:timestamp>${=new java.text.SimpleDateFormat("yyyy-MM-dd'T'HH:mm:ss.SSS").format(new Date())}</v11:timestamp>
         </v1:messageContext>
         <v1:legalContext>ServiceIntegrator</v1:legalContext>
         <v1:request>
            <ser:serviceChange>
               <ser:referenceFodFin>11223344</ser:referenceFodFin>
               <ser:initialService>
                  <!--Optional:-->
                  <com:technicalReference>1524</com:technicalReference>
                  <com:type>AAF</com:type>
                  <com:reference>reference</com:reference>
               </ser:initialService>
               <!--1 to 99 repetitions:-->
               <ser:transfer>
                  <ser:serviceName>CIRB</ser:serviceName>
                  <ser:dateIn>${=new java.text.SimpleDateFormat("yyyy-MM-dd").format(new Date())}</ser:dateIn>
                  <!--Optional:-->
                  <ser:dateOut>${=new java.text.SimpleDateFormat("yyyy-MM-dd").format(new Date())}</ser:dateOut>
                  <ser:official>
                     <ser:firstName>jean</ser:firstName>
                     <ser:lastName>baptist</ser:lastName>
                     <ser:phoneNumber>0452363621</ser:phoneNumber>
                     <ser:email>cisyapan@cirb.brussels</ser:email>
                  </ser:official>
               </ser:transfer>
            </ser:serviceChange>
         </v1:request>
      </v1:serviceChangeRequest>
   </soapenv:Body>
</soapenv:Envelope>]]></con:request><con:assertion type="SOAP Fault Assertion" id="237ad83b-6a04-486b-b101-5b2ce19e17b7" name="Not SOAP Fault"/><con:assertion type="SOAP Response" id="2f16a9c8-c443-4ccb-bade-ea54d30f99b5" name="SOAP Response"/><con:assertion type="Schema Compliance" id="b4f042d7-e54e-45fb-88d2-5ffe7970411a" name="Schema Compliance"><con:configuration/></con:assertion><con:wsaConfig action="http://fidus.brussels/services/exportfromregondesservice/serviceChange"/></con:request></con:config></con:testStep><con:testStep type="request" id="60010890-0153-4a2a-875c-a813404640b4" name="testcase3 - Test - Worker1 - Request"><con:settings/><con:config xsi:type="con:RequestStep" xmlns:xsi="http://www.w3.org/2001/XMLSchema-instance"><con:interface>ExportFromRegondesServiceHTTPBinding</con:interface><con:operation>serviceChange</con:operation><con:request name="testcase3 - Test - Worker1 - Request" id="98e6edac-10be-4e11-8a6b-05085633006b" outgoingWss="Outflow TEST"><con:settings/><con:encoding>UTF-8</con:encoding><con:endpoint>https://192.168.24.45:8443/services/ExportFromRegondesService_v1.0</con:endpoint><con:request><![CDATA[<soapenv:Envelope xmlns:soapenv="http://schemas.xmlsoap.org/soap/envelope/" xmlns:v1="http://fidus.brussels/service/exportfromregondesservice/messages/v1" xmlns:v11="http://fidus.brussels/type/common/messages/v1" xmlns:ser="http://www.minfin.fgov.be/regondes2/extern/taxservice/exports/serviceChanged" xmlns:com="http://www.minfin.fgov.be/regondes2/extern/taxservice/common">
   <soapenv:Header/>
   <soapenv:Body>
      <v1:serviceChangeRequest>
         <v1:messageContext>
            <v11:messageId>${=import static java.util.UUID.randomUUID; uuid = randomUUID() as String}</v11:messageId>
            <!--Optional:-->
            <v11:timestamp>${=new java.text.SimpleDateFormat("yyyy-MM-dd'T'HH:mm:ss.SSS").format(new Date())}</v11:timestamp>
         </v1:messageContext>
         <v1:legalContext>ServiceIntegrator</v1:legalContext>
         <v1:request>
            <ser:serviceChange>
               <ser:referenceFodFin>11223344</ser:referenceFodFin>
               <ser:initialService>
                  <!--Optional:-->
                  <com:technicalReference>1524</com:technicalReference>
                  <com:type>AAF</com:type>
                  <com:reference>reference</com:reference>
               </ser:initialService>
               <!--1 to 99 repetitions:-->
               <ser:transfer>
                  <ser:serviceName>CIRB</ser:serviceName>
                  <ser:dateIn>${=new java.text.SimpleDateFormat("yyyy-MM-dd").format(new Date())}</ser:dateIn>
                  <!--Optional:-->
                  <ser:dateOut>${=new java.text.SimpleDateFormat("yyyy-MM-dd").format(new Date())}</ser:dateOut>
                  <ser:official>
                     <ser:firstName>jean</ser:firstName>
                     <ser:lastName>baptist</ser:lastName>
                     <ser:phoneNumber>0452363621</ser:phoneNumber>
                     <ser:email>cisyapan@cirb.brussels</ser:email>
                  </ser:official>
               </ser:transfer>
            </ser:serviceChange>
         </v1:request>
      </v1:serviceChangeRequest>
   </soapenv:Body>
</soapenv:Envelope>]]></con:request><con:assertion type="SOAP Fault Assertion" id="cede2df8-e96a-46b2-8f16-e20bf7587999" name="Not SOAP Fault"/><con:assertion type="SOAP Response" id="a3223d08-d0f4-4e09-ba08-b748289c0372" name="SOAP Response"/><con:assertion type="Schema Compliance" id="0c372705-eded-4d95-9ff5-430866178517" name="Schema Compliance"><con:configuration/></con:assertion><con:wsaConfig action="http://fidus.brussels/services/exportfromregondesservice/serviceChange"/></con:request></con:config></con:testStep><con:testStep type="request" id="e780b964-c22a-44b2-ac60-60509cf3210a" name="testcase3 - Test - Worker2 - Request"><con:settings/><con:config xsi:type="con:RequestStep" xmlns:xsi="http://www.w3.org/2001/XMLSchema-instance"><con:interface>ExportFromRegondesServiceHTTPBinding</con:interface><con:operation>serviceChange</con:operation><con:request name="testcase3 - Test - Worker2 - Request" id="f48e204a-f450-42af-b94d-bc87f959a70d" outgoingWss="Outflow TEST"><con:settings/><con:encoding>UTF-8</con:encoding><con:endpoint>https://192.168.24.51:8443/services/ExportFromRegondesService_v1.0</con:endpoint><con:request><![CDATA[<soapenv:Envelope xmlns:soapenv="http://schemas.xmlsoap.org/soap/envelope/" xmlns:v1="http://fidus.brussels/service/exportfromregondesservice/messages/v1" xmlns:v11="http://fidus.brussels/type/common/messages/v1" xmlns:ser="http://www.minfin.fgov.be/regondes2/extern/taxservice/exports/serviceChanged" xmlns:com="http://www.minfin.fgov.be/regondes2/extern/taxservice/common">
   <soapenv:Header/>
   <soapenv:Body>
      <v1:serviceChangeRequest>
         <v1:messageContext>
            <v11:messageId>${=import static java.util.UUID.randomUUID; uuid = randomUUID() as String}</v11:messageId>
            <!--Optional:-->
            <v11:timestamp>${=new java.text.SimpleDateFormat("yyyy-MM-dd'T'HH:mm:ss.SSS").format(new Date())}</v11:timestamp>
         </v1:messageContext>
         <v1:legalContext>ServiceIntegrator</v1:legalContext>
         <v1:request>
            <ser:serviceChange>
               <ser:referenceFodFin>11223344</ser:referenceFodFin>
               <ser:initialService>
                  <!--Optional:-->
                  <com:technicalReference>1524</com:technicalReference>
                  <com:type>AAF</com:type>
                  <com:reference>reference</com:reference>
               </ser:initialService>
               <!--1 to 99 repetitions:-->
               <ser:transfer>
                  <ser:serviceName>CIRB</ser:serviceName>
                  <ser:dateIn>${=new java.text.SimpleDateFormat("yyyy-MM-dd").format(new Date())}</ser:dateIn>
                  <!--Optional:-->
                  <ser:dateOut>${=new java.text.SimpleDateFormat("yyyy-MM-dd").format(new Date())}</ser:dateOut>
                  <ser:official>
                     <ser:firstName>jean</ser:firstName>
                     <ser:lastName>baptist</ser:lastName>
                     <ser:phoneNumber>0452363621</ser:phoneNumber>
                     <ser:email>cisyapan@cirb.brussels</ser:email>
                  </ser:official>
               </ser:transfer>
            </ser:serviceChange>
         </v1:request>
      </v1:serviceChangeRequest>
   </soapenv:Body>
</soapenv:Envelope>]]></con:request><con:assertion type="SOAP Fault Assertion" id="a264ae5f-a908-4e1a-9878-495e0e8bdc44" name="Not SOAP Fault"/><con:assertion type="SOAP Response" id="9f51d0be-b5a1-4f98-9e1c-699cb5c4a9da" name="SOAP Response"/><con:assertion type="Schema Compliance" id="df7475ae-fde1-4a3e-9ed8-2e5c10aa3d29" name="Schema Compliance"><con:configuration/></con:assertion><con:wsaConfig action="http://fidus.brussels/services/exportfromregondesservice/serviceChange"/></con:request></con:config></con:testStep><con:testStep type="request" id="7b49190f-5f4a-4613-a9e4-e560f719c2d4" name="testcase3 - Test - External - Request"><con:settings/><con:config xsi:type="con:RequestStep" xmlns:xsi="http://www.w3.org/2001/XMLSchema-instance"><con:interface>ExportFromRegondesServiceHTTPBinding</con:interface><con:operation>serviceChange</con:operation><con:request name="testcase3 - Test - External - Request" id="9a3888fe-7b38-467a-aa5e-1dd7c99c3ccb" outgoingWss="Outflow TEST"><con:settings/><con:encoding>UTF-8</con:encoding><con:endpoint>https://fidus-test.irisnetlab.be/services/ExportFromRegondesService_v1.0</con:endpoint><con:request><![CDATA[<soapenv:Envelope xmlns:soapenv="http://schemas.xmlsoap.org/soap/envelope/" xmlns:v1="http://fidus.brussels/service/exportfromregondesservice/messages/v1" xmlns:v11="http://fidus.brussels/type/common/messages/v1" xmlns:ser="http://www.minfin.fgov.be/regondes2/extern/taxservice/exports/serviceChanged" xmlns:com="http://www.minfin.fgov.be/regondes2/extern/taxservice/common">
   <soapenv:Header/>
   <soapenv:Body>
      <v1:serviceChangeRequest>
         <v1:messageContext>
            <v11:messageId>${=import static java.util.UUID.randomUUID; uuid = randomUUID() as String}</v11:messageId>
            <!--Optional:-->
            <v11:timestamp>${=new java.text.SimpleDateFormat("yyyy-MM-dd'T'HH:mm:ss.SSS").format(new Date())}</v11:timestamp>
         </v1:messageContext>
         <v1:legalContext>ServiceIntegrator</v1:legalContext>
         <v1:request>
            <ser:serviceChange>
               <ser:referenceFodFin>11223344</ser:referenceFodFin>
               <ser:initialService>
                  <!--Optional:-->
                  <com:technicalReference>1524</com:technicalReference>
                  <com:type>AAF</com:type>
                  <com:reference>reference</com:reference>
               </ser:initialService>
               <!--1 to 99 repetitions:-->
               <ser:transfer>
                  <ser:serviceName>CIRB</ser:serviceName>
                  <ser:dateIn>${=new java.text.SimpleDateFormat("yyyy-MM-dd").format(new Date())}</ser:dateIn>
                  <!--Optional:-->
                  <ser:dateOut>${=new java.text.SimpleDateFormat("yyyy-MM-dd").format(new Date())}</ser:dateOut>
                  <ser:official>
                     <ser:firstName>jean</ser:firstName>
                     <ser:lastName>baptist</ser:lastName>
                     <ser:phoneNumber>0452363621</ser:phoneNumber>
                     <ser:email>cisyapan@cirb.brussels</ser:email>
                  </ser:official>
               </ser:transfer>
            </ser:serviceChange>
         </v1:request>
      </v1:serviceChangeRequest>
   </soapenv:Body>
</soapenv:Envelope>]]></con:request><con:assertion type="SOAP Fault Assertion" id="462a75e0-bbae-4237-88e1-144184b2a41c" name="Not SOAP Fault"/><con:assertion type="SOAP Response" id="2778134c-8b85-4354-ab61-f306d153117b" name="SOAP Response"/><con:assertion type="Schema Compliance" id="8db3c509-de2b-4891-8f0c-2d8bb286869d" name="Schema Compliance"><con:configuration/></con:assertion><con:wsaConfig action="http://fidus.brussels/services/exportfromregondesservice/serviceChange"/></con:request></con:config></con:testStep><con:properties/></con:testCase><con:properties/></con:testSuite><con:testSuite id="40a37d95-41af-4930-828d-4fd3bac4f773" name="STAG"><con:settings/><con:runType>SEQUENTIAL</con:runType><con:testCase id="e070dc47-038f-4926-9ebb-7bf0db1ed32d" failOnError="true" failTestCaseOnErrors="true" keepSession="false" maxResults="0" name="closedDossier" searchProperties="true"><con:settings/><con:testStep type="request" id="7e3fd713-ee83-42c7-a75c-a93800664642" name="testcase4 - Staging - LB - Request"><con:settings/><con:config xsi:type="con:RequestStep" xmlns:xsi="http://www.w3.org/2001/XMLSchema-instance"><con:interface>ExportFromRegondesServiceHTTPBinding</con:interface><con:operation>closedDossier</con:operation><con:request name="testcase4 - Staging - LB - Request" id="1c02534c-d9a7-4fe8-8131-4f4098d4b98b" outgoingWss="Outflow STAG"><con:settings/><con:encoding>UTF-8</con:encoding><con:endpoint>https://fidus-esb-sg.sta.srv.cirb.lan:8443/services/ExportFromRegondesService_v1.0</con:endpoint><con:request><![CDATA[<soapenv:Envelope xmlns:soapenv="http://schemas.xmlsoap.org/soap/envelope/" xmlns:v1="http://fidus.brussels/service/exportfromregondesservice/messages/v1" xmlns:v11="http://fidus.brussels/type/common/messages/v1" xmlns:clos="http://www.minfin.fgov.be/regondes2/extern/taxservice/exports/closedDossiers" xmlns:com="http://www.minfin.fgov.be/regondes2/extern/taxservice/common">
   <soapenv:Header/>
   <soapenv:Body>
      <v1:closedDossierRequest>
         <v1:messageContext>
            <v11:messageId>${=import static java.util.UUID.randomUUID; uuid = randomUUID() as String}</v11:messageId>
            <v11:timestamp>${=new java.text.SimpleDateFormat("yyyy-MM-dd'T'HH:mm:ss.SSS").format(new Date())}</v11:timestamp>
         </v1:messageContext>
         <v1:legalContext>ServiceIntegrator</v1:legalContext>
         <v1:request>
            <clos:closedDossier> 
               <clos:referenceFodFin>11223344</clos:referenceFodFin>
               <clos:fiscalYear>2017</clos:fiscalYear>
               <clos:initialService>
                  <com:technicalReference>technicalReference</com:technicalReference>
                  <com:type>AAF</com:type>
                  <clos:reference>reference</clos:reference>
               </clos:initialService>
               <clos:patrimonyInformation>
                  <clos:typeDossier>AA</clos:typeDossier>
                  <clos:patrimonyFrom>${=new java.text.SimpleDateFormat("yyyy-MM-dd").format(new Date())}</clos:patrimonyFrom>
                  <clos:patrimonyRef>1</clos:patrimonyRef>
                  <clos:cadastralDivisionCode>YYY</clos:cadastralDivisionCode>
                  <clos:articleNumber>51</clos:articleNumber>
               </clos:patrimonyInformation>
               <clos:report>
                  <clos:type>S</clos:type>
                  <clos:subtype>subtype</clos:subtype>
                  <clos:kind>INITIAL</clos:kind>
                  <clos:cadastralIncome>
                     <com:codeCadastralIncome>a</com:codeCadastralIncome>
                     <com:definitiveCadastralIncome>12</com:definitiveCadastralIncome>
                     <com:dateDefinitive>${=new java.text.SimpleDateFormat("yyyy-MM-dd").format(new Date())}</com:dateDefinitive>
                     <com:reasonDefinitive>my reason</com:reasonDefinitive>
                  </clos:cadastralIncome>
                  <clos:date>${=new java.text.SimpleDateFormat("yyyy-MM-dd").format(new Date())}</clos:date>
                  <clos:motivation>No motivation</clos:motivation>
                  <!--0 to 99 repetitions:-->
                  <clos:newState>
                     <!--1 to 999 repetitions:-->
                     <clos:parcel>
                        <clos:parcelNumber>
                           <clos:section>55254</clos:section>
                           <clos:groundNumber>9555</clos:groundNumber>
                           <clos:bisNumber>2525</clos:bisNumber>
                           <clos:exponent>1414</clos:exponent>
                           <clos:power>me</clos:power>
                           <clos:part>4</clos:part>
                        </clos:parcelNumber>
                        <clos:situation>invalid</clos:situation>
                        <clos:kind>no</clos:kind>
                        <clos:details>test</clos:details>
                        <!--You have a CHOICE of the next 2 items at this level-->
                        <clos:articleNumber>1141</clos:articleNumber>
                        <clos:sequenceNumber>3215</clos:sequenceNumber>
                        <!--0 to 99 repetitions:-->
                        <clos:cadastralInformation>
                           <clos:codeCadastralIncome>12</clos:codeCadastralIncome>
                           <clos:cadastralIncome>12</clos:cadastralIncome>
                           <clos:cadastralIncomePart>42</clos:cadastralIncomePart>
                           <clos:exemption>52</clos:exemption>
                           <clos:daysUnfruitful>5</clos:daysUnfruitful>
                        </clos:cadastralInformation>
                     </clos:parcel>
                     <!--1 to 999 repetitions:-->
                     <clos:owner>
                        <!--You have a CHOICE of the next 2 items at this level-->
                        <clos:person>
                           <!--You have a CHOICE of the next 3 items at this level-->
                           <clos:socialSecurityNumber>125</clos:socialSecurityNumber>
                           <clos:lastname>baptiste</clos:lastname>
                        </clos:person>
                        <clos:rights>Admin</clos:rights>
                        <clos:ownerType>LEGAL_PERSON</clos:ownerType>
                     </clos:owner>
                  </clos:newState>
               </clos:report>
               <!--0 to 99 repetitions:-->
               <clos:linkedDossier>
                  <clos:referenceInitialService>referenceInitialService</clos:referenceInitialService>
                  <clos:referenceFodFin>15</clos:referenceFodFin>
               </clos:linkedDossier>
               <!--0 to 99 repetitions:-->
               <clos:attachment>
                  <com:fileName>cirb</com:fileName>
                  <com:data>    1234   </com:data>
               </clos:attachment>
            </clos:closedDossier>
         </v1:request>
      </v1:closedDossierRequest>
   </soapenv:Body>
</soapenv:Envelope>]]></con:request><con:assertion type="SOAP Fault Assertion" id="5c9e8f5c-6b4f-4841-a82b-ced07f92325d" name="Not SOAP Fault"/><con:assertion type="SOAP Response" id="410d8390-25c7-469c-a270-8da17fa6b081" name="SOAP Response"/><con:assertion type="Schema Compliance" id="dfa75997-fd1d-464b-b556-44048e4f1847" name="Schema Compliance"><con:configuration/></con:assertion><con:wsaConfig action="http://fidus.brussels/services/exportfromregondesservice/closedDossier"/></con:request></con:config></con:testStep><con:testStep type="request" id="92d8e74d-54bf-4553-aed5-0e209977c54f" name="testcase4 - Staging - Worker1 - Request"><con:settings/><con:config xsi:type="con:RequestStep" xmlns:xsi="http://www.w3.org/2001/XMLSchema-instance"><con:interface>ExportFromRegondesServiceHTTPBinding</con:interface><con:operation>closedDossier</con:operation><con:request name="testcase4 - Staging - Worker1 - Request" id="82b09eb7-f2ae-4b24-b4b8-1c0b3886ffd6" outgoingWss="Outflow STAG"><con:settings/><con:encoding>UTF-8</con:encoding><con:endpoint>https://192.168.24.57:8443/services/ExportFromRegondesService_v1.0</con:endpoint><con:request><![CDATA[<soapenv:Envelope xmlns:soapenv="http://schemas.xmlsoap.org/soap/envelope/" xmlns:v1="http://fidus.brussels/service/exportfromregondesservice/messages/v1" xmlns:v11="http://fidus.brussels/type/common/messages/v1" xmlns:clos="http://www.minfin.fgov.be/regondes2/extern/taxservice/exports/closedDossiers" xmlns:com="http://www.minfin.fgov.be/regondes2/extern/taxservice/common">
   <soapenv:Header/>
   <soapenv:Body>
      <v1:closedDossierRequest>
         <v1:messageContext>
            <v11:messageId>${=import static java.util.UUID.randomUUID; uuid = randomUUID() as String}</v11:messageId>
            <v11:timestamp>${=new java.text.SimpleDateFormat("yyyy-MM-dd'T'HH:mm:ss.SSS").format(new Date())}</v11:timestamp>
         </v1:messageContext>
         <v1:legalContext>ServiceIntegrator</v1:legalContext>
         <v1:request>
            <clos:closedDossier> 
               <clos:referenceFodFin>11223344</clos:referenceFodFin>
               <clos:fiscalYear>2017</clos:fiscalYear>
               <clos:initialService>
                  <com:technicalReference>technicalReference</com:technicalReference>
                  <com:type>AAF</com:type>
                  <clos:reference>reference</clos:reference>
               </clos:initialService>
               <clos:patrimonyInformation>
                  <clos:typeDossier>AA</clos:typeDossier>
                  <clos:patrimonyFrom>${=new java.text.SimpleDateFormat("yyyy-MM-dd").format(new Date())}</clos:patrimonyFrom>
                  <clos:patrimonyRef>1</clos:patrimonyRef>
                  <clos:cadastralDivisionCode>YYY</clos:cadastralDivisionCode>
                  <clos:articleNumber>51</clos:articleNumber>
               </clos:patrimonyInformation>
               <clos:report>
                  <clos:type>S</clos:type>
                  <clos:subtype>subtype</clos:subtype>
                  <clos:kind>INITIAL</clos:kind>
                  <clos:cadastralIncome>
                     <com:codeCadastralIncome>a</com:codeCadastralIncome>
                     <com:definitiveCadastralIncome>12</com:definitiveCadastralIncome>
                     <com:dateDefinitive>${=new java.text.SimpleDateFormat("yyyy-MM-dd").format(new Date())}</com:dateDefinitive>
                     <com:reasonDefinitive>my reason</com:reasonDefinitive>
                  </clos:cadastralIncome>
                  <clos:date>${=new java.text.SimpleDateFormat("yyyy-MM-dd").format(new Date())}</clos:date>
                  <clos:motivation>No motivation</clos:motivation>
                  <!--0 to 99 repetitions:-->
                  <clos:newState>
                     <!--1 to 999 repetitions:-->
                     <clos:parcel>
                        <clos:parcelNumber>
                           <clos:section>55254</clos:section>
                           <clos:groundNumber>9555</clos:groundNumber>
                           <clos:bisNumber>2525</clos:bisNumber>
                           <clos:exponent>1414</clos:exponent>
                           <clos:power>me</clos:power>
                           <clos:part>4</clos:part>
                        </clos:parcelNumber>
                        <clos:situation>invalid</clos:situation>
                        <clos:kind>no</clos:kind>
                        <clos:details>test</clos:details>
                        <!--You have a CHOICE of the next 2 items at this level-->
                        <clos:articleNumber>1141</clos:articleNumber>
                        <clos:sequenceNumber>3215</clos:sequenceNumber>
                        <!--0 to 99 repetitions:-->
                        <clos:cadastralInformation>
                           <clos:codeCadastralIncome>12</clos:codeCadastralIncome>
                           <clos:cadastralIncome>12</clos:cadastralIncome>
                           <clos:cadastralIncomePart>42</clos:cadastralIncomePart>
                           <clos:exemption>52</clos:exemption>
                           <clos:daysUnfruitful>5</clos:daysUnfruitful>
                        </clos:cadastralInformation>
                     </clos:parcel>
                     <!--1 to 999 repetitions:-->
                     <clos:owner>
                        <!--You have a CHOICE of the next 2 items at this level-->
                        <clos:person>
                           <!--You have a CHOICE of the next 3 items at this level-->
                           <clos:socialSecurityNumber>125</clos:socialSecurityNumber>
                           <clos:lastname>baptiste</clos:lastname>
                        </clos:person>
                        <clos:rights>Admin</clos:rights>
                        <clos:ownerType>LEGAL_PERSON</clos:ownerType>
                     </clos:owner>
                  </clos:newState>
               </clos:report>
               <!--0 to 99 repetitions:-->
               <clos:linkedDossier>
                  <clos:referenceInitialService>referenceInitialService</clos:referenceInitialService>
                  <clos:referenceFodFin>15</clos:referenceFodFin>
               </clos:linkedDossier>
               <!--0 to 99 repetitions:-->
               <clos:attachment>
                  <com:fileName>cirb</com:fileName>
                  <com:data>    1234   </com:data>
               </clos:attachment>
            </clos:closedDossier>
         </v1:request>
      </v1:closedDossierRequest>
   </soapenv:Body>
</soapenv:Envelope>]]></con:request><con:assertion type="SOAP Fault Assertion" id="102b0b52-51c9-4b7b-a583-47bfd49d2912" name="Not SOAP Fault"/><con:assertion type="SOAP Response" id="5955ecc1-638a-40f5-b6ee-793b322be971" name="SOAP Response"/><con:assertion type="Schema Compliance" id="48208301-6151-480e-ad86-db4795ee0809" name="Schema Compliance"><con:configuration/></con:assertion><con:wsaConfig action="http://fidus.brussels/services/exportfromregondesservice/closedDossier"/></con:request></con:config></con:testStep><con:testStep type="request" id="f80fca93-2156-4ffe-82a8-a8199a326fda" name="testcase4 - Staging - Worker2 - Request"><con:settings/><con:config xsi:type="con:RequestStep" xmlns:xsi="http://www.w3.org/2001/XMLSchema-instance"><con:interface>ExportFromRegondesServiceHTTPBinding</con:interface><con:operation>closedDossier</con:operation><con:request name="testcase4 - Staging - Worker2 - Request" id="19e78c10-7545-4be6-816b-60ff3c1afb1d" outgoingWss="Outflow STAG"><con:settings/><con:encoding>UTF-8</con:encoding><con:endpoint>https://192.168.24.64:8443/services/ExportFromRegondesService_v1.0</con:endpoint><con:request><![CDATA[<soapenv:Envelope xmlns:soapenv="http://schemas.xmlsoap.org/soap/envelope/" xmlns:v1="http://fidus.brussels/service/exportfromregondesservice/messages/v1" xmlns:v11="http://fidus.brussels/type/common/messages/v1" xmlns:clos="http://www.minfin.fgov.be/regondes2/extern/taxservice/exports/closedDossiers" xmlns:com="http://www.minfin.fgov.be/regondes2/extern/taxservice/common">
   <soapenv:Header/>
   <soapenv:Body>
      <v1:closedDossierRequest>
         <v1:messageContext>
            <v11:messageId>${=import static java.util.UUID.randomUUID; uuid = randomUUID() as String}</v11:messageId>
            <v11:timestamp>${=new java.text.SimpleDateFormat("yyyy-MM-dd'T'HH:mm:ss.SSS").format(new Date())}</v11:timestamp>
         </v1:messageContext>
         <v1:legalContext>ServiceIntegrator</v1:legalContext>
         <v1:request>
            <clos:closedDossier> 
               <clos:referenceFodFin>11223344</clos:referenceFodFin>
               <clos:fiscalYear>2017</clos:fiscalYear>
               <clos:initialService>
                  <com:technicalReference>technicalReference</com:technicalReference>
                  <com:type>AAF</com:type>
                  <clos:reference>reference</clos:reference>
               </clos:initialService>
               <clos:patrimonyInformation>
                  <clos:typeDossier>AA</clos:typeDossier>
                  <clos:patrimonyFrom>${=new java.text.SimpleDateFormat("yyyy-MM-dd").format(new Date())}</clos:patrimonyFrom>
                  <clos:patrimonyRef>1</clos:patrimonyRef>
                  <clos:cadastralDivisionCode>YYY</clos:cadastralDivisionCode>
                  <clos:articleNumber>51</clos:articleNumber>
               </clos:patrimonyInformation>
               <clos:report>
                  <clos:type>S</clos:type>
                  <clos:subtype>subtype</clos:subtype>
                  <clos:kind>INITIAL</clos:kind>
                  <clos:cadastralIncome>
                     <com:codeCadastralIncome>a</com:codeCadastralIncome>
                     <com:definitiveCadastralIncome>12</com:definitiveCadastralIncome>
                     <com:dateDefinitive>${=new java.text.SimpleDateFormat("yyyy-MM-dd").format(new Date())}</com:dateDefinitive>
                     <com:reasonDefinitive>my reason</com:reasonDefinitive>
                  </clos:cadastralIncome>
                  <clos:date>${=new java.text.SimpleDateFormat("yyyy-MM-dd").format(new Date())}</clos:date>
                  <clos:motivation>No motivation</clos:motivation>
                  <!--0 to 99 repetitions:-->
                  <clos:newState>
                     <!--1 to 999 repetitions:-->
                     <clos:parcel>
                        <clos:parcelNumber>
                           <clos:section>55254</clos:section>
                           <clos:groundNumber>9555</clos:groundNumber>
                           <clos:bisNumber>2525</clos:bisNumber>
                           <clos:exponent>1414</clos:exponent>
                           <clos:power>me</clos:power>
                           <clos:part>4</clos:part>
                        </clos:parcelNumber>
                        <clos:situation>invalid</clos:situation>
                        <clos:kind>no</clos:kind>
                        <clos:details>test</clos:details>
                        <!--You have a CHOICE of the next 2 items at this level-->
                        <clos:articleNumber>1141</clos:articleNumber>
                        <clos:sequenceNumber>3215</clos:sequenceNumber>
                        <!--0 to 99 repetitions:-->
                        <clos:cadastralInformation>
                           <clos:codeCadastralIncome>12</clos:codeCadastralIncome>
                           <clos:cadastralIncome>12</clos:cadastralIncome>
                           <clos:cadastralIncomePart>42</clos:cadastralIncomePart>
                           <clos:exemption>52</clos:exemption>
                           <clos:daysUnfruitful>5</clos:daysUnfruitful>
                        </clos:cadastralInformation>
                     </clos:parcel>
                     <!--1 to 999 repetitions:-->
                     <clos:owner>
                        <!--You have a CHOICE of the next 2 items at this level-->
                        <clos:person>
                           <!--You have a CHOICE of the next 3 items at this level-->
                           <clos:socialSecurityNumber>125</clos:socialSecurityNumber>
                           <clos:lastname>baptiste</clos:lastname>
                        </clos:person>
                        <clos:rights>Admin</clos:rights>
                        <clos:ownerType>LEGAL_PERSON</clos:ownerType>
                     </clos:owner>
                  </clos:newState>
               </clos:report>
               <!--0 to 99 repetitions:-->
               <clos:linkedDossier>
                  <clos:referenceInitialService>referenceInitialService</clos:referenceInitialService>
                  <clos:referenceFodFin>15</clos:referenceFodFin>
               </clos:linkedDossier>
               <!--0 to 99 repetitions:-->
               <clos:attachment>
                  <com:fileName>cirb</com:fileName>
                  <com:data>    1234   </com:data>
               </clos:attachment>
            </clos:closedDossier>
         </v1:request>
      </v1:closedDossierRequest>
   </soapenv:Body>
</soapenv:Envelope>]]></con:request><con:assertion type="SOAP Fault Assertion" id="30f963bf-e64f-41fa-885d-c392fdf8737c" name="Not SOAP Fault"/><con:assertion type="SOAP Response" id="a34e8e1d-7c92-4844-be12-b86b48515a12" name="SOAP Response"/><con:assertion type="Schema Compliance" id="d9861bca-2255-4c71-a2eb-9e5ed85efa99" name="Schema Compliance"><con:configuration/></con:assertion><con:wsaConfig action="http://fidus.brussels/services/exportfromregondesservice/closedDossier"/></con:request></con:config></con:testStep><con:testStep type="request" id="95ad64b0-066e-46f9-8b23-ea60e5d774b2" name="testcase4 - Staging - External - Request"><con:settings/><con:config xsi:type="con:RequestStep" xmlns:xsi="http://www.w3.org/2001/XMLSchema-instance"><con:interface>ExportFromRegondesServiceHTTPBinding</con:interface><con:operation>closedDossier</con:operation><con:request name="testcase4 - Staging - External - Request" id="a079bea2-31da-4174-a7d9-0318a7651fdb" outgoingWss="Outflow STAG"><con:settings/><con:encoding>UTF-8</con:encoding><con:endpoint>https://fidus.irisnetlab.be/services/ExportFromRegondesService_v1.0</con:endpoint><con:request><![CDATA[<soapenv:Envelope xmlns:soapenv="http://schemas.xmlsoap.org/soap/envelope/" xmlns:v1="http://fidus.brussels/service/exportfromregondesservice/messages/v1" xmlns:v11="http://fidus.brussels/type/common/messages/v1" xmlns:clos="http://www.minfin.fgov.be/regondes2/extern/taxservice/exports/closedDossiers" xmlns:com="http://www.minfin.fgov.be/regondes2/extern/taxservice/common">
   <soapenv:Header/>
   <soapenv:Body>
      <v1:closedDossierRequest>
         <v1:messageContext>
            <v11:messageId>${=import static java.util.UUID.randomUUID; uuid = randomUUID() as String}</v11:messageId>
            <v11:timestamp>${=new java.text.SimpleDateFormat("yyyy-MM-dd'T'HH:mm:ss.SSS").format(new Date())}</v11:timestamp>
         </v1:messageContext>
         <v1:legalContext>ServiceIntegrator</v1:legalContext>
         <v1:request>
            <clos:closedDossier> 
               <clos:referenceFodFin>11223344</clos:referenceFodFin>
               <clos:fiscalYear>2017</clos:fiscalYear>
               <clos:initialService>
                  <com:technicalReference>technicalReference</com:technicalReference>
                  <com:type>AAF</com:type>
                  <clos:reference>reference</clos:reference>
               </clos:initialService>
               <clos:patrimonyInformation>
                  <clos:typeDossier>AA</clos:typeDossier>
                  <clos:patrimonyFrom>${=new java.text.SimpleDateFormat("yyyy-MM-dd").format(new Date())}</clos:patrimonyFrom>
                  <clos:patrimonyRef>1</clos:patrimonyRef>
                  <clos:cadastralDivisionCode>YYY</clos:cadastralDivisionCode>
                  <clos:articleNumber>51</clos:articleNumber>
               </clos:patrimonyInformation>
               <clos:report>
                  <clos:type>S</clos:type>
                  <clos:subtype>subtype</clos:subtype>
                  <clos:kind>INITIAL</clos:kind>
                  <clos:cadastralIncome>
                     <com:codeCadastralIncome>a</com:codeCadastralIncome>
                     <com:definitiveCadastralIncome>12</com:definitiveCadastralIncome>
                     <com:dateDefinitive>${=new java.text.SimpleDateFormat("yyyy-MM-dd").format(new Date())}</com:dateDefinitive>
                     <com:reasonDefinitive>my reason</com:reasonDefinitive>
                  </clos:cadastralIncome>
                  <clos:date>${=new java.text.SimpleDateFormat("yyyy-MM-dd").format(new Date())}</clos:date>
                  <clos:motivation>No motivation</clos:motivation>
                  <!--0 to 99 repetitions:-->
                  <clos:newState>
                     <!--1 to 999 repetitions:-->
                     <clos:parcel>
                        <clos:parcelNumber>
                           <clos:section>55254</clos:section>
                           <clos:groundNumber>9555</clos:groundNumber>
                           <clos:bisNumber>2525</clos:bisNumber>
                           <clos:exponent>1414</clos:exponent>
                           <clos:power>me</clos:power>
                           <clos:part>4</clos:part>
                        </clos:parcelNumber>
                        <clos:situation>invalid</clos:situation>
                        <clos:kind>no</clos:kind>
                        <clos:details>test</clos:details>
                        <!--You have a CHOICE of the next 2 items at this level-->
                        <clos:articleNumber>1141</clos:articleNumber>
                        <clos:sequenceNumber>3215</clos:sequenceNumber>
                        <!--0 to 99 repetitions:-->
                        <clos:cadastralInformation>
                           <clos:codeCadastralIncome>12</clos:codeCadastralIncome>
                           <clos:cadastralIncome>12</clos:cadastralIncome>
                           <clos:cadastralIncomePart>42</clos:cadastralIncomePart>
                           <clos:exemption>52</clos:exemption>
                           <clos:daysUnfruitful>5</clos:daysUnfruitful>
                        </clos:cadastralInformation>
                     </clos:parcel>
                     <!--1 to 999 repetitions:-->
                     <clos:owner>
                        <!--You have a CHOICE of the next 2 items at this level-->
                        <clos:person>
                           <!--You have a CHOICE of the next 3 items at this level-->
                           <clos:socialSecurityNumber>125</clos:socialSecurityNumber>
                           <clos:lastname>baptiste</clos:lastname>
                        </clos:person>
                        <clos:rights>Admin</clos:rights>
                        <clos:ownerType>LEGAL_PERSON</clos:ownerType>
                     </clos:owner>
                  </clos:newState>
               </clos:report>
               <!--0 to 99 repetitions:-->
               <clos:linkedDossier>
                  <clos:referenceInitialService>referenceInitialService</clos:referenceInitialService>
                  <clos:referenceFodFin>15</clos:referenceFodFin>
               </clos:linkedDossier>
               <!--0 to 99 repetitions:-->
               <clos:attachment>
                  <com:fileName>cirb</com:fileName>
                  <com:data>    1234   </com:data>
               </clos:attachment>
            </clos:closedDossier>
         </v1:request>
      </v1:closedDossierRequest>
   </soapenv:Body>
</soapenv:Envelope>]]></con:request><con:assertion type="SOAP Fault Assertion" id="ad6fd802-1944-4af8-a4a6-7b866099d2f8" name="Not SOAP Fault"/><con:assertion type="SOAP Response" id="2aa9f667-fb6d-4b47-8224-23795afa3452" name="SOAP Response"/><con:assertion type="Schema Compliance" id="83a3c98d-b03d-4051-b9ff-d15780638796" name="Schema Compliance"><con:configuration/></con:assertion><con:wsaConfig action="http://fidus.brussels/services/exportfromregondesservice/closedDossier"/></con:request></con:config></con:testStep><con:properties/></con:testCase><con:testCase id="fe953329-cfe7-4a84-8fd9-521413121781" failOnError="true" failTestCaseOnErrors="true" keepSession="false" maxResults="0" name="postponedDossier" searchProperties="true"><con:settings/><con:testStep type="request" id="49c643ac-661d-478e-a231-e6461b9beafd" name="testcase4 - Staging - LB - Request"><con:settings/><con:config xsi:type="con:RequestStep" xmlns:xsi="http://www.w3.org/2001/XMLSchema-instance"><con:interface>ExportFromRegondesServiceHTTPBinding</con:interface><con:operation>postponedDossier</con:operation><con:request name="testcase4 - Staging - LB - Request" id="063870c7-e43a-4699-8fff-47d560f53164" outgoingWss="Outflow STAG"><con:settings/><con:encoding>UTF-8</con:encoding><con:endpoint>https://fidus-esb-sg.sta.srv.cirb.lan:8443/services/ExportFromRegondesService_v1.0</con:endpoint><con:request><![CDATA[<soapenv:Envelope xmlns:soapenv="http://schemas.xmlsoap.org/soap/envelope/" xmlns:v1="http://fidus.brussels/service/exportfromregondesservice/messages/v1" xmlns:v11="http://fidus.brussels/type/common/messages/v1" xmlns:pos="http://www.minfin.fgov.be/regondes2/extern/taxservice/exports/postponedDossiers" xmlns:com="http://www.minfin.fgov.be/regondes2/extern/taxservice/common">
   <soapenv:Header/>
   <soapenv:Body>
      <v1:postponedDossierRequest>
         <v1:messageContext>
            <v11:messageId>${=import static java.util.UUID.randomUUID; uuid = randomUUID() as String}</v11:messageId>
            <!--Optional:-->
            <v11:timestamp>${=new java.text.SimpleDateFormat("yyyy-MM-dd'T'HH:mm:ss.SSS").format(new Date())}</v11:timestamp>
         </v1:messageContext>
         <v1:legalContext>ServiceIntegrator</v1:legalContext>
         <v1:request>
            <pos:postponedDossier>
               <pos:referenceFodFin>11223344</pos:referenceFodFin>
               <pos:initialService>
                  <!--Optional:-->
                  <com:technicalReference>technicalReference</com:technicalReference>
                  <com:type>AAF</com:type>
                  <com:reference>reference</com:reference>
               </pos:initialService>
               <pos:postponement>
                  <pos:datePostponement>${=new java.text.SimpleDateFormat("yyyy-MM-dd").format(new Date())}</pos:datePostponement>
                  <pos:reasonPostponed>TEST</pos:reasonPostponed>
                  <pos:newTargetDate>${=new java.text.SimpleDateFormat("yyyy-MM-dd").format(new Date())}</pos:newTargetDate>
               </pos:postponement>
            </pos:postponedDossier>
         </v1:request>
      </v1:postponedDossierRequest>
   </soapenv:Body>
</soapenv:Envelope>]]></con:request><con:assertion type="SOAP Fault Assertion" id="0a65f379-cacf-4809-a112-5e080a9473c7" name="Not SOAP Fault"/><con:assertion type="SOAP Response" id="de149d08-db04-4279-b390-f2705652ef07" name="SOAP Response"/><con:assertion type="Schema Compliance" id="28a6a850-7e76-4200-8c5a-4f42c58fb633" name="Schema Compliance"><con:configuration/></con:assertion><con:wsaConfig action="http://fidus.brussels/services/exportfromregondesservice/postponedDossier"/></con:request></con:config></con:testStep><con:testStep type="request" id="5d793c01-7c2c-484d-b427-6583b867a271" name="testcase4 - Staging - Worker1 - Request"><con:settings/><con:config xsi:type="con:RequestStep" xmlns:xsi="http://www.w3.org/2001/XMLSchema-instance"><con:interface>ExportFromRegondesServiceHTTPBinding</con:interface><con:operation>postponedDossier</con:operation><con:request name="testcase4 - Staging - Worker1 - Request" id="349b5d7b-4cd8-4495-ab39-ce3a3cab80bd" outgoingWss="Outflow STAG"><con:settings/><con:encoding>UTF-8</con:encoding><con:endpoint>https://192.168.24.57:8443/services/ExportFromRegondesService_v1.0</con:endpoint><con:request><![CDATA[<soapenv:Envelope xmlns:soapenv="http://schemas.xmlsoap.org/soap/envelope/" xmlns:v1="http://fidus.brussels/service/exportfromregondesservice/messages/v1" xmlns:v11="http://fidus.brussels/type/common/messages/v1" xmlns:pos="http://www.minfin.fgov.be/regondes2/extern/taxservice/exports/postponedDossiers" xmlns:com="http://www.minfin.fgov.be/regondes2/extern/taxservice/common">
   <soapenv:Header/>
   <soapenv:Body>
      <v1:postponedDossierRequest>
         <v1:messageContext>
            <v11:messageId>${=import static java.util.UUID.randomUUID; uuid = randomUUID() as String}</v11:messageId>
            <!--Optional:-->
            <v11:timestamp>${=new java.text.SimpleDateFormat("yyyy-MM-dd'T'HH:mm:ss.SSS").format(new Date())}</v11:timestamp>
         </v1:messageContext>
         <v1:legalContext>ServiceIntegrator</v1:legalContext>
         <v1:request>
            <pos:postponedDossier>
               <pos:referenceFodFin>11223344</pos:referenceFodFin>
               <pos:initialService>
                  <!--Optional:-->
                  <com:technicalReference>technicalReference</com:technicalReference>
                  <com:type>AAF</com:type>
                  <com:reference>reference</com:reference>
               </pos:initialService>
               <pos:postponement>
                  <pos:datePostponement>${=new java.text.SimpleDateFormat("yyyy-MM-dd").format(new Date())}</pos:datePostponement>
                  <pos:reasonPostponed>TEST</pos:reasonPostponed>
                  <pos:newTargetDate>${=new java.text.SimpleDateFormat("yyyy-MM-dd").format(new Date())}</pos:newTargetDate>
               </pos:postponement>
            </pos:postponedDossier>
         </v1:request>
      </v1:postponedDossierRequest>
   </soapenv:Body>
</soapenv:Envelope>]]></con:request><con:assertion type="SOAP Fault Assertion" id="c40dcb59-96a0-4914-8c4d-96486282131d" name="Not SOAP Fault"/><con:assertion type="SOAP Response" id="85f3863c-66da-4c8d-9042-4732e0f080f3" name="SOAP Response"/><con:assertion type="Schema Compliance" id="f4dd6019-c7da-464e-a4b4-2ec63d4a94d2" name="Schema Compliance"><con:configuration/></con:assertion><con:wsaConfig action="http://fidus.brussels/services/exportfromregondesservice/postponedDossier"/></con:request></con:config></con:testStep><con:testStep type="request" id="e42c2c45-c43a-45ae-924e-7cdc81cbfac6" name="testcase4 - Staging - worker2 - Request"><con:settings/><con:config xsi:type="con:RequestStep" xmlns:xsi="http://www.w3.org/2001/XMLSchema-instance"><con:interface>ExportFromRegondesServiceHTTPBinding</con:interface><con:operation>postponedDossier</con:operation><con:request name="testcase4 - Staging - worker2 - Request" id="a78aaa0b-6d41-4b2a-b54d-8667b365d231" outgoingWss="Outflow STAG"><con:settings/><con:encoding>UTF-8</con:encoding><con:endpoint>https://192.168.24.17:8443/services/ExportFromRegondesService_v1.0</con:endpoint><con:request><![CDATA[<soapenv:Envelope xmlns:soapenv="http://schemas.xmlsoap.org/soap/envelope/" xmlns:v1="http://fidus.brussels/service/exportfromregondesservice/messages/v1" xmlns:v11="http://fidus.brussels/type/common/messages/v1" xmlns:pos="http://www.minfin.fgov.be/regondes2/extern/taxservice/exports/postponedDossiers" xmlns:com="http://www.minfin.fgov.be/regondes2/extern/taxservice/common">
   <soapenv:Header/>
   <soapenv:Body>
      <v1:postponedDossierRequest>
         <v1:messageContext>
            <v11:messageId>${=import static java.util.UUID.randomUUID; uuid = randomUUID() as String}</v11:messageId>
            <!--Optional:-->
            <v11:timestamp>${=new java.text.SimpleDateFormat("yyyy-MM-dd'T'HH:mm:ss.SSS").format(new Date())}</v11:timestamp>
         </v1:messageContext>
         <v1:legalContext>ServiceIntegrator</v1:legalContext>
         <v1:request>
            <pos:postponedDossier>
               <pos:referenceFodFin>11223344</pos:referenceFodFin>
               <pos:initialService>
                  <!--Optional:-->
                  <com:technicalReference>technicalReference</com:technicalReference>
                  <com:type>AAF</com:type>
                  <com:reference>reference</com:reference>
               </pos:initialService>
               <pos:postponement>
                  <pos:datePostponement>${=new java.text.SimpleDateFormat("yyyy-MM-dd").format(new Date())}</pos:datePostponement>
                  <pos:reasonPostponed>TEST</pos:reasonPostponed>
                  <pos:newTargetDate>${=new java.text.SimpleDateFormat("yyyy-MM-dd").format(new Date())}</pos:newTargetDate>
               </pos:postponement>
            </pos:postponedDossier>
         </v1:request>
      </v1:postponedDossierRequest>
   </soapenv:Body>
</soapenv:Envelope>]]></con:request><con:assertion type="SOAP Fault Assertion" id="f5ab4850-c306-4236-a0a2-39231bc3a5fe" name="Not SOAP Fault"/><con:assertion type="SOAP Response" id="3599ec91-5777-49cc-82e0-026a5d99ccfd" name="SOAP Response"/><con:assertion type="Schema Compliance" id="7f4ba242-9798-4c0c-b89d-52988b4cd95f" name="Schema Compliance"><con:configuration/></con:assertion><con:wsaConfig action="http://fidus.brussels/services/exportfromregondesservice/postponedDossier"/></con:request></con:config></con:testStep><con:testStep type="request" id="b13d79bb-1752-4c3a-8c22-bc24f72edd33" name="testcase4 - Staging - External - Request"><con:settings/><con:config xsi:type="con:RequestStep" xmlns:xsi="http://www.w3.org/2001/XMLSchema-instance"><con:interface>ExportFromRegondesServiceHTTPBinding</con:interface><con:operation>postponedDossier</con:operation><con:request name="testcase4 - Staging - External - Request" id="07404ca6-ccba-47e9-adbd-a322cfcfc0a6" outgoingWss="Outflow STAG"><con:settings/><con:encoding>UTF-8</con:encoding><con:endpoint>https://fidus.irisnetlab.be/services/ExportFromRegondesService_v1.0</con:endpoint><con:request><![CDATA[<soapenv:Envelope xmlns:soapenv="http://schemas.xmlsoap.org/soap/envelope/" xmlns:v1="http://fidus.brussels/service/exportfromregondesservice/messages/v1" xmlns:v11="http://fidus.brussels/type/common/messages/v1" xmlns:pos="http://www.minfin.fgov.be/regondes2/extern/taxservice/exports/postponedDossiers" xmlns:com="http://www.minfin.fgov.be/regondes2/extern/taxservice/common">
   <soapenv:Header/>
   <soapenv:Body>
      <v1:postponedDossierRequest>
         <v1:messageContext>
            <v11:messageId>${=import static java.util.UUID.randomUUID; uuid = randomUUID() as String}</v11:messageId>
            <!--Optional:-->
            <v11:timestamp>${=new java.text.SimpleDateFormat("yyyy-MM-dd'T'HH:mm:ss.SSS").format(new Date())}</v11:timestamp>
         </v1:messageContext>
         <v1:legalContext>ServiceIntegrator</v1:legalContext>
         <v1:request>
            <pos:postponedDossier>
               <pos:referenceFodFin>11223344</pos:referenceFodFin>
               <pos:initialService>
                  <!--Optional:-->
                  <com:technicalReference>technicalReference</com:technicalReference>
                  <com:type>AAF</com:type>
                  <com:reference>reference</com:reference>
               </pos:initialService>
               <pos:postponement>
                  <pos:datePostponement>${=new java.text.SimpleDateFormat("yyyy-MM-dd").format(new Date())}</pos:datePostponement>
                  <pos:reasonPostponed>TEST</pos:reasonPostponed>
                  <pos:newTargetDate>${=new java.text.SimpleDateFormat("yyyy-MM-dd").format(new Date())}</pos:newTargetDate>
               </pos:postponement>
            </pos:postponedDossier>
         </v1:request>
      </v1:postponedDossierRequest>
   </soapenv:Body>
</soapenv:Envelope>]]></con:request><con:assertion type="SOAP Fault Assertion" id="bdd7e798-59da-4874-b948-4e6cabb72177" name="Not SOAP Fault"/><con:assertion type="SOAP Response" id="09b3d6db-af95-4ff0-98a5-515b43ed3d81" name="SOAP Response"/><con:assertion type="Schema Compliance" id="da92a04b-5467-4538-bc70-a3f3c5ae9275" name="Schema Compliance"><con:configuration/></con:assertion><con:wsaConfig action="http://fidus.brussels/services/exportfromregondesservice/postponedDossier"/></con:request></con:config></con:testStep><con:properties/></con:testCase><con:testCase id="96d4aa22-8869-4bca-b200-d2a59affa631" failOnError="true" failTestCaseOnErrors="true" keepSession="false" maxResults="0" name="serviceChange" searchProperties="true"><con:settings/><con:testStep type="request" id="22feeae4-a1b4-4b72-8040-2c3fedd8dfa4" name="testcase4 - Staging - LB - Request"><con:settings/><con:config xsi:type="con:RequestStep" xmlns:xsi="http://www.w3.org/2001/XMLSchema-instance"><con:interface>ExportFromRegondesServiceHTTPBinding</con:interface><con:operation>serviceChange</con:operation><con:request name="testcase4 - Staging - LB - Request" id="43b4ce38-781d-4fd7-8018-4641406c751b" outgoingWss="Outflow STAG"><con:settings/><con:encoding>UTF-8</con:encoding><con:endpoint>https://fidus-esb-sg.sta.srv.cirb.lan:8443/services/ExportFromRegondesService_v1.0</con:endpoint><con:request><![CDATA[<soapenv:Envelope xmlns:soapenv="http://schemas.xmlsoap.org/soap/envelope/" xmlns:v1="http://fidus.brussels/service/exportfromregondesservice/messages/v1" xmlns:v11="http://fidus.brussels/type/common/messages/v1" xmlns:ser="http://www.minfin.fgov.be/regondes2/extern/taxservice/exports/serviceChanged" xmlns:com="http://www.minfin.fgov.be/regondes2/extern/taxservice/common">
   <soapenv:Header/>
   <soapenv:Body>
      <v1:serviceChangeRequest>
         <v1:messageContext>
            <v11:messageId>${=import static java.util.UUID.randomUUID; uuid = randomUUID() as String}</v11:messageId>
            <!--Optional:-->
            <v11:timestamp>${=new java.text.SimpleDateFormat("yyyy-MM-dd'T'HH:mm:ss.SSS").format(new Date())}</v11:timestamp>
         </v1:messageContext>
         <v1:legalContext>ServiceIntegrator</v1:legalContext>
         <v1:request>
            <ser:serviceChange>
               <ser:referenceFodFin>11223344</ser:referenceFodFin>
               <ser:initialService>
                  <!--Optional:-->
                  <com:technicalReference>1524</com:technicalReference>
                  <com:type>AAF</com:type>
                  <com:reference>reference</com:reference>
               </ser:initialService>
               <!--1 to 99 repetitions:-->
               <ser:transfer>
                  <ser:serviceName>CIRB</ser:serviceName>
                  <ser:dateIn>${=new java.text.SimpleDateFormat("yyyy-MM-dd").format(new Date())}</ser:dateIn>
                  <!--Optional:-->
                  <ser:dateOut>${=new java.text.SimpleDateFormat("yyyy-MM-dd").format(new Date())}</ser:dateOut>
                  <ser:official>
                     <ser:firstName>jean</ser:firstName>
                     <ser:lastName>baptist</ser:lastName>
                     <ser:phoneNumber>0452363621</ser:phoneNumber>
                     <ser:email>cisyapan@cirb.brussels</ser:email>
                  </ser:official>
               </ser:transfer>
            </ser:serviceChange>
         </v1:request>
      </v1:serviceChangeRequest>
   </soapenv:Body>
</soapenv:Envelope>]]></con:request><con:assertion type="SOAP Fault Assertion" id="32aceadf-2636-420c-a3bf-fd90eb6f1526" name="Not SOAP Fault"/><con:assertion type="SOAP Response" id="6dbdb3af-f7ae-4e22-b119-abfcb9404279" name="SOAP Response"/><con:assertion type="Schema Compliance" id="65323b66-14e0-438c-8764-02663004263b" name="Schema Compliance"><con:configuration/></con:assertion><con:wsaConfig action="http://fidus.brussels/services/exportfromregondesservice/serviceChange"/></con:request></con:config></con:testStep><con:testStep type="request" id="07128309-304c-430f-9c17-3c4a2ee5e370" name="testcase4 - Staging - Worker1 - Request"><con:settings/><con:config xsi:type="con:RequestStep" xmlns:xsi="http://www.w3.org/2001/XMLSchema-instance"><con:interface>ExportFromRegondesServiceHTTPBinding</con:interface><con:operation>serviceChange</con:operation><con:request name="testcase4 - Staging - Worker1 - Request" id="7cb3b03c-0642-45de-a196-c56c8840865d" outgoingWss="Outflow STAG"><con:settings/><con:encoding>UTF-8</con:encoding><con:endpoint>https://192.168.24.57:8443/services/ExportFromRegondesService_v1.0</con:endpoint><con:request><![CDATA[<soapenv:Envelope xmlns:soapenv="http://schemas.xmlsoap.org/soap/envelope/" xmlns:v1="http://fidus.brussels/service/exportfromregondesservice/messages/v1" xmlns:v11="http://fidus.brussels/type/common/messages/v1" xmlns:ser="http://www.minfin.fgov.be/regondes2/extern/taxservice/exports/serviceChanged" xmlns:com="http://www.minfin.fgov.be/regondes2/extern/taxservice/common">
   <soapenv:Header/>
   <soapenv:Body>
      <v1:serviceChangeRequest>
         <v1:messageContext>
            <v11:messageId>${=import static java.util.UUID.randomUUID; uuid = randomUUID() as String}</v11:messageId>
            <!--Optional:-->
            <v11:timestamp>${=new java.text.SimpleDateFormat("yyyy-MM-dd'T'HH:mm:ss.SSS").format(new Date())}</v11:timestamp>
         </v1:messageContext>
         <v1:legalContext>ServiceIntegrator</v1:legalContext>
         <v1:request>
            <ser:serviceChange>
               <ser:referenceFodFin>11223344</ser:referenceFodFin>
               <ser:initialService>
                  <!--Optional:-->
                  <com:technicalReference>1524</com:technicalReference>
                  <com:type>AAF</com:type>
                  <com:reference>reference</com:reference>
               </ser:initialService>
               <!--1 to 99 repetitions:-->
               <ser:transfer>
                  <ser:serviceName>CIRB</ser:serviceName>
                  <ser:dateIn>${=new java.text.SimpleDateFormat("yyyy-MM-dd").format(new Date())}</ser:dateIn>
                  <!--Optional:-->
                  <ser:dateOut>${=new java.text.SimpleDateFormat("yyyy-MM-dd").format(new Date())}</ser:dateOut>
                  <ser:official>
                     <ser:firstName>jean</ser:firstName>
                     <ser:lastName>baptist</ser:lastName>
                     <ser:phoneNumber>0452363621</ser:phoneNumber>
                     <ser:email>cisyapan@cirb.brussels</ser:email>
                  </ser:official>
               </ser:transfer>
            </ser:serviceChange>
         </v1:request>
      </v1:serviceChangeRequest>
   </soapenv:Body>
</soapenv:Envelope>]]></con:request><con:assertion type="SOAP Fault Assertion" id="50287f6a-293c-4e12-9c51-806bd01516d9" name="Not SOAP Fault"/><con:assertion type="SOAP Response" id="38c37e3e-378a-4294-860c-3fe5c14f4971" name="SOAP Response"/><con:assertion type="Schema Compliance" id="c95e0411-b7d5-4036-b195-9e0ac38bfe1b" name="Schema Compliance"><con:configuration/></con:assertion><con:wsaConfig action="http://fidus.brussels/services/exportfromregondesservice/serviceChange"/></con:request></con:config></con:testStep><con:testStep type="request" id="620439da-17d9-4735-ac5c-30e055a01b3e" name="testcase4 - Staging - Worker2 - Request"><con:settings/><con:config xsi:type="con:RequestStep" xmlns:xsi="http://www.w3.org/2001/XMLSchema-instance"><con:interface>ExportFromRegondesServiceHTTPBinding</con:interface><con:operation>serviceChange</con:operation><con:request name="testcase4 - Staging - Worker2 - Request" id="1234a4a2-606a-4496-8b25-d0cebd5147a0" outgoingWss="Outflow STAG"><con:settings/><con:encoding>UTF-8</con:encoding><con:endpoint>https://192.168.24.64:8443/services/ExportFromRegondesService_v1.0</con:endpoint><con:request><![CDATA[<soapenv:Envelope xmlns:soapenv="http://schemas.xmlsoap.org/soap/envelope/" xmlns:v1="http://fidus.brussels/service/exportfromregondesservice/messages/v1" xmlns:v11="http://fidus.brussels/type/common/messages/v1" xmlns:ser="http://www.minfin.fgov.be/regondes2/extern/taxservice/exports/serviceChanged" xmlns:com="http://www.minfin.fgov.be/regondes2/extern/taxservice/common">
   <soapenv:Header/>
   <soapenv:Body>
      <v1:serviceChangeRequest>
         <v1:messageContext>
            <v11:messageId>${=import static java.util.UUID.randomUUID; uuid = randomUUID() as String}</v11:messageId>
            <!--Optional:-->
            <v11:timestamp>${=new java.text.SimpleDateFormat("yyyy-MM-dd'T'HH:mm:ss.SSS").format(new Date())}</v11:timestamp>
         </v1:messageContext>
         <v1:legalContext>ServiceIntegrator</v1:legalContext>
         <v1:request>
            <ser:serviceChange>
               <ser:referenceFodFin>11223344</ser:referenceFodFin>
               <ser:initialService>
                  <!--Optional:-->
                  <com:technicalReference>1524</com:technicalReference>
                  <com:type>AAF</com:type>
                  <com:reference>reference</com:reference>
               </ser:initialService>
               <!--1 to 99 repetitions:-->
               <ser:transfer>
                  <ser:serviceName>CIRB</ser:serviceName>
                  <ser:dateIn>${=new java.text.SimpleDateFormat("yyyy-MM-dd").format(new Date())}</ser:dateIn>
                  <!--Optional:-->
                  <ser:dateOut>${=new java.text.SimpleDateFormat("yyyy-MM-dd").format(new Date())}</ser:dateOut>
                  <ser:official>
                     <ser:firstName>jean</ser:firstName>
                     <ser:lastName>baptist</ser:lastName>
                     <ser:phoneNumber>0452363621</ser:phoneNumber>
                     <ser:email>cisyapan@cirb.brussels</ser:email>
                  </ser:official>
               </ser:transfer>
            </ser:serviceChange>
         </v1:request>
      </v1:serviceChangeRequest>
   </soapenv:Body>
</soapenv:Envelope>]]></con:request><con:assertion type="SOAP Fault Assertion" id="1c42877a-59b4-4fcb-b835-27fe33ad804d" name="Not SOAP Fault"/><con:assertion type="SOAP Response" id="dd31eb9d-2cac-4763-ba5a-8670962ec8f2" name="SOAP Response"/><con:assertion type="Schema Compliance" id="c9996a27-83d7-4ec3-8cf7-7786117a8b1e" name="Schema Compliance"><con:configuration/></con:assertion><con:wsaConfig action="http://fidus.brussels/services/exportfromregondesservice/serviceChange"/></con:request></con:config></con:testStep><con:testStep type="request" id="a4355b06-1c28-460a-a1a2-3f9dff633f3a" name="testcase4 - Staging - External - Request"><con:settings/><con:config xsi:type="con:RequestStep" xmlns:xsi="http://www.w3.org/2001/XMLSchema-instance"><con:interface>ExportFromRegondesServiceHTTPBinding</con:interface><con:operation>serviceChange</con:operation><con:request name="testcase4 - Staging - External - Request" id="ffaa1676-6c46-47e2-a148-eed27c4795eb" outgoingWss="Outflow STAG"><con:settings/><con:encoding>UTF-8</con:encoding><con:endpoint>https://fidus.irisnetlab.be/services/ExportFromRegondesService_v1.0</con:endpoint><con:request><![CDATA[<soapenv:Envelope xmlns:soapenv="http://schemas.xmlsoap.org/soap/envelope/" xmlns:v1="http://fidus.brussels/service/exportfromregondesservice/messages/v1" xmlns:v11="http://fidus.brussels/type/common/messages/v1" xmlns:ser="http://www.minfin.fgov.be/regondes2/extern/taxservice/exports/serviceChanged" xmlns:com="http://www.minfin.fgov.be/regondes2/extern/taxservice/common">
   <soapenv:Header/>
   <soapenv:Body>
      <v1:serviceChangeRequest>
         <v1:messageContext>
            <v11:messageId>${=import static java.util.UUID.randomUUID; uuid = randomUUID() as String}</v11:messageId>
            <!--Optional:-->
            <v11:timestamp>${=new java.text.SimpleDateFormat("yyyy-MM-dd'T'HH:mm:ss.SSS").format(new Date())}</v11:timestamp>
         </v1:messageContext>
         <v1:legalContext>ServiceIntegrator</v1:legalContext>
         <v1:request>
            <ser:serviceChange>
               <ser:referenceFodFin>11223344</ser:referenceFodFin>
               <ser:initialService>
                  <!--Optional:-->
                  <com:technicalReference>1524</com:technicalReference>
                  <com:type>AAF</com:type>
                  <com:reference>reference</com:reference>
               </ser:initialService>
               <!--1 to 99 repetitions:-->
               <ser:transfer>
                  <ser:serviceName>CIRB</ser:serviceName>
                  <ser:dateIn>${=new java.text.SimpleDateFormat("yyyy-MM-dd").format(new Date())}</ser:dateIn>
                  <!--Optional:-->
                  <ser:dateOut>${=new java.text.SimpleDateFormat("yyyy-MM-dd").format(new Date())}</ser:dateOut>
                  <ser:official>
                     <ser:firstName>jean</ser:firstName>
                     <ser:lastName>baptist</ser:lastName>
                     <ser:phoneNumber>0452363621</ser:phoneNumber>
                     <ser:email>cisyapan@cirb.brussels</ser:email>
                  </ser:official>
               </ser:transfer>
            </ser:serviceChange>
         </v1:request>
      </v1:serviceChangeRequest>
   </soapenv:Body>
</soapenv:Envelope>]]></con:request><con:assertion type="SOAP Fault Assertion" id="f2d91991-e502-4d41-84ad-6b192620179a" name="Not SOAP Fault"/><con:assertion type="SOAP Response" id="a9d33877-49f6-4ae0-8680-ad18d7243b89" name="SOAP Response"/><con:assertion type="Schema Compliance" id="52c30afa-5e04-40e0-b334-de5c90aa67ba" name="Schema Compliance"><con:configuration/></con:assertion><con:wsaConfig action="http://fidus.brussels/services/exportfromregondesservice/serviceChange"/></con:request></con:config></con:testStep><con:properties/></con:testCase><con:properties/></con:testSuite><con:testSuite id="dbae0724-1be3-4c99-b41e-8946e44dfac5" name="PROD"><con:settings/><con:runType>SEQUENTIAL</con:runType><con:testCase id="0ab653da-462f-40c7-9a85-aac0bdf4ea58" failOnError="true" failTestCaseOnErrors="true" keepSession="false" maxResults="0" name="closedDossier" searchProperties="true"><con:settings/><con:testStep type="request" id="6935fd1f-a1d8-4179-ab80-94f1dc0b94a0" name="testcase5 - Prod - LB - Request"><con:settings/><con:config xsi:type="con:RequestStep" xmlns:xsi="http://www.w3.org/2001/XMLSchema-instance"><con:interface>ExportFromRegondesServiceHTTPBinding</con:interface><con:operation>closedDossier</con:operation><con:request name="testcase5 - Prod - LB - Request" id="229fff24-7371-41be-9555-095546df7f72" outgoingWss="Outflow PROD"><con:settings/><con:encoding>UTF-8</con:encoding><con:endpoint>https://fidus-esb-sg.prd.srv.cirb.lan:8443/services/ExportFromRegondesService_v1.0</con:endpoint><con:request><![CDATA[<soapenv:Envelope xmlns:soapenv="http://schemas.xmlsoap.org/soap/envelope/" xmlns:v1="http://fidus.brussels/service/exportfromregondesservice/messages/v1" xmlns:v11="http://fidus.brussels/type/common/messages/v1" xmlns:clos="http://www.minfin.fgov.be/regondes2/extern/taxservice/exports/closedDossiers" xmlns:com="http://www.minfin.fgov.be/regondes2/extern/taxservice/common">
   <soapenv:Header/>
   <soapenv:Body>
      <v1:closedDossierRequest>
         <v1:messageContext>
            <v11:messageId>${=import static java.util.UUID.randomUUID; uuid = randomUUID() as String}</v11:messageId>
            <v11:timestamp>${=new java.text.SimpleDateFormat("yyyy-MM-dd'T'HH:mm:ss.SSS").format(new Date())}</v11:timestamp>
         </v1:messageContext>
         <v1:legalContext>ServiceIntegrator</v1:legalContext>
         <v1:request>
            <clos:closedDossier> 
               <clos:referenceFodFin>11223344</clos:referenceFodFin>
               <clos:fiscalYear>2017</clos:fiscalYear>
               <clos:initialService>
                  <com:technicalReference>technicalReference</com:technicalReference>
                  <com:type>AAF</com:type>
                  <clos:reference>reference</clos:reference>
               </clos:initialService>
               <clos:patrimonyInformation>
                  <clos:typeDossier>AA</clos:typeDossier>
                  <clos:patrimonyFrom>${=new java.text.SimpleDateFormat("yyyy-MM-dd").format(new Date())}</clos:patrimonyFrom>
                  <clos:patrimonyRef>1</clos:patrimonyRef>
                  <clos:cadastralDivisionCode>YYY</clos:cadastralDivisionCode>
                  <clos:articleNumber>51</clos:articleNumber>
               </clos:patrimonyInformation>
               <clos:report>
                  <clos:type>S</clos:type>
                  <clos:subtype>subtype</clos:subtype>
                  <clos:kind>INITIAL</clos:kind>
                  <clos:cadastralIncome>
                     <com:codeCadastralIncome>a</com:codeCadastralIncome>
                     <com:definitiveCadastralIncome>12</com:definitiveCadastralIncome>
                     <com:dateDefinitive>${=new java.text.SimpleDateFormat("yyyy-MM-dd").format(new Date())}</com:dateDefinitive>
                     <com:reasonDefinitive>my reason</com:reasonDefinitive>
                  </clos:cadastralIncome>
                  <clos:date>${=new java.text.SimpleDateFormat("yyyy-MM-dd").format(new Date())}</clos:date>
                  <clos:motivation>No motivation</clos:motivation>
                  <!--0 to 99 repetitions:-->
                  <clos:newState>
                     <!--1 to 999 repetitions:-->
                     <clos:parcel>
                        <clos:parcelNumber>
                           <clos:section>55254</clos:section>
                           <clos:groundNumber>9555</clos:groundNumber>
                           <clos:bisNumber>2525</clos:bisNumber>
                           <clos:exponent>1414</clos:exponent>
                           <clos:power>me</clos:power>
                           <clos:part>4</clos:part>
                        </clos:parcelNumber>
                        <clos:situation>invalid</clos:situation>
                        <clos:kind>no</clos:kind>
                        <clos:details>test</clos:details>
                        <!--You have a CHOICE of the next 2 items at this level-->
                        <clos:articleNumber>1141</clos:articleNumber>
                        <clos:sequenceNumber>3215</clos:sequenceNumber>
                        <!--0 to 99 repetitions:-->
                        <clos:cadastralInformation>
                           <clos:codeCadastralIncome>12</clos:codeCadastralIncome>
                           <clos:cadastralIncome>12</clos:cadastralIncome>
                           <clos:cadastralIncomePart>42</clos:cadastralIncomePart>
                           <clos:exemption>52</clos:exemption>
                           <clos:daysUnfruitful>5</clos:daysUnfruitful>
                        </clos:cadastralInformation>
                     </clos:parcel>
                     <!--1 to 999 repetitions:-->
                     <clos:owner>
                        <!--You have a CHOICE of the next 2 items at this level-->
                        <clos:person>
                           <!--You have a CHOICE of the next 3 items at this level-->
                           <clos:socialSecurityNumber>125</clos:socialSecurityNumber>
                           <clos:lastname>baptiste</clos:lastname>
                        </clos:person>
                        <clos:rights>Admin</clos:rights>
                        <clos:ownerType>LEGAL_PERSON</clos:ownerType>
                     </clos:owner>
                  </clos:newState>
               </clos:report>
               <!--0 to 99 repetitions:-->
               <clos:linkedDossier>
                  <clos:referenceInitialService>referenceInitialService</clos:referenceInitialService>
                  <clos:referenceFodFin>15</clos:referenceFodFin>
               </clos:linkedDossier>
               <!--0 to 99 repetitions:-->
               <clos:attachment>
                  <com:fileName>cirb</com:fileName>
                  <com:data>    1234   </com:data>
               </clos:attachment>
            </clos:closedDossier>
         </v1:request>
      </v1:closedDossierRequest>
   </soapenv:Body>
</soapenv:Envelope>]]></con:request><con:assertion type="SOAP Fault Assertion" id="c8c824db-559f-491b-a0eb-b3b64a1ab492" name="Not SOAP Fault"/><con:assertion type="SOAP Response" id="082c5ebb-8b42-4bda-adda-aef53d37e935" name="SOAP Response"/><con:assertion type="Schema Compliance" id="2e85a1e5-1969-497d-aba8-6ee8431e187e" name="Schema Compliance"><con:configuration/></con:assertion><con:wsaConfig action="http://fidus.brussels/services/exportfromregondesservice/closedDossier"/></con:request></con:config></con:testStep><con:testStep type="request" id="ddc99c95-7ce4-4eee-811a-4dd8a4af95ef" name="testcase5 - Prod - Worker1 - Request"><con:settings/><con:config xsi:type="con:RequestStep" xmlns:xsi="http://www.w3.org/2001/XMLSchema-instance"><con:interface>ExportFromRegondesServiceHTTPBinding</con:interface><con:operation>closedDossier</con:operation><con:request name="testcase5 - Prod - Worker1 - Request" id="e7a3b86c-2b54-41d2-b639-33352c82f025" outgoingWss="Outflow PROD"><con:settings/><con:encoding>UTF-8</con:encoding><con:endpoint>https://192.168.26.22:8443/services/ExportFromRegondesService_v1.0</con:endpoint><con:request><![CDATA[<soapenv:Envelope xmlns:soapenv="http://schemas.xmlsoap.org/soap/envelope/" xmlns:v1="http://fidus.brussels/service/exportfromregondesservice/messages/v1" xmlns:v11="http://fidus.brussels/type/common/messages/v1" xmlns:clos="http://www.minfin.fgov.be/regondes2/extern/taxservice/exports/closedDossiers" xmlns:com="http://www.minfin.fgov.be/regondes2/extern/taxservice/common">
   <soapenv:Header/>
   <soapenv:Body>
      <v1:closedDossierRequest>
         <v1:messageContext>
            <v11:messageId>${=import static java.util.UUID.randomUUID; uuid = randomUUID() as String}</v11:messageId>
            <v11:timestamp>${=new java.text.SimpleDateFormat("yyyy-MM-dd'T'HH:mm:ss.SSS").format(new Date())}</v11:timestamp>
         </v1:messageContext>
         <v1:legalContext>ServiceIntegrator</v1:legalContext>
         <v1:request>
            <clos:closedDossier> 
               <clos:referenceFodFin>11223344</clos:referenceFodFin>
               <clos:fiscalYear>2017</clos:fiscalYear>
               <clos:initialService>
                  <com:technicalReference>technicalReference</com:technicalReference>
                  <com:type>AAF</com:type>
                  <clos:reference>reference</clos:reference>
               </clos:initialService>
               <clos:patrimonyInformation>
                  <clos:typeDossier>AA</clos:typeDossier>
                  <clos:patrimonyFrom>${=new java.text.SimpleDateFormat("yyyy-MM-dd").format(new Date())}</clos:patrimonyFrom>
                  <clos:patrimonyRef>1</clos:patrimonyRef>
                  <clos:cadastralDivisionCode>YYY</clos:cadastralDivisionCode>
                  <clos:articleNumber>51</clos:articleNumber>
               </clos:patrimonyInformation>
               <clos:report>
                  <clos:type>S</clos:type>
                  <clos:subtype>subtype</clos:subtype>
                  <clos:kind>INITIAL</clos:kind>
                  <clos:cadastralIncome>
                     <com:codeCadastralIncome>a</com:codeCadastralIncome>
                     <com:definitiveCadastralIncome>12</com:definitiveCadastralIncome>
                     <com:dateDefinitive>${=new java.text.SimpleDateFormat("yyyy-MM-dd").format(new Date())}</com:dateDefinitive>
                     <com:reasonDefinitive>my reason</com:reasonDefinitive>
                  </clos:cadastralIncome>
                  <clos:date>${=new java.text.SimpleDateFormat("yyyy-MM-dd").format(new Date())}</clos:date>
                  <clos:motivation>No motivation</clos:motivation>
                  <!--0 to 99 repetitions:-->
                  <clos:newState>
                     <!--1 to 999 repetitions:-->
                     <clos:parcel>
                        <clos:parcelNumber>
                           <clos:section>55254</clos:section>
                           <clos:groundNumber>9555</clos:groundNumber>
                           <clos:bisNumber>2525</clos:bisNumber>
                           <clos:exponent>1414</clos:exponent>
                           <clos:power>me</clos:power>
                           <clos:part>4</clos:part>
                        </clos:parcelNumber>
                        <clos:situation>invalid</clos:situation>
                        <clos:kind>no</clos:kind>
                        <clos:details>test</clos:details>
                        <!--You have a CHOICE of the next 2 items at this level-->
                        <clos:articleNumber>1141</clos:articleNumber>
                        <clos:sequenceNumber>3215</clos:sequenceNumber>
                        <!--0 to 99 repetitions:-->
                        <clos:cadastralInformation>
                           <clos:codeCadastralIncome>12</clos:codeCadastralIncome>
                           <clos:cadastralIncome>12</clos:cadastralIncome>
                           <clos:cadastralIncomePart>42</clos:cadastralIncomePart>
                           <clos:exemption>52</clos:exemption>
                           <clos:daysUnfruitful>5</clos:daysUnfruitful>
                        </clos:cadastralInformation>
                     </clos:parcel>
                     <!--1 to 999 repetitions:-->
                     <clos:owner>
                        <!--You have a CHOICE of the next 2 items at this level-->
                        <clos:person>
                           <!--You have a CHOICE of the next 3 items at this level-->
                           <clos:socialSecurityNumber>125</clos:socialSecurityNumber>
                           <clos:lastname>baptiste</clos:lastname>
                        </clos:person>
                        <clos:rights>Admin</clos:rights>
                        <clos:ownerType>LEGAL_PERSON</clos:ownerType>
                     </clos:owner>
                  </clos:newState>
               </clos:report>
               <!--0 to 99 repetitions:-->
               <clos:linkedDossier>
                  <clos:referenceInitialService>referenceInitialService</clos:referenceInitialService>
                  <clos:referenceFodFin>15</clos:referenceFodFin>
               </clos:linkedDossier>
               <!--0 to 99 repetitions:-->
               <clos:attachment>
                  <com:fileName>cirb</com:fileName>
                  <com:data>    1234   </com:data>
               </clos:attachment>
            </clos:closedDossier>
         </v1:request>
      </v1:closedDossierRequest>
   </soapenv:Body>
</soapenv:Envelope>]]></con:request><con:assertion type="SOAP Fault Assertion" id="1198a227-ee0c-4e78-bd4f-ca2938442bb7" name="Not SOAP Fault"/><con:assertion type="SOAP Response" id="5d3ab7e8-c334-4a0a-83bc-fdc80c0a5461" name="SOAP Response"/><con:assertion type="Schema Compliance" id="b9ae407d-fd1d-47a4-9ccb-cd0657c1abef" name="Schema Compliance"><con:configuration/></con:assertion><con:wsaConfig action="http://fidus.brussels/services/exportfromregondesservice/closedDossier"/></con:request></con:config></con:testStep><con:testStep type="request" id="0c5eebec-dc19-428f-8671-661578b73e11" name="testcase5 - Prod - External - Request"><con:settings/><con:config xsi:type="con:RequestStep" xmlns:xsi="http://www.w3.org/2001/XMLSchema-instance"><con:interface>ExportFromRegondesServiceHTTPBinding</con:interface><con:operation>closedDossier</con:operation><con:request name="testcase5 - Prod - External - Request" id="040f0c5c-5a14-40da-8019-493b8b98e071" outgoingWss="Outflow PROD"><con:settings/><con:encoding>UTF-8</con:encoding><con:endpoint>https://fidus.sec.brussels/services/ExportFromRegondesservice_v1.0</con:endpoint><con:request><![CDATA[<soapenv:Envelope xmlns:soapenv="http://schemas.xmlsoap.org/soap/envelope/" xmlns:v1="http://fidus.brussels/service/exportfromregondesservice/messages/v1" xmlns:v11="http://fidus.brussels/type/common/messages/v1" xmlns:clos="http://www.minfin.fgov.be/regondes2/extern/taxservice/exports/closedDossiers" xmlns:com="http://www.minfin.fgov.be/regondes2/extern/taxservice/common">
   <soapenv:Header/>
   <soapenv:Body>
      <v1:closedDossierRequest>
         <v1:messageContext>
            <v11:messageId>${=import static java.util.UUID.randomUUID; uuid = randomUUID() as String}</v11:messageId>
            <v11:timestamp>${=new java.text.SimpleDateFormat("yyyy-MM-dd'T'HH:mm:ss.SSS").format(new Date())}</v11:timestamp>
         </v1:messageContext>
         <v1:legalContext>ServiceIntegrator</v1:legalContext>
         <v1:request>
            <clos:closedDossier> 
               <clos:referenceFodFin>11223344</clos:referenceFodFin>
               <clos:fiscalYear>2017</clos:fiscalYear>
               <clos:initialService>
                  <com:technicalReference>technicalReference</com:technicalReference>
                  <com:type>AAF</com:type>
                  <clos:reference>reference</clos:reference>
               </clos:initialService>
               <clos:patrimonyInformation>
                  <clos:typeDossier>AA</clos:typeDossier>
                  <clos:patrimonyFrom>${=new java.text.SimpleDateFormat("yyyy-MM-dd").format(new Date())}</clos:patrimonyFrom>
                  <clos:patrimonyRef>1</clos:patrimonyRef>
                  <clos:cadastralDivisionCode>YYY</clos:cadastralDivisionCode>
                  <clos:articleNumber>51</clos:articleNumber>
               </clos:patrimonyInformation>
               <clos:report>
                  <clos:type>S</clos:type>
                  <clos:subtype>subtype</clos:subtype>
                  <clos:kind>INITIAL</clos:kind>
                  <clos:cadastralIncome>
                     <com:codeCadastralIncome>a</com:codeCadastralIncome>
                     <com:definitiveCadastralIncome>12</com:definitiveCadastralIncome>
                     <com:dateDefinitive>${=new java.text.SimpleDateFormat("yyyy-MM-dd").format(new Date())}</com:dateDefinitive>
                     <com:reasonDefinitive>my reason</com:reasonDefinitive>
                  </clos:cadastralIncome>
                  <clos:date>${=new java.text.SimpleDateFormat("yyyy-MM-dd").format(new Date())}</clos:date>
                  <clos:motivation>No motivation</clos:motivation>
                  <!--0 to 99 repetitions:-->
                  <clos:newState>
                     <!--1 to 999 repetitions:-->
                     <clos:parcel>
                        <clos:parcelNumber>
                           <clos:section>55254</clos:section>
                           <clos:groundNumber>9555</clos:groundNumber>
                           <clos:bisNumber>2525</clos:bisNumber>
                           <clos:exponent>1414</clos:exponent>
                           <clos:power>me</clos:power>
                           <clos:part>4</clos:part>
                        </clos:parcelNumber>
                        <clos:situation>invalid</clos:situation>
                        <clos:kind>no</clos:kind>
                        <clos:details>test</clos:details>
                        <!--You have a CHOICE of the next 2 items at this level-->
                        <clos:articleNumber>1141</clos:articleNumber>
                        <clos:sequenceNumber>3215</clos:sequenceNumber>
                        <!--0 to 99 repetitions:-->
                        <clos:cadastralInformation>
                           <clos:codeCadastralIncome>12</clos:codeCadastralIncome>
                           <clos:cadastralIncome>12</clos:cadastralIncome>
                           <clos:cadastralIncomePart>42</clos:cadastralIncomePart>
                           <clos:exemption>52</clos:exemption>
                           <clos:daysUnfruitful>5</clos:daysUnfruitful>
                        </clos:cadastralInformation>
                     </clos:parcel>
                     <!--1 to 999 repetitions:-->
                     <clos:owner>
                        <!--You have a CHOICE of the next 2 items at this level-->
                        <clos:person>
                           <!--You have a CHOICE of the next 3 items at this level-->
                           <clos:socialSecurityNumber>125</clos:socialSecurityNumber>
                           <clos:lastname>baptiste</clos:lastname>
                        </clos:person>
                        <clos:rights>Admin</clos:rights>
                        <clos:ownerType>LEGAL_PERSON</clos:ownerType>
                     </clos:owner>
                  </clos:newState>
               </clos:report>
               <!--0 to 99 repetitions:-->
               <clos:linkedDossier>
                  <clos:referenceInitialService>referenceInitialService</clos:referenceInitialService>
                  <clos:referenceFodFin>15</clos:referenceFodFin>
               </clos:linkedDossier>
               <!--0 to 99 repetitions:-->
               <clos:attachment>
                  <com:fileName>cirb</com:fileName>
                  <com:data>    1234   </com:data>
               </clos:attachment>
            </clos:closedDossier>
         </v1:request>
      </v1:closedDossierRequest>
   </soapenv:Body>
</soapenv:Envelope>]]></con:request><con:assertion type="SOAP Fault Assertion" id="a680586e-11d9-4704-915b-a0a955783aaf" name="Not SOAP Fault"/><con:assertion type="SOAP Response" id="e25ef738-dee2-4b70-924e-e6bcf149e76c" name="SOAP Response"/><con:assertion type="Schema Compliance" id="a941be4e-a221-466e-a898-b9d5025f022c" name="Schema Compliance"><con:configuration/></con:assertion><con:wsaConfig action="http://fidus.brussels/services/exportfromregondesservice/closedDossier"/></con:request></con:config></con:testStep><con:testStep type="request" id="ee7a26db-6998-43f7-88e5-5c741d6a0406" name="testcase5 - Prod - Worker2 - Request"><con:settings/><con:config xsi:type="con:RequestStep" xmlns:xsi="http://www.w3.org/2001/XMLSchema-instance"><con:interface>ExportFromRegondesServiceHTTPBinding</con:interface><con:operation>closedDossier</con:operation><con:request name="testcase5 - Prod - Worker2 - Request" id="c5aa386c-47e7-42cc-a46c-046494149197" outgoingWss="Outflow PROD"><con:settings/><con:encoding>UTF-8</con:encoding><con:endpoint>https://192.168.26.19:8443/services/ExportFromRegondesService_v1.0</con:endpoint><con:request><![CDATA[<soapenv:Envelope xmlns:soapenv="http://schemas.xmlsoap.org/soap/envelope/" xmlns:v1="http://fidus.brussels/service/exportfromregondesservice/messages/v1" xmlns:v11="http://fidus.brussels/type/common/messages/v1" xmlns:clos="http://www.minfin.fgov.be/regondes2/extern/taxservice/exports/closedDossiers" xmlns:com="http://www.minfin.fgov.be/regondes2/extern/taxservice/common">
   <soapenv:Header/>
   <soapenv:Body>
      <v1:closedDossierRequest>
         <v1:messageContext>
            <v11:messageId>${=import static java.util.UUID.randomUUID; uuid = randomUUID() as String}</v11:messageId>
            <v11:timestamp>${=new java.text.SimpleDateFormat("yyyy-MM-dd'T'HH:mm:ss.SSS").format(new Date())}</v11:timestamp>
         </v1:messageContext>
         <v1:legalContext>ServiceIntegrator</v1:legalContext>
         <v1:request>
            <clos:closedDossier> 
               <clos:referenceFodFin>11223344</clos:referenceFodFin>
               <clos:fiscalYear>2017</clos:fiscalYear>
               <clos:initialService>
                  <com:technicalReference>technicalReference</com:technicalReference>
                  <com:type>AAF</com:type>
                  <clos:reference>reference</clos:reference>
               </clos:initialService>
               <clos:patrimonyInformation>
                  <clos:typeDossier>AA</clos:typeDossier>
                  <clos:patrimonyFrom>${=new java.text.SimpleDateFormat("yyyy-MM-dd").format(new Date())}</clos:patrimonyFrom>
                  <clos:patrimonyRef>1</clos:patrimonyRef>
                  <clos:cadastralDivisionCode>YYY</clos:cadastralDivisionCode>
                  <clos:articleNumber>51</clos:articleNumber>
               </clos:patrimonyInformation>
               <clos:report>
                  <clos:type>S</clos:type>
                  <clos:subtype>subtype</clos:subtype>
                  <clos:kind>INITIAL</clos:kind>
                  <clos:cadastralIncome>
                     <com:codeCadastralIncome>a</com:codeCadastralIncome>
                     <com:definitiveCadastralIncome>12</com:definitiveCadastralIncome>
                     <com:dateDefinitive>${=new java.text.SimpleDateFormat("yyyy-MM-dd").format(new Date())}</com:dateDefinitive>
                     <com:reasonDefinitive>my reason</com:reasonDefinitive>
                  </clos:cadastralIncome>
                  <clos:date>${=new java.text.SimpleDateFormat("yyyy-MM-dd").format(new Date())}</clos:date>
                  <clos:motivation>No motivation</clos:motivation>
                  <!--0 to 99 repetitions:-->
                  <clos:newState>
                     <!--1 to 999 repetitions:-->
                     <clos:parcel>
                        <clos:parcelNumber>
                           <clos:section>55254</clos:section>
                           <clos:groundNumber>9555</clos:groundNumber>
                           <clos:bisNumber>2525</clos:bisNumber>
                           <clos:exponent>1414</clos:exponent>
                           <clos:power>me</clos:power>
                           <clos:part>4</clos:part>
                        </clos:parcelNumber>
                        <clos:situation>invalid</clos:situation>
                        <clos:kind>no</clos:kind>
                        <clos:details>test</clos:details>
                        <!--You have a CHOICE of the next 2 items at this level-->
                        <clos:articleNumber>1141</clos:articleNumber>
                        <clos:sequenceNumber>3215</clos:sequenceNumber>
                        <!--0 to 99 repetitions:-->
                        <clos:cadastralInformation>
                           <clos:codeCadastralIncome>12</clos:codeCadastralIncome>
                           <clos:cadastralIncome>12</clos:cadastralIncome>
                           <clos:cadastralIncomePart>42</clos:cadastralIncomePart>
                           <clos:exemption>52</clos:exemption>
                           <clos:daysUnfruitful>5</clos:daysUnfruitful>
                        </clos:cadastralInformation>
                     </clos:parcel>
                     <!--1 to 999 repetitions:-->
                     <clos:owner>
                        <!--You have a CHOICE of the next 2 items at this level-->
                        <clos:person>
                           <!--You have a CHOICE of the next 3 items at this level-->
                           <clos:socialSecurityNumber>125</clos:socialSecurityNumber>
                           <clos:lastname>baptiste</clos:lastname>
                        </clos:person>
                        <clos:rights>Admin</clos:rights>
                        <clos:ownerType>LEGAL_PERSON</clos:ownerType>
                     </clos:owner>
                  </clos:newState>
               </clos:report>
               <!--0 to 99 repetitions:-->
               <clos:linkedDossier>
                  <clos:referenceInitialService>referenceInitialService</clos:referenceInitialService>
                  <clos:referenceFodFin>15</clos:referenceFodFin>
               </clos:linkedDossier>
               <!--0 to 99 repetitions:-->
               <clos:attachment>
                  <com:fileName>cirb</com:fileName>
                  <com:data>    1234   </com:data>
               </clos:attachment>
            </clos:closedDossier>
         </v1:request>
      </v1:closedDossierRequest>
   </soapenv:Body>
</soapenv:Envelope>]]></con:request><con:assertion type="SOAP Fault Assertion" id="2ce7bf20-35fc-4001-b800-a420617713a2" name="Not SOAP Fault"/><con:assertion type="SOAP Response" id="d34615ec-28a6-49ae-916b-a8f7969297c9" name="SOAP Response"/><con:assertion type="Schema Compliance" id="7cdeaf27-008e-4bd1-97fa-b0ba4ba12ac6" name="Schema Compliance"><con:configuration/></con:assertion><con:wsaConfig action="http://fidus.brussels/services/exportfromregondesservice/closedDossier"/></con:request></con:config></con:testStep><con:properties/></con:testCase><con:testCase id="39e5c27c-6738-4f15-a5de-1c2d24d1e1d1" failOnError="true" failTestCaseOnErrors="true" keepSession="false" maxResults="0" name="postponedDossier" searchProperties="true"><con:settings/><con:testStep type="request" id="f069c0dc-bad7-4a4f-906d-f01196c83885" name="testcase5 - Prod - LB - Request"><con:settings/><con:config xsi:type="con:RequestStep" xmlns:xsi="http://www.w3.org/2001/XMLSchema-instance"><con:interface>ExportFromRegondesServiceHTTPBinding</con:interface><con:operation>postponedDossier</con:operation><con:request name="testcase5 - Prod - LB - Request" id="d6e14ef5-4f3b-49df-a266-5964870e12be" outgoingWss="Outflow PROD"><con:settings/><con:encoding>UTF-8</con:encoding><con:endpoint>https://fidus-esb-sg.prd.srv.cirb.lan:8443/services/ExportFromRegondesService_v1.0</con:endpoint><con:request><![CDATA[<soapenv:Envelope xmlns:soapenv="http://schemas.xmlsoap.org/soap/envelope/" xmlns:v1="http://fidus.brussels/service/exportfromregondesservice/messages/v1" xmlns:v11="http://fidus.brussels/type/common/messages/v1" xmlns:pos="http://www.minfin.fgov.be/regondes2/extern/taxservice/exports/postponedDossiers" xmlns:com="http://www.minfin.fgov.be/regondes2/extern/taxservice/common">
   <soapenv:Header/>
   <soapenv:Body>
      <v1:postponedDossierRequest>
         <v1:messageContext>
            <v11:messageId>${=import static java.util.UUID.randomUUID; uuid = randomUUID() as String}</v11:messageId>
            <!--Optional:-->
            <v11:timestamp>${=new java.text.SimpleDateFormat("yyyy-MM-dd'T'HH:mm:ss.SSS").format(new Date())}</v11:timestamp>
         </v1:messageContext>
         <v1:legalContext>ServiceIntegrator</v1:legalContext>
         <v1:request>
            <pos:postponedDossier>
               <pos:referenceFodFin>11223344</pos:referenceFodFin>
               <pos:initialService>
                  <!--Optional:-->
                  <com:technicalReference>technicalReference</com:technicalReference>
                  <com:type>AAF</com:type>
                  <com:reference>reference</com:reference>
               </pos:initialService>
               <pos:postponement>
                  <pos:datePostponement>${=new java.text.SimpleDateFormat("yyyy-MM-dd").format(new Date())}</pos:datePostponement>
                  <pos:reasonPostponed>TEST</pos:reasonPostponed>
                  <pos:newTargetDate>${=new java.text.SimpleDateFormat("yyyy-MM-dd").format(new Date())}</pos:newTargetDate>
               </pos:postponement>
            </pos:postponedDossier>
         </v1:request>
      </v1:postponedDossierRequest>
   </soapenv:Body>
</soapenv:Envelope>]]></con:request><con:assertion type="SOAP Fault Assertion" id="74473151-08a2-4f82-bbc0-95579a69399f" name="Not SOAP Fault"/><con:assertion type="SOAP Response" id="eab27e6b-7db4-45ae-bb89-c3e4a9bf00c0" name="SOAP Response"/><con:assertion type="Schema Compliance" id="37dcc776-4375-4191-b9df-92e3eab179a0" name="Schema Compliance"><con:configuration/></con:assertion><con:wsaConfig action="http://fidus.brussels/services/exportfromregondesservice/postponedDossier"/></con:request></con:config></con:testStep><con:testStep type="request" id="450c7731-048d-4029-a8d1-aab34467c69c" name="testcase5 - Prod - External - Request"><con:settings/><con:config xsi:type="con:RequestStep" xmlns:xsi="http://www.w3.org/2001/XMLSchema-instance"><con:interface>ExportFromRegondesServiceHTTPBinding</con:interface><con:operation>postponedDossier</con:operation><con:request name="testcase5 - Prod - External - Request" id="e1f8e366-01f2-44d2-be7e-d9e5a4a3db15" outgoingWss="Outflow PROD"><con:settings/><con:encoding>UTF-8</con:encoding><con:endpoint>https://fidus.sec.brussels/services/ExportFromRegondesservice_v1.0</con:endpoint><con:request><![CDATA[<soapenv:Envelope xmlns:soapenv="http://schemas.xmlsoap.org/soap/envelope/" xmlns:v1="http://fidus.brussels/service/exportfromregondesservice/messages/v1" xmlns:v11="http://fidus.brussels/type/common/messages/v1" xmlns:pos="http://www.minfin.fgov.be/regondes2/extern/taxservice/exports/postponedDossiers" xmlns:com="http://www.minfin.fgov.be/regondes2/extern/taxservice/common">
   <soapenv:Header/>
   <soapenv:Body>
      <v1:postponedDossierRequest>
         <v1:messageContext>
            <v11:messageId>${=import static java.util.UUID.randomUUID; uuid = randomUUID() as String}</v11:messageId>
            <!--Optional:-->
            <v11:timestamp>${=new java.text.SimpleDateFormat("yyyy-MM-dd'T'HH:mm:ss.SSS").format(new Date())}</v11:timestamp>
         </v1:messageContext>
         <v1:legalContext>ServiceIntegrator</v1:legalContext>
         <v1:request>
            <pos:postponedDossier>
               <pos:referenceFodFin>11223344</pos:referenceFodFin>
               <pos:initialService>
                  <!--Optional:-->
                  <com:technicalReference>technicalReference</com:technicalReference>
                  <com:type>AAF</com:type>
                  <com:reference>reference</com:reference>
               </pos:initialService>
               <pos:postponement>
                  <pos:datePostponement>${=new java.text.SimpleDateFormat("yyyy-MM-dd").format(new Date())}</pos:datePostponement>
                  <pos:reasonPostponed>TEST</pos:reasonPostponed>
                  <pos:newTargetDate>${=new java.text.SimpleDateFormat("yyyy-MM-dd").format(new Date())}</pos:newTargetDate>
               </pos:postponement>
            </pos:postponedDossier>
         </v1:request>
      </v1:postponedDossierRequest>
   </soapenv:Body>
</soapenv:Envelope>]]></con:request><con:assertion type="SOAP Fault Assertion" id="ca383916-ab39-4def-8f9a-48812ee4817f" name="Not SOAP Fault"/><con:assertion type="SOAP Response" id="cb208d9d-8551-41a8-9bae-df1fb074f16d" name="SOAP Response"/><con:assertion type="Schema Compliance" id="5f80dc97-d68a-44fe-b5e9-7d8b5a1e1b98" name="Schema Compliance"><con:configuration/></con:assertion><con:wsaConfig action="http://fidus.brussels/services/exportfromregondesservice/postponedDossier"/></con:request></con:config></con:testStep><con:testStep type="request" id="8b040c48-cff8-47fb-b8ed-2ca9750e291d" name="testcase5 - Prod - Worker1 - Request"><con:settings/><con:config xsi:type="con:RequestStep" xmlns:xsi="http://www.w3.org/2001/XMLSchema-instance"><con:interface>ExportFromRegondesServiceHTTPBinding</con:interface><con:operation>postponedDossier</con:operation><con:request name="testcase5 - Prod - Worker1 - Request" id="1f76ca80-c58a-4768-86ae-dff476e560b0" outgoingWss="Outflow PROD"><con:settings/><con:encoding>UTF-8</con:encoding><con:endpoint>https://192.168.26.22:8443/services/ExportFromRegondesService_v1.0</con:endpoint><con:request><![CDATA[<soapenv:Envelope xmlns:soapenv="http://schemas.xmlsoap.org/soap/envelope/" xmlns:v1="http://fidus.brussels/service/exportfromregondesservice/messages/v1" xmlns:v11="http://fidus.brussels/type/common/messages/v1" xmlns:pos="http://www.minfin.fgov.be/regondes2/extern/taxservice/exports/postponedDossiers" xmlns:com="http://www.minfin.fgov.be/regondes2/extern/taxservice/common">
   <soapenv:Header/>
   <soapenv:Body>
      <v1:postponedDossierRequest>
         <v1:messageContext>
            <v11:messageId>${=import static java.util.UUID.randomUUID; uuid = randomUUID() as String}</v11:messageId>
            <!--Optional:-->
            <v11:timestamp>${=new java.text.SimpleDateFormat("yyyy-MM-dd'T'HH:mm:ss.SSS").format(new Date())}</v11:timestamp>
         </v1:messageContext>
         <v1:legalContext>ServiceIntegrator</v1:legalContext>
         <v1:request>
            <pos:postponedDossier>
               <pos:referenceFodFin>11223344</pos:referenceFodFin>
               <pos:initialService>
                  <!--Optional:-->
                  <com:technicalReference>technicalReference</com:technicalReference>
                  <com:type>AAF</com:type>
                  <com:reference>reference</com:reference>
               </pos:initialService>
               <pos:postponement>
                  <pos:datePostponement>${=new java.text.SimpleDateFormat("yyyy-MM-dd").format(new Date())}</pos:datePostponement>
                  <pos:reasonPostponed>TEST</pos:reasonPostponed>
                  <pos:newTargetDate>${=new java.text.SimpleDateFormat("yyyy-MM-dd").format(new Date())}</pos:newTargetDate>
               </pos:postponement>
            </pos:postponedDossier>
         </v1:request>
      </v1:postponedDossierRequest>
   </soapenv:Body>
</soapenv:Envelope>]]></con:request><con:assertion type="SOAP Fault Assertion" id="dfba0fe8-be50-4550-9497-cdbab7442549" name="Not SOAP Fault"/><con:assertion type="SOAP Response" id="a753549f-8ab8-43a7-8bb4-8aedcefc97c8" name="SOAP Response"/><con:assertion type="Schema Compliance" id="53788264-5ffd-4d50-aaaa-81b5c049cad8" name="Schema Compliance"><con:configuration/></con:assertion><con:wsaConfig action="http://fidus.brussels/services/exportfromregondesservice/postponedDossier"/></con:request></con:config></con:testStep><con:testStep type="request" id="699648b9-0fa5-400c-b212-cdd51a409873" name="testcase5 - Prod - Worker2 - Request"><con:settings/><con:config xsi:type="con:RequestStep" xmlns:xsi="http://www.w3.org/2001/XMLSchema-instance"><con:interface>ExportFromRegondesServiceHTTPBinding</con:interface><con:operation>postponedDossier</con:operation><con:request name="testcase5 - Prod - Worker2 - Request" id="d13f8b7e-1c7d-4f97-ae25-065ca76f5088" outgoingWss="Outflow PROD"><con:settings/><con:encoding>UTF-8</con:encoding><con:endpoint>https://192.168.26.19:8443/services/ExportFromRegondesService_v1.0</con:endpoint><con:request><![CDATA[<soapenv:Envelope xmlns:soapenv="http://schemas.xmlsoap.org/soap/envelope/" xmlns:v1="http://fidus.brussels/service/exportfromregondesservice/messages/v1" xmlns:v11="http://fidus.brussels/type/common/messages/v1" xmlns:pos="http://www.minfin.fgov.be/regondes2/extern/taxservice/exports/postponedDossiers" xmlns:com="http://www.minfin.fgov.be/regondes2/extern/taxservice/common">
   <soapenv:Header/>
   <soapenv:Body>
      <v1:postponedDossierRequest>
         <v1:messageContext>
            <v11:messageId>${=import static java.util.UUID.randomUUID; uuid = randomUUID() as String}</v11:messageId>
            <!--Optional:-->
            <v11:timestamp>${=new java.text.SimpleDateFormat("yyyy-MM-dd'T'HH:mm:ss.SSS").format(new Date())}</v11:timestamp>
         </v1:messageContext>
         <v1:legalContext>ServiceIntegrator</v1:legalContext>
         <v1:request>
            <pos:postponedDossier>
               <pos:referenceFodFin>11223344</pos:referenceFodFin>
               <pos:initialService>
                  <!--Optional:-->
                  <com:technicalReference>technicalReference</com:technicalReference>
                  <com:type>AAF</com:type>
                  <com:reference>reference</com:reference>
               </pos:initialService>
               <pos:postponement>
                  <pos:datePostponement>${=new java.text.SimpleDateFormat("yyyy-MM-dd").format(new Date())}</pos:datePostponement>
                  <pos:reasonPostponed>TEST</pos:reasonPostponed>
                  <pos:newTargetDate>${=new java.text.SimpleDateFormat("yyyy-MM-dd").format(new Date())}</pos:newTargetDate>
               </pos:postponement>
            </pos:postponedDossier>
         </v1:request>
      </v1:postponedDossierRequest>
   </soapenv:Body>
</soapenv:Envelope>]]></con:request><con:assertion type="SOAP Fault Assertion" id="e2d47067-d439-40c1-a378-8d09f6efbe21" name="Not SOAP Fault"/><con:assertion type="SOAP Response" id="d61c262c-7d85-457b-a2ef-13a49b24803b" name="SOAP Response"/><con:assertion type="Schema Compliance" id="7ecb193b-3885-4754-a9b2-c502813c7213" name="Schema Compliance"><con:configuration/></con:assertion><con:wsaConfig action="http://fidus.brussels/services/exportfromregondesservice/postponedDossier"/></con:request></con:config></con:testStep><con:properties/></con:testCase><con:testCase id="51dd6269-c27b-4b52-982e-61850d6bdd48" failOnError="true" failTestCaseOnErrors="true" keepSession="false" maxResults="0" name="serviceChange" searchProperties="true"><con:settings/><con:testStep type="request" id="bd0e1e8c-4df0-4f59-92ba-c569577248a3" name="testcase5 - Prod - LB - Request"><con:settings/><con:config xsi:type="con:RequestStep" xmlns:xsi="http://www.w3.org/2001/XMLSchema-instance"><con:interface>ExportFromRegondesServiceHTTPBinding</con:interface><con:operation>serviceChange</con:operation><con:request name="testcase5 - Prod - LB - Request" id="07c9c787-a7f9-4467-94ad-d5e3f90f1cec" outgoingWss="Outflow PROD"><con:settings/><con:encoding>UTF-8</con:encoding><con:endpoint>https://fidus-esb-sg.prd.srv.cirb.lan:8443/services/ExportFromRegondesService_v1.0</con:endpoint><con:request><![CDATA[<soapenv:Envelope xmlns:soapenv="http://schemas.xmlsoap.org/soap/envelope/" xmlns:v1="http://fidus.brussels/service/exportfromregondesservice/messages/v1" xmlns:v11="http://fidus.brussels/type/common/messages/v1" xmlns:ser="http://www.minfin.fgov.be/regondes2/extern/taxservice/exports/serviceChanged" xmlns:com="http://www.minfin.fgov.be/regondes2/extern/taxservice/common">
   <soapenv:Header/>
   <soapenv:Body>
      <v1:serviceChangeRequest>
         <v1:messageContext>
            <v11:messageId>${=import static java.util.UUID.randomUUID; uuid = randomUUID() as String}</v11:messageId>
            <!--Optional:-->
            <v11:timestamp>${=new java.text.SimpleDateFormat("yyyy-MM-dd'T'HH:mm:ss.SSS").format(new Date())}</v11:timestamp>
         </v1:messageContext>
         <v1:legalContext>ServiceIntegrator</v1:legalContext>
         <v1:request>
            <ser:serviceChange>
               <ser:referenceFodFin>11223344</ser:referenceFodFin>
               <ser:initialService>
                  <!--Optional:-->
                  <com:technicalReference>1524</com:technicalReference>
                  <com:type>AAF</com:type>
                  <com:reference>reference</com:reference>
               </ser:initialService>
               <!--1 to 99 repetitions:-->
               <ser:transfer>
                  <ser:serviceName>CIRB</ser:serviceName>
                  <ser:dateIn>${=new java.text.SimpleDateFormat("yyyy-MM-dd").format(new Date())}</ser:dateIn>
                  <!--Optional:-->
                  <ser:dateOut>${=new java.text.SimpleDateFormat("yyyy-MM-dd").format(new Date())}</ser:dateOut>
                  <ser:official>
                     <ser:firstName>jean</ser:firstName>
                     <ser:lastName>baptist</ser:lastName>
                     <ser:phoneNumber>0452363621</ser:phoneNumber>
                     <ser:email>cisyapan@cirb.brussels</ser:email>
                  </ser:official>
               </ser:transfer>
            </ser:serviceChange>
         </v1:request>
      </v1:serviceChangeRequest>
   </soapenv:Body>
</soapenv:Envelope>]]></con:request><con:assertion type="SOAP Fault Assertion" id="3b93b490-87f2-40ce-b28a-51d10463b617" name="Not SOAP Fault"/><con:assertion type="SOAP Response" id="0407e604-10f6-45f4-afdd-32651ba6291f" name="SOAP Response"/><con:assertion type="Schema Compliance" id="0213e143-1e3f-4f16-bbaf-ed2f1319f99d" name="Schema Compliance"><con:configuration/></con:assertion><con:wsaConfig action="http://fidus.brussels/services/exportfromregondesservice/serviceChange"/></con:request></con:config></con:testStep><con:testStep type="request" id="7de818b0-525c-4952-b7d5-89160ce5cd8e" name="testcase5 - Prod - External - Request"><con:settings/><con:config xsi:type="con:RequestStep" xmlns:xsi="http://www.w3.org/2001/XMLSchema-instance"><con:interface>ExportFromRegondesServiceHTTPBinding</con:interface><con:operation>serviceChange</con:operation><con:request name="testcase5 - Prod - External - Request" id="fc300a64-ff07-4e4a-8879-eaa33cfa9cf2" outgoingWss="Outflow PROD"><con:settings/><con:encoding>UTF-8</con:encoding><con:endpoint>https://fidus.sec.brussels/services/ExportFromRegondesservice_v1.0</con:endpoint><con:request><![CDATA[<soapenv:Envelope xmlns:soapenv="http://schemas.xmlsoap.org/soap/envelope/" xmlns:v1="http://fidus.brussels/service/exportfromregondesservice/messages/v1" xmlns:v11="http://fidus.brussels/type/common/messages/v1" xmlns:ser="http://www.minfin.fgov.be/regondes2/extern/taxservice/exports/serviceChanged" xmlns:com="http://www.minfin.fgov.be/regondes2/extern/taxservice/common">
   <soapenv:Header/>
   <soapenv:Body>
      <v1:serviceChangeRequest>
         <v1:messageContext>
            <v11:messageId>${=import static java.util.UUID.randomUUID; uuid = randomUUID() as String}</v11:messageId>
            <!--Optional:-->
            <v11:timestamp>${=new java.text.SimpleDateFormat("yyyy-MM-dd'T'HH:mm:ss.SSS").format(new Date())}</v11:timestamp>
         </v1:messageContext>
         <v1:legalContext>ServiceIntegrator</v1:legalContext>
         <v1:request>
            <ser:serviceChange>
               <ser:referenceFodFin>11223344</ser:referenceFodFin>
               <ser:initialService>
                  <!--Optional:-->
                  <com:technicalReference>1524</com:technicalReference>
                  <com:type>AAF</com:type>
                  <com:reference>reference</com:reference>
               </ser:initialService>
               <!--1 to 99 repetitions:-->
               <ser:transfer>
                  <ser:serviceName>CIRB</ser:serviceName>
                  <ser:dateIn>${=new java.text.SimpleDateFormat("yyyy-MM-dd").format(new Date())}</ser:dateIn>
                  <!--Optional:-->
                  <ser:dateOut>${=new java.text.SimpleDateFormat("yyyy-MM-dd").format(new Date())}</ser:dateOut>
                  <ser:official>
                     <ser:firstName>jean</ser:firstName>
                     <ser:lastName>baptist</ser:lastName>
                     <ser:phoneNumber>0452363621</ser:phoneNumber>
                     <ser:email>cisyapan@cirb.brussels</ser:email>
                  </ser:official>
               </ser:transfer>
            </ser:serviceChange>
         </v1:request>
      </v1:serviceChangeRequest>
   </soapenv:Body>
</soapenv:Envelope>]]></con:request><con:assertion type="SOAP Fault Assertion" id="942efd3c-69a3-4c50-93b8-bcb584298cee" name="Not SOAP Fault"/><con:assertion type="SOAP Response" id="dead6418-d1c1-481d-80e1-cd0b34b34baa" name="SOAP Response"/><con:assertion type="Schema Compliance" id="a14b80a2-80f0-4a20-bb12-5f7671e4e4e6" name="Schema Compliance"><con:configuration/></con:assertion><con:wsaConfig action="http://fidus.brussels/services/exportfromregondesservice/serviceChange"/></con:request></con:config></con:testStep><con:testStep type="request" id="88e3324b-8a09-4ed9-858c-e898fc55e589" name="testcase5 - Prod - Worker1 - Request"><con:settings/><con:config xsi:type="con:RequestStep" xmlns:xsi="http://www.w3.org/2001/XMLSchema-instance"><con:interface>ExportFromRegondesServiceHTTPBinding</con:interface><con:operation>serviceChange</con:operation><con:request name="testcase5 - Prod - Worker1 - Request" id="fc054bf2-984e-426f-a2f1-0832f97db50f" outgoingWss="Outflow PROD"><con:settings/><con:encoding>UTF-8</con:encoding><con:endpoint>https://192.168.26.22:8443/services/ExportFromRegondesService_v1.0</con:endpoint><con:request><![CDATA[<soapenv:Envelope xmlns:soapenv="http://schemas.xmlsoap.org/soap/envelope/" xmlns:v1="http://fidus.brussels/service/exportfromregondesservice/messages/v1" xmlns:v11="http://fidus.brussels/type/common/messages/v1" xmlns:ser="http://www.minfin.fgov.be/regondes2/extern/taxservice/exports/serviceChanged" xmlns:com="http://www.minfin.fgov.be/regondes2/extern/taxservice/common">
   <soapenv:Header/>
   <soapenv:Body>
      <v1:serviceChangeRequest>
         <v1:messageContext>
            <v11:messageId>${=import static java.util.UUID.randomUUID; uuid = randomUUID() as String}</v11:messageId>
            <!--Optional:-->
            <v11:timestamp>${=new java.text.SimpleDateFormat("yyyy-MM-dd'T'HH:mm:ss.SSS").format(new Date())}</v11:timestamp>
         </v1:messageContext>
         <v1:legalContext>ServiceIntegrator</v1:legalContext>
         <v1:request>
            <ser:serviceChange>
               <ser:referenceFodFin>11223344</ser:referenceFodFin>
               <ser:initialService>
                  <!--Optional:-->
                  <com:technicalReference>1524</com:technicalReference>
                  <com:type>AAF</com:type>
                  <com:reference>reference</com:reference>
               </ser:initialService>
               <!--1 to 99 repetitions:-->
               <ser:transfer>
                  <ser:serviceName>CIRB</ser:serviceName>
                  <ser:dateIn>${=new java.text.SimpleDateFormat("yyyy-MM-dd").format(new Date())}</ser:dateIn>
                  <!--Optional:-->
                  <ser:dateOut>${=new java.text.SimpleDateFormat("yyyy-MM-dd").format(new Date())}</ser:dateOut>
                  <ser:official>
                     <ser:firstName>jean</ser:firstName>
                     <ser:lastName>baptist</ser:lastName>
                     <ser:phoneNumber>0452363621</ser:phoneNumber>
                     <ser:email>cisyapan@cirb.brussels</ser:email>
                  </ser:official>
               </ser:transfer>
            </ser:serviceChange>
         </v1:request>
      </v1:serviceChangeRequest>
   </soapenv:Body>
</soapenv:Envelope>]]></con:request><con:assertion type="SOAP Fault Assertion" id="b7c81504-10b6-4751-b5a2-381155d88043" name="Not SOAP Fault"/><con:assertion type="SOAP Response" id="badf2a42-a853-4b04-8861-46b10f21acfd" name="SOAP Response"/><con:assertion type="Schema Compliance" id="f0196d4e-2023-433d-927d-bb1fae0d87b1" name="Schema Compliance"><con:configuration/></con:assertion><con:wsaConfig action="http://fidus.brussels/services/exportfromregondesservice/serviceChange"/></con:request></con:config></con:testStep><con:testStep type="request" id="380bfcf6-fcfe-4ac6-993d-865b35673f22" name="testcase5 - Prod - Worker2 - Request"><con:settings/><con:config xsi:type="con:RequestStep" xmlns:xsi="http://www.w3.org/2001/XMLSchema-instance"><con:interface>ExportFromRegondesServiceHTTPBinding</con:interface><con:operation>serviceChange</con:operation><con:request name="testcase5 - Prod - Worker2 - Request" id="27a5d3af-aae9-4114-8f1f-1f92bcbaab10" outgoingWss="Outflow PROD"><con:settings/><con:encoding>UTF-8</con:encoding><con:endpoint>https://192.168.26.19:8443/services/ExportFromRegondesService_v1.0</con:endpoint><con:request><![CDATA[<soapenv:Envelope xmlns:soapenv="http://schemas.xmlsoap.org/soap/envelope/" xmlns:v1="http://fidus.brussels/service/exportfromregondesservice/messages/v1" xmlns:v11="http://fidus.brussels/type/common/messages/v1" xmlns:ser="http://www.minfin.fgov.be/regondes2/extern/taxservice/exports/serviceChanged" xmlns:com="http://www.minfin.fgov.be/regondes2/extern/taxservice/common">
   <soapenv:Header/>
   <soapenv:Body>
      <v1:serviceChangeRequest>
         <v1:messageContext>
            <v11:messageId>${=import static java.util.UUID.randomUUID; uuid = randomUUID() as String}</v11:messageId>
            <!--Optional:-->
            <v11:timestamp>${=new java.text.SimpleDateFormat("yyyy-MM-dd'T'HH:mm:ss.SSS").format(new Date())}</v11:timestamp>
         </v1:messageContext>
         <v1:legalContext>ServiceIntegrator</v1:legalContext>
         <v1:request>
            <ser:serviceChange>
               <ser:referenceFodFin>11223344</ser:referenceFodFin>
               <ser:initialService>
                  <!--Optional:-->
                  <com:technicalReference>1524</com:technicalReference>
                  <com:type>AAF</com:type>
                  <com:reference>reference</com:reference>
               </ser:initialService>
               <!--1 to 99 repetitions:-->
               <ser:transfer>
                  <ser:serviceName>CIRB</ser:serviceName>
                  <ser:dateIn>${=new java.text.SimpleDateFormat("yyyy-MM-dd").format(new Date())}</ser:dateIn>
                  <!--Optional:-->
                  <ser:dateOut>${=new java.text.SimpleDateFormat("yyyy-MM-dd").format(new Date())}</ser:dateOut>
                  <ser:official>
                     <ser:firstName>jean</ser:firstName>
                     <ser:lastName>baptist</ser:lastName>
                     <ser:phoneNumber>0452363621</ser:phoneNumber>
                     <ser:email>cisyapan@cirb.brussels</ser:email>
                  </ser:official>
               </ser:transfer>
            </ser:serviceChange>
         </v1:request>
      </v1:serviceChangeRequest>
   </soapenv:Body>
</soapenv:Envelope>]]></con:request><con:assertion type="SOAP Fault Assertion" id="d5575fc9-a8a6-4e0d-ac38-46c1200518a9" name="Not SOAP Fault"/><con:assertion type="SOAP Response" id="c51f7c1b-a920-4f5d-9f00-ed909a275030" name="SOAP Response"/><con:assertion type="Schema Compliance" id="1d727bbe-5906-49ee-8ac8-548806c2518a" name="Schema Compliance"><con:configuration/></con:assertion><con:wsaConfig action="http://fidus.brussels/services/exportfromregondesservice/serviceChange"/></con:request></con:config></con:testStep><con:properties/></con:testCase><con:properties/></con:testSuite><con:properties/><con:wssContainer><con:crypto><con:source>data/wso2/keystores/user-rajarshi.jks</con:source><con:password>test@fidus01</con:password><con:type>KEYSTORE</con:type></con:crypto><con:outgoing><con:name>Outflow DEV</con:name></con:outgoing><con:outgoing><con:name>Outflow TEST</con:name><con:entry type="Signature" username="testuser-test.fidus.brussels" password="test@fidus01"><con:configuration><crypto>user-rajarshi.jks</crypto><keyIdentifierType>3</keyIdentifierType><signatureAlgorithm/><signatureCanonicalization/><useSingleCert>true</useSingleCert><digestAlgorithm/><customTokenValueType/><customTokenId/></con:configuration></con:entry><con:entry type="Timestamp"><con:configuration><timeToLive>300000</timeToLive><strictTimestamp>true</strictTimestamp></con:configuration></con:entry></con:outgoing><con:outgoing><con:name>Outflow STAG</con:name></con:outgoing><con:outgoing><con:name>Outflow PROD</con:name></con:outgoing></con:wssContainer><con:oAuth2ProfileContainer/><con:sensitiveInformation/></con:soapui-project>