<?xml version="1.0" encoding="UTF-8"?>
<con:soapui-project id="bf2417e2-e06c-4951-9271-0b5ff19b7914" activeEnvironment="Default" name="Client-RealEstateService-1.1-soapui-project" resourceRoot="" soapui-version="5.1.3" abortOnError="false" runType="SEQUENTIAL" xmlns:con="http://eviware.com/soapui/config">
  <con:settings/>
  <con:interface xsi:type="con:WsdlInterface" id="928e8a80-7542-45cc-ad02-e070a0a72ce6" wsaVersion="NONE" name="RealEstateServiceHTTPBinding" type="wsdl" bindingName="{http://fidus.brussels/service/realestateservice/v1}RealEstateServiceHTTPBinding" soapVersion="1_1" anonymous="optional" definition="file:/home/alain/git/realestateservice/RealEstateServiceRegistry/wsdl/realEstateService/1.1.0/RealEstateService_v1.wsdl" xmlns:xsi="http://www.w3.org/2001/XMLSchema-instance">
    <con:settings/>
    <con:definitionCache type="TEXT" rootPart="file:/home/alain/git/realestateservice/RealEstateServiceRegistry/wsdl/realEstateService/1.1.0/RealEstateService_v1.wsdl">
      <con:part>
        <con:url>file:/home/alain/git/realestateservice/RealEstateServiceRegistry/wsdl/realEstateService/1.1.0/RealEstateService_v1.wsdl</con:url>
        <con:content><![CDATA[<wsdl:definitions name="RealEstateService" targetNamespace="http://fidus.brussels/service/realestateservice/v1" xmlns:soap="http://schemas.xmlsoap.org/wsdl/soap/" xmlns:wsdl="http://schemas.xmlsoap.org/wsdl/" xmlns:xsd="http://www.w3.org/2001/XMLSchema" xmlns:mes="http://fidus.brussels/service/realestateservice/messages/v1" xmlns:tns="http://fidus.brussels/service/realestateservice/v1">
  <wsdl:types>
    <xsd:schema targetNamespace="http://fidus.brussels/service/realestateservice/v1" elementFormDefault="qualified">
      <xsd:import namespace="http://fidus.brussels/service/realestateservice/messages/v1" schemaLocation="messages/realEstateServiceMessages_v1.xsd"/>
    </xsd:schema>
  </wsdl:types>
  <wsdl:message name="findPropertiesTxByCriteriaRequestMessage">
    <wsdl:part name="FindPropertiesTxByCriteriaRequest" element="mes:findPropertiesTxByCriteriaRequest"/>
  </wsdl:message>
  <wsdl:message name="findPropertiesTxByCriteriaResponseMessage">
    <wsdl:part name="FindPropertiesTxByCriteriaResponse" element="mes:findPropertiesTxByCriteriaResponse"/>
  </wsdl:message>
  <wsdl:message name="findCommunitiesBySearchTokenResponseMessage">
    <wsdl:part name="findCommunitiesBySearchTokenResponse" element="mes:findCommunitiesBySearchTokenResponse"/>
  </wsdl:message>
  <wsdl:message name="findCommunitiesBySearchTokenRequestMessage">
    <wsdl:part name="findCommunitiesBySearchTokenRequest" element="mes:findCommunitiesBySearchTokenRequest"/>
  </wsdl:message>
  <wsdl:message name="findStreetsBySearchTokenResponseMessage">
    <wsdl:part name="findStreetsBySearchTokenResponse" element="mes:findStreetsBySearchTokenResponse"/>
  </wsdl:message>
  <wsdl:message name="findStreetsBySearchTokenRequestMessage">
    <wsdl:part name="findStreetsBySearchTokenRequest" element="mes:findStreetsBySearchTokenRequest"/>
  </wsdl:message>
  <wsdl:message name="getListForAddressResponseMessage">
    <wsdl:part name="getListForAddressResponse" element="mes:getListForAddressResponse"/>
  </wsdl:message>
  <wsdl:message name="getListForAddressRequestMessage">
    <wsdl:part name="getListForAddressRequest" element="mes:getListForAddressRequest"/>
  </wsdl:message>
  <wsdl:message name="findPropertyByParcelIdResponseMessage">
    <wsdl:part name="findPropertyByParcelIdResponse" element="mes:findPropertyByParcelIdResponse"/>
  </wsdl:message>
  <wsdl:message name="findPropertyByParcelIdRequestMessage">
    <wsdl:part name="findPropertyByParcelIdRequest" element="mes:findPropertyByParcelIdRequest"/>
  </wsdl:message>
  <wsdl:portType name="RealEstateServicePortType">
    <wsdl:operation name="findPropertiesTxByCriteria">
      <wsdl:input message="tns:findPropertiesTxByCriteriaRequestMessage"/>
      <wsdl:output message="tns:findPropertiesTxByCriteriaResponseMessage"/>
    </wsdl:operation>
    <wsdl:operation name="findCommunitiesBySearchToken">
      <wsdl:input message="tns:findCommunitiesBySearchTokenRequestMessage"/>
      <wsdl:output message="tns:findCommunitiesBySearchTokenResponseMessage"/>
    </wsdl:operation>
    <wsdl:operation name="findStreetsBySearchToken">
      <wsdl:input message="tns:findStreetsBySearchTokenRequestMessage"/>
      <wsdl:output message="tns:findStreetsBySearchTokenResponseMessage"/>
    </wsdl:operation>
    <wsdl:operation name="getListForAddress">
      <wsdl:input message="tns:getListForAddressRequestMessage"/>
      <wsdl:output message="tns:getListForAddressResponseMessage"/>
    </wsdl:operation>
    <wsdl:operation name="findPropertyByParcelId">
      <wsdl:input message="tns:findPropertyByParcelIdRequestMessage"/>
      <wsdl:output message="tns:findPropertyByParcelIdResponseMessage"/>
    </wsdl:operation>
  </wsdl:portType>
  <wsdl:binding name="RealEstateServiceHTTPBinding" type="tns:RealEstateServicePortType">
    <soap:binding style="document" transport="http://schemas.xmlsoap.org/soap/http"/>
    <wsdl:operation name="findPropertiesTxByCriteria">
      <soap:operation soapAction="http://fidus.brussels/services/realestateservice/findPropertiesTxByCriteria"/>
      <wsdl:input>
        <soap:body use="literal"/>
      </wsdl:input>
      <wsdl:output>
        <soap:body use="literal"/>
      </wsdl:output>
    </wsdl:operation>
    <wsdl:operation name="findCommunitiesBySearchToken">
      <soap:operation soapAction="http://fidus.brussels/services/realestateservice/findCommunitiesBySearchToken"/>
      <wsdl:input>
        <soap:body use="literal"/>
      </wsdl:input>
      <wsdl:output>
        <soap:body use="literal"/>
      </wsdl:output>
    </wsdl:operation>
    <wsdl:operation name="findStreetsBySearchToken">
      <soap:operation soapAction="http://fidus.brussels/services/realestateservice/findStreetsBySearchToken"/>
      <wsdl:input>
        <soap:body use="literal"/>
      </wsdl:input>
      <wsdl:output>
        <soap:body use="literal"/>
      </wsdl:output>
    </wsdl:operation>
    <wsdl:operation name="getListForAddress">
      <soap:operation soapAction="http://fidus.brussels/services/realestateservice/getListForAddress"/>
      <wsdl:input>
        <soap:body use="literal"/>
      </wsdl:input>
      <wsdl:output>
        <soap:body use="literal"/>
      </wsdl:output>
    </wsdl:operation>
    <wsdl:operation name="findPropertyByParcelId">
      <soap:operation soapAction="http://fidus.brussels/services/realestateservice/findPropertyByParcelId"/>
      <wsdl:input>
        <soap:body use="literal"/>
      </wsdl:input>
      <wsdl:output>
        <soap:body use="literal"/>
      </wsdl:output>
    </wsdl:operation>
  </wsdl:binding>
  <wsdl:service name="RealEstateService_v1">
    <wsdl:port name="RealEstateService_v1" binding="tns:RealEstateServiceHTTPBinding">
      <soap:address location="http://fidus.brussels/services/realestateservice/v1"/>
    </wsdl:port>
  </wsdl:service>
  <xsd:annotation>
    <xsd:documentation>RealEstateService WDSL v1.</xsd:documentation>
  </xsd:annotation>
</wsdl:definitions>]]></con:content>
        <con:type>http://schemas.xmlsoap.org/wsdl/</con:type>
      </con:part>
      <con:part>
        <con:url>file:/home/alain/git/realestateservice/RealEstateServiceRegistry/wsdl/realEstateService/1.1.0/messages/realEstateServiceMessages_v1.xsd</con:url>
        <con:content><![CDATA[<xsd:schema targetNamespace="http://fidus.brussels/service/realestateservice/messages/v1" elementFormDefault="qualified" attributeFormDefault="unqualified" version="1.0" xmlns:xsd="http://www.w3.org/2001/XMLSchema" xmlns:cme="http://fidus.brussels/type/common/messages/v1" xmlns:exc="http://fidus.brussels/type/common/exceptions/v1" xmlns:tns="http://fidus.brussels/service/realestateservice/messages/v1" xmlns:fin="http://www.minfin.fgov.be/schemas/esb/consultimmotx/direct" xmlns:ws="http://www.minfin.fgov.be/schemas/esb/consultimmo">
  <xsd:import namespace="http://fidus.brussels/type/common/messages/v1" schemaLocation="baseMessageTypes_v1.xsd"/>
  <xsd:import namespace="http://fidus.brussels/type/common/exceptions/v1" schemaLocation="exceptionTypes_v1.xsd"/>
  <xsd:import namespace="http://www.minfin.fgov.be/schemas/esb/consultimmotx/direct" schemaLocation="../consultimmotx/ConsultImmoTxDataService2.xsd"/>
  <xsd:import namespace="http://www.minfin.fgov.be/schemas/esb/consultimmo" schemaLocation="../consultimmotx/ConsultImmoPropExternal.xsd"/>
  <xsd:complexType name="RealEstateServiceRequestType">
    <xsd:annotation>
      <xsd:documentation>The person whose information is requested.</xsd:documentation>
    </xsd:annotation>
    <xsd:sequence>
      <xsd:element name="personNumber" type="cme:PersonNumberType" nillable="true">
        <xsd:annotation>
          <xsd:documentation>The basic identifier of a person is his personNumber.</xsd:documentation>
        </xsd:annotation>
      </xsd:element>
    </xsd:sequence>
  </xsd:complexType>
  <!--findCommunitiesBySearchToken definition-->
  <xsd:complexType name="FindPropertiesTxByCriteriaRequestType">
    <xsd:sequence>
      <xsd:element name="messageContext" type="cme:RequestMessageContextType"/>
      <xsd:element name="legalContext" type="cme:LegalContextType"/>
      <xsd:element name="request" type="fin:findPropertiesTransactionsByCriteriaRequestType"/>
    </xsd:sequence>
  </xsd:complexType>
  <xsd:complexType name="FindPropertiesTxByCriteriaResponseType">
    <xsd:sequence>
      <xsd:element name="messageContext" type="cme:ResponseMessageContextType"/>
      <xsd:element name="responses" type="tns:ResponsesPropTxType" minOccurs="0"/>
      <xsd:element name="exceptions" type="exc:ExceptionsType" minOccurs="0">
        <xsd:annotation>
          <xsd:documentation>Technical errors that occur when processing the message context e.g. insufficient rights.</xsd:documentation>
        </xsd:annotation>
      </xsd:element>
    </xsd:sequence>
  </xsd:complexType>
  <xsd:complexType name="ResponsesPropTxType">
    <xsd:sequence>
      <xsd:element name="response" type="tns:ResponsePropTxType" minOccurs="1" maxOccurs="1"/>
    </xsd:sequence>
  </xsd:complexType>
  <xsd:complexType name="ResponsePropTxType">
    <xsd:sequence>
      <xsd:element name="transaction" type="fin:transaction" minOccurs="0" maxOccurs="1000"/>
      <xsd:element name="maxElemReached" type="xsd:boolean" minOccurs="0"/>
      <xsd:element name="numberElemForRequest" type="xsd:integer" minOccurs="0"/>
      <xsd:element name="exceptions" type="exc:ExceptionsType" minOccurs="0">
        <xsd:annotation>
          <xsd:documentation>Business exceptions that occur when processing the request or response e.g. missing data for a single response element.
						Exceptions at this level may contain back-end specific codes and content.</xsd:documentation>
        </xsd:annotation>
      </xsd:element>
    </xsd:sequence>
  </xsd:complexType>
  <!--findCommunitiesBySearchToken definition-->
  <xsd:complexType name="findCommunitiesBySearchTokenRequest">
    <xsd:annotation>
      <xsd:documentation>Find communities by a searchtoken, in the chosen language.</xsd:documentation>
    </xsd:annotation>
    <xsd:sequence>
      <xsd:element name="messageContext" type="cme:RequestMessageContextType"/>
      <xsd:element name="legalContext" type="cme:LegalContextType"/>
      <xsd:element name="request" type="ws:findCommunitiesBySearchTokenVO"/>
    </xsd:sequence>
  </xsd:complexType>
  <xsd:complexType name="findCommunitiesBySearchTokenResponse">
    <xsd:sequence>
      <xsd:element name="messageContext" type="cme:ResponseMessageContextType"/>
      <xsd:element name="responses" type="tns:ResponsesComBySTType" minOccurs="0"/>
      <xsd:element name="exceptions" type="exc:ExceptionsType" minOccurs="0">
        <xsd:annotation>
          <xsd:documentation>Technical errors that occur when processing the message context e.g. insufficient rights.</xsd:documentation>
        </xsd:annotation>
      </xsd:element>
    </xsd:sequence>
  </xsd:complexType>
  <xsd:complexType name="ResponsesComBySTType">
    <xsd:sequence>
      <xsd:element name="response" type="tns:ResponseComBySTType" minOccurs="1" maxOccurs="1"/>
    </xsd:sequence>
  </xsd:complexType>
  <xsd:complexType name="ResponseComBySTType">
    <xsd:sequence>
      <xsd:element name="communityVO" type="ws:communityVO" nillable="true" minOccurs="0" maxOccurs="unbounded" form="unqualified"/>
      <xsd:element name="exceptions" type="exc:ExceptionsType" minOccurs="0">
        <xsd:annotation>
          <xsd:documentation>Business exceptions that occur when processing the request or response e.g. missing data for a single response element.
						Exceptions at this level may contain back-end specific codes and content.</xsd:documentation>
        </xsd:annotation>
      </xsd:element>
    </xsd:sequence>
  </xsd:complexType>
  <!--findStreetsBySearchToken definition-->
  <xsd:complexType name="findStreetsBySearchTokenRequest">
    <xsd:annotation>
      <xsd:documentation>Find streets by a searchtoken, in the chosen language.</xsd:documentation>
    </xsd:annotation>
    <xsd:sequence>
      <xsd:element name="messageContext" type="cme:RequestMessageContextType"/>
      <xsd:element name="legalContext" type="cme:LegalContextType"/>
      <xsd:element name="request" type="ws:findStreetsBySearchTokenVO"/>
    </xsd:sequence>
  </xsd:complexType>
  <xsd:complexType name="findStreetsBySearchTokenResponse">
    <xsd:sequence>
      <xsd:element name="messageContext" type="cme:ResponseMessageContextType"/>
      <xsd:element name="responses" type="tns:ResponsesStreetBySTType" minOccurs="0"/>
      <xsd:element name="exceptions" type="exc:ExceptionsType" minOccurs="0">
        <xsd:annotation>
          <xsd:documentation>Technical errors that occur when processing the message context e.g. insufficient rights.</xsd:documentation>
        </xsd:annotation>
      </xsd:element>
    </xsd:sequence>
  </xsd:complexType>
  <xsd:complexType name="ResponsesStreetBySTType">
    <xsd:sequence>
      <xsd:element name="response" type="tns:ResponseStreetBySTType" minOccurs="1" maxOccurs="1"/>
    </xsd:sequence>
  </xsd:complexType>
  <xsd:complexType name="ResponseStreetBySTType">
    <xsd:sequence>
      <xsd:element name="streetVO" type="ws:streetVO" nillable="true" minOccurs="0" maxOccurs="unbounded" form="unqualified"/>
      <xsd:element name="exceptions" type="exc:ExceptionsType" minOccurs="0">
        <xsd:annotation>
          <xsd:documentation>Business exceptions that occur when processing the request or response e.g. missing data for a single response element.
						Exceptions at this level may contain back-end specific codes and content.</xsd:documentation>
        </xsd:annotation>
      </xsd:element>
    </xsd:sequence>
  </xsd:complexType>
  <!--getListForAddress definition-->
  <xsd:complexType name="getListForAddressRequest">
    <xsd:annotation>
      <xsd:documentation>Get list for address, in the chosen language.</xsd:documentation>
    </xsd:annotation>
    <xsd:sequence>
      <xsd:element name="messageContext" type="cme:RequestMessageContextType"/>
      <xsd:element name="legalContext" type="cme:LegalContextType"/>
      <xsd:element name="request" type="ws:getListForAddressVO"/>
    </xsd:sequence>
  </xsd:complexType>
  <xsd:complexType name="getListForAddressResponse">
    <xsd:sequence>
      <xsd:element name="messageContext" type="cme:ResponseMessageContextType"/>
      <xsd:element name="responses" type="tns:ResponsesList4AddrType" minOccurs="0"/>
      <xsd:element name="exceptions" type="exc:ExceptionsType" minOccurs="0">
        <xsd:annotation>
          <xsd:documentation>Technical errors that occur when processing the message context e.g. insufficient rights.</xsd:documentation>
        </xsd:annotation>
      </xsd:element>
    </xsd:sequence>
  </xsd:complexType>
  <xsd:complexType name="ResponsesList4AddrType">
    <xsd:sequence>
      <xsd:element name="response" type="tns:ResponseList4AddrType" minOccurs="1" maxOccurs="1"/>
    </xsd:sequence>
  </xsd:complexType>
  <xsd:complexType name="ResponseList4AddrType">
    <xsd:sequence>
      <xsd:element name="addressPartyVO" type="ws:addressPartyVO" nillable="true" minOccurs="0" maxOccurs="unbounded" form="unqualified"/>
      <xsd:element name="exceptions" type="exc:ExceptionsType" minOccurs="0">
        <xsd:annotation>
          <xsd:documentation>Business exceptions that occur when processing the request or response e.g. missing data for a single response element.
						Exceptions at this level may contain back-end specific codes and content.</xsd:documentation>
        </xsd:annotation>
      </xsd:element>
    </xsd:sequence>
  </xsd:complexType>
  <!--findPropertyByParcelId definition-->
  <xsd:complexType name="findPropertyByParcelIdRequest">
    <xsd:annotation>
      <xsd:documentation>Find property by parcel id, in the chosen language.</xsd:documentation>
    </xsd:annotation>
    <xsd:sequence>
      <xsd:element name="messageContext" type="cme:RequestMessageContextType"/>
      <xsd:element name="legalContext" type="cme:LegalContextType"/>
      <xsd:element name="request" type="ws:findPropertyByParcelIdVO"/>
    </xsd:sequence>
  </xsd:complexType>
  <xsd:complexType name="findPropertyByParcelIdResponse">
    <xsd:sequence>
      <xsd:element name="messageContext" type="cme:ResponseMessageContextType"/>
      <xsd:element name="responses" type="tns:ResponsesPropByParcelType" minOccurs="0"/>
      <xsd:element name="exceptions" type="exc:ExceptionsType" minOccurs="0">
        <xsd:annotation>
          <xsd:documentation>Technical errors that occur when processing the message context e.g. insufficient rights.</xsd:documentation>
        </xsd:annotation>
      </xsd:element>
    </xsd:sequence>
  </xsd:complexType>
  <xsd:complexType name="ResponsesPropByParcelType">
    <xsd:sequence>
      <xsd:element name="response" type="tns:ResponsePropByParcelType" minOccurs="1" maxOccurs="1"/>
    </xsd:sequence>
  </xsd:complexType>
  <xsd:complexType name="ResponsePropByParcelType">
    <xsd:complexContent>
      <xsd:extension base="ws:findPropertyByParcelIdResponse">
        <xsd:sequence>
          <xsd:element name="exceptions" type="exc:ExceptionsType" minOccurs="0">
            <xsd:annotation>
              <xsd:documentation>Business exceptions that occur when processing the request or response e.g. missing data for a single response element.
							Exceptions at this level may contain back-end specific codes and content.</xsd:documentation>
            </xsd:annotation>
          </xsd:element>
        </xsd:sequence>
      </xsd:extension>
    </xsd:complexContent>
  </xsd:complexType>
  <!--Element of the request and the response-->
  <xsd:element name="findPropertiesTxByCriteriaRequest" type="tns:FindPropertiesTxByCriteriaRequestType"/>
  <xsd:element name="findPropertiesTxByCriteriaResponse" type="tns:FindPropertiesTxByCriteriaResponseType"/>
  <xsd:element name="findCommunitiesBySearchTokenRequest" type="tns:findCommunitiesBySearchTokenRequest"/>
  <xsd:element name="findCommunitiesBySearchTokenResponse" type="tns:findCommunitiesBySearchTokenResponse"/>
  <xsd:element name="findStreetsBySearchTokenRequest" type="tns:findStreetsBySearchTokenRequest"/>
  <xsd:element name="findStreetsBySearchTokenResponse" type="tns:findStreetsBySearchTokenResponse"/>
  <xsd:element name="getListForAddressRequest" type="tns:getListForAddressRequest"/>
  <xsd:element name="getListForAddressResponse" type="tns:getListForAddressResponse"/>
  <xsd:element name="findPropertyByParcelIdRequest" type="tns:findPropertyByParcelIdRequest"/>
  <xsd:element name="findPropertyByParcelIdResponse" type="tns:findPropertyByParcelIdResponse"/>
</xsd:schema>]]></con:content>
        <con:type>http://www.w3.org/2001/XMLSchema</con:type>
      </con:part>
      <con:part>
        <con:url>file:/home/alain/git/realestateservice/RealEstateServiceRegistry/wsdl/realEstateService/1.1.0/messages/baseMessageTypes_v1.xsd</con:url>
        <con:content><![CDATA[<xsd:schema targetNamespace="http://fidus.brussels/type/common/messages/v1" elementFormDefault="qualified" attributeFormDefault="unqualified" version="1.0" xmlns:xsd="http://www.w3.org/2001/XMLSchema" xmlns:cmn="http://fidus.brussels/type/common/v1" xmlns:tns="http://fidus.brussels/type/common/messages/v1">
  <!--Unformatted message Id-->
  <xsd:simpleType name="MessageIdType">
    <xsd:restriction base="xsd:string">
      <xsd:minLength value="1"/>
      <xsd:maxLength value="64"/>
    </xsd:restriction>
  </xsd:simpleType>
  <!--National Number of the person. Format depending on the Register-->
  <xsd:simpleType name="PersonNumberType">
    <xsd:restriction base="xsd:string">
      <xsd:pattern value="[0-9][0-9](([0][0-9])|([1][0-2]))(([0-2][0-9])|([3][0-1]))(([0-9]{2}[1-9])|([0-9][1-9][0-9])|([1-9][0-9]{2}))(([0-8][0-9])|([9][0-7]))">
        <xsd:annotation>
          <xsd:documentation>National Register format</xsd:documentation>
        </xsd:annotation>
      </xsd:pattern>
      <xsd:pattern value="[0-9][0-9](([2][0-9])|([3][0-2]))(([0-2][0-9])|([3][0-1]))[0-9]{3}(([0-8][0-9])|([9][0-7]))">
        <xsd:annotation>
          <xsd:documentation>CBSS Register format: Bis Register</xsd:documentation>
        </xsd:annotation>
      </xsd:pattern>
      <xsd:pattern value="[0-9][0-9](([4][0-9])|([5][0-2]))(([0-2][0-9])|([3][0-1]))[0-9]{3}(([0-8][0-9])|([9][0-7]))">
        <xsd:annotation>
          <xsd:documentation>CBSS Register format: Ter Register</xsd:documentation>
        </xsd:annotation>
      </xsd:pattern>
    </xsd:restriction>
  </xsd:simpleType>
  <!--Request message context-->
  <xsd:complexType name="RequestMessageContextType">
    <xsd:annotation>
      <xsd:documentation>Message context block generated by the consumer.</xsd:documentation>
    </xsd:annotation>
    <xsd:sequence>
      <xsd:element name="messageId" type="tns:MessageIdType">
        <xsd:annotation>
          <xsd:documentation>Consumer must assign their own MessageId reference for the request.</xsd:documentation>
        </xsd:annotation>
      </xsd:element>
      <xsd:element name="timestamp" type="xsd:dateTime" minOccurs="0">
        <xsd:annotation>
          <xsd:documentation>Timestamp when client sent request.</xsd:documentation>
        </xsd:annotation>
      </xsd:element>
    </xsd:sequence>
  </xsd:complexType>
  <!--Response message context-->
  <xsd:complexType name="ResponseMessageContextType">
    <xsd:annotation>
      <xsd:documentation>MessageContext block generated by fidus.</xsd:documentation>
    </xsd:annotation>
    <xsd:sequence>
      <xsd:element name="messageId" type="tns:MessageIdType">
        <xsd:annotation>
          <xsd:documentation>A unique identifier generated by fidus.</xsd:documentation>
        </xsd:annotation>
      </xsd:element>
      <xsd:element name="transactionId" type="tns:MessageIdType">
        <xsd:annotation>
          <xsd:documentation>A unique ID returned to the client for tracing purposes.</xsd:documentation>
        </xsd:annotation>
      </xsd:element>
      <xsd:element name="timestamp" type="xsd:dateTime" minOccurs="0">
        <xsd:annotation>
          <xsd:documentation>Time reply sent by fidus.</xsd:documentation>
        </xsd:annotation>
      </xsd:element>
    </xsd:sequence>
  </xsd:complexType>
  <!--Legal Context : the finality of the Privacy Commission-->
  <xsd:simpleType name="LegalContextType">
    <xsd:restriction base="xsd:string">
      <xsd:minLength value="1"/>
      <xsd:maxLength value="64"/>
    </xsd:restriction>
  </xsd:simpleType>
  <xsd:complexType name="UserContextType">
    <xsd:annotation>
      <xsd:documentation>The user context defines information regarding the actual user performing a request.</xsd:documentation>
    </xsd:annotation>
    <xsd:sequence>
      <xsd:element name="language" type="xsd:language" nillable="true">
        <xsd:annotation>
          <xsd:documentation>The preferred language of the actual user performing the request.
						This influences the language in which response elements are cast.</xsd:documentation>
        </xsd:annotation>
      </xsd:element>
    </xsd:sequence>
  </xsd:complexType>
</xsd:schema>]]></con:content>
        <con:type>http://www.w3.org/2001/XMLSchema</con:type>
      </con:part>
      <con:part>
        <con:url>file:/home/alain/git/realestateservice/RealEstateServiceRegistry/wsdl/realEstateService/1.1.0/messages/exceptionTypes_v1.xsd</con:url>
        <con:content><![CDATA[<xsd:schema targetNamespace="http://fidus.brussels/type/common/exceptions/v1" elementFormDefault="qualified" attributeFormDefault="unqualified" version="1.0" xmlns:xsd="http://www.w3.org/2001/XMLSchema" xmlns:tns="http://fidus.brussels/type/common/exceptions/v1">
  <!--Basic error typed-->
  <xsd:complexType name="ExceptionsType">
    <xsd:sequence>
      <xsd:element name="exception" type="tns:ExceptionType" maxOccurs="unbounded"/>
    </xsd:sequence>
  </xsd:complexType>
  <xsd:complexType name="ExceptionType">
    <xsd:sequence>
      <xsd:element name="type" type="tns:ExceptionClassType"/>
      <xsd:element name="code" type="tns:ExceptionCodeType"/>
      <xsd:element name="source" type="tns:ExceptionSourceType"/>
      <xsd:element name="description" type="tns:ExceptionDescriptionType"/>
    </xsd:sequence>
  </xsd:complexType>
  <xsd:simpleType name="ExceptionClassType">
    <xsd:restriction base="xsd:string">
      <xsd:enumeration value="ERROR"/>
      <xsd:enumeration value="WARNING"/>
      <xsd:enumeration value="INFO"/>
    </xsd:restriction>
  </xsd:simpleType>
  <xsd:simpleType name="ExceptionCodeType">
    <xsd:restriction base="xsd:string">
      <xsd:maxLength value="20"/>
    </xsd:restriction>
  </xsd:simpleType>
  <xsd:simpleType name="ExceptionSourceType">
    <xsd:restriction base="xsd:string">
      <xsd:maxLength value="20"/>
    </xsd:restriction>
  </xsd:simpleType>
  <xsd:simpleType name="ExceptionDescriptionType">
    <xsd:restriction base="xsd:string"/>
  </xsd:simpleType>
</xsd:schema>]]></con:content>
        <con:type>http://www.w3.org/2001/XMLSchema</con:type>
      </con:part>
      <con:part>
        <con:url>file:/home/alain/git/realestateservice/RealEstateServiceRegistry/wsdl/realEstateService/1.1.0/consultimmotx/ConsultImmoTxDataService2.xsd</con:url>
        <con:content><![CDATA[<xs:schema attributeFormDefault="unqualified" elementFormDefault="qualified" targetNamespace="http://www.minfin.fgov.be/schemas/esb/consultimmotx/direct" xmlns:tx2="http://www.minfin.fgov.be/schemas/esb/consultimmotx/direct" xmlns:bas="http://www.minfin.fgov.be/schemas/esb/canonical/base/1" xmlns:cds="http://www.minfin.fgov.be/schemas/esb/ws/common/1" xmlns:xs="http://www.w3.org/2001/XMLSchema">
  <xs:import namespace="http://www.minfin.fgov.be/schemas/esb/canonical/base/1" schemaLocation="CommonBase.xsd"/>
  <xs:import namespace="http://www.minfin.fgov.be/schemas/esb/ws/common/1" schemaLocation="CommonDataService.xsd"/>
  <!--The type: be.fgov.minfin.esb.ws.consultimmotx.be.fgov.minfin.schemas.esb.consultimmotx.direct.Amount-->
  <xs:complexType name="amount">
    <xs:sequence>
      <xs:element name="type" type="xs:integer"/>
      <xs:element name="value" type="xs:double"/>
      <xs:element name="sequence" type="xs:string"/>
    </xs:sequence>
  </xs:complexType>
  <!--The type: be.fgov.minfin.esb.ws.consultimmotx.be.fgov.minfin.schemas.esb.consultimmotx.direct.ConsultImmoTxVpErrors-->
  <xs:simpleType name="ConsultImmoTxVpErrors">
    <xs:restriction base="xs:string">
      <xs:enumeration value="ciot:PersonNotFound"/>
    </xs:restriction>
  </xs:simpleType>
  <!--The type: be.fgov.minfin.esb.ws.consultimmotx.be.fgov.minfin.schemas.esb.consultimmotx.direct.Fiche60-->
  <xs:complexType name="fiche60">
    <xs:annotation>
      <xs:documentation>Fiche60 is the business identifier for Fod Fin
			Fiche60 is an analysis of what is written on the deed
			one fiche60 is equal to one deed</xs:documentation>
    </xs:annotation>
    <xs:sequence>
      <xs:element minOccurs="0" name="year">
        <xs:annotation>
          <xs:documentation>DB: FUN_BRONFICHE.T_I_CYCL
					The year in which the fiche60 was created in the office
					format: yyyy</xs:documentation>
        </xs:annotation>
        <xs:simpleType>
          <xs:restriction base="xs:string">
            <xs:maxLength value="20"/>
          </xs:restriction>
        </xs:simpleType>
      </xs:element>
      <xs:element minOccurs="0" name="officeNumber">
        <xs:annotation>
          <xs:documentation>DB: FUN_BRONFICHE.T_I_NUM_BUR
					The office number where the fiche60 was created</xs:documentation>
        </xs:annotation>
        <xs:simpleType>
          <xs:restriction base="xs:string">
            <xs:maxLength value="3"/>
          </xs:restriction>
        </xs:simpleType>
      </xs:element>
      <xs:element minOccurs="0" name="sequenceNumber">
        <xs:annotation>
          <xs:documentation>DB: FUN_BRONFICHE.T_I_SEQ_FICHE
					The sequence of fiche60 created in the office</xs:documentation>
        </xs:annotation>
        <xs:simpleType>
          <xs:restriction base="xs:string">
            <xs:maxLength value="4"/>
          </xs:restriction>
        </xs:simpleType>
      </xs:element>
      <xs:element minOccurs="0" name="codeTypeFiche60">
        <xs:annotation>
          <xs:documentation>DB: FUN_BRONFICHE.T_I_CAT_DOC
					The code for the type of fiche60</xs:documentation>
        </xs:annotation>
        <xs:simpleType>
          <xs:restriction base="xs:string">
            <xs:maxLength value="1"/>
          </xs:restriction>
        </xs:simpleType>
      </xs:element>
      <xs:element minOccurs="0" name="goodNumber">
        <xs:annotation>
          <xs:documentation>DB: FUN_BRONFICHE.T_I_NUM_BIEN
					The number of the good</xs:documentation>
        </xs:annotation>
        <xs:simpleType>
          <xs:restriction base="xs:string">
            <xs:maxLength value="3"/>
          </xs:restriction>
        </xs:simpleType>
      </xs:element>
    </xs:sequence>
  </xs:complexType>
  <!--The type: be.fgov.minfin.esb.ws.consultimmotx.be.fgov.minfin.schemas.esb.consultimmotx.direct.FindPropertiesTransactionsByCriteriaRequest-->
  <xs:element name="findPropertiesTransactionsByCriteriaRequest" type="tx2:findPropertiesTransactionsByCriteriaRequestType"/>
  <!--The type: be.fgov.minfin.esb.ws.consultimmotx.be.fgov.minfin.schemas.esb.consultimmotx.direct.FindPropertiesTransactionsByCriteriaRequestType-->
  <xs:complexType name="findPropertiesTransactionsByCriteriaRequestType">
    <xs:annotation>
      <xs:documentation>Request containing optional elements to apply filters to narrow a search.</xs:documentation>
    </xs:annotation>
    <xs:sequence>
      <xs:element name="province">
        <xs:annotation>
          <xs:documentation>"Regio of provincie". Code corresponding to a county or a region.</xs:documentation>
        </xs:annotation>
        <xs:simpleType>
          <xs:restriction base="xs:string">
            <xs:minLength value="5"/>
            <xs:maxLength value="5"/>
          </xs:restriction>
        </xs:simpleType>
      </xs:element>
      <xs:element maxOccurs="3" name="adminCommune" type="xs:integer">
        <xs:annotation>
          <xs:documentation>"Administrative gemeente". Code corresponding to a town or city.</xs:documentation>
        </xs:annotation>
      </xs:element>
      <xs:element maxOccurs="5" minOccurs="0" name="division" type="xs:string">
        <xs:annotation>
          <xs:documentation>"Afdeling". division, subdivision of a town.</xs:documentation>
        </xs:annotation>
      </xs:element>
      <xs:element minOccurs="0" name="street" type="xs:string">
        <xs:annotation>
          <xs:documentation>"Straatnaam". Code corresponding to a street.</xs:documentation>
        </xs:annotation>
      </xs:element>
      <xs:element minOccurs="0" name="section" type="xs:string">
        <xs:annotation>
          <xs:documentation>"Sectie". Code corresponding to a section.</xs:documentation>
        </xs:annotation>
      </xs:element>
      <xs:element minOccurs="0" name="groundNumber" type="bas:IntegerRange">
        <xs:annotation>
          <xs:documentation>"Grondnummer". This code has to be between 100 and 0600.</xs:documentation>
        </xs:annotation>
      </xs:element>
      <xs:element maxOccurs="5" name="typeInscription" type="xs:string">
        <xs:annotation>
          <xs:documentation>"Type-inschrijving". Type of inscription</xs:documentation>
        </xs:annotation>
      </xs:element>
      <xs:element minOccurs="0" name="deedDate" type="bas:DateInterval">
        <xs:annotation>
          <xs:documentation>"Datum akte". Date of deed (min 1st of jan 2012).</xs:documentation>
        </xs:annotation>
      </xs:element>
      <xs:element minOccurs="0" name="locoNumber" type="xs:string">
        <xs:annotation>
          <xs:documentation>"Nr Loco".</xs:documentation>
        </xs:annotation>
      </xs:element>
      <xs:element minOccurs="0" name="fiche60" type="tx2:fiche60">
        <xs:annotation>
          <xs:documentation>"Nr F60". Fiche60 is the business identifier for Fod Fin
			Fiche60 is an analysis of what is written on the deed
			one fiche60 is equal to one deed</xs:documentation>
        </xs:annotation>
      </xs:element>
      <xs:element minOccurs="0" name="natureCode" type="xs:string">
        <xs:annotation>
          <xs:documentation>"Aard volgens kadaster". Cadastral nature</xs:documentation>
        </xs:annotation>
      </xs:element>
      <xs:element maxOccurs="5" name="natureCodeDeed" type="xs:integer">
        <xs:annotation>
          <xs:documentation>"Aard volgens akte". Nature following deed</xs:documentation>
        </xs:annotation>
      </xs:element>
      <xs:element minOccurs="0" name="additionalDetails" type="xs:string">
        <xs:annotation>
          <xs:documentation>"Bijkomende details". Details.</xs:documentation>
        </xs:annotation>
      </xs:element>
      <xs:element minOccurs="0" name="surfaceParcel" type="bas:IntegerRange">
        <xs:annotation>
          <xs:documentation>"Oppervlakte". Surface (ie: between 100 and 5000).</xs:documentation>
        </xs:annotation>
      </xs:element>
      <xs:element minOccurs="0" name="deedSurface" type="bas:IntegerRange">
        <xs:annotation>
          <xs:documentation>"Oppervlakte akte". Surface following deed (ie: between 100 and 5000).</xs:documentation>
        </xs:annotation>
      </xs:element>
      <xs:element minOccurs="0" name="floorSurface" type="bas:IntegerRange">
        <xs:annotation>
          <xs:documentation>"Vloeroppervlakte". Building surface (ie: between 100 and 400).</xs:documentation>
        </xs:annotation>
      </xs:element>
      <xs:element maxOccurs="5" minOccurs="0" name="constructionIndication" type="xs:string">
        <xs:annotation>
          <xs:documentation>"Classificatie-indicie". Construction indice.</xs:documentation>
        </xs:annotation>
      </xs:element>
      <xs:element minOccurs="0" name="constructionType" type="xs:string">
        <xs:annotation>
          <xs:documentation>"Type constructie". Building type.</xs:documentation>
        </xs:annotation>
      </xs:element>
      <xs:element minOccurs="0" name="constructionQuality" type="xs:string">
        <xs:annotation>
          <xs:documentation>"Kwaliteit constructie". Construction quality</xs:documentation>
        </xs:annotation>
      </xs:element>
      <xs:element minOccurs="0" name="garret" type="xs:boolean">
        <xs:annotation>
          <xs:documentation>"Dakverdieping". Specifying if there is an attic or not.</xs:documentation>
        </xs:annotation>
      </xs:element>
      <xs:element minOccurs="0" name="centralHeating" type="xs:boolean">
        <xs:annotation>
          <xs:documentation>"Centrale verwarming". Specifying if there is central heating in the building.</xs:documentation>
        </xs:annotation>
      </xs:element>
      <xs:element minOccurs="0" name="floorNumberAboveground" type="bas:IntegerRange">
        <xs:annotation>
          <xs:documentation>"Aantal verdiepingen". Specifying how many levels in the building (ie: between 0 and 2).</xs:documentation>
        </xs:annotation>
      </xs:element>
      <xs:element minOccurs="0" name="constructionYear" type="tx2:rangeString">
        <xs:annotation>
          <xs:documentation>"Bouwjaar". Build year (ie: between 0001 and 2013)</xs:documentation>
        </xs:annotation>
      </xs:element>
      <xs:element minOccurs="0" name="physModYear" type="bas:IntegerRange">
        <xs:annotation>
          <xs:documentation>"Jaar laatste fysische wijziging". Specifying the last building change year (ie: between 1975 and 2013).</xs:documentation>
        </xs:annotation>
      </xs:element>
      <xs:element minOccurs="0" name="garageNumber" type="bas:IntegerRange">
        <xs:annotation>
          <xs:documentation>"Aantal garages". To check if it there is any garage or not (and if yes, how many).</xs:documentation>
        </xs:annotation>
      </xs:element>
      <xs:element minOccurs="0" name="bathroomNumber" type="bas:IntegerRange">
        <xs:annotation>
          <xs:documentation>"Aantal badkamers". Number of bathrooms (ie: between 1 and ...).</xs:documentation>
        </xs:annotation>
      </xs:element>
      <xs:element minOccurs="0" name="housingUnitNumber" type="bas:IntegerRange">
        <xs:annotation>
          <xs:documentation>"Aantal zelfst. woongelegenh." Number of self-contained accomodations.</xs:documentation>
        </xs:annotation>
      </xs:element>
      <xs:element minOccurs="0" name="placeNumber" type="bas:IntegerRange">
        <xs:annotation>
          <xs:documentation>"Aantal woonplaatsen". Number of rooms (ie: between 1 and 12).</xs:documentation>
        </xs:annotation>
      </xs:element>
      <xs:element minOccurs="0" name="builtSurface" type="bas:IntegerRange">
        <xs:annotation>
          <xs:documentation>"Bebouwde grondoppervlakte". Built ground surface (ie: between 100 and 400).</xs:documentation>
        </xs:annotation>
      </xs:element>
      <xs:element minOccurs="0" name="usefulSurface" type="bas:IntegerRange">
        <xs:annotation>
          <xs:documentation>"Nuttige oppervlakte". Useful surface (ie: between 100 and 400).</xs:documentation>
        </xs:annotation>
      </xs:element>
      <xs:element minOccurs="0" name="totalAmount" type="bas:IntegerRange">
        <xs:annotation>
          <xs:documentation>"Totaal bedrag". Total price (ie: between 180000 and 500000).</xs:documentation>
        </xs:annotation>
      </xs:element>
      <xs:element minOccurs="0" name="groundAmount" type="bas:IntegerRange">
        <xs:annotation>
          <xs:documentation>"Bedrag grond". Price for ground (ie: between 125000 and 250000).</xs:documentation>
        </xs:annotation>
      </xs:element>
      <xs:element minOccurs="0" name="buildingAmount" type="bas:IntegerRange">
        <xs:annotation>
          <xs:documentation>"Bedrag constructie". Price for building (ie: between 100000 and 250000).</xs:documentation>
        </xs:annotation>
      </xs:element>
      <xs:element minOccurs="0" name="cadastralIncome" type="bas:IntegerRange">
        <xs:annotation>
          <xs:documentation>"Kadastraal inkomen". Cadastre revenue of property (ie: between 700 and 2500).</xs:documentation>
        </xs:annotation>
      </xs:element>
      <xs:element default="100" minOccurs="0" name="limitResult" type="xs:integer">
        <xs:annotation>
          <xs:documentation>Integer 'n' to set to cancel the search if result set contains more than 'n' elements.</xs:documentation>
        </xs:annotation>
      </xs:element>
    </xs:sequence>
  </xs:complexType>
  <!--The type: be.fgov.minfin.esb.ws.consultimmotx.be.fgov.minfin.schemas.esb.consultimmotx.direct.FindPropertiesTransactionsByCriteriaResponse-->
  <xs:element name="findPropertiesTransactionsByCriteriaResponse" type="tx2:findPropertiesTransactionsByCriteriaResponseType"/>
  <!--The type: be.fgov.minfin.esb.ws.consultimmotx.be.fgov.minfin.schemas.esb.consultimmotx.direct.FindPropertiesTransactionsByCriteriaResponseType-->
  <xs:complexType name="findPropertiesTransactionsByCriteriaResponseType">
    <xs:sequence>
      <xs:element maxOccurs="unbounded" minOccurs="0" name="transaction" type="tx2:transaction"/>
      <xs:element minOccurs="0" name="maxElemReached" type="xs:boolean"/>
      <xs:element minOccurs="0" name="numberElemForRequest" type="xs:integer"/>
    </xs:sequence>
  </xs:complexType>
  <!--The type: be.fgov.minfin.esb.ws.consultimmotx.be.fgov.minfin.schemas.esb.consultimmotx.direct.Good-->
  <xs:complexType name="good">
    <xs:sequence>
      <xs:element minOccurs="0" name="fiche60" type="tx2:fiche60">
        <xs:annotation>
          <xs:documentation>Element containing informations about a particular deed and its transaction(s)</xs:documentation>
        </xs:annotation>
      </xs:element>
      <xs:element minOccurs="0" name="deedSurface" type="xs:integer">
        <xs:annotation>
          <xs:documentation>Surface following deed</xs:documentation>
        </xs:annotation>
      </xs:element>
      <xs:element maxOccurs="unbounded" minOccurs="0" name="amounts" type="tx2:amount">
        <xs:annotation>
          <xs:documentation>Amounts and their types for the given transaction</xs:documentation>
        </xs:annotation>
      </xs:element>
      <xs:element minOccurs="0" name="natureCodeDeed" type="bas:Code">
        <xs:annotation>
          <xs:documentation>Nature following deed</xs:documentation>
        </xs:annotation>
      </xs:element>
      <xs:element minOccurs="0" name="text" type="xs:string">
        <xs:annotation>
          <xs:documentation>Description</xs:documentation>
        </xs:annotation>
      </xs:element>
      <xs:element minOccurs="0" name="info" type="xs:string">
        <xs:annotation>
          <xs:documentation>Description</xs:documentation>
        </xs:annotation>
      </xs:element>
      <xs:element maxOccurs="unbounded" minOccurs="0" name="parcels" type="tx2:parcel">
        <xs:annotation>
          <xs:documentation>Parcels list corresponding to an good (a transaction)</xs:documentation>
        </xs:annotation>
      </xs:element>
    </xs:sequence>
  </xs:complexType>
  <!--The type: be.fgov.minfin.esb.ws.consultimmotx.be.fgov.minfin.schemas.esb.consultimmotx.direct.Parcel-->
  <xs:complexType name="parcel">
    <xs:sequence>
      <xs:element minOccurs="0" name="parcelProperties" type="tx2:parcelProperties">
        <xs:annotation>
          <xs:documentation>Parcel properties.</xs:documentation>
        </xs:annotation>
      </xs:element>
      <xs:element minOccurs="0" name="detail" type="xs:string">
        <xs:annotation>
          <xs:documentation>Details</xs:documentation>
        </xs:annotation>
      </xs:element>
      <xs:element maxOccurs="unbounded" minOccurs="0" name="amounts" type="tx2:amount">
        <xs:annotation>
          <xs:documentation>List of amounts with their type</xs:documentation>
        </xs:annotation>
      </xs:element>
      <xs:element minOccurs="0" name="natureCode" type="bas:Code">
        <xs:annotation>
          <xs:documentation>natureCode</xs:documentation>
        </xs:annotation>
      </xs:element>
      <xs:element minOccurs="0" name="coordinates" type="bas:SimpleCoordinates">
        <xs:annotation>
          <xs:documentation>Location of the parcel (lambert notation)</xs:documentation>
        </xs:annotation>
      </xs:element>
      <xs:element minOccurs="0" name="article" type="xs:string">
        <xs:annotation>
          <xs:documentation>Article</xs:documentation>
        </xs:annotation>
      </xs:element>
      <xs:element minOccurs="0" name="text" type="xs:string">
        <xs:annotation>
          <xs:documentation>Parcel description</xs:documentation>
        </xs:annotation>
      </xs:element>
      <xs:element minOccurs="0" name="sequenceNumber" type="xs:string">
        <xs:annotation>
          <xs:documentation>Sequence number</xs:documentation>
        </xs:annotation>
      </xs:element>
      <xs:element minOccurs="0" name="locoNumber" type="xs:string">
        <xs:annotation>
          <xs:documentation>Loco Nr.</xs:documentation>
        </xs:annotation>
      </xs:element>
      <xs:element name="multipleCadastralIncomes" type="xs:boolean">
        <xs:annotation>
          <xs:documentation>Flag showing if there is more than one cadastral income</xs:documentation>
        </xs:annotation>
      </xs:element>
      <xs:element minOccurs="0" name="codeCI" type="xs:string">
        <xs:annotation>
          <xs:documentation>Cadastral income code</xs:documentation>
        </xs:annotation>
      </xs:element>
      <xs:element minOccurs="0" name="cadastralIncome" type="xs:integer">
        <xs:annotation>
          <xs:documentation>Cadastral income</xs:documentation>
        </xs:annotation>
      </xs:element>
      <xs:element minOccurs="0" name="calculatedMarketValue" type="xs:decimal">
        <xs:annotation>
          <xs:documentation>The calculated market value of the propertystate.</xs:documentation>
        </xs:annotation>
      </xs:element>
      <xs:element minOccurs="0" name="calculatedMinMarketValue" type="xs:decimal">
        <xs:annotation>
          <xs:documentation>Calculated minimal market value for sale</xs:documentation>
        </xs:annotation>
      </xs:element>
      <xs:element minOccurs="0" name="calculatedMaxMarketValue" type="xs:decimal">
        <xs:annotation>
          <xs:documentation>calculated maximal market value for sale</xs:documentation>
        </xs:annotation>
      </xs:element>
      <xs:element minOccurs="0" name="theoreticalYield" type="xs:decimal"/>
      <xs:element minOccurs="0" name="sitPatBefore" type="bas:Code"/>
      <xs:element minOccurs="0" name="sitPatAfter" type="bas:Code"/>
      <xs:element maxOccurs="unbounded" minOccurs="0" name="parcelEntities" type="tx2:parcelEntity"/>
    </xs:sequence>
  </xs:complexType>
  <!--The type: be.fgov.minfin.esb.ws.consultimmotx.be.fgov.minfin.schemas.esb.consultimmotx.direct.ParcelEntity-->
  <xs:complexType name="parcelEntity">
    <xs:sequence>
      <xs:element minOccurs="0" name="street" type="bas:Code">
        <xs:annotation>
          <xs:documentation>Element containing an unique code corresponding to a street and its
						translation in any (or all) national language</xs:documentation>
        </xs:annotation>
      </xs:element>
      <xs:element minOccurs="0" name="houseNumber" type="xs:string">
        <xs:annotation>
          <xs:documentation>House number</xs:documentation>
        </xs:annotation>
      </xs:element>
      <xs:element minOccurs="0" name="floorNumberAboveground" type="xs:integer">
        <xs:annotation>
          <xs:documentation>Integer telling how many levels the given building has from floor to top</xs:documentation>
        </xs:annotation>
      </xs:element>
      <xs:element minOccurs="0" name="garret" type="xs:boolean">
        <xs:annotation>
          <xs:documentation>Flag to specify if there is a garret or not</xs:documentation>
        </xs:annotation>
      </xs:element>
      <xs:element minOccurs="0" name="garageNumber" type="xs:integer">
        <xs:annotation>
          <xs:documentation>Number of garagess</xs:documentation>
        </xs:annotation>
      </xs:element>
      <xs:element minOccurs="0" name="centralHeating" type="xs:boolean">
        <xs:annotation>
          <xs:documentation>Flag to specify if there is a central heating or not</xs:documentation>
        </xs:annotation>
      </xs:element>
      <xs:element minOccurs="0" name="bathroomNumber" type="xs:integer">
        <xs:annotation>
          <xs:documentation>Number of bathrooms in the parcel</xs:documentation>
        </xs:annotation>
      </xs:element>
      <xs:element minOccurs="0" name="housingUnitNumber" type="xs:integer">
        <xs:annotation>
          <xs:documentation>Number of self contained accommodations</xs:documentation>
        </xs:annotation>
      </xs:element>
      <xs:element minOccurs="0" name="placeNumber" type="xs:integer">
        <xs:annotation>
          <xs:documentation>Number of rooms</xs:documentation>
        </xs:annotation>
      </xs:element>
      <xs:element minOccurs="0" name="surfaceParcel" type="xs:integer">
        <xs:annotation>
          <xs:documentation>Total surface of the parcel</xs:documentation>
        </xs:annotation>
      </xs:element>
      <xs:element minOccurs="0" name="builtSurface" type="xs:integer">
        <xs:annotation>
          <xs:documentation>Surface of the building on the ground</xs:documentation>
        </xs:annotation>
      </xs:element>
      <xs:element minOccurs="0" name="groundSurface" type="xs:integer">
        <xs:annotation>
          <xs:documentation>Surface of the remain of parcel</xs:documentation>
        </xs:annotation>
      </xs:element>
      <xs:element minOccurs="0" name="usefulSurface" type="xs:integer">
        <xs:annotation>
          <xs:documentation>Useful surface of the building</xs:documentation>
        </xs:annotation>
      </xs:element>
      <xs:element minOccurs="0" name="physModYear" type="xs:integer">
        <xs:annotation>
          <xs:documentation>Year of last change on the building structure</xs:documentation>
        </xs:annotation>
      </xs:element>
      <xs:element minOccurs="0" name="constructionQuality" type="bas:Code">
        <xs:annotation>
          <xs:documentation>Construction quality</xs:documentation>
        </xs:annotation>
      </xs:element>
      <xs:element minOccurs="0" name="constructionIndication" type="bas:Code">
        <xs:annotation>
          <xs:documentation>Construction indice</xs:documentation>
        </xs:annotation>
      </xs:element>
      <xs:element minOccurs="0" name="constructionType" type="bas:Code">
        <xs:annotation>
          <xs:documentation>type of construction</xs:documentation>
        </xs:annotation>
      </xs:element>
      <xs:element minOccurs="0" name="constructionYear" type="bas:Code">
        <xs:annotation>
          <xs:documentation>Year of construction</xs:documentation>
        </xs:annotation>
      </xs:element>
    </xs:sequence>
  </xs:complexType>
  <!--The type: be.fgov.minfin.esb.ws.consultimmotx.be.fgov.minfin.schemas.esb.consultimmotx.direct.ParcelProperties-->
  <xs:complexType name="parcelProperties">
    <xs:sequence>
      <xs:element minOccurs="0" name="cadastralDivision" type="bas:Code">
        <xs:annotation>
          <xs:documentation>Code of cadastral division</xs:documentation>
        </xs:annotation>
      </xs:element>
      <xs:element minOccurs="0" name="section" type="xs:string">
        <xs:annotation>
          <xs:documentation>Section</xs:documentation>
        </xs:annotation>
      </xs:element>
      <xs:element minOccurs="0" name="primaryNumber" type="xs:integer">
        <xs:annotation>
          <xs:documentation>Primary Number</xs:documentation>
        </xs:annotation>
      </xs:element>
      <xs:element minOccurs="0" name="exponentLetter" type="xs:string">
        <xs:annotation>
          <xs:documentation>Exponent letter</xs:documentation>
        </xs:annotation>
      </xs:element>
      <xs:element minOccurs="0" name="exponentNumber" type="xs:integer">
        <xs:annotation>
          <xs:documentation>Exponent number</xs:documentation>
        </xs:annotation>
      </xs:element>
      <xs:element minOccurs="0" name="bisNumber" type="xs:integer">
        <xs:annotation>
          <xs:documentation>bis number</xs:documentation>
        </xs:annotation>
      </xs:element>
      <xs:element minOccurs="0" name="partNumber" type="xs:string">
        <xs:annotation>
          <xs:documentation>Part number</xs:documentation>
        </xs:annotation>
      </xs:element>
    </xs:sequence>
  </xs:complexType>
  <!--The type: be.fgov.minfin.esb.ws.consultimmotx.be.fgov.minfin.schemas.esb.consultimmotx.direct.RangeString-->
  <xs:complexType name="rangeString">
    <xs:annotation>
      <xs:documentation>Range type to define boundaries between two numbers represented by a string.</xs:documentation>
    </xs:annotation>
    <xs:sequence>
      <xs:element name="low" type="xs:string"/>
      <xs:element name="high" type="xs:string"/>
    </xs:sequence>
  </xs:complexType>
  <!--The type: be.fgov.minfin.esb.ws.consultimmotx.be.fgov.minfin.schemas.esb.consultimmotx.direct.Transaction-->
  <xs:complexType name="transaction">
    <xs:sequence>
      <xs:element minOccurs="0" name="registrationDate" type="xs:date"/>
      <xs:element minOccurs="0" name="eventDate" type="xs:date"/>
      <xs:element minOccurs="0" name="mutationDate" type="xs:date"/>
      <xs:element minOccurs="0" name="eventCode" type="bas:Code"/>
      <xs:element minOccurs="0" name="transactionType" type="bas:Code"/>
      <xs:element minOccurs="0" name="notaryName" type="xs:string"/>
      <xs:element minOccurs="0" name="text" type="xs:string"/>
      <xs:element maxOccurs="unbounded" minOccurs="0" name="goods" type="tx2:good"/>
    </xs:sequence>
  </xs:complexType>
</xs:schema>]]></con:content>
        <con:type>http://www.w3.org/2001/XMLSchema</con:type>
      </con:part>
      <con:part>
        <con:url>file:/home/alain/git/realestateservice/RealEstateServiceRegistry/wsdl/realEstateService/1.1.0/consultimmotx/CommonBase.xsd</con:url>
        <con:content><![CDATA[<xs:schema attributeFormDefault="unqualified" elementFormDefault="qualified" targetNamespace="http://www.minfin.fgov.be/schemas/esb/canonical/base/1" xmlns:bas="http://www.minfin.fgov.be/schemas/esb/canonical/base/1" xmlns:xs="http://www.w3.org/2001/XMLSchema">
  <!--The type: be.fgov.minfin.esb.ws.consultimmotx.be.fgov.minfin.schemas.esb.canonical.base.x1.Code-->
  <xs:complexType name="Code">
    <xs:complexContent>
      <xs:extension base="bas:Wording">
        <xs:sequence minOccurs="0"/>
        <xs:attribute name="code" type="xs:string"/>
      </xs:extension>
    </xs:complexContent>
  </xs:complexType>
  <!--The type: be.fgov.minfin.esb.ws.consultimmotx.be.fgov.minfin.schemas.esb.canonical.base.x1.CodeLabel-->
  <xs:complexType name="CodeLabel">
    <xs:simpleContent>
      <xs:extension base="xs:string">
        <xs:attribute name="code" type="xs:string"/>
      </xs:extension>
    </xs:simpleContent>
  </xs:complexType>
  <!--The type: be.fgov.minfin.esb.ws.consultimmotx.be.fgov.minfin.schemas.esb.canonical.base.x1.DataExtension-->
  <xs:simpleType name="DataExtension">
    <xs:restriction base="xs:string">
      <xs:enumeration value="sitran:Name"/>
      <xs:enumeration value="sitran:Address"/>
      <xs:enumeration value="sitran:TargetGroup"/>
    </xs:restriction>
  </xs:simpleType>
  <!--The type: be.fgov.minfin.esb.ws.consultimmotx.be.fgov.minfin.schemas.esb.canonical.base.x1.DataExtensionSet-->
  <xs:complexType name="DataExtensionSet">
    <xs:sequence>
      <xs:element maxOccurs="unbounded" minOccurs="0" name="extension" type="bas:DataExtension"/>
    </xs:sequence>
  </xs:complexType>
  <!--The type: be.fgov.minfin.esb.ws.consultimmotx.be.fgov.minfin.schemas.esb.canonical.base.x1.DateInterval-->
  <xs:complexType name="DateInterval">
    <xs:sequence>
      <xs:element name="start" type="xs:date"/>
      <xs:element name="end" type="xs:date"/>
    </xs:sequence>
  </xs:complexType>
  <!--The type: be.fgov.minfin.esb.ws.consultimmotx.be.fgov.minfin.schemas.esb.canonical.base.x1.DateTimeInterval-->
  <xs:complexType name="DateTimeInterval">
    <xs:sequence>
      <xs:element name="start" type="xs:dateTime"/>
      <xs:element name="end" type="xs:dateTime"/>
    </xs:sequence>
  </xs:complexType>
  <!--The type: be.fgov.minfin.esb.ws.consultimmotx.be.fgov.minfin.schemas.esb.canonical.base.x1.IntegerRange-->
  <xs:complexType name="IntegerRange">
    <xs:annotation>
      <xs:documentation>Range type to define boundaries for an integer number.</xs:documentation>
    </xs:annotation>
    <xs:sequence>
      <xs:element name="min" type="xs:integer"/>
      <xs:element name="max" type="xs:integer"/>
    </xs:sequence>
  </xs:complexType>
  <!--The type: be.fgov.minfin.esb.ws.consultimmotx.be.fgov.minfin.schemas.esb.canonical.base.x1.Label-->
  <xs:complexType name="Label">
    <xs:simpleContent>
      <xs:extension base="xs:string">
        <xs:attribute name="lang" type="bas:Language" use="required"/>
      </xs:extension>
    </xs:simpleContent>
  </xs:complexType>
  <!--The type: be.fgov.minfin.esb.ws.consultimmotx.be.fgov.minfin.schemas.esb.canonical.base.x1.Language-->
  <xs:simpleType name="Language">
    <xs:restriction base="xs:string">
      <xs:enumeration value="de"/>
      <xs:enumeration value="nl"/>
      <xs:enumeration value="fr"/>
    </xs:restriction>
  </xs:simpleType>
  <!--The type: be.fgov.minfin.esb.ws.consultimmotx.be.fgov.minfin.schemas.esb.canonical.base.x1.PersonId-->
  <xs:complexType name="PersonId">
    <xs:simpleContent>
      <xs:extension base="xs:decimal">
        <xs:attribute default="persidf" name="type">
          <xs:simpleType>
            <xs:restriction base="xs:string">
              <xs:enumeration value="persidf"/>
              <xs:enumeration value="kbo"/>
              <xs:enumeration value="nrn"/>
              <xs:enumeration value="local"/>
            </xs:restriction>
          </xs:simpleType>
        </xs:attribute>
      </xs:extension>
    </xs:simpleContent>
  </xs:complexType>
  <!--The type: be.fgov.minfin.esb.ws.consultimmotx.be.fgov.minfin.schemas.esb.canonical.base.x1.SimpleCoordinates-->
  <xs:complexType name="SimpleCoordinates">
    <xs:sequence>
      <xs:element name="x" type="xs:double"/>
      <xs:element name="y" type="xs:double"/>
    </xs:sequence>
  </xs:complexType>
  <!--The type: be.fgov.minfin.esb.ws.consultimmotx.be.fgov.minfin.schemas.esb.canonical.base.x1.Wording-->
  <xs:complexType name="Wording">
    <xs:sequence minOccurs="0">
      <xs:element maxOccurs="unbounded" minOccurs="0" name="label" type="bas:Label"/>
    </xs:sequence>
  </xs:complexType>
  <!--The type: be.fgov.minfin.esb.ws.consultimmotx.be.fgov.minfin.schemas.esb.canonical.base.x1.WordingFull-->
  <xs:complexType name="WordingFull">
    <xs:complexContent>
      <xs:extension base="bas:Wording">
        <xs:sequence></xs:sequence>
      </xs:extension>
    </xs:complexContent>
  </xs:complexType>
  <!--The type: be.fgov.minfin.esb.ws.consultimmotx.be.fgov.minfin.schemas.esb.canonical.base.x1.WordingShort-->
  <xs:complexType name="WordingShort">
    <xs:complexContent>
      <xs:extension base="bas:Wording"/>
    </xs:complexContent>
  </xs:complexType>
</xs:schema>]]></con:content>
        <con:type>http://www.w3.org/2001/XMLSchema</con:type>
      </con:part>
      <con:part>
        <con:url>file:/home/alain/git/realestateservice/RealEstateServiceRegistry/wsdl/realEstateService/1.1.0/consultimmotx/CommonDataService.xsd</con:url>
        <con:content><![CDATA[<xs:schema attributeFormDefault="unqualified" elementFormDefault="qualified" targetNamespace="http://www.minfin.fgov.be/schemas/esb/ws/common/1" xmlns:tns="http://www.minfin.fgov.be/schemas/esb/ws/common/1" xmlns:xs="http://www.w3.org/2001/XMLSchema">
  <!--The type: be.fgov.minfin.esb.ws.consultimmotx.be.fgov.minfin.schemas.esb.ws.common.x1.DataServiceFault-->
  <xs:element name="DataServiceFault" type="tns:DataServiceFault"/>
  <xs:complexType name="DataServiceFault">
    <xs:sequence>
      <xs:element minOccurs="0" name="message" type="xs:string"/>
      <xs:element minOccurs="0" name="subcode" type="xs:string"/>
    </xs:sequence>
  </xs:complexType>
</xs:schema>]]></con:content>
        <con:type>http://www.w3.org/2001/XMLSchema</con:type>
      </con:part>
      <con:part>
        <con:url>file:/home/alain/git/realestateservice/RealEstateServiceRegistry/wsdl/realEstateService/1.1.0/consultimmotx/ConsultImmoPropExternal.xsd</con:url>
        <con:content><![CDATA[<xs:schema attributeFormDefault="unqualified" elementFormDefault="unqualified" targetNamespace="http://www.minfin.fgov.be/schemas/esb/consultimmo" xmlns:ws="http://www.minfin.fgov.be/schemas/esb/consultimmo" xmlns:bas="http://www.minfin.fgov.be/schemas/esb/canonical/base/1" xmlns:xs="http://www.w3.org/2001/XMLSchema">
  <xs:import namespace="http://www.minfin.fgov.be/schemas/esb/canonical/base/1" schemaLocation="CommonBase.xsd"/>
  <!--The type: be.fgov.minfin.esb.consultimmodataservice.be.fgov.minfin.schemas.esb.consultimmo.AddressPartyVO-->
  <xs:complexType name="addressPartyVO">
    <xs:sequence>
      <xs:element minOccurs="0" name="parcelSituationIdf" type="xs:long">
        <xs:annotation>
          <xs:documentation>Propertyid of SitParcelle (oIdfTech)</xs:documentation>
        </xs:annotation>
      </xs:element>
      <xs:element minOccurs="0" name="nature" type="ws:CodeDescriptionType">
        <xs:annotation>
          <xs:documentation>Description of the nature of the parcel (codeNatureId)</xs:documentation>
        </xs:annotation>
      </xs:element>
      <xs:element minOccurs="0" name="busNumber" type="xs:string">
        <xs:annotation>
          <xs:documentation>busnumber</xs:documentation>
        </xs:annotation>
      </xs:element>
      <xs:element minOccurs="0" name="detail" type="xs:string">
        <xs:annotation>
          <xs:documentation>detail</xs:documentation>
        </xs:annotation>
      </xs:element>
      <xs:element minOccurs="0" name="descriptPrivate">
        <xs:annotation>
          <xs:documentation>Description of the private portion
Description partie privative
Beschrijving privatief deel</xs:documentation>
        </xs:annotation>
        <xs:simpleType>
          <xs:restriction base="xs:string">
            <xs:maxLength value="35"/>
          </xs:restriction>
        </xs:simpleType>
      </xs:element>
      <xs:element minOccurs="0" name="dateEnd" type="xs:date">
        <xs:annotation>
          <xs:documentation>end date</xs:documentation>
        </xs:annotation>
      </xs:element>
      <xs:element minOccurs="0" name="dateEndYear">
        <xs:annotation>
          <xs:documentation>The year a parcel became passive.</xs:documentation>
        </xs:annotation>
        <xs:simpleType>
          <xs:restriction base="xs:integer">
            <xs:totalDigits value="4"/>
          </xs:restriction>
        </xs:simpleType>
      </xs:element>
      <xs:element minOccurs="0" name="dateBeginYear">
        <xs:annotation>
          <xs:documentation>The year a parcel became active.</xs:documentation>
        </xs:annotation>
        <xs:simpleType>
          <xs:restriction base="xs:integer">
            <xs:totalDigits value="4"/>
          </xs:restriction>
        </xs:simpleType>
      </xs:element>
      <xs:element minOccurs="0" name="number" type="xs:string">
        <xs:annotation>
          <xs:documentation>housenumber</xs:documentation>
        </xs:annotation>
      </xs:element>
      <xs:element minOccurs="0" name="numberTri" type="xs:string">
        <xs:annotation>
          <xs:documentation>housenumber used for sorting</xs:documentation>
        </xs:annotation>
      </xs:element>
      <xs:element name="divCad" type="ws:CodeDescriptionType">
        <xs:annotation>
          <xs:documentation>description of the cadastrale division</xs:documentation>
        </xs:annotation>
      </xs:element>
      <xs:element name="section">
        <xs:annotation>
          <xs:documentation>section</xs:documentation>
        </xs:annotation>
        <xs:simpleType>
          <xs:restriction base="xs:string">
            <xs:maxLength value="1"/>
          </xs:restriction>
        </xs:simpleType>
      </xs:element>
      <xs:element minOccurs="0" name="primaryNumber">
        <xs:annotation>
          <xs:documentation>Grondnummer</xs:documentation>
        </xs:annotation>
        <xs:simpleType>
          <xs:restriction base="xs:integer">
            <xs:totalDigits value="4"/>
          </xs:restriction>
        </xs:simpleType>
      </xs:element>
      <xs:element minOccurs="0" name="bisNumber">
        <xs:annotation>
          <xs:documentation>bisnumber</xs:documentation>
        </xs:annotation>
        <xs:simpleType>
          <xs:restriction base="xs:integer">
            <xs:totalDigits value="2"/>
          </xs:restriction>
        </xs:simpleType>
      </xs:element>
      <xs:element minOccurs="0" name="exponentNumber">
        <xs:annotation>
          <xs:documentation>exponentnumber</xs:documentation>
        </xs:annotation>
        <xs:simpleType>
          <xs:restriction base="xs:integer">
            <xs:totalDigits value="3"/>
          </xs:restriction>
        </xs:simpleType>
      </xs:element>
      <xs:element minOccurs="0" name="exponentLetter">
        <xs:annotation>
          <xs:documentation>section</xs:documentation>
        </xs:annotation>
        <xs:simpleType>
          <xs:restriction base="xs:string">
            <xs:maxLength value="1"/>
          </xs:restriction>
        </xs:simpleType>
      </xs:element>
      <xs:element minOccurs="0" name="partNumber">
        <xs:annotation>
          <xs:documentation>partnumber (P0000 -> P9999)</xs:documentation>
        </xs:annotation>
        <xs:simpleType>
          <xs:restriction base="xs:string">
            <xs:maxLength value="5"/>
            <xs:pattern value="([P,p][0-9][0-9][0-9][0-9])"/>
          </xs:restriction>
        </xs:simpleType>
      </xs:element>
      <xs:element minOccurs="0" name="dateBegin" type="xs:date">
        <xs:annotation>
          <xs:documentation>begin date</xs:documentation>
        </xs:annotation>
      </xs:element>
      <xs:element minOccurs="0" name="zipCode" type="xs:string">
        <xs:annotation>
          <xs:documentation>zipcode</xs:documentation>
        </xs:annotation>
      </xs:element>
      <xs:element minOccurs="0" name="nisCom" type="ws:CodeDescriptionType">
        <xs:annotation>
          <xs:documentation>The community codedescription.</xs:documentation>
        </xs:annotation>
      </xs:element>
      <xs:element minOccurs="0" name="street" type="ws:CodeDescriptionType">
        <xs:annotation>
          <xs:documentation>description of the street code</xs:documentation>
        </xs:annotation>
      </xs:element>
    </xs:sequence>
  </xs:complexType>
  <!--The type: be.fgov.minfin.esb.consultimmodataservice.be.fgov.minfin.schemas.esb.consultimmo.AddressStateVO-->
  <xs:complexType name="addressStateVO">
    <xs:sequence>
      <xs:element minOccurs="0" name="zipCode">
        <xs:annotation>
          <xs:documentation>postalcode of the administrative city (gemeente)</xs:documentation>
        </xs:annotation>
        <xs:simpleType>
          <xs:restriction base="xs:integer">
            <xs:totalDigits value="10"/>
          </xs:restriction>
        </xs:simpleType>
      </xs:element>
      <xs:element name="nisCom" type="ws:CodeDescriptionType">
        <xs:annotation>
          <xs:documentation>The community codedescription.</xs:documentation>
        </xs:annotation>
      </xs:element>
      <xs:element minOccurs="0" name="streetAlphalog">
        <xs:annotation>
          <xs:documentation>the alphalogical description of the administrative city (gemeente)
                        Used for sorting the street in the mainframe</xs:documentation>
        </xs:annotation>
        <xs:simpleType>
          <xs:restriction base="xs:string">
            <xs:maxLength value="200"/>
          </xs:restriction>
        </xs:simpleType>
      </xs:element>
      <xs:element name="street" type="ws:CodeDescriptionType">
        <xs:annotation>
          <xs:documentation>The street codedescription.</xs:documentation>
        </xs:annotation>
      </xs:element>
      <xs:element minOccurs="0" name="number">
        <xs:annotation>
          <xs:documentation>HouseNumber and BusNumber</xs:documentation>
        </xs:annotation>
        <xs:simpleType>
          <xs:restriction base="xs:string">
            <xs:maxLength value="11"/>
          </xs:restriction>
        </xs:simpleType>
      </xs:element>
      <xs:element minOccurs="0" name="numberTri">
        <xs:annotation>
          <xs:documentation>HouseNumber and BusNumber in a formatted value
                        used for sorting the houseNumber in a street</xs:documentation>
        </xs:annotation>
        <xs:simpleType>
          <xs:restriction base="xs:string">
            <xs:maxLength value="11"/>
          </xs:restriction>
        </xs:simpleType>
      </xs:element>
      <xs:element minOccurs="0" name="beginVersion" type="xs:dateTime"/>
      <xs:element minOccurs="0" name="endVersion" type="xs:dateTime"/>
      <xs:element minOccurs="0" name="dateBegin" type="xs:date"/>
      <xs:element minOccurs="0" name="dateEnd" type="xs:date"/>
    </xs:sequence>
  </xs:complexType>
  <!--The type: be.fgov.minfin.esb.consultimmodataservice.be.fgov.minfin.schemas.esb.consultimmo.BuiltVO-->
  <xs:complexType name="builtVO">
    <xs:sequence>
      <xs:element minOccurs="0" name="addressStateVO" type="ws:addressStateVO"/>
      <xs:element minOccurs="0" name="acteDescription">
        <xs:annotation>
          <xs:documentation>Nature of the building in the act.</xs:documentation>
        </xs:annotation>
        <xs:simpleType>
          <xs:restriction base="xs:string">
            <xs:maxLength value="100"/>
          </xs:restriction>
        </xs:simpleType>
      </xs:element>
      <xs:element minOccurs="0" name="basementNumber">
        <xs:annotation>
          <xs:documentation>Total amount of basements</xs:documentation>
        </xs:annotation>
        <xs:simpleType>
          <xs:restriction base="xs:integer">
            <xs:totalDigits value="10"/>
          </xs:restriction>
        </xs:simpleType>
      </xs:element>
      <xs:element minOccurs="0" name="bathroomNumber">
        <xs:annotation>
          <xs:documentation>Total amount of bathrooms</xs:documentation>
        </xs:annotation>
        <xs:simpleType>
          <xs:restriction base="xs:integer">
            <xs:totalDigits value="10"/>
          </xs:restriction>
        </xs:simpleType>
      </xs:element>
      <xs:element minOccurs="0" name="bedroomNumber">
        <xs:annotation>
          <xs:documentation>Total amount of bedrooms</xs:documentation>
        </xs:annotation>
        <xs:simpleType>
          <xs:restriction base="xs:integer">
            <xs:totalDigits value="10"/>
          </xs:restriction>
        </xs:simpleType>
      </xs:element>
      <xs:element minOccurs="0" name="block">
        <xs:annotation>
          <xs:documentation>blocknumber</xs:documentation>
        </xs:annotation>
        <xs:simpleType>
          <xs:restriction base="xs:string">
            <xs:maxLength value="100"/>
          </xs:restriction>
        </xs:simpleType>
      </xs:element>
      <xs:element minOccurs="0" name="builtSurface">
        <xs:annotation>
          <xs:documentation>Total built surface</xs:documentation>
        </xs:annotation>
        <xs:simpleType>
          <xs:restriction base="xs:integer">
            <xs:totalDigits value="10"/>
          </xs:restriction>
        </xs:simpleType>
      </xs:element>
      <xs:element name="centralHeating" type="xs:boolean">
        <xs:annotation>
          <xs:documentation>central heating: yes / no</xs:documentation>
        </xs:annotation>
      </xs:element>
      <xs:element minOccurs="0" name="airco" type="ws:CodeDescriptionType">
        <xs:annotation>
          <xs:documentation>description of the code airco</xs:documentation>
        </xs:annotation>
      </xs:element>
      <xs:element minOccurs="0" name="constructionIndication" type="ws:CodeDescriptionType">
        <xs:annotation>
          <xs:documentation>description of the indication of the building</xs:documentation>
        </xs:annotation>
      </xs:element>
      <xs:element minOccurs="0" name="constructionQuality" type="ws:CodeDescriptionType">
        <xs:annotation>
          <xs:documentation>description of the construction quality</xs:documentation>
        </xs:annotation>
      </xs:element>
      <xs:element minOccurs="0" name="constructionType" type="ws:CodeDescriptionType">
        <xs:annotation>
          <xs:documentation>description of the construction type</xs:documentation>
        </xs:annotation>
      </xs:element>
      <xs:element minOccurs="0" name="constructionYear" type="ws:CodeDescriptionType">
        <xs:annotation>
          <xs:documentation>description of the construction year</xs:documentation>
        </xs:annotation>
      </xs:element>
      <xs:element minOccurs="0" name="descriptionDescr" type="ws:CodeDescriptionType">
        <xs:annotation>
          <xs:documentation>description of the private part(privatief deel)</xs:documentation>
        </xs:annotation>
      </xs:element>
      <xs:element minOccurs="0" name="domotica" type="ws:CodeDescriptionType">
        <xs:annotation>
          <xs:documentation>description of the domotica code</xs:documentation>
        </xs:annotation>
      </xs:element>
      <xs:element minOccurs="0" name="floorSituation" type="ws:CodeDescriptionType">
        <xs:annotation>
          <xs:documentation>description of the floor situation</xs:documentation>
        </xs:annotation>
      </xs:element>
      <xs:element minOccurs="0" name="pool" type="ws:CodeDescriptionType">
        <xs:annotation>
          <xs:documentation>description of the pool</xs:documentation>
        </xs:annotation>
      </xs:element>
      <xs:element minOccurs="0" name="purNature" type="ws:CodeDescriptionType">
        <xs:annotation>
          <xs:documentation>description of the nature of the pur</xs:documentation>
        </xs:annotation>
      </xs:element>
      <xs:element minOccurs="0" name="purType" type="ws:CodeDescriptionType">
        <xs:annotation>
          <xs:documentation>description of the type of the pur</xs:documentation>
        </xs:annotation>
      </xs:element>
      <xs:element minOccurs="0" name="renovType" type="ws:CodeDescriptionType">
        <xs:annotation>
          <xs:documentation>description of the type of renovation</xs:documentation>
        </xs:annotation>
      </xs:element>
      <xs:element minOccurs="0" name="coveredParkingLotNumber">
        <xs:annotation>
          <xs:documentation>amount of covered parkinglots</xs:documentation>
        </xs:annotation>
        <xs:simpleType>
          <xs:restriction base="xs:integer">
            <xs:totalDigits value="10"/>
          </xs:restriction>
        </xs:simpleType>
      </xs:element>
      <xs:element minOccurs="0" name="crossDetail">
        <xs:annotation>
          <xs:documentation>Building situated on multiple parcels</xs:documentation>
        </xs:annotation>
        <xs:simpleType>
          <xs:restriction base="xs:string">
            <xs:maxLength value="100"/>
          </xs:restriction>
        </xs:simpleType>
      </xs:element>
      <xs:element minOccurs="0" name="denom">
        <xs:annotation>
          <xs:documentation>unknown, this field is not documented</xs:documentation>
        </xs:annotation>
        <xs:simpleType>
          <xs:restriction base="xs:string">
            <xs:maxLength value="100"/>
          </xs:restriction>
        </xs:simpleType>
      </xs:element>
      <xs:element minOccurs="0" name="description">
        <xs:annotation>
          <xs:documentation>unknown, this field is not documented</xs:documentation>
        </xs:annotation>
        <xs:simpleType>
          <xs:restriction base="xs:string">
            <xs:maxLength value="100"/>
          </xs:restriction>
        </xs:simpleType>
      </xs:element>
      <xs:element minOccurs="0" name="detail">
        <xs:annotation>
          <xs:documentation>detailcode Cadnet</xs:documentation>
        </xs:annotation>
        <xs:simpleType>
          <xs:restriction base="xs:string">
            <xs:maxLength value="100"/>
          </xs:restriction>
        </xs:simpleType>
      </xs:element>
      <xs:element minOccurs="0" name="floor">
        <xs:annotation>
          <xs:documentation>floor</xs:documentation>
        </xs:annotation>
        <xs:simpleType>
          <xs:restriction base="xs:string">
            <xs:maxLength value="100"/>
          </xs:restriction>
        </xs:simpleType>
      </xs:element>
      <xs:element minOccurs="0" name="floorFrom">
        <xs:annotation>
          <xs:documentation>specifications of property in a building without a base
                        act/deed</xs:documentation>
        </xs:annotation>
        <xs:simpleType>
          <xs:restriction base="xs:integer">
            <xs:totalDigits value="10"/>
          </xs:restriction>
        </xs:simpleType>
      </xs:element>
      <xs:element minOccurs="0" name="floorNumberAboveground">
        <xs:annotation>
          <xs:documentation>amount of floors above ground</xs:documentation>
        </xs:annotation>
        <xs:simpleType>
          <xs:restriction base="xs:integer">
            <xs:totalDigits value="10"/>
          </xs:restriction>
        </xs:simpleType>
      </xs:element>
      <xs:element minOccurs="0" name="floorNumberUndergrond">
        <xs:annotation>
          <xs:documentation>amount of floors underground</xs:documentation>
        </xs:annotation>
        <xs:simpleType>
          <xs:restriction base="xs:integer">
            <xs:totalDigits value="10"/>
          </xs:restriction>
        </xs:simpleType>
      </xs:element>
      <xs:element minOccurs="0" name="floorSurface">
        <xs:annotation>
          <xs:documentation>total amount of Surface of the floor</xs:documentation>
        </xs:annotation>
        <xs:simpleType>
          <xs:restriction base="xs:integer">
            <xs:totalDigits value="10"/>
          </xs:restriction>
        </xs:simpleType>
      </xs:element>
      <xs:element minOccurs="0" name="floorTo">
        <xs:annotation>
          <xs:documentation>specifications of property in a building without a base
                        act/deed</xs:documentation>
        </xs:annotation>
        <xs:simpleType>
          <xs:restriction base="xs:integer">
            <xs:totalDigits value="10"/>
          </xs:restriction>
        </xs:simpleType>
      </xs:element>
      <xs:element minOccurs="0" name="garageNumber">
        <xs:annotation>
          <xs:documentation>amount of garages</xs:documentation>
        </xs:annotation>
        <xs:simpleType>
          <xs:restriction base="xs:integer">
            <xs:totalDigits value="10"/>
          </xs:restriction>
        </xs:simpleType>
      </xs:element>
      <xs:element name="garret" type="xs:boolean">
        <xs:annotation>
          <xs:documentation>garret: yes / no (mansarde)(dakverdieping)</xs:documentation>
        </xs:annotation>
      </xs:element>
      <xs:element minOccurs="0" name="liftNumber">
        <xs:annotation>
          <xs:documentation>total amount of lifts</xs:documentation>
        </xs:annotation>
        <xs:simpleType>
          <xs:restriction base="xs:integer">
            <xs:totalDigits value="10"/>
          </xs:restriction>
        </xs:simpleType>
      </xs:element>
      <xs:element minOccurs="0" name="housingUnitNumber">
        <xs:annotation>
          <xs:documentation>housing units</xs:documentation>
        </xs:annotation>
        <xs:simpleType>
          <xs:restriction base="xs:integer">
            <xs:totalDigits value="10"/>
          </xs:restriction>
        </xs:simpleType>
      </xs:element>
      <xs:element minOccurs="0" name="mainCommon">
        <xs:annotation>
          <xs:documentation>unknown, this field is not documented</xs:documentation>
        </xs:annotation>
        <xs:simpleType>
          <xs:restriction base="xs:integer">
            <xs:totalDigits value="5"/>
          </xs:restriction>
        </xs:simpleType>
      </xs:element>
      <xs:element minOccurs="0" name="otherNumber">
        <xs:annotation>
          <xs:documentation>unknown, this field is not documented</xs:documentation>
        </xs:annotation>
        <xs:simpleType>
          <xs:restriction base="xs:integer">
            <xs:totalDigits value="10"/>
          </xs:restriction>
        </xs:simpleType>
      </xs:element>
      <xs:element minOccurs="0" name="percentSurfaceHeated">
        <xs:annotation>
          <xs:documentation>percent of the heated surface</xs:documentation>
        </xs:annotation>
        <xs:simpleType>
          <xs:restriction base="xs:integer">
            <xs:totalDigits value="10"/>
          </xs:restriction>
        </xs:simpleType>
      </xs:element>
      <xs:element minOccurs="0" name="physModYear">
        <xs:annotation>
          <xs:documentation>the year of physical modification</xs:documentation>
        </xs:annotation>
        <xs:simpleType>
          <xs:restriction base="xs:integer">
            <xs:totalDigits value="10"/>
          </xs:restriction>
        </xs:simpleType>
      </xs:element>
      <xs:element minOccurs="0" name="placeNumber">
        <xs:annotation>
          <xs:documentation>total amount of places</xs:documentation>
        </xs:annotation>
        <xs:simpleType>
          <xs:restriction base="xs:integer">
            <xs:totalDigits value="10"/>
          </xs:restriction>
        </xs:simpleType>
      </xs:element>
      <xs:element minOccurs="0" name="purCommon">
        <xs:annotation>
          <xs:documentation>unknown, this field is not documented</xs:documentation>
        </xs:annotation>
        <xs:simpleType>
          <xs:restriction base="xs:integer">
            <xs:totalDigits value="5"/>
          </xs:restriction>
        </xs:simpleType>
      </xs:element>
      <xs:element minOccurs="0" name="purMain">
        <xs:annotation>
          <xs:documentation>part considered as main PUR</xs:documentation>
        </xs:annotation>
        <xs:simpleType>
          <xs:restriction base="xs:integer">
            <xs:totalDigits value="10"/>
          </xs:restriction>
        </xs:simpleType>
      </xs:element>
      <xs:element minOccurs="0" name="purNumber" type="xs:string">
        <xs:annotation>
          <xs:documentation>unknown, this field is not documented</xs:documentation>
        </xs:annotation>
      </xs:element>
      <xs:element minOccurs="0" name="renovSurface">
        <xs:annotation>
          <xs:documentation>amount of renovated surface</xs:documentation>
        </xs:annotation>
        <xs:simpleType>
          <xs:restriction base="xs:integer">
            <xs:totalDigits value="10"/>
          </xs:restriction>
        </xs:simpleType>
      </xs:element>
      <xs:element minOccurs="0" name="renovYear">
        <xs:annotation>
          <xs:documentation>year of the renovation</xs:documentation>
        </xs:annotation>
        <xs:simpleType>
          <xs:restriction base="xs:integer">
            <xs:totalDigits value="20"/>
          </xs:restriction>
        </xs:simpleType>
      </xs:element>
      <xs:element minOccurs="0" name="solarPanel">
        <xs:annotation>
          <xs:documentation>description of the solar panels used.</xs:documentation>
        </xs:annotation>
        <xs:simpleType>
          <xs:restriction base="xs:integer">
            <xs:totalDigits value="20"/>
          </xs:restriction>
        </xs:simpleType>
      </xs:element>
      <xs:element minOccurs="0" name="terraceNumber">
        <xs:annotation>
          <xs:documentation>number of terraces</xs:documentation>
        </xs:annotation>
        <xs:simpleType>
          <xs:restriction base="xs:integer">
            <xs:totalDigits value="10"/>
          </xs:restriction>
        </xs:simpleType>
      </xs:element>
      <xs:element minOccurs="0" name="text">
        <xs:annotation>
          <xs:documentation>free text</xs:documentation>
        </xs:annotation>
        <xs:simpleType>
          <xs:restriction base="xs:string">
            <xs:maxLength value="512"/>
          </xs:restriction>
        </xs:simpleType>
      </xs:element>
      <xs:element minOccurs="0" name="totalsurface">
        <xs:annotation>
          <xs:documentation>total surface</xs:documentation>
        </xs:annotation>
        <xs:simpleType>
          <xs:restriction base="xs:integer">
            <xs:totalDigits value="10"/>
          </xs:restriction>
        </xs:simpleType>
      </xs:element>
      <xs:element minOccurs="0" name="usedSurface">
        <xs:annotation>
          <xs:documentation>used surface</xs:documentation>
        </xs:annotation>
        <xs:simpleType>
          <xs:restriction base="xs:integer">
            <xs:totalDigits value="10"/>
          </xs:restriction>
        </xs:simpleType>
      </xs:element>
      <xs:element minOccurs="0" name="yearFrom">
        <xs:annotation>
          <xs:documentation>unknown, this field is not documented</xs:documentation>
        </xs:annotation>
        <xs:simpleType>
          <xs:restriction base="xs:integer">
            <xs:totalDigits value="10"/>
          </xs:restriction>
        </xs:simpleType>
      </xs:element>
      <xs:element minOccurs="0" name="yearTo">
        <xs:annotation>
          <xs:documentation>unknown, this field is not documented</xs:documentation>
        </xs:annotation>
        <xs:simpleType>
          <xs:restriction base="xs:integer">
            <xs:totalDigits value="10"/>
          </xs:restriction>
        </xs:simpleType>
      </xs:element>
    </xs:sequence>
  </xs:complexType>
  <!--The type: be.fgov.minfin.esb.consultimmodataservice.be.fgov.minfin.schemas.esb.consultimmo.BusinessRightVO-->
  <xs:complexType name="businessRightVO">
    <xs:sequence>
      <xs:element minOccurs="0" name="right">
        <xs:annotation>
          <xs:documentation>right</xs:documentation>
        </xs:annotation>
        <xs:simpleType>
          <xs:restriction base="xs:string">
            <xs:maxLength value="50"/>
          </xs:restriction>
        </xs:simpleType>
      </xs:element>
      <xs:element maxOccurs="unbounded" minOccurs="0" name="rightElementVO" type="ws:rightElementVO"/>
    </xs:sequence>
  </xs:complexType>
  <!--The type: be.fgov.minfin.esb.consultimmodataservice.be.fgov.minfin.schemas.esb.consultimmo.CadastralIncomeVO-->
  <xs:complexType name="cadastralIncomeVO">
    <xs:sequence>
      <xs:element name="cadastralIncome">
        <xs:annotation>
          <xs:documentation>cadastral income</xs:documentation>
        </xs:annotation>
        <xs:simpleType>
          <xs:restriction base="xs:integer">
            <xs:totalDigits value="10"/>
          </xs:restriction>
        </xs:simpleType>
      </xs:element>
      <xs:element maxOccurs="unbounded" minOccurs="0" name="decrete">
        <xs:complexType>
          <xs:sequence>
            <xs:element name="cadastralIncomeDecrete" type="ws:CodeDescriptionType">
              <xs:annotation>
                <xs:documentation>description for the cadastral income decrete</xs:documentation>
              </xs:annotation>
            </xs:element>
          </xs:sequence>
        </xs:complexType>
      </xs:element>
      <xs:element minOccurs="0" name="cadastralIncomeMotif">
        <xs:annotation>
          <xs:documentation>unknown, this field is not documented</xs:documentation>
        </xs:annotation>
        <xs:simpleType>
          <xs:restriction base="xs:string">
            <xs:maxLength value="100"/>
          </xs:restriction>
        </xs:simpleType>
      </xs:element>
      <xs:element minOccurs="0" name="charCadastralIncome" type="ws:CodeDescriptionType">
        <xs:annotation>
          <xs:documentation>description of the charactercode of the cadastral income</xs:documentation>
        </xs:annotation>
      </xs:element>
      <xs:element minOccurs="0" name="motivNotif1" type="ws:CodeDescriptionType">
        <xs:annotation>
          <xs:documentation>description of the motivNotif1</xs:documentation>
        </xs:annotation>
      </xs:element>
      <xs:element minOccurs="0" name="motivNotif2" type="ws:CodeDescriptionType">
        <xs:annotation>
          <xs:documentation>description of the motivNotif2</xs:documentation>
        </xs:annotation>
      </xs:element>
      <xs:element minOccurs="0" name="motivNotif3" type="ws:CodeDescriptionType">
        <xs:annotation>
          <xs:documentation>description of the motivNotif3</xs:documentation>
        </xs:annotation>
      </xs:element>
      <xs:element minOccurs="0" name="numberCadastralIncome" type="ws:CodeDescriptionType">
        <xs:annotation>
          <xs:documentation>description of the numberCadastralIncome</xs:documentation>
        </xs:annotation>
      </xs:element>
      <xs:element minOccurs="0" name="dateEndExoneration" type="xs:date">
        <xs:annotation>
          <xs:documentation>date for the end of the exoneration
                        (vrijstelling)</xs:documentation>
        </xs:annotation>
      </xs:element>
    </xs:sequence>
  </xs:complexType>
  <!--The type: be.fgov.minfin.esb.consultimmodataservice.be.fgov.minfin.schemas.esb.consultimmo.CodeDescriptionType-->
  <xs:complexType name="CodeDescriptionType">
    <xs:sequence>
      <xs:element name="code">
        <xs:simpleType>
          <xs:restriction base="xs:string">
            <xs:maxLength value="20"/>
          </xs:restriction>
        </xs:simpleType>
      </xs:element>
      <xs:element minOccurs="0" name="description">
        <xs:simpleType>
          <xs:restriction base="xs:string">
            <xs:maxLength value="200"/>
          </xs:restriction>
        </xs:simpleType>
      </xs:element>
      <xs:element minOccurs="0" name="abbreviation">
        <xs:simpleType>
          <xs:restriction base="xs:string">
            <xs:maxLength value="50"/>
          </xs:restriction>
        </xs:simpleType>
      </xs:element>
    </xs:sequence>
  </xs:complexType>
  <!--The type: be.fgov.minfin.esb.consultimmodataservice.be.fgov.minfin.schemas.esb.consultimmo.CommunityVO-->
  <xs:complexType name="communityVO">
    <xs:sequence>
      <xs:element name="nisCom" type="ws:CodeDescriptionType">
        <xs:annotation>
          <xs:documentation>The community codedescription.</xs:documentation>
        </xs:annotation>
      </xs:element>
      <xs:element name="zipCode">
        <xs:annotation>
          <xs:documentation>The zipCode of the community.</xs:documentation>
        </xs:annotation>
        <xs:simpleType>
          <xs:restriction base="xs:integer">
            <xs:totalDigits value="19"/>
          </xs:restriction>
        </xs:simpleType>
      </xs:element>
    </xs:sequence>
  </xs:complexType>
  <!--The type: be.fgov.minfin.esb.consultimmodataservice.be.fgov.minfin.schemas.esb.consultimmo.Company-->
  <xs:element name="company" type="ws:company"/>
  <xs:complexType name="company">
    <xs:sequence>
      <xs:element minOccurs="0" name="persIdf">
        <xs:annotation>
          <xs:documentation>the persIdf</xs:documentation>
        </xs:annotation>
        <xs:simpleType>
          <xs:restriction base="xs:integer">
            <xs:totalDigits value="12"/>
          </xs:restriction>
        </xs:simpleType>
      </xs:element>
      <xs:element minOccurs="0" name="officialId" type="xs:string"/>
      <xs:element minOccurs="0" name="officialIdType" type="xs:string"/>
      <xs:element minOccurs="0" name="name" type="xs:string"/>
      <xs:element minOccurs="0" name="address" type="ws:SimpleAddress"/>
    </xs:sequence>
  </xs:complexType>
  <!--The type: be.fgov.minfin.esb.consultimmodataservice.be.fgov.minfin.schemas.esb.consultimmo.CompositePartyVO-->
  <xs:complexType name="compositePartyVO">
    <xs:sequence>
      <xs:element minOccurs="0" name="businessRightVO" type="ws:businessRightVO"/>
      <xs:element name="party">
        <xs:complexType>
          <xs:choice minOccurs="0">
            <xs:element name="partyCommunityVO" type="ws:partyCommunityVO"/>
            <xs:element name="partyAssociationVO" type="ws:partyAssociationVO"/>
            <xs:element name="partyAnonymousVO" type="ws:partyAnonymousVO"/>
            <xs:element name="partyBusinessVO" type="ws:partyBusinessVO"/>
            <xs:element name="partyIndividualVO" type="ws:partyIndividualVO"/>
          </xs:choice>
        </xs:complexType>
      </xs:element>
      <xs:element minOccurs="0" name="partyCoOwnerVO" type="ws:partyCoOwnerVO"/>
      <xs:element minOccurs="0" name="partyInfoVO" type="ws:partyInfoVO"/>
      <xs:element minOccurs="0" name="managedBy">
        <xs:annotation>
          <xs:documentation>PersIdf manager service
PersIdf service gestionnaire
PersIdf beherende dienst</xs:documentation>
        </xs:annotation>
        <xs:simpleType>
          <xs:restriction base="xs:string">
            <xs:maxLength value="12"/>
          </xs:restriction>
        </xs:simpleType>
      </xs:element>
    </xs:sequence>
  </xs:complexType>
  <!--The type: be.fgov.minfin.esb.consultimmodataservice.be.fgov.minfin.schemas.esb.consultimmo.CompositePropertyStateVO-->
  <xs:complexType name="compositePropertyStateVO">
    <xs:sequence>
      <xs:element name="parcelStateVO" type="ws:parcelStateVO"/>
      <xs:element maxOccurs="unbounded" minOccurs="0" name="partyVO" type="ws:compositePartyVO"/>
      <xs:element name="propertyStateInfoVO" type="ws:propertyStateInfoVO"/>
    </xs:sequence>
  </xs:complexType>
  <!--The type: be.fgov.minfin.esb.consultimmodataservice.be.fgov.minfin.schemas.esb.consultimmo.ConsultIMMOException-->
  <xs:element name="ConsultIMMOException" type="ws:ConsultIMMOException"/>
  <xs:complexType name="ConsultIMMOException">
    <xs:sequence>
      <xs:element minOccurs="0" name="faultBean" type="ws:FaultBean"/>
      <xs:element minOccurs="0" name="message" type="xs:string"/>
    </xs:sequence>
  </xs:complexType>
  <!--The type: be.fgov.minfin.esb.consultimmodataservice.be.fgov.minfin.schemas.esb.consultimmo.DivisionVO-->
  <xs:complexType name="divisionVO">
    <xs:sequence>
      <xs:element minOccurs="0" name="divCad" type="ws:CodeDescriptionType">
        <xs:annotation>
          <xs:documentation>the name of the cadastral division</xs:documentation>
        </xs:annotation>
      </xs:element>
      <xs:element name="persIdf">
        <xs:annotation>
          <xs:documentation>persIdf</xs:documentation>
        </xs:annotation>
        <xs:simpleType>
          <xs:restriction base="xs:long">
            <xs:totalDigits value="12"/>
          </xs:restriction>
        </xs:simpleType>
      </xs:element>
    </xs:sequence>
  </xs:complexType>
  <!--The type: be.fgov.minfin.esb.consultimmodataservice.be.fgov.minfin.schemas.esb.consultimmo.DossierVO-->
  <xs:complexType name="dossierVO">
    <xs:sequence>
      <xs:element minOccurs="0" name="stipadDossierNumber" type="xs:string">
        <xs:annotation>
          <xs:documentation>number of the stipad dossier</xs:documentation>
        </xs:annotation>
      </xs:element>
      <xs:element minOccurs="0" name="cadnetDossierNumber" type="xs:string">
        <xs:annotation>
          <xs:documentation>number of the cadnet dossier</xs:documentation>
        </xs:annotation>
      </xs:element>
      <xs:element minOccurs="0" name="dossierType" type="ws:CodeDescriptionType">
        <xs:annotation>
          <xs:documentation>The dossierType codedescription stipad</xs:documentation>
        </xs:annotation>
      </xs:element>
    </xs:sequence>
  </xs:complexType>
  <!--The type: be.fgov.minfin.esb.consultimmodataservice.be.fgov.minfin.schemas.esb.consultimmo.FaultBean-->
  <xs:complexType name="FaultBean">
    <xs:sequence>
      <xs:element minOccurs="0" name="msg" type="xs:string"/>
    </xs:sequence>
  </xs:complexType>
  <!--The type: be.fgov.minfin.esb.consultimmodataservice.be.fgov.minfin.schemas.esb.consultimmo.FindCommunitiesByNIS-->
  <xs:element name="findCommunitiesByNIS" type="ws:findCommunitiesByNIS"/>
  <xs:complexType name="findCommunitiesByNIS">
    <xs:annotation>
      <xs:documentation>Find communities by niscode.</xs:documentation>
    </xs:annotation>
    <xs:sequence>
      <xs:element minOccurs="0" name="findCommunitiesByNISVO" type="ws:findCommunitiesByNISVO"/>
    </xs:sequence>
  </xs:complexType>
  <!--The type: be.fgov.minfin.esb.consultimmodataservice.be.fgov.minfin.schemas.esb.consultimmo.FindCommunitiesByNISResponse-->
  <xs:element name="findCommunitiesByNISResponse" type="ws:findCommunitiesByNISResponse"/>
  <xs:complexType name="findCommunitiesByNISResponse">
    <xs:sequence>
      <xs:element maxOccurs="unbounded" minOccurs="0" name="communityVO" nillable="true" type="ws:communityVO"/>
    </xs:sequence>
  </xs:complexType>
  <!--The type: be.fgov.minfin.esb.consultimmodataservice.be.fgov.minfin.schemas.esb.consultimmo.FindCommunitiesByNISVO-->
  <xs:complexType name="findCommunitiesByNISVO">
    <xs:sequence>
      <xs:element name="language">
        <xs:annotation>
          <xs:documentation>Language of the user (F/N/D)</xs:documentation>
        </xs:annotation>
        <xs:simpleType>
          <xs:restriction base="xs:string">
            <xs:maxLength value="1"/>
            <xs:pattern value="([F,N,D,f,n,d])"/>
          </xs:restriction>
        </xs:simpleType>
      </xs:element>
      <xs:element name="codeNisComId">
        <xs:annotation>
          <xs:documentation>NisCom</xs:documentation>
        </xs:annotation>
        <xs:simpleType>
          <xs:restriction base="xs:integer">
            <xs:totalDigits value="19"/>
          </xs:restriction>
        </xs:simpleType>
      </xs:element>
    </xs:sequence>
  </xs:complexType>
  <!--The type: be.fgov.minfin.esb.consultimmodataservice.be.fgov.minfin.schemas.esb.consultimmo.FindCommunitiesBySearchToken-->
  <xs:element name="findCommunitiesBySearchToken" type="ws:findCommunitiesBySearchToken"/>
  <xs:complexType name="findCommunitiesBySearchToken">
    <xs:annotation>
      <xs:documentation>Find communities by a searchtoken, in the chosen
                language.</xs:documentation>
    </xs:annotation>
    <xs:sequence>
      <xs:element minOccurs="0" name="findCommunitiesBySearchTokenVO" type="ws:findCommunitiesBySearchTokenVO"/>
    </xs:sequence>
  </xs:complexType>
  <!--The type: be.fgov.minfin.esb.consultimmodataservice.be.fgov.minfin.schemas.esb.consultimmo.FindCommunitiesBySearchTokenResponse-->
  <xs:element name="findCommunitiesBySearchTokenResponse" type="ws:findCommunitiesBySearchTokenResponse"/>
  <xs:complexType name="findCommunitiesBySearchTokenResponse">
    <xs:sequence>
      <xs:element maxOccurs="unbounded" minOccurs="0" name="communityVO" nillable="true" type="ws:communityVO"/>
    </xs:sequence>
  </xs:complexType>
  <!--The type: be.fgov.minfin.esb.consultimmodataservice.be.fgov.minfin.schemas.esb.consultimmo.FindCommunitiesBySearchTokenVO-->
  <xs:complexType name="findCommunitiesBySearchTokenVO">
    <xs:sequence>
      <xs:element name="language">
        <xs:annotation>
          <xs:documentation>Language of the user (F/N/D)</xs:documentation>
        </xs:annotation>
        <xs:simpleType>
          <xs:restriction base="xs:string">
            <xs:maxLength value="1"/>
            <xs:pattern value="([F,N,D,f,n,d])"/>
          </xs:restriction>
        </xs:simpleType>
      </xs:element>
      <xs:element name="searchToken" type="xs:string"/>
    </xs:sequence>
  </xs:complexType>
  <!--The type: be.fgov.minfin.esb.consultimmodataservice.be.fgov.minfin.schemas.esb.consultimmo.FindDivisionWithPropertyByKBOVO-->
  <xs:complexType name="findDivisionWithPropertyByKBOVO">
    <xs:sequence>
      <xs:element name="language">
        <xs:annotation>
          <xs:documentation>Language of the user (F/N/D)</xs:documentation>
        </xs:annotation>
        <xs:simpleType>
          <xs:restriction base="xs:string">
            <xs:maxLength value="1"/>
            <xs:pattern value="([F,N,D,f,n,d])"/>
          </xs:restriction>
        </xs:simpleType>
      </xs:element>
      <xs:element name="kbo" type="xs:integer">
        <xs:annotation>
          <xs:documentation>NRN</xs:documentation>
        </xs:annotation>
      </xs:element>
      <xs:element name="history" type="xs:boolean">
        <xs:annotation>
          <xs:documentation>Show history of the propertystate or not</xs:documentation>
        </xs:annotation>
      </xs:element>
    </xs:sequence>
  </xs:complexType>
  <!--The type: be.fgov.minfin.esb.consultimmodataservice.be.fgov.minfin.schemas.esb.consultimmo.FindDivisionWithPropertyByNRNVO-->
  <xs:complexType name="findDivisionWithPropertyByNRNVO">
    <xs:sequence>
      <xs:element name="language">
        <xs:annotation>
          <xs:documentation>Language of the user (F/N/D)</xs:documentation>
        </xs:annotation>
        <xs:simpleType>
          <xs:restriction base="xs:string">
            <xs:maxLength value="1"/>
            <xs:pattern value="([F,N,D,f,n,d])"/>
          </xs:restriction>
        </xs:simpleType>
      </xs:element>
      <xs:element name="nrn" type="xs:integer">
        <xs:annotation>
          <xs:documentation>NRN</xs:documentation>
        </xs:annotation>
      </xs:element>
      <xs:element name="history" type="xs:boolean">
        <xs:annotation>
          <xs:documentation>Show history of the propertystate or not</xs:documentation>
        </xs:annotation>
      </xs:element>
    </xs:sequence>
  </xs:complexType>
  <!--The type: be.fgov.minfin.esb.consultimmodataservice.be.fgov.minfin.schemas.esb.consultimmo.FindDivisionWithPropertyByPersIdfVO-->
  <xs:complexType name="findDivisionWithPropertyByPersIdfVO">
    <xs:sequence>
      <xs:element name="language">
        <xs:annotation>
          <xs:documentation>Language of the user (F/N/D)</xs:documentation>
        </xs:annotation>
        <xs:simpleType>
          <xs:restriction base="xs:string">
            <xs:maxLength value="1"/>
            <xs:pattern value="([F,N,D,f,n,d])"/>
          </xs:restriction>
        </xs:simpleType>
      </xs:element>
      <xs:element name="persIdf">
        <xs:annotation>
          <xs:documentation>the persIdf</xs:documentation>
        </xs:annotation>
        <xs:simpleType>
          <xs:restriction base="xs:long">
            <xs:totalDigits value="12"/>
          </xs:restriction>
        </xs:simpleType>
      </xs:element>
      <xs:element name="history" type="xs:boolean">
        <xs:annotation>
          <xs:documentation>Show history of the propertystate or not</xs:documentation>
        </xs:annotation>
      </xs:element>
    </xs:sequence>
  </xs:complexType>
  <!--The type: be.fgov.minfin.esb.consultimmodataservice.be.fgov.minfin.schemas.esb.consultimmo.FindParcelBySituationParcelId-->
  <xs:element name="findParcelBySituationParcelId" type="ws:findParcelBySituationParcelId"/>
  <xs:complexType name="findParcelBySituationParcelId">
    <xs:annotation>
      <xs:documentation>Search for a property by using the SituationParcelId</xs:documentation>
    </xs:annotation>
    <xs:sequence>
      <xs:element minOccurs="0" name="findParcelBySituationParcelIdVO" type="ws:findParcelBySituationParcelIdVO"/>
    </xs:sequence>
  </xs:complexType>
  <!--The type: be.fgov.minfin.esb.consultimmodataservice.be.fgov.minfin.schemas.esb.consultimmo.FindParcelBySituationParcelIdResponse-->
  <xs:element name="findParcelBySituationParcelIdResponse" type="ws:findParcelBySituationParcelIdResponse"/>
  <xs:complexType name="findParcelBySituationParcelIdResponse">
    <xs:sequence>
      <xs:element maxOccurs="unbounded" minOccurs="0" name="findParcelBySituationParcelIdResponse" nillable="true" type="ws:parcelStateVO"/>
    </xs:sequence>
  </xs:complexType>
  <!--The type: be.fgov.minfin.esb.consultimmodataservice.be.fgov.minfin.schemas.esb.consultimmo.FindParcelBySituationParcelIdVO-->
  <xs:complexType name="findParcelBySituationParcelIdVO">
    <xs:sequence>
      <xs:element name="language">
        <xs:annotation>
          <xs:documentation>Language of the user (F/N/D)</xs:documentation>
        </xs:annotation>
        <xs:simpleType>
          <xs:restriction base="xs:string">
            <xs:maxLength value="1"/>
            <xs:pattern value="([F,N,D,f,n,d])"/>
          </xs:restriction>
        </xs:simpleType>
      </xs:element>
      <xs:element minOccurs="0" name="situationParcelId" type="xs:string">
        <xs:annotation>
          <xs:documentation>technical identifier of the situationParcel</xs:documentation>
        </xs:annotation>
      </xs:element>
    </xs:sequence>
  </xs:complexType>
  <!--The type: be.fgov.minfin.esb.consultimmodataservice.be.fgov.minfin.schemas.esb.consultimmo.FindPropertyByArticle-->
  <xs:element name="findPropertyByArticle" type="ws:findPropertyByArticle"/>
  <xs:complexType name="findPropertyByArticle">
    <xs:annotation>
      <xs:documentation>Search for a property by using the article number.</xs:documentation>
    </xs:annotation>
    <xs:sequence>
      <xs:element minOccurs="0" name="findPropertyByArticleVO" type="ws:findPropertyByArticleVO"/>
    </xs:sequence>
  </xs:complexType>
  <!--The type: be.fgov.minfin.esb.consultimmodataservice.be.fgov.minfin.schemas.esb.consultimmo.FindPropertyByArticleAndDate-->
  <xs:element name="findPropertyByArticleAndDate" type="ws:findPropertyByArticleAndDate"/>
  <xs:complexType name="findPropertyByArticleAndDate">
    <xs:annotation>
      <xs:documentation>Search for a property by using the article number.</xs:documentation>
    </xs:annotation>
    <xs:sequence>
      <xs:element minOccurs="0" name="findPropertyByArticleAndDateVO" type="ws:findPropertyByArticleAndDateVO"/>
    </xs:sequence>
  </xs:complexType>
  <!--The type: be.fgov.minfin.esb.consultimmodataservice.be.fgov.minfin.schemas.esb.consultimmo.FindPropertyByArticleAndDateResponse-->
  <xs:complexType name="findPropertyByArticleAndDateResponse">
    <xs:complexContent>
      <xs:extension base="ws:response">
        <xs:sequence>
          <xs:element maxOccurs="unbounded" minOccurs="0" name="findPropertyByArticleResponse" nillable="true" type="ws:compositePropertyStateVO"/>
        </xs:sequence>
      </xs:extension>
    </xs:complexContent>
  </xs:complexType>
  <!--The type: be.fgov.minfin.esb.consultimmodataservice.be.fgov.minfin.schemas.esb.consultimmo.FindPropertyByArticleAndDateVO-->
  <xs:complexType name="findPropertyByArticleAndDateVO">
    <xs:sequence>
      <xs:element name="language">
        <xs:annotation>
          <xs:documentation>Language of the user (F/N/D)</xs:documentation>
        </xs:annotation>
        <xs:simpleType>
          <xs:restriction base="xs:string">
            <xs:maxLength value="1"/>
            <xs:pattern value="([F,N,D,f,n,d])"/>
          </xs:restriction>
        </xs:simpleType>
      </xs:element>
      <xs:element default="false" minOccurs="0" name="showAddress" type="xs:boolean">
        <xs:annotation>
          <xs:documentation>Show addresses of the persons and companies in the response: yes / no</xs:documentation>
        </xs:annotation>
      </xs:element>
      <xs:element name="maxResult">
        <xs:annotation>
          <xs:documentation>The user can choose the maximum amount of results that will be shown on the screen.</xs:documentation>
        </xs:annotation>
        <xs:simpleType>
          <xs:restriction base="xs:integer">
            <xs:minInclusive value="0"/>
            <xs:maxInclusive value="999"/>
          </xs:restriction>
        </xs:simpleType>
      </xs:element>
      <xs:element name="cadastralDivision">
        <xs:annotation>
          <xs:documentation>Cadastral division</xs:documentation>
        </xs:annotation>
        <xs:simpleType>
          <xs:restriction base="xs:integer">
            <xs:totalDigits value="5"/>
          </xs:restriction>
        </xs:simpleType>
      </xs:element>
      <xs:element name="article">
        <xs:annotation>
          <xs:documentation>articlenumber from Cadnet</xs:documentation>
        </xs:annotation>
        <xs:simpleType>
          <xs:restriction base="xs:integer">
            <xs:totalDigits value="5"/>
          </xs:restriction>
        </xs:simpleType>
      </xs:element>
      <xs:element minOccurs="0" name="sequenceNumber">
        <xs:annotation>
          <xs:documentation>sequenceNumber / volgnummer XYZ</xs:documentation>
        </xs:annotation>
        <xs:simpleType>
          <xs:restriction base="xs:integer">
            <xs:totalDigits value="4"/>
            <xs:minInclusive value="1"/>
            <xs:maxInclusive value="9999"/>
          </xs:restriction>
        </xs:simpleType>
      </xs:element>
      <xs:element minOccurs="0" name="typeSearch">
        <xs:annotation>
          <xs:documentation>J(Juridical), F(Fiscal)</xs:documentation>
        </xs:annotation>
        <xs:simpleType>
          <xs:restriction base="xs:string">
            <xs:maxLength value="1"/>
            <xs:pattern value="([J,j,F,f])"/>
          </xs:restriction>
        </xs:simpleType>
      </xs:element>
      <xs:element minOccurs="0" name="referenceYear">
        <xs:annotation>
          <xs:documentation>requested year where the persIdf should be an owner(typeSearch must be filled in)</xs:documentation>
        </xs:annotation>
        <xs:simpleType>
          <xs:restriction base="xs:integer">
            <xs:totalDigits value="5"/>
          </xs:restriction>
        </xs:simpleType>
      </xs:element>
      <xs:element minOccurs="0" name="referenceDate" type="xs:date">
        <xs:annotation>
          <xs:documentation>requested date where the persIdf should be an owner(typeSearch must be filled in)</xs:documentation>
        </xs:annotation>
      </xs:element>
      <xs:element minOccurs="0" name="beginDate" type="xs:date">
        <xs:annotation>
          <xs:documentation>begin date of the requested period</xs:documentation>
        </xs:annotation>
      </xs:element>
      <xs:element minOccurs="0" name="endDate" type="xs:date">
        <xs:annotation>
          <xs:documentation>end date of the requested period</xs:documentation>
        </xs:annotation>
      </xs:element>
    </xs:sequence>
  </xs:complexType>
  <!--The type: be.fgov.minfin.esb.consultimmodataservice.be.fgov.minfin.schemas.esb.consultimmo.FindPropertyByArticleResponse-->
  <xs:element name="findPropertyByArticleResponse" type="ws:findPropertyByArticleResponse"/>
  <xs:complexType name="findPropertyByArticleResponse">
    <xs:complexContent>
      <xs:extension base="ws:response">
        <xs:sequence>
          <xs:element maxOccurs="unbounded" minOccurs="0" name="findPropertyByArticleResponse" nillable="true" type="ws:compositePropertyStateVO"/>
        </xs:sequence>
      </xs:extension>
    </xs:complexContent>
  </xs:complexType>
  <!--The type: be.fgov.minfin.esb.consultimmodataservice.be.fgov.minfin.schemas.esb.consultimmo.FindPropertyByArticleVO-->
  <xs:complexType name="findPropertyByArticleVO">
    <xs:sequence>
      <xs:element name="language">
        <xs:annotation>
          <xs:documentation>Language of the user (F/N/D)</xs:documentation>
        </xs:annotation>
        <xs:simpleType>
          <xs:restriction base="xs:string">
            <xs:maxLength value="1"/>
            <xs:pattern value="([F,N,D,f,n,d])"/>
          </xs:restriction>
        </xs:simpleType>
      </xs:element>
      <xs:element default="false" minOccurs="0" name="showAddress" type="xs:boolean">
        <xs:annotation>
          <xs:documentation>Show addresses of the persons and companies in the response: yes / no</xs:documentation>
        </xs:annotation>
      </xs:element>
      <xs:element name="maxResult">
        <xs:annotation>
          <xs:documentation>The user can choose the maximum amount of results that
                        will be shown on the screen.</xs:documentation>
        </xs:annotation>
        <xs:simpleType>
          <xs:restriction base="xs:integer">
            <xs:minInclusive value="0"/>
            <xs:maxInclusive value="999"/>
          </xs:restriction>
        </xs:simpleType>
      </xs:element>
      <xs:element name="cadastralDivision">
        <xs:annotation>
          <xs:documentation>Cadastral division</xs:documentation>
        </xs:annotation>
        <xs:simpleType>
          <xs:restriction base="xs:integer">
            <xs:totalDigits value="5"/>
          </xs:restriction>
        </xs:simpleType>
      </xs:element>
      <xs:element name="article">
        <xs:annotation>
          <xs:documentation>articlenumber from Cadnet</xs:documentation>
        </xs:annotation>
        <xs:simpleType>
          <xs:restriction base="xs:integer">
            <xs:totalDigits value="5"/>
          </xs:restriction>
        </xs:simpleType>
      </xs:element>
      <xs:element minOccurs="0" name="sequenceNumber">
        <xs:annotation>
          <xs:documentation>sequenceNumber / volgnummer XYZ</xs:documentation>
        </xs:annotation>
        <xs:simpleType>
          <xs:restriction base="xs:integer">
            <xs:totalDigits value="4"/>
            <xs:minInclusive value="1"/>
            <xs:maxInclusive value="9999"/>
          </xs:restriction>
        </xs:simpleType>
      </xs:element>
      <xs:element name="history" type="xs:boolean">
        <xs:annotation>
          <xs:documentation>Show history: yes / no</xs:documentation>
        </xs:annotation>
      </xs:element>
    </xs:sequence>
  </xs:complexType>
  <!--The type: be.fgov.minfin.esb.consultimmodataservice.be.fgov.minfin.schemas.esb.consultimmo.FindPropertyByKBO-->
  <xs:element name="findPropertyByKBO" type="ws:findPropertyByKBO"/>
  <xs:complexType name="findPropertyByKBO">
    <xs:annotation>
      <xs:documentation>Search for a property by using the KBO.</xs:documentation>
    </xs:annotation>
    <xs:sequence>
      <xs:element name="findPropertyByKBOVO" type="ws:findPropertyByKBOVO"/>
    </xs:sequence>
  </xs:complexType>
  <!--The type: be.fgov.minfin.esb.consultimmodataservice.be.fgov.minfin.schemas.esb.consultimmo.FindPropertyByKBOAndDate-->
  <xs:element name="findPropertyByKBOAndDate" type="ws:findPropertyByKBOAndDate"/>
  <xs:complexType name="findPropertyByKBOAndDate">
    <xs:annotation>
      <xs:documentation>Search for a property by using the KBO.</xs:documentation>
    </xs:annotation>
    <xs:sequence>
      <xs:element name="findPropertyByKBOAndDateVO" type="ws:findPropertyByKBOAndDateVO"/>
    </xs:sequence>
  </xs:complexType>
  <!--The type: be.fgov.minfin.esb.consultimmodataservice.be.fgov.minfin.schemas.esb.consultimmo.FindPropertyByKBOAndDateResponse-->
  <xs:element name="findPropertyByKBOAndDateResponse" type="ws:findPropertyByKBOAndDateResponse"/>
  <xs:complexType name="findPropertyByKBOAndDateResponse">
    <xs:complexContent>
      <xs:extension base="ws:response">
        <xs:sequence>
          <xs:element maxOccurs="unbounded" minOccurs="0" name="findPropertyByKBOAndDateResponse" nillable="true" type="ws:compositePropertyStateVO"/>
        </xs:sequence>
      </xs:extension>
    </xs:complexContent>
  </xs:complexType>
  <!--The type: be.fgov.minfin.esb.consultimmodataservice.be.fgov.minfin.schemas.esb.consultimmo.FindPropertyByKBOAndDateVO-->
  <xs:complexType name="findPropertyByKBOAndDateVO">
    <xs:sequence>
      <xs:element name="language">
        <xs:annotation>
          <xs:documentation>Language of the user (F/N/D)</xs:documentation>
        </xs:annotation>
        <xs:simpleType>
          <xs:restriction base="xs:string">
            <xs:maxLength value="1"/>
            <xs:pattern value="([F,N,D,f,n,d])"/>
          </xs:restriction>
        </xs:simpleType>
      </xs:element>
      <xs:element default="false" name="coOwners" type="xs:boolean">
        <xs:annotation>
          <xs:documentation>Show co owners: yes / no</xs:documentation>
        </xs:annotation>
      </xs:element>
      <xs:element default="false" minOccurs="0" name="showAddress" type="xs:boolean">
        <xs:annotation>
          <xs:documentation>Show addresses of the persons and companies in the response: yes / no</xs:documentation>
        </xs:annotation>
      </xs:element>
      <xs:element minOccurs="0" name="typeSearch">
        <xs:annotation>
          <xs:documentation>J(Juridical), F(Fiscal)</xs:documentation>
        </xs:annotation>
        <xs:simpleType>
          <xs:restriction base="xs:string">
            <xs:maxLength value="1"/>
            <xs:pattern value="([J,j,F,f])"/>
          </xs:restriction>
        </xs:simpleType>
      </xs:element>
      <xs:element minOccurs="0" name="referenceYear">
        <xs:annotation>
          <xs:documentation>requested year where the persIdf should be an
						owner(typeSearch must be filled in)</xs:documentation>
        </xs:annotation>
        <xs:simpleType>
          <xs:restriction base="xs:integer">
            <xs:totalDigits value="5"/>
          </xs:restriction>
        </xs:simpleType>
      </xs:element>
      <xs:element minOccurs="0" name="referenceDate" type="xs:date">
        <xs:annotation>
          <xs:documentation>requested date where the persIdf should be an
						owner(typeSearch must be filled in)</xs:documentation>
        </xs:annotation>
      </xs:element>
      <xs:element minOccurs="0" name="beginDate" type="xs:date">
        <xs:annotation>
          <xs:documentation>begin date of the requested period</xs:documentation>
        </xs:annotation>
      </xs:element>
      <xs:element minOccurs="0" name="endDate" type="xs:date">
        <xs:annotation>
          <xs:documentation>end date of the requested period</xs:documentation>
        </xs:annotation>
      </xs:element>
      <xs:element minOccurs="0" name="cadastralDivision">
        <xs:annotation>
          <xs:documentation>Cadastral division</xs:documentation>
        </xs:annotation>
        <xs:simpleType>
          <xs:restriction base="xs:integer">
            <xs:totalDigits value="5"/>
          </xs:restriction>
        </xs:simpleType>
      </xs:element>
      <xs:element minOccurs="0" name="codeNISCommunity">
        <xs:annotation>
          <xs:documentation>NIS code of the community.</xs:documentation>
        </xs:annotation>
        <xs:simpleType>
          <xs:restriction base="xs:integer">
            <xs:totalDigits value="5"/>
          </xs:restriction>
        </xs:simpleType>
      </xs:element>
      <xs:element name="kbo" type="xs:integer">
        <xs:annotation>
          <xs:documentation>KBO Identifier</xs:documentation>
        </xs:annotation>
      </xs:element>
    </xs:sequence>
  </xs:complexType>
  <!--The type: be.fgov.minfin.esb.consultimmodataservice.be.fgov.minfin.schemas.esb.consultimmo.FindPropertyByKBOResponse-->
  <xs:element name="findPropertyByKBOResponse" type="ws:findPropertyByKBOResponse"/>
  <xs:complexType name="findPropertyByKBOResponse">
    <xs:complexContent>
      <xs:extension base="ws:response">
        <xs:sequence>
          <xs:element maxOccurs="unbounded" minOccurs="0" name="findPropertyByKBOResponse" nillable="true" type="ws:compositePropertyStateVO"/>
        </xs:sequence>
      </xs:extension>
    </xs:complexContent>
  </xs:complexType>
  <!--The type: be.fgov.minfin.esb.consultimmodataservice.be.fgov.minfin.schemas.esb.consultimmo.FindPropertyByKBOVO-->
  <xs:complexType name="findPropertyByKBOVO">
    <xs:sequence>
      <xs:element name="language">
        <xs:annotation>
          <xs:documentation>Language of the user (F/N/D)</xs:documentation>
        </xs:annotation>
        <xs:simpleType>
          <xs:restriction base="xs:string">
            <xs:maxLength value="1"/>
            <xs:pattern value="([F,N,D,f,n,d])"/>
          </xs:restriction>
        </xs:simpleType>
      </xs:element>
      <xs:element name="coOwners" type="xs:boolean">
        <xs:annotation>
          <xs:documentation>Show co owners: yes / no</xs:documentation>
        </xs:annotation>
      </xs:element>
      <xs:element default="false" minOccurs="0" name="showAddress" type="xs:boolean">
        <xs:annotation>
          <xs:documentation>Show addresses of the persons and companies in the response: yes / no</xs:documentation>
        </xs:annotation>
      </xs:element>
      <xs:element minOccurs="0" name="cadastralDivision">
        <xs:annotation>
          <xs:documentation>Cadastral division</xs:documentation>
        </xs:annotation>
        <xs:simpleType>
          <xs:restriction base="xs:integer">
            <xs:totalDigits value="5"/>
          </xs:restriction>
        </xs:simpleType>
      </xs:element>
      <xs:element minOccurs="0" name="administrativeCommunNumber">
        <xs:annotation>
          <xs:documentation>NIS code of the community.</xs:documentation>
        </xs:annotation>
        <xs:simpleType>
          <xs:restriction base="xs:integer">
            <xs:totalDigits value="5"/>
          </xs:restriction>
        </xs:simpleType>
      </xs:element>
      <xs:element name="history" type="xs:boolean">
        <xs:annotation>
          <xs:documentation>Show history: yes / no</xs:documentation>
        </xs:annotation>
      </xs:element>
      <xs:element name="kbo" type="xs:integer">
        <xs:annotation>
          <xs:documentation>persIDF</xs:documentation>
        </xs:annotation>
      </xs:element>
    </xs:sequence>
  </xs:complexType>
  <!--The type: be.fgov.minfin.esb.consultimmodataservice.be.fgov.minfin.schemas.esb.consultimmo.FindPropertyByNRN-->
  <xs:element name="findPropertyByNRN" type="ws:findPropertyByNRN"/>
  <xs:complexType name="findPropertyByNRN">
    <xs:annotation>
      <xs:documentation>Search for a property by using the persIDF.</xs:documentation>
    </xs:annotation>
    <xs:sequence>
      <xs:element name="findPropertyByNRNVO" type="ws:findPropertyByNRNVO"/>
    </xs:sequence>
  </xs:complexType>
  <!--The type: be.fgov.minfin.esb.consultimmodataservice.be.fgov.minfin.schemas.esb.consultimmo.FindPropertyByNRNAndDate-->
  <xs:element name="findPropertyByNRNAndDate" type="ws:findPropertyByNRNAndDate"/>
  <xs:complexType name="findPropertyByNRNAndDate">
    <xs:annotation>
      <xs:documentation>Search for a property by using the persIDF.</xs:documentation>
    </xs:annotation>
    <xs:sequence>
      <xs:element name="findPropertyByNRNAndDateVO" type="ws:findPropertyByNRNAndDateVO"/>
    </xs:sequence>
  </xs:complexType>
  <!--The type: be.fgov.minfin.esb.consultimmodataservice.be.fgov.minfin.schemas.esb.consultimmo.FindPropertyByNRNAndDateResponse-->
  <xs:element name="findPropertyByNRNAndDateResponse" type="ws:findPropertyByNRNAndDateResponse"/>
  <xs:complexType name="findPropertyByNRNAndDateResponse">
    <xs:complexContent>
      <xs:extension base="ws:response">
        <xs:sequence>
          <xs:element maxOccurs="unbounded" minOccurs="0" name="findPropertyByNRNAndDateResponse" nillable="true" type="ws:compositePropertyStateVO"/>
        </xs:sequence>
      </xs:extension>
    </xs:complexContent>
  </xs:complexType>
  <!--The type: be.fgov.minfin.esb.consultimmodataservice.be.fgov.minfin.schemas.esb.consultimmo.FindPropertyByNRNAndDateVO-->
  <xs:complexType name="findPropertyByNRNAndDateVO">
    <xs:sequence>
      <xs:element name="language">
        <xs:annotation>
          <xs:documentation>Language of the user (F/N/D)</xs:documentation>
        </xs:annotation>
        <xs:simpleType>
          <xs:restriction base="xs:string">
            <xs:maxLength value="1"/>
            <xs:pattern value="([F,N,D,f,n,d])"/>
          </xs:restriction>
        </xs:simpleType>
      </xs:element>
      <xs:element default="false" name="coOwners" type="xs:boolean">
        <xs:annotation>
          <xs:documentation>Show co owners: yes / no</xs:documentation>
        </xs:annotation>
      </xs:element>
      <xs:element default="false" minOccurs="0" name="showAddress" type="xs:boolean">
        <xs:annotation>
          <xs:documentation>Show addresses of the persons and companies in the response: yes / no</xs:documentation>
        </xs:annotation>
      </xs:element>
      <xs:element minOccurs="0" name="typeSearch">
        <xs:annotation>
          <xs:documentation>J(Juridical), F(Fiscal)</xs:documentation>
        </xs:annotation>
        <xs:simpleType>
          <xs:restriction base="xs:string">
            <xs:maxLength value="1"/>
            <xs:pattern value="([J,j,F,f])"/>
          </xs:restriction>
        </xs:simpleType>
      </xs:element>
      <xs:element minOccurs="0" name="referenceYear">
        <xs:annotation>
          <xs:documentation>requested year where the persIdf should be an
						owner(typeSearch must be filled in)</xs:documentation>
        </xs:annotation>
        <xs:simpleType>
          <xs:restriction base="xs:integer">
            <xs:totalDigits value="5"/>
          </xs:restriction>
        </xs:simpleType>
      </xs:element>
      <xs:element minOccurs="0" name="referenceDate" type="xs:date">
        <xs:annotation>
          <xs:documentation>requested date where the persIdf should be an
						owner(typeSearch must be filled in)</xs:documentation>
        </xs:annotation>
      </xs:element>
      <xs:element minOccurs="0" name="beginDate" type="xs:date">
        <xs:annotation>
          <xs:documentation>begin date of the requested period</xs:documentation>
        </xs:annotation>
      </xs:element>
      <xs:element minOccurs="0" name="endDate" type="xs:date">
        <xs:annotation>
          <xs:documentation>end date of the requested period</xs:documentation>
        </xs:annotation>
      </xs:element>
      <xs:element minOccurs="0" name="cadastralDivision">
        <xs:annotation>
          <xs:documentation>Cadastral division</xs:documentation>
        </xs:annotation>
        <xs:simpleType>
          <xs:restriction base="xs:integer">
            <xs:totalDigits value="5"/>
          </xs:restriction>
        </xs:simpleType>
      </xs:element>
      <xs:element minOccurs="0" name="codeNISCommunity">
        <xs:annotation>
          <xs:documentation>NIS code of the community.</xs:documentation>
        </xs:annotation>
        <xs:simpleType>
          <xs:restriction base="xs:integer">
            <xs:totalDigits value="5"/>
          </xs:restriction>
        </xs:simpleType>
      </xs:element>
      <xs:element name="nrn" type="xs:integer">
        <xs:annotation>
          <xs:documentation>NRN Identifier</xs:documentation>
        </xs:annotation>
      </xs:element>
    </xs:sequence>
  </xs:complexType>
  <!--The type: be.fgov.minfin.esb.consultimmodataservice.be.fgov.minfin.schemas.esb.consultimmo.FindPropertyByNRNResponse-->
  <xs:element name="findPropertyByNRNResponse" type="ws:findPropertyByNRNResponse"/>
  <xs:complexType name="findPropertyByNRNResponse">
    <xs:complexContent>
      <xs:extension base="ws:response">
        <xs:sequence>
          <xs:element maxOccurs="unbounded" minOccurs="0" name="findPropertyByNRNResponse" nillable="true" type="ws:compositePropertyStateVO"/>
        </xs:sequence>
      </xs:extension>
    </xs:complexContent>
  </xs:complexType>
  <!--The type: be.fgov.minfin.esb.consultimmodataservice.be.fgov.minfin.schemas.esb.consultimmo.FindPropertyByNRNVO-->
  <xs:complexType name="findPropertyByNRNVO">
    <xs:sequence>
      <xs:element name="language">
        <xs:annotation>
          <xs:documentation>Language of the user (F/N/D)</xs:documentation>
        </xs:annotation>
        <xs:simpleType>
          <xs:restriction base="xs:string">
            <xs:maxLength value="1"/>
            <xs:pattern value="([F,N,D,f,n,d])"/>
          </xs:restriction>
        </xs:simpleType>
      </xs:element>
      <xs:element name="coOwners" type="xs:boolean">
        <xs:annotation>
          <xs:documentation>Show co owners: yes / no</xs:documentation>
        </xs:annotation>
      </xs:element>
      <xs:element default="false" minOccurs="0" name="showAddress" type="xs:boolean">
        <xs:annotation>
          <xs:documentation>Show addresses of the persons and companies in the response: yes / no</xs:documentation>
        </xs:annotation>
      </xs:element>
      <xs:element minOccurs="0" name="cadastralDivision">
        <xs:annotation>
          <xs:documentation>Cadastral division</xs:documentation>
        </xs:annotation>
        <xs:simpleType>
          <xs:restriction base="xs:integer">
            <xs:totalDigits value="5"/>
          </xs:restriction>
        </xs:simpleType>
      </xs:element>
      <xs:element minOccurs="0" name="administrativeCommunNumber">
        <xs:annotation>
          <xs:documentation>NIS code of the community.</xs:documentation>
        </xs:annotation>
        <xs:simpleType>
          <xs:restriction base="xs:integer">
            <xs:totalDigits value="5"/>
          </xs:restriction>
        </xs:simpleType>
      </xs:element>
      <xs:element name="history" type="xs:boolean">
        <xs:annotation>
          <xs:documentation>Show history: yes / no</xs:documentation>
        </xs:annotation>
      </xs:element>
      <xs:element name="nrn" type="xs:integer">
        <xs:annotation>
          <xs:documentation>persIDF</xs:documentation>
        </xs:annotation>
      </xs:element>
    </xs:sequence>
  </xs:complexType>
  <!--The type: be.fgov.minfin.esb.consultimmodataservice.be.fgov.minfin.schemas.esb.consultimmo.FindPropertyByParcelId-->
  <xs:element name="findPropertyByParcelId" type="ws:findPropertyByParcelId"/>
  <xs:complexType name="findPropertyByParcelId">
    <xs:annotation>
      <xs:documentation>Search for a parcel by using the parcel Id.</xs:documentation>
    </xs:annotation>
    <xs:sequence>
      <xs:element minOccurs="0" name="findPropertyByParcelIdVO" type="ws:findPropertyByParcelIdVO"/>
    </xs:sequence>
  </xs:complexType>
  <!--The type: be.fgov.minfin.esb.consultimmodataservice.be.fgov.minfin.schemas.esb.consultimmo.FindPropertyByParcelIdResponse-->
  <xs:element name="findPropertyByParcelIdResponse" type="ws:findPropertyByParcelIdResponse"/>
  <xs:complexType name="findPropertyByParcelIdResponse">
    <xs:complexContent>
      <xs:extension base="ws:response">
        <xs:sequence>
          <xs:element maxOccurs="unbounded" minOccurs="0" name="findPropertyByParcelIdResponse" nillable="true" type="ws:compositePropertyStateVO"/>
        </xs:sequence>
      </xs:extension>
    </xs:complexContent>
  </xs:complexType>
  <!--The type: be.fgov.minfin.esb.consultimmodataservice.be.fgov.minfin.schemas.esb.consultimmo.FindPropertyByParcelIdVO-->
  <xs:complexType name="findPropertyByParcelIdVO">
    <xs:sequence>
      <xs:element name="language">
        <xs:annotation>
          <xs:documentation>Language of the user (F/N/D)</xs:documentation>
        </xs:annotation>
        <xs:simpleType>
          <xs:restriction base="xs:string">
            <xs:maxLength value="1"/>
            <xs:pattern value="([F,N,D,f,n,d])"/>
          </xs:restriction>
        </xs:simpleType>
      </xs:element>
      <xs:element name="history" type="xs:boolean">
        <xs:annotation>
          <xs:documentation>Show history of the propertystate or not</xs:documentation>
        </xs:annotation>
      </xs:element>
      <xs:element default="false" minOccurs="0" name="showAddress" type="xs:boolean">
        <xs:annotation>
          <xs:documentation>Show addresses of the persons and companies in the response: yes / no</xs:documentation>
        </xs:annotation>
      </xs:element>
      <xs:element name="maxResult">
        <xs:annotation>
          <xs:documentation>The user can choose the maximum amount of results that
                        will be shown on the screen.</xs:documentation>
        </xs:annotation>
        <xs:simpleType>
          <xs:restriction base="xs:integer">
            <xs:minInclusive value="0"/>
            <xs:maxInclusive value="999"/>
          </xs:restriction>
        </xs:simpleType>
      </xs:element>
      <xs:element name="cadastralDivision">
        <xs:annotation>
          <xs:documentation>Cadastral division</xs:documentation>
        </xs:annotation>
        <xs:simpleType>
          <xs:restriction base="xs:integer">
            <xs:totalDigits value="5"/>
          </xs:restriction>
        </xs:simpleType>
      </xs:element>
      <xs:element name="section">
        <xs:annotation>
          <xs:documentation>section</xs:documentation>
        </xs:annotation>
        <xs:simpleType>
          <xs:restriction base="xs:string">
            <xs:maxLength value="1"/>
            <xs:pattern value="([a-zA-Z])"/>
          </xs:restriction>
        </xs:simpleType>
      </xs:element>
      <xs:element name="primaryNumber">
        <xs:annotation>
          <xs:documentation>primary number</xs:documentation>
        </xs:annotation>
        <xs:simpleType>
          <xs:restriction base="xs:integer">
            <xs:totalDigits value="4"/>
            <xs:minInclusive value="1"/>
            <xs:maxInclusive value="9999"/>
          </xs:restriction>
        </xs:simpleType>
      </xs:element>
      <xs:element minOccurs="0" name="bisNumber">
        <xs:annotation>
          <xs:documentation>bisnumber</xs:documentation>
        </xs:annotation>
        <xs:simpleType>
          <xs:restriction base="xs:integer">
            <xs:totalDigits value="2"/>
            <xs:minInclusive value="2"/>
            <xs:maxInclusive value="99"/>
          </xs:restriction>
        </xs:simpleType>
      </xs:element>
      <xs:element minOccurs="0" name="exponentNumber">
        <xs:annotation>
          <xs:documentation>exponentnumber</xs:documentation>
        </xs:annotation>
        <xs:simpleType>
          <xs:restriction base="xs:integer">
            <xs:totalDigits value="3"/>
            <xs:minInclusive value="2"/>
            <xs:maxInclusive value="999"/>
          </xs:restriction>
        </xs:simpleType>
      </xs:element>
      <xs:element minOccurs="0" name="exponentLetter">
        <xs:annotation>
          <xs:documentation>exponentletter</xs:documentation>
        </xs:annotation>
        <xs:simpleType>
          <xs:restriction base="xs:string">
            <xs:maxLength value="1"/>
            <xs:pattern value="([a-zA-Z])"/>
          </xs:restriction>
        </xs:simpleType>
      </xs:element>
      <xs:element name="partNumber">
        <xs:annotation>
          <xs:documentation>partnumber (P0000 -> P9999)</xs:documentation>
        </xs:annotation>
        <xs:simpleType>
          <xs:restriction base="xs:string">
            <xs:maxLength value="5"/>
            <xs:pattern value="([P,p][0-9][0-9][0-9][0-9])"/>
          </xs:restriction>
        </xs:simpleType>
      </xs:element>
    </xs:sequence>
  </xs:complexType>
  <!--The type: be.fgov.minfin.esb.consultimmodataservice.be.fgov.minfin.schemas.esb.consultimmo.FindPropertyByPartyPropertyId-->
  <xs:element name="findPropertyByPartyPropertyId" type="ws:findPropertyByPartyPropertyId"/>
  <xs:complexType name="findPropertyByPartyPropertyId">
    <xs:annotation>
      <xs:documentation>Search for a property by using the partyPropertyId</xs:documentation>
    </xs:annotation>
    <xs:sequence>
      <xs:element minOccurs="0" name="findPropertyByPartyPropertyIdVO" type="ws:findPropertyByPartyPropertyIdVO"/>
    </xs:sequence>
  </xs:complexType>
  <!--The type: be.fgov.minfin.esb.consultimmodataservice.be.fgov.minfin.schemas.esb.consultimmo.FindPropertyByPartyPropertyIdResponse-->
  <xs:element name="findPropertyByPartyPropertyIdResponse" type="ws:findPropertyByPartyPropertyIdResponse"/>
  <xs:complexType name="findPropertyByPartyPropertyIdResponse">
    <xs:complexContent>
      <xs:extension base="ws:response">
        <xs:sequence>
          <xs:element maxOccurs="unbounded" minOccurs="0" name="return" nillable="true" type="ws:compositePropertyStateVO"/>
        </xs:sequence>
      </xs:extension>
    </xs:complexContent>
  </xs:complexType>
  <!--The type: be.fgov.minfin.esb.consultimmodataservice.be.fgov.minfin.schemas.esb.consultimmo.FindPropertyByPartyPropertyIdVO-->
  <xs:complexType name="findPropertyByPartyPropertyIdVO">
    <xs:sequence>
      <xs:element name="language">
        <xs:annotation>
          <xs:documentation>Language of the user (F/N/D)</xs:documentation>
        </xs:annotation>
        <xs:simpleType>
          <xs:restriction base="xs:string">
            <xs:maxLength value="1"/>
            <xs:pattern value="([F,N,D,f,n,d])"/>
          </xs:restriction>
        </xs:simpleType>
      </xs:element>
      <xs:element minOccurs="0" name="partyPropertyId" type="xs:string">
        <xs:annotation>
          <xs:documentation>technical identifier of the partyproperty</xs:documentation>
        </xs:annotation>
      </xs:element>
      <xs:element default="false" minOccurs="0" name="showAddress" type="xs:boolean">
        <xs:annotation>
          <xs:documentation>Show addresses of the persons and companies in the response: yes / no</xs:documentation>
        </xs:annotation>
      </xs:element>
    </xs:sequence>
  </xs:complexType>
  <!--The type: be.fgov.minfin.esb.consultimmodataservice.be.fgov.minfin.schemas.esb.consultimmo.FindPropertyByPersIdf-->
  <xs:element name="findPropertyByPersIdf" type="ws:findPropertyByPersIdf"/>
  <xs:complexType name="findPropertyByPersIdf">
    <xs:annotation>
      <xs:documentation>Search for a property by using the persIdf.</xs:documentation>
    </xs:annotation>
    <xs:sequence>
      <xs:element minOccurs="0" name="findPropertyByPersIdfVO" type="ws:findPropertyByPersIdfVO"/>
    </xs:sequence>
  </xs:complexType>
  <!--The type: be.fgov.minfin.esb.consultimmodataservice.be.fgov.minfin.schemas.esb.consultimmo.FindPropertyByPersIdfAndDate-->
  <xs:element name="findPropertyByPersIdfAndDate" type="ws:findPropertyByPersIdfAndDate"/>
  <xs:complexType name="findPropertyByPersIdfAndDate">
    <xs:annotation>
      <xs:documentation>Search for a property by using the persIdf and date.</xs:documentation>
    </xs:annotation>
    <xs:sequence>
      <xs:element minOccurs="0" name="findPropertyByPersIdfAndDateVO" type="ws:findPropertyByPersIdfAndDateVO"/>
    </xs:sequence>
  </xs:complexType>
  <!--The type: be.fgov.minfin.esb.consultimmodataservice.be.fgov.minfin.schemas.esb.consultimmo.FindPropertyByPersIdfAndDateResponse-->
  <xs:element name="findPropertyByPersIdfAndDateResponse" type="ws:findPropertyByPersIdfAndDateResponse"/>
  <xs:complexType name="findPropertyByPersIdfAndDateResponse">
    <xs:complexContent>
      <xs:extension base="ws:response">
        <xs:sequence>
          <xs:element maxOccurs="unbounded" minOccurs="0" name="findPropertyByPersIdfAndDateResponse" nillable="true" type="ws:compositePropertyStateVO"/>
        </xs:sequence>
      </xs:extension>
    </xs:complexContent>
  </xs:complexType>
  <!--The type: be.fgov.minfin.esb.consultimmodataservice.be.fgov.minfin.schemas.esb.consultimmo.FindPropertyByPersIdfAndDateVO-->
  <xs:complexType name="findPropertyByPersIdfAndDateVO">
    <xs:sequence>
      <xs:element name="language">
        <xs:annotation>
          <xs:documentation>Language of the user (F/N/D)</xs:documentation>
        </xs:annotation>
        <xs:simpleType>
          <xs:restriction base="xs:string">
            <xs:maxLength value="1"/>
            <xs:pattern value="([F,N,D,f,n,d])"/>
          </xs:restriction>
        </xs:simpleType>
      </xs:element>
      <xs:element default="false" name="coOwners" type="xs:boolean">
        <xs:annotation>
          <xs:documentation>Show co owners: yes / no</xs:documentation>
        </xs:annotation>
      </xs:element>
      <xs:element default="false" minOccurs="0" name="showAddress" type="xs:boolean">
        <xs:annotation>
          <xs:documentation>Show addresses of the persons and companies in the response: yes / no</xs:documentation>
        </xs:annotation>
      </xs:element>
      <xs:element minOccurs="0" name="typeSearch">
        <xs:annotation>
          <xs:documentation>J(Juridical), F(Fiscal)</xs:documentation>
        </xs:annotation>
        <xs:simpleType>
          <xs:restriction base="xs:string">
            <xs:maxLength value="1"/>
            <xs:pattern value="([J,j,F,f])"/>
          </xs:restriction>
        </xs:simpleType>
      </xs:element>
      <xs:element minOccurs="0" name="referenceYear">
        <xs:annotation>
          <xs:documentation>requested year where the persIdf should be an
                        owner(typeSearch must be filled in)</xs:documentation>
        </xs:annotation>
        <xs:simpleType>
          <xs:restriction base="xs:integer">
            <xs:totalDigits value="5"/>
          </xs:restriction>
        </xs:simpleType>
      </xs:element>
      <xs:element minOccurs="0" name="referenceDate" type="xs:date">
        <xs:annotation>
          <xs:documentation>requested date where the persIdf should be an
                        owner(typeSearch must be filled in)</xs:documentation>
        </xs:annotation>
      </xs:element>
      <xs:element minOccurs="0" name="beginDate" type="xs:date">
        <xs:annotation>
          <xs:documentation>begin date of the requested period</xs:documentation>
        </xs:annotation>
      </xs:element>
      <xs:element minOccurs="0" name="endDate" type="xs:date">
        <xs:annotation>
          <xs:documentation>end date of the requested period</xs:documentation>
        </xs:annotation>
      </xs:element>
      <xs:element minOccurs="0" name="cadastralDivision">
        <xs:annotation>
          <xs:documentation>Cadastral division</xs:documentation>
        </xs:annotation>
        <xs:simpleType>
          <xs:restriction base="xs:integer">
            <xs:totalDigits value="5"/>
          </xs:restriction>
        </xs:simpleType>
      </xs:element>
      <xs:element minOccurs="0" name="codeNISCommunity">
        <xs:annotation>
          <xs:documentation>NIS code of the community.</xs:documentation>
        </xs:annotation>
        <xs:simpleType>
          <xs:restriction base="xs:integer">
            <xs:totalDigits value="5"/>
          </xs:restriction>
        </xs:simpleType>
      </xs:element>
      <xs:element name="persIdf">
        <xs:annotation>
          <xs:documentation>the persIdf</xs:documentation>
        </xs:annotation>
        <xs:simpleType>
          <xs:restriction base="xs:long">
            <xs:totalDigits value="12"/>
          </xs:restriction>
        </xs:simpleType>
      </xs:element>
    </xs:sequence>
  </xs:complexType>
  <!--The type: be.fgov.minfin.esb.consultimmodataservice.be.fgov.minfin.schemas.esb.consultimmo.FindPropertyByPersIdfResponse-->
  <xs:element name="findPropertyByPersIdfResponse" type="ws:findPropertyByPersIdfResponse"/>
  <xs:complexType name="findPropertyByPersIdfResponse">
    <xs:complexContent>
      <xs:extension base="ws:response">
        <xs:sequence>
          <xs:element maxOccurs="unbounded" minOccurs="0" name="findPropertyByPersIdfResponse" nillable="true" type="ws:compositePropertyStateVO"/>
        </xs:sequence>
      </xs:extension>
    </xs:complexContent>
  </xs:complexType>
  <!--The type: be.fgov.minfin.esb.consultimmodataservice.be.fgov.minfin.schemas.esb.consultimmo.FindPropertyByPersIdfVO-->
  <xs:complexType name="findPropertyByPersIdfVO">
    <xs:sequence>
      <xs:element name="language">
        <xs:annotation>
          <xs:documentation>Language of the user (F/N/D)</xs:documentation>
        </xs:annotation>
        <xs:simpleType>
          <xs:restriction base="xs:string">
            <xs:maxLength value="1"/>
            <xs:pattern value="([F,N,D,f,n,d])"/>
          </xs:restriction>
        </xs:simpleType>
      </xs:element>
      <xs:element default="false" name="coOwners" type="xs:boolean">
        <xs:annotation>
          <xs:documentation>Show co owners: yes / no</xs:documentation>
        </xs:annotation>
      </xs:element>
      <xs:element default="false" minOccurs="0" name="showAddress" type="xs:boolean">
        <xs:annotation>
          <xs:documentation>Show addresses of the persons and companies in the response: yes / no</xs:documentation>
        </xs:annotation>
      </xs:element>
      <xs:element default="true" name="physicalPerson" type="xs:boolean">
        <xs:annotation>
          <xs:documentation>true: the PersIdf is a physical person, no value
                        in cadastralDivision or administrativeCommunNumber required
                        false:
                        the PersIdf is an enterprise, cadastralDivision or
                        administrativeCommunNumber is required</xs:documentation>
        </xs:annotation>
      </xs:element>
      <xs:element minOccurs="0" name="cadastralDivision">
        <xs:annotation>
          <xs:documentation>Cadastral division</xs:documentation>
        </xs:annotation>
        <xs:simpleType>
          <xs:restriction base="xs:integer">
            <xs:totalDigits value="5"/>
          </xs:restriction>
        </xs:simpleType>
      </xs:element>
      <xs:element minOccurs="0" name="codeNISCommunity">
        <xs:annotation>
          <xs:documentation>NIS code of the community.</xs:documentation>
        </xs:annotation>
        <xs:simpleType>
          <xs:restriction base="xs:integer">
            <xs:totalDigits value="5"/>
          </xs:restriction>
        </xs:simpleType>
      </xs:element>
      <xs:element default="true" name="history" type="xs:boolean">
        <xs:annotation>
          <xs:documentation>Show history: yes / no</xs:documentation>
        </xs:annotation>
      </xs:element>
      <xs:element name="persIdf">
        <xs:annotation>
          <xs:documentation>the persIdf</xs:documentation>
        </xs:annotation>
        <xs:simpleType>
          <xs:restriction base="xs:long">
            <xs:totalDigits value="12"/>
          </xs:restriction>
        </xs:simpleType>
      </xs:element>
    </xs:sequence>
  </xs:complexType>
  <!--The type: be.fgov.minfin.esb.consultimmodataservice.be.fgov.minfin.schemas.esb.consultimmo.FindPropertyByPropertyId-->
  <xs:element name="findPropertyByPropertyId" type="ws:findPropertyByPropertyId"/>
  <xs:complexType name="findPropertyByPropertyId">
    <xs:annotation>
      <xs:documentation>Search for a property by using the PropertyId</xs:documentation>
    </xs:annotation>
    <xs:sequence>
      <xs:element minOccurs="0" name="findPropertyByPropertyIdVO" type="ws:findPropertyByPropertyIdVO"/>
    </xs:sequence>
  </xs:complexType>
  <!--The type: be.fgov.minfin.esb.consultimmodataservice.be.fgov.minfin.schemas.esb.consultimmo.FindPropertyByPropertyIdResponse-->
  <xs:element name="findPropertyByPropertyIdResponse" type="ws:findPropertyByPropertyIdResponse"/>
  <xs:complexType name="findPropertyByPropertyIdResponse">
    <xs:complexContent>
      <xs:extension base="ws:response">
        <xs:sequence>
          <xs:element maxOccurs="unbounded" minOccurs="0" name="findPropertyByPropertyIdResponse" nillable="true" type="ws:compositePropertyStateVO"/>
        </xs:sequence>
      </xs:extension>
    </xs:complexContent>
  </xs:complexType>
  <!--The type: be.fgov.minfin.esb.consultimmodataservice.be.fgov.minfin.schemas.esb.consultimmo.FindPropertyByPropertyIdVO-->
  <xs:complexType name="findPropertyByPropertyIdVO">
    <xs:sequence>
      <xs:element name="language">
        <xs:annotation>
          <xs:documentation>Language of the user (F/N/D)</xs:documentation>
        </xs:annotation>
        <xs:simpleType>
          <xs:restriction base="xs:string">
            <xs:maxLength value="1"/>
            <xs:pattern value="([F,N,D,f,n,d])"/>
          </xs:restriction>
        </xs:simpleType>
      </xs:element>
      <xs:element minOccurs="0" name="propertyId" type="xs:integer">
        <xs:annotation>
          <xs:documentation>technical identifier of the property</xs:documentation>
        </xs:annotation>
      </xs:element>
      <xs:element default="false" minOccurs="0" name="showAddress" type="xs:boolean">
        <xs:annotation>
          <xs:documentation>Show addresses of the persons and companies in the response: yes / no</xs:documentation>
        </xs:annotation>
      </xs:element>
    </xs:sequence>
  </xs:complexType>
  <!--The type: be.fgov.minfin.esb.consultimmodataservice.be.fgov.minfin.schemas.esb.consultimmo.FindStreetsBySearchToken-->
  <xs:element name="findStreetsBySearchToken" type="ws:findStreetsBySearchToken"/>
  <xs:complexType name="findStreetsBySearchToken">
    <xs:annotation>
      <xs:documentation>Find a street within a community, by a token in the
                selected language.</xs:documentation>
    </xs:annotation>
    <xs:sequence>
      <xs:element minOccurs="0" name="findStreetsBySearchTokenVO" type="ws:findStreetsBySearchTokenVO"/>
    </xs:sequence>
  </xs:complexType>
  <!--The type: be.fgov.minfin.esb.consultimmodataservice.be.fgov.minfin.schemas.esb.consultimmo.FindStreetsBySearchTokenResponse-->
  <xs:element name="findStreetsBySearchTokenResponse" type="ws:findStreetsBySearchTokenResponse"/>
  <xs:complexType name="findStreetsBySearchTokenResponse">
    <xs:sequence>
      <xs:element maxOccurs="unbounded" minOccurs="0" name="streetVO" nillable="true" type="ws:streetVO"/>
    </xs:sequence>
  </xs:complexType>
  <!--The type: be.fgov.minfin.esb.consultimmodataservice.be.fgov.minfin.schemas.esb.consultimmo.FindStreetsBySearchTokenVO-->
  <xs:complexType name="findStreetsBySearchTokenVO">
    <xs:sequence>
      <xs:element name="language">
        <xs:annotation>
          <xs:documentation>Language of the user (F/N/D)</xs:documentation>
        </xs:annotation>
        <xs:simpleType>
          <xs:restriction base="xs:string">
            <xs:maxLength value="1"/>
            <xs:pattern value="([F,N,D,f,n,d])"/>
          </xs:restriction>
        </xs:simpleType>
      </xs:element>
      <xs:element name="searchToken" type="xs:string"/>
      <xs:element name="codeNisComId">
        <xs:annotation>
          <xs:documentation>NisCom</xs:documentation>
        </xs:annotation>
        <xs:simpleType>
          <xs:restriction base="xs:integer">
            <xs:totalDigits value="19"/>
          </xs:restriction>
        </xs:simpleType>
      </xs:element>
    </xs:sequence>
  </xs:complexType>
  <!--The type: be.fgov.minfin.esb.consultimmodataservice.be.fgov.minfin.schemas.esb.consultimmo.GetListDivisionWithPropertyByKBO-->
  <xs:element name="getListDivisionWithPropertyByKBO" type="ws:getListDivisionWithPropertyByKBO"/>
  <xs:complexType name="getListDivisionWithPropertyByKBO">
    <xs:annotation>
      <xs:documentation>Search the divisions that contain a property owned by the
				company given her KBO</xs:documentation>
    </xs:annotation>
    <xs:sequence>
      <xs:element name="getListDivisionWithPropertyByKBOVO" type="ws:findDivisionWithPropertyByKBOVO"/>
    </xs:sequence>
  </xs:complexType>
  <!--The type: be.fgov.minfin.esb.consultimmodataservice.be.fgov.minfin.schemas.esb.consultimmo.GetListDivisionWithPropertyByKBOResponse-->
  <xs:element name="getListDivisionWithPropertyByKBOResponse" type="ws:getListDivisionWithPropertyByKBOResponse"/>
  <xs:complexType name="getListDivisionWithPropertyByKBOResponse">
    <xs:sequence>
      <xs:element maxOccurs="unbounded" minOccurs="0" name="getListDivisionWithPropertyByKBOResponse" nillable="true" type="ws:divisionVO"/>
    </xs:sequence>
  </xs:complexType>
  <!--The type: be.fgov.minfin.esb.consultimmodataservice.be.fgov.minfin.schemas.esb.consultimmo.GetListDivisionWithPropertyByNRN-->
  <xs:element name="getListDivisionWithPropertyByNRN" type="ws:getListDivisionWithPropertyByNRN"/>
  <xs:complexType name="getListDivisionWithPropertyByNRN">
    <xs:annotation>
      <xs:documentation>Search the divisions that contain a property owned by the person
				given her NRN</xs:documentation>
    </xs:annotation>
    <xs:sequence>
      <xs:element name="getListDivisionWithPropertyByNRNVO" type="ws:findDivisionWithPropertyByNRNVO"/>
    </xs:sequence>
  </xs:complexType>
  <!--The type: be.fgov.minfin.esb.consultimmodataservice.be.fgov.minfin.schemas.esb.consultimmo.GetListDivisionWithPropertyByNRNResponse-->
  <xs:element name="getListDivisionWithPropertyByNRNResponse" type="ws:getListDivisionWithPropertyByNRNResponse"/>
  <xs:complexType name="getListDivisionWithPropertyByNRNResponse">
    <xs:sequence>
      <xs:element maxOccurs="unbounded" minOccurs="0" name="getListDivisionWithPropertyByNRNResponse" nillable="true" type="ws:divisionVO"/>
    </xs:sequence>
  </xs:complexType>
  <!--The type: be.fgov.minfin.esb.consultimmodataservice.be.fgov.minfin.schemas.esb.consultimmo.GetListDivisionWithPropertyByPersIdf-->
  <xs:element name="getListDivisionWithPropertyByPersIdf" type="ws:getListDivisionWithPropertyByPersIdf"/>
  <xs:complexType name="getListDivisionWithPropertyByPersIdf">
    <xs:annotation>
      <xs:documentation>Search a property within a division by using the persIdf</xs:documentation>
    </xs:annotation>
    <xs:sequence>
      <xs:element minOccurs="0" name="getListDivisionWithPropertyByPersIdfVO" type="ws:findDivisionWithPropertyByPersIdfVO"/>
    </xs:sequence>
  </xs:complexType>
  <!--The type: be.fgov.minfin.esb.consultimmodataservice.be.fgov.minfin.schemas.esb.consultimmo.GetListDivisionWithPropertyByPersIdfResponse-->
  <xs:element name="getListDivisionWithPropertyByPersIdfResponse" type="ws:getListDivisionWithPropertyByPersIdfResponse"/>
  <xs:complexType name="getListDivisionWithPropertyByPersIdfResponse">
    <xs:sequence>
      <xs:element maxOccurs="unbounded" minOccurs="0" name="return" nillable="true" type="ws:divisionVO"/>
    </xs:sequence>
  </xs:complexType>
  <!--The type: be.fgov.minfin.esb.consultimmodataservice.be.fgov.minfin.schemas.esb.consultimmo.GetListForAddress-->
  <xs:element name="getListForAddress" type="ws:getListForAddress"/>
  <xs:complexType name="getListForAddress">
    <xs:sequence>
      <xs:element minOccurs="0" name="getListForAddress" type="ws:getListForAddressVO"/>
    </xs:sequence>
  </xs:complexType>
  <!--The type: be.fgov.minfin.esb.consultimmodataservice.be.fgov.minfin.schemas.esb.consultimmo.GetListForAddressResponse-->
  <xs:element name="getListForAddressResponse" type="ws:getListForAddressResponse"/>
  <xs:complexType name="getListForAddressResponse">
    <xs:sequence>
      <xs:element maxOccurs="unbounded" minOccurs="0" name="addressPartyVO" nillable="true" type="ws:addressPartyVO"/>
    </xs:sequence>
  </xs:complexType>
  <!--The type: be.fgov.minfin.esb.consultimmodataservice.be.fgov.minfin.schemas.esb.consultimmo.GetListForAddressVO-->
  <xs:complexType name="getListForAddressVO">
    <xs:sequence>
      <xs:element name="codeNISCommunity">
        <xs:annotation>
          <xs:documentation>code of the community</xs:documentation>
        </xs:annotation>
        <xs:simpleType>
          <xs:restriction base="xs:integer">
            <xs:totalDigits value="5"/>
          </xs:restriction>
        </xs:simpleType>
      </xs:element>
      <xs:element name="codeNSRStreet">
        <xs:annotation>
          <xs:documentation>code of the street(NSR)</xs:documentation>
        </xs:annotation>
        <xs:simpleType>
          <xs:restriction base="xs:integer">
            <xs:totalDigits value="5"/>
          </xs:restriction>
        </xs:simpleType>
      </xs:element>
      <xs:element name="language">
        <xs:annotation>
          <xs:documentation>Language of the user (n,f,d)</xs:documentation>
        </xs:annotation>
        <xs:simpleType>
          <xs:restriction base="xs:string">
            <xs:maxLength value="1"/>
            <xs:pattern value="([F,N,D,f,n,d])"/>
          </xs:restriction>
        </xs:simpleType>
      </xs:element>
      <xs:element minOccurs="0" name="number">
        <xs:annotation>
          <xs:documentation>Housenumber</xs:documentation>
        </xs:annotation>
        <xs:simpleType>
          <xs:restriction base="xs:string">
            <xs:maxLength value="11"/>
          </xs:restriction>
        </xs:simpleType>
      </xs:element>
      <xs:element name="maxResult">
        <xs:annotation>
          <xs:documentation>The user can choose the maximum amount of results that
                        will be shown on the screen.</xs:documentation>
        </xs:annotation>
        <xs:simpleType>
          <xs:restriction base="xs:integer">
            <xs:totalDigits value="3"/>
            <xs:minInclusive value="1"/>
            <xs:maxInclusive value="999"/>
          </xs:restriction>
        </xs:simpleType>
      </xs:element>
      <xs:element name="active" type="xs:boolean">
        <xs:annotation>
          <xs:documentation>only addressen results with status active: yes / no
                        true: give the active parcels
                        false: give the actieve AND passive addresses</xs:documentation>
        </xs:annotation>
      </xs:element>
    </xs:sequence>
  </xs:complexType>
  <!--The type: be.fgov.minfin.esb.consultimmodataservice.be.fgov.minfin.schemas.esb.consultimmo.GetListForByParcelId-->
  <xs:element name="getListForByParcelId" type="ws:getListForByParcelId"/>
  <xs:complexType name="getListForByParcelId">
    <xs:annotation>
      <xs:documentation>This method is used when the client only has a partial parcelId.</xs:documentation>
    </xs:annotation>
    <xs:sequence>
      <xs:element minOccurs="0" name="getListForByParcelIdVO" type="ws:getListForByParcelIdVO"/>
    </xs:sequence>
  </xs:complexType>
  <!--The type: be.fgov.minfin.esb.consultimmodataservice.be.fgov.minfin.schemas.esb.consultimmo.GetListForByParcelIdResponse-->
  <xs:element name="getListForByParcelIdResponse" type="ws:getListForByParcelIdResponse"/>
  <xs:complexType name="getListForByParcelIdResponse">
    <xs:sequence>
      <xs:element maxOccurs="unbounded" minOccurs="0" name="getListForByParcelIdResponse" nillable="true" type="ws:addressPartyVO"/>
    </xs:sequence>
  </xs:complexType>
  <!--The type: be.fgov.minfin.esb.consultimmodataservice.be.fgov.minfin.schemas.esb.consultimmo.GetListForByParcelIdVO-->
  <xs:complexType name="getListForByParcelIdVO">
    <xs:sequence>
      <xs:element name="language">
        <xs:annotation>
          <xs:documentation>Language of the user (F/N/D)</xs:documentation>
        </xs:annotation>
        <xs:simpleType>
          <xs:restriction base="xs:string">
            <xs:maxLength value="1"/>
            <xs:pattern value="([F,N,D,f,n,d])"/>
          </xs:restriction>
        </xs:simpleType>
      </xs:element>
      <xs:element name="active" type="xs:boolean">
        <xs:annotation>
          <xs:documentation>only parcel results with status active: yes / no
                        yes: give the active parcels
                        no: give the actieve AND passive parcels starting from
                        2002</xs:documentation>
        </xs:annotation>
      </xs:element>
      <xs:element name="maxResult">
        <xs:annotation>
          <xs:documentation>The user can choose the maximum amount of results that
                        will be shown on the screen.</xs:documentation>
        </xs:annotation>
        <xs:simpleType>
          <xs:restriction base="xs:integer">
            <xs:minInclusive value="1"/>
            <xs:maxInclusive value="999"/>
          </xs:restriction>
        </xs:simpleType>
      </xs:element>
      <xs:element name="cadastralDivision">
        <xs:annotation>
          <xs:documentation>Cadastral division</xs:documentation>
        </xs:annotation>
        <xs:simpleType>
          <xs:restriction base="xs:integer">
            <xs:totalDigits value="5"/>
          </xs:restriction>
        </xs:simpleType>
      </xs:element>
      <xs:element name="section">
        <xs:annotation>
          <xs:documentation>section</xs:documentation>
        </xs:annotation>
        <xs:simpleType>
          <xs:restriction base="xs:string">
            <xs:maxLength value="1"/>
            <xs:pattern value="([A-Za-z])"/>
          </xs:restriction>
        </xs:simpleType>
      </xs:element>
      <xs:element minOccurs="0" name="primaryNumber">
        <xs:annotation>
          <xs:documentation>Grondnummer</xs:documentation>
        </xs:annotation>
        <xs:simpleType>
          <xs:restriction base="xs:integer">
            <xs:totalDigits value="4"/>
            <xs:minInclusive value="1"/>
            <xs:maxInclusive value="9999"/>
          </xs:restriction>
        </xs:simpleType>
      </xs:element>
      <xs:element minOccurs="0" name="bisNumber">
        <xs:annotation>
          <xs:documentation>bisnumber</xs:documentation>
        </xs:annotation>
        <xs:simpleType>
          <xs:restriction base="xs:integer">
            <xs:totalDigits value="2"/>
            <xs:minInclusive value="2"/>
            <xs:maxInclusive value="99"/>
          </xs:restriction>
        </xs:simpleType>
      </xs:element>
      <xs:element minOccurs="0" name="exponentNumber">
        <xs:annotation>
          <xs:documentation>exponentnumber</xs:documentation>
        </xs:annotation>
        <xs:simpleType>
          <xs:restriction base="xs:integer">
            <xs:totalDigits value="3"/>
            <xs:minInclusive value="2"/>
            <xs:maxInclusive value="999"/>
          </xs:restriction>
        </xs:simpleType>
      </xs:element>
      <xs:element minOccurs="0" name="exponentLetter">
        <xs:annotation>
          <xs:documentation>section</xs:documentation>
        </xs:annotation>
        <xs:simpleType>
          <xs:restriction base="xs:string">
            <xs:maxLength value="1"/>
            <xs:pattern value="([a-zA-Z])"/>
          </xs:restriction>
        </xs:simpleType>
      </xs:element>
      <xs:element minOccurs="0" name="partNumber">
        <xs:annotation>
          <xs:documentation>partnumber (P0000 -> P9999)</xs:documentation>
        </xs:annotation>
        <xs:simpleType>
          <xs:restriction base="xs:string">
            <xs:maxLength value="5"/>
            <xs:pattern value="([P,p][0-9][0-9][0-9][0-9])"/>
          </xs:restriction>
        </xs:simpleType>
      </xs:element>
    </xs:sequence>
  </xs:complexType>
  <!--The type: be.fgov.minfin.esb.consultimmodataservice.be.fgov.minfin.schemas.esb.consultimmo.GetPersonsRequest-->
  <xs:element name="GetPersonsRequest" type="ws:GetPersonsRequest"/>
  <xs:complexType name="GetPersonsRequest">
    <xs:sequence>
      <xs:element minOccurs="0" name="firstName" type="xs:string"/>
      <xs:element name="lastName" type="xs:string"/>
      <xs:element name="zipCode" type="xs:string"/>
    </xs:sequence>
  </xs:complexType>
  <!--The type: be.fgov.minfin.esb.consultimmodataservice.be.fgov.minfin.schemas.esb.consultimmo.GetPersonsResponse-->
  <xs:element name="GetPersonsResponse" type="ws:GetPersonsResponse"/>
  <xs:complexType name="GetPersonsResponse">
    <xs:sequence>
      <xs:element maxOccurs="unbounded" minOccurs="0" name="persons" type="ws:person"/>
    </xs:sequence>
  </xs:complexType>
  <!--The type: be.fgov.minfin.esb.consultimmodataservice.be.fgov.minfin.schemas.esb.consultimmo.NotBuiltVO-->
  <xs:complexType name="notBuiltVO">
    <xs:sequence>
      <xs:element name="purNature" type="ws:CodeDescriptionType">
        <xs:annotation>
          <xs:documentation>description the nature of the PUR</xs:documentation>
        </xs:annotation>
      </xs:element>
      <xs:element name="purType" type="ws:CodeDescriptionType">
        <xs:annotation>
          <xs:documentation>description the type of the PUR</xs:documentation>
        </xs:annotation>
      </xs:element>
      <xs:element minOccurs="0" name="mainCommon">
        <xs:annotation>
          <xs:documentation>unknown, this field is not documented</xs:documentation>
        </xs:annotation>
        <xs:simpleType>
          <xs:restriction base="xs:integer">
            <xs:totalDigits value="5"/>
          </xs:restriction>
        </xs:simpleType>
      </xs:element>
      <xs:element minOccurs="0" name="purCommon">
        <xs:annotation>
          <xs:documentation>unknown, this field is not documented</xs:documentation>
        </xs:annotation>
        <xs:simpleType>
          <xs:restriction base="xs:integer">
            <xs:totalDigits value="5"/>
          </xs:restriction>
        </xs:simpleType>
      </xs:element>
      <xs:element minOccurs="0" name="purIdf">
        <xs:annotation>
          <xs:documentation>unknown, this field is not documented</xs:documentation>
        </xs:annotation>
        <xs:simpleType>
          <xs:restriction base="xs:string">
            <xs:maxLength value="12"/>
          </xs:restriction>
        </xs:simpleType>
      </xs:element>
      <xs:element minOccurs="0" name="location">
        <xs:annotation>
          <xs:documentation>Situation not built (toponiemen)</xs:documentation>
        </xs:annotation>
        <xs:simpleType>
          <xs:restriction base="xs:string">
            <xs:maxLength value="100"/>
          </xs:restriction>
        </xs:simpleType>
      </xs:element>
    </xs:sequence>
  </xs:complexType>
  <!--The type: be.fgov.minfin.esb.consultimmodataservice.be.fgov.minfin.schemas.esb.consultimmo.ParcelIdentificationVO-->
  <xs:complexType name="parcelIdentificationVO">
    <xs:sequence>
      <xs:element minOccurs="0" name="bisNumber">
        <xs:annotation>
          <xs:documentation>bisnumber</xs:documentation>
        </xs:annotation>
        <xs:simpleType>
          <xs:restriction base="xs:integer">
            <xs:totalDigits value="5"/>
          </xs:restriction>
        </xs:simpleType>
      </xs:element>
      <xs:element name="divCad" type="ws:CodeDescriptionType">
        <xs:annotation>
          <xs:documentation>description the cadastral division</xs:documentation>
        </xs:annotation>
      </xs:element>
      <xs:element minOccurs="0" name="exponentLetter">
        <xs:annotation>
          <xs:documentation>exponentletter</xs:documentation>
        </xs:annotation>
        <xs:simpleType>
          <xs:restriction base="xs:string">
            <xs:maxLength value="1"/>
          </xs:restriction>
        </xs:simpleType>
      </xs:element>
      <xs:element minOccurs="0" name="exponentNumber">
        <xs:annotation>
          <xs:documentation>exponentnumber</xs:documentation>
        </xs:annotation>
        <xs:simpleType>
          <xs:restriction base="xs:integer">
            <xs:totalDigits value="5"/>
          </xs:restriction>
        </xs:simpleType>
      </xs:element>
      <xs:element minOccurs="0" name="fractionDenominator">
        <xs:annotation>
          <xs:documentation>Denominator for the common parts</xs:documentation>
        </xs:annotation>
        <xs:simpleType>
          <xs:restriction base="xs:integer">
            <xs:totalDigits value="10"/>
          </xs:restriction>
        </xs:simpleType>
      </xs:element>
      <xs:element name="partNumber">
        <xs:annotation>
          <xs:documentation>partnumber (P0000 -> P9999)</xs:documentation>
        </xs:annotation>
        <xs:simpleType>
          <xs:restriction base="xs:string">
            <xs:maxLength value="5"/>
            <xs:pattern value="(P[0-9][0-9][0-9][0-9])"/>
          </xs:restriction>
        </xs:simpleType>
      </xs:element>
      <xs:element name="primaryNumber">
        <xs:annotation>
          <xs:documentation>primary number (grondnummer)</xs:documentation>
        </xs:annotation>
        <xs:simpleType>
          <xs:restriction base="xs:integer">
            <xs:totalDigits value="5"/>
          </xs:restriction>
        </xs:simpleType>
      </xs:element>
      <xs:element name="section">
        <xs:annotation>
          <xs:documentation>section</xs:documentation>
        </xs:annotation>
        <xs:simpleType>
          <xs:restriction base="xs:string">
            <xs:maxLength value="1"/>
          </xs:restriction>
        </xs:simpleType>
      </xs:element>
      <xs:element minOccurs="0" name="precad">
        <xs:annotation>
          <xs:documentation>precad</xs:documentation>
        </xs:annotation>
        <xs:simpleType>
          <xs:restriction base="xs:string">
            <xs:maxLength value="1"/>
            <xs:pattern value="([s,r,S,R])"/>
          </xs:restriction>
        </xs:simpleType>
      </xs:element>
    </xs:sequence>
  </xs:complexType>
  <!--The type: be.fgov.minfin.esb.consultimmodataservice.be.fgov.minfin.schemas.esb.consultimmo.ParcelInformationNavigatorVO-->
  <xs:complexType name="parcelInformationNavigatorVO">
    <xs:sequence>
      <xs:element minOccurs="0" name="parcelIdentification" type="ws:parcelIdentificationVO">
        <xs:annotation>
          <xs:documentation>parcels</xs:documentation>
        </xs:annotation>
      </xs:element>
      <xs:element minOccurs="0" name="parclCadStatu" type="ws:CodeDescriptionType">
        <xs:annotation>
          <xs:documentation>Status of the patrimonial parcel</xs:documentation>
        </xs:annotation>
      </xs:element>
      <xs:element minOccurs="0" name="type" type="ws:CodeDescriptionType">
        <xs:annotation>
          <xs:documentation>Status of the patrimonial parcel</xs:documentation>
        </xs:annotation>
      </xs:element>
      <xs:element minOccurs="0" name="fullDetail" type="xs:string">
        <xs:annotation>
          <xs:documentation>technical identification of planGeometre</xs:documentation>
        </xs:annotation>
      </xs:element>
      <xs:element minOccurs="0" name="apptDetail" type="xs:string">
        <xs:annotation>
          <xs:documentation>technical identification of planGeometre</xs:documentation>
        </xs:annotation>
      </xs:element>
      <xs:element minOccurs="0" name="lot" type="xs:string">
        <xs:annotation>
          <xs:documentation>technical identification of planGeometre</xs:documentation>
        </xs:annotation>
      </xs:element>
      <xs:element minOccurs="0" name="description" type="xs:string">
        <xs:annotation>
          <xs:documentation>technical identification of planGeometre</xs:documentation>
        </xs:annotation>
      </xs:element>
    </xs:sequence>
  </xs:complexType>
  <!--The type: be.fgov.minfin.esb.consultimmodataservice.be.fgov.minfin.schemas.esb.consultimmo.ParcelInformationVO-->
  <xs:complexType name="parcelInformationVO">
    <xs:sequence>
      <xs:element minOccurs="0" name="cadastralIncomeVO" type="ws:cadastralIncomeVO"/>
      <xs:element minOccurs="0" name="nisCom" type="ws:CodeDescriptionType">
        <xs:annotation>
          <xs:documentation>The community codedescription.</xs:documentation>
        </xs:annotation>
      </xs:element>
      <xs:element minOccurs="0" name="polWa" type="ws:CodeDescriptionType">
        <xs:annotation>
          <xs:documentation>description the code in tag 'codePolWaId'</xs:documentation>
        </xs:annotation>
      </xs:element>
      <xs:element minOccurs="0" name="soilIndex" type="ws:CodeDescriptionType">
        <xs:annotation>
          <xs:documentation>description the code in tag 'codeSoilIndex'</xs:documentation>
        </xs:annotation>
      </xs:element>
      <xs:element minOccurs="0" name="soilRent" type="ws:CodeDescriptionType">
        <xs:annotation>
          <xs:documentation>description the code in tag 'soilRent'</xs:documentation>
        </xs:annotation>
      </xs:element>
      <xs:element minOccurs="0" name="cadastralIncomePerSurface" type="xs:decimal">
        <xs:annotation>
          <xs:documentation>Cadastral income per surface</xs:documentation>
        </xs:annotation>
      </xs:element>
      <xs:element minOccurs="0" name="surfaceVerif" type="ws:CodeDescriptionType">
        <xs:annotation>
          <xs:documentation>description the code in tag 'surfaceVerif'</xs:documentation>
        </xs:annotation>
      </xs:element>
      <xs:element minOccurs="0" name="notAppl">
        <xs:annotation>
          <xs:documentation>share not marked</xs:documentation>
        </xs:annotation>
        <xs:simpleType>
          <xs:restriction base="xs:integer">
            <xs:totalDigits value="5"/>
          </xs:restriction>
        </xs:simpleType>
      </xs:element>
      <xs:element minOccurs="0" name="number">
        <xs:annotation>
          <xs:documentation>number</xs:documentation>
        </xs:annotation>
        <xs:simpleType>
          <xs:restriction base="xs:integer">
            <xs:totalDigits value="10"/>
          </xs:restriction>
        </xs:simpleType>
      </xs:element>
      <xs:element minOccurs="0" name="order">
        <xs:annotation>
          <xs:documentation>order of the parts according the income en reglements</xs:documentation>
        </xs:annotation>
        <xs:simpleType>
          <xs:restriction base="xs:string">
            <xs:maxLength value="2"/>
          </xs:restriction>
        </xs:simpleType>
      </xs:element>
      <xs:element minOccurs="0" name="surfaceNotTaxable">
        <xs:annotation>
          <xs:documentation>Surface not taxable</xs:documentation>
        </xs:annotation>
        <xs:simpleType>
          <xs:restriction base="xs:integer">
            <xs:totalDigits value="100"/>
          </xs:restriction>
        </xs:simpleType>
      </xs:element>
      <xs:element minOccurs="0" name="surfaceTaxable">
        <xs:annotation>
          <xs:documentation>Surface taxable</xs:documentation>
        </xs:annotation>
        <xs:simpleType>
          <xs:restriction base="xs:integer">
            <xs:totalDigits value="100"/>
          </xs:restriction>
        </xs:simpleType>
      </xs:element>
      <xs:element minOccurs="0" name="versionPurId">
        <xs:annotation>
          <xs:documentation>technical key for the pursituation in this version</xs:documentation>
        </xs:annotation>
        <xs:simpleType>
          <xs:restriction base="xs:integer">
            <xs:totalDigits value="19"/>
          </xs:restriction>
        </xs:simpleType>
      </xs:element>
      <xs:element minOccurs="0" name="xCoordinate">
        <xs:annotation>
          <xs:documentation>X coordinate</xs:documentation>
        </xs:annotation>
        <xs:simpleType>
          <xs:restriction base="xs:integer">
            <xs:totalDigits value="10"/>
          </xs:restriction>
        </xs:simpleType>
      </xs:element>
      <xs:element minOccurs="0" name="yCoordinate">
        <xs:annotation>
          <xs:documentation>Y coordinate</xs:documentation>
        </xs:annotation>
        <xs:simpleType>
          <xs:restriction base="xs:integer">
            <xs:totalDigits value="10"/>
          </xs:restriction>
        </xs:simpleType>
      </xs:element>
    </xs:sequence>
  </xs:complexType>
  <!--The type: be.fgov.minfin.esb.consultimmodataservice.be.fgov.minfin.schemas.esb.consultimmo.ParcelNavigatorParcel-->
  <xs:complexType name="parcelNavigatorParcel">
    <xs:sequence>
      <xs:element minOccurs="0" name="schets" type="xs:string">
        <xs:annotation>
          <xs:documentation>Schets: patbasl: md_dossier</xs:documentation>
        </xs:annotation>
      </xs:element>
      <xs:element minOccurs="0" name="parcel" type="ws:parcelInformationNavigatorVO">
        <xs:annotation>
          <xs:documentation>parcels</xs:documentation>
        </xs:annotation>
      </xs:element>
      <xs:element maxOccurs="unbounded" minOccurs="0" name="dossier" type="ws:dossierVO">
        <xs:annotation>
          <xs:documentation>dossiers</xs:documentation>
        </xs:annotation>
      </xs:element>
      <xs:element maxOccurs="unbounded" minOccurs="0" name="up" type="ws:parcelNavigatorParcel">
        <xs:annotation>
          <xs:documentation>previous parcel</xs:documentation>
        </xs:annotation>
      </xs:element>
      <xs:element maxOccurs="unbounded" minOccurs="0" name="down" type="ws:parcelNavigatorParcel">
        <xs:annotation>
          <xs:documentation>new parcel</xs:documentation>
        </xs:annotation>
      </xs:element>
      <xs:element minOccurs="0" name="publicDomain" type="ws:publicDomainVO">
        <xs:annotation>
          <xs:documentation>public domains</xs:documentation>
        </xs:annotation>
      </xs:element>
    </xs:sequence>
  </xs:complexType>
  <!--The type: be.fgov.minfin.esb.consultimmodataservice.be.fgov.minfin.schemas.esb.consultimmo.ParcelNavigatorRequest-->
  <xs:element name="parcelNavigatorRequest" type="ws:parcelNavigatorRequestType"/>
  <!--The type: be.fgov.minfin.esb.consultimmodataservice.be.fgov.minfin.schemas.esb.consultimmo.ParcelNavigatorRequestType-->
  <xs:complexType name="parcelNavigatorRequestType">
    <xs:annotation>
      <xs:documentation>Search list of dossiers of precad by parcel id.</xs:documentation>
    </xs:annotation>
    <xs:sequence>
      <xs:element name="language">
        <xs:annotation>
          <xs:documentation>Language of the user (F/N/D)</xs:documentation>
        </xs:annotation>
        <xs:simpleType>
          <xs:restriction base="xs:string">
            <xs:maxLength value="1"/>
            <xs:pattern value="([F,N,D,f,n,d])"/>
          </xs:restriction>
        </xs:simpleType>
      </xs:element>
      <xs:element name="cadastralDivision">
        <xs:annotation>
          <xs:documentation>Cadastral division</xs:documentation>
        </xs:annotation>
        <xs:simpleType>
          <xs:restriction base="xs:integer">
            <xs:totalDigits value="5"/>
          </xs:restriction>
        </xs:simpleType>
      </xs:element>
      <xs:element name="section">
        <xs:annotation>
          <xs:documentation>section</xs:documentation>
        </xs:annotation>
        <xs:simpleType>
          <xs:restriction base="xs:string">
            <xs:maxLength value="1"/>
            <xs:pattern value="([a-zA-Z])"/>
          </xs:restriction>
        </xs:simpleType>
      </xs:element>
      <xs:element name="primaryNumber">
        <xs:annotation>
          <xs:documentation>primary number</xs:documentation>
        </xs:annotation>
        <xs:simpleType>
          <xs:restriction base="xs:integer">
            <xs:totalDigits value="4"/>
            <xs:minInclusive value="1"/>
            <xs:maxInclusive value="9999"/>
          </xs:restriction>
        </xs:simpleType>
      </xs:element>
      <xs:element minOccurs="0" name="bisNumber">
        <xs:annotation>
          <xs:documentation>bisnumber</xs:documentation>
        </xs:annotation>
        <xs:simpleType>
          <xs:restriction base="xs:integer">
            <xs:totalDigits value="2"/>
            <xs:minInclusive value="2"/>
            <xs:maxInclusive value="99"/>
          </xs:restriction>
        </xs:simpleType>
      </xs:element>
      <xs:element minOccurs="0" name="exponentNumber">
        <xs:annotation>
          <xs:documentation>exponentnumber</xs:documentation>
        </xs:annotation>
        <xs:simpleType>
          <xs:restriction base="xs:integer">
            <xs:totalDigits value="3"/>
            <xs:minInclusive value="2"/>
            <xs:maxInclusive value="999"/>
          </xs:restriction>
        </xs:simpleType>
      </xs:element>
      <xs:element minOccurs="0" name="exponentLetter">
        <xs:annotation>
          <xs:documentation>exponentletter</xs:documentation>
        </xs:annotation>
        <xs:simpleType>
          <xs:restriction base="xs:string">
            <xs:maxLength value="1"/>
            <xs:pattern value="([a-zA-Z])"/>
          </xs:restriction>
        </xs:simpleType>
      </xs:element>
      <xs:element minOccurs="0" name="partNumber">
        <xs:annotation>
          <xs:documentation>partnumber (P0000 -> P9999)</xs:documentation>
        </xs:annotation>
        <xs:simpleType>
          <xs:restriction base="xs:string">
            <xs:maxLength value="5"/>
            <xs:pattern value="([P,p][0-9][0-9][0-9][0-9])"/>
          </xs:restriction>
        </xs:simpleType>
      </xs:element>
    </xs:sequence>
  </xs:complexType>
  <!--The type: be.fgov.minfin.esb.consultimmodataservice.be.fgov.minfin.schemas.esb.consultimmo.ParcelNavigatorResponse-->
  <xs:element name="parcelNavigatorResponse" type="ws:parcelNavigatorResponseType"/>
  <!--The type: be.fgov.minfin.esb.consultimmodataservice.be.fgov.minfin.schemas.esb.consultimmo.ParcelNavigatorResponseType-->
  <xs:complexType name="parcelNavigatorResponseType">
    <xs:annotation>
      <xs:documentation>Output for the request to get the dossier of precad by a given parcel</xs:documentation>
    </xs:annotation>
    <xs:sequence>
      <xs:element maxOccurs="unbounded" minOccurs="0" name="navigator" type="ws:parcelNavigatorParcel"/>
    </xs:sequence>
  </xs:complexType>
  <!--The type: be.fgov.minfin.esb.consultimmodataservice.be.fgov.minfin.schemas.esb.consultimmo.ParcelStateVO-->
  <xs:complexType name="parcelStateVO">
    <xs:sequence>
      <xs:element minOccurs="0" name="amountElevator">
        <xs:annotation>
          <xs:documentation>the amount of elevators</xs:documentation>
        </xs:annotation>
        <xs:simpleType>
          <xs:restriction base="xs:string">
            <xs:maxLength value="10"/>
          </xs:restriction>
        </xs:simpleType>
      </xs:element>
      <xs:element minOccurs="0" name="descriptPrivate">
        <xs:annotation>
          <xs:documentation>description of the private part.</xs:documentation>
        </xs:annotation>
        <xs:simpleType>
          <xs:restriction base="xs:string">
            <xs:maxLength value="35"/>
          </xs:restriction>
        </xs:simpleType>
      </xs:element>
      <xs:element minOccurs="0" name="bassin">
        <xs:annotation>
          <xs:documentation>description of the second nature bassin.</xs:documentation>
        </xs:annotation>
        <xs:simpleType>
          <xs:restriction base="xs:integer">
            <xs:totalDigits value="5"/>
          </xs:restriction>
        </xs:simpleType>
      </xs:element>
      <xs:element minOccurs="0" name="beginVersion" type="xs:dateTime">
        <xs:annotation>
          <xs:documentation>Validation date of the dossier (techincal timestamp)</xs:documentation>
        </xs:annotation>
      </xs:element>
      <xs:element maxOccurs="unbounded" minOccurs="0" name="builtVO" type="ws:builtVO"/>
      <xs:element minOccurs="0" name="dhm" type="ws:CodeDescriptionType">
        <xs:annotation>
          <xs:documentation>The dhm codedescription.</xs:documentation>
        </xs:annotation>
      </xs:element>
      <xs:element minOccurs="0" name="energyCertificate" type="ws:CodeDescriptionType">
        <xs:annotation>
          <xs:documentation>The energyCertificate codedescription.</xs:documentation>
        </xs:annotation>
      </xs:element>
      <xs:element minOccurs="0" name="nature" type="ws:CodeDescriptionType">
        <xs:annotation>
          <xs:documentation>codedescription of the nature of the cadastral parcel</xs:documentation>
        </xs:annotation>
      </xs:element>
      <xs:element minOccurs="0" name="parclCadStatu" type="ws:CodeDescriptionType">
        <xs:annotation>
          <xs:documentation>Status of the patrimonial parcel</xs:documentation>
        </xs:annotation>
      </xs:element>
      <xs:element minOccurs="0" name="util" type="ws:CodeDescriptionType">
        <xs:annotation>
          <xs:documentation>description of the code util</xs:documentation>
        </xs:annotation>
      </xs:element>
      <xs:element minOccurs="0" name="dateBegin" type="xs:date">
        <xs:annotation>
          <xs:documentation>Validitydate of the parcel</xs:documentation>
        </xs:annotation>
      </xs:element>
      <xs:element minOccurs="0" name="dateBeginYear">
        <xs:annotation>
          <xs:documentation>year of the start date</xs:documentation>
        </xs:annotation>
        <xs:simpleType>
          <xs:restriction base="xs:integer">
            <xs:totalDigits value="4"/>
          </xs:restriction>
        </xs:simpleType>
      </xs:element>
      <xs:element minOccurs="0" name="dateEnd" type="xs:date">
        <xs:annotation>
          <xs:documentation>end date</xs:documentation>
        </xs:annotation>
      </xs:element>
      <xs:element minOccurs="0" name="dateEndYear">
        <xs:annotation>
          <xs:documentation>year of the end date</xs:documentation>
        </xs:annotation>
        <xs:simpleType>
          <xs:restriction base="xs:integer">
            <xs:totalDigits value="4"/>
          </xs:restriction>
        </xs:simpleType>
      </xs:element>
      <xs:element minOccurs="0" name="dateEpc" type="xs:date">
        <xs:annotation>
          <xs:documentation>date when the EPC certificate was given.</xs:documentation>
        </xs:annotation>
      </xs:element>
      <xs:element minOccurs="0" name="detail">
        <xs:annotation>
          <xs:documentation>detailcode of the patrimonial parcel in CADNET</xs:documentation>
        </xs:annotation>
        <xs:simpleType>
          <xs:restriction base="xs:string">
            <xs:maxLength value="40"/>
          </xs:restriction>
        </xs:simpleType>
      </xs:element>
      <xs:element minOccurs="0" name="endVersion" type="xs:dateTime">
        <xs:annotation>
          <xs:documentation>end version</xs:documentation>
        </xs:annotation>
      </xs:element>
      <xs:element minOccurs="0" name="energyHouse">
        <xs:annotation>
          <xs:documentation>amount of energy used in the house</xs:documentation>
        </xs:annotation>
        <xs:simpleType>
          <xs:restriction base="xs:integer">
            <xs:totalDigits value="5"/>
          </xs:restriction>
        </xs:simpleType>
      </xs:element>
      <xs:element minOccurs="0" name="threshold">
        <xs:annotation>
          <xs:documentation>taxable threshold for the mat/out</xs:documentation>
        </xs:annotation>
        <xs:simpleType>
          <xs:restriction base="xs:integer">
            <xs:totalDigits value="10"/>
          </xs:restriction>
        </xs:simpleType>
      </xs:element>
      <xs:element minOccurs="0" name="isolationHouse">
        <xs:annotation>
          <xs:documentation>isolation value of the house</xs:documentation>
        </xs:annotation>
        <xs:simpleType>
          <xs:restriction base="xs:integer">
            <xs:totalDigits value="10"/>
          </xs:restriction>
        </xs:simpleType>
      </xs:element>
      <xs:element minOccurs="0" name="klaarpan">
        <xs:annotation>
          <xs:documentation>description of the second nature klaarpan.</xs:documentation>
        </xs:annotation>
        <xs:simpleType>
          <xs:restriction base="xs:integer">
            <xs:totalDigits value="5"/>
          </xs:restriction>
        </xs:simpleType>
      </xs:element>
      <xs:element minOccurs="0" name="maxThermCoef">
        <xs:annotation>
          <xs:documentation>The maximal thermical conductivity of the building
                        elements</xs:documentation>
        </xs:annotation>
        <xs:simpleType>
          <xs:restriction base="xs:integer">
            <xs:totalDigits value="10"/>
          </xs:restriction>
        </xs:simpleType>
      </xs:element>
      <xs:element minOccurs="0" name="matUtil">
        <xs:annotation>
          <xs:documentation>description of the second nature material and utilities</xs:documentation>
        </xs:annotation>
        <xs:simpleType>
          <xs:restriction base="xs:integer">
            <xs:totalDigits value="5"/>
          </xs:restriction>
        </xs:simpleType>
      </xs:element>
      <xs:element maxOccurs="unbounded" minOccurs="0" name="notBuiltVO" type="ws:notBuiltVO"/>
      <xs:element minOccurs="0" name="notTaxedMatUtil">
        <xs:annotation>
          <xs:documentation>not taxable mat/out</xs:documentation>
        </xs:annotation>
        <xs:simpleType>
          <xs:restriction base="xs:integer">
            <xs:totalDigits value="10"/>
          </xs:restriction>
        </xs:simpleType>
      </xs:element>
      <xs:element name="parcelIdentificationVO" type="ws:parcelIdentificationVO"/>
      <xs:element maxOccurs="unbounded" minOccurs="0" name="parcelInformationVO" type="ws:parcelInformationVO"/>
      <xs:element name="parcelSituationIdf">
        <xs:annotation>
          <xs:documentation>IdfTech SitParcelle.OIdfTech
                        The technical identifier of a situation of the cadastral parcel</xs:documentation>
        </xs:annotation>
        <xs:simpleType>
          <xs:restriction base="xs:long">
            <xs:totalDigits value="19"/>
          </xs:restriction>
        </xs:simpleType>
      </xs:element>
      <xs:element minOccurs="0" name="parcelWidthMain">
        <xs:annotation>
          <xs:documentation>width of the main building</xs:documentation>
        </xs:annotation>
        <xs:simpleType>
          <xs:restriction base="xs:integer">
            <xs:totalDigits value="12"/>
          </xs:restriction>
        </xs:simpleType>
      </xs:element>
      <xs:element minOccurs="0" name="parcelWidthStreet">
        <xs:annotation>
          <xs:documentation>width of the parcel at the street</xs:documentation>
        </xs:annotation>
        <xs:simpleType>
          <xs:restriction base="xs:integer">
            <xs:totalDigits value="12"/>
          </xs:restriction>
        </xs:simpleType>
      </xs:element>
      <xs:element name="passiveHouse" type="xs:boolean">
        <xs:annotation>
          <xs:documentation>house with low energy usage</xs:documentation>
        </xs:annotation>
      </xs:element>
      <xs:element minOccurs="0" name="rootput">
        <xs:annotation>
          <xs:documentation>description of the second nature rootput.</xs:documentation>
        </xs:annotation>
        <xs:simpleType>
          <xs:restriction base="xs:integer">
            <xs:totalDigits value="5"/>
          </xs:restriction>
        </xs:simpleType>
      </xs:element>
      <xs:element minOccurs="0" name="sketch">
        <xs:annotation>
          <xs:documentation>number of the sketch at creation or mutation.</xs:documentation>
        </xs:annotation>
        <xs:simpleType>
          <xs:restriction base="xs:integer">
            <xs:totalDigits value="10"/>
          </xs:restriction>
        </xs:simpleType>
      </xs:element>
    </xs:sequence>
  </xs:complexType>
  <!--The type: be.fgov.minfin.esb.consultimmodataservice.be.fgov.minfin.schemas.esb.consultimmo.PartyAnonymousVO-->
  <xs:complexType name="partyAnonymousVO">
    <xs:sequence>
      <xs:element name="anonymousOwner">
        <xs:annotation>
          <xs:documentation>String of the anonymous owners and their businessrights
                        (# en 2 rechthebbenden -BE 1/4- #)</xs:documentation>
        </xs:annotation>
        <xs:simpleType>
          <xs:restriction base="xs:string">
            <xs:maxLength value="100"/>
          </xs:restriction>
        </xs:simpleType>
      </xs:element>
    </xs:sequence>
  </xs:complexType>
  <!--The type: be.fgov.minfin.esb.consultimmodataservice.be.fgov.minfin.schemas.esb.consultimmo.PartyAssociationVO-->
  <xs:complexType name="partyAssociationVO">
    <xs:sequence>
      <xs:element maxOccurs="unbounded" minOccurs="0" name="persIdf" type="xs:long">
        <xs:annotation>
          <xs:documentation>Associations, groups, weird communities (three people, businesses, ...)</xs:documentation>
        </xs:annotation>
      </xs:element>
    </xs:sequence>
  </xs:complexType>
  <!--The type: be.fgov.minfin.esb.consultimmodataservice.be.fgov.minfin.schemas.esb.consultimmo.PartyBusinessVO-->
  <xs:complexType name="partyBusinessVO">
    <xs:sequence>
      <xs:element name="persIdf">
        <xs:annotation>
          <xs:documentation>the persIdf</xs:documentation>
        </xs:annotation>
        <xs:simpleType>
          <xs:restriction base="xs:long">
            <xs:totalDigits value="12"/>
          </xs:restriction>
        </xs:simpleType>
      </xs:element>
    </xs:sequence>
  </xs:complexType>
  <!--The type: be.fgov.minfin.esb.consultimmodataservice.be.fgov.minfin.schemas.esb.consultimmo.PartyCoOwnerVO-->
  <xs:complexType name="partyCoOwnerVO">
    <xs:sequence>
      <xs:element name="coOwner">
        <xs:annotation>
          <xs:documentation>String of the coOwners</xs:documentation>
        </xs:annotation>
        <xs:simpleType>
          <xs:restriction base="xs:string">
            <xs:maxLength value="100"/>
          </xs:restriction>
        </xs:simpleType>
      </xs:element>
    </xs:sequence>
  </xs:complexType>
  <!--The type: be.fgov.minfin.esb.consultimmodataservice.be.fgov.minfin.schemas.esb.consultimmo.PartyCommunityVO-->
  <xs:complexType name="partyCommunityVO">
    <xs:sequence>
      <xs:element maxOccurs="2" minOccurs="2" name="persIdf" type="xs:long">
        <xs:annotation>
          <xs:documentation>the persIdf //minOccurs changed from 2 to 0??</xs:documentation>
        </xs:annotation>
      </xs:element>
    </xs:sequence>
  </xs:complexType>
  <!--The type: be.fgov.minfin.esb.consultimmodataservice.be.fgov.minfin.schemas.esb.consultimmo.PartyIndividualVO-->
  <xs:complexType name="partyIndividualVO">
    <xs:sequence>
      <xs:element name="persIdf">
        <xs:annotation>
          <xs:documentation>the persIdf</xs:documentation>
        </xs:annotation>
        <xs:simpleType>
          <xs:restriction base="xs:long">
            <xs:totalDigits value="12"/>
          </xs:restriction>
        </xs:simpleType>
      </xs:element>
    </xs:sequence>
  </xs:complexType>
  <!--The type: be.fgov.minfin.esb.consultimmodataservice.be.fgov.minfin.schemas.esb.consultimmo.PartyInfoVO-->
  <xs:complexType name="partyInfoVO">
    <xs:sequence>
      <xs:element name="partyType" type="ws:CodeDescriptionType">
        <xs:annotation>
          <xs:documentation>description of the partyType</xs:documentation>
        </xs:annotation>
      </xs:element>
    </xs:sequence>
  </xs:complexType>
  <!--The type: be.fgov.minfin.esb.consultimmodataservice.be.fgov.minfin.schemas.esb.consultimmo.Person-->
  <xs:element name="person" type="ws:person"/>
  <xs:complexType name="person">
    <xs:sequence>
      <xs:element name="id">
        <xs:simpleType>
          <xs:restriction base="xs:integer">
            <xs:totalDigits value="12"/>
          </xs:restriction>
        </xs:simpleType>
      </xs:element>
      <xs:element minOccurs="0" name="firstName">
        <xs:simpleType>
          <xs:restriction base="xs:string">
            <xs:maxLength value="100"/>
          </xs:restriction>
        </xs:simpleType>
      </xs:element>
      <xs:element minOccurs="0" name="lastName">
        <xs:simpleType>
          <xs:restriction base="xs:string">
            <xs:maxLength value="100"/>
          </xs:restriction>
        </xs:simpleType>
      </xs:element>
      <xs:element minOccurs="0" name="zipCode">
        <xs:annotation>
          <xs:documentation>Legacy. Redundant with address/zipCode for backward-compatibility reasons.</xs:documentation>
        </xs:annotation>
        <xs:simpleType>
          <xs:restriction base="xs:string">
            <xs:maxLength value="15"/>
          </xs:restriction>
        </xs:simpleType>
      </xs:element>
      <xs:element minOccurs="0" name="birthDate" type="xs:string"/>
      <xs:element minOccurs="0" name="country">
        <xs:annotation>
          <xs:documentation>Legacy. Redundant with address/country for backward-compatibility reasons.</xs:documentation>
        </xs:annotation>
        <xs:simpleType>
          <xs:restriction base="xs:string">
            <xs:maxLength value="2"/>
          </xs:restriction>
        </xs:simpleType>
      </xs:element>
      <xs:element minOccurs="0" name="officialId" type="xs:string"/>
      <xs:element minOccurs="0" name="officialIdType" type="xs:string"/>
      <xs:element minOccurs="0" name="address" type="ws:SimpleAddress"/>
    </xs:sequence>
  </xs:complexType>
  <!--The type: be.fgov.minfin.esb.consultimmodataservice.be.fgov.minfin.schemas.esb.consultimmo.PropertyStateInfoVO-->
  <xs:complexType name="propertyStateInfoVO">
    <xs:sequence>
      <xs:element name="artLastInsParcl">
        <xs:annotation>
          <xs:documentation>the last article inscription</xs:documentation>
        </xs:annotation>
        <xs:simpleType>
          <xs:restriction base="xs:string">
            <xs:maxLength value="22"/>
          </xs:restriction>
        </xs:simpleType>
      </xs:element>
      <xs:element name="artLastInsParclAv">
        <xs:annotation>
          <xs:documentation>the previous article inscription</xs:documentation>
        </xs:annotation>
        <xs:simpleType>
          <xs:restriction base="xs:string">
            <xs:maxLength value="22"/>
          </xs:restriction>
        </xs:simpleType>
      </xs:element>
      <xs:element minOccurs="0" name="beginVersion" type="xs:dateTime">
        <xs:annotation>
          <xs:documentation>timestamp for the validation of the creation of the
                        dossier</xs:documentation>
        </xs:annotation>
      </xs:element>
      <xs:element minOccurs="0" name="cancelVersion" type="xs:dateTime">
        <xs:annotation>
          <xs:documentation>timestamp for the validation of the canceling of the
                        dossier</xs:documentation>
        </xs:annotation>
      </xs:element>
      <xs:element minOccurs="0" name="propSit" type="ws:CodeDescriptionType">
        <xs:annotation>
          <xs:documentation>description status propertystate(active/passive)</xs:documentation>
        </xs:annotation>
      </xs:element>
      <xs:element minOccurs="0" name="dateBegin" type="xs:date">
        <xs:annotation>
          <xs:documentation>fiscal startdate of the propertystate</xs:documentation>
        </xs:annotation>
      </xs:element>
      <xs:element minOccurs="0" name="dateBeginYear">
        <xs:annotation>
          <xs:documentation>created in a Cadnet dossier in this fiscal year</xs:documentation>
        </xs:annotation>
        <xs:simpleType>
          <xs:restriction base="xs:integer">
            <xs:totalDigits value="4"/>
          </xs:restriction>
        </xs:simpleType>
      </xs:element>
      <xs:element minOccurs="0" name="dateEnd" type="xs:date">
        <xs:annotation>
          <xs:documentation>fiscal enddate of the propertystate</xs:documentation>
        </xs:annotation>
      </xs:element>
      <xs:element minOccurs="0" name="dateEndYear">
        <xs:annotation>
          <xs:documentation>mutated in a Cadnet dossier in this fiscal year</xs:documentation>
        </xs:annotation>
        <xs:simpleType>
          <xs:restriction base="xs:integer">
            <xs:totalDigits value="4"/>
          </xs:restriction>
        </xs:simpleType>
      </xs:element>
      <xs:element minOccurs="0" name="dateJurBegin" type="xs:date">
        <xs:annotation>
          <xs:documentation>juridical begindate of the propertystate</xs:documentation>
        </xs:annotation>
      </xs:element>
      <xs:element minOccurs="0" name="dateJurEnd" type="xs:date">
        <xs:annotation>
          <xs:documentation>juridacal enddate of the propertystate</xs:documentation>
        </xs:annotation>
      </xs:element>
      <xs:element minOccurs="0" name="doubtfulRight">
        <xs:annotation>
          <xs:documentation>indication for the propertystate which has doubtfull
                        ownerrights</xs:documentation>
        </xs:annotation>
        <xs:simpleType>
          <xs:restriction base="xs:integer">
            <xs:totalDigits value="5"/>
          </xs:restriction>
        </xs:simpleType>
      </xs:element>
      <xs:element minOccurs="0" name="endVersion" type="xs:dateTime">
        <xs:annotation>
          <xs:documentation>timestamp for the validation of the mutation of the
                        dossier</xs:documentation>
        </xs:annotation>
      </xs:element>
      <xs:element name="propertySituationIdf" type="xs:long">
        <xs:annotation>
          <xs:documentation>SitPatrimoniale.oIdfTech => input voor
                        getPropertyByPropertyId</xs:documentation>
        </xs:annotation>
      </xs:element>
      <xs:element maxOccurs="unbounded" minOccurs="0" name="propertySituationIdfNext" type="xs:long">
        <xs:annotation>
          <xs:documentation>The next situation idf</xs:documentation>
        </xs:annotation>
      </xs:element>
      <xs:element maxOccurs="unbounded" minOccurs="0" name="propertySituationIdfPrevious" type="xs:long">
        <xs:annotation>
          <xs:documentation>The previous situation idf.</xs:documentation>
        </xs:annotation>
      </xs:element>
      <xs:element minOccurs="0" name="calculatedMarketValue" type="xs:decimal">
        <xs:annotation>
          <xs:documentation>The calculated market value of the propertystate.</xs:documentation>
        </xs:annotation>
      </xs:element>
      <xs:element minOccurs="0" name="dateCalculatedMarketValue" type="xs:date">
        <xs:annotation>
          <xs:documentation>Date when the market value was calculated</xs:documentation>
        </xs:annotation>
      </xs:element>
      <xs:element minOccurs="0" name="calculatedMinMarketValue" type="xs:decimal">
        <xs:annotation>
          <xs:documentation>Calculated minimal market value for sale</xs:documentation>
        </xs:annotation>
      </xs:element>
      <xs:element minOccurs="0" name="calculatedMaxMarketValue" type="xs:decimal">
        <xs:annotation>
          <xs:documentation>calculated maximal market value for sale</xs:documentation>
        </xs:annotation>
      </xs:element>
    </xs:sequence>
  </xs:complexType>
  <!--The type: be.fgov.minfin.esb.consultimmodataservice.be.fgov.minfin.schemas.esb.consultimmo.PublicDomainVO-->
  <xs:complexType name="publicDomainVO">
    <xs:sequence>
      <xs:element name="divCad" type="ws:CodeDescriptionType">
        <xs:annotation>
          <xs:documentation>description the cadastral division</xs:documentation>
        </xs:annotation>
      </xs:element>
      <xs:element name="rue" type="ws:CodeDescriptionType">
        <xs:annotation>
          <xs:documentation>description the cadastral division</xs:documentation>
        </xs:annotation>
      </xs:element>
      <xs:element name="section">
        <xs:annotation>
          <xs:documentation>section</xs:documentation>
        </xs:annotation>
        <xs:simpleType>
          <xs:restriction base="xs:string">
            <xs:maxLength value="1"/>
          </xs:restriction>
        </xs:simpleType>
      </xs:element>
      <xs:element minOccurs="0" name="description" type="xs:string">
        <xs:annotation>
          <xs:documentation>description the public domain</xs:documentation>
        </xs:annotation>
      </xs:element>
      <xs:element minOccurs="0" name="cadnetType" type="xs:string">
        <xs:annotation>
          <xs:documentation>description the public domain</xs:documentation>
        </xs:annotation>
      </xs:element>
    </xs:sequence>
  </xs:complexType>
  <!--The type: be.fgov.minfin.esb.consultimmodataservice.be.fgov.minfin.schemas.esb.consultimmo.Response-->
  <xs:complexType name="response">
    <xs:sequence>
      <xs:element maxOccurs="unbounded" minOccurs="0" name="persons" nillable="true" type="ws:person"/>
      <xs:element maxOccurs="unbounded" minOccurs="0" name="companies" nillable="true" type="ws:company"/>
    </xs:sequence>
  </xs:complexType>
  <!--The type: be.fgov.minfin.esb.consultimmodataservice.be.fgov.minfin.schemas.esb.consultimmo.RightElementVO-->
  <xs:complexType name="rightElementVO">
    <xs:sequence>
      <xs:element name="rightType" type="ws:CodeDescriptionType">
        <xs:annotation>
          <xs:documentation>description for the type of the businessright</xs:documentation>
        </xs:annotation>
      </xs:element>
      <xs:element minOccurs="0" name="expiredDate" type="xs:date">
        <xs:annotation>
          <xs:documentation>expiredate of the businessright</xs:documentation>
        </xs:annotation>
      </xs:element>
      <xs:element minOccurs="0" name="expiredYear">
        <xs:annotation>
          <xs:documentation>year in which the businessright expires</xs:documentation>
        </xs:annotation>
        <xs:simpleType>
          <xs:restriction base="xs:integer">
            <xs:totalDigits value="4"/>
          </xs:restriction>
        </xs:simpleType>
      </xs:element>
      <xs:element name="fractDenom">
        <xs:annotation>
          <xs:documentation>Denominator of the shares of a normalised business right</xs:documentation>
        </xs:annotation>
        <xs:simpleType>
          <xs:restriction base="xs:long">
            <xs:totalDigits value="10"/>
          </xs:restriction>
        </xs:simpleType>
      </xs:element>
      <xs:element name="fractEnom">
        <xs:annotation>
          <xs:documentation>Enominator of the shares of a normalised business right</xs:documentation>
        </xs:annotation>
        <xs:simpleType>
          <xs:restriction base="xs:long">
            <xs:totalDigits value="10"/>
          </xs:restriction>
        </xs:simpleType>
      </xs:element>
      <xs:element minOccurs="0" name="part" type="xs:boolean">
        <xs:annotation>
          <xs:documentation>part not specified</xs:documentation>
        </xs:annotation>
      </xs:element>
      <xs:element minOccurs="0" name="partSurface" type="xs:boolean">
        <xs:annotation>
          <xs:documentation>No demarcation</xs:documentation>
        </xs:annotation>
      </xs:element>
      <xs:element minOccurs="0" name="surface">
        <xs:annotation>
          <xs:documentation>surface</xs:documentation>
        </xs:annotation>
        <xs:simpleType>
          <xs:restriction base="xs:long">
            <xs:totalDigits value="19"/>
          </xs:restriction>
        </xs:simpleType>
      </xs:element>
    </xs:sequence>
  </xs:complexType>
  <!--The type: be.fgov.minfin.esb.consultimmodataservice.be.fgov.minfin.schemas.esb.consultimmo.SimpleAddress-->
  <xs:complexType name="SimpleAddress">
    <xs:sequence>
      <xs:element minOccurs="0" name="streetName" type="bas:CodeLabel">
        <xs:annotation>
          <xs:documentation>The code description is the name of the street translated, when
                        possible, acccording to the contextual language. The code value is the NSR Code of the street,
                        or nothing if the originating data is unstructured.</xs:documentation>
        </xs:annotation>
      </xs:element>
      <xs:element minOccurs="0" name="streetNumber" type="xs:string"/>
      <xs:element minOccurs="0" name="streetBox" type="xs:string"/>
      <xs:element minOccurs="0" name="index" type="xs:string"/>
      <xs:element minOccurs="0" name="zipCode" type="xs:string"/>
      <xs:element minOccurs="0" name="community" type="bas:CodeLabel">
        <xs:annotation>
          <xs:documentation>The code description is the name of the community translated, when
                        possible, acccording to the contextual language. The code value is the NIS Code of the street,
                        or nothing if the originating data is unstructured.</xs:documentation>
        </xs:annotation>
      </xs:element>
      <xs:element minOccurs="0" name="country" type="bas:CodeLabel">
        <xs:annotation>
          <xs:documentation>The code description is the name of the country translated, when
                        possible, acccording to the contextual language. The code value is the ISO Code of the country,
                        or nothing if the originating data is unstructured.</xs:documentation>
        </xs:annotation>
      </xs:element>
      <xs:element minOccurs="0" name="type" type="bas:CodeLabel">
        <xs:annotation>
          <xs:documentation>The address type. Usually the main address. The code value is internal to the FPS Finance.</xs:documentation>
        </xs:annotation>
      </xs:element>
      <xs:element minOccurs="0" name="freeText" type="xs:string">
        <xs:annotation>
          <xs:documentation>Optional additional free text field related to this address.</xs:documentation>
        </xs:annotation>
      </xs:element>
    </xs:sequence>
  </xs:complexType>
  <!--The type: be.fgov.minfin.esb.consultimmodataservice.be.fgov.minfin.schemas.esb.consultimmo.StreetVO-->
  <xs:complexType name="streetVO">
    <xs:sequence>
      <xs:element name="street" type="ws:CodeDescriptionType">
        <xs:annotation>
          <xs:documentation>The street codedescription. (NsrCode)</xs:documentation>
        </xs:annotation>
      </xs:element>
      <xs:element name="nisCom" type="ws:CodeDescriptionType">
        <xs:annotation>
          <xs:documentation>The community codedescription.</xs:documentation>
        </xs:annotation>
      </xs:element>
    </xs:sequence>
  </xs:complexType>
</xs:schema>]]></con:content>
        <con:type>http://www.w3.org/2001/XMLSchema</con:type>
      </con:part>
    </con:definitionCache>
    <con:endpoints>
      <con:endpoint>http://fidus.brussels/services/realestateservice/v1</con:endpoint>
    </con:endpoints>
    <con:operation id="b2441a54-6b97-43ef-86a4-e9b3ce5c4f02" isOneWay="false" action="http://fidus.brussels/services/realestateservice/findPropertiesTxByCriteria" name="findPropertiesTxByCriteria" bindingOperationName="findPropertiesTxByCriteria" type="Request-Response" inputName="" receivesAttachments="false" sendsAttachments="false" anonymous="optional">
      <con:settings/>
      <con:call id="5dc01c4c-47e8-4048-b24d-3bc713cea047" name="1 - Local - Request" outgoingWss="Outflow DEV" incomingWss="Inflow DEV">
        <con:settings>
          <con:setting id="com.eviware.soapui.impl.wsdl.WsdlRequest@request-headers">&lt;xml-fragment/></con:setting>
        </con:settings>
        <con:encoding>UTF-8</con:encoding>
        <con:endpoint>https://localhost:8243/services/RealEstateService_v1.1</con:endpoint>
        <con:request><![CDATA[<soapenv:Envelope xmlns:soapenv="http://schemas.xmlsoap.org/soap/envelope/" xmlns:v1="http://fidus.brussels/service/realestateservice/messages/v1" xmlns:v11="http://fidus.brussels/type/common/messages/v1" xmlns:dir="http://www.minfin.fgov.be/schemas/esb/consultimmotx/direct" xmlns:ns="http://www.minfin.fgov.be/schemas/esb/canonical/base/1">
   <soapenv:Header/>
   <soapenv:Body>
      <v1:findPropertiesTxByCriteriaRequest>
         <v1:messageContext>
            <v11:messageId>${=import static java.util.UUID.randomUUID; uuid = randomUUID() as String}</v11:messageId>
            <v11:timestamp>${=new java.text.SimpleDateFormat("yyyy-MM-dd'T'HH:mm:ss.SSS").format(new Date())}</v11:timestamp>
         </v1:messageContext>
         <v1:legalContext>ServiceIntegrator</v1:legalContext>
         <v1:request>
	       <dir:province>40000</dir:province>
	       <dir:adminCommune>42008</dir:adminCommune>
	       <dir:typeInscription>82</dir:typeInscription>
	       <dir:deedDate>
	          <ns:start>2010-01-01</ns:start>
	          <ns:end>2010-04-30</ns:end>
	       </dir:deedDate>
	       <dir:natureCode>220</dir:natureCode>
	       <dir:natureCodeDeed>32</dir:natureCodeDeed>
         </v1:request>
      </v1:findPropertiesTxByCriteriaRequest>
   </soapenv:Body>
</soapenv:Envelope>]]></con:request>
        <con:credentials>
          <con:selectedAuthProfile>Basic</con:selectedAuthProfile>
          <con:addedBasicAuthenticationTypes>Basic</con:addedBasicAuthenticationTypes>
          <con:authType>Global HTTP Settings</con:authType>
        </con:credentials>
        <con:jmsConfig JMSDeliveryMode="PERSISTENT"/>
        <con:jmsPropertyConfig/>
        <con:wsaConfig mustUnderstand="NONE" version="200508" action="http://fidus.brussels/services/realestateservice/findPropertiesTxByCriteria"/>
        <con:wsrmConfig version="1.2"/>
      </con:call>
      <con:call id="40e90ad2-396e-4228-bbff-2a192a85bdfa" name="2 - Dev - Request" outgoingWss="Outflow DEV" incomingWss="Inflow DEV">
        <con:settings>
          <con:setting id="com.eviware.soapui.impl.wsdl.WsdlRequest@request-headers">&lt;xml-fragment/></con:setting>
        </con:settings>
        <con:encoding>UTF-8</con:encoding>
        <con:endpoint>https://192.168.36.61:8243/services/RealEstateService_v1.1</con:endpoint>
        <con:request><![CDATA[<soapenv:Envelope xmlns:soapenv="http://schemas.xmlsoap.org/soap/envelope/" xmlns:v1="http://fidus.brussels/service/realestateservice/messages/v1" xmlns:v11="http://fidus.brussels/type/common/messages/v1" xmlns:dir="http://www.minfin.fgov.be/schemas/esb/consultimmotx/direct" xmlns:ns="http://www.minfin.fgov.be/schemas/esb/canonical/base/1">
   <soapenv:Header/>
   <soapenv:Body>
      <v1:findPropertiesTxByCriteriaRequest>
         <v1:messageContext>
            <v11:messageId>${=import static java.util.UUID.randomUUID; uuid = randomUUID() as String}</v11:messageId>
            <v11:timestamp>${=new java.text.SimpleDateFormat("yyyy-MM-dd'T'HH:mm:ss.SSS").format(new Date())}</v11:timestamp>
         </v1:messageContext>
         <v1:legalContext>ServiceIntegrator</v1:legalContext>
         <v1:request>
	       <dir:province>40000</dir:province>
	       <dir:adminCommune>42008</dir:adminCommune>
	       <dir:typeInscription>82</dir:typeInscription>
	       <dir:deedDate>
	          <ns:start>2010-01-01</ns:start>
	          <ns:end>2010-04-30</ns:end>
	       </dir:deedDate>
	       <dir:natureCode>220</dir:natureCode>
	       <dir:natureCodeDeed>32</dir:natureCodeDeed>
         </v1:request>
      </v1:findPropertiesTxByCriteriaRequest>
   </soapenv:Body>
</soapenv:Envelope>]]></con:request>
        <con:credentials>
          <con:selectedAuthProfile>Basic</con:selectedAuthProfile>
          <con:addedBasicAuthenticationTypes>Basic</con:addedBasicAuthenticationTypes>
          <con:authType>Global HTTP Settings</con:authType>
        </con:credentials>
        <con:jmsConfig JMSDeliveryMode="PERSISTENT"/>
        <con:jmsPropertyConfig/>
        <con:wsaConfig mustUnderstand="NONE" version="200508" action="http://fidus.brussels/services/realestateservice/findPropertiesTxByCriteria"/>
        <con:wsrmConfig version="1.2"/>
      </con:call>
      <con:call id="851f2e1b-dea8-41b1-9979-5c735a6e68e2" name="3 - Test - External - Request" incomingWss="Inflow TEST" outgoingWss="Outflow TEST">
        <con:settings>
          <con:setting id="com.eviware.soapui.impl.wsdl.WsdlRequest@request-headers">&lt;xml-fragment/></con:setting>
        </con:settings>
        <con:encoding>UTF-8</con:encoding>
        <con:endpoint>https://fidus-test.irisnetlab.be/services/RealEstateService_v1.1</con:endpoint>
        <con:request><![CDATA[<soapenv:Envelope xmlns:soapenv="http://schemas.xmlsoap.org/soap/envelope/" xmlns:v1="http://fidus.brussels/service/realestateservice/messages/v1" xmlns:v11="http://fidus.brussels/type/common/messages/v1" xmlns:dir="http://www.minfin.fgov.be/schemas/esb/consultimmotx/direct" xmlns:ns="http://www.minfin.fgov.be/schemas/esb/canonical/base/1">
   <soapenv:Header/>
   <soapenv:Body>
      <v1:findPropertiesTxByCriteriaRequest>
         <v1:messageContext>
            <v11:messageId>${=import static java.util.UUID.randomUUID; uuid = randomUUID() as String}</v11:messageId>
            <v11:timestamp>${=new java.text.SimpleDateFormat("yyyy-MM-dd'T'HH:mm:ss.SSS").format(new Date())}</v11:timestamp>
         </v1:messageContext>
         <v1:legalContext>ServiceIntegrator</v1:legalContext>
         <v1:request>
	       <dir:province>40000</dir:province>
	       <dir:adminCommune>42008</dir:adminCommune>
	       <dir:typeInscription>82</dir:typeInscription>
	       <dir:deedDate>
	          <ns:start>2010-01-01</ns:start>
	          <ns:end>2010-04-30</ns:end>
	       </dir:deedDate>
	       <dir:natureCode>220</dir:natureCode>
	       <dir:natureCodeDeed>32</dir:natureCodeDeed>
         </v1:request>
      </v1:findPropertiesTxByCriteriaRequest>
   </soapenv:Body>
</soapenv:Envelope>]]></con:request>
        <con:credentials>
          <con:selectedAuthProfile>Basic</con:selectedAuthProfile>
          <con:addedBasicAuthenticationTypes>Basic</con:addedBasicAuthenticationTypes>
          <con:authType>Global HTTP Settings</con:authType>
        </con:credentials>
        <con:jmsConfig JMSDeliveryMode="PERSISTENT"/>
        <con:jmsPropertyConfig/>
        <con:wsaConfig mustUnderstand="NONE" version="200508" action="http://fidus.brussels/services/realestateservice/findPropertiesTxByCriteria"/>
        <con:wsrmConfig version="1.2"/>
      </con:call>
      <con:call id="7d6c2ba5-eae3-4b05-8fbd-0df555527a6c" name="3 - Test - LB - Request" incomingWss="Inflow TEST" outgoingWss="Outflow TEST">
        <con:settings>
          <con:setting id="com.eviware.soapui.impl.wsdl.WsdlRequest@request-headers">&lt;xml-fragment/></con:setting>
        </con:settings>
        <con:encoding>UTF-8</con:encoding>
        <con:endpoint>https://esb-security-gw.sta.srv.cirb.lan:8443/services/RealEstateService_v1.1</con:endpoint>
        <con:request><![CDATA[<soapenv:Envelope xmlns:soapenv="http://schemas.xmlsoap.org/soap/envelope/" xmlns:v1="http://fidus.brussels/service/realestateservice/messages/v1" xmlns:v11="http://fidus.brussels/type/common/messages/v1" xmlns:dir="http://www.minfin.fgov.be/schemas/esb/consultimmotx/direct" xmlns:ns="http://www.minfin.fgov.be/schemas/esb/canonical/base/1">
   <soapenv:Header/>
   <soapenv:Body>
      <v1:findPropertiesTxByCriteriaRequest>
         <v1:messageContext>
            <v11:messageId>${=import static java.util.UUID.randomUUID; uuid = randomUUID() as String}</v11:messageId>
            <v11:timestamp>${=new java.text.SimpleDateFormat("yyyy-MM-dd'T'HH:mm:ss.SSS").format(new Date())}</v11:timestamp>
         </v1:messageContext>
         <v1:legalContext>ServiceIntegrator</v1:legalContext>
         <v1:request>
	       <dir:province>40000</dir:province>
	       <dir:adminCommune>42008</dir:adminCommune>
	       <dir:typeInscription>82</dir:typeInscription>
	       <dir:deedDate>
	          <ns:start>2010-01-01</ns:start>
	          <ns:end>2010-04-30</ns:end>
	       </dir:deedDate>
	       <dir:natureCode>220</dir:natureCode>
	       <dir:natureCodeDeed>32</dir:natureCodeDeed>
         </v1:request>
      </v1:findPropertiesTxByCriteriaRequest>
   </soapenv:Body>
</soapenv:Envelope>]]></con:request>
        <con:credentials>
          <con:selectedAuthProfile>Basic</con:selectedAuthProfile>
          <con:addedBasicAuthenticationTypes>Basic</con:addedBasicAuthenticationTypes>
          <con:authType>Global HTTP Settings</con:authType>
        </con:credentials>
        <con:jmsConfig JMSDeliveryMode="PERSISTENT"/>
        <con:jmsPropertyConfig/>
        <con:wsaConfig mustUnderstand="NONE" version="200508" action="http://fidus.brussels/services/realestateservice/findPropertiesTxByCriteria"/>
        <con:wsrmConfig version="1.2"/>
      </con:call>
      <con:call id="1d5d2ca0-9688-4de4-b4e1-db57b599dfc7" name="3 - Test - Worker1 - Request" incomingWss="Inflow TEST" outgoingWss="Outflow TEST">
        <con:settings>
          <con:setting id="com.eviware.soapui.impl.wsdl.WsdlRequest@request-headers">&lt;xml-fragment/></con:setting>
        </con:settings>
        <con:encoding>UTF-8</con:encoding>
        <con:endpoint>https://192.168.22.53:8443/services/RealEstateService_v1.1</con:endpoint>
        <con:request><![CDATA[<soapenv:Envelope xmlns:soapenv="http://schemas.xmlsoap.org/soap/envelope/" xmlns:v1="http://fidus.brussels/service/realestateservice/messages/v1" xmlns:v11="http://fidus.brussels/type/common/messages/v1" xmlns:dir="http://www.minfin.fgov.be/schemas/esb/consultimmotx/direct" xmlns:ns="http://www.minfin.fgov.be/schemas/esb/canonical/base/1">
   <soapenv:Header/>
   <soapenv:Body>
      <v1:findPropertiesTxByCriteriaRequest>
         <v1:messageContext>
            <v11:messageId>${=import static java.util.UUID.randomUUID; uuid = randomUUID() as String}</v11:messageId>
            <v11:timestamp>${=new java.text.SimpleDateFormat("yyyy-MM-dd'T'HH:mm:ss.SSS").format(new Date())}</v11:timestamp>
         </v1:messageContext>
         <v1:legalContext>ServiceIntegrator</v1:legalContext>         
         <v1:request>
	       <dir:province>40000</dir:province>
	       <dir:adminCommune>42008</dir:adminCommune>
	       <dir:typeInscription>82</dir:typeInscription>
	       <dir:deedDate>
	          <ns:start>2010-01-01</ns:start>
	          <ns:end>2010-04-30</ns:end>
	       </dir:deedDate>
	       <dir:natureCode>220</dir:natureCode>
	       <dir:natureCodeDeed>32</dir:natureCodeDeed>
         </v1:request>
      </v1:findPropertiesTxByCriteriaRequest>
   </soapenv:Body>
</soapenv:Envelope>]]></con:request>
        <con:credentials>
          <con:selectedAuthProfile>Basic</con:selectedAuthProfile>
          <con:addedBasicAuthenticationTypes>Basic</con:addedBasicAuthenticationTypes>
          <con:authType>Global HTTP Settings</con:authType>
        </con:credentials>
        <con:jmsConfig JMSDeliveryMode="PERSISTENT"/>
        <con:jmsPropertyConfig/>
        <con:wsaConfig mustUnderstand="NONE" version="200508" action="http://fidus.brussels/services/realestateservice/findPropertiesTxByCriteria"/>
        <con:wsrmConfig version="1.2"/>
      </con:call>
      <con:call id="aa091e22-0602-49d1-a3f0-9ba7b79b5c62" name="3 - Test - Worker2 - Request" incomingWss="Inflow TEST" outgoingWss="Outflow TEST">
        <con:settings>
          <con:setting id="com.eviware.soapui.impl.wsdl.WsdlRequest@request-headers">&lt;xml-fragment/></con:setting>
        </con:settings>
        <con:encoding>UTF-8</con:encoding>
        <con:endpoint>https://192.168.22.54:8443/services/RealEstateService_v1.1</con:endpoint>
        <con:request><![CDATA[<soapenv:Envelope xmlns:soapenv="http://schemas.xmlsoap.org/soap/envelope/" xmlns:v1="http://fidus.brussels/service/realestateservice/messages/v1" xmlns:v11="http://fidus.brussels/type/common/messages/v1" xmlns:dir="http://www.minfin.fgov.be/schemas/esb/consultimmotx/direct" xmlns:ns="http://www.minfin.fgov.be/schemas/esb/canonical/base/1">
   <soapenv:Header/>
   <soapenv:Body>
      <v1:findPropertiesTxByCriteriaRequest>
         <v1:messageContext>
            <v11:messageId>${=import static java.util.UUID.randomUUID; uuid = randomUUID() as String}</v11:messageId>
            <v11:timestamp>${=new java.text.SimpleDateFormat("yyyy-MM-dd'T'HH:mm:ss.SSS").format(new Date())}</v11:timestamp>
         </v1:messageContext>
         <v1:legalContext>ServiceIntegrator</v1:legalContext>
         <v1:request>
	       <dir:province>40000</dir:province>
	       <dir:adminCommune>42008</dir:adminCommune>
	       <dir:typeInscription>82</dir:typeInscription>
	       <dir:deedDate>
	          <ns:start>2010-01-01</ns:start>
	          <ns:end>2010-04-30</ns:end>
	       </dir:deedDate>
	       <dir:natureCode>220</dir:natureCode>
	       <dir:natureCodeDeed>32</dir:natureCodeDeed>
         </v1:request>
      </v1:findPropertiesTxByCriteriaRequest>
   </soapenv:Body>
</soapenv:Envelope>]]></con:request>
        <con:credentials>
          <con:selectedAuthProfile>Basic</con:selectedAuthProfile>
          <con:addedBasicAuthenticationTypes>Basic</con:addedBasicAuthenticationTypes>
          <con:authType>Global HTTP Settings</con:authType>
        </con:credentials>
        <con:jmsConfig JMSDeliveryMode="PERSISTENT"/>
        <con:jmsPropertyConfig/>
        <con:wsaConfig mustUnderstand="NONE" version="200508" action="http://fidus.brussels/services/realestateservice/findPropertiesTxByCriteria"/>
        <con:wsrmConfig version="1.2"/>
      </con:call>
      <con:call id="7e3effff-bd46-42f1-b063-91c3e31d9e96" name="4 - Staging - External - Request" outgoingWss="Outflow STAGING" incomingWss="Inflow STAGING">
        <con:settings>
          <con:setting id="com.eviware.soapui.impl.wsdl.WsdlRequest@request-headers">&lt;xml-fragment/></con:setting>
        </con:settings>
        <con:encoding>UTF-8</con:encoding>
        <con:endpoint>https://fidus.irisnetlab.be/services/RealEstateService_v1.1</con:endpoint>
        <con:request><![CDATA[<soapenv:Envelope xmlns:soapenv="http://schemas.xmlsoap.org/soap/envelope/" xmlns:v1="http://fidus.brussels/service/realestateservice/messages/v1" xmlns:v11="http://fidus.brussels/type/common/messages/v1" xmlns:dir="http://www.minfin.fgov.be/schemas/esb/consultimmotx/direct" xmlns:ns="http://www.minfin.fgov.be/schemas/esb/canonical/base/1">
   <soapenv:Header/>
   <soapenv:Body>
      <v1:findPropertiesTxByCriteriaRequest>
         <v1:messageContext>
            <v11:messageId>${=import static java.util.UUID.randomUUID; uuid = randomUUID() as String}</v11:messageId>
            <v11:timestamp>${=new java.text.SimpleDateFormat("yyyy-MM-dd'T'HH:mm:ss.SSS").format(new Date())}</v11:timestamp>
         </v1:messageContext>
         <v1:legalContext>ServiceIntegrator</v1:legalContext>
         <v1:request>
	       <dir:province>40000</dir:province>
	       <dir:adminCommune>42008</dir:adminCommune>
	       <dir:typeInscription>82</dir:typeInscription>
	       <dir:deedDate>
	          <ns:start>2010-01-01</ns:start>
	          <ns:end>2010-04-30</ns:end>
	       </dir:deedDate>
	       <dir:natureCode>220</dir:natureCode>
	       <dir:natureCodeDeed>32</dir:natureCodeDeed>
         </v1:request>
      </v1:findPropertiesTxByCriteriaRequest>
   </soapenv:Body>
</soapenv:Envelope>]]></con:request>
        <con:credentials>
          <con:selectedAuthProfile>Basic</con:selectedAuthProfile>
          <con:addedBasicAuthenticationTypes>Basic</con:addedBasicAuthenticationTypes>
          <con:authType>Global HTTP Settings</con:authType>
        </con:credentials>
        <con:jmsConfig JMSDeliveryMode="PERSISTENT"/>
        <con:jmsPropertyConfig/>
        <con:wsaConfig mustUnderstand="NONE" version="200508" action="http://fidus.brussels/services/realestateservice/findPropertiesTxByCriteria"/>
        <con:wsrmConfig version="1.2"/>
      </con:call>
      <con:call id="f7da7df5-57f2-41b6-970b-6b27f2a246f3" name="4 - Staging - LB - Request" incomingWss="Inflow STAGING" outgoingWss="Outflow STAGING">
        <con:settings>
          <con:setting id="com.eviware.soapui.impl.wsdl.WsdlRequest@request-headers">&lt;xml-fragment/></con:setting>
        </con:settings>
        <con:encoding>UTF-8</con:encoding>
        <con:endpoint>https://fidus-esb-sg.sta.srv.cirb.lan:8443/services/RealEstateService_v1.1</con:endpoint>
        <con:request><![CDATA[<soapenv:Envelope xmlns:soapenv="http://schemas.xmlsoap.org/soap/envelope/" xmlns:v1="http://fidus.brussels/service/realestateservice/messages/v1" xmlns:v11="http://fidus.brussels/type/common/messages/v1" xmlns:dir="http://www.minfin.fgov.be/schemas/esb/consultimmotx/direct" xmlns:ns="http://www.minfin.fgov.be/schemas/esb/canonical/base/1">
   <soapenv:Header/>
   <soapenv:Body>
      <v1:findPropertiesTxByCriteriaRequest>
         <v1:messageContext>
            <v11:messageId>${=import static java.util.UUID.randomUUID; uuid = randomUUID() as String}</v11:messageId>
            <v11:timestamp>${=new java.text.SimpleDateFormat("yyyy-MM-dd'T'HH:mm:ss.SSS").format(new Date())}</v11:timestamp>
         </v1:messageContext>
         <v1:legalContext>ServiceIntegrator</v1:legalContext>
         <v1:request>
	       <dir:province>40000</dir:province>
	       <dir:adminCommune>42008</dir:adminCommune>
	       <dir:typeInscription>82</dir:typeInscription>
	       <dir:deedDate>
	          <ns:start>2010-01-01</ns:start>
	          <ns:end>2010-04-30</ns:end>
	       </dir:deedDate>
	       <dir:natureCode>220</dir:natureCode>
	       <dir:natureCodeDeed>32</dir:natureCodeDeed>
         </v1:request>
      </v1:findPropertiesTxByCriteriaRequest>
   </soapenv:Body>
</soapenv:Envelope>]]></con:request>
        <con:credentials>
          <con:selectedAuthProfile>Basic</con:selectedAuthProfile>
          <con:addedBasicAuthenticationTypes>Basic</con:addedBasicAuthenticationTypes>
          <con:authType>Global HTTP Settings</con:authType>
        </con:credentials>
        <con:jmsConfig JMSDeliveryMode="PERSISTENT"/>
        <con:jmsPropertyConfig/>
        <con:wsaConfig mustUnderstand="NONE" version="200508" action="http://fidus.brussels/services/realestateservice/findPropertiesTxByCriteria"/>
        <con:wsrmConfig version="1.2"/>
      </con:call>
      <con:call id="6338ab72-e779-4ab6-bf78-60c86baf5494" name="4 - Staging - Worker1 - Request" incomingWss="Inflow STAGING" outgoingWss="Outflow STAGING">
        <con:settings>
          <con:setting id="com.eviware.soapui.impl.wsdl.WsdlRequest@request-headers">&lt;xml-fragment/></con:setting>
        </con:settings>
        <con:encoding>UTF-8</con:encoding>
        <con:endpoint>https://192.168.24.16:8443/services/RealEstateService_v1.1</con:endpoint>
        <con:request><![CDATA[<soapenv:Envelope xmlns:soapenv="http://schemas.xmlsoap.org/soap/envelope/" xmlns:v1="http://fidus.brussels/service/realestateservice/messages/v1" xmlns:v11="http://fidus.brussels/type/common/messages/v1" xmlns:dir="http://www.minfin.fgov.be/schemas/esb/consultimmotx/direct" xmlns:ns="http://www.minfin.fgov.be/schemas/esb/canonical/base/1">
   <soapenv:Header/>
   <soapenv:Body>
      <v1:findPropertiesTxByCriteriaRequest>
         <v1:messageContext>
            <v11:messageId>${=import static java.util.UUID.randomUUID; uuid = randomUUID() as String}</v11:messageId>
            <v11:timestamp>${=new java.text.SimpleDateFormat("yyyy-MM-dd'T'HH:mm:ss.SSS").format(new Date())}</v11:timestamp>
         </v1:messageContext>
         <v1:legalContext>ServiceIntegrator</v1:legalContext>
         <v1:request>
	       <dir:province>40000</dir:province>
	       <dir:adminCommune>42008</dir:adminCommune>
	       <dir:typeInscription>82</dir:typeInscription>
	       <dir:deedDate>
	          <ns:start>2010-01-01</ns:start>
	          <ns:end>2010-04-30</ns:end>
	       </dir:deedDate>
	       <dir:natureCode>220</dir:natureCode>
	       <dir:natureCodeDeed>32</dir:natureCodeDeed>
         </v1:request>
      </v1:findPropertiesTxByCriteriaRequest>
   </soapenv:Body>
</soapenv:Envelope>]]></con:request>
        <con:credentials>
          <con:selectedAuthProfile>Basic</con:selectedAuthProfile>
          <con:addedBasicAuthenticationTypes>Basic</con:addedBasicAuthenticationTypes>
          <con:authType>Global HTTP Settings</con:authType>
        </con:credentials>
        <con:jmsConfig JMSDeliveryMode="PERSISTENT"/>
        <con:jmsPropertyConfig/>
        <con:wsaConfig mustUnderstand="NONE" version="200508" action="http://fidus.brussels/services/realestateservice/findPropertiesTxByCriteria"/>
        <con:wsrmConfig version="1.2"/>
      </con:call>
      <con:call id="4e9b2319-fc26-483f-9a19-6daf5f2b980e" name="4 - Staging - Worker2 - Request" incomingWss="Inflow STAGING" outgoingWss="Outflow STAGING">
        <con:settings>
          <con:setting id="com.eviware.soapui.impl.wsdl.WsdlRequest@request-headers">&lt;xml-fragment/></con:setting>
        </con:settings>
        <con:encoding>UTF-8</con:encoding>
        <con:endpoint>https://192.168.24.17:8443/services/RealEstateService_v1.1</con:endpoint>
        <con:request><![CDATA[<soapenv:Envelope xmlns:soapenv="http://schemas.xmlsoap.org/soap/envelope/" xmlns:v1="http://fidus.brussels/service/realestateservice/messages/v1" xmlns:v11="http://fidus.brussels/type/common/messages/v1" xmlns:dir="http://www.minfin.fgov.be/schemas/esb/consultimmotx/direct" xmlns:ns="http://www.minfin.fgov.be/schemas/esb/canonical/base/1">
   <soapenv:Header/>
   <soapenv:Body>
      <v1:findPropertiesTxByCriteriaRequest>
         <v1:messageContext>
            <v11:messageId>${=import static java.util.UUID.randomUUID; uuid = randomUUID() as String}</v11:messageId>
            <v11:timestamp>${=new java.text.SimpleDateFormat("yyyy-MM-dd'T'HH:mm:ss.SSS").format(new Date())}</v11:timestamp>
         </v1:messageContext>
         <v1:legalContext>ServiceIntegrator</v1:legalContext>
         <v1:request>
	       <dir:province>40000</dir:province>
	       <dir:adminCommune>42008</dir:adminCommune>
	       <dir:typeInscription>82</dir:typeInscription>
	       <dir:deedDate>
	          <ns:start>2010-01-01</ns:start>
	          <ns:end>2010-04-30</ns:end>
	       </dir:deedDate>
	       <dir:natureCode>220</dir:natureCode>
	       <dir:natureCodeDeed>32</dir:natureCodeDeed>
         </v1:request>
      </v1:findPropertiesTxByCriteriaRequest>
   </soapenv:Body>
</soapenv:Envelope>]]></con:request>
        <con:credentials>
          <con:selectedAuthProfile>Basic</con:selectedAuthProfile>
          <con:addedBasicAuthenticationTypes>Basic</con:addedBasicAuthenticationTypes>
          <con:authType>Global HTTP Settings</con:authType>
        </con:credentials>
        <con:jmsConfig JMSDeliveryMode="PERSISTENT"/>
        <con:jmsPropertyConfig/>
        <con:wsaConfig mustUnderstand="NONE" version="200508" action="http://fidus.brussels/services/realestateservice/findPropertiesTxByCriteria"/>
        <con:wsrmConfig version="1.2"/>
      </con:call>
      <con:call id="e6d49360-a030-44c7-8874-f351d7e7cf7f" name="5 - Prod - External - Request" incomingWss="Inflow PROD" outgoingWss="Outflow PROD">
        <con:settings>
          <con:setting id="com.eviware.soapui.impl.wsdl.WsdlRequest@request-headers">&lt;xml-fragment/></con:setting>
        </con:settings>
        <con:encoding>UTF-8</con:encoding>
        <con:endpoint>https://fidus.sec.brussels/services/RealEstateService_v1.1</con:endpoint>
        <con:request><![CDATA[<soapenv:Envelope xmlns:soapenv="http://schemas.xmlsoap.org/soap/envelope/" xmlns:v1="http://fidus.brussels/service/realestateservice/messages/v1" xmlns:v11="http://fidus.brussels/type/common/messages/v1" xmlns:dir="http://www.minfin.fgov.be/schemas/esb/consultimmotx/direct" xmlns:ns="http://www.minfin.fgov.be/schemas/esb/canonical/base/1">
   <soapenv:Header/>
   <soapenv:Body>
      <v1:findPropertiesTxByCriteriaRequest>
         <v1:messageContext>
            <v11:messageId>${=import static java.util.UUID.randomUUID; uuid = randomUUID() as String}</v11:messageId>
            <v11:timestamp>${=new java.text.SimpleDateFormat("yyyy-MM-dd'T'HH:mm:ss.SSS").format(new Date())}</v11:timestamp>
         </v1:messageContext>
         <v1:legalContext>ServiceIntegrator</v1:legalContext>
         <v1:request>
	       <dir:province>40000</dir:province>
	       <dir:adminCommune>42008</dir:adminCommune>
	       <dir:typeInscription>82</dir:typeInscription>
	       <dir:deedDate>
	          <ns:start>2010-01-01</ns:start>
	          <ns:end>2010-04-30</ns:end>
	       </dir:deedDate>
	       <dir:natureCode>220</dir:natureCode>
	       <dir:natureCodeDeed>32</dir:natureCodeDeed>
         </v1:request>
      </v1:findPropertiesTxByCriteriaRequest>
   </soapenv:Body>
</soapenv:Envelope>]]></con:request>
        <con:credentials>
          <con:selectedAuthProfile>Basic</con:selectedAuthProfile>
          <con:addedBasicAuthenticationTypes>Basic</con:addedBasicAuthenticationTypes>
          <con:authType>Global HTTP Settings</con:authType>
        </con:credentials>
        <con:jmsConfig JMSDeliveryMode="PERSISTENT"/>
        <con:jmsPropertyConfig/>
        <con:wsaConfig mustUnderstand="NONE" version="200508" action="http://fidus.brussels/services/realestateservice/findPropertiesTxByCriteria"/>
        <con:wsrmConfig version="1.2"/>
      </con:call>
      <con:call id="4d43545f-d84f-4a33-92e6-0e9d41e5eae5" name="5 - Prod - LB - Request" incomingWss="Inflow PROD" outgoingWss="Outflow PROD">
        <con:settings>
          <con:setting id="com.eviware.soapui.impl.wsdl.WsdlRequest@request-headers">&lt;xml-fragment/></con:setting>
        </con:settings>
        <con:encoding>UTF-8</con:encoding>
        <con:endpoint>https://fidus-esb-sg.prd.srv.cirb.lan:8443/services/RealEstateService_v1.1</con:endpoint>
        <con:request><![CDATA[<soapenv:Envelope xmlns:soapenv="http://schemas.xmlsoap.org/soap/envelope/" xmlns:v1="http://fidus.brussels/service/realestateservice/messages/v1" xmlns:v11="http://fidus.brussels/type/common/messages/v1" xmlns:dir="http://www.minfin.fgov.be/schemas/esb/consultimmotx/direct" xmlns:ns="http://www.minfin.fgov.be/schemas/esb/canonical/base/1">
   <soapenv:Header/>
   <soapenv:Body>
      <v1:findPropertiesTxByCriteriaRequest>
         <v1:messageContext>
            <v11:messageId>${=import static java.util.UUID.randomUUID; uuid = randomUUID() as String}</v11:messageId>
            <v11:timestamp>${=new java.text.SimpleDateFormat("yyyy-MM-dd'T'HH:mm:ss.SSS").format(new Date())}</v11:timestamp>
         </v1:messageContext>
         <v1:legalContext>ServiceIntegrator</v1:legalContext>
         <v1:request>
	       <dir:province>40000</dir:province>
	       <dir:adminCommune>42008</dir:adminCommune>
	       <dir:typeInscription>82</dir:typeInscription>
	       <dir:deedDate>
	          <ns:start>2010-01-01</ns:start>
	          <ns:end>2010-04-30</ns:end>
	       </dir:deedDate>
	       <dir:natureCode>220</dir:natureCode>
	       <dir:natureCodeDeed>32</dir:natureCodeDeed>
         </v1:request>
      </v1:findPropertiesTxByCriteriaRequest>
   </soapenv:Body>
</soapenv:Envelope>]]></con:request>
        <con:credentials>
          <con:selectedAuthProfile>Basic</con:selectedAuthProfile>
          <con:addedBasicAuthenticationTypes>Basic</con:addedBasicAuthenticationTypes>
          <con:authType>Global HTTP Settings</con:authType>
        </con:credentials>
        <con:jmsConfig JMSDeliveryMode="PERSISTENT"/>
        <con:jmsPropertyConfig/>
        <con:wsaConfig mustUnderstand="NONE" version="200508" action="http://fidus.brussels/services/realestateservice/findPropertiesTxByCriteria"/>
        <con:wsrmConfig version="1.2"/>
      </con:call>
      <con:call id="90592988-0eaf-40da-bb3f-373113e62d33" name="5 - Prod - Worker1 - Request" incomingWss="Inflow PROD" outgoingWss="Outflow PROD">
        <con:settings>
          <con:setting id="com.eviware.soapui.impl.wsdl.WsdlRequest@request-headers">&lt;xml-fragment/></con:setting>
        </con:settings>
        <con:encoding>UTF-8</con:encoding>
        <con:endpoint>https://192.168.26.22:8443/services/RealEstateService_v1.1</con:endpoint>
        <con:request><![CDATA[<soapenv:Envelope xmlns:soapenv="http://schemas.xmlsoap.org/soap/envelope/" xmlns:v1="http://fidus.brussels/service/realestateservice/messages/v1" xmlns:v11="http://fidus.brussels/type/common/messages/v1" xmlns:dir="http://www.minfin.fgov.be/schemas/esb/consultimmotx/direct" xmlns:ns="http://www.minfin.fgov.be/schemas/esb/canonical/base/1">
   <soapenv:Header/>
   <soapenv:Body>
      <v1:findPropertiesTxByCriteriaRequest>
         <v1:messageContext>
            <v11:messageId>${=import static java.util.UUID.randomUUID; uuid = randomUUID() as String}</v11:messageId>
            <v11:timestamp>${=new java.text.SimpleDateFormat("yyyy-MM-dd'T'HH:mm:ss.SSS").format(new Date())}</v11:timestamp>
         </v1:messageContext>
         <v1:legalContext>ServiceIntegrator</v1:legalContext>
         <v1:request>
	       <dir:province>40000</dir:province>
	       <dir:adminCommune>42008</dir:adminCommune>
	       <dir:typeInscription>82</dir:typeInscription>
	       <dir:deedDate>
	          <ns:start>2010-01-01</ns:start>
	          <ns:end>2010-04-30</ns:end>
	       </dir:deedDate>
	       <dir:natureCode>220</dir:natureCode>
	       <dir:natureCodeDeed>32</dir:natureCodeDeed>
         </v1:request>
      </v1:findPropertiesTxByCriteriaRequest>
   </soapenv:Body>
</soapenv:Envelope>]]></con:request>
        <con:credentials>
          <con:selectedAuthProfile>Basic</con:selectedAuthProfile>
          <con:addedBasicAuthenticationTypes>Basic</con:addedBasicAuthenticationTypes>
          <con:authType>Global HTTP Settings</con:authType>
        </con:credentials>
        <con:jmsConfig JMSDeliveryMode="PERSISTENT"/>
        <con:jmsPropertyConfig/>
        <con:wsaConfig mustUnderstand="NONE" version="200508" action="http://fidus.brussels/services/realestateservice/findPropertiesTxByCriteria"/>
        <con:wsrmConfig version="1.2"/>
      </con:call>
      <con:call id="c2818b76-d8bb-4657-8d9c-59f33cabeef7" name="5 - Prod - Worker2 - Request" incomingWss="Inflow PROD" outgoingWss="Outflow PROD">
        <con:settings>
          <con:setting id="com.eviware.soapui.impl.wsdl.WsdlRequest@request-headers">&lt;xml-fragment/></con:setting>
        </con:settings>
        <con:encoding>UTF-8</con:encoding>
        <con:endpoint>https://192.168.26.19:8443/services/RealEstateService_v1.1</con:endpoint>
        <con:request><![CDATA[<soapenv:Envelope xmlns:soapenv="http://schemas.xmlsoap.org/soap/envelope/" xmlns:v1="http://fidus.brussels/service/realestateservice/messages/v1" xmlns:v11="http://fidus.brussels/type/common/messages/v1" xmlns:dir="http://www.minfin.fgov.be/schemas/esb/consultimmotx/direct" xmlns:ns="http://www.minfin.fgov.be/schemas/esb/canonical/base/1">
   <soapenv:Header/>
   <soapenv:Body>
      <v1:findPropertiesTxByCriteriaRequest>
         <v1:messageContext>
            <v11:messageId>${=import static java.util.UUID.randomUUID; uuid = randomUUID() as String}</v11:messageId>
            <v11:timestamp>${=new java.text.SimpleDateFormat("yyyy-MM-dd'T'HH:mm:ss.SSS").format(new Date())}</v11:timestamp>
         </v1:messageContext>
         <v1:legalContext>ServiceIntegrator</v1:legalContext>
         <v1:request>
	       <dir:province>40000</dir:province>
	       <dir:adminCommune>42008</dir:adminCommune>
	       <dir:typeInscription>82</dir:typeInscription>
	       <dir:deedDate>
	          <ns:start>2010-01-01</ns:start>
	          <ns:end>2010-04-30</ns:end>
	       </dir:deedDate>
	       <dir:natureCode>220</dir:natureCode>
	       <dir:natureCodeDeed>32</dir:natureCodeDeed>
         </v1:request>
      </v1:findPropertiesTxByCriteriaRequest>
   </soapenv:Body>
</soapenv:Envelope>]]></con:request>
        <con:credentials>
          <con:selectedAuthProfile>Basic</con:selectedAuthProfile>
          <con:addedBasicAuthenticationTypes>Basic</con:addedBasicAuthenticationTypes>
          <con:authType>Global HTTP Settings</con:authType>
        </con:credentials>
        <con:jmsConfig JMSDeliveryMode="PERSISTENT"/>
        <con:jmsPropertyConfig/>
        <con:wsaConfig mustUnderstand="NONE" version="200508" action="http://fidus.brussels/services/realestateservice/findPropertiesTxByCriteria"/>
        <con:wsrmConfig version="1.2"/>
      </con:call>
    </con:operation>
    <con:operation id="65282baa-9e18-49a8-96b1-b479a2315dde" isOneWay="false" action="http://fidus.brussels/services/realestateservice/findCommunitiesBySearchToken" name="findCommunitiesBySearchToken" bindingOperationName="findCommunitiesBySearchToken" type="Request-Response" inputName="" receivesAttachments="false" sendsAttachments="false" anonymous="optional">
      <con:settings/>
      <con:call id="9979ef25-d927-4f0b-9d79-5c35da42cb80" name="1 - Local - Request" outgoingWss="Outflow DEV" incomingWss="Inflow DEV">
        <con:settings>
          <con:setting id="com.eviware.soapui.impl.wsdl.WsdlRequest@request-headers">&lt;xml-fragment/></con:setting>
        </con:settings>
        <con:encoding>UTF-8</con:encoding>
        <con:endpoint>https://localhost:8243/services/RealEstateService_v1.1</con:endpoint>
        <con:request><![CDATA[<soapenv:Envelope xmlns:soapenv="http://schemas.xmlsoap.org/soap/envelope/" xmlns:v1="http://fidus.brussels/service/realestateservice/messages/v1" xmlns:v11="http://fidus.brussels/type/common/messages/v1">
   <soapenv:Header/>
   <soapenv:Body>
      <v1:findCommunitiesBySearchTokenRequest>
         <v1:messageContext>
            <v11:messageId>${=import static java.util.UUID.randomUUID; uuid = randomUUID() as String}</v11:messageId>
            <v11:timestamp>${=new java.text.SimpleDateFormat("yyyy-MM-dd'T'HH:mm:ss.SSS").format(new Date())}</v11:timestamp>
         </v1:messageContext>
         <v1:legalContext>ServiceIntegrator</v1:legalContext>
         <v1:request>
            <language>F</language>
            <searchToken>WOLU</searchToken>
         </v1:request>
      </v1:findCommunitiesBySearchTokenRequest>
   </soapenv:Body>
</soapenv:Envelope>]]></con:request>
        <con:credentials>
          <con:selectedAuthProfile>Basic</con:selectedAuthProfile>
          <con:addedBasicAuthenticationTypes>Basic</con:addedBasicAuthenticationTypes>
          <con:authType>Global HTTP Settings</con:authType>
        </con:credentials>
        <con:jmsConfig JMSDeliveryMode="PERSISTENT"/>
        <con:jmsPropertyConfig/>
        <con:wsaConfig mustUnderstand="NONE" version="200508" action="http://fidus.brussels/services/realestateservice/findCommunitiesBySearchToken"/>
        <con:wsrmConfig version="1.2"/>
      </con:call>
      <con:call id="4c4e5923-760a-4846-b6bb-5efe82727440" name="2 - Dev - Request" outgoingWss="Outflow DEV" incomingWss="Inflow DEV">
        <con:settings>
          <con:setting id="com.eviware.soapui.impl.wsdl.WsdlRequest@request-headers">&lt;xml-fragment/></con:setting>
        </con:settings>
        <con:encoding>UTF-8</con:encoding>
        <con:endpoint>https://192.168.36.61:8243/services/RealEstateService_v1.1</con:endpoint>
        <con:request><![CDATA[<soapenv:Envelope xmlns:soapenv="http://schemas.xmlsoap.org/soap/envelope/" xmlns:v1="http://fidus.brussels/service/realestateservice/messages/v1" xmlns:v11="http://fidus.brussels/type/common/messages/v1">
   <soapenv:Header/>
   <soapenv:Body>
      <v1:findCommunitiesBySearchTokenRequest>
         <v1:messageContext>
            <v11:messageId>${=import static java.util.UUID.randomUUID; uuid = randomUUID() as String}</v11:messageId>
            <v11:timestamp>${=new java.text.SimpleDateFormat("yyyy-MM-dd'T'HH:mm:ss.SSS").format(new Date())}</v11:timestamp>
         </v1:messageContext>
         <v1:legalContext>ServiceIntegrator</v1:legalContext>
         <v1:request>
            <language>F</language>
            <searchToken>WOLU</searchToken>
         </v1:request>
      </v1:findCommunitiesBySearchTokenRequest>
   </soapenv:Body>
</soapenv:Envelope>]]></con:request>
        <con:credentials>
          <con:selectedAuthProfile>Basic</con:selectedAuthProfile>
          <con:addedBasicAuthenticationTypes>Basic</con:addedBasicAuthenticationTypes>
          <con:authType>Global HTTP Settings</con:authType>
        </con:credentials>
        <con:jmsConfig JMSDeliveryMode="PERSISTENT"/>
        <con:jmsPropertyConfig/>
        <con:wsaConfig mustUnderstand="NONE" version="200508" action="http://fidus.brussels/services/realestateservice/findCommunitiesBySearchToken"/>
        <con:wsrmConfig version="1.2"/>
      </con:call>
      <con:call id="d9457499-2a4a-436d-a7fa-18d8305977d5" name="3 - Test - External - Request" outgoingWss="Outflow TEST" incomingWss="Inflow TEST">
        <con:settings>
          <con:setting id="com.eviware.soapui.impl.wsdl.WsdlRequest@request-headers">&lt;xml-fragment/></con:setting>
        </con:settings>
        <con:encoding>UTF-8</con:encoding>
        <con:endpoint>https://fidus-test.irisnetlab.be/services/RealEstateService_v1.1</con:endpoint>
        <con:request><![CDATA[<soapenv:Envelope xmlns:soapenv="http://schemas.xmlsoap.org/soap/envelope/" xmlns:v1="http://fidus.brussels/service/realestateservice/messages/v1" xmlns:v11="http://fidus.brussels/type/common/messages/v1">
   <soapenv:Header/>
   <soapenv:Body>
      <v1:findCommunitiesBySearchTokenRequest>
         <v1:messageContext>
            <v11:messageId>${=import static java.util.UUID.randomUUID; uuid = randomUUID() as String}</v11:messageId>
            <v11:timestamp>${=new java.text.SimpleDateFormat("yyyy-MM-dd'T'HH:mm:ss.SSS").format(new Date())}</v11:timestamp>
         </v1:messageContext>
         <v1:legalContext>ServiceIntegrator</v1:legalContext>
         <v1:request>
            <language>F</language>
            <searchToken>WOLU</searchToken>
         </v1:request>
      </v1:findCommunitiesBySearchTokenRequest>
   </soapenv:Body>
</soapenv:Envelope>]]></con:request>
        <con:credentials>
          <con:selectedAuthProfile>Basic</con:selectedAuthProfile>
          <con:addedBasicAuthenticationTypes>Basic</con:addedBasicAuthenticationTypes>
          <con:authType>Global HTTP Settings</con:authType>
        </con:credentials>
        <con:jmsConfig JMSDeliveryMode="PERSISTENT"/>
        <con:jmsPropertyConfig/>
        <con:wsaConfig mustUnderstand="NONE" version="200508" action="http://fidus.brussels/services/realestateservice/findCommunitiesBySearchToken"/>
        <con:wsrmConfig version="1.2"/>
      </con:call>
      <con:call id="88c6df9c-75c0-473f-9780-818f193e34d1" name="3 - Test - LB - Request" outgoingWss="Outflow TEST" incomingWss="Inflow TEST">
        <con:settings>
          <con:setting id="com.eviware.soapui.impl.wsdl.WsdlRequest@request-headers">&lt;xml-fragment/></con:setting>
        </con:settings>
        <con:encoding>UTF-8</con:encoding>
        <con:endpoint>https://esb-security-gw.sta.srv.cirb.lan:8443/services/RealEstateService_v1.1</con:endpoint>
        <con:request><![CDATA[<soapenv:Envelope xmlns:soapenv="http://schemas.xmlsoap.org/soap/envelope/" xmlns:v1="http://fidus.brussels/service/realestateservice/messages/v1" xmlns:v11="http://fidus.brussels/type/common/messages/v1">
   <soapenv:Header/>
   <soapenv:Body>
      <v1:findCommunitiesBySearchTokenRequest>
         <v1:messageContext>
            <v11:messageId>${=import static java.util.UUID.randomUUID; uuid = randomUUID() as String}</v11:messageId>
            <v11:timestamp>${=new java.text.SimpleDateFormat("yyyy-MM-dd'T'HH:mm:ss.SSS").format(new Date())}</v11:timestamp>
         </v1:messageContext>
         <v1:legalContext>ServiceIntegrator</v1:legalContext>
         <v1:request>
            <language>F</language>
            <searchToken>WOLU</searchToken>
         </v1:request>
      </v1:findCommunitiesBySearchTokenRequest>
   </soapenv:Body>
</soapenv:Envelope>]]></con:request>
        <con:credentials>
          <con:selectedAuthProfile>Basic</con:selectedAuthProfile>
          <con:addedBasicAuthenticationTypes>Basic</con:addedBasicAuthenticationTypes>
          <con:authType>Global HTTP Settings</con:authType>
        </con:credentials>
        <con:jmsConfig JMSDeliveryMode="PERSISTENT"/>
        <con:jmsPropertyConfig/>
        <con:wsaConfig mustUnderstand="NONE" version="200508" action="http://fidus.brussels/services/realestateservice/findCommunitiesBySearchToken"/>
        <con:wsrmConfig version="1.2"/>
      </con:call>
      <con:call id="f75dcbf1-d15d-4d7a-bbc2-e9e2795a382f" name="3 - Test - Worker1 - Request" outgoingWss="Outflow TEST" incomingWss="Inflow TEST">
        <con:settings>
          <con:setting id="com.eviware.soapui.impl.wsdl.WsdlRequest@request-headers">&lt;xml-fragment/></con:setting>
        </con:settings>
        <con:encoding>UTF-8</con:encoding>
        <con:endpoint>https://192.168.22.53:8443/services/RealEstateService_v1.1</con:endpoint>
        <con:request><![CDATA[<soapenv:Envelope xmlns:soapenv="http://schemas.xmlsoap.org/soap/envelope/" xmlns:v1="http://fidus.brussels/service/realestateservice/messages/v1" xmlns:v11="http://fidus.brussels/type/common/messages/v1">
   <soapenv:Header/>
   <soapenv:Body>
      <v1:findCommunitiesBySearchTokenRequest>
         <v1:messageContext>
            <v11:messageId>${=import static java.util.UUID.randomUUID; uuid = randomUUID() as String}</v11:messageId>
            <v11:timestamp>${=new java.text.SimpleDateFormat("yyyy-MM-dd'T'HH:mm:ss.SSS").format(new Date())}</v11:timestamp>
         </v1:messageContext>
         <v1:legalContext>ServiceIntegrator</v1:legalContext>
         <v1:request>
            <language>F</language>
            <searchToken>WOLU</searchToken>
         </v1:request>
      </v1:findCommunitiesBySearchTokenRequest>
   </soapenv:Body>
</soapenv:Envelope>]]></con:request>
        <con:credentials>
          <con:selectedAuthProfile>Basic</con:selectedAuthProfile>
          <con:addedBasicAuthenticationTypes>Basic</con:addedBasicAuthenticationTypes>
          <con:authType>Global HTTP Settings</con:authType>
        </con:credentials>
        <con:jmsConfig JMSDeliveryMode="PERSISTENT"/>
        <con:jmsPropertyConfig/>
        <con:wsaConfig mustUnderstand="NONE" version="200508" action="http://fidus.brussels/services/realestateservice/findCommunitiesBySearchToken"/>
        <con:wsrmConfig version="1.2"/>
      </con:call>
      <con:call id="73addf5d-b759-4dea-aae4-3577432ed87c" name="3 - Test - Worker2 - Request" outgoingWss="Outflow TEST" incomingWss="Inflow TEST">
        <con:settings>
          <con:setting id="com.eviware.soapui.impl.wsdl.WsdlRequest@request-headers">&lt;xml-fragment/></con:setting>
        </con:settings>
        <con:encoding>UTF-8</con:encoding>
        <con:endpoint>https://192.168.22.54:8443/services/RealEstateService_v1.1</con:endpoint>
        <con:request><![CDATA[<soapenv:Envelope xmlns:soapenv="http://schemas.xmlsoap.org/soap/envelope/" xmlns:v1="http://fidus.brussels/service/realestateservice/messages/v1" xmlns:v11="http://fidus.brussels/type/common/messages/v1">
   <soapenv:Header/>
   <soapenv:Body>
      <v1:findCommunitiesBySearchTokenRequest>
         <v1:messageContext>
            <v11:messageId>${=import static java.util.UUID.randomUUID; uuid = randomUUID() as String}</v11:messageId>
            <v11:timestamp>${=new java.text.SimpleDateFormat("yyyy-MM-dd'T'HH:mm:ss.SSS").format(new Date())}</v11:timestamp>
         </v1:messageContext>
         <v1:legalContext>ServiceIntegrator</v1:legalContext>
         <v1:request>
            <language>F</language>
            <searchToken>WOLU</searchToken>
         </v1:request>
      </v1:findCommunitiesBySearchTokenRequest>
   </soapenv:Body>
</soapenv:Envelope>]]></con:request>
        <con:credentials>
          <con:selectedAuthProfile>Basic</con:selectedAuthProfile>
          <con:addedBasicAuthenticationTypes>Basic</con:addedBasicAuthenticationTypes>
          <con:authType>Global HTTP Settings</con:authType>
        </con:credentials>
        <con:jmsConfig JMSDeliveryMode="PERSISTENT"/>
        <con:jmsPropertyConfig/>
        <con:wsaConfig mustUnderstand="NONE" version="200508" action="http://fidus.brussels/services/realestateservice/findCommunitiesBySearchToken"/>
        <con:wsrmConfig version="1.2"/>
      </con:call>
      <con:call id="79efdfee-7119-44bf-9613-06222f445bd8" name="4 - Staging - External - Request" outgoingWss="Outflow STAGING" incomingWss="Inflow STAGING">
        <con:settings>
          <con:setting id="com.eviware.soapui.impl.wsdl.WsdlRequest@request-headers">&lt;xml-fragment/></con:setting>
        </con:settings>
        <con:encoding>UTF-8</con:encoding>
        <con:endpoint>https://fidus.irisnetlab.be/services/RealEstateService_v1.1</con:endpoint>
        <con:request><![CDATA[<soapenv:Envelope xmlns:soapenv="http://schemas.xmlsoap.org/soap/envelope/" xmlns:v1="http://fidus.brussels/service/realestateservice/messages/v1" xmlns:v11="http://fidus.brussels/type/common/messages/v1">
   <soapenv:Header/>
   <soapenv:Body>
      <v1:findCommunitiesBySearchTokenRequest>
         <v1:messageContext>
            <v11:messageId>${=import static java.util.UUID.randomUUID; uuid = randomUUID() as String}</v11:messageId>
            <v11:timestamp>${=new java.text.SimpleDateFormat("yyyy-MM-dd'T'HH:mm:ss.SSS").format(new Date())}</v11:timestamp>
         </v1:messageContext>
         <v1:legalContext>ServiceIntegrator</v1:legalContext>
         <v1:request>
            <language>F</language>
            <searchToken>WOLU</searchToken>
         </v1:request>
      </v1:findCommunitiesBySearchTokenRequest>
   </soapenv:Body>
</soapenv:Envelope>]]></con:request>
        <con:credentials>
          <con:selectedAuthProfile>Basic</con:selectedAuthProfile>
          <con:addedBasicAuthenticationTypes>Basic</con:addedBasicAuthenticationTypes>
          <con:authType>Global HTTP Settings</con:authType>
        </con:credentials>
        <con:jmsConfig JMSDeliveryMode="PERSISTENT"/>
        <con:jmsPropertyConfig/>
        <con:wsaConfig mustUnderstand="NONE" version="200508" action="http://fidus.brussels/services/realestateservice/findCommunitiesBySearchToken"/>
        <con:wsrmConfig version="1.2"/>
      </con:call>
      <con:call id="cd131e18-ec82-4bd0-b7d2-9ff3ab3a2cf5" name="5 - Prod - External - Request" outgoingWss="Outflow PROD" incomingWss="Inflow PROD">
        <con:settings>
          <con:setting id="com.eviware.soapui.impl.wsdl.WsdlRequest@request-headers">&lt;xml-fragment/></con:setting>
        </con:settings>
        <con:encoding>UTF-8</con:encoding>
        <con:endpoint>https://fidus.sec.brussels/services/RealEstateService_v1.1</con:endpoint>
        <con:request><![CDATA[<soapenv:Envelope xmlns:soapenv="http://schemas.xmlsoap.org/soap/envelope/" xmlns:v1="http://fidus.brussels/service/realestateservice/messages/v1" xmlns:v11="http://fidus.brussels/type/common/messages/v1">
   <soapenv:Header/>
   <soapenv:Body>
      <v1:findCommunitiesBySearchTokenRequest>
         <v1:messageContext>
            <v11:messageId>${=import static java.util.UUID.randomUUID; uuid = randomUUID() as String}</v11:messageId>
            <v11:timestamp>${=new java.text.SimpleDateFormat("yyyy-MM-dd'T'HH:mm:ss.SSS").format(new Date())}</v11:timestamp>
         </v1:messageContext>
         <v1:legalContext>ServiceIntegrator</v1:legalContext>
         <v1:request>
            <language>F</language>
            <searchToken>WOLU</searchToken>
         </v1:request>
      </v1:findCommunitiesBySearchTokenRequest>
   </soapenv:Body>
</soapenv:Envelope>]]></con:request>
        <con:credentials>
          <con:selectedAuthProfile>Basic</con:selectedAuthProfile>
          <con:addedBasicAuthenticationTypes>Basic</con:addedBasicAuthenticationTypes>
          <con:authType>Global HTTP Settings</con:authType>
        </con:credentials>
        <con:jmsConfig JMSDeliveryMode="PERSISTENT"/>
        <con:jmsPropertyConfig/>
        <con:wsaConfig mustUnderstand="NONE" version="200508" action="http://fidus.brussels/services/realestateservice/findCommunitiesBySearchToken"/>
        <con:wsrmConfig version="1.2"/>
      </con:call>
    </con:operation>
    <con:operation id="caaab035-4b1a-46fd-805b-55910eebbb66" isOneWay="false" action="http://fidus.brussels/services/realestateservice/findStreetsBySearchToken" name="findStreetsBySearchToken" bindingOperationName="findStreetsBySearchToken" type="Request-Response" inputName="" receivesAttachments="false" sendsAttachments="false" anonymous="optional">
      <con:settings/>
      <con:call id="a25c693a-20ff-4e3d-9259-fb7d75d2ff98" name="1 - Local - Request" outgoingWss="Outflow DEV" incomingWss="Inflow DEV">
        <con:settings>
          <con:setting id="com.eviware.soapui.impl.wsdl.WsdlRequest@request-headers">&lt;xml-fragment/></con:setting>
        </con:settings>
        <con:encoding>UTF-8</con:encoding>
        <con:endpoint>https://localhost:8243/services/RealEstateService_v1.1</con:endpoint>
        <con:request><![CDATA[<soapenv:Envelope xmlns:soapenv="http://schemas.xmlsoap.org/soap/envelope/" xmlns:v1="http://fidus.brussels/service/realestateservice/messages/v1" xmlns:v11="http://fidus.brussels/type/common/messages/v1">
   <soapenv:Header/>
   <soapenv:Body>
      <v1:findStreetsBySearchTokenRequest>
         <v1:messageContext>
            <v11:messageId>${=import static java.util.UUID.randomUUID; uuid = randomUUID() as String}</v11:messageId>
            <v11:timestamp>${=new java.text.SimpleDateFormat("yyyy-MM-dd'T'HH:mm:ss.SSS").format(new Date())}</v11:timestamp>
         </v1:messageContext>
         <v1:legalContext>ServiceIntegrator</v1:legalContext>
         <v1:request>
            <language>F</language>
            <searchToken>CUY</searchToken>
            <codeNisComId>21018</codeNisComId>
         </v1:request>
      </v1:findStreetsBySearchTokenRequest>
   </soapenv:Body>
</soapenv:Envelope>]]></con:request>
        <con:credentials>
          <con:selectedAuthProfile>Basic</con:selectedAuthProfile>
          <con:addedBasicAuthenticationTypes>Basic</con:addedBasicAuthenticationTypes>
          <con:authType>Global HTTP Settings</con:authType>
        </con:credentials>
        <con:jmsConfig JMSDeliveryMode="PERSISTENT"/>
        <con:jmsPropertyConfig/>
        <con:wsaConfig mustUnderstand="NONE" version="200508" action="http://fidus.brussels/services/realestateservice/findStreetsBySearchToken"/>
        <con:wsrmConfig version="1.2"/>
      </con:call>
      <con:call id="e11ced9f-4a58-4063-bd63-9e8f8058fc36" name="2 - Dev - Request" outgoingWss="Outflow DEV" incomingWss="Inflow DEV">
        <con:settings>
          <con:setting id="com.eviware.soapui.impl.wsdl.WsdlRequest@request-headers">&lt;xml-fragment/></con:setting>
        </con:settings>
        <con:encoding>UTF-8</con:encoding>
        <con:endpoint>https://192.168.36.61:8243/services/RealEstateService_v1.1</con:endpoint>
        <con:request><![CDATA[<soapenv:Envelope xmlns:soapenv="http://schemas.xmlsoap.org/soap/envelope/" xmlns:v1="http://fidus.brussels/service/realestateservice/messages/v1" xmlns:v11="http://fidus.brussels/type/common/messages/v1">
   <soapenv:Header/>
   <soapenv:Body>
      <v1:findStreetsBySearchTokenRequest>
         <v1:messageContext>
            <v11:messageId>${=import static java.util.UUID.randomUUID; uuid = randomUUID() as String}</v11:messageId>
            <v11:timestamp>${=new java.text.SimpleDateFormat("yyyy-MM-dd'T'HH:mm:ss.SSS").format(new Date())}</v11:timestamp>
         </v1:messageContext>
         <v1:legalContext>ServiceIntegrator</v1:legalContext>
         <v1:request>
            <language>F</language>
            <searchToken>CUY</searchToken>
            <codeNisComId>21018</codeNisComId>
         </v1:request>
      </v1:findStreetsBySearchTokenRequest>
   </soapenv:Body>
</soapenv:Envelope>]]></con:request>
        <con:credentials>
          <con:selectedAuthProfile>Basic</con:selectedAuthProfile>
          <con:addedBasicAuthenticationTypes>Basic</con:addedBasicAuthenticationTypes>
          <con:authType>Global HTTP Settings</con:authType>
        </con:credentials>
        <con:jmsConfig JMSDeliveryMode="PERSISTENT"/>
        <con:jmsPropertyConfig/>
        <con:wsaConfig mustUnderstand="NONE" version="200508" action="http://fidus.brussels/services/realestateservice/findStreetsBySearchToken"/>
        <con:wsrmConfig version="1.2"/>
      </con:call>
      <con:call id="01310c90-cb2d-427c-89ff-deafc960b349" name="3 - Test - External - Request" outgoingWss="Outflow TEST" incomingWss="Inflow TEST">
        <con:settings>
          <con:setting id="com.eviware.soapui.impl.wsdl.WsdlRequest@request-headers">&lt;xml-fragment/></con:setting>
        </con:settings>
        <con:encoding>UTF-8</con:encoding>
        <con:endpoint>https://fidus-test.irisnetlab.be/services/RealEstateService_v1.1</con:endpoint>
        <con:request><![CDATA[<soapenv:Envelope xmlns:soapenv="http://schemas.xmlsoap.org/soap/envelope/" xmlns:v1="http://fidus.brussels/service/realestateservice/messages/v1" xmlns:v11="http://fidus.brussels/type/common/messages/v1">
   <soapenv:Header/>
   <soapenv:Body>
      <v1:findStreetsBySearchTokenRequest>
         <v1:messageContext>
            <v11:messageId>${=import static java.util.UUID.randomUUID; uuid = randomUUID() as String}</v11:messageId>
            <v11:timestamp>${=new java.text.SimpleDateFormat("yyyy-MM-dd'T'HH:mm:ss.SSS").format(new Date())}</v11:timestamp>
         </v1:messageContext>
         <v1:legalContext>ServiceIntegrator</v1:legalContext>
         <v1:request>
            <language>F</language>
            <searchToken>CUY</searchToken>
            <codeNisComId>21018</codeNisComId>
         </v1:request>
      </v1:findStreetsBySearchTokenRequest>
   </soapenv:Body>
</soapenv:Envelope>]]></con:request>
        <con:credentials>
          <con:selectedAuthProfile>Basic</con:selectedAuthProfile>
          <con:addedBasicAuthenticationTypes>Basic</con:addedBasicAuthenticationTypes>
          <con:authType>Global HTTP Settings</con:authType>
        </con:credentials>
        <con:jmsConfig JMSDeliveryMode="PERSISTENT"/>
        <con:jmsPropertyConfig/>
        <con:wsaConfig mustUnderstand="NONE" version="200508" action="http://fidus.brussels/services/realestateservice/findStreetsBySearchToken"/>
        <con:wsrmConfig version="1.2"/>
      </con:call>
    <con:call id="8f757ac4-a4d0-405f-8e9d-40309cc60f26" name="4 - Staging - External - Request" outgoingWss="Outflow STAGING" incomingWss="Inflow STAGING"><con:settings><con:setting id="com.eviware.soapui.impl.wsdl.WsdlRequest@request-headers">&lt;xml-fragment/></con:setting></con:settings><con:encoding>UTF-8</con:encoding><con:endpoint>https://fidus.irisnetlab.be/services/RealEstateService_v1.1</con:endpoint><con:request><![CDATA[<soapenv:Envelope xmlns:soapenv="http://schemas.xmlsoap.org/soap/envelope/" xmlns:v1="http://fidus.brussels/service/realestateservice/messages/v1" xmlns:v11="http://fidus.brussels/type/common/messages/v1">
   <soapenv:Header/>
   <soapenv:Body>
      <v1:findStreetsBySearchTokenRequest>
         <v1:messageContext>
            <v11:messageId>${=import static java.util.UUID.randomUUID; uuid = randomUUID() as String}</v11:messageId>
            <v11:timestamp>${=new java.text.SimpleDateFormat("yyyy-MM-dd'T'HH:mm:ss.SSS").format(new Date())}</v11:timestamp>
         </v1:messageContext>
         <v1:legalContext>ServiceIntegrator</v1:legalContext>
         <v1:request>
            <language>F</language>
            <searchToken>CUY</searchToken>
            <codeNisComId>21018</codeNisComId>
         </v1:request>
      </v1:findStreetsBySearchTokenRequest>
   </soapenv:Body>
</soapenv:Envelope>]]></con:request><con:credentials>
          <con:selectedAuthProfile>Basic</con:selectedAuthProfile>
          <con:addedBasicAuthenticationTypes>Basic</con:addedBasicAuthenticationTypes>
          <con:authType>Global HTTP Settings</con:authType>
        </con:credentials><con:jmsConfig JMSDeliveryMode="PERSISTENT"/><con:jmsPropertyConfig/><con:wsaConfig mustUnderstand="NONE" version="200508" action="http://fidus.brussels/services/realestateservice/findStreetsBySearchToken"/><con:wsrmConfig version="1.2"/></con:call><con:call id="075eba7a-8c5e-4d8d-9c2d-5a3c67640c97" name="5 - Prod - External - Request" outgoingWss="Outflow PROD" incomingWss="Inflow PROD"><con:settings><con:setting id="com.eviware.soapui.impl.wsdl.WsdlRequest@request-headers">&lt;xml-fragment/></con:setting></con:settings><con:encoding>UTF-8</con:encoding><con:endpoint>https://fidus.sec.brussels/services/RealEstateService_v1.1</con:endpoint><con:request><![CDATA[<soapenv:Envelope xmlns:soapenv="http://schemas.xmlsoap.org/soap/envelope/" xmlns:v1="http://fidus.brussels/service/realestateservice/messages/v1" xmlns:v11="http://fidus.brussels/type/common/messages/v1">
   <soapenv:Header/>
   <soapenv:Body>
      <v1:findStreetsBySearchTokenRequest>
         <v1:messageContext>
            <v11:messageId>${=import static java.util.UUID.randomUUID; uuid = randomUUID() as String}</v11:messageId>
            <v11:timestamp>${=new java.text.SimpleDateFormat("yyyy-MM-dd'T'HH:mm:ss.SSS").format(new Date())}</v11:timestamp>
         </v1:messageContext>
         <v1:legalContext>ServiceIntegrator</v1:legalContext>
         <v1:request>
            <language>F</language>
            <searchToken>CUY</searchToken>
            <codeNisComId>21018</codeNisComId>
         </v1:request>
      </v1:findStreetsBySearchTokenRequest>
   </soapenv:Body>
</soapenv:Envelope>]]></con:request><con:credentials>
          <con:selectedAuthProfile>Basic</con:selectedAuthProfile>
          <con:addedBasicAuthenticationTypes>Basic</con:addedBasicAuthenticationTypes>
          <con:authType>Global HTTP Settings</con:authType>
        </con:credentials><con:jmsConfig JMSDeliveryMode="PERSISTENT"/><con:jmsPropertyConfig/><con:wsaConfig mustUnderstand="NONE" version="200508" action="http://fidus.brussels/services/realestateservice/findStreetsBySearchToken"/><con:wsrmConfig version="1.2"/></con:call></con:operation>
    <con:operation id="d9982d1f-950e-4f2c-a7df-bd24e297c3a8" isOneWay="false" action="http://fidus.brussels/services/realestateservice/getListForAddress" name="getListForAddress" bindingOperationName="getListForAddress" type="Request-Response" inputName="" receivesAttachments="false" sendsAttachments="false" anonymous="optional">
      <con:settings/>
      <con:call id="649b2a78-22a8-42be-90b0-07d3a86f54dd" name="1 - Local - Request" outgoingWss="Outflow DEV" incomingWss="Inflow DEV">
        <con:settings>
          <con:setting id="com.eviware.soapui.impl.wsdl.WsdlRequest@request-headers">&lt;xml-fragment/></con:setting>
        </con:settings>
        <con:encoding>UTF-8</con:encoding>
        <con:endpoint>https://localhost:8243/services/RealEstateService_v1.1</con:endpoint>
        <con:request><![CDATA[<soapenv:Envelope xmlns:soapenv="http://schemas.xmlsoap.org/soap/envelope/" xmlns:v1="http://fidus.brussels/service/realestateservice/messages/v1" xmlns:v11="http://fidus.brussels/type/common/messages/v1">
   <soapenv:Header/>
   <soapenv:Body>
      <v1:getListForAddressRequest>
         <v1:messageContext>
            <v11:messageId>${=import static java.util.UUID.randomUUID; uuid = randomUUID() as String}</v11:messageId>
            <v11:timestamp>${=new java.text.SimpleDateFormat("yyyy-MM-dd'T'HH:mm:ss.SSS").format(new Date())}</v11:timestamp>
         </v1:messageContext>
         <v1:legalContext>ServiceIntegrator</v1:legalContext>
         <v1:request>
        <codeNISCommunity>21018</codeNISCommunity>
            <codeNSRStreet>00680</codeNSRStreet>
            <language>F</language>
            <!--Optional:-->
            <number>1</number>
            <maxResult>10</maxResult>
            <active>true</active>
         </v1:request>
      </v1:getListForAddressRequest>
   </soapenv:Body>
</soapenv:Envelope>]]></con:request>
        <con:credentials>
          <con:selectedAuthProfile>Basic</con:selectedAuthProfile>
          <con:addedBasicAuthenticationTypes>Basic</con:addedBasicAuthenticationTypes>
          <con:authType>Global HTTP Settings</con:authType>
        </con:credentials>
        <con:jmsConfig JMSDeliveryMode="PERSISTENT"/>
        <con:jmsPropertyConfig/>
        <con:wsaConfig mustUnderstand="NONE" version="200508" action="http://fidus.brussels/services/realestateservice/getListForAddress"/>
        <con:wsrmConfig version="1.2"/>
      </con:call>
      <con:call id="603cbb74-f186-440b-8b79-276977d5b8d2" name="2 - Dev - Request" outgoingWss="Outflow DEV" incomingWss="Inflow DEV">
        <con:settings>
          <con:setting id="com.eviware.soapui.impl.wsdl.WsdlRequest@request-headers">&lt;xml-fragment/></con:setting>
        </con:settings>
        <con:encoding>UTF-8</con:encoding>
        <con:endpoint>https://192.168.36.61:8243/services/RealEstateService_v1.1</con:endpoint>
        <con:request><![CDATA[<soapenv:Envelope xmlns:soapenv="http://schemas.xmlsoap.org/soap/envelope/" xmlns:v1="http://fidus.brussels/service/realestateservice/messages/v1" xmlns:v11="http://fidus.brussels/type/common/messages/v1">
   <soapenv:Header/>
   <soapenv:Body>
      <v1:getListForAddressRequest>
         <v1:messageContext>
            <v11:messageId>${=import static java.util.UUID.randomUUID; uuid = randomUUID() as String}</v11:messageId>
            <v11:timestamp>${=new java.text.SimpleDateFormat("yyyy-MM-dd'T'HH:mm:ss.SSS").format(new Date())}</v11:timestamp>
         </v1:messageContext>
         <v1:legalContext>ServiceIntegrator</v1:legalContext>
         <v1:request>
        <codeNISCommunity>21018</codeNISCommunity>
            <codeNSRStreet>00680</codeNSRStreet>
            <language>F</language>
            <!--Optional:-->
            <number>1</number>
            <maxResult>10</maxResult>
            <active>true</active>
         </v1:request>
      </v1:getListForAddressRequest>
   </soapenv:Body>
</soapenv:Envelope>]]></con:request>
        <con:credentials>
          <con:selectedAuthProfile>Basic</con:selectedAuthProfile>
          <con:addedBasicAuthenticationTypes>Basic</con:addedBasicAuthenticationTypes>
          <con:authType>Global HTTP Settings</con:authType>
        </con:credentials>
        <con:jmsConfig JMSDeliveryMode="PERSISTENT"/>
        <con:jmsPropertyConfig/>
        <con:wsaConfig mustUnderstand="NONE" version="200508" action="http://fidus.brussels/services/realestateservice/getListForAddress"/>
        <con:wsrmConfig version="1.2"/>
      </con:call>
      <con:call id="cb32ecf1-b1d5-469c-8f8c-b93264f18709" name="3 - Test - External - Request" outgoingWss="Outflow TEST" incomingWss="Inflow TEST">
        <con:settings>
          <con:setting id="com.eviware.soapui.impl.wsdl.WsdlRequest@request-headers">&lt;xml-fragment/></con:setting>
        </con:settings>
        <con:encoding>UTF-8</con:encoding>
        <con:endpoint>https://fidus-test.irisnetlab.be/services/RealEstateService_v1.1</con:endpoint>
        <con:request><![CDATA[<soapenv:Envelope xmlns:soapenv="http://schemas.xmlsoap.org/soap/envelope/" xmlns:v1="http://fidus.brussels/service/realestateservice/messages/v1" xmlns:v11="http://fidus.brussels/type/common/messages/v1">
   <soapenv:Header/>
   <soapenv:Body>
      <v1:getListForAddressRequest>
         <v1:messageContext>
            <v11:messageId>${=import static java.util.UUID.randomUUID; uuid = randomUUID() as String}</v11:messageId>
            <v11:timestamp>${=new java.text.SimpleDateFormat("yyyy-MM-dd'T'HH:mm:ss.SSS").format(new Date())}</v11:timestamp>
         </v1:messageContext>
         <v1:legalContext>ServiceIntegrator</v1:legalContext>
         <v1:request>
        <codeNISCommunity>21018</codeNISCommunity>
            <codeNSRStreet>00680</codeNSRStreet>
            <language>F</language>
            <!--Optional:-->
            <number>1</number>
            <maxResult>10</maxResult>
            <active>true</active>
         </v1:request>
      </v1:getListForAddressRequest>
   </soapenv:Body>
</soapenv:Envelope>]]></con:request>
        <con:credentials>
          <con:selectedAuthProfile>Basic</con:selectedAuthProfile>
          <con:addedBasicAuthenticationTypes>Basic</con:addedBasicAuthenticationTypes>
          <con:authType>Global HTTP Settings</con:authType>
        </con:credentials>
        <con:jmsConfig JMSDeliveryMode="PERSISTENT"/>
        <con:jmsPropertyConfig/>
        <con:wsaConfig mustUnderstand="NONE" version="200508" action="http://fidus.brussels/services/realestateservice/getListForAddress"/>
        <con:wsrmConfig version="1.2"/>
      </con:call>
    <con:call id="2827b23d-6e22-46c5-a555-594d85c25167" name="4 - Staging - External - Request" outgoingWss="Outflow STAGING" incomingWss="Inflow STAGING"><con:settings><con:setting id="com.eviware.soapui.impl.wsdl.WsdlRequest@request-headers">&lt;xml-fragment/></con:setting></con:settings><con:encoding>UTF-8</con:encoding><con:endpoint>https://fidus.irisnetlab.be/services/RealEstateService_v1.1</con:endpoint><con:request><![CDATA[<soapenv:Envelope xmlns:soapenv="http://schemas.xmlsoap.org/soap/envelope/" xmlns:v1="http://fidus.brussels/service/realestateservice/messages/v1" xmlns:v11="http://fidus.brussels/type/common/messages/v1">
   <soapenv:Header/>
   <soapenv:Body>
      <v1:getListForAddressRequest>
         <v1:messageContext>
            <v11:messageId>${=import static java.util.UUID.randomUUID; uuid = randomUUID() as String}</v11:messageId>
            <v11:timestamp>${=new java.text.SimpleDateFormat("yyyy-MM-dd'T'HH:mm:ss.SSS").format(new Date())}</v11:timestamp>
         </v1:messageContext>
         <v1:legalContext>ServiceIntegrator</v1:legalContext>
         <v1:request>
        <codeNISCommunity>21018</codeNISCommunity>
            <codeNSRStreet>00680</codeNSRStreet>
            <language>F</language>
            <!--Optional:-->
            <number>1</number>
            <maxResult>10</maxResult>
            <active>true</active>
         </v1:request>
      </v1:getListForAddressRequest>
   </soapenv:Body>
</soapenv:Envelope>]]></con:request><con:credentials>
          <con:selectedAuthProfile>Basic</con:selectedAuthProfile>
          <con:addedBasicAuthenticationTypes>Basic</con:addedBasicAuthenticationTypes>
          <con:authType>Global HTTP Settings</con:authType>
        </con:credentials><con:jmsConfig JMSDeliveryMode="PERSISTENT"/><con:jmsPropertyConfig/><con:wsaConfig mustUnderstand="NONE" version="200508" action="http://fidus.brussels/services/realestateservice/getListForAddress"/><con:wsrmConfig version="1.2"/></con:call><con:call id="39732d01-e4e5-4a29-aa8b-8defe12b1b64" name="5 - Prod - External - Request" outgoingWss="Outflow PROD" incomingWss="Inflow PROD"><con:settings><con:setting id="com.eviware.soapui.impl.wsdl.WsdlRequest@request-headers">&lt;xml-fragment/></con:setting></con:settings><con:encoding>UTF-8</con:encoding><con:endpoint>https://fidus.sec.brussels/services/RealEstateService_v1.1</con:endpoint><con:request><![CDATA[<soapenv:Envelope xmlns:soapenv="http://schemas.xmlsoap.org/soap/envelope/" xmlns:v1="http://fidus.brussels/service/realestateservice/messages/v1" xmlns:v11="http://fidus.brussels/type/common/messages/v1">
   <soapenv:Header/>
   <soapenv:Body>
      <v1:getListForAddressRequest>
         <v1:messageContext>
            <v11:messageId>${=import static java.util.UUID.randomUUID; uuid = randomUUID() as String}</v11:messageId>
            <v11:timestamp>${=new java.text.SimpleDateFormat("yyyy-MM-dd'T'HH:mm:ss.SSS").format(new Date())}</v11:timestamp>
         </v1:messageContext>
         <v1:legalContext>ServiceIntegrator</v1:legalContext>
         <v1:request>
        <codeNISCommunity>21018</codeNISCommunity>
            <codeNSRStreet>00680</codeNSRStreet>
            <language>F</language>
            <!--Optional:-->
            <number>1</number>
            <maxResult>10</maxResult>
            <active>true</active>
         </v1:request>
      </v1:getListForAddressRequest>
   </soapenv:Body>
</soapenv:Envelope>]]></con:request><con:credentials>
          <con:selectedAuthProfile>Basic</con:selectedAuthProfile>
          <con:addedBasicAuthenticationTypes>Basic</con:addedBasicAuthenticationTypes>
          <con:authType>Global HTTP Settings</con:authType>
        </con:credentials><con:jmsConfig JMSDeliveryMode="PERSISTENT"/><con:jmsPropertyConfig/><con:wsaConfig mustUnderstand="NONE" version="200508" action="http://fidus.brussels/services/realestateservice/getListForAddress"/><con:wsrmConfig version="1.2"/></con:call></con:operation>
    <con:operation id="6fc0c21a-f519-41d0-8d8c-dac39f750bb9" isOneWay="false" action="http://fidus.brussels/services/realestateservice/findPropertyByParcelId" name="findPropertyByParcelId" bindingOperationName="findPropertyByParcelId" type="Request-Response" inputName="" receivesAttachments="false" sendsAttachments="false" anonymous="optional">
      <con:settings/>
      <con:call id="285d9cdf-0dd2-411d-9d96-79c0bd02da97" name="1 - Local - Request" outgoingWss="Outflow DEV" incomingWss="Inflow DEV">
        <con:settings>
          <con:setting id="com.eviware.soapui.impl.wsdl.WsdlRequest@request-headers">&lt;xml-fragment/></con:setting>
        </con:settings>
        <con:encoding>UTF-8</con:encoding>
        <con:endpoint>https://localhost:8243/services/RealEstateService_v1.1</con:endpoint>
        <con:request><![CDATA[<soapenv:Envelope xmlns:soapenv="http://schemas.xmlsoap.org/soap/envelope/" xmlns:v1="http://fidus.brussels/service/realestateservice/messages/v1" xmlns:v11="http://fidus.brussels/type/common/messages/v1">
   <soapenv:Header/>
   <soapenv:Body>
      <v1:findPropertyByParcelIdRequest>
         <v1:messageContext>
            <v11:messageId>${=import static java.util.UUID.randomUUID; uuid = randomUUID() as String}</v11:messageId>
            <v11:timestamp>${=new java.text.SimpleDateFormat("yyyy-MM-dd'T'HH:mm:ss.SSS").format(new Date())}</v11:timestamp>
         </v1:messageContext>
         <v1:legalContext>ServiceIntegrator</v1:legalContext>
         <v1:request>
            <language>F</language>
            <history>false</history>
            <!--Optional:-->
            <showAddress>false</showAddress>
            <maxResult>10</maxResult>
            <cadastralDivision>31016</cadastralDivision>
            <section>B</section>
            <primaryNumber>148</primaryNumber>
            <!--Optional:-->
            <exponentNumber>5</exponentNumber>
            <!--Optional:-->
            <exponentLetter>B</exponentLetter>
            <partNumber>P0000</partNumber>
         </v1:request>
      </v1:findPropertyByParcelIdRequest>
   </soapenv:Body>
</soapenv:Envelope>]]></con:request>
        <con:credentials>
          <con:selectedAuthProfile>Basic</con:selectedAuthProfile>
          <con:addedBasicAuthenticationTypes>Basic</con:addedBasicAuthenticationTypes>
          <con:authType>Global HTTP Settings</con:authType>
        </con:credentials>
        <con:jmsConfig JMSDeliveryMode="PERSISTENT"/>
        <con:jmsPropertyConfig/>
        <con:wsaConfig mustUnderstand="NONE" version="200508" action="http://fidus.brussels/services/realestateservice/findPropertyByParcelId"/>
        <con:wsrmConfig version="1.2"/>
      </con:call>
      <con:call id="ec340fa2-83bb-4fb4-b72b-710ac8501cf5" name="2 - Dev - Request" outgoingWss="Outflow DEV" incomingWss="Inflow DEV">
        <con:settings>
          <con:setting id="com.eviware.soapui.impl.wsdl.WsdlRequest@request-headers">&lt;xml-fragment/></con:setting>
        </con:settings>
        <con:encoding>UTF-8</con:encoding>
        <con:endpoint>https://192.168.36.61:8243/services/RealEstateService_v1.1</con:endpoint>
        <con:request><![CDATA[<soapenv:Envelope xmlns:soapenv="http://schemas.xmlsoap.org/soap/envelope/" xmlns:v1="http://fidus.brussels/service/realestateservice/messages/v1" xmlns:v11="http://fidus.brussels/type/common/messages/v1">
   <soapenv:Header/>
   <soapenv:Body>
      <v1:findPropertyByParcelIdRequest>
         <v1:messageContext>
            <v11:messageId>${=import static java.util.UUID.randomUUID; uuid = randomUUID() as String}</v11:messageId>
            <v11:timestamp>${=new java.text.SimpleDateFormat("yyyy-MM-dd'T'HH:mm:ss.SSS").format(new Date())}</v11:timestamp>
         </v1:messageContext>
         <v1:legalContext>ServiceIntegrator</v1:legalContext>
         <v1:request>
            <language>F</language>
            <history>false</history>
            <!--Optional:-->
            <showAddress>false</showAddress>
            <maxResult>10</maxResult>
            <cadastralDivision>31016</cadastralDivision>
            <section>B</section>
            <primaryNumber>148</primaryNumber>
            <!--Optional:-->
            <exponentNumber>5</exponentNumber>
            <!--Optional:-->
            <exponentLetter>B</exponentLetter>
            <partNumber>P0000</partNumber>
         </v1:request>
      </v1:findPropertyByParcelIdRequest>
   </soapenv:Body>
</soapenv:Envelope>]]></con:request>
        <con:credentials>
          <con:selectedAuthProfile>Basic</con:selectedAuthProfile>
          <con:addedBasicAuthenticationTypes>Basic</con:addedBasicAuthenticationTypes>
          <con:authType>Global HTTP Settings</con:authType>
        </con:credentials>
        <con:jmsConfig JMSDeliveryMode="PERSISTENT"/>
        <con:jmsPropertyConfig/>
        <con:wsaConfig mustUnderstand="NONE" version="200508" action="http://fidus.brussels/services/realestateservice/findPropertyByParcelId"/>
        <con:wsrmConfig version="1.2"/>
      </con:call>
      <con:call id="b494ab6c-3334-4692-9f04-06979ebb238c" name="3 - Test - External - Request" outgoingWss="Outflow TEST" incomingWss="Inflow TEST">
        <con:settings>
          <con:setting id="com.eviware.soapui.impl.wsdl.WsdlRequest@request-headers">&lt;xml-fragment/></con:setting>
        </con:settings>
        <con:encoding>UTF-8</con:encoding>
        <con:endpoint>https://fidus-test.irisnetlab.be/services/RealEstateService_v1.1</con:endpoint>
        <con:request><![CDATA[<soapenv:Envelope xmlns:soapenv="http://schemas.xmlsoap.org/soap/envelope/" xmlns:v1="http://fidus.brussels/service/realestateservice/messages/v1" xmlns:v11="http://fidus.brussels/type/common/messages/v1">
   <soapenv:Header/>
   <soapenv:Body>
      <v1:findPropertyByParcelIdRequest>
         <v1:messageContext>
            <v11:messageId>${=import static java.util.UUID.randomUUID; uuid = randomUUID() as String}</v11:messageId>
            <v11:timestamp>${=new java.text.SimpleDateFormat("yyyy-MM-dd'T'HH:mm:ss.SSS").format(new Date())}</v11:timestamp>
         </v1:messageContext>
         <v1:legalContext>ServiceIntegrator</v1:legalContext>
         <v1:request>
            <language>n</language>
            <history>false</history>
            <!--Optional:-->
            <showAddress>false</showAddress>
            <maxResult>10</maxResult>
            <cadastralDivision>31016</cadastralDivision>
            <section>B</section>
            <primaryNumber>148</primaryNumber>
            <!--Optional:-->
            <exponentNumber>5</exponentNumber>
            <!--Optional:-->
            <exponentLetter>B</exponentLetter>
            <partNumber>P0000</partNumber>
         </v1:request>
      </v1:findPropertyByParcelIdRequest>
   </soapenv:Body>
</soapenv:Envelope>]]></con:request>
        <con:credentials>
          <con:selectedAuthProfile>Basic</con:selectedAuthProfile>
          <con:addedBasicAuthenticationTypes>Basic</con:addedBasicAuthenticationTypes>
          <con:authType>Global HTTP Settings</con:authType>
        </con:credentials>
        <con:jmsConfig JMSDeliveryMode="PERSISTENT"/>
        <con:jmsPropertyConfig/>
        <con:wsaConfig mustUnderstand="NONE" version="200508" action="http://fidus.brussels/services/realestateservice/findPropertyByParcelId"/>
        <con:wsrmConfig version="1.2"/>
      </con:call>
    <con:call id="7d258ded-8edc-40b6-b73b-a5c00096153b" name="4 - Staging - External - Request" outgoingWss="Outflow STAGING" incomingWss="Inflow STAGING"><con:settings><con:setting id="com.eviware.soapui.impl.wsdl.WsdlRequest@request-headers">&lt;xml-fragment/></con:setting></con:settings><con:encoding>UTF-8</con:encoding><con:endpoint>https://fidus.irisnetlab.be/services/RealEstateService_v1.1</con:endpoint><con:request><![CDATA[<soapenv:Envelope xmlns:soapenv="http://schemas.xmlsoap.org/soap/envelope/" xmlns:v1="http://fidus.brussels/service/realestateservice/messages/v1" xmlns:v11="http://fidus.brussels/type/common/messages/v1">
   <soapenv:Header/>
   <soapenv:Body>
      <v1:findPropertyByParcelIdRequest>
         <v1:messageContext>
            <v11:messageId>${=import static java.util.UUID.randomUUID; uuid = randomUUID() as String}</v11:messageId>
            <v11:timestamp>${=new java.text.SimpleDateFormat("yyyy-MM-dd'T'HH:mm:ss.SSS").format(new Date())}</v11:timestamp>
         </v1:messageContext>
         <v1:legalContext>ServiceIntegrator</v1:legalContext>
         <v1:request>
            <language>n</language>
            <history>false</history>
            <!--Optional:-->
            <showAddress>false</showAddress>
            <maxResult>10</maxResult>
            <cadastralDivision>31016</cadastralDivision>
            <section>B</section>
            <primaryNumber>148</primaryNumber>
            <!--Optional:-->
            <exponentNumber>5</exponentNumber>
            <!--Optional:-->
            <exponentLetter>B</exponentLetter>
            <partNumber>P0000</partNumber>
         </v1:request>
      </v1:findPropertyByParcelIdRequest>
   </soapenv:Body>
</soapenv:Envelope>]]></con:request><con:credentials>
          <con:selectedAuthProfile>Basic</con:selectedAuthProfile>
          <con:addedBasicAuthenticationTypes>Basic</con:addedBasicAuthenticationTypes>
          <con:authType>Global HTTP Settings</con:authType>
        </con:credentials><con:jmsConfig JMSDeliveryMode="PERSISTENT"/><con:jmsPropertyConfig/><con:wsaConfig mustUnderstand="NONE" version="200508" action="http://fidus.brussels/services/realestateservice/findPropertyByParcelId"/><con:wsrmConfig version="1.2"/></con:call><con:call id="b7271111-b04e-400e-91b2-06b1c51b289a" name="5 - Prod - External - Request" outgoingWss="Outflow PROD" incomingWss="Inflow PROD"><con:settings><con:setting id="com.eviware.soapui.impl.wsdl.WsdlRequest@request-headers">&lt;xml-fragment/></con:setting></con:settings><con:encoding>UTF-8</con:encoding><con:endpoint>https://fidus.sec.brussels/services/RealEstateService_v1.1</con:endpoint><con:request><![CDATA[<soapenv:Envelope xmlns:soapenv="http://schemas.xmlsoap.org/soap/envelope/" xmlns:v1="http://fidus.brussels/service/realestateservice/messages/v1" xmlns:v11="http://fidus.brussels/type/common/messages/v1">
   <soapenv:Header/>
   <soapenv:Body>
      <v1:findPropertyByParcelIdRequest>
         <v1:messageContext>
            <v11:messageId>${=import static java.util.UUID.randomUUID; uuid = randomUUID() as String}</v11:messageId>
            <v11:timestamp>${=new java.text.SimpleDateFormat("yyyy-MM-dd'T'HH:mm:ss.SSS").format(new Date())}</v11:timestamp>
         </v1:messageContext>
         <v1:legalContext>ServiceIntegrator</v1:legalContext>
         <v1:request>
            <language>n</language>
            <history>false</history>
            <!--Optional:-->
            <showAddress>false</showAddress>
            <maxResult>10</maxResult>
            <cadastralDivision>31016</cadastralDivision>
            <section>B</section>
            <primaryNumber>148</primaryNumber>
            <!--Optional:-->
            <exponentNumber>5</exponentNumber>
            <!--Optional:-->
            <exponentLetter>B</exponentLetter>
            <partNumber>P0000</partNumber>
         </v1:request>
      </v1:findPropertyByParcelIdRequest>
   </soapenv:Body>
</soapenv:Envelope>]]></con:request><con:credentials>
          <con:selectedAuthProfile>Basic</con:selectedAuthProfile>
          <con:addedBasicAuthenticationTypes>Basic</con:addedBasicAuthenticationTypes>
          <con:authType>Global HTTP Settings</con:authType>
        </con:credentials><con:jmsConfig JMSDeliveryMode="PERSISTENT"/><con:jmsPropertyConfig/><con:wsaConfig mustUnderstand="NONE" version="200508" action="http://fidus.brussels/services/realestateservice/findPropertyByParcelId"/><con:wsrmConfig version="1.2"/></con:call></con:operation>
  </con:interface>
  <con:testSuite id="9a90ac6a-ec8d-4815-8b22-b3bb5bbd235e" name="DEV"><con:settings/><con:runType>SEQUENTIAL</con:runType><con:testCase id="e3ae9f7f-9d4e-4a1c-aca2-30e86ef83dd1" failOnError="true" failTestCaseOnErrors="true" keepSession="false" maxResults="0" name="findPropertiesTxByCriteria" searchProperties="true"><con:settings/><con:testStep type="request" id="7aed7237-d1fe-4369-b845-567fbb79fd3f" name="testcase2 - Dev - Request"><con:settings/><con:config xsi:type="con:RequestStep" xmlns:xsi="http://www.w3.org/2001/XMLSchema-instance"><con:interface>RealEstateServiceHTTPBinding</con:interface><con:operation>findPropertiesTxByCriteria</con:operation><con:request name="testcase2 - Dev - Request" id="7b5bd7c0-9ad2-40ca-8d5e-35b62cab8040" outgoingWss="Outflow DEV"><con:settings/><con:encoding>UTF-8</con:encoding><con:endpoint>https://192.168.36.61:8243/services/RealEstateService_v1.1</con:endpoint><con:request><![CDATA[<soapenv:Envelope xmlns:soapenv="http://schemas.xmlsoap.org/soap/envelope/" xmlns:v1="http://fidus.brussels/service/realestateservice/messages/v1" xmlns:v11="http://fidus.brussels/type/common/messages/v1" xmlns:dir="http://www.minfin.fgov.be/schemas/esb/consultimmotx/direct" xmlns:ns="http://www.minfin.fgov.be/schemas/esb/canonical/base/1">
   <soapenv:Header/>
   <soapenv:Body>
      <v1:findPropertiesTxByCriteriaRequest>
         <v1:messageContext>
            <v11:messageId>${=import static java.util.UUID.randomUUID; uuid = randomUUID() as String}</v11:messageId>
            <v11:timestamp>${=new java.text.SimpleDateFormat("yyyy-MM-dd'T'HH:mm:ss.SSS").format(new Date())}</v11:timestamp>
         </v1:messageContext>
         <v1:legalContext>ServiceIntegrator</v1:legalContext>
         <v1:request>
	       <dir:province>40000</dir:province>
	       <dir:adminCommune>42008</dir:adminCommune>
	       <dir:typeInscription>82</dir:typeInscription>
	       <dir:deedDate>
	          <ns:start>2010-01-01</ns:start>
	          <ns:end>2010-04-30</ns:end>
	       </dir:deedDate>
	       <dir:natureCode>220</dir:natureCode>
	       <dir:natureCodeDeed>32</dir:natureCodeDeed>
         </v1:request>
      </v1:findPropertiesTxByCriteriaRequest>
   </soapenv:Body>
</soapenv:Envelope>]]></con:request><con:assertion type="SOAP Fault Assertion" id="e47b81b6-dc87-427a-a102-73dfb0d47944" name="Not SOAP Fault"/><con:assertion type="SOAP Response" id="b1409a93-e53d-4953-b724-d900879a4ce3" name="SOAP Response"/><con:assertion type="Schema Compliance" id="8833f932-23f1-49a7-a792-a7cfed07e645" name="Schema Compliance"><con:configuration/></con:assertion><con:wsaConfig action="http://fidus.brussels/services/realestateservice/findPropertiesTxByCriteria"/></con:request></con:config></con:testStep><con:properties/></con:testCase><con:testCase id="f83ab558-231e-4e4b-af5b-d71e643e0191" failOnError="true" failTestCaseOnErrors="true" keepSession="false" maxResults="0" name="findCommunitiesBySearchToken" searchProperties="true"><con:settings/><con:testStep type="request" id="7044a11d-6d52-4329-8164-ea3f4a7b7f6c" name="testcase2 - Dev - Request"><con:settings/><con:config xsi:type="con:RequestStep" xmlns:xsi="http://www.w3.org/2001/XMLSchema-instance"><con:interface>RealEstateServiceHTTPBinding</con:interface><con:operation>findCommunitiesBySearchToken</con:operation><con:request name="testcase2 - Dev - Request" id="3ec5db85-041b-456d-87a4-f9e452ec399a" outgoingWss="Outflow DEV"><con:settings/><con:encoding>UTF-8</con:encoding><con:endpoint>https://192.168.36.61:8243/services/RealEstateService_v1.1</con:endpoint><con:request><![CDATA[<soapenv:Envelope xmlns:soapenv="http://schemas.xmlsoap.org/soap/envelope/" xmlns:v1="http://fidus.brussels/service/realestateservice/messages/v1" xmlns:v11="http://fidus.brussels/type/common/messages/v1">
   <soapenv:Header/>
   <soapenv:Body>
      <v1:findCommunitiesBySearchTokenRequest>
         <v1:messageContext>
            <v11:messageId>${=import static java.util.UUID.randomUUID; uuid = randomUUID() as String}</v11:messageId>
            <v11:timestamp>${=new java.text.SimpleDateFormat("yyyy-MM-dd'T'HH:mm:ss.SSS").format(new Date())}</v11:timestamp>
         </v1:messageContext>
         <v1:legalContext>ServiceIntegrator</v1:legalContext>
         <v1:request>
            <language>F</language>
            <searchToken>WOLU</searchToken>
         </v1:request>
      </v1:findCommunitiesBySearchTokenRequest>
   </soapenv:Body>
</soapenv:Envelope>]]></con:request><con:assertion type="SOAP Fault Assertion" id="e54b0039-8226-4b8c-aec8-e951239fecd7" name="Not SOAP Fault"/><con:assertion type="SOAP Response" id="27805fca-846f-47c0-bf21-14e6825acfa3" name="SOAP Response"/><con:assertion type="Schema Compliance" id="d54f41a6-145b-4429-86c2-8d6972f53289" name="Schema Compliance"><con:configuration/></con:assertion><con:wsaConfig action="http://fidus.brussels/services/realestateservice/findCommunitiesBySearchToken"/></con:request></con:config></con:testStep><con:properties/></con:testCase><con:testCase id="44558ed2-9ebe-4931-ab2b-29cada1a8a3b" failOnError="true" failTestCaseOnErrors="true" keepSession="false" maxResults="0" name="findStreetsBySearchToken" searchProperties="true"><con:settings/><con:testStep type="request" id="9c3b06a1-3c91-4003-9d7a-87a09c8cbad1" name="testcase2 - Dev - Request"><con:settings/><con:config xsi:type="con:RequestStep" xmlns:xsi="http://www.w3.org/2001/XMLSchema-instance"><con:interface>RealEstateServiceHTTPBinding</con:interface><con:operation>findStreetsBySearchToken</con:operation><con:request name="testcase2 - Dev - Request" id="d413bbcc-1344-4c09-973d-c3e11b48629d" outgoingWss="Outflow DEV"><con:settings/><con:encoding>UTF-8</con:encoding><con:endpoint>https://192.168.36.61:8243/services/RealEstateService_v1.1</con:endpoint><con:request><![CDATA[<soapenv:Envelope xmlns:soapenv="http://schemas.xmlsoap.org/soap/envelope/" xmlns:v1="http://fidus.brussels/service/realestateservice/messages/v1" xmlns:v11="http://fidus.brussels/type/common/messages/v1">
   <soapenv:Header/>
   <soapenv:Body>
      <v1:findStreetsBySearchTokenRequest>
         <v1:messageContext>
            <v11:messageId>${=import static java.util.UUID.randomUUID; uuid = randomUUID() as String}</v11:messageId>
            <v11:timestamp>${=new java.text.SimpleDateFormat("yyyy-MM-dd'T'HH:mm:ss.SSS").format(new Date())}</v11:timestamp>
         </v1:messageContext>
         <v1:legalContext>ServiceIntegrator</v1:legalContext>
         <v1:request>
            <language>F</language>
            <searchToken>CUY</searchToken>
            <codeNisComId>21018</codeNisComId>
         </v1:request>
      </v1:findStreetsBySearchTokenRequest>
   </soapenv:Body>
</soapenv:Envelope>]]></con:request><con:assertion type="SOAP Fault Assertion" id="72fcd504-8535-4072-8f9d-ea546711638f" name="Not SOAP Fault"/><con:assertion type="SOAP Response" id="fa3bf07c-2b64-4161-b299-8482be23ea7f" name="SOAP Response"/><con:assertion type="Schema Compliance" id="f4f767c7-0d64-412b-b383-1bbf1ddcaed3" name="Schema Compliance"><con:configuration/></con:assertion><con:wsaConfig action="http://fidus.brussels/services/realestateservice/findStreetsBySearchToken"/></con:request></con:config></con:testStep><con:properties/></con:testCase><con:testCase id="82712ead-f82b-4b3d-95d7-136f8b8df0b3" failOnError="true" failTestCaseOnErrors="true" keepSession="false" maxResults="0" name="getListForAddress" searchProperties="true"><con:settings/><con:testStep type="request" id="7e3a2860-4deb-4835-8338-afd947f98407" name="testcase2 - Dev - Request"><con:settings/><con:config xsi:type="con:RequestStep" xmlns:xsi="http://www.w3.org/2001/XMLSchema-instance"><con:interface>RealEstateServiceHTTPBinding</con:interface><con:operation>getListForAddress</con:operation><con:request name="testcase2 - Dev - Request" id="dc4c7282-b9e9-41ee-a2da-089d6d6c31ad" outgoingWss="Outflow DEV"><con:settings/><con:encoding>UTF-8</con:encoding><con:endpoint>https://192.168.36.61:8243/services/RealEstateService_v1.1</con:endpoint><con:request><![CDATA[<soapenv:Envelope xmlns:soapenv="http://schemas.xmlsoap.org/soap/envelope/" xmlns:v1="http://fidus.brussels/service/realestateservice/messages/v1" xmlns:v11="http://fidus.brussels/type/common/messages/v1">
   <soapenv:Header/>
   <soapenv:Body>
      <v1:getListForAddressRequest>
         <v1:messageContext>
            <v11:messageId>${=import static java.util.UUID.randomUUID; uuid = randomUUID() as String}</v11:messageId>
            <v11:timestamp>${=new java.text.SimpleDateFormat("yyyy-MM-dd'T'HH:mm:ss.SSS").format(new Date())}</v11:timestamp>
         </v1:messageContext>
         <v1:legalContext>ServiceIntegrator</v1:legalContext>
         <v1:request>
        <codeNISCommunity>21018</codeNISCommunity>
            <codeNSRStreet>00680</codeNSRStreet>
            <language>F</language>
            <!--Optional:-->
            <number>1</number>
            <maxResult>10</maxResult>
            <active>true</active>
         </v1:request>
      </v1:getListForAddressRequest>
   </soapenv:Body>
</soapenv:Envelope>]]></con:request><con:assertion type="SOAP Fault Assertion" id="c9c96f33-ff6e-4a67-87e5-184b2c6946ae" name="Not SOAP Fault"/><con:assertion type="SOAP Response" id="40934b9c-eeee-4b43-a012-c085023e4644" name="SOAP Response"/><con:assertion type="Schema Compliance" id="994c6751-d26d-478d-9751-67db75b05aa1" name="Schema Compliance"><con:configuration/></con:assertion><con:wsaConfig action="http://fidus.brussels/services/realestateservice/getListForAddress"/></con:request></con:config></con:testStep><con:properties/></con:testCase><con:testCase id="7e4855c7-a603-494f-a05e-cbb2268581c9" failOnError="true" failTestCaseOnErrors="true" keepSession="false" maxResults="0" name="findPropertyByParcelId" searchProperties="true"><con:settings/><con:testStep type="request" id="43c3c4d6-dd82-4ebb-b569-098dab111e7e" name="testcase2 - Dev - Request"><con:settings/><con:config xsi:type="con:RequestStep" xmlns:xsi="http://www.w3.org/2001/XMLSchema-instance"><con:interface>RealEstateServiceHTTPBinding</con:interface><con:operation>findPropertyByParcelId</con:operation><con:request name="testcase2 - Dev - Request" id="964f6b0f-8364-4489-a44f-b30d39056af0" outgoingWss="Outflow DEV"><con:settings/><con:encoding>UTF-8</con:encoding><con:endpoint>https://192.168.36.61:8243/services/RealEstateService_v1.1</con:endpoint><con:request><![CDATA[<soapenv:Envelope xmlns:soapenv="http://schemas.xmlsoap.org/soap/envelope/" xmlns:v1="http://fidus.brussels/service/realestateservice/messages/v1" xmlns:v11="http://fidus.brussels/type/common/messages/v1">
   <soapenv:Header/>
   <soapenv:Body>
      <v1:findPropertyByParcelIdRequest>
         <v1:messageContext>
            <v11:messageId>${=import static java.util.UUID.randomUUID; uuid = randomUUID() as String}</v11:messageId>
            <v11:timestamp>${=new java.text.SimpleDateFormat("yyyy-MM-dd'T'HH:mm:ss.SSS").format(new Date())}</v11:timestamp>
         </v1:messageContext>
         <v1:legalContext>ServiceIntegrator</v1:legalContext>
         <v1:request>
            <language>F</language>
            <history>false</history>
            <!--Optional:-->
            <showAddress>false</showAddress>
            <maxResult>10</maxResult>
            <cadastralDivision>31016</cadastralDivision>
            <section>B</section>
            <primaryNumber>148</primaryNumber>
            <!--Optional:-->
            <exponentNumber>5</exponentNumber>
            <!--Optional:-->
            <exponentLetter>B</exponentLetter>
            <partNumber>P0000</partNumber>
         </v1:request>
      </v1:findPropertyByParcelIdRequest>
   </soapenv:Body>
</soapenv:Envelope>]]></con:request><con:assertion type="SOAP Fault Assertion" id="db739d57-097b-499a-96b7-faac9fbc0fab" name="Not SOAP Fault"/><con:assertion type="SOAP Response" id="00fb3541-dc14-49eb-8434-7b7f04142bde" name="SOAP Response"/><con:assertion type="Schema Compliance" id="b7b53b45-af2f-4b53-9eda-35887a71e9c8" name="Schema Compliance"><con:configuration/></con:assertion><con:wsaConfig action="http://fidus.brussels/services/realestateservice/findPropertyByParcelId"/></con:request></con:config></con:testStep><con:properties/></con:testCase><con:properties/></con:testSuite><con:testSuite id="8d8be91f-5acd-4c34-99c4-08e3d0a0723c" name="TEST"><con:settings/><con:runType>SEQUENTIAL</con:runType><con:testCase id="47ad6617-ccae-4ed8-b5f5-7578a6452f75" failOnError="true" failTestCaseOnErrors="true" keepSession="false" maxResults="0" name="findPropertiesTxByCriteria" searchProperties="true"><con:settings/><con:testStep type="request" id="c7cef3c1-f713-4789-a0e7-28ba4184726a" name="testcase3 - Test - External - Request"><con:settings/><con:config xsi:type="con:RequestStep" xmlns:xsi="http://www.w3.org/2001/XMLSchema-instance"><con:interface>RealEstateServiceHTTPBinding</con:interface><con:operation>findPropertiesTxByCriteria</con:operation><con:request name="testcase3 - Test - External - Request" id="5137e88e-2286-48a7-acfe-5415ec1ca391" outgoingWss="Outflow TEST"><con:settings/><con:encoding>UTF-8</con:encoding><con:endpoint>https://fidus-test.irisnetlab.be/services/RealEstateService_v1.1</con:endpoint><con:request><![CDATA[<soapenv:Envelope xmlns:soapenv="http://schemas.xmlsoap.org/soap/envelope/" xmlns:v1="http://fidus.brussels/service/realestateservice/messages/v1" xmlns:v11="http://fidus.brussels/type/common/messages/v1" xmlns:dir="http://www.minfin.fgov.be/schemas/esb/consultimmotx/direct" xmlns:ns="http://www.minfin.fgov.be/schemas/esb/canonical/base/1">
   <soapenv:Header/>
   <soapenv:Body>
      <v1:findPropertiesTxByCriteriaRequest>
         <v1:messageContext>
            <v11:messageId>${=import static java.util.UUID.randomUUID; uuid = randomUUID() as String}</v11:messageId>
            <v11:timestamp>${=new java.text.SimpleDateFormat("yyyy-MM-dd'T'HH:mm:ss.SSS").format(new Date())}</v11:timestamp>
         </v1:messageContext>
         <v1:legalContext>ServiceIntegrator</v1:legalContext>
         <v1:request>
	       <dir:province>40000</dir:province>
	       <dir:adminCommune>42008</dir:adminCommune>
	       <dir:typeInscription>82</dir:typeInscription>
	       <dir:deedDate>
	          <ns:start>2010-01-01</ns:start>
	          <ns:end>2010-04-30</ns:end>
	       </dir:deedDate>
	       <dir:natureCode>220</dir:natureCode>
	       <dir:natureCodeDeed>32</dir:natureCodeDeed>
         </v1:request>
      </v1:findPropertiesTxByCriteriaRequest>
   </soapenv:Body>
</soapenv:Envelope>]]></con:request><con:assertion type="SOAP Fault Assertion" id="41b27a0d-ac76-4f87-b7fe-d70de4d20fa0" name="Not SOAP Fault"/><con:assertion type="SOAP Response" id="0136d6da-2dfa-454d-9f58-dccb5dd493d4" name="SOAP Response"/><con:assertion type="Schema Compliance" id="b5c4bc10-f4ba-4dd8-86de-94ea3527c635" name="Schema Compliance"><con:configuration/></con:assertion><con:wsaConfig action="http://fidus.brussels/services/realestateservice/findPropertiesTxByCriteria"/></con:request></con:config></con:testStep><con:testStep type="request" id="5e693142-22bf-4d0f-b923-df779c05b1ca" name="testcase3 - Test - LB - Request"><con:settings/><con:config xsi:type="con:RequestStep" xmlns:xsi="http://www.w3.org/2001/XMLSchema-instance"><con:interface>RealEstateServiceHTTPBinding</con:interface><con:operation>findPropertiesTxByCriteria</con:operation><con:request name="testcase3 - Test - LB - Request" id="a7892217-e7b6-4aa8-85d4-0278ab856a62" outgoingWss="Outflow TEST"><con:settings/><con:encoding>UTF-8</con:encoding><con:endpoint>https://esb-security-gw.sta.srv.cirb.lan:8443/services/RealEstateService_v1.1</con:endpoint><con:request><![CDATA[<soapenv:Envelope xmlns:soapenv="http://schemas.xmlsoap.org/soap/envelope/" xmlns:v1="http://fidus.brussels/service/realestateservice/messages/v1" xmlns:v11="http://fidus.brussels/type/common/messages/v1" xmlns:dir="http://www.minfin.fgov.be/schemas/esb/consultimmotx/direct" xmlns:ns="http://www.minfin.fgov.be/schemas/esb/canonical/base/1">
   <soapenv:Header/>
   <soapenv:Body>
      <v1:findPropertiesTxByCriteriaRequest>
         <v1:messageContext>
            <v11:messageId>${=import static java.util.UUID.randomUUID; uuid = randomUUID() as String}</v11:messageId>
            <v11:timestamp>${=new java.text.SimpleDateFormat("yyyy-MM-dd'T'HH:mm:ss.SSS").format(new Date())}</v11:timestamp>
         </v1:messageContext>
         <v1:legalContext>ServiceIntegrator</v1:legalContext>
         <v1:request>
	       <dir:province>40000</dir:province>
	       <dir:adminCommune>42008</dir:adminCommune>
	       <dir:typeInscription>82</dir:typeInscription>
	       <dir:deedDate>
	          <ns:start>2010-01-01</ns:start>
	          <ns:end>2010-04-30</ns:end>
	       </dir:deedDate>
	       <dir:natureCode>220</dir:natureCode>
	       <dir:natureCodeDeed>32</dir:natureCodeDeed>
         </v1:request>
      </v1:findPropertiesTxByCriteriaRequest>
   </soapenv:Body>
</soapenv:Envelope>]]></con:request><con:assertion type="SOAP Fault Assertion" id="93776e78-efe6-4603-8a4e-3303e1149f86" name="Not SOAP Fault"/><con:assertion type="SOAP Response" id="527a15f0-c864-4fa5-b6e4-9b7bfddf55d1" name="SOAP Response"/><con:assertion type="Schema Compliance" id="20e0776a-dabb-4420-9372-42ccbe6641a0" name="Schema Compliance"><con:configuration/></con:assertion><con:wsaConfig action="http://fidus.brussels/services/realestateservice/findPropertiesTxByCriteria"/></con:request></con:config></con:testStep><con:testStep type="request" id="6132f846-d65c-490e-90c5-c8aa50bfe443" name="testcase3 - Test - Worker1 - Request"><con:settings/><con:config xsi:type="con:RequestStep" xmlns:xsi="http://www.w3.org/2001/XMLSchema-instance"><con:interface>RealEstateServiceHTTPBinding</con:interface><con:operation>findPropertiesTxByCriteria</con:operation><con:request name="testcase3 - Test - Worker1 - Request" id="f029198b-c0fd-4b56-a790-52f86d5f9984" outgoingWss="Outflow TEST"><con:settings/><con:encoding>UTF-8</con:encoding><con:endpoint>https://192.168.22.53:8443/services/RealEstateService_v1.1</con:endpoint><con:request><![CDATA[<soapenv:Envelope xmlns:soapenv="http://schemas.xmlsoap.org/soap/envelope/" xmlns:v1="http://fidus.brussels/service/realestateservice/messages/v1" xmlns:v11="http://fidus.brussels/type/common/messages/v1" xmlns:dir="http://www.minfin.fgov.be/schemas/esb/consultimmotx/direct" xmlns:ns="http://www.minfin.fgov.be/schemas/esb/canonical/base/1">
   <soapenv:Header/>
   <soapenv:Body>
      <v1:findPropertiesTxByCriteriaRequest>
         <v1:messageContext>
            <v11:messageId>${=import static java.util.UUID.randomUUID; uuid = randomUUID() as String}</v11:messageId>
            <v11:timestamp>${=new java.text.SimpleDateFormat("yyyy-MM-dd'T'HH:mm:ss.SSS").format(new Date())}</v11:timestamp>
         </v1:messageContext>
         <v1:legalContext>ServiceIntegrator</v1:legalContext>         
         <v1:request>
	       <dir:province>40000</dir:province>
	       <dir:adminCommune>42008</dir:adminCommune>
	       <dir:typeInscription>82</dir:typeInscription>
	       <dir:deedDate>
	          <ns:start>2010-01-01</ns:start>
	          <ns:end>2010-04-30</ns:end>
	       </dir:deedDate>
	       <dir:natureCode>220</dir:natureCode>
	       <dir:natureCodeDeed>32</dir:natureCodeDeed>
         </v1:request>
      </v1:findPropertiesTxByCriteriaRequest>
   </soapenv:Body>
</soapenv:Envelope>]]></con:request><con:assertion type="SOAP Fault Assertion" id="643f152c-ae80-4bfe-a7e0-9b5c34898d5a" name="Not SOAP Fault"/><con:assertion type="SOAP Response" id="208d8fe4-60e0-4bc5-914a-4c1b53ac31a2" name="SOAP Response"/><con:assertion type="Schema Compliance" id="3215be1b-cd96-4126-9e8f-5019a51e2a0f" name="Schema Compliance"><con:configuration/></con:assertion><con:wsaConfig action="http://fidus.brussels/services/realestateservice/findPropertiesTxByCriteria"/></con:request></con:config></con:testStep><con:testStep type="request" id="6002136a-549c-4bfb-9c31-a3ca7a87c39e" name="testcase3 - Test - Worker2 - Request"><con:settings/><con:config xsi:type="con:RequestStep" xmlns:xsi="http://www.w3.org/2001/XMLSchema-instance"><con:interface>RealEstateServiceHTTPBinding</con:interface><con:operation>findPropertiesTxByCriteria</con:operation><con:request name="testcase3 - Test - Worker2 - Request" id="61b7f3e4-70b9-4f85-ab7b-0c4993ee73d8" outgoingWss="Outflow TEST"><con:settings/><con:encoding>UTF-8</con:encoding><con:endpoint>https://192.168.22.54:8443/services/RealEstateService_v1.1</con:endpoint><con:request><![CDATA[<soapenv:Envelope xmlns:soapenv="http://schemas.xmlsoap.org/soap/envelope/" xmlns:v1="http://fidus.brussels/service/realestateservice/messages/v1" xmlns:v11="http://fidus.brussels/type/common/messages/v1" xmlns:dir="http://www.minfin.fgov.be/schemas/esb/consultimmotx/direct" xmlns:ns="http://www.minfin.fgov.be/schemas/esb/canonical/base/1">
   <soapenv:Header/>
   <soapenv:Body>
      <v1:findPropertiesTxByCriteriaRequest>
         <v1:messageContext>
            <v11:messageId>${=import static java.util.UUID.randomUUID; uuid = randomUUID() as String}</v11:messageId>
            <v11:timestamp>${=new java.text.SimpleDateFormat("yyyy-MM-dd'T'HH:mm:ss.SSS").format(new Date())}</v11:timestamp>
         </v1:messageContext>
         <v1:legalContext>ServiceIntegrator</v1:legalContext>
         <v1:request>
	       <dir:province>40000</dir:province>
	       <dir:adminCommune>42008</dir:adminCommune>
	       <dir:typeInscription>82</dir:typeInscription>
	       <dir:deedDate>
	          <ns:start>2010-01-01</ns:start>
	          <ns:end>2010-04-30</ns:end>
	       </dir:deedDate>
	       <dir:natureCode>220</dir:natureCode>
	       <dir:natureCodeDeed>32</dir:natureCodeDeed>
         </v1:request>
      </v1:findPropertiesTxByCriteriaRequest>
   </soapenv:Body>
</soapenv:Envelope>]]></con:request><con:assertion type="SOAP Fault Assertion" id="96fbd237-d21d-4686-a4d4-12b3b5a7f8e9" name="Not SOAP Fault"/><con:assertion type="SOAP Response" id="eb0d09d1-817b-4ad3-80ea-f9b6ac001da3" name="SOAP Response"/><con:assertion type="Schema Compliance" id="784f895d-556c-4a16-b1d2-cd21bcfc1841" name="Schema Compliance"><con:configuration/></con:assertion><con:wsaConfig action="http://fidus.brussels/services/realestateservice/findPropertiesTxByCriteria"/></con:request></con:config></con:testStep><con:properties/></con:testCase><con:testCase id="724865f2-2c00-47ee-a29a-f93e0ddccd15" failOnError="true" failTestCaseOnErrors="true" keepSession="false" maxResults="0" name="findCommunitiesBySearchToken" searchProperties="true"><con:settings/><con:testStep type="request" id="d1e872e1-458b-4646-8ea4-8291bf9da7ea" name="testcase3 - Test - External - Request"><con:settings/><con:config xsi:type="con:RequestStep" xmlns:xsi="http://www.w3.org/2001/XMLSchema-instance"><con:interface>RealEstateServiceHTTPBinding</con:interface><con:operation>findCommunitiesBySearchToken</con:operation><con:request name="testcase3 - Test - External - Request" id="a9145a0f-d43f-48b5-8d05-89d6862a6caa" outgoingWss="Outflow TEST"><con:settings/><con:encoding>UTF-8</con:encoding><con:endpoint>https://fidus-test.irisnetlab.be/services/RealEstateService_v1.1</con:endpoint><con:request><![CDATA[<soapenv:Envelope xmlns:soapenv="http://schemas.xmlsoap.org/soap/envelope/" xmlns:v1="http://fidus.brussels/service/realestateservice/messages/v1" xmlns:v11="http://fidus.brussels/type/common/messages/v1">
   <soapenv:Header/>
   <soapenv:Body>
      <v1:findCommunitiesBySearchTokenRequest>
         <v1:messageContext>
            <v11:messageId>${=import static java.util.UUID.randomUUID; uuid = randomUUID() as String}</v11:messageId>
            <v11:timestamp>${=new java.text.SimpleDateFormat("yyyy-MM-dd'T'HH:mm:ss.SSS").format(new Date())}</v11:timestamp>
         </v1:messageContext>
         <v1:legalContext>ServiceIntegrator</v1:legalContext>
         <v1:request>
            <language>F</language>
            <searchToken>WOLU</searchToken>
         </v1:request>
      </v1:findCommunitiesBySearchTokenRequest>
   </soapenv:Body>
</soapenv:Envelope>]]></con:request><con:assertion type="SOAP Fault Assertion" id="96b38ebc-306b-439a-9870-ec960b241aea" name="Not SOAP Fault"/><con:assertion type="SOAP Response" id="ad35b26f-5292-49b4-8fc0-f14de068c53e" name="SOAP Response"/><con:assertion type="Schema Compliance" id="82b19cfc-2e14-4991-9868-aecbe5df9af4" name="Schema Compliance"><con:configuration/></con:assertion><con:wsaConfig action="http://fidus.brussels/services/realestateservice/findCommunitiesBySearchToken"/></con:request></con:config></con:testStep><con:testStep type="request" id="707a79bc-8b42-4228-abea-0016513681d2" name="testcase3 - Test - LB - Request"><con:settings/><con:config xsi:type="con:RequestStep" xmlns:xsi="http://www.w3.org/2001/XMLSchema-instance"><con:interface>RealEstateServiceHTTPBinding</con:interface><con:operation>findCommunitiesBySearchToken</con:operation><con:request name="testcase3 - Test - LB - Request" id="bbdb61fe-c9f0-4448-8945-28a22e7e39e0" outgoingWss="Outflow TEST"><con:settings/><con:encoding>UTF-8</con:encoding><con:endpoint>https://esb-security-gw.sta.srv.cirb.lan:8443/services/RealEstateService_v1.1</con:endpoint><con:request><![CDATA[<soapenv:Envelope xmlns:soapenv="http://schemas.xmlsoap.org/soap/envelope/" xmlns:v1="http://fidus.brussels/service/realestateservice/messages/v1" xmlns:v11="http://fidus.brussels/type/common/messages/v1">
   <soapenv:Header/>
   <soapenv:Body>
      <v1:findCommunitiesBySearchTokenRequest>
         <v1:messageContext>
            <v11:messageId>${=import static java.util.UUID.randomUUID; uuid = randomUUID() as String}</v11:messageId>
            <v11:timestamp>${=new java.text.SimpleDateFormat("yyyy-MM-dd'T'HH:mm:ss.SSS").format(new Date())}</v11:timestamp>
         </v1:messageContext>
         <v1:legalContext>ServiceIntegrator</v1:legalContext>
         <v1:request>
            <language>F</language>
            <searchToken>WOLU</searchToken>
         </v1:request>
      </v1:findCommunitiesBySearchTokenRequest>
   </soapenv:Body>
</soapenv:Envelope>]]></con:request><con:assertion type="SOAP Fault Assertion" id="e1050d3b-ba2e-43a5-b3a2-40c174989278" name="Not SOAP Fault"/><con:assertion type="SOAP Response" id="261f820c-b319-4fde-b4c1-0f771ac7c529" name="SOAP Response"/><con:assertion type="Schema Compliance" id="b5ea915e-7571-48d8-adc9-ce3ae8656b80" name="Schema Compliance"><con:configuration/></con:assertion><con:wsaConfig action="http://fidus.brussels/services/realestateservice/findCommunitiesBySearchToken"/></con:request></con:config></con:testStep><con:testStep type="request" id="8fde6b33-2149-448a-84f0-3737635f6ae3" name="testcase3 - Test - Worker1 - Request"><con:settings/><con:config xsi:type="con:RequestStep" xmlns:xsi="http://www.w3.org/2001/XMLSchema-instance"><con:interface>RealEstateServiceHTTPBinding</con:interface><con:operation>findCommunitiesBySearchToken</con:operation><con:request name="testcase3 - Test - Worker1 - Request" id="80be6775-f483-43ac-be96-f552b2623cb2" outgoingWss="Outflow TEST"><con:settings/><con:encoding>UTF-8</con:encoding><con:endpoint>https://192.168.22.53:8443/services/RealEstateService_v1.1</con:endpoint><con:request><![CDATA[<soapenv:Envelope xmlns:soapenv="http://schemas.xmlsoap.org/soap/envelope/" xmlns:v1="http://fidus.brussels/service/realestateservice/messages/v1" xmlns:v11="http://fidus.brussels/type/common/messages/v1">
   <soapenv:Header/>
   <soapenv:Body>
      <v1:findCommunitiesBySearchTokenRequest>
         <v1:messageContext>
            <v11:messageId>${=import static java.util.UUID.randomUUID; uuid = randomUUID() as String}</v11:messageId>
            <v11:timestamp>${=new java.text.SimpleDateFormat("yyyy-MM-dd'T'HH:mm:ss.SSS").format(new Date())}</v11:timestamp>
         </v1:messageContext>
         <v1:legalContext>ServiceIntegrator</v1:legalContext>
         <v1:request>
            <language>F</language>
            <searchToken>WOLU</searchToken>
         </v1:request>
      </v1:findCommunitiesBySearchTokenRequest>
   </soapenv:Body>
</soapenv:Envelope>]]></con:request><con:assertion type="SOAP Fault Assertion" id="8f0f7c13-e4d9-4358-9e93-6e88fe501af1" name="Not SOAP Fault"/><con:assertion type="SOAP Response" id="21b293d7-adf4-487a-b77d-f31b83ef1781" name="SOAP Response"/><con:assertion type="Schema Compliance" id="0cb280d1-2666-4451-88eb-702c8ae563dd" name="Schema Compliance"><con:configuration/></con:assertion><con:wsaConfig action="http://fidus.brussels/services/realestateservice/findCommunitiesBySearchToken"/></con:request></con:config></con:testStep><con:testStep type="request" id="69c92b5f-9416-44ab-882c-386f57e6f9f8" name="testcase3 - Test - Worker2 - Request"><con:settings/><con:config xsi:type="con:RequestStep" xmlns:xsi="http://www.w3.org/2001/XMLSchema-instance"><con:interface>RealEstateServiceHTTPBinding</con:interface><con:operation>findCommunitiesBySearchToken</con:operation><con:request name="testcase3 - Test - Worker2 - Request" id="8ff75bb3-f11c-42a3-80d3-dca4ba6a2902" outgoingWss="Outflow TEST"><con:settings/><con:encoding>UTF-8</con:encoding><con:endpoint>https://192.168.22.54:8443/services/RealEstateService_v1.1</con:endpoint><con:request><![CDATA[<soapenv:Envelope xmlns:soapenv="http://schemas.xmlsoap.org/soap/envelope/" xmlns:v1="http://fidus.brussels/service/realestateservice/messages/v1" xmlns:v11="http://fidus.brussels/type/common/messages/v1">
   <soapenv:Header/>
   <soapenv:Body>
      <v1:findCommunitiesBySearchTokenRequest>
         <v1:messageContext>
            <v11:messageId>${=import static java.util.UUID.randomUUID; uuid = randomUUID() as String}</v11:messageId>
            <v11:timestamp>${=new java.text.SimpleDateFormat("yyyy-MM-dd'T'HH:mm:ss.SSS").format(new Date())}</v11:timestamp>
         </v1:messageContext>
         <v1:legalContext>ServiceIntegrator</v1:legalContext>
         <v1:request>
            <language>F</language>
            <searchToken>WOLU</searchToken>
         </v1:request>
      </v1:findCommunitiesBySearchTokenRequest>
   </soapenv:Body>
</soapenv:Envelope>]]></con:request><con:assertion type="SOAP Fault Assertion" id="eb3a8100-ec4e-4668-9939-6cd36f58e979" name="Not SOAP Fault"/><con:assertion type="SOAP Response" id="d62a8c75-e945-4483-aa17-6e2234db738a" name="SOAP Response"/><con:assertion type="Schema Compliance" id="85efcd5b-5660-4f25-928f-9ae944d997e6" name="Schema Compliance"><con:configuration/></con:assertion><con:wsaConfig action="http://fidus.brussels/services/realestateservice/findCommunitiesBySearchToken"/></con:request></con:config></con:testStep><con:properties/></con:testCase><con:testCase id="159dcf2e-cdc9-44b5-abb0-a186cd8b7ba0" failOnError="true" failTestCaseOnErrors="true" keepSession="false" maxResults="0" name="findStreetsBySearchToken" searchProperties="true"><con:settings/><con:testStep type="request" id="f26e62b8-27c0-4f0f-9a6b-c4fc808a4a69" name="testcase3 - Test - External - Request"><con:settings/><con:config xsi:type="con:RequestStep" xmlns:xsi="http://www.w3.org/2001/XMLSchema-instance"><con:interface>RealEstateServiceHTTPBinding</con:interface><con:operation>findStreetsBySearchToken</con:operation><con:request name="testcase3 - Test - External - Request" id="37efb084-05d0-42fa-b1f9-a6451964bea0" outgoingWss="Outflow TEST"><con:settings/><con:encoding>UTF-8</con:encoding><con:endpoint>https://fidus-test.irisnetlab.be/services/RealEstateService_v1.1</con:endpoint><con:request><![CDATA[<soapenv:Envelope xmlns:soapenv="http://schemas.xmlsoap.org/soap/envelope/" xmlns:v1="http://fidus.brussels/service/realestateservice/messages/v1" xmlns:v11="http://fidus.brussels/type/common/messages/v1">
   <soapenv:Header/>
   <soapenv:Body>
      <v1:findStreetsBySearchTokenRequest>
         <v1:messageContext>
            <v11:messageId>${=import static java.util.UUID.randomUUID; uuid = randomUUID() as String}</v11:messageId>
            <v11:timestamp>${=new java.text.SimpleDateFormat("yyyy-MM-dd'T'HH:mm:ss.SSS").format(new Date())}</v11:timestamp>
         </v1:messageContext>
         <v1:legalContext>ServiceIntegrator</v1:legalContext>
         <v1:request>
            <language>F</language>
            <searchToken>CUY</searchToken>
            <codeNisComId>21018</codeNisComId>
         </v1:request>
      </v1:findStreetsBySearchTokenRequest>
   </soapenv:Body>
</soapenv:Envelope>]]></con:request><con:assertion type="SOAP Fault Assertion" id="63d3bda8-4d39-4035-bbc9-856bb74bd796" name="Not SOAP Fault"/><con:assertion type="SOAP Response" id="bd3ef577-9586-471e-b0de-69e42ec70e71" name="SOAP Response"/><con:assertion type="Schema Compliance" id="467cbb02-e214-4dcd-8ec4-445dccf4c898" name="Schema Compliance"><con:configuration/></con:assertion><con:wsaConfig action="http://fidus.brussels/services/realestateservice/findStreetsBySearchToken"/></con:request></con:config></con:testStep><con:properties/></con:testCase><con:testCase id="614b410f-625e-4efc-bbb1-42661714065f" failOnError="true" failTestCaseOnErrors="true" keepSession="false" maxResults="0" name="getListForAddress" searchProperties="true"><con:settings/><con:testStep type="request" id="763ea025-4cc6-4168-a392-3f50286861c4" name="testcase3 - Test - External - Request"><con:settings/><con:config xsi:type="con:RequestStep" xmlns:xsi="http://www.w3.org/2001/XMLSchema-instance"><con:interface>RealEstateServiceHTTPBinding</con:interface><con:operation>getListForAddress</con:operation><con:request name="testcase3 - Test - External - Request" id="09d760d4-24ce-4070-9392-23bc935d3c65" outgoingWss="Outflow TEST"><con:settings/><con:encoding>UTF-8</con:encoding><con:endpoint>https://fidus-test.irisnetlab.be/services/RealEstateService_v1.1</con:endpoint><con:request><![CDATA[<soapenv:Envelope xmlns:soapenv="http://schemas.xmlsoap.org/soap/envelope/" xmlns:v1="http://fidus.brussels/service/realestateservice/messages/v1" xmlns:v11="http://fidus.brussels/type/common/messages/v1">
   <soapenv:Header/>
   <soapenv:Body>
      <v1:getListForAddressRequest>
         <v1:messageContext>
            <v11:messageId>${=import static java.util.UUID.randomUUID; uuid = randomUUID() as String}</v11:messageId>
            <v11:timestamp>${=new java.text.SimpleDateFormat("yyyy-MM-dd'T'HH:mm:ss.SSS").format(new Date())}</v11:timestamp>
         </v1:messageContext>
         <v1:legalContext>ServiceIntegrator</v1:legalContext>
         <v1:request>
        <codeNISCommunity>21018</codeNISCommunity>
            <codeNSRStreet>00680</codeNSRStreet>
            <language>F</language>
            <!--Optional:-->
            <number>1</number>
            <maxResult>10</maxResult>
            <active>true</active>
         </v1:request>
      </v1:getListForAddressRequest>
   </soapenv:Body>
</soapenv:Envelope>]]></con:request><con:assertion type="SOAP Fault Assertion" id="a6f6cff7-0304-4fcf-b740-dcf217e3a027" name="Not SOAP Fault"/><con:assertion type="SOAP Response" id="a2ee5e30-43f2-4cde-9033-a7d8b5975c11" name="SOAP Response"/><con:assertion type="Schema Compliance" id="117354b1-cbd4-434f-8e9c-8c1175dcc7ac" name="Schema Compliance"><con:configuration/></con:assertion><con:wsaConfig action="http://fidus.brussels/services/realestateservice/getListForAddress"/></con:request></con:config></con:testStep><con:properties/></con:testCase><con:testCase id="7e732f99-f112-4896-b160-067388a33b15" failOnError="true" failTestCaseOnErrors="true" keepSession="false" maxResults="0" name="findPropertyByParcelId" searchProperties="true"><con:settings/><con:testStep type="request" id="d51d8464-d885-4451-a9a8-046828a94029" name="testcase3 - Test - External - Request"><con:settings/><con:config xsi:type="con:RequestStep" xmlns:xsi="http://www.w3.org/2001/XMLSchema-instance"><con:interface>RealEstateServiceHTTPBinding</con:interface><con:operation>findPropertyByParcelId</con:operation><con:request name="testcase3 - Test - External - Request" id="a95b9c3e-8e8c-4f4e-ab38-bfd13f8903e0" outgoingWss="Outflow TEST"><con:settings/><con:encoding>UTF-8</con:encoding><con:endpoint>https://fidus-test.irisnetlab.be/services/RealEstateService_v1.1</con:endpoint><con:request><![CDATA[<soapenv:Envelope xmlns:soapenv="http://schemas.xmlsoap.org/soap/envelope/" xmlns:v1="http://fidus.brussels/service/realestateservice/messages/v1" xmlns:v11="http://fidus.brussels/type/common/messages/v1">
   <soapenv:Header/>
   <soapenv:Body>
      <v1:findPropertyByParcelIdRequest>
         <v1:messageContext>
            <v11:messageId>${=import static java.util.UUID.randomUUID; uuid = randomUUID() as String}</v11:messageId>
            <v11:timestamp>${=new java.text.SimpleDateFormat("yyyy-MM-dd'T'HH:mm:ss.SSS").format(new Date())}</v11:timestamp>
         </v1:messageContext>
         <v1:legalContext>ServiceIntegrator</v1:legalContext>
         <v1:request>
            <language>n</language>
            <history>false</history>
            <!--Optional:-->
            <showAddress>false</showAddress>
            <maxResult>10</maxResult>
            <cadastralDivision>31016</cadastralDivision>
            <section>B</section>
            <primaryNumber>148</primaryNumber>
            <!--Optional:-->
            <exponentNumber>5</exponentNumber>
            <!--Optional:-->
            <exponentLetter>B</exponentLetter>
            <partNumber>P0000</partNumber>
         </v1:request>
      </v1:findPropertyByParcelIdRequest>
   </soapenv:Body>
</soapenv:Envelope>]]></con:request><con:assertion type="SOAP Fault Assertion" id="970ff5fa-74d4-43be-ac85-c484aa71a872" name="Not SOAP Fault"/><con:assertion type="SOAP Response" id="fcb909c5-7a88-4eae-a188-c1959025b79e" name="SOAP Response"/><con:assertion type="Schema Compliance" id="bdf4c3a7-6c31-47cc-b9db-c76154dffd35" name="Schema Compliance"><con:configuration/></con:assertion><con:wsaConfig action="http://fidus.brussels/services/realestateservice/findPropertyByParcelId"/></con:request></con:config></con:testStep><con:properties/></con:testCase><con:properties/></con:testSuite><con:testSuite id="9153b452-41ad-465c-a0fe-c3c4fa8e56e8" name="STAG"><con:settings/><con:runType>SEQUENTIAL</con:runType><con:testCase id="440b6b01-29e0-4070-8c80-8984f78b412a" failOnError="true" failTestCaseOnErrors="true" keepSession="false" maxResults="0" name="findPropertiesTxByCriteria" searchProperties="true"><con:settings/><con:testStep type="request" id="1f3de878-b987-4f94-b7c4-ca48caf7c1b5" name="testcase4 - Staging - External - Request"><con:settings/><con:config xsi:type="con:RequestStep" xmlns:xsi="http://www.w3.org/2001/XMLSchema-instance"><con:interface>RealEstateServiceHTTPBinding</con:interface><con:operation>findPropertiesTxByCriteria</con:operation><con:request name="testcase4 - Staging - External - Request" id="bc872e20-70e3-4f79-90d7-72251aee1c46" outgoingWss="Outflow STAG"><con:settings/><con:encoding>UTF-8</con:encoding><con:endpoint>https://fidus.irisnetlab.be/services/RealEstateService_v1.1</con:endpoint><con:request><![CDATA[<soapenv:Envelope xmlns:soapenv="http://schemas.xmlsoap.org/soap/envelope/" xmlns:v1="http://fidus.brussels/service/realestateservice/messages/v1" xmlns:v11="http://fidus.brussels/type/common/messages/v1" xmlns:dir="http://www.minfin.fgov.be/schemas/esb/consultimmotx/direct" xmlns:ns="http://www.minfin.fgov.be/schemas/esb/canonical/base/1">
   <soapenv:Header/>
   <soapenv:Body>
      <v1:findPropertiesTxByCriteriaRequest>
         <v1:messageContext>
            <v11:messageId>${=import static java.util.UUID.randomUUID; uuid = randomUUID() as String}</v11:messageId>
            <v11:timestamp>${=new java.text.SimpleDateFormat("yyyy-MM-dd'T'HH:mm:ss.SSS").format(new Date())}</v11:timestamp>
         </v1:messageContext>
         <v1:legalContext>ServiceIntegrator</v1:legalContext>
         <v1:request>
	       <dir:province>40000</dir:province>
	       <dir:adminCommune>42008</dir:adminCommune>
	       <dir:typeInscription>82</dir:typeInscription>
	       <dir:deedDate>
	          <ns:start>2010-01-01</ns:start>
	          <ns:end>2010-04-30</ns:end>
	       </dir:deedDate>
	       <dir:natureCode>220</dir:natureCode>
	       <dir:natureCodeDeed>32</dir:natureCodeDeed>
         </v1:request>
      </v1:findPropertiesTxByCriteriaRequest>
   </soapenv:Body>
</soapenv:Envelope>]]></con:request><con:assertion type="SOAP Fault Assertion" id="2cd0d5ce-fd47-4b03-9d32-77df65decc4a" name="Not SOAP Fault"/><con:assertion type="SOAP Response" id="38f095df-84a2-479f-8a28-5f5bda612065" name="SOAP Response"/><con:assertion type="Schema Compliance" id="0c3e1a76-29a1-4afc-93c3-ed011cf529a0" name="Schema Compliance"><con:configuration/></con:assertion><con:wsaConfig action="http://fidus.brussels/services/realestateservice/findPropertiesTxByCriteria"/></con:request></con:config></con:testStep><con:testStep type="request" id="8cc3b245-367e-4124-bacf-71e1e79579b7" name="testcase4 - Staging - LB - Request"><con:settings/><con:config xsi:type="con:RequestStep" xmlns:xsi="http://www.w3.org/2001/XMLSchema-instance"><con:interface>RealEstateServiceHTTPBinding</con:interface><con:operation>findPropertiesTxByCriteria</con:operation><con:request name="testcase4 - Staging - LB - Request" id="c722afab-e9cd-4927-ae1c-dcfef3d7696b" outgoingWss="Outflow STAG"><con:settings/><con:encoding>UTF-8</con:encoding><con:endpoint>https://fidus-esb-sg.sta.srv.cirb.lan:8443/services/RealEstateService_v1.1</con:endpoint><con:request><![CDATA[<soapenv:Envelope xmlns:soapenv="http://schemas.xmlsoap.org/soap/envelope/" xmlns:v1="http://fidus.brussels/service/realestateservice/messages/v1" xmlns:v11="http://fidus.brussels/type/common/messages/v1" xmlns:dir="http://www.minfin.fgov.be/schemas/esb/consultimmotx/direct" xmlns:ns="http://www.minfin.fgov.be/schemas/esb/canonical/base/1">
   <soapenv:Header/>
   <soapenv:Body>
      <v1:findPropertiesTxByCriteriaRequest>
         <v1:messageContext>
            <v11:messageId>${=import static java.util.UUID.randomUUID; uuid = randomUUID() as String}</v11:messageId>
            <v11:timestamp>${=new java.text.SimpleDateFormat("yyyy-MM-dd'T'HH:mm:ss.SSS").format(new Date())}</v11:timestamp>
         </v1:messageContext>
         <v1:legalContext>ServiceIntegrator</v1:legalContext>
         <v1:request>
	       <dir:province>40000</dir:province>
	       <dir:adminCommune>42008</dir:adminCommune>
	       <dir:typeInscription>82</dir:typeInscription>
	       <dir:deedDate>
	          <ns:start>2010-01-01</ns:start>
	          <ns:end>2010-04-30</ns:end>
	       </dir:deedDate>
	       <dir:natureCode>220</dir:natureCode>
	       <dir:natureCodeDeed>32</dir:natureCodeDeed>
         </v1:request>
      </v1:findPropertiesTxByCriteriaRequest>
   </soapenv:Body>
</soapenv:Envelope>]]></con:request><con:assertion type="SOAP Fault Assertion" id="597e1e12-af6a-4fd5-994d-497a50b0fc8e" name="Not SOAP Fault"/><con:assertion type="SOAP Response" id="86fc6a25-de36-44a0-b008-f3aa25e3c7d0" name="SOAP Response"/><con:assertion type="Schema Compliance" id="8b779f83-8d09-46e1-a971-4fbaffdcdf2b" name="Schema Compliance"><con:configuration/></con:assertion><con:wsaConfig action="http://fidus.brussels/services/realestateservice/findPropertiesTxByCriteria"/></con:request></con:config></con:testStep><con:testStep type="request" id="59e4b925-180b-4cf6-85ef-f27abbc1212b" name="testcase4 - Staging - Worker1 - Request"><con:settings/><con:config xsi:type="con:RequestStep" xmlns:xsi="http://www.w3.org/2001/XMLSchema-instance"><con:interface>RealEstateServiceHTTPBinding</con:interface><con:operation>findPropertiesTxByCriteria</con:operation><con:request name="testcase4 - Staging - Worker1 - Request" id="7f35edb6-7b7c-4f88-904b-dc60000b0850" outgoingWss="Outflow STAG"><con:settings/><con:encoding>UTF-8</con:encoding><con:endpoint>https://192.168.24.16:8443/services/RealEstateService_v1.1</con:endpoint><con:request><![CDATA[<soapenv:Envelope xmlns:soapenv="http://schemas.xmlsoap.org/soap/envelope/" xmlns:v1="http://fidus.brussels/service/realestateservice/messages/v1" xmlns:v11="http://fidus.brussels/type/common/messages/v1" xmlns:dir="http://www.minfin.fgov.be/schemas/esb/consultimmotx/direct" xmlns:ns="http://www.minfin.fgov.be/schemas/esb/canonical/base/1">
   <soapenv:Header/>
   <soapenv:Body>
      <v1:findPropertiesTxByCriteriaRequest>
         <v1:messageContext>
            <v11:messageId>${=import static java.util.UUID.randomUUID; uuid = randomUUID() as String}</v11:messageId>
            <v11:timestamp>${=new java.text.SimpleDateFormat("yyyy-MM-dd'T'HH:mm:ss.SSS").format(new Date())}</v11:timestamp>
         </v1:messageContext>
         <v1:legalContext>ServiceIntegrator</v1:legalContext>
         <v1:request>
	       <dir:province>40000</dir:province>
	       <dir:adminCommune>42008</dir:adminCommune>
	       <dir:typeInscription>82</dir:typeInscription>
	       <dir:deedDate>
	          <ns:start>2010-01-01</ns:start>
	          <ns:end>2010-04-30</ns:end>
	       </dir:deedDate>
	       <dir:natureCode>220</dir:natureCode>
	       <dir:natureCodeDeed>32</dir:natureCodeDeed>
         </v1:request>
      </v1:findPropertiesTxByCriteriaRequest>
   </soapenv:Body>
</soapenv:Envelope>]]></con:request><con:assertion type="SOAP Fault Assertion" id="9b72f1dc-53a3-4f0b-9977-7d0011a404e1" name="Not SOAP Fault"/><con:assertion type="SOAP Response" id="d8954ae5-9663-451b-9aa5-8b2dad96c449" name="SOAP Response"/><con:assertion type="Schema Compliance" id="d32d1e3f-4287-494c-a606-d4c6bd9bafda" name="Schema Compliance"><con:configuration/></con:assertion><con:wsaConfig action="http://fidus.brussels/services/realestateservice/findPropertiesTxByCriteria"/></con:request></con:config></con:testStep><con:testStep type="request" id="5729ba3d-03f3-4388-afea-ba601dec46be" name="testcase4 - Staging - Worker2 - Request"><con:settings/><con:config xsi:type="con:RequestStep" xmlns:xsi="http://www.w3.org/2001/XMLSchema-instance"><con:interface>RealEstateServiceHTTPBinding</con:interface><con:operation>findPropertiesTxByCriteria</con:operation><con:request name="testcase4 - Staging - Worker2 - Request" id="b73d91fd-70f3-4678-ad88-2c37b6bb6f49" outgoingWss="Outflow STAG"><con:settings/><con:encoding>UTF-8</con:encoding><con:endpoint>https://192.168.24.17:8443/services/RealEstateService_v1.1</con:endpoint><con:request><![CDATA[<soapenv:Envelope xmlns:soapenv="http://schemas.xmlsoap.org/soap/envelope/" xmlns:v1="http://fidus.brussels/service/realestateservice/messages/v1" xmlns:v11="http://fidus.brussels/type/common/messages/v1" xmlns:dir="http://www.minfin.fgov.be/schemas/esb/consultimmotx/direct" xmlns:ns="http://www.minfin.fgov.be/schemas/esb/canonical/base/1">
   <soapenv:Header/>
   <soapenv:Body>
      <v1:findPropertiesTxByCriteriaRequest>
         <v1:messageContext>
            <v11:messageId>${=import static java.util.UUID.randomUUID; uuid = randomUUID() as String}</v11:messageId>
            <v11:timestamp>${=new java.text.SimpleDateFormat("yyyy-MM-dd'T'HH:mm:ss.SSS").format(new Date())}</v11:timestamp>
         </v1:messageContext>
         <v1:legalContext>ServiceIntegrator</v1:legalContext>
         <v1:request>
	       <dir:province>40000</dir:province>
	       <dir:adminCommune>42008</dir:adminCommune>
	       <dir:typeInscription>82</dir:typeInscription>
	       <dir:deedDate>
	          <ns:start>2010-01-01</ns:start>
	          <ns:end>2010-04-30</ns:end>
	       </dir:deedDate>
	       <dir:natureCode>220</dir:natureCode>
	       <dir:natureCodeDeed>32</dir:natureCodeDeed>
         </v1:request>
      </v1:findPropertiesTxByCriteriaRequest>
   </soapenv:Body>
</soapenv:Envelope>]]></con:request><con:assertion type="SOAP Fault Assertion" id="4509ceb8-3785-415d-bbfe-054bae4c0c84" name="Not SOAP Fault"/><con:assertion type="SOAP Response" id="41da454c-acd7-4e7e-aa91-fdc975408744" name="SOAP Response"/><con:assertion type="Schema Compliance" id="469f2a9d-aefc-4c7f-9109-b82eaf19a6b1" name="Schema Compliance"><con:configuration/></con:assertion><con:wsaConfig action="http://fidus.brussels/services/realestateservice/findPropertiesTxByCriteria"/></con:request></con:config></con:testStep><con:properties/></con:testCase><con:testCase id="eac96642-d019-4274-8592-ce9c695fb1f6" failOnError="true" failTestCaseOnErrors="true" keepSession="false" maxResults="0" name="findCommunitiesBySearchToken" searchProperties="true"><con:settings/><con:testStep type="request" id="21352e72-ee84-4c8d-ac13-217609b224b1" name="testcase4 - Staging - External - Request"><con:settings/><con:config xsi:type="con:RequestStep" xmlns:xsi="http://www.w3.org/2001/XMLSchema-instance"><con:interface>RealEstateServiceHTTPBinding</con:interface><con:operation>findCommunitiesBySearchToken</con:operation><con:request name="testcase4 - Staging - External - Request" id="277d2aea-a0af-42a4-85d5-2dd7ca22bb78" outgoingWss="Outflow STAG"><con:settings/><con:encoding>UTF-8</con:encoding><con:endpoint>https://fidus.irisnetlab.be/services/RealEstateService_v1.1</con:endpoint><con:request><![CDATA[<soapenv:Envelope xmlns:soapenv="http://schemas.xmlsoap.org/soap/envelope/" xmlns:v1="http://fidus.brussels/service/realestateservice/messages/v1" xmlns:v11="http://fidus.brussels/type/common/messages/v1">
   <soapenv:Header/>
   <soapenv:Body>
      <v1:findCommunitiesBySearchTokenRequest>
         <v1:messageContext>
            <v11:messageId>${=import static java.util.UUID.randomUUID; uuid = randomUUID() as String}</v11:messageId>
            <v11:timestamp>${=new java.text.SimpleDateFormat("yyyy-MM-dd'T'HH:mm:ss.SSS").format(new Date())}</v11:timestamp>
         </v1:messageContext>
         <v1:legalContext>ServiceIntegrator</v1:legalContext>
         <v1:request>
            <language>F</language>
            <searchToken>WOLU</searchToken>
         </v1:request>
      </v1:findCommunitiesBySearchTokenRequest>
   </soapenv:Body>
</soapenv:Envelope>]]></con:request><con:assertion type="SOAP Fault Assertion" id="ca2daaff-ee28-41e1-94c6-3156132cdec3" name="Not SOAP Fault"/><con:assertion type="SOAP Response" id="ea65a449-3e35-4181-bb7a-5e26cf4fe488" name="SOAP Response"/><con:assertion type="Schema Compliance" id="ad18d28e-fc7f-4658-acbd-87fa21699d8e" name="Schema Compliance"><con:configuration/></con:assertion><con:wsaConfig action="http://fidus.brussels/services/realestateservice/findCommunitiesBySearchToken"/></con:request></con:config></con:testStep><con:properties/></con:testCase><con:testCase id="7aaac7ba-1d34-4179-8402-52468ff68fbc" failOnError="true" failTestCaseOnErrors="true" keepSession="false" maxResults="0" name="findStreetsBySearchToken" searchProperties="true"><con:settings/><con:testStep type="request" id="2992781e-a1ee-4464-a9e0-c7cd43d5e66a" name="testcase4 - Staging - External - Request"><con:settings/><con:config xsi:type="con:RequestStep" xmlns:xsi="http://www.w3.org/2001/XMLSchema-instance"><con:interface>RealEstateServiceHTTPBinding</con:interface><con:operation>findStreetsBySearchToken</con:operation><con:request name="testcase4 - Staging - External - Request" id="849d1808-2229-449d-8a3f-9bf661b2bc3a" outgoingWss="Outflow STAG"><con:settings/><con:encoding>UTF-8</con:encoding><con:endpoint>https://fidus.irisnetlab.be/services/RealEstateService_v1.1</con:endpoint><con:request><![CDATA[<soapenv:Envelope xmlns:soapenv="http://schemas.xmlsoap.org/soap/envelope/" xmlns:v1="http://fidus.brussels/service/realestateservice/messages/v1" xmlns:v11="http://fidus.brussels/type/common/messages/v1">
   <soapenv:Header/>
   <soapenv:Body>
      <v1:findStreetsBySearchTokenRequest>
         <v1:messageContext>
            <v11:messageId>${=import static java.util.UUID.randomUUID; uuid = randomUUID() as String}</v11:messageId>
            <v11:timestamp>${=new java.text.SimpleDateFormat("yyyy-MM-dd'T'HH:mm:ss.SSS").format(new Date())}</v11:timestamp>
         </v1:messageContext>
         <v1:legalContext>ServiceIntegrator</v1:legalContext>
         <v1:request>
            <language>F</language>
            <searchToken>CUY</searchToken>
            <codeNisComId>21018</codeNisComId>
         </v1:request>
      </v1:findStreetsBySearchTokenRequest>
   </soapenv:Body>
</soapenv:Envelope>]]></con:request><con:assertion type="SOAP Fault Assertion" id="e8bc481e-aacf-4c0f-ad8a-ea91f6e8dbcc" name="Not SOAP Fault"/><con:assertion type="SOAP Response" id="1c5c4669-2568-47a0-ba4b-f7b42b306f6b" name="SOAP Response"/><con:assertion type="Schema Compliance" id="f5e2614d-e760-4f69-9b32-e3bac38c9aad" name="Schema Compliance"><con:configuration/></con:assertion><con:wsaConfig action="http://fidus.brussels/services/realestateservice/findStreetsBySearchToken"/></con:request></con:config></con:testStep><con:properties/></con:testCase><con:testCase id="fcf1faf4-5d18-4239-b205-4ee837a634da" failOnError="true" failTestCaseOnErrors="true" keepSession="false" maxResults="0" name="getListForAddress" searchProperties="true"><con:settings/><con:testStep type="request" id="2686e0ef-65c4-4731-8dd5-65903f230a89" name="testcase4 - Staging - External - Request"><con:settings/><con:config xsi:type="con:RequestStep" xmlns:xsi="http://www.w3.org/2001/XMLSchema-instance"><con:interface>RealEstateServiceHTTPBinding</con:interface><con:operation>getListForAddress</con:operation><con:request name="testcase4 - Staging - External - Request" id="00e31273-33ad-44ab-a9e3-358a8ca74193" outgoingWss="Outflow STAG"><con:settings/><con:encoding>UTF-8</con:encoding><con:endpoint>https://fidus.irisnetlab.be/services/RealEstateService_v1.1</con:endpoint><con:request><![CDATA[<soapenv:Envelope xmlns:soapenv="http://schemas.xmlsoap.org/soap/envelope/" xmlns:v1="http://fidus.brussels/service/realestateservice/messages/v1" xmlns:v11="http://fidus.brussels/type/common/messages/v1">
   <soapenv:Header/>
   <soapenv:Body>
      <v1:getListForAddressRequest>
         <v1:messageContext>
            <v11:messageId>${=import static java.util.UUID.randomUUID; uuid = randomUUID() as String}</v11:messageId>
            <v11:timestamp>${=new java.text.SimpleDateFormat("yyyy-MM-dd'T'HH:mm:ss.SSS").format(new Date())}</v11:timestamp>
         </v1:messageContext>
         <v1:legalContext>ServiceIntegrator</v1:legalContext>
         <v1:request>
        <codeNISCommunity>21018</codeNISCommunity>
            <codeNSRStreet>00680</codeNSRStreet>
            <language>F</language>
            <!--Optional:-->
            <number>1</number>
            <maxResult>10</maxResult>
            <active>true</active>
         </v1:request>
      </v1:getListForAddressRequest>
   </soapenv:Body>
</soapenv:Envelope>]]></con:request><con:assertion type="SOAP Fault Assertion" id="5f8629d9-5c63-42dd-9ca9-be27df5a46bc" name="Not SOAP Fault"/><con:assertion type="SOAP Response" id="1065935d-9556-4a7e-8a0b-0d80a04f957b" name="SOAP Response"/><con:assertion type="Schema Compliance" id="7b34fcaf-3438-49aa-8265-e80cd4a0cba6" name="Schema Compliance"><con:configuration/></con:assertion><con:wsaConfig action="http://fidus.brussels/services/realestateservice/getListForAddress"/></con:request></con:config></con:testStep><con:properties/></con:testCase><con:testCase id="865f35ef-4866-4e71-80dc-324e1cc927ce" failOnError="true" failTestCaseOnErrors="true" keepSession="false" maxResults="0" name="findPropertyByParcelId" searchProperties="true"><con:settings/><con:testStep type="request" id="b334edfb-ae5c-4085-9bad-21e6ead8b342" name="testcase4 - Staging - External - Request"><con:settings/><con:config xsi:type="con:RequestStep" xmlns:xsi="http://www.w3.org/2001/XMLSchema-instance"><con:interface>RealEstateServiceHTTPBinding</con:interface><con:operation>findPropertyByParcelId</con:operation><con:request name="testcase4 - Staging - External - Request" id="eb60756d-8f2e-4116-9b1c-08c47e675d8c" outgoingWss="Outflow STAG"><con:settings/><con:encoding>UTF-8</con:encoding><con:endpoint>https://fidus.irisnetlab.be/services/RealEstateService_v1.1</con:endpoint><con:request><![CDATA[<soapenv:Envelope xmlns:soapenv="http://schemas.xmlsoap.org/soap/envelope/" xmlns:v1="http://fidus.brussels/service/realestateservice/messages/v1" xmlns:v11="http://fidus.brussels/type/common/messages/v1">
   <soapenv:Header/>
   <soapenv:Body>
      <v1:findPropertyByParcelIdRequest>
         <v1:messageContext>
            <v11:messageId>${=import static java.util.UUID.randomUUID; uuid = randomUUID() as String}</v11:messageId>
            <v11:timestamp>${=new java.text.SimpleDateFormat("yyyy-MM-dd'T'HH:mm:ss.SSS").format(new Date())}</v11:timestamp>
         </v1:messageContext>
         <v1:legalContext>ServiceIntegrator</v1:legalContext>
         <v1:request>
            <language>n</language>
            <history>false</history>
            <!--Optional:-->
            <showAddress>false</showAddress>
            <maxResult>10</maxResult>
            <cadastralDivision>31016</cadastralDivision>
            <section>B</section>
            <primaryNumber>148</primaryNumber>
            <!--Optional:-->
            <exponentNumber>5</exponentNumber>
            <!--Optional:-->
            <exponentLetter>B</exponentLetter>
            <partNumber>P0000</partNumber>
         </v1:request>
      </v1:findPropertyByParcelIdRequest>
   </soapenv:Body>
</soapenv:Envelope>]]></con:request><con:assertion type="SOAP Fault Assertion" id="52c479a4-4df3-4612-85b1-520180c5d219" name="Not SOAP Fault"/><con:assertion type="SOAP Response" id="79de30cd-c468-4d8e-85a7-14434a604c0c" name="SOAP Response"/><con:assertion type="Schema Compliance" id="3d9e45b5-1794-4a18-b956-6b153a5d1bc1" name="Schema Compliance"><con:configuration/></con:assertion><con:wsaConfig action="http://fidus.brussels/services/realestateservice/findPropertyByParcelId"/></con:request></con:config></con:testStep><con:properties/></con:testCase><con:properties/></con:testSuite><con:testSuite id="e53689d3-380c-40e3-86ca-c8ef7dac8e70" name="PROD"><con:settings/><con:runType>SEQUENTIAL</con:runType><con:testCase id="4f52fd94-91b5-49e9-9c38-a7e4cf05b36c" failOnError="true" failTestCaseOnErrors="true" keepSession="false" maxResults="0" name="findPropertiesTxByCriteria" searchProperties="true"><con:settings/><con:testStep type="request" id="ebb71d65-645f-467d-8e6e-eba186ba3e17" name="testcase5 - Prod - External - Request"><con:settings/><con:config xsi:type="con:RequestStep" xmlns:xsi="http://www.w3.org/2001/XMLSchema-instance"><con:interface>RealEstateServiceHTTPBinding</con:interface><con:operation>findPropertiesTxByCriteria</con:operation><con:request name="testcase5 - Prod - External - Request" id="e5e36609-ab2c-454e-8637-e9070e825f6c" outgoingWss="Outflow PROD"><con:settings/><con:encoding>UTF-8</con:encoding><con:endpoint>https://fidus.sec.brussels/services/RealEstateService_v1.1</con:endpoint><con:request><![CDATA[<soapenv:Envelope xmlns:soapenv="http://schemas.xmlsoap.org/soap/envelope/" xmlns:v1="http://fidus.brussels/service/realestateservice/messages/v1" xmlns:v11="http://fidus.brussels/type/common/messages/v1" xmlns:dir="http://www.minfin.fgov.be/schemas/esb/consultimmotx/direct" xmlns:ns="http://www.minfin.fgov.be/schemas/esb/canonical/base/1">
   <soapenv:Header/>
   <soapenv:Body>
      <v1:findPropertiesTxByCriteriaRequest>
         <v1:messageContext>
            <v11:messageId>${=import static java.util.UUID.randomUUID; uuid = randomUUID() as String}</v11:messageId>
            <v11:timestamp>${=new java.text.SimpleDateFormat("yyyy-MM-dd'T'HH:mm:ss.SSS").format(new Date())}</v11:timestamp>
         </v1:messageContext>
         <v1:legalContext>ServiceIntegrator</v1:legalContext>
         <v1:request>
	       <dir:province>40000</dir:province>
	       <dir:adminCommune>42008</dir:adminCommune>
	       <dir:typeInscription>82</dir:typeInscription>
	       <dir:deedDate>
	          <ns:start>2010-01-01</ns:start>
	          <ns:end>2010-04-30</ns:end>
	       </dir:deedDate>
	       <dir:natureCode>220</dir:natureCode>
	       <dir:natureCodeDeed>32</dir:natureCodeDeed>
         </v1:request>
      </v1:findPropertiesTxByCriteriaRequest>
   </soapenv:Body>
</soapenv:Envelope>]]></con:request><con:assertion type="SOAP Fault Assertion" id="b882737f-8973-427b-9ece-0b988601720c" name="Not SOAP Fault"/><con:assertion type="SOAP Response" id="02c48082-725d-499e-b5f9-fa399f2410bc" name="SOAP Response"/><con:assertion type="Schema Compliance" id="38d4a1a7-674f-4944-9bad-b9e0db9cc4c1" name="Schema Compliance"><con:configuration/></con:assertion><con:wsaConfig action="http://fidus.brussels/services/realestateservice/findPropertiesTxByCriteria"/></con:request></con:config></con:testStep><con:testStep type="request" id="bea65c7a-6d90-45e8-ae52-1a140f38af2b" name="testcase5 - Prod - LB - Request"><con:settings/><con:config xsi:type="con:RequestStep" xmlns:xsi="http://www.w3.org/2001/XMLSchema-instance"><con:interface>RealEstateServiceHTTPBinding</con:interface><con:operation>findPropertiesTxByCriteria</con:operation><con:request name="testcase5 - Prod - LB - Request" id="7d3c9a89-e9ca-4723-82a1-31ac843bc3f4" outgoingWss="Outflow PROD"><con:settings/><con:encoding>UTF-8</con:encoding><con:endpoint>https://fidus-esb-sg.prd.srv.cirb.lan:8443/services/RealEstateService_v1.1</con:endpoint><con:request><![CDATA[<soapenv:Envelope xmlns:soapenv="http://schemas.xmlsoap.org/soap/envelope/" xmlns:v1="http://fidus.brussels/service/realestateservice/messages/v1" xmlns:v11="http://fidus.brussels/type/common/messages/v1" xmlns:dir="http://www.minfin.fgov.be/schemas/esb/consultimmotx/direct" xmlns:ns="http://www.minfin.fgov.be/schemas/esb/canonical/base/1">
   <soapenv:Header/>
   <soapenv:Body>
      <v1:findPropertiesTxByCriteriaRequest>
         <v1:messageContext>
            <v11:messageId>${=import static java.util.UUID.randomUUID; uuid = randomUUID() as String}</v11:messageId>
            <v11:timestamp>${=new java.text.SimpleDateFormat("yyyy-MM-dd'T'HH:mm:ss.SSS").format(new Date())}</v11:timestamp>
         </v1:messageContext>
         <v1:legalContext>ServiceIntegrator</v1:legalContext>
         <v1:request>
	       <dir:province>40000</dir:province>
	       <dir:adminCommune>42008</dir:adminCommune>
	       <dir:typeInscription>82</dir:typeInscription>
	       <dir:deedDate>
	          <ns:start>2010-01-01</ns:start>
	          <ns:end>2010-04-30</ns:end>
	       </dir:deedDate>
	       <dir:natureCode>220</dir:natureCode>
	       <dir:natureCodeDeed>32</dir:natureCodeDeed>
         </v1:request>
      </v1:findPropertiesTxByCriteriaRequest>
   </soapenv:Body>
</soapenv:Envelope>]]></con:request><con:assertion type="SOAP Fault Assertion" id="c02b1218-5654-4a26-960b-7fa586493a67" name="Not SOAP Fault"/><con:assertion type="SOAP Response" id="b0437816-d6e5-4dea-9c7b-e3edc1f5a117" name="SOAP Response"/><con:assertion type="Schema Compliance" id="a7820311-ab93-4aeb-bb83-56c8090d9684" name="Schema Compliance"><con:configuration/></con:assertion><con:wsaConfig action="http://fidus.brussels/services/realestateservice/findPropertiesTxByCriteria"/></con:request></con:config></con:testStep><con:testStep type="request" id="6a9de1b6-dd4f-4601-9d40-600a6de0d499" name="testcase5 - Prod - Worker1 - Request"><con:settings/><con:config xsi:type="con:RequestStep" xmlns:xsi="http://www.w3.org/2001/XMLSchema-instance"><con:interface>RealEstateServiceHTTPBinding</con:interface><con:operation>findPropertiesTxByCriteria</con:operation><con:request name="testcase5 - Prod - Worker1 - Request" id="bece6782-c0f7-49a5-a07c-55456cd3e936" outgoingWss="Outflow PROD"><con:settings/><con:encoding>UTF-8</con:encoding><con:endpoint>https://192.168.26.22:8443/services/RealEstateService_v1.1</con:endpoint><con:request><![CDATA[<soapenv:Envelope xmlns:soapenv="http://schemas.xmlsoap.org/soap/envelope/" xmlns:v1="http://fidus.brussels/service/realestateservice/messages/v1" xmlns:v11="http://fidus.brussels/type/common/messages/v1" xmlns:dir="http://www.minfin.fgov.be/schemas/esb/consultimmotx/direct" xmlns:ns="http://www.minfin.fgov.be/schemas/esb/canonical/base/1">
   <soapenv:Header/>
   <soapenv:Body>
      <v1:findPropertiesTxByCriteriaRequest>
         <v1:messageContext>
            <v11:messageId>${=import static java.util.UUID.randomUUID; uuid = randomUUID() as String}</v11:messageId>
            <v11:timestamp>${=new java.text.SimpleDateFormat("yyyy-MM-dd'T'HH:mm:ss.SSS").format(new Date())}</v11:timestamp>
         </v1:messageContext>
         <v1:legalContext>ServiceIntegrator</v1:legalContext>
         <v1:request>
	       <dir:province>40000</dir:province>
	       <dir:adminCommune>42008</dir:adminCommune>
	       <dir:typeInscription>82</dir:typeInscription>
	       <dir:deedDate>
	          <ns:start>2010-01-01</ns:start>
	          <ns:end>2010-04-30</ns:end>
	       </dir:deedDate>
	       <dir:natureCode>220</dir:natureCode>
	       <dir:natureCodeDeed>32</dir:natureCodeDeed>
         </v1:request>
      </v1:findPropertiesTxByCriteriaRequest>
   </soapenv:Body>
</soapenv:Envelope>]]></con:request><con:assertion type="SOAP Fault Assertion" id="0ab62159-3ef1-436e-8ab6-75b3577724ff" name="Not SOAP Fault"/><con:assertion type="SOAP Response" id="87fc3d06-9499-49b6-8416-12d0bc87db72" name="SOAP Response"/><con:assertion type="Schema Compliance" id="9cce2a1a-0d65-47c2-a594-6c5e01d7e4b9" name="Schema Compliance"><con:configuration/></con:assertion><con:wsaConfig action="http://fidus.brussels/services/realestateservice/findPropertiesTxByCriteria"/></con:request></con:config></con:testStep><con:testStep type="request" id="a83cf4e8-6c8a-4ac6-a7ca-7acfb1411729" name="testcase5 - Prod - Worker2 - Request"><con:settings/><con:config xsi:type="con:RequestStep" xmlns:xsi="http://www.w3.org/2001/XMLSchema-instance"><con:interface>RealEstateServiceHTTPBinding</con:interface><con:operation>findPropertiesTxByCriteria</con:operation><con:request name="testcase5 - Prod - Worker2 - Request" id="762a5ba3-9825-4058-8ef2-5b4b8dc78316" outgoingWss="Outflow PROD"><con:settings/><con:encoding>UTF-8</con:encoding><con:endpoint>https://192.168.26.19:8443/services/RealEstateService_v1.1</con:endpoint><con:request><![CDATA[<soapenv:Envelope xmlns:soapenv="http://schemas.xmlsoap.org/soap/envelope/" xmlns:v1="http://fidus.brussels/service/realestateservice/messages/v1" xmlns:v11="http://fidus.brussels/type/common/messages/v1" xmlns:dir="http://www.minfin.fgov.be/schemas/esb/consultimmotx/direct" xmlns:ns="http://www.minfin.fgov.be/schemas/esb/canonical/base/1">
   <soapenv:Header/>
   <soapenv:Body>
      <v1:findPropertiesTxByCriteriaRequest>
         <v1:messageContext>
            <v11:messageId>${=import static java.util.UUID.randomUUID; uuid = randomUUID() as String}</v11:messageId>
            <v11:timestamp>${=new java.text.SimpleDateFormat("yyyy-MM-dd'T'HH:mm:ss.SSS").format(new Date())}</v11:timestamp>
         </v1:messageContext>
         <v1:legalContext>ServiceIntegrator</v1:legalContext>
         <v1:request>
	       <dir:province>40000</dir:province>
	       <dir:adminCommune>42008</dir:adminCommune>
	       <dir:typeInscription>82</dir:typeInscription>
	       <dir:deedDate>
	          <ns:start>2010-01-01</ns:start>
	          <ns:end>2010-04-30</ns:end>
	       </dir:deedDate>
	       <dir:natureCode>220</dir:natureCode>
	       <dir:natureCodeDeed>32</dir:natureCodeDeed>
         </v1:request>
      </v1:findPropertiesTxByCriteriaRequest>
   </soapenv:Body>
</soapenv:Envelope>]]></con:request><con:assertion type="SOAP Fault Assertion" id="441ca2cd-96e0-40d8-a22b-c042c0737304" name="Not SOAP Fault"/><con:assertion type="SOAP Response" id="786de40c-b2ea-4ecd-b66c-a719356cd921" name="SOAP Response"/><con:assertion type="Schema Compliance" id="7a79bc08-6171-4dd0-976e-f54f53b67e60" name="Schema Compliance"><con:configuration/></con:assertion><con:wsaConfig action="http://fidus.brussels/services/realestateservice/findPropertiesTxByCriteria"/></con:request></con:config></con:testStep><con:properties/></con:testCase><con:testCase id="ed883945-bcac-4222-b221-72efdbbde9c4" failOnError="true" failTestCaseOnErrors="true" keepSession="false" maxResults="0" name="findCommunitiesBySearchToken" searchProperties="true"><con:settings/><con:testStep type="request" id="50a933c3-267d-4d4a-8a81-4c1895d44701" name="testcase5 - Prod - External - Request"><con:settings/><con:config xsi:type="con:RequestStep" xmlns:xsi="http://www.w3.org/2001/XMLSchema-instance"><con:interface>RealEstateServiceHTTPBinding</con:interface><con:operation>findCommunitiesBySearchToken</con:operation><con:request name="testcase5 - Prod - External - Request" id="a35c11ed-14be-4842-869a-bd492f78506a" outgoingWss="Outflow PROD"><con:settings/><con:encoding>UTF-8</con:encoding><con:endpoint>https://fidus.sec.brussels/services/RealEstateService_v1.1</con:endpoint><con:request><![CDATA[<soapenv:Envelope xmlns:soapenv="http://schemas.xmlsoap.org/soap/envelope/" xmlns:v1="http://fidus.brussels/service/realestateservice/messages/v1" xmlns:v11="http://fidus.brussels/type/common/messages/v1">
   <soapenv:Header/>
   <soapenv:Body>
      <v1:findCommunitiesBySearchTokenRequest>
         <v1:messageContext>
            <v11:messageId>${=import static java.util.UUID.randomUUID; uuid = randomUUID() as String}</v11:messageId>
            <v11:timestamp>${=new java.text.SimpleDateFormat("yyyy-MM-dd'T'HH:mm:ss.SSS").format(new Date())}</v11:timestamp>
         </v1:messageContext>
         <v1:legalContext>ServiceIntegrator</v1:legalContext>
         <v1:request>
            <language>F</language>
            <searchToken>WOLU</searchToken>
         </v1:request>
      </v1:findCommunitiesBySearchTokenRequest>
   </soapenv:Body>
</soapenv:Envelope>]]></con:request><con:assertion type="SOAP Fault Assertion" id="43ae8f7d-8b34-437b-a707-ac034938116c" name="Not SOAP Fault"/><con:assertion type="SOAP Response" id="947309a1-f68d-4900-ba18-b0d1cbabbb6e" name="SOAP Response"/><con:assertion type="Schema Compliance" id="33f11160-24bb-4ee2-876e-e103f1511e9f" name="Schema Compliance"><con:configuration/></con:assertion><con:wsaConfig action="http://fidus.brussels/services/realestateservice/findCommunitiesBySearchToken"/></con:request></con:config></con:testStep><con:properties/></con:testCase><con:testCase id="02b2c107-cd8c-4217-89d0-72cb43aee1cc" failOnError="true" failTestCaseOnErrors="true" keepSession="false" maxResults="0" name="findStreetsBySearchToken" searchProperties="true"><con:settings/><con:testStep type="request" id="203fcfc1-de71-4104-8786-77841bd48bff" name="testcase5 - Prod - External - Request"><con:settings/><con:config xsi:type="con:RequestStep" xmlns:xsi="http://www.w3.org/2001/XMLSchema-instance"><con:interface>RealEstateServiceHTTPBinding</con:interface><con:operation>findStreetsBySearchToken</con:operation><con:request name="testcase5 - Prod - External - Request" id="73a946af-a45f-4989-9787-dfb8c6507ca6" outgoingWss="Outflow PROD"><con:settings/><con:encoding>UTF-8</con:encoding><con:endpoint>https://fidus.sec.brussels/services/RealEstateService_v1.1</con:endpoint><con:request><![CDATA[<soapenv:Envelope xmlns:soapenv="http://schemas.xmlsoap.org/soap/envelope/" xmlns:v1="http://fidus.brussels/service/realestateservice/messages/v1" xmlns:v11="http://fidus.brussels/type/common/messages/v1">
   <soapenv:Header/>
   <soapenv:Body>
      <v1:findStreetsBySearchTokenRequest>
         <v1:messageContext>
            <v11:messageId>${=import static java.util.UUID.randomUUID; uuid = randomUUID() as String}</v11:messageId>
            <v11:timestamp>${=new java.text.SimpleDateFormat("yyyy-MM-dd'T'HH:mm:ss.SSS").format(new Date())}</v11:timestamp>
         </v1:messageContext>
         <v1:legalContext>ServiceIntegrator</v1:legalContext>
         <v1:request>
            <language>F</language>
            <searchToken>CUY</searchToken>
            <codeNisComId>21018</codeNisComId>
         </v1:request>
      </v1:findStreetsBySearchTokenRequest>
   </soapenv:Body>
</soapenv:Envelope>]]></con:request><con:assertion type="SOAP Fault Assertion" id="8bb068c9-b044-47b5-bb19-03bc7e170e42" name="Not SOAP Fault"/><con:assertion type="SOAP Response" id="875e9123-8bd9-49a2-9b4f-5ef7b5a2f880" name="SOAP Response"/><con:assertion type="Schema Compliance" id="d4173a37-2e49-40b4-9a6d-c33a6061d694" name="Schema Compliance"><con:configuration/></con:assertion><con:wsaConfig action="http://fidus.brussels/services/realestateservice/findStreetsBySearchToken"/></con:request></con:config></con:testStep><con:properties/></con:testCase><con:testCase id="eda670f1-6b08-4e67-a62b-c5db195b9e5a" failOnError="true" failTestCaseOnErrors="true" keepSession="false" maxResults="0" name="getListForAddress" searchProperties="true"><con:settings/><con:testStep type="request" id="3b127601-1a9d-4eb9-b2fe-90e3cdac1947" name="testcase5 - Prod - External - Request"><con:settings/><con:config xsi:type="con:RequestStep" xmlns:xsi="http://www.w3.org/2001/XMLSchema-instance"><con:interface>RealEstateServiceHTTPBinding</con:interface><con:operation>getListForAddress</con:operation><con:request name="testcase5 - Prod - External - Request" id="07c8e280-7952-4de9-9576-c479cbd58cf7" outgoingWss="Outflow PROD"><con:settings/><con:encoding>UTF-8</con:encoding><con:endpoint>https://fidus.sec.brussels/services/RealEstateService_v1.1</con:endpoint><con:request><![CDATA[<soapenv:Envelope xmlns:soapenv="http://schemas.xmlsoap.org/soap/envelope/" xmlns:v1="http://fidus.brussels/service/realestateservice/messages/v1" xmlns:v11="http://fidus.brussels/type/common/messages/v1">
   <soapenv:Header/>
   <soapenv:Body>
      <v1:getListForAddressRequest>
         <v1:messageContext>
            <v11:messageId>${=import static java.util.UUID.randomUUID; uuid = randomUUID() as String}</v11:messageId>
            <v11:timestamp>${=new java.text.SimpleDateFormat("yyyy-MM-dd'T'HH:mm:ss.SSS").format(new Date())}</v11:timestamp>
         </v1:messageContext>
         <v1:legalContext>ServiceIntegrator</v1:legalContext>
         <v1:request>
        <codeNISCommunity>21018</codeNISCommunity>
            <codeNSRStreet>00680</codeNSRStreet>
            <language>F</language>
            <!--Optional:-->
            <number>1</number>
            <maxResult>10</maxResult>
            <active>true</active>
         </v1:request>
      </v1:getListForAddressRequest>
   </soapenv:Body>
</soapenv:Envelope>]]></con:request><con:assertion type="SOAP Fault Assertion" id="f3723f6b-0d37-41bb-bb0a-7c81de9f6549" name="Not SOAP Fault"/><con:assertion type="SOAP Response" id="ec57c6db-8a7b-49c0-a2bf-e30ea4ba0950" name="SOAP Response"/><con:assertion type="Schema Compliance" id="04cd01f2-ceda-4996-8474-d3a69ac71bbe" name="Schema Compliance"><con:configuration/></con:assertion><con:wsaConfig action="http://fidus.brussels/services/realestateservice/getListForAddress"/></con:request></con:config></con:testStep><con:properties/></con:testCase><con:testCase id="348f07e7-7cae-4566-96d7-63f487a294fe" failOnError="true" failTestCaseOnErrors="true" keepSession="false" maxResults="0" name="findPropertyByParcelId" searchProperties="true"><con:settings/><con:testStep type="request" id="12fc0f5c-3ab5-4214-876c-f6932ee82ffe" name="testcase5 - Prod - External - Request"><con:settings/><con:config xsi:type="con:RequestStep" xmlns:xsi="http://www.w3.org/2001/XMLSchema-instance"><con:interface>RealEstateServiceHTTPBinding</con:interface><con:operation>findPropertyByParcelId</con:operation><con:request name="testcase5 - Prod - External - Request" id="ea97d1c9-d8b1-4f27-8ebd-837635efd02c" outgoingWss="Outflow PROD"><con:settings/><con:encoding>UTF-8</con:encoding><con:endpoint>https://fidus.sec.brussels/services/RealEstateService_v1.1</con:endpoint><con:request><![CDATA[<soapenv:Envelope xmlns:soapenv="http://schemas.xmlsoap.org/soap/envelope/" xmlns:v1="http://fidus.brussels/service/realestateservice/messages/v1" xmlns:v11="http://fidus.brussels/type/common/messages/v1">
   <soapenv:Header/>
   <soapenv:Body>
      <v1:findPropertyByParcelIdRequest>
         <v1:messageContext>
            <v11:messageId>${=import static java.util.UUID.randomUUID; uuid = randomUUID() as String}</v11:messageId>
            <v11:timestamp>${=new java.text.SimpleDateFormat("yyyy-MM-dd'T'HH:mm:ss.SSS").format(new Date())}</v11:timestamp>
         </v1:messageContext>
         <v1:legalContext>ServiceIntegrator</v1:legalContext>
         <v1:request>
            <language>n</language>
            <history>false</history>
            <!--Optional:-->
            <showAddress>false</showAddress>
            <maxResult>10</maxResult>
            <cadastralDivision>31016</cadastralDivision>
            <section>B</section>
            <primaryNumber>148</primaryNumber>
            <!--Optional:-->
            <exponentNumber>5</exponentNumber>
            <!--Optional:-->
            <exponentLetter>B</exponentLetter>
            <partNumber>P0000</partNumber>
         </v1:request>
      </v1:findPropertyByParcelIdRequest>
   </soapenv:Body>
</soapenv:Envelope>]]></con:request><con:assertion type="SOAP Fault Assertion" id="bb8586a4-41d5-4db5-bb3d-30e27c59d92b" name="Not SOAP Fault"/><con:assertion type="SOAP Response" id="c5a91864-bf30-4ade-b375-bda98f526773" name="SOAP Response"/><con:assertion type="Schema Compliance" id="574c3d45-4192-42de-a3e0-6af6f6dc4b7e" name="Schema Compliance"><con:configuration/></con:assertion><con:wsaConfig action="http://fidus.brussels/services/realestateservice/findPropertyByParcelId"/></con:request></con:config></con:testStep><con:properties/></con:testCase><con:properties/></con:testSuite><con:properties/>
  <con:wssContainer>
    
    
    
    
    
    
    
    
    
    
    
    
    
    
    
    
  <con:crypto><con:source>data/wso2/keystores/user-rajarshi.jks</con:source><con:password>test@fidus01</con:password><con:type>KEYSTORE</con:type></con:crypto><con:outgoing><con:name>Outflow DEV</con:name></con:outgoing><con:outgoing><con:name>Outflow TEST</con:name><con:entry type="Signature" username="testuser-test.fidus.brussels" password="test@fidus01"><con:configuration><crypto>user-rajarshi.jks</crypto><keyIdentifierType>3</keyIdentifierType><signatureAlgorithm/><signatureCanonicalization/><useSingleCert>true</useSingleCert><digestAlgorithm/><customTokenValueType/><customTokenId/></con:configuration></con:entry><con:entry type="Timestamp"><con:configuration><timeToLive>300000</timeToLive><strictTimestamp>true</strictTimestamp></con:configuration></con:entry></con:outgoing><con:outgoing><con:name>Outflow STAG</con:name></con:outgoing><con:outgoing><con:name>Outflow PROD</con:name></con:outgoing></con:wssContainer>
  <con:oAuth2ProfileContainer/>
  <con:sensitiveInformation/>
</con:soapui-project>