<?xml version="1.0" encoding="UTF-8"?>
<con:soapui-project id="8b299915-b0b3-4dfe-ae60-cde61eeda900" activeEnvironment="Default" name="Client-InvoiceService-2.0-soapui-project" resourceRoot="" soapui-version="5.1.3" abortOnError="false" runType="SEQUENTIAL" xmlns:con="http://eviware.com/soapui/config"><con:settings/><con:interface xsi:type="con:WsdlInterface" id="366ece34-fc9d-45db-9a55-f7a5a3884d5e" wsaVersion="NONE" name="InvoiceServiceHTTPBinding" type="wsdl" bindingName="{http://fidus.brussels/service/invoiceservice/v2.0}InvoiceServiceHTTPBinding" soapVersion="1_1" anonymous="optional" definition="file:/home/ebarbieux/Dev/fidus/invoiceservice_2.0/InvoiceServiceGateway/src/main/resources/wsdl/invoiceService/2.0.0/InvoiceService_v2.0.wsdl" xmlns:xsi="http://www.w3.org/2001/XMLSchema-instance"><con:settings/><con:definitionCache type="TEXT" rootPart="file:/home/ebarbieux/Dev/fidus/invoiceservice_2.0/InvoiceServiceGateway/src/main/resources/wsdl/invoiceService/2.0.0/InvoiceService_v2.0.wsdl"><con:part><con:url>file:/home/ebarbieux/Dev/fidus/invoiceservice_2.0/InvoiceServiceGateway/src/main/resources/wsdl/invoiceService/2.0.0/InvoiceService_v2.0.wsdl</con:url><con:content><![CDATA[<wsdl:definitions name="InvoiceService" targetNamespace="http://fidus.brussels/service/invoiceservice/v2.0" xmlns:soap="http://schemas.xmlsoap.org/wsdl/soap/" xmlns:wsdl="http://schemas.xmlsoap.org/wsdl/" xmlns:xsd="http://www.w3.org/2001/XMLSchema" xmlns:mes="http://fidus.brussels/service/invoiceservice/messages/v2.0" xmlns:tns="http://fidus.brussels/service/invoiceservice/v2.0">
  <wsdl:types>
    <xsd:schema targetNamespace="http://fidus.brussels/service/invoiceservice/v2.0" elementFormDefault="qualified">
      <xsd:import namespace="http://fidus.brussels/service/invoiceservice/messages/v2.0" schemaLocation="messages/invoiceServiceMessages_v2.0.xsd"/>
    </xsd:schema>
  </wsdl:types>
  <wsdl:message name="submitInboxRequestRequestMessage">
    <wsdl:part name="SubmitInboxRequestRequest" element="mes:submitInboxRequestRequest"/>
  </wsdl:message>
  <wsdl:message name="submitInboxRequestResponseMessage">
    <wsdl:part name="SubmitInboxRequestResponse" element="mes:submitInboxRequestResponse"/>
  </wsdl:message>
  <wsdl:message name="submitDocumentRequestMessage">
    <wsdl:part name="SubmitDocumentRequest" element="mes:submitDocumentRequest"/>
  </wsdl:message>
  <wsdl:message name="submitDocumentResponseMessage">
    <wsdl:part name="SubmitDocumentResponse" element="mes:submitDocumentResponse"/>
  </wsdl:message>
  <wsdl:message name="retrieveDocumentRequestMessage">
    <wsdl:part name="RetrieveDocumentRequest" element="mes:retrieveDocumentRequest"/>
  </wsdl:message>
  <wsdl:message name="retrieveDocumentResponseMessage">
    <wsdl:part name="RetrieveDocumentResponse" element="mes:retrieveDocumentResponse"/>
  </wsdl:message>
  <wsdl:message name="markDocumentRequestMessage">
    <wsdl:part name="MarkDocumentRequest" element="mes:markDocumentRequest"/>
  </wsdl:message>
  <wsdl:message name="markDocumentResponseMessage">
    <wsdl:part name="MarkDocumentResponse" element="mes:markDocumentResponse"/>
  </wsdl:message>
  <wsdl:portType name="InvoiceServicePortType">
    <wsdl:operation name="submitInboxRequest">
      <wsdl:input message="tns:submitInboxRequestRequestMessage"/>
      <wsdl:output message="tns:submitInboxRequestResponseMessage"/>
    </wsdl:operation>
    <wsdl:operation name="submitDocument">
      <wsdl:input message="tns:submitDocumentRequestMessage"/>
      <wsdl:output message="tns:submitDocumentResponseMessage"/>
    </wsdl:operation>
    <wsdl:operation name="retrieveDocument">
      <wsdl:input message="tns:retrieveDocumentRequestMessage"/>
      <wsdl:output message="tns:retrieveDocumentResponseMessage"/>
    </wsdl:operation>
    <wsdl:operation name="markDocument">
      <wsdl:input message="tns:markDocumentRequestMessage"/>
      <wsdl:output message="tns:markDocumentResponseMessage"/>
    </wsdl:operation>
  </wsdl:portType>
  <wsdl:binding name="InvoiceServiceHTTPBinding" type="tns:InvoiceServicePortType">
    <soap:binding style="document" transport="http://schemas.xmlsoap.org/soap/http"/>
    <wsdl:operation name="submitInboxRequest">
      <soap:operation soapAction="http://fidus.brussels/services/invoiceservice/submitInboxRequest"/>
      <wsdl:input>
        <soap:body use="literal"/>
      </wsdl:input>
      <wsdl:output>
        <soap:body use="literal"/>
      </wsdl:output>
    </wsdl:operation>
    <wsdl:operation name="submitDocument">
      <soap:operation soapAction="http://fidus.brussels/services/invoiceservice/submitDocument" style="document"/>
      <wsdl:input>
        <soap:body use="literal"/>
      </wsdl:input>
      <wsdl:output>
        <soap:body use="literal"/>
      </wsdl:output>
    </wsdl:operation>
    <wsdl:operation name="retrieveDocument">
      <soap:operation soapAction="http://fidus.brussels/services/invoiceservice/retrieveDocument"/>
      <wsdl:input>
        <soap:body use="literal"/>
      </wsdl:input>
      <wsdl:output>
        <soap:body use="literal"/>
      </wsdl:output>
    </wsdl:operation>
    <wsdl:operation name="markDocument">
      <soap:operation soapAction="http://fidus.brussels/services/invoiceservice/markDocument"/>
      <wsdl:input>
        <soap:body use="literal"/>
      </wsdl:input>
      <wsdl:output>
        <soap:body use="literal"/>
      </wsdl:output>
    </wsdl:operation>
  </wsdl:binding>
  <wsdl:service name="InvoiceService_v2">
    <wsdl:port name="InvoiceService_v2" binding="tns:InvoiceServiceHTTPBinding">
      <soap:address location="http://fidus.brussels/services/invoiceservice/v2"/>
    </wsdl:port>
  </wsdl:service>
  <xsd:annotation>
    <xsd:documentation>InvoiceService WDSL v2.0.</xsd:documentation>
  </xsd:annotation>
</wsdl:definitions>]]></con:content><con:type>http://schemas.xmlsoap.org/wsdl/</con:type></con:part><con:part><con:url>file:/home/ebarbieux/Dev/fidus/invoiceservice_2.0/InvoiceServiceGateway/src/main/resources/wsdl/invoiceService/2.0.0/messages/invoiceServiceMessages_v2.0.xsd</con:url><con:content><![CDATA[<xsd:schema targetNamespace="http://fidus.brussels/service/invoiceservice/messages/v2.0" elementFormDefault="qualified" attributeFormDefault="unqualified" version="1.0" xmlns:xsd="http://www.w3.org/2001/XMLSchema" xmlns:cme="http://fidus.brussels/type/common/messages/v1" xmlns:exc="http://fidus.brussels/type/common/exceptions/v1" xmlns:tns="http://fidus.brussels/service/invoiceservice/messages/v2.0" xmlns:csm="http://fsb.belgium.be/einvoicing/simpleprior/v1_00">
  <xsd:import namespace="http://fidus.brussels/type/common/messages/v1" schemaLocation="baseMessageTypes_v1.xsd"/>
  <xsd:import namespace="http://fidus.brussels/type/common/exceptions/v1" schemaLocation="exceptionTypes_v1.xsd"/>
  <xsd:import namespace="http://fsb.belgium.be/einvoicing/simpleprior/v1_00" schemaLocation="../simpleprior/simpleprior.xsd"/>
  <!--Request getInvoiceService definition-->
  <xsd:complexType name="SubmitInboxRequestRequestType">
    <xsd:sequence>
      <xsd:element name="messageContext" type="cme:RequestMessageContextType"/>
      <xsd:element name="legalContext" type="cme:LegalContextType"/>
      <xsd:element name="request" type="csm:submitInboxRequest"/>
    </xsd:sequence>
  </xsd:complexType>
  <xsd:complexType name="SubmitDocumentRequestType">
    <xsd:sequence>
      <xsd:element name="messageContext" type="cme:RequestMessageContextType"/>
      <xsd:element name="legalContext" type="cme:LegalContextType"/>
      <xsd:element name="request" type="csm:submitDocument"/>
    </xsd:sequence>
  </xsd:complexType>
  <xsd:complexType name="RetrieveDocumentRequestType">
    <xsd:sequence>
      <xsd:element name="messageContext" type="cme:RequestMessageContextType"/>
      <xsd:element name="legalContext" type="cme:LegalContextType"/>
      <xsd:element name="request" type="csm:retrieveDocument"/>
    </xsd:sequence>
  </xsd:complexType>
  <xsd:complexType name="MarkDocumentRequestType">
    <xsd:sequence>
      <xsd:element name="messageContext" type="cme:RequestMessageContextType"/>
      <xsd:element name="legalContext" type="cme:LegalContextType"/>
      <xsd:element name="request" type="csm:markDocument"/>
    </xsd:sequence>
  </xsd:complexType>
  <!--Request getInvoiceService definition-->
  <xsd:complexType name="SubmitInboxRequestResponseType">
    <xsd:sequence>
      <xsd:element name="messageContext" type="cme:ResponseMessageContextType"/>
      <xsd:element name="responses" type="tns:SirResponsesType" minOccurs="0"/>
      <xsd:element name="exceptions" type="exc:ExceptionsType" minOccurs="0">
        <xsd:annotation>
          <xsd:documentation>Technical errors that occur when processing the message context e.g. insufficient rights.</xsd:documentation>
        </xsd:annotation>
      </xsd:element>
    </xsd:sequence>
  </xsd:complexType>
  <xsd:complexType name="SubmitDocumentResponseType">
    <xsd:sequence>
      <xsd:element name="messageContext" type="cme:ResponseMessageContextType"/>
      <xsd:element name="responses" type="tns:SdResponsesType" minOccurs="0"/>
      <xsd:element name="exceptions" type="exc:ExceptionsType" minOccurs="0">
        <xsd:annotation>
          <xsd:documentation>Technical errors that occur when processing the message context e.g. insufficient rights.</xsd:documentation>
        </xsd:annotation>
      </xsd:element>
    </xsd:sequence>
  </xsd:complexType>
  <xsd:complexType name="RetrieveDocumentResponseType">
    <xsd:sequence>
      <xsd:element name="messageContext" type="cme:ResponseMessageContextType"/>
      <xsd:element name="responses" type="tns:RdResponsesType" minOccurs="0"/>
      <xsd:element name="exceptions" type="exc:ExceptionsType" minOccurs="0">
        <xsd:annotation>
          <xsd:documentation>Technical errors that occur when processing the message context e.g. insufficient rights.</xsd:documentation>
        </xsd:annotation>
      </xsd:element>
    </xsd:sequence>
  </xsd:complexType>
  <xsd:complexType name="MarkDocumentResponseType">
    <xsd:sequence>
      <xsd:element name="messageContext" type="cme:ResponseMessageContextType"/>
      <xsd:element name="responses" type="tns:MdResponsesType" minOccurs="0"/>
      <xsd:element name="exceptions" type="exc:ExceptionsType" minOccurs="0">
        <xsd:annotation>
          <xsd:documentation>Technical errors that occur when processing the message context e.g. insufficient rights.</xsd:documentation>
        </xsd:annotation>
      </xsd:element>
    </xsd:sequence>
  </xsd:complexType>
  <xsd:complexType name="SirResponsesType">
    <xsd:sequence>
      <xsd:element name="response" type="tns:SirResponseType" minOccurs="1" maxOccurs="1"/>
    </xsd:sequence>
  </xsd:complexType>
  <xsd:complexType name="SirResponseType">
    <xsd:sequence>
      <xsd:element name="invoice" type="csm:SubmitInboxRequestResponseType" minOccurs="0" maxOccurs="unbounded"/>
      <xsd:element name="exceptions" type="exc:ExceptionsType" minOccurs="0">
        <xsd:annotation>
          <xsd:documentation>Business exceptions that occur when processing the request or response e.g. missing data for a single response element.
						Exceptions at this level may contain back-end specific codes and content.</xsd:documentation>
        </xsd:annotation>
      </xsd:element>
    </xsd:sequence>
  </xsd:complexType>
  <xsd:complexType name="SdResponsesType">
    <xsd:sequence>
      <xsd:element name="response" type="tns:SdResponseType" minOccurs="1" maxOccurs="1"/>
    </xsd:sequence>
  </xsd:complexType>
  <xsd:complexType name="SdResponseType">
    <xsd:sequence>
      <xsd:element name="invoice" type="csm:submitDocumentResponse" minOccurs="0" maxOccurs="unbounded"/>
      <xsd:element name="exceptions" type="exc:ExceptionsType" minOccurs="0">
        <xsd:annotation>
          <xsd:documentation>Business exceptions that occur when processing the request or response e.g. missing data for a single response element.
						Exceptions at this level may contain back-end specific codes and content.</xsd:documentation>
        </xsd:annotation>
      </xsd:element>
    </xsd:sequence>
  </xsd:complexType>
  <xsd:complexType name="RdResponsesType">
    <xsd:sequence>
      <xsd:element name="response" type="tns:RdResponseType" minOccurs="1" maxOccurs="1"/>
    </xsd:sequence>
  </xsd:complexType>
  <xsd:complexType name="RdResponseType">
    <xsd:sequence>
      <xsd:element name="invoice" type="csm:retrieveDocumentResponse" minOccurs="0" maxOccurs="unbounded"/>
      <xsd:element name="exceptions" type="exc:ExceptionsType" minOccurs="0">
        <xsd:annotation>
          <xsd:documentation>Business exceptions that occur when processing the request or response e.g. missing data for a single response element.
						Exceptions at this level may contain back-end specific codes and content.</xsd:documentation>
        </xsd:annotation>
      </xsd:element>
    </xsd:sequence>
  </xsd:complexType>
  <xsd:complexType name="MdResponsesType">
    <xsd:sequence>
      <xsd:element name="response" type="tns:MdResponseType" minOccurs="1" maxOccurs="1"/>
    </xsd:sequence>
  </xsd:complexType>
  <xsd:complexType name="MdResponseType">
    <xsd:sequence>
      <xsd:element name="invoice" type="csm:markDocumentResponse" minOccurs="0" maxOccurs="unbounded"/>
      <xsd:element name="exceptions" type="exc:ExceptionsType" minOccurs="0">
        <xsd:annotation>
          <xsd:documentation>Business exceptions that occur when processing the request or response e.g. missing data for a single response element.
						Exceptions at this level may contain back-end specific codes and content.</xsd:documentation>
        </xsd:annotation>
      </xsd:element>
    </xsd:sequence>
  </xsd:complexType>
  <!--Element of the request and the response-->
  <xsd:element name="submitInboxRequestRequest" type="tns:SubmitInboxRequestRequestType"/>
  <xsd:element name="submitInboxRequestResponse" type="tns:SubmitInboxRequestResponseType"/>
  <xsd:element name="submitDocumentRequest" type="tns:SubmitDocumentRequestType"/>
  <xsd:element name="submitDocumentResponse" type="tns:SubmitDocumentResponseType"/>
  <xsd:element name="retrieveDocumentRequest" type="tns:RetrieveDocumentRequestType"/>
  <xsd:element name="retrieveDocumentResponse" type="tns:RetrieveDocumentResponseType"/>
  <xsd:element name="markDocumentRequest" type="tns:MarkDocumentRequestType"/>
  <xsd:element name="markDocumentResponse" type="tns:MarkDocumentResponseType"/>
</xsd:schema>]]></con:content><con:type>http://www.w3.org/2001/XMLSchema</con:type></con:part><con:part><con:url>file:/home/ebarbieux/Dev/fidus/invoiceservice_2.0/InvoiceServiceGateway/src/main/resources/wsdl/invoiceService/2.0.0/messages/baseMessageTypes_v1.xsd</con:url><con:content><![CDATA[<xsd:schema targetNamespace="http://fidus.brussels/type/common/messages/v1" elementFormDefault="qualified" attributeFormDefault="unqualified" version="1.0" xmlns:xsd="http://www.w3.org/2001/XMLSchema" xmlns:cmn="http://fidus.brussels/type/common/v1" xmlns:tns="http://fidus.brussels/type/common/messages/v1">
  <!--Unformatted message Id-->
  <xsd:simpleType name="MessageIdType">
    <xsd:restriction base="xsd:string">
      <xsd:minLength value="1"/>
      <xsd:maxLength value="64"/>
    </xsd:restriction>
  </xsd:simpleType>
  <!--National Number of the person. Format depending on the Register-->
  <xsd:simpleType name="PersonNumberType">
    <xsd:restriction base="xsd:string">
      <xsd:pattern value="[0-9][0-9](([0][0-9])|([1][0-2]))(([0-2][0-9])|([3][0-1]))(([0-9]{2}[1-9])|([0-9][1-9][0-9])|([1-9][0-9]{2}))(([0-8][0-9])|([9][0-7]))">
        <xsd:annotation>
          <xsd:documentation>National Register format</xsd:documentation>
        </xsd:annotation>
      </xsd:pattern>
      <xsd:pattern value="[0-9][0-9](([2][0-9])|([3][0-2]))(([0-2][0-9])|([3][0-1]))[0-9]{3}(([0-8][0-9])|([9][0-7]))">
        <xsd:annotation>
          <xsd:documentation>CBSS Register format: Bis Register</xsd:documentation>
        </xsd:annotation>
      </xsd:pattern>
      <xsd:pattern value="[0-9][0-9](([4][0-9])|([5][0-2]))(([0-2][0-9])|([3][0-1]))[0-9]{3}(([0-8][0-9])|([9][0-7]))">
        <xsd:annotation>
          <xsd:documentation>CBSS Register format: Ter Register</xsd:documentation>
        </xsd:annotation>
      </xsd:pattern>
    </xsd:restriction>
  </xsd:simpleType>
  <!--Request message context-->
  <xsd:complexType name="RequestMessageContextType">
    <xsd:annotation>
      <xsd:documentation>Message context block generated by the consumer.</xsd:documentation>
    </xsd:annotation>
    <xsd:sequence>
      <xsd:element name="messageId" type="tns:MessageIdType">
        <xsd:annotation>
          <xsd:documentation>Consumer must assign their own MessageId reference for the request.</xsd:documentation>
        </xsd:annotation>
      </xsd:element>
      <xsd:element name="timestamp" type="xsd:dateTime" minOccurs="0">
        <xsd:annotation>
          <xsd:documentation>Timestamp when client sent request.</xsd:documentation>
        </xsd:annotation>
      </xsd:element>
    </xsd:sequence>
  </xsd:complexType>
  <!--Response message context-->
  <xsd:complexType name="ResponseMessageContextType">
    <xsd:annotation>
      <xsd:documentation>MessageContext block generated by fidus.</xsd:documentation>
    </xsd:annotation>
    <xsd:sequence>
      <xsd:element name="messageId" type="tns:MessageIdType">
        <xsd:annotation>
          <xsd:documentation>A unique identifier generated by fidus.</xsd:documentation>
        </xsd:annotation>
      </xsd:element>
      <xsd:element name="transactionId" type="tns:MessageIdType">
        <xsd:annotation>
          <xsd:documentation>A unique ID returned to the client for tracing purposes.</xsd:documentation>
        </xsd:annotation>
      </xsd:element>
      <xsd:element name="timestamp" type="xsd:dateTime" minOccurs="0">
        <xsd:annotation>
          <xsd:documentation>Time reply sent by fidus.</xsd:documentation>
        </xsd:annotation>
      </xsd:element>
    </xsd:sequence>
  </xsd:complexType>
  <!--Legal Context : the finality of the Privacy Commission-->
  <xsd:simpleType name="LegalContextType">
    <xsd:restriction base="xsd:string">
      <xsd:minLength value="1"/>
      <xsd:maxLength value="64"/>
    </xsd:restriction>
  </xsd:simpleType>
  <xsd:complexType name="UserContextType">
    <xsd:annotation>
      <xsd:documentation>The user context defines information regarding the actual user performing a request.</xsd:documentation>
    </xsd:annotation>
    <xsd:sequence>
      <xsd:element name="language" type="xsd:language" nillable="true">
        <xsd:annotation>
          <xsd:documentation>The preferred language of the actual user performing the request.
						This influences the language in which response elements are cast.</xsd:documentation>
        </xsd:annotation>
      </xsd:element>
    </xsd:sequence>
  </xsd:complexType>
</xsd:schema>]]></con:content><con:type>http://www.w3.org/2001/XMLSchema</con:type></con:part><con:part><con:url>file:/home/ebarbieux/Dev/fidus/invoiceservice_2.0/InvoiceServiceGateway/src/main/resources/wsdl/invoiceService/2.0.0/messages/exceptionTypes_v1.xsd</con:url><con:content><![CDATA[<xsd:schema targetNamespace="http://fidus.brussels/type/common/exceptions/v1" elementFormDefault="qualified" attributeFormDefault="unqualified" version="1.0" xmlns:xsd="http://www.w3.org/2001/XMLSchema" xmlns:tns="http://fidus.brussels/type/common/exceptions/v1">
  <!--Basic error typed-->
  <xsd:complexType name="ExceptionsType">
    <xsd:sequence>
      <xsd:element name="exception" type="tns:ExceptionType" maxOccurs="unbounded"/>
    </xsd:sequence>
  </xsd:complexType>
  <xsd:complexType name="ExceptionType">
    <xsd:sequence>
      <xsd:element name="type" type="tns:ExceptionClassType"/>
      <xsd:element name="code" type="tns:ExceptionCodeType"/>
      <xsd:element name="source" type="tns:ExceptionSourceType"/>
      <xsd:element name="description" type="tns:ExceptionDescriptionType"/>
    </xsd:sequence>
  </xsd:complexType>
  <xsd:simpleType name="ExceptionClassType">
    <xsd:restriction base="xsd:string">
      <xsd:enumeration value="ERROR"/>
      <xsd:enumeration value="WARNING"/>
      <xsd:enumeration value="INFO"/>
    </xsd:restriction>
  </xsd:simpleType>
  <xsd:simpleType name="ExceptionCodeType">
    <xsd:restriction base="xsd:string">
      <xsd:maxLength value="20"/>
    </xsd:restriction>
  </xsd:simpleType>
  <xsd:simpleType name="ExceptionSourceType">
    <xsd:restriction base="xsd:string">
      <xsd:maxLength value="20"/>
    </xsd:restriction>
  </xsd:simpleType>
  <xsd:simpleType name="ExceptionDescriptionType">
    <xsd:restriction base="xsd:string"/>
  </xsd:simpleType>
</xsd:schema>]]></con:content><con:type>http://www.w3.org/2001/XMLSchema</con:type></con:part><con:part><con:url>file:/home/ebarbieux/Dev/fidus/invoiceservice_2.0/InvoiceServiceGateway/src/main/resources/wsdl/invoiceService/2.0.0/simpleprior/simpleprior.xsd</con:url><con:content><![CDATA[<xsd:schema targetNamespace="http://fsb.belgium.be/einvoicing/simpleprior/v1_00" elementFormDefault="qualified" attributeFormDefault="unqualified" xmlns:WL5G3N3="http://schemas.xmlsoap.org/wsdl/soap/" xmlns:WL5G3N2="http://fsb.belgium.be/einvoicing/simpleprior/v1_00" xmlns:WL5G3N1="http://fsb.belgium.be/header" xmlns:WL5G3N0="http://schemas.xmlsoap.org/wsdl/" xmlns:xsd="http://www.w3.org/2001/XMLSchema" xmlns:wsdl="http://schemas.xmlsoap.org/wsdl/" xmlns:tns="http://fsb.belgium.be/einvoicing/simpleprior/v1_00" xmlns:soap="http://schemas.xmlsoap.org/wsdl/soap/" xmlns:fsb="http://fsb.belgium.be/header" xmlns:agg="urn:oasis:natns:specification:ubl:schema:xsd:CommonAggregateComponents-2">
  <xsd:element name="consumerId">
    <xsd:complexType>
      <xsd:simpleContent>
        <xsd:extension base="xsd:normalizedString"/>
      </xsd:simpleContent>
    </xsd:complexType>
  </xsd:element>
  <xsd:complexType name="submitDocument">
    <xsd:sequence>
      <xsd:element name="document" type="tns:UBLDocumentType"/>
    </xsd:sequence>
  </xsd:complexType>
  <xsd:complexType name="submitDocumentResponse">
    <xsd:sequence>
      <xsd:element name="ackIndicator" type="xsd:boolean"/>
    </xsd:sequence>
  </xsd:complexType>
  <xsd:complexType name="retrieveDocument">
    <xsd:sequence>
      <xsd:element name="receiverId" type="xsd:normalizedString"/>
      <xsd:element name="senderId" type="xsd:normalizedString"/>
      <xsd:element name="documentType" type="xsd:normalizedString"/>
      <xsd:element name="documentId" type="xsd:normalizedString"/>
    </xsd:sequence>
  </xsd:complexType>
  <xsd:complexType name="retrieveDocumentResponse">
    <xsd:sequence>
      <xsd:element name="receivedDate" type="xsd:date"/>
      <xsd:element name="document" type="tns:UBLDocumentType"/>
    </xsd:sequence>
  </xsd:complexType>
  <xsd:complexType name="submitInboxRequest">
    <xsd:sequence>
      <xsd:element name="receiverId" type="xsd:string" minOccurs="0" maxOccurs="1"/>
      <xsd:element name="senderId" type="xsd:string" minOccurs="0" maxOccurs="1"/>
    </xsd:sequence>
  </xsd:complexType>
  <xsd:element name="submitInboxRequestResponse" type="tns:SubmitInboxRequestResponseType"/>
  <xsd:complexType name="UBLDocumentType">
    <xsd:sequence>
      <xsd:any processContents="skip"/>
    </xsd:sequence>
  </xsd:complexType>
  <xsd:complexType name="DocumentReferenceType">
    <xsd:sequence>
      <xsd:element name="receiverId" type="xsd:normalizedString"/>
      <xsd:element name="senderId" type="xsd:normalizedString"/>
      <xsd:element name="documentType" type="xsd:normalizedString"/>
      <xsd:element name="documentId" type="xsd:normalizedString"/>
    </xsd:sequence>
  </xsd:complexType>
  <xsd:complexType name="SubmitInboxRequestResponseType">
    <xsd:sequence>
      <xsd:element name="documentGroup">
        <xsd:complexType>
          <xsd:sequence>
            <xsd:element name="documentReference" type="tns:DocumentReferenceType" minOccurs="0" maxOccurs="unbounded"/>
          </xsd:sequence>
        </xsd:complexType>
      </xsd:element>
    </xsd:sequence>
  </xsd:complexType>
  <xsd:complexType name="markDocument">
    <xsd:sequence>
      <xsd:element name="receiverId" type="xsd:normalizedString"/>
      <xsd:element name="senderId" type="xsd:normalizedString"/>
      <xsd:element name="documentType" type="xsd:normalizedString"/>
      <xsd:element name="documentId" type="xsd:normalizedString"/>
    </xsd:sequence>
  </xsd:complexType>
  <xsd:complexType name="markDocumentResponse">
    <xsd:sequence>
      <xsd:element name="ackIndicator" type="xsd:boolean"/>
    </xsd:sequence>
  </xsd:complexType>
</xsd:schema>]]></con:content><con:type>http://www.w3.org/2001/XMLSchema</con:type></con:part></con:definitionCache><con:endpoints><con:endpoint>http://fidus.brussels/services/invoiceservice/v1</con:endpoint><con:endpoint>http://fidus.brussels/services/invoiceservice/v2</con:endpoint><con:endpoint>https://192.168.22.53:8443/services/InvoiceService_v1.0</con:endpoint><con:endpoint>https://192.168.24.16:8443/services/InvoiceService_v1.0</con:endpoint><con:endpoint>https://192.168.24.17:8443/services/InvoiceService_v1.0</con:endpoint><con:endpoint>https://192.168.26.22:8443/services/InvoiceService_v1.0</con:endpoint><con:endpoint>https://192.168.36.61:8243/services/InvoiceService_v1.0</con:endpoint><con:endpoint>https://esb-security-gw.sta.srv.cirb.lan:8443/services/InvoiceService_v1.0</con:endpoint><con:endpoint>https://fidus-esb-sg.prd.srv.cirb.lan:8443/services/InvoiceService_v1.0</con:endpoint><con:endpoint>https://fidus-esb-sg.sta.srv.cirb.lan:8443/services/InvoiceService_v1.0</con:endpoint><con:endpoint>https://fidus-test.irisnetlab.be/services/InvoiceService_v1.0</con:endpoint><con:endpoint>https://fidus.irisnetlab.be/services/InvoiceService_v1.0</con:endpoint><con:endpoint>https://fidus.sec.brussels/services/InvoiceService_v1.0</con:endpoint><con:endpoint>https://localhost:8243/services/InvoiceService_v1.0</con:endpoint></con:endpoints><con:operation id="b62cbf1c-1a1d-4844-995d-42d8ed65946f" isOneWay="false" action="http://fidus.brussels/services/invoiceservice/markDocument" name="markDocument" bindingOperationName="markDocument" type="Request-Response" inputName="" receivesAttachments="false" sendsAttachments="false" anonymous="optional"><con:settings/><con:call id="a5237834-0d57-46f9-863a-aa0790c4f3ae" name="1 - Local - Request" outgoingWss="Outflow DEV"><con:settings><con:setting id="com.eviware.soapui.impl.wsdl.WsdlRequest@request-headers">&lt;xml-fragment/></con:setting></con:settings><con:encoding>UTF-8</con:encoding><con:endpoint>https://localhost:8243/services/InvoiceService_v2.0</con:endpoint><con:request><![CDATA[<soapenv:Envelope xmlns:soapenv="http://schemas.xmlsoap.org/soap/envelope/" xmlns:v2="http://fidus.brussels/service/invoiceservice/messages/v2.0" xmlns:v11="http://fidus.brussels/type/common/messages/v1">
   <soapenv:Header/>
   <soapenv:Body>
      <v2:markDocumentRequest>
         <v2:messageContext>
            <v11:messageId>?</v11:messageId>
         </v2:messageContext>
         <v2:legalContext>ServiceIntegrator</v2:legalContext>
         <v2:request>
            <v12:receiverId xmlns:v12="http://fsb.belgium.be/einvoicing/simpleprior/v1_00">2222222222</v12:receiverId>
            <v12:senderId xmlns:v12="http://fsb.belgium.be/einvoicing/simpleprior/v1_00">0200013901</v12:senderId>
            <v12:documentType xmlns:v12="http://fsb.belgium.be/einvoicing/simpleprior/v1_00">380</v12:documentType>
            <v12:documentId xmlns:v12="http://fsb.belgium.be/einvoicing/simpleprior/v1_00">118120479086FAKDEC-18-5B</v12:documentId>         
         </v2:request>
      </v2:markDocumentRequest>
   </soapenv:Body>
</soapenv:Envelope>]]></con:request><con:credentials><con:selectedAuthProfile>Basic</con:selectedAuthProfile><con:addedBasicAuthenticationTypes>Basic</con:addedBasicAuthenticationTypes><con:authType>Global HTTP Settings</con:authType></con:credentials><con:jmsConfig JMSDeliveryMode="PERSISTENT"/><con:jmsPropertyConfig/><con:wsaConfig mustUnderstand="NONE" version="200508" action="http://fidus.brussels/services/invoiceservice/markRequest"/><con:wsrmConfig version="1.2"/></con:call><con:call id="b66e46a1-673b-4ceb-b35c-bf108877af94" name="2 - Dev - Request" outgoingWss="Outflow DEV"><con:settings><con:setting id="com.eviware.soapui.impl.wsdl.WsdlRequest@request-headers">&lt;xml-fragment/></con:setting></con:settings><con:encoding>UTF-8</con:encoding><con:endpoint>https://192.168.36.61:8243/services/InvoiceService_v2.0</con:endpoint><con:request><![CDATA[<soapenv:Envelope xmlns:soapenv="http://schemas.xmlsoap.org/soap/envelope/" xmlns:v2="http://fidus.brussels/service/invoiceservice/messages/v2.0" xmlns:v11="http://fidus.brussels/type/common/messages/v1">
   <soapenv:Header/>
   <soapenv:Body>
      <v2:markDocumentRequest>
         <v2:messageContext>
            <v11:messageId>?</v11:messageId>
         </v2:messageContext>
         <v2:legalContext>ServiceIntegrator</v2:legalContext>
         <v2:request>
            <v12:receiverId xmlns:v12="http://fsb.belgium.be/einvoicing/simpleprior/v1_00">2222222222</v12:receiverId>
            <v12:senderId xmlns:v12="http://fsb.belgium.be/einvoicing/simpleprior/v1_00">0200013901</v12:senderId>
            <v12:documentType xmlns:v12="http://fsb.belgium.be/einvoicing/simpleprior/v1_00">380</v12:documentType>
            <v12:documentId xmlns:v12="http://fsb.belgium.be/einvoicing/simpleprior/v1_00">e878b54b-8a82-4bf3-8c8c-37eacdab2589</v12:documentId>         
         </v2:request>
      </v2:markDocumentRequest>
   </soapenv:Body>
</soapenv:Envelope>]]></con:request><con:credentials><con:selectedAuthProfile>Basic</con:selectedAuthProfile><con:addedBasicAuthenticationTypes>Basic</con:addedBasicAuthenticationTypes><con:authType>Global HTTP Settings</con:authType></con:credentials><con:jmsConfig JMSDeliveryMode="PERSISTENT"/><con:jmsPropertyConfig/><con:wsaConfig mustUnderstand="NONE" version="200508" action="http://fidus.brussels/services/invoiceservice/markRequest"/><con:wsrmConfig version="1.2"/></con:call><con:call id="21a690d0-92ec-4a8f-8842-ad6f729d9e2a" name="3 - Test - External - Request" outgoingWss="Outflow TEST"><con:settings><con:setting id="com.eviware.soapui.impl.wsdl.WsdlRequest@request-headers">&lt;xml-fragment/></con:setting></con:settings><con:encoding>UTF-8</con:encoding><con:endpoint>https://fidus-test.irisnetlab.be/services/InvoiceService_v2.0</con:endpoint><con:request><![CDATA[<soapenv:Envelope xmlns:soapenv="http://schemas.xmlsoap.org/soap/envelope/" xmlns:v2="http://fidus.brussels/service/invoiceservice/messages/v2.0" xmlns:v11="http://fidus.brussels/type/common/messages/v1">
   <soapenv:Header/>
   <soapenv:Body>
      <v2:markDocumentRequest>
         <v2:messageContext>
            <v11:messageId>?</v11:messageId>
         </v2:messageContext>
         <v2:legalContext>ServiceIntegrator</v2:legalContext>
         <v2:request>
            <v12:receiverId xmlns:v12="http://fsb.belgium.be/einvoicing/simpleprior/v1_00">0463152333</v12:receiverId>
            <v12:senderId xmlns:v12="http://fsb.belgium.be/einvoicing/simpleprior/v1_00">0200013901</v12:senderId>
            <v12:documentType xmlns:v12="http://fsb.belgium.be/einvoicing/simpleprior/v1_00">380</v12:documentType>
            <v12:documentId xmlns:v12="http://fsb.belgium.be/einvoicing/simpleprior/v1_00">118120479086FAKDEC-19-5A</v12:documentId>         
         </v2:request>
      </v2:markDocumentRequest>
   </soapenv:Body>
</soapenv:Envelope>]]></con:request><con:credentials><con:selectedAuthProfile>Basic</con:selectedAuthProfile><con:addedBasicAuthenticationTypes>Basic</con:addedBasicAuthenticationTypes><con:authType>Global HTTP Settings</con:authType></con:credentials><con:jmsConfig JMSDeliveryMode="PERSISTENT"/><con:jmsPropertyConfig/><con:wsaConfig mustUnderstand="NONE" version="200508" action="http://fidus.brussels/services/invoiceservice/markDocument"/><con:wsrmConfig version="1.2"/></con:call><con:call id="539f9e64-5c4c-454c-8cab-3ecd33fbef22" name="3 - Test - LB - Request" outgoingWss="Outflow TEST"><con:settings><con:setting id="com.eviware.soapui.impl.wsdl.WsdlRequest@request-headers">&lt;xml-fragment/></con:setting></con:settings><con:encoding>UTF-8</con:encoding><con:endpoint>https://esb-security-gw.sta.srv.cirb.lan:8443/services/InvoiceService_v2.0</con:endpoint><con:request><![CDATA[<soapenv:Envelope xmlns:soapenv="http://schemas.xmlsoap.org/soap/envelope/" xmlns:v2="http://fidus.brussels/service/invoiceservice/messages/v2.0" xmlns:v11="http://fidus.brussels/type/common/messages/v1">
   <soapenv:Header/>
   <soapenv:Body>
      <v2:markDocumentRequest>
         <v2:messageContext>
            <v11:messageId>?</v11:messageId>
         </v2:messageContext>
         <v2:legalContext>ServiceIntegrator</v2:legalContext>
         <v2:request>
            <v12:receiverId xmlns:v12="http://fsb.belgium.be/einvoicing/simpleprior/v1_00">2222222222</v12:receiverId>
            <v12:senderId xmlns:v12="http://fsb.belgium.be/einvoicing/simpleprior/v1_00">0200013901</v12:senderId>
            <v12:documentType xmlns:v12="http://fsb.belgium.be/einvoicing/simpleprior/v1_00">380</v12:documentType>
            <v12:documentId xmlns:v12="http://fsb.belgium.be/einvoicing/simpleprior/v1_00">e878b54b-8a82-4bf3-8c8c-37eacdab2589</v12:documentId>         
         </v2:request>
      </v2:markDocumentRequest>
   </soapenv:Body>
</soapenv:Envelope>]]></con:request><con:credentials><con:selectedAuthProfile>Basic</con:selectedAuthProfile><con:addedBasicAuthenticationTypes>Basic</con:addedBasicAuthenticationTypes><con:authType>Global HTTP Settings</con:authType></con:credentials><con:jmsConfig JMSDeliveryMode="PERSISTENT"/><con:jmsPropertyConfig/><con:wsaConfig mustUnderstand="NONE" version="200508" action="http://fidus.brussels/services/invoiceservice/markRequest"/><con:wsrmConfig version="1.2"/></con:call><con:call id="0c0345e0-3731-4438-b425-ee89deb53429" name="3 - Test - Worker1 - Request" outgoingWss="Outflow TEST" incomingWss="inflowTest"><con:settings><con:setting id="com.eviware.soapui.impl.wsdl.WsdlRequest@request-headers">&lt;xml-fragment/></con:setting></con:settings><con:encoding>UTF-8</con:encoding><con:endpoint>https://192.168.24.45:8443/services/InvoiceService_v2.0</con:endpoint><con:request><![CDATA[<soapenv:Envelope xmlns:soapenv="http://schemas.xmlsoap.org/soap/envelope/" xmlns:v2="http://fidus.brussels/service/invoiceservice/messages/v2.0" xmlns:v11="http://fidus.brussels/type/common/messages/v1">
   <soapenv:Header/>
   <soapenv:Body>
      <v2:markDocumentRequest>
         <v2:messageContext>
            <v11:messageId>?</v11:messageId>
         </v2:messageContext>
         <v2:legalContext>ServiceIntegrator</v2:legalContext>
         <v2:request>
            <v12:receiverId xmlns:v12="http://fsb.belgium.be/einvoicing/simpleprior/v1_00">0316381039</v12:receiverId>
            <v12:senderId xmlns:v12="http://fsb.belgium.be/einvoicing/simpleprior/v1_00">0316381039</v12:senderId>
            <v12:documentType xmlns:v12="http://fsb.belgium.be/einvoicing/simpleprior/v1_00">380</v12:documentType>
            <v12:documentId xmlns:v12="http://fsb.belgium.be/einvoicing/simpleprior/v1_00">GOB003</v12:documentId>         
         </v2:request>
      </v2:markDocumentRequest>
   </soapenv:Body>
</soapenv:Envelope>]]></con:request><con:credentials><con:selectedAuthProfile>Basic</con:selectedAuthProfile><con:addedBasicAuthenticationTypes>Basic</con:addedBasicAuthenticationTypes><con:authType>Global HTTP Settings</con:authType></con:credentials><con:jmsConfig JMSDeliveryMode="PERSISTENT"/><con:jmsPropertyConfig/><con:wsaConfig mustUnderstand="NONE" version="200508" action="http://fidus.brussels/services/invoiceservice/markRequest"/><con:wsrmConfig version="1.2"/></con:call><con:call id="e60a91d4-96f5-4b65-bdeb-8e4b283309b2" name="3 - Test - Worker2 - Request" outgoingWss="Outflow TEST"><con:settings><con:setting id="com.eviware.soapui.impl.wsdl.WsdlRequest@request-headers">&lt;xml-fragment/></con:setting></con:settings><con:encoding>UTF-8</con:encoding><con:endpoint>https://192.168.22.54:8443/services/InvoiceService_v2.0</con:endpoint><con:request><![CDATA[<soapenv:Envelope xmlns:soapenv="http://schemas.xmlsoap.org/soap/envelope/" xmlns:v2="http://fidus.brussels/service/invoiceservice/messages/v2.0" xmlns:v11="http://fidus.brussels/type/common/messages/v1">
   <soapenv:Header/>
   <soapenv:Body>
      <v2:markDocumentRequest>
         <v2:messageContext>
            <v11:messageId>?</v11:messageId>
         </v2:messageContext>
         <v2:legalContext>ServiceIntegrator</v2:legalContext>
         <v2:request>
            <v12:receiverId xmlns:v12="http://fsb.belgium.be/einvoicing/simpleprior/v1_00">2222222222</v12:receiverId>
            <v12:senderId xmlns:v12="http://fsb.belgium.be/einvoicing/simpleprior/v1_00">0200013901</v12:senderId>
            <v12:documentType xmlns:v12="http://fsb.belgium.be/einvoicing/simpleprior/v1_00">380</v12:documentType>
            <v12:documentId xmlns:v12="http://fsb.belgium.be/einvoicing/simpleprior/v1_00">e878b54b-8a82-4bf3-8c8c-37eacdab2589</v12:documentId>         
         </v2:request>
      </v2:markDocumentRequest>
   </soapenv:Body>
</soapenv:Envelope>]]></con:request><con:credentials><con:selectedAuthProfile>Basic</con:selectedAuthProfile><con:addedBasicAuthenticationTypes>Basic</con:addedBasicAuthenticationTypes><con:authType>Global HTTP Settings</con:authType></con:credentials><con:jmsConfig JMSDeliveryMode="PERSISTENT"/><con:jmsPropertyConfig/><con:wsaConfig mustUnderstand="NONE" version="200508" action="http://fidus.brussels/services/invoiceservice/markRequest"/><con:wsrmConfig version="1.2"/></con:call><con:call id="73a540e6-f5a2-4901-a6bc-2a15f2100066" name="4 - Staging - External - Request" outgoingWss="Outflow STAG"><con:settings><con:setting id="com.eviware.soapui.impl.wsdl.WsdlRequest@request-headers">&lt;xml-fragment/></con:setting></con:settings><con:encoding>UTF-8</con:encoding><con:endpoint>https://fidus.irisnetlab.be/services/InvoiceService_v2.0</con:endpoint><con:request><![CDATA[<soapenv:Envelope xmlns:soapenv="http://schemas.xmlsoap.org/soap/envelope/" xmlns:v2="http://fidus.brussels/service/invoiceservice/messages/v2.0" xmlns:v11="http://fidus.brussels/type/common/messages/v1">
   <soapenv:Header/>
   <soapenv:Body>
      <v2:markDocumentRequest>
         <v2:messageContext>
            <v11:messageId>?</v11:messageId>
         </v2:messageContext>
         <v2:legalContext>ServiceIntegrator</v2:legalContext>
         <v2:request>
            <v12:receiverId xmlns:v12="http://fsb.belgium.be/einvoicing/simpleprior/v1_00">2222222222</v12:receiverId>
            <v12:senderId xmlns:v12="http://fsb.belgium.be/einvoicing/simpleprior/v1_00">0200013901</v12:senderId>
            <v12:documentType xmlns:v12="http://fsb.belgium.be/einvoicing/simpleprior/v1_00">380</v12:documentType>
            <v12:documentId xmlns:v12="http://fsb.belgium.be/einvoicing/simpleprior/v1_00">e878b54b-8a82-4bf3-8c8c-37eacdab2589</v12:documentId>         
         </v2:request>
      </v2:markDocumentRequest>
   </soapenv:Body>
</soapenv:Envelope>]]></con:request><con:credentials><con:selectedAuthProfile>Basic</con:selectedAuthProfile><con:addedBasicAuthenticationTypes>Basic</con:addedBasicAuthenticationTypes><con:authType>Global HTTP Settings</con:authType></con:credentials><con:jmsConfig JMSDeliveryMode="PERSISTENT"/><con:jmsPropertyConfig/><con:wsaConfig mustUnderstand="NONE" version="200508" action="http://fidus.brussels/services/invoiceservice/markRequest"/><con:wsrmConfig version="1.2"/></con:call><con:call id="e53cabcc-d6b4-42b1-9967-f5f46cbf66a3" name="4 - Staging - LB - Request" outgoingWss="Outflow STAG"><con:settings><con:setting id="com.eviware.soapui.impl.wsdl.WsdlRequest@request-headers">&lt;xml-fragment/></con:setting></con:settings><con:encoding>UTF-8</con:encoding><con:endpoint>https://fidus-esb-sg.sta.srv.cirb.lan:8443/services/InvoiceService_v2.0</con:endpoint><con:request><![CDATA[<soapenv:Envelope xmlns:soapenv="http://schemas.xmlsoap.org/soap/envelope/" xmlns:v2="http://fidus.brussels/service/invoiceservice/messages/v2.0" xmlns:v11="http://fidus.brussels/type/common/messages/v1">
   <soapenv:Header/>
   <soapenv:Body>
      <v2:markDocumentRequest>
         <v2:messageContext>
            <v11:messageId>?</v11:messageId>
         </v2:messageContext>
         <v2:legalContext>ServiceIntegrator</v2:legalContext>
         <v2:request>
            <v12:receiverId xmlns:v12="http://fsb.belgium.be/einvoicing/simpleprior/v1_00">2222222222</v12:receiverId>
            <v12:senderId xmlns:v12="http://fsb.belgium.be/einvoicing/simpleprior/v1_00">0200013901</v12:senderId>
            <v12:documentType xmlns:v12="http://fsb.belgium.be/einvoicing/simpleprior/v1_00">380</v12:documentType>
            <v12:documentId xmlns:v12="http://fsb.belgium.be/einvoicing/simpleprior/v1_00">e878b54b-8a82-4bf3-8c8c-37eacdab2589</v12:documentId>         
         </v2:request>
      </v2:markDocumentRequest>
   </soapenv:Body>
</soapenv:Envelope>]]></con:request><con:credentials><con:selectedAuthProfile>Basic</con:selectedAuthProfile><con:addedBasicAuthenticationTypes>Basic</con:addedBasicAuthenticationTypes><con:authType>Global HTTP Settings</con:authType></con:credentials><con:jmsConfig JMSDeliveryMode="PERSISTENT"/><con:jmsPropertyConfig/><con:wsaConfig mustUnderstand="NONE" version="200508" action="http://fidus.brussels/services/invoiceservice/markRequest"/><con:wsrmConfig version="1.2"/></con:call><con:call id="f44401a5-cb9e-410c-826b-a6f5c15c10d3" name="4 - Staging - Worker1 - Request" outgoingWss="Outflow STAG"><con:settings><con:setting id="com.eviware.soapui.impl.wsdl.WsdlRequest@request-headers">&lt;xml-fragment/></con:setting></con:settings><con:encoding>UTF-8</con:encoding><con:endpoint>https://192.168.24.16:8443/services/InvoiceService_v2.0</con:endpoint><con:request><![CDATA[<soapenv:Envelope xmlns:soapenv="http://schemas.xmlsoap.org/soap/envelope/" xmlns:v2="http://fidus.brussels/service/invoiceservice/messages/v2.0" xmlns:v11="http://fidus.brussels/type/common/messages/v1">
   <soapenv:Header/>
   <soapenv:Body>
      <v2:markDocumentRequest>
         <v2:messageContext>
            <v11:messageId>?</v11:messageId>
         </v2:messageContext>
         <v2:legalContext>ServiceIntegrator</v2:legalContext>
         <v2:request>
            <v12:receiverId xmlns:v12="http://fsb.belgium.be/einvoicing/simpleprior/v1_00">2222222222</v12:receiverId>
            <v12:senderId xmlns:v12="http://fsb.belgium.be/einvoicing/simpleprior/v1_00">0200013901</v12:senderId>
            <v12:documentType xmlns:v12="http://fsb.belgium.be/einvoicing/simpleprior/v1_00">380</v12:documentType>
            <v12:documentId xmlns:v12="http://fsb.belgium.be/einvoicing/simpleprior/v1_00">e878b54b-8a82-4bf3-8c8c-37eacdab2589</v12:documentId>         
         </v2:request>
      </v2:markDocumentRequest>
   </soapenv:Body>
</soapenv:Envelope>]]></con:request><con:credentials><con:selectedAuthProfile>Basic</con:selectedAuthProfile><con:addedBasicAuthenticationTypes>Basic</con:addedBasicAuthenticationTypes><con:authType>Global HTTP Settings</con:authType></con:credentials><con:jmsConfig JMSDeliveryMode="PERSISTENT"/><con:jmsPropertyConfig/><con:wsaConfig mustUnderstand="NONE" version="200508" action="http://fidus.brussels/services/invoiceservice/markRequest"/><con:wsrmConfig version="1.2"/></con:call><con:call id="7182faeb-b0a5-4a1e-b07c-b4dee502aff3" name="4 - Staging - Worker2 - Request" outgoingWss="Outflow STAG"><con:settings><con:setting id="com.eviware.soapui.impl.wsdl.WsdlRequest@request-headers">&lt;xml-fragment/></con:setting></con:settings><con:encoding>UTF-8</con:encoding><con:endpoint>https://192.168.24.17:8443/services/InvoiceService_v2.0</con:endpoint><con:request><![CDATA[<soapenv:Envelope xmlns:soapenv="http://schemas.xmlsoap.org/soap/envelope/" xmlns:v2="http://fidus.brussels/service/invoiceservice/messages/v2.0" xmlns:v11="http://fidus.brussels/type/common/messages/v1">
   <soapenv:Header/>
   <soapenv:Body>
      <v2:markDocumentRequest>
         <v2:messageContext>
            <v11:messageId>?</v11:messageId>
         </v2:messageContext>
         <v2:legalContext>ServiceIntegrator</v2:legalContext>
         <v2:request>
            <v12:receiverId xmlns:v12="http://fsb.belgium.be/einvoicing/simpleprior/v1_00">2222222222</v12:receiverId>
            <v12:senderId xmlns:v12="http://fsb.belgium.be/einvoicing/simpleprior/v1_00">0200013901</v12:senderId>
            <v12:documentType xmlns:v12="http://fsb.belgium.be/einvoicing/simpleprior/v1_00">380</v12:documentType>
            <v12:documentId xmlns:v12="http://fsb.belgium.be/einvoicing/simpleprior/v1_00">e878b54b-8a82-4bf3-8c8c-37eacdab2589</v12:documentId>         
         </v2:request>
      </v2:markDocumentRequest>
   </soapenv:Body>
</soapenv:Envelope>]]></con:request><con:credentials><con:selectedAuthProfile>Basic</con:selectedAuthProfile><con:addedBasicAuthenticationTypes>Basic</con:addedBasicAuthenticationTypes><con:authType>Global HTTP Settings</con:authType></con:credentials><con:jmsConfig JMSDeliveryMode="PERSISTENT"/><con:jmsPropertyConfig/><con:wsaConfig mustUnderstand="NONE" version="200508" action="http://fidus.brussels/services/invoiceservice/markRequest"/><con:wsrmConfig version="1.2"/></con:call><con:call id="e5937b2c-edbc-404d-a53d-1636f107c0d7" name="5 - Prod - External - Request" outgoingWss="Outflow PROD"><con:settings><con:setting id="com.eviware.soapui.impl.wsdl.WsdlRequest@request-headers">&lt;xml-fragment/></con:setting></con:settings><con:encoding>UTF-8</con:encoding><con:endpoint>https://fidus.sec.brussels/services/InvoiceService_v2.0</con:endpoint><con:request><![CDATA[<soapenv:Envelope xmlns:soapenv="http://schemas.xmlsoap.org/soap/envelope/" xmlns:v2="http://fidus.brussels/service/invoiceservice/messages/v2.0" xmlns:v11="http://fidus.brussels/type/common/messages/v1">
   <soapenv:Header/>
   <soapenv:Body>
      <v2:markDocumentRequest>
         <v2:messageContext>
            <v11:messageId>?</v11:messageId>
         </v2:messageContext>
         <v2:legalContext>ServiceIntegrator</v2:legalContext>
         <v2:request>
            <v12:receiverId xmlns:v12="http://fsb.belgium.be/einvoicing/simpleprior/v1_00">2222222222</v12:receiverId>
            <v12:senderId xmlns:v12="http://fsb.belgium.be/einvoicing/simpleprior/v1_00">0200013901</v12:senderId>
            <v12:documentType xmlns:v12="http://fsb.belgium.be/einvoicing/simpleprior/v1_00">380</v12:documentType>
            <v12:documentId xmlns:v12="http://fsb.belgium.be/einvoicing/simpleprior/v1_00">e878b54b-8a82-4bf3-8c8c-37eacdab2589</v12:documentId>         
         </v2:request>
      </v2:markDocumentRequest>
   </soapenv:Body>
</soapenv:Envelope>]]></con:request><con:credentials><con:selectedAuthProfile>Basic</con:selectedAuthProfile><con:addedBasicAuthenticationTypes>Basic</con:addedBasicAuthenticationTypes><con:authType>Global HTTP Settings</con:authType></con:credentials><con:jmsConfig JMSDeliveryMode="PERSISTENT"/><con:jmsPropertyConfig/><con:wsaConfig mustUnderstand="NONE" version="200508" action="http://fidus.brussels/services/invoiceservice/markRequest"/><con:wsrmConfig version="1.2"/></con:call><con:call id="f53ee2a3-0c73-45f2-8430-3e25285e0b52" name="5 - Prod - LB - Request" outgoingWss="Outflow PROD"><con:settings><con:setting id="com.eviware.soapui.impl.wsdl.WsdlRequest@request-headers">&lt;xml-fragment/></con:setting></con:settings><con:encoding>UTF-8</con:encoding><con:endpoint>https://fidus-esb-sg.prd.srv.cirb.lan:8443/services/InvoiceService_v2.0</con:endpoint><con:request><![CDATA[<soapenv:Envelope xmlns:soapenv="http://schemas.xmlsoap.org/soap/envelope/" xmlns:v2="http://fidus.brussels/service/invoiceservice/messages/v2.0" xmlns:v11="http://fidus.brussels/type/common/messages/v1">
   <soapenv:Header/>
   <soapenv:Body>
      <v2:markDocumentRequest>
         <v2:messageContext>
            <v11:messageId>?</v11:messageId>
         </v2:messageContext>
         <v2:legalContext>ServiceIntegrator</v2:legalContext>
         <v2:request>
            <v12:receiverId xmlns:v12="http://fsb.belgium.be/einvoicing/simpleprior/v1_00">2222222222</v12:receiverId>
            <v12:senderId xmlns:v12="http://fsb.belgium.be/einvoicing/simpleprior/v1_00">0200013901</v12:senderId>
            <v12:documentType xmlns:v12="http://fsb.belgium.be/einvoicing/simpleprior/v1_00">380</v12:documentType>
            <v12:documentId xmlns:v12="http://fsb.belgium.be/einvoicing/simpleprior/v1_00">e878b54b-8a82-4bf3-8c8c-37eacdab2589</v12:documentId>         
         </v2:request>
      </v2:markDocumentRequest>
   </soapenv:Body>
</soapenv:Envelope>]]></con:request><con:credentials><con:selectedAuthProfile>Basic</con:selectedAuthProfile><con:addedBasicAuthenticationTypes>Basic</con:addedBasicAuthenticationTypes><con:authType>Global HTTP Settings</con:authType></con:credentials><con:jmsConfig JMSDeliveryMode="PERSISTENT"/><con:jmsPropertyConfig/><con:wsaConfig mustUnderstand="NONE" version="200508" action="http://fidus.brussels/services/invoiceservice/markRequest"/><con:wsrmConfig version="1.2"/></con:call><con:call id="14e3c581-0f8e-40d0-8f03-9c616ca24bc1" name="5 - Prod - Worker1 - Request" outgoingWss="Outflow PROD"><con:settings><con:setting id="com.eviware.soapui.impl.wsdl.WsdlRequest@request-headers">&lt;xml-fragment/></con:setting></con:settings><con:encoding>UTF-8</con:encoding><con:endpoint>https://192.168.26.22:8443/services/InvoiceService_v2.0</con:endpoint><con:request><![CDATA[<soapenv:Envelope xmlns:soapenv="http://schemas.xmlsoap.org/soap/envelope/" xmlns:v2="http://fidus.brussels/service/invoiceservice/messages/v2.0" xmlns:v1="http://fidus.brussels/service/invoiceservice/messages/v1.2" xmlns:v11="http://fidus.brussels/type/common/messages/v1" xmlns:urn="urn:oasis:names:specification:ubl:schema:xsd:CommonAggregateComponents-2" xmlns:urn1="urn:oasis:names:specification:ubl:schema:xsd:CommonBasicComponents-2">
   <soapenv:Header/>
   <soapenv:Body>
      <v2:markDocumentRequest>
         <v2:messageContext>
            <v11:messageId>?</v11:messageId>
         </v2:messageContext>
         <v2:legalContext>?</v2:legalContext>
         <v2:request>
            <v12:receiverId xmlns:v12="http://fsb.belgium.be/einvoicing/simpleprior/v1_00">?</v12:receiverId>
            <v12:senderId xmlns:v12="http://fsb.belgium.be/einvoicing/simpleprior/v1_00">?</v12:senderId>
            <v12:documentType xmlns:v12="http://fsb.belgium.be/einvoicing/simpleprior/v1_00">?</v12:documentType>
            <v12:documentId xmlns:v12="http://fsb.belgium.be/einvoicing/simpleprior/v1_00">?</v12:documentId>
         </v2:request>
      </v2:markDocumentRequest>
   </soapenv:Body>
</soapenv:Envelope>]]></con:request><con:credentials><con:selectedAuthProfile>Basic</con:selectedAuthProfile><con:addedBasicAuthenticationTypes>Basic</con:addedBasicAuthenticationTypes><con:authType>Global HTTP Settings</con:authType></con:credentials><con:jmsConfig JMSDeliveryMode="PERSISTENT"/><con:jmsPropertyConfig/><con:wsaConfig mustUnderstand="NONE" version="200508" action="http://fidus.brussels/services/invoiceservice/markRequest"/><con:wsrmConfig version="1.2"/></con:call><con:call id="34362480-5886-42f1-981c-55a9b55595b8" name="5 - Prod - Worker2 - Request" outgoingWss="Outflow PROD"><con:settings><con:setting id="com.eviware.soapui.impl.wsdl.WsdlRequest@request-headers">&lt;xml-fragment/></con:setting></con:settings><con:encoding>UTF-8</con:encoding><con:endpoint>https://192.168.26.19:8443/services/InvoiceService_v2.0</con:endpoint><con:request><![CDATA[<soapenv:Envelope xmlns:soapenv="http://schemas.xmlsoap.org/soap/envelope/" xmlns:v2="http://fidus.brussels/service/invoiceservice/messages/v2.0" xmlns:v1="http://fidus.brussels/service/invoiceservice/messages/v1.2" xmlns:v11="http://fidus.brussels/type/common/messages/v1" xmlns:urn="urn:oasis:names:specification:ubl:schema:xsd:CommonAggregateComponents-2" xmlns:urn1="urn:oasis:names:specification:ubl:schema:xsd:CommonBasicComponents-2">
   <soapenv:Header/>
   <soapenv:Body>
      <v2:markDocumentRequest>
         <v2:messageContext>
            <v11:messageId>?</v11:messageId>
         </v2:messageContext>
         <v2:legalContext>?</v2:legalContext>
         <v2:request>
            <v12:receiverId xmlns:v12="http://fsb.belgium.be/einvoicing/simpleprior/v1_00">?</v12:receiverId>
            <v12:senderId xmlns:v12="http://fsb.belgium.be/einvoicing/simpleprior/v1_00">?</v12:senderId>
            <v12:documentType xmlns:v12="http://fsb.belgium.be/einvoicing/simpleprior/v1_00">?</v12:documentType>
            <v12:documentId xmlns:v12="http://fsb.belgium.be/einvoicing/simpleprior/v1_00">?</v12:documentId>
         </v2:request>
      </v2:markDocumentRequest>
   </soapenv:Body>
</soapenv:Envelope>]]></con:request><con:credentials><con:selectedAuthProfile>Basic</con:selectedAuthProfile><con:addedBasicAuthenticationTypes>Basic</con:addedBasicAuthenticationTypes><con:authType>Global HTTP Settings</con:authType></con:credentials><con:jmsConfig JMSDeliveryMode="PERSISTENT"/><con:jmsPropertyConfig/><con:wsaConfig mustUnderstand="NONE" version="200508" action="http://fidus.brussels/services/invoiceservice/markRequest"/><con:wsrmConfig version="1.2"/></con:call></con:operation><con:operation id="9abadbef-5491-4153-b2f0-c706ab494a58" isOneWay="false" action="http://fidus.brussels/services/invoiceservice/retrieveDocument" name="retrieveDocument" bindingOperationName="retrieveDocument" type="Request-Response" inputName="" receivesAttachments="false" sendsAttachments="false" anonymous="optional"><con:settings/><con:call id="d5913743-65b6-4f0e-830d-08b91ac12fca" name="1 - Local - Request" outgoingWss="Outflow DEV"><con:settings><con:setting id="com.eviware.soapui.impl.wsdl.WsdlRequest@request-headers">&lt;xml-fragment/></con:setting></con:settings><con:encoding>UTF-8</con:encoding><con:endpoint>https://localhost:8243/services/InvoiceService_v2.0</con:endpoint><con:request><![CDATA[<soapenv:Envelope xmlns:soapenv="http://schemas.xmlsoap.org/soap/envelope/" xmlns:v2="http://fidus.brussels/service/invoiceservice/messages/v2.0" xmlns:v11="http://fidus.brussels/type/common/messages/v1">
   <soapenv:Header/>
   <soapenv:Body>
      <v2:retrieveDocumentRequest>
         <v2:messageContext>
            <v11:messageId>?</v11:messageId>
         </v2:messageContext>
         <v2:legalContext>ServiceIntegrator</v2:legalContext>
         <v2:request>
            <v12:receiverId xmlns:v12="http://fsb.belgium.be/einvoicing/simpleprior/v1_00">0463152333</v12:receiverId>
            <v12:senderId xmlns:v12="http://fsb.belgium.be/einvoicing/simpleprior/v1_00">0200013901</v12:senderId>
            <v12:documentType xmlns:v12="http://fsb.belgium.be/einvoicing/simpleprior/v1_00">380</v12:documentType>
            <v12:documentId xmlns:v12="http://fsb.belgium.be/einvoicing/simpleprior/v1_00">118120479086FAKDEC-20-5B</v12:documentId>         
         </v2:request>
      </v2:retrieveDocumentRequest>
   </soapenv:Body>
</soapenv:Envelope>]]></con:request><con:credentials><con:selectedAuthProfile>Basic</con:selectedAuthProfile><con:addedBasicAuthenticationTypes>Basic</con:addedBasicAuthenticationTypes><con:authType>Global HTTP Settings</con:authType></con:credentials><con:jmsConfig JMSDeliveryMode="PERSISTENT"/><con:jmsPropertyConfig/><con:wsaConfig mustUnderstand="NONE" version="200508" action="http://fidus.brussels/services/invoiceservice/retrieveRequest"/><con:wsrmConfig version="1.2"/></con:call><con:call id="f9cdb41a-57ba-40b3-8433-50712fb81a27" name="2 - Dev - Request" outgoingWss="Outflow DEV"><con:settings><con:setting id="com.eviware.soapui.impl.wsdl.WsdlRequest@request-headers">&lt;xml-fragment/></con:setting></con:settings><con:encoding>UTF-8</con:encoding><con:endpoint>https://192.168.36.61:8243/services/InvoiceService_v2.0</con:endpoint><con:request><![CDATA[<soapenv:Envelope xmlns:soapenv="http://schemas.xmlsoap.org/soap/envelope/" xmlns:v2="http://fidus.brussels/service/invoiceservice/messages/v2.0" xmlns:v11="http://fidus.brussels/type/common/messages/v1">
   <soapenv:Header/>
   <soapenv:Body>
      <v2:retrieveDocumentRequest>
         <v2:messageContext>
            <v11:messageId>?</v11:messageId>
         </v2:messageContext>
         <v2:legalContext>ServiceIntegrator</v2:legalContext>
         <v2:request>
            <v12:receiverId xmlns:v12="http://fsb.belgium.be/einvoicing/simpleprior/v1_00">0463152333</v12:receiverId>
            <v12:senderId xmlns:v12="http://fsb.belgium.be/einvoicing/simpleprior/v1_00">0200013901</v12:senderId>
            <v12:documentType xmlns:v12="http://fsb.belgium.be/einvoicing/simpleprior/v1_00">380</v12:documentType>
            <v12:documentId xmlns:v12="http://fsb.belgium.be/einvoicing/simpleprior/v1_00">118120479086FAKDEC-20-5B</v12:documentId>         
         </v2:request>
      </v2:retrieveDocumentRequest>
   </soapenv:Body>
</soapenv:Envelope>]]></con:request><con:credentials><con:selectedAuthProfile>Basic</con:selectedAuthProfile><con:addedBasicAuthenticationTypes>Basic</con:addedBasicAuthenticationTypes><con:authType>Global HTTP Settings</con:authType></con:credentials><con:jmsConfig JMSDeliveryMode="PERSISTENT"/><con:jmsPropertyConfig/><con:wsaConfig mustUnderstand="NONE" version="200508" action="http://fidus.brussels/services/invoiceservice/retrieveRequest"/><con:wsrmConfig version="1.2"/></con:call><con:call id="8037ec9f-4934-4d94-b585-777c4e4c0570" name="3 - Test - External - Request" outgoingWss="Outflow TEST"><con:settings><con:setting id="com.eviware.soapui.impl.wsdl.WsdlRequest@request-headers">&lt;xml-fragment/></con:setting></con:settings><con:encoding>UTF-8</con:encoding><con:endpoint>https://fidus-test.irisnetlab.be/services/InvoiceService_v2.0</con:endpoint><con:request><![CDATA[<soapenv:Envelope xmlns:soapenv="http://schemas.xmlsoap.org/soap/envelope/" xmlns:v2="http://fidus.brussels/service/invoiceservice/messages/v2.0" xmlns:v11="http://fidus.brussels/type/common/messages/v1">
   <soapenv:Header/>
   <soapenv:Body>
      <v2:retrieveDocumentRequest>
         <v2:messageContext>
            <v11:messageId>?</v11:messageId>
         </v2:messageContext>
         <v2:legalContext>ServiceIntegrator</v2:legalContext>
         <v2:request>
            <v12:receiverId xmlns:v12="http://fsb.belgium.be/einvoicing/simpleprior/v1_00">0463152333</v12:receiverId>
            <v12:senderId xmlns:v12="http://fsb.belgium.be/einvoicing/simpleprior/v1_00">0200013901</v12:senderId>
            <v12:documentType xmlns:v12="http://fsb.belgium.be/einvoicing/simpleprior/v1_00">380</v12:documentType>
            <v12:documentId xmlns:v12="http://fsb.belgium.be/einvoicing/simpleprior/v1_00">118120479086FAKDEC-20-5B</v12:documentId>         
         </v2:request>
      </v2:retrieveDocumentRequest>
   </soapenv:Body>
</soapenv:Envelope>]]></con:request><con:credentials><con:selectedAuthProfile>Basic</con:selectedAuthProfile><con:addedBasicAuthenticationTypes>Basic</con:addedBasicAuthenticationTypes><con:authType>Global HTTP Settings</con:authType></con:credentials><con:jmsConfig JMSDeliveryMode="PERSISTENT"/><con:jmsPropertyConfig/><con:wsaConfig mustUnderstand="NONE" version="200508" action="http://fidus.brussels/services/invoiceservice/retrieveRequest"/><con:wsrmConfig version="1.2"/></con:call><con:call id="78eb90f7-7055-4654-85bf-433b67f75418" name="3 - Test - LB - Request" outgoingWss="Outflow TEST"><con:settings><con:setting id="com.eviware.soapui.impl.wsdl.WsdlRequest@request-headers">&lt;xml-fragment/></con:setting></con:settings><con:encoding>UTF-8</con:encoding><con:endpoint>https://esb-security-gw.sta.srv.cirb.lan:8443/services/InvoiceService_v2.0</con:endpoint><con:request><![CDATA[<soapenv:Envelope xmlns:soapenv="http://schemas.xmlsoap.org/soap/envelope/" xmlns:v2="http://fidus.brussels/service/invoiceservice/messages/v2.0" xmlns:v11="http://fidus.brussels/type/common/messages/v1">
   <soapenv:Header/>
   <soapenv:Body>
      <v2:retrieveDocumentRequest>
         <v2:messageContext>
            <v11:messageId>?</v11:messageId>
         </v2:messageContext>
         <v2:legalContext>ServiceIntegrator</v2:legalContext>
         <v2:request>
            <v12:receiverId xmlns:v12="http://fsb.belgium.be/einvoicing/simpleprior/v1_00">0463152333</v12:receiverId>
            <v12:senderId xmlns:v12="http://fsb.belgium.be/einvoicing/simpleprior/v1_00">0200013901</v12:senderId>
            <v12:documentType xmlns:v12="http://fsb.belgium.be/einvoicing/simpleprior/v1_00">380</v12:documentType>
            <v12:documentId xmlns:v12="http://fsb.belgium.be/einvoicing/simpleprior/v1_00">118120479086FAKDEC-20-5B</v12:documentId>         
         </v2:request>
      </v2:retrieveDocumentRequest>
   </soapenv:Body>
</soapenv:Envelope>]]></con:request><con:credentials><con:selectedAuthProfile>Basic</con:selectedAuthProfile><con:addedBasicAuthenticationTypes>Basic</con:addedBasicAuthenticationTypes><con:authType>Global HTTP Settings</con:authType></con:credentials><con:jmsConfig JMSDeliveryMode="PERSISTENT"/><con:jmsPropertyConfig/><con:wsaConfig mustUnderstand="NONE" version="200508" action="http://fidus.brussels/services/invoiceservice/retrieveRequest"/><con:wsrmConfig version="1.2"/></con:call><con:call id="027bd321-a952-48c9-a208-7f3cc5986e10" name="3 - Test - Worker1 - Request" outgoingWss="Outflow TEST"><con:settings><con:setting id="com.eviware.soapui.impl.wsdl.WsdlRequest@request-headers">&lt;xml-fragment/></con:setting></con:settings><con:encoding>UTF-8</con:encoding><con:endpoint>https://192.168.22.53:8443/services/InvoiceService_v2.0</con:endpoint><con:request><![CDATA[<soapenv:Envelope xmlns:soapenv="http://schemas.xmlsoap.org/soap/envelope/" xmlns:v2="http://fidus.brussels/service/invoiceservice/messages/v2.0" xmlns:v11="http://fidus.brussels/type/common/messages/v1">
   <soapenv:Header/>
   <soapenv:Body>
      <v2:retrieveDocumentRequest>
         <v2:messageContext>
            <v11:messageId>?</v11:messageId>
         </v2:messageContext>
         <v2:legalContext>ServiceIntegrator</v2:legalContext>
         <v2:request>
            <v12:receiverId xmlns:v12="http://fsb.belgium.be/einvoicing/simpleprior/v1_00">0463152333</v12:receiverId>
            <v12:senderId xmlns:v12="http://fsb.belgium.be/einvoicing/simpleprior/v1_00">0200013901</v12:senderId>
            <v12:documentType xmlns:v12="http://fsb.belgium.be/einvoicing/simpleprior/v1_00">380</v12:documentType>
            <v12:documentId xmlns:v12="http://fsb.belgium.be/einvoicing/simpleprior/v1_00">118120479086FAKDEC-20-5B</v12:documentId>         
         </v2:request>
      </v2:retrieveDocumentRequest>
   </soapenv:Body>
</soapenv:Envelope>]]></con:request><con:credentials><con:selectedAuthProfile>Basic</con:selectedAuthProfile><con:addedBasicAuthenticationTypes>Basic</con:addedBasicAuthenticationTypes><con:authType>Global HTTP Settings</con:authType></con:credentials><con:jmsConfig JMSDeliveryMode="PERSISTENT"/><con:jmsPropertyConfig/><con:wsaConfig mustUnderstand="NONE" version="200508" action="http://fidus.brussels/services/invoiceservice/retrieveRequest"/><con:wsrmConfig version="1.2"/></con:call><con:call id="2d581a36-f256-4d84-8197-15cc02258f0a" name="3 - Test - Worker2 - Request" outgoingWss="Outflow TEST"><con:settings><con:setting id="com.eviware.soapui.impl.wsdl.WsdlRequest@request-headers">&lt;xml-fragment/></con:setting></con:settings><con:encoding>UTF-8</con:encoding><con:endpoint>https://192.168.22.54:8443/services/InvoiceService_v2.0</con:endpoint><con:request><![CDATA[<soapenv:Envelope xmlns:soapenv="http://schemas.xmlsoap.org/soap/envelope/" xmlns:v2="http://fidus.brussels/service/invoiceservice/messages/v2.0" xmlns:v11="http://fidus.brussels/type/common/messages/v1">
   <soapenv:Header/>
   <soapenv:Body>
      <v2:retrieveDocumentRequest>
         <v2:messageContext>
            <v11:messageId>?</v11:messageId>
         </v2:messageContext>
         <v2:legalContext>ServiceIntegrator</v2:legalContext>
         <v2:request>
            <v12:receiverId xmlns:v12="http://fsb.belgium.be/einvoicing/simpleprior/v1_00">0463152333</v12:receiverId>
            <v12:senderId xmlns:v12="http://fsb.belgium.be/einvoicing/simpleprior/v1_00">0200013901</v12:senderId>
            <v12:documentType xmlns:v12="http://fsb.belgium.be/einvoicing/simpleprior/v1_00">380</v12:documentType>
            <v12:documentId xmlns:v12="http://fsb.belgium.be/einvoicing/simpleprior/v1_00">118120479086FAKDEC-20-5B</v12:documentId>         
         </v2:request>
      </v2:retrieveDocumentRequest>
   </soapenv:Body>
</soapenv:Envelope>]]></con:request><con:credentials><con:selectedAuthProfile>Basic</con:selectedAuthProfile><con:addedBasicAuthenticationTypes>Basic</con:addedBasicAuthenticationTypes><con:authType>Global HTTP Settings</con:authType></con:credentials><con:jmsConfig JMSDeliveryMode="PERSISTENT"/><con:jmsPropertyConfig/><con:wsaConfig mustUnderstand="NONE" version="200508" action="http://fidus.brussels/services/invoiceservice/retrieveRequest"/><con:wsrmConfig version="1.2"/></con:call><con:call id="9be5211e-f9bf-43c8-8905-558971855457" name="4 - Staging - External - Request" outgoingWss="Outflow STAG"><con:settings><con:setting id="com.eviware.soapui.impl.wsdl.WsdlRequest@request-headers">&lt;xml-fragment/></con:setting></con:settings><con:encoding>UTF-8</con:encoding><con:endpoint>https://fidus.irisnetlab.be/services/InvoiceService_v2.0</con:endpoint><con:request><![CDATA[<soapenv:Envelope xmlns:soapenv="http://schemas.xmlsoap.org/soap/envelope/" xmlns:v2="http://fidus.brussels/service/invoiceservice/messages/v2.0" xmlns:v11="http://fidus.brussels/type/common/messages/v1">
   <soapenv:Header/>
   <soapenv:Body>
      <v2:retrieveDocumentRequest>
         <v2:messageContext>
            <v11:messageId>?</v11:messageId>
         </v2:messageContext>
         <v2:legalContext>ServiceIntegrator</v2:legalContext>
         <v2:request>
            <v12:receiverId xmlns:v12="http://fsb.belgium.be/einvoicing/simpleprior/v1_00">0463152333</v12:receiverId>
            <v12:senderId xmlns:v12="http://fsb.belgium.be/einvoicing/simpleprior/v1_00">0200013901</v12:senderId>
            <v12:documentType xmlns:v12="http://fsb.belgium.be/einvoicing/simpleprior/v1_00">380</v12:documentType>
            <v12:documentId xmlns:v12="http://fsb.belgium.be/einvoicing/simpleprior/v1_00">118120479086FAKDEC-20-5B</v12:documentId>         
         </v2:request>
      </v2:retrieveDocumentRequest>
   </soapenv:Body>
</soapenv:Envelope>]]></con:request><con:credentials><con:selectedAuthProfile>Basic</con:selectedAuthProfile><con:addedBasicAuthenticationTypes>Basic</con:addedBasicAuthenticationTypes><con:authType>Global HTTP Settings</con:authType></con:credentials><con:jmsConfig JMSDeliveryMode="PERSISTENT"/><con:jmsPropertyConfig/><con:wsaConfig mustUnderstand="NONE" version="200508" action="http://fidus.brussels/services/invoiceservice/retrieveRequest"/><con:wsrmConfig version="1.2"/></con:call><con:call id="85f4c695-35f7-46b1-a60b-db44d2effd5d" name="4 - Staging - LB - Request" outgoingWss="Outflow STAG"><con:settings><con:setting id="com.eviware.soapui.impl.wsdl.WsdlRequest@request-headers">&lt;xml-fragment/></con:setting></con:settings><con:encoding>UTF-8</con:encoding><con:endpoint>https://fidus-esb-sg.sta.srv.cirb.lan:8443/services/InvoiceService_v2.0</con:endpoint><con:request><![CDATA[<soapenv:Envelope xmlns:soapenv="http://schemas.xmlsoap.org/soap/envelope/" xmlns:v2="http://fidus.brussels/service/invoiceservice/messages/v2.0" xmlns:v11="http://fidus.brussels/type/common/messages/v1">
   <soapenv:Header/>
   <soapenv:Body>
      <v2:retrieveDocumentRequest>
         <v2:messageContext>
            <v11:messageId>?</v11:messageId>
         </v2:messageContext>
         <v2:legalContext>ServiceIntegrator</v2:legalContext>
         <v2:request>
            <v12:receiverId xmlns:v12="http://fsb.belgium.be/einvoicing/simpleprior/v1_00">0463152333</v12:receiverId>
            <v12:senderId xmlns:v12="http://fsb.belgium.be/einvoicing/simpleprior/v1_00">0200013901</v12:senderId>
            <v12:documentType xmlns:v12="http://fsb.belgium.be/einvoicing/simpleprior/v1_00">380</v12:documentType>
            <v12:documentId xmlns:v12="http://fsb.belgium.be/einvoicing/simpleprior/v1_00">118120479086FAKDEC-20-5B</v12:documentId>         
         </v2:request>
      </v2:retrieveDocumentRequest>
   </soapenv:Body>
</soapenv:Envelope>]]></con:request><con:credentials><con:selectedAuthProfile>Basic</con:selectedAuthProfile><con:addedBasicAuthenticationTypes>Basic</con:addedBasicAuthenticationTypes><con:authType>Global HTTP Settings</con:authType></con:credentials><con:jmsConfig JMSDeliveryMode="PERSISTENT"/><con:jmsPropertyConfig/><con:wsaConfig mustUnderstand="NONE" version="200508" action="http://fidus.brussels/services/invoiceservice/retrieveRequest"/><con:wsrmConfig version="1.2"/></con:call><con:call id="3550d1c0-c54a-4d84-a323-27b40a392363" name="4 - Staging - Worker1 - Request" outgoingWss="Outflow STAG"><con:settings><con:setting id="com.eviware.soapui.impl.wsdl.WsdlRequest@request-headers">&lt;xml-fragment/></con:setting></con:settings><con:encoding>UTF-8</con:encoding><con:endpoint>https://192.168.24.16:8443/services/InvoiceService_v2.0</con:endpoint><con:request><![CDATA[<soapenv:Envelope xmlns:soapenv="http://schemas.xmlsoap.org/soap/envelope/" xmlns:v2="http://fidus.brussels/service/invoiceservice/messages/v2.0" xmlns:v11="http://fidus.brussels/type/common/messages/v1">
   <soapenv:Header/>
   <soapenv:Body>
      <v2:retrieveDocumentRequest>
         <v2:messageContext>
            <v11:messageId>?</v11:messageId>
         </v2:messageContext>
         <v2:legalContext>ServiceIntegrator</v2:legalContext>
         <v2:request>
            <v12:receiverId xmlns:v12="http://fsb.belgium.be/einvoicing/simpleprior/v1_00">0463152333</v12:receiverId>
            <v12:senderId xmlns:v12="http://fsb.belgium.be/einvoicing/simpleprior/v1_00">0200013901</v12:senderId>
            <v12:documentType xmlns:v12="http://fsb.belgium.be/einvoicing/simpleprior/v1_00">380</v12:documentType>
            <v12:documentId xmlns:v12="http://fsb.belgium.be/einvoicing/simpleprior/v1_00">118120479086FAKDEC-20-5B</v12:documentId>         
         </v2:request>
      </v2:retrieveDocumentRequest>
   </soapenv:Body>
</soapenv:Envelope>]]></con:request><con:credentials><con:selectedAuthProfile>Basic</con:selectedAuthProfile><con:addedBasicAuthenticationTypes>Basic</con:addedBasicAuthenticationTypes><con:authType>Global HTTP Settings</con:authType></con:credentials><con:jmsConfig JMSDeliveryMode="PERSISTENT"/><con:jmsPropertyConfig/><con:wsaConfig mustUnderstand="NONE" version="200508" action="http://fidus.brussels/services/invoiceservice/retrieveRequest"/><con:wsrmConfig version="1.2"/></con:call><con:call id="666a6169-ae5f-482d-bad1-0a1be71a00fe" name="4 - Staging - Worker2 - Request" outgoingWss="Outflow STAG"><con:settings><con:setting id="com.eviware.soapui.impl.wsdl.WsdlRequest@request-headers">&lt;xml-fragment/></con:setting></con:settings><con:encoding>UTF-8</con:encoding><con:endpoint>https://192.168.24.17:8443/services/InvoiceService_v2.0</con:endpoint><con:request><![CDATA[<soapenv:Envelope xmlns:soapenv="http://schemas.xmlsoap.org/soap/envelope/" xmlns:v2="http://fidus.brussels/service/invoiceservice/messages/v2.0" xmlns:v11="http://fidus.brussels/type/common/messages/v1">
   <soapenv:Header/>
   <soapenv:Body>
      <v2:retrieveDocumentRequest>
         <v2:messageContext>
            <v11:messageId>?</v11:messageId>
         </v2:messageContext>
         <v2:legalContext>ServiceIntegrator</v2:legalContext>
         <v2:request>
            <v12:receiverId xmlns:v12="http://fsb.belgium.be/einvoicing/simpleprior/v1_00">0463152333</v12:receiverId>
            <v12:senderId xmlns:v12="http://fsb.belgium.be/einvoicing/simpleprior/v1_00">0200013901</v12:senderId>
            <v12:documentType xmlns:v12="http://fsb.belgium.be/einvoicing/simpleprior/v1_00">380</v12:documentType>
            <v12:documentId xmlns:v12="http://fsb.belgium.be/einvoicing/simpleprior/v1_00">118120479086FAKDEC-20-5B</v12:documentId>         
         </v2:request>
      </v2:retrieveDocumentRequest>
   </soapenv:Body>
</soapenv:Envelope>]]></con:request><con:credentials><con:selectedAuthProfile>Basic</con:selectedAuthProfile><con:addedBasicAuthenticationTypes>Basic</con:addedBasicAuthenticationTypes><con:authType>Global HTTP Settings</con:authType></con:credentials><con:jmsConfig JMSDeliveryMode="PERSISTENT"/><con:jmsPropertyConfig/><con:wsaConfig mustUnderstand="NONE" version="200508" action="http://fidus.brussels/services/invoiceservice/retrieveRequest"/><con:wsrmConfig version="1.2"/></con:call><con:call id="9dbbed22-9cd0-4756-bea4-0184924e94d3" name="5 - Prod - External - Request" outgoingWss="Outflow PROD"><con:settings><con:setting id="com.eviware.soapui.impl.wsdl.WsdlRequest@request-headers">&lt;xml-fragment/></con:setting></con:settings><con:encoding>UTF-8</con:encoding><con:endpoint>https://fidus.sec.brussels/services/InvoiceService_v2.0</con:endpoint><con:request><![CDATA[<soapenv:Envelope xmlns:soapenv="http://schemas.xmlsoap.org/soap/envelope/" xmlns:v2="http://fidus.brussels/service/invoiceservice/messages/v2.0" xmlns:v11="http://fidus.brussels/type/common/messages/v1">
   <soapenv:Header/>
   <soapenv:Body>
      <v2:retrieveDocumentRequest>
         <v2:messageContext>
            <v11:messageId>?</v11:messageId>
         </v2:messageContext>
         <v2:legalContext>ServiceIntegrator</v2:legalContext>
         <v2:request>
            <v12:receiverId xmlns:v12="http://fsb.belgium.be/einvoicing/simpleprior/v1_00">0463152333</v12:receiverId>
            <v12:senderId xmlns:v12="http://fsb.belgium.be/einvoicing/simpleprior/v1_00">0200013901</v12:senderId>
            <v12:documentType xmlns:v12="http://fsb.belgium.be/einvoicing/simpleprior/v1_00">380</v12:documentType>
            <v12:documentId xmlns:v12="http://fsb.belgium.be/einvoicing/simpleprior/v1_00">118120479086FAKDEC-20-5B</v12:documentId>         
         </v2:request>
      </v2:retrieveDocumentRequest>
   </soapenv:Body>
</soapenv:Envelope>]]></con:request><con:credentials><con:selectedAuthProfile>Basic</con:selectedAuthProfile><con:addedBasicAuthenticationTypes>Basic</con:addedBasicAuthenticationTypes><con:authType>Global HTTP Settings</con:authType></con:credentials><con:jmsConfig JMSDeliveryMode="PERSISTENT"/><con:jmsPropertyConfig/><con:wsaConfig mustUnderstand="NONE" version="200508" action="http://fidus.brussels/services/invoiceservice/retrieveRequest"/><con:wsrmConfig version="1.2"/></con:call><con:call id="290d553f-c17f-4a47-95b3-21b6c757a5c5" name="5 - Prod - LB - Request" outgoingWss="Outflow PROD"><con:settings><con:setting id="com.eviware.soapui.impl.wsdl.WsdlRequest@request-headers">&lt;xml-fragment/></con:setting></con:settings><con:encoding>UTF-8</con:encoding><con:endpoint>https://fidus-esb-sg.prd.srv.cirb.lan:8443/services/InvoiceService_v2.0</con:endpoint><con:request><![CDATA[<soapenv:Envelope xmlns:soapenv="http://schemas.xmlsoap.org/soap/envelope/" xmlns:v2="http://fidus.brussels/service/invoiceservice/messages/v2.0" xmlns:v11="http://fidus.brussels/type/common/messages/v1">
   <soapenv:Header/>
   <soapenv:Body>
      <v2:retrieveDocumentRequest>
         <v2:messageContext>
            <v11:messageId>?</v11:messageId>
         </v2:messageContext>
         <v2:legalContext>ServiceIntegrator</v2:legalContext>
         <v2:request>
            <v12:receiverId xmlns:v12="http://fsb.belgium.be/einvoicing/simpleprior/v1_00">0463152333</v12:receiverId>
            <v12:senderId xmlns:v12="http://fsb.belgium.be/einvoicing/simpleprior/v1_00">0200013901</v12:senderId>
            <v12:documentType xmlns:v12="http://fsb.belgium.be/einvoicing/simpleprior/v1_00">380</v12:documentType>
            <v12:documentId xmlns:v12="http://fsb.belgium.be/einvoicing/simpleprior/v1_00">118120479086FAKDEC-20-5B</v12:documentId>         
         </v2:request>
      </v2:retrieveDocumentRequest>
   </soapenv:Body>
</soapenv:Envelope>]]></con:request><con:credentials><con:selectedAuthProfile>Basic</con:selectedAuthProfile><con:addedBasicAuthenticationTypes>Basic</con:addedBasicAuthenticationTypes><con:authType>Global HTTP Settings</con:authType></con:credentials><con:jmsConfig JMSDeliveryMode="PERSISTENT"/><con:jmsPropertyConfig/><con:wsaConfig mustUnderstand="NONE" version="200508" action="http://fidus.brussels/services/invoiceservice/retrieveRequest"/><con:wsrmConfig version="1.2"/></con:call><con:call id="9a8c89fc-c6fe-482c-9e8f-4de5fa1c1978" name="5 - Prod - Worker1 - Request" outgoingWss="Outflow PROD"><con:settings><con:setting id="com.eviware.soapui.impl.wsdl.WsdlRequest@request-headers">&lt;xml-fragment/></con:setting></con:settings><con:encoding>UTF-8</con:encoding><con:endpoint>https://192.168.26.22:8443/services/InvoiceService_v2.0</con:endpoint><con:request><![CDATA[<soapenv:Envelope xmlns:soapenv="http://schemas.xmlsoap.org/soap/envelope/" xmlns:v2="http://fidus.brussels/service/invoiceservice/messages/v2.0" xmlns:v11="http://fidus.brussels/type/common/messages/v1">
   <soapenv:Header/>
   <soapenv:Body>
      <v2:retrieveDocumentRequest>
         <v2:messageContext>
            <v11:messageId>?</v11:messageId>
         </v2:messageContext>
         <v2:legalContext>ServiceIntegrator</v2:legalContext>
         <v2:request>
            <v12:receiverId xmlns:v12="http://fsb.belgium.be/einvoicing/simpleprior/v1_00">0463152333</v12:receiverId>
            <v12:senderId xmlns:v12="http://fsb.belgium.be/einvoicing/simpleprior/v1_00">0200013901</v12:senderId>
            <v12:documentType xmlns:v12="http://fsb.belgium.be/einvoicing/simpleprior/v1_00">380</v12:documentType>
            <v12:documentId xmlns:v12="http://fsb.belgium.be/einvoicing/simpleprior/v1_00">118120479086FAKDEC-20-5B</v12:documentId>         
         </v2:request>
      </v2:retrieveDocumentRequest>
   </soapenv:Body>
</soapenv:Envelope>]]></con:request><con:credentials><con:selectedAuthProfile>Basic</con:selectedAuthProfile><con:addedBasicAuthenticationTypes>Basic</con:addedBasicAuthenticationTypes><con:authType>Global HTTP Settings</con:authType></con:credentials><con:jmsConfig JMSDeliveryMode="PERSISTENT"/><con:jmsPropertyConfig/><con:wsaConfig mustUnderstand="NONE" version="200508" action="http://fidus.brussels/services/invoiceservice/retrieveRequest"/><con:wsrmConfig version="1.2"/></con:call><con:call id="714832a2-97dd-4236-a4cc-9f6638bf0ae6" name="5 - Prod - Worker2 - Request" outgoingWss="Outflow PROD"><con:settings><con:setting id="com.eviware.soapui.impl.wsdl.WsdlRequest@request-headers">&lt;xml-fragment/></con:setting></con:settings><con:encoding>UTF-8</con:encoding><con:endpoint>https://192.168.26.19:8443/services/InvoiceService_v2.0</con:endpoint><con:request><![CDATA[<soapenv:Envelope xmlns:soapenv="http://schemas.xmlsoap.org/soap/envelope/" xmlns:v2="http://fidus.brussels/service/invoiceservice/messages/v2.0" xmlns:v11="http://fidus.brussels/type/common/messages/v1">
   <soapenv:Header/>
   <soapenv:Body>
      <v2:retrieveDocumentRequest>
         <v2:messageContext>
            <v11:messageId>?</v11:messageId>
         </v2:messageContext>
         <v2:legalContext>ServiceIntegrator</v2:legalContext>
         <v2:request>
            <v12:receiverId xmlns:v12="http://fsb.belgium.be/einvoicing/simpleprior/v1_00">0463152333</v12:receiverId>
            <v12:senderId xmlns:v12="http://fsb.belgium.be/einvoicing/simpleprior/v1_00">0200013901</v12:senderId>
            <v12:documentType xmlns:v12="http://fsb.belgium.be/einvoicing/simpleprior/v1_00">380</v12:documentType>
            <v12:documentId xmlns:v12="http://fsb.belgium.be/einvoicing/simpleprior/v1_00">118120479086FAKDEC-20-5B</v12:documentId>         
         </v2:request>
      </v2:retrieveDocumentRequest>
   </soapenv:Body>
</soapenv:Envelope>]]></con:request><con:credentials><con:selectedAuthProfile>Basic</con:selectedAuthProfile><con:addedBasicAuthenticationTypes>Basic</con:addedBasicAuthenticationTypes><con:authType>Global HTTP Settings</con:authType></con:credentials><con:jmsConfig JMSDeliveryMode="PERSISTENT"/><con:jmsPropertyConfig/><con:wsaConfig mustUnderstand="NONE" version="200508" action="http://fidus.brussels/services/invoiceservice/retrieveRequest"/><con:wsrmConfig version="1.2"/></con:call></con:operation><con:operation id="addfdc45-e949-456a-91bb-12fdd3e4b5c0" isOneWay="false" action="http://fidus.brussels/services/invoiceservice/submitDocument" name="submitDocument" bindingOperationName="submitDocument" type="Request-Response" inputName="" receivesAttachments="false" sendsAttachments="false" anonymous="optional"><con:settings/><con:call id="2106af7a-2cb0-450b-9abc-96c3a9a40c95" name="1 - Local - Request" outgoingWss="Outflow DEV"><con:settings><con:setting id="com.eviware.soapui.impl.wsdl.WsdlRequest@request-headers">&lt;xml-fragment/></con:setting></con:settings><con:encoding>UTF-8</con:encoding><con:endpoint>https://localhost:8243/services/InvoiceService_v2.0</con:endpoint><con:request><![CDATA[<soapenv:Envelope xmlns:soapenv="http://schemas.xmlsoap.org/soap/envelope/" xmlns:v2="http://fidus.brussels/service/invoiceservice/messages/v2.0" xmlns:v1="http://fidus.brussels/service/invoiceservice/messages/v1.2" xmlns:v11="http://fidus.brussels/type/common/messages/v1" xmlns:urn="urn:oasis:names:specification:ubl:schema:xsd:ApplicationResponse-2" xmlns:urn1="urn:oasis:names:specification:ubl:schema:xsd:CommonExtensionComponents-2" xmlns:urn2="urn:oasis:names:specification:ubl:schema:xsd:CommonBasicComponents-2" xmlns:urn3="urn:oasis:names:specification:ubl:schema:xsd:CommonAggregateComponents-2">
   <soapenv:Header/>
   <soapenv:Body>
      <v2:submitDocumentRequest>
         <v2:messageContext>
            <v11:messageId>?</v11:messageId>
         </v2:messageContext>
         <v2:legalContext>ServiceIntegrator</v2:legalContext>
         <v2:request>
            <v12:document xmlns:v12="http://fsb.belgium.be/einvoicing/simpleprior/v1_00">                
            <Invoice xmlns="urn:oasis:names:specification:ubl:schema:xsd:Invoice-2"
                    xmlns:cbc="urn:oasis:names:specification:ubl:schema:xsd:CommonBasicComponents-2"
                    xmlns:cac="urn:oasis:names:specification:ubl:schema:xsd:CommonAggregateComponents-2">
               <cbc:UBLVersionID>2.1</cbc:UBLVersionID>
               <cbc:CustomizationID>urn:www.cenbii.eu:transaction:biitrns010:ver2.0:extended:urn:www.peppol.eu:bis:peppol5a:ver2.0</cbc:CustomizationID>
               <cbc:ProfileID>urn:www.cenbii.eu:profile:bii05:ver2.0</cbc:ProfileID>
               <cbc:ID>118120479086FAKNOV-13-5B</cbc:ID>
               <cbc:IssueDate>2018-06-12</cbc:IssueDate>
               <cbc:InvoiceTypeCode listID="UNCL1001">380</cbc:InvoiceTypeCode>
               <cbc:DocumentCurrencyCode listID="ISO4217">EUR</cbc:DocumentCurrencyCode>
               <cac:AccountingSupplierParty>
                  <cac:Party>
                     <cac:PartyIdentification>
                        <cbc:ID schemeID="BE:CBE">0200013901</cbc:ID>
                     </cac:PartyIdentification>
                     <cac:PartyName>
                        <cbc:Name>ACME</cbc:Name>
                     </cac:PartyName>
                     <cac:PostalAddress>
                        <cbc:StreetName>Simon Bolivarlaan 30/9</cbc:StreetName>
                        <cbc:CityName>BRUSSEL</cbc:CityName>
                        <cbc:PostalZone>1000</cbc:PostalZone>
                        <cac:Country>
                           <cbc:IdentificationCode listID="ISO3166-1:Alpha2">BE</cbc:IdentificationCode>
                        </cac:Country>
                     </cac:PostalAddress>
                     <cac:PartyTaxScheme>
                        <cbc:CompanyID schemeID="BE:VAT">BE0200013901</cbc:CompanyID>
                        <cac:TaxScheme>
                           <cbc:ID>VAT</cbc:ID>
                        </cac:TaxScheme>
                     </cac:PartyTaxScheme>
                     <cac:PartyLegalEntity>
                        <cbc:RegistrationName>D.W. Soft bvba</cbc:RegistrationName>
                        <cbc:CompanyID schemeID="BE:CBE">0200013901</cbc:CompanyID>
                     </cac:PartyLegalEntity>
                     <cac:Contact>
                        <cbc:ElectronicMail>dirk.willekens@dwsoft.be</cbc:ElectronicMail>
                     </cac:Contact>
                  </cac:Party>
               </cac:AccountingSupplierParty>
               <cac:AccountingCustomerParty>
                  <cac:Party>
                     <cac:PartyIdentification>
                        <cbc:ID schemeID="BE:CBE">2222222222</cbc:ID>
                     </cac:PartyIdentification>
                     <cac:PartyName>
                        <cbc:Name>Fake customer</cbc:Name>
                     </cac:PartyName>
                     <cac:PostalAddress>
                        <cbc:StreetName>Simon Bolivarlaan 34</cbc:StreetName>
                        <cbc:CityName>ANTWERPEN</cbc:CityName>
                        <cbc:PostalZone>2000</cbc:PostalZone>
                        <cac:Country>
                           <cbc:IdentificationCode listID="ISO3166-1:Alpha2">BE</cbc:IdentificationCode>
                        </cac:Country>
                     </cac:PostalAddress>
                     <cac:PartyTaxScheme>
                        <cbc:CompanyID schemeID="BE:VAT">BE2222222222</cbc:CompanyID>
                        <cac:TaxScheme>
                           <cbc:ID>VAT</cbc:ID>
                        </cac:TaxScheme>
                     </cac:PartyTaxScheme>
                     <cac:PartyLegalEntity>
                        <cbc:RegistrationName>Fake Customer</cbc:RegistrationName>
                        <cbc:CompanyID schemeID="BE:CBE">2222222222</cbc:CompanyID>
                     </cac:PartyLegalEntity>
                  </cac:Party>
               </cac:AccountingCustomerParty>
               <cac:PaymentMeans>
                  <cbc:PaymentMeansCode listID="UNCL4461">1</cbc:PaymentMeansCode>
                  <cbc:PaymentDueDate>2018-05-31</cbc:PaymentDueDate>
                  <cbc:PaymentChannelCode>IBAN</cbc:PaymentChannelCode>
                  <cbc:InstructionNote>SIMPLE TEST TO FAKE CUSTOMER</cbc:InstructionNote>
                  <cac:PayeeFinancialAccount>
                     <cbc:ID schemeID="IBAN">BE86736009252450</cbc:ID>
                     <cac:FinancialInstitutionBranch>
                        <cac:FinancialInstitution>
                           <cbc:ID schemeID="BIC">KREDBEBB</cbc:ID>
                        </cac:FinancialInstitution>
                     </cac:FinancialInstitutionBranch>
                  </cac:PayeeFinancialAccount>
               </cac:PaymentMeans>
               <cac:TaxTotal>
                  <cbc:TaxAmount currencyID="EUR">21.00</cbc:TaxAmount>
                  <cac:TaxSubtotal>
                     <cbc:TaxableAmount currencyID="EUR">100.00</cbc:TaxableAmount>
                     <cbc:TaxAmount currencyID="EUR">21.00</cbc:TaxAmount>
                     <cac:TaxCategory>
                        <cbc:ID schemeID="UNCL5305">S</cbc:ID>
                        <cbc:Percent>21.00</cbc:Percent>
                        <cac:TaxScheme>
                           <cbc:ID>VAT</cbc:ID>
                        </cac:TaxScheme>
                     </cac:TaxCategory>
                  </cac:TaxSubtotal>
               </cac:TaxTotal>
               <cac:LegalMonetaryTotal>
                  <cbc:LineExtensionAmount currencyID="EUR">100.00</cbc:LineExtensionAmount>
                  <cbc:TaxExclusiveAmount currencyID="EUR">100.00</cbc:TaxExclusiveAmount>
                  <cbc:TaxInclusiveAmount currencyID="EUR">121.00</cbc:TaxInclusiveAmount>
                  <cbc:PayableAmount currencyID="EUR">121.00</cbc:PayableAmount>
               </cac:LegalMonetaryTotal>
               <cac:InvoiceLine>
                  <cbc:ID>1</cbc:ID>
                  <cbc:InvoicedQuantity unitCode="NAR" unitCodeListID="UNECERec20">1.00</cbc:InvoicedQuantity>
                  <cbc:LineExtensionAmount currencyID="EUR">100.00</cbc:LineExtensionAmount>
                  <cac:TaxTotal>
                     <cbc:TaxAmount currencyID="EUR">21.00</cbc:TaxAmount>
                  </cac:TaxTotal>
                  <cac:Item>
                     <cbc:Description>Line1 description - may be long</cbc:Description>
                     <cbc:Name>Line1max50char</cbc:Name>
                     <cac:ClassifiedTaxCategory>
                        <cbc:ID schemeID="UNCL5305">S</cbc:ID>
                        <cbc:Percent>21.00</cbc:Percent>
                        <cac:TaxScheme>
                           <cbc:ID>VAT</cbc:ID>
                        </cac:TaxScheme>
                     </cac:ClassifiedTaxCategory>
                  </cac:Item>
                  <cac:Price>
                     <cbc:PriceAmount currencyID="EUR">100.00</cbc:PriceAmount>
                     <cbc:BaseQuantity>1.00</cbc:BaseQuantity>
                  </cac:Price>
               </cac:InvoiceLine>
            </Invoice>
            </v12:document>
         </v2:request>
      </v2:submitDocumentRequest>
   </soapenv:Body>
</soapenv:Envelope>]]></con:request><con:credentials><con:selectedAuthProfile>Basic</con:selectedAuthProfile><con:addedBasicAuthenticationTypes>Basic</con:addedBasicAuthenticationTypes><con:authType>Global HTTP Settings</con:authType></con:credentials><con:jmsConfig JMSDeliveryMode="PERSISTENT"/><con:jmsPropertyConfig/><con:wsaConfig mustUnderstand="NONE" version="200508" action="http://fidus.brussels/services/invoiceservice/submitApplicationResponse"/><con:wsrmConfig version="1.2"/></con:call><con:call id="60c1dd34-da87-4797-b2a8-ecddd9432b9f" name="2 - Dev - Request" outgoingWss="Outflow DEV"><con:settings><con:setting id="com.eviware.soapui.impl.wsdl.WsdlRequest@request-headers">&lt;xml-fragment/></con:setting></con:settings><con:encoding>UTF-8</con:encoding><con:endpoint>https://192.168.36.61:8243/services/InvoiceService_v2.0</con:endpoint><con:request><![CDATA[<soapenv:Envelope xmlns:soapenv="http://schemas.xmlsoap.org/soap/envelope/" xmlns:v2="http://fidus.brussels/service/invoiceservice/messages/v2.0" xmlns:v1="http://fidus.brussels/service/invoiceservice/messages/v1.2" xmlns:v11="http://fidus.brussels/type/common/messages/v1" xmlns:urn="urn:oasis:names:specification:ubl:schema:xsd:ApplicationResponse-2" xmlns:urn1="urn:oasis:names:specification:ubl:schema:xsd:CommonExtensionComponents-2" xmlns:urn2="urn:oasis:names:specification:ubl:schema:xsd:CommonBasicComponents-2" xmlns:urn3="urn:oasis:names:specification:ubl:schema:xsd:CommonAggregateComponents-2">
   <soapenv:Header/>
   <soapenv:Body>
      <v2:submitDocumentRequest>
         <v2:messageContext>
            <v11:messageId>?</v11:messageId>
         </v2:messageContext>
         <v2:legalContext>ServiceIntegrator</v2:legalContext>
         <v2:request>
            <v12:document xmlns:v12="http://fsb.belgium.be/einvoicing/simpleprior/v1_00">                
            <Invoice xmlns="urn:oasis:names:specification:ubl:schema:xsd:Invoice-2"
                    xmlns:cbc="urn:oasis:names:specification:ubl:schema:xsd:CommonBasicComponents-2"
                    xmlns:cac="urn:oasis:names:specification:ubl:schema:xsd:CommonAggregateComponents-2">
               <cbc:UBLVersionID>2.1</cbc:UBLVersionID>
               <cbc:CustomizationID>urn:www.cenbii.eu:transaction:biitrns010:ver2.0:extended:urn:www.peppol.eu:bis:peppol5a:ver2.0</cbc:CustomizationID>
               <cbc:ProfileID>urn:www.cenbii.eu:profile:bii05:ver2.0</cbc:ProfileID>
               <cbc:ID>118120479086FAKNOV-13-5B</cbc:ID>
               <cbc:IssueDate>2018-06-12</cbc:IssueDate>
               <cbc:InvoiceTypeCode listID="UNCL1001">380</cbc:InvoiceTypeCode>
               <cbc:DocumentCurrencyCode listID="ISO4217">EUR</cbc:DocumentCurrencyCode>
               <cac:AccountingSupplierParty>
                  <cac:Party>
                     <cac:PartyIdentification>
                        <cbc:ID schemeID="BE:CBE">0200013901</cbc:ID>
                     </cac:PartyIdentification>
                     <cac:PartyName>
                        <cbc:Name>ACME</cbc:Name>
                     </cac:PartyName>
                     <cac:PostalAddress>
                        <cbc:StreetName>Simon Bolivarlaan 30/9</cbc:StreetName>
                        <cbc:CityName>BRUSSEL</cbc:CityName>
                        <cbc:PostalZone>1000</cbc:PostalZone>
                        <cac:Country>
                           <cbc:IdentificationCode listID="ISO3166-1:Alpha2">BE</cbc:IdentificationCode>
                        </cac:Country>
                     </cac:PostalAddress>
                     <cac:PartyTaxScheme>
                        <cbc:CompanyID schemeID="BE:VAT">BE0200013901</cbc:CompanyID>
                        <cac:TaxScheme>
                           <cbc:ID>VAT</cbc:ID>
                        </cac:TaxScheme>
                     </cac:PartyTaxScheme>
                     <cac:PartyLegalEntity>
                        <cbc:RegistrationName>D.W. Soft bvba</cbc:RegistrationName>
                        <cbc:CompanyID schemeID="BE:CBE">0200013901</cbc:CompanyID>
                     </cac:PartyLegalEntity>
                     <cac:Contact>
                        <cbc:ElectronicMail>dirk.willekens@dwsoft.be</cbc:ElectronicMail>
                     </cac:Contact>
                  </cac:Party>
               </cac:AccountingSupplierParty>
               <cac:AccountingCustomerParty>
                  <cac:Party>
                     <cac:PartyIdentification>
                        <cbc:ID schemeID="BE:CBE">2222222222</cbc:ID>
                     </cac:PartyIdentification>
                     <cac:PartyName>
                        <cbc:Name>Fake customer</cbc:Name>
                     </cac:PartyName>
                     <cac:PostalAddress>
                        <cbc:StreetName>Simon Bolivarlaan 34</cbc:StreetName>
                        <cbc:CityName>ANTWERPEN</cbc:CityName>
                        <cbc:PostalZone>2000</cbc:PostalZone>
                        <cac:Country>
                           <cbc:IdentificationCode listID="ISO3166-1:Alpha2">BE</cbc:IdentificationCode>
                        </cac:Country>
                     </cac:PostalAddress>
                     <cac:PartyTaxScheme>
                        <cbc:CompanyID schemeID="BE:VAT">BE2222222222</cbc:CompanyID>
                        <cac:TaxScheme>
                           <cbc:ID>VAT</cbc:ID>
                        </cac:TaxScheme>
                     </cac:PartyTaxScheme>
                     <cac:PartyLegalEntity>
                        <cbc:RegistrationName>Fake Customer</cbc:RegistrationName>
                        <cbc:CompanyID schemeID="BE:CBE">2222222222</cbc:CompanyID>
                     </cac:PartyLegalEntity>
                  </cac:Party>
               </cac:AccountingCustomerParty>
               <cac:PaymentMeans>
                  <cbc:PaymentMeansCode listID="UNCL4461">1</cbc:PaymentMeansCode>
                  <cbc:PaymentDueDate>2018-05-31</cbc:PaymentDueDate>
                  <cbc:PaymentChannelCode>IBAN</cbc:PaymentChannelCode>
                  <cbc:InstructionNote>SIMPLE TEST TO FAKE CUSTOMER</cbc:InstructionNote>
                  <cac:PayeeFinancialAccount>
                     <cbc:ID schemeID="IBAN">BE86736009252450</cbc:ID>
                     <cac:FinancialInstitutionBranch>
                        <cac:FinancialInstitution>
                           <cbc:ID schemeID="BIC">KREDBEBB</cbc:ID>
                        </cac:FinancialInstitution>
                     </cac:FinancialInstitutionBranch>
                  </cac:PayeeFinancialAccount>
               </cac:PaymentMeans>
               <cac:TaxTotal>
                  <cbc:TaxAmount currencyID="EUR">21.00</cbc:TaxAmount>
                  <cac:TaxSubtotal>
                     <cbc:TaxableAmount currencyID="EUR">100.00</cbc:TaxableAmount>
                     <cbc:TaxAmount currencyID="EUR">21.00</cbc:TaxAmount>
                     <cac:TaxCategory>
                        <cbc:ID schemeID="UNCL5305">S</cbc:ID>
                        <cbc:Percent>21.00</cbc:Percent>
                        <cac:TaxScheme>
                           <cbc:ID>VAT</cbc:ID>
                        </cac:TaxScheme>
                     </cac:TaxCategory>
                  </cac:TaxSubtotal>
               </cac:TaxTotal>
               <cac:LegalMonetaryTotal>
                  <cbc:LineExtensionAmount currencyID="EUR">100.00</cbc:LineExtensionAmount>
                  <cbc:TaxExclusiveAmount currencyID="EUR">100.00</cbc:TaxExclusiveAmount>
                  <cbc:TaxInclusiveAmount currencyID="EUR">121.00</cbc:TaxInclusiveAmount>
                  <cbc:PayableAmount currencyID="EUR">121.00</cbc:PayableAmount>
               </cac:LegalMonetaryTotal>
               <cac:InvoiceLine>
                  <cbc:ID>1</cbc:ID>
                  <cbc:InvoicedQuantity unitCode="NAR" unitCodeListID="UNECERec20">1.00</cbc:InvoicedQuantity>
                  <cbc:LineExtensionAmount currencyID="EUR">100.00</cbc:LineExtensionAmount>
                  <cac:TaxTotal>
                     <cbc:TaxAmount currencyID="EUR">21.00</cbc:TaxAmount>
                  </cac:TaxTotal>
                  <cac:Item>
                     <cbc:Description>Line1 description - may be long</cbc:Description>
                     <cbc:Name>Line1max50char</cbc:Name>
                     <cac:ClassifiedTaxCategory>
                        <cbc:ID schemeID="UNCL5305">S</cbc:ID>
                        <cbc:Percent>21.00</cbc:Percent>
                        <cac:TaxScheme>
                           <cbc:ID>VAT</cbc:ID>
                        </cac:TaxScheme>
                     </cac:ClassifiedTaxCategory>
                  </cac:Item>
                  <cac:Price>
                     <cbc:PriceAmount currencyID="EUR">100.00</cbc:PriceAmount>
                     <cbc:BaseQuantity>1.00</cbc:BaseQuantity>
                  </cac:Price>
               </cac:InvoiceLine>
            </Invoice>
            </v12:document>
         </v2:request>
      </v2:submitDocumentRequest>
   </soapenv:Body>
</soapenv:Envelope>]]></con:request><con:credentials><con:selectedAuthProfile>Basic</con:selectedAuthProfile><con:addedBasicAuthenticationTypes>Basic</con:addedBasicAuthenticationTypes><con:authType>Global HTTP Settings</con:authType></con:credentials><con:jmsConfig JMSDeliveryMode="PERSISTENT"/><con:jmsPropertyConfig/><con:wsaConfig mustUnderstand="NONE" version="200508" action="http://fidus.brussels/services/invoiceservice/submitApplicationResponse"/><con:wsrmConfig version="1.2"/></con:call><con:call id="0eda0d9c-3df6-427e-8b8e-41d223ac66a3" name="3 - Test - External - Request" outgoingWss="Outflow TEST"><con:settings><con:setting id="com.eviware.soapui.impl.wsdl.WsdlRequest@request-headers">&lt;xml-fragment/></con:setting></con:settings><con:encoding>UTF-8</con:encoding><con:endpoint>https://fidus-test.irisnetlab.be/services/InvoiceService_v2.0</con:endpoint><con:request><![CDATA[<soapenv:Envelope xmlns:soapenv="http://schemas.xmlsoap.org/soap/envelope/" xmlns:v2="http://fidus.brussels/service/invoiceservice/messages/v2.0" xmlns:v1="http://fidus.brussels/service/invoiceservice/messages/v1.2" xmlns:v11="http://fidus.brussels/type/common/messages/v1" xmlns:urn="urn:oasis:names:specification:ubl:schema:xsd:ApplicationResponse-2" xmlns:urn1="urn:oasis:names:specification:ubl:schema:xsd:CommonExtensionComponents-2" xmlns:urn2="urn:oasis:names:specification:ubl:schema:xsd:CommonBasicComponents-2" xmlns:urn3="urn:oasis:names:specification:ubl:schema:xsd:CommonAggregateComponents-2">
   <soapenv:Header/>
   <soapenv:Body>
      <v2:submitDocumentRequest>
         <v2:messageContext>
            <v11:messageId>${=import static java.util.UUID.randomUUID; uuid = randomUUID() as String}</v11:messageId>
            <v11:timestamp>${=new java.text.SimpleDateFormat("yyyy-MM-dd'T'HH:mm:ss.SSS").format(new Date())}</v11:timestamp>
         </v2:messageContext>
         <v2:legalContext>ServiceIntegrator</v2:legalContext>
         <v2:request>
            <v12:document xmlns:v12="http://fsb.belgium.be/einvoicing/simpleprior/v1_00">                
            <Invoice xmlns="urn:oasis:names:specification:ubl:schema:xsd:Invoice-2"
                    xmlns:cbc="urn:oasis:names:specification:ubl:schema:xsd:CommonBasicComponents-2"
                    xmlns:cac="urn:oasis:names:specification:ubl:schema:xsd:CommonAggregateComponents-2">
               <cbc:UBLVersionID>2.1</cbc:UBLVersionID>
               <cbc:CustomizationID>urn:www.cenbii.eu:transaction:biitrns010:ver2.0:extended:urn:www.peppol.eu:bis:peppol5a:ver2.0</cbc:CustomizationID>
               <cbc:ProfileID>urn:www.cenbii.eu:profile:bii05:ver2.0</cbc:ProfileID>
               <cbc:ID>118120479086FAKDEC-20-5B</cbc:ID>
               <cbc:IssueDate>2018-06-12</cbc:IssueDate>
               <cbc:InvoiceTypeCode listID="UNCL1001">380</cbc:InvoiceTypeCode>
               <cbc:DocumentCurrencyCode listID="ISO4217">EUR</cbc:DocumentCurrencyCode>
               <cac:AccountingSupplierParty>
                  <cac:Party>
                     <cac:PartyIdentification>
                        <cbc:ID schemeID="BE:CBE">0200013901</cbc:ID>
                     </cac:PartyIdentification>
                     <cac:PartyName>
                        <cbc:Name>ACME</cbc:Name>
                     </cac:PartyName>
                     <cac:PostalAddress>
                        <cbc:StreetName>Simon Bolivarlaan 30/9</cbc:StreetName>
                        <cbc:CityName>BRUSSEL</cbc:CityName>
                        <cbc:PostalZone>1000</cbc:PostalZone>
                        <cac:Country>
                           <cbc:IdentificationCode listID="ISO3166-1:Alpha2">BE</cbc:IdentificationCode>
                        </cac:Country>
                     </cac:PostalAddress>
                     <cac:PartyTaxScheme>
                        <cbc:CompanyID schemeID="BE:VAT">BE0200013901</cbc:CompanyID>
                        <cac:TaxScheme>
                           <cbc:ID>VAT</cbc:ID>
                        </cac:TaxScheme>
                     </cac:PartyTaxScheme>
                     <cac:PartyLegalEntity>
                        <cbc:RegistrationName>D.W. Soft bvba</cbc:RegistrationName>
                        <cbc:CompanyID schemeID="BE:CBE">0200013901</cbc:CompanyID>
                     </cac:PartyLegalEntity>
                     <cac:Contact>
                        <cbc:ElectronicMail>ebarbieux@cirb.brussels</cbc:ElectronicMail>
                     </cac:Contact>
                  </cac:Party>
               </cac:AccountingSupplierParty>
               <cac:AccountingCustomerParty>
                  <cac:Party>
                     <cac:PartyIdentification>
                        <cbc:ID schemeID="BE:CBE">0463152333</cbc:ID>
                     </cac:PartyIdentification>
                     <cac:PartyName>
                        <cbc:Name>Fake customer</cbc:Name>
                     </cac:PartyName>
                     <cac:PostalAddress>
                        <cbc:StreetName>Simon Bolivarlaan 34</cbc:StreetName>
                        <cbc:CityName>ANTWERPEN</cbc:CityName>
                        <cbc:PostalZone>2000</cbc:PostalZone>
                        <cac:Country>
                           <cbc:IdentificationCode listID="ISO3166-1:Alpha2">BE</cbc:IdentificationCode>
                        </cac:Country>
                     </cac:PostalAddress>
                     <cac:PartyTaxScheme>
                        <cbc:CompanyID schemeID="BE:VAT">BE0463152333</cbc:CompanyID>
                        <cac:TaxScheme>
                           <cbc:ID>VAT</cbc:ID>
                        </cac:TaxScheme>
                     </cac:PartyTaxScheme>
                     <cac:PartyLegalEntity>
                        <cbc:RegistrationName>Fake Customer</cbc:RegistrationName>
                        <cbc:CompanyID schemeID="BE:CBE">0463152333</cbc:CompanyID>
                     </cac:PartyLegalEntity>
                  </cac:Party>
               </cac:AccountingCustomerParty>
               <cac:PaymentMeans>
                  <cbc:PaymentMeansCode listID="UNCL4461">1</cbc:PaymentMeansCode>
                  <cbc:PaymentDueDate>2018-05-31</cbc:PaymentDueDate>
                  <cbc:PaymentChannelCode>IBAN</cbc:PaymentChannelCode>
                  <cbc:InstructionNote>SIMPLE TEST TO FAKE CUSTOMER</cbc:InstructionNote>
                  <cac:PayeeFinancialAccount>
                     <cbc:ID schemeID="IBAN">BE86736009252450</cbc:ID>
                     <cac:FinancialInstitutionBranch>
                        <cac:FinancialInstitution>
                           <cbc:ID schemeID="BIC">KREDBEBB</cbc:ID>
                        </cac:FinancialInstitution>
                     </cac:FinancialInstitutionBranch>
                  </cac:PayeeFinancialAccount>
               </cac:PaymentMeans>
               <cac:TaxTotal>
                  <cbc:TaxAmount currencyID="EUR">21.00</cbc:TaxAmount>
                  <cac:TaxSubtotal>
                     <cbc:TaxableAmount currencyID="EUR">100.00</cbc:TaxableAmount>
                     <cbc:TaxAmount currencyID="EUR">21.00</cbc:TaxAmount>
                     <cac:TaxCategory>
                        <cbc:ID schemeID="UNCL5305">S</cbc:ID>
                        <cbc:Percent>21.00</cbc:Percent>
                        <cac:TaxScheme>
                           <cbc:ID>VAT</cbc:ID>
                        </cac:TaxScheme>
                     </cac:TaxCategory>
                  </cac:TaxSubtotal>
               </cac:TaxTotal>
               <cac:LegalMonetaryTotal>
                  <cbc:LineExtensionAmount currencyID="EUR">100.00</cbc:LineExtensionAmount>
                  <cbc:TaxExclusiveAmount currencyID="EUR">100.00</cbc:TaxExclusiveAmount>
                  <cbc:TaxInclusiveAmount currencyID="EUR">121.00</cbc:TaxInclusiveAmount>
                  <cbc:PayableAmount currencyID="EUR">121.00</cbc:PayableAmount>
               </cac:LegalMonetaryTotal>
               <cac:InvoiceLine>
                  <cbc:ID>1</cbc:ID>
                  <cbc:InvoicedQuantity unitCode="NAR" unitCodeListID="UNECERec20">1.00</cbc:InvoicedQuantity>
                  <cbc:LineExtensionAmount currencyID="EUR">100.00</cbc:LineExtensionAmount>
                  <cac:TaxTotal>
                     <cbc:TaxAmount currencyID="EUR">21.00</cbc:TaxAmount>
                  </cac:TaxTotal>
                  <cac:Item>
                     <cbc:Description>Line1 description - may be long</cbc:Description>
                     <cbc:Name>Line1max50char</cbc:Name>
                     <cac:ClassifiedTaxCategory>
                        <cbc:ID schemeID="UNCL5305">S</cbc:ID>
                        <cbc:Percent>21.00</cbc:Percent>
                        <cac:TaxScheme>
                           <cbc:ID>VAT</cbc:ID>
                        </cac:TaxScheme>
                     </cac:ClassifiedTaxCategory>
                  </cac:Item>
                  <cac:Price>
                     <cbc:PriceAmount currencyID="EUR">100.00</cbc:PriceAmount>
                     <cbc:BaseQuantity>1.00</cbc:BaseQuantity>
                  </cac:Price>
               </cac:InvoiceLine>
            </Invoice>
            </v12:document>
         </v2:request>
      </v2:submitDocumentRequest>
   </soapenv:Body>
</soapenv:Envelope>]]></con:request><con:credentials><con:selectedAuthProfile>Basic</con:selectedAuthProfile><con:addedBasicAuthenticationTypes>Basic</con:addedBasicAuthenticationTypes><con:authType>Global HTTP Settings</con:authType></con:credentials><con:jmsConfig JMSDeliveryMode="PERSISTENT"/><con:jmsPropertyConfig/><con:wsaConfig mustUnderstand="NONE" version="200508" action="http://fidus.brussels/services/invoiceservice/submitDocument"/><con:wsrmConfig version="1.2"/></con:call><con:call id="e0d191bd-69c5-46a2-aca0-8ad77f83c9b4" name="3 - Test - LB - Request" outgoingWss="Outflow TEST"><con:settings><con:setting id="com.eviware.soapui.impl.wsdl.WsdlRequest@request-headers">&lt;xml-fragment/></con:setting></con:settings><con:encoding>UTF-8</con:encoding><con:endpoint>https://esb-security-gw.sta.srv.cirb.lan:8443/services/InvoiceService_v2.0</con:endpoint><con:request><![CDATA[<soapenv:Envelope xmlns:soapenv="http://schemas.xmlsoap.org/soap/envelope/" xmlns:v2="http://fidus.brussels/service/invoiceservice/messages/v2.0" xmlns:v1="http://fidus.brussels/service/invoiceservice/messages/v1.2" xmlns:v11="http://fidus.brussels/type/common/messages/v1" xmlns:urn="urn:oasis:names:specification:ubl:schema:xsd:ApplicationResponse-2" xmlns:urn1="urn:oasis:names:specification:ubl:schema:xsd:CommonExtensionComponents-2" xmlns:urn2="urn:oasis:names:specification:ubl:schema:xsd:CommonBasicComponents-2" xmlns:urn3="urn:oasis:names:specification:ubl:schema:xsd:CommonAggregateComponents-2">
   <soapenv:Header/>
   <soapenv:Body>
      <v2:submitDocumentRequest>
         <v2:messageContext>
            <v11:messageId>?</v11:messageId>
         </v2:messageContext>
         <v2:legalContext>ServiceIntegrator</v2:legalContext>
         <v2:request>
            <v12:document xmlns:v12="http://fsb.belgium.be/einvoicing/simpleprior/v1_00">                
            <Invoice xmlns="urn:oasis:names:specification:ubl:schema:xsd:Invoice-2"
                    xmlns:cbc="urn:oasis:names:specification:ubl:schema:xsd:CommonBasicComponents-2"
                    xmlns:cac="urn:oasis:names:specification:ubl:schema:xsd:CommonAggregateComponents-2">
               <cbc:UBLVersionID>2.1</cbc:UBLVersionID>
               <cbc:CustomizationID>urn:www.cenbii.eu:transaction:biitrns010:ver2.0:extended:urn:www.peppol.eu:bis:peppol5a:ver2.0</cbc:CustomizationID>
               <cbc:ProfileID>urn:www.cenbii.eu:profile:bii05:ver2.0</cbc:ProfileID>
               <cbc:ID>118120479086FAKNOV-13-5B</cbc:ID>
               <cbc:IssueDate>2018-06-12</cbc:IssueDate>
               <cbc:InvoiceTypeCode listID="UNCL1001">380</cbc:InvoiceTypeCode>
               <cbc:DocumentCurrencyCode listID="ISO4217">EUR</cbc:DocumentCurrencyCode>
               <cac:AccountingSupplierParty>
                  <cac:Party>
                     <cac:PartyIdentification>
                        <cbc:ID schemeID="BE:CBE">0200013901</cbc:ID>
                     </cac:PartyIdentification>
                     <cac:PartyName>
                        <cbc:Name>ACME</cbc:Name>
                     </cac:PartyName>
                     <cac:PostalAddress>
                        <cbc:StreetName>Simon Bolivarlaan 30/9</cbc:StreetName>
                        <cbc:CityName>BRUSSEL</cbc:CityName>
                        <cbc:PostalZone>1000</cbc:PostalZone>
                        <cac:Country>
                           <cbc:IdentificationCode listID="ISO3166-1:Alpha2">BE</cbc:IdentificationCode>
                        </cac:Country>
                     </cac:PostalAddress>
                     <cac:PartyTaxScheme>
                        <cbc:CompanyID schemeID="BE:VAT">BE0200013901</cbc:CompanyID>
                        <cac:TaxScheme>
                           <cbc:ID>VAT</cbc:ID>
                        </cac:TaxScheme>
                     </cac:PartyTaxScheme>
                     <cac:PartyLegalEntity>
                        <cbc:RegistrationName>D.W. Soft bvba</cbc:RegistrationName>
                        <cbc:CompanyID schemeID="BE:CBE">0200013901</cbc:CompanyID>
                     </cac:PartyLegalEntity>
                     <cac:Contact>
                        <cbc:ElectronicMail>dirk.willekens@dwsoft.be</cbc:ElectronicMail>
                     </cac:Contact>
                  </cac:Party>
               </cac:AccountingSupplierParty>
               <cac:AccountingCustomerParty>
                  <cac:Party>
                     <cac:PartyIdentification>
                        <cbc:ID schemeID="BE:CBE">2222222222</cbc:ID>
                     </cac:PartyIdentification>
                     <cac:PartyName>
                        <cbc:Name>Fake customer</cbc:Name>
                     </cac:PartyName>
                     <cac:PostalAddress>
                        <cbc:StreetName>Simon Bolivarlaan 34</cbc:StreetName>
                        <cbc:CityName>ANTWERPEN</cbc:CityName>
                        <cbc:PostalZone>2000</cbc:PostalZone>
                        <cac:Country>
                           <cbc:IdentificationCode listID="ISO3166-1:Alpha2">BE</cbc:IdentificationCode>
                        </cac:Country>
                     </cac:PostalAddress>
                     <cac:PartyTaxScheme>
                        <cbc:CompanyID schemeID="BE:VAT">BE2222222222</cbc:CompanyID>
                        <cac:TaxScheme>
                           <cbc:ID>VAT</cbc:ID>
                        </cac:TaxScheme>
                     </cac:PartyTaxScheme>
                     <cac:PartyLegalEntity>
                        <cbc:RegistrationName>Fake Customer</cbc:RegistrationName>
                        <cbc:CompanyID schemeID="BE:CBE">2222222222</cbc:CompanyID>
                     </cac:PartyLegalEntity>
                  </cac:Party>
               </cac:AccountingCustomerParty>
               <cac:PaymentMeans>
                  <cbc:PaymentMeansCode listID="UNCL4461">1</cbc:PaymentMeansCode>
                  <cbc:PaymentDueDate>2018-05-31</cbc:PaymentDueDate>
                  <cbc:PaymentChannelCode>IBAN</cbc:PaymentChannelCode>
                  <cbc:InstructionNote>SIMPLE TEST TO FAKE CUSTOMER</cbc:InstructionNote>
                  <cac:PayeeFinancialAccount>
                     <cbc:ID schemeID="IBAN">BE86736009252450</cbc:ID>
                     <cac:FinancialInstitutionBranch>
                        <cac:FinancialInstitution>
                           <cbc:ID schemeID="BIC">KREDBEBB</cbc:ID>
                        </cac:FinancialInstitution>
                     </cac:FinancialInstitutionBranch>
                  </cac:PayeeFinancialAccount>
               </cac:PaymentMeans>
               <cac:TaxTotal>
                  <cbc:TaxAmount currencyID="EUR">21.00</cbc:TaxAmount>
                  <cac:TaxSubtotal>
                     <cbc:TaxableAmount currencyID="EUR">100.00</cbc:TaxableAmount>
                     <cbc:TaxAmount currencyID="EUR">21.00</cbc:TaxAmount>
                     <cac:TaxCategory>
                        <cbc:ID schemeID="UNCL5305">S</cbc:ID>
                        <cbc:Percent>21.00</cbc:Percent>
                        <cac:TaxScheme>
                           <cbc:ID>VAT</cbc:ID>
                        </cac:TaxScheme>
                     </cac:TaxCategory>
                  </cac:TaxSubtotal>
               </cac:TaxTotal>
               <cac:LegalMonetaryTotal>
                  <cbc:LineExtensionAmount currencyID="EUR">100.00</cbc:LineExtensionAmount>
                  <cbc:TaxExclusiveAmount currencyID="EUR">100.00</cbc:TaxExclusiveAmount>
                  <cbc:TaxInclusiveAmount currencyID="EUR">121.00</cbc:TaxInclusiveAmount>
                  <cbc:PayableAmount currencyID="EUR">121.00</cbc:PayableAmount>
               </cac:LegalMonetaryTotal>
               <cac:InvoiceLine>
                  <cbc:ID>1</cbc:ID>
                  <cbc:InvoicedQuantity unitCode="NAR" unitCodeListID="UNECERec20">1.00</cbc:InvoicedQuantity>
                  <cbc:LineExtensionAmount currencyID="EUR">100.00</cbc:LineExtensionAmount>
                  <cac:TaxTotal>
                     <cbc:TaxAmount currencyID="EUR">21.00</cbc:TaxAmount>
                  </cac:TaxTotal>
                  <cac:Item>
                     <cbc:Description>Line1 description - may be long</cbc:Description>
                     <cbc:Name>Line1max50char</cbc:Name>
                     <cac:ClassifiedTaxCategory>
                        <cbc:ID schemeID="UNCL5305">S</cbc:ID>
                        <cbc:Percent>21.00</cbc:Percent>
                        <cac:TaxScheme>
                           <cbc:ID>VAT</cbc:ID>
                        </cac:TaxScheme>
                     </cac:ClassifiedTaxCategory>
                  </cac:Item>
                  <cac:Price>
                     <cbc:PriceAmount currencyID="EUR">100.00</cbc:PriceAmount>
                     <cbc:BaseQuantity>1.00</cbc:BaseQuantity>
                  </cac:Price>
               </cac:InvoiceLine>
            </Invoice>
            </v12:document>
         </v2:request>
      </v2:submitDocumentRequest>
   </soapenv:Body>
</soapenv:Envelope>]]></con:request><con:credentials><con:selectedAuthProfile>Basic</con:selectedAuthProfile><con:addedBasicAuthenticationTypes>Basic</con:addedBasicAuthenticationTypes><con:authType>Global HTTP Settings</con:authType></con:credentials><con:jmsConfig JMSDeliveryMode="PERSISTENT"/><con:jmsPropertyConfig/><con:wsaConfig mustUnderstand="NONE" version="200508" action="http://fidus.brussels/services/invoiceservice/submitApplicationResponse"/><con:wsrmConfig version="1.2"/></con:call><con:call id="66449392-e088-4c4c-b32a-4c944b716ea4" name="3 - Test - Worker1 - Request" outgoingWss="Outflow TEST"><con:settings><con:setting id="com.eviware.soapui.impl.wsdl.WsdlRequest@request-headers">&lt;xml-fragment/></con:setting></con:settings><con:encoding>UTF-8</con:encoding><con:endpoint>https://192.168.22.53:8443/services/InvoiceService_v2.0</con:endpoint><con:request><![CDATA[<soapenv:Envelope xmlns:soapenv="http://schemas.xmlsoap.org/soap/envelope/" xmlns:v2="http://fidus.brussels/service/invoiceservice/messages/v2.0" xmlns:v1="http://fidus.brussels/service/invoiceservice/messages/v1.2" xmlns:v11="http://fidus.brussels/type/common/messages/v1" xmlns:urn="urn:oasis:names:specification:ubl:schema:xsd:ApplicationResponse-2" xmlns:urn1="urn:oasis:names:specification:ubl:schema:xsd:CommonExtensionComponents-2" xmlns:urn2="urn:oasis:names:specification:ubl:schema:xsd:CommonBasicComponents-2" xmlns:urn3="urn:oasis:names:specification:ubl:schema:xsd:CommonAggregateComponents-2">
   <soapenv:Header/>
   <soapenv:Body>
      <v2:submitDocumentRequest>
         <v2:messageContext>
            <v11:messageId>?</v11:messageId>
         </v2:messageContext>
         <v2:legalContext>ServiceIntegrator</v2:legalContext>
         <v2:request>
            <v12:document xmlns:v12="http://fsb.belgium.be/einvoicing/simpleprior/v1_00">                
            <Invoice xmlns="urn:oasis:names:specification:ubl:schema:xsd:Invoice-2"
                    xmlns:cbc="urn:oasis:names:specification:ubl:schema:xsd:CommonBasicComponents-2"
                    xmlns:cac="urn:oasis:names:specification:ubl:schema:xsd:CommonAggregateComponents-2">
               <cbc:UBLVersionID>2.1</cbc:UBLVersionID>
               <cbc:CustomizationID>urn:www.cenbii.eu:transaction:biitrns010:ver2.0:extended:urn:www.peppol.eu:bis:peppol5a:ver2.0</cbc:CustomizationID>
               <cbc:ProfileID>urn:www.cenbii.eu:profile:bii05:ver2.0</cbc:ProfileID>
               <cbc:ID>118120479086FAKNOV-13-5B</cbc:ID>
               <cbc:IssueDate>2018-06-12</cbc:IssueDate>
               <cbc:InvoiceTypeCode listID="UNCL1001">380</cbc:InvoiceTypeCode>
               <cbc:DocumentCurrencyCode listID="ISO4217">EUR</cbc:DocumentCurrencyCode>
               <cac:AccountingSupplierParty>
                  <cac:Party>
                     <cac:PartyIdentification>
                        <cbc:ID schemeID="BE:CBE">0200013901</cbc:ID>
                     </cac:PartyIdentification>
                     <cac:PartyName>
                        <cbc:Name>ACME</cbc:Name>
                     </cac:PartyName>
                     <cac:PostalAddress>
                        <cbc:StreetName>Simon Bolivarlaan 30/9</cbc:StreetName>
                        <cbc:CityName>BRUSSEL</cbc:CityName>
                        <cbc:PostalZone>1000</cbc:PostalZone>
                        <cac:Country>
                           <cbc:IdentificationCode listID="ISO3166-1:Alpha2">BE</cbc:IdentificationCode>
                        </cac:Country>
                     </cac:PostalAddress>
                     <cac:PartyTaxScheme>
                        <cbc:CompanyID schemeID="BE:VAT">BE0200013901</cbc:CompanyID>
                        <cac:TaxScheme>
                           <cbc:ID>VAT</cbc:ID>
                        </cac:TaxScheme>
                     </cac:PartyTaxScheme>
                     <cac:PartyLegalEntity>
                        <cbc:RegistrationName>D.W. Soft bvba</cbc:RegistrationName>
                        <cbc:CompanyID schemeID="BE:CBE">0200013901</cbc:CompanyID>
                     </cac:PartyLegalEntity>
                     <cac:Contact>
                        <cbc:ElectronicMail>dirk.willekens@dwsoft.be</cbc:ElectronicMail>
                     </cac:Contact>
                  </cac:Party>
               </cac:AccountingSupplierParty>
               <cac:AccountingCustomerParty>
                  <cac:Party>
                     <cac:PartyIdentification>
                        <cbc:ID schemeID="BE:CBE">2222222222</cbc:ID>
                     </cac:PartyIdentification>
                     <cac:PartyName>
                        <cbc:Name>Fake customer</cbc:Name>
                     </cac:PartyName>
                     <cac:PostalAddress>
                        <cbc:StreetName>Simon Bolivarlaan 34</cbc:StreetName>
                        <cbc:CityName>ANTWERPEN</cbc:CityName>
                        <cbc:PostalZone>2000</cbc:PostalZone>
                        <cac:Country>
                           <cbc:IdentificationCode listID="ISO3166-1:Alpha2">BE</cbc:IdentificationCode>
                        </cac:Country>
                     </cac:PostalAddress>
                     <cac:PartyTaxScheme>
                        <cbc:CompanyID schemeID="BE:VAT">BE2222222222</cbc:CompanyID>
                        <cac:TaxScheme>
                           <cbc:ID>VAT</cbc:ID>
                        </cac:TaxScheme>
                     </cac:PartyTaxScheme>
                     <cac:PartyLegalEntity>
                        <cbc:RegistrationName>Fake Customer</cbc:RegistrationName>
                        <cbc:CompanyID schemeID="BE:CBE">2222222222</cbc:CompanyID>
                     </cac:PartyLegalEntity>
                  </cac:Party>
               </cac:AccountingCustomerParty>
               <cac:PaymentMeans>
                  <cbc:PaymentMeansCode listID="UNCL4461">1</cbc:PaymentMeansCode>
                  <cbc:PaymentDueDate>2018-05-31</cbc:PaymentDueDate>
                  <cbc:PaymentChannelCode>IBAN</cbc:PaymentChannelCode>
                  <cbc:InstructionNote>SIMPLE TEST TO FAKE CUSTOMER</cbc:InstructionNote>
                  <cac:PayeeFinancialAccount>
                     <cbc:ID schemeID="IBAN">BE86736009252450</cbc:ID>
                     <cac:FinancialInstitutionBranch>
                        <cac:FinancialInstitution>
                           <cbc:ID schemeID="BIC">KREDBEBB</cbc:ID>
                        </cac:FinancialInstitution>
                     </cac:FinancialInstitutionBranch>
                  </cac:PayeeFinancialAccount>
               </cac:PaymentMeans>
               <cac:TaxTotal>
                  <cbc:TaxAmount currencyID="EUR">21.00</cbc:TaxAmount>
                  <cac:TaxSubtotal>
                     <cbc:TaxableAmount currencyID="EUR">100.00</cbc:TaxableAmount>
                     <cbc:TaxAmount currencyID="EUR">21.00</cbc:TaxAmount>
                     <cac:TaxCategory>
                        <cbc:ID schemeID="UNCL5305">S</cbc:ID>
                        <cbc:Percent>21.00</cbc:Percent>
                        <cac:TaxScheme>
                           <cbc:ID>VAT</cbc:ID>
                        </cac:TaxScheme>
                     </cac:TaxCategory>
                  </cac:TaxSubtotal>
               </cac:TaxTotal>
               <cac:LegalMonetaryTotal>
                  <cbc:LineExtensionAmount currencyID="EUR">100.00</cbc:LineExtensionAmount>
                  <cbc:TaxExclusiveAmount currencyID="EUR">100.00</cbc:TaxExclusiveAmount>
                  <cbc:TaxInclusiveAmount currencyID="EUR">121.00</cbc:TaxInclusiveAmount>
                  <cbc:PayableAmount currencyID="EUR">121.00</cbc:PayableAmount>
               </cac:LegalMonetaryTotal>
               <cac:InvoiceLine>
                  <cbc:ID>1</cbc:ID>
                  <cbc:InvoicedQuantity unitCode="NAR" unitCodeListID="UNECERec20">1.00</cbc:InvoicedQuantity>
                  <cbc:LineExtensionAmount currencyID="EUR">100.00</cbc:LineExtensionAmount>
                  <cac:TaxTotal>
                     <cbc:TaxAmount currencyID="EUR">21.00</cbc:TaxAmount>
                  </cac:TaxTotal>
                  <cac:Item>
                     <cbc:Description>Line1 description - may be long</cbc:Description>
                     <cbc:Name>Line1max50char</cbc:Name>
                     <cac:ClassifiedTaxCategory>
                        <cbc:ID schemeID="UNCL5305">S</cbc:ID>
                        <cbc:Percent>21.00</cbc:Percent>
                        <cac:TaxScheme>
                           <cbc:ID>VAT</cbc:ID>
                        </cac:TaxScheme>
                     </cac:ClassifiedTaxCategory>
                  </cac:Item>
                  <cac:Price>
                     <cbc:PriceAmount currencyID="EUR">100.00</cbc:PriceAmount>
                     <cbc:BaseQuantity>1.00</cbc:BaseQuantity>
                  </cac:Price>
               </cac:InvoiceLine>
            </Invoice>
            </v12:document>
         </v2:request>
      </v2:submitDocumentRequest>
   </soapenv:Body>
</soapenv:Envelope>]]></con:request><con:credentials><con:selectedAuthProfile>Basic</con:selectedAuthProfile><con:addedBasicAuthenticationTypes>Basic</con:addedBasicAuthenticationTypes><con:authType>Global HTTP Settings</con:authType></con:credentials><con:jmsConfig JMSDeliveryMode="PERSISTENT"/><con:jmsPropertyConfig/><con:wsaConfig mustUnderstand="NONE" version="200508" action="http://fidus.brussels/services/invoiceservice/submitApplicationResponse"/><con:wsrmConfig version="1.2"/></con:call><con:call id="13c1d9f3-9bfe-4169-9721-83799d71a05c" name="3 - Test - Worker2 - Request" outgoingWss="Outflow TEST"><con:settings><con:setting id="com.eviware.soapui.impl.wsdl.WsdlRequest@request-headers">&lt;xml-fragment/></con:setting></con:settings><con:encoding>UTF-8</con:encoding><con:endpoint>https://192.168.22.54:8443/services/InvoiceService_v2.0</con:endpoint><con:request><![CDATA[<soapenv:Envelope xmlns:soapenv="http://schemas.xmlsoap.org/soap/envelope/" xmlns:v2="http://fidus.brussels/service/invoiceservice/messages/v2.0" xmlns:v1="http://fidus.brussels/service/invoiceservice/messages/v1.2" xmlns:v11="http://fidus.brussels/type/common/messages/v1" xmlns:urn="urn:oasis:names:specification:ubl:schema:xsd:ApplicationResponse-2" xmlns:urn1="urn:oasis:names:specification:ubl:schema:xsd:CommonExtensionComponents-2" xmlns:urn2="urn:oasis:names:specification:ubl:schema:xsd:CommonBasicComponents-2" xmlns:urn3="urn:oasis:names:specification:ubl:schema:xsd:CommonAggregateComponents-2">
   <soapenv:Header/>
   <soapenv:Body>
      <v2:submitDocumentRequest>
         <v2:messageContext>
            <v11:messageId>?</v11:messageId>
         </v2:messageContext>
         <v2:legalContext>ServiceIntegrator</v2:legalContext>
         <v2:request>
            <v12:document xmlns:v12="http://fsb.belgium.be/einvoicing/simpleprior/v1_00">                
            <Invoice xmlns="urn:oasis:names:specification:ubl:schema:xsd:Invoice-2"
                    xmlns:cbc="urn:oasis:names:specification:ubl:schema:xsd:CommonBasicComponents-2"
                    xmlns:cac="urn:oasis:names:specification:ubl:schema:xsd:CommonAggregateComponents-2">
               <cbc:UBLVersionID>2.1</cbc:UBLVersionID>
               <cbc:CustomizationID>urn:www.cenbii.eu:transaction:biitrns010:ver2.0:extended:urn:www.peppol.eu:bis:peppol5a:ver2.0</cbc:CustomizationID>
               <cbc:ProfileID>urn:www.cenbii.eu:profile:bii05:ver2.0</cbc:ProfileID>
               <cbc:ID>118120479086FAKNOV-13-5B</cbc:ID>
               <cbc:IssueDate>2018-06-12</cbc:IssueDate>
               <cbc:InvoiceTypeCode listID="UNCL1001">380</cbc:InvoiceTypeCode>
               <cbc:DocumentCurrencyCode listID="ISO4217">EUR</cbc:DocumentCurrencyCode>
               <cac:AccountingSupplierParty>
                  <cac:Party>
                     <cac:PartyIdentification>
                        <cbc:ID schemeID="BE:CBE">0200013901</cbc:ID>
                     </cac:PartyIdentification>
                     <cac:PartyName>
                        <cbc:Name>ACME</cbc:Name>
                     </cac:PartyName>
                     <cac:PostalAddress>
                        <cbc:StreetName>Simon Bolivarlaan 30/9</cbc:StreetName>
                        <cbc:CityName>BRUSSEL</cbc:CityName>
                        <cbc:PostalZone>1000</cbc:PostalZone>
                        <cac:Country>
                           <cbc:IdentificationCode listID="ISO3166-1:Alpha2">BE</cbc:IdentificationCode>
                        </cac:Country>
                     </cac:PostalAddress>
                     <cac:PartyTaxScheme>
                        <cbc:CompanyID schemeID="BE:VAT">BE0200013901</cbc:CompanyID>
                        <cac:TaxScheme>
                           <cbc:ID>VAT</cbc:ID>
                        </cac:TaxScheme>
                     </cac:PartyTaxScheme>
                     <cac:PartyLegalEntity>
                        <cbc:RegistrationName>D.W. Soft bvba</cbc:RegistrationName>
                        <cbc:CompanyID schemeID="BE:CBE">0200013901</cbc:CompanyID>
                     </cac:PartyLegalEntity>
                     <cac:Contact>
                        <cbc:ElectronicMail>dirk.willekens@dwsoft.be</cbc:ElectronicMail>
                     </cac:Contact>
                  </cac:Party>
               </cac:AccountingSupplierParty>
               <cac:AccountingCustomerParty>
                  <cac:Party>
                     <cac:PartyIdentification>
                        <cbc:ID schemeID="BE:CBE">2222222222</cbc:ID>
                     </cac:PartyIdentification>
                     <cac:PartyName>
                        <cbc:Name>Fake customer</cbc:Name>
                     </cac:PartyName>
                     <cac:PostalAddress>
                        <cbc:StreetName>Simon Bolivarlaan 34</cbc:StreetName>
                        <cbc:CityName>ANTWERPEN</cbc:CityName>
                        <cbc:PostalZone>2000</cbc:PostalZone>
                        <cac:Country>
                           <cbc:IdentificationCode listID="ISO3166-1:Alpha2">BE</cbc:IdentificationCode>
                        </cac:Country>
                     </cac:PostalAddress>
                     <cac:PartyTaxScheme>
                        <cbc:CompanyID schemeID="BE:VAT">BE2222222222</cbc:CompanyID>
                        <cac:TaxScheme>
                           <cbc:ID>VAT</cbc:ID>
                        </cac:TaxScheme>
                     </cac:PartyTaxScheme>
                     <cac:PartyLegalEntity>
                        <cbc:RegistrationName>Fake Customer</cbc:RegistrationName>
                        <cbc:CompanyID schemeID="BE:CBE">2222222222</cbc:CompanyID>
                     </cac:PartyLegalEntity>
                  </cac:Party>
               </cac:AccountingCustomerParty>
               <cac:PaymentMeans>
                  <cbc:PaymentMeansCode listID="UNCL4461">1</cbc:PaymentMeansCode>
                  <cbc:PaymentDueDate>2018-05-31</cbc:PaymentDueDate>
                  <cbc:PaymentChannelCode>IBAN</cbc:PaymentChannelCode>
                  <cbc:InstructionNote>SIMPLE TEST TO FAKE CUSTOMER</cbc:InstructionNote>
                  <cac:PayeeFinancialAccount>
                     <cbc:ID schemeID="IBAN">BE86736009252450</cbc:ID>
                     <cac:FinancialInstitutionBranch>
                        <cac:FinancialInstitution>
                           <cbc:ID schemeID="BIC">KREDBEBB</cbc:ID>
                        </cac:FinancialInstitution>
                     </cac:FinancialInstitutionBranch>
                  </cac:PayeeFinancialAccount>
               </cac:PaymentMeans>
               <cac:TaxTotal>
                  <cbc:TaxAmount currencyID="EUR">21.00</cbc:TaxAmount>
                  <cac:TaxSubtotal>
                     <cbc:TaxableAmount currencyID="EUR">100.00</cbc:TaxableAmount>
                     <cbc:TaxAmount currencyID="EUR">21.00</cbc:TaxAmount>
                     <cac:TaxCategory>
                        <cbc:ID schemeID="UNCL5305">S</cbc:ID>
                        <cbc:Percent>21.00</cbc:Percent>
                        <cac:TaxScheme>
                           <cbc:ID>VAT</cbc:ID>
                        </cac:TaxScheme>
                     </cac:TaxCategory>
                  </cac:TaxSubtotal>
               </cac:TaxTotal>
               <cac:LegalMonetaryTotal>
                  <cbc:LineExtensionAmount currencyID="EUR">100.00</cbc:LineExtensionAmount>
                  <cbc:TaxExclusiveAmount currencyID="EUR">100.00</cbc:TaxExclusiveAmount>
                  <cbc:TaxInclusiveAmount currencyID="EUR">121.00</cbc:TaxInclusiveAmount>
                  <cbc:PayableAmount currencyID="EUR">121.00</cbc:PayableAmount>
               </cac:LegalMonetaryTotal>
               <cac:InvoiceLine>
                  <cbc:ID>1</cbc:ID>
                  <cbc:InvoicedQuantity unitCode="NAR" unitCodeListID="UNECERec20">1.00</cbc:InvoicedQuantity>
                  <cbc:LineExtensionAmount currencyID="EUR">100.00</cbc:LineExtensionAmount>
                  <cac:TaxTotal>
                     <cbc:TaxAmount currencyID="EUR">21.00</cbc:TaxAmount>
                  </cac:TaxTotal>
                  <cac:Item>
                     <cbc:Description>Line1 description - may be long</cbc:Description>
                     <cbc:Name>Line1max50char</cbc:Name>
                     <cac:ClassifiedTaxCategory>
                        <cbc:ID schemeID="UNCL5305">S</cbc:ID>
                        <cbc:Percent>21.00</cbc:Percent>
                        <cac:TaxScheme>
                           <cbc:ID>VAT</cbc:ID>
                        </cac:TaxScheme>
                     </cac:ClassifiedTaxCategory>
                  </cac:Item>
                  <cac:Price>
                     <cbc:PriceAmount currencyID="EUR">100.00</cbc:PriceAmount>
                     <cbc:BaseQuantity>1.00</cbc:BaseQuantity>
                  </cac:Price>
               </cac:InvoiceLine>
            </Invoice>
            </v12:document>
         </v2:request>
      </v2:submitDocumentRequest>
   </soapenv:Body>
</soapenv:Envelope>]]></con:request><con:credentials><con:selectedAuthProfile>Basic</con:selectedAuthProfile><con:addedBasicAuthenticationTypes>Basic</con:addedBasicAuthenticationTypes><con:authType>Global HTTP Settings</con:authType></con:credentials><con:jmsConfig JMSDeliveryMode="PERSISTENT"/><con:jmsPropertyConfig/><con:wsaConfig mustUnderstand="NONE" version="200508" action="http://fidus.brussels/services/invoiceservice/submitApplicationResponse"/><con:wsrmConfig version="1.2"/></con:call><con:call id="691b5eab-40c6-433c-a39e-5cedc5b3fa6a" name="4 - Staging - External - Request" outgoingWss="Outflow STAG"><con:settings><con:setting id="com.eviware.soapui.impl.wsdl.WsdlRequest@request-headers">&lt;xml-fragment/></con:setting></con:settings><con:encoding>UTF-8</con:encoding><con:endpoint>https://fidus.irisnetlab.be/services/InvoiceService_v2.0</con:endpoint><con:request><![CDATA[<soapenv:Envelope xmlns:soapenv="http://schemas.xmlsoap.org/soap/envelope/" xmlns:v2="http://fidus.brussels/service/invoiceservice/messages/v2.0" xmlns:v1="http://fidus.brussels/service/invoiceservice/messages/v1.2" xmlns:v11="http://fidus.brussels/type/common/messages/v1" xmlns:urn="urn:oasis:names:specification:ubl:schema:xsd:ApplicationResponse-2" xmlns:urn1="urn:oasis:names:specification:ubl:schema:xsd:CommonExtensionComponents-2" xmlns:urn2="urn:oasis:names:specification:ubl:schema:xsd:CommonBasicComponents-2" xmlns:urn3="urn:oasis:names:specification:ubl:schema:xsd:CommonAggregateComponents-2">
   <soapenv:Header/>
   <soapenv:Body>
      <v2:submitDocumentRequest>
         <v2:messageContext>
            <v11:messageId>?</v11:messageId>
         </v2:messageContext>
         <v2:legalContext>ServiceIntegrator</v2:legalContext>
         <v2:request>
            <v12:document xmlns:v12="http://fsb.belgium.be/einvoicing/simpleprior/v1_00">                
            <Invoice xmlns="urn:oasis:names:specification:ubl:schema:xsd:Invoice-2"
                    xmlns:cbc="urn:oasis:names:specification:ubl:schema:xsd:CommonBasicComponents-2"
                    xmlns:cac="urn:oasis:names:specification:ubl:schema:xsd:CommonAggregateComponents-2">
               <cbc:UBLVersionID>2.1</cbc:UBLVersionID>
               <cbc:CustomizationID>urn:www.cenbii.eu:transaction:biitrns010:ver2.0:extended:urn:www.peppol.eu:bis:peppol5a:ver2.0</cbc:CustomizationID>
               <cbc:ProfileID>urn:www.cenbii.eu:profile:bii05:ver2.0</cbc:ProfileID>
               <cbc:ID>118120479086FAKNOV-13-5B</cbc:ID>
               <cbc:IssueDate>2018-06-12</cbc:IssueDate>
               <cbc:InvoiceTypeCode listID="UNCL1001">380</cbc:InvoiceTypeCode>
               <cbc:DocumentCurrencyCode listID="ISO4217">EUR</cbc:DocumentCurrencyCode>
               <cac:AccountingSupplierParty>
                  <cac:Party>
                     <cac:PartyIdentification>
                        <cbc:ID schemeID="BE:CBE">0200013901</cbc:ID>
                     </cac:PartyIdentification>
                     <cac:PartyName>
                        <cbc:Name>ACME</cbc:Name>
                     </cac:PartyName>
                     <cac:PostalAddress>
                        <cbc:StreetName>Simon Bolivarlaan 30/9</cbc:StreetName>
                        <cbc:CityName>BRUSSEL</cbc:CityName>
                        <cbc:PostalZone>1000</cbc:PostalZone>
                        <cac:Country>
                           <cbc:IdentificationCode listID="ISO3166-1:Alpha2">BE</cbc:IdentificationCode>
                        </cac:Country>
                     </cac:PostalAddress>
                     <cac:PartyTaxScheme>
                        <cbc:CompanyID schemeID="BE:VAT">BE0200013901</cbc:CompanyID>
                        <cac:TaxScheme>
                           <cbc:ID>VAT</cbc:ID>
                        </cac:TaxScheme>
                     </cac:PartyTaxScheme>
                     <cac:PartyLegalEntity>
                        <cbc:RegistrationName>D.W. Soft bvba</cbc:RegistrationName>
                        <cbc:CompanyID schemeID="BE:CBE">0200013901</cbc:CompanyID>
                     </cac:PartyLegalEntity>
                     <cac:Contact>
                        <cbc:ElectronicMail>dirk.willekens@dwsoft.be</cbc:ElectronicMail>
                     </cac:Contact>
                  </cac:Party>
               </cac:AccountingSupplierParty>
               <cac:AccountingCustomerParty>
                  <cac:Party>
                     <cac:PartyIdentification>
                        <cbc:ID schemeID="BE:CBE">2222222222</cbc:ID>
                     </cac:PartyIdentification>
                     <cac:PartyName>
                        <cbc:Name>Fake customer</cbc:Name>
                     </cac:PartyName>
                     <cac:PostalAddress>
                        <cbc:StreetName>Simon Bolivarlaan 34</cbc:StreetName>
                        <cbc:CityName>ANTWERPEN</cbc:CityName>
                        <cbc:PostalZone>2000</cbc:PostalZone>
                        <cac:Country>
                           <cbc:IdentificationCode listID="ISO3166-1:Alpha2">BE</cbc:IdentificationCode>
                        </cac:Country>
                     </cac:PostalAddress>
                     <cac:PartyTaxScheme>
                        <cbc:CompanyID schemeID="BE:VAT">BE2222222222</cbc:CompanyID>
                        <cac:TaxScheme>
                           <cbc:ID>VAT</cbc:ID>
                        </cac:TaxScheme>
                     </cac:PartyTaxScheme>
                     <cac:PartyLegalEntity>
                        <cbc:RegistrationName>Fake Customer</cbc:RegistrationName>
                        <cbc:CompanyID schemeID="BE:CBE">2222222222</cbc:CompanyID>
                     </cac:PartyLegalEntity>
                  </cac:Party>
               </cac:AccountingCustomerParty>
               <cac:PaymentMeans>
                  <cbc:PaymentMeansCode listID="UNCL4461">1</cbc:PaymentMeansCode>
                  <cbc:PaymentDueDate>2018-05-31</cbc:PaymentDueDate>
                  <cbc:PaymentChannelCode>IBAN</cbc:PaymentChannelCode>
                  <cbc:InstructionNote>SIMPLE TEST TO FAKE CUSTOMER</cbc:InstructionNote>
                  <cac:PayeeFinancialAccount>
                     <cbc:ID schemeID="IBAN">BE86736009252450</cbc:ID>
                     <cac:FinancialInstitutionBranch>
                        <cac:FinancialInstitution>
                           <cbc:ID schemeID="BIC">KREDBEBB</cbc:ID>
                        </cac:FinancialInstitution>
                     </cac:FinancialInstitutionBranch>
                  </cac:PayeeFinancialAccount>
               </cac:PaymentMeans>
               <cac:TaxTotal>
                  <cbc:TaxAmount currencyID="EUR">21.00</cbc:TaxAmount>
                  <cac:TaxSubtotal>
                     <cbc:TaxableAmount currencyID="EUR">100.00</cbc:TaxableAmount>
                     <cbc:TaxAmount currencyID="EUR">21.00</cbc:TaxAmount>
                     <cac:TaxCategory>
                        <cbc:ID schemeID="UNCL5305">S</cbc:ID>
                        <cbc:Percent>21.00</cbc:Percent>
                        <cac:TaxScheme>
                           <cbc:ID>VAT</cbc:ID>
                        </cac:TaxScheme>
                     </cac:TaxCategory>
                  </cac:TaxSubtotal>
               </cac:TaxTotal>
               <cac:LegalMonetaryTotal>
                  <cbc:LineExtensionAmount currencyID="EUR">100.00</cbc:LineExtensionAmount>
                  <cbc:TaxExclusiveAmount currencyID="EUR">100.00</cbc:TaxExclusiveAmount>
                  <cbc:TaxInclusiveAmount currencyID="EUR">121.00</cbc:TaxInclusiveAmount>
                  <cbc:PayableAmount currencyID="EUR">121.00</cbc:PayableAmount>
               </cac:LegalMonetaryTotal>
               <cac:InvoiceLine>
                  <cbc:ID>1</cbc:ID>
                  <cbc:InvoicedQuantity unitCode="NAR" unitCodeListID="UNECERec20">1.00</cbc:InvoicedQuantity>
                  <cbc:LineExtensionAmount currencyID="EUR">100.00</cbc:LineExtensionAmount>
                  <cac:TaxTotal>
                     <cbc:TaxAmount currencyID="EUR">21.00</cbc:TaxAmount>
                  </cac:TaxTotal>
                  <cac:Item>
                     <cbc:Description>Line1 description - may be long</cbc:Description>
                     <cbc:Name>Line1max50char</cbc:Name>
                     <cac:ClassifiedTaxCategory>
                        <cbc:ID schemeID="UNCL5305">S</cbc:ID>
                        <cbc:Percent>21.00</cbc:Percent>
                        <cac:TaxScheme>
                           <cbc:ID>VAT</cbc:ID>
                        </cac:TaxScheme>
                     </cac:ClassifiedTaxCategory>
                  </cac:Item>
                  <cac:Price>
                     <cbc:PriceAmount currencyID="EUR">100.00</cbc:PriceAmount>
                     <cbc:BaseQuantity>1.00</cbc:BaseQuantity>
                  </cac:Price>
               </cac:InvoiceLine>
            </Invoice>
            </v12:document>
         </v2:request>
      </v2:submitDocumentRequest>
   </soapenv:Body>
</soapenv:Envelope>]]></con:request><con:credentials><con:selectedAuthProfile>Basic</con:selectedAuthProfile><con:addedBasicAuthenticationTypes>Basic</con:addedBasicAuthenticationTypes><con:authType>Global HTTP Settings</con:authType></con:credentials><con:jmsConfig JMSDeliveryMode="PERSISTENT"/><con:jmsPropertyConfig/><con:wsaConfig mustUnderstand="NONE" version="200508" action="http://fidus.brussels/services/invoiceservice/submitApplicationResponse"/><con:wsrmConfig version="1.2"/></con:call><con:call id="97b66c7a-1cb5-41e8-a1f5-fabc23553d58" name="4 - Staging - LB - Request" outgoingWss="Outflow STAG"><con:settings><con:setting id="com.eviware.soapui.impl.wsdl.WsdlRequest@request-headers">&lt;xml-fragment/></con:setting></con:settings><con:encoding>UTF-8</con:encoding><con:endpoint>https://fidus-esb-sg.sta.srv.cirb.lan:8443/services/InvoiceService_v2.0</con:endpoint><con:request><![CDATA[<soapenv:Envelope xmlns:soapenv="http://schemas.xmlsoap.org/soap/envelope/" xmlns:v2="http://fidus.brussels/service/invoiceservice/messages/v2.0" xmlns:v1="http://fidus.brussels/service/invoiceservice/messages/v1.2" xmlns:v11="http://fidus.brussels/type/common/messages/v1" xmlns:urn="urn:oasis:names:specification:ubl:schema:xsd:ApplicationResponse-2" xmlns:urn1="urn:oasis:names:specification:ubl:schema:xsd:CommonExtensionComponents-2" xmlns:urn2="urn:oasis:names:specification:ubl:schema:xsd:CommonBasicComponents-2" xmlns:urn3="urn:oasis:names:specification:ubl:schema:xsd:CommonAggregateComponents-2">
   <soapenv:Header/>
   <soapenv:Body>
      <v2:submitDocumentRequest>
         <v2:messageContext>
            <v11:messageId>?</v11:messageId>
         </v2:messageContext>
         <v2:legalContext>ServiceIntegrator</v2:legalContext>
         <v2:request>
            <v12:document xmlns:v12="http://fsb.belgium.be/einvoicing/simpleprior/v1_00">                
            <Invoice xmlns="urn:oasis:names:specification:ubl:schema:xsd:Invoice-2"
                    xmlns:cbc="urn:oasis:names:specification:ubl:schema:xsd:CommonBasicComponents-2"
                    xmlns:cac="urn:oasis:names:specification:ubl:schema:xsd:CommonAggregateComponents-2">
               <cbc:UBLVersionID>2.1</cbc:UBLVersionID>
               <cbc:CustomizationID>urn:www.cenbii.eu:transaction:biitrns010:ver2.0:extended:urn:www.peppol.eu:bis:peppol5a:ver2.0</cbc:CustomizationID>
               <cbc:ProfileID>urn:www.cenbii.eu:profile:bii05:ver2.0</cbc:ProfileID>
               <cbc:ID>118120479086FAKNOV-13-5B</cbc:ID>
               <cbc:IssueDate>2018-06-12</cbc:IssueDate>
               <cbc:InvoiceTypeCode listID="UNCL1001">380</cbc:InvoiceTypeCode>
               <cbc:DocumentCurrencyCode listID="ISO4217">EUR</cbc:DocumentCurrencyCode>
               <cac:AccountingSupplierParty>
                  <cac:Party>
                     <cac:PartyIdentification>
                        <cbc:ID schemeID="BE:CBE">0200013901</cbc:ID>
                     </cac:PartyIdentification>
                     <cac:PartyName>
                        <cbc:Name>ACME</cbc:Name>
                     </cac:PartyName>
                     <cac:PostalAddress>
                        <cbc:StreetName>Simon Bolivarlaan 30/9</cbc:StreetName>
                        <cbc:CityName>BRUSSEL</cbc:CityName>
                        <cbc:PostalZone>1000</cbc:PostalZone>
                        <cac:Country>
                           <cbc:IdentificationCode listID="ISO3166-1:Alpha2">BE</cbc:IdentificationCode>
                        </cac:Country>
                     </cac:PostalAddress>
                     <cac:PartyTaxScheme>
                        <cbc:CompanyID schemeID="BE:VAT">BE0200013901</cbc:CompanyID>
                        <cac:TaxScheme>
                           <cbc:ID>VAT</cbc:ID>
                        </cac:TaxScheme>
                     </cac:PartyTaxScheme>
                     <cac:PartyLegalEntity>
                        <cbc:RegistrationName>D.W. Soft bvba</cbc:RegistrationName>
                        <cbc:CompanyID schemeID="BE:CBE">0200013901</cbc:CompanyID>
                     </cac:PartyLegalEntity>
                     <cac:Contact>
                        <cbc:ElectronicMail>dirk.willekens@dwsoft.be</cbc:ElectronicMail>
                     </cac:Contact>
                  </cac:Party>
               </cac:AccountingSupplierParty>
               <cac:AccountingCustomerParty>
                  <cac:Party>
                     <cac:PartyIdentification>
                        <cbc:ID schemeID="BE:CBE">2222222222</cbc:ID>
                     </cac:PartyIdentification>
                     <cac:PartyName>
                        <cbc:Name>Fake customer</cbc:Name>
                     </cac:PartyName>
                     <cac:PostalAddress>
                        <cbc:StreetName>Simon Bolivarlaan 34</cbc:StreetName>
                        <cbc:CityName>ANTWERPEN</cbc:CityName>
                        <cbc:PostalZone>2000</cbc:PostalZone>
                        <cac:Country>
                           <cbc:IdentificationCode listID="ISO3166-1:Alpha2">BE</cbc:IdentificationCode>
                        </cac:Country>
                     </cac:PostalAddress>
                     <cac:PartyTaxScheme>
                        <cbc:CompanyID schemeID="BE:VAT">BE2222222222</cbc:CompanyID>
                        <cac:TaxScheme>
                           <cbc:ID>VAT</cbc:ID>
                        </cac:TaxScheme>
                     </cac:PartyTaxScheme>
                     <cac:PartyLegalEntity>
                        <cbc:RegistrationName>Fake Customer</cbc:RegistrationName>
                        <cbc:CompanyID schemeID="BE:CBE">2222222222</cbc:CompanyID>
                     </cac:PartyLegalEntity>
                  </cac:Party>
               </cac:AccountingCustomerParty>
               <cac:PaymentMeans>
                  <cbc:PaymentMeansCode listID="UNCL4461">1</cbc:PaymentMeansCode>
                  <cbc:PaymentDueDate>2018-05-31</cbc:PaymentDueDate>
                  <cbc:PaymentChannelCode>IBAN</cbc:PaymentChannelCode>
                  <cbc:InstructionNote>SIMPLE TEST TO FAKE CUSTOMER</cbc:InstructionNote>
                  <cac:PayeeFinancialAccount>
                     <cbc:ID schemeID="IBAN">BE86736009252450</cbc:ID>
                     <cac:FinancialInstitutionBranch>
                        <cac:FinancialInstitution>
                           <cbc:ID schemeID="BIC">KREDBEBB</cbc:ID>
                        </cac:FinancialInstitution>
                     </cac:FinancialInstitutionBranch>
                  </cac:PayeeFinancialAccount>
               </cac:PaymentMeans>
               <cac:TaxTotal>
                  <cbc:TaxAmount currencyID="EUR">21.00</cbc:TaxAmount>
                  <cac:TaxSubtotal>
                     <cbc:TaxableAmount currencyID="EUR">100.00</cbc:TaxableAmount>
                     <cbc:TaxAmount currencyID="EUR">21.00</cbc:TaxAmount>
                     <cac:TaxCategory>
                        <cbc:ID schemeID="UNCL5305">S</cbc:ID>
                        <cbc:Percent>21.00</cbc:Percent>
                        <cac:TaxScheme>
                           <cbc:ID>VAT</cbc:ID>
                        </cac:TaxScheme>
                     </cac:TaxCategory>
                  </cac:TaxSubtotal>
               </cac:TaxTotal>
               <cac:LegalMonetaryTotal>
                  <cbc:LineExtensionAmount currencyID="EUR">100.00</cbc:LineExtensionAmount>
                  <cbc:TaxExclusiveAmount currencyID="EUR">100.00</cbc:TaxExclusiveAmount>
                  <cbc:TaxInclusiveAmount currencyID="EUR">121.00</cbc:TaxInclusiveAmount>
                  <cbc:PayableAmount currencyID="EUR">121.00</cbc:PayableAmount>
               </cac:LegalMonetaryTotal>
               <cac:InvoiceLine>
                  <cbc:ID>1</cbc:ID>
                  <cbc:InvoicedQuantity unitCode="NAR" unitCodeListID="UNECERec20">1.00</cbc:InvoicedQuantity>
                  <cbc:LineExtensionAmount currencyID="EUR">100.00</cbc:LineExtensionAmount>
                  <cac:TaxTotal>
                     <cbc:TaxAmount currencyID="EUR">21.00</cbc:TaxAmount>
                  </cac:TaxTotal>
                  <cac:Item>
                     <cbc:Description>Line1 description - may be long</cbc:Description>
                     <cbc:Name>Line1max50char</cbc:Name>
                     <cac:ClassifiedTaxCategory>
                        <cbc:ID schemeID="UNCL5305">S</cbc:ID>
                        <cbc:Percent>21.00</cbc:Percent>
                        <cac:TaxScheme>
                           <cbc:ID>VAT</cbc:ID>
                        </cac:TaxScheme>
                     </cac:ClassifiedTaxCategory>
                  </cac:Item>
                  <cac:Price>
                     <cbc:PriceAmount currencyID="EUR">100.00</cbc:PriceAmount>
                     <cbc:BaseQuantity>1.00</cbc:BaseQuantity>
                  </cac:Price>
               </cac:InvoiceLine>
            </Invoice>
            </v12:document>
         </v2:request>
      </v2:submitDocumentRequest>
   </soapenv:Body>
</soapenv:Envelope>]]></con:request><con:credentials><con:selectedAuthProfile>Basic</con:selectedAuthProfile><con:addedBasicAuthenticationTypes>Basic</con:addedBasicAuthenticationTypes><con:authType>Global HTTP Settings</con:authType></con:credentials><con:jmsConfig JMSDeliveryMode="PERSISTENT"/><con:jmsPropertyConfig/><con:wsaConfig mustUnderstand="NONE" version="200508" action="http://fidus.brussels/services/invoiceservice/submitApplicationResponse"/><con:wsrmConfig version="1.2"/></con:call><con:call id="9014f33a-4175-4b06-9ed6-ae2f0508d6dc" name="4 - Staging - Worker1 - Request" outgoingWss="Outflow STAG"><con:settings><con:setting id="com.eviware.soapui.impl.wsdl.WsdlRequest@request-headers">&lt;xml-fragment/></con:setting></con:settings><con:encoding>UTF-8</con:encoding><con:endpoint>https://192.168.24.16:8443/services/InvoiceService_v2.0</con:endpoint><con:request><![CDATA[<soapenv:Envelope xmlns:soapenv="http://schemas.xmlsoap.org/soap/envelope/" xmlns:v2="http://fidus.brussels/service/invoiceservice/messages/v2.0" xmlns:v1="http://fidus.brussels/service/invoiceservice/messages/v1.2" xmlns:v11="http://fidus.brussels/type/common/messages/v1" xmlns:urn="urn:oasis:names:specification:ubl:schema:xsd:ApplicationResponse-2" xmlns:urn1="urn:oasis:names:specification:ubl:schema:xsd:CommonExtensionComponents-2" xmlns:urn2="urn:oasis:names:specification:ubl:schema:xsd:CommonBasicComponents-2" xmlns:urn3="urn:oasis:names:specification:ubl:schema:xsd:CommonAggregateComponents-2">
   <soapenv:Header/>
   <soapenv:Body>
      <v2:submitDocumentRequest>
         <v2:messageContext>
            <v11:messageId>?</v11:messageId>
         </v2:messageContext>
         <v2:legalContext>ServiceIntegrator</v2:legalContext>
         <v2:request>
            <v12:document xmlns:v12="http://fsb.belgium.be/einvoicing/simpleprior/v1_00">                
            <Invoice xmlns="urn:oasis:names:specification:ubl:schema:xsd:Invoice-2"
                    xmlns:cbc="urn:oasis:names:specification:ubl:schema:xsd:CommonBasicComponents-2"
                    xmlns:cac="urn:oasis:names:specification:ubl:schema:xsd:CommonAggregateComponents-2">
               <cbc:UBLVersionID>2.1</cbc:UBLVersionID>
               <cbc:CustomizationID>urn:www.cenbii.eu:transaction:biitrns010:ver2.0:extended:urn:www.peppol.eu:bis:peppol5a:ver2.0</cbc:CustomizationID>
               <cbc:ProfileID>urn:www.cenbii.eu:profile:bii05:ver2.0</cbc:ProfileID>
               <cbc:ID>118120479086FAKNOV-13-5B</cbc:ID>
               <cbc:IssueDate>2018-06-12</cbc:IssueDate>
               <cbc:InvoiceTypeCode listID="UNCL1001">380</cbc:InvoiceTypeCode>
               <cbc:DocumentCurrencyCode listID="ISO4217">EUR</cbc:DocumentCurrencyCode>
               <cac:AccountingSupplierParty>
                  <cac:Party>
                     <cac:PartyIdentification>
                        <cbc:ID schemeID="BE:CBE">0200013901</cbc:ID>
                     </cac:PartyIdentification>
                     <cac:PartyName>
                        <cbc:Name>ACME</cbc:Name>
                     </cac:PartyName>
                     <cac:PostalAddress>
                        <cbc:StreetName>Simon Bolivarlaan 30/9</cbc:StreetName>
                        <cbc:CityName>BRUSSEL</cbc:CityName>
                        <cbc:PostalZone>1000</cbc:PostalZone>
                        <cac:Country>
                           <cbc:IdentificationCode listID="ISO3166-1:Alpha2">BE</cbc:IdentificationCode>
                        </cac:Country>
                     </cac:PostalAddress>
                     <cac:PartyTaxScheme>
                        <cbc:CompanyID schemeID="BE:VAT">BE0200013901</cbc:CompanyID>
                        <cac:TaxScheme>
                           <cbc:ID>VAT</cbc:ID>
                        </cac:TaxScheme>
                     </cac:PartyTaxScheme>
                     <cac:PartyLegalEntity>
                        <cbc:RegistrationName>D.W. Soft bvba</cbc:RegistrationName>
                        <cbc:CompanyID schemeID="BE:CBE">0200013901</cbc:CompanyID>
                     </cac:PartyLegalEntity>
                     <cac:Contact>
                        <cbc:ElectronicMail>dirk.willekens@dwsoft.be</cbc:ElectronicMail>
                     </cac:Contact>
                  </cac:Party>
               </cac:AccountingSupplierParty>
               <cac:AccountingCustomerParty>
                  <cac:Party>
                     <cac:PartyIdentification>
                        <cbc:ID schemeID="BE:CBE">2222222222</cbc:ID>
                     </cac:PartyIdentification>
                     <cac:PartyName>
                        <cbc:Name>Fake customer</cbc:Name>
                     </cac:PartyName>
                     <cac:PostalAddress>
                        <cbc:StreetName>Simon Bolivarlaan 34</cbc:StreetName>
                        <cbc:CityName>ANTWERPEN</cbc:CityName>
                        <cbc:PostalZone>2000</cbc:PostalZone>
                        <cac:Country>
                           <cbc:IdentificationCode listID="ISO3166-1:Alpha2">BE</cbc:IdentificationCode>
                        </cac:Country>
                     </cac:PostalAddress>
                     <cac:PartyTaxScheme>
                        <cbc:CompanyID schemeID="BE:VAT">BE2222222222</cbc:CompanyID>
                        <cac:TaxScheme>
                           <cbc:ID>VAT</cbc:ID>
                        </cac:TaxScheme>
                     </cac:PartyTaxScheme>
                     <cac:PartyLegalEntity>
                        <cbc:RegistrationName>Fake Customer</cbc:RegistrationName>
                        <cbc:CompanyID schemeID="BE:CBE">2222222222</cbc:CompanyID>
                     </cac:PartyLegalEntity>
                  </cac:Party>
               </cac:AccountingCustomerParty>
               <cac:PaymentMeans>
                  <cbc:PaymentMeansCode listID="UNCL4461">1</cbc:PaymentMeansCode>
                  <cbc:PaymentDueDate>2018-05-31</cbc:PaymentDueDate>
                  <cbc:PaymentChannelCode>IBAN</cbc:PaymentChannelCode>
                  <cbc:InstructionNote>SIMPLE TEST TO FAKE CUSTOMER</cbc:InstructionNote>
                  <cac:PayeeFinancialAccount>
                     <cbc:ID schemeID="IBAN">BE86736009252450</cbc:ID>
                     <cac:FinancialInstitutionBranch>
                        <cac:FinancialInstitution>
                           <cbc:ID schemeID="BIC">KREDBEBB</cbc:ID>
                        </cac:FinancialInstitution>
                     </cac:FinancialInstitutionBranch>
                  </cac:PayeeFinancialAccount>
               </cac:PaymentMeans>
               <cac:TaxTotal>
                  <cbc:TaxAmount currencyID="EUR">21.00</cbc:TaxAmount>
                  <cac:TaxSubtotal>
                     <cbc:TaxableAmount currencyID="EUR">100.00</cbc:TaxableAmount>
                     <cbc:TaxAmount currencyID="EUR">21.00</cbc:TaxAmount>
                     <cac:TaxCategory>
                        <cbc:ID schemeID="UNCL5305">S</cbc:ID>
                        <cbc:Percent>21.00</cbc:Percent>
                        <cac:TaxScheme>
                           <cbc:ID>VAT</cbc:ID>
                        </cac:TaxScheme>
                     </cac:TaxCategory>
                  </cac:TaxSubtotal>
               </cac:TaxTotal>
               <cac:LegalMonetaryTotal>
                  <cbc:LineExtensionAmount currencyID="EUR">100.00</cbc:LineExtensionAmount>
                  <cbc:TaxExclusiveAmount currencyID="EUR">100.00</cbc:TaxExclusiveAmount>
                  <cbc:TaxInclusiveAmount currencyID="EUR">121.00</cbc:TaxInclusiveAmount>
                  <cbc:PayableAmount currencyID="EUR">121.00</cbc:PayableAmount>
               </cac:LegalMonetaryTotal>
               <cac:InvoiceLine>
                  <cbc:ID>1</cbc:ID>
                  <cbc:InvoicedQuantity unitCode="NAR" unitCodeListID="UNECERec20">1.00</cbc:InvoicedQuantity>
                  <cbc:LineExtensionAmount currencyID="EUR">100.00</cbc:LineExtensionAmount>
                  <cac:TaxTotal>
                     <cbc:TaxAmount currencyID="EUR">21.00</cbc:TaxAmount>
                  </cac:TaxTotal>
                  <cac:Item>
                     <cbc:Description>Line1 description - may be long</cbc:Description>
                     <cbc:Name>Line1max50char</cbc:Name>
                     <cac:ClassifiedTaxCategory>
                        <cbc:ID schemeID="UNCL5305">S</cbc:ID>
                        <cbc:Percent>21.00</cbc:Percent>
                        <cac:TaxScheme>
                           <cbc:ID>VAT</cbc:ID>
                        </cac:TaxScheme>
                     </cac:ClassifiedTaxCategory>
                  </cac:Item>
                  <cac:Price>
                     <cbc:PriceAmount currencyID="EUR">100.00</cbc:PriceAmount>
                     <cbc:BaseQuantity>1.00</cbc:BaseQuantity>
                  </cac:Price>
               </cac:InvoiceLine>
            </Invoice>
            </v12:document>
         </v2:request>
      </v2:submitDocumentRequest>
   </soapenv:Body>
</soapenv:Envelope>]]></con:request><con:credentials><con:selectedAuthProfile>Basic</con:selectedAuthProfile><con:addedBasicAuthenticationTypes>Basic</con:addedBasicAuthenticationTypes><con:authType>Global HTTP Settings</con:authType></con:credentials><con:jmsConfig JMSDeliveryMode="PERSISTENT"/><con:jmsPropertyConfig/><con:wsaConfig mustUnderstand="NONE" version="200508" action="http://fidus.brussels/services/invoiceservice/submitApplicationResponse"/><con:wsrmConfig version="1.2"/></con:call><con:call id="cee6cdcc-9e03-46a6-8ca5-c2cdf08df129" name="4 - Staging - Worker2 - Request" outgoingWss="Outflow STAG"><con:settings><con:setting id="com.eviware.soapui.impl.wsdl.WsdlRequest@request-headers">&lt;xml-fragment/></con:setting></con:settings><con:encoding>UTF-8</con:encoding><con:endpoint>https://192.168.24.17:8443/services/InvoiceService_v2.0</con:endpoint><con:request><![CDATA[<soapenv:Envelope xmlns:soapenv="http://schemas.xmlsoap.org/soap/envelope/" xmlns:v2="http://fidus.brussels/service/invoiceservice/messages/v2.0" xmlns:v1="http://fidus.brussels/service/invoiceservice/messages/v1.2" xmlns:v11="http://fidus.brussels/type/common/messages/v1" xmlns:urn="urn:oasis:names:specification:ubl:schema:xsd:ApplicationResponse-2" xmlns:urn1="urn:oasis:names:specification:ubl:schema:xsd:CommonExtensionComponents-2" xmlns:urn2="urn:oasis:names:specification:ubl:schema:xsd:CommonBasicComponents-2" xmlns:urn3="urn:oasis:names:specification:ubl:schema:xsd:CommonAggregateComponents-2">
   <soapenv:Header/>
   <soapenv:Body>
      <v2:submitDocumentRequest>
         <v2:messageContext>
            <v11:messageId>?</v11:messageId>
         </v2:messageContext>
         <v2:legalContext>ServiceIntegrator</v2:legalContext>
         <v2:request>
            <v12:document xmlns:v12="http://fsb.belgium.be/einvoicing/simpleprior/v1_00">                
            <Invoice xmlns="urn:oasis:names:specification:ubl:schema:xsd:Invoice-2"
                    xmlns:cbc="urn:oasis:names:specification:ubl:schema:xsd:CommonBasicComponents-2"
                    xmlns:cac="urn:oasis:names:specification:ubl:schema:xsd:CommonAggregateComponents-2">
               <cbc:UBLVersionID>2.1</cbc:UBLVersionID>
               <cbc:CustomizationID>urn:www.cenbii.eu:transaction:biitrns010:ver2.0:extended:urn:www.peppol.eu:bis:peppol5a:ver2.0</cbc:CustomizationID>
               <cbc:ProfileID>urn:www.cenbii.eu:profile:bii05:ver2.0</cbc:ProfileID>
               <cbc:ID>118120479086FAKNOV-13-5B</cbc:ID>
               <cbc:IssueDate>2018-06-12</cbc:IssueDate>
               <cbc:InvoiceTypeCode listID="UNCL1001">380</cbc:InvoiceTypeCode>
               <cbc:DocumentCurrencyCode listID="ISO4217">EUR</cbc:DocumentCurrencyCode>
               <cac:AccountingSupplierParty>
                  <cac:Party>
                     <cac:PartyIdentification>
                        <cbc:ID schemeID="BE:CBE">0200013901</cbc:ID>
                     </cac:PartyIdentification>
                     <cac:PartyName>
                        <cbc:Name>ACME</cbc:Name>
                     </cac:PartyName>
                     <cac:PostalAddress>
                        <cbc:StreetName>Simon Bolivarlaan 30/9</cbc:StreetName>
                        <cbc:CityName>BRUSSEL</cbc:CityName>
                        <cbc:PostalZone>1000</cbc:PostalZone>
                        <cac:Country>
                           <cbc:IdentificationCode listID="ISO3166-1:Alpha2">BE</cbc:IdentificationCode>
                        </cac:Country>
                     </cac:PostalAddress>
                     <cac:PartyTaxScheme>
                        <cbc:CompanyID schemeID="BE:VAT">BE0200013901</cbc:CompanyID>
                        <cac:TaxScheme>
                           <cbc:ID>VAT</cbc:ID>
                        </cac:TaxScheme>
                     </cac:PartyTaxScheme>
                     <cac:PartyLegalEntity>
                        <cbc:RegistrationName>D.W. Soft bvba</cbc:RegistrationName>
                        <cbc:CompanyID schemeID="BE:CBE">0200013901</cbc:CompanyID>
                     </cac:PartyLegalEntity>
                     <cac:Contact>
                        <cbc:ElectronicMail>dirk.willekens@dwsoft.be</cbc:ElectronicMail>
                     </cac:Contact>
                  </cac:Party>
               </cac:AccountingSupplierParty>
               <cac:AccountingCustomerParty>
                  <cac:Party>
                     <cac:PartyIdentification>
                        <cbc:ID schemeID="BE:CBE">2222222222</cbc:ID>
                     </cac:PartyIdentification>
                     <cac:PartyName>
                        <cbc:Name>Fake customer</cbc:Name>
                     </cac:PartyName>
                     <cac:PostalAddress>
                        <cbc:StreetName>Simon Bolivarlaan 34</cbc:StreetName>
                        <cbc:CityName>ANTWERPEN</cbc:CityName>
                        <cbc:PostalZone>2000</cbc:PostalZone>
                        <cac:Country>
                           <cbc:IdentificationCode listID="ISO3166-1:Alpha2">BE</cbc:IdentificationCode>
                        </cac:Country>
                     </cac:PostalAddress>
                     <cac:PartyTaxScheme>
                        <cbc:CompanyID schemeID="BE:VAT">BE2222222222</cbc:CompanyID>
                        <cac:TaxScheme>
                           <cbc:ID>VAT</cbc:ID>
                        </cac:TaxScheme>
                     </cac:PartyTaxScheme>
                     <cac:PartyLegalEntity>
                        <cbc:RegistrationName>Fake Customer</cbc:RegistrationName>
                        <cbc:CompanyID schemeID="BE:CBE">2222222222</cbc:CompanyID>
                     </cac:PartyLegalEntity>
                  </cac:Party>
               </cac:AccountingCustomerParty>
               <cac:PaymentMeans>
                  <cbc:PaymentMeansCode listID="UNCL4461">1</cbc:PaymentMeansCode>
                  <cbc:PaymentDueDate>2018-05-31</cbc:PaymentDueDate>
                  <cbc:PaymentChannelCode>IBAN</cbc:PaymentChannelCode>
                  <cbc:InstructionNote>SIMPLE TEST TO FAKE CUSTOMER</cbc:InstructionNote>
                  <cac:PayeeFinancialAccount>
                     <cbc:ID schemeID="IBAN">BE86736009252450</cbc:ID>
                     <cac:FinancialInstitutionBranch>
                        <cac:FinancialInstitution>
                           <cbc:ID schemeID="BIC">KREDBEBB</cbc:ID>
                        </cac:FinancialInstitution>
                     </cac:FinancialInstitutionBranch>
                  </cac:PayeeFinancialAccount>
               </cac:PaymentMeans>
               <cac:TaxTotal>
                  <cbc:TaxAmount currencyID="EUR">21.00</cbc:TaxAmount>
                  <cac:TaxSubtotal>
                     <cbc:TaxableAmount currencyID="EUR">100.00</cbc:TaxableAmount>
                     <cbc:TaxAmount currencyID="EUR">21.00</cbc:TaxAmount>
                     <cac:TaxCategory>
                        <cbc:ID schemeID="UNCL5305">S</cbc:ID>
                        <cbc:Percent>21.00</cbc:Percent>
                        <cac:TaxScheme>
                           <cbc:ID>VAT</cbc:ID>
                        </cac:TaxScheme>
                     </cac:TaxCategory>
                  </cac:TaxSubtotal>
               </cac:TaxTotal>
               <cac:LegalMonetaryTotal>
                  <cbc:LineExtensionAmount currencyID="EUR">100.00</cbc:LineExtensionAmount>
                  <cbc:TaxExclusiveAmount currencyID="EUR">100.00</cbc:TaxExclusiveAmount>
                  <cbc:TaxInclusiveAmount currencyID="EUR">121.00</cbc:TaxInclusiveAmount>
                  <cbc:PayableAmount currencyID="EUR">121.00</cbc:PayableAmount>
               </cac:LegalMonetaryTotal>
               <cac:InvoiceLine>
                  <cbc:ID>1</cbc:ID>
                  <cbc:InvoicedQuantity unitCode="NAR" unitCodeListID="UNECERec20">1.00</cbc:InvoicedQuantity>
                  <cbc:LineExtensionAmount currencyID="EUR">100.00</cbc:LineExtensionAmount>
                  <cac:TaxTotal>
                     <cbc:TaxAmount currencyID="EUR">21.00</cbc:TaxAmount>
                  </cac:TaxTotal>
                  <cac:Item>
                     <cbc:Description>Line1 description - may be long</cbc:Description>
                     <cbc:Name>Line1max50char</cbc:Name>
                     <cac:ClassifiedTaxCategory>
                        <cbc:ID schemeID="UNCL5305">S</cbc:ID>
                        <cbc:Percent>21.00</cbc:Percent>
                        <cac:TaxScheme>
                           <cbc:ID>VAT</cbc:ID>
                        </cac:TaxScheme>
                     </cac:ClassifiedTaxCategory>
                  </cac:Item>
                  <cac:Price>
                     <cbc:PriceAmount currencyID="EUR">100.00</cbc:PriceAmount>
                     <cbc:BaseQuantity>1.00</cbc:BaseQuantity>
                  </cac:Price>
               </cac:InvoiceLine>
            </Invoice>
            </v12:document>
         </v2:request>
      </v2:submitDocumentRequest>
   </soapenv:Body>
</soapenv:Envelope>]]></con:request><con:credentials><con:selectedAuthProfile>Basic</con:selectedAuthProfile><con:addedBasicAuthenticationTypes>Basic</con:addedBasicAuthenticationTypes><con:authType>Global HTTP Settings</con:authType></con:credentials><con:jmsConfig JMSDeliveryMode="PERSISTENT"/><con:jmsPropertyConfig/><con:wsaConfig mustUnderstand="NONE" version="200508" action="http://fidus.brussels/services/invoiceservice/submitApplicationResponse"/><con:wsrmConfig version="1.2"/></con:call><con:call id="3d19b8c0-5e6d-46c7-9a70-3377b771a99a" name="5 - Prod - External - Request" outgoingWss="Outflow PROD"><con:settings><con:setting id="com.eviware.soapui.impl.wsdl.WsdlRequest@request-headers">&lt;xml-fragment/></con:setting></con:settings><con:encoding>UTF-8</con:encoding><con:endpoint>https://fidus.sec.brussels/services/InvoiceService_v2.0</con:endpoint><con:request><![CDATA[<soapenv:Envelope xmlns:soapenv="http://schemas.xmlsoap.org/soap/envelope/" xmlns:v2="http://fidus.brussels/service/invoiceservice/messages/v2.0" xmlns:v1="http://fidus.brussels/service/invoiceservice/messages/v1.2" xmlns:v11="http://fidus.brussels/type/common/messages/v1" xmlns:urn="urn:oasis:names:specification:ubl:schema:xsd:ApplicationResponse-2" xmlns:urn1="urn:oasis:names:specification:ubl:schema:xsd:CommonExtensionComponents-2" xmlns:urn2="urn:oasis:names:specification:ubl:schema:xsd:CommonBasicComponents-2" xmlns:urn3="urn:oasis:names:specification:ubl:schema:xsd:CommonAggregateComponents-2">
   <soapenv:Header/>
   <soapenv:Body>
      <v2:submitDocumentRequest>
         <v2:messageContext>
            <v11:messageId>?</v11:messageId>
         </v2:messageContext>
         <v2:legalContext>ServiceIntegrator</v2:legalContext>
         <v2:request>
            <v12:document xmlns:v12="http://fsb.belgium.be/einvoicing/simpleprior/v1_00">                
            <Invoice xmlns="urn:oasis:names:specification:ubl:schema:xsd:Invoice-2"
                    xmlns:cbc="urn:oasis:names:specification:ubl:schema:xsd:CommonBasicComponents-2"
                    xmlns:cac="urn:oasis:names:specification:ubl:schema:xsd:CommonAggregateComponents-2">
               <cbc:UBLVersionID>2.1</cbc:UBLVersionID>
               <cbc:CustomizationID>urn:www.cenbii.eu:transaction:biitrns010:ver2.0:extended:urn:www.peppol.eu:bis:peppol5a:ver2.0</cbc:CustomizationID>
               <cbc:ProfileID>urn:www.cenbii.eu:profile:bii05:ver2.0</cbc:ProfileID>
               <cbc:ID>118120479086FAKNOV-13-5B</cbc:ID>
               <cbc:IssueDate>2018-06-12</cbc:IssueDate>
               <cbc:InvoiceTypeCode listID="UNCL1001">380</cbc:InvoiceTypeCode>
               <cbc:DocumentCurrencyCode listID="ISO4217">EUR</cbc:DocumentCurrencyCode>
               <cac:AccountingSupplierParty>
                  <cac:Party>
                     <cac:PartyIdentification>
                        <cbc:ID schemeID="BE:CBE">0200013901</cbc:ID>
                     </cac:PartyIdentification>
                     <cac:PartyName>
                        <cbc:Name>ACME</cbc:Name>
                     </cac:PartyName>
                     <cac:PostalAddress>
                        <cbc:StreetName>Simon Bolivarlaan 30/9</cbc:StreetName>
                        <cbc:CityName>BRUSSEL</cbc:CityName>
                        <cbc:PostalZone>1000</cbc:PostalZone>
                        <cac:Country>
                           <cbc:IdentificationCode listID="ISO3166-1:Alpha2">BE</cbc:IdentificationCode>
                        </cac:Country>
                     </cac:PostalAddress>
                     <cac:PartyTaxScheme>
                        <cbc:CompanyID schemeID="BE:VAT">BE0200013901</cbc:CompanyID>
                        <cac:TaxScheme>
                           <cbc:ID>VAT</cbc:ID>
                        </cac:TaxScheme>
                     </cac:PartyTaxScheme>
                     <cac:PartyLegalEntity>
                        <cbc:RegistrationName>D.W. Soft bvba</cbc:RegistrationName>
                        <cbc:CompanyID schemeID="BE:CBE">0200013901</cbc:CompanyID>
                     </cac:PartyLegalEntity>
                     <cac:Contact>
                        <cbc:ElectronicMail>dirk.willekens@dwsoft.be</cbc:ElectronicMail>
                     </cac:Contact>
                  </cac:Party>
               </cac:AccountingSupplierParty>
               <cac:AccountingCustomerParty>
                  <cac:Party>
                     <cac:PartyIdentification>
                        <cbc:ID schemeID="BE:CBE">2222222222</cbc:ID>
                     </cac:PartyIdentification>
                     <cac:PartyName>
                        <cbc:Name>Fake customer</cbc:Name>
                     </cac:PartyName>
                     <cac:PostalAddress>
                        <cbc:StreetName>Simon Bolivarlaan 34</cbc:StreetName>
                        <cbc:CityName>ANTWERPEN</cbc:CityName>
                        <cbc:PostalZone>2000</cbc:PostalZone>
                        <cac:Country>
                           <cbc:IdentificationCode listID="ISO3166-1:Alpha2">BE</cbc:IdentificationCode>
                        </cac:Country>
                     </cac:PostalAddress>
                     <cac:PartyTaxScheme>
                        <cbc:CompanyID schemeID="BE:VAT">BE2222222222</cbc:CompanyID>
                        <cac:TaxScheme>
                           <cbc:ID>VAT</cbc:ID>
                        </cac:TaxScheme>
                     </cac:PartyTaxScheme>
                     <cac:PartyLegalEntity>
                        <cbc:RegistrationName>Fake Customer</cbc:RegistrationName>
                        <cbc:CompanyID schemeID="BE:CBE">2222222222</cbc:CompanyID>
                     </cac:PartyLegalEntity>
                  </cac:Party>
               </cac:AccountingCustomerParty>
               <cac:PaymentMeans>
                  <cbc:PaymentMeansCode listID="UNCL4461">1</cbc:PaymentMeansCode>
                  <cbc:PaymentDueDate>2018-05-31</cbc:PaymentDueDate>
                  <cbc:PaymentChannelCode>IBAN</cbc:PaymentChannelCode>
                  <cbc:InstructionNote>SIMPLE TEST TO FAKE CUSTOMER</cbc:InstructionNote>
                  <cac:PayeeFinancialAccount>
                     <cbc:ID schemeID="IBAN">BE86736009252450</cbc:ID>
                     <cac:FinancialInstitutionBranch>
                        <cac:FinancialInstitution>
                           <cbc:ID schemeID="BIC">KREDBEBB</cbc:ID>
                        </cac:FinancialInstitution>
                     </cac:FinancialInstitutionBranch>
                  </cac:PayeeFinancialAccount>
               </cac:PaymentMeans>
               <cac:TaxTotal>
                  <cbc:TaxAmount currencyID="EUR">21.00</cbc:TaxAmount>
                  <cac:TaxSubtotal>
                     <cbc:TaxableAmount currencyID="EUR">100.00</cbc:TaxableAmount>
                     <cbc:TaxAmount currencyID="EUR">21.00</cbc:TaxAmount>
                     <cac:TaxCategory>
                        <cbc:ID schemeID="UNCL5305">S</cbc:ID>
                        <cbc:Percent>21.00</cbc:Percent>
                        <cac:TaxScheme>
                           <cbc:ID>VAT</cbc:ID>
                        </cac:TaxScheme>
                     </cac:TaxCategory>
                  </cac:TaxSubtotal>
               </cac:TaxTotal>
               <cac:LegalMonetaryTotal>
                  <cbc:LineExtensionAmount currencyID="EUR">100.00</cbc:LineExtensionAmount>
                  <cbc:TaxExclusiveAmount currencyID="EUR">100.00</cbc:TaxExclusiveAmount>
                  <cbc:TaxInclusiveAmount currencyID="EUR">121.00</cbc:TaxInclusiveAmount>
                  <cbc:PayableAmount currencyID="EUR">121.00</cbc:PayableAmount>
               </cac:LegalMonetaryTotal>
               <cac:InvoiceLine>
                  <cbc:ID>1</cbc:ID>
                  <cbc:InvoicedQuantity unitCode="NAR" unitCodeListID="UNECERec20">1.00</cbc:InvoicedQuantity>
                  <cbc:LineExtensionAmount currencyID="EUR">100.00</cbc:LineExtensionAmount>
                  <cac:TaxTotal>
                     <cbc:TaxAmount currencyID="EUR">21.00</cbc:TaxAmount>
                  </cac:TaxTotal>
                  <cac:Item>
                     <cbc:Description>Line1 description - may be long</cbc:Description>
                     <cbc:Name>Line1max50char</cbc:Name>
                     <cac:ClassifiedTaxCategory>
                        <cbc:ID schemeID="UNCL5305">S</cbc:ID>
                        <cbc:Percent>21.00</cbc:Percent>
                        <cac:TaxScheme>
                           <cbc:ID>VAT</cbc:ID>
                        </cac:TaxScheme>
                     </cac:ClassifiedTaxCategory>
                  </cac:Item>
                  <cac:Price>
                     <cbc:PriceAmount currencyID="EUR">100.00</cbc:PriceAmount>
                     <cbc:BaseQuantity>1.00</cbc:BaseQuantity>
                  </cac:Price>
               </cac:InvoiceLine>
            </Invoice>
            </v12:document>
         </v2:request>
      </v2:submitDocumentRequest>
   </soapenv:Body>
</soapenv:Envelope>]]></con:request><con:credentials><con:selectedAuthProfile>Basic</con:selectedAuthProfile><con:addedBasicAuthenticationTypes>Basic</con:addedBasicAuthenticationTypes><con:authType>Global HTTP Settings</con:authType></con:credentials><con:jmsConfig JMSDeliveryMode="PERSISTENT"/><con:jmsPropertyConfig/><con:wsaConfig mustUnderstand="NONE" version="200508" action="http://fidus.brussels/services/invoiceservice/submitApplicationResponse"/><con:wsrmConfig version="1.2"/></con:call><con:call id="46eba1d8-6034-43a2-b2d6-d87f30784758" name="5 - Prod - LB - Request" outgoingWss="Outflow PROD"><con:settings><con:setting id="com.eviware.soapui.impl.wsdl.WsdlRequest@request-headers">&lt;xml-fragment/></con:setting></con:settings><con:encoding>UTF-8</con:encoding><con:endpoint>https://fidus-esb-sg.prd.srv.cirb.lan:8443/services/InvoiceService_v2.0</con:endpoint><con:request><![CDATA[<soapenv:Envelope xmlns:soapenv="http://schemas.xmlsoap.org/soap/envelope/" xmlns:v2="http://fidus.brussels/service/invoiceservice/messages/v2.0" xmlns:v1="http://fidus.brussels/service/invoiceservice/messages/v1.2" xmlns:v11="http://fidus.brussels/type/common/messages/v1" xmlns:urn="urn:oasis:names:specification:ubl:schema:xsd:ApplicationResponse-2" xmlns:urn1="urn:oasis:names:specification:ubl:schema:xsd:CommonExtensionComponents-2" xmlns:urn2="urn:oasis:names:specification:ubl:schema:xsd:CommonBasicComponents-2" xmlns:urn3="urn:oasis:names:specification:ubl:schema:xsd:CommonAggregateComponents-2">
   <soapenv:Header/>
   <soapenv:Body>
      <v2:submitDocumentRequest>
         <v2:messageContext>
            <v11:messageId>?</v11:messageId>
         </v2:messageContext>
         <v2:legalContext>ServiceIntegrator</v2:legalContext>
         <v2:request>
            <v12:document xmlns:v12="http://fsb.belgium.be/einvoicing/simpleprior/v1_00">                
            <Invoice xmlns="urn:oasis:names:specification:ubl:schema:xsd:Invoice-2"
                    xmlns:cbc="urn:oasis:names:specification:ubl:schema:xsd:CommonBasicComponents-2"
                    xmlns:cac="urn:oasis:names:specification:ubl:schema:xsd:CommonAggregateComponents-2">
               <cbc:UBLVersionID>2.1</cbc:UBLVersionID>
               <cbc:CustomizationID>urn:www.cenbii.eu:transaction:biitrns010:ver2.0:extended:urn:www.peppol.eu:bis:peppol5a:ver2.0</cbc:CustomizationID>
               <cbc:ProfileID>urn:www.cenbii.eu:profile:bii05:ver2.0</cbc:ProfileID>
               <cbc:ID>118120479086FAKNOV-13-5B</cbc:ID>
               <cbc:IssueDate>2018-06-12</cbc:IssueDate>
               <cbc:InvoiceTypeCode listID="UNCL1001">380</cbc:InvoiceTypeCode>
               <cbc:DocumentCurrencyCode listID="ISO4217">EUR</cbc:DocumentCurrencyCode>
               <cac:AccountingSupplierParty>
                  <cac:Party>
                     <cac:PartyIdentification>
                        <cbc:ID schemeID="BE:CBE">0200013901</cbc:ID>
                     </cac:PartyIdentification>
                     <cac:PartyName>
                        <cbc:Name>ACME</cbc:Name>
                     </cac:PartyName>
                     <cac:PostalAddress>
                        <cbc:StreetName>Simon Bolivarlaan 30/9</cbc:StreetName>
                        <cbc:CityName>BRUSSEL</cbc:CityName>
                        <cbc:PostalZone>1000</cbc:PostalZone>
                        <cac:Country>
                           <cbc:IdentificationCode listID="ISO3166-1:Alpha2">BE</cbc:IdentificationCode>
                        </cac:Country>
                     </cac:PostalAddress>
                     <cac:PartyTaxScheme>
                        <cbc:CompanyID schemeID="BE:VAT">BE0200013901</cbc:CompanyID>
                        <cac:TaxScheme>
                           <cbc:ID>VAT</cbc:ID>
                        </cac:TaxScheme>
                     </cac:PartyTaxScheme>
                     <cac:PartyLegalEntity>
                        <cbc:RegistrationName>D.W. Soft bvba</cbc:RegistrationName>
                        <cbc:CompanyID schemeID="BE:CBE">0200013901</cbc:CompanyID>
                     </cac:PartyLegalEntity>
                     <cac:Contact>
                        <cbc:ElectronicMail>dirk.willekens@dwsoft.be</cbc:ElectronicMail>
                     </cac:Contact>
                  </cac:Party>
               </cac:AccountingSupplierParty>
               <cac:AccountingCustomerParty>
                  <cac:Party>
                     <cac:PartyIdentification>
                        <cbc:ID schemeID="BE:CBE">2222222222</cbc:ID>
                     </cac:PartyIdentification>
                     <cac:PartyName>
                        <cbc:Name>Fake customer</cbc:Name>
                     </cac:PartyName>
                     <cac:PostalAddress>
                        <cbc:StreetName>Simon Bolivarlaan 34</cbc:StreetName>
                        <cbc:CityName>ANTWERPEN</cbc:CityName>
                        <cbc:PostalZone>2000</cbc:PostalZone>
                        <cac:Country>
                           <cbc:IdentificationCode listID="ISO3166-1:Alpha2">BE</cbc:IdentificationCode>
                        </cac:Country>
                     </cac:PostalAddress>
                     <cac:PartyTaxScheme>
                        <cbc:CompanyID schemeID="BE:VAT">BE2222222222</cbc:CompanyID>
                        <cac:TaxScheme>
                           <cbc:ID>VAT</cbc:ID>
                        </cac:TaxScheme>
                     </cac:PartyTaxScheme>
                     <cac:PartyLegalEntity>
                        <cbc:RegistrationName>Fake Customer</cbc:RegistrationName>
                        <cbc:CompanyID schemeID="BE:CBE">2222222222</cbc:CompanyID>
                     </cac:PartyLegalEntity>
                  </cac:Party>
               </cac:AccountingCustomerParty>
               <cac:PaymentMeans>
                  <cbc:PaymentMeansCode listID="UNCL4461">1</cbc:PaymentMeansCode>
                  <cbc:PaymentDueDate>2018-05-31</cbc:PaymentDueDate>
                  <cbc:PaymentChannelCode>IBAN</cbc:PaymentChannelCode>
                  <cbc:InstructionNote>SIMPLE TEST TO FAKE CUSTOMER</cbc:InstructionNote>
                  <cac:PayeeFinancialAccount>
                     <cbc:ID schemeID="IBAN">BE86736009252450</cbc:ID>
                     <cac:FinancialInstitutionBranch>
                        <cac:FinancialInstitution>
                           <cbc:ID schemeID="BIC">KREDBEBB</cbc:ID>
                        </cac:FinancialInstitution>
                     </cac:FinancialInstitutionBranch>
                  </cac:PayeeFinancialAccount>
               </cac:PaymentMeans>
               <cac:TaxTotal>
                  <cbc:TaxAmount currencyID="EUR">21.00</cbc:TaxAmount>
                  <cac:TaxSubtotal>
                     <cbc:TaxableAmount currencyID="EUR">100.00</cbc:TaxableAmount>
                     <cbc:TaxAmount currencyID="EUR">21.00</cbc:TaxAmount>
                     <cac:TaxCategory>
                        <cbc:ID schemeID="UNCL5305">S</cbc:ID>
                        <cbc:Percent>21.00</cbc:Percent>
                        <cac:TaxScheme>
                           <cbc:ID>VAT</cbc:ID>
                        </cac:TaxScheme>
                     </cac:TaxCategory>
                  </cac:TaxSubtotal>
               </cac:TaxTotal>
               <cac:LegalMonetaryTotal>
                  <cbc:LineExtensionAmount currencyID="EUR">100.00</cbc:LineExtensionAmount>
                  <cbc:TaxExclusiveAmount currencyID="EUR">100.00</cbc:TaxExclusiveAmount>
                  <cbc:TaxInclusiveAmount currencyID="EUR">121.00</cbc:TaxInclusiveAmount>
                  <cbc:PayableAmount currencyID="EUR">121.00</cbc:PayableAmount>
               </cac:LegalMonetaryTotal>
               <cac:InvoiceLine>
                  <cbc:ID>1</cbc:ID>
                  <cbc:InvoicedQuantity unitCode="NAR" unitCodeListID="UNECERec20">1.00</cbc:InvoicedQuantity>
                  <cbc:LineExtensionAmount currencyID="EUR">100.00</cbc:LineExtensionAmount>
                  <cac:TaxTotal>
                     <cbc:TaxAmount currencyID="EUR">21.00</cbc:TaxAmount>
                  </cac:TaxTotal>
                  <cac:Item>
                     <cbc:Description>Line1 description - may be long</cbc:Description>
                     <cbc:Name>Line1max50char</cbc:Name>
                     <cac:ClassifiedTaxCategory>
                        <cbc:ID schemeID="UNCL5305">S</cbc:ID>
                        <cbc:Percent>21.00</cbc:Percent>
                        <cac:TaxScheme>
                           <cbc:ID>VAT</cbc:ID>
                        </cac:TaxScheme>
                     </cac:ClassifiedTaxCategory>
                  </cac:Item>
                  <cac:Price>
                     <cbc:PriceAmount currencyID="EUR">100.00</cbc:PriceAmount>
                     <cbc:BaseQuantity>1.00</cbc:BaseQuantity>
                  </cac:Price>
               </cac:InvoiceLine>
            </Invoice>
            </v12:document>
         </v2:request>
      </v2:submitDocumentRequest>
   </soapenv:Body>
</soapenv:Envelope>]]></con:request><con:credentials><con:selectedAuthProfile>Basic</con:selectedAuthProfile><con:addedBasicAuthenticationTypes>Basic</con:addedBasicAuthenticationTypes><con:authType>Global HTTP Settings</con:authType></con:credentials><con:jmsConfig JMSDeliveryMode="PERSISTENT"/><con:jmsPropertyConfig/><con:wsaConfig mustUnderstand="NONE" version="200508" action="http://fidus.brussels/services/invoiceservice/submitApplicationResponse"/><con:wsrmConfig version="1.2"/></con:call><con:call id="52f10cc4-0afb-4fb7-8c77-fe3393e415d7" name="5 - Prod - Worker1 - Request" outgoingWss="Outflow PROD"><con:settings><con:setting id="com.eviware.soapui.impl.wsdl.WsdlRequest@request-headers">&lt;xml-fragment/></con:setting></con:settings><con:encoding>UTF-8</con:encoding><con:endpoint>https://192.168.26.22:8443/services/InvoiceService_v2.0</con:endpoint><con:request><![CDATA[<soapenv:Envelope xmlns:soapenv="http://schemas.xmlsoap.org/soap/envelope/" xmlns:v2="http://fidus.brussels/service/invoiceservice/messages/v2.0" xmlns:v1="http://fidus.brussels/service/invoiceservice/messages/v1.2" xmlns:v11="http://fidus.brussels/type/common/messages/v1" xmlns:urn="urn:oasis:names:specification:ubl:schema:xsd:ApplicationResponse-2" xmlns:urn1="urn:oasis:names:specification:ubl:schema:xsd:CommonExtensionComponents-2" xmlns:urn2="urn:oasis:names:specification:ubl:schema:xsd:CommonBasicComponents-2" xmlns:urn3="urn:oasis:names:specification:ubl:schema:xsd:CommonAggregateComponents-2">
   <soapenv:Header/>
   <soapenv:Body>
      <v2:submitDocumentRequest>
         <v2:messageContext>
            <v11:messageId>?</v11:messageId>
         </v2:messageContext>
         <v2:legalContext>ServiceIntegrator</v2:legalContext>
         <v2:request>
            <v12:document xmlns:v12="http://fsb.belgium.be/einvoicing/simpleprior/v1_00">                
            <Invoice xmlns="urn:oasis:names:specification:ubl:schema:xsd:Invoice-2"
                    xmlns:cbc="urn:oasis:names:specification:ubl:schema:xsd:CommonBasicComponents-2"
                    xmlns:cac="urn:oasis:names:specification:ubl:schema:xsd:CommonAggregateComponents-2">
               <cbc:UBLVersionID>2.1</cbc:UBLVersionID>
               <cbc:CustomizationID>urn:www.cenbii.eu:transaction:biitrns010:ver2.0:extended:urn:www.peppol.eu:bis:peppol5a:ver2.0</cbc:CustomizationID>
               <cbc:ProfileID>urn:www.cenbii.eu:profile:bii05:ver2.0</cbc:ProfileID>
               <cbc:ID>118120479086FAKNOV-13-5B</cbc:ID>
               <cbc:IssueDate>2018-06-12</cbc:IssueDate>
               <cbc:InvoiceTypeCode listID="UNCL1001">380</cbc:InvoiceTypeCode>
               <cbc:DocumentCurrencyCode listID="ISO4217">EUR</cbc:DocumentCurrencyCode>
               <cac:AccountingSupplierParty>
                  <cac:Party>
                     <cac:PartyIdentification>
                        <cbc:ID schemeID="BE:CBE">0200013901</cbc:ID>
                     </cac:PartyIdentification>
                     <cac:PartyName>
                        <cbc:Name>ACME</cbc:Name>
                     </cac:PartyName>
                     <cac:PostalAddress>
                        <cbc:StreetName>Simon Bolivarlaan 30/9</cbc:StreetName>
                        <cbc:CityName>BRUSSEL</cbc:CityName>
                        <cbc:PostalZone>1000</cbc:PostalZone>
                        <cac:Country>
                           <cbc:IdentificationCode listID="ISO3166-1:Alpha2">BE</cbc:IdentificationCode>
                        </cac:Country>
                     </cac:PostalAddress>
                     <cac:PartyTaxScheme>
                        <cbc:CompanyID schemeID="BE:VAT">BE0200013901</cbc:CompanyID>
                        <cac:TaxScheme>
                           <cbc:ID>VAT</cbc:ID>
                        </cac:TaxScheme>
                     </cac:PartyTaxScheme>
                     <cac:PartyLegalEntity>
                        <cbc:RegistrationName>D.W. Soft bvba</cbc:RegistrationName>
                        <cbc:CompanyID schemeID="BE:CBE">0200013901</cbc:CompanyID>
                     </cac:PartyLegalEntity>
                     <cac:Contact>
                        <cbc:ElectronicMail>dirk.willekens@dwsoft.be</cbc:ElectronicMail>
                     </cac:Contact>
                  </cac:Party>
               </cac:AccountingSupplierParty>
               <cac:AccountingCustomerParty>
                  <cac:Party>
                     <cac:PartyIdentification>
                        <cbc:ID schemeID="BE:CBE">2222222222</cbc:ID>
                     </cac:PartyIdentification>
                     <cac:PartyName>
                        <cbc:Name>Fake customer</cbc:Name>
                     </cac:PartyName>
                     <cac:PostalAddress>
                        <cbc:StreetName>Simon Bolivarlaan 34</cbc:StreetName>
                        <cbc:CityName>ANTWERPEN</cbc:CityName>
                        <cbc:PostalZone>2000</cbc:PostalZone>
                        <cac:Country>
                           <cbc:IdentificationCode listID="ISO3166-1:Alpha2">BE</cbc:IdentificationCode>
                        </cac:Country>
                     </cac:PostalAddress>
                     <cac:PartyTaxScheme>
                        <cbc:CompanyID schemeID="BE:VAT">BE2222222222</cbc:CompanyID>
                        <cac:TaxScheme>
                           <cbc:ID>VAT</cbc:ID>
                        </cac:TaxScheme>
                     </cac:PartyTaxScheme>
                     <cac:PartyLegalEntity>
                        <cbc:RegistrationName>Fake Customer</cbc:RegistrationName>
                        <cbc:CompanyID schemeID="BE:CBE">2222222222</cbc:CompanyID>
                     </cac:PartyLegalEntity>
                  </cac:Party>
               </cac:AccountingCustomerParty>
               <cac:PaymentMeans>
                  <cbc:PaymentMeansCode listID="UNCL4461">1</cbc:PaymentMeansCode>
                  <cbc:PaymentDueDate>2018-05-31</cbc:PaymentDueDate>
                  <cbc:PaymentChannelCode>IBAN</cbc:PaymentChannelCode>
                  <cbc:InstructionNote>SIMPLE TEST TO FAKE CUSTOMER</cbc:InstructionNote>
                  <cac:PayeeFinancialAccount>
                     <cbc:ID schemeID="IBAN">BE86736009252450</cbc:ID>
                     <cac:FinancialInstitutionBranch>
                        <cac:FinancialInstitution>
                           <cbc:ID schemeID="BIC">KREDBEBB</cbc:ID>
                        </cac:FinancialInstitution>
                     </cac:FinancialInstitutionBranch>
                  </cac:PayeeFinancialAccount>
               </cac:PaymentMeans>
               <cac:TaxTotal>
                  <cbc:TaxAmount currencyID="EUR">21.00</cbc:TaxAmount>
                  <cac:TaxSubtotal>
                     <cbc:TaxableAmount currencyID="EUR">100.00</cbc:TaxableAmount>
                     <cbc:TaxAmount currencyID="EUR">21.00</cbc:TaxAmount>
                     <cac:TaxCategory>
                        <cbc:ID schemeID="UNCL5305">S</cbc:ID>
                        <cbc:Percent>21.00</cbc:Percent>
                        <cac:TaxScheme>
                           <cbc:ID>VAT</cbc:ID>
                        </cac:TaxScheme>
                     </cac:TaxCategory>
                  </cac:TaxSubtotal>
               </cac:TaxTotal>
               <cac:LegalMonetaryTotal>
                  <cbc:LineExtensionAmount currencyID="EUR">100.00</cbc:LineExtensionAmount>
                  <cbc:TaxExclusiveAmount currencyID="EUR">100.00</cbc:TaxExclusiveAmount>
                  <cbc:TaxInclusiveAmount currencyID="EUR">121.00</cbc:TaxInclusiveAmount>
                  <cbc:PayableAmount currencyID="EUR">121.00</cbc:PayableAmount>
               </cac:LegalMonetaryTotal>
               <cac:InvoiceLine>
                  <cbc:ID>1</cbc:ID>
                  <cbc:InvoicedQuantity unitCode="NAR" unitCodeListID="UNECERec20">1.00</cbc:InvoicedQuantity>
                  <cbc:LineExtensionAmount currencyID="EUR">100.00</cbc:LineExtensionAmount>
                  <cac:TaxTotal>
                     <cbc:TaxAmount currencyID="EUR">21.00</cbc:TaxAmount>
                  </cac:TaxTotal>
                  <cac:Item>
                     <cbc:Description>Line1 description - may be long</cbc:Description>
                     <cbc:Name>Line1max50char</cbc:Name>
                     <cac:ClassifiedTaxCategory>
                        <cbc:ID schemeID="UNCL5305">S</cbc:ID>
                        <cbc:Percent>21.00</cbc:Percent>
                        <cac:TaxScheme>
                           <cbc:ID>VAT</cbc:ID>
                        </cac:TaxScheme>
                     </cac:ClassifiedTaxCategory>
                  </cac:Item>
                  <cac:Price>
                     <cbc:PriceAmount currencyID="EUR">100.00</cbc:PriceAmount>
                     <cbc:BaseQuantity>1.00</cbc:BaseQuantity>
                  </cac:Price>
               </cac:InvoiceLine>
            </Invoice>
            </v12:document>
         </v2:request>
      </v2:submitDocumentRequest>
   </soapenv:Body>
</soapenv:Envelope>]]></con:request><con:credentials><con:selectedAuthProfile>Basic</con:selectedAuthProfile><con:addedBasicAuthenticationTypes>Basic</con:addedBasicAuthenticationTypes><con:authType>Global HTTP Settings</con:authType></con:credentials><con:jmsConfig JMSDeliveryMode="PERSISTENT"/><con:jmsPropertyConfig/><con:wsaConfig mustUnderstand="NONE" version="200508" action="http://fidus.brussels/services/invoiceservice/submitApplicationResponse"/><con:wsrmConfig version="1.2"/></con:call><con:call id="36d36f24-0412-4677-930d-22943123ee5a" name="5 - Prod - Worker2 - Request" outgoingWss="Outflow PROD"><con:settings><con:setting id="com.eviware.soapui.impl.wsdl.WsdlRequest@request-headers">&lt;xml-fragment/></con:setting></con:settings><con:encoding>UTF-8</con:encoding><con:endpoint>https://192.168.26.19:8443/services/InvoiceService_v2.0</con:endpoint><con:request><![CDATA[<soapenv:Envelope xmlns:soapenv="http://schemas.xmlsoap.org/soap/envelope/" xmlns:v2="http://fidus.brussels/service/invoiceservice/messages/v2.0" xmlns:v1="http://fidus.brussels/service/invoiceservice/messages/v1.2" xmlns:v11="http://fidus.brussels/type/common/messages/v1" xmlns:urn="urn:oasis:names:specification:ubl:schema:xsd:ApplicationResponse-2" xmlns:urn1="urn:oasis:names:specification:ubl:schema:xsd:CommonExtensionComponents-2" xmlns:urn2="urn:oasis:names:specification:ubl:schema:xsd:CommonBasicComponents-2" xmlns:urn3="urn:oasis:names:specification:ubl:schema:xsd:CommonAggregateComponents-2">
   <soapenv:Header/>
   <soapenv:Body>
      <v2:submitDocumentRequest>
         <v2:messageContext>
            <v11:messageId>?</v11:messageId>
         </v2:messageContext>
         <v2:legalContext>ServiceIntegrator</v2:legalContext>
         <v2:request>
            <v12:document xmlns:v12="http://fsb.belgium.be/einvoicing/simpleprior/v1_00">                
            <Invoice xmlns="urn:oasis:names:specification:ubl:schema:xsd:Invoice-2"
                    xmlns:cbc="urn:oasis:names:specification:ubl:schema:xsd:CommonBasicComponents-2"
                    xmlns:cac="urn:oasis:names:specification:ubl:schema:xsd:CommonAggregateComponents-2">
               <cbc:UBLVersionID>2.1</cbc:UBLVersionID>
               <cbc:CustomizationID>urn:www.cenbii.eu:transaction:biitrns010:ver2.0:extended:urn:www.peppol.eu:bis:peppol5a:ver2.0</cbc:CustomizationID>
               <cbc:ProfileID>urn:www.cenbii.eu:profile:bii05:ver2.0</cbc:ProfileID>
               <cbc:ID>118120479086FAKNOV-13-5B</cbc:ID>
               <cbc:IssueDate>2018-06-12</cbc:IssueDate>
               <cbc:InvoiceTypeCode listID="UNCL1001">380</cbc:InvoiceTypeCode>
               <cbc:DocumentCurrencyCode listID="ISO4217">EUR</cbc:DocumentCurrencyCode>
               <cac:AccountingSupplierParty>
                  <cac:Party>
                     <cac:PartyIdentification>
                        <cbc:ID schemeID="BE:CBE">0200013901</cbc:ID>
                     </cac:PartyIdentification>
                     <cac:PartyName>
                        <cbc:Name>ACME</cbc:Name>
                     </cac:PartyName>
                     <cac:PostalAddress>
                        <cbc:StreetName>Simon Bolivarlaan 30/9</cbc:StreetName>
                        <cbc:CityName>BRUSSEL</cbc:CityName>
                        <cbc:PostalZone>1000</cbc:PostalZone>
                        <cac:Country>
                           <cbc:IdentificationCode listID="ISO3166-1:Alpha2">BE</cbc:IdentificationCode>
                        </cac:Country>
                     </cac:PostalAddress>
                     <cac:PartyTaxScheme>
                        <cbc:CompanyID schemeID="BE:VAT">BE0200013901</cbc:CompanyID>
                        <cac:TaxScheme>
                           <cbc:ID>VAT</cbc:ID>
                        </cac:TaxScheme>
                     </cac:PartyTaxScheme>
                     <cac:PartyLegalEntity>
                        <cbc:RegistrationName>D.W. Soft bvba</cbc:RegistrationName>
                        <cbc:CompanyID schemeID="BE:CBE">0200013901</cbc:CompanyID>
                     </cac:PartyLegalEntity>
                     <cac:Contact>
                        <cbc:ElectronicMail>dirk.willekens@dwsoft.be</cbc:ElectronicMail>
                     </cac:Contact>
                  </cac:Party>
               </cac:AccountingSupplierParty>
               <cac:AccountingCustomerParty>
                  <cac:Party>
                     <cac:PartyIdentification>
                        <cbc:ID schemeID="BE:CBE">2222222222</cbc:ID>
                     </cac:PartyIdentification>
                     <cac:PartyName>
                        <cbc:Name>Fake customer</cbc:Name>
                     </cac:PartyName>
                     <cac:PostalAddress>
                        <cbc:StreetName>Simon Bolivarlaan 34</cbc:StreetName>
                        <cbc:CityName>ANTWERPEN</cbc:CityName>
                        <cbc:PostalZone>2000</cbc:PostalZone>
                        <cac:Country>
                           <cbc:IdentificationCode listID="ISO3166-1:Alpha2">BE</cbc:IdentificationCode>
                        </cac:Country>
                     </cac:PostalAddress>
                     <cac:PartyTaxScheme>
                        <cbc:CompanyID schemeID="BE:VAT">BE2222222222</cbc:CompanyID>
                        <cac:TaxScheme>
                           <cbc:ID>VAT</cbc:ID>
                        </cac:TaxScheme>
                     </cac:PartyTaxScheme>
                     <cac:PartyLegalEntity>
                        <cbc:RegistrationName>Fake Customer</cbc:RegistrationName>
                        <cbc:CompanyID schemeID="BE:CBE">2222222222</cbc:CompanyID>
                     </cac:PartyLegalEntity>
                  </cac:Party>
               </cac:AccountingCustomerParty>
               <cac:PaymentMeans>
                  <cbc:PaymentMeansCode listID="UNCL4461">1</cbc:PaymentMeansCode>
                  <cbc:PaymentDueDate>2018-05-31</cbc:PaymentDueDate>
                  <cbc:PaymentChannelCode>IBAN</cbc:PaymentChannelCode>
                  <cbc:InstructionNote>SIMPLE TEST TO FAKE CUSTOMER</cbc:InstructionNote>
                  <cac:PayeeFinancialAccount>
                     <cbc:ID schemeID="IBAN">BE86736009252450</cbc:ID>
                     <cac:FinancialInstitutionBranch>
                        <cac:FinancialInstitution>
                           <cbc:ID schemeID="BIC">KREDBEBB</cbc:ID>
                        </cac:FinancialInstitution>
                     </cac:FinancialInstitutionBranch>
                  </cac:PayeeFinancialAccount>
               </cac:PaymentMeans>
               <cac:TaxTotal>
                  <cbc:TaxAmount currencyID="EUR">21.00</cbc:TaxAmount>
                  <cac:TaxSubtotal>
                     <cbc:TaxableAmount currencyID="EUR">100.00</cbc:TaxableAmount>
                     <cbc:TaxAmount currencyID="EUR">21.00</cbc:TaxAmount>
                     <cac:TaxCategory>
                        <cbc:ID schemeID="UNCL5305">S</cbc:ID>
                        <cbc:Percent>21.00</cbc:Percent>
                        <cac:TaxScheme>
                           <cbc:ID>VAT</cbc:ID>
                        </cac:TaxScheme>
                     </cac:TaxCategory>
                  </cac:TaxSubtotal>
               </cac:TaxTotal>
               <cac:LegalMonetaryTotal>
                  <cbc:LineExtensionAmount currencyID="EUR">100.00</cbc:LineExtensionAmount>
                  <cbc:TaxExclusiveAmount currencyID="EUR">100.00</cbc:TaxExclusiveAmount>
                  <cbc:TaxInclusiveAmount currencyID="EUR">121.00</cbc:TaxInclusiveAmount>
                  <cbc:PayableAmount currencyID="EUR">121.00</cbc:PayableAmount>
               </cac:LegalMonetaryTotal>
               <cac:InvoiceLine>
                  <cbc:ID>1</cbc:ID>
                  <cbc:InvoicedQuantity unitCode="NAR" unitCodeListID="UNECERec20">1.00</cbc:InvoicedQuantity>
                  <cbc:LineExtensionAmount currencyID="EUR">100.00</cbc:LineExtensionAmount>
                  <cac:TaxTotal>
                     <cbc:TaxAmount currencyID="EUR">21.00</cbc:TaxAmount>
                  </cac:TaxTotal>
                  <cac:Item>
                     <cbc:Description>Line1 description - may be long</cbc:Description>
                     <cbc:Name>Line1max50char</cbc:Name>
                     <cac:ClassifiedTaxCategory>
                        <cbc:ID schemeID="UNCL5305">S</cbc:ID>
                        <cbc:Percent>21.00</cbc:Percent>
                        <cac:TaxScheme>
                           <cbc:ID>VAT</cbc:ID>
                        </cac:TaxScheme>
                     </cac:ClassifiedTaxCategory>
                  </cac:Item>
                  <cac:Price>
                     <cbc:PriceAmount currencyID="EUR">100.00</cbc:PriceAmount>
                     <cbc:BaseQuantity>1.00</cbc:BaseQuantity>
                  </cac:Price>
               </cac:InvoiceLine>
            </Invoice>
            </v12:document>
         </v2:request>
      </v2:submitDocumentRequest>
   </soapenv:Body>
</soapenv:Envelope>]]></con:request><con:credentials><con:selectedAuthProfile>Basic</con:selectedAuthProfile><con:addedBasicAuthenticationTypes>Basic</con:addedBasicAuthenticationTypes><con:authType>Global HTTP Settings</con:authType></con:credentials><con:jmsConfig JMSDeliveryMode="PERSISTENT"/><con:jmsPropertyConfig/><con:wsaConfig mustUnderstand="NONE" version="200508" action="http://fidus.brussels/services/invoiceservice/submitApplicationResponse"/><con:wsrmConfig version="1.2"/></con:call></con:operation><con:operation id="3674bff6-8d24-4054-b7b0-163e832979af" isOneWay="false" action="http://fidus.brussels/services/invoiceservice/submitInboxRequest" name="submitInboxRequest" bindingOperationName="submitInboxRequest" type="Request-Response" inputName="" receivesAttachments="false" sendsAttachments="false" anonymous="optional"><con:settings/><con:call id="9b053a67-8476-46f6-b708-0a5f864cf29a" name="1 - Local - Request" outgoingWss="Outflow DEV"><con:settings><con:setting id="com.eviware.soapui.impl.wsdl.WsdlRequest@request-headers">&lt;xml-fragment/></con:setting></con:settings><con:encoding>UTF-8</con:encoding><con:endpoint>https://localhost:8243/services/InvoiceService_v2.0</con:endpoint><con:request><![CDATA[<soapenv:Envelope xmlns:soapenv="http://schemas.xmlsoap.org/soap/envelope/" xmlns:v2="http://fidus.brussels/service/invoiceservice/messages/v2.0" xmlns:v11="http://fidus.brussels/type/common/messages/v1">
   <soapenv:Header/>
   <soapenv:Body>
      <v2:submitInboxRequestRequest>
         <v2:messageContext>
            <v11:messageId>?</v11:messageId>
         </v2:messageContext>
         <v2:legalContext>ServiceIntegrator</v2:legalContext>
         <v2:request>
            <v12:receiverId xmlns:v12="http://fsb.belgium.be/einvoicing/simpleprior/v1_00">2222222222</v12:receiverId>
            <v12:senderId xmlns:v12="http://fsb.belgium.be/einvoicing/simpleprior/v1_00">0200013901</v12:senderId>        
         </v2:request>
      </v2:submitInboxRequestRequest>
   </soapenv:Body>
</soapenv:Envelope>]]></con:request><con:credentials><con:selectedAuthProfile>Basic</con:selectedAuthProfile><con:addedBasicAuthenticationTypes>Basic</con:addedBasicAuthenticationTypes><con:authType>Global HTTP Settings</con:authType></con:credentials><con:jmsConfig JMSDeliveryMode="PERSISTENT"/><con:jmsPropertyConfig/><con:wsaConfig mustUnderstand="NONE" version="200508" action="http://fidus.brussels/services/invoiceservice/submitInboxRequest"/><con:wsrmConfig version="1.2"/></con:call><con:call id="e83ee648-628d-4f9e-9a82-73b7aec0e1b6" name="2 - Dev - Request" outgoingWss="Outflow DEV"><con:settings><con:setting id="com.eviware.soapui.impl.wsdl.WsdlRequest@request-headers">&lt;xml-fragment/></con:setting></con:settings><con:encoding>UTF-8</con:encoding><con:endpoint>https://192.168.36.61:8243/services/InvoiceService_v2.0</con:endpoint><con:request><![CDATA[<soapenv:Envelope xmlns:soapenv="http://schemas.xmlsoap.org/soap/envelope/" xmlns:v2="http://fidus.brussels/service/invoiceservice/messages/v2.0" xmlns:v11="http://fidus.brussels/type/common/messages/v1">
   <soapenv:Header/>
   <soapenv:Body>
      <v2:submitInboxRequestRequest>
         <v2:messageContext>
            <v11:messageId>?</v11:messageId>
         </v2:messageContext>
         <v2:legalContext>ServiceIntegrator</v2:legalContext>
         <v2:request>
            <v12:receiverId xmlns:v12="http://fsb.belgium.be/einvoicing/simpleprior/v1_00">2222222222</v12:receiverId>
            <v12:senderId xmlns:v12="http://fsb.belgium.be/einvoicing/simpleprior/v1_00">0200013901</v12:senderId>        
         </v2:request>
      </v2:submitInboxRequestRequest>
   </soapenv:Body>
</soapenv:Envelope>]]></con:request><con:credentials><con:selectedAuthProfile>Basic</con:selectedAuthProfile><con:addedBasicAuthenticationTypes>Basic</con:addedBasicAuthenticationTypes><con:authType>Global HTTP Settings</con:authType></con:credentials><con:jmsConfig JMSDeliveryMode="PERSISTENT"/><con:jmsPropertyConfig/><con:wsaConfig mustUnderstand="NONE" version="200508" action="http://fidus.brussels/services/invoiceservice/submitInboxRequest"/><con:wsrmConfig version="1.2"/></con:call><con:call id="ba6e79d6-0816-471f-b47b-0799f6d228a5" name="3 - Test - External - Request" outgoingWss="Outflow TEST"><con:settings><con:setting id="com.eviware.soapui.impl.wsdl.WsdlRequest@request-headers">&lt;xml-fragment/></con:setting></con:settings><con:encoding>UTF-8</con:encoding><con:endpoint>https://fidus-test.irisnetlab.be/services/InvoiceService_v2.0</con:endpoint><con:request><![CDATA[<soapenv:Envelope xmlns:soapenv="http://schemas.xmlsoap.org/soap/envelope/" xmlns:v2="http://fidus.brussels/service/invoiceservice/messages/v2.0" xmlns:v11="http://fidus.brussels/type/common/messages/v1">
   <soapenv:Header/>
   <soapenv:Body>
      <v2:submitInboxRequestRequest>
         <v2:messageContext>
            <v11:messageId>${=import static java.util.UUID.randomUUID; uuid = randomUUID() as String}</v11:messageId>
            <v11:timestamp>${=new java.text.SimpleDateFormat("yyyy-MM-dd'T'HH:mm:ss.SSS").format(new Date())}</v11:timestamp>
         </v2:messageContext>
         <v2:legalContext>ServiceIntegrator</v2:legalContext>
         <v2:request>
            <v12:receiverId xmlns:v12="http://fsb.belgium.be/einvoicing/simpleprior/v1_00">0463152333</v12:receiverId>
            <v12:senderId xmlns:v12="http://fsb.belgium.be/einvoicing/simpleprior/v1_00">0200013901</v12:senderId>        
         </v2:request>
      </v2:submitInboxRequestRequest>
   </soapenv:Body>
</soapenv:Envelope>]]></con:request><con:credentials><con:selectedAuthProfile>Basic</con:selectedAuthProfile><con:addedBasicAuthenticationTypes>Basic</con:addedBasicAuthenticationTypes><con:authType>Global HTTP Settings</con:authType></con:credentials><con:jmsConfig JMSDeliveryMode="PERSISTENT"/><con:jmsPropertyConfig/><con:wsaConfig mustUnderstand="NONE" version="200508" action="http://fidus.brussels/services/invoiceservice/submitInboxRequest"/><con:wsrmConfig version="1.2"/></con:call><con:call id="5dbfb3cc-eb4b-4bbb-a97b-df0eeeab2cf1" name="3 - Test - LB - Request" outgoingWss="Outflow TEST"><con:settings><con:setting id="com.eviware.soapui.impl.wsdl.WsdlRequest@request-headers">&lt;xml-fragment/></con:setting></con:settings><con:encoding>UTF-8</con:encoding><con:endpoint>https://esb-security-gw.sta.srv.cirb.lan:8443/services/InvoiceService_v2.0</con:endpoint><con:request><![CDATA[<soapenv:Envelope xmlns:soapenv="http://schemas.xmlsoap.org/soap/envelope/" xmlns:v2="http://fidus.brussels/service/invoiceservice/messages/v2.0" xmlns:v11="http://fidus.brussels/type/common/messages/v1">
   <soapenv:Header/>
   <soapenv:Body>
      <v2:submitInboxRequestRequest>
         <v2:messageContext>
            <v11:messageId>?</v11:messageId>
         </v2:messageContext>
         <v2:legalContext>ServiceIntegrator</v2:legalContext>
         <v2:request>
            <v12:receiverId xmlns:v12="http://fsb.belgium.be/einvoicing/simpleprior/v1_00">2222222222</v12:receiverId>
            <v12:senderId xmlns:v12="http://fsb.belgium.be/einvoicing/simpleprior/v1_00">0200013901</v12:senderId>        
         </v2:request>
      </v2:submitInboxRequestRequest>
   </soapenv:Body>
</soapenv:Envelope>]]></con:request><con:credentials><con:selectedAuthProfile>Basic</con:selectedAuthProfile><con:addedBasicAuthenticationTypes>Basic</con:addedBasicAuthenticationTypes><con:authType>Global HTTP Settings</con:authType></con:credentials><con:jmsConfig JMSDeliveryMode="PERSISTENT"/><con:jmsPropertyConfig/><con:wsaConfig mustUnderstand="NONE" version="200508" action="http://fidus.brussels/services/invoiceservice/submitInboxRequest"/><con:wsrmConfig version="1.2"/></con:call><con:call id="1ed7aad7-25dd-4dee-842b-1a41ae712ccf" name="3 - Test - Worker1 - Request" outgoingWss="Outflow TEST" incomingWss="inflowTest"><con:settings><con:setting id="com.eviware.soapui.impl.wsdl.WsdlRequest@request-headers">&lt;xml-fragment/></con:setting></con:settings><con:encoding>UTF-8</con:encoding><con:endpoint>https://192.168.24.45:8443/services/InvoiceService_v2.0</con:endpoint><con:request><![CDATA[<soapenv:Envelope xmlns:soapenv="http://schemas.xmlsoap.org/soap/envelope/" xmlns:v2="http://fidus.brussels/service/invoiceservice/messages/v2.0" xmlns:v11="http://fidus.brussels/type/common/messages/v1">
   <soapenv:Header/>
   <soapenv:Body>
      <v2:submitInboxRequestRequest>
         <v2:messageContext>
            <v11:messageId>?</v11:messageId>
         </v2:messageContext>
         <v2:legalContext>ServiceIntegrator</v2:legalContext>
         <v2:request>
            <v12:receiverId xmlns:v12="http://fsb.belgium.be/einvoicing/simpleprior/v1_00">2222222222</v12:receiverId>
            <v12:senderId xmlns:v12="http://fsb.belgium.be/einvoicing/simpleprior/v1_00">0200013901</v12:senderId>        
         </v2:request>
      </v2:submitInboxRequestRequest>
   </soapenv:Body>
</soapenv:Envelope>]]></con:request><con:credentials><con:selectedAuthProfile>Basic</con:selectedAuthProfile><con:addedBasicAuthenticationTypes>Basic</con:addedBasicAuthenticationTypes><con:authType>Global HTTP Settings</con:authType></con:credentials><con:jmsConfig JMSDeliveryMode="PERSISTENT"/><con:jmsPropertyConfig/><con:wsaConfig mustUnderstand="NONE" version="200508" action="http://fidus.brussels/services/invoiceservice/submitInboxRequest"/><con:wsrmConfig version="1.2"/></con:call><con:call id="a344d086-38cc-494f-b570-71b37d32f53b" name="3 - Test - Worker2 - Request" outgoingWss="Outflow TEST"><con:settings><con:setting id="com.eviware.soapui.impl.wsdl.WsdlRequest@request-headers">&lt;xml-fragment/></con:setting></con:settings><con:encoding>UTF-8</con:encoding><con:endpoint>https://192.168.22.54:8443/services/InvoiceService_v2.0</con:endpoint><con:request><![CDATA[<soapenv:Envelope xmlns:soapenv="http://schemas.xmlsoap.org/soap/envelope/" xmlns:v2="http://fidus.brussels/service/invoiceservice/messages/v2.0" xmlns:v11="http://fidus.brussels/type/common/messages/v1">
   <soapenv:Header/>
   <soapenv:Body>
      <v2:submitInboxRequestRequest>
         <v2:messageContext>
            <v11:messageId>?</v11:messageId>
         </v2:messageContext>
         <v2:legalContext>ServiceIntegrator</v2:legalContext>
         <v2:request>
            <v12:receiverId xmlns:v12="http://fsb.belgium.be/einvoicing/simpleprior/v1_00">2222222222</v12:receiverId>
            <v12:senderId xmlns:v12="http://fsb.belgium.be/einvoicing/simpleprior/v1_00">0200013901</v12:senderId>        
         </v2:request>
      </v2:submitInboxRequestRequest>
   </soapenv:Body>
</soapenv:Envelope>]]></con:request><con:credentials><con:selectedAuthProfile>Basic</con:selectedAuthProfile><con:addedBasicAuthenticationTypes>Basic</con:addedBasicAuthenticationTypes><con:authType>Global HTTP Settings</con:authType></con:credentials><con:jmsConfig JMSDeliveryMode="PERSISTENT"/><con:jmsPropertyConfig/><con:wsaConfig mustUnderstand="NONE" version="200508" action="http://fidus.brussels/services/invoiceservice/submitInboxRequest"/><con:wsrmConfig version="1.2"/></con:call><con:call id="81f602e5-be6c-4cd6-b189-bdce58654bc3" name="4 - Staging - External - Request" outgoingWss="Outflow STAG"><con:settings><con:setting id="com.eviware.soapui.impl.wsdl.WsdlRequest@request-headers">&lt;xml-fragment/></con:setting></con:settings><con:encoding>UTF-8</con:encoding><con:endpoint>https://fidus.irisnetlab.be/services/InvoiceService_v2.0</con:endpoint><con:request><![CDATA[<soapenv:Envelope xmlns:soapenv="http://schemas.xmlsoap.org/soap/envelope/" xmlns:v2="http://fidus.brussels/service/invoiceservice/messages/v2.0" xmlns:v11="http://fidus.brussels/type/common/messages/v1">
   <soapenv:Header/>
   <soapenv:Body>
      <v2:submitInboxRequestRequest>
         <v2:messageContext>
            <v11:messageId>?</v11:messageId>
         </v2:messageContext>
         <v2:legalContext>ServiceIntegrator</v2:legalContext>
         <v2:request>
            <v12:receiverId xmlns:v12="http://fsb.belgium.be/einvoicing/simpleprior/v1_00">2222222222</v12:receiverId>
            <v12:senderId xmlns:v12="http://fsb.belgium.be/einvoicing/simpleprior/v1_00">0200013901</v12:senderId>        
         </v2:request>
      </v2:submitInboxRequestRequest>
   </soapenv:Body>
</soapenv:Envelope>]]></con:request><con:credentials><con:selectedAuthProfile>Basic</con:selectedAuthProfile><con:addedBasicAuthenticationTypes>Basic</con:addedBasicAuthenticationTypes><con:authType>Global HTTP Settings</con:authType></con:credentials><con:jmsConfig JMSDeliveryMode="PERSISTENT"/><con:jmsPropertyConfig/><con:wsaConfig mustUnderstand="NONE" version="200508" action="http://fidus.brussels/services/invoiceservice/submitInboxRequest"/><con:wsrmConfig version="1.2"/></con:call><con:call id="e1e7c31f-9036-448c-ace5-e8bbe4e08d6d" name="4 - Staging - LB - Request" outgoingWss="Outflow STAG"><con:settings><con:setting id="com.eviware.soapui.impl.wsdl.WsdlRequest@request-headers">&lt;xml-fragment/></con:setting></con:settings><con:encoding>UTF-8</con:encoding><con:endpoint>https://fidus-esb-sg.sta.srv.cirb.lan:8443/services/InvoiceService_v2.0</con:endpoint><con:request><![CDATA[<soapenv:Envelope xmlns:soapenv="http://schemas.xmlsoap.org/soap/envelope/" xmlns:v2="http://fidus.brussels/service/invoiceservice/messages/v2.0" xmlns:v11="http://fidus.brussels/type/common/messages/v1">
   <soapenv:Header/>
   <soapenv:Body>
      <v2:submitInboxRequestRequest>
         <v2:messageContext>
            <v11:messageId>?</v11:messageId>
         </v2:messageContext>
         <v2:legalContext>ServiceIntegrator</v2:legalContext>
         <v2:request>
            <v12:receiverId xmlns:v12="http://fsb.belgium.be/einvoicing/simpleprior/v1_00">2222222222</v12:receiverId>
            <v12:senderId xmlns:v12="http://fsb.belgium.be/einvoicing/simpleprior/v1_00">0200013901</v12:senderId>        
         </v2:request>
      </v2:submitInboxRequestRequest>
   </soapenv:Body>
</soapenv:Envelope>]]></con:request><con:credentials><con:selectedAuthProfile>Basic</con:selectedAuthProfile><con:addedBasicAuthenticationTypes>Basic</con:addedBasicAuthenticationTypes><con:authType>Global HTTP Settings</con:authType></con:credentials><con:jmsConfig JMSDeliveryMode="PERSISTENT"/><con:jmsPropertyConfig/><con:wsaConfig mustUnderstand="NONE" version="200508" action="http://fidus.brussels/services/invoiceservice/submitInboxRequest"/><con:wsrmConfig version="1.2"/></con:call><con:call id="d20b2dd5-0514-4e71-81ff-b362b9447f5b" name="4 - Staging - Worker1 - Request" outgoingWss="Outflow STAG"><con:settings><con:setting id="com.eviware.soapui.impl.wsdl.WsdlRequest@request-headers">&lt;xml-fragment/></con:setting></con:settings><con:encoding>UTF-8</con:encoding><con:endpoint>https://192.168.24.16:8443/services/InvoiceService_v2.0</con:endpoint><con:request><![CDATA[<soapenv:Envelope xmlns:soapenv="http://schemas.xmlsoap.org/soap/envelope/" xmlns:v2="http://fidus.brussels/service/invoiceservice/messages/v2.0" xmlns:v11="http://fidus.brussels/type/common/messages/v1">
   <soapenv:Header/>
   <soapenv:Body>
      <v2:submitInboxRequestRequest>
         <v2:messageContext>
            <v11:messageId>?</v11:messageId>
         </v2:messageContext>
         <v2:legalContext>ServiceIntegrator</v2:legalContext>
         <v2:request>
            <v12:receiverId xmlns:v12="http://fsb.belgium.be/einvoicing/simpleprior/v1_00">2222222222</v12:receiverId>
            <v12:senderId xmlns:v12="http://fsb.belgium.be/einvoicing/simpleprior/v1_00">0200013901</v12:senderId>        
         </v2:request>
      </v2:submitInboxRequestRequest>
   </soapenv:Body>
</soapenv:Envelope>]]></con:request><con:credentials><con:selectedAuthProfile>Basic</con:selectedAuthProfile><con:addedBasicAuthenticationTypes>Basic</con:addedBasicAuthenticationTypes><con:authType>Global HTTP Settings</con:authType></con:credentials><con:jmsConfig JMSDeliveryMode="PERSISTENT"/><con:jmsPropertyConfig/><con:wsaConfig mustUnderstand="NONE" version="200508" action="http://fidus.brussels/services/invoiceservice/submitInboxRequest"/><con:wsrmConfig version="1.2"/></con:call><con:call id="9f2c23e2-e6c5-42b8-86e1-95bccd49411e" name="4 - Staging - Worker2 - Request" outgoingWss="Outflow STAG"><con:settings><con:setting id="com.eviware.soapui.impl.wsdl.WsdlRequest@request-headers">&lt;xml-fragment/></con:setting></con:settings><con:encoding>UTF-8</con:encoding><con:endpoint>https://192.168.24.17:8443/services/InvoiceService_v2.0</con:endpoint><con:request><![CDATA[<soapenv:Envelope xmlns:soapenv="http://schemas.xmlsoap.org/soap/envelope/" xmlns:v2="http://fidus.brussels/service/invoiceservice/messages/v2.0" xmlns:v11="http://fidus.brussels/type/common/messages/v1">
   <soapenv:Header/>
   <soapenv:Body>
      <v2:submitInboxRequestRequest>
         <v2:messageContext>
            <v11:messageId>?</v11:messageId>
         </v2:messageContext>
         <v2:legalContext>ServiceIntegrator</v2:legalContext>
         <v2:request>
            <v12:receiverId xmlns:v12="http://fsb.belgium.be/einvoicing/simpleprior/v1_00">2222222222</v12:receiverId>
            <v12:senderId xmlns:v12="http://fsb.belgium.be/einvoicing/simpleprior/v1_00">0200013901</v12:senderId>        
         </v2:request>
      </v2:submitInboxRequestRequest>
   </soapenv:Body>
</soapenv:Envelope>]]></con:request><con:credentials><con:selectedAuthProfile>Basic</con:selectedAuthProfile><con:addedBasicAuthenticationTypes>Basic</con:addedBasicAuthenticationTypes><con:authType>Global HTTP Settings</con:authType></con:credentials><con:jmsConfig JMSDeliveryMode="PERSISTENT"/><con:jmsPropertyConfig/><con:wsaConfig mustUnderstand="NONE" version="200508" action="http://fidus.brussels/services/invoiceservice/submitInboxRequest"/><con:wsrmConfig version="1.2"/></con:call><con:call id="bb2cb7f5-819d-42ac-b7bd-1cdf0432ce24" name="5 - Prod - External - Request" outgoingWss="Outflow PROD"><con:settings><con:setting id="com.eviware.soapui.impl.wsdl.WsdlRequest@request-headers">&lt;xml-fragment/></con:setting></con:settings><con:encoding>UTF-8</con:encoding><con:endpoint>https://fidus.sec.brussels/services/InvoiceService_v2.0</con:endpoint><con:request><![CDATA[<soapenv:Envelope xmlns:soapenv="http://schemas.xmlsoap.org/soap/envelope/" xmlns:v2="http://fidus.brussels/service/invoiceservice/messages/v2.0" xmlns:v11="http://fidus.brussels/type/common/messages/v1">
   <soapenv:Header/>
   <soapenv:Body>
      <v2:submitInboxRequestRequest>
         <v2:messageContext>
            <v11:messageId>?</v11:messageId>
         </v2:messageContext>
         <v2:legalContext>ServiceIntegrator</v2:legalContext>
         <v2:request>
            <v12:receiverId xmlns:v12="http://fsb.belgium.be/einvoicing/simpleprior/v1_00">2222222222</v12:receiverId>
            <v12:senderId xmlns:v12="http://fsb.belgium.be/einvoicing/simpleprior/v1_00">0200013901</v12:senderId>        
         </v2:request>
      </v2:submitInboxRequestRequest>
   </soapenv:Body>
</soapenv:Envelope>]]></con:request><con:credentials><con:selectedAuthProfile>Basic</con:selectedAuthProfile><con:addedBasicAuthenticationTypes>Basic</con:addedBasicAuthenticationTypes><con:authType>Global HTTP Settings</con:authType></con:credentials><con:jmsConfig JMSDeliveryMode="PERSISTENT"/><con:jmsPropertyConfig/><con:wsaConfig mustUnderstand="NONE" version="200508" action="http://fidus.brussels/services/invoiceservice/submitInboxRequest"/><con:wsrmConfig version="1.2"/></con:call><con:call id="777c818b-a60a-4f5d-95f1-c49dd879acd8" name="5 - Prod - LB - Request" outgoingWss="Outflow PROD"><con:settings><con:setting id="com.eviware.soapui.impl.wsdl.WsdlRequest@request-headers">&lt;xml-fragment/></con:setting></con:settings><con:encoding>UTF-8</con:encoding><con:endpoint>https://fidus-esb-sg.prd.srv.cirb.lan:8443/services/InvoiceService_v2.0</con:endpoint><con:request><![CDATA[<soapenv:Envelope xmlns:soapenv="http://schemas.xmlsoap.org/soap/envelope/" xmlns:v2="http://fidus.brussels/service/invoiceservice/messages/v2.0" xmlns:v11="http://fidus.brussels/type/common/messages/v1">
   <soapenv:Header/>
   <soapenv:Body>
      <v2:submitInboxRequestRequest>
         <v2:messageContext>
            <v11:messageId>?</v11:messageId>
         </v2:messageContext>
         <v2:legalContext>ServiceIntegrator</v2:legalContext>
         <v2:request>
            <v12:receiverId xmlns:v12="http://fsb.belgium.be/einvoicing/simpleprior/v1_00">2222222222</v12:receiverId>
            <v12:senderId xmlns:v12="http://fsb.belgium.be/einvoicing/simpleprior/v1_00">0200013901</v12:senderId>        
         </v2:request>
      </v2:submitInboxRequestRequest>
   </soapenv:Body>
</soapenv:Envelope>]]></con:request><con:credentials><con:selectedAuthProfile>Basic</con:selectedAuthProfile><con:addedBasicAuthenticationTypes>Basic</con:addedBasicAuthenticationTypes><con:authType>Global HTTP Settings</con:authType></con:credentials><con:jmsConfig JMSDeliveryMode="PERSISTENT"/><con:jmsPropertyConfig/><con:wsaConfig mustUnderstand="NONE" version="200508" action="http://fidus.brussels/services/invoiceservice/submitInboxRequest"/><con:wsrmConfig version="1.2"/></con:call><con:call id="c790a26d-dee0-4ae4-88a3-25b44d4af4e0" name="5 - Prod - Worker1 - Request" outgoingWss="Outflow PROD"><con:settings><con:setting id="com.eviware.soapui.impl.wsdl.WsdlRequest@request-headers">&lt;xml-fragment/></con:setting></con:settings><con:encoding>UTF-8</con:encoding><con:endpoint>https://192.168.26.22:8443/services/InvoiceService_v2.0</con:endpoint><con:request><![CDATA[<soapenv:Envelope xmlns:soapenv="http://schemas.xmlsoap.org/soap/envelope/" xmlns:v2="http://fidus.brussels/service/invoiceservice/messages/v2.0" xmlns:v11="http://fidus.brussels/type/common/messages/v1">
   <soapenv:Header/>
   <soapenv:Body>
      <v2:submitInboxRequestRequest>
         <v2:messageContext>
            <v11:messageId>?</v11:messageId>
         </v2:messageContext>
         <v2:legalContext>ServiceIntegrator</v2:legalContext>
         <v2:request>
            <v12:receiverId xmlns:v12="http://fsb.belgium.be/einvoicing/simpleprior/v1_00">2222222222</v12:receiverId>
            <v12:senderId xmlns:v12="http://fsb.belgium.be/einvoicing/simpleprior/v1_00">0200013901</v12:senderId>        
         </v2:request>
      </v2:submitInboxRequestRequest>
   </soapenv:Body>
</soapenv:Envelope>]]></con:request><con:credentials><con:selectedAuthProfile>Basic</con:selectedAuthProfile><con:addedBasicAuthenticationTypes>Basic</con:addedBasicAuthenticationTypes><con:authType>Global HTTP Settings</con:authType></con:credentials><con:jmsConfig JMSDeliveryMode="PERSISTENT"/><con:jmsPropertyConfig/><con:wsaConfig mustUnderstand="NONE" version="200508" action="http://fidus.brussels/services/invoiceservice/submitInboxRequest"/><con:wsrmConfig version="1.2"/></con:call><con:call id="c62a7b60-8ac5-42f8-87fe-d520cb42ffed" name="5 - Prod - Worker2 - Request" outgoingWss="Outflow PROD"><con:settings><con:setting id="com.eviware.soapui.impl.wsdl.WsdlRequest@request-headers">&lt;xml-fragment/></con:setting></con:settings><con:encoding>UTF-8</con:encoding><con:endpoint>https://192.168.26.19:8443/services/InvoiceService_v2.0</con:endpoint><con:request><![CDATA[<soapenv:Envelope xmlns:soapenv="http://schemas.xmlsoap.org/soap/envelope/" xmlns:v2="http://fidus.brussels/service/invoiceservice/messages/v2.0" xmlns:v11="http://fidus.brussels/type/common/messages/v1">
   <soapenv:Header/>
   <soapenv:Body>
      <v2:submitInboxRequestRequest>
         <v2:messageContext>
            <v11:messageId>?</v11:messageId>
         </v2:messageContext>
         <v2:legalContext>ServiceIntegrator</v2:legalContext>
         <v2:request>
            <v12:receiverId xmlns:v12="http://fsb.belgium.be/einvoicing/simpleprior/v1_00">2222222222</v12:receiverId>
            <v12:senderId xmlns:v12="http://fsb.belgium.be/einvoicing/simpleprior/v1_00">0200013901</v12:senderId>        
         </v2:request>
      </v2:submitInboxRequestRequest>
   </soapenv:Body>
</soapenv:Envelope>]]></con:request><con:credentials><con:selectedAuthProfile>Basic</con:selectedAuthProfile><con:addedBasicAuthenticationTypes>Basic</con:addedBasicAuthenticationTypes><con:authType>Global HTTP Settings</con:authType></con:credentials><con:jmsConfig JMSDeliveryMode="PERSISTENT"/><con:jmsPropertyConfig/><con:wsaConfig mustUnderstand="NONE" version="200508" action="http://fidus.brussels/services/invoiceservice/submitInboxRequest"/><con:wsrmConfig version="1.2"/></con:call></con:operation></con:interface><con:testSuite id="70bce8e3-9f90-4559-9299-2ba0a7c42754" name="DEV"><con:settings/><con:runType>SEQUENTIAL</con:runType><con:testCase id="95fcb61e-f080-49ad-8c34-3d81abaf75a8" failOnError="true" failTestCaseOnErrors="true" keepSession="false" maxResults="0" name="markDocument" searchProperties="true"><con:settings/><con:testStep type="request" id="9878eb3a-6d3b-4d41-be58-174aff0621b5" name="testcase2 - Dev - Request"><con:settings/><con:config xsi:type="con:RequestStep" xmlns:xsi="http://www.w3.org/2001/XMLSchema-instance"><con:interface>InvoiceServiceHTTPBinding</con:interface><con:operation>markDocument</con:operation><con:request name="testcase2 - Dev - Request" id="61f3b8ec-60d1-483f-ae2f-b722f2f0a08c" outgoingWss="Outflow DEV"><con:settings/><con:encoding>UTF-8</con:encoding><con:endpoint>https://192.168.36.61:8243/services/InvoiceService_v2.0</con:endpoint><con:request><![CDATA[<soapenv:Envelope xmlns:soapenv="http://schemas.xmlsoap.org/soap/envelope/" xmlns:v2="http://fidus.brussels/service/invoiceservice/messages/v2.0" xmlns:v11="http://fidus.brussels/type/common/messages/v1">
   <soapenv:Header/>
   <soapenv:Body>
      <v2:markDocumentRequest>
         <v2:messageContext>
            <v11:messageId>?</v11:messageId>
         </v2:messageContext>
         <v2:legalContext>ServiceIntegrator</v2:legalContext>
         <v2:request>
            <v12:receiverId xmlns:v12="http://fsb.belgium.be/einvoicing/simpleprior/v1_00">2222222222</v12:receiverId>
            <v12:senderId xmlns:v12="http://fsb.belgium.be/einvoicing/simpleprior/v1_00">0200013901</v12:senderId>
            <v12:documentType xmlns:v12="http://fsb.belgium.be/einvoicing/simpleprior/v1_00">380</v12:documentType>
            <v12:documentId xmlns:v12="http://fsb.belgium.be/einvoicing/simpleprior/v1_00">e878b54b-8a82-4bf3-8c8c-37eacdab2589</v12:documentId>         
         </v2:request>
      </v2:markDocumentRequest>
   </soapenv:Body>
</soapenv:Envelope>]]></con:request><con:assertion type="SOAP Fault Assertion" id="00c7ffa8-f305-4ce9-9a0a-5c66f53fe856" name="Not SOAP Fault"/><con:assertion type="SOAP Response" id="e32499f9-e960-4d4a-88c4-9ea7df247f5f" name="SOAP Response"/><con:assertion type="Schema Compliance" id="b37576a4-de30-4679-8033-fbf814fecc8e" name="Schema Compliance"><con:configuration/></con:assertion><con:wsaConfig action="http://fidus.brussels/services/invoiceservice/markDocument"/></con:request></con:config></con:testStep><con:properties/></con:testCase><con:testCase id="bfe98097-4791-4054-95d3-1e7f37b36c85" failOnError="true" failTestCaseOnErrors="true" keepSession="false" maxResults="0" name="retrieveDocument" searchProperties="true"><con:settings/><con:testStep type="request" id="f0672393-3aa6-4dde-bd1e-f3b49ae7a1d9" name="testcase2 - Dev - Request"><con:settings/><con:config xsi:type="con:RequestStep" xmlns:xsi="http://www.w3.org/2001/XMLSchema-instance"><con:interface>InvoiceServiceHTTPBinding</con:interface><con:operation>retrieveDocument</con:operation><con:request name="testcase2 - Dev - Request" id="88e3b44b-056c-44a8-8862-37c27aac63dd" outgoingWss="Outflow DEV"><con:settings/><con:encoding>UTF-8</con:encoding><con:endpoint>https://192.168.36.61:8243/services/InvoiceService_v2.0</con:endpoint><con:request><![CDATA[<soapenv:Envelope xmlns:soapenv="http://schemas.xmlsoap.org/soap/envelope/" xmlns:v2="http://fidus.brussels/service/invoiceservice/messages/v2.0" xmlns:v11="http://fidus.brussels/type/common/messages/v1">
   <soapenv:Header/>
   <soapenv:Body>
      <v2:retrieveDocumentRequest>
         <v2:messageContext>
            <v11:messageId>?</v11:messageId>
         </v2:messageContext>
         <v2:legalContext>ServiceIntegrator</v2:legalContext>
         <v2:request>
            <v12:receiverId xmlns:v12="http://fsb.belgium.be/einvoicing/simpleprior/v1_00">0463152333</v12:receiverId>
            <v12:senderId xmlns:v12="http://fsb.belgium.be/einvoicing/simpleprior/v1_00">0200013901</v12:senderId>
            <v12:documentType xmlns:v12="http://fsb.belgium.be/einvoicing/simpleprior/v1_00">380</v12:documentType>
            <v12:documentId xmlns:v12="http://fsb.belgium.be/einvoicing/simpleprior/v1_00">118120479086FAKDEC-20-5B</v12:documentId>         
         </v2:request>
      </v2:retrieveDocumentRequest>
   </soapenv:Body>
</soapenv:Envelope>]]></con:request><con:assertion type="SOAP Fault Assertion" id="36c9737a-bb59-47d9-80b2-ab72050d6cc4" name="Not SOAP Fault"/><con:assertion type="SOAP Response" id="5c43ec1c-714f-49db-922b-a7791dbb9e3b" name="SOAP Response"/><con:assertion type="Schema Compliance" id="fb54bac9-47a1-4c10-9f08-3c62284d09b2" name="Schema Compliance"><con:configuration/></con:assertion><con:wsaConfig action="http://fidus.brussels/services/invoiceservice/retrieveDocument"/></con:request></con:config></con:testStep><con:properties/></con:testCase><con:testCase id="9dfb4c36-62f0-4595-b35f-ee290621ca64" failOnError="true" failTestCaseOnErrors="true" keepSession="false" maxResults="0" name="submitDocument" searchProperties="true"><con:settings/><con:testStep type="request" id="735dd168-4389-4ce2-8506-4bda5d832c70" name="testcase2 - Dev - Request"><con:settings/><con:config xsi:type="con:RequestStep" xmlns:xsi="http://www.w3.org/2001/XMLSchema-instance"><con:interface>InvoiceServiceHTTPBinding</con:interface><con:operation>submitDocument</con:operation><con:request name="testcase2 - Dev - Request" id="9b6e8a05-3ef8-4f8f-8252-74ad84210d22" outgoingWss="Outflow DEV"><con:settings/><con:encoding>UTF-8</con:encoding><con:endpoint>https://192.168.36.61:8243/services/InvoiceService_v2.0</con:endpoint><con:request><![CDATA[<soapenv:Envelope xmlns:soapenv="http://schemas.xmlsoap.org/soap/envelope/" xmlns:v2="http://fidus.brussels/service/invoiceservice/messages/v2.0" xmlns:v1="http://fidus.brussels/service/invoiceservice/messages/v1.2" xmlns:v11="http://fidus.brussels/type/common/messages/v1" xmlns:urn="urn:oasis:names:specification:ubl:schema:xsd:ApplicationResponse-2" xmlns:urn1="urn:oasis:names:specification:ubl:schema:xsd:CommonExtensionComponents-2" xmlns:urn2="urn:oasis:names:specification:ubl:schema:xsd:CommonBasicComponents-2" xmlns:urn3="urn:oasis:names:specification:ubl:schema:xsd:CommonAggregateComponents-2">
   <soapenv:Header/>
   <soapenv:Body>
      <v2:submitDocumentRequest>
         <v2:messageContext>
            <v11:messageId>?</v11:messageId>
         </v2:messageContext>
         <v2:legalContext>ServiceIntegrator</v2:legalContext>
         <v2:request>
            <v12:document xmlns:v12="http://fsb.belgium.be/einvoicing/simpleprior/v1_00">                
            <Invoice xmlns="urn:oasis:names:specification:ubl:schema:xsd:Invoice-2"
                    xmlns:cbc="urn:oasis:names:specification:ubl:schema:xsd:CommonBasicComponents-2"
                    xmlns:cac="urn:oasis:names:specification:ubl:schema:xsd:CommonAggregateComponents-2">
               <cbc:UBLVersionID>2.1</cbc:UBLVersionID>
               <cbc:CustomizationID>urn:www.cenbii.eu:transaction:biitrns010:ver2.0:extended:urn:www.peppol.eu:bis:peppol5a:ver2.0</cbc:CustomizationID>
               <cbc:ProfileID>urn:www.cenbii.eu:profile:bii05:ver2.0</cbc:ProfileID>
               <cbc:ID>118120479086FAKNOV-13-5B</cbc:ID>
               <cbc:IssueDate>2018-06-12</cbc:IssueDate>
               <cbc:InvoiceTypeCode listID="UNCL1001">380</cbc:InvoiceTypeCode>
               <cbc:DocumentCurrencyCode listID="ISO4217">EUR</cbc:DocumentCurrencyCode>
               <cac:AccountingSupplierParty>
                  <cac:Party>
                     <cac:PartyIdentification>
                        <cbc:ID schemeID="BE:CBE">0200013901</cbc:ID>
                     </cac:PartyIdentification>
                     <cac:PartyName>
                        <cbc:Name>ACME</cbc:Name>
                     </cac:PartyName>
                     <cac:PostalAddress>
                        <cbc:StreetName>Simon Bolivarlaan 30/9</cbc:StreetName>
                        <cbc:CityName>BRUSSEL</cbc:CityName>
                        <cbc:PostalZone>1000</cbc:PostalZone>
                        <cac:Country>
                           <cbc:IdentificationCode listID="ISO3166-1:Alpha2">BE</cbc:IdentificationCode>
                        </cac:Country>
                     </cac:PostalAddress>
                     <cac:PartyTaxScheme>
                        <cbc:CompanyID schemeID="BE:VAT">BE0200013901</cbc:CompanyID>
                        <cac:TaxScheme>
                           <cbc:ID>VAT</cbc:ID>
                        </cac:TaxScheme>
                     </cac:PartyTaxScheme>
                     <cac:PartyLegalEntity>
                        <cbc:RegistrationName>D.W. Soft bvba</cbc:RegistrationName>
                        <cbc:CompanyID schemeID="BE:CBE">0200013901</cbc:CompanyID>
                     </cac:PartyLegalEntity>
                     <cac:Contact>
                        <cbc:ElectronicMail>dirk.willekens@dwsoft.be</cbc:ElectronicMail>
                     </cac:Contact>
                  </cac:Party>
               </cac:AccountingSupplierParty>
               <cac:AccountingCustomerParty>
                  <cac:Party>
                     <cac:PartyIdentification>
                        <cbc:ID schemeID="BE:CBE">2222222222</cbc:ID>
                     </cac:PartyIdentification>
                     <cac:PartyName>
                        <cbc:Name>Fake customer</cbc:Name>
                     </cac:PartyName>
                     <cac:PostalAddress>
                        <cbc:StreetName>Simon Bolivarlaan 34</cbc:StreetName>
                        <cbc:CityName>ANTWERPEN</cbc:CityName>
                        <cbc:PostalZone>2000</cbc:PostalZone>
                        <cac:Country>
                           <cbc:IdentificationCode listID="ISO3166-1:Alpha2">BE</cbc:IdentificationCode>
                        </cac:Country>
                     </cac:PostalAddress>
                     <cac:PartyTaxScheme>
                        <cbc:CompanyID schemeID="BE:VAT">BE2222222222</cbc:CompanyID>
                        <cac:TaxScheme>
                           <cbc:ID>VAT</cbc:ID>
                        </cac:TaxScheme>
                     </cac:PartyTaxScheme>
                     <cac:PartyLegalEntity>
                        <cbc:RegistrationName>Fake Customer</cbc:RegistrationName>
                        <cbc:CompanyID schemeID="BE:CBE">2222222222</cbc:CompanyID>
                     </cac:PartyLegalEntity>
                  </cac:Party>
               </cac:AccountingCustomerParty>
               <cac:PaymentMeans>
                  <cbc:PaymentMeansCode listID="UNCL4461">1</cbc:PaymentMeansCode>
                  <cbc:PaymentDueDate>2018-05-31</cbc:PaymentDueDate>
                  <cbc:PaymentChannelCode>IBAN</cbc:PaymentChannelCode>
                  <cbc:InstructionNote>SIMPLE TEST TO FAKE CUSTOMER</cbc:InstructionNote>
                  <cac:PayeeFinancialAccount>
                     <cbc:ID schemeID="IBAN">BE86736009252450</cbc:ID>
                     <cac:FinancialInstitutionBranch>
                        <cac:FinancialInstitution>
                           <cbc:ID schemeID="BIC">KREDBEBB</cbc:ID>
                        </cac:FinancialInstitution>
                     </cac:FinancialInstitutionBranch>
                  </cac:PayeeFinancialAccount>
               </cac:PaymentMeans>
               <cac:TaxTotal>
                  <cbc:TaxAmount currencyID="EUR">21.00</cbc:TaxAmount>
                  <cac:TaxSubtotal>
                     <cbc:TaxableAmount currencyID="EUR">100.00</cbc:TaxableAmount>
                     <cbc:TaxAmount currencyID="EUR">21.00</cbc:TaxAmount>
                     <cac:TaxCategory>
                        <cbc:ID schemeID="UNCL5305">S</cbc:ID>
                        <cbc:Percent>21.00</cbc:Percent>
                        <cac:TaxScheme>
                           <cbc:ID>VAT</cbc:ID>
                        </cac:TaxScheme>
                     </cac:TaxCategory>
                  </cac:TaxSubtotal>
               </cac:TaxTotal>
               <cac:LegalMonetaryTotal>
                  <cbc:LineExtensionAmount currencyID="EUR">100.00</cbc:LineExtensionAmount>
                  <cbc:TaxExclusiveAmount currencyID="EUR">100.00</cbc:TaxExclusiveAmount>
                  <cbc:TaxInclusiveAmount currencyID="EUR">121.00</cbc:TaxInclusiveAmount>
                  <cbc:PayableAmount currencyID="EUR">121.00</cbc:PayableAmount>
               </cac:LegalMonetaryTotal>
               <cac:InvoiceLine>
                  <cbc:ID>1</cbc:ID>
                  <cbc:InvoicedQuantity unitCode="NAR" unitCodeListID="UNECERec20">1.00</cbc:InvoicedQuantity>
                  <cbc:LineExtensionAmount currencyID="EUR">100.00</cbc:LineExtensionAmount>
                  <cac:TaxTotal>
                     <cbc:TaxAmount currencyID="EUR">21.00</cbc:TaxAmount>
                  </cac:TaxTotal>
                  <cac:Item>
                     <cbc:Description>Line1 description - may be long</cbc:Description>
                     <cbc:Name>Line1max50char</cbc:Name>
                     <cac:ClassifiedTaxCategory>
                        <cbc:ID schemeID="UNCL5305">S</cbc:ID>
                        <cbc:Percent>21.00</cbc:Percent>
                        <cac:TaxScheme>
                           <cbc:ID>VAT</cbc:ID>
                        </cac:TaxScheme>
                     </cac:ClassifiedTaxCategory>
                  </cac:Item>
                  <cac:Price>
                     <cbc:PriceAmount currencyID="EUR">100.00</cbc:PriceAmount>
                     <cbc:BaseQuantity>1.00</cbc:BaseQuantity>
                  </cac:Price>
               </cac:InvoiceLine>
            </Invoice>
            </v12:document>
         </v2:request>
      </v2:submitDocumentRequest>
   </soapenv:Body>
</soapenv:Envelope>]]></con:request><con:assertion type="SOAP Fault Assertion" id="03bc2bdf-4f61-46fc-8db7-d11198d26657" name="Not SOAP Fault"/><con:assertion type="SOAP Response" id="f2380c41-b562-4573-aa65-befebf871021" name="SOAP Response"/><con:assertion type="Schema Compliance" id="c0545bda-464c-48ba-9b3e-5cca71ef13b5" name="Schema Compliance"><con:configuration/></con:assertion><con:wsaConfig action="http://fidus.brussels/services/invoiceservice/submitDocument"/></con:request></con:config></con:testStep><con:properties/></con:testCase><con:testCase id="ee335030-8f1f-4d0d-8bd6-deff4a6c8ddd" failOnError="true" failTestCaseOnErrors="true" keepSession="false" maxResults="0" name="submitInboxRequest" searchProperties="true"><con:settings/><con:testStep type="request" id="2d7bad4c-8ef5-4245-8055-b0d480a31b7e" name="testcase2 - Dev - Request"><con:settings/><con:config xsi:type="con:RequestStep" xmlns:xsi="http://www.w3.org/2001/XMLSchema-instance"><con:interface>InvoiceServiceHTTPBinding</con:interface><con:operation>submitInboxRequest</con:operation><con:request name="testcase2 - Dev - Request" id="2cdd19ba-e059-4ff5-852f-31fd28aa23a8" outgoingWss="Outflow DEV"><con:settings/><con:encoding>UTF-8</con:encoding><con:endpoint>https://192.168.36.61:8243/services/InvoiceService_v2.0</con:endpoint><con:request><![CDATA[<soapenv:Envelope xmlns:soapenv="http://schemas.xmlsoap.org/soap/envelope/" xmlns:v2="http://fidus.brussels/service/invoiceservice/messages/v2.0" xmlns:v11="http://fidus.brussels/type/common/messages/v1">
   <soapenv:Header/>
   <soapenv:Body>
      <v2:submitInboxRequestRequest>
         <v2:messageContext>
            <v11:messageId>?</v11:messageId>
         </v2:messageContext>
         <v2:legalContext>ServiceIntegrator</v2:legalContext>
         <v2:request>
            <v12:receiverId xmlns:v12="http://fsb.belgium.be/einvoicing/simpleprior/v1_00">2222222222</v12:receiverId>
            <v12:senderId xmlns:v12="http://fsb.belgium.be/einvoicing/simpleprior/v1_00">0200013901</v12:senderId>        
         </v2:request>
      </v2:submitInboxRequestRequest>
   </soapenv:Body>
</soapenv:Envelope>]]></con:request><con:assertion type="SOAP Fault Assertion" id="9c52b82c-e51f-45f2-a584-e4e2571eae34" name="Not SOAP Fault"/><con:assertion type="SOAP Response" id="7ec2bb1d-29b8-4d95-9735-05732e00c5e2" name="SOAP Response"/><con:assertion type="Schema Compliance" id="3a5a93e5-0576-4503-a6b0-65576b37a85c" name="Schema Compliance"><con:configuration/></con:assertion><con:wsaConfig action="http://fidus.brussels/services/invoiceservice/submitInboxRequest"/></con:request></con:config></con:testStep><con:properties/></con:testCase><con:properties/></con:testSuite><con:testSuite id="64ef4590-06c1-4f6f-acd8-33bbee260bc0" name="TEST"><con:settings/><con:runType>SEQUENTIAL</con:runType><con:testCase id="20e08c8f-0082-4d19-becc-290c6f2b94cb" failOnError="true" failTestCaseOnErrors="true" keepSession="false" maxResults="0" name="markDocument" searchProperties="true"><con:settings/><con:testStep type="request" id="fbaca8cd-6bed-4762-a671-e7bc35539983" name="testcase3 - Test - External - Request"><con:settings/><con:config xsi:type="con:RequestStep" xmlns:xsi="http://www.w3.org/2001/XMLSchema-instance"><con:interface>InvoiceServiceHTTPBinding</con:interface><con:operation>markDocument</con:operation><con:request name="testcase3 - Test - External - Request" id="b2175804-cc8c-42b8-a0ef-bca792c2d5f1" outgoingWss="Outflow TEST"><con:settings/><con:encoding>UTF-8</con:encoding><con:endpoint>https://fidus-test.irisnetlab.be/services/InvoiceService_v2.0</con:endpoint><con:request><![CDATA[<soapenv:Envelope xmlns:soapenv="http://schemas.xmlsoap.org/soap/envelope/" xmlns:v2="http://fidus.brussels/service/invoiceservice/messages/v2.0" xmlns:v11="http://fidus.brussels/type/common/messages/v1">
   <soapenv:Header/>
   <soapenv:Body>
      <v2:markDocumentRequest>
         <v2:messageContext>
            <v11:messageId>?</v11:messageId>
         </v2:messageContext>
         <v2:legalContext>ServiceIntegrator</v2:legalContext>
         <v2:request>
            <v12:receiverId xmlns:v12="http://fsb.belgium.be/einvoicing/simpleprior/v1_00">0463152333</v12:receiverId>
            <v12:senderId xmlns:v12="http://fsb.belgium.be/einvoicing/simpleprior/v1_00">0200013901</v12:senderId>
            <v12:documentType xmlns:v12="http://fsb.belgium.be/einvoicing/simpleprior/v1_00">380</v12:documentType>
            <v12:documentId xmlns:v12="http://fsb.belgium.be/einvoicing/simpleprior/v1_00">118120479086FAKDEC-19-5A</v12:documentId>         
         </v2:request>
      </v2:markDocumentRequest>
   </soapenv:Body>
</soapenv:Envelope>]]></con:request><con:assertion type="SOAP Fault Assertion" id="9c8f667a-ea75-4c4f-a88d-705836c645ef" name="Not SOAP Fault"/><con:assertion type="SOAP Response" id="6a1361cd-9f93-4026-9421-c79e513ad0e4" name="SOAP Response"/><con:assertion type="Schema Compliance" id="52547018-620c-4b07-ad1d-d5ed70545650" name="Schema Compliance"><con:configuration/></con:assertion><con:wsaConfig action="http://fidus.brussels/services/invoiceservice/markDocument"/></con:request></con:config></con:testStep><con:testStep type="request" id="1c57ac10-f93e-46da-9068-214a75f4421f" name="testcase3 - Test - LB - Request"><con:settings/><con:config xsi:type="con:RequestStep" xmlns:xsi="http://www.w3.org/2001/XMLSchema-instance"><con:interface>InvoiceServiceHTTPBinding</con:interface><con:operation>markDocument</con:operation><con:request name="testcase3 - Test - LB - Request" id="58b22f07-0741-43dc-ab65-9e61bbc8ff52" outgoingWss="Outflow TEST"><con:settings/><con:encoding>UTF-8</con:encoding><con:endpoint>https://esb-security-gw.sta.srv.cirb.lan:8443/services/InvoiceService_v2.0</con:endpoint><con:request><![CDATA[<soapenv:Envelope xmlns:soapenv="http://schemas.xmlsoap.org/soap/envelope/" xmlns:v2="http://fidus.brussels/service/invoiceservice/messages/v2.0" xmlns:v11="http://fidus.brussels/type/common/messages/v1">
   <soapenv:Header/>
   <soapenv:Body>
      <v2:markDocumentRequest>
         <v2:messageContext>
            <v11:messageId>?</v11:messageId>
         </v2:messageContext>
         <v2:legalContext>ServiceIntegrator</v2:legalContext>
         <v2:request>
            <v12:receiverId xmlns:v12="http://fsb.belgium.be/einvoicing/simpleprior/v1_00">2222222222</v12:receiverId>
            <v12:senderId xmlns:v12="http://fsb.belgium.be/einvoicing/simpleprior/v1_00">0200013901</v12:senderId>
            <v12:documentType xmlns:v12="http://fsb.belgium.be/einvoicing/simpleprior/v1_00">380</v12:documentType>
            <v12:documentId xmlns:v12="http://fsb.belgium.be/einvoicing/simpleprior/v1_00">e878b54b-8a82-4bf3-8c8c-37eacdab2589</v12:documentId>         
         </v2:request>
      </v2:markDocumentRequest>
   </soapenv:Body>
</soapenv:Envelope>]]></con:request><con:assertion type="SOAP Fault Assertion" id="154b97a7-5873-4d57-ac0d-bbec0e6a96db" name="Not SOAP Fault"/><con:assertion type="SOAP Response" id="d221db5b-e5d6-408b-90f4-eb21c58215f3" name="SOAP Response"/><con:assertion type="Schema Compliance" id="77a0dee5-e613-43cb-8023-e3a569eb612b" name="Schema Compliance"><con:configuration/></con:assertion><con:wsaConfig action="http://fidus.brussels/services/invoiceservice/markDocument"/></con:request></con:config></con:testStep><con:testStep type="request" id="0c532152-6e40-4cb4-8c7f-f3b9ccc8b75c" name="testcase3 - Test - Worker1 - Request"><con:settings/><con:config xsi:type="con:RequestStep" xmlns:xsi="http://www.w3.org/2001/XMLSchema-instance"><con:interface>InvoiceServiceHTTPBinding</con:interface><con:operation>markDocument</con:operation><con:request name="testcase3 - Test - Worker1 - Request" id="556d1e03-5a6d-45fb-9467-ca55aaa11f27" outgoingWss="Outflow TEST"><con:settings/><con:encoding>UTF-8</con:encoding><con:endpoint>https://192.168.24.45:8443/services/InvoiceService_v2.0</con:endpoint><con:request><![CDATA[<soapenv:Envelope xmlns:soapenv="http://schemas.xmlsoap.org/soap/envelope/" xmlns:v2="http://fidus.brussels/service/invoiceservice/messages/v2.0" xmlns:v11="http://fidus.brussels/type/common/messages/v1">
   <soapenv:Header/>
   <soapenv:Body>
      <v2:markDocumentRequest>
         <v2:messageContext>
            <v11:messageId>?</v11:messageId>
         </v2:messageContext>
         <v2:legalContext>ServiceIntegrator</v2:legalContext>
         <v2:request>
            <v12:receiverId xmlns:v12="http://fsb.belgium.be/einvoicing/simpleprior/v1_00">0316381039</v12:receiverId>
            <v12:senderId xmlns:v12="http://fsb.belgium.be/einvoicing/simpleprior/v1_00">0316381039</v12:senderId>
            <v12:documentType xmlns:v12="http://fsb.belgium.be/einvoicing/simpleprior/v1_00">380</v12:documentType>
            <v12:documentId xmlns:v12="http://fsb.belgium.be/einvoicing/simpleprior/v1_00">GOB003</v12:documentId>         
         </v2:request>
      </v2:markDocumentRequest>
   </soapenv:Body>
</soapenv:Envelope>]]></con:request><con:assertion type="SOAP Fault Assertion" id="227a1504-232d-4ae7-836e-cffffeda0471" name="Not SOAP Fault"/><con:assertion type="SOAP Response" id="43668adc-0550-48e6-85fe-4c92ff8e5134" name="SOAP Response"/><con:assertion type="Schema Compliance" id="76eb3817-a980-4c0a-960d-38f07f9a3150" name="Schema Compliance"><con:configuration/></con:assertion><con:wsaConfig action="http://fidus.brussels/services/invoiceservice/markDocument"/></con:request></con:config></con:testStep><con:testStep type="request" id="60c6b3a4-26ee-442c-ac78-f6763aed3971" name="testcase3 - Test - Worker2 - Request"><con:settings/><con:config xsi:type="con:RequestStep" xmlns:xsi="http://www.w3.org/2001/XMLSchema-instance"><con:interface>InvoiceServiceHTTPBinding</con:interface><con:operation>markDocument</con:operation><con:request name="testcase3 - Test - Worker2 - Request" id="64f5efa0-2f9e-42cd-ab5c-3fe49c919250" outgoingWss="Outflow TEST"><con:settings/><con:encoding>UTF-8</con:encoding><con:endpoint>https://192.168.22.54:8443/services/InvoiceService_v2.0</con:endpoint><con:request><![CDATA[<soapenv:Envelope xmlns:soapenv="http://schemas.xmlsoap.org/soap/envelope/" xmlns:v2="http://fidus.brussels/service/invoiceservice/messages/v2.0" xmlns:v11="http://fidus.brussels/type/common/messages/v1">
   <soapenv:Header/>
   <soapenv:Body>
      <v2:markDocumentRequest>
         <v2:messageContext>
            <v11:messageId>?</v11:messageId>
         </v2:messageContext>
         <v2:legalContext>ServiceIntegrator</v2:legalContext>
         <v2:request>
            <v12:receiverId xmlns:v12="http://fsb.belgium.be/einvoicing/simpleprior/v1_00">2222222222</v12:receiverId>
            <v12:senderId xmlns:v12="http://fsb.belgium.be/einvoicing/simpleprior/v1_00">0200013901</v12:senderId>
            <v12:documentType xmlns:v12="http://fsb.belgium.be/einvoicing/simpleprior/v1_00">380</v12:documentType>
            <v12:documentId xmlns:v12="http://fsb.belgium.be/einvoicing/simpleprior/v1_00">e878b54b-8a82-4bf3-8c8c-37eacdab2589</v12:documentId>         
         </v2:request>
      </v2:markDocumentRequest>
   </soapenv:Body>
</soapenv:Envelope>]]></con:request><con:assertion type="SOAP Fault Assertion" id="d17847bc-8c01-4bcd-bb32-f49c359a3dd6" name="Not SOAP Fault"/><con:assertion type="SOAP Response" id="c914f7e9-a21b-41f0-bbd5-5fd1b4e77b60" name="SOAP Response"/><con:assertion type="Schema Compliance" id="cc40ed70-09c7-4766-9330-28b7927e9772" name="Schema Compliance"><con:configuration/></con:assertion><con:wsaConfig action="http://fidus.brussels/services/invoiceservice/markDocument"/></con:request></con:config></con:testStep><con:properties/></con:testCase><con:testCase id="849412d6-9bdc-4c40-951f-4bff487a85c4" failOnError="true" failTestCaseOnErrors="true" keepSession="false" maxResults="0" name="retrieveDocument" searchProperties="true"><con:settings/><con:testStep type="request" id="5efdd724-049f-4f10-992f-d5b19271243e" name="testcase3 - Test - External - Request"><con:settings/><con:config xsi:type="con:RequestStep" xmlns:xsi="http://www.w3.org/2001/XMLSchema-instance"><con:interface>InvoiceServiceHTTPBinding</con:interface><con:operation>retrieveDocument</con:operation><con:request name="testcase3 - Test - External - Request" id="5e93fd45-4b19-4473-99bc-2f334ba5751c" outgoingWss="Outflow TEST"><con:settings/><con:encoding>UTF-8</con:encoding><con:endpoint>https://fidus-test.irisnetlab.be/services/InvoiceService_v2.0</con:endpoint><con:request><![CDATA[<soapenv:Envelope xmlns:soapenv="http://schemas.xmlsoap.org/soap/envelope/" xmlns:v2="http://fidus.brussels/service/invoiceservice/messages/v2.0" xmlns:v11="http://fidus.brussels/type/common/messages/v1">
   <soapenv:Header/>
   <soapenv:Body>
      <v2:retrieveDocumentRequest>
         <v2:messageContext>
            <v11:messageId>?</v11:messageId>
         </v2:messageContext>
         <v2:legalContext>ServiceIntegrator</v2:legalContext>
         <v2:request>
            <v12:receiverId xmlns:v12="http://fsb.belgium.be/einvoicing/simpleprior/v1_00">0463152333</v12:receiverId>
            <v12:senderId xmlns:v12="http://fsb.belgium.be/einvoicing/simpleprior/v1_00">0200013901</v12:senderId>
            <v12:documentType xmlns:v12="http://fsb.belgium.be/einvoicing/simpleprior/v1_00">380</v12:documentType>
            <v12:documentId xmlns:v12="http://fsb.belgium.be/einvoicing/simpleprior/v1_00">118120479086FAKDEC-20-5B</v12:documentId>         
         </v2:request>
      </v2:retrieveDocumentRequest>
   </soapenv:Body>
</soapenv:Envelope>]]></con:request><con:assertion type="SOAP Fault Assertion" id="931c4de0-a094-486e-80cd-64ee3d81df21" name="Not SOAP Fault"/><con:assertion type="SOAP Response" id="f73e48aa-0ff4-48a3-8c43-cdd59aaba1ad" name="SOAP Response"/><con:assertion type="Schema Compliance" id="27f0db64-5df8-4d80-9823-a5c15a2e2615" name="Schema Compliance"><con:configuration/></con:assertion><con:wsaConfig action="http://fidus.brussels/services/invoiceservice/retrieveDocument"/></con:request></con:config></con:testStep><con:testStep type="request" id="e4d317ee-b8ee-4fd4-8516-1db10dc84864" name="testcase3 - Test - LB - Request"><con:settings/><con:config xsi:type="con:RequestStep" xmlns:xsi="http://www.w3.org/2001/XMLSchema-instance"><con:interface>InvoiceServiceHTTPBinding</con:interface><con:operation>retrieveDocument</con:operation><con:request name="testcase3 - Test - LB - Request" id="a938a055-9796-40d9-8593-029600415fb2" outgoingWss="Outflow TEST"><con:settings/><con:encoding>UTF-8</con:encoding><con:endpoint>https://esb-security-gw.sta.srv.cirb.lan:8443/services/InvoiceService_v2.0</con:endpoint><con:request><![CDATA[<soapenv:Envelope xmlns:soapenv="http://schemas.xmlsoap.org/soap/envelope/" xmlns:v2="http://fidus.brussels/service/invoiceservice/messages/v2.0" xmlns:v11="http://fidus.brussels/type/common/messages/v1">
   <soapenv:Header/>
   <soapenv:Body>
      <v2:retrieveDocumentRequest>
         <v2:messageContext>
            <v11:messageId>?</v11:messageId>
         </v2:messageContext>
         <v2:legalContext>ServiceIntegrator</v2:legalContext>
         <v2:request>
            <v12:receiverId xmlns:v12="http://fsb.belgium.be/einvoicing/simpleprior/v1_00">0463152333</v12:receiverId>
            <v12:senderId xmlns:v12="http://fsb.belgium.be/einvoicing/simpleprior/v1_00">0200013901</v12:senderId>
            <v12:documentType xmlns:v12="http://fsb.belgium.be/einvoicing/simpleprior/v1_00">380</v12:documentType>
            <v12:documentId xmlns:v12="http://fsb.belgium.be/einvoicing/simpleprior/v1_00">118120479086FAKDEC-20-5B</v12:documentId>         
         </v2:request>
      </v2:retrieveDocumentRequest>
   </soapenv:Body>
</soapenv:Envelope>]]></con:request><con:assertion type="SOAP Fault Assertion" id="370fd7e4-de80-427d-b27a-ee4c8cd24eeb" name="Not SOAP Fault"/><con:assertion type="SOAP Response" id="e7fcd824-f2ea-4c41-b440-eaa2838b3d8d" name="SOAP Response"/><con:assertion type="Schema Compliance" id="75498a19-2486-4b6e-b9e8-fb1827bcba7d" name="Schema Compliance"><con:configuration/></con:assertion><con:wsaConfig action="http://fidus.brussels/services/invoiceservice/retrieveDocument"/></con:request></con:config></con:testStep><con:testStep type="request" id="98174917-6413-4302-bb8f-97e9aed450c6" name="testcase3 - Test - Worker1 - Request"><con:settings/><con:config xsi:type="con:RequestStep" xmlns:xsi="http://www.w3.org/2001/XMLSchema-instance"><con:interface>InvoiceServiceHTTPBinding</con:interface><con:operation>retrieveDocument</con:operation><con:request name="testcase3 - Test - Worker1 - Request" id="4a1b473c-c492-47ca-a589-4df63c923abb" outgoingWss="Outflow TEST"><con:settings/><con:encoding>UTF-8</con:encoding><con:endpoint>https://192.168.22.53:8443/services/InvoiceService_v2.0</con:endpoint><con:request><![CDATA[<soapenv:Envelope xmlns:soapenv="http://schemas.xmlsoap.org/soap/envelope/" xmlns:v2="http://fidus.brussels/service/invoiceservice/messages/v2.0" xmlns:v11="http://fidus.brussels/type/common/messages/v1">
   <soapenv:Header/>
   <soapenv:Body>
      <v2:retrieveDocumentRequest>
         <v2:messageContext>
            <v11:messageId>?</v11:messageId>
         </v2:messageContext>
         <v2:legalContext>ServiceIntegrator</v2:legalContext>
         <v2:request>
            <v12:receiverId xmlns:v12="http://fsb.belgium.be/einvoicing/simpleprior/v1_00">0463152333</v12:receiverId>
            <v12:senderId xmlns:v12="http://fsb.belgium.be/einvoicing/simpleprior/v1_00">0200013901</v12:senderId>
            <v12:documentType xmlns:v12="http://fsb.belgium.be/einvoicing/simpleprior/v1_00">380</v12:documentType>
            <v12:documentId xmlns:v12="http://fsb.belgium.be/einvoicing/simpleprior/v1_00">118120479086FAKDEC-20-5B</v12:documentId>         
         </v2:request>
      </v2:retrieveDocumentRequest>
   </soapenv:Body>
</soapenv:Envelope>]]></con:request><con:assertion type="SOAP Fault Assertion" id="2d4f1f20-d0e0-4fb9-808f-ea7dd2e3fff6" name="Not SOAP Fault"/><con:assertion type="SOAP Response" id="361f746a-0e5b-46b8-a9e9-e048074aedba" name="SOAP Response"/><con:assertion type="Schema Compliance" id="b286c6e4-87d8-40ff-9053-0b0d665ed043" name="Schema Compliance"><con:configuration/></con:assertion><con:wsaConfig action="http://fidus.brussels/services/invoiceservice/retrieveDocument"/></con:request></con:config></con:testStep><con:testStep type="request" id="97d9a7df-450a-47d5-9117-abbd9e6a386f" name="testcase3 - Test - Worker2 - Request"><con:settings/><con:config xsi:type="con:RequestStep" xmlns:xsi="http://www.w3.org/2001/XMLSchema-instance"><con:interface>InvoiceServiceHTTPBinding</con:interface><con:operation>retrieveDocument</con:operation><con:request name="testcase3 - Test - Worker2 - Request" id="e79082fc-8395-407e-a0b3-6b2f4aced7f6" outgoingWss="Outflow TEST"><con:settings/><con:encoding>UTF-8</con:encoding><con:endpoint>https://192.168.22.54:8443/services/InvoiceService_v2.0</con:endpoint><con:request><![CDATA[<soapenv:Envelope xmlns:soapenv="http://schemas.xmlsoap.org/soap/envelope/" xmlns:v2="http://fidus.brussels/service/invoiceservice/messages/v2.0" xmlns:v11="http://fidus.brussels/type/common/messages/v1">
   <soapenv:Header/>
   <soapenv:Body>
      <v2:retrieveDocumentRequest>
         <v2:messageContext>
            <v11:messageId>?</v11:messageId>
         </v2:messageContext>
         <v2:legalContext>ServiceIntegrator</v2:legalContext>
         <v2:request>
            <v12:receiverId xmlns:v12="http://fsb.belgium.be/einvoicing/simpleprior/v1_00">0463152333</v12:receiverId>
            <v12:senderId xmlns:v12="http://fsb.belgium.be/einvoicing/simpleprior/v1_00">0200013901</v12:senderId>
            <v12:documentType xmlns:v12="http://fsb.belgium.be/einvoicing/simpleprior/v1_00">380</v12:documentType>
            <v12:documentId xmlns:v12="http://fsb.belgium.be/einvoicing/simpleprior/v1_00">118120479086FAKDEC-20-5B</v12:documentId>         
         </v2:request>
      </v2:retrieveDocumentRequest>
   </soapenv:Body>
</soapenv:Envelope>]]></con:request><con:assertion type="SOAP Fault Assertion" id="be253542-9dfb-4471-9537-090b00cd98b3" name="Not SOAP Fault"/><con:assertion type="SOAP Response" id="687b800d-5b0f-42e6-b6b1-67ee3195ca51" name="SOAP Response"/><con:assertion type="Schema Compliance" id="b987ab2f-40ce-4519-8d1b-0fc4afc442b1" name="Schema Compliance"><con:configuration/></con:assertion><con:wsaConfig action="http://fidus.brussels/services/invoiceservice/retrieveDocument"/></con:request></con:config></con:testStep><con:properties/></con:testCase><con:testCase id="a0b24b6a-b298-4ebd-b254-66acf83a60cb" failOnError="true" failTestCaseOnErrors="true" keepSession="false" maxResults="0" name="submitDocument" searchProperties="true"><con:settings/><con:testStep type="request" id="e8ff797d-9cca-40b8-8226-a8b3f121c788" name="testcase3 - Test - External - Request"><con:settings/><con:config xsi:type="con:RequestStep" xmlns:xsi="http://www.w3.org/2001/XMLSchema-instance"><con:interface>InvoiceServiceHTTPBinding</con:interface><con:operation>submitDocument</con:operation><con:request name="testcase3 - Test - External - Request" id="123d6a8d-b199-4d84-b8bf-d5b38e7e1545" outgoingWss="Outflow TEST"><con:settings/><con:encoding>UTF-8</con:encoding><con:endpoint>https://fidus-test.irisnetlab.be/services/InvoiceService_v2.0</con:endpoint><con:request><![CDATA[<soapenv:Envelope xmlns:soapenv="http://schemas.xmlsoap.org/soap/envelope/" xmlns:v2="http://fidus.brussels/service/invoiceservice/messages/v2.0" xmlns:v1="http://fidus.brussels/service/invoiceservice/messages/v1.2" xmlns:v11="http://fidus.brussels/type/common/messages/v1" xmlns:urn="urn:oasis:names:specification:ubl:schema:xsd:ApplicationResponse-2" xmlns:urn1="urn:oasis:names:specification:ubl:schema:xsd:CommonExtensionComponents-2" xmlns:urn2="urn:oasis:names:specification:ubl:schema:xsd:CommonBasicComponents-2" xmlns:urn3="urn:oasis:names:specification:ubl:schema:xsd:CommonAggregateComponents-2">
   <soapenv:Header/>
   <soapenv:Body>
      <v2:submitDocumentRequest>
         <v2:messageContext>
            <v11:messageId>${=import static java.util.UUID.randomUUID; uuid = randomUUID() as String}</v11:messageId>
            <v11:timestamp>${=new java.text.SimpleDateFormat("yyyy-MM-dd'T'HH:mm:ss.SSS").format(new Date())}</v11:timestamp>
         </v2:messageContext>
         <v2:legalContext>ServiceIntegrator</v2:legalContext>
         <v2:request>
            <v12:document xmlns:v12="http://fsb.belgium.be/einvoicing/simpleprior/v1_00">                
            <Invoice xmlns="urn:oasis:names:specification:ubl:schema:xsd:Invoice-2"
                    xmlns:cbc="urn:oasis:names:specification:ubl:schema:xsd:CommonBasicComponents-2"
                    xmlns:cac="urn:oasis:names:specification:ubl:schema:xsd:CommonAggregateComponents-2">
               <cbc:UBLVersionID>2.1</cbc:UBLVersionID>
               <cbc:CustomizationID>urn:www.cenbii.eu:transaction:biitrns010:ver2.0:extended:urn:www.peppol.eu:bis:peppol5a:ver2.0</cbc:CustomizationID>
               <cbc:ProfileID>urn:www.cenbii.eu:profile:bii05:ver2.0</cbc:ProfileID>
               <cbc:ID>118120479086FAKDEC-20-5B</cbc:ID>
               <cbc:IssueDate>2018-06-12</cbc:IssueDate>
               <cbc:InvoiceTypeCode listID="UNCL1001">380</cbc:InvoiceTypeCode>
               <cbc:DocumentCurrencyCode listID="ISO4217">EUR</cbc:DocumentCurrencyCode>
               <cac:AccountingSupplierParty>
                  <cac:Party>
                     <cac:PartyIdentification>
                        <cbc:ID schemeID="BE:CBE">0200013901</cbc:ID>
                     </cac:PartyIdentification>
                     <cac:PartyName>
                        <cbc:Name>ACME</cbc:Name>
                     </cac:PartyName>
                     <cac:PostalAddress>
                        <cbc:StreetName>Simon Bolivarlaan 30/9</cbc:StreetName>
                        <cbc:CityName>BRUSSEL</cbc:CityName>
                        <cbc:PostalZone>1000</cbc:PostalZone>
                        <cac:Country>
                           <cbc:IdentificationCode listID="ISO3166-1:Alpha2">BE</cbc:IdentificationCode>
                        </cac:Country>
                     </cac:PostalAddress>
                     <cac:PartyTaxScheme>
                        <cbc:CompanyID schemeID="BE:VAT">BE0200013901</cbc:CompanyID>
                        <cac:TaxScheme>
                           <cbc:ID>VAT</cbc:ID>
                        </cac:TaxScheme>
                     </cac:PartyTaxScheme>
                     <cac:PartyLegalEntity>
                        <cbc:RegistrationName>D.W. Soft bvba</cbc:RegistrationName>
                        <cbc:CompanyID schemeID="BE:CBE">0200013901</cbc:CompanyID>
                     </cac:PartyLegalEntity>
                     <cac:Contact>
                        <cbc:ElectronicMail>ebarbieux@cirb.brussels</cbc:ElectronicMail>
                     </cac:Contact>
                  </cac:Party>
               </cac:AccountingSupplierParty>
               <cac:AccountingCustomerParty>
                  <cac:Party>
                     <cac:PartyIdentification>
                        <cbc:ID schemeID="BE:CBE">0463152333</cbc:ID>
                     </cac:PartyIdentification>
                     <cac:PartyName>
                        <cbc:Name>Fake customer</cbc:Name>
                     </cac:PartyName>
                     <cac:PostalAddress>
                        <cbc:StreetName>Simon Bolivarlaan 34</cbc:StreetName>
                        <cbc:CityName>ANTWERPEN</cbc:CityName>
                        <cbc:PostalZone>2000</cbc:PostalZone>
                        <cac:Country>
                           <cbc:IdentificationCode listID="ISO3166-1:Alpha2">BE</cbc:IdentificationCode>
                        </cac:Country>
                     </cac:PostalAddress>
                     <cac:PartyTaxScheme>
                        <cbc:CompanyID schemeID="BE:VAT">BE0463152333</cbc:CompanyID>
                        <cac:TaxScheme>
                           <cbc:ID>VAT</cbc:ID>
                        </cac:TaxScheme>
                     </cac:PartyTaxScheme>
                     <cac:PartyLegalEntity>
                        <cbc:RegistrationName>Fake Customer</cbc:RegistrationName>
                        <cbc:CompanyID schemeID="BE:CBE">0463152333</cbc:CompanyID>
                     </cac:PartyLegalEntity>
                  </cac:Party>
               </cac:AccountingCustomerParty>
               <cac:PaymentMeans>
                  <cbc:PaymentMeansCode listID="UNCL4461">1</cbc:PaymentMeansCode>
                  <cbc:PaymentDueDate>2018-05-31</cbc:PaymentDueDate>
                  <cbc:PaymentChannelCode>IBAN</cbc:PaymentChannelCode>
                  <cbc:InstructionNote>SIMPLE TEST TO FAKE CUSTOMER</cbc:InstructionNote>
                  <cac:PayeeFinancialAccount>
                     <cbc:ID schemeID="IBAN">BE86736009252450</cbc:ID>
                     <cac:FinancialInstitutionBranch>
                        <cac:FinancialInstitution>
                           <cbc:ID schemeID="BIC">KREDBEBB</cbc:ID>
                        </cac:FinancialInstitution>
                     </cac:FinancialInstitutionBranch>
                  </cac:PayeeFinancialAccount>
               </cac:PaymentMeans>
               <cac:TaxTotal>
                  <cbc:TaxAmount currencyID="EUR">21.00</cbc:TaxAmount>
                  <cac:TaxSubtotal>
                     <cbc:TaxableAmount currencyID="EUR">100.00</cbc:TaxableAmount>
                     <cbc:TaxAmount currencyID="EUR">21.00</cbc:TaxAmount>
                     <cac:TaxCategory>
                        <cbc:ID schemeID="UNCL5305">S</cbc:ID>
                        <cbc:Percent>21.00</cbc:Percent>
                        <cac:TaxScheme>
                           <cbc:ID>VAT</cbc:ID>
                        </cac:TaxScheme>
                     </cac:TaxCategory>
                  </cac:TaxSubtotal>
               </cac:TaxTotal>
               <cac:LegalMonetaryTotal>
                  <cbc:LineExtensionAmount currencyID="EUR">100.00</cbc:LineExtensionAmount>
                  <cbc:TaxExclusiveAmount currencyID="EUR">100.00</cbc:TaxExclusiveAmount>
                  <cbc:TaxInclusiveAmount currencyID="EUR">121.00</cbc:TaxInclusiveAmount>
                  <cbc:PayableAmount currencyID="EUR">121.00</cbc:PayableAmount>
               </cac:LegalMonetaryTotal>
               <cac:InvoiceLine>
                  <cbc:ID>1</cbc:ID>
                  <cbc:InvoicedQuantity unitCode="NAR" unitCodeListID="UNECERec20">1.00</cbc:InvoicedQuantity>
                  <cbc:LineExtensionAmount currencyID="EUR">100.00</cbc:LineExtensionAmount>
                  <cac:TaxTotal>
                     <cbc:TaxAmount currencyID="EUR">21.00</cbc:TaxAmount>
                  </cac:TaxTotal>
                  <cac:Item>
                     <cbc:Description>Line1 description - may be long</cbc:Description>
                     <cbc:Name>Line1max50char</cbc:Name>
                     <cac:ClassifiedTaxCategory>
                        <cbc:ID schemeID="UNCL5305">S</cbc:ID>
                        <cbc:Percent>21.00</cbc:Percent>
                        <cac:TaxScheme>
                           <cbc:ID>VAT</cbc:ID>
                        </cac:TaxScheme>
                     </cac:ClassifiedTaxCategory>
                  </cac:Item>
                  <cac:Price>
                     <cbc:PriceAmount currencyID="EUR">100.00</cbc:PriceAmount>
                     <cbc:BaseQuantity>1.00</cbc:BaseQuantity>
                  </cac:Price>
               </cac:InvoiceLine>
            </Invoice>
            </v12:document>
         </v2:request>
      </v2:submitDocumentRequest>
   </soapenv:Body>
</soapenv:Envelope>]]></con:request><con:assertion type="SOAP Fault Assertion" id="8e42ba67-0530-46cf-88b4-f0b23d71b101" name="Not SOAP Fault"/><con:assertion type="SOAP Response" id="ec37a050-c46d-46bc-b126-a12cf6e3ab91" name="SOAP Response"/><con:assertion type="Schema Compliance" id="8eababe8-2ab8-485d-9170-7749ac67dced" name="Schema Compliance"><con:configuration/></con:assertion><con:wsaConfig action="http://fidus.brussels/services/invoiceservice/submitDocument"/></con:request></con:config></con:testStep><con:testStep type="request" id="4a243fe3-5459-4b6f-b07e-709130e0fa25" name="testcase3 - Test - LB - Request"><con:settings/><con:config xsi:type="con:RequestStep" xmlns:xsi="http://www.w3.org/2001/XMLSchema-instance"><con:interface>InvoiceServiceHTTPBinding</con:interface><con:operation>submitDocument</con:operation><con:request name="testcase3 - Test - LB - Request" id="ebcd301d-e07d-4165-95d6-214aefe73114" outgoingWss="Outflow TEST"><con:settings/><con:encoding>UTF-8</con:encoding><con:endpoint>https://esb-security-gw.sta.srv.cirb.lan:8443/services/InvoiceService_v2.0</con:endpoint><con:request><![CDATA[<soapenv:Envelope xmlns:soapenv="http://schemas.xmlsoap.org/soap/envelope/" xmlns:v2="http://fidus.brussels/service/invoiceservice/messages/v2.0" xmlns:v1="http://fidus.brussels/service/invoiceservice/messages/v1.2" xmlns:v11="http://fidus.brussels/type/common/messages/v1" xmlns:urn="urn:oasis:names:specification:ubl:schema:xsd:ApplicationResponse-2" xmlns:urn1="urn:oasis:names:specification:ubl:schema:xsd:CommonExtensionComponents-2" xmlns:urn2="urn:oasis:names:specification:ubl:schema:xsd:CommonBasicComponents-2" xmlns:urn3="urn:oasis:names:specification:ubl:schema:xsd:CommonAggregateComponents-2">
   <soapenv:Header/>
   <soapenv:Body>
      <v2:submitDocumentRequest>
         <v2:messageContext>
            <v11:messageId>?</v11:messageId>
         </v2:messageContext>
         <v2:legalContext>ServiceIntegrator</v2:legalContext>
         <v2:request>
            <v12:document xmlns:v12="http://fsb.belgium.be/einvoicing/simpleprior/v1_00">                
            <Invoice xmlns="urn:oasis:names:specification:ubl:schema:xsd:Invoice-2"
                    xmlns:cbc="urn:oasis:names:specification:ubl:schema:xsd:CommonBasicComponents-2"
                    xmlns:cac="urn:oasis:names:specification:ubl:schema:xsd:CommonAggregateComponents-2">
               <cbc:UBLVersionID>2.1</cbc:UBLVersionID>
               <cbc:CustomizationID>urn:www.cenbii.eu:transaction:biitrns010:ver2.0:extended:urn:www.peppol.eu:bis:peppol5a:ver2.0</cbc:CustomizationID>
               <cbc:ProfileID>urn:www.cenbii.eu:profile:bii05:ver2.0</cbc:ProfileID>
               <cbc:ID>118120479086FAKNOV-13-5B</cbc:ID>
               <cbc:IssueDate>2018-06-12</cbc:IssueDate>
               <cbc:InvoiceTypeCode listID="UNCL1001">380</cbc:InvoiceTypeCode>
               <cbc:DocumentCurrencyCode listID="ISO4217">EUR</cbc:DocumentCurrencyCode>
               <cac:AccountingSupplierParty>
                  <cac:Party>
                     <cac:PartyIdentification>
                        <cbc:ID schemeID="BE:CBE">0200013901</cbc:ID>
                     </cac:PartyIdentification>
                     <cac:PartyName>
                        <cbc:Name>ACME</cbc:Name>
                     </cac:PartyName>
                     <cac:PostalAddress>
                        <cbc:StreetName>Simon Bolivarlaan 30/9</cbc:StreetName>
                        <cbc:CityName>BRUSSEL</cbc:CityName>
                        <cbc:PostalZone>1000</cbc:PostalZone>
                        <cac:Country>
                           <cbc:IdentificationCode listID="ISO3166-1:Alpha2">BE</cbc:IdentificationCode>
                        </cac:Country>
                     </cac:PostalAddress>
                     <cac:PartyTaxScheme>
                        <cbc:CompanyID schemeID="BE:VAT">BE0200013901</cbc:CompanyID>
                        <cac:TaxScheme>
                           <cbc:ID>VAT</cbc:ID>
                        </cac:TaxScheme>
                     </cac:PartyTaxScheme>
                     <cac:PartyLegalEntity>
                        <cbc:RegistrationName>D.W. Soft bvba</cbc:RegistrationName>
                        <cbc:CompanyID schemeID="BE:CBE">0200013901</cbc:CompanyID>
                     </cac:PartyLegalEntity>
                     <cac:Contact>
                        <cbc:ElectronicMail>dirk.willekens@dwsoft.be</cbc:ElectronicMail>
                     </cac:Contact>
                  </cac:Party>
               </cac:AccountingSupplierParty>
               <cac:AccountingCustomerParty>
                  <cac:Party>
                     <cac:PartyIdentification>
                        <cbc:ID schemeID="BE:CBE">2222222222</cbc:ID>
                     </cac:PartyIdentification>
                     <cac:PartyName>
                        <cbc:Name>Fake customer</cbc:Name>
                     </cac:PartyName>
                     <cac:PostalAddress>
                        <cbc:StreetName>Simon Bolivarlaan 34</cbc:StreetName>
                        <cbc:CityName>ANTWERPEN</cbc:CityName>
                        <cbc:PostalZone>2000</cbc:PostalZone>
                        <cac:Country>
                           <cbc:IdentificationCode listID="ISO3166-1:Alpha2">BE</cbc:IdentificationCode>
                        </cac:Country>
                     </cac:PostalAddress>
                     <cac:PartyTaxScheme>
                        <cbc:CompanyID schemeID="BE:VAT">BE2222222222</cbc:CompanyID>
                        <cac:TaxScheme>
                           <cbc:ID>VAT</cbc:ID>
                        </cac:TaxScheme>
                     </cac:PartyTaxScheme>
                     <cac:PartyLegalEntity>
                        <cbc:RegistrationName>Fake Customer</cbc:RegistrationName>
                        <cbc:CompanyID schemeID="BE:CBE">2222222222</cbc:CompanyID>
                     </cac:PartyLegalEntity>
                  </cac:Party>
               </cac:AccountingCustomerParty>
               <cac:PaymentMeans>
                  <cbc:PaymentMeansCode listID="UNCL4461">1</cbc:PaymentMeansCode>
                  <cbc:PaymentDueDate>2018-05-31</cbc:PaymentDueDate>
                  <cbc:PaymentChannelCode>IBAN</cbc:PaymentChannelCode>
                  <cbc:InstructionNote>SIMPLE TEST TO FAKE CUSTOMER</cbc:InstructionNote>
                  <cac:PayeeFinancialAccount>
                     <cbc:ID schemeID="IBAN">BE86736009252450</cbc:ID>
                     <cac:FinancialInstitutionBranch>
                        <cac:FinancialInstitution>
                           <cbc:ID schemeID="BIC">KREDBEBB</cbc:ID>
                        </cac:FinancialInstitution>
                     </cac:FinancialInstitutionBranch>
                  </cac:PayeeFinancialAccount>
               </cac:PaymentMeans>
               <cac:TaxTotal>
                  <cbc:TaxAmount currencyID="EUR">21.00</cbc:TaxAmount>
                  <cac:TaxSubtotal>
                     <cbc:TaxableAmount currencyID="EUR">100.00</cbc:TaxableAmount>
                     <cbc:TaxAmount currencyID="EUR">21.00</cbc:TaxAmount>
                     <cac:TaxCategory>
                        <cbc:ID schemeID="UNCL5305">S</cbc:ID>
                        <cbc:Percent>21.00</cbc:Percent>
                        <cac:TaxScheme>
                           <cbc:ID>VAT</cbc:ID>
                        </cac:TaxScheme>
                     </cac:TaxCategory>
                  </cac:TaxSubtotal>
               </cac:TaxTotal>
               <cac:LegalMonetaryTotal>
                  <cbc:LineExtensionAmount currencyID="EUR">100.00</cbc:LineExtensionAmount>
                  <cbc:TaxExclusiveAmount currencyID="EUR">100.00</cbc:TaxExclusiveAmount>
                  <cbc:TaxInclusiveAmount currencyID="EUR">121.00</cbc:TaxInclusiveAmount>
                  <cbc:PayableAmount currencyID="EUR">121.00</cbc:PayableAmount>
               </cac:LegalMonetaryTotal>
               <cac:InvoiceLine>
                  <cbc:ID>1</cbc:ID>
                  <cbc:InvoicedQuantity unitCode="NAR" unitCodeListID="UNECERec20">1.00</cbc:InvoicedQuantity>
                  <cbc:LineExtensionAmount currencyID="EUR">100.00</cbc:LineExtensionAmount>
                  <cac:TaxTotal>
                     <cbc:TaxAmount currencyID="EUR">21.00</cbc:TaxAmount>
                  </cac:TaxTotal>
                  <cac:Item>
                     <cbc:Description>Line1 description - may be long</cbc:Description>
                     <cbc:Name>Line1max50char</cbc:Name>
                     <cac:ClassifiedTaxCategory>
                        <cbc:ID schemeID="UNCL5305">S</cbc:ID>
                        <cbc:Percent>21.00</cbc:Percent>
                        <cac:TaxScheme>
                           <cbc:ID>VAT</cbc:ID>
                        </cac:TaxScheme>
                     </cac:ClassifiedTaxCategory>
                  </cac:Item>
                  <cac:Price>
                     <cbc:PriceAmount currencyID="EUR">100.00</cbc:PriceAmount>
                     <cbc:BaseQuantity>1.00</cbc:BaseQuantity>
                  </cac:Price>
               </cac:InvoiceLine>
            </Invoice>
            </v12:document>
         </v2:request>
      </v2:submitDocumentRequest>
   </soapenv:Body>
</soapenv:Envelope>]]></con:request><con:assertion type="SOAP Fault Assertion" id="4cb1db68-904a-4c48-9a3d-383047a93b06" name="Not SOAP Fault"/><con:assertion type="SOAP Response" id="31cd2041-34e9-4c54-aa49-ef5a0a07dda2" name="SOAP Response"/><con:assertion type="Schema Compliance" id="d7de5c7d-fdfa-40c4-87b2-364c8f9c0bbb" name="Schema Compliance"><con:configuration/></con:assertion><con:wsaConfig action="http://fidus.brussels/services/invoiceservice/submitDocument"/></con:request></con:config></con:testStep><con:testStep type="request" id="d458aee0-bbf7-4338-a660-7aa3606b70fc" name="testcase3 - Test - Worker1 - Request"><con:settings/><con:config xsi:type="con:RequestStep" xmlns:xsi="http://www.w3.org/2001/XMLSchema-instance"><con:interface>InvoiceServiceHTTPBinding</con:interface><con:operation>submitDocument</con:operation><con:request name="testcase3 - Test - Worker1 - Request" id="c1878956-efee-47c8-9e1f-d680d537d6e9" outgoingWss="Outflow TEST"><con:settings/><con:encoding>UTF-8</con:encoding><con:endpoint>https://192.168.22.53:8443/services/InvoiceService_v2.0</con:endpoint><con:request><![CDATA[<soapenv:Envelope xmlns:soapenv="http://schemas.xmlsoap.org/soap/envelope/" xmlns:v2="http://fidus.brussels/service/invoiceservice/messages/v2.0" xmlns:v1="http://fidus.brussels/service/invoiceservice/messages/v1.2" xmlns:v11="http://fidus.brussels/type/common/messages/v1" xmlns:urn="urn:oasis:names:specification:ubl:schema:xsd:ApplicationResponse-2" xmlns:urn1="urn:oasis:names:specification:ubl:schema:xsd:CommonExtensionComponents-2" xmlns:urn2="urn:oasis:names:specification:ubl:schema:xsd:CommonBasicComponents-2" xmlns:urn3="urn:oasis:names:specification:ubl:schema:xsd:CommonAggregateComponents-2">
   <soapenv:Header/>
   <soapenv:Body>
      <v2:submitDocumentRequest>
         <v2:messageContext>
            <v11:messageId>?</v11:messageId>
         </v2:messageContext>
         <v2:legalContext>ServiceIntegrator</v2:legalContext>
         <v2:request>
            <v12:document xmlns:v12="http://fsb.belgium.be/einvoicing/simpleprior/v1_00">                
            <Invoice xmlns="urn:oasis:names:specification:ubl:schema:xsd:Invoice-2"
                    xmlns:cbc="urn:oasis:names:specification:ubl:schema:xsd:CommonBasicComponents-2"
                    xmlns:cac="urn:oasis:names:specification:ubl:schema:xsd:CommonAggregateComponents-2">
               <cbc:UBLVersionID>2.1</cbc:UBLVersionID>
               <cbc:CustomizationID>urn:www.cenbii.eu:transaction:biitrns010:ver2.0:extended:urn:www.peppol.eu:bis:peppol5a:ver2.0</cbc:CustomizationID>
               <cbc:ProfileID>urn:www.cenbii.eu:profile:bii05:ver2.0</cbc:ProfileID>
               <cbc:ID>118120479086FAKNOV-13-5B</cbc:ID>
               <cbc:IssueDate>2018-06-12</cbc:IssueDate>
               <cbc:InvoiceTypeCode listID="UNCL1001">380</cbc:InvoiceTypeCode>
               <cbc:DocumentCurrencyCode listID="ISO4217">EUR</cbc:DocumentCurrencyCode>
               <cac:AccountingSupplierParty>
                  <cac:Party>
                     <cac:PartyIdentification>
                        <cbc:ID schemeID="BE:CBE">0200013901</cbc:ID>
                     </cac:PartyIdentification>
                     <cac:PartyName>
                        <cbc:Name>ACME</cbc:Name>
                     </cac:PartyName>
                     <cac:PostalAddress>
                        <cbc:StreetName>Simon Bolivarlaan 30/9</cbc:StreetName>
                        <cbc:CityName>BRUSSEL</cbc:CityName>
                        <cbc:PostalZone>1000</cbc:PostalZone>
                        <cac:Country>
                           <cbc:IdentificationCode listID="ISO3166-1:Alpha2">BE</cbc:IdentificationCode>
                        </cac:Country>
                     </cac:PostalAddress>
                     <cac:PartyTaxScheme>
                        <cbc:CompanyID schemeID="BE:VAT">BE0200013901</cbc:CompanyID>
                        <cac:TaxScheme>
                           <cbc:ID>VAT</cbc:ID>
                        </cac:TaxScheme>
                     </cac:PartyTaxScheme>
                     <cac:PartyLegalEntity>
                        <cbc:RegistrationName>D.W. Soft bvba</cbc:RegistrationName>
                        <cbc:CompanyID schemeID="BE:CBE">0200013901</cbc:CompanyID>
                     </cac:PartyLegalEntity>
                     <cac:Contact>
                        <cbc:ElectronicMail>dirk.willekens@dwsoft.be</cbc:ElectronicMail>
                     </cac:Contact>
                  </cac:Party>
               </cac:AccountingSupplierParty>
               <cac:AccountingCustomerParty>
                  <cac:Party>
                     <cac:PartyIdentification>
                        <cbc:ID schemeID="BE:CBE">2222222222</cbc:ID>
                     </cac:PartyIdentification>
                     <cac:PartyName>
                        <cbc:Name>Fake customer</cbc:Name>
                     </cac:PartyName>
                     <cac:PostalAddress>
                        <cbc:StreetName>Simon Bolivarlaan 34</cbc:StreetName>
                        <cbc:CityName>ANTWERPEN</cbc:CityName>
                        <cbc:PostalZone>2000</cbc:PostalZone>
                        <cac:Country>
                           <cbc:IdentificationCode listID="ISO3166-1:Alpha2">BE</cbc:IdentificationCode>
                        </cac:Country>
                     </cac:PostalAddress>
                     <cac:PartyTaxScheme>
                        <cbc:CompanyID schemeID="BE:VAT">BE2222222222</cbc:CompanyID>
                        <cac:TaxScheme>
                           <cbc:ID>VAT</cbc:ID>
                        </cac:TaxScheme>
                     </cac:PartyTaxScheme>
                     <cac:PartyLegalEntity>
                        <cbc:RegistrationName>Fake Customer</cbc:RegistrationName>
                        <cbc:CompanyID schemeID="BE:CBE">2222222222</cbc:CompanyID>
                     </cac:PartyLegalEntity>
                  </cac:Party>
               </cac:AccountingCustomerParty>
               <cac:PaymentMeans>
                  <cbc:PaymentMeansCode listID="UNCL4461">1</cbc:PaymentMeansCode>
                  <cbc:PaymentDueDate>2018-05-31</cbc:PaymentDueDate>
                  <cbc:PaymentChannelCode>IBAN</cbc:PaymentChannelCode>
                  <cbc:InstructionNote>SIMPLE TEST TO FAKE CUSTOMER</cbc:InstructionNote>
                  <cac:PayeeFinancialAccount>
                     <cbc:ID schemeID="IBAN">BE86736009252450</cbc:ID>
                     <cac:FinancialInstitutionBranch>
                        <cac:FinancialInstitution>
                           <cbc:ID schemeID="BIC">KREDBEBB</cbc:ID>
                        </cac:FinancialInstitution>
                     </cac:FinancialInstitutionBranch>
                  </cac:PayeeFinancialAccount>
               </cac:PaymentMeans>
               <cac:TaxTotal>
                  <cbc:TaxAmount currencyID="EUR">21.00</cbc:TaxAmount>
                  <cac:TaxSubtotal>
                     <cbc:TaxableAmount currencyID="EUR">100.00</cbc:TaxableAmount>
                     <cbc:TaxAmount currencyID="EUR">21.00</cbc:TaxAmount>
                     <cac:TaxCategory>
                        <cbc:ID schemeID="UNCL5305">S</cbc:ID>
                        <cbc:Percent>21.00</cbc:Percent>
                        <cac:TaxScheme>
                           <cbc:ID>VAT</cbc:ID>
                        </cac:TaxScheme>
                     </cac:TaxCategory>
                  </cac:TaxSubtotal>
               </cac:TaxTotal>
               <cac:LegalMonetaryTotal>
                  <cbc:LineExtensionAmount currencyID="EUR">100.00</cbc:LineExtensionAmount>
                  <cbc:TaxExclusiveAmount currencyID="EUR">100.00</cbc:TaxExclusiveAmount>
                  <cbc:TaxInclusiveAmount currencyID="EUR">121.00</cbc:TaxInclusiveAmount>
                  <cbc:PayableAmount currencyID="EUR">121.00</cbc:PayableAmount>
               </cac:LegalMonetaryTotal>
               <cac:InvoiceLine>
                  <cbc:ID>1</cbc:ID>
                  <cbc:InvoicedQuantity unitCode="NAR" unitCodeListID="UNECERec20">1.00</cbc:InvoicedQuantity>
                  <cbc:LineExtensionAmount currencyID="EUR">100.00</cbc:LineExtensionAmount>
                  <cac:TaxTotal>
                     <cbc:TaxAmount currencyID="EUR">21.00</cbc:TaxAmount>
                  </cac:TaxTotal>
                  <cac:Item>
                     <cbc:Description>Line1 description - may be long</cbc:Description>
                     <cbc:Name>Line1max50char</cbc:Name>
                     <cac:ClassifiedTaxCategory>
                        <cbc:ID schemeID="UNCL5305">S</cbc:ID>
                        <cbc:Percent>21.00</cbc:Percent>
                        <cac:TaxScheme>
                           <cbc:ID>VAT</cbc:ID>
                        </cac:TaxScheme>
                     </cac:ClassifiedTaxCategory>
                  </cac:Item>
                  <cac:Price>
                     <cbc:PriceAmount currencyID="EUR">100.00</cbc:PriceAmount>
                     <cbc:BaseQuantity>1.00</cbc:BaseQuantity>
                  </cac:Price>
               </cac:InvoiceLine>
            </Invoice>
            </v12:document>
         </v2:request>
      </v2:submitDocumentRequest>
   </soapenv:Body>
</soapenv:Envelope>]]></con:request><con:assertion type="SOAP Fault Assertion" id="cb1dcb78-2320-45e3-ba20-ae4e2334ac11" name="Not SOAP Fault"/><con:assertion type="SOAP Response" id="69203033-c1ce-49ba-bad8-f3d7337c8ee2" name="SOAP Response"/><con:assertion type="Schema Compliance" id="b78ba49f-0229-411e-9744-f759b5b332a7" name="Schema Compliance"><con:configuration/></con:assertion><con:wsaConfig action="http://fidus.brussels/services/invoiceservice/submitDocument"/></con:request></con:config></con:testStep><con:testStep type="request" id="28feca98-1c03-4be8-b0fd-01b1c006b39b" name="testcase3 - Test - Worker2 - Request"><con:settings/><con:config xsi:type="con:RequestStep" xmlns:xsi="http://www.w3.org/2001/XMLSchema-instance"><con:interface>InvoiceServiceHTTPBinding</con:interface><con:operation>submitDocument</con:operation><con:request name="testcase3 - Test - Worker2 - Request" id="9740b5b7-cc46-4b2c-b8f4-1585de6fee45" outgoingWss="Outflow TEST"><con:settings/><con:encoding>UTF-8</con:encoding><con:endpoint>https://192.168.22.54:8443/services/InvoiceService_v2.0</con:endpoint><con:request><![CDATA[<soapenv:Envelope xmlns:soapenv="http://schemas.xmlsoap.org/soap/envelope/" xmlns:v2="http://fidus.brussels/service/invoiceservice/messages/v2.0" xmlns:v1="http://fidus.brussels/service/invoiceservice/messages/v1.2" xmlns:v11="http://fidus.brussels/type/common/messages/v1" xmlns:urn="urn:oasis:names:specification:ubl:schema:xsd:ApplicationResponse-2" xmlns:urn1="urn:oasis:names:specification:ubl:schema:xsd:CommonExtensionComponents-2" xmlns:urn2="urn:oasis:names:specification:ubl:schema:xsd:CommonBasicComponents-2" xmlns:urn3="urn:oasis:names:specification:ubl:schema:xsd:CommonAggregateComponents-2">
   <soapenv:Header/>
   <soapenv:Body>
      <v2:submitDocumentRequest>
         <v2:messageContext>
            <v11:messageId>?</v11:messageId>
         </v2:messageContext>
         <v2:legalContext>ServiceIntegrator</v2:legalContext>
         <v2:request>
            <v12:document xmlns:v12="http://fsb.belgium.be/einvoicing/simpleprior/v1_00">                
            <Invoice xmlns="urn:oasis:names:specification:ubl:schema:xsd:Invoice-2"
                    xmlns:cbc="urn:oasis:names:specification:ubl:schema:xsd:CommonBasicComponents-2"
                    xmlns:cac="urn:oasis:names:specification:ubl:schema:xsd:CommonAggregateComponents-2">
               <cbc:UBLVersionID>2.1</cbc:UBLVersionID>
               <cbc:CustomizationID>urn:www.cenbii.eu:transaction:biitrns010:ver2.0:extended:urn:www.peppol.eu:bis:peppol5a:ver2.0</cbc:CustomizationID>
               <cbc:ProfileID>urn:www.cenbii.eu:profile:bii05:ver2.0</cbc:ProfileID>
               <cbc:ID>118120479086FAKNOV-13-5B</cbc:ID>
               <cbc:IssueDate>2018-06-12</cbc:IssueDate>
               <cbc:InvoiceTypeCode listID="UNCL1001">380</cbc:InvoiceTypeCode>
               <cbc:DocumentCurrencyCode listID="ISO4217">EUR</cbc:DocumentCurrencyCode>
               <cac:AccountingSupplierParty>
                  <cac:Party>
                     <cac:PartyIdentification>
                        <cbc:ID schemeID="BE:CBE">0200013901</cbc:ID>
                     </cac:PartyIdentification>
                     <cac:PartyName>
                        <cbc:Name>ACME</cbc:Name>
                     </cac:PartyName>
                     <cac:PostalAddress>
                        <cbc:StreetName>Simon Bolivarlaan 30/9</cbc:StreetName>
                        <cbc:CityName>BRUSSEL</cbc:CityName>
                        <cbc:PostalZone>1000</cbc:PostalZone>
                        <cac:Country>
                           <cbc:IdentificationCode listID="ISO3166-1:Alpha2">BE</cbc:IdentificationCode>
                        </cac:Country>
                     </cac:PostalAddress>
                     <cac:PartyTaxScheme>
                        <cbc:CompanyID schemeID="BE:VAT">BE0200013901</cbc:CompanyID>
                        <cac:TaxScheme>
                           <cbc:ID>VAT</cbc:ID>
                        </cac:TaxScheme>
                     </cac:PartyTaxScheme>
                     <cac:PartyLegalEntity>
                        <cbc:RegistrationName>D.W. Soft bvba</cbc:RegistrationName>
                        <cbc:CompanyID schemeID="BE:CBE">0200013901</cbc:CompanyID>
                     </cac:PartyLegalEntity>
                     <cac:Contact>
                        <cbc:ElectronicMail>dirk.willekens@dwsoft.be</cbc:ElectronicMail>
                     </cac:Contact>
                  </cac:Party>
               </cac:AccountingSupplierParty>
               <cac:AccountingCustomerParty>
                  <cac:Party>
                     <cac:PartyIdentification>
                        <cbc:ID schemeID="BE:CBE">2222222222</cbc:ID>
                     </cac:PartyIdentification>
                     <cac:PartyName>
                        <cbc:Name>Fake customer</cbc:Name>
                     </cac:PartyName>
                     <cac:PostalAddress>
                        <cbc:StreetName>Simon Bolivarlaan 34</cbc:StreetName>
                        <cbc:CityName>ANTWERPEN</cbc:CityName>
                        <cbc:PostalZone>2000</cbc:PostalZone>
                        <cac:Country>
                           <cbc:IdentificationCode listID="ISO3166-1:Alpha2">BE</cbc:IdentificationCode>
                        </cac:Country>
                     </cac:PostalAddress>
                     <cac:PartyTaxScheme>
                        <cbc:CompanyID schemeID="BE:VAT">BE2222222222</cbc:CompanyID>
                        <cac:TaxScheme>
                           <cbc:ID>VAT</cbc:ID>
                        </cac:TaxScheme>
                     </cac:PartyTaxScheme>
                     <cac:PartyLegalEntity>
                        <cbc:RegistrationName>Fake Customer</cbc:RegistrationName>
                        <cbc:CompanyID schemeID="BE:CBE">2222222222</cbc:CompanyID>
                     </cac:PartyLegalEntity>
                  </cac:Party>
               </cac:AccountingCustomerParty>
               <cac:PaymentMeans>
                  <cbc:PaymentMeansCode listID="UNCL4461">1</cbc:PaymentMeansCode>
                  <cbc:PaymentDueDate>2018-05-31</cbc:PaymentDueDate>
                  <cbc:PaymentChannelCode>IBAN</cbc:PaymentChannelCode>
                  <cbc:InstructionNote>SIMPLE TEST TO FAKE CUSTOMER</cbc:InstructionNote>
                  <cac:PayeeFinancialAccount>
                     <cbc:ID schemeID="IBAN">BE86736009252450</cbc:ID>
                     <cac:FinancialInstitutionBranch>
                        <cac:FinancialInstitution>
                           <cbc:ID schemeID="BIC">KREDBEBB</cbc:ID>
                        </cac:FinancialInstitution>
                     </cac:FinancialInstitutionBranch>
                  </cac:PayeeFinancialAccount>
               </cac:PaymentMeans>
               <cac:TaxTotal>
                  <cbc:TaxAmount currencyID="EUR">21.00</cbc:TaxAmount>
                  <cac:TaxSubtotal>
                     <cbc:TaxableAmount currencyID="EUR">100.00</cbc:TaxableAmount>
                     <cbc:TaxAmount currencyID="EUR">21.00</cbc:TaxAmount>
                     <cac:TaxCategory>
                        <cbc:ID schemeID="UNCL5305">S</cbc:ID>
                        <cbc:Percent>21.00</cbc:Percent>
                        <cac:TaxScheme>
                           <cbc:ID>VAT</cbc:ID>
                        </cac:TaxScheme>
                     </cac:TaxCategory>
                  </cac:TaxSubtotal>
               </cac:TaxTotal>
               <cac:LegalMonetaryTotal>
                  <cbc:LineExtensionAmount currencyID="EUR">100.00</cbc:LineExtensionAmount>
                  <cbc:TaxExclusiveAmount currencyID="EUR">100.00</cbc:TaxExclusiveAmount>
                  <cbc:TaxInclusiveAmount currencyID="EUR">121.00</cbc:TaxInclusiveAmount>
                  <cbc:PayableAmount currencyID="EUR">121.00</cbc:PayableAmount>
               </cac:LegalMonetaryTotal>
               <cac:InvoiceLine>
                  <cbc:ID>1</cbc:ID>
                  <cbc:InvoicedQuantity unitCode="NAR" unitCodeListID="UNECERec20">1.00</cbc:InvoicedQuantity>
                  <cbc:LineExtensionAmount currencyID="EUR">100.00</cbc:LineExtensionAmount>
                  <cac:TaxTotal>
                     <cbc:TaxAmount currencyID="EUR">21.00</cbc:TaxAmount>
                  </cac:TaxTotal>
                  <cac:Item>
                     <cbc:Description>Line1 description - may be long</cbc:Description>
                     <cbc:Name>Line1max50char</cbc:Name>
                     <cac:ClassifiedTaxCategory>
                        <cbc:ID schemeID="UNCL5305">S</cbc:ID>
                        <cbc:Percent>21.00</cbc:Percent>
                        <cac:TaxScheme>
                           <cbc:ID>VAT</cbc:ID>
                        </cac:TaxScheme>
                     </cac:ClassifiedTaxCategory>
                  </cac:Item>
                  <cac:Price>
                     <cbc:PriceAmount currencyID="EUR">100.00</cbc:PriceAmount>
                     <cbc:BaseQuantity>1.00</cbc:BaseQuantity>
                  </cac:Price>
               </cac:InvoiceLine>
            </Invoice>
            </v12:document>
         </v2:request>
      </v2:submitDocumentRequest>
   </soapenv:Body>
</soapenv:Envelope>]]></con:request><con:assertion type="SOAP Fault Assertion" id="c3d3123e-d096-47cf-b168-1fd66f3d2edd" name="Not SOAP Fault"/><con:assertion type="SOAP Response" id="8226ff7d-cd8b-43fd-b827-8804c3ffd37d" name="SOAP Response"/><con:assertion type="Schema Compliance" id="8db9cf1d-88d2-49ca-9f35-be74442efa37" name="Schema Compliance"><con:configuration/></con:assertion><con:wsaConfig action="http://fidus.brussels/services/invoiceservice/submitDocument"/></con:request></con:config></con:testStep><con:properties/></con:testCase><con:testCase id="8735e94f-24cc-4151-b516-bff609da93db" failOnError="true" failTestCaseOnErrors="true" keepSession="false" maxResults="0" name="submitInboxRequest" searchProperties="true"><con:settings/><con:testStep type="request" id="d9d9bcf1-b657-44ae-a556-96994f66533e" name="testcase3 - Test - External - Request"><con:settings/><con:config xsi:type="con:RequestStep" xmlns:xsi="http://www.w3.org/2001/XMLSchema-instance"><con:interface>InvoiceServiceHTTPBinding</con:interface><con:operation>submitInboxRequest</con:operation><con:request name="testcase3 - Test - External - Request" id="510250c2-4ca4-4c64-9cad-79506a9d8a0d" outgoingWss="Outflow TEST"><con:settings/><con:encoding>UTF-8</con:encoding><con:endpoint>https://fidus-test.irisnetlab.be/services/InvoiceService_v2.0</con:endpoint><con:request><![CDATA[<soapenv:Envelope xmlns:soapenv="http://schemas.xmlsoap.org/soap/envelope/" xmlns:v2="http://fidus.brussels/service/invoiceservice/messages/v2.0" xmlns:v11="http://fidus.brussels/type/common/messages/v1">
   <soapenv:Header/>
   <soapenv:Body>
      <v2:submitInboxRequestRequest>
         <v2:messageContext>
            <v11:messageId>${=import static java.util.UUID.randomUUID; uuid = randomUUID() as String}</v11:messageId>
            <v11:timestamp>${=new java.text.SimpleDateFormat("yyyy-MM-dd'T'HH:mm:ss.SSS").format(new Date())}</v11:timestamp>
         </v2:messageContext>
         <v2:legalContext>ServiceIntegrator</v2:legalContext>
         <v2:request>
            <v12:receiverId xmlns:v12="http://fsb.belgium.be/einvoicing/simpleprior/v1_00">0463152333</v12:receiverId>
            <v12:senderId xmlns:v12="http://fsb.belgium.be/einvoicing/simpleprior/v1_00">0200013901</v12:senderId>        
         </v2:request>
      </v2:submitInboxRequestRequest>
   </soapenv:Body>
</soapenv:Envelope>]]></con:request><con:assertion type="SOAP Fault Assertion" id="6a8efbce-aae2-4945-88a2-15f248a005c2" name="Not SOAP Fault"/><con:assertion type="SOAP Response" id="cc1c553f-cfad-4002-bb42-73d956c1a793" name="SOAP Response"/><con:assertion type="Schema Compliance" id="d872bcc0-2203-47fb-9fd0-99c29089f277" name="Schema Compliance"><con:configuration/></con:assertion><con:wsaConfig action="http://fidus.brussels/services/invoiceservice/submitInboxRequest"/></con:request></con:config></con:testStep><con:testStep type="request" id="9e098e43-bbaf-420b-985f-cb537e3bf2f0" name="testcase3 - Test - LB - Request"><con:settings/><con:config xsi:type="con:RequestStep" xmlns:xsi="http://www.w3.org/2001/XMLSchema-instance"><con:interface>InvoiceServiceHTTPBinding</con:interface><con:operation>submitInboxRequest</con:operation><con:request name="testcase3 - Test - LB - Request" id="163187ff-9dca-4e48-859c-0917b3ded516" outgoingWss="Outflow TEST"><con:settings/><con:encoding>UTF-8</con:encoding><con:endpoint>https://esb-security-gw.sta.srv.cirb.lan:8443/services/InvoiceService_v2.0</con:endpoint><con:request><![CDATA[<soapenv:Envelope xmlns:soapenv="http://schemas.xmlsoap.org/soap/envelope/" xmlns:v2="http://fidus.brussels/service/invoiceservice/messages/v2.0" xmlns:v11="http://fidus.brussels/type/common/messages/v1">
   <soapenv:Header/>
   <soapenv:Body>
      <v2:submitInboxRequestRequest>
         <v2:messageContext>
            <v11:messageId>?</v11:messageId>
         </v2:messageContext>
         <v2:legalContext>ServiceIntegrator</v2:legalContext>
         <v2:request>
            <v12:receiverId xmlns:v12="http://fsb.belgium.be/einvoicing/simpleprior/v1_00">2222222222</v12:receiverId>
            <v12:senderId xmlns:v12="http://fsb.belgium.be/einvoicing/simpleprior/v1_00">0200013901</v12:senderId>        
         </v2:request>
      </v2:submitInboxRequestRequest>
   </soapenv:Body>
</soapenv:Envelope>]]></con:request><con:assertion type="SOAP Fault Assertion" id="d39795a7-85d1-4a9c-b3c5-63ba150054a3" name="Not SOAP Fault"/><con:assertion type="SOAP Response" id="f7a77689-ea24-4cb4-b647-a06382dba2c0" name="SOAP Response"/><con:assertion type="Schema Compliance" id="021888fc-bf3d-480a-ab04-6bc58bb339eb" name="Schema Compliance"><con:configuration/></con:assertion><con:wsaConfig action="http://fidus.brussels/services/invoiceservice/submitInboxRequest"/></con:request></con:config></con:testStep><con:testStep type="request" id="9dadc80e-3cee-4f06-9be2-47b2bc27e55f" name="testcase3 - Test - Worker1 - Request"><con:settings/><con:config xsi:type="con:RequestStep" xmlns:xsi="http://www.w3.org/2001/XMLSchema-instance"><con:interface>InvoiceServiceHTTPBinding</con:interface><con:operation>submitInboxRequest</con:operation><con:request name="testcase3 - Test - Worker1 - Request" id="dcb48407-623c-4e69-ab70-312c520f21ba" outgoingWss="Outflow TEST"><con:settings/><con:encoding>UTF-8</con:encoding><con:endpoint>https://192.168.24.45:8443/services/InvoiceService_v2.0</con:endpoint><con:request><![CDATA[<soapenv:Envelope xmlns:soapenv="http://schemas.xmlsoap.org/soap/envelope/" xmlns:v2="http://fidus.brussels/service/invoiceservice/messages/v2.0" xmlns:v11="http://fidus.brussels/type/common/messages/v1">
   <soapenv:Header/>
   <soapenv:Body>
      <v2:submitInboxRequestRequest>
         <v2:messageContext>
            <v11:messageId>?</v11:messageId>
         </v2:messageContext>
         <v2:legalContext>ServiceIntegrator</v2:legalContext>
         <v2:request>
            <v12:receiverId xmlns:v12="http://fsb.belgium.be/einvoicing/simpleprior/v1_00">2222222222</v12:receiverId>
            <v12:senderId xmlns:v12="http://fsb.belgium.be/einvoicing/simpleprior/v1_00">0200013901</v12:senderId>        
         </v2:request>
      </v2:submitInboxRequestRequest>
   </soapenv:Body>
</soapenv:Envelope>]]></con:request><con:assertion type="SOAP Fault Assertion" id="aaaf17fb-8f4e-465f-b7ef-f95b63d9f4d7" name="Not SOAP Fault"/><con:assertion type="SOAP Response" id="3c5212df-baa8-4ca1-88d1-bff228d19743" name="SOAP Response"/><con:assertion type="Schema Compliance" id="cf02c7fb-0bd9-4180-892d-dd1a22d2da8d" name="Schema Compliance"><con:configuration/></con:assertion><con:wsaConfig action="http://fidus.brussels/services/invoiceservice/submitInboxRequest"/></con:request></con:config></con:testStep><con:testStep type="request" id="0766fa59-ffa9-4da4-83a9-02ddb3b3047c" name="testcase3 - Test - Worker2 - Request"><con:settings/><con:config xsi:type="con:RequestStep" xmlns:xsi="http://www.w3.org/2001/XMLSchema-instance"><con:interface>InvoiceServiceHTTPBinding</con:interface><con:operation>submitInboxRequest</con:operation><con:request name="testcase3 - Test - Worker2 - Request" id="4b9e2516-4576-41d6-a11f-ef8e2d692b2a" outgoingWss="Outflow TEST"><con:settings/><con:encoding>UTF-8</con:encoding><con:endpoint>https://192.168.22.54:8443/services/InvoiceService_v2.0</con:endpoint><con:request><![CDATA[<soapenv:Envelope xmlns:soapenv="http://schemas.xmlsoap.org/soap/envelope/" xmlns:v2="http://fidus.brussels/service/invoiceservice/messages/v2.0" xmlns:v11="http://fidus.brussels/type/common/messages/v1">
   <soapenv:Header/>
   <soapenv:Body>
      <v2:submitInboxRequestRequest>
         <v2:messageContext>
            <v11:messageId>?</v11:messageId>
         </v2:messageContext>
         <v2:legalContext>ServiceIntegrator</v2:legalContext>
         <v2:request>
            <v12:receiverId xmlns:v12="http://fsb.belgium.be/einvoicing/simpleprior/v1_00">2222222222</v12:receiverId>
            <v12:senderId xmlns:v12="http://fsb.belgium.be/einvoicing/simpleprior/v1_00">0200013901</v12:senderId>        
         </v2:request>
      </v2:submitInboxRequestRequest>
   </soapenv:Body>
</soapenv:Envelope>]]></con:request><con:assertion type="SOAP Fault Assertion" id="37ce3b09-7862-4d56-886a-6a40b3df18d3" name="Not SOAP Fault"/><con:assertion type="SOAP Response" id="845bf78b-3e84-4220-a1f3-5583c9f575e6" name="SOAP Response"/><con:assertion type="Schema Compliance" id="912bf922-d32f-485d-97bb-5ed511c4888b" name="Schema Compliance"><con:configuration/></con:assertion><con:wsaConfig action="http://fidus.brussels/services/invoiceservice/submitInboxRequest"/></con:request></con:config></con:testStep><con:properties/></con:testCase><con:properties/></con:testSuite><con:testSuite id="657dc237-d073-4fd4-b408-b5174700f49e" name="STAG"><con:settings/><con:runType>SEQUENTIAL</con:runType><con:testCase id="cab1b2f3-2f36-424f-8689-ce2a9ac778d2" failOnError="true" failTestCaseOnErrors="true" keepSession="false" maxResults="0" name="markDocument" searchProperties="true"><con:settings/><con:testStep type="request" id="2e2ca518-20ec-4199-90fc-6eb8396d7192" name="testcase4 - Staging - External - Request"><con:settings/><con:config xsi:type="con:RequestStep" xmlns:xsi="http://www.w3.org/2001/XMLSchema-instance"><con:interface>InvoiceServiceHTTPBinding</con:interface><con:operation>markDocument</con:operation><con:request name="testcase4 - Staging - External - Request" id="1e735a29-5a17-47af-8c91-709c1434653f" outgoingWss="Outflow STAG"><con:settings/><con:encoding>UTF-8</con:encoding><con:endpoint>https://fidus.irisnetlab.be/services/InvoiceService_v2.0</con:endpoint><con:request><![CDATA[<soapenv:Envelope xmlns:soapenv="http://schemas.xmlsoap.org/soap/envelope/" xmlns:v2="http://fidus.brussels/service/invoiceservice/messages/v2.0" xmlns:v11="http://fidus.brussels/type/common/messages/v1">
   <soapenv:Header/>
   <soapenv:Body>
      <v2:markDocumentRequest>
         <v2:messageContext>
            <v11:messageId>?</v11:messageId>
         </v2:messageContext>
         <v2:legalContext>ServiceIntegrator</v2:legalContext>
         <v2:request>
            <v12:receiverId xmlns:v12="http://fsb.belgium.be/einvoicing/simpleprior/v1_00">2222222222</v12:receiverId>
            <v12:senderId xmlns:v12="http://fsb.belgium.be/einvoicing/simpleprior/v1_00">0200013901</v12:senderId>
            <v12:documentType xmlns:v12="http://fsb.belgium.be/einvoicing/simpleprior/v1_00">380</v12:documentType>
            <v12:documentId xmlns:v12="http://fsb.belgium.be/einvoicing/simpleprior/v1_00">e878b54b-8a82-4bf3-8c8c-37eacdab2589</v12:documentId>         
         </v2:request>
      </v2:markDocumentRequest>
   </soapenv:Body>
</soapenv:Envelope>]]></con:request><con:assertion type="SOAP Fault Assertion" id="9e39ca8d-9bd1-4137-9a33-c8dcae7aa077" name="Not SOAP Fault"/><con:assertion type="SOAP Response" id="5f9d2ae8-831b-40bd-b7ca-57a537e73607" name="SOAP Response"/><con:assertion type="Schema Compliance" id="39dae61d-b16d-4e45-9544-06dce79ceacf" name="Schema Compliance"><con:configuration/></con:assertion><con:wsaConfig action="http://fidus.brussels/services/invoiceservice/markDocument"/></con:request></con:config></con:testStep><con:testStep type="request" id="67811dbe-2721-4c51-9a34-e3dbf6f433b5" name="testcase4 - Staging - LB - Request"><con:settings/><con:config xsi:type="con:RequestStep" xmlns:xsi="http://www.w3.org/2001/XMLSchema-instance"><con:interface>InvoiceServiceHTTPBinding</con:interface><con:operation>markDocument</con:operation><con:request name="testcase4 - Staging - LB - Request" id="d03e8844-df50-4d95-8cf8-bb1f7e82a4d2" outgoingWss="Outflow STAG"><con:settings/><con:encoding>UTF-8</con:encoding><con:endpoint>https://fidus-esb-sg.sta.srv.cirb.lan:8443/services/InvoiceService_v2.0</con:endpoint><con:request><![CDATA[<soapenv:Envelope xmlns:soapenv="http://schemas.xmlsoap.org/soap/envelope/" xmlns:v2="http://fidus.brussels/service/invoiceservice/messages/v2.0" xmlns:v11="http://fidus.brussels/type/common/messages/v1">
   <soapenv:Header/>
   <soapenv:Body>
      <v2:markDocumentRequest>
         <v2:messageContext>
            <v11:messageId>?</v11:messageId>
         </v2:messageContext>
         <v2:legalContext>ServiceIntegrator</v2:legalContext>
         <v2:request>
            <v12:receiverId xmlns:v12="http://fsb.belgium.be/einvoicing/simpleprior/v1_00">2222222222</v12:receiverId>
            <v12:senderId xmlns:v12="http://fsb.belgium.be/einvoicing/simpleprior/v1_00">0200013901</v12:senderId>
            <v12:documentType xmlns:v12="http://fsb.belgium.be/einvoicing/simpleprior/v1_00">380</v12:documentType>
            <v12:documentId xmlns:v12="http://fsb.belgium.be/einvoicing/simpleprior/v1_00">e878b54b-8a82-4bf3-8c8c-37eacdab2589</v12:documentId>         
         </v2:request>
      </v2:markDocumentRequest>
   </soapenv:Body>
</soapenv:Envelope>]]></con:request><con:assertion type="SOAP Fault Assertion" id="67b182a8-28ba-40dd-b0f3-a1064e5d8575" name="Not SOAP Fault"/><con:assertion type="SOAP Response" id="f2c29796-ad3a-4727-8e36-bc47b929ced5" name="SOAP Response"/><con:assertion type="Schema Compliance" id="220fa443-32c1-4f7d-af8d-3c0fc5af7695" name="Schema Compliance"><con:configuration/></con:assertion><con:wsaConfig action="http://fidus.brussels/services/invoiceservice/markDocument"/></con:request></con:config></con:testStep><con:testStep type="request" id="2f405303-9af1-44f1-8533-58e98e5d5ccc" name="testcase4 - Staging - Worker1 - Request"><con:settings/><con:config xsi:type="con:RequestStep" xmlns:xsi="http://www.w3.org/2001/XMLSchema-instance"><con:interface>InvoiceServiceHTTPBinding</con:interface><con:operation>markDocument</con:operation><con:request name="testcase4 - Staging - Worker1 - Request" id="acb353fc-958c-42d5-bc22-e059a1f006b5" outgoingWss="Outflow STAG"><con:settings/><con:encoding>UTF-8</con:encoding><con:endpoint>https://192.168.24.16:8443/services/InvoiceService_v2.0</con:endpoint><con:request><![CDATA[<soapenv:Envelope xmlns:soapenv="http://schemas.xmlsoap.org/soap/envelope/" xmlns:v2="http://fidus.brussels/service/invoiceservice/messages/v2.0" xmlns:v11="http://fidus.brussels/type/common/messages/v1">
   <soapenv:Header/>
   <soapenv:Body>
      <v2:markDocumentRequest>
         <v2:messageContext>
            <v11:messageId>?</v11:messageId>
         </v2:messageContext>
         <v2:legalContext>ServiceIntegrator</v2:legalContext>
         <v2:request>
            <v12:receiverId xmlns:v12="http://fsb.belgium.be/einvoicing/simpleprior/v1_00">2222222222</v12:receiverId>
            <v12:senderId xmlns:v12="http://fsb.belgium.be/einvoicing/simpleprior/v1_00">0200013901</v12:senderId>
            <v12:documentType xmlns:v12="http://fsb.belgium.be/einvoicing/simpleprior/v1_00">380</v12:documentType>
            <v12:documentId xmlns:v12="http://fsb.belgium.be/einvoicing/simpleprior/v1_00">e878b54b-8a82-4bf3-8c8c-37eacdab2589</v12:documentId>         
         </v2:request>
      </v2:markDocumentRequest>
   </soapenv:Body>
</soapenv:Envelope>]]></con:request><con:assertion type="SOAP Fault Assertion" id="4337b48c-6ccb-4078-9d6a-98f2f7243cf6" name="Not SOAP Fault"/><con:assertion type="SOAP Response" id="81783de2-c387-4ff8-a7de-5c4c63c90375" name="SOAP Response"/><con:assertion type="Schema Compliance" id="a1f33a2e-0654-42d6-9969-2b4546f748b3" name="Schema Compliance"><con:configuration/></con:assertion><con:wsaConfig action="http://fidus.brussels/services/invoiceservice/markDocument"/></con:request></con:config></con:testStep><con:testStep type="request" id="49bb2e08-379d-443a-9cd0-4cb0257eb36c" name="testcase4 - Staging - Worker2 - Request"><con:settings/><con:config xsi:type="con:RequestStep" xmlns:xsi="http://www.w3.org/2001/XMLSchema-instance"><con:interface>InvoiceServiceHTTPBinding</con:interface><con:operation>markDocument</con:operation><con:request name="testcase4 - Staging - Worker2 - Request" id="7ad6cb9b-a653-4689-8dbb-ae33b9b9e5fa" outgoingWss="Outflow STAG"><con:settings/><con:encoding>UTF-8</con:encoding><con:endpoint>https://192.168.24.17:8443/services/InvoiceService_v2.0</con:endpoint><con:request><![CDATA[<soapenv:Envelope xmlns:soapenv="http://schemas.xmlsoap.org/soap/envelope/" xmlns:v2="http://fidus.brussels/service/invoiceservice/messages/v2.0" xmlns:v11="http://fidus.brussels/type/common/messages/v1">
   <soapenv:Header/>
   <soapenv:Body>
      <v2:markDocumentRequest>
         <v2:messageContext>
            <v11:messageId>?</v11:messageId>
         </v2:messageContext>
         <v2:legalContext>ServiceIntegrator</v2:legalContext>
         <v2:request>
            <v12:receiverId xmlns:v12="http://fsb.belgium.be/einvoicing/simpleprior/v1_00">2222222222</v12:receiverId>
            <v12:senderId xmlns:v12="http://fsb.belgium.be/einvoicing/simpleprior/v1_00">0200013901</v12:senderId>
            <v12:documentType xmlns:v12="http://fsb.belgium.be/einvoicing/simpleprior/v1_00">380</v12:documentType>
            <v12:documentId xmlns:v12="http://fsb.belgium.be/einvoicing/simpleprior/v1_00">e878b54b-8a82-4bf3-8c8c-37eacdab2589</v12:documentId>         
         </v2:request>
      </v2:markDocumentRequest>
   </soapenv:Body>
</soapenv:Envelope>]]></con:request><con:assertion type="SOAP Fault Assertion" id="ae51b926-f773-47bd-a677-a5a53f46f293" name="Not SOAP Fault"/><con:assertion type="SOAP Response" id="da120d25-6753-4334-8333-b7ef429fea35" name="SOAP Response"/><con:assertion type="Schema Compliance" id="41b19140-782c-4817-8f77-9f451d525e58" name="Schema Compliance"><con:configuration/></con:assertion><con:wsaConfig action="http://fidus.brussels/services/invoiceservice/markDocument"/></con:request></con:config></con:testStep><con:properties/></con:testCase><con:testCase id="b65f5697-7713-4af1-9023-2dad1653bff6" failOnError="true" failTestCaseOnErrors="true" keepSession="false" maxResults="0" name="retrieveDocument" searchProperties="true"><con:settings/><con:testStep type="request" id="497c143d-b89d-447a-8a52-01bb40754588" name="testcase4 - Staging - External - Request"><con:settings/><con:config xsi:type="con:RequestStep" xmlns:xsi="http://www.w3.org/2001/XMLSchema-instance"><con:interface>InvoiceServiceHTTPBinding</con:interface><con:operation>retrieveDocument</con:operation><con:request name="testcase4 - Staging - External - Request" id="2d752c57-7244-4d76-bd04-f69a60ca312e" outgoingWss="Outflow STAG"><con:settings/><con:encoding>UTF-8</con:encoding><con:endpoint>https://fidus.irisnetlab.be/services/InvoiceService_v2.0</con:endpoint><con:request><![CDATA[<soapenv:Envelope xmlns:soapenv="http://schemas.xmlsoap.org/soap/envelope/" xmlns:v2="http://fidus.brussels/service/invoiceservice/messages/v2.0" xmlns:v11="http://fidus.brussels/type/common/messages/v1">
   <soapenv:Header/>
   <soapenv:Body>
      <v2:retrieveDocumentRequest>
         <v2:messageContext>
            <v11:messageId>?</v11:messageId>
         </v2:messageContext>
         <v2:legalContext>ServiceIntegrator</v2:legalContext>
         <v2:request>
            <v12:receiverId xmlns:v12="http://fsb.belgium.be/einvoicing/simpleprior/v1_00">0463152333</v12:receiverId>
            <v12:senderId xmlns:v12="http://fsb.belgium.be/einvoicing/simpleprior/v1_00">0200013901</v12:senderId>
            <v12:documentType xmlns:v12="http://fsb.belgium.be/einvoicing/simpleprior/v1_00">380</v12:documentType>
            <v12:documentId xmlns:v12="http://fsb.belgium.be/einvoicing/simpleprior/v1_00">118120479086FAKDEC-20-5B</v12:documentId>         
         </v2:request>
      </v2:retrieveDocumentRequest>
   </soapenv:Body>
</soapenv:Envelope>]]></con:request><con:assertion type="SOAP Fault Assertion" id="8355966b-13ab-4563-832b-1d9a28c49a33" name="Not SOAP Fault"/><con:assertion type="SOAP Response" id="788664d5-f14c-4f5b-9d2b-d4b83088a3da" name="SOAP Response"/><con:assertion type="Schema Compliance" id="e520fd50-6730-4135-86a8-4a1ec2ed30c6" name="Schema Compliance"><con:configuration/></con:assertion><con:wsaConfig action="http://fidus.brussels/services/invoiceservice/retrieveDocument"/></con:request></con:config></con:testStep><con:testStep type="request" id="482c31a2-9c16-4d97-b903-8691e26231f1" name="testcase4 - Staging - LB - Request"><con:settings/><con:config xsi:type="con:RequestStep" xmlns:xsi="http://www.w3.org/2001/XMLSchema-instance"><con:interface>InvoiceServiceHTTPBinding</con:interface><con:operation>retrieveDocument</con:operation><con:request name="testcase4 - Staging - LB - Request" id="ffc316d6-e407-4344-8c73-d1bdf7af4d63" outgoingWss="Outflow STAG"><con:settings/><con:encoding>UTF-8</con:encoding><con:endpoint>https://fidus-esb-sg.sta.srv.cirb.lan:8443/services/InvoiceService_v2.0</con:endpoint><con:request><![CDATA[<soapenv:Envelope xmlns:soapenv="http://schemas.xmlsoap.org/soap/envelope/" xmlns:v2="http://fidus.brussels/service/invoiceservice/messages/v2.0" xmlns:v11="http://fidus.brussels/type/common/messages/v1">
   <soapenv:Header/>
   <soapenv:Body>
      <v2:retrieveDocumentRequest>
         <v2:messageContext>
            <v11:messageId>?</v11:messageId>
         </v2:messageContext>
         <v2:legalContext>ServiceIntegrator</v2:legalContext>
         <v2:request>
            <v12:receiverId xmlns:v12="http://fsb.belgium.be/einvoicing/simpleprior/v1_00">0463152333</v12:receiverId>
            <v12:senderId xmlns:v12="http://fsb.belgium.be/einvoicing/simpleprior/v1_00">0200013901</v12:senderId>
            <v12:documentType xmlns:v12="http://fsb.belgium.be/einvoicing/simpleprior/v1_00">380</v12:documentType>
            <v12:documentId xmlns:v12="http://fsb.belgium.be/einvoicing/simpleprior/v1_00">118120479086FAKDEC-20-5B</v12:documentId>         
         </v2:request>
      </v2:retrieveDocumentRequest>
   </soapenv:Body>
</soapenv:Envelope>]]></con:request><con:assertion type="SOAP Fault Assertion" id="65d24c81-de4f-42e6-9437-7fdf7141344e" name="Not SOAP Fault"/><con:assertion type="SOAP Response" id="e133925a-0e1f-48f0-81ab-aea2984ffffc" name="SOAP Response"/><con:assertion type="Schema Compliance" id="b04bbdce-af9c-4dbc-bcca-db91eb945ccc" name="Schema Compliance"><con:configuration/></con:assertion><con:wsaConfig action="http://fidus.brussels/services/invoiceservice/retrieveDocument"/></con:request></con:config></con:testStep><con:testStep type="request" id="ea7e05bb-66a7-42b1-bd6a-1e3b5932fe5b" name="testcase4 - Staging - Worker1 - Request"><con:settings/><con:config xsi:type="con:RequestStep" xmlns:xsi="http://www.w3.org/2001/XMLSchema-instance"><con:interface>InvoiceServiceHTTPBinding</con:interface><con:operation>retrieveDocument</con:operation><con:request name="testcase4 - Staging - Worker1 - Request" id="70f6179c-546c-4327-a650-9756f853d9e1" outgoingWss="Outflow STAG"><con:settings/><con:encoding>UTF-8</con:encoding><con:endpoint>https://192.168.24.16:8443/services/InvoiceService_v2.0</con:endpoint><con:request><![CDATA[<soapenv:Envelope xmlns:soapenv="http://schemas.xmlsoap.org/soap/envelope/" xmlns:v2="http://fidus.brussels/service/invoiceservice/messages/v2.0" xmlns:v11="http://fidus.brussels/type/common/messages/v1">
   <soapenv:Header/>
   <soapenv:Body>
      <v2:retrieveDocumentRequest>
         <v2:messageContext>
            <v11:messageId>?</v11:messageId>
         </v2:messageContext>
         <v2:legalContext>ServiceIntegrator</v2:legalContext>
         <v2:request>
            <v12:receiverId xmlns:v12="http://fsb.belgium.be/einvoicing/simpleprior/v1_00">0463152333</v12:receiverId>
            <v12:senderId xmlns:v12="http://fsb.belgium.be/einvoicing/simpleprior/v1_00">0200013901</v12:senderId>
            <v12:documentType xmlns:v12="http://fsb.belgium.be/einvoicing/simpleprior/v1_00">380</v12:documentType>
            <v12:documentId xmlns:v12="http://fsb.belgium.be/einvoicing/simpleprior/v1_00">118120479086FAKDEC-20-5B</v12:documentId>         
         </v2:request>
      </v2:retrieveDocumentRequest>
   </soapenv:Body>
</soapenv:Envelope>]]></con:request><con:assertion type="SOAP Fault Assertion" id="f92504ae-9e99-4ab5-baa7-b1477c172258" name="Not SOAP Fault"/><con:assertion type="SOAP Response" id="73413509-0a2b-4cc4-9213-cc52ef048013" name="SOAP Response"/><con:assertion type="Schema Compliance" id="1db2a4fd-ec0b-4171-a483-1a928345c38d" name="Schema Compliance"><con:configuration/></con:assertion><con:wsaConfig action="http://fidus.brussels/services/invoiceservice/retrieveDocument"/></con:request></con:config></con:testStep><con:testStep type="request" id="b6b9bd45-c2a4-409a-97a7-8b695ab93e2d" name="testcase4 - Staging - Worker2 - Request"><con:settings/><con:config xsi:type="con:RequestStep" xmlns:xsi="http://www.w3.org/2001/XMLSchema-instance"><con:interface>InvoiceServiceHTTPBinding</con:interface><con:operation>retrieveDocument</con:operation><con:request name="testcase4 - Staging - Worker2 - Request" id="7bb4f301-f7f0-4b01-bb63-f2f0c6f218fa" outgoingWss="Outflow STAG"><con:settings/><con:encoding>UTF-8</con:encoding><con:endpoint>https://192.168.24.17:8443/services/InvoiceService_v2.0</con:endpoint><con:request><![CDATA[<soapenv:Envelope xmlns:soapenv="http://schemas.xmlsoap.org/soap/envelope/" xmlns:v2="http://fidus.brussels/service/invoiceservice/messages/v2.0" xmlns:v11="http://fidus.brussels/type/common/messages/v1">
   <soapenv:Header/>
   <soapenv:Body>
      <v2:retrieveDocumentRequest>
         <v2:messageContext>
            <v11:messageId>?</v11:messageId>
         </v2:messageContext>
         <v2:legalContext>ServiceIntegrator</v2:legalContext>
         <v2:request>
            <v12:receiverId xmlns:v12="http://fsb.belgium.be/einvoicing/simpleprior/v1_00">0463152333</v12:receiverId>
            <v12:senderId xmlns:v12="http://fsb.belgium.be/einvoicing/simpleprior/v1_00">0200013901</v12:senderId>
            <v12:documentType xmlns:v12="http://fsb.belgium.be/einvoicing/simpleprior/v1_00">380</v12:documentType>
            <v12:documentId xmlns:v12="http://fsb.belgium.be/einvoicing/simpleprior/v1_00">118120479086FAKDEC-20-5B</v12:documentId>         
         </v2:request>
      </v2:retrieveDocumentRequest>
   </soapenv:Body>
</soapenv:Envelope>]]></con:request><con:assertion type="SOAP Fault Assertion" id="eff2b1e0-6079-4e65-8467-2b3c776d67c8" name="Not SOAP Fault"/><con:assertion type="SOAP Response" id="99b12f3e-20ab-4c5c-996c-d71bd8428546" name="SOAP Response"/><con:assertion type="Schema Compliance" id="be1857a4-9317-409d-b025-8dfe1164e005" name="Schema Compliance"><con:configuration/></con:assertion><con:wsaConfig action="http://fidus.brussels/services/invoiceservice/retrieveDocument"/></con:request></con:config></con:testStep><con:properties/></con:testCase><con:testCase id="8e0493ae-1381-4f8e-8c10-2a78ecb8a552" failOnError="true" failTestCaseOnErrors="true" keepSession="false" maxResults="0" name="submitDocument" searchProperties="true"><con:settings/><con:testStep type="request" id="238a07bc-2315-4eae-a6b4-61d070905077" name="testcase4 - Staging - External - Request"><con:settings/><con:config xsi:type="con:RequestStep" xmlns:xsi="http://www.w3.org/2001/XMLSchema-instance"><con:interface>InvoiceServiceHTTPBinding</con:interface><con:operation>submitDocument</con:operation><con:request name="testcase4 - Staging - External - Request" id="1cf9f138-4c7d-4c2a-9fd1-084e5336822e" outgoingWss="Outflow STAG"><con:settings/><con:encoding>UTF-8</con:encoding><con:endpoint>https://fidus.irisnetlab.be/services/InvoiceService_v2.0</con:endpoint><con:request><![CDATA[<soapenv:Envelope xmlns:soapenv="http://schemas.xmlsoap.org/soap/envelope/" xmlns:v2="http://fidus.brussels/service/invoiceservice/messages/v2.0" xmlns:v1="http://fidus.brussels/service/invoiceservice/messages/v1.2" xmlns:v11="http://fidus.brussels/type/common/messages/v1" xmlns:urn="urn:oasis:names:specification:ubl:schema:xsd:ApplicationResponse-2" xmlns:urn1="urn:oasis:names:specification:ubl:schema:xsd:CommonExtensionComponents-2" xmlns:urn2="urn:oasis:names:specification:ubl:schema:xsd:CommonBasicComponents-2" xmlns:urn3="urn:oasis:names:specification:ubl:schema:xsd:CommonAggregateComponents-2">
   <soapenv:Header/>
   <soapenv:Body>
      <v2:submitDocumentRequest>
         <v2:messageContext>
            <v11:messageId>?</v11:messageId>
         </v2:messageContext>
         <v2:legalContext>ServiceIntegrator</v2:legalContext>
         <v2:request>
            <v12:document xmlns:v12="http://fsb.belgium.be/einvoicing/simpleprior/v1_00">                
            <Invoice xmlns="urn:oasis:names:specification:ubl:schema:xsd:Invoice-2"
                    xmlns:cbc="urn:oasis:names:specification:ubl:schema:xsd:CommonBasicComponents-2"
                    xmlns:cac="urn:oasis:names:specification:ubl:schema:xsd:CommonAggregateComponents-2">
               <cbc:UBLVersionID>2.1</cbc:UBLVersionID>
               <cbc:CustomizationID>urn:www.cenbii.eu:transaction:biitrns010:ver2.0:extended:urn:www.peppol.eu:bis:peppol5a:ver2.0</cbc:CustomizationID>
               <cbc:ProfileID>urn:www.cenbii.eu:profile:bii05:ver2.0</cbc:ProfileID>
               <cbc:ID>118120479086FAKNOV-13-5B</cbc:ID>
               <cbc:IssueDate>2018-06-12</cbc:IssueDate>
               <cbc:InvoiceTypeCode listID="UNCL1001">380</cbc:InvoiceTypeCode>
               <cbc:DocumentCurrencyCode listID="ISO4217">EUR</cbc:DocumentCurrencyCode>
               <cac:AccountingSupplierParty>
                  <cac:Party>
                     <cac:PartyIdentification>
                        <cbc:ID schemeID="BE:CBE">0200013901</cbc:ID>
                     </cac:PartyIdentification>
                     <cac:PartyName>
                        <cbc:Name>ACME</cbc:Name>
                     </cac:PartyName>
                     <cac:PostalAddress>
                        <cbc:StreetName>Simon Bolivarlaan 30/9</cbc:StreetName>
                        <cbc:CityName>BRUSSEL</cbc:CityName>
                        <cbc:PostalZone>1000</cbc:PostalZone>
                        <cac:Country>
                           <cbc:IdentificationCode listID="ISO3166-1:Alpha2">BE</cbc:IdentificationCode>
                        </cac:Country>
                     </cac:PostalAddress>
                     <cac:PartyTaxScheme>
                        <cbc:CompanyID schemeID="BE:VAT">BE0200013901</cbc:CompanyID>
                        <cac:TaxScheme>
                           <cbc:ID>VAT</cbc:ID>
                        </cac:TaxScheme>
                     </cac:PartyTaxScheme>
                     <cac:PartyLegalEntity>
                        <cbc:RegistrationName>D.W. Soft bvba</cbc:RegistrationName>
                        <cbc:CompanyID schemeID="BE:CBE">0200013901</cbc:CompanyID>
                     </cac:PartyLegalEntity>
                     <cac:Contact>
                        <cbc:ElectronicMail>dirk.willekens@dwsoft.be</cbc:ElectronicMail>
                     </cac:Contact>
                  </cac:Party>
               </cac:AccountingSupplierParty>
               <cac:AccountingCustomerParty>
                  <cac:Party>
                     <cac:PartyIdentification>
                        <cbc:ID schemeID="BE:CBE">2222222222</cbc:ID>
                     </cac:PartyIdentification>
                     <cac:PartyName>
                        <cbc:Name>Fake customer</cbc:Name>
                     </cac:PartyName>
                     <cac:PostalAddress>
                        <cbc:StreetName>Simon Bolivarlaan 34</cbc:StreetName>
                        <cbc:CityName>ANTWERPEN</cbc:CityName>
                        <cbc:PostalZone>2000</cbc:PostalZone>
                        <cac:Country>
                           <cbc:IdentificationCode listID="ISO3166-1:Alpha2">BE</cbc:IdentificationCode>
                        </cac:Country>
                     </cac:PostalAddress>
                     <cac:PartyTaxScheme>
                        <cbc:CompanyID schemeID="BE:VAT">BE2222222222</cbc:CompanyID>
                        <cac:TaxScheme>
                           <cbc:ID>VAT</cbc:ID>
                        </cac:TaxScheme>
                     </cac:PartyTaxScheme>
                     <cac:PartyLegalEntity>
                        <cbc:RegistrationName>Fake Customer</cbc:RegistrationName>
                        <cbc:CompanyID schemeID="BE:CBE">2222222222</cbc:CompanyID>
                     </cac:PartyLegalEntity>
                  </cac:Party>
               </cac:AccountingCustomerParty>
               <cac:PaymentMeans>
                  <cbc:PaymentMeansCode listID="UNCL4461">1</cbc:PaymentMeansCode>
                  <cbc:PaymentDueDate>2018-05-31</cbc:PaymentDueDate>
                  <cbc:PaymentChannelCode>IBAN</cbc:PaymentChannelCode>
                  <cbc:InstructionNote>SIMPLE TEST TO FAKE CUSTOMER</cbc:InstructionNote>
                  <cac:PayeeFinancialAccount>
                     <cbc:ID schemeID="IBAN">BE86736009252450</cbc:ID>
                     <cac:FinancialInstitutionBranch>
                        <cac:FinancialInstitution>
                           <cbc:ID schemeID="BIC">KREDBEBB</cbc:ID>
                        </cac:FinancialInstitution>
                     </cac:FinancialInstitutionBranch>
                  </cac:PayeeFinancialAccount>
               </cac:PaymentMeans>
               <cac:TaxTotal>
                  <cbc:TaxAmount currencyID="EUR">21.00</cbc:TaxAmount>
                  <cac:TaxSubtotal>
                     <cbc:TaxableAmount currencyID="EUR">100.00</cbc:TaxableAmount>
                     <cbc:TaxAmount currencyID="EUR">21.00</cbc:TaxAmount>
                     <cac:TaxCategory>
                        <cbc:ID schemeID="UNCL5305">S</cbc:ID>
                        <cbc:Percent>21.00</cbc:Percent>
                        <cac:TaxScheme>
                           <cbc:ID>VAT</cbc:ID>
                        </cac:TaxScheme>
                     </cac:TaxCategory>
                  </cac:TaxSubtotal>
               </cac:TaxTotal>
               <cac:LegalMonetaryTotal>
                  <cbc:LineExtensionAmount currencyID="EUR">100.00</cbc:LineExtensionAmount>
                  <cbc:TaxExclusiveAmount currencyID="EUR">100.00</cbc:TaxExclusiveAmount>
                  <cbc:TaxInclusiveAmount currencyID="EUR">121.00</cbc:TaxInclusiveAmount>
                  <cbc:PayableAmount currencyID="EUR">121.00</cbc:PayableAmount>
               </cac:LegalMonetaryTotal>
               <cac:InvoiceLine>
                  <cbc:ID>1</cbc:ID>
                  <cbc:InvoicedQuantity unitCode="NAR" unitCodeListID="UNECERec20">1.00</cbc:InvoicedQuantity>
                  <cbc:LineExtensionAmount currencyID="EUR">100.00</cbc:LineExtensionAmount>
                  <cac:TaxTotal>
                     <cbc:TaxAmount currencyID="EUR">21.00</cbc:TaxAmount>
                  </cac:TaxTotal>
                  <cac:Item>
                     <cbc:Description>Line1 description - may be long</cbc:Description>
                     <cbc:Name>Line1max50char</cbc:Name>
                     <cac:ClassifiedTaxCategory>
                        <cbc:ID schemeID="UNCL5305">S</cbc:ID>
                        <cbc:Percent>21.00</cbc:Percent>
                        <cac:TaxScheme>
                           <cbc:ID>VAT</cbc:ID>
                        </cac:TaxScheme>
                     </cac:ClassifiedTaxCategory>
                  </cac:Item>
                  <cac:Price>
                     <cbc:PriceAmount currencyID="EUR">100.00</cbc:PriceAmount>
                     <cbc:BaseQuantity>1.00</cbc:BaseQuantity>
                  </cac:Price>
               </cac:InvoiceLine>
            </Invoice>
            </v12:document>
         </v2:request>
      </v2:submitDocumentRequest>
   </soapenv:Body>
</soapenv:Envelope>]]></con:request><con:assertion type="SOAP Fault Assertion" id="2abf2d6c-3934-46bb-b3c0-48f217fd6cef" name="Not SOAP Fault"/><con:assertion type="SOAP Response" id="6bcccb92-d055-424a-83b2-9ff0fb83ffc0" name="SOAP Response"/><con:assertion type="Schema Compliance" id="be6eab20-942c-4778-9905-1afbad241d67" name="Schema Compliance"><con:configuration/></con:assertion><con:wsaConfig action="http://fidus.brussels/services/invoiceservice/submitDocument"/></con:request></con:config></con:testStep><con:testStep type="request" id="36ac45e1-a327-4e63-9be4-d32ac1cc8613" name="testcase4 - Staging - LB - Request"><con:settings/><con:config xsi:type="con:RequestStep" xmlns:xsi="http://www.w3.org/2001/XMLSchema-instance"><con:interface>InvoiceServiceHTTPBinding</con:interface><con:operation>submitDocument</con:operation><con:request name="testcase4 - Staging - LB - Request" id="0c620417-2a13-4d00-818c-0cdccf1b9a2f" outgoingWss="Outflow STAG"><con:settings/><con:encoding>UTF-8</con:encoding><con:endpoint>https://fidus-esb-sg.sta.srv.cirb.lan:8443/services/InvoiceService_v2.0</con:endpoint><con:request><![CDATA[<soapenv:Envelope xmlns:soapenv="http://schemas.xmlsoap.org/soap/envelope/" xmlns:v2="http://fidus.brussels/service/invoiceservice/messages/v2.0" xmlns:v1="http://fidus.brussels/service/invoiceservice/messages/v1.2" xmlns:v11="http://fidus.brussels/type/common/messages/v1" xmlns:urn="urn:oasis:names:specification:ubl:schema:xsd:ApplicationResponse-2" xmlns:urn1="urn:oasis:names:specification:ubl:schema:xsd:CommonExtensionComponents-2" xmlns:urn2="urn:oasis:names:specification:ubl:schema:xsd:CommonBasicComponents-2" xmlns:urn3="urn:oasis:names:specification:ubl:schema:xsd:CommonAggregateComponents-2">
   <soapenv:Header/>
   <soapenv:Body>
      <v2:submitDocumentRequest>
         <v2:messageContext>
            <v11:messageId>?</v11:messageId>
         </v2:messageContext>
         <v2:legalContext>ServiceIntegrator</v2:legalContext>
         <v2:request>
            <v12:document xmlns:v12="http://fsb.belgium.be/einvoicing/simpleprior/v1_00">                
            <Invoice xmlns="urn:oasis:names:specification:ubl:schema:xsd:Invoice-2"
                    xmlns:cbc="urn:oasis:names:specification:ubl:schema:xsd:CommonBasicComponents-2"
                    xmlns:cac="urn:oasis:names:specification:ubl:schema:xsd:CommonAggregateComponents-2">
               <cbc:UBLVersionID>2.1</cbc:UBLVersionID>
               <cbc:CustomizationID>urn:www.cenbii.eu:transaction:biitrns010:ver2.0:extended:urn:www.peppol.eu:bis:peppol5a:ver2.0</cbc:CustomizationID>
               <cbc:ProfileID>urn:www.cenbii.eu:profile:bii05:ver2.0</cbc:ProfileID>
               <cbc:ID>118120479086FAKNOV-13-5B</cbc:ID>
               <cbc:IssueDate>2018-06-12</cbc:IssueDate>
               <cbc:InvoiceTypeCode listID="UNCL1001">380</cbc:InvoiceTypeCode>
               <cbc:DocumentCurrencyCode listID="ISO4217">EUR</cbc:DocumentCurrencyCode>
               <cac:AccountingSupplierParty>
                  <cac:Party>
                     <cac:PartyIdentification>
                        <cbc:ID schemeID="BE:CBE">0200013901</cbc:ID>
                     </cac:PartyIdentification>
                     <cac:PartyName>
                        <cbc:Name>ACME</cbc:Name>
                     </cac:PartyName>
                     <cac:PostalAddress>
                        <cbc:StreetName>Simon Bolivarlaan 30/9</cbc:StreetName>
                        <cbc:CityName>BRUSSEL</cbc:CityName>
                        <cbc:PostalZone>1000</cbc:PostalZone>
                        <cac:Country>
                           <cbc:IdentificationCode listID="ISO3166-1:Alpha2">BE</cbc:IdentificationCode>
                        </cac:Country>
                     </cac:PostalAddress>
                     <cac:PartyTaxScheme>
                        <cbc:CompanyID schemeID="BE:VAT">BE0200013901</cbc:CompanyID>
                        <cac:TaxScheme>
                           <cbc:ID>VAT</cbc:ID>
                        </cac:TaxScheme>
                     </cac:PartyTaxScheme>
                     <cac:PartyLegalEntity>
                        <cbc:RegistrationName>D.W. Soft bvba</cbc:RegistrationName>
                        <cbc:CompanyID schemeID="BE:CBE">0200013901</cbc:CompanyID>
                     </cac:PartyLegalEntity>
                     <cac:Contact>
                        <cbc:ElectronicMail>dirk.willekens@dwsoft.be</cbc:ElectronicMail>
                     </cac:Contact>
                  </cac:Party>
               </cac:AccountingSupplierParty>
               <cac:AccountingCustomerParty>
                  <cac:Party>
                     <cac:PartyIdentification>
                        <cbc:ID schemeID="BE:CBE">2222222222</cbc:ID>
                     </cac:PartyIdentification>
                     <cac:PartyName>
                        <cbc:Name>Fake customer</cbc:Name>
                     </cac:PartyName>
                     <cac:PostalAddress>
                        <cbc:StreetName>Simon Bolivarlaan 34</cbc:StreetName>
                        <cbc:CityName>ANTWERPEN</cbc:CityName>
                        <cbc:PostalZone>2000</cbc:PostalZone>
                        <cac:Country>
                           <cbc:IdentificationCode listID="ISO3166-1:Alpha2">BE</cbc:IdentificationCode>
                        </cac:Country>
                     </cac:PostalAddress>
                     <cac:PartyTaxScheme>
                        <cbc:CompanyID schemeID="BE:VAT">BE2222222222</cbc:CompanyID>
                        <cac:TaxScheme>
                           <cbc:ID>VAT</cbc:ID>
                        </cac:TaxScheme>
                     </cac:PartyTaxScheme>
                     <cac:PartyLegalEntity>
                        <cbc:RegistrationName>Fake Customer</cbc:RegistrationName>
                        <cbc:CompanyID schemeID="BE:CBE">2222222222</cbc:CompanyID>
                     </cac:PartyLegalEntity>
                  </cac:Party>
               </cac:AccountingCustomerParty>
               <cac:PaymentMeans>
                  <cbc:PaymentMeansCode listID="UNCL4461">1</cbc:PaymentMeansCode>
                  <cbc:PaymentDueDate>2018-05-31</cbc:PaymentDueDate>
                  <cbc:PaymentChannelCode>IBAN</cbc:PaymentChannelCode>
                  <cbc:InstructionNote>SIMPLE TEST TO FAKE CUSTOMER</cbc:InstructionNote>
                  <cac:PayeeFinancialAccount>
                     <cbc:ID schemeID="IBAN">BE86736009252450</cbc:ID>
                     <cac:FinancialInstitutionBranch>
                        <cac:FinancialInstitution>
                           <cbc:ID schemeID="BIC">KREDBEBB</cbc:ID>
                        </cac:FinancialInstitution>
                     </cac:FinancialInstitutionBranch>
                  </cac:PayeeFinancialAccount>
               </cac:PaymentMeans>
               <cac:TaxTotal>
                  <cbc:TaxAmount currencyID="EUR">21.00</cbc:TaxAmount>
                  <cac:TaxSubtotal>
                     <cbc:TaxableAmount currencyID="EUR">100.00</cbc:TaxableAmount>
                     <cbc:TaxAmount currencyID="EUR">21.00</cbc:TaxAmount>
                     <cac:TaxCategory>
                        <cbc:ID schemeID="UNCL5305">S</cbc:ID>
                        <cbc:Percent>21.00</cbc:Percent>
                        <cac:TaxScheme>
                           <cbc:ID>VAT</cbc:ID>
                        </cac:TaxScheme>
                     </cac:TaxCategory>
                  </cac:TaxSubtotal>
               </cac:TaxTotal>
               <cac:LegalMonetaryTotal>
                  <cbc:LineExtensionAmount currencyID="EUR">100.00</cbc:LineExtensionAmount>
                  <cbc:TaxExclusiveAmount currencyID="EUR">100.00</cbc:TaxExclusiveAmount>
                  <cbc:TaxInclusiveAmount currencyID="EUR">121.00</cbc:TaxInclusiveAmount>
                  <cbc:PayableAmount currencyID="EUR">121.00</cbc:PayableAmount>
               </cac:LegalMonetaryTotal>
               <cac:InvoiceLine>
                  <cbc:ID>1</cbc:ID>
                  <cbc:InvoicedQuantity unitCode="NAR" unitCodeListID="UNECERec20">1.00</cbc:InvoicedQuantity>
                  <cbc:LineExtensionAmount currencyID="EUR">100.00</cbc:LineExtensionAmount>
                  <cac:TaxTotal>
                     <cbc:TaxAmount currencyID="EUR">21.00</cbc:TaxAmount>
                  </cac:TaxTotal>
                  <cac:Item>
                     <cbc:Description>Line1 description - may be long</cbc:Description>
                     <cbc:Name>Line1max50char</cbc:Name>
                     <cac:ClassifiedTaxCategory>
                        <cbc:ID schemeID="UNCL5305">S</cbc:ID>
                        <cbc:Percent>21.00</cbc:Percent>
                        <cac:TaxScheme>
                           <cbc:ID>VAT</cbc:ID>
                        </cac:TaxScheme>
                     </cac:ClassifiedTaxCategory>
                  </cac:Item>
                  <cac:Price>
                     <cbc:PriceAmount currencyID="EUR">100.00</cbc:PriceAmount>
                     <cbc:BaseQuantity>1.00</cbc:BaseQuantity>
                  </cac:Price>
               </cac:InvoiceLine>
            </Invoice>
            </v12:document>
         </v2:request>
      </v2:submitDocumentRequest>
   </soapenv:Body>
</soapenv:Envelope>]]></con:request><con:assertion type="SOAP Fault Assertion" id="63224a9e-f128-44c2-9244-53c56d95f47b" name="Not SOAP Fault"/><con:assertion type="SOAP Response" id="6a270bdb-401d-40ff-8591-01ee459e0e4e" name="SOAP Response"/><con:assertion type="Schema Compliance" id="f0890e9f-a354-4f1f-8aa4-8ff2c2a2ff44" name="Schema Compliance"><con:configuration/></con:assertion><con:wsaConfig action="http://fidus.brussels/services/invoiceservice/submitDocument"/></con:request></con:config></con:testStep><con:testStep type="request" id="d7f80f5c-ef4c-4b24-bbac-d2531ac39ff2" name="testcase4 - Staging - Worker1 - Request"><con:settings/><con:config xsi:type="con:RequestStep" xmlns:xsi="http://www.w3.org/2001/XMLSchema-instance"><con:interface>InvoiceServiceHTTPBinding</con:interface><con:operation>submitDocument</con:operation><con:request name="testcase4 - Staging - Worker1 - Request" id="5431363e-67b4-46dd-a884-1dbe302ff699" outgoingWss="Outflow STAG"><con:settings/><con:encoding>UTF-8</con:encoding><con:endpoint>https://192.168.24.16:8443/services/InvoiceService_v2.0</con:endpoint><con:request><![CDATA[<soapenv:Envelope xmlns:soapenv="http://schemas.xmlsoap.org/soap/envelope/" xmlns:v2="http://fidus.brussels/service/invoiceservice/messages/v2.0" xmlns:v1="http://fidus.brussels/service/invoiceservice/messages/v1.2" xmlns:v11="http://fidus.brussels/type/common/messages/v1" xmlns:urn="urn:oasis:names:specification:ubl:schema:xsd:ApplicationResponse-2" xmlns:urn1="urn:oasis:names:specification:ubl:schema:xsd:CommonExtensionComponents-2" xmlns:urn2="urn:oasis:names:specification:ubl:schema:xsd:CommonBasicComponents-2" xmlns:urn3="urn:oasis:names:specification:ubl:schema:xsd:CommonAggregateComponents-2">
   <soapenv:Header/>
   <soapenv:Body>
      <v2:submitDocumentRequest>
         <v2:messageContext>
            <v11:messageId>?</v11:messageId>
         </v2:messageContext>
         <v2:legalContext>ServiceIntegrator</v2:legalContext>
         <v2:request>
            <v12:document xmlns:v12="http://fsb.belgium.be/einvoicing/simpleprior/v1_00">                
            <Invoice xmlns="urn:oasis:names:specification:ubl:schema:xsd:Invoice-2"
                    xmlns:cbc="urn:oasis:names:specification:ubl:schema:xsd:CommonBasicComponents-2"
                    xmlns:cac="urn:oasis:names:specification:ubl:schema:xsd:CommonAggregateComponents-2">
               <cbc:UBLVersionID>2.1</cbc:UBLVersionID>
               <cbc:CustomizationID>urn:www.cenbii.eu:transaction:biitrns010:ver2.0:extended:urn:www.peppol.eu:bis:peppol5a:ver2.0</cbc:CustomizationID>
               <cbc:ProfileID>urn:www.cenbii.eu:profile:bii05:ver2.0</cbc:ProfileID>
               <cbc:ID>118120479086FAKNOV-13-5B</cbc:ID>
               <cbc:IssueDate>2018-06-12</cbc:IssueDate>
               <cbc:InvoiceTypeCode listID="UNCL1001">380</cbc:InvoiceTypeCode>
               <cbc:DocumentCurrencyCode listID="ISO4217">EUR</cbc:DocumentCurrencyCode>
               <cac:AccountingSupplierParty>
                  <cac:Party>
                     <cac:PartyIdentification>
                        <cbc:ID schemeID="BE:CBE">0200013901</cbc:ID>
                     </cac:PartyIdentification>
                     <cac:PartyName>
                        <cbc:Name>ACME</cbc:Name>
                     </cac:PartyName>
                     <cac:PostalAddress>
                        <cbc:StreetName>Simon Bolivarlaan 30/9</cbc:StreetName>
                        <cbc:CityName>BRUSSEL</cbc:CityName>
                        <cbc:PostalZone>1000</cbc:PostalZone>
                        <cac:Country>
                           <cbc:IdentificationCode listID="ISO3166-1:Alpha2">BE</cbc:IdentificationCode>
                        </cac:Country>
                     </cac:PostalAddress>
                     <cac:PartyTaxScheme>
                        <cbc:CompanyID schemeID="BE:VAT">BE0200013901</cbc:CompanyID>
                        <cac:TaxScheme>
                           <cbc:ID>VAT</cbc:ID>
                        </cac:TaxScheme>
                     </cac:PartyTaxScheme>
                     <cac:PartyLegalEntity>
                        <cbc:RegistrationName>D.W. Soft bvba</cbc:RegistrationName>
                        <cbc:CompanyID schemeID="BE:CBE">0200013901</cbc:CompanyID>
                     </cac:PartyLegalEntity>
                     <cac:Contact>
                        <cbc:ElectronicMail>dirk.willekens@dwsoft.be</cbc:ElectronicMail>
                     </cac:Contact>
                  </cac:Party>
               </cac:AccountingSupplierParty>
               <cac:AccountingCustomerParty>
                  <cac:Party>
                     <cac:PartyIdentification>
                        <cbc:ID schemeID="BE:CBE">2222222222</cbc:ID>
                     </cac:PartyIdentification>
                     <cac:PartyName>
                        <cbc:Name>Fake customer</cbc:Name>
                     </cac:PartyName>
                     <cac:PostalAddress>
                        <cbc:StreetName>Simon Bolivarlaan 34</cbc:StreetName>
                        <cbc:CityName>ANTWERPEN</cbc:CityName>
                        <cbc:PostalZone>2000</cbc:PostalZone>
                        <cac:Country>
                           <cbc:IdentificationCode listID="ISO3166-1:Alpha2">BE</cbc:IdentificationCode>
                        </cac:Country>
                     </cac:PostalAddress>
                     <cac:PartyTaxScheme>
                        <cbc:CompanyID schemeID="BE:VAT">BE2222222222</cbc:CompanyID>
                        <cac:TaxScheme>
                           <cbc:ID>VAT</cbc:ID>
                        </cac:TaxScheme>
                     </cac:PartyTaxScheme>
                     <cac:PartyLegalEntity>
                        <cbc:RegistrationName>Fake Customer</cbc:RegistrationName>
                        <cbc:CompanyID schemeID="BE:CBE">2222222222</cbc:CompanyID>
                     </cac:PartyLegalEntity>
                  </cac:Party>
               </cac:AccountingCustomerParty>
               <cac:PaymentMeans>
                  <cbc:PaymentMeansCode listID="UNCL4461">1</cbc:PaymentMeansCode>
                  <cbc:PaymentDueDate>2018-05-31</cbc:PaymentDueDate>
                  <cbc:PaymentChannelCode>IBAN</cbc:PaymentChannelCode>
                  <cbc:InstructionNote>SIMPLE TEST TO FAKE CUSTOMER</cbc:InstructionNote>
                  <cac:PayeeFinancialAccount>
                     <cbc:ID schemeID="IBAN">BE86736009252450</cbc:ID>
                     <cac:FinancialInstitutionBranch>
                        <cac:FinancialInstitution>
                           <cbc:ID schemeID="BIC">KREDBEBB</cbc:ID>
                        </cac:FinancialInstitution>
                     </cac:FinancialInstitutionBranch>
                  </cac:PayeeFinancialAccount>
               </cac:PaymentMeans>
               <cac:TaxTotal>
                  <cbc:TaxAmount currencyID="EUR">21.00</cbc:TaxAmount>
                  <cac:TaxSubtotal>
                     <cbc:TaxableAmount currencyID="EUR">100.00</cbc:TaxableAmount>
                     <cbc:TaxAmount currencyID="EUR">21.00</cbc:TaxAmount>
                     <cac:TaxCategory>
                        <cbc:ID schemeID="UNCL5305">S</cbc:ID>
                        <cbc:Percent>21.00</cbc:Percent>
                        <cac:TaxScheme>
                           <cbc:ID>VAT</cbc:ID>
                        </cac:TaxScheme>
                     </cac:TaxCategory>
                  </cac:TaxSubtotal>
               </cac:TaxTotal>
               <cac:LegalMonetaryTotal>
                  <cbc:LineExtensionAmount currencyID="EUR">100.00</cbc:LineExtensionAmount>
                  <cbc:TaxExclusiveAmount currencyID="EUR">100.00</cbc:TaxExclusiveAmount>
                  <cbc:TaxInclusiveAmount currencyID="EUR">121.00</cbc:TaxInclusiveAmount>
                  <cbc:PayableAmount currencyID="EUR">121.00</cbc:PayableAmount>
               </cac:LegalMonetaryTotal>
               <cac:InvoiceLine>
                  <cbc:ID>1</cbc:ID>
                  <cbc:InvoicedQuantity unitCode="NAR" unitCodeListID="UNECERec20">1.00</cbc:InvoicedQuantity>
                  <cbc:LineExtensionAmount currencyID="EUR">100.00</cbc:LineExtensionAmount>
                  <cac:TaxTotal>
                     <cbc:TaxAmount currencyID="EUR">21.00</cbc:TaxAmount>
                  </cac:TaxTotal>
                  <cac:Item>
                     <cbc:Description>Line1 description - may be long</cbc:Description>
                     <cbc:Name>Line1max50char</cbc:Name>
                     <cac:ClassifiedTaxCategory>
                        <cbc:ID schemeID="UNCL5305">S</cbc:ID>
                        <cbc:Percent>21.00</cbc:Percent>
                        <cac:TaxScheme>
                           <cbc:ID>VAT</cbc:ID>
                        </cac:TaxScheme>
                     </cac:ClassifiedTaxCategory>
                  </cac:Item>
                  <cac:Price>
                     <cbc:PriceAmount currencyID="EUR">100.00</cbc:PriceAmount>
                     <cbc:BaseQuantity>1.00</cbc:BaseQuantity>
                  </cac:Price>
               </cac:InvoiceLine>
            </Invoice>
            </v12:document>
         </v2:request>
      </v2:submitDocumentRequest>
   </soapenv:Body>
</soapenv:Envelope>]]></con:request><con:assertion type="SOAP Fault Assertion" id="46903336-6a8f-482d-b450-f515b475d68d" name="Not SOAP Fault"/><con:assertion type="SOAP Response" id="f345c58f-8518-4a2b-a3f9-aa176d4d8b4e" name="SOAP Response"/><con:assertion type="Schema Compliance" id="2c66333e-a00c-40af-b010-3fc0de690fdf" name="Schema Compliance"><con:configuration/></con:assertion><con:wsaConfig action="http://fidus.brussels/services/invoiceservice/submitDocument"/></con:request></con:config></con:testStep><con:testStep type="request" id="6a67dffc-01b6-440c-a1f4-c3ba8755288b" name="testcase4 - Staging - Worker2 - Request"><con:settings/><con:config xsi:type="con:RequestStep" xmlns:xsi="http://www.w3.org/2001/XMLSchema-instance"><con:interface>InvoiceServiceHTTPBinding</con:interface><con:operation>submitDocument</con:operation><con:request name="testcase4 - Staging - Worker2 - Request" id="a63ad7d6-8fcd-4498-969c-2c4447a7801a" outgoingWss="Outflow STAG"><con:settings/><con:encoding>UTF-8</con:encoding><con:endpoint>https://192.168.24.17:8443/services/InvoiceService_v2.0</con:endpoint><con:request><![CDATA[<soapenv:Envelope xmlns:soapenv="http://schemas.xmlsoap.org/soap/envelope/" xmlns:v2="http://fidus.brussels/service/invoiceservice/messages/v2.0" xmlns:v1="http://fidus.brussels/service/invoiceservice/messages/v1.2" xmlns:v11="http://fidus.brussels/type/common/messages/v1" xmlns:urn="urn:oasis:names:specification:ubl:schema:xsd:ApplicationResponse-2" xmlns:urn1="urn:oasis:names:specification:ubl:schema:xsd:CommonExtensionComponents-2" xmlns:urn2="urn:oasis:names:specification:ubl:schema:xsd:CommonBasicComponents-2" xmlns:urn3="urn:oasis:names:specification:ubl:schema:xsd:CommonAggregateComponents-2">
   <soapenv:Header/>
   <soapenv:Body>
      <v2:submitDocumentRequest>
         <v2:messageContext>
            <v11:messageId>?</v11:messageId>
         </v2:messageContext>
         <v2:legalContext>ServiceIntegrator</v2:legalContext>
         <v2:request>
            <v12:document xmlns:v12="http://fsb.belgium.be/einvoicing/simpleprior/v1_00">                
            <Invoice xmlns="urn:oasis:names:specification:ubl:schema:xsd:Invoice-2"
                    xmlns:cbc="urn:oasis:names:specification:ubl:schema:xsd:CommonBasicComponents-2"
                    xmlns:cac="urn:oasis:names:specification:ubl:schema:xsd:CommonAggregateComponents-2">
               <cbc:UBLVersionID>2.1</cbc:UBLVersionID>
               <cbc:CustomizationID>urn:www.cenbii.eu:transaction:biitrns010:ver2.0:extended:urn:www.peppol.eu:bis:peppol5a:ver2.0</cbc:CustomizationID>
               <cbc:ProfileID>urn:www.cenbii.eu:profile:bii05:ver2.0</cbc:ProfileID>
               <cbc:ID>118120479086FAKNOV-13-5B</cbc:ID>
               <cbc:IssueDate>2018-06-12</cbc:IssueDate>
               <cbc:InvoiceTypeCode listID="UNCL1001">380</cbc:InvoiceTypeCode>
               <cbc:DocumentCurrencyCode listID="ISO4217">EUR</cbc:DocumentCurrencyCode>
               <cac:AccountingSupplierParty>
                  <cac:Party>
                     <cac:PartyIdentification>
                        <cbc:ID schemeID="BE:CBE">0200013901</cbc:ID>
                     </cac:PartyIdentification>
                     <cac:PartyName>
                        <cbc:Name>ACME</cbc:Name>
                     </cac:PartyName>
                     <cac:PostalAddress>
                        <cbc:StreetName>Simon Bolivarlaan 30/9</cbc:StreetName>
                        <cbc:CityName>BRUSSEL</cbc:CityName>
                        <cbc:PostalZone>1000</cbc:PostalZone>
                        <cac:Country>
                           <cbc:IdentificationCode listID="ISO3166-1:Alpha2">BE</cbc:IdentificationCode>
                        </cac:Country>
                     </cac:PostalAddress>
                     <cac:PartyTaxScheme>
                        <cbc:CompanyID schemeID="BE:VAT">BE0200013901</cbc:CompanyID>
                        <cac:TaxScheme>
                           <cbc:ID>VAT</cbc:ID>
                        </cac:TaxScheme>
                     </cac:PartyTaxScheme>
                     <cac:PartyLegalEntity>
                        <cbc:RegistrationName>D.W. Soft bvba</cbc:RegistrationName>
                        <cbc:CompanyID schemeID="BE:CBE">0200013901</cbc:CompanyID>
                     </cac:PartyLegalEntity>
                     <cac:Contact>
                        <cbc:ElectronicMail>dirk.willekens@dwsoft.be</cbc:ElectronicMail>
                     </cac:Contact>
                  </cac:Party>
               </cac:AccountingSupplierParty>
               <cac:AccountingCustomerParty>
                  <cac:Party>
                     <cac:PartyIdentification>
                        <cbc:ID schemeID="BE:CBE">2222222222</cbc:ID>
                     </cac:PartyIdentification>
                     <cac:PartyName>
                        <cbc:Name>Fake customer</cbc:Name>
                     </cac:PartyName>
                     <cac:PostalAddress>
                        <cbc:StreetName>Simon Bolivarlaan 34</cbc:StreetName>
                        <cbc:CityName>ANTWERPEN</cbc:CityName>
                        <cbc:PostalZone>2000</cbc:PostalZone>
                        <cac:Country>
                           <cbc:IdentificationCode listID="ISO3166-1:Alpha2">BE</cbc:IdentificationCode>
                        </cac:Country>
                     </cac:PostalAddress>
                     <cac:PartyTaxScheme>
                        <cbc:CompanyID schemeID="BE:VAT">BE2222222222</cbc:CompanyID>
                        <cac:TaxScheme>
                           <cbc:ID>VAT</cbc:ID>
                        </cac:TaxScheme>
                     </cac:PartyTaxScheme>
                     <cac:PartyLegalEntity>
                        <cbc:RegistrationName>Fake Customer</cbc:RegistrationName>
                        <cbc:CompanyID schemeID="BE:CBE">2222222222</cbc:CompanyID>
                     </cac:PartyLegalEntity>
                  </cac:Party>
               </cac:AccountingCustomerParty>
               <cac:PaymentMeans>
                  <cbc:PaymentMeansCode listID="UNCL4461">1</cbc:PaymentMeansCode>
                  <cbc:PaymentDueDate>2018-05-31</cbc:PaymentDueDate>
                  <cbc:PaymentChannelCode>IBAN</cbc:PaymentChannelCode>
                  <cbc:InstructionNote>SIMPLE TEST TO FAKE CUSTOMER</cbc:InstructionNote>
                  <cac:PayeeFinancialAccount>
                     <cbc:ID schemeID="IBAN">BE86736009252450</cbc:ID>
                     <cac:FinancialInstitutionBranch>
                        <cac:FinancialInstitution>
                           <cbc:ID schemeID="BIC">KREDBEBB</cbc:ID>
                        </cac:FinancialInstitution>
                     </cac:FinancialInstitutionBranch>
                  </cac:PayeeFinancialAccount>
               </cac:PaymentMeans>
               <cac:TaxTotal>
                  <cbc:TaxAmount currencyID="EUR">21.00</cbc:TaxAmount>
                  <cac:TaxSubtotal>
                     <cbc:TaxableAmount currencyID="EUR">100.00</cbc:TaxableAmount>
                     <cbc:TaxAmount currencyID="EUR">21.00</cbc:TaxAmount>
                     <cac:TaxCategory>
                        <cbc:ID schemeID="UNCL5305">S</cbc:ID>
                        <cbc:Percent>21.00</cbc:Percent>
                        <cac:TaxScheme>
                           <cbc:ID>VAT</cbc:ID>
                        </cac:TaxScheme>
                     </cac:TaxCategory>
                  </cac:TaxSubtotal>
               </cac:TaxTotal>
               <cac:LegalMonetaryTotal>
                  <cbc:LineExtensionAmount currencyID="EUR">100.00</cbc:LineExtensionAmount>
                  <cbc:TaxExclusiveAmount currencyID="EUR">100.00</cbc:TaxExclusiveAmount>
                  <cbc:TaxInclusiveAmount currencyID="EUR">121.00</cbc:TaxInclusiveAmount>
                  <cbc:PayableAmount currencyID="EUR">121.00</cbc:PayableAmount>
               </cac:LegalMonetaryTotal>
               <cac:InvoiceLine>
                  <cbc:ID>1</cbc:ID>
                  <cbc:InvoicedQuantity unitCode="NAR" unitCodeListID="UNECERec20">1.00</cbc:InvoicedQuantity>
                  <cbc:LineExtensionAmount currencyID="EUR">100.00</cbc:LineExtensionAmount>
                  <cac:TaxTotal>
                     <cbc:TaxAmount currencyID="EUR">21.00</cbc:TaxAmount>
                  </cac:TaxTotal>
                  <cac:Item>
                     <cbc:Description>Line1 description - may be long</cbc:Description>
                     <cbc:Name>Line1max50char</cbc:Name>
                     <cac:ClassifiedTaxCategory>
                        <cbc:ID schemeID="UNCL5305">S</cbc:ID>
                        <cbc:Percent>21.00</cbc:Percent>
                        <cac:TaxScheme>
                           <cbc:ID>VAT</cbc:ID>
                        </cac:TaxScheme>
                     </cac:ClassifiedTaxCategory>
                  </cac:Item>
                  <cac:Price>
                     <cbc:PriceAmount currencyID="EUR">100.00</cbc:PriceAmount>
                     <cbc:BaseQuantity>1.00</cbc:BaseQuantity>
                  </cac:Price>
               </cac:InvoiceLine>
            </Invoice>
            </v12:document>
         </v2:request>
      </v2:submitDocumentRequest>
   </soapenv:Body>
</soapenv:Envelope>]]></con:request><con:assertion type="SOAP Fault Assertion" id="79fad4c8-edf6-435e-9e2a-3a401cbc6b84" name="Not SOAP Fault"/><con:assertion type="SOAP Response" id="e1029e7a-3a0a-4119-9d2e-6023b485d84a" name="SOAP Response"/><con:assertion type="Schema Compliance" id="d4506cc3-fe02-47c1-84e5-ff247c258841" name="Schema Compliance"><con:configuration/></con:assertion><con:wsaConfig action="http://fidus.brussels/services/invoiceservice/submitDocument"/></con:request></con:config></con:testStep><con:properties/></con:testCase><con:testCase id="459377e4-5092-4890-9619-3f4e513ea8dc" failOnError="true" failTestCaseOnErrors="true" keepSession="false" maxResults="0" name="submitInboxRequest" searchProperties="true"><con:settings/><con:testStep type="request" id="3026ab09-96e2-4091-87b7-fce30b19cdc6" name="testcase4 - Staging - External - Request"><con:settings/><con:config xsi:type="con:RequestStep" xmlns:xsi="http://www.w3.org/2001/XMLSchema-instance"><con:interface>InvoiceServiceHTTPBinding</con:interface><con:operation>submitInboxRequest</con:operation><con:request name="testcase4 - Staging - External - Request" id="47af0deb-6c31-4931-9649-6c1cd21864a3" outgoingWss="Outflow STAG"><con:settings/><con:encoding>UTF-8</con:encoding><con:endpoint>https://fidus.irisnetlab.be/services/InvoiceService_v2.0</con:endpoint><con:request><![CDATA[<soapenv:Envelope xmlns:soapenv="http://schemas.xmlsoap.org/soap/envelope/" xmlns:v2="http://fidus.brussels/service/invoiceservice/messages/v2.0" xmlns:v11="http://fidus.brussels/type/common/messages/v1">
   <soapenv:Header/>
   <soapenv:Body>
      <v2:submitInboxRequestRequest>
         <v2:messageContext>
            <v11:messageId>?</v11:messageId>
         </v2:messageContext>
         <v2:legalContext>ServiceIntegrator</v2:legalContext>
         <v2:request>
            <v12:receiverId xmlns:v12="http://fsb.belgium.be/einvoicing/simpleprior/v1_00">2222222222</v12:receiverId>
            <v12:senderId xmlns:v12="http://fsb.belgium.be/einvoicing/simpleprior/v1_00">0200013901</v12:senderId>        
         </v2:request>
      </v2:submitInboxRequestRequest>
   </soapenv:Body>
</soapenv:Envelope>]]></con:request><con:assertion type="SOAP Fault Assertion" id="cad1f7cf-16ae-4549-8c32-869a3f248bef" name="Not SOAP Fault"/><con:assertion type="SOAP Response" id="eee91514-fed9-4828-ac79-2bdcb7e2d431" name="SOAP Response"/><con:assertion type="Schema Compliance" id="93393bab-bf46-48da-b94c-2002b22687aa" name="Schema Compliance"><con:configuration/></con:assertion><con:wsaConfig action="http://fidus.brussels/services/invoiceservice/submitInboxRequest"/></con:request></con:config></con:testStep><con:testStep type="request" id="142faa0c-4f7f-4fe8-b385-3a663e5aaaf2" name="testcase4 - Staging - LB - Request"><con:settings/><con:config xsi:type="con:RequestStep" xmlns:xsi="http://www.w3.org/2001/XMLSchema-instance"><con:interface>InvoiceServiceHTTPBinding</con:interface><con:operation>submitInboxRequest</con:operation><con:request name="testcase4 - Staging - LB - Request" id="56be225a-22b5-42a4-9650-e6e0c06f21b8" outgoingWss="Outflow STAG"><con:settings/><con:encoding>UTF-8</con:encoding><con:endpoint>https://fidus-esb-sg.sta.srv.cirb.lan:8443/services/InvoiceService_v2.0</con:endpoint><con:request><![CDATA[<soapenv:Envelope xmlns:soapenv="http://schemas.xmlsoap.org/soap/envelope/" xmlns:v2="http://fidus.brussels/service/invoiceservice/messages/v2.0" xmlns:v11="http://fidus.brussels/type/common/messages/v1">
   <soapenv:Header/>
   <soapenv:Body>
      <v2:submitInboxRequestRequest>
         <v2:messageContext>
            <v11:messageId>?</v11:messageId>
         </v2:messageContext>
         <v2:legalContext>ServiceIntegrator</v2:legalContext>
         <v2:request>
            <v12:receiverId xmlns:v12="http://fsb.belgium.be/einvoicing/simpleprior/v1_00">2222222222</v12:receiverId>
            <v12:senderId xmlns:v12="http://fsb.belgium.be/einvoicing/simpleprior/v1_00">0200013901</v12:senderId>        
         </v2:request>
      </v2:submitInboxRequestRequest>
   </soapenv:Body>
</soapenv:Envelope>]]></con:request><con:assertion type="SOAP Fault Assertion" id="1b1d656b-714f-445b-8717-16f03432bd47" name="Not SOAP Fault"/><con:assertion type="SOAP Response" id="90515e85-3772-4c1d-b16b-4a3a441fe8a0" name="SOAP Response"/><con:assertion type="Schema Compliance" id="24f687f8-1412-4e0f-ba1f-cf76f4d20573" name="Schema Compliance"><con:configuration/></con:assertion><con:wsaConfig action="http://fidus.brussels/services/invoiceservice/submitInboxRequest"/></con:request></con:config></con:testStep><con:testStep type="request" id="6af86a76-291d-4c9c-b789-ee9bd4e00c0d" name="testcase4 - Staging - Worker1 - Request"><con:settings/><con:config xsi:type="con:RequestStep" xmlns:xsi="http://www.w3.org/2001/XMLSchema-instance"><con:interface>InvoiceServiceHTTPBinding</con:interface><con:operation>submitInboxRequest</con:operation><con:request name="testcase4 - Staging - Worker1 - Request" id="29d8de30-468b-4c58-88bd-56f24e90e39f" outgoingWss="Outflow STAG"><con:settings/><con:encoding>UTF-8</con:encoding><con:endpoint>https://192.168.24.16:8443/services/InvoiceService_v2.0</con:endpoint><con:request><![CDATA[<soapenv:Envelope xmlns:soapenv="http://schemas.xmlsoap.org/soap/envelope/" xmlns:v2="http://fidus.brussels/service/invoiceservice/messages/v2.0" xmlns:v11="http://fidus.brussels/type/common/messages/v1">
   <soapenv:Header/>
   <soapenv:Body>
      <v2:submitInboxRequestRequest>
         <v2:messageContext>
            <v11:messageId>?</v11:messageId>
         </v2:messageContext>
         <v2:legalContext>ServiceIntegrator</v2:legalContext>
         <v2:request>
            <v12:receiverId xmlns:v12="http://fsb.belgium.be/einvoicing/simpleprior/v1_00">2222222222</v12:receiverId>
            <v12:senderId xmlns:v12="http://fsb.belgium.be/einvoicing/simpleprior/v1_00">0200013901</v12:senderId>        
         </v2:request>
      </v2:submitInboxRequestRequest>
   </soapenv:Body>
</soapenv:Envelope>]]></con:request><con:assertion type="SOAP Fault Assertion" id="b031d4ee-c28a-4d5e-ab2a-e2d1b80b7bb5" name="Not SOAP Fault"/><con:assertion type="SOAP Response" id="dd59b295-39ed-45c3-aa47-b0320c715d44" name="SOAP Response"/><con:assertion type="Schema Compliance" id="ea6dfaaa-aae4-4a05-9438-41271c22db80" name="Schema Compliance"><con:configuration/></con:assertion><con:wsaConfig action="http://fidus.brussels/services/invoiceservice/submitInboxRequest"/></con:request></con:config></con:testStep><con:testStep type="request" id="f6336895-bad6-412a-a20c-8a7ff99eeb72" name="testcase4 - Staging - Worker2 - Request"><con:settings/><con:config xsi:type="con:RequestStep" xmlns:xsi="http://www.w3.org/2001/XMLSchema-instance"><con:interface>InvoiceServiceHTTPBinding</con:interface><con:operation>submitInboxRequest</con:operation><con:request name="testcase4 - Staging - Worker2 - Request" id="7cb73e31-c428-4ca0-8885-9d0ff36b871c" outgoingWss="Outflow STAG"><con:settings/><con:encoding>UTF-8</con:encoding><con:endpoint>https://192.168.24.17:8443/services/InvoiceService_v2.0</con:endpoint><con:request><![CDATA[<soapenv:Envelope xmlns:soapenv="http://schemas.xmlsoap.org/soap/envelope/" xmlns:v2="http://fidus.brussels/service/invoiceservice/messages/v2.0" xmlns:v11="http://fidus.brussels/type/common/messages/v1">
   <soapenv:Header/>
   <soapenv:Body>
      <v2:submitInboxRequestRequest>
         <v2:messageContext>
            <v11:messageId>?</v11:messageId>
         </v2:messageContext>
         <v2:legalContext>ServiceIntegrator</v2:legalContext>
         <v2:request>
            <v12:receiverId xmlns:v12="http://fsb.belgium.be/einvoicing/simpleprior/v1_00">2222222222</v12:receiverId>
            <v12:senderId xmlns:v12="http://fsb.belgium.be/einvoicing/simpleprior/v1_00">0200013901</v12:senderId>        
         </v2:request>
      </v2:submitInboxRequestRequest>
   </soapenv:Body>
</soapenv:Envelope>]]></con:request><con:assertion type="SOAP Fault Assertion" id="9ba21fd4-8ea0-43bc-a411-6dcfc74056dd" name="Not SOAP Fault"/><con:assertion type="SOAP Response" id="d65a9016-6cfa-443b-b14a-66c8512c5635" name="SOAP Response"/><con:assertion type="Schema Compliance" id="f2e5bd89-3746-4a19-ae8c-a86f065f9ebd" name="Schema Compliance"><con:configuration/></con:assertion><con:wsaConfig action="http://fidus.brussels/services/invoiceservice/submitInboxRequest"/></con:request></con:config></con:testStep><con:properties/></con:testCase><con:properties/></con:testSuite><con:testSuite id="1f7c78d6-bb9b-480b-86e3-2505cf843554" name="PROD"><con:settings/><con:runType>SEQUENTIAL</con:runType><con:testCase id="e58c6f34-2145-4236-8fe9-ce15db2ae19c" failOnError="true" failTestCaseOnErrors="true" keepSession="false" maxResults="0" name="markDocument" searchProperties="true"><con:settings/><con:testStep type="request" id="2d776c8c-bd1b-425b-9e7f-882f6beb5b07" name="testcase5 - Prod - External - Request"><con:settings/><con:config xsi:type="con:RequestStep" xmlns:xsi="http://www.w3.org/2001/XMLSchema-instance"><con:interface>InvoiceServiceHTTPBinding</con:interface><con:operation>markDocument</con:operation><con:request name="testcase5 - Prod - External - Request" id="2dfe43e8-844a-442a-963a-5a313adba002" outgoingWss="Outflow PROD"><con:settings/><con:encoding>UTF-8</con:encoding><con:endpoint>https://fidus.sec.brussels/services/InvoiceService_v2.0</con:endpoint><con:request><![CDATA[<soapenv:Envelope xmlns:soapenv="http://schemas.xmlsoap.org/soap/envelope/" xmlns:v2="http://fidus.brussels/service/invoiceservice/messages/v2.0" xmlns:v11="http://fidus.brussels/type/common/messages/v1">
   <soapenv:Header/>
   <soapenv:Body>
      <v2:markDocumentRequest>
         <v2:messageContext>
            <v11:messageId>?</v11:messageId>
         </v2:messageContext>
         <v2:legalContext>ServiceIntegrator</v2:legalContext>
         <v2:request>
            <v12:receiverId xmlns:v12="http://fsb.belgium.be/einvoicing/simpleprior/v1_00">2222222222</v12:receiverId>
            <v12:senderId xmlns:v12="http://fsb.belgium.be/einvoicing/simpleprior/v1_00">0200013901</v12:senderId>
            <v12:documentType xmlns:v12="http://fsb.belgium.be/einvoicing/simpleprior/v1_00">380</v12:documentType>
            <v12:documentId xmlns:v12="http://fsb.belgium.be/einvoicing/simpleprior/v1_00">e878b54b-8a82-4bf3-8c8c-37eacdab2589</v12:documentId>         
         </v2:request>
      </v2:markDocumentRequest>
   </soapenv:Body>
</soapenv:Envelope>]]></con:request><con:assertion type="SOAP Fault Assertion" id="e01568ce-0c9c-47e8-ae12-d17aa089eda5" name="Not SOAP Fault"/><con:assertion type="SOAP Response" id="628b68a6-095c-4936-9cb4-d0483c7bc52a" name="SOAP Response"/><con:assertion type="Schema Compliance" id="fb4e9809-8935-401e-b4b4-26f36042a079" name="Schema Compliance"><con:configuration/></con:assertion><con:wsaConfig action="http://fidus.brussels/services/invoiceservice/markDocument"/></con:request></con:config></con:testStep><con:testStep type="request" id="9c562b4f-794d-4b20-8939-7277c5d7eea3" name="testcase5 - Prod - LB - Request"><con:settings/><con:config xsi:type="con:RequestStep" xmlns:xsi="http://www.w3.org/2001/XMLSchema-instance"><con:interface>InvoiceServiceHTTPBinding</con:interface><con:operation>markDocument</con:operation><con:request name="testcase5 - Prod - LB - Request" id="c4c26987-eab2-4315-96bc-7eae77dbdf67" outgoingWss="Outflow PROD"><con:settings/><con:encoding>UTF-8</con:encoding><con:endpoint>https://fidus-esb-sg.prd.srv.cirb.lan:8443/services/InvoiceService_v2.0</con:endpoint><con:request><![CDATA[<soapenv:Envelope xmlns:soapenv="http://schemas.xmlsoap.org/soap/envelope/" xmlns:v2="http://fidus.brussels/service/invoiceservice/messages/v2.0" xmlns:v11="http://fidus.brussels/type/common/messages/v1">
   <soapenv:Header/>
   <soapenv:Body>
      <v2:markDocumentRequest>
         <v2:messageContext>
            <v11:messageId>?</v11:messageId>
         </v2:messageContext>
         <v2:legalContext>ServiceIntegrator</v2:legalContext>
         <v2:request>
            <v12:receiverId xmlns:v12="http://fsb.belgium.be/einvoicing/simpleprior/v1_00">2222222222</v12:receiverId>
            <v12:senderId xmlns:v12="http://fsb.belgium.be/einvoicing/simpleprior/v1_00">0200013901</v12:senderId>
            <v12:documentType xmlns:v12="http://fsb.belgium.be/einvoicing/simpleprior/v1_00">380</v12:documentType>
            <v12:documentId xmlns:v12="http://fsb.belgium.be/einvoicing/simpleprior/v1_00">e878b54b-8a82-4bf3-8c8c-37eacdab2589</v12:documentId>         
         </v2:request>
      </v2:markDocumentRequest>
   </soapenv:Body>
</soapenv:Envelope>]]></con:request><con:assertion type="SOAP Fault Assertion" id="1082cd5d-5c3e-49a1-8f9c-bbf4a825bbc3" name="Not SOAP Fault"/><con:assertion type="SOAP Response" id="5b9afa5a-9a15-445d-a150-2790c6c24c9d" name="SOAP Response"/><con:assertion type="Schema Compliance" id="c18e5c68-e696-42e7-bc16-4cda243edf24" name="Schema Compliance"><con:configuration/></con:assertion><con:wsaConfig action="http://fidus.brussels/services/invoiceservice/markDocument"/></con:request></con:config></con:testStep><con:testStep type="request" id="125a7a9b-f540-4389-8270-aac663000bdb" name="testcase5 - Prod - Worker1 - Request"><con:settings/><con:config xsi:type="con:RequestStep" xmlns:xsi="http://www.w3.org/2001/XMLSchema-instance"><con:interface>InvoiceServiceHTTPBinding</con:interface><con:operation>markDocument</con:operation><con:request name="testcase5 - Prod - Worker1 - Request" id="fa3c8558-7968-4594-b9fa-929829f4b7c5" outgoingWss="Outflow PROD"><con:settings/><con:encoding>UTF-8</con:encoding><con:endpoint>https://192.168.26.22:8443/services/InvoiceService_v2.0</con:endpoint><con:request><![CDATA[<soapenv:Envelope xmlns:soapenv="http://schemas.xmlsoap.org/soap/envelope/" xmlns:v2="http://fidus.brussels/service/invoiceservice/messages/v2.0" xmlns:v1="http://fidus.brussels/service/invoiceservice/messages/v1.2" xmlns:v11="http://fidus.brussels/type/common/messages/v1" xmlns:urn="urn:oasis:names:specification:ubl:schema:xsd:CommonAggregateComponents-2" xmlns:urn1="urn:oasis:names:specification:ubl:schema:xsd:CommonBasicComponents-2">
   <soapenv:Header/>
   <soapenv:Body>
      <v2:markDocumentRequest>
         <v2:messageContext>
            <v11:messageId>?</v11:messageId>
         </v2:messageContext>
         <v2:legalContext>?</v2:legalContext>
         <v2:request>
            <v12:receiverId xmlns:v12="http://fsb.belgium.be/einvoicing/simpleprior/v1_00">?</v12:receiverId>
            <v12:senderId xmlns:v12="http://fsb.belgium.be/einvoicing/simpleprior/v1_00">?</v12:senderId>
            <v12:documentType xmlns:v12="http://fsb.belgium.be/einvoicing/simpleprior/v1_00">?</v12:documentType>
            <v12:documentId xmlns:v12="http://fsb.belgium.be/einvoicing/simpleprior/v1_00">?</v12:documentId>
         </v2:request>
      </v2:markDocumentRequest>
   </soapenv:Body>
</soapenv:Envelope>]]></con:request><con:assertion type="SOAP Fault Assertion" id="dfc0dd43-278a-4f4a-8c9e-1cd0a4976366" name="Not SOAP Fault"/><con:assertion type="SOAP Response" id="640b6fe0-f34e-4b50-90f6-0c5a9509512e" name="SOAP Response"/><con:assertion type="Schema Compliance" id="de5eaca0-8a09-4e78-bcfa-eddc007b3f2e" name="Schema Compliance"><con:configuration/></con:assertion><con:wsaConfig action="http://fidus.brussels/services/invoiceservice/markDocument"/></con:request></con:config></con:testStep><con:testStep type="request" id="46815b20-13e3-4291-af6d-590686633529" name="testcase5 - Prod - Worker2 - Request"><con:settings/><con:config xsi:type="con:RequestStep" xmlns:xsi="http://www.w3.org/2001/XMLSchema-instance"><con:interface>InvoiceServiceHTTPBinding</con:interface><con:operation>markDocument</con:operation><con:request name="testcase5 - Prod - Worker2 - Request" id="f547d771-f7f9-4341-aeee-94d26e8cb79c" outgoingWss="Outflow PROD"><con:settings/><con:encoding>UTF-8</con:encoding><con:endpoint>https://192.168.26.19:8443/services/InvoiceService_v2.0</con:endpoint><con:request><![CDATA[<soapenv:Envelope xmlns:soapenv="http://schemas.xmlsoap.org/soap/envelope/" xmlns:v2="http://fidus.brussels/service/invoiceservice/messages/v2.0" xmlns:v1="http://fidus.brussels/service/invoiceservice/messages/v1.2" xmlns:v11="http://fidus.brussels/type/common/messages/v1" xmlns:urn="urn:oasis:names:specification:ubl:schema:xsd:CommonAggregateComponents-2" xmlns:urn1="urn:oasis:names:specification:ubl:schema:xsd:CommonBasicComponents-2">
   <soapenv:Header/>
   <soapenv:Body>
      <v2:markDocumentRequest>
         <v2:messageContext>
            <v11:messageId>?</v11:messageId>
         </v2:messageContext>
         <v2:legalContext>?</v2:legalContext>
         <v2:request>
            <v12:receiverId xmlns:v12="http://fsb.belgium.be/einvoicing/simpleprior/v1_00">?</v12:receiverId>
            <v12:senderId xmlns:v12="http://fsb.belgium.be/einvoicing/simpleprior/v1_00">?</v12:senderId>
            <v12:documentType xmlns:v12="http://fsb.belgium.be/einvoicing/simpleprior/v1_00">?</v12:documentType>
            <v12:documentId xmlns:v12="http://fsb.belgium.be/einvoicing/simpleprior/v1_00">?</v12:documentId>
         </v2:request>
      </v2:markDocumentRequest>
   </soapenv:Body>
</soapenv:Envelope>]]></con:request><con:assertion type="SOAP Fault Assertion" id="6ae2880d-1f9b-4506-8187-f96dd631da25" name="Not SOAP Fault"/><con:assertion type="SOAP Response" id="c8088703-342c-4c5f-a972-780d9db55148" name="SOAP Response"/><con:assertion type="Schema Compliance" id="7b6484bf-3f5b-44f2-860a-1776ffd8eb30" name="Schema Compliance"><con:configuration/></con:assertion><con:wsaConfig action="http://fidus.brussels/services/invoiceservice/markDocument"/></con:request></con:config></con:testStep><con:properties/></con:testCase><con:testCase id="258c2294-362f-4c0c-93d0-bbcb062a6839" failOnError="true" failTestCaseOnErrors="true" keepSession="false" maxResults="0" name="retrieveDocument" searchProperties="true"><con:settings/><con:testStep type="request" id="31f667e8-074c-4f35-9611-c4b93ef1d7a8" name="testcase5 - Prod - External - Request"><con:settings/><con:config xsi:type="con:RequestStep" xmlns:xsi="http://www.w3.org/2001/XMLSchema-instance"><con:interface>InvoiceServiceHTTPBinding</con:interface><con:operation>retrieveDocument</con:operation><con:request name="testcase5 - Prod - External - Request" id="5db89807-8260-426d-a154-cca553e9e664" outgoingWss="Outflow PROD"><con:settings/><con:encoding>UTF-8</con:encoding><con:endpoint>https://fidus.sec.brussels/services/InvoiceService_v2.0</con:endpoint><con:request><![CDATA[<soapenv:Envelope xmlns:soapenv="http://schemas.xmlsoap.org/soap/envelope/" xmlns:v2="http://fidus.brussels/service/invoiceservice/messages/v2.0" xmlns:v11="http://fidus.brussels/type/common/messages/v1">
   <soapenv:Header/>
   <soapenv:Body>
      <v2:retrieveDocumentRequest>
         <v2:messageContext>
            <v11:messageId>?</v11:messageId>
         </v2:messageContext>
         <v2:legalContext>ServiceIntegrator</v2:legalContext>
         <v2:request>
            <v12:receiverId xmlns:v12="http://fsb.belgium.be/einvoicing/simpleprior/v1_00">0463152333</v12:receiverId>
            <v12:senderId xmlns:v12="http://fsb.belgium.be/einvoicing/simpleprior/v1_00">0200013901</v12:senderId>
            <v12:documentType xmlns:v12="http://fsb.belgium.be/einvoicing/simpleprior/v1_00">380</v12:documentType>
            <v12:documentId xmlns:v12="http://fsb.belgium.be/einvoicing/simpleprior/v1_00">118120479086FAKDEC-20-5B</v12:documentId>         
         </v2:request>
      </v2:retrieveDocumentRequest>
   </soapenv:Body>
</soapenv:Envelope>]]></con:request><con:assertion type="SOAP Fault Assertion" id="e5e2528a-fbdc-4bbb-980e-388484ef9e4f" name="Not SOAP Fault"/><con:assertion type="SOAP Response" id="add49708-297e-44a5-bf2c-8aa20e88d3cc" name="SOAP Response"/><con:assertion type="Schema Compliance" id="b37d177c-3950-4bd6-8268-c9d04c9b85f1" name="Schema Compliance"><con:configuration/></con:assertion><con:wsaConfig action="http://fidus.brussels/services/invoiceservice/retrieveDocument"/></con:request></con:config></con:testStep><con:testStep type="request" id="9f5a3fe9-4568-462c-a6ef-578e0170915a" name="testcase5 - Prod - LB - Request"><con:settings/><con:config xsi:type="con:RequestStep" xmlns:xsi="http://www.w3.org/2001/XMLSchema-instance"><con:interface>InvoiceServiceHTTPBinding</con:interface><con:operation>retrieveDocument</con:operation><con:request name="testcase5 - Prod - LB - Request" id="f465a628-f588-4169-b85f-b9eef5916750" outgoingWss="Outflow PROD"><con:settings/><con:encoding>UTF-8</con:encoding><con:endpoint>https://fidus-esb-sg.prd.srv.cirb.lan:8443/services/InvoiceService_v2.0</con:endpoint><con:request><![CDATA[<soapenv:Envelope xmlns:soapenv="http://schemas.xmlsoap.org/soap/envelope/" xmlns:v2="http://fidus.brussels/service/invoiceservice/messages/v2.0" xmlns:v11="http://fidus.brussels/type/common/messages/v1">
   <soapenv:Header/>
   <soapenv:Body>
      <v2:retrieveDocumentRequest>
         <v2:messageContext>
            <v11:messageId>?</v11:messageId>
         </v2:messageContext>
         <v2:legalContext>ServiceIntegrator</v2:legalContext>
         <v2:request>
            <v12:receiverId xmlns:v12="http://fsb.belgium.be/einvoicing/simpleprior/v1_00">0463152333</v12:receiverId>
            <v12:senderId xmlns:v12="http://fsb.belgium.be/einvoicing/simpleprior/v1_00">0200013901</v12:senderId>
            <v12:documentType xmlns:v12="http://fsb.belgium.be/einvoicing/simpleprior/v1_00">380</v12:documentType>
            <v12:documentId xmlns:v12="http://fsb.belgium.be/einvoicing/simpleprior/v1_00">118120479086FAKDEC-20-5B</v12:documentId>         
         </v2:request>
      </v2:retrieveDocumentRequest>
   </soapenv:Body>
</soapenv:Envelope>]]></con:request><con:assertion type="SOAP Fault Assertion" id="28273270-5954-43b2-9ba9-783869d8349d" name="Not SOAP Fault"/><con:assertion type="SOAP Response" id="09ed2d1f-bf2d-4a8d-b210-bd2eefe3f674" name="SOAP Response"/><con:assertion type="Schema Compliance" id="f3ff9dd3-29cc-47e6-acc6-53d60a8f5491" name="Schema Compliance"><con:configuration/></con:assertion><con:wsaConfig action="http://fidus.brussels/services/invoiceservice/retrieveDocument"/></con:request></con:config></con:testStep><con:testStep type="request" id="7ef4b2e9-9b03-4848-9474-de1c47dd07c0" name="testcase5 - Prod - Worker1 - Request"><con:settings/><con:config xsi:type="con:RequestStep" xmlns:xsi="http://www.w3.org/2001/XMLSchema-instance"><con:interface>InvoiceServiceHTTPBinding</con:interface><con:operation>retrieveDocument</con:operation><con:request name="testcase5 - Prod - Worker1 - Request" id="75a4ccca-013f-46f0-a508-0b1e47bc3d72" outgoingWss="Outflow PROD"><con:settings/><con:encoding>UTF-8</con:encoding><con:endpoint>https://192.168.26.22:8443/services/InvoiceService_v2.0</con:endpoint><con:request><![CDATA[<soapenv:Envelope xmlns:soapenv="http://schemas.xmlsoap.org/soap/envelope/" xmlns:v2="http://fidus.brussels/service/invoiceservice/messages/v2.0" xmlns:v11="http://fidus.brussels/type/common/messages/v1">
   <soapenv:Header/>
   <soapenv:Body>
      <v2:retrieveDocumentRequest>
         <v2:messageContext>
            <v11:messageId>?</v11:messageId>
         </v2:messageContext>
         <v2:legalContext>ServiceIntegrator</v2:legalContext>
         <v2:request>
            <v12:receiverId xmlns:v12="http://fsb.belgium.be/einvoicing/simpleprior/v1_00">0463152333</v12:receiverId>
            <v12:senderId xmlns:v12="http://fsb.belgium.be/einvoicing/simpleprior/v1_00">0200013901</v12:senderId>
            <v12:documentType xmlns:v12="http://fsb.belgium.be/einvoicing/simpleprior/v1_00">380</v12:documentType>
            <v12:documentId xmlns:v12="http://fsb.belgium.be/einvoicing/simpleprior/v1_00">118120479086FAKDEC-20-5B</v12:documentId>         
         </v2:request>
      </v2:retrieveDocumentRequest>
   </soapenv:Body>
</soapenv:Envelope>]]></con:request><con:assertion type="SOAP Fault Assertion" id="5359cdc4-a4c6-41a6-a847-b36e8ae756d9" name="Not SOAP Fault"/><con:assertion type="SOAP Response" id="64bb4432-9033-4b48-91f0-e51b0fd9d8d6" name="SOAP Response"/><con:assertion type="Schema Compliance" id="75ff4956-2ff6-401b-82e6-55a16c17260e" name="Schema Compliance"><con:configuration/></con:assertion><con:wsaConfig action="http://fidus.brussels/services/invoiceservice/retrieveDocument"/></con:request></con:config></con:testStep><con:testStep type="request" id="ec1257e0-1216-4390-8c2b-34555343e7e3" name="testcase5 - Prod - Worker2 - Request"><con:settings/><con:config xsi:type="con:RequestStep" xmlns:xsi="http://www.w3.org/2001/XMLSchema-instance"><con:interface>InvoiceServiceHTTPBinding</con:interface><con:operation>retrieveDocument</con:operation><con:request name="testcase5 - Prod - Worker2 - Request" id="fd7525dc-568c-4c94-98fe-1e2ac50f6511" outgoingWss="Outflow PROD"><con:settings/><con:encoding>UTF-8</con:encoding><con:endpoint>https://192.168.26.19:8443/services/InvoiceService_v2.0</con:endpoint><con:request><![CDATA[<soapenv:Envelope xmlns:soapenv="http://schemas.xmlsoap.org/soap/envelope/" xmlns:v2="http://fidus.brussels/service/invoiceservice/messages/v2.0" xmlns:v11="http://fidus.brussels/type/common/messages/v1">
   <soapenv:Header/>
   <soapenv:Body>
      <v2:retrieveDocumentRequest>
         <v2:messageContext>
            <v11:messageId>?</v11:messageId>
         </v2:messageContext>
         <v2:legalContext>ServiceIntegrator</v2:legalContext>
         <v2:request>
            <v12:receiverId xmlns:v12="http://fsb.belgium.be/einvoicing/simpleprior/v1_00">0463152333</v12:receiverId>
            <v12:senderId xmlns:v12="http://fsb.belgium.be/einvoicing/simpleprior/v1_00">0200013901</v12:senderId>
            <v12:documentType xmlns:v12="http://fsb.belgium.be/einvoicing/simpleprior/v1_00">380</v12:documentType>
            <v12:documentId xmlns:v12="http://fsb.belgium.be/einvoicing/simpleprior/v1_00">118120479086FAKDEC-20-5B</v12:documentId>         
         </v2:request>
      </v2:retrieveDocumentRequest>
   </soapenv:Body>
</soapenv:Envelope>]]></con:request><con:assertion type="SOAP Fault Assertion" id="289d25b9-c09e-4325-9c29-cc8ae5514166" name="Not SOAP Fault"/><con:assertion type="SOAP Response" id="978bd06e-bbd7-4811-b490-c5d137500bf1" name="SOAP Response"/><con:assertion type="Schema Compliance" id="5c9d3ad3-3d10-4faa-8b0c-8876e4d59b1b" name="Schema Compliance"><con:configuration/></con:assertion><con:wsaConfig action="http://fidus.brussels/services/invoiceservice/retrieveDocument"/></con:request></con:config></con:testStep><con:properties/></con:testCase><con:testCase id="cdae82ac-93ec-4c3b-a51f-417af3a50224" failOnError="true" failTestCaseOnErrors="true" keepSession="false" maxResults="0" name="submitDocument" searchProperties="true"><con:settings/><con:testStep type="request" id="c2be7980-5139-437c-9ec2-3cc20bf0315e" name="testcase5 - Prod - External - Request"><con:settings/><con:config xsi:type="con:RequestStep" xmlns:xsi="http://www.w3.org/2001/XMLSchema-instance"><con:interface>InvoiceServiceHTTPBinding</con:interface><con:operation>submitDocument</con:operation><con:request name="testcase5 - Prod - External - Request" id="299119d1-07ef-41fd-a053-4867f1aca403" outgoingWss="Outflow PROD"><con:settings/><con:encoding>UTF-8</con:encoding><con:endpoint>https://fidus.sec.brussels/services/InvoiceService_v2.0</con:endpoint><con:request><![CDATA[<soapenv:Envelope xmlns:soapenv="http://schemas.xmlsoap.org/soap/envelope/" xmlns:v2="http://fidus.brussels/service/invoiceservice/messages/v2.0" xmlns:v1="http://fidus.brussels/service/invoiceservice/messages/v1.2" xmlns:v11="http://fidus.brussels/type/common/messages/v1" xmlns:urn="urn:oasis:names:specification:ubl:schema:xsd:ApplicationResponse-2" xmlns:urn1="urn:oasis:names:specification:ubl:schema:xsd:CommonExtensionComponents-2" xmlns:urn2="urn:oasis:names:specification:ubl:schema:xsd:CommonBasicComponents-2" xmlns:urn3="urn:oasis:names:specification:ubl:schema:xsd:CommonAggregateComponents-2">
   <soapenv:Header/>
   <soapenv:Body>
      <v2:submitDocumentRequest>
         <v2:messageContext>
            <v11:messageId>?</v11:messageId>
         </v2:messageContext>
         <v2:legalContext>ServiceIntegrator</v2:legalContext>
         <v2:request>
            <v12:document xmlns:v12="http://fsb.belgium.be/einvoicing/simpleprior/v1_00">                
            <Invoice xmlns="urn:oasis:names:specification:ubl:schema:xsd:Invoice-2"
                    xmlns:cbc="urn:oasis:names:specification:ubl:schema:xsd:CommonBasicComponents-2"
                    xmlns:cac="urn:oasis:names:specification:ubl:schema:xsd:CommonAggregateComponents-2">
               <cbc:UBLVersionID>2.1</cbc:UBLVersionID>
               <cbc:CustomizationID>urn:www.cenbii.eu:transaction:biitrns010:ver2.0:extended:urn:www.peppol.eu:bis:peppol5a:ver2.0</cbc:CustomizationID>
               <cbc:ProfileID>urn:www.cenbii.eu:profile:bii05:ver2.0</cbc:ProfileID>
               <cbc:ID>118120479086FAKNOV-13-5B</cbc:ID>
               <cbc:IssueDate>2018-06-12</cbc:IssueDate>
               <cbc:InvoiceTypeCode listID="UNCL1001">380</cbc:InvoiceTypeCode>
               <cbc:DocumentCurrencyCode listID="ISO4217">EUR</cbc:DocumentCurrencyCode>
               <cac:AccountingSupplierParty>
                  <cac:Party>
                     <cac:PartyIdentification>
                        <cbc:ID schemeID="BE:CBE">0200013901</cbc:ID>
                     </cac:PartyIdentification>
                     <cac:PartyName>
                        <cbc:Name>ACME</cbc:Name>
                     </cac:PartyName>
                     <cac:PostalAddress>
                        <cbc:StreetName>Simon Bolivarlaan 30/9</cbc:StreetName>
                        <cbc:CityName>BRUSSEL</cbc:CityName>
                        <cbc:PostalZone>1000</cbc:PostalZone>
                        <cac:Country>
                           <cbc:IdentificationCode listID="ISO3166-1:Alpha2">BE</cbc:IdentificationCode>
                        </cac:Country>
                     </cac:PostalAddress>
                     <cac:PartyTaxScheme>
                        <cbc:CompanyID schemeID="BE:VAT">BE0200013901</cbc:CompanyID>
                        <cac:TaxScheme>
                           <cbc:ID>VAT</cbc:ID>
                        </cac:TaxScheme>
                     </cac:PartyTaxScheme>
                     <cac:PartyLegalEntity>
                        <cbc:RegistrationName>D.W. Soft bvba</cbc:RegistrationName>
                        <cbc:CompanyID schemeID="BE:CBE">0200013901</cbc:CompanyID>
                     </cac:PartyLegalEntity>
                     <cac:Contact>
                        <cbc:ElectronicMail>dirk.willekens@dwsoft.be</cbc:ElectronicMail>
                     </cac:Contact>
                  </cac:Party>
               </cac:AccountingSupplierParty>
               <cac:AccountingCustomerParty>
                  <cac:Party>
                     <cac:PartyIdentification>
                        <cbc:ID schemeID="BE:CBE">2222222222</cbc:ID>
                     </cac:PartyIdentification>
                     <cac:PartyName>
                        <cbc:Name>Fake customer</cbc:Name>
                     </cac:PartyName>
                     <cac:PostalAddress>
                        <cbc:StreetName>Simon Bolivarlaan 34</cbc:StreetName>
                        <cbc:CityName>ANTWERPEN</cbc:CityName>
                        <cbc:PostalZone>2000</cbc:PostalZone>
                        <cac:Country>
                           <cbc:IdentificationCode listID="ISO3166-1:Alpha2">BE</cbc:IdentificationCode>
                        </cac:Country>
                     </cac:PostalAddress>
                     <cac:PartyTaxScheme>
                        <cbc:CompanyID schemeID="BE:VAT">BE2222222222</cbc:CompanyID>
                        <cac:TaxScheme>
                           <cbc:ID>VAT</cbc:ID>
                        </cac:TaxScheme>
                     </cac:PartyTaxScheme>
                     <cac:PartyLegalEntity>
                        <cbc:RegistrationName>Fake Customer</cbc:RegistrationName>
                        <cbc:CompanyID schemeID="BE:CBE">2222222222</cbc:CompanyID>
                     </cac:PartyLegalEntity>
                  </cac:Party>
               </cac:AccountingCustomerParty>
               <cac:PaymentMeans>
                  <cbc:PaymentMeansCode listID="UNCL4461">1</cbc:PaymentMeansCode>
                  <cbc:PaymentDueDate>2018-05-31</cbc:PaymentDueDate>
                  <cbc:PaymentChannelCode>IBAN</cbc:PaymentChannelCode>
                  <cbc:InstructionNote>SIMPLE TEST TO FAKE CUSTOMER</cbc:InstructionNote>
                  <cac:PayeeFinancialAccount>
                     <cbc:ID schemeID="IBAN">BE86736009252450</cbc:ID>
                     <cac:FinancialInstitutionBranch>
                        <cac:FinancialInstitution>
                           <cbc:ID schemeID="BIC">KREDBEBB</cbc:ID>
                        </cac:FinancialInstitution>
                     </cac:FinancialInstitutionBranch>
                  </cac:PayeeFinancialAccount>
               </cac:PaymentMeans>
               <cac:TaxTotal>
                  <cbc:TaxAmount currencyID="EUR">21.00</cbc:TaxAmount>
                  <cac:TaxSubtotal>
                     <cbc:TaxableAmount currencyID="EUR">100.00</cbc:TaxableAmount>
                     <cbc:TaxAmount currencyID="EUR">21.00</cbc:TaxAmount>
                     <cac:TaxCategory>
                        <cbc:ID schemeID="UNCL5305">S</cbc:ID>
                        <cbc:Percent>21.00</cbc:Percent>
                        <cac:TaxScheme>
                           <cbc:ID>VAT</cbc:ID>
                        </cac:TaxScheme>
                     </cac:TaxCategory>
                  </cac:TaxSubtotal>
               </cac:TaxTotal>
               <cac:LegalMonetaryTotal>
                  <cbc:LineExtensionAmount currencyID="EUR">100.00</cbc:LineExtensionAmount>
                  <cbc:TaxExclusiveAmount currencyID="EUR">100.00</cbc:TaxExclusiveAmount>
                  <cbc:TaxInclusiveAmount currencyID="EUR">121.00</cbc:TaxInclusiveAmount>
                  <cbc:PayableAmount currencyID="EUR">121.00</cbc:PayableAmount>
               </cac:LegalMonetaryTotal>
               <cac:InvoiceLine>
                  <cbc:ID>1</cbc:ID>
                  <cbc:InvoicedQuantity unitCode="NAR" unitCodeListID="UNECERec20">1.00</cbc:InvoicedQuantity>
                  <cbc:LineExtensionAmount currencyID="EUR">100.00</cbc:LineExtensionAmount>
                  <cac:TaxTotal>
                     <cbc:TaxAmount currencyID="EUR">21.00</cbc:TaxAmount>
                  </cac:TaxTotal>
                  <cac:Item>
                     <cbc:Description>Line1 description - may be long</cbc:Description>
                     <cbc:Name>Line1max50char</cbc:Name>
                     <cac:ClassifiedTaxCategory>
                        <cbc:ID schemeID="UNCL5305">S</cbc:ID>
                        <cbc:Percent>21.00</cbc:Percent>
                        <cac:TaxScheme>
                           <cbc:ID>VAT</cbc:ID>
                        </cac:TaxScheme>
                     </cac:ClassifiedTaxCategory>
                  </cac:Item>
                  <cac:Price>
                     <cbc:PriceAmount currencyID="EUR">100.00</cbc:PriceAmount>
                     <cbc:BaseQuantity>1.00</cbc:BaseQuantity>
                  </cac:Price>
               </cac:InvoiceLine>
            </Invoice>
            </v12:document>
         </v2:request>
      </v2:submitDocumentRequest>
   </soapenv:Body>
</soapenv:Envelope>]]></con:request><con:assertion type="SOAP Fault Assertion" id="00db8075-e71d-42f7-aa71-437a06c012e2" name="Not SOAP Fault"/><con:assertion type="SOAP Response" id="e71309b4-748f-4a4d-8ef0-ffa8557e2a0e" name="SOAP Response"/><con:assertion type="Schema Compliance" id="9a57d28d-4899-4254-a54c-cdc0406aab6e" name="Schema Compliance"><con:configuration/></con:assertion><con:wsaConfig action="http://fidus.brussels/services/invoiceservice/submitDocument"/></con:request></con:config></con:testStep><con:testStep type="request" id="864c3548-3345-442f-aac6-11746d506c58" name="testcase5 - Prod - LB - Request"><con:settings/><con:config xsi:type="con:RequestStep" xmlns:xsi="http://www.w3.org/2001/XMLSchema-instance"><con:interface>InvoiceServiceHTTPBinding</con:interface><con:operation>submitDocument</con:operation><con:request name="testcase5 - Prod - LB - Request" id="a3bc8b31-6220-42bc-b49e-1d7a487ec152" outgoingWss="Outflow PROD"><con:settings/><con:encoding>UTF-8</con:encoding><con:endpoint>https://fidus-esb-sg.prd.srv.cirb.lan:8443/services/InvoiceService_v2.0</con:endpoint><con:request><![CDATA[<soapenv:Envelope xmlns:soapenv="http://schemas.xmlsoap.org/soap/envelope/" xmlns:v2="http://fidus.brussels/service/invoiceservice/messages/v2.0" xmlns:v1="http://fidus.brussels/service/invoiceservice/messages/v1.2" xmlns:v11="http://fidus.brussels/type/common/messages/v1" xmlns:urn="urn:oasis:names:specification:ubl:schema:xsd:ApplicationResponse-2" xmlns:urn1="urn:oasis:names:specification:ubl:schema:xsd:CommonExtensionComponents-2" xmlns:urn2="urn:oasis:names:specification:ubl:schema:xsd:CommonBasicComponents-2" xmlns:urn3="urn:oasis:names:specification:ubl:schema:xsd:CommonAggregateComponents-2">
   <soapenv:Header/>
   <soapenv:Body>
      <v2:submitDocumentRequest>
         <v2:messageContext>
            <v11:messageId>?</v11:messageId>
         </v2:messageContext>
         <v2:legalContext>ServiceIntegrator</v2:legalContext>
         <v2:request>
            <v12:document xmlns:v12="http://fsb.belgium.be/einvoicing/simpleprior/v1_00">                
            <Invoice xmlns="urn:oasis:names:specification:ubl:schema:xsd:Invoice-2"
                    xmlns:cbc="urn:oasis:names:specification:ubl:schema:xsd:CommonBasicComponents-2"
                    xmlns:cac="urn:oasis:names:specification:ubl:schema:xsd:CommonAggregateComponents-2">
               <cbc:UBLVersionID>2.1</cbc:UBLVersionID>
               <cbc:CustomizationID>urn:www.cenbii.eu:transaction:biitrns010:ver2.0:extended:urn:www.peppol.eu:bis:peppol5a:ver2.0</cbc:CustomizationID>
               <cbc:ProfileID>urn:www.cenbii.eu:profile:bii05:ver2.0</cbc:ProfileID>
               <cbc:ID>118120479086FAKNOV-13-5B</cbc:ID>
               <cbc:IssueDate>2018-06-12</cbc:IssueDate>
               <cbc:InvoiceTypeCode listID="UNCL1001">380</cbc:InvoiceTypeCode>
               <cbc:DocumentCurrencyCode listID="ISO4217">EUR</cbc:DocumentCurrencyCode>
               <cac:AccountingSupplierParty>
                  <cac:Party>
                     <cac:PartyIdentification>
                        <cbc:ID schemeID="BE:CBE">0200013901</cbc:ID>
                     </cac:PartyIdentification>
                     <cac:PartyName>
                        <cbc:Name>ACME</cbc:Name>
                     </cac:PartyName>
                     <cac:PostalAddress>
                        <cbc:StreetName>Simon Bolivarlaan 30/9</cbc:StreetName>
                        <cbc:CityName>BRUSSEL</cbc:CityName>
                        <cbc:PostalZone>1000</cbc:PostalZone>
                        <cac:Country>
                           <cbc:IdentificationCode listID="ISO3166-1:Alpha2">BE</cbc:IdentificationCode>
                        </cac:Country>
                     </cac:PostalAddress>
                     <cac:PartyTaxScheme>
                        <cbc:CompanyID schemeID="BE:VAT">BE0200013901</cbc:CompanyID>
                        <cac:TaxScheme>
                           <cbc:ID>VAT</cbc:ID>
                        </cac:TaxScheme>
                     </cac:PartyTaxScheme>
                     <cac:PartyLegalEntity>
                        <cbc:RegistrationName>D.W. Soft bvba</cbc:RegistrationName>
                        <cbc:CompanyID schemeID="BE:CBE">0200013901</cbc:CompanyID>
                     </cac:PartyLegalEntity>
                     <cac:Contact>
                        <cbc:ElectronicMail>dirk.willekens@dwsoft.be</cbc:ElectronicMail>
                     </cac:Contact>
                  </cac:Party>
               </cac:AccountingSupplierParty>
               <cac:AccountingCustomerParty>
                  <cac:Party>
                     <cac:PartyIdentification>
                        <cbc:ID schemeID="BE:CBE">2222222222</cbc:ID>
                     </cac:PartyIdentification>
                     <cac:PartyName>
                        <cbc:Name>Fake customer</cbc:Name>
                     </cac:PartyName>
                     <cac:PostalAddress>
                        <cbc:StreetName>Simon Bolivarlaan 34</cbc:StreetName>
                        <cbc:CityName>ANTWERPEN</cbc:CityName>
                        <cbc:PostalZone>2000</cbc:PostalZone>
                        <cac:Country>
                           <cbc:IdentificationCode listID="ISO3166-1:Alpha2">BE</cbc:IdentificationCode>
                        </cac:Country>
                     </cac:PostalAddress>
                     <cac:PartyTaxScheme>
                        <cbc:CompanyID schemeID="BE:VAT">BE2222222222</cbc:CompanyID>
                        <cac:TaxScheme>
                           <cbc:ID>VAT</cbc:ID>
                        </cac:TaxScheme>
                     </cac:PartyTaxScheme>
                     <cac:PartyLegalEntity>
                        <cbc:RegistrationName>Fake Customer</cbc:RegistrationName>
                        <cbc:CompanyID schemeID="BE:CBE">2222222222</cbc:CompanyID>
                     </cac:PartyLegalEntity>
                  </cac:Party>
               </cac:AccountingCustomerParty>
               <cac:PaymentMeans>
                  <cbc:PaymentMeansCode listID="UNCL4461">1</cbc:PaymentMeansCode>
                  <cbc:PaymentDueDate>2018-05-31</cbc:PaymentDueDate>
                  <cbc:PaymentChannelCode>IBAN</cbc:PaymentChannelCode>
                  <cbc:InstructionNote>SIMPLE TEST TO FAKE CUSTOMER</cbc:InstructionNote>
                  <cac:PayeeFinancialAccount>
                     <cbc:ID schemeID="IBAN">BE86736009252450</cbc:ID>
                     <cac:FinancialInstitutionBranch>
                        <cac:FinancialInstitution>
                           <cbc:ID schemeID="BIC">KREDBEBB</cbc:ID>
                        </cac:FinancialInstitution>
                     </cac:FinancialInstitutionBranch>
                  </cac:PayeeFinancialAccount>
               </cac:PaymentMeans>
               <cac:TaxTotal>
                  <cbc:TaxAmount currencyID="EUR">21.00</cbc:TaxAmount>
                  <cac:TaxSubtotal>
                     <cbc:TaxableAmount currencyID="EUR">100.00</cbc:TaxableAmount>
                     <cbc:TaxAmount currencyID="EUR">21.00</cbc:TaxAmount>
                     <cac:TaxCategory>
                        <cbc:ID schemeID="UNCL5305">S</cbc:ID>
                        <cbc:Percent>21.00</cbc:Percent>
                        <cac:TaxScheme>
                           <cbc:ID>VAT</cbc:ID>
                        </cac:TaxScheme>
                     </cac:TaxCategory>
                  </cac:TaxSubtotal>
               </cac:TaxTotal>
               <cac:LegalMonetaryTotal>
                  <cbc:LineExtensionAmount currencyID="EUR">100.00</cbc:LineExtensionAmount>
                  <cbc:TaxExclusiveAmount currencyID="EUR">100.00</cbc:TaxExclusiveAmount>
                  <cbc:TaxInclusiveAmount currencyID="EUR">121.00</cbc:TaxInclusiveAmount>
                  <cbc:PayableAmount currencyID="EUR">121.00</cbc:PayableAmount>
               </cac:LegalMonetaryTotal>
               <cac:InvoiceLine>
                  <cbc:ID>1</cbc:ID>
                  <cbc:InvoicedQuantity unitCode="NAR" unitCodeListID="UNECERec20">1.00</cbc:InvoicedQuantity>
                  <cbc:LineExtensionAmount currencyID="EUR">100.00</cbc:LineExtensionAmount>
                  <cac:TaxTotal>
                     <cbc:TaxAmount currencyID="EUR">21.00</cbc:TaxAmount>
                  </cac:TaxTotal>
                  <cac:Item>
                     <cbc:Description>Line1 description - may be long</cbc:Description>
                     <cbc:Name>Line1max50char</cbc:Name>
                     <cac:ClassifiedTaxCategory>
                        <cbc:ID schemeID="UNCL5305">S</cbc:ID>
                        <cbc:Percent>21.00</cbc:Percent>
                        <cac:TaxScheme>
                           <cbc:ID>VAT</cbc:ID>
                        </cac:TaxScheme>
                     </cac:ClassifiedTaxCategory>
                  </cac:Item>
                  <cac:Price>
                     <cbc:PriceAmount currencyID="EUR">100.00</cbc:PriceAmount>
                     <cbc:BaseQuantity>1.00</cbc:BaseQuantity>
                  </cac:Price>
               </cac:InvoiceLine>
            </Invoice>
            </v12:document>
         </v2:request>
      </v2:submitDocumentRequest>
   </soapenv:Body>
</soapenv:Envelope>]]></con:request><con:assertion type="SOAP Fault Assertion" id="fdda7a8e-dabc-45c1-883f-4cfb414bbb55" name="Not SOAP Fault"/><con:assertion type="SOAP Response" id="3b9814af-d018-4514-b442-6db6f18f94c6" name="SOAP Response"/><con:assertion type="Schema Compliance" id="24e1ecff-4e0a-45a6-b6dd-86937504bd4b" name="Schema Compliance"><con:configuration/></con:assertion><con:wsaConfig action="http://fidus.brussels/services/invoiceservice/submitDocument"/></con:request></con:config></con:testStep><con:testStep type="request" id="c295ff23-b26d-456a-bf8d-a36ee758746c" name="testcase5 - Prod - Worker1 - Request"><con:settings/><con:config xsi:type="con:RequestStep" xmlns:xsi="http://www.w3.org/2001/XMLSchema-instance"><con:interface>InvoiceServiceHTTPBinding</con:interface><con:operation>submitDocument</con:operation><con:request name="testcase5 - Prod - Worker1 - Request" id="4ba100d8-ab9f-4747-abf6-dc80443f9dc6" outgoingWss="Outflow PROD"><con:settings/><con:encoding>UTF-8</con:encoding><con:endpoint>https://192.168.26.22:8443/services/InvoiceService_v2.0</con:endpoint><con:request><![CDATA[<soapenv:Envelope xmlns:soapenv="http://schemas.xmlsoap.org/soap/envelope/" xmlns:v2="http://fidus.brussels/service/invoiceservice/messages/v2.0" xmlns:v1="http://fidus.brussels/service/invoiceservice/messages/v1.2" xmlns:v11="http://fidus.brussels/type/common/messages/v1" xmlns:urn="urn:oasis:names:specification:ubl:schema:xsd:ApplicationResponse-2" xmlns:urn1="urn:oasis:names:specification:ubl:schema:xsd:CommonExtensionComponents-2" xmlns:urn2="urn:oasis:names:specification:ubl:schema:xsd:CommonBasicComponents-2" xmlns:urn3="urn:oasis:names:specification:ubl:schema:xsd:CommonAggregateComponents-2">
   <soapenv:Header/>
   <soapenv:Body>
      <v2:submitDocumentRequest>
         <v2:messageContext>
            <v11:messageId>?</v11:messageId>
         </v2:messageContext>
         <v2:legalContext>ServiceIntegrator</v2:legalContext>
         <v2:request>
            <v12:document xmlns:v12="http://fsb.belgium.be/einvoicing/simpleprior/v1_00">                
            <Invoice xmlns="urn:oasis:names:specification:ubl:schema:xsd:Invoice-2"
                    xmlns:cbc="urn:oasis:names:specification:ubl:schema:xsd:CommonBasicComponents-2"
                    xmlns:cac="urn:oasis:names:specification:ubl:schema:xsd:CommonAggregateComponents-2">
               <cbc:UBLVersionID>2.1</cbc:UBLVersionID>
               <cbc:CustomizationID>urn:www.cenbii.eu:transaction:biitrns010:ver2.0:extended:urn:www.peppol.eu:bis:peppol5a:ver2.0</cbc:CustomizationID>
               <cbc:ProfileID>urn:www.cenbii.eu:profile:bii05:ver2.0</cbc:ProfileID>
               <cbc:ID>118120479086FAKNOV-13-5B</cbc:ID>
               <cbc:IssueDate>2018-06-12</cbc:IssueDate>
               <cbc:InvoiceTypeCode listID="UNCL1001">380</cbc:InvoiceTypeCode>
               <cbc:DocumentCurrencyCode listID="ISO4217">EUR</cbc:DocumentCurrencyCode>
               <cac:AccountingSupplierParty>
                  <cac:Party>
                     <cac:PartyIdentification>
                        <cbc:ID schemeID="BE:CBE">0200013901</cbc:ID>
                     </cac:PartyIdentification>
                     <cac:PartyName>
                        <cbc:Name>ACME</cbc:Name>
                     </cac:PartyName>
                     <cac:PostalAddress>
                        <cbc:StreetName>Simon Bolivarlaan 30/9</cbc:StreetName>
                        <cbc:CityName>BRUSSEL</cbc:CityName>
                        <cbc:PostalZone>1000</cbc:PostalZone>
                        <cac:Country>
                           <cbc:IdentificationCode listID="ISO3166-1:Alpha2">BE</cbc:IdentificationCode>
                        </cac:Country>
                     </cac:PostalAddress>
                     <cac:PartyTaxScheme>
                        <cbc:CompanyID schemeID="BE:VAT">BE0200013901</cbc:CompanyID>
                        <cac:TaxScheme>
                           <cbc:ID>VAT</cbc:ID>
                        </cac:TaxScheme>
                     </cac:PartyTaxScheme>
                     <cac:PartyLegalEntity>
                        <cbc:RegistrationName>D.W. Soft bvba</cbc:RegistrationName>
                        <cbc:CompanyID schemeID="BE:CBE">0200013901</cbc:CompanyID>
                     </cac:PartyLegalEntity>
                     <cac:Contact>
                        <cbc:ElectronicMail>dirk.willekens@dwsoft.be</cbc:ElectronicMail>
                     </cac:Contact>
                  </cac:Party>
               </cac:AccountingSupplierParty>
               <cac:AccountingCustomerParty>
                  <cac:Party>
                     <cac:PartyIdentification>
                        <cbc:ID schemeID="BE:CBE">2222222222</cbc:ID>
                     </cac:PartyIdentification>
                     <cac:PartyName>
                        <cbc:Name>Fake customer</cbc:Name>
                     </cac:PartyName>
                     <cac:PostalAddress>
                        <cbc:StreetName>Simon Bolivarlaan 34</cbc:StreetName>
                        <cbc:CityName>ANTWERPEN</cbc:CityName>
                        <cbc:PostalZone>2000</cbc:PostalZone>
                        <cac:Country>
                           <cbc:IdentificationCode listID="ISO3166-1:Alpha2">BE</cbc:IdentificationCode>
                        </cac:Country>
                     </cac:PostalAddress>
                     <cac:PartyTaxScheme>
                        <cbc:CompanyID schemeID="BE:VAT">BE2222222222</cbc:CompanyID>
                        <cac:TaxScheme>
                           <cbc:ID>VAT</cbc:ID>
                        </cac:TaxScheme>
                     </cac:PartyTaxScheme>
                     <cac:PartyLegalEntity>
                        <cbc:RegistrationName>Fake Customer</cbc:RegistrationName>
                        <cbc:CompanyID schemeID="BE:CBE">2222222222</cbc:CompanyID>
                     </cac:PartyLegalEntity>
                  </cac:Party>
               </cac:AccountingCustomerParty>
               <cac:PaymentMeans>
                  <cbc:PaymentMeansCode listID="UNCL4461">1</cbc:PaymentMeansCode>
                  <cbc:PaymentDueDate>2018-05-31</cbc:PaymentDueDate>
                  <cbc:PaymentChannelCode>IBAN</cbc:PaymentChannelCode>
                  <cbc:InstructionNote>SIMPLE TEST TO FAKE CUSTOMER</cbc:InstructionNote>
                  <cac:PayeeFinancialAccount>
                     <cbc:ID schemeID="IBAN">BE86736009252450</cbc:ID>
                     <cac:FinancialInstitutionBranch>
                        <cac:FinancialInstitution>
                           <cbc:ID schemeID="BIC">KREDBEBB</cbc:ID>
                        </cac:FinancialInstitution>
                     </cac:FinancialInstitutionBranch>
                  </cac:PayeeFinancialAccount>
               </cac:PaymentMeans>
               <cac:TaxTotal>
                  <cbc:TaxAmount currencyID="EUR">21.00</cbc:TaxAmount>
                  <cac:TaxSubtotal>
                     <cbc:TaxableAmount currencyID="EUR">100.00</cbc:TaxableAmount>
                     <cbc:TaxAmount currencyID="EUR">21.00</cbc:TaxAmount>
                     <cac:TaxCategory>
                        <cbc:ID schemeID="UNCL5305">S</cbc:ID>
                        <cbc:Percent>21.00</cbc:Percent>
                        <cac:TaxScheme>
                           <cbc:ID>VAT</cbc:ID>
                        </cac:TaxScheme>
                     </cac:TaxCategory>
                  </cac:TaxSubtotal>
               </cac:TaxTotal>
               <cac:LegalMonetaryTotal>
                  <cbc:LineExtensionAmount currencyID="EUR">100.00</cbc:LineExtensionAmount>
                  <cbc:TaxExclusiveAmount currencyID="EUR">100.00</cbc:TaxExclusiveAmount>
                  <cbc:TaxInclusiveAmount currencyID="EUR">121.00</cbc:TaxInclusiveAmount>
                  <cbc:PayableAmount currencyID="EUR">121.00</cbc:PayableAmount>
               </cac:LegalMonetaryTotal>
               <cac:InvoiceLine>
                  <cbc:ID>1</cbc:ID>
                  <cbc:InvoicedQuantity unitCode="NAR" unitCodeListID="UNECERec20">1.00</cbc:InvoicedQuantity>
                  <cbc:LineExtensionAmount currencyID="EUR">100.00</cbc:LineExtensionAmount>
                  <cac:TaxTotal>
                     <cbc:TaxAmount currencyID="EUR">21.00</cbc:TaxAmount>
                  </cac:TaxTotal>
                  <cac:Item>
                     <cbc:Description>Line1 description - may be long</cbc:Description>
                     <cbc:Name>Line1max50char</cbc:Name>
                     <cac:ClassifiedTaxCategory>
                        <cbc:ID schemeID="UNCL5305">S</cbc:ID>
                        <cbc:Percent>21.00</cbc:Percent>
                        <cac:TaxScheme>
                           <cbc:ID>VAT</cbc:ID>
                        </cac:TaxScheme>
                     </cac:ClassifiedTaxCategory>
                  </cac:Item>
                  <cac:Price>
                     <cbc:PriceAmount currencyID="EUR">100.00</cbc:PriceAmount>
                     <cbc:BaseQuantity>1.00</cbc:BaseQuantity>
                  </cac:Price>
               </cac:InvoiceLine>
            </Invoice>
            </v12:document>
         </v2:request>
      </v2:submitDocumentRequest>
   </soapenv:Body>
</soapenv:Envelope>]]></con:request><con:assertion type="SOAP Fault Assertion" id="f79fc473-a45b-4ed4-86e8-3fa1f37c31d5" name="Not SOAP Fault"/><con:assertion type="SOAP Response" id="811a08ee-9b93-4d81-8f8c-9489ab55cdff" name="SOAP Response"/><con:assertion type="Schema Compliance" id="9d077579-ddcd-40b6-9756-760087e16020" name="Schema Compliance"><con:configuration/></con:assertion><con:wsaConfig action="http://fidus.brussels/services/invoiceservice/submitDocument"/></con:request></con:config></con:testStep><con:testStep type="request" id="e6687cc8-34eb-44ee-89e6-021fa2c87b08" name="testcase5 - Prod - Worker2 - Request"><con:settings/><con:config xsi:type="con:RequestStep" xmlns:xsi="http://www.w3.org/2001/XMLSchema-instance"><con:interface>InvoiceServiceHTTPBinding</con:interface><con:operation>submitDocument</con:operation><con:request name="testcase5 - Prod - Worker2 - Request" id="56acf9fa-0f54-4f02-b1f1-34f755cd54f7" outgoingWss="Outflow PROD"><con:settings/><con:encoding>UTF-8</con:encoding><con:endpoint>https://192.168.26.19:8443/services/InvoiceService_v2.0</con:endpoint><con:request><![CDATA[<soapenv:Envelope xmlns:soapenv="http://schemas.xmlsoap.org/soap/envelope/" xmlns:v2="http://fidus.brussels/service/invoiceservice/messages/v2.0" xmlns:v1="http://fidus.brussels/service/invoiceservice/messages/v1.2" xmlns:v11="http://fidus.brussels/type/common/messages/v1" xmlns:urn="urn:oasis:names:specification:ubl:schema:xsd:ApplicationResponse-2" xmlns:urn1="urn:oasis:names:specification:ubl:schema:xsd:CommonExtensionComponents-2" xmlns:urn2="urn:oasis:names:specification:ubl:schema:xsd:CommonBasicComponents-2" xmlns:urn3="urn:oasis:names:specification:ubl:schema:xsd:CommonAggregateComponents-2">
   <soapenv:Header/>
   <soapenv:Body>
      <v2:submitDocumentRequest>
         <v2:messageContext>
            <v11:messageId>?</v11:messageId>
         </v2:messageContext>
         <v2:legalContext>ServiceIntegrator</v2:legalContext>
         <v2:request>
            <v12:document xmlns:v12="http://fsb.belgium.be/einvoicing/simpleprior/v1_00">                
            <Invoice xmlns="urn:oasis:names:specification:ubl:schema:xsd:Invoice-2"
                    xmlns:cbc="urn:oasis:names:specification:ubl:schema:xsd:CommonBasicComponents-2"
                    xmlns:cac="urn:oasis:names:specification:ubl:schema:xsd:CommonAggregateComponents-2">
               <cbc:UBLVersionID>2.1</cbc:UBLVersionID>
               <cbc:CustomizationID>urn:www.cenbii.eu:transaction:biitrns010:ver2.0:extended:urn:www.peppol.eu:bis:peppol5a:ver2.0</cbc:CustomizationID>
               <cbc:ProfileID>urn:www.cenbii.eu:profile:bii05:ver2.0</cbc:ProfileID>
               <cbc:ID>118120479086FAKNOV-13-5B</cbc:ID>
               <cbc:IssueDate>2018-06-12</cbc:IssueDate>
               <cbc:InvoiceTypeCode listID="UNCL1001">380</cbc:InvoiceTypeCode>
               <cbc:DocumentCurrencyCode listID="ISO4217">EUR</cbc:DocumentCurrencyCode>
               <cac:AccountingSupplierParty>
                  <cac:Party>
                     <cac:PartyIdentification>
                        <cbc:ID schemeID="BE:CBE">0200013901</cbc:ID>
                     </cac:PartyIdentification>
                     <cac:PartyName>
                        <cbc:Name>ACME</cbc:Name>
                     </cac:PartyName>
                     <cac:PostalAddress>
                        <cbc:StreetName>Simon Bolivarlaan 30/9</cbc:StreetName>
                        <cbc:CityName>BRUSSEL</cbc:CityName>
                        <cbc:PostalZone>1000</cbc:PostalZone>
                        <cac:Country>
                           <cbc:IdentificationCode listID="ISO3166-1:Alpha2">BE</cbc:IdentificationCode>
                        </cac:Country>
                     </cac:PostalAddress>
                     <cac:PartyTaxScheme>
                        <cbc:CompanyID schemeID="BE:VAT">BE0200013901</cbc:CompanyID>
                        <cac:TaxScheme>
                           <cbc:ID>VAT</cbc:ID>
                        </cac:TaxScheme>
                     </cac:PartyTaxScheme>
                     <cac:PartyLegalEntity>
                        <cbc:RegistrationName>D.W. Soft bvba</cbc:RegistrationName>
                        <cbc:CompanyID schemeID="BE:CBE">0200013901</cbc:CompanyID>
                     </cac:PartyLegalEntity>
                     <cac:Contact>
                        <cbc:ElectronicMail>dirk.willekens@dwsoft.be</cbc:ElectronicMail>
                     </cac:Contact>
                  </cac:Party>
               </cac:AccountingSupplierParty>
               <cac:AccountingCustomerParty>
                  <cac:Party>
                     <cac:PartyIdentification>
                        <cbc:ID schemeID="BE:CBE">2222222222</cbc:ID>
                     </cac:PartyIdentification>
                     <cac:PartyName>
                        <cbc:Name>Fake customer</cbc:Name>
                     </cac:PartyName>
                     <cac:PostalAddress>
                        <cbc:StreetName>Simon Bolivarlaan 34</cbc:StreetName>
                        <cbc:CityName>ANTWERPEN</cbc:CityName>
                        <cbc:PostalZone>2000</cbc:PostalZone>
                        <cac:Country>
                           <cbc:IdentificationCode listID="ISO3166-1:Alpha2">BE</cbc:IdentificationCode>
                        </cac:Country>
                     </cac:PostalAddress>
                     <cac:PartyTaxScheme>
                        <cbc:CompanyID schemeID="BE:VAT">BE2222222222</cbc:CompanyID>
                        <cac:TaxScheme>
                           <cbc:ID>VAT</cbc:ID>
                        </cac:TaxScheme>
                     </cac:PartyTaxScheme>
                     <cac:PartyLegalEntity>
                        <cbc:RegistrationName>Fake Customer</cbc:RegistrationName>
                        <cbc:CompanyID schemeID="BE:CBE">2222222222</cbc:CompanyID>
                     </cac:PartyLegalEntity>
                  </cac:Party>
               </cac:AccountingCustomerParty>
               <cac:PaymentMeans>
                  <cbc:PaymentMeansCode listID="UNCL4461">1</cbc:PaymentMeansCode>
                  <cbc:PaymentDueDate>2018-05-31</cbc:PaymentDueDate>
                  <cbc:PaymentChannelCode>IBAN</cbc:PaymentChannelCode>
                  <cbc:InstructionNote>SIMPLE TEST TO FAKE CUSTOMER</cbc:InstructionNote>
                  <cac:PayeeFinancialAccount>
                     <cbc:ID schemeID="IBAN">BE86736009252450</cbc:ID>
                     <cac:FinancialInstitutionBranch>
                        <cac:FinancialInstitution>
                           <cbc:ID schemeID="BIC">KREDBEBB</cbc:ID>
                        </cac:FinancialInstitution>
                     </cac:FinancialInstitutionBranch>
                  </cac:PayeeFinancialAccount>
               </cac:PaymentMeans>
               <cac:TaxTotal>
                  <cbc:TaxAmount currencyID="EUR">21.00</cbc:TaxAmount>
                  <cac:TaxSubtotal>
                     <cbc:TaxableAmount currencyID="EUR">100.00</cbc:TaxableAmount>
                     <cbc:TaxAmount currencyID="EUR">21.00</cbc:TaxAmount>
                     <cac:TaxCategory>
                        <cbc:ID schemeID="UNCL5305">S</cbc:ID>
                        <cbc:Percent>21.00</cbc:Percent>
                        <cac:TaxScheme>
                           <cbc:ID>VAT</cbc:ID>
                        </cac:TaxScheme>
                     </cac:TaxCategory>
                  </cac:TaxSubtotal>
               </cac:TaxTotal>
               <cac:LegalMonetaryTotal>
                  <cbc:LineExtensionAmount currencyID="EUR">100.00</cbc:LineExtensionAmount>
                  <cbc:TaxExclusiveAmount currencyID="EUR">100.00</cbc:TaxExclusiveAmount>
                  <cbc:TaxInclusiveAmount currencyID="EUR">121.00</cbc:TaxInclusiveAmount>
                  <cbc:PayableAmount currencyID="EUR">121.00</cbc:PayableAmount>
               </cac:LegalMonetaryTotal>
               <cac:InvoiceLine>
                  <cbc:ID>1</cbc:ID>
                  <cbc:InvoicedQuantity unitCode="NAR" unitCodeListID="UNECERec20">1.00</cbc:InvoicedQuantity>
                  <cbc:LineExtensionAmount currencyID="EUR">100.00</cbc:LineExtensionAmount>
                  <cac:TaxTotal>
                     <cbc:TaxAmount currencyID="EUR">21.00</cbc:TaxAmount>
                  </cac:TaxTotal>
                  <cac:Item>
                     <cbc:Description>Line1 description - may be long</cbc:Description>
                     <cbc:Name>Line1max50char</cbc:Name>
                     <cac:ClassifiedTaxCategory>
                        <cbc:ID schemeID="UNCL5305">S</cbc:ID>
                        <cbc:Percent>21.00</cbc:Percent>
                        <cac:TaxScheme>
                           <cbc:ID>VAT</cbc:ID>
                        </cac:TaxScheme>
                     </cac:ClassifiedTaxCategory>
                  </cac:Item>
                  <cac:Price>
                     <cbc:PriceAmount currencyID="EUR">100.00</cbc:PriceAmount>
                     <cbc:BaseQuantity>1.00</cbc:BaseQuantity>
                  </cac:Price>
               </cac:InvoiceLine>
            </Invoice>
            </v12:document>
         </v2:request>
      </v2:submitDocumentRequest>
   </soapenv:Body>
</soapenv:Envelope>]]></con:request><con:assertion type="SOAP Fault Assertion" id="8bfb2eda-003e-4fc5-be4e-90f8e29ad1f2" name="Not SOAP Fault"/><con:assertion type="SOAP Response" id="d4faf195-4698-4271-b737-ee07fc1f3ed5" name="SOAP Response"/><con:assertion type="Schema Compliance" id="ab5dc787-8595-4fcf-9c69-1375f983a680" name="Schema Compliance"><con:configuration/></con:assertion><con:wsaConfig action="http://fidus.brussels/services/invoiceservice/submitDocument"/></con:request></con:config></con:testStep><con:properties/></con:testCase><con:testCase id="c2a11419-816e-4890-9639-c789b8deff65" failOnError="true" failTestCaseOnErrors="true" keepSession="false" maxResults="0" name="submitInboxRequest" searchProperties="true"><con:settings/><con:testStep type="request" id="f8b634b7-90aa-4ebd-a3e1-cc64f334d1a0" name="testcase5 - Prod - External - Request"><con:settings/><con:config xsi:type="con:RequestStep" xmlns:xsi="http://www.w3.org/2001/XMLSchema-instance"><con:interface>InvoiceServiceHTTPBinding</con:interface><con:operation>submitInboxRequest</con:operation><con:request name="testcase5 - Prod - External - Request" id="31b9d40a-6023-45f0-8780-d86bae8f9b66" outgoingWss="Outflow PROD"><con:settings/><con:encoding>UTF-8</con:encoding><con:endpoint>https://fidus.sec.brussels/services/InvoiceService_v2.0</con:endpoint><con:request><![CDATA[<soapenv:Envelope xmlns:soapenv="http://schemas.xmlsoap.org/soap/envelope/" xmlns:v2="http://fidus.brussels/service/invoiceservice/messages/v2.0" xmlns:v11="http://fidus.brussels/type/common/messages/v1">
   <soapenv:Header/>
   <soapenv:Body>
      <v2:submitInboxRequestRequest>
         <v2:messageContext>
            <v11:messageId>?</v11:messageId>
         </v2:messageContext>
         <v2:legalContext>ServiceIntegrator</v2:legalContext>
         <v2:request>
            <v12:receiverId xmlns:v12="http://fsb.belgium.be/einvoicing/simpleprior/v1_00">2222222222</v12:receiverId>
            <v12:senderId xmlns:v12="http://fsb.belgium.be/einvoicing/simpleprior/v1_00">0200013901</v12:senderId>        
         </v2:request>
      </v2:submitInboxRequestRequest>
   </soapenv:Body>
</soapenv:Envelope>]]></con:request><con:assertion type="SOAP Fault Assertion" id="3b4e3f78-6f82-4692-8cdb-4b79e6c4b713" name="Not SOAP Fault"/><con:assertion type="SOAP Response" id="6578e7bf-8822-4c97-ae9a-35562b3a460e" name="SOAP Response"/><con:assertion type="Schema Compliance" id="4009b6a4-edfd-4792-9908-1b5d25bad600" name="Schema Compliance"><con:configuration/></con:assertion><con:wsaConfig action="http://fidus.brussels/services/invoiceservice/submitInboxRequest"/></con:request></con:config></con:testStep><con:testStep type="request" id="3777a381-d46d-4a17-bc2c-4269cdfa2753" name="testcase5 - Prod - LB - Request"><con:settings/><con:config xsi:type="con:RequestStep" xmlns:xsi="http://www.w3.org/2001/XMLSchema-instance"><con:interface>InvoiceServiceHTTPBinding</con:interface><con:operation>submitInboxRequest</con:operation><con:request name="testcase5 - Prod - LB - Request" id="8bf6e679-6f60-4ad9-803e-5c06f5304131" outgoingWss="Outflow PROD"><con:settings/><con:encoding>UTF-8</con:encoding><con:endpoint>https://fidus-esb-sg.prd.srv.cirb.lan:8443/services/InvoiceService_v2.0</con:endpoint><con:request><![CDATA[<soapenv:Envelope xmlns:soapenv="http://schemas.xmlsoap.org/soap/envelope/" xmlns:v2="http://fidus.brussels/service/invoiceservice/messages/v2.0" xmlns:v11="http://fidus.brussels/type/common/messages/v1">
   <soapenv:Header/>
   <soapenv:Body>
      <v2:submitInboxRequestRequest>
         <v2:messageContext>
            <v11:messageId>?</v11:messageId>
         </v2:messageContext>
         <v2:legalContext>ServiceIntegrator</v2:legalContext>
         <v2:request>
            <v12:receiverId xmlns:v12="http://fsb.belgium.be/einvoicing/simpleprior/v1_00">2222222222</v12:receiverId>
            <v12:senderId xmlns:v12="http://fsb.belgium.be/einvoicing/simpleprior/v1_00">0200013901</v12:senderId>        
         </v2:request>
      </v2:submitInboxRequestRequest>
   </soapenv:Body>
</soapenv:Envelope>]]></con:request><con:assertion type="SOAP Fault Assertion" id="38508a3a-82cf-4207-b910-9cd0996db6c2" name="Not SOAP Fault"/><con:assertion type="SOAP Response" id="1c73c31d-6b4d-4823-b37a-45efad5aef24" name="SOAP Response"/><con:assertion type="Schema Compliance" id="305efbec-ee6c-46a8-a48b-3dd13a3ae148" name="Schema Compliance"><con:configuration/></con:assertion><con:wsaConfig action="http://fidus.brussels/services/invoiceservice/submitInboxRequest"/></con:request></con:config></con:testStep><con:testStep type="request" id="10804625-e965-48f0-b23d-4e111d1ef65a" name="testcase5 - Prod - Worker1 - Request"><con:settings/><con:config xsi:type="con:RequestStep" xmlns:xsi="http://www.w3.org/2001/XMLSchema-instance"><con:interface>InvoiceServiceHTTPBinding</con:interface><con:operation>submitInboxRequest</con:operation><con:request name="testcase5 - Prod - Worker1 - Request" id="b3db6c1e-34e3-4ba3-8798-078331a0dfb9" outgoingWss="Outflow PROD"><con:settings/><con:encoding>UTF-8</con:encoding><con:endpoint>https://192.168.26.22:8443/services/InvoiceService_v2.0</con:endpoint><con:request><![CDATA[<soapenv:Envelope xmlns:soapenv="http://schemas.xmlsoap.org/soap/envelope/" xmlns:v2="http://fidus.brussels/service/invoiceservice/messages/v2.0" xmlns:v11="http://fidus.brussels/type/common/messages/v1">
   <soapenv:Header/>
   <soapenv:Body>
      <v2:submitInboxRequestRequest>
         <v2:messageContext>
            <v11:messageId>?</v11:messageId>
         </v2:messageContext>
         <v2:legalContext>ServiceIntegrator</v2:legalContext>
         <v2:request>
            <v12:receiverId xmlns:v12="http://fsb.belgium.be/einvoicing/simpleprior/v1_00">2222222222</v12:receiverId>
            <v12:senderId xmlns:v12="http://fsb.belgium.be/einvoicing/simpleprior/v1_00">0200013901</v12:senderId>        
         </v2:request>
      </v2:submitInboxRequestRequest>
   </soapenv:Body>
</soapenv:Envelope>]]></con:request><con:assertion type="SOAP Fault Assertion" id="9271deb6-def7-4249-a5c0-46020ab3abd3" name="Not SOAP Fault"/><con:assertion type="SOAP Response" id="fb0f4441-277c-4045-9129-8ad98c13d43c" name="SOAP Response"/><con:assertion type="Schema Compliance" id="238d6b67-1d92-4ad6-b8f1-0458234a8f25" name="Schema Compliance"><con:configuration/></con:assertion><con:wsaConfig action="http://fidus.brussels/services/invoiceservice/submitInboxRequest"/></con:request></con:config></con:testStep><con:testStep type="request" id="3de47201-b53a-48ee-990b-c3bbbf065898" name="testcase5 - Prod - Worker2 - Request"><con:settings/><con:config xsi:type="con:RequestStep" xmlns:xsi="http://www.w3.org/2001/XMLSchema-instance"><con:interface>InvoiceServiceHTTPBinding</con:interface><con:operation>submitInboxRequest</con:operation><con:request name="testcase5 - Prod - Worker2 - Request" id="84d849b4-c0ce-4b72-b372-f58e4e0c3231" outgoingWss="Outflow PROD"><con:settings/><con:encoding>UTF-8</con:encoding><con:endpoint>https://192.168.26.19:8443/services/InvoiceService_v2.0</con:endpoint><con:request><![CDATA[<soapenv:Envelope xmlns:soapenv="http://schemas.xmlsoap.org/soap/envelope/" xmlns:v2="http://fidus.brussels/service/invoiceservice/messages/v2.0" xmlns:v11="http://fidus.brussels/type/common/messages/v1">
   <soapenv:Header/>
   <soapenv:Body>
      <v2:submitInboxRequestRequest>
         <v2:messageContext>
            <v11:messageId>?</v11:messageId>
         </v2:messageContext>
         <v2:legalContext>ServiceIntegrator</v2:legalContext>
         <v2:request>
            <v12:receiverId xmlns:v12="http://fsb.belgium.be/einvoicing/simpleprior/v1_00">2222222222</v12:receiverId>
            <v12:senderId xmlns:v12="http://fsb.belgium.be/einvoicing/simpleprior/v1_00">0200013901</v12:senderId>        
         </v2:request>
      </v2:submitInboxRequestRequest>
   </soapenv:Body>
</soapenv:Envelope>]]></con:request><con:assertion type="SOAP Fault Assertion" id="a6aa6e44-b4ee-487e-8dd7-b6456c1bf0d2" name="Not SOAP Fault"/><con:assertion type="SOAP Response" id="5b168eec-9b90-48ca-827b-97927182a0b4" name="SOAP Response"/><con:assertion type="Schema Compliance" id="d8aee7d1-9d45-4083-a039-f6c349bda8db" name="Schema Compliance"><con:configuration/></con:assertion><con:wsaConfig action="http://fidus.brussels/services/invoiceservice/submitInboxRequest"/></con:request></con:config></con:testStep><con:properties/></con:testCase><con:properties/></con:testSuite><con:properties/><con:wssContainer><con:crypto><con:source>data/wso2/keystores/user-rajarshi.jks</con:source><con:password>test@fidus01</con:password><con:type>KEYSTORE</con:type></con:crypto><con:outgoing><con:name>Outflow DEV</con:name></con:outgoing><con:outgoing><con:name>Outflow TEST</con:name><con:entry type="Signature" username="testuser-test.fidus.brussels" password="test@fidus01"><con:configuration><crypto>user-rajarshi.jks</crypto><keyIdentifierType>3</keyIdentifierType><signatureAlgorithm/><signatureCanonicalization/><useSingleCert>true</useSingleCert><digestAlgorithm/><customTokenValueType/><customTokenId/></con:configuration></con:entry><con:entry type="Timestamp"><con:configuration><timeToLive>300000</timeToLive><strictTimestamp>true</strictTimestamp></con:configuration></con:entry></con:outgoing><con:outgoing><con:name>Outflow STAG</con:name></con:outgoing><con:outgoing><con:name>Outflow PROD</con:name></con:outgoing></con:wssContainer><con:oAuth2ProfileContainer/><con:oAuth1ProfileContainer/><con:sensitiveInformation/></con:soapui-project>