<?xml version="1.0" encoding="UTF-8"?>
<con:soapui-project activeEnvironment="Default" name="Client-ArchitectOrderService-1.0-soapui-project" resourceRoot="" soapui-version="5.1.3" abortOnError="false" runType="SEQUENTIAL" id="a3677aa2-6727-4a71-8012-98245e86ceec" xmlns:con="http://eviware.com/soapui/config">
  <con:settings/>
  <con:interface xsi:type="con:WsdlInterface" id="cf75a02b-816b-4b50-a48c-3e3c299cfdf1" wsaVersion="NONE" name="ArchitectOrderServiceHTTPBinding" type="wsdl" bindingName="{http://fidus.brussels/service/architectorderservice/v1}ArchitectOrderServiceHTTPBinding" soapVersion="1_1" anonymous="optional" definition="/home/isr/git/parent/architectorderservice_1.0/ArchitectOrderServiceGateway/src/main/resources/wsdl/architectOrderService/1.0.0/ArchitectOrderService_v1.wsdl" xmlns:xsi="http://www.w3.org/2001/XMLSchema-instance">
    <con:settings/>
    
    <con:definitionCache type="TEXT" rootPart="file:/home/isr/git/parent/architectorderservice_1.0/ArchitectOrderServiceGateway/src/main/resources/wsdl/architectOrderService/1.0.0/ArchitectOrderService_v1.wsdl"><con:part><con:url>file:/home/isr/git/parent/architectorderservice_1.0/ArchitectOrderServiceGateway/src/main/resources/wsdl/architectOrderService/1.0.0/ArchitectOrderService_v1.wsdl</con:url><con:content><![CDATA[<wsdl:definitions targetNamespace="http://fidus.brussels/service/architectorderservice/v1" name="ArchitectOrderService" xmlns:soap="http://schemas.xmlsoap.org/wsdl/soap/" xmlns:wsdl="http://schemas.xmlsoap.org/wsdl/" xmlns:xsd="http://www.w3.org/2001/XMLSchema" xmlns:mes="http://fidus.brussels/service/architectorderservice/messages/v1" xmlns:tns="http://fidus.brussels/service/architectorderservice/v1">
  <xsd:annotation>
    <xsd:documentation>ArchitectOrder service WDSL v1.</xsd:documentation>
  </xsd:annotation>
  <wsdl:types>
    <xsd:schema targetNamespace="http://fidus.brussels/service/architectorderservice/v1" elementFormDefault="qualified">
      <xsd:import namespace="http://fidus.brussels/service/architectorderservice/messages/v1" schemaLocation="messages/architectOrderServiceMessages_v1.xsd"/>
    </xsd:schema>
  </wsdl:types>
  <wsdl:message name="byNationalNumberRequestMessage">
    <wsdl:part name="ByNationalNumberRequest" element="mes:byNationalNumberRequest"/>
  </wsdl:message>
  <wsdl:message name="byNationalNumberResponseMessage">
    <wsdl:part name="ByNationalNumberResponse" element="mes:byNationalNumberResponse"/>
  </wsdl:message>
  <wsdl:message name="byCompanyNumberRequestMessage">
    <wsdl:part name="ByCompanyNumberRequest" element="mes:byCompanyNumberRequest"/>
  </wsdl:message>
  <wsdl:message name="byCompanyNumberResponseMessage">
    <wsdl:part name="ByCompanyNumberResponse" element="mes:byCompanyNumberResponse"/>
  </wsdl:message>
  <wsdl:message name="byReferenceNumberRequestMessage">
    <wsdl:part name="ByReferenceNumberRequest" element="mes:byReferenceNumberRequest"/>
  </wsdl:message>
  <wsdl:message name="byReferenceNumberResponseMessage">
    <wsdl:part name="ByReferenceNumberResponse" element="mes:byReferenceNumberResponse"/>
  </wsdl:message>
  <wsdl:portType name="ArchitectOrderServicePortType">
    <wsdl:operation name="byNationalNumber">
      <wsdl:input message="tns:byNationalNumberRequestMessage"/>
      <wsdl:output message="tns:byNationalNumberResponseMessage"/>
    </wsdl:operation>
    <wsdl:operation name="byCompanyNumber">
      <wsdl:input message="tns:byCompanyNumberRequestMessage"/>
      <wsdl:output message="tns:byCompanyNumberResponseMessage"/>
    </wsdl:operation>
    <wsdl:operation name="byReferenceNumber">
      <wsdl:input message="tns:byReferenceNumberRequestMessage"/>
      <wsdl:output message="tns:byReferenceNumberResponseMessage"/>
    </wsdl:operation>
  </wsdl:portType>
  <wsdl:binding name="ArchitectOrderServiceHTTPBinding" type="tns:ArchitectOrderServicePortType">
    <soap:binding style="document" transport="http://schemas.xmlsoap.org/soap/http"/>
    <wsdl:operation name="byNationalNumber">
      <soap:operation soapAction="http://fidus.brussels/services/architectorderservice/byNationalNumber"/>
      <wsdl:input>
        <soap:body use="literal"/>
      </wsdl:input>
      <wsdl:output>
        <soap:body use="literal"/>
      </wsdl:output>
    </wsdl:operation>
    <wsdl:operation name="byCompanyNumber">
      <soap:operation soapAction="http://fidus.brussels/services/architectorderservice/byCompanyNumber"/>
      <wsdl:input>
        <soap:body use="literal"/>
      </wsdl:input>
      <wsdl:output>
        <soap:body use="literal"/>
      </wsdl:output>
    </wsdl:operation>
    <wsdl:operation name="byReferenceNumber">
      <soap:operation soapAction="http://fidus.brussels/services/architectorderservice/byReferenceNumber"/>
      <wsdl:input>
        <soap:body use="literal"/>
      </wsdl:input>
      <wsdl:output>
        <soap:body use="literal"/>
      </wsdl:output>
    </wsdl:operation>
  </wsdl:binding>
  <wsdl:service name="ArchitectOrderService_v1">
    <wsdl:port name="ArchitectOrderService_v1" binding="tns:ArchitectOrderServiceHTTPBinding">
      <soap:address location="http://fidus.brussels/services/architectorderservice/v1"/>
    </wsdl:port>
  </wsdl:service>
</wsdl:definitions>]]></con:content><con:type>http://schemas.xmlsoap.org/wsdl/</con:type></con:part><con:part><con:url>file:/home/isr/git/parent/architectorderservice_1.0/ArchitectOrderServiceGateway/src/main/resources/wsdl/architectOrderService/1.0.0/messages/architectOrderServiceMessages_v1.xsd</con:url><con:content><![CDATA[<xsd:schema targetNamespace="http://fidus.brussels/service/architectorderservice/messages/v1" elementFormDefault="qualified" attributeFormDefault="unqualified" version="1.0" xmlns:xsd="http://www.w3.org/2001/XMLSchema" xmlns:cme="http://fidus.brussels/type/common/messages/v1" xmlns:exc="http://fidus.brussels/type/common/exceptions/v1" xmlns:aow="https://archionweb.be/" xmlns:tns="http://fidus.brussels/service/architectorderservice/messages/v1">
  <xsd:import namespace="http://fidus.brussels/type/common/messages/v1" schemaLocation="baseMessageTypes_v1.xsd"/>
  <xsd:import namespace="http://fidus.brussels/type/common/exceptions/v1" schemaLocation="exceptionTypes_v1.xsd"/>
  <xsd:import namespace="https://archionweb.be/" schemaLocation="../archiOnWeb/archiOnWebService_v1.xsd"/>
  <xsd:complexType name="PersonNumberRequestType">
    <xsd:sequence>
      <xsd:element name="personNumber" type="cme:PersonNumberType" nillable="true"></xsd:element>
    </xsd:sequence>
  </xsd:complexType>
  <xsd:complexType name="CompanyNumberRequestType">
    <xsd:sequence>
      <xsd:element name="companyNumber" nillable="false">
        <xsd:simpleType>
          <xsd:restriction base="xsd:string">
            <xsd:minLength value="1"/>
          </xsd:restriction>
        </xsd:simpleType>
      </xsd:element>
    </xsd:sequence>
  </xsd:complexType>
  <xsd:complexType name="ReferenceNumberRequestType">
    <xsd:sequence>
      <xsd:element name="referenceNumber" nillable="false">
        <xsd:simpleType>
          <xsd:restriction base="xsd:string">
            <xsd:minLength value="1"/>
          </xsd:restriction>
        </xsd:simpleType>
      </xsd:element>
    </xsd:sequence>
  </xsd:complexType>
  <xsd:complexType name="ByNationalNumberRequestType">
    <xsd:sequence>
      <xsd:element name="messageContext" type="cme:RequestMessageContextType"/>
      <xsd:element name="legalContext" type="cme:LegalContextType"/>
      <xsd:element name="request" type="tns:PersonNumberRequestType"/>
    </xsd:sequence>
  </xsd:complexType>
  <xsd:complexType name="ByCompanyNumberRequestType">
    <xsd:sequence>
      <xsd:element name="messageContext" type="cme:RequestMessageContextType"/>
      <xsd:element name="legalContext" type="cme:LegalContextType"/>
      <xsd:element name="request" type="tns:CompanyNumberRequestType"/>
    </xsd:sequence>
  </xsd:complexType>
  <xsd:complexType name="ByReferenceNumberRequestType">
    <xsd:sequence>
      <xsd:element name="messageContext" type="cme:RequestMessageContextType"/>
      <xsd:element name="legalContext" type="cme:LegalContextType"/>
      <xsd:element name="request" type="tns:ReferenceNumberRequestType"/>
    </xsd:sequence>
  </xsd:complexType>
  <xsd:complexType name="ByNationalNumberResponseType">
    <xsd:sequence>
      <xsd:element name="messageContext" type="cme:ResponseMessageContextType"/>
      <xsd:element name="responses" type="tns:ByNationalNumberResponsesType" minOccurs="0"/>
      <xsd:element name="exceptions" type="exc:ExceptionsType" minOccurs="0"/>
    </xsd:sequence>
  </xsd:complexType>
  <xsd:complexType name="ByNationalNumberResponsesType">
    <xsd:sequence>
      <xsd:element name="response" type="aow:ByNationalNumberRespType" minOccurs="1" maxOccurs="1"/>
    </xsd:sequence>
  </xsd:complexType>
  <xsd:complexType name="ByCompanyNumberResponseType">
    <xsd:sequence>
      <xsd:element name="messageContext" type="cme:ResponseMessageContextType"/>
      <xsd:element name="responses" type="tns:ByCompanyNumberResponsesType" minOccurs="0"/>
      <xsd:element name="exceptions" type="exc:ExceptionsType" minOccurs="0"/>
    </xsd:sequence>
  </xsd:complexType>
  <xsd:complexType name="ByCompanyNumberResponsesType">
    <xsd:sequence>
      <xsd:element name="response" type="aow:ByCompanyNumberRespType" minOccurs="1" maxOccurs="1"/>
    </xsd:sequence>
  </xsd:complexType>
  <xsd:complexType name="ByReferenceNumberResponseType">
    <xsd:sequence>
      <xsd:element name="messageContext" type="cme:ResponseMessageContextType"/>
      <xsd:element name="responses" type="tns:ByReferenceNumberResponsesType" minOccurs="0"/>
      <xsd:element name="exceptions" type="exc:ExceptionsType" minOccurs="0"/>
    </xsd:sequence>
  </xsd:complexType>
  <xsd:complexType name="ByReferenceNumberResponsesType">
    <xsd:sequence>
      <xsd:element name="response" type="aow:ByReferenceNumberRespType" minOccurs="1" maxOccurs="1"/>
    </xsd:sequence>
  </xsd:complexType>
  <!--Element of the request and the response-->
  <xsd:element name="byNationalNumberRequest" type="tns:ByNationalNumberRequestType"/>
  <xsd:element name="byNationalNumberResponse" type="tns:ByNationalNumberResponseType"/>
  <xsd:element name="byCompanyNumberRequest" type="tns:ByCompanyNumberRequestType"/>
  <xsd:element name="byCompanyNumberResponse" type="tns:ByCompanyNumberResponseType"/>
  <xsd:element name="byReferenceNumberRequest" type="tns:ByReferenceNumberRequestType"/>
  <xsd:element name="byReferenceNumberResponse" type="tns:ByReferenceNumberResponseType"/>
</xsd:schema>]]></con:content><con:type>http://www.w3.org/2001/XMLSchema</con:type></con:part><con:part><con:url>file:/home/isr/git/parent/architectorderservice_1.0/ArchitectOrderServiceGateway/src/main/resources/wsdl/architectOrderService/1.0.0/messages/baseMessageTypes_v1.xsd</con:url><con:content><![CDATA[<xsd:schema targetNamespace="http://fidus.brussels/type/common/messages/v1" elementFormDefault="qualified" attributeFormDefault="unqualified" version="1.0" xmlns:xsd="http://www.w3.org/2001/XMLSchema" xmlns:cmn="http://fidus.brussels/type/common/v1" xmlns:nps="http://fidus.brussels/service/personservice/personservices/naturalPerson/v1" xmlns:tns="http://fidus.brussels/type/common/messages/v1">
  <!--Unformatted message Id-->
  <xsd:simpleType name="MessageIdType">
    <xsd:restriction base="xsd:string">
      <xsd:minLength value="1"/>
      <xsd:maxLength value="64"/>
    </xsd:restriction>
  </xsd:simpleType>
  <!--National Number of the person. Format depending on the Register-->
  <xsd:simpleType name="PersonNumberType">
    <xsd:restriction base="xsd:string">
      <xsd:pattern value="[0-9][0-9](([0][0-9])|([1][0-2]))(([0-2][0-9])|([3][0-1]))(([0-9]{2}[1-9])|([0-9][1-9][0-9])|([1-9][0-9]{2}))(([0-8][0-9])|([9][0-7]))">
        <xsd:annotation>
          <xsd:documentation>National Register format</xsd:documentation>
        </xsd:annotation>
      </xsd:pattern>
      <xsd:pattern value="[0-9][0-9](([2][0-9])|([3][0-2]))(([0-2][0-9])|([3][0-1]))[0-9]{3}(([0-8][0-9])|([9][0-7]))">
        <xsd:annotation>
          <xsd:documentation>CBSS Register format: Bis Register</xsd:documentation>
        </xsd:annotation>
      </xsd:pattern>
      <xsd:pattern value="[0-9][0-9](([4][0-9])|([5][0-2]))(([0-2][0-9])|([3][0-1]))[0-9]{3}(([0-8][0-9])|([9][0-7]))">
        <xsd:annotation>
          <xsd:documentation>CBSS Register format: Ter Register</xsd:documentation>
        </xsd:annotation>
      </xsd:pattern>
    </xsd:restriction>
  </xsd:simpleType>
  <!--Request message context-->
  <xsd:complexType name="RequestMessageContextType">
    <xsd:annotation>
      <xsd:documentation>Message context block generated by the consumer.</xsd:documentation>
    </xsd:annotation>
    <xsd:sequence>
      <xsd:element name="messageId" type="tns:MessageIdType">
        <xsd:annotation>
          <xsd:documentation>Consumer must assign their own MessageId reference for the request.</xsd:documentation>
        </xsd:annotation>
      </xsd:element>
      <xsd:element name="timestamp" type="xsd:dateTime" minOccurs="0">
        <xsd:annotation>
          <xsd:documentation>Timestamp when client sent request.</xsd:documentation>
        </xsd:annotation>
      </xsd:element>
    </xsd:sequence>
  </xsd:complexType>
  <!--Response message context-->
  <xsd:complexType name="ResponseMessageContextType">
    <xsd:annotation>
      <xsd:documentation>MessageContext block generated by Fidus.</xsd:documentation>
    </xsd:annotation>
    <xsd:sequence>
      <xsd:element name="messageId" type="tns:MessageIdType">
        <xsd:annotation>
          <xsd:documentation>A unique identifier generated by Fidus.</xsd:documentation>
        </xsd:annotation>
      </xsd:element>
      <xsd:element name="transactionId" type="tns:MessageIdType">
        <xsd:annotation>
          <xsd:documentation>A unique ID returned to the client for tracing purposes.</xsd:documentation>
        </xsd:annotation>
      </xsd:element>
      <xsd:element name="timestamp" type="xsd:dateTime" minOccurs="0">
        <xsd:annotation>
          <xsd:documentation>Time reply was sent by Fidus.</xsd:documentation>
        </xsd:annotation>
      </xsd:element>
    </xsd:sequence>
  </xsd:complexType>
  <!--Legal Context : the finality of the Privacy Commission-->
  <xsd:simpleType name="LegalContextType">
    <xsd:restriction base="xsd:string">
      <xsd:minLength value="1"/>
      <xsd:maxLength value="64"/>
    </xsd:restriction>
  </xsd:simpleType>
  <xsd:complexType name="UserContextType">
    <xsd:annotation>
      <xsd:documentation>The user context defines information regarding the actual user performing a request.</xsd:documentation>
    </xsd:annotation>
    <xsd:sequence>
      <xsd:element name="language" type="xsd:language" nillable="true">
        <xsd:annotation>
          <xsd:documentation>The preferred language of the actual user performing the request.
						This influences the language in which response elements are cast.</xsd:documentation>
        </xsd:annotation>
      </xsd:element>
    </xsd:sequence>
  </xsd:complexType>
</xsd:schema>]]></con:content><con:type>http://www.w3.org/2001/XMLSchema</con:type></con:part><con:part><con:url>file:/home/isr/git/parent/architectorderservice_1.0/ArchitectOrderServiceGateway/src/main/resources/wsdl/architectOrderService/1.0.0/messages/exceptionTypes_v1.xsd</con:url><con:content><![CDATA[<xsd:schema targetNamespace="http://fidus.brussels/type/common/exceptions/v1" elementFormDefault="qualified" attributeFormDefault="unqualified" version="1.0" xmlns:xsd="http://www.w3.org/2001/XMLSchema" xmlns:tns="http://fidus.brussels/type/common/exceptions/v1">
  <!--Basic error typed-->
  <xsd:complexType name="ExceptionsType">
    <xsd:sequence>
      <xsd:element name="exception" type="tns:ExceptionType" maxOccurs="unbounded"/>
    </xsd:sequence>
  </xsd:complexType>
  <xsd:complexType name="ExceptionType">
    <xsd:sequence>
      <xsd:element name="type" type="tns:ExceptionClassType"/>
      <xsd:element name="code" type="tns:ExceptionCodeType"/>
      <xsd:element name="source" type="tns:ExceptionSourceType"/>
      <xsd:element name="description" type="tns:ExceptionDescriptionType"/>
    </xsd:sequence>
  </xsd:complexType>
  <xsd:simpleType name="ExceptionClassType">
    <xsd:restriction base="xsd:string">
      <xsd:enumeration value="ERROR"/>
      <xsd:enumeration value="WARNING"/>
      <xsd:enumeration value="INFO"/>
    </xsd:restriction>
  </xsd:simpleType>
  <xsd:simpleType name="ExceptionCodeType">
    <xsd:restriction base="xsd:string">
      <xsd:maxLength value="20"/>
    </xsd:restriction>
  </xsd:simpleType>
  <xsd:simpleType name="ExceptionSourceType">
    <xsd:restriction base="xsd:string">
      <xsd:maxLength value="20"/>
    </xsd:restriction>
  </xsd:simpleType>
  <xsd:simpleType name="ExceptionDescriptionType">
    <xsd:restriction base="xsd:string"/>
  </xsd:simpleType>
</xsd:schema>]]></con:content><con:type>http://www.w3.org/2001/XMLSchema</con:type></con:part><con:part><con:url>file:/home/isr/git/parent/architectorderservice_1.0/ArchitectOrderServiceGateway/src/main/resources/wsdl/architectOrderService/1.0.0/archiOnWeb/archiOnWebService_v1.xsd</con:url><con:content><![CDATA[<xsd:schema targetNamespace="https://archionweb.be/" elementFormDefault="qualified" attributeFormDefault="unqualified" version="1.0" xmlns:xsd="http://www.w3.org/2001/XMLSchema" xmlns:tns="https://archionweb.be/">
  <xsd:complexType name="ByNationalNumberRespType">
    <xsd:sequence>
      <xsd:element name="ByNationalNumberResult" type="tns:WSResult" minOccurs="0" maxOccurs="1"/>
    </xsd:sequence>
  </xsd:complexType>
  <xsd:complexType name="ByCompanyNumberRespType">
    <xsd:sequence>
      <xsd:element name="ByCompanyNumberResult" type="tns:WSResult" minOccurs="0" maxOccurs="1"/>
    </xsd:sequence>
  </xsd:complexType>
  <xsd:complexType name="ByReferenceNumberRespType">
    <xsd:sequence>
      <xsd:element name="ByReferenceNumberResult" type="tns:WSResult" minOccurs="0" maxOccurs="1"/>
    </xsd:sequence>
  </xsd:complexType>
  <xsd:complexType name="WSResult">
    <xsd:sequence>
      <xsd:element minOccurs="0" maxOccurs="1" name="Architects" type="tns:ArrayOfArchitect"/>
      <xsd:element minOccurs="0" maxOccurs="1" name="Companies" type="tns:ArrayOfCompany"/>
    </xsd:sequence>
  </xsd:complexType>
  <xsd:complexType name="ArrayOfArchitect">
    <xsd:sequence>
      <xsd:element minOccurs="0" maxOccurs="unbounded" name="Architect" nillable="true" type="tns:Architect"/>
    </xsd:sequence>
  </xsd:complexType>
  <xsd:complexType name="Architect">
    <xsd:sequence>
      <xsd:element minOccurs="1" maxOccurs="1" name="IsInOrder" type="xsd:boolean"/>
      <xsd:element minOccurs="0" maxOccurs="1" name="Gender" type="xsd:string"/>
      <xsd:element minOccurs="0" maxOccurs="1" name="FirstName" type="xsd:string"/>
      <xsd:element minOccurs="0" maxOccurs="1" name="LastName" type="xsd:string"/>
      <xsd:element minOccurs="0" maxOccurs="1" name="Address" type="tns:AddressDto"/>
      <xsd:element minOccurs="0" maxOccurs="1" name="Contact" type="tns:ContactDto"/>
    </xsd:sequence>
  </xsd:complexType>
  <xsd:complexType name="AddressDto">
    <xsd:sequence>
      <xsd:element minOccurs="0" maxOccurs="1" name="Street" type="xsd:string"/>
      <xsd:element minOccurs="0" maxOccurs="1" name="StreetNumber" type="xsd:string"/>
      <xsd:element minOccurs="0" maxOccurs="1" name="ZipCode" type="xsd:string"/>
      <xsd:element minOccurs="0" maxOccurs="1" name="City" type="xsd:string"/>
      <xsd:element minOccurs="0" maxOccurs="1" name="Country" type="xsd:string"/>
    </xsd:sequence>
  </xsd:complexType>
  <xsd:complexType name="ContactDto">
    <xsd:sequence>
      <xsd:element minOccurs="0" maxOccurs="1" name="Phone1Prefix" type="xsd:string"/>
      <xsd:element minOccurs="0" maxOccurs="1" name="Phone1Number" type="xsd:string"/>
      <xsd:element minOccurs="0" maxOccurs="1" name="Phone2Prefix" type="xsd:string"/>
      <xsd:element minOccurs="0" maxOccurs="1" name="Phone2Number" type="xsd:string"/>
      <xsd:element minOccurs="0" maxOccurs="1" name="FaxPrefix" type="xsd:string"/>
      <xsd:element minOccurs="0" maxOccurs="1" name="FaxNumber" type="xsd:string"/>
      <xsd:element minOccurs="0" maxOccurs="1" name="EmailAddress" type="xsd:string"/>
    </xsd:sequence>
  </xsd:complexType>
  <xsd:complexType name="ArrayOfCompany">
    <xsd:sequence>
      <xsd:element minOccurs="0" maxOccurs="unbounded" name="Company" nillable="true" type="tns:Company"/>
    </xsd:sequence>
  </xsd:complexType>
  <xsd:complexType name="Company">
    <xsd:sequence>
      <xsd:element minOccurs="1" maxOccurs="1" name="IsInOrder" type="xsd:boolean"/>
      <xsd:element minOccurs="0" maxOccurs="1" name="Name" type="xsd:string"/>
      <xsd:element minOccurs="0" maxOccurs="1" name="LegalForm" type="xsd:string"/>
      <xsd:element minOccurs="0" maxOccurs="1" name="Address" type="tns:AddressDto"/>
      <xsd:element minOccurs="0" maxOccurs="1" name="Contact" type="tns:ContactDto"/>
    </xsd:sequence>
  </xsd:complexType>
</xsd:schema>]]></con:content><con:type>http://www.w3.org/2001/XMLSchema</con:type></con:part></con:definitionCache><con:endpoints>
      <con:endpoint>http://fidus.brussels/services/architectorderservice/v1</con:endpoint>
    </con:endpoints>
    <con:operation id="0407492c-5c5c-4fe6-85f1-754ab4cd026a" isOneWay="false" action="http://fidus.brussels/services/architectorderservice/byCompanyNumber" name="byCompanyNumber" bindingOperationName="byCompanyNumber" type="Request-Response" inputName="" receivesAttachments="false" sendsAttachments="false" anonymous="optional">
      <con:settings/>
      <con:call id="5c271edc-97c2-4b7b-a79f-ab715c0ac555" name="1 - Local - Request" outgoingWss="Outflow DEV" incomingWss="Inflow DEV">
        <con:settings>
          <con:setting id="com.eviware.soapui.impl.wsdl.WsdlRequest@request-headers">&lt;xml-fragment/></con:setting>
        </con:settings>
        <con:encoding>UTF-8</con:encoding>
        <con:endpoint>https://localhost:8243/services/ArchitectOrderService_v1.0</con:endpoint>
        <con:request><![CDATA[<soapenv:Envelope xmlns:soapenv="http://schemas.xmlsoap.org/soap/envelope/" xmlns:v1="http://fidus.brussels/service/architectorderservice/messages/v1" xmlns:v11="http://fidus.brussels/type/common/messages/v1">
   <soapenv:Header/>
   <soapenv:Body>
      <v1:byCompanyNumberRequest>
         <v1:messageContext>
         	  <v11:messageId>${=import static java.util.UUID.randomUUID; uuid = randomUUID() as String}</v11:messageId>
            <v11:timestamp>${=new java.text.SimpleDateFormat("yyyy-MM-dd'T'HH:mm:ss.SSS").format(new Date())}</v11:timestamp>
         </v1:messageContext>
         <v1:legalContext>ServiceIntegrator</v1:legalContext>
         <v1:request>
            <v1:companyNumber>BE 0535 693 485</v1:companyNumber>
         </v1:request>
      </v1:byCompanyNumberRequest>
   </soapenv:Body>
</soapenv:Envelope>]]></con:request>
        <con:credentials>
          <con:password>l</con:password>
          <con:selectedAuthProfile>Basic</con:selectedAuthProfile>
          <con:addedBasicAuthenticationTypes>Basic</con:addedBasicAuthenticationTypes>
          <con:authType>Global HTTP Settings</con:authType>
        </con:credentials>
        <con:jmsConfig JMSDeliveryMode="PERSISTENT"/>
        <con:jmsPropertyConfig/>
        <con:wsaConfig mustUnderstand="NONE" version="200508" action="http://fidus.brussels/services/architectorderservice/byCompanyNumber"/>
        <con:wsrmConfig version="1.2"/>
      </con:call>
      <con:call id="40e4bc8a-08c5-4b64-a08c-07c7867a021c" name="2 - Dev - Request" outgoingWss="Outflow DEV" incomingWss="Inflow DEV">
        <con:settings>
          <con:setting id="com.eviware.soapui.impl.wsdl.WsdlRequest@request-headers">&lt;xml-fragment/></con:setting>
        </con:settings>
        <con:encoding>UTF-8</con:encoding>
        <con:endpoint>https://192.168.36.61:8243/services/ArchitectOrderService_v1.0</con:endpoint>
        <con:request><![CDATA[<soapenv:Envelope xmlns:soapenv="http://schemas.xmlsoap.org/soap/envelope/" xmlns:v1="http://fidus.brussels/service/architectorderservice/messages/v1" xmlns:v11="http://fidus.brussels/type/common/messages/v1">
   <soapenv:Header/>
   <soapenv:Body>
      <v1:byCompanyNumberRequest>
         <v1:messageContext>
         	  <v11:messageId>${=import static java.util.UUID.randomUUID; uuid = randomUUID() as String}</v11:messageId>
            <v11:timestamp>${=new java.text.SimpleDateFormat("yyyy-MM-dd'T'HH:mm:ss.SSS").format(new Date())}</v11:timestamp>
         </v1:messageContext>
         <v1:legalContext>ServiceIntegrator</v1:legalContext>
         <v1:request>
            <v1:companyNumber>123456789</v1:companyNumber>
         </v1:request>
      </v1:byCompanyNumberRequest>
   </soapenv:Body>
</soapenv:Envelope>]]></con:request>
        <con:credentials>
          <con:selectedAuthProfile>Basic</con:selectedAuthProfile>
          <con:addedBasicAuthenticationTypes>Basic</con:addedBasicAuthenticationTypes>
          <con:authType>Global HTTP Settings</con:authType>
        </con:credentials>
        <con:jmsConfig JMSDeliveryMode="PERSISTENT"/>
        <con:jmsPropertyConfig/>
        <con:wsaConfig mustUnderstand="NONE" version="200508" action="http://fidus.brussels/services/architectorderservice/byCompanyNumber"/>
        <con:wsrmConfig version="1.2"/>
      </con:call>
      <con:call id="e24b200a-74df-4c8b-b301-393fedb345eb" name="3 - Test - External - Request" outgoingWss="Outflow TEST" incomingWss="Inflow TEST">
        <con:settings>
          <con:setting id="com.eviware.soapui.impl.wsdl.WsdlRequest@request-headers">&lt;xml-fragment/></con:setting>
        </con:settings>
        <con:encoding>UTF-8</con:encoding>
        <con:endpoint>https://fidus-test.irisnetlab.be/services/ArchitectOrderService_v1.0</con:endpoint>
        <con:request><![CDATA[<soapenv:Envelope xmlns:soapenv="http://schemas.xmlsoap.org/soap/envelope/" xmlns:v1="http://fidus.brussels/service/architectorderservice/messages/v1" xmlns:v11="http://fidus.brussels/type/common/messages/v1">
   <soapenv:Header/>
   <soapenv:Body>
      <v1:byCompanyNumberRequest>
         <v1:messageContext>
         	  <v11:messageId>${=import static java.util.UUID.randomUUID; uuid = randomUUID() as String}</v11:messageId>
            <v11:timestamp>${=new java.text.SimpleDateFormat("yyyy-MM-dd'T'HH:mm:ss.SSS").format(new Date())}</v11:timestamp>
         </v1:messageContext>
         <v1:legalContext>ServiceIntegrator</v1:legalContext>
         <v1:request>
            <v1:companyNumber>BE 0535 693 485</v1:companyNumber>
         </v1:request>
      </v1:byCompanyNumberRequest>
   </soapenv:Body>
</soapenv:Envelope>]]></con:request>
        <con:credentials>
          <con:selectedAuthProfile>Basic</con:selectedAuthProfile>
          <con:addedBasicAuthenticationTypes>Basic</con:addedBasicAuthenticationTypes>
          <con:authType>Global HTTP Settings</con:authType>
        </con:credentials>
        <con:jmsConfig JMSDeliveryMode="PERSISTENT"/>
        <con:jmsPropertyConfig/>
        <con:wsaConfig mustUnderstand="NONE" version="200508" action="http://fidus.brussels/services/architectorderservice/byCompanyNumber"/>
        <con:wsrmConfig version="1.2"/>
      </con:call>
      <con:call id="241ee8e1-92ab-4765-895a-f4327c7dc7e3" name="3 - Test - LB - Request" outgoingWss="Outflow TEST" incomingWss="Inflow TEST">
        <con:settings>
          <con:setting id="com.eviware.soapui.impl.wsdl.WsdlRequest@request-headers">&lt;xml-fragment/></con:setting>
        </con:settings>
        <con:encoding>UTF-8</con:encoding>
        <con:endpoint>https://esb-security-gw.sta.srv.cirb.lan:8443/services/ArchitectOrderService_v1.0</con:endpoint>
        <con:request><![CDATA[<soapenv:Envelope xmlns:soapenv="http://schemas.xmlsoap.org/soap/envelope/" xmlns:v1="http://fidus.brussels/service/architectorderservice/messages/v1" xmlns:v11="http://fidus.brussels/type/common/messages/v1">
   <soapenv:Header/>
   <soapenv:Body>
      <v1:byCompanyNumberRequest>
         <v1:messageContext>
         	  <v11:messageId>${=import static java.util.UUID.randomUUID; uuid = randomUUID() as String}</v11:messageId>
            <v11:timestamp>${=new java.text.SimpleDateFormat("yyyy-MM-dd'T'HH:mm:ss.SSS").format(new Date())}</v11:timestamp>
         </v1:messageContext>
         <v1:legalContext>ServiceIntegrator</v1:legalContext>
         <v1:request>
            <v1:companyNumber>BE 0535 693 485</v1:companyNumber>
         </v1:request>
      </v1:byCompanyNumberRequest>
   </soapenv:Body>
</soapenv:Envelope>]]></con:request>
        <con:credentials>
          <con:selectedAuthProfile>Basic</con:selectedAuthProfile>
          <con:addedBasicAuthenticationTypes>Basic</con:addedBasicAuthenticationTypes>
          <con:authType>Global HTTP Settings</con:authType>
        </con:credentials>
        <con:jmsConfig JMSDeliveryMode="PERSISTENT"/>
        <con:jmsPropertyConfig/>
        <con:wsaConfig mustUnderstand="NONE" version="200508" action="http://fidus.brussels/services/architectorderservice/byCompanyNumber"/>
        <con:wsrmConfig version="1.2"/>
      </con:call>
      <con:call id="59c593c0-6083-43f7-8e0b-62566b7e3cdf" name="3 - Test - Worker1 - Request" outgoingWss="Outflow TEST" incomingWss="Inflow TEST">
        <con:settings>
          <con:setting id="com.eviware.soapui.impl.wsdl.WsdlRequest@request-headers">&lt;xml-fragment/></con:setting>
        </con:settings>
        <con:encoding>UTF-8</con:encoding>
        <con:endpoint>https://192.168.22.53:8443/services/ArchitectOrderService_v1.0</con:endpoint>
        <con:request><![CDATA[<soapenv:Envelope xmlns:soapenv="http://schemas.xmlsoap.org/soap/envelope/" xmlns:v1="http://fidus.brussels/service/architectorderservice/messages/v1" xmlns:v11="http://fidus.brussels/type/common/messages/v1">
   <soapenv:Header/>
   <soapenv:Body>
      <v1:byCompanyNumberRequest>
         <v1:messageContext>
         	  <v11:messageId>${=import static java.util.UUID.randomUUID; uuid = randomUUID() as String}</v11:messageId>
            <v11:timestamp>${=new java.text.SimpleDateFormat("yyyy-MM-dd'T'HH:mm:ss.SSS").format(new Date())}</v11:timestamp>
         </v1:messageContext>
         <v1:legalContext>ServiceIntegrator</v1:legalContext>
         <v1:request>
            <v1:companyNumber>BE 0535 693 485</v1:companyNumber>
         </v1:request>
      </v1:byCompanyNumberRequest>
   </soapenv:Body>
</soapenv:Envelope>]]></con:request>
        <con:credentials>
          <con:selectedAuthProfile>Basic</con:selectedAuthProfile>
          <con:addedBasicAuthenticationTypes>Basic</con:addedBasicAuthenticationTypes>
          <con:authType>Global HTTP Settings</con:authType>
        </con:credentials>
        <con:jmsConfig JMSDeliveryMode="PERSISTENT"/>
        <con:jmsPropertyConfig/>
        <con:wsaConfig mustUnderstand="NONE" version="200508" action="http://fidus.brussels/services/architectorderservice/byCompanyNumber"/>
        <con:wsrmConfig version="1.2"/>
      </con:call>
      <con:call id="40d40adc-c94e-4fc0-bf80-d59610886231" name="3 - Test - Worker2 - Request">
        <con:settings>
          <con:setting id="com.eviware.soapui.impl.wsdl.WsdlRequest@request-headers">&lt;xml-fragment/></con:setting>
        </con:settings>
        <con:encoding>UTF-8</con:encoding>
        <con:endpoint>https://192.168.22.54:8443/services/ArchitectOrderService_v1.0</con:endpoint>
        <con:request><![CDATA[<soapenv:Envelope xmlns:soapenv="http://schemas.xmlsoap.org/soap/envelope/" xmlns:v1="http://fidus.brussels/service/architectorderservice/messages/v1" xmlns:v11="http://fidus.brussels/type/common/messages/v1">
   <soapenv:Header/>
   <soapenv:Body>
      <v1:byCompanyNumberRequest>
         <v1:messageContext>
         	  <v11:messageId>${=import static java.util.UUID.randomUUID; uuid = randomUUID() as String}</v11:messageId>
            <v11:timestamp>${=new java.text.SimpleDateFormat("yyyy-MM-dd'T'HH:mm:ss.SSS").format(new Date())}</v11:timestamp>
         </v1:messageContext>
         <v1:legalContext>ServiceIntegrator</v1:legalContext>
         <v1:request>
            <v1:companyNumber>BE 0535 693 485</v1:companyNumber>
         </v1:request>
      </v1:byCompanyNumberRequest>
   </soapenv:Body>
</soapenv:Envelope>]]></con:request>
        <con:credentials>
          <con:selectedAuthProfile>Basic</con:selectedAuthProfile>
          <con:addedBasicAuthenticationTypes>Basic</con:addedBasicAuthenticationTypes>
          <con:authType>Global HTTP Settings</con:authType>
        </con:credentials>
        <con:jmsConfig JMSDeliveryMode="PERSISTENT"/>
        <con:jmsPropertyConfig/>
        <con:wsaConfig mustUnderstand="NONE" version="200508" action="http://fidus.brussels/services/architectorderservice/byCompanyNumber"/>
        <con:wsrmConfig version="1.2"/>
      </con:call>
      <con:call id="9d3f2ce9-83a7-47d7-898a-c9d7be175811" name="4 - Staging - External - Request" outgoingWss="Outflow STAGING" incomingWss="Inflow STAGING">
        <con:settings>
          <con:setting id="com.eviware.soapui.impl.wsdl.WsdlRequest@request-headers">&lt;xml-fragment/></con:setting>
        </con:settings>
        <con:encoding>UTF-8</con:encoding>
        <con:endpoint>https://fidus.irisnetlab.be/services/ArchitectOrderService_v1.0</con:endpoint>
        <con:request><![CDATA[<soapenv:Envelope xmlns:soapenv="http://schemas.xmlsoap.org/soap/envelope/" xmlns:v1="http://fidus.brussels/service/architectorderservice/messages/v1" xmlns:v11="http://fidus.brussels/type/common/messages/v1">
   <soapenv:Header/>
   <soapenv:Body>
      <v1:byCompanyNumberRequest>
         <v1:messageContext>
         	  <v11:messageId>${=import static java.util.UUID.randomUUID; uuid = randomUUID() as String}</v11:messageId>
            <v11:timestamp>${=new java.text.SimpleDateFormat("yyyy-MM-dd'T'HH:mm:ss.SSS").format(new Date())}</v11:timestamp>
         </v1:messageContext>
         <v1:legalContext>ServiceIntegrator</v1:legalContext>
         <v1:request>
            <v1:companyNumber>BE 0535 693 485</v1:companyNumber>
         </v1:request>
      </v1:byCompanyNumberRequest>
   </soapenv:Body>
</soapenv:Envelope>]]></con:request>
        <con:credentials>
          <con:selectedAuthProfile>Basic</con:selectedAuthProfile>
          <con:addedBasicAuthenticationTypes>Basic</con:addedBasicAuthenticationTypes>
          <con:authType>Global HTTP Settings</con:authType>
        </con:credentials>
        <con:jmsConfig JMSDeliveryMode="PERSISTENT"/>
        <con:jmsPropertyConfig/>
        <con:wsaConfig mustUnderstand="NONE" version="200508" action="http://fidus.brussels/services/architectorderservice/byCompanyNumber"/>
        <con:wsrmConfig version="1.2"/>
      </con:call>
      <con:call id="9419d606-b56d-42bb-8600-c0a1206876c5" name="4 - Staging - LB - Request" outgoingWss="Outflow STAGING" incomingWss="Inflow STAGING">
        <con:settings>
          <con:setting id="com.eviware.soapui.impl.wsdl.WsdlRequest@request-headers">&lt;xml-fragment/></con:setting>
        </con:settings>
        <con:encoding>UTF-8</con:encoding>
        <con:endpoint>https://fidus-esb-sg.sta.srv.cirb.lan:8443/services/ArchitectOrderService_v1.0</con:endpoint>
        <con:request><![CDATA[<soapenv:Envelope xmlns:soapenv="http://schemas.xmlsoap.org/soap/envelope/" xmlns:v1="http://fidus.brussels/service/architectorderservice/messages/v1" xmlns:v11="http://fidus.brussels/type/common/messages/v1">
   <soapenv:Header/>
   <soapenv:Body>
      <v1:byCompanyNumberRequest>
         <v1:messageContext>
         	  <v11:messageId>${=import static java.util.UUID.randomUUID; uuid = randomUUID() as String}</v11:messageId>
            <v11:timestamp>${=new java.text.SimpleDateFormat("yyyy-MM-dd'T'HH:mm:ss.SSS").format(new Date())}</v11:timestamp>
         </v1:messageContext>
         <v1:legalContext>ServiceIntegrator</v1:legalContext>
         <v1:request>
            <v1:companyNumber>BE 0535 693 485</v1:companyNumber>
         </v1:request>
      </v1:byCompanyNumberRequest>
   </soapenv:Body>
</soapenv:Envelope>]]></con:request>
        <con:credentials>
          <con:selectedAuthProfile>Basic</con:selectedAuthProfile>
          <con:addedBasicAuthenticationTypes>Basic</con:addedBasicAuthenticationTypes>
          <con:authType>Global HTTP Settings</con:authType>
        </con:credentials>
        <con:jmsConfig JMSDeliveryMode="PERSISTENT"/>
        <con:jmsPropertyConfig/>
        <con:wsaConfig mustUnderstand="NONE" version="200508" action="http://fidus.brussels/services/architectorderservice/byCompanyNumber"/>
        <con:wsrmConfig version="1.2"/>
      </con:call>
      <con:call id="fc447ef9-4397-4e18-b12a-2d997e189c8e" name="4 - Staging - Worker1 - Request" outgoingWss="Outflow STAGING" incomingWss="Inflow STAGING">
        <con:settings>
          <con:setting id="com.eviware.soapui.impl.wsdl.WsdlRequest@request-headers">&lt;xml-fragment/></con:setting>
        </con:settings>
        <con:encoding>UTF-8</con:encoding>
        <con:endpoint>https://192.168.24.16:8443/services/ArchitectOrderService_v1.0</con:endpoint>
        <con:request><![CDATA[<soapenv:Envelope xmlns:soapenv="http://schemas.xmlsoap.org/soap/envelope/" xmlns:v1="http://fidus.brussels/service/architectorderservice/messages/v1" xmlns:v11="http://fidus.brussels/type/common/messages/v1">
   <soapenv:Header/>
   <soapenv:Body>
      <v1:byCompanyNumberRequest>
         <v1:messageContext>
         	  <v11:messageId>${=import static java.util.UUID.randomUUID; uuid = randomUUID() as String}</v11:messageId>
            <v11:timestamp>${=new java.text.SimpleDateFormat("yyyy-MM-dd'T'HH:mm:ss.SSS").format(new Date())}</v11:timestamp>
         </v1:messageContext>
         <v1:legalContext>ServiceIntegrator</v1:legalContext>
         <v1:request>
            <v1:companyNumber>BE 0535 693 485</v1:companyNumber>
         </v1:request>
      </v1:byCompanyNumberRequest>
   </soapenv:Body>
</soapenv:Envelope>]]></con:request>
        <con:credentials>
          <con:selectedAuthProfile>Basic</con:selectedAuthProfile>
          <con:addedBasicAuthenticationTypes>Basic</con:addedBasicAuthenticationTypes>
          <con:authType>Global HTTP Settings</con:authType>
        </con:credentials>
        <con:jmsConfig JMSDeliveryMode="PERSISTENT"/>
        <con:jmsPropertyConfig/>
        <con:wsaConfig mustUnderstand="NONE" version="200508" action="http://fidus.brussels/services/architectorderservice/byCompanyNumber"/>
        <con:wsrmConfig version="1.2"/>
      </con:call>
      <con:call id="fd51afa1-4472-4ac0-81b8-293513a27ddb" name="4 - Staging - Worker2 - Request" outgoingWss="Outflow STAGING" incomingWss="Inflow STAGING">
        <con:settings>
          <con:setting id="com.eviware.soapui.impl.wsdl.WsdlRequest@request-headers">&lt;xml-fragment/></con:setting>
        </con:settings>
        <con:encoding>UTF-8</con:encoding>
        <con:endpoint>https://192.168.24.17:8443/services/ArchitectOrderService_v1.0</con:endpoint>
        <con:request><![CDATA[<soapenv:Envelope xmlns:soapenv="http://schemas.xmlsoap.org/soap/envelope/" xmlns:v1="http://fidus.brussels/service/architectorderservice/messages/v1" xmlns:v11="http://fidus.brussels/type/common/messages/v1">
   <soapenv:Header/>
   <soapenv:Body>
      <v1:byCompanyNumberRequest>
         <v1:messageContext>
         	  <v11:messageId>${=import static java.util.UUID.randomUUID; uuid = randomUUID() as String}</v11:messageId>
            <v11:timestamp>${=new java.text.SimpleDateFormat("yyyy-MM-dd'T'HH:mm:ss.SSS").format(new Date())}</v11:timestamp>
         </v1:messageContext>
         <v1:legalContext>ServiceIntegrator</v1:legalContext>
         <v1:request>
            <v1:companyNumber>BE 0535 693 485</v1:companyNumber>
         </v1:request>
      </v1:byCompanyNumberRequest>
   </soapenv:Body>
</soapenv:Envelope>]]></con:request>
        <con:credentials>
          <con:selectedAuthProfile>Basic</con:selectedAuthProfile>
          <con:addedBasicAuthenticationTypes>Basic</con:addedBasicAuthenticationTypes>
          <con:authType>Global HTTP Settings</con:authType>
        </con:credentials>
        <con:jmsConfig JMSDeliveryMode="PERSISTENT"/>
        <con:jmsPropertyConfig/>
        <con:wsaConfig mustUnderstand="NONE" version="200508" action="http://fidus.brussels/services/architectorderservice/byCompanyNumber"/>
        <con:wsrmConfig version="1.2"/>
      </con:call>
      <con:call id="ea553c42-56d7-4316-9ea5-9b47e2c7edf7" name="5 - Prod - External - Request" outgoingWss="Outflow PROD" incomingWss="Inflow PROD">
        <con:settings>
          <con:setting id="com.eviware.soapui.impl.wsdl.WsdlRequest@request-headers">&lt;xml-fragment/></con:setting>
        </con:settings>
        <con:encoding>UTF-8</con:encoding>
        <con:endpoint>https://fidus.sec.brussels/services/ArchitectOrderService_v1.0</con:endpoint>
        <con:request><![CDATA[<soapenv:Envelope xmlns:soapenv="http://schemas.xmlsoap.org/soap/envelope/" xmlns:v1="http://fidus.brussels/service/architectorderservice/messages/v1" xmlns:v11="http://fidus.brussels/type/common/messages/v1">
   <soapenv:Header/>
   <soapenv:Body>
      <v1:byCompanyNumberRequest>
         <v1:messageContext>
         	  <v11:messageId>${=import static java.util.UUID.randomUUID; uuid = randomUUID() as String}</v11:messageId>
            <v11:timestamp>${=new java.text.SimpleDateFormat("yyyy-MM-dd'T'HH:mm:ss.SSS").format(new Date())}</v11:timestamp>
         </v1:messageContext>
         <v1:legalContext>ServiceIntegrator</v1:legalContext>
         <v1:request>
            <v1:companyNumber>BE 0535 693 485</v1:companyNumber>
         </v1:request>
      </v1:byCompanyNumberRequest>
   </soapenv:Body>
</soapenv:Envelope>]]></con:request>
        <con:credentials>
          <con:selectedAuthProfile>Basic</con:selectedAuthProfile>
          <con:addedBasicAuthenticationTypes>Basic</con:addedBasicAuthenticationTypes>
          <con:authType>Global HTTP Settings</con:authType>
        </con:credentials>
        <con:jmsConfig JMSDeliveryMode="PERSISTENT"/>
        <con:jmsPropertyConfig/>
        <con:wsaConfig mustUnderstand="NONE" version="200508" action="http://fidus.brussels/services/architectorderservice/byCompanyNumber"/>
        <con:wsrmConfig version="1.2"/>
      </con:call>
      <con:call id="3576298b-d15e-4425-8963-c2df3769c475" name="5 - Prod - LB - Request" outgoingWss="Outflow PROD" incomingWss="Inflow PROD">
        <con:settings>
          <con:setting id="com.eviware.soapui.impl.wsdl.WsdlRequest@request-headers">&lt;xml-fragment/></con:setting>
        </con:settings>
        <con:encoding>UTF-8</con:encoding>
        <con:endpoint>https://fidus-esb-sg.prd.srv.cirb.lan:8443/services/ArchitectOrderService_v1.0</con:endpoint>
        <con:request><![CDATA[<soapenv:Envelope xmlns:soapenv="http://schemas.xmlsoap.org/soap/envelope/" xmlns:v1="http://fidus.brussels/service/architectorderservice/messages/v1" xmlns:v11="http://fidus.brussels/type/common/messages/v1">
   <soapenv:Header/>
   <soapenv:Body>
      <v1:byCompanyNumberRequest>
         <v1:messageContext>
         	  <v11:messageId>${=import static java.util.UUID.randomUUID; uuid = randomUUID() as String}</v11:messageId>
            <v11:timestamp>${=new java.text.SimpleDateFormat("yyyy-MM-dd'T'HH:mm:ss.SSS").format(new Date())}</v11:timestamp>
         </v1:messageContext>
         <v1:legalContext>ServiceIntegrator</v1:legalContext>
         <v1:request>
            <v1:companyNumber>BE 0535 693 485</v1:companyNumber>
         </v1:request>
      </v1:byCompanyNumberRequest>
   </soapenv:Body>
</soapenv:Envelope>]]></con:request>
        <con:credentials>
          <con:selectedAuthProfile>Basic</con:selectedAuthProfile>
          <con:addedBasicAuthenticationTypes>Basic</con:addedBasicAuthenticationTypes>
          <con:authType>Global HTTP Settings</con:authType>
        </con:credentials>
        <con:jmsConfig JMSDeliveryMode="PERSISTENT"/>
        <con:jmsPropertyConfig/>
        <con:wsaConfig mustUnderstand="NONE" version="200508" action="http://fidus.brussels/services/architectorderservice/byCompanyNumber"/>
        <con:wsrmConfig version="1.2"/>
      </con:call>
      <con:call id="fe1b3d2c-0f56-4444-bc54-84cd21520408" name="5 - Prod - Worker1 - Request" outgoingWss="Outflow PROD" incomingWss="Inflow PROD">
        <con:settings>
          <con:setting id="com.eviware.soapui.impl.wsdl.WsdlRequest@request-headers">&lt;xml-fragment/></con:setting>
        </con:settings>
        <con:encoding>UTF-8</con:encoding>
        <con:endpoint>https://192.168.26.22:8443/services/ArchitectOrderService_v1.0</con:endpoint>
        <con:request><![CDATA[<soapenv:Envelope xmlns:soapenv="http://schemas.xmlsoap.org/soap/envelope/" xmlns:v1="http://fidus.brussels/service/architectorderservice/messages/v1" xmlns:v11="http://fidus.brussels/type/common/messages/v1">
   <soapenv:Header/>
   <soapenv:Body>
      <v1:byCompanyNumberRequest>
         <v1:messageContext>
         	  <v11:messageId>${=import static java.util.UUID.randomUUID; uuid = randomUUID() as String}</v11:messageId>
            <v11:timestamp>${=new java.text.SimpleDateFormat("yyyy-MM-dd'T'HH:mm:ss.SSS").format(new Date())}</v11:timestamp>
         </v1:messageContext>
         <v1:legalContext>ServiceIntegrator</v1:legalContext>
         <v1:request>
            <v1:companyNumber>BE 0535 693 485</v1:companyNumber>
         </v1:request>
      </v1:byCompanyNumberRequest>
   </soapenv:Body>
</soapenv:Envelope>]]></con:request>
        <con:credentials>
          <con:selectedAuthProfile>Basic</con:selectedAuthProfile>
          <con:addedBasicAuthenticationTypes>Basic</con:addedBasicAuthenticationTypes>
          <con:authType>Global HTTP Settings</con:authType>
        </con:credentials>
        <con:jmsConfig JMSDeliveryMode="PERSISTENT"/>
        <con:jmsPropertyConfig/>
        <con:wsaConfig mustUnderstand="NONE" version="200508" action="http://fidus.brussels/services/architectorderservice/byCompanyNumber"/>
        <con:wsrmConfig version="1.2"/>
      </con:call>
      <con:call id="c3fc6f91-b456-43ee-8999-8b87a28bf921" name="5 - Prod - Worker2 - Request" outgoingWss="Outflow PROD" incomingWss="Inflow PROD">
        <con:settings>
          <con:setting id="com.eviware.soapui.impl.wsdl.WsdlRequest@request-headers">&lt;xml-fragment/></con:setting>
        </con:settings>
        <con:encoding>UTF-8</con:encoding>
        <con:endpoint>https://192.168.26.19:8443/services/ArchitectOrderService_v1.0</con:endpoint>
        <con:request><![CDATA[<soapenv:Envelope xmlns:soapenv="http://schemas.xmlsoap.org/soap/envelope/" xmlns:v1="http://fidus.brussels/service/architectorderservice/messages/v1" xmlns:v11="http://fidus.brussels/type/common/messages/v1">
   <soapenv:Header/>
   <soapenv:Body>
      <v1:byCompanyNumberRequest>
         <v1:messageContext>
         	  <v11:messageId>${=import static java.util.UUID.randomUUID; uuid = randomUUID() as String}</v11:messageId>
            <v11:timestamp>${=new java.text.SimpleDateFormat("yyyy-MM-dd'T'HH:mm:ss.SSS").format(new Date())}</v11:timestamp>
         </v1:messageContext>
         <v1:legalContext>ServiceIntegrator</v1:legalContext>
         <v1:request>
            <v1:companyNumber>BE 0535 693 485</v1:companyNumber>
         </v1:request>
      </v1:byCompanyNumberRequest>
   </soapenv:Body>
</soapenv:Envelope>]]></con:request>
        <con:credentials>
          <con:selectedAuthProfile>Basic</con:selectedAuthProfile>
          <con:addedBasicAuthenticationTypes>Basic</con:addedBasicAuthenticationTypes>
          <con:authType>Global HTTP Settings</con:authType>
        </con:credentials>
        <con:jmsConfig JMSDeliveryMode="PERSISTENT"/>
        <con:jmsPropertyConfig/>
        <con:wsaConfig mustUnderstand="NONE" version="200508" action="http://fidus.brussels/services/architectorderservice/byCompanyNumber"/>
        <con:wsrmConfig version="1.2"/>
      </con:call>
    </con:operation>
    <con:operation id="25537aba-deb1-4eae-91f8-00d49e3e5071" isOneWay="false" action="http://fidus.brussels/services/architectorderservice/byNationalNumber" name="byNationalNumber" bindingOperationName="byNationalNumber" type="Request-Response" inputName="" receivesAttachments="false" sendsAttachments="false" anonymous="optional">
      <con:settings/>
      <con:call id="73339795-03d4-4f29-94dd-a75c92ba0bc3" name="1 - Local - Request" outgoingWss="Outflow DEV" incomingWss="Inflow DEV">
        <con:settings>
          <con:setting id="com.eviware.soapui.impl.wsdl.WsdlRequest@request-headers">&lt;xml-fragment/></con:setting>
        </con:settings>
        <con:encoding>UTF-8</con:encoding>
        <con:endpoint>https://localhost:8243/services/ArchitectOrderService_v1.0</con:endpoint>
        <con:request><![CDATA[<soapenv:Envelope xmlns:soapenv="http://schemas.xmlsoap.org/soap/envelope/" xmlns:v1="http://fidus.brussels/service/architectorderservice/messages/v1" xmlns:v11="http://fidus.brussels/type/common/messages/v1">
   <soapenv:Header/>
   <soapenv:Body>
      <v1:byNationalNumberRequest>
         <v1:messageContext>
         	  <v11:messageId>${=import static java.util.UUID.randomUUID; uuid = randomUUID() as String}</v11:messageId>
            <v11:timestamp>${=new java.text.SimpleDateFormat("yyyy-MM-dd'T'HH:mm:ss.SSS").format(new Date())}</v11:timestamp>
         </v1:messageContext>
         <v1:legalContext>ServiceIntegrator</v1:legalContext>
         <v1:request>
            <v1:personNumber>12003001507</v1:personNumber>
         </v1:request>
      </v1:byNationalNumberRequest>
   </soapenv:Body>
</soapenv:Envelope>]]></con:request>
        <con:credentials>
          <con:selectedAuthProfile>Basic</con:selectedAuthProfile>
          <con:addedBasicAuthenticationTypes>Basic</con:addedBasicAuthenticationTypes>
          <con:authType>Global HTTP Settings</con:authType>
        </con:credentials>
        <con:jmsConfig JMSDeliveryMode="PERSISTENT"/>
        <con:jmsPropertyConfig/>
        <con:wsaConfig mustUnderstand="NONE" version="200508" action="http://fidus.brussels/services/architectorderservice/byNationalNumber"/>
        <con:wsrmConfig version="1.2"/>
      </con:call>
      <con:call id="5cc4e7e6-f83a-44dd-9f0e-4122c1e2900a" name="2 - Dev - Request" outgoingWss="Outflow DEV" incomingWss="Inflow DEV">
        <con:settings>
          <con:setting id="com.eviware.soapui.impl.wsdl.WsdlRequest@request-headers">&lt;xml-fragment/></con:setting>
        </con:settings>
        <con:encoding>UTF-8</con:encoding>
        <con:endpoint>https://192.168.36.61:8243/services/ArchitectOrderService_v1.0</con:endpoint>
        <con:request><![CDATA[<soapenv:Envelope xmlns:soapenv="http://schemas.xmlsoap.org/soap/envelope/" xmlns:v1="http://fidus.brussels/service/architectorderservice/messages/v1" xmlns:v11="http://fidus.brussels/type/common/messages/v1">
   <soapenv:Header/>
   <soapenv:Body>
      <v1:byNationalNumberRequest>
         <v1:messageContext>
         	  <v11:messageId>${=import static java.util.UUID.randomUUID; uuid = randomUUID() as String}</v11:messageId>
            <v11:timestamp>${=new java.text.SimpleDateFormat("yyyy-MM-dd'T'HH:mm:ss.SSS").format(new Date())}</v11:timestamp>
         </v1:messageContext>
         <v1:legalContext>ServiceIntegrator</v1:legalContext>
         <v1:request>
            <v1:personNumber>12003001507</v1:personNumber>
         </v1:request>
      </v1:byNationalNumberRequest>
   </soapenv:Body>
</soapenv:Envelope>]]></con:request>
        <con:credentials>
          <con:selectedAuthProfile>Basic</con:selectedAuthProfile>
          <con:addedBasicAuthenticationTypes>Basic</con:addedBasicAuthenticationTypes>
          <con:authType>Global HTTP Settings</con:authType>
        </con:credentials>
        <con:jmsConfig JMSDeliveryMode="PERSISTENT"/>
        <con:jmsPropertyConfig/>
        <con:wsaConfig mustUnderstand="NONE" version="200508" action="http://fidus.brussels/services/architectorderservice/byNationalNumber"/>
        <con:wsrmConfig version="1.2"/>
      </con:call>
      <con:call id="102f5c06-b18e-4df4-876a-b13939100560" name="3 - Test - External - Request" outgoingWss="Outflow TEST" incomingWss="Inflow TEST">
        <con:settings>
          <con:setting id="com.eviware.soapui.impl.wsdl.WsdlRequest@request-headers">&lt;xml-fragment/></con:setting>
        </con:settings>
        <con:encoding>UTF-8</con:encoding>
        <con:endpoint>https://fidus-test.irisnetlab.be/services/ArchitectOrderService_v1.0</con:endpoint>
        <con:request><![CDATA[<soapenv:Envelope xmlns:soapenv="http://schemas.xmlsoap.org/soap/envelope/" xmlns:v1="http://fidus.brussels/service/architectorderservice/messages/v1" xmlns:v11="http://fidus.brussels/type/common/messages/v1">
   <soapenv:Header/>
   <soapenv:Body>
      <v1:byNationalNumberRequest>
         <v1:messageContext>
         	  <v11:messageId>${=import static java.util.UUID.randomUUID; uuid = randomUUID() as String}</v11:messageId>
            <v11:timestamp>${=new java.text.SimpleDateFormat("yyyy-MM-dd'T'HH:mm:ss.SSS").format(new Date())}</v11:timestamp>
         </v1:messageContext>
         <v1:legalContext>ServiceIntegrator</v1:legalContext>
         <v1:request>
            <v1:personNumber>86051242982</v1:personNumber>
         </v1:request>
      </v1:byNationalNumberRequest>
   </soapenv:Body>
</soapenv:Envelope>]]></con:request>
        <con:credentials>
          <con:selectedAuthProfile>Basic</con:selectedAuthProfile>
          <con:addedBasicAuthenticationTypes>Basic</con:addedBasicAuthenticationTypes>
          <con:authType>Global HTTP Settings</con:authType>
        </con:credentials>
        <con:jmsConfig JMSDeliveryMode="PERSISTENT"/>
        <con:jmsPropertyConfig/>
        <con:wsaConfig mustUnderstand="NONE" version="200508" action="http://fidus.brussels/services/architectorderservice/byNationalNumber"/>
        <con:wsrmConfig version="1.2"/>
      </con:call>
      <con:call id="cb33c1b3-827f-4ed9-9454-5cd864515e74" name="3 - Test - LB - Request" outgoingWss="Outflow TEST" incomingWss="Inflow TEST">
        <con:settings>
          <con:setting id="com.eviware.soapui.impl.wsdl.WsdlRequest@request-headers">&lt;xml-fragment/></con:setting>
        </con:settings>
        <con:encoding>UTF-8</con:encoding>
        <con:endpoint>https://esb-security-gw.sta.srv.cirb.lan:8443/services/ArchitectOrderService_v1.0</con:endpoint>
        <con:request><![CDATA[<soapenv:Envelope xmlns:soapenv="http://schemas.xmlsoap.org/soap/envelope/" xmlns:v1="http://fidus.brussels/service/architectorderservice/messages/v1" xmlns:v11="http://fidus.brussels/type/common/messages/v1">
   <soapenv:Header/>
   <soapenv:Body>
      <v1:byNationalNumberRequest>
         <v1:messageContext>
         	  <v11:messageId>${=import static java.util.UUID.randomUUID; uuid = randomUUID() as String}</v11:messageId>
            <v11:timestamp>${=new java.text.SimpleDateFormat("yyyy-MM-dd'T'HH:mm:ss.SSS").format(new Date())}</v11:timestamp>
         </v1:messageContext>
         <v1:legalContext>ServiceIntegrator</v1:legalContext>
         <v1:request>
            <v1:personNumber>86051242982</v1:personNumber>
         </v1:request>
      </v1:byNationalNumberRequest>
   </soapenv:Body>
</soapenv:Envelope>]]></con:request>
        <con:credentials>
          <con:selectedAuthProfile>Basic</con:selectedAuthProfile>
          <con:addedBasicAuthenticationTypes>Basic</con:addedBasicAuthenticationTypes>
          <con:authType>Global HTTP Settings</con:authType>
        </con:credentials>
        <con:jmsConfig JMSDeliveryMode="PERSISTENT"/>
        <con:jmsPropertyConfig/>
        <con:wsaConfig mustUnderstand="NONE" version="200508" action="http://fidus.brussels/services/architectorderservice/byNationalNumber"/>
        <con:wsrmConfig version="1.2"/>
      </con:call>
      <con:call id="cc31648a-96a3-4f0f-8d16-1de905f39a4d" name="3 - Test - Worker1 - Request" outgoingWss="Outflow TEST" incomingWss="Inflow TEST">
        <con:settings>
          <con:setting id="com.eviware.soapui.impl.wsdl.WsdlRequest@request-headers">&lt;xml-fragment/></con:setting>
        </con:settings>
        <con:encoding>UTF-8</con:encoding>
        <con:endpoint>https://192.168.22.53:8443/services/ArchitectOrderService_v1.0</con:endpoint>
        <con:request><![CDATA[<soapenv:Envelope xmlns:soapenv="http://schemas.xmlsoap.org/soap/envelope/" xmlns:v1="http://fidus.brussels/service/architectorderservice/messages/v1" xmlns:v11="http://fidus.brussels/type/common/messages/v1">
   <soapenv:Header/>
   <soapenv:Body>
      <v1:byNationalNumberRequest>
         <v1:messageContext>
         	  <v11:messageId>${=import static java.util.UUID.randomUUID; uuid = randomUUID() as String}</v11:messageId>
            <v11:timestamp>${=new java.text.SimpleDateFormat("yyyy-MM-dd'T'HH:mm:ss.SSS").format(new Date())}</v11:timestamp>
         </v1:messageContext>
         <v1:legalContext>NovaUser</v1:legalContext>
         <v1:request>
            <v1:personNumber>86051242982</v1:personNumber>
         </v1:request>
      </v1:byNationalNumberRequest>
   </soapenv:Body>
</soapenv:Envelope>]]></con:request>
        <con:credentials>
          <con:selectedAuthProfile>Basic</con:selectedAuthProfile>
          <con:addedBasicAuthenticationTypes>Basic</con:addedBasicAuthenticationTypes>
          <con:authType>Global HTTP Settings</con:authType>
        </con:credentials>
        <con:jmsConfig JMSDeliveryMode="PERSISTENT"/>
        <con:jmsPropertyConfig/>
        <con:wsaConfig mustUnderstand="NONE" version="200508" action="http://fidus.brussels/services/architectorderservice/byNationalNumber"/>
        <con:wsrmConfig version="1.2"/>
      </con:call>
      <con:call id="f8c70de5-ee12-48b1-a114-b4e11b779ff6" name="3 - Test - Worker2 - Request" outgoingWss="Outflow TEST" incomingWss="Inflow TEST">
        <con:settings>
          <con:setting id="com.eviware.soapui.impl.wsdl.WsdlRequest@request-headers">&lt;xml-fragment/></con:setting>
        </con:settings>
        <con:encoding>UTF-8</con:encoding>
        <con:endpoint>https://192.168.22.54:8443/services/ArchitectOrderService_v1.0</con:endpoint>
        <con:request><![CDATA[<soapenv:Envelope xmlns:soapenv="http://schemas.xmlsoap.org/soap/envelope/" xmlns:v1="http://fidus.brussels/service/architectorderservice/messages/v1" xmlns:v11="http://fidus.brussels/type/common/messages/v1">
   <soapenv:Header/>
   <soapenv:Body>
      <v1:byNationalNumberRequest>
         <v1:messageContext>
         	  <v11:messageId>${=import static java.util.UUID.randomUUID; uuid = randomUUID() as String}</v11:messageId>
            <v11:timestamp>${=new java.text.SimpleDateFormat("yyyy-MM-dd'T'HH:mm:ss.SSS").format(new Date())}</v11:timestamp>
         </v1:messageContext>
         <v1:legalContext>ServiceIntegrator</v1:legalContext>
         <v1:request>
            <v1:personNumber>86051242982</v1:personNumber>
         </v1:request>
      </v1:byNationalNumberRequest>
   </soapenv:Body>
</soapenv:Envelope>]]></con:request>
        <con:credentials>
          <con:selectedAuthProfile>Basic</con:selectedAuthProfile>
          <con:addedBasicAuthenticationTypes>Basic</con:addedBasicAuthenticationTypes>
          <con:authType>Global HTTP Settings</con:authType>
        </con:credentials>
        <con:jmsConfig JMSDeliveryMode="PERSISTENT"/>
        <con:jmsPropertyConfig/>
        <con:wsaConfig mustUnderstand="NONE" version="200508" action="http://fidus.brussels/services/architectorderservice/byNationalNumber"/>
        <con:wsrmConfig version="1.2"/>
      </con:call>
    <con:call id="25df8648-49d2-4dae-bde8-d792ba471ae3" name="4 - Staging - External - Request" outgoingWss="Outflow STAGING" incomingWss="Inflow STAGING"><con:settings><con:setting id="com.eviware.soapui.impl.wsdl.WsdlRequest@request-headers">&lt;xml-fragment/></con:setting></con:settings><con:encoding>UTF-8</con:encoding><con:endpoint>https://fidus.irisnetlab.be/services/ArchitectOrderService_v1.0</con:endpoint><con:request><![CDATA[<soapenv:Envelope xmlns:soapenv="http://schemas.xmlsoap.org/soap/envelope/" xmlns:v1="http://fidus.brussels/service/architectorderservice/messages/v1" xmlns:v11="http://fidus.brussels/type/common/messages/v1">
   <soapenv:Header/>
   <soapenv:Body>
      <v1:byNationalNumberRequest>
         <v1:messageContext>
         	  <v11:messageId>${=import static java.util.UUID.randomUUID; uuid = randomUUID() as String}</v11:messageId>
            <v11:timestamp>${=new java.text.SimpleDateFormat("yyyy-MM-dd'T'HH:mm:ss.SSS").format(new Date())}</v11:timestamp>
         </v1:messageContext>
         <v1:legalContext>ServiceIntegrator</v1:legalContext>
         <v1:request>
            <v1:personNumber>86051242982</v1:personNumber>
         </v1:request>
      </v1:byNationalNumberRequest>
   </soapenv:Body>
</soapenv:Envelope>]]></con:request><con:credentials>
          <con:selectedAuthProfile>Basic</con:selectedAuthProfile>
          <con:addedBasicAuthenticationTypes>Basic</con:addedBasicAuthenticationTypes>
          <con:authType>Global HTTP Settings</con:authType>
        </con:credentials><con:jmsConfig JMSDeliveryMode="PERSISTENT"/><con:jmsPropertyConfig/><con:wsaConfig mustUnderstand="NONE" version="200508" action="http://fidus.brussels/services/architectorderservice/byNationalNumber"/><con:wsrmConfig version="1.2"/></con:call><con:call id="e4889f43-768d-476f-9834-95bf88e3c8b7" name="4 - Staging - LB - Request" outgoingWss="Outflow STAGING" incomingWss="Inflow STAGING"><con:settings><con:setting id="com.eviware.soapui.impl.wsdl.WsdlRequest@request-headers">&lt;xml-fragment/></con:setting></con:settings><con:encoding>UTF-8</con:encoding><con:endpoint>https://fidus-esb-sg.sta.srv.cirb.lan:8443/services/ArchitectOrderService_v1.0</con:endpoint><con:request><![CDATA[<soapenv:Envelope xmlns:soapenv="http://schemas.xmlsoap.org/soap/envelope/" xmlns:v1="http://fidus.brussels/service/architectorderservice/messages/v1" xmlns:v11="http://fidus.brussels/type/common/messages/v1">
   <soapenv:Header/>
   <soapenv:Body>
      <v1:byNationalNumberRequest>
         <v1:messageContext>
         	  <v11:messageId>${=import static java.util.UUID.randomUUID; uuid = randomUUID() as String}</v11:messageId>
            <v11:timestamp>${=new java.text.SimpleDateFormat("yyyy-MM-dd'T'HH:mm:ss.SSS").format(new Date())}</v11:timestamp>
         </v1:messageContext>
         <v1:legalContext>ServiceIntegrator</v1:legalContext>
         <v1:request>
            <v1:personNumber>86051242982</v1:personNumber>
         </v1:request>
      </v1:byNationalNumberRequest>
   </soapenv:Body>
</soapenv:Envelope>]]></con:request><con:credentials>
          <con:selectedAuthProfile>Basic</con:selectedAuthProfile>
          <con:addedBasicAuthenticationTypes>Basic</con:addedBasicAuthenticationTypes>
          <con:authType>Global HTTP Settings</con:authType>
        </con:credentials><con:jmsConfig JMSDeliveryMode="PERSISTENT"/><con:jmsPropertyConfig/><con:wsaConfig mustUnderstand="NONE" version="200508" action="http://fidus.brussels/services/architectorderservice/byNationalNumber"/><con:wsrmConfig version="1.2"/></con:call><con:call id="18cde06c-13a7-4dd4-907e-590686d913c6" name="4 - Staging - Worker1 - Request" outgoingWss="Outflow STAGING" incomingWss="Inflow STAGING"><con:settings><con:setting id="com.eviware.soapui.impl.wsdl.WsdlRequest@request-headers">&lt;xml-fragment/></con:setting></con:settings><con:encoding>UTF-8</con:encoding><con:endpoint>https://192.168.24.16:8443/services/ArchitectOrderService_v1.0</con:endpoint><con:request><![CDATA[<soapenv:Envelope xmlns:soapenv="http://schemas.xmlsoap.org/soap/envelope/" xmlns:v1="http://fidus.brussels/service/architectorderservice/messages/v1" xmlns:v11="http://fidus.brussels/type/common/messages/v1">
   <soapenv:Header/>
   <soapenv:Body>
      <v1:byNationalNumberRequest>
         <v1:messageContext>
         	  <v11:messageId>${=import static java.util.UUID.randomUUID; uuid = randomUUID() as String}</v11:messageId>
            <v11:timestamp>${=new java.text.SimpleDateFormat("yyyy-MM-dd'T'HH:mm:ss.SSS").format(new Date())}</v11:timestamp>
         </v1:messageContext>
         <v1:legalContext>ServiceIntegrator</v1:legalContext>
         <v1:request>
            <v1:personNumber>86051242982</v1:personNumber>
         </v1:request>
      </v1:byNationalNumberRequest>
   </soapenv:Body>
</soapenv:Envelope>]]></con:request><con:credentials>
          <con:selectedAuthProfile>Basic</con:selectedAuthProfile>
          <con:addedBasicAuthenticationTypes>Basic</con:addedBasicAuthenticationTypes>
          <con:authType>Global HTTP Settings</con:authType>
        </con:credentials><con:jmsConfig JMSDeliveryMode="PERSISTENT"/><con:jmsPropertyConfig/><con:wsaConfig mustUnderstand="NONE" version="200508" action="http://fidus.brussels/services/architectorderservice/byNationalNumber"/><con:wsrmConfig version="1.2"/></con:call><con:call id="dc833541-ff66-4423-8115-996132eab741" name="4 - Staging - Worker2 - Request" outgoingWss="Outflow STAGING" incomingWss="Inflow STAGING"><con:settings><con:setting id="com.eviware.soapui.impl.wsdl.WsdlRequest@request-headers">&lt;xml-fragment/></con:setting></con:settings><con:encoding>UTF-8</con:encoding><con:endpoint>https://192.168.24.17:8443/services/ArchitectOrderService_v1.0</con:endpoint><con:request><![CDATA[<soapenv:Envelope xmlns:soapenv="http://schemas.xmlsoap.org/soap/envelope/" xmlns:v1="http://fidus.brussels/service/architectorderservice/messages/v1" xmlns:v11="http://fidus.brussels/type/common/messages/v1">
   <soapenv:Header/>
   <soapenv:Body>
      <v1:byNationalNumberRequest>
         <v1:messageContext>
         	  <v11:messageId>${=import static java.util.UUID.randomUUID; uuid = randomUUID() as String}</v11:messageId>
            <v11:timestamp>${=new java.text.SimpleDateFormat("yyyy-MM-dd'T'HH:mm:ss.SSS").format(new Date())}</v11:timestamp>
         </v1:messageContext>
         <v1:legalContext>ServiceIntegrator</v1:legalContext>
         <v1:request>
            <v1:personNumber>86051242982</v1:personNumber>
         </v1:request>
      </v1:byNationalNumberRequest>
   </soapenv:Body>
</soapenv:Envelope>]]></con:request><con:credentials>
          <con:selectedAuthProfile>Basic</con:selectedAuthProfile>
          <con:addedBasicAuthenticationTypes>Basic</con:addedBasicAuthenticationTypes>
          <con:authType>Global HTTP Settings</con:authType>
        </con:credentials><con:jmsConfig JMSDeliveryMode="PERSISTENT"/><con:jmsPropertyConfig/><con:wsaConfig mustUnderstand="NONE" version="200508" action="http://fidus.brussels/services/architectorderservice/byNationalNumber"/><con:wsrmConfig version="1.2"/></con:call><con:call id="8e9fcc9e-8471-4f62-b427-fc430829a30b" name="5 - Prod - External - Request" outgoingWss="Outflow PROD" incomingWss="Inflow PROD"><con:settings><con:setting id="com.eviware.soapui.impl.wsdl.WsdlRequest@request-headers">&lt;xml-fragment/></con:setting></con:settings><con:encoding>UTF-8</con:encoding><con:endpoint>https://fidus.sec.brussels/services/ArchitectOrderService_v1.0</con:endpoint><con:request><![CDATA[<soapenv:Envelope xmlns:soapenv="http://schemas.xmlsoap.org/soap/envelope/" xmlns:v1="http://fidus.brussels/service/architectorderservice/messages/v1" xmlns:v11="http://fidus.brussels/type/common/messages/v1">
   <soapenv:Header/>
   <soapenv:Body>
      <v1:byNationalNumberRequest>
         <v1:messageContext>
         	  <v11:messageId>${=import static java.util.UUID.randomUUID; uuid = randomUUID() as String}</v11:messageId>
            <v11:timestamp>${=new java.text.SimpleDateFormat("yyyy-MM-dd'T'HH:mm:ss.SSS").format(new Date())}</v11:timestamp>
         </v1:messageContext>
         <v1:legalContext>ServiceIntegrator</v1:legalContext>
         <v1:request>
            <v1:personNumber>86051242982</v1:personNumber>
         </v1:request>
      </v1:byNationalNumberRequest>
   </soapenv:Body>
</soapenv:Envelope>]]></con:request><con:credentials>
          <con:selectedAuthProfile>Basic</con:selectedAuthProfile>
          <con:addedBasicAuthenticationTypes>Basic</con:addedBasicAuthenticationTypes>
          <con:authType>Global HTTP Settings</con:authType>
        </con:credentials><con:jmsConfig JMSDeliveryMode="PERSISTENT"/><con:jmsPropertyConfig/><con:wsaConfig mustUnderstand="NONE" version="200508" action="http://fidus.brussels/services/architectorderservice/byNationalNumber"/><con:wsrmConfig version="1.2"/></con:call><con:call id="eb87951c-1062-4b85-9888-094f531cd51c" name="5 - Prod - LB - Request" outgoingWss="Outflow PROD" incomingWss="Inflow PROD"><con:settings><con:setting id="com.eviware.soapui.impl.wsdl.WsdlRequest@request-headers">&lt;xml-fragment/></con:setting></con:settings><con:encoding>UTF-8</con:encoding><con:endpoint>https://fidus-esb-sg.prd.srv.cirb.lan:8443/services/ArchitectOrderService_v1.0</con:endpoint><con:request><![CDATA[<soapenv:Envelope xmlns:soapenv="http://schemas.xmlsoap.org/soap/envelope/" xmlns:v1="http://fidus.brussels/service/architectorderservice/messages/v1" xmlns:v11="http://fidus.brussels/type/common/messages/v1">
   <soapenv:Header/>
   <soapenv:Body>
      <v1:byNationalNumberRequest>
         <v1:messageContext>
         	  <v11:messageId>${=import static java.util.UUID.randomUUID; uuid = randomUUID() as String}</v11:messageId>
            <v11:timestamp>${=new java.text.SimpleDateFormat("yyyy-MM-dd'T'HH:mm:ss.SSS").format(new Date())}</v11:timestamp>
         </v1:messageContext>
         <v1:legalContext>ServiceIntegrator</v1:legalContext>
         <v1:request>
            <v1:personNumber>86051242982</v1:personNumber>
         </v1:request>
      </v1:byNationalNumberRequest>
   </soapenv:Body>
</soapenv:Envelope>]]></con:request><con:credentials>
          <con:selectedAuthProfile>Basic</con:selectedAuthProfile>
          <con:addedBasicAuthenticationTypes>Basic</con:addedBasicAuthenticationTypes>
          <con:authType>Global HTTP Settings</con:authType>
        </con:credentials><con:jmsConfig JMSDeliveryMode="PERSISTENT"/><con:jmsPropertyConfig/><con:wsaConfig mustUnderstand="NONE" version="200508" action="http://fidus.brussels/services/architectorderservice/byNationalNumber"/><con:wsrmConfig version="1.2"/></con:call><con:call id="85c6ebf7-aa55-4bec-9bf6-9e12856eb30d" name="5 - Prod - Worker1 - Request" outgoingWss="Outflow PROD" incomingWss="Inflow PROD"><con:settings><con:setting id="com.eviware.soapui.impl.wsdl.WsdlRequest@request-headers">&lt;xml-fragment/></con:setting></con:settings><con:encoding>UTF-8</con:encoding><con:endpoint>https://192.168.26.22:8443/services/ArchitectOrderService_v1.0</con:endpoint><con:request><![CDATA[<soapenv:Envelope xmlns:soapenv="http://schemas.xmlsoap.org/soap/envelope/" xmlns:v1="http://fidus.brussels/service/architectorderservice/messages/v1" xmlns:v11="http://fidus.brussels/type/common/messages/v1">
   <soapenv:Header/>
   <soapenv:Body>
      <v1:byNationalNumberRequest>
         <v1:messageContext>
         	  <v11:messageId>${=import static java.util.UUID.randomUUID; uuid = randomUUID() as String}</v11:messageId>
            <v11:timestamp>${=new java.text.SimpleDateFormat("yyyy-MM-dd'T'HH:mm:ss.SSS").format(new Date())}</v11:timestamp>
         </v1:messageContext>
         <v1:legalContext>ServiceIntegrator</v1:legalContext>
         <v1:request>
            <v1:personNumber>86051242982</v1:personNumber>
         </v1:request>
      </v1:byNationalNumberRequest>
   </soapenv:Body>
</soapenv:Envelope>]]></con:request><con:credentials>
          <con:selectedAuthProfile>Basic</con:selectedAuthProfile>
          <con:addedBasicAuthenticationTypes>Basic</con:addedBasicAuthenticationTypes>
          <con:authType>Global HTTP Settings</con:authType>
        </con:credentials><con:jmsConfig JMSDeliveryMode="PERSISTENT"/><con:jmsPropertyConfig/><con:wsaConfig mustUnderstand="NONE" version="200508" action="http://fidus.brussels/services/architectorderservice/byNationalNumber"/><con:wsrmConfig version="1.2"/></con:call><con:call id="68c0518c-0202-4540-92b3-7f0773f0b91d" name="5 - Prod - Worker2 - Request" outgoingWss="Outflow PROD" incomingWss="Inflow PROD"><con:settings><con:setting id="com.eviware.soapui.impl.wsdl.WsdlRequest@request-headers">&lt;xml-fragment/></con:setting></con:settings><con:encoding>UTF-8</con:encoding><con:endpoint>https://192.168.26.19:8443/services/ArchitectOrderService_v1.0</con:endpoint><con:request><![CDATA[<soapenv:Envelope xmlns:soapenv="http://schemas.xmlsoap.org/soap/envelope/" xmlns:v1="http://fidus.brussels/service/architectorderservice/messages/v1" xmlns:v11="http://fidus.brussels/type/common/messages/v1">
   <soapenv:Header/>
   <soapenv:Body>
      <v1:byNationalNumberRequest>
         <v1:messageContext>
         	  <v11:messageId>${=import static java.util.UUID.randomUUID; uuid = randomUUID() as String}</v11:messageId>
            <v11:timestamp>${=new java.text.SimpleDateFormat("yyyy-MM-dd'T'HH:mm:ss.SSS").format(new Date())}</v11:timestamp>
         </v1:messageContext>
         <v1:legalContext>ServiceIntegrator</v1:legalContext>
         <v1:request>
            <v1:personNumber>86051242982</v1:personNumber>
         </v1:request>
      </v1:byNationalNumberRequest>
   </soapenv:Body>
</soapenv:Envelope>]]></con:request><con:credentials>
          <con:selectedAuthProfile>Basic</con:selectedAuthProfile>
          <con:addedBasicAuthenticationTypes>Basic</con:addedBasicAuthenticationTypes>
          <con:authType>Global HTTP Settings</con:authType>
        </con:credentials><con:jmsConfig JMSDeliveryMode="PERSISTENT"/><con:jmsPropertyConfig/><con:wsaConfig mustUnderstand="NONE" version="200508" action="http://fidus.brussels/services/architectorderservice/byNationalNumber"/><con:wsrmConfig version="1.2"/></con:call></con:operation>
    <con:operation id="b60205d0-a1d5-4fee-9cb5-0d9bd1ab2f2d" isOneWay="false" action="http://fidus.brussels/services/architectorderservice/byReferenceNumber" name="byReferenceNumber" bindingOperationName="byReferenceNumber" type="Request-Response" inputName="" receivesAttachments="false" sendsAttachments="false" anonymous="optional">
      <con:settings/>
      <con:call id="16f763bd-c984-48fc-98a4-0ed6ba0d1691" name="1 - Local - Request" outgoingWss="Outflow DEV" incomingWss="Inflow DEV">
        <con:settings>
          <con:setting id="com.eviware.soapui.impl.wsdl.WsdlRequest@request-headers">&lt;xml-fragment/></con:setting>
        </con:settings>
        <con:encoding>UTF-8</con:encoding>
        <con:endpoint>https://localhost:8243/services/ArchitectOrderService_v1.0</con:endpoint>
        <con:request><![CDATA[<soapenv:Envelope xmlns:soapenv="http://schemas.xmlsoap.org/soap/envelope/" xmlns:v1="http://fidus.brussels/service/architectorderservice/messages/v1" xmlns:v11="http://fidus.brussels/type/common/messages/v1">
   <soapenv:Header/>
   <soapenv:Body>
      <v1:byReferenceNumberRequest>
         <v1:messageContext>
         	  <v11:messageId>${=import static java.util.UUID.randomUUID; uuid = randomUUID() as String}</v11:messageId>
            <v11:timestamp>${=new java.text.SimpleDateFormat("yyyy-MM-dd'T'HH:mm:ss.SSS").format(new Date())}</v11:timestamp>
         </v1:messageContext>
         <v1:legalContext>ServiceIntegrator</v1:legalContext>
         <v1:request>
            <v1:referenceNumber>XX2900107</v1:referenceNumber>
         </v1:request>
      </v1:byReferenceNumberRequest>
   </soapenv:Body>
</soapenv:Envelope>]]></con:request>
        <con:credentials>
          <con:selectedAuthProfile>Basic</con:selectedAuthProfile>
          <con:addedBasicAuthenticationTypes>Basic</con:addedBasicAuthenticationTypes>
          <con:authType>Global HTTP Settings</con:authType>
        </con:credentials>
        <con:jmsConfig JMSDeliveryMode="PERSISTENT"/>
        <con:jmsPropertyConfig/>
        <con:wsaConfig mustUnderstand="NONE" version="200508" action="http://fidus.brussels/services/architectorderservice/byReferenceNumber"/>
        <con:wsrmConfig version="1.2"/>
      </con:call>
      <con:call id="f6efbd6a-8b6e-405d-956f-be81d9b7a011" name="2 - Dev - Request" outgoingWss="Outflow DEV" incomingWss="Inflow DEV">
        <con:settings>
          <con:setting id="com.eviware.soapui.impl.wsdl.WsdlRequest@request-headers">&lt;xml-fragment/></con:setting>
        </con:settings>
        <con:encoding>UTF-8</con:encoding>
        <con:endpoint>https://192.168.36.61:8243/services/ArchitectOrderService_v1.0</con:endpoint>
        <con:request><![CDATA[<soapenv:Envelope xmlns:soapenv="http://schemas.xmlsoap.org/soap/envelope/" xmlns:v1="http://fidus.brussels/service/architectorderservice/messages/v1" xmlns:v11="http://fidus.brussels/type/common/messages/v1">
   <soapenv:Header/>
   <soapenv:Body>
      <v1:byReferenceNumberRequest>
         <v1:messageContext>
         	  <v11:messageId>${=import static java.util.UUID.randomUUID; uuid = randomUUID() as String}</v11:messageId>
            <v11:timestamp>${=new java.text.SimpleDateFormat("yyyy-MM-dd'T'HH:mm:ss.SSS").format(new Date())}</v11:timestamp>
         </v1:messageContext>
         <v1:legalContext>ServiceIntegrator</v1:legalContext>
         <v1:request>
            <v1:referenceNumber>2900107</v1:referenceNumber>
         </v1:request>
      </v1:byReferenceNumberRequest>
   </soapenv:Body>
</soapenv:Envelope>]]></con:request>
        <con:credentials>
          <con:selectedAuthProfile>Basic</con:selectedAuthProfile>
          <con:addedBasicAuthenticationTypes>Basic</con:addedBasicAuthenticationTypes>
          <con:authType>Global HTTP Settings</con:authType>
        </con:credentials>
        <con:jmsConfig JMSDeliveryMode="PERSISTENT"/>
        <con:jmsPropertyConfig/>
        <con:wsaConfig mustUnderstand="NONE" version="200508" action="http://fidus.brussels/services/architectorderservice/byReferenceNumber"/>
        <con:wsrmConfig version="1.2"/>
      </con:call>
      <con:call id="c59086f2-b8fd-4082-a905-5629d5b200c6" name="3 - Test - External - Request" outgoingWss="Outflow TEST" incomingWss="Inflow TEST">
        <con:settings>
          <con:setting id="com.eviware.soapui.impl.wsdl.WsdlRequest@request-headers">&lt;xml-fragment/></con:setting>
        </con:settings>
        <con:encoding>UTF-8</con:encoding>
        <con:endpoint>https://fidus-test.irisnetlab.be/services/ArchitectOrderService_v1.0</con:endpoint>
        <con:request><![CDATA[<soapenv:Envelope xmlns:soapenv="http://schemas.xmlsoap.org/soap/envelope/" xmlns:v1="http://fidus.brussels/service/architectorderservice/messages/v1" xmlns:v11="http://fidus.brussels/type/common/messages/v1">
   <soapenv:Header/>
   <soapenv:Body>
      <v1:byReferenceNumberRequest>
         <v1:messageContext>
         	  <v11:messageId>${=import static java.util.UUID.randomUUID; uuid = randomUUID() as String}</v11:messageId>
            <v11:timestamp>${=new java.text.SimpleDateFormat("yyyy-MM-dd'T'HH:mm:ss.SSS").format(new Date())}</v11:timestamp>
         </v1:messageContext>
         <v1:legalContext>NovaUser</v1:legalContext>
         <v1:request>
            <v1:referenceNumber>2900107</v1:referenceNumber>
         </v1:request>
      </v1:byReferenceNumberRequest>
   </soapenv:Body>
</soapenv:Envelope>]]></con:request>
        <con:credentials>
          <con:selectedAuthProfile>Basic</con:selectedAuthProfile>
          <con:addedBasicAuthenticationTypes>Basic</con:addedBasicAuthenticationTypes>
          <con:authType>Global HTTP Settings</con:authType>
        </con:credentials>
        <con:jmsConfig JMSDeliveryMode="PERSISTENT"/>
        <con:jmsPropertyConfig/>
        <con:wsaConfig mustUnderstand="NONE" version="200508" action="http://fidus.brussels/services/architectorderservice/byReferenceNumber"/>
        <con:wsrmConfig version="1.2"/>
      </con:call>
      <con:call id="671c79d9-637b-44d2-8d46-b20a0cd8da69" name="3 - Test - LB - Request" outgoingWss="Outflow TEST" incomingWss="Inflow TEST">
        <con:settings>
          <con:setting id="com.eviware.soapui.impl.wsdl.WsdlRequest@request-headers">&lt;xml-fragment/></con:setting>
        </con:settings>
        <con:encoding>UTF-8</con:encoding>
        <con:endpoint>https://esb-security-gw.sta.srv.cirb.lan:8443/services/ArchitectOrderService_v1.0</con:endpoint>
        <con:request><![CDATA[<soapenv:Envelope xmlns:soapenv="http://schemas.xmlsoap.org/soap/envelope/" xmlns:v1="http://fidus.brussels/service/architectorderservice/messages/v1" xmlns:v11="http://fidus.brussels/type/common/messages/v1">
   <soapenv:Header/>
   <soapenv:Body>
      <v1:byReferenceNumberRequest>
         <v1:messageContext>
         	  <v11:messageId>${=import static java.util.UUID.randomUUID; uuid = randomUUID() as String}</v11:messageId>
            <v11:timestamp>${=new java.text.SimpleDateFormat("yyyy-MM-dd'T'HH:mm:ss.SSS").format(new Date())}</v11:timestamp>
         </v1:messageContext>
         <v1:legalContext>ServiceIntegrator</v1:legalContext>
         <v1:request>
            <v1:referenceNumber>2900107</v1:referenceNumber>
         </v1:request>
      </v1:byReferenceNumberRequest>
   </soapenv:Body>
</soapenv:Envelope>]]></con:request>
        <con:credentials>
          <con:selectedAuthProfile>Basic</con:selectedAuthProfile>
          <con:addedBasicAuthenticationTypes>Basic</con:addedBasicAuthenticationTypes>
          <con:authType>Global HTTP Settings</con:authType>
        </con:credentials>
        <con:jmsConfig JMSDeliveryMode="PERSISTENT"/>
        <con:jmsPropertyConfig/>
        <con:wsaConfig mustUnderstand="NONE" version="200508" action="http://fidus.brussels/services/architectorderservice/byReferenceNumber"/>
        <con:wsrmConfig version="1.2"/>
      </con:call>
      <con:call id="94c74b43-f0fb-42af-92ed-30a6e0bda47f" name="3 - Test - Worker1 - Request" outgoingWss="Outflow TEST" incomingWss="Inflow TEST">
        <con:settings>
          <con:setting id="com.eviware.soapui.impl.wsdl.WsdlRequest@request-headers">&lt;xml-fragment/></con:setting>
        </con:settings>
        <con:encoding>UTF-8</con:encoding>
        <con:endpoint>https://192.168.22.53:8443/services/ArchitectOrderService_v1.0</con:endpoint>
        <con:request><![CDATA[<soapenv:Envelope xmlns:soapenv="http://schemas.xmlsoap.org/soap/envelope/" xmlns:v1="http://fidus.brussels/service/architectorderservice/messages/v1" xmlns:v11="http://fidus.brussels/type/common/messages/v1">
   <soapenv:Header/>
   <soapenv:Body>
      <v1:byReferenceNumberRequest>
         <v1:messageContext>
         	  <v11:messageId>${=import static java.util.UUID.randomUUID; uuid = randomUUID() as String}</v11:messageId>
            <v11:timestamp>${=new java.text.SimpleDateFormat("yyyy-MM-dd'T'HH:mm:ss.SSS").format(new Date())}</v11:timestamp>
         </v1:messageContext>
         <v1:legalContext>NovaUser</v1:legalContext>
         <v1:request>
            <v1:referenceNumber>2900107</v1:referenceNumber>
         </v1:request>
      </v1:byReferenceNumberRequest>
   </soapenv:Body>
</soapenv:Envelope>]]></con:request>
        <con:credentials>
          <con:selectedAuthProfile>Basic</con:selectedAuthProfile>
          <con:addedBasicAuthenticationTypes>Basic</con:addedBasicAuthenticationTypes>
          <con:authType>Global HTTP Settings</con:authType>
        </con:credentials>
        <con:jmsConfig JMSDeliveryMode="PERSISTENT"/>
        <con:jmsPropertyConfig/>
        <con:wsaConfig mustUnderstand="NONE" version="200508" action="http://fidus.brussels/services/architectorderservice/byReferenceNumber"/>
        <con:wsrmConfig version="1.2"/>
      </con:call>
      <con:call id="d29ab91f-ed4c-4eae-9162-6a933b3cae4f" name="3 - Test - Worker2 - Request" outgoingWss="Outflow TEST" incomingWss="Inflow TEST">
        <con:settings>
          <con:setting id="com.eviware.soapui.impl.wsdl.WsdlRequest@request-headers">&lt;xml-fragment/></con:setting>
        </con:settings>
        <con:encoding>UTF-8</con:encoding>
        <con:endpoint>https://192.168.22.54:8443/services/ArchitectOrderService_v1.0</con:endpoint>
        <con:request><![CDATA[<soapenv:Envelope xmlns:soapenv="http://schemas.xmlsoap.org/soap/envelope/" xmlns:v1="http://fidus.brussels/service/architectorderservice/messages/v1" xmlns:v11="http://fidus.brussels/type/common/messages/v1">
   <soapenv:Header/>
   <soapenv:Body>
      <v1:byReferenceNumberRequest>
         <v1:messageContext>
         	  <v11:messageId>${=import static java.util.UUID.randomUUID; uuid = randomUUID() as String}</v11:messageId>
            <v11:timestamp>${=new java.text.SimpleDateFormat("yyyy-MM-dd'T'HH:mm:ss.SSS").format(new Date())}</v11:timestamp>
         </v1:messageContext>
         <v1:legalContext>ServiceIntegrator</v1:legalContext>
         <v1:request>
            <v1:referenceNumber>2900107</v1:referenceNumber>
         </v1:request>
      </v1:byReferenceNumberRequest>
   </soapenv:Body>
</soapenv:Envelope>]]></con:request>
        <con:credentials>
          <con:selectedAuthProfile>Basic</con:selectedAuthProfile>
          <con:addedBasicAuthenticationTypes>Basic</con:addedBasicAuthenticationTypes>
          <con:authType>Global HTTP Settings</con:authType>
        </con:credentials>
        <con:jmsConfig JMSDeliveryMode="PERSISTENT"/>
        <con:jmsPropertyConfig/>
        <con:wsaConfig mustUnderstand="NONE" version="200508" action="http://fidus.brussels/services/architectorderservice/byReferenceNumber"/>
        <con:wsrmConfig version="1.2"/>
      </con:call>
    <con:call id="cf7e5411-4456-49a1-9201-98a120c65ca6" name="4 - Staging - External - Request" outgoingWss="Outflow STAGING" incomingWss="Inflow STAGING"><con:settings><con:setting id="com.eviware.soapui.impl.wsdl.WsdlRequest@request-headers">&lt;xml-fragment/></con:setting></con:settings><con:encoding>UTF-8</con:encoding><con:endpoint>https://fidus.irisnetlab.be/services/ArchitectOrderService_v1.0</con:endpoint><con:request><![CDATA[<soapenv:Envelope xmlns:soapenv="http://schemas.xmlsoap.org/soap/envelope/" xmlns:v1="http://fidus.brussels/service/architectorderservice/messages/v1" xmlns:v11="http://fidus.brussels/type/common/messages/v1">
   <soapenv:Header/>
   <soapenv:Body>
      <v1:byReferenceNumberRequest>
         <v1:messageContext>
         	  <v11:messageId>${=import static java.util.UUID.randomUUID; uuid = randomUUID() as String}</v11:messageId>
            <v11:timestamp>${=new java.text.SimpleDateFormat("yyyy-MM-dd'T'HH:mm:ss.SSS").format(new Date())}</v11:timestamp>
         </v1:messageContext>
         <v1:legalContext>NovaUser</v1:legalContext>
         <v1:request>
            <v1:referenceNumber>2900107</v1:referenceNumber>
         </v1:request>
      </v1:byReferenceNumberRequest>
   </soapenv:Body>
</soapenv:Envelope>]]></con:request><con:credentials>
          <con:selectedAuthProfile>Basic</con:selectedAuthProfile>
          <con:addedBasicAuthenticationTypes>Basic</con:addedBasicAuthenticationTypes>
          <con:authType>Global HTTP Settings</con:authType>
        </con:credentials><con:jmsConfig JMSDeliveryMode="PERSISTENT"/><con:jmsPropertyConfig/><con:wsaConfig mustUnderstand="NONE" version="200508" action="http://fidus.brussels/services/architectorderservice/byReferenceNumber"/><con:wsrmConfig version="1.2"/></con:call><con:call id="47f4a19c-d855-4b2d-abdb-e3be26bb320e" name="4 - Staging - LB - Request" outgoingWss="Outflow STAGING" incomingWss="Inflow STAGING"><con:settings><con:setting id="com.eviware.soapui.impl.wsdl.WsdlRequest@request-headers">&lt;xml-fragment/></con:setting></con:settings><con:encoding>UTF-8</con:encoding><con:endpoint>https://fidus-esb-sg.sta.srv.cirb.lan:8443/services/ArchitectOrderService_v1.0</con:endpoint><con:request><![CDATA[<soapenv:Envelope xmlns:soapenv="http://schemas.xmlsoap.org/soap/envelope/" xmlns:v1="http://fidus.brussels/service/architectorderservice/messages/v1" xmlns:v11="http://fidus.brussels/type/common/messages/v1">
   <soapenv:Header/>
   <soapenv:Body>
      <v1:byReferenceNumberRequest>
         <v1:messageContext>
         	  <v11:messageId>${=import static java.util.UUID.randomUUID; uuid = randomUUID() as String}</v11:messageId>
            <v11:timestamp>${=new java.text.SimpleDateFormat("yyyy-MM-dd'T'HH:mm:ss.SSS").format(new Date())}</v11:timestamp>
         </v1:messageContext>
         <v1:legalContext>NovaUser</v1:legalContext>
         <v1:request>
            <v1:referenceNumber>2900107</v1:referenceNumber>
         </v1:request>
      </v1:byReferenceNumberRequest>
   </soapenv:Body>
</soapenv:Envelope>]]></con:request><con:credentials>
          <con:selectedAuthProfile>Basic</con:selectedAuthProfile>
          <con:addedBasicAuthenticationTypes>Basic</con:addedBasicAuthenticationTypes>
          <con:authType>Global HTTP Settings</con:authType>
        </con:credentials><con:jmsConfig JMSDeliveryMode="PERSISTENT"/><con:jmsPropertyConfig/><con:wsaConfig mustUnderstand="NONE" version="200508" action="http://fidus.brussels/services/architectorderservice/byReferenceNumber"/><con:wsrmConfig version="1.2"/></con:call><con:call id="7c760d72-3b2a-42e2-b6c3-ac9f1ee585e5" name="4 - Staging - Worker1 - Request" outgoingWss="Outflow STAGING" incomingWss="Inflow STAGING"><con:settings><con:setting id="com.eviware.soapui.impl.wsdl.WsdlRequest@request-headers">&lt;xml-fragment/></con:setting></con:settings><con:encoding>UTF-8</con:encoding><con:endpoint>https://192.168.24.16:8443/services/ArchitectOrderService_v1.0</con:endpoint><con:request><![CDATA[<soapenv:Envelope xmlns:soapenv="http://schemas.xmlsoap.org/soap/envelope/" xmlns:v1="http://fidus.brussels/service/architectorderservice/messages/v1" xmlns:v11="http://fidus.brussels/type/common/messages/v1">
   <soapenv:Header/>
   <soapenv:Body>
      <v1:byReferenceNumberRequest>
         <v1:messageContext>
         	  <v11:messageId>${=import static java.util.UUID.randomUUID; uuid = randomUUID() as String}</v11:messageId>
            <v11:timestamp>${=new java.text.SimpleDateFormat("yyyy-MM-dd'T'HH:mm:ss.SSS").format(new Date())}</v11:timestamp>
         </v1:messageContext>
         <v1:legalContext>NovaUser</v1:legalContext>
         <v1:request>
            <v1:referenceNumber>2900107</v1:referenceNumber>
         </v1:request>
      </v1:byReferenceNumberRequest>
   </soapenv:Body>
</soapenv:Envelope>]]></con:request><con:credentials>
          <con:selectedAuthProfile>Basic</con:selectedAuthProfile>
          <con:addedBasicAuthenticationTypes>Basic</con:addedBasicAuthenticationTypes>
          <con:authType>Global HTTP Settings</con:authType>
        </con:credentials><con:jmsConfig JMSDeliveryMode="PERSISTENT"/><con:jmsPropertyConfig/><con:wsaConfig mustUnderstand="NONE" version="200508" action="http://fidus.brussels/services/architectorderservice/byReferenceNumber"/><con:wsrmConfig version="1.2"/></con:call><con:call id="92deafcd-5134-4e64-a7f9-2b40eb2b2bda" name="4 - Staging - Worker2 - Request" outgoingWss="Outflow STAGING" incomingWss="Inflow STAGING"><con:settings><con:setting id="com.eviware.soapui.impl.wsdl.WsdlRequest@request-headers">&lt;xml-fragment/></con:setting></con:settings><con:encoding>UTF-8</con:encoding><con:endpoint>https://192.168.24.17:8443/services/ArchitectOrderService_v1.0</con:endpoint><con:request><![CDATA[<soapenv:Envelope xmlns:soapenv="http://schemas.xmlsoap.org/soap/envelope/" xmlns:v1="http://fidus.brussels/service/architectorderservice/messages/v1" xmlns:v11="http://fidus.brussels/type/common/messages/v1">
   <soapenv:Header/>
   <soapenv:Body>
      <v1:byReferenceNumberRequest>
         <v1:messageContext>
         	  <v11:messageId>${=import static java.util.UUID.randomUUID; uuid = randomUUID() as String}</v11:messageId>
            <v11:timestamp>${=new java.text.SimpleDateFormat("yyyy-MM-dd'T'HH:mm:ss.SSS").format(new Date())}</v11:timestamp>
         </v1:messageContext>
         <v1:legalContext>NovaUser</v1:legalContext>
         <v1:request>
            <v1:referenceNumber>2900107</v1:referenceNumber>
         </v1:request>
      </v1:byReferenceNumberRequest>
   </soapenv:Body>
</soapenv:Envelope>]]></con:request><con:credentials>
          <con:selectedAuthProfile>Basic</con:selectedAuthProfile>
          <con:addedBasicAuthenticationTypes>Basic</con:addedBasicAuthenticationTypes>
          <con:authType>Global HTTP Settings</con:authType>
        </con:credentials><con:jmsConfig JMSDeliveryMode="PERSISTENT"/><con:jmsPropertyConfig/><con:wsaConfig mustUnderstand="NONE" version="200508" action="http://fidus.brussels/services/architectorderservice/byReferenceNumber"/><con:wsrmConfig version="1.2"/></con:call><con:call id="578e3611-2a87-41db-aa22-58dd27eefb5a" name="5 - Prod - External - Request" outgoingWss="Outflow PROD" incomingWss="Inflow PROD"><con:settings><con:setting id="com.eviware.soapui.impl.wsdl.WsdlRequest@request-headers">&lt;xml-fragment/></con:setting></con:settings><con:encoding>UTF-8</con:encoding><con:endpoint>https://fidus.sec.brussels/services/ArchitectOrderService_v1.0</con:endpoint><con:request><![CDATA[<soapenv:Envelope xmlns:soapenv="http://schemas.xmlsoap.org/soap/envelope/" xmlns:v1="http://fidus.brussels/service/architectorderservice/messages/v1" xmlns:v11="http://fidus.brussels/type/common/messages/v1">
   <soapenv:Header/>
   <soapenv:Body>
      <v1:byReferenceNumberRequest>
         <v1:messageContext>
         	  <v11:messageId>${=import static java.util.UUID.randomUUID; uuid = randomUUID() as String}</v11:messageId>
            <v11:timestamp>${=new java.text.SimpleDateFormat("yyyy-MM-dd'T'HH:mm:ss.SSS").format(new Date())}</v11:timestamp>
         </v1:messageContext>
         <v1:legalContext>NovaUser</v1:legalContext>
         <v1:request>
            <v1:referenceNumber>2900107</v1:referenceNumber>
         </v1:request>
      </v1:byReferenceNumberRequest>
   </soapenv:Body>
</soapenv:Envelope>]]></con:request><con:credentials>
          <con:selectedAuthProfile>Basic</con:selectedAuthProfile>
          <con:addedBasicAuthenticationTypes>Basic</con:addedBasicAuthenticationTypes>
          <con:authType>Global HTTP Settings</con:authType>
        </con:credentials><con:jmsConfig JMSDeliveryMode="PERSISTENT"/><con:jmsPropertyConfig/><con:wsaConfig mustUnderstand="NONE" version="200508" action="http://fidus.brussels/services/architectorderservice/byReferenceNumber"/><con:wsrmConfig version="1.2"/></con:call><con:call id="be8e730f-3656-4e09-a88a-7e8266a7e354" name="5 - Prod - LB - Request" outgoingWss="Outflow PROD" incomingWss="Inflow PROD"><con:settings><con:setting id="com.eviware.soapui.impl.wsdl.WsdlRequest@request-headers">&lt;xml-fragment/></con:setting></con:settings><con:encoding>UTF-8</con:encoding><con:endpoint>https://fidus-esb-sg.prd.srv.cirb.lan:8443/services/ArchitectOrderService_v1.0</con:endpoint><con:request><![CDATA[<soapenv:Envelope xmlns:soapenv="http://schemas.xmlsoap.org/soap/envelope/" xmlns:v1="http://fidus.brussels/service/architectorderservice/messages/v1" xmlns:v11="http://fidus.brussels/type/common/messages/v1">
   <soapenv:Header/>
   <soapenv:Body>
      <v1:byReferenceNumberRequest>
         <v1:messageContext>
         	  <v11:messageId>${=import static java.util.UUID.randomUUID; uuid = randomUUID() as String}</v11:messageId>
            <v11:timestamp>${=new java.text.SimpleDateFormat("yyyy-MM-dd'T'HH:mm:ss.SSS").format(new Date())}</v11:timestamp>
         </v1:messageContext>
         <v1:legalContext>NovaUser</v1:legalContext>
         <v1:request>
            <v1:referenceNumber>2900107</v1:referenceNumber>
         </v1:request>
      </v1:byReferenceNumberRequest>
   </soapenv:Body>
</soapenv:Envelope>]]></con:request><con:credentials>
          <con:selectedAuthProfile>Basic</con:selectedAuthProfile>
          <con:addedBasicAuthenticationTypes>Basic</con:addedBasicAuthenticationTypes>
          <con:authType>Global HTTP Settings</con:authType>
        </con:credentials><con:jmsConfig JMSDeliveryMode="PERSISTENT"/><con:jmsPropertyConfig/><con:wsaConfig mustUnderstand="NONE" version="200508" action="http://fidus.brussels/services/architectorderservice/byReferenceNumber"/><con:wsrmConfig version="1.2"/></con:call><con:call id="e3af4201-abf6-4748-907f-61677dd7af3d" name="5 - Prod - Worker1 - Request" outgoingWss="Outflow PROD" incomingWss="Inflow PROD"><con:settings><con:setting id="com.eviware.soapui.impl.wsdl.WsdlRequest@request-headers">&lt;xml-fragment/></con:setting></con:settings><con:encoding>UTF-8</con:encoding><con:endpoint>https://192.168.26.22:8443/services/ArchitectOrderService_v1.0</con:endpoint><con:request><![CDATA[<soapenv:Envelope xmlns:soapenv="http://schemas.xmlsoap.org/soap/envelope/" xmlns:v1="http://fidus.brussels/service/architectorderservice/messages/v1" xmlns:v11="http://fidus.brussels/type/common/messages/v1">
   <soapenv:Header/>
   <soapenv:Body>
      <v1:byReferenceNumberRequest>
         <v1:messageContext>
         	  <v11:messageId>${=import static java.util.UUID.randomUUID; uuid = randomUUID() as String}</v11:messageId>
            <v11:timestamp>${=new java.text.SimpleDateFormat("yyyy-MM-dd'T'HH:mm:ss.SSS").format(new Date())}</v11:timestamp>
         </v1:messageContext>
         <v1:legalContext>NovaUser</v1:legalContext>
         <v1:request>
            <v1:referenceNumber>2900107</v1:referenceNumber>
         </v1:request>
      </v1:byReferenceNumberRequest>
   </soapenv:Body>
</soapenv:Envelope>]]></con:request><con:credentials>
          <con:selectedAuthProfile>Basic</con:selectedAuthProfile>
          <con:addedBasicAuthenticationTypes>Basic</con:addedBasicAuthenticationTypes>
          <con:authType>Global HTTP Settings</con:authType>
        </con:credentials><con:jmsConfig JMSDeliveryMode="PERSISTENT"/><con:jmsPropertyConfig/><con:wsaConfig mustUnderstand="NONE" version="200508" action="http://fidus.brussels/services/architectorderservice/byReferenceNumber"/><con:wsrmConfig version="1.2"/></con:call><con:call id="98338a77-cb8f-4f90-b96d-a63ad3ed2545" name="5 - Prod - Worker2 - Request" outgoingWss="Outflow PROD" incomingWss="Inflow PROD"><con:settings><con:setting id="com.eviware.soapui.impl.wsdl.WsdlRequest@request-headers">&lt;xml-fragment/></con:setting></con:settings><con:encoding>UTF-8</con:encoding><con:endpoint>https://192.168.26.19:8443/services/ArchitectOrderService_v1.0</con:endpoint><con:request><![CDATA[<soapenv:Envelope xmlns:soapenv="http://schemas.xmlsoap.org/soap/envelope/" xmlns:v1="http://fidus.brussels/service/architectorderservice/messages/v1" xmlns:v11="http://fidus.brussels/type/common/messages/v1">
   <soapenv:Header/>
   <soapenv:Body>
      <v1:byReferenceNumberRequest>
         <v1:messageContext>
         	  <v11:messageId>${=import static java.util.UUID.randomUUID; uuid = randomUUID() as String}</v11:messageId>
            <v11:timestamp>${=new java.text.SimpleDateFormat("yyyy-MM-dd'T'HH:mm:ss.SSS").format(new Date())}</v11:timestamp>
         </v1:messageContext>
         <v1:legalContext>NovaUser</v1:legalContext>
         <v1:request>
            <v1:referenceNumber>2900107</v1:referenceNumber>
         </v1:request>
      </v1:byReferenceNumberRequest>
   </soapenv:Body>
</soapenv:Envelope>]]></con:request><con:credentials>
          <con:selectedAuthProfile>Basic</con:selectedAuthProfile>
          <con:addedBasicAuthenticationTypes>Basic</con:addedBasicAuthenticationTypes>
          <con:authType>Global HTTP Settings</con:authType>
        </con:credentials><con:jmsConfig JMSDeliveryMode="PERSISTENT"/><con:jmsPropertyConfig/><con:wsaConfig mustUnderstand="NONE" version="200508" action="http://fidus.brussels/services/architectorderservice/byReferenceNumber"/><con:wsrmConfig version="1.2"/></con:call></con:operation>
  </con:interface>
  <con:testSuite id="d458be6a-248a-4c86-9416-2a2c4bfbc7ff" name="DEV"><con:settings/><con:runType>SEQUENTIAL</con:runType><con:testCase id="39247910-8d05-4818-aa10-23cf0ade8cce" failOnError="true" failTestCaseOnErrors="true" keepSession="false" maxResults="0" name="byCompanyNumber" searchProperties="true"><con:settings/><con:testStep type="request" id="d82f9ec2-d86d-4e3f-8744-994c2e9847b6" name="testcase2 - Dev - Request"><con:settings/><con:config xsi:type="con:RequestStep" xmlns:xsi="http://www.w3.org/2001/XMLSchema-instance"><con:interface>ArchitectOrderServiceHTTPBinding</con:interface><con:operation>byCompanyNumber</con:operation><con:request name="testcase2 - Dev - Request" id="9989e730-6b84-4ecf-8d82-bd271ed1411d" outgoingWss="Outflow DEV"><con:settings/><con:encoding>UTF-8</con:encoding><con:endpoint>https://192.168.36.61:8243/services/ArchitectOrderService_v1.0</con:endpoint><con:request><![CDATA[<soapenv:Envelope xmlns:soapenv="http://schemas.xmlsoap.org/soap/envelope/" xmlns:v1="http://fidus.brussels/service/architectorderservice/messages/v1" xmlns:v11="http://fidus.brussels/type/common/messages/v1">
   <soapenv:Header/>
   <soapenv:Body>
      <v1:byCompanyNumberRequest>
         <v1:messageContext>
         	  <v11:messageId>${=import static java.util.UUID.randomUUID; uuid = randomUUID() as String}</v11:messageId>
            <v11:timestamp>${=new java.text.SimpleDateFormat("yyyy-MM-dd'T'HH:mm:ss.SSS").format(new Date())}</v11:timestamp>
         </v1:messageContext>
         <v1:legalContext>ServiceIntegrator</v1:legalContext>
         <v1:request>
            <v1:companyNumber>123456789</v1:companyNumber>
         </v1:request>
      </v1:byCompanyNumberRequest>
   </soapenv:Body>
</soapenv:Envelope>]]></con:request><con:assertion type="SOAP Fault Assertion" id="62906562-002f-42d5-9664-6db124e62186" name="Not SOAP Fault"/><con:assertion type="SOAP Response" id="e66684e2-757a-4f2b-a11f-7c99ff8a9091" name="SOAP Response"/><con:assertion type="Schema Compliance" id="0c86a8f5-1693-4d13-883a-f287330c56a5" name="Schema Compliance"><con:configuration/></con:assertion><con:wsaConfig action="http://fidus.brussels/services/architectorderservice/byCompanyNumber"/></con:request></con:config></con:testStep><con:properties/></con:testCase><con:testCase id="9ef0c08f-56fc-4e73-94c5-09bfe7734866" failOnError="true" failTestCaseOnErrors="true" keepSession="false" maxResults="0" name="byNationalNumber" searchProperties="true"><con:settings/><con:testStep type="request" id="ddf8b462-7d6f-4fc0-a96d-0dcf8b1a04eb" name="testcase2 - Dev - Request"><con:settings/><con:config xsi:type="con:RequestStep" xmlns:xsi="http://www.w3.org/2001/XMLSchema-instance"><con:interface>ArchitectOrderServiceHTTPBinding</con:interface><con:operation>byNationalNumber</con:operation><con:request name="testcase2 - Dev - Request" id="bfc14c68-29f7-461d-82af-90fa47285b1c" outgoingWss="Outflow DEV"><con:settings/><con:encoding>UTF-8</con:encoding><con:endpoint>https://192.168.36.61:8243/services/ArchitectOrderService_v1.0</con:endpoint><con:request><![CDATA[<soapenv:Envelope xmlns:soapenv="http://schemas.xmlsoap.org/soap/envelope/" xmlns:v1="http://fidus.brussels/service/architectorderservice/messages/v1" xmlns:v11="http://fidus.brussels/type/common/messages/v1">
   <soapenv:Header/>
   <soapenv:Body>
      <v1:byNationalNumberRequest>
         <v1:messageContext>
         	  <v11:messageId>${=import static java.util.UUID.randomUUID; uuid = randomUUID() as String}</v11:messageId>
            <v11:timestamp>${=new java.text.SimpleDateFormat("yyyy-MM-dd'T'HH:mm:ss.SSS").format(new Date())}</v11:timestamp>
         </v1:messageContext>
         <v1:legalContext>ServiceIntegrator</v1:legalContext>
         <v1:request>
            <v1:personNumber>12003001507</v1:personNumber>
         </v1:request>
      </v1:byNationalNumberRequest>
   </soapenv:Body>
</soapenv:Envelope>]]></con:request><con:assertion type="SOAP Fault Assertion" id="fd1ba932-af08-499f-8e29-2a9871bef749" name="Not SOAP Fault"/><con:assertion type="SOAP Response" id="c75721b4-008f-4280-a8d2-0c1445e993e7" name="SOAP Response"/><con:assertion type="Schema Compliance" id="bf3a046c-f5df-49c4-8970-36ed70662ad9" name="Schema Compliance"><con:configuration/></con:assertion><con:wsaConfig action="http://fidus.brussels/services/architectorderservice/byNationalNumber"/></con:request></con:config></con:testStep><con:properties/></con:testCase><con:testCase id="8e7bffb3-7936-42f4-96a8-015624953318" failOnError="true" failTestCaseOnErrors="true" keepSession="false" maxResults="0" name="byReferenceNumber" searchProperties="true"><con:settings/><con:testStep type="request" id="707a6ecc-bde6-415d-8b1c-acb7ceab80c1" name="testcase2 - Dev - Request"><con:settings/><con:config xsi:type="con:RequestStep" xmlns:xsi="http://www.w3.org/2001/XMLSchema-instance"><con:interface>ArchitectOrderServiceHTTPBinding</con:interface><con:operation>byReferenceNumber</con:operation><con:request name="testcase2 - Dev - Request" id="7d3d8e14-c35b-4777-b0e2-a11a2621293e" outgoingWss="Outflow DEV"><con:settings/><con:encoding>UTF-8</con:encoding><con:endpoint>https://192.168.36.61:8243/services/ArchitectOrderService_v1.0</con:endpoint><con:request><![CDATA[<soapenv:Envelope xmlns:soapenv="http://schemas.xmlsoap.org/soap/envelope/" xmlns:v1="http://fidus.brussels/service/architectorderservice/messages/v1" xmlns:v11="http://fidus.brussels/type/common/messages/v1">
   <soapenv:Header/>
   <soapenv:Body>
      <v1:byReferenceNumberRequest>
         <v1:messageContext>
         	  <v11:messageId>${=import static java.util.UUID.randomUUID; uuid = randomUUID() as String}</v11:messageId>
            <v11:timestamp>${=new java.text.SimpleDateFormat("yyyy-MM-dd'T'HH:mm:ss.SSS").format(new Date())}</v11:timestamp>
         </v1:messageContext>
         <v1:legalContext>ServiceIntegrator</v1:legalContext>
         <v1:request>
            <v1:referenceNumber>2900107</v1:referenceNumber>
         </v1:request>
      </v1:byReferenceNumberRequest>
   </soapenv:Body>
</soapenv:Envelope>]]></con:request><con:assertion type="SOAP Fault Assertion" id="bd88f67d-4d67-4f84-abe8-ebe2e0cb5ae7" name="Not SOAP Fault"/><con:assertion type="SOAP Response" id="f28e4fb2-d3b8-4675-8cb6-b9982620c9a2" name="SOAP Response"/><con:assertion type="Schema Compliance" id="9104e4b8-6b68-4100-84cf-1123502129f2" name="Schema Compliance"><con:configuration/></con:assertion><con:wsaConfig action="http://fidus.brussels/services/architectorderservice/byReferenceNumber"/></con:request></con:config></con:testStep><con:properties/></con:testCase><con:properties/></con:testSuite><con:testSuite id="883e6c17-2a77-4a19-bf6f-573a2b90823b" name="TEST"><con:settings/><con:runType>SEQUENTIAL</con:runType><con:testCase id="63b4c008-56e2-495a-9013-9768bbf55fcc" failOnError="true" failTestCaseOnErrors="true" keepSession="false" maxResults="0" name="byCompanyNumber" searchProperties="true"><con:settings/><con:testStep type="request" id="ae88e68e-655d-4e9c-aed7-bb112942bb64" name="testcase3 - Test - External - Request"><con:settings/><con:config xsi:type="con:RequestStep" xmlns:xsi="http://www.w3.org/2001/XMLSchema-instance"><con:interface>ArchitectOrderServiceHTTPBinding</con:interface><con:operation>byCompanyNumber</con:operation><con:request name="testcase3 - Test - External - Request" id="7c64a5f2-50ab-4771-a100-8adbc705f996" outgoingWss="Outflow TEST"><con:settings/><con:encoding>UTF-8</con:encoding><con:endpoint>https://fidus-test.irisnetlab.be/services/ArchitectOrderService_v1.0</con:endpoint><con:request><![CDATA[<soapenv:Envelope xmlns:soapenv="http://schemas.xmlsoap.org/soap/envelope/" xmlns:v1="http://fidus.brussels/service/architectorderservice/messages/v1" xmlns:v11="http://fidus.brussels/type/common/messages/v1">
   <soapenv:Header/>
   <soapenv:Body>
      <v1:byCompanyNumberRequest>
         <v1:messageContext>
         	  <v11:messageId>${=import static java.util.UUID.randomUUID; uuid = randomUUID() as String}</v11:messageId>
            <v11:timestamp>${=new java.text.SimpleDateFormat("yyyy-MM-dd'T'HH:mm:ss.SSS").format(new Date())}</v11:timestamp>
         </v1:messageContext>
         <v1:legalContext>ServiceIntegrator</v1:legalContext>
         <v1:request>
            <v1:companyNumber>BE 0535 693 485</v1:companyNumber>
         </v1:request>
      </v1:byCompanyNumberRequest>
   </soapenv:Body>
</soapenv:Envelope>]]></con:request><con:assertion type="SOAP Fault Assertion" id="53d59c5c-199d-48c3-8970-891fec84b1e8" name="Not SOAP Fault"/><con:assertion type="SOAP Response" id="e0a70759-35ac-441b-a57a-bad17dc3c90d" name="SOAP Response"/><con:assertion type="Schema Compliance" id="88fb7128-fc88-45e2-b479-c3887e8e5728" name="Schema Compliance"><con:configuration/></con:assertion><con:wsaConfig action="http://fidus.brussels/services/architectorderservice/byCompanyNumber"/></con:request></con:config></con:testStep><con:testStep type="request" id="f3ee8656-9d06-4975-b651-bdfc41d064c2" name="testcase3 - Test - LB - Request"><con:settings/><con:config xsi:type="con:RequestStep" xmlns:xsi="http://www.w3.org/2001/XMLSchema-instance"><con:interface>ArchitectOrderServiceHTTPBinding</con:interface><con:operation>byCompanyNumber</con:operation><con:request name="testcase3 - Test - LB - Request" id="2a30f450-9a7b-4bfa-b9d2-4160806a6b44" outgoingWss="Outflow TEST"><con:settings/><con:encoding>UTF-8</con:encoding><con:endpoint>https://esb-security-gw.sta.srv.cirb.lan:8443/services/ArchitectOrderService_v1.0</con:endpoint><con:request><![CDATA[<soapenv:Envelope xmlns:soapenv="http://schemas.xmlsoap.org/soap/envelope/" xmlns:v1="http://fidus.brussels/service/architectorderservice/messages/v1" xmlns:v11="http://fidus.brussels/type/common/messages/v1">
   <soapenv:Header/>
   <soapenv:Body>
      <v1:byCompanyNumberRequest>
         <v1:messageContext>
         	  <v11:messageId>${=import static java.util.UUID.randomUUID; uuid = randomUUID() as String}</v11:messageId>
            <v11:timestamp>${=new java.text.SimpleDateFormat("yyyy-MM-dd'T'HH:mm:ss.SSS").format(new Date())}</v11:timestamp>
         </v1:messageContext>
         <v1:legalContext>ServiceIntegrator</v1:legalContext>
         <v1:request>
            <v1:companyNumber>BE 0535 693 485</v1:companyNumber>
         </v1:request>
      </v1:byCompanyNumberRequest>
   </soapenv:Body>
</soapenv:Envelope>]]></con:request><con:assertion type="SOAP Fault Assertion" id="6972d976-c3f5-4442-88c1-78510d9726e0" name="Not SOAP Fault"/><con:assertion type="SOAP Response" id="e049dbd2-469c-46a0-992b-545b0392c5d5" name="SOAP Response"/><con:assertion type="Schema Compliance" id="e44e9968-c066-4f7f-af8c-4035b0fd5331" name="Schema Compliance"><con:configuration/></con:assertion><con:wsaConfig action="http://fidus.brussels/services/architectorderservice/byCompanyNumber"/></con:request></con:config></con:testStep><con:testStep type="request" id="f571af76-eda1-4a87-87c8-532951fed679" name="testcase3 - Test - Worker1 - Request"><con:settings/><con:config xsi:type="con:RequestStep" xmlns:xsi="http://www.w3.org/2001/XMLSchema-instance"><con:interface>ArchitectOrderServiceHTTPBinding</con:interface><con:operation>byCompanyNumber</con:operation><con:request name="testcase3 - Test - Worker1 - Request" id="7d20ccf5-9286-4e08-be23-485b2a4d368c" outgoingWss="Outflow TEST"><con:settings/><con:encoding>UTF-8</con:encoding><con:endpoint>https://192.168.24.45:8443/services/ArchitectOrderService_v1.0</con:endpoint><con:request><![CDATA[<soapenv:Envelope xmlns:soapenv="http://schemas.xmlsoap.org/soap/envelope/" xmlns:v1="http://fidus.brussels/service/architectorderservice/messages/v1" xmlns:v11="http://fidus.brussels/type/common/messages/v1">
   <soapenv:Header/>
   <soapenv:Body>
      <v1:byCompanyNumberRequest>
         <v1:messageContext>
         	  <v11:messageId>${=import static java.util.UUID.randomUUID; uuid = randomUUID() as String}</v11:messageId>
            <v11:timestamp>${=new java.text.SimpleDateFormat("yyyy-MM-dd'T'HH:mm:ss.SSS").format(new Date())}</v11:timestamp>
         </v1:messageContext>
         <v1:legalContext>ServiceIntegrator</v1:legalContext>
         <v1:request>
            <v1:companyNumber>BE 0535 693 485</v1:companyNumber>
         </v1:request>
      </v1:byCompanyNumberRequest>
   </soapenv:Body>
</soapenv:Envelope>]]></con:request><con:assertion type="SOAP Fault Assertion" id="3adbc468-ac18-40ea-921a-b436db32bd52" name="Not SOAP Fault"/><con:assertion type="SOAP Response" id="23cd56f9-2ccc-42d0-88fa-93a9932ba3b0" name="SOAP Response"/><con:assertion type="Schema Compliance" id="f4c51641-3f72-44b6-a294-1542035c447d" name="Schema Compliance"><con:configuration/></con:assertion><con:wsaConfig action="http://fidus.brussels/services/architectorderservice/byCompanyNumber"/></con:request></con:config></con:testStep><con:testStep type="request" id="0fc9264a-0517-413f-846a-59c8639a4539" name="testcase3 - Test - Worker2 - Request"><con:settings/><con:config xsi:type="con:RequestStep" xmlns:xsi="http://www.w3.org/2001/XMLSchema-instance"><con:interface>ArchitectOrderServiceHTTPBinding</con:interface><con:operation>byCompanyNumber</con:operation><con:request name="testcase3 - Test - Worker2 - Request" id="6fb3ed53-7a55-46e6-8f9d-346322cd9946" outgoingWss="Outflow TEST"><con:settings/><con:encoding>UTF-8</con:encoding><con:endpoint>https://192.168.24.51:8443/services/ArchitectOrderService_v1.0</con:endpoint><con:request><![CDATA[<soapenv:Envelope xmlns:soapenv="http://schemas.xmlsoap.org/soap/envelope/" xmlns:v1="http://fidus.brussels/service/architectorderservice/messages/v1" xmlns:v11="http://fidus.brussels/type/common/messages/v1">
   <soapenv:Header/>
   <soapenv:Body>
      <v1:byCompanyNumberRequest>
         <v1:messageContext>
         	  <v11:messageId>${=import static java.util.UUID.randomUUID; uuid = randomUUID() as String}</v11:messageId>
            <v11:timestamp>${=new java.text.SimpleDateFormat("yyyy-MM-dd'T'HH:mm:ss.SSS").format(new Date())}</v11:timestamp>
         </v1:messageContext>
         <v1:legalContext>ServiceIntegrator</v1:legalContext>
         <v1:request>
            <v1:companyNumber>BE 0535 693 485</v1:companyNumber>
         </v1:request>
      </v1:byCompanyNumberRequest>
   </soapenv:Body>
</soapenv:Envelope>]]></con:request><con:assertion type="SOAP Fault Assertion" id="c07eda9e-cfd7-48f4-90dc-b49aacabfa52" name="Not SOAP Fault"/><con:assertion type="SOAP Response" id="9719c3ec-f73f-4378-adc3-13cdd696efba" name="SOAP Response"/><con:assertion type="Schema Compliance" id="506eaa9d-3ffb-4b6f-9125-c4d82b5498ed" name="Schema Compliance"><con:configuration/></con:assertion><con:wsaConfig action="http://fidus.brussels/services/architectorderservice/byCompanyNumber"/></con:request></con:config></con:testStep><con:properties/></con:testCase><con:testCase id="5b2544c1-7c66-4c39-9932-106387a52384" failOnError="true" failTestCaseOnErrors="true" keepSession="false" maxResults="0" name="byNationalNumber" searchProperties="true"><con:settings/><con:testStep type="request" id="d10811cc-090f-4462-92e4-a5e6d8555b02" name="testcase3 - Test - External - Request"><con:settings/><con:config xsi:type="con:RequestStep" xmlns:xsi="http://www.w3.org/2001/XMLSchema-instance"><con:interface>ArchitectOrderServiceHTTPBinding</con:interface><con:operation>byNationalNumber</con:operation><con:request name="testcase3 - Test - External - Request" id="a31f1135-832f-4375-b277-a322ada1d470" outgoingWss="Outflow TEST"><con:settings/><con:encoding>UTF-8</con:encoding><con:endpoint>https://fidus-test.irisnetlab.be/services/ArchitectOrderService_v1.0</con:endpoint><con:request><![CDATA[<soapenv:Envelope xmlns:soapenv="http://schemas.xmlsoap.org/soap/envelope/" xmlns:v1="http://fidus.brussels/service/architectorderservice/messages/v1" xmlns:v11="http://fidus.brussels/type/common/messages/v1">
   <soapenv:Header/>
   <soapenv:Body>
      <v1:byNationalNumberRequest>
         <v1:messageContext>
         	  <v11:messageId>${=import static java.util.UUID.randomUUID; uuid = randomUUID() as String}</v11:messageId>
            <v11:timestamp>${=new java.text.SimpleDateFormat("yyyy-MM-dd'T'HH:mm:ss.SSS").format(new Date())}</v11:timestamp>
         </v1:messageContext>
         <v1:legalContext>ServiceIntegrator</v1:legalContext>
         <v1:request>
            <v1:personNumber>86051242982</v1:personNumber>
         </v1:request>
      </v1:byNationalNumberRequest>
   </soapenv:Body>
</soapenv:Envelope>]]></con:request><con:assertion type="SOAP Fault Assertion" id="aac8c3b5-86ee-4526-907f-e29cde66a91c" name="Not SOAP Fault"/><con:assertion type="SOAP Response" id="a98d4b50-806f-420c-a323-9952afa7d252" name="SOAP Response"/><con:assertion type="Schema Compliance" id="3f7f413e-9fd5-4140-9413-624ba3c17344" name="Schema Compliance"><con:configuration/></con:assertion><con:wsaConfig action="http://fidus.brussels/services/architectorderservice/byNationalNumber"/></con:request></con:config></con:testStep><con:testStep type="request" id="a50110dc-277b-45a8-b1aa-efb86915cee9" name="testcase3 - Test - LB - Request"><con:settings/><con:config xsi:type="con:RequestStep" xmlns:xsi="http://www.w3.org/2001/XMLSchema-instance"><con:interface>ArchitectOrderServiceHTTPBinding</con:interface><con:operation>byNationalNumber</con:operation><con:request name="testcase3 - Test - LB - Request" id="51918f3c-5e92-4c6f-8eb5-e3c2f90c0dd1" outgoingWss="Outflow TEST"><con:settings/><con:encoding>UTF-8</con:encoding><con:endpoint>https://esb-security-gw.sta.srv.cirb.lan:8443/services/ArchitectOrderService_v1.0</con:endpoint><con:request><![CDATA[<soapenv:Envelope xmlns:soapenv="http://schemas.xmlsoap.org/soap/envelope/" xmlns:v1="http://fidus.brussels/service/architectorderservice/messages/v1" xmlns:v11="http://fidus.brussels/type/common/messages/v1">
   <soapenv:Header/>
   <soapenv:Body>
      <v1:byNationalNumberRequest>
         <v1:messageContext>
         	  <v11:messageId>${=import static java.util.UUID.randomUUID; uuid = randomUUID() as String}</v11:messageId>
            <v11:timestamp>${=new java.text.SimpleDateFormat("yyyy-MM-dd'T'HH:mm:ss.SSS").format(new Date())}</v11:timestamp>
         </v1:messageContext>
         <v1:legalContext>ServiceIntegrator</v1:legalContext>
         <v1:request>
            <v1:personNumber>86051242982</v1:personNumber>
         </v1:request>
      </v1:byNationalNumberRequest>
   </soapenv:Body>
</soapenv:Envelope>]]></con:request><con:assertion type="SOAP Fault Assertion" id="1bf06e8d-f4f0-4345-9da6-a37dd6b0a77a" name="Not SOAP Fault"/><con:assertion type="SOAP Response" id="bbb0f1a5-20b4-4ae9-a257-13962dfabc3d" name="SOAP Response"/><con:assertion type="Schema Compliance" id="d69ca5a1-3cf8-41c9-a120-478d41b717d2" name="Schema Compliance"><con:configuration/></con:assertion><con:wsaConfig action="http://fidus.brussels/services/architectorderservice/byNationalNumber"/></con:request></con:config></con:testStep><con:testStep type="request" id="feeccfe4-a517-4728-9425-f34440478855" name="testcase3 - Test - Worker1 - Request"><con:settings/><con:config xsi:type="con:RequestStep" xmlns:xsi="http://www.w3.org/2001/XMLSchema-instance"><con:interface>ArchitectOrderServiceHTTPBinding</con:interface><con:operation>byNationalNumber</con:operation><con:request name="testcase3 - Test - Worker1 - Request" id="3b6367bf-e2f0-47bc-a6d9-0294f6a2bc74" outgoingWss="Outflow TEST"><con:settings/><con:encoding>UTF-8</con:encoding><con:endpoint>https://192.168.24.45:8443/services/ArchitectOrderService_v1.0</con:endpoint><con:request><![CDATA[<soapenv:Envelope xmlns:soapenv="http://schemas.xmlsoap.org/soap/envelope/" xmlns:v1="http://fidus.brussels/service/architectorderservice/messages/v1" xmlns:v11="http://fidus.brussels/type/common/messages/v1">
   <soapenv:Header/>
   <soapenv:Body>
      <v1:byNationalNumberRequest>
         <v1:messageContext>
         	  <v11:messageId>${=import static java.util.UUID.randomUUID; uuid = randomUUID() as String}</v11:messageId>
            <v11:timestamp>${=new java.text.SimpleDateFormat("yyyy-MM-dd'T'HH:mm:ss.SSS").format(new Date())}</v11:timestamp>
         </v1:messageContext>
         <v1:legalContext>NovaUser</v1:legalContext>
         <v1:request>
            <v1:personNumber>86051242982</v1:personNumber>
         </v1:request>
      </v1:byNationalNumberRequest>
   </soapenv:Body>
</soapenv:Envelope>]]></con:request><con:assertion type="SOAP Fault Assertion" id="1e3f5faf-335d-4035-8fb9-c50018401abe" name="Not SOAP Fault"/><con:assertion type="SOAP Response" id="c9c5297a-9a29-4a49-88df-4a89c823f492" name="SOAP Response"/><con:assertion type="Schema Compliance" id="6a59d73c-7c5f-42c1-8fad-c948a79fa271" name="Schema Compliance"><con:configuration/></con:assertion><con:wsaConfig action="http://fidus.brussels/services/architectorderservice/byNationalNumber"/></con:request></con:config></con:testStep><con:testStep type="request" id="360b3f79-c5f3-47f6-9173-5bccfdc6cb51" name="testcase3 - Test - Worker2 - Request"><con:settings/><con:config xsi:type="con:RequestStep" xmlns:xsi="http://www.w3.org/2001/XMLSchema-instance"><con:interface>ArchitectOrderServiceHTTPBinding</con:interface><con:operation>byNationalNumber</con:operation><con:request name="testcase3 - Test - Worker2 - Request" id="65b2d53b-e3a7-404f-aa3d-6923e63ffd9d" outgoingWss="Outflow TEST"><con:settings/><con:encoding>UTF-8</con:encoding><con:endpoint>https://192.168.24.51:8443/services/ArchitectOrderService_v1.0</con:endpoint><con:request><![CDATA[<soapenv:Envelope xmlns:soapenv="http://schemas.xmlsoap.org/soap/envelope/" xmlns:v1="http://fidus.brussels/service/architectorderservice/messages/v1" xmlns:v11="http://fidus.brussels/type/common/messages/v1">
   <soapenv:Header/>
   <soapenv:Body>
      <v1:byNationalNumberRequest>
         <v1:messageContext>
         	  <v11:messageId>${=import static java.util.UUID.randomUUID; uuid = randomUUID() as String}</v11:messageId>
            <v11:timestamp>${=new java.text.SimpleDateFormat("yyyy-MM-dd'T'HH:mm:ss.SSS").format(new Date())}</v11:timestamp>
         </v1:messageContext>
         <v1:legalContext>ServiceIntegrator</v1:legalContext>
         <v1:request>
            <v1:personNumber>86051242982</v1:personNumber>
         </v1:request>
      </v1:byNationalNumberRequest>
   </soapenv:Body>
</soapenv:Envelope>]]></con:request><con:assertion type="SOAP Fault Assertion" id="9c9e8ff4-45ed-4b01-b10a-53ffdf22bb16" name="Not SOAP Fault"/><con:assertion type="SOAP Response" id="12d0f794-be56-4939-8664-72024367c602" name="SOAP Response"/><con:assertion type="Schema Compliance" id="3f6697e4-00f5-43e4-8faf-e94f872897a2" name="Schema Compliance"><con:configuration/></con:assertion><con:wsaConfig action="http://fidus.brussels/services/architectorderservice/byNationalNumber"/></con:request></con:config></con:testStep><con:properties/></con:testCase><con:testCase id="7f6280cb-8c83-4273-82b2-261821f0b31e" failOnError="true" failTestCaseOnErrors="true" keepSession="false" maxResults="0" name="byReferenceNumber" searchProperties="true"><con:settings/><con:testStep type="request" id="c4c3d214-c31f-4c29-b253-333dc72566b5" name="testcase3 - Test - External - Request"><con:settings/><con:config xsi:type="con:RequestStep" xmlns:xsi="http://www.w3.org/2001/XMLSchema-instance"><con:interface>ArchitectOrderServiceHTTPBinding</con:interface><con:operation>byReferenceNumber</con:operation><con:request name="testcase3 - Test - External - Request" id="e5754c15-4128-4d26-aaeb-0ee40efde6cf" outgoingWss="Outflow TEST"><con:settings/><con:encoding>UTF-8</con:encoding><con:endpoint>https://fidus-test.irisnetlab.be/services/ArchitectOrderService_v1.0</con:endpoint><con:request><![CDATA[<soapenv:Envelope xmlns:soapenv="http://schemas.xmlsoap.org/soap/envelope/" xmlns:v1="http://fidus.brussels/service/architectorderservice/messages/v1" xmlns:v11="http://fidus.brussels/type/common/messages/v1">
   <soapenv:Header/>
   <soapenv:Body>
      <v1:byReferenceNumberRequest>
         <v1:messageContext>
         	  <v11:messageId>${=import static java.util.UUID.randomUUID; uuid = randomUUID() as String}</v11:messageId>
            <v11:timestamp>${=new java.text.SimpleDateFormat("yyyy-MM-dd'T'HH:mm:ss.SSS").format(new Date())}</v11:timestamp>
         </v1:messageContext>
         <v1:legalContext>NovaUser</v1:legalContext>
         <v1:request>
            <v1:referenceNumber>2900107</v1:referenceNumber>
         </v1:request>
      </v1:byReferenceNumberRequest>
   </soapenv:Body>
</soapenv:Envelope>]]></con:request><con:assertion type="SOAP Fault Assertion" id="57e82c6b-e614-43ed-b582-aa55fe433e22" name="Not SOAP Fault"/><con:assertion type="SOAP Response" id="9b9b91dc-7ba9-4e29-99bf-862ce3d5500b" name="SOAP Response"/><con:assertion type="Schema Compliance" id="fa0aa00b-bafa-4954-b85f-117dcd378781" name="Schema Compliance"><con:configuration/></con:assertion><con:wsaConfig action="http://fidus.brussels/services/architectorderservice/byReferenceNumber"/></con:request></con:config></con:testStep><con:testStep type="request" id="c1a09c91-6a7d-47ea-bd4c-14c127952876" name="testcase3 - Test - LB - Request"><con:settings/><con:config xsi:type="con:RequestStep" xmlns:xsi="http://www.w3.org/2001/XMLSchema-instance"><con:interface>ArchitectOrderServiceHTTPBinding</con:interface><con:operation>byReferenceNumber</con:operation><con:request name="testcase3 - Test - LB - Request" id="bf4282bb-e4b2-4061-ba02-004945f71d4a" outgoingWss="Outflow TEST"><con:settings/><con:encoding>UTF-8</con:encoding><con:endpoint>https://esb-security-gw.sta.srv.cirb.lan:8443/services/ArchitectOrderService_v1.0</con:endpoint><con:request><![CDATA[<soapenv:Envelope xmlns:soapenv="http://schemas.xmlsoap.org/soap/envelope/" xmlns:v1="http://fidus.brussels/service/architectorderservice/messages/v1" xmlns:v11="http://fidus.brussels/type/common/messages/v1">
   <soapenv:Header/>
   <soapenv:Body>
      <v1:byReferenceNumberRequest>
         <v1:messageContext>
         	  <v11:messageId>${=import static java.util.UUID.randomUUID; uuid = randomUUID() as String}</v11:messageId>
            <v11:timestamp>${=new java.text.SimpleDateFormat("yyyy-MM-dd'T'HH:mm:ss.SSS").format(new Date())}</v11:timestamp>
         </v1:messageContext>
         <v1:legalContext>ServiceIntegrator</v1:legalContext>
         <v1:request>
            <v1:referenceNumber>2900107</v1:referenceNumber>
         </v1:request>
      </v1:byReferenceNumberRequest>
   </soapenv:Body>
</soapenv:Envelope>]]></con:request><con:assertion type="SOAP Fault Assertion" id="2b6c9a38-e090-4b95-9d69-ea5df012eb1b" name="Not SOAP Fault"/><con:assertion type="SOAP Response" id="a2186bd6-95ee-4ea0-93ac-74ddad7af290" name="SOAP Response"/><con:assertion type="Schema Compliance" id="9617a9c1-ce45-4e23-983b-2e21157f404f" name="Schema Compliance"><con:configuration/></con:assertion><con:wsaConfig action="http://fidus.brussels/services/architectorderservice/byReferenceNumber"/></con:request></con:config></con:testStep><con:testStep type="request" id="d3d451db-c075-4c68-96ce-61d51f22cbc4" name="testcase3 - Test - Worker1 - Request"><con:settings/><con:config xsi:type="con:RequestStep" xmlns:xsi="http://www.w3.org/2001/XMLSchema-instance"><con:interface>ArchitectOrderServiceHTTPBinding</con:interface><con:operation>byReferenceNumber</con:operation><con:request name="testcase3 - Test - Worker1 - Request" id="801af1eb-04c1-4a8a-b069-c741a1c8466e" outgoingWss="Outflow TEST"><con:settings/><con:encoding>UTF-8</con:encoding><con:endpoint>https://192.168.24.45:8443/services/ArchitectOrderService_v1.0</con:endpoint><con:request><![CDATA[<soapenv:Envelope xmlns:soapenv="http://schemas.xmlsoap.org/soap/envelope/" xmlns:v1="http://fidus.brussels/service/architectorderservice/messages/v1" xmlns:v11="http://fidus.brussels/type/common/messages/v1">
   <soapenv:Header/>
   <soapenv:Body>
      <v1:byReferenceNumberRequest>
         <v1:messageContext>
         	  <v11:messageId>${=import static java.util.UUID.randomUUID; uuid = randomUUID() as String}</v11:messageId>
            <v11:timestamp>${=new java.text.SimpleDateFormat("yyyy-MM-dd'T'HH:mm:ss.SSS").format(new Date())}</v11:timestamp>
         </v1:messageContext>
         <v1:legalContext>NovaUser</v1:legalContext>
         <v1:request>
            <v1:referenceNumber>2900107</v1:referenceNumber>
         </v1:request>
      </v1:byReferenceNumberRequest>
   </soapenv:Body>
</soapenv:Envelope>]]></con:request><con:assertion type="SOAP Fault Assertion" id="2cdaac5c-b2e1-4de7-96ac-07a9d4240d23" name="Not SOAP Fault"/><con:assertion type="SOAP Response" id="74c28c21-e82c-4afd-a319-cabb9a599012" name="SOAP Response"/><con:assertion type="Schema Compliance" id="12269711-c9c6-439d-b71d-cd682c3ca6c2" name="Schema Compliance"><con:configuration/></con:assertion><con:wsaConfig action="http://fidus.brussels/services/architectorderservice/byReferenceNumber"/></con:request></con:config></con:testStep><con:testStep type="request" id="49a849b3-2a0c-483c-8700-311b0deb1412" name="testcase3 - Test - Worker2 - Request"><con:settings/><con:config xsi:type="con:RequestStep" xmlns:xsi="http://www.w3.org/2001/XMLSchema-instance"><con:interface>ArchitectOrderServiceHTTPBinding</con:interface><con:operation>byReferenceNumber</con:operation><con:request name="testcase3 - Test - Worker2 - Request" id="3b4a880f-3653-4288-8442-bc009807e602" outgoingWss="Outflow TEST"><con:settings/><con:encoding>UTF-8</con:encoding><con:endpoint>https://192.168.24.51:8443/services/ArchitectOrderService_v1.0</con:endpoint><con:request><![CDATA[<soapenv:Envelope xmlns:soapenv="http://schemas.xmlsoap.org/soap/envelope/" xmlns:v1="http://fidus.brussels/service/architectorderservice/messages/v1" xmlns:v11="http://fidus.brussels/type/common/messages/v1">
   <soapenv:Header/>
   <soapenv:Body>
      <v1:byReferenceNumberRequest>
         <v1:messageContext>
         	  <v11:messageId>${=import static java.util.UUID.randomUUID; uuid = randomUUID() as String}</v11:messageId>
            <v11:timestamp>${=new java.text.SimpleDateFormat("yyyy-MM-dd'T'HH:mm:ss.SSS").format(new Date())}</v11:timestamp>
         </v1:messageContext>
         <v1:legalContext>ServiceIntegrator</v1:legalContext>
         <v1:request>
            <v1:referenceNumber>2900107</v1:referenceNumber>
         </v1:request>
      </v1:byReferenceNumberRequest>
   </soapenv:Body>
</soapenv:Envelope>]]></con:request><con:assertion type="SOAP Fault Assertion" id="d387fbfa-3880-4018-8656-6198cc73d15f" name="Not SOAP Fault"/><con:assertion type="SOAP Response" id="102eb42b-ec83-40ca-b353-39a013b1b51b" name="SOAP Response"/><con:assertion type="Schema Compliance" id="51fd9da7-51f0-47bb-8628-648f691b8c14" name="Schema Compliance"><con:configuration/></con:assertion><con:wsaConfig action="http://fidus.brussels/services/architectorderservice/byReferenceNumber"/></con:request></con:config></con:testStep><con:properties/></con:testCase><con:properties/></con:testSuite><con:testSuite id="058ed430-59a8-4209-815f-0dab1dad1060" name="STAG"><con:settings/><con:runType>SEQUENTIAL</con:runType><con:testCase id="0a494c53-02cc-442e-8dc5-d30ef972747a" failOnError="true" failTestCaseOnErrors="true" keepSession="false" maxResults="0" name="byCompanyNumber" searchProperties="true"><con:settings/><con:testStep type="request" id="9ed12929-9ee9-4cd4-a41e-7caccff483d3" name="testcase4 - Staging - External - Request"><con:settings/><con:config xsi:type="con:RequestStep" xmlns:xsi="http://www.w3.org/2001/XMLSchema-instance"><con:interface>ArchitectOrderServiceHTTPBinding</con:interface><con:operation>byCompanyNumber</con:operation><con:request name="testcase4 - Staging - External - Request" id="5de00e19-a303-41d9-9631-cf2202552923" outgoingWss="Outflow STAG"><con:settings/><con:encoding>UTF-8</con:encoding><con:endpoint>https://fidus.irisnetlab.be/services/ArchitectOrderService_v1.0</con:endpoint><con:request><![CDATA[<soapenv:Envelope xmlns:soapenv="http://schemas.xmlsoap.org/soap/envelope/" xmlns:v1="http://fidus.brussels/service/architectorderservice/messages/v1" xmlns:v11="http://fidus.brussels/type/common/messages/v1">
   <soapenv:Header/>
   <soapenv:Body>
      <v1:byCompanyNumberRequest>
         <v1:messageContext>
         	  <v11:messageId>${=import static java.util.UUID.randomUUID; uuid = randomUUID() as String}</v11:messageId>
            <v11:timestamp>${=new java.text.SimpleDateFormat("yyyy-MM-dd'T'HH:mm:ss.SSS").format(new Date())}</v11:timestamp>
         </v1:messageContext>
         <v1:legalContext>ServiceIntegrator</v1:legalContext>
         <v1:request>
            <v1:companyNumber>BE 0535 693 485</v1:companyNumber>
         </v1:request>
      </v1:byCompanyNumberRequest>
   </soapenv:Body>
</soapenv:Envelope>]]></con:request><con:assertion type="SOAP Fault Assertion" id="79f510b4-fb63-44ff-857a-059c6725df6c" name="Not SOAP Fault"/><con:assertion type="SOAP Response" id="786a5e61-90a4-4b1c-a2d1-1843ab1f8928" name="SOAP Response"/><con:assertion type="Schema Compliance" id="1acba64c-8b1b-46f3-bee0-bdd62c13b604" name="Schema Compliance"><con:configuration/></con:assertion><con:wsaConfig action="http://fidus.brussels/services/architectorderservice/byCompanyNumber"/></con:request></con:config></con:testStep><con:testStep type="request" id="c1a97d7d-5bca-4714-9459-1b05f933f922" name="testcase4 - Staging - LB - Request"><con:settings/><con:config xsi:type="con:RequestStep" xmlns:xsi="http://www.w3.org/2001/XMLSchema-instance"><con:interface>ArchitectOrderServiceHTTPBinding</con:interface><con:operation>byCompanyNumber</con:operation><con:request name="testcase4 - Staging - LB - Request" id="a7c23490-15c2-433e-9b76-08babe81ba9e" outgoingWss="Outflow STAG"><con:settings/><con:encoding>UTF-8</con:encoding><con:endpoint>https://fidus-esb-sg.sta.srv.cirb.lan:8443/services/ArchitectOrderService_v1.0</con:endpoint><con:request><![CDATA[<soapenv:Envelope xmlns:soapenv="http://schemas.xmlsoap.org/soap/envelope/" xmlns:v1="http://fidus.brussels/service/architectorderservice/messages/v1" xmlns:v11="http://fidus.brussels/type/common/messages/v1">
   <soapenv:Header/>
   <soapenv:Body>
      <v1:byCompanyNumberRequest>
         <v1:messageContext>
         	  <v11:messageId>${=import static java.util.UUID.randomUUID; uuid = randomUUID() as String}</v11:messageId>
            <v11:timestamp>${=new java.text.SimpleDateFormat("yyyy-MM-dd'T'HH:mm:ss.SSS").format(new Date())}</v11:timestamp>
         </v1:messageContext>
         <v1:legalContext>ServiceIntegrator</v1:legalContext>
         <v1:request>
            <v1:companyNumber>BE 0535 693 485</v1:companyNumber>
         </v1:request>
      </v1:byCompanyNumberRequest>
   </soapenv:Body>
</soapenv:Envelope>]]></con:request><con:assertion type="SOAP Fault Assertion" id="c237613c-137a-493c-b164-8f4f12aeb207" name="Not SOAP Fault"/><con:assertion type="SOAP Response" id="76d32e8c-a39a-43d2-a4d6-7908d8e158eb" name="SOAP Response"/><con:assertion type="Schema Compliance" id="719e35de-b7b7-42ff-9a9e-88aa1b5028e5" name="Schema Compliance"><con:configuration/></con:assertion><con:wsaConfig action="http://fidus.brussels/services/architectorderservice/byCompanyNumber"/></con:request></con:config></con:testStep><con:testStep type="request" id="40c4b8de-4b4b-496a-82fd-79f3262fe176" name="testcase4 - Staging - Worker1 - Request"><con:settings/><con:config xsi:type="con:RequestStep" xmlns:xsi="http://www.w3.org/2001/XMLSchema-instance"><con:interface>ArchitectOrderServiceHTTPBinding</con:interface><con:operation>byCompanyNumber</con:operation><con:request name="testcase4 - Staging - Worker1 - Request" id="9aa6afbe-49cb-4845-b7ab-2bac706c2f6d" outgoingWss="Outflow STAG"><con:settings/><con:encoding>UTF-8</con:encoding><con:endpoint>https://192.168.24.57:8443/services/ArchitectOrderService_v1.0</con:endpoint><con:request><![CDATA[<soapenv:Envelope xmlns:soapenv="http://schemas.xmlsoap.org/soap/envelope/" xmlns:v1="http://fidus.brussels/service/architectorderservice/messages/v1" xmlns:v11="http://fidus.brussels/type/common/messages/v1">
   <soapenv:Header/>
   <soapenv:Body>
      <v1:byCompanyNumberRequest>
         <v1:messageContext>
         	  <v11:messageId>${=import static java.util.UUID.randomUUID; uuid = randomUUID() as String}</v11:messageId>
            <v11:timestamp>${=new java.text.SimpleDateFormat("yyyy-MM-dd'T'HH:mm:ss.SSS").format(new Date())}</v11:timestamp>
         </v1:messageContext>
         <v1:legalContext>ServiceIntegrator</v1:legalContext>
         <v1:request>
            <v1:companyNumber>BE 0535 693 485</v1:companyNumber>
         </v1:request>
      </v1:byCompanyNumberRequest>
   </soapenv:Body>
</soapenv:Envelope>]]></con:request><con:assertion type="SOAP Fault Assertion" id="55d25897-d51a-48bb-a243-0bed27345f68" name="Not SOAP Fault"/><con:assertion type="SOAP Response" id="99fcaebc-109b-420c-a0b3-092ce8e3ec9d" name="SOAP Response"/><con:assertion type="Schema Compliance" id="8a4304d5-b913-454d-ac9e-1f84c1f85861" name="Schema Compliance"><con:configuration/></con:assertion><con:wsaConfig action="http://fidus.brussels/services/architectorderservice/byCompanyNumber"/></con:request></con:config></con:testStep><con:testStep type="request" id="8921501b-dc63-4439-98ab-ac76b68f00c2" name="testcase4 - Staging - Worker2 - Request"><con:settings/><con:config xsi:type="con:RequestStep" xmlns:xsi="http://www.w3.org/2001/XMLSchema-instance"><con:interface>ArchitectOrderServiceHTTPBinding</con:interface><con:operation>byCompanyNumber</con:operation><con:request name="testcase4 - Staging - Worker2 - Request" id="b90210bf-5a46-4e59-9ad0-ccb9771fb5c9" outgoingWss="Outflow STAG"><con:settings/><con:encoding>UTF-8</con:encoding><con:endpoint>https://192.168.24.64:8443/services/ArchitectOrderService_v1.0</con:endpoint><con:request><![CDATA[<soapenv:Envelope xmlns:soapenv="http://schemas.xmlsoap.org/soap/envelope/" xmlns:v1="http://fidus.brussels/service/architectorderservice/messages/v1" xmlns:v11="http://fidus.brussels/type/common/messages/v1">
   <soapenv:Header/>
   <soapenv:Body>
      <v1:byCompanyNumberRequest>
         <v1:messageContext>
         	  <v11:messageId>${=import static java.util.UUID.randomUUID; uuid = randomUUID() as String}</v11:messageId>
            <v11:timestamp>${=new java.text.SimpleDateFormat("yyyy-MM-dd'T'HH:mm:ss.SSS").format(new Date())}</v11:timestamp>
         </v1:messageContext>
         <v1:legalContext>ServiceIntegrator</v1:legalContext>
         <v1:request>
            <v1:companyNumber>BE 0535 693 485</v1:companyNumber>
         </v1:request>
      </v1:byCompanyNumberRequest>
   </soapenv:Body>
</soapenv:Envelope>]]></con:request><con:assertion type="SOAP Fault Assertion" id="9a1846b1-ebbb-4ded-b5c5-838e4d7accf7" name="Not SOAP Fault"/><con:assertion type="SOAP Response" id="9d60a895-5890-43bf-a807-84cb51ef0cbd" name="SOAP Response"/><con:assertion type="Schema Compliance" id="cfb8541b-9aaf-48ef-9be3-d0b24ff71899" name="Schema Compliance"><con:configuration/></con:assertion><con:wsaConfig action="http://fidus.brussels/services/architectorderservice/byCompanyNumber"/></con:request></con:config></con:testStep><con:properties/></con:testCase><con:testCase id="2c6839ae-f926-473f-9e15-9ee0fbb21092" failOnError="true" failTestCaseOnErrors="true" keepSession="false" maxResults="0" name="byNationalNumber" searchProperties="true"><con:settings/><con:testStep type="request" id="74b05407-97f6-4139-aa47-7cdc92f37fc3" name="testcase4 - Staging - External - Request"><con:settings/><con:config xsi:type="con:RequestStep" xmlns:xsi="http://www.w3.org/2001/XMLSchema-instance"><con:interface>ArchitectOrderServiceHTTPBinding</con:interface><con:operation>byNationalNumber</con:operation><con:request name="testcase4 - Staging - External - Request" id="f6e8d280-d9f0-49e6-9971-b8be1a0ccc61" outgoingWss="Outflow STAG"><con:settings/><con:encoding>UTF-8</con:encoding><con:endpoint>https://fidus.irisnetlab.be/services/ArchitectOrderService_v1.0</con:endpoint><con:request><![CDATA[<soapenv:Envelope xmlns:soapenv="http://schemas.xmlsoap.org/soap/envelope/" xmlns:v1="http://fidus.brussels/service/architectorderservice/messages/v1" xmlns:v11="http://fidus.brussels/type/common/messages/v1">
   <soapenv:Header/>
   <soapenv:Body>
      <v1:byNationalNumberRequest>
         <v1:messageContext>
         	  <v11:messageId>${=import static java.util.UUID.randomUUID; uuid = randomUUID() as String}</v11:messageId>
            <v11:timestamp>${=new java.text.SimpleDateFormat("yyyy-MM-dd'T'HH:mm:ss.SSS").format(new Date())}</v11:timestamp>
         </v1:messageContext>
         <v1:legalContext>ServiceIntegrator</v1:legalContext>
         <v1:request>
            <v1:personNumber>86051242982</v1:personNumber>
         </v1:request>
      </v1:byNationalNumberRequest>
   </soapenv:Body>
</soapenv:Envelope>]]></con:request><con:assertion type="SOAP Fault Assertion" id="2bd493cb-6432-49aa-a3d6-6f71088e0cf7" name="Not SOAP Fault"/><con:assertion type="SOAP Response" id="1ea62aba-8c42-45f6-a06f-8408985e221d" name="SOAP Response"/><con:assertion type="Schema Compliance" id="494b332d-5e66-4f24-9d4f-e169d8f9adef" name="Schema Compliance"><con:configuration/></con:assertion><con:wsaConfig action="http://fidus.brussels/services/architectorderservice/byNationalNumber"/></con:request></con:config></con:testStep><con:testStep type="request" id="17b4eb81-47e9-4c79-8e1f-724d739f0907" name="testcase4 - Staging - LB - Request"><con:settings/><con:config xsi:type="con:RequestStep" xmlns:xsi="http://www.w3.org/2001/XMLSchema-instance"><con:interface>ArchitectOrderServiceHTTPBinding</con:interface><con:operation>byNationalNumber</con:operation><con:request name="testcase4 - Staging - LB - Request" id="2fde78cc-8385-4a66-8ac5-c6426022691c" outgoingWss="Outflow STAG"><con:settings/><con:encoding>UTF-8</con:encoding><con:endpoint>https://fidus-esb-sg.sta.srv.cirb.lan:8443/services/ArchitectOrderService_v1.0</con:endpoint><con:request><![CDATA[<soapenv:Envelope xmlns:soapenv="http://schemas.xmlsoap.org/soap/envelope/" xmlns:v1="http://fidus.brussels/service/architectorderservice/messages/v1" xmlns:v11="http://fidus.brussels/type/common/messages/v1">
   <soapenv:Header/>
   <soapenv:Body>
      <v1:byNationalNumberRequest>
         <v1:messageContext>
         	  <v11:messageId>${=import static java.util.UUID.randomUUID; uuid = randomUUID() as String}</v11:messageId>
            <v11:timestamp>${=new java.text.SimpleDateFormat("yyyy-MM-dd'T'HH:mm:ss.SSS").format(new Date())}</v11:timestamp>
         </v1:messageContext>
         <v1:legalContext>ServiceIntegrator</v1:legalContext>
         <v1:request>
            <v1:personNumber>86051242982</v1:personNumber>
         </v1:request>
      </v1:byNationalNumberRequest>
   </soapenv:Body>
</soapenv:Envelope>]]></con:request><con:assertion type="SOAP Fault Assertion" id="e328ac7c-33ef-4a6d-be2f-36af0a0b62d8" name="Not SOAP Fault"/><con:assertion type="SOAP Response" id="3327e9b8-2435-4a7b-8632-79e953b03ceb" name="SOAP Response"/><con:assertion type="Schema Compliance" id="aca420d5-38b8-432a-adb6-466d34b60c4d" name="Schema Compliance"><con:configuration/></con:assertion><con:wsaConfig action="http://fidus.brussels/services/architectorderservice/byNationalNumber"/></con:request></con:config></con:testStep><con:testStep type="request" id="d0b7049d-5a50-42e2-9f57-caedd425624b" name="testcase4 - Staging - Worker1 - Request"><con:settings/><con:config xsi:type="con:RequestStep" xmlns:xsi="http://www.w3.org/2001/XMLSchema-instance"><con:interface>ArchitectOrderServiceHTTPBinding</con:interface><con:operation>byNationalNumber</con:operation><con:request name="testcase4 - Staging - Worker1 - Request" id="19ed36b0-dbb8-4c07-9f82-dcf241a4a1ce" outgoingWss="Outflow STAG"><con:settings/><con:encoding>UTF-8</con:encoding><con:endpoint>https://192.168.24.57:8443/services/ArchitectOrderService_v1.0</con:endpoint><con:request><![CDATA[<soapenv:Envelope xmlns:soapenv="http://schemas.xmlsoap.org/soap/envelope/" xmlns:v1="http://fidus.brussels/service/architectorderservice/messages/v1" xmlns:v11="http://fidus.brussels/type/common/messages/v1">
   <soapenv:Header/>
   <soapenv:Body>
      <v1:byNationalNumberRequest>
         <v1:messageContext>
         	  <v11:messageId>${=import static java.util.UUID.randomUUID; uuid = randomUUID() as String}</v11:messageId>
            <v11:timestamp>${=new java.text.SimpleDateFormat("yyyy-MM-dd'T'HH:mm:ss.SSS").format(new Date())}</v11:timestamp>
         </v1:messageContext>
         <v1:legalContext>ServiceIntegrator</v1:legalContext>
         <v1:request>
            <v1:personNumber>86051242982</v1:personNumber>
         </v1:request>
      </v1:byNationalNumberRequest>
   </soapenv:Body>
</soapenv:Envelope>]]></con:request><con:assertion type="SOAP Fault Assertion" id="c0b1dc71-1b0d-45bf-b24c-0d1758916fc9" name="Not SOAP Fault"/><con:assertion type="SOAP Response" id="b594d23c-93f2-4457-93bf-1e5808421722" name="SOAP Response"/><con:assertion type="Schema Compliance" id="626df0a1-ab9b-442b-bfe3-2dbe97c851d2" name="Schema Compliance"><con:configuration/></con:assertion><con:wsaConfig action="http://fidus.brussels/services/architectorderservice/byNationalNumber"/></con:request></con:config></con:testStep><con:testStep type="request" id="d8a9d917-f53c-4967-a3ed-5b504fa835f1" name="testcase4 - Staging - Worker2 - Request"><con:settings/><con:config xsi:type="con:RequestStep" xmlns:xsi="http://www.w3.org/2001/XMLSchema-instance"><con:interface>ArchitectOrderServiceHTTPBinding</con:interface><con:operation>byNationalNumber</con:operation><con:request name="testcase4 - Staging - Worker2 - Request" id="a9dfb22a-78f8-4f92-9617-6281f6462233" outgoingWss="Outflow STAG"><con:settings/><con:encoding>UTF-8</con:encoding><con:endpoint>https://192.168.24.64:8443/services/ArchitectOrderService_v1.0</con:endpoint><con:request><![CDATA[<soapenv:Envelope xmlns:soapenv="http://schemas.xmlsoap.org/soap/envelope/" xmlns:v1="http://fidus.brussels/service/architectorderservice/messages/v1" xmlns:v11="http://fidus.brussels/type/common/messages/v1">
   <soapenv:Header/>
   <soapenv:Body>
      <v1:byNationalNumberRequest>
         <v1:messageContext>
         	  <v11:messageId>${=import static java.util.UUID.randomUUID; uuid = randomUUID() as String}</v11:messageId>
            <v11:timestamp>${=new java.text.SimpleDateFormat("yyyy-MM-dd'T'HH:mm:ss.SSS").format(new Date())}</v11:timestamp>
         </v1:messageContext>
         <v1:legalContext>ServiceIntegrator</v1:legalContext>
         <v1:request>
            <v1:personNumber>86051242982</v1:personNumber>
         </v1:request>
      </v1:byNationalNumberRequest>
   </soapenv:Body>
</soapenv:Envelope>]]></con:request><con:assertion type="SOAP Fault Assertion" id="8ef7eee1-c068-4a4b-b6ba-cd8b6c14bb5d" name="Not SOAP Fault"/><con:assertion type="SOAP Response" id="577b964f-b8a9-4792-acb0-35caae7f4833" name="SOAP Response"/><con:assertion type="Schema Compliance" id="03bb4e75-9d61-4521-a2fd-6dfe3bd643aa" name="Schema Compliance"><con:configuration/></con:assertion><con:wsaConfig action="http://fidus.brussels/services/architectorderservice/byNationalNumber"/></con:request></con:config></con:testStep><con:properties/></con:testCase><con:testCase id="57b93f85-bf3b-445b-9582-84c90ad0abf2" failOnError="true" failTestCaseOnErrors="true" keepSession="false" maxResults="0" name="byReferenceNumber" searchProperties="true"><con:settings/><con:testStep type="request" id="005322f6-35fe-4324-ab77-93afa2657b8e" name="testcase4 - Staging - External - Request"><con:settings/><con:config xsi:type="con:RequestStep" xmlns:xsi="http://www.w3.org/2001/XMLSchema-instance"><con:interface>ArchitectOrderServiceHTTPBinding</con:interface><con:operation>byReferenceNumber</con:operation><con:request name="testcase4 - Staging - External - Request" id="e423a2ea-3600-4c41-9316-dded2bf12677" outgoingWss="Outflow STAG"><con:settings/><con:encoding>UTF-8</con:encoding><con:endpoint>https://fidus.irisnetlab.be/services/ArchitectOrderService_v1.0</con:endpoint><con:request><![CDATA[<soapenv:Envelope xmlns:soapenv="http://schemas.xmlsoap.org/soap/envelope/" xmlns:v1="http://fidus.brussels/service/architectorderservice/messages/v1" xmlns:v11="http://fidus.brussels/type/common/messages/v1">
   <soapenv:Header/>
   <soapenv:Body>
      <v1:byReferenceNumberRequest>
         <v1:messageContext>
         	  <v11:messageId>${=import static java.util.UUID.randomUUID; uuid = randomUUID() as String}</v11:messageId>
            <v11:timestamp>${=new java.text.SimpleDateFormat("yyyy-MM-dd'T'HH:mm:ss.SSS").format(new Date())}</v11:timestamp>
         </v1:messageContext>
         <v1:legalContext>NovaUser</v1:legalContext>
         <v1:request>
            <v1:referenceNumber>2900107</v1:referenceNumber>
         </v1:request>
      </v1:byReferenceNumberRequest>
   </soapenv:Body>
</soapenv:Envelope>]]></con:request><con:assertion type="SOAP Fault Assertion" id="f791f929-d511-4f3f-9e7f-e7be0d9c52ec" name="Not SOAP Fault"/><con:assertion type="SOAP Response" id="121b341b-dfbb-45a7-9755-88d5a9542b7c" name="SOAP Response"/><con:assertion type="Schema Compliance" id="3de4973c-b320-4932-ab94-ddbbac7ff4ba" name="Schema Compliance"><con:configuration/></con:assertion><con:wsaConfig action="http://fidus.brussels/services/architectorderservice/byReferenceNumber"/></con:request></con:config></con:testStep><con:testStep type="request" id="98a9a75e-c2ff-447d-bd1a-009f965b86e2" name="testcase4 - Staging - LB - Request"><con:settings/><con:config xsi:type="con:RequestStep" xmlns:xsi="http://www.w3.org/2001/XMLSchema-instance"><con:interface>ArchitectOrderServiceHTTPBinding</con:interface><con:operation>byReferenceNumber</con:operation><con:request name="testcase4 - Staging - LB - Request" id="4ca65f46-665d-4301-a0ae-5c48bd3f3355" outgoingWss="Outflow STAG"><con:settings/><con:encoding>UTF-8</con:encoding><con:endpoint>https://fidus-esb-sg.sta.srv.cirb.lan:8443/services/ArchitectOrderService_v1.0</con:endpoint><con:request><![CDATA[<soapenv:Envelope xmlns:soapenv="http://schemas.xmlsoap.org/soap/envelope/" xmlns:v1="http://fidus.brussels/service/architectorderservice/messages/v1" xmlns:v11="http://fidus.brussels/type/common/messages/v1">
   <soapenv:Header/>
   <soapenv:Body>
      <v1:byReferenceNumberRequest>
         <v1:messageContext>
         	  <v11:messageId>${=import static java.util.UUID.randomUUID; uuid = randomUUID() as String}</v11:messageId>
            <v11:timestamp>${=new java.text.SimpleDateFormat("yyyy-MM-dd'T'HH:mm:ss.SSS").format(new Date())}</v11:timestamp>
         </v1:messageContext>
         <v1:legalContext>NovaUser</v1:legalContext>
         <v1:request>
            <v1:referenceNumber>2900107</v1:referenceNumber>
         </v1:request>
      </v1:byReferenceNumberRequest>
   </soapenv:Body>
</soapenv:Envelope>]]></con:request><con:assertion type="SOAP Fault Assertion" id="2813e2d3-5403-482c-a4f1-ef9b055e477f" name="Not SOAP Fault"/><con:assertion type="SOAP Response" id="2ee8bfa3-d9b7-44ae-95e3-2b54380622b7" name="SOAP Response"/><con:assertion type="Schema Compliance" id="2a6e45b4-427d-41b6-99ee-ff1c6be5fff5" name="Schema Compliance"><con:configuration/></con:assertion><con:wsaConfig action="http://fidus.brussels/services/architectorderservice/byReferenceNumber"/></con:request></con:config></con:testStep><con:testStep type="request" id="525485bd-56d1-4a82-b909-b4df4d25e7c0" name="testcase4 - Staging - Worker1 - Request"><con:settings/><con:config xsi:type="con:RequestStep" xmlns:xsi="http://www.w3.org/2001/XMLSchema-instance"><con:interface>ArchitectOrderServiceHTTPBinding</con:interface><con:operation>byReferenceNumber</con:operation><con:request name="testcase4 - Staging - Worker1 - Request" id="dcfe34e8-6ff1-4e77-aa73-8c768efad683" outgoingWss="Outflow STAG"><con:settings/><con:encoding>UTF-8</con:encoding><con:endpoint>https://192.168.24.57:8443/services/ArchitectOrderService_v1.0</con:endpoint><con:request><![CDATA[<soapenv:Envelope xmlns:soapenv="http://schemas.xmlsoap.org/soap/envelope/" xmlns:v1="http://fidus.brussels/service/architectorderservice/messages/v1" xmlns:v11="http://fidus.brussels/type/common/messages/v1">
   <soapenv:Header/>
   <soapenv:Body>
      <v1:byReferenceNumberRequest>
         <v1:messageContext>
         	  <v11:messageId>${=import static java.util.UUID.randomUUID; uuid = randomUUID() as String}</v11:messageId>
            <v11:timestamp>${=new java.text.SimpleDateFormat("yyyy-MM-dd'T'HH:mm:ss.SSS").format(new Date())}</v11:timestamp>
         </v1:messageContext>
         <v1:legalContext>NovaUser</v1:legalContext>
         <v1:request>
            <v1:referenceNumber>2900107</v1:referenceNumber>
         </v1:request>
      </v1:byReferenceNumberRequest>
   </soapenv:Body>
</soapenv:Envelope>]]></con:request><con:assertion type="SOAP Fault Assertion" id="d5726dda-6636-4af1-ad31-bf8939ad9984" name="Not SOAP Fault"/><con:assertion type="SOAP Response" id="0edeb517-0c62-48a7-b631-b62d1b039c3d" name="SOAP Response"/><con:assertion type="Schema Compliance" id="50ee3acc-91c0-4019-a3ea-655e04cbf5d0" name="Schema Compliance"><con:configuration/></con:assertion><con:wsaConfig action="http://fidus.brussels/services/architectorderservice/byReferenceNumber"/></con:request></con:config></con:testStep><con:testStep type="request" id="e999cba6-8522-4187-bde8-cc5fec1c15f3" name="testcase4 - Staging - Worker2 - Request"><con:settings/><con:config xsi:type="con:RequestStep" xmlns:xsi="http://www.w3.org/2001/XMLSchema-instance"><con:interface>ArchitectOrderServiceHTTPBinding</con:interface><con:operation>byReferenceNumber</con:operation><con:request name="testcase4 - Staging - Worker2 - Request" id="865428a0-ca98-4a34-82e2-7937e95d4ce2" outgoingWss="Outflow STAG"><con:settings/><con:encoding>UTF-8</con:encoding><con:endpoint>https://192.168.24.64:8443/services/ArchitectOrderService_v1.0</con:endpoint><con:request><![CDATA[<soapenv:Envelope xmlns:soapenv="http://schemas.xmlsoap.org/soap/envelope/" xmlns:v1="http://fidus.brussels/service/architectorderservice/messages/v1" xmlns:v11="http://fidus.brussels/type/common/messages/v1">
   <soapenv:Header/>
   <soapenv:Body>
      <v1:byReferenceNumberRequest>
         <v1:messageContext>
         	  <v11:messageId>${=import static java.util.UUID.randomUUID; uuid = randomUUID() as String}</v11:messageId>
            <v11:timestamp>${=new java.text.SimpleDateFormat("yyyy-MM-dd'T'HH:mm:ss.SSS").format(new Date())}</v11:timestamp>
         </v1:messageContext>
         <v1:legalContext>NovaUser</v1:legalContext>
         <v1:request>
            <v1:referenceNumber>2900107</v1:referenceNumber>
         </v1:request>
      </v1:byReferenceNumberRequest>
   </soapenv:Body>
</soapenv:Envelope>]]></con:request><con:assertion type="SOAP Fault Assertion" id="2ebc7c2f-e433-46d4-a2c6-82402733d289" name="Not SOAP Fault"/><con:assertion type="SOAP Response" id="7aec277d-e77f-4838-8a23-b08343023d65" name="SOAP Response"/><con:assertion type="Schema Compliance" id="049131a0-666f-4d90-abbf-a6edeb542c01" name="Schema Compliance"><con:configuration/></con:assertion><con:wsaConfig action="http://fidus.brussels/services/architectorderservice/byReferenceNumber"/></con:request></con:config></con:testStep><con:properties/></con:testCase><con:properties/></con:testSuite><con:testSuite id="c61caf69-0505-4a7d-8fdf-60dd27fa0c45" name="PROD"><con:settings/><con:runType>SEQUENTIAL</con:runType><con:testCase id="b837e90a-e813-4cf0-9f2a-731222dcdd9b" failOnError="true" failTestCaseOnErrors="true" keepSession="false" maxResults="0" name="byCompanyNumber" searchProperties="true"><con:settings/><con:testStep type="request" id="824610a6-ddb6-4a15-ab41-a8fb422a0810" name="testcase5 - Prod - External - Request"><con:settings/><con:config xsi:type="con:RequestStep" xmlns:xsi="http://www.w3.org/2001/XMLSchema-instance"><con:interface>ArchitectOrderServiceHTTPBinding</con:interface><con:operation>byCompanyNumber</con:operation><con:request name="testcase5 - Prod - External - Request" id="601b4a51-bd4a-4b02-85e9-228c8d4044b2" outgoingWss="Outflow PROD"><con:settings/><con:encoding>UTF-8</con:encoding><con:endpoint>https://fidus.sec.brussels/services/ArchitectOrderService_v1.0</con:endpoint><con:request><![CDATA[<soapenv:Envelope xmlns:soapenv="http://schemas.xmlsoap.org/soap/envelope/" xmlns:v1="http://fidus.brussels/service/architectorderservice/messages/v1" xmlns:v11="http://fidus.brussels/type/common/messages/v1">
   <soapenv:Header/>
   <soapenv:Body>
      <v1:byCompanyNumberRequest>
         <v1:messageContext>
         	  <v11:messageId>${=import static java.util.UUID.randomUUID; uuid = randomUUID() as String}</v11:messageId>
            <v11:timestamp>${=new java.text.SimpleDateFormat("yyyy-MM-dd'T'HH:mm:ss.SSS").format(new Date())}</v11:timestamp>
         </v1:messageContext>
         <v1:legalContext>ServiceIntegrator</v1:legalContext>
         <v1:request>
            <v1:companyNumber>BE 0535 693 485</v1:companyNumber>
         </v1:request>
      </v1:byCompanyNumberRequest>
   </soapenv:Body>
</soapenv:Envelope>]]></con:request><con:assertion type="SOAP Fault Assertion" id="16528b28-d164-4989-8e97-10513d2cc89d" name="Not SOAP Fault"/><con:assertion type="SOAP Response" id="99d3f0e1-72a9-450b-b1bf-ac1609dd0aab" name="SOAP Response"/><con:assertion type="Schema Compliance" id="a7ddc354-f353-4c2d-b62d-59a4722e9af0" name="Schema Compliance"><con:configuration/></con:assertion><con:wsaConfig action="http://fidus.brussels/services/architectorderservice/byCompanyNumber"/></con:request></con:config></con:testStep><con:testStep type="request" id="0026f1ea-d302-4c1d-b955-cb4c57ea53e6" name="testcase5 - Prod - LB - Request"><con:settings/><con:config xsi:type="con:RequestStep" xmlns:xsi="http://www.w3.org/2001/XMLSchema-instance"><con:interface>ArchitectOrderServiceHTTPBinding</con:interface><con:operation>byCompanyNumber</con:operation><con:request name="testcase5 - Prod - LB - Request" id="fb794b33-f8d3-489f-9a67-58e330437bcd" outgoingWss="Outflow PROD"><con:settings/><con:encoding>UTF-8</con:encoding><con:endpoint>https://fidus-esb-sg.prd.srv.cirb.lan:8443/services/ArchitectOrderService_v1.0</con:endpoint><con:request><![CDATA[<soapenv:Envelope xmlns:soapenv="http://schemas.xmlsoap.org/soap/envelope/" xmlns:v1="http://fidus.brussels/service/architectorderservice/messages/v1" xmlns:v11="http://fidus.brussels/type/common/messages/v1">
   <soapenv:Header/>
   <soapenv:Body>
      <v1:byCompanyNumberRequest>
         <v1:messageContext>
         	  <v11:messageId>${=import static java.util.UUID.randomUUID; uuid = randomUUID() as String}</v11:messageId>
            <v11:timestamp>${=new java.text.SimpleDateFormat("yyyy-MM-dd'T'HH:mm:ss.SSS").format(new Date())}</v11:timestamp>
         </v1:messageContext>
         <v1:legalContext>ServiceIntegrator</v1:legalContext>
         <v1:request>
            <v1:companyNumber>BE 0535 693 485</v1:companyNumber>
         </v1:request>
      </v1:byCompanyNumberRequest>
   </soapenv:Body>
</soapenv:Envelope>]]></con:request><con:assertion type="SOAP Fault Assertion" id="17a3089d-d4d9-4be4-a003-bfb479a6705f" name="Not SOAP Fault"/><con:assertion type="SOAP Response" id="fdf2a2c2-7f43-4e66-989d-8c9402ba42e3" name="SOAP Response"/><con:assertion type="Schema Compliance" id="b7361b51-fefc-48c6-ba48-56cf0f35e99c" name="Schema Compliance"><con:configuration/></con:assertion><con:wsaConfig action="http://fidus.brussels/services/architectorderservice/byCompanyNumber"/></con:request></con:config></con:testStep><con:testStep type="request" id="3dd11ed5-32ab-42aa-aa65-8b35169cd0b1" name="testcase5 - Prod - Worker1 - Request"><con:settings/><con:config xsi:type="con:RequestStep" xmlns:xsi="http://www.w3.org/2001/XMLSchema-instance"><con:interface>ArchitectOrderServiceHTTPBinding</con:interface><con:operation>byCompanyNumber</con:operation><con:request name="testcase5 - Prod - Worker1 - Request" id="23b027d7-a203-4e61-926f-f77020fcaa47" outgoingWss="Outflow PROD"><con:settings/><con:encoding>UTF-8</con:encoding><con:endpoint>https://192.168.26.22:8443/services/ArchitectOrderService_v1.0</con:endpoint><con:request><![CDATA[<soapenv:Envelope xmlns:soapenv="http://schemas.xmlsoap.org/soap/envelope/" xmlns:v1="http://fidus.brussels/service/architectorderservice/messages/v1" xmlns:v11="http://fidus.brussels/type/common/messages/v1">
   <soapenv:Header/>
   <soapenv:Body>
      <v1:byCompanyNumberRequest>
         <v1:messageContext>
         	  <v11:messageId>${=import static java.util.UUID.randomUUID; uuid = randomUUID() as String}</v11:messageId>
            <v11:timestamp>${=new java.text.SimpleDateFormat("yyyy-MM-dd'T'HH:mm:ss.SSS").format(new Date())}</v11:timestamp>
         </v1:messageContext>
         <v1:legalContext>ServiceIntegrator</v1:legalContext>
         <v1:request>
            <v1:companyNumber>BE 0535 693 485</v1:companyNumber>
         </v1:request>
      </v1:byCompanyNumberRequest>
   </soapenv:Body>
</soapenv:Envelope>]]></con:request><con:assertion type="SOAP Fault Assertion" id="238afb71-cab7-4d5e-9f58-852c08b10f2f" name="Not SOAP Fault"/><con:assertion type="SOAP Response" id="1ff02ca2-7c5f-43c8-b2d2-f5227abcc70f" name="SOAP Response"/><con:assertion type="Schema Compliance" id="aaea2376-54b2-4e5d-b8fd-58af728413d0" name="Schema Compliance"><con:configuration/></con:assertion><con:wsaConfig action="http://fidus.brussels/services/architectorderservice/byCompanyNumber"/></con:request></con:config></con:testStep><con:testStep type="request" id="d6a73c7d-545b-42bc-b1cb-446436561250" name="testcase5 - Prod - Worker2 - Request"><con:settings/><con:config xsi:type="con:RequestStep" xmlns:xsi="http://www.w3.org/2001/XMLSchema-instance"><con:interface>ArchitectOrderServiceHTTPBinding</con:interface><con:operation>byCompanyNumber</con:operation><con:request name="testcase5 - Prod - Worker2 - Request" id="8d7bac16-3222-4705-97e9-cf17356813d7" outgoingWss="Outflow PROD"><con:settings/><con:encoding>UTF-8</con:encoding><con:endpoint>https://192.168.26.19:8443/services/ArchitectOrderService_v1.0</con:endpoint><con:request><![CDATA[<soapenv:Envelope xmlns:soapenv="http://schemas.xmlsoap.org/soap/envelope/" xmlns:v1="http://fidus.brussels/service/architectorderservice/messages/v1" xmlns:v11="http://fidus.brussels/type/common/messages/v1">
   <soapenv:Header/>
   <soapenv:Body>
      <v1:byCompanyNumberRequest>
         <v1:messageContext>
         	  <v11:messageId>${=import static java.util.UUID.randomUUID; uuid = randomUUID() as String}</v11:messageId>
            <v11:timestamp>${=new java.text.SimpleDateFormat("yyyy-MM-dd'T'HH:mm:ss.SSS").format(new Date())}</v11:timestamp>
         </v1:messageContext>
         <v1:legalContext>ServiceIntegrator</v1:legalContext>
         <v1:request>
            <v1:companyNumber>BE 0535 693 485</v1:companyNumber>
         </v1:request>
      </v1:byCompanyNumberRequest>
   </soapenv:Body>
</soapenv:Envelope>]]></con:request><con:assertion type="SOAP Fault Assertion" id="79b70579-1d61-432a-b4f7-ec9d580817da" name="Not SOAP Fault"/><con:assertion type="SOAP Response" id="35bda078-fc3d-4712-ab80-040b4bc62298" name="SOAP Response"/><con:assertion type="Schema Compliance" id="7f2df4ce-d47d-46f2-a044-519bd84f574d" name="Schema Compliance"><con:configuration/></con:assertion><con:wsaConfig action="http://fidus.brussels/services/architectorderservice/byCompanyNumber"/></con:request></con:config></con:testStep><con:properties/></con:testCase><con:testCase id="83b070df-72b8-48dd-ac06-542d9db22968" failOnError="true" failTestCaseOnErrors="true" keepSession="false" maxResults="0" name="byNationalNumber" searchProperties="true"><con:settings/><con:testStep type="request" id="a79ede9a-6eca-464c-a34b-63b2e624e628" name="testcase5 - Prod - External - Request"><con:settings/><con:config xsi:type="con:RequestStep" xmlns:xsi="http://www.w3.org/2001/XMLSchema-instance"><con:interface>ArchitectOrderServiceHTTPBinding</con:interface><con:operation>byNationalNumber</con:operation><con:request name="testcase5 - Prod - External - Request" id="80b61306-452d-493a-b09e-ca881c5e6f1c" outgoingWss="Outflow PROD"><con:settings/><con:encoding>UTF-8</con:encoding><con:endpoint>https://fidus.sec.brussels/services/ArchitectOrderService_v1.0</con:endpoint><con:request><![CDATA[<soapenv:Envelope xmlns:soapenv="http://schemas.xmlsoap.org/soap/envelope/" xmlns:v1="http://fidus.brussels/service/architectorderservice/messages/v1" xmlns:v11="http://fidus.brussels/type/common/messages/v1">
   <soapenv:Header/>
   <soapenv:Body>
      <v1:byNationalNumberRequest>
         <v1:messageContext>
         	  <v11:messageId>${=import static java.util.UUID.randomUUID; uuid = randomUUID() as String}</v11:messageId>
            <v11:timestamp>${=new java.text.SimpleDateFormat("yyyy-MM-dd'T'HH:mm:ss.SSS").format(new Date())}</v11:timestamp>
         </v1:messageContext>
         <v1:legalContext>ServiceIntegrator</v1:legalContext>
         <v1:request>
            <v1:personNumber>86051242982</v1:personNumber>
         </v1:request>
      </v1:byNationalNumberRequest>
   </soapenv:Body>
</soapenv:Envelope>]]></con:request><con:assertion type="SOAP Fault Assertion" id="4b49ce5c-5843-4160-bead-ba56fac19f60" name="Not SOAP Fault"/><con:assertion type="SOAP Response" id="9db5fe6e-2eef-409f-8e24-0a957c88488e" name="SOAP Response"/><con:assertion type="Schema Compliance" id="41b65e7c-5574-4037-bdaa-0de92eed709d" name="Schema Compliance"><con:configuration/></con:assertion><con:wsaConfig action="http://fidus.brussels/services/architectorderservice/byNationalNumber"/></con:request></con:config></con:testStep><con:testStep type="request" id="071a6456-6617-4893-9a89-4e9e01d72d39" name="testcase5 - Prod - LB - Request"><con:settings/><con:config xsi:type="con:RequestStep" xmlns:xsi="http://www.w3.org/2001/XMLSchema-instance"><con:interface>ArchitectOrderServiceHTTPBinding</con:interface><con:operation>byNationalNumber</con:operation><con:request name="testcase5 - Prod - LB - Request" id="17e9dc9f-62b9-4b57-a190-aad1d66d9e92" outgoingWss="Outflow PROD"><con:settings/><con:encoding>UTF-8</con:encoding><con:endpoint>https://fidus-esb-sg.prd.srv.cirb.lan:8443/services/ArchitectOrderService_v1.0</con:endpoint><con:request><![CDATA[<soapenv:Envelope xmlns:soapenv="http://schemas.xmlsoap.org/soap/envelope/" xmlns:v1="http://fidus.brussels/service/architectorderservice/messages/v1" xmlns:v11="http://fidus.brussels/type/common/messages/v1">
   <soapenv:Header/>
   <soapenv:Body>
      <v1:byNationalNumberRequest>
         <v1:messageContext>
         	  <v11:messageId>${=import static java.util.UUID.randomUUID; uuid = randomUUID() as String}</v11:messageId>
            <v11:timestamp>${=new java.text.SimpleDateFormat("yyyy-MM-dd'T'HH:mm:ss.SSS").format(new Date())}</v11:timestamp>
         </v1:messageContext>
         <v1:legalContext>ServiceIntegrator</v1:legalContext>
         <v1:request>
            <v1:personNumber>86051242982</v1:personNumber>
         </v1:request>
      </v1:byNationalNumberRequest>
   </soapenv:Body>
</soapenv:Envelope>]]></con:request><con:assertion type="SOAP Fault Assertion" id="8aec2f05-ce10-4998-83c4-b78d5cf71586" name="Not SOAP Fault"/><con:assertion type="SOAP Response" id="4ce51b84-e1e2-44ba-99f1-d36cf64df9b5" name="SOAP Response"/><con:assertion type="Schema Compliance" id="dd121b93-775f-4478-94c4-d2a067623e00" name="Schema Compliance"><con:configuration/></con:assertion><con:wsaConfig action="http://fidus.brussels/services/architectorderservice/byNationalNumber"/></con:request></con:config></con:testStep><con:testStep type="request" id="b9dc4a32-8241-4d8f-ad1e-be169ae6c11a" name="testcase5 - Prod - Worker1 - Request"><con:settings/><con:config xsi:type="con:RequestStep" xmlns:xsi="http://www.w3.org/2001/XMLSchema-instance"><con:interface>ArchitectOrderServiceHTTPBinding</con:interface><con:operation>byNationalNumber</con:operation><con:request name="testcase5 - Prod - Worker1 - Request" id="57cd9374-f8b3-4f7b-badc-76bb3673b19e" outgoingWss="Outflow PROD"><con:settings/><con:encoding>UTF-8</con:encoding><con:endpoint>https://192.168.26.22:8443/services/ArchitectOrderService_v1.0</con:endpoint><con:request><![CDATA[<soapenv:Envelope xmlns:soapenv="http://schemas.xmlsoap.org/soap/envelope/" xmlns:v1="http://fidus.brussels/service/architectorderservice/messages/v1" xmlns:v11="http://fidus.brussels/type/common/messages/v1">
   <soapenv:Header/>
   <soapenv:Body>
      <v1:byNationalNumberRequest>
         <v1:messageContext>
         	  <v11:messageId>${=import static java.util.UUID.randomUUID; uuid = randomUUID() as String}</v11:messageId>
            <v11:timestamp>${=new java.text.SimpleDateFormat("yyyy-MM-dd'T'HH:mm:ss.SSS").format(new Date())}</v11:timestamp>
         </v1:messageContext>
         <v1:legalContext>ServiceIntegrator</v1:legalContext>
         <v1:request>
            <v1:personNumber>86051242982</v1:personNumber>
         </v1:request>
      </v1:byNationalNumberRequest>
   </soapenv:Body>
</soapenv:Envelope>]]></con:request><con:assertion type="SOAP Fault Assertion" id="f76d8ff7-4aa0-4134-a043-59600c230b66" name="Not SOAP Fault"/><con:assertion type="SOAP Response" id="db3f27eb-f676-443b-80a9-3d151af02a10" name="SOAP Response"/><con:assertion type="Schema Compliance" id="739e74ac-2d67-4cbf-9866-8006029f4cee" name="Schema Compliance"><con:configuration/></con:assertion><con:wsaConfig action="http://fidus.brussels/services/architectorderservice/byNationalNumber"/></con:request></con:config></con:testStep><con:testStep type="request" id="74fc3c19-b5c0-460b-b846-aa601b4d6cbc" name="testcase5 - Prod - Worker2 - Request"><con:settings/><con:config xsi:type="con:RequestStep" xmlns:xsi="http://www.w3.org/2001/XMLSchema-instance"><con:interface>ArchitectOrderServiceHTTPBinding</con:interface><con:operation>byNationalNumber</con:operation><con:request name="testcase5 - Prod - Worker2 - Request" id="9a571c88-91a2-44d2-9993-d294cd1a0a78" outgoingWss="Outflow PROD"><con:settings/><con:encoding>UTF-8</con:encoding><con:endpoint>https://192.168.26.19:8443/services/ArchitectOrderService_v1.0</con:endpoint><con:request><![CDATA[<soapenv:Envelope xmlns:soapenv="http://schemas.xmlsoap.org/soap/envelope/" xmlns:v1="http://fidus.brussels/service/architectorderservice/messages/v1" xmlns:v11="http://fidus.brussels/type/common/messages/v1">
   <soapenv:Header/>
   <soapenv:Body>
      <v1:byNationalNumberRequest>
         <v1:messageContext>
         	  <v11:messageId>${=import static java.util.UUID.randomUUID; uuid = randomUUID() as String}</v11:messageId>
            <v11:timestamp>${=new java.text.SimpleDateFormat("yyyy-MM-dd'T'HH:mm:ss.SSS").format(new Date())}</v11:timestamp>
         </v1:messageContext>
         <v1:legalContext>ServiceIntegrator</v1:legalContext>
         <v1:request>
            <v1:personNumber>86051242982</v1:personNumber>
         </v1:request>
      </v1:byNationalNumberRequest>
   </soapenv:Body>
</soapenv:Envelope>]]></con:request><con:assertion type="SOAP Fault Assertion" id="961404cd-5e9b-432f-b84d-7185567daa32" name="Not SOAP Fault"/><con:assertion type="SOAP Response" id="404268e4-6502-4fe7-b13b-cc950b5cf21d" name="SOAP Response"/><con:assertion type="Schema Compliance" id="19b1ebaa-e546-4be1-88ac-c0ee7ddbb7e6" name="Schema Compliance"><con:configuration/></con:assertion><con:wsaConfig action="http://fidus.brussels/services/architectorderservice/byNationalNumber"/></con:request></con:config></con:testStep><con:properties/></con:testCase><con:testCase id="4a3b35c2-00ca-4a22-9b6e-f720999d645d" failOnError="true" failTestCaseOnErrors="true" keepSession="false" maxResults="0" name="byReferenceNumber" searchProperties="true"><con:settings/><con:testStep type="request" id="95ac7df2-41d4-4315-a9c8-7d5612dce953" name="testcase5 - Prod - External - Request"><con:settings/><con:config xsi:type="con:RequestStep" xmlns:xsi="http://www.w3.org/2001/XMLSchema-instance"><con:interface>ArchitectOrderServiceHTTPBinding</con:interface><con:operation>byReferenceNumber</con:operation><con:request name="testcase5 - Prod - External - Request" id="f7f4faf2-eba4-4d1f-b350-fec8403530ff" outgoingWss="Outflow PROD"><con:settings/><con:encoding>UTF-8</con:encoding><con:endpoint>https://fidus.sec.brussels/services/ArchitectOrderService_v1.0</con:endpoint><con:request><![CDATA[<soapenv:Envelope xmlns:soapenv="http://schemas.xmlsoap.org/soap/envelope/" xmlns:v1="http://fidus.brussels/service/architectorderservice/messages/v1" xmlns:v11="http://fidus.brussels/type/common/messages/v1">
   <soapenv:Header/>
   <soapenv:Body>
      <v1:byReferenceNumberRequest>
         <v1:messageContext>
         	  <v11:messageId>${=import static java.util.UUID.randomUUID; uuid = randomUUID() as String}</v11:messageId>
            <v11:timestamp>${=new java.text.SimpleDateFormat("yyyy-MM-dd'T'HH:mm:ss.SSS").format(new Date())}</v11:timestamp>
         </v1:messageContext>
         <v1:legalContext>NovaUser</v1:legalContext>
         <v1:request>
            <v1:referenceNumber>2900107</v1:referenceNumber>
         </v1:request>
      </v1:byReferenceNumberRequest>
   </soapenv:Body>
</soapenv:Envelope>]]></con:request><con:assertion type="SOAP Fault Assertion" id="8a91a865-4dc1-4a5f-81ea-3070b1dd74b6" name="Not SOAP Fault"/><con:assertion type="SOAP Response" id="07078d78-9a6a-4929-aa9d-f4301f7dcff6" name="SOAP Response"/><con:assertion type="Schema Compliance" id="22f129b2-41d8-432d-984d-e916fae09192" name="Schema Compliance"><con:configuration/></con:assertion><con:wsaConfig action="http://fidus.brussels/services/architectorderservice/byReferenceNumber"/></con:request></con:config></con:testStep><con:testStep type="request" id="d1979b32-fd4d-4937-b6b7-cb56684b47ea" name="testcase5 - Prod - LB - Request"><con:settings/><con:config xsi:type="con:RequestStep" xmlns:xsi="http://www.w3.org/2001/XMLSchema-instance"><con:interface>ArchitectOrderServiceHTTPBinding</con:interface><con:operation>byReferenceNumber</con:operation><con:request name="testcase5 - Prod - LB - Request" id="955f9150-144e-4805-9b69-1ccd833aa1b0" outgoingWss="Outflow PROD"><con:settings/><con:encoding>UTF-8</con:encoding><con:endpoint>https://fidus-esb-sg.prd.srv.cirb.lan:8443/services/ArchitectOrderService_v1.0</con:endpoint><con:request><![CDATA[<soapenv:Envelope xmlns:soapenv="http://schemas.xmlsoap.org/soap/envelope/" xmlns:v1="http://fidus.brussels/service/architectorderservice/messages/v1" xmlns:v11="http://fidus.brussels/type/common/messages/v1">
   <soapenv:Header/>
   <soapenv:Body>
      <v1:byReferenceNumberRequest>
         <v1:messageContext>
         	  <v11:messageId>${=import static java.util.UUID.randomUUID; uuid = randomUUID() as String}</v11:messageId>
            <v11:timestamp>${=new java.text.SimpleDateFormat("yyyy-MM-dd'T'HH:mm:ss.SSS").format(new Date())}</v11:timestamp>
         </v1:messageContext>
         <v1:legalContext>NovaUser</v1:legalContext>
         <v1:request>
            <v1:referenceNumber>2900107</v1:referenceNumber>
         </v1:request>
      </v1:byReferenceNumberRequest>
   </soapenv:Body>
</soapenv:Envelope>]]></con:request><con:assertion type="SOAP Fault Assertion" id="27cd2f2b-e03e-4484-b964-e49b055b2615" name="Not SOAP Fault"/><con:assertion type="SOAP Response" id="bf7bcb0d-e705-43a2-a5ee-dc8aeba5cd1f" name="SOAP Response"/><con:assertion type="Schema Compliance" id="57f5e42a-4a8b-459b-8447-9eb603245a96" name="Schema Compliance"><con:configuration/></con:assertion><con:wsaConfig action="http://fidus.brussels/services/architectorderservice/byReferenceNumber"/></con:request></con:config></con:testStep><con:testStep type="request" id="a4b51579-d828-442b-a9a8-3ab2fbcfa4ac" name="testcase5 - Prod - Worker1 - Request"><con:settings/><con:config xsi:type="con:RequestStep" xmlns:xsi="http://www.w3.org/2001/XMLSchema-instance"><con:interface>ArchitectOrderServiceHTTPBinding</con:interface><con:operation>byReferenceNumber</con:operation><con:request name="testcase5 - Prod - Worker1 - Request" id="538a68d8-cded-4150-847e-9cefb9d64cf3" outgoingWss="Outflow PROD"><con:settings/><con:encoding>UTF-8</con:encoding><con:endpoint>https://192.168.26.22:8443/services/ArchitectOrderService_v1.0</con:endpoint><con:request><![CDATA[<soapenv:Envelope xmlns:soapenv="http://schemas.xmlsoap.org/soap/envelope/" xmlns:v1="http://fidus.brussels/service/architectorderservice/messages/v1" xmlns:v11="http://fidus.brussels/type/common/messages/v1">
   <soapenv:Header/>
   <soapenv:Body>
      <v1:byReferenceNumberRequest>
         <v1:messageContext>
         	  <v11:messageId>${=import static java.util.UUID.randomUUID; uuid = randomUUID() as String}</v11:messageId>
            <v11:timestamp>${=new java.text.SimpleDateFormat("yyyy-MM-dd'T'HH:mm:ss.SSS").format(new Date())}</v11:timestamp>
         </v1:messageContext>
         <v1:legalContext>NovaUser</v1:legalContext>
         <v1:request>
            <v1:referenceNumber>2900107</v1:referenceNumber>
         </v1:request>
      </v1:byReferenceNumberRequest>
   </soapenv:Body>
</soapenv:Envelope>]]></con:request><con:assertion type="SOAP Fault Assertion" id="2cff3402-87e1-46a6-9273-b0a6dfffaa73" name="Not SOAP Fault"/><con:assertion type="SOAP Response" id="4bfc5267-5c86-4046-a371-6fe40e9f40d4" name="SOAP Response"/><con:assertion type="Schema Compliance" id="0c792f25-8fbd-4c0a-ba89-c8be0437f924" name="Schema Compliance"><con:configuration/></con:assertion><con:wsaConfig action="http://fidus.brussels/services/architectorderservice/byReferenceNumber"/></con:request></con:config></con:testStep><con:testStep type="request" id="85fa7288-b182-4ad1-8055-0dee792c3d37" name="testcase5 - Prod - Worker2 - Request"><con:settings/><con:config xsi:type="con:RequestStep" xmlns:xsi="http://www.w3.org/2001/XMLSchema-instance"><con:interface>ArchitectOrderServiceHTTPBinding</con:interface><con:operation>byReferenceNumber</con:operation><con:request name="testcase5 - Prod - Worker2 - Request" id="61c8a89c-4e60-49bb-992a-f8a3225f650a" outgoingWss="Outflow PROD"><con:settings/><con:encoding>UTF-8</con:encoding><con:endpoint>https://192.168.26.19:8443/services/ArchitectOrderService_v1.0</con:endpoint><con:request><![CDATA[<soapenv:Envelope xmlns:soapenv="http://schemas.xmlsoap.org/soap/envelope/" xmlns:v1="http://fidus.brussels/service/architectorderservice/messages/v1" xmlns:v11="http://fidus.brussels/type/common/messages/v1">
   <soapenv:Header/>
   <soapenv:Body>
      <v1:byReferenceNumberRequest>
         <v1:messageContext>
         	  <v11:messageId>${=import static java.util.UUID.randomUUID; uuid = randomUUID() as String}</v11:messageId>
            <v11:timestamp>${=new java.text.SimpleDateFormat("yyyy-MM-dd'T'HH:mm:ss.SSS").format(new Date())}</v11:timestamp>
         </v1:messageContext>
         <v1:legalContext>NovaUser</v1:legalContext>
         <v1:request>
            <v1:referenceNumber>2900107</v1:referenceNumber>
         </v1:request>
      </v1:byReferenceNumberRequest>
   </soapenv:Body>
</soapenv:Envelope>]]></con:request><con:assertion type="SOAP Fault Assertion" id="6d05a180-d738-47bc-b92e-40a3d7c248c0" name="Not SOAP Fault"/><con:assertion type="SOAP Response" id="c5f9d93e-2bc5-4952-9c80-963ddaecf4ff" name="SOAP Response"/><con:assertion type="Schema Compliance" id="a33df969-c9e3-4ee9-ae15-094160b1bad0" name="Schema Compliance"><con:configuration/></con:assertion><con:wsaConfig action="http://fidus.brussels/services/architectorderservice/byReferenceNumber"/></con:request></con:config></con:testStep><con:properties/></con:testCase><con:properties/></con:testSuite><con:properties/>
  <con:wssContainer>
    
    
    
    
    
    
    
    
    
    
    
    
    
    
    
    
  <con:crypto><con:source>data/wso2/keystores/user-rajarshi.jks</con:source><con:password>test@fidus01</con:password><con:type>KEYSTORE</con:type></con:crypto><con:outgoing><con:name>Outflow DEV</con:name></con:outgoing><con:outgoing><con:name>Outflow TEST</con:name><con:entry type="Signature" username="testuser-test.fidus.brussels" password="test@fidus01"><con:configuration><crypto>user-rajarshi.jks</crypto><keyIdentifierType>3</keyIdentifierType><signatureAlgorithm/><signatureCanonicalization/><useSingleCert>true</useSingleCert><digestAlgorithm/><customTokenValueType/><customTokenId/></con:configuration></con:entry><con:entry type="Timestamp"><con:configuration><timeToLive>300000</timeToLive><strictTimestamp>true</strictTimestamp></con:configuration></con:entry></con:outgoing><con:outgoing><con:name>Outflow STAG</con:name></con:outgoing><con:outgoing><con:name>Outflow PROD</con:name></con:outgoing></con:wssContainer>
  <con:oAuth2ProfileContainer/>
  <con:oAuth1ProfileContainer/><con:sensitiveInformation/>
</con:soapui-project>