<?xml version="1.0" encoding="UTF-8"?>
<con:soapui-project id="bffeb98b-0957-49a4-b381-a18bca8f5250" activeEnvironment="Default" name="Client-DistrictTeamService-v1-soapui-project" resourceRoot="" soapui-version="5.1.3" abortOnError="false" runType="SEQUENTIAL" xmlns:con="http://eviware.com/soapui/config"><con:settings><con:setting id="com.eviware.soapui.impl.wsdl.actions.iface.tools.soapui.TestRunnerAction@values-local"><![CDATA[<xml-fragment xmlns:con="http://eviware.com/soapui/config">
  <con:entry key="Report Format(s)" value=""/>
  <con:entry key="Host:Port" value=""/>
  <con:entry key="Export JUnit Results" value="false"/>
  <con:entry key="Export All" value="false"/>
  <con:entry key="Save After" value="false"/>
  <con:entry key="Add Settings" value="false"/>
  <con:entry key="WSS Password Type" value=""/>
  <con:entry key="TestSuite" value="TestSuite"/>
  <con:entry key="Endpoint" value=""/>
  <con:entry key="Select Report Type" value=""/>
  <con:entry key="System Properties" value=""/>
  <con:entry key="Password" value=""/>
  <con:entry key="Print Report" value="false"/>
  <con:entry key="Open Report" value="false"/>
  <con:entry key="Export JUnit Results with test properties" value="false"/>
  <con:entry key="Global Properties" value=""/>
  <con:entry key="Project Properties" value=""/>
  <con:entry key="Project Password" value=""/>
  <con:entry key="TestCase" value="TestCase"/>
  <con:entry key="Username" value=""/>
  <con:entry key="user-settings.xml Password" value=""/>
  <con:entry key="TestRunner Path" value=""/>
  <con:entry key="Environment" value="Default"/>
  <con:entry key="Coverage Report" value="false"/>
  <con:entry key="Enable UI" value="false"/>
  <con:entry key="Root Folder" value=""/>
  <con:entry key="Ignore Errors" value="false"/>
  <con:entry key="Domain" value=""/>
  <con:entry key="Tool Args" value=""/>
  <con:entry key="Save Project" value="false"/>
</xml-fragment>]]></con:setting></con:settings><con:interface xsi:type="con:WsdlInterface" id="b0c95e1d-9455-4ef9-b317-3dda8974c430" wsaVersion="NONE" name="DistrictTeamServiceHTTPBinding" type="wsdl" bindingName="{http://fidus.brussels/service/districtteamservice/v1}DistrictTeamServiceHTTPBinding" soapVersion="1_1" anonymous="optional" definition="/home/isr/git/parent/districtteamservice/DistrictTeamServiceGateway/src/main/resources/wsdl/districtTeamService/1.0.0/DistrictTeamService_v1.wsdl" xmlns:xsi="http://www.w3.org/2001/XMLSchema-instance"><con:settings/><con:definitionCache type="TEXT" rootPart="file:/home/isr/git/parent/districtteamservice/DistrictTeamServiceGateway/src/main/resources/wsdl/districtTeamService/1.0.0/DistrictTeamService_v1.wsdl"><con:part><con:url>file:/home/isr/git/parent/districtteamservice/DistrictTeamServiceGateway/src/main/resources/wsdl/districtTeamService/1.0.0/DistrictTeamService_v1.wsdl</con:url><con:content><![CDATA[<wsdl:definitions targetNamespace="http://fidus.brussels/service/districtteamservice/v1" name="DistrictTeamService" xmlns:soap="http://schemas.xmlsoap.org/wsdl/soap/" xmlns:wsdl="http://schemas.xmlsoap.org/wsdl/" xmlns:xsd="http://www.w3.org/2001/XMLSchema" xmlns:mes="http://fidus.brussels/service/districtteamservice/messages/v1" xmlns:tns="http://fidus.brussels/service/districtteamservice/v1">
  <xsd:annotation>
    <xsd:documentation>DistrictTeamService WDSL v1.</xsd:documentation>
  </xsd:annotation>
  <wsdl:types>
    <xsd:schema targetNamespace="http://fidus.brussels/service/districtteamservice/v1" elementFormDefault="qualified">
      <xsd:import namespace="http://fidus.brussels/service/districtteamservice/messages/v1" schemaLocation="messages/districtTeamServiceMessages_v1.xsd"/>
    </xsd:schema>
  </wsdl:types>
  <wsdl:message name="createDemandRequestMessage">
    <wsdl:part name="CreateDemandRequest" element="mes:createDemandRequest"/>
  </wsdl:message>
  <wsdl:message name="createDemandResponseMessage">
    <wsdl:part name="CreateDemandResponse" element="mes:createDemandResponse"/>
  </wsdl:message>
  <wsdl:portType name="DistrictTeamServicePortType">
    <wsdl:operation name="createDemand">
      <wsdl:input message="tns:createDemandRequestMessage"/>
      <wsdl:output message="tns:createDemandResponseMessage"/>
    </wsdl:operation>
  </wsdl:portType>
  <wsdl:binding name="DistrictTeamServiceHTTPBinding" type="tns:DistrictTeamServicePortType">
    <soap:binding style="document" transport="http://schemas.xmlsoap.org/soap/http"/>
    <wsdl:operation name="createDemand">
      <soap:operation soapAction="http://fidus.brussels/services/districtteamservice/createDemand"/>
      <wsdl:input>
        <soap:body use="literal"/>
      </wsdl:input>
      <wsdl:output>
        <soap:body use="literal"/>
      </wsdl:output>
    </wsdl:operation>
  </wsdl:binding>
  <wsdl:service name="DistrictTeamService_v1">
    <wsdl:port name="DistrictTeamService_v1" binding="tns:DistrictTeamServiceHTTPBinding">
      <soap:address location="http://fidus.brussels/services/districtteamservice/v1"/>
    </wsdl:port>
  </wsdl:service>
</wsdl:definitions>]]></con:content><con:type>http://schemas.xmlsoap.org/wsdl/</con:type></con:part><con:part><con:url>file:/home/isr/git/parent/districtteamservice/DistrictTeamServiceGateway/src/main/resources/wsdl/districtTeamService/1.0.0/messages/districtTeamServiceMessages_v1.xsd</con:url><con:content><![CDATA[<xsd:schema targetNamespace="http://fidus.brussels/service/districtteamservice/messages/v1" elementFormDefault="qualified" attributeFormDefault="unqualified" version="1.0" xmlns:xsd="http://www.w3.org/2001/XMLSchema" xmlns:cme="http://fidus.brussels/type/common/messages/v1" xmlns:exc="http://fidus.brussels/type/common/exceptions/v1" xmlns:stat="http://fidus.brussels/type/common/statuses/v1" xmlns:tns="http://fidus.brussels/service/districtteamservice/messages/v1">
  <xsd:import namespace="http://fidus.brussels/type/common/messages/v1" schemaLocation="baseMessageTypes_v1.xsd"/>
  <xsd:import namespace="http://fidus.brussels/type/common/exceptions/v1" schemaLocation="exceptionTypes_v1.xsd"/>
  <xsd:import namespace="http://fidus.brussels/type/common/statuses/v1" schemaLocation="statusCodes_v1.xsd"/>
  <!--Request createDemand definition-->
  <xsd:complexType name="CreateDemandRequestType">
    <xsd:sequence>
      <xsd:element name="messageContext" type="cme:RequestMessageContextType"/>
      <xsd:element name="legalContext" type="cme:LegalContextType"/>
      <xsd:element name="request" type="tns:DemandRequestType"/>
    </xsd:sequence>
  </xsd:complexType>
  <!--Request createDemand definition-->
  <xsd:complexType name="CreateDemandResponseType">
    <xsd:sequence>
      <xsd:element name="messageContext" type="cme:ResponseMessageContextType"/>
      <xsd:element name="responses" type="tns:ResponsesType" minOccurs="0"/>
      <xsd:element name="exceptions" type="exc:ExceptionsType" minOccurs="0">
        <xsd:annotation>
          <xsd:documentation>Technical errors that occur when processing the message context e.g. insufficient rights.</xsd:documentation>
        </xsd:annotation>
      </xsd:element>
    </xsd:sequence>
  </xsd:complexType>
  <xsd:complexType name="ResponsesType">
    <xsd:sequence>
      <xsd:element name="response" type="xsd:string"/>
    </xsd:sequence>
  </xsd:complexType>
  <xsd:complexType name="ResponseType">
    <xsd:sequence>
      <!--TODO:  insert response element here of required provider type-->
      <!--Example: <xsd:element name="person" type="per:PersonResponseType" minOccurs="0" maxOccurs="unbounded"/>-->
      <xsd:element name="exceptions" type="exc:ExceptionsType" minOccurs="0">
        <xsd:annotation>
          <xsd:documentation>Business exceptions that occur when processing the request or response e.g. missing data for a single response element.
						Exceptions at this level may contain back-end specific codes and content.</xsd:documentation>
        </xsd:annotation>
      </xsd:element>
    </xsd:sequence>
  </xsd:complexType>
  <xsd:complexType name="DemandRequestType">
    <xsd:sequence>
      <xsd:element name="demandIdentificationData" type="tns:demandIdentificationData">
        <!--Identification data allow to have information about the sender
            (municipality) and the recipient (police). It also gives information about
            the demand type. To sum up, all identification data are required to know
            who communicate with who and about what.-->
      </xsd:element>
      <xsd:element name="demandInfos" type="tns:demandInfos">
        <!--Infos demand are information that the sender (municipality) gives
            to the recipient (police). There is the demand date, demand language and
            contact information from the municipality.-->
      </xsd:element>
      <xsd:element name="demandAddress" type="tns:demandAddress">
        <!--Address demand is the place that the police has to note/check.-->
      </xsd:element>
      <xsd:element name="demandPersons" type="tns:demandPersons">
        <!--Persons demand gather all the person concerned by the demand.-->
      </xsd:element>
      <xsd:element name="demandExtraInfos" type="tns:demandExtraInfos">
        <!--Extra infos which depends to the demand type. For example, the
            last address of the concerned person.-->
      </xsd:element>
    </xsd:sequence>
  </xsd:complexType>
  <xsd:complexType name="DemandResponsesType">
    <xsd:sequence>
      <xsd:element name="response" type="tns:DemandResponseType" minOccurs="1" maxOccurs="1"/>
    </xsd:sequence>
  </xsd:complexType>
  <!--<xsd:complexType name="DemandResponseType">
		<xsd:sequence>
			<xsd:element name="response" type="xsd:string"/>
		</xsd:sequence>
	</xsd:complexType>-->
  <xsd:complexType name="DemandResponseType">
    <xsd:annotation>
      <xsd:documentation xml:lang="en">Response message,
				echoing the message from the request</xsd:documentation>
    </xsd:annotation>
    <xsd:sequence>
      <xsd:choice>
        <xsd:element name="Status" type="stat:StatusCode"/>
        <xsd:element name="exceptions" type="exc:ExceptionsType">
          <xsd:annotation>
            <xsd:documentation>Business exceptions that occur when processing the request or response e.g. missing data for a single response element.
						Exceptions at this level may contain back-end specific codes and content.</xsd:documentation>
          </xsd:annotation>
        </xsd:element>
      </xsd:choice>
    </xsd:sequence>
  </xsd:complexType>
  <!--TYPES-->
  <xsd:complexType name="demandIdentificationData">
    <xsd:sequence>
      <xsd:element name="procedure" type="tns:procedure">
        <!--This is the procedure demand. Values accepted : Cf. procedure-->
      </xsd:element>
      <xsd:element name="sender" type="tns:sourceId">
        <!--This is the municipality id. Values accepted : Cf. sourceId-->
      </xsd:element>
      <xsd:element name="recipient" type="tns:policeId">
        <!--This is the police id. Values accepted : Cf. policeId-->
      </xsd:element>
      <xsd:element name="type" type="tns:demandType">
        <!--This is the demand type. Values accepted : Cf. demandType-->
      </xsd:element>
      <xsd:element name="identifier" type="xsd:long">
        <!--This is the technical identifier for the municipality.-->
      </xsd:element>
      <xsd:element name="reference" type="tns:limitedString50" minOccurs="0">
        <!--This is the functional reference for the municipality.-->
      </xsd:element>
    </xsd:sequence>
  </xsd:complexType>
  <xsd:complexType name="demandInfos">
    <xsd:sequence>
      <xsd:element name="date" type="xsd:date">
        <!--This is the demand date.-->
      </xsd:element>
      <xsd:element name="language" type="tns:language">
        <!--This is the demand language.-->
      </xsd:element>
      <xsd:element name="priority" type="tns:priority" minOccurs="0">
        <!--This is the demand priority. Values accepted : Cf. priority-->
      </xsd:element>
      <xsd:element name="contactPerson" type="xsd:string" minOccurs="0">
        <!--This is the contact person at the municipality.-->
      </xsd:element>
      <xsd:element name="contactEmail" type="tns:emailAddress" minOccurs="0">
        <!--The mail of the contact at the municipality.-->
      </xsd:element>
      <xsd:element name="extraInformation" type="xsd:string" minOccurs="0">
        <!--This is the free information text about the demand.-->
      </xsd:element>
    </xsd:sequence>
  </xsd:complexType>
  <xsd:complexType name="demandExtraInfos">
    <xsd:sequence>
      <xsd:element name="document" type="tns:documentType" minOccurs="0">
        <!--Document provided by the referent person-->
      </xsd:element>
      <xsd:element name="hasOrderOfBurgomaster" type="xsd:boolean" minOccurs="0">
        <!--Indicate if there is an order of the burgomaster for this address-->
      </xsd:element>
      <xsd:element name="address" type="tns:demandAddress">
        <!--The bestAddress-->
      </xsd:element>
    </xsd:sequence>
  </xsd:complexType>
  <xsd:complexType name="demandAddress">
    <xsd:sequence>
      <xsd:element name="postcode" type="tns:limitedInteger4"/>
      <xsd:element name="streetCode" type="tns:limitedInteger4"/>
      <xsd:element name="policeNumber" type="xsd:string"/>
    </xsd:sequence>
  </xsd:complexType>
  <xsd:complexType name="demandPersons">
    <xsd:sequence>
      <xsd:element name="person" type="tns:person" maxOccurs="unbounded">
        <!--All the persons concerned by the demand-->
      </xsd:element>
    </xsd:sequence>
  </xsd:complexType>
  <!--FOR DEMAND_IDENTIFICATION_DATA-->
  <xsd:simpleType name="procedure" final="restriction">
    <xsd:restriction base="xsd:string">
      <xsd:enumeration value="AC-ZP"/>
    </xsd:restriction>
  </xsd:simpleType>
  <xsd:simpleType name="sourceId" final="restriction">
    <xsd:restriction base="xsd:string">
      <xsd:enumeration value="21001"/>
      <xsd:enumeration value="21002"/>
      <xsd:enumeration value="21003"/>
      <xsd:enumeration value="21004"/>
      <xsd:enumeration value="21005"/>
      <xsd:enumeration value="21006"/>
      <xsd:enumeration value="21007"/>
      <xsd:enumeration value="21008"/>
      <xsd:enumeration value="21009"/>
      <xsd:enumeration value="21010"/>
      <xsd:enumeration value="21011"/>
      <xsd:enumeration value="21012"/>
      <xsd:enumeration value="21013"/>
      <xsd:enumeration value="21014"/>
      <xsd:enumeration value="21015"/>
      <xsd:enumeration value="21016"/>
      <xsd:enumeration value="21017"/>
      <xsd:enumeration value="21018"/>
      <xsd:enumeration value="21019"/>
      <!--Anderlecht municpality-->
      <!--Auderghem municpality-->
      <!--Berchem-Sainte-Agathe municpality-->
      <!--Bruxelles municpality-->
      <!--Etterbeek municipality-->
      <!--Evere municipality-->
      <!--Forest municipality-->
      <!--Ganshoren municipality-->
      <!--Ixelles municipality-->
      <!--Jette municipality-->
      <!--Koelkelberg municipality-->
      <!--Molenbeek-Saint-Jean municipality-->
      <!--Saint-Gilles municipality-->
      <!--Saint-Josse-ten-Noode municipality-->
      <!--Schaerbeek municipality-->
      <!--Uccle municipality-->
      <!--Watermael-Boisfort municipality-->
      <!--Woluwé-Saint-Lambert municipality-->
      <!--Woluwé-Saint-Pierre municipality-->
    </xsd:restriction>
  </xsd:simpleType>
  <xsd:simpleType name="policeId" final="restriction">
    <xsd:restriction base="xsd:string">
      <xsd:enumeration value="5339"/>
      <xsd:enumeration value="5340"/>
      <xsd:enumeration value="5341"/>
      <xsd:enumeration value="5342"/>
      <xsd:enumeration value="5343"/>
      <xsd:enumeration value="5344"/>
      <!--ZP 5339-->
      <!--ZP Bruxelles-Ouest 5340-->
      <!--ZP Midi 5341-->
      <!--ZP 5342-->
      <!--ZP Montgomery 5343-->
      <!--ZP 5344-->
    </xsd:restriction>
  </xsd:simpleType>
  <xsd:simpleType name="demandType" final="restriction">
    <xsd:restriction base="xsd:string">
      <xsd:enumeration value="CHANGE_RESIDENTIAL_ADDRESS"/>
    </xsd:restriction>
  </xsd:simpleType>
  <!--FOR DEMAND_INFO-->
  <xsd:simpleType name="language" final="restriction">
    <xsd:restriction base="xsd:string">
      <xsd:enumeration value="FR"/>
      <xsd:enumeration value="NL"/>
    </xsd:restriction>
  </xsd:simpleType>
  <xsd:simpleType name="priority" final="restriction">
    <xsd:restriction base="xsd:string">
      <xsd:enumeration value="LOW"/>
      <xsd:enumeration value="MEDIUM"/>
      <xsd:enumeration value="HIGH"/>
      <xsd:enumeration value="CRITICAL"/>
    </xsd:restriction>
  </xsd:simpleType>
  <xsd:simpleType name="emailAddress">
    <xsd:restriction base="xsd:string">
      <xsd:pattern value="[^@]+@[^\.]+\..+"/>
    </xsd:restriction>
  </xsd:simpleType>
  <!--FOR DEMAND_PERSONS-->
  <xsd:complexType name="person">
    <xsd:sequence>
      <xsd:element name="rrn" type="tns:nationalRegisterNumber" minOccurs="0"/>
      <xsd:element name="lastname" type="xsd:string"/>
      <xsd:element name="firstname" type="xsd:string" minOccurs="0"/>
      <xsd:element name="birthdayYear" type="tns:limitedInteger4"/>
      <xsd:element name="birthdayMonth" type="tns:limitedInteger2" minOccurs="0"/>
      <xsd:element name="birthdayDay" type="tns:limitedInteger2" minOccurs="0"/>
      <xsd:element name="nationality" type="tns:countryISO" minOccurs="0"/>
      <xsd:element name="gender" type="tns:gender"/>
      <xsd:element name="isReferentPerson" type="xsd:boolean"/>
      <xsd:element name="position" type="xsd:string" minOccurs="0"/>
      <xsd:element name="phone" type="xsd:string" minOccurs="0"/>
      <xsd:element name="email" type="tns:emailAddress" minOccurs="0"/>
    </xsd:sequence>
  </xsd:complexType>
  <!--FOR DEMAND_EXTRA_INFOS-->
  <xsd:simpleType name="documentType" final="restriction">
    <xsd:restriction base="xsd:string">
      <xsd:enumeration value="BAIL"/>
      <xsd:enumeration value="PROPERTY"/>
      <xsd:enumeration value="NONE"/>
    </xsd:restriction>
  </xsd:simpleType>
  <!--GENERIC TYPES-->
  <xsd:simpleType name="limitedString50">
    <xsd:restriction base="xsd:string">
      <xsd:maxLength value="50"/>
    </xsd:restriction>
  </xsd:simpleType>
  <xsd:simpleType name="limitedString100">
    <xsd:restriction base="xsd:string">
      <xsd:maxLength value="100"/>
    </xsd:restriction>
  </xsd:simpleType>
  <xsd:simpleType name="limitedInteger2">
    <xsd:restriction base="xsd:integer">
      <xsd:pattern value="\d{2,2}"/>
    </xsd:restriction>
  </xsd:simpleType>
  <xsd:simpleType name="limitedInteger4">
    <xsd:restriction base="xsd:integer">
      <xsd:pattern value="\d{4,4}"/>
    </xsd:restriction>
  </xsd:simpleType>
  <xsd:simpleType name="limitedInteger11">
    <xsd:restriction base="xsd:integer">
      <xsd:pattern value="\d{11,11}"/>
    </xsd:restriction>
  </xsd:simpleType>
  <xsd:simpleType name="gender" final="restriction">
    <xsd:restriction base="xsd:string">
      <xsd:enumeration value="M"/>
      <xsd:enumeration value="F"/>
      <xsd:enumeration value="X"/>
    </xsd:restriction>
  </xsd:simpleType>
  <xsd:simpleType name="nationalRegisterNumber">
    <xsd:restriction base="xsd:string">
      <xsd:pattern value="^[0-9]{2}[.\- ]?[0-9]{2}[.\- ]?[0-9]{2}[.\- ]?[0-9]{3}[.\- ]?[0-9]{2}$"/>
    </xsd:restriction>
  </xsd:simpleType>
  <xsd:simpleType name="countryISO">
    <xsd:annotation>
      <xsd:documentation>Two-letter (alpha-2) ISO 3166-1 code for one of the 243 countries.</xsd:documentation>
    </xsd:annotation>
    <xsd:restriction base="xsd:string">
      <xsd:enumeration value="AF"/>
      <xsd:enumeration value="AX"/>
      <xsd:enumeration value="AL"/>
      <xsd:enumeration value="DZ"/>
      <xsd:enumeration value="AS"/>
      <xsd:enumeration value="AD"/>
      <xsd:enumeration value="AO"/>
      <xsd:enumeration value="AI"/>
      <xsd:enumeration value="AQ"/>
      <xsd:enumeration value="AG"/>
      <xsd:enumeration value="AR"/>
      <xsd:enumeration value="AM"/>
      <xsd:enumeration value="AW"/>
      <xsd:enumeration value="AU"/>
      <xsd:enumeration value="AT"/>
      <xsd:enumeration value="AZ"/>
      <xsd:enumeration value="BS"/>
      <xsd:enumeration value="BH"/>
      <xsd:enumeration value="BD"/>
      <xsd:enumeration value="BB"/>
      <xsd:enumeration value="BY"/>
      <xsd:enumeration value="BE"/>
      <xsd:enumeration value="BZ"/>
      <xsd:enumeration value="BJ"/>
      <xsd:enumeration value="BM"/>
      <xsd:enumeration value="BT"/>
      <xsd:enumeration value="BO"/>
      <xsd:enumeration value="BA"/>
      <xsd:enumeration value="BW"/>
      <xsd:enumeration value="BV"/>
      <xsd:enumeration value="BR"/>
      <xsd:enumeration value="IO"/>
      <xsd:enumeration value="BN"/>
      <xsd:enumeration value="BG"/>
      <xsd:enumeration value="BF"/>
      <xsd:enumeration value="BI"/>
      <xsd:enumeration value="KH"/>
      <xsd:enumeration value="CM"/>
      <xsd:enumeration value="CA"/>
      <xsd:enumeration value="CV"/>
      <xsd:enumeration value="KY"/>
      <xsd:enumeration value="CF"/>
      <xsd:enumeration value="TD"/>
      <xsd:enumeration value="CL"/>
      <xsd:enumeration value="CN"/>
      <xsd:enumeration value="CX"/>
      <xsd:enumeration value="CC"/>
      <xsd:enumeration value="CO"/>
      <xsd:enumeration value="KM"/>
      <xsd:enumeration value="CG"/>
      <xsd:enumeration value="CD"/>
      <xsd:enumeration value="CK"/>
      <xsd:enumeration value="CR"/>
      <xsd:enumeration value="CI"/>
      <xsd:enumeration value="HR"/>
      <xsd:enumeration value="CU"/>
      <xsd:enumeration value="CY"/>
      <xsd:enumeration value="CZ"/>
      <xsd:enumeration value="DK"/>
      <xsd:enumeration value="DJ"/>
      <xsd:enumeration value="DM"/>
      <xsd:enumeration value="DO"/>
      <xsd:enumeration value="EC"/>
      <xsd:enumeration value="EG"/>
      <xsd:enumeration value="SV"/>
      <xsd:enumeration value="GQ"/>
      <xsd:enumeration value="ER"/>
      <xsd:enumeration value="EE"/>
      <xsd:enumeration value="ET"/>
      <xsd:enumeration value="FK"/>
      <xsd:enumeration value="FO"/>
      <xsd:enumeration value="FJ"/>
      <xsd:enumeration value="FI"/>
      <xsd:enumeration value="FR"/>
      <xsd:enumeration value="GF"/>
      <xsd:enumeration value="PF"/>
      <xsd:enumeration value="TF"/>
      <xsd:enumeration value="GA"/>
      <xsd:enumeration value="GM"/>
      <xsd:enumeration value="GE"/>
      <xsd:enumeration value="DE"/>
      <xsd:enumeration value="GH"/>
      <xsd:enumeration value="GI"/>
      <xsd:enumeration value="GR"/>
      <xsd:enumeration value="GL"/>
      <xsd:enumeration value="GD"/>
      <xsd:enumeration value="GP"/>
      <xsd:enumeration value="GU"/>
      <xsd:enumeration value="GT"/>
      <xsd:enumeration value="GG"/>
      <xsd:enumeration value="GN"/>
      <xsd:enumeration value="GW"/>
      <xsd:enumeration value="GY"/>
      <xsd:enumeration value="HT"/>
      <xsd:enumeration value="HM"/>
      <xsd:enumeration value="VA"/>
      <xsd:enumeration value="HN"/>
      <xsd:enumeration value="HK"/>
      <xsd:enumeration value="HU"/>
      <xsd:enumeration value="IS"/>
      <xsd:enumeration value="IN"/>
      <xsd:enumeration value="ID"/>
      <xsd:enumeration value="IR"/>
      <xsd:enumeration value="IQ"/>
      <xsd:enumeration value="IE"/>
      <xsd:enumeration value="IM"/>
      <xsd:enumeration value="IL"/>
      <xsd:enumeration value="IT"/>
      <xsd:enumeration value="JM"/>
      <xsd:enumeration value="JP"/>
      <xsd:enumeration value="JE"/>
      <xsd:enumeration value="JO"/>
      <xsd:enumeration value="KZ"/>
      <xsd:enumeration value="KE"/>
      <xsd:enumeration value="KI"/>
      <xsd:enumeration value="KP"/>
      <xsd:enumeration value="KR"/>
      <xsd:enumeration value="KW"/>
      <xsd:enumeration value="KG"/>
      <xsd:enumeration value="LA"/>
      <xsd:enumeration value="LV"/>
      <xsd:enumeration value="LB"/>
      <xsd:enumeration value="LS"/>
      <xsd:enumeration value="LR"/>
      <xsd:enumeration value="LY"/>
      <xsd:enumeration value="LI"/>
      <xsd:enumeration value="LT"/>
      <xsd:enumeration value="LU"/>
      <xsd:enumeration value="MO"/>
      <xsd:enumeration value="MK"/>
      <xsd:enumeration value="MG"/>
      <xsd:enumeration value="MW"/>
      <xsd:enumeration value="MY"/>
      <xsd:enumeration value="MV"/>
      <xsd:enumeration value="ML"/>
      <xsd:enumeration value="MT"/>
      <xsd:enumeration value="MH"/>
      <xsd:enumeration value="MQ"/>
      <xsd:enumeration value="MR"/>
      <xsd:enumeration value="MU"/>
      <xsd:enumeration value="YT"/>
      <xsd:enumeration value="MX"/>
      <xsd:enumeration value="FM"/>
      <xsd:enumeration value="MD"/>
      <xsd:enumeration value="MC"/>
      <xsd:enumeration value="MN"/>
      <xsd:enumeration value="MS"/>
      <xsd:enumeration value="MA"/>
      <xsd:enumeration value="MZ"/>
      <xsd:enumeration value="MM"/>
      <xsd:enumeration value="NA"/>
      <xsd:enumeration value="NR"/>
      <xsd:enumeration value="NP"/>
      <xsd:enumeration value="NL"/>
      <xsd:enumeration value="AN"/>
      <xsd:enumeration value="NC"/>
      <xsd:enumeration value="NZ"/>
      <xsd:enumeration value="NI"/>
      <xsd:enumeration value="NE"/>
      <xsd:enumeration value="NG"/>
      <xsd:enumeration value="NU"/>
      <xsd:enumeration value="NF"/>
      <xsd:enumeration value="MP"/>
      <xsd:enumeration value="NO"/>
      <xsd:enumeration value="OM"/>
      <xsd:enumeration value="PK"/>
      <xsd:enumeration value="PW"/>
      <xsd:enumeration value="PS"/>
      <xsd:enumeration value="PA"/>
      <xsd:enumeration value="PG"/>
      <xsd:enumeration value="PY"/>
      <xsd:enumeration value="PE"/>
      <xsd:enumeration value="PH"/>
      <xsd:enumeration value="PN"/>
      <xsd:enumeration value="PL"/>
      <xsd:enumeration value="PT"/>
      <xsd:enumeration value="PR"/>
      <xsd:enumeration value="QA"/>
      <xsd:enumeration value="RE"/>
      <xsd:enumeration value="RO"/>
      <xsd:enumeration value="RU"/>
      <xsd:enumeration value="RW"/>
      <xsd:enumeration value="SH"/>
      <xsd:enumeration value="KN"/>
      <xsd:enumeration value="LC"/>
      <xsd:enumeration value="PM"/>
      <xsd:enumeration value="VC"/>
      <xsd:enumeration value="WS"/>
      <xsd:enumeration value="SM"/>
      <xsd:enumeration value="ST"/>
      <xsd:enumeration value="SA"/>
      <xsd:enumeration value="SN"/>
      <xsd:enumeration value="CS"/>
      <xsd:enumeration value="SC"/>
      <xsd:enumeration value="SL"/>
      <xsd:enumeration value="SG"/>
      <xsd:enumeration value="SK"/>
      <xsd:enumeration value="SI"/>
      <xsd:enumeration value="SB"/>
      <xsd:enumeration value="SO"/>
      <xsd:enumeration value="ZA"/>
      <xsd:enumeration value="GS"/>
      <xsd:enumeration value="ES"/>
      <xsd:enumeration value="LK"/>
      <xsd:enumeration value="SD"/>
      <xsd:enumeration value="SR"/>
      <xsd:enumeration value="SJ"/>
      <xsd:enumeration value="SZ"/>
      <xsd:enumeration value="SE"/>
      <xsd:enumeration value="CH"/>
      <xsd:enumeration value="SY"/>
      <xsd:enumeration value="TW"/>
      <xsd:enumeration value="TJ"/>
      <xsd:enumeration value="TZ"/>
      <xsd:enumeration value="TH"/>
      <xsd:enumeration value="TL"/>
      <xsd:enumeration value="TG"/>
      <xsd:enumeration value="TK"/>
      <xsd:enumeration value="TO"/>
      <xsd:enumeration value="TT"/>
      <xsd:enumeration value="TN"/>
      <xsd:enumeration value="TR"/>
      <xsd:enumeration value="TM"/>
      <xsd:enumeration value="TC"/>
      <xsd:enumeration value="TV"/>
      <xsd:enumeration value="UG"/>
      <xsd:enumeration value="UA"/>
      <xsd:enumeration value="AE"/>
      <xsd:enumeration value="GB"/>
      <xsd:enumeration value="US"/>
      <xsd:enumeration value="UM"/>
      <xsd:enumeration value="UY"/>
      <xsd:enumeration value="UZ"/>
      <xsd:enumeration value="VU"/>
      <xsd:enumeration value="VE"/>
      <xsd:enumeration value="VN"/>
      <xsd:enumeration value="VG"/>
      <xsd:enumeration value="VI"/>
      <xsd:enumeration value="WF"/>
      <xsd:enumeration value="EH"/>
      <xsd:enumeration value="YE"/>
      <xsd:enumeration value="ZM"/>
      <xsd:enumeration value="ZW"/>
      <!--AFGHANISTAN-->
      <!--&Aring;LAND ISLANDS-->
      <!--ALBANIA-->
      <!--ALGERIA-->
      <!--AMERICAN SAMOA-->
      <!--ANDORRA-->
      <!--ANGOLA-->
      <!--ANGUILLA-->
      <!--ANTARCTICA-->
      <!--ANTIGUA AND BARBUDA-->
      <!--ARGENTINA-->
      <!--ARMENIA-->
      <!--ARUBA-->
      <!--AUSTRALIA-->
      <!--AUSTRIA-->
      <!--AZERBAIJAN-->
      <!--BAHAMAS-->
      <!--BAHRAIN-->
      <!--BANGLADESH-->
      <!--BARBADOS-->
      <!--BELARUS-->
      <!--BELGIUM-->
      <!--BELIZE-->
      <!--BENIN-->
      <!--BERMUDA-->
      <!--BHUTAN-->
      <!--BOLIVIA-->
      <!--BOSNIA AND HERZEGOVINA-->
      <!--BOTSWANA-->
      <!--BOUVET ISLAND-->
      <!--BRAZIL-->
      <!--BRITISH INDIAN OCEAN TERRITORY-->
      <!--BRUNEI DARUSSALAM-->
      <!--BULGARIA-->
      <!--BURKINA FASO-->
      <!--BURUNDI-->
      <!--CAMBODIA-->
      <!--CAMEROON-->
      <!--CANADA-->
      <!--CAPE VERDE-->
      <!--CAYMAN ISLANDS-->
      <!--CENTRAL AFRICAN REPUBLIC-->
      <!--CHAD-->
      <!--CHILE-->
      <!--CHINA-->
      <!--CHRISTMAS ISLAND-->
      <!--COCOS (KEELING) ISLANDS-->
      <!--COLOMBIA-->
      <!--COMOROS-->
      <!--CONGO-->
      <!--CONGO, THE DEMOCRATIC REPUBLIC OF THE-->
      <!--COOK ISLANDS-->
      <!--COSTA RICA-->
      <!--COTE D'IVOIRE-->
      <!--CROATIA-->
      <!--CUBA-->
      <!--CYPRUS-->
      <!--CZECH REPUBLIC-->
      <!--DENMARK-->
      <!--DJIBOUTI-->
      <!--DOMINICA-->
      <!--DOMINICAN REPUBLIC-->
      <!--ECUADOR-->
      <!--EGYPT-->
      <!--EL SALVADOR-->
      <!--EQUATORIAL GUINEA-->
      <!--ERITREA-->
      <!--ESTONIA-->
      <!--ETHIOPIA-->
      <!--FALKLAND ISLANDS (MALVINAS)-->
      <!--FAROE ISLANDS-->
      <!--FIJI-->
      <!--FINLAND-->
      <!--FRANCE-->
      <!--FRENCH GUIANA-->
      <!--FRENCH POLYNESIA-->
      <!--FRENCH SOUTHERN TERRITORIES-->
      <!--GABON-->
      <!--GAMBIA-->
      <!--GEORGIA-->
      <!--GERMANY-->
      <!--GHANA-->
      <!--GIBRALTAR-->
      <!--GREECE-->
      <!--GREENLAND-->
      <!--GRENADA-->
      <!--GUADELOUPE-->
      <!--GUAM-->
      <!--GUATEMALA-->
      <!--GUERNSEY-->
      <!--GUINEA-->
      <!--GUINEA-BISSAU-->
      <!--GUYANA-->
      <!--HAITI-->
      <!--HEARD ISLAND AND MCDONALD ISLANDS-->
      <!--HOLY SEE (VATICAN CITY STATE)-->
      <!--HONDURAS-->
      <!--HONG KONG-->
      <!--HUNGARY-->
      <!--ICELAND-->
      <!--INDIA-->
      <!--INDONESIA-->
      <!--IRAN, ISLAMIC REPUBLIC OF-->
      <!--IRAQ-->
      <!--IRELAND-->
      <!--ISLE OF MAN-->
      <!--ISRAEL-->
      <!--ITALY-->
      <!--JAMAICA-->
      <!--JAPAN-->
      <!--JERSEY-->
      <!--JORDAN-->
      <!--KAZAKHSTAN-->
      <!--KENYA-->
      <!--KIRIBATI-->
      <!--KOREA, DEMOCRATIC PEOPLE'S REPUBLIC OF-->
      <!--KOREA, REPUBLIC OF-->
      <!--KUWAIT-->
      <!--KYRGYZSTAN-->
      <!--LAO PEOPLE'S DEMOCRATIC REPUBLIC-->
      <!--LATVIA-->
      <!--LEBANON-->
      <!--LESOTHO-->
      <!--LIBERIA-->
      <!--LIBYAN ARAB JAMAHIRIYA-->
      <!--LIECHTENSTEIN-->
      <!--LITHUANIA-->
      <!--LUXEMBOURG-->
      <!--MACAO-->
      <!--MACEDONIA, THE FORMER YUGOSLAV REPUBLIC OF-->
      <!--MADAGASCAR-->
      <!--MALAWI-->
      <!--MALAYSIA-->
      <!--MALDIVES-->
      <!--MALI-->
      <!--MALTA-->
      <!--MARSHALL ISLANDS-->
      <!--MARTINIQUE-->
      <!--MAURITANIA-->
      <!--MAURITIUS-->
      <!--MAYOTTE-->
      <!--MEXICO-->
      <!--MICRONESIA, FEDERATED STATES OF-->
      <!--MOLDOVA, REPUBLIC OF-->
      <!--MONACO-->
      <!--MONGOLIA-->
      <!--MONTSERRAT-->
      <!--MOROCCO-->
      <!--MOZAMBIQUE-->
      <!--MYANMAR-->
      <!--NAMIBIA-->
      <!--NAURU-->
      <!--NEPAL-->
      <!--NETHERLANDS-->
      <!--NETHERLANDS ANTILLES-->
      <!--NEW CALEDONIA-->
      <!--NEW ZEALAND-->
      <!--NICARAGUA-->
      <!--NIGER-->
      <!--NIGERIA-->
      <!--NIUE-->
      <!--NORFOLK ISLAND-->
      <!--NORTHERN MARIANA ISLANDS-->
      <!--NORWAY-->
      <!--OMAN-->
      <!--PAKISTAN-->
      <!--PALAU-->
      <!--PALESTINIAN TERRITORY, OCCUPIED-->
      <!--PANAMA-->
      <!--PAPUA NEW GUINEA-->
      <!--PARAGUAY-->
      <!--PERU-->
      <!--PHILIPPINES-->
      <!--PITCAIRN-->
      <!--POLAND-->
      <!--PORTUGAL-->
      <!--PUERTO RICO-->
      <!--QATAR-->
      <!--REUNION-->
      <!--ROMANIA-->
      <!--RUSSIAN FEDERATION-->
      <!--RWANDA-->
      <!--SAINT HELENA-->
      <!--SAINT KITTS AND NEVIS-->
      <!--SAINT LUCIA-->
      <!--SAINT PIERRE AND MIQUELON-->
      <!--SAINT VINCENT AND THE GRENADINES-->
      <!--SAMOA-->
      <!--SAN MARINO-->
      <!--SAO TOME AND PRINCIPE-->
      <!--SAUDI ARABIA-->
      <!--SENEGAL-->
      <!--SERBIA AND MONTENEGRO-->
      <!--SEYCHELLES-->
      <!--SIERRA LEONE-->
      <!--SINGAPORE-->
      <!--SLOVAKIA-->
      <!--SLOVENIA-->
      <!--SOLOMON ISLANDS-->
      <!--SOMALIA-->
      <!--SOUTH AFRICA-->
      <!--SOUTH GEORGIA AND THE SOUTH SANDWICH ISLANDS-->
      <!--SPAIN-->
      <!--SRI LANKA-->
      <!--SUDAN-->
      <!--SURINAME-->
      <!--SVALBARD AND JAN MAYEN-->
      <!--SWAZILAND-->
      <!--SWEDEN-->
      <!--SWITZERLAND-->
      <!--SYRIAN ARAB REPUBLIC-->
      <!--TAIWAN, PROVINCE OF CHINA-->
      <!--TAJIKISTAN-->
      <!--TANZANIA, UNITED REPUBLIC OF-->
      <!--THAILAND-->
      <!--TIMOR-LESTE-->
      <!--TOGO-->
      <!--TOKELAU-->
      <!--TONGA-->
      <!--TRINIDAD AND TOBAGO-->
      <!--TUNISIA-->
      <!--TURKEY-->
      <!--TURKMENISTAN-->
      <!--TURKS AND CAICOS ISLANDS-->
      <!--TUVALU-->
      <!--UGANDA-->
      <!--UKRAINE-->
      <!--UNITED ARAB EMIRATES-->
      <!--UNITED KINGDOM-->
      <!--UNITED STATES-->
      <!--UNITED STATES MINOR OUTLYING ISLANDS-->
      <!--URUGUAY-->
      <!--UZBEKISTAN-->
      <!--VANUATU-->
      <!--VENEZUELA-->
      <!--VIET NAM-->
      <!--VIRGIN ISLANDS, BRITISH-->
      <!--VIRGIN ISLANDS, U.S.-->
      <!--WALLIS AND FUTUNA-->
      <!--WESTERN SAHARA-->
      <!--YEMEN-->
      <!--ZAMBIA-->
      <!--ZIMBABWE-->
    </xsd:restriction>
  </xsd:simpleType>
  <!--Element of the request and the response-->
  <xsd:element name="createDemandRequest" type="tns:CreateDemandRequestType"/>
  <xsd:element name="createDemandResponse" type="tns:CreateDemandResponseType"/>
</xsd:schema>]]></con:content><con:type>http://www.w3.org/2001/XMLSchema</con:type></con:part><con:part><con:url>file:/home/isr/git/parent/districtteamservice/DistrictTeamServiceGateway/src/main/resources/wsdl/districtTeamService/1.0.0/messages/baseMessageTypes_v1.xsd</con:url><con:content><![CDATA[<xsd:schema targetNamespace="http://fidus.brussels/type/common/messages/v1" elementFormDefault="qualified" attributeFormDefault="unqualified" version="1.0" xmlns:xsd="http://www.w3.org/2001/XMLSchema" xmlns:cmn="http://fidus.brussels/type/common/v1" xmlns:tns="http://fidus.brussels/type/common/messages/v1">
  <!--Unformatted message Id-->
  <xsd:simpleType name="MessageIdType">
    <xsd:restriction base="xsd:string">
      <xsd:minLength value="1"/>
      <xsd:maxLength value="64"/>
    </xsd:restriction>
  </xsd:simpleType>
  <!--National Number of the person. Format depending on the Register-->
  <xsd:simpleType name="PersonNumberType">
    <xsd:restriction base="xsd:string">
      <xsd:pattern value="[0-9][0-9](([0][0-9])|([1][0-2]))(([0-2][0-9])|([3][0-1]))(([0-9]{2}[1-9])|([0-9][1-9][0-9])|([1-9][0-9]{2}))(([0-8][0-9])|([9][0-7]))">
        <xsd:annotation>
          <xsd:documentation>National Register format</xsd:documentation>
        </xsd:annotation>
      </xsd:pattern>
      <xsd:pattern value="[0-9][0-9](([2][0-9])|([3][0-2]))(([0-2][0-9])|([3][0-1]))[0-9]{3}(([0-8][0-9])|([9][0-7]))">
        <xsd:annotation>
          <xsd:documentation>CBSS Register format: Bis Register</xsd:documentation>
        </xsd:annotation>
      </xsd:pattern>
      <xsd:pattern value="[0-9][0-9](([4][0-9])|([5][0-2]))(([0-2][0-9])|([3][0-1]))[0-9]{3}(([0-8][0-9])|([9][0-7]))">
        <xsd:annotation>
          <xsd:documentation>CBSS Register format: Ter Register</xsd:documentation>
        </xsd:annotation>
      </xsd:pattern>
    </xsd:restriction>
  </xsd:simpleType>
  <!--Request message context-->
  <xsd:complexType name="RequestMessageContextType">
    <xsd:annotation>
      <xsd:documentation>Message context block generated by the consumer.</xsd:documentation>
    </xsd:annotation>
    <xsd:sequence>
      <xsd:element name="messageId" type="tns:MessageIdType">
        <xsd:annotation>
          <xsd:documentation>Consumer must assign their own MessageId reference for the request.</xsd:documentation>
        </xsd:annotation>
      </xsd:element>
      <xsd:element name="timestamp" type="xsd:dateTime" minOccurs="0">
        <xsd:annotation>
          <xsd:documentation>Timestamp when client sent request.</xsd:documentation>
        </xsd:annotation>
      </xsd:element>
    </xsd:sequence>
  </xsd:complexType>
  <!--Response message context-->
  <xsd:complexType name="ResponseMessageContextType">
    <xsd:annotation>
      <xsd:documentation>MessageContext block generated by fidus.</xsd:documentation>
    </xsd:annotation>
    <xsd:sequence>
      <xsd:element name="messageId" type="tns:MessageIdType">
        <xsd:annotation>
          <xsd:documentation>A unique identifier generated by fidus.</xsd:documentation>
        </xsd:annotation>
      </xsd:element>
      <xsd:element name="transactionId" type="tns:MessageIdType">
        <xsd:annotation>
          <xsd:documentation>A unique ID returned to the client for tracing purposes.</xsd:documentation>
        </xsd:annotation>
      </xsd:element>
      <xsd:element name="timestamp" type="xsd:dateTime" minOccurs="0">
        <xsd:annotation>
          <xsd:documentation>Time reply sent by fidus.</xsd:documentation>
        </xsd:annotation>
      </xsd:element>
    </xsd:sequence>
  </xsd:complexType>
  <!--Legal Context : the finality of the Privacy Commission-->
  <xsd:simpleType name="LegalContextType">
    <xsd:restriction base="xsd:string">
      <xsd:minLength value="1"/>
      <xsd:maxLength value="64"/>
    </xsd:restriction>
  </xsd:simpleType>
  <xsd:complexType name="UserContextType">
    <xsd:annotation>
      <xsd:documentation>The user context defines information regarding the actual user performing a request.</xsd:documentation>
    </xsd:annotation>
    <xsd:sequence>
      <xsd:element name="language" type="xsd:language" nillable="true">
        <xsd:annotation>
          <xsd:documentation>The preferred language of the actual user performing the request.
						This influences the language in which response elements are cast.</xsd:documentation>
        </xsd:annotation>
      </xsd:element>
    </xsd:sequence>
  </xsd:complexType>
</xsd:schema>]]></con:content><con:type>http://www.w3.org/2001/XMLSchema</con:type></con:part><con:part><con:url>file:/home/isr/git/parent/districtteamservice/DistrictTeamServiceGateway/src/main/resources/wsdl/districtTeamService/1.0.0/messages/exceptionTypes_v1.xsd</con:url><con:content><![CDATA[<xsd:schema targetNamespace="http://fidus.brussels/type/common/exceptions/v1" elementFormDefault="qualified" attributeFormDefault="unqualified" version="1.0" xmlns:xsd="http://www.w3.org/2001/XMLSchema" xmlns:tns="http://fidus.brussels/type/common/exceptions/v1">
  <!--Basic error typed-->
  <xsd:complexType name="ExceptionsType">
    <xsd:sequence>
      <xsd:element name="exception" type="tns:ExceptionType" maxOccurs="unbounded"/>
    </xsd:sequence>
  </xsd:complexType>
  <xsd:complexType name="ExceptionType">
    <xsd:sequence>
      <xsd:element name="type" type="tns:ExceptionClassType"/>
      <xsd:element name="code" type="tns:ExceptionCodeType"/>
      <xsd:element name="source" type="tns:ExceptionSourceType"/>
      <xsd:element name="description" type="tns:ExceptionDescriptionType"/>
    </xsd:sequence>
  </xsd:complexType>
  <xsd:simpleType name="ExceptionClassType">
    <xsd:restriction base="xsd:string">
      <xsd:enumeration value="ERROR"/>
      <xsd:enumeration value="WARNING"/>
      <xsd:enumeration value="INFO"/>
    </xsd:restriction>
  </xsd:simpleType>
  <xsd:simpleType name="ExceptionCodeType">
    <xsd:restriction base="xsd:string">
      <xsd:maxLength value="20"/>
    </xsd:restriction>
  </xsd:simpleType>
  <xsd:simpleType name="ExceptionSourceType">
    <xsd:restriction base="xsd:string">
      <xsd:maxLength value="20"/>
    </xsd:restriction>
  </xsd:simpleType>
  <xsd:simpleType name="ExceptionDescriptionType">
    <xsd:restriction base="xsd:string"/>
  </xsd:simpleType>
</xsd:schema>]]></con:content><con:type>http://www.w3.org/2001/XMLSchema</con:type></con:part><con:part><con:url>file:/home/isr/git/parent/districtteamservice/DistrictTeamServiceGateway/src/main/resources/wsdl/districtTeamService/1.0.0/messages/statusCodes_v1.xsd</con:url><con:content><![CDATA[<xsd:schema targetNamespace="http://fidus.brussels/type/common/statuses/v1" elementFormDefault="qualified" attributeFormDefault="unqualified" version="1.0" xmlns:xsd="http://www.w3.org/2001/XMLSchema" xmlns:tns="http://fidus.brussels/type/common/statuses/v1">
  <xsd:simpleType name="StatusCode">
    <xsd:annotation>
      <xsd:documentation xml:lang="en">Status of response.</xsd:documentation>
    </xsd:annotation>
    <xsd:restriction base="xsd:string">
      <xsd:enumeration value="SUCCESS"/>
      <xsd:enumeration value="NO_DATA_FOUND"/>
      <xsd:enumeration value="NO_DOMAIN_FOUND"/>
      <xsd:enumeration value="INVALID_ORG_IDENTIFIER"/>
      <xsd:enumeration value="INVALID_SSIN"/>
      <xsd:enumeration value="NOT_AUTHENTIC_SOURCE_FOR_ORG_NAME"/>
    </xsd:restriction>
  </xsd:simpleType>
</xsd:schema>]]></con:content><con:type>http://www.w3.org/2001/XMLSchema</con:type></con:part></con:definitionCache><con:endpoints><con:endpoint>http://fidus.brussels/services/districtteamservice/v1</con:endpoint><con:endpoint>https://192.168.36.61:8243/services/DistrictTeamService_v1.0</con:endpoint><con:endpoint>https://fidus.irisnetlab.be/services/services/DistrictTeamService_v1.0</con:endpoint><con:endpoint>https://localhost:8243/services/districtteamservice/v1</con:endpoint></con:endpoints><con:operation id="9cb69e45-49f1-4537-89fd-d9204b173174" isOneWay="false" action="http://fidus.brussels/services/districtteamservice/createDemand" name="createDemand" bindingOperationName="createDemand" type="Request-Response" inputName="" receivesAttachments="false" sendsAttachments="false" anonymous="optional"><con:settings/><con:call id="0e2f6fda-eede-4084-a776-9df424b006f0" name="1 - Local - Request" incomingWss="inflow_DEV" outgoingWss="Outflow_DEV"><con:settings><con:setting id="com.eviware.soapui.impl.wsdl.WsdlRequest@request-headers">&lt;xml-fragment/></con:setting></con:settings><con:encoding>UTF-8</con:encoding><con:endpoint>https://localhost:8243/services/DistrictTeamService_v1.0</con:endpoint><con:request><![CDATA[<soapenv:Envelope xmlns:soapenv="http://schemas.xmlsoap.org/soap/envelope/" xmlns:v1="http://fidus.brussels/type/common/messages/v1" xmlns:dem="http://fidus.brussels/service/districtteamservice/messages/v1">
   <soapenv:Header/>
   <soapenv:Body>
      <dem:createDemandRequest>
         <dem:messageContext>
            <v1:messageId>${=import static java.util.UUID.randomUUID; uuid = randomUUID() as String}</v1:messageId>
            <v1:timestamp>${=new java.text.SimpleDateFormat("yyyy-MM-dd'T'HH:mm:ss.SSS").format(new Date())}</v1:timestamp>
         </dem:messageContext>
         <dem:legalContext>ServiceIntegrator</dem:legalContext>
         <dem:request>
            <dem:demandIdentificationData>
               <dem:procedure>AC-ZP</dem:procedure>
               <dem:sender>21015</dem:sender>
               <dem:recipient>5344</dem:recipient>
               <dem:type>CHANGE_RESIDENTIAL_ADDRESS</dem:type>
               <dem:identifier>1</dem:identifier>
               <dem:reference>Ref.</dem:reference>
            </dem:demandIdentificationData>
            <dem:demandInfos>
               <dem:date>2018-01-01</dem:date>
               <dem:language>FR</dem:language>
               <dem:priority>MEDIUM</dem:priority>
               <dem:contactPerson>Myriel</dem:contactPerson>
               <dem:contactEmail>machin.bidule@mail.be</dem:contactEmail>
               <dem:extraInformation>extra infos</dem:extraInformation>
            </dem:demandInfos>
            <dem:demandAddress>
               <dem:postcode>1030</dem:postcode>
               <dem:streetCode>3174</dem:streetCode>
               <dem:policeNumber>64</dem:policeNumber>
            </dem:demandAddress>
            <dem:demandPersons>
               <dem:person>
                  <dem:lastname>Benjelloun</dem:lastname>
                  <dem:firstname>Ismail</dem:firstname>
                  <dem:birthdayYear>1989</dem:birthdayYear>
                  <dem:birthdayMonth>03</dem:birthdayMonth>
                  <dem:birthdayDay>02</dem:birthdayDay>
                  <dem:nationality>BE</dem:nationality>
                  <dem:gender>F</dem:gender>
                  <dem:isReferentPerson>true</dem:isReferentPerson>
               </dem:person>
            </dem:demandPersons>
            <dem:demandExtraInfos>
               <dem:address>
                  <dem:postcode>1030</dem:postcode>
                  <dem:streetCode>3174</dem:streetCode>
                  <dem:policeNumber>64</dem:policeNumber>
               </dem:address>
            </dem:demandExtraInfos>
         </dem:request>
      </dem:createDemandRequest>
   </soapenv:Body>
</soapenv:Envelope>]]></con:request><con:credentials><con:selectedAuthProfile>Basic</con:selectedAuthProfile><con:addedBasicAuthenticationTypes>Basic</con:addedBasicAuthenticationTypes><con:preemptive>false</con:preemptive><con:authType>Global HTTP Settings</con:authType></con:credentials><con:jmsConfig JMSDeliveryMode="PERSISTENT"/><con:jmsPropertyConfig/><con:wsaConfig mustUnderstand="NONE" version="200508" action="http://fidus.brussels/services/districtteamservice/createDemand"/><con:wsrmConfig version="1.2"/></con:call><con:call id="cf180022-74d8-4a17-84f8-910a78ee5a48" name="2 - Dev - Request" outgoingWss="Outflow_DEV" incomingWss="inflow_DEV"><con:settings><con:setting id="com.eviware.soapui.impl.wsdl.WsdlRequest@request-headers">&lt;xml-fragment/></con:setting></con:settings><con:encoding>UTF-8</con:encoding><con:endpoint>https://192.168.36.61:8243/services/DistrictTeamService_v1.0</con:endpoint><con:request><![CDATA[<soapenv:Envelope xmlns:soapenv="http://schemas.xmlsoap.org/soap/envelope/" xmlns:v1="http://fidus.brussels/type/common/messages/v1" xmlns:dem="http://fidus.brussels/service/districtteamservice/messages/v1">
   <soapenv:Header/>
   <soapenv:Body>
      <dem:createDemandRequest>
         <dem:messageContext>
            <v1:messageId>${=import static java.util.UUID.randomUUID; uuid = randomUUID() as String}</v1:messageId>
            <v1:timestamp>${=new java.text.SimpleDateFormat("yyyy-MM-dd'T'HH:mm:ss.SSS").format(new Date())}</v1:timestamp>
         </dem:messageContext>
         <dem:legalContext>ServiceIntegrator</dem:legalContext>
         <dem:request>
            <dem:demandIdentificationData>
               <dem:procedure>AC-ZP</dem:procedure>
               <dem:sender>21015</dem:sender>
               <dem:recipient>5344</dem:recipient>
               <dem:type>CHANGE_RESIDENTIAL_ADDRESS</dem:type>
               <dem:identifier>1</dem:identifier>
               <dem:reference>Ref.</dem:reference>
            </dem:demandIdentificationData>
            <dem:demandInfos>
               <dem:date>2018-01-01</dem:date>
               <dem:language>FR</dem:language>
               <dem:priority>MEDIUM</dem:priority>
               <dem:contactPerson>Myriel</dem:contactPerson>
               <dem:contactEmail>machin.bidule@mail.be</dem:contactEmail>
               <dem:extraInformation>extra infos</dem:extraInformation>
            </dem:demandInfos>
            <dem:demandAddress>
               <dem:postcode>1030</dem:postcode>
               <dem:streetCode>3174</dem:streetCode>
               <dem:policeNumber>64</dem:policeNumber>
            </dem:demandAddress>
            <dem:demandPersons>
               <dem:person>
                  <dem:lastname>Benjelloun</dem:lastname>
                  <dem:firstname>Ismail</dem:firstname>
                  <dem:birthdayYear>1989</dem:birthdayYear>
                  <dem:birthdayMonth>03</dem:birthdayMonth>
                  <dem:birthdayDay>02</dem:birthdayDay>
                  <dem:nationality>BE</dem:nationality>
                  <dem:gender>F</dem:gender>
                  <dem:isReferentPerson>true</dem:isReferentPerson>
               </dem:person>
            </dem:demandPersons>
            <dem:demandExtraInfos>
               <dem:address>
                  <dem:postcode>1030</dem:postcode>
                  <dem:streetCode>3174</dem:streetCode>
                  <dem:policeNumber>64</dem:policeNumber>
               </dem:address>
            </dem:demandExtraInfos>
         </dem:request>
      </dem:createDemandRequest>
   </soapenv:Body>
</soapenv:Envelope>]]></con:request><con:credentials><con:selectedAuthProfile>Basic</con:selectedAuthProfile><con:addedBasicAuthenticationTypes>Basic</con:addedBasicAuthenticationTypes><con:preemptive>false</con:preemptive><con:authType>Global HTTP Settings</con:authType></con:credentials><con:jmsConfig JMSDeliveryMode="PERSISTENT"/><con:jmsPropertyConfig/><con:wsaConfig mustUnderstand="NONE" version="200508" action="http://fidus.brussels/services/districtteamservice/createDemand"/><con:wsrmConfig version="1.2"/></con:call><con:call id="e557dd7b-b93c-4fda-aeea-f1960e64757c" name="3 - Test - External - Request" outgoingWss="OutFlow_TEST" incomingWss="inflow_TEST"><con:settings><con:setting id="com.eviware.soapui.impl.wsdl.WsdlRequest@request-headers">&lt;xml-fragment/></con:setting></con:settings><con:encoding>UTF-8</con:encoding><con:endpoint>https://fidus-test.irisnetlab.be/services/DistrictTeamService_v1.0</con:endpoint><con:request><![CDATA[<soapenv:Envelope xmlns:soapenv="http://schemas.xmlsoap.org/soap/envelope/" xmlns:v1="http://fidus.brussels/type/common/messages/v1" xmlns:dem="http://fidus.brussels/service/districtteamservice/messages/v1">
   <soapenv:Header/>
   <soapenv:Body>
      <dem:createDemandRequest>
         <dem:messageContext>
            <v1:messageId>${=import static java.util.UUID.randomUUID; uuid = randomUUID() as String}</v1:messageId>
            <v1:timestamp>${=new java.text.SimpleDateFormat("yyyy-MM-dd'T'HH:mm:ss.SSS").format(new Date())}</v1:timestamp>
         </dem:messageContext>
         <dem:legalContext>ServiceIntegrator</dem:legalContext>
         <dem:request>
            <dem:demandIdentificationData>
               <dem:procedure>AC-ZP</dem:procedure>
               <dem:sender>21015</dem:sender>
               <dem:recipient>5344</dem:recipient>
               <dem:type>CHANGE_RESIDENTIAL_ADDRESS</dem:type>
               <dem:identifier>1</dem:identifier>
               <dem:reference>Ref.</dem:reference>
            </dem:demandIdentificationData>
            <dem:demandInfos>
               <dem:date>2018-01-01</dem:date>
               <dem:language>FR</dem:language>
               <dem:priority>MEDIUM</dem:priority>
               <dem:contactPerson>Myriel</dem:contactPerson>
               <dem:contactEmail>machin.bidule@mail.be</dem:contactEmail>
               <dem:extraInformation>extra infos</dem:extraInformation>
            </dem:demandInfos>
            <dem:demandAddress>
               <dem:postcode>1030</dem:postcode>
               <dem:streetCode>3174</dem:streetCode>
               <dem:policeNumber>64</dem:policeNumber>
            </dem:demandAddress>
            <dem:demandPersons>
               <dem:person>
                  <dem:lastname>Benjelloun</dem:lastname>
                  <dem:firstname>Ismail</dem:firstname>
                  <dem:birthdayYear>1989</dem:birthdayYear>
                  <dem:birthdayMonth>03</dem:birthdayMonth>
                  <dem:birthdayDay>02</dem:birthdayDay>
                  <dem:nationality>BE</dem:nationality>
                  <dem:gender>F</dem:gender>
                  <dem:isReferentPerson>true</dem:isReferentPerson>
               </dem:person>
            </dem:demandPersons>
            <dem:demandExtraInfos>
               <dem:address>
                  <dem:postcode>1030</dem:postcode>
                  <dem:streetCode>3174</dem:streetCode>
                  <dem:policeNumber>64</dem:policeNumber>
               </dem:address>
            </dem:demandExtraInfos>
         </dem:request>
      </dem:createDemandRequest>
   </soapenv:Body>
</soapenv:Envelope>]]></con:request><con:credentials><con:selectedAuthProfile>Basic</con:selectedAuthProfile><con:addedBasicAuthenticationTypes>Basic</con:addedBasicAuthenticationTypes><con:preemptive>false</con:preemptive><con:authType>Global HTTP Settings</con:authType></con:credentials><con:jmsConfig JMSDeliveryMode="PERSISTENT"/><con:jmsPropertyConfig/><con:wsaConfig mustUnderstand="NONE" version="200508" action="http://fidus.brussels/services/districtteamservice/createDemand"/><con:wsrmConfig version="1.2"/></con:call><con:call id="dcedc93a-87c6-4361-a17d-a53b66db4c3a" name="3 - Test - Worker1 - Request" outgoingWss="OutFlow_TEST" incomingWss="inflow_TEST"><con:settings><con:setting id="com.eviware.soapui.impl.wsdl.WsdlRequest@request-headers">&lt;xml-fragment/></con:setting></con:settings><con:encoding>UTF-8</con:encoding><con:endpoint>https://192.168.24.51:8443/services/DistrictTeamService_v1.0</con:endpoint><con:request><![CDATA[<soapenv:Envelope xmlns:soapenv="http://schemas.xmlsoap.org/soap/envelope/" xmlns:v1="http://fidus.brussels/type/common/messages/v1" xmlns:dem="http://fidus.brussels/service/districtteamservice/messages/v1">
   <soapenv:Header/>
   <soapenv:Body>
      <dem:createDemandRequest>
         <dem:messageContext>
            <v1:messageId>${=import static java.util.UUID.randomUUID; uuid = randomUUID() as String}</v1:messageId>
            <v1:timestamp>${=new java.text.SimpleDateFormat("yyyy-MM-dd'T'HH:mm:ss.SSS").format(new Date())}</v1:timestamp>
         </dem:messageContext>
         <dem:legalContext>ServiceIntegrator</dem:legalContext>
         <dem:request>
            <dem:demandIdentificationData>
               <dem:procedure>AC-ZP</dem:procedure>
               <dem:sender>21015</dem:sender>
               <dem:recipient>5344</dem:recipient>
               <dem:type>CHANGE_RESIDENTIAL_ADDRESS</dem:type>
               <dem:identifier>1</dem:identifier>
               <dem:reference>Ref.</dem:reference>
            </dem:demandIdentificationData>
            <dem:demandInfos>
               <dem:date>2018-01-01</dem:date>
               <dem:language>FR</dem:language>
               <dem:priority>MEDIUM</dem:priority>
               <dem:contactPerson>Myriel</dem:contactPerson>
               <dem:contactEmail>machin.bidule@mail.be</dem:contactEmail>
               <dem:extraInformation>extra infos</dem:extraInformation>
            </dem:demandInfos>
            <dem:demandAddress>
               <dem:postcode>1030</dem:postcode>
               <dem:streetCode>3174</dem:streetCode>
               <dem:policeNumber>64</dem:policeNumber>
            </dem:demandAddress>
            <dem:demandPersons>
               <dem:person>
                <!--<dem:rrn>91120406960</dem:rrn>-->
                  <dem:lastname>Benjelloun</dem:lastname>
                  <dem:firstname>Ismail</dem:firstname>
                  <dem:birthdayYear>1989</dem:birthdayYear>
                  <dem:birthdayMonth>03</dem:birthdayMonth>
                  <dem:birthdayDay>02</dem:birthdayDay>
                  <dem:nationality>BE</dem:nationality>
                  <dem:gender>F</dem:gender>
                  <dem:isReferentPerson>true</dem:isReferentPerson>
               </dem:person>
            </dem:demandPersons>
            <dem:demandExtraInfos>
               <dem:address>
                  <dem:postcode>1030</dem:postcode>
                  <dem:streetCode>3174</dem:streetCode>
                  <dem:policeNumber>64</dem:policeNumber>
               </dem:address>
            </dem:demandExtraInfos>
         </dem:request>
      </dem:createDemandRequest>
   </soapenv:Body>
</soapenv:Envelope>]]></con:request><con:credentials><con:selectedAuthProfile>Basic</con:selectedAuthProfile><con:addedBasicAuthenticationTypes>Basic</con:addedBasicAuthenticationTypes><con:preemptive>false</con:preemptive><con:authType>Global HTTP Settings</con:authType></con:credentials><con:jmsConfig JMSDeliveryMode="PERSISTENT"/><con:jmsPropertyConfig/><con:wsaConfig mustUnderstand="NONE" version="200508" action="http://fidus.brussels/services/districtteamservice/createDemand"/><con:wsrmConfig version="1.2"/></con:call><con:call id="bf104994-0248-42e7-a28b-ed715e0f5093" name="3 - Test - Worker2 - Request" outgoingWss="OutFlow_TEST" incomingWss="inflow_TEST"><con:settings><con:setting id="com.eviware.soapui.impl.wsdl.WsdlRequest@request-headers">&lt;xml-fragment/></con:setting></con:settings><con:encoding>UTF-8</con:encoding><con:endpoint>https://192.168.24.45:8443/services/DistrictTeamService_v1.0</con:endpoint><con:request><![CDATA[<soapenv:Envelope xmlns:soapenv="http://schemas.xmlsoap.org/soap/envelope/" xmlns:v1="http://fidus.brussels/type/common/messages/v1" xmlns:dem="http://fidus.brussels/service/districtteamservice/messages/v1">
   <soapenv:Header/>
   <soapenv:Body>
      <dem:createDemandRequest>
         <dem:messageContext>
            <v1:messageId>${=import static java.util.UUID.randomUUID; uuid = randomUUID() as String}</v1:messageId>
            <v1:timestamp>${=new java.text.SimpleDateFormat("yyyy-MM-dd'T'HH:mm:ss.SSS").format(new Date())}</v1:timestamp>
         </dem:messageContext>
         <dem:legalContext>ServiceIntegrator</dem:legalContext>
         <dem:request>
            <dem:demandIdentificationData>
               <dem:procedure>AC-ZP</dem:procedure>
               <dem:sender>21015</dem:sender>
               <dem:recipient>5344</dem:recipient>
               <dem:type>CHANGE_RESIDENTIAL_ADDRESS</dem:type>
               <dem:identifier>1</dem:identifier>
               <dem:reference>Ref.</dem:reference>
            </dem:demandIdentificationData>
            <dem:demandInfos>
               <dem:date>2018-01-01</dem:date>
               <dem:language>FR</dem:language>
               <dem:priority>MEDIUM</dem:priority>
               <dem:contactPerson>Myriel</dem:contactPerson>
               <dem:contactEmail>machin.bidule@mail.be</dem:contactEmail>
               <dem:extraInformation>extra infos</dem:extraInformation>
            </dem:demandInfos>
            <dem:demandAddress>
               <dem:postcode>1030</dem:postcode>
               <dem:streetCode>3174</dem:streetCode>
               <dem:policeNumber>64</dem:policeNumber>
            </dem:demandAddress>
            <dem:demandPersons>
               <dem:person>
                  <!--<dem:rrn>91120406960</dem:rrn>-->
                  <dem:lastname>Benjelloun</dem:lastname>
                  <dem:firstname>Ismail</dem:firstname>
                  <dem:birthdayYear>1989</dem:birthdayYear>
                  <dem:birthdayMonth>03</dem:birthdayMonth>
                  <dem:birthdayDay>02</dem:birthdayDay>
                  <dem:nationality>BE</dem:nationality>
                  <dem:gender>F</dem:gender>
                  <dem:isReferentPerson>true</dem:isReferentPerson>
               </dem:person>
            </dem:demandPersons>
            <dem:demandExtraInfos>
               <dem:address>
                  <dem:postcode>1030</dem:postcode>
                  <dem:streetCode>3174</dem:streetCode>
                  <dem:policeNumber>64</dem:policeNumber>
               </dem:address>
            </dem:demandExtraInfos>
         </dem:request>
      </dem:createDemandRequest>
   </soapenv:Body>
</soapenv:Envelope>]]></con:request><con:credentials><con:selectedAuthProfile>Basic</con:selectedAuthProfile><con:addedBasicAuthenticationTypes>Basic</con:addedBasicAuthenticationTypes><con:preemptive>false</con:preemptive><con:authType>Global HTTP Settings</con:authType></con:credentials><con:jmsConfig JMSDeliveryMode="PERSISTENT"/><con:jmsPropertyConfig/><con:wsaConfig mustUnderstand="NONE" version="200508" action="http://fidus.brussels/services/districtteamservice/createDemand"/><con:wsrmConfig version="1.2"/></con:call><con:call id="0cf3b9a0-e09b-46b4-bd42-b2d2dcbc3260" name="3 - Test - LB - Request" outgoingWss="OutFlow_TEST" incomingWss="inflow_TEST"><con:settings><con:setting id="com.eviware.soapui.impl.wsdl.WsdlRequest@request-headers">&lt;xml-fragment/></con:setting></con:settings><con:encoding>UTF-8</con:encoding><con:endpoint>https://esb-security-gw.sta.srv.cirb.lan:8443/services/DistrictTeamService_v1.0</con:endpoint><con:request><![CDATA[<soapenv:Envelope xmlns:soapenv="http://schemas.xmlsoap.org/soap/envelope/" xmlns:v1="http://fidus.brussels/type/common/messages/v1" xmlns:dem="http://fidus.brussels/service/districtteamservice/messages/v1">
   <soapenv:Header/>
   <soapenv:Body>
      <dem:createDemandRequest>
         <dem:messageContext>
            <v1:messageId>${=import static java.util.UUID.randomUUID; uuid = randomUUID() as String}</v1:messageId>
            <v1:timestamp>${=new java.text.SimpleDateFormat("yyyy-MM-dd'T'HH:mm:ss.SSS").format(new Date())}</v1:timestamp>
         </dem:messageContext>
         <dem:legalContext>ServiceIntegrator</dem:legalContext>
         <dem:request>
            <dem:demandIdentificationData>
               <dem:procedure>AC-ZP</dem:procedure>
               <dem:sender>21015</dem:sender>
               <dem:recipient>5344</dem:recipient>
               <dem:type>CHANGE_RESIDENTIAL_ADDRESS</dem:type>
               <dem:identifier>1</dem:identifier>
               <dem:reference>Ref.</dem:reference>
            </dem:demandIdentificationData>
            <dem:demandInfos>
               <dem:date>2018-01-01</dem:date>
               <dem:language>FR</dem:language>
               <dem:priority>MEDIUM</dem:priority>
               <dem:contactPerson>Myriel</dem:contactPerson>
               <dem:contactEmail>machin.bidule@mail.be</dem:contactEmail>
               <dem:extraInformation>extra infos</dem:extraInformation>
            </dem:demandInfos>
            <dem:demandAddress>
               <dem:postcode>1030</dem:postcode>
               <dem:streetCode>3174</dem:streetCode>
               <dem:policeNumber>64</dem:policeNumber>
            </dem:demandAddress>
            <dem:demandPersons>
               <dem:person>
                  <dem:lastname>Benjelloun</dem:lastname>
                  <dem:firstname>Ismail</dem:firstname>
                  <dem:birthdayYear>1989</dem:birthdayYear>
                  <dem:birthdayMonth>03</dem:birthdayMonth>
                  <dem:birthdayDay>02</dem:birthdayDay>
                  <dem:nationality>BE</dem:nationality>
                  <dem:gender>F</dem:gender>
                  <dem:isReferentPerson>true</dem:isReferentPerson>
               </dem:person>
            </dem:demandPersons>
            <dem:demandExtraInfos>
               <dem:address>
                  <dem:postcode>1030</dem:postcode>
                  <dem:streetCode>3174</dem:streetCode>
                  <dem:policeNumber>64</dem:policeNumber>
               </dem:address>
            </dem:demandExtraInfos>
         </dem:request>
      </dem:createDemandRequest>
   </soapenv:Body>
</soapenv:Envelope>]]></con:request><con:credentials><con:selectedAuthProfile>Basic</con:selectedAuthProfile><con:addedBasicAuthenticationTypes>Basic</con:addedBasicAuthenticationTypes><con:preemptive>false</con:preemptive><con:authType>Global HTTP Settings</con:authType></con:credentials><con:jmsConfig JMSDeliveryMode="PERSISTENT"/><con:jmsPropertyConfig/><con:wsaConfig mustUnderstand="NONE" version="200508" action="http://fidus.brussels/services/districtteamservice/createDemand"/><con:wsrmConfig version="1.2"/></con:call><con:call id="dbdfcccf-f424-42d3-8df9-4920a36fbf71" name="4 - Staging - External - Request"><con:settings><con:setting id="com.eviware.soapui.impl.wsdl.WsdlRequest@request-headers">&lt;xml-fragment/></con:setting></con:settings><con:encoding>UTF-8</con:encoding><con:endpoint>https://fidus.irisnetlab.be/services/services/DistrictTeamService_v1.0</con:endpoint><con:request><![CDATA[<soapenv:Envelope xmlns:soapenv="http://schemas.xmlsoap.org/soap/envelope/" xmlns:v1="http://fidus.brussels/type/common/messages/v1" xmlns:dem="http://fidus.brussels/service/districtteamservice/messages/v1">
   <soapenv:Header/>
   <soapenv:Body>
      <dem:createDemandRequest>
         <dem:messageContext>
            <v1:messageId>${=import static java.util.UUID.randomUUID; uuid = randomUUID() as String}</v1:messageId>
            <v1:timestamp>${=new java.text.SimpleDateFormat("yyyy-MM-dd'T'HH:mm:ss.SSS").format(new Date())}</v1:timestamp>
         </dem:messageContext>
         <dem:legalContext>ServiceIntegrator</dem:legalContext>
         <dem:request>
            <dem:demandIdentificationData>
               <dem:procedure>AC-ZP</dem:procedure>
               <dem:sender>21015</dem:sender>
               <dem:recipient>5344</dem:recipient>
               <dem:type>CHANGE_RESIDENTIAL_ADDRESS</dem:type>
               <dem:identifier>1</dem:identifier>
               <dem:reference>Ref.</dem:reference>
            </dem:demandIdentificationData>
            <dem:demandInfos>
               <dem:date>2018-01-01</dem:date>
               <dem:language>FR</dem:language>
               <dem:priority>MEDIUM</dem:priority>
               <dem:contactPerson>Myriel</dem:contactPerson>
               <dem:contactEmail>machin.bidule@mail.be</dem:contactEmail>
               <dem:extraInformation>extra infos</dem:extraInformation>
            </dem:demandInfos>
            <dem:demandAddress>
               <dem:postcode>1030</dem:postcode>
               <dem:streetCode>3174</dem:streetCode>
               <dem:policeNumber>64</dem:policeNumber>
            </dem:demandAddress>
            <dem:demandPersons>
               <dem:person>
                  <dem:lastname>Benjelloun</dem:lastname>
                  <dem:firstname>Ismail</dem:firstname>
                  <dem:birthdayYear>1989</dem:birthdayYear>
                  <dem:birthdayMonth>03</dem:birthdayMonth>
                  <dem:birthdayDay>02</dem:birthdayDay>
                  <dem:nationality>BE</dem:nationality>
                  <dem:gender>F</dem:gender>
                  <dem:isReferentPerson>true</dem:isReferentPerson>
               </dem:person>
            </dem:demandPersons>
            <dem:demandExtraInfos>
               <dem:address>
                  <dem:postcode>1030</dem:postcode>
                  <dem:streetCode>3174</dem:streetCode>
                  <dem:policeNumber>64</dem:policeNumber>
               </dem:address>
            </dem:demandExtraInfos>
         </dem:request>
      </dem:createDemandRequest>
   </soapenv:Body>
</soapenv:Envelope>]]></con:request><con:credentials><con:selectedAuthProfile>Basic</con:selectedAuthProfile><con:addedBasicAuthenticationTypes>Basic</con:addedBasicAuthenticationTypes><con:preemptive>false</con:preemptive><con:authType>Global HTTP Settings</con:authType></con:credentials><con:jmsConfig JMSDeliveryMode="PERSISTENT"/><con:jmsPropertyConfig/><con:wsaConfig mustUnderstand="NONE" version="200508" action="http://fidus.brussels/services/districtteamservice/createDemand"/><con:wsrmConfig version="1.2"/></con:call><con:call id="dbcbf42d-4b9a-4930-9c2f-70048fcf1a20" name="4 - Staging - LB - Request"><con:settings><con:setting id="com.eviware.soapui.impl.wsdl.WsdlRequest@request-headers">&lt;xml-fragment/></con:setting></con:settings><con:encoding>UTF-8</con:encoding><con:endpoint>https://fidus-esb-sg.sta.srv.cirb.lan:8443/services/DistrictTeamService_v1.0</con:endpoint><con:request><![CDATA[<soapenv:Envelope xmlns:soapenv="http://schemas.xmlsoap.org/soap/envelope/" xmlns:v1="http://fidus.brussels/type/common/messages/v1" xmlns:dem="http://fidus.brussels/service/districtteamservice/messages/v1">
   <soapenv:Header/>
   <soapenv:Body>
      <dem:createDemandRequest>
         <dem:messageContext>
            <v1:messageId>${=import static java.util.UUID.randomUUID; uuid = randomUUID() as String}</v1:messageId>
            <v1:timestamp>${=new java.text.SimpleDateFormat("yyyy-MM-dd'T'HH:mm:ss.SSS").format(new Date())}</v1:timestamp>
         </dem:messageContext>
         <dem:legalContext>ServiceIntegrator</dem:legalContext>
         <dem:request>
            <dem:demandIdentificationData>
               <dem:procedure>AC-ZP</dem:procedure>
               <dem:sender>21015</dem:sender>
               <dem:recipient>5344</dem:recipient>
               <dem:type>CHANGE_RESIDENTIAL_ADDRESS</dem:type>
               <dem:identifier>1</dem:identifier>
               <dem:reference>Ref.</dem:reference>
            </dem:demandIdentificationData>
            <dem:demandInfos>
               <dem:date>2018-01-01</dem:date>
               <dem:language>FR</dem:language>
               <dem:priority>MEDIUM</dem:priority>
               <dem:contactPerson>Myriel</dem:contactPerson>
               <dem:contactEmail>machin.bidule@mail.be</dem:contactEmail>
               <dem:extraInformation>extra infos</dem:extraInformation>
            </dem:demandInfos>
            <dem:demandAddress>
               <dem:postcode>1030</dem:postcode>
               <dem:streetCode>3174</dem:streetCode>
               <dem:policeNumber>64</dem:policeNumber>
            </dem:demandAddress>
            <dem:demandPersons>
               <dem:person>
                  <dem:lastname>Benjelloun</dem:lastname>
                  <dem:firstname>Ismail</dem:firstname>
                  <dem:birthdayYear>1989</dem:birthdayYear>
                  <dem:birthdayMonth>03</dem:birthdayMonth>
                  <dem:birthdayDay>02</dem:birthdayDay>
                  <dem:nationality>BE</dem:nationality>
                  <dem:gender>F</dem:gender>
                  <dem:isReferentPerson>true</dem:isReferentPerson>
               </dem:person>
            </dem:demandPersons>
            <dem:demandExtraInfos>
               <dem:address>
                  <dem:postcode>1030</dem:postcode>
                  <dem:streetCode>3174</dem:streetCode>
                  <dem:policeNumber>64</dem:policeNumber>
               </dem:address>
            </dem:demandExtraInfos>
         </dem:request>
      </dem:createDemandRequest>
   </soapenv:Body>
</soapenv:Envelope>]]></con:request><con:credentials><con:selectedAuthProfile>Basic</con:selectedAuthProfile><con:addedBasicAuthenticationTypes>Basic</con:addedBasicAuthenticationTypes><con:preemptive>false</con:preemptive><con:authType>Global HTTP Settings</con:authType></con:credentials><con:jmsConfig JMSDeliveryMode="PERSISTENT"/><con:jmsPropertyConfig/><con:wsaConfig mustUnderstand="NONE" version="200508" action="http://fidus.brussels/services/districtteamservice/createDemand"/><con:wsrmConfig version="1.2"/></con:call><con:call id="0e4177ce-ab81-4f28-82c6-3cdea552e5e1" name="4 - Staging - Worker1 - Request"><con:settings><con:setting id="com.eviware.soapui.impl.wsdl.WsdlRequest@request-headers">&lt;xml-fragment/></con:setting></con:settings><con:encoding>UTF-8</con:encoding><con:endpoint>https://192.168.24.16:8443/services/DistrictTeamService_v1.0</con:endpoint><con:request><![CDATA[<soapenv:Envelope xmlns:soapenv="http://schemas.xmlsoap.org/soap/envelope/" xmlns:v1="http://fidus.brussels/type/common/messages/v1" xmlns:dem="http://fidus.brussels/service/districtteamservice/messages/v1">
   <soapenv:Header/>
   <soapenv:Body>
      <dem:createDemandRequest>
         <dem:messageContext>
            <v1:messageId>${=import static java.util.UUID.randomUUID; uuid = randomUUID() as String}</v1:messageId>
            <v1:timestamp>${=new java.text.SimpleDateFormat("yyyy-MM-dd'T'HH:mm:ss.SSS").format(new Date())}</v1:timestamp>
         </dem:messageContext>
         <dem:legalContext>ServiceIntegrator</dem:legalContext>
         <dem:request>
            <dem:demandIdentificationData>
               <dem:procedure>AC-ZP</dem:procedure>
               <dem:sender>21015</dem:sender>
               <dem:recipient>5344</dem:recipient>
               <dem:type>CHANGE_RESIDENTIAL_ADDRESS</dem:type>
               <dem:identifier>1</dem:identifier>
               <dem:reference>Ref.</dem:reference>
            </dem:demandIdentificationData>
            <dem:demandInfos>
               <dem:date>2018-01-01</dem:date>
               <dem:language>FR</dem:language>
               <dem:priority>MEDIUM</dem:priority>
               <dem:contactPerson>Myriel</dem:contactPerson>
               <dem:contactEmail>machin.bidule@mail.be</dem:contactEmail>
               <dem:extraInformation>extra infos</dem:extraInformation>
            </dem:demandInfos>
            <dem:demandAddress>
               <dem:postcode>1030</dem:postcode>
               <dem:streetCode>3174</dem:streetCode>
               <dem:policeNumber>64</dem:policeNumber>
            </dem:demandAddress>
            <dem:demandPersons>
               <dem:person>
                <!--<dem:rrn>91120406960</dem:rrn>-->
                  <dem:lastname>Benjelloun</dem:lastname>
                  <dem:firstname>Ismail</dem:firstname>
                  <dem:birthdayYear>1989</dem:birthdayYear>
                  <dem:birthdayMonth>03</dem:birthdayMonth>
                  <dem:birthdayDay>02</dem:birthdayDay>
                  <dem:nationality>BE</dem:nationality>
                  <dem:gender>F</dem:gender>
                  <dem:isReferentPerson>true</dem:isReferentPerson>
               </dem:person>
            </dem:demandPersons>
            <dem:demandExtraInfos>
               <dem:address>
                  <dem:postcode>1030</dem:postcode>
                  <dem:streetCode>3174</dem:streetCode>
                  <dem:policeNumber>64</dem:policeNumber>
               </dem:address>
            </dem:demandExtraInfos>
         </dem:request>
      </dem:createDemandRequest>
   </soapenv:Body>
</soapenv:Envelope>]]></con:request><con:credentials><con:selectedAuthProfile>Basic</con:selectedAuthProfile><con:addedBasicAuthenticationTypes>Basic</con:addedBasicAuthenticationTypes><con:preemptive>false</con:preemptive><con:authType>Global HTTP Settings</con:authType></con:credentials><con:jmsConfig JMSDeliveryMode="PERSISTENT"/><con:jmsPropertyConfig/><con:wsaConfig mustUnderstand="NONE" version="200508" action="http://fidus.brussels/services/districtteamservice/createDemand"/><con:wsrmConfig version="1.2"/></con:call><con:call id="d7cede91-fe89-48a7-a728-f3d208b9c95d" name="4 - Staging - Worker2 - Request"><con:settings><con:setting id="com.eviware.soapui.impl.wsdl.WsdlRequest@request-headers">&lt;xml-fragment/></con:setting></con:settings><con:encoding>UTF-8</con:encoding><con:endpoint>https://192.168.24.17:8443/services/DistrictTeamService_v1.0</con:endpoint><con:request><![CDATA[<soapenv:Envelope xmlns:soapenv="http://schemas.xmlsoap.org/soap/envelope/" xmlns:v1="http://fidus.brussels/type/common/messages/v1" xmlns:dem="http://fidus.brussels/service/districtteamservice/messages/v1">
   <soapenv:Header/>
   <soapenv:Body>
      <dem:createDemandRequest>
         <dem:messageContext>
            <v1:messageId>${=import static java.util.UUID.randomUUID; uuid = randomUUID() as String}</v1:messageId>
            <v1:timestamp>${=new java.text.SimpleDateFormat("yyyy-MM-dd'T'HH:mm:ss.SSS").format(new Date())}</v1:timestamp>
         </dem:messageContext>
         <dem:legalContext>ServiceIntegrator</dem:legalContext>
         <dem:request>
            <dem:demandIdentificationData>
               <dem:procedure>AC-ZP</dem:procedure>
               <dem:sender>21015</dem:sender>
               <dem:recipient>5344</dem:recipient>
               <dem:type>CHANGE_RESIDENTIAL_ADDRESS</dem:type>
               <dem:identifier>1</dem:identifier>
               <dem:reference>Ref.</dem:reference>
            </dem:demandIdentificationData>
            <dem:demandInfos>
               <dem:date>2018-01-01</dem:date>
               <dem:language>FR</dem:language>
               <dem:priority>MEDIUM</dem:priority>
               <dem:contactPerson>Myriel</dem:contactPerson>
               <dem:contactEmail>machin.bidule@mail.be</dem:contactEmail>
               <dem:extraInformation>extra infos</dem:extraInformation>
            </dem:demandInfos>
            <dem:demandAddress>
               <dem:postcode>1030</dem:postcode>
               <dem:streetCode>3174</dem:streetCode>
               <dem:policeNumber>64</dem:policeNumber>
            </dem:demandAddress>
            <dem:demandPersons>
               <dem:person>
                <!--<dem:rrn>91120406960</dem:rrn>-->
                  <dem:lastname>Benjelloun</dem:lastname>
                  <dem:firstname>Ismail</dem:firstname>
                  <dem:birthdayYear>1989</dem:birthdayYear>
                  <dem:birthdayMonth>03</dem:birthdayMonth>
                  <dem:birthdayDay>02</dem:birthdayDay>
                  <dem:nationality>BE</dem:nationality>
                  <dem:gender>F</dem:gender>
                  <dem:isReferentPerson>true</dem:isReferentPerson>
               </dem:person>
            </dem:demandPersons>
            <dem:demandExtraInfos>
               <dem:address>
                  <dem:postcode>1030</dem:postcode>
                  <dem:streetCode>3174</dem:streetCode>
                  <dem:policeNumber>64</dem:policeNumber>
               </dem:address>
            </dem:demandExtraInfos>
         </dem:request>
      </dem:createDemandRequest>
   </soapenv:Body>
</soapenv:Envelope>]]></con:request><con:credentials><con:selectedAuthProfile>Basic</con:selectedAuthProfile><con:addedBasicAuthenticationTypes>Basic</con:addedBasicAuthenticationTypes><con:preemptive>false</con:preemptive><con:authType>Global HTTP Settings</con:authType></con:credentials><con:jmsConfig JMSDeliveryMode="PERSISTENT"/><con:jmsPropertyConfig/><con:wsaConfig mustUnderstand="NONE" version="200508" action="http://fidus.brussels/services/districtteamservice/createDemand"/><con:wsrmConfig version="1.2"/></con:call><con:call id="ac5f2614-3e92-455c-b30b-7ad474bbae20" name="5 - Prod - External - Request"><con:settings><con:setting id="com.eviware.soapui.impl.wsdl.WsdlRequest@request-headers">&lt;xml-fragment/></con:setting></con:settings><con:encoding>UTF-8</con:encoding><con:endpoint>https://fidus.sec.brussels/services/services/DistrictTeamService_v1.0</con:endpoint><con:request><![CDATA[<soapenv:Envelope xmlns:soapenv="http://schemas.xmlsoap.org/soap/envelope/" xmlns:v1="http://fidus.brussels/type/common/messages/v1" xmlns:dem="http://fidus.brussels/service/districtteamservice/messages/v1">
   <soapenv:Header/>
   <soapenv:Body>
      <dem:createDemandRequest>
         <dem:messageContext>
            <v1:messageId>${=import static java.util.UUID.randomUUID; uuid = randomUUID() as String}</v1:messageId>
            <v1:timestamp>${=new java.text.SimpleDateFormat("yyyy-MM-dd'T'HH:mm:ss.SSS").format(new Date())}</v1:timestamp>
         </dem:messageContext>
         <dem:legalContext>ServiceIntegrator</dem:legalContext>
         <dem:request>
            <dem:demandIdentificationData>
               <dem:procedure>AC-ZP</dem:procedure>
               <dem:sender>21015</dem:sender>
               <dem:recipient>5344</dem:recipient>
               <dem:type>CHANGE_RESIDENTIAL_ADDRESS</dem:type>
               <dem:identifier>1</dem:identifier>
               <dem:reference>Ref.</dem:reference>
            </dem:demandIdentificationData>
            <dem:demandInfos>
               <dem:date>2018-01-01</dem:date>
               <dem:language>FR</dem:language>
               <dem:priority>MEDIUM</dem:priority>
               <dem:contactPerson>Myriel</dem:contactPerson>
               <dem:contactEmail>machin.bidule@mail.be</dem:contactEmail>
               <dem:extraInformation>extra infos</dem:extraInformation>
            </dem:demandInfos>
            <dem:demandAddress>
               <dem:postcode>1030</dem:postcode>
               <dem:streetCode>3174</dem:streetCode>
               <dem:policeNumber>64</dem:policeNumber>
            </dem:demandAddress>
            <dem:demandPersons>
               <dem:person>
                  <dem:lastname>Benjelloun</dem:lastname>
                  <dem:firstname>Ismail</dem:firstname>
                  <dem:birthdayYear>1989</dem:birthdayYear>
                  <dem:birthdayMonth>03</dem:birthdayMonth>
                  <dem:birthdayDay>02</dem:birthdayDay>
                  <dem:nationality>BE</dem:nationality>
                  <dem:gender>F</dem:gender>
                  <dem:isReferentPerson>true</dem:isReferentPerson>
               </dem:person>
            </dem:demandPersons>
            <dem:demandExtraInfos>
               <dem:address>
                  <dem:postcode>1030</dem:postcode>
                  <dem:streetCode>3174</dem:streetCode>
                  <dem:policeNumber>64</dem:policeNumber>
               </dem:address>
            </dem:demandExtraInfos>
         </dem:request>
      </dem:createDemandRequest>
   </soapenv:Body>
</soapenv:Envelope>]]></con:request><con:credentials><con:selectedAuthProfile>Basic</con:selectedAuthProfile><con:addedBasicAuthenticationTypes>Basic</con:addedBasicAuthenticationTypes><con:preemptive>false</con:preemptive><con:authType>Global HTTP Settings</con:authType></con:credentials><con:jmsConfig JMSDeliveryMode="PERSISTENT"/><con:jmsPropertyConfig/><con:wsaConfig mustUnderstand="NONE" version="200508" action="http://fidus.brussels/services/districtteamservice/createDemand"/><con:wsrmConfig version="1.2"/></con:call><con:call id="a110954e-0b38-4d9c-af11-56d7d71d37d2" name="5 - Prod - LB - Request"><con:settings><con:setting id="com.eviware.soapui.impl.wsdl.WsdlRequest@request-headers">&lt;xml-fragment/></con:setting></con:settings><con:encoding>UTF-8</con:encoding><con:endpoint>https://fidus-esb-sg.prd.srv.cirb.lan:8443/services/DistrictTeamService_v1.0</con:endpoint><con:request><![CDATA[<soapenv:Envelope xmlns:soapenv="http://schemas.xmlsoap.org/soap/envelope/" xmlns:v1="http://fidus.brussels/type/common/messages/v1" xmlns:dem="http://fidus.brussels/service/districtteamservice/messages/v1">
   <soapenv:Header/>
   <soapenv:Body>
      <dem:createDemandRequest>
         <dem:messageContext>
            <v1:messageId>${=import static java.util.UUID.randomUUID; uuid = randomUUID() as String}</v1:messageId>
            <v1:timestamp>${=new java.text.SimpleDateFormat("yyyy-MM-dd'T'HH:mm:ss.SSS").format(new Date())}</v1:timestamp>
         </dem:messageContext>
         <dem:legalContext>ServiceIntegrator</dem:legalContext>
         <dem:request>
            <dem:demandIdentificationData>
               <dem:procedure>AC-ZP</dem:procedure>
               <dem:sender>21015</dem:sender>
               <dem:recipient>5344</dem:recipient>
               <dem:type>CHANGE_RESIDENTIAL_ADDRESS</dem:type>
               <dem:identifier>1</dem:identifier>
               <dem:reference>Ref.</dem:reference>
            </dem:demandIdentificationData>
            <dem:demandInfos>
               <dem:date>2018-01-01</dem:date>
               <dem:language>FR</dem:language>
               <dem:priority>MEDIUM</dem:priority>
               <dem:contactPerson>Myriel</dem:contactPerson>
               <dem:contactEmail>machin.bidule@mail.be</dem:contactEmail>
               <dem:extraInformation>extra infos</dem:extraInformation>
            </dem:demandInfos>
            <dem:demandAddress>
               <dem:postcode>1030</dem:postcode>
               <dem:streetCode>3174</dem:streetCode>
               <dem:policeNumber>64</dem:policeNumber>
            </dem:demandAddress>
            <dem:demandPersons>
               <dem:person>
                  <dem:lastname>Benjelloun</dem:lastname>
                  <dem:firstname>Ismail</dem:firstname>
                  <dem:birthdayYear>1989</dem:birthdayYear>
                  <dem:birthdayMonth>03</dem:birthdayMonth>
                  <dem:birthdayDay>02</dem:birthdayDay>
                  <dem:nationality>BE</dem:nationality>
                  <dem:gender>F</dem:gender>
                  <dem:isReferentPerson>true</dem:isReferentPerson>
               </dem:person>
            </dem:demandPersons>
            <dem:demandExtraInfos>
               <dem:address>
                  <dem:postcode>1030</dem:postcode>
                  <dem:streetCode>3174</dem:streetCode>
                  <dem:policeNumber>64</dem:policeNumber>
               </dem:address>
            </dem:demandExtraInfos>
         </dem:request>
      </dem:createDemandRequest>
   </soapenv:Body>
</soapenv:Envelope>]]></con:request><con:credentials><con:selectedAuthProfile>Basic</con:selectedAuthProfile><con:addedBasicAuthenticationTypes>Basic</con:addedBasicAuthenticationTypes><con:preemptive>false</con:preemptive><con:authType>Global HTTP Settings</con:authType></con:credentials><con:jmsConfig JMSDeliveryMode="PERSISTENT"/><con:jmsPropertyConfig/><con:wsaConfig mustUnderstand="NONE" version="200508" action="http://fidus.brussels/services/districtteamservice/createDemand"/><con:wsrmConfig version="1.2"/></con:call><con:call id="906e1cb9-5702-4929-84dc-715109b57cb0" name="5 - Prod - Worker1 - Request"><con:settings><con:setting id="com.eviware.soapui.impl.wsdl.WsdlRequest@request-headers">&lt;xml-fragment/></con:setting></con:settings><con:encoding>UTF-8</con:encoding><con:endpoint>https://192.168.26.22:8443/services/DistrictTeamService_v1.0</con:endpoint><con:request><![CDATA[<soapenv:Envelope xmlns:soapenv="http://schemas.xmlsoap.org/soap/envelope/" xmlns:v1="http://fidus.brussels/type/common/messages/v1" xmlns:dem="http://fidus.brussels/service/districtteamservice/messages/v1">
   <soapenv:Header/>
   <soapenv:Body>
      <dem:createDemandRequest>
         <dem:messageContext>
            <v1:messageId>${=import static java.util.UUID.randomUUID; uuid = randomUUID() as String}</v1:messageId>
            <v1:timestamp>${=new java.text.SimpleDateFormat("yyyy-MM-dd'T'HH:mm:ss.SSS").format(new Date())}</v1:timestamp>
         </dem:messageContext>
         <dem:legalContext>ServiceIntegrator</dem:legalContext>
         <dem:request>
            <dem:demandIdentificationData>
               <dem:procedure>AC-ZP</dem:procedure>
               <dem:sender>21015</dem:sender>
               <dem:recipient>5344</dem:recipient>
               <dem:type>CHANGE_RESIDENTIAL_ADDRESS</dem:type>
               <dem:identifier>1</dem:identifier>
               <dem:reference>Ref.</dem:reference>
            </dem:demandIdentificationData>
            <dem:demandInfos>
               <dem:date>2018-01-01</dem:date>
               <dem:language>FR</dem:language>
               <dem:priority>MEDIUM</dem:priority>
               <dem:contactPerson>Myriel</dem:contactPerson>
               <dem:contactEmail>machin.bidule@mail.be</dem:contactEmail>
               <dem:extraInformation>extra infos</dem:extraInformation>
            </dem:demandInfos>
            <dem:demandAddress>
               <dem:postcode>1030</dem:postcode>
               <dem:streetCode>3174</dem:streetCode>
               <dem:policeNumber>64</dem:policeNumber>
            </dem:demandAddress>
            <dem:demandPersons>
               <dem:person>
                <!--<dem:rrn>91120406960</dem:rrn>-->
                  <dem:lastname>Benjelloun</dem:lastname>
                  <dem:firstname>Ismail</dem:firstname>
                  <dem:birthdayYear>1989</dem:birthdayYear>
                  <dem:birthdayMonth>03</dem:birthdayMonth>
                  <dem:birthdayDay>02</dem:birthdayDay>
                  <dem:nationality>BE</dem:nationality>
                  <dem:gender>F</dem:gender>
                  <dem:isReferentPerson>true</dem:isReferentPerson>
               </dem:person>
            </dem:demandPersons>
            <dem:demandExtraInfos>
               <dem:address>
                  <dem:postcode>1030</dem:postcode>
                  <dem:streetCode>3174</dem:streetCode>
                  <dem:policeNumber>64</dem:policeNumber>
               </dem:address>
            </dem:demandExtraInfos>
         </dem:request>
      </dem:createDemandRequest>
   </soapenv:Body>
</soapenv:Envelope>]]></con:request><con:credentials><con:selectedAuthProfile>Basic</con:selectedAuthProfile><con:addedBasicAuthenticationTypes>Basic</con:addedBasicAuthenticationTypes><con:preemptive>false</con:preemptive><con:authType>Global HTTP Settings</con:authType></con:credentials><con:jmsConfig JMSDeliveryMode="PERSISTENT"/><con:jmsPropertyConfig/><con:wsaConfig mustUnderstand="NONE" version="200508" action="http://fidus.brussels/services/districtteamservice/createDemand"/><con:wsrmConfig version="1.2"/></con:call><con:call id="2ecfc011-872d-4e62-90a4-9a62387e9526" name="5 - Prod - Worker2 - Request"><con:settings><con:setting id="com.eviware.soapui.impl.wsdl.WsdlRequest@request-headers">&lt;xml-fragment/></con:setting></con:settings><con:encoding>UTF-8</con:encoding><con:endpoint>https://192.168.26.19:8443/services/DistrictTeamService_v1.0</con:endpoint><con:request><![CDATA[<soapenv:Envelope xmlns:soapenv="http://schemas.xmlsoap.org/soap/envelope/" xmlns:v1="http://fidus.brussels/type/common/messages/v1" xmlns:dem="http://fidus.brussels/service/districtteamservice/messages/v1">
   <soapenv:Header/>
   <soapenv:Body>
      <dem:createDemandRequest>
         <dem:messageContext>
            <v1:messageId>${=import static java.util.UUID.randomUUID; uuid = randomUUID() as String}</v1:messageId>
            <v1:timestamp>${=new java.text.SimpleDateFormat("yyyy-MM-dd'T'HH:mm:ss.SSS").format(new Date())}</v1:timestamp>
         </dem:messageContext>
         <dem:legalContext>ServiceIntegrator</dem:legalContext>
         <dem:request>
            <dem:demandIdentificationData>
               <dem:procedure>AC-ZP</dem:procedure>
               <dem:sender>21015</dem:sender>
               <dem:recipient>5344</dem:recipient>
               <dem:type>CHANGE_RESIDENTIAL_ADDRESS</dem:type>
               <dem:identifier>1</dem:identifier>
               <dem:reference>Ref.</dem:reference>
            </dem:demandIdentificationData>
            <dem:demandInfos>
               <dem:date>2018-01-01</dem:date>
               <dem:language>FR</dem:language>
               <dem:priority>MEDIUM</dem:priority>
               <dem:contactPerson>Myriel</dem:contactPerson>
               <dem:contactEmail>machin.bidule@mail.be</dem:contactEmail>
               <dem:extraInformation>extra infos</dem:extraInformation>
            </dem:demandInfos>
            <dem:demandAddress>
               <dem:postcode>1030</dem:postcode>
               <dem:streetCode>3174</dem:streetCode>
               <dem:policeNumber>64</dem:policeNumber>
            </dem:demandAddress>
            <dem:demandPersons>
               <dem:person>
                <!--<dem:rrn>91120406960</dem:rrn>-->
                  <dem:lastname>Benjelloun</dem:lastname>
                  <dem:firstname>Ismail</dem:firstname>
                  <dem:birthdayYear>1989</dem:birthdayYear>
                  <dem:birthdayMonth>03</dem:birthdayMonth>
                  <dem:birthdayDay>02</dem:birthdayDay>
                  <dem:nationality>BE</dem:nationality>
                  <dem:gender>F</dem:gender>
                  <dem:isReferentPerson>true</dem:isReferentPerson>
               </dem:person>
            </dem:demandPersons>
            <dem:demandExtraInfos>
               <dem:address>
                  <dem:postcode>1030</dem:postcode>
                  <dem:streetCode>3174</dem:streetCode>
                  <dem:policeNumber>64</dem:policeNumber>
               </dem:address>
            </dem:demandExtraInfos>
         </dem:request>
      </dem:createDemandRequest>
   </soapenv:Body>
</soapenv:Envelope>]]></con:request><con:credentials><con:selectedAuthProfile>Basic</con:selectedAuthProfile><con:addedBasicAuthenticationTypes>Basic</con:addedBasicAuthenticationTypes><con:preemptive>false</con:preemptive><con:authType>Global HTTP Settings</con:authType></con:credentials><con:jmsConfig JMSDeliveryMode="PERSISTENT"/><con:jmsPropertyConfig/><con:wsaConfig mustUnderstand="NONE" version="200508" action="http://fidus.brussels/services/districtteamservice/createDemand"/><con:wsrmConfig version="1.2"/></con:call></con:operation></con:interface><con:testSuite id="45424fa4-9871-4d65-b0d2-99aaf8743111" name="DEV"><con:settings/><con:runType>SEQUENTIAL</con:runType><con:testCase id="adee4faf-9494-4412-bbcf-5460084ffe13" failOnError="true" failTestCaseOnErrors="true" keepSession="false" maxResults="0" name="createDemand" searchProperties="true"><con:settings/><con:testStep type="request" id="b31abc7e-1a33-4c57-a2bd-d13b70b86290" name="testcase2 - Dev - Request"><con:settings/><con:config xsi:type="con:RequestStep" xmlns:xsi="http://www.w3.org/2001/XMLSchema-instance"><con:interface>DistrictTeamServiceHTTPBinding</con:interface><con:operation>createDemand</con:operation><con:request name="testcase2 - Dev - Request" id="bd97709d-2ad2-4187-b0dc-9299ee06482f" outgoingWss="Outflow DEV"><con:settings/><con:encoding>UTF-8</con:encoding><con:endpoint>https://192.168.36.61:8243/services/DistrictTeamService_v1.0</con:endpoint><con:request><![CDATA[<soapenv:Envelope xmlns:soapenv="http://schemas.xmlsoap.org/soap/envelope/" xmlns:v1="http://fidus.brussels/type/common/messages/v1" xmlns:dem="http://fidus.brussels/service/districtteamservice/messages/v1">
   <soapenv:Header/>
   <soapenv:Body>
      <dem:createDemandRequest>
         <dem:messageContext>
            <v1:messageId>${=import static java.util.UUID.randomUUID; uuid = randomUUID() as String}</v1:messageId>
            <v1:timestamp>${=new java.text.SimpleDateFormat("yyyy-MM-dd'T'HH:mm:ss.SSS").format(new Date())}</v1:timestamp>
         </dem:messageContext>
         <dem:legalContext>ServiceIntegrator</dem:legalContext>
         <dem:request>
            <dem:demandIdentificationData>
               <dem:procedure>AC-ZP</dem:procedure>
               <dem:sender>21015</dem:sender>
               <dem:recipient>5344</dem:recipient>
               <dem:type>CHANGE_RESIDENTIAL_ADDRESS</dem:type>
               <dem:identifier>1</dem:identifier>
               <dem:reference>Ref.</dem:reference>
            </dem:demandIdentificationData>
            <dem:demandInfos>
               <dem:date>2018-01-01</dem:date>
               <dem:language>FR</dem:language>
               <dem:priority>MEDIUM</dem:priority>
               <dem:contactPerson>Myriel</dem:contactPerson>
               <dem:contactEmail>machin.bidule@mail.be</dem:contactEmail>
               <dem:extraInformation>extra infos</dem:extraInformation>
            </dem:demandInfos>
            <dem:demandAddress>
               <dem:postcode>1030</dem:postcode>
               <dem:streetCode>3174</dem:streetCode>
               <dem:policeNumber>64</dem:policeNumber>
            </dem:demandAddress>
            <dem:demandPersons>
               <dem:person>
                  <dem:lastname>Benjelloun</dem:lastname>
                  <dem:firstname>Ismail</dem:firstname>
                  <dem:birthdayYear>1989</dem:birthdayYear>
                  <dem:birthdayMonth>03</dem:birthdayMonth>
                  <dem:birthdayDay>02</dem:birthdayDay>
                  <dem:nationality>BE</dem:nationality>
                  <dem:gender>F</dem:gender>
                  <dem:isReferentPerson>true</dem:isReferentPerson>
               </dem:person>
            </dem:demandPersons>
            <dem:demandExtraInfos>
               <dem:address>
                  <dem:postcode>1030</dem:postcode>
                  <dem:streetCode>3174</dem:streetCode>
                  <dem:policeNumber>64</dem:policeNumber>
               </dem:address>
            </dem:demandExtraInfos>
         </dem:request>
      </dem:createDemandRequest>
   </soapenv:Body>
</soapenv:Envelope>]]></con:request><con:assertion type="SOAP Fault Assertion" id="5c7359ea-803b-4019-b106-8cf20903ae3a" name="Not SOAP Fault"/><con:assertion type="SOAP Response" id="c00655be-e989-4a78-8973-6bd8b76448a8" name="SOAP Response"/><con:assertion type="Schema Compliance" id="b6fa518a-34f3-4755-b4b1-af3092a9ec0b" name="Schema Compliance"><con:configuration/></con:assertion><con:wsaConfig action="http://fidus.brussels/services/districtteamservice/createDemand"/></con:request></con:config></con:testStep><con:properties/></con:testCase><con:properties/></con:testSuite><con:testSuite id="1f37b80d-86f0-4a1f-9199-c3e8b1bf0dcd" name="TEST"><con:settings/><con:runType>SEQUENTIAL</con:runType><con:testCase id="c6415d12-3e25-45a9-b252-99bb822e5d78" failOnError="true" failTestCaseOnErrors="true" keepSession="false" maxResults="0" name="createDemand" searchProperties="true"><con:settings/><con:testStep type="request" id="30a4287a-5054-4a35-9918-ffac08d10d17" name="testcase3 - Test - External - Request"><con:settings/><con:config xsi:type="con:RequestStep" xmlns:xsi="http://www.w3.org/2001/XMLSchema-instance"><con:interface>DistrictTeamServiceHTTPBinding</con:interface><con:operation>createDemand</con:operation><con:request name="testcase3 - Test - External - Request" id="ea0c4415-d4cb-4daa-9a00-b979ab37c71c" outgoingWss="Outflow TEST"><con:settings/><con:encoding>UTF-8</con:encoding><con:endpoint>https://fidus-test.irisnetlab.be/services/DistrictTeamService_v1.0</con:endpoint><con:request><![CDATA[<soapenv:Envelope xmlns:soapenv="http://schemas.xmlsoap.org/soap/envelope/" xmlns:v1="http://fidus.brussels/type/common/messages/v1" xmlns:dem="http://fidus.brussels/service/districtteamservice/messages/v1">
   <soapenv:Header/>
   <soapenv:Body>
      <dem:createDemandRequest>
         <dem:messageContext>
            <v1:messageId>${=import static java.util.UUID.randomUUID; uuid = randomUUID() as String}</v1:messageId>
            <v1:timestamp>${=new java.text.SimpleDateFormat("yyyy-MM-dd'T'HH:mm:ss.SSS").format(new Date())}</v1:timestamp>
         </dem:messageContext>
         <dem:legalContext>ServiceIntegrator</dem:legalContext>
         <dem:request>
            <dem:demandIdentificationData>
               <dem:procedure>AC-ZP</dem:procedure>
               <dem:sender>21015</dem:sender>
               <dem:recipient>5344</dem:recipient>
               <dem:type>CHANGE_RESIDENTIAL_ADDRESS</dem:type>
               <dem:identifier>1</dem:identifier>
               <dem:reference>Ref.</dem:reference>
            </dem:demandIdentificationData>
            <dem:demandInfos>
               <dem:date>2018-01-01</dem:date>
               <dem:language>FR</dem:language>
               <dem:priority>MEDIUM</dem:priority>
               <dem:contactPerson>Myriel</dem:contactPerson>
               <dem:contactEmail>machin.bidule@mail.be</dem:contactEmail>
               <dem:extraInformation>extra infos</dem:extraInformation>
            </dem:demandInfos>
            <dem:demandAddress>
               <dem:postcode>1030</dem:postcode>
               <dem:streetCode>3174</dem:streetCode>
               <dem:policeNumber>64</dem:policeNumber>
            </dem:demandAddress>
            <dem:demandPersons>
               <dem:person>
                  <dem:lastname>Benjelloun</dem:lastname>
                  <dem:firstname>Ismail</dem:firstname>
                  <dem:birthdayYear>1989</dem:birthdayYear>
                  <dem:birthdayMonth>03</dem:birthdayMonth>
                  <dem:birthdayDay>02</dem:birthdayDay>
                  <dem:nationality>BE</dem:nationality>
                  <dem:gender>F</dem:gender>
                  <dem:isReferentPerson>true</dem:isReferentPerson>
               </dem:person>
            </dem:demandPersons>
            <dem:demandExtraInfos>
               <dem:address>
                  <dem:postcode>1030</dem:postcode>
                  <dem:streetCode>3174</dem:streetCode>
                  <dem:policeNumber>64</dem:policeNumber>
               </dem:address>
            </dem:demandExtraInfos>
         </dem:request>
      </dem:createDemandRequest>
   </soapenv:Body>
</soapenv:Envelope>]]></con:request><con:assertion type="SOAP Fault Assertion" id="4ccecadc-df5e-4da8-b7ce-8b0e8e98ca25" name="Not SOAP Fault"/><con:assertion type="SOAP Response" id="b3fffd8a-c7f2-4213-b47e-6e814a2bfabc" name="SOAP Response"/><con:assertion type="Schema Compliance" id="1529faf0-515d-4b16-b040-d27a2746ba88" name="Schema Compliance"><con:configuration/></con:assertion><con:wsaConfig action="http://fidus.brussels/services/districtteamservice/createDemand"/></con:request></con:config></con:testStep><con:testStep type="request" id="402a3a57-ab07-4262-ab66-667a9dba7b8b" name="testcase3 - Test - Worker1 - Request"><con:settings/><con:config xsi:type="con:RequestStep" xmlns:xsi="http://www.w3.org/2001/XMLSchema-instance"><con:interface>DistrictTeamServiceHTTPBinding</con:interface><con:operation>createDemand</con:operation><con:request name="testcase3 - Test - Worker1 - Request" id="4e71637b-bef3-46e3-939d-317b681dc994" outgoingWss="Outflow TEST"><con:settings/><con:encoding>UTF-8</con:encoding><con:endpoint>https://192.168.24.45:8443/services/DistrictTeamService_v1.0</con:endpoint><con:request><![CDATA[<soapenv:Envelope xmlns:soapenv="http://schemas.xmlsoap.org/soap/envelope/" xmlns:v1="http://fidus.brussels/type/common/messages/v1" xmlns:dem="http://fidus.brussels/service/districtteamservice/messages/v1">
   <soapenv:Header/>
   <soapenv:Body>
      <dem:createDemandRequest>
         <dem:messageContext>
            <v1:messageId>${=import static java.util.UUID.randomUUID; uuid = randomUUID() as String}</v1:messageId>
            <v1:timestamp>${=new java.text.SimpleDateFormat("yyyy-MM-dd'T'HH:mm:ss.SSS").format(new Date())}</v1:timestamp>
         </dem:messageContext>
         <dem:legalContext>ServiceIntegrator</dem:legalContext>
         <dem:request>
            <dem:demandIdentificationData>
               <dem:procedure>AC-ZP</dem:procedure>
               <dem:sender>21015</dem:sender>
               <dem:recipient>5344</dem:recipient>
               <dem:type>CHANGE_RESIDENTIAL_ADDRESS</dem:type>
               <dem:identifier>1</dem:identifier>
               <dem:reference>Ref.</dem:reference>
            </dem:demandIdentificationData>
            <dem:demandInfos>
               <dem:date>2018-01-01</dem:date>
               <dem:language>FR</dem:language>
               <dem:priority>MEDIUM</dem:priority>
               <dem:contactPerson>Myriel</dem:contactPerson>
               <dem:contactEmail>machin.bidule@mail.be</dem:contactEmail>
               <dem:extraInformation>extra infos</dem:extraInformation>
            </dem:demandInfos>
            <dem:demandAddress>
               <dem:postcode>1030</dem:postcode>
               <dem:streetCode>3174</dem:streetCode>
               <dem:policeNumber>64</dem:policeNumber>
            </dem:demandAddress>
            <dem:demandPersons>
               <dem:person>
                <!--<dem:rrn>91120406960</dem:rrn>-->
                  <dem:lastname>Benjelloun</dem:lastname>
                  <dem:firstname>Ismail</dem:firstname>
                  <dem:birthdayYear>1989</dem:birthdayYear>
                  <dem:birthdayMonth>03</dem:birthdayMonth>
                  <dem:birthdayDay>02</dem:birthdayDay>
                  <dem:nationality>BE</dem:nationality>
                  <dem:gender>F</dem:gender>
                  <dem:isReferentPerson>true</dem:isReferentPerson>
               </dem:person>
            </dem:demandPersons>
            <dem:demandExtraInfos>
               <dem:address>
                  <dem:postcode>1030</dem:postcode>
                  <dem:streetCode>3174</dem:streetCode>
                  <dem:policeNumber>64</dem:policeNumber>
               </dem:address>
            </dem:demandExtraInfos>
         </dem:request>
      </dem:createDemandRequest>
   </soapenv:Body>
</soapenv:Envelope>]]></con:request><con:assertion type="SOAP Fault Assertion" id="eb66f3fe-f39e-4522-b00f-124484c46149" name="Not SOAP Fault"/><con:assertion type="SOAP Response" id="b8e0bb4a-d2a6-40f5-b77f-48d534700fb8" name="SOAP Response"/><con:assertion type="Schema Compliance" id="e41d0c62-548a-493f-aff8-f41730232578" name="Schema Compliance"><con:configuration/></con:assertion><con:wsaConfig action="http://fidus.brussels/services/districtteamservice/createDemand"/></con:request></con:config></con:testStep><con:testStep type="request" id="9c483d20-86af-404f-9919-6bb6da8ec212" name="testcase3 - Test - Worker2 - Request"><con:settings/><con:config xsi:type="con:RequestStep" xmlns:xsi="http://www.w3.org/2001/XMLSchema-instance"><con:interface>DistrictTeamServiceHTTPBinding</con:interface><con:operation>createDemand</con:operation><con:request name="testcase3 - Test - Worker2 - Request" id="1d7a8278-ba0b-4c40-8cc3-7c3f65806f5c" outgoingWss="Outflow TEST"><con:settings/><con:encoding>UTF-8</con:encoding><con:endpoint>https://192.168.24.51:8443/services/DistrictTeamService_v1.0</con:endpoint><con:request><![CDATA[<soapenv:Envelope xmlns:soapenv="http://schemas.xmlsoap.org/soap/envelope/" xmlns:v1="http://fidus.brussels/type/common/messages/v1" xmlns:dem="http://fidus.brussels/service/districtteamservice/messages/v1">
   <soapenv:Header/>
   <soapenv:Body>
      <dem:createDemandRequest>
         <dem:messageContext>
            <v1:messageId>${=import static java.util.UUID.randomUUID; uuid = randomUUID() as String}</v1:messageId>
            <v1:timestamp>${=new java.text.SimpleDateFormat("yyyy-MM-dd'T'HH:mm:ss.SSS").format(new Date())}</v1:timestamp>
         </dem:messageContext>
         <dem:legalContext>ServiceIntegrator</dem:legalContext>
         <dem:request>
            <dem:demandIdentificationData>
               <dem:procedure>AC-ZP</dem:procedure>
               <dem:sender>21015</dem:sender>
               <dem:recipient>5344</dem:recipient>
               <dem:type>CHANGE_RESIDENTIAL_ADDRESS</dem:type>
               <dem:identifier>1</dem:identifier>
               <dem:reference>Ref.</dem:reference>
            </dem:demandIdentificationData>
            <dem:demandInfos>
               <dem:date>2018-01-01</dem:date>
               <dem:language>FR</dem:language>
               <dem:priority>MEDIUM</dem:priority>
               <dem:contactPerson>Myriel</dem:contactPerson>
               <dem:contactEmail>machin.bidule@mail.be</dem:contactEmail>
               <dem:extraInformation>extra infos</dem:extraInformation>
            </dem:demandInfos>
            <dem:demandAddress>
               <dem:postcode>1030</dem:postcode>
               <dem:streetCode>3174</dem:streetCode>
               <dem:policeNumber>64</dem:policeNumber>
            </dem:demandAddress>
            <dem:demandPersons>
               <dem:person>
                  <!--<dem:rrn>91120406960</dem:rrn>-->
                  <dem:lastname>Benjelloun</dem:lastname>
                  <dem:firstname>Ismail</dem:firstname>
                  <dem:birthdayYear>1989</dem:birthdayYear>
                  <dem:birthdayMonth>03</dem:birthdayMonth>
                  <dem:birthdayDay>02</dem:birthdayDay>
                  <dem:nationality>BE</dem:nationality>
                  <dem:gender>F</dem:gender>
                  <dem:isReferentPerson>true</dem:isReferentPerson>
               </dem:person>
            </dem:demandPersons>
            <dem:demandExtraInfos>
               <dem:address>
                  <dem:postcode>1030</dem:postcode>
                  <dem:streetCode>3174</dem:streetCode>
                  <dem:policeNumber>64</dem:policeNumber>
               </dem:address>
            </dem:demandExtraInfos>
         </dem:request>
      </dem:createDemandRequest>
   </soapenv:Body>
</soapenv:Envelope>]]></con:request><con:assertion type="SOAP Fault Assertion" id="92bcbdfe-703c-4346-abec-cd2460f24160" name="Not SOAP Fault"/><con:assertion type="SOAP Response" id="0e162267-935d-4828-a8bd-c6374d695ffd" name="SOAP Response"/><con:assertion type="Schema Compliance" id="6f06d871-b246-4005-944c-0574be25877b" name="Schema Compliance"><con:configuration/></con:assertion><con:wsaConfig action="http://fidus.brussels/services/districtteamservice/createDemand"/></con:request></con:config></con:testStep><con:testStep type="request" id="47196f81-5a8d-45ff-9c92-c480e0501b15" name="testcase3 - Test - LB - Request"><con:settings/><con:config xsi:type="con:RequestStep" xmlns:xsi="http://www.w3.org/2001/XMLSchema-instance"><con:interface>DistrictTeamServiceHTTPBinding</con:interface><con:operation>createDemand</con:operation><con:request name="testcase3 - Test - LB - Request" id="5e71796d-d215-46fa-9a19-ae7caf9cf2f9" outgoingWss="Outflow TEST"><con:settings/><con:encoding>UTF-8</con:encoding><con:endpoint>https://esb-security-gw.sta.srv.cirb.lan:8443/services/DistrictTeamService_v1.0</con:endpoint><con:request><![CDATA[<soapenv:Envelope xmlns:soapenv="http://schemas.xmlsoap.org/soap/envelope/" xmlns:v1="http://fidus.brussels/type/common/messages/v1" xmlns:dem="http://fidus.brussels/service/districtteamservice/messages/v1">
   <soapenv:Header/>
   <soapenv:Body>
      <dem:createDemandRequest>
         <dem:messageContext>
            <v1:messageId>${=import static java.util.UUID.randomUUID; uuid = randomUUID() as String}</v1:messageId>
            <v1:timestamp>${=new java.text.SimpleDateFormat("yyyy-MM-dd'T'HH:mm:ss.SSS").format(new Date())}</v1:timestamp>
         </dem:messageContext>
         <dem:legalContext>ServiceIntegrator</dem:legalContext>
         <dem:request>
            <dem:demandIdentificationData>
               <dem:procedure>AC-ZP</dem:procedure>
               <dem:sender>21015</dem:sender>
               <dem:recipient>5344</dem:recipient>
               <dem:type>CHANGE_RESIDENTIAL_ADDRESS</dem:type>
               <dem:identifier>1</dem:identifier>
               <dem:reference>Ref.</dem:reference>
            </dem:demandIdentificationData>
            <dem:demandInfos>
               <dem:date>2018-01-01</dem:date>
               <dem:language>FR</dem:language>
               <dem:priority>MEDIUM</dem:priority>
               <dem:contactPerson>Myriel</dem:contactPerson>
               <dem:contactEmail>machin.bidule@mail.be</dem:contactEmail>
               <dem:extraInformation>extra infos</dem:extraInformation>
            </dem:demandInfos>
            <dem:demandAddress>
               <dem:postcode>1030</dem:postcode>
               <dem:streetCode>3174</dem:streetCode>
               <dem:policeNumber>64</dem:policeNumber>
            </dem:demandAddress>
            <dem:demandPersons>
               <dem:person>
                  <dem:lastname>Benjelloun</dem:lastname>
                  <dem:firstname>Ismail</dem:firstname>
                  <dem:birthdayYear>1989</dem:birthdayYear>
                  <dem:birthdayMonth>03</dem:birthdayMonth>
                  <dem:birthdayDay>02</dem:birthdayDay>
                  <dem:nationality>BE</dem:nationality>
                  <dem:gender>F</dem:gender>
                  <dem:isReferentPerson>true</dem:isReferentPerson>
               </dem:person>
            </dem:demandPersons>
            <dem:demandExtraInfos>
               <dem:address>
                  <dem:postcode>1030</dem:postcode>
                  <dem:streetCode>3174</dem:streetCode>
                  <dem:policeNumber>64</dem:policeNumber>
               </dem:address>
            </dem:demandExtraInfos>
         </dem:request>
      </dem:createDemandRequest>
   </soapenv:Body>
</soapenv:Envelope>]]></con:request><con:assertion type="SOAP Fault Assertion" id="c377e7bd-d5f3-42e2-a9ae-01dc1eff0fd1" name="Not SOAP Fault"/><con:assertion type="SOAP Response" id="3154bfb3-86cf-4c90-a124-d4f5550b3f4c" name="SOAP Response"/><con:assertion type="Schema Compliance" id="d1f5ece6-b570-4e9a-9e2b-f6f938b21609" name="Schema Compliance"><con:configuration/></con:assertion><con:wsaConfig action="http://fidus.brussels/services/districtteamservice/createDemand"/></con:request></con:config></con:testStep><con:properties/></con:testCase><con:properties/></con:testSuite><con:testSuite id="4f16eee5-67fb-4ad9-a9dd-51d141cc6bd6" name="STAG"><con:settings/><con:runType>SEQUENTIAL</con:runType><con:testCase id="f566c550-2e9f-442b-aaad-cc98a4092535" failOnError="true" failTestCaseOnErrors="true" keepSession="false" maxResults="0" name="createDemand" searchProperties="true"><con:settings/><con:testStep type="request" id="5b6eab33-97a1-4544-ba61-3b0b1fbde973" name="testcase4 - Staging - External - Request"><con:settings/><con:config xsi:type="con:RequestStep" xmlns:xsi="http://www.w3.org/2001/XMLSchema-instance"><con:interface>DistrictTeamServiceHTTPBinding</con:interface><con:operation>createDemand</con:operation><con:request name="testcase4 - Staging - External - Request" id="f52db24b-8103-4262-9060-1c7020298d08" outgoingWss="Outflow STAG"><con:settings/><con:encoding>UTF-8</con:encoding><con:endpoint>https://fidus.irisnetlab.be/services/services/DistrictTeamService_v1.0</con:endpoint><con:request><![CDATA[<soapenv:Envelope xmlns:soapenv="http://schemas.xmlsoap.org/soap/envelope/" xmlns:v1="http://fidus.brussels/type/common/messages/v1" xmlns:dem="http://fidus.brussels/service/districtteamservice/messages/v1">
   <soapenv:Header/>
   <soapenv:Body>
      <dem:createDemandRequest>
         <dem:messageContext>
            <v1:messageId>${=import static java.util.UUID.randomUUID; uuid = randomUUID() as String}</v1:messageId>
            <v1:timestamp>${=new java.text.SimpleDateFormat("yyyy-MM-dd'T'HH:mm:ss.SSS").format(new Date())}</v1:timestamp>
         </dem:messageContext>
         <dem:legalContext>ServiceIntegrator</dem:legalContext>
         <dem:request>
            <dem:demandIdentificationData>
               <dem:procedure>AC-ZP</dem:procedure>
               <dem:sender>21015</dem:sender>
               <dem:recipient>5344</dem:recipient>
               <dem:type>CHANGE_RESIDENTIAL_ADDRESS</dem:type>
               <dem:identifier>1</dem:identifier>
               <dem:reference>Ref.</dem:reference>
            </dem:demandIdentificationData>
            <dem:demandInfos>
               <dem:date>2018-01-01</dem:date>
               <dem:language>FR</dem:language>
               <dem:priority>MEDIUM</dem:priority>
               <dem:contactPerson>Myriel</dem:contactPerson>
               <dem:contactEmail>machin.bidule@mail.be</dem:contactEmail>
               <dem:extraInformation>extra infos</dem:extraInformation>
            </dem:demandInfos>
            <dem:demandAddress>
               <dem:postcode>1030</dem:postcode>
               <dem:streetCode>3174</dem:streetCode>
               <dem:policeNumber>64</dem:policeNumber>
            </dem:demandAddress>
            <dem:demandPersons>
               <dem:person>
                  <dem:lastname>Benjelloun</dem:lastname>
                  <dem:firstname>Ismail</dem:firstname>
                  <dem:birthdayYear>1989</dem:birthdayYear>
                  <dem:birthdayMonth>03</dem:birthdayMonth>
                  <dem:birthdayDay>02</dem:birthdayDay>
                  <dem:nationality>BE</dem:nationality>
                  <dem:gender>F</dem:gender>
                  <dem:isReferentPerson>true</dem:isReferentPerson>
               </dem:person>
            </dem:demandPersons>
            <dem:demandExtraInfos>
               <dem:address>
                  <dem:postcode>1030</dem:postcode>
                  <dem:streetCode>3174</dem:streetCode>
                  <dem:policeNumber>64</dem:policeNumber>
               </dem:address>
            </dem:demandExtraInfos>
         </dem:request>
      </dem:createDemandRequest>
   </soapenv:Body>
</soapenv:Envelope>]]></con:request><con:assertion type="SOAP Fault Assertion" id="1ba26a6b-698c-41c1-ad01-aeff042f423f" name="Not SOAP Fault"/><con:assertion type="SOAP Response" id="1f136487-3e9b-4dc4-bc26-1c99b8b67564" name="SOAP Response"/><con:assertion type="Schema Compliance" id="dc162214-290c-42ce-bbb1-05fadab6523d" name="Schema Compliance"><con:configuration/></con:assertion><con:wsaConfig action="http://fidus.brussels/services/districtteamservice/createDemand"/></con:request></con:config></con:testStep><con:testStep type="request" id="1fb723ad-614a-4f94-8753-f6a8127711ca" name="testcase4 - Staging - LB - Request"><con:settings/><con:config xsi:type="con:RequestStep" xmlns:xsi="http://www.w3.org/2001/XMLSchema-instance"><con:interface>DistrictTeamServiceHTTPBinding</con:interface><con:operation>createDemand</con:operation><con:request name="testcase4 - Staging - LB - Request" id="e9d5c22e-7d39-496f-bf91-62678737a7bf" outgoingWss="Outflow STAG"><con:settings/><con:encoding>UTF-8</con:encoding><con:endpoint>https://fidus-esb-sg.sta.srv.cirb.lan:8443/services/DistrictTeamService_v1.0</con:endpoint><con:request><![CDATA[<soapenv:Envelope xmlns:soapenv="http://schemas.xmlsoap.org/soap/envelope/" xmlns:v1="http://fidus.brussels/type/common/messages/v1" xmlns:dem="http://fidus.brussels/service/districtteamservice/messages/v1">
   <soapenv:Header/>
   <soapenv:Body>
      <dem:createDemandRequest>
         <dem:messageContext>
            <v1:messageId>${=import static java.util.UUID.randomUUID; uuid = randomUUID() as String}</v1:messageId>
            <v1:timestamp>${=new java.text.SimpleDateFormat("yyyy-MM-dd'T'HH:mm:ss.SSS").format(new Date())}</v1:timestamp>
         </dem:messageContext>
         <dem:legalContext>ServiceIntegrator</dem:legalContext>
         <dem:request>
            <dem:demandIdentificationData>
               <dem:procedure>AC-ZP</dem:procedure>
               <dem:sender>21015</dem:sender>
               <dem:recipient>5344</dem:recipient>
               <dem:type>CHANGE_RESIDENTIAL_ADDRESS</dem:type>
               <dem:identifier>1</dem:identifier>
               <dem:reference>Ref.</dem:reference>
            </dem:demandIdentificationData>
            <dem:demandInfos>
               <dem:date>2018-01-01</dem:date>
               <dem:language>FR</dem:language>
               <dem:priority>MEDIUM</dem:priority>
               <dem:contactPerson>Myriel</dem:contactPerson>
               <dem:contactEmail>machin.bidule@mail.be</dem:contactEmail>
               <dem:extraInformation>extra infos</dem:extraInformation>
            </dem:demandInfos>
            <dem:demandAddress>
               <dem:postcode>1030</dem:postcode>
               <dem:streetCode>3174</dem:streetCode>
               <dem:policeNumber>64</dem:policeNumber>
            </dem:demandAddress>
            <dem:demandPersons>
               <dem:person>
                  <dem:lastname>Benjelloun</dem:lastname>
                  <dem:firstname>Ismail</dem:firstname>
                  <dem:birthdayYear>1989</dem:birthdayYear>
                  <dem:birthdayMonth>03</dem:birthdayMonth>
                  <dem:birthdayDay>02</dem:birthdayDay>
                  <dem:nationality>BE</dem:nationality>
                  <dem:gender>F</dem:gender>
                  <dem:isReferentPerson>true</dem:isReferentPerson>
               </dem:person>
            </dem:demandPersons>
            <dem:demandExtraInfos>
               <dem:address>
                  <dem:postcode>1030</dem:postcode>
                  <dem:streetCode>3174</dem:streetCode>
                  <dem:policeNumber>64</dem:policeNumber>
               </dem:address>
            </dem:demandExtraInfos>
         </dem:request>
      </dem:createDemandRequest>
   </soapenv:Body>
</soapenv:Envelope>]]></con:request><con:assertion type="SOAP Fault Assertion" id="5caab60e-f9af-4833-93f9-ab2df988808b" name="Not SOAP Fault"/><con:assertion type="SOAP Response" id="b44836f5-b0c3-43be-9b73-70d3e5e9e158" name="SOAP Response"/><con:assertion type="Schema Compliance" id="1b8656d1-5e69-4153-9475-5f0d40518b98" name="Schema Compliance"><con:configuration/></con:assertion><con:wsaConfig action="http://fidus.brussels/services/districtteamservice/createDemand"/></con:request></con:config></con:testStep><con:testStep type="request" id="acc5b124-9aaa-48ae-8da1-8321c0431779" name="testcase4 - Staging - Worker1 - Request"><con:settings/><con:config xsi:type="con:RequestStep" xmlns:xsi="http://www.w3.org/2001/XMLSchema-instance"><con:interface>DistrictTeamServiceHTTPBinding</con:interface><con:operation>createDemand</con:operation><con:request name="testcase4 - Staging - Worker1 - Request" id="6658ca79-362e-4023-93c2-57b0f8f4f40f" outgoingWss="Outflow STAG"><con:settings/><con:encoding>UTF-8</con:encoding><con:endpoint>https://192.168.24.57:8443/services/DistrictTeamService_v1.0</con:endpoint><con:request><![CDATA[<soapenv:Envelope xmlns:soapenv="http://schemas.xmlsoap.org/soap/envelope/" xmlns:v1="http://fidus.brussels/type/common/messages/v1" xmlns:dem="http://fidus.brussels/service/districtteamservice/messages/v1">
   <soapenv:Header/>
   <soapenv:Body>
      <dem:createDemandRequest>
         <dem:messageContext>
            <v1:messageId>${=import static java.util.UUID.randomUUID; uuid = randomUUID() as String}</v1:messageId>
            <v1:timestamp>${=new java.text.SimpleDateFormat("yyyy-MM-dd'T'HH:mm:ss.SSS").format(new Date())}</v1:timestamp>
         </dem:messageContext>
         <dem:legalContext>ServiceIntegrator</dem:legalContext>
         <dem:request>
            <dem:demandIdentificationData>
               <dem:procedure>AC-ZP</dem:procedure>
               <dem:sender>21015</dem:sender>
               <dem:recipient>5344</dem:recipient>
               <dem:type>CHANGE_RESIDENTIAL_ADDRESS</dem:type>
               <dem:identifier>1</dem:identifier>
               <dem:reference>Ref.</dem:reference>
            </dem:demandIdentificationData>
            <dem:demandInfos>
               <dem:date>2018-01-01</dem:date>
               <dem:language>FR</dem:language>
               <dem:priority>MEDIUM</dem:priority>
               <dem:contactPerson>Myriel</dem:contactPerson>
               <dem:contactEmail>machin.bidule@mail.be</dem:contactEmail>
               <dem:extraInformation>extra infos</dem:extraInformation>
            </dem:demandInfos>
            <dem:demandAddress>
               <dem:postcode>1030</dem:postcode>
               <dem:streetCode>3174</dem:streetCode>
               <dem:policeNumber>64</dem:policeNumber>
            </dem:demandAddress>
            <dem:demandPersons>
               <dem:person>
                <!--<dem:rrn>91120406960</dem:rrn>-->
                  <dem:lastname>Benjelloun</dem:lastname>
                  <dem:firstname>Ismail</dem:firstname>
                  <dem:birthdayYear>1989</dem:birthdayYear>
                  <dem:birthdayMonth>03</dem:birthdayMonth>
                  <dem:birthdayDay>02</dem:birthdayDay>
                  <dem:nationality>BE</dem:nationality>
                  <dem:gender>F</dem:gender>
                  <dem:isReferentPerson>true</dem:isReferentPerson>
               </dem:person>
            </dem:demandPersons>
            <dem:demandExtraInfos>
               <dem:address>
                  <dem:postcode>1030</dem:postcode>
                  <dem:streetCode>3174</dem:streetCode>
                  <dem:policeNumber>64</dem:policeNumber>
               </dem:address>
            </dem:demandExtraInfos>
         </dem:request>
      </dem:createDemandRequest>
   </soapenv:Body>
</soapenv:Envelope>]]></con:request><con:assertion type="SOAP Fault Assertion" id="b7357068-04a6-4ad9-a225-01e46610f647" name="Not SOAP Fault"/><con:assertion type="SOAP Response" id="2f18bd58-c919-497e-bd8f-95b29bd5ebae" name="SOAP Response"/><con:assertion type="Schema Compliance" id="10cecbdb-93ac-4cce-9f31-e33c264dfdca" name="Schema Compliance"><con:configuration/></con:assertion><con:wsaConfig action="http://fidus.brussels/services/districtteamservice/createDemand"/></con:request></con:config></con:testStep><con:testStep type="request" id="550ac6bd-9779-491c-a2f0-a81aa53283ef" name="testcase4 - Staging - Worker2 - Request"><con:settings/><con:config xsi:type="con:RequestStep" xmlns:xsi="http://www.w3.org/2001/XMLSchema-instance"><con:interface>DistrictTeamServiceHTTPBinding</con:interface><con:operation>createDemand</con:operation><con:request name="testcase4 - Staging - Worker2 - Request" id="baa362f2-bc2c-49ef-93fd-be78d6ebd93c" outgoingWss="Outflow STAG"><con:settings/><con:encoding>UTF-8</con:encoding><con:endpoint>https://192.168.24.64:8443/services/DistrictTeamService_v1.0</con:endpoint><con:request><![CDATA[<soapenv:Envelope xmlns:soapenv="http://schemas.xmlsoap.org/soap/envelope/" xmlns:v1="http://fidus.brussels/type/common/messages/v1" xmlns:dem="http://fidus.brussels/service/districtteamservice/messages/v1">
   <soapenv:Header/>
   <soapenv:Body>
      <dem:createDemandRequest>
         <dem:messageContext>
            <v1:messageId>${=import static java.util.UUID.randomUUID; uuid = randomUUID() as String}</v1:messageId>
            <v1:timestamp>${=new java.text.SimpleDateFormat("yyyy-MM-dd'T'HH:mm:ss.SSS").format(new Date())}</v1:timestamp>
         </dem:messageContext>
         <dem:legalContext>ServiceIntegrator</dem:legalContext>
         <dem:request>
            <dem:demandIdentificationData>
               <dem:procedure>AC-ZP</dem:procedure>
               <dem:sender>21015</dem:sender>
               <dem:recipient>5344</dem:recipient>
               <dem:type>CHANGE_RESIDENTIAL_ADDRESS</dem:type>
               <dem:identifier>1</dem:identifier>
               <dem:reference>Ref.</dem:reference>
            </dem:demandIdentificationData>
            <dem:demandInfos>
               <dem:date>2018-01-01</dem:date>
               <dem:language>FR</dem:language>
               <dem:priority>MEDIUM</dem:priority>
               <dem:contactPerson>Myriel</dem:contactPerson>
               <dem:contactEmail>machin.bidule@mail.be</dem:contactEmail>
               <dem:extraInformation>extra infos</dem:extraInformation>
            </dem:demandInfos>
            <dem:demandAddress>
               <dem:postcode>1030</dem:postcode>
               <dem:streetCode>3174</dem:streetCode>
               <dem:policeNumber>64</dem:policeNumber>
            </dem:demandAddress>
            <dem:demandPersons>
               <dem:person>
                <!--<dem:rrn>91120406960</dem:rrn>-->
                  <dem:lastname>Benjelloun</dem:lastname>
                  <dem:firstname>Ismail</dem:firstname>
                  <dem:birthdayYear>1989</dem:birthdayYear>
                  <dem:birthdayMonth>03</dem:birthdayMonth>
                  <dem:birthdayDay>02</dem:birthdayDay>
                  <dem:nationality>BE</dem:nationality>
                  <dem:gender>F</dem:gender>
                  <dem:isReferentPerson>true</dem:isReferentPerson>
               </dem:person>
            </dem:demandPersons>
            <dem:demandExtraInfos>
               <dem:address>
                  <dem:postcode>1030</dem:postcode>
                  <dem:streetCode>3174</dem:streetCode>
                  <dem:policeNumber>64</dem:policeNumber>
               </dem:address>
            </dem:demandExtraInfos>
         </dem:request>
      </dem:createDemandRequest>
   </soapenv:Body>
</soapenv:Envelope>]]></con:request><con:assertion type="SOAP Fault Assertion" id="65c1665e-eebb-41db-b92b-8b102348dd63" name="Not SOAP Fault"/><con:assertion type="SOAP Response" id="46f94ca5-b791-4758-83f0-90d2f4b26c6d" name="SOAP Response"/><con:assertion type="Schema Compliance" id="d04a268f-18f3-4aaf-8dcf-9c374b9ba088" name="Schema Compliance"><con:configuration/></con:assertion><con:wsaConfig action="http://fidus.brussels/services/districtteamservice/createDemand"/></con:request></con:config></con:testStep><con:properties/></con:testCase><con:properties/></con:testSuite><con:testSuite id="5c4a3642-0dbd-4a76-a8e1-cd9a813238bc" name="PROD"><con:settings/><con:runType>SEQUENTIAL</con:runType><con:testCase id="13323ef6-3c3b-4716-ba0c-cfc255288ee1" failOnError="true" failTestCaseOnErrors="true" keepSession="false" maxResults="0" name="createDemand" searchProperties="true"><con:settings/><con:testStep type="request" id="8b365d02-bd74-4720-a5a8-c6df597160eb" name="testcase5 - Prod - External - Request"><con:settings/><con:config xsi:type="con:RequestStep" xmlns:xsi="http://www.w3.org/2001/XMLSchema-instance"><con:interface>DistrictTeamServiceHTTPBinding</con:interface><con:operation>createDemand</con:operation><con:request name="testcase5 - Prod - External - Request" id="5c09cd03-5c62-4d5f-90d9-7cfdd6df8da4" outgoingWss="Outflow PROD"><con:settings/><con:encoding>UTF-8</con:encoding><con:endpoint>https://fidus.sec.brussels/services/services/DistrictTeamService_v1.0</con:endpoint><con:request><![CDATA[<soapenv:Envelope xmlns:soapenv="http://schemas.xmlsoap.org/soap/envelope/" xmlns:v1="http://fidus.brussels/type/common/messages/v1" xmlns:dem="http://fidus.brussels/service/districtteamservice/messages/v1">
   <soapenv:Header/>
   <soapenv:Body>
      <dem:createDemandRequest>
         <dem:messageContext>
            <v1:messageId>${=import static java.util.UUID.randomUUID; uuid = randomUUID() as String}</v1:messageId>
            <v1:timestamp>${=new java.text.SimpleDateFormat("yyyy-MM-dd'T'HH:mm:ss.SSS").format(new Date())}</v1:timestamp>
         </dem:messageContext>
         <dem:legalContext>ServiceIntegrator</dem:legalContext>
         <dem:request>
            <dem:demandIdentificationData>
               <dem:procedure>AC-ZP</dem:procedure>
               <dem:sender>21015</dem:sender>
               <dem:recipient>5344</dem:recipient>
               <dem:type>CHANGE_RESIDENTIAL_ADDRESS</dem:type>
               <dem:identifier>1</dem:identifier>
               <dem:reference>Ref.</dem:reference>
            </dem:demandIdentificationData>
            <dem:demandInfos>
               <dem:date>2018-01-01</dem:date>
               <dem:language>FR</dem:language>
               <dem:priority>MEDIUM</dem:priority>
               <dem:contactPerson>Myriel</dem:contactPerson>
               <dem:contactEmail>machin.bidule@mail.be</dem:contactEmail>
               <dem:extraInformation>extra infos</dem:extraInformation>
            </dem:demandInfos>
            <dem:demandAddress>
               <dem:postcode>1030</dem:postcode>
               <dem:streetCode>3174</dem:streetCode>
               <dem:policeNumber>64</dem:policeNumber>
            </dem:demandAddress>
            <dem:demandPersons>
               <dem:person>
                  <dem:lastname>Benjelloun</dem:lastname>
                  <dem:firstname>Ismail</dem:firstname>
                  <dem:birthdayYear>1989</dem:birthdayYear>
                  <dem:birthdayMonth>03</dem:birthdayMonth>
                  <dem:birthdayDay>02</dem:birthdayDay>
                  <dem:nationality>BE</dem:nationality>
                  <dem:gender>F</dem:gender>
                  <dem:isReferentPerson>true</dem:isReferentPerson>
               </dem:person>
            </dem:demandPersons>
            <dem:demandExtraInfos>
               <dem:address>
                  <dem:postcode>1030</dem:postcode>
                  <dem:streetCode>3174</dem:streetCode>
                  <dem:policeNumber>64</dem:policeNumber>
               </dem:address>
            </dem:demandExtraInfos>
         </dem:request>
      </dem:createDemandRequest>
   </soapenv:Body>
</soapenv:Envelope>]]></con:request><con:assertion type="SOAP Fault Assertion" id="484fd9a7-e67f-4c06-af3c-c7ade876252f" name="Not SOAP Fault"/><con:assertion type="SOAP Response" id="5b38604d-9471-4654-954f-9925c91a1e34" name="SOAP Response"/><con:assertion type="Schema Compliance" id="043b5ca8-95a6-4886-a62c-111f1e7bb8e0" name="Schema Compliance"><con:configuration/></con:assertion><con:wsaConfig action="http://fidus.brussels/services/districtteamservice/createDemand"/></con:request></con:config></con:testStep><con:testStep type="request" id="b421bf77-a9ac-4a0f-8af2-092f11b5c4bc" name="testcase5 - Prod - LB - Request"><con:settings/><con:config xsi:type="con:RequestStep" xmlns:xsi="http://www.w3.org/2001/XMLSchema-instance"><con:interface>DistrictTeamServiceHTTPBinding</con:interface><con:operation>createDemand</con:operation><con:request name="testcase5 - Prod - LB - Request" id="cbe0db10-76ac-46aa-b53b-ffbb2c414335" outgoingWss="Outflow PROD"><con:settings/><con:encoding>UTF-8</con:encoding><con:endpoint>https://fidus-esb-sg.prd.srv.cirb.lan:8443/services/DistrictTeamService_v1.0</con:endpoint><con:request><![CDATA[<soapenv:Envelope xmlns:soapenv="http://schemas.xmlsoap.org/soap/envelope/" xmlns:v1="http://fidus.brussels/type/common/messages/v1" xmlns:dem="http://fidus.brussels/service/districtteamservice/messages/v1">
   <soapenv:Header/>
   <soapenv:Body>
      <dem:createDemandRequest>
         <dem:messageContext>
            <v1:messageId>${=import static java.util.UUID.randomUUID; uuid = randomUUID() as String}</v1:messageId>
            <v1:timestamp>${=new java.text.SimpleDateFormat("yyyy-MM-dd'T'HH:mm:ss.SSS").format(new Date())}</v1:timestamp>
         </dem:messageContext>
         <dem:legalContext>ServiceIntegrator</dem:legalContext>
         <dem:request>
            <dem:demandIdentificationData>
               <dem:procedure>AC-ZP</dem:procedure>
               <dem:sender>21015</dem:sender>
               <dem:recipient>5344</dem:recipient>
               <dem:type>CHANGE_RESIDENTIAL_ADDRESS</dem:type>
               <dem:identifier>1</dem:identifier>
               <dem:reference>Ref.</dem:reference>
            </dem:demandIdentificationData>
            <dem:demandInfos>
               <dem:date>2018-01-01</dem:date>
               <dem:language>FR</dem:language>
               <dem:priority>MEDIUM</dem:priority>
               <dem:contactPerson>Myriel</dem:contactPerson>
               <dem:contactEmail>machin.bidule@mail.be</dem:contactEmail>
               <dem:extraInformation>extra infos</dem:extraInformation>
            </dem:demandInfos>
            <dem:demandAddress>
               <dem:postcode>1030</dem:postcode>
               <dem:streetCode>3174</dem:streetCode>
               <dem:policeNumber>64</dem:policeNumber>
            </dem:demandAddress>
            <dem:demandPersons>
               <dem:person>
                  <dem:lastname>Benjelloun</dem:lastname>
                  <dem:firstname>Ismail</dem:firstname>
                  <dem:birthdayYear>1989</dem:birthdayYear>
                  <dem:birthdayMonth>03</dem:birthdayMonth>
                  <dem:birthdayDay>02</dem:birthdayDay>
                  <dem:nationality>BE</dem:nationality>
                  <dem:gender>F</dem:gender>
                  <dem:isReferentPerson>true</dem:isReferentPerson>
               </dem:person>
            </dem:demandPersons>
            <dem:demandExtraInfos>
               <dem:address>
                  <dem:postcode>1030</dem:postcode>
                  <dem:streetCode>3174</dem:streetCode>
                  <dem:policeNumber>64</dem:policeNumber>
               </dem:address>
            </dem:demandExtraInfos>
         </dem:request>
      </dem:createDemandRequest>
   </soapenv:Body>
</soapenv:Envelope>]]></con:request><con:assertion type="SOAP Fault Assertion" id="26f9d474-d0b2-4309-95e2-f4272bedb9e7" name="Not SOAP Fault"/><con:assertion type="SOAP Response" id="231c552e-3f32-420c-bca6-c7a96e4174aa" name="SOAP Response"/><con:assertion type="Schema Compliance" id="db9ee5dc-b3f5-411a-9918-f5483df213e9" name="Schema Compliance"><con:configuration/></con:assertion><con:wsaConfig action="http://fidus.brussels/services/districtteamservice/createDemand"/></con:request></con:config></con:testStep><con:testStep type="request" id="1be8bea3-ecd3-41df-be5f-15b5446b9b91" name="testcase5 - Prod - Worker1 - Request"><con:settings/><con:config xsi:type="con:RequestStep" xmlns:xsi="http://www.w3.org/2001/XMLSchema-instance"><con:interface>DistrictTeamServiceHTTPBinding</con:interface><con:operation>createDemand</con:operation><con:request name="testcase5 - Prod - Worker1 - Request" id="186224f8-c73f-4ddc-9293-c12ac66e8488" outgoingWss="Outflow PROD"><con:settings/><con:encoding>UTF-8</con:encoding><con:endpoint>https://192.168.26.22:8443/services/DistrictTeamService_v1.0</con:endpoint><con:request><![CDATA[<soapenv:Envelope xmlns:soapenv="http://schemas.xmlsoap.org/soap/envelope/" xmlns:v1="http://fidus.brussels/type/common/messages/v1" xmlns:dem="http://fidus.brussels/service/districtteamservice/messages/v1">
   <soapenv:Header/>
   <soapenv:Body>
      <dem:createDemandRequest>
         <dem:messageContext>
            <v1:messageId>${=import static java.util.UUID.randomUUID; uuid = randomUUID() as String}</v1:messageId>
            <v1:timestamp>${=new java.text.SimpleDateFormat("yyyy-MM-dd'T'HH:mm:ss.SSS").format(new Date())}</v1:timestamp>
         </dem:messageContext>
         <dem:legalContext>ServiceIntegrator</dem:legalContext>
         <dem:request>
            <dem:demandIdentificationData>
               <dem:procedure>AC-ZP</dem:procedure>
               <dem:sender>21015</dem:sender>
               <dem:recipient>5344</dem:recipient>
               <dem:type>CHANGE_RESIDENTIAL_ADDRESS</dem:type>
               <dem:identifier>1</dem:identifier>
               <dem:reference>Ref.</dem:reference>
            </dem:demandIdentificationData>
            <dem:demandInfos>
               <dem:date>2018-01-01</dem:date>
               <dem:language>FR</dem:language>
               <dem:priority>MEDIUM</dem:priority>
               <dem:contactPerson>Myriel</dem:contactPerson>
               <dem:contactEmail>machin.bidule@mail.be</dem:contactEmail>
               <dem:extraInformation>extra infos</dem:extraInformation>
            </dem:demandInfos>
            <dem:demandAddress>
               <dem:postcode>1030</dem:postcode>
               <dem:streetCode>3174</dem:streetCode>
               <dem:policeNumber>64</dem:policeNumber>
            </dem:demandAddress>
            <dem:demandPersons>
               <dem:person>
                <!--<dem:rrn>91120406960</dem:rrn>-->
                  <dem:lastname>Benjelloun</dem:lastname>
                  <dem:firstname>Ismail</dem:firstname>
                  <dem:birthdayYear>1989</dem:birthdayYear>
                  <dem:birthdayMonth>03</dem:birthdayMonth>
                  <dem:birthdayDay>02</dem:birthdayDay>
                  <dem:nationality>BE</dem:nationality>
                  <dem:gender>F</dem:gender>
                  <dem:isReferentPerson>true</dem:isReferentPerson>
               </dem:person>
            </dem:demandPersons>
            <dem:demandExtraInfos>
               <dem:address>
                  <dem:postcode>1030</dem:postcode>
                  <dem:streetCode>3174</dem:streetCode>
                  <dem:policeNumber>64</dem:policeNumber>
               </dem:address>
            </dem:demandExtraInfos>
         </dem:request>
      </dem:createDemandRequest>
   </soapenv:Body>
</soapenv:Envelope>]]></con:request><con:assertion type="SOAP Fault Assertion" id="42a4036b-f63c-4ec2-9ad5-53215424d673" name="Not SOAP Fault"/><con:assertion type="SOAP Response" id="41cd947e-7956-4727-9387-5979faa8e5d1" name="SOAP Response"/><con:assertion type="Schema Compliance" id="c9147610-eff8-4317-996d-12dda222319d" name="Schema Compliance"><con:configuration/></con:assertion><con:wsaConfig action="http://fidus.brussels/services/districtteamservice/createDemand"/></con:request></con:config></con:testStep><con:testStep type="request" id="c5768d6e-395d-4887-98ce-e43dba9a8b27" name="testcase5 - Prod - Worker2 - Request"><con:settings/><con:config xsi:type="con:RequestStep" xmlns:xsi="http://www.w3.org/2001/XMLSchema-instance"><con:interface>DistrictTeamServiceHTTPBinding</con:interface><con:operation>createDemand</con:operation><con:request name="testcase5 - Prod - Worker2 - Request" id="e3867d87-77a9-4daa-8f9c-23366593f2f2" outgoingWss="Outflow PROD"><con:settings/><con:encoding>UTF-8</con:encoding><con:endpoint>https://192.168.26.19:8443/services/DistrictTeamService_v1.0</con:endpoint><con:request><![CDATA[<soapenv:Envelope xmlns:soapenv="http://schemas.xmlsoap.org/soap/envelope/" xmlns:v1="http://fidus.brussels/type/common/messages/v1" xmlns:dem="http://fidus.brussels/service/districtteamservice/messages/v1">
   <soapenv:Header/>
   <soapenv:Body>
      <dem:createDemandRequest>
         <dem:messageContext>
            <v1:messageId>${=import static java.util.UUID.randomUUID; uuid = randomUUID() as String}</v1:messageId>
            <v1:timestamp>${=new java.text.SimpleDateFormat("yyyy-MM-dd'T'HH:mm:ss.SSS").format(new Date())}</v1:timestamp>
         </dem:messageContext>
         <dem:legalContext>ServiceIntegrator</dem:legalContext>
         <dem:request>
            <dem:demandIdentificationData>
               <dem:procedure>AC-ZP</dem:procedure>
               <dem:sender>21015</dem:sender>
               <dem:recipient>5344</dem:recipient>
               <dem:type>CHANGE_RESIDENTIAL_ADDRESS</dem:type>
               <dem:identifier>1</dem:identifier>
               <dem:reference>Ref.</dem:reference>
            </dem:demandIdentificationData>
            <dem:demandInfos>
               <dem:date>2018-01-01</dem:date>
               <dem:language>FR</dem:language>
               <dem:priority>MEDIUM</dem:priority>
               <dem:contactPerson>Myriel</dem:contactPerson>
               <dem:contactEmail>machin.bidule@mail.be</dem:contactEmail>
               <dem:extraInformation>extra infos</dem:extraInformation>
            </dem:demandInfos>
            <dem:demandAddress>
               <dem:postcode>1030</dem:postcode>
               <dem:streetCode>3174</dem:streetCode>
               <dem:policeNumber>64</dem:policeNumber>
            </dem:demandAddress>
            <dem:demandPersons>
               <dem:person>
                <!--<dem:rrn>91120406960</dem:rrn>-->
                  <dem:lastname>Benjelloun</dem:lastname>
                  <dem:firstname>Ismail</dem:firstname>
                  <dem:birthdayYear>1989</dem:birthdayYear>
                  <dem:birthdayMonth>03</dem:birthdayMonth>
                  <dem:birthdayDay>02</dem:birthdayDay>
                  <dem:nationality>BE</dem:nationality>
                  <dem:gender>F</dem:gender>
                  <dem:isReferentPerson>true</dem:isReferentPerson>
               </dem:person>
            </dem:demandPersons>
            <dem:demandExtraInfos>
               <dem:address>
                  <dem:postcode>1030</dem:postcode>
                  <dem:streetCode>3174</dem:streetCode>
                  <dem:policeNumber>64</dem:policeNumber>
               </dem:address>
            </dem:demandExtraInfos>
         </dem:request>
      </dem:createDemandRequest>
   </soapenv:Body>
</soapenv:Envelope>]]></con:request><con:assertion type="SOAP Fault Assertion" id="3dccaad9-a687-46f0-a951-1fa33d833ea9" name="Not SOAP Fault"/><con:assertion type="SOAP Response" id="c57b85ed-ce38-446c-af1b-a88e331e9fd7" name="SOAP Response"/><con:assertion type="Schema Compliance" id="c7e048e3-3386-417f-a40d-3a3cb67d740f" name="Schema Compliance"><con:configuration/></con:assertion><con:wsaConfig action="http://fidus.brussels/services/districtteamservice/createDemand"/></con:request></con:config></con:testStep><con:properties/></con:testCase><con:properties/></con:testSuite><con:properties><con:property><con:name>projectName</con:name><con:value>DistrictTeamService</con:value></con:property><con:property><con:name>keystorepassword</con:name><con:value>wso2carbon</con:value></con:property><con:property><con:name>keystorePath</con:name><con:value>/data/wso2/keystores</con:value></con:property><con:property><con:name>endpointId</con:name><con:value>worker1</con:value></con:property><con:property><con:name>env</con:name><con:value>test</con:value></con:property><con:property><con:name>serviceId</con:name><con:value>fidus</con:value></con:property><con:property><con:name>wsdlServiceName</con:name><con:value>DistrictTeamService_v1.0</con:value></con:property></con:properties><con:wssContainer><con:crypto><con:source>data/wso2/keystores/user-rajarshi.jks</con:source><con:password>test@fidus01</con:password><con:type>KEYSTORE</con:type></con:crypto><con:outgoing><con:name>Outflow DEV</con:name></con:outgoing><con:outgoing><con:name>Outflow TEST</con:name><con:entry type="Signature" username="testuser-test.fidus.brussels" password="test@fidus01"><con:configuration><crypto>user-rajarshi.jks</crypto><keyIdentifierType>3</keyIdentifierType><signatureAlgorithm/><signatureCanonicalization/><useSingleCert>true</useSingleCert><digestAlgorithm/><customTokenValueType/><customTokenId/></con:configuration></con:entry><con:entry type="Timestamp"><con:configuration><timeToLive>300000</timeToLive><strictTimestamp>true</strictTimestamp></con:configuration></con:entry></con:outgoing><con:outgoing><con:name>Outflow STAG</con:name></con:outgoing><con:outgoing><con:name>Outflow PROD</con:name></con:outgoing></con:wssContainer><con:oAuth2ProfileContainer/><con:oAuth1ProfileContainer/><con:sensitiveInformation/></con:soapui-project>