<?xml version="1.0" encoding="UTF-8"?>
<con:soapui-project id="2d65794a-e080-484f-a287-98c7e3b0cbb4" activeEnvironment="Default" name="Client-VehicleService-1.1-soapui-project" resourceRoot="" soapui-version="5.1.3" abortOnError="false" runType="SEQUENTIAL" xmlns:con="http://eviware.com/soapui/config">
  <con:settings/>
  <con:interface xsi:type="con:WsdlInterface" id="c7606967-424e-4242-afa5-5602719ce9a9" wsaVersion="NONE" name="VehicleServiceHTTPBinding" type="wsdl" bindingName="{http://fidus.brussels/service/vehicleservice/v1.1}VehicleServiceHTTPBinding" soapVersion="1_1" anonymous="optional" definition="/home/isr/git/parent/vehicleservice_1.1/VehicleServiceGateway/src/main/resources/wsdl/vehicleService/1.1.0/VehicleService_v1.1.wsdl" xmlns:xsi="http://www.w3.org/2001/XMLSchema-instance">
    <con:settings/>
    
    <con:definitionCache type="TEXT" rootPart="file:/home/isr/git/parent/vehicleservice_1.1/VehicleServiceGateway/src/main/resources/wsdl/vehicleService/1.1.0/VehicleService_v1.1.wsdl"><con:part><con:url>file:/home/isr/git/parent/vehicleservice_1.1/VehicleServiceGateway/src/main/resources/wsdl/vehicleService/1.1.0/VehicleService_v1.1.wsdl</con:url><con:content><![CDATA[<wsdl:definitions name="VehicleService" targetNamespace="http://fidus.brussels/service/vehicleservice/v1.1" xmlns:soap="http://schemas.xmlsoap.org/wsdl/soap/" xmlns:wsdl="http://schemas.xmlsoap.org/wsdl/" xmlns:xsd="http://www.w3.org/2001/XMLSchema" xmlns:mes="http://fidus.brussels/service/vehicleservice/messages/v1.1" xmlns:tns="http://fidus.brussels/service/vehicleservice/v1.1">
  <wsdl:types>
    <xsd:schema>
      <xsd:import namespace="http://fidus.brussels/service/vehicleservice/messages/v1.1" schemaLocation="messages/vehicleServiceMessages_v1.1.xsd"/>
    </xsd:schema>
  </wsdl:types>
  <wsdl:message name="getVehicleTitularRequestMessage">
    <wsdl:part name="GetVehicleTitularRequest" element="mes:getVehicleTitularRequest"/>
  </wsdl:message>
  <wsdl:message name="getVehicleTitularResponseMessage">
    <wsdl:part name="GetVehicleTitularResponse" element="mes:getVehicleTitularResponse"/>
  </wsdl:message>
  <wsdl:message name="getVehicleRegistrationRequestMessage">
    <wsdl:part name="GetVehicleRegistrationRequest" element="mes:getVehicleRegistrationRequest"/>
  </wsdl:message>
  <wsdl:message name="getVehicleRegistrationResponseMessage">
    <wsdl:part name="GetVehicleRegistrationResponse" element="mes:getVehicleRegistrationResponse"/>
  </wsdl:message>
  <wsdl:message name="getVehicleInformationRequestMessage">
    <wsdl:part name="GetVehicleInformationRequest" element="mes:getVehicleInformationRequest"/>
  </wsdl:message>
  <wsdl:message name="getVehicleInformationResponseMessage">
    <wsdl:part name="GetVehicleInformationResponse" element="mes:getVehicleInformationResponse"/>
  </wsdl:message>
  <wsdl:portType name="VehicleServicePortType">
    <wsdl:operation name="getVehicleTitular">
      <wsdl:input message="tns:getVehicleTitularRequestMessage"/>
      <wsdl:output message="tns:getVehicleTitularResponseMessage"/>
    </wsdl:operation>
    <wsdl:operation name="getVehicleRegistration">
      <wsdl:input message="tns:getVehicleRegistrationRequestMessage"/>
      <wsdl:output message="tns:getVehicleRegistrationResponseMessage"/>
    </wsdl:operation>
    <wsdl:operation name="getVehicleInformation">
      <wsdl:input message="tns:getVehicleInformationRequestMessage"/>
      <wsdl:output message="tns:getVehicleInformationResponseMessage"/>
    </wsdl:operation>
  </wsdl:portType>
  <wsdl:binding name="VehicleServiceHTTPBinding" type="tns:VehicleServicePortType">
    <soap:binding style="document" transport="http://schemas.xmlsoap.org/soap/http"/>
    <wsdl:operation name="getVehicleTitular">
      <soap:operation soapAction="http://fidus.brussels/services/vehicleservice/getVehicleTitular"/>
      <wsdl:input>
        <soap:body use="literal"/>
      </wsdl:input>
      <wsdl:output>
        <soap:body use="literal"/>
      </wsdl:output>
    </wsdl:operation>
    <wsdl:operation name="getVehicleRegistration">
      <soap:operation soapAction="http://fidus.brussels/services/vehicleservice/getVehicleRegistration"/>
      <wsdl:input>
        <soap:body use="literal"/>
      </wsdl:input>
      <wsdl:output>
        <soap:body use="literal"/>
      </wsdl:output>
    </wsdl:operation>
    <wsdl:operation name="getVehicleInformation">
      <soap:operation soapAction="http://fidus.brussels/services/vehicleservice/getVehicleInformation"/>
      <wsdl:input>
        <soap:body use="literal"/>
      </wsdl:input>
      <wsdl:output>
        <soap:body use="literal"/>
      </wsdl:output>
    </wsdl:operation>
  </wsdl:binding>
  <wsdl:service name="VehicleService_v1">
    <wsdl:port name="VehicleService_v1" binding="tns:VehicleServiceHTTPBinding">
      <soap:address location="http://fidus.brussels/services/vehicleservice/v1.1"/>
    </wsdl:port>
  </wsdl:service>
  <xsd:annotation>
    <xsd:documentation>Vehicle service WDSL v1.1</xsd:documentation>
  </xsd:annotation>
</wsdl:definitions>]]></con:content><con:type>http://schemas.xmlsoap.org/wsdl/</con:type></con:part><con:part><con:url>file:/home/isr/git/parent/vehicleservice_1.1/VehicleServiceGateway/src/main/resources/wsdl/vehicleService/1.1.0/messages/vehicleServiceMessages_v1.1.xsd</con:url><con:content><![CDATA[<xsd:schema targetNamespace="http://fidus.brussels/service/vehicleservice/messages/v1.1" elementFormDefault="qualified" attributeFormDefault="unqualified" version="1.0" xmlns:xsd="http://www.w3.org/2001/XMLSchema" xmlns:cme="http://fidus.brussels/type/common/messages/v1" xmlns:exc="http://fidus.brussels/type/common/exceptions/v1" xmlns:tns="http://fidus.brussels/service/vehicleservice/messages/v1.1">
  <xsd:import namespace="http://fidus.brussels/type/common/messages/v1" schemaLocation="baseMessageTypes_v1.xsd"/>
  <xsd:import namespace="http://fidus.brussels/type/common/exceptions/v1" schemaLocation="exceptionTypes_v1.xsd"/>
  <xsd:complexType name="vehicleTitularRequestType">
    <xsd:annotation>
      <xsd:documentation>The vehicle whose information is requested.</xsd:documentation>
    </xsd:annotation>
    <xsd:sequence>
      <xsd:element name="PlateNr" form="unqualified" minOccurs="0">
        <xsd:annotation>
          <xsd:documentation xml:lang="en">License plate number</xsd:documentation>
        </xsd:annotation>
        <xsd:simpleType>
          <xsd:restriction base="xsd:string">
            <xsd:maxLength value="10"/>
          </xsd:restriction>
        </xsd:simpleType>
      </xsd:element>
      <xsd:element name="Vin" form="unqualified" minOccurs="0">
        <xsd:annotation>
          <xsd:documentation xml:lang="en">Vehicle Identification Number or Chassisnumber</xsd:documentation>
        </xsd:annotation>
        <xsd:simpleType>
          <xsd:restriction base="xsd:string">
            <xsd:maxLength value="17"/>
          </xsd:restriction>
        </xsd:simpleType>
      </xsd:element>
      <xsd:element name="Unifier" form="unqualified" minOccurs="0">
        <xsd:annotation>
          <xsd:documentation xml:lang="en">A code to make a unique VIN number</xsd:documentation>
        </xsd:annotation>
        <xsd:simpleType>
          <xsd:restriction base="xsd:string">
            <xsd:maxLength value="2"/>
          </xsd:restriction>
        </xsd:simpleType>
      </xsd:element>
      <xsd:element name="LanguageCode" form="unqualified" minOccurs="0">
        <xsd:annotation>
          <xsd:documentation xml:lang="en">Language of the CIM: 1 (Francais), 2 (Nederlands) or 3 (Deutsch)</xsd:documentation>
        </xsd:annotation>
        <xsd:simpleType>
          <xsd:restriction base="xsd:integer">
            <xsd:totalDigits value="1"/>
          </xsd:restriction>
        </xsd:simpleType>
      </xsd:element>
      <xsd:element name="IncidentDate" form="unqualified" minOccurs="0">
        <xsd:simpleType>
          <xsd:restriction base="xsd:integer">
            <xsd:totalDigits value="8"/>
          </xsd:restriction>
        </xsd:simpleType>
      </xsd:element>
    </xsd:sequence>
  </xsd:complexType>
  <!--Request getIdentity definition-->
  <xsd:complexType name="GetVehicleTitularRequestType">
    <xsd:sequence>
      <xsd:element name="messageContext" type="cme:RequestMessageContextType"/>
      <xsd:element name="legalContext" type="cme:LegalContextType"/>
      <xsd:element name="consumerContext" type="cme:ConsumerContextType"/>
      <xsd:element name="request" type="tns:vehicleTitularRequestType"/>
    </xsd:sequence>
  </xsd:complexType>
  <!--Request getIdentity definition-->
  <xsd:complexType name="GetVehicleTitularResponseType">
    <xsd:sequence>
      <xsd:element name="messageContext" type="cme:ResponseMessageContextType"/>
      <xsd:element name="responses" type="tns:VehicleTitularResponsesType" minOccurs="0"/>
      <xsd:element name="exceptions" type="exc:ExceptionsType" minOccurs="0">
        <xsd:annotation>
          <xsd:documentation>Technical errors that occur when processing the message context e.g. insufficient rights.</xsd:documentation>
        </xsd:annotation>
      </xsd:element>
    </xsd:sequence>
  </xsd:complexType>
  <xsd:complexType name="VehicleTitularResponsesType">
    <xsd:sequence>
      <xsd:element name="response" type="tns:VehicleTitularResponseType" minOccurs="1" maxOccurs="1"/>
    </xsd:sequence>
  </xsd:complexType>
  <xsd:complexType name="VehicleTitularResponseType">
    <xsd:sequence>
      <xsd:element name="ExportIKeys" form="unqualified">
        <xsd:complexType>
          <xsd:sequence>
            <xsd:element name="PlateNr" form="unqualified">
              <xsd:annotation>
                <xsd:documentation xml:lang="en">License plate number</xsd:documentation>
              </xsd:annotation>
              <xsd:simpleType>
                <xsd:restriction base="xsd:string">
                  <xsd:maxLength value="10"/>
                </xsd:restriction>
              </xsd:simpleType>
            </xsd:element>
            <xsd:element name="Vin" form="unqualified">
              <xsd:annotation>
                <xsd:documentation xml:lang="en">Vehicle Identification Number or Chassisnumber</xsd:documentation>
              </xsd:annotation>
              <xsd:simpleType>
                <xsd:restriction base="xsd:string">
                  <xsd:maxLength value="17"/>
                </xsd:restriction>
              </xsd:simpleType>
            </xsd:element>
            <xsd:element name="Unifier" form="unqualified">
              <xsd:annotation>
                <xsd:documentation xml:lang="en">A code to make a unique VIN number</xsd:documentation>
              </xsd:annotation>
              <xsd:simpleType>
                <xsd:restriction base="xsd:string">
                  <xsd:maxLength value="2"/>
                </xsd:restriction>
              </xsd:simpleType>
            </xsd:element>
            <xsd:element name="LanguageCode" form="unqualified">
              <xsd:annotation>
                <xsd:documentation xml:lang="en">Language of the CIM: 1 (Francais), 2 (Nederlands) or 3 (Deutsch)</xsd:documentation>
              </xsd:annotation>
              <xsd:simpleType>
                <xsd:restriction base="xsd:integer">
                  <xsd:totalDigits value="1"/>
                </xsd:restriction>
              </xsd:simpleType>
            </xsd:element>
            <xsd:element name="IncidentDate" form="unqualified">
              <xsd:simpleType>
                <xsd:restriction base="xsd:integer">
                  <xsd:totalDigits value="8"/>
                </xsd:restriction>
              </xsd:simpleType>
            </xsd:element>
          </xsd:sequence>
        </xsd:complexType>
      </xsd:element>
      <xsd:element name="ExportIMessage" form="unqualified">
        <xsd:complexType>
          <xsd:sequence>
            <xsd:element name="Code" form="unqualified">
              <xsd:annotation>
                <xsd:documentation xml:lang="en">An error code</xsd:documentation>
              </xsd:annotation>
              <xsd:simpleType>
                <xsd:restriction base="xsd:string">
                  <xsd:maxLength value="7"/>
                </xsd:restriction>
              </xsd:simpleType>
            </xsd:element>
            <xsd:element name="Label" form="unqualified">
              <xsd:annotation>
                <xsd:documentation xml:lang="en">The error code description</xsd:documentation>
              </xsd:annotation>
              <xsd:simpleType>
                <xsd:restriction base="xsd:string">
                  <xsd:maxLength value="255"/>
                </xsd:restriction>
              </xsd:simpleType>
            </xsd:element>
          </xsd:sequence>
        </xsd:complexType>
      </xsd:element>
      <xsd:element name="ExportITitular" form="unqualified">
        <xsd:complexType>
          <xsd:sequence>
            <xsd:element name="NationalId" form="unqualified">
              <xsd:annotation>
                <xsd:documentation xml:lang="en">A person his/her national ID</xsd:documentation>
              </xsd:annotation>
              <xsd:simpleType>
                <xsd:restriction base="xsd:string">
                  <xsd:maxLength value="11"/>
                </xsd:restriction>
              </xsd:simpleType>
            </xsd:element>
            <xsd:element name="LastName" form="unqualified">
              <xsd:annotation>
                <xsd:documentation xml:lang="en">Lastname in case of a physical person or a companyname in case of a moral person</xsd:documentation>
              </xsd:annotation>
              <xsd:simpleType>
                <xsd:restriction base="xsd:string">
                  <xsd:maxLength value="160"/>
                </xsd:restriction>
              </xsd:simpleType>
            </xsd:element>
            <xsd:element name="FirstName1" form="unqualified">
              <xsd:annotation>
                <xsd:documentation xml:lang="en">First forename</xsd:documentation>
              </xsd:annotation>
              <xsd:simpleType>
                <xsd:restriction base="xsd:string">
                  <xsd:maxLength value="50"/>
                </xsd:restriction>
              </xsd:simpleType>
            </xsd:element>
            <xsd:element name="FirstName2" form="unqualified">
              <xsd:annotation>
                <xsd:documentation xml:lang="en">Second forename</xsd:documentation>
              </xsd:annotation>
              <xsd:simpleType>
                <xsd:restriction base="xsd:string">
                  <xsd:maxLength value="50"/>
                </xsd:restriction>
              </xsd:simpleType>
            </xsd:element>
            <xsd:element name="FirstName3" form="unqualified">
              <xsd:annotation>
                <xsd:documentation xml:lang="en">Third forename</xsd:documentation>
              </xsd:annotation>
              <xsd:simpleType>
                <xsd:restriction base="xsd:string">
                  <xsd:maxLength value="50"/>
                </xsd:restriction>
              </xsd:simpleType>
            </xsd:element>
            <xsd:element name="StreetName" form="unqualified">
              <xsd:annotation>
                <xsd:documentation xml:lang="en">Name of the street</xsd:documentation>
              </xsd:annotation>
              <xsd:simpleType>
                <xsd:restriction base="xsd:string">
                  <xsd:maxLength value="100"/>
                </xsd:restriction>
              </xsd:simpleType>
            </xsd:element>
            <xsd:element name="HouseNr" form="unqualified">
              <xsd:annotation>
                <xsd:documentation xml:lang="en">The house number in the street</xsd:documentation>
              </xsd:annotation>
              <xsd:simpleType>
                <xsd:restriction base="xsd:string">
                  <xsd:maxLength value="11"/>
                </xsd:restriction>
              </xsd:simpleType>
            </xsd:element>
            <xsd:element name="BoxNr" form="unqualified">
              <xsd:annotation>
                <xsd:documentation xml:lang="en">The box number at the specific streetname and house_nr</xsd:documentation>
              </xsd:annotation>
              <xsd:simpleType>
                <xsd:restriction base="xsd:string">
                  <xsd:maxLength value="11"/>
                </xsd:restriction>
              </xsd:simpleType>
            </xsd:element>
            <xsd:element name="PostalCode" form="unqualified">
              <xsd:simpleType>
                <xsd:restriction base="xsd:string">
                  <xsd:maxLength value="4"/>
                </xsd:restriction>
              </xsd:simpleType>
            </xsd:element>
            <xsd:element name="CityName" form="unqualified">
              <xsd:simpleType>
                <xsd:restriction base="xsd:string">
                  <xsd:maxLength value="100"/>
                </xsd:restriction>
              </xsd:simpleType>
            </xsd:element>
            <xsd:element name="NisNr" form="unqualified">
              <xsd:annotation>
                <xsd:documentation xml:lang="en">Nis number, code given by the National Institute of Statistics</xsd:documentation>
              </xsd:annotation>
              <xsd:simpleType>
                <xsd:restriction base="xsd:string">
                  <xsd:maxLength value="5"/>
                </xsd:restriction>
              </xsd:simpleType>
            </xsd:element>
            <xsd:element name="CompanyNr" form="unqualified">
              <xsd:annotation>
                <xsd:documentation xml:lang="en">The CBE number of the company</xsd:documentation>
              </xsd:annotation>
              <xsd:simpleType>
                <xsd:restriction base="xsd:string">
                  <xsd:maxLength value="10"/>
                </xsd:restriction>
              </xsd:simpleType>
            </xsd:element>
          </xsd:sequence>
        </xsd:complexType>
      </xsd:element>
      <xsd:element name="ExportIRegistration" form="unqualified" minOccurs="0">
        <xsd:complexType>
          <xsd:sequence>
            <xsd:element name="StatusCode" form="unqualified">
              <xsd:annotation>
                <xsd:documentation xml:lang="en">Status code of a registration</xsd:documentation>
              </xsd:annotation>
              <xsd:simpleType>
                <xsd:restriction base="xsd:string">
                  <xsd:maxLength value="3"/>
                </xsd:restriction>
              </xsd:simpleType>
            </xsd:element>
            <xsd:element name="StatusLabel" form="unqualified">
              <xsd:annotation>
                <xsd:documentation xml:lang="en">Omschrijving van de status</xsd:documentation>
              </xsd:annotation>
              <xsd:simpleType>
                <xsd:restriction base="xsd:string">
                  <xsd:maxLength value="30"/>
                </xsd:restriction>
              </xsd:simpleType>
            </xsd:element>
            <xsd:element name="StartSituationDate" form="unqualified">
              <xsd:annotation>
                <xsd:documentation xml:lang="en">The date when the status was accorded to this registration</xsd:documentation>
              </xsd:annotation>
              <xsd:simpleType>
                <xsd:restriction base="xsd:integer">
                  <xsd:totalDigits value="8"/>
                </xsd:restriction>
              </xsd:simpleType>
            </xsd:element>
            <xsd:element name="LanguageCode" form="unqualified">
              <xsd:annotation>
                <xsd:documentation xml:lang="en">Certificate language: 1 (Francais), 2 (Nederlands) or 3 (Deutsch)</xsd:documentation>
              </xsd:annotation>
              <xsd:simpleType>
                <xsd:restriction base="xsd:integer">
                  <xsd:totalDigits value="1"/>
                </xsd:restriction>
              </xsd:simpleType>
            </xsd:element>
          </xsd:sequence>
        </xsd:complexType>
      </xsd:element>
      <xsd:element name="ExportIVehicle" form="unqualified">
        <xsd:complexType>
          <xsd:sequence>
            <xsd:element name="Vin" form="unqualified">
              <xsd:annotation>
                <xsd:documentation xml:lang="en">Vehicle Identification Number or Chassisnumber</xsd:documentation>
              </xsd:annotation>
              <xsd:simpleType>
                <xsd:restriction base="xsd:string">
                  <xsd:maxLength value="17"/>
                </xsd:restriction>
              </xsd:simpleType>
            </xsd:element>
            <xsd:element name="Unifier" form="unqualified">
              <xsd:annotation>
                <xsd:documentation xml:lang="en">A code to make a unique VIN number</xsd:documentation>
              </xsd:annotation>
              <xsd:simpleType>
                <xsd:restriction base="xsd:string">
                  <xsd:maxLength value="2"/>
                </xsd:restriction>
              </xsd:simpleType>
            </xsd:element>
            <xsd:element name="CommercialName" form="unqualified">
              <xsd:annotation>
                <xsd:documentation xml:lang="en">Commercial name of vehicle (CoC 2.0.1)</xsd:documentation>
              </xsd:annotation>
              <xsd:simpleType>
                <xsd:restriction base="xsd:string">
                  <xsd:maxLength value="60"/>
                </xsd:restriction>
              </xsd:simpleType>
            </xsd:element>
          </xsd:sequence>
        </xsd:complexType>
      </xsd:element>
    </xsd:sequence>
  </xsd:complexType>
  <xsd:complexType name="vehicleRegistrationRequestType">
    <xsd:annotation>
      <xsd:documentation>The vehicle whose information is requested.</xsd:documentation>
    </xsd:annotation>
    <xsd:sequence>
      <xsd:element name="PlateNr" form="unqualified" minOccurs="0">
        <xsd:annotation>
          <xsd:documentation xml:lang="en">License plate number</xsd:documentation>
        </xsd:annotation>
        <xsd:simpleType>
          <xsd:restriction base="xsd:string">
            <xsd:maxLength value="10"/>
          </xsd:restriction>
        </xsd:simpleType>
      </xsd:element>
      <xsd:element name="Vin" form="unqualified" minOccurs="0">
        <xsd:annotation>
          <xsd:documentation xml:lang="en">Vehicle Identification Number or Chassisnumber</xsd:documentation>
        </xsd:annotation>
        <xsd:simpleType>
          <xsd:restriction base="xsd:string">
            <xsd:maxLength value="17"/>
          </xsd:restriction>
        </xsd:simpleType>
      </xsd:element>
      <xsd:element name="Unifier" form="unqualified" minOccurs="0">
        <xsd:annotation>
          <xsd:documentation xml:lang="en">A code to make a unique VIN number</xsd:documentation>
        </xsd:annotation>
        <xsd:simpleType>
          <xsd:restriction base="xsd:string">
            <xsd:maxLength value="2"/>
          </xsd:restriction>
        </xsd:simpleType>
      </xsd:element>
      <xsd:element name="NationalId" form="unqualified" minOccurs="0">
        <xsd:annotation>
          <xsd:documentation xml:lang="en">A person his/her national ID</xsd:documentation>
        </xsd:annotation>
        <xsd:simpleType>
          <xsd:restriction base="xsd:string">
            <xsd:maxLength value="11"/>
          </xsd:restriction>
        </xsd:simpleType>
      </xsd:element>
      <xsd:element name="CompanyNr" form="unqualified" minOccurs="0">
        <xsd:annotation>
          <xsd:documentation xml:lang="en">The CBE number of the company</xsd:documentation>
        </xsd:annotation>
        <xsd:simpleType>
          <xsd:restriction base="xsd:string">
            <xsd:maxLength value="10"/>
          </xsd:restriction>
        </xsd:simpleType>
      </xsd:element>
      <xsd:element name="LanguageCode" form="unqualified" minOccurs="0">
        <xsd:annotation>
          <xsd:documentation xml:lang="en">Language of the CIM: 1 (Francais), 2 (Nederlands) or 3 (Deutsch)</xsd:documentation>
        </xsd:annotation>
        <xsd:simpleType>
          <xsd:restriction base="xsd:integer">
            <xsd:totalDigits value="1"/>
          </xsd:restriction>
        </xsd:simpleType>
      </xsd:element>
    </xsd:sequence>
  </xsd:complexType>
  <!--Request getIdentity definition-->
  <xsd:complexType name="GetVehicleRegistrationRequestType">
    <xsd:sequence>
      <xsd:element name="messageContext" type="cme:RequestMessageContextType"/>
      <xsd:element name="legalContext" type="cme:LegalContextType"/>
      <xsd:element name="consumerContext" type="cme:ConsumerContextType"/>
      <xsd:element name="request" type="tns:vehicleRegistrationRequestType"/>
    </xsd:sequence>
  </xsd:complexType>
  <!--Request getIdentity definition-->
  <xsd:complexType name="GetVehicleRegistrationResponseType">
    <xsd:sequence>
      <xsd:element name="messageContext" type="cme:ResponseMessageContextType"/>
      <xsd:element name="responses" type="tns:VehicleRegistrationResponsesType" minOccurs="0"/>
      <xsd:element name="exceptions" type="exc:ExceptionsType" minOccurs="0">
        <xsd:annotation>
          <xsd:documentation>Technical errors that occur when processing the message context e.g. insufficient rights.</xsd:documentation>
        </xsd:annotation>
      </xsd:element>
    </xsd:sequence>
  </xsd:complexType>
  <xsd:complexType name="VehicleRegistrationResponsesType">
    <xsd:sequence>
      <xsd:element name="response" type="tns:VehicleRegistrationResponseType" minOccurs="1" maxOccurs="1"/>
    </xsd:sequence>
  </xsd:complexType>
  <xsd:complexType name="VehicleRegistrationResponseType">
    <xsd:sequence>
      <xsd:element name="ExportIKeys" form="unqualified">
        <xsd:complexType>
          <xsd:sequence>
            <xsd:element name="PlateNr" form="unqualified">
              <xsd:annotation>
                <xsd:documentation xml:lang="en">License plate number</xsd:documentation>
              </xsd:annotation>
              <xsd:simpleType>
                <xsd:restriction base="xsd:string">
                  <xsd:maxLength value="10"/>
                </xsd:restriction>
              </xsd:simpleType>
            </xsd:element>
            <xsd:element name="Vin" form="unqualified">
              <xsd:annotation>
                <xsd:documentation xml:lang="en">Vehicle Identification Number or Chassisnumber</xsd:documentation>
              </xsd:annotation>
              <xsd:simpleType>
                <xsd:restriction base="xsd:string">
                  <xsd:maxLength value="17"/>
                </xsd:restriction>
              </xsd:simpleType>
            </xsd:element>
            <xsd:element name="Unifier" form="unqualified">
              <xsd:annotation>
                <xsd:documentation xml:lang="en">A code to make a unique VIN number</xsd:documentation>
              </xsd:annotation>
              <xsd:simpleType>
                <xsd:restriction base="xsd:string">
                  <xsd:maxLength value="2"/>
                </xsd:restriction>
              </xsd:simpleType>
            </xsd:element>
            <xsd:element name="NationalId" form="unqualified">
              <xsd:annotation>
                <xsd:documentation xml:lang="en">A person his/her national ID</xsd:documentation>
              </xsd:annotation>
              <xsd:simpleType>
                <xsd:restriction base="xsd:string">
                  <xsd:maxLength value="11"/>
                </xsd:restriction>
              </xsd:simpleType>
            </xsd:element>
            <xsd:element name="CompanyNr" form="unqualified">
              <xsd:annotation>
                <xsd:documentation xml:lang="en">The CBE number of the company</xsd:documentation>
              </xsd:annotation>
              <xsd:simpleType>
                <xsd:restriction base="xsd:string">
                  <xsd:maxLength value="10"/>
                </xsd:restriction>
              </xsd:simpleType>
            </xsd:element>
            <xsd:element name="LanguageCode" form="unqualified">
              <xsd:annotation>
                <xsd:documentation xml:lang="en">Language of the CIM: 1 (Francais), 2 (Nederlands) or 3 (Deutsch)</xsd:documentation>
              </xsd:annotation>
              <xsd:simpleType>
                <xsd:restriction base="xsd:integer">
                  <xsd:totalDigits value="1"/>
                </xsd:restriction>
              </xsd:simpleType>
            </xsd:element>
          </xsd:sequence>
        </xsd:complexType>
      </xsd:element>
      <xsd:element name="ExportIMessage" form="unqualified">
        <xsd:complexType>
          <xsd:sequence>
            <xsd:element name="Code" form="unqualified">
              <xsd:annotation>
                <xsd:documentation xml:lang="en">An error code</xsd:documentation>
              </xsd:annotation>
              <xsd:simpleType>
                <xsd:restriction base="xsd:string">
                  <xsd:maxLength value="7"/>
                </xsd:restriction>
              </xsd:simpleType>
            </xsd:element>
            <xsd:element name="Label" form="unqualified">
              <xsd:annotation>
                <xsd:documentation xml:lang="en">The error code description</xsd:documentation>
              </xsd:annotation>
              <xsd:simpleType>
                <xsd:restriction base="xsd:string">
                  <xsd:maxLength value="255"/>
                </xsd:restriction>
              </xsd:simpleType>
            </xsd:element>
          </xsd:sequence>
        </xsd:complexType>
      </xsd:element>
      <xsd:element name="ExportGroup" form="unqualified">
        <xsd:complexType>
          <xsd:sequence>
            <xsd:element name="row" form="unqualified" minOccurs="0" maxOccurs="5">
              <xsd:complexType>
                <xsd:sequence>
                  <xsd:element name="ExportGrITitular" form="unqualified">
                    <xsd:complexType>
                      <xsd:sequence>
                        <xsd:element name="NationalId" form="unqualified">
                          <xsd:annotation>
                            <xsd:documentation xml:lang="en">A person his/her national ID</xsd:documentation>
                          </xsd:annotation>
                          <xsd:simpleType>
                            <xsd:restriction base="xsd:string">
                              <xsd:maxLength value="11"/>
                            </xsd:restriction>
                          </xsd:simpleType>
                        </xsd:element>
                        <xsd:element name="TitularId" form="unqualified">
                          <xsd:simpleType>
                            <xsd:restriction base="xsd:integer">
                              <xsd:totalDigits value="10"/>
                            </xsd:restriction>
                          </xsd:simpleType>
                        </xsd:element>
                        <xsd:element name="LastName" form="unqualified">
                          <xsd:annotation>
                            <xsd:documentation xml:lang="en">Lastname in case of a physical person or a companyname in case of a moral person</xsd:documentation>
                          </xsd:annotation>
                          <xsd:simpleType>
                            <xsd:restriction base="xsd:string">
                              <xsd:maxLength value="160"/>
                            </xsd:restriction>
                          </xsd:simpleType>
                        </xsd:element>
                        <xsd:element name="FirstName1" form="unqualified">
                          <xsd:annotation>
                            <xsd:documentation xml:lang="en">First forename</xsd:documentation>
                          </xsd:annotation>
                          <xsd:simpleType>
                            <xsd:restriction base="xsd:string">
                              <xsd:maxLength value="50"/>
                            </xsd:restriction>
                          </xsd:simpleType>
                        </xsd:element>
                        <xsd:element name="FirstName2" form="unqualified">
                          <xsd:annotation>
                            <xsd:documentation xml:lang="en">Second forename</xsd:documentation>
                          </xsd:annotation>
                          <xsd:simpleType>
                            <xsd:restriction base="xsd:string">
                              <xsd:maxLength value="50"/>
                            </xsd:restriction>
                          </xsd:simpleType>
                        </xsd:element>
                        <xsd:element name="FirstName3" form="unqualified">
                          <xsd:annotation>
                            <xsd:documentation xml:lang="en">Third forename</xsd:documentation>
                          </xsd:annotation>
                          <xsd:simpleType>
                            <xsd:restriction base="xsd:string">
                              <xsd:maxLength value="50"/>
                            </xsd:restriction>
                          </xsd:simpleType>
                        </xsd:element>
                        <xsd:element name="BirthDate" form="unqualified">
                          <xsd:annotation>
                            <xsd:documentation xml:lang="en">Date of birth</xsd:documentation>
                          </xsd:annotation>
                          <xsd:simpleType>
                            <xsd:restriction base="xsd:integer">
                              <xsd:totalDigits value="8"/>
                            </xsd:restriction>
                          </xsd:simpleType>
                        </xsd:element>
                        <xsd:element name="DeathDate" form="unqualified">
                          <xsd:annotation>
                            <xsd:documentation xml:lang="en">Date of death</xsd:documentation>
                          </xsd:annotation>
                          <xsd:simpleType>
                            <xsd:restriction base="xsd:integer">
                              <xsd:totalDigits value="8"/>
                            </xsd:restriction>
                          </xsd:simpleType>
                        </xsd:element>
                        <xsd:element name="StreetName" form="unqualified">
                          <xsd:annotation>
                            <xsd:documentation xml:lang="en">Name of the street</xsd:documentation>
                          </xsd:annotation>
                          <xsd:simpleType>
                            <xsd:restriction base="xsd:string">
                              <xsd:maxLength value="100"/>
                            </xsd:restriction>
                          </xsd:simpleType>
                        </xsd:element>
                        <xsd:element name="HouseNr" form="unqualified">
                          <xsd:annotation>
                            <xsd:documentation xml:lang="en">The house number in the street</xsd:documentation>
                          </xsd:annotation>
                          <xsd:simpleType>
                            <xsd:restriction base="xsd:string">
                              <xsd:maxLength value="11"/>
                            </xsd:restriction>
                          </xsd:simpleType>
                        </xsd:element>
                        <xsd:element name="BoxNr" form="unqualified">
                          <xsd:annotation>
                            <xsd:documentation xml:lang="en">The box number at the specific streetname and house_nr</xsd:documentation>
                          </xsd:annotation>
                          <xsd:simpleType>
                            <xsd:restriction base="xsd:string">
                              <xsd:maxLength value="11"/>
                            </xsd:restriction>
                          </xsd:simpleType>
                        </xsd:element>
                        <xsd:element name="PostalCode" form="unqualified">
                          <xsd:simpleType>
                            <xsd:restriction base="xsd:string">
                              <xsd:maxLength value="4"/>
                            </xsd:restriction>
                          </xsd:simpleType>
                        </xsd:element>
                        <xsd:element name="CityName" form="unqualified">
                          <xsd:simpleType>
                            <xsd:restriction base="xsd:string">
                              <xsd:maxLength value="100"/>
                            </xsd:restriction>
                          </xsd:simpleType>
                        </xsd:element>
                        <xsd:element name="NisNr" form="unqualified">
                          <xsd:annotation>
                            <xsd:documentation xml:lang="en">Nis number, code given by the National Institute of Statistics</xsd:documentation>
                          </xsd:annotation>
                          <xsd:simpleType>
                            <xsd:restriction base="xsd:string">
                              <xsd:maxLength value="5"/>
                            </xsd:restriction>
                          </xsd:simpleType>
                        </xsd:element>
                        <xsd:element name="NatRegStreetNr" form="unqualified">
                          <xsd:simpleType>
                            <xsd:restriction base="xsd:string">
                              <xsd:maxLength value="4"/>
                            </xsd:restriction>
                          </xsd:simpleType>
                        </xsd:element>
                        <xsd:element name="CompanyNr" form="unqualified">
                          <xsd:annotation>
                            <xsd:documentation xml:lang="en">The CBE number of the company</xsd:documentation>
                          </xsd:annotation>
                          <xsd:simpleType>
                            <xsd:restriction base="xsd:string">
                              <xsd:maxLength value="10"/>
                            </xsd:restriction>
                          </xsd:simpleType>
                        </xsd:element>
                        <xsd:element name="CompanyBeginDate" form="unqualified">
                          <xsd:annotation>
                            <xsd:documentation xml:lang="en">The begin date of the company</xsd:documentation>
                          </xsd:annotation>
                          <xsd:simpleType>
                            <xsd:restriction base="xsd:integer">
                              <xsd:totalDigits value="8"/>
                            </xsd:restriction>
                          </xsd:simpleType>
                        </xsd:element>
                        <xsd:element name="CompanyEndDate" form="unqualified">
                          <xsd:annotation>
                            <xsd:documentation xml:lang="en">The end date of a company</xsd:documentation>
                          </xsd:annotation>
                          <xsd:simpleType>
                            <xsd:restriction base="xsd:integer">
                              <xsd:totalDigits value="8"/>
                            </xsd:restriction>
                          </xsd:simpleType>
                        </xsd:element>
                        <xsd:element name="CompanyLegalStateCode" form="unqualified">
                          <xsd:simpleType>
                            <xsd:restriction base="xsd:string">
                              <xsd:maxLength value="3"/>
                            </xsd:restriction>
                          </xsd:simpleType>
                        </xsd:element>
                        <xsd:element name="CompanyLegalStateDesc" form="unqualified">
                          <xsd:simpleType>
                            <xsd:restriction base="xsd:string">
                              <xsd:maxLength value="60"/>
                            </xsd:restriction>
                          </xsd:simpleType>
                        </xsd:element>
                        <xsd:element name="CompanyLegalFormCode" form="unqualified">
                          <xsd:simpleType>
                            <xsd:restriction base="xsd:string">
                              <xsd:maxLength value="3"/>
                            </xsd:restriction>
                          </xsd:simpleType>
                        </xsd:element>
                        <xsd:element name="CompanyLegalFormDesc" form="unqualified">
                          <xsd:simpleType>
                            <xsd:restriction base="xsd:string">
                              <xsd:maxLength value="60"/>
                            </xsd:restriction>
                          </xsd:simpleType>
                        </xsd:element>
                      </xsd:sequence>
                    </xsd:complexType>
                  </xsd:element>
                  <xsd:element name="ExportGrIRegistration" form="unqualified">
                    <xsd:complexType>
                      <xsd:sequence>
                        <xsd:element name="PlateNr" form="unqualified">
                          <xsd:annotation>
                            <xsd:documentation xml:lang="en">Number as it appears on the plate without any edit characters</xsd:documentation>
                          </xsd:annotation>
                          <xsd:simpleType>
                            <xsd:restriction base="xsd:string">
                              <xsd:maxLength value="10"/>
                            </xsd:restriction>
                          </xsd:simpleType>
                        </xsd:element>
                        <xsd:element name="PlateType" form="unqualified">
                          <xsd:annotation>
                            <xsd:documentation xml:lang="en">License plate type</xsd:documentation>
                          </xsd:annotation>
                          <xsd:simpleType>
                            <xsd:restriction base="xsd:string">
                              <xsd:maxLength value="3"/>
                            </xsd:restriction>
                          </xsd:simpleType>
                        </xsd:element>
                        <xsd:element name="PlateTypeLabel" form="unqualified">
                          <xsd:simpleType>
                            <xsd:restriction base="xsd:string">
                              <xsd:maxLength value="30"/>
                            </xsd:restriction>
                          </xsd:simpleType>
                        </xsd:element>
                        <xsd:element name="TitularRegDate" form="unqualified" minOccurs="0">
                          <xsd:annotation>
                            <xsd:documentation xml:lang="en">Date when the titular is first assigned the plate</xsd:documentation>
                          </xsd:annotation>
                          <xsd:simpleType>
                            <xsd:restriction base="xsd:integer">
                              <xsd:totalDigits value="8"/>
                            </xsd:restriction>
                          </xsd:simpleType>
                        </xsd:element>
                        <xsd:element name="LastRegDate" form="unqualified" minOccurs="0">
                          <xsd:annotation>
                            <xsd:documentation xml:lang="en">Date when the vehicle was lat registered, when the vehicle was linked to the registration</xsd:documentation>
                          </xsd:annotation>
                          <xsd:simpleType>
                            <xsd:restriction base="xsd:integer">
                              <xsd:totalDigits value="8"/>
                            </xsd:restriction>
                          </xsd:simpleType>
                        </xsd:element>
                        <xsd:element name="EndDate" form="unqualified" minOccurs="0">
                          <xsd:annotation>
                            <xsd:documentation xml:lang="en">The planned end date for the validity of temporary and commercial plates.</xsd:documentation>
                          </xsd:annotation>
                          <xsd:simpleType>
                            <xsd:restriction base="xsd:integer">
                              <xsd:totalDigits value="8"/>
                            </xsd:restriction>
                          </xsd:simpleType>
                        </xsd:element>
                        <xsd:element name="StartSituationDate" form="unqualified" minOccurs="0">
                          <xsd:annotation>
                            <xsd:documentation xml:lang="en">The date when the status was accorded to this registration</xsd:documentation>
                          </xsd:annotation>
                          <xsd:simpleType>
                            <xsd:restriction base="xsd:integer">
                              <xsd:totalDigits value="8"/>
                            </xsd:restriction>
                          </xsd:simpleType>
                        </xsd:element>
                        <xsd:element name="LastUpdate" form="unqualified" minOccurs="0">
                          <xsd:annotation>
                            <xsd:documentation xml:lang="en">Date and time when the registration data was last changed</xsd:documentation>
                          </xsd:annotation>
                          <xsd:simpleType>
                            <xsd:restriction base="xsd:string">
                              <xsd:maxLength value="20"/>
                            </xsd:restriction>
                          </xsd:simpleType>
                        </xsd:element>
                        <xsd:element name="StatusCode" form="unqualified" minOccurs="0">
                          <xsd:annotation>
                            <xsd:documentation xml:lang="en">Status code of a registration</xsd:documentation>
                          </xsd:annotation>
                          <xsd:simpleType>
                            <xsd:restriction base="xsd:string">
                              <xsd:maxLength value="3"/>
                            </xsd:restriction>
                          </xsd:simpleType>
                        </xsd:element>
                        <xsd:element name="StatusLabel" form="unqualified" minOccurs="0">
                          <xsd:annotation>
                            <xsd:documentation xml:lang="en">Omschrijving van de status</xsd:documentation>
                          </xsd:annotation>
                          <xsd:simpleType>
                            <xsd:restriction base="xsd:string">
                              <xsd:maxLength value="30"/>
                            </xsd:restriction>
                          </xsd:simpleType>
                        </xsd:element>
                        <xsd:element name="LegalStatusCode" form="unqualified" minOccurs="0">
                          <xsd:simpleType>
                            <xsd:restriction base="xsd:string">
                              <xsd:maxLength value="3"/>
                            </xsd:restriction>
                          </xsd:simpleType>
                        </xsd:element>
                        <xsd:element name="LegalStatusLabel" form="unqualified" minOccurs="0">
                          <xsd:simpleType>
                            <xsd:restriction base="xsd:string">
                              <xsd:maxLength value="30"/>
                            </xsd:restriction>
                          </xsd:simpleType>
                        </xsd:element>
                        <xsd:element name="AdministrativeStatusCode" form="unqualified" minOccurs="0">
                          <xsd:simpleType>
                            <xsd:restriction base="xsd:string">
                              <xsd:maxLength value="3"/>
                            </xsd:restriction>
                          </xsd:simpleType>
                        </xsd:element>
                        <xsd:element name="AdministrativeStatusLabel" form="unqualified" minOccurs="0">
                          <xsd:simpleType>
                            <xsd:restriction base="xsd:string">
                              <xsd:maxLength value="30"/>
                            </xsd:restriction>
                          </xsd:simpleType>
                        </xsd:element>
                        <xsd:element name="LanguageCode" form="unqualified" minOccurs="0">
                          <xsd:annotation>
                            <xsd:documentation xml:lang="en">Certificate language: 1 (Francais), 2 (Nederlands) or 3 (Deutsch)</xsd:documentation>
                          </xsd:annotation>
                          <xsd:simpleType>
                            <xsd:restriction base="xsd:integer">
                              <xsd:totalDigits value="1"/>
                            </xsd:restriction>
                          </xsd:simpleType>
                        </xsd:element>
                      </xsd:sequence>
                    </xsd:complexType>
                  </xsd:element>
                  <xsd:element name="ExportGrIInsurance" form="unqualified" minOccurs="0">
                    <xsd:complexType>
                      <xsd:sequence>
                        <xsd:element name="Code" form="unqualified">
                          <xsd:annotation>
                            <xsd:documentation xml:lang="en">Insurance company number</xsd:documentation>
                          </xsd:annotation>
                          <xsd:simpleType>
                            <xsd:restriction base="xsd:string">
                              <xsd:maxLength value="10"/>
                            </xsd:restriction>
                          </xsd:simpleType>
                        </xsd:element>
                        <xsd:element name="CompanyName" form="unqualified">
                          <xsd:simpleType>
                            <xsd:restriction base="xsd:string">
                              <xsd:maxLength value="80"/>
                            </xsd:restriction>
                          </xsd:simpleType>
                        </xsd:element>
                      </xsd:sequence>
                    </xsd:complexType>
                  </xsd:element>
                  <xsd:element name="ExportGrIVehicle" form="unqualified">
                    <xsd:complexType>
                      <xsd:sequence>
                        <xsd:element name="Vin" form="unqualified">
                          <xsd:annotation>
                            <xsd:documentation xml:lang="en">Vehicle Identification Number or Chassisnumber</xsd:documentation>
                          </xsd:annotation>
                          <xsd:simpleType>
                            <xsd:restriction base="xsd:string">
                              <xsd:maxLength value="17"/>
                            </xsd:restriction>
                          </xsd:simpleType>
                        </xsd:element>
                        <xsd:element name="Unifier" form="unqualified">
                          <xsd:annotation>
                            <xsd:documentation xml:lang="en">A code to make a unique VIN number</xsd:documentation>
                          </xsd:annotation>
                          <xsd:simpleType>
                            <xsd:restriction base="xsd:string">
                              <xsd:maxLength value="2"/>
                            </xsd:restriction>
                          </xsd:simpleType>
                        </xsd:element>
                        <xsd:element name="CategoryCode" form="unqualified">
                          <xsd:annotation>
                            <xsd:documentation xml:lang="en">European category code</xsd:documentation>
                          </xsd:annotation>
                          <xsd:simpleType>
                            <xsd:restriction base="xsd:string">
                              <xsd:maxLength value="10"/>
                            </xsd:restriction>
                          </xsd:simpleType>
                        </xsd:element>
                        <xsd:element name="CategoryLabel" form="unqualified">
                          <xsd:annotation>
                            <xsd:documentation xml:lang="en">European category description</xsd:documentation>
                          </xsd:annotation>
                          <xsd:simpleType>
                            <xsd:restriction base="xsd:string">
                              <xsd:maxLength value="100"/>
                            </xsd:restriction>
                          </xsd:simpleType>
                        </xsd:element>
                        <xsd:element name="BodyworktypeCode" form="unqualified">
                          <xsd:annotation>
                            <xsd:documentation xml:lang="en">European code for bodywork type</xsd:documentation>
                          </xsd:annotation>
                          <xsd:simpleType>
                            <xsd:restriction base="xsd:string">
                              <xsd:maxLength value="2"/>
                            </xsd:restriction>
                          </xsd:simpleType>
                        </xsd:element>
                        <xsd:element name="BodyworktypeLabel" form="unqualified">
                          <xsd:annotation>
                            <xsd:documentation xml:lang="en">Description for the european code for bodywork type</xsd:documentation>
                          </xsd:annotation>
                          <xsd:simpleType>
                            <xsd:restriction base="xsd:string">
                              <xsd:maxLength value="30"/>
                            </xsd:restriction>
                          </xsd:simpleType>
                        </xsd:element>
                        <xsd:element name="CommercialName" form="unqualified">
                          <xsd:annotation>
                            <xsd:documentation xml:lang="en">Commercial name of vehicle (CoC 2.0.1)</xsd:documentation>
                          </xsd:annotation>
                          <xsd:simpleType>
                            <xsd:restriction base="xsd:string">
                              <xsd:maxLength value="60"/>
                            </xsd:restriction>
                          </xsd:simpleType>
                        </xsd:element>
                        <xsd:element name="MakeName" form="unqualified">
                          <xsd:annotation>
                            <xsd:documentation xml:lang="en">Make name</xsd:documentation>
                          </xsd:annotation>
                          <xsd:simpleType>
                            <xsd:restriction base="xsd:string">
                              <xsd:maxLength value="20"/>
                            </xsd:restriction>
                          </xsd:simpleType>
                        </xsd:element>
                        <xsd:element name="KindCode" form="unqualified">
                          <xsd:annotation>
                            <xsd:documentation xml:lang="en">Vehicle kind code</xsd:documentation>
                          </xsd:annotation>
                          <xsd:simpleType>
                            <xsd:restriction base="xsd:string">
                              <xsd:maxLength value="2"/>
                            </xsd:restriction>
                          </xsd:simpleType>
                        </xsd:element>
                        <xsd:element name="KindLabel" form="unqualified">
                          <xsd:annotation>
                            <xsd:documentation xml:lang="en">Vehicle kind description</xsd:documentation>
                          </xsd:annotation>
                          <xsd:simpleType>
                            <xsd:restriction base="xsd:string">
                              <xsd:maxLength value="30"/>
                            </xsd:restriction>
                          </xsd:simpleType>
                        </xsd:element>
                        <xsd:element name="FuelCode" form="unqualified">
                          <xsd:annotation>
                            <xsd:documentation xml:lang="en">Fuel code</xsd:documentation>
                          </xsd:annotation>
                          <xsd:simpleType>
                            <xsd:restriction base="xsd:string">
                              <xsd:maxLength value="2"/>
                            </xsd:restriction>
                          </xsd:simpleType>
                        </xsd:element>
                        <xsd:element name="FuelLabel" form="unqualified">
                          <xsd:annotation>
                            <xsd:documentation xml:lang="en">Fuel description</xsd:documentation>
                          </xsd:annotation>
                          <xsd:simpleType>
                            <xsd:restriction base="xsd:string">
                              <xsd:maxLength value="30"/>
                            </xsd:restriction>
                          </xsd:simpleType>
                        </xsd:element>
                        <xsd:element name="EuroNormCode" form="unqualified">
                          <xsd:annotation>
                            <xsd:documentation xml:lang="en">Euronorm</xsd:documentation>
                          </xsd:annotation>
                          <xsd:simpleType>
                            <xsd:restriction base="xsd:string">
                              <xsd:maxLength value="3"/>
                            </xsd:restriction>
                          </xsd:simpleType>
                        </xsd:element>
                        <xsd:element name="BuildDate" form="unqualified" minOccurs="0">
                          <xsd:annotation>
                            <xsd:documentation xml:lang="en">Vehicle build date</xsd:documentation>
                          </xsd:annotation>
                          <xsd:simpleType>
                            <xsd:restriction base="xsd:integer">
                              <xsd:totalDigits value="8"/>
                            </xsd:restriction>
                          </xsd:simpleType>
                        </xsd:element>
                        <xsd:element name="FirstRegistrationDate" form="unqualified">
                          <xsd:annotation>
                            <xsd:documentation xml:lang="en">Vehicle first registration date (the first time a plate was assigned to it)</xsd:documentation>
                          </xsd:annotation>
                          <xsd:simpleType>
                            <xsd:restriction base="xsd:integer">
                              <xsd:totalDigits value="8"/>
                            </xsd:restriction>
                          </xsd:simpleType>
                        </xsd:element>
                        <xsd:element name="TotalCylinderCapacity" form="unqualified" minOccurs="0">
                          <xsd:annotation>
                            <xsd:documentation xml:lang="en">Vehicle cylinder (cc)</xsd:documentation>
                          </xsd:annotation>
                          <xsd:simpleType>
                            <xsd:restriction base="xsd:integer">
                              <xsd:totalDigits value="5"/>
                            </xsd:restriction>
                          </xsd:simpleType>
                        </xsd:element>
                        <xsd:element name="StatusCode" form="unqualified" minOccurs="0">
                          <xsd:annotation>
                            <xsd:documentation xml:lang="en">Vehicle life cycle status</xsd:documentation>
                          </xsd:annotation>
                          <xsd:simpleType>
                            <xsd:restriction base="xsd:string">
                              <xsd:maxLength value="3"/>
                            </xsd:restriction>
                          </xsd:simpleType>
                        </xsd:element>
                        <xsd:element name="StatusLabel" form="unqualified" minOccurs="0">
                          <xsd:annotation>
                            <xsd:documentation xml:lang="en">Description of the vehicle life cycle status</xsd:documentation>
                          </xsd:annotation>
                          <xsd:simpleType>
                            <xsd:restriction base="xsd:string">
                              <xsd:maxLength value="30"/>
                            </xsd:restriction>
                          </xsd:simpleType>
                        </xsd:element>
                        <xsd:element name="LegalStatusCode" form="unqualified" minOccurs="0">
                          <xsd:annotation>
                            <xsd:documentation xml:lang="en">Vehicle legal status</xsd:documentation>
                          </xsd:annotation>
                          <xsd:simpleType>
                            <xsd:restriction base="xsd:string">
                              <xsd:maxLength value="3"/>
                            </xsd:restriction>
                          </xsd:simpleType>
                        </xsd:element>
                        <xsd:element name="LegalStatusLabel" form="unqualified" minOccurs="0">
                          <xsd:annotation>
                            <xsd:documentation xml:lang="en">Description of the vehicle legal status</xsd:documentation>
                          </xsd:annotation>
                          <xsd:simpleType>
                            <xsd:restriction base="xsd:string">
                              <xsd:maxLength value="30"/>
                            </xsd:restriction>
                          </xsd:simpleType>
                        </xsd:element>
                        <xsd:element name="AdministrativeStatusCode" form="unqualified" minOccurs="0">
                          <xsd:annotation>
                            <xsd:documentation xml:lang="en">Vehicle administrative status</xsd:documentation>
                          </xsd:annotation>
                          <xsd:simpleType>
                            <xsd:restriction base="xsd:string">
                              <xsd:maxLength value="3"/>
                            </xsd:restriction>
                          </xsd:simpleType>
                        </xsd:element>
                        <xsd:element name="AdministrativeStatusLabel" form="unqualified" minOccurs="0">
                          <xsd:annotation>
                            <xsd:documentation xml:lang="en">Description of the vehicle administrative status</xsd:documentation>
                          </xsd:annotation>
                          <xsd:simpleType>
                            <xsd:restriction base="xsd:string">
                              <xsd:maxLength value="30"/>
                            </xsd:restriction>
                          </xsd:simpleType>
                        </xsd:element>
                      </xsd:sequence>
                    </xsd:complexType>
                  </xsd:element>
                </xsd:sequence>
              </xsd:complexType>
            </xsd:element>
          </xsd:sequence>
        </xsd:complexType>
      </xsd:element>
    </xsd:sequence>
  </xsd:complexType>
  <xsd:complexType name="VehicleInformationRequestType">
    <xsd:annotation>
      <xsd:documentation>The vehicle whose information is requested.</xsd:documentation>
    </xsd:annotation>
    <xsd:sequence>
      <xsd:element name="Vin" form="unqualified" minOccurs="0">
        <xsd:annotation>
          <xsd:documentation xml:lang="en">Vehicle Identification Number or Chassisnumber</xsd:documentation>
        </xsd:annotation>
        <xsd:simpleType>
          <xsd:restriction base="xsd:string">
            <xsd:maxLength value="17"/>
          </xsd:restriction>
        </xsd:simpleType>
      </xsd:element>
      <xsd:element name="Unifier" form="unqualified" minOccurs="0">
        <xsd:annotation>
          <xsd:documentation xml:lang="en">A code to make a unique VIN number</xsd:documentation>
        </xsd:annotation>
        <xsd:simpleType>
          <xsd:restriction base="xsd:string">
            <xsd:maxLength value="2"/>
          </xsd:restriction>
        </xsd:simpleType>
      </xsd:element>
      <xsd:element name="LanguageCode" form="unqualified" minOccurs="0">
        <xsd:annotation>
          <xsd:documentation xml:lang="en">Language of the CIM: 1 (Francais), 2 (Nederlands) or 3 (Deutsch)</xsd:documentation>
        </xsd:annotation>
        <xsd:simpleType>
          <xsd:restriction base="xsd:integer">
            <xsd:totalDigits value="1"/>
          </xsd:restriction>
        </xsd:simpleType>
      </xsd:element>
    </xsd:sequence>
  </xsd:complexType>
  <xsd:complexType name="VehicleInformationResponseType">
    <xsd:sequence>
      <xsd:element name="ExportIKeys" form="unqualified">
        <xsd:complexType>
          <xsd:sequence>
            <xsd:element name="Vin" form="unqualified">
              <xsd:annotation>
                <xsd:documentation xml:lang="en">Vehicle Identification Number or Chassisnumber</xsd:documentation>
              </xsd:annotation>
              <xsd:simpleType>
                <xsd:restriction base="xsd:string">
                  <xsd:maxLength value="17"/>
                </xsd:restriction>
              </xsd:simpleType>
            </xsd:element>
            <xsd:element name="Unifier" form="unqualified">
              <xsd:annotation>
                <xsd:documentation xml:lang="en">A code to make a unique VIN number</xsd:documentation>
              </xsd:annotation>
              <xsd:simpleType>
                <xsd:restriction base="xsd:string">
                  <xsd:maxLength value="2"/>
                </xsd:restriction>
              </xsd:simpleType>
            </xsd:element>
            <xsd:element name="LanguageCode" form="unqualified">
              <xsd:annotation>
                <xsd:documentation xml:lang="en">Language of the CIM  
										1: Francais  
										2: Nederlands  
										3: Deutsch</xsd:documentation>
              </xsd:annotation>
              <xsd:simpleType>
                <xsd:restriction base="xsd:integer">
                  <xsd:totalDigits value="1"/>
                </xsd:restriction>
              </xsd:simpleType>
            </xsd:element>
          </xsd:sequence>
        </xsd:complexType>
      </xsd:element>
      <xsd:element name="ExportIMessage" form="unqualified">
        <xsd:complexType>
          <xsd:sequence>
            <xsd:element name="Code" form="unqualified">
              <xsd:annotation>
                <xsd:documentation xml:lang="en">An error code</xsd:documentation>
              </xsd:annotation>
              <xsd:simpleType>
                <xsd:restriction base="xsd:string">
                  <xsd:maxLength value="7"/>
                </xsd:restriction>
              </xsd:simpleType>
            </xsd:element>
            <xsd:element name="Label" form="unqualified">
              <xsd:annotation>
                <xsd:documentation xml:lang="en">The error code description</xsd:documentation>
              </xsd:annotation>
              <xsd:simpleType>
                <xsd:restriction base="xsd:string">
                  <xsd:maxLength value="255"/>
                </xsd:restriction>
              </xsd:simpleType>
            </xsd:element>
          </xsd:sequence>
        </xsd:complexType>
      </xsd:element>
      <xsd:element name="ExportIVehicle" form="unqualified">
        <xsd:complexType>
          <xsd:sequence>
            <xsd:element name="Vin" form="unqualified">
              <xsd:annotation>
                <xsd:documentation xml:lang="en">Vehicle Identification Number or Chassisnumber</xsd:documentation>
              </xsd:annotation>
              <xsd:simpleType>
                <xsd:restriction base="xsd:string">
                  <xsd:maxLength value="17"/>
                </xsd:restriction>
              </xsd:simpleType>
            </xsd:element>
            <xsd:element name="Unifier" form="unqualified">
              <xsd:annotation>
                <xsd:documentation xml:lang="en">A code to make a unique VIN number</xsd:documentation>
              </xsd:annotation>
              <xsd:simpleType>
                <xsd:restriction base="xsd:string">
                  <xsd:maxLength value="2"/>
                </xsd:restriction>
              </xsd:simpleType>
            </xsd:element>
            <xsd:element name="Wvta" form="unqualified">
              <xsd:annotation>
                <xsd:documentation xml:lang="en">European type approval</xsd:documentation>
              </xsd:annotation>
              <xsd:simpleType>
                <xsd:restriction base="xsd:string">
                  <xsd:maxLength value="40"/>
                </xsd:restriction>
              </xsd:simpleType>
            </xsd:element>
            <xsd:element name="Variant" form="unqualified">
              <xsd:annotation>
                <xsd:documentation xml:lang="en">Vehicle variant of the european approval</xsd:documentation>
              </xsd:annotation>
              <xsd:simpleType>
                <xsd:restriction base="xsd:string">
                  <xsd:maxLength value="25"/>
                </xsd:restriction>
              </xsd:simpleType>
            </xsd:element>
            <xsd:element name="Version" form="unqualified">
              <xsd:annotation>
                <xsd:documentation xml:lang="en">Vehicle version of the european approval</xsd:documentation>
              </xsd:annotation>
              <xsd:simpleType>
                <xsd:restriction base="xsd:string">
                  <xsd:maxLength value="35"/>
                </xsd:restriction>
              </xsd:simpleType>
            </xsd:element>
            <xsd:element name="Revision" form="unqualified">
              <xsd:annotation>
                <xsd:documentation xml:lang="en">Revision of the european approval</xsd:documentation>
              </xsd:annotation>
              <xsd:simpleType>
                <xsd:restriction base="xsd:integer">
                  <xsd:totalDigits value="2"/>
                </xsd:restriction>
              </xsd:simpleType>
            </xsd:element>
            <xsd:element name="Type" form="unqualified">
              <xsd:annotation>
                <xsd:documentation xml:lang="en">type of the european approval</xsd:documentation>
              </xsd:annotation>
              <xsd:simpleType>
                <xsd:restriction base="xsd:string">
                  <xsd:maxLength value="25"/>
                </xsd:restriction>
              </xsd:simpleType>
            </xsd:element>
            <xsd:element name="PvaBelgium" form="unqualified">
              <xsd:annotation>
                <xsd:documentation xml:lang="en">Belgian national approval</xsd:documentation>
              </xsd:annotation>
              <xsd:simpleType>
                <xsd:restriction base="xsd:string">
                  <xsd:maxLength value="6"/>
                </xsd:restriction>
              </xsd:simpleType>
            </xsd:element>
            <xsd:element name="FirstRegistrationDate" form="unqualified">
              <xsd:annotation>
                <xsd:documentation xml:lang="en">Vehicle first registration date (the first time a plate was assigned to it)</xsd:documentation>
              </xsd:annotation>
              <xsd:simpleType>
                <xsd:restriction base="xsd:integer">
                  <xsd:totalDigits value="8"/>
                </xsd:restriction>
              </xsd:simpleType>
            </xsd:element>
            <xsd:element name="BuildDate" form="unqualified">
              <xsd:annotation>
                <xsd:documentation xml:lang="en">Vehicle build date</xsd:documentation>
              </xsd:annotation>
              <xsd:simpleType>
                <xsd:restriction base="xsd:integer">
                  <xsd:totalDigits value="8"/>
                </xsd:restriction>
              </xsd:simpleType>
            </xsd:element>
            <xsd:element name="CategoryCode" form="unqualified">
              <xsd:annotation>
                <xsd:documentation xml:lang="en">European category code</xsd:documentation>
              </xsd:annotation>
              <xsd:simpleType>
                <xsd:restriction base="xsd:string">
                  <xsd:maxLength value="10"/>
                </xsd:restriction>
              </xsd:simpleType>
            </xsd:element>
            <xsd:element name="CategoryLabel" form="unqualified">
              <xsd:annotation>
                <xsd:documentation xml:lang="en">European category description</xsd:documentation>
              </xsd:annotation>
              <xsd:simpleType>
                <xsd:restriction base="xsd:string">
                  <xsd:maxLength value="100"/>
                </xsd:restriction>
              </xsd:simpleType>
            </xsd:element>
            <xsd:element name="BodyworktypeCode" form="unqualified">
              <xsd:annotation>
                <xsd:documentation xml:lang="en">European code for bodywork type</xsd:documentation>
              </xsd:annotation>
              <xsd:simpleType>
                <xsd:restriction base="xsd:string">
                  <xsd:maxLength value="2"/>
                </xsd:restriction>
              </xsd:simpleType>
            </xsd:element>
            <xsd:element name="BodyworktypeLabel" form="unqualified">
              <xsd:annotation/>
              <xsd:simpleType>
                <xsd:restriction base="xsd:string">
                  <xsd:maxLength value="30"/>
                </xsd:restriction>
              </xsd:simpleType>
            </xsd:element>
            <xsd:element name="KindCode" form="unqualified">
              <xsd:annotation>
                <xsd:documentation xml:lang="en">Vehicle kind code</xsd:documentation>
              </xsd:annotation>
              <xsd:simpleType>
                <xsd:restriction base="xsd:string">
                  <xsd:maxLength value="2"/>
                </xsd:restriction>
              </xsd:simpleType>
            </xsd:element>
            <xsd:element name="KindLabel" form="unqualified">
              <xsd:annotation>
                <xsd:documentation xml:lang="en">Vehicle kind description</xsd:documentation>
              </xsd:annotation>
              <xsd:simpleType>
                <xsd:restriction base="xsd:string">
                  <xsd:maxLength value="30"/>
                </xsd:restriction>
              </xsd:simpleType>
            </xsd:element>
            <xsd:element name="CommercialName" form="unqualified">
              <xsd:annotation>
                <xsd:documentation xml:lang="en">Commercial name of vehicle (CoC 2.0.1)</xsd:documentation>
              </xsd:annotation>
              <xsd:simpleType>
                <xsd:restriction base="xsd:string">
                  <xsd:maxLength value="60"/>
                </xsd:restriction>
              </xsd:simpleType>
            </xsd:element>
            <xsd:element name="MakeDivCode" form="unqualified">
              <xsd:annotation>
                <xsd:documentation xml:lang="en">Code of the make name</xsd:documentation>
              </xsd:annotation>
              <xsd:simpleType>
                <xsd:restriction base="xsd:string">
                  <xsd:maxLength value="4"/>
                </xsd:restriction>
              </xsd:simpleType>
            </xsd:element>
            <xsd:element name="MakeName" form="unqualified">
              <xsd:annotation>
                <xsd:documentation xml:lang="en">Make name</xsd:documentation>
              </xsd:annotation>
              <xsd:simpleType>
                <xsd:restriction base="xsd:string">
                  <xsd:maxLength value="20"/>
                </xsd:restriction>
              </xsd:simpleType>
            </xsd:element>
            <xsd:element name="TypeDivCode" form="unqualified">
              <xsd:annotation>
                <xsd:documentation xml:lang="en">Code of the national type</xsd:documentation>
              </xsd:annotation>
              <xsd:simpleType>
                <xsd:restriction base="xsd:string">
                  <xsd:maxLength value="5"/>
                </xsd:restriction>
              </xsd:simpleType>
            </xsd:element>
            <xsd:element name="MakeTypeDescr" form="unqualified">
              <xsd:annotation>
                <xsd:documentation xml:lang="en">National make and type of the vehicle</xsd:documentation>
              </xsd:annotation>
              <xsd:simpleType>
                <xsd:restriction base="xsd:string">
                  <xsd:maxLength value="60"/>
                </xsd:restriction>
              </xsd:simpleType>
            </xsd:element>
            <xsd:element name="EuroNormCode" form="unqualified">
              <xsd:annotation>
                <xsd:documentation xml:lang="en">Euronorm</xsd:documentation>
              </xsd:annotation>
              <xsd:simpleType>
                <xsd:restriction base="xsd:string">
                  <xsd:maxLength value="3"/>
                </xsd:restriction>
              </xsd:simpleType>
            </xsd:element>
            <xsd:element name="BuildupCode" form="unqualified">
              <xsd:annotation>
                <xsd:documentation xml:lang="en">Vehicle buildup code</xsd:documentation>
              </xsd:annotation>
              <xsd:simpleType>
                <xsd:restriction base="xsd:string">
                  <xsd:maxLength value="2"/>
                </xsd:restriction>
              </xsd:simpleType>
            </xsd:element>
            <xsd:element name="ColourCode" form="unqualified">
              <xsd:annotation>
                <xsd:documentation xml:lang="en">Colour code</xsd:documentation>
              </xsd:annotation>
              <xsd:simpleType>
                <xsd:restriction base="xsd:string">
                  <xsd:maxLength value="2"/>
                </xsd:restriction>
              </xsd:simpleType>
            </xsd:element>
            <xsd:element name="ColourLabel" form="unqualified">
              <xsd:annotation>
                <xsd:documentation xml:lang="en">Colour description</xsd:documentation>
              </xsd:annotation>
              <xsd:simpleType>
                <xsd:restriction base="xsd:string">
                  <xsd:maxLength value="30"/>
                </xsd:restriction>
              </xsd:simpleType>
            </xsd:element>
            <xsd:element name="StatusCode" form="unqualified">
              <xsd:annotation>
                <xsd:documentation xml:lang="en">Vehicle life cycle status</xsd:documentation>
              </xsd:annotation>
              <xsd:simpleType>
                <xsd:restriction base="xsd:string">
                  <xsd:maxLength value="3"/>
                </xsd:restriction>
              </xsd:simpleType>
            </xsd:element>
            <xsd:element name="StatusLabel" form="unqualified">
              <xsd:annotation>
                <xsd:documentation xml:lang="en">Description of the vehicle life cycle status</xsd:documentation>
              </xsd:annotation>
              <xsd:simpleType>
                <xsd:restriction base="xsd:string">
                  <xsd:maxLength value="30"/>
                </xsd:restriction>
              </xsd:simpleType>
            </xsd:element>
            <xsd:element name="LegalStatusCode" form="unqualified">
              <xsd:annotation>
                <xsd:documentation xml:lang="en">Vehicle legal status</xsd:documentation>
              </xsd:annotation>
              <xsd:simpleType>
                <xsd:restriction base="xsd:string">
                  <xsd:maxLength value="3"/>
                </xsd:restriction>
              </xsd:simpleType>
            </xsd:element>
            <xsd:element name="LegalStatusLabel" form="unqualified">
              <xsd:annotation>
                <xsd:documentation xml:lang="en">Description of the vehicle legal status</xsd:documentation>
              </xsd:annotation>
              <xsd:simpleType>
                <xsd:restriction base="xsd:string">
                  <xsd:maxLength value="30"/>
                </xsd:restriction>
              </xsd:simpleType>
            </xsd:element>
            <xsd:element name="AdministrativeStatusCode" form="unqualified">
              <xsd:annotation>
                <xsd:documentation xml:lang="en">Vehicle administrative status</xsd:documentation>
              </xsd:annotation>
              <xsd:simpleType>
                <xsd:restriction base="xsd:string">
                  <xsd:maxLength value="3"/>
                </xsd:restriction>
              </xsd:simpleType>
            </xsd:element>
            <xsd:element name="AdministrativeStatusLabel" form="unqualified">
              <xsd:annotation>
                <xsd:documentation xml:lang="en">Description of the vehicle administrative status</xsd:documentation>
              </xsd:annotation>
              <xsd:simpleType>
                <xsd:restriction base="xsd:string">
                  <xsd:maxLength value="30"/>
                </xsd:restriction>
              </xsd:simpleType>
            </xsd:element>
            <xsd:element name="OffRoad" form="unqualified">
              <xsd:annotation>
                <xsd:documentation xml:lang="en">'G' value if the vehicle is an 'off-road'; no values in other cases.</xsd:documentation>
              </xsd:annotation>
              <xsd:simpleType>
                <xsd:restriction base="xsd:string">
                  <xsd:maxLength value="1"/>
                </xsd:restriction>
              </xsd:simpleType>
            </xsd:element>
            <xsd:element name="Configuration" form="unqualified">
              <xsd:annotation>
                <xsd:documentation xml:lang="en">Configuration of the vehicle (Pick-up,...)</xsd:documentation>
              </xsd:annotation>
              <xsd:simpleType>
                <xsd:restriction base="xsd:string">
                  <xsd:maxLength value="2"/>
                </xsd:restriction>
              </xsd:simpleType>
            </xsd:element>
            <xsd:element name="TankContent" form="unqualified">
              <xsd:annotation>
                <xsd:documentation xml:lang="en">Tank content</xsd:documentation>
              </xsd:annotation>
              <xsd:simpleType>
                <xsd:restriction base="xsd:integer">
                  <xsd:totalDigits value="6"/>
                </xsd:restriction>
              </xsd:simpleType>
            </xsd:element>
            <xsd:element name="FuelCode" form="unqualified">
              <xsd:annotation>
                <xsd:documentation xml:lang="en">Fuel code</xsd:documentation>
              </xsd:annotation>
              <xsd:simpleType>
                <xsd:restriction base="xsd:string">
                  <xsd:maxLength value="2"/>
                </xsd:restriction>
              </xsd:simpleType>
            </xsd:element>
            <xsd:element name="FuelLabel" form="unqualified">
              <xsd:annotation>
                <xsd:documentation xml:lang="en">Fuel description</xsd:documentation>
              </xsd:annotation>
              <xsd:simpleType>
                <xsd:restriction base="xsd:string">
                  <xsd:maxLength value="30"/>
                </xsd:restriction>
              </xsd:simpleType>
            </xsd:element>
            <xsd:element name="TotalAxles" form="unqualified">
              <xsd:annotation>
                <xsd:documentation xml:lang="en">Number of the total axles</xsd:documentation>
              </xsd:annotation>
              <xsd:simpleType>
                <xsd:restriction base="xsd:integer">
                  <xsd:totalDigits value="2"/>
                </xsd:restriction>
              </xsd:simpleType>
            </xsd:element>
            <xsd:element name="PoweredAxles" form="unqualified">
              <xsd:annotation>
                <xsd:documentation xml:lang="en">Number of the powered axles</xsd:documentation>
              </xsd:annotation>
              <xsd:simpleType>
                <xsd:restriction base="xsd:integer">
                  <xsd:totalDigits value="1"/>
                </xsd:restriction>
              </xsd:simpleType>
            </xsd:element>
            <xsd:element name="NumberOfSeats" form="unqualified">
              <xsd:annotation>
                <xsd:documentation xml:lang="en">Number of seats</xsd:documentation>
              </xsd:annotation>
              <xsd:simpleType>
                <xsd:restriction base="xsd:integer">
                  <xsd:totalDigits value="3"/>
                </xsd:restriction>
              </xsd:simpleType>
            </xsd:element>
            <xsd:element name="NumberOfStandingPlaces" form="unqualified">
              <xsd:annotation>
                <xsd:documentation xml:lang="en">Number of standing places</xsd:documentation>
              </xsd:annotation>
              <xsd:simpleType>
                <xsd:restriction base="xsd:integer">
                  <xsd:totalDigits value="3"/>
                </xsd:restriction>
              </xsd:simpleType>
            </xsd:element>
            <xsd:element name="NumberOfFrontPlaces" form="unqualified">
              <xsd:annotation>
                <xsd:documentation xml:lang="en">Number of front places</xsd:documentation>
              </xsd:annotation>
              <xsd:simpleType>
                <xsd:restriction base="xsd:integer">
                  <xsd:totalDigits value="2"/>
                </xsd:restriction>
              </xsd:simpleType>
            </xsd:element>
            <xsd:element name="NumberOfRearPlaces" form="unqualified">
              <xsd:annotation>
                <xsd:documentation xml:lang="en">Number of read places</xsd:documentation>
              </xsd:annotation>
              <xsd:simpleType>
                <xsd:restriction base="xsd:integer">
                  <xsd:totalDigits value="2"/>
                </xsd:restriction>
              </xsd:simpleType>
            </xsd:element>
            <xsd:element name="NumberOfTotalPlaces" form="unqualified">
              <xsd:annotation>
                <xsd:documentation xml:lang="en">Number of total places</xsd:documentation>
              </xsd:annotation>
              <xsd:simpleType>
                <xsd:restriction base="xsd:integer">
                  <xsd:totalDigits value="3"/>
                </xsd:restriction>
              </xsd:simpleType>
            </xsd:element>
            <xsd:element name="Length" form="unqualified">
              <xsd:annotation>
                <xsd:documentation xml:lang="en">Vehicle length (cm)</xsd:documentation>
              </xsd:annotation>
              <xsd:simpleType>
                <xsd:restriction base="xsd:integer">
                  <xsd:totalDigits value="6"/>
                </xsd:restriction>
              </xsd:simpleType>
            </xsd:element>
            <xsd:element name="Width" form="unqualified">
              <xsd:annotation>
                <xsd:documentation xml:lang="en">Vehicle width(cm)</xsd:documentation>
              </xsd:annotation>
              <xsd:simpleType>
                <xsd:restriction base="xsd:integer">
                  <xsd:totalDigits value="6"/>
                </xsd:restriction>
              </xsd:simpleType>
            </xsd:element>
            <xsd:element name="Height" form="unqualified">
              <xsd:annotation>
                <xsd:documentation xml:lang="en">Vehicle height(cm)</xsd:documentation>
              </xsd:annotation>
              <xsd:simpleType>
                <xsd:restriction base="xsd:integer">
                  <xsd:totalDigits value="6"/>
                </xsd:restriction>
              </xsd:simpleType>
            </xsd:element>
            <xsd:element name="Tare" form="unqualified">
              <xsd:annotation>
                <xsd:documentation xml:lang="en">Vehicle tare (kg)</xsd:documentation>
              </xsd:annotation>
              <xsd:simpleType>
                <xsd:restriction base="xsd:integer">
                  <xsd:totalDigits value="6"/>
                </xsd:restriction>
              </xsd:simpleType>
            </xsd:element>
            <xsd:element name="MassOnCoupling" form="unqualified">
              <xsd:annotation>
                <xsd:documentation xml:lang="en">Mass on coupling (kg)</xsd:documentation>
              </xsd:annotation>
              <xsd:simpleType>
                <xsd:restriction base="xsd:integer">
                  <xsd:totalDigits value="6"/>
                </xsd:restriction>
              </xsd:simpleType>
            </xsd:element>
            <xsd:element name="MassInRunningOrder" form="unqualified">
              <xsd:annotation>
                <xsd:documentation xml:lang="en">Mass in running order (kg)</xsd:documentation>
              </xsd:annotation>
              <xsd:simpleType>
                <xsd:restriction base="xsd:integer">
                  <xsd:totalDigits value="6"/>
                </xsd:restriction>
              </xsd:simpleType>
            </xsd:element>
            <xsd:element name="MaxMassOnAxles" form="unqualified">
              <xsd:annotation>
                <xsd:documentation xml:lang="en">Mass on axles (kg)</xsd:documentation>
              </xsd:annotation>
              <xsd:simpleType>
                <xsd:restriction base="xsd:integer">
                  <xsd:totalDigits value="6"/>
                </xsd:restriction>
              </xsd:simpleType>
            </xsd:element>
            <xsd:element name="MaxMassTrailerCombination" form="unqualified">
              <xsd:annotation>
                <xsd:documentation xml:lang="en">Mass of the trailer combination (kg)</xsd:documentation>
              </xsd:annotation>
              <xsd:simpleType>
                <xsd:restriction base="xsd:integer">
                  <xsd:totalDigits value="6"/>
                </xsd:restriction>
              </xsd:simpleType>
            </xsd:element>
            <xsd:element name="TechnicPermissibleMaxMass" form="unqualified">
              <xsd:annotation>
                <xsd:documentation xml:lang="en">Maximal mass (kg)</xsd:documentation>
              </xsd:annotation>
              <xsd:simpleType>
                <xsd:restriction base="xsd:integer">
                  <xsd:totalDigits value="6"/>
                </xsd:restriction>
              </xsd:simpleType>
            </xsd:element>
            <xsd:element name="MmaNational" form="unqualified">
              <xsd:annotation>
                <xsd:documentation xml:lang="en">National maximal mass (kg) (the F2 mass)</xsd:documentation>
              </xsd:annotation>
              <xsd:simpleType>
                <xsd:restriction base="xsd:integer">
                  <xsd:totalDigits value="6"/>
                </xsd:restriction>
              </xsd:simpleType>
            </xsd:element>
            <xsd:element name="LoadWheelbaseRatio" form="unqualified">
              <xsd:annotation>
                <xsd:documentation xml:lang="en">Load wheelbase ratio</xsd:documentation>
              </xsd:annotation>
              <xsd:simpleType>
                <xsd:restriction base="xsd:string">
                  <xsd:maxLength value="2"/>
                </xsd:restriction>
              </xsd:simpleType>
            </xsd:element>
            <xsd:element name="SuspensionCode" form="unqualified">
              <xsd:annotation>
                <xsd:documentation xml:lang="en">Suspension code</xsd:documentation>
              </xsd:annotation>
              <xsd:simpleType>
                <xsd:restriction base="xsd:string">
                  <xsd:maxLength value="1"/>
                </xsd:restriction>
              </xsd:simpleType>
            </xsd:element>
            <xsd:element name="SuspensionLabel" form="unqualified">
              <xsd:annotation>
                <xsd:documentation xml:lang="en">DEF: this attribute represents the label of the parameter in one of the available languages.</xsd:documentation>
              </xsd:annotation>
              <xsd:simpleType>
                <xsd:restriction base="xsd:string">
                  <xsd:maxLength value="100"/>
                </xsd:restriction>
              </xsd:simpleType>
            </xsd:element>
            <xsd:element name="ConnectModeCode" form="unqualified">
              <xsd:annotation>
                <xsd:documentation xml:lang="en">Code of the connect mode</xsd:documentation>
              </xsd:annotation>
              <xsd:simpleType>
                <xsd:restriction base="xsd:string">
                  <xsd:maxLength value="2"/>
                </xsd:restriction>
              </xsd:simpleType>
            </xsd:element>
            <xsd:element name="ConnectModeLabel" form="unqualified">
              <xsd:annotation>
                <xsd:documentation xml:lang="en">DEF: this attribute represents the label of the parameter in one of the available languages.</xsd:documentation>
              </xsd:annotation>
              <xsd:simpleType>
                <xsd:restriction base="xsd:string">
                  <xsd:maxLength value="50"/>
                </xsd:restriction>
              </xsd:simpleType>
            </xsd:element>
            <xsd:element name="TotalCylinderCapacity" form="unqualified">
              <xsd:annotation>
                <xsd:documentation xml:lang="en">Vehicle cylinder (cc)</xsd:documentation>
              </xsd:annotation>
              <xsd:simpleType>
                <xsd:restriction base="xsd:integer">
                  <xsd:totalDigits value="5"/>
                </xsd:restriction>
              </xsd:simpleType>
            </xsd:element>
            <xsd:element name="MaximumNetPowerRpm" form="unqualified">
              <xsd:annotation>
                <xsd:documentation xml:lang="en">Engine speed when the power is maximum</xsd:documentation>
              </xsd:annotation>
              <xsd:simpleType>
                <xsd:restriction base="xsd:integer">
                  <xsd:totalDigits value="6"/>
                </xsd:restriction>
              </xsd:simpleType>
            </xsd:element>
            <xsd:element name="WeightPowerRatio" form="unqualified">
              <xsd:annotation>
                <xsd:documentation xml:lang="en">Weight power ratio</xsd:documentation>
              </xsd:annotation>
              <xsd:simpleType>
                <xsd:restriction base="xsd:decimal">
                  <xsd:totalDigits value="6"/>
                  <xsd:fractionDigits value="3"/>
                </xsd:restriction>
              </xsd:simpleType>
            </xsd:element>
            <xsd:element name="MaxNetPower" form="unqualified">
              <xsd:annotation>
                <xsd:documentation xml:lang="en">Maximum vehicle power (kW)</xsd:documentation>
              </xsd:annotation>
              <xsd:simpleType>
                <xsd:restriction base="xsd:decimal">
                  <xsd:totalDigits value="6"/>
                  <xsd:fractionDigits value="2"/>
                </xsd:restriction>
              </xsd:simpleType>
            </xsd:element>
            <xsd:element name="MaxSpeed" form="unqualified">
              <xsd:annotation>
                <xsd:documentation xml:lang="en">Vehicle max spedd (km/h or miles/h)</xsd:documentation>
              </xsd:annotation>
              <xsd:simpleType>
                <xsd:restriction base="xsd:integer">
                  <xsd:totalDigits value="6"/>
                </xsd:restriction>
              </xsd:simpleType>
            </xsd:element>
            <xsd:element name="HandicCarFlag" form="unqualified">
              <xsd:annotation>
                <xsd:documentation xml:lang="en">Indication if the vehicle is an handic car</xsd:documentation>
              </xsd:annotation>
              <xsd:simpleType>
                <xsd:restriction base="xsd:string">
                  <xsd:maxLength value="1"/>
                </xsd:restriction>
              </xsd:simpleType>
            </xsd:element>
            <xsd:element name="TachoFlag" default="Y" form="unqualified">
              <xsd:annotation>
                <xsd:documentation xml:lang="en">Indication if the vehicle has a tachograph</xsd:documentation>
              </xsd:annotation>
              <xsd:simpleType>
                <xsd:restriction base="xsd:string">
                  <xsd:maxLength value="1"/>
                </xsd:restriction>
              </xsd:simpleType>
            </xsd:element>
            <xsd:element name="EngineId" form="unqualified">
              <xsd:simpleType>
                <xsd:restriction base="xsd:string">
                  <xsd:maxLength value="15"/>
                </xsd:restriction>
              </xsd:simpleType>
            </xsd:element>
            <xsd:element name="CustomsStickerCode" form="unqualified">
              <xsd:annotation>
                <xsd:documentation xml:lang="en">Customs sticker code</xsd:documentation>
              </xsd:annotation>
              <xsd:simpleType>
                <xsd:restriction base="xsd:string">
                  <xsd:maxLength value="1"/>
                </xsd:restriction>
              </xsd:simpleType>
            </xsd:element>
            <xsd:element name="Co2Combined" form="unqualified">
              <xsd:annotation>
                <xsd:documentation xml:lang="en">CO2 combined</xsd:documentation>
              </xsd:annotation>
              <xsd:simpleType>
                <xsd:restriction base="xsd:integer">
                  <xsd:totalDigits value="4"/>
                </xsd:restriction>
              </xsd:simpleType>
            </xsd:element>
            <xsd:element name="FuelConsumptionCombined" form="unqualified">
              <xsd:annotation>
                <xsd:documentation xml:lang="en">DEF: Consommation de carburant dans les conditions mixtes (l/100km)</xsd:documentation>
              </xsd:annotation>
              <xsd:simpleType>
                <xsd:restriction base="xsd:integer">
                  <xsd:totalDigits value="4"/>
                </xsd:restriction>
              </xsd:simpleType>
            </xsd:element>
            <xsd:element name="CounterType" form="unqualified">
              <xsd:annotation>
                <xsd:documentation xml:lang="en">Number of digit on the counter (5 or 6)</xsd:documentation>
              </xsd:annotation>
              <xsd:simpleType>
                <xsd:restriction base="xsd:string">
                  <xsd:maxLength value="1"/>
                </xsd:restriction>
              </xsd:simpleType>
            </xsd:element>
            <xsd:element name="DistanceType" form="unqualified">
              <xsd:annotation>
                <xsd:documentation xml:lang="en">Distance using in the vehicle: K (km) or M (miles)</xsd:documentation>
              </xsd:annotation>
              <xsd:simpleType>
                <xsd:restriction base="xsd:string">
                  <xsd:maxLength value="1"/>
                </xsd:restriction>
              </xsd:simpleType>
            </xsd:element>
            <xsd:element name="PreviousDistance" form="unqualified">
              <xsd:annotation>
                <xsd:documentation xml:lang="en">Previous distance</xsd:documentation>
              </xsd:annotation>
              <xsd:simpleType>
                <xsd:restriction base="xsd:integer">
                  <xsd:totalDigits value="7"/>
                </xsd:restriction>
              </xsd:simpleType>
            </xsd:element>
            <xsd:element name="CurrentDistance" form="unqualified">
              <xsd:annotation>
                <xsd:documentation xml:lang="en">Vehicle current distance</xsd:documentation>
              </xsd:annotation>
              <xsd:simpleType>
                <xsd:restriction base="xsd:integer">
                  <xsd:totalDigits value="7"/>
                </xsd:restriction>
              </xsd:simpleType>
            </xsd:element>
            <xsd:element name="DemolishedCode" form="unqualified">
              <xsd:annotation>
                <xsd:documentation xml:lang="en">Vehicle demolished code:  
0: demolished by a non-approved center  
1: demolished by an approved center</xsd:documentation>
              </xsd:annotation>
              <xsd:simpleType>
                <xsd:restriction base="xsd:string">
                  <xsd:maxLength value="1"/>
                </xsd:restriction>
              </xsd:simpleType>
            </xsd:element>
            <xsd:element name="DemolishedLabel" form="unqualified">
              <xsd:annotation>
                <xsd:documentation xml:lang="en">DEF: this attribute represents the label of the parameter in one of the available languages.</xsd:documentation>
              </xsd:annotation>
              <xsd:simpleType>
                <xsd:restriction base="xsd:string">
                  <xsd:maxLength value="50"/>
                </xsd:restriction>
              </xsd:simpleType>
            </xsd:element>
          </xsd:sequence>
        </xsd:complexType>
      </xsd:element>
      <xsd:element name="ExportITechnicalControl" form="unqualified">
        <xsd:complexType>
          <xsd:sequence>
            <xsd:element name="ValidDate" form="unqualified">
              <xsd:annotation>
                <xsd:documentation xml:lang="en">Valid date of the technical control</xsd:documentation>
              </xsd:annotation>
              <xsd:simpleType>
                <xsd:restriction base="xsd:integer">
                  <xsd:totalDigits value="8"/>
                </xsd:restriction>
              </xsd:simpleType>
            </xsd:element>
          </xsd:sequence>
        </xsd:complexType>
      </xsd:element>
    </xsd:sequence>
  </xsd:complexType>
  <xsd:complexType name="GetVehicleInformationRequestType">
    <xsd:sequence>
      <xsd:element name="messageContext" type="cme:RequestMessageContextType"/>
      <xsd:element name="legalContext" type="cme:LegalContextType"/>
      <xsd:element name="consumerContext" type="cme:ConsumerContextType"/>
      <xsd:element name="request" type="tns:VehicleInformationRequestType"/>
    </xsd:sequence>
  </xsd:complexType>
  <!--Request getIdentity definition-->
  <xsd:complexType name="GetVehicleInformationResponseType">
    <xsd:sequence>
      <xsd:element name="messageContext" type="cme:ResponseMessageContextType"/>
      <xsd:element name="responses" type="tns:VehicleInformationResponsesType" minOccurs="0"/>
      <xsd:element name="exceptions" type="exc:ExceptionsType" minOccurs="0">
        <xsd:annotation>
          <xsd:documentation>Technical errors that occur when processing the message context e.g. insufficient rights.</xsd:documentation>
        </xsd:annotation>
      </xsd:element>
    </xsd:sequence>
  </xsd:complexType>
  <xsd:complexType name="VehicleInformationResponsesType">
    <xsd:sequence>
      <xsd:element name="response" type="tns:VehicleInformationResponseType" minOccurs="1" maxOccurs="1"/>
    </xsd:sequence>
  </xsd:complexType>
  <!--Element of the request and the response-->
  <xsd:element name="getVehicleTitularRequest" type="tns:GetVehicleTitularRequestType"/>
  <xsd:element name="getVehicleTitularResponse" type="tns:GetVehicleTitularResponseType"/>
  <xsd:element name="getVehicleRegistrationRequest" type="tns:GetVehicleRegistrationRequestType"/>
  <xsd:element name="getVehicleRegistrationResponse" type="tns:GetVehicleRegistrationResponseType"/>
  <xsd:element name="getVehicleInformationRequest" type="tns:GetVehicleInformationRequestType"/>
  <xsd:element name="getVehicleInformationResponse" type="tns:GetVehicleInformationResponseType"/>
</xsd:schema>]]></con:content><con:type>http://www.w3.org/2001/XMLSchema</con:type></con:part><con:part><con:url>file:/home/isr/git/parent/vehicleservice_1.1/VehicleServiceGateway/src/main/resources/wsdl/vehicleService/1.1.0/messages/baseMessageTypes_v1.xsd</con:url><con:content><![CDATA[<xsd:schema targetNamespace="http://fidus.brussels/type/common/messages/v1" elementFormDefault="qualified" attributeFormDefault="unqualified" version="1.0" xmlns:xsd="http://www.w3.org/2001/XMLSchema" xmlns:cmn="http://fidus.brussels/type/common/v1" xmlns:nps="http://fidus.brussels/service/personservice/personservices/naturalPerson/v1" xmlns:tns="http://fidus.brussels/type/common/messages/v1">
  <!--Unformatted message Id-->
  <xsd:simpleType name="MessageIdType">
    <xsd:restriction base="xsd:string">
      <xsd:minLength value="1"/>
      <xsd:maxLength value="64"/>
    </xsd:restriction>
  </xsd:simpleType>
  <xsd:simpleType name="CompanyNumberType">
    <xsd:restriction base="xsd:string">
      <xsd:maxLength value="20"/>
    </xsd:restriction>
  </xsd:simpleType>
  <xsd:simpleType name="CompanyIdType">
    <xsd:restriction base="xsd:string">
      <xsd:maxLength value="20"/>
    </xsd:restriction>
  </xsd:simpleType>
  <!--National Number of the person. Format depending on the Register-->
  <xsd:simpleType name="PersonNumberType">
    <xsd:restriction base="xsd:string">
      <xsd:pattern value="[0-9][0-9](([0][0-9])|([1][0-2]))(([0-2][0-9])|([3][0-1]))(([0-9]{2}[1-9])|([0-9][1-9][0-9])|([1-9][0-9]{2}))(([0-8][0-9])|([9][0-7]))">
        <xsd:annotation>
          <xsd:documentation>National Register format</xsd:documentation>
        </xsd:annotation>
      </xsd:pattern>
      <xsd:pattern value="[0-9][0-9](([2][0-9])|([3][0-2]))(([0-2][0-9])|([3][0-1]))[0-9]{3}(([0-8][0-9])|([9][0-7]))">
        <xsd:annotation>
          <xsd:documentation>CBSS Register format: Bis Register</xsd:documentation>
        </xsd:annotation>
      </xsd:pattern>
      <xsd:pattern value="[0-9][0-9](([4][0-9])|([5][0-2]))(([0-2][0-9])|([3][0-1]))[0-9]{3}(([0-8][0-9])|([9][0-7]))">
        <xsd:annotation>
          <xsd:documentation>CBSS Register format: Ter Register</xsd:documentation>
        </xsd:annotation>
      </xsd:pattern>
    </xsd:restriction>
  </xsd:simpleType>
  <!--Request message context-->
  <xsd:complexType name="RequestMessageContextType">
    <xsd:annotation>
      <xsd:documentation>Message context block generated by the consumer.</xsd:documentation>
    </xsd:annotation>
    <xsd:sequence>
      <xsd:element name="messageId" type="tns:MessageIdType">
        <xsd:annotation>
          <xsd:documentation>Consumer must assign their own MessageId reference for the request.</xsd:documentation>
        </xsd:annotation>
      </xsd:element>
      <xsd:element name="timestamp" type="xsd:dateTime" minOccurs="0">
        <xsd:annotation>
          <xsd:documentation>Timestamp when client sent request.</xsd:documentation>
        </xsd:annotation>
      </xsd:element>
    </xsd:sequence>
  </xsd:complexType>
  <!--Response message context-->
  <xsd:complexType name="ResponseMessageContextType">
    <xsd:annotation>
      <xsd:documentation>MessageContext block generated by Fidus.</xsd:documentation>
    </xsd:annotation>
    <xsd:sequence>
      <xsd:element name="messageId" type="tns:MessageIdType">
        <xsd:annotation>
          <xsd:documentation>A unique identifier generated by Fidus.</xsd:documentation>
        </xsd:annotation>
      </xsd:element>
      <xsd:element name="transactionId" type="tns:MessageIdType">
        <xsd:annotation>
          <xsd:documentation>A unique ID returned to the client for tracing purposes.</xsd:documentation>
        </xsd:annotation>
      </xsd:element>
      <xsd:element name="timestamp" type="xsd:dateTime" minOccurs="0">
        <xsd:annotation>
          <xsd:documentation>Time reply was sent by Fidus.</xsd:documentation>
        </xsd:annotation>
      </xsd:element>
    </xsd:sequence>
  </xsd:complexType>
  <!--Legal Context : the finality of the Privacy Commission-->
  <xsd:simpleType name="LegalContextType">
    <xsd:restriction base="xsd:string">
      <xsd:minLength value="1"/>
      <xsd:maxLength value="64"/>
    </xsd:restriction>
  </xsd:simpleType>
  <xsd:complexType name="ConsumerContextType">
    <xsd:annotation>
      <xsd:documentation>Message context block containing the Consumer's company information.</xsd:documentation>
    </xsd:annotation>
    <xsd:sequence>
      <xsd:element name="companyNumber" type="tns:CompanyNumberType">
        <xsd:annotation>
          <xsd:documentation>Consumer must assign the company KBO number.</xsd:documentation>
        </xsd:annotation>
      </xsd:element>
      <xsd:element name="companyId" type="tns:CompanyIdType">
        <xsd:annotation>
          <xsd:documentation>Consumer must assign the id of the company.</xsd:documentation>
        </xsd:annotation>
      </xsd:element>
    </xsd:sequence>
  </xsd:complexType>
  <xsd:complexType name="UserContextType">
    <xsd:annotation>
      <xsd:documentation>The user context defines information regarding the actual user performing a request.</xsd:documentation>
    </xsd:annotation>
    <xsd:sequence>
      <xsd:element name="language" type="xsd:language" nillable="true">
        <xsd:annotation>
          <xsd:documentation>The preferred language of the actual user performing the request.
						This influences the language in which response elements are cast.</xsd:documentation>
        </xsd:annotation>
      </xsd:element>
    </xsd:sequence>
  </xsd:complexType>
</xsd:schema>]]></con:content><con:type>http://www.w3.org/2001/XMLSchema</con:type></con:part><con:part><con:url>file:/home/isr/git/parent/vehicleservice_1.1/VehicleServiceGateway/src/main/resources/wsdl/vehicleService/1.1.0/messages/exceptionTypes_v1.xsd</con:url><con:content><![CDATA[<xsd:schema targetNamespace="http://fidus.brussels/type/common/exceptions/v1" elementFormDefault="qualified" attributeFormDefault="unqualified" version="1.0" xmlns:xsd="http://www.w3.org/2001/XMLSchema" xmlns:tns="http://fidus.brussels/type/common/exceptions/v1">
  <!--Basic error typed-->
  <xsd:complexType name="ExceptionsType">
    <xsd:sequence>
      <xsd:element name="exception" type="tns:ExceptionType" maxOccurs="unbounded"/>
    </xsd:sequence>
  </xsd:complexType>
  <xsd:complexType name="ExceptionType">
    <xsd:sequence>
      <xsd:element name="type" type="tns:ExceptionClassType"/>
      <xsd:element name="code" type="tns:ExceptionCodeType"/>
      <xsd:element name="source" type="tns:ExceptionSourceType"/>
      <xsd:element name="description" type="tns:ExceptionDescriptionType"/>
    </xsd:sequence>
  </xsd:complexType>
  <xsd:simpleType name="ExceptionClassType">
    <xsd:restriction base="xsd:string">
      <xsd:enumeration value="ERROR"/>
      <xsd:enumeration value="WARNING"/>
      <xsd:enumeration value="INFO"/>
    </xsd:restriction>
  </xsd:simpleType>
  <xsd:simpleType name="ExceptionCodeType">
    <xsd:restriction base="xsd:string">
      <xsd:maxLength value="20"/>
    </xsd:restriction>
  </xsd:simpleType>
  <xsd:simpleType name="ExceptionSourceType">
    <xsd:restriction base="xsd:string">
      <xsd:maxLength value="20"/>
    </xsd:restriction>
  </xsd:simpleType>
  <xsd:simpleType name="ExceptionDescriptionType">
    <xsd:restriction base="xsd:string"/>
  </xsd:simpleType>
</xsd:schema>]]></con:content><con:type>http://www.w3.org/2001/XMLSchema</con:type></con:part></con:definitionCache><con:endpoints>
      
      
      
      
    <con:endpoint>http://fidus.brussels/services/vehicleservice/v1.1</con:endpoint><con:endpoint>https://192.168.22.53:8443/services/VehicleService_v1.1</con:endpoint><con:endpoint>https://192.168.22.54:8443/services/VehicleService_v1.1</con:endpoint><con:endpoint>https://192.168.24.16:8443/services/VehicleService_v1.1</con:endpoint><con:endpoint>https://192.168.24.17:8443/services/VehicleService_v1.1</con:endpoint><con:endpoint>https://192.168.26.19:8443/services/VehicleService_v1.1</con:endpoint><con:endpoint>https://192.168.26.22:8443/services/VehicleService_v1.1</con:endpoint><con:endpoint>https://192.168.36.61:8243/services/VehicleService_v1.1</con:endpoint><con:endpoint>https://esb-security-gw.sta.srv.cirb.lan:8443/services/VehicleService_v1.1</con:endpoint><con:endpoint>https://fidus-esb-sg.prd.srv.cirb.lan:8443/services/VehicleService_v1.1</con:endpoint><con:endpoint>https://fidus-test.irisnetlab.be/services/VehicleService_v1.1</con:endpoint><con:endpoint>https://fidus.irisnetlab.be/services/VehicleService_v1.1</con:endpoint><con:endpoint>https://fidus.sec.brussels/services/VehicleService_v1.1</con:endpoint><con:endpoint>https://localhost:8243/services/VehicleService_v1.1</con:endpoint></con:endpoints>
    <con:operation id="144018a8-563c-4169-b91a-767d612ab2ef" isOneWay="false" action="http://fidus.brussels/services/vehicleservice/getVehicleTitular" name="getVehicleTitular" bindingOperationName="getVehicleTitular" type="Request-Response" inputName="" receivesAttachments="false" sendsAttachments="false" anonymous="optional">
      <con:settings/>
      <con:call id="863bffa9-7080-45be-b00a-e6e3cb94164e" name="01 - Local - Request" outgoingWss="Outflow DEV" incomingWss="Inflow DEV">
        <con:settings>
          <con:setting id="com.eviware.soapui.impl.wsdl.WsdlRequest@request-headers">&lt;xml-fragment/></con:setting>
        </con:settings>
        <con:encoding>UTF-8</con:encoding>
        <con:endpoint>https://localhost:8243/services/VehicleService_v1.1</con:endpoint>
        <con:request><![CDATA[<soapenv:Envelope xmlns:soapenv="http://schemas.xmlsoap.org/soap/envelope/" xmlns:v1="http://fidus.brussels/service/vehicleservice/messages/v1.1" xmlns:v11="http://fidus.brussels/type/common/messages/v1">
   <soapenv:Header/>
   <soapenv:Body>
      <v1:getVehicleTitularRequest>
         <v1:messageContext>
            <v11:messageId>${=import static java.util.UUID.randomUUID; uuid = randomUUID() as String}</v11:messageId>
            <v11:timestamp>${=new java.text.SimpleDateFormat("yyyy-MM-dd'T'HH:mm:ss.SSS").format(new Date())}</v11:timestamp>
         </v1:messageContext>
         <v1:legalContext>ServiceIntegrator</v1:legalContext>
         <v1:consumerContext>
            <v11:companyNumber>207541594</v11:companyNumber>
            <v11:companyId>21003</v11:companyId>
         </v1:consumerContext>
         <v1:request>
            <!--Optional:-->
            <PlateNr>ASK-050</PlateNr>
            <LanguageCode>2</LanguageCode>
         </v1:request>
      </v1:getVehicleTitularRequest>
   </soapenv:Body>
</soapenv:Envelope>]]></con:request>
        <con:credentials>
          <con:selectedAuthProfile>Basic</con:selectedAuthProfile>
          <con:addedBasicAuthenticationTypes>Basic</con:addedBasicAuthenticationTypes>
          <con:authType>Global HTTP Settings</con:authType>
        </con:credentials>
        <con:jmsConfig JMSDeliveryMode="PERSISTENT"/>
        <con:jmsPropertyConfig/>
        <con:wsaConfig mustUnderstand="NONE" version="200508" action="urn:mediate"/>
        <con:wsrmConfig version="1.2"/>
      </con:call>
      <con:call id="be8af23a-ef74-41cd-bef1-0cee588991e3" name="02 - Dev - Request" outgoingWss="Outflow DEV">
        <con:settings>
          <con:setting id="com.eviware.soapui.impl.wsdl.WsdlRequest@request-headers">&lt;xml-fragment/></con:setting>
        </con:settings>
        <con:encoding>UTF-8</con:encoding>
        <con:endpoint>https://192.168.36.61:8243/services/VehicleService_v1.1</con:endpoint>
        <con:request><![CDATA[<soapenv:Envelope xmlns:soapenv="http://schemas.xmlsoap.org/soap/envelope/" xmlns:v1="http://fidus.brussels/service/vehicleservice/messages/v1.1" xmlns:v11="http://fidus.brussels/type/common/messages/v1">
   <soapenv:Header/>
   <soapenv:Body>
      <v1:getVehicleTitularRequest>
         <v1:messageContext>
            <v11:messageId>${=import static java.util.UUID.randomUUID; uuid = randomUUID() as String}</v11:messageId>
            <v11:timestamp>${=new java.text.SimpleDateFormat("yyyy-MM-dd'T'HH:mm:ss.SSS").format(new Date())}</v11:timestamp>
         </v1:messageContext>
         <v1:legalContext>ServiceIntegrator</v1:legalContext>
         <v1:consumerContext>
            <v11:companyNumber>207541594</v11:companyNumber>
            <v11:companyId>21003</v11:companyId>
         </v1:consumerContext>
         <v1:request>
            <!--Optional:-->
            <PlateNr>ASK-050</PlateNr>
         </v1:request>
      </v1:getVehicleTitularRequest>
   </soapenv:Body>
</soapenv:Envelope>]]></con:request>
        <con:credentials>
          <con:selectedAuthProfile>Basic</con:selectedAuthProfile>
          <con:addedBasicAuthenticationTypes>Basic</con:addedBasicAuthenticationTypes>
          <con:authType>Global HTTP Settings</con:authType>
        </con:credentials>
        <con:jmsConfig JMSDeliveryMode="PERSISTENT"/>
        <con:jmsPropertyConfig/>
        <con:wsaConfig mustUnderstand="NONE" version="200508" action="urn:mediate"/>
        <con:wsrmConfig version="1.2"/>
      </con:call>
      <con:call id="4f8e77ce-413d-4446-abab-466c0adcad91" name="03 - Test - External Request" outgoingWss="Outflow STAGING" incomingWss="Inflow TEST">
        <con:settings>
          <con:setting id="com.eviware.soapui.impl.wsdl.WsdlRequest@request-headers">&lt;xml-fragment/></con:setting>
        </con:settings>
        <con:encoding>UTF-8</con:encoding>
        <con:endpoint>https://fidus-test.irisnetlab.be/services/VehicleService_v1.1</con:endpoint>
        <con:request><![CDATA[<soapenv:Envelope xmlns:soapenv="http://schemas.xmlsoap.org/soap/envelope/" xmlns:v1="http://fidus.brussels/service/vehicleservice/messages/v1.1" xmlns:v11="http://fidus.brussels/type/common/messages/v1">
   <soapenv:Header/>
   <soapenv:Body>
      <v1:getVehicleTitularRequest>
         <v1:messageContext>
            <v11:messageId>${=import static java.util.UUID.randomUUID; uuid = randomUUID() as String}</v11:messageId>
            <v11:timestamp>${=new java.text.SimpleDateFormat("yyyy-MM-dd'T'HH:mm:ss.SSS").format(new Date())}</v11:timestamp>
         </v1:messageContext>
         <v1:legalContext>ServiceIntegrator</v1:legalContext>
         <v1:consumerContext>
            <v11:companyNumber>207541594</v11:companyNumber>
            <v11:companyId>21003</v11:companyId>
         </v1:consumerContext>
         <v1:request>
            <!--Optional:-->
            <PlateNr>ASK050</PlateNr>
            <LanguageCode>1</LanguageCode>
         </v1:request>
      </v1:getVehicleTitularRequest>
   </soapenv:Body>
</soapenv:Envelope>]]></con:request>
        <con:credentials>
          <con:selectedAuthProfile>Basic</con:selectedAuthProfile>
          <con:addedBasicAuthenticationTypes>Basic</con:addedBasicAuthenticationTypes>
          <con:authType>Global HTTP Settings</con:authType>
        </con:credentials>
        <con:jmsConfig JMSDeliveryMode="PERSISTENT"/>
        <con:jmsPropertyConfig/>
        <con:wsaConfig mustUnderstand="NONE" version="200508" action="urn:mediate"/>
        <con:wsrmConfig version="1.2"/>
      </con:call>
      <con:call id="0978c929-5eff-47a7-a766-dab317119df3" name="03 - Test - LB Request" outgoingWss="Outflow TEST">
        <con:settings>
          <con:setting id="com.eviware.soapui.impl.wsdl.WsdlRequest@request-headers">&lt;xml-fragment/></con:setting>
        </con:settings>
        <con:encoding>UTF-8</con:encoding>
        <con:endpoint>https://esb-security-gw.sta.srv.cirb.lan:8443/services/VehicleService_v1.1</con:endpoint>
        <con:request><![CDATA[<soapenv:Envelope xmlns:soapenv="http://schemas.xmlsoap.org/soap/envelope/" xmlns:v1="http://fidus.brussels/service/vehicleservice/messages/v1.1" xmlns:v11="http://fidus.brussels/type/common/messages/v1">
   <soapenv:Header/>
   <soapenv:Body>
      <v1:getVehicleTitularRequest>
         <v1:messageContext>
            <v11:messageId>${=import static java.util.UUID.randomUUID; uuid = randomUUID() as String}</v11:messageId>
            <v11:timestamp>${=new java.text.SimpleDateFormat("yyyy-MM-dd'T'HH:mm:ss.SSS").format(new Date())}</v11:timestamp>
         </v1:messageContext>
         <v1:legalContext>ServiceIntegrator</v1:legalContext>
         <v1:consumerContext>
            <v11:companyNumber>207541594</v11:companyNumber>
            <v11:companyId>21003</v11:companyId>
         </v1:consumerContext>
         <v1:request>
            <!--Optional:-->
            <PlateNr>ASK050</PlateNr>
         </v1:request>
      </v1:getVehicleTitularRequest>
   </soapenv:Body>
</soapenv:Envelope>]]></con:request>
        <con:credentials>
          <con:selectedAuthProfile>Basic</con:selectedAuthProfile>
          <con:addedBasicAuthenticationTypes>Basic</con:addedBasicAuthenticationTypes>
          <con:authType>Global HTTP Settings</con:authType>
        </con:credentials>
        <con:jmsConfig JMSDeliveryMode="PERSISTENT"/>
        <con:jmsPropertyConfig/>
        <con:wsaConfig mustUnderstand="NONE" version="200508" action="http://fidus.brussels/services/vehicleservice/getVehicleTitular"/>
        <con:wsrmConfig version="1.2"/>
      </con:call>
      <con:call id="e8c6856c-efec-4796-9874-b3c6a7a99cfe" name="03 - Test - Worker1 - Request" outgoingWss="Outflow TEST">
        <con:settings>
          <con:setting id="com.eviware.soapui.impl.wsdl.WsdlRequest@request-headers">&lt;xml-fragment/></con:setting>
        </con:settings>
        <con:encoding>UTF-8</con:encoding>
        <con:endpoint>https://192.168.22.53:8443/services/VehicleService_v1.1</con:endpoint>
        <con:request><![CDATA[<soapenv:Envelope xmlns:soapenv="http://schemas.xmlsoap.org/soap/envelope/" xmlns:v1="http://fidus.brussels/service/vehicleservice/messages/v1.1" xmlns:v11="http://fidus.brussels/type/common/messages/v1">
   <soapenv:Header/>
   <soapenv:Body>
      <v1:getVehicleTitularRequest>
         <v1:messageContext>
            <v11:messageId>${=import static java.util.UUID.randomUUID; uuid = randomUUID() as String}</v11:messageId>
            <v11:timestamp>${=new java.text.SimpleDateFormat("yyyy-MM-dd'T'HH:mm:ss.SSS").format(new Date())}</v11:timestamp>
         </v1:messageContext>
         <v1:legalContext>ServiceIntegrator</v1:legalContext>
         <v1:consumerContext>
            <v11:companyNumber>207541594</v11:companyNumber>
            <v11:companyId>21003</v11:companyId>
         </v1:consumerContext>
         <v1:request>
            <!--Optional:-->
            <PlateNr>ASK050</PlateNr>
         </v1:request>
      </v1:getVehicleTitularRequest>
   </soapenv:Body>
</soapenv:Envelope>]]></con:request>
        <con:credentials>
          <con:selectedAuthProfile>Basic</con:selectedAuthProfile>
          <con:addedBasicAuthenticationTypes>Basic</con:addedBasicAuthenticationTypes>
          <con:authType>Global HTTP Settings</con:authType>
        </con:credentials>
        <con:jmsConfig JMSDeliveryMode="PERSISTENT"/>
        <con:jmsPropertyConfig/>
        <con:wsaConfig mustUnderstand="NONE" version="200508" action="http://fidus.brussels/services/vehicleservice/getVehicleTitular"/>
        <con:wsrmConfig version="1.2"/>
      </con:call>
      <con:call id="36fe1c11-b05e-4597-aa45-2dc507b0d9af" name="03 - Test - Worker2 - Request" outgoingWss="Outflow TEST">
        <con:settings>
          <con:setting id="com.eviware.soapui.impl.wsdl.WsdlRequest@request-headers">&lt;xml-fragment/></con:setting>
        </con:settings>
        <con:encoding>UTF-8</con:encoding>
        <con:endpoint>https://192.168.22.54:8443/services/VehicleService_v1.1</con:endpoint>
        <con:request><![CDATA[<soapenv:Envelope xmlns:soapenv="http://schemas.xmlsoap.org/soap/envelope/" xmlns:v1="http://fidus.brussels/service/vehicleservice/messages/v1.1" xmlns:v11="http://fidus.brussels/type/common/messages/v1">
   <soapenv:Header/>
   <soapenv:Body>
      <v1:getVehicleTitularRequest>
         <v1:messageContext>
            <v11:messageId>${=import static java.util.UUID.randomUUID; uuid = randomUUID() as String}</v11:messageId>
            <v11:timestamp>${=new java.text.SimpleDateFormat("yyyy-MM-dd'T'HH:mm:ss.SSS").format(new Date())}</v11:timestamp>
         </v1:messageContext>
         <v1:legalContext>ServiceIntegrator</v1:legalContext>
         <v1:consumerContext>
            <v11:companyNumber>207541594</v11:companyNumber>
            <v11:companyId>21003</v11:companyId>
         </v1:consumerContext>
         <v1:request>
            <!--Optional:-->
            <PlateNr>ASK050</PlateNr>
         </v1:request>
      </v1:getVehicleTitularRequest>
   </soapenv:Body>
</soapenv:Envelope>]]></con:request>
        <con:credentials>
          <con:selectedAuthProfile>Basic</con:selectedAuthProfile>
          <con:addedBasicAuthenticationTypes>Basic</con:addedBasicAuthenticationTypes>
          <con:authType>Global HTTP Settings</con:authType>
        </con:credentials>
        <con:jmsConfig JMSDeliveryMode="PERSISTENT"/>
        <con:jmsPropertyConfig/>
        <con:wsaConfig mustUnderstand="NONE" version="200508" action="http://fidus.brussels/services/vehicleservice/getVehicleTitular"/>
        <con:wsrmConfig version="1.2"/>
      </con:call>
      <con:call id="a049d3e9-9f0e-4663-a956-7aea7c79de45" name="04 - Staging - External Request" outgoingWss="Outflow STAGING" incomingWss="Inflow STAGING">
        <con:settings>
          <con:setting id="com.eviware.soapui.impl.wsdl.WsdlRequest@request-headers">&lt;xml-fragment/></con:setting>
        </con:settings>
        <con:encoding>UTF-8</con:encoding>
        <con:endpoint>https://fidus.irisnetlab.be/services/VehicleService_v1.1</con:endpoint>
        <con:request><![CDATA[<soapenv:Envelope xmlns:soapenv="http://schemas.xmlsoap.org/soap/envelope/" xmlns:v1="http://fidus.brussels/service/vehicleservice/messages/v1.1" xmlns:v11="http://fidus.brussels/type/common/messages/v1">
   <soapenv:Header/>
   <soapenv:Body>
      <v1:getVehicleTitularRequest>
         <v1:messageContext>
            <v11:messageId>${=import static java.util.UUID.randomUUID; uuid = randomUUID() as String}</v11:messageId>
            <v11:timestamp>${=new java.text.SimpleDateFormat("yyyy-MM-dd'T'HH:mm:ss.SSS").format(new Date())}</v11:timestamp>
         </v1:messageContext>
         <v1:legalContext>ServiceIntegrator</v1:legalContext>
         <v1:consumerContext>
            <v11:companyNumber>207541594</v11:companyNumber>
            <v11:companyId>21003</v11:companyId>
         </v1:consumerContext>
         <v1:request>
            <!--Optional:-->
            <PlateNr>ASK050</PlateNr>
            <LanguageCode>1</LanguageCode>
         </v1:request>
      </v1:getVehicleTitularRequest>
   </soapenv:Body>
</soapenv:Envelope>]]></con:request>
        <con:credentials>
          <con:selectedAuthProfile>Basic</con:selectedAuthProfile>
          <con:addedBasicAuthenticationTypes>Basic</con:addedBasicAuthenticationTypes>
          <con:authType>Global HTTP Settings</con:authType>
        </con:credentials>
        <con:jmsConfig JMSDeliveryMode="PERSISTENT"/>
        <con:jmsPropertyConfig/>
        <con:wsaConfig mustUnderstand="NONE" version="200508" action="http://fidus.brussels/services/vehicleservice/getVehicleTitular"/>
        <con:wsrmConfig version="1.2"/>
      </con:call>
      <con:call id="6378030d-a520-41e8-b6c0-1c456e7b3a99" name="04 - Staging - LB Request" outgoingWss="Outflow STAGING" incomingWss="Inflow STAGING">
        <con:settings>
          <con:setting id="com.eviware.soapui.impl.wsdl.WsdlRequest@request-headers">&lt;xml-fragment/></con:setting>
        </con:settings>
        <con:encoding>UTF-8</con:encoding>
        <con:endpoint>https://fidus-esb-sg.sta.srv.cirb.lan:8443/services/VehicleService_v1.1</con:endpoint>
        <con:request><![CDATA[<soapenv:Envelope xmlns:soapenv="http://schemas.xmlsoap.org/soap/envelope/" xmlns:v1="http://fidus.brussels/service/vehicleservice/messages/v1.1" xmlns:v11="http://fidus.brussels/type/common/messages/v1">
   <soapenv:Header/>
   <soapenv:Body>
      <v1:getVehicleTitularRequest>
         <v1:messageContext>
            <v11:messageId>${=import static java.util.UUID.randomUUID; uuid = randomUUID() as String}</v11:messageId>
            <v11:timestamp>${=new java.text.SimpleDateFormat("yyyy-MM-dd'T'HH:mm:ss.SSS").format(new Date())}</v11:timestamp>
         </v1:messageContext>
         <v1:legalContext>ServiceIntegrator</v1:legalContext>
         <v1:consumerContext>
            <v11:companyNumber>207541594</v11:companyNumber>
            <v11:companyId>21003</v11:companyId>
         </v1:consumerContext>
         <v1:request>
            <!--Optional:-->
            <PlateNr>ASK050</PlateNr>
            <LanguageCode>1</LanguageCode>
         </v1:request>
      </v1:getVehicleTitularRequest>
   </soapenv:Body>
</soapenv:Envelope>]]></con:request>
        <con:credentials>
          <con:selectedAuthProfile>Basic</con:selectedAuthProfile>
          <con:addedBasicAuthenticationTypes>Basic</con:addedBasicAuthenticationTypes>
          <con:authType>Global HTTP Settings</con:authType>
        </con:credentials>
        <con:jmsConfig JMSDeliveryMode="PERSISTENT"/>
        <con:jmsPropertyConfig/>
        <con:wsaConfig mustUnderstand="NONE" version="200508" action="http://fidus.brussels/services/vehicleservice/getVehicleTitular"/>
        <con:wsrmConfig version="1.2"/>
      </con:call>
      <con:call id="ef391d7e-df04-42a4-b3d9-19e4956f0bd6" name="04 - Staging - Worker 1" outgoingWss="Outflow STAGING" incomingWss="Inflow STAGING">
        <con:settings>
          <con:setting id="com.eviware.soapui.impl.wsdl.WsdlRequest@request-headers">&lt;xml-fragment/></con:setting>
        </con:settings>
        <con:encoding>UTF-8</con:encoding>
        <con:endpoint>https://192.168.24.16:8443/services/VehicleService_v1.1</con:endpoint>
        <con:request><![CDATA[<soapenv:Envelope xmlns:soapenv="http://schemas.xmlsoap.org/soap/envelope/" xmlns:v1="http://fidus.brussels/service/vehicleservice/messages/v1.1" xmlns:v11="http://fidus.brussels/type/common/messages/v1">
   <soapenv:Header/>
   <soapenv:Body>
      <v1:getVehicleTitularRequest>
         <v1:messageContext>
            <v11:messageId>${=import static java.util.UUID.randomUUID; uuid = randomUUID() as String}</v11:messageId>
            <v11:timestamp>${=new java.text.SimpleDateFormat("yyyy-MM-dd'T'HH:mm:ss.SSS").format(new Date())}</v11:timestamp>
         </v1:messageContext>
         <v1:legalContext>ServiceIntegrator</v1:legalContext>
         <v1:consumerContext>
            <v11:companyNumber>207541594</v11:companyNumber>
            <v11:companyId>21003</v11:companyId>
         </v1:consumerContext>
         <v1:request>
            <!--Optional:-->
            <PlateNr>ASK050</PlateNr>
            <LanguageCode>1</LanguageCode>
         </v1:request>
      </v1:getVehicleTitularRequest>
   </soapenv:Body>
</soapenv:Envelope>]]></con:request>
        <con:credentials>
          <con:selectedAuthProfile>Basic</con:selectedAuthProfile>
          <con:addedBasicAuthenticationTypes>Basic</con:addedBasicAuthenticationTypes>
          <con:authType>Global HTTP Settings</con:authType>
        </con:credentials>
        <con:jmsConfig JMSDeliveryMode="PERSISTENT"/>
        <con:jmsPropertyConfig/>
        <con:wsaConfig mustUnderstand="NONE" version="200508" action="http://fidus.brussels/services/vehicleservice/getVehicleTitular"/>
        <con:wsrmConfig version="1.2"/>
      </con:call>
      <con:call id="b0f92fda-a8b5-44c0-a54e-59628c6c5177" name="04 - Staging - Worker 2" outgoingWss="Outflow STAGING" incomingWss="Inflow STAGING">
        <con:settings>
          <con:setting id="com.eviware.soapui.impl.wsdl.WsdlRequest@request-headers">&lt;xml-fragment/></con:setting>
        </con:settings>
        <con:encoding>UTF-8</con:encoding>
        <con:endpoint>https://192.168.24.17:8443/services/VehicleService_v1.1</con:endpoint>
        <con:request><![CDATA[<soapenv:Envelope xmlns:soapenv="http://schemas.xmlsoap.org/soap/envelope/" xmlns:v1="http://fidus.brussels/service/vehicleservice/messages/v1.1" xmlns:v11="http://fidus.brussels/type/common/messages/v1">
   <soapenv:Header/>
   <soapenv:Body>
      <v1:getVehicleTitularRequest>
         <v1:messageContext>
            <v11:messageId>${=import static java.util.UUID.randomUUID; uuid = randomUUID() as String}</v11:messageId>
            <v11:timestamp>${=new java.text.SimpleDateFormat("yyyy-MM-dd'T'HH:mm:ss.SSS").format(new Date())}</v11:timestamp>
         </v1:messageContext>
         <v1:legalContext>ServiceIntegrator</v1:legalContext>
         <v1:consumerContext>
            <v11:companyNumber>207541594</v11:companyNumber>
            <v11:companyId>21003</v11:companyId>
         </v1:consumerContext>
         <v1:request>
            <!--Optional:-->
            <PlateNr>ASK050</PlateNr>
            <LanguageCode>1</LanguageCode>
         </v1:request>
      </v1:getVehicleTitularRequest>
   </soapenv:Body>
</soapenv:Envelope>]]></con:request>
        <con:credentials>
          <con:selectedAuthProfile>Basic</con:selectedAuthProfile>
          <con:addedBasicAuthenticationTypes>Basic</con:addedBasicAuthenticationTypes>
          <con:authType>Global HTTP Settings</con:authType>
        </con:credentials>
        <con:jmsConfig JMSDeliveryMode="PERSISTENT"/>
        <con:jmsPropertyConfig/>
        <con:wsaConfig mustUnderstand="NONE" version="200508" action="http://fidus.brussels/services/vehicleservice/getVehicleTitular"/>
        <con:wsrmConfig version="1.2"/>
      </con:call>
      <con:call id="f0bf12c4-cfda-4c2e-9605-2aecc57c1543" name="05 - Prod - External Request" outgoingWss="Outflow PROD" incomingWss="Inflow PROD">
        <con:settings>
          <con:setting id="com.eviware.soapui.impl.wsdl.WsdlRequest@request-headers">&lt;xml-fragment/></con:setting>
        </con:settings>
        <con:encoding>UTF-8</con:encoding>
        <con:endpoint>https://fidus.sec.brussels/services/VehicleService_v1.1</con:endpoint>
        <con:request><![CDATA[<soapenv:Envelope xmlns:soapenv="http://schemas.xmlsoap.org/soap/envelope/" xmlns:v1="http://fidus.brussels/service/vehicleservice/messages/v1.1" xmlns:v11="http://fidus.brussels/type/common/messages/v1">
   <soapenv:Header/>
   <soapenv:Body>
      <v1:getVehicleTitularRequest>
         <v1:messageContext>
            <v11:messageId>${=import static java.util.UUID.randomUUID; uuid = randomUUID() as String}</v11:messageId>
            <v11:timestamp>${=new java.text.SimpleDateFormat("yyyy-MM-dd'T'HH:mm:ss.SSS").format(new Date())}</v11:timestamp>
         </v1:messageContext>
         <v1:legalContext>ServiceIntegrator</v1:legalContext>
         <v1:consumerContext>
            <v11:companyNumber>0207541594</v11:companyNumber>
            <v11:companyId>21003</v11:companyId>
         </v1:consumerContext>
         <v1:request>
            <!--Optional:-->
            <PlateNr>ASK050</PlateNr>
            <LanguageCode>1</LanguageCode>
         </v1:request>
      </v1:getVehicleTitularRequest>
   </soapenv:Body>
</soapenv:Envelope>]]></con:request>
        <con:credentials>
          <con:selectedAuthProfile>Basic</con:selectedAuthProfile>
          <con:addedBasicAuthenticationTypes>Basic</con:addedBasicAuthenticationTypes>
          <con:authType>Global HTTP Settings</con:authType>
        </con:credentials>
        <con:jmsConfig JMSDeliveryMode="PERSISTENT"/>
        <con:jmsPropertyConfig/>
        <con:wsaConfig mustUnderstand="NONE" version="200508" action="http://fidus.brussels/services/vehicleservice/getVehicleTitular"/>
        <con:wsrmConfig version="1.2"/>
      </con:call>
      <con:call id="02891efb-0cc4-4082-b552-386b88c7c42a" name="05 - Prod - LB Request" outgoingWss="Outflow PROD" incomingWss="Inflow PROD">
        <con:settings>
          <con:setting id="com.eviware.soapui.impl.wsdl.WsdlRequest@request-headers">&lt;xml-fragment/></con:setting>
        </con:settings>
        <con:encoding>UTF-8</con:encoding>
        <con:endpoint>https://fidus-esb-sg.prd.srv.cirb.lan:8443/services/VehicleService_v1.1</con:endpoint>
        <con:request><![CDATA[<soapenv:Envelope xmlns:soapenv="http://schemas.xmlsoap.org/soap/envelope/" xmlns:v1="http://fidus.brussels/service/vehicleservice/messages/v1.1" xmlns:v11="http://fidus.brussels/type/common/messages/v1">
   <soapenv:Header/>
   <soapenv:Body>
      <v1:getVehicleTitularRequest>
         <v1:messageContext>
            <v11:messageId>${=import static java.util.UUID.randomUUID; uuid = randomUUID() as String}</v11:messageId>
            <v11:timestamp>${=new java.text.SimpleDateFormat("yyyy-MM-dd'T'HH:mm:ss.SSS").format(new Date())}</v11:timestamp>
         </v1:messageContext>
         <v1:legalContext>ServiceIntegrator</v1:legalContext>
         <v1:consumerContext>
            <v11:companyNumber>0207541594</v11:companyNumber>
            <v11:companyId>21003</v11:companyId>
         </v1:consumerContext>
         <v1:request>
            <!--Optional:-->
            <PlateNr>ASK050</PlateNr>
            <LanguageCode>1</LanguageCode>
         </v1:request>
      </v1:getVehicleTitularRequest>
   </soapenv:Body>
</soapenv:Envelope>]]></con:request>
        <con:credentials>
          <con:selectedAuthProfile>Basic</con:selectedAuthProfile>
          <con:addedBasicAuthenticationTypes>Basic</con:addedBasicAuthenticationTypes>
          <con:authType>Global HTTP Settings</con:authType>
        </con:credentials>
        <con:jmsConfig JMSDeliveryMode="PERSISTENT"/>
        <con:jmsPropertyConfig/>
        <con:wsaConfig mustUnderstand="NONE" version="200508" action="http://fidus.brussels/services/vehicleservice/getVehicleTitular"/>
        <con:wsrmConfig version="1.2"/>
      </con:call>
      <con:call id="7c23af29-8ab8-4079-aefc-63889db257f0" name="05 - Prod - Worker 1" outgoingWss="Outflow PROD" incomingWss="Inflow PROD">
        <con:settings>
          <con:setting id="com.eviware.soapui.impl.wsdl.WsdlRequest@request-headers">&lt;xml-fragment/></con:setting>
        </con:settings>
        <con:encoding>UTF-8</con:encoding>
        <con:endpoint>https://192.168.26.19:8443/services/VehicleService_v1.1</con:endpoint>
        <con:request><![CDATA[<soapenv:Envelope xmlns:soapenv="http://schemas.xmlsoap.org/soap/envelope/" xmlns:v1="http://fidus.brussels/service/vehicleservice/messages/v1.1" xmlns:v11="http://fidus.brussels/type/common/messages/v1">
   <soapenv:Header/>
   <soapenv:Body>
      <v1:getVehicleTitularRequest>
         <v1:messageContext>
            <v11:messageId>${=import static java.util.UUID.randomUUID; uuid = randomUUID() as String}</v11:messageId>
            <v11:timestamp>${=new java.text.SimpleDateFormat("yyyy-MM-dd'T'HH:mm:ss.SSS").format(new Date())}</v11:timestamp>
         </v1:messageContext>
         <v1:legalContext>ServiceIntegrator</v1:legalContext>
         <v1:consumerContext>
            <v11:companyNumber>0207541594</v11:companyNumber>
            <v11:companyId>21003</v11:companyId>
         </v1:consumerContext>
         <v1:request>
            <!--Optional:-->
            <PlateNr>ASK050</PlateNr>
            <LanguageCode>1</LanguageCode>
         </v1:request>
      </v1:getVehicleTitularRequest>
   </soapenv:Body>
</soapenv:Envelope>]]></con:request>
        <con:credentials>
          <con:selectedAuthProfile>Basic</con:selectedAuthProfile>
          <con:addedBasicAuthenticationTypes>Basic</con:addedBasicAuthenticationTypes>
          <con:authType>Global HTTP Settings</con:authType>
        </con:credentials>
        <con:jmsConfig JMSDeliveryMode="PERSISTENT"/>
        <con:jmsPropertyConfig/>
        <con:wsaConfig mustUnderstand="NONE" version="200508" action="http://fidus.brussels/services/vehicleservice/getVehicleTitular"/>
        <con:wsrmConfig version="1.2"/>
      </con:call>
      <con:call id="b45a3617-b613-46e9-aba0-7301fd5b386f" name="05 - Prod - Worker 2" outgoingWss="Outflow PROD" incomingWss="Inflow PROD">
        <con:settings>
          <con:setting id="com.eviware.soapui.impl.wsdl.WsdlRequest@request-headers">&lt;xml-fragment/></con:setting>
        </con:settings>
        <con:encoding>UTF-8</con:encoding>
        <con:endpoint>https://192.168.26.22:8443/services/VehicleService_v1.1</con:endpoint>
        <con:request><![CDATA[<soapenv:Envelope xmlns:soapenv="http://schemas.xmlsoap.org/soap/envelope/" xmlns:v1="http://fidus.brussels/service/vehicleservice/messages/v1.1" xmlns:v11="http://fidus.brussels/type/common/messages/v1">
   <soapenv:Header/>
   <soapenv:Body>
      <v1:getVehicleTitularRequest>
         <v1:messageContext>
            <v11:messageId>${=import static java.util.UUID.randomUUID; uuid = randomUUID() as String}</v11:messageId>
            <v11:timestamp>${=new java.text.SimpleDateFormat("yyyy-MM-dd'T'HH:mm:ss.SSS").format(new Date())}</v11:timestamp>
         </v1:messageContext>
         <v1:legalContext>ServiceIntegrator</v1:legalContext>
         <v1:consumerContext>
            <v11:companyNumber>0207541594</v11:companyNumber>
            <v11:companyId>21003</v11:companyId>
         </v1:consumerContext>
         <v1:request>
            <!--Optional:-->
            <PlateNr>ASK050</PlateNr>
            <LanguageCode>1</LanguageCode>
         </v1:request>
      </v1:getVehicleTitularRequest>
   </soapenv:Body>
</soapenv:Envelope>]]></con:request>
        <con:credentials>
          <con:selectedAuthProfile>Basic</con:selectedAuthProfile>
          <con:addedBasicAuthenticationTypes>Basic</con:addedBasicAuthenticationTypes>
          <con:authType>Global HTTP Settings</con:authType>
        </con:credentials>
        <con:jmsConfig JMSDeliveryMode="PERSISTENT"/>
        <con:jmsPropertyConfig/>
        <con:wsaConfig mustUnderstand="NONE" version="200508" action="http://fidus.brussels/services/vehicleservice/getVehicleTitular"/>
        <con:wsrmConfig version="1.2"/>
      </con:call>
    </con:operation>
    <con:operation id="32933821-8667-40df-ad8b-e1349d9e8848" isOneWay="false" action="http://fidus.brussels/services/vehicleservice/getVehicleRegistration" name="getVehicleRegistration" bindingOperationName="getVehicleRegistration" type="Request-Response" inputName="" receivesAttachments="false" sendsAttachments="false" anonymous="optional">
      <con:settings/>
      <con:call id="a4debd50-b691-4228-9512-0e157260ebfc" name="01 - Local - Request" outgoingWss="Outflow DEV" incomingWss="Inflow DEV">
        <con:settings>
          <con:setting id="com.eviware.soapui.impl.wsdl.WsdlRequest@request-headers">&lt;xml-fragment/></con:setting>
        </con:settings>
        <con:encoding>UTF-8</con:encoding>
        <con:endpoint>https://localhost:8243/services/VehicleService_v1.1</con:endpoint>
        <con:request><![CDATA[<soapenv:Envelope xmlns:soapenv="http://schemas.xmlsoap.org/soap/envelope/" xmlns:v1="http://fidus.brussels/service/vehicleservice/messages/v1.1" xmlns:v11="http://fidus.brussels/type/common/messages/v1">
   <soapenv:Header/>
   <soapenv:Body>
      <v1:getVehicleRegistrationRequest>
		<v1:messageContext>
            <v11:messageId>${=import static java.util.UUID.randomUUID; uuid = randomUUID() as String}</v11:messageId>
            <v11:timestamp>${=new java.text.SimpleDateFormat("yyyy-MM-dd'T'HH:mm:ss.SSS").format(new Date())}</v11:timestamp>
         </v1:messageContext>
         <v1:legalContext>ServiceIntegrator</v1:legalContext>
         <v1:consumerContext>
            <v11:companyNumber>0207541594</v11:companyNumber>
            <v11:companyId>21003</v11:companyId>
         </v1:consumerContext>
         <v1:request>
            <PlateNr>ASK050</PlateNr>
            <LanguageCode>2</LanguageCode>
         </v1:request>
      </v1:getVehicleRegistrationRequest>
   </soapenv:Body>
</soapenv:Envelope>]]></con:request>
        <con:credentials>
          <con:selectedAuthProfile>Basic</con:selectedAuthProfile>
          <con:addedBasicAuthenticationTypes>Basic</con:addedBasicAuthenticationTypes>
          <con:authType>Global HTTP Settings</con:authType>
        </con:credentials>
        <con:jmsConfig JMSDeliveryMode="PERSISTENT"/>
        <con:jmsPropertyConfig/>
        <con:wsaConfig mustUnderstand="NONE" version="200508" action="http://fidus.brussels/services/vehicleservice/getVehicleRegistration"/>
        <con:wsrmConfig version="1.2"/>
      </con:call>
      <con:call id="f6883eec-9b4b-4c80-9585-9510ce0d2794" name="02 - Dev - Request" outgoingWss="Outflow DEV" incomingWss="Inflow DEV">
        <con:settings>
          <con:setting id="com.eviware.soapui.impl.wsdl.WsdlRequest@request-headers">&lt;xml-fragment/></con:setting>
        </con:settings>
        <con:encoding>UTF-8</con:encoding>
        <con:endpoint>https://192.168.36.61:8243/services/VehicleService_v1.1</con:endpoint>
        <con:request><![CDATA[<soapenv:Envelope xmlns:soapenv="http://schemas.xmlsoap.org/soap/envelope/" xmlns:v1="http://fidus.brussels/service/vehicleservice/messages/v1.1" xmlns:v11="http://fidus.brussels/type/common/messages/v1">
   <soapenv:Header/>
   <soapenv:Body>
      <v1:getVehicleRegistrationRequest>
		<v1:messageContext>
            <v11:messageId>${=import static java.util.UUID.randomUUID; uuid = randomUUID() as String}</v11:messageId>            
            <v11:timestamp>${=new java.text.SimpleDateFormat("yyyy-MM-dd'T'HH:mm:ss.SSS").format(new Date())}</v11:timestamp>
         </v1:messageContext>
         <v1:legalContext>ServiceIntegrator</v1:legalContext>
         <v1:consumerContext>
            <v11:companyNumber>0207541594</v11:companyNumber>
            <v11:companyId>21003</v11:companyId>
         </v1:consumerContext>
         <v1:request>            
            <PlateNr>ASK-050</PlateNr>            
            <LanguageCode>2</LanguageCode>
         </v1:request>
      </v1:getVehicleRegistrationRequest>
   </soapenv:Body>
</soapenv:Envelope>]]></con:request>
        <con:credentials>
          <con:selectedAuthProfile>Basic</con:selectedAuthProfile>
          <con:addedBasicAuthenticationTypes>Basic</con:addedBasicAuthenticationTypes>
          <con:authType>Global HTTP Settings</con:authType>
        </con:credentials>
        <con:jmsConfig JMSDeliveryMode="PERSISTENT"/>
        <con:jmsPropertyConfig/>
        <con:wsaConfig mustUnderstand="NONE" version="200508" action="http://fidus.brussels/services/vehicleservice/getVehicleRegistration"/>
        <con:wsrmConfig version="1.2"/>
      </con:call>
      <con:call id="4ffb87cf-ddda-4815-86f1-49006afaf339" name="03 - Test - External Request" outgoingWss="Outflow TEST" incomingWss="Inflow TEST">
        <con:settings>
          <con:setting id="com.eviware.soapui.impl.wsdl.WsdlRequest@request-headers">&lt;xml-fragment/></con:setting>
        </con:settings>
        <con:encoding>UTF-8</con:encoding>
        <con:endpoint>https://fidus-test.irisnetlab.be/services/VehicleService_v1.1</con:endpoint>
        <con:request><![CDATA[<soapenv:Envelope xmlns:soapenv="http://schemas.xmlsoap.org/soap/envelope/" xmlns:v1="http://fidus.brussels/service/vehicleservice/messages/v1.1" xmlns:v11="http://fidus.brussels/type/common/messages/v1">
   <soapenv:Header/>
   <soapenv:Body>
      <v1:getVehicleRegistrationRequest>
		<v1:messageContext>
            <v11:messageId>${=import static java.util.UUID.randomUUID; uuid = randomUUID() as String}</v11:messageId>
            <v11:timestamp>${=new java.text.SimpleDateFormat("yyyy-MM-dd'T'HH:mm:ss.SSS").format(new Date())}</v11:timestamp>
         </v1:messageContext>
         <v1:legalContext>ServiceIntegrator</v1:legalContext>
         <v1:consumerContext>
            <v11:companyNumber>0316381039</v11:companyNumber>
            <v11:companyId>Brussel Fiscaliteit</v11:companyId>
         </v1:consumerContext>
         <v1:request>
            <PlateNr>YHN162</PlateNr>
            <LanguageCode>1</LanguageCode>
         </v1:request>
      </v1:getVehicleRegistrationRequest>
   </soapenv:Body>
</soapenv:Envelope>]]></con:request>
        <con:credentials>
          <con:selectedAuthProfile>Basic</con:selectedAuthProfile>
          <con:addedBasicAuthenticationTypes>Basic</con:addedBasicAuthenticationTypes>
          <con:authType>Global HTTP Settings</con:authType>
        </con:credentials>
        <con:jmsConfig JMSDeliveryMode="PERSISTENT"/>
        <con:jmsPropertyConfig/>
        <con:wsaConfig mustUnderstand="NONE" version="200508" action="http://fidus.brussels/services/vehicleservice/getVehicleRegistration"/>
        <con:wsrmConfig version="1.2"/>
      </con:call>
      <con:call id="efa727c9-01d5-42d9-b4f4-895cbabff9fa" name="03 - Test - LB Request" outgoingWss="Outflow TEST" incomingWss="Inflow TEST">
        <con:settings>
          <con:setting id="com.eviware.soapui.impl.wsdl.WsdlRequest@request-headers">&lt;xml-fragment/></con:setting>
        </con:settings>
        <con:encoding>UTF-8</con:encoding>
        <con:endpoint>https://esb-security-gw.sta.srv.cirb.lan:8443/services/VehicleService_v1.1</con:endpoint>
        <con:request><![CDATA[<soapenv:Envelope xmlns:soapenv="http://schemas.xmlsoap.org/soap/envelope/" xmlns:v1="http://fidus.brussels/service/vehicleservice/messages/v1.1" xmlns:v11="http://fidus.brussels/type/common/messages/v1">
   <soapenv:Header/>
   <soapenv:Body>
      <v1:getVehicleRegistrationRequest>
		<v1:messageContext>
            <v11:messageId>${=import static java.util.UUID.randomUUID; uuid = randomUUID() as String}</v11:messageId>
            <v11:timestamp>${=new java.text.SimpleDateFormat("yyyy-MM-dd'T'HH:mm:ss.SSS").format(new Date())}</v11:timestamp>
         </v1:messageContext>
         <v1:legalContext>ServiceIntegrator</v1:legalContext>
         <v1:consumerContext>
            <v11:companyNumber>0316381039</v11:companyNumber>
            <v11:companyId>Brussel Fiscaliteit</v11:companyId>
         </v1:consumerContext>
         <v1:request>
            <PlateNr>ASK-050</PlateNr>
            <LanguageCode>2</LanguageCode>
         </v1:request>
      </v1:getVehicleRegistrationRequest>
   </soapenv:Body>
</soapenv:Envelope>]]></con:request>
        <con:credentials>
          <con:selectedAuthProfile>Basic</con:selectedAuthProfile>
          <con:addedBasicAuthenticationTypes>Basic</con:addedBasicAuthenticationTypes>
          <con:authType>Global HTTP Settings</con:authType>
        </con:credentials>
        <con:jmsConfig JMSDeliveryMode="PERSISTENT"/>
        <con:jmsPropertyConfig/>
        <con:wsaConfig mustUnderstand="NONE" version="200508" action="http://fidus.brussels/services/vehicleservice/getVehicleRegistration"/>
        <con:wsrmConfig version="1.2"/>
      </con:call>
      <con:call id="9fc8a633-166f-4c28-8018-cc8b4657d361" name="03 - Test - Worker1 Request" outgoingWss="Outflow TEST" incomingWss="Inflow TEST">
        <con:settings>
          <con:setting id="com.eviware.soapui.impl.wsdl.WsdlRequest@request-headers">&lt;xml-fragment/></con:setting>
        </con:settings>
        <con:encoding>UTF-8</con:encoding>
        <con:endpoint>https://192.168.22.53:8443/services/VehicleService_v1.1</con:endpoint>
        <con:request><![CDATA[<soapenv:Envelope xmlns:soapenv="http://schemas.xmlsoap.org/soap/envelope/" xmlns:v1="http://fidus.brussels/service/vehicleservice/messages/v1.1" xmlns:v11="http://fidus.brussels/type/common/messages/v1">
   <soapenv:Header/>
   <soapenv:Body>
      <v1:getVehicleRegistrationRequest>
		<v1:messageContext>
            <v11:messageId>${=import static java.util.UUID.randomUUID; uuid = randomUUID() as String}</v11:messageId>
            <v11:timestamp>${=new java.text.SimpleDateFormat("yyyy-MM-dd'T'HH:mm:ss.SSS").format(new Date())}</v11:timestamp>
         </v1:messageContext>
         <v1:legalContext>ServiceIntegrator</v1:legalContext>
         <v1:consumerContext>
            <v11:companyNumber>0316381039</v11:companyNumber>
            <v11:companyId>Brussel Fiscaliteit</v11:companyId>
         </v1:consumerContext>
         <v1:request>
            <PlateNr>ASK-050</PlateNr>
            <LanguageCode>2</LanguageCode>
         </v1:request>
      </v1:getVehicleRegistrationRequest>
   </soapenv:Body>
</soapenv:Envelope>]]></con:request>
        <con:credentials>
          <con:selectedAuthProfile>Basic</con:selectedAuthProfile>
          <con:addedBasicAuthenticationTypes>Basic</con:addedBasicAuthenticationTypes>
          <con:authType>Global HTTP Settings</con:authType>
        </con:credentials>
        <con:jmsConfig JMSDeliveryMode="PERSISTENT"/>
        <con:jmsPropertyConfig/>
        <con:wsaConfig mustUnderstand="NONE" version="200508" action="http://fidus.brussels/services/vehicleservice/getVehicleRegistration"/>
        <con:wsrmConfig version="1.2"/>
      </con:call>
      <con:call id="70b7dc71-f0cb-46d4-8105-1ef20dc6ee85" name="03 - Test - Worker2 Request" outgoingWss="Outflow TEST" incomingWss="Inflow TEST">
        <con:settings>
          <con:setting id="com.eviware.soapui.impl.wsdl.WsdlRequest@request-headers">&lt;xml-fragment/></con:setting>
        </con:settings>
        <con:encoding>UTF-8</con:encoding>
        <con:endpoint>https://192.168.22.54:8443/services/VehicleService_v1.1</con:endpoint>
        <con:request><![CDATA[<soapenv:Envelope xmlns:soapenv="http://schemas.xmlsoap.org/soap/envelope/" xmlns:v1="http://fidus.brussels/service/vehicleservice/messages/v1.1" xmlns:v11="http://fidus.brussels/type/common/messages/v1">
   <soapenv:Header/>
   <soapenv:Body>
      <v1:getVehicleRegistrationRequest>
		<v1:messageContext>
            <v11:messageId>${=import static java.util.UUID.randomUUID; uuid = randomUUID() as String}</v11:messageId>
            <v11:timestamp>${=new java.text.SimpleDateFormat("yyyy-MM-dd'T'HH:mm:ss.SSS").format(new Date())}</v11:timestamp>
         </v1:messageContext>
         <v1:legalContext>ServiceIntegrator</v1:legalContext>
         <v1:consumerContext>
            <v11:companyNumber>0316381039</v11:companyNumber>
            <v11:companyId>Brussel Fiscaliteit</v11:companyId>
         </v1:consumerContext>
         <v1:request>
            <PlateNr>1GBL589</PlateNr>
            <LanguageCode>2</LanguageCode>
         </v1:request>
      </v1:getVehicleRegistrationRequest>
   </soapenv:Body>
</soapenv:Envelope>]]></con:request>
        <con:credentials>
          <con:selectedAuthProfile>Basic</con:selectedAuthProfile>
          <con:addedBasicAuthenticationTypes>Basic</con:addedBasicAuthenticationTypes>
          <con:authType>Global HTTP Settings</con:authType>
        </con:credentials>
        <con:jmsConfig JMSDeliveryMode="PERSISTENT"/>
        <con:jmsPropertyConfig/>
        <con:wsaConfig mustUnderstand="NONE" version="200508" action="http://fidus.brussels/services/vehicleservice/getVehicleRegistration"/>
        <con:wsrmConfig version="1.2"/>
      </con:call>
      <con:call id="85a8b7fe-8b8c-4e03-b5f3-ef6cdb2e3bf0" name="04 - Staging - External Request" outgoingWss="Outflow STAGING" incomingWss="Inflow STAGING">
        <con:settings>
          <con:setting id="com.eviware.soapui.impl.wsdl.WsdlRequest@request-headers">&lt;xml-fragment/></con:setting>
        </con:settings>
        <con:encoding>UTF-8</con:encoding>
        <con:endpoint>https://fidus.irisnetlab.be/services/VehicleService_v1.1</con:endpoint>
        <con:request><![CDATA[<soapenv:Envelope xmlns:soapenv="http://schemas.xmlsoap.org/soap/envelope/" xmlns:v1="http://fidus.brussels/service/vehicleservice/messages/v1.1" xmlns:v11="http://fidus.brussels/type/common/messages/v1">
   <soapenv:Header/>
   <soapenv:Body>
      <v1:getVehicleRegistrationRequest>
		<v1:messageContext>
            <v11:messageId>${=import static java.util.UUID.randomUUID; uuid = randomUUID() as String}</v11:messageId>
            <v11:timestamp>${=new java.text.SimpleDateFormat("yyyy-MM-dd'T'HH:mm:ss.SSS").format(new Date())}</v11:timestamp>
         </v1:messageContext>
         <v1:legalContext>ServiceIntegrator</v1:legalContext>
         <v1:consumerContext>
            <v11:companyNumber>0316381039</v11:companyNumber>
            <v11:companyId>Brussel Fiscaliteit</v11:companyId>
         </v1:consumerContext>
         <v1:request>
            <PlateNr>1PBN606</PlateNr>
            <LanguageCode>0</LanguageCode>
         </v1:request>
      </v1:getVehicleRegistrationRequest>
   </soapenv:Body>
</soapenv:Envelope>]]></con:request>
        <con:credentials>
          <con:selectedAuthProfile>Basic</con:selectedAuthProfile>
          <con:addedBasicAuthenticationTypes>Basic</con:addedBasicAuthenticationTypes>
          <con:authType>Global HTTP Settings</con:authType>
        </con:credentials>
        <con:jmsConfig JMSDeliveryMode="PERSISTENT"/>
        <con:jmsPropertyConfig/>
        <con:wsaConfig mustUnderstand="NONE" version="200508" action="http://fidus.brussels/services/vehicleservice/getVehicleRegistration"/>
        <con:wsrmConfig version="1.2"/>
      </con:call>
    <con:call id="679874a9-7bf6-4fbf-84fc-1b4115d032e6" name="05 - Prod - External Request" outgoingWss="Outflow PROD" incomingWss="Inflow PROD"><con:settings><con:setting id="com.eviware.soapui.impl.wsdl.WsdlRequest@request-headers">&lt;xml-fragment/></con:setting></con:settings><con:encoding>UTF-8</con:encoding><con:endpoint>https://fidus.sec.brussels/services/VehicleService_v1.1</con:endpoint><con:request><![CDATA[<soapenv:Envelope xmlns:soapenv="http://schemas.xmlsoap.org/soap/envelope/" xmlns:v1="http://fidus.brussels/service/vehicleservice/messages/v1.1" xmlns:v11="http://fidus.brussels/type/common/messages/v1">
   <soapenv:Header/>
   <soapenv:Body>
      <v1:getVehicleRegistrationRequest>
		<v1:messageContext>
            <v11:messageId>${=import static java.util.UUID.randomUUID; uuid = randomUUID() as String}</v11:messageId>
            <v11:timestamp>${=new java.text.SimpleDateFormat("yyyy-MM-dd'T'HH:mm:ss.SSS").format(new Date())}</v11:timestamp>
         </v1:messageContext>
         <v1:legalContext>ServiceIntegrator</v1:legalContext>
         <v1:consumerContext>
            <v11:companyNumber>0316381039</v11:companyNumber>
            <v11:companyId>Brussel Fiscaliteit</v11:companyId>
         </v1:consumerContext>
         <v1:request>
            <PlateNr>1PBN606</PlateNr>
            <LanguageCode>0</LanguageCode>
         </v1:request>
      </v1:getVehicleRegistrationRequest>
   </soapenv:Body>
</soapenv:Envelope>]]></con:request><con:credentials>
          <con:selectedAuthProfile>Basic</con:selectedAuthProfile>
          <con:addedBasicAuthenticationTypes>Basic</con:addedBasicAuthenticationTypes>
          <con:authType>Global HTTP Settings</con:authType>
        </con:credentials><con:jmsConfig JMSDeliveryMode="PERSISTENT"/><con:jmsPropertyConfig/><con:wsaConfig mustUnderstand="NONE" version="200508" action="http://fidus.brussels/services/vehicleservice/getVehicleRegistration"/><con:wsrmConfig version="1.2"/></con:call></con:operation>
  <con:operation id="b2d410a7-8425-4996-9d52-7d2bf38aeb1f" isOneWay="false" action="http://fidus.brussels/services/vehicleservice/getVehicleInformation" name="getVehicleInformation" bindingOperationName="getVehicleInformation" type="Request-Response" inputName="" receivesAttachments="false" sendsAttachments="false" anonymous="optional"><con:settings/><con:call id="7cf31c8c-2f70-4e4a-ac5a-f1dbf38b2be1" name="Request 1" outgoingWss="Outflow DEV" incomingWss="Inflow DEV"><con:settings><con:setting id="com.eviware.soapui.impl.wsdl.WsdlRequest@request-headers">&lt;xml-fragment/></con:setting></con:settings><con:encoding>UTF-8</con:encoding><con:endpoint>https://localhost:8243/services/VehicleService_v1.1</con:endpoint><con:request><![CDATA[<soapenv:Envelope xmlns:soapenv="http://schemas.xmlsoap.org/soap/envelope/" xmlns:v1="http://fidus.brussels/service/vehicleservice/messages/v1.1" xmlns:v11="http://fidus.brussels/type/common/messages/v1">
   <soapenv:Header/>
   <soapenv:Body>
      <v1:getVehicleInformationRequest>
		<v1:messageContext>
            <v11:messageId>${=import static java.util.UUID.randomUUID; uuid = randomUUID() as String}</v11:messageId>
            <v11:timestamp>${=new java.text.SimpleDateFormat("yyyy-MM-dd'T'HH:mm:ss.SSS").format(new Date())}</v11:timestamp>
         </v1:messageContext>
         <v1:legalContext>ServiceIntegrator</v1:legalContext>
         <v1:consumerContext>
            <v11:companyNumber>207541594</v11:companyNumber>
            <v11:companyId>21003</v11:companyId>
         </v1:consumerContext>
         <v1:request>
            <Vin>WAUZZZ8V8EA186015</Vin>
         </v1:request>
      </v1:getVehicleInformationRequest>
   </soapenv:Body>
</soapenv:Envelope>]]></con:request><con:credentials><con:selectedAuthProfile>Basic</con:selectedAuthProfile><con:addedBasicAuthenticationTypes>Basic</con:addedBasicAuthenticationTypes><con:authType>Global HTTP Settings</con:authType></con:credentials><con:jmsConfig JMSDeliveryMode="PERSISTENT"/><con:jmsPropertyConfig/><con:wsaConfig mustUnderstand="NONE" version="200508" action="http://fidus.brussels/services/vehicleservice/getVehicleInformation"/><con:wsrmConfig version="1.2"/></con:call></con:operation></con:interface>
  <con:testSuite id="f67d8638-3373-4621-858f-323014eb43b6" name="DEV"><con:settings/><con:runType>SEQUENTIAL</con:runType><con:testCase id="e6c14d32-065d-42cd-9acb-3bad4b8b142a" failOnError="true" failTestCaseOnErrors="true" keepSession="false" maxResults="0" name="getVehicleTitular" searchProperties="true"><con:settings/><con:testStep type="request" id="18743be7-4305-4ca9-82da-1cf8b0b19d7e" name="testcase02 - Dev - Request"><con:settings/><con:config xsi:type="con:RequestStep" xmlns:xsi="http://www.w3.org/2001/XMLSchema-instance"><con:interface>VehicleServiceHTTPBinding</con:interface><con:operation>getVehicleTitular</con:operation><con:request name="testcase02 - Dev - Request" id="79111a6e-e753-4d0d-9a77-c2a152ba5637" outgoingWss="Outflow DEV"><con:settings/><con:encoding>UTF-8</con:encoding><con:endpoint>https://192.168.36.61:8243/services/VehicleService_v1.1</con:endpoint><con:request><![CDATA[<soapenv:Envelope xmlns:soapenv="http://schemas.xmlsoap.org/soap/envelope/" xmlns:v1="http://fidus.brussels/service/vehicleservice/messages/v1.1" xmlns:v11="http://fidus.brussels/type/common/messages/v1">
   <soapenv:Header/>
   <soapenv:Body>
      <v1:getVehicleTitularRequest>
         <v1:messageContext>
            <v11:messageId>${=import static java.util.UUID.randomUUID; uuid = randomUUID() as String}</v11:messageId>
            <v11:timestamp>${=new java.text.SimpleDateFormat("yyyy-MM-dd'T'HH:mm:ss.SSS").format(new Date())}</v11:timestamp>
         </v1:messageContext>
         <v1:legalContext>ServiceIntegrator</v1:legalContext>
         <v1:consumerContext>
            <v11:companyNumber>207541594</v11:companyNumber>
            <v11:companyId>21003</v11:companyId>
         </v1:consumerContext>
         <v1:request>
            <!--Optional:-->
            <PlateNr>ASK-050</PlateNr>
         </v1:request>
      </v1:getVehicleTitularRequest>
   </soapenv:Body>
</soapenv:Envelope>]]></con:request><con:assertion type="SOAP Fault Assertion" id="16b5dca7-9ab2-4e99-8997-c62660cca56a" name="Not SOAP Fault"/><con:assertion type="SOAP Response" id="d337bc32-eb11-4ad7-b012-66e73e8e4510" name="SOAP Response"/><con:assertion type="Schema Compliance" id="37f177f1-3789-4fde-a2ec-240c3b7fb4cc" name="Schema Compliance"><con:configuration/></con:assertion><con:wsaConfig action="http://fidus.brussels/services/vehicleservice/getVehicleTitular"/></con:request></con:config></con:testStep><con:properties/></con:testCase><con:testCase id="4c5d00cc-d20b-4df7-bd8f-c572cd504c4a" failOnError="true" failTestCaseOnErrors="true" keepSession="false" maxResults="0" name="getVehicleRegistration" searchProperties="true"><con:settings/><con:testStep type="request" id="bfe2eafb-4b3b-411e-b412-a3cb366fecfc" name="testcase02 - Dev - Request"><con:settings/><con:config xsi:type="con:RequestStep" xmlns:xsi="http://www.w3.org/2001/XMLSchema-instance"><con:interface>VehicleServiceHTTPBinding</con:interface><con:operation>getVehicleRegistration</con:operation><con:request name="testcase02 - Dev - Request" id="8f937ad6-ffb7-4314-ad7e-3953fa30cec3" outgoingWss="Outflow DEV"><con:settings/><con:encoding>UTF-8</con:encoding><con:endpoint>https://192.168.36.61:8243/services/VehicleService_v1.1</con:endpoint><con:request><![CDATA[<soapenv:Envelope xmlns:soapenv="http://schemas.xmlsoap.org/soap/envelope/" xmlns:v1="http://fidus.brussels/service/vehicleservice/messages/v1.1" xmlns:v11="http://fidus.brussels/type/common/messages/v1">
   <soapenv:Header/>
   <soapenv:Body>
      <v1:getVehicleRegistrationRequest>
		<v1:messageContext>
            <v11:messageId>${=import static java.util.UUID.randomUUID; uuid = randomUUID() as String}</v11:messageId>            
            <v11:timestamp>${=new java.text.SimpleDateFormat("yyyy-MM-dd'T'HH:mm:ss.SSS").format(new Date())}</v11:timestamp>
         </v1:messageContext>
         <v1:legalContext>ServiceIntegrator</v1:legalContext>
         <v1:consumerContext>
            <v11:companyNumber>0207541594</v11:companyNumber>
            <v11:companyId>21003</v11:companyId>
         </v1:consumerContext>
         <v1:request>            
            <PlateNr>ASK-050</PlateNr>            
            <LanguageCode>2</LanguageCode>
         </v1:request>
      </v1:getVehicleRegistrationRequest>
   </soapenv:Body>
</soapenv:Envelope>]]></con:request><con:assertion type="SOAP Fault Assertion" id="aec35fc2-5be5-4626-8d0f-fe1ceb4c4691" name="Not SOAP Fault"/><con:assertion type="SOAP Response" id="26d09a71-9403-406a-9f73-38b46e54964c" name="SOAP Response"/><con:assertion type="Schema Compliance" id="d4e219cd-5271-468c-ba62-f17d51a19d9e" name="Schema Compliance"><con:configuration/></con:assertion><con:wsaConfig action="http://fidus.brussels/services/vehicleservice/getVehicleRegistration"/></con:request></con:config></con:testStep><con:properties/></con:testCase><con:properties/></con:testSuite><con:testSuite id="ea8063b6-22dc-446b-b04e-c486db157905" name="TEST"><con:settings/><con:runType>SEQUENTIAL</con:runType><con:testCase id="ef9e60d9-7a2a-455d-9cec-6fee7dcc24a4" failOnError="true" failTestCaseOnErrors="true" keepSession="false" maxResults="0" name="getVehicleTitular" searchProperties="true"><con:settings/><con:testStep type="request" id="766f6fe4-fcb4-48c8-9fe3-c8a0368d9361" name="testcase03 - Test - External Request"><con:settings/><con:config xsi:type="con:RequestStep" xmlns:xsi="http://www.w3.org/2001/XMLSchema-instance"><con:interface>VehicleServiceHTTPBinding</con:interface><con:operation>getVehicleTitular</con:operation><con:request name="testcase03 - Test - External Request" id="441cc50f-f14f-4568-bb86-c5dbd923ff97" outgoingWss="Outflow TEST"><con:settings/><con:encoding>UTF-8</con:encoding><con:endpoint>https://fidus-test.irisnetlab.be/services/VehicleService_v1.1</con:endpoint><con:request><![CDATA[<soapenv:Envelope xmlns:soapenv="http://schemas.xmlsoap.org/soap/envelope/" xmlns:v1="http://fidus.brussels/service/vehicleservice/messages/v1.1" xmlns:v11="http://fidus.brussels/type/common/messages/v1">
   <soapenv:Header/>
   <soapenv:Body>
      <v1:getVehicleTitularRequest>
         <v1:messageContext>
            <v11:messageId>${=import static java.util.UUID.randomUUID; uuid = randomUUID() as String}</v11:messageId>
            <v11:timestamp>${=new java.text.SimpleDateFormat("yyyy-MM-dd'T'HH:mm:ss.SSS").format(new Date())}</v11:timestamp>
         </v1:messageContext>
         <v1:legalContext>ServiceIntegrator</v1:legalContext>
         <v1:consumerContext>
            <v11:companyNumber>207541594</v11:companyNumber>
            <v11:companyId>21003</v11:companyId>
         </v1:consumerContext>
         <v1:request>
            <!--Optional:-->
            <PlateNr>ASK050</PlateNr>
            <LanguageCode>1</LanguageCode>
         </v1:request>
      </v1:getVehicleTitularRequest>
   </soapenv:Body>
</soapenv:Envelope>]]></con:request><con:assertion type="SOAP Fault Assertion" id="324cfafd-8ede-4f60-88af-7ea33ad783cf" name="Not SOAP Fault"/><con:assertion type="SOAP Response" id="b477a976-03bd-47ec-8c78-d8cff613681c" name="SOAP Response"/><con:assertion type="Schema Compliance" id="b3980077-3682-46ce-ad9b-8816b5df4eca" name="Schema Compliance"><con:configuration/></con:assertion><con:wsaConfig action="http://fidus.brussels/services/vehicleservice/getVehicleTitular"/></con:request></con:config></con:testStep><con:testStep type="request" id="4e912e36-0e5f-47d0-b52e-49bf5d7bb33a" name="testcase03 - Test - LB Request"><con:settings/><con:config xsi:type="con:RequestStep" xmlns:xsi="http://www.w3.org/2001/XMLSchema-instance"><con:interface>VehicleServiceHTTPBinding</con:interface><con:operation>getVehicleTitular</con:operation><con:request name="testcase03 - Test - LB Request" id="c2bb6bb8-96aa-4bc6-b358-d26e4470ca52" outgoingWss="Outflow TEST"><con:settings/><con:encoding>UTF-8</con:encoding><con:endpoint>https://esb-security-gw.sta.srv.cirb.lan:8443/services/VehicleService_v1.1</con:endpoint><con:request><![CDATA[<soapenv:Envelope xmlns:soapenv="http://schemas.xmlsoap.org/soap/envelope/" xmlns:v1="http://fidus.brussels/service/vehicleservice/messages/v1.1" xmlns:v11="http://fidus.brussels/type/common/messages/v1">
   <soapenv:Header/>
   <soapenv:Body>
      <v1:getVehicleTitularRequest>
         <v1:messageContext>
            <v11:messageId>${=import static java.util.UUID.randomUUID; uuid = randomUUID() as String}</v11:messageId>
            <v11:timestamp>${=new java.text.SimpleDateFormat("yyyy-MM-dd'T'HH:mm:ss.SSS").format(new Date())}</v11:timestamp>
         </v1:messageContext>
         <v1:legalContext>ServiceIntegrator</v1:legalContext>
         <v1:consumerContext>
            <v11:companyNumber>207541594</v11:companyNumber>
            <v11:companyId>21003</v11:companyId>
         </v1:consumerContext>
         <v1:request>
            <!--Optional:-->
            <PlateNr>ASK050</PlateNr>
         </v1:request>
      </v1:getVehicleTitularRequest>
   </soapenv:Body>
</soapenv:Envelope>]]></con:request><con:assertion type="SOAP Fault Assertion" id="270c75a9-ed8c-438f-8dfb-c9f686fc1f80" name="Not SOAP Fault"/><con:assertion type="SOAP Response" id="259f2de8-ff2f-4758-954b-7f5ff2c53649" name="SOAP Response"/><con:assertion type="Schema Compliance" id="32869fc1-ca85-4492-a5e9-9b3e4b6fa67b" name="Schema Compliance"><con:configuration/></con:assertion><con:wsaConfig action="http://fidus.brussels/services/vehicleservice/getVehicleTitular"/></con:request></con:config></con:testStep><con:testStep type="request" id="f60af39d-f9c2-4697-8f6d-9b50f683e780" name="testcase03 - Test - Worker1 - Request"><con:settings/><con:config xsi:type="con:RequestStep" xmlns:xsi="http://www.w3.org/2001/XMLSchema-instance"><con:interface>VehicleServiceHTTPBinding</con:interface><con:operation>getVehicleTitular</con:operation><con:request name="testcase03 - Test - Worker1 - Request" id="0fb2fc74-8535-4036-bce3-515e5ab38167" outgoingWss="Outflow TEST"><con:settings/><con:encoding>UTF-8</con:encoding><con:endpoint>https://192.168.24.45:8443/services/VehicleService_v1.1</con:endpoint><con:request><![CDATA[<soapenv:Envelope xmlns:soapenv="http://schemas.xmlsoap.org/soap/envelope/" xmlns:v1="http://fidus.brussels/service/vehicleservice/messages/v1.1" xmlns:v11="http://fidus.brussels/type/common/messages/v1">
   <soapenv:Header/>
   <soapenv:Body>
      <v1:getVehicleTitularRequest>
         <v1:messageContext>
            <v11:messageId>${=import static java.util.UUID.randomUUID; uuid = randomUUID() as String}</v11:messageId>
            <v11:timestamp>${=new java.text.SimpleDateFormat("yyyy-MM-dd'T'HH:mm:ss.SSS").format(new Date())}</v11:timestamp>
         </v1:messageContext>
         <v1:legalContext>ServiceIntegrator</v1:legalContext>
         <v1:consumerContext>
            <v11:companyNumber>207541594</v11:companyNumber>
            <v11:companyId>21003</v11:companyId>
         </v1:consumerContext>
         <v1:request>
            <!--Optional:-->
            <PlateNr>ASK050</PlateNr>
         </v1:request>
      </v1:getVehicleTitularRequest>
   </soapenv:Body>
</soapenv:Envelope>]]></con:request><con:assertion type="SOAP Fault Assertion" id="31e45c55-7f3e-4c92-9bd4-322f69c357e2" name="Not SOAP Fault"/><con:assertion type="SOAP Response" id="339f2ad0-aada-4086-91e6-055b745e9963" name="SOAP Response"/><con:assertion type="Schema Compliance" id="792b5ca1-18d5-417c-be2b-7779765292f3" name="Schema Compliance"><con:configuration/></con:assertion><con:wsaConfig action="http://fidus.brussels/services/vehicleservice/getVehicleTitular"/></con:request></con:config></con:testStep><con:testStep type="request" id="156d9e46-1b6a-4574-917f-65ca73e42e5b" name="testcase03 - Test - Worker2 - Request"><con:settings/><con:config xsi:type="con:RequestStep" xmlns:xsi="http://www.w3.org/2001/XMLSchema-instance"><con:interface>VehicleServiceHTTPBinding</con:interface><con:operation>getVehicleTitular</con:operation><con:request name="testcase03 - Test - Worker2 - Request" id="159a2266-a8c0-4659-a1e1-9929192f239f" outgoingWss="Outflow TEST"><con:settings/><con:encoding>UTF-8</con:encoding><con:endpoint>https://192.168.24.51:8443/services/VehicleService_v1.1</con:endpoint><con:request><![CDATA[<soapenv:Envelope xmlns:soapenv="http://schemas.xmlsoap.org/soap/envelope/" xmlns:v1="http://fidus.brussels/service/vehicleservice/messages/v1.1" xmlns:v11="http://fidus.brussels/type/common/messages/v1">
   <soapenv:Header/>
   <soapenv:Body>
      <v1:getVehicleTitularRequest>
         <v1:messageContext>
            <v11:messageId>${=import static java.util.UUID.randomUUID; uuid = randomUUID() as String}</v11:messageId>
            <v11:timestamp>${=new java.text.SimpleDateFormat("yyyy-MM-dd'T'HH:mm:ss.SSS").format(new Date())}</v11:timestamp>
         </v1:messageContext>
         <v1:legalContext>ServiceIntegrator</v1:legalContext>
         <v1:consumerContext>
            <v11:companyNumber>207541594</v11:companyNumber>
            <v11:companyId>21003</v11:companyId>
         </v1:consumerContext>
         <v1:request>
            <!--Optional:-->
            <PlateNr>ASK050</PlateNr>
         </v1:request>
      </v1:getVehicleTitularRequest>
   </soapenv:Body>
</soapenv:Envelope>]]></con:request><con:assertion type="SOAP Fault Assertion" id="25071be4-cac0-45f8-bce1-20a42b9e92dc" name="Not SOAP Fault"/><con:assertion type="SOAP Response" id="2946a541-af29-4d40-8236-0d95f564d2be" name="SOAP Response"/><con:assertion type="Schema Compliance" id="e6a36d68-5997-4cc1-a1fa-eef107f15f2e" name="Schema Compliance"><con:configuration/></con:assertion><con:wsaConfig action="http://fidus.brussels/services/vehicleservice/getVehicleTitular"/></con:request></con:config></con:testStep><con:properties/></con:testCase><con:testCase id="7d97ba6e-1ab9-4bb6-828d-e1e92a69c4e0" failOnError="true" failTestCaseOnErrors="true" keepSession="false" maxResults="0" name="getVehicleRegistration" searchProperties="true"><con:settings/><con:testStep type="request" id="d06e0750-b469-4f8f-8915-29ca6dc9d18b" name="testcase03 - Test - External Request"><con:settings/><con:config xsi:type="con:RequestStep" xmlns:xsi="http://www.w3.org/2001/XMLSchema-instance"><con:interface>VehicleServiceHTTPBinding</con:interface><con:operation>getVehicleRegistration</con:operation><con:request name="testcase03 - Test - External Request" id="0003e215-1af7-4c89-b8b3-2444b21c4722" outgoingWss="Outflow TEST"><con:settings/><con:encoding>UTF-8</con:encoding><con:endpoint>https://fidus-test.irisnetlab.be/services/VehicleService_v1.1</con:endpoint><con:request><![CDATA[<soapenv:Envelope xmlns:soapenv="http://schemas.xmlsoap.org/soap/envelope/" xmlns:v1="http://fidus.brussels/service/vehicleservice/messages/v1.1" xmlns:v11="http://fidus.brussels/type/common/messages/v1">
   <soapenv:Header/>
   <soapenv:Body>
      <v1:getVehicleRegistrationRequest>
		<v1:messageContext>
            <v11:messageId>${=import static java.util.UUID.randomUUID; uuid = randomUUID() as String}</v11:messageId>
            <v11:timestamp>${=new java.text.SimpleDateFormat("yyyy-MM-dd'T'HH:mm:ss.SSS").format(new Date())}</v11:timestamp>
         </v1:messageContext>
         <v1:legalContext>ServiceIntegrator</v1:legalContext>
         <v1:consumerContext>
            <v11:companyNumber>0316381039</v11:companyNumber>
            <v11:companyId>Brussel Fiscaliteit</v11:companyId>
         </v1:consumerContext>
         <v1:request>
            <PlateNr>YHN162</PlateNr>
            <LanguageCode>1</LanguageCode>
         </v1:request>
      </v1:getVehicleRegistrationRequest>
   </soapenv:Body>
</soapenv:Envelope>]]></con:request><con:assertion type="SOAP Fault Assertion" id="5ea2a9b8-0511-43fd-99e4-00f92f882c86" name="Not SOAP Fault"/><con:assertion type="SOAP Response" id="27ea320c-be28-4dad-a9db-d61ee0e8ed6b" name="SOAP Response"/><con:assertion type="Schema Compliance" id="0f2b579c-e0e4-4e74-a951-152aa414a306" name="Schema Compliance"><con:configuration/></con:assertion><con:wsaConfig action="http://fidus.brussels/services/vehicleservice/getVehicleRegistration"/></con:request></con:config></con:testStep><con:testStep type="request" id="101ae74e-e81b-4431-948c-929065f42514" name="testcase03 - Test - LB Request"><con:settings/><con:config xsi:type="con:RequestStep" xmlns:xsi="http://www.w3.org/2001/XMLSchema-instance"><con:interface>VehicleServiceHTTPBinding</con:interface><con:operation>getVehicleRegistration</con:operation><con:request name="testcase03 - Test - LB Request" id="b64cb800-40ce-4a8e-8079-8763899f1380" outgoingWss="Outflow TEST"><con:settings/><con:encoding>UTF-8</con:encoding><con:endpoint>https://esb-security-gw.sta.srv.cirb.lan:8443/services/VehicleService_v1.1</con:endpoint><con:request><![CDATA[<soapenv:Envelope xmlns:soapenv="http://schemas.xmlsoap.org/soap/envelope/" xmlns:v1="http://fidus.brussels/service/vehicleservice/messages/v1.1" xmlns:v11="http://fidus.brussels/type/common/messages/v1">
   <soapenv:Header/>
   <soapenv:Body>
      <v1:getVehicleRegistrationRequest>
		<v1:messageContext>
            <v11:messageId>${=import static java.util.UUID.randomUUID; uuid = randomUUID() as String}</v11:messageId>
            <v11:timestamp>${=new java.text.SimpleDateFormat("yyyy-MM-dd'T'HH:mm:ss.SSS").format(new Date())}</v11:timestamp>
         </v1:messageContext>
         <v1:legalContext>ServiceIntegrator</v1:legalContext>
         <v1:consumerContext>
            <v11:companyNumber>0316381039</v11:companyNumber>
            <v11:companyId>Brussel Fiscaliteit</v11:companyId>
         </v1:consumerContext>
         <v1:request>
            <PlateNr>ASK-050</PlateNr>
            <LanguageCode>2</LanguageCode>
         </v1:request>
      </v1:getVehicleRegistrationRequest>
   </soapenv:Body>
</soapenv:Envelope>]]></con:request><con:assertion type="SOAP Fault Assertion" id="3bbe8ad8-62ec-4227-80f8-fd9ab69bdb42" name="Not SOAP Fault"/><con:assertion type="SOAP Response" id="355748eb-534f-4175-9317-db7046aec532" name="SOAP Response"/><con:assertion type="Schema Compliance" id="989f7988-53e6-47d3-912e-fce6a74e2214" name="Schema Compliance"><con:configuration/></con:assertion><con:wsaConfig action="http://fidus.brussels/services/vehicleservice/getVehicleRegistration"/></con:request></con:config></con:testStep><con:testStep type="request" id="ccebc63a-850b-447c-a129-d1799a289f2c" name="testcase03 - Test - Worker1 Request"><con:settings/><con:config xsi:type="con:RequestStep" xmlns:xsi="http://www.w3.org/2001/XMLSchema-instance"><con:interface>VehicleServiceHTTPBinding</con:interface><con:operation>getVehicleRegistration</con:operation><con:request name="testcase03 - Test - Worker1 Request" id="989e0ec0-4333-4d49-8725-8f9332c27798" outgoingWss="Outflow TEST"><con:settings/><con:encoding>UTF-8</con:encoding><con:endpoint>https://192.168.24.45:8443/services/VehicleService_v1.1</con:endpoint><con:request><![CDATA[<soapenv:Envelope xmlns:soapenv="http://schemas.xmlsoap.org/soap/envelope/" xmlns:v1="http://fidus.brussels/service/vehicleservice/messages/v1.1" xmlns:v11="http://fidus.brussels/type/common/messages/v1">
   <soapenv:Header/>
   <soapenv:Body>
      <v1:getVehicleRegistrationRequest>
		<v1:messageContext>
            <v11:messageId>${=import static java.util.UUID.randomUUID; uuid = randomUUID() as String}</v11:messageId>
            <v11:timestamp>${=new java.text.SimpleDateFormat("yyyy-MM-dd'T'HH:mm:ss.SSS").format(new Date())}</v11:timestamp>
         </v1:messageContext>
         <v1:legalContext>ServiceIntegrator</v1:legalContext>
         <v1:consumerContext>
            <v11:companyNumber>0316381039</v11:companyNumber>
            <v11:companyId>Brussel Fiscaliteit</v11:companyId>
         </v1:consumerContext>
         <v1:request>
            <PlateNr>ASK-050</PlateNr>
            <LanguageCode>2</LanguageCode>
         </v1:request>
      </v1:getVehicleRegistrationRequest>
   </soapenv:Body>
</soapenv:Envelope>]]></con:request><con:assertion type="SOAP Fault Assertion" id="3032f8c2-d5d0-43f9-b3ec-1a02ee1a6442" name="Not SOAP Fault"/><con:assertion type="SOAP Response" id="9c70d506-a6e2-46e8-8654-09d7b827e382" name="SOAP Response"/><con:assertion type="Schema Compliance" id="b8aebcff-966a-4392-aae9-d73e2200e0ff" name="Schema Compliance"><con:configuration/></con:assertion><con:wsaConfig action="http://fidus.brussels/services/vehicleservice/getVehicleRegistration"/></con:request></con:config></con:testStep><con:testStep type="request" id="7010c8de-b185-455d-82f8-a07803c88d32" name="testcase03 - Test - Worker2 Request"><con:settings/><con:config xsi:type="con:RequestStep" xmlns:xsi="http://www.w3.org/2001/XMLSchema-instance"><con:interface>VehicleServiceHTTPBinding</con:interface><con:operation>getVehicleRegistration</con:operation><con:request name="testcase03 - Test - Worker2 Request" id="e7bfc7f5-d0af-4deb-81a4-87ef8c2f8731" outgoingWss="Outflow TEST"><con:settings/><con:encoding>UTF-8</con:encoding><con:endpoint>https://192.168.24.51:8443/services/VehicleService_v1.1</con:endpoint><con:request><![CDATA[<soapenv:Envelope xmlns:soapenv="http://schemas.xmlsoap.org/soap/envelope/" xmlns:v1="http://fidus.brussels/service/vehicleservice/messages/v1.1" xmlns:v11="http://fidus.brussels/type/common/messages/v1">
   <soapenv:Header/>
   <soapenv:Body>
      <v1:getVehicleRegistrationRequest>
		<v1:messageContext>
            <v11:messageId>${=import static java.util.UUID.randomUUID; uuid = randomUUID() as String}</v11:messageId>
            <v11:timestamp>${=new java.text.SimpleDateFormat("yyyy-MM-dd'T'HH:mm:ss.SSS").format(new Date())}</v11:timestamp>
         </v1:messageContext>
         <v1:legalContext>ServiceIntegrator</v1:legalContext>
         <v1:consumerContext>
            <v11:companyNumber>0316381039</v11:companyNumber>
            <v11:companyId>Brussel Fiscaliteit</v11:companyId>
         </v1:consumerContext>
         <v1:request>
            <PlateNr>1GBL589</PlateNr>
            <LanguageCode>2</LanguageCode>
         </v1:request>
      </v1:getVehicleRegistrationRequest>
   </soapenv:Body>
</soapenv:Envelope>]]></con:request><con:assertion type="SOAP Fault Assertion" id="65bbf92e-4928-4f34-8171-50478617ebe0" name="Not SOAP Fault"/><con:assertion type="SOAP Response" id="faff0924-8194-475a-94f1-edfcf7246291" name="SOAP Response"/><con:assertion type="Schema Compliance" id="e5f4358a-e0c3-47f0-ba2e-335deb13e0d9" name="Schema Compliance"><con:configuration/></con:assertion><con:wsaConfig action="http://fidus.brussels/services/vehicleservice/getVehicleRegistration"/></con:request></con:config></con:testStep><con:properties/></con:testCase><con:properties/></con:testSuite><con:testSuite id="85037b9d-ce69-4dfd-abf3-37bc80dbebed" name="STAG"><con:settings/><con:runType>SEQUENTIAL</con:runType><con:testCase id="dbf682cf-ac77-4ddf-81d8-dfb1f0e97beb" failOnError="true" failTestCaseOnErrors="true" keepSession="false" maxResults="0" name="getVehicleTitular" searchProperties="true"><con:settings/><con:testStep type="request" id="5ada751e-4332-47ce-a01d-ab83e5578af8" name="testcase04 - Staging - External Request"><con:settings/><con:config xsi:type="con:RequestStep" xmlns:xsi="http://www.w3.org/2001/XMLSchema-instance"><con:interface>VehicleServiceHTTPBinding</con:interface><con:operation>getVehicleTitular</con:operation><con:request name="testcase04 - Staging - External Request" id="74b75e34-313b-4b3a-b6ea-d6a488604603" outgoingWss="Outflow STAG"><con:settings/><con:encoding>UTF-8</con:encoding><con:endpoint>https://fidus.irisnetlab.be/services/VehicleService_v1.1</con:endpoint><con:request><![CDATA[<soapenv:Envelope xmlns:soapenv="http://schemas.xmlsoap.org/soap/envelope/" xmlns:v1="http://fidus.brussels/service/vehicleservice/messages/v1.1" xmlns:v11="http://fidus.brussels/type/common/messages/v1">
   <soapenv:Header/>
   <soapenv:Body>
      <v1:getVehicleTitularRequest>
         <v1:messageContext>
            <v11:messageId>${=import static java.util.UUID.randomUUID; uuid = randomUUID() as String}</v11:messageId>
            <v11:timestamp>${=new java.text.SimpleDateFormat("yyyy-MM-dd'T'HH:mm:ss.SSS").format(new Date())}</v11:timestamp>
         </v1:messageContext>
         <v1:legalContext>ServiceIntegrator</v1:legalContext>
         <v1:consumerContext>
            <v11:companyNumber>207541594</v11:companyNumber>
            <v11:companyId>21003</v11:companyId>
         </v1:consumerContext>
         <v1:request>
            <!--Optional:-->
            <PlateNr>ASK050</PlateNr>
            <LanguageCode>1</LanguageCode>
         </v1:request>
      </v1:getVehicleTitularRequest>
   </soapenv:Body>
</soapenv:Envelope>]]></con:request><con:assertion type="SOAP Fault Assertion" id="5a1f2624-b6cc-4f49-b7ef-cebb35334a38" name="Not SOAP Fault"/><con:assertion type="SOAP Response" id="06a68dd5-f91e-4b11-a176-80694cadba2a" name="SOAP Response"/><con:assertion type="Schema Compliance" id="5ce34f72-9f34-4cb7-b9d2-c771978c88ca" name="Schema Compliance"><con:configuration/></con:assertion><con:wsaConfig action="http://fidus.brussels/services/vehicleservice/getVehicleTitular"/></con:request></con:config></con:testStep><con:testStep type="request" id="b9092664-b3b6-426f-9db5-ce07f863426c" name="testcase04 - Staging - LB Request"><con:settings/><con:config xsi:type="con:RequestStep" xmlns:xsi="http://www.w3.org/2001/XMLSchema-instance"><con:interface>VehicleServiceHTTPBinding</con:interface><con:operation>getVehicleTitular</con:operation><con:request name="testcase04 - Staging - LB Request" id="11dbd238-47de-4462-b40e-2175ec76f237" outgoingWss="Outflow STAG"><con:settings/><con:encoding>UTF-8</con:encoding><con:endpoint>https://fidus-esb-sg.sta.srv.cirb.lan:8443/services/VehicleService_v1.1</con:endpoint><con:request><![CDATA[<soapenv:Envelope xmlns:soapenv="http://schemas.xmlsoap.org/soap/envelope/" xmlns:v1="http://fidus.brussels/service/vehicleservice/messages/v1.1" xmlns:v11="http://fidus.brussels/type/common/messages/v1">
   <soapenv:Header/>
   <soapenv:Body>
      <v1:getVehicleTitularRequest>
         <v1:messageContext>
            <v11:messageId>${=import static java.util.UUID.randomUUID; uuid = randomUUID() as String}</v11:messageId>
            <v11:timestamp>${=new java.text.SimpleDateFormat("yyyy-MM-dd'T'HH:mm:ss.SSS").format(new Date())}</v11:timestamp>
         </v1:messageContext>
         <v1:legalContext>ServiceIntegrator</v1:legalContext>
         <v1:consumerContext>
            <v11:companyNumber>207541594</v11:companyNumber>
            <v11:companyId>21003</v11:companyId>
         </v1:consumerContext>
         <v1:request>
            <!--Optional:-->
            <PlateNr>ASK050</PlateNr>
            <LanguageCode>1</LanguageCode>
         </v1:request>
      </v1:getVehicleTitularRequest>
   </soapenv:Body>
</soapenv:Envelope>]]></con:request><con:assertion type="SOAP Fault Assertion" id="189b2011-5b4e-4f50-8424-fba9b29fd16e" name="Not SOAP Fault"/><con:assertion type="SOAP Response" id="866736c9-3e15-4ae4-baee-af1a7543bc88" name="SOAP Response"/><con:assertion type="Schema Compliance" id="1452533c-543e-4cf1-bc7e-851c760eafe6" name="Schema Compliance"><con:configuration/></con:assertion><con:wsaConfig action="http://fidus.brussels/services/vehicleservice/getVehicleTitular"/></con:request></con:config></con:testStep><con:testStep type="request" id="079a36c5-6b08-4148-806f-040bad4ad639" name="testcase04 - Staging - Worker 1"><con:settings/><con:config xsi:type="con:RequestStep" xmlns:xsi="http://www.w3.org/2001/XMLSchema-instance"><con:interface>VehicleServiceHTTPBinding</con:interface><con:operation>getVehicleTitular</con:operation><con:request name="testcase04 - Staging - Worker 1" id="0c80b34f-a880-4ac7-a12b-0b4c86a2b3e9" outgoingWss="Outflow STAG"><con:settings/><con:encoding>UTF-8</con:encoding><con:endpoint>https://192.168.24.16:8443/services/VehicleService_v1.1</con:endpoint><con:request><![CDATA[<soapenv:Envelope xmlns:soapenv="http://schemas.xmlsoap.org/soap/envelope/" xmlns:v1="http://fidus.brussels/service/vehicleservice/messages/v1.1" xmlns:v11="http://fidus.brussels/type/common/messages/v1">
   <soapenv:Header/>
   <soapenv:Body>
      <v1:getVehicleTitularRequest>
         <v1:messageContext>
            <v11:messageId>${=import static java.util.UUID.randomUUID; uuid = randomUUID() as String}</v11:messageId>
            <v11:timestamp>${=new java.text.SimpleDateFormat("yyyy-MM-dd'T'HH:mm:ss.SSS").format(new Date())}</v11:timestamp>
         </v1:messageContext>
         <v1:legalContext>ServiceIntegrator</v1:legalContext>
         <v1:consumerContext>
            <v11:companyNumber>207541594</v11:companyNumber>
            <v11:companyId>21003</v11:companyId>
         </v1:consumerContext>
         <v1:request>
            <!--Optional:-->
            <PlateNr>ASK050</PlateNr>
            <LanguageCode>1</LanguageCode>
         </v1:request>
      </v1:getVehicleTitularRequest>
   </soapenv:Body>
</soapenv:Envelope>]]></con:request><con:assertion type="SOAP Fault Assertion" id="6c908866-9344-4e2f-bf86-3fddcf5c24a7" name="Not SOAP Fault"/><con:assertion type="SOAP Response" id="cfdc565a-5d5a-4b6e-a381-2c767948d8ce" name="SOAP Response"/><con:assertion type="Schema Compliance" id="8b85a187-b5c5-40d9-a566-7b6483be2f56" name="Schema Compliance"><con:configuration/></con:assertion><con:wsaConfig action="http://fidus.brussels/services/vehicleservice/getVehicleTitular"/></con:request></con:config></con:testStep><con:testStep type="request" id="9f9a514e-634b-4b42-8b30-4f4ab77233aa" name="testcase04 - Staging - Worker 2"><con:settings/><con:config xsi:type="con:RequestStep" xmlns:xsi="http://www.w3.org/2001/XMLSchema-instance"><con:interface>VehicleServiceHTTPBinding</con:interface><con:operation>getVehicleTitular</con:operation><con:request name="testcase04 - Staging - Worker 2" id="2adfa849-6acc-4e65-a1dc-0b9d166a622e" outgoingWss="Outflow STAG"><con:settings/><con:encoding>UTF-8</con:encoding><con:endpoint>https://192.168.24.17:8443/services/VehicleService_v1.1</con:endpoint><con:request><![CDATA[<soapenv:Envelope xmlns:soapenv="http://schemas.xmlsoap.org/soap/envelope/" xmlns:v1="http://fidus.brussels/service/vehicleservice/messages/v1.1" xmlns:v11="http://fidus.brussels/type/common/messages/v1">
   <soapenv:Header/>
   <soapenv:Body>
      <v1:getVehicleTitularRequest>
         <v1:messageContext>
            <v11:messageId>${=import static java.util.UUID.randomUUID; uuid = randomUUID() as String}</v11:messageId>
            <v11:timestamp>${=new java.text.SimpleDateFormat("yyyy-MM-dd'T'HH:mm:ss.SSS").format(new Date())}</v11:timestamp>
         </v1:messageContext>
         <v1:legalContext>ServiceIntegrator</v1:legalContext>
         <v1:consumerContext>
            <v11:companyNumber>207541594</v11:companyNumber>
            <v11:companyId>21003</v11:companyId>
         </v1:consumerContext>
         <v1:request>
            <!--Optional:-->
            <PlateNr>ASK050</PlateNr>
            <LanguageCode>1</LanguageCode>
         </v1:request>
      </v1:getVehicleTitularRequest>
   </soapenv:Body>
</soapenv:Envelope>]]></con:request><con:assertion type="SOAP Fault Assertion" id="5905437a-c018-4123-acc9-eea9d9eda0c6" name="Not SOAP Fault"/><con:assertion type="SOAP Response" id="aea41aa9-636a-422a-93b2-b64ff5efabac" name="SOAP Response"/><con:assertion type="Schema Compliance" id="3c8d56b1-92b7-4b1a-9b3c-5f5a0769cd59" name="Schema Compliance"><con:configuration/></con:assertion><con:wsaConfig action="http://fidus.brussels/services/vehicleservice/getVehicleTitular"/></con:request></con:config></con:testStep><con:properties/></con:testCase><con:testCase id="38a6b746-0fad-4c88-9f45-304fefe3ae04" failOnError="true" failTestCaseOnErrors="true" keepSession="false" maxResults="0" name="getVehicleRegistration" searchProperties="true"><con:settings/><con:testStep type="request" id="d97f8fe7-5b76-4897-9add-38ade62bd35a" name="testcase04 - Staging - External Request"><con:settings/><con:config xsi:type="con:RequestStep" xmlns:xsi="http://www.w3.org/2001/XMLSchema-instance"><con:interface>VehicleServiceHTTPBinding</con:interface><con:operation>getVehicleRegistration</con:operation><con:request name="testcase04 - Staging - External Request" id="a0936145-160c-4ec4-84e4-88f4e7df4ca5" outgoingWss="Outflow STAG"><con:settings/><con:encoding>UTF-8</con:encoding><con:endpoint>https://fidus.irisnetlab.be/services/VehicleService_v1.1</con:endpoint><con:request><![CDATA[<soapenv:Envelope xmlns:soapenv="http://schemas.xmlsoap.org/soap/envelope/" xmlns:v1="http://fidus.brussels/service/vehicleservice/messages/v1.1" xmlns:v11="http://fidus.brussels/type/common/messages/v1">
   <soapenv:Header/>
   <soapenv:Body>
      <v1:getVehicleRegistrationRequest>
		<v1:messageContext>
            <v11:messageId>${=import static java.util.UUID.randomUUID; uuid = randomUUID() as String}</v11:messageId>
            <v11:timestamp>${=new java.text.SimpleDateFormat("yyyy-MM-dd'T'HH:mm:ss.SSS").format(new Date())}</v11:timestamp>
         </v1:messageContext>
         <v1:legalContext>ServiceIntegrator</v1:legalContext>
         <v1:consumerContext>
            <v11:companyNumber>0316381039</v11:companyNumber>
            <v11:companyId>Brussel Fiscaliteit</v11:companyId>
         </v1:consumerContext>
         <v1:request>
            <PlateNr>1PBN606</PlateNr>
            <LanguageCode>0</LanguageCode>
         </v1:request>
      </v1:getVehicleRegistrationRequest>
   </soapenv:Body>
</soapenv:Envelope>]]></con:request><con:assertion type="SOAP Fault Assertion" id="a75330b3-2529-4169-b769-ce5994a8c291" name="Not SOAP Fault"/><con:assertion type="SOAP Response" id="2926264c-bb18-4dc4-bbe1-d6380597d8fb" name="SOAP Response"/><con:assertion type="Schema Compliance" id="de634f07-bbca-4794-aee8-d38dee0d5458" name="Schema Compliance"><con:configuration/></con:assertion><con:wsaConfig action="http://fidus.brussels/services/vehicleservice/getVehicleRegistration"/></con:request></con:config></con:testStep><con:properties/></con:testCase><con:properties/></con:testSuite><con:testSuite id="b84c5cac-7fa9-4cd8-9c3d-e3085762711a" name="PROD"><con:settings/><con:runType>SEQUENTIAL</con:runType><con:testCase id="f3082831-ead5-485a-ba13-8bfc2044cbd2" failOnError="true" failTestCaseOnErrors="true" keepSession="false" maxResults="0" name="getVehicleTitular" searchProperties="true"><con:settings/><con:testStep type="request" id="c02da40f-ca9a-4064-a470-bc8c03f6bf37" name="testcase05 - Prod - External Request"><con:settings/><con:config xsi:type="con:RequestStep" xmlns:xsi="http://www.w3.org/2001/XMLSchema-instance"><con:interface>VehicleServiceHTTPBinding</con:interface><con:operation>getVehicleTitular</con:operation><con:request name="testcase05 - Prod - External Request" id="ee7e2a56-377b-48bc-8d47-9297e0fa6d8f" outgoingWss="Outflow PROD"><con:settings/><con:encoding>UTF-8</con:encoding><con:endpoint>https://fidus.sec.brussels/services/VehicleService_v1.1</con:endpoint><con:request><![CDATA[<soapenv:Envelope xmlns:soapenv="http://schemas.xmlsoap.org/soap/envelope/" xmlns:v1="http://fidus.brussels/service/vehicleservice/messages/v1.1" xmlns:v11="http://fidus.brussels/type/common/messages/v1">
   <soapenv:Header/>
   <soapenv:Body>
      <v1:getVehicleTitularRequest>
         <v1:messageContext>
            <v11:messageId>${=import static java.util.UUID.randomUUID; uuid = randomUUID() as String}</v11:messageId>
            <v11:timestamp>${=new java.text.SimpleDateFormat("yyyy-MM-dd'T'HH:mm:ss.SSS").format(new Date())}</v11:timestamp>
         </v1:messageContext>
         <v1:legalContext>ServiceIntegrator</v1:legalContext>
         <v1:consumerContext>
            <v11:companyNumber>0207541594</v11:companyNumber>
            <v11:companyId>21003</v11:companyId>
         </v1:consumerContext>
         <v1:request>
            <!--Optional:-->
            <PlateNr>ASK050</PlateNr>
            <LanguageCode>1</LanguageCode>
         </v1:request>
      </v1:getVehicleTitularRequest>
   </soapenv:Body>
</soapenv:Envelope>]]></con:request><con:assertion type="SOAP Fault Assertion" id="ab8f718f-2fa6-476b-aa23-8006327ae12b" name="Not SOAP Fault"/><con:assertion type="SOAP Response" id="3342746f-d918-41e3-a062-c0e4a1776acc" name="SOAP Response"/><con:assertion type="Schema Compliance" id="98083c81-80d7-4fbd-999c-e02f586f3ff0" name="Schema Compliance"><con:configuration/></con:assertion><con:wsaConfig action="http://fidus.brussels/services/vehicleservice/getVehicleTitular"/></con:request></con:config></con:testStep><con:testStep type="request" id="8d0f7bf6-e3fa-467a-ac86-6cd13b6edf8b" name="testcase05 - Prod - LB Request"><con:settings/><con:config xsi:type="con:RequestStep" xmlns:xsi="http://www.w3.org/2001/XMLSchema-instance"><con:interface>VehicleServiceHTTPBinding</con:interface><con:operation>getVehicleTitular</con:operation><con:request name="testcase05 - Prod - LB Request" id="460702fd-67e2-4e14-b66c-d0bd87f7f8be" outgoingWss="Outflow PROD"><con:settings/><con:encoding>UTF-8</con:encoding><con:endpoint>https://fidus-esb-sg.prd.srv.cirb.lan:8443/services/VehicleService_v1.1</con:endpoint><con:request><![CDATA[<soapenv:Envelope xmlns:soapenv="http://schemas.xmlsoap.org/soap/envelope/" xmlns:v1="http://fidus.brussels/service/vehicleservice/messages/v1.1" xmlns:v11="http://fidus.brussels/type/common/messages/v1">
   <soapenv:Header/>
   <soapenv:Body>
      <v1:getVehicleTitularRequest>
         <v1:messageContext>
            <v11:messageId>${=import static java.util.UUID.randomUUID; uuid = randomUUID() as String}</v11:messageId>
            <v11:timestamp>${=new java.text.SimpleDateFormat("yyyy-MM-dd'T'HH:mm:ss.SSS").format(new Date())}</v11:timestamp>
         </v1:messageContext>
         <v1:legalContext>ServiceIntegrator</v1:legalContext>
         <v1:consumerContext>
            <v11:companyNumber>0207541594</v11:companyNumber>
            <v11:companyId>21003</v11:companyId>
         </v1:consumerContext>
         <v1:request>
            <!--Optional:-->
            <PlateNr>ASK050</PlateNr>
            <LanguageCode>1</LanguageCode>
         </v1:request>
      </v1:getVehicleTitularRequest>
   </soapenv:Body>
</soapenv:Envelope>]]></con:request><con:assertion type="SOAP Fault Assertion" id="a35c4d6e-a73a-43b0-a671-784ffd932703" name="Not SOAP Fault"/><con:assertion type="SOAP Response" id="09289460-f5e4-4b57-9fbb-d37564e487b9" name="SOAP Response"/><con:assertion type="Schema Compliance" id="b263d80c-fdc2-45bd-b64f-7515c35c84e4" name="Schema Compliance"><con:configuration/></con:assertion><con:wsaConfig action="http://fidus.brussels/services/vehicleservice/getVehicleTitular"/></con:request></con:config></con:testStep><con:testStep type="request" id="c2c47b00-e35e-4dbe-96c5-664a5730eb9f" name="testcase05 - Prod - Worker 1"><con:settings/><con:config xsi:type="con:RequestStep" xmlns:xsi="http://www.w3.org/2001/XMLSchema-instance"><con:interface>VehicleServiceHTTPBinding</con:interface><con:operation>getVehicleTitular</con:operation><con:request name="testcase05 - Prod - Worker 1" id="ba112d37-b7bf-4c20-ad29-5fd415f43514" outgoingWss="Outflow PROD"><con:settings/><con:encoding>UTF-8</con:encoding><con:endpoint>https://192.168.26.19:8443/services/VehicleService_v1.1</con:endpoint><con:request><![CDATA[<soapenv:Envelope xmlns:soapenv="http://schemas.xmlsoap.org/soap/envelope/" xmlns:v1="http://fidus.brussels/service/vehicleservice/messages/v1.1" xmlns:v11="http://fidus.brussels/type/common/messages/v1">
   <soapenv:Header/>
   <soapenv:Body>
      <v1:getVehicleTitularRequest>
         <v1:messageContext>
            <v11:messageId>${=import static java.util.UUID.randomUUID; uuid = randomUUID() as String}</v11:messageId>
            <v11:timestamp>${=new java.text.SimpleDateFormat("yyyy-MM-dd'T'HH:mm:ss.SSS").format(new Date())}</v11:timestamp>
         </v1:messageContext>
         <v1:legalContext>ServiceIntegrator</v1:legalContext>
         <v1:consumerContext>
            <v11:companyNumber>0207541594</v11:companyNumber>
            <v11:companyId>21003</v11:companyId>
         </v1:consumerContext>
         <v1:request>
            <!--Optional:-->
            <PlateNr>ASK050</PlateNr>
            <LanguageCode>1</LanguageCode>
         </v1:request>
      </v1:getVehicleTitularRequest>
   </soapenv:Body>
</soapenv:Envelope>]]></con:request><con:assertion type="SOAP Fault Assertion" id="c4e143fa-6c58-4aed-a47b-ed84f675feb8" name="Not SOAP Fault"/><con:assertion type="SOAP Response" id="17c41a94-a6d2-4835-a48d-c32d955a176e" name="SOAP Response"/><con:assertion type="Schema Compliance" id="b6f76d75-d7a2-4f85-80ba-d2e3f236ea8c" name="Schema Compliance"><con:configuration/></con:assertion><con:wsaConfig action="http://fidus.brussels/services/vehicleservice/getVehicleTitular"/></con:request></con:config></con:testStep><con:testStep type="request" id="94afb053-0062-4a56-9582-42db11324e28" name="testcase05 - Prod - Worker 2"><con:settings/><con:config xsi:type="con:RequestStep" xmlns:xsi="http://www.w3.org/2001/XMLSchema-instance"><con:interface>VehicleServiceHTTPBinding</con:interface><con:operation>getVehicleTitular</con:operation><con:request name="testcase05 - Prod - Worker 2" id="ab991593-baa6-4a08-b491-1967aeca146b" outgoingWss="Outflow PROD"><con:settings/><con:encoding>UTF-8</con:encoding><con:endpoint>https://192.168.26.22:8443/services/VehicleService_v1.1</con:endpoint><con:request><![CDATA[<soapenv:Envelope xmlns:soapenv="http://schemas.xmlsoap.org/soap/envelope/" xmlns:v1="http://fidus.brussels/service/vehicleservice/messages/v1.1" xmlns:v11="http://fidus.brussels/type/common/messages/v1">
   <soapenv:Header/>
   <soapenv:Body>
      <v1:getVehicleTitularRequest>
         <v1:messageContext>
            <v11:messageId>${=import static java.util.UUID.randomUUID; uuid = randomUUID() as String}</v11:messageId>
            <v11:timestamp>${=new java.text.SimpleDateFormat("yyyy-MM-dd'T'HH:mm:ss.SSS").format(new Date())}</v11:timestamp>
         </v1:messageContext>
         <v1:legalContext>ServiceIntegrator</v1:legalContext>
         <v1:consumerContext>
            <v11:companyNumber>0207541594</v11:companyNumber>
            <v11:companyId>21003</v11:companyId>
         </v1:consumerContext>
         <v1:request>
            <!--Optional:-->
            <PlateNr>ASK050</PlateNr>
            <LanguageCode>1</LanguageCode>
         </v1:request>
      </v1:getVehicleTitularRequest>
   </soapenv:Body>
</soapenv:Envelope>]]></con:request><con:assertion type="SOAP Fault Assertion" id="262c6439-ac24-494f-b008-5b806a32314c" name="Not SOAP Fault"/><con:assertion type="SOAP Response" id="7dc89b37-8b56-4e73-9a44-8f234b4f29a0" name="SOAP Response"/><con:assertion type="Schema Compliance" id="78a97328-f566-4ab5-8721-065b1f97f59b" name="Schema Compliance"><con:configuration/></con:assertion><con:wsaConfig action="http://fidus.brussels/services/vehicleservice/getVehicleTitular"/></con:request></con:config></con:testStep><con:properties/></con:testCase><con:testCase id="79d9ad74-96f6-4461-804a-15721ec7a2b1" failOnError="true" failTestCaseOnErrors="true" keepSession="false" maxResults="0" name="getVehicleRegistration" searchProperties="true"><con:settings/><con:testStep type="request" id="06347cee-06d0-49e7-b406-0d3801c91a40" name="testcase05 - Prod - External Request"><con:settings/><con:config xsi:type="con:RequestStep" xmlns:xsi="http://www.w3.org/2001/XMLSchema-instance"><con:interface>VehicleServiceHTTPBinding</con:interface><con:operation>getVehicleRegistration</con:operation><con:request name="testcase05 - Prod - External Request" id="2c2b604a-43f0-473a-9a84-654aef3d2d7c" outgoingWss="Outflow PROD"><con:settings/><con:encoding>UTF-8</con:encoding><con:endpoint>https://fidus.sec.brussels/services/VehicleService_v1.1</con:endpoint><con:request><![CDATA[<soapenv:Envelope xmlns:soapenv="http://schemas.xmlsoap.org/soap/envelope/" xmlns:v1="http://fidus.brussels/service/vehicleservice/messages/v1.1" xmlns:v11="http://fidus.brussels/type/common/messages/v1">
   <soapenv:Header/>
   <soapenv:Body>
      <v1:getVehicleRegistrationRequest>
		<v1:messageContext>
            <v11:messageId>${=import static java.util.UUID.randomUUID; uuid = randomUUID() as String}</v11:messageId>
            <v11:timestamp>${=new java.text.SimpleDateFormat("yyyy-MM-dd'T'HH:mm:ss.SSS").format(new Date())}</v11:timestamp>
         </v1:messageContext>
         <v1:legalContext>ServiceIntegrator</v1:legalContext>
         <v1:consumerContext>
            <v11:companyNumber>0316381039</v11:companyNumber>
            <v11:companyId>Brussel Fiscaliteit</v11:companyId>
         </v1:consumerContext>
         <v1:request>
            <PlateNr>1PBN606</PlateNr>
            <LanguageCode>0</LanguageCode>
         </v1:request>
      </v1:getVehicleRegistrationRequest>
   </soapenv:Body>
</soapenv:Envelope>]]></con:request><con:assertion type="SOAP Fault Assertion" id="aea3c323-4127-4953-82e7-4358dd9cb8d4" name="Not SOAP Fault"/><con:assertion type="SOAP Response" id="d300598c-9da8-4f6b-b627-78b38242e987" name="SOAP Response"/><con:assertion type="Schema Compliance" id="db0567c1-478a-49ad-894a-33cb85bc7fbf" name="Schema Compliance"><con:configuration/></con:assertion><con:wsaConfig action="http://fidus.brussels/services/vehicleservice/getVehicleRegistration"/></con:request></con:config></con:testStep><con:properties/></con:testCase><con:properties/></con:testSuite><con:properties/>
  <con:wssContainer>
    
    
    
    
    
    
    
    
    
    
    
    
    
    
    
    
  <con:crypto><con:source>data/wso2/keystores/user-rajarshi.jks</con:source><con:password>test@fidus01</con:password><con:type>KEYSTORE</con:type></con:crypto><con:outgoing><con:name>Outflow DEV</con:name></con:outgoing><con:outgoing><con:name>Outflow TEST</con:name><con:entry type="Signature" username="testuser-test.fidus.brussels" password="test@fidus01"><con:configuration><crypto>user-rajarshi.jks</crypto><keyIdentifierType>3</keyIdentifierType><signatureAlgorithm/><signatureCanonicalization/><useSingleCert>true</useSingleCert><digestAlgorithm/><customTokenValueType/><customTokenId/></con:configuration></con:entry><con:entry type="Timestamp"><con:configuration><timeToLive>300000</timeToLive><strictTimestamp>true</strictTimestamp></con:configuration></con:entry></con:outgoing><con:outgoing><con:name>Outflow STAG</con:name></con:outgoing><con:outgoing><con:name>Outflow PROD</con:name></con:outgoing></con:wssContainer>
  <con:oAuth2ProfileContainer/>
  <con:oAuth1ProfileContainer/><con:sensitiveInformation/>
</con:soapui-project>