<?xml version="1.0" encoding="UTF-8"?>
<con:soapui-project id="11b404ed-5013-42b2-92a9-013432525abe" activeEnvironment="Default" name="Client-AccessManagerService-1.0-soapui-project" resourceRoot="" soapui-version="5.1.3" abortOnError="false" runType="SEQUENTIAL" xmlns:con="http://eviware.com/soapui/config"><con:settings/><con:interface xsi:type="con:WsdlInterface" id="548e423b-90e0-4e19-b45f-01f908a20276" wsaVersion="NONE" name="AccessManagerServiceHTTPBinding" type="wsdl" bindingName="{http://fidus.brussels/service/accessmanagerservice/v1}AccessManagerServiceHTTPBinding" soapVersion="1_1" anonymous="optional" definition="/home/isr/git/parent/accessmanagerservice_1.0/AccessManagerServiceGateway/src/main/resources/wsdl/accessManagerService/1.0.0/AccessManagerService_v1.wsdl" xmlns:xsi="http://www.w3.org/2001/XMLSchema-instance"><con:settings/><con:definitionCache type="TEXT" rootPart="file:/home/isr/git/parent/accessmanagerservice_1.0/AccessManagerServiceGateway/src/main/resources/wsdl/accessManagerService/1.0.0/AccessManagerService_v1.wsdl"><con:part><con:url>file:/home/isr/git/parent/accessmanagerservice_1.0/AccessManagerServiceGateway/src/main/resources/wsdl/accessManagerService/1.0.0/AccessManagerService_v1.wsdl</con:url><con:content><![CDATA[<wsdl:definitions targetNamespace="http://fidus.brussels/service/accessmanagerservice/v1" name="AccessManagerService" xmlns:tns="http://fidus.brussels/service/accessmanagerservice/v1" xmlns:xsd="http://www.w3.org/2001/XMLSchema" xmlns:wsdl="http://schemas.xmlsoap.org/wsdl/" xmlns:soap="http://schemas.xmlsoap.org/wsdl/soap/" xmlns:mes="http://fidus.brussels/service/accessmanagerservice/messages/v1">
  <xsd:annotation>
    <xsd:documentation>AccessManagerService WDSL v1.</xsd:documentation>
  </xsd:annotation>
  <wsdl:types>
    <xsd:schema targetNamespace="http://fidus.brussels/service/accessmanagerservice/v1" elementFormDefault="qualified">
      <xsd:import namespace="http://fidus.brussels/service/accessmanagerservice/messages/v1" schemaLocation="messages/accessManagerServiceMessages_v1.xsd"/>
    </xsd:schema>
  </wsdl:types>
  <wsdl:message name="getDomainRequestMessage">
    <wsdl:part name="GetDomainRequest" element="mes:getDomainRequest"/>
  </wsdl:message>
  <wsdl:message name="getDomainResponseMessage">
    <wsdl:part name="GetDomainResponse" element="mes:getDomainResponse"/>
  </wsdl:message>
  <wsdl:message name="getEntityRepresentativesRequestMessage">
    <wsdl:part name="GetEntityRepresentativesRequest" element="mes:getEntityRepresentativesRequest"/>
  </wsdl:message>
  <wsdl:message name="getEntityRepresentativesResponseMessage">
    <wsdl:part name="GetEntityRepresentativesResponse" element="mes:getEntityRepresentativesResponse"/>
  </wsdl:message>
  <wsdl:message name="findRepresentativeRolesByINSSRequestMessage">
    <wsdl:part name="FindRepresentativeRolesByINSSRequest" element="mes:findRepresentativeRolesByINSSRequest"/>
  </wsdl:message>
  <wsdl:message name="findRepresentativeRolesByINSSResponseMessage">
    <wsdl:part name="FindRepresentativeRolesByINSSResponse" element="mes:findRepresentativeRolesByINSSResponse"/>
  </wsdl:message>
  <wsdl:message name="getOrganisationParentNodesRequestMessage">
    <wsdl:part name="GetOrganisationParentNodesRequest" element="mes:getOrganisationParentNodesRequest"/>
  </wsdl:message>
  <wsdl:message name="getOrganisationParentNodesResponseMessage">
    <wsdl:part name="GetOrganisationParentNodesResponse" element="mes:getOrganisationParentNodesResponse"/>
  </wsdl:message>
  <wsdl:message name="getOrganisationChildNodesRequestMessage">
    <wsdl:part name="GetOrganisationChildNodesRequest" element="mes:getOrganisationChildNodesRequest"/>
  </wsdl:message>
  <wsdl:message name="getOrganisationChildNodesResponseMessage">
    <wsdl:part name="GetOrganisationChildNodesResponse" element="mes:getOrganisationChildNodesResponse"/>
  </wsdl:message>
  <wsdl:message name="getOrganisationDenominationRequestMessage">
    <wsdl:part name="GetOrganisationDenominationRequest" element="mes:getOrganisationDenominationRequest"/>
  </wsdl:message>
  <wsdl:message name="getOrganisationDenominationResponseMessage">
    <wsdl:part name="GetOrganisationDenominationResponse" element="mes:getOrganisationDenominationResponse"/>
  </wsdl:message>
  <wsdl:portType name="AccessManagerPortType">
    <wsdl:operation name="getEntityRepresentatives">
      <wsdl:input message="tns:getEntityRepresentativesRequestMessage"/>
      <wsdl:output message="tns:getEntityRepresentativesResponseMessage"/>
    </wsdl:operation>
    <wsdl:operation name="findRepresentativeRolesByINSS">
      <wsdl:input message="tns:findRepresentativeRolesByINSSRequestMessage"/>
      <wsdl:output message="tns:findRepresentativeRolesByINSSResponseMessage"/>
    </wsdl:operation>
    <wsdl:operation name="getDomain">
      <wsdl:input message="tns:getDomainRequestMessage"/>
      <wsdl:output message="tns:getDomainResponseMessage"/>
    </wsdl:operation>
    <wsdl:operation name="getOrganisationParentNodes">
      <wsdl:input message="tns:getOrganisationParentNodesRequestMessage"/>
      <wsdl:output message="tns:getOrganisationParentNodesResponseMessage"/>
    </wsdl:operation>
    <wsdl:operation name="getOrganisationChildNodes">
      <wsdl:input message="tns:getOrganisationChildNodesRequestMessage"/>
      <wsdl:output message="tns:getOrganisationChildNodesResponseMessage"/>
    </wsdl:operation>
    <wsdl:operation name="getOrganisationDenomination">
      <wsdl:input message="tns:getOrganisationDenominationRequestMessage"/>
      <wsdl:output message="tns:getOrganisationDenominationResponseMessage"/>
    </wsdl:operation>
  </wsdl:portType>
  <wsdl:binding name="AccessManagerServiceHTTPBinding" type="tns:AccessManagerPortType">
    <soap:binding style="document" transport="http://schemas.xmlsoap.org/soap/http"/>
    <wsdl:operation name="getDomain">
      <soap:operation soapAction="http://fidus.brussels/services/accessmanagerservice/getDomain"/>
      <wsdl:input>
        <soap:body use="literal"/>
      </wsdl:input>
      <wsdl:output>
        <soap:body use="literal"/>
      </wsdl:output>
    </wsdl:operation>
    <wsdl:operation name="getEntityRepresentatives">
      <soap:operation soapAction="http://fidus.brussels/services/accessmanagerservice/getEntityRepresentatives"/>
      <wsdl:input>
        <soap:body use="literal"/>
      </wsdl:input>
      <wsdl:output>
        <soap:body use="literal"/>
      </wsdl:output>
    </wsdl:operation>
    <wsdl:operation name="findRepresentativeRolesByINSS">
      <soap:operation soapAction="http://fidus.brussels/services/accessmanagerservice/findRepresentativeRolesByINSS"/>
      <wsdl:input>
        <soap:body use="literal"/>
      </wsdl:input>
      <wsdl:output>
        <soap:body use="literal"/>
      </wsdl:output>
    </wsdl:operation>
    <wsdl:operation name="getOrganisationParentNodes">
      <soap:operation soapAction="http://fidus.brussels/services/accessmanagerservice/getOrganisationParentNodes"/>
      <wsdl:input>
        <soap:body use="literal"/>
      </wsdl:input>
      <wsdl:output>
        <soap:body use="literal"/>
      </wsdl:output>
    </wsdl:operation>
    <wsdl:operation name="getOrganisationChildNodes">
      <soap:operation soapAction="http://fidus.brussels/services/accessmanagerservice/getOrganisationChildNodes"/>
      <wsdl:input>
        <soap:body use="literal"/>
      </wsdl:input>
      <wsdl:output>
        <soap:body use="literal"/>
      </wsdl:output>
    </wsdl:operation>
    <wsdl:operation name="getOrganisationDenomination">
      <soap:operation soapAction="http://fidus.brussels/services/accessmanagerservice/getOrganisationDenomination"/>
      <wsdl:input>
        <soap:body use="literal"/>
      </wsdl:input>
      <wsdl:output>
        <soap:body use="literal"/>
      </wsdl:output>
    </wsdl:operation>
  </wsdl:binding>
  <wsdl:service name="AccessManagerService_v1">
    <wsdl:port name="AccessManagerService_v1" binding="tns:AccessManagerServiceHTTPBinding">
      <soap:address location="http://fidus.brussels/service/accessmanagerservice/messages/v1"/>
    </wsdl:port>
  </wsdl:service>
</wsdl:definitions>]]></con:content><con:type>http://schemas.xmlsoap.org/wsdl/</con:type></con:part><con:part><con:url>file:/home/isr/git/parent/accessmanagerservice_1.0/AccessManagerServiceGateway/src/main/resources/wsdl/accessManagerService/1.0.0/messages/accessManagerServiceMessages_v1.xsd</con:url><con:content><![CDATA[<xsd:schema targetNamespace="http://fidus.brussels/service/accessmanagerservice/messages/v1" elementFormDefault="qualified" attributeFormDefault="unqualified" version="1.0" xmlns:xsd="http://www.w3.org/2001/XMLSchema" xmlns:cme="http://fidus.brussels/type/common/messages/v1" xmlns:exc="http://fidus.brussels/type/common/exceptions/v1" xmlns:tns="http://fidus.brussels/service/accessmanagerservice/messages/v1" xmlns:types="http://socialsecurity.be/umanentityrepresentative/types/v3">
  <xsd:import namespace="http://fidus.brussels/type/common/messages/v1" schemaLocation="baseMessageTypes_v1.xsd"/>
  <xsd:import namespace="http://fidus.brussels/type/common/exceptions/v1" schemaLocation="exceptionTypes_v1.xsd"/>
  <xsd:import namespace="http://socialsecurity.be/umanentityrepresentative/types/v3" schemaLocation="../manager/UmanEntityRepresentative_types_v3.xsd"/>
  <!--Request Type definition-->
  <xsd:complexType name="DomainType">
    <xsd:annotation>
      <xsd:documentation xml:lang="en">Request message to
				retrieve the allowed quality for a specified domain</xsd:documentation>
    </xsd:annotation>
    <xsd:sequence>
      <xsd:element name="Domain" type="xsd:string"/>
      <xsd:element name="Language" type="types:Language"/>
    </xsd:sequence>
  </xsd:complexType>
  <xsd:complexType name="OrganisationType">
    <xsd:annotation>
      <xsd:documentation xml:lang="en">Request message to
				retrieve the path of nodes, within an organisation, from the input
				organisation node to the top node of the organisation.</xsd:documentation>
    </xsd:annotation>
    <xsd:sequence>
      <xsd:element name="Domain" type="xsd:string"/>
      <xsd:element name="OrganisationId" type="types:OrganisationId"/>
      <xsd:element name="Language" type="types:Language"/>
    </xsd:sequence>
  </xsd:complexType>
  <xsd:complexType name="INSSType">
    <xsd:annotation>
      <xsd:documentation xml:lang="en">Request message to
				retrieve the list of organizations that are represented by the
				specified person and under whith representation role.</xsd:documentation>
    </xsd:annotation>
    <xsd:sequence>
      <xsd:element name="Domain" type="xsd:string"/>
      <xsd:element name="INSS" type="types:INSS"/>
      <xsd:element name="Language" type="types:Language"/>
    </xsd:sequence>
  </xsd:complexType>
  <!--Request getAccessManagerService definition-->
  <xsd:complexType name="GetDomainRequestType">
    <xsd:sequence>
      <xsd:element name="messageContext" type="cme:RequestMessageContextType"/>
      <xsd:element name="legalContext" type="cme:LegalContextType"/>
      <xsd:element name="request" type="tns:DomainType"/>
    </xsd:sequence>
  </xsd:complexType>
  <xsd:complexType name="GetEntityRepresentativesRequestType">
    <xsd:sequence>
      <xsd:element name="messageContext" type="cme:RequestMessageContextType"/>
      <xsd:element name="legalContext" type="cme:LegalContextType"/>
      <xsd:element name="request" type="tns:OrganisationType"/>
    </xsd:sequence>
  </xsd:complexType>
  <xsd:complexType name="FindRepresentativeRolesByINSSRequestType">
    <xsd:sequence>
      <xsd:element name="messageContext" type="cme:RequestMessageContextType"/>
      <xsd:element name="legalContext" type="cme:LegalContextType"/>
      <xsd:element name="request" type="tns:INSSType"/>
    </xsd:sequence>
  </xsd:complexType>
  <xsd:complexType name="GetOrganisationParentNodesRequestType">
    <xsd:sequence>
      <xsd:element name="messageContext" type="cme:RequestMessageContextType"/>
      <xsd:element name="legalContext" type="cme:LegalContextType"/>
      <xsd:element name="request" type="tns:OrganisationType"/>
    </xsd:sequence>
  </xsd:complexType>
  <xsd:complexType name="GetOrganisationChildNodesRequestType">
    <xsd:sequence>
      <xsd:element name="messageContext" type="cme:RequestMessageContextType"/>
      <xsd:element name="legalContext" type="cme:LegalContextType"/>
      <xsd:element name="request" type="tns:OrganisationType"/>
    </xsd:sequence>
  </xsd:complexType>
  <xsd:complexType name="GetOrganisationDenominationRequestType">
    <xsd:sequence>
      <xsd:element name="messageContext" type="cme:RequestMessageContextType"/>
      <xsd:element name="legalContext" type="cme:LegalContextType"/>
      <xsd:element name="request" type="tns:OrganisationType"/>
    </xsd:sequence>
  </xsd:complexType>
  <!--Response getAccessManagerService definition-->
  <xsd:complexType name="GetDomainResponseType">
    <xsd:sequence>
      <xsd:element name="messageContext" type="cme:ResponseMessageContextType"/>
      <xsd:element name="responses" type="tns:DomainResponsesType" minOccurs="0"/>
      <xsd:element name="exceptions" type="exc:ExceptionsType" minOccurs="0">
        <xsd:annotation>
          <xsd:documentation>Technical errors that occur when processing the message context e.g. insufficient rights.</xsd:documentation>
        </xsd:annotation>
      </xsd:element>
    </xsd:sequence>
  </xsd:complexType>
  <xsd:complexType name="GetEntityRepresentativesResponseType">
    <xsd:sequence>
      <xsd:element name="messageContext" type="cme:ResponseMessageContextType"/>
      <xsd:element name="responses" type="tns:EntityRepresentativesResponsesType" minOccurs="0"/>
      <xsd:element name="exceptions" type="exc:ExceptionsType" minOccurs="0">
        <xsd:annotation>
          <xsd:documentation>Technical errors that occur when processing the message context e.g. insufficient rights.</xsd:documentation>
        </xsd:annotation>
      </xsd:element>
    </xsd:sequence>
  </xsd:complexType>
  <xsd:complexType name="FindRepresentativeRolesByINSSResponseType">
    <xsd:sequence>
      <xsd:element name="messageContext" type="cme:ResponseMessageContextType"/>
      <xsd:element name="responses" type="tns:INSSResponsesType" minOccurs="0"/>
      <xsd:element name="exceptions" type="exc:ExceptionsType" minOccurs="0">
        <xsd:annotation>
          <xsd:documentation>Technical errors that occur when processing the message context e.g. insufficient rights.</xsd:documentation>
        </xsd:annotation>
      </xsd:element>
    </xsd:sequence>
  </xsd:complexType>
  <xsd:complexType name="GetOrganisationParentNodesResponseType">
    <xsd:sequence>
      <xsd:element name="messageContext" type="cme:ResponseMessageContextType"/>
      <xsd:element name="responses" type="tns:ParentNodeResponsesType" minOccurs="0"/>
      <xsd:element name="exceptions" type="exc:ExceptionsType" minOccurs="0">
        <xsd:annotation>
          <xsd:documentation>Technical errors that occur when processing the message context e.g. insufficient rights.</xsd:documentation>
        </xsd:annotation>
      </xsd:element>
    </xsd:sequence>
  </xsd:complexType>
  <xsd:complexType name="GetOrganisationChildNodesResponseType">
    <xsd:sequence>
      <xsd:element name="messageContext" type="cme:ResponseMessageContextType"/>
      <xsd:element name="responses" type="tns:ChildNodeResponsesType" minOccurs="0"/>
      <xsd:element name="exceptions" type="exc:ExceptionsType" minOccurs="0">
        <xsd:annotation>
          <xsd:documentation>Technical errors that occur when processing the message context e.g. insufficient rights.</xsd:documentation>
        </xsd:annotation>
      </xsd:element>
    </xsd:sequence>
  </xsd:complexType>
  <xsd:complexType name="GetOrganisationDenominationResponseType">
    <xsd:sequence>
      <xsd:element name="messageContext" type="cme:ResponseMessageContextType"/>
      <xsd:element name="responses" type="tns:DenominationResponsesType" minOccurs="0"/>
      <xsd:element name="exceptions" type="exc:ExceptionsType" minOccurs="0">
        <xsd:annotation>
          <xsd:documentation>Technical errors that occur when processing the message context e.g. insufficient rights.</xsd:documentation>
        </xsd:annotation>
      </xsd:element>
    </xsd:sequence>
  </xsd:complexType>
  <!--Response Types definition-->
  <xsd:complexType name="DomainResponsesType">
    <xsd:sequence>
      <xsd:element name="response" type="tns:DomainResponseType" minOccurs="1" maxOccurs="1"/>
    </xsd:sequence>
  </xsd:complexType>
  <xsd:complexType name="ParentNodeResponsesType">
    <xsd:sequence>
      <xsd:element name="response" type="tns:ParentNodeResponseType" minOccurs="1" maxOccurs="1"/>
    </xsd:sequence>
  </xsd:complexType>
  <xsd:complexType name="ChildNodeResponsesType">
    <xsd:sequence>
      <xsd:element name="response" type="tns:ChildNodeResponseType" minOccurs="1" maxOccurs="1"/>
    </xsd:sequence>
  </xsd:complexType>
  <xsd:complexType name="DenominationResponsesType">
    <xsd:sequence>
      <xsd:element name="response" type="tns:DenominationResponseType" minOccurs="1" maxOccurs="1"/>
    </xsd:sequence>
  </xsd:complexType>
  <xsd:complexType name="EntityRepresentativesResponsesType">
    <xsd:sequence>
      <xsd:element name="response" type="tns:EntityRepresentativesResponseType" minOccurs="1" maxOccurs="1"/>
    </xsd:sequence>
  </xsd:complexType>
  <xsd:complexType name="INSSResponsesType">
    <xsd:sequence>
      <xsd:element name="response" type="tns:INSSResponseType" minOccurs="1" maxOccurs="1"/>
    </xsd:sequence>
  </xsd:complexType>
  <!--Response Type definition-->
  <xsd:complexType name="DomainResponseType">
    <xsd:annotation>
      <xsd:documentation xml:lang="en">Response message,
				echoing the message from the request</xsd:documentation>
    </xsd:annotation>
    <xsd:sequence>
      <xsd:element name="Status" type="types:StatusType"/>
      <xsd:sequence minOccurs="0" maxOccurs="unbounded">
        <xsd:element name="DomainData" type="types:DomainData"/>
      </xsd:sequence>
      <xsd:element name="exceptions" type="exc:ExceptionsType" minOccurs="0">
        <xsd:annotation>
          <xsd:documentation>Business exceptions that occur when processing the request or response e.g. missing data for a single response element.
						Exceptions at this level may contain back-end specific codes and content.</xsd:documentation>
        </xsd:annotation>
      </xsd:element>
    </xsd:sequence>
  </xsd:complexType>
  <xsd:complexType name="ParentNodeResponseType">
    <xsd:annotation>
      <xsd:documentation xml:lang="en">Response message,
				echoing the message from the request</xsd:documentation>
    </xsd:annotation>
    <xsd:sequence>
      <xsd:element name="Status" type="types:StatusType"/>
      <xsd:element name="OrganisationNode" type="types:OrganisationNodeLinkParent" minOccurs="0" maxOccurs="unbounded"/>
      <xsd:element name="exceptions" type="exc:ExceptionsType" minOccurs="0">
        <xsd:annotation>
          <xsd:documentation>Business exceptions that occur when processing the request or response e.g. missing data for a single response element.
						Exceptions at this level may contain back-end specific codes and content.</xsd:documentation>
        </xsd:annotation>
      </xsd:element>
    </xsd:sequence>
  </xsd:complexType>
  <xsd:complexType name="ChildNodeResponseType">
    <xsd:annotation>
      <xsd:documentation xml:lang="en">Response message,
				echoing the message from the request</xsd:documentation>
    </xsd:annotation>
    <xsd:sequence>
      <xsd:element name="Status" type="types:StatusType"/>
      <xsd:element name="OrganisationNode" type="types:OrganisationNodeLinkChild" minOccurs="0" maxOccurs="unbounded"/>
      <xsd:element name="exceptions" type="exc:ExceptionsType" minOccurs="0">
        <xsd:annotation>
          <xsd:documentation>Business exceptions that occur when processing the request or response e.g. missing data for a single response element.
						Exceptions at this level may contain back-end specific codes and content.</xsd:documentation>
        </xsd:annotation>
      </xsd:element>
    </xsd:sequence>
  </xsd:complexType>
  <xsd:complexType name="DenominationResponseType">
    <xsd:annotation>
      <xsd:documentation xml:lang="en">Response message,
				echoing the message from the request</xsd:documentation>
    </xsd:annotation>
    <xsd:sequence>
      <xsd:element name="Status" type="types:StatusType"/>
      <xsd:sequence minOccurs="0" maxOccurs="unbounded">
        <xsd:element name="OrganisationDenominationData" type="types:OrganisationDenominationData"/>
      </xsd:sequence>
      <xsd:element name="exceptions" type="exc:ExceptionsType" minOccurs="0">
        <xsd:annotation>
          <xsd:documentation>Business exceptions that occur when processing the request or response e.g. missing data for a single response element.
						Exceptions at this level may contain back-end specific codes and content.</xsd:documentation>
        </xsd:annotation>
      </xsd:element>
    </xsd:sequence>
  </xsd:complexType>
  <xsd:complexType name="EntityRepresentativesResponseType">
    <xsd:annotation>
      <xsd:documentation xml:lang="en">Response message,
				echoing the message from the request</xsd:documentation>
    </xsd:annotation>
    <xsd:sequence>
      <xsd:element name="Status" type="types:StatusType"/>
      <xsd:sequence minOccurs="0">
        <xsd:element name="OrganisationId" type="types:OrganisationId"/>
        <xsd:element name="Representative" type="types:Person" minOccurs="0"/>
        <xsd:element name="CoRepresentative" type="types:Person" minOccurs="0" maxOccurs="unbounded"/>
        <xsd:element name="Quality" type="types:QualityRepresentatives" minOccurs="0" maxOccurs="unbounded"/>
      </xsd:sequence>
      <xsd:element name="exceptions" type="exc:ExceptionsType" minOccurs="0">
        <xsd:annotation>
          <xsd:documentation>Business exceptions that occur when processing the request or response e.g. missing data for a single response element.
						Exceptions at this level may contain back-end specific codes and content.</xsd:documentation>
        </xsd:annotation>
      </xsd:element>
    </xsd:sequence>
  </xsd:complexType>
  <xsd:complexType name="INSSResponseType">
    <xsd:annotation>
      <xsd:documentation xml:lang="en">Response message,
				echoing the message from the request</xsd:documentation>
    </xsd:annotation>
    <xsd:sequence>
      <xsd:element name="Status" type="types:StatusType"/>
      <xsd:sequence minOccurs="0">
        <xsd:element name="Entity" type="types:Entity" minOccurs="1" maxOccurs="unbounded"/>
      </xsd:sequence>
      <xsd:element name="exceptions" type="exc:ExceptionsType" minOccurs="0">
        <xsd:annotation>
          <xsd:documentation>Business exceptions that occur when processing the request or response e.g. missing data for a single response element.
						Exceptions at this level may contain back-end specific codes and content.</xsd:documentation>
        </xsd:annotation>
      </xsd:element>
    </xsd:sequence>
  </xsd:complexType>
  <!--Element of the request and the response-->
  <xsd:element name="getDomainRequest" type="tns:GetDomainRequestType"/>
  <xsd:element name="getDomainResponse" type="tns:GetDomainResponseType"/>
  <xsd:element name="getEntityRepresentativesRequest" type="tns:GetEntityRepresentativesRequestType"/>
  <xsd:element name="getEntityRepresentativesResponse" type="tns:GetEntityRepresentativesResponseType"/>
  <xsd:element name="findRepresentativeRolesByINSSRequest" type="tns:FindRepresentativeRolesByINSSRequestType"/>
  <xsd:element name="findRepresentativeRolesByINSSResponse" type="tns:FindRepresentativeRolesByINSSResponseType"/>
  <xsd:element name="getOrganisationParentNodesRequest" type="tns:GetOrganisationParentNodesRequestType"/>
  <xsd:element name="getOrganisationParentNodesResponse" type="tns:GetOrganisationParentNodesResponseType"/>
  <xsd:element name="getOrganisationChildNodesRequest" type="tns:GetOrganisationChildNodesRequestType"/>
  <xsd:element name="getOrganisationChildNodesResponse" type="tns:GetOrganisationChildNodesResponseType"/>
  <xsd:element name="getOrganisationDenominationRequest" type="tns:GetOrganisationDenominationRequestType"/>
  <xsd:element name="getOrganisationDenominationResponse" type="tns:GetOrganisationDenominationResponseType"/>
</xsd:schema>]]></con:content><con:type>http://www.w3.org/2001/XMLSchema</con:type></con:part><con:part><con:url>file:/home/isr/git/parent/accessmanagerservice_1.0/AccessManagerServiceGateway/src/main/resources/wsdl/accessManagerService/1.0.0/messages/baseMessageTypes_v1.xsd</con:url><con:content><![CDATA[<xsd:schema targetNamespace="http://fidus.brussels/type/common/messages/v1" elementFormDefault="qualified" attributeFormDefault="unqualified" version="1.0" xmlns:xsd="http://www.w3.org/2001/XMLSchema" xmlns:cmn="http://fidus.brussels/type/common/v1" xmlns:tns="http://fidus.brussels/type/common/messages/v1">
  <!--Unformatted message Id-->
  <xsd:simpleType name="MessageIdType">
    <xsd:restriction base="xsd:string">
      <xsd:minLength value="1"/>
      <xsd:maxLength value="64"/>
    </xsd:restriction>
  </xsd:simpleType>
  <!--National Number of the person. Format depending on the Register-->
  <xsd:simpleType name="PersonNumberType">
    <xsd:restriction base="xsd:string">
      <xsd:pattern value="[0-9][0-9](([0][0-9])|([1][0-2]))(([0-2][0-9])|([3][0-1]))(([0-9]{2}[1-9])|([0-9][1-9][0-9])|([1-9][0-9]{2}))(([0-8][0-9])|([9][0-7]))">
        <xsd:annotation>
          <xsd:documentation>National Register format</xsd:documentation>
        </xsd:annotation>
      </xsd:pattern>
      <xsd:pattern value="[0-9][0-9](([2][0-9])|([3][0-2]))(([0-2][0-9])|([3][0-1]))[0-9]{3}(([0-8][0-9])|([9][0-7]))">
        <xsd:annotation>
          <xsd:documentation>CBSS Register format: Bis Register</xsd:documentation>
        </xsd:annotation>
      </xsd:pattern>
      <xsd:pattern value="[0-9][0-9](([4][0-9])|([5][0-2]))(([0-2][0-9])|([3][0-1]))[0-9]{3}(([0-8][0-9])|([9][0-7]))">
        <xsd:annotation>
          <xsd:documentation>CBSS Register format: Ter Register</xsd:documentation>
        </xsd:annotation>
      </xsd:pattern>
    </xsd:restriction>
  </xsd:simpleType>
  <!--Request message context-->
  <xsd:complexType name="RequestMessageContextType">
    <xsd:annotation>
      <xsd:documentation>Message context block generated by the consumer.</xsd:documentation>
    </xsd:annotation>
    <xsd:sequence>
      <xsd:element name="messageId" type="tns:MessageIdType">
        <xsd:annotation>
          <xsd:documentation>Consumer must assign their own MessageId reference for the request.</xsd:documentation>
        </xsd:annotation>
      </xsd:element>
      <xsd:element name="timestamp" type="xsd:dateTime" minOccurs="0">
        <xsd:annotation>
          <xsd:documentation>Timestamp when client sent request.</xsd:documentation>
        </xsd:annotation>
      </xsd:element>
    </xsd:sequence>
  </xsd:complexType>
  <!--Response message context-->
  <xsd:complexType name="ResponseMessageContextType">
    <xsd:annotation>
      <xsd:documentation>MessageContext block generated by fidus.</xsd:documentation>
    </xsd:annotation>
    <xsd:sequence>
      <xsd:element name="messageId" type="tns:MessageIdType">
        <xsd:annotation>
          <xsd:documentation>A unique identifier generated by fidus.</xsd:documentation>
        </xsd:annotation>
      </xsd:element>
      <xsd:element name="transactionId" type="tns:MessageIdType">
        <xsd:annotation>
          <xsd:documentation>A unique ID returned to the client for tracing purposes.</xsd:documentation>
        </xsd:annotation>
      </xsd:element>
      <xsd:element name="relatesTo" type="tns:MessageIdType" minOccurs="0">
        <xsd:annotation>
          <xsd:documentation>Optional field. The unique id of a previous batch file in this exchange Only used for responses.</xsd:documentation>
        </xsd:annotation>
      </xsd:element>
      <xsd:element name="timestamp" type="xsd:dateTime" minOccurs="0">
        <xsd:annotation>
          <xsd:documentation>Time reply sent by fidus.</xsd:documentation>
        </xsd:annotation>
      </xsd:element>
    </xsd:sequence>
  </xsd:complexType>
  <!--Legal Context : the finality of the Privacy Commission-->
  <xsd:simpleType name="LegalContextType">
    <xsd:restriction base="xsd:string">
      <xsd:minLength value="1"/>
      <xsd:maxLength value="64"/>
    </xsd:restriction>
  </xsd:simpleType>
  <xsd:complexType name="UserContextType">
    <xsd:annotation>
      <xsd:documentation>The user context defines information regarding the actual user performing a request.</xsd:documentation>
    </xsd:annotation>
    <xsd:sequence>
      <xsd:element name="language" type="xsd:language" nillable="true">
        <xsd:annotation>
          <xsd:documentation>The preferred language of the actual user performing the request.
						This influences the language in which response elements are cast.</xsd:documentation>
        </xsd:annotation>
      </xsd:element>
    </xsd:sequence>
  </xsd:complexType>
</xsd:schema>]]></con:content><con:type>http://www.w3.org/2001/XMLSchema</con:type></con:part><con:part><con:url>file:/home/isr/git/parent/accessmanagerservice_1.0/AccessManagerServiceGateway/src/main/resources/wsdl/accessManagerService/1.0.0/messages/exceptionTypes_v1.xsd</con:url><con:content><![CDATA[<xsd:schema targetNamespace="http://fidus.brussels/type/common/exceptions/v1" elementFormDefault="qualified" attributeFormDefault="unqualified" version="1.0" xmlns:xsd="http://www.w3.org/2001/XMLSchema" xmlns:tns="http://fidus.brussels/type/common/exceptions/v1">
  <!--Basic error typed-->
  <xsd:complexType name="ExceptionsType">
    <xsd:sequence>
      <xsd:element name="exception" type="tns:ExceptionType" maxOccurs="unbounded"/>
    </xsd:sequence>
  </xsd:complexType>
  <xsd:complexType name="ExceptionType">
    <xsd:sequence>
      <xsd:element name="type" type="tns:ExceptionClassType"/>
      <xsd:element name="code" type="tns:ExceptionCodeType"/>
      <xsd:element name="source" type="tns:ExceptionSourceType"/>
      <xsd:element name="description" type="tns:ExceptionDescriptionType"/>
    </xsd:sequence>
  </xsd:complexType>
  <xsd:simpleType name="ExceptionClassType">
    <xsd:restriction base="xsd:string">
      <xsd:enumeration value="ERROR"/>
      <xsd:enumeration value="WARNING"/>
      <xsd:enumeration value="INFO"/>
    </xsd:restriction>
  </xsd:simpleType>
  <xsd:simpleType name="ExceptionCodeType">
    <xsd:restriction base="xsd:string">
      <xsd:maxLength value="20"/>
    </xsd:restriction>
  </xsd:simpleType>
  <xsd:simpleType name="ExceptionSourceType">
    <xsd:restriction base="xsd:string">
      <xsd:maxLength value="20"/>
    </xsd:restriction>
  </xsd:simpleType>
  <xsd:simpleType name="ExceptionDescriptionType">
    <xsd:restriction base="xsd:string"/>
  </xsd:simpleType>
</xsd:schema>]]></con:content><con:type>http://www.w3.org/2001/XMLSchema</con:type></con:part><con:part><con:url>file:/home/isr/git/parent/accessmanagerservice_1.0/AccessManagerServiceGateway/src/main/resources/wsdl/accessManagerService/1.0.0/manager/UmanEntityRepresentative_types_v3.xsd</con:url><con:content><![CDATA[<xsd:schema targetNamespace="http://socialsecurity.be/umanentityrepresentative/types/v3" elementFormDefault="qualified" attributeFormDefault="unqualified" version="1.0" xmlns="http://socialsecurity.be/umanentityrepresentative/types/v3" xmlns:xsd="http://www.w3.org/2001/XMLSchema">
  <xsd:complexType name="QualityRepresentatives">
    <xsd:annotation>
      <xsd:documentation xml:lang="en">Complex type defining who is the representative of a user management quality.</xsd:documentation>
    </xsd:annotation>
    <xsd:sequence>
      <xsd:element name="QualityCode" type="OrganisationCode"/>
      <xsd:element name="Denomination" type="Denomination"/>
      <xsd:element name="Representative" type="Person" minOccurs="0"/>
      <xsd:element name="CoRepresentative" type="Person" minOccurs="0" maxOccurs="unbounded"/>
      <xsd:element name="Subdivision" type="SubdivisionRepresentative" minOccurs="0" maxOccurs="unbounded"/>
    </xsd:sequence>
  </xsd:complexType>
  <xsd:complexType name="SubdivisionRepresentative">
    <xsd:annotation>
      <xsd:documentation xml:lang="en">Complex type defining who is the representative of a user management subdivison.</xsd:documentation>
    </xsd:annotation>
    <xsd:sequence>
      <xsd:element name="OrganisationId" type="SubdivisionOrganisationId"/>
      <xsd:element name="Denomination" type="Denomination" minOccurs="0" maxOccurs="1"/>
      <xsd:element name="SubdivisionCode" type="OrganisationCode"/>
      <xsd:element name="Representative" type="Person" minOccurs="0"/>
      <xsd:element name="CoRepresentative" type="Person" minOccurs="0" maxOccurs="unbounded"/>
      <xsd:element name="Subdivision" type="SubdivisionRepresentative" minOccurs="0" maxOccurs="unbounded"/>
    </xsd:sequence>
  </xsd:complexType>
  <xsd:complexType name="Entity">
    <xsd:annotation>
      <xsd:documentation xml:lang="en">Complex type defining the access rights of a specific user in terms of BCE based entity, user management qualities, and representative roles.</xsd:documentation>
    </xsd:annotation>
    <xsd:sequence>
      <xsd:element name="OrganisationId" type="OrganisationId"/>
      <xsd:element name="Role" type="Role" minOccurs="0"/>
      <xsd:element name="Email" type="Email" minOccurs="0"/>
      <xsd:element name="Quality" type="QualityRole" minOccurs="0" maxOccurs="unbounded"/>
    </xsd:sequence>
  </xsd:complexType>
  <xsd:complexType name="QualityRole">
    <xsd:annotation>
      <xsd:documentation xml:lang="en">Complex type defining a user management quality and the related role the user is granted to.</xsd:documentation>
    </xsd:annotation>
    <xsd:sequence>
      <xsd:element name="QualityCode" type="OrganisationCode"/>
      <xsd:element name="Denomination" type="Denomination"/>
      <xsd:element name="Role" type="Role" minOccurs="0"/>
      <xsd:element name="Email" type="Email" minOccurs="0"/>
      <xsd:element name="Subdivision" type="SubdivisionRole" minOccurs="0" maxOccurs="unbounded"/>
    </xsd:sequence>
  </xsd:complexType>
  <xsd:complexType name="SubdivisionRole">
    <xsd:annotation>
      <xsd:documentation xml:lang="en">Complex type defining a user management subdivision and the related role the user is granted to.</xsd:documentation>
    </xsd:annotation>
    <xsd:sequence>
      <xsd:element name="OrganisationId" type="SubdivisionOrganisationId"/>
      <xsd:element name="SubdivisionCode" type="OrganisationCode"/>
      <xsd:element name="Denomination" type="Denomination" minOccurs="0"/>
      <xsd:element name="Role" type="Role" minOccurs="0"/>
      <xsd:element name="Email" type="Email" minOccurs="0"/>
      <xsd:element name="Subdivision" type="SubdivisionRole" minOccurs="0" maxOccurs="unbounded"/>
    </xsd:sequence>
  </xsd:complexType>
  <xsd:complexType name="SubdivisionOrganisationId">
    <xsd:annotation>
      <xsd:documentation>Complex type defining an organisation identifier (entity or subdivision).</xsd:documentation>
    </xsd:annotation>
    <xsd:sequence>
      <xsd:element name="Identifier" type="Identifier" minOccurs="0"/>
      <xsd:element name="IdentifierType" type="IdentifierType"/>
    </xsd:sequence>
  </xsd:complexType>
  <xsd:complexType name="Person">
    <xsd:annotation>
      <xsd:documentation xml:lang="en">Complex type defining an individual person.</xsd:documentation>
    </xsd:annotation>
    <xsd:sequence>
      <xsd:element name="INSS" type="INSS"/>
      <xsd:element name="Email" type="Email" minOccurs="0"/>
    </xsd:sequence>
  </xsd:complexType>
  <xsd:complexType name="StatusType">
    <xsd:annotation>
      <xsd:documentation>Status of the request</xsd:documentation>
    </xsd:annotation>
    <xsd:sequence>
      <xsd:element name="Code" type="StatusCode"/>
      <xsd:element name="Comment" type="xsd:string" minOccurs="0" maxOccurs="unbounded"/>
    </xsd:sequence>
  </xsd:complexType>
  <xsd:simpleType name="INSS">
    <xsd:annotation>
      <xsd:documentation xml:lang="en">Simple type defining a person identifier.</xsd:documentation>
    </xsd:annotation>
    <xsd:restriction base="xsd:string">
      <xsd:length value="11"/>
      <xsd:pattern value="\d{11}"/>
    </xsd:restriction>
  </xsd:simpleType>
  <xsd:simpleType name="Denomination">
    <xsd:annotation>
      <xsd:documentation xml:lang="en">Simple type defining a Denomination for the level that is returned.</xsd:documentation>
    </xsd:annotation>
    <xsd:restriction base="xsd:string">
      <xsd:maxLength value="200"/>
    </xsd:restriction>
  </xsd:simpleType>
  <xsd:simpleType name="OrganisationLevel">
    <xsd:annotation>
      <xsd:documentation xml:lang="en">Simple type defining an Level of an Organisation Node. Could be Entity , Quality or Subdivision</xsd:documentation>
    </xsd:annotation>
    <xsd:restriction base="xsd:string">
      <xsd:pattern value="Entity|Quality|Subdivision"/>
    </xsd:restriction>
  </xsd:simpleType>
  <xsd:simpleType name="Language">
    <xsd:annotation>
      <xsd:documentation xml:lang="en">Simple type defining a language for the name that are returned. 4 languages are supported: French, Dutch, German or English</xsd:documentation>
    </xsd:annotation>
    <xsd:restriction base="xsd:string">
      <xsd:pattern value="fr|nl|de|en"/>
    </xsd:restriction>
  </xsd:simpleType>
  <xsd:simpleType name="Email">
    <xsd:annotation>
      <xsd:documentation xml:lang="en">Simple type defining an email adress</xsd:documentation>
    </xsd:annotation>
    <xsd:restriction base="xsd:string">
      <xsd:maxLength value="200"/>
    </xsd:restriction>
  </xsd:simpleType>
  <xsd:complexType name="OrganisationId">
    <xsd:annotation>
      <xsd:documentation>Complex type defining an organisation identifier (entity or subdivision).</xsd:documentation>
    </xsd:annotation>
    <xsd:sequence>
      <xsd:element name="Identifier" type="Identifier"/>
      <xsd:element name="IdentifierType" type="IdentifierType"/>
    </xsd:sequence>
  </xsd:complexType>
  <xsd:simpleType name="Identifier">
    <xsd:annotation>
      <xsd:documentation>Simple type defining an identifier of an organisation (Entity, Quality or subdivision).</xsd:documentation>
    </xsd:annotation>
    <xsd:restriction base="xsd:string">
      <xsd:maxLength value="50"/>
    </xsd:restriction>
  </xsd:simpleType>
  <xsd:simpleType name="IdentifierType">
    <xsd:annotation>
      <xsd:documentation>Simple type defining a type of identifier (BECBE, ...)</xsd:documentation>
    </xsd:annotation>
    <xsd:restriction base="xsd:string">
      <xsd:maxLength value="20"/>
    </xsd:restriction>
  </xsd:simpleType>
  <xsd:simpleType name="OrganisationCode">
    <xsd:annotation>
      <xsd:documentation>Complex type defining a organisation node type code (Quality or subdivision) eg: QUAL_XXX, SUB_XXX.</xsd:documentation>
    </xsd:annotation>
    <xsd:restriction base="xsd:string">
      <xsd:maxLength value="20"/>
    </xsd:restriction>
  </xsd:simpleType>
  <xsd:simpleType name="Role">
    <xsd:annotation>
      <xsd:documentation xml:lang="en">Simple enumerated type defining user representative roles.</xsd:documentation>
    </xsd:annotation>
    <xsd:restriction base="xsd:string">
      <xsd:enumeration value="REPRESENTATIVE"/>
      <xsd:enumeration value="COREPRESENTATIVE"/>
    </xsd:restriction>
  </xsd:simpleType>
  <xsd:simpleType name="StatusCode">
    <xsd:annotation>
      <xsd:documentation xml:lang="en">Status of response.</xsd:documentation>
    </xsd:annotation>
    <xsd:restriction base="xsd:string">
      <xsd:enumeration value="SUCCESS"/>
      <xsd:enumeration value="NO_DATA_FOUND"/>
      <xsd:enumeration value="NO_DOMAIN_FOUND"/>
      <xsd:enumeration value="INVALID_ORG_IDENTIFIER"/>
      <xsd:enumeration value="INVALID_SSIN"/>
      <xsd:enumeration value="NOT_AUTHENTIC_SOURCE_FOR_ORG_NAME"/>
    </xsd:restriction>
  </xsd:simpleType>
  <xsd:complexType name="OrganisationNodeLinkParent">
    <xsd:annotation>
      <xsd:documentation>Set of informations concerning a Organisation node in uman + an optional link to the parent</xsd:documentation>
    </xsd:annotation>
    <xsd:sequence>
      <xsd:element name="OrganisationId" type="SubdivisionOrganisationId"/>
      <xsd:element name="Denomination" type="Denomination" minOccurs="0"/>
      <xsd:element name="OrganisationLevel" type="OrganisationLevel"/>
      <xsd:element name="OrganisationCode" type="OrganisationCode"/>
      <xsd:element name="OrganisationParentNode" type="OrganisationNodeLinkParent" minOccurs="0" maxOccurs="1"/>
    </xsd:sequence>
  </xsd:complexType>
  <xsd:complexType name="OrganisationNodeLinkChild">
    <xsd:annotation>
      <xsd:documentation>Set of informations concerning a Organisation node in uman + an optional link to the Child(s)</xsd:documentation>
    </xsd:annotation>
    <xsd:sequence>
      <xsd:element name="OrganisationId" type="SubdivisionOrganisationId"/>
      <xsd:element name="Denomination" type="Denomination" minOccurs="0"/>
      <xsd:element name="OrganisationLevel" type="OrganisationLevel"/>
      <xsd:element name="OrganisationCode" type="OrganisationCode"/>
      <xsd:element name="OrganisationChildNode" type="OrganisationNodeLinkChild" minOccurs="0" maxOccurs="unbounded"/>
    </xsd:sequence>
  </xsd:complexType>
  <xsd:complexType name="DomainData">
    <xsd:annotation>
      <xsd:documentation>Set of informations concerning a Domain</xsd:documentation>
    </xsd:annotation>
    <xsd:sequence>
      <xsd:element name="QualityCode" type="OrganisationCode"/>
      <xsd:element name="Denomination" type="Denomination"/>
    </xsd:sequence>
  </xsd:complexType>
  <xsd:complexType name="OrganisationDenominationData">
    <xsd:annotation>
      <xsd:documentation>Set of informations concerning a Organisation Denomination</xsd:documentation>
    </xsd:annotation>
    <xsd:sequence>
      <xsd:element name="OrganisationId" type="OrganisationId"/>
      <xsd:element name="Denomination" type="Denomination"/>
    </xsd:sequence>
  </xsd:complexType>
</xsd:schema>]]></con:content><con:type>http://www.w3.org/2001/XMLSchema</con:type></con:part></con:definitionCache><con:endpoints><con:endpoint>http://fidus.brussels/service/accessmanagerservice/messages/v1</con:endpoint><con:endpoint>http://fidus.brussels/services/accessmanagerservice/v1</con:endpoint><con:endpoint>http://localhost.localdomain:8088/mockAccessManagerServiceHTTPBinding</con:endpoint></con:endpoints><con:operation id="64be46ff-1340-46c2-8c1a-d5dede6162b5" isOneWay="false" action="http://fidus.brussels/services/accessmanagerservice/findRepresentativeRolesByINSS" name="findRepresentativeRolesByINSS" bindingOperationName="findRepresentativeRolesByINSS" type="Request-Response" inputName="" receivesAttachments="false" sendsAttachments="false" anonymous="optional"><con:settings/><con:call id="31c29739-f4b7-4bc2-99d7-13447fa19f74" name="1 - Local - Request - OK" outgoingWss="Outflow DEV" incomingWss="Inflow DEV"><con:settings><con:setting id="com.eviware.soapui.impl.wsdl.WsdlRequest@request-headers">&lt;xml-fragment/></con:setting></con:settings><con:encoding>UTF-8</con:encoding><con:endpoint>https://localhost:8243/services/AccessManagerService_v1.0</con:endpoint><con:request><![CDATA[<soapenv:Envelope xmlns:soapenv="http://schemas.xmlsoap.org/soap/envelope/" xmlns:v1="http://fidus.brussels/service/accessmanagerservice/messages/v1" xmlns:v11="http://fidus.brussels/type/common/messages/v1" xmlns:v3="http://socialsecurity.be/umanentityrepresentative/types/v3">
   <soapenv:Header/>
   <soapenv:Body>
      <v1:findRepresentativeRolesByINSSRequest>
         <v1:messageContext>
         	  <v11:messageId>${=import static java.util.UUID.randomUUID; uuid = randomUUID() as String}</v11:messageId>
            <v11:timestamp>${=new java.text.SimpleDateFormat("yyyy-MM-dd'T'HH:mm:ss.SSS").format(new Date())}</v11:timestamp>
         </v1:messageContext>
         <v1:legalContext>ServiceIntegrator</v1:legalContext>
         <v1:request>
            <v1:Domain>QUAL_FED_HEALTHCARE</v1:Domain>
            <v1:INSS>86051933959</v1:INSS>
            <v1:Language>nl</v1:Language>
         </v1:request>
      </v1:findRepresentativeRolesByINSSRequest>
   </soapenv:Body>
</soapenv:Envelope>]]></con:request><con:credentials><con:selectedAuthProfile>Basic</con:selectedAuthProfile><con:addedBasicAuthenticationTypes>Basic</con:addedBasicAuthenticationTypes><con:authType>Global HTTP Settings</con:authType></con:credentials><con:jmsConfig JMSDeliveryMode="PERSISTENT"/><con:jmsPropertyConfig/><con:wsaConfig mustUnderstand="NONE" version="200508" action="http://fidus.brussels/services/accessmanagerservice/findRepresentativeRolesByINSS"/><con:wsrmConfig version="1.2"/></con:call><con:call id="e92039c4-a3f6-4ffc-a8df-68425c9ed50f" name="2 - Dev - Request - OK" outgoingWss="Outflow DEV" incomingWss="Inflow DEV"><con:settings><con:setting id="com.eviware.soapui.impl.wsdl.WsdlRequest@request-headers">&lt;xml-fragment/></con:setting></con:settings><con:encoding>UTF-8</con:encoding><con:endpoint>https://192.168.36.61:8243/services/AccessManagerService_v1.0</con:endpoint><con:request><![CDATA[<soapenv:Envelope xmlns:soapenv="http://schemas.xmlsoap.org/soap/envelope/" xmlns:v1="http://fidus.brussels/service/accessmanagerservice/messages/v1" xmlns:v11="http://fidus.brussels/type/common/messages/v1" xmlns:v3="http://socialsecurity.be/umanentityrepresentative/types/v3">
   <soapenv:Header/>
   <soapenv:Body>
      <v1:findRepresentativeRolesByINSSRequest>
         <v1:messageContext>
         	  <v11:messageId>${=import static java.util.UUID.randomUUID; uuid = randomUUID() as String}</v11:messageId>
            <v11:timestamp>${=new java.text.SimpleDateFormat("yyyy-MM-dd'T'HH:mm:ss.SSS").format(new Date())}</v11:timestamp>
         </v1:messageContext>
         <v1:legalContext>ServiceIntegrator</v1:legalContext>
         <v1:request>
            <v1:Domain>QUAL_FED_HEALTHCARE</v1:Domain>
            <v1:INSS>86051933959</v1:INSS>
            <v1:Language>nl</v1:Language>
         </v1:request>
      </v1:findRepresentativeRolesByINSSRequest>
   </soapenv:Body>
</soapenv:Envelope>]]></con:request><con:credentials><con:selectedAuthProfile>Basic</con:selectedAuthProfile><con:addedBasicAuthenticationTypes>Basic</con:addedBasicAuthenticationTypes><con:authType>Global HTTP Settings</con:authType></con:credentials><con:jmsConfig JMSDeliveryMode="PERSISTENT"/><con:jmsPropertyConfig/><con:wsaConfig mustUnderstand="NONE" version="200508" action="http://fidus.brussels/services/accessmanagerservice/findRepresentativeRolesByINSS"/><con:wsrmConfig version="1.2"/></con:call><con:call id="e08b488c-a3d5-4644-b660-6803d67f400c" name="3 - Test - LB - Request" outgoingWss="Outflow TEST" incomingWss="Inflow TEST"><con:settings><con:setting id="com.eviware.soapui.impl.wsdl.WsdlRequest@request-headers">&lt;xml-fragment/></con:setting></con:settings><con:encoding>UTF-8</con:encoding><con:endpoint>https://esb-security-gw.sta.srv.cirb.lan:8443/services/AccessManagerService_v1.0</con:endpoint><con:request><![CDATA[<soapenv:Envelope xmlns:soapenv="http://schemas.xmlsoap.org/soap/envelope/" xmlns:v1="http://fidus.brussels/service/accessmanagerservice/messages/v1" xmlns:v11="http://fidus.brussels/type/common/messages/v1" xmlns:v3="http://socialsecurity.be/umanentityrepresentative/types/v3">
   <soapenv:Header/>
   <soapenv:Body>
      <v1:findRepresentativeRolesByINSSRequest>
         <v1:messageContext>
         	  <v11:messageId>${=import static java.util.UUID.randomUUID; uuid = randomUUID() as String}</v11:messageId>
            <v11:timestamp>${=new java.text.SimpleDateFormat("yyyy-MM-dd'T'HH:mm:ss.SSS").format(new Date())}</v11:timestamp>
         </v1:messageContext>
         <v1:legalContext>ServiceIntegrator</v1:legalContext>
         <v1:request>
            <v1:Domain>QUAL_FED_HEALTHCARE</v1:Domain>
            <v1:INSS>86051933959</v1:INSS>
            <v1:Language>nl</v1:Language>
         </v1:request>
      </v1:findRepresentativeRolesByINSSRequest>
   </soapenv:Body>
</soapenv:Envelope>]]></con:request><con:credentials><con:selectedAuthProfile>Basic</con:selectedAuthProfile><con:addedBasicAuthenticationTypes>Basic</con:addedBasicAuthenticationTypes><con:authType>Global HTTP Settings</con:authType></con:credentials><con:jmsConfig JMSDeliveryMode="PERSISTENT"/><con:jmsPropertyConfig/><con:wsaConfig mustUnderstand="NONE" version="200508" action="http://fidus.brussels/services/accessmanagerservice/findRepresentativeRolesByINSS"/><con:wsrmConfig version="1.2"/></con:call><con:call id="fca0f525-9c1a-4dd8-87c8-96162553d100" name="4 - Staging - LB - Request" incomingWss="Inflow STAGING" outgoingWss="Outflow STAGING"><con:settings><con:setting id="com.eviware.soapui.impl.wsdl.WsdlRequest@request-headers">&lt;xml-fragment/></con:setting></con:settings><con:encoding>UTF-8</con:encoding><con:endpoint>https://fidus-esb-sg.sta.srv.cirb.lan:8443/services/AccessManagerService_v1.0</con:endpoint><con:request><![CDATA[<soapenv:Envelope xmlns:soapenv="http://schemas.xmlsoap.org/soap/envelope/" xmlns:v1="http://fidus.brussels/service/accessmanagerservice/messages/v1" xmlns:v11="http://fidus.brussels/type/common/messages/v1" xmlns:v3="http://socialsecurity.be/umanentityrepresentative/types/v3">
   <soapenv:Header/>
   <soapenv:Body>
      <v1:findRepresentativeRolesByINSSRequest>
         <v1:messageContext>
         	  <v11:messageId>${=import static java.util.UUID.randomUUID; uuid = randomUUID() as String}</v11:messageId>
            <v11:timestamp>${=new java.text.SimpleDateFormat("yyyy-MM-dd'T'HH:mm:ss.SSS").format(new Date())}</v11:timestamp>
         </v1:messageContext>
         <v1:legalContext>ServiceIntegrator</v1:legalContext>
         <v1:request>
            <v1:Domain>QUAL_FED_HEALTHCARE</v1:Domain>
            <v1:INSS>86051933959</v1:INSS>
            <v1:Language>nl</v1:Language>
         </v1:request>
      </v1:findRepresentativeRolesByINSSRequest>
   </soapenv:Body>
</soapenv:Envelope>]]></con:request><con:credentials><con:selectedAuthProfile>Basic</con:selectedAuthProfile><con:addedBasicAuthenticationTypes>Basic</con:addedBasicAuthenticationTypes><con:authType>Global HTTP Settings</con:authType></con:credentials><con:jmsConfig JMSDeliveryMode="PERSISTENT"/><con:jmsPropertyConfig/><con:wsaConfig mustUnderstand="NONE" version="200508" action="http://fidus.brussels/services/accessmanagerservice/findRepresentativeRolesByINSS"/><con:wsrmConfig version="1.2"/></con:call><con:call id="6041e4ee-0229-4fba-8560-6d5d50209060" name="5 - Prod - External - Request" incomingWss="Inflow PROD" outgoingWss="Outflow PROD"><con:settings><con:setting id="com.eviware.soapui.impl.wsdl.WsdlRequest@request-headers">&lt;xml-fragment/></con:setting></con:settings><con:encoding>UTF-8</con:encoding><con:endpoint>https://fidus.sec.brussels/services/AccessManagerService_v1.0</con:endpoint><con:request><![CDATA[<soapenv:Envelope xmlns:soapenv="http://schemas.xmlsoap.org/soap/envelope/" xmlns:v1="http://fidus.brussels/service/accessmanagerservice/messages/v1" xmlns:v11="http://fidus.brussels/type/common/messages/v1" xmlns:v3="http://socialsecurity.be/umanentityrepresentative/types/v3">
   <soapenv:Header/>
   <soapenv:Body>
      <v1:findRepresentativeRolesByINSSRequest>
         <v1:messageContext>
         	  <v11:messageId>${=import static java.util.UUID.randomUUID; uuid = randomUUID() as String}</v11:messageId>
            <v11:timestamp>${=new java.text.SimpleDateFormat("yyyy-MM-dd'T'HH:mm:ss.SSS").format(new Date())}</v11:timestamp>
         </v1:messageContext>
         <v1:legalContext>ServiceIntegrator</v1:legalContext>
         <v1:request>
            <v1:Domain>QUAL_FED_HEALTHCARE</v1:Domain>
            <v1:INSS>86051933959</v1:INSS>
            <v1:Language>nl</v1:Language>
         </v1:request>
      </v1:findRepresentativeRolesByINSSRequest>
   </soapenv:Body>
</soapenv:Envelope>]]></con:request><con:credentials><con:selectedAuthProfile>Basic</con:selectedAuthProfile><con:addedBasicAuthenticationTypes>Basic</con:addedBasicAuthenticationTypes><con:authType>Global HTTP Settings</con:authType></con:credentials><con:jmsConfig JMSDeliveryMode="PERSISTENT"/><con:jmsPropertyConfig/><con:wsaConfig mustUnderstand="NONE" version="200508" action="http://fidus.brussels/services/accessmanagerservice/findRepresentativeRolesByINSS"/><con:wsrmConfig version="1.2"/></con:call><con:call id="12552132-98c3-4e99-b356-b78587aabb2c" name="1 - Local - Request - Not Found" outgoingWss="Outflow DEV" incomingWss="Inflow DEV"><con:settings><con:setting id="com.eviware.soapui.impl.wsdl.WsdlRequest@request-headers">&lt;xml-fragment/></con:setting></con:settings><con:encoding>UTF-8</con:encoding><con:endpoint>https://localhost:8243/services/AccessManagerService_v1.0</con:endpoint><con:request><![CDATA[<soapenv:Envelope xmlns:soapenv="http://schemas.xmlsoap.org/soap/envelope/" xmlns:v1="http://fidus.brussels/service/accessmanagerservice/messages/v1" xmlns:v11="http://fidus.brussels/type/common/messages/v1" xmlns:v3="http://socialsecurity.be/umanentityrepresentative/types/v3">
   <soapenv:Header/>
   <soapenv:Body>
      <v1:findRepresentativeRolesByINSSRequest>
         <v1:messageContext>
         	  <v11:messageId>${=import static java.util.UUID.randomUUID; uuid = randomUUID() as String}</v11:messageId>
            <v11:timestamp>${=new java.text.SimpleDateFormat("yyyy-MM-dd'T'HH:mm:ss.SSS").format(new Date())}</v11:timestamp>
         </v1:messageContext>
         <v1:legalContext>ServiceIntegrator</v1:legalContext>
         <v1:request>
            <v1:Domain>ECONOMY</v1:Domain>
            <v1:INSS>86051933959</v1:INSS>
            <v1:Language>nl</v1:Language>
         </v1:request>
      </v1:findRepresentativeRolesByINSSRequest>
   </soapenv:Body>
</soapenv:Envelope>]]></con:request><con:credentials><con:selectedAuthProfile>Basic</con:selectedAuthProfile><con:addedBasicAuthenticationTypes>Basic</con:addedBasicAuthenticationTypes><con:authType>Global HTTP Settings</con:authType></con:credentials><con:jmsConfig JMSDeliveryMode="PERSISTENT"/><con:jmsPropertyConfig/><con:wsaConfig mustUnderstand="NONE" version="200508" action="http://fidus.brussels/services/accessmanagerservice/findRepresentativeRolesByINSS"/><con:wsrmConfig version="1.2"/></con:call><con:call id="d62c5dd8-e00b-4978-96b6-544a290ae86f" name="2 - Dev - Request - Not Found" incomingWss="Inflow DEV" outgoingWss="Outflow DEV"><con:settings><con:setting id="com.eviware.soapui.impl.wsdl.WsdlRequest@request-headers">&lt;xml-fragment/></con:setting></con:settings><con:encoding>UTF-8</con:encoding><con:endpoint>https://192.168.36.61:8243/services/AccessManagerService_v1.0</con:endpoint><con:request><![CDATA[<soapenv:Envelope xmlns:soapenv="http://schemas.xmlsoap.org/soap/envelope/" xmlns:v1="http://fidus.brussels/service/accessmanagerservice/messages/v1" xmlns:v11="http://fidus.brussels/type/common/messages/v1" xmlns:v3="http://socialsecurity.be/umanentityrepresentative/types/v3">
   <soapenv:Header/>
   <soapenv:Body>
      <v1:findRepresentativeRolesByINSSRequest>
         <v1:messageContext>
         	  <v11:messageId>${=import static java.util.UUID.randomUUID; uuid = randomUUID() as String}</v11:messageId>
            <v11:timestamp>${=new java.text.SimpleDateFormat("yyyy-MM-dd'T'HH:mm:ss.SSS").format(new Date())}</v11:timestamp>
         </v1:messageContext>
         <v1:legalContext>ServiceIntegrator</v1:legalContext>
         <v1:request>
            <v1:Domain>ECONOMY</v1:Domain>
            <v1:INSS>86051933959</v1:INSS>
            <v1:Language>nl</v1:Language>
         </v1:request>
      </v1:findRepresentativeRolesByINSSRequest>
   </soapenv:Body>
</soapenv:Envelope>]]></con:request><con:credentials><con:selectedAuthProfile>Basic</con:selectedAuthProfile><con:addedBasicAuthenticationTypes>Basic</con:addedBasicAuthenticationTypes><con:authType>Global HTTP Settings</con:authType></con:credentials><con:jmsConfig JMSDeliveryMode="PERSISTENT"/><con:jmsPropertyConfig/><con:wsaConfig mustUnderstand="NONE" version="200508" action="http://fidus.brussels/services/accessmanagerservice/findRepresentativeRolesByINSS"/><con:wsrmConfig version="1.2"/></con:call><con:call id="3b983f17-f4b6-4567-8bef-e26f0faf4a8e" name="3 - Test - Worker1 - Request" outgoingWss="Outflow TEST" incomingWss="Inflow TEST"><con:settings><con:setting id="com.eviware.soapui.impl.wsdl.WsdlRequest@request-headers">&lt;xml-fragment/></con:setting></con:settings><con:encoding>UTF-8</con:encoding><con:endpoint>https://192.168.22.53:8443/services/AccessManagerService_v1.0</con:endpoint><con:request><![CDATA[<soapenv:Envelope xmlns:soapenv="http://schemas.xmlsoap.org/soap/envelope/" xmlns:v1="http://fidus.brussels/service/accessmanagerservice/messages/v1" xmlns:v11="http://fidus.brussels/type/common/messages/v1" xmlns:v3="http://socialsecurity.be/umanentityrepresentative/types/v3">
   <soapenv:Header/>
   <soapenv:Body>
      <v1:findRepresentativeRolesByINSSRequest>
         <v1:messageContext>
         	  <v11:messageId>${=import static java.util.UUID.randomUUID; uuid = randomUUID() as String}</v11:messageId>
            <v11:timestamp>${=new java.text.SimpleDateFormat("yyyy-MM-dd'T'HH:mm:ss.SSS").format(new Date())}</v11:timestamp>
         </v1:messageContext>
         <v1:legalContext>ServiceIntegrator</v1:legalContext>
         <v1:request>
            <v1:Domain>QUAL_FED_HEALTHCARE</v1:Domain>
            <v1:INSS>86051933959</v1:INSS>
            <v1:Language>nl</v1:Language>
         </v1:request>
      </v1:findRepresentativeRolesByINSSRequest>
   </soapenv:Body>
</soapenv:Envelope>]]></con:request><con:credentials><con:selectedAuthProfile>Basic</con:selectedAuthProfile><con:addedBasicAuthenticationTypes>Basic</con:addedBasicAuthenticationTypes><con:authType>Global HTTP Settings</con:authType></con:credentials><con:jmsConfig JMSDeliveryMode="PERSISTENT"/><con:jmsPropertyConfig/><con:wsaConfig mustUnderstand="NONE" version="200508" action="http://fidus.brussels/services/accessmanagerservice/findRepresentativeRolesByINSS"/><con:wsrmConfig version="1.2"/></con:call><con:call id="cbe64a74-3187-478f-ba75-509c980e2030" name="3 - Test - Worker2 - Request" incomingWss="Inflow TEST" outgoingWss="Outflow TEST"><con:settings><con:setting id="com.eviware.soapui.impl.wsdl.WsdlRequest@request-headers">&lt;xml-fragment/></con:setting></con:settings><con:encoding>UTF-8</con:encoding><con:endpoint>https://192.168.22.54:8443/services/AccessManagerService_v1.0</con:endpoint><con:request><![CDATA[<soapenv:Envelope xmlns:soapenv="http://schemas.xmlsoap.org/soap/envelope/" xmlns:v1="http://fidus.brussels/service/accessmanagerservice/messages/v1" xmlns:v11="http://fidus.brussels/type/common/messages/v1" xmlns:v3="http://socialsecurity.be/umanentityrepresentative/types/v3">
   <soapenv:Header/>
   <soapenv:Body>
      <v1:findRepresentativeRolesByINSSRequest>
         <v1:messageContext>
         	  <v11:messageId>${=import static java.util.UUID.randomUUID; uuid = randomUUID() as String}</v11:messageId>
            <v11:timestamp>${=new java.text.SimpleDateFormat("yyyy-MM-dd'T'HH:mm:ss.SSS").format(new Date())}</v11:timestamp>
         </v1:messageContext>
         <v1:legalContext>ServiceIntegrator</v1:legalContext>
         <v1:request>
            <v1:Domain>QUAL_FED_HEALTHCARE</v1:Domain>
            <v1:INSS>86051933959</v1:INSS>
            <v1:Language>nl</v1:Language>
         </v1:request>
      </v1:findRepresentativeRolesByINSSRequest>
   </soapenv:Body>
</soapenv:Envelope>]]></con:request><con:credentials><con:selectedAuthProfile>Basic</con:selectedAuthProfile><con:addedBasicAuthenticationTypes>Basic</con:addedBasicAuthenticationTypes><con:authType>Global HTTP Settings</con:authType></con:credentials><con:jmsConfig JMSDeliveryMode="PERSISTENT"/><con:jmsPropertyConfig/><con:wsaConfig mustUnderstand="NONE" version="200508" action="http://fidus.brussels/services/accessmanagerservice/findRepresentativeRolesByINSS"/><con:wsrmConfig version="1.2"/></con:call><con:call id="35701cb0-2858-49ec-9dc7-09e9d2373d77" name="4 - Staging - Worker1 - Request" incomingWss="Inflow STAGING" outgoingWss="Outflow STAGING"><con:settings><con:setting id="com.eviware.soapui.impl.wsdl.WsdlRequest@request-headers">&lt;xml-fragment/></con:setting></con:settings><con:encoding>UTF-8</con:encoding><con:endpoint>https://192.168.24.16:8443/services/AccessManagerService_v1.0</con:endpoint><con:request><![CDATA[<soapenv:Envelope xmlns:soapenv="http://schemas.xmlsoap.org/soap/envelope/" xmlns:v1="http://fidus.brussels/service/accessmanagerservice/messages/v1" xmlns:v11="http://fidus.brussels/type/common/messages/v1" xmlns:v3="http://socialsecurity.be/umanentityrepresentative/types/v3">
   <soapenv:Header/>
   <soapenv:Body>
      <v1:findRepresentativeRolesByINSSRequest>
         <v1:messageContext>
         	  <v11:messageId>${=import static java.util.UUID.randomUUID; uuid = randomUUID() as String}</v11:messageId>
            <v11:timestamp>${=new java.text.SimpleDateFormat("yyyy-MM-dd'T'HH:mm:ss.SSS").format(new Date())}</v11:timestamp>
         </v1:messageContext>
         <v1:legalContext>ServiceIntegrator</v1:legalContext>
         <v1:request>
            <v1:Domain>QUAL_FED_HEALTHCARE</v1:Domain>
            <v1:INSS>86051933959</v1:INSS>
            <v1:Language>nl</v1:Language>
         </v1:request>
      </v1:findRepresentativeRolesByINSSRequest>
   </soapenv:Body>
</soapenv:Envelope>]]></con:request><con:credentials><con:selectedAuthProfile>Basic</con:selectedAuthProfile><con:addedBasicAuthenticationTypes>Basic</con:addedBasicAuthenticationTypes><con:authType>Global HTTP Settings</con:authType></con:credentials><con:jmsConfig JMSDeliveryMode="PERSISTENT"/><con:jmsPropertyConfig/><con:wsaConfig mustUnderstand="NONE" version="200508" action="http://fidus.brussels/services/accessmanagerservice/findRepresentativeRolesByINSS"/><con:wsrmConfig version="1.2"/></con:call><con:call id="39fb52d6-bec7-435d-a426-66383177f5d7" name="4 - Staging - Worker2 - Request" incomingWss="Inflow STAGING" outgoingWss="Outflow STAGING"><con:settings><con:setting id="com.eviware.soapui.impl.wsdl.WsdlRequest@request-headers">&lt;xml-fragment/></con:setting></con:settings><con:encoding>UTF-8</con:encoding><con:endpoint>https://192.168.24.17:8443/services/AccessManagerService_v1.0</con:endpoint><con:request><![CDATA[<soapenv:Envelope xmlns:soapenv="http://schemas.xmlsoap.org/soap/envelope/" xmlns:v1="http://fidus.brussels/service/accessmanagerservice/messages/v1" xmlns:v11="http://fidus.brussels/type/common/messages/v1" xmlns:v3="http://socialsecurity.be/umanentityrepresentative/types/v3">
   <soapenv:Header/>
   <soapenv:Body>
      <v1:findRepresentativeRolesByINSSRequest>
         <v1:messageContext>
         	  <v11:messageId>${=import static java.util.UUID.randomUUID; uuid = randomUUID() as String}</v11:messageId>
            <v11:timestamp>${=new java.text.SimpleDateFormat("yyyy-MM-dd'T'HH:mm:ss.SSS").format(new Date())}</v11:timestamp>
         </v1:messageContext>
         <v1:legalContext>ServiceIntegrator</v1:legalContext>
         <v1:request>
            <v1:Domain>QUAL_FED_HEALTHCARE</v1:Domain>
            <v1:INSS>86051933959</v1:INSS>
            <v1:Language>nl</v1:Language>
         </v1:request>
      </v1:findRepresentativeRolesByINSSRequest>
   </soapenv:Body>
</soapenv:Envelope>]]></con:request><con:credentials><con:selectedAuthProfile>Basic</con:selectedAuthProfile><con:addedBasicAuthenticationTypes>Basic</con:addedBasicAuthenticationTypes><con:authType>Global HTTP Settings</con:authType></con:credentials><con:jmsConfig JMSDeliveryMode="PERSISTENT"/><con:jmsPropertyConfig/><con:wsaConfig mustUnderstand="NONE" version="200508" action="http://fidus.brussels/services/accessmanagerservice/findRepresentativeRolesByINSS"/><con:wsrmConfig version="1.2"/></con:call><con:call id="ce74bc7a-cdf6-40cc-97b0-d3647c8acf0c" name="5 - Prod - LB - Request" incomingWss="Inflow PROD" outgoingWss="Outflow PROD"><con:settings><con:setting id="com.eviware.soapui.impl.wsdl.WsdlRequest@request-headers">&lt;xml-fragment/></con:setting></con:settings><con:encoding>UTF-8</con:encoding><con:endpoint>https://fidus-esb-sg.prd.srv.cirb.lan:8443/services/AccessManagerService_v1.0</con:endpoint><con:request><![CDATA[<soapenv:Envelope xmlns:soapenv="http://schemas.xmlsoap.org/soap/envelope/" xmlns:v1="http://fidus.brussels/service/accessmanagerservice/messages/v1" xmlns:v11="http://fidus.brussels/type/common/messages/v1" xmlns:v3="http://socialsecurity.be/umanentityrepresentative/types/v3">
   <soapenv:Header/>
   <soapenv:Body>
      <v1:findRepresentativeRolesByINSSRequest>
         <v1:messageContext>
         	  <v11:messageId>${=import static java.util.UUID.randomUUID; uuid = randomUUID() as String}</v11:messageId>
            <v11:timestamp>${=new java.text.SimpleDateFormat("yyyy-MM-dd'T'HH:mm:ss.SSS").format(new Date())}</v11:timestamp>
         </v1:messageContext>
         <v1:legalContext>ServiceIntegrator</v1:legalContext>
         <v1:request>
            <v1:Domain>QUAL_FED_HEALTHCARE</v1:Domain>
            <v1:INSS>86051933959</v1:INSS>
            <v1:Language>nl</v1:Language>
         </v1:request>
      </v1:findRepresentativeRolesByINSSRequest>
   </soapenv:Body>
</soapenv:Envelope>]]></con:request><con:credentials><con:selectedAuthProfile>Basic</con:selectedAuthProfile><con:addedBasicAuthenticationTypes>Basic</con:addedBasicAuthenticationTypes><con:authType>Global HTTP Settings</con:authType></con:credentials><con:jmsConfig JMSDeliveryMode="PERSISTENT"/><con:jmsPropertyConfig/><con:wsaConfig mustUnderstand="NONE" version="200508" action="http://fidus.brussels/services/accessmanagerservice/findRepresentativeRolesByINSS"/><con:wsrmConfig version="1.2"/></con:call><con:call id="c800e217-ef46-4e99-b9a8-b08a82e0550a" name="5 - Prod - Worker1 - Request" incomingWss="Inflow PROD" outgoingWss="Outflow PROD"><con:settings><con:setting id="com.eviware.soapui.impl.wsdl.WsdlRequest@request-headers">&lt;xml-fragment/></con:setting></con:settings><con:encoding>UTF-8</con:encoding><con:endpoint>https://192.168.26.22:8443/services/AccessManagerService_v1.0</con:endpoint><con:request><![CDATA[<soapenv:Envelope xmlns:soapenv="http://schemas.xmlsoap.org/soap/envelope/" xmlns:v1="http://fidus.brussels/service/accessmanagerservice/messages/v1" xmlns:v11="http://fidus.brussels/type/common/messages/v1" xmlns:v3="http://socialsecurity.be/umanentityrepresentative/types/v3">
   <soapenv:Header/>
   <soapenv:Body>
      <v1:findRepresentativeRolesByINSSRequest>
         <v1:messageContext>
         	  <v11:messageId>${=import static java.util.UUID.randomUUID; uuid = randomUUID() as String}</v11:messageId>
            <v11:timestamp>${=new java.text.SimpleDateFormat("yyyy-MM-dd'T'HH:mm:ss.SSS").format(new Date())}</v11:timestamp>
         </v1:messageContext>
         <v1:legalContext>ServiceIntegrator</v1:legalContext>
         <v1:request>
            <v1:Domain>QUAL_FED_HEALTHCARE</v1:Domain>
            <v1:INSS>86051933959</v1:INSS>
            <v1:Language>nl</v1:Language>
         </v1:request>
      </v1:findRepresentativeRolesByINSSRequest>
   </soapenv:Body>
</soapenv:Envelope>]]></con:request><con:credentials><con:selectedAuthProfile>Basic</con:selectedAuthProfile><con:addedBasicAuthenticationTypes>Basic</con:addedBasicAuthenticationTypes><con:authType>Global HTTP Settings</con:authType></con:credentials><con:jmsConfig JMSDeliveryMode="PERSISTENT"/><con:jmsPropertyConfig/><con:wsaConfig mustUnderstand="NONE" version="200508" action="http://fidus.brussels/services/accessmanagerservice/findRepresentativeRolesByINSS"/><con:wsrmConfig version="1.2"/></con:call><con:call id="2965a5fb-6bf7-4e9e-bd07-25fc6b201db3" name="5 - Prod - Worker2 - Request" incomingWss="Inflow PROD" outgoingWss="Outflow PROD"><con:settings><con:setting id="com.eviware.soapui.impl.wsdl.WsdlRequest@request-headers">&lt;xml-fragment/></con:setting></con:settings><con:encoding>UTF-8</con:encoding><con:endpoint>https://192.168.26.19:8443/services/AccessManagerService_v1.0</con:endpoint><con:request><![CDATA[<soapenv:Envelope xmlns:soapenv="http://schemas.xmlsoap.org/soap/envelope/" xmlns:v1="http://fidus.brussels/service/accessmanagerservice/messages/v1" xmlns:v11="http://fidus.brussels/type/common/messages/v1" xmlns:v3="http://socialsecurity.be/umanentityrepresentative/types/v3">
   <soapenv:Header/>
   <soapenv:Body>
      <v1:findRepresentativeRolesByINSSRequest>
         <v1:messageContext>
         	  <v11:messageId>${=import static java.util.UUID.randomUUID; uuid = randomUUID() as String}</v11:messageId>
            <v11:timestamp>${=new java.text.SimpleDateFormat("yyyy-MM-dd'T'HH:mm:ss.SSS").format(new Date())}</v11:timestamp>
         </v1:messageContext>
         <v1:legalContext>ServiceIntegrator</v1:legalContext>
         <v1:request>
            <v1:Domain>QUAL_FED_HEALTHCARE</v1:Domain>
            <v1:INSS>86051933959</v1:INSS>
            <v1:Language>nl</v1:Language>
         </v1:request>
      </v1:findRepresentativeRolesByINSSRequest>
   </soapenv:Body>
</soapenv:Envelope>]]></con:request><con:credentials><con:selectedAuthProfile>Basic</con:selectedAuthProfile><con:addedBasicAuthenticationTypes>Basic</con:addedBasicAuthenticationTypes><con:authType>Global HTTP Settings</con:authType></con:credentials><con:jmsConfig JMSDeliveryMode="PERSISTENT"/><con:jmsPropertyConfig/><con:wsaConfig mustUnderstand="NONE" version="200508" action="http://fidus.brussels/services/accessmanagerservice/findRepresentativeRolesByINSS"/><con:wsrmConfig version="1.2"/></con:call><con:call id="0739bda9-614c-459a-ac26-384b83515e11" name="3 - Test - Worker1New - Request" outgoingWss="Outflow TEST" incomingWss="Inflow TEST"><con:settings><con:setting id="com.eviware.soapui.impl.wsdl.WsdlRequest@request-headers">&lt;xml-fragment/></con:setting></con:settings><con:encoding>UTF-8</con:encoding><con:endpoint>https://192.168.22.73:8443/services/AccessManagerService_v1.0</con:endpoint><con:request><![CDATA[<soapenv:Envelope xmlns:soapenv="http://schemas.xmlsoap.org/soap/envelope/" xmlns:v1="http://fidus.brussels/service/accessmanagerservice/messages/v1" xmlns:v11="http://fidus.brussels/type/common/messages/v1" xmlns:v3="http://socialsecurity.be/umanentityrepresentative/types/v3">
   <soapenv:Header/>
   <soapenv:Body>
      <v1:findRepresentativeRolesByINSSRequest>
         <v1:messageContext>
         	  <v11:messageId>${=import static java.util.UUID.randomUUID; uuid = randomUUID() as String}</v11:messageId>
            <v11:timestamp>${=new java.text.SimpleDateFormat("yyyy-MM-dd'T'HH:mm:ss.SSS").format(new Date())}</v11:timestamp>
         </v1:messageContext>
         <v1:legalContext>ServiceIntegrator</v1:legalContext>
         <v1:request>
            <v1:Domain>QUAL_FED_HEALTHCARE</v1:Domain>
            <v1:INSS>86051933959</v1:INSS>
            <v1:Language>nl</v1:Language>
         </v1:request>
      </v1:findRepresentativeRolesByINSSRequest>
   </soapenv:Body>
</soapenv:Envelope>]]></con:request><con:credentials><con:selectedAuthProfile>Basic</con:selectedAuthProfile><con:addedBasicAuthenticationTypes>Basic</con:addedBasicAuthenticationTypes><con:authType>Global HTTP Settings</con:authType></con:credentials><con:jmsConfig JMSDeliveryMode="PERSISTENT"/><con:jmsPropertyConfig/><con:wsaConfig mustUnderstand="NONE" version="200508" action="http://fidus.brussels/services/accessmanagerservice/findRepresentativeRolesByINSS"/><con:wsrmConfig version="1.2"/></con:call><con:call id="fb79d755-fb23-4db8-9d5c-109fd81f9975" name="3 - Test - Worker2New - Request" outgoingWss="Outflow TEST" incomingWss="Inflow TEST"><con:settings><con:setting id="com.eviware.soapui.impl.wsdl.WsdlRequest@request-headers">&lt;xml-fragment/></con:setting></con:settings><con:encoding>UTF-8</con:encoding><con:endpoint>https://192.168.22.93:8443/services/AccessManagerService_v1.0</con:endpoint><con:request><![CDATA[<soapenv:Envelope xmlns:soapenv="http://schemas.xmlsoap.org/soap/envelope/" xmlns:v1="http://fidus.brussels/service/accessmanagerservice/messages/v1" xmlns:v11="http://fidus.brussels/type/common/messages/v1" xmlns:v3="http://socialsecurity.be/umanentityrepresentative/types/v3">
   <soapenv:Header/>
   <soapenv:Body>
      <v1:findRepresentativeRolesByINSSRequest>
         <v1:messageContext>
         	  <v11:messageId>${=import static java.util.UUID.randomUUID; uuid = randomUUID() as String}</v11:messageId>
            <v11:timestamp>${=new java.text.SimpleDateFormat("yyyy-MM-dd'T'HH:mm:ss.SSS").format(new Date())}</v11:timestamp>
         </v1:messageContext>
         <v1:legalContext>ServiceIntegrator</v1:legalContext>
         <v1:request>
            <v1:Domain>QUAL_FED_HEALTHCARE</v1:Domain>
            <v1:INSS>86051933959</v1:INSS>
            <v1:Language>nl</v1:Language>
         </v1:request>
      </v1:findRepresentativeRolesByINSSRequest>
   </soapenv:Body>
</soapenv:Envelope>]]></con:request><con:credentials><con:selectedAuthProfile>Basic</con:selectedAuthProfile><con:addedBasicAuthenticationTypes>Basic</con:addedBasicAuthenticationTypes><con:authType>Global HTTP Settings</con:authType></con:credentials><con:jmsConfig JMSDeliveryMode="PERSISTENT"/><con:jmsPropertyConfig/><con:wsaConfig mustUnderstand="NONE" version="200508" action="http://fidus.brussels/services/accessmanagerservice/findRepresentativeRolesByINSS"/><con:wsrmConfig version="1.2"/></con:call><con:call id="eaf3c3a8-f884-4a21-9610-bcaf844374c1" name="4 - Staging - Worker1New - Request" outgoingWss="Outflow STAGING" incomingWss="Inflow STAGING"><con:settings><con:setting id="com.eviware.soapui.impl.wsdl.WsdlRequest@request-headers">&lt;xml-fragment/></con:setting></con:settings><con:encoding>UTF-8</con:encoding><con:endpoint>https://192.168.23.191:8443/services/AccessManagerService_v1.0</con:endpoint><con:request><![CDATA[<soapenv:Envelope xmlns:soapenv="http://schemas.xmlsoap.org/soap/envelope/" xmlns:v1="http://fidus.brussels/service/accessmanagerservice/messages/v1" xmlns:v11="http://fidus.brussels/type/common/messages/v1" xmlns:v3="http://socialsecurity.be/umanentityrepresentative/types/v3">
   <soapenv:Header/>
   <soapenv:Body>
      <v1:findRepresentativeRolesByINSSRequest>
         <v1:messageContext>
         	  <v11:messageId>${=import static java.util.UUID.randomUUID; uuid = randomUUID() as String}</v11:messageId>
            <v11:timestamp>${=new java.text.SimpleDateFormat("yyyy-MM-dd'T'HH:mm:ss.SSS").format(new Date())}</v11:timestamp>
         </v1:messageContext>
         <v1:legalContext>ServiceIntegrator</v1:legalContext>
         <v1:request>
            <v1:Domain>QUAL_FED_HEALTHCARE</v1:Domain>
            <v1:INSS>86051933959</v1:INSS>
            <v1:Language>nl</v1:Language>
         </v1:request>
      </v1:findRepresentativeRolesByINSSRequest>
   </soapenv:Body>
</soapenv:Envelope>]]></con:request><con:credentials><con:selectedAuthProfile>Basic</con:selectedAuthProfile><con:addedBasicAuthenticationTypes>Basic</con:addedBasicAuthenticationTypes><con:authType>Global HTTP Settings</con:authType></con:credentials><con:jmsConfig JMSDeliveryMode="PERSISTENT"/><con:jmsPropertyConfig/><con:wsaConfig mustUnderstand="NONE" version="200508" action="http://fidus.brussels/services/accessmanagerservice/findRepresentativeRolesByINSS"/><con:wsrmConfig version="1.2"/></con:call><con:call id="cec5cce0-b0d7-4d3e-ae61-4fd4da60abe2" name="4 - Staging - Worker2New - Request" outgoingWss="Outflow STAGING" incomingWss="Inflow STAGING"><con:settings><con:setting id="com.eviware.soapui.impl.wsdl.WsdlRequest@request-headers">&lt;xml-fragment/></con:setting></con:settings><con:encoding>UTF-8</con:encoding><con:endpoint>https://192.168.23.198:8443/services/AccessManagerService_v1.0</con:endpoint><con:request><![CDATA[<soapenv:Envelope xmlns:soapenv="http://schemas.xmlsoap.org/soap/envelope/" xmlns:v1="http://fidus.brussels/service/accessmanagerservice/messages/v1" xmlns:v11="http://fidus.brussels/type/common/messages/v1" xmlns:v3="http://socialsecurity.be/umanentityrepresentative/types/v3">
   <soapenv:Header/>
   <soapenv:Body>
      <v1:findRepresentativeRolesByINSSRequest>
         <v1:messageContext>
         	  <v11:messageId>${=import static java.util.UUID.randomUUID; uuid = randomUUID() as String}</v11:messageId>
            <v11:timestamp>${=new java.text.SimpleDateFormat("yyyy-MM-dd'T'HH:mm:ss.SSS").format(new Date())}</v11:timestamp>
         </v1:messageContext>
         <v1:legalContext>ServiceIntegrator</v1:legalContext>
         <v1:request>
            <v1:Domain>QUAL_FED_HEALTHCARE</v1:Domain>
            <v1:INSS>86051933959</v1:INSS>
            <v1:Language>nl</v1:Language>
         </v1:request>
      </v1:findRepresentativeRolesByINSSRequest>
   </soapenv:Body>
</soapenv:Envelope>]]></con:request><con:credentials><con:selectedAuthProfile>Basic</con:selectedAuthProfile><con:addedBasicAuthenticationTypes>Basic</con:addedBasicAuthenticationTypes><con:authType>Global HTTP Settings</con:authType></con:credentials><con:jmsConfig JMSDeliveryMode="PERSISTENT"/><con:jmsPropertyConfig/><con:wsaConfig mustUnderstand="NONE" version="200508" action="http://fidus.brussels/services/accessmanagerservice/findRepresentativeRolesByINSS"/><con:wsrmConfig version="1.2"/></con:call><con:call id="ddd90897-59ea-4fa2-8336-fa81ee1abf47" name="4 - Staging - External - Request" outgoingWss="Outflow STAGING" incomingWss="Inflow STAGING"><con:settings><con:setting id="com.eviware.soapui.impl.wsdl.WsdlRequest@request-headers">&lt;xml-fragment/></con:setting></con:settings><con:encoding>UTF-8</con:encoding><con:endpoint>https://fidus.irisnetlab.be/services/AccessManagerService_v1.0</con:endpoint><con:request><![CDATA[<soapenv:Envelope xmlns:soapenv="http://schemas.xmlsoap.org/soap/envelope/" xmlns:v1="http://fidus.brussels/service/accessmanagerservice/messages/v1" xmlns:v11="http://fidus.brussels/type/common/messages/v1" xmlns:v3="http://socialsecurity.be/umanentityrepresentative/types/v3">
   <soapenv:Header/>
   <soapenv:Body>
      <v1:findRepresentativeRolesByINSSRequest>
         <v1:messageContext>
         	  <v11:messageId>${=import static java.util.UUID.randomUUID; uuid = randomUUID() as String}</v11:messageId>
            <v11:timestamp>${=new java.text.SimpleDateFormat("yyyy-MM-dd'T'HH:mm:ss.SSS").format(new Date())}</v11:timestamp>
         </v1:messageContext>
         <v1:legalContext>ServiceIntegrator</v1:legalContext>
         <v1:request>
            <v1:Domain>QUAL_FED_HEALTHCARE</v1:Domain>
            <v1:INSS>86051933959</v1:INSS>
            <v1:Language>nl</v1:Language>
         </v1:request>
      </v1:findRepresentativeRolesByINSSRequest>
   </soapenv:Body>
</soapenv:Envelope>]]></con:request><con:credentials><con:selectedAuthProfile>Basic</con:selectedAuthProfile><con:addedBasicAuthenticationTypes>Basic</con:addedBasicAuthenticationTypes><con:authType>Global HTTP Settings</con:authType></con:credentials><con:jmsConfig JMSDeliveryMode="PERSISTENT"/><con:jmsPropertyConfig/><con:wsaConfig mustUnderstand="NONE" version="200508" action="http://fidus.brussels/services/accessmanagerservice/findRepresentativeRolesByINSS"/><con:wsrmConfig version="1.2"/></con:call><con:call id="4b6fbd22-c99d-434f-b999-7568c2ae49c2" name="3 - Test - External - Request" outgoingWss="Outflow TEST" incomingWss="Inflow TEST"><con:settings><con:setting id="com.eviware.soapui.impl.wsdl.WsdlRequest@request-headers">&lt;xml-fragment/></con:setting></con:settings><con:encoding>UTF-8</con:encoding><con:endpoint>https://fidus-test.irisnetlab.be/services/AccessManagerService_v1.0</con:endpoint><con:request><![CDATA[<soapenv:Envelope xmlns:soapenv="http://schemas.xmlsoap.org/soap/envelope/" xmlns:v1="http://fidus.brussels/service/accessmanagerservice/messages/v1" xmlns:v11="http://fidus.brussels/type/common/messages/v1" xmlns:v3="http://socialsecurity.be/umanentityrepresentative/types/v3">
   <soapenv:Header/>
   <soapenv:Body>
      <v1:findRepresentativeRolesByINSSRequest>
         <v1:messageContext>
         	  <v11:messageId>${=import static java.util.UUID.randomUUID; uuid = randomUUID() as String}</v11:messageId>
            <v11:timestamp>${=new java.text.SimpleDateFormat("yyyy-MM-dd'T'HH:mm:ss.SSS").format(new Date())}</v11:timestamp>
         </v1:messageContext>
         <v1:legalContext>ServiceIntegrator</v1:legalContext>
         <v1:request>
            <v1:Domain>QUAL_FED_HEALTHCARE</v1:Domain>
            <v1:INSS>86051933959</v1:INSS>
            <v1:Language>nl</v1:Language>
         </v1:request>
      </v1:findRepresentativeRolesByINSSRequest>
   </soapenv:Body>
</soapenv:Envelope>]]></con:request><con:credentials><con:selectedAuthProfile>Basic</con:selectedAuthProfile><con:addedBasicAuthenticationTypes>Basic</con:addedBasicAuthenticationTypes><con:authType>Global HTTP Settings</con:authType></con:credentials><con:jmsConfig JMSDeliveryMode="PERSISTENT"/><con:jmsPropertyConfig/><con:wsaConfig mustUnderstand="NONE" version="200508" action="http://fidus.brussels/services/accessmanagerservice/findRepresentativeRolesByINSS"/><con:wsrmConfig version="1.2"/></con:call></con:operation><con:operation id="afcad64e-a1e0-482a-969f-892b627e7b0c" isOneWay="false" action="http://fidus.brussels/services/accessmanagerservice/getDomain" name="getDomain" bindingOperationName="getDomain" type="Request-Response" inputName="" receivesAttachments="false" sendsAttachments="false" anonymous="optional"><con:settings/><con:call id="0f12defc-3948-46ab-a16f-44f66b4a715c" name="1 - Local - Request - OK" outgoingWss="Outflow DEV" incomingWss="Inflow DEV"><con:settings><con:setting id="com.eviware.soapui.impl.wsdl.WsdlRequest@request-headers">&lt;xml-fragment/></con:setting></con:settings><con:encoding>UTF-8</con:encoding><con:endpoint>https://localhost:8243/services/AccessManagerService_v1.0</con:endpoint><con:request><![CDATA[<soapenv:Envelope xmlns:soapenv="http://schemas.xmlsoap.org/soap/envelope/" xmlns:v1="http://fidus.brussels/service/accessmanagerservice/messages/v1" xmlns:v11="http://fidus.brussels/type/common/messages/v1" >
   <soapenv:Header/>
   <soapenv:Body>
      <v1:getDomainRequest>
         <v1:messageContext>
         	  <v11:messageId>${=import static java.util.UUID.randomUUID; uuid = randomUUID() as String}</v11:messageId>
            <v11:timestamp>${=new java.text.SimpleDateFormat("yyyy-MM-dd'T'HH:mm:ss.SSS").format(new Date())}</v11:timestamp>
         </v1:messageContext>
         <v1:legalContext>ServiceIntegrator</v1:legalContext>
         <v1:request>
         	  <v1:Domain>FINANCE</v1:Domain>
            <v1:Language>fr</v1:Language>
         </v1:request>
      </v1:getDomainRequest>
   </soapenv:Body>
</soapenv:Envelope>]]></con:request><con:credentials><con:selectedAuthProfile>Basic</con:selectedAuthProfile><con:addedBasicAuthenticationTypes>Basic</con:addedBasicAuthenticationTypes><con:authType>Global HTTP Settings</con:authType></con:credentials><con:jmsConfig JMSDeliveryMode="PERSISTENT"/><con:jmsPropertyConfig/><con:wsaConfig mustUnderstand="NONE" version="200508" action="http://fidus.brussels/services/accessmanagerservice/getDomain"/><con:wsrmConfig version="1.2"/></con:call><con:call id="162a7cfc-6c78-4326-bf6e-2d5603ead13f" name="3 - Test - LB - Request" outgoingWss="Outflow TEST" incomingWss="Inflow TEST"><con:settings><con:setting id="com.eviware.soapui.impl.wsdl.WsdlRequest@request-headers">&lt;xml-fragment/></con:setting></con:settings><con:encoding>UTF-8</con:encoding><con:endpoint>https://esb-security-gw.sta.srv.cirb.lan:8443/services/AccessManagerService_v1.0</con:endpoint><con:request><![CDATA[<soapenv:Envelope xmlns:soapenv="http://schemas.xmlsoap.org/soap/envelope/" xmlns:v1="http://fidus.brussels/service/accessmanagerservice/messages/v1" xmlns:v11="http://fidus.brussels/type/common/messages/v1" >
   <soapenv:Header/>
   <soapenv:Body>
      <v1:getDomainRequest>
         <v1:messageContext>
         	  <v11:messageId>${=import static java.util.UUID.randomUUID; uuid = randomUUID() as String}</v11:messageId>
            <v11:timestamp>${=new java.text.SimpleDateFormat("yyyy-MM-dd'T'HH:mm:ss.SSS").format(new Date())}</v11:timestamp>
         </v1:messageContext>
         <v1:legalContext>ServiceIntegrator</v1:legalContext>
         <v1:request>
         	  <v1:Domain>FINANCE</v1:Domain>
            <v1:Language>fr</v1:Language>
         </v1:request>
      </v1:getDomainRequest>
   </soapenv:Body>
</soapenv:Envelope>]]></con:request><con:credentials><con:selectedAuthProfile>Basic</con:selectedAuthProfile><con:addedBasicAuthenticationTypes>Basic</con:addedBasicAuthenticationTypes><con:authType>Global HTTP Settings</con:authType></con:credentials><con:jmsConfig JMSDeliveryMode="PERSISTENT"/><con:jmsPropertyConfig/><con:wsaConfig mustUnderstand="NONE" version="200508" action="http://fidus.brussels/services/accessmanagerservice/getDomain"/><con:wsrmConfig version="1.2"/></con:call><con:call id="dceea48e-a87f-4e17-9363-a428664cf44e" name="4 - Staging - LB - Request" incomingWss="Inflow STAGING" outgoingWss="Outflow STAGING"><con:settings><con:setting id="com.eviware.soapui.impl.wsdl.WsdlRequest@request-headers">&lt;xml-fragment/></con:setting></con:settings><con:encoding>UTF-8</con:encoding><con:endpoint>https://fidus-esb-sg.sta.srv.cirb.lan:8443/services/AccessManagerService_v1.0</con:endpoint><con:request><![CDATA[<soapenv:Envelope xmlns:soapenv="http://schemas.xmlsoap.org/soap/envelope/" xmlns:v1="http://fidus.brussels/service/accessmanagerservice/messages/v1" xmlns:v11="http://fidus.brussels/type/common/messages/v1" >
   <soapenv:Header/>
   <soapenv:Body>
      <v1:getDomainRequest>
         <v1:messageContext>
         	  <v11:messageId>${=import static java.util.UUID.randomUUID; uuid = randomUUID() as String}</v11:messageId>
            <v11:timestamp>${=new java.text.SimpleDateFormat("yyyy-MM-dd'T'HH:mm:ss.SSS").format(new Date())}</v11:timestamp>
         </v1:messageContext>
         <v1:legalContext>ServiceIntegrator</v1:legalContext>
         <v1:request>
         	  <v1:Domain>FINANCE</v1:Domain>
            <v1:Language>fr</v1:Language>
         </v1:request>
      </v1:getDomainRequest>
   </soapenv:Body>
</soapenv:Envelope>]]></con:request><con:credentials><con:selectedAuthProfile>Basic</con:selectedAuthProfile><con:addedBasicAuthenticationTypes>Basic</con:addedBasicAuthenticationTypes><con:authType>Global HTTP Settings</con:authType></con:credentials><con:jmsConfig JMSDeliveryMode="PERSISTENT"/><con:jmsPropertyConfig/><con:wsaConfig mustUnderstand="NONE" version="200508" action="http://fidus.brussels/services/accessmanagerservice/getDomain"/><con:wsrmConfig version="1.2"/></con:call><con:call id="001cf2dc-2ec2-4409-a5db-4ef90200d5d6" name="2 - Dev - Request - OK" outgoingWss="Outflow DEV" incomingWss="Inflow DEV"><con:settings><con:setting id="com.eviware.soapui.impl.wsdl.WsdlRequest@request-headers">&lt;xml-fragment/></con:setting></con:settings><con:encoding>UTF-8</con:encoding><con:endpoint>https://192.168.36.61:8243/services/AccessManagerService_v1.0</con:endpoint><con:request><![CDATA[<soapenv:Envelope xmlns:soapenv="http://schemas.xmlsoap.org/soap/envelope/" xmlns:v1="http://fidus.brussels/service/accessmanagerservice/messages/v1" xmlns:v11="http://fidus.brussels/type/common/messages/v1" >
   <soapenv:Header/>
   <soapenv:Body>
      <v1:getDomainRequest>
         <v1:messageContext>
         	  <v11:messageId>${=import static java.util.UUID.randomUUID; uuid = randomUUID() as String}</v11:messageId>
            <v11:timestamp>${=new java.text.SimpleDateFormat("yyyy-MM-dd'T'HH:mm:ss.SSS").format(new Date())}</v11:timestamp>
         </v1:messageContext>
         <v1:legalContext>ServiceIntegrator</v1:legalContext>
         <v1:request>
         	  <v1:Domain>FINANCE</v1:Domain>
            <v1:Language>fr</v1:Language>
         </v1:request>
      </v1:getDomainRequest>
   </soapenv:Body>
</soapenv:Envelope>]]></con:request><con:credentials><con:selectedAuthProfile>Basic</con:selectedAuthProfile><con:addedBasicAuthenticationTypes>Basic</con:addedBasicAuthenticationTypes><con:authType>Global HTTP Settings</con:authType></con:credentials><con:jmsConfig JMSDeliveryMode="PERSISTENT"/><con:jmsPropertyConfig/><con:wsaConfig mustUnderstand="NONE" version="200508" action="http://fidus.brussels/services/accessmanagerservice/getDomain"/><con:wsrmConfig version="1.2"/></con:call><con:call id="fd82976b-792d-4ca5-a0aa-3b38caa69e8e" name="5 - Prod - External - Request" incomingWss="Inflow PROD" outgoingWss="Outflow PROD"><con:settings><con:setting id="com.eviware.soapui.impl.wsdl.WsdlRequest@request-headers">&lt;xml-fragment/></con:setting></con:settings><con:encoding>UTF-8</con:encoding><con:endpoint>https://fidus.sec.brussels/services/AccessManagerService_v1.0</con:endpoint><con:request><![CDATA[<soapenv:Envelope xmlns:soapenv="http://schemas.xmlsoap.org/soap/envelope/" xmlns:v1="http://fidus.brussels/service/accessmanagerservice/messages/v1" xmlns:v11="http://fidus.brussels/type/common/messages/v1" >
   <soapenv:Header/>
   <soapenv:Body>
      <v1:getDomainRequest>
         <v1:messageContext>
         	  <v11:messageId>${=import static java.util.UUID.randomUUID; uuid = randomUUID() as String}</v11:messageId>
            <v11:timestamp>${=new java.text.SimpleDateFormat("yyyy-MM-dd'T'HH:mm:ss.SSS").format(new Date())}</v11:timestamp>
         </v1:messageContext>
         <v1:legalContext>ServiceIntegrator</v1:legalContext>
         <v1:request>
         	  <v1:Domain>FINANCE</v1:Domain>
            <v1:Language>fr</v1:Language>
         </v1:request>
      </v1:getDomainRequest>
   </soapenv:Body>
</soapenv:Envelope>]]></con:request><con:credentials><con:selectedAuthProfile>Basic</con:selectedAuthProfile><con:addedBasicAuthenticationTypes>Basic</con:addedBasicAuthenticationTypes><con:authType>Global HTTP Settings</con:authType></con:credentials><con:jmsConfig JMSDeliveryMode="PERSISTENT"/><con:jmsPropertyConfig/><con:wsaConfig mustUnderstand="NONE" version="200508" action="http://fidus.brussels/services/accessmanagerservice/getDomain"/><con:wsrmConfig version="1.2"/></con:call><con:call id="ab1a65e5-cfb5-45fd-bfe7-2973f0b1b54a" name="1 - Local - Request - Not Found" incomingWss="Inflow DEV" outgoingWss="Outflow DEV"><con:settings><con:setting id="com.eviware.soapui.impl.wsdl.WsdlRequest@request-headers">&lt;xml-fragment/></con:setting></con:settings><con:encoding>UTF-8</con:encoding><con:endpoint>https://localhost:8243/services/AccessManagerService_v1.0</con:endpoint><con:request><![CDATA[<soapenv:Envelope xmlns:soapenv="http://schemas.xmlsoap.org/soap/envelope/" xmlns:v1="http://fidus.brussels/service/accessmanagerservice/messages/v1" xmlns:v11="http://fidus.brussels/type/common/messages/v1" >
   <soapenv:Header/>
   <soapenv:Body>
      <v1:getDomainRequest>
         <v1:messageContext>
         	  <v11:messageId>${=import static java.util.UUID.randomUUID; uuid = randomUUID() as String}</v11:messageId>
            <v11:timestamp>${=new java.text.SimpleDateFormat("yyyy-MM-dd'T'HH:mm:ss.SSS").format(new Date())}</v11:timestamp>
         </v1:messageContext>
         <v1:legalContext>ServiceIntegrator</v1:legalContext>
         <v1:request>
         	  <v1:Domain>ECOLOGY</v1:Domain>
            <v1:Language>fr</v1:Language>
         </v1:request>
      </v1:getDomainRequest>
   </soapenv:Body>
</soapenv:Envelope>]]></con:request><con:credentials><con:selectedAuthProfile>Basic</con:selectedAuthProfile><con:addedBasicAuthenticationTypes>Basic</con:addedBasicAuthenticationTypes><con:authType>Global HTTP Settings</con:authType></con:credentials><con:jmsConfig JMSDeliveryMode="PERSISTENT"/><con:jmsPropertyConfig/><con:wsaConfig mustUnderstand="NONE" version="200508" action="http://fidus.brussels/services/accessmanagerservice/getDomain"/><con:wsrmConfig version="1.2"/></con:call><con:call id="21579883-94a8-40eb-92c3-c51dc907e1c5" name="2 - Dev - Request - Not Found" incomingWss="Inflow DEV" outgoingWss="Outflow DEV"><con:settings><con:setting id="com.eviware.soapui.impl.wsdl.WsdlRequest@request-headers">&lt;xml-fragment/></con:setting></con:settings><con:encoding>UTF-8</con:encoding><con:endpoint>https://192.168.36.61:8243/services/AccessManagerService_v1.0</con:endpoint><con:request><![CDATA[<soapenv:Envelope xmlns:soapenv="http://schemas.xmlsoap.org/soap/envelope/" xmlns:v1="http://fidus.brussels/service/accessmanagerservice/messages/v1" xmlns:v11="http://fidus.brussels/type/common/messages/v1" >
   <soapenv:Header/>
   <soapenv:Body>
      <v1:getDomainRequest>
         <v1:messageContext>
         	  <v11:messageId>${=import static java.util.UUID.randomUUID; uuid = randomUUID() as String}</v11:messageId>
            <v11:timestamp>${=new java.text.SimpleDateFormat("yyyy-MM-dd'T'HH:mm:ss.SSS").format(new Date())}</v11:timestamp>
         </v1:messageContext>
         <v1:legalContext>ServiceIntegrator</v1:legalContext>
         <v1:request>
         	  <v1:Domain>ECOLOGY</v1:Domain>
            <v1:Language>fr</v1:Language>
         </v1:request>
      </v1:getDomainRequest>
   </soapenv:Body>
</soapenv:Envelope>]]></con:request><con:credentials><con:selectedAuthProfile>Basic</con:selectedAuthProfile><con:addedBasicAuthenticationTypes>Basic</con:addedBasicAuthenticationTypes><con:authType>Global HTTP Settings</con:authType></con:credentials><con:jmsConfig JMSDeliveryMode="PERSISTENT"/><con:jmsPropertyConfig/><con:wsaConfig mustUnderstand="NONE" version="200508" action="http://fidus.brussels/services/accessmanagerservice/getDomain"/><con:wsrmConfig version="1.2"/></con:call><con:call id="89f2e7a2-5b2c-42f0-b173-5923c915539a" name="3 - Test - Worker1 - Request" outgoingWss="Outflow TEST" incomingWss="Inflow TEST"><con:settings><con:setting id="com.eviware.soapui.impl.wsdl.WsdlRequest@request-headers">&lt;xml-fragment/></con:setting></con:settings><con:encoding>UTF-8</con:encoding><con:endpoint>https://192.168.22.53:8443/services/AccessManagerService_v1.0</con:endpoint><con:request><![CDATA[<soapenv:Envelope xmlns:soapenv="http://schemas.xmlsoap.org/soap/envelope/" xmlns:v1="http://fidus.brussels/service/accessmanagerservice/messages/v1" xmlns:v11="http://fidus.brussels/type/common/messages/v1" >
   <soapenv:Header/>
   <soapenv:Body>
      <v1:getDomainRequest>
         <v1:messageContext>
         	  <v11:messageId>${=import static java.util.UUID.randomUUID; uuid = randomUUID() as String}</v11:messageId>
            <v11:timestamp>${=new java.text.SimpleDateFormat("yyyy-MM-dd'T'HH:mm:ss.SSS").format(new Date())}</v11:timestamp>
         </v1:messageContext>
         <v1:legalContext>ServiceIntegrator</v1:legalContext>
         <v1:request>
         	  <v1:Domain>FINANCE</v1:Domain>
            <v1:Language>fr</v1:Language>
         </v1:request>
      </v1:getDomainRequest>
   </soapenv:Body>
</soapenv:Envelope>]]></con:request><con:credentials><con:selectedAuthProfile>Basic</con:selectedAuthProfile><con:addedBasicAuthenticationTypes>Basic</con:addedBasicAuthenticationTypes><con:authType>Global HTTP Settings</con:authType></con:credentials><con:jmsConfig JMSDeliveryMode="PERSISTENT"/><con:jmsPropertyConfig/><con:wsaConfig mustUnderstand="NONE" version="200508" action="http://fidus.brussels/services/accessmanagerservice/getDomain"/><con:wsrmConfig version="1.2"/></con:call><con:call id="7bd6e7e5-47a9-430b-91c1-0a22d40e70d4" name="3 - Test - Worker2 - Request" outgoingWss="Outflow TEST" incomingWss="Inflow TEST"><con:settings><con:setting id="com.eviware.soapui.impl.wsdl.WsdlRequest@request-headers">&lt;xml-fragment/></con:setting></con:settings><con:encoding>UTF-8</con:encoding><con:endpoint>https://192.168.22.54:8443/services/AccessManagerService_v1.0</con:endpoint><con:request><![CDATA[<soapenv:Envelope xmlns:soapenv="http://schemas.xmlsoap.org/soap/envelope/" xmlns:v1="http://fidus.brussels/service/accessmanagerservice/messages/v1" xmlns:v11="http://fidus.brussels/type/common/messages/v1" >
   <soapenv:Header/>
   <soapenv:Body>
      <v1:getDomainRequest>
         <v1:messageContext>
         	  <v11:messageId>${=import static java.util.UUID.randomUUID; uuid = randomUUID() as String}</v11:messageId>
            <v11:timestamp>${=new java.text.SimpleDateFormat("yyyy-MM-dd'T'HH:mm:ss.SSS").format(new Date())}</v11:timestamp>
         </v1:messageContext>
         <v1:legalContext>ServiceIntegrator</v1:legalContext>
         <v1:request>
         	  <v1:Domain>FINANCE</v1:Domain>
            <v1:Language>fr</v1:Language>
         </v1:request>
      </v1:getDomainRequest>
   </soapenv:Body>
</soapenv:Envelope>]]></con:request><con:credentials><con:selectedAuthProfile>Basic</con:selectedAuthProfile><con:addedBasicAuthenticationTypes>Basic</con:addedBasicAuthenticationTypes><con:authType>Global HTTP Settings</con:authType></con:credentials><con:jmsConfig JMSDeliveryMode="PERSISTENT"/><con:jmsPropertyConfig/><con:wsaConfig mustUnderstand="NONE" version="200508" action="http://fidus.brussels/services/accessmanagerservice/getDomain"/><con:wsrmConfig version="1.2"/></con:call><con:call id="35eb26a3-7ca2-4f97-87cc-27f111258f46" name="4 - Staging - Worker1 - Request" incomingWss="Inflow STAGING" outgoingWss="Outflow STAGING"><con:settings><con:setting id="com.eviware.soapui.impl.wsdl.WsdlRequest@request-headers">&lt;xml-fragment/></con:setting></con:settings><con:encoding>UTF-8</con:encoding><con:endpoint>https://192.168.24.16:8443/services/AccessManagerService_v1.0</con:endpoint><con:request><![CDATA[<soapenv:Envelope xmlns:soapenv="http://schemas.xmlsoap.org/soap/envelope/" xmlns:v1="http://fidus.brussels/service/accessmanagerservice/messages/v1" xmlns:v11="http://fidus.brussels/type/common/messages/v1" >
   <soapenv:Header/>
   <soapenv:Body>
      <v1:getDomainRequest>
         <v1:messageContext>
         	  <v11:messageId>${=import static java.util.UUID.randomUUID; uuid = randomUUID() as String}</v11:messageId>
            <v11:timestamp>${=new java.text.SimpleDateFormat("yyyy-MM-dd'T'HH:mm:ss.SSS").format(new Date())}</v11:timestamp>
         </v1:messageContext>
         <v1:legalContext>ServiceIntegrator</v1:legalContext>
         <v1:request>
         	  <v1:Domain>FINANCE</v1:Domain>
            <v1:Language>fr</v1:Language>
         </v1:request>
      </v1:getDomainRequest>
   </soapenv:Body>
</soapenv:Envelope>]]></con:request><con:credentials><con:selectedAuthProfile>Basic</con:selectedAuthProfile><con:addedBasicAuthenticationTypes>Basic</con:addedBasicAuthenticationTypes><con:authType>Global HTTP Settings</con:authType></con:credentials><con:jmsConfig JMSDeliveryMode="PERSISTENT"/><con:jmsPropertyConfig/><con:wsaConfig mustUnderstand="NONE" version="200508" action="http://fidus.brussels/services/accessmanagerservice/getDomain"/><con:wsrmConfig version="1.2"/></con:call><con:call id="1c96a159-0bf2-410e-8c4c-dcb643dc02ba" name="4 - Staging - Worker2 - Request" incomingWss="Inflow STAGING" outgoingWss="Outflow STAGING"><con:settings><con:setting id="com.eviware.soapui.impl.wsdl.WsdlRequest@request-headers">&lt;xml-fragment/></con:setting></con:settings><con:encoding>UTF-8</con:encoding><con:endpoint>https://192.168.24.17:8443/services/AccessManagerService_v1.0</con:endpoint><con:request><![CDATA[<soapenv:Envelope xmlns:soapenv="http://schemas.xmlsoap.org/soap/envelope/" xmlns:v1="http://fidus.brussels/service/accessmanagerservice/messages/v1" xmlns:v11="http://fidus.brussels/type/common/messages/v1" >
   <soapenv:Header/>
   <soapenv:Body>
      <v1:getDomainRequest>
         <v1:messageContext>
         	  <v11:messageId>${=import static java.util.UUID.randomUUID; uuid = randomUUID() as String}</v11:messageId>
            <v11:timestamp>${=new java.text.SimpleDateFormat("yyyy-MM-dd'T'HH:mm:ss.SSS").format(new Date())}</v11:timestamp>
         </v1:messageContext>
         <v1:legalContext>ServiceIntegrator</v1:legalContext>
         <v1:request>
         	  <v1:Domain>FINANCE</v1:Domain>
            <v1:Language>fr</v1:Language>
         </v1:request>
      </v1:getDomainRequest>
   </soapenv:Body>
</soapenv:Envelope>]]></con:request><con:credentials><con:selectedAuthProfile>Basic</con:selectedAuthProfile><con:addedBasicAuthenticationTypes>Basic</con:addedBasicAuthenticationTypes><con:authType>Global HTTP Settings</con:authType></con:credentials><con:jmsConfig JMSDeliveryMode="PERSISTENT"/><con:jmsPropertyConfig/><con:wsaConfig mustUnderstand="NONE" version="200508" action="http://fidus.brussels/services/accessmanagerservice/getDomain"/><con:wsrmConfig version="1.2"/></con:call><con:call id="37e20322-b450-4958-bbaa-24de1819f51f" name="5 - Prod - LB - Request" incomingWss="Inflow PROD" outgoingWss="Outflow PROD"><con:settings><con:setting id="com.eviware.soapui.impl.wsdl.WsdlRequest@request-headers">&lt;xml-fragment/></con:setting></con:settings><con:encoding>UTF-8</con:encoding><con:endpoint>https://fidus-esb-sg.prd.srv.cirb.lan:8443/services/AccessManagerService_v1.0</con:endpoint><con:request><![CDATA[<soapenv:Envelope xmlns:soapenv="http://schemas.xmlsoap.org/soap/envelope/" xmlns:v1="http://fidus.brussels/service/accessmanagerservice/messages/v1" xmlns:v11="http://fidus.brussels/type/common/messages/v1" >
   <soapenv:Header/>
   <soapenv:Body>
      <v1:getDomainRequest>
         <v1:messageContext>
         	  <v11:messageId>${=import static java.util.UUID.randomUUID; uuid = randomUUID() as String}</v11:messageId>
            <v11:timestamp>${=new java.text.SimpleDateFormat("yyyy-MM-dd'T'HH:mm:ss.SSS").format(new Date())}</v11:timestamp>
         </v1:messageContext>
         <v1:legalContext>ServiceIntegrator</v1:legalContext>
         <v1:request>
         	  <v1:Domain>FINANCE</v1:Domain>
            <v1:Language>fr</v1:Language>
         </v1:request>
      </v1:getDomainRequest>
   </soapenv:Body>
</soapenv:Envelope>]]></con:request><con:credentials><con:selectedAuthProfile>Basic</con:selectedAuthProfile><con:addedBasicAuthenticationTypes>Basic</con:addedBasicAuthenticationTypes><con:authType>Global HTTP Settings</con:authType></con:credentials><con:jmsConfig JMSDeliveryMode="PERSISTENT"/><con:jmsPropertyConfig/><con:wsaConfig mustUnderstand="NONE" version="200508" action="http://fidus.brussels/services/accessmanagerservice/getDomain"/><con:wsrmConfig version="1.2"/></con:call><con:call id="35c05f2f-71c9-42ab-9302-0293ddf7dcc1" name="5 - Prod - Worker1 - Request" incomingWss="Inflow PROD" outgoingWss="Outflow PROD"><con:settings><con:setting id="com.eviware.soapui.impl.wsdl.WsdlRequest@request-headers">&lt;xml-fragment/></con:setting></con:settings><con:encoding>UTF-8</con:encoding><con:endpoint>https://192.168.26.22:8443/services/AccessManagerService_v1.0</con:endpoint><con:request><![CDATA[<soapenv:Envelope xmlns:soapenv="http://schemas.xmlsoap.org/soap/envelope/" xmlns:v1="http://fidus.brussels/service/accessmanagerservice/messages/v1" xmlns:v11="http://fidus.brussels/type/common/messages/v1" >
   <soapenv:Header/>
   <soapenv:Body>
      <v1:getDomainRequest>
         <v1:messageContext>
         	  <v11:messageId>${=import static java.util.UUID.randomUUID; uuid = randomUUID() as String}</v11:messageId>
            <v11:timestamp>${=new java.text.SimpleDateFormat("yyyy-MM-dd'T'HH:mm:ss.SSS").format(new Date())}</v11:timestamp>
         </v1:messageContext>
         <v1:legalContext>ServiceIntegrator</v1:legalContext>
         <v1:request>
         	  <v1:Domain>FINANCE</v1:Domain>
            <v1:Language>fr</v1:Language>
         </v1:request>
      </v1:getDomainRequest>
   </soapenv:Body>
</soapenv:Envelope>]]></con:request><con:credentials><con:selectedAuthProfile>Basic</con:selectedAuthProfile><con:addedBasicAuthenticationTypes>Basic</con:addedBasicAuthenticationTypes><con:authType>Global HTTP Settings</con:authType></con:credentials><con:jmsConfig JMSDeliveryMode="PERSISTENT"/><con:jmsPropertyConfig/><con:wsaConfig mustUnderstand="NONE" version="200508" action="http://fidus.brussels/services/accessmanagerservice/getDomain"/><con:wsrmConfig version="1.2"/></con:call><con:call id="49868844-6257-4d3e-bf80-b9ebd1d42fd8" name="5 - Prod - Worker2 - Request" incomingWss="Inflow PROD" outgoingWss="Outflow PROD"><con:settings><con:setting id="com.eviware.soapui.impl.wsdl.WsdlRequest@request-headers">&lt;xml-fragment/></con:setting></con:settings><con:encoding>UTF-8</con:encoding><con:endpoint>https://192.168.26.19:8443/services/AccessManagerService_v1.0</con:endpoint><con:request><![CDATA[<soapenv:Envelope xmlns:soapenv="http://schemas.xmlsoap.org/soap/envelope/" xmlns:v1="http://fidus.brussels/service/accessmanagerservice/messages/v1" xmlns:v11="http://fidus.brussels/type/common/messages/v1" >
   <soapenv:Header/>
   <soapenv:Body>
      <v1:getDomainRequest>
         <v1:messageContext>
         	  <v11:messageId>${=import static java.util.UUID.randomUUID; uuid = randomUUID() as String}</v11:messageId>
            <v11:timestamp>${=new java.text.SimpleDateFormat("yyyy-MM-dd'T'HH:mm:ss.SSS").format(new Date())}</v11:timestamp>
         </v1:messageContext>
         <v1:legalContext>ServiceIntegrator</v1:legalContext>
         <v1:request>
         	  <v1:Domain>FINANCE</v1:Domain>
            <v1:Language>fr</v1:Language>
         </v1:request>
      </v1:getDomainRequest>
   </soapenv:Body>
</soapenv:Envelope>]]></con:request><con:credentials><con:selectedAuthProfile>Basic</con:selectedAuthProfile><con:addedBasicAuthenticationTypes>Basic</con:addedBasicAuthenticationTypes><con:authType>Global HTTP Settings</con:authType></con:credentials><con:jmsConfig JMSDeliveryMode="PERSISTENT"/><con:jmsPropertyConfig/><con:wsaConfig mustUnderstand="NONE" version="200508" action="http://fidus.brussels/services/accessmanagerservice/getDomain"/><con:wsrmConfig version="1.2"/></con:call><con:call id="dd1e2fd3-1cae-4404-89e1-d602663a7f5f" name="3 - Test - Worker1New - Request" outgoingWss="Outflow TEST" incomingWss="Inflow TEST"><con:settings><con:setting id="com.eviware.soapui.impl.wsdl.WsdlRequest@request-headers">&lt;xml-fragment/></con:setting></con:settings><con:encoding>UTF-8</con:encoding><con:endpoint>https://192.168.22.73:8443/services/AccessManagerService_v1.0</con:endpoint><con:request><![CDATA[<soapenv:Envelope xmlns:soapenv="http://schemas.xmlsoap.org/soap/envelope/" xmlns:v1="http://fidus.brussels/service/accessmanagerservice/messages/v1" xmlns:v11="http://fidus.brussels/type/common/messages/v1" >
   <soapenv:Header/>
   <soapenv:Body>
      <v1:getDomainRequest>
         <v1:messageContext>
         	  <v11:messageId>${=import static java.util.UUID.randomUUID; uuid = randomUUID() as String}</v11:messageId>
            <v11:timestamp>${=new java.text.SimpleDateFormat("yyyy-MM-dd'T'HH:mm:ss.SSS").format(new Date())}</v11:timestamp>
         </v1:messageContext>
         <v1:legalContext>ServiceIntegrator</v1:legalContext>
         <v1:request>
         	  <v1:Domain>FINANCE</v1:Domain>
            <v1:Language>fr</v1:Language>
         </v1:request>
      </v1:getDomainRequest>
   </soapenv:Body>
</soapenv:Envelope>]]></con:request><con:credentials><con:selectedAuthProfile>Basic</con:selectedAuthProfile><con:addedBasicAuthenticationTypes>Basic</con:addedBasicAuthenticationTypes><con:authType>Global HTTP Settings</con:authType></con:credentials><con:jmsConfig JMSDeliveryMode="PERSISTENT"/><con:jmsPropertyConfig/><con:wsaConfig mustUnderstand="NONE" version="200508" action="http://fidus.brussels/services/accessmanagerservice/getDomain"/><con:wsrmConfig version="1.2"/></con:call><con:call id="27ff139d-6434-4b12-b564-63186b0f77d2" name="3 - Test - Worker2New - Request" outgoingWss="Outflow TEST" incomingWss="Inflow TEST"><con:settings><con:setting id="com.eviware.soapui.impl.wsdl.WsdlRequest@request-headers">&lt;xml-fragment/></con:setting></con:settings><con:encoding>UTF-8</con:encoding><con:endpoint>https://192.168.22.93:8443/services/AccessManagerService_v1.0</con:endpoint><con:request><![CDATA[<soapenv:Envelope xmlns:soapenv="http://schemas.xmlsoap.org/soap/envelope/" xmlns:v1="http://fidus.brussels/service/accessmanagerservice/messages/v1" xmlns:v11="http://fidus.brussels/type/common/messages/v1" >
   <soapenv:Header/>
   <soapenv:Body>
      <v1:getDomainRequest>
         <v1:messageContext>
         	  <v11:messageId>${=import static java.util.UUID.randomUUID; uuid = randomUUID() as String}</v11:messageId>
            <v11:timestamp>${=new java.text.SimpleDateFormat("yyyy-MM-dd'T'HH:mm:ss.SSS").format(new Date())}</v11:timestamp>
         </v1:messageContext>
         <v1:legalContext>ServiceIntegrator</v1:legalContext>
         <v1:request>
         	  <v1:Domain>FINANCE</v1:Domain>
            <v1:Language>fr</v1:Language>
         </v1:request>
      </v1:getDomainRequest>
   </soapenv:Body>
</soapenv:Envelope>]]></con:request><con:credentials><con:selectedAuthProfile>Basic</con:selectedAuthProfile><con:addedBasicAuthenticationTypes>Basic</con:addedBasicAuthenticationTypes><con:authType>Global HTTP Settings</con:authType></con:credentials><con:jmsConfig JMSDeliveryMode="PERSISTENT"/><con:jmsPropertyConfig/><con:wsaConfig mustUnderstand="NONE" version="200508" action="http://fidus.brussels/services/accessmanagerservice/getDomain"/><con:wsrmConfig version="1.2"/></con:call><con:call id="96c33d01-7af2-4c8c-970d-89a586937ceb" name="4 - Staging - Worker1New - Request" outgoingWss="Outflow STAGING" incomingWss="Inflow STAGING"><con:settings><con:setting id="com.eviware.soapui.impl.wsdl.WsdlRequest@request-headers">&lt;xml-fragment/></con:setting></con:settings><con:encoding>UTF-8</con:encoding><con:endpoint>https://192.168.23.191:8443/services/AccessManagerService_v1.0</con:endpoint><con:request><![CDATA[<soapenv:Envelope xmlns:soapenv="http://schemas.xmlsoap.org/soap/envelope/" xmlns:v1="http://fidus.brussels/service/accessmanagerservice/messages/v1" xmlns:v11="http://fidus.brussels/type/common/messages/v1" >
   <soapenv:Header/>
   <soapenv:Body>
      <v1:getDomainRequest>
         <v1:messageContext>
         	  <v11:messageId>${=import static java.util.UUID.randomUUID; uuid = randomUUID() as String}</v11:messageId>
            <v11:timestamp>${=new java.text.SimpleDateFormat("yyyy-MM-dd'T'HH:mm:ss.SSS").format(new Date())}</v11:timestamp>
         </v1:messageContext>
         <v1:legalContext>ServiceIntegrator</v1:legalContext>
         <v1:request>
         	  <v1:Domain>FINANCE</v1:Domain>
            <v1:Language>fr</v1:Language>
         </v1:request>
      </v1:getDomainRequest>
   </soapenv:Body>
</soapenv:Envelope>]]></con:request><con:credentials><con:selectedAuthProfile>Basic</con:selectedAuthProfile><con:addedBasicAuthenticationTypes>Basic</con:addedBasicAuthenticationTypes><con:authType>Global HTTP Settings</con:authType></con:credentials><con:jmsConfig JMSDeliveryMode="PERSISTENT"/><con:jmsPropertyConfig/><con:wsaConfig mustUnderstand="NONE" version="200508" action="http://fidus.brussels/services/accessmanagerservice/getDomain"/><con:wsrmConfig version="1.2"/></con:call><con:call id="dc07157e-fa20-4e10-a4f0-f6553ce4110c" name="4 - Staging - Worker2New - Request" outgoingWss="Outflow STAGING" incomingWss="Inflow STAGING"><con:settings><con:setting id="com.eviware.soapui.impl.wsdl.WsdlRequest@request-headers">&lt;xml-fragment/></con:setting></con:settings><con:encoding>UTF-8</con:encoding><con:endpoint>https://192.168.23.198:8443/services/AccessManagerService_v1.0</con:endpoint><con:request><![CDATA[<soapenv:Envelope xmlns:soapenv="http://schemas.xmlsoap.org/soap/envelope/" xmlns:v1="http://fidus.brussels/service/accessmanagerservice/messages/v1" xmlns:v11="http://fidus.brussels/type/common/messages/v1" >
   <soapenv:Header/>
   <soapenv:Body>
      <v1:getDomainRequest>
         <v1:messageContext>
         	  <v11:messageId>${=import static java.util.UUID.randomUUID; uuid = randomUUID() as String}</v11:messageId>
            <v11:timestamp>${=new java.text.SimpleDateFormat("yyyy-MM-dd'T'HH:mm:ss.SSS").format(new Date())}</v11:timestamp>
         </v1:messageContext>
         <v1:legalContext>ServiceIntegrator</v1:legalContext>
         <v1:request>
         	  <v1:Domain>FINANCE</v1:Domain>
            <v1:Language>fr</v1:Language>
         </v1:request>
      </v1:getDomainRequest>
   </soapenv:Body>
</soapenv:Envelope>]]></con:request><con:credentials><con:selectedAuthProfile>Basic</con:selectedAuthProfile><con:addedBasicAuthenticationTypes>Basic</con:addedBasicAuthenticationTypes><con:authType>Global HTTP Settings</con:authType></con:credentials><con:jmsConfig JMSDeliveryMode="PERSISTENT"/><con:jmsPropertyConfig/><con:wsaConfig mustUnderstand="NONE" version="200508" action="http://fidus.brussels/services/accessmanagerservice/getDomain"/><con:wsrmConfig version="1.2"/></con:call><con:call id="d86207fa-e18f-4b07-a666-278e1e77258e" name="3 - Test - External - Request" outgoingWss="Outflow TEST" incomingWss="Inflow TEST"><con:settings><con:setting id="com.eviware.soapui.impl.wsdl.WsdlRequest@request-headers">&lt;xml-fragment/></con:setting></con:settings><con:encoding>UTF-8</con:encoding><con:endpoint>https://esb-security-gw.sta.srv.cirb.lan:8443/services/AccessManagerService_v1.0</con:endpoint><con:request><![CDATA[<soapenv:Envelope xmlns:soapenv="http://schemas.xmlsoap.org/soap/envelope/" xmlns:v1="http://fidus.brussels/service/accessmanagerservice/messages/v1" xmlns:v11="http://fidus.brussels/type/common/messages/v1" >
   <soapenv:Header/>
   <soapenv:Body>
      <v1:getDomainRequest>
         <v1:messageContext>
         	  <v11:messageId>${=import static java.util.UUID.randomUUID; uuid = randomUUID() as String}</v11:messageId>
            <v11:timestamp>${=new java.text.SimpleDateFormat("yyyy-MM-dd'T'HH:mm:ss.SSS").format(new Date())}</v11:timestamp>
         </v1:messageContext>
         <v1:legalContext>ServiceIntegrator</v1:legalContext>
         <v1:request>
         	  <v1:Domain>FINANCE</v1:Domain>
            <v1:Language>fr</v1:Language>
         </v1:request>
      </v1:getDomainRequest>
   </soapenv:Body>
</soapenv:Envelope>]]></con:request><con:credentials><con:selectedAuthProfile>Basic</con:selectedAuthProfile><con:addedBasicAuthenticationTypes>Basic</con:addedBasicAuthenticationTypes><con:authType>Global HTTP Settings</con:authType></con:credentials><con:jmsConfig JMSDeliveryMode="PERSISTENT"/><con:jmsPropertyConfig/><con:wsaConfig mustUnderstand="NONE" version="200508" action="http://fidus.brussels/services/accessmanagerservice/getDomain"/><con:wsrmConfig version="1.2"/></con:call><con:call id="336e792a-f4ea-45f0-a5db-89f7370a20d5" name="4 - Staging - External - Request" outgoingWss="Outflow STAGING" incomingWss="Inflow STAGING"><con:settings><con:setting id="com.eviware.soapui.impl.wsdl.WsdlRequest@request-headers">&lt;xml-fragment/></con:setting></con:settings><con:encoding>UTF-8</con:encoding><con:endpoint>https://fidus-esb-sg.sta.srv.cirb.lan:8443/services/AccessManagerService_v1.0</con:endpoint><con:request><![CDATA[<soapenv:Envelope xmlns:soapenv="http://schemas.xmlsoap.org/soap/envelope/" xmlns:v1="http://fidus.brussels/service/accessmanagerservice/messages/v1" xmlns:v11="http://fidus.brussels/type/common/messages/v1" >
   <soapenv:Header/>
   <soapenv:Body>
      <v1:getDomainRequest>
         <v1:messageContext>
         	  <v11:messageId>${=import static java.util.UUID.randomUUID; uuid = randomUUID() as String}</v11:messageId>
            <v11:timestamp>${=new java.text.SimpleDateFormat("yyyy-MM-dd'T'HH:mm:ss.SSS").format(new Date())}</v11:timestamp>
         </v1:messageContext>
         <v1:legalContext>ServiceIntegrator</v1:legalContext>
         <v1:request>
         	  <v1:Domain>FINANCE</v1:Domain>
            <v1:Language>fr</v1:Language>
         </v1:request>
      </v1:getDomainRequest>
   </soapenv:Body>
</soapenv:Envelope>]]></con:request><con:credentials><con:selectedAuthProfile>Basic</con:selectedAuthProfile><con:addedBasicAuthenticationTypes>Basic</con:addedBasicAuthenticationTypes><con:authType>Global HTTP Settings</con:authType></con:credentials><con:jmsConfig JMSDeliveryMode="PERSISTENT"/><con:jmsPropertyConfig/><con:wsaConfig mustUnderstand="NONE" version="200508" action="http://fidus.brussels/services/accessmanagerservice/getDomain"/><con:wsrmConfig version="1.2"/></con:call></con:operation><con:operation id="1838c1b4-29f9-47e7-a3a8-d16338611a30" isOneWay="false" action="http://fidus.brussels/services/accessmanagerservice/getEntityRepresentatives" name="getEntityRepresentatives" bindingOperationName="getEntityRepresentatives" type="Request-Response" inputName="" receivesAttachments="false" sendsAttachments="false" anonymous="optional"><con:settings/><con:call id="0c71561a-5d0d-42a9-a8df-b42356423404" name="1 - Local - Request - OK" incomingWss="Inflow DEV" outgoingWss="Outflow DEV"><con:settings><con:setting id="com.eviware.soapui.impl.wsdl.WsdlRequest@request-headers">&lt;xml-fragment/></con:setting></con:settings><con:encoding>UTF-8</con:encoding><con:endpoint>https://localhost:8243/services/AccessManagerService_v1.0</con:endpoint><con:request><![CDATA[<soapenv:Envelope xmlns:soapenv="http://schemas.xmlsoap.org/soap/envelope/" xmlns:v1="http://fidus.brussels/service/accessmanagerservice/messages/v1" xmlns:v11="http://fidus.brussels/type/common/messages/v1" xmlns:v31="http://socialsecurity.be/umanentityrepresentative/types/v3" >
   <soapenv:Header/>
   <soapenv:Body>
      <v1:getEntityRepresentativesRequest>
         <v1:messageContext>
         	  <v11:messageId>${=import static java.util.UUID.randomUUID; uuid = randomUUID() as String}</v11:messageId>
            <v11:timestamp>${=new java.text.SimpleDateFormat("yyyy-MM-dd'T'HH:mm:ss.SSS").format(new Date())}</v11:timestamp>
         </v1:messageContext>
         <v1:legalContext>ServiceIntegrator</v1:legalContext>
         <v1:request>
            <v1:Domain>QUAL_FED_HEALTHCARE</v1:Domain>
            <v1:OrganisationId>
               <v31:Identifier>1990000431</v31:Identifier>
               <v31:IdentifierType>BEEHP</v31:IdentifierType>
            </v1:OrganisationId>
            <v1:Language>nl</v1:Language>
         </v1:request>
      </v1:getEntityRepresentativesRequest>
   </soapenv:Body>
</soapenv:Envelope>]]></con:request><con:credentials><con:selectedAuthProfile>Basic</con:selectedAuthProfile><con:addedBasicAuthenticationTypes>Basic</con:addedBasicAuthenticationTypes><con:authType>Global HTTP Settings</con:authType></con:credentials><con:jmsConfig JMSDeliveryMode="PERSISTENT"/><con:jmsPropertyConfig/><con:wsaConfig mustUnderstand="NONE" version="200508" action="http://fidus.brussels/services/accessmanagerservice/getEntityRepresentatives"/><con:wsrmConfig version="1.2"/></con:call><con:call id="5f54e628-153c-477b-a043-ad6559eb7a37" name="2 - Dev - Request - OK" outgoingWss="Outflow DEV" incomingWss="Inflow DEV"><con:settings><con:setting id="com.eviware.soapui.impl.wsdl.WsdlRequest@request-headers">&lt;xml-fragment/></con:setting></con:settings><con:encoding>UTF-8</con:encoding><con:endpoint>https://192.168.36.61:8243/services/AccessManagerService_v1.0</con:endpoint><con:request><![CDATA[<soapenv:Envelope xmlns:soapenv="http://schemas.xmlsoap.org/soap/envelope/" xmlns:v1="http://fidus.brussels/service/accessmanagerservice/messages/v1" xmlns:v11="http://fidus.brussels/type/common/messages/v1" xmlns:v31="http://socialsecurity.be/umanentityrepresentative/types/v3" >
   <soapenv:Header/>
   <soapenv:Body>
      <v1:getEntityRepresentativesRequest>
         <v1:messageContext>
         	  <v11:messageId>${=import static java.util.UUID.randomUUID; uuid = randomUUID() as String}</v11:messageId>
            <v11:timestamp>${=new java.text.SimpleDateFormat("yyyy-MM-dd'T'HH:mm:ss.SSS").format(new Date())}</v11:timestamp>
         </v1:messageContext>
         <v1:legalContext>ServiceIntegrator</v1:legalContext>
         <v1:request>
            <v1:Domain>QUAL_FED_HEALTHCARE</v1:Domain>
            <v1:OrganisationId>
               <v31:Identifier>1990000431</v31:Identifier>
               <v31:IdentifierType>BEEHP</v31:IdentifierType>
            </v1:OrganisationId>
            <v1:Language>nl</v1:Language>
         </v1:request>
      </v1:getEntityRepresentativesRequest>
   </soapenv:Body>
</soapenv:Envelope>]]></con:request><con:credentials><con:selectedAuthProfile>Basic</con:selectedAuthProfile><con:addedBasicAuthenticationTypes>Basic</con:addedBasicAuthenticationTypes><con:authType>Global HTTP Settings</con:authType></con:credentials><con:jmsConfig JMSDeliveryMode="PERSISTENT"/><con:jmsPropertyConfig/><con:wsaConfig mustUnderstand="NONE" version="200508" action="http://fidus.brussels/services/accessmanagerservice/getEntityRepresentatives"/><con:wsrmConfig version="1.2"/></con:call><con:call id="a29c6ba5-101e-4b4f-b3c0-17ca7de235fb" name="3 - Test - LB - Request" outgoingWss="Outflow TEST" incomingWss="Inflow TEST"><con:settings><con:setting id="com.eviware.soapui.impl.wsdl.WsdlRequest@request-headers">&lt;xml-fragment/></con:setting></con:settings><con:encoding>UTF-8</con:encoding><con:endpoint>https://esb-security-gw.sta.srv.cirb.lan:8443/services/AccessManagerService_v1.0</con:endpoint><con:request><![CDATA[<soapenv:Envelope xmlns:soapenv="http://schemas.xmlsoap.org/soap/envelope/" xmlns:v1="http://fidus.brussels/service/accessmanagerservice/messages/v1" xmlns:v11="http://fidus.brussels/type/common/messages/v1" xmlns:v31="http://socialsecurity.be/umanentityrepresentative/types/v3" >
   <soapenv:Header/>
   <soapenv:Body>
      <v1:getEntityRepresentativesRequest>
         <v1:messageContext>
         	  <v11:messageId>${=import static java.util.UUID.randomUUID; uuid = randomUUID() as String}</v11:messageId>
            <v11:timestamp>${=new java.text.SimpleDateFormat("yyyy-MM-dd'T'HH:mm:ss.SSS").format(new Date())}</v11:timestamp>
         </v1:messageContext>
         <v1:legalContext>ServiceIntegrator</v1:legalContext>
         <v1:request>
            <v1:Domain>QUAL_FED_HEALTHCARE</v1:Domain>
            <v1:OrganisationId>
               <v31:Identifier>1990000431</v31:Identifier>
               <v31:IdentifierType>BEEHP</v31:IdentifierType>
            </v1:OrganisationId>
            <v1:Language>nl</v1:Language>
         </v1:request>
      </v1:getEntityRepresentativesRequest>
   </soapenv:Body>
</soapenv:Envelope>]]></con:request><con:credentials><con:selectedAuthProfile>Basic</con:selectedAuthProfile><con:addedBasicAuthenticationTypes>Basic</con:addedBasicAuthenticationTypes><con:authType>Global HTTP Settings</con:authType></con:credentials><con:jmsConfig JMSDeliveryMode="PERSISTENT"/><con:jmsPropertyConfig/><con:wsaConfig mustUnderstand="NONE" version="200508" action="http://fidus.brussels/services/accessmanagerservice/getEntityRepresentatives"/><con:wsrmConfig version="1.2"/></con:call><con:call id="cb750499-4046-4ae9-99f6-235cf31a1200" name="4 - Staging - LB - Request" incomingWss="Inflow STAGING" outgoingWss="Outflow STAGING"><con:settings><con:setting id="com.eviware.soapui.impl.wsdl.WsdlRequest@request-headers">&lt;xml-fragment/></con:setting></con:settings><con:encoding>UTF-8</con:encoding><con:endpoint>https://fidus-esb-sg.sta.srv.cirb.lan:8443/services/AccessManagerService_v1.0</con:endpoint><con:request><![CDATA[<soapenv:Envelope xmlns:soapenv="http://schemas.xmlsoap.org/soap/envelope/" xmlns:v1="http://fidus.brussels/service/accessmanagerservice/messages/v1" xmlns:v11="http://fidus.brussels/type/common/messages/v1" xmlns:v31="http://socialsecurity.be/umanentityrepresentative/types/v3" >
   <soapenv:Header/>
   <soapenv:Body>
      <v1:getEntityRepresentativesRequest>
         <v1:messageContext>
         	  <v11:messageId>${=import static java.util.UUID.randomUUID; uuid = randomUUID() as String}</v11:messageId>
            <v11:timestamp>${=new java.text.SimpleDateFormat("yyyy-MM-dd'T'HH:mm:ss.SSS").format(new Date())}</v11:timestamp>
         </v1:messageContext>
         <v1:legalContext>ServiceIntegrator</v1:legalContext>
         <v1:request>
            <v1:Domain>QUAL_FED_HEALTHCARE</v1:Domain>
            <v1:OrganisationId>
               <v31:Identifier>1990000431</v31:Identifier>
               <v31:IdentifierType>BEEHP</v31:IdentifierType>
            </v1:OrganisationId>
            <v1:Language>nl</v1:Language>
         </v1:request>
      </v1:getEntityRepresentativesRequest>
   </soapenv:Body>
</soapenv:Envelope>]]></con:request><con:credentials><con:selectedAuthProfile>Basic</con:selectedAuthProfile><con:addedBasicAuthenticationTypes>Basic</con:addedBasicAuthenticationTypes><con:authType>Global HTTP Settings</con:authType></con:credentials><con:jmsConfig JMSDeliveryMode="PERSISTENT"/><con:jmsPropertyConfig/><con:wsaConfig mustUnderstand="NONE" version="200508" action="http://fidus.brussels/services/accessmanagerservice/getEntityRepresentatives"/><con:wsrmConfig version="1.2"/></con:call><con:call id="368de139-1ac5-4207-a633-816004980465" name="5 - Prod - External - Request" incomingWss="Inflow PROD" outgoingWss="Outflow PROD"><con:settings><con:setting id="com.eviware.soapui.impl.wsdl.WsdlRequest@request-headers">&lt;xml-fragment/></con:setting></con:settings><con:encoding>UTF-8</con:encoding><con:endpoint>https://fidus.sec.brussels/services/AccessManagerService_v1.0</con:endpoint><con:request><![CDATA[<soapenv:Envelope xmlns:soapenv="http://schemas.xmlsoap.org/soap/envelope/" xmlns:v1="http://fidus.brussels/service/accessmanagerservice/messages/v1" xmlns:v11="http://fidus.brussels/type/common/messages/v1" xmlns:v31="http://socialsecurity.be/umanentityrepresentative/types/v3" >
   <soapenv:Header/>
   <soapenv:Body>
      <v1:getEntityRepresentativesRequest>
         <v1:messageContext>
         	  <v11:messageId>${=import static java.util.UUID.randomUUID; uuid = randomUUID() as String}</v11:messageId>
            <v11:timestamp>${=new java.text.SimpleDateFormat("yyyy-MM-dd'T'HH:mm:ss.SSS").format(new Date())}</v11:timestamp>
         </v1:messageContext>
         <v1:legalContext>ServiceIntegrator</v1:legalContext>
         <v1:request>
            <v1:Domain>QUAL_FED_HEALTHCARE</v1:Domain>
            <v1:OrganisationId>
               <v31:Identifier>1990000431</v31:Identifier>
               <v31:IdentifierType>BEEHP</v31:IdentifierType>
            </v1:OrganisationId>
            <v1:Language>nl</v1:Language>
         </v1:request>
      </v1:getEntityRepresentativesRequest>
   </soapenv:Body>
</soapenv:Envelope>]]></con:request><con:credentials><con:selectedAuthProfile>Basic</con:selectedAuthProfile><con:addedBasicAuthenticationTypes>Basic</con:addedBasicAuthenticationTypes><con:authType>Global HTTP Settings</con:authType></con:credentials><con:jmsConfig JMSDeliveryMode="PERSISTENT"/><con:jmsPropertyConfig/><con:wsaConfig mustUnderstand="NONE" version="200508" action="http://fidus.brussels/services/accessmanagerservice/getEntityRepresentatives"/><con:wsrmConfig version="1.2"/></con:call><con:call id="c03df354-b09c-4c50-9791-bb459072cdb7" name="1 - Local - Request - Not Found" incomingWss="Inflow DEV" outgoingWss="Outflow DEV"><con:settings><con:setting id="com.eviware.soapui.impl.wsdl.WsdlRequest@request-headers">&lt;xml-fragment/></con:setting></con:settings><con:encoding>UTF-8</con:encoding><con:endpoint>https://localhost:8243/services/AccessManagerService_v1.0</con:endpoint><con:request><![CDATA[<soapenv:Envelope xmlns:soapenv="http://schemas.xmlsoap.org/soap/envelope/" xmlns:v1="http://fidus.brussels/service/accessmanagerservice/messages/v1" xmlns:v11="http://fidus.brussels/type/common/messages/v1" xmlns:v31="http://socialsecurity.be/umanentityrepresentative/types/v3" >
   <soapenv:Header/>
   <soapenv:Body>
      <v1:getEntityRepresentativesRequest>
         <v1:messageContext>
         	  <v11:messageId>${=import static java.util.UUID.randomUUID; uuid = randomUUID() as String}</v11:messageId>
            <v11:timestamp>${=new java.text.SimpleDateFormat("yyyy-MM-dd'T'HH:mm:ss.SSS").format(new Date())}</v11:timestamp>
         </v1:messageContext>
         <v1:legalContext>ServiceIntegrator</v1:legalContext>
         <v1:request>
            <v1:Domain>INDUSTRY</v1:Domain>
            <v1:OrganisationId>
               <v31:Identifier>1990000431</v31:Identifier>
               <v31:IdentifierType>BEEHP</v31:IdentifierType>
            </v1:OrganisationId>
            <v1:Language>nl</v1:Language>
         </v1:request>
      </v1:getEntityRepresentativesRequest>
   </soapenv:Body>
</soapenv:Envelope>]]></con:request><con:credentials><con:selectedAuthProfile>Basic</con:selectedAuthProfile><con:addedBasicAuthenticationTypes>Basic</con:addedBasicAuthenticationTypes><con:authType>Global HTTP Settings</con:authType></con:credentials><con:jmsConfig JMSDeliveryMode="PERSISTENT"/><con:jmsPropertyConfig/><con:wsaConfig mustUnderstand="NONE" version="200508" action="http://fidus.brussels/services/accessmanagerservice/getEntityRepresentatives"/><con:wsrmConfig version="1.2"/></con:call><con:call id="bd5e57ea-464d-45c6-a228-81df70014c4c" name="2 - Dev - Request - Not Found" incomingWss="Inflow DEV" outgoingWss="Outflow DEV"><con:settings><con:setting id="com.eviware.soapui.impl.wsdl.WsdlRequest@request-headers">&lt;xml-fragment/></con:setting></con:settings><con:encoding>UTF-8</con:encoding><con:endpoint>https://192.168.36.61:8243/services/AccessManagerService_v1.0</con:endpoint><con:request><![CDATA[<soapenv:Envelope xmlns:soapenv="http://schemas.xmlsoap.org/soap/envelope/" xmlns:v1="http://fidus.brussels/service/accessmanagerservice/messages/v1" xmlns:v11="http://fidus.brussels/type/common/messages/v1" xmlns:v31="http://socialsecurity.be/umanentityrepresentative/types/v3" >
   <soapenv:Header/>
   <soapenv:Body>
      <v1:getEntityRepresentativesRequest>
         <v1:messageContext>
         	  <v11:messageId>${=import static java.util.UUID.randomUUID; uuid = randomUUID() as String}</v11:messageId>
            <v11:timestamp>${=new java.text.SimpleDateFormat("yyyy-MM-dd'T'HH:mm:ss.SSS").format(new Date())}</v11:timestamp>
         </v1:messageContext>
         <v1:legalContext>ServiceIntegrator</v1:legalContext>
         <v1:request>
            <v1:Domain>INDUSTRY</v1:Domain>
            <v1:OrganisationId>
               <v31:Identifier>1990000431</v31:Identifier>
               <v31:IdentifierType>BEEHP</v31:IdentifierType>
            </v1:OrganisationId>
            <v1:Language>nl</v1:Language>
         </v1:request>
      </v1:getEntityRepresentativesRequest>
   </soapenv:Body>
</soapenv:Envelope>]]></con:request><con:credentials><con:selectedAuthProfile>Basic</con:selectedAuthProfile><con:addedBasicAuthenticationTypes>Basic</con:addedBasicAuthenticationTypes><con:authType>Global HTTP Settings</con:authType></con:credentials><con:jmsConfig JMSDeliveryMode="PERSISTENT"/><con:jmsPropertyConfig/><con:wsaConfig mustUnderstand="NONE" version="200508" action="http://fidus.brussels/services/accessmanagerservice/getEntityRepresentatives"/><con:wsrmConfig version="1.2"/></con:call><con:call id="bba2ba5f-8faa-4bd0-a183-e0108423f862" name="3 - Test - Worker1 - Request" incomingWss="Inflow TEST" outgoingWss="Outflow TEST"><con:settings><con:setting id="com.eviware.soapui.impl.wsdl.WsdlRequest@request-headers">&lt;xml-fragment/></con:setting></con:settings><con:encoding>UTF-8</con:encoding><con:endpoint>https://192.168.22.53:8443/services/AccessManagerService_v1.0</con:endpoint><con:request><![CDATA[<soapenv:Envelope xmlns:soapenv="http://schemas.xmlsoap.org/soap/envelope/" xmlns:v1="http://fidus.brussels/service/accessmanagerservice/messages/v1" xmlns:v11="http://fidus.brussels/type/common/messages/v1" xmlns:v31="http://socialsecurity.be/umanentityrepresentative/types/v3" >
   <soapenv:Header/>
   <soapenv:Body>
      <v1:getEntityRepresentativesRequest>
         <v1:messageContext>
         	  <v11:messageId>${=import static java.util.UUID.randomUUID; uuid = randomUUID() as String}</v11:messageId>
            <v11:timestamp>${=new java.text.SimpleDateFormat("yyyy-MM-dd'T'HH:mm:ss.SSS").format(new Date())}</v11:timestamp>
         </v1:messageContext>
         <v1:legalContext>ServiceIntegrator</v1:legalContext>
         <v1:request>
            <v1:Domain>QUAL_FED_HEALTHCARE</v1:Domain>
            <v1:OrganisationId>
               <v31:Identifier>1990000431</v31:Identifier>
               <v31:IdentifierType>BEEHP</v31:IdentifierType>
            </v1:OrganisationId>
            <v1:Language>nl</v1:Language>
         </v1:request>
      </v1:getEntityRepresentativesRequest>
   </soapenv:Body>
</soapenv:Envelope>]]></con:request><con:credentials><con:selectedAuthProfile>Basic</con:selectedAuthProfile><con:addedBasicAuthenticationTypes>Basic</con:addedBasicAuthenticationTypes><con:authType>Global HTTP Settings</con:authType></con:credentials><con:jmsConfig JMSDeliveryMode="PERSISTENT"/><con:jmsPropertyConfig/><con:wsaConfig mustUnderstand="NONE" version="200508" action="http://fidus.brussels/services/accessmanagerservice/getEntityRepresentatives"/><con:wsrmConfig version="1.2"/></con:call><con:call id="f69b30ef-6e33-4d9b-a1e7-747ba4678772" name="3 - Test - Worker2 - Request" outgoingWss="Outflow TEST" incomingWss="Inflow TEST"><con:settings><con:setting id="com.eviware.soapui.impl.wsdl.WsdlRequest@request-headers">&lt;xml-fragment/></con:setting></con:settings><con:encoding>UTF-8</con:encoding><con:endpoint>https://192.168.22.54:8443/services/AccessManagerService_v1.0</con:endpoint><con:request><![CDATA[<soapenv:Envelope xmlns:soapenv="http://schemas.xmlsoap.org/soap/envelope/" xmlns:v1="http://fidus.brussels/service/accessmanagerservice/messages/v1" xmlns:v11="http://fidus.brussels/type/common/messages/v1" xmlns:v31="http://socialsecurity.be/umanentityrepresentative/types/v3" >
   <soapenv:Header/>
   <soapenv:Body>
      <v1:getEntityRepresentativesRequest>
         <v1:messageContext>
         	  <v11:messageId>${=import static java.util.UUID.randomUUID; uuid = randomUUID() as String}</v11:messageId>
            <v11:timestamp>${=new java.text.SimpleDateFormat("yyyy-MM-dd'T'HH:mm:ss.SSS").format(new Date())}</v11:timestamp>
         </v1:messageContext>
         <v1:legalContext>ServiceIntegrator</v1:legalContext>
         <v1:request>
            <v1:Domain>QUAL_FED_HEALTHCARE</v1:Domain>
            <v1:OrganisationId>
               <v31:Identifier>1990000431</v31:Identifier>
               <v31:IdentifierType>BEEHP</v31:IdentifierType>
            </v1:OrganisationId>
            <v1:Language>nl</v1:Language>
         </v1:request>
      </v1:getEntityRepresentativesRequest>
   </soapenv:Body>
</soapenv:Envelope>]]></con:request><con:credentials><con:selectedAuthProfile>Basic</con:selectedAuthProfile><con:addedBasicAuthenticationTypes>Basic</con:addedBasicAuthenticationTypes><con:authType>Global HTTP Settings</con:authType></con:credentials><con:jmsConfig JMSDeliveryMode="PERSISTENT"/><con:jmsPropertyConfig/><con:wsaConfig mustUnderstand="NONE" version="200508" action="http://fidus.brussels/services/accessmanagerservice/getEntityRepresentatives"/><con:wsrmConfig version="1.2"/></con:call><con:call id="e277303b-ae3e-4f43-aa8b-d39c8495bda4" name="4 - Staging - Worker1 - Request" incomingWss="Inflow STAGING" outgoingWss="Outflow STAGING"><con:settings><con:setting id="com.eviware.soapui.impl.wsdl.WsdlRequest@request-headers">&lt;xml-fragment/></con:setting></con:settings><con:encoding>UTF-8</con:encoding><con:endpoint>https://192.168.24.16:8443/services/AccessManagerService_v1.0</con:endpoint><con:request><![CDATA[<soapenv:Envelope xmlns:soapenv="http://schemas.xmlsoap.org/soap/envelope/" xmlns:v1="http://fidus.brussels/service/accessmanagerservice/messages/v1" xmlns:v11="http://fidus.brussels/type/common/messages/v1" xmlns:v31="http://socialsecurity.be/umanentityrepresentative/types/v3" >
   <soapenv:Header/>
   <soapenv:Body>
      <v1:getEntityRepresentativesRequest>
         <v1:messageContext>
         	  <v11:messageId>${=import static java.util.UUID.randomUUID; uuid = randomUUID() as String}</v11:messageId>
            <v11:timestamp>${=new java.text.SimpleDateFormat("yyyy-MM-dd'T'HH:mm:ss.SSS").format(new Date())}</v11:timestamp>
         </v1:messageContext>
         <v1:legalContext>ServiceIntegrator</v1:legalContext>
         <v1:request>
            <v1:Domain>QUAL_FED_HEALTHCARE</v1:Domain>
            <v1:OrganisationId>
               <v31:Identifier>1990000431</v31:Identifier>
               <v31:IdentifierType>BEEHP</v31:IdentifierType>
            </v1:OrganisationId>
            <v1:Language>nl</v1:Language>
         </v1:request>
      </v1:getEntityRepresentativesRequest>
   </soapenv:Body>
</soapenv:Envelope>]]></con:request><con:credentials><con:selectedAuthProfile>Basic</con:selectedAuthProfile><con:addedBasicAuthenticationTypes>Basic</con:addedBasicAuthenticationTypes><con:authType>Global HTTP Settings</con:authType></con:credentials><con:jmsConfig JMSDeliveryMode="PERSISTENT"/><con:jmsPropertyConfig/><con:wsaConfig mustUnderstand="NONE" version="200508" action="http://fidus.brussels/services/accessmanagerservice/getEntityRepresentatives"/><con:wsrmConfig version="1.2"/></con:call><con:call id="ba65129a-b9af-4e56-9fbf-c3cbd8c9b59b" name="4 - Staging - Worker2 - Request" incomingWss="Inflow STAGING" outgoingWss="Outflow STAGING"><con:settings><con:setting id="com.eviware.soapui.impl.wsdl.WsdlRequest@request-headers">&lt;xml-fragment/></con:setting></con:settings><con:encoding>UTF-8</con:encoding><con:endpoint>https://192.168.24.17:8443/services/AccessManagerService_v1.0</con:endpoint><con:request><![CDATA[<soapenv:Envelope xmlns:soapenv="http://schemas.xmlsoap.org/soap/envelope/" xmlns:v1="http://fidus.brussels/service/accessmanagerservice/messages/v1" xmlns:v11="http://fidus.brussels/type/common/messages/v1" xmlns:v31="http://socialsecurity.be/umanentityrepresentative/types/v3" >
   <soapenv:Header/>
   <soapenv:Body>
      <v1:getEntityRepresentativesRequest>
         <v1:messageContext>
         	  <v11:messageId>${=import static java.util.UUID.randomUUID; uuid = randomUUID() as String}</v11:messageId>
            <v11:timestamp>${=new java.text.SimpleDateFormat("yyyy-MM-dd'T'HH:mm:ss.SSS").format(new Date())}</v11:timestamp>
         </v1:messageContext>
         <v1:legalContext>ServiceIntegrator</v1:legalContext>
         <v1:request>
            <v1:Domain>QUAL_FED_HEALTHCARE</v1:Domain>
            <v1:OrganisationId>
               <v31:Identifier>1990000431</v31:Identifier>
               <v31:IdentifierType>BEEHP</v31:IdentifierType>
            </v1:OrganisationId>
            <v1:Language>nl</v1:Language>
         </v1:request>
      </v1:getEntityRepresentativesRequest>
   </soapenv:Body>
</soapenv:Envelope>]]></con:request><con:credentials><con:selectedAuthProfile>Basic</con:selectedAuthProfile><con:addedBasicAuthenticationTypes>Basic</con:addedBasicAuthenticationTypes><con:authType>Global HTTP Settings</con:authType></con:credentials><con:jmsConfig JMSDeliveryMode="PERSISTENT"/><con:jmsPropertyConfig/><con:wsaConfig mustUnderstand="NONE" version="200508" action="http://fidus.brussels/services/accessmanagerservice/getEntityRepresentatives"/><con:wsrmConfig version="1.2"/></con:call><con:call id="8f0bb239-c1cb-4059-a04d-307e47e92e03" name="5 - Prod - LB - Request" incomingWss="Inflow PROD" outgoingWss="Outflow PROD"><con:settings><con:setting id="com.eviware.soapui.impl.wsdl.WsdlRequest@request-headers">&lt;xml-fragment/></con:setting></con:settings><con:encoding>UTF-8</con:encoding><con:endpoint>https://fidus-esb-sg.prd.srv.cirb.lan:8443/services/AccessManagerService_v1.0</con:endpoint><con:request><![CDATA[<soapenv:Envelope xmlns:soapenv="http://schemas.xmlsoap.org/soap/envelope/" xmlns:v1="http://fidus.brussels/service/accessmanagerservice/messages/v1" xmlns:v11="http://fidus.brussels/type/common/messages/v1" xmlns:v31="http://socialsecurity.be/umanentityrepresentative/types/v3" >
   <soapenv:Header/>
   <soapenv:Body>
      <v1:getEntityRepresentativesRequest>
         <v1:messageContext>
         	  <v11:messageId>${=import static java.util.UUID.randomUUID; uuid = randomUUID() as String}</v11:messageId>
            <v11:timestamp>${=new java.text.SimpleDateFormat("yyyy-MM-dd'T'HH:mm:ss.SSS").format(new Date())}</v11:timestamp>
         </v1:messageContext>
         <v1:legalContext>ServiceIntegrator</v1:legalContext>
         <v1:request>
            <v1:Domain>QUAL_FED_HEALTHCARE</v1:Domain>
            <v1:OrganisationId>
               <v31:Identifier>1990000431</v31:Identifier>
               <v31:IdentifierType>BEEHP</v31:IdentifierType>
            </v1:OrganisationId>
            <v1:Language>nl</v1:Language>
         </v1:request>
      </v1:getEntityRepresentativesRequest>
   </soapenv:Body>
</soapenv:Envelope>]]></con:request><con:credentials><con:selectedAuthProfile>Basic</con:selectedAuthProfile><con:addedBasicAuthenticationTypes>Basic</con:addedBasicAuthenticationTypes><con:authType>Global HTTP Settings</con:authType></con:credentials><con:jmsConfig JMSDeliveryMode="PERSISTENT"/><con:jmsPropertyConfig/><con:wsaConfig mustUnderstand="NONE" version="200508" action="http://fidus.brussels/services/accessmanagerservice/getEntityRepresentatives"/><con:wsrmConfig version="1.2"/></con:call><con:call id="342c92c0-2545-4f46-8bb0-134199282dd6" name="5 - Prod - Worker1 - Request" incomingWss="Inflow PROD" outgoingWss="Outflow PROD"><con:settings><con:setting id="com.eviware.soapui.impl.wsdl.WsdlRequest@request-headers">&lt;xml-fragment/></con:setting></con:settings><con:encoding>UTF-8</con:encoding><con:endpoint>https://192.168.26.22:8443/services/AccessManagerService_v1.0</con:endpoint><con:request><![CDATA[<soapenv:Envelope xmlns:soapenv="http://schemas.xmlsoap.org/soap/envelope/" xmlns:v1="http://fidus.brussels/service/accessmanagerservice/messages/v1" xmlns:v11="http://fidus.brussels/type/common/messages/v1" xmlns:v31="http://socialsecurity.be/umanentityrepresentative/types/v3" >
   <soapenv:Header/>
   <soapenv:Body>
      <v1:getEntityRepresentativesRequest>
         <v1:messageContext>
         	  <v11:messageId>${=import static java.util.UUID.randomUUID; uuid = randomUUID() as String}</v11:messageId>
            <v11:timestamp>${=new java.text.SimpleDateFormat("yyyy-MM-dd'T'HH:mm:ss.SSS").format(new Date())}</v11:timestamp>
         </v1:messageContext>
         <v1:legalContext>ServiceIntegrator</v1:legalContext>
         <v1:request>
            <v1:Domain>QUAL_FED_HEALTHCARE</v1:Domain>
            <v1:OrganisationId>
               <v31:Identifier>1990000431</v31:Identifier>
               <v31:IdentifierType>BEEHP</v31:IdentifierType>
            </v1:OrganisationId>
            <v1:Language>nl</v1:Language>
         </v1:request>
      </v1:getEntityRepresentativesRequest>
   </soapenv:Body>
</soapenv:Envelope>]]></con:request><con:credentials><con:selectedAuthProfile>Basic</con:selectedAuthProfile><con:addedBasicAuthenticationTypes>Basic</con:addedBasicAuthenticationTypes><con:authType>Global HTTP Settings</con:authType></con:credentials><con:jmsConfig JMSDeliveryMode="PERSISTENT"/><con:jmsPropertyConfig/><con:wsaConfig mustUnderstand="NONE" version="200508" action="http://fidus.brussels/services/accessmanagerservice/getEntityRepresentatives"/><con:wsrmConfig version="1.2"/></con:call><con:call id="bdacaa4d-ede6-4ee6-bfb3-9369ee91c030" name="5 - Prod - Worker2 - Request" incomingWss="Inflow PROD" outgoingWss="Outflow PROD"><con:settings><con:setting id="com.eviware.soapui.impl.wsdl.WsdlRequest@request-headers">&lt;xml-fragment/></con:setting></con:settings><con:encoding>UTF-8</con:encoding><con:endpoint>https://192.168.26.19:8443/services/AccessManagerService_v1.0</con:endpoint><con:request><![CDATA[<soapenv:Envelope xmlns:soapenv="http://schemas.xmlsoap.org/soap/envelope/" xmlns:v1="http://fidus.brussels/service/accessmanagerservice/messages/v1" xmlns:v11="http://fidus.brussels/type/common/messages/v1" xmlns:v31="http://socialsecurity.be/umanentityrepresentative/types/v3" >
   <soapenv:Header/>
   <soapenv:Body>
      <v1:getEntityRepresentativesRequest>
         <v1:messageContext>
         	  <v11:messageId>${=import static java.util.UUID.randomUUID; uuid = randomUUID() as String}</v11:messageId>
            <v11:timestamp>${=new java.text.SimpleDateFormat("yyyy-MM-dd'T'HH:mm:ss.SSS").format(new Date())}</v11:timestamp>
         </v1:messageContext>
         <v1:legalContext>ServiceIntegrator</v1:legalContext>
         <v1:request>
            <v1:Domain>QUAL_FED_HEALTHCARE</v1:Domain>
            <v1:OrganisationId>
               <v31:Identifier>1990000431</v31:Identifier>
               <v31:IdentifierType>BEEHP</v31:IdentifierType>
            </v1:OrganisationId>
            <v1:Language>nl</v1:Language>
         </v1:request>
      </v1:getEntityRepresentativesRequest>
   </soapenv:Body>
</soapenv:Envelope>]]></con:request><con:credentials><con:selectedAuthProfile>Basic</con:selectedAuthProfile><con:addedBasicAuthenticationTypes>Basic</con:addedBasicAuthenticationTypes><con:authType>Global HTTP Settings</con:authType></con:credentials><con:jmsConfig JMSDeliveryMode="PERSISTENT"/><con:jmsPropertyConfig/><con:wsaConfig mustUnderstand="NONE" version="200508" action="http://fidus.brussels/services/accessmanagerservice/getEntityRepresentatives"/><con:wsrmConfig version="1.2"/></con:call><con:call id="624f8721-6abf-468f-8039-69827497d79a" name="3 - Test - Worker1New - Request" outgoingWss="Outflow TEST" incomingWss="Inflow TEST"><con:settings><con:setting id="com.eviware.soapui.impl.wsdl.WsdlRequest@request-headers">&lt;xml-fragment/></con:setting></con:settings><con:encoding>UTF-8</con:encoding><con:endpoint>https://192.168.22.73:8443/services/AccessManagerService_v1.0</con:endpoint><con:request><![CDATA[<soapenv:Envelope xmlns:soapenv="http://schemas.xmlsoap.org/soap/envelope/" xmlns:v1="http://fidus.brussels/service/accessmanagerservice/messages/v1" xmlns:v11="http://fidus.brussels/type/common/messages/v1" xmlns:v31="http://socialsecurity.be/umanentityrepresentative/types/v3" >
   <soapenv:Header/>
   <soapenv:Body>
      <v1:getEntityRepresentativesRequest>
         <v1:messageContext>
         	  <v11:messageId>${=import static java.util.UUID.randomUUID; uuid = randomUUID() as String}</v11:messageId>
            <v11:timestamp>${=new java.text.SimpleDateFormat("yyyy-MM-dd'T'HH:mm:ss.SSS").format(new Date())}</v11:timestamp>
         </v1:messageContext>
         <v1:legalContext>ServiceIntegrator</v1:legalContext>
         <v1:request>
            <v1:Domain>QUAL_FED_HEALTHCARE</v1:Domain>
            <v1:OrganisationId>
               <v31:Identifier>1990000431</v31:Identifier>
               <v31:IdentifierType>BEEHP</v31:IdentifierType>
            </v1:OrganisationId>
            <v1:Language>nl</v1:Language>
         </v1:request>
      </v1:getEntityRepresentativesRequest>
   </soapenv:Body>
</soapenv:Envelope>]]></con:request><con:credentials><con:selectedAuthProfile>Basic</con:selectedAuthProfile><con:addedBasicAuthenticationTypes>Basic</con:addedBasicAuthenticationTypes><con:authType>Global HTTP Settings</con:authType></con:credentials><con:jmsConfig JMSDeliveryMode="PERSISTENT"/><con:jmsPropertyConfig/><con:wsaConfig mustUnderstand="NONE" version="200508" action="http://fidus.brussels/services/accessmanagerservice/getEntityRepresentatives"/><con:wsrmConfig version="1.2"/></con:call><con:call id="b5f06d80-b545-4020-9964-52d58383a123" name="3 - Test - Worker2New - Request" outgoingWss="Outflow TEST" incomingWss="Inflow TEST"><con:settings><con:setting id="com.eviware.soapui.impl.wsdl.WsdlRequest@request-headers">&lt;xml-fragment/></con:setting></con:settings><con:encoding>UTF-8</con:encoding><con:endpoint>https://192.168.22.93:8443/services/AccessManagerService_v1.0</con:endpoint><con:request><![CDATA[<soapenv:Envelope xmlns:soapenv="http://schemas.xmlsoap.org/soap/envelope/" xmlns:v1="http://fidus.brussels/service/accessmanagerservice/messages/v1" xmlns:v11="http://fidus.brussels/type/common/messages/v1" xmlns:v31="http://socialsecurity.be/umanentityrepresentative/types/v3" >
   <soapenv:Header/>
   <soapenv:Body>
      <v1:getEntityRepresentativesRequest>
         <v1:messageContext>
         	  <v11:messageId>${=import static java.util.UUID.randomUUID; uuid = randomUUID() as String}</v11:messageId>
            <v11:timestamp>${=new java.text.SimpleDateFormat("yyyy-MM-dd'T'HH:mm:ss.SSS").format(new Date())}</v11:timestamp>
         </v1:messageContext>
         <v1:legalContext>ServiceIntegrator</v1:legalContext>
         <v1:request>
            <v1:Domain>QUAL_FED_HEALTHCARE</v1:Domain>
            <v1:OrganisationId>
               <v31:Identifier>1990000431</v31:Identifier>
               <v31:IdentifierType>BEEHP</v31:IdentifierType>
            </v1:OrganisationId>
            <v1:Language>nl</v1:Language>
         </v1:request>
      </v1:getEntityRepresentativesRequest>
   </soapenv:Body>
</soapenv:Envelope>]]></con:request><con:credentials><con:selectedAuthProfile>Basic</con:selectedAuthProfile><con:addedBasicAuthenticationTypes>Basic</con:addedBasicAuthenticationTypes><con:authType>Global HTTP Settings</con:authType></con:credentials><con:jmsConfig JMSDeliveryMode="PERSISTENT"/><con:jmsPropertyConfig/><con:wsaConfig mustUnderstand="NONE" version="200508" action="http://fidus.brussels/services/accessmanagerservice/getEntityRepresentatives"/><con:wsrmConfig version="1.2"/></con:call><con:call id="5160a3e6-a6d5-4f03-aa4f-e21624104ca8" name="4 - Staging - Worker1New - Request" outgoingWss="Outflow STAGING" incomingWss="Inflow STAGING"><con:settings><con:setting id="com.eviware.soapui.impl.wsdl.WsdlRequest@request-headers">&lt;xml-fragment/></con:setting></con:settings><con:encoding>UTF-8</con:encoding><con:endpoint>https://192.168.23.191:8443/services/AccessManagerService_v1.0</con:endpoint><con:request><![CDATA[<soapenv:Envelope xmlns:soapenv="http://schemas.xmlsoap.org/soap/envelope/" xmlns:v1="http://fidus.brussels/service/accessmanagerservice/messages/v1" xmlns:v11="http://fidus.brussels/type/common/messages/v1" xmlns:v31="http://socialsecurity.be/umanentityrepresentative/types/v3" >
   <soapenv:Header/>
   <soapenv:Body>
      <v1:getEntityRepresentativesRequest>
         <v1:messageContext>
         	  <v11:messageId>${=import static java.util.UUID.randomUUID; uuid = randomUUID() as String}</v11:messageId>
            <v11:timestamp>${=new java.text.SimpleDateFormat("yyyy-MM-dd'T'HH:mm:ss.SSS").format(new Date())}</v11:timestamp>
         </v1:messageContext>
         <v1:legalContext>ServiceIntegrator</v1:legalContext>
         <v1:request>
            <v1:Domain>QUAL_FED_HEALTHCARE</v1:Domain>
            <v1:OrganisationId>
               <v31:Identifier>1990000431</v31:Identifier>
               <v31:IdentifierType>BEEHP</v31:IdentifierType>
            </v1:OrganisationId>
            <v1:Language>nl</v1:Language>
         </v1:request>
      </v1:getEntityRepresentativesRequest>
   </soapenv:Body>
</soapenv:Envelope>]]></con:request><con:credentials><con:selectedAuthProfile>Basic</con:selectedAuthProfile><con:addedBasicAuthenticationTypes>Basic</con:addedBasicAuthenticationTypes><con:authType>Global HTTP Settings</con:authType></con:credentials><con:jmsConfig JMSDeliveryMode="PERSISTENT"/><con:jmsPropertyConfig/><con:wsaConfig mustUnderstand="NONE" version="200508" action="http://fidus.brussels/services/accessmanagerservice/getEntityRepresentatives"/><con:wsrmConfig version="1.2"/></con:call><con:call id="df52665c-df45-4001-8eb5-c0dd3489c08b" name="4 - Staging - Worker2New - Request" outgoingWss="Outflow STAGING" incomingWss="Inflow STAGING"><con:settings><con:setting id="com.eviware.soapui.impl.wsdl.WsdlRequest@request-headers">&lt;xml-fragment/></con:setting></con:settings><con:encoding>UTF-8</con:encoding><con:endpoint>https://192.168.23.198:8443/services/AccessManagerService_v1.0</con:endpoint><con:request><![CDATA[<soapenv:Envelope xmlns:soapenv="http://schemas.xmlsoap.org/soap/envelope/" xmlns:v1="http://fidus.brussels/service/accessmanagerservice/messages/v1" xmlns:v11="http://fidus.brussels/type/common/messages/v1" xmlns:v31="http://socialsecurity.be/umanentityrepresentative/types/v3" >
   <soapenv:Header/>
   <soapenv:Body>
      <v1:getEntityRepresentativesRequest>
         <v1:messageContext>
         	  <v11:messageId>${=import static java.util.UUID.randomUUID; uuid = randomUUID() as String}</v11:messageId>
            <v11:timestamp>${=new java.text.SimpleDateFormat("yyyy-MM-dd'T'HH:mm:ss.SSS").format(new Date())}</v11:timestamp>
         </v1:messageContext>
         <v1:legalContext>ServiceIntegrator</v1:legalContext>
         <v1:request>
            <v1:Domain>QUAL_FED_HEALTHCARE</v1:Domain>
            <v1:OrganisationId>
               <v31:Identifier>1990000431</v31:Identifier>
               <v31:IdentifierType>BEEHP</v31:IdentifierType>
            </v1:OrganisationId>
            <v1:Language>nl</v1:Language>
         </v1:request>
      </v1:getEntityRepresentativesRequest>
   </soapenv:Body>
</soapenv:Envelope>]]></con:request><con:credentials><con:selectedAuthProfile>Basic</con:selectedAuthProfile><con:addedBasicAuthenticationTypes>Basic</con:addedBasicAuthenticationTypes><con:authType>Global HTTP Settings</con:authType></con:credentials><con:jmsConfig JMSDeliveryMode="PERSISTENT"/><con:jmsPropertyConfig/><con:wsaConfig mustUnderstand="NONE" version="200508" action="http://fidus.brussels/services/accessmanagerservice/getEntityRepresentatives"/><con:wsrmConfig version="1.2"/></con:call><con:call id="133ea063-f911-46bc-a749-dfcefe6655e5" name="3 - Test - External - Request" outgoingWss="Outflow TEST" incomingWss="Inflow TEST"><con:settings><con:setting id="com.eviware.soapui.impl.wsdl.WsdlRequest@request-headers">&lt;xml-fragment/></con:setting></con:settings><con:encoding>UTF-8</con:encoding><con:endpoint>https://esb-security-gw.sta.srv.cirb.lan:8443/services/AccessManagerService_v1.0</con:endpoint><con:request><![CDATA[<soapenv:Envelope xmlns:soapenv="http://schemas.xmlsoap.org/soap/envelope/" xmlns:v1="http://fidus.brussels/service/accessmanagerservice/messages/v1" xmlns:v11="http://fidus.brussels/type/common/messages/v1" xmlns:v31="http://socialsecurity.be/umanentityrepresentative/types/v3" >
   <soapenv:Header/>
   <soapenv:Body>
      <v1:getEntityRepresentativesRequest>
         <v1:messageContext>
         	  <v11:messageId>${=import static java.util.UUID.randomUUID; uuid = randomUUID() as String}</v11:messageId>
            <v11:timestamp>${=new java.text.SimpleDateFormat("yyyy-MM-dd'T'HH:mm:ss.SSS").format(new Date())}</v11:timestamp>
         </v1:messageContext>
         <v1:legalContext>ServiceIntegrator</v1:legalContext>
         <v1:request>
            <v1:Domain>QUAL_FED_HEALTHCARE</v1:Domain>
            <v1:OrganisationId>
               <v31:Identifier>1990000431</v31:Identifier>
               <v31:IdentifierType>BEEHP</v31:IdentifierType>
            </v1:OrganisationId>
            <v1:Language>nl</v1:Language>
         </v1:request>
      </v1:getEntityRepresentativesRequest>
   </soapenv:Body>
</soapenv:Envelope>]]></con:request><con:credentials><con:selectedAuthProfile>Basic</con:selectedAuthProfile><con:addedBasicAuthenticationTypes>Basic</con:addedBasicAuthenticationTypes><con:authType>Global HTTP Settings</con:authType></con:credentials><con:jmsConfig JMSDeliveryMode="PERSISTENT"/><con:jmsPropertyConfig/><con:wsaConfig mustUnderstand="NONE" version="200508" action="http://fidus.brussels/services/accessmanagerservice/getEntityRepresentatives"/><con:wsrmConfig version="1.2"/></con:call><con:call id="ef6c35a1-f4e3-4dd6-a882-d688ac89801e" name="4 - Staging - External - Request" outgoingWss="Outflow STAGING" incomingWss="Inflow STAGING"><con:settings><con:setting id="com.eviware.soapui.impl.wsdl.WsdlRequest@request-headers">&lt;xml-fragment/></con:setting></con:settings><con:encoding>UTF-8</con:encoding><con:endpoint>https://fidus-esb-sg.sta.srv.cirb.lan:8443/services/AccessManagerService_v1.0</con:endpoint><con:request><![CDATA[<soapenv:Envelope xmlns:soapenv="http://schemas.xmlsoap.org/soap/envelope/" xmlns:v1="http://fidus.brussels/service/accessmanagerservice/messages/v1" xmlns:v11="http://fidus.brussels/type/common/messages/v1" xmlns:v31="http://socialsecurity.be/umanentityrepresentative/types/v3" >
   <soapenv:Header/>
   <soapenv:Body>
      <v1:getEntityRepresentativesRequest>
         <v1:messageContext>
         	  <v11:messageId>${=import static java.util.UUID.randomUUID; uuid = randomUUID() as String}</v11:messageId>
            <v11:timestamp>${=new java.text.SimpleDateFormat("yyyy-MM-dd'T'HH:mm:ss.SSS").format(new Date())}</v11:timestamp>
         </v1:messageContext>
         <v1:legalContext>ServiceIntegrator</v1:legalContext>
         <v1:request>
            <v1:Domain>QUAL_FED_HEALTHCARE</v1:Domain>
            <v1:OrganisationId>
               <v31:Identifier>1990000431</v31:Identifier>
               <v31:IdentifierType>BEEHP</v31:IdentifierType>
            </v1:OrganisationId>
            <v1:Language>nl</v1:Language>
         </v1:request>
      </v1:getEntityRepresentativesRequest>
   </soapenv:Body>
</soapenv:Envelope>]]></con:request><con:credentials><con:selectedAuthProfile>Basic</con:selectedAuthProfile><con:addedBasicAuthenticationTypes>Basic</con:addedBasicAuthenticationTypes><con:authType>Global HTTP Settings</con:authType></con:credentials><con:jmsConfig JMSDeliveryMode="PERSISTENT"/><con:jmsPropertyConfig/><con:wsaConfig mustUnderstand="NONE" version="200508" action="http://fidus.brussels/services/accessmanagerservice/getEntityRepresentatives"/><con:wsrmConfig version="1.2"/></con:call></con:operation><con:operation id="1ada035c-f750-459e-a201-428e5fb2b469" isOneWay="false" action="http://fidus.brussels/services/accessmanagerservice/getOrganisationChildNodes" name="getOrganisationChildNodes" bindingOperationName="getOrganisationChildNodes" type="Request-Response" inputName="" receivesAttachments="false" sendsAttachments="false" anonymous="optional"><con:settings/><con:call id="0bde390e-f55b-4b7f-aedb-4f7b85f196c9" name="1 - Local - Request - OK" outgoingWss="Outflow DEV" incomingWss="Inflow DEV"><con:settings><con:setting id="com.eviware.soapui.impl.wsdl.WsdlRequest@request-headers">&lt;xml-fragment/></con:setting></con:settings><con:encoding>UTF-8</con:encoding><con:endpoint>https://localhost:8243/services/AccessManagerService_v1.0</con:endpoint><con:request><![CDATA[<soapenv:Envelope xmlns:soapenv="http://schemas.xmlsoap.org/soap/envelope/" xmlns:v1="http://fidus.brussels/service/accessmanagerservice/messages/v1" xmlns:v11="http://fidus.brussels/type/common/messages/v1" xmlns:v31="http://socialsecurity.be/umanentityrepresentative/types/v3">
   <soapenv:Header/>
   <soapenv:Body>
      <v1:getOrganisationChildNodesRequest>
         <v1:messageContext>
         	  <v11:messageId>${=import static java.util.UUID.randomUUID; uuid = randomUUID() as String}</v11:messageId>
            <v11:timestamp>${=new java.text.SimpleDateFormat("yyyy-MM-dd'T'HH:mm:ss.SSS").format(new Date())}</v11:timestamp>
         </v1:messageContext>
         <v1:legalContext>ServiceIntegrator</v1:legalContext>
         <v1:request>
            <v1:Domain>QUAL_FED_HEALTHCARE</v1:Domain>
            <v1:OrganisationId>
               <v31:Identifier>1990000431</v31:Identifier>
               <v31:IdentifierType>BEEHP</v31:IdentifierType>
            </v1:OrganisationId>
            <v1:Language>nl</v1:Language>
         </v1:request>
      </v1:getOrganisationChildNodesRequest>
   </soapenv:Body>
</soapenv:Envelope>]]></con:request><con:credentials><con:selectedAuthProfile>Basic</con:selectedAuthProfile><con:addedBasicAuthenticationTypes>Basic</con:addedBasicAuthenticationTypes><con:authType>Global HTTP Settings</con:authType></con:credentials><con:jmsConfig JMSDeliveryMode="PERSISTENT"/><con:jmsPropertyConfig/><con:wsaConfig mustUnderstand="NONE" version="200508" action="http://fidus.brussels/services/accessmanagerservice/getOrganisationChildNodes"/><con:wsrmConfig version="1.2"/></con:call><con:call id="eba2e52f-9b3e-43c5-b703-ebcc56afdb97" name="2 - Dev - Request - OK" incomingWss="Inflow DEV" outgoingWss="Outflow DEV"><con:settings><con:setting id="com.eviware.soapui.impl.wsdl.WsdlRequest@request-headers">&lt;xml-fragment/></con:setting></con:settings><con:encoding>UTF-8</con:encoding><con:endpoint>https://192.168.36.61:8243/services/AccessManagerService_v1.0</con:endpoint><con:request><![CDATA[<soapenv:Envelope xmlns:soapenv="http://schemas.xmlsoap.org/soap/envelope/" xmlns:v1="http://fidus.brussels/service/accessmanagerservice/messages/v1" xmlns:v11="http://fidus.brussels/type/common/messages/v1" xmlns:v31="http://socialsecurity.be/umanentityrepresentative/types/v3">
   <soapenv:Header/>
   <soapenv:Body>
      <v1:getOrganisationChildNodesRequest>
         <v1:messageContext>
         	  <v11:messageId>${=import static java.util.UUID.randomUUID; uuid = randomUUID() as String}</v11:messageId>
            <v11:timestamp>${=new java.text.SimpleDateFormat("yyyy-MM-dd'T'HH:mm:ss.SSS").format(new Date())}</v11:timestamp>
         </v1:messageContext>
         <v1:legalContext>ServiceIntegrator</v1:legalContext>
         <v1:request>
            <v1:Domain>QUAL_FED_HEALTHCARE</v1:Domain>
            <v1:OrganisationId>
               <v31:Identifier>1990000431</v31:Identifier>
               <v31:IdentifierType>BEEHP</v31:IdentifierType>
            </v1:OrganisationId>
            <v1:Language>nl</v1:Language>
         </v1:request>
      </v1:getOrganisationChildNodesRequest>
   </soapenv:Body>
</soapenv:Envelope>]]></con:request><con:credentials><con:selectedAuthProfile>Basic</con:selectedAuthProfile><con:addedBasicAuthenticationTypes>Basic</con:addedBasicAuthenticationTypes><con:authType>Global HTTP Settings</con:authType></con:credentials><con:jmsConfig JMSDeliveryMode="PERSISTENT"/><con:jmsPropertyConfig/><con:wsaConfig mustUnderstand="NONE" version="200508" action="http://fidus.brussels/services/accessmanagerservice/getOrganisationChildNodes"/><con:wsrmConfig version="1.2"/></con:call><con:call id="d7988042-f538-4a25-b99b-e9c5ecfab90c" name="3 - Test - LB - Request" outgoingWss="Outflow TEST" incomingWss="Inflow TEST"><con:settings><con:setting id="com.eviware.soapui.impl.wsdl.WsdlRequest@request-headers">&lt;xml-fragment/></con:setting></con:settings><con:encoding>UTF-8</con:encoding><con:endpoint>https://esb-security-gw.sta.srv.cirb.lan:8443/services/AccessManagerService_v1.0</con:endpoint><con:request><![CDATA[<soapenv:Envelope xmlns:soapenv="http://schemas.xmlsoap.org/soap/envelope/" xmlns:v1="http://fidus.brussels/service/accessmanagerservice/messages/v1" xmlns:v11="http://fidus.brussels/type/common/messages/v1" xmlns:v31="http://socialsecurity.be/umanentityrepresentative/types/v3">
   <soapenv:Header/>
   <soapenv:Body>
      <v1:getOrganisationChildNodesRequest>
         <v1:messageContext>
         	  <v11:messageId>${=import static java.util.UUID.randomUUID; uuid = randomUUID() as String}</v11:messageId>
            <v11:timestamp>${=new java.text.SimpleDateFormat("yyyy-MM-dd'T'HH:mm:ss.SSS").format(new Date())}</v11:timestamp>
         </v1:messageContext>
         <v1:legalContext>ServiceIntegrator</v1:legalContext>
         <v1:request>
            <v1:Domain>QUAL_FED_HEALTHCARE</v1:Domain>
            <v1:OrganisationId>
               <v31:Identifier>1990000431</v31:Identifier>
               <v31:IdentifierType>BEEHP</v31:IdentifierType>
            </v1:OrganisationId>
            <v1:Language>nl</v1:Language>
         </v1:request>
      </v1:getOrganisationChildNodesRequest>
   </soapenv:Body>
</soapenv:Envelope>]]></con:request><con:credentials><con:selectedAuthProfile>Basic</con:selectedAuthProfile><con:addedBasicAuthenticationTypes>Basic</con:addedBasicAuthenticationTypes><con:authType>Global HTTP Settings</con:authType></con:credentials><con:jmsConfig JMSDeliveryMode="PERSISTENT"/><con:jmsPropertyConfig/><con:wsaConfig mustUnderstand="NONE" version="200508" action="http://fidus.brussels/services/accessmanagerservice/getOrganisationChildNodes"/><con:wsrmConfig version="1.2"/></con:call><con:call id="361adb88-ddeb-431b-804d-9d0b67ea18ba" name="4 - Staging - LB - Request" incomingWss="Inflow STAGING" outgoingWss="Outflow STAGING"><con:settings><con:setting id="com.eviware.soapui.impl.wsdl.WsdlRequest@request-headers">&lt;xml-fragment/></con:setting></con:settings><con:encoding>UTF-8</con:encoding><con:endpoint>https://fidus-esb-sg.sta.srv.cirb.lan:8443/services/AccessManagerService_v1.0</con:endpoint><con:request><![CDATA[<soapenv:Envelope xmlns:soapenv="http://schemas.xmlsoap.org/soap/envelope/" xmlns:v1="http://fidus.brussels/service/accessmanagerservice/messages/v1" xmlns:v11="http://fidus.brussels/type/common/messages/v1" xmlns:v31="http://socialsecurity.be/umanentityrepresentative/types/v3">
   <soapenv:Header/>
   <soapenv:Body>
      <v1:getOrganisationChildNodesRequest>
         <v1:messageContext>
         	  <v11:messageId>${=import static java.util.UUID.randomUUID; uuid = randomUUID() as String}</v11:messageId>
            <v11:timestamp>${=new java.text.SimpleDateFormat("yyyy-MM-dd'T'HH:mm:ss.SSS").format(new Date())}</v11:timestamp>
         </v1:messageContext>
         <v1:legalContext>ServiceIntegrator</v1:legalContext>
         <v1:request>
            <v1:Domain>QUAL_FED_HEALTHCARE</v1:Domain>
            <v1:OrganisationId>
               <v31:Identifier>1990000431</v31:Identifier>
               <v31:IdentifierType>BEEHP</v31:IdentifierType>
            </v1:OrganisationId>
            <v1:Language>nl</v1:Language>
         </v1:request>
      </v1:getOrganisationChildNodesRequest>
   </soapenv:Body>
</soapenv:Envelope>]]></con:request><con:credentials><con:selectedAuthProfile>Basic</con:selectedAuthProfile><con:addedBasicAuthenticationTypes>Basic</con:addedBasicAuthenticationTypes><con:authType>Global HTTP Settings</con:authType></con:credentials><con:jmsConfig JMSDeliveryMode="PERSISTENT"/><con:jmsPropertyConfig/><con:wsaConfig mustUnderstand="NONE" version="200508" action="http://fidus.brussels/services/accessmanagerservice/getOrganisationChildNodes"/><con:wsrmConfig version="1.2"/></con:call><con:call id="3653606e-ac74-4d28-9f57-25a537e0d142" name="5 - Prod - External - Request" incomingWss="Inflow PROD" outgoingWss="Outflow PROD"><con:settings><con:setting id="com.eviware.soapui.impl.wsdl.WsdlRequest@request-headers">&lt;xml-fragment/></con:setting></con:settings><con:encoding>UTF-8</con:encoding><con:endpoint>https://fidus.sec.brussels/services/AccessManagerService_v1.0</con:endpoint><con:request><![CDATA[<soapenv:Envelope xmlns:soapenv="http://schemas.xmlsoap.org/soap/envelope/" xmlns:v1="http://fidus.brussels/service/accessmanagerservice/messages/v1" xmlns:v11="http://fidus.brussels/type/common/messages/v1" xmlns:v31="http://socialsecurity.be/umanentityrepresentative/types/v3">
   <soapenv:Header/>
   <soapenv:Body>
      <v1:getOrganisationChildNodesRequest>
         <v1:messageContext>
         	  <v11:messageId>${=import static java.util.UUID.randomUUID; uuid = randomUUID() as String}</v11:messageId>
            <v11:timestamp>${=new java.text.SimpleDateFormat("yyyy-MM-dd'T'HH:mm:ss.SSS").format(new Date())}</v11:timestamp>
         </v1:messageContext>
         <v1:legalContext>ServiceIntegrator</v1:legalContext>
         <v1:request>
            <v1:Domain>QUAL_FED_HEALTHCARE</v1:Domain>
            <v1:OrganisationId>
               <v31:Identifier>1990000431</v31:Identifier>
               <v31:IdentifierType>BEEHP</v31:IdentifierType>
            </v1:OrganisationId>
            <v1:Language>nl</v1:Language>
         </v1:request>
      </v1:getOrganisationChildNodesRequest>
   </soapenv:Body>
</soapenv:Envelope>]]></con:request><con:credentials><con:selectedAuthProfile>Basic</con:selectedAuthProfile><con:addedBasicAuthenticationTypes>Basic</con:addedBasicAuthenticationTypes><con:authType>Global HTTP Settings</con:authType></con:credentials><con:jmsConfig JMSDeliveryMode="PERSISTENT"/><con:jmsPropertyConfig/><con:wsaConfig mustUnderstand="NONE" version="200508" action="http://fidus.brussels/services/accessmanagerservice/getOrganisationChildNodes"/><con:wsrmConfig version="1.2"/></con:call><con:call id="f805c554-4c9b-426e-bb71-e399f475bde7" name="1 - Local - Request - Not Found" incomingWss="Inflow DEV" outgoingWss="Outflow DEV"><con:settings><con:setting id="com.eviware.soapui.impl.wsdl.WsdlRequest@request-headers">&lt;xml-fragment/></con:setting></con:settings><con:encoding>UTF-8</con:encoding><con:endpoint>https://localhost:8243/services/AccessManagerService_v1.0</con:endpoint><con:request><![CDATA[<soapenv:Envelope xmlns:soapenv="http://schemas.xmlsoap.org/soap/envelope/" xmlns:v1="http://fidus.brussels/service/accessmanagerservice/messages/v1" xmlns:v11="http://fidus.brussels/type/common/messages/v1" xmlns:v31="http://socialsecurity.be/umanentityrepresentative/types/v3">
   <soapenv:Header/>
   <soapenv:Body>
      <v1:getOrganisationChildNodesRequest>
         <v1:messageContext>
         	  <v11:messageId>${=import static java.util.UUID.randomUUID; uuid = randomUUID() as String}</v11:messageId>
            <v11:timestamp>${=new java.text.SimpleDateFormat("yyyy-MM-dd'T'HH:mm:ss.SSS").format(new Date())}</v11:timestamp>
         </v1:messageContext>
         <v1:legalContext>ServiceIntegrator</v1:legalContext>
         <v1:request>
            <v1:Domain>FREELANCE</v1:Domain>
            <v1:OrganisationId>
               <v31:Identifier>1990000431</v31:Identifier>
               <v31:IdentifierType>BEEHP</v31:IdentifierType>
            </v1:OrganisationId>
            <v1:Language>nl</v1:Language>
         </v1:request>
      </v1:getOrganisationChildNodesRequest>
   </soapenv:Body>
</soapenv:Envelope>]]></con:request><con:credentials><con:selectedAuthProfile>Basic</con:selectedAuthProfile><con:addedBasicAuthenticationTypes>Basic</con:addedBasicAuthenticationTypes><con:authType>Global HTTP Settings</con:authType></con:credentials><con:jmsConfig JMSDeliveryMode="PERSISTENT"/><con:jmsPropertyConfig/><con:wsaConfig mustUnderstand="NONE" version="200508" action="http://fidus.brussels/services/accessmanagerservice/getOrganisationChildNodes"/><con:wsrmConfig version="1.2"/></con:call><con:call id="be34b6cf-a08f-432c-a635-5768c8b5e8e9" name="2 - Dev - Request - Not Found" outgoingWss="Outflow DEV" incomingWss="Inflow DEV"><con:settings><con:setting id="com.eviware.soapui.impl.wsdl.WsdlRequest@request-headers">&lt;xml-fragment/></con:setting></con:settings><con:encoding>UTF-8</con:encoding><con:endpoint>https://192.168.36.61:8243/services/AccessManagerService_v1.0</con:endpoint><con:request><![CDATA[<soapenv:Envelope xmlns:soapenv="http://schemas.xmlsoap.org/soap/envelope/" xmlns:v1="http://fidus.brussels/service/accessmanagerservice/messages/v1" xmlns:v11="http://fidus.brussels/type/common/messages/v1" xmlns:v31="http://socialsecurity.be/umanentityrepresentative/types/v3">
   <soapenv:Header/>
   <soapenv:Body>
      <v1:getOrganisationChildNodesRequest>
         <v1:messageContext>
         	  <v11:messageId>${=import static java.util.UUID.randomUUID; uuid = randomUUID() as String}</v11:messageId>
            <v11:timestamp>${=new java.text.SimpleDateFormat("yyyy-MM-dd'T'HH:mm:ss.SSS").format(new Date())}</v11:timestamp>
         </v1:messageContext>
         <v1:legalContext>ServiceIntegrator</v1:legalContext>
         <v1:request>
            <v1:Domain>FREELANCE</v1:Domain>
            <v1:OrganisationId>
               <v31:Identifier>1990000431</v31:Identifier>
               <v31:IdentifierType>BEEHP</v31:IdentifierType>
            </v1:OrganisationId>
            <v1:Language>nl</v1:Language>
         </v1:request>
      </v1:getOrganisationChildNodesRequest>
   </soapenv:Body>
</soapenv:Envelope>]]></con:request><con:credentials><con:selectedAuthProfile>Basic</con:selectedAuthProfile><con:addedBasicAuthenticationTypes>Basic</con:addedBasicAuthenticationTypes><con:authType>Global HTTP Settings</con:authType></con:credentials><con:jmsConfig JMSDeliveryMode="PERSISTENT"/><con:jmsPropertyConfig/><con:wsaConfig mustUnderstand="NONE" version="200508" action="http://fidus.brussels/services/accessmanagerservice/getOrganisationChildNodes"/><con:wsrmConfig version="1.2"/></con:call><con:call id="71a75f70-b66d-43a5-8c0f-a9b2b996efd6" name="3 - Test - Worker1 - Request" incomingWss="Inflow TEST" outgoingWss="Outflow TEST"><con:settings><con:setting id="com.eviware.soapui.impl.wsdl.WsdlRequest@request-headers">&lt;xml-fragment/></con:setting></con:settings><con:encoding>UTF-8</con:encoding><con:endpoint>https://192.168.22.53:8443/services/AccessManagerService_v1.0</con:endpoint><con:request><![CDATA[<soapenv:Envelope xmlns:soapenv="http://schemas.xmlsoap.org/soap/envelope/" xmlns:v1="http://fidus.brussels/service/accessmanagerservice/messages/v1" xmlns:v11="http://fidus.brussels/type/common/messages/v1" xmlns:v31="http://socialsecurity.be/umanentityrepresentative/types/v3">
   <soapenv:Header/>
   <soapenv:Body>
      <v1:getOrganisationChildNodesRequest>
         <v1:messageContext>
         	  <v11:messageId>${=import static java.util.UUID.randomUUID; uuid = randomUUID() as String}</v11:messageId>
            <v11:timestamp>${=new java.text.SimpleDateFormat("yyyy-MM-dd'T'HH:mm:ss.SSS").format(new Date())}</v11:timestamp>
         </v1:messageContext>
         <v1:legalContext>ServiceIntegrator</v1:legalContext>
         <v1:request>
            <v1:Domain>QUAL_FED_HEALTHCARE</v1:Domain>
            <v1:OrganisationId>
               <v31:Identifier>1990000431</v31:Identifier>
               <v31:IdentifierType>BEEHP</v31:IdentifierType>
            </v1:OrganisationId>
            <v1:Language>nl</v1:Language>
         </v1:request>
      </v1:getOrganisationChildNodesRequest>
   </soapenv:Body>
</soapenv:Envelope>]]></con:request><con:credentials><con:selectedAuthProfile>Basic</con:selectedAuthProfile><con:addedBasicAuthenticationTypes>Basic</con:addedBasicAuthenticationTypes><con:authType>Global HTTP Settings</con:authType></con:credentials><con:jmsConfig JMSDeliveryMode="PERSISTENT"/><con:jmsPropertyConfig/><con:wsaConfig mustUnderstand="NONE" version="200508" action="http://fidus.brussels/services/accessmanagerservice/getOrganisationChildNodes"/><con:wsrmConfig version="1.2"/></con:call><con:call id="481b251d-b566-4b08-aea6-d4f44e773461" name="3 - Test - Worker2 - Request" incomingWss="Inflow TEST" outgoingWss="Outflow TEST"><con:settings><con:setting id="com.eviware.soapui.impl.wsdl.WsdlRequest@request-headers">&lt;xml-fragment/></con:setting></con:settings><con:encoding>UTF-8</con:encoding><con:endpoint>https://192.168.22.54:8443/services/AccessManagerService_v1.0</con:endpoint><con:request><![CDATA[<soapenv:Envelope xmlns:soapenv="http://schemas.xmlsoap.org/soap/envelope/" xmlns:v1="http://fidus.brussels/service/accessmanagerservice/messages/v1" xmlns:v11="http://fidus.brussels/type/common/messages/v1" xmlns:v31="http://socialsecurity.be/umanentityrepresentative/types/v3">
   <soapenv:Header/>
   <soapenv:Body>
      <v1:getOrganisationChildNodesRequest>
         <v1:messageContext>
         	  <v11:messageId>${=import static java.util.UUID.randomUUID; uuid = randomUUID() as String}</v11:messageId>
            <v11:timestamp>${=new java.text.SimpleDateFormat("yyyy-MM-dd'T'HH:mm:ss.SSS").format(new Date())}</v11:timestamp>
         </v1:messageContext>
         <v1:legalContext>ServiceIntegrator</v1:legalContext>
         <v1:request>
            <v1:Domain>QUAL_FED_HEALTHCARE</v1:Domain>
            <v1:OrganisationId>
               <v31:Identifier>1990000431</v31:Identifier>
               <v31:IdentifierType>BEEHP</v31:IdentifierType>
            </v1:OrganisationId>
            <v1:Language>nl</v1:Language>
         </v1:request>
      </v1:getOrganisationChildNodesRequest>
   </soapenv:Body>
</soapenv:Envelope>]]></con:request><con:credentials><con:selectedAuthProfile>Basic</con:selectedAuthProfile><con:addedBasicAuthenticationTypes>Basic</con:addedBasicAuthenticationTypes><con:authType>Global HTTP Settings</con:authType></con:credentials><con:jmsConfig JMSDeliveryMode="PERSISTENT"/><con:jmsPropertyConfig/><con:wsaConfig mustUnderstand="NONE" version="200508" action="http://fidus.brussels/services/accessmanagerservice/getOrganisationChildNodes"/><con:wsrmConfig version="1.2"/></con:call><con:call id="0921d4fe-5316-41a3-90d9-4c1e442ef5ea" name="4 - Staging - Worker1 - Request" incomingWss="Inflow STAGING" outgoingWss="Outflow STAGING"><con:settings><con:setting id="com.eviware.soapui.impl.wsdl.WsdlRequest@request-headers">&lt;xml-fragment/></con:setting></con:settings><con:encoding>UTF-8</con:encoding><con:endpoint>https://192.168.24.16:8443/services/AccessManagerService_v1.0</con:endpoint><con:request><![CDATA[<soapenv:Envelope xmlns:soapenv="http://schemas.xmlsoap.org/soap/envelope/" xmlns:v1="http://fidus.brussels/service/accessmanagerservice/messages/v1" xmlns:v11="http://fidus.brussels/type/common/messages/v1" xmlns:v31="http://socialsecurity.be/umanentityrepresentative/types/v3">
   <soapenv:Header/>
   <soapenv:Body>
      <v1:getOrganisationChildNodesRequest>
         <v1:messageContext>
         	  <v11:messageId>${=import static java.util.UUID.randomUUID; uuid = randomUUID() as String}</v11:messageId>
            <v11:timestamp>${=new java.text.SimpleDateFormat("yyyy-MM-dd'T'HH:mm:ss.SSS").format(new Date())}</v11:timestamp>
         </v1:messageContext>
         <v1:legalContext>ServiceIntegrator</v1:legalContext>
         <v1:request>
            <v1:Domain>QUAL_FED_HEALTHCARE</v1:Domain>
            <v1:OrganisationId>
               <v31:Identifier>1990000431</v31:Identifier>
               <v31:IdentifierType>BEEHP</v31:IdentifierType>
            </v1:OrganisationId>
            <v1:Language>nl</v1:Language>
         </v1:request>
      </v1:getOrganisationChildNodesRequest>
   </soapenv:Body>
</soapenv:Envelope>]]></con:request><con:credentials><con:selectedAuthProfile>Basic</con:selectedAuthProfile><con:addedBasicAuthenticationTypes>Basic</con:addedBasicAuthenticationTypes><con:authType>Global HTTP Settings</con:authType></con:credentials><con:jmsConfig JMSDeliveryMode="PERSISTENT"/><con:jmsPropertyConfig/><con:wsaConfig mustUnderstand="NONE" version="200508" action="http://fidus.brussels/services/accessmanagerservice/getOrganisationChildNodes"/><con:wsrmConfig version="1.2"/></con:call><con:call id="6062bc62-0548-479c-8ca8-47164dad11fb" name="4 - Staging - Worker2 - Request" incomingWss="Inflow STAGING" outgoingWss="Outflow STAGING"><con:settings><con:setting id="com.eviware.soapui.impl.wsdl.WsdlRequest@request-headers">&lt;xml-fragment/></con:setting></con:settings><con:encoding>UTF-8</con:encoding><con:endpoint>https://192.168.24.17:8443/services/AccessManagerService_v1.0</con:endpoint><con:request><![CDATA[<soapenv:Envelope xmlns:soapenv="http://schemas.xmlsoap.org/soap/envelope/" xmlns:v1="http://fidus.brussels/service/accessmanagerservice/messages/v1" xmlns:v11="http://fidus.brussels/type/common/messages/v1" xmlns:v31="http://socialsecurity.be/umanentityrepresentative/types/v3">
   <soapenv:Header/>
   <soapenv:Body>
      <v1:getOrganisationChildNodesRequest>
         <v1:messageContext>
         	  <v11:messageId>${=import static java.util.UUID.randomUUID; uuid = randomUUID() as String}</v11:messageId>
            <v11:timestamp>${=new java.text.SimpleDateFormat("yyyy-MM-dd'T'HH:mm:ss.SSS").format(new Date())}</v11:timestamp>
         </v1:messageContext>
         <v1:legalContext>ServiceIntegrator</v1:legalContext>
         <v1:request>
            <v1:Domain>QUAL_FED_HEALTHCARE</v1:Domain>
            <v1:OrganisationId>
               <v31:Identifier>1990000431</v31:Identifier>
               <v31:IdentifierType>BEEHP</v31:IdentifierType>
            </v1:OrganisationId>
            <v1:Language>nl</v1:Language>
         </v1:request>
      </v1:getOrganisationChildNodesRequest>
   </soapenv:Body>
</soapenv:Envelope>]]></con:request><con:credentials><con:selectedAuthProfile>Basic</con:selectedAuthProfile><con:addedBasicAuthenticationTypes>Basic</con:addedBasicAuthenticationTypes><con:authType>Global HTTP Settings</con:authType></con:credentials><con:jmsConfig JMSDeliveryMode="PERSISTENT"/><con:jmsPropertyConfig/><con:wsaConfig mustUnderstand="NONE" version="200508" action="http://fidus.brussels/services/accessmanagerservice/getOrganisationChildNodes"/><con:wsrmConfig version="1.2"/></con:call><con:call id="4582e159-15cd-4905-a4e9-339b9c4ac4d0" name="5 - Prod - LB - Request" incomingWss="Inflow PROD" outgoingWss="Outflow PROD"><con:settings><con:setting id="com.eviware.soapui.impl.wsdl.WsdlRequest@request-headers">&lt;xml-fragment/></con:setting></con:settings><con:encoding>UTF-8</con:encoding><con:endpoint>https://fidus-esb-sg.prd.srv.cirb.lan:8443/services/AccessManagerService_v1.0</con:endpoint><con:request><![CDATA[<soapenv:Envelope xmlns:soapenv="http://schemas.xmlsoap.org/soap/envelope/" xmlns:v1="http://fidus.brussels/service/accessmanagerservice/messages/v1" xmlns:v11="http://fidus.brussels/type/common/messages/v1" xmlns:v31="http://socialsecurity.be/umanentityrepresentative/types/v3">
   <soapenv:Header/>
   <soapenv:Body>
      <v1:getOrganisationChildNodesRequest>
         <v1:messageContext>
         	  <v11:messageId>${=import static java.util.UUID.randomUUID; uuid = randomUUID() as String}</v11:messageId>
            <v11:timestamp>${=new java.text.SimpleDateFormat("yyyy-MM-dd'T'HH:mm:ss.SSS").format(new Date())}</v11:timestamp>
         </v1:messageContext>
         <v1:legalContext>ServiceIntegrator</v1:legalContext>
         <v1:request>
            <v1:Domain>QUAL_FED_HEALTHCARE</v1:Domain>
            <v1:OrganisationId>
               <v31:Identifier>1990000431</v31:Identifier>
               <v31:IdentifierType>BEEHP</v31:IdentifierType>
            </v1:OrganisationId>
            <v1:Language>nl</v1:Language>
         </v1:request>
      </v1:getOrganisationChildNodesRequest>
   </soapenv:Body>
</soapenv:Envelope>]]></con:request><con:credentials><con:selectedAuthProfile>Basic</con:selectedAuthProfile><con:addedBasicAuthenticationTypes>Basic</con:addedBasicAuthenticationTypes><con:authType>Global HTTP Settings</con:authType></con:credentials><con:jmsConfig JMSDeliveryMode="PERSISTENT"/><con:jmsPropertyConfig/><con:wsaConfig mustUnderstand="NONE" version="200508" action="http://fidus.brussels/services/accessmanagerservice/getOrganisationChildNodes"/><con:wsrmConfig version="1.2"/></con:call><con:call id="515addc6-997a-4a6a-aa8c-449cbc184e2c" name="5 - Prod - Worker1 - Request" incomingWss="Inflow PROD" outgoingWss="Outflow PROD"><con:settings><con:setting id="com.eviware.soapui.impl.wsdl.WsdlRequest@request-headers">&lt;xml-fragment/></con:setting></con:settings><con:encoding>UTF-8</con:encoding><con:endpoint>https://192.168.26.22:8443/services/AccessManagerService_v1.0</con:endpoint><con:request><![CDATA[<soapenv:Envelope xmlns:soapenv="http://schemas.xmlsoap.org/soap/envelope/" xmlns:v1="http://fidus.brussels/service/accessmanagerservice/messages/v1" xmlns:v11="http://fidus.brussels/type/common/messages/v1" xmlns:v31="http://socialsecurity.be/umanentityrepresentative/types/v3">
   <soapenv:Header/>
   <soapenv:Body>
      <v1:getOrganisationChildNodesRequest>
         <v1:messageContext>
         	  <v11:messageId>${=import static java.util.UUID.randomUUID; uuid = randomUUID() as String}</v11:messageId>
            <v11:timestamp>${=new java.text.SimpleDateFormat("yyyy-MM-dd'T'HH:mm:ss.SSS").format(new Date())}</v11:timestamp>
         </v1:messageContext>
         <v1:legalContext>ServiceIntegrator</v1:legalContext>
         <v1:request>
            <v1:Domain>QUAL_FED_HEALTHCARE</v1:Domain>
            <v1:OrganisationId>
               <v31:Identifier>1990000431</v31:Identifier>
               <v31:IdentifierType>BEEHP</v31:IdentifierType>
            </v1:OrganisationId>
            <v1:Language>nl</v1:Language>
         </v1:request>
      </v1:getOrganisationChildNodesRequest>
   </soapenv:Body>
</soapenv:Envelope>]]></con:request><con:credentials><con:selectedAuthProfile>Basic</con:selectedAuthProfile><con:addedBasicAuthenticationTypes>Basic</con:addedBasicAuthenticationTypes><con:authType>Global HTTP Settings</con:authType></con:credentials><con:jmsConfig JMSDeliveryMode="PERSISTENT"/><con:jmsPropertyConfig/><con:wsaConfig mustUnderstand="NONE" version="200508" action="http://fidus.brussels/services/accessmanagerservice/getOrganisationChildNodes"/><con:wsrmConfig version="1.2"/></con:call><con:call id="18a8a466-7266-4883-9a71-2c9e8b94b94a" name="5 - Prod - Worker2 - Request" incomingWss="Inflow PROD" outgoingWss="Outflow PROD"><con:settings><con:setting id="com.eviware.soapui.impl.wsdl.WsdlRequest@request-headers">&lt;xml-fragment/></con:setting></con:settings><con:encoding>UTF-8</con:encoding><con:endpoint>https://192.168.26.19:8443/services/AccessManagerService_v1.0</con:endpoint><con:request><![CDATA[<soapenv:Envelope xmlns:soapenv="http://schemas.xmlsoap.org/soap/envelope/" xmlns:v1="http://fidus.brussels/service/accessmanagerservice/messages/v1" xmlns:v11="http://fidus.brussels/type/common/messages/v1" xmlns:v31="http://socialsecurity.be/umanentityrepresentative/types/v3">
   <soapenv:Header/>
   <soapenv:Body>
      <v1:getOrganisationChildNodesRequest>
         <v1:messageContext>
         	  <v11:messageId>${=import static java.util.UUID.randomUUID; uuid = randomUUID() as String}</v11:messageId>
            <v11:timestamp>${=new java.text.SimpleDateFormat("yyyy-MM-dd'T'HH:mm:ss.SSS").format(new Date())}</v11:timestamp>
         </v1:messageContext>
         <v1:legalContext>ServiceIntegrator</v1:legalContext>
         <v1:request>
            <v1:Domain>QUAL_FED_HEALTHCARE</v1:Domain>
            <v1:OrganisationId>
               <v31:Identifier>1990000431</v31:Identifier>
               <v31:IdentifierType>BEEHP</v31:IdentifierType>
            </v1:OrganisationId>
            <v1:Language>nl</v1:Language>
         </v1:request>
      </v1:getOrganisationChildNodesRequest>
   </soapenv:Body>
</soapenv:Envelope>]]></con:request><con:credentials><con:selectedAuthProfile>Basic</con:selectedAuthProfile><con:addedBasicAuthenticationTypes>Basic</con:addedBasicAuthenticationTypes><con:authType>Global HTTP Settings</con:authType></con:credentials><con:jmsConfig JMSDeliveryMode="PERSISTENT"/><con:jmsPropertyConfig/><con:wsaConfig mustUnderstand="NONE" version="200508" action="http://fidus.brussels/services/accessmanagerservice/getOrganisationChildNodes"/><con:wsrmConfig version="1.2"/></con:call><con:call id="2be96f5a-0675-4575-86f6-7a94a23ba173" name="3 - Test - Worker1New - Request" outgoingWss="Outflow TEST" incomingWss="Inflow TEST"><con:settings><con:setting id="com.eviware.soapui.impl.wsdl.WsdlRequest@request-headers">&lt;xml-fragment/></con:setting></con:settings><con:encoding>UTF-8</con:encoding><con:endpoint>https://192.168.22.73:8443/services/AccessManagerService_v1.0</con:endpoint><con:request><![CDATA[<soapenv:Envelope xmlns:soapenv="http://schemas.xmlsoap.org/soap/envelope/" xmlns:v1="http://fidus.brussels/service/accessmanagerservice/messages/v1" xmlns:v11="http://fidus.brussels/type/common/messages/v1" xmlns:v31="http://socialsecurity.be/umanentityrepresentative/types/v3">
   <soapenv:Header/>
   <soapenv:Body>
      <v1:getOrganisationChildNodesRequest>
         <v1:messageContext>
         	  <v11:messageId>${=import static java.util.UUID.randomUUID; uuid = randomUUID() as String}</v11:messageId>
            <v11:timestamp>${=new java.text.SimpleDateFormat("yyyy-MM-dd'T'HH:mm:ss.SSS").format(new Date())}</v11:timestamp>
         </v1:messageContext>
         <v1:legalContext>ServiceIntegrator</v1:legalContext>
         <v1:request>
            <v1:Domain>QUAL_FED_HEALTHCARE</v1:Domain>
            <v1:OrganisationId>
               <v31:Identifier>1990000431</v31:Identifier>
               <v31:IdentifierType>BEEHP</v31:IdentifierType>
            </v1:OrganisationId>
            <v1:Language>nl</v1:Language>
         </v1:request>
      </v1:getOrganisationChildNodesRequest>
   </soapenv:Body>
</soapenv:Envelope>]]></con:request><con:credentials><con:selectedAuthProfile>Basic</con:selectedAuthProfile><con:addedBasicAuthenticationTypes>Basic</con:addedBasicAuthenticationTypes><con:authType>Global HTTP Settings</con:authType></con:credentials><con:jmsConfig JMSDeliveryMode="PERSISTENT"/><con:jmsPropertyConfig/><con:wsaConfig mustUnderstand="NONE" version="200508" action="http://fidus.brussels/services/accessmanagerservice/getOrganisationChildNodes"/><con:wsrmConfig version="1.2"/></con:call><con:call id="d8ca8bec-fbad-4caf-8049-84ee0cd6264a" name="3 - Test - Worker2New - Request" outgoingWss="Outflow TEST" incomingWss="Inflow TEST"><con:settings><con:setting id="com.eviware.soapui.impl.wsdl.WsdlRequest@request-headers">&lt;xml-fragment/></con:setting></con:settings><con:encoding>UTF-8</con:encoding><con:endpoint>https://192.168.22.93:8443/services/AccessManagerService_v1.0</con:endpoint><con:request><![CDATA[<soapenv:Envelope xmlns:soapenv="http://schemas.xmlsoap.org/soap/envelope/" xmlns:v1="http://fidus.brussels/service/accessmanagerservice/messages/v1" xmlns:v11="http://fidus.brussels/type/common/messages/v1" xmlns:v31="http://socialsecurity.be/umanentityrepresentative/types/v3">
   <soapenv:Header/>
   <soapenv:Body>
      <v1:getOrganisationChildNodesRequest>
         <v1:messageContext>
         	  <v11:messageId>${=import static java.util.UUID.randomUUID; uuid = randomUUID() as String}</v11:messageId>
            <v11:timestamp>${=new java.text.SimpleDateFormat("yyyy-MM-dd'T'HH:mm:ss.SSS").format(new Date())}</v11:timestamp>
         </v1:messageContext>
         <v1:legalContext>ServiceIntegrator</v1:legalContext>
         <v1:request>
            <v1:Domain>QUAL_FED_HEALTHCARE</v1:Domain>
            <v1:OrganisationId>
               <v31:Identifier>1990000431</v31:Identifier>
               <v31:IdentifierType>BEEHP</v31:IdentifierType>
            </v1:OrganisationId>
            <v1:Language>nl</v1:Language>
         </v1:request>
      </v1:getOrganisationChildNodesRequest>
   </soapenv:Body>
</soapenv:Envelope>]]></con:request><con:credentials><con:selectedAuthProfile>Basic</con:selectedAuthProfile><con:addedBasicAuthenticationTypes>Basic</con:addedBasicAuthenticationTypes><con:authType>Global HTTP Settings</con:authType></con:credentials><con:jmsConfig JMSDeliveryMode="PERSISTENT"/><con:jmsPropertyConfig/><con:wsaConfig mustUnderstand="NONE" version="200508" action="http://fidus.brussels/services/accessmanagerservice/getOrganisationChildNodes"/><con:wsrmConfig version="1.2"/></con:call><con:call id="e65b6270-9a46-4151-91f2-ae0911b63308" name="4 - Staging - Worker1New - Request"><con:settings><con:setting id="com.eviware.soapui.impl.wsdl.WsdlRequest@request-headers">&lt;xml-fragment/></con:setting></con:settings><con:encoding>UTF-8</con:encoding><con:endpoint>https://192.168.23.191:8443/services/AccessManagerService_v1.0</con:endpoint><con:request><![CDATA[<soapenv:Envelope xmlns:soapenv="http://schemas.xmlsoap.org/soap/envelope/" xmlns:v1="http://fidus.brussels/service/accessmanagerservice/messages/v1" xmlns:v11="http://fidus.brussels/type/common/messages/v1" xmlns:v31="http://socialsecurity.be/umanentityrepresentative/types/v3">
   <soapenv:Header/>
   <soapenv:Body>
      <v1:getOrganisationChildNodesRequest>
         <v1:messageContext>
         	  <v11:messageId>${=import static java.util.UUID.randomUUID; uuid = randomUUID() as String}</v11:messageId>
            <v11:timestamp>${=new java.text.SimpleDateFormat("yyyy-MM-dd'T'HH:mm:ss.SSS").format(new Date())}</v11:timestamp>
         </v1:messageContext>
         <v1:legalContext>ServiceIntegrator</v1:legalContext>
         <v1:request>
            <v1:Domain>QUAL_FED_HEALTHCARE</v1:Domain>
            <v1:OrganisationId>
               <v31:Identifier>1990000431</v31:Identifier>
               <v31:IdentifierType>BEEHP</v31:IdentifierType>
            </v1:OrganisationId>
            <v1:Language>nl</v1:Language>
         </v1:request>
      </v1:getOrganisationChildNodesRequest>
   </soapenv:Body>
</soapenv:Envelope>]]></con:request><con:credentials><con:selectedAuthProfile>Basic</con:selectedAuthProfile><con:addedBasicAuthenticationTypes>Basic</con:addedBasicAuthenticationTypes><con:authType>Global HTTP Settings</con:authType></con:credentials><con:jmsConfig JMSDeliveryMode="PERSISTENT"/><con:jmsPropertyConfig/><con:wsaConfig mustUnderstand="NONE" version="200508" action="http://fidus.brussels/services/accessmanagerservice/getOrganisationChildNodes"/><con:wsrmConfig version="1.2"/></con:call><con:call id="4d8e496c-2914-4d31-8939-cc2b2cc0a070" name="4 - Staging - Worker2New - Request"><con:settings><con:setting id="com.eviware.soapui.impl.wsdl.WsdlRequest@request-headers">&lt;xml-fragment/></con:setting></con:settings><con:encoding>UTF-8</con:encoding><con:endpoint>https://192.168.23.198:8443/services/AccessManagerService_v1.0</con:endpoint><con:request><![CDATA[<soapenv:Envelope xmlns:soapenv="http://schemas.xmlsoap.org/soap/envelope/" xmlns:v1="http://fidus.brussels/service/accessmanagerservice/messages/v1" xmlns:v11="http://fidus.brussels/type/common/messages/v1" xmlns:v31="http://socialsecurity.be/umanentityrepresentative/types/v3">
   <soapenv:Header/>
   <soapenv:Body>
      <v1:getOrganisationChildNodesRequest>
         <v1:messageContext>
         	  <v11:messageId>${=import static java.util.UUID.randomUUID; uuid = randomUUID() as String}</v11:messageId>
            <v11:timestamp>${=new java.text.SimpleDateFormat("yyyy-MM-dd'T'HH:mm:ss.SSS").format(new Date())}</v11:timestamp>
         </v1:messageContext>
         <v1:legalContext>ServiceIntegrator</v1:legalContext>
         <v1:request>
            <v1:Domain>QUAL_FED_HEALTHCARE</v1:Domain>
            <v1:OrganisationId>
               <v31:Identifier>1990000431</v31:Identifier>
               <v31:IdentifierType>BEEHP</v31:IdentifierType>
            </v1:OrganisationId>
            <v1:Language>nl</v1:Language>
         </v1:request>
      </v1:getOrganisationChildNodesRequest>
   </soapenv:Body>
</soapenv:Envelope>]]></con:request><con:credentials><con:selectedAuthProfile>Basic</con:selectedAuthProfile><con:addedBasicAuthenticationTypes>Basic</con:addedBasicAuthenticationTypes><con:authType>Global HTTP Settings</con:authType></con:credentials><con:jmsConfig JMSDeliveryMode="PERSISTENT"/><con:jmsPropertyConfig/><con:wsaConfig mustUnderstand="NONE" version="200508" action="http://fidus.brussels/services/accessmanagerservice/getOrganisationChildNodes"/><con:wsrmConfig version="1.2"/></con:call><con:call id="ffc96288-3ce8-4431-a607-f636b852ebb5" name="3 - Test - External - Request" outgoingWss="Outflow TEST" incomingWss="Inflow TEST"><con:settings><con:setting id="com.eviware.soapui.impl.wsdl.WsdlRequest@request-headers">&lt;xml-fragment/></con:setting></con:settings><con:encoding>UTF-8</con:encoding><con:endpoint>https://esb-security-gw.sta.srv.cirb.lan:8443/services/AccessManagerService_v1.0</con:endpoint><con:request><![CDATA[<soapenv:Envelope xmlns:soapenv="http://schemas.xmlsoap.org/soap/envelope/" xmlns:v1="http://fidus.brussels/service/accessmanagerservice/messages/v1" xmlns:v11="http://fidus.brussels/type/common/messages/v1" xmlns:v31="http://socialsecurity.be/umanentityrepresentative/types/v3">
   <soapenv:Header/>
   <soapenv:Body>
      <v1:getOrganisationChildNodesRequest>
         <v1:messageContext>
         	  <v11:messageId>${=import static java.util.UUID.randomUUID; uuid = randomUUID() as String}</v11:messageId>
            <v11:timestamp>${=new java.text.SimpleDateFormat("yyyy-MM-dd'T'HH:mm:ss.SSS").format(new Date())}</v11:timestamp>
         </v1:messageContext>
         <v1:legalContext>ServiceIntegrator</v1:legalContext>
         <v1:request>
            <v1:Domain>QUAL_FED_HEALTHCARE</v1:Domain>
            <v1:OrganisationId>
               <v31:Identifier>1990000431</v31:Identifier>
               <v31:IdentifierType>BEEHP</v31:IdentifierType>
            </v1:OrganisationId>
            <v1:Language>nl</v1:Language>
         </v1:request>
      </v1:getOrganisationChildNodesRequest>
   </soapenv:Body>
</soapenv:Envelope>]]></con:request><con:credentials><con:selectedAuthProfile>Basic</con:selectedAuthProfile><con:addedBasicAuthenticationTypes>Basic</con:addedBasicAuthenticationTypes><con:authType>Global HTTP Settings</con:authType></con:credentials><con:jmsConfig JMSDeliveryMode="PERSISTENT"/><con:jmsPropertyConfig/><con:wsaConfig mustUnderstand="NONE" version="200508" action="http://fidus.brussels/services/accessmanagerservice/getOrganisationChildNodes"/><con:wsrmConfig version="1.2"/></con:call><con:call id="034b6265-8df2-4368-859e-7258b2711c1c" name="4 - Staging - External - Request" outgoingWss="Outflow STAGING" incomingWss="Inflow STAGING"><con:settings><con:setting id="com.eviware.soapui.impl.wsdl.WsdlRequest@request-headers">&lt;xml-fragment/></con:setting></con:settings><con:encoding>UTF-8</con:encoding><con:endpoint>https://fidus-esb-sg.sta.srv.cirb.lan:8443/services/AccessManagerService_v1.0</con:endpoint><con:request><![CDATA[<soapenv:Envelope xmlns:soapenv="http://schemas.xmlsoap.org/soap/envelope/" xmlns:v1="http://fidus.brussels/service/accessmanagerservice/messages/v1" xmlns:v11="http://fidus.brussels/type/common/messages/v1" xmlns:v31="http://socialsecurity.be/umanentityrepresentative/types/v3">
   <soapenv:Header/>
   <soapenv:Body>
      <v1:getOrganisationChildNodesRequest>
         <v1:messageContext>
         	  <v11:messageId>${=import static java.util.UUID.randomUUID; uuid = randomUUID() as String}</v11:messageId>
            <v11:timestamp>${=new java.text.SimpleDateFormat("yyyy-MM-dd'T'HH:mm:ss.SSS").format(new Date())}</v11:timestamp>
         </v1:messageContext>
         <v1:legalContext>ServiceIntegrator</v1:legalContext>
         <v1:request>
            <v1:Domain>QUAL_FED_HEALTHCARE</v1:Domain>
            <v1:OrganisationId>
               <v31:Identifier>1990000431</v31:Identifier>
               <v31:IdentifierType>BEEHP</v31:IdentifierType>
            </v1:OrganisationId>
            <v1:Language>nl</v1:Language>
         </v1:request>
      </v1:getOrganisationChildNodesRequest>
   </soapenv:Body>
</soapenv:Envelope>]]></con:request><con:credentials><con:selectedAuthProfile>Basic</con:selectedAuthProfile><con:addedBasicAuthenticationTypes>Basic</con:addedBasicAuthenticationTypes><con:authType>Global HTTP Settings</con:authType></con:credentials><con:jmsConfig JMSDeliveryMode="PERSISTENT"/><con:jmsPropertyConfig/><con:wsaConfig mustUnderstand="NONE" version="200508" action="http://fidus.brussels/services/accessmanagerservice/getOrganisationChildNodes"/><con:wsrmConfig version="1.2"/></con:call></con:operation><con:operation id="2299d7af-38c9-440a-987d-b2347fcfe1fe" isOneWay="false" action="http://fidus.brussels/services/accessmanagerservice/getOrganisationDenomination" name="getOrganisationDenomination" bindingOperationName="getOrganisationDenomination" type="Request-Response" inputName="" receivesAttachments="false" sendsAttachments="false" anonymous="optional"><con:settings/><con:call id="07310649-f415-4efc-964e-39193d4241ac" name="1 - Local - Request - OK" outgoingWss="Outflow DEV" incomingWss="Inflow DEV"><con:settings><con:setting id="com.eviware.soapui.impl.wsdl.WsdlRequest@request-headers">&lt;xml-fragment/></con:setting></con:settings><con:encoding>UTF-8</con:encoding><con:endpoint>https://localhost:8243/services/AccessManagerService_v1.0</con:endpoint><con:request><![CDATA[<soapenv:Envelope xmlns:soapenv="http://schemas.xmlsoap.org/soap/envelope/" xmlns:v1="http://fidus.brussels/service/accessmanagerservice/messages/v1" xmlns:v11="http://fidus.brussels/type/common/messages/v1" xmlns:v31="http://socialsecurity.be/umanentityrepresentative/types/v3">
   <soapenv:Header/>
   <soapenv:Body>
      <v1:getOrganisationDenominationRequest>
         <v1:messageContext>
         	  <v11:messageId>${=import static java.util.UUID.randomUUID; uuid = randomUUID() as String}</v11:messageId>
            <v11:timestamp>${=new java.text.SimpleDateFormat("yyyy-MM-dd'T'HH:mm:ss.SSS").format(new Date())}</v11:timestamp>
         </v1:messageContext>
         <v1:legalContext>ServiceIntegrator</v1:legalContext>
         <v1:request>
            <v1:Domain>QUAL_FED_HEALTHCARE</v1:Domain>
            <v1:OrganisationId>
               <v31:Identifier>1990000431</v31:Identifier>
               <v31:IdentifierType>BEEHP</v31:IdentifierType>
            </v1:OrganisationId>
            <v1:Language>nl</v1:Language>
         </v1:request>
      </v1:getOrganisationDenominationRequest>
   </soapenv:Body>
</soapenv:Envelope>]]></con:request><con:credentials><con:selectedAuthProfile>Basic</con:selectedAuthProfile><con:addedBasicAuthenticationTypes>Basic</con:addedBasicAuthenticationTypes><con:authType>Global HTTP Settings</con:authType></con:credentials><con:jmsConfig JMSDeliveryMode="PERSISTENT"/><con:jmsPropertyConfig/><con:wsaConfig mustUnderstand="NONE" version="200508" action="http://fidus.brussels/services/accessmanagerservice/getOrganisationDenomination"/><con:wsrmConfig version="1.2"/></con:call><con:call id="306f1b38-bf9b-4ba8-8fb6-5deee3d0420c" name="2 - Dev - Request - OK" outgoingWss="Outflow DEV" incomingWss="Inflow DEV"><con:settings><con:setting id="com.eviware.soapui.impl.wsdl.WsdlRequest@request-headers">&lt;xml-fragment/></con:setting></con:settings><con:encoding>UTF-8</con:encoding><con:endpoint>https://192.168.36.61:8243/services/AccessManagerService_v1.0</con:endpoint><con:request><![CDATA[<soapenv:Envelope xmlns:soapenv="http://schemas.xmlsoap.org/soap/envelope/" xmlns:v1="http://fidus.brussels/service/accessmanagerservice/messages/v1" xmlns:v11="http://fidus.brussels/type/common/messages/v1" xmlns:v31="http://socialsecurity.be/umanentityrepresentative/types/v3">
   <soapenv:Header/>
   <soapenv:Body>
      <v1:getOrganisationDenominationRequest>
         <v1:messageContext>
         	  <v11:messageId>${=import static java.util.UUID.randomUUID; uuid = randomUUID() as String}</v11:messageId>
            <v11:timestamp>${=new java.text.SimpleDateFormat("yyyy-MM-dd'T'HH:mm:ss.SSS").format(new Date())}</v11:timestamp>
         </v1:messageContext>
         <v1:legalContext>ServiceIntegrator</v1:legalContext>
         <v1:request>
            <v1:Domain>QUAL_FED_HEALTHCARE</v1:Domain>
            <v1:OrganisationId>
               <v31:Identifier>1990000431</v31:Identifier>
               <v31:IdentifierType>BEEHP</v31:IdentifierType>
            </v1:OrganisationId>
            <v1:Language>nl</v1:Language>
         </v1:request>
      </v1:getOrganisationDenominationRequest>
   </soapenv:Body>
</soapenv:Envelope>]]></con:request><con:credentials><con:selectedAuthProfile>Basic</con:selectedAuthProfile><con:addedBasicAuthenticationTypes>Basic</con:addedBasicAuthenticationTypes><con:authType>Global HTTP Settings</con:authType></con:credentials><con:jmsConfig JMSDeliveryMode="PERSISTENT"/><con:jmsPropertyConfig/><con:wsaConfig mustUnderstand="NONE" version="200508" action="http://fidus.brussels/services/accessmanagerservice/getOrganisationDenomination"/><con:wsrmConfig version="1.2"/></con:call><con:call id="5a5844cd-94f3-4f5d-ad4b-fd12a15ee986" name="3 - Test - LB - Request" incomingWss="Inflow TEST" outgoingWss="Outflow TEST"><con:settings><con:setting id="com.eviware.soapui.impl.wsdl.WsdlRequest@request-headers">&lt;xml-fragment/></con:setting></con:settings><con:encoding>UTF-8</con:encoding><con:endpoint>https://esb-security-gw.sta.srv.cirb.lan:8443/services/AccessManagerService_v1.0</con:endpoint><con:request><![CDATA[<soapenv:Envelope xmlns:soapenv="http://schemas.xmlsoap.org/soap/envelope/" xmlns:v1="http://fidus.brussels/service/accessmanagerservice/messages/v1" xmlns:v11="http://fidus.brussels/type/common/messages/v1" xmlns:v31="http://socialsecurity.be/umanentityrepresentative/types/v3">
   <soapenv:Header/>
   <soapenv:Body>
      <v1:getOrganisationDenominationRequest>
         <v1:messageContext>
         	  <v11:messageId>${=import static java.util.UUID.randomUUID; uuid = randomUUID() as String}</v11:messageId>
            <v11:timestamp>${=new java.text.SimpleDateFormat("yyyy-MM-dd'T'HH:mm:ss.SSS").format(new Date())}</v11:timestamp>
         </v1:messageContext>
         <v1:legalContext>ServiceIntegrator</v1:legalContext>
         <v1:request>
            <v1:Domain>QUAL_FED_HEALTHCARE</v1:Domain>
            <v1:OrganisationId>
               <v31:Identifier>1990000431</v31:Identifier>
               <v31:IdentifierType>BEEHP</v31:IdentifierType>
            </v1:OrganisationId>
            <v1:Language>nl</v1:Language>
         </v1:request>
      </v1:getOrganisationDenominationRequest>
   </soapenv:Body>
</soapenv:Envelope>]]></con:request><con:credentials><con:selectedAuthProfile>Basic</con:selectedAuthProfile><con:addedBasicAuthenticationTypes>Basic</con:addedBasicAuthenticationTypes><con:authType>Global HTTP Settings</con:authType></con:credentials><con:jmsConfig JMSDeliveryMode="PERSISTENT"/><con:jmsPropertyConfig/><con:wsaConfig mustUnderstand="NONE" version="200508" action="http://fidus.brussels/services/accessmanagerservice/getOrganisationDenomination"/><con:wsrmConfig version="1.2"/></con:call><con:call id="426eae98-574e-46c2-ba86-2db8aac9f6b9" name="4 - Staging - LB - Request" incomingWss="Inflow STAGING" outgoingWss="Outflow STAGING"><con:settings><con:setting id="com.eviware.soapui.impl.wsdl.WsdlRequest@request-headers">&lt;xml-fragment/></con:setting></con:settings><con:encoding>UTF-8</con:encoding><con:endpoint>https://fidus-esb-sg.sta.srv.cirb.lan:8443/services/AccessManagerService_v1.0</con:endpoint><con:request><![CDATA[<soapenv:Envelope xmlns:soapenv="http://schemas.xmlsoap.org/soap/envelope/" xmlns:v1="http://fidus.brussels/service/accessmanagerservice/messages/v1" xmlns:v11="http://fidus.brussels/type/common/messages/v1" xmlns:v31="http://socialsecurity.be/umanentityrepresentative/types/v3">
   <soapenv:Header/>
   <soapenv:Body>
      <v1:getOrganisationDenominationRequest>
         <v1:messageContext>
         	  <v11:messageId>${=import static java.util.UUID.randomUUID; uuid = randomUUID() as String}</v11:messageId>
            <v11:timestamp>${=new java.text.SimpleDateFormat("yyyy-MM-dd'T'HH:mm:ss.SSS").format(new Date())}</v11:timestamp>
         </v1:messageContext>
         <v1:legalContext>ServiceIntegrator</v1:legalContext>
         <v1:request>
            <v1:Domain>QUAL_FED_HEALTHCARE</v1:Domain>
            <v1:OrganisationId>
               <v31:Identifier>1990000431</v31:Identifier>
               <v31:IdentifierType>BEEHP</v31:IdentifierType>
            </v1:OrganisationId>
            <v1:Language>nl</v1:Language>
         </v1:request>
      </v1:getOrganisationDenominationRequest>
   </soapenv:Body>
</soapenv:Envelope>]]></con:request><con:credentials><con:selectedAuthProfile>Basic</con:selectedAuthProfile><con:addedBasicAuthenticationTypes>Basic</con:addedBasicAuthenticationTypes><con:authType>Global HTTP Settings</con:authType></con:credentials><con:jmsConfig JMSDeliveryMode="PERSISTENT"/><con:jmsPropertyConfig/><con:wsaConfig mustUnderstand="NONE" version="200508" action="http://fidus.brussels/services/accessmanagerservice/getOrganisationDenomination"/><con:wsrmConfig version="1.2"/></con:call><con:call id="03b77a72-3943-4e07-b958-93fb770ad897" name="5 - Prod - External - Request" incomingWss="Inflow PROD" outgoingWss="Outflow PROD"><con:settings><con:setting id="com.eviware.soapui.impl.wsdl.WsdlRequest@request-headers">&lt;xml-fragment/></con:setting></con:settings><con:encoding>UTF-8</con:encoding><con:endpoint>https://fidus-esb-sg.prd.srv.cirb.lan:8443/services/AccessManagerService_v1.0</con:endpoint><con:request><![CDATA[<soapenv:Envelope xmlns:soapenv="http://schemas.xmlsoap.org/soap/envelope/" xmlns:v1="http://fidus.brussels/service/accessmanagerservice/messages/v1" xmlns:v11="http://fidus.brussels/type/common/messages/v1" xmlns:v31="http://socialsecurity.be/umanentityrepresentative/types/v3">
   <soapenv:Header/>
   <soapenv:Body>
      <v1:getOrganisationDenominationRequest>
         <v1:messageContext>
         	  <v11:messageId>${=import static java.util.UUID.randomUUID; uuid = randomUUID() as String}</v11:messageId>
            <v11:timestamp>${=new java.text.SimpleDateFormat("yyyy-MM-dd'T'HH:mm:ss.SSS").format(new Date())}</v11:timestamp>
         </v1:messageContext>
         <v1:legalContext>ServiceIntegrator</v1:legalContext>
         <v1:request>
            <v1:Domain>QUAL_FED_HEALTHCARE</v1:Domain>
            <v1:OrganisationId>
               <v31:Identifier>1990000431</v31:Identifier>
               <v31:IdentifierType>BEEHP</v31:IdentifierType>
            </v1:OrganisationId>
            <v1:Language>nl</v1:Language>
         </v1:request>
      </v1:getOrganisationDenominationRequest>
   </soapenv:Body>
</soapenv:Envelope>]]></con:request><con:credentials><con:selectedAuthProfile>Basic</con:selectedAuthProfile><con:addedBasicAuthenticationTypes>Basic</con:addedBasicAuthenticationTypes><con:authType>Global HTTP Settings</con:authType></con:credentials><con:jmsConfig JMSDeliveryMode="PERSISTENT"/><con:jmsPropertyConfig/><con:wsaConfig mustUnderstand="NONE" version="200508" action="http://fidus.brussels/services/accessmanagerservice/getOrganisationDenomination"/><con:wsrmConfig version="1.2"/></con:call><con:call id="f9998c34-238b-4c06-8461-d9328df42a32" name="1 - Local - Request - Not Found" outgoingWss="Outflow DEV" incomingWss="Inflow DEV"><con:settings><con:setting id="com.eviware.soapui.impl.wsdl.WsdlRequest@request-headers">&lt;xml-fragment/></con:setting></con:settings><con:encoding>UTF-8</con:encoding><con:endpoint>https://localhost:8243/services/AccessManagerService_v1.0</con:endpoint><con:request><![CDATA[<soapenv:Envelope xmlns:soapenv="http://schemas.xmlsoap.org/soap/envelope/" xmlns:v1="http://fidus.brussels/service/accessmanagerservice/messages/v1" xmlns:v11="http://fidus.brussels/type/common/messages/v1" xmlns:v31="http://socialsecurity.be/umanentityrepresentative/types/v3">
   <soapenv:Header/>
   <soapenv:Body>
      <v1:getOrganisationDenominationRequest>
         <v1:messageContext>
         	  <v11:messageId>${=import static java.util.UUID.randomUUID; uuid = randomUUID() as String}</v11:messageId>
            <v11:timestamp>${=new java.text.SimpleDateFormat("yyyy-MM-dd'T'HH:mm:ss.SSS").format(new Date())}</v11:timestamp>
         </v1:messageContext>
         <v1:legalContext>ServiceIntegrator</v1:legalContext>
         <v1:request>
            <v1:Domain>EDUCATION</v1:Domain>
            <v1:OrganisationId>
               <v31:Identifier>1990000431</v31:Identifier>
               <v31:IdentifierType>BEEHP</v31:IdentifierType>
            </v1:OrganisationId>
            <v1:Language>nl</v1:Language>
         </v1:request>
      </v1:getOrganisationDenominationRequest>
   </soapenv:Body>
</soapenv:Envelope>]]></con:request><con:credentials><con:selectedAuthProfile>Basic</con:selectedAuthProfile><con:addedBasicAuthenticationTypes>Basic</con:addedBasicAuthenticationTypes><con:authType>Global HTTP Settings</con:authType></con:credentials><con:jmsConfig JMSDeliveryMode="PERSISTENT"/><con:jmsPropertyConfig/><con:wsaConfig mustUnderstand="NONE" version="200508" action="http://fidus.brussels/services/accessmanagerservice/getOrganisationDenomination"/><con:wsrmConfig version="1.2"/></con:call><con:call id="83646303-ee5f-4396-9454-027fd2bf8d1c" name="2 - Dev - Request - Not Found" incomingWss="Inflow DEV" outgoingWss="Outflow DEV"><con:settings><con:setting id="com.eviware.soapui.impl.wsdl.WsdlRequest@request-headers">&lt;xml-fragment/></con:setting></con:settings><con:encoding>UTF-8</con:encoding><con:endpoint>https://192.168.36.61:8243/services/AccessManagerService_v1.0</con:endpoint><con:request><![CDATA[<soapenv:Envelope xmlns:soapenv="http://schemas.xmlsoap.org/soap/envelope/" xmlns:v1="http://fidus.brussels/service/accessmanagerservice/messages/v1" xmlns:v11="http://fidus.brussels/type/common/messages/v1" xmlns:v31="http://socialsecurity.be/umanentityrepresentative/types/v3">
   <soapenv:Header/>
   <soapenv:Body>
      <v1:getOrganisationDenominationRequest>
         <v1:messageContext>
         	  <v11:messageId>${=import static java.util.UUID.randomUUID; uuid = randomUUID() as String}</v11:messageId>
            <v11:timestamp>${=new java.text.SimpleDateFormat("yyyy-MM-dd'T'HH:mm:ss.SSS").format(new Date())}</v11:timestamp>
         </v1:messageContext>
         <v1:legalContext>ServiceIntegrator</v1:legalContext>
         <v1:request>
            <v1:Domain>EDUCATION</v1:Domain>
            <v1:OrganisationId>
               <v31:Identifier>1990000431</v31:Identifier>
               <v31:IdentifierType>BEEHP</v31:IdentifierType>
            </v1:OrganisationId>
            <v1:Language>nl</v1:Language>
         </v1:request>
      </v1:getOrganisationDenominationRequest>
   </soapenv:Body>
</soapenv:Envelope>]]></con:request><con:credentials><con:selectedAuthProfile>Basic</con:selectedAuthProfile><con:addedBasicAuthenticationTypes>Basic</con:addedBasicAuthenticationTypes><con:authType>Global HTTP Settings</con:authType></con:credentials><con:jmsConfig JMSDeliveryMode="PERSISTENT"/><con:jmsPropertyConfig/><con:wsaConfig mustUnderstand="NONE" version="200508" action="http://fidus.brussels/services/accessmanagerservice/getOrganisationDenomination"/><con:wsrmConfig version="1.2"/></con:call><con:call id="87df3c37-784a-4f98-93c2-7f42369ac057" name="3 - Test - Worker1 - Request" incomingWss="Inflow TEST" outgoingWss="Outflow TEST"><con:settings><con:setting id="com.eviware.soapui.impl.wsdl.WsdlRequest@request-headers">&lt;xml-fragment/></con:setting></con:settings><con:encoding>UTF-8</con:encoding><con:endpoint>https://192.168.22.53:8443/services/AccessManagerService_v1.0</con:endpoint><con:request><![CDATA[<soapenv:Envelope xmlns:soapenv="http://schemas.xmlsoap.org/soap/envelope/" xmlns:v1="http://fidus.brussels/service/accessmanagerservice/messages/v1" xmlns:v11="http://fidus.brussels/type/common/messages/v1" xmlns:v31="http://socialsecurity.be/umanentityrepresentative/types/v3">
   <soapenv:Header/>
   <soapenv:Body>
      <v1:getOrganisationDenominationRequest>
         <v1:messageContext>
         	  <v11:messageId>${=import static java.util.UUID.randomUUID; uuid = randomUUID() as String}</v11:messageId>
            <v11:timestamp>${=new java.text.SimpleDateFormat("yyyy-MM-dd'T'HH:mm:ss.SSS").format(new Date())}</v11:timestamp>
         </v1:messageContext>
         <v1:legalContext>ServiceIntegrator</v1:legalContext>
         <v1:request>
            <v1:Domain>QUAL_FED_HEALTHCARE</v1:Domain>
            <v1:OrganisationId>
               <v31:Identifier>1990000431</v31:Identifier>
               <v31:IdentifierType>BEEHP</v31:IdentifierType>
            </v1:OrganisationId>
            <v1:Language>nl</v1:Language>
         </v1:request>
      </v1:getOrganisationDenominationRequest>
   </soapenv:Body>
</soapenv:Envelope>]]></con:request><con:credentials><con:selectedAuthProfile>Basic</con:selectedAuthProfile><con:addedBasicAuthenticationTypes>Basic</con:addedBasicAuthenticationTypes><con:authType>Global HTTP Settings</con:authType></con:credentials><con:jmsConfig JMSDeliveryMode="PERSISTENT"/><con:jmsPropertyConfig/><con:wsaConfig mustUnderstand="NONE" version="200508" action="http://fidus.brussels/services/accessmanagerservice/getOrganisationDenomination"/><con:wsrmConfig version="1.2"/></con:call><con:call id="eab9387f-40ed-4e7f-be8f-3dec758f787e" name="3 - Test - Worker2 - Request" outgoingWss="Outflow TEST" incomingWss="Inflow TEST"><con:settings><con:setting id="com.eviware.soapui.impl.wsdl.WsdlRequest@request-headers">&lt;xml-fragment/></con:setting></con:settings><con:encoding>UTF-8</con:encoding><con:endpoint>https://192.168.22.54:8443/services/AccessManagerService_v1.0</con:endpoint><con:request><![CDATA[<soapenv:Envelope xmlns:soapenv="http://schemas.xmlsoap.org/soap/envelope/" xmlns:v1="http://fidus.brussels/service/accessmanagerservice/messages/v1" xmlns:v11="http://fidus.brussels/type/common/messages/v1" xmlns:v31="http://socialsecurity.be/umanentityrepresentative/types/v3">
   <soapenv:Header/>
   <soapenv:Body>
      <v1:getOrganisationDenominationRequest>
         <v1:messageContext>
         	  <v11:messageId>${=import static java.util.UUID.randomUUID; uuid = randomUUID() as String}</v11:messageId>
            <v11:timestamp>${=new java.text.SimpleDateFormat("yyyy-MM-dd'T'HH:mm:ss.SSS").format(new Date())}</v11:timestamp>
         </v1:messageContext>
         <v1:legalContext>ServiceIntegrator</v1:legalContext>
         <v1:request>
            <v1:Domain>QUAL_FED_HEALTHCARE</v1:Domain>
            <v1:OrganisationId>
               <v31:Identifier>1990000431</v31:Identifier>
               <v31:IdentifierType>BEEHP</v31:IdentifierType>
            </v1:OrganisationId>
            <v1:Language>nl</v1:Language>
         </v1:request>
      </v1:getOrganisationDenominationRequest>
   </soapenv:Body>
</soapenv:Envelope>]]></con:request><con:credentials><con:selectedAuthProfile>Basic</con:selectedAuthProfile><con:addedBasicAuthenticationTypes>Basic</con:addedBasicAuthenticationTypes><con:authType>Global HTTP Settings</con:authType></con:credentials><con:jmsConfig JMSDeliveryMode="PERSISTENT"/><con:jmsPropertyConfig/><con:wsaConfig mustUnderstand="NONE" version="200508" action="http://fidus.brussels/services/accessmanagerservice/getOrganisationDenomination"/><con:wsrmConfig version="1.2"/></con:call><con:call id="5eaa34e2-a766-420f-9e1d-6ad2649c22d8" name="4 - Staging - Worker1 - Request" incomingWss="Inflow STAGING" outgoingWss="Outflow STAGING"><con:settings><con:setting id="com.eviware.soapui.impl.wsdl.WsdlRequest@request-headers">&lt;xml-fragment/></con:setting></con:settings><con:encoding>UTF-8</con:encoding><con:endpoint>https://192.168.24.16:8443/services/AccessManagerService_v1.0</con:endpoint><con:request><![CDATA[<soapenv:Envelope xmlns:soapenv="http://schemas.xmlsoap.org/soap/envelope/" xmlns:v1="http://fidus.brussels/service/accessmanagerservice/messages/v1" xmlns:v11="http://fidus.brussels/type/common/messages/v1" xmlns:v31="http://socialsecurity.be/umanentityrepresentative/types/v3">
   <soapenv:Header/>
   <soapenv:Body>
      <v1:getOrganisationDenominationRequest>
         <v1:messageContext>
         	  <v11:messageId>${=import static java.util.UUID.randomUUID; uuid = randomUUID() as String}</v11:messageId>
            <v11:timestamp>${=new java.text.SimpleDateFormat("yyyy-MM-dd'T'HH:mm:ss.SSS").format(new Date())}</v11:timestamp>
         </v1:messageContext>
         <v1:legalContext>ServiceIntegrator</v1:legalContext>
         <v1:request>
            <v1:Domain>QUAL_FED_HEALTHCARE</v1:Domain>
            <v1:OrganisationId>
               <v31:Identifier>1990000431</v31:Identifier>
               <v31:IdentifierType>BEEHP</v31:IdentifierType>
            </v1:OrganisationId>
            <v1:Language>nl</v1:Language>
         </v1:request>
      </v1:getOrganisationDenominationRequest>
   </soapenv:Body>
</soapenv:Envelope>]]></con:request><con:credentials><con:selectedAuthProfile>Basic</con:selectedAuthProfile><con:addedBasicAuthenticationTypes>Basic</con:addedBasicAuthenticationTypes><con:authType>Global HTTP Settings</con:authType></con:credentials><con:jmsConfig JMSDeliveryMode="PERSISTENT"/><con:jmsPropertyConfig/><con:wsaConfig mustUnderstand="NONE" version="200508" action="http://fidus.brussels/services/accessmanagerservice/getOrganisationDenomination"/><con:wsrmConfig version="1.2"/></con:call><con:call id="6abcf779-07e4-47d2-af30-fae7c6945fd0" name="4 - Staging - Worker2 - Request" incomingWss="Inflow STAGING" outgoingWss="Outflow STAGING"><con:settings><con:setting id="com.eviware.soapui.impl.wsdl.WsdlRequest@request-headers">&lt;xml-fragment/></con:setting></con:settings><con:encoding>UTF-8</con:encoding><con:endpoint>https://192.168.24.17:8443/services/AccessManagerService_v1.0</con:endpoint><con:request><![CDATA[<soapenv:Envelope xmlns:soapenv="http://schemas.xmlsoap.org/soap/envelope/" xmlns:v1="http://fidus.brussels/service/accessmanagerservice/messages/v1" xmlns:v11="http://fidus.brussels/type/common/messages/v1" xmlns:v31="http://socialsecurity.be/umanentityrepresentative/types/v3">
   <soapenv:Header/>
   <soapenv:Body>
      <v1:getOrganisationDenominationRequest>
         <v1:messageContext>
         	  <v11:messageId>${=import static java.util.UUID.randomUUID; uuid = randomUUID() as String}</v11:messageId>
            <v11:timestamp>${=new java.text.SimpleDateFormat("yyyy-MM-dd'T'HH:mm:ss.SSS").format(new Date())}</v11:timestamp>
         </v1:messageContext>
         <v1:legalContext>ServiceIntegrator</v1:legalContext>
         <v1:request>
            <v1:Domain>QUAL_FED_HEALTHCARE</v1:Domain>
            <v1:OrganisationId>
               <v31:Identifier>1990000431</v31:Identifier>
               <v31:IdentifierType>BEEHP</v31:IdentifierType>
            </v1:OrganisationId>
            <v1:Language>nl</v1:Language>
         </v1:request>
      </v1:getOrganisationDenominationRequest>
   </soapenv:Body>
</soapenv:Envelope>]]></con:request><con:credentials><con:selectedAuthProfile>Basic</con:selectedAuthProfile><con:addedBasicAuthenticationTypes>Basic</con:addedBasicAuthenticationTypes><con:authType>Global HTTP Settings</con:authType></con:credentials><con:jmsConfig JMSDeliveryMode="PERSISTENT"/><con:jmsPropertyConfig/><con:wsaConfig mustUnderstand="NONE" version="200508" action="http://fidus.brussels/services/accessmanagerservice/getOrganisationDenomination"/><con:wsrmConfig version="1.2"/></con:call><con:call id="bdd3acb6-01cb-4f22-8476-89f5e6f1a4a8" name="5 - Prod - LB - Request" incomingWss="Inflow PROD" outgoingWss="Outflow PROD"><con:settings><con:setting id="com.eviware.soapui.impl.wsdl.WsdlRequest@request-headers">&lt;xml-fragment/></con:setting></con:settings><con:encoding>UTF-8</con:encoding><con:endpoint>https://fidus-esb-sg.prd.srv.cirb.lan:8443/services/AccessManagerService_v1.0</con:endpoint><con:request><![CDATA[<soapenv:Envelope xmlns:soapenv="http://schemas.xmlsoap.org/soap/envelope/" xmlns:v1="http://fidus.brussels/service/accessmanagerservice/messages/v1" xmlns:v11="http://fidus.brussels/type/common/messages/v1" xmlns:v31="http://socialsecurity.be/umanentityrepresentative/types/v3">
   <soapenv:Header/>
   <soapenv:Body>
      <v1:getOrganisationDenominationRequest>
         <v1:messageContext>
         	  <v11:messageId>${=import static java.util.UUID.randomUUID; uuid = randomUUID() as String}</v11:messageId>
            <v11:timestamp>${=new java.text.SimpleDateFormat("yyyy-MM-dd'T'HH:mm:ss.SSS").format(new Date())}</v11:timestamp>
         </v1:messageContext>
         <v1:legalContext>ServiceIntegrator</v1:legalContext>
         <v1:request>
            <v1:Domain>QUAL_FED_HEALTHCARE</v1:Domain>
            <v1:OrganisationId>
               <v31:Identifier>1990000431</v31:Identifier>
               <v31:IdentifierType>BEEHP</v31:IdentifierType>
            </v1:OrganisationId>
            <v1:Language>nl</v1:Language>
         </v1:request>
      </v1:getOrganisationDenominationRequest>
   </soapenv:Body>
</soapenv:Envelope>]]></con:request><con:credentials><con:selectedAuthProfile>Basic</con:selectedAuthProfile><con:addedBasicAuthenticationTypes>Basic</con:addedBasicAuthenticationTypes><con:authType>Global HTTP Settings</con:authType></con:credentials><con:jmsConfig JMSDeliveryMode="PERSISTENT"/><con:jmsPropertyConfig/><con:wsaConfig mustUnderstand="NONE" version="200508" action="http://fidus.brussels/services/accessmanagerservice/getOrganisationDenomination"/><con:wsrmConfig version="1.2"/></con:call><con:call id="96aacf74-969e-4769-912a-465113a21574" name="5 - Prod - Worker1 - Request" incomingWss="Inflow PROD" outgoingWss="Outflow PROD"><con:settings><con:setting id="com.eviware.soapui.impl.wsdl.WsdlRequest@request-headers">&lt;xml-fragment/></con:setting></con:settings><con:encoding>UTF-8</con:encoding><con:endpoint>https://192.168.26.22:8443/services/AccessManagerService_v1.0</con:endpoint><con:request><![CDATA[<soapenv:Envelope xmlns:soapenv="http://schemas.xmlsoap.org/soap/envelope/" xmlns:v1="http://fidus.brussels/service/accessmanagerservice/messages/v1" xmlns:v11="http://fidus.brussels/type/common/messages/v1" xmlns:v31="http://socialsecurity.be/umanentityrepresentative/types/v3">
   <soapenv:Header/>
   <soapenv:Body>
      <v1:getOrganisationDenominationRequest>
         <v1:messageContext>
         	  <v11:messageId>${=import static java.util.UUID.randomUUID; uuid = randomUUID() as String}</v11:messageId>
            <v11:timestamp>${=new java.text.SimpleDateFormat("yyyy-MM-dd'T'HH:mm:ss.SSS").format(new Date())}</v11:timestamp>
         </v1:messageContext>
         <v1:legalContext>ServiceIntegrator</v1:legalContext>
         <v1:request>
            <v1:Domain>QUAL_FED_HEALTHCARE</v1:Domain>
            <v1:OrganisationId>
               <v31:Identifier>1990000431</v31:Identifier>
               <v31:IdentifierType>BEEHP</v31:IdentifierType>
            </v1:OrganisationId>
            <v1:Language>nl</v1:Language>
         </v1:request>
      </v1:getOrganisationDenominationRequest>
   </soapenv:Body>
</soapenv:Envelope>]]></con:request><con:credentials><con:selectedAuthProfile>Basic</con:selectedAuthProfile><con:addedBasicAuthenticationTypes>Basic</con:addedBasicAuthenticationTypes><con:authType>Global HTTP Settings</con:authType></con:credentials><con:jmsConfig JMSDeliveryMode="PERSISTENT"/><con:jmsPropertyConfig/><con:wsaConfig mustUnderstand="NONE" version="200508" action="http://fidus.brussels/services/accessmanagerservice/getOrganisationDenomination"/><con:wsrmConfig version="1.2"/></con:call><con:call id="4579b72a-0ac0-4c08-8f17-e9c91e6ce790" name="5 - Prod - Worker2 - Request" incomingWss="Inflow PROD" outgoingWss="Outflow PROD"><con:settings><con:setting id="com.eviware.soapui.impl.wsdl.WsdlRequest@request-headers">&lt;xml-fragment/></con:setting></con:settings><con:encoding>UTF-8</con:encoding><con:endpoint>https://192.168.26.19:8443/services/AccessManagerService_v1.0</con:endpoint><con:request><![CDATA[<soapenv:Envelope xmlns:soapenv="http://schemas.xmlsoap.org/soap/envelope/" xmlns:v1="http://fidus.brussels/service/accessmanagerservice/messages/v1" xmlns:v11="http://fidus.brussels/type/common/messages/v1" xmlns:v31="http://socialsecurity.be/umanentityrepresentative/types/v3">
   <soapenv:Header/>
   <soapenv:Body>
      <v1:getOrganisationDenominationRequest>
         <v1:messageContext>
         	  <v11:messageId>${=import static java.util.UUID.randomUUID; uuid = randomUUID() as String}</v11:messageId>
            <v11:timestamp>${=new java.text.SimpleDateFormat("yyyy-MM-dd'T'HH:mm:ss.SSS").format(new Date())}</v11:timestamp>
         </v1:messageContext>
         <v1:legalContext>ServiceIntegrator</v1:legalContext>
         <v1:request>
            <v1:Domain>QUAL_FED_HEALTHCARE</v1:Domain>
            <v1:OrganisationId>
               <v31:Identifier>1990000431</v31:Identifier>
               <v31:IdentifierType>BEEHP</v31:IdentifierType>
            </v1:OrganisationId>
            <v1:Language>nl</v1:Language>
         </v1:request>
      </v1:getOrganisationDenominationRequest>
   </soapenv:Body>
</soapenv:Envelope>]]></con:request><con:credentials><con:selectedAuthProfile>Basic</con:selectedAuthProfile><con:addedBasicAuthenticationTypes>Basic</con:addedBasicAuthenticationTypes><con:authType>Global HTTP Settings</con:authType></con:credentials><con:jmsConfig JMSDeliveryMode="PERSISTENT"/><con:jmsPropertyConfig/><con:wsaConfig mustUnderstand="NONE" version="200508" action="http://fidus.brussels/services/accessmanagerservice/getOrganisationDenomination"/><con:wsrmConfig version="1.2"/></con:call><con:call id="aaf6b797-2993-4f7e-a9d2-8205a308b424" name="3 - Test - Worker1New - Request"><con:settings><con:setting id="com.eviware.soapui.impl.wsdl.WsdlRequest@request-headers">&lt;xml-fragment/></con:setting></con:settings><con:encoding>UTF-8</con:encoding><con:endpoint>https://192.168.22.73:8443/services/AccessManagerService_v1.0</con:endpoint><con:request><![CDATA[<soapenv:Envelope xmlns:soapenv="http://schemas.xmlsoap.org/soap/envelope/" xmlns:v1="http://fidus.brussels/service/accessmanagerservice/messages/v1" xmlns:v11="http://fidus.brussels/type/common/messages/v1" xmlns:v31="http://socialsecurity.be/umanentityrepresentative/types/v3">
   <soapenv:Header/>
   <soapenv:Body>
      <v1:getOrganisationDenominationRequest>
         <v1:messageContext>
         	  <v11:messageId>${=import static java.util.UUID.randomUUID; uuid = randomUUID() as String}</v11:messageId>
            <v11:timestamp>${=new java.text.SimpleDateFormat("yyyy-MM-dd'T'HH:mm:ss.SSS").format(new Date())}</v11:timestamp>
         </v1:messageContext>
         <v1:legalContext>ServiceIntegrator</v1:legalContext>
         <v1:request>
            <v1:Domain>QUAL_FED_HEALTHCARE</v1:Domain>
            <v1:OrganisationId>
               <v31:Identifier>1990000431</v31:Identifier>
               <v31:IdentifierType>BEEHP</v31:IdentifierType>
            </v1:OrganisationId>
            <v1:Language>nl</v1:Language>
         </v1:request>
      </v1:getOrganisationDenominationRequest>
   </soapenv:Body>
</soapenv:Envelope>]]></con:request><con:credentials><con:selectedAuthProfile>Basic</con:selectedAuthProfile><con:addedBasicAuthenticationTypes>Basic</con:addedBasicAuthenticationTypes><con:authType>Global HTTP Settings</con:authType></con:credentials><con:jmsConfig JMSDeliveryMode="PERSISTENT"/><con:jmsPropertyConfig/><con:wsaConfig mustUnderstand="NONE" version="200508" action="http://fidus.brussels/services/accessmanagerservice/getOrganisationDenomination"/><con:wsrmConfig version="1.2"/></con:call><con:call id="207929f8-6392-4c07-af07-bbf96af9d8b3" name="3 - Test - Worker2New - Request" outgoingWss="Outflow TEST" incomingWss="Inflow TEST"><con:settings><con:setting id="com.eviware.soapui.impl.wsdl.WsdlRequest@request-headers">&lt;xml-fragment/></con:setting></con:settings><con:encoding>UTF-8</con:encoding><con:endpoint>https://192.168.22.93:8443/services/AccessManagerService_v1.0</con:endpoint><con:request><![CDATA[<soapenv:Envelope xmlns:soapenv="http://schemas.xmlsoap.org/soap/envelope/" xmlns:v1="http://fidus.brussels/service/accessmanagerservice/messages/v1" xmlns:v11="http://fidus.brussels/type/common/messages/v1" xmlns:v31="http://socialsecurity.be/umanentityrepresentative/types/v3">
   <soapenv:Header/>
   <soapenv:Body>
      <v1:getOrganisationDenominationRequest>
         <v1:messageContext>
         	  <v11:messageId>${=import static java.util.UUID.randomUUID; uuid = randomUUID() as String}</v11:messageId>
            <v11:timestamp>${=new java.text.SimpleDateFormat("yyyy-MM-dd'T'HH:mm:ss.SSS").format(new Date())}</v11:timestamp>
         </v1:messageContext>
         <v1:legalContext>ServiceIntegrator</v1:legalContext>
         <v1:request>
            <v1:Domain>QUAL_FED_HEALTHCARE</v1:Domain>
            <v1:OrganisationId>
               <v31:Identifier>1990000431</v31:Identifier>
               <v31:IdentifierType>BEEHP</v31:IdentifierType>
            </v1:OrganisationId>
            <v1:Language>nl</v1:Language>
         </v1:request>
      </v1:getOrganisationDenominationRequest>
   </soapenv:Body>
</soapenv:Envelope>]]></con:request><con:credentials><con:selectedAuthProfile>Basic</con:selectedAuthProfile><con:addedBasicAuthenticationTypes>Basic</con:addedBasicAuthenticationTypes><con:authType>Global HTTP Settings</con:authType></con:credentials><con:jmsConfig JMSDeliveryMode="PERSISTENT"/><con:jmsPropertyConfig/><con:wsaConfig mustUnderstand="NONE" version="200508" action="http://fidus.brussels/services/accessmanagerservice/getOrganisationDenomination"/><con:wsrmConfig version="1.2"/></con:call><con:call id="97e2748a-7e87-4a77-9b0c-b43fb2faea8d" name="4 - Staging - Worker1New - Request" outgoingWss="Outflow STAGING" incomingWss="Inflow STAGING"><con:settings><con:setting id="com.eviware.soapui.impl.wsdl.WsdlRequest@request-headers">&lt;xml-fragment/></con:setting></con:settings><con:encoding>UTF-8</con:encoding><con:endpoint>https://192.168.23.191:8443/services/AccessManagerService_v1.0</con:endpoint><con:request><![CDATA[<soapenv:Envelope xmlns:soapenv="http://schemas.xmlsoap.org/soap/envelope/" xmlns:v1="http://fidus.brussels/service/accessmanagerservice/messages/v1" xmlns:v11="http://fidus.brussels/type/common/messages/v1" xmlns:v31="http://socialsecurity.be/umanentityrepresentative/types/v3">
   <soapenv:Header/>
   <soapenv:Body>
      <v1:getOrganisationDenominationRequest>
         <v1:messageContext>
         	  <v11:messageId>${=import static java.util.UUID.randomUUID; uuid = randomUUID() as String}</v11:messageId>
            <v11:timestamp>${=new java.text.SimpleDateFormat("yyyy-MM-dd'T'HH:mm:ss.SSS").format(new Date())}</v11:timestamp>
         </v1:messageContext>
         <v1:legalContext>ServiceIntegrator</v1:legalContext>
         <v1:request>
            <v1:Domain>QUAL_FED_HEALTHCARE</v1:Domain>
            <v1:OrganisationId>
               <v31:Identifier>1990000431</v31:Identifier>
               <v31:IdentifierType>BEEHP</v31:IdentifierType>
            </v1:OrganisationId>
            <v1:Language>nl</v1:Language>
         </v1:request>
      </v1:getOrganisationDenominationRequest>
   </soapenv:Body>
</soapenv:Envelope>]]></con:request><con:credentials><con:selectedAuthProfile>Basic</con:selectedAuthProfile><con:addedBasicAuthenticationTypes>Basic</con:addedBasicAuthenticationTypes><con:authType>Global HTTP Settings</con:authType></con:credentials><con:jmsConfig JMSDeliveryMode="PERSISTENT"/><con:jmsPropertyConfig/><con:wsaConfig mustUnderstand="NONE" version="200508" action="http://fidus.brussels/services/accessmanagerservice/getOrganisationDenomination"/><con:wsrmConfig version="1.2"/></con:call><con:call id="20e216dc-08dc-4f3e-8c07-15e9984ea928" name="4 - Staging - Worker2New - Request" outgoingWss="Outflow STAGING" incomingWss="Inflow STAGING"><con:settings><con:setting id="com.eviware.soapui.impl.wsdl.WsdlRequest@request-headers">&lt;xml-fragment/></con:setting></con:settings><con:encoding>UTF-8</con:encoding><con:endpoint>https://192.168.23.198:8443/services/AccessManagerService_v1.0</con:endpoint><con:request><![CDATA[<soapenv:Envelope xmlns:soapenv="http://schemas.xmlsoap.org/soap/envelope/" xmlns:v1="http://fidus.brussels/service/accessmanagerservice/messages/v1" xmlns:v11="http://fidus.brussels/type/common/messages/v1" xmlns:v31="http://socialsecurity.be/umanentityrepresentative/types/v3">
   <soapenv:Header/>
   <soapenv:Body>
      <v1:getOrganisationDenominationRequest>
         <v1:messageContext>
         	  <v11:messageId>${=import static java.util.UUID.randomUUID; uuid = randomUUID() as String}</v11:messageId>
            <v11:timestamp>${=new java.text.SimpleDateFormat("yyyy-MM-dd'T'HH:mm:ss.SSS").format(new Date())}</v11:timestamp>
         </v1:messageContext>
         <v1:legalContext>ServiceIntegrator</v1:legalContext>
         <v1:request>
            <v1:Domain>QUAL_FED_HEALTHCARE</v1:Domain>
            <v1:OrganisationId>
               <v31:Identifier>1990000431</v31:Identifier>
               <v31:IdentifierType>BEEHP</v31:IdentifierType>
            </v1:OrganisationId>
            <v1:Language>nl</v1:Language>
         </v1:request>
      </v1:getOrganisationDenominationRequest>
   </soapenv:Body>
</soapenv:Envelope>]]></con:request><con:credentials><con:selectedAuthProfile>Basic</con:selectedAuthProfile><con:addedBasicAuthenticationTypes>Basic</con:addedBasicAuthenticationTypes><con:authType>Global HTTP Settings</con:authType></con:credentials><con:jmsConfig JMSDeliveryMode="PERSISTENT"/><con:jmsPropertyConfig/><con:wsaConfig mustUnderstand="NONE" version="200508" action="http://fidus.brussels/services/accessmanagerservice/getOrganisationDenomination"/><con:wsrmConfig version="1.2"/></con:call><con:call id="8ae5cccc-ef9a-4a57-9d43-bdf4c12ae54f" name="4 - Staging - External - Request" outgoingWss="Outflow STAGING" incomingWss="Inflow STAGING"><con:settings><con:setting id="com.eviware.soapui.impl.wsdl.WsdlRequest@request-headers">&lt;xml-fragment/></con:setting></con:settings><con:encoding>UTF-8</con:encoding><con:endpoint>https://fidus-esb-sg.sta.srv.cirb.lan:8443/services/AccessManagerService_v1.0</con:endpoint><con:request><![CDATA[<soapenv:Envelope xmlns:soapenv="http://schemas.xmlsoap.org/soap/envelope/" xmlns:v1="http://fidus.brussels/service/accessmanagerservice/messages/v1" xmlns:v11="http://fidus.brussels/type/common/messages/v1" xmlns:v31="http://socialsecurity.be/umanentityrepresentative/types/v3">
   <soapenv:Header/>
   <soapenv:Body>
      <v1:getOrganisationDenominationRequest>
         <v1:messageContext>
         	  <v11:messageId>${=import static java.util.UUID.randomUUID; uuid = randomUUID() as String}</v11:messageId>
            <v11:timestamp>${=new java.text.SimpleDateFormat("yyyy-MM-dd'T'HH:mm:ss.SSS").format(new Date())}</v11:timestamp>
         </v1:messageContext>
         <v1:legalContext>ServiceIntegrator</v1:legalContext>
         <v1:request>
            <v1:Domain>QUAL_FED_HEALTHCARE</v1:Domain>
            <v1:OrganisationId>
               <v31:Identifier>1990000431</v31:Identifier>
               <v31:IdentifierType>BEEHP</v31:IdentifierType>
            </v1:OrganisationId>
            <v1:Language>nl</v1:Language>
         </v1:request>
      </v1:getOrganisationDenominationRequest>
   </soapenv:Body>
</soapenv:Envelope>]]></con:request><con:credentials><con:selectedAuthProfile>Basic</con:selectedAuthProfile><con:addedBasicAuthenticationTypes>Basic</con:addedBasicAuthenticationTypes><con:authType>Global HTTP Settings</con:authType></con:credentials><con:jmsConfig JMSDeliveryMode="PERSISTENT"/><con:jmsPropertyConfig/><con:wsaConfig mustUnderstand="NONE" version="200508" action="http://fidus.brussels/services/accessmanagerservice/getOrganisationDenomination"/><con:wsrmConfig version="1.2"/></con:call><con:call id="9d63212b-2bc4-4038-8ff7-eb8765d046ba" name="3 - Test - External - Request" outgoingWss="Outflow TEST" incomingWss="Inflow TEST"><con:settings><con:setting id="com.eviware.soapui.impl.wsdl.WsdlRequest@request-headers">&lt;xml-fragment/></con:setting></con:settings><con:encoding>UTF-8</con:encoding><con:endpoint>https://esb-security-gw.sta.srv.cirb.lan:8443/services/AccessManagerService_v1.0</con:endpoint><con:request><![CDATA[<soapenv:Envelope xmlns:soapenv="http://schemas.xmlsoap.org/soap/envelope/" xmlns:v1="http://fidus.brussels/service/accessmanagerservice/messages/v1" xmlns:v11="http://fidus.brussels/type/common/messages/v1" xmlns:v31="http://socialsecurity.be/umanentityrepresentative/types/v3">
   <soapenv:Header/>
   <soapenv:Body>
      <v1:getOrganisationDenominationRequest>
         <v1:messageContext>
         	  <v11:messageId>${=import static java.util.UUID.randomUUID; uuid = randomUUID() as String}</v11:messageId>
            <v11:timestamp>${=new java.text.SimpleDateFormat("yyyy-MM-dd'T'HH:mm:ss.SSS").format(new Date())}</v11:timestamp>
         </v1:messageContext>
         <v1:legalContext>ServiceIntegrator</v1:legalContext>
         <v1:request>
            <v1:Domain>QUAL_FED_HEALTHCARE</v1:Domain>
            <v1:OrganisationId>
               <v31:Identifier>1990000431</v31:Identifier>
               <v31:IdentifierType>BEEHP</v31:IdentifierType>
            </v1:OrganisationId>
            <v1:Language>nl</v1:Language>
         </v1:request>
      </v1:getOrganisationDenominationRequest>
   </soapenv:Body>
</soapenv:Envelope>]]></con:request><con:credentials><con:selectedAuthProfile>Basic</con:selectedAuthProfile><con:addedBasicAuthenticationTypes>Basic</con:addedBasicAuthenticationTypes><con:authType>Global HTTP Settings</con:authType></con:credentials><con:jmsConfig JMSDeliveryMode="PERSISTENT"/><con:jmsPropertyConfig/><con:wsaConfig mustUnderstand="NONE" version="200508" action="http://fidus.brussels/services/accessmanagerservice/getOrganisationDenomination"/><con:wsrmConfig version="1.2"/></con:call></con:operation><con:operation id="e1866b8c-dca5-4e06-9350-a0f094f4ecc3" isOneWay="false" action="http://fidus.brussels/services/accessmanagerservice/getOrganisationParentNodes" name="getOrganisationParentNodes" bindingOperationName="getOrganisationParentNodes" type="Request-Response" inputName="" receivesAttachments="false" sendsAttachments="false" anonymous="optional"><con:settings/><con:call id="e28ff8d5-fbd8-41a8-8f84-68148c6fcfb7" name="1 - Local - Request - OK" outgoingWss="Outflow DEV" incomingWss="Inflow DEV"><con:settings><con:setting id="com.eviware.soapui.impl.wsdl.WsdlRequest@request-headers">&lt;xml-fragment/></con:setting></con:settings><con:encoding>UTF-8</con:encoding><con:endpoint>https://localhost:8243/services/AccessManagerService_v1.0</con:endpoint><con:request><![CDATA[<soapenv:Envelope xmlns:soapenv="http://schemas.xmlsoap.org/soap/envelope/" xmlns:v1="http://fidus.brussels/service/accessmanagerservice/messages/v1" xmlns:v11="http://fidus.brussels/type/common/messages/v1" xmlns:v31="http://socialsecurity.be/umanentityrepresentative/types/v3">
   <soapenv:Header/>
   <soapenv:Body>
      <v1:getOrganisationParentNodesRequest>
         <v1:messageContext>
         	  <v11:messageId>${=import static java.util.UUID.randomUUID; uuid = randomUUID() as String}</v11:messageId>
            <v11:timestamp>${=new java.text.SimpleDateFormat("yyyy-MM-dd'T'HH:mm:ss.SSS").format(new Date())}</v11:timestamp>
         </v1:messageContext>
         <v1:legalContext>ServiceIntegrator</v1:legalContext>
         <v1:request>
            <v1:Domain>QUAL_FED_HEALTHCARE</v1:Domain>
            <v1:OrganisationId>
               <v31:Identifier>1990000431</v31:Identifier>
               <v31:IdentifierType>BEEHP</v31:IdentifierType>
            </v1:OrganisationId>
            <v1:Language>nl</v1:Language>
         </v1:request>
      </v1:getOrganisationParentNodesRequest>
   </soapenv:Body>
</soapenv:Envelope>]]></con:request><con:credentials><con:selectedAuthProfile>Basic</con:selectedAuthProfile><con:addedBasicAuthenticationTypes>Basic</con:addedBasicAuthenticationTypes><con:authType>Global HTTP Settings</con:authType></con:credentials><con:jmsConfig JMSDeliveryMode="PERSISTENT"/><con:jmsPropertyConfig/><con:wsaConfig mustUnderstand="NONE" version="200508" action="http://fidus.brussels/services/accessmanagerservice/getOrganisationParentNodes"/><con:wsrmConfig version="1.2"/></con:call><con:call id="26e7385f-7455-463b-82d5-f08309a00b91" name="2 - Dev - Request - OK" incomingWss="Inflow DEV" outgoingWss="Outflow DEV"><con:settings><con:setting id="com.eviware.soapui.impl.wsdl.WsdlRequest@request-headers">&lt;xml-fragment/></con:setting></con:settings><con:encoding>UTF-8</con:encoding><con:endpoint>https://192.168.36.61:8243/services/AccessManagerService_v1.0</con:endpoint><con:request><![CDATA[<soapenv:Envelope xmlns:soapenv="http://schemas.xmlsoap.org/soap/envelope/" xmlns:v1="http://fidus.brussels/service/accessmanagerservice/messages/v1" xmlns:v11="http://fidus.brussels/type/common/messages/v1" xmlns:v31="http://socialsecurity.be/umanentityrepresentative/types/v3">
   <soapenv:Header/>
   <soapenv:Body>
      <v1:getOrganisationParentNodesRequest>
         <v1:messageContext>
         	  <v11:messageId>${=import static java.util.UUID.randomUUID; uuid = randomUUID() as String}</v11:messageId>
            <v11:timestamp>${=new java.text.SimpleDateFormat("yyyy-MM-dd'T'HH:mm:ss.SSS").format(new Date())}</v11:timestamp>
         </v1:messageContext>
         <v1:legalContext>ServiceIntegrator</v1:legalContext>
         <v1:request>
            <v1:Domain>QUAL_FED_HEALTHCARE</v1:Domain>
            <v1:OrganisationId>
               <v31:Identifier>1990000431</v31:Identifier>
               <v31:IdentifierType>BEEHP</v31:IdentifierType>
            </v1:OrganisationId>
            <v1:Language>nl</v1:Language>
         </v1:request>
      </v1:getOrganisationParentNodesRequest>
   </soapenv:Body>
</soapenv:Envelope>]]></con:request><con:credentials><con:selectedAuthProfile>Basic</con:selectedAuthProfile><con:addedBasicAuthenticationTypes>Basic</con:addedBasicAuthenticationTypes><con:authType>Global HTTP Settings</con:authType></con:credentials><con:jmsConfig JMSDeliveryMode="PERSISTENT"/><con:jmsPropertyConfig/><con:wsaConfig mustUnderstand="NONE" version="200508" action="http://fidus.brussels/services/accessmanagerservice/getOrganisationParentNodes"/><con:wsrmConfig version="1.2"/></con:call><con:call id="5b54fcb3-632b-4f86-90bf-49e4f5c5b0cf" name="3 - Test - LB - Request" outgoingWss="Outflow TEST" incomingWss="Inflow TEST"><con:settings><con:setting id="com.eviware.soapui.impl.wsdl.WsdlRequest@request-headers">&lt;xml-fragment/></con:setting></con:settings><con:encoding>UTF-8</con:encoding><con:endpoint>https://esb-security-gw.sta.srv.cirb.lan:8443/services/AccessManagerService_v1.0</con:endpoint><con:request><![CDATA[<soapenv:Envelope xmlns:soapenv="http://schemas.xmlsoap.org/soap/envelope/" xmlns:v1="http://fidus.brussels/service/accessmanagerservice/messages/v1" xmlns:v11="http://fidus.brussels/type/common/messages/v1" xmlns:v31="http://socialsecurity.be/umanentityrepresentative/types/v3">
   <soapenv:Header/>
   <soapenv:Body>
      <v1:getOrganisationParentNodesRequest>
         <v1:messageContext>
         	  <v11:messageId>${=import static java.util.UUID.randomUUID; uuid = randomUUID() as String}</v11:messageId>
            <v11:timestamp>${=new java.text.SimpleDateFormat("yyyy-MM-dd'T'HH:mm:ss.SSS").format(new Date())}</v11:timestamp>
         </v1:messageContext>
         <v1:legalContext>ServiceIntegrator</v1:legalContext>
         <v1:request>
            <v1:Domain>QUAL_FED_HEALTHCARE</v1:Domain>
            <v1:OrganisationId>
               <v31:Identifier>1990000431</v31:Identifier>
               <v31:IdentifierType>BEEHP</v31:IdentifierType>
            </v1:OrganisationId>
            <v1:Language>nl</v1:Language>
         </v1:request>
      </v1:getOrganisationParentNodesRequest>
   </soapenv:Body>
</soapenv:Envelope>]]></con:request><con:credentials><con:selectedAuthProfile>Basic</con:selectedAuthProfile><con:addedBasicAuthenticationTypes>Basic</con:addedBasicAuthenticationTypes><con:authType>Global HTTP Settings</con:authType></con:credentials><con:jmsConfig JMSDeliveryMode="PERSISTENT"/><con:jmsPropertyConfig/><con:wsaConfig mustUnderstand="NONE" version="200508" action="http://fidus.brussels/services/accessmanagerservice/getOrganisationParentNodes"/><con:wsrmConfig version="1.2"/></con:call><con:call id="52c647c2-0da2-484a-af9f-413cfd3a3fbe" name="4 - Staging - LB - Request" incomingWss="Inflow STAGING" outgoingWss="Outflow STAGING"><con:settings><con:setting id="com.eviware.soapui.impl.wsdl.WsdlRequest@request-headers">&lt;xml-fragment/></con:setting></con:settings><con:encoding>UTF-8</con:encoding><con:endpoint>https://fidus-esb-sg.sta.srv.cirb.lan:8443/services/AccessManagerService_v1.0</con:endpoint><con:request><![CDATA[<soapenv:Envelope xmlns:soapenv="http://schemas.xmlsoap.org/soap/envelope/" xmlns:v1="http://fidus.brussels/service/accessmanagerservice/messages/v1" xmlns:v11="http://fidus.brussels/type/common/messages/v1" xmlns:v31="http://socialsecurity.be/umanentityrepresentative/types/v3">
   <soapenv:Header/>
   <soapenv:Body>
      <v1:getOrganisationParentNodesRequest>
         <v1:messageContext>
         	  <v11:messageId>${=import static java.util.UUID.randomUUID; uuid = randomUUID() as String}</v11:messageId>
            <v11:timestamp>${=new java.text.SimpleDateFormat("yyyy-MM-dd'T'HH:mm:ss.SSS").format(new Date())}</v11:timestamp>
         </v1:messageContext>
         <v1:legalContext>ServiceIntegrator</v1:legalContext>
         <v1:request>
            <v1:Domain>QUAL_FED_HEALTHCARE</v1:Domain>
            <v1:OrganisationId>
               <v31:Identifier>1990000431</v31:Identifier>
               <v31:IdentifierType>BEEHP</v31:IdentifierType>
            </v1:OrganisationId>
            <v1:Language>nl</v1:Language>
         </v1:request>
      </v1:getOrganisationParentNodesRequest>
   </soapenv:Body>
</soapenv:Envelope>]]></con:request><con:credentials><con:selectedAuthProfile>Basic</con:selectedAuthProfile><con:addedBasicAuthenticationTypes>Basic</con:addedBasicAuthenticationTypes><con:authType>Global HTTP Settings</con:authType></con:credentials><con:jmsConfig JMSDeliveryMode="PERSISTENT"/><con:jmsPropertyConfig/><con:wsaConfig mustUnderstand="NONE" version="200508" action="http://fidus.brussels/services/accessmanagerservice/getOrganisationParentNodes"/><con:wsrmConfig version="1.2"/></con:call><con:call id="8e9307a6-6c44-4809-bfb5-409c5394e29b" name="5 - Prod - External - Request" incomingWss="Inflow PROD" outgoingWss="Outflow PROD"><con:settings><con:setting id="com.eviware.soapui.impl.wsdl.WsdlRequest@request-headers">&lt;xml-fragment/></con:setting></con:settings><con:encoding>UTF-8</con:encoding><con:endpoint>https://fidus-esb-sg.prd.srv.cirb.lan:8443/services/AccessManagerService_v1.0</con:endpoint><con:request><![CDATA[<soapenv:Envelope xmlns:soapenv="http://schemas.xmlsoap.org/soap/envelope/" xmlns:v1="http://fidus.brussels/service/accessmanagerservice/messages/v1" xmlns:v11="http://fidus.brussels/type/common/messages/v1" xmlns:v31="http://socialsecurity.be/umanentityrepresentative/types/v3">
   <soapenv:Header/>
   <soapenv:Body>
      <v1:getOrganisationParentNodesRequest>
         <v1:messageContext>
         	  <v11:messageId>${=import static java.util.UUID.randomUUID; uuid = randomUUID() as String}</v11:messageId>
            <v11:timestamp>${=new java.text.SimpleDateFormat("yyyy-MM-dd'T'HH:mm:ss.SSS").format(new Date())}</v11:timestamp>
         </v1:messageContext>
         <v1:legalContext>ServiceIntegrator</v1:legalContext>
         <v1:request>
            <v1:Domain>QUAL_FED_HEALTHCARE</v1:Domain>
            <v1:OrganisationId>
               <v31:Identifier>1990000431</v31:Identifier>
               <v31:IdentifierType>BEEHP</v31:IdentifierType>
            </v1:OrganisationId>
            <v1:Language>nl</v1:Language>
         </v1:request>
      </v1:getOrganisationParentNodesRequest>
   </soapenv:Body>
</soapenv:Envelope>]]></con:request><con:credentials><con:selectedAuthProfile>Basic</con:selectedAuthProfile><con:addedBasicAuthenticationTypes>Basic</con:addedBasicAuthenticationTypes><con:authType>Global HTTP Settings</con:authType></con:credentials><con:jmsConfig JMSDeliveryMode="PERSISTENT"/><con:jmsPropertyConfig/><con:wsaConfig mustUnderstand="NONE" version="200508" action="http://fidus.brussels/services/accessmanagerservice/getOrganisationParentNodes"/><con:wsrmConfig version="1.2"/></con:call><con:call id="808892cc-8f1e-49a4-a9dd-1f1a85417b8b" name="1 - Local - Request - Not Found" incomingWss="Inflow DEV" outgoingWss="Outflow DEV"><con:settings><con:setting id="com.eviware.soapui.impl.wsdl.WsdlRequest@request-headers">&lt;xml-fragment/></con:setting></con:settings><con:encoding>UTF-8</con:encoding><con:endpoint>https://localhost:8243/services/AccessManagerService_v1.0</con:endpoint><con:request><![CDATA[<soapenv:Envelope xmlns:soapenv="http://schemas.xmlsoap.org/soap/envelope/" xmlns:v1="http://fidus.brussels/service/accessmanagerservice/messages/v1" xmlns:v11="http://fidus.brussels/type/common/messages/v1" xmlns:v31="http://socialsecurity.be/umanentityrepresentative/types/v3">
   <soapenv:Header/>
   <soapenv:Body>
      <v1:getOrganisationParentNodesRequest>
         <v1:messageContext>
         	  <v11:messageId>${=import static java.util.UUID.randomUUID; uuid = randomUUID() as String}</v11:messageId>
            <v11:timestamp>${=new java.text.SimpleDateFormat("yyyy-MM-dd'T'HH:mm:ss.SSS").format(new Date())}</v11:timestamp>
         </v1:messageContext>
         <v1:legalContext>ServiceIntegrator</v1:legalContext>
         <v1:request>
            <v1:Domain>CHEMISTRY</v1:Domain>
            <v1:OrganisationId>
               <v31:Identifier>1990000431</v31:Identifier>
               <v31:IdentifierType>BEEHP</v31:IdentifierType>
            </v1:OrganisationId>
            <v1:Language>nl</v1:Language>
         </v1:request>
      </v1:getOrganisationParentNodesRequest>
   </soapenv:Body>
</soapenv:Envelope>]]></con:request><con:credentials><con:selectedAuthProfile>Basic</con:selectedAuthProfile><con:addedBasicAuthenticationTypes>Basic</con:addedBasicAuthenticationTypes><con:authType>Global HTTP Settings</con:authType></con:credentials><con:jmsConfig JMSDeliveryMode="PERSISTENT"/><con:jmsPropertyConfig/><con:wsaConfig mustUnderstand="NONE" version="200508" action="http://fidus.brussels/services/accessmanagerservice/getOrganisationParentNodes"/><con:wsrmConfig version="1.2"/></con:call><con:call id="13c53e7f-65c6-4f13-a1a2-99b04a861c84" name="2 - Dev - Request - Not Found" incomingWss="Inflow DEV" outgoingWss="Outflow DEV"><con:settings><con:setting id="com.eviware.soapui.impl.wsdl.WsdlRequest@request-headers">&lt;xml-fragment/></con:setting></con:settings><con:encoding>UTF-8</con:encoding><con:endpoint>https://192.168.36.61:8243/services/AccessManagerService_v1.0</con:endpoint><con:request><![CDATA[<soapenv:Envelope xmlns:soapenv="http://schemas.xmlsoap.org/soap/envelope/" xmlns:v1="http://fidus.brussels/service/accessmanagerservice/messages/v1" xmlns:v11="http://fidus.brussels/type/common/messages/v1" xmlns:v31="http://socialsecurity.be/umanentityrepresentative/types/v3">
   <soapenv:Header/>
   <soapenv:Body>
      <v1:getOrganisationParentNodesRequest>
         <v1:messageContext>
         	  <v11:messageId>${=import static java.util.UUID.randomUUID; uuid = randomUUID() as String}</v11:messageId>
            <v11:timestamp>${=new java.text.SimpleDateFormat("yyyy-MM-dd'T'HH:mm:ss.SSS").format(new Date())}</v11:timestamp>
         </v1:messageContext>
         <v1:legalContext>ServiceIntegrator</v1:legalContext>
         <v1:request>
            <v1:Domain>CHEMISTRY</v1:Domain>
            <v1:OrganisationId>
               <v31:Identifier>1990000431</v31:Identifier>
               <v31:IdentifierType>BEEHP</v31:IdentifierType>
            </v1:OrganisationId>
            <v1:Language>nl</v1:Language>
         </v1:request>
      </v1:getOrganisationParentNodesRequest>
   </soapenv:Body>
</soapenv:Envelope>]]></con:request><con:credentials><con:selectedAuthProfile>Basic</con:selectedAuthProfile><con:addedBasicAuthenticationTypes>Basic</con:addedBasicAuthenticationTypes><con:authType>Global HTTP Settings</con:authType></con:credentials><con:jmsConfig JMSDeliveryMode="PERSISTENT"/><con:jmsPropertyConfig/><con:wsaConfig mustUnderstand="NONE" version="200508" action="http://fidus.brussels/services/accessmanagerservice/getOrganisationParentNodes"/><con:wsrmConfig version="1.2"/></con:call><con:call id="bbd26555-c193-423b-99af-27e31472216c" name="3 - Test - Worker1 - Request" outgoingWss="Outflow TEST" incomingWss="Inflow TEST"><con:settings><con:setting id="com.eviware.soapui.impl.wsdl.WsdlRequest@request-headers">&lt;xml-fragment/></con:setting></con:settings><con:encoding>UTF-8</con:encoding><con:endpoint>https://192.168.22.53:8443/services/AccessManagerService_v1.0</con:endpoint><con:request><![CDATA[<soapenv:Envelope xmlns:soapenv="http://schemas.xmlsoap.org/soap/envelope/" xmlns:v1="http://fidus.brussels/service/accessmanagerservice/messages/v1" xmlns:v11="http://fidus.brussels/type/common/messages/v1" xmlns:v31="http://socialsecurity.be/umanentityrepresentative/types/v3">
   <soapenv:Header/>
   <soapenv:Body>
      <v1:getOrganisationParentNodesRequest>
         <v1:messageContext>
         	  <v11:messageId>${=import static java.util.UUID.randomUUID; uuid = randomUUID() as String}</v11:messageId>
            <v11:timestamp>${=new java.text.SimpleDateFormat("yyyy-MM-dd'T'HH:mm:ss.SSS").format(new Date())}</v11:timestamp>
         </v1:messageContext>
         <v1:legalContext>ServiceIntegrator</v1:legalContext>
         <v1:request>
            <v1:Domain>QUAL_FED_HEALTHCARE</v1:Domain>
            <v1:OrganisationId>
               <v31:Identifier>1990000431</v31:Identifier>
               <v31:IdentifierType>BEEHP</v31:IdentifierType>
            </v1:OrganisationId>
            <v1:Language>nl</v1:Language>
         </v1:request>
      </v1:getOrganisationParentNodesRequest>
   </soapenv:Body>
</soapenv:Envelope>]]></con:request><con:credentials><con:selectedAuthProfile>Basic</con:selectedAuthProfile><con:addedBasicAuthenticationTypes>Basic</con:addedBasicAuthenticationTypes><con:authType>Global HTTP Settings</con:authType></con:credentials><con:jmsConfig JMSDeliveryMode="PERSISTENT"/><con:jmsPropertyConfig/><con:wsaConfig mustUnderstand="NONE" version="200508" action="http://fidus.brussels/services/accessmanagerservice/getOrganisationParentNodes"/><con:wsrmConfig version="1.2"/></con:call><con:call id="34f363e1-f424-47ab-8ba5-3c4e36cf2412" name="3 - Test - Worker2 - Request" outgoingWss="Outflow TEST" incomingWss="Inflow TEST"><con:settings><con:setting id="com.eviware.soapui.impl.wsdl.WsdlRequest@request-headers">&lt;xml-fragment/></con:setting></con:settings><con:encoding>UTF-8</con:encoding><con:endpoint>https://192.168.22.54:8443/services/AccessManagerService_v1.0</con:endpoint><con:request><![CDATA[<soapenv:Envelope xmlns:soapenv="http://schemas.xmlsoap.org/soap/envelope/" xmlns:v1="http://fidus.brussels/service/accessmanagerservice/messages/v1" xmlns:v11="http://fidus.brussels/type/common/messages/v1" xmlns:v31="http://socialsecurity.be/umanentityrepresentative/types/v3">
   <soapenv:Header/>
   <soapenv:Body>
      <v1:getOrganisationParentNodesRequest>
         <v1:messageContext>
         	  <v11:messageId>${=import static java.util.UUID.randomUUID; uuid = randomUUID() as String}</v11:messageId>
            <v11:timestamp>${=new java.text.SimpleDateFormat("yyyy-MM-dd'T'HH:mm:ss.SSS").format(new Date())}</v11:timestamp>
         </v1:messageContext>
         <v1:legalContext>ServiceIntegrator</v1:legalContext>
         <v1:request>
            <v1:Domain>QUAL_FED_HEALTHCARE</v1:Domain>
            <v1:OrganisationId>
               <v31:Identifier>1990000431</v31:Identifier>
               <v31:IdentifierType>BEEHP</v31:IdentifierType>
            </v1:OrganisationId>
            <v1:Language>nl</v1:Language>
         </v1:request>
      </v1:getOrganisationParentNodesRequest>
   </soapenv:Body>
</soapenv:Envelope>]]></con:request><con:credentials><con:selectedAuthProfile>Basic</con:selectedAuthProfile><con:addedBasicAuthenticationTypes>Basic</con:addedBasicAuthenticationTypes><con:authType>Global HTTP Settings</con:authType></con:credentials><con:jmsConfig JMSDeliveryMode="PERSISTENT"/><con:jmsPropertyConfig/><con:wsaConfig mustUnderstand="NONE" version="200508" action="http://fidus.brussels/services/accessmanagerservice/getOrganisationParentNodes"/><con:wsrmConfig version="1.2"/></con:call><con:call id="22b13242-19e0-43c0-ba42-2d64bb8c1fce" name="4 - Staging - Worker1 - Request" incomingWss="Inflow STAGING" outgoingWss="Outflow STAGING"><con:settings><con:setting id="com.eviware.soapui.impl.wsdl.WsdlRequest@request-headers">&lt;xml-fragment/></con:setting></con:settings><con:encoding>UTF-8</con:encoding><con:endpoint>https://192.168.24.16:8443/services/AccessManagerService_v1.0</con:endpoint><con:request><![CDATA[<soapenv:Envelope xmlns:soapenv="http://schemas.xmlsoap.org/soap/envelope/" xmlns:v1="http://fidus.brussels/service/accessmanagerservice/messages/v1" xmlns:v11="http://fidus.brussels/type/common/messages/v1" xmlns:v31="http://socialsecurity.be/umanentityrepresentative/types/v3">
   <soapenv:Header/>
   <soapenv:Body>
      <v1:getOrganisationParentNodesRequest>
         <v1:messageContext>
         	  <v11:messageId>${=import static java.util.UUID.randomUUID; uuid = randomUUID() as String}</v11:messageId>
            <v11:timestamp>${=new java.text.SimpleDateFormat("yyyy-MM-dd'T'HH:mm:ss.SSS").format(new Date())}</v11:timestamp>
         </v1:messageContext>
         <v1:legalContext>ServiceIntegrator</v1:legalContext>
         <v1:request>
            <v1:Domain>QUAL_FED_HEALTHCARE</v1:Domain>
            <v1:OrganisationId>
               <v31:Identifier>1990000431</v31:Identifier>
               <v31:IdentifierType>BEEHP</v31:IdentifierType>
            </v1:OrganisationId>
            <v1:Language>nl</v1:Language>
         </v1:request>
      </v1:getOrganisationParentNodesRequest>
   </soapenv:Body>
</soapenv:Envelope>]]></con:request><con:credentials><con:selectedAuthProfile>Basic</con:selectedAuthProfile><con:addedBasicAuthenticationTypes>Basic</con:addedBasicAuthenticationTypes><con:authType>Global HTTP Settings</con:authType></con:credentials><con:jmsConfig JMSDeliveryMode="PERSISTENT"/><con:jmsPropertyConfig/><con:wsaConfig mustUnderstand="NONE" version="200508" action="http://fidus.brussels/services/accessmanagerservice/getOrganisationParentNodes"/><con:wsrmConfig version="1.2"/></con:call><con:call id="ecdad1d7-a620-4f85-baea-cbd4648019fe" name="4 - Staging - Worker2 - Request" incomingWss="Inflow STAGING" outgoingWss="Outflow STAGING"><con:settings><con:setting id="com.eviware.soapui.impl.wsdl.WsdlRequest@request-headers">&lt;xml-fragment/></con:setting></con:settings><con:encoding>UTF-8</con:encoding><con:endpoint>https://192.168.24.17:8443/services/AccessManagerService_v1.0</con:endpoint><con:request><![CDATA[<soapenv:Envelope xmlns:soapenv="http://schemas.xmlsoap.org/soap/envelope/" xmlns:v1="http://fidus.brussels/service/accessmanagerservice/messages/v1" xmlns:v11="http://fidus.brussels/type/common/messages/v1" xmlns:v31="http://socialsecurity.be/umanentityrepresentative/types/v3">
   <soapenv:Header/>
   <soapenv:Body>
      <v1:getOrganisationParentNodesRequest>
         <v1:messageContext>
         	  <v11:messageId>${=import static java.util.UUID.randomUUID; uuid = randomUUID() as String}</v11:messageId>
            <v11:timestamp>${=new java.text.SimpleDateFormat("yyyy-MM-dd'T'HH:mm:ss.SSS").format(new Date())}</v11:timestamp>
         </v1:messageContext>
         <v1:legalContext>ServiceIntegrator</v1:legalContext>
         <v1:request>
            <v1:Domain>QUAL_FED_HEALTHCARE</v1:Domain>
            <v1:OrganisationId>
               <v31:Identifier>1990000431</v31:Identifier>
               <v31:IdentifierType>BEEHP</v31:IdentifierType>
            </v1:OrganisationId>
            <v1:Language>nl</v1:Language>
         </v1:request>
      </v1:getOrganisationParentNodesRequest>
   </soapenv:Body>
</soapenv:Envelope>]]></con:request><con:credentials><con:selectedAuthProfile>Basic</con:selectedAuthProfile><con:addedBasicAuthenticationTypes>Basic</con:addedBasicAuthenticationTypes><con:authType>Global HTTP Settings</con:authType></con:credentials><con:jmsConfig JMSDeliveryMode="PERSISTENT"/><con:jmsPropertyConfig/><con:wsaConfig mustUnderstand="NONE" version="200508" action="http://fidus.brussels/services/accessmanagerservice/getOrganisationParentNodes"/><con:wsrmConfig version="1.2"/></con:call><con:call id="f44ce7cc-4ab6-44f6-ba07-c67facdd5f96" name="5 - Prod - LB - Request" incomingWss="Inflow PROD" outgoingWss="Outflow PROD"><con:settings><con:setting id="com.eviware.soapui.impl.wsdl.WsdlRequest@request-headers">&lt;xml-fragment/></con:setting></con:settings><con:encoding>UTF-8</con:encoding><con:endpoint>https://fidus-esb-sg.prd.srv.cirb.lan:8443/services/AccessManagerService_v1.0</con:endpoint><con:request><![CDATA[<soapenv:Envelope xmlns:soapenv="http://schemas.xmlsoap.org/soap/envelope/" xmlns:v1="http://fidus.brussels/service/accessmanagerservice/messages/v1" xmlns:v11="http://fidus.brussels/type/common/messages/v1" xmlns:v31="http://socialsecurity.be/umanentityrepresentative/types/v3">
   <soapenv:Header/>
   <soapenv:Body>
      <v1:getOrganisationParentNodesRequest>
         <v1:messageContext>
         	  <v11:messageId>${=import static java.util.UUID.randomUUID; uuid = randomUUID() as String}</v11:messageId>
            <v11:timestamp>${=new java.text.SimpleDateFormat("yyyy-MM-dd'T'HH:mm:ss.SSS").format(new Date())}</v11:timestamp>
         </v1:messageContext>
         <v1:legalContext>ServiceIntegrator</v1:legalContext>
         <v1:request>
            <v1:Domain>QUAL_FED_HEALTHCARE</v1:Domain>
            <v1:OrganisationId>
               <v31:Identifier>1990000431</v31:Identifier>
               <v31:IdentifierType>BEEHP</v31:IdentifierType>
            </v1:OrganisationId>
            <v1:Language>nl</v1:Language>
         </v1:request>
      </v1:getOrganisationParentNodesRequest>
   </soapenv:Body>
</soapenv:Envelope>]]></con:request><con:credentials><con:selectedAuthProfile>Basic</con:selectedAuthProfile><con:addedBasicAuthenticationTypes>Basic</con:addedBasicAuthenticationTypes><con:authType>Global HTTP Settings</con:authType></con:credentials><con:jmsConfig JMSDeliveryMode="PERSISTENT"/><con:jmsPropertyConfig/><con:wsaConfig mustUnderstand="NONE" version="200508" action="http://fidus.brussels/services/accessmanagerservice/getOrganisationParentNodes"/><con:wsrmConfig version="1.2"/></con:call><con:call id="45e75470-6021-4ee3-b243-87bc1de6f55c" name="5 - Prod - Worker1 - Request" incomingWss="Inflow PROD" outgoingWss="Outflow PROD"><con:settings><con:setting id="com.eviware.soapui.impl.wsdl.WsdlRequest@request-headers">&lt;xml-fragment/></con:setting></con:settings><con:encoding>UTF-8</con:encoding><con:endpoint>https://192.168.26.22:8443/services/AccessManagerService_v1.0</con:endpoint><con:request><![CDATA[<soapenv:Envelope xmlns:soapenv="http://schemas.xmlsoap.org/soap/envelope/" xmlns:v1="http://fidus.brussels/service/accessmanagerservice/messages/v1" xmlns:v11="http://fidus.brussels/type/common/messages/v1" xmlns:v31="http://socialsecurity.be/umanentityrepresentative/types/v3">
   <soapenv:Header/>
   <soapenv:Body>
      <v1:getOrganisationParentNodesRequest>
         <v1:messageContext>
         	  <v11:messageId>${=import static java.util.UUID.randomUUID; uuid = randomUUID() as String}</v11:messageId>
            <v11:timestamp>${=new java.text.SimpleDateFormat("yyyy-MM-dd'T'HH:mm:ss.SSS").format(new Date())}</v11:timestamp>
         </v1:messageContext>
         <v1:legalContext>ServiceIntegrator</v1:legalContext>
         <v1:request>
            <v1:Domain>QUAL_FED_HEALTHCARE</v1:Domain>
            <v1:OrganisationId>
               <v31:Identifier>1990000431</v31:Identifier>
               <v31:IdentifierType>BEEHP</v31:IdentifierType>
            </v1:OrganisationId>
            <v1:Language>nl</v1:Language>
         </v1:request>
      </v1:getOrganisationParentNodesRequest>
   </soapenv:Body>
</soapenv:Envelope>]]></con:request><con:credentials><con:selectedAuthProfile>Basic</con:selectedAuthProfile><con:addedBasicAuthenticationTypes>Basic</con:addedBasicAuthenticationTypes><con:authType>Global HTTP Settings</con:authType></con:credentials><con:jmsConfig JMSDeliveryMode="PERSISTENT"/><con:jmsPropertyConfig/><con:wsaConfig mustUnderstand="NONE" version="200508" action="http://fidus.brussels/services/accessmanagerservice/getOrganisationParentNodes"/><con:wsrmConfig version="1.2"/></con:call><con:call id="e72117d7-a6e2-4550-85b9-95ccbd5de9e0" name="5 - Prod - Worker2 - Request" incomingWss="Inflow PROD" outgoingWss="Outflow PROD"><con:settings><con:setting id="com.eviware.soapui.impl.wsdl.WsdlRequest@request-headers">&lt;xml-fragment/></con:setting></con:settings><con:encoding>UTF-8</con:encoding><con:endpoint>https://192.168.26.19:8443/services/AccessManagerService_v1.0</con:endpoint><con:request><![CDATA[<soapenv:Envelope xmlns:soapenv="http://schemas.xmlsoap.org/soap/envelope/" xmlns:v1="http://fidus.brussels/service/accessmanagerservice/messages/v1" xmlns:v11="http://fidus.brussels/type/common/messages/v1" xmlns:v31="http://socialsecurity.be/umanentityrepresentative/types/v3">
   <soapenv:Header/>
   <soapenv:Body>
      <v1:getOrganisationParentNodesRequest>
         <v1:messageContext>
         	  <v11:messageId>${=import static java.util.UUID.randomUUID; uuid = randomUUID() as String}</v11:messageId>
            <v11:timestamp>${=new java.text.SimpleDateFormat("yyyy-MM-dd'T'HH:mm:ss.SSS").format(new Date())}</v11:timestamp>
         </v1:messageContext>
         <v1:legalContext>ServiceIntegrator</v1:legalContext>
         <v1:request>
            <v1:Domain>QUAL_FED_HEALTHCARE</v1:Domain>
            <v1:OrganisationId>
               <v31:Identifier>1990000431</v31:Identifier>
               <v31:IdentifierType>BEEHP</v31:IdentifierType>
            </v1:OrganisationId>
            <v1:Language>nl</v1:Language>
         </v1:request>
      </v1:getOrganisationParentNodesRequest>
   </soapenv:Body>
</soapenv:Envelope>]]></con:request><con:credentials><con:selectedAuthProfile>Basic</con:selectedAuthProfile><con:addedBasicAuthenticationTypes>Basic</con:addedBasicAuthenticationTypes><con:authType>Global HTTP Settings</con:authType></con:credentials><con:jmsConfig JMSDeliveryMode="PERSISTENT"/><con:jmsPropertyConfig/><con:wsaConfig mustUnderstand="NONE" version="200508" action="http://fidus.brussels/services/accessmanagerservice/getOrganisationParentNodes"/><con:wsrmConfig version="1.2"/></con:call><con:call id="5c476206-cd68-42bf-9e5b-1e24cb62ec49" name="3 - Test - Worker1New - Request" outgoingWss="Outflow TEST" incomingWss="Inflow TEST"><con:settings><con:setting id="com.eviware.soapui.impl.wsdl.WsdlRequest@request-headers">&lt;xml-fragment/></con:setting></con:settings><con:encoding>UTF-8</con:encoding><con:endpoint>https://192.168.22.73:8443/services/AccessManagerService_v1.0</con:endpoint><con:request><![CDATA[<soapenv:Envelope xmlns:soapenv="http://schemas.xmlsoap.org/soap/envelope/" xmlns:v1="http://fidus.brussels/service/accessmanagerservice/messages/v1" xmlns:v11="http://fidus.brussels/type/common/messages/v1" xmlns:v31="http://socialsecurity.be/umanentityrepresentative/types/v3">
   <soapenv:Header/>
   <soapenv:Body>
      <v1:getOrganisationParentNodesRequest>
         <v1:messageContext>
         	  <v11:messageId>${=import static java.util.UUID.randomUUID; uuid = randomUUID() as String}</v11:messageId>
            <v11:timestamp>${=new java.text.SimpleDateFormat("yyyy-MM-dd'T'HH:mm:ss.SSS").format(new Date())}</v11:timestamp>
         </v1:messageContext>
         <v1:legalContext>ServiceIntegrator</v1:legalContext>
         <v1:request>
            <v1:Domain>QUAL_FED_HEALTHCARE</v1:Domain>
            <v1:OrganisationId>
               <v31:Identifier>1990000431</v31:Identifier>
               <v31:IdentifierType>BEEHP</v31:IdentifierType>
            </v1:OrganisationId>
            <v1:Language>nl</v1:Language>
         </v1:request>
      </v1:getOrganisationParentNodesRequest>
   </soapenv:Body>
</soapenv:Envelope>]]></con:request><con:credentials><con:selectedAuthProfile>Basic</con:selectedAuthProfile><con:addedBasicAuthenticationTypes>Basic</con:addedBasicAuthenticationTypes><con:authType>Global HTTP Settings</con:authType></con:credentials><con:jmsConfig JMSDeliveryMode="PERSISTENT"/><con:jmsPropertyConfig/><con:wsaConfig mustUnderstand="NONE" version="200508" action="http://fidus.brussels/services/accessmanagerservice/getOrganisationParentNodes"/><con:wsrmConfig version="1.2"/></con:call><con:call id="18ae9fdc-2b0f-4b2e-ad47-986f1fb373ea" name="3 - Test - Worker2New - Request" outgoingWss="Outflow TEST" incomingWss="Inflow TEST"><con:settings><con:setting id="com.eviware.soapui.impl.wsdl.WsdlRequest@request-headers">&lt;xml-fragment/></con:setting></con:settings><con:encoding>UTF-8</con:encoding><con:endpoint>https://192.168.22.93:8443/services/AccessManagerService_v1.0</con:endpoint><con:request><![CDATA[<soapenv:Envelope xmlns:soapenv="http://schemas.xmlsoap.org/soap/envelope/" xmlns:v1="http://fidus.brussels/service/accessmanagerservice/messages/v1" xmlns:v11="http://fidus.brussels/type/common/messages/v1" xmlns:v31="http://socialsecurity.be/umanentityrepresentative/types/v3">
   <soapenv:Header/>
   <soapenv:Body>
      <v1:getOrganisationParentNodesRequest>
         <v1:messageContext>
         	  <v11:messageId>${=import static java.util.UUID.randomUUID; uuid = randomUUID() as String}</v11:messageId>
            <v11:timestamp>${=new java.text.SimpleDateFormat("yyyy-MM-dd'T'HH:mm:ss.SSS").format(new Date())}</v11:timestamp>
         </v1:messageContext>
         <v1:legalContext>ServiceIntegrator</v1:legalContext>
         <v1:request>
            <v1:Domain>QUAL_FED_HEALTHCARE</v1:Domain>
            <v1:OrganisationId>
               <v31:Identifier>1990000431</v31:Identifier>
               <v31:IdentifierType>BEEHP</v31:IdentifierType>
            </v1:OrganisationId>
            <v1:Language>nl</v1:Language>
         </v1:request>
      </v1:getOrganisationParentNodesRequest>
   </soapenv:Body>
</soapenv:Envelope>]]></con:request><con:credentials><con:selectedAuthProfile>Basic</con:selectedAuthProfile><con:addedBasicAuthenticationTypes>Basic</con:addedBasicAuthenticationTypes><con:authType>Global HTTP Settings</con:authType></con:credentials><con:jmsConfig JMSDeliveryMode="PERSISTENT"/><con:jmsPropertyConfig/><con:wsaConfig mustUnderstand="NONE" version="200508" action="http://fidus.brussels/services/accessmanagerservice/getOrganisationParentNodes"/><con:wsrmConfig version="1.2"/></con:call><con:call id="6221ac88-20b9-4124-b685-86bd022335f4" name="4 - Staging - Worker1New - Request" outgoingWss="Outflow STAGING" incomingWss="Inflow STAGING"><con:settings><con:setting id="com.eviware.soapui.impl.wsdl.WsdlRequest@request-headers">&lt;xml-fragment/></con:setting></con:settings><con:encoding>UTF-8</con:encoding><con:endpoint>https://192.168.23.191:8443/services/AccessManagerService_v1.0</con:endpoint><con:request><![CDATA[<soapenv:Envelope xmlns:soapenv="http://schemas.xmlsoap.org/soap/envelope/" xmlns:v1="http://fidus.brussels/service/accessmanagerservice/messages/v1" xmlns:v11="http://fidus.brussels/type/common/messages/v1" xmlns:v31="http://socialsecurity.be/umanentityrepresentative/types/v3">
   <soapenv:Header/>
   <soapenv:Body>
      <v1:getOrganisationParentNodesRequest>
         <v1:messageContext>
         	  <v11:messageId>${=import static java.util.UUID.randomUUID; uuid = randomUUID() as String}</v11:messageId>
            <v11:timestamp>${=new java.text.SimpleDateFormat("yyyy-MM-dd'T'HH:mm:ss.SSS").format(new Date())}</v11:timestamp>
         </v1:messageContext>
         <v1:legalContext>ServiceIntegrator</v1:legalContext>
         <v1:request>
            <v1:Domain>QUAL_FED_HEALTHCARE</v1:Domain>
            <v1:OrganisationId>
               <v31:Identifier>1990000431</v31:Identifier>
               <v31:IdentifierType>BEEHP</v31:IdentifierType>
            </v1:OrganisationId>
            <v1:Language>nl</v1:Language>
         </v1:request>
      </v1:getOrganisationParentNodesRequest>
   </soapenv:Body>
</soapenv:Envelope>]]></con:request><con:credentials><con:selectedAuthProfile>Basic</con:selectedAuthProfile><con:addedBasicAuthenticationTypes>Basic</con:addedBasicAuthenticationTypes><con:authType>Global HTTP Settings</con:authType></con:credentials><con:jmsConfig JMSDeliveryMode="PERSISTENT"/><con:jmsPropertyConfig/><con:wsaConfig mustUnderstand="NONE" version="200508" action="http://fidus.brussels/services/accessmanagerservice/getOrganisationParentNodes"/><con:wsrmConfig version="1.2"/></con:call><con:call id="99346537-3484-4b55-b501-1cc0cfef2872" name="4 - Staging - Worker2New - Request" outgoingWss="Outflow STAGING" incomingWss="Inflow STAGING"><con:settings><con:setting id="com.eviware.soapui.impl.wsdl.WsdlRequest@request-headers">&lt;xml-fragment/></con:setting></con:settings><con:encoding>UTF-8</con:encoding><con:endpoint>https://192.168.23.198:8443/services/AccessManagerService_v1.0</con:endpoint><con:request><![CDATA[<soapenv:Envelope xmlns:soapenv="http://schemas.xmlsoap.org/soap/envelope/" xmlns:v1="http://fidus.brussels/service/accessmanagerservice/messages/v1" xmlns:v11="http://fidus.brussels/type/common/messages/v1" xmlns:v31="http://socialsecurity.be/umanentityrepresentative/types/v3">
   <soapenv:Header/>
   <soapenv:Body>
      <v1:getOrganisationParentNodesRequest>
         <v1:messageContext>
         	  <v11:messageId>${=import static java.util.UUID.randomUUID; uuid = randomUUID() as String}</v11:messageId>
            <v11:timestamp>${=new java.text.SimpleDateFormat("yyyy-MM-dd'T'HH:mm:ss.SSS").format(new Date())}</v11:timestamp>
         </v1:messageContext>
         <v1:legalContext>ServiceIntegrator</v1:legalContext>
         <v1:request>
            <v1:Domain>QUAL_FED_HEALTHCARE</v1:Domain>
            <v1:OrganisationId>
               <v31:Identifier>1990000431</v31:Identifier>
               <v31:IdentifierType>BEEHP</v31:IdentifierType>
            </v1:OrganisationId>
            <v1:Language>nl</v1:Language>
         </v1:request>
      </v1:getOrganisationParentNodesRequest>
   </soapenv:Body>
</soapenv:Envelope>]]></con:request><con:credentials><con:selectedAuthProfile>Basic</con:selectedAuthProfile><con:addedBasicAuthenticationTypes>Basic</con:addedBasicAuthenticationTypes><con:authType>Global HTTP Settings</con:authType></con:credentials><con:jmsConfig JMSDeliveryMode="PERSISTENT"/><con:jmsPropertyConfig/><con:wsaConfig mustUnderstand="NONE" version="200508" action="http://fidus.brussels/services/accessmanagerservice/getOrganisationParentNodes"/><con:wsrmConfig version="1.2"/></con:call><con:call id="e38b4d1d-56a0-4f68-a136-f3a3a144e8b8" name="4 - Staging - External - Request" outgoingWss="Outflow STAGING" incomingWss="Inflow STAGING"><con:settings><con:setting id="com.eviware.soapui.impl.wsdl.WsdlRequest@request-headers">&lt;xml-fragment/></con:setting></con:settings><con:encoding>UTF-8</con:encoding><con:endpoint>https://fidus-esb-sg.sta.srv.cirb.lan:8443/services/AccessManagerService_v1.0</con:endpoint><con:request><![CDATA[<soapenv:Envelope xmlns:soapenv="http://schemas.xmlsoap.org/soap/envelope/" xmlns:v1="http://fidus.brussels/service/accessmanagerservice/messages/v1" xmlns:v11="http://fidus.brussels/type/common/messages/v1" xmlns:v31="http://socialsecurity.be/umanentityrepresentative/types/v3">
   <soapenv:Header/>
   <soapenv:Body>
      <v1:getOrganisationParentNodesRequest>
         <v1:messageContext>
         	  <v11:messageId>${=import static java.util.UUID.randomUUID; uuid = randomUUID() as String}</v11:messageId>
            <v11:timestamp>${=new java.text.SimpleDateFormat("yyyy-MM-dd'T'HH:mm:ss.SSS").format(new Date())}</v11:timestamp>
         </v1:messageContext>
         <v1:legalContext>ServiceIntegrator</v1:legalContext>
         <v1:request>
            <v1:Domain>QUAL_FED_HEALTHCARE</v1:Domain>
            <v1:OrganisationId>
               <v31:Identifier>1990000431</v31:Identifier>
               <v31:IdentifierType>BEEHP</v31:IdentifierType>
            </v1:OrganisationId>
            <v1:Language>nl</v1:Language>
         </v1:request>
      </v1:getOrganisationParentNodesRequest>
   </soapenv:Body>
</soapenv:Envelope>]]></con:request><con:credentials><con:selectedAuthProfile>Basic</con:selectedAuthProfile><con:addedBasicAuthenticationTypes>Basic</con:addedBasicAuthenticationTypes><con:authType>Global HTTP Settings</con:authType></con:credentials><con:jmsConfig JMSDeliveryMode="PERSISTENT"/><con:jmsPropertyConfig/><con:wsaConfig mustUnderstand="NONE" version="200508" action="http://fidus.brussels/services/accessmanagerservice/getOrganisationParentNodes"/><con:wsrmConfig version="1.2"/></con:call><con:call id="a6288460-b938-44e2-bbab-1a8ec3b82aa8" name="3 - Test - External - Request" outgoingWss="Outflow TEST" incomingWss="Inflow TEST"><con:settings><con:setting id="com.eviware.soapui.impl.wsdl.WsdlRequest@request-headers">&lt;xml-fragment/></con:setting></con:settings><con:encoding>UTF-8</con:encoding><con:endpoint>https://esb-security-gw.sta.srv.cirb.lan:8443/services/AccessManagerService_v1.0</con:endpoint><con:request><![CDATA[<soapenv:Envelope xmlns:soapenv="http://schemas.xmlsoap.org/soap/envelope/" xmlns:v1="http://fidus.brussels/service/accessmanagerservice/messages/v1" xmlns:v11="http://fidus.brussels/type/common/messages/v1" xmlns:v31="http://socialsecurity.be/umanentityrepresentative/types/v3">
   <soapenv:Header/>
   <soapenv:Body>
      <v1:getOrganisationParentNodesRequest>
         <v1:messageContext>
         	  <v11:messageId>${=import static java.util.UUID.randomUUID; uuid = randomUUID() as String}</v11:messageId>
            <v11:timestamp>${=new java.text.SimpleDateFormat("yyyy-MM-dd'T'HH:mm:ss.SSS").format(new Date())}</v11:timestamp>
         </v1:messageContext>
         <v1:legalContext>ServiceIntegrator</v1:legalContext>
         <v1:request>
            <v1:Domain>QUAL_FED_HEALTHCARE</v1:Domain>
            <v1:OrganisationId>
               <v31:Identifier>1990000431</v31:Identifier>
               <v31:IdentifierType>BEEHP</v31:IdentifierType>
            </v1:OrganisationId>
            <v1:Language>nl</v1:Language>
         </v1:request>
      </v1:getOrganisationParentNodesRequest>
   </soapenv:Body>
</soapenv:Envelope>]]></con:request><con:credentials><con:selectedAuthProfile>Basic</con:selectedAuthProfile><con:addedBasicAuthenticationTypes>Basic</con:addedBasicAuthenticationTypes><con:authType>Global HTTP Settings</con:authType></con:credentials><con:jmsConfig JMSDeliveryMode="PERSISTENT"/><con:jmsPropertyConfig/><con:wsaConfig mustUnderstand="NONE" version="200508" action="http://fidus.brussels/services/accessmanagerservice/getOrganisationParentNodes"/><con:wsrmConfig version="1.2"/></con:call></con:operation></con:interface><con:testSuite id="112b5736-e939-41c7-aee2-e25b5a4a523d" name="DEV"><con:settings/><con:runType>SEQUENTIAL</con:runType><con:testCase id="a0285b6d-1c1d-4fe9-9348-144adeaaaa2e" failOnError="true" failTestCaseOnErrors="true" keepSession="false" maxResults="0" name="findRepresentativeRolesByINSS" searchProperties="true"><con:settings/><con:testStep type="request" id="ae3d04e0-2ba8-4291-89f5-835ca7be4156" name="testcase2 - Dev - Request - OK"><con:settings/><con:config xsi:type="con:RequestStep" xmlns:xsi="http://www.w3.org/2001/XMLSchema-instance"><con:interface>AccessManagerServiceHTTPBinding</con:interface><con:operation>findRepresentativeRolesByINSS</con:operation><con:request name="testcase2 - Dev - Request - OK" id="11c7bfcc-b811-41d1-bd2a-3d6c52c48418" outgoingWss="Outflow DEV"><con:settings/><con:encoding>UTF-8</con:encoding><con:endpoint>https://192.168.36.61:8243/services/AccessManagerService_v1.0</con:endpoint><con:request><![CDATA[<soapenv:Envelope xmlns:soapenv="http://schemas.xmlsoap.org/soap/envelope/" xmlns:v1="http://fidus.brussels/service/accessmanagerservice/messages/v1" xmlns:v11="http://fidus.brussels/type/common/messages/v1" xmlns:v3="http://socialsecurity.be/umanentityrepresentative/types/v3">
   <soapenv:Header/>
   <soapenv:Body>
      <v1:findRepresentativeRolesByINSSRequest>
         <v1:messageContext>
         	  <v11:messageId>${=import static java.util.UUID.randomUUID; uuid = randomUUID() as String}</v11:messageId>
            <v11:timestamp>${=new java.text.SimpleDateFormat("yyyy-MM-dd'T'HH:mm:ss.SSS").format(new Date())}</v11:timestamp>
         </v1:messageContext>
         <v1:legalContext>ServiceIntegrator</v1:legalContext>
         <v1:request>
            <v1:Domain>QUAL_FED_HEALTHCARE</v1:Domain>
            <v1:INSS>86051933959</v1:INSS>
            <v1:Language>nl</v1:Language>
         </v1:request>
      </v1:findRepresentativeRolesByINSSRequest>
   </soapenv:Body>
</soapenv:Envelope>]]></con:request><con:assertion type="SOAP Fault Assertion" id="e6e45ad8-2ab8-432a-a906-47bf8b777352" name="Not SOAP Fault"/><con:assertion type="SOAP Response" id="ad594b5f-d972-4f69-aeb4-ab99c4b05487" name="SOAP Response"/><con:assertion type="Schema Compliance" id="d827ba79-c5e1-477a-a00d-7b812e20e678" name="Schema Compliance"><con:configuration/></con:assertion><con:wsaConfig action="http://fidus.brussels/services/accessmanagerservice/findRepresentativeRolesByINSS"/></con:request></con:config></con:testStep><con:testStep type="request" id="e6671b60-1e43-4e22-98d2-33c6b8bbed6a" name="testcase2 - Dev - Request - Not Found"><con:settings/><con:config xsi:type="con:RequestStep" xmlns:xsi="http://www.w3.org/2001/XMLSchema-instance"><con:interface>AccessManagerServiceHTTPBinding</con:interface><con:operation>findRepresentativeRolesByINSS</con:operation><con:request name="testcase2 - Dev - Request - Not Found" id="2df73608-5db4-4a58-a2e4-264fff3f0a66" outgoingWss="Outflow DEV"><con:settings/><con:encoding>UTF-8</con:encoding><con:endpoint>https://192.168.36.61:8243/services/AccessManagerService_v1.0</con:endpoint><con:request><![CDATA[<soapenv:Envelope xmlns:soapenv="http://schemas.xmlsoap.org/soap/envelope/" xmlns:v1="http://fidus.brussels/service/accessmanagerservice/messages/v1" xmlns:v11="http://fidus.brussels/type/common/messages/v1" xmlns:v3="http://socialsecurity.be/umanentityrepresentative/types/v3">
   <soapenv:Header/>
   <soapenv:Body>
      <v1:findRepresentativeRolesByINSSRequest>
         <v1:messageContext>
         	  <v11:messageId>${=import static java.util.UUID.randomUUID; uuid = randomUUID() as String}</v11:messageId>
            <v11:timestamp>${=new java.text.SimpleDateFormat("yyyy-MM-dd'T'HH:mm:ss.SSS").format(new Date())}</v11:timestamp>
         </v1:messageContext>
         <v1:legalContext>ServiceIntegrator</v1:legalContext>
         <v1:request>
            <v1:Domain>ECONOMY</v1:Domain>
            <v1:INSS>86051933959</v1:INSS>
            <v1:Language>nl</v1:Language>
         </v1:request>
      </v1:findRepresentativeRolesByINSSRequest>
   </soapenv:Body>
</soapenv:Envelope>]]></con:request><con:assertion type="SOAP Fault Assertion" id="b422e0f3-a763-4154-9666-58cec8cf4dff" name="Not SOAP Fault"/><con:assertion type="SOAP Response" id="1d8577e4-2e74-48b5-ac5b-03e4ce18974e" name="SOAP Response"/><con:assertion type="Schema Compliance" id="e2ff4860-434d-4a99-b230-9157cd56f8ea" name="Schema Compliance"><con:configuration/></con:assertion><con:wsaConfig action="http://fidus.brussels/services/accessmanagerservice/findRepresentativeRolesByINSS"/></con:request></con:config></con:testStep><con:properties/></con:testCase><con:testCase id="fc942cb4-b87f-4487-900c-732390a57f88" failOnError="true" failTestCaseOnErrors="true" keepSession="false" maxResults="0" name="getDomain" searchProperties="true"><con:settings/><con:testStep type="request" id="0b641363-a970-41ff-92c4-16f8be5dac13" name="testcase2 - Dev - Request - OK"><con:settings/><con:config xsi:type="con:RequestStep" xmlns:xsi="http://www.w3.org/2001/XMLSchema-instance"><con:interface>AccessManagerServiceHTTPBinding</con:interface><con:operation>getDomain</con:operation><con:request name="testcase2 - Dev - Request - OK" id="7f0a5b48-b84a-4be1-a89f-5b44356f330a" outgoingWss="Outflow DEV"><con:settings/><con:encoding>UTF-8</con:encoding><con:endpoint>https://192.168.36.61:8243/services/AccessManagerService_v1.0</con:endpoint><con:request><![CDATA[<soapenv:Envelope xmlns:soapenv="http://schemas.xmlsoap.org/soap/envelope/" xmlns:v1="http://fidus.brussels/service/accessmanagerservice/messages/v1" xmlns:v11="http://fidus.brussels/type/common/messages/v1" >
   <soapenv:Header/>
   <soapenv:Body>
      <v1:getDomainRequest>
         <v1:messageContext>
         	  <v11:messageId>${=import static java.util.UUID.randomUUID; uuid = randomUUID() as String}</v11:messageId>
            <v11:timestamp>${=new java.text.SimpleDateFormat("yyyy-MM-dd'T'HH:mm:ss.SSS").format(new Date())}</v11:timestamp>
         </v1:messageContext>
         <v1:legalContext>ServiceIntegrator</v1:legalContext>
         <v1:request>
         	  <v1:Domain>FINANCE</v1:Domain>
            <v1:Language>fr</v1:Language>
         </v1:request>
      </v1:getDomainRequest>
   </soapenv:Body>
</soapenv:Envelope>]]></con:request><con:assertion type="SOAP Fault Assertion" id="0c1aa6ba-4ea7-4156-930a-270a7ce15c73" name="Not SOAP Fault"/><con:assertion type="SOAP Response" id="f971cb4d-a9c9-442a-83c7-1221a117e9c6" name="SOAP Response"/><con:assertion type="Schema Compliance" id="3b42f976-7ddf-4958-9d81-b6b08a60f56b" name="Schema Compliance"><con:configuration/></con:assertion><con:wsaConfig action="http://fidus.brussels/services/accessmanagerservice/getDomain"/></con:request></con:config></con:testStep><con:testStep type="request" id="0b5694d1-e997-4ba4-9f90-96c9f583686d" name="testcase2 - Dev - Request - Not Found"><con:settings/><con:config xsi:type="con:RequestStep" xmlns:xsi="http://www.w3.org/2001/XMLSchema-instance"><con:interface>AccessManagerServiceHTTPBinding</con:interface><con:operation>getDomain</con:operation><con:request name="testcase2 - Dev - Request - Not Found" id="85063dd7-1d4d-4b6f-8533-c2d543bc515d" outgoingWss="Outflow DEV"><con:settings/><con:encoding>UTF-8</con:encoding><con:endpoint>https://192.168.36.61:8243/services/AccessManagerService_v1.0</con:endpoint><con:request><![CDATA[<soapenv:Envelope xmlns:soapenv="http://schemas.xmlsoap.org/soap/envelope/" xmlns:v1="http://fidus.brussels/service/accessmanagerservice/messages/v1" xmlns:v11="http://fidus.brussels/type/common/messages/v1" >
   <soapenv:Header/>
   <soapenv:Body>
      <v1:getDomainRequest>
         <v1:messageContext>
         	  <v11:messageId>${=import static java.util.UUID.randomUUID; uuid = randomUUID() as String}</v11:messageId>
            <v11:timestamp>${=new java.text.SimpleDateFormat("yyyy-MM-dd'T'HH:mm:ss.SSS").format(new Date())}</v11:timestamp>
         </v1:messageContext>
         <v1:legalContext>ServiceIntegrator</v1:legalContext>
         <v1:request>
         	  <v1:Domain>ECOLOGY</v1:Domain>
            <v1:Language>fr</v1:Language>
         </v1:request>
      </v1:getDomainRequest>
   </soapenv:Body>
</soapenv:Envelope>]]></con:request><con:assertion type="SOAP Fault Assertion" id="88bcfcbc-97d6-49d5-a672-465a0dd6305c" name="Not SOAP Fault"/><con:assertion type="SOAP Response" id="9a3eec7e-b20a-4237-89d6-56230e9bf83c" name="SOAP Response"/><con:assertion type="Schema Compliance" id="255e9a46-1fb1-4f06-aec8-f1f5f07339ca" name="Schema Compliance"><con:configuration/></con:assertion><con:wsaConfig action="http://fidus.brussels/services/accessmanagerservice/getDomain"/></con:request></con:config></con:testStep><con:properties/></con:testCase><con:testCase id="4236bac9-73a9-410f-b234-8ee1396d0de4" failOnError="true" failTestCaseOnErrors="true" keepSession="false" maxResults="0" name="getEntityRepresentatives" searchProperties="true"><con:settings/><con:testStep type="request" id="ac1afdca-d9d8-4d81-a6a1-e35d768a0dce" name="testcase2 - Dev - Request - OK"><con:settings/><con:config xsi:type="con:RequestStep" xmlns:xsi="http://www.w3.org/2001/XMLSchema-instance"><con:interface>AccessManagerServiceHTTPBinding</con:interface><con:operation>getEntityRepresentatives</con:operation><con:request name="testcase2 - Dev - Request - OK" id="d67d9fa6-d6c2-4bd7-8ef7-302531ca25f1" outgoingWss="Outflow DEV"><con:settings/><con:encoding>UTF-8</con:encoding><con:endpoint>https://192.168.36.61:8243/services/AccessManagerService_v1.0</con:endpoint><con:request><![CDATA[<soapenv:Envelope xmlns:soapenv="http://schemas.xmlsoap.org/soap/envelope/" xmlns:v1="http://fidus.brussels/service/accessmanagerservice/messages/v1" xmlns:v11="http://fidus.brussels/type/common/messages/v1" xmlns:v31="http://socialsecurity.be/umanentityrepresentative/types/v3" >
   <soapenv:Header/>
   <soapenv:Body>
      <v1:getEntityRepresentativesRequest>
         <v1:messageContext>
         	  <v11:messageId>${=import static java.util.UUID.randomUUID; uuid = randomUUID() as String}</v11:messageId>
            <v11:timestamp>${=new java.text.SimpleDateFormat("yyyy-MM-dd'T'HH:mm:ss.SSS").format(new Date())}</v11:timestamp>
         </v1:messageContext>
         <v1:legalContext>ServiceIntegrator</v1:legalContext>
         <v1:request>
            <v1:Domain>QUAL_FED_HEALTHCARE</v1:Domain>
            <v1:OrganisationId>
               <v31:Identifier>1990000431</v31:Identifier>
               <v31:IdentifierType>BEEHP</v31:IdentifierType>
            </v1:OrganisationId>
            <v1:Language>nl</v1:Language>
         </v1:request>
      </v1:getEntityRepresentativesRequest>
   </soapenv:Body>
</soapenv:Envelope>]]></con:request><con:assertion type="SOAP Fault Assertion" id="e2c8e553-372e-4412-a2e9-1376a1c94d2f" name="Not SOAP Fault"/><con:assertion type="SOAP Response" id="888a9c9c-9011-4022-906a-6b72f81a1f9c" name="SOAP Response"/><con:assertion type="Schema Compliance" id="cbbf8e96-1ff9-4286-8841-9a2a09f8bc0c" name="Schema Compliance"><con:configuration/></con:assertion><con:wsaConfig action="http://fidus.brussels/services/accessmanagerservice/getEntityRepresentatives"/></con:request></con:config></con:testStep><con:testStep type="request" id="34285fb9-9150-4e82-93ef-270e0d44f8b4" name="testcase2 - Dev - Request - Not Found"><con:settings/><con:config xsi:type="con:RequestStep" xmlns:xsi="http://www.w3.org/2001/XMLSchema-instance"><con:interface>AccessManagerServiceHTTPBinding</con:interface><con:operation>getEntityRepresentatives</con:operation><con:request name="testcase2 - Dev - Request - Not Found" id="4ed323ab-4810-423c-abd9-21a95e4e4a91" outgoingWss="Outflow DEV"><con:settings/><con:encoding>UTF-8</con:encoding><con:endpoint>https://192.168.36.61:8243/services/AccessManagerService_v1.0</con:endpoint><con:request><![CDATA[<soapenv:Envelope xmlns:soapenv="http://schemas.xmlsoap.org/soap/envelope/" xmlns:v1="http://fidus.brussels/service/accessmanagerservice/messages/v1" xmlns:v11="http://fidus.brussels/type/common/messages/v1" xmlns:v31="http://socialsecurity.be/umanentityrepresentative/types/v3" >
   <soapenv:Header/>
   <soapenv:Body>
      <v1:getEntityRepresentativesRequest>
         <v1:messageContext>
         	  <v11:messageId>${=import static java.util.UUID.randomUUID; uuid = randomUUID() as String}</v11:messageId>
            <v11:timestamp>${=new java.text.SimpleDateFormat("yyyy-MM-dd'T'HH:mm:ss.SSS").format(new Date())}</v11:timestamp>
         </v1:messageContext>
         <v1:legalContext>ServiceIntegrator</v1:legalContext>
         <v1:request>
            <v1:Domain>INDUSTRY</v1:Domain>
            <v1:OrganisationId>
               <v31:Identifier>1990000431</v31:Identifier>
               <v31:IdentifierType>BEEHP</v31:IdentifierType>
            </v1:OrganisationId>
            <v1:Language>nl</v1:Language>
         </v1:request>
      </v1:getEntityRepresentativesRequest>
   </soapenv:Body>
</soapenv:Envelope>]]></con:request><con:assertion type="SOAP Fault Assertion" id="509de84c-9774-4113-a0de-b60e0027eba3" name="Not SOAP Fault"/><con:assertion type="SOAP Response" id="ebe3d94d-dfe4-45bf-a81d-3839dfe46a55" name="SOAP Response"/><con:assertion type="Schema Compliance" id="037bbd17-693e-4da7-b0f5-604ec67075b2" name="Schema Compliance"><con:configuration/></con:assertion><con:wsaConfig action="http://fidus.brussels/services/accessmanagerservice/getEntityRepresentatives"/></con:request></con:config></con:testStep><con:properties/></con:testCase><con:testCase id="b42e5b57-afcc-477e-8cdf-83560e49585c" failOnError="true" failTestCaseOnErrors="true" keepSession="false" maxResults="0" name="getOrganisationChildNodes" searchProperties="true"><con:settings/><con:testStep type="request" id="4f95a1ff-13a8-48a6-ae66-f0ac5df2c81b" name="testcase2 - Dev - Request - OK"><con:settings/><con:config xsi:type="con:RequestStep" xmlns:xsi="http://www.w3.org/2001/XMLSchema-instance"><con:interface>AccessManagerServiceHTTPBinding</con:interface><con:operation>getOrganisationChildNodes</con:operation><con:request name="testcase2 - Dev - Request - OK" id="e7202bd9-2d26-45c7-b0ed-4d982049f0e6" outgoingWss="Outflow DEV"><con:settings/><con:encoding>UTF-8</con:encoding><con:endpoint>https://192.168.36.61:8243/services/AccessManagerService_v1.0</con:endpoint><con:request><![CDATA[<soapenv:Envelope xmlns:soapenv="http://schemas.xmlsoap.org/soap/envelope/" xmlns:v1="http://fidus.brussels/service/accessmanagerservice/messages/v1" xmlns:v11="http://fidus.brussels/type/common/messages/v1" xmlns:v31="http://socialsecurity.be/umanentityrepresentative/types/v3">
   <soapenv:Header/>
   <soapenv:Body>
      <v1:getOrganisationChildNodesRequest>
         <v1:messageContext>
         	  <v11:messageId>${=import static java.util.UUID.randomUUID; uuid = randomUUID() as String}</v11:messageId>
            <v11:timestamp>${=new java.text.SimpleDateFormat("yyyy-MM-dd'T'HH:mm:ss.SSS").format(new Date())}</v11:timestamp>
         </v1:messageContext>
         <v1:legalContext>ServiceIntegrator</v1:legalContext>
         <v1:request>
            <v1:Domain>QUAL_FED_HEALTHCARE</v1:Domain>
            <v1:OrganisationId>
               <v31:Identifier>1990000431</v31:Identifier>
               <v31:IdentifierType>BEEHP</v31:IdentifierType>
            </v1:OrganisationId>
            <v1:Language>nl</v1:Language>
         </v1:request>
      </v1:getOrganisationChildNodesRequest>
   </soapenv:Body>
</soapenv:Envelope>]]></con:request><con:assertion type="SOAP Fault Assertion" id="1fafac4e-850a-4b51-94e9-0c8c09fc528c" name="Not SOAP Fault"/><con:assertion type="SOAP Response" id="c656b79c-5ee1-4483-956b-46837a039fba" name="SOAP Response"/><con:assertion type="Schema Compliance" id="da947477-3a9a-47f8-ba05-e8a495e71ebd" name="Schema Compliance"><con:configuration/></con:assertion><con:wsaConfig action="http://fidus.brussels/services/accessmanagerservice/getOrganisationChildNodes"/></con:request></con:config></con:testStep><con:testStep type="request" id="25e4883b-398f-4628-b703-0f4401f91397" name="testcase2 - Dev - Request - Not Found"><con:settings/><con:config xsi:type="con:RequestStep" xmlns:xsi="http://www.w3.org/2001/XMLSchema-instance"><con:interface>AccessManagerServiceHTTPBinding</con:interface><con:operation>getOrganisationChildNodes</con:operation><con:request name="testcase2 - Dev - Request - Not Found" id="de391e1a-cbda-4657-8720-3ee6fe8ddd17" outgoingWss="Outflow DEV"><con:settings/><con:encoding>UTF-8</con:encoding><con:endpoint>https://192.168.36.61:8243/services/AccessManagerService_v1.0</con:endpoint><con:request><![CDATA[<soapenv:Envelope xmlns:soapenv="http://schemas.xmlsoap.org/soap/envelope/" xmlns:v1="http://fidus.brussels/service/accessmanagerservice/messages/v1" xmlns:v11="http://fidus.brussels/type/common/messages/v1" xmlns:v31="http://socialsecurity.be/umanentityrepresentative/types/v3">
   <soapenv:Header/>
   <soapenv:Body>
      <v1:getOrganisationChildNodesRequest>
         <v1:messageContext>
         	  <v11:messageId>${=import static java.util.UUID.randomUUID; uuid = randomUUID() as String}</v11:messageId>
            <v11:timestamp>${=new java.text.SimpleDateFormat("yyyy-MM-dd'T'HH:mm:ss.SSS").format(new Date())}</v11:timestamp>
         </v1:messageContext>
         <v1:legalContext>ServiceIntegrator</v1:legalContext>
         <v1:request>
            <v1:Domain>FREELANCE</v1:Domain>
            <v1:OrganisationId>
               <v31:Identifier>1990000431</v31:Identifier>
               <v31:IdentifierType>BEEHP</v31:IdentifierType>
            </v1:OrganisationId>
            <v1:Language>nl</v1:Language>
         </v1:request>
      </v1:getOrganisationChildNodesRequest>
   </soapenv:Body>
</soapenv:Envelope>]]></con:request><con:assertion type="SOAP Fault Assertion" id="6cd577a3-a438-4045-830e-0f494aa9a225" name="Not SOAP Fault"/><con:assertion type="SOAP Response" id="050183eb-1da0-4928-8c71-418defea1729" name="SOAP Response"/><con:assertion type="Schema Compliance" id="01d8f02f-5363-4570-b459-e54312d1da53" name="Schema Compliance"><con:configuration/></con:assertion><con:wsaConfig action="http://fidus.brussels/services/accessmanagerservice/getOrganisationChildNodes"/></con:request></con:config></con:testStep><con:properties/></con:testCase><con:testCase id="d8f1e392-d35f-43e0-a2e8-0183e78b9c82" failOnError="true" failTestCaseOnErrors="true" keepSession="false" maxResults="0" name="getOrganisationDenomination" searchProperties="true"><con:settings/><con:testStep type="request" id="b939118b-63c5-4502-b4b0-e7fcf5feee8e" name="testcase2 - Dev - Request - OK"><con:settings/><con:config xsi:type="con:RequestStep" xmlns:xsi="http://www.w3.org/2001/XMLSchema-instance"><con:interface>AccessManagerServiceHTTPBinding</con:interface><con:operation>getOrganisationDenomination</con:operation><con:request name="testcase2 - Dev - Request - OK" id="641c5e66-19be-4b94-b4c7-5e52186c4ff4" outgoingWss="Outflow DEV"><con:settings/><con:encoding>UTF-8</con:encoding><con:endpoint>https://192.168.36.61:8243/services/AccessManagerService_v1.0</con:endpoint><con:request><![CDATA[<soapenv:Envelope xmlns:soapenv="http://schemas.xmlsoap.org/soap/envelope/" xmlns:v1="http://fidus.brussels/service/accessmanagerservice/messages/v1" xmlns:v11="http://fidus.brussels/type/common/messages/v1" xmlns:v31="http://socialsecurity.be/umanentityrepresentative/types/v3">
   <soapenv:Header/>
   <soapenv:Body>
      <v1:getOrganisationDenominationRequest>
         <v1:messageContext>
         	  <v11:messageId>${=import static java.util.UUID.randomUUID; uuid = randomUUID() as String}</v11:messageId>
            <v11:timestamp>${=new java.text.SimpleDateFormat("yyyy-MM-dd'T'HH:mm:ss.SSS").format(new Date())}</v11:timestamp>
         </v1:messageContext>
         <v1:legalContext>ServiceIntegrator</v1:legalContext>
         <v1:request>
            <v1:Domain>QUAL_FED_HEALTHCARE</v1:Domain>
            <v1:OrganisationId>
               <v31:Identifier>1990000431</v31:Identifier>
               <v31:IdentifierType>BEEHP</v31:IdentifierType>
            </v1:OrganisationId>
            <v1:Language>nl</v1:Language>
         </v1:request>
      </v1:getOrganisationDenominationRequest>
   </soapenv:Body>
</soapenv:Envelope>]]></con:request><con:assertion type="SOAP Fault Assertion" id="b200502e-6ebf-470d-b112-033f5d0b18a4" name="Not SOAP Fault"/><con:assertion type="SOAP Response" id="8459c0bb-35d1-4428-965c-6dc39f5321ea" name="SOAP Response"/><con:assertion type="Schema Compliance" id="04faf51d-ee15-464f-b785-122b2e7ef4bc" name="Schema Compliance"><con:configuration/></con:assertion><con:wsaConfig action="http://fidus.brussels/services/accessmanagerservice/getOrganisationDenomination"/></con:request></con:config></con:testStep><con:testStep type="request" id="468db7e8-20dd-4107-a9be-cf6cff2d6956" name="testcase2 - Dev - Request - Not Found"><con:settings/><con:config xsi:type="con:RequestStep" xmlns:xsi="http://www.w3.org/2001/XMLSchema-instance"><con:interface>AccessManagerServiceHTTPBinding</con:interface><con:operation>getOrganisationDenomination</con:operation><con:request name="testcase2 - Dev - Request - Not Found" id="de884504-59dc-4104-ae35-dde2af5d16dd" outgoingWss="Outflow DEV"><con:settings/><con:encoding>UTF-8</con:encoding><con:endpoint>https://192.168.36.61:8243/services/AccessManagerService_v1.0</con:endpoint><con:request><![CDATA[<soapenv:Envelope xmlns:soapenv="http://schemas.xmlsoap.org/soap/envelope/" xmlns:v1="http://fidus.brussels/service/accessmanagerservice/messages/v1" xmlns:v11="http://fidus.brussels/type/common/messages/v1" xmlns:v31="http://socialsecurity.be/umanentityrepresentative/types/v3">
   <soapenv:Header/>
   <soapenv:Body>
      <v1:getOrganisationDenominationRequest>
         <v1:messageContext>
         	  <v11:messageId>${=import static java.util.UUID.randomUUID; uuid = randomUUID() as String}</v11:messageId>
            <v11:timestamp>${=new java.text.SimpleDateFormat("yyyy-MM-dd'T'HH:mm:ss.SSS").format(new Date())}</v11:timestamp>
         </v1:messageContext>
         <v1:legalContext>ServiceIntegrator</v1:legalContext>
         <v1:request>
            <v1:Domain>EDUCATION</v1:Domain>
            <v1:OrganisationId>
               <v31:Identifier>1990000431</v31:Identifier>
               <v31:IdentifierType>BEEHP</v31:IdentifierType>
            </v1:OrganisationId>
            <v1:Language>nl</v1:Language>
         </v1:request>
      </v1:getOrganisationDenominationRequest>
   </soapenv:Body>
</soapenv:Envelope>]]></con:request><con:assertion type="SOAP Fault Assertion" id="3bdd543c-6ff2-440c-a50e-63f756d1b238" name="Not SOAP Fault"/><con:assertion type="SOAP Response" id="198407d5-237b-43e7-abb2-c6f42fb388d6" name="SOAP Response"/><con:assertion type="Schema Compliance" id="a1dcb917-6b7a-454e-b194-abe65b15a0fa" name="Schema Compliance"><con:configuration/></con:assertion><con:wsaConfig action="http://fidus.brussels/services/accessmanagerservice/getOrganisationDenomination"/></con:request></con:config></con:testStep><con:properties/></con:testCase><con:testCase id="66c04208-f5e7-4cf3-aca2-c9bfb893ca9f" failOnError="true" failTestCaseOnErrors="true" keepSession="false" maxResults="0" name="getOrganisationParentNodes" searchProperties="true"><con:settings/><con:testStep type="request" id="88ce9da8-932f-4ccd-bede-9761093b7273" name="testcase2 - Dev - Request - OK"><con:settings/><con:config xsi:type="con:RequestStep" xmlns:xsi="http://www.w3.org/2001/XMLSchema-instance"><con:interface>AccessManagerServiceHTTPBinding</con:interface><con:operation>getOrganisationParentNodes</con:operation><con:request name="testcase2 - Dev - Request - OK" id="6c31eb68-2f10-404f-997a-c59543c31f7a" outgoingWss="Outflow DEV"><con:settings/><con:encoding>UTF-8</con:encoding><con:endpoint>https://192.168.36.61:8243/services/AccessManagerService_v1.0</con:endpoint><con:request><![CDATA[<soapenv:Envelope xmlns:soapenv="http://schemas.xmlsoap.org/soap/envelope/" xmlns:v1="http://fidus.brussels/service/accessmanagerservice/messages/v1" xmlns:v11="http://fidus.brussels/type/common/messages/v1" xmlns:v31="http://socialsecurity.be/umanentityrepresentative/types/v3">
   <soapenv:Header/>
   <soapenv:Body>
      <v1:getOrganisationParentNodesRequest>
         <v1:messageContext>
         	  <v11:messageId>${=import static java.util.UUID.randomUUID; uuid = randomUUID() as String}</v11:messageId>
            <v11:timestamp>${=new java.text.SimpleDateFormat("yyyy-MM-dd'T'HH:mm:ss.SSS").format(new Date())}</v11:timestamp>
         </v1:messageContext>
         <v1:legalContext>ServiceIntegrator</v1:legalContext>
         <v1:request>
            <v1:Domain>QUAL_FED_HEALTHCARE</v1:Domain>
            <v1:OrganisationId>
               <v31:Identifier>1990000431</v31:Identifier>
               <v31:IdentifierType>BEEHP</v31:IdentifierType>
            </v1:OrganisationId>
            <v1:Language>nl</v1:Language>
         </v1:request>
      </v1:getOrganisationParentNodesRequest>
   </soapenv:Body>
</soapenv:Envelope>]]></con:request><con:assertion type="SOAP Fault Assertion" id="72918a98-5af3-4445-bf4f-0f72b00c9396" name="Not SOAP Fault"/><con:assertion type="SOAP Response" id="4b20d067-5b4c-465c-9ccb-203d753d8085" name="SOAP Response"/><con:assertion type="Schema Compliance" id="9cd889c2-4c10-4b62-9d77-5a3176117f8c" name="Schema Compliance"><con:configuration/></con:assertion><con:wsaConfig action="http://fidus.brussels/services/accessmanagerservice/getOrganisationParentNodes"/></con:request></con:config></con:testStep><con:testStep type="request" id="85210dad-0b2c-43aa-bff5-889387ddcfbf" name="testcase2 - Dev - Request - Not Found"><con:settings/><con:config xsi:type="con:RequestStep" xmlns:xsi="http://www.w3.org/2001/XMLSchema-instance"><con:interface>AccessManagerServiceHTTPBinding</con:interface><con:operation>getOrganisationParentNodes</con:operation><con:request name="testcase2 - Dev - Request - Not Found" id="56cd1aae-5abe-40f1-b044-5f01274a4a82" outgoingWss="Outflow DEV"><con:settings/><con:encoding>UTF-8</con:encoding><con:endpoint>https://192.168.36.61:8243/services/AccessManagerService_v1.0</con:endpoint><con:request><![CDATA[<soapenv:Envelope xmlns:soapenv="http://schemas.xmlsoap.org/soap/envelope/" xmlns:v1="http://fidus.brussels/service/accessmanagerservice/messages/v1" xmlns:v11="http://fidus.brussels/type/common/messages/v1" xmlns:v31="http://socialsecurity.be/umanentityrepresentative/types/v3">
   <soapenv:Header/>
   <soapenv:Body>
      <v1:getOrganisationParentNodesRequest>
         <v1:messageContext>
         	  <v11:messageId>${=import static java.util.UUID.randomUUID; uuid = randomUUID() as String}</v11:messageId>
            <v11:timestamp>${=new java.text.SimpleDateFormat("yyyy-MM-dd'T'HH:mm:ss.SSS").format(new Date())}</v11:timestamp>
         </v1:messageContext>
         <v1:legalContext>ServiceIntegrator</v1:legalContext>
         <v1:request>
            <v1:Domain>CHEMISTRY</v1:Domain>
            <v1:OrganisationId>
               <v31:Identifier>1990000431</v31:Identifier>
               <v31:IdentifierType>BEEHP</v31:IdentifierType>
            </v1:OrganisationId>
            <v1:Language>nl</v1:Language>
         </v1:request>
      </v1:getOrganisationParentNodesRequest>
   </soapenv:Body>
</soapenv:Envelope>]]></con:request><con:assertion type="SOAP Fault Assertion" id="453dd577-e34d-4bc7-93cd-83823d866e0c" name="Not SOAP Fault"/><con:assertion type="SOAP Response" id="a8f4e35b-a57c-4cd3-80ba-699d545da37c" name="SOAP Response"/><con:assertion type="Schema Compliance" id="79d66305-d06c-464e-8d5b-007a560f1e64" name="Schema Compliance"><con:configuration/></con:assertion><con:wsaConfig action="http://fidus.brussels/services/accessmanagerservice/getOrganisationParentNodes"/></con:request></con:config></con:testStep><con:properties/></con:testCase><con:properties/></con:testSuite><con:testSuite id="4b8d8923-f555-41d1-9c3b-30916a8f9ad5" name="TEST"><con:settings/><con:runType>SEQUENTIAL</con:runType><con:testCase id="dff83a0a-5f99-4ece-bb4f-b9599838808d" failOnError="true" failTestCaseOnErrors="true" keepSession="false" maxResults="0" name="findRepresentativeRolesByINSS" searchProperties="true"><con:settings/><con:testStep type="request" id="3a4e6130-3af3-4546-b6b5-c562d7fe4049" name="testcase3 - Test - LB - Request"><con:settings/><con:config xsi:type="con:RequestStep" xmlns:xsi="http://www.w3.org/2001/XMLSchema-instance"><con:interface>AccessManagerServiceHTTPBinding</con:interface><con:operation>findRepresentativeRolesByINSS</con:operation><con:request name="testcase3 - Test - LB - Request" id="6d3b2c3e-f26c-4bcb-a9b9-469c9f34179e" outgoingWss="Outflow TEST"><con:settings/><con:encoding>UTF-8</con:encoding><con:endpoint>https://esb-security-gw.sta.srv.cirb.lan:8443/services/AccessManagerService_v1.0</con:endpoint><con:request><![CDATA[<soapenv:Envelope xmlns:soapenv="http://schemas.xmlsoap.org/soap/envelope/" xmlns:v1="http://fidus.brussels/service/accessmanagerservice/messages/v1" xmlns:v11="http://fidus.brussels/type/common/messages/v1" xmlns:v3="http://socialsecurity.be/umanentityrepresentative/types/v3">
   <soapenv:Header/>
   <soapenv:Body>
      <v1:findRepresentativeRolesByINSSRequest>
         <v1:messageContext>
         	  <v11:messageId>${=import static java.util.UUID.randomUUID; uuid = randomUUID() as String}</v11:messageId>
            <v11:timestamp>${=new java.text.SimpleDateFormat("yyyy-MM-dd'T'HH:mm:ss.SSS").format(new Date())}</v11:timestamp>
         </v1:messageContext>
         <v1:legalContext>ServiceIntegrator</v1:legalContext>
         <v1:request>
            <v1:Domain>QUAL_FED_HEALTHCARE</v1:Domain>
            <v1:INSS>86051933959</v1:INSS>
            <v1:Language>nl</v1:Language>
         </v1:request>
      </v1:findRepresentativeRolesByINSSRequest>
   </soapenv:Body>
</soapenv:Envelope>]]></con:request><con:assertion type="SOAP Fault Assertion" id="2d8a2af0-378f-4c92-ac06-70f8cba0c0be" name="Not SOAP Fault"/><con:assertion type="SOAP Response" id="104beb31-0d0b-4c11-87b9-efb4bab6263c" name="SOAP Response"/><con:assertion type="Schema Compliance" id="27bcc024-7e60-44ed-b002-9ec506f07a97" name="Schema Compliance"><con:configuration/></con:assertion><con:wsaConfig action="http://fidus.brussels/services/accessmanagerservice/findRepresentativeRolesByINSS"/></con:request></con:config></con:testStep><con:testStep type="request" id="a2728caa-5e92-4c58-8e7b-66ae75cbae3d" name="testcase3 - Test - Worker1 - Request"><con:settings/><con:config xsi:type="con:RequestStep" xmlns:xsi="http://www.w3.org/2001/XMLSchema-instance"><con:interface>AccessManagerServiceHTTPBinding</con:interface><con:operation>findRepresentativeRolesByINSS</con:operation><con:request name="testcase3 - Test - Worker1 - Request" id="c214e49d-92eb-444d-8e39-04d719672123" outgoingWss="Outflow TEST"><con:settings/><con:encoding>UTF-8</con:encoding><con:endpoint>https://192.168.24.45:8443/services/AccessManagerService_v1.0</con:endpoint><con:request><![CDATA[<soapenv:Envelope xmlns:soapenv="http://schemas.xmlsoap.org/soap/envelope/" xmlns:v1="http://fidus.brussels/service/accessmanagerservice/messages/v1" xmlns:v11="http://fidus.brussels/type/common/messages/v1" xmlns:v3="http://socialsecurity.be/umanentityrepresentative/types/v3">
   <soapenv:Header/>
   <soapenv:Body>
      <v1:findRepresentativeRolesByINSSRequest>
         <v1:messageContext>
         	  <v11:messageId>${=import static java.util.UUID.randomUUID; uuid = randomUUID() as String}</v11:messageId>
            <v11:timestamp>${=new java.text.SimpleDateFormat("yyyy-MM-dd'T'HH:mm:ss.SSS").format(new Date())}</v11:timestamp>
         </v1:messageContext>
         <v1:legalContext>ServiceIntegrator</v1:legalContext>
         <v1:request>
            <v1:Domain>QUAL_FED_HEALTHCARE</v1:Domain>
            <v1:INSS>86051933959</v1:INSS>
            <v1:Language>nl</v1:Language>
         </v1:request>
      </v1:findRepresentativeRolesByINSSRequest>
   </soapenv:Body>
</soapenv:Envelope>]]></con:request><con:assertion type="SOAP Fault Assertion" id="2d70f473-d90b-4252-b6b0-20f091c1baa9" name="Not SOAP Fault"/><con:assertion type="SOAP Response" id="0910bd6c-1a5e-496a-9076-192e14d498c2" name="SOAP Response"/><con:assertion type="Schema Compliance" id="75ca0a25-6deb-4d26-bd39-631cd8526b47" name="Schema Compliance"><con:configuration/></con:assertion><con:wsaConfig action="http://fidus.brussels/services/accessmanagerservice/findRepresentativeRolesByINSS"/></con:request></con:config></con:testStep><con:testStep type="request" id="4920d306-f656-49f0-a40c-c0a27f0670f2" name="testcase3 - Test - Worker2 - Request"><con:settings/><con:config xsi:type="con:RequestStep" xmlns:xsi="http://www.w3.org/2001/XMLSchema-instance"><con:interface>AccessManagerServiceHTTPBinding</con:interface><con:operation>findRepresentativeRolesByINSS</con:operation><con:request name="testcase3 - Test - Worker2 - Request" id="7dbfaafe-ca88-4592-b881-9653da59a886" outgoingWss="Outflow TEST"><con:settings/><con:encoding>UTF-8</con:encoding><con:endpoint>https://192.168.24.51:8443/services/AccessManagerService_v1.0</con:endpoint><con:request><![CDATA[<soapenv:Envelope xmlns:soapenv="http://schemas.xmlsoap.org/soap/envelope/" xmlns:v1="http://fidus.brussels/service/accessmanagerservice/messages/v1" xmlns:v11="http://fidus.brussels/type/common/messages/v1" xmlns:v3="http://socialsecurity.be/umanentityrepresentative/types/v3">
   <soapenv:Header/>
   <soapenv:Body>
      <v1:findRepresentativeRolesByINSSRequest>
         <v1:messageContext>
         	  <v11:messageId>${=import static java.util.UUID.randomUUID; uuid = randomUUID() as String}</v11:messageId>
            <v11:timestamp>${=new java.text.SimpleDateFormat("yyyy-MM-dd'T'HH:mm:ss.SSS").format(new Date())}</v11:timestamp>
         </v1:messageContext>
         <v1:legalContext>ServiceIntegrator</v1:legalContext>
         <v1:request>
            <v1:Domain>QUAL_FED_HEALTHCARE</v1:Domain>
            <v1:INSS>86051933959</v1:INSS>
            <v1:Language>nl</v1:Language>
         </v1:request>
      </v1:findRepresentativeRolesByINSSRequest>
   </soapenv:Body>
</soapenv:Envelope>]]></con:request><con:assertion type="SOAP Fault Assertion" id="458d1fb2-6a30-47c6-8e7d-a3fa75dce812" name="Not SOAP Fault"/><con:assertion type="SOAP Response" id="1c9adb7d-57b5-47c9-8419-c964f376bc67" name="SOAP Response"/><con:assertion type="Schema Compliance" id="36907104-83a7-4150-bae2-86fe024c4044" name="Schema Compliance"><con:configuration/></con:assertion><con:wsaConfig action="http://fidus.brussels/services/accessmanagerservice/findRepresentativeRolesByINSS"/></con:request></con:config></con:testStep><con:testStep type="request" id="f98b449d-bf4d-480a-88ba-fa44921f3f69" name="testcase3 - Test - Worker1New - Request"><con:settings/><con:config xsi:type="con:RequestStep" xmlns:xsi="http://www.w3.org/2001/XMLSchema-instance"><con:interface>AccessManagerServiceHTTPBinding</con:interface><con:operation>findRepresentativeRolesByINSS</con:operation><con:request name="testcase3 - Test - Worker1New - Request" id="c9790a0c-40e4-4d7b-b196-1efe0899ab4c" outgoingWss="Outflow TEST"><con:settings/><con:encoding>UTF-8</con:encoding><con:endpoint>https://192.168.24.45:8443/services/AccessManagerService_v1.0</con:endpoint><con:request><![CDATA[<soapenv:Envelope xmlns:soapenv="http://schemas.xmlsoap.org/soap/envelope/" xmlns:v1="http://fidus.brussels/service/accessmanagerservice/messages/v1" xmlns:v11="http://fidus.brussels/type/common/messages/v1" xmlns:v3="http://socialsecurity.be/umanentityrepresentative/types/v3">
   <soapenv:Header/>
   <soapenv:Body>
      <v1:findRepresentativeRolesByINSSRequest>
         <v1:messageContext>
         	  <v11:messageId>${=import static java.util.UUID.randomUUID; uuid = randomUUID() as String}</v11:messageId>
            <v11:timestamp>${=new java.text.SimpleDateFormat("yyyy-MM-dd'T'HH:mm:ss.SSS").format(new Date())}</v11:timestamp>
         </v1:messageContext>
         <v1:legalContext>ServiceIntegrator</v1:legalContext>
         <v1:request>
            <v1:Domain>QUAL_FED_HEALTHCARE</v1:Domain>
            <v1:INSS>86051933959</v1:INSS>
            <v1:Language>nl</v1:Language>
         </v1:request>
      </v1:findRepresentativeRolesByINSSRequest>
   </soapenv:Body>
</soapenv:Envelope>]]></con:request><con:assertion type="SOAP Fault Assertion" id="086c959d-86a5-4945-b3bb-3dd94cbdc94f" name="Not SOAP Fault"/><con:assertion type="SOAP Response" id="e9249d98-c49f-4663-a1c5-d4ffb830e4d3" name="SOAP Response"/><con:assertion type="Schema Compliance" id="fcd0c603-0364-4ac5-875b-d6e2e76bf465" name="Schema Compliance"><con:configuration/></con:assertion><con:wsaConfig action="http://fidus.brussels/services/accessmanagerservice/findRepresentativeRolesByINSS"/></con:request></con:config></con:testStep><con:testStep type="request" id="1d428cba-5e79-4854-bb72-a55987022b41" name="testcase3 - Test - Worker2New - Request"><con:settings/><con:config xsi:type="con:RequestStep" xmlns:xsi="http://www.w3.org/2001/XMLSchema-instance"><con:interface>AccessManagerServiceHTTPBinding</con:interface><con:operation>findRepresentativeRolesByINSS</con:operation><con:request name="testcase3 - Test - Worker2New - Request" id="afe49f91-17ab-41f1-8bbb-8647928b0e13" outgoingWss="Outflow TEST"><con:settings/><con:encoding>UTF-8</con:encoding><con:endpoint>https://192.168.24.51:8443/services/AccessManagerService_v1.0</con:endpoint><con:request><![CDATA[<soapenv:Envelope xmlns:soapenv="http://schemas.xmlsoap.org/soap/envelope/" xmlns:v1="http://fidus.brussels/service/accessmanagerservice/messages/v1" xmlns:v11="http://fidus.brussels/type/common/messages/v1" xmlns:v3="http://socialsecurity.be/umanentityrepresentative/types/v3">
   <soapenv:Header/>
   <soapenv:Body>
      <v1:findRepresentativeRolesByINSSRequest>
         <v1:messageContext>
         	  <v11:messageId>${=import static java.util.UUID.randomUUID; uuid = randomUUID() as String}</v11:messageId>
            <v11:timestamp>${=new java.text.SimpleDateFormat("yyyy-MM-dd'T'HH:mm:ss.SSS").format(new Date())}</v11:timestamp>
         </v1:messageContext>
         <v1:legalContext>ServiceIntegrator</v1:legalContext>
         <v1:request>
            <v1:Domain>QUAL_FED_HEALTHCARE</v1:Domain>
            <v1:INSS>86051933959</v1:INSS>
            <v1:Language>nl</v1:Language>
         </v1:request>
      </v1:findRepresentativeRolesByINSSRequest>
   </soapenv:Body>
</soapenv:Envelope>]]></con:request><con:assertion type="SOAP Fault Assertion" id="90ca5d4b-1940-4bf8-95f8-50cc718f05e3" name="Not SOAP Fault"/><con:assertion type="SOAP Response" id="4a869410-61ab-40c0-aa0b-820afb6a7aad" name="SOAP Response"/><con:assertion type="Schema Compliance" id="328427a4-2836-4a74-bd72-550bb7cbc033" name="Schema Compliance"><con:configuration/></con:assertion><con:wsaConfig action="http://fidus.brussels/services/accessmanagerservice/findRepresentativeRolesByINSS"/></con:request></con:config></con:testStep><con:testStep type="request" id="153be788-a958-4380-8076-e8bead2fbbdb" name="testcase3 - Test - External - Request"><con:settings/><con:config xsi:type="con:RequestStep" xmlns:xsi="http://www.w3.org/2001/XMLSchema-instance"><con:interface>AccessManagerServiceHTTPBinding</con:interface><con:operation>findRepresentativeRolesByINSS</con:operation><con:request name="testcase3 - Test - External - Request" id="956cee68-bd57-49ff-a813-8b1b945fd8cd" outgoingWss="Outflow TEST"><con:settings/><con:encoding>UTF-8</con:encoding><con:endpoint>https://fidus-test.irisnetlab.be/services/AccessManagerService_v1.0</con:endpoint><con:request><![CDATA[<soapenv:Envelope xmlns:soapenv="http://schemas.xmlsoap.org/soap/envelope/" xmlns:v1="http://fidus.brussels/service/accessmanagerservice/messages/v1" xmlns:v11="http://fidus.brussels/type/common/messages/v1" xmlns:v3="http://socialsecurity.be/umanentityrepresentative/types/v3">
   <soapenv:Header/>
   <soapenv:Body>
      <v1:findRepresentativeRolesByINSSRequest>
         <v1:messageContext>
         	  <v11:messageId>${=import static java.util.UUID.randomUUID; uuid = randomUUID() as String}</v11:messageId>
            <v11:timestamp>${=new java.text.SimpleDateFormat("yyyy-MM-dd'T'HH:mm:ss.SSS").format(new Date())}</v11:timestamp>
         </v1:messageContext>
         <v1:legalContext>ServiceIntegrator</v1:legalContext>
         <v1:request>
            <v1:Domain>QUAL_FED_HEALTHCARE</v1:Domain>
            <v1:INSS>86051933959</v1:INSS>
            <v1:Language>nl</v1:Language>
         </v1:request>
      </v1:findRepresentativeRolesByINSSRequest>
   </soapenv:Body>
</soapenv:Envelope>]]></con:request><con:assertion type="SOAP Fault Assertion" id="459b946b-978b-447b-b8b5-2e945979a6c4" name="Not SOAP Fault"/><con:assertion type="SOAP Response" id="5b3215b2-64ad-4a47-9808-daad0a837664" name="SOAP Response"/><con:assertion type="Schema Compliance" id="47ecc28d-d969-40cc-93c8-634e41caaa2b" name="Schema Compliance"><con:configuration/></con:assertion><con:wsaConfig action="http://fidus.brussels/services/accessmanagerservice/findRepresentativeRolesByINSS"/></con:request></con:config></con:testStep><con:properties/></con:testCase><con:testCase id="7e4d752d-9477-4cc0-ab24-3d69c487785f" failOnError="true" failTestCaseOnErrors="true" keepSession="false" maxResults="0" name="getDomain" searchProperties="true"><con:settings/><con:testStep type="request" id="9403017b-7a5e-4120-bc21-e04c43b1f000" name="testcase3 - Test - LB - Request"><con:settings/><con:config xsi:type="con:RequestStep" xmlns:xsi="http://www.w3.org/2001/XMLSchema-instance"><con:interface>AccessManagerServiceHTTPBinding</con:interface><con:operation>getDomain</con:operation><con:request name="testcase3 - Test - LB - Request" id="fced1d25-765d-4862-888d-b7140c6c362e" outgoingWss="Outflow TEST"><con:settings/><con:encoding>UTF-8</con:encoding><con:endpoint>https://esb-security-gw.sta.srv.cirb.lan:8443/services/AccessManagerService_v1.0</con:endpoint><con:request><![CDATA[<soapenv:Envelope xmlns:soapenv="http://schemas.xmlsoap.org/soap/envelope/" xmlns:v1="http://fidus.brussels/service/accessmanagerservice/messages/v1" xmlns:v11="http://fidus.brussels/type/common/messages/v1" >
   <soapenv:Header/>
   <soapenv:Body>
      <v1:getDomainRequest>
         <v1:messageContext>
         	  <v11:messageId>${=import static java.util.UUID.randomUUID; uuid = randomUUID() as String}</v11:messageId>
            <v11:timestamp>${=new java.text.SimpleDateFormat("yyyy-MM-dd'T'HH:mm:ss.SSS").format(new Date())}</v11:timestamp>
         </v1:messageContext>
         <v1:legalContext>ServiceIntegrator</v1:legalContext>
         <v1:request>
         	  <v1:Domain>FINANCE</v1:Domain>
            <v1:Language>fr</v1:Language>
         </v1:request>
      </v1:getDomainRequest>
   </soapenv:Body>
</soapenv:Envelope>]]></con:request><con:assertion type="SOAP Fault Assertion" id="97b6323e-dfa9-4e1e-a6f8-1e7d34e9717c" name="Not SOAP Fault"/><con:assertion type="SOAP Response" id="ce0b0e4b-2bed-4976-8b0e-57d4943e7099" name="SOAP Response"/><con:assertion type="Schema Compliance" id="02c48a3b-f1e4-4981-bafa-2b66b454fc78" name="Schema Compliance"><con:configuration/></con:assertion><con:wsaConfig action="http://fidus.brussels/services/accessmanagerservice/getDomain"/></con:request></con:config></con:testStep><con:testStep type="request" id="bd73f305-22e7-4a50-abbc-f10ba0a7cfa8" name="testcase3 - Test - Worker1 - Request"><con:settings/><con:config xsi:type="con:RequestStep" xmlns:xsi="http://www.w3.org/2001/XMLSchema-instance"><con:interface>AccessManagerServiceHTTPBinding</con:interface><con:operation>getDomain</con:operation><con:request name="testcase3 - Test - Worker1 - Request" id="92769902-e596-4920-8197-57cc20dddb87" outgoingWss="Outflow TEST"><con:settings/><con:encoding>UTF-8</con:encoding><con:endpoint>https://192.168.24.45:8443/services/AccessManagerService_v1.0</con:endpoint><con:request><![CDATA[<soapenv:Envelope xmlns:soapenv="http://schemas.xmlsoap.org/soap/envelope/" xmlns:v1="http://fidus.brussels/service/accessmanagerservice/messages/v1" xmlns:v11="http://fidus.brussels/type/common/messages/v1" >
   <soapenv:Header/>
   <soapenv:Body>
      <v1:getDomainRequest>
         <v1:messageContext>
         	  <v11:messageId>${=import static java.util.UUID.randomUUID; uuid = randomUUID() as String}</v11:messageId>
            <v11:timestamp>${=new java.text.SimpleDateFormat("yyyy-MM-dd'T'HH:mm:ss.SSS").format(new Date())}</v11:timestamp>
         </v1:messageContext>
         <v1:legalContext>ServiceIntegrator</v1:legalContext>
         <v1:request>
         	  <v1:Domain>FINANCE</v1:Domain>
            <v1:Language>fr</v1:Language>
         </v1:request>
      </v1:getDomainRequest>
   </soapenv:Body>
</soapenv:Envelope>]]></con:request><con:assertion type="SOAP Fault Assertion" id="54656a81-0757-4c95-9bc7-e1e8a615f4fd" name="Not SOAP Fault"/><con:assertion type="SOAP Response" id="1816b52b-61a5-4789-a717-07d8fb6d9c61" name="SOAP Response"/><con:assertion type="Schema Compliance" id="a843882a-fad4-4c78-bf31-d82032d17395" name="Schema Compliance"><con:configuration/></con:assertion><con:wsaConfig action="http://fidus.brussels/services/accessmanagerservice/getDomain"/></con:request></con:config></con:testStep><con:testStep type="request" id="2fdbc1c2-6731-4e56-b03e-75e800c21e24" name="testcase3 - Test - Worker2 - Request"><con:settings/><con:config xsi:type="con:RequestStep" xmlns:xsi="http://www.w3.org/2001/XMLSchema-instance"><con:interface>AccessManagerServiceHTTPBinding</con:interface><con:operation>getDomain</con:operation><con:request name="testcase3 - Test - Worker2 - Request" id="7f0c2e2d-b4db-46ef-ad44-3879b7ad3b3d" outgoingWss="Outflow TEST"><con:settings/><con:encoding>UTF-8</con:encoding><con:endpoint>https://192.168.24.51:8443/services/AccessManagerService_v1.0</con:endpoint><con:request><![CDATA[<soapenv:Envelope xmlns:soapenv="http://schemas.xmlsoap.org/soap/envelope/" xmlns:v1="http://fidus.brussels/service/accessmanagerservice/messages/v1" xmlns:v11="http://fidus.brussels/type/common/messages/v1" >
   <soapenv:Header/>
   <soapenv:Body>
      <v1:getDomainRequest>
         <v1:messageContext>
         	  <v11:messageId>${=import static java.util.UUID.randomUUID; uuid = randomUUID() as String}</v11:messageId>
            <v11:timestamp>${=new java.text.SimpleDateFormat("yyyy-MM-dd'T'HH:mm:ss.SSS").format(new Date())}</v11:timestamp>
         </v1:messageContext>
         <v1:legalContext>ServiceIntegrator</v1:legalContext>
         <v1:request>
         	  <v1:Domain>FINANCE</v1:Domain>
            <v1:Language>fr</v1:Language>
         </v1:request>
      </v1:getDomainRequest>
   </soapenv:Body>
</soapenv:Envelope>]]></con:request><con:assertion type="SOAP Fault Assertion" id="66a8e2ae-52ef-4312-8571-51c4bfb9237b" name="Not SOAP Fault"/><con:assertion type="SOAP Response" id="b054c768-4c2a-49a4-a514-362a555b66fe" name="SOAP Response"/><con:assertion type="Schema Compliance" id="7ced57f0-cffe-4e25-99e9-925f06cd9dd5" name="Schema Compliance"><con:configuration/></con:assertion><con:wsaConfig action="http://fidus.brussels/services/accessmanagerservice/getDomain"/></con:request></con:config></con:testStep><con:testStep type="request" id="b467ed81-dd32-43e9-bfd7-94b4076fe789" name="testcase3 - Test - Worker1New - Request"><con:settings/><con:config xsi:type="con:RequestStep" xmlns:xsi="http://www.w3.org/2001/XMLSchema-instance"><con:interface>AccessManagerServiceHTTPBinding</con:interface><con:operation>getDomain</con:operation><con:request name="testcase3 - Test - Worker1New - Request" id="fd8d0b89-867f-4af7-9712-aa823f0fc7ea" outgoingWss="Outflow TEST"><con:settings/><con:encoding>UTF-8</con:encoding><con:endpoint>https://192.168.24.45:8443/services/AccessManagerService_v1.0</con:endpoint><con:request><![CDATA[<soapenv:Envelope xmlns:soapenv="http://schemas.xmlsoap.org/soap/envelope/" xmlns:v1="http://fidus.brussels/service/accessmanagerservice/messages/v1" xmlns:v11="http://fidus.brussels/type/common/messages/v1" >
   <soapenv:Header/>
   <soapenv:Body>
      <v1:getDomainRequest>
         <v1:messageContext>
         	  <v11:messageId>${=import static java.util.UUID.randomUUID; uuid = randomUUID() as String}</v11:messageId>
            <v11:timestamp>${=new java.text.SimpleDateFormat("yyyy-MM-dd'T'HH:mm:ss.SSS").format(new Date())}</v11:timestamp>
         </v1:messageContext>
         <v1:legalContext>ServiceIntegrator</v1:legalContext>
         <v1:request>
         	  <v1:Domain>FINANCE</v1:Domain>
            <v1:Language>fr</v1:Language>
         </v1:request>
      </v1:getDomainRequest>
   </soapenv:Body>
</soapenv:Envelope>]]></con:request><con:assertion type="SOAP Fault Assertion" id="770229b7-c920-42c0-9245-9ebccd434beb" name="Not SOAP Fault"/><con:assertion type="SOAP Response" id="ac7de352-53c2-4ec0-8678-0f5cdedfcefb" name="SOAP Response"/><con:assertion type="Schema Compliance" id="11f0be79-689f-4be6-a3a7-342ab80c01bc" name="Schema Compliance"><con:configuration/></con:assertion><con:wsaConfig action="http://fidus.brussels/services/accessmanagerservice/getDomain"/></con:request></con:config></con:testStep><con:testStep type="request" id="79fbe987-2571-45ad-8cb6-f7b5450b7e10" name="testcase3 - Test - Worker2New - Request"><con:settings/><con:config xsi:type="con:RequestStep" xmlns:xsi="http://www.w3.org/2001/XMLSchema-instance"><con:interface>AccessManagerServiceHTTPBinding</con:interface><con:operation>getDomain</con:operation><con:request name="testcase3 - Test - Worker2New - Request" id="a8e950ae-306a-47e2-9aea-668f48809650" outgoingWss="Outflow TEST"><con:settings/><con:encoding>UTF-8</con:encoding><con:endpoint>https://192.168.24.51:8443/services/AccessManagerService_v1.0</con:endpoint><con:request><![CDATA[<soapenv:Envelope xmlns:soapenv="http://schemas.xmlsoap.org/soap/envelope/" xmlns:v1="http://fidus.brussels/service/accessmanagerservice/messages/v1" xmlns:v11="http://fidus.brussels/type/common/messages/v1" >
   <soapenv:Header/>
   <soapenv:Body>
      <v1:getDomainRequest>
         <v1:messageContext>
         	  <v11:messageId>${=import static java.util.UUID.randomUUID; uuid = randomUUID() as String}</v11:messageId>
            <v11:timestamp>${=new java.text.SimpleDateFormat("yyyy-MM-dd'T'HH:mm:ss.SSS").format(new Date())}</v11:timestamp>
         </v1:messageContext>
         <v1:legalContext>ServiceIntegrator</v1:legalContext>
         <v1:request>
         	  <v1:Domain>FINANCE</v1:Domain>
            <v1:Language>fr</v1:Language>
         </v1:request>
      </v1:getDomainRequest>
   </soapenv:Body>
</soapenv:Envelope>]]></con:request><con:assertion type="SOAP Fault Assertion" id="db162f01-fe6a-4820-bd7e-1831a31888f1" name="Not SOAP Fault"/><con:assertion type="SOAP Response" id="98dd1c94-30be-42df-8644-e374a0cebf28" name="SOAP Response"/><con:assertion type="Schema Compliance" id="f3a87131-d2e5-478c-9a26-e5c74e971ac5" name="Schema Compliance"><con:configuration/></con:assertion><con:wsaConfig action="http://fidus.brussels/services/accessmanagerservice/getDomain"/></con:request></con:config></con:testStep><con:testStep type="request" id="5fb03ec8-165e-452f-8df7-45e18805b8df" name="testcase3 - Test - External - Request"><con:settings/><con:config xsi:type="con:RequestStep" xmlns:xsi="http://www.w3.org/2001/XMLSchema-instance"><con:interface>AccessManagerServiceHTTPBinding</con:interface><con:operation>getDomain</con:operation><con:request name="testcase3 - Test - External - Request" id="494eefe8-1240-4cd1-bcb0-2bd59a76cff5" outgoingWss="Outflow TEST"><con:settings/><con:encoding>UTF-8</con:encoding><con:endpoint>https://esb-security-gw.sta.srv.cirb.lan:8443/services/AccessManagerService_v1.0</con:endpoint><con:request><![CDATA[<soapenv:Envelope xmlns:soapenv="http://schemas.xmlsoap.org/soap/envelope/" xmlns:v1="http://fidus.brussels/service/accessmanagerservice/messages/v1" xmlns:v11="http://fidus.brussels/type/common/messages/v1" >
   <soapenv:Header/>
   <soapenv:Body>
      <v1:getDomainRequest>
         <v1:messageContext>
         	  <v11:messageId>${=import static java.util.UUID.randomUUID; uuid = randomUUID() as String}</v11:messageId>
            <v11:timestamp>${=new java.text.SimpleDateFormat("yyyy-MM-dd'T'HH:mm:ss.SSS").format(new Date())}</v11:timestamp>
         </v1:messageContext>
         <v1:legalContext>ServiceIntegrator</v1:legalContext>
         <v1:request>
         	  <v1:Domain>FINANCE</v1:Domain>
            <v1:Language>fr</v1:Language>
         </v1:request>
      </v1:getDomainRequest>
   </soapenv:Body>
</soapenv:Envelope>]]></con:request><con:assertion type="SOAP Fault Assertion" id="13cb24bc-b67c-4229-ac38-de64dafe4ef4" name="Not SOAP Fault"/><con:assertion type="SOAP Response" id="fb8b3996-59b9-43e1-93f2-0b9320db2e1d" name="SOAP Response"/><con:assertion type="Schema Compliance" id="62161b1d-da6e-44a8-b7c8-e7298883a2da" name="Schema Compliance"><con:configuration/></con:assertion><con:wsaConfig action="http://fidus.brussels/services/accessmanagerservice/getDomain"/></con:request></con:config></con:testStep><con:properties/></con:testCase><con:testCase id="d4ce50a9-14d6-4657-a4fa-d985a55ce374" failOnError="true" failTestCaseOnErrors="true" keepSession="false" maxResults="0" name="getEntityRepresentatives" searchProperties="true"><con:settings/><con:testStep type="request" id="d537f9b5-ab61-429e-b7dd-75749496c180" name="testcase3 - Test - LB - Request"><con:settings/><con:config xsi:type="con:RequestStep" xmlns:xsi="http://www.w3.org/2001/XMLSchema-instance"><con:interface>AccessManagerServiceHTTPBinding</con:interface><con:operation>getEntityRepresentatives</con:operation><con:request name="testcase3 - Test - LB - Request" id="78a65717-9224-4adb-a97d-ce3145b6bb9f" outgoingWss="Outflow TEST"><con:settings/><con:encoding>UTF-8</con:encoding><con:endpoint>https://esb-security-gw.sta.srv.cirb.lan:8443/services/AccessManagerService_v1.0</con:endpoint><con:request><![CDATA[<soapenv:Envelope xmlns:soapenv="http://schemas.xmlsoap.org/soap/envelope/" xmlns:v1="http://fidus.brussels/service/accessmanagerservice/messages/v1" xmlns:v11="http://fidus.brussels/type/common/messages/v1" xmlns:v31="http://socialsecurity.be/umanentityrepresentative/types/v3" >
   <soapenv:Header/>
   <soapenv:Body>
      <v1:getEntityRepresentativesRequest>
         <v1:messageContext>
         	  <v11:messageId>${=import static java.util.UUID.randomUUID; uuid = randomUUID() as String}</v11:messageId>
            <v11:timestamp>${=new java.text.SimpleDateFormat("yyyy-MM-dd'T'HH:mm:ss.SSS").format(new Date())}</v11:timestamp>
         </v1:messageContext>
         <v1:legalContext>ServiceIntegrator</v1:legalContext>
         <v1:request>
            <v1:Domain>QUAL_FED_HEALTHCARE</v1:Domain>
            <v1:OrganisationId>
               <v31:Identifier>1990000431</v31:Identifier>
               <v31:IdentifierType>BEEHP</v31:IdentifierType>
            </v1:OrganisationId>
            <v1:Language>nl</v1:Language>
         </v1:request>
      </v1:getEntityRepresentativesRequest>
   </soapenv:Body>
</soapenv:Envelope>]]></con:request><con:assertion type="SOAP Fault Assertion" id="f90133ef-c7f3-4326-b83a-9c38b7998a13" name="Not SOAP Fault"/><con:assertion type="SOAP Response" id="5ba51175-9d6d-48b0-8cab-f1c609af905e" name="SOAP Response"/><con:assertion type="Schema Compliance" id="6b241385-c692-494e-aba9-f3e66f8ef4e0" name="Schema Compliance"><con:configuration/></con:assertion><con:wsaConfig action="http://fidus.brussels/services/accessmanagerservice/getEntityRepresentatives"/></con:request></con:config></con:testStep><con:testStep type="request" id="bbebfe72-a069-44bd-9c50-c01f3908e115" name="testcase3 - Test - Worker1 - Request"><con:settings/><con:config xsi:type="con:RequestStep" xmlns:xsi="http://www.w3.org/2001/XMLSchema-instance"><con:interface>AccessManagerServiceHTTPBinding</con:interface><con:operation>getEntityRepresentatives</con:operation><con:request name="testcase3 - Test - Worker1 - Request" id="4d43b3d7-c7ae-44a4-bd75-15427f4a34b0" outgoingWss="Outflow TEST"><con:settings/><con:encoding>UTF-8</con:encoding><con:endpoint>https://192.168.24.45:8443/services/AccessManagerService_v1.0</con:endpoint><con:request><![CDATA[<soapenv:Envelope xmlns:soapenv="http://schemas.xmlsoap.org/soap/envelope/" xmlns:v1="http://fidus.brussels/service/accessmanagerservice/messages/v1" xmlns:v11="http://fidus.brussels/type/common/messages/v1" xmlns:v31="http://socialsecurity.be/umanentityrepresentative/types/v3" >
   <soapenv:Header/>
   <soapenv:Body>
      <v1:getEntityRepresentativesRequest>
         <v1:messageContext>
         	  <v11:messageId>${=import static java.util.UUID.randomUUID; uuid = randomUUID() as String}</v11:messageId>
            <v11:timestamp>${=new java.text.SimpleDateFormat("yyyy-MM-dd'T'HH:mm:ss.SSS").format(new Date())}</v11:timestamp>
         </v1:messageContext>
         <v1:legalContext>ServiceIntegrator</v1:legalContext>
         <v1:request>
            <v1:Domain>QUAL_FED_HEALTHCARE</v1:Domain>
            <v1:OrganisationId>
               <v31:Identifier>1990000431</v31:Identifier>
               <v31:IdentifierType>BEEHP</v31:IdentifierType>
            </v1:OrganisationId>
            <v1:Language>nl</v1:Language>
         </v1:request>
      </v1:getEntityRepresentativesRequest>
   </soapenv:Body>
</soapenv:Envelope>]]></con:request><con:assertion type="SOAP Fault Assertion" id="e1970ca5-8945-47ad-be39-076751e67d38" name="Not SOAP Fault"/><con:assertion type="SOAP Response" id="7b0b044b-5e6e-4b30-8a14-b1ef01e54741" name="SOAP Response"/><con:assertion type="Schema Compliance" id="8b36203d-2bfb-4b0f-a6b9-fd2aeb0eca2f" name="Schema Compliance"><con:configuration/></con:assertion><con:wsaConfig action="http://fidus.brussels/services/accessmanagerservice/getEntityRepresentatives"/></con:request></con:config></con:testStep><con:testStep type="request" id="4b65243f-d9b0-44a6-b7ab-23999e2dcddb" name="testcase3 - Test - Worker2 - Request"><con:settings/><con:config xsi:type="con:RequestStep" xmlns:xsi="http://www.w3.org/2001/XMLSchema-instance"><con:interface>AccessManagerServiceHTTPBinding</con:interface><con:operation>getEntityRepresentatives</con:operation><con:request name="testcase3 - Test - Worker2 - Request" id="9b2f6d6b-892c-4bbe-945f-89b1f1212909" outgoingWss="Outflow TEST"><con:settings/><con:encoding>UTF-8</con:encoding><con:endpoint>https://192.168.24.51:8443/services/AccessManagerService_v1.0</con:endpoint><con:request><![CDATA[<soapenv:Envelope xmlns:soapenv="http://schemas.xmlsoap.org/soap/envelope/" xmlns:v1="http://fidus.brussels/service/accessmanagerservice/messages/v1" xmlns:v11="http://fidus.brussels/type/common/messages/v1" xmlns:v31="http://socialsecurity.be/umanentityrepresentative/types/v3" >
   <soapenv:Header/>
   <soapenv:Body>
      <v1:getEntityRepresentativesRequest>
         <v1:messageContext>
         	  <v11:messageId>${=import static java.util.UUID.randomUUID; uuid = randomUUID() as String}</v11:messageId>
            <v11:timestamp>${=new java.text.SimpleDateFormat("yyyy-MM-dd'T'HH:mm:ss.SSS").format(new Date())}</v11:timestamp>
         </v1:messageContext>
         <v1:legalContext>ServiceIntegrator</v1:legalContext>
         <v1:request>
            <v1:Domain>QUAL_FED_HEALTHCARE</v1:Domain>
            <v1:OrganisationId>
               <v31:Identifier>1990000431</v31:Identifier>
               <v31:IdentifierType>BEEHP</v31:IdentifierType>
            </v1:OrganisationId>
            <v1:Language>nl</v1:Language>
         </v1:request>
      </v1:getEntityRepresentativesRequest>
   </soapenv:Body>
</soapenv:Envelope>]]></con:request><con:assertion type="SOAP Fault Assertion" id="bb7cc17c-0c98-46f6-9eaa-3063d50311ce" name="Not SOAP Fault"/><con:assertion type="SOAP Response" id="281253c3-d550-4cbe-8df7-9a6c069efc35" name="SOAP Response"/><con:assertion type="Schema Compliance" id="2789a8f1-6005-4db5-828e-744c480254aa" name="Schema Compliance"><con:configuration/></con:assertion><con:wsaConfig action="http://fidus.brussels/services/accessmanagerservice/getEntityRepresentatives"/></con:request></con:config></con:testStep><con:testStep type="request" id="39675e30-9437-447d-82a6-9cd09ef272fe" name="testcase3 - Test - Worker1New - Request"><con:settings/><con:config xsi:type="con:RequestStep" xmlns:xsi="http://www.w3.org/2001/XMLSchema-instance"><con:interface>AccessManagerServiceHTTPBinding</con:interface><con:operation>getEntityRepresentatives</con:operation><con:request name="testcase3 - Test - Worker1New - Request" id="723177f0-643a-4a73-8df2-05f60613cffb" outgoingWss="Outflow TEST"><con:settings/><con:encoding>UTF-8</con:encoding><con:endpoint>https://192.168.24.45:8443/services/AccessManagerService_v1.0</con:endpoint><con:request><![CDATA[<soapenv:Envelope xmlns:soapenv="http://schemas.xmlsoap.org/soap/envelope/" xmlns:v1="http://fidus.brussels/service/accessmanagerservice/messages/v1" xmlns:v11="http://fidus.brussels/type/common/messages/v1" xmlns:v31="http://socialsecurity.be/umanentityrepresentative/types/v3" >
   <soapenv:Header/>
   <soapenv:Body>
      <v1:getEntityRepresentativesRequest>
         <v1:messageContext>
         	  <v11:messageId>${=import static java.util.UUID.randomUUID; uuid = randomUUID() as String}</v11:messageId>
            <v11:timestamp>${=new java.text.SimpleDateFormat("yyyy-MM-dd'T'HH:mm:ss.SSS").format(new Date())}</v11:timestamp>
         </v1:messageContext>
         <v1:legalContext>ServiceIntegrator</v1:legalContext>
         <v1:request>
            <v1:Domain>QUAL_FED_HEALTHCARE</v1:Domain>
            <v1:OrganisationId>
               <v31:Identifier>1990000431</v31:Identifier>
               <v31:IdentifierType>BEEHP</v31:IdentifierType>
            </v1:OrganisationId>
            <v1:Language>nl</v1:Language>
         </v1:request>
      </v1:getEntityRepresentativesRequest>
   </soapenv:Body>
</soapenv:Envelope>]]></con:request><con:assertion type="SOAP Fault Assertion" id="28a96132-a425-4db6-b3ae-d82f75925b05" name="Not SOAP Fault"/><con:assertion type="SOAP Response" id="66d91fd0-7305-462e-a5f1-d6764651cf63" name="SOAP Response"/><con:assertion type="Schema Compliance" id="d45adee6-9375-4672-9461-3e0f142479df" name="Schema Compliance"><con:configuration/></con:assertion><con:wsaConfig action="http://fidus.brussels/services/accessmanagerservice/getEntityRepresentatives"/></con:request></con:config></con:testStep><con:testStep type="request" id="103fddb6-9382-4906-9cc9-99be33b0f3a3" name="testcase3 - Test - Worker2New - Request"><con:settings/><con:config xsi:type="con:RequestStep" xmlns:xsi="http://www.w3.org/2001/XMLSchema-instance"><con:interface>AccessManagerServiceHTTPBinding</con:interface><con:operation>getEntityRepresentatives</con:operation><con:request name="testcase3 - Test - Worker2New - Request" id="1ffd9dc5-361a-41eb-8197-ae1777a3e216" outgoingWss="Outflow TEST"><con:settings/><con:encoding>UTF-8</con:encoding><con:endpoint>https://192.168.24.51:8443/services/AccessManagerService_v1.0</con:endpoint><con:request><![CDATA[<soapenv:Envelope xmlns:soapenv="http://schemas.xmlsoap.org/soap/envelope/" xmlns:v1="http://fidus.brussels/service/accessmanagerservice/messages/v1" xmlns:v11="http://fidus.brussels/type/common/messages/v1" xmlns:v31="http://socialsecurity.be/umanentityrepresentative/types/v3" >
   <soapenv:Header/>
   <soapenv:Body>
      <v1:getEntityRepresentativesRequest>
         <v1:messageContext>
         	  <v11:messageId>${=import static java.util.UUID.randomUUID; uuid = randomUUID() as String}</v11:messageId>
            <v11:timestamp>${=new java.text.SimpleDateFormat("yyyy-MM-dd'T'HH:mm:ss.SSS").format(new Date())}</v11:timestamp>
         </v1:messageContext>
         <v1:legalContext>ServiceIntegrator</v1:legalContext>
         <v1:request>
            <v1:Domain>QUAL_FED_HEALTHCARE</v1:Domain>
            <v1:OrganisationId>
               <v31:Identifier>1990000431</v31:Identifier>
               <v31:IdentifierType>BEEHP</v31:IdentifierType>
            </v1:OrganisationId>
            <v1:Language>nl</v1:Language>
         </v1:request>
      </v1:getEntityRepresentativesRequest>
   </soapenv:Body>
</soapenv:Envelope>]]></con:request><con:assertion type="SOAP Fault Assertion" id="224f2483-8270-4df8-913b-29ad3c9642a6" name="Not SOAP Fault"/><con:assertion type="SOAP Response" id="261e1613-954b-47a5-9147-1fee72295015" name="SOAP Response"/><con:assertion type="Schema Compliance" id="dd6511c4-c5b7-42a5-ada6-23d68ea6d89a" name="Schema Compliance"><con:configuration/></con:assertion><con:wsaConfig action="http://fidus.brussels/services/accessmanagerservice/getEntityRepresentatives"/></con:request></con:config></con:testStep><con:testStep type="request" id="9b99b064-6259-4dae-a259-0bd3ba81d6da" name="testcase3 - Test - External - Request"><con:settings/><con:config xsi:type="con:RequestStep" xmlns:xsi="http://www.w3.org/2001/XMLSchema-instance"><con:interface>AccessManagerServiceHTTPBinding</con:interface><con:operation>getEntityRepresentatives</con:operation><con:request name="testcase3 - Test - External - Request" id="ec11d8ee-1d91-4c29-a926-eeb342c8912b" outgoingWss="Outflow TEST"><con:settings/><con:encoding>UTF-8</con:encoding><con:endpoint>https://esb-security-gw.sta.srv.cirb.lan:8443/services/AccessManagerService_v1.0</con:endpoint><con:request><![CDATA[<soapenv:Envelope xmlns:soapenv="http://schemas.xmlsoap.org/soap/envelope/" xmlns:v1="http://fidus.brussels/service/accessmanagerservice/messages/v1" xmlns:v11="http://fidus.brussels/type/common/messages/v1" xmlns:v31="http://socialsecurity.be/umanentityrepresentative/types/v3" >
   <soapenv:Header/>
   <soapenv:Body>
      <v1:getEntityRepresentativesRequest>
         <v1:messageContext>
         	  <v11:messageId>${=import static java.util.UUID.randomUUID; uuid = randomUUID() as String}</v11:messageId>
            <v11:timestamp>${=new java.text.SimpleDateFormat("yyyy-MM-dd'T'HH:mm:ss.SSS").format(new Date())}</v11:timestamp>
         </v1:messageContext>
         <v1:legalContext>ServiceIntegrator</v1:legalContext>
         <v1:request>
            <v1:Domain>QUAL_FED_HEALTHCARE</v1:Domain>
            <v1:OrganisationId>
               <v31:Identifier>1990000431</v31:Identifier>
               <v31:IdentifierType>BEEHP</v31:IdentifierType>
            </v1:OrganisationId>
            <v1:Language>nl</v1:Language>
         </v1:request>
      </v1:getEntityRepresentativesRequest>
   </soapenv:Body>
</soapenv:Envelope>]]></con:request><con:assertion type="SOAP Fault Assertion" id="7fd24578-08ee-4182-9c4f-c170ae2fa659" name="Not SOAP Fault"/><con:assertion type="SOAP Response" id="d5446426-c1b6-475b-8dd4-48a32380bad2" name="SOAP Response"/><con:assertion type="Schema Compliance" id="bb699e1c-c630-4993-8df1-c0cfae8c62e9" name="Schema Compliance"><con:configuration/></con:assertion><con:wsaConfig action="http://fidus.brussels/services/accessmanagerservice/getEntityRepresentatives"/></con:request></con:config></con:testStep><con:properties/></con:testCase><con:testCase id="f54afcfc-6c7f-440c-b131-d5f5a7bc6f8d" failOnError="true" failTestCaseOnErrors="true" keepSession="false" maxResults="0" name="getOrganisationChildNodes" searchProperties="true"><con:settings/><con:testStep type="request" id="dfd07ba7-cc3d-4308-901f-b45cc2a6e534" name="testcase3 - Test - LB - Request"><con:settings/><con:config xsi:type="con:RequestStep" xmlns:xsi="http://www.w3.org/2001/XMLSchema-instance"><con:interface>AccessManagerServiceHTTPBinding</con:interface><con:operation>getOrganisationChildNodes</con:operation><con:request name="testcase3 - Test - LB - Request" id="dfae8e3a-8e20-443b-8f6e-e99e088bfdd9" outgoingWss="Outflow TEST"><con:settings/><con:encoding>UTF-8</con:encoding><con:endpoint>https://esb-security-gw.sta.srv.cirb.lan:8443/services/AccessManagerService_v1.0</con:endpoint><con:request><![CDATA[<soapenv:Envelope xmlns:soapenv="http://schemas.xmlsoap.org/soap/envelope/" xmlns:v1="http://fidus.brussels/service/accessmanagerservice/messages/v1" xmlns:v11="http://fidus.brussels/type/common/messages/v1" xmlns:v31="http://socialsecurity.be/umanentityrepresentative/types/v3">
   <soapenv:Header/>
   <soapenv:Body>
      <v1:getOrganisationChildNodesRequest>
         <v1:messageContext>
         	  <v11:messageId>${=import static java.util.UUID.randomUUID; uuid = randomUUID() as String}</v11:messageId>
            <v11:timestamp>${=new java.text.SimpleDateFormat("yyyy-MM-dd'T'HH:mm:ss.SSS").format(new Date())}</v11:timestamp>
         </v1:messageContext>
         <v1:legalContext>ServiceIntegrator</v1:legalContext>
         <v1:request>
            <v1:Domain>QUAL_FED_HEALTHCARE</v1:Domain>
            <v1:OrganisationId>
               <v31:Identifier>1990000431</v31:Identifier>
               <v31:IdentifierType>BEEHP</v31:IdentifierType>
            </v1:OrganisationId>
            <v1:Language>nl</v1:Language>
         </v1:request>
      </v1:getOrganisationChildNodesRequest>
   </soapenv:Body>
</soapenv:Envelope>]]></con:request><con:assertion type="SOAP Fault Assertion" id="f867ee86-c269-473f-b829-4b24c02bf805" name="Not SOAP Fault"/><con:assertion type="SOAP Response" id="9871f67d-d49a-470d-ab0e-de4e21bd597c" name="SOAP Response"/><con:assertion type="Schema Compliance" id="6e532cc4-a587-402d-bbfd-c1b00508c895" name="Schema Compliance"><con:configuration/></con:assertion><con:wsaConfig action="http://fidus.brussels/services/accessmanagerservice/getOrganisationChildNodes"/></con:request></con:config></con:testStep><con:testStep type="request" id="5d22dfc1-553a-4a76-b1c6-12e9ca7a41c8" name="testcase3 - Test - Worker1 - Request"><con:settings/><con:config xsi:type="con:RequestStep" xmlns:xsi="http://www.w3.org/2001/XMLSchema-instance"><con:interface>AccessManagerServiceHTTPBinding</con:interface><con:operation>getOrganisationChildNodes</con:operation><con:request name="testcase3 - Test - Worker1 - Request" id="95017fbe-3891-4a66-8cc1-0a5ed1f9620f" outgoingWss="Outflow TEST"><con:settings/><con:encoding>UTF-8</con:encoding><con:endpoint>https://192.168.24.45:8443/services/AccessManagerService_v1.0</con:endpoint><con:request><![CDATA[<soapenv:Envelope xmlns:soapenv="http://schemas.xmlsoap.org/soap/envelope/" xmlns:v1="http://fidus.brussels/service/accessmanagerservice/messages/v1" xmlns:v11="http://fidus.brussels/type/common/messages/v1" xmlns:v31="http://socialsecurity.be/umanentityrepresentative/types/v3">
   <soapenv:Header/>
   <soapenv:Body>
      <v1:getOrganisationChildNodesRequest>
         <v1:messageContext>
         	  <v11:messageId>${=import static java.util.UUID.randomUUID; uuid = randomUUID() as String}</v11:messageId>
            <v11:timestamp>${=new java.text.SimpleDateFormat("yyyy-MM-dd'T'HH:mm:ss.SSS").format(new Date())}</v11:timestamp>
         </v1:messageContext>
         <v1:legalContext>ServiceIntegrator</v1:legalContext>
         <v1:request>
            <v1:Domain>QUAL_FED_HEALTHCARE</v1:Domain>
            <v1:OrganisationId>
               <v31:Identifier>1990000431</v31:Identifier>
               <v31:IdentifierType>BEEHP</v31:IdentifierType>
            </v1:OrganisationId>
            <v1:Language>nl</v1:Language>
         </v1:request>
      </v1:getOrganisationChildNodesRequest>
   </soapenv:Body>
</soapenv:Envelope>]]></con:request><con:assertion type="SOAP Fault Assertion" id="5e747d11-095f-4a88-a2bb-1e10d870e823" name="Not SOAP Fault"/><con:assertion type="SOAP Response" id="bea4d065-7017-431c-a958-13ed4ee0a78e" name="SOAP Response"/><con:assertion type="Schema Compliance" id="6ac4aba4-9627-4c18-be43-9ee81129ac0b" name="Schema Compliance"><con:configuration/></con:assertion><con:wsaConfig action="http://fidus.brussels/services/accessmanagerservice/getOrganisationChildNodes"/></con:request></con:config></con:testStep><con:testStep type="request" id="328b4ae6-9aed-46b6-b585-cb06a4c5f7cd" name="testcase3 - Test - Worker2 - Request"><con:settings/><con:config xsi:type="con:RequestStep" xmlns:xsi="http://www.w3.org/2001/XMLSchema-instance"><con:interface>AccessManagerServiceHTTPBinding</con:interface><con:operation>getOrganisationChildNodes</con:operation><con:request name="testcase3 - Test - Worker2 - Request" id="d1abb1e7-4889-4a07-8532-97dc8de07d60" outgoingWss="Outflow TEST"><con:settings/><con:encoding>UTF-8</con:encoding><con:endpoint>https://192.168.24.51:8443/services/AccessManagerService_v1.0</con:endpoint><con:request><![CDATA[<soapenv:Envelope xmlns:soapenv="http://schemas.xmlsoap.org/soap/envelope/" xmlns:v1="http://fidus.brussels/service/accessmanagerservice/messages/v1" xmlns:v11="http://fidus.brussels/type/common/messages/v1" xmlns:v31="http://socialsecurity.be/umanentityrepresentative/types/v3">
   <soapenv:Header/>
   <soapenv:Body>
      <v1:getOrganisationChildNodesRequest>
         <v1:messageContext>
         	  <v11:messageId>${=import static java.util.UUID.randomUUID; uuid = randomUUID() as String}</v11:messageId>
            <v11:timestamp>${=new java.text.SimpleDateFormat("yyyy-MM-dd'T'HH:mm:ss.SSS").format(new Date())}</v11:timestamp>
         </v1:messageContext>
         <v1:legalContext>ServiceIntegrator</v1:legalContext>
         <v1:request>
            <v1:Domain>QUAL_FED_HEALTHCARE</v1:Domain>
            <v1:OrganisationId>
               <v31:Identifier>1990000431</v31:Identifier>
               <v31:IdentifierType>BEEHP</v31:IdentifierType>
            </v1:OrganisationId>
            <v1:Language>nl</v1:Language>
         </v1:request>
      </v1:getOrganisationChildNodesRequest>
   </soapenv:Body>
</soapenv:Envelope>]]></con:request><con:assertion type="SOAP Fault Assertion" id="66308bbd-46b6-448d-9060-cd075e2bc2a4" name="Not SOAP Fault"/><con:assertion type="SOAP Response" id="c83f04d4-e3de-46ea-9260-fab2a56819be" name="SOAP Response"/><con:assertion type="Schema Compliance" id="da6d0c2b-dee8-4e42-b9a4-7de5d87e22b7" name="Schema Compliance"><con:configuration/></con:assertion><con:wsaConfig action="http://fidus.brussels/services/accessmanagerservice/getOrganisationChildNodes"/></con:request></con:config></con:testStep><con:testStep type="request" id="6ee6c179-6204-4683-a4aa-ad1ad925ade4" name="testcase3 - Test - Worker1New - Request"><con:settings/><con:config xsi:type="con:RequestStep" xmlns:xsi="http://www.w3.org/2001/XMLSchema-instance"><con:interface>AccessManagerServiceHTTPBinding</con:interface><con:operation>getOrganisationChildNodes</con:operation><con:request name="testcase3 - Test - Worker1New - Request" id="2e310295-77f0-4bce-9c5d-79682a66516a" outgoingWss="Outflow TEST"><con:settings/><con:encoding>UTF-8</con:encoding><con:endpoint>https://192.168.24.45:8443/services/AccessManagerService_v1.0</con:endpoint><con:request><![CDATA[<soapenv:Envelope xmlns:soapenv="http://schemas.xmlsoap.org/soap/envelope/" xmlns:v1="http://fidus.brussels/service/accessmanagerservice/messages/v1" xmlns:v11="http://fidus.brussels/type/common/messages/v1" xmlns:v31="http://socialsecurity.be/umanentityrepresentative/types/v3">
   <soapenv:Header/>
   <soapenv:Body>
      <v1:getOrganisationChildNodesRequest>
         <v1:messageContext>
         	  <v11:messageId>${=import static java.util.UUID.randomUUID; uuid = randomUUID() as String}</v11:messageId>
            <v11:timestamp>${=new java.text.SimpleDateFormat("yyyy-MM-dd'T'HH:mm:ss.SSS").format(new Date())}</v11:timestamp>
         </v1:messageContext>
         <v1:legalContext>ServiceIntegrator</v1:legalContext>
         <v1:request>
            <v1:Domain>QUAL_FED_HEALTHCARE</v1:Domain>
            <v1:OrganisationId>
               <v31:Identifier>1990000431</v31:Identifier>
               <v31:IdentifierType>BEEHP</v31:IdentifierType>
            </v1:OrganisationId>
            <v1:Language>nl</v1:Language>
         </v1:request>
      </v1:getOrganisationChildNodesRequest>
   </soapenv:Body>
</soapenv:Envelope>]]></con:request><con:assertion type="SOAP Fault Assertion" id="a75e79ad-dfda-4ba9-a52a-0d3719c5a564" name="Not SOAP Fault"/><con:assertion type="SOAP Response" id="be73dee5-ec40-4a60-9eae-513b7e02017e" name="SOAP Response"/><con:assertion type="Schema Compliance" id="5d3b57e7-f3e4-4c16-9d60-cbf59309d57f" name="Schema Compliance"><con:configuration/></con:assertion><con:wsaConfig action="http://fidus.brussels/services/accessmanagerservice/getOrganisationChildNodes"/></con:request></con:config></con:testStep><con:testStep type="request" id="b60423ee-230e-4fe8-aaab-1af655f33424" name="testcase3 - Test - Worker2New - Request"><con:settings/><con:config xsi:type="con:RequestStep" xmlns:xsi="http://www.w3.org/2001/XMLSchema-instance"><con:interface>AccessManagerServiceHTTPBinding</con:interface><con:operation>getOrganisationChildNodes</con:operation><con:request name="testcase3 - Test - Worker2New - Request" id="232ca4dc-0bb9-4ce6-873f-617befc0fa71" outgoingWss="Outflow TEST"><con:settings/><con:encoding>UTF-8</con:encoding><con:endpoint>https://192.168.24.51:8443/services/AccessManagerService_v1.0</con:endpoint><con:request><![CDATA[<soapenv:Envelope xmlns:soapenv="http://schemas.xmlsoap.org/soap/envelope/" xmlns:v1="http://fidus.brussels/service/accessmanagerservice/messages/v1" xmlns:v11="http://fidus.brussels/type/common/messages/v1" xmlns:v31="http://socialsecurity.be/umanentityrepresentative/types/v3">
   <soapenv:Header/>
   <soapenv:Body>
      <v1:getOrganisationChildNodesRequest>
         <v1:messageContext>
         	  <v11:messageId>${=import static java.util.UUID.randomUUID; uuid = randomUUID() as String}</v11:messageId>
            <v11:timestamp>${=new java.text.SimpleDateFormat("yyyy-MM-dd'T'HH:mm:ss.SSS").format(new Date())}</v11:timestamp>
         </v1:messageContext>
         <v1:legalContext>ServiceIntegrator</v1:legalContext>
         <v1:request>
            <v1:Domain>QUAL_FED_HEALTHCARE</v1:Domain>
            <v1:OrganisationId>
               <v31:Identifier>1990000431</v31:Identifier>
               <v31:IdentifierType>BEEHP</v31:IdentifierType>
            </v1:OrganisationId>
            <v1:Language>nl</v1:Language>
         </v1:request>
      </v1:getOrganisationChildNodesRequest>
   </soapenv:Body>
</soapenv:Envelope>]]></con:request><con:assertion type="SOAP Fault Assertion" id="51c210d1-46f4-4e94-bd77-da1b334796c8" name="Not SOAP Fault"/><con:assertion type="SOAP Response" id="40b7ab4c-827b-43a0-b6c2-a694a0ec2c84" name="SOAP Response"/><con:assertion type="Schema Compliance" id="465e88f9-4d14-48e7-8a6e-8207fa2a2ba5" name="Schema Compliance"><con:configuration/></con:assertion><con:wsaConfig action="http://fidus.brussels/services/accessmanagerservice/getOrganisationChildNodes"/></con:request></con:config></con:testStep><con:testStep type="request" id="766d2c3a-d17b-4917-b36d-67ef1fca4d91" name="testcase3 - Test - External - Request"><con:settings/><con:config xsi:type="con:RequestStep" xmlns:xsi="http://www.w3.org/2001/XMLSchema-instance"><con:interface>AccessManagerServiceHTTPBinding</con:interface><con:operation>getOrganisationChildNodes</con:operation><con:request name="testcase3 - Test - External - Request" id="a5f5e156-5a62-45ad-b9fd-ecb338877e9b" outgoingWss="Outflow TEST"><con:settings/><con:encoding>UTF-8</con:encoding><con:endpoint>https://esb-security-gw.sta.srv.cirb.lan:8443/services/AccessManagerService_v1.0</con:endpoint><con:request><![CDATA[<soapenv:Envelope xmlns:soapenv="http://schemas.xmlsoap.org/soap/envelope/" xmlns:v1="http://fidus.brussels/service/accessmanagerservice/messages/v1" xmlns:v11="http://fidus.brussels/type/common/messages/v1" xmlns:v31="http://socialsecurity.be/umanentityrepresentative/types/v3">
   <soapenv:Header/>
   <soapenv:Body>
      <v1:getOrganisationChildNodesRequest>
         <v1:messageContext>
         	  <v11:messageId>${=import static java.util.UUID.randomUUID; uuid = randomUUID() as String}</v11:messageId>
            <v11:timestamp>${=new java.text.SimpleDateFormat("yyyy-MM-dd'T'HH:mm:ss.SSS").format(new Date())}</v11:timestamp>
         </v1:messageContext>
         <v1:legalContext>ServiceIntegrator</v1:legalContext>
         <v1:request>
            <v1:Domain>QUAL_FED_HEALTHCARE</v1:Domain>
            <v1:OrganisationId>
               <v31:Identifier>1990000431</v31:Identifier>
               <v31:IdentifierType>BEEHP</v31:IdentifierType>
            </v1:OrganisationId>
            <v1:Language>nl</v1:Language>
         </v1:request>
      </v1:getOrganisationChildNodesRequest>
   </soapenv:Body>
</soapenv:Envelope>]]></con:request><con:assertion type="SOAP Fault Assertion" id="19ae639f-7fd8-450e-a7b8-2aaf52322226" name="Not SOAP Fault"/><con:assertion type="SOAP Response" id="b79faa08-ef0a-4a0c-9c04-2177d4b2838d" name="SOAP Response"/><con:assertion type="Schema Compliance" id="bc6a50a4-06de-4e8f-916f-8bf87b4dbd57" name="Schema Compliance"><con:configuration/></con:assertion><con:wsaConfig action="http://fidus.brussels/services/accessmanagerservice/getOrganisationChildNodes"/></con:request></con:config></con:testStep><con:properties/></con:testCase><con:testCase id="02a7adba-30b6-4d3a-9e2e-28a1c2ad3210" failOnError="true" failTestCaseOnErrors="true" keepSession="false" maxResults="0" name="getOrganisationDenomination" searchProperties="true"><con:settings/><con:testStep type="request" id="61c2ebca-b04d-462d-874a-ecc22d451309" name="testcase3 - Test - LB - Request"><con:settings/><con:config xsi:type="con:RequestStep" xmlns:xsi="http://www.w3.org/2001/XMLSchema-instance"><con:interface>AccessManagerServiceHTTPBinding</con:interface><con:operation>getOrganisationDenomination</con:operation><con:request name="testcase3 - Test - LB - Request" id="ea7bcdbc-ab9d-43c8-b845-061aaef4c973" outgoingWss="Outflow TEST"><con:settings/><con:encoding>UTF-8</con:encoding><con:endpoint>https://esb-security-gw.sta.srv.cirb.lan:8443/services/AccessManagerService_v1.0</con:endpoint><con:request><![CDATA[<soapenv:Envelope xmlns:soapenv="http://schemas.xmlsoap.org/soap/envelope/" xmlns:v1="http://fidus.brussels/service/accessmanagerservice/messages/v1" xmlns:v11="http://fidus.brussels/type/common/messages/v1" xmlns:v31="http://socialsecurity.be/umanentityrepresentative/types/v3">
   <soapenv:Header/>
   <soapenv:Body>
      <v1:getOrganisationDenominationRequest>
         <v1:messageContext>
         	  <v11:messageId>${=import static java.util.UUID.randomUUID; uuid = randomUUID() as String}</v11:messageId>
            <v11:timestamp>${=new java.text.SimpleDateFormat("yyyy-MM-dd'T'HH:mm:ss.SSS").format(new Date())}</v11:timestamp>
         </v1:messageContext>
         <v1:legalContext>ServiceIntegrator</v1:legalContext>
         <v1:request>
            <v1:Domain>QUAL_FED_HEALTHCARE</v1:Domain>
            <v1:OrganisationId>
               <v31:Identifier>1990000431</v31:Identifier>
               <v31:IdentifierType>BEEHP</v31:IdentifierType>
            </v1:OrganisationId>
            <v1:Language>nl</v1:Language>
         </v1:request>
      </v1:getOrganisationDenominationRequest>
   </soapenv:Body>
</soapenv:Envelope>]]></con:request><con:assertion type="SOAP Fault Assertion" id="14c89e50-cb59-4ace-ae34-b73b140c8431" name="Not SOAP Fault"/><con:assertion type="SOAP Response" id="bae7c6cf-baa7-4aa2-81d1-3c4c47174d9d" name="SOAP Response"/><con:assertion type="Schema Compliance" id="35670e10-1c35-443a-b536-d1c31cbbd222" name="Schema Compliance"><con:configuration/></con:assertion><con:wsaConfig action="http://fidus.brussels/services/accessmanagerservice/getOrganisationDenomination"/></con:request></con:config></con:testStep><con:testStep type="request" id="f01a47d2-19ca-4169-8ff0-87be99094726" name="testcase3 - Test - Worker1 - Request"><con:settings/><con:config xsi:type="con:RequestStep" xmlns:xsi="http://www.w3.org/2001/XMLSchema-instance"><con:interface>AccessManagerServiceHTTPBinding</con:interface><con:operation>getOrganisationDenomination</con:operation><con:request name="testcase3 - Test - Worker1 - Request" id="97f4334a-07bd-4039-bba8-11d2fb332e59" outgoingWss="Outflow TEST"><con:settings/><con:encoding>UTF-8</con:encoding><con:endpoint>https://192.168.24.45:8443/services/AccessManagerService_v1.0</con:endpoint><con:request><![CDATA[<soapenv:Envelope xmlns:soapenv="http://schemas.xmlsoap.org/soap/envelope/" xmlns:v1="http://fidus.brussels/service/accessmanagerservice/messages/v1" xmlns:v11="http://fidus.brussels/type/common/messages/v1" xmlns:v31="http://socialsecurity.be/umanentityrepresentative/types/v3">
   <soapenv:Header/>
   <soapenv:Body>
      <v1:getOrganisationDenominationRequest>
         <v1:messageContext>
         	  <v11:messageId>${=import static java.util.UUID.randomUUID; uuid = randomUUID() as String}</v11:messageId>
            <v11:timestamp>${=new java.text.SimpleDateFormat("yyyy-MM-dd'T'HH:mm:ss.SSS").format(new Date())}</v11:timestamp>
         </v1:messageContext>
         <v1:legalContext>ServiceIntegrator</v1:legalContext>
         <v1:request>
            <v1:Domain>QUAL_FED_HEALTHCARE</v1:Domain>
            <v1:OrganisationId>
               <v31:Identifier>1990000431</v31:Identifier>
               <v31:IdentifierType>BEEHP</v31:IdentifierType>
            </v1:OrganisationId>
            <v1:Language>nl</v1:Language>
         </v1:request>
      </v1:getOrganisationDenominationRequest>
   </soapenv:Body>
</soapenv:Envelope>]]></con:request><con:assertion type="SOAP Fault Assertion" id="c5ebe5fc-31b5-4409-9c7f-97761997fe17" name="Not SOAP Fault"/><con:assertion type="SOAP Response" id="5fd708fc-6e84-4814-b312-34138af34401" name="SOAP Response"/><con:assertion type="Schema Compliance" id="04168508-8b72-474d-a66e-2ac906daf523" name="Schema Compliance"><con:configuration/></con:assertion><con:wsaConfig action="http://fidus.brussels/services/accessmanagerservice/getOrganisationDenomination"/></con:request></con:config></con:testStep><con:testStep type="request" id="fc8359b8-0bbd-429c-9d32-64ce75a7ed43" name="testcase3 - Test - Worker2 - Request"><con:settings/><con:config xsi:type="con:RequestStep" xmlns:xsi="http://www.w3.org/2001/XMLSchema-instance"><con:interface>AccessManagerServiceHTTPBinding</con:interface><con:operation>getOrganisationDenomination</con:operation><con:request name="testcase3 - Test - Worker2 - Request" id="8e20b716-b11f-4a31-b348-9a5b9c81201f" outgoingWss="Outflow TEST"><con:settings/><con:encoding>UTF-8</con:encoding><con:endpoint>https://192.168.24.51:8443/services/AccessManagerService_v1.0</con:endpoint><con:request><![CDATA[<soapenv:Envelope xmlns:soapenv="http://schemas.xmlsoap.org/soap/envelope/" xmlns:v1="http://fidus.brussels/service/accessmanagerservice/messages/v1" xmlns:v11="http://fidus.brussels/type/common/messages/v1" xmlns:v31="http://socialsecurity.be/umanentityrepresentative/types/v3">
   <soapenv:Header/>
   <soapenv:Body>
      <v1:getOrganisationDenominationRequest>
         <v1:messageContext>
         	  <v11:messageId>${=import static java.util.UUID.randomUUID; uuid = randomUUID() as String}</v11:messageId>
            <v11:timestamp>${=new java.text.SimpleDateFormat("yyyy-MM-dd'T'HH:mm:ss.SSS").format(new Date())}</v11:timestamp>
         </v1:messageContext>
         <v1:legalContext>ServiceIntegrator</v1:legalContext>
         <v1:request>
            <v1:Domain>QUAL_FED_HEALTHCARE</v1:Domain>
            <v1:OrganisationId>
               <v31:Identifier>1990000431</v31:Identifier>
               <v31:IdentifierType>BEEHP</v31:IdentifierType>
            </v1:OrganisationId>
            <v1:Language>nl</v1:Language>
         </v1:request>
      </v1:getOrganisationDenominationRequest>
   </soapenv:Body>
</soapenv:Envelope>]]></con:request><con:assertion type="SOAP Fault Assertion" id="4bd007bc-fe2a-4c11-85e1-29113aee3270" name="Not SOAP Fault"/><con:assertion type="SOAP Response" id="9c57122c-e364-443d-bcc4-4ce4d4969369" name="SOAP Response"/><con:assertion type="Schema Compliance" id="3e619ad5-91e9-413f-b9f2-6e38cd1d764a" name="Schema Compliance"><con:configuration/></con:assertion><con:wsaConfig action="http://fidus.brussels/services/accessmanagerservice/getOrganisationDenomination"/></con:request></con:config></con:testStep><con:testStep type="request" id="d68547da-6010-47f5-91f6-a897646228b7" name="testcase3 - Test - Worker1New - Request"><con:settings/><con:config xsi:type="con:RequestStep" xmlns:xsi="http://www.w3.org/2001/XMLSchema-instance"><con:interface>AccessManagerServiceHTTPBinding</con:interface><con:operation>getOrganisationDenomination</con:operation><con:request name="testcase3 - Test - Worker1New - Request" id="633194c5-1b47-4dbb-a108-4d489d213432" outgoingWss="Outflow TEST"><con:settings/><con:encoding>UTF-8</con:encoding><con:endpoint>https://192.168.24.45:8443/services/AccessManagerService_v1.0</con:endpoint><con:request><![CDATA[<soapenv:Envelope xmlns:soapenv="http://schemas.xmlsoap.org/soap/envelope/" xmlns:v1="http://fidus.brussels/service/accessmanagerservice/messages/v1" xmlns:v11="http://fidus.brussels/type/common/messages/v1" xmlns:v31="http://socialsecurity.be/umanentityrepresentative/types/v3">
   <soapenv:Header/>
   <soapenv:Body>
      <v1:getOrganisationDenominationRequest>
         <v1:messageContext>
         	  <v11:messageId>${=import static java.util.UUID.randomUUID; uuid = randomUUID() as String}</v11:messageId>
            <v11:timestamp>${=new java.text.SimpleDateFormat("yyyy-MM-dd'T'HH:mm:ss.SSS").format(new Date())}</v11:timestamp>
         </v1:messageContext>
         <v1:legalContext>ServiceIntegrator</v1:legalContext>
         <v1:request>
            <v1:Domain>QUAL_FED_HEALTHCARE</v1:Domain>
            <v1:OrganisationId>
               <v31:Identifier>1990000431</v31:Identifier>
               <v31:IdentifierType>BEEHP</v31:IdentifierType>
            </v1:OrganisationId>
            <v1:Language>nl</v1:Language>
         </v1:request>
      </v1:getOrganisationDenominationRequest>
   </soapenv:Body>
</soapenv:Envelope>]]></con:request><con:assertion type="SOAP Fault Assertion" id="f09a0fa3-bd42-4e84-b60c-723ddcc37049" name="Not SOAP Fault"/><con:assertion type="SOAP Response" id="ebf2dd17-e600-4d32-a9a1-61ea564549b6" name="SOAP Response"/><con:assertion type="Schema Compliance" id="5f6d6594-2bc3-402b-86fd-679f2a7c702e" name="Schema Compliance"><con:configuration/></con:assertion><con:wsaConfig action="http://fidus.brussels/services/accessmanagerservice/getOrganisationDenomination"/></con:request></con:config></con:testStep><con:testStep type="request" id="1b721c11-3692-45a4-956d-b46571441df2" name="testcase3 - Test - Worker2New - Request"><con:settings/><con:config xsi:type="con:RequestStep" xmlns:xsi="http://www.w3.org/2001/XMLSchema-instance"><con:interface>AccessManagerServiceHTTPBinding</con:interface><con:operation>getOrganisationDenomination</con:operation><con:request name="testcase3 - Test - Worker2New - Request" id="c4bb317c-809e-40b4-896f-11fa92b848d3" outgoingWss="Outflow TEST"><con:settings/><con:encoding>UTF-8</con:encoding><con:endpoint>https://192.168.24.51:8443/services/AccessManagerService_v1.0</con:endpoint><con:request><![CDATA[<soapenv:Envelope xmlns:soapenv="http://schemas.xmlsoap.org/soap/envelope/" xmlns:v1="http://fidus.brussels/service/accessmanagerservice/messages/v1" xmlns:v11="http://fidus.brussels/type/common/messages/v1" xmlns:v31="http://socialsecurity.be/umanentityrepresentative/types/v3">
   <soapenv:Header/>
   <soapenv:Body>
      <v1:getOrganisationDenominationRequest>
         <v1:messageContext>
         	  <v11:messageId>${=import static java.util.UUID.randomUUID; uuid = randomUUID() as String}</v11:messageId>
            <v11:timestamp>${=new java.text.SimpleDateFormat("yyyy-MM-dd'T'HH:mm:ss.SSS").format(new Date())}</v11:timestamp>
         </v1:messageContext>
         <v1:legalContext>ServiceIntegrator</v1:legalContext>
         <v1:request>
            <v1:Domain>QUAL_FED_HEALTHCARE</v1:Domain>
            <v1:OrganisationId>
               <v31:Identifier>1990000431</v31:Identifier>
               <v31:IdentifierType>BEEHP</v31:IdentifierType>
            </v1:OrganisationId>
            <v1:Language>nl</v1:Language>
         </v1:request>
      </v1:getOrganisationDenominationRequest>
   </soapenv:Body>
</soapenv:Envelope>]]></con:request><con:assertion type="SOAP Fault Assertion" id="5541ddef-39d0-4559-aa66-35031adaf382" name="Not SOAP Fault"/><con:assertion type="SOAP Response" id="46d359b7-a0a8-4d09-8f3a-dfe908c8ea4c" name="SOAP Response"/><con:assertion type="Schema Compliance" id="2ed683c7-c5d7-45a6-849f-e9db39e6ddd9" name="Schema Compliance"><con:configuration/></con:assertion><con:wsaConfig action="http://fidus.brussels/services/accessmanagerservice/getOrganisationDenomination"/></con:request></con:config></con:testStep><con:testStep type="request" id="1c312243-485a-49db-8f0c-a89499c3fc25" name="testcase3 - Test - External - Request"><con:settings/><con:config xsi:type="con:RequestStep" xmlns:xsi="http://www.w3.org/2001/XMLSchema-instance"><con:interface>AccessManagerServiceHTTPBinding</con:interface><con:operation>getOrganisationDenomination</con:operation><con:request name="testcase3 - Test - External - Request" id="6f3857d0-bd90-4cd5-8304-109df79e0086" outgoingWss="Outflow TEST"><con:settings/><con:encoding>UTF-8</con:encoding><con:endpoint>https://esb-security-gw.sta.srv.cirb.lan:8443/services/AccessManagerService_v1.0</con:endpoint><con:request><![CDATA[<soapenv:Envelope xmlns:soapenv="http://schemas.xmlsoap.org/soap/envelope/" xmlns:v1="http://fidus.brussels/service/accessmanagerservice/messages/v1" xmlns:v11="http://fidus.brussels/type/common/messages/v1" xmlns:v31="http://socialsecurity.be/umanentityrepresentative/types/v3">
   <soapenv:Header/>
   <soapenv:Body>
      <v1:getOrganisationDenominationRequest>
         <v1:messageContext>
         	  <v11:messageId>${=import static java.util.UUID.randomUUID; uuid = randomUUID() as String}</v11:messageId>
            <v11:timestamp>${=new java.text.SimpleDateFormat("yyyy-MM-dd'T'HH:mm:ss.SSS").format(new Date())}</v11:timestamp>
         </v1:messageContext>
         <v1:legalContext>ServiceIntegrator</v1:legalContext>
         <v1:request>
            <v1:Domain>QUAL_FED_HEALTHCARE</v1:Domain>
            <v1:OrganisationId>
               <v31:Identifier>1990000431</v31:Identifier>
               <v31:IdentifierType>BEEHP</v31:IdentifierType>
            </v1:OrganisationId>
            <v1:Language>nl</v1:Language>
         </v1:request>
      </v1:getOrganisationDenominationRequest>
   </soapenv:Body>
</soapenv:Envelope>]]></con:request><con:assertion type="SOAP Fault Assertion" id="effd4897-c108-4766-a2e2-8f9ecbc9569c" name="Not SOAP Fault"/><con:assertion type="SOAP Response" id="eca2ee20-4b8b-4779-81f1-a48cc3568651" name="SOAP Response"/><con:assertion type="Schema Compliance" id="7cbfbfc9-637b-41f7-86c7-834d03fe50a8" name="Schema Compliance"><con:configuration/></con:assertion><con:wsaConfig action="http://fidus.brussels/services/accessmanagerservice/getOrganisationDenomination"/></con:request></con:config></con:testStep><con:properties/></con:testCase><con:testCase id="08e0cc3a-fa4d-466c-9563-3782fb8aa1a8" failOnError="true" failTestCaseOnErrors="true" keepSession="false" maxResults="0" name="getOrganisationParentNodes" searchProperties="true"><con:settings/><con:testStep type="request" id="40c7a22d-8c7b-47a4-a0fa-deafb3497972" name="testcase3 - Test - LB - Request"><con:settings/><con:config xsi:type="con:RequestStep" xmlns:xsi="http://www.w3.org/2001/XMLSchema-instance"><con:interface>AccessManagerServiceHTTPBinding</con:interface><con:operation>getOrganisationParentNodes</con:operation><con:request name="testcase3 - Test - LB - Request" id="8222eca9-93c9-4718-8504-8d906b4ed4b3" outgoingWss="Outflow TEST"><con:settings/><con:encoding>UTF-8</con:encoding><con:endpoint>https://esb-security-gw.sta.srv.cirb.lan:8443/services/AccessManagerService_v1.0</con:endpoint><con:request><![CDATA[<soapenv:Envelope xmlns:soapenv="http://schemas.xmlsoap.org/soap/envelope/" xmlns:v1="http://fidus.brussels/service/accessmanagerservice/messages/v1" xmlns:v11="http://fidus.brussels/type/common/messages/v1" xmlns:v31="http://socialsecurity.be/umanentityrepresentative/types/v3">
   <soapenv:Header/>
   <soapenv:Body>
      <v1:getOrganisationParentNodesRequest>
         <v1:messageContext>
         	  <v11:messageId>${=import static java.util.UUID.randomUUID; uuid = randomUUID() as String}</v11:messageId>
            <v11:timestamp>${=new java.text.SimpleDateFormat("yyyy-MM-dd'T'HH:mm:ss.SSS").format(new Date())}</v11:timestamp>
         </v1:messageContext>
         <v1:legalContext>ServiceIntegrator</v1:legalContext>
         <v1:request>
            <v1:Domain>QUAL_FED_HEALTHCARE</v1:Domain>
            <v1:OrganisationId>
               <v31:Identifier>1990000431</v31:Identifier>
               <v31:IdentifierType>BEEHP</v31:IdentifierType>
            </v1:OrganisationId>
            <v1:Language>nl</v1:Language>
         </v1:request>
      </v1:getOrganisationParentNodesRequest>
   </soapenv:Body>
</soapenv:Envelope>]]></con:request><con:assertion type="SOAP Fault Assertion" id="52019fa0-a8bc-453b-a81b-1fe2739f575d" name="Not SOAP Fault"/><con:assertion type="SOAP Response" id="964eef11-88f8-466a-bd82-d60650dfaf51" name="SOAP Response"/><con:assertion type="Schema Compliance" id="4bbffb87-62da-4414-9288-5a1bd05d407b" name="Schema Compliance"><con:configuration/></con:assertion><con:wsaConfig action="http://fidus.brussels/services/accessmanagerservice/getOrganisationParentNodes"/></con:request></con:config></con:testStep><con:testStep type="request" id="083b7adb-b4f1-407a-b77a-943a1ed1fb1c" name="testcase3 - Test - Worker1 - Request"><con:settings/><con:config xsi:type="con:RequestStep" xmlns:xsi="http://www.w3.org/2001/XMLSchema-instance"><con:interface>AccessManagerServiceHTTPBinding</con:interface><con:operation>getOrganisationParentNodes</con:operation><con:request name="testcase3 - Test - Worker1 - Request" id="a46996e8-7de8-4a8a-aa30-50c6509bc8f0" outgoingWss="Outflow TEST"><con:settings/><con:encoding>UTF-8</con:encoding><con:endpoint>https://192.168.24.45:8443/services/AccessManagerService_v1.0</con:endpoint><con:request><![CDATA[<soapenv:Envelope xmlns:soapenv="http://schemas.xmlsoap.org/soap/envelope/" xmlns:v1="http://fidus.brussels/service/accessmanagerservice/messages/v1" xmlns:v11="http://fidus.brussels/type/common/messages/v1" xmlns:v31="http://socialsecurity.be/umanentityrepresentative/types/v3">
   <soapenv:Header/>
   <soapenv:Body>
      <v1:getOrganisationParentNodesRequest>
         <v1:messageContext>
         	  <v11:messageId>${=import static java.util.UUID.randomUUID; uuid = randomUUID() as String}</v11:messageId>
            <v11:timestamp>${=new java.text.SimpleDateFormat("yyyy-MM-dd'T'HH:mm:ss.SSS").format(new Date())}</v11:timestamp>
         </v1:messageContext>
         <v1:legalContext>ServiceIntegrator</v1:legalContext>
         <v1:request>
            <v1:Domain>QUAL_FED_HEALTHCARE</v1:Domain>
            <v1:OrganisationId>
               <v31:Identifier>1990000431</v31:Identifier>
               <v31:IdentifierType>BEEHP</v31:IdentifierType>
            </v1:OrganisationId>
            <v1:Language>nl</v1:Language>
         </v1:request>
      </v1:getOrganisationParentNodesRequest>
   </soapenv:Body>
</soapenv:Envelope>]]></con:request><con:assertion type="SOAP Fault Assertion" id="4cacbeb3-b08b-426b-9787-1d306761d83b" name="Not SOAP Fault"/><con:assertion type="SOAP Response" id="7e75d39e-cee9-4bd3-85b0-d054a3a17796" name="SOAP Response"/><con:assertion type="Schema Compliance" id="00f38d30-cd6d-46fb-88f4-17cb71913f92" name="Schema Compliance"><con:configuration/></con:assertion><con:wsaConfig action="http://fidus.brussels/services/accessmanagerservice/getOrganisationParentNodes"/></con:request></con:config></con:testStep><con:testStep type="request" id="c8ea7272-0c7d-41e2-86c0-a41dd73dbac5" name="testcase3 - Test - Worker2 - Request"><con:settings/><con:config xsi:type="con:RequestStep" xmlns:xsi="http://www.w3.org/2001/XMLSchema-instance"><con:interface>AccessManagerServiceHTTPBinding</con:interface><con:operation>getOrganisationParentNodes</con:operation><con:request name="testcase3 - Test - Worker2 - Request" id="07f551f8-82cf-4919-a97e-deb182095b0b" outgoingWss="Outflow TEST"><con:settings/><con:encoding>UTF-8</con:encoding><con:endpoint>https://192.168.24.51:8443/services/AccessManagerService_v1.0</con:endpoint><con:request><![CDATA[<soapenv:Envelope xmlns:soapenv="http://schemas.xmlsoap.org/soap/envelope/" xmlns:v1="http://fidus.brussels/service/accessmanagerservice/messages/v1" xmlns:v11="http://fidus.brussels/type/common/messages/v1" xmlns:v31="http://socialsecurity.be/umanentityrepresentative/types/v3">
   <soapenv:Header/>
   <soapenv:Body>
      <v1:getOrganisationParentNodesRequest>
         <v1:messageContext>
         	  <v11:messageId>${=import static java.util.UUID.randomUUID; uuid = randomUUID() as String}</v11:messageId>
            <v11:timestamp>${=new java.text.SimpleDateFormat("yyyy-MM-dd'T'HH:mm:ss.SSS").format(new Date())}</v11:timestamp>
         </v1:messageContext>
         <v1:legalContext>ServiceIntegrator</v1:legalContext>
         <v1:request>
            <v1:Domain>QUAL_FED_HEALTHCARE</v1:Domain>
            <v1:OrganisationId>
               <v31:Identifier>1990000431</v31:Identifier>
               <v31:IdentifierType>BEEHP</v31:IdentifierType>
            </v1:OrganisationId>
            <v1:Language>nl</v1:Language>
         </v1:request>
      </v1:getOrganisationParentNodesRequest>
   </soapenv:Body>
</soapenv:Envelope>]]></con:request><con:assertion type="SOAP Fault Assertion" id="7b990fde-066a-483b-a4f5-d7446ba63cfd" name="Not SOAP Fault"/><con:assertion type="SOAP Response" id="7dbf7615-245c-4f3c-a122-240dfb09e628" name="SOAP Response"/><con:assertion type="Schema Compliance" id="d5e9dee8-5546-45e4-805d-275ae471f86b" name="Schema Compliance"><con:configuration/></con:assertion><con:wsaConfig action="http://fidus.brussels/services/accessmanagerservice/getOrganisationParentNodes"/></con:request></con:config></con:testStep><con:testStep type="request" id="783704e9-3669-4313-8296-48ba9da853c8" name="testcase3 - Test - Worker1New - Request"><con:settings/><con:config xsi:type="con:RequestStep" xmlns:xsi="http://www.w3.org/2001/XMLSchema-instance"><con:interface>AccessManagerServiceHTTPBinding</con:interface><con:operation>getOrganisationParentNodes</con:operation><con:request name="testcase3 - Test - Worker1New - Request" id="a67144e9-191c-4240-8de8-a2463d4dafcc" outgoingWss="Outflow TEST"><con:settings/><con:encoding>UTF-8</con:encoding><con:endpoint>https://192.168.24.45:8443/services/AccessManagerService_v1.0</con:endpoint><con:request><![CDATA[<soapenv:Envelope xmlns:soapenv="http://schemas.xmlsoap.org/soap/envelope/" xmlns:v1="http://fidus.brussels/service/accessmanagerservice/messages/v1" xmlns:v11="http://fidus.brussels/type/common/messages/v1" xmlns:v31="http://socialsecurity.be/umanentityrepresentative/types/v3">
   <soapenv:Header/>
   <soapenv:Body>
      <v1:getOrganisationParentNodesRequest>
         <v1:messageContext>
         	  <v11:messageId>${=import static java.util.UUID.randomUUID; uuid = randomUUID() as String}</v11:messageId>
            <v11:timestamp>${=new java.text.SimpleDateFormat("yyyy-MM-dd'T'HH:mm:ss.SSS").format(new Date())}</v11:timestamp>
         </v1:messageContext>
         <v1:legalContext>ServiceIntegrator</v1:legalContext>
         <v1:request>
            <v1:Domain>QUAL_FED_HEALTHCARE</v1:Domain>
            <v1:OrganisationId>
               <v31:Identifier>1990000431</v31:Identifier>
               <v31:IdentifierType>BEEHP</v31:IdentifierType>
            </v1:OrganisationId>
            <v1:Language>nl</v1:Language>
         </v1:request>
      </v1:getOrganisationParentNodesRequest>
   </soapenv:Body>
</soapenv:Envelope>]]></con:request><con:assertion type="SOAP Fault Assertion" id="997cb478-b57e-43b4-91d4-d77faab7a2a9" name="Not SOAP Fault"/><con:assertion type="SOAP Response" id="62974958-be76-450a-a1b5-208e719cce1b" name="SOAP Response"/><con:assertion type="Schema Compliance" id="e477f50a-02db-4387-b6f1-03f08303d2e2" name="Schema Compliance"><con:configuration/></con:assertion><con:wsaConfig action="http://fidus.brussels/services/accessmanagerservice/getOrganisationParentNodes"/></con:request></con:config></con:testStep><con:testStep type="request" id="f78049b5-9263-42f8-8cf9-3b0780747479" name="testcase3 - Test - Worker2New - Request"><con:settings/><con:config xsi:type="con:RequestStep" xmlns:xsi="http://www.w3.org/2001/XMLSchema-instance"><con:interface>AccessManagerServiceHTTPBinding</con:interface><con:operation>getOrganisationParentNodes</con:operation><con:request name="testcase3 - Test - Worker2New - Request" id="0e22cb2e-555b-4f1f-82ca-b28003125888" outgoingWss="Outflow TEST"><con:settings/><con:encoding>UTF-8</con:encoding><con:endpoint>https://192.168.24.51:8443/services/AccessManagerService_v1.0</con:endpoint><con:request><![CDATA[<soapenv:Envelope xmlns:soapenv="http://schemas.xmlsoap.org/soap/envelope/" xmlns:v1="http://fidus.brussels/service/accessmanagerservice/messages/v1" xmlns:v11="http://fidus.brussels/type/common/messages/v1" xmlns:v31="http://socialsecurity.be/umanentityrepresentative/types/v3">
   <soapenv:Header/>
   <soapenv:Body>
      <v1:getOrganisationParentNodesRequest>
         <v1:messageContext>
         	  <v11:messageId>${=import static java.util.UUID.randomUUID; uuid = randomUUID() as String}</v11:messageId>
            <v11:timestamp>${=new java.text.SimpleDateFormat("yyyy-MM-dd'T'HH:mm:ss.SSS").format(new Date())}</v11:timestamp>
         </v1:messageContext>
         <v1:legalContext>ServiceIntegrator</v1:legalContext>
         <v1:request>
            <v1:Domain>QUAL_FED_HEALTHCARE</v1:Domain>
            <v1:OrganisationId>
               <v31:Identifier>1990000431</v31:Identifier>
               <v31:IdentifierType>BEEHP</v31:IdentifierType>
            </v1:OrganisationId>
            <v1:Language>nl</v1:Language>
         </v1:request>
      </v1:getOrganisationParentNodesRequest>
   </soapenv:Body>
</soapenv:Envelope>]]></con:request><con:assertion type="SOAP Fault Assertion" id="9c1f06ac-3c31-4d42-9176-fa1815b0e736" name="Not SOAP Fault"/><con:assertion type="SOAP Response" id="c9eb02bf-5f3a-456f-99c9-4b944cadd3e6" name="SOAP Response"/><con:assertion type="Schema Compliance" id="2ffee3bf-083b-4b40-ac14-30be20fd2731" name="Schema Compliance"><con:configuration/></con:assertion><con:wsaConfig action="http://fidus.brussels/services/accessmanagerservice/getOrganisationParentNodes"/></con:request></con:config></con:testStep><con:testStep type="request" id="8ca7810a-756c-407e-800d-b558b46c7a71" name="testcase3 - Test - External - Request"><con:settings/><con:config xsi:type="con:RequestStep" xmlns:xsi="http://www.w3.org/2001/XMLSchema-instance"><con:interface>AccessManagerServiceHTTPBinding</con:interface><con:operation>getOrganisationParentNodes</con:operation><con:request name="testcase3 - Test - External - Request" id="ae29bb14-e27b-43f9-9421-f72d947a6ab9" outgoingWss="Outflow TEST"><con:settings/><con:encoding>UTF-8</con:encoding><con:endpoint>https://esb-security-gw.sta.srv.cirb.lan:8443/services/AccessManagerService_v1.0</con:endpoint><con:request><![CDATA[<soapenv:Envelope xmlns:soapenv="http://schemas.xmlsoap.org/soap/envelope/" xmlns:v1="http://fidus.brussels/service/accessmanagerservice/messages/v1" xmlns:v11="http://fidus.brussels/type/common/messages/v1" xmlns:v31="http://socialsecurity.be/umanentityrepresentative/types/v3">
   <soapenv:Header/>
   <soapenv:Body>
      <v1:getOrganisationParentNodesRequest>
         <v1:messageContext>
         	  <v11:messageId>${=import static java.util.UUID.randomUUID; uuid = randomUUID() as String}</v11:messageId>
            <v11:timestamp>${=new java.text.SimpleDateFormat("yyyy-MM-dd'T'HH:mm:ss.SSS").format(new Date())}</v11:timestamp>
         </v1:messageContext>
         <v1:legalContext>ServiceIntegrator</v1:legalContext>
         <v1:request>
            <v1:Domain>QUAL_FED_HEALTHCARE</v1:Domain>
            <v1:OrganisationId>
               <v31:Identifier>1990000431</v31:Identifier>
               <v31:IdentifierType>BEEHP</v31:IdentifierType>
            </v1:OrganisationId>
            <v1:Language>nl</v1:Language>
         </v1:request>
      </v1:getOrganisationParentNodesRequest>
   </soapenv:Body>
</soapenv:Envelope>]]></con:request><con:assertion type="SOAP Fault Assertion" id="1379b022-381f-4f5e-8a46-84808a2ed5f7" name="Not SOAP Fault"/><con:assertion type="SOAP Response" id="64219bab-7823-45cf-9209-424273769461" name="SOAP Response"/><con:assertion type="Schema Compliance" id="489793cf-debf-4be8-be9a-73e528f9c531" name="Schema Compliance"><con:configuration/></con:assertion><con:wsaConfig action="http://fidus.brussels/services/accessmanagerservice/getOrganisationParentNodes"/></con:request></con:config></con:testStep><con:properties/></con:testCase><con:properties/></con:testSuite><con:testSuite id="ae2976ae-cee1-46c4-bd77-a548c9bf76bd" name="STAG"><con:settings/><con:runType>SEQUENTIAL</con:runType><con:testCase id="f5b71068-2eb4-4da4-af2d-0261923c3438" failOnError="true" failTestCaseOnErrors="true" keepSession="false" maxResults="0" name="findRepresentativeRolesByINSS" searchProperties="true"><con:settings/><con:testStep type="request" id="7fce21ff-4909-44ce-b674-51f4a7b39658" name="testcase4 - Staging - LB - Request"><con:settings/><con:config xsi:type="con:RequestStep" xmlns:xsi="http://www.w3.org/2001/XMLSchema-instance"><con:interface>AccessManagerServiceHTTPBinding</con:interface><con:operation>findRepresentativeRolesByINSS</con:operation><con:request name="testcase4 - Staging - LB - Request" id="5ce7133a-ebb5-485f-a881-924fcdb196e0" outgoingWss="Outflow STAG"><con:settings/><con:encoding>UTF-8</con:encoding><con:endpoint>https://fidus-esb-sg.sta.srv.cirb.lan:8443/services/AccessManagerService_v1.0</con:endpoint><con:request><![CDATA[<soapenv:Envelope xmlns:soapenv="http://schemas.xmlsoap.org/soap/envelope/" xmlns:v1="http://fidus.brussels/service/accessmanagerservice/messages/v1" xmlns:v11="http://fidus.brussels/type/common/messages/v1" xmlns:v3="http://socialsecurity.be/umanentityrepresentative/types/v3">
   <soapenv:Header/>
   <soapenv:Body>
      <v1:findRepresentativeRolesByINSSRequest>
         <v1:messageContext>
         	  <v11:messageId>${=import static java.util.UUID.randomUUID; uuid = randomUUID() as String}</v11:messageId>
            <v11:timestamp>${=new java.text.SimpleDateFormat("yyyy-MM-dd'T'HH:mm:ss.SSS").format(new Date())}</v11:timestamp>
         </v1:messageContext>
         <v1:legalContext>ServiceIntegrator</v1:legalContext>
         <v1:request>
            <v1:Domain>QUAL_FED_HEALTHCARE</v1:Domain>
            <v1:INSS>86051933959</v1:INSS>
            <v1:Language>nl</v1:Language>
         </v1:request>
      </v1:findRepresentativeRolesByINSSRequest>
   </soapenv:Body>
</soapenv:Envelope>]]></con:request><con:assertion type="SOAP Fault Assertion" id="adf2d9ab-9d04-46bc-bff4-351167d6f7a2" name="Not SOAP Fault"/><con:assertion type="SOAP Response" id="418c3664-7a13-4d31-a55f-93b7bd0ea0f1" name="SOAP Response"/><con:assertion type="Schema Compliance" id="a857e2ab-8566-4926-a9e1-83b6733f8923" name="Schema Compliance"><con:configuration/></con:assertion><con:wsaConfig action="http://fidus.brussels/services/accessmanagerservice/findRepresentativeRolesByINSS"/></con:request></con:config></con:testStep><con:testStep type="request" id="9db98ba8-cf9b-48c5-a0b2-e18ecab16598" name="testcase4 - Staging - Worker1 - Request"><con:settings/><con:config xsi:type="con:RequestStep" xmlns:xsi="http://www.w3.org/2001/XMLSchema-instance"><con:interface>AccessManagerServiceHTTPBinding</con:interface><con:operation>findRepresentativeRolesByINSS</con:operation><con:request name="testcase4 - Staging - Worker1 - Request" id="70f5218c-630e-4f1c-bf29-0c858fbf6007" outgoingWss="Outflow STAG"><con:settings/><con:encoding>UTF-8</con:encoding><con:endpoint>https://192.168.24.57:8443/services/AccessManagerService_v1.0</con:endpoint><con:request><![CDATA[<soapenv:Envelope xmlns:soapenv="http://schemas.xmlsoap.org/soap/envelope/" xmlns:v1="http://fidus.brussels/service/accessmanagerservice/messages/v1" xmlns:v11="http://fidus.brussels/type/common/messages/v1" xmlns:v3="http://socialsecurity.be/umanentityrepresentative/types/v3">
   <soapenv:Header/>
   <soapenv:Body>
      <v1:findRepresentativeRolesByINSSRequest>
         <v1:messageContext>
         	  <v11:messageId>${=import static java.util.UUID.randomUUID; uuid = randomUUID() as String}</v11:messageId>
            <v11:timestamp>${=new java.text.SimpleDateFormat("yyyy-MM-dd'T'HH:mm:ss.SSS").format(new Date())}</v11:timestamp>
         </v1:messageContext>
         <v1:legalContext>ServiceIntegrator</v1:legalContext>
         <v1:request>
            <v1:Domain>QUAL_FED_HEALTHCARE</v1:Domain>
            <v1:INSS>86051933959</v1:INSS>
            <v1:Language>nl</v1:Language>
         </v1:request>
      </v1:findRepresentativeRolesByINSSRequest>
   </soapenv:Body>
</soapenv:Envelope>]]></con:request><con:assertion type="SOAP Fault Assertion" id="5ee23610-9f81-4a4d-9e8c-b0cf1f2894e7" name="Not SOAP Fault"/><con:assertion type="SOAP Response" id="b4dbc12f-a0e7-45e7-a949-670d68434c2b" name="SOAP Response"/><con:assertion type="Schema Compliance" id="6b0e224d-3c3b-4b4b-9c74-ccd3b2231228" name="Schema Compliance"><con:configuration/></con:assertion><con:wsaConfig action="http://fidus.brussels/services/accessmanagerservice/findRepresentativeRolesByINSS"/></con:request></con:config></con:testStep><con:testStep type="request" id="f625042d-2518-4a40-a2ec-f71a4b995839" name="testcase4 - Staging - Worker2 - Request"><con:settings/><con:config xsi:type="con:RequestStep" xmlns:xsi="http://www.w3.org/2001/XMLSchema-instance"><con:interface>AccessManagerServiceHTTPBinding</con:interface><con:operation>findRepresentativeRolesByINSS</con:operation><con:request name="testcase4 - Staging - Worker2 - Request" id="a515f7db-1ba5-4b8a-888b-a852f2dd032f" outgoingWss="Outflow STAG"><con:settings/><con:encoding>UTF-8</con:encoding><con:endpoint>https://192.168.24.64:8443/services/AccessManagerService_v1.0</con:endpoint><con:request><![CDATA[<soapenv:Envelope xmlns:soapenv="http://schemas.xmlsoap.org/soap/envelope/" xmlns:v1="http://fidus.brussels/service/accessmanagerservice/messages/v1" xmlns:v11="http://fidus.brussels/type/common/messages/v1" xmlns:v3="http://socialsecurity.be/umanentityrepresentative/types/v3">
   <soapenv:Header/>
   <soapenv:Body>
      <v1:findRepresentativeRolesByINSSRequest>
         <v1:messageContext>
         	  <v11:messageId>${=import static java.util.UUID.randomUUID; uuid = randomUUID() as String}</v11:messageId>
            <v11:timestamp>${=new java.text.SimpleDateFormat("yyyy-MM-dd'T'HH:mm:ss.SSS").format(new Date())}</v11:timestamp>
         </v1:messageContext>
         <v1:legalContext>ServiceIntegrator</v1:legalContext>
         <v1:request>
            <v1:Domain>QUAL_FED_HEALTHCARE</v1:Domain>
            <v1:INSS>86051933959</v1:INSS>
            <v1:Language>nl</v1:Language>
         </v1:request>
      </v1:findRepresentativeRolesByINSSRequest>
   </soapenv:Body>
</soapenv:Envelope>]]></con:request><con:assertion type="SOAP Fault Assertion" id="64591c4e-e81c-4329-b6c6-72177cc6967d" name="Not SOAP Fault"/><con:assertion type="SOAP Response" id="718a0cd7-272c-4ee2-95fb-de25edd338ad" name="SOAP Response"/><con:assertion type="Schema Compliance" id="ad1db347-e673-4fe3-86df-7b735bd03600" name="Schema Compliance"><con:configuration/></con:assertion><con:wsaConfig action="http://fidus.brussels/services/accessmanagerservice/findRepresentativeRolesByINSS"/></con:request></con:config></con:testStep><con:testStep type="request" id="d683c44a-4693-4507-ba7a-af1be84ed29e" name="testcase4 - Staging - Worker1New - Request"><con:settings/><con:config xsi:type="con:RequestStep" xmlns:xsi="http://www.w3.org/2001/XMLSchema-instance"><con:interface>AccessManagerServiceHTTPBinding</con:interface><con:operation>findRepresentativeRolesByINSS</con:operation><con:request name="testcase4 - Staging - Worker1New - Request" id="da4c28c3-bca5-4973-9b58-f809a4012021" outgoingWss="Outflow STAG"><con:settings/><con:encoding>UTF-8</con:encoding><con:endpoint>https://192.168.24.57:8443/services/AccessManagerService_v1.0</con:endpoint><con:request><![CDATA[<soapenv:Envelope xmlns:soapenv="http://schemas.xmlsoap.org/soap/envelope/" xmlns:v1="http://fidus.brussels/service/accessmanagerservice/messages/v1" xmlns:v11="http://fidus.brussels/type/common/messages/v1" xmlns:v3="http://socialsecurity.be/umanentityrepresentative/types/v3">
   <soapenv:Header/>
   <soapenv:Body>
      <v1:findRepresentativeRolesByINSSRequest>
         <v1:messageContext>
         	  <v11:messageId>${=import static java.util.UUID.randomUUID; uuid = randomUUID() as String}</v11:messageId>
            <v11:timestamp>${=new java.text.SimpleDateFormat("yyyy-MM-dd'T'HH:mm:ss.SSS").format(new Date())}</v11:timestamp>
         </v1:messageContext>
         <v1:legalContext>ServiceIntegrator</v1:legalContext>
         <v1:request>
            <v1:Domain>QUAL_FED_HEALTHCARE</v1:Domain>
            <v1:INSS>86051933959</v1:INSS>
            <v1:Language>nl</v1:Language>
         </v1:request>
      </v1:findRepresentativeRolesByINSSRequest>
   </soapenv:Body>
</soapenv:Envelope>]]></con:request><con:assertion type="SOAP Fault Assertion" id="d8ff1c03-e7c6-4c34-91b4-66f33fd16341" name="Not SOAP Fault"/><con:assertion type="SOAP Response" id="cce8871c-4108-4dbd-87ff-f58c5ad39c16" name="SOAP Response"/><con:assertion type="Schema Compliance" id="3cb53d5f-e495-4913-8f6c-bcf3776e9bd0" name="Schema Compliance"><con:configuration/></con:assertion><con:wsaConfig action="http://fidus.brussels/services/accessmanagerservice/findRepresentativeRolesByINSS"/></con:request></con:config></con:testStep><con:testStep type="request" id="b26b1a1d-0436-45a4-b50a-8ae62eea2654" name="testcase4 - Staging - Worker2New - Request"><con:settings/><con:config xsi:type="con:RequestStep" xmlns:xsi="http://www.w3.org/2001/XMLSchema-instance"><con:interface>AccessManagerServiceHTTPBinding</con:interface><con:operation>findRepresentativeRolesByINSS</con:operation><con:request name="testcase4 - Staging - Worker2New - Request" id="63b1bd46-4934-4f33-8c94-7dd7d2bbe2e7" outgoingWss="Outflow STAG"><con:settings/><con:encoding>UTF-8</con:encoding><con:endpoint>https://192.168.24.64:8443/services/AccessManagerService_v1.0</con:endpoint><con:request><![CDATA[<soapenv:Envelope xmlns:soapenv="http://schemas.xmlsoap.org/soap/envelope/" xmlns:v1="http://fidus.brussels/service/accessmanagerservice/messages/v1" xmlns:v11="http://fidus.brussels/type/common/messages/v1" xmlns:v3="http://socialsecurity.be/umanentityrepresentative/types/v3">
   <soapenv:Header/>
   <soapenv:Body>
      <v1:findRepresentativeRolesByINSSRequest>
         <v1:messageContext>
         	  <v11:messageId>${=import static java.util.UUID.randomUUID; uuid = randomUUID() as String}</v11:messageId>
            <v11:timestamp>${=new java.text.SimpleDateFormat("yyyy-MM-dd'T'HH:mm:ss.SSS").format(new Date())}</v11:timestamp>
         </v1:messageContext>
         <v1:legalContext>ServiceIntegrator</v1:legalContext>
         <v1:request>
            <v1:Domain>QUAL_FED_HEALTHCARE</v1:Domain>
            <v1:INSS>86051933959</v1:INSS>
            <v1:Language>nl</v1:Language>
         </v1:request>
      </v1:findRepresentativeRolesByINSSRequest>
   </soapenv:Body>
</soapenv:Envelope>]]></con:request><con:assertion type="SOAP Fault Assertion" id="b58ef70a-0f01-4bdd-b837-a8a824a18208" name="Not SOAP Fault"/><con:assertion type="SOAP Response" id="8b729a2b-cdbf-4538-95d2-765e8a4dee8e" name="SOAP Response"/><con:assertion type="Schema Compliance" id="96197850-11dc-4dd3-af50-058bb8684eec" name="Schema Compliance"><con:configuration/></con:assertion><con:wsaConfig action="http://fidus.brussels/services/accessmanagerservice/findRepresentativeRolesByINSS"/></con:request></con:config></con:testStep><con:testStep type="request" id="063181d6-bbb7-4c29-828e-e15f4f5fc91d" name="testcase4 - Staging - External - Request"><con:settings/><con:config xsi:type="con:RequestStep" xmlns:xsi="http://www.w3.org/2001/XMLSchema-instance"><con:interface>AccessManagerServiceHTTPBinding</con:interface><con:operation>findRepresentativeRolesByINSS</con:operation><con:request name="testcase4 - Staging - External - Request" id="31b6183f-7aa9-43ea-8487-443441c63b11" outgoingWss="Outflow STAG"><con:settings/><con:encoding>UTF-8</con:encoding><con:endpoint>https://fidus.irisnetlab.be/services/AccessManagerService_v1.0</con:endpoint><con:request><![CDATA[<soapenv:Envelope xmlns:soapenv="http://schemas.xmlsoap.org/soap/envelope/" xmlns:v1="http://fidus.brussels/service/accessmanagerservice/messages/v1" xmlns:v11="http://fidus.brussels/type/common/messages/v1" xmlns:v3="http://socialsecurity.be/umanentityrepresentative/types/v3">
   <soapenv:Header/>
   <soapenv:Body>
      <v1:findRepresentativeRolesByINSSRequest>
         <v1:messageContext>
         	  <v11:messageId>${=import static java.util.UUID.randomUUID; uuid = randomUUID() as String}</v11:messageId>
            <v11:timestamp>${=new java.text.SimpleDateFormat("yyyy-MM-dd'T'HH:mm:ss.SSS").format(new Date())}</v11:timestamp>
         </v1:messageContext>
         <v1:legalContext>ServiceIntegrator</v1:legalContext>
         <v1:request>
            <v1:Domain>QUAL_FED_HEALTHCARE</v1:Domain>
            <v1:INSS>86051933959</v1:INSS>
            <v1:Language>nl</v1:Language>
         </v1:request>
      </v1:findRepresentativeRolesByINSSRequest>
   </soapenv:Body>
</soapenv:Envelope>]]></con:request><con:assertion type="SOAP Fault Assertion" id="7eed111d-7de3-4577-b059-682b77de7765" name="Not SOAP Fault"/><con:assertion type="SOAP Response" id="a11d0cfd-7dda-4d54-964d-dcd51b099a07" name="SOAP Response"/><con:assertion type="Schema Compliance" id="b2bf8109-1acb-4335-bca1-1dfd29b4f6e4" name="Schema Compliance"><con:configuration/></con:assertion><con:wsaConfig action="http://fidus.brussels/services/accessmanagerservice/findRepresentativeRolesByINSS"/></con:request></con:config></con:testStep><con:properties/></con:testCase><con:testCase id="4441d704-e51b-4f07-a9fe-580583b539b6" failOnError="true" failTestCaseOnErrors="true" keepSession="false" maxResults="0" name="getDomain" searchProperties="true"><con:settings/><con:testStep type="request" id="9b917bdf-7fdb-436d-b361-437fbd7016bd" name="testcase4 - Staging - LB - Request"><con:settings/><con:config xsi:type="con:RequestStep" xmlns:xsi="http://www.w3.org/2001/XMLSchema-instance"><con:interface>AccessManagerServiceHTTPBinding</con:interface><con:operation>getDomain</con:operation><con:request name="testcase4 - Staging - LB - Request" id="6aab1e42-c22a-4f79-9b77-34f534434ef8" outgoingWss="Outflow STAG"><con:settings/><con:encoding>UTF-8</con:encoding><con:endpoint>https://fidus-esb-sg.sta.srv.cirb.lan:8443/services/AccessManagerService_v1.0</con:endpoint><con:request><![CDATA[<soapenv:Envelope xmlns:soapenv="http://schemas.xmlsoap.org/soap/envelope/" xmlns:v1="http://fidus.brussels/service/accessmanagerservice/messages/v1" xmlns:v11="http://fidus.brussels/type/common/messages/v1" >
   <soapenv:Header/>
   <soapenv:Body>
      <v1:getDomainRequest>
         <v1:messageContext>
         	  <v11:messageId>${=import static java.util.UUID.randomUUID; uuid = randomUUID() as String}</v11:messageId>
            <v11:timestamp>${=new java.text.SimpleDateFormat("yyyy-MM-dd'T'HH:mm:ss.SSS").format(new Date())}</v11:timestamp>
         </v1:messageContext>
         <v1:legalContext>ServiceIntegrator</v1:legalContext>
         <v1:request>
         	  <v1:Domain>FINANCE</v1:Domain>
            <v1:Language>fr</v1:Language>
         </v1:request>
      </v1:getDomainRequest>
   </soapenv:Body>
</soapenv:Envelope>]]></con:request><con:assertion type="SOAP Fault Assertion" id="cd069b7b-a5c4-440c-947a-602ba2fc4564" name="Not SOAP Fault"/><con:assertion type="SOAP Response" id="3c1f388a-52f5-40ab-a4c1-4f0ec8862238" name="SOAP Response"/><con:assertion type="Schema Compliance" id="354529b5-02ab-438e-a833-a7524f41a768" name="Schema Compliance"><con:configuration/></con:assertion><con:wsaConfig action="http://fidus.brussels/services/accessmanagerservice/getDomain"/></con:request></con:config></con:testStep><con:testStep type="request" id="f8af1eb6-842b-4853-9c45-e733394e7ffd" name="testcase4 - Staging - Worker1 - Request"><con:settings/><con:config xsi:type="con:RequestStep" xmlns:xsi="http://www.w3.org/2001/XMLSchema-instance"><con:interface>AccessManagerServiceHTTPBinding</con:interface><con:operation>getDomain</con:operation><con:request name="testcase4 - Staging - Worker1 - Request" id="5f825cf3-8bbb-43ea-945f-14404f78384d" outgoingWss="Outflow STAG"><con:settings/><con:encoding>UTF-8</con:encoding><con:endpoint>https://192.168.24.57:8443/services/AccessManagerService_v1.0</con:endpoint><con:request><![CDATA[<soapenv:Envelope xmlns:soapenv="http://schemas.xmlsoap.org/soap/envelope/" xmlns:v1="http://fidus.brussels/service/accessmanagerservice/messages/v1" xmlns:v11="http://fidus.brussels/type/common/messages/v1" >
   <soapenv:Header/>
   <soapenv:Body>
      <v1:getDomainRequest>
         <v1:messageContext>
         	  <v11:messageId>${=import static java.util.UUID.randomUUID; uuid = randomUUID() as String}</v11:messageId>
            <v11:timestamp>${=new java.text.SimpleDateFormat("yyyy-MM-dd'T'HH:mm:ss.SSS").format(new Date())}</v11:timestamp>
         </v1:messageContext>
         <v1:legalContext>ServiceIntegrator</v1:legalContext>
         <v1:request>
         	  <v1:Domain>FINANCE</v1:Domain>
            <v1:Language>fr</v1:Language>
         </v1:request>
      </v1:getDomainRequest>
   </soapenv:Body>
</soapenv:Envelope>]]></con:request><con:assertion type="SOAP Fault Assertion" id="54ad2e8f-c9d0-4327-abe2-90641f42dfeb" name="Not SOAP Fault"/><con:assertion type="SOAP Response" id="55967cad-6484-4bf5-b055-85e85da5890f" name="SOAP Response"/><con:assertion type="Schema Compliance" id="c70593e0-e06a-47b4-8688-f81ab22006c5" name="Schema Compliance"><con:configuration/></con:assertion><con:wsaConfig action="http://fidus.brussels/services/accessmanagerservice/getDomain"/></con:request></con:config></con:testStep><con:testStep type="request" id="fc7f585a-ab6e-4c75-98ad-f48956b269c4" name="testcase4 - Staging - Worker2 - Request"><con:settings/><con:config xsi:type="con:RequestStep" xmlns:xsi="http://www.w3.org/2001/XMLSchema-instance"><con:interface>AccessManagerServiceHTTPBinding</con:interface><con:operation>getDomain</con:operation><con:request name="testcase4 - Staging - Worker2 - Request" id="7b7c60c3-6017-4886-abe7-f6fc386a9a77" outgoingWss="Outflow STAG"><con:settings/><con:encoding>UTF-8</con:encoding><con:endpoint>https://192.168.24.64:8443/services/AccessManagerService_v1.0</con:endpoint><con:request><![CDATA[<soapenv:Envelope xmlns:soapenv="http://schemas.xmlsoap.org/soap/envelope/" xmlns:v1="http://fidus.brussels/service/accessmanagerservice/messages/v1" xmlns:v11="http://fidus.brussels/type/common/messages/v1" >
   <soapenv:Header/>
   <soapenv:Body>
      <v1:getDomainRequest>
         <v1:messageContext>
         	  <v11:messageId>${=import static java.util.UUID.randomUUID; uuid = randomUUID() as String}</v11:messageId>
            <v11:timestamp>${=new java.text.SimpleDateFormat("yyyy-MM-dd'T'HH:mm:ss.SSS").format(new Date())}</v11:timestamp>
         </v1:messageContext>
         <v1:legalContext>ServiceIntegrator</v1:legalContext>
         <v1:request>
         	  <v1:Domain>FINANCE</v1:Domain>
            <v1:Language>fr</v1:Language>
         </v1:request>
      </v1:getDomainRequest>
   </soapenv:Body>
</soapenv:Envelope>]]></con:request><con:assertion type="SOAP Fault Assertion" id="5473cc73-391a-4837-a220-63c3c279017f" name="Not SOAP Fault"/><con:assertion type="SOAP Response" id="91cee6d8-b25e-4bae-9c1d-fec3fe2a5aca" name="SOAP Response"/><con:assertion type="Schema Compliance" id="8c8e29ff-aa7e-480a-bc59-307bb493e14c" name="Schema Compliance"><con:configuration/></con:assertion><con:wsaConfig action="http://fidus.brussels/services/accessmanagerservice/getDomain"/></con:request></con:config></con:testStep><con:testStep type="request" id="8c5f6140-f881-4fe1-accb-9f3acfc8ccfc" name="testcase4 - Staging - Worker1New - Request"><con:settings/><con:config xsi:type="con:RequestStep" xmlns:xsi="http://www.w3.org/2001/XMLSchema-instance"><con:interface>AccessManagerServiceHTTPBinding</con:interface><con:operation>getDomain</con:operation><con:request name="testcase4 - Staging - Worker1New - Request" id="6480911a-dd14-4106-bfa2-26f9b542cdaa" outgoingWss="Outflow STAG"><con:settings/><con:encoding>UTF-8</con:encoding><con:endpoint>https://192.168.24.57:8443/services/AccessManagerService_v1.0</con:endpoint><con:request><![CDATA[<soapenv:Envelope xmlns:soapenv="http://schemas.xmlsoap.org/soap/envelope/" xmlns:v1="http://fidus.brussels/service/accessmanagerservice/messages/v1" xmlns:v11="http://fidus.brussels/type/common/messages/v1" >
   <soapenv:Header/>
   <soapenv:Body>
      <v1:getDomainRequest>
         <v1:messageContext>
         	  <v11:messageId>${=import static java.util.UUID.randomUUID; uuid = randomUUID() as String}</v11:messageId>
            <v11:timestamp>${=new java.text.SimpleDateFormat("yyyy-MM-dd'T'HH:mm:ss.SSS").format(new Date())}</v11:timestamp>
         </v1:messageContext>
         <v1:legalContext>ServiceIntegrator</v1:legalContext>
         <v1:request>
         	  <v1:Domain>FINANCE</v1:Domain>
            <v1:Language>fr</v1:Language>
         </v1:request>
      </v1:getDomainRequest>
   </soapenv:Body>
</soapenv:Envelope>]]></con:request><con:assertion type="SOAP Fault Assertion" id="644422de-a2be-476d-8ac8-b686e2561ffd" name="Not SOAP Fault"/><con:assertion type="SOAP Response" id="a4ed27a3-f2cc-44ca-9238-8fc52bd89ab8" name="SOAP Response"/><con:assertion type="Schema Compliance" id="5275c2cc-88c8-4603-90c0-0018f4da88be" name="Schema Compliance"><con:configuration/></con:assertion><con:wsaConfig action="http://fidus.brussels/services/accessmanagerservice/getDomain"/></con:request></con:config></con:testStep><con:testStep type="request" id="6dbc26ad-6590-43ce-9e16-bc967446dc13" name="testcase4 - Staging - Worker2New - Request"><con:settings/><con:config xsi:type="con:RequestStep" xmlns:xsi="http://www.w3.org/2001/XMLSchema-instance"><con:interface>AccessManagerServiceHTTPBinding</con:interface><con:operation>getDomain</con:operation><con:request name="testcase4 - Staging - Worker2New - Request" id="9896ba0f-74a3-4045-b9c2-85f26ca1493d" outgoingWss="Outflow STAG"><con:settings/><con:encoding>UTF-8</con:encoding><con:endpoint>https://192.168.24.64:8443/services/AccessManagerService_v1.0</con:endpoint><con:request><![CDATA[<soapenv:Envelope xmlns:soapenv="http://schemas.xmlsoap.org/soap/envelope/" xmlns:v1="http://fidus.brussels/service/accessmanagerservice/messages/v1" xmlns:v11="http://fidus.brussels/type/common/messages/v1" >
   <soapenv:Header/>
   <soapenv:Body>
      <v1:getDomainRequest>
         <v1:messageContext>
         	  <v11:messageId>${=import static java.util.UUID.randomUUID; uuid = randomUUID() as String}</v11:messageId>
            <v11:timestamp>${=new java.text.SimpleDateFormat("yyyy-MM-dd'T'HH:mm:ss.SSS").format(new Date())}</v11:timestamp>
         </v1:messageContext>
         <v1:legalContext>ServiceIntegrator</v1:legalContext>
         <v1:request>
         	  <v1:Domain>FINANCE</v1:Domain>
            <v1:Language>fr</v1:Language>
         </v1:request>
      </v1:getDomainRequest>
   </soapenv:Body>
</soapenv:Envelope>]]></con:request><con:assertion type="SOAP Fault Assertion" id="bc09dbe5-83fd-4395-b8cd-7b37de6b0928" name="Not SOAP Fault"/><con:assertion type="SOAP Response" id="9953d3a3-39c2-41c9-a39f-53a1fced9c06" name="SOAP Response"/><con:assertion type="Schema Compliance" id="a7bf4e53-f54b-424f-ad9a-de9670abf1be" name="Schema Compliance"><con:configuration/></con:assertion><con:wsaConfig action="http://fidus.brussels/services/accessmanagerservice/getDomain"/></con:request></con:config></con:testStep><con:testStep type="request" id="6e80789e-af91-4a92-a186-c3cbf90a0775" name="testcase4 - Staging - External - Request"><con:settings/><con:config xsi:type="con:RequestStep" xmlns:xsi="http://www.w3.org/2001/XMLSchema-instance"><con:interface>AccessManagerServiceHTTPBinding</con:interface><con:operation>getDomain</con:operation><con:request name="testcase4 - Staging - External - Request" id="0a1430d6-1513-4a91-ae71-8dc56970e688" outgoingWss="Outflow STAG"><con:settings/><con:encoding>UTF-8</con:encoding><con:endpoint>https://fidus-esb-sg.sta.srv.cirb.lan:8443/services/AccessManagerService_v1.0</con:endpoint><con:request><![CDATA[<soapenv:Envelope xmlns:soapenv="http://schemas.xmlsoap.org/soap/envelope/" xmlns:v1="http://fidus.brussels/service/accessmanagerservice/messages/v1" xmlns:v11="http://fidus.brussels/type/common/messages/v1" >
   <soapenv:Header/>
   <soapenv:Body>
      <v1:getDomainRequest>
         <v1:messageContext>
         	  <v11:messageId>${=import static java.util.UUID.randomUUID; uuid = randomUUID() as String}</v11:messageId>
            <v11:timestamp>${=new java.text.SimpleDateFormat("yyyy-MM-dd'T'HH:mm:ss.SSS").format(new Date())}</v11:timestamp>
         </v1:messageContext>
         <v1:legalContext>ServiceIntegrator</v1:legalContext>
         <v1:request>
         	  <v1:Domain>FINANCE</v1:Domain>
            <v1:Language>fr</v1:Language>
         </v1:request>
      </v1:getDomainRequest>
   </soapenv:Body>
</soapenv:Envelope>]]></con:request><con:assertion type="SOAP Fault Assertion" id="8ab1e346-5363-4221-b118-a4eefcfb4b8e" name="Not SOAP Fault"/><con:assertion type="SOAP Response" id="e84c24a2-36d6-4812-8450-51622399e999" name="SOAP Response"/><con:assertion type="Schema Compliance" id="36b5cb2f-04ac-4a32-8b41-dcdf53013d53" name="Schema Compliance"><con:configuration/></con:assertion><con:wsaConfig action="http://fidus.brussels/services/accessmanagerservice/getDomain"/></con:request></con:config></con:testStep><con:properties/></con:testCase><con:testCase id="70b3de10-8fe8-4c53-a223-5ef47266db8a" failOnError="true" failTestCaseOnErrors="true" keepSession="false" maxResults="0" name="getEntityRepresentatives" searchProperties="true"><con:settings/><con:testStep type="request" id="7f6cd9d0-02f6-4da7-801c-b2f3d386c63a" name="testcase4 - Staging - LB - Request"><con:settings/><con:config xsi:type="con:RequestStep" xmlns:xsi="http://www.w3.org/2001/XMLSchema-instance"><con:interface>AccessManagerServiceHTTPBinding</con:interface><con:operation>getEntityRepresentatives</con:operation><con:request name="testcase4 - Staging - LB - Request" id="ca68f299-ce11-4f83-b368-b13367d4d73c" outgoingWss="Outflow STAG"><con:settings/><con:encoding>UTF-8</con:encoding><con:endpoint>https://fidus-esb-sg.sta.srv.cirb.lan:8443/services/AccessManagerService_v1.0</con:endpoint><con:request><![CDATA[<soapenv:Envelope xmlns:soapenv="http://schemas.xmlsoap.org/soap/envelope/" xmlns:v1="http://fidus.brussels/service/accessmanagerservice/messages/v1" xmlns:v11="http://fidus.brussels/type/common/messages/v1" xmlns:v31="http://socialsecurity.be/umanentityrepresentative/types/v3" >
   <soapenv:Header/>
   <soapenv:Body>
      <v1:getEntityRepresentativesRequest>
         <v1:messageContext>
         	  <v11:messageId>${=import static java.util.UUID.randomUUID; uuid = randomUUID() as String}</v11:messageId>
            <v11:timestamp>${=new java.text.SimpleDateFormat("yyyy-MM-dd'T'HH:mm:ss.SSS").format(new Date())}</v11:timestamp>
         </v1:messageContext>
         <v1:legalContext>ServiceIntegrator</v1:legalContext>
         <v1:request>
            <v1:Domain>QUAL_FED_HEALTHCARE</v1:Domain>
            <v1:OrganisationId>
               <v31:Identifier>1990000431</v31:Identifier>
               <v31:IdentifierType>BEEHP</v31:IdentifierType>
            </v1:OrganisationId>
            <v1:Language>nl</v1:Language>
         </v1:request>
      </v1:getEntityRepresentativesRequest>
   </soapenv:Body>
</soapenv:Envelope>]]></con:request><con:assertion type="SOAP Fault Assertion" id="f482e513-a87b-4508-a35d-29a1d03572bf" name="Not SOAP Fault"/><con:assertion type="SOAP Response" id="d7d01b3d-1a9e-4acc-b2e0-9a082c9c8a54" name="SOAP Response"/><con:assertion type="Schema Compliance" id="f3a390e2-9391-45b2-989e-caac4421e2fb" name="Schema Compliance"><con:configuration/></con:assertion><con:wsaConfig action="http://fidus.brussels/services/accessmanagerservice/getEntityRepresentatives"/></con:request></con:config></con:testStep><con:testStep type="request" id="ace08fd6-2469-40c8-9b67-30a99a81e70e" name="testcase4 - Staging - Worker1 - Request"><con:settings/><con:config xsi:type="con:RequestStep" xmlns:xsi="http://www.w3.org/2001/XMLSchema-instance"><con:interface>AccessManagerServiceHTTPBinding</con:interface><con:operation>getEntityRepresentatives</con:operation><con:request name="testcase4 - Staging - Worker1 - Request" id="2586de1b-445c-4e8b-8688-59bceda9ceb1" outgoingWss="Outflow STAG"><con:settings/><con:encoding>UTF-8</con:encoding><con:endpoint>https://192.168.24.57:8443/services/AccessManagerService_v1.0</con:endpoint><con:request><![CDATA[<soapenv:Envelope xmlns:soapenv="http://schemas.xmlsoap.org/soap/envelope/" xmlns:v1="http://fidus.brussels/service/accessmanagerservice/messages/v1" xmlns:v11="http://fidus.brussels/type/common/messages/v1" xmlns:v31="http://socialsecurity.be/umanentityrepresentative/types/v3" >
   <soapenv:Header/>
   <soapenv:Body>
      <v1:getEntityRepresentativesRequest>
         <v1:messageContext>
         	  <v11:messageId>${=import static java.util.UUID.randomUUID; uuid = randomUUID() as String}</v11:messageId>
            <v11:timestamp>${=new java.text.SimpleDateFormat("yyyy-MM-dd'T'HH:mm:ss.SSS").format(new Date())}</v11:timestamp>
         </v1:messageContext>
         <v1:legalContext>ServiceIntegrator</v1:legalContext>
         <v1:request>
            <v1:Domain>QUAL_FED_HEALTHCARE</v1:Domain>
            <v1:OrganisationId>
               <v31:Identifier>1990000431</v31:Identifier>
               <v31:IdentifierType>BEEHP</v31:IdentifierType>
            </v1:OrganisationId>
            <v1:Language>nl</v1:Language>
         </v1:request>
      </v1:getEntityRepresentativesRequest>
   </soapenv:Body>
</soapenv:Envelope>]]></con:request><con:assertion type="SOAP Fault Assertion" id="ba2b5e39-33b0-4d12-9eb1-6fbb378d1675" name="Not SOAP Fault"/><con:assertion type="SOAP Response" id="0f59f3b3-07f6-4358-8729-e05e811515ea" name="SOAP Response"/><con:assertion type="Schema Compliance" id="2e1ce15e-b350-45d2-8bb4-67325352d76e" name="Schema Compliance"><con:configuration/></con:assertion><con:wsaConfig action="http://fidus.brussels/services/accessmanagerservice/getEntityRepresentatives"/></con:request></con:config></con:testStep><con:testStep type="request" id="ac206fee-ab68-4f77-a875-7b51ceeec3af" name="testcase4 - Staging - Worker2 - Request"><con:settings/><con:config xsi:type="con:RequestStep" xmlns:xsi="http://www.w3.org/2001/XMLSchema-instance"><con:interface>AccessManagerServiceHTTPBinding</con:interface><con:operation>getEntityRepresentatives</con:operation><con:request name="testcase4 - Staging - Worker2 - Request" id="f44182e2-04fe-494c-baf7-61b17ebbc409" outgoingWss="Outflow STAG"><con:settings/><con:encoding>UTF-8</con:encoding><con:endpoint>https://192.168.24.64:8443/services/AccessManagerService_v1.0</con:endpoint><con:request><![CDATA[<soapenv:Envelope xmlns:soapenv="http://schemas.xmlsoap.org/soap/envelope/" xmlns:v1="http://fidus.brussels/service/accessmanagerservice/messages/v1" xmlns:v11="http://fidus.brussels/type/common/messages/v1" xmlns:v31="http://socialsecurity.be/umanentityrepresentative/types/v3" >
   <soapenv:Header/>
   <soapenv:Body>
      <v1:getEntityRepresentativesRequest>
         <v1:messageContext>
         	  <v11:messageId>${=import static java.util.UUID.randomUUID; uuid = randomUUID() as String}</v11:messageId>
            <v11:timestamp>${=new java.text.SimpleDateFormat("yyyy-MM-dd'T'HH:mm:ss.SSS").format(new Date())}</v11:timestamp>
         </v1:messageContext>
         <v1:legalContext>ServiceIntegrator</v1:legalContext>
         <v1:request>
            <v1:Domain>QUAL_FED_HEALTHCARE</v1:Domain>
            <v1:OrganisationId>
               <v31:Identifier>1990000431</v31:Identifier>
               <v31:IdentifierType>BEEHP</v31:IdentifierType>
            </v1:OrganisationId>
            <v1:Language>nl</v1:Language>
         </v1:request>
      </v1:getEntityRepresentativesRequest>
   </soapenv:Body>
</soapenv:Envelope>]]></con:request><con:assertion type="SOAP Fault Assertion" id="74b67e07-0f75-4d06-abf8-1b7f5c31dfca" name="Not SOAP Fault"/><con:assertion type="SOAP Response" id="70f85d71-6df6-4395-bbba-a58c37879e1c" name="SOAP Response"/><con:assertion type="Schema Compliance" id="c1cb1dcc-8743-4437-a0f0-4b5448ce1a40" name="Schema Compliance"><con:configuration/></con:assertion><con:wsaConfig action="http://fidus.brussels/services/accessmanagerservice/getEntityRepresentatives"/></con:request></con:config></con:testStep><con:testStep type="request" id="8d3c4fde-6841-4d34-afaa-c967ff21aa29" name="testcase4 - Staging - Worker1New - Request"><con:settings/><con:config xsi:type="con:RequestStep" xmlns:xsi="http://www.w3.org/2001/XMLSchema-instance"><con:interface>AccessManagerServiceHTTPBinding</con:interface><con:operation>getEntityRepresentatives</con:operation><con:request name="testcase4 - Staging - Worker1New - Request" id="5073e95d-34f6-4253-8b0c-a40a44e297bc" outgoingWss="Outflow STAG"><con:settings/><con:encoding>UTF-8</con:encoding><con:endpoint>https://192.168.24.57:8443/services/AccessManagerService_v1.0</con:endpoint><con:request><![CDATA[<soapenv:Envelope xmlns:soapenv="http://schemas.xmlsoap.org/soap/envelope/" xmlns:v1="http://fidus.brussels/service/accessmanagerservice/messages/v1" xmlns:v11="http://fidus.brussels/type/common/messages/v1" xmlns:v31="http://socialsecurity.be/umanentityrepresentative/types/v3" >
   <soapenv:Header/>
   <soapenv:Body>
      <v1:getEntityRepresentativesRequest>
         <v1:messageContext>
         	  <v11:messageId>${=import static java.util.UUID.randomUUID; uuid = randomUUID() as String}</v11:messageId>
            <v11:timestamp>${=new java.text.SimpleDateFormat("yyyy-MM-dd'T'HH:mm:ss.SSS").format(new Date())}</v11:timestamp>
         </v1:messageContext>
         <v1:legalContext>ServiceIntegrator</v1:legalContext>
         <v1:request>
            <v1:Domain>QUAL_FED_HEALTHCARE</v1:Domain>
            <v1:OrganisationId>
               <v31:Identifier>1990000431</v31:Identifier>
               <v31:IdentifierType>BEEHP</v31:IdentifierType>
            </v1:OrganisationId>
            <v1:Language>nl</v1:Language>
         </v1:request>
      </v1:getEntityRepresentativesRequest>
   </soapenv:Body>
</soapenv:Envelope>]]></con:request><con:assertion type="SOAP Fault Assertion" id="fffe86f7-ea12-4141-aacd-c94d4ebde910" name="Not SOAP Fault"/><con:assertion type="SOAP Response" id="390a938b-26ce-4e91-b2aa-0bcf6760ab06" name="SOAP Response"/><con:assertion type="Schema Compliance" id="c98b4608-3fd3-4c12-8a8f-6c88f469df52" name="Schema Compliance"><con:configuration/></con:assertion><con:wsaConfig action="http://fidus.brussels/services/accessmanagerservice/getEntityRepresentatives"/></con:request></con:config></con:testStep><con:testStep type="request" id="60270aac-9cf6-4e88-a8f4-6a14f04f098e" name="testcase4 - Staging - Worker2New - Request"><con:settings/><con:config xsi:type="con:RequestStep" xmlns:xsi="http://www.w3.org/2001/XMLSchema-instance"><con:interface>AccessManagerServiceHTTPBinding</con:interface><con:operation>getEntityRepresentatives</con:operation><con:request name="testcase4 - Staging - Worker2New - Request" id="d9123466-05ec-4ec0-a991-41ef50089b24" outgoingWss="Outflow STAG"><con:settings/><con:encoding>UTF-8</con:encoding><con:endpoint>https://192.168.24.64:8443/services/AccessManagerService_v1.0</con:endpoint><con:request><![CDATA[<soapenv:Envelope xmlns:soapenv="http://schemas.xmlsoap.org/soap/envelope/" xmlns:v1="http://fidus.brussels/service/accessmanagerservice/messages/v1" xmlns:v11="http://fidus.brussels/type/common/messages/v1" xmlns:v31="http://socialsecurity.be/umanentityrepresentative/types/v3" >
   <soapenv:Header/>
   <soapenv:Body>
      <v1:getEntityRepresentativesRequest>
         <v1:messageContext>
         	  <v11:messageId>${=import static java.util.UUID.randomUUID; uuid = randomUUID() as String}</v11:messageId>
            <v11:timestamp>${=new java.text.SimpleDateFormat("yyyy-MM-dd'T'HH:mm:ss.SSS").format(new Date())}</v11:timestamp>
         </v1:messageContext>
         <v1:legalContext>ServiceIntegrator</v1:legalContext>
         <v1:request>
            <v1:Domain>QUAL_FED_HEALTHCARE</v1:Domain>
            <v1:OrganisationId>
               <v31:Identifier>1990000431</v31:Identifier>
               <v31:IdentifierType>BEEHP</v31:IdentifierType>
            </v1:OrganisationId>
            <v1:Language>nl</v1:Language>
         </v1:request>
      </v1:getEntityRepresentativesRequest>
   </soapenv:Body>
</soapenv:Envelope>]]></con:request><con:assertion type="SOAP Fault Assertion" id="2ea33496-8d9f-4169-97ff-b43637cba95e" name="Not SOAP Fault"/><con:assertion type="SOAP Response" id="acc3a0ab-02c5-4b5b-94f7-0e860fda7083" name="SOAP Response"/><con:assertion type="Schema Compliance" id="5068fb79-f4db-471b-94d0-1742243ccdfe" name="Schema Compliance"><con:configuration/></con:assertion><con:wsaConfig action="http://fidus.brussels/services/accessmanagerservice/getEntityRepresentatives"/></con:request></con:config></con:testStep><con:testStep type="request" id="9ebed32a-e7c9-4b3c-97a0-54dacb076e17" name="testcase4 - Staging - External - Request"><con:settings/><con:config xsi:type="con:RequestStep" xmlns:xsi="http://www.w3.org/2001/XMLSchema-instance"><con:interface>AccessManagerServiceHTTPBinding</con:interface><con:operation>getEntityRepresentatives</con:operation><con:request name="testcase4 - Staging - External - Request" id="fcc930e0-7cc3-47b1-b8ee-f91b94a146e5" outgoingWss="Outflow STAG"><con:settings/><con:encoding>UTF-8</con:encoding><con:endpoint>https://fidus-esb-sg.sta.srv.cirb.lan:8443/services/AccessManagerService_v1.0</con:endpoint><con:request><![CDATA[<soapenv:Envelope xmlns:soapenv="http://schemas.xmlsoap.org/soap/envelope/" xmlns:v1="http://fidus.brussels/service/accessmanagerservice/messages/v1" xmlns:v11="http://fidus.brussels/type/common/messages/v1" xmlns:v31="http://socialsecurity.be/umanentityrepresentative/types/v3" >
   <soapenv:Header/>
   <soapenv:Body>
      <v1:getEntityRepresentativesRequest>
         <v1:messageContext>
         	  <v11:messageId>${=import static java.util.UUID.randomUUID; uuid = randomUUID() as String}</v11:messageId>
            <v11:timestamp>${=new java.text.SimpleDateFormat("yyyy-MM-dd'T'HH:mm:ss.SSS").format(new Date())}</v11:timestamp>
         </v1:messageContext>
         <v1:legalContext>ServiceIntegrator</v1:legalContext>
         <v1:request>
            <v1:Domain>QUAL_FED_HEALTHCARE</v1:Domain>
            <v1:OrganisationId>
               <v31:Identifier>1990000431</v31:Identifier>
               <v31:IdentifierType>BEEHP</v31:IdentifierType>
            </v1:OrganisationId>
            <v1:Language>nl</v1:Language>
         </v1:request>
      </v1:getEntityRepresentativesRequest>
   </soapenv:Body>
</soapenv:Envelope>]]></con:request><con:assertion type="SOAP Fault Assertion" id="a74cb49a-087a-486e-8517-4d4ecbb8556a" name="Not SOAP Fault"/><con:assertion type="SOAP Response" id="3deea53e-a9c1-4ad7-9345-0c668e126417" name="SOAP Response"/><con:assertion type="Schema Compliance" id="0482d46d-1deb-4d07-af09-3e7c1323f870" name="Schema Compliance"><con:configuration/></con:assertion><con:wsaConfig action="http://fidus.brussels/services/accessmanagerservice/getEntityRepresentatives"/></con:request></con:config></con:testStep><con:properties/></con:testCase><con:testCase id="c95215a6-e823-4e8d-9183-6f6c96fe6d4e" failOnError="true" failTestCaseOnErrors="true" keepSession="false" maxResults="0" name="getOrganisationChildNodes" searchProperties="true"><con:settings/><con:testStep type="request" id="bbb8fccd-e71e-42bb-9d53-250d5e7016fe" name="testcase4 - Staging - LB - Request"><con:settings/><con:config xsi:type="con:RequestStep" xmlns:xsi="http://www.w3.org/2001/XMLSchema-instance"><con:interface>AccessManagerServiceHTTPBinding</con:interface><con:operation>getOrganisationChildNodes</con:operation><con:request name="testcase4 - Staging - LB - Request" id="2d91be97-5c96-4485-9046-23f010c9a530" outgoingWss="Outflow STAG"><con:settings/><con:encoding>UTF-8</con:encoding><con:endpoint>https://fidus-esb-sg.sta.srv.cirb.lan:8443/services/AccessManagerService_v1.0</con:endpoint><con:request><![CDATA[<soapenv:Envelope xmlns:soapenv="http://schemas.xmlsoap.org/soap/envelope/" xmlns:v1="http://fidus.brussels/service/accessmanagerservice/messages/v1" xmlns:v11="http://fidus.brussels/type/common/messages/v1" xmlns:v31="http://socialsecurity.be/umanentityrepresentative/types/v3">
   <soapenv:Header/>
   <soapenv:Body>
      <v1:getOrganisationChildNodesRequest>
         <v1:messageContext>
         	  <v11:messageId>${=import static java.util.UUID.randomUUID; uuid = randomUUID() as String}</v11:messageId>
            <v11:timestamp>${=new java.text.SimpleDateFormat("yyyy-MM-dd'T'HH:mm:ss.SSS").format(new Date())}</v11:timestamp>
         </v1:messageContext>
         <v1:legalContext>ServiceIntegrator</v1:legalContext>
         <v1:request>
            <v1:Domain>QUAL_FED_HEALTHCARE</v1:Domain>
            <v1:OrganisationId>
               <v31:Identifier>1990000431</v31:Identifier>
               <v31:IdentifierType>BEEHP</v31:IdentifierType>
            </v1:OrganisationId>
            <v1:Language>nl</v1:Language>
         </v1:request>
      </v1:getOrganisationChildNodesRequest>
   </soapenv:Body>
</soapenv:Envelope>]]></con:request><con:assertion type="SOAP Fault Assertion" id="1f0c9ac1-07b8-46ea-8c06-41b159fdeb4d" name="Not SOAP Fault"/><con:assertion type="SOAP Response" id="28ca4d2a-ad1b-40d6-b12f-8f1f18ce1837" name="SOAP Response"/><con:assertion type="Schema Compliance" id="8ade4d67-ce03-4133-98ef-f9ce84c3d2fe" name="Schema Compliance"><con:configuration/></con:assertion><con:wsaConfig action="http://fidus.brussels/services/accessmanagerservice/getOrganisationChildNodes"/></con:request></con:config></con:testStep><con:testStep type="request" id="f3209719-e2ae-4ad0-b6f5-3f65c8eacfcb" name="testcase4 - Staging - Worker1 - Request"><con:settings/><con:config xsi:type="con:RequestStep" xmlns:xsi="http://www.w3.org/2001/XMLSchema-instance"><con:interface>AccessManagerServiceHTTPBinding</con:interface><con:operation>getOrganisationChildNodes</con:operation><con:request name="testcase4 - Staging - Worker1 - Request" id="b2c7f986-36c7-4f48-bb03-5c6e50f1d9e1" outgoingWss="Outflow STAG"><con:settings/><con:encoding>UTF-8</con:encoding><con:endpoint>https://192.168.24.57:8443/services/AccessManagerService_v1.0</con:endpoint><con:request><![CDATA[<soapenv:Envelope xmlns:soapenv="http://schemas.xmlsoap.org/soap/envelope/" xmlns:v1="http://fidus.brussels/service/accessmanagerservice/messages/v1" xmlns:v11="http://fidus.brussels/type/common/messages/v1" xmlns:v31="http://socialsecurity.be/umanentityrepresentative/types/v3">
   <soapenv:Header/>
   <soapenv:Body>
      <v1:getOrganisationChildNodesRequest>
         <v1:messageContext>
         	  <v11:messageId>${=import static java.util.UUID.randomUUID; uuid = randomUUID() as String}</v11:messageId>
            <v11:timestamp>${=new java.text.SimpleDateFormat("yyyy-MM-dd'T'HH:mm:ss.SSS").format(new Date())}</v11:timestamp>
         </v1:messageContext>
         <v1:legalContext>ServiceIntegrator</v1:legalContext>
         <v1:request>
            <v1:Domain>QUAL_FED_HEALTHCARE</v1:Domain>
            <v1:OrganisationId>
               <v31:Identifier>1990000431</v31:Identifier>
               <v31:IdentifierType>BEEHP</v31:IdentifierType>
            </v1:OrganisationId>
            <v1:Language>nl</v1:Language>
         </v1:request>
      </v1:getOrganisationChildNodesRequest>
   </soapenv:Body>
</soapenv:Envelope>]]></con:request><con:assertion type="SOAP Fault Assertion" id="452ff1ad-9d4d-46ac-95ff-e31105528859" name="Not SOAP Fault"/><con:assertion type="SOAP Response" id="bf483d1d-5b3e-4009-aaec-8f0ff212ebb8" name="SOAP Response"/><con:assertion type="Schema Compliance" id="8bc78cb1-0b29-4e50-8fb2-18ed7d9f6099" name="Schema Compliance"><con:configuration/></con:assertion><con:wsaConfig action="http://fidus.brussels/services/accessmanagerservice/getOrganisationChildNodes"/></con:request></con:config></con:testStep><con:testStep type="request" id="7efc69c3-0a0c-4e52-80a8-2243bbef9091" name="testcase4 - Staging - Worker2 - Request"><con:settings/><con:config xsi:type="con:RequestStep" xmlns:xsi="http://www.w3.org/2001/XMLSchema-instance"><con:interface>AccessManagerServiceHTTPBinding</con:interface><con:operation>getOrganisationChildNodes</con:operation><con:request name="testcase4 - Staging - Worker2 - Request" id="a64b6ea0-899c-4290-946c-304a11eebfa1" outgoingWss="Outflow STAG"><con:settings/><con:encoding>UTF-8</con:encoding><con:endpoint>https://192.168.24.64:8443/services/AccessManagerService_v1.0</con:endpoint><con:request><![CDATA[<soapenv:Envelope xmlns:soapenv="http://schemas.xmlsoap.org/soap/envelope/" xmlns:v1="http://fidus.brussels/service/accessmanagerservice/messages/v1" xmlns:v11="http://fidus.brussels/type/common/messages/v1" xmlns:v31="http://socialsecurity.be/umanentityrepresentative/types/v3">
   <soapenv:Header/>
   <soapenv:Body>
      <v1:getOrganisationChildNodesRequest>
         <v1:messageContext>
         	  <v11:messageId>${=import static java.util.UUID.randomUUID; uuid = randomUUID() as String}</v11:messageId>
            <v11:timestamp>${=new java.text.SimpleDateFormat("yyyy-MM-dd'T'HH:mm:ss.SSS").format(new Date())}</v11:timestamp>
         </v1:messageContext>
         <v1:legalContext>ServiceIntegrator</v1:legalContext>
         <v1:request>
            <v1:Domain>QUAL_FED_HEALTHCARE</v1:Domain>
            <v1:OrganisationId>
               <v31:Identifier>1990000431</v31:Identifier>
               <v31:IdentifierType>BEEHP</v31:IdentifierType>
            </v1:OrganisationId>
            <v1:Language>nl</v1:Language>
         </v1:request>
      </v1:getOrganisationChildNodesRequest>
   </soapenv:Body>
</soapenv:Envelope>]]></con:request><con:assertion type="SOAP Fault Assertion" id="d41fa6cf-cb1b-42d8-82cc-3b48db06c77a" name="Not SOAP Fault"/><con:assertion type="SOAP Response" id="9cdb0875-721b-42ff-9ef8-912b65490168" name="SOAP Response"/><con:assertion type="Schema Compliance" id="95193dcf-920f-4ed8-b949-204f18e715f9" name="Schema Compliance"><con:configuration/></con:assertion><con:wsaConfig action="http://fidus.brussels/services/accessmanagerservice/getOrganisationChildNodes"/></con:request></con:config></con:testStep><con:testStep type="request" id="d732a1c1-8807-4e39-b572-765ff511a65f" name="testcase4 - Staging - Worker1New - Request"><con:settings/><con:config xsi:type="con:RequestStep" xmlns:xsi="http://www.w3.org/2001/XMLSchema-instance"><con:interface>AccessManagerServiceHTTPBinding</con:interface><con:operation>getOrganisationChildNodes</con:operation><con:request name="testcase4 - Staging - Worker1New - Request" id="9a384f11-2b5f-4f6a-8e4b-6698c58a8e60" outgoingWss="Outflow STAG"><con:settings/><con:encoding>UTF-8</con:encoding><con:endpoint>https://192.168.24.57:8443/services/AccessManagerService_v1.0</con:endpoint><con:request><![CDATA[<soapenv:Envelope xmlns:soapenv="http://schemas.xmlsoap.org/soap/envelope/" xmlns:v1="http://fidus.brussels/service/accessmanagerservice/messages/v1" xmlns:v11="http://fidus.brussels/type/common/messages/v1" xmlns:v31="http://socialsecurity.be/umanentityrepresentative/types/v3">
   <soapenv:Header/>
   <soapenv:Body>
      <v1:getOrganisationChildNodesRequest>
         <v1:messageContext>
         	  <v11:messageId>${=import static java.util.UUID.randomUUID; uuid = randomUUID() as String}</v11:messageId>
            <v11:timestamp>${=new java.text.SimpleDateFormat("yyyy-MM-dd'T'HH:mm:ss.SSS").format(new Date())}</v11:timestamp>
         </v1:messageContext>
         <v1:legalContext>ServiceIntegrator</v1:legalContext>
         <v1:request>
            <v1:Domain>QUAL_FED_HEALTHCARE</v1:Domain>
            <v1:OrganisationId>
               <v31:Identifier>1990000431</v31:Identifier>
               <v31:IdentifierType>BEEHP</v31:IdentifierType>
            </v1:OrganisationId>
            <v1:Language>nl</v1:Language>
         </v1:request>
      </v1:getOrganisationChildNodesRequest>
   </soapenv:Body>
</soapenv:Envelope>]]></con:request><con:assertion type="SOAP Fault Assertion" id="7dc564dc-ebef-4c04-8adb-fc9c55f3a1fb" name="Not SOAP Fault"/><con:assertion type="SOAP Response" id="cc0148b7-2035-4646-aaa3-806e3830f21f" name="SOAP Response"/><con:assertion type="Schema Compliance" id="e224e761-8781-40a6-8a40-4e8a71580f0b" name="Schema Compliance"><con:configuration/></con:assertion><con:wsaConfig action="http://fidus.brussels/services/accessmanagerservice/getOrganisationChildNodes"/></con:request></con:config></con:testStep><con:testStep type="request" id="f969012c-f422-49e3-a70b-a8a9eb8dbe48" name="testcase4 - Staging - Worker2New - Request"><con:settings/><con:config xsi:type="con:RequestStep" xmlns:xsi="http://www.w3.org/2001/XMLSchema-instance"><con:interface>AccessManagerServiceHTTPBinding</con:interface><con:operation>getOrganisationChildNodes</con:operation><con:request name="testcase4 - Staging - Worker2New - Request" id="eef378e8-b3d0-4ce6-bb4f-eb03f99629f8" outgoingWss="Outflow STAG"><con:settings/><con:encoding>UTF-8</con:encoding><con:endpoint>https://192.168.24.64:8443/services/AccessManagerService_v1.0</con:endpoint><con:request><![CDATA[<soapenv:Envelope xmlns:soapenv="http://schemas.xmlsoap.org/soap/envelope/" xmlns:v1="http://fidus.brussels/service/accessmanagerservice/messages/v1" xmlns:v11="http://fidus.brussels/type/common/messages/v1" xmlns:v31="http://socialsecurity.be/umanentityrepresentative/types/v3">
   <soapenv:Header/>
   <soapenv:Body>
      <v1:getOrganisationChildNodesRequest>
         <v1:messageContext>
         	  <v11:messageId>${=import static java.util.UUID.randomUUID; uuid = randomUUID() as String}</v11:messageId>
            <v11:timestamp>${=new java.text.SimpleDateFormat("yyyy-MM-dd'T'HH:mm:ss.SSS").format(new Date())}</v11:timestamp>
         </v1:messageContext>
         <v1:legalContext>ServiceIntegrator</v1:legalContext>
         <v1:request>
            <v1:Domain>QUAL_FED_HEALTHCARE</v1:Domain>
            <v1:OrganisationId>
               <v31:Identifier>1990000431</v31:Identifier>
               <v31:IdentifierType>BEEHP</v31:IdentifierType>
            </v1:OrganisationId>
            <v1:Language>nl</v1:Language>
         </v1:request>
      </v1:getOrganisationChildNodesRequest>
   </soapenv:Body>
</soapenv:Envelope>]]></con:request><con:assertion type="SOAP Fault Assertion" id="d5e31400-9f1b-489e-b341-685f6fe4bd72" name="Not SOAP Fault"/><con:assertion type="SOAP Response" id="7222922a-212d-435f-b344-5769a87befd5" name="SOAP Response"/><con:assertion type="Schema Compliance" id="ab01e962-ccda-479a-ac82-03145ea99c46" name="Schema Compliance"><con:configuration/></con:assertion><con:wsaConfig action="http://fidus.brussels/services/accessmanagerservice/getOrganisationChildNodes"/></con:request></con:config></con:testStep><con:testStep type="request" id="cf3ca096-6513-4c91-8d65-c4fbe08f9d66" name="testcase4 - Staging - External - Request"><con:settings/><con:config xsi:type="con:RequestStep" xmlns:xsi="http://www.w3.org/2001/XMLSchema-instance"><con:interface>AccessManagerServiceHTTPBinding</con:interface><con:operation>getOrganisationChildNodes</con:operation><con:request name="testcase4 - Staging - External - Request" id="6b2546a6-e051-4b57-863f-fadbf7949125" outgoingWss="Outflow STAG"><con:settings/><con:encoding>UTF-8</con:encoding><con:endpoint>https://fidus-esb-sg.sta.srv.cirb.lan:8443/services/AccessManagerService_v1.0</con:endpoint><con:request><![CDATA[<soapenv:Envelope xmlns:soapenv="http://schemas.xmlsoap.org/soap/envelope/" xmlns:v1="http://fidus.brussels/service/accessmanagerservice/messages/v1" xmlns:v11="http://fidus.brussels/type/common/messages/v1" xmlns:v31="http://socialsecurity.be/umanentityrepresentative/types/v3">
   <soapenv:Header/>
   <soapenv:Body>
      <v1:getOrganisationChildNodesRequest>
         <v1:messageContext>
         	  <v11:messageId>${=import static java.util.UUID.randomUUID; uuid = randomUUID() as String}</v11:messageId>
            <v11:timestamp>${=new java.text.SimpleDateFormat("yyyy-MM-dd'T'HH:mm:ss.SSS").format(new Date())}</v11:timestamp>
         </v1:messageContext>
         <v1:legalContext>ServiceIntegrator</v1:legalContext>
         <v1:request>
            <v1:Domain>QUAL_FED_HEALTHCARE</v1:Domain>
            <v1:OrganisationId>
               <v31:Identifier>1990000431</v31:Identifier>
               <v31:IdentifierType>BEEHP</v31:IdentifierType>
            </v1:OrganisationId>
            <v1:Language>nl</v1:Language>
         </v1:request>
      </v1:getOrganisationChildNodesRequest>
   </soapenv:Body>
</soapenv:Envelope>]]></con:request><con:assertion type="SOAP Fault Assertion" id="3eedd0f0-4e7b-410c-aeae-8022515277eb" name="Not SOAP Fault"/><con:assertion type="SOAP Response" id="42e51695-71df-4699-b160-12573e248baa" name="SOAP Response"/><con:assertion type="Schema Compliance" id="01097a28-1921-4e61-a8a8-a7d9ec96665e" name="Schema Compliance"><con:configuration/></con:assertion><con:wsaConfig action="http://fidus.brussels/services/accessmanagerservice/getOrganisationChildNodes"/></con:request></con:config></con:testStep><con:properties/></con:testCase><con:testCase id="20a2833f-5e3c-45e0-98fa-b5bd3c802ca1" failOnError="true" failTestCaseOnErrors="true" keepSession="false" maxResults="0" name="getOrganisationDenomination" searchProperties="true"><con:settings/><con:testStep type="request" id="f4db24cd-00f1-4c22-b4e2-04199b2e6df9" name="testcase4 - Staging - LB - Request"><con:settings/><con:config xsi:type="con:RequestStep" xmlns:xsi="http://www.w3.org/2001/XMLSchema-instance"><con:interface>AccessManagerServiceHTTPBinding</con:interface><con:operation>getOrganisationDenomination</con:operation><con:request name="testcase4 - Staging - LB - Request" id="5dda6e7d-06d8-45db-8f1a-32f7ddef5cb4" outgoingWss="Outflow STAG"><con:settings/><con:encoding>UTF-8</con:encoding><con:endpoint>https://fidus-esb-sg.sta.srv.cirb.lan:8443/services/AccessManagerService_v1.0</con:endpoint><con:request><![CDATA[<soapenv:Envelope xmlns:soapenv="http://schemas.xmlsoap.org/soap/envelope/" xmlns:v1="http://fidus.brussels/service/accessmanagerservice/messages/v1" xmlns:v11="http://fidus.brussels/type/common/messages/v1" xmlns:v31="http://socialsecurity.be/umanentityrepresentative/types/v3">
   <soapenv:Header/>
   <soapenv:Body>
      <v1:getOrganisationDenominationRequest>
         <v1:messageContext>
         	  <v11:messageId>${=import static java.util.UUID.randomUUID; uuid = randomUUID() as String}</v11:messageId>
            <v11:timestamp>${=new java.text.SimpleDateFormat("yyyy-MM-dd'T'HH:mm:ss.SSS").format(new Date())}</v11:timestamp>
         </v1:messageContext>
         <v1:legalContext>ServiceIntegrator</v1:legalContext>
         <v1:request>
            <v1:Domain>QUAL_FED_HEALTHCARE</v1:Domain>
            <v1:OrganisationId>
               <v31:Identifier>1990000431</v31:Identifier>
               <v31:IdentifierType>BEEHP</v31:IdentifierType>
            </v1:OrganisationId>
            <v1:Language>nl</v1:Language>
         </v1:request>
      </v1:getOrganisationDenominationRequest>
   </soapenv:Body>
</soapenv:Envelope>]]></con:request><con:assertion type="SOAP Fault Assertion" id="be3d4b91-6de6-45ab-84f7-09847c1cec75" name="Not SOAP Fault"/><con:assertion type="SOAP Response" id="3f356026-75a8-4394-b416-821dc901578f" name="SOAP Response"/><con:assertion type="Schema Compliance" id="990ffcef-6d55-46d7-adb5-372122bc7602" name="Schema Compliance"><con:configuration/></con:assertion><con:wsaConfig action="http://fidus.brussels/services/accessmanagerservice/getOrganisationDenomination"/></con:request></con:config></con:testStep><con:testStep type="request" id="bb1397c6-1d18-4f2c-ac2d-967a6081e107" name="testcase4 - Staging - Worker1 - Request"><con:settings/><con:config xsi:type="con:RequestStep" xmlns:xsi="http://www.w3.org/2001/XMLSchema-instance"><con:interface>AccessManagerServiceHTTPBinding</con:interface><con:operation>getOrganisationDenomination</con:operation><con:request name="testcase4 - Staging - Worker1 - Request" id="f064f1af-8c35-4dd7-bd6d-c5fb5b163e7f" outgoingWss="Outflow STAG"><con:settings/><con:encoding>UTF-8</con:encoding><con:endpoint>https://192.168.24.57:8443/services/AccessManagerService_v1.0</con:endpoint><con:request><![CDATA[<soapenv:Envelope xmlns:soapenv="http://schemas.xmlsoap.org/soap/envelope/" xmlns:v1="http://fidus.brussels/service/accessmanagerservice/messages/v1" xmlns:v11="http://fidus.brussels/type/common/messages/v1" xmlns:v31="http://socialsecurity.be/umanentityrepresentative/types/v3">
   <soapenv:Header/>
   <soapenv:Body>
      <v1:getOrganisationDenominationRequest>
         <v1:messageContext>
         	  <v11:messageId>${=import static java.util.UUID.randomUUID; uuid = randomUUID() as String}</v11:messageId>
            <v11:timestamp>${=new java.text.SimpleDateFormat("yyyy-MM-dd'T'HH:mm:ss.SSS").format(new Date())}</v11:timestamp>
         </v1:messageContext>
         <v1:legalContext>ServiceIntegrator</v1:legalContext>
         <v1:request>
            <v1:Domain>QUAL_FED_HEALTHCARE</v1:Domain>
            <v1:OrganisationId>
               <v31:Identifier>1990000431</v31:Identifier>
               <v31:IdentifierType>BEEHP</v31:IdentifierType>
            </v1:OrganisationId>
            <v1:Language>nl</v1:Language>
         </v1:request>
      </v1:getOrganisationDenominationRequest>
   </soapenv:Body>
</soapenv:Envelope>]]></con:request><con:assertion type="SOAP Fault Assertion" id="277e437f-5950-46c1-81f1-4e627e8def7a" name="Not SOAP Fault"/><con:assertion type="SOAP Response" id="dc851cd3-8ef5-4f4b-a183-0432db785783" name="SOAP Response"/><con:assertion type="Schema Compliance" id="c49a1980-aa25-4a2b-9ddf-3c81238bcd66" name="Schema Compliance"><con:configuration/></con:assertion><con:wsaConfig action="http://fidus.brussels/services/accessmanagerservice/getOrganisationDenomination"/></con:request></con:config></con:testStep><con:testStep type="request" id="d50b3ea3-b92c-4f34-bacc-69daa3d254c3" name="testcase4 - Staging - Worker2 - Request"><con:settings/><con:config xsi:type="con:RequestStep" xmlns:xsi="http://www.w3.org/2001/XMLSchema-instance"><con:interface>AccessManagerServiceHTTPBinding</con:interface><con:operation>getOrganisationDenomination</con:operation><con:request name="testcase4 - Staging - Worker2 - Request" id="37698674-ac0f-4aee-87c2-831eb2ec1d74" outgoingWss="Outflow STAG"><con:settings/><con:encoding>UTF-8</con:encoding><con:endpoint>https://192.168.24.64:8443/services/AccessManagerService_v1.0</con:endpoint><con:request><![CDATA[<soapenv:Envelope xmlns:soapenv="http://schemas.xmlsoap.org/soap/envelope/" xmlns:v1="http://fidus.brussels/service/accessmanagerservice/messages/v1" xmlns:v11="http://fidus.brussels/type/common/messages/v1" xmlns:v31="http://socialsecurity.be/umanentityrepresentative/types/v3">
   <soapenv:Header/>
   <soapenv:Body>
      <v1:getOrganisationDenominationRequest>
         <v1:messageContext>
         	  <v11:messageId>${=import static java.util.UUID.randomUUID; uuid = randomUUID() as String}</v11:messageId>
            <v11:timestamp>${=new java.text.SimpleDateFormat("yyyy-MM-dd'T'HH:mm:ss.SSS").format(new Date())}</v11:timestamp>
         </v1:messageContext>
         <v1:legalContext>ServiceIntegrator</v1:legalContext>
         <v1:request>
            <v1:Domain>QUAL_FED_HEALTHCARE</v1:Domain>
            <v1:OrganisationId>
               <v31:Identifier>1990000431</v31:Identifier>
               <v31:IdentifierType>BEEHP</v31:IdentifierType>
            </v1:OrganisationId>
            <v1:Language>nl</v1:Language>
         </v1:request>
      </v1:getOrganisationDenominationRequest>
   </soapenv:Body>
</soapenv:Envelope>]]></con:request><con:assertion type="SOAP Fault Assertion" id="c76fdb8c-14cb-4321-b963-41cb97af3bda" name="Not SOAP Fault"/><con:assertion type="SOAP Response" id="49b44838-85b3-45c9-bfe5-2babc0b2b040" name="SOAP Response"/><con:assertion type="Schema Compliance" id="6ce690a0-7103-4c32-8920-c14e5fde76a4" name="Schema Compliance"><con:configuration/></con:assertion><con:wsaConfig action="http://fidus.brussels/services/accessmanagerservice/getOrganisationDenomination"/></con:request></con:config></con:testStep><con:testStep type="request" id="f1ccdb95-85f5-4edf-95af-7edae6d25828" name="testcase4 - Staging - Worker1New - Request"><con:settings/><con:config xsi:type="con:RequestStep" xmlns:xsi="http://www.w3.org/2001/XMLSchema-instance"><con:interface>AccessManagerServiceHTTPBinding</con:interface><con:operation>getOrganisationDenomination</con:operation><con:request name="testcase4 - Staging - Worker1New - Request" id="7bca90ce-3bc5-4f81-bd1d-5debe8dd2373" outgoingWss="Outflow STAG"><con:settings/><con:encoding>UTF-8</con:encoding><con:endpoint>https://192.168.24.57:8443/services/AccessManagerService_v1.0</con:endpoint><con:request><![CDATA[<soapenv:Envelope xmlns:soapenv="http://schemas.xmlsoap.org/soap/envelope/" xmlns:v1="http://fidus.brussels/service/accessmanagerservice/messages/v1" xmlns:v11="http://fidus.brussels/type/common/messages/v1" xmlns:v31="http://socialsecurity.be/umanentityrepresentative/types/v3">
   <soapenv:Header/>
   <soapenv:Body>
      <v1:getOrganisationDenominationRequest>
         <v1:messageContext>
         	  <v11:messageId>${=import static java.util.UUID.randomUUID; uuid = randomUUID() as String}</v11:messageId>
            <v11:timestamp>${=new java.text.SimpleDateFormat("yyyy-MM-dd'T'HH:mm:ss.SSS").format(new Date())}</v11:timestamp>
         </v1:messageContext>
         <v1:legalContext>ServiceIntegrator</v1:legalContext>
         <v1:request>
            <v1:Domain>QUAL_FED_HEALTHCARE</v1:Domain>
            <v1:OrganisationId>
               <v31:Identifier>1990000431</v31:Identifier>
               <v31:IdentifierType>BEEHP</v31:IdentifierType>
            </v1:OrganisationId>
            <v1:Language>nl</v1:Language>
         </v1:request>
      </v1:getOrganisationDenominationRequest>
   </soapenv:Body>
</soapenv:Envelope>]]></con:request><con:assertion type="SOAP Fault Assertion" id="a8937ff7-6bb0-4a19-aa4e-97ef13512cb3" name="Not SOAP Fault"/><con:assertion type="SOAP Response" id="540a1250-fa67-4dd5-9ab4-c0c696e461eb" name="SOAP Response"/><con:assertion type="Schema Compliance" id="99252d9d-9a6c-438b-a209-0c2542031a62" name="Schema Compliance"><con:configuration/></con:assertion><con:wsaConfig action="http://fidus.brussels/services/accessmanagerservice/getOrganisationDenomination"/></con:request></con:config></con:testStep><con:testStep type="request" id="99b7db9e-29c8-4e85-80d3-7ff44a14d210" name="testcase4 - Staging - Worker2New - Request"><con:settings/><con:config xsi:type="con:RequestStep" xmlns:xsi="http://www.w3.org/2001/XMLSchema-instance"><con:interface>AccessManagerServiceHTTPBinding</con:interface><con:operation>getOrganisationDenomination</con:operation><con:request name="testcase4 - Staging - Worker2New - Request" id="8bff0163-cc6d-4596-b154-d2c7b7591deb" outgoingWss="Outflow STAG"><con:settings/><con:encoding>UTF-8</con:encoding><con:endpoint>https://192.168.24.64:8443/services/AccessManagerService_v1.0</con:endpoint><con:request><![CDATA[<soapenv:Envelope xmlns:soapenv="http://schemas.xmlsoap.org/soap/envelope/" xmlns:v1="http://fidus.brussels/service/accessmanagerservice/messages/v1" xmlns:v11="http://fidus.brussels/type/common/messages/v1" xmlns:v31="http://socialsecurity.be/umanentityrepresentative/types/v3">
   <soapenv:Header/>
   <soapenv:Body>
      <v1:getOrganisationDenominationRequest>
         <v1:messageContext>
         	  <v11:messageId>${=import static java.util.UUID.randomUUID; uuid = randomUUID() as String}</v11:messageId>
            <v11:timestamp>${=new java.text.SimpleDateFormat("yyyy-MM-dd'T'HH:mm:ss.SSS").format(new Date())}</v11:timestamp>
         </v1:messageContext>
         <v1:legalContext>ServiceIntegrator</v1:legalContext>
         <v1:request>
            <v1:Domain>QUAL_FED_HEALTHCARE</v1:Domain>
            <v1:OrganisationId>
               <v31:Identifier>1990000431</v31:Identifier>
               <v31:IdentifierType>BEEHP</v31:IdentifierType>
            </v1:OrganisationId>
            <v1:Language>nl</v1:Language>
         </v1:request>
      </v1:getOrganisationDenominationRequest>
   </soapenv:Body>
</soapenv:Envelope>]]></con:request><con:assertion type="SOAP Fault Assertion" id="d5028154-15f2-4284-b125-86b7b9615901" name="Not SOAP Fault"/><con:assertion type="SOAP Response" id="0405429d-dfc4-4f50-a961-d06b5f83f5a8" name="SOAP Response"/><con:assertion type="Schema Compliance" id="06d6773c-6d23-423f-857e-fb49ba9f4590" name="Schema Compliance"><con:configuration/></con:assertion><con:wsaConfig action="http://fidus.brussels/services/accessmanagerservice/getOrganisationDenomination"/></con:request></con:config></con:testStep><con:testStep type="request" id="d2a6b339-7e1f-4129-8248-423e44217530" name="testcase4 - Staging - External - Request"><con:settings/><con:config xsi:type="con:RequestStep" xmlns:xsi="http://www.w3.org/2001/XMLSchema-instance"><con:interface>AccessManagerServiceHTTPBinding</con:interface><con:operation>getOrganisationDenomination</con:operation><con:request name="testcase4 - Staging - External - Request" id="6c5080f9-bd3d-4b16-a2a9-614bd2e5e422" outgoingWss="Outflow STAG"><con:settings/><con:encoding>UTF-8</con:encoding><con:endpoint>https://fidus-esb-sg.sta.srv.cirb.lan:8443/services/AccessManagerService_v1.0</con:endpoint><con:request><![CDATA[<soapenv:Envelope xmlns:soapenv="http://schemas.xmlsoap.org/soap/envelope/" xmlns:v1="http://fidus.brussels/service/accessmanagerservice/messages/v1" xmlns:v11="http://fidus.brussels/type/common/messages/v1" xmlns:v31="http://socialsecurity.be/umanentityrepresentative/types/v3">
   <soapenv:Header/>
   <soapenv:Body>
      <v1:getOrganisationDenominationRequest>
         <v1:messageContext>
         	  <v11:messageId>${=import static java.util.UUID.randomUUID; uuid = randomUUID() as String}</v11:messageId>
            <v11:timestamp>${=new java.text.SimpleDateFormat("yyyy-MM-dd'T'HH:mm:ss.SSS").format(new Date())}</v11:timestamp>
         </v1:messageContext>
         <v1:legalContext>ServiceIntegrator</v1:legalContext>
         <v1:request>
            <v1:Domain>QUAL_FED_HEALTHCARE</v1:Domain>
            <v1:OrganisationId>
               <v31:Identifier>1990000431</v31:Identifier>
               <v31:IdentifierType>BEEHP</v31:IdentifierType>
            </v1:OrganisationId>
            <v1:Language>nl</v1:Language>
         </v1:request>
      </v1:getOrganisationDenominationRequest>
   </soapenv:Body>
</soapenv:Envelope>]]></con:request><con:assertion type="SOAP Fault Assertion" id="9639896f-1231-477f-939d-574760cad6f7" name="Not SOAP Fault"/><con:assertion type="SOAP Response" id="30aba4f7-f59b-4d68-a109-c0fb911bc2d4" name="SOAP Response"/><con:assertion type="Schema Compliance" id="6f687a49-dad5-4362-a59a-7aa09ac5cf43" name="Schema Compliance"><con:configuration/></con:assertion><con:wsaConfig action="http://fidus.brussels/services/accessmanagerservice/getOrganisationDenomination"/></con:request></con:config></con:testStep><con:properties/></con:testCase><con:testCase id="e78600b3-9829-434f-9d4c-863ca6057fae" failOnError="true" failTestCaseOnErrors="true" keepSession="false" maxResults="0" name="getOrganisationParentNodes" searchProperties="true"><con:settings/><con:testStep type="request" id="ef703ab0-89fc-43a3-baa6-e6aadffc0df0" name="testcase4 - Staging - LB - Request"><con:settings/><con:config xsi:type="con:RequestStep" xmlns:xsi="http://www.w3.org/2001/XMLSchema-instance"><con:interface>AccessManagerServiceHTTPBinding</con:interface><con:operation>getOrganisationParentNodes</con:operation><con:request name="testcase4 - Staging - LB - Request" id="7ba13c69-9bc3-4329-9785-83d4d2b7f351" outgoingWss="Outflow STAG"><con:settings/><con:encoding>UTF-8</con:encoding><con:endpoint>https://fidus-esb-sg.sta.srv.cirb.lan:8443/services/AccessManagerService_v1.0</con:endpoint><con:request><![CDATA[<soapenv:Envelope xmlns:soapenv="http://schemas.xmlsoap.org/soap/envelope/" xmlns:v1="http://fidus.brussels/service/accessmanagerservice/messages/v1" xmlns:v11="http://fidus.brussels/type/common/messages/v1" xmlns:v31="http://socialsecurity.be/umanentityrepresentative/types/v3">
   <soapenv:Header/>
   <soapenv:Body>
      <v1:getOrganisationParentNodesRequest>
         <v1:messageContext>
         	  <v11:messageId>${=import static java.util.UUID.randomUUID; uuid = randomUUID() as String}</v11:messageId>
            <v11:timestamp>${=new java.text.SimpleDateFormat("yyyy-MM-dd'T'HH:mm:ss.SSS").format(new Date())}</v11:timestamp>
         </v1:messageContext>
         <v1:legalContext>ServiceIntegrator</v1:legalContext>
         <v1:request>
            <v1:Domain>QUAL_FED_HEALTHCARE</v1:Domain>
            <v1:OrganisationId>
               <v31:Identifier>1990000431</v31:Identifier>
               <v31:IdentifierType>BEEHP</v31:IdentifierType>
            </v1:OrganisationId>
            <v1:Language>nl</v1:Language>
         </v1:request>
      </v1:getOrganisationParentNodesRequest>
   </soapenv:Body>
</soapenv:Envelope>]]></con:request><con:assertion type="SOAP Fault Assertion" id="5d78a309-3e5e-4c81-bbad-e4f128dd648b" name="Not SOAP Fault"/><con:assertion type="SOAP Response" id="de59ea9f-fd5d-4210-8639-16e7e2ac5a60" name="SOAP Response"/><con:assertion type="Schema Compliance" id="24487904-f825-46ac-bac4-f7cbb1292487" name="Schema Compliance"><con:configuration/></con:assertion><con:wsaConfig action="http://fidus.brussels/services/accessmanagerservice/getOrganisationParentNodes"/></con:request></con:config></con:testStep><con:testStep type="request" id="de8304c2-4ac2-47fe-80fe-ad58b34eca12" name="testcase4 - Staging - Worker1 - Request"><con:settings/><con:config xsi:type="con:RequestStep" xmlns:xsi="http://www.w3.org/2001/XMLSchema-instance"><con:interface>AccessManagerServiceHTTPBinding</con:interface><con:operation>getOrganisationParentNodes</con:operation><con:request name="testcase4 - Staging - Worker1 - Request" id="06003a97-461a-479f-a2ce-f521b9ae90cd" outgoingWss="Outflow STAG"><con:settings/><con:encoding>UTF-8</con:encoding><con:endpoint>https://192.168.24.57:8443/services/AccessManagerService_v1.0</con:endpoint><con:request><![CDATA[<soapenv:Envelope xmlns:soapenv="http://schemas.xmlsoap.org/soap/envelope/" xmlns:v1="http://fidus.brussels/service/accessmanagerservice/messages/v1" xmlns:v11="http://fidus.brussels/type/common/messages/v1" xmlns:v31="http://socialsecurity.be/umanentityrepresentative/types/v3">
   <soapenv:Header/>
   <soapenv:Body>
      <v1:getOrganisationParentNodesRequest>
         <v1:messageContext>
         	  <v11:messageId>${=import static java.util.UUID.randomUUID; uuid = randomUUID() as String}</v11:messageId>
            <v11:timestamp>${=new java.text.SimpleDateFormat("yyyy-MM-dd'T'HH:mm:ss.SSS").format(new Date())}</v11:timestamp>
         </v1:messageContext>
         <v1:legalContext>ServiceIntegrator</v1:legalContext>
         <v1:request>
            <v1:Domain>QUAL_FED_HEALTHCARE</v1:Domain>
            <v1:OrganisationId>
               <v31:Identifier>1990000431</v31:Identifier>
               <v31:IdentifierType>BEEHP</v31:IdentifierType>
            </v1:OrganisationId>
            <v1:Language>nl</v1:Language>
         </v1:request>
      </v1:getOrganisationParentNodesRequest>
   </soapenv:Body>
</soapenv:Envelope>]]></con:request><con:assertion type="SOAP Fault Assertion" id="1f56a541-e08b-4c0f-ba54-170d1be1be5a" name="Not SOAP Fault"/><con:assertion type="SOAP Response" id="49ac4e77-6e6b-478d-b836-bb9db300b067" name="SOAP Response"/><con:assertion type="Schema Compliance" id="1672ec13-c166-4af6-9ea1-bded9d3a4fc1" name="Schema Compliance"><con:configuration/></con:assertion><con:wsaConfig action="http://fidus.brussels/services/accessmanagerservice/getOrganisationParentNodes"/></con:request></con:config></con:testStep><con:testStep type="request" id="51d0daa8-61ca-4627-890f-7cc105fb25b2" name="testcase4 - Staging - Worker2 - Request"><con:settings/><con:config xsi:type="con:RequestStep" xmlns:xsi="http://www.w3.org/2001/XMLSchema-instance"><con:interface>AccessManagerServiceHTTPBinding</con:interface><con:operation>getOrganisationParentNodes</con:operation><con:request name="testcase4 - Staging - Worker2 - Request" id="2085be93-4ff4-4f3c-b39d-e739639c4a63" outgoingWss="Outflow STAG"><con:settings/><con:encoding>UTF-8</con:encoding><con:endpoint>https://192.168.24.64:8443/services/AccessManagerService_v1.0</con:endpoint><con:request><![CDATA[<soapenv:Envelope xmlns:soapenv="http://schemas.xmlsoap.org/soap/envelope/" xmlns:v1="http://fidus.brussels/service/accessmanagerservice/messages/v1" xmlns:v11="http://fidus.brussels/type/common/messages/v1" xmlns:v31="http://socialsecurity.be/umanentityrepresentative/types/v3">
   <soapenv:Header/>
   <soapenv:Body>
      <v1:getOrganisationParentNodesRequest>
         <v1:messageContext>
         	  <v11:messageId>${=import static java.util.UUID.randomUUID; uuid = randomUUID() as String}</v11:messageId>
            <v11:timestamp>${=new java.text.SimpleDateFormat("yyyy-MM-dd'T'HH:mm:ss.SSS").format(new Date())}</v11:timestamp>
         </v1:messageContext>
         <v1:legalContext>ServiceIntegrator</v1:legalContext>
         <v1:request>
            <v1:Domain>QUAL_FED_HEALTHCARE</v1:Domain>
            <v1:OrganisationId>
               <v31:Identifier>1990000431</v31:Identifier>
               <v31:IdentifierType>BEEHP</v31:IdentifierType>
            </v1:OrganisationId>
            <v1:Language>nl</v1:Language>
         </v1:request>
      </v1:getOrganisationParentNodesRequest>
   </soapenv:Body>
</soapenv:Envelope>]]></con:request><con:assertion type="SOAP Fault Assertion" id="cf72842e-c5d9-4806-b7a1-6a57bd7d8a09" name="Not SOAP Fault"/><con:assertion type="SOAP Response" id="81a1f4b3-cac3-4027-ab34-63ad77ebfc21" name="SOAP Response"/><con:assertion type="Schema Compliance" id="109b672b-ce75-4ce9-9335-f12d40df5a93" name="Schema Compliance"><con:configuration/></con:assertion><con:wsaConfig action="http://fidus.brussels/services/accessmanagerservice/getOrganisationParentNodes"/></con:request></con:config></con:testStep><con:testStep type="request" id="8f8141c6-df81-4c28-97a1-dc23f327d378" name="testcase4 - Staging - Worker1New - Request"><con:settings/><con:config xsi:type="con:RequestStep" xmlns:xsi="http://www.w3.org/2001/XMLSchema-instance"><con:interface>AccessManagerServiceHTTPBinding</con:interface><con:operation>getOrganisationParentNodes</con:operation><con:request name="testcase4 - Staging - Worker1New - Request" id="a6e46eee-7e36-4722-9e8f-289a89233bcd" outgoingWss="Outflow STAG"><con:settings/><con:encoding>UTF-8</con:encoding><con:endpoint>https://192.168.24.57:8443/services/AccessManagerService_v1.0</con:endpoint><con:request><![CDATA[<soapenv:Envelope xmlns:soapenv="http://schemas.xmlsoap.org/soap/envelope/" xmlns:v1="http://fidus.brussels/service/accessmanagerservice/messages/v1" xmlns:v11="http://fidus.brussels/type/common/messages/v1" xmlns:v31="http://socialsecurity.be/umanentityrepresentative/types/v3">
   <soapenv:Header/>
   <soapenv:Body>
      <v1:getOrganisationParentNodesRequest>
         <v1:messageContext>
         	  <v11:messageId>${=import static java.util.UUID.randomUUID; uuid = randomUUID() as String}</v11:messageId>
            <v11:timestamp>${=new java.text.SimpleDateFormat("yyyy-MM-dd'T'HH:mm:ss.SSS").format(new Date())}</v11:timestamp>
         </v1:messageContext>
         <v1:legalContext>ServiceIntegrator</v1:legalContext>
         <v1:request>
            <v1:Domain>QUAL_FED_HEALTHCARE</v1:Domain>
            <v1:OrganisationId>
               <v31:Identifier>1990000431</v31:Identifier>
               <v31:IdentifierType>BEEHP</v31:IdentifierType>
            </v1:OrganisationId>
            <v1:Language>nl</v1:Language>
         </v1:request>
      </v1:getOrganisationParentNodesRequest>
   </soapenv:Body>
</soapenv:Envelope>]]></con:request><con:assertion type="SOAP Fault Assertion" id="02e1820a-1db7-4c17-a74e-971a54d0c0c5" name="Not SOAP Fault"/><con:assertion type="SOAP Response" id="5c38ee1d-1e08-4d66-9fc7-af48756a8d83" name="SOAP Response"/><con:assertion type="Schema Compliance" id="b774147c-bffc-4881-870e-a60353260115" name="Schema Compliance"><con:configuration/></con:assertion><con:wsaConfig action="http://fidus.brussels/services/accessmanagerservice/getOrganisationParentNodes"/></con:request></con:config></con:testStep><con:testStep type="request" id="173263a7-8c24-4e44-b1cf-759c37a44930" name="testcase4 - Staging - Worker2New - Request"><con:settings/><con:config xsi:type="con:RequestStep" xmlns:xsi="http://www.w3.org/2001/XMLSchema-instance"><con:interface>AccessManagerServiceHTTPBinding</con:interface><con:operation>getOrganisationParentNodes</con:operation><con:request name="testcase4 - Staging - Worker2New - Request" id="9f67de63-ef1f-4ae3-a566-a732c2e8d753" outgoingWss="Outflow STAG"><con:settings/><con:encoding>UTF-8</con:encoding><con:endpoint>https://192.168.24.64:8443/services/AccessManagerService_v1.0</con:endpoint><con:request><![CDATA[<soapenv:Envelope xmlns:soapenv="http://schemas.xmlsoap.org/soap/envelope/" xmlns:v1="http://fidus.brussels/service/accessmanagerservice/messages/v1" xmlns:v11="http://fidus.brussels/type/common/messages/v1" xmlns:v31="http://socialsecurity.be/umanentityrepresentative/types/v3">
   <soapenv:Header/>
   <soapenv:Body>
      <v1:getOrganisationParentNodesRequest>
         <v1:messageContext>
         	  <v11:messageId>${=import static java.util.UUID.randomUUID; uuid = randomUUID() as String}</v11:messageId>
            <v11:timestamp>${=new java.text.SimpleDateFormat("yyyy-MM-dd'T'HH:mm:ss.SSS").format(new Date())}</v11:timestamp>
         </v1:messageContext>
         <v1:legalContext>ServiceIntegrator</v1:legalContext>
         <v1:request>
            <v1:Domain>QUAL_FED_HEALTHCARE</v1:Domain>
            <v1:OrganisationId>
               <v31:Identifier>1990000431</v31:Identifier>
               <v31:IdentifierType>BEEHP</v31:IdentifierType>
            </v1:OrganisationId>
            <v1:Language>nl</v1:Language>
         </v1:request>
      </v1:getOrganisationParentNodesRequest>
   </soapenv:Body>
</soapenv:Envelope>]]></con:request><con:assertion type="SOAP Fault Assertion" id="981ddc84-e9d2-4980-963a-01520726f1b7" name="Not SOAP Fault"/><con:assertion type="SOAP Response" id="0c3a9274-ff06-4d30-bb82-baaa3003a66f" name="SOAP Response"/><con:assertion type="Schema Compliance" id="2ca80e79-1c27-4cad-a9cc-a752fd283434" name="Schema Compliance"><con:configuration/></con:assertion><con:wsaConfig action="http://fidus.brussels/services/accessmanagerservice/getOrganisationParentNodes"/></con:request></con:config></con:testStep><con:testStep type="request" id="f3ed7f6d-69a0-4a6c-a3bf-cae009d0b744" name="testcase4 - Staging - External - Request"><con:settings/><con:config xsi:type="con:RequestStep" xmlns:xsi="http://www.w3.org/2001/XMLSchema-instance"><con:interface>AccessManagerServiceHTTPBinding</con:interface><con:operation>getOrganisationParentNodes</con:operation><con:request name="testcase4 - Staging - External - Request" id="eab60c81-3cbb-4031-b07a-6957c74860b8" outgoingWss="Outflow STAG"><con:settings/><con:encoding>UTF-8</con:encoding><con:endpoint>https://fidus-esb-sg.sta.srv.cirb.lan:8443/services/AccessManagerService_v1.0</con:endpoint><con:request><![CDATA[<soapenv:Envelope xmlns:soapenv="http://schemas.xmlsoap.org/soap/envelope/" xmlns:v1="http://fidus.brussels/service/accessmanagerservice/messages/v1" xmlns:v11="http://fidus.brussels/type/common/messages/v1" xmlns:v31="http://socialsecurity.be/umanentityrepresentative/types/v3">
   <soapenv:Header/>
   <soapenv:Body>
      <v1:getOrganisationParentNodesRequest>
         <v1:messageContext>
         	  <v11:messageId>${=import static java.util.UUID.randomUUID; uuid = randomUUID() as String}</v11:messageId>
            <v11:timestamp>${=new java.text.SimpleDateFormat("yyyy-MM-dd'T'HH:mm:ss.SSS").format(new Date())}</v11:timestamp>
         </v1:messageContext>
         <v1:legalContext>ServiceIntegrator</v1:legalContext>
         <v1:request>
            <v1:Domain>QUAL_FED_HEALTHCARE</v1:Domain>
            <v1:OrganisationId>
               <v31:Identifier>1990000431</v31:Identifier>
               <v31:IdentifierType>BEEHP</v31:IdentifierType>
            </v1:OrganisationId>
            <v1:Language>nl</v1:Language>
         </v1:request>
      </v1:getOrganisationParentNodesRequest>
   </soapenv:Body>
</soapenv:Envelope>]]></con:request><con:assertion type="SOAP Fault Assertion" id="4360a12c-9da8-4a81-9883-25e3593f9a4a" name="Not SOAP Fault"/><con:assertion type="SOAP Response" id="d9444e81-3278-4ad0-83c2-44d85c2234c1" name="SOAP Response"/><con:assertion type="Schema Compliance" id="22e5711a-4ad7-4f6c-8478-94a5af254a84" name="Schema Compliance"><con:configuration/></con:assertion><con:wsaConfig action="http://fidus.brussels/services/accessmanagerservice/getOrganisationParentNodes"/></con:request></con:config></con:testStep><con:properties/></con:testCase><con:properties/></con:testSuite><con:testSuite id="bedc599a-a315-4884-a71e-c2337a672fc9" name="PROD"><con:settings/><con:runType>SEQUENTIAL</con:runType><con:testCase id="85f4d455-03a1-4fd1-93d6-d660f4635098" failOnError="true" failTestCaseOnErrors="true" keepSession="false" maxResults="0" name="findRepresentativeRolesByINSS" searchProperties="true"><con:settings/><con:testStep type="request" id="860c13b9-fc8d-4c20-bb9b-29552f12ae27" name="testcase5 - Prod - External - Request"><con:settings/><con:config xsi:type="con:RequestStep" xmlns:xsi="http://www.w3.org/2001/XMLSchema-instance"><con:interface>AccessManagerServiceHTTPBinding</con:interface><con:operation>findRepresentativeRolesByINSS</con:operation><con:request name="testcase5 - Prod - External - Request" id="6e9a626c-3646-4d0c-846b-7143afa726b0" outgoingWss="Outflow PROD"><con:settings/><con:encoding>UTF-8</con:encoding><con:endpoint>https://fidus.sec.brussels/services/AccessManagerService_v1.0</con:endpoint><con:request><![CDATA[<soapenv:Envelope xmlns:soapenv="http://schemas.xmlsoap.org/soap/envelope/" xmlns:v1="http://fidus.brussels/service/accessmanagerservice/messages/v1" xmlns:v11="http://fidus.brussels/type/common/messages/v1" xmlns:v3="http://socialsecurity.be/umanentityrepresentative/types/v3">
   <soapenv:Header/>
   <soapenv:Body>
      <v1:findRepresentativeRolesByINSSRequest>
         <v1:messageContext>
         	  <v11:messageId>${=import static java.util.UUID.randomUUID; uuid = randomUUID() as String}</v11:messageId>
            <v11:timestamp>${=new java.text.SimpleDateFormat("yyyy-MM-dd'T'HH:mm:ss.SSS").format(new Date())}</v11:timestamp>
         </v1:messageContext>
         <v1:legalContext>ServiceIntegrator</v1:legalContext>
         <v1:request>
            <v1:Domain>QUAL_FED_HEALTHCARE</v1:Domain>
            <v1:INSS>86051933959</v1:INSS>
            <v1:Language>nl</v1:Language>
         </v1:request>
      </v1:findRepresentativeRolesByINSSRequest>
   </soapenv:Body>
</soapenv:Envelope>]]></con:request><con:assertion type="SOAP Fault Assertion" id="fc64dd65-b1ef-4476-9bd1-66083fbae511" name="Not SOAP Fault"/><con:assertion type="SOAP Response" id="d416d20b-ed25-4696-adc9-71824503ea35" name="SOAP Response"/><con:assertion type="Schema Compliance" id="a5c3fb18-6657-43bf-99d4-8ab1e120e66d" name="Schema Compliance"><con:configuration/></con:assertion><con:wsaConfig action="http://fidus.brussels/services/accessmanagerservice/findRepresentativeRolesByINSS"/></con:request></con:config></con:testStep><con:testStep type="request" id="a120ec3a-0d63-4ead-8011-79d3a9caacae" name="testcase5 - Prod - LB - Request"><con:settings/><con:config xsi:type="con:RequestStep" xmlns:xsi="http://www.w3.org/2001/XMLSchema-instance"><con:interface>AccessManagerServiceHTTPBinding</con:interface><con:operation>findRepresentativeRolesByINSS</con:operation><con:request name="testcase5 - Prod - LB - Request" id="8682d15e-4c0e-4db1-906f-9d7a824f5f1f" outgoingWss="Outflow PROD"><con:settings/><con:encoding>UTF-8</con:encoding><con:endpoint>https://fidus-esb-sg.prd.srv.cirb.lan:8443/services/AccessManagerService_v1.0</con:endpoint><con:request><![CDATA[<soapenv:Envelope xmlns:soapenv="http://schemas.xmlsoap.org/soap/envelope/" xmlns:v1="http://fidus.brussels/service/accessmanagerservice/messages/v1" xmlns:v11="http://fidus.brussels/type/common/messages/v1" xmlns:v3="http://socialsecurity.be/umanentityrepresentative/types/v3">
   <soapenv:Header/>
   <soapenv:Body>
      <v1:findRepresentativeRolesByINSSRequest>
         <v1:messageContext>
         	  <v11:messageId>${=import static java.util.UUID.randomUUID; uuid = randomUUID() as String}</v11:messageId>
            <v11:timestamp>${=new java.text.SimpleDateFormat("yyyy-MM-dd'T'HH:mm:ss.SSS").format(new Date())}</v11:timestamp>
         </v1:messageContext>
         <v1:legalContext>ServiceIntegrator</v1:legalContext>
         <v1:request>
            <v1:Domain>QUAL_FED_HEALTHCARE</v1:Domain>
            <v1:INSS>86051933959</v1:INSS>
            <v1:Language>nl</v1:Language>
         </v1:request>
      </v1:findRepresentativeRolesByINSSRequest>
   </soapenv:Body>
</soapenv:Envelope>]]></con:request><con:assertion type="SOAP Fault Assertion" id="608ee165-6981-47eb-be2b-dfe69f364c11" name="Not SOAP Fault"/><con:assertion type="SOAP Response" id="ee4fa33d-504f-4209-ae3f-9cf216bf32fd" name="SOAP Response"/><con:assertion type="Schema Compliance" id="e3f3b838-f7c8-4335-a845-1034888ddfb8" name="Schema Compliance"><con:configuration/></con:assertion><con:wsaConfig action="http://fidus.brussels/services/accessmanagerservice/findRepresentativeRolesByINSS"/></con:request></con:config></con:testStep><con:testStep type="request" id="954158ac-9b9d-40e5-8502-6d131e4d28e0" name="testcase5 - Prod - Worker1 - Request"><con:settings/><con:config xsi:type="con:RequestStep" xmlns:xsi="http://www.w3.org/2001/XMLSchema-instance"><con:interface>AccessManagerServiceHTTPBinding</con:interface><con:operation>findRepresentativeRolesByINSS</con:operation><con:request name="testcase5 - Prod - Worker1 - Request" id="1ae4b02a-f901-4570-a932-e62119bc7475" outgoingWss="Outflow PROD"><con:settings/><con:encoding>UTF-8</con:encoding><con:endpoint>https://192.168.26.22:8443/services/AccessManagerService_v1.0</con:endpoint><con:request><![CDATA[<soapenv:Envelope xmlns:soapenv="http://schemas.xmlsoap.org/soap/envelope/" xmlns:v1="http://fidus.brussels/service/accessmanagerservice/messages/v1" xmlns:v11="http://fidus.brussels/type/common/messages/v1" xmlns:v3="http://socialsecurity.be/umanentityrepresentative/types/v3">
   <soapenv:Header/>
   <soapenv:Body>
      <v1:findRepresentativeRolesByINSSRequest>
         <v1:messageContext>
         	  <v11:messageId>${=import static java.util.UUID.randomUUID; uuid = randomUUID() as String}</v11:messageId>
            <v11:timestamp>${=new java.text.SimpleDateFormat("yyyy-MM-dd'T'HH:mm:ss.SSS").format(new Date())}</v11:timestamp>
         </v1:messageContext>
         <v1:legalContext>ServiceIntegrator</v1:legalContext>
         <v1:request>
            <v1:Domain>QUAL_FED_HEALTHCARE</v1:Domain>
            <v1:INSS>86051933959</v1:INSS>
            <v1:Language>nl</v1:Language>
         </v1:request>
      </v1:findRepresentativeRolesByINSSRequest>
   </soapenv:Body>
</soapenv:Envelope>]]></con:request><con:assertion type="SOAP Fault Assertion" id="ae1b665b-880e-43bc-bcb2-2344959729f5" name="Not SOAP Fault"/><con:assertion type="SOAP Response" id="69221122-d4b0-45c6-aa1d-b6560667f14c" name="SOAP Response"/><con:assertion type="Schema Compliance" id="7e9701d9-27b2-4f11-9a61-56fa021d253f" name="Schema Compliance"><con:configuration/></con:assertion><con:wsaConfig action="http://fidus.brussels/services/accessmanagerservice/findRepresentativeRolesByINSS"/></con:request></con:config></con:testStep><con:testStep type="request" id="57756829-33dd-49cb-b36b-298d9a239bbc" name="testcase5 - Prod - Worker2 - Request"><con:settings/><con:config xsi:type="con:RequestStep" xmlns:xsi="http://www.w3.org/2001/XMLSchema-instance"><con:interface>AccessManagerServiceHTTPBinding</con:interface><con:operation>findRepresentativeRolesByINSS</con:operation><con:request name="testcase5 - Prod - Worker2 - Request" id="31980a1e-df63-4b42-a92e-924fda5aa4cf" outgoingWss="Outflow PROD"><con:settings/><con:encoding>UTF-8</con:encoding><con:endpoint>https://192.168.26.19:8443/services/AccessManagerService_v1.0</con:endpoint><con:request><![CDATA[<soapenv:Envelope xmlns:soapenv="http://schemas.xmlsoap.org/soap/envelope/" xmlns:v1="http://fidus.brussels/service/accessmanagerservice/messages/v1" xmlns:v11="http://fidus.brussels/type/common/messages/v1" xmlns:v3="http://socialsecurity.be/umanentityrepresentative/types/v3">
   <soapenv:Header/>
   <soapenv:Body>
      <v1:findRepresentativeRolesByINSSRequest>
         <v1:messageContext>
         	  <v11:messageId>${=import static java.util.UUID.randomUUID; uuid = randomUUID() as String}</v11:messageId>
            <v11:timestamp>${=new java.text.SimpleDateFormat("yyyy-MM-dd'T'HH:mm:ss.SSS").format(new Date())}</v11:timestamp>
         </v1:messageContext>
         <v1:legalContext>ServiceIntegrator</v1:legalContext>
         <v1:request>
            <v1:Domain>QUAL_FED_HEALTHCARE</v1:Domain>
            <v1:INSS>86051933959</v1:INSS>
            <v1:Language>nl</v1:Language>
         </v1:request>
      </v1:findRepresentativeRolesByINSSRequest>
   </soapenv:Body>
</soapenv:Envelope>]]></con:request><con:assertion type="SOAP Fault Assertion" id="3f808c9c-3d92-4b96-b688-a860d9e18a5a" name="Not SOAP Fault"/><con:assertion type="SOAP Response" id="2e8f2823-3849-47b4-9551-62ef248c71b4" name="SOAP Response"/><con:assertion type="Schema Compliance" id="20656301-5dbd-4f52-ac5e-4428f71a624f" name="Schema Compliance"><con:configuration/></con:assertion><con:wsaConfig action="http://fidus.brussels/services/accessmanagerservice/findRepresentativeRolesByINSS"/></con:request></con:config></con:testStep><con:properties/></con:testCase><con:testCase id="8f7e4c76-f412-4992-b341-4c06a3b22e19" failOnError="true" failTestCaseOnErrors="true" keepSession="false" maxResults="0" name="getDomain" searchProperties="true"><con:settings/><con:testStep type="request" id="f1a1a1c6-f118-44a2-af83-4934e97ef7e0" name="testcase5 - Prod - External - Request"><con:settings/><con:config xsi:type="con:RequestStep" xmlns:xsi="http://www.w3.org/2001/XMLSchema-instance"><con:interface>AccessManagerServiceHTTPBinding</con:interface><con:operation>getDomain</con:operation><con:request name="testcase5 - Prod - External - Request" id="728eddcb-c3ba-401b-9b60-d60f58382514" outgoingWss="Outflow PROD"><con:settings/><con:encoding>UTF-8</con:encoding><con:endpoint>https://fidus.sec.brussels/services/AccessManagerService_v1.0</con:endpoint><con:request><![CDATA[<soapenv:Envelope xmlns:soapenv="http://schemas.xmlsoap.org/soap/envelope/" xmlns:v1="http://fidus.brussels/service/accessmanagerservice/messages/v1" xmlns:v11="http://fidus.brussels/type/common/messages/v1" >
   <soapenv:Header/>
   <soapenv:Body>
      <v1:getDomainRequest>
         <v1:messageContext>
         	  <v11:messageId>${=import static java.util.UUID.randomUUID; uuid = randomUUID() as String}</v11:messageId>
            <v11:timestamp>${=new java.text.SimpleDateFormat("yyyy-MM-dd'T'HH:mm:ss.SSS").format(new Date())}</v11:timestamp>
         </v1:messageContext>
         <v1:legalContext>ServiceIntegrator</v1:legalContext>
         <v1:request>
         	  <v1:Domain>FINANCE</v1:Domain>
            <v1:Language>fr</v1:Language>
         </v1:request>
      </v1:getDomainRequest>
   </soapenv:Body>
</soapenv:Envelope>]]></con:request><con:assertion type="SOAP Fault Assertion" id="38a4cf27-8ce9-4d30-895c-57b5e00246ba" name="Not SOAP Fault"/><con:assertion type="SOAP Response" id="4ca0e541-e66d-4fed-bba9-934ff0c283ff" name="SOAP Response"/><con:assertion type="Schema Compliance" id="b5c57e6a-c0ac-4314-8cb9-f67e27f9bfb2" name="Schema Compliance"><con:configuration/></con:assertion><con:wsaConfig action="http://fidus.brussels/services/accessmanagerservice/getDomain"/></con:request></con:config></con:testStep><con:testStep type="request" id="eb7d6b74-86e1-4a62-b148-cbb84ccf8eb1" name="testcase5 - Prod - LB - Request"><con:settings/><con:config xsi:type="con:RequestStep" xmlns:xsi="http://www.w3.org/2001/XMLSchema-instance"><con:interface>AccessManagerServiceHTTPBinding</con:interface><con:operation>getDomain</con:operation><con:request name="testcase5 - Prod - LB - Request" id="d1169f31-19fd-4044-86c4-f5e7a029f676" outgoingWss="Outflow PROD"><con:settings/><con:encoding>UTF-8</con:encoding><con:endpoint>https://fidus-esb-sg.prd.srv.cirb.lan:8443/services/AccessManagerService_v1.0</con:endpoint><con:request><![CDATA[<soapenv:Envelope xmlns:soapenv="http://schemas.xmlsoap.org/soap/envelope/" xmlns:v1="http://fidus.brussels/service/accessmanagerservice/messages/v1" xmlns:v11="http://fidus.brussels/type/common/messages/v1" >
   <soapenv:Header/>
   <soapenv:Body>
      <v1:getDomainRequest>
         <v1:messageContext>
         	  <v11:messageId>${=import static java.util.UUID.randomUUID; uuid = randomUUID() as String}</v11:messageId>
            <v11:timestamp>${=new java.text.SimpleDateFormat("yyyy-MM-dd'T'HH:mm:ss.SSS").format(new Date())}</v11:timestamp>
         </v1:messageContext>
         <v1:legalContext>ServiceIntegrator</v1:legalContext>
         <v1:request>
         	  <v1:Domain>FINANCE</v1:Domain>
            <v1:Language>fr</v1:Language>
         </v1:request>
      </v1:getDomainRequest>
   </soapenv:Body>
</soapenv:Envelope>]]></con:request><con:assertion type="SOAP Fault Assertion" id="a8906025-5dde-4b1a-9d35-da829a785391" name="Not SOAP Fault"/><con:assertion type="SOAP Response" id="550fd587-d40a-4032-8070-2f8b86d18bff" name="SOAP Response"/><con:assertion type="Schema Compliance" id="33138692-6257-433a-a6fd-33431a994cf9" name="Schema Compliance"><con:configuration/></con:assertion><con:wsaConfig action="http://fidus.brussels/services/accessmanagerservice/getDomain"/></con:request></con:config></con:testStep><con:testStep type="request" id="dfbc2367-8141-46ff-a735-5edd58bc0a43" name="testcase5 - Prod - Worker1 - Request"><con:settings/><con:config xsi:type="con:RequestStep" xmlns:xsi="http://www.w3.org/2001/XMLSchema-instance"><con:interface>AccessManagerServiceHTTPBinding</con:interface><con:operation>getDomain</con:operation><con:request name="testcase5 - Prod - Worker1 - Request" id="e3dd5115-44d4-4cd4-baae-777f65dc2867" outgoingWss="Outflow PROD"><con:settings/><con:encoding>UTF-8</con:encoding><con:endpoint>https://192.168.26.22:8443/services/AccessManagerService_v1.0</con:endpoint><con:request><![CDATA[<soapenv:Envelope xmlns:soapenv="http://schemas.xmlsoap.org/soap/envelope/" xmlns:v1="http://fidus.brussels/service/accessmanagerservice/messages/v1" xmlns:v11="http://fidus.brussels/type/common/messages/v1" >
   <soapenv:Header/>
   <soapenv:Body>
      <v1:getDomainRequest>
         <v1:messageContext>
         	  <v11:messageId>${=import static java.util.UUID.randomUUID; uuid = randomUUID() as String}</v11:messageId>
            <v11:timestamp>${=new java.text.SimpleDateFormat("yyyy-MM-dd'T'HH:mm:ss.SSS").format(new Date())}</v11:timestamp>
         </v1:messageContext>
         <v1:legalContext>ServiceIntegrator</v1:legalContext>
         <v1:request>
         	  <v1:Domain>FINANCE</v1:Domain>
            <v1:Language>fr</v1:Language>
         </v1:request>
      </v1:getDomainRequest>
   </soapenv:Body>
</soapenv:Envelope>]]></con:request><con:assertion type="SOAP Fault Assertion" id="79ef6943-73be-4a99-abcd-3c32d30edea4" name="Not SOAP Fault"/><con:assertion type="SOAP Response" id="4018c8fc-a20b-4745-8805-c80a74ddeebb" name="SOAP Response"/><con:assertion type="Schema Compliance" id="3574b794-8ff7-45d9-a7d8-68ef048c8a87" name="Schema Compliance"><con:configuration/></con:assertion><con:wsaConfig action="http://fidus.brussels/services/accessmanagerservice/getDomain"/></con:request></con:config></con:testStep><con:testStep type="request" id="173c9596-b139-4abd-81fd-f48f37c79f1a" name="testcase5 - Prod - Worker2 - Request"><con:settings/><con:config xsi:type="con:RequestStep" xmlns:xsi="http://www.w3.org/2001/XMLSchema-instance"><con:interface>AccessManagerServiceHTTPBinding</con:interface><con:operation>getDomain</con:operation><con:request name="testcase5 - Prod - Worker2 - Request" id="d7733867-4542-44fe-8e45-ce8c14ee3372" outgoingWss="Outflow PROD"><con:settings/><con:encoding>UTF-8</con:encoding><con:endpoint>https://192.168.26.19:8443/services/AccessManagerService_v1.0</con:endpoint><con:request><![CDATA[<soapenv:Envelope xmlns:soapenv="http://schemas.xmlsoap.org/soap/envelope/" xmlns:v1="http://fidus.brussels/service/accessmanagerservice/messages/v1" xmlns:v11="http://fidus.brussels/type/common/messages/v1" >
   <soapenv:Header/>
   <soapenv:Body>
      <v1:getDomainRequest>
         <v1:messageContext>
         	  <v11:messageId>${=import static java.util.UUID.randomUUID; uuid = randomUUID() as String}</v11:messageId>
            <v11:timestamp>${=new java.text.SimpleDateFormat("yyyy-MM-dd'T'HH:mm:ss.SSS").format(new Date())}</v11:timestamp>
         </v1:messageContext>
         <v1:legalContext>ServiceIntegrator</v1:legalContext>
         <v1:request>
         	  <v1:Domain>FINANCE</v1:Domain>
            <v1:Language>fr</v1:Language>
         </v1:request>
      </v1:getDomainRequest>
   </soapenv:Body>
</soapenv:Envelope>]]></con:request><con:assertion type="SOAP Fault Assertion" id="3a91c2c1-b20a-443d-aa99-316b2581b397" name="Not SOAP Fault"/><con:assertion type="SOAP Response" id="05562421-a044-4464-8557-a7bd1b8511f5" name="SOAP Response"/><con:assertion type="Schema Compliance" id="be550db4-e07a-47aa-99bc-79cdaa4cf134" name="Schema Compliance"><con:configuration/></con:assertion><con:wsaConfig action="http://fidus.brussels/services/accessmanagerservice/getDomain"/></con:request></con:config></con:testStep><con:properties/></con:testCase><con:testCase id="669e4183-47f1-4c9e-98e7-1c46088d1de5" failOnError="true" failTestCaseOnErrors="true" keepSession="false" maxResults="0" name="getEntityRepresentatives" searchProperties="true"><con:settings/><con:testStep type="request" id="932f1922-743f-4ff1-ae61-d5a9e0530816" name="testcase5 - Prod - External - Request"><con:settings/><con:config xsi:type="con:RequestStep" xmlns:xsi="http://www.w3.org/2001/XMLSchema-instance"><con:interface>AccessManagerServiceHTTPBinding</con:interface><con:operation>getEntityRepresentatives</con:operation><con:request name="testcase5 - Prod - External - Request" id="8bbbea05-e994-4079-b570-df4b9faafc4c" outgoingWss="Outflow PROD"><con:settings/><con:encoding>UTF-8</con:encoding><con:endpoint>https://fidus.sec.brussels/services/AccessManagerService_v1.0</con:endpoint><con:request><![CDATA[<soapenv:Envelope xmlns:soapenv="http://schemas.xmlsoap.org/soap/envelope/" xmlns:v1="http://fidus.brussels/service/accessmanagerservice/messages/v1" xmlns:v11="http://fidus.brussels/type/common/messages/v1" xmlns:v31="http://socialsecurity.be/umanentityrepresentative/types/v3" >
   <soapenv:Header/>
   <soapenv:Body>
      <v1:getEntityRepresentativesRequest>
         <v1:messageContext>
         	  <v11:messageId>${=import static java.util.UUID.randomUUID; uuid = randomUUID() as String}</v11:messageId>
            <v11:timestamp>${=new java.text.SimpleDateFormat("yyyy-MM-dd'T'HH:mm:ss.SSS").format(new Date())}</v11:timestamp>
         </v1:messageContext>
         <v1:legalContext>ServiceIntegrator</v1:legalContext>
         <v1:request>
            <v1:Domain>QUAL_FED_HEALTHCARE</v1:Domain>
            <v1:OrganisationId>
               <v31:Identifier>1990000431</v31:Identifier>
               <v31:IdentifierType>BEEHP</v31:IdentifierType>
            </v1:OrganisationId>
            <v1:Language>nl</v1:Language>
         </v1:request>
      </v1:getEntityRepresentativesRequest>
   </soapenv:Body>
</soapenv:Envelope>]]></con:request><con:assertion type="SOAP Fault Assertion" id="c325853e-6689-4000-bca5-88ecb5dcb7f6" name="Not SOAP Fault"/><con:assertion type="SOAP Response" id="722d610e-3b3e-4cf1-b8d7-9e5800978f91" name="SOAP Response"/><con:assertion type="Schema Compliance" id="3d20bef6-7f4f-4481-a040-0ca2d39b6524" name="Schema Compliance"><con:configuration/></con:assertion><con:wsaConfig action="http://fidus.brussels/services/accessmanagerservice/getEntityRepresentatives"/></con:request></con:config></con:testStep><con:testStep type="request" id="13a2d337-0cb7-4ab0-81f9-19d22543414b" name="testcase5 - Prod - LB - Request"><con:settings/><con:config xsi:type="con:RequestStep" xmlns:xsi="http://www.w3.org/2001/XMLSchema-instance"><con:interface>AccessManagerServiceHTTPBinding</con:interface><con:operation>getEntityRepresentatives</con:operation><con:request name="testcase5 - Prod - LB - Request" id="0acdc752-7e25-455d-8504-7b679794ac71" outgoingWss="Outflow PROD"><con:settings/><con:encoding>UTF-8</con:encoding><con:endpoint>https://fidus-esb-sg.prd.srv.cirb.lan:8443/services/AccessManagerService_v1.0</con:endpoint><con:request><![CDATA[<soapenv:Envelope xmlns:soapenv="http://schemas.xmlsoap.org/soap/envelope/" xmlns:v1="http://fidus.brussels/service/accessmanagerservice/messages/v1" xmlns:v11="http://fidus.brussels/type/common/messages/v1" xmlns:v31="http://socialsecurity.be/umanentityrepresentative/types/v3" >
   <soapenv:Header/>
   <soapenv:Body>
      <v1:getEntityRepresentativesRequest>
         <v1:messageContext>
         	  <v11:messageId>${=import static java.util.UUID.randomUUID; uuid = randomUUID() as String}</v11:messageId>
            <v11:timestamp>${=new java.text.SimpleDateFormat("yyyy-MM-dd'T'HH:mm:ss.SSS").format(new Date())}</v11:timestamp>
         </v1:messageContext>
         <v1:legalContext>ServiceIntegrator</v1:legalContext>
         <v1:request>
            <v1:Domain>QUAL_FED_HEALTHCARE</v1:Domain>
            <v1:OrganisationId>
               <v31:Identifier>1990000431</v31:Identifier>
               <v31:IdentifierType>BEEHP</v31:IdentifierType>
            </v1:OrganisationId>
            <v1:Language>nl</v1:Language>
         </v1:request>
      </v1:getEntityRepresentativesRequest>
   </soapenv:Body>
</soapenv:Envelope>]]></con:request><con:assertion type="SOAP Fault Assertion" id="103f8c94-28ee-4dd7-b002-edaf40f36af7" name="Not SOAP Fault"/><con:assertion type="SOAP Response" id="01908bf2-fa54-4a1c-a645-f62512eceb2e" name="SOAP Response"/><con:assertion type="Schema Compliance" id="089d0b0e-9b1e-4976-a1e3-1b347f9d5307" name="Schema Compliance"><con:configuration/></con:assertion><con:wsaConfig action="http://fidus.brussels/services/accessmanagerservice/getEntityRepresentatives"/></con:request></con:config></con:testStep><con:testStep type="request" id="484f5bd2-2dc6-4310-b6e1-818b62e3af0f" name="testcase5 - Prod - Worker1 - Request"><con:settings/><con:config xsi:type="con:RequestStep" xmlns:xsi="http://www.w3.org/2001/XMLSchema-instance"><con:interface>AccessManagerServiceHTTPBinding</con:interface><con:operation>getEntityRepresentatives</con:operation><con:request name="testcase5 - Prod - Worker1 - Request" id="7f5880d1-b825-4825-9508-5622fca4f9ae" outgoingWss="Outflow PROD"><con:settings/><con:encoding>UTF-8</con:encoding><con:endpoint>https://192.168.26.22:8443/services/AccessManagerService_v1.0</con:endpoint><con:request><![CDATA[<soapenv:Envelope xmlns:soapenv="http://schemas.xmlsoap.org/soap/envelope/" xmlns:v1="http://fidus.brussels/service/accessmanagerservice/messages/v1" xmlns:v11="http://fidus.brussels/type/common/messages/v1" xmlns:v31="http://socialsecurity.be/umanentityrepresentative/types/v3" >
   <soapenv:Header/>
   <soapenv:Body>
      <v1:getEntityRepresentativesRequest>
         <v1:messageContext>
         	  <v11:messageId>${=import static java.util.UUID.randomUUID; uuid = randomUUID() as String}</v11:messageId>
            <v11:timestamp>${=new java.text.SimpleDateFormat("yyyy-MM-dd'T'HH:mm:ss.SSS").format(new Date())}</v11:timestamp>
         </v1:messageContext>
         <v1:legalContext>ServiceIntegrator</v1:legalContext>
         <v1:request>
            <v1:Domain>QUAL_FED_HEALTHCARE</v1:Domain>
            <v1:OrganisationId>
               <v31:Identifier>1990000431</v31:Identifier>
               <v31:IdentifierType>BEEHP</v31:IdentifierType>
            </v1:OrganisationId>
            <v1:Language>nl</v1:Language>
         </v1:request>
      </v1:getEntityRepresentativesRequest>
   </soapenv:Body>
</soapenv:Envelope>]]></con:request><con:assertion type="SOAP Fault Assertion" id="d2bdba86-3c74-48b7-bb65-e4ab4e2b50a3" name="Not SOAP Fault"/><con:assertion type="SOAP Response" id="20aa4d4b-8147-4053-add9-b04a22d468ad" name="SOAP Response"/><con:assertion type="Schema Compliance" id="e7eea86b-6c81-4464-b596-e2d15edd5678" name="Schema Compliance"><con:configuration/></con:assertion><con:wsaConfig action="http://fidus.brussels/services/accessmanagerservice/getEntityRepresentatives"/></con:request></con:config></con:testStep><con:testStep type="request" id="36a86631-9b8f-4045-87f0-cae8ef89156a" name="testcase5 - Prod - Worker2 - Request"><con:settings/><con:config xsi:type="con:RequestStep" xmlns:xsi="http://www.w3.org/2001/XMLSchema-instance"><con:interface>AccessManagerServiceHTTPBinding</con:interface><con:operation>getEntityRepresentatives</con:operation><con:request name="testcase5 - Prod - Worker2 - Request" id="8ccafe91-1bf2-4655-be0e-2077bff4e679" outgoingWss="Outflow PROD"><con:settings/><con:encoding>UTF-8</con:encoding><con:endpoint>https://192.168.26.19:8443/services/AccessManagerService_v1.0</con:endpoint><con:request><![CDATA[<soapenv:Envelope xmlns:soapenv="http://schemas.xmlsoap.org/soap/envelope/" xmlns:v1="http://fidus.brussels/service/accessmanagerservice/messages/v1" xmlns:v11="http://fidus.brussels/type/common/messages/v1" xmlns:v31="http://socialsecurity.be/umanentityrepresentative/types/v3" >
   <soapenv:Header/>
   <soapenv:Body>
      <v1:getEntityRepresentativesRequest>
         <v1:messageContext>
         	  <v11:messageId>${=import static java.util.UUID.randomUUID; uuid = randomUUID() as String}</v11:messageId>
            <v11:timestamp>${=new java.text.SimpleDateFormat("yyyy-MM-dd'T'HH:mm:ss.SSS").format(new Date())}</v11:timestamp>
         </v1:messageContext>
         <v1:legalContext>ServiceIntegrator</v1:legalContext>
         <v1:request>
            <v1:Domain>QUAL_FED_HEALTHCARE</v1:Domain>
            <v1:OrganisationId>
               <v31:Identifier>1990000431</v31:Identifier>
               <v31:IdentifierType>BEEHP</v31:IdentifierType>
            </v1:OrganisationId>
            <v1:Language>nl</v1:Language>
         </v1:request>
      </v1:getEntityRepresentativesRequest>
   </soapenv:Body>
</soapenv:Envelope>]]></con:request><con:assertion type="SOAP Fault Assertion" id="a907acbf-9686-40c0-8ee7-95a983015b47" name="Not SOAP Fault"/><con:assertion type="SOAP Response" id="86bf4642-ad89-4e97-bed5-b01a821101ce" name="SOAP Response"/><con:assertion type="Schema Compliance" id="1d44c311-96c9-476b-b3f8-8691c39c986d" name="Schema Compliance"><con:configuration/></con:assertion><con:wsaConfig action="http://fidus.brussels/services/accessmanagerservice/getEntityRepresentatives"/></con:request></con:config></con:testStep><con:properties/></con:testCase><con:testCase id="0d1f7c05-af2a-4e7d-8421-4f18cb438c11" failOnError="true" failTestCaseOnErrors="true" keepSession="false" maxResults="0" name="getOrganisationChildNodes" searchProperties="true"><con:settings/><con:testStep type="request" id="faf222c6-cd94-449f-bf80-f5e1ccb7215d" name="testcase5 - Prod - External - Request"><con:settings/><con:config xsi:type="con:RequestStep" xmlns:xsi="http://www.w3.org/2001/XMLSchema-instance"><con:interface>AccessManagerServiceHTTPBinding</con:interface><con:operation>getOrganisationChildNodes</con:operation><con:request name="testcase5 - Prod - External - Request" id="520f7e6b-b313-4739-ba41-54f834e946d1" outgoingWss="Outflow PROD"><con:settings/><con:encoding>UTF-8</con:encoding><con:endpoint>https://fidus.sec.brussels/services/AccessManagerService_v1.0</con:endpoint><con:request><![CDATA[<soapenv:Envelope xmlns:soapenv="http://schemas.xmlsoap.org/soap/envelope/" xmlns:v1="http://fidus.brussels/service/accessmanagerservice/messages/v1" xmlns:v11="http://fidus.brussels/type/common/messages/v1" xmlns:v31="http://socialsecurity.be/umanentityrepresentative/types/v3">
   <soapenv:Header/>
   <soapenv:Body>
      <v1:getOrganisationChildNodesRequest>
         <v1:messageContext>
         	  <v11:messageId>${=import static java.util.UUID.randomUUID; uuid = randomUUID() as String}</v11:messageId>
            <v11:timestamp>${=new java.text.SimpleDateFormat("yyyy-MM-dd'T'HH:mm:ss.SSS").format(new Date())}</v11:timestamp>
         </v1:messageContext>
         <v1:legalContext>ServiceIntegrator</v1:legalContext>
         <v1:request>
            <v1:Domain>QUAL_FED_HEALTHCARE</v1:Domain>
            <v1:OrganisationId>
               <v31:Identifier>1990000431</v31:Identifier>
               <v31:IdentifierType>BEEHP</v31:IdentifierType>
            </v1:OrganisationId>
            <v1:Language>nl</v1:Language>
         </v1:request>
      </v1:getOrganisationChildNodesRequest>
   </soapenv:Body>
</soapenv:Envelope>]]></con:request><con:assertion type="SOAP Fault Assertion" id="26afbcc6-ec81-4a30-8268-82f118bdc772" name="Not SOAP Fault"/><con:assertion type="SOAP Response" id="1c2fdeb1-d6d0-447f-bf18-615df39a60b2" name="SOAP Response"/><con:assertion type="Schema Compliance" id="7e95e28b-2236-49e0-8c58-62cc21ea90ca" name="Schema Compliance"><con:configuration/></con:assertion><con:wsaConfig action="http://fidus.brussels/services/accessmanagerservice/getOrganisationChildNodes"/></con:request></con:config></con:testStep><con:testStep type="request" id="9b20a836-7382-4d62-a3c9-55da7854c2b5" name="testcase5 - Prod - LB - Request"><con:settings/><con:config xsi:type="con:RequestStep" xmlns:xsi="http://www.w3.org/2001/XMLSchema-instance"><con:interface>AccessManagerServiceHTTPBinding</con:interface><con:operation>getOrganisationChildNodes</con:operation><con:request name="testcase5 - Prod - LB - Request" id="2b7b4da3-6e18-4bf3-a2df-2f1c2cc40565" outgoingWss="Outflow PROD"><con:settings/><con:encoding>UTF-8</con:encoding><con:endpoint>https://fidus-esb-sg.prd.srv.cirb.lan:8443/services/AccessManagerService_v1.0</con:endpoint><con:request><![CDATA[<soapenv:Envelope xmlns:soapenv="http://schemas.xmlsoap.org/soap/envelope/" xmlns:v1="http://fidus.brussels/service/accessmanagerservice/messages/v1" xmlns:v11="http://fidus.brussels/type/common/messages/v1" xmlns:v31="http://socialsecurity.be/umanentityrepresentative/types/v3">
   <soapenv:Header/>
   <soapenv:Body>
      <v1:getOrganisationChildNodesRequest>
         <v1:messageContext>
         	  <v11:messageId>${=import static java.util.UUID.randomUUID; uuid = randomUUID() as String}</v11:messageId>
            <v11:timestamp>${=new java.text.SimpleDateFormat("yyyy-MM-dd'T'HH:mm:ss.SSS").format(new Date())}</v11:timestamp>
         </v1:messageContext>
         <v1:legalContext>ServiceIntegrator</v1:legalContext>
         <v1:request>
            <v1:Domain>QUAL_FED_HEALTHCARE</v1:Domain>
            <v1:OrganisationId>
               <v31:Identifier>1990000431</v31:Identifier>
               <v31:IdentifierType>BEEHP</v31:IdentifierType>
            </v1:OrganisationId>
            <v1:Language>nl</v1:Language>
         </v1:request>
      </v1:getOrganisationChildNodesRequest>
   </soapenv:Body>
</soapenv:Envelope>]]></con:request><con:assertion type="SOAP Fault Assertion" id="c6818bff-43a6-44ad-8522-200767cd7b4d" name="Not SOAP Fault"/><con:assertion type="SOAP Response" id="cb5d6b8e-4194-4acb-8550-3b82a3b468d6" name="SOAP Response"/><con:assertion type="Schema Compliance" id="447af7de-2595-41b7-82a6-6664b54fb5c2" name="Schema Compliance"><con:configuration/></con:assertion><con:wsaConfig action="http://fidus.brussels/services/accessmanagerservice/getOrganisationChildNodes"/></con:request></con:config></con:testStep><con:testStep type="request" id="e8bf3f1f-93ff-48c7-94ec-d1f6494dd193" name="testcase5 - Prod - Worker1 - Request"><con:settings/><con:config xsi:type="con:RequestStep" xmlns:xsi="http://www.w3.org/2001/XMLSchema-instance"><con:interface>AccessManagerServiceHTTPBinding</con:interface><con:operation>getOrganisationChildNodes</con:operation><con:request name="testcase5 - Prod - Worker1 - Request" id="9b3218ae-1a0d-43d0-9fb7-f9e37e851250" outgoingWss="Outflow PROD"><con:settings/><con:encoding>UTF-8</con:encoding><con:endpoint>https://192.168.26.22:8443/services/AccessManagerService_v1.0</con:endpoint><con:request><![CDATA[<soapenv:Envelope xmlns:soapenv="http://schemas.xmlsoap.org/soap/envelope/" xmlns:v1="http://fidus.brussels/service/accessmanagerservice/messages/v1" xmlns:v11="http://fidus.brussels/type/common/messages/v1" xmlns:v31="http://socialsecurity.be/umanentityrepresentative/types/v3">
   <soapenv:Header/>
   <soapenv:Body>
      <v1:getOrganisationChildNodesRequest>
         <v1:messageContext>
         	  <v11:messageId>${=import static java.util.UUID.randomUUID; uuid = randomUUID() as String}</v11:messageId>
            <v11:timestamp>${=new java.text.SimpleDateFormat("yyyy-MM-dd'T'HH:mm:ss.SSS").format(new Date())}</v11:timestamp>
         </v1:messageContext>
         <v1:legalContext>ServiceIntegrator</v1:legalContext>
         <v1:request>
            <v1:Domain>QUAL_FED_HEALTHCARE</v1:Domain>
            <v1:OrganisationId>
               <v31:Identifier>1990000431</v31:Identifier>
               <v31:IdentifierType>BEEHP</v31:IdentifierType>
            </v1:OrganisationId>
            <v1:Language>nl</v1:Language>
         </v1:request>
      </v1:getOrganisationChildNodesRequest>
   </soapenv:Body>
</soapenv:Envelope>]]></con:request><con:assertion type="SOAP Fault Assertion" id="7735932a-172b-45a1-ae14-b6fd565afc2c" name="Not SOAP Fault"/><con:assertion type="SOAP Response" id="15b515c4-1679-4701-bd3c-9272a6644644" name="SOAP Response"/><con:assertion type="Schema Compliance" id="d44c79e7-a404-40f7-b969-25321d928d23" name="Schema Compliance"><con:configuration/></con:assertion><con:wsaConfig action="http://fidus.brussels/services/accessmanagerservice/getOrganisationChildNodes"/></con:request></con:config></con:testStep><con:testStep type="request" id="ffe28725-283e-496a-8cfe-20ffc8ddbaa4" name="testcase5 - Prod - Worker2 - Request"><con:settings/><con:config xsi:type="con:RequestStep" xmlns:xsi="http://www.w3.org/2001/XMLSchema-instance"><con:interface>AccessManagerServiceHTTPBinding</con:interface><con:operation>getOrganisationChildNodes</con:operation><con:request name="testcase5 - Prod - Worker2 - Request" id="de30c6b0-a9eb-455b-b326-60a2e6dada51" outgoingWss="Outflow PROD"><con:settings/><con:encoding>UTF-8</con:encoding><con:endpoint>https://192.168.26.19:8443/services/AccessManagerService_v1.0</con:endpoint><con:request><![CDATA[<soapenv:Envelope xmlns:soapenv="http://schemas.xmlsoap.org/soap/envelope/" xmlns:v1="http://fidus.brussels/service/accessmanagerservice/messages/v1" xmlns:v11="http://fidus.brussels/type/common/messages/v1" xmlns:v31="http://socialsecurity.be/umanentityrepresentative/types/v3">
   <soapenv:Header/>
   <soapenv:Body>
      <v1:getOrganisationChildNodesRequest>
         <v1:messageContext>
         	  <v11:messageId>${=import static java.util.UUID.randomUUID; uuid = randomUUID() as String}</v11:messageId>
            <v11:timestamp>${=new java.text.SimpleDateFormat("yyyy-MM-dd'T'HH:mm:ss.SSS").format(new Date())}</v11:timestamp>
         </v1:messageContext>
         <v1:legalContext>ServiceIntegrator</v1:legalContext>
         <v1:request>
            <v1:Domain>QUAL_FED_HEALTHCARE</v1:Domain>
            <v1:OrganisationId>
               <v31:Identifier>1990000431</v31:Identifier>
               <v31:IdentifierType>BEEHP</v31:IdentifierType>
            </v1:OrganisationId>
            <v1:Language>nl</v1:Language>
         </v1:request>
      </v1:getOrganisationChildNodesRequest>
   </soapenv:Body>
</soapenv:Envelope>]]></con:request><con:assertion type="SOAP Fault Assertion" id="7c000671-be14-427f-a4be-b2576b8b62e8" name="Not SOAP Fault"/><con:assertion type="SOAP Response" id="5495b520-9e0b-43e8-9862-667fd5ecc7f0" name="SOAP Response"/><con:assertion type="Schema Compliance" id="ac1f26b2-6758-4c18-b958-53b24f4c4273" name="Schema Compliance"><con:configuration/></con:assertion><con:wsaConfig action="http://fidus.brussels/services/accessmanagerservice/getOrganisationChildNodes"/></con:request></con:config></con:testStep><con:properties/></con:testCase><con:testCase id="cfa34266-5f8f-4490-9ea3-c96206c9d2d9" failOnError="true" failTestCaseOnErrors="true" keepSession="false" maxResults="0" name="getOrganisationDenomination" searchProperties="true"><con:settings/><con:testStep type="request" id="92636041-e6a9-4215-a953-c30a9fd1eb18" name="testcase5 - Prod - External - Request"><con:settings/><con:config xsi:type="con:RequestStep" xmlns:xsi="http://www.w3.org/2001/XMLSchema-instance"><con:interface>AccessManagerServiceHTTPBinding</con:interface><con:operation>getOrganisationDenomination</con:operation><con:request name="testcase5 - Prod - External - Request" id="57f40d97-8a06-47e2-830e-f5d32ea2ee44" outgoingWss="Outflow PROD"><con:settings/><con:encoding>UTF-8</con:encoding><con:endpoint>https://fidus-esb-sg.prd.srv.cirb.lan:8443/services/AccessManagerService_v1.0</con:endpoint><con:request><![CDATA[<soapenv:Envelope xmlns:soapenv="http://schemas.xmlsoap.org/soap/envelope/" xmlns:v1="http://fidus.brussels/service/accessmanagerservice/messages/v1" xmlns:v11="http://fidus.brussels/type/common/messages/v1" xmlns:v31="http://socialsecurity.be/umanentityrepresentative/types/v3">
   <soapenv:Header/>
   <soapenv:Body>
      <v1:getOrganisationDenominationRequest>
         <v1:messageContext>
         	  <v11:messageId>${=import static java.util.UUID.randomUUID; uuid = randomUUID() as String}</v11:messageId>
            <v11:timestamp>${=new java.text.SimpleDateFormat("yyyy-MM-dd'T'HH:mm:ss.SSS").format(new Date())}</v11:timestamp>
         </v1:messageContext>
         <v1:legalContext>ServiceIntegrator</v1:legalContext>
         <v1:request>
            <v1:Domain>QUAL_FED_HEALTHCARE</v1:Domain>
            <v1:OrganisationId>
               <v31:Identifier>1990000431</v31:Identifier>
               <v31:IdentifierType>BEEHP</v31:IdentifierType>
            </v1:OrganisationId>
            <v1:Language>nl</v1:Language>
         </v1:request>
      </v1:getOrganisationDenominationRequest>
   </soapenv:Body>
</soapenv:Envelope>]]></con:request><con:assertion type="SOAP Fault Assertion" id="8fb1527c-9399-43fd-a1c3-28ee13644a02" name="Not SOAP Fault"/><con:assertion type="SOAP Response" id="e7ffc98d-8706-4c21-9813-78bfe8a69ebb" name="SOAP Response"/><con:assertion type="Schema Compliance" id="1314e6d3-194c-4850-bf8a-f15bddc6d3b2" name="Schema Compliance"><con:configuration/></con:assertion><con:wsaConfig action="http://fidus.brussels/services/accessmanagerservice/getOrganisationDenomination"/></con:request></con:config></con:testStep><con:testStep type="request" id="a70b7d35-83cd-4a30-bc1d-1dc742d3b888" name="testcase5 - Prod - LB - Request"><con:settings/><con:config xsi:type="con:RequestStep" xmlns:xsi="http://www.w3.org/2001/XMLSchema-instance"><con:interface>AccessManagerServiceHTTPBinding</con:interface><con:operation>getOrganisationDenomination</con:operation><con:request name="testcase5 - Prod - LB - Request" id="4f098a41-4998-421e-b5c0-99dfa88a9bd2" outgoingWss="Outflow PROD"><con:settings/><con:encoding>UTF-8</con:encoding><con:endpoint>https://fidus-esb-sg.prd.srv.cirb.lan:8443/services/AccessManagerService_v1.0</con:endpoint><con:request><![CDATA[<soapenv:Envelope xmlns:soapenv="http://schemas.xmlsoap.org/soap/envelope/" xmlns:v1="http://fidus.brussels/service/accessmanagerservice/messages/v1" xmlns:v11="http://fidus.brussels/type/common/messages/v1" xmlns:v31="http://socialsecurity.be/umanentityrepresentative/types/v3">
   <soapenv:Header/>
   <soapenv:Body>
      <v1:getOrganisationDenominationRequest>
         <v1:messageContext>
         	  <v11:messageId>${=import static java.util.UUID.randomUUID; uuid = randomUUID() as String}</v11:messageId>
            <v11:timestamp>${=new java.text.SimpleDateFormat("yyyy-MM-dd'T'HH:mm:ss.SSS").format(new Date())}</v11:timestamp>
         </v1:messageContext>
         <v1:legalContext>ServiceIntegrator</v1:legalContext>
         <v1:request>
            <v1:Domain>QUAL_FED_HEALTHCARE</v1:Domain>
            <v1:OrganisationId>
               <v31:Identifier>1990000431</v31:Identifier>
               <v31:IdentifierType>BEEHP</v31:IdentifierType>
            </v1:OrganisationId>
            <v1:Language>nl</v1:Language>
         </v1:request>
      </v1:getOrganisationDenominationRequest>
   </soapenv:Body>
</soapenv:Envelope>]]></con:request><con:assertion type="SOAP Fault Assertion" id="809777cc-9a5c-498d-9ecd-28466a418365" name="Not SOAP Fault"/><con:assertion type="SOAP Response" id="6aec8d5c-5c65-491e-a3fa-53cd33524222" name="SOAP Response"/><con:assertion type="Schema Compliance" id="36a4550e-be8a-4e33-a6f8-c8272216512e" name="Schema Compliance"><con:configuration/></con:assertion><con:wsaConfig action="http://fidus.brussels/services/accessmanagerservice/getOrganisationDenomination"/></con:request></con:config></con:testStep><con:testStep type="request" id="5709a00a-3dae-47fe-ac74-5cce1bf8da00" name="testcase5 - Prod - Worker1 - Request"><con:settings/><con:config xsi:type="con:RequestStep" xmlns:xsi="http://www.w3.org/2001/XMLSchema-instance"><con:interface>AccessManagerServiceHTTPBinding</con:interface><con:operation>getOrganisationDenomination</con:operation><con:request name="testcase5 - Prod - Worker1 - Request" id="879eb962-eb85-4efb-a853-b0c27cd45be3" outgoingWss="Outflow PROD"><con:settings/><con:encoding>UTF-8</con:encoding><con:endpoint>https://192.168.26.22:8443/services/AccessManagerService_v1.0</con:endpoint><con:request><![CDATA[<soapenv:Envelope xmlns:soapenv="http://schemas.xmlsoap.org/soap/envelope/" xmlns:v1="http://fidus.brussels/service/accessmanagerservice/messages/v1" xmlns:v11="http://fidus.brussels/type/common/messages/v1" xmlns:v31="http://socialsecurity.be/umanentityrepresentative/types/v3">
   <soapenv:Header/>
   <soapenv:Body>
      <v1:getOrganisationDenominationRequest>
         <v1:messageContext>
         	  <v11:messageId>${=import static java.util.UUID.randomUUID; uuid = randomUUID() as String}</v11:messageId>
            <v11:timestamp>${=new java.text.SimpleDateFormat("yyyy-MM-dd'T'HH:mm:ss.SSS").format(new Date())}</v11:timestamp>
         </v1:messageContext>
         <v1:legalContext>ServiceIntegrator</v1:legalContext>
         <v1:request>
            <v1:Domain>QUAL_FED_HEALTHCARE</v1:Domain>
            <v1:OrganisationId>
               <v31:Identifier>1990000431</v31:Identifier>
               <v31:IdentifierType>BEEHP</v31:IdentifierType>
            </v1:OrganisationId>
            <v1:Language>nl</v1:Language>
         </v1:request>
      </v1:getOrganisationDenominationRequest>
   </soapenv:Body>
</soapenv:Envelope>]]></con:request><con:assertion type="SOAP Fault Assertion" id="9b204f41-96b1-4a51-8038-6e18d5317650" name="Not SOAP Fault"/><con:assertion type="SOAP Response" id="7ccf43a6-4a1a-4277-880c-aeb5b5637d7e" name="SOAP Response"/><con:assertion type="Schema Compliance" id="02fb4baf-4dac-4c5a-8f5e-56cfccbe9d50" name="Schema Compliance"><con:configuration/></con:assertion><con:wsaConfig action="http://fidus.brussels/services/accessmanagerservice/getOrganisationDenomination"/></con:request></con:config></con:testStep><con:testStep type="request" id="0df1e510-b945-4fc8-9286-2d3f8f77d4cc" name="testcase5 - Prod - Worker2 - Request"><con:settings/><con:config xsi:type="con:RequestStep" xmlns:xsi="http://www.w3.org/2001/XMLSchema-instance"><con:interface>AccessManagerServiceHTTPBinding</con:interface><con:operation>getOrganisationDenomination</con:operation><con:request name="testcase5 - Prod - Worker2 - Request" id="da7d3cfd-bc4b-4955-b969-f0395bb5d0b3" outgoingWss="Outflow PROD"><con:settings/><con:encoding>UTF-8</con:encoding><con:endpoint>https://192.168.26.19:8443/services/AccessManagerService_v1.0</con:endpoint><con:request><![CDATA[<soapenv:Envelope xmlns:soapenv="http://schemas.xmlsoap.org/soap/envelope/" xmlns:v1="http://fidus.brussels/service/accessmanagerservice/messages/v1" xmlns:v11="http://fidus.brussels/type/common/messages/v1" xmlns:v31="http://socialsecurity.be/umanentityrepresentative/types/v3">
   <soapenv:Header/>
   <soapenv:Body>
      <v1:getOrganisationDenominationRequest>
         <v1:messageContext>
         	  <v11:messageId>${=import static java.util.UUID.randomUUID; uuid = randomUUID() as String}</v11:messageId>
            <v11:timestamp>${=new java.text.SimpleDateFormat("yyyy-MM-dd'T'HH:mm:ss.SSS").format(new Date())}</v11:timestamp>
         </v1:messageContext>
         <v1:legalContext>ServiceIntegrator</v1:legalContext>
         <v1:request>
            <v1:Domain>QUAL_FED_HEALTHCARE</v1:Domain>
            <v1:OrganisationId>
               <v31:Identifier>1990000431</v31:Identifier>
               <v31:IdentifierType>BEEHP</v31:IdentifierType>
            </v1:OrganisationId>
            <v1:Language>nl</v1:Language>
         </v1:request>
      </v1:getOrganisationDenominationRequest>
   </soapenv:Body>
</soapenv:Envelope>]]></con:request><con:assertion type="SOAP Fault Assertion" id="e7ca647e-082d-4ff2-8582-e750d6685f20" name="Not SOAP Fault"/><con:assertion type="SOAP Response" id="ab8ed83a-65d2-4c1e-8142-eac5d35688fc" name="SOAP Response"/><con:assertion type="Schema Compliance" id="96e940b8-f04c-4896-b1c8-d6431127c76f" name="Schema Compliance"><con:configuration/></con:assertion><con:wsaConfig action="http://fidus.brussels/services/accessmanagerservice/getOrganisationDenomination"/></con:request></con:config></con:testStep><con:properties/></con:testCase><con:testCase id="ee052c82-4c65-43b8-84e8-bba8f1c34f4c" failOnError="true" failTestCaseOnErrors="true" keepSession="false" maxResults="0" name="getOrganisationParentNodes" searchProperties="true"><con:settings/><con:testStep type="request" id="14fbb30f-1f8f-4a1e-9ea1-2fea985faea9" name="testcase5 - Prod - External - Request"><con:settings/><con:config xsi:type="con:RequestStep" xmlns:xsi="http://www.w3.org/2001/XMLSchema-instance"><con:interface>AccessManagerServiceHTTPBinding</con:interface><con:operation>getOrganisationParentNodes</con:operation><con:request name="testcase5 - Prod - External - Request" id="7950d74c-83b0-48da-a3d5-ed65cb73ba4b" outgoingWss="Outflow PROD"><con:settings/><con:encoding>UTF-8</con:encoding><con:endpoint>https://fidus-esb-sg.prd.srv.cirb.lan:8443/services/AccessManagerService_v1.0</con:endpoint><con:request><![CDATA[<soapenv:Envelope xmlns:soapenv="http://schemas.xmlsoap.org/soap/envelope/" xmlns:v1="http://fidus.brussels/service/accessmanagerservice/messages/v1" xmlns:v11="http://fidus.brussels/type/common/messages/v1" xmlns:v31="http://socialsecurity.be/umanentityrepresentative/types/v3">
   <soapenv:Header/>
   <soapenv:Body>
      <v1:getOrganisationParentNodesRequest>
         <v1:messageContext>
         	  <v11:messageId>${=import static java.util.UUID.randomUUID; uuid = randomUUID() as String}</v11:messageId>
            <v11:timestamp>${=new java.text.SimpleDateFormat("yyyy-MM-dd'T'HH:mm:ss.SSS").format(new Date())}</v11:timestamp>
         </v1:messageContext>
         <v1:legalContext>ServiceIntegrator</v1:legalContext>
         <v1:request>
            <v1:Domain>QUAL_FED_HEALTHCARE</v1:Domain>
            <v1:OrganisationId>
               <v31:Identifier>1990000431</v31:Identifier>
               <v31:IdentifierType>BEEHP</v31:IdentifierType>
            </v1:OrganisationId>
            <v1:Language>nl</v1:Language>
         </v1:request>
      </v1:getOrganisationParentNodesRequest>
   </soapenv:Body>
</soapenv:Envelope>]]></con:request><con:assertion type="SOAP Fault Assertion" id="89344b22-2f7b-4cea-8ee3-f10a1defd44d" name="Not SOAP Fault"/><con:assertion type="SOAP Response" id="ea703976-e719-4043-91c2-b0ccc8eade0c" name="SOAP Response"/><con:assertion type="Schema Compliance" id="ab024795-0d9a-45d1-b5f7-de2d59664851" name="Schema Compliance"><con:configuration/></con:assertion><con:wsaConfig action="http://fidus.brussels/services/accessmanagerservice/getOrganisationParentNodes"/></con:request></con:config></con:testStep><con:testStep type="request" id="492280a8-4c51-44a6-87ce-f4030be06824" name="testcase5 - Prod - LB - Request"><con:settings/><con:config xsi:type="con:RequestStep" xmlns:xsi="http://www.w3.org/2001/XMLSchema-instance"><con:interface>AccessManagerServiceHTTPBinding</con:interface><con:operation>getOrganisationParentNodes</con:operation><con:request name="testcase5 - Prod - LB - Request" id="75d9b643-89ef-4d8b-af2d-a7c4fae3d969" outgoingWss="Outflow PROD"><con:settings/><con:encoding>UTF-8</con:encoding><con:endpoint>https://fidus-esb-sg.prd.srv.cirb.lan:8443/services/AccessManagerService_v1.0</con:endpoint><con:request><![CDATA[<soapenv:Envelope xmlns:soapenv="http://schemas.xmlsoap.org/soap/envelope/" xmlns:v1="http://fidus.brussels/service/accessmanagerservice/messages/v1" xmlns:v11="http://fidus.brussels/type/common/messages/v1" xmlns:v31="http://socialsecurity.be/umanentityrepresentative/types/v3">
   <soapenv:Header/>
   <soapenv:Body>
      <v1:getOrganisationParentNodesRequest>
         <v1:messageContext>
         	  <v11:messageId>${=import static java.util.UUID.randomUUID; uuid = randomUUID() as String}</v11:messageId>
            <v11:timestamp>${=new java.text.SimpleDateFormat("yyyy-MM-dd'T'HH:mm:ss.SSS").format(new Date())}</v11:timestamp>
         </v1:messageContext>
         <v1:legalContext>ServiceIntegrator</v1:legalContext>
         <v1:request>
            <v1:Domain>QUAL_FED_HEALTHCARE</v1:Domain>
            <v1:OrganisationId>
               <v31:Identifier>1990000431</v31:Identifier>
               <v31:IdentifierType>BEEHP</v31:IdentifierType>
            </v1:OrganisationId>
            <v1:Language>nl</v1:Language>
         </v1:request>
      </v1:getOrganisationParentNodesRequest>
   </soapenv:Body>
</soapenv:Envelope>]]></con:request><con:assertion type="SOAP Fault Assertion" id="79ba7121-3f20-469b-8d43-580ee939899d" name="Not SOAP Fault"/><con:assertion type="SOAP Response" id="3eb098bb-b949-4100-80c0-0631dee7ad8a" name="SOAP Response"/><con:assertion type="Schema Compliance" id="1b15ef80-f211-4fac-9b49-e28162ac0753" name="Schema Compliance"><con:configuration/></con:assertion><con:wsaConfig action="http://fidus.brussels/services/accessmanagerservice/getOrganisationParentNodes"/></con:request></con:config></con:testStep><con:testStep type="request" id="e38b937a-e983-4bcc-92a0-cb18555529a6" name="testcase5 - Prod - Worker1 - Request"><con:settings/><con:config xsi:type="con:RequestStep" xmlns:xsi="http://www.w3.org/2001/XMLSchema-instance"><con:interface>AccessManagerServiceHTTPBinding</con:interface><con:operation>getOrganisationParentNodes</con:operation><con:request name="testcase5 - Prod - Worker1 - Request" id="1b954290-9223-4b7f-a8f2-85e40154b69b" outgoingWss="Outflow PROD"><con:settings/><con:encoding>UTF-8</con:encoding><con:endpoint>https://192.168.26.22:8443/services/AccessManagerService_v1.0</con:endpoint><con:request><![CDATA[<soapenv:Envelope xmlns:soapenv="http://schemas.xmlsoap.org/soap/envelope/" xmlns:v1="http://fidus.brussels/service/accessmanagerservice/messages/v1" xmlns:v11="http://fidus.brussels/type/common/messages/v1" xmlns:v31="http://socialsecurity.be/umanentityrepresentative/types/v3">
   <soapenv:Header/>
   <soapenv:Body>
      <v1:getOrganisationParentNodesRequest>
         <v1:messageContext>
         	  <v11:messageId>${=import static java.util.UUID.randomUUID; uuid = randomUUID() as String}</v11:messageId>
            <v11:timestamp>${=new java.text.SimpleDateFormat("yyyy-MM-dd'T'HH:mm:ss.SSS").format(new Date())}</v11:timestamp>
         </v1:messageContext>
         <v1:legalContext>ServiceIntegrator</v1:legalContext>
         <v1:request>
            <v1:Domain>QUAL_FED_HEALTHCARE</v1:Domain>
            <v1:OrganisationId>
               <v31:Identifier>1990000431</v31:Identifier>
               <v31:IdentifierType>BEEHP</v31:IdentifierType>
            </v1:OrganisationId>
            <v1:Language>nl</v1:Language>
         </v1:request>
      </v1:getOrganisationParentNodesRequest>
   </soapenv:Body>
</soapenv:Envelope>]]></con:request><con:assertion type="SOAP Fault Assertion" id="36e5533d-2d4c-46b9-a392-f9d68931595f" name="Not SOAP Fault"/><con:assertion type="SOAP Response" id="ad5366ea-f463-4521-8526-2e48b33591e5" name="SOAP Response"/><con:assertion type="Schema Compliance" id="0a2d55d6-025c-477d-8b7b-3626b0cc6204" name="Schema Compliance"><con:configuration/></con:assertion><con:wsaConfig action="http://fidus.brussels/services/accessmanagerservice/getOrganisationParentNodes"/></con:request></con:config></con:testStep><con:testStep type="request" id="876bce70-0467-4880-9553-265ab87fcd31" name="testcase5 - Prod - Worker2 - Request"><con:settings/><con:config xsi:type="con:RequestStep" xmlns:xsi="http://www.w3.org/2001/XMLSchema-instance"><con:interface>AccessManagerServiceHTTPBinding</con:interface><con:operation>getOrganisationParentNodes</con:operation><con:request name="testcase5 - Prod - Worker2 - Request" id="1dd40f50-36fa-4109-963d-805d5315f078" outgoingWss="Outflow PROD"><con:settings/><con:encoding>UTF-8</con:encoding><con:endpoint>https://192.168.26.19:8443/services/AccessManagerService_v1.0</con:endpoint><con:request><![CDATA[<soapenv:Envelope xmlns:soapenv="http://schemas.xmlsoap.org/soap/envelope/" xmlns:v1="http://fidus.brussels/service/accessmanagerservice/messages/v1" xmlns:v11="http://fidus.brussels/type/common/messages/v1" xmlns:v31="http://socialsecurity.be/umanentityrepresentative/types/v3">
   <soapenv:Header/>
   <soapenv:Body>
      <v1:getOrganisationParentNodesRequest>
         <v1:messageContext>
         	  <v11:messageId>${=import static java.util.UUID.randomUUID; uuid = randomUUID() as String}</v11:messageId>
            <v11:timestamp>${=new java.text.SimpleDateFormat("yyyy-MM-dd'T'HH:mm:ss.SSS").format(new Date())}</v11:timestamp>
         </v1:messageContext>
         <v1:legalContext>ServiceIntegrator</v1:legalContext>
         <v1:request>
            <v1:Domain>QUAL_FED_HEALTHCARE</v1:Domain>
            <v1:OrganisationId>
               <v31:Identifier>1990000431</v31:Identifier>
               <v31:IdentifierType>BEEHP</v31:IdentifierType>
            </v1:OrganisationId>
            <v1:Language>nl</v1:Language>
         </v1:request>
      </v1:getOrganisationParentNodesRequest>
   </soapenv:Body>
</soapenv:Envelope>]]></con:request><con:assertion type="SOAP Fault Assertion" id="c49926cd-ed28-4a64-8b39-0323a15e403c" name="Not SOAP Fault"/><con:assertion type="SOAP Response" id="b6fc79a8-3762-4490-bf26-52a4efea2f53" name="SOAP Response"/><con:assertion type="Schema Compliance" id="930155af-f8ef-4b1b-aacc-424e3cedb292" name="Schema Compliance"><con:configuration/></con:assertion><con:wsaConfig action="http://fidus.brussels/services/accessmanagerservice/getOrganisationParentNodes"/></con:request></con:config></con:testStep><con:properties/></con:testCase><con:properties/></con:testSuite><con:properties/><con:wssContainer><con:crypto><con:source>data/wso2/keystores/user-rajarshi.jks</con:source><con:password>test@fidus01</con:password><con:type>KEYSTORE</con:type></con:crypto><con:outgoing><con:name>Outflow DEV</con:name></con:outgoing><con:outgoing><con:name>Outflow TEST</con:name><con:entry type="Signature" username="testuser-test.fidus.brussels" password="test@fidus01"><con:configuration><crypto>user-rajarshi.jks</crypto><keyIdentifierType>3</keyIdentifierType><signatureAlgorithm/><signatureCanonicalization/><useSingleCert>true</useSingleCert><digestAlgorithm/><customTokenValueType/><customTokenId/></con:configuration></con:entry><con:entry type="Timestamp"><con:configuration><timeToLive>300000</timeToLive><strictTimestamp>true</strictTimestamp></con:configuration></con:entry></con:outgoing><con:outgoing><con:name>Outflow STAG</con:name></con:outgoing><con:outgoing><con:name>Outflow PROD</con:name></con:outgoing></con:wssContainer><con:oAuth2ProfileContainer/><con:oAuth1ProfileContainer/><con:sensitiveInformation/></con:soapui-project>