<?xml version="1.0" encoding="UTF-8"?>
<con:soapui-project id="8b299915-b0b3-4dfe-ae60-cde61eeda900" activeEnvironment="Default" name="Client-InvoiceService-2.0-soapui-project" resourceRoot="" soapui-version="5.1.3" abortOnError="false" runType="SEQUENTIAL" xmlns:con="http://eviware.com/soapui/config"><con:settings/><con:interface xsi:type="con:WsdlInterface" id="366ece34-fc9d-45db-9a55-f7a5a3884d5e" wsaVersion="NONE" name="InvoiceServiceHTTPBinding" type="wsdl" bindingName="{http://fidus.brussels/service/invoiceservice/v2.0}InvoiceServiceHTTPBinding" soapVersion="1_1" anonymous="optional" definition="file:/home/ebarbieux/Dev/fidus/invoiceservice_2.0/InvoiceServiceGateway/src/main/resources/wsdl/invoiceService/2.0.0/InvoiceService_v2.0.wsdl" xmlns:xsi="http://www.w3.org/2001/XMLSchema-instance"><con:settings/><con:definitionCache type="TEXT" rootPart="file:/home/ebarbieux/Dev/fidus/invoiceservice_2.0/InvoiceServiceGateway/src/main/resources/wsdl/invoiceService/2.0.0/InvoiceService_v2.0.wsdl"><con:part><con:url>file:/home/ebarbieux/Dev/fidus/invoiceservice_2.0/InvoiceServiceGateway/src/main/resources/wsdl/invoiceService/2.0.0/InvoiceService_v2.0.wsdl</con:url><con:content><![CDATA[<wsdl:definitions name="InvoiceService" targetNamespace="http://fidus.brussels/service/invoiceservice/v2.0" xmlns:soap="http://schemas.xmlsoap.org/wsdl/soap/" xmlns:wsdl="http://schemas.xmlsoap.org/wsdl/" xmlns:xsd="http://www.w3.org/2001/XMLSchema" xmlns:mes="http://fidus.brussels/service/invoiceservice/messages/v2.0" xmlns:tns="http://fidus.brussels/service/invoiceservice/v2.0">
  <wsdl:types>
    <xsd:schema targetNamespace="http://fidus.brussels/service/invoiceservice/v2.0" elementFormDefault="qualified">
      <xsd:import namespace="http://fidus.brussels/service/invoiceservice/messages/v2.0" schemaLocation="messages/invoiceServiceMessages_v2.0.xsd"/>
    </xsd:schema>
  </wsdl:types>
  <wsdl:message name="submitInboxRequestRequestMessage">
    <wsdl:part name="SubmitInboxRequestRequest" element="mes:submitInboxRequestRequest"/>
  </wsdl:message>
  <wsdl:message name="submitInboxRequestResponseMessage">
    <wsdl:part name="SubmitInboxRequestResponse" element="mes:submitInboxRequestResponse"/>
  </wsdl:message>
  <wsdl:message name="submitDocumentRequestMessage">
    <wsdl:part name="SubmitDocumentRequest" element="mes:submitDocumentRequest"/>
  </wsdl:message>
  <wsdl:message name="submitDocumentResponseMessage">
    <wsdl:part name="SubmitDocumentResponse" element="mes:submitDocumentResponse"/>
  </wsdl:message>
  <wsdl:message name="retrieveDocumentRequestMessage">
    <wsdl:part name="RetrieveDocumentRequest" element="mes:retrieveDocumentRequest"/>
  </wsdl:message>
  <wsdl:message name="retrieveDocumentResponseMessage">
    <wsdl:part name="RetrieveDocumentResponse" element="mes:retrieveDocumentResponse"/>
  </wsdl:message>
  <wsdl:message name="markDocumentRequestMessage">
    <wsdl:part name="MarkDocumentRequest" element="mes:markDocumentRequest"/>
  </wsdl:message>
  <wsdl:message name="markDocumentResponseMessage">
    <wsdl:part name="MarkDocumentResponse" element="mes:markDocumentResponse"/>
  </wsdl:message>
  <wsdl:portType name="InvoiceServicePortType">
    <wsdl:operation name="submitInboxRequest">
      <wsdl:input message="tns:submitInboxRequestRequestMessage"/>
      <wsdl:output message="tns:submitInboxRequestResponseMessage"/>
    </wsdl:operation>
    <wsdl:operation name="submitDocument">
      <wsdl:input message="tns:submitDocumentRequestMessage"/>
      <wsdl:output message="tns:submitDocumentResponseMessage"/>
    </wsdl:operation>
    <wsdl:operation name="retrieveDocument">
      <wsdl:input message="tns:retrieveDocumentRequestMessage"/>
      <wsdl:output message="tns:retrieveDocumentResponseMessage"/>
    </wsdl:operation>
    <wsdl:operation name="markDocument">
      <wsdl:input message="tns:markDocumentRequestMessage"/>
      <wsdl:output message="tns:markDocumentResponseMessage"/>
    </wsdl:operation>
  </wsdl:portType>
  <wsdl:binding name="InvoiceServiceHTTPBinding" type="tns:InvoiceServicePortType">
    <soap:binding style="document" transport="http://schemas.xmlsoap.org/soap/http"/>
    <wsdl:operation name="submitInboxRequest">
      <soap:operation soapAction="http://fidus.brussels/services/invoiceservice/submitInboxRequest"/>
      <wsdl:input>
        <soap:body use="literal"/>
      </wsdl:input>
      <wsdl:output>
        <soap:body use="literal"/>
      </wsdl:output>
    </wsdl:operation>
    <wsdl:operation name="submitDocument">
      <soap:operation soapAction="http://fidus.brussels/services/invoiceservice/submitDocument" style="document"/>
      <wsdl:input>
        <soap:body use="literal"/>
      </wsdl:input>
      <wsdl:output>
        <soap:body use="literal"/>
      </wsdl:output>
    </wsdl:operation>
    <wsdl:operation name="retrieveDocument">
      <soap:operation soapAction="http://fidus.brussels/services/invoiceservice/retrieveDocument"/>
      <wsdl:input>
        <soap:body use="literal"/>
      </wsdl:input>
      <wsdl:output>
        <soap:body use="literal"/>
      </wsdl:output>
    </wsdl:operation>
    <wsdl:operation name="markDocument">
      <soap:operation soapAction="http://fidus.brussels/services/invoiceservice/markDocument"/>
      <wsdl:input>
        <soap:body use="literal"/>
      </wsdl:input>
      <wsdl:output>
        <soap:body use="literal"/>
      </wsdl:output>
    </wsdl:operation>
  </wsdl:binding>
  <wsdl:service name="InvoiceService_v2">
    <wsdl:port name="InvoiceService_v2" binding="tns:InvoiceServiceHTTPBinding">
      <soap:address location="http://fidus.brussels/services/invoiceservice/v2"/>
    </wsdl:port>
  </wsdl:service>
  <xsd:annotation>
    <xsd:documentation>InvoiceService WDSL v2.0.</xsd:documentation>
  </xsd:annotation>
</wsdl:definitions>]]></con:content><con:type>http://schemas.xmlsoap.org/wsdl/</con:type></con:part><con:part><con:url>file:/home/ebarbieux/Dev/fidus/invoiceservice_2.0/InvoiceServiceGateway/src/main/resources/wsdl/invoiceService/2.0.0/messages/invoiceServiceMessages_v2.0.xsd</con:url><con:content><![CDATA[<xsd:schema targetNamespace="http://fidus.brussels/service/invoiceservice/messages/v2.0" elementFormDefault="qualified" attributeFormDefault="unqualified" version="1.0" xmlns:xsd="http://www.w3.org/2001/XMLSchema" xmlns:cme="http://fidus.brussels/type/common/messages/v1" xmlns:exc="http://fidus.brussels/type/common/exceptions/v1" xmlns:tns="http://fidus.brussels/service/invoiceservice/messages/v2.0" xmlns:csm="http://fsb.belgium.be/einvoicing/simpleprior/v1_00">
  <xsd:import namespace="http://fidus.brussels/type/common/messages/v1" schemaLocation="baseMessageTypes_v1.xsd"/>
  <xsd:import namespace="http://fidus.brussels/type/common/exceptions/v1" schemaLocation="exceptionTypes_v1.xsd"/>
  <xsd:import namespace="http://fsb.belgium.be/einvoicing/simpleprior/v1_00" schemaLocation="../simpleprior/simpleprior.xsd"/>
  <!--Request getInvoiceService definition-->
  <xsd:complexType name="SubmitInboxRequestRequestType">
    <xsd:sequence>
      <xsd:element name="messageContext" type="cme:RequestMessageContextType"/>
      <xsd:element name="legalContext" type="cme:LegalContextType"/>
      <xsd:element name="request" type="csm:submitInboxRequest"/>
    </xsd:sequence>
  </xsd:complexType>
  <xsd:complexType name="SubmitDocumentRequestType">
    <xsd:sequence>
      <xsd:element name="messageContext" type="cme:RequestMessageContextType"/>
      <xsd:element name="legalContext" type="cme:LegalContextType"/>
      <xsd:element name="request" type="csm:submitDocument"/>
    </xsd:sequence>
  </xsd:complexType>
  <xsd:complexType name="RetrieveDocumentRequestType">
    <xsd:sequence>
      <xsd:element name="messageContext" type="cme:RequestMessageContextType"/>
      <xsd:element name="legalContext" type="cme:LegalContextType"/>
      <xsd:element name="request" type="csm:retrieveDocument"/>
    </xsd:sequence>
  </xsd:complexType>
  <xsd:complexType name="MarkDocumentRequestType">
    <xsd:sequence>
      <xsd:element name="messageContext" type="cme:RequestMessageContextType"/>
      <xsd:element name="legalContext" type="cme:LegalContextType"/>
      <xsd:element name="request" type="csm:markDocument"/>
    </xsd:sequence>
  </xsd:complexType>
  <!--Request getInvoiceService definition-->
  <xsd:complexType name="SubmitInboxRequestResponseType">
    <xsd:sequence>
      <xsd:element name="messageContext" type="cme:ResponseMessageContextType"/>
      <xsd:element name="responses" type="tns:SirResponsesType" minOccurs="0"/>
      <xsd:element name="exceptions" type="exc:ExceptionsType" minOccurs="0">
        <xsd:annotation>
          <xsd:documentation>Technical errors that occur when processing the message context e.g. insufficient rights.</xsd:documentation>
        </xsd:annotation>
      </xsd:element>
    </xsd:sequence>
  </xsd:complexType>
  <xsd:complexType name="SubmitDocumentResponseType">
    <xsd:sequence>
      <xsd:element name="messageContext" type="cme:ResponseMessageContextType"/>
      <xsd:element name="responses" type="tns:SdResponsesType" minOccurs="0"/>
      <xsd:element name="exceptions" type="exc:ExceptionsType" minOccurs="0">
        <xsd:annotation>
          <xsd:documentation>Technical errors that occur when processing the message context e.g. insufficient rights.</xsd:documentation>
        </xsd:annotation>
      </xsd:element>
    </xsd:sequence>
  </xsd:complexType>
  <xsd:complexType name="RetrieveDocumentResponseType">
    <xsd:sequence>
      <xsd:element name="messageContext" type="cme:ResponseMessageContextType"/>
      <xsd:element name="responses" type="tns:RdResponsesType" minOccurs="0"/>
      <xsd:element name="exceptions" type="exc:ExceptionsType" minOccurs="0">
        <xsd:annotation>
          <xsd:documentation>Technical errors that occur when processing the message context e.g. insufficient rights.</xsd:documentation>
        </xsd:annotation>
      </xsd:element>
    </xsd:sequence>
  </xsd:complexType>
  <xsd:complexType name="MarkDocumentResponseType">
    <xsd:sequence>
      <xsd:element name="messageContext" type="cme:ResponseMessageContextType"/>
      <xsd:element name="responses" type="tns:MdResponsesType" minOccurs="0"/>
      <xsd:element name="exceptions" type="exc:ExceptionsType" minOccurs="0">
        <xsd:annotation>
          <xsd:documentation>Technical errors that occur when processing the message context e.g. insufficient rights.</xsd:documentation>
        </xsd:annotation>
      </xsd:element>
    </xsd:sequence>
  </xsd:complexType>
  <xsd:complexType name="SirResponsesType">
    <xsd:sequence>
      <xsd:element name="response" type="tns:SirResponseType" minOccurs="1" maxOccurs="1"/>
    </xsd:sequence>
  </xsd:complexType>
  <xsd:complexType name="SirResponseType">
    <xsd:sequence>
      <xsd:element name="invoice" type="csm:SubmitInboxRequestResponseType" minOccurs="0" maxOccurs="unbounded"/>
      <xsd:element name="exceptions" type="exc:ExceptionsType" minOccurs="0">
        <xsd:annotation>
          <xsd:documentation>Business exceptions that occur when processing the request or response e.g. missing data for a single response element.
						Exceptions at this level may contain back-end specific codes and content.</xsd:documentation>
        </xsd:annotation>
      </xsd:element>
    </xsd:sequence>
  </xsd:complexType>
  <xsd:complexType name="SdResponsesType">
    <xsd:sequence>
      <xsd:element name="response" type="tns:SdResponseType" minOccurs="1" maxOccurs="1"/>
    </xsd:sequence>
  </xsd:complexType>
  <xsd:complexType name="SdResponseType">
    <xsd:sequence>
      <xsd:element name="invoice" type="csm:submitDocumentResponse" minOccurs="0" maxOccurs="unbounded"/>
      <xsd:element name="exceptions" type="exc:ExceptionsType" minOccurs="0">
        <xsd:annotation>
          <xsd:documentation>Business exceptions that occur when processing the request or response e.g. missing data for a single response element.
						Exceptions at this level may contain back-end specific codes and content.</xsd:documentation>
        </xsd:annotation>
      </xsd:element>
    </xsd:sequence>
  </xsd:complexType>
  <xsd:complexType name="RdResponsesType">
    <xsd:sequence>
      <xsd:element name="response" type="tns:RdResponseType" minOccurs="1" maxOccurs="1"/>
    </xsd:sequence>
  </xsd:complexType>
  <xsd:complexType name="RdResponseType">
    <xsd:sequence>
      <xsd:element name="invoice" type="csm:retrieveDocumentResponse" minOccurs="0" maxOccurs="unbounded"/>
      <xsd:element name="exceptions" type="exc:ExceptionsType" minOccurs="0">
        <xsd:annotation>
          <xsd:documentation>Business exceptions that occur when processing the request or response e.g. missing data for a single response element.
						Exceptions at this level may contain back-end specific codes and content.</xsd:documentation>
        </xsd:annotation>
      </xsd:element>
    </xsd:sequence>
  </xsd:complexType>
  <xsd:complexType name="MdResponsesType">
    <xsd:sequence>
      <xsd:element name="response" type="tns:MdResponseType" minOccurs="1" maxOccurs="1"/>
    </xsd:sequence>
  </xsd:complexType>
  <xsd:complexType name="MdResponseType">
    <xsd:sequence>
      <xsd:element name="invoice" type="csm:markDocumentResponse" minOccurs="0" maxOccurs="unbounded"/>
      <xsd:element name="exceptions" type="exc:ExceptionsType" minOccurs="0">
        <xsd:annotation>
          <xsd:documentation>Business exceptions that occur when processing the request or response e.g. missing data for a single response element.
						Exceptions at this level may contain back-end specific codes and content.</xsd:documentation>
        </xsd:annotation>
      </xsd:element>
    </xsd:sequence>
  </xsd:complexType>
  <!--Element of the request and the response-->
  <xsd:element name="submitInboxRequestRequest" type="tns:SubmitInboxRequestRequestType"/>
  <xsd:element name="submitInboxRequestResponse" type="tns:SubmitInboxRequestResponseType"/>
  <xsd:element name="submitDocumentRequest" type="tns:SubmitDocumentRequestType"/>
  <xsd:element name="submitDocumentResponse" type="tns:SubmitDocumentResponseType"/>
  <xsd:element name="retrieveDocumentRequest" type="tns:RetrieveDocumentRequestType"/>
  <xsd:element name="retrieveDocumentResponse" type="tns:RetrieveDocumentResponseType"/>
  <xsd:element name="markDocumentRequest" type="tns:MarkDocumentRequestType"/>
  <xsd:element name="markDocumentResponse" type="tns:MarkDocumentResponseType"/>
</xsd:schema>]]></con:content><con:type>http://www.w3.org/2001/XMLSchema</con:type></con:part><con:part><con:url>file:/home/ebarbieux/Dev/fidus/invoiceservice_2.0/InvoiceServiceGateway/src/main/resources/wsdl/invoiceService/2.0.0/messages/baseMessageTypes_v1.xsd</con:url><con:content><![CDATA[<xsd:schema targetNamespace="http://fidus.brussels/type/common/messages/v1" elementFormDefault="qualified" attributeFormDefault="unqualified" version="1.0" xmlns:xsd="http://www.w3.org/2001/XMLSchema" xmlns:cmn="http://fidus.brussels/type/common/v1" xmlns:tns="http://fidus.brussels/type/common/messages/v1">
  <!--Unformatted message Id-->
  <xsd:simpleType name="MessageIdType">
    <xsd:restriction base="xsd:string">
      <xsd:minLength value="1"/>
      <xsd:maxLength value="64"/>
    </xsd:restriction>
  </xsd:simpleType>
  <!--National Number of the person. Format depending on the Register-->
  <xsd:simpleType name="PersonNumberType">
    <xsd:restriction base="xsd:string">
      <xsd:pattern value="[0-9][0-9](([0][0-9])|([1][0-2]))(([0-2][0-9])|([3][0-1]))(([0-9]{2}[1-9])|([0-9][1-9][0-9])|([1-9][0-9]{2}))(([0-8][0-9])|([9][0-7]))">
        <xsd:annotation>
          <xsd:documentation>National Register format</xsd:documentation>
        </xsd:annotation>
      </xsd:pattern>
      <xsd:pattern value="[0-9][0-9](([2][0-9])|([3][0-2]))(([0-2][0-9])|([3][0-1]))[0-9]{3}(([0-8][0-9])|([9][0-7]))">
        <xsd:annotation>
          <xsd:documentation>CBSS Register format: Bis Register</xsd:documentation>
        </xsd:annotation>
      </xsd:pattern>
      <xsd:pattern value="[0-9][0-9](([4][0-9])|([5][0-2]))(([0-2][0-9])|([3][0-1]))[0-9]{3}(([0-8][0-9])|([9][0-7]))">
        <xsd:annotation>
          <xsd:documentation>CBSS Register format: Ter Register</xsd:documentation>
        </xsd:annotation>
      </xsd:pattern>
    </xsd:restriction>
  </xsd:simpleType>
  <!--Request message context-->
  <xsd:complexType name="RequestMessageContextType">
    <xsd:annotation>
      <xsd:documentation>Message context block generated by the consumer.</xsd:documentation>
    </xsd:annotation>
    <xsd:sequence>
      <xsd:element name="messageId" type="tns:MessageIdType">
        <xsd:annotation>
          <xsd:documentation>Consumer must assign their own MessageId reference for the request.</xsd:documentation>
        </xsd:annotation>
      </xsd:element>
      <xsd:element name="timestamp" type="xsd:dateTime" minOccurs="0">
        <xsd:annotation>
          <xsd:documentation>Timestamp when client sent request.</xsd:documentation>
        </xsd:annotation>
      </xsd:element>
    </xsd:sequence>
  </xsd:complexType>
  <!--Response message context-->
  <xsd:complexType name="ResponseMessageContextType">
    <xsd:annotation>
      <xsd:documentation>MessageContext block generated by fidus.</xsd:documentation>
    </xsd:annotation>
    <xsd:sequence>
      <xsd:element name="messageId" type="tns:MessageIdType">
        <xsd:annotation>
          <xsd:documentation>A unique identifier generated by fidus.</xsd:documentation>
        </xsd:annotation>
      </xsd:element>
      <xsd:element name="transactionId" type="tns:MessageIdType">
        <xsd:annotation>
          <xsd:documentation>A unique ID returned to the client for tracing purposes.</xsd:documentation>
        </xsd:annotation>
      </xsd:element>
      <xsd:element name="timestamp" type="xsd:dateTime" minOccurs="0">
        <xsd:annotation>
          <xsd:documentation>Time reply sent by fidus.</xsd:documentation>
        </xsd:annotation>
      </xsd:element>
    </xsd:sequence>
  </xsd:complexType>
  <!--Legal Context : the finality of the Privacy Commission-->
  <xsd:simpleType name="LegalContextType">
    <xsd:restriction base="xsd:string">
      <xsd:minLength value="1"/>
      <xsd:maxLength value="64"/>
    </xsd:restriction>
  </xsd:simpleType>
  <xsd:complexType name="UserContextType">
    <xsd:annotation>
      <xsd:documentation>The user context defines information regarding the actual user performing a request.</xsd:documentation>
    </xsd:annotation>
    <xsd:sequence>
      <xsd:element name="language" type="xsd:language" nillable="true">
        <xsd:annotation>
          <xsd:documentation>The preferred language of the actual user performing the request.
						This influences the language in which response elements are cast.</xsd:documentation>
        </xsd:annotation>
      </xsd:element>
    </xsd:sequence>
  </xsd:complexType>
</xsd:schema>]]></con:content><con:type>http://www.w3.org/2001/XMLSchema</con:type></con:part><con:part><con:url>file:/home/ebarbieux/Dev/fidus/invoiceservice_2.0/InvoiceServiceGateway/src/main/resources/wsdl/invoiceService/2.0.0/messages/exceptionTypes_v1.xsd</con:url><con:content><![CDATA[<xsd:schema targetNamespace="http://fidus.brussels/type/common/exceptions/v1" elementFormDefault="qualified" attributeFormDefault="unqualified" version="1.0" xmlns:xsd="http://www.w3.org/2001/XMLSchema" xmlns:tns="http://fidus.brussels/type/common/exceptions/v1">
  <!--Basic error typed-->
  <xsd:complexType name="ExceptionsType">
    <xsd:sequence>
      <xsd:element name="exception" type="tns:ExceptionType" maxOccurs="unbounded"/>
    </xsd:sequence>
  </xsd:complexType>
  <xsd:complexType name="ExceptionType">
    <xsd:sequence>
      <xsd:element name="type" type="tns:ExceptionClassType"/>
      <xsd:element name="code" type="tns:ExceptionCodeType"/>
      <xsd:element name="source" type="tns:ExceptionSourceType"/>
      <xsd:element name="description" type="tns:ExceptionDescriptionType"/>
    </xsd:sequence>
  </xsd:complexType>
  <xsd:simpleType name="ExceptionClassType">
    <xsd:restriction base="xsd:string">
      <xsd:enumeration value="ERROR"/>
      <xsd:enumeration value="WARNING"/>
      <xsd:enumeration value="INFO"/>
    </xsd:restriction>
  </xsd:simpleType>
  <xsd:simpleType name="ExceptionCodeType">
    <xsd:restriction base="xsd:string">
      <xsd:maxLength value="20"/>
    </xsd:restriction>
  </xsd:simpleType>
  <xsd:simpleType name="ExceptionSourceType">
    <xsd:restriction base="xsd:string">
      <xsd:maxLength value="20"/>
    </xsd:restriction>
  </xsd:simpleType>
  <xsd:simpleType name="ExceptionDescriptionType">
    <xsd:restriction base="xsd:string"/>
  </xsd:simpleType>
</xsd:schema>]]></con:content><con:type>http://www.w3.org/2001/XMLSchema</con:type></con:part><con:part><con:url>file:/home/ebarbieux/Dev/fidus/invoiceservice_2.0/InvoiceServiceGateway/src/main/resources/wsdl/invoiceService/2.0.0/simpleprior/simpleprior.xsd</con:url><con:content><![CDATA[<xsd:schema targetNamespace="http://fsb.belgium.be/einvoicing/simpleprior/v1_00" elementFormDefault="qualified" attributeFormDefault="unqualified" xmlns:WL5G3N3="http://schemas.xmlsoap.org/wsdl/soap/" xmlns:WL5G3N2="http://fsb.belgium.be/einvoicing/simpleprior/v1_00" xmlns:WL5G3N1="http://fsb.belgium.be/header" xmlns:WL5G3N0="http://schemas.xmlsoap.org/wsdl/" xmlns:xsd="http://www.w3.org/2001/XMLSchema" xmlns:wsdl="http://schemas.xmlsoap.org/wsdl/" xmlns:tns="http://fsb.belgium.be/einvoicing/simpleprior/v1_00" xmlns:soap="http://schemas.xmlsoap.org/wsdl/soap/" xmlns:fsb="http://fsb.belgium.be/header" xmlns:agg="urn:oasis:natns:specification:ubl:schema:xsd:CommonAggregateComponents-2">
  <xsd:element name="consumerId">
    <xsd:complexType>
      <xsd:simpleContent>
        <xsd:extension base="xsd:normalizedString"/>
      </xsd:simpleContent>
    </xsd:complexType>
  </xsd:element>
  <xsd:complexType name="submitDocument">
    <xsd:sequence>
      <xsd:element name="document" type="tns:UBLDocumentType"/>
    </xsd:sequence>
  </xsd:complexType>
  <xsd:complexType name="submitDocumentResponse">
    <xsd:sequence>
      <xsd:element name="ackIndicator" type="xsd:boolean"/>
    </xsd:sequence>
  </xsd:complexType>
  <xsd:complexType name="retrieveDocument">
    <xsd:sequence>
      <xsd:element name="receiverId" type="xsd:normalizedString"/>
      <xsd:element name="senderId" type="xsd:normalizedString"/>
      <xsd:element name="documentType" type="xsd:normalizedString"/>
      <xsd:element name="documentId" type="xsd:normalizedString"/>
    </xsd:sequence>
  </xsd:complexType>
  <xsd:complexType name="retrieveDocumentResponse">
    <xsd:sequence>
      <xsd:element name="receivedDate" type="xsd:date"/>
      <xsd:element name="document" type="tns:UBLDocumentType"/>
    </xsd:sequence>
  </xsd:complexType>
  <xsd:complexType name="submitInboxRequest">
    <xsd:sequence>
      <xsd:element name="receiverId" type="xsd:string" minOccurs="0" maxOccurs="1"/>
      <xsd:element name="senderId" type="xsd:string" minOccurs="0" maxOccurs="1"/>
    </xsd:sequence>
  </xsd:complexType>
  <xsd:element name="submitInboxRequestResponse" type="tns:SubmitInboxRequestResponseType"/>
  <xsd:complexType name="UBLDocumentType">
    <xsd:sequence>
      <xsd:any processContents="skip"/>
    </xsd:sequence>
  </xsd:complexType>
  <xsd:complexType name="DocumentReferenceType">
    <xsd:sequence>
      <xsd:element name="receiverId" type="xsd:normalizedString"/>
      <xsd:element name="senderId" type="xsd:normalizedString"/>
      <xsd:element name="documentType" type="xsd:normalizedString"/>
      <xsd:element name="documentId" type="xsd:normalizedString"/>
    </xsd:sequence>
  </xsd:complexType>
  <xsd:complexType name="SubmitInboxRequestResponseType">
    <xsd:sequence>
      <xsd:element name="documentGroup">
        <xsd:complexType>
          <xsd:sequence>
            <xsd:element name="documentReference" type="tns:DocumentReferenceType" minOccurs="0" maxOccurs="unbounded"/>
          </xsd:sequence>
        </xsd:complexType>
      </xsd:element>
    </xsd:sequence>
  </xsd:complexType>
  <xsd:complexType name="markDocument">
    <xsd:sequence>
      <xsd:element name="receiverId" type="xsd:normalizedString"/>
      <xsd:element name="senderId" type="xsd:normalizedString"/>
      <xsd:element name="documentType" type="xsd:normalizedString"/>
      <xsd:element name="documentId" type="xsd:normalizedString"/>
    </xsd:sequence>
  </xsd:complexType>
  <xsd:complexType name="markDocumentResponse">
    <xsd:sequence>
      <xsd:element name="ackIndicator" type="xsd:boolean"/>
    </xsd:sequence>
  </xsd:complexType>
</xsd:schema>]]></con:content><con:type>http://www.w3.org/2001/XMLSchema</con:type></con:part></con:definitionCache><con:endpoints><con:endpoint>http://fidus.brussels/services/invoiceservice/v1</con:endpoint><con:endpoint>http://fidus.brussels/services/invoiceservice/v2</con:endpoint><con:endpoint>https://192.168.22.53:8443/services/InvoiceService_v1.0</con:endpoint><con:endpoint>https://192.168.24.16:8443/services/InvoiceService_v1.0</con:endpoint><con:endpoint>https://192.168.24.17:8443/services/InvoiceService_v1.0</con:endpoint><con:endpoint>https://192.168.26.22:8443/services/InvoiceService_v1.0</con:endpoint><con:endpoint>https://192.168.36.61:8243/services/InvoiceService_v1.0</con:endpoint><con:endpoint>https://esb-security-gw.sta.srv.cirb.lan:8443/services/InvoiceService_v1.0</con:endpoint><con:endpoint>https://fidus-esb-sg.prd.srv.cirb.lan:8443/services/InvoiceService_v1.0</con:endpoint><con:endpoint>https://fidus-esb-sg.sta.srv.cirb.lan:8443/services/InvoiceService_v1.0</con:endpoint><con:endpoint>https://fidus-test.irisnetlab.be/services/InvoiceService_v1.0</con:endpoint><con:endpoint>https://fidus.irisnetlab.be/services/InvoiceService_v1.0</con:endpoint><con:endpoint>https://fidus.sec.brussels/services/InvoiceService_v1.0</con:endpoint><con:endpoint>https://localhost:8243/services/InvoiceService_v1.0</con:endpoint></con:endpoints><con:operation id="b62cbf1c-1a1d-4844-995d-42d8ed65946f" isOneWay="false" action="http://fidus.brussels/services/invoiceservice/markDocument" name="markDocument" bindingOperationName="markDocument" type="Request-Response" inputName="" receivesAttachments="false" sendsAttachments="false" anonymous="optional"><con:settings/><con:call id="a5237834-0d57-46f9-863a-aa0790c4f3ae" name="1 - Local - Request" outgoingWss="Outflow DEV"><con:settings><con:setting id="com.eviware.soapui.impl.wsdl.WsdlRequest@request-headers">&lt;xml-fragment/></con:setting></con:settings><con:encoding>UTF-8</con:encoding><con:endpoint>https://localhost:8243/services/InvoiceService_v2.0</con:endpoint><con:request><![CDATA[<soapenv:Envelope xmlns:soapenv="http://schemas.xmlsoap.org/soap/envelope/" xmlns:v2="http://fidus.brussels/service/invoiceservice/messages/v2.0" xmlns:v11="http://fidus.brussels/type/common/messages/v1">
   <soapenv:Header/>
   <soapenv:Body>
      <v2:markDocumentRequest>
         <v2:messageContext>
            <v11:messageId>?</v11:messageId>
         </v2:messageContext>
         <v2:legalContext>ServiceIntegrator</v2:legalContext>
         <v2:request>
            <v12:receiverId xmlns:v12="http://fsb.belgium.be/einvoicing/simpleprior/v1_00">2222222222</v12:receiverId>
            <v12:senderId xmlns:v12="http://fsb.belgium.be/einvoicing/simpleprior/v1_00">0200013901</v12:senderId>
            <v12:documentType xmlns:v12="http://fsb.belgium.be/einvoicing/simpleprior/v1_00">380</v12:documentType>
            <v12:documentId xmlns:v12="http://fsb.belgium.be/einvoicing/simpleprior/v1_00">118120479086FAKDEC-18-5B</v12:documentId>         
         </v2:request>
      </v2:markDocumentRequest>
   </soapenv:Body>
</soapenv:Envelope>]]></con:request><con:credentials><con:selectedAuthProfile>Basic</con:selectedAuthProfile><con:addedBasicAuthenticationTypes>Basic</con:addedBasicAuthenticationTypes><con:authType>Global HTTP Settings</con:authType></con:credentials><con:jmsConfig JMSDeliveryMode="PERSISTENT"/><con:jmsPropertyConfig/><con:wsaConfig mustUnderstand="NONE" version="200508" action="http://fidus.brussels/services/invoiceservice/markRequest"/><con:wsrmConfig version="1.2"/></con:call><con:call id="b66e46a1-673b-4ceb-b35c-bf108877af94" name="2 - Dev - Request" outgoingWss="Outflow DEV"><con:settings><con:setting id="com.eviware.soapui.impl.wsdl.WsdlRequest@request-headers">&lt;xml-fragment/></con:setting></con:settings><con:encoding>UTF-8</con:encoding><con:endpoint>https://192.168.36.61:8243/services/InvoiceService_v2.0</con:endpoint><con:request><![CDATA[<soapenv:Envelope xmlns:soapenv="http://schemas.xmlsoap.org/soap/envelope/" xmlns:v2="http://fidus.brussels/service/invoiceservice/messages/v2.0" xmlns:v11="http://fidus.brussels/type/common/messages/v1">
   <soapenv:Header/>
   <soapenv:Body>
      <v2:markDocumentRequest>
         <v2:messageContext>
            <v11:messageId>?</v11:messageId>
         </v2:messageContext>
         <v2:legalContext>ServiceIntegrator</v2:legalContext>
         <v2:request>
            <v12:receiverId xmlns:v12="http://fsb.belgium.be/einvoicing/simpleprior/v1_00">2222222222</v12:receiverId>
            <v12:senderId xmlns:v12="http://fsb.belgium.be/einvoicing/simpleprior/v1_00">0200013901</v12:senderId>
            <v12:documentType xmlns:v12="http://fsb.belgium.be/einvoicing/simpleprior/v1_00">380</v12:documentType>
            <v12:documentId xmlns:v12="http://fsb.belgium.be/einvoicing/simpleprior/v1_00">e878b54b-8a82-4bf3-8c8c-37eacdab2589</v12:documentId>         
         </v2:request>
      </v2:markDocumentRequest>
   </soapenv:Body>
</soapenv:Envelope>]]></con:request><con:credentials><con:selectedAuthProfile>Basic</con:selectedAuthProfile><con:addedBasicAuthenticationTypes>Basic</con:addedBasicAuthenticationTypes><con:authType>Global HTTP Settings</con:authType></con:credentials><con:jmsConfig JMSDeliveryMode="PERSISTENT"/><con:jmsPropertyConfig/><con:wsaConfig mustUnderstand="NONE" version="200508" action="http://fidus.brussels/services/invoiceservice/markRequest"/><con:wsrmConfig version="1.2"/></con:call><con:call id="21a690d0-92ec-4a8f-8842-ad6f729d9e2a" name="3 - Test - External - Request" outgoingWss="Outflow TEST"><con:settings><con:setting id="com.eviware.soapui.impl.wsdl.WsdlRequest@request-headers">&lt;xml-fragment/></con:setting></con:settings><con:encoding>UTF-8</con:encoding><con:endpoint>https://fidus-test.irisnetlab.be/services/InvoiceService_v2.0</con:endpoint><con:request><![CDATA[<soapenv:Envelope xmlns:soapenv="http://schemas.xmlsoap.org/soap/envelope/" xmlns:v2="http://fidus.brussels/service/invoiceservice/messages/v2.0" xmlns:v11="http://fidus.brussels/type/common/messages/v1">
   <soapenv:Header/>
   <soapenv:Body>
      <v2:markDocumentRequest>
         <v2:messageContext>
            <v11:messageId>?</v11:messageId>
         </v2:messageContext>
         <v2:legalContext>ServiceIntegrator</v2:legalContext>
         <v2:request>
            <v12:receiverId xmlns:v12="http://fsb.belgium.be/einvoicing/simpleprior/v1_00">0463152333</v12:receiverId>
            <v12:senderId xmlns:v12="http://fsb.belgium.be/einvoicing/simpleprior/v1_00">0200013901</v12:senderId>
            <v12:documentType xmlns:v12="http://fsb.belgium.be/einvoicing/simpleprior/v1_00">380</v12:documentType>
            <v12:documentId xmlns:v12="http://fsb.belgium.be/einvoicing/simpleprior/v1_00">118120479086FAKDEC-19-5A</v12:documentId>         
         </v2:request>
      </v2:markDocumentRequest>
   </soapenv:Body>
</soapenv:Envelope>]]></con:request><con:credentials><con:selectedAuthProfile>Basic</con:selectedAuthProfile><con:addedBasicAuthenticationTypes>Basic</con:addedBasicAuthenticationTypes><con:authType>Global HTTP Settings</con:authType></con:credentials><con:jmsConfig JMSDeliveryMode="PERSISTENT"/><con:jmsPropertyConfig/><con:wsaConfig mustUnderstand="NONE" version="200508" action="http://fidus.brussels/services/invoiceservice/markDocument"/><con:wsrmConfig version="1.2"/></con:call><con:call id="539f9e64-5c4c-454c-8cab-3ecd33fbef22" name="3 - Test - LB - Request" outgoingWss="Outflow TEST"><con:settings><con:setting id="com.eviware.soapui.impl.wsdl.WsdlRequest@request-headers">&lt;xml-fragment/></con:setting></con:settings><con:encoding>UTF-8</con:encoding><con:endpoint>https://esb-security-gw.sta.srv.cirb.lan:8443/services/InvoiceService_v2.0</con:endpoint><con:request><![CDATA[<soapenv:Envelope xmlns:soapenv="http://schemas.xmlsoap.org/soap/envelope/" xmlns:v2="http://fidus.brussels/service/invoiceservice/messages/v2.0" xmlns:v11="http://fidus.brussels/type/common/messages/v1">
   <soapenv:Header/>
   <soapenv:Body>
      <v2:markDocumentRequest>
         <v2:messageContext>
            <v11:messageId>?</v11:messageId>
         </v2:messageContext>
         <v2:legalContext>ServiceIntegrator</v2:legalContext>
         <v2:request>
            <v12:receiverId xmlns:v12="http://fsb.belgium.be/einvoicing/simpleprior/v1_00">2222222222</v12:receiverId>
            <v12:senderId xmlns:v12="http://fsb.belgium.be/einvoicing/simpleprior/v1_00">0200013901</v12:senderId>
            <v12:documentType xmlns:v12="http://fsb.belgium.be/einvoicing/simpleprior/v1_00">380</v12:documentType>
            <v12:documentId xmlns:v12="http://fsb.belgium.be/einvoicing/simpleprior/v1_00">e878b54b-8a82-4bf3-8c8c-37eacdab2589</v12:documentId>         
         </v2:request>
      </v2:markDocumentRequest>
   </soapenv:Body>
</soapenv:Envelope>]]></con:request><con:credentials><con:selectedAuthProfile>Basic</con:selectedAuthProfile><con:addedBasicAuthenticationTypes>Basic</con:addedBasicAuthenticationTypes><con:authType>Global HTTP Settings</con:authType></con:credentials><con:jmsConfig JMSDeliveryMode="PERSISTENT"/><con:jmsPropertyConfig/><con:wsaConfig mustUnderstand="NONE" version="200508" action="http://fidus.brussels/services/invoiceservice/markRequest"/><con:wsrmConfig version="1.2"/></con:call><con:call id="0c0345e0-3731-4438-b425-ee89deb53429" name="3 - Test - Worker1 - Request" outgoingWss="Outflow TEST" incomingWss="inflowTest"><con:settings><con:setting id="com.eviware.soapui.impl.wsdl.WsdlRequest@request-headers">&lt;xml-fragment/></con:setting></con:settings><con:encoding>UTF-8</con:encoding><con:endpoint>https://192.168.24.45:8443/services/InvoiceService_v2.0</con:endpoint><con:request><![CDATA[<soapenv:Envelope xmlns:soapenv="http://schemas.xmlsoap.org/soap/envelope/" xmlns:v2="http://fidus.brussels/service/invoiceservice/messages/v2.0" xmlns:v11="http://fidus.brussels/type/common/messages/v1">
   <soapenv:Header/>
   <soapenv:Body>
      <v2:markDocumentRequest>
         <v2:messageContext>
            <v11:messageId>?</v11:messageId>
         </v2:messageContext>
         <v2:legalContext>ServiceIntegrator</v2:legalContext>
         <v2:request>
            <v12:receiverId xmlns:v12="http://fsb.belgium.be/einvoicing/simpleprior/v1_00">0316381039</v12:receiverId>
            <v12:senderId xmlns:v12="http://fsb.belgium.be/einvoicing/simpleprior/v1_00">0316381039</v12:senderId>
            <v12:documentType xmlns:v12="http://fsb.belgium.be/einvoicing/simpleprior/v1_00">380</v12:documentType>
            <v12:documentId xmlns:v12="http://fsb.belgium.be/einvoicing/simpleprior/v1_00">GOB003</v12:documentId>         
         </v2:request>
      </v2:markDocumentRequest>
   </soapenv:Body>
</soapenv:Envelope>]]></con:request><con:credentials><con:selectedAuthProfile>Basic</con:selectedAuthProfile><con:addedBasicAuthenticationTypes>Basic</con:addedBasicAuthenticationTypes><con:authType>Global HTTP Settings</con:authType></con:credentials><con:jmsConfig JMSDeliveryMode="PERSISTENT"/><con:jmsPropertyConfig/><con:wsaConfig mustUnderstand="NONE" version="200508" action="http://fidus.brussels/services/invoiceservice/markRequest"/><con:wsrmConfig version="1.2"/></con:call><con:call id="e60a91d4-96f5-4b65-bdeb-8e4b283309b2" name="3 - Test - Worker2 - Request" outgoingWss="Outflow TEST"><con:settings><con:setting id="com.eviware.soapui.impl.wsdl.WsdlRequest@request-headers">&lt;xml-fragment/></con:setting></con:settings><con:encoding>UTF-8</con:encoding><con:endpoint>https://192.168.22.54:8443/services/InvoiceService_v2.0</con:endpoint><con:request><![CDATA[<soapenv:Envelope xmlns:soapenv="http://schemas.xmlsoap.org/soap/envelope/" xmlns:v2="http://fidus.brussels/service/invoiceservice/messages/v2.0" xmlns:v11="http://fidus.brussels/type/common/messages/v1">
   <soapenv:Header/>
   <soapenv:Body>
      <v2:markDocumentRequest>
         <v2:messageContext>
            <v11:messageId>?</v11:messageId>
         </v2:messageContext>
         <v2:legalContext>ServiceIntegrator</v2:legalContext>
         <v2:request>
            <v12:receiverId xmlns:v12="http://fsb.belgium.be/einvoicing/simpleprior/v1_00">2222222222</v12:receiverId>
            <v12:senderId xmlns:v12="http://fsb.belgium.be/einvoicing/simpleprior/v1_00">0200013901</v12:senderId>
            <v12:documentType xmlns:v12="http://fsb.belgium.be/einvoicing/simpleprior/v1_00">380</v12:documentType>
            <v12:documentId xmlns:v12="http://fsb.belgium.be/einvoicing/simpleprior/v1_00">e878b54b-8a82-4bf3-8c8c-37eacdab2589</v12:documentId>         
         </v2:request>
      </v2:markDocumentRequest>
   </soapenv:Body>
</soapenv:Envelope>]]></con:request><con:credentials><con:selectedAuthProfile>Basic</con:selectedAuthProfile><con:addedBasicAuthenticationTypes>Basic</con:addedBasicAuthenticationTypes><con:authType>Global HTTP Settings</con:authType></con:credentials><con:jmsConfig JMSDeliveryMode="PERSISTENT"/><con:jmsPropertyConfig/><con:wsaConfig mustUnderstand="NONE" version="200508" action="http://fidus.brussels/services/invoiceservice/markRequest"/><con:wsrmConfig version="1.2"/></con:call><con:call id="73a540e6-f5a2-4901-a6bc-2a15f2100066" name="4 - Staging - External - Request" outgoingWss="Outflow STAG"><con:settings><con:setting id="com.eviware.soapui.impl.wsdl.WsdlRequest@request-headers">&lt;xml-fragment/></con:setting></con:settings><con:encoding>UTF-8</con:encoding><con:endpoint>https://fidus.irisnetlab.be/services/InvoiceService_v2.0</con:endpoint><con:request><![CDATA[<soapenv:Envelope xmlns:soapenv="http://schemas.xmlsoap.org/soap/envelope/" xmlns:v2="http://fidus.brussels/service/invoiceservice/messages/v2.0" xmlns:v11="http://fidus.brussels/type/common/messages/v1">
   <soapenv:Header/>
   <soapenv:Body>
      <v2:markDocumentRequest>
         <v2:messageContext>
            <v11:messageId>?</v11:messageId>
         </v2:messageContext>
         <v2:legalContext>ServiceIntegrator</v2:legalContext>
         <v2:request>
            <v12:receiverId xmlns:v12="http://fsb.belgium.be/einvoicing/simpleprior/v1_00">2222222222</v12:receiverId>
            <v12:senderId xmlns:v12="http://fsb.belgium.be/einvoicing/simpleprior/v1_00">0200013901</v12:senderId>
            <v12:documentType xmlns:v12="http://fsb.belgium.be/einvoicing/simpleprior/v1_00">380</v12:documentType>
            <v12:documentId xmlns:v12="http://fsb.belgium.be/einvoicing/simpleprior/v1_00">e878b54b-8a82-4bf3-8c8c-37eacdab2589</v12:documentId>         
         </v2:request>
      </v2:markDocumentRequest>
   </soapenv:Body>
</soapenv:Envelope>]]></con:request><con:credentials><con:selectedAuthProfile>Basic</con:selectedAuthProfile><con:addedBasicAuthenticationTypes>Basic</con:addedBasicAuthenticationTypes><con:authType>Global HTTP Settings</con:authType></con:credentials><con:jmsConfig JMSDeliveryMode="PERSISTENT"/><con:jmsPropertyConfig/><con:wsaConfig mustUnderstand="NONE" version="200508" action="http://fidus.brussels/services/invoiceservice/markRequest"/><con:wsrmConfig version="1.2"/></con:call><con:call id="e53cabcc-d6b4-42b1-9967-f5f46cbf66a3" name="4 - Staging - LB - Request" outgoingWss="Outflow STAG"><con:settings><con:setting id="com.eviware.soapui.impl.wsdl.WsdlRequest@request-headers">&lt;xml-fragment/></con:setting></con:settings><con:encoding>UTF-8</con:encoding><con:endpoint>https://fidus-esb-sg.sta.srv.cirb.lan:8443/services/InvoiceService_v2.0</con:endpoint><con:request><![CDATA[<soapenv:Envelope xmlns:soapenv="http://schemas.xmlsoap.org/soap/envelope/" xmlns:v2="http://fidus.brussels/service/invoiceservice/messages/v2.0" xmlns:v11="http://fidus.brussels/type/common/messages/v1">
   <soapenv:Header/>
   <soapenv:Body>
      <v2:markDocumentRequest>
         <v2:messageContext>
            <v11:messageId>?</v11:messageId>
         </v2:messageContext>
         <v2:legalContext>ServiceIntegrator</v2:legalContext>
         <v2:request>
            <v12:receiverId xmlns:v12="http://fsb.belgium.be/einvoicing/simpleprior/v1_00">2222222222</v12:receiverId>
            <v12:senderId xmlns:v12="http://fsb.belgium.be/einvoicing/simpleprior/v1_00">0200013901</v12:senderId>
            <v12:documentType xmlns:v12="http://fsb.belgium.be/einvoicing/simpleprior/v1_00">380</v12:documentType>
            <v12:documentId xmlns:v12="http://fsb.belgium.be/einvoicing/simpleprior/v1_00">e878b54b-8a82-4bf3-8c8c-37eacdab2589</v12:documentId>         
         </v2:request>
      </v2:markDocumentRequest>
   </soapenv:Body>
</soapenv:Envelope>]]></con:request><con:credentials><con:selectedAuthProfile>Basic</con:selectedAuthProfile><con:addedBasicAuthenticationTypes>Basic</con:addedBasicAuthenticationTypes><con:authType>Global HTTP Settings</con:authType></con:credentials><con:jmsConfig JMSDeliveryMode="PERSISTENT"/><con:jmsPropertyConfig/><con:wsaConfig mustUnderstand="NONE" version="200508" action="http://fidus.brussels/services/invoiceservice/markRequest"/><con:wsrmConfig version="1.2"/></con:call><con:call id="f44401a5-cb9e-410c-826b-a6f5c15c10d3" name="4 - Staging - Worker1 - Request" outgoingWss="Outflow STAG"><con:settings><con:setting id="com.eviware.soapui.impl.wsdl.WsdlRequest@request-headers">&lt;xml-fragment/></con:setting></con:settings><con:encoding>UTF-8</con:encoding><con:endpoint>https://192.168.24.16:8443/services/InvoiceService_v2.0</con:endpoint><con:request><![CDATA[<soapenv:Envelope xmlns:soapenv="http://schemas.xmlsoap.org/soap/envelope/" xmlns:v2="http://fidus.brussels/service/invoiceservice/messages/v2.0" xmlns:v11="http://fidus.brussels/type/common/messages/v1">
   <soapenv:Header/>
   <soapenv:Body>
      <v2:markDocumentRequest>
         <v2:messageContext>
            <v11:messageId>?</v11:messageId>
         </v2:messageContext>
         <v2:legalContext>ServiceIntegrator</v2:legalContext>
         <v2:request>
            <v12:receiverId xmlns:v12="http://fsb.belgium.be/einvoicing/simpleprior/v1_00">2222222222</v12:receiverId>
            <v12:senderId xmlns:v12="http://fsb.belgium.be/einvoicing/simpleprior/v1_00">0200013901</v12:senderId>
            <v12:documentType xmlns:v12="http://fsb.belgium.be/einvoicing/simpleprior/v1_00">380</v12:documentType>
            <v12:documentId xmlns:v12="http://fsb.belgium.be/einvoicing/simpleprior/v1_00">e878b54b-8a82-4bf3-8c8c-37eacdab2589</v12:documentId>         
         </v2:request>
      </v2:markDocumentRequest>
   </soapenv:Body>
</soapenv:Envelope>]]></con:request><con:credentials><con:selectedAuthProfile>Basic</con:selectedAuthProfile><con:addedBasicAuthenticationTypes>Basic</con:addedBasicAuthenticationTypes><con:authType>Global HTTP Settings</con:authType></con:credentials><con:jmsConfig JMSDeliveryMode="PERSISTENT"/><con:jmsPropertyConfig/><con:wsaConfig mustUnderstand="NONE" version="200508" action="http://fidus.brussels/services/invoiceservice/markRequest"/><con:wsrmConfig version="1.2"/></con:call><con:call id="7182faeb-b0a5-4a1e-b07c-b4dee502aff3" name="4 - Staging - Worker2 - Request" outgoingWss="Outflow STAG"><con:settings><con:setting id="com.eviware.soapui.impl.wsdl.WsdlRequest@request-headers">&lt;xml-fragment/></con:setting></con:settings><con:encoding>UTF-8</con:encoding><con:endpoint>https://192.168.24.17:8443/services/InvoiceService_v2.0</con:endpoint><con:request><![CDATA[<soapenv:Envelope xmlns:soapenv="http://schemas.xmlsoap.org/soap/envelope/" xmlns:v2="http://fidus.brussels/service/invoiceservice/messages/v2.0" xmlns:v11="http://fidus.brussels/type/common/messages/v1">
   <soapenv:Header/>
   <soapenv:Body>
      <v2:markDocumentRequest>
         <v2:messageContext>
            <v11:messageId>?</v11:messageId>
         </v2:messageContext>
         <v2:legalContext>ServiceIntegrator</v2:legalContext>
         <v2:request>
            <v12:receiverId xmlns:v12="http://fsb.belgium.be/einvoicing/simpleprior/v1_00">2222222222</v12:receiverId>
            <v12:senderId xmlns:v12="http://fsb.belgium.be/einvoicing/simpleprior/v1_00">0200013901</v12:senderId>
            <v12:documentType xmlns:v12="http://fsb.belgium.be/einvoicing/simpleprior/v1_00">380</v12:documentType>
            <v12:documentId xmlns:v12="http://fsb.belgium.be/einvoicing/simpleprior/v1_00">e878b54b-8a82-4bf3-8c8c-37eacdab2589</v12:documentId>         
         </v2:request>
      </v2:markDocumentRequest>
   </soapenv:Body>
</soapenv:Envelope>]]></con:request><con:credentials><con:selectedAuthProfile>Basic</con:selectedAuthProfile><con:addedBasicAuthenticationTypes>Basic</con:addedBasicAuthenticationTypes><con:authType>Global HTTP Settings</con:authType></con:credentials><con:jmsConfig JMSDeliveryMode="PERSISTENT"/><con:jmsPropertyConfig/><con:wsaConfig mustUnderstand="NONE" version="200508" action="http://fidus.brussels/services/invoiceservice/markRequest"/><con:wsrmConfig version="1.2"/></con:call><con:call id="e5937b2c-edbc-404d-a53d-1636f107c0d7" name="5 - Prod - External - Request" outgoingWss="Outflow PROD"><con:settings><con:setting id="com.eviware.soapui.impl.wsdl.WsdlRequest@request-headers">&lt;xml-fragment/></con:setting></con:settings><con:encoding>UTF-8</con:encoding><con:endpoint>https://fidus.sec.brussels/services/InvoiceService_v2.0</con:endpoint><con:request><![CDATA[<soapenv:Envelope xmlns:soapenv="http://schemas.xmlsoap.org/soap/envelope/" xmlns:v2="http://fidus.brussels/service/invoiceservice/messages/v2.0" xmlns:v11="http://fidus.brussels/type/common/messages/v1">
   <soapenv:Header/>
   <soapenv:Body>
      <v2:markDocumentRequest>
         <v2:messageContext>
            <v11:messageId>?</v11:messageId>
         </v2:messageContext>
         <v2:legalContext>ServiceIntegrator</v2:legalContext>
         <v2:request>
            <v12:receiverId xmlns:v12="http://fsb.belgium.be/einvoicing/simpleprior/v1_00">2222222222</v12:receiverId>
            <v12:senderId xmlns:v12="http://fsb.belgium.be/einvoicing/simpleprior/v1_00">0200013901</v12:senderId>
            <v12:documentType xmlns:v12="http://fsb.belgium.be/einvoicing/simpleprior/v1_00">380</v12:documentType>
            <v12:documentId xmlns:v12="http://fsb.belgium.be/einvoicing/simpleprior/v1_00">e878b54b-8a82-4bf3-8c8c-37eacdab2589</v12:documentId>         
         </v2:request>
      </v2:markDocumentRequest>
   </soapenv:Body>
</soapenv:Envelope>]]></con:request><con:credentials><con:selectedAuthProfile>Basic</con:selectedAuthProfile><con:addedBasicAuthenticationTypes>Basic</con:addedBasicAuthenticationTypes><con:authType>Global HTTP Settings</con:authType></con:credentials><con:jmsConfig JMSDeliveryMode="PERSISTENT"/><con:jmsPropertyConfig/><con:wsaConfig mustUnderstand="NONE" version="200508" action="http://fidus.brussels/services/invoiceservice/markRequest"/><con:wsrmConfig version="1.2"/></con:call><con:call id="f53ee2a3-0c73-45f2-8430-3e25285e0b52" name="5 - Prod - LB - Request" outgoingWss="Outflow PROD"><con:settings><con:setting id="com.eviware.soapui.impl.wsdl.WsdlRequest@request-headers">&lt;xml-fragment/></con:setting></con:settings><con:encoding>UTF-8</con:encoding><con:endpoint>https://fidus-esb-sg.prd.srv.cirb.lan:8443/services/InvoiceService_v2.0</con:endpoint><con:request><![CDATA[<soapenv:Envelope xmlns:soapenv="http://schemas.xmlsoap.org/soap/envelope/" xmlns:v2="http://fidus.brussels/service/invoiceservice/messages/v2.0" xmlns:v11="http://fidus.brussels/type/common/messages/v1">
   <soapenv:Header/>
   <soapenv:Body>
      <v2:markDocumentRequest>
         <v2:messageContext>
            <v11:messageId>?</v11:messageId>
         </v2:messageContext>
         <v2:legalContext>ServiceIntegrator</v2:legalContext>
         <v2:request>
            <v12:receiverId xmlns:v12="http://fsb.belgium.be/einvoicing/simpleprior/v1_00">2222222222</v12:receiverId>
            <v12:senderId xmlns:v12="http://fsb.belgium.be/einvoicing/simpleprior/v1_00">0200013901</v12:senderId>
            <v12:documentType xmlns:v12="http://fsb.belgium.be/einvoicing/simpleprior/v1_00">380</v12:documentType>
            <v12:documentId xmlns:v12="http://fsb.belgium.be/einvoicing/simpleprior/v1_00">e878b54b-8a82-4bf3-8c8c-37eacdab2589</v12:documentId>         
         </v2:request>
      </v2:markDocumentRequest>
   </soapenv:Body>
</soapenv:Envelope>]]></con:request><con:credentials><con:selectedAuthProfile>Basic</con:selectedAuthProfile><con:addedBasicAuthenticationTypes>Basic</con:addedBasicAuthenticationTypes><con:authType>Global HTTP Settings</con:authType></con:credentials><con:jmsConfig JMSDeliveryMode="PERSISTENT"/><con:jmsPropertyConfig/><con:wsaConfig mustUnderstand="NONE" version="200508" action="http://fidus.brussels/services/invoiceservice/markRequest"/><con:wsrmConfig version="1.2"/></con:call><con:call id="14e3c581-0f8e-40d0-8f03-9c616ca24bc1" name="5 - Prod - Worker1 - Request" outgoingWss="Outflow PROD"><con:settings><con:setting id="com.eviware.soapui.impl.wsdl.WsdlRequest@request-headers">&lt;xml-fragment/></con:setting></con:settings><con:encoding>UTF-8</con:encoding><con:endpoint>https://192.168.26.22:8443/services/InvoiceService_v2.0</con:endpoint><con:request><![CDATA[<soapenv:Envelope xmlns:soapenv="http://schemas.xmlsoap.org/soap/envelope/" xmlns:v2="http://fidus.brussels/service/invoiceservice/messages/v2.0" xmlns:v1="http://fidus.brussels/service/invoiceservice/messages/v1.2" xmlns:v11="http://fidus.brussels/type/common/messages/v1" xmlns:urn="urn:oasis:names:specification:ubl:schema:xsd:CommonAggregateComponents-2" xmlns:urn1="urn:oasis:names:specification:ubl:schema:xsd:CommonBasicComponents-2">
   <soapenv:Header/>
   <soapenv:Body>
      <v2:markDocumentRequest>
         <v2:messageContext>
            <v11:messageId>?</v11:messageId>
         </v2:messageContext>
         <v2:legalContext>?</v2:legalContext>
         <v2:request>
            <v12:receiverId xmlns:v12="http://fsb.belgium.be/einvoicing/simpleprior/v1_00">?</v12:receiverId>
            <v12:senderId xmlns:v12="http://fsb.belgium.be/einvoicing/simpleprior/v1_00">?</v12:senderId>
            <v12:documentType xmlns:v12="http://fsb.belgium.be/einvoicing/simpleprior/v1_00">?</v12:documentType>
            <v12:documentId xmlns:v12="http://fsb.belgium.be/einvoicing/simpleprior/v1_00">?</v12:documentId>
         </v2:request>
      </v2:markDocumentRequest>
   </soapenv:Body>
</soapenv:Envelope>]]></con:request><con:credentials><con:selectedAuthProfile>Basic</con:selectedAuthProfile><con:addedBasicAuthenticationTypes>Basic</con:addedBasicAuthenticationTypes><con:authType>Global HTTP Settings</con:authType></con:credentials><con:jmsConfig JMSDeliveryMode="PERSISTENT"/><con:jmsPropertyConfig/><con:wsaConfig mustUnderstand="NONE" version="200508" action="http://fidus.brussels/services/invoiceservice/markRequest"/><con:wsrmConfig version="1.2"/></con:call><con:call id="34362480-5886-42f1-981c-55a9b55595b8" name="5 - Prod - Worker2 - Request" outgoingWss="Outflow PROD"><con:settings><con:setting id="com.eviware.soapui.impl.wsdl.WsdlRequest@request-headers">&lt;xml-fragment/></con:setting></con:settings><con:encoding>UTF-8</con:encoding><con:endpoint>https://192.168.26.19:8443/services/InvoiceService_v2.0</con:endpoint><con:request><![CDATA[<soapenv:Envelope xmlns:soapenv="http://schemas.xmlsoap.org/soap/envelope/" xmlns:v2="http://fidus.brussels/service/invoiceservice/messages/v2.0" xmlns:v1="http://fidus.brussels/service/invoiceservice/messages/v1.2" xmlns:v11="http://fidus.brussels/type/common/messages/v1" xmlns:urn="urn:oasis:names:specification:ubl:schema:xsd:CommonAggregateComponents-2" xmlns:urn1="urn:oasis:names:specification:ubl:schema:xsd:CommonBasicComponents-2">
   <soapenv:Header/>
   <soapenv:Body>
      <v2:markDocumentRequest>
         <v2:messageContext>
            <v11:messageId>?</v11:messageId>
         </v2:messageContext>
         <v2:legalContext>?</v2:legalContext>
         <v2:request>
            <v12:receiverId xmlns:v12="http://fsb.belgium.be/einvoicing/simpleprior/v1_00">?</v12:receiverId>
            <v12:senderId xmlns:v12="http://fsb.belgium.be/einvoicing/simpleprior/v1_00">?</v12:senderId>
            <v12:documentType xmlns:v12="http://fsb.belgium.be/einvoicing/simpleprior/v1_00">?</v12:documentType>
            <v12:documentId xmlns:v12="http://fsb.belgium.be/einvoicing/simpleprior/v1_00">?</v12:documentId>
         </v2:request>
      </v2:markDocumentRequest>
   </soapenv:Body>
</soapenv:Envelope>]]></con:request><con:credentials><con:selectedAuthProfile>Basic</con:selectedAuthProfile><con:addedBasicAuthenticationTypes>Basic</con:addedBasicAuthenticationTypes><con:authType>Global HTTP Settings</con:authType></con:credentials><con:jmsConfig JMSDeliveryMode="PERSISTENT"/><con:jmsPropertyConfig/><con:wsaConfig mustUnderstand="NONE" version="200508" action="http://fidus.brussels/services/invoiceservice/markRequest"/><con:wsrmConfig version="1.2"/></con:call></con:operation><con:operation id="9abadbef-5491-4153-b2f0-c706ab494a58" isOneWay="false" action="http://fidus.brussels/services/invoiceservice/retrieveDocument" name="retrieveDocument" bindingOperationName="retrieveDocument" type="Request-Response" inputName="" receivesAttachments="false" sendsAttachments="false" anonymous="optional"><con:settings/><con:call id="d5913743-65b6-4f0e-830d-08b91ac12fca" name="1 - Local - Request" outgoingWss="Outflow DEV"><con:settings><con:setting id="com.eviware.soapui.impl.wsdl.WsdlRequest@request-headers">&lt;xml-fragment/></con:setting></con:settings><con:encoding>UTF-8</con:encoding><con:endpoint>https://localhost:8243/services/InvoiceService_v2.0</con:endpoint><con:request><![CDATA[<soapenv:Envelope xmlns:soapenv="http://schemas.xmlsoap.org/soap/envelope/" xmlns:v2="http://fidus.brussels/service/invoiceservice/messages/v2.0" xmlns:v11="http://fidus.brussels/type/common/messages/v1">
   <soapenv:Header/>
   <soapenv:Body>
      <v2:retrieveDocumentRequest>
         <v2:messageContext>
            <v11:messageId>?</v11:messageId>
         </v2:messageContext>
         <v2:legalContext>ServiceIntegrator</v2:legalContext>
         <v2:request>
            <v12:receiverId xmlns:v12="http://fsb.belgium.be/einvoicing/simpleprior/v1_00">0463152333</v12:receiverId>
            <v12:senderId xmlns:v12="http://fsb.belgium.be/einvoicing/simpleprior/v1_00">0200013901</v12:senderId>
            <v12:documentType xmlns:v12="http://fsb.belgium.be/einvoicing/simpleprior/v1_00">380</v12:documentType>
            <v12:documentId xmlns:v12="http://fsb.belgium.be/einvoicing/simpleprior/v1_00">118120479086FAKDEC-20-5B</v12:documentId>         
         </v2:request>
      </v2:retrieveDocumentRequest>
   </soapenv:Body>
</soapenv:Envelope>]]></con:request><con:credentials><con:selectedAuthProfile>Basic</con:selectedAuthProfile><con:addedBasicAuthenticationTypes>Basic</con:addedBasicAuthenticationTypes><con:authType>Global HTTP Settings</con:authType></con:credentials><con:jmsConfig JMSDeliveryMode="PERSISTENT"/><con:jmsPropertyConfig/><con:wsaConfig mustUnderstand="NONE" version="200508" action="http://fidus.brussels/services/invoiceservice/retrieveRequest"/><con:wsrmConfig version="1.2"/></con:call><con:call id="f9cdb41a-57ba-40b3-8433-50712fb81a27" name="2 - Dev - Request" outgoingWss="Outflow DEV"><con:settings><con:setting id="com.eviware.soapui.impl.wsdl.WsdlRequest@request-headers">&lt;xml-fragment/></con:setting></con:settings><con:encoding>UTF-8</con:encoding><con:endpoint>https://192.168.36.61:8243/services/InvoiceService_v2.0</con:endpoint><con:request><![CDATA[<soapenv:Envelope xmlns:soapenv="http://schemas.xmlsoap.org/soap/envelope/" xmlns:v2="http://fidus.brussels/service/invoiceservice/messages/v2.0" xmlns:v11="http://fidus.brussels/type/common/messages/v1">
   <soapenv:Header/>
   <soapenv:Body>
      <v2:retrieveDocumentRequest>
         <v2:messageContext>
            <v11:messageId>?</v11:messageId>
         </v2:messageContext>
         <v2:legalContext>ServiceIntegrator</v2:legalContext>
         <v2:request>
            <v12:receiverId xmlns:v12="http://fsb.belgium.be/einvoicing/simpleprior/v1_00">0463152333</v12:receiverId>
            <v12:senderId xmlns:v12="http://fsb.belgium.be/einvoicing/simpleprior/v1_00">0200013901</v12:senderId>
            <v12:documentType xmlns:v12="http://fsb.belgium.be/einvoicing/simpleprior/v1_00">380</v12:documentType>
            <v12:documentId xmlns:v12="http://fsb.belgium.be/einvoicing/simpleprior/v1_00">118120479086FAKDEC-20-5B</v12:documentId>         
         </v2:request>
      </v2:retrieveDocumentRequest>
   </soapenv:Body>
</soapenv:Envelope>]]></con:request><con:credentials><con:selectedAuthProfile>Basic</con:selectedAuthProfile><con:addedBasicAuthenticationTypes>Basic</con:addedBasicAuthenticationTypes><con:authType>Global HTTP Settings</con:authType></con:credentials><con:jmsConfig JMSDeliveryMode="PERSISTENT"/><con:jmsPropertyConfig/><con:wsaConfig mustUnderstand="NONE" version="200508" action="http://fidus.brussels/services/invoiceservice/retrieveRequest"/><con:wsrmConfig version="1.2"/></con:call><con:call id="8037ec9f-4934-4d94-b585-777c4e4c0570" name="3 - Test - External - Request" outgoingWss="Outflow TEST"><con:settings><con:setting id="com.eviware.soapui.impl.wsdl.WsdlRequest@request-headers">&lt;xml-fragment/></con:setting></con:settings><con:encoding>UTF-8</con:encoding><con:endpoint>https://fidus-test.irisnetlab.be/services/InvoiceService_v2.0</con:endpoint><con:request><![CDATA[<soapenv:Envelope xmlns:soapenv="http://schemas.xmlsoap.org/soap/envelope/" xmlns:v2="http://fidus.brussels/service/invoiceservice/messages/v2.0" xmlns:v11="http://fidus.brussels/type/common/messages/v1">
   <soapenv:Header/>
   <soapenv:Body>
      <v2:retrieveDocumentRequest>
         <v2:messageContext>
            <v11:messageId>?</v11:messageId>
         </v2:messageContext>
         <v2:legalContext>ServiceIntegrator</v2:legalContext>
         <v2:request>
            <v12:receiverId xmlns:v12="http://fsb.belgium.be/einvoicing/simpleprior/v1_00">0463152333</v12:receiverId>
            <v12:senderId xmlns:v12="http://fsb.belgium.be/einvoicing/simpleprior/v1_00">0200013901</v12:senderId>
            <v12:documentType xmlns:v12="http://fsb.belgium.be/einvoicing/simpleprior/v1_00">380</v12:documentType>
            <v12:documentId xmlns:v12="http://fsb.belgium.be/einvoicing/simpleprior/v1_00">118120479086FAKDEC-20-5B</v12:documentId>         
         </v2:request>
      </v2:retrieveDocumentRequest>
   </soapenv:Body>
</soapenv:Envelope>]]></con:request><con:credentials><con:selectedAuthProfile>Basic</con:selectedAuthProfile><con:addedBasicAuthenticationTypes>Basic</con:addedBasicAuthenticationTypes><con:authType>Global HTTP Settings</con:authType></con:credentials><con:jmsConfig JMSDeliveryMode="PERSISTENT"/><con:jmsPropertyConfig/><con:wsaConfig mustUnderstand="NONE" version="200508" action="http://fidus.brussels/services/invoiceservice/retrieveRequest"/><con:wsrmConfig version="1.2"/></con:call><con:call id="78eb90f7-7055-4654-85bf-433b67f75418" name="3 - Test - LB - Request" outgoingWss="Outflow TEST"><con:settings><con:setting id="com.eviware.soapui.impl.wsdl.WsdlRequest@request-headers">&lt;xml-fragment/></con:setting></con:settings><con:encoding>UTF-8</con:encoding><con:endpoint>https://esb-security-gw.sta.srv.cirb.lan:8443/services/InvoiceService_v2.0</con:endpoint><con:request><![CDATA[<soapenv:Envelope xmlns:soapenv="http://schemas.xmlsoap.org/soap/envelope/" xmlns:v2="http://fidus.brussels/service/invoiceservice/messages/v2.0" xmlns:v11="http://fidus.brussels/type/common/messages/v1">
   <soapenv:Header/>
   <soapenv:Body>
      <v2:retrieveDocumentRequest>
         <v2:messageContext>
            <v11:messageId>?</v11:messageId>
         </v2:messageContext>
         <v2:legalContext>ServiceIntegrator</v2:legalContext>
         <v2:request>
            <v12:receiverId xmlns:v12="http://fsb.belgium.be/einvoicing/simpleprior/v1_00">0463152333</v12:receiverId>
            <v12:senderId xmlns:v12="http://fsb.belgium.be/einvoicing/simpleprior/v1_00">0200013901</v12:senderId>
            <v12:documentType xmlns:v12="http://fsb.belgium.be/einvoicing/simpleprior/v1_00">380</v12:documentType>
            <v12:documentId xmlns:v12="http://fsb.belgium.be/einvoicing/simpleprior/v1_00">118120479086FAKDEC-20-5B</v12:documentId>         
         </v2:request>
      </v2:retrieveDocumentRequest>
   </soapenv:Body>
</soapenv:Envelope>]]></con:request><con:credentials><con:selectedAuthProfile>Basic</con:selectedAuthProfile><con:addedBasicAuthenticationTypes>Basic</con:addedBasicAuthenticationTypes><con:authType>Global HTTP Settings</con:authType></con:credentials><con:jmsConfig JMSDeliveryMode="PERSISTENT"/><con:jmsPropertyConfig/><con:wsaConfig mustUnderstand="NONE" version="200508" action="http://fidus.brussels/services/invoiceservice/retrieveRequest"/><con:wsrmConfig version="1.2"/></con:call><con:call id="027bd321-a952-48c9-a208-7f3cc5986e10" name="3 - Test - Worker1 - Request" outgoingWss="Outflow TEST"><con:settings><con:setting id="com.eviware.soapui.impl.wsdl.WsdlRequest@request-headers">&lt;xml-fragment/></con:setting></con:settings><con:encoding>UTF-8</con:encoding><con:endpoint>https://192.168.22.53:8443/services/InvoiceService_v2.0</con:endpoint><con:request><![CDATA[<soapenv:Envelope xmlns:soapenv="http://schemas.xmlsoap.org/soap/envelope/" xmlns:v2="http://fidus.brussels/service/invoiceservice/messages/v2.0" xmlns:v11="http://fidus.brussels/type/common/messages/v1">
   <soapenv:Header/>
   <soapenv:Body>
      <v2:retrieveDocumentRequest>
         <v2:messageContext>
            <v11:messageId>?</v11:messageId>
         </v2:messageContext>
         <v2:legalContext>ServiceIntegrator</v2:legalContext>
         <v2:request>
            <v12:receiverId xmlns:v12="http://fsb.belgium.be/einvoicing/simpleprior/v1_00">0463152333</v12:receiverId>
            <v12:senderId xmlns:v12="http://fsb.belgium.be/einvoicing/simpleprior/v1_00">0200013901</v12:senderId>
            <v12:documentType xmlns:v12="http://fsb.belgium.be/einvoicing/simpleprior/v1_00">380</v12:documentType>
            <v12:documentId xmlns:v12="http://fsb.belgium.be/einvoicing/simpleprior/v1_00">118120479086FAKDEC-20-5B</v12:documentId>         
         </v2:request>
      </v2:retrieveDocumentRequest>
   </soapenv:Body>
</soapenv:Envelope>]]></con:request><con:credentials><con:selectedAuthProfile>Basic</con:selectedAuthProfile><con:addedBasicAuthenticationTypes>Basic</con:addedBasicAuthenticationTypes><con:authType>Global HTTP Settings</con:authType></con:credentials><con:jmsConfig JMSDeliveryMode="PERSISTENT"/><con:jmsPropertyConfig/><con:wsaConfig mustUnderstand="NONE" version="200508" action="http://fidus.brussels/services/invoiceservice/retrieveRequest"/><con:wsrmConfig version="1.2"/></con:call><con:call id="2d581a36-f256-4d84-8197-15cc02258f0a" name="3 - Test - Worker2 - Request" outgoingWss="Outflow TEST"><con:settings><con:setting id="com.eviware.soapui.impl.wsdl.WsdlRequest@request-headers">&lt;xml-fragment/></con:setting></con:settings><con:encoding>UTF-8</con:encoding><con:endpoint>https://192.168.22.54:8443/services/InvoiceService_v2.0</con:endpoint><con:request><![CDATA[<soapenv:Envelope xmlns:soapenv="http://schemas.xmlsoap.org/soap/envelope/" xmlns:v2="http://fidus.brussels/service/invoiceservice/messages/v2.0" xmlns:v11="http://fidus.brussels/type/common/messages/v1">
   <soapenv:Header/>
   <soapenv:Body>
      <v2:retrieveDocumentRequest>
         <v2:messageContext>
            <v11:messageId>?</v11:messageId>
         </v2:messageContext>
         <v2:legalContext>ServiceIntegrator</v2:legalContext>
         <v2:request>
            <v12:receiverId xmlns:v12="http://fsb.belgium.be/einvoicing/simpleprior/v1_00">0463152333</v12:receiverId>
            <v12:senderId xmlns:v12="http://fsb.belgium.be/einvoicing/simpleprior/v1_00">0200013901</v12:senderId>
            <v12:documentType xmlns:v12="http://fsb.belgium.be/einvoicing/simpleprior/v1_00">380</v12:documentType>
            <v12:documentId xmlns:v12="http://fsb.belgium.be/einvoicing/simpleprior/v1_00">118120479086FAKDEC-20-5B</v12:documentId>         
         </v2:request>
      </v2:retrieveDocumentRequest>
   </soapenv:Body>
</soapenv:Envelope>]]></con:request><con:credentials><con:selectedAuthProfile>Basic</con:selectedAuthProfile><con:addedBasicAuthenticationTypes>Basic</con:addedBasicAuthenticationTypes><con:authType>Global HTTP Settings</con:authType></con:credentials><con:jmsConfig JMSDeliveryMode="PERSISTENT"/><con:jmsPropertyConfig/><con:wsaConfig mustUnderstand="NONE" version="200508" action="http://fidus.brussels/services/invoiceservice/retrieveRequest"/><con:wsrmConfig version="1.2"/></con:call><con:call id="9be5211e-f9bf-43c8-8905-558971855457" name="4 - Staging - External - Request" outgoingWss="Outflow STAG"><con:settings><con:setting id="com.eviware.soapui.impl.wsdl.WsdlRequest@request-headers">&lt;xml-fragment/></con:setting></con:settings><con:encoding>UTF-8</con:encoding><con:endpoint>https://fidus.irisnetlab.be/services/InvoiceService_v2.0</con:endpoint><con:request><![CDATA[<soapenv:Envelope xmlns:soapenv="http://schemas.xmlsoap.org/soap/envelope/" xmlns:v2="http://fidus.brussels/service/invoiceservice/messages/v2.0" xmlns:v11="http://fidus.brussels/type/common/messages/v1">
   <soapenv:Header/>
   <soapenv:Body>
      <v2:retrieveDocumentRequest>
         <v2:messageContext>
            <v11:messageId>?</v11:messageId>
         </v2:messageContext>
         <v2:legalContext>ServiceIntegrator</v2:legalContext>
         <v2:request>
            <v12:receiverId xmlns:v12="http://fsb.belgium.be/einvoicing/simpleprior/v1_00">0463152333</v12:receiverId>
            <v12:senderId xmlns:v12="http://fsb.belgium.be/einvoicing/simpleprior/v1_00">0200013901</v12:senderId>
            <v12:documentType xmlns:v12="http://fsb.belgium.be/einvoicing/simpleprior/v1_00">380</v12:documentType>
            <v12:documentId xmlns:v12="http://fsb.belgium.be/einvoicing/simpleprior/v1_00">118120479086FAKDEC-20-5B</v12:documentId>         
         </v2:request>
      </v2:retrieveDocumentRequest>
   </soapenv:Body>
</soapenv:Envelope>]]></con:request><con:credentials><con:selectedAuthProfile>Basic</con:selectedAuthProfile><con:addedBasicAuthenticationTypes>Basic</con:addedBasicAuthenticationTypes><con:authType>Global HTTP Settings</con:authType></con:credentials><con:jmsConfig JMSDeliveryMode="PERSISTENT"/><con:jmsPropertyConfig/><con:wsaConfig mustUnderstand="NONE" version="200508" action="http://fidus.brussels/services/invoiceservice/retrieveRequest"/><con:wsrmConfig version="1.2"/></con:call><con:call id="85f4c695-35f7-46b1-a60b-db44d2effd5d" name="4 - Staging - LB - Request" outgoingWss="Outflow STAG"><con:settings><con:setting id="com.eviware.soapui.impl.wsdl.WsdlRequest@request-headers">&lt;xml-fragment/></con:setting></con:settings><con:encoding>UTF-8</con:encoding><con:endpoint>https://fidus-esb-sg.sta.srv.cirb.lan:8443/services/InvoiceService_v2.0</con:endpoint><con:request><![CDATA[<soapenv:Envelope xmlns:soapenv="http://schemas.xmlsoap.org/soap/envelope/" xmlns:v2="http://fidus.brussels/service/invoiceservice/messages/v2.0" xmlns:v11="http://fidus.brussels/type/common/messages/v1">
   <soapenv:Header/>
   <soapenv:Body>
      <v2:retrieveDocumentRequest>
         <v2:messageContext>
            <v11:messageId>?</v11:messageId>
         </v2:messageContext>
         <v2:legalContext>ServiceIntegrator</v2:legalContext>
         <v2:request>
            <v12:receiverId xmlns:v12="http://fsb.belgium.be/einvoicing/simpleprior/v1_00">0463152333</v12:receiverId>
            <v12:senderId xmlns:v12="http://fsb.belgium.be/einvoicing/simpleprior/v1_00">0200013901</v12:senderId>
            <v12:documentType xmlns:v12="http://fsb.belgium.be/einvoicing/simpleprior/v1_00">380</v12:documentType>
            <v12:documentId xmlns:v12="http://fsb.belgium.be/einvoicing/simpleprior/v1_00">118120479086FAKDEC-20-5B</v12:documentId>         
         </v2:request>
      </v2:retrieveDocumentRequest>
   </soapenv:Body>
</soapenv:Envelope>]]></con:request><con:credentials><con:selectedAuthProfile>Basic</con:selectedAuthProfile><con:addedBasicAuthenticationTypes>Basic</con:addedBasicAuthenticationTypes><con:authType>Global HTTP Settings</con:authType></con:credentials><con:jmsConfig JMSDeliveryMode="PERSISTENT"/><con:jmsPropertyConfig/><con:wsaConfig mustUnderstand="NONE" version="200508" action="http://fidus.brussels/services/invoiceservice/retrieveRequest"/><con:wsrmConfig version="1.2"/></con:call><con:call id="3550d1c0-c54a-4d84-a323-27b40a392363" name="4 - Staging - Worker1 - Request" outgoingWss="Outflow STAG"><con:settings><con:setting id="com.eviware.soapui.impl.wsdl.WsdlRequest@request-headers">&lt;xml-fragment/></con:setting></con:settings><con:encoding>UTF-8</con:encoding><con:endpoint>https://192.168.24.16:8443/services/InvoiceService_v2.0</con:endpoint><con:request><![CDATA[<soapenv:Envelope xmlns:soapenv="http://schemas.xmlsoap.org/soap/envelope/" xmlns:v2="http://fidus.brussels/service/invoiceservice/messages/v2.0" xmlns:v11="http://fidus.brussels/type/common/messages/v1">
   <soapenv:Header/>
   <soapenv:Body>
      <v2:retrieveDocumentRequest>
         <v2:messageContext>
            <v11:messageId>?</v11:messageId>
         </v2:messageContext>
         <v2:legalContext>ServiceIntegrator</v2:legalContext>
         <v2:request>
            <v12:receiverId xmlns:v12="http://fsb.belgium.be/einvoicing/simpleprior/v1_00">0463152333</v12:receiverId>
            <v12:senderId xmlns:v12="http://fsb.belgium.be/einvoicing/simpleprior/v1_00">0200013901</v12:senderId>
            <v12:documentType xmlns:v12="http://fsb.belgium.be/einvoicing/simpleprior/v1_00">380</v12:documentType>
            <v12:documentId xmlns:v12="http://fsb.belgium.be/einvoicing/simpleprior/v1_00">118120479086FAKDEC-20-5B</v12:documentId>         
         </v2:request>
      </v2:retrieveDocumentRequest>
   </soapenv:Body>
</soapenv:Envelope>]]></con:request><con:credentials><con:selectedAuthProfile>Basic</con:selectedAuthProfile><con:addedBasicAuthenticationTypes>Basic</con:addedBasicAuthenticationTypes><con:authType>Global HTTP Settings</con:authType></con:credentials><con:jmsConfig JMSDeliveryMode="PERSISTENT"/><con:jmsPropertyConfig/><con:wsaConfig mustUnderstand="NONE" version="200508" action="http://fidus.brussels/services/invoiceservice/retrieveRequest"/><con:wsrmConfig version="1.2"/></con:call><con:call id="666a6169-ae5f-482d-bad1-0a1be71a00fe" name="4 - Staging - Worker2 - Request" outgoingWss="Outflow STAG"><con:settings><con:setting id="com.eviware.soapui.impl.wsdl.WsdlRequest@request-headers">&lt;xml-fragment/></con:setting></con:settings><con:encoding>UTF-8</con:encoding><con:endpoint>https://192.168.24.17:8443/services/InvoiceService_v2.0</con:endpoint><con:request><![CDATA[<soapenv:Envelope xmlns:soapenv="http://schemas.xmlsoap.org/soap/envelope/" xmlns:v2="http://fidus.brussels/service/invoiceservice/messages/v2.0" xmlns:v11="http://fidus.brussels/type/common/messages/v1">
   <soapenv:Header/>
   <soapenv:Body>
      <v2:retrieveDocumentRequest>
         <v2:messageContext>
            <v11:messageId>?</v11:messageId>
         </v2:messageContext>
         <v2:legalContext>ServiceIntegrator</v2:legalContext>
         <v2:request>
            <v12:receiverId xmlns:v12="http://fsb.belgium.be/einvoicing/simpleprior/v1_00">0463152333</v12:receiverId>
            <v12:senderId xmlns:v12="http://fsb.belgium.be/einvoicing/simpleprior/v1_00">0200013901</v12:senderId>
            <v12:documentType xmlns:v12="http://fsb.belgium.be/einvoicing/simpleprior/v1_00">380</v12:documentType>
            <v12:documentId xmlns:v12="http://fsb.belgium.be/einvoicing/simpleprior/v1_00">118120479086FAKDEC-20-5B</v12:documentId>         
         </v2:request>
      </v2:retrieveDocumentRequest>
   </soapenv:Body>
</soapenv:Envelope>]]></con:request><con:credentials><con:selectedAuthProfile>Basic</con:selectedAuthProfile><con:addedBasicAuthenticationTypes>Basic</con:addedBasicAuthenticationTypes><con:authType>Global HTTP Settings</con:authType></con:credentials><con:jmsConfig JMSDeliveryMode="PERSISTENT"/><con:jmsPropertyConfig/><con:wsaConfig mustUnderstand="NONE" version="200508" action="http://fidus.brussels/services/invoiceservice/retrieveRequest"/><con:wsrmConfig version="1.2"/></con:call><con:call id="9dbbed22-9cd0-4756-bea4-0184924e94d3" name="5 - Prod - External - Request" outgoingWss="Outflow PROD"><con:settings><con:setting id="com.eviware.soapui.impl.wsdl.WsdlRequest@request-headers">&lt;xml-fragment/></con:setting></con:settings><con:encoding>UTF-8</con:encoding><con:endpoint>https://fidus.sec.brussels/services/InvoiceService_v2.0</con:endpoint><con:request><![CDATA[<soapenv:Envelope xmlns:soapenv="http://schemas.xmlsoap.org/soap/envelope/" xmlns:v2="http://fidus.brussels/service/invoiceservice/messages/v2.0" xmlns:v11="http://fidus.brussels/type/common/messages/v1">
   <soapenv:Header/>
   <soapenv:Body>
      <v2:retrieveDocumentRequest>
         <v2:messageContext>
            <v11:messageId>?</v11:messageId>
         </v2:messageContext>
         <v2:legalContext>ServiceIntegrator</v2:legalContext>
         <v2:request>
            <v12:receiverId xmlns:v12="http://fsb.belgium.be/einvoicing/simpleprior/v1_00">0463152333</v12:receiverId>
            <v12:senderId xmlns:v12="http://fsb.belgium.be/einvoicing/simpleprior/v1_00">0200013901</v12:senderId>
            <v12:documentType xmlns:v12="http://fsb.belgium.be/einvoicing/simpleprior/v1_00">380</v12:documentType>
            <v12:documentId xmlns:v12="http://fsb.belgium.be/einvoicing/simpleprior/v1_00">118120479086FAKDEC-20-5B</v12:documentId>         
         </v2:request>
      </v2:retrieveDocumentRequest>
   </soapenv:Body>
</soapenv:Envelope>]]></con:request><con:credentials><con:selectedAuthProfile>Basic</con:selectedAuthProfile><con:addedBasicAuthenticationTypes>Basic</con:addedBasicAuthenticationTypes><con:authType>Global HTTP Settings</con:authType></con:credentials><con:jmsConfig JMSDeliveryMode="PERSISTENT"/><con:jmsPropertyConfig/><con:wsaConfig mustUnderstand="NONE" version="200508" action="http://fidus.brussels/services/invoiceservice/retrieveRequest"/><con:wsrmConfig version="1.2"/></con:call><con:call id="290d553f-c17f-4a47-95b3-21b6c757a5c5" name="5 - Prod - LB - Request" outgoingWss="Outflow PROD"><con:settings><con:setting id="com.eviware.soapui.impl.wsdl.WsdlRequest@request-headers">&lt;xml-fragment/></con:setting></con:settings><con:encoding>UTF-8</con:encoding><con:endpoint>https://fidus-esb-sg.prd.srv.cirb.lan:8443/services/InvoiceService_v2.0</con:endpoint><con:request><![CDATA[<soapenv:Envelope xmlns:soapenv="http://schemas.xmlsoap.org/soap/envelope/" xmlns:v2="http://fidus.brussels/service/invoiceservice/messages/v2.0" xmlns:v11="http://fidus.brussels/type/common/messages/v1">
   <soapenv:Header/>
   <soapenv:Body>
      <v2:retrieveDocumentRequest>
         <v2:messageContext>
            <v11:messageId>?</v11:messageId>
         </v2:messageContext>
         <v2:legalContext>ServiceIntegrator</v2:legalContext>
         <v2:request>
            <v12:receiverId xmlns:v12="http://fsb.belgium.be/einvoicing/simpleprior/v1_00">0463152333</v12:receiverId>
            <v12:senderId xmlns:v12="http://fsb.belgium.be/einvoicing/simpleprior/v1_00">0200013901</v12:senderId>
            <v12:documentType xmlns:v12="http://fsb.belgium.be/einvoicing/simpleprior/v1_00">380</v12:documentType>
            <v12:documentId xmlns:v12="http://fsb.belgium.be/einvoicing/simpleprior/v1_00">118120479086FAKDEC-20-5B</v12:documentId>         
         </v2:request>
      </v2:retrieveDocumentRequest>
   </soapenv:Body>
</soapenv:Envelope>]]></con:request><con:credentials><con:selectedAuthProfile>Basic</con:selectedAuthProfile><con:addedBasicAuthenticationTypes>Basic</con:addedBasicAuthenticationTypes><con:authType>Global HTTP Settings</con:authType></con:credentials><con:jmsConfig JMSDeliveryMode="PERSISTENT"/><con:jmsPropertyConfig/><con:wsaConfig mustUnderstand="NONE" version="200508" action="http://fidus.brussels/services/invoiceservice/retrieveRequest"/><con:wsrmConfig version="1.2"/></con:call><con:call id="9a8c89fc-c6fe-482c-9e8f-4de5fa1c1978" name="5 - Prod - Worker1 - Request" outgoingWss="Outflow PROD"><con:settings><con:setting id="com.eviware.soapui.impl.wsdl.WsdlRequest@request-headers">&lt;xml-fragment/></con:setting></con:settings><con:encoding>UTF-8</con:encoding><con:endpoint>https://192.168.26.22:8443/services/InvoiceService_v2.0</con:endpoint><con:request><![CDATA[<soapenv:Envelope xmlns:soapenv="http://schemas.xmlsoap.org/soap/envelope/" xmlns:v2="http://fidus.brussels/service/invoiceservice/messages/v2.0" xmlns:v11="http://fidus.brussels/type/common/messages/v1">
   <soapenv:Header/>
   <soapenv:Body>
      <v2:retrieveDocumentRequest>
         <v2:messageContext>
            <v11:messageId>?</v11:messageId>
         </v2:messageContext>
         <v2:legalContext>ServiceIntegrator</v2:legalContext>
         <v2:request>
            <v12:receiverId xmlns:v12="http://fsb.belgium.be/einvoicing/simpleprior/v1_00">0463152333</v12:receiverId>
            <v12:senderId xmlns:v12="http://fsb.belgium.be/einvoicing/simpleprior/v1_00">0200013901</v12:senderId>
            <v12:documentType xmlns:v12="http://fsb.belgium.be/einvoicing/simpleprior/v1_00">380</v12:documentType>
            <v12:documentId xmlns:v12="http://fsb.belgium.be/einvoicing/simpleprior/v1_00">118120479086FAKDEC-20-5B</v12:documentId>         
         </v2:request>
      </v2:retrieveDocumentRequest>
   </soapenv:Body>
</soapenv:Envelope>]]></con:request><con:credentials><con:selectedAuthProfile>Basic</con:selectedAuthProfile><con:addedBasicAuthenticationTypes>Basic</con:addedBasicAuthenticationTypes><con:authType>Global HTTP Settings</con:authType></con:credentials><con:jmsConfig JMSDeliveryMode="PERSISTENT"/><con:jmsPropertyConfig/><con:wsaConfig mustUnderstand="NONE" version="200508" action="http://fidus.brussels/services/invoiceservice/retrieveRequest"/><con:wsrmConfig version="1.2"/></con:call><con:call id="714832a2-97dd-4236-a4cc-9f6638bf0ae6" name="5 - Prod - Worker2 - Request" outgoingWss="Outflow PROD"><con:settings><con:setting id="com.eviware.soapui.impl.wsdl.WsdlRequest@request-headers">&lt;xml-fragment/></con:setting></con:settings><con:encoding>UTF-8</con:encoding><con:endpoint>https://192.168.26.19:8443/services/InvoiceService_v2.0</con:endpoint><con:request><![CDATA[<soapenv:Envelope xmlns:soapenv="http://schemas.xmlsoap.org/soap/envelope/" xmlns:v2="http://fidus.brussels/service/invoiceservice/messages/v2.0" xmlns:v11="http://fidus.brussels/type/common/messages/v1">
   <soapenv:Header/>
   <soapenv:Body>
      <v2:retrieveDocumentRequest>
         <v2:messageContext>
            <v11:messageId>?</v11:messageId>
         </v2:messageContext>
         <v2:legalContext>ServiceIntegrator</v2:legalContext>
         <v2:request>
            <v12:receiverId xmlns:v12="http://fsb.belgium.be/einvoicing/simpleprior/v1_00">0463152333</v12:receiverId>
            <v12:senderId xmlns:v12="http://fsb.belgium.be/einvoicing/simpleprior/v1_00">0200013901</v12:senderId>
            <v12:documentType xmlns:v12="http://fsb.belgium.be/einvoicing/simpleprior/v1_00">380</v12:documentType>
            <v12:documentId xmlns:v12="http://fsb.belgium.be/einvoicing/simpleprior/v1_00">118120479086FAKDEC-20-5B</v12:documentId>         
         </v2:request>
      </v2:retrieveDocumentRequest>
   </soapenv:Body>
</soapenv:Envelope>]]></con:request><con:credentials><con:selectedAuthProfile>Basic</con:selectedAuthProfile><con:addedBasicAuthenticationTypes>Basic</con:addedBasicAuthenticationTypes><con:authType>Global HTTP Settings</con:authType></con:credentials><con:jmsConfig JMSDeliveryMode="PERSISTENT"/><con:jmsPropertyConfig/><con:wsaConfig mustUnderstand="NONE" version="200508" action="http://fidus.brussels/services/invoiceservice/retrieveRequest"/><con:wsrmConfig version="1.2"/></con:call></con:operation><con:operation id="addfdc45-e949-456a-91bb-12fdd3e4b5c0" isOneWay="false" action="http://fidus.brussels/services/invoiceservice/submitDocument" name="submitDocument" bindingOperationName="submitDocument" type="Request-Response" inputName="" receivesAttachments="false" sendsAttachments="false" anonymous="optional"><con:settings/><con:call id="2106af7a-2cb0-450b-9abc-96c3a9a40c95" name="1 - Local - Request" outgoingWss="Outflow DEV"><con:settings><con:setting id="com.eviware.soapui.impl.wsdl.WsdlRequest@request-headers">&lt;xml-fragment/></con:setting></con:settings><con:encoding>UTF-8</con:encoding><con:endpoint>https://localhost:8243/services/InvoiceService_v2.0</con:endpoint><con:request><![CDATA[<soapenv:Envelope xmlns:soapenv="http://schemas.xmlsoap.org/soap/envelope/" xmlns:v2="http://fidus.brussels/service/invoiceservice/messages/v2.0" xmlns:v1="http://fidus.brussels/service/invoiceservice/messages/v1.2" xmlns:v11="http://fidus.brussels/type/common/messages/v1" xmlns:urn="urn:oasis:names:specification:ubl:schema:xsd:ApplicationResponse-2" xmlns:urn1="urn:oasis:names:specification:ubl:schema:xsd:CommonExtensionComponents-2" xmlns:urn2="urn:oasis:names:specification:ubl:schema:xsd:CommonBasicComponents-2" xmlns:urn3="urn:oasis:names:specification:ubl:schema:xsd:CommonAggregateComponents-2">
   <soapenv:Header/>
   <soapenv:Body>
      <v2:submitDocumentRequest>
         <v2:messageContext>
            <v11:messageId>?</v11:messageId>
         </v2:messageContext>
         <v2:legalContext>ServiceIntegrator</v2:legalContext>
         <v2:request>
            <v12:document xmlns:v12="http://fsb.belgium.be/einvoicing/simpleprior/v1_00">                
            <Invoice xmlns="urn:oasis:names:specification:ubl:schema:xsd:Invoice-2"
                    xmlns:cbc="urn:oasis:names:specification:ubl:schema:xsd:CommonBasicComponents-2"
                    xmlns:cac="urn:oasis:names:specification:ubl:schema:xsd:CommonAggregateComponents-2">
               <cbc:UBLVersionID>2.1</cbc:UBLVersionID>
               <cbc:CustomizationID>urn:www.cenbii.eu:transaction:biitrns010:ver2.0:extended:urn:www.peppol.eu:bis:peppol5a:ver2.0</cbc:CustomizationID>
               <cbc:ProfileID>urn:www.cenbii.eu:profile:bii05:ver2.0</cbc:ProfileID>
               <cbc:ID>118120479086FAKNOV-13-5B</cbc:ID>
               <cbc:IssueDate>2018-06-12</cbc:IssueDate>
               <cbc:InvoiceTypeCode listID="UNCL1001">380</cbc:InvoiceTypeCode>
               <cbc:DocumentCurrencyCode listID="ISO4217">EUR</cbc:DocumentCurrencyCode>
               <cac:AccountingSupplierParty>
                  <cac:Party>
                     <cac:PartyIdentification>
                        <cbc:ID schemeID="BE:CBE">0200013901</cbc:ID>
                     </cac:PartyIdentification>
                     <cac:PartyName>
                        <cbc:Name>ACME</cbc:Name>
                     </cac:PartyName>
                     <cac:PostalAddress>
                        <cbc:StreetName>Simon Bolivarlaan 30/9</cbc:StreetName>
                        <cbc:CityName>BRUSSEL</cbc:CityName>
                        <cbc:PostalZone>1000</cbc:PostalZone>
                        <cac:Country>
                           <cbc:IdentificationCode listID="ISO3166-1:Alpha2">BE</cbc:IdentificationCode>
                        </cac:Country>
                     </cac:PostalAddress>
                     <cac:PartyTaxScheme>
                        <cbc:CompanyID schemeID="BE:VAT">BE0200013901</cbc:CompanyID>
                        <cac:TaxScheme>
                           <cbc:ID>VAT</cbc:ID>
                        </cac:TaxScheme>
                     </cac:PartyTaxScheme>
                     <cac:PartyLegalEntity>
                        <cbc:RegistrationName>D.W. Soft bvba</cbc:RegistrationName>
                        <cbc:CompanyID schemeID="BE:CBE">0200013901</cbc:CompanyID>
                     </cac:PartyLegalEntity>
                     <cac:Contact>
                        <cbc:ElectronicMail>dirk.willekens@dwsoft.be</cbc:ElectronicMail>
                     </cac:Contact>
                  </cac:Party>
               </cac:AccountingSupplierParty>
               <cac:AccountingCustomerParty>
                  <cac:Party>
                     <cac:PartyIdentification>
                        <cbc:ID schemeID="BE:CBE">2222222222</cbc:ID>
                     </cac:PartyIdentification>
                     <cac:PartyName>
                        <cbc:Name>Fake customer</cbc:Name>
                     </cac:PartyName>
                     <cac:PostalAddress>
                        <cbc:StreetName>Simon Bolivarlaan 34</cbc:StreetName>
                        <cbc:CityName>ANTWERPEN</cbc:CityName>
                        <cbc:PostalZone>2000</cbc:PostalZone>
                        <cac:Country>
                           <cbc:IdentificationCode listID="ISO3166-1:Alpha2">BE</cbc:IdentificationCode>
                        </cac:Country>
                     </cac:PostalAddress>
                     <cac:PartyTaxScheme>
                        <cbc:CompanyID schemeID="BE:VAT">BE2222222222</cbc:CompanyID>
                        <cac:TaxScheme>
                           <cbc:ID>VAT</cbc:ID>
                        </cac:TaxScheme>
                     </cac:PartyTaxScheme>
                     <cac:PartyLegalEntity>
                        <cbc:RegistrationName>Fake Customer</cbc:RegistrationName>
                        <cbc:CompanyID schemeID="BE:CBE">2222222222</cbc:CompanyID>
                     </cac:PartyLegalEntity>
                  </cac:Party>
               </cac:AccountingCustomerParty>
               <cac:PaymentMeans>
                  <cbc:PaymentMeansCode listID="UNCL4461">1</cbc:PaymentMeansCode>
                  <cbc:PaymentDueDate>2018-05-31</cbc:PaymentDueDate>
                  <cbc:PaymentChannelCode>IBAN</cbc:PaymentChannelCode>
                  <cbc:InstructionNote>SIMPLE TEST TO FAKE CUSTOMER</cbc:InstructionNote>
                  <cac:PayeeFinancialAccount>
                     <cbc:ID schemeID="IBAN">BE86736009252450</cbc:ID>
                     <cac:FinancialInstitutionBranch>
                        <cac:FinancialInstitution>
                           <cbc:ID schemeID="BIC">KREDBEBB</cbc:ID>
                        </cac:FinancialInstitution>
                     </cac:FinancialInstitutionBranch>
                  </cac:PayeeFinancialAccount>
               </cac:PaymentMeans>
               <cac:TaxTotal>
                  <cbc:TaxAmount currencyID="EUR">21.00</cbc:TaxAmount>
                  <cac:TaxSubtotal>
                     <cbc:TaxableAmount currencyID="EUR">100.00</cbc:TaxableAmount>
                     <cbc:TaxAmount currencyID="EUR">21.00</cbc:TaxAmount>
                     <cac:TaxCategory>
                        <cbc:ID schemeID="UNCL5305">S</cbc:ID>
                        <cbc:Percent>21.00</cbc:Percent>
                        <cac:TaxScheme>
                           <cbc:ID>VAT</cbc:ID>
                        </cac:TaxScheme>
                     </cac:TaxCategory>
                  </cac:TaxSubtotal>
               </cac:TaxTotal>
               <cac:LegalMonetaryTotal>
                  <cbc:LineExtensionAmount currencyID="EUR">100.00</cbc:LineExtensionAmount>
                  <cbc:TaxExclusiveAmount currencyID="EUR">100.00</cbc:TaxExclusiveAmount>
                  <cbc:TaxInclusiveAmount currencyID="EUR">121.00</cbc:TaxInclusiveAmount>
                  <cbc:PayableAmount currencyID="EUR">121.00</cbc:PayableAmount>
               </cac:LegalMonetaryTotal>
               <cac:InvoiceLine>
                  <cbc:ID>1</cbc:ID>
                  <cbc:InvoicedQuantity unitCode="NAR" unitCodeListID="UNECERec20">1.00</cbc:InvoicedQuantity>
                  <cbc:LineExtensionAmount currencyID="EUR">100.00</cbc:LineExtensionAmount>
                  <cac:TaxTotal>
                     <cbc:TaxAmount currencyID="EUR">21.00</cbc:TaxAmount>
                  </cac:TaxTotal>
                  <cac:Item>
                     <cbc:Description>Line1 description - may be long</cbc:Description>
                     <cbc:Name>Line1max50char</cbc:Name>
                     <cac:ClassifiedTaxCategory>
                        <cbc:ID schemeID="UNCL5305">S</cbc:ID>
                        <cbc:Percent>21.00</cbc:Percent>
                        <cac:TaxScheme>
                           <cbc:ID>VAT</cbc:ID>
                        </cac:TaxScheme>
                     </cac:ClassifiedTaxCategory>
                  </cac:Item>
                  <cac:Price>
                     <cbc:PriceAmount currencyID="EUR">100.00</cbc:PriceAmount>
                     <cbc:BaseQuantity>1.00</cbc:BaseQuantity>
                  </cac:Price>
               </cac:InvoiceLine>
            </Invoice>
            </v12:document>
         </v2:request>
      </v2:submitDocumentRequest>
   </soapenv:Body>
</soapenv:Envelope>]]></con:request><con:credentials><con:selectedAuthProfile>Basic</con:selectedAuthProfile><con:addedBasicAuthenticationTypes>Basic</con:addedBasicAuthenticationTypes><con:authType>Global HTTP Settings</con:authType></con:credentials><con:jmsConfig JMSDeliveryMode="PERSISTENT"/><con:jmsPropertyConfig/><con:wsaConfig mustUnderstand="NONE" version="200508" action="http://fidus.brussels/services/invoiceservice/submitApplicationResponse"/><con:wsrmConfig version="1.2"/></con:call><con:call id="60c1dd34-da87-4797-b2a8-ecddd9432b9f" name="2 - Dev - Request" outgoingWss="Outflow DEV"><con:settings><con:setting id="com.eviware.soapui.impl.wsdl.WsdlRequest@request-headers">&lt;xml-fragment/></con:setting></con:settings><con:encoding>UTF-8</con:encoding><con:endpoint>https://192.168.36.61:8243/services/InvoiceService_v2.0</con:endpoint><con:request><![CDATA[<soapenv:Envelope xmlns:soapenv="http://schemas.xmlsoap.org/soap/envelope/" xmlns:v2="http://fidus.brussels/service/invoiceservice/messages/v2.0" xmlns:v1="http://fidus.brussels/service/invoiceservice/messages/v1.2" xmlns:v11="http://fidus.brussels/type/common/messages/v1" xmlns:urn="urn:oasis:names:specification:ubl:schema:xsd:ApplicationResponse-2" xmlns:urn1="urn:oasis:names:specification:ubl:schema:xsd:CommonExtensionComponents-2" xmlns:urn2="urn:oasis:names:specification:ubl:schema:xsd:CommonBasicComponents-2" xmlns:urn3="urn:oasis:names:specification:ubl:schema:xsd:CommonAggregateComponents-2">
   <soapenv:Header/>
   <soapenv:Body>
      <v2:submitDocumentRequest>
         <v2:messageContext>
            <v11:messageId>?</v11:messageId>
         </v2:messageContext>
         <v2:legalContext>ServiceIntegrator</v2:legalContext>
         <v2:request>
            <v12:document xmlns:v12="http://fsb.belgium.be/einvoicing/simpleprior/v1_00">                
            <Invoice xmlns="urn:oasis:names:specification:ubl:schema:xsd:Invoice-2"
                    xmlns:cbc="urn:oasis:names:specification:ubl:schema:xsd:CommonBasicComponents-2"
                    xmlns:cac="urn:oasis:names:specification:ubl:schema:xsd:CommonAggregateComponents-2">
               <cbc:UBLVersionID>2.1</cbc:UBLVersionID>
               <cbc:CustomizationID>urn:www.cenbii.eu:transaction:biitrns010:ver2.0:extended:urn:www.peppol.eu:bis:peppol5a:ver2.0</cbc:CustomizationID>
               <cbc:ProfileID>urn:www.cenbii.eu:profile:bii05:ver2.0</cbc:ProfileID>
               <cbc:ID>118120479086FAKNOV-13-5B</cbc:ID>
               <cbc:IssueDate>2018-06-12</cbc:IssueDate>
               <cbc:InvoiceTypeCode listID="UNCL1001">380</cbc:InvoiceTypeCode>
               <cbc:DocumentCurrencyCode listID="ISO4217">EUR</cbc:DocumentCurrencyCode>
               <cac:AccountingSupplierParty>
                  <cac:Party>
                     <cac:PartyIdentification>
                        <cbc:ID schemeID="BE:CBE">0200013901</cbc:ID>
                     </cac:PartyIdentification>
                     <cac:PartyName>
                        <cbc:Name>ACME</cbc:Name>
                     </cac:PartyName>
                     <cac:PostalAddress>
                        <cbc:StreetName>Simon Bolivarlaan 30/9</cbc:StreetName>
                        <cbc:CityName>BRUSSEL</cbc:CityName>
                        <cbc:PostalZone>1000</cbc:PostalZone>
                        <cac:Country>
                           <cbc:IdentificationCode listID="ISO3166-1:Alpha2">BE</cbc:IdentificationCode>
                        </cac:Country>
                     </cac:PostalAddress>
                     <cac:PartyTaxScheme>
                        <cbc:CompanyID schemeID="BE:VAT">BE0200013901</cbc:CompanyID>
                        <cac:TaxScheme>
                           <cbc:ID>VAT</cbc:ID>
                        </cac:TaxScheme>
                     </cac:PartyTaxScheme>
                     <cac:PartyLegalEntity>
                        <cbc:RegistrationName>D.W. Soft bvba</cbc:RegistrationName>
                        <cbc:CompanyID schemeID="BE:CBE">0200013901</cbc:CompanyID>
                     </cac:PartyLegalEntity>
                     <cac:Contact>
                        <cbc:ElectronicMail>dirk.willekens@dwsoft.be</cbc:ElectronicMail>
                     </cac:Contact>
                  </cac:Party>
               </cac:AccountingSupplierParty>
               <cac:AccountingCustomerParty>
                  <cac:Party>
                     <cac:PartyIdentification>
                        <cbc:ID schemeID="BE:CBE">2222222222</cbc:ID>
                     </cac:PartyIdentification>
                     <cac:PartyName>
                        <cbc:Name>Fake customer</cbc:Name>
                     </cac:PartyName>
                     <cac:PostalAddress>
                        <cbc:StreetName>Simon Bolivarlaan 34</cbc:StreetName>
                        <cbc:CityName>ANTWERPEN</cbc:CityName>
                        <cbc:PostalZone>2000</cbc:PostalZone>
                        <cac:Country>
                           <cbc:IdentificationCode listID="ISO3166-1:Alpha2">BE</cbc:IdentificationCode>
                        </cac:Country>
                     </cac:PostalAddress>
                     <cac:PartyTaxScheme>
                        <cbc:CompanyID schemeID="BE:VAT">BE2222222222</cbc:CompanyID>
                        <cac:TaxScheme>
                           <cbc:ID>VAT</cbc:ID>
                        </cac:TaxScheme>
                     </cac:PartyTaxScheme>
                     <cac:PartyLegalEntity>
                        <cbc:RegistrationName>Fake Customer</cbc:RegistrationName>
                        <cbc:CompanyID schemeID="BE:CBE">2222222222</cbc:CompanyID>
                     </cac:PartyLegalEntity>
                  </cac:Party>
               </cac:AccountingCustomerParty>
               <cac:PaymentMeans>
                  <cbc:PaymentMeansCode listID="UNCL4461">1</cbc:PaymentMeansCode>
                  <cbc:PaymentDueDate>2018-05-31</cbc:PaymentDueDate>
                  <cbc:PaymentChannelCode>IBAN</cbc:PaymentChannelCode>
                  <cbc:InstructionNote>SIMPLE TEST TO FAKE CUSTOMER</cbc:InstructionNote>
                  <cac:PayeeFinancialAccount>
                     <cbc:ID schemeID="IBAN">BE86736009252450</cbc:ID>
                     <cac:FinancialInstitutionBranch>
                        <cac:FinancialInstitution>
                           <cbc:ID schemeID="BIC">KREDBEBB</cbc:ID>
                        </cac:FinancialInstitution>
                     </cac:FinancialInstitutionBranch>
                  </cac:PayeeFinancialAccount>
               </cac:PaymentMeans>
               <cac:TaxTotal>
                  <cbc:TaxAmount currencyID="EUR">21.00</cbc:TaxAmount>
                  <cac:TaxSubtotal>
                     <cbc:TaxableAmount currencyID="EUR">100.00</cbc:TaxableAmount>
                     <cbc:TaxAmount currencyID="EUR">21.00</cbc:TaxAmount>
                     <cac:TaxCategory>
                        <cbc:ID schemeID="UNCL5305">S</cbc:ID>
                        <cbc:Percent>21.00</cbc:Percent>
                        <cac:TaxScheme>
                           <cbc:ID>VAT</cbc:ID>
                        </cac:TaxScheme>
                     </cac:TaxCategory>
                  </cac:TaxSubtotal>
               </cac:TaxTotal>
               <cac:LegalMonetaryTotal>
                  <cbc:LineExtensionAmount currencyID="EUR">100.00</cbc:LineExtensionAmount>
                  <cbc:TaxExclusiveAmount currencyID="EUR">100.00</cbc:TaxExclusiveAmount>
                  <cbc:TaxInclusiveAmount currencyID="EUR">121.00</cbc:TaxInclusiveAmount>
                  <cbc:PayableAmount currencyID="EUR">121.00</cbc:PayableAmount>
               </cac:LegalMonetaryTotal>
               <cac:InvoiceLine>
                  <cbc:ID>1</cbc:ID>
                  <cbc:InvoicedQuantity unitCode="NAR" unitCodeListID="UNECERec20">1.00</cbc:InvoicedQuantity>
                  <cbc:LineExtensionAmount currencyID="EUR">100.00</cbc:LineExtensionAmount>
                  <cac:TaxTotal>
                     <cbc:TaxAmount currencyID="EUR">21.00</cbc:TaxAmount>
                  </cac:TaxTotal>
                  <cac:Item>
                     <cbc:Description>Line1 description - may be long</cbc:Description>
                     <cbc:Name>Line1max50char</cbc:Name>
                     <cac:ClassifiedTaxCategory>
                        <cbc:ID schemeID="UNCL5305">S</cbc:ID>
                        <cbc:Percent>21.00</cbc:Percent>
                        <cac:TaxScheme>
                           <cbc:ID>VAT</cbc:ID>
                        </cac:TaxScheme>
                     </cac:ClassifiedTaxCategory>
                  </cac:Item>
                  <cac:Price>
                     <cbc:PriceAmount currencyID="EUR">100.00</cbc:PriceAmount>
                     <cbc:BaseQuantity>1.00</cbc:BaseQuantity>
                  </cac:Price>
               </cac:InvoiceLine>
            </Invoice>
            </v12:document>
         </v2:request>
      </v2:submitDocumentRequest>
   </soapenv:Body>
</soapenv:Envelope>]]></con:request><con:credentials><con:selectedAuthProfile>Basic</con:selectedAuthProfile><con:addedBasicAuthenticationTypes>Basic</con:addedBasicAuthenticationTypes><con:authType>Global HTTP Settings</con:authType></con:credentials><con:jmsConfig JMSDeliveryMode="PERSISTENT"/><con:jmsPropertyConfig/><con:wsaConfig mustUnderstand="NONE" version="200508" action="http://fidus.brussels/services/invoiceservice/submitApplicationResponse"/><con:wsrmConfig version="1.2"/></con:call><con:call id="0eda0d9c-3df6-427e-8b8e-41d223ac66a3" name="3 - Test - External - Request" outgoingWss="Outflow TEST"><con:settings><con:setting id="com.eviware.soapui.impl.wsdl.WsdlRequest@request-headers">&lt;xml-fragment/></con:setting></con:settings><con:encoding>UTF-8</con:encoding><con:endpoint>https://fidus-test.irisnetlab.be/services/InvoiceService_v2.0</con:endpoint><con:request><![CDATA[<soapenv:Envelope xmlns:soapenv="http://schemas.xmlsoap.org/soap/envelope/" xmlns:v2="http://fidus.brussels/service/invoiceservice/messages/v2.0" xmlns:v1="http://fidus.brussels/service/invoiceservice/messages/v1.2" xmlns:v11="http://fidus.brussels/type/common/messages/v1" xmlns:urn="urn:oasis:names:specification:ubl:schema:xsd:ApplicationResponse-2" xmlns:urn1="urn:oasis:names:specification:ubl:schema:xsd:CommonExtensionComponents-2" xmlns:urn2="urn:oasis:names:specification:ubl:schema:xsd:CommonBasicComponents-2" xmlns:urn3="urn:oasis:names:specification:ubl:schema:xsd:CommonAggregateComponents-2">
   <soapenv:Header/>
   <soapenv:Body>
      <v2:submitDocumentRequest>
         <v2:messageContext>
            <v11:messageId>${=import static java.util.UUID.randomUUID; uuid = randomUUID() as String}</v11:messageId>
            <v11:timestamp>${=new java.text.SimpleDateFormat("yyyy-MM-dd'T'HH:mm:ss.SSS").format(new Date())}</v11:timestamp>
         </v2:messageContext>
         <v2:legalContext>ServiceIntegrator</v2:legalContext>
         <v2:request>
            <v12:document xmlns:v12="http://fsb.belgium.be/einvoicing/simpleprior/v1_00">                
            <Invoice xmlns="urn:oasis:names:specification:ubl:schema:xsd:Invoice-2"
                    xmlns:cbc="urn:oasis:names:specification:ubl:schema:xsd:CommonBasicComponents-2"
                    xmlns:cac="urn:oasis:names:specification:ubl:schema:xsd:CommonAggregateComponents-2">
               <cbc:UBLVersionID>2.1</cbc:UBLVersionID>
               <cbc:CustomizationID>urn:www.cenbii.eu:transaction:biitrns010:ver2.0:extended:urn:www.peppol.eu:bis:peppol5a:ver2.0</cbc:CustomizationID>
               <cbc:ProfileID>urn:www.cenbii.eu:profile:bii05:ver2.0</cbc:ProfileID>
               <cbc:ID>118120479086FAKDEC-20-5B</cbc:ID>
               <cbc:IssueDate>2018-06-12</cbc:IssueDate>
               <cbc:InvoiceTypeCode listID="UNCL1001">380</cbc:InvoiceTypeCode>
               <cbc:DocumentCurrencyCode listID="ISO4217">EUR</cbc:DocumentCurrencyCode>
               <cac:AccountingSupplierParty>
                  <cac:Party>
                     <cac:PartyIdentification>
                        <cbc:ID schemeID="BE:CBE">0200013901</cbc:ID>
                     </cac:PartyIdentification>
                     <cac:PartyName>
                        <cbc:Name>ACME</cbc:Name>
                     </cac:PartyName>
                     <cac:PostalAddress>
                        <cbc:StreetName>Simon Bolivarlaan 30/9</cbc:StreetName>
                        <cbc:CityName>BRUSSEL</cbc:CityName>
                        <cbc:PostalZone>1000</cbc:PostalZone>
                        <cac:Country>
                           <cbc:IdentificationCode listID="ISO3166-1:Alpha2">BE</cbc:IdentificationCode>
                        </cac:Country>
                     </cac:PostalAddress>
                     <cac:PartyTaxScheme>
                        <cbc:CompanyID schemeID="BE:VAT">BE0200013901</cbc:CompanyID>
                        <cac:TaxScheme>
                           <cbc:ID>VAT</cbc:ID>
                        </cac:TaxScheme>
                     </cac:PartyTaxScheme>
                     <cac:PartyLegalEntity>
                        <cbc:RegistrationName>D.W. Soft bvba</cbc:RegistrationName>
                        <cbc:CompanyID schemeID="BE:CBE">0200013901</cbc:CompanyID>
                     </cac:PartyLegalEntity>
                     <cac:Contact>
                        <cbc:ElectronicMail>ebarbieux@cirb.brussels</cbc:ElectronicMail>
                     </cac:Contact>
                  </cac:Party>
               </cac:AccountingSupplierParty>
               <cac:AccountingCustomerParty>
                  <cac:Party>
                     <cac:PartyIdentification>
                        <cbc:ID schemeID="BE:CBE">0463152333</cbc:ID>
                     </cac:PartyIdentification>
                     <cac:PartyName>
                        <cbc:Name>Fake customer</cbc:Name>
                     </cac:PartyName>
                     <cac:PostalAddress>
                        <cbc:StreetName>Simon Bolivarlaan 34</cbc:StreetName>
                        <cbc:CityName>ANTWERPEN</cbc:CityName>
                        <cbc:PostalZone>2000</cbc:PostalZone>
                        <cac:Country>
                           <cbc:IdentificationCode listID="ISO3166-1:Alpha2">BE</cbc:IdentificationCode>
                        </cac:Country>
                     </cac:PostalAddress>
                     <cac:PartyTaxScheme>
                        <cbc:CompanyID schemeID="BE:VAT">BE0463152333</cbc:CompanyID>
                        <cac:TaxScheme>
                           <cbc:ID>VAT</cbc:ID>
                        </cac:TaxScheme>
                     </cac:PartyTaxScheme>
                     <cac:PartyLegalEntity>
                        <cbc:RegistrationName>Fake Customer</cbc:RegistrationName>
                        <cbc:CompanyID schemeID="BE:CBE">0463152333</cbc:CompanyID>
                     </cac:PartyLegalEntity>
                  </cac:Party>
               </cac:AccountingCustomerParty>
               <cac:PaymentMeans>
                  <cbc:PaymentMeansCode listID="UNCL4461">1</cbc:PaymentMeansCode>
                  <cbc:PaymentDueDate>2018-05-31</cbc:PaymentDueDate>
                  <cbc:PaymentChannelCode>IBAN</cbc:PaymentChannelCode>
                  <cbc:InstructionNote>SIMPLE TEST TO FAKE CUSTOMER</cbc:InstructionNote>
                  <cac:PayeeFinancialAccount>
                     <cbc:ID schemeID="IBAN">BE86736009252450</cbc:ID>
                     <cac:FinancialInstitutionBranch>
                        <cac:FinancialInstitution>
                           <cbc:ID schemeID="BIC">KREDBEBB</cbc:ID>
                        </cac:FinancialInstitution>
                     </cac:FinancialInstitutionBranch>
                  </cac:PayeeFinancialAccount>
               </cac:PaymentMeans>
               <cac:TaxTotal>
                  <cbc:TaxAmount currencyID="EUR">21.00</cbc:TaxAmount>
                  <cac:TaxSubtotal>
                     <cbc:TaxableAmount currencyID="EUR">100.00</cbc:TaxableAmount>
                     <cbc:TaxAmount currencyID="EUR">21.00</cbc:TaxAmount>
                     <cac:TaxCategory>
                        <cbc:ID schemeID="UNCL5305">S</cbc:ID>
                        <cbc:Percent>21.00</cbc:Percent>
                        <cac:TaxScheme>
                           <cbc:ID>VAT</cbc:ID>
                        </cac:TaxScheme>
                     </cac:TaxCategory>
                  </cac:TaxSubtotal>
               </cac:TaxTotal>
               <cac:LegalMonetaryTotal>
                  <cbc:LineExtensionAmount currencyID="EUR">100.00</cbc:LineExtensionAmount>
                  <cbc:TaxExclusiveAmount currencyID="EUR">100.00</cbc:TaxExclusiveAmount>
                  <cbc:TaxInclusiveAmount currencyID="EUR">121.00</cbc:TaxInclusiveAmount>
                  <cbc:PayableAmount currencyID="EUR">121.00</cbc:PayableAmount>
               </cac:LegalMonetaryTotal>
               <cac:InvoiceLine>
                  <cbc:ID>1</cbc:ID>
                  <cbc:InvoicedQuantity unitCode="NAR" unitCodeListID="UNECERec20">1.00</cbc:InvoicedQuantity>
                  <cbc:LineExtensionAmount currencyID="EUR">100.00</cbc:LineExtensionAmount>
                  <cac:TaxTotal>
                     <cbc:TaxAmount currencyID="EUR">21.00</cbc:TaxAmount>
                  </cac:TaxTotal>
                  <cac:Item>
                     <cbc:Description>Line1 description - may be long</cbc:Description>
                     <cbc:Name>Line1max50char</cbc:Name>
                     <cac:ClassifiedTaxCategory>
                        <cbc:ID schemeID="UNCL5305">S</cbc:ID>
                        <cbc:Percent>21.00</cbc:Percent>
                        <cac:TaxScheme>
                           <cbc:ID>VAT</cbc:ID>
                        </cac:TaxScheme>
                     </cac:ClassifiedTaxCategory>
                  </cac:Item>
                  <cac:Price>
                     <cbc:PriceAmount currencyID="EUR">100.00</cbc:PriceAmount>
                     <cbc:BaseQuantity>1.00</cbc:BaseQuantity>
                  </cac:Price>
               </cac:InvoiceLine>
            </Invoice>
            </v12:document>
         </v2:request>
      </v2:submitDocumentRequest>
   </soapenv:Body>
</soapenv:Envelope>]]></con:request><con:credentials><con:selectedAuthProfile>Basic</con:selectedAuthProfile><con:addedBasicAuthenticationTypes>Basic</con:addedBasicAuthenticationTypes><con:authType>Global HTTP Settings</con:authType></con:credentials><con:jmsConfig JMSDeliveryMode="PERSISTENT"/><con:jmsPropertyConfig/><con:wsaConfig mustUnderstand="NONE" version="200508" action="http://fidus.brussels/services/invoiceservice/submitDocument"/><con:wsrmConfig version="1.2"/></con:call><con:call id="e0d191bd-69c5-46a2-aca0-8ad77f83c9b4" name="3 - Test - LB - Request" outgoingWss="Outflow TEST"><con:settings><con:setting id="com.eviware.soapui.impl.wsdl.WsdlRequest@request-headers">&lt;xml-fragment/></con:setting></con:settings><con:encoding>UTF-8</con:encoding><con:endpoint>https://esb-security-gw.sta.srv.cirb.lan:8443/services/InvoiceService_v2.0</con:endpoint><con:request><![CDATA[<soapenv:Envelope xmlns:soapenv="http://schemas.xmlsoap.org/soap/envelope/" xmlns:v2="http://fidus.brussels/service/invoiceservice/messages/v2.0" xmlns:v1="http://fidus.brussels/service/invoiceservice/messages/v1.2" xmlns:v11="http://fidus.brussels/type/common/messages/v1" xmlns:urn="urn:oasis:names:specification:ubl:schema:xsd:ApplicationResponse-2" xmlns:urn1="urn:oasis:names:specification:ubl:schema:xsd:CommonExtensionComponents-2" xmlns:urn2="urn:oasis:names:specification:ubl:schema:xsd:CommonBasicComponents-2" xmlns:urn3="urn:oasis:names:specification:ubl:schema:xsd:CommonAggregateComponents-2">
   <soapenv:Header/>
   <soapenv:Body>
      <v2:submitDocumentRequest>
         <v2:messageContext>
            <v11:messageId>?</v11:messageId>
         </v2:messageContext>
         <v2:legalContext>ServiceIntegrator</v2:legalContext>
         <v2:request>
            <v12:document xmlns:v12="http://fsb.belgium.be/einvoicing/simpleprior/v1_00">                
            <Invoice xmlns="urn:oasis:names:specification:ubl:schema:xsd:Invoice-2"
                    xmlns:cbc="urn:oasis:names:specification:ubl:schema:xsd:CommonBasicComponents-2"
                    xmlns:cac="urn:oasis:names:specification:ubl:schema:xsd:CommonAggregateComponents-2">
               <cbc:UBLVersionID>2.1</cbc:UBLVersionID>
               <cbc:CustomizationID>urn:www.cenbii.eu:transaction:biitrns010:ver2.0:extended:urn:www.peppol.eu:bis:peppol5a:ver2.0</cbc:CustomizationID>
               <cbc:ProfileID>urn:www.cenbii.eu:profile:bii05:ver2.0</cbc:ProfileID>
               <cbc:ID>118120479086FAKNOV-13-5B</cbc:ID>
               <cbc:IssueDate>2018-06-12</cbc:IssueDate>
               <cbc:InvoiceTypeCode listID="UNCL1001">380</cbc:InvoiceTypeCode>
               <cbc:DocumentCurrencyCode listID="ISO4217">EUR</cbc:DocumentCurrencyCode>
               <cac:AccountingSupplierParty>
                  <cac:Party>
                     <cac:PartyIdentification>
                        <cbc:ID schemeID="BE:CBE">0200013901</cbc:ID>
                     </cac:PartyIdentification>
                     <cac:PartyName>
                        <cbc:Name>ACME</cbc:Name>
                     </cac:PartyName>
                     <cac:PostalAddress>
                        <cbc:StreetName>Simon Bolivarlaan 30/9</cbc:StreetName>
                        <cbc:CityName>BRUSSEL</cbc:CityName>
                        <cbc:PostalZone>1000</cbc:PostalZone>
                        <cac:Country>
                           <cbc:IdentificationCode listID="ISO3166-1:Alpha2">BE</cbc:IdentificationCode>
                        </cac:Country>
                     </cac:PostalAddress>
                     <cac:PartyTaxScheme>
                        <cbc:CompanyID schemeID="BE:VAT">BE0200013901</cbc:CompanyID>
                        <cac:TaxScheme>
                           <cbc:ID>VAT</cbc:ID>
                        </cac:TaxScheme>
                     </cac:PartyTaxScheme>
                     <cac:PartyLegalEntity>
                        <cbc:RegistrationName>D.W. Soft bvba</cbc:RegistrationName>
                        <cbc:CompanyID schemeID="BE:CBE">0200013901</cbc:CompanyID>
                     </cac:PartyLegalEntity>
                     <cac:Contact>
                        <cbc:ElectronicMail>dirk.willekens@dwsoft.be</cbc:ElectronicMail>
                     </cac:Contact>
                  </cac:Party>
               </cac:AccountingSupplierParty>
               <cac:AccountingCustomerParty>
                  <cac:Party>
                     <cac:PartyIdentification>
                        <cbc:ID schemeID="BE:CBE">2222222222</cbc:ID>
                     </cac:PartyIdentification>
                     <cac:PartyName>
                        <cbc:Name>Fake customer</cbc:Name>
                     </cac:PartyName>
                     <cac:PostalAddress>
                        <cbc:StreetName>Simon Bolivarlaan 34</cbc:StreetName>
                        <cbc:CityName>ANTWERPEN</cbc:CityName>
                        <cbc:PostalZone>2000</cbc:PostalZone>
                        <cac:Country>
                           <cbc:IdentificationCode listID="ISO3166-1:Alpha2">BE</cbc:IdentificationCode>
                        </cac:Country>
                     </cac:PostalAddress>
                     <cac:PartyTaxScheme>
                        <cbc:CompanyID schemeID="BE:VAT">BE2222222222</cbc:CompanyID>
                        <cac:TaxScheme>
                           <cbc:ID>VAT</cbc:ID>
                        </cac:TaxScheme>
                     </cac:PartyTaxScheme>
                     <cac:PartyLegalEntity>
                        <cbc:RegistrationName>Fake Customer</cbc:RegistrationName>
                        <cbc:CompanyID schemeID="BE:CBE">2222222222</cbc:CompanyID>
                     </cac:PartyLegalEntity>
                  </cac:Party>
               </cac:AccountingCustomerParty>
               <cac:PaymentMeans>
                  <cbc:PaymentMeansCode listID="UNCL4461">1</cbc:PaymentMeansCode>
                  <cbc:PaymentDueDate>2018-05-31</cbc:PaymentDueDate>
                  <cbc:PaymentChannelCode>IBAN</cbc:PaymentChannelCode>
                  <cbc:InstructionNote>SIMPLE TEST TO FAKE CUSTOMER</cbc:InstructionNote>
                  <cac:PayeeFinancialAccount>
                     <cbc:ID schemeID="IBAN">BE86736009252450</cbc:ID>
                     <cac:FinancialInstitutionBranch>
                        <cac:FinancialInstitution>
                           <cbc:ID schemeID="BIC">KREDBEBB</cbc:ID>
                        </cac:FinancialInstitution>
                     </cac:FinancialInstitutionBranch>
                  </cac:PayeeFinancialAccount>
               </cac:PaymentMeans>
               <cac:TaxTotal>
                  <cbc:TaxAmount currencyID="EUR">21.00</cbc:TaxAmount>
                  <cac:TaxSubtotal>
                     <cbc:TaxableAmount currencyID="EUR">100.00</cbc:TaxableAmount>
                     <cbc:TaxAmount currencyID="EUR">21.00</cbc:TaxAmount>
                     <cac:TaxCategory>
                        <cbc:ID schemeID="UNCL5305">S</cbc:ID>
                        <cbc:Percent>21.00</cbc:Percent>
                        <cac:TaxScheme>
                           <cbc:ID>VAT</cbc:ID>
                        </cac:TaxScheme>
                     </cac:TaxCategory>
                  </cac:TaxSubtotal>
               </cac:TaxTotal>
               <cac:LegalMonetaryTotal>
                  <cbc:LineExtensionAmount currencyID="EUR">100.00</cbc:LineExtensionAmount>
                  <cbc:TaxExclusiveAmount currencyID="EUR">100.00</cbc:TaxExclusiveAmount>
                  <cbc:TaxInclusiveAmount currencyID="EUR">121.00</cbc:TaxInclusiveAmount>
                  <cbc:PayableAmount currencyID="EUR">121.00</cbc:PayableAmount>
               </cac:LegalMonetaryTotal>
               <cac:InvoiceLine>
                  <cbc:ID>1</cbc:ID>
                  <cbc:InvoicedQuantity unitCode="NAR" unitCodeListID="UNECERec20">1.00</cbc:InvoicedQuantity>
                  <cbc:LineExtensionAmount currencyID="EUR">100.00</cbc:LineExtensionAmount>
                  <cac:TaxTotal>
                     <cbc:TaxAmount currencyID="EUR">21.00</cbc:TaxAmount>
                  </cac:TaxTotal>
                  <cac:Item>
                     <cbc:Description>Line1 description - may be long</cbc:Description>
                     <cbc:Name>Line1max50char</cbc:Name>
                     <cac:ClassifiedTaxCategory>
                        <cbc:ID schemeID="UNCL5305">S</cbc:ID>
                        <cbc:Percent>21.00</cbc:Percent>
                        <cac:TaxScheme>
                           <cbc:ID>VAT</cbc:ID>
                        </cac:TaxScheme>
                     </cac:ClassifiedTaxCategory>
                  </cac:Item>
                  <cac:Price>
                     <cbc:PriceAmount currencyID="EUR">100.00</cbc:PriceAmount>
                     <cbc:BaseQuantity>1.00</cbc:BaseQuantity>
                  </cac:Price>
               </cac:InvoiceLine>
            </Invoice>
            </v12:document>
         </v2:request>
      </v2:submitDocumentRequest>
   </soapenv:Body>
</soapenv:Envelope>]]></con:request><con:credentials><con:selectedAuthProfile>Basic</con:selectedAuthProfile><con:addedBasicAuthenticationTypes>Basic</con:addedBasicAuthenticationTypes><con:authType>Global HTTP Settings</con:authType></con:credentials><con:jmsConfig JMSDeliveryMode="PERSISTENT"/><con:jmsPropertyConfig/><con:wsaConfig mustUnderstand="NONE" version="200508" action="http://fidus.brussels/services/invoiceservice/submitApplicationResponse"/><con:wsrmConfig version="1.2"/></con:call><con:call id="66449392-e088-4c4c-b32a-4c944b716ea4" name="3 - Test - Worker1 - Request" outgoingWss="Outflow TEST"><con:settings><con:setting id="com.eviware.soapui.impl.wsdl.WsdlRequest@request-headers">&lt;xml-fragment/></con:setting></con:settings><con:encoding>UTF-8</con:encoding><con:endpoint>https://192.168.22.53:8443/services/InvoiceService_v2.0</con:endpoint><con:request><![CDATA[<soapenv:Envelope xmlns:soapenv="http://schemas.xmlsoap.org/soap/envelope/" xmlns:v2="http://fidus.brussels/service/invoiceservice/messages/v2.0" xmlns:v1="http://fidus.brussels/service/invoiceservice/messages/v1.2" xmlns:v11="http://fidus.brussels/type/common/messages/v1" xmlns:urn="urn:oasis:names:specification:ubl:schema:xsd:ApplicationResponse-2" xmlns:urn1="urn:oasis:names:specification:ubl:schema:xsd:CommonExtensionComponents-2" xmlns:urn2="urn:oasis:names:specification:ubl:schema:xsd:CommonBasicComponents-2" xmlns:urn3="urn:oasis:names:specification:ubl:schema:xsd:CommonAggregateComponents-2">
   <soapenv:Header/>
   <soapenv:Body>
      <v2:submitDocumentRequest>
         <v2:messageContext>
            <v11:messageId>?</v11:messageId>
         </v2:messageContext>
         <v2:legalContext>ServiceIntegrator</v2:legalContext>
         <v2:request>
            <v12:document xmlns:v12="http://fsb.belgium.be/einvoicing/simpleprior/v1_00">                
            <Invoice xmlns="urn:oasis:names:specification:ubl:schema:xsd:Invoice-2"
                    xmlns:cbc="urn:oasis:names:specification:ubl:schema:xsd:CommonBasicComponents-2"
                    xmlns:cac="urn:oasis:names:specification:ubl:schema:xsd:CommonAggregateComponents-2">
               <cbc:UBLVersionID>2.1</cbc:UBLVersionID>
               <cbc:CustomizationID>urn:www.cenbii.eu:transaction:biitrns010:ver2.0:extended:urn:www.peppol.eu:bis:peppol5a:ver2.0</cbc:CustomizationID>
               <cbc:ProfileID>urn:www.cenbii.eu:profile:bii05:ver2.0</cbc:ProfileID>
               <cbc:ID>118120479086FAKNOV-13-5B</cbc:ID>
               <cbc:IssueDate>2018-06-12</cbc:IssueDate>
               <cbc:InvoiceTypeCode listID="UNCL1001">380</cbc:InvoiceTypeCode>
               <cbc:DocumentCurrencyCode listID="ISO4217">EUR</cbc:DocumentCurrencyCode>
               <cac:AccountingSupplierParty>
                  <cac:Party>
                     <cac:PartyIdentification>
                        <cbc:ID schemeID="BE:CBE">0200013901</cbc:ID>
                     </cac:PartyIdentification>
                     <cac:PartyName>
                        <cbc:Name>ACME</cbc:Name>
                     </cac:PartyName>
                     <cac:PostalAddress>
                        <cbc:StreetName>Simon Bolivarlaan 30/9</cbc:StreetName>
                        <cbc:CityName>BRUSSEL</cbc:CityName>
                        <cbc:PostalZone>1000</cbc:PostalZone>
                        <cac:Country>
                           <cbc:IdentificationCode listID="ISO3166-1:Alpha2">BE</cbc:IdentificationCode>
                        </cac:Country>
                     </cac:PostalAddress>
                     <cac:PartyTaxScheme>
                        <cbc:CompanyID schemeID="BE:VAT">BE0200013901</cbc:CompanyID>
                        <cac:TaxScheme>
                           <cbc:ID>VAT</cbc:ID>
                        </cac:TaxScheme>
                     </cac:PartyTaxScheme>
                     <cac:PartyLegalEntity>
                        <cbc:RegistrationName>D.W. Soft bvba</cbc:RegistrationName>
                        <cbc:CompanyID schemeID="BE:CBE">0200013901</cbc:CompanyID>
                     </cac:PartyLegalEntity>
                     <cac:Contact>
                        <cbc:ElectronicMail>dirk.willekens@dwsoft.be</cbc:ElectronicMail>
                     </cac:Contact>
                  </cac:Party>
               </cac:AccountingSupplierParty>
               <cac:AccountingCustomerParty>
                  <cac:Party>
                     <cac:PartyIdentification>
                        <cbc:ID schemeID="BE:CBE">2222222222</cbc:ID>
                     </cac:PartyIdentification>
                     <cac:PartyName>
                        <cbc:Name>Fake customer</cbc:Name>
                     </cac:PartyName>
                     <cac:PostalAddress>
                        <cbc:StreetName>Simon Bolivarlaan 34</cbc:StreetName>
                        <cbc:CityName>ANTWERPEN</cbc:CityName>
                        <cbc:PostalZone>2000</cbc:PostalZone>
                        <cac:Country>
                           <cbc:IdentificationCode listID="ISO3166-1:Alpha2">BE</cbc:IdentificationCode>
                        </cac:Country>
                     </cac:PostalAddress>
                     <cac:PartyTaxScheme>
                        <cbc:CompanyID schemeID="BE:VAT">BE2222222222</cbc:CompanyID>
                        <cac:TaxScheme>
                           <cbc:ID>VAT</cbc:ID>
                        </cac:TaxScheme>
                     </cac:PartyTaxScheme>
                     <cac:PartyLegalEntity>
                        <cbc:RegistrationName>Fake Customer</cbc:RegistrationName>
                        <cbc:CompanyID schemeID="BE:CBE">2222222222</cbc:CompanyID>
                     </cac:PartyLegalEntity>
                  </cac:Party>
               </cac:AccountingCustomerParty>
               <cac:PaymentMeans>
                  <cbc:PaymentMeansCode listID="UNCL4461">1</cbc:PaymentMeansCode>
                  <cbc:PaymentDueDate>2018-05-31</cbc:PaymentDueDate>
                  <cbc:PaymentChannelCode>IBAN</cbc:PaymentChannelCode>
                  <cbc:InstructionNote>SIMPLE TEST TO FAKE CUSTOMER</cbc:InstructionNote>
                  <cac:PayeeFinancialAccount>
                     <cbc:ID schemeID="IBAN">BE86736009252450</cbc:ID>
                     <cac:FinancialInstitutionBranch>
                        <cac:FinancialInstitution>
                           <cbc:ID schemeID="BIC">KREDBEBB</cbc:ID>
                        </cac:FinancialInstitution>
                     </cac:FinancialInstitutionBranch>
                  </cac:PayeeFinancialAccount>
               </cac:PaymentMeans>
               <cac:TaxTotal>
                  <cbc:TaxAmount currencyID="EUR">21.00</cbc:TaxAmount>
                  <cac:TaxSubtotal>
                     <cbc:TaxableAmount currencyID="EUR">100.00</cbc:TaxableAmount>
                     <cbc:TaxAmount currencyID="EUR">21.00</cbc:TaxAmount>
                     <cac:TaxCategory>
                        <cbc:ID schemeID="UNCL5305">S</cbc:ID>
                        <cbc:Percent>21.00</cbc:Percent>
                        <cac:TaxScheme>
                           <cbc:ID>VAT</cbc:ID>
                        </cac:TaxScheme>
                     </cac:TaxCategory>
                  </cac:TaxSubtotal>
               </cac:TaxTotal>
               <cac:LegalMonetaryTotal>
                  <cbc:LineExtensionAmount currencyID="EUR">100.00</cbc:LineExtensionAmount>
                  <cbc:TaxExclusiveAmount currencyID="EUR">100.00</cbc:TaxExclusiveAmount>
                  <cbc:TaxInclusiveAmount currencyID="EUR">121.00</cbc:TaxInclusiveAmount>
                  <cbc:PayableAmount currencyID="EUR">121.00</cbc:PayableAmount>
               </cac:LegalMonetaryTotal>
               <cac:InvoiceLine>
                  <cbc:ID>1</cbc:ID>
                  <cbc:InvoicedQuantity unitCode="NAR" unitCodeListID="UNECERec20">1.00</cbc:InvoicedQuantity>
                  <cbc:LineExtensionAmount currencyID="EUR">100.00</cbc:LineExtensionAmount>
                  <cac:TaxTotal>
                     <cbc:TaxAmount currencyID="EUR">21.00</cbc:TaxAmount>
                  </cac:TaxTotal>
                  <cac:Item>
                     <cbc:Description>Line1 description - may be long</cbc:Description>
                     <cbc:Name>Line1max50char</cbc:Name>
                     <cac:ClassifiedTaxCategory>
                        <cbc:ID schemeID="UNCL5305">S</cbc:ID>
                        <cbc:Percent>21.00</cbc:Percent>
                        <cac:TaxScheme>
                           <cbc:ID>VAT</cbc:ID>
                        </cac:TaxScheme>
                     </cac:ClassifiedTaxCategory>
                  </cac:Item>
                  <cac:Price>
                     <cbc:PriceAmount currencyID="EUR">100.00</cbc:PriceAmount>
                     <cbc:BaseQuantity>1.00</cbc:BaseQuantity>
                  </cac:Price>
               </cac:InvoiceLine>
            </Invoice>
            </v12:document>
         </v2:request>
      </v2:submitDocumentRequest>
   </soapenv:Body>
</soapenv:Envelope>]]></con:request><con:credentials><con:selectedAuthProfile>Basic</con:selectedAuthProfile><con:addedBasicAuthenticationTypes>Basic</con:addedBasicAuthenticationTypes><con:authType>Global HTTP Settings</con:authType></con:credentials><con:jmsConfig JMSDeliveryMode="PERSISTENT"/><con:jmsPropertyConfig/><con:wsaConfig mustUnderstand="NONE" version="200508" action="http://fidus.brussels/services/invoiceservice/submitApplicationResponse"/><con:wsrmConfig version="1.2"/></con:call><con:call id="13c1d9f3-9bfe-4169-9721-83799d71a05c" name="3 - Test - Worker2 - Request" outgoingWss="Outflow TEST"><con:settings><con:setting id="com.eviware.soapui.impl.wsdl.WsdlRequest@request-headers">&lt;xml-fragment/></con:setting></con:settings><con:encoding>UTF-8</con:encoding><con:endpoint>https://192.168.22.54:8443/services/InvoiceService_v2.0</con:endpoint><con:request><![CDATA[<soapenv:Envelope xmlns:soapenv="http://schemas.xmlsoap.org/soap/envelope/" xmlns:v2="http://fidus.brussels/service/invoiceservice/messages/v2.0" xmlns:v1="http://fidus.brussels/service/invoiceservice/messages/v1.2" xmlns:v11="http://fidus.brussels/type/common/messages/v1" xmlns:urn="urn:oasis:names:specification:ubl:schema:xsd:ApplicationResponse-2" xmlns:urn1="urn:oasis:names:specification:ubl:schema:xsd:CommonExtensionComponents-2" xmlns:urn2="urn:oasis:names:specification:ubl:schema:xsd:CommonBasicComponents-2" xmlns:urn3="urn:oasis:names:specification:ubl:schema:xsd:CommonAggregateComponents-2">
   <soapenv:Header/>
   <soapenv:Body>
      <v2:submitDocumentRequest>
         <v2:messageContext>
            <v11:messageId>?</v11:messageId>
         </v2:messageContext>
         <v2:legalContext>ServiceIntegrator</v2:legalContext>
         <v2:request>
            <v12:document xmlns:v12="http://fsb.belgium.be/einvoicing/simpleprior/v1_00">                
            <Invoice xmlns="urn:oasis:names:specification:ubl:schema:xsd:Invoice-2"
                    xmlns:cbc="urn:oasis:names:specification:ubl:schema:xsd:CommonBasicComponents-2"
                    xmlns:cac="urn:oasis:names:specification:ubl:schema:xsd:CommonAggregateComponents-2">
               <cbc:UBLVersionID>2.1</cbc:UBLVersionID>
               <cbc:CustomizationID>urn:www.cenbii.eu:transaction:biitrns010:ver2.0:extended:urn:www.peppol.eu:bis:peppol5a:ver2.0</cbc:CustomizationID>
               <cbc:ProfileID>urn:www.cenbii.eu:profile:bii05:ver2.0</cbc:ProfileID>
               <cbc:ID>118120479086FAKNOV-13-5B</cbc:ID>
               <cbc:IssueDate>2018-06-12</cbc:IssueDate>
               <cbc:InvoiceTypeCode listID="UNCL1001">380</cbc:InvoiceTypeCode>
               <cbc:DocumentCurrencyCode listID="ISO4217">EUR</cbc:DocumentCurrencyCode>
               <cac:AccountingSupplierParty>
                  <cac:Party>
                     <cac:PartyIdentification>
                        <cbc:ID schemeID="BE:CBE">0200013901</cbc:ID>
                     </cac:PartyIdentification>
                     <cac:PartyName>
                        <cbc:Name>ACME</cbc:Name>
                     </cac:PartyName>
                     <cac:PostalAddress>
                        <cbc:StreetName>Simon Bolivarlaan 30/9</cbc:StreetName>
                        <cbc:CityName>BRUSSEL</cbc:CityName>
                        <cbc:PostalZone>1000</cbc:PostalZone>
                        <cac:Country>
                           <cbc:IdentificationCode listID="ISO3166-1:Alpha2">BE</cbc:IdentificationCode>
                        </cac:Country>
                     </cac:PostalAddress>
                     <cac:PartyTaxScheme>
                        <cbc:CompanyID schemeID="BE:VAT">BE0200013901</cbc:CompanyID>
                        <cac:TaxScheme>
                           <cbc:ID>VAT</cbc:ID>
                        </cac:TaxScheme>
                     </cac:PartyTaxScheme>
                     <cac:PartyLegalEntity>
                        <cbc:RegistrationName>D.W. Soft bvba</cbc:RegistrationName>
                        <cbc:CompanyID schemeID="BE:CBE">0200013901</cbc:CompanyID>
                     </cac:PartyLegalEntity>
                     <cac:Contact>
                        <cbc:ElectronicMail>dirk.willekens@dwsoft.be</cbc:ElectronicMail>
                     </cac:Contact>
                  </cac:Party>
               </cac:AccountingSupplierParty>
               <cac:AccountingCustomerParty>
                  <cac:Party>
                     <cac:PartyIdentification>
                        <cbc:ID schemeID="BE:CBE">2222222222</cbc:ID>
                     </cac:PartyIdentification>
                     <cac:PartyName>
                        <cbc:Name>Fake customer</cbc:Name>
                     </cac:PartyName>
                     <cac:PostalAddress>
                        <cbc:StreetName>Simon Bolivarlaan 34</cbc:StreetName>
                        <cbc:CityName>ANTWERPEN</cbc:CityName>
                        <cbc:PostalZone>2000</cbc:PostalZone>
                        <cac:Country>
                           <cbc:IdentificationCode listID="ISO3166-1:Alpha2">BE</cbc:IdentificationCode>
                        </cac:Country>
                     </cac:PostalAddress>
                     <cac:PartyTaxScheme>
                        <cbc:CompanyID schemeID="BE:VAT">BE2222222222</cbc:CompanyID>
                        <cac:TaxScheme>
                           <cbc:ID>VAT</cbc:ID>
                        </cac:TaxScheme>
                     </cac:PartyTaxScheme>
                     <cac:PartyLegalEntity>
                        <cbc:RegistrationName>Fake Customer</cbc:RegistrationName>
                        <cbc:CompanyID schemeID="BE:CBE">2222222222</cbc:CompanyID>
                     </cac:PartyLegalEntity>
                  </cac:Party>
               </cac:AccountingCustomerParty>
               <cac:PaymentMeans>
                  <cbc:PaymentMeansCode listID="UNCL4461">1</cbc:PaymentMeansCode>
                  <cbc:PaymentDueDate>2018-05-31</cbc:PaymentDueDate>
                  <cbc:PaymentChannelCode>IBAN</cbc:PaymentChannelCode>
                  <cbc:InstructionNote>SIMPLE TEST TO FAKE CUSTOMER</cbc:InstructionNote>
                  <cac:PayeeFinancialAccount>
                     <cbc:ID schemeID="IBAN">BE86736009252450</cbc:ID>
                     <cac:FinancialInstitutionBranch>
                        <cac:FinancialInstitution>
                           <cbc:ID schemeID="BIC">KREDBEBB</cbc:ID>
                        </cac:FinancialInstitution>
                     </cac:FinancialInstitutionBranch>
                  </cac:PayeeFinancialAccount>
               </cac:PaymentMeans>
               <cac:TaxTotal>
                  <cbc:TaxAmount currencyID="EUR">21.00</cbc:TaxAmount>
                  <cac:TaxSubtotal>
                     <cbc:TaxableAmount currencyID="EUR">100.00</cbc:TaxableAmount>
                     <cbc:TaxAmount currencyID="EUR">21.00</cbc:TaxAmount>
                     <cac:TaxCategory>
                        <cbc:ID schemeID="UNCL5305">S</cbc:ID>
                        <cbc:Percent>21.00</cbc:Percent>
                        <cac:TaxScheme>
                           <cbc:ID>VAT</cbc:ID>
                        </cac:TaxScheme>
                     </cac:TaxCategory>
                  </cac:TaxSubtotal>
               </cac:TaxTotal>
               <cac:LegalMonetaryTotal>
                  <cbc:LineExtensionAmount currencyID="EUR">100.00</cbc:LineExtensionAmount>
                  <cbc:TaxExclusiveAmount currencyID="EUR">100.00</cbc:TaxExclusiveAmount>
                  <cbc:TaxInclusiveAmount currencyID="EUR">121.00</cbc:TaxInclusiveAmount>
                  <cbc:PayableAmount currencyID="EUR">121.00</cbc:PayableAmount>
               </cac:LegalMonetaryTotal>
               <cac:InvoiceLine>
                  <cbc:ID>1</cbc:ID>
                  <cbc:InvoicedQuantity unitCode="NAR" unitCodeListID="UNECERec20">1.00</cbc:InvoicedQuantity>
                  <cbc:LineExtensionAmount currencyID="EUR">100.00</cbc:LineExtensionAmount>
                  <cac:TaxTotal>
                     <cbc:TaxAmount currencyID="EUR">21.00</cbc:TaxAmount>
                  </cac:TaxTotal>
                  <cac:Item>
                     <cbc:Description>Line1 description - may be long</cbc:Description>
                     <cbc:Name>Line1max50char</cbc:Name>
                     <cac:ClassifiedTaxCategory>
                        <cbc:ID schemeID="UNCL5305">S</cbc:ID>
                        <cbc:Percent>21.00</cbc:Percent>
                        <cac:TaxScheme>
                           <cbc:ID>VAT</cbc:ID>
                        </cac:TaxScheme>
                     </cac:ClassifiedTaxCategory>
                  </cac:Item>
                  <cac:Price>
                     <cbc:PriceAmount currencyID="EUR">100.00</cbc:PriceAmount>
                     <cbc:BaseQuantity>1.00</cbc:BaseQuantity>
                  </cac:Price>
               </cac:InvoiceLine>
            </Invoice>
            </v12:document>
         </v2:request>
      </v2:submitDocumentRequest>
   </soapenv:Body>
</soapenv:Envelope>]]></con:request><con:credentials><con:selectedAuthProfile>Basic</con:selectedAuthProfile><con:addedBasicAuthenticationTypes>Basic</con:addedBasicAuthenticationTypes><con:authType>Global HTTP Settings</con:authType></con:credentials><con:jmsConfig JMSDeliveryMode="PERSISTENT"/><con:jmsPropertyConfig/><con:wsaConfig mustUnderstand="NONE" version="200508" action="http://fidus.brussels/services/invoiceservice/submitApplicationResponse"/><con:wsrmConfig version="1.2"/></con:call><con:call id="691b5eab-40c6-433c-a39e-5cedc5b3fa6a" name="4 - Staging - External - Request" outgoingWss="Outflow STAG"><con:settings><con:setting id="com.eviware.soapui.impl.wsdl.WsdlRequest@request-headers">&lt;xml-fragment/></con:setting></con:settings><con:encoding>UTF-8</con:encoding><con:endpoint>https://fidus.irisnetlab.be/services/InvoiceService_v2.0</con:endpoint><con:request><![CDATA[<soapenv:Envelope xmlns:soapenv="http://schemas.xmlsoap.org/soap/envelope/" xmlns:v2="http://fidus.brussels/service/invoiceservice/messages/v2.0" xmlns:v1="http://fidus.brussels/service/invoiceservice/messages/v1.2" xmlns:v11="http://fidus.brussels/type/common/messages/v1" xmlns:urn="urn:oasis:names:specification:ubl:schema:xsd:ApplicationResponse-2" xmlns:urn1="urn:oasis:names:specification:ubl:schema:xsd:CommonExtensionComponents-2" xmlns:urn2="urn:oasis:names:specification:ubl:schema:xsd:CommonBasicComponents-2" xmlns:urn3="urn:oasis:names:specification:ubl:schema:xsd:CommonAggregateComponents-2">
   <soapenv:Header/>
   <soapenv:Body>
      <v2:submitDocumentRequest>
         <v2:messageContext>
            <v11:messageId>?</v11:messageId>
         </v2:messageContext>
         <v2:legalContext>ServiceIntegrator</v2:legalContext>
         <v2:request>
            <v12:document xmlns:v12="http://fsb.belgium.be/einvoicing/simpleprior/v1_00">                
            <Invoice xmlns="urn:oasis:names:specification:ubl:schema:xsd:Invoice-2"
                    xmlns:cbc="urn:oasis:names:specification:ubl:schema:xsd:CommonBasicComponents-2"
                    xmlns:cac="urn:oasis:names:specification:ubl:schema:xsd:CommonAggregateComponents-2">
               <cbc:UBLVersionID>2.1</cbc:UBLVersionID>
               <cbc:CustomizationID>urn:www.cenbii.eu:transaction:biitrns010:ver2.0:extended:urn:www.peppol.eu:bis:peppol5a:ver2.0</cbc:CustomizationID>
               <cbc:ProfileID>urn:www.cenbii.eu:profile:bii05:ver2.0</cbc:ProfileID>
               <cbc:ID>118120479086FAKNOV-13-5B</cbc:ID>
               <cbc:IssueDate>2018-06-12</cbc:IssueDate>
               <cbc:InvoiceTypeCode listID="UNCL1001">380</cbc:InvoiceTypeCode>
               <cbc:DocumentCurrencyCode listID="ISO4217">EUR</cbc:DocumentCurrencyCode>
               <cac:AccountingSupplierParty>
                  <cac:Party>
                     <cac:PartyIdentification>
                        <cbc:ID schemeID="BE:CBE">0200013901</cbc:ID>
                     </cac:PartyIdentification>
                     <cac:PartyName>
                        <cbc:Name>ACME</cbc:Name>
                     </cac:PartyName>
                     <cac:PostalAddress>
                        <cbc:StreetName>Simon Bolivarlaan 30/9</cbc:StreetName>
                        <cbc:CityName>BRUSSEL</cbc:CityName>
                        <cbc:PostalZone>1000</cbc:PostalZone>
                        <cac:Country>
                           <cbc:IdentificationCode listID="ISO3166-1:Alpha2">BE</cbc:IdentificationCode>
                        </cac:Country>
                     </cac:PostalAddress>
                     <cac:PartyTaxScheme>
                        <cbc:CompanyID schemeID="BE:VAT">BE0200013901</cbc:CompanyID>
                        <cac:TaxScheme>
                           <cbc:ID>VAT</cbc:ID>
                        </cac:TaxScheme>
                     </cac:PartyTaxScheme>
                     <cac:PartyLegalEntity>
                        <cbc:RegistrationName>D.W. Soft bvba</cbc:RegistrationName>
                        <cbc:CompanyID schemeID="BE:CBE">0200013901</cbc:CompanyID>
                     </cac:PartyLegalEntity>
                     <cac:Contact>
                        <cbc:ElectronicMail>dirk.willekens@dwsoft.be</cbc:ElectronicMail>
                     </cac:Contact>
                  </cac:Party>
               </cac:AccountingSupplierParty>
               <cac:AccountingCustomerParty>
                  <cac:Party>
                     <cac:PartyIdentification>
                        <cbc:ID schemeID="BE:CBE">2222222222</cbc:ID>
                     </cac:PartyIdentification>
                     <cac:PartyName>
                        <cbc:Name>Fake customer</cbc:Name>
                     </cac:PartyName>
                     <cac:PostalAddress>
                        <cbc:StreetName>Simon Bolivarlaan 34</cbc:StreetName>
                        <cbc:CityName>ANTWERPEN</cbc:CityName>
                        <cbc:PostalZone>2000</cbc:PostalZone>
                        <cac:Country>
                           <cbc:IdentificationCode listID="ISO3166-1:Alpha2">BE</cbc:IdentificationCode>
                        </cac:Country>
                     </cac:PostalAddress>
                     <cac:PartyTaxScheme>
                        <cbc:CompanyID schemeID="BE:VAT">BE2222222222</cbc:CompanyID>
                        <cac:TaxScheme>
                           <cbc:ID>VAT</cbc:ID>
                        </cac:TaxScheme>
                     </cac:PartyTaxScheme>
                     <cac:PartyLegalEntity>
                        <cbc:RegistrationName>Fake Customer</cbc:RegistrationName>
                        <cbc:CompanyID schemeID="BE:CBE">2222222222</cbc:CompanyID>
                     </cac:PartyLegalEntity>
                  </cac:Party>
               </cac:AccountingCustomerParty>
               <cac:PaymentMeans>
                  <cbc:PaymentMeansCode listID="UNCL4461">1</cbc:PaymentMeansCode>
                  <cbc:PaymentDueDate>2018-05-31</cbc:PaymentDueDate>
                  <cbc:PaymentChannelCode>IBAN</cbc:PaymentChannelCode>
                  <cbc:InstructionNote>SIMPLE TEST TO FAKE CUSTOMER</cbc:InstructionNote>
                  <cac:PayeeFinancialAccount>
                     <cbc:ID schemeID="IBAN">BE86736009252450</cbc:ID>
                     <cac:FinancialInstitutionBranch>
                        <cac:FinancialInstitution>
                           <cbc:ID schemeID="BIC">KREDBEBB</cbc:ID>
                        </cac:FinancialInstitution>
                     </cac:FinancialInstitutionBranch>
                  </cac:PayeeFinancialAccount>
               </cac:PaymentMeans>
               <cac:TaxTotal>
                  <cbc:TaxAmount currencyID="EUR">21.00</cbc:TaxAmount>
                  <cac:TaxSubtotal>
                     <cbc:TaxableAmount currencyID="EUR">100.00</cbc:TaxableAmount>
                     <cbc:TaxAmount currencyID="EUR">21.00</cbc:TaxAmount>
                     <cac:TaxCategory>
                        <cbc:ID schemeID="UNCL5305">S</cbc:ID>
                        <cbc:Percent>21.00</cbc:Percent>
                        <cac:TaxScheme>
                           <cbc:ID>VAT</cbc:ID>
                        </cac:TaxScheme>
                     </cac:TaxCategory>
                  </cac:TaxSubtotal>
               </cac:TaxTotal>
               <cac:LegalMonetaryTotal>
                  <cbc:LineExtensionAmount currencyID="EUR">100.00</cbc:LineExtensionAmount>
                  <cbc:TaxExclusiveAmount currencyID="EUR">100.00</cbc:TaxExclusiveAmount>
                  <cbc:TaxInclusiveAmount currencyID="EUR">121.00</cbc:TaxInclusiveAmount>
                  <cbc:PayableAmount currencyID="EUR">121.00</cbc:PayableAmount>
               </cac:LegalMonetaryTotal>
               <cac:InvoiceLine>
                  <cbc:ID>1</cbc:ID>
                  <cbc:InvoicedQuantity unitCode="NAR" unitCodeListID="UNECERec20">1.00</cbc:InvoicedQuantity>
                  <cbc:LineExtensionAmount currencyID="EUR">100.00</cbc:LineExtensionAmount>
                  <cac:TaxTotal>
                     <cbc:TaxAmount currencyID="EUR">21.00</cbc:TaxAmount>
                  </cac:TaxTotal>
                  <cac:Item>
                     <cbc:Description>Line1 description - may be long</cbc:Description>
                     <cbc:Name>Line1max50char</cbc:Name>
                     <cac:ClassifiedTaxCategory>
                        <cbc:ID schemeID="UNCL5305">S</cbc:ID>
                        <cbc:Percent>21.00</cbc:Percent>
                        <cac:TaxScheme>
                           <cbc:ID>VAT</cbc:ID>
                        </cac:TaxScheme>
                     </cac:ClassifiedTaxCategory>
                  </cac:Item>
                  <cac:Price>
                     <cbc:PriceAmount currencyID="EUR">100.00</cbc:PriceAmount>
                     <cbc:BaseQuantity>1.00</cbc:BaseQuantity>
                  </cac:Price>
               </cac:InvoiceLine>
            </Invoice>
            </v12:document>
         </v2:request>
      </v2:submitDocumentRequest>
   </soapenv:Body>
</soapenv:Envelope>]]></con:request><con:credentials><con:selectedAuthProfile>Basic</con:selectedAuthProfile><con:addedBasicAuthenticationTypes>Basic</con:addedBasicAuthenticationTypes><con:authType>Global HTTP Settings</con:authType></con:credentials><con:jmsConfig JMSDeliveryMode="PERSISTENT"/><con:jmsPropertyConfig/><con:wsaConfig mustUnderstand="NONE" version="200508" action="http://fidus.brussels/services/invoiceservice/submitApplicationResponse"/><con:wsrmConfig version="1.2"/></con:call><con:call id="97b66c7a-1cb5-41e8-a1f5-fabc23553d58" name="4 - Staging - LB - Request" outgoingWss="Outflow STAG"><con:settings><con:setting id="com.eviware.soapui.impl.wsdl.WsdlRequest@request-headers">&lt;xml-fragment/></con:setting></con:settings><con:encoding>UTF-8</con:encoding><con:endpoint>https://fidus-esb-sg.sta.srv.cirb.lan:8443/services/InvoiceService_v2.0</con:endpoint><con:request><![CDATA[<soapenv:Envelope xmlns:soapenv="http://schemas.xmlsoap.org/soap/envelope/" xmlns:v2="http://fidus.brussels/service/invoiceservice/messages/v2.0" xmlns:v1="http://fidus.brussels/service/invoiceservice/messages/v1.2" xmlns:v11="http://fidus.brussels/type/common/messages/v1" xmlns:urn="urn:oasis:names:specification:ubl:schema:xsd:ApplicationResponse-2" xmlns:urn1="urn:oasis:names:specification:ubl:schema:xsd:CommonExtensionComponents-2" xmlns:urn2="urn:oasis:names:specification:ubl:schema:xsd:CommonBasicComponents-2" xmlns:urn3="urn:oasis:names:specification:ubl:schema:xsd:CommonAggregateComponents-2">
   <soapenv:Header/>
   <soapenv:Body>
      <v2:submitDocumentRequest>
         <v2:messageContext>
            <v11:messageId>?</v11:messageId>
         </v2:messageContext>
         <v2:legalContext>ServiceIntegrator</v2:legalContext>
         <v2:request>
            <v12:document xmlns:v12="http://fsb.belgium.be/einvoicing/simpleprior/v1_00">                
            <Invoice xmlns="urn:oasis:names:specification:ubl:schema:xsd:Invoice-2"
                    xmlns:cbc="urn:oasis:names:specification:ubl:schema:xsd:CommonBasicComponents-2"
                    xmlns:cac="urn:oasis:names:specification:ubl:schema:xsd:CommonAggregateComponents-2">
               <cbc:UBLVersionID>2.1</cbc:UBLVersionID>
               <cbc:CustomizationID>urn:www.cenbii.eu:transaction:biitrns010:ver2.0:extended:urn:www.peppol.eu:bis:peppol5a:ver2.0</cbc:CustomizationID>
               <cbc:ProfileID>urn:www.cenbii.eu:profile:bii05:ver2.0</cbc:ProfileID>
               <cbc:ID>118120479086FAKNOV-13-5B</cbc:ID>
               <cbc:IssueDate>2018-06-12</cbc:IssueDate>
               <cbc:InvoiceTypeCode listID="UNCL1001">380</cbc:InvoiceTypeCode>
               <cbc:DocumentCurrencyCode listID="ISO4217">EUR</cbc:DocumentCurrencyCode>
               <cac:AccountingSupplierParty>
                  <cac:Party>
                     <cac:PartyIdentification>
                        <cbc:ID schemeID="BE:CBE">0200013901</cbc:ID>
                     </cac:PartyIdentification>
                     <cac:PartyName>
                        <cbc:Name>ACME</cbc:Name>
                     </cac:PartyName>
                     <cac:PostalAddress>
                        <cbc:StreetName>Simon Bolivarlaan 30/9</cbc:StreetName>
                        <cbc:CityName>BRUSSEL</cbc:CityName>
                        <cbc:PostalZone>1000</cbc:PostalZone>
                        <cac:Country>
                           <cbc:IdentificationCode listID="ISO3166-1:Alpha2">BE</cbc:IdentificationCode>
                        </cac:Country>
                     </cac:PostalAddress>
                     <cac:PartyTaxScheme>
                        <cbc:CompanyID schemeID="BE:VAT">BE0200013901</cbc:CompanyID>
                        <cac:TaxScheme>
                           <cbc:ID>VAT</cbc:ID>
                        </cac:TaxScheme>
                     </cac:PartyTaxScheme>
                     <cac:PartyLegalEntity>
                        <cbc:RegistrationName>D.W. Soft bvba</cbc:RegistrationName>
                        <cbc:CompanyID schemeID="BE:CBE">0200013901</cbc:CompanyID>
                     </cac:PartyLegalEntity>
                     <cac:Contact>
                        <cbc:ElectronicMail>dirk.willekens@dwsoft.be</cbc:ElectronicMail>
                     </cac:Contact>
                  </cac:Party>
               </cac:AccountingSupplierParty>
               <cac:AccountingCustomerParty>
                  <cac:Party>
                     <cac:PartyIdentification>
                        <cbc:ID schemeID="BE:CBE">2222222222</cbc:ID>
                     </cac:PartyIdentification>
                     <cac:PartyName>
                        <cbc:Name>Fake customer</cbc:Name>
                     </cac:PartyName>
                     <cac:PostalAddress>
                        <cbc:StreetName>Simon Bolivarlaan 34</cbc:StreetName>
                        <cbc:CityName>ANTWERPEN</cbc:CityName>
                        <cbc:PostalZone>2000</cbc:PostalZone>
                        <cac:Country>
                           <cbc:IdentificationCode listID="ISO3166-1:Alpha2">BE</cbc:IdentificationCode>
                        </cac:Country>
                     </cac:PostalAddress>
                     <cac:PartyTaxScheme>
                        <cbc:CompanyID schemeID="BE:VAT">BE2222222222</cbc:CompanyID>
                        <cac:TaxScheme>
                           <cbc:ID>VAT</cbc:ID>
                        </cac:TaxScheme>
                     </cac:PartyTaxScheme>
                     <cac:PartyLegalEntity>
                        <cbc:RegistrationName>Fake Customer</cbc:RegistrationName>
                        <cbc:CompanyID schemeID="BE:CBE">2222222222</cbc:CompanyID>
                     </cac:PartyLegalEntity>
                  </cac:Party>
               </cac:AccountingCustomerParty>
               <cac:PaymentMeans>
                  <cbc:PaymentMeansCode listID="UNCL4461">1</cbc:PaymentMeansCode>
                  <cbc:PaymentDueDate>2018-05-31</cbc:PaymentDueDate>
                  <cbc:PaymentChannelCode>IBAN</cbc:PaymentChannelCode>
                  <cbc:InstructionNote>SIMPLE TEST TO FAKE CUSTOMER</cbc:InstructionNote>
                  <cac:PayeeFinancialAccount>
                     <cbc:ID schemeID="IBAN">BE86736009252450</cbc:ID>
                     <cac:FinancialInstitutionBranch>
                        <cac:FinancialInstitution>
                           <cbc:ID schemeID="BIC">KREDBEBB</cbc:ID>
                        </cac:FinancialInstitution>
                     </cac:FinancialInstitutionBranch>
                  </cac:PayeeFinancialAccount>
               </cac:PaymentMeans>
               <cac:TaxTotal>
                  <cbc:TaxAmount currencyID="EUR">21.00</cbc:TaxAmount>
                  <cac:TaxSubtotal>
                     <cbc:TaxableAmount currencyID="EUR">100.00</cbc:TaxableAmount>
                     <cbc:TaxAmount currencyID="EUR">21.00</cbc:TaxAmount>
                     <cac:TaxCategory>
                        <cbc:ID schemeID="UNCL5305">S</cbc:ID>
                        <cbc:Percent>21.00</cbc:Percent>
                        <cac:TaxScheme>
                           <cbc:ID>VAT</cbc:ID>
                        </cac:TaxScheme>
                     </cac:TaxCategory>
                  </cac:TaxSubtotal>
               </cac:TaxTotal>
               <cac:LegalMonetaryTotal>
                  <cbc:LineExtensionAmount currencyID="EUR">100.00</cbc:LineExtensionAmount>
                  <cbc:TaxExclusiveAmount currencyID="EUR">100.00</cbc:TaxExclusiveAmount>
                  <cbc:TaxInclusiveAmount currencyID="EUR">121.00</cbc:TaxInclusiveAmount>
                  <cbc:PayableAmount currencyID="EUR">121.00</cbc:PayableAmount>
               </cac:LegalMonetaryTotal>
               <cac:InvoiceLine>
                  <cbc:ID>1</cbc:ID>
                  <cbc:InvoicedQuantity unitCode="NAR" unitCodeListID="UNECERec20">1.00</cbc:InvoicedQuantity>
                  <cbc:LineExtensionAmount currencyID="EUR">100.00</cbc:LineExtensionAmount>
                  <cac:TaxTotal>
                     <cbc:TaxAmount currencyID="EUR">21.00</cbc:TaxAmount>
                  </cac:TaxTotal>
                  <cac:Item>
                     <cbc:Description>Line1 description - may be long</cbc:Description>
                     <cbc:Name>Line1max50char</cbc:Name>
                     <cac:ClassifiedTaxCategory>
                        <cbc:ID schemeID="UNCL5305">S</cbc:ID>
                        <cbc:Percent>21.00</cbc:Percent>
                        <cac:TaxScheme>
                           <cbc:ID>VAT</cbc:ID>
                        </cac:TaxScheme>
                     </cac:ClassifiedTaxCategory>
                  </cac:Item>
                  <cac:Price>
                     <cbc:PriceAmount currencyID="EUR">100.00</cbc:PriceAmount>
                     <cbc:BaseQuantity>1.00</cbc:BaseQuantity>
                  </cac:Price>
               </cac:InvoiceLine>
            </Invoice>
            </v12:document>
         </v2:request>
      </v2:submitDocumentRequest>
   </soapenv:Body>
</soapenv:Envelope>]]></con:request><con:credentials><con:selectedAuthProfile>Basic</con:selectedAuthProfile><con:addedBasicAuthenticationTypes>Basic</con:addedBasicAuthenticationTypes><con:authType>Global HTTP Settings</con:authType></con:credentials><con:jmsConfig JMSDeliveryMode="PERSISTENT"/><con:jmsPropertyConfig/><con:wsaConfig mustUnderstand="NONE" version="200508" action="http://fidus.brussels/services/invoiceservice/submitApplicationResponse"/><con:wsrmConfig version="1.2"/></con:call><con:call id="9014f33a-4175-4b06-9ed6-ae2f0508d6dc" name="4 - Staging - Worker1 - Request" outgoingWss="Outflow STAG"><con:settings><con:setting id="com.eviware.soapui.impl.wsdl.WsdlRequest@request-headers">&lt;xml-fragment/></con:setting></con:settings><con:encoding>UTF-8</con:encoding><con:endpoint>https://192.168.24.16:8443/services/InvoiceService_v2.0</con:endpoint><con:request><![CDATA[<soapenv:Envelope xmlns:soapenv="http://schemas.xmlsoap.org/soap/envelope/" xmlns:v2="http://fidus.brussels/service/invoiceservice/messages/v2.0" xmlns:v1="http://fidus.brussels/service/invoiceservice/messages/v1.2" xmlns:v11="http://fidus.brussels/type/common/messages/v1" xmlns:urn="urn:oasis:names:specification:ubl:schema:xsd:ApplicationResponse-2" xmlns:urn1="urn:oasis:names:specification:ubl:schema:xsd:CommonExtensionComponents-2" xmlns:urn2="urn:oasis:names:specification:ubl:schema:xsd:CommonBasicComponents-2" xmlns:urn3="urn:oasis:names:specification:ubl:schema:xsd:CommonAggregateComponents-2">
   <soapenv:Header/>
   <soapenv:Body>
      <v2:submitDocumentRequest>
         <v2:messageContext>
            <v11:messageId>?</v11:messageId>
         </v2:messageContext>
         <v2:legalContext>ServiceIntegrator</v2:legalContext>
         <v2:request>
            <v12:document xmlns:v12="http://fsb.belgium.be/einvoicing/simpleprior/v1_00">                
            <Invoice xmlns="urn:oasis:names:specification:ubl:schema:xsd:Invoice-2"
                    xmlns:cbc="urn:oasis:names:specification:ubl:schema:xsd:CommonBasicComponents-2"
                    xmlns:cac="urn:oasis:names:specification:ubl:schema:xsd:CommonAggregateComponents-2">
               <cbc:UBLVersionID>2.1</cbc:UBLVersionID>
               <cbc:CustomizationID>urn:www.cenbii.eu:transaction:biitrns010:ver2.0:extended:urn:www.peppol.eu:bis:peppol5a:ver2.0</cbc:CustomizationID>
               <cbc:ProfileID>urn:www.cenbii.eu:profile:bii05:ver2.0</cbc:ProfileID>
               <cbc:ID>118120479086FAKNOV-13-5B</cbc:ID>
               <cbc:IssueDate>2018-06-12</cbc:IssueDate>
               <cbc:InvoiceTypeCode listID="UNCL1001">380</cbc:InvoiceTypeCode>
               <cbc:DocumentCurrencyCode listID="ISO4217">EUR</cbc:DocumentCurrencyCode>
               <cac:AccountingSupplierParty>
                  <cac:Party>
                     <cac:PartyIdentification>
                        <cbc:ID schemeID="BE:CBE">0200013901</cbc:ID>
                     </cac:PartyIdentification>
                     <cac:PartyName>
                        <cbc:Name>ACME</cbc:Name>
                     </cac:PartyName>
                     <cac:PostalAddress>
                        <cbc:StreetName>Simon Bolivarlaan 30/9</cbc:StreetName>
                        <cbc:CityName>BRUSSEL</cbc:CityName>
                        <cbc:PostalZone>1000</cbc:PostalZone>
                        <cac:Country>
                           <cbc:IdentificationCode listID="ISO3166-1:Alpha2">BE</cbc:IdentificationCode>
                        </cac:Country>
                     </cac:PostalAddress>
                     <cac:PartyTaxScheme>
                        <cbc:CompanyID schemeID="BE:VAT">BE0200013901</cbc:CompanyID>
                        <cac:TaxScheme>
                           <cbc:ID>VAT</cbc:ID>
                        </cac:TaxScheme>
                     </cac:PartyTaxScheme>
                     <cac:PartyLegalEntity>
                        <cbc:RegistrationName>D.W. Soft bvba</cbc:RegistrationName>
                        <cbc:CompanyID schemeID="BE:CBE">0200013901</cbc:CompanyID>
                     </cac:PartyLegalEntity>
                     <cac:Contact>
                        <cbc:ElectronicMail>dirk.willekens@dwsoft.be</cbc:ElectronicMail>
                     </cac:Contact>
                  </cac:Party>
               </cac:AccountingSupplierParty>
               <cac:AccountingCustomerParty>
                  <cac:Party>
                     <cac:PartyIdentification>
                        <cbc:ID schemeID="BE:CBE">2222222222</cbc:ID>
                     </cac:PartyIdentification>
                     <cac:PartyName>
                        <cbc:Name>Fake customer</cbc:Name>
                     </cac:PartyName>
                     <cac:PostalAddress>
                        <cbc:StreetName>Simon Bolivarlaan 34</cbc:StreetName>
                        <cbc:CityName>ANTWERPEN</cbc:CityName>
                        <cbc:PostalZone>2000</cbc:PostalZone>
                        <cac:Country>
                           <cbc:IdentificationCode listID="ISO3166-1:Alpha2">BE</cbc:IdentificationCode>
                        </cac:Country>
                     </cac:PostalAddress>
                     <cac:PartyTaxScheme>
                        <cbc:CompanyID schemeID="BE:VAT">BE2222222222</cbc:CompanyID>
                        <cac:TaxScheme>
                           <cbc:ID>VAT</cbc:ID>
                        </cac:TaxScheme>
                     </cac:PartyTaxScheme>
                     <cac:PartyLegalEntity>
                        <cbc:RegistrationName>Fake Customer</cbc:RegistrationName>
                        <cbc:CompanyID schemeID="BE:CBE">2222222222</cbc:CompanyID>
                     </cac:PartyLegalEntity>
                  </cac:Party>
               </cac:AccountingCustomerParty>
               <cac:PaymentMeans>
                  <cbc:PaymentMeansCode listID="UNCL4461">1</cbc:PaymentMeansCode>
                  <cbc:PaymentDueDate>2018-05-31</cbc:PaymentDueDate>
                  <cbc:PaymentChannelCode>IBAN</cbc:PaymentChannelCode>
                  <cbc:InstructionNote>SIMPLE TEST TO FAKE CUSTOMER</cbc:InstructionNote>
                  <cac:PayeeFinancialAccount>
                     <cbc:ID schemeID="IBAN">BE86736009252450</cbc:ID>
                     <cac:FinancialInstitutionBranch>
                        <cac:FinancialInstitution>
                           <cbc:ID schemeID="BIC">KREDBEBB</cbc:ID>
                        </cac:FinancialInstitution>
                     </cac:FinancialInstitutionBranch>
                  </cac:PayeeFinancialAccount>
               </cac:PaymentMeans>
               <cac:TaxTotal>
                  <cbc:TaxAmount currencyID="EUR">21.00</cbc:TaxAmount>
                  <cac:TaxSubtotal>
                     <cbc:TaxableAmount currencyID="EUR">100.00</cbc:TaxableAmount>
                     <cbc:TaxAmount currencyID="EUR">21.00</cbc:TaxAmount>
                     <cac:TaxCategory>
                        <cbc:ID schemeID="UNCL5305">S</cbc:ID>
                        <cbc:Percent>21.00</cbc:Percent>
                        <cac:TaxScheme>
                           <cbc:ID>VAT</cbc:ID>
                        </cac:TaxScheme>
                     </cac:TaxCategory>
                  </cac:TaxSubtotal>
               </cac:TaxTotal>
               <cac:LegalMonetaryTotal>
                  <cbc:LineExtensionAmount currencyID="EUR">100.00</cbc:LineExtensionAmount>
                  <cbc:TaxExclusiveAmount currencyID="EUR">100.00</cbc:TaxExclusiveAmount>
                  <cbc:TaxInclusiveAmount currencyID="EUR">121.00</cbc:TaxInclusiveAmount>
                  <cbc:PayableAmount currencyID="EUR">121.00</cbc:PayableAmount>
               </cac:LegalMonetaryTotal>
               <cac:InvoiceLine>
                  <cbc:ID>1</cbc:ID>
                  <cbc:InvoicedQuantity unitCode="NAR" unitCodeListID="UNECERec20">1.00</cbc:InvoicedQuantity>
                  <cbc:LineExtensionAmount currencyID="EUR">100.00</cbc:LineExtensionAmount>
                  <cac:TaxTotal>
                     <cbc:TaxAmount currencyID="EUR">21.00</cbc:TaxAmount>
                  </cac:TaxTotal>
                  <cac:Item>
                     <cbc:Description>Line1 description - may be long</cbc:Description>
                     <cbc:Name>Line1max50char</cbc:Name>
                     <cac:ClassifiedTaxCategory>
                        <cbc:ID schemeID="UNCL5305">S</cbc:ID>
                        <cbc:Percent>21.00</cbc:Percent>
                        <cac:TaxScheme>
                           <cbc:ID>VAT</cbc:ID>
                        </cac:TaxScheme>
                     </cac:ClassifiedTaxCategory>
                  </cac:Item>
                  <cac:Price>
                     <cbc:PriceAmount currencyID="EUR">100.00</cbc:PriceAmount>
                     <cbc:BaseQuantity>1.00</cbc:BaseQuantity>
                  </cac:Price>
               </cac:InvoiceLine>
            </Invoice>
            </v12:document>
         </v2:request>
      </v2:submitDocumentRequest>
   </soapenv:Body>
</soapenv:Envelope>]]></con:request><con:credentials><con:selectedAuthProfile>Basic</con:selectedAuthProfile><con:addedBasicAuthenticationTypes>Basic</con:addedBasicAuthenticationTypes><con:authType>Global HTTP Settings</con:authType></con:credentials><con:jmsConfig JMSDeliveryMode="PERSISTENT"/><con:jmsPropertyConfig/><con:wsaConfig mustUnderstand="NONE" version="200508" action="http://fidus.brussels/services/invoiceservice/submitApplicationResponse"/><con:wsrmConfig version="1.2"/></con:call><con:call id="cee6cdcc-9e03-46a6-8ca5-c2cdf08df129" name="4 - Staging - Worker2 - Request" outgoingWss="Outflow STAG"><con:settings><con:setting id="com.eviware.soapui.impl.wsdl.WsdlRequest@request-headers">&lt;xml-fragment/></con:setting></con:settings><con:encoding>UTF-8</con:encoding><con:endpoint>https://192.168.24.17:8443/services/InvoiceService_v2.0</con:endpoint><con:request><![CDATA[<soapenv:Envelope xmlns:soapenv="http://schemas.xmlsoap.org/soap/envelope/" xmlns:v2="http://fidus.brussels/service/invoiceservice/messages/v2.0" xmlns:v1="http://fidus.brussels/service/invoiceservice/messages/v1.2" xmlns:v11="http://fidus.brussels/type/common/messages/v1" xmlns:urn="urn:oasis:names:specification:ubl:schema:xsd:ApplicationResponse-2" xmlns:urn1="urn:oasis:names:specification:ubl:schema:xsd:CommonExtensionComponents-2" xmlns:urn2="urn:oasis:names:specification:ubl:schema:xsd:CommonBasicComponents-2" xmlns:urn3="urn:oasis:names:specification:ubl:schema:xsd:CommonAggregateComponents-2">
   <soapenv:Header/>
   <soapenv:Body>
      <v2:submitDocumentRequest>
         <v2:messageContext>
            <v11:messageId>?</v11:messageId>
         </v2:messageContext>
         <v2:legalContext>ServiceIntegrator</v2:legalContext>
         <v2:request>
            <v12:document xmlns:v12="http://fsb.belgium.be/einvoicing/simpleprior/v1_00">                
            <Invoice xmlns="urn:oasis:names:specification:ubl:schema:xsd:Invoice-2"
                    xmlns:cbc="urn:oasis:names:specification:ubl:schema:xsd:CommonBasicComponents-2"
                    xmlns:cac="urn:oasis:names:specification:ubl:schema:xsd:CommonAggregateComponents-2">
               <cbc:UBLVersionID>2.1</cbc:UBLVersionID>
               <cbc:CustomizationID>urn:www.cenbii.eu:transaction:biitrns010:ver2.0:extended:urn:www.peppol.eu:bis:peppol5a:ver2.0</cbc:CustomizationID>
               <cbc:ProfileID>urn:www.cenbii.eu:profile:bii05:ver2.0</cbc:ProfileID>
               <cbc:ID>118120479086FAKNOV-13-5B</cbc:ID>
               <cbc:IssueDate>2018-06-12</cbc:IssueDate>
               <cbc:InvoiceTypeCode listID="UNCL1001">380</cbc:InvoiceTypeCode>
               <cbc:DocumentCurrencyCode listID="ISO4217">EUR</cbc:DocumentCurrencyCode>
               <cac:AccountingSupplierParty>
                  <cac:Party>
                     <cac:PartyIdentification>
                        <cbc:ID schemeID="BE:CBE">0200013901</cbc:ID>
                     </cac:PartyIdentification>
                     <cac:PartyName>
                        <cbc:Name>ACME</cbc:Name>
                     </cac:PartyName>
                     <cac:PostalAddress>
                        <cbc:StreetName>Simon Bolivarlaan 30/9</cbc:StreetName>
                        <cbc:CityName>BRUSSEL</cbc:CityName>
                        <cbc:PostalZone>1000</cbc:PostalZone>
                        <cac:Country>
                           <cbc:IdentificationCode listID="ISO3166-1:Alpha2">BE</cbc:IdentificationCode>
                        </cac:Country>
                     </cac:PostalAddress>
                     <cac:PartyTaxScheme>
                        <cbc:CompanyID schemeID="BE:VAT">BE0200013901</cbc:CompanyID>
                        <cac:TaxScheme>
                           <cbc:ID>VAT</cbc:ID>
                        </cac:TaxScheme>
                     </cac:PartyTaxScheme>
                     <cac:PartyLegalEntity>
                        <cbc:RegistrationName>D.W. Soft bvba</cbc:RegistrationName>
                        <cbc:CompanyID schemeID="BE:CBE">0200013901</cbc:CompanyID>
                     </cac:PartyLegalEntity>
                     <cac:Contact>
                        <cbc:ElectronicMail>dirk.willekens@dwsoft.be</cbc:ElectronicMail>
                     </cac:Contact>
                  </cac:Party>
               </cac:AccountingSupplierParty>
               <cac:AccountingCustomerParty>
                  <cac:Party>
                     <cac:PartyIdentification>
                        <cbc:ID schemeID="BE:CBE">2222222222</cbc:ID>
                     </cac:PartyIdentification>
                     <cac:PartyName>
                        <cbc:Name>Fake customer</cbc:Name>
                     </cac:PartyName>
                     <cac:PostalAddress>
                        <cbc:StreetName>Simon Bolivarlaan 34</cbc:StreetName>
                        <cbc:CityName>ANTWERPEN</cbc:CityName>
                        <cbc:PostalZone>2000</cbc:PostalZone>
                        <cac:Country>
                           <cbc:IdentificationCode listID="ISO3166-1:Alpha2">BE</cbc:IdentificationCode>
                        </cac:Country>
                     </cac:PostalAddress>
                     <cac:PartyTaxScheme>
                        <cbc:CompanyID schemeID="BE:VAT">BE2222222222</cbc:CompanyID>
                        <cac:TaxScheme>
                           <cbc:ID>VAT</cbc:ID>
                        </cac:TaxScheme>
                     </cac:PartyTaxScheme>
                     <cac:PartyLegalEntity>
                        <cbc:RegistrationName>Fake Customer</cbc:RegistrationName>
                        <cbc:CompanyID schemeID="BE:CBE">2222222222</cbc:CompanyID>
                     </cac:PartyLegalEntity>
                  </cac:Party>
               </cac:AccountingCustomerParty>
               <cac:PaymentMeans>
                  <cbc:PaymentMeansCode listID="UNCL4461">1</cbc:PaymentMeansCode>
                  <cbc:PaymentDueDate>2018-05-31</cbc:PaymentDueDate>
                  <cbc:PaymentChannelCode>IBAN</cbc:PaymentChannelCode>
                  <cbc:InstructionNote>SIMPLE TEST TO FAKE CUSTOMER</cbc:InstructionNote>
                  <cac:PayeeFinancialAccount>
                     <cbc:ID schemeID="IBAN">BE86736009252450</cbc:ID>
                     <cac:FinancialInstitutionBranch>
                        <cac:FinancialInstitution>
                           <cbc:ID schemeID="BIC">KREDBEBB</cbc:ID>
                        </cac:FinancialInstitution>
                     </cac:FinancialInstitutionBranch>
                  </cac:PayeeFinancialAccount>
               </cac:PaymentMeans>
               <cac:TaxTotal>
                  <cbc:TaxAmount currencyID="EUR">21.00</cbc:TaxAmount>
                  <cac:TaxSubtotal>
                     <cbc:TaxableAmount currencyID="EUR">100.00</cbc:TaxableAmount>
                     <cbc:TaxAmount currencyID="EUR">21.00</cbc:TaxAmount>
                     <cac:TaxCategory>
                        <cbc:ID schemeID="UNCL5305">S</cbc:ID>
                        <cbc:Percent>21.00</cbc:Percent>
                        <cac:TaxScheme>
                           <cbc:ID>VAT</cbc:ID>
                        </cac:TaxScheme>
                     </cac:TaxCategory>
                  </cac:TaxSubtotal>
               </cac:TaxTotal>
               <cac:LegalMonetaryTotal>
                  <cbc:LineExtensionAmount currencyID="EUR">100.00</cbc:LineExtensionAmount>
                  <cbc:TaxExclusiveAmount currencyID="EUR">100.00</cbc:TaxExclusiveAmount>
                  <cbc:TaxInclusiveAmount currencyID="EUR">121.00</cbc:TaxInclusiveAmount>
                  <cbc:PayableAmount currencyID="EUR">121.00</cbc:PayableAmount>
               </cac:LegalMonetaryTotal>
               <cac:InvoiceLine>
                  <cbc:ID>1</cbc:ID>
                  <cbc:InvoicedQuantity unitCode="NAR" unitCodeListID="UNECERec20">1.00</cbc:InvoicedQuantity>
                  <cbc:LineExtensionAmount currencyID="EUR">100.00</cbc:LineExtensionAmount>
                  <cac:TaxTotal>
                     <cbc:TaxAmount currencyID="EUR">21.00</cbc:TaxAmount>
                  </cac:TaxTotal>
                  <cac:Item>
                     <cbc:Description>Line1 description - may be long</cbc:Description>
                     <cbc:Name>Line1max50char</cbc:Name>
                     <cac:ClassifiedTaxCategory>
                        <cbc:ID schemeID="UNCL5305">S</cbc:ID>
                        <cbc:Percent>21.00</cbc:Percent>
                        <cac:TaxScheme>
                           <cbc:ID>VAT</cbc:ID>
                        </cac:TaxScheme>
                     </cac:ClassifiedTaxCategory>
                  </cac:Item>
                  <cac:Price>
                     <cbc:PriceAmount currencyID="EUR">100.00</cbc:PriceAmount>
                     <cbc:BaseQuantity>1.00</cbc:BaseQuantity>
                  </cac:Price>
               </cac:InvoiceLine>
            </Invoice>
            </v12:document>
         </v2:request>
      </v2:submitDocumentRequest>
   </soapenv:Body>
</soapenv:Envelope>]]></con:request><con:credentials><con:selectedAuthProfile>Basic</con:selectedAuthProfile><con:addedBasicAuthenticationTypes>Basic</con:addedBasicAuthenticationTypes><con:authType>Global HTTP Settings</con:authType></con:credentials><con:jmsConfig JMSDeliveryMode="PERSISTENT"/><con:jmsPropertyConfig/><con:wsaConfig mustUnderstand="NONE" version="200508" action="http://fidus.brussels/services/invoiceservice/submitApplicationResponse"/><con:wsrmConfig version="1.2"/></con:call><con:call id="3d19b8c0-5e6d-46c7-9a70-3377b771a99a" name="5 - Prod - External - Request" outgoingWss="Outflow PROD"><con:settings><con:setting id="com.eviware.soapui.impl.wsdl.WsdlRequest@request-headers">&lt;xml-fragment/></con:setting></con:settings><con:encoding>UTF-8</con:encoding><con:endpoint>https://fidus.sec.brussels/services/InvoiceService_v2.0</con:endpoint><con:request><![CDATA[<soapenv:Envelope xmlns:soapenv="http://schemas.xmlsoap.org/soap/envelope/" xmlns:v2="http://fidus.brussels/service/invoiceservice/messages/v2.0" xmlns:v1="http://fidus.brussels/service/invoiceservice/messages/v1.2" xmlns:v11="http://fidus.brussels/type/common/messages/v1" xmlns:urn="urn:oasis:names:specification:ubl:schema:xsd:ApplicationResponse-2" xmlns:urn1="urn:oasis:names:specification:ubl:schema:xsd:CommonExtensionComponents-2" xmlns:urn2="urn:oasis:names:specification:ubl:schema:xsd:CommonBasicComponents-2" xmlns:urn3="urn:oasis:names:specification:ubl:schema:xsd:CommonAggregateComponents-2">
   <soapenv:Header/>
   <soapenv:Body>
      <v2:submitDocumentRequest>
         <v2:messageContext>
            <v11:messageId>?</v11:messageId>
         </v2:messageContext>
         <v2:legalContext>ServiceIntegrator</v2:legalContext>
         <v2:request>
            <v12:document xmlns:v12="http://fsb.belgium.be/einvoicing/simpleprior/v1_00">                
            <Invoice xmlns="urn:oasis:names:specification:ubl:schema:xsd:Invoice-2"
                    xmlns:cbc="urn:oasis:names:specification:ubl:schema:xsd:CommonBasicComponents-2"
                    xmlns:cac="urn:oasis:names:specification:ubl:schema:xsd:CommonAggregateComponents-2">
               <cbc:UBLVersionID>2.1</cbc:UBLVersionID>
               <cbc:CustomizationID>urn:www.cenbii.eu:transaction:biitrns010:ver2.0:extended:urn:www.peppol.eu:bis:peppol5a:ver2.0</cbc:CustomizationID>
               <cbc:ProfileID>urn:www.cenbii.eu:profile:bii05:ver2.0</cbc:ProfileID>
               <cbc:ID>118120479086FAKNOV-13-5B</cbc:ID>
               <cbc:IssueDate>2018-06-12</cbc:IssueDate>
               <cbc:InvoiceTypeCode listID="UNCL1001">380</cbc:InvoiceTypeCode>
               <cbc:DocumentCurrencyCode listID="ISO4217">EUR</cbc:DocumentCurrencyCode>
               <cac:AccountingSupplierParty>
                  <cac:Party>
                     <cac:PartyIdentification>
                        <cbc:ID schemeID="BE:CBE">0200013901</cbc:ID>
                     </cac:PartyIdentification>
                     <cac:PartyName>
                        <cbc:Name>ACME</cbc:Name>
                     </cac:PartyName>
                     <cac:PostalAddress>
                        <cbc:StreetName>Simon Bolivarlaan 30/9</cbc:StreetName>
                        <cbc:CityName>BRUSSEL</cbc:CityName>
                        <cbc:PostalZone>1000</cbc:PostalZone>
                        <cac:Country>
                           <cbc:IdentificationCode listID="ISO3166-1:Alpha2">BE</cbc:IdentificationCode>
                        </cac:Country>
                     </cac:PostalAddress>
                     <cac:PartyTaxScheme>
                        <cbc:CompanyID schemeID="BE:VAT">BE0200013901</cbc:CompanyID>
                        <cac:TaxScheme>
                           <cbc:ID>VAT</cbc:ID>
                        </cac:TaxScheme>
                     </cac:PartyTaxScheme>
                     <cac:PartyLegalEntity>
                        <cbc:RegistrationName>D.W. Soft bvba</cbc:RegistrationName>
                        <cbc:CompanyID schemeID="BE:CBE">0200013901</cbc:CompanyID>
                     </cac:PartyLegalEntity>
                     <cac:Contact>
                        <cbc:ElectronicMail>dirk.willekens@dwsoft.be</cbc:ElectronicMail>
                     </cac:Contact>
                  </cac:Party>
               </cac:AccountingSupplierParty>
               <cac:AccountingCustomerParty>
                  <cac:Party>
                     <cac:PartyIdentification>
                        <cbc:ID schemeID="BE:CBE">2222222222</cbc:ID>
                     </cac:PartyIdentification>
                     <cac:PartyName>
                        <cbc:Name>Fake customer</cbc:Name>
                     </cac:PartyName>
                     <cac:PostalAddress>
                        <cbc:StreetName>Simon Bolivarlaan 34</cbc:StreetName>
                        <cbc:CityName>ANTWERPEN</cbc:CityName>
                        <cbc:PostalZone>2000</cbc:PostalZone>
                        <cac:Country>
                           <cbc:IdentificationCode listID="ISO3166-1:Alpha2">BE</cbc:IdentificationCode>
                        </cac:Country>
                     </cac:PostalAddress>
                     <cac:PartyTaxScheme>
                        <cbc:CompanyID schemeID="BE:VAT">BE2222222222</cbc:CompanyID>
                        <cac:TaxScheme>
                           <cbc:ID>VAT</cbc:ID>
                        </cac:TaxScheme>
                     </cac:PartyTaxScheme>
                     <cac:PartyLegalEntity>
                        <cbc:RegistrationName>Fake Customer</cbc:RegistrationName>
                        <cbc:CompanyID schemeID="BE:CBE">2222222222</cbc:CompanyID>
                     </cac:PartyLegalEntity>
                  </cac:Party>
               </cac:AccountingCustomerParty>
               <cac:PaymentMeans>
                  <cbc:PaymentMeansCode listID="UNCL4461">1</cbc:PaymentMeansCode>
                  <cbc:PaymentDueDate>2018-05-31</cbc:PaymentDueDate>
                  <cbc:PaymentChannelCode>IBAN</cbc:PaymentChannelCode>
                  <cbc:InstructionNote>SIMPLE TEST TO FAKE CUSTOMER</cbc:InstructionNote>
                  <cac:PayeeFinancialAccount>
                     <cbc:ID schemeID="IBAN">BE86736009252450</cbc:ID>
                     <cac:FinancialInstitutionBranch>
                        <cac:FinancialInstitution>
                           <cbc:ID schemeID="BIC">KREDBEBB</cbc:ID>
                        </cac:FinancialInstitution>
                     </cac:FinancialInstitutionBranch>
                  </cac:PayeeFinancialAccount>
               </cac:PaymentMeans>
               <cac:TaxTotal>
                  <cbc:TaxAmount currencyID="EUR">21.00</cbc:TaxAmount>
                  <cac:TaxSubtotal>
                     <cbc:TaxableAmount currencyID="EUR">100.00</cbc:TaxableAmount>
                     <cbc:TaxAmount currencyID="EUR">21.00</cbc:TaxAmount>
                     <cac:TaxCategory>
                        <cbc:ID schemeID="UNCL5305">S</cbc:ID>
                        <cbc:Percent>21.00</cbc:Percent>
                        <cac:TaxScheme>
                           <cbc:ID>VAT</cbc:ID>
                        </cac:TaxScheme>
                     </cac:TaxCategory>
                  </cac:TaxSubtotal>
               </cac:TaxTotal>
               <cac:LegalMonetaryTotal>
                  <cbc:LineExtensionAmount currencyID="EUR">100.00</cbc:LineExtensionAmount>
                  <cbc:TaxExclusiveAmount currencyID="EUR">100.00</cbc:TaxExclusiveAmount>
                  <cbc:TaxInclusiveAmount currencyID="EUR">121.00</cbc:TaxInclusiveAmount>
                  <cbc:PayableAmount currencyID="EUR">121.00</cbc:PayableAmount>
               </cac:LegalMonetaryTotal>
               <cac:InvoiceLine>
                  <cbc:ID>1</cbc:ID>
                  <cbc:InvoicedQuantity unitCode="NAR" unitCodeListID="UNECERec20">1.00</cbc:InvoicedQuantity>
                  <cbc:LineExtensionAmount currencyID="EUR">100.00</cbc:LineExtensionAmount>
                  <cac:TaxTotal>
                     <cbc:TaxAmount currencyID="EUR">21.00</cbc:TaxAmount>
                  </cac:TaxTotal>
                  <cac:Item>
                     <cbc:Description>Line1 description - may be long</cbc:Description>
                     <cbc:Name>Line1max50char</cbc:Name>
                     <cac:ClassifiedTaxCategory>
                        <cbc:ID schemeID="UNCL5305">S</cbc:ID>
                        <cbc:Percent>21.00</cbc:Percent>
                        <cac:TaxScheme>
                           <cbc:ID>VAT</cbc:ID>
                        </cac:TaxScheme>
                     </cac:ClassifiedTaxCategory>
                  </cac:Item>
                  <cac:Price>
                     <cbc:PriceAmount currencyID="EUR">100.00</cbc:PriceAmount>
                     <cbc:BaseQuantity>1.00</cbc:BaseQuantity>
                  </cac:Price>
               </cac:InvoiceLine>
            </Invoice>
            </v12:document>
         </v2:request>
      </v2:submitDocumentRequest>
   </soapenv:Body>
</soapenv:Envelope>]]></con:request><con:credentials><con:selectedAuthProfile>Basic</con:selectedAuthProfile><con:addedBasicAuthenticationTypes>Basic</con:addedBasicAuthenticationTypes><con:authType>Global HTTP Settings</con:authType></con:credentials><con:jmsConfig JMSDeliveryMode="PERSISTENT"/><con:jmsPropertyConfig/><con:wsaConfig mustUnderstand="NONE" version="200508" action="http://fidus.brussels/services/invoiceservice/submitApplicationResponse"/><con:wsrmConfig version="1.2"/></con:call><con:call id="46eba1d8-6034-43a2-b2d6-d87f30784758" name="5 - Prod - LB - Request" outgoingWss="Outflow PROD"><con:settings><con:setting id="com.eviware.soapui.impl.wsdl.WsdlRequest@request-headers">&lt;xml-fragment/></con:setting></con:settings><con:encoding>UTF-8</con:encoding><con:endpoint>https://fidus-esb-sg.prd.srv.cirb.lan:8443/services/InvoiceService_v2.0</con:endpoint><con:request><![CDATA[<soapenv:Envelope xmlns:soapenv="http://schemas.xmlsoap.org/soap/envelope/" xmlns:v2="http://fidus.brussels/service/invoiceservice/messages/v2.0" xmlns:v1="http://fidus.brussels/service/invoiceservice/messages/v1.2" xmlns:v11="http://fidus.brussels/type/common/messages/v1" xmlns:urn="urn:oasis:names:specification:ubl:schema:xsd:ApplicationResponse-2" xmlns:urn1="urn:oasis:names:specification:ubl:schema:xsd:CommonExtensionComponents-2" xmlns:urn2="urn:oasis:names:specification:ubl:schema:xsd:CommonBasicComponents-2" xmlns:urn3="urn:oasis:names:specification:ubl:schema:xsd:CommonAggregateComponents-2">
   <soapenv:Header/>
   <soapenv:Body>
      <v2:submitDocumentRequest>
         <v2:messageContext>
            <v11:messageId>?</v11:messageId>
         </v2:messageContext>
         <v2:legalContext>ServiceIntegrator</v2:legalContext>
         <v2:request>
            <v12:document xmlns:v12="http://fsb.belgium.be/einvoicing/simpleprior/v1_00">                
            <Invoice xmlns="urn:oasis:names:specification:ubl:schema:xsd:Invoice-2"
                    xmlns:cbc="urn:oasis:names:specification:ubl:schema:xsd:CommonBasicComponents-2"
                    xmlns:cac="urn:oasis:names:specification:ubl:schema:xsd:CommonAggregateComponents-2">
               <cbc:UBLVersionID>2.1</cbc:UBLVersionID>
               <cbc:CustomizationID>urn:www.cenbii.eu:transaction:biitrns010:ver2.0:extended:urn:www.peppol.eu:bis:peppol5a:ver2.0</cbc:CustomizationID>
               <cbc:ProfileID>urn:www.cenbii.eu:profile:bii05:ver2.0</cbc:ProfileID>
               <cbc:ID>118120479086FAKNOV-13-5B</cbc:ID>
               <cbc:IssueDate>2018-06-12</cbc:IssueDate>
               <cbc:InvoiceTypeCode listID="UNCL1001">380</cbc:InvoiceTypeCode>
               <cbc:DocumentCurrencyCode listID="ISO4217">EUR</cbc:DocumentCurrencyCode>
               <cac:AccountingSupplierParty>
                  <cac:Party>
                     <cac:PartyIdentification>
                        <cbc:ID schemeID="BE:CBE">0200013901</cbc:ID>
                     </cac:PartyIdentification>
                     <cac:PartyName>
                        <cbc:Name>ACME</cbc:Name>
                     </cac:PartyName>
                     <cac:PostalAddress>
                        <cbc:StreetName>Simon Bolivarlaan 30/9</cbc:StreetName>
                        <cbc:CityName>BRUSSEL</cbc:CityName>
                        <cbc:PostalZone>1000</cbc:PostalZone>
                        <cac:Country>
                           <cbc:IdentificationCode listID="ISO3166-1:Alpha2">BE</cbc:IdentificationCode>
                        </cac:Country>
                     </cac:PostalAddress>
                     <cac:PartyTaxScheme>
                        <cbc:CompanyID schemeID="BE:VAT">BE0200013901</cbc:CompanyID>
                        <cac:TaxScheme>
                           <cbc:ID>VAT</cbc:ID>
                        </cac:TaxScheme>
                     </cac:PartyTaxScheme>
                     <cac:PartyLegalEntity>
                        <cbc:RegistrationName>D.W. Soft bvba</cbc:RegistrationName>
                        <cbc:CompanyID schemeID="BE:CBE">0200013901</cbc:CompanyID>
                     </cac:PartyLegalEntity>
                     <cac:Contact>
                        <cbc:ElectronicMail>dirk.willekens@dwsoft.be</cbc:ElectronicMail>
                     </cac:Contact>
                  </cac:Party>
               </cac:AccountingSupplierParty>
               <cac:AccountingCustomerParty>
                  <cac:Party>
                     <cac:PartyIdentification>
                        <cbc:ID schemeID="BE:CBE">2222222222</cbc:ID>
                     </cac:PartyIdentification>
                     <cac:PartyName>
                        <cbc:Name>Fake customer</cbc:Name>
                     </cac:PartyName>
                     <cac:PostalAddress>
                        <cbc:StreetName>Simon Bolivarlaan 34</cbc:StreetName>
                        <cbc:CityName>ANTWERPEN</cbc:CityName>
                        <cbc:PostalZone>2000</cbc:PostalZone>
                        <cac:Country>
                           <cbc:IdentificationCode listID="ISO3166-1:Alpha2">BE</cbc:IdentificationCode>
                        </cac:Country>
                     </cac:PostalAddress>
                     <cac:PartyTaxScheme>
                        <cbc:CompanyID schemeID="BE:VAT">BE2222222222</cbc:CompanyID>
                        <cac:TaxScheme>
                           <cbc:ID>VAT</cbc:ID>
                        </cac:TaxScheme>
                     </cac:PartyTaxScheme>
                     <cac:PartyLegalEntity>
                        <cbc:RegistrationName>Fake Customer</cbc:RegistrationName>
                        <cbc:CompanyID schemeID="BE:CBE">2222222222</cbc:CompanyID>
                     </cac:PartyLegalEntity>
                  </cac:Party>
               </cac:AccountingCustomerParty>
               <cac:PaymentMeans>
                  <cbc:PaymentMeansCode listID="UNCL4461">1</cbc:PaymentMeansCode>
                  <cbc:PaymentDueDate>2018-05-31</cbc:PaymentDueDate>
                  <cbc:PaymentChannelCode>IBAN</cbc:PaymentChannelCode>
                  <cbc:InstructionNote>SIMPLE TEST TO FAKE CUSTOMER</cbc:InstructionNote>
                  <cac:PayeeFinancialAccount>
                     <cbc:ID schemeID="IBAN">BE86736009252450</cbc:ID>
                     <cac:FinancialInstitutionBranch>
                        <cac:FinancialInstitution>
                           <cbc:ID schemeID="BIC">KREDBEBB</cbc:ID>
                        </cac:FinancialInstitution>
                     </cac:FinancialInstitutionBranch>
                  </cac:PayeeFinancialAccount>
               </cac:PaymentMeans>
               <cac:TaxTotal>
                  <cbc:TaxAmount currencyID="EUR">21.00</cbc:TaxAmount>
                  <cac:TaxSubtotal>
                     <cbc:TaxableAmount currencyID="EUR">100.00</cbc:TaxableAmount>
                     <cbc:TaxAmount currencyID="EUR">21.00</cbc:TaxAmount>
                     <cac:TaxCategory>
                        <cbc:ID schemeID="UNCL5305">S</cbc:ID>
                        <cbc:Percent>21.00</cbc:Percent>
                        <cac:TaxScheme>
                           <cbc:ID>VAT</cbc:ID>
                        </cac:TaxScheme>
                     </cac:TaxCategory>
                  </cac:TaxSubtotal>
               </cac:TaxTotal>
               <cac:LegalMonetaryTotal>
                  <cbc:LineExtensionAmount currencyID="EUR">100.00</cbc:LineExtensionAmount>
                  <cbc:TaxExclusiveAmount currencyID="EUR">100.00</cbc:TaxExclusiveAmount>
                  <cbc:TaxInclusiveAmount currencyID="EUR">121.00</cbc:TaxInclusiveAmount>
                  <cbc:PayableAmount currencyID="EUR">121.00</cbc:PayableAmount>
               </cac:LegalMonetaryTotal>
               <cac:InvoiceLine>
                  <cbc:ID>1</cbc:ID>
                  <cbc:InvoicedQuantity unitCode="NAR" unitCodeListID="UNECERec20">1.00</cbc:InvoicedQuantity>
                  <cbc:LineExtensionAmount currencyID="EUR">100.00</cbc:LineExtensionAmount>
                  <cac:TaxTotal>
                     <cbc:TaxAmount currencyID="EUR">21.00</cbc:TaxAmount>
                  </cac:TaxTotal>
                  <cac:Item>
                     <cbc:Description>Line1 description - may be long</cbc:Description>
                     <cbc:Name>Line1max50char</cbc:Name>
                     <cac:ClassifiedTaxCategory>
                        <cbc:ID schemeID="UNCL5305">S</cbc:ID>
                        <cbc:Percent>21.00</cbc:Percent>
                        <cac:TaxScheme>
                           <cbc:ID>VAT</cbc:ID>
                        </cac:TaxScheme>
                     </cac:ClassifiedTaxCategory>
                  </cac:Item>
                  <cac:Price>
                     <cbc:PriceAmount currencyID="EUR">100.00</cbc:PriceAmount>
                     <cbc:BaseQuantity>1.00</cbc:BaseQuantity>
                  </cac:Price>
               </cac:InvoiceLine>
            </Invoice>
            </v12:document>
         </v2:request>
      </v2:submitDocumentRequest>
   </soapenv:Body>
</soapenv:Envelope>]]></con:request><con:credentials><con:selectedAuthProfile>Basic</con:selectedAuthProfile><con:addedBasicAuthenticationTypes>Basic</con:addedBasicAuthenticationTypes><con:authType>Global HTTP Settings</con:authType></con:credentials><con:jmsConfig JMSDeliveryMode="PERSISTENT"/><con:jmsPropertyConfig/><con:wsaConfig mustUnderstand="NONE" version="200508" action="http://fidus.brussels/services/invoiceservice/submitApplicationResponse"/><con:wsrmConfig version="1.2"/></con:call><con:call id="52f10cc4-0afb-4fb7-8c77-fe3393e415d7" name="5 - Prod - Worker1 - Request" outgoingWss="Outflow PROD"><con:settings><con:setting id="com.eviware.soapui.impl.wsdl.WsdlRequest@request-headers">&lt;xml-fragment/></con:setting></con:settings><con:encoding>UTF-8</con:encoding><con:endpoint>https://192.168.26.22:8443/services/InvoiceService_v2.0</con:endpoint><con:request><![CDATA[<soapenv:Envelope xmlns:soapenv="http://schemas.xmlsoap.org/soap/envelope/" xmlns:v2="http://fidus.brussels/service/invoiceservice/messages/v2.0" xmlns:v1="http://fidus.brussels/service/invoiceservice/messages/v1.2" xmlns:v11="http://fidus.brussels/type/common/messages/v1" xmlns:urn="urn:oasis:names:specification:ubl:schema:xsd:ApplicationResponse-2" xmlns:urn1="urn:oasis:names:specification:ubl:schema:xsd:CommonExtensionComponents-2" xmlns:urn2="urn:oasis:names:specification:ubl:schema:xsd:CommonBasicComponents-2" xmlns:urn3="urn:oasis:names:specification:ubl:schema:xsd:CommonAggregateComponents-2">
   <soapenv:Header/>
   <soapenv:Body>
      <v2:submitDocumentRequest>
         <v2:messageContext>
            <v11:messageId>?</v11:messageId>
         </v2:messageContext>
         <v2:legalContext>ServiceIntegrator</v2:legalContext>
         <v2:request>
            <v12:document xmlns:v12="http://fsb.belgium.be/einvoicing/simpleprior/v1_00">                
            <Invoice xmlns="urn:oasis:names:specification:ubl:schema:xsd:Invoice-2"
                    xmlns:cbc="urn:oasis:names:specification:ubl:schema:xsd:CommonBasicComponents-2"
                    xmlns:cac="urn:oasis:names:specification:ubl:schema:xsd:CommonAggregateComponents-2">
               <cbc:UBLVersionID>2.1</cbc:UBLVersionID>
               <cbc:CustomizationID>urn:www.cenbii.eu:transaction:biitrns010:ver2.0:extended:urn:www.peppol.eu:bis:peppol5a:ver2.0</cbc:CustomizationID>
               <cbc:ProfileID>urn:www.cenbii.eu:profile:bii05:ver2.0</cbc:ProfileID>
               <cbc:ID>118120479086FAKNOV-13-5B</cbc:ID>
               <cbc:IssueDate>2018-06-12</cbc:IssueDate>
               <cbc:InvoiceTypeCode listID="UNCL1001">380</cbc:InvoiceTypeCode>
               <cbc:DocumentCurrencyCode listID="ISO4217">EUR</cbc:DocumentCurrencyCode>
               <cac:AccountingSupplierParty>
                  <cac:Party>
                     <cac:PartyIdentification>
                        <cbc:ID schemeID="BE:CBE">0200013901</cbc:ID>
                     </cac:PartyIdentification>
                     <cac:PartyName>
                        <cbc:Name>ACME</cbc:Name>
                     </cac:PartyName>
                     <cac:PostalAddress>
                        <cbc:StreetName>Simon Bolivarlaan 30/9</cbc:StreetName>
                        <cbc:CityName>BRUSSEL</cbc:CityName>
                        <cbc:PostalZone>1000</cbc:PostalZone>
                        <cac:Country>
                           <cbc:IdentificationCode listID="ISO3166-1:Alpha2">BE</cbc:IdentificationCode>
                        </cac:Country>
                     </cac:PostalAddress>
                     <cac:PartyTaxScheme>
                        <cbc:CompanyID schemeID="BE:VAT">BE0200013901</cbc:CompanyID>
                        <cac:TaxScheme>
                           <cbc:ID>VAT</cbc:ID>
                        </cac:TaxScheme>
                     </cac:PartyTaxScheme>
                     <cac:PartyLegalEntity>
                        <cbc:RegistrationName>D.W. Soft bvba</cbc:RegistrationName>
                        <cbc:CompanyID schemeID="BE:CBE">0200013901</cbc:CompanyID>
                     </cac:PartyLegalEntity>
                     <cac:Contact>
                        <cbc:ElectronicMail>dirk.willekens@dwsoft.be</cbc:ElectronicMail>
                     </cac:Contact>
                  </cac:Party>
               </cac:AccountingSupplierParty>
               <cac:AccountingCustomerParty>
                  <cac:Party>
                     <cac:PartyIdentification>
                        <cbc:ID schemeID="BE:CBE">2222222222</cbc:ID>
                     </cac:PartyIdentification>
                     <cac:PartyName>
                        <cbc:Name>Fake customer</cbc:Name>
                     </cac:PartyName>
                     <cac:PostalAddress>
                        <cbc:StreetName>Simon Bolivarlaan 34</cbc:StreetName>
                        <cbc:CityName>ANTWERPEN</cbc:CityName>
                        <cbc:PostalZone>2000</cbc:PostalZone>
                        <cac:Country>
                           <cbc:IdentificationCode listID="ISO3166-1:Alpha2">BE</cbc:IdentificationCode>
                        </cac:Country>
                     </cac:PostalAddress>
                     <cac:PartyTaxScheme>
                        <cbc:CompanyID schemeID="BE:VAT">BE2222222222</cbc:CompanyID>
                        <cac:TaxScheme>
                           <cbc:ID>VAT</cbc:ID>
                        </cac:TaxScheme>
                     </cac:PartyTaxScheme>
                     <cac:PartyLegalEntity>
                        <cbc:RegistrationName>Fake Customer</cbc:RegistrationName>
                        <cbc:CompanyID schemeID="BE:CBE">2222222222</cbc:CompanyID>
                     </cac:PartyLegalEntity>
                  </cac:Party>
               </cac:AccountingCustomerParty>
               <cac:PaymentMeans>
                  <cbc:PaymentMeansCode listID="UNCL4461">1</cbc:PaymentMeansCode>
                  <cbc:PaymentDueDate>2018-05-31</cbc:PaymentDueDate>
                  <cbc:PaymentChannelCode>IBAN</cbc:PaymentChannelCode>
                  <cbc:InstructionNote>SIMPLE TEST TO FAKE CUSTOMER</cbc:InstructionNote>
                  <cac:PayeeFinancialAccount>
                     <cbc:ID schemeID="IBAN">BE86736009252450</cbc:ID>
                     <cac:FinancialInstitutionBranch>
                        <cac:FinancialInstitution>
                           <cbc:ID schemeID="BIC">KREDBEBB</cbc:ID>
                        </cac:FinancialInstitution>
                     </cac:FinancialInstitutionBranch>
                  </cac:PayeeFinancialAccount>
               </cac:PaymentMeans>
               <cac:TaxTotal>
                  <cbc:TaxAmount currencyID="EUR">21.00</cbc:TaxAmount>
                  <cac:TaxSubtotal>
                     <cbc:TaxableAmount currencyID="EUR">100.00</cbc:TaxableAmount>
                     <cbc:TaxAmount currencyID="EUR">21.00</cbc:TaxAmount>
                     <cac:TaxCategory>
                        <cbc:ID schemeID="UNCL5305">S</cbc:ID>
                        <cbc:Percent>21.00</cbc:Percent>
                        <cac:TaxScheme>
                           <cbc:ID>VAT</cbc:ID>
                        </cac:TaxScheme>
                     </cac:TaxCategory>
                  </cac:TaxSubtotal>
               </cac:TaxTotal>
               <cac:LegalMonetaryTotal>
                  <cbc:LineExtensionAmount currencyID="EUR">100.00</cbc:LineExtensionAmount>
                  <cbc:TaxExclusiveAmount currencyID="EUR">100.00</cbc:TaxExclusiveAmount>
                  <cbc:TaxInclusiveAmount currencyID="EUR">121.00</cbc:TaxInclusiveAmount>
                  <cbc:PayableAmount currencyID="EUR">121.00</cbc:PayableAmount>
               </cac:LegalMonetaryTotal>
               <cac:InvoiceLine>
                  <cbc:ID>1</cbc:ID>
                  <cbc:InvoicedQuantity unitCode="NAR" unitCodeListID="UNECERec20">1.00</cbc:InvoicedQuantity>
                  <cbc:LineExtensionAmount currencyID="EUR">100.00</cbc:LineExtensionAmount>
                  <cac:TaxTotal>
                     <cbc:TaxAmount currencyID="EUR">21.00</cbc:TaxAmount>
                  </cac:TaxTotal>
                  <cac:Item>
                     <cbc:Description>Line1 description - may be long</cbc:Description>
                     <cbc:Name>Line1max50char</cbc:Name>
                     <cac:ClassifiedTaxCategory>
                        <cbc:ID schemeID="UNCL5305">S</cbc:ID>
                        <cbc:Percent>21.00</cbc:Percent>
                        <cac:TaxScheme>
                           <cbc:ID>VAT</cbc:ID>
                        </cac:TaxScheme>
                     </cac:ClassifiedTaxCategory>
                  </cac:Item>
                  <cac:Price>
                     <cbc:PriceAmount currencyID="EUR">100.00</cbc:PriceAmount>
                     <cbc:BaseQuantity>1.00</cbc:BaseQuantity>
                  </cac:Price>
               </cac:InvoiceLine>
            </Invoice>
            </v12:document>
         </v2:request>
      </v2:submitDocumentRequest>
   </soapenv:Body>
</soapenv:Envelope>]]></con:request><con:credentials><con:selectedAuthProfile>Basic</con:selectedAuthProfile><con:addedBasicAuthenticationTypes>Basic</con:addedBasicAuthenticationTypes><con:authType>Global HTTP Settings</con:authType></con:credentials><con:jmsConfig JMSDeliveryMode="PERSISTENT"/><con:jmsPropertyConfig/><con:wsaConfig mustUnderstand="NONE" version="200508" action="http://fidus.brussels/services/invoiceservice/submitApplicationResponse"/><con:wsrmConfig version="1.2"/></con:call><con:call id="36d36f24-0412-4677-930d-22943123ee5a" name="5 - Prod - Worker2 - Request" outgoingWss="Outflow PROD"><con:settings><con:setting id="com.eviware.soapui.impl.wsdl.WsdlRequest@request-headers">&lt;xml-fragment/></con:setting></con:settings><con:encoding>UTF-8</con:encoding><con:endpoint>https://192.168.26.19:8443/services/InvoiceService_v2.0</con:endpoint><con:request><![CDATA[<soapenv:Envelope xmlns:soapenv="http://schemas.xmlsoap.org/soap/envelope/" xmlns:v2="http://fidus.brussels/service/invoiceservice/messages/v2.0" xmlns:v1="http://fidus.brussels/service/invoiceservice/messages/v1.2" xmlns:v11="http://fidus.brussels/type/common/messages/v1" xmlns:urn="urn:oasis:names:specification:ubl:schema:xsd:ApplicationResponse-2" xmlns:urn1="urn:oasis:names:specification:ubl:schema:xsd:CommonExtensionComponents-2" xmlns:urn2="urn:oasis:names:specification:ubl:schema:xsd:CommonBasicComponents-2" xmlns:urn3="urn:oasis:names:specification:ubl:schema:xsd:CommonAggregateComponents-2">
   <soapenv:Header/>
   <soapenv:Body>
      <v2:submitDocumentRequest>
         <v2:messageContext>
            <v11:messageId>?</v11:messageId>
         </v2:messageContext>
         <v2:legalContext>ServiceIntegrator</v2:legalContext>
         <v2:request>
            <v12:document xmlns:v12="http://fsb.belgium.be/einvoicing/simpleprior/v1_00">                
            <Invoice xmlns="urn:oasis:names:specification:ubl:schema:xsd:Invoice-2"
                    xmlns:cbc="urn:oasis:names:specification:ubl:schema:xsd:CommonBasicComponents-2"
                    xmlns:cac="urn:oasis:names:specification:ubl:schema:xsd:CommonAggregateComponents-2">
               <cbc:UBLVersionID>2.1</cbc:UBLVersionID>
               <cbc:CustomizationID>urn:www.cenbii.eu:transaction:biitrns010:ver2.0:extended:urn:www.peppol.eu:bis:peppol5a:ver2.0</cbc:CustomizationID>
               <cbc:ProfileID>urn:www.cenbii.eu:profile:bii05:ver2.0</cbc:ProfileID>
               <cbc:ID>118120479086FAKNOV-13-5B</cbc:ID>
               <cbc:IssueDate>2018-06-12</cbc:IssueDate>
               <cbc:InvoiceTypeCode listID="UNCL1001">380</cbc:InvoiceTypeCode>
               <cbc:DocumentCurrencyCode listID="ISO4217">EUR</cbc:DocumentCurrencyCode>
               <cac:AccountingSupplierParty>
                  <cac:Party>
                     <cac:PartyIdentification>
                        <cbc:ID schemeID="BE:CBE">0200013901</cbc:ID>
                     </cac:PartyIdentification>
                     <cac:PartyName>
                        <cbc:Name>ACME</cbc:Name>
                     </cac:PartyName>
                     <cac:PostalAddress>
                        <cbc:StreetName>Simon Bolivarlaan 30/9</cbc:StreetName>
                        <cbc:CityName>BRUSSEL</cbc:CityName>
                        <cbc:PostalZone>1000</cbc:PostalZone>
                        <cac:Country>
                           <cbc:IdentificationCode listID="ISO3166-1:Alpha2">BE</cbc:IdentificationCode>
                        </cac:Country>
                     </cac:PostalAddress>
                     <cac:PartyTaxScheme>
                        <cbc:CompanyID schemeID="BE:VAT">BE0200013901</cbc:CompanyID>
                        <cac:TaxScheme>
                           <cbc:ID>VAT</cbc:ID>
                        </cac:TaxScheme>
                     </cac:PartyTaxScheme>
                     <cac:PartyLegalEntity>
                        <cbc:RegistrationName>D.W. Soft bvba</cbc:RegistrationName>
                        <cbc:CompanyID schemeID="BE:CBE">0200013901</cbc:CompanyID>
                     </cac:PartyLegalEntity>
                     <cac:Contact>
                        <cbc:ElectronicMail>dirk.willekens@dwsoft.be</cbc:ElectronicMail>
                     </cac:Contact>
                  </cac:Party>
               </cac:AccountingSupplierParty>
               <cac:AccountingCustomerParty>
                  <cac:Party>
                     <cac:PartyIdentification>
                        <cbc:ID schemeID="BE:CBE">2222222222</cbc:ID>
                     </cac:PartyIdentification>
                     <cac:PartyName>
                        <cbc:Name>Fake customer</cbc:Name>
                     </cac:PartyName>
                     <cac:PostalAddress>
                        <cbc:StreetName>Simon Bolivarlaan 34</cbc:StreetName>
                        <cbc:CityName>ANTWERPEN</cbc:CityName>
                        <cbc:PostalZone>2000</cbc:PostalZone>
                        <cac:Country>
                           <cbc:IdentificationCode listID="ISO3166-1:Alpha2">BE</cbc:IdentificationCode>
                        </cac:Country>
                     </cac:PostalAddress>
                     <cac:PartyTaxScheme>
                        <cbc:CompanyID schemeID="BE:VAT">BE2222222222</cbc:CompanyID>
                        <cac:TaxScheme>
                           <cbc:ID>VAT</cbc:ID>
                        </cac:TaxScheme>
                     </cac:PartyTaxScheme>
                     <cac:PartyLegalEntity>
                        <cbc:RegistrationName>Fake Customer</cbc:RegistrationName>
                        <cbc:CompanyID schemeID="BE:CBE">2222222222</cbc:CompanyID>
                     </cac:PartyLegalEntity>
                  </cac:Party>
               </cac:AccountingCustomerParty>
               <cac:PaymentMeans>
                  <cbc:PaymentMeansCode listID="UNCL4461">1</cbc:PaymentMeansCode>
                  <cbc:PaymentDueDate>2018-05-31</cbc:PaymentDueDate>
                  <cbc:PaymentChannelCode>IBAN</cbc:PaymentChannelCode>
                  <cbc:InstructionNote>SIMPLE TEST TO FAKE CUSTOMER</cbc:InstructionNote>
                  <cac:PayeeFinancialAccount>
                     <cbc:ID schemeID="IBAN">BE86736009252450</cbc:ID>
                     <cac:FinancialInstitutionBranch>
                        <cac:FinancialInstitution>
                           <cbc:ID schemeID="BIC">KREDBEBB</cbc:ID>
                        </cac:FinancialInstitution>
                     </cac:FinancialInstitutionBranch>
                  </cac:PayeeFinancialAccount>
               </cac:PaymentMeans>
               <cac:TaxTotal>
                  <cbc:TaxAmount currencyID="EUR">21.00</cbc:TaxAmount>
                  <cac:TaxSubtotal>
                     <cbc:TaxableAmount currencyID="EUR">100.00</cbc:TaxableAmount>
                     <cbc:TaxAmount currencyID="EUR">21.00</cbc:TaxAmount>
                     <cac:TaxCategory>
                        <cbc:ID schemeID="UNCL5305">S</cbc:ID>
                        <cbc:Percent>21.00</cbc:Percent>
                        <cac:TaxScheme>
                           <cbc:ID>VAT</cbc:ID>
                        </cac:TaxScheme>
                     </cac:TaxCategory>
                  </cac:TaxSubtotal>
               </cac:TaxTotal>
               <cac:LegalMonetaryTotal>
                  <cbc:LineExtensionAmount currencyID="EUR">100.00</cbc:LineExtensionAmount>
                  <cbc:TaxExclusiveAmount currencyID="EUR">100.00</cbc:TaxExclusiveAmount>
                  <cbc:TaxInclusiveAmount currencyID="EUR">121.00</cbc:TaxInclusiveAmount>
                  <cbc:PayableAmount currencyID="EUR">121.00</cbc:PayableAmount>
               </cac:LegalMonetaryTotal>
               <cac:InvoiceLine>
                  <cbc:ID>1</cbc:ID>
                  <cbc:InvoicedQuantity unitCode="NAR" unitCodeListID="UNECERec20">1.00</cbc:InvoicedQuantity>
                  <cbc:LineExtensionAmount currencyID="EUR">100.00</cbc:LineExtensionAmount>
                  <cac:TaxTotal>
                     <cbc:TaxAmount currencyID="EUR">21.00</cbc:TaxAmount>
                  </cac:TaxTotal>
                  <cac:Item>
                     <cbc:Description>Line1 description - may be long</cbc:Description>
                     <cbc:Name>Line1max50char</cbc:Name>
                     <cac:ClassifiedTaxCategory>
                        <cbc:ID schemeID="UNCL5305">S</cbc:ID>
                        <cbc:Percent>21.00</cbc:Percent>
                        <cac:TaxScheme>
                           <cbc:ID>VAT</cbc:ID>
                        </cac:TaxScheme>
                     </cac:ClassifiedTaxCategory>
                  </cac:Item>
                  <cac:Price>
                     <cbc:PriceAmount currencyID="EUR">100.00</cbc:PriceAmount>
                     <cbc:BaseQuantity>1.00</cbc:BaseQuantity>
                  </cac:Price>
               </cac:InvoiceLine>
            </Invoice>
            </v12:document>
         </v2:request>
      </v2:submitDocumentRequest>
   </soapenv:Body>
</soapenv:Envelope>]]></con:request><con:credentials><con:selectedAuthProfile>Basic</con:selectedAuthProfile><con:addedBasicAuthenticationTypes>Basic</con:addedBasicAuthenticationTypes><con:authType>Global HTTP Settings</con:authType></con:credentials><con:jmsConfig JMSDeliveryMode="PERSISTENT"/><con:jmsPropertyConfig/><con:wsaConfig mustUnderstand="NONE" version="200508" action="http://fidus.brussels/services/invoiceservice/submitApplicationResponse"/><con:wsrmConfig version="1.2"/></con:call></con:operation><con:operation id="3674bff6-8d24-4054-b7b0-163e832979af" isOneWay="false" action="http://fidus.brussels/services/invoiceservice/submitInboxRequest" name="submitInboxRequest" bindingOperationName="submitInboxRequest" type="Request-Response" inputName="" receivesAttachments="false" sendsAttachments="false" anonymous="optional"><con:settings/><con:call id="9b053a67-8476-46f6-b708-0a5f864cf29a" name="1 - Local - Request" outgoingWss="Outflow DEV"><con:settings><con:setting id="com.eviware.soapui.impl.wsdl.WsdlRequest@request-headers">&lt;xml-fragment/></con:setting></con:settings><con:encoding>UTF-8</con:encoding><con:endpoint>https://localhost:8243/services/InvoiceService_v2.0</con:endpoint><con:request><![CDATA[<soapenv:Envelope xmlns:soapenv="http://schemas.xmlsoap.org/soap/envelope/" xmlns:v2="http://fidus.brussels/service/invoiceservice/messages/v2.0" xmlns:v11="http://fidus.brussels/type/common/messages/v1">
   <soapenv:Header/>
   <soapenv:Body>
      <v2:submitInboxRequestRequest>
         <v2:messageContext>
            <v11:messageId>?</v11:messageId>
         </v2:messageContext>
         <v2:legalContext>ServiceIntegrator</v2:legalContext>
         <v2:request>
            <v12:receiverId xmlns:v12="http://fsb.belgium.be/einvoicing/simpleprior/v1_00">2222222222</v12:receiverId>
            <v12:senderId xmlns:v12="http://fsb.belgium.be/einvoicing/simpleprior/v1_00">0200013901</v12:senderId>        
         </v2:request>
      </v2:submitInboxRequestRequest>
   </soapenv:Body>
</soapenv:Envelope>]]></con:request><con:credentials><con:selectedAuthProfile>Basic</con:selectedAuthProfile><con:addedBasicAuthenticationTypes>Basic</con:addedBasicAuthenticationTypes><con:authType>Global HTTP Settings</con:authType></con:credentials><con:jmsConfig JMSDeliveryMode="PERSISTENT"/><con:jmsPropertyConfig/><con:wsaConfig mustUnderstand="NONE" version="200508" action="http://fidus.brussels/services/invoiceservice/submitInboxRequest"/><con:wsrmConfig version="1.2"/></con:call><con:call id="e83ee648-628d-4f9e-9a82-73b7aec0e1b6" name="2 - Dev - Request" outgoingWss="Outflow DEV"><con:settings><con:setting id="com.eviware.soapui.impl.wsdl.WsdlRequest@request-headers">&lt;xml-fragment/></con:setting></con:settings><con:encoding>UTF-8</con:encoding><con:endpoint>https://192.168.36.61:8243/services/InvoiceService_v2.0</con:endpoint><con:request><![CDATA[<soapenv:Envelope xmlns:soapenv="http://schemas.xmlsoap.org/soap/envelope/" xmlns:v2="http://fidus.brussels/service/invoiceservice/messages/v2.0" xmlns:v11="http://fidus.brussels/type/common/messages/v1">
   <soapenv:Header/>
   <soapenv:Body>
      <v2:submitInboxRequestRequest>
         <v2:messageContext>
            <v11:messageId>?</v11:messageId>
         </v2:messageContext>
         <v2:legalContext>ServiceIntegrator</v2:legalContext>
         <v2:request>
            <v12:receiverId xmlns:v12="http://fsb.belgium.be/einvoicing/simpleprior/v1_00">2222222222</v12:receiverId>
            <v12:senderId xmlns:v12="http://fsb.belgium.be/einvoicing/simpleprior/v1_00">0200013901</v12:senderId>        
         </v2:request>
      </v2:submitInboxRequestRequest>
   </soapenv:Body>
</soapenv:Envelope>]]></con:request><con:credentials><con:selectedAuthProfile>Basic</con:selectedAuthProfile><con:addedBasicAuthenticationTypes>Basic</con:addedBasicAuthenticationTypes><con:authType>Global HTTP Settings</con:authType></con:credentials><con:jmsConfig JMSDeliveryMode="PERSISTENT"/><con:jmsPropertyConfig/><con:wsaConfig mustUnderstand="NONE" version="200508" action="http://fidus.brussels/services/invoiceservice/submitInboxRequest"/><con:wsrmConfig version="1.2"/></con:call><con:call id="ba6e79d6-0816-471f-b47b-0799f6d228a5" name="3 - Test - External - Request" outgoingWss="Outflow TEST"><con:settings><con:setting id="com.eviware.soapui.impl.wsdl.WsdlRequest@request-headers">&lt;xml-fragment/></con:setting></con:settings><con:encoding>UTF-8</con:encoding><con:endpoint>https://fidus-test.irisnetlab.be/services/InvoiceService_v2.0</con:endpoint><con:request><![CDATA[<soapenv:Envelope xmlns:soapenv="http://schemas.xmlsoap.org/soap/envelope/" xmlns:v2="http://fidus.brussels/service/invoiceservice/messages/v2.0" xmlns:v11="http://fidus.brussels/type/common/messages/v1">
   <soapenv:Header/>
   <soapenv:Body>
      <v2:submitInboxRequestRequest>
         <v2:messageContext>
            <v11:messageId>${=import static java.util.UUID.randomUUID; uuid = randomUUID() as String}</v11:messageId>
            <v11:timestamp>${=new java.text.SimpleDateFormat("yyyy-MM-dd'T'HH:mm:ss.SSS").format(new Date())}</v11:timestamp>
         </v2:messageContext>
         <v2:legalContext>ServiceIntegrator</v2:legalContext>
         <v2:request>
            <v12:receiverId xmlns:v12="http://fsb.belgium.be/einvoicing/simpleprior/v1_00">0463152333</v12:receiverId>
            <v12:senderId xmlns:v12="http://fsb.belgium.be/einvoicing/simpleprior/v1_00">0200013901</v12:senderId>        
         </v2:request>
      </v2:submitInboxRequestRequest>
   </soapenv:Body>
</soapenv:Envelope>]]></con:request><con:credentials><con:selectedAuthProfile>Basic</con:selectedAuthProfile><con:addedBasicAuthenticationTypes>Basic</con:addedBasicAuthenticationTypes><con:authType>Global HTTP Settings</con:authType></con:credentials><con:jmsConfig JMSDeliveryMode="PERSISTENT"/><con:jmsPropertyConfig/><con:wsaConfig mustUnderstand="NONE" version="200508" action="http://fidus.brussels/services/invoiceservice/submitInboxRequest"/><con:wsrmConfig version="1.2"/></con:call><con:call id="5dbfb3cc-eb4b-4bbb-a97b-df0eeeab2cf1" name="3 - Test - LB - Request" outgoingWss="Outflow TEST"><con:settings><con:setting id="com.eviware.soapui.impl.wsdl.WsdlRequest@request-headers">&lt;xml-fragment/></con:setting></con:settings><con:encoding>UTF-8</con:encoding><con:endpoint>https://esb-security-gw.sta.srv.cirb.lan:8443/services/InvoiceService_v2.0</con:endpoint><con:request><![CDATA[<soapenv:Envelope xmlns:soapenv="http://schemas.xmlsoap.org/soap/envelope/" xmlns:v2="http://fidus.brussels/service/invoiceservice/messages/v2.0" xmlns:v11="http://fidus.brussels/type/common/messages/v1">
   <soapenv:Header/>
   <soapenv:Body>
      <v2:submitInboxRequestRequest>
         <v2:messageContext>
            <v11:messageId>?</v11:messageId>
         </v2:messageContext>
         <v2:legalContext>ServiceIntegrator</v2:legalContext>
         <v2:request>
            <v12:receiverId xmlns:v12="http://fsb.belgium.be/einvoicing/simpleprior/v1_00">2222222222</v12:receiverId>
            <v12:senderId xmlns:v12="http://fsb.belgium.be/einvoicing/simpleprior/v1_00">0200013901</v12:senderId>        
         </v2:request>
      </v2:submitInboxRequestRequest>
   </soapenv:Body>
</soapenv:Envelope>]]></con:request><con:credentials><con:selectedAuthProfile>Basic</con:selectedAuthProfile><con:addedBasicAuthenticationTypes>Basic</con:addedBasicAuthenticationTypes><con:authType>Global HTTP Settings</con:authType></con:credentials><con:jmsConfig JMSDeliveryMode="PERSISTENT"/><con:jmsPropertyConfig/><con:wsaConfig mustUnderstand="NONE" version="200508" action="http://fidus.brussels/services/invoiceservice/submitInboxRequest"/><con:wsrmConfig version="1.2"/></con:call><con:call id="1ed7aad7-25dd-4dee-842b-1a41ae712ccf" name="3 - Test - Worker1 - Request" outgoingWss="Outflow TEST" incomingWss="inflowTest"><con:settings><con:setting id="com.eviware.soapui.impl.wsdl.WsdlRequest@request-headers">&lt;xml-fragment/></con:setting></con:settings><con:encoding>UTF-8</con:encoding><con:endpoint>https://192.168.24.45:8443/services/InvoiceService_v2.0</con:endpoint><con:request><![CDATA[<soapenv:Envelope xmlns:soapenv="http://schemas.xmlsoap.org/soap/envelope/" xmlns:v2="http://fidus.brussels/service/invoiceservice/messages/v2.0" xmlns:v11="http://fidus.brussels/type/common/messages/v1">
   <soapenv:Header/>
   <soapenv:Body>
      <v2:submitInboxRequestRequest>
         <v2:messageContext>
            <v11:messageId>?</v11:messageId>
         </v2:messageContext>
         <v2:legalContext>ServiceIntegrator</v2:legalContext>
         <v2:request>
            <v12:receiverId xmlns:v12="http://fsb.belgium.be/einvoicing/simpleprior/v1_00">2222222222</v12:receiverId>
            <v12:senderId xmlns:v12="http://fsb.belgium.be/einvoicing/simpleprior/v1_00">0200013901</v12:senderId>        
         </v2:request>
      </v2:submitInboxRequestRequest>
   </soapenv:Body>
</soapenv:Envelope>]]></con:request><con:credentials><con:selectedAuthProfile>Basic</con:selectedAuthProfile><con:addedBasicAuthenticationTypes>Basic</con:addedBasicAuthenticationTypes><con:authType>Global HTTP Settings</con:authType></con:credentials><con:jmsConfig JMSDeliveryMode="PERSISTENT"/><con:jmsPropertyConfig/><con:wsaConfig mustUnderstand="NONE" version="200508" action="http://fidus.brussels/services/invoiceservice/submitInboxRequest"/><con:wsrmConfig version="1.2"/></con:call><con:call id="a344d086-38cc-494f-b570-71b37d32f53b" name="3 - Test - Worker2 - Request" outgoingWss="Outflow TEST"><con:settings><con:setting id="com.eviware.soapui.impl.wsdl.WsdlRequest@request-headers">&lt;xml-fragment/></con:setting></con:settings><con:encoding>UTF-8</con:encoding><con:endpoint>https://192.168.22.54:8443/services/InvoiceService_v2.0</con:endpoint><con:request><![CDATA[<soapenv:Envelope xmlns:soapenv="http://schemas.xmlsoap.org/soap/envelope/" xmlns:v2="http://fidus.brussels/service/invoiceservice/messages/v2.0" xmlns:v11="http://fidus.brussels/type/common/messages/v1">
   <soapenv:Header/>
   <soapenv:Body>
      <v2:submitInboxRequestRequest>
         <v2:messageContext>
            <v11:messageId>?</v11:messageId>
         </v2:messageContext>
         <v2:legalContext>ServiceIntegrator</v2:legalContext>
         <v2:request>
            <v12:receiverId xmlns:v12="http://fsb.belgium.be/einvoicing/simpleprior/v1_00">2222222222</v12:receiverId>
            <v12:senderId xmlns:v12="http://fsb.belgium.be/einvoicing/simpleprior/v1_00">0200013901</v12:senderId>        
         </v2:request>
      </v2:submitInboxRequestRequest>
   </soapenv:Body>
</soapenv:Envelope>]]></con:request><con:credentials><con:selectedAuthProfile>Basic</con:selectedAuthProfile><con:addedBasicAuthenticationTypes>Basic</con:addedBasicAuthenticationTypes><con:authType>Global HTTP Settings</con:authType></con:credentials><con:jmsConfig JMSDeliveryMode="PERSISTENT"/><con:jmsPropertyConfig/><con:wsaConfig mustUnderstand="NONE" version="200508" action="http://fidus.brussels/services/invoiceservice/submitInboxRequest"/><con:wsrmConfig version="1.2"/></con:call><con:call id="81f602e5-be6c-4cd6-b189-bdce58654bc3" name="4 - Staging - External - Request" outgoingWss="Outflow STAG"><con:settings><con:setting id="com.eviware.soapui.impl.wsdl.WsdlRequest@request-headers">&lt;xml-fragment/></con:setting></con:settings><con:encoding>UTF-8</con:encoding><con:endpoint>https://fidus.irisnetlab.be/services/InvoiceService_v2.0</con:endpoint><con:request><![CDATA[<soapenv:Envelope xmlns:soapenv="http://schemas.xmlsoap.org/soap/envelope/" xmlns:v2="http://fidus.brussels/service/invoiceservice/messages/v2.0" xmlns:v11="http://fidus.brussels/type/common/messages/v1">
   <soapenv:Header/>
   <soapenv:Body>
      <v2:submitInboxRequestRequest>
         <v2:messageContext>
            <v11:messageId>?</v11:messageId>
         </v2:messageContext>
         <v2:legalContext>ServiceIntegrator</v2:legalContext>
         <v2:request>
            <v12:receiverId xmlns:v12="http://fsb.belgium.be/einvoicing/simpleprior/v1_00">2222222222</v12:receiverId>
            <v12:senderId xmlns:v12="http://fsb.belgium.be/einvoicing/simpleprior/v1_00">0200013901</v12:senderId>        
         </v2:request>
      </v2:submitInboxRequestRequest>
   </soapenv:Body>
</soapenv:Envelope>]]></con:request><con:credentials><con:selectedAuthProfile>Basic</con:selectedAuthProfile><con:addedBasicAuthenticationTypes>Basic</con:addedBasicAuthenticationTypes><con:authType>Global HTTP Settings</con:authType></con:credentials><con:jmsConfig JMSDeliveryMode="PERSISTENT"/><con:jmsPropertyConfig/><con:wsaConfig mustUnderstand="NONE" version="200508" action="http://fidus.brussels/services/invoiceservice/submitInboxRequest"/><con:wsrmConfig version="1.2"/></con:call><con:call id="e1e7c31f-9036-448c-ace5-e8bbe4e08d6d" name="4 - Staging - LB - Request" outgoingWss="Outflow STAG"><con:settings><con:setting id="com.eviware.soapui.impl.wsdl.WsdlRequest@request-headers">&lt;xml-fragment/></con:setting></con:settings><con:encoding>UTF-8</con:encoding><con:endpoint>https://fidus-esb-sg.sta.srv.cirb.lan:8443/services/InvoiceService_v2.0</con:endpoint><con:request><![CDATA[<soapenv:Envelope xmlns:soapenv="http://schemas.xmlsoap.org/soap/envelope/" xmlns:v2="http://fidus.brussels/service/invoiceservice/messages/v2.0" xmlns:v11="http://fidus.brussels/type/common/messages/v1">
   <soapenv:Header/>
   <soapenv:Body>
      <v2:submitInboxRequestRequest>
         <v2:messageContext>
            <v11:messageId>?</v11:messageId>
         </v2:messageContext>
         <v2:legalContext>ServiceIntegrator</v2:legalContext>
         <v2:request>
            <v12:receiverId xmlns:v12="http://fsb.belgium.be/einvoicing/simpleprior/v1_00">2222222222</v12:receiverId>
            <v12:senderId xmlns:v12="http://fsb.belgium.be/einvoicing/simpleprior/v1_00">0200013901</v12:senderId>        
         </v2:request>
      </v2:submitInboxRequestRequest>
   </soapenv:Body>
</soapenv:Envelope>]]></con:request><con:credentials><con:selectedAuthProfile>Basic</con:selectedAuthProfile><con:addedBasicAuthenticationTypes>Basic</con:addedBasicAuthenticationTypes><con:authType>Global HTTP Settings</con:authType></con:credentials><con:jmsConfig JMSDeliveryMode="PERSISTENT"/><con:jmsPropertyConfig/><con:wsaConfig mustUnderstand="NONE" version="200508" action="http://fidus.brussels/services/invoiceservice/submitInboxRequest"/><con:wsrmConfig version="1.2"/></con:call><con:call id="d20b2dd5-0514-4e71-81ff-b362b9447f5b" name="4 - Staging - Worker1 - Request" outgoingWss="Outflow STAG"><con:settings><con:setting id="com.eviware.soapui.impl.wsdl.WsdlRequest@request-headers">&lt;xml-fragment/></con:setting></con:settings><con:encoding>UTF-8</con:encoding><con:endpoint>https://192.168.24.16:8443/services/InvoiceService_v2.0</con:endpoint><con:request><![CDATA[<soapenv:Envelope xmlns:soapenv="http://schemas.xmlsoap.org/soap/envelope/" xmlns:v2="http://fidus.brussels/service/invoiceservice/messages/v2.0" xmlns:v11="http://fidus.brussels/type/common/messages/v1">
   <soapenv:Header/>
   <soapenv:Body>
      <v2:submitInboxRequestRequest>
         <v2:messageContext>
            <v11:messageId>?</v11:messageId>
         </v2:messageContext>
         <v2:legalContext>ServiceIntegrator</v2:legalContext>
         <v2:request>
            <v12:receiverId xmlns:v12="http://fsb.belgium.be/einvoicing/simpleprior/v1_00">2222222222</v12:receiverId>
            <v12:senderId xmlns:v12="http://fsb.belgium.be/einvoicing/simpleprior/v1_00">0200013901</v12:senderId>        
         </v2:request>
      </v2:submitInboxRequestRequest>
   </soapenv:Body>
</soapenv:Envelope>]]></con:request><con:credentials><con:selectedAuthProfile>Basic</con:selectedAuthProfile><con:addedBasicAuthenticationTypes>Basic</con:addedBasicAuthenticationTypes><con:authType>Global HTTP Settings</con:authType></con:credentials><con:jmsConfig JMSDeliveryMode="PERSISTENT"/><con:jmsPropertyConfig/><con:wsaConfig mustUnderstand="NONE" version="200508" action="http://fidus.brussels/services/invoiceservice/submitInboxRequest"/><con:wsrmConfig version="1.2"/></con:call><con:call id="9f2c23e2-e6c5-42b8-86e1-95bccd49411e" name="4 - Staging - Worker2 - Request" outgoingWss="Outflow STAG"><con:settings><con:setting id="com.eviware.soapui.impl.wsdl.WsdlRequest@request-headers">&lt;xml-fragment/></con:setting></con:settings><con:encoding>UTF-8</con:encoding><con:endpoint>https://192.168.24.17:8443/services/InvoiceService_v2.0</con:endpoint><con:request><![CDATA[<soapenv:Envelope xmlns:soapenv="http://schemas.xmlsoap.org/soap/envelope/" xmlns:v2="http://fidus.brussels/service/invoiceservice/messages/v2.0" xmlns:v11="http://fidus.brussels/type/common/messages/v1">
   <soapenv:Header/>
   <soapenv:Body>
      <v2:submitInboxRequestRequest>
         <v2:messageContext>
            <v11:messageId>?</v11:messageId>
         </v2:messageContext>
         <v2:legalContext>ServiceIntegrator</v2:legalContext>
         <v2:request>
            <v12:receiverId xmlns:v12="http://fsb.belgium.be/einvoicing/simpleprior/v1_00">2222222222</v12:receiverId>
            <v12:senderId xmlns:v12="http://fsb.belgium.be/einvoicing/simpleprior/v1_00">0200013901</v12:senderId>        
         </v2:request>
      </v2:submitInboxRequestRequest>
   </soapenv:Body>
</soapenv:Envelope>]]></con:request><con:credentials><con:selectedAuthProfile>Basic</con:selectedAuthProfile><con:addedBasicAuthenticationTypes>Basic</con:addedBasicAuthenticationTypes><con:authType>Global HTTP Settings</con:authType></con:credentials><con:jmsConfig JMSDeliveryMode="PERSISTENT"/><con:jmsPropertyConfig/><con:wsaConfig mustUnderstand="NONE" version="200508" action="http://fidus.brussels/services/invoiceservice/submitInboxRequest"/><con:wsrmConfig version="1.2"/></con:call><con:call id="bb2cb7f5-819d-42ac-b7bd-1cdf0432ce24" name="5 - Prod - External - Request" outgoingWss="Outflow PROD"><con:settings><con:setting id="com.eviware.soapui.impl.wsdl.WsdlRequest@request-headers">&lt;xml-fragment/></con:setting></con:settings><con:encoding>UTF-8</con:encoding><con:endpoint>https://fidus.sec.brussels/services/InvoiceService_v2.0</con:endpoint><con:request><![CDATA[<soapenv:Envelope xmlns:soapenv="http://schemas.xmlsoap.org/soap/envelope/" xmlns:v2="http://fidus.brussels/service/invoiceservice/messages/v2.0" xmlns:v11="http://fidus.brussels/type/common/messages/v1">
   <soapenv:Header/>
   <soapenv:Body>
      <v2:submitInboxRequestRequest>
         <v2:messageContext>
            <v11:messageId>?</v11:messageId>
         </v2:messageContext>
         <v2:legalContext>ServiceIntegrator</v2:legalContext>
         <v2:request>
            <v12:receiverId xmlns:v12="http://fsb.belgium.be/einvoicing/simpleprior/v1_00">2222222222</v12:receiverId>
            <v12:senderId xmlns:v12="http://fsb.belgium.be/einvoicing/simpleprior/v1_00">0200013901</v12:senderId>        
         </v2:request>
      </v2:submitInboxRequestRequest>
   </soapenv:Body>
</soapenv:Envelope>]]></con:request><con:credentials><con:selectedAuthProfile>Basic</con:selectedAuthProfile><con:addedBasicAuthenticationTypes>Basic</con:addedBasicAuthenticationTypes><con:authType>Global HTTP Settings</con:authType></con:credentials><con:jmsConfig JMSDeliveryMode="PERSISTENT"/><con:jmsPropertyConfig/><con:wsaConfig mustUnderstand="NONE" version="200508" action="http://fidus.brussels/services/invoiceservice/submitInboxRequest"/><con:wsrmConfig version="1.2"/></con:call><con:call id="777c818b-a60a-4f5d-95f1-c49dd879acd8" name="5 - Prod - LB - Request" outgoingWss="Outflow PROD"><con:settings><con:setting id="com.eviware.soapui.impl.wsdl.WsdlRequest@request-headers">&lt;xml-fragment/></con:setting></con:settings><con:encoding>UTF-8</con:encoding><con:endpoint>https://fidus-esb-sg.prd.srv.cirb.lan:8443/services/InvoiceService_v2.0</con:endpoint><con:request><![CDATA[<soapenv:Envelope xmlns:soapenv="http://schemas.xmlsoap.org/soap/envelope/" xmlns:v2="http://fidus.brussels/service/invoiceservice/messages/v2.0" xmlns:v11="http://fidus.brussels/type/common/messages/v1">
   <soapenv:Header/>
   <soapenv:Body>
      <v2:submitInboxRequestRequest>
         <v2:messageContext>
            <v11:messageId>?</v11:messageId>
         </v2:messageContext>
         <v2:legalContext>ServiceIntegrator</v2:legalContext>
         <v2:request>
            <v12:receiverId xmlns:v12="http://fsb.belgium.be/einvoicing/simpleprior/v1_00">2222222222</v12:receiverId>
            <v12:senderId xmlns:v12="http://fsb.belgium.be/einvoicing/simpleprior/v1_00">0200013901</v12:senderId>        
         </v2:request>
      </v2:submitInboxRequestRequest>
   </soapenv:Body>
</soapenv:Envelope>]]></con:request><con:credentials><con:selectedAuthProfile>Basic</con:selectedAuthProfile><con:addedBasicAuthenticationTypes>Basic</con:addedBasicAuthenticationTypes><con:authType>Global HTTP Settings</con:authType></con:credentials><con:jmsConfig JMSDeliveryMode="PERSISTENT"/><con:jmsPropertyConfig/><con:wsaConfig mustUnderstand="NONE" version="200508" action="http://fidus.brussels/services/invoiceservice/submitInboxRequest"/><con:wsrmConfig version="1.2"/></con:call><con:call id="c790a26d-dee0-4ae4-88a3-25b44d4af4e0" name="5 - Prod - Worker1 - Request" outgoingWss="Outflow PROD"><con:settings><con:setting id="com.eviware.soapui.impl.wsdl.WsdlRequest@request-headers">&lt;xml-fragment/></con:setting></con:settings><con:encoding>UTF-8</con:encoding><con:endpoint>https://192.168.26.22:8443/services/InvoiceService_v2.0</con:endpoint><con:request><![CDATA[<soapenv:Envelope xmlns:soapenv="http://schemas.xmlsoap.org/soap/envelope/" xmlns:v2="http://fidus.brussels/service/invoiceservice/messages/v2.0" xmlns:v11="http://fidus.brussels/type/common/messages/v1">
   <soapenv:Header/>
   <soapenv:Body>
      <v2:submitInboxRequestRequest>
         <v2:messageContext>
            <v11:messageId>?</v11:messageId>
         </v2:messageContext>
         <v2:legalContext>ServiceIntegrator</v2:legalContext>
         <v2:request>
            <v12:receiverId xmlns:v12="http://fsb.belgium.be/einvoicing/simpleprior/v1_00">2222222222</v12:receiverId>
            <v12:senderId xmlns:v12="http://fsb.belgium.be/einvoicing/simpleprior/v1_00">0200013901</v12:senderId>        
         </v2:request>
      </v2:submitInboxRequestRequest>
   </soapenv:Body>
</soapenv:Envelope>]]></con:request><con:credentials><con:selectedAuthProfile>Basic</con:selectedAuthProfile><con:addedBasicAuthenticationTypes>Basic</con:addedBasicAuthenticationTypes><con:authType>Global HTTP Settings</con:authType></con:credentials><con:jmsConfig JMSDeliveryMode="PERSISTENT"/><con:jmsPropertyConfig/><con:wsaConfig mustUnderstand="NONE" version="200508" action="http://fidus.brussels/services/invoiceservice/submitInboxRequest"/><con:wsrmConfig version="1.2"/></con:call><con:call id="c62a7b60-8ac5-42f8-87fe-d520cb42ffed" name="5 - Prod - Worker2 - Request" outgoingWss="Outflow PROD"><con:settings><con:setting id="com.eviware.soapui.impl.wsdl.WsdlRequest@request-headers">&lt;xml-fragment/></con:setting></con:settings><con:encoding>UTF-8</con:encoding><con:endpoint>https://192.168.26.19:8443/services/InvoiceService_v2.0</con:endpoint><con:request><![CDATA[<soapenv:Envelope xmlns:soapenv="http://schemas.xmlsoap.org/soap/envelope/" xmlns:v2="http://fidus.brussels/service/invoiceservice/messages/v2.0" xmlns:v11="http://fidus.brussels/type/common/messages/v1">
   <soapenv:Header/>
   <soapenv:Body>
      <v2:submitInboxRequestRequest>
         <v2:messageContext>
            <v11:messageId>?</v11:messageId>
         </v2:messageContext>
         <v2:legalContext>ServiceIntegrator</v2:legalContext>
         <v2:request>
            <v12:receiverId xmlns:v12="http://fsb.belgium.be/einvoicing/simpleprior/v1_00">2222222222</v12:receiverId>
            <v12:senderId xmlns:v12="http://fsb.belgium.be/einvoicing/simpleprior/v1_00">0200013901</v12:senderId>        
         </v2:request>
      </v2:submitInboxRequestRequest>
   </soapenv:Body>
</soapenv:Envelope>]]></con:request><con:credentials><con:selectedAuthProfile>Basic</con:selectedAuthProfile><con:addedBasicAuthenticationTypes>Basic</con:addedBasicAuthenticationTypes><con:authType>Global HTTP Settings</con:authType></con:credentials><con:jmsConfig JMSDeliveryMode="PERSISTENT"/><con:jmsPropertyConfig/><con:wsaConfig mustUnderstand="NONE" version="200508" action="http://fidus.brussels/services/invoiceservice/submitInboxRequest"/><con:wsrmConfig version="1.2"/></con:call></con:operation></con:interface><con:testSuite id="0245817c-9b00-4c49-b84b-a5e2af0c9d4b" name="DEV"><con:settings/><con:runType>SEQUENTIAL</con:runType><con:testCase id="38d1f075-db5d-4203-b72e-f80417889bc8" failOnError="true" failTestCaseOnErrors="true" keepSession="false" maxResults="0" name="markDocument" searchProperties="true"><con:settings/><con:testStep type="request" id="cae88ce3-c5bf-4f12-ad98-1116b05ba4a6" name="testcase2 - Dev - Request"><con:settings/><con:config xsi:type="con:RequestStep" xmlns:xsi="http://www.w3.org/2001/XMLSchema-instance"><con:interface>InvoiceServiceHTTPBinding</con:interface><con:operation>markDocument</con:operation><con:request name="testcase2 - Dev - Request" id="304e7a34-1c16-4ed4-b4a2-d32acbbef417" outgoingWss="Outflow DEV"><con:settings/><con:encoding>UTF-8</con:encoding><con:endpoint>https://192.168.36.61:8243/services/InvoiceService_v2.0</con:endpoint><con:request><![CDATA[<soapenv:Envelope xmlns:soapenv="http://schemas.xmlsoap.org/soap/envelope/" xmlns:v2="http://fidus.brussels/service/invoiceservice/messages/v2.0" xmlns:v11="http://fidus.brussels/type/common/messages/v1">
   <soapenv:Header/>
   <soapenv:Body>
      <v2:markDocumentRequest>
         <v2:messageContext>
            <v11:messageId>?</v11:messageId>
         </v2:messageContext>
         <v2:legalContext>ServiceIntegrator</v2:legalContext>
         <v2:request>
            <v12:receiverId xmlns:v12="http://fsb.belgium.be/einvoicing/simpleprior/v1_00">2222222222</v12:receiverId>
            <v12:senderId xmlns:v12="http://fsb.belgium.be/einvoicing/simpleprior/v1_00">0200013901</v12:senderId>
            <v12:documentType xmlns:v12="http://fsb.belgium.be/einvoicing/simpleprior/v1_00">380</v12:documentType>
            <v12:documentId xmlns:v12="http://fsb.belgium.be/einvoicing/simpleprior/v1_00">e878b54b-8a82-4bf3-8c8c-37eacdab2589</v12:documentId>         
         </v2:request>
      </v2:markDocumentRequest>
   </soapenv:Body>
</soapenv:Envelope>]]></con:request><con:assertion type="SOAP Fault Assertion" id="cdd76326-647d-4c71-ba52-51354ba5ee47" name="Not SOAP Fault"/><con:assertion type="SOAP Response" id="73535f0a-e65f-447a-9733-97f2017c3775" name="SOAP Response"/><con:assertion type="Schema Compliance" id="e340a01a-c980-4982-9e33-aab625c314d1" name="Schema Compliance"><con:configuration/></con:assertion><con:wsaConfig action="http://fidus.brussels/services/invoiceservice/markDocument"/></con:request></con:config></con:testStep><con:properties/></con:testCase><con:testCase id="499b4b1e-60a5-47ff-912f-9cbbf99d452a" failOnError="true" failTestCaseOnErrors="true" keepSession="false" maxResults="0" name="retrieveDocument" searchProperties="true"><con:settings/><con:testStep type="request" id="98486c80-ce52-4b68-80a3-71741f770f70" name="testcase2 - Dev - Request"><con:settings/><con:config xsi:type="con:RequestStep" xmlns:xsi="http://www.w3.org/2001/XMLSchema-instance"><con:interface>InvoiceServiceHTTPBinding</con:interface><con:operation>retrieveDocument</con:operation><con:request name="testcase2 - Dev - Request" id="d7cd086d-81f9-4224-854e-e353dda6d88e" outgoingWss="Outflow DEV"><con:settings/><con:encoding>UTF-8</con:encoding><con:endpoint>https://192.168.36.61:8243/services/InvoiceService_v2.0</con:endpoint><con:request><![CDATA[<soapenv:Envelope xmlns:soapenv="http://schemas.xmlsoap.org/soap/envelope/" xmlns:v2="http://fidus.brussels/service/invoiceservice/messages/v2.0" xmlns:v11="http://fidus.brussels/type/common/messages/v1">
   <soapenv:Header/>
   <soapenv:Body>
      <v2:retrieveDocumentRequest>
         <v2:messageContext>
            <v11:messageId>?</v11:messageId>
         </v2:messageContext>
         <v2:legalContext>ServiceIntegrator</v2:legalContext>
         <v2:request>
            <v12:receiverId xmlns:v12="http://fsb.belgium.be/einvoicing/simpleprior/v1_00">0463152333</v12:receiverId>
            <v12:senderId xmlns:v12="http://fsb.belgium.be/einvoicing/simpleprior/v1_00">0200013901</v12:senderId>
            <v12:documentType xmlns:v12="http://fsb.belgium.be/einvoicing/simpleprior/v1_00">380</v12:documentType>
            <v12:documentId xmlns:v12="http://fsb.belgium.be/einvoicing/simpleprior/v1_00">118120479086FAKDEC-20-5B</v12:documentId>         
         </v2:request>
      </v2:retrieveDocumentRequest>
   </soapenv:Body>
</soapenv:Envelope>]]></con:request><con:assertion type="SOAP Fault Assertion" id="d4aa85f2-2e0f-4a06-be93-3c98e09db0dd" name="Not SOAP Fault"/><con:assertion type="SOAP Response" id="c3c52350-98a8-4a43-a9df-639f64a2d709" name="SOAP Response"/><con:assertion type="Schema Compliance" id="0edfd987-b417-423f-b5a1-522af4a159ce" name="Schema Compliance"><con:configuration/></con:assertion><con:wsaConfig action="http://fidus.brussels/services/invoiceservice/retrieveDocument"/></con:request></con:config></con:testStep><con:properties/></con:testCase><con:testCase id="c77d6981-aaf6-44ee-94e5-47f732c7d4e3" failOnError="true" failTestCaseOnErrors="true" keepSession="false" maxResults="0" name="submitDocument" searchProperties="true"><con:settings/><con:testStep type="request" id="1ead36b8-6786-4a43-827f-5437561469e8" name="testcase2 - Dev - Request"><con:settings/><con:config xsi:type="con:RequestStep" xmlns:xsi="http://www.w3.org/2001/XMLSchema-instance"><con:interface>InvoiceServiceHTTPBinding</con:interface><con:operation>submitDocument</con:operation><con:request name="testcase2 - Dev - Request" id="91ce1e4a-f303-4c49-b3c9-56a15adfcdcd" outgoingWss="Outflow DEV"><con:settings/><con:encoding>UTF-8</con:encoding><con:endpoint>https://192.168.36.61:8243/services/InvoiceService_v2.0</con:endpoint><con:request><![CDATA[<soapenv:Envelope xmlns:soapenv="http://schemas.xmlsoap.org/soap/envelope/" xmlns:v2="http://fidus.brussels/service/invoiceservice/messages/v2.0" xmlns:v1="http://fidus.brussels/service/invoiceservice/messages/v1.2" xmlns:v11="http://fidus.brussels/type/common/messages/v1" xmlns:urn="urn:oasis:names:specification:ubl:schema:xsd:ApplicationResponse-2" xmlns:urn1="urn:oasis:names:specification:ubl:schema:xsd:CommonExtensionComponents-2" xmlns:urn2="urn:oasis:names:specification:ubl:schema:xsd:CommonBasicComponents-2" xmlns:urn3="urn:oasis:names:specification:ubl:schema:xsd:CommonAggregateComponents-2">
   <soapenv:Header/>
   <soapenv:Body>
      <v2:submitDocumentRequest>
         <v2:messageContext>
            <v11:messageId>?</v11:messageId>
         </v2:messageContext>
         <v2:legalContext>ServiceIntegrator</v2:legalContext>
         <v2:request>
            <v12:document xmlns:v12="http://fsb.belgium.be/einvoicing/simpleprior/v1_00">                
            <Invoice xmlns="urn:oasis:names:specification:ubl:schema:xsd:Invoice-2"
                    xmlns:cbc="urn:oasis:names:specification:ubl:schema:xsd:CommonBasicComponents-2"
                    xmlns:cac="urn:oasis:names:specification:ubl:schema:xsd:CommonAggregateComponents-2">
               <cbc:UBLVersionID>2.1</cbc:UBLVersionID>
               <cbc:CustomizationID>urn:www.cenbii.eu:transaction:biitrns010:ver2.0:extended:urn:www.peppol.eu:bis:peppol5a:ver2.0</cbc:CustomizationID>
               <cbc:ProfileID>urn:www.cenbii.eu:profile:bii05:ver2.0</cbc:ProfileID>
               <cbc:ID>118120479086FAKNOV-13-5B</cbc:ID>
               <cbc:IssueDate>2018-06-12</cbc:IssueDate>
               <cbc:InvoiceTypeCode listID="UNCL1001">380</cbc:InvoiceTypeCode>
               <cbc:DocumentCurrencyCode listID="ISO4217">EUR</cbc:DocumentCurrencyCode>
               <cac:AccountingSupplierParty>
                  <cac:Party>
                     <cac:PartyIdentification>
                        <cbc:ID schemeID="BE:CBE">0200013901</cbc:ID>
                     </cac:PartyIdentification>
                     <cac:PartyName>
                        <cbc:Name>ACME</cbc:Name>
                     </cac:PartyName>
                     <cac:PostalAddress>
                        <cbc:StreetName>Simon Bolivarlaan 30/9</cbc:StreetName>
                        <cbc:CityName>BRUSSEL</cbc:CityName>
                        <cbc:PostalZone>1000</cbc:PostalZone>
                        <cac:Country>
                           <cbc:IdentificationCode listID="ISO3166-1:Alpha2">BE</cbc:IdentificationCode>
                        </cac:Country>
                     </cac:PostalAddress>
                     <cac:PartyTaxScheme>
                        <cbc:CompanyID schemeID="BE:VAT">BE0200013901</cbc:CompanyID>
                        <cac:TaxScheme>
                           <cbc:ID>VAT</cbc:ID>
                        </cac:TaxScheme>
                     </cac:PartyTaxScheme>
                     <cac:PartyLegalEntity>
                        <cbc:RegistrationName>D.W. Soft bvba</cbc:RegistrationName>
                        <cbc:CompanyID schemeID="BE:CBE">0200013901</cbc:CompanyID>
                     </cac:PartyLegalEntity>
                     <cac:Contact>
                        <cbc:ElectronicMail>dirk.willekens@dwsoft.be</cbc:ElectronicMail>
                     </cac:Contact>
                  </cac:Party>
               </cac:AccountingSupplierParty>
               <cac:AccountingCustomerParty>
                  <cac:Party>
                     <cac:PartyIdentification>
                        <cbc:ID schemeID="BE:CBE">2222222222</cbc:ID>
                     </cac:PartyIdentification>
                     <cac:PartyName>
                        <cbc:Name>Fake customer</cbc:Name>
                     </cac:PartyName>
                     <cac:PostalAddress>
                        <cbc:StreetName>Simon Bolivarlaan 34</cbc:StreetName>
                        <cbc:CityName>ANTWERPEN</cbc:CityName>
                        <cbc:PostalZone>2000</cbc:PostalZone>
                        <cac:Country>
                           <cbc:IdentificationCode listID="ISO3166-1:Alpha2">BE</cbc:IdentificationCode>
                        </cac:Country>
                     </cac:PostalAddress>
                     <cac:PartyTaxScheme>
                        <cbc:CompanyID schemeID="BE:VAT">BE2222222222</cbc:CompanyID>
                        <cac:TaxScheme>
                           <cbc:ID>VAT</cbc:ID>
                        </cac:TaxScheme>
                     </cac:PartyTaxScheme>
                     <cac:PartyLegalEntity>
                        <cbc:RegistrationName>Fake Customer</cbc:RegistrationName>
                        <cbc:CompanyID schemeID="BE:CBE">2222222222</cbc:CompanyID>
                     </cac:PartyLegalEntity>
                  </cac:Party>
               </cac:AccountingCustomerParty>
               <cac:PaymentMeans>
                  <cbc:PaymentMeansCode listID="UNCL4461">1</cbc:PaymentMeansCode>
                  <cbc:PaymentDueDate>2018-05-31</cbc:PaymentDueDate>
                  <cbc:PaymentChannelCode>IBAN</cbc:PaymentChannelCode>
                  <cbc:InstructionNote>SIMPLE TEST TO FAKE CUSTOMER</cbc:InstructionNote>
                  <cac:PayeeFinancialAccount>
                     <cbc:ID schemeID="IBAN">BE86736009252450</cbc:ID>
                     <cac:FinancialInstitutionBranch>
                        <cac:FinancialInstitution>
                           <cbc:ID schemeID="BIC">KREDBEBB</cbc:ID>
                        </cac:FinancialInstitution>
                     </cac:FinancialInstitutionBranch>
                  </cac:PayeeFinancialAccount>
               </cac:PaymentMeans>
               <cac:TaxTotal>
                  <cbc:TaxAmount currencyID="EUR">21.00</cbc:TaxAmount>
                  <cac:TaxSubtotal>
                     <cbc:TaxableAmount currencyID="EUR">100.00</cbc:TaxableAmount>
                     <cbc:TaxAmount currencyID="EUR">21.00</cbc:TaxAmount>
                     <cac:TaxCategory>
                        <cbc:ID schemeID="UNCL5305">S</cbc:ID>
                        <cbc:Percent>21.00</cbc:Percent>
                        <cac:TaxScheme>
                           <cbc:ID>VAT</cbc:ID>
                        </cac:TaxScheme>
                     </cac:TaxCategory>
                  </cac:TaxSubtotal>
               </cac:TaxTotal>
               <cac:LegalMonetaryTotal>
                  <cbc:LineExtensionAmount currencyID="EUR">100.00</cbc:LineExtensionAmount>
                  <cbc:TaxExclusiveAmount currencyID="EUR">100.00</cbc:TaxExclusiveAmount>
                  <cbc:TaxInclusiveAmount currencyID="EUR">121.00</cbc:TaxInclusiveAmount>
                  <cbc:PayableAmount currencyID="EUR">121.00</cbc:PayableAmount>
               </cac:LegalMonetaryTotal>
               <cac:InvoiceLine>
                  <cbc:ID>1</cbc:ID>
                  <cbc:InvoicedQuantity unitCode="NAR" unitCodeListID="UNECERec20">1.00</cbc:InvoicedQuantity>
                  <cbc:LineExtensionAmount currencyID="EUR">100.00</cbc:LineExtensionAmount>
                  <cac:TaxTotal>
                     <cbc:TaxAmount currencyID="EUR">21.00</cbc:TaxAmount>
                  </cac:TaxTotal>
                  <cac:Item>
                     <cbc:Description>Line1 description - may be long</cbc:Description>
                     <cbc:Name>Line1max50char</cbc:Name>
                     <cac:ClassifiedTaxCategory>
                        <cbc:ID schemeID="UNCL5305">S</cbc:ID>
                        <cbc:Percent>21.00</cbc:Percent>
                        <cac:TaxScheme>
                           <cbc:ID>VAT</cbc:ID>
                        </cac:TaxScheme>
                     </cac:ClassifiedTaxCategory>
                  </cac:Item>
                  <cac:Price>
                     <cbc:PriceAmount currencyID="EUR">100.00</cbc:PriceAmount>
                     <cbc:BaseQuantity>1.00</cbc:BaseQuantity>
                  </cac:Price>
               </cac:InvoiceLine>
            </Invoice>
            </v12:document>
         </v2:request>
      </v2:submitDocumentRequest>
   </soapenv:Body>
</soapenv:Envelope>]]></con:request><con:assertion type="SOAP Fault Assertion" id="980bcf34-986a-460b-b4e1-8d8906703c50" name="Not SOAP Fault"/><con:assertion type="SOAP Response" id="ef4a9eaf-2686-42f1-8e9c-a4f311fe8b2a" name="SOAP Response"/><con:assertion type="Schema Compliance" id="2d13f8e2-381a-4691-ad6d-945c170661eb" name="Schema Compliance"><con:configuration/></con:assertion><con:wsaConfig action="http://fidus.brussels/services/invoiceservice/submitDocument"/></con:request></con:config></con:testStep><con:properties/></con:testCase><con:testCase id="e58d589d-0d1d-4f85-98a2-b095b3abf810" failOnError="true" failTestCaseOnErrors="true" keepSession="false" maxResults="0" name="submitInboxRequest" searchProperties="true"><con:settings/><con:testStep type="request" id="c79ca9dc-3de2-4b21-944a-69407f5d1e12" name="testcase2 - Dev - Request"><con:settings/><con:config xsi:type="con:RequestStep" xmlns:xsi="http://www.w3.org/2001/XMLSchema-instance"><con:interface>InvoiceServiceHTTPBinding</con:interface><con:operation>submitInboxRequest</con:operation><con:request name="testcase2 - Dev - Request" id="3a42ec08-ff12-4888-b9c1-2bcbf3e90800" outgoingWss="Outflow DEV"><con:settings/><con:encoding>UTF-8</con:encoding><con:endpoint>https://192.168.36.61:8243/services/InvoiceService_v2.0</con:endpoint><con:request><![CDATA[<soapenv:Envelope xmlns:soapenv="http://schemas.xmlsoap.org/soap/envelope/" xmlns:v2="http://fidus.brussels/service/invoiceservice/messages/v2.0" xmlns:v11="http://fidus.brussels/type/common/messages/v1">
   <soapenv:Header/>
   <soapenv:Body>
      <v2:submitInboxRequestRequest>
         <v2:messageContext>
            <v11:messageId>?</v11:messageId>
         </v2:messageContext>
         <v2:legalContext>ServiceIntegrator</v2:legalContext>
         <v2:request>
            <v12:receiverId xmlns:v12="http://fsb.belgium.be/einvoicing/simpleprior/v1_00">2222222222</v12:receiverId>
            <v12:senderId xmlns:v12="http://fsb.belgium.be/einvoicing/simpleprior/v1_00">0200013901</v12:senderId>        
         </v2:request>
      </v2:submitInboxRequestRequest>
   </soapenv:Body>
</soapenv:Envelope>]]></con:request><con:assertion type="SOAP Fault Assertion" id="392abf0f-d0f1-462c-80d0-4c3615799709" name="Not SOAP Fault"/><con:assertion type="SOAP Response" id="e29511fb-4d09-4b9a-b045-018b078ed241" name="SOAP Response"/><con:assertion type="Schema Compliance" id="39c987d6-6340-4ebc-aa51-45c6a5796364" name="Schema Compliance"><con:configuration/></con:assertion><con:wsaConfig action="http://fidus.brussels/services/invoiceservice/submitInboxRequest"/></con:request></con:config></con:testStep><con:properties/></con:testCase><con:properties/></con:testSuite><con:testSuite id="35e035a7-2320-451c-a151-9a1f5f279073" name="TEST"><con:settings/><con:runType>SEQUENTIAL</con:runType><con:testCase id="c9432c3f-a2c4-41e0-a6b2-c9640e963553" failOnError="true" failTestCaseOnErrors="true" keepSession="false" maxResults="0" name="markDocument" searchProperties="true"><con:settings/><con:testStep type="request" id="14217728-19a6-45d7-9871-3ee31783ef11" name="testcase3 - Test - External - Request"><con:settings/><con:config xsi:type="con:RequestStep" xmlns:xsi="http://www.w3.org/2001/XMLSchema-instance"><con:interface>InvoiceServiceHTTPBinding</con:interface><con:operation>markDocument</con:operation><con:request name="testcase3 - Test - External - Request" id="7e3f8661-0d59-4234-8ffb-d75bb043e436" outgoingWss="Outflow TEST"><con:settings/><con:encoding>UTF-8</con:encoding><con:endpoint>https://fidus-test.irisnetlab.be/services/InvoiceService_v2.0</con:endpoint><con:request><![CDATA[<soapenv:Envelope xmlns:soapenv="http://schemas.xmlsoap.org/soap/envelope/" xmlns:v2="http://fidus.brussels/service/invoiceservice/messages/v2.0" xmlns:v11="http://fidus.brussels/type/common/messages/v1">
   <soapenv:Header/>
   <soapenv:Body>
      <v2:markDocumentRequest>
         <v2:messageContext>
            <v11:messageId>?</v11:messageId>
         </v2:messageContext>
         <v2:legalContext>ServiceIntegrator</v2:legalContext>
         <v2:request>
            <v12:receiverId xmlns:v12="http://fsb.belgium.be/einvoicing/simpleprior/v1_00">0463152333</v12:receiverId>
            <v12:senderId xmlns:v12="http://fsb.belgium.be/einvoicing/simpleprior/v1_00">0200013901</v12:senderId>
            <v12:documentType xmlns:v12="http://fsb.belgium.be/einvoicing/simpleprior/v1_00">380</v12:documentType>
            <v12:documentId xmlns:v12="http://fsb.belgium.be/einvoicing/simpleprior/v1_00">118120479086FAKDEC-19-5A</v12:documentId>         
         </v2:request>
      </v2:markDocumentRequest>
   </soapenv:Body>
</soapenv:Envelope>]]></con:request><con:assertion type="SOAP Fault Assertion" id="8c5ec1af-4049-4269-b240-1096803f2768" name="Not SOAP Fault"/><con:assertion type="SOAP Response" id="0ac96f97-2667-42df-8cfd-4a203debf5b9" name="SOAP Response"/><con:assertion type="Schema Compliance" id="42ae7db3-9488-425a-97dc-e6f75f5f1352" name="Schema Compliance"><con:configuration/></con:assertion><con:wsaConfig action="http://fidus.brussels/services/invoiceservice/markDocument"/></con:request></con:config></con:testStep><con:testStep type="request" id="af0a6cfd-effb-4ea3-ab9e-f9eb028293f1" name="testcase3 - Test - LB - Request"><con:settings/><con:config xsi:type="con:RequestStep" xmlns:xsi="http://www.w3.org/2001/XMLSchema-instance"><con:interface>InvoiceServiceHTTPBinding</con:interface><con:operation>markDocument</con:operation><con:request name="testcase3 - Test - LB - Request" id="fa626da8-bbb5-4ff5-8737-1bb952c145f1" outgoingWss="Outflow TEST"><con:settings/><con:encoding>UTF-8</con:encoding><con:endpoint>https://esb-security-gw.sta.srv.cirb.lan:8443/services/InvoiceService_v2.0</con:endpoint><con:request><![CDATA[<soapenv:Envelope xmlns:soapenv="http://schemas.xmlsoap.org/soap/envelope/" xmlns:v2="http://fidus.brussels/service/invoiceservice/messages/v2.0" xmlns:v11="http://fidus.brussels/type/common/messages/v1">
   <soapenv:Header/>
   <soapenv:Body>
      <v2:markDocumentRequest>
         <v2:messageContext>
            <v11:messageId>?</v11:messageId>
         </v2:messageContext>
         <v2:legalContext>ServiceIntegrator</v2:legalContext>
         <v2:request>
            <v12:receiverId xmlns:v12="http://fsb.belgium.be/einvoicing/simpleprior/v1_00">2222222222</v12:receiverId>
            <v12:senderId xmlns:v12="http://fsb.belgium.be/einvoicing/simpleprior/v1_00">0200013901</v12:senderId>
            <v12:documentType xmlns:v12="http://fsb.belgium.be/einvoicing/simpleprior/v1_00">380</v12:documentType>
            <v12:documentId xmlns:v12="http://fsb.belgium.be/einvoicing/simpleprior/v1_00">e878b54b-8a82-4bf3-8c8c-37eacdab2589</v12:documentId>         
         </v2:request>
      </v2:markDocumentRequest>
   </soapenv:Body>
</soapenv:Envelope>]]></con:request><con:assertion type="SOAP Fault Assertion" id="5044f9bb-2eb3-46dc-abc6-de30ea591234" name="Not SOAP Fault"/><con:assertion type="SOAP Response" id="35c1c53d-ff75-40c9-b245-318b983631c0" name="SOAP Response"/><con:assertion type="Schema Compliance" id="4376b3aa-edd0-4f95-aaa1-d6aa778a68f6" name="Schema Compliance"><con:configuration/></con:assertion><con:wsaConfig action="http://fidus.brussels/services/invoiceservice/markDocument"/></con:request></con:config></con:testStep><con:testStep type="request" id="ad9356e7-5f74-412a-8f9c-1a8380cde892" name="testcase3 - Test - Worker1 - Request"><con:settings/><con:config xsi:type="con:RequestStep" xmlns:xsi="http://www.w3.org/2001/XMLSchema-instance"><con:interface>InvoiceServiceHTTPBinding</con:interface><con:operation>markDocument</con:operation><con:request name="testcase3 - Test - Worker1 - Request" id="b7c861c2-4204-43c5-851e-7dfbb4a64c61" outgoingWss="Outflow TEST"><con:settings/><con:encoding>UTF-8</con:encoding><con:endpoint>https://192.168.24.45:8443/services/InvoiceService_v2.0</con:endpoint><con:request><![CDATA[<soapenv:Envelope xmlns:soapenv="http://schemas.xmlsoap.org/soap/envelope/" xmlns:v2="http://fidus.brussels/service/invoiceservice/messages/v2.0" xmlns:v11="http://fidus.brussels/type/common/messages/v1">
   <soapenv:Header/>
   <soapenv:Body>
      <v2:markDocumentRequest>
         <v2:messageContext>
            <v11:messageId>?</v11:messageId>
         </v2:messageContext>
         <v2:legalContext>ServiceIntegrator</v2:legalContext>
         <v2:request>
            <v12:receiverId xmlns:v12="http://fsb.belgium.be/einvoicing/simpleprior/v1_00">0316381039</v12:receiverId>
            <v12:senderId xmlns:v12="http://fsb.belgium.be/einvoicing/simpleprior/v1_00">0316381039</v12:senderId>
            <v12:documentType xmlns:v12="http://fsb.belgium.be/einvoicing/simpleprior/v1_00">380</v12:documentType>
            <v12:documentId xmlns:v12="http://fsb.belgium.be/einvoicing/simpleprior/v1_00">GOB003</v12:documentId>         
         </v2:request>
      </v2:markDocumentRequest>
   </soapenv:Body>
</soapenv:Envelope>]]></con:request><con:assertion type="SOAP Fault Assertion" id="807768fa-a22a-4691-bc6e-37af32cd9aac" name="Not SOAP Fault"/><con:assertion type="SOAP Response" id="adedeea6-314f-4149-a575-09999f79fffd" name="SOAP Response"/><con:assertion type="Schema Compliance" id="3e5a5d79-c5bb-4097-879a-9a42d1302e9e" name="Schema Compliance"><con:configuration/></con:assertion><con:wsaConfig action="http://fidus.brussels/services/invoiceservice/markDocument"/></con:request></con:config></con:testStep><con:testStep type="request" id="d4293e0c-9cec-4dc2-8215-556617062a2c" name="testcase3 - Test - Worker2 - Request"><con:settings/><con:config xsi:type="con:RequestStep" xmlns:xsi="http://www.w3.org/2001/XMLSchema-instance"><con:interface>InvoiceServiceHTTPBinding</con:interface><con:operation>markDocument</con:operation><con:request name="testcase3 - Test - Worker2 - Request" id="b5ab9645-d615-4ed2-94f0-6ace1d603f0e" outgoingWss="Outflow TEST"><con:settings/><con:encoding>UTF-8</con:encoding><con:endpoint>https://192.168.24.51:8443/services/InvoiceService_v2.0</con:endpoint><con:request><![CDATA[<soapenv:Envelope xmlns:soapenv="http://schemas.xmlsoap.org/soap/envelope/" xmlns:v2="http://fidus.brussels/service/invoiceservice/messages/v2.0" xmlns:v11="http://fidus.brussels/type/common/messages/v1">
   <soapenv:Header/>
   <soapenv:Body>
      <v2:markDocumentRequest>
         <v2:messageContext>
            <v11:messageId>?</v11:messageId>
         </v2:messageContext>
         <v2:legalContext>ServiceIntegrator</v2:legalContext>
         <v2:request>
            <v12:receiverId xmlns:v12="http://fsb.belgium.be/einvoicing/simpleprior/v1_00">2222222222</v12:receiverId>
            <v12:senderId xmlns:v12="http://fsb.belgium.be/einvoicing/simpleprior/v1_00">0200013901</v12:senderId>
            <v12:documentType xmlns:v12="http://fsb.belgium.be/einvoicing/simpleprior/v1_00">380</v12:documentType>
            <v12:documentId xmlns:v12="http://fsb.belgium.be/einvoicing/simpleprior/v1_00">e878b54b-8a82-4bf3-8c8c-37eacdab2589</v12:documentId>         
         </v2:request>
      </v2:markDocumentRequest>
   </soapenv:Body>
</soapenv:Envelope>]]></con:request><con:assertion type="SOAP Fault Assertion" id="e8019ef5-cd8c-418c-8aa1-3837d248e011" name="Not SOAP Fault"/><con:assertion type="SOAP Response" id="e507bea3-bdbe-4b3d-9d2e-a43193a3d489" name="SOAP Response"/><con:assertion type="Schema Compliance" id="44d1c346-372b-4e06-ac8c-052ed084be34" name="Schema Compliance"><con:configuration/></con:assertion><con:wsaConfig action="http://fidus.brussels/services/invoiceservice/markDocument"/></con:request></con:config></con:testStep><con:properties/></con:testCase><con:testCase id="057dbfa7-f0a6-4b30-b9cb-c2d991a1bd9d" failOnError="true" failTestCaseOnErrors="true" keepSession="false" maxResults="0" name="retrieveDocument" searchProperties="true"><con:settings/><con:testStep type="request" id="24e8a59d-5fa9-4c5d-95f1-bbc3e198958f" name="testcase3 - Test - External - Request"><con:settings/><con:config xsi:type="con:RequestStep" xmlns:xsi="http://www.w3.org/2001/XMLSchema-instance"><con:interface>InvoiceServiceHTTPBinding</con:interface><con:operation>retrieveDocument</con:operation><con:request name="testcase3 - Test - External - Request" id="938bd20b-004d-405a-87f3-2f8c5c6c44c9" outgoingWss="Outflow TEST"><con:settings/><con:encoding>UTF-8</con:encoding><con:endpoint>https://fidus-test.irisnetlab.be/services/InvoiceService_v2.0</con:endpoint><con:request><![CDATA[<soapenv:Envelope xmlns:soapenv="http://schemas.xmlsoap.org/soap/envelope/" xmlns:v2="http://fidus.brussels/service/invoiceservice/messages/v2.0" xmlns:v11="http://fidus.brussels/type/common/messages/v1">
   <soapenv:Header/>
   <soapenv:Body>
      <v2:retrieveDocumentRequest>
         <v2:messageContext>
            <v11:messageId>?</v11:messageId>
         </v2:messageContext>
         <v2:legalContext>ServiceIntegrator</v2:legalContext>
         <v2:request>
            <v12:receiverId xmlns:v12="http://fsb.belgium.be/einvoicing/simpleprior/v1_00">0463152333</v12:receiverId>
            <v12:senderId xmlns:v12="http://fsb.belgium.be/einvoicing/simpleprior/v1_00">0200013901</v12:senderId>
            <v12:documentType xmlns:v12="http://fsb.belgium.be/einvoicing/simpleprior/v1_00">380</v12:documentType>
            <v12:documentId xmlns:v12="http://fsb.belgium.be/einvoicing/simpleprior/v1_00">118120479086FAKDEC-20-5B</v12:documentId>         
         </v2:request>
      </v2:retrieveDocumentRequest>
   </soapenv:Body>
</soapenv:Envelope>]]></con:request><con:assertion type="SOAP Fault Assertion" id="374bdfaa-5182-4c81-b010-f9a090f63157" name="Not SOAP Fault"/><con:assertion type="SOAP Response" id="bf0c581c-0b7b-478a-9d20-978df449bafb" name="SOAP Response"/><con:assertion type="Schema Compliance" id="60a1c491-85d4-475f-a641-adcd37b73c07" name="Schema Compliance"><con:configuration/></con:assertion><con:wsaConfig action="http://fidus.brussels/services/invoiceservice/retrieveDocument"/></con:request></con:config></con:testStep><con:testStep type="request" id="c3592525-427f-4556-99f3-51cceae31ba0" name="testcase3 - Test - LB - Request"><con:settings/><con:config xsi:type="con:RequestStep" xmlns:xsi="http://www.w3.org/2001/XMLSchema-instance"><con:interface>InvoiceServiceHTTPBinding</con:interface><con:operation>retrieveDocument</con:operation><con:request name="testcase3 - Test - LB - Request" id="79cc5fed-efea-4205-b75e-8ed439badab6" outgoingWss="Outflow TEST"><con:settings/><con:encoding>UTF-8</con:encoding><con:endpoint>https://esb-security-gw.sta.srv.cirb.lan:8443/services/InvoiceService_v2.0</con:endpoint><con:request><![CDATA[<soapenv:Envelope xmlns:soapenv="http://schemas.xmlsoap.org/soap/envelope/" xmlns:v2="http://fidus.brussels/service/invoiceservice/messages/v2.0" xmlns:v11="http://fidus.brussels/type/common/messages/v1">
   <soapenv:Header/>
   <soapenv:Body>
      <v2:retrieveDocumentRequest>
         <v2:messageContext>
            <v11:messageId>?</v11:messageId>
         </v2:messageContext>
         <v2:legalContext>ServiceIntegrator</v2:legalContext>
         <v2:request>
            <v12:receiverId xmlns:v12="http://fsb.belgium.be/einvoicing/simpleprior/v1_00">0463152333</v12:receiverId>
            <v12:senderId xmlns:v12="http://fsb.belgium.be/einvoicing/simpleprior/v1_00">0200013901</v12:senderId>
            <v12:documentType xmlns:v12="http://fsb.belgium.be/einvoicing/simpleprior/v1_00">380</v12:documentType>
            <v12:documentId xmlns:v12="http://fsb.belgium.be/einvoicing/simpleprior/v1_00">118120479086FAKDEC-20-5B</v12:documentId>         
         </v2:request>
      </v2:retrieveDocumentRequest>
   </soapenv:Body>
</soapenv:Envelope>]]></con:request><con:assertion type="SOAP Fault Assertion" id="48d8e08d-f951-4e00-b39c-23c588f21a0d" name="Not SOAP Fault"/><con:assertion type="SOAP Response" id="ad2d4841-4dc5-4821-b379-2a4fa3bb178a" name="SOAP Response"/><con:assertion type="Schema Compliance" id="af5a9523-8e6f-4523-8ec9-f55cdf776779" name="Schema Compliance"><con:configuration/></con:assertion><con:wsaConfig action="http://fidus.brussels/services/invoiceservice/retrieveDocument"/></con:request></con:config></con:testStep><con:testStep type="request" id="f41efdbf-c473-4e2e-821d-ec3f7a898cb0" name="testcase3 - Test - Worker1 - Request"><con:settings/><con:config xsi:type="con:RequestStep" xmlns:xsi="http://www.w3.org/2001/XMLSchema-instance"><con:interface>InvoiceServiceHTTPBinding</con:interface><con:operation>retrieveDocument</con:operation><con:request name="testcase3 - Test - Worker1 - Request" id="eb16c3bc-2d6c-4ce2-9182-26cdf20f53b8" outgoingWss="Outflow TEST"><con:settings/><con:encoding>UTF-8</con:encoding><con:endpoint>https://192.168.24.45:8443/services/InvoiceService_v2.0</con:endpoint><con:request><![CDATA[<soapenv:Envelope xmlns:soapenv="http://schemas.xmlsoap.org/soap/envelope/" xmlns:v2="http://fidus.brussels/service/invoiceservice/messages/v2.0" xmlns:v11="http://fidus.brussels/type/common/messages/v1">
   <soapenv:Header/>
   <soapenv:Body>
      <v2:retrieveDocumentRequest>
         <v2:messageContext>
            <v11:messageId>?</v11:messageId>
         </v2:messageContext>
         <v2:legalContext>ServiceIntegrator</v2:legalContext>
         <v2:request>
            <v12:receiverId xmlns:v12="http://fsb.belgium.be/einvoicing/simpleprior/v1_00">0463152333</v12:receiverId>
            <v12:senderId xmlns:v12="http://fsb.belgium.be/einvoicing/simpleprior/v1_00">0200013901</v12:senderId>
            <v12:documentType xmlns:v12="http://fsb.belgium.be/einvoicing/simpleprior/v1_00">380</v12:documentType>
            <v12:documentId xmlns:v12="http://fsb.belgium.be/einvoicing/simpleprior/v1_00">118120479086FAKDEC-20-5B</v12:documentId>         
         </v2:request>
      </v2:retrieveDocumentRequest>
   </soapenv:Body>
</soapenv:Envelope>]]></con:request><con:assertion type="SOAP Fault Assertion" id="7409cf8e-2760-41ae-87cd-6aeadd5a4e4c" name="Not SOAP Fault"/><con:assertion type="SOAP Response" id="1d0d99f4-e57b-4282-8d7b-0d490ddb85b3" name="SOAP Response"/><con:assertion type="Schema Compliance" id="e5e90327-20cd-4940-9718-754fc6e00355" name="Schema Compliance"><con:configuration/></con:assertion><con:wsaConfig action="http://fidus.brussels/services/invoiceservice/retrieveDocument"/></con:request></con:config></con:testStep><con:testStep type="request" id="1fd167b0-f6ee-4f3a-8433-8ae396b65caa" name="testcase3 - Test - Worker2 - Request"><con:settings/><con:config xsi:type="con:RequestStep" xmlns:xsi="http://www.w3.org/2001/XMLSchema-instance"><con:interface>InvoiceServiceHTTPBinding</con:interface><con:operation>retrieveDocument</con:operation><con:request name="testcase3 - Test - Worker2 - Request" id="32301ba3-d1d5-4321-a3dd-ae16d0d3b794" outgoingWss="Outflow TEST"><con:settings/><con:encoding>UTF-8</con:encoding><con:endpoint>https://192.168.24.51:8443/services/InvoiceService_v2.0</con:endpoint><con:request><![CDATA[<soapenv:Envelope xmlns:soapenv="http://schemas.xmlsoap.org/soap/envelope/" xmlns:v2="http://fidus.brussels/service/invoiceservice/messages/v2.0" xmlns:v11="http://fidus.brussels/type/common/messages/v1">
   <soapenv:Header/>
   <soapenv:Body>
      <v2:retrieveDocumentRequest>
         <v2:messageContext>
            <v11:messageId>?</v11:messageId>
         </v2:messageContext>
         <v2:legalContext>ServiceIntegrator</v2:legalContext>
         <v2:request>
            <v12:receiverId xmlns:v12="http://fsb.belgium.be/einvoicing/simpleprior/v1_00">0463152333</v12:receiverId>
            <v12:senderId xmlns:v12="http://fsb.belgium.be/einvoicing/simpleprior/v1_00">0200013901</v12:senderId>
            <v12:documentType xmlns:v12="http://fsb.belgium.be/einvoicing/simpleprior/v1_00">380</v12:documentType>
            <v12:documentId xmlns:v12="http://fsb.belgium.be/einvoicing/simpleprior/v1_00">118120479086FAKDEC-20-5B</v12:documentId>         
         </v2:request>
      </v2:retrieveDocumentRequest>
   </soapenv:Body>
</soapenv:Envelope>]]></con:request><con:assertion type="SOAP Fault Assertion" id="9ee231d6-82d1-44d9-a9eb-b20ce050d327" name="Not SOAP Fault"/><con:assertion type="SOAP Response" id="e60e72f0-a1db-4129-afc1-76084691138d" name="SOAP Response"/><con:assertion type="Schema Compliance" id="c88a33f8-6556-4ce6-99f3-30eec0239734" name="Schema Compliance"><con:configuration/></con:assertion><con:wsaConfig action="http://fidus.brussels/services/invoiceservice/retrieveDocument"/></con:request></con:config></con:testStep><con:properties/></con:testCase><con:testCase id="92013f90-8f94-4c4f-8ff0-a69b3838adc9" failOnError="true" failTestCaseOnErrors="true" keepSession="false" maxResults="0" name="submitDocument" searchProperties="true"><con:settings/><con:testStep type="request" id="d1988bd5-4b7a-490d-8c4b-2c6f1d7b096d" name="testcase3 - Test - External - Request"><con:settings/><con:config xsi:type="con:RequestStep" xmlns:xsi="http://www.w3.org/2001/XMLSchema-instance"><con:interface>InvoiceServiceHTTPBinding</con:interface><con:operation>submitDocument</con:operation><con:request name="testcase3 - Test - External - Request" id="1eccc263-df7b-4238-b011-27a9b6891288" outgoingWss="Outflow TEST"><con:settings/><con:encoding>UTF-8</con:encoding><con:endpoint>https://fidus-test.irisnetlab.be/services/InvoiceService_v2.0</con:endpoint><con:request><![CDATA[<soapenv:Envelope xmlns:soapenv="http://schemas.xmlsoap.org/soap/envelope/" xmlns:v2="http://fidus.brussels/service/invoiceservice/messages/v2.0" xmlns:v1="http://fidus.brussels/service/invoiceservice/messages/v1.2" xmlns:v11="http://fidus.brussels/type/common/messages/v1" xmlns:urn="urn:oasis:names:specification:ubl:schema:xsd:ApplicationResponse-2" xmlns:urn1="urn:oasis:names:specification:ubl:schema:xsd:CommonExtensionComponents-2" xmlns:urn2="urn:oasis:names:specification:ubl:schema:xsd:CommonBasicComponents-2" xmlns:urn3="urn:oasis:names:specification:ubl:schema:xsd:CommonAggregateComponents-2">
   <soapenv:Header/>
   <soapenv:Body>
      <v2:submitDocumentRequest>
         <v2:messageContext>
            <v11:messageId>${=import static java.util.UUID.randomUUID; uuid = randomUUID() as String}</v11:messageId>
            <v11:timestamp>${=new java.text.SimpleDateFormat("yyyy-MM-dd'T'HH:mm:ss.SSS").format(new Date())}</v11:timestamp>
         </v2:messageContext>
         <v2:legalContext>ServiceIntegrator</v2:legalContext>
         <v2:request>
            <v12:document xmlns:v12="http://fsb.belgium.be/einvoicing/simpleprior/v1_00">                
            <Invoice xmlns="urn:oasis:names:specification:ubl:schema:xsd:Invoice-2"
                    xmlns:cbc="urn:oasis:names:specification:ubl:schema:xsd:CommonBasicComponents-2"
                    xmlns:cac="urn:oasis:names:specification:ubl:schema:xsd:CommonAggregateComponents-2">
               <cbc:UBLVersionID>2.1</cbc:UBLVersionID>
               <cbc:CustomizationID>urn:www.cenbii.eu:transaction:biitrns010:ver2.0:extended:urn:www.peppol.eu:bis:peppol5a:ver2.0</cbc:CustomizationID>
               <cbc:ProfileID>urn:www.cenbii.eu:profile:bii05:ver2.0</cbc:ProfileID>
               <cbc:ID>118120479086FAKDEC-20-5B</cbc:ID>
               <cbc:IssueDate>2018-06-12</cbc:IssueDate>
               <cbc:InvoiceTypeCode listID="UNCL1001">380</cbc:InvoiceTypeCode>
               <cbc:DocumentCurrencyCode listID="ISO4217">EUR</cbc:DocumentCurrencyCode>
               <cac:AccountingSupplierParty>
                  <cac:Party>
                     <cac:PartyIdentification>
                        <cbc:ID schemeID="BE:CBE">0200013901</cbc:ID>
                     </cac:PartyIdentification>
                     <cac:PartyName>
                        <cbc:Name>ACME</cbc:Name>
                     </cac:PartyName>
                     <cac:PostalAddress>
                        <cbc:StreetName>Simon Bolivarlaan 30/9</cbc:StreetName>
                        <cbc:CityName>BRUSSEL</cbc:CityName>
                        <cbc:PostalZone>1000</cbc:PostalZone>
                        <cac:Country>
                           <cbc:IdentificationCode listID="ISO3166-1:Alpha2">BE</cbc:IdentificationCode>
                        </cac:Country>
                     </cac:PostalAddress>
                     <cac:PartyTaxScheme>
                        <cbc:CompanyID schemeID="BE:VAT">BE0200013901</cbc:CompanyID>
                        <cac:TaxScheme>
                           <cbc:ID>VAT</cbc:ID>
                        </cac:TaxScheme>
                     </cac:PartyTaxScheme>
                     <cac:PartyLegalEntity>
                        <cbc:RegistrationName>D.W. Soft bvba</cbc:RegistrationName>
                        <cbc:CompanyID schemeID="BE:CBE">0200013901</cbc:CompanyID>
                     </cac:PartyLegalEntity>
                     <cac:Contact>
                        <cbc:ElectronicMail>ebarbieux@cirb.brussels</cbc:ElectronicMail>
                     </cac:Contact>
                  </cac:Party>
               </cac:AccountingSupplierParty>
               <cac:AccountingCustomerParty>
                  <cac:Party>
                     <cac:PartyIdentification>
                        <cbc:ID schemeID="BE:CBE">0463152333</cbc:ID>
                     </cac:PartyIdentification>
                     <cac:PartyName>
                        <cbc:Name>Fake customer</cbc:Name>
                     </cac:PartyName>
                     <cac:PostalAddress>
                        <cbc:StreetName>Simon Bolivarlaan 34</cbc:StreetName>
                        <cbc:CityName>ANTWERPEN</cbc:CityName>
                        <cbc:PostalZone>2000</cbc:PostalZone>
                        <cac:Country>
                           <cbc:IdentificationCode listID="ISO3166-1:Alpha2">BE</cbc:IdentificationCode>
                        </cac:Country>
                     </cac:PostalAddress>
                     <cac:PartyTaxScheme>
                        <cbc:CompanyID schemeID="BE:VAT">BE0463152333</cbc:CompanyID>
                        <cac:TaxScheme>
                           <cbc:ID>VAT</cbc:ID>
                        </cac:TaxScheme>
                     </cac:PartyTaxScheme>
                     <cac:PartyLegalEntity>
                        <cbc:RegistrationName>Fake Customer</cbc:RegistrationName>
                        <cbc:CompanyID schemeID="BE:CBE">0463152333</cbc:CompanyID>
                     </cac:PartyLegalEntity>
                  </cac:Party>
               </cac:AccountingCustomerParty>
               <cac:PaymentMeans>
                  <cbc:PaymentMeansCode listID="UNCL4461">1</cbc:PaymentMeansCode>
                  <cbc:PaymentDueDate>2018-05-31</cbc:PaymentDueDate>
                  <cbc:PaymentChannelCode>IBAN</cbc:PaymentChannelCode>
                  <cbc:InstructionNote>SIMPLE TEST TO FAKE CUSTOMER</cbc:InstructionNote>
                  <cac:PayeeFinancialAccount>
                     <cbc:ID schemeID="IBAN">BE86736009252450</cbc:ID>
                     <cac:FinancialInstitutionBranch>
                        <cac:FinancialInstitution>
                           <cbc:ID schemeID="BIC">KREDBEBB</cbc:ID>
                        </cac:FinancialInstitution>
                     </cac:FinancialInstitutionBranch>
                  </cac:PayeeFinancialAccount>
               </cac:PaymentMeans>
               <cac:TaxTotal>
                  <cbc:TaxAmount currencyID="EUR">21.00</cbc:TaxAmount>
                  <cac:TaxSubtotal>
                     <cbc:TaxableAmount currencyID="EUR">100.00</cbc:TaxableAmount>
                     <cbc:TaxAmount currencyID="EUR">21.00</cbc:TaxAmount>
                     <cac:TaxCategory>
                        <cbc:ID schemeID="UNCL5305">S</cbc:ID>
                        <cbc:Percent>21.00</cbc:Percent>
                        <cac:TaxScheme>
                           <cbc:ID>VAT</cbc:ID>
                        </cac:TaxScheme>
                     </cac:TaxCategory>
                  </cac:TaxSubtotal>
               </cac:TaxTotal>
               <cac:LegalMonetaryTotal>
                  <cbc:LineExtensionAmount currencyID="EUR">100.00</cbc:LineExtensionAmount>
                  <cbc:TaxExclusiveAmount currencyID="EUR">100.00</cbc:TaxExclusiveAmount>
                  <cbc:TaxInclusiveAmount currencyID="EUR">121.00</cbc:TaxInclusiveAmount>
                  <cbc:PayableAmount currencyID="EUR">121.00</cbc:PayableAmount>
               </cac:LegalMonetaryTotal>
               <cac:InvoiceLine>
                  <cbc:ID>1</cbc:ID>
                  <cbc:InvoicedQuantity unitCode="NAR" unitCodeListID="UNECERec20">1.00</cbc:InvoicedQuantity>
                  <cbc:LineExtensionAmount currencyID="EUR">100.00</cbc:LineExtensionAmount>
                  <cac:TaxTotal>
                     <cbc:TaxAmount currencyID="EUR">21.00</cbc:TaxAmount>
                  </cac:TaxTotal>
                  <cac:Item>
                     <cbc:Description>Line1 description - may be long</cbc:Description>
                     <cbc:Name>Line1max50char</cbc:Name>
                     <cac:ClassifiedTaxCategory>
                        <cbc:ID schemeID="UNCL5305">S</cbc:ID>
                        <cbc:Percent>21.00</cbc:Percent>
                        <cac:TaxScheme>
                           <cbc:ID>VAT</cbc:ID>
                        </cac:TaxScheme>
                     </cac:ClassifiedTaxCategory>
                  </cac:Item>
                  <cac:Price>
                     <cbc:PriceAmount currencyID="EUR">100.00</cbc:PriceAmount>
                     <cbc:BaseQuantity>1.00</cbc:BaseQuantity>
                  </cac:Price>
               </cac:InvoiceLine>
            </Invoice>
            </v12:document>
         </v2:request>
      </v2:submitDocumentRequest>
   </soapenv:Body>
</soapenv:Envelope>]]></con:request><con:assertion type="SOAP Fault Assertion" id="45d8eb71-216b-4adc-b128-2aef2f617cad" name="Not SOAP Fault"/><con:assertion type="SOAP Response" id="b740ea89-420c-4fff-9105-95b065d5c213" name="SOAP Response"/><con:assertion type="Schema Compliance" id="ba83fae4-c946-4a9f-a78a-959343837b1c" name="Schema Compliance"><con:configuration/></con:assertion><con:wsaConfig action="http://fidus.brussels/services/invoiceservice/submitDocument"/></con:request></con:config></con:testStep><con:testStep type="request" id="0ec7d45b-bab9-4999-bd58-2491b431156d" name="testcase3 - Test - LB - Request"><con:settings/><con:config xsi:type="con:RequestStep" xmlns:xsi="http://www.w3.org/2001/XMLSchema-instance"><con:interface>InvoiceServiceHTTPBinding</con:interface><con:operation>submitDocument</con:operation><con:request name="testcase3 - Test - LB - Request" id="3ab94f75-e41b-480b-b8ed-76cb2148cf61" outgoingWss="Outflow TEST"><con:settings/><con:encoding>UTF-8</con:encoding><con:endpoint>https://esb-security-gw.sta.srv.cirb.lan:8443/services/InvoiceService_v2.0</con:endpoint><con:request><![CDATA[<soapenv:Envelope xmlns:soapenv="http://schemas.xmlsoap.org/soap/envelope/" xmlns:v2="http://fidus.brussels/service/invoiceservice/messages/v2.0" xmlns:v1="http://fidus.brussels/service/invoiceservice/messages/v1.2" xmlns:v11="http://fidus.brussels/type/common/messages/v1" xmlns:urn="urn:oasis:names:specification:ubl:schema:xsd:ApplicationResponse-2" xmlns:urn1="urn:oasis:names:specification:ubl:schema:xsd:CommonExtensionComponents-2" xmlns:urn2="urn:oasis:names:specification:ubl:schema:xsd:CommonBasicComponents-2" xmlns:urn3="urn:oasis:names:specification:ubl:schema:xsd:CommonAggregateComponents-2">
   <soapenv:Header/>
   <soapenv:Body>
      <v2:submitDocumentRequest>
         <v2:messageContext>
            <v11:messageId>?</v11:messageId>
         </v2:messageContext>
         <v2:legalContext>ServiceIntegrator</v2:legalContext>
         <v2:request>
            <v12:document xmlns:v12="http://fsb.belgium.be/einvoicing/simpleprior/v1_00">                
            <Invoice xmlns="urn:oasis:names:specification:ubl:schema:xsd:Invoice-2"
                    xmlns:cbc="urn:oasis:names:specification:ubl:schema:xsd:CommonBasicComponents-2"
                    xmlns:cac="urn:oasis:names:specification:ubl:schema:xsd:CommonAggregateComponents-2">
               <cbc:UBLVersionID>2.1</cbc:UBLVersionID>
               <cbc:CustomizationID>urn:www.cenbii.eu:transaction:biitrns010:ver2.0:extended:urn:www.peppol.eu:bis:peppol5a:ver2.0</cbc:CustomizationID>
               <cbc:ProfileID>urn:www.cenbii.eu:profile:bii05:ver2.0</cbc:ProfileID>
               <cbc:ID>118120479086FAKNOV-13-5B</cbc:ID>
               <cbc:IssueDate>2018-06-12</cbc:IssueDate>
               <cbc:InvoiceTypeCode listID="UNCL1001">380</cbc:InvoiceTypeCode>
               <cbc:DocumentCurrencyCode listID="ISO4217">EUR</cbc:DocumentCurrencyCode>
               <cac:AccountingSupplierParty>
                  <cac:Party>
                     <cac:PartyIdentification>
                        <cbc:ID schemeID="BE:CBE">0200013901</cbc:ID>
                     </cac:PartyIdentification>
                     <cac:PartyName>
                        <cbc:Name>ACME</cbc:Name>
                     </cac:PartyName>
                     <cac:PostalAddress>
                        <cbc:StreetName>Simon Bolivarlaan 30/9</cbc:StreetName>
                        <cbc:CityName>BRUSSEL</cbc:CityName>
                        <cbc:PostalZone>1000</cbc:PostalZone>
                        <cac:Country>
                           <cbc:IdentificationCode listID="ISO3166-1:Alpha2">BE</cbc:IdentificationCode>
                        </cac:Country>
                     </cac:PostalAddress>
                     <cac:PartyTaxScheme>
                        <cbc:CompanyID schemeID="BE:VAT">BE0200013901</cbc:CompanyID>
                        <cac:TaxScheme>
                           <cbc:ID>VAT</cbc:ID>
                        </cac:TaxScheme>
                     </cac:PartyTaxScheme>
                     <cac:PartyLegalEntity>
                        <cbc:RegistrationName>D.W. Soft bvba</cbc:RegistrationName>
                        <cbc:CompanyID schemeID="BE:CBE">0200013901</cbc:CompanyID>
                     </cac:PartyLegalEntity>
                     <cac:Contact>
                        <cbc:ElectronicMail>dirk.willekens@dwsoft.be</cbc:ElectronicMail>
                     </cac:Contact>
                  </cac:Party>
               </cac:AccountingSupplierParty>
               <cac:AccountingCustomerParty>
                  <cac:Party>
                     <cac:PartyIdentification>
                        <cbc:ID schemeID="BE:CBE">2222222222</cbc:ID>
                     </cac:PartyIdentification>
                     <cac:PartyName>
                        <cbc:Name>Fake customer</cbc:Name>
                     </cac:PartyName>
                     <cac:PostalAddress>
                        <cbc:StreetName>Simon Bolivarlaan 34</cbc:StreetName>
                        <cbc:CityName>ANTWERPEN</cbc:CityName>
                        <cbc:PostalZone>2000</cbc:PostalZone>
                        <cac:Country>
                           <cbc:IdentificationCode listID="ISO3166-1:Alpha2">BE</cbc:IdentificationCode>
                        </cac:Country>
                     </cac:PostalAddress>
                     <cac:PartyTaxScheme>
                        <cbc:CompanyID schemeID="BE:VAT">BE2222222222</cbc:CompanyID>
                        <cac:TaxScheme>
                           <cbc:ID>VAT</cbc:ID>
                        </cac:TaxScheme>
                     </cac:PartyTaxScheme>
                     <cac:PartyLegalEntity>
                        <cbc:RegistrationName>Fake Customer</cbc:RegistrationName>
                        <cbc:CompanyID schemeID="BE:CBE">2222222222</cbc:CompanyID>
                     </cac:PartyLegalEntity>
                  </cac:Party>
               </cac:AccountingCustomerParty>
               <cac:PaymentMeans>
                  <cbc:PaymentMeansCode listID="UNCL4461">1</cbc:PaymentMeansCode>
                  <cbc:PaymentDueDate>2018-05-31</cbc:PaymentDueDate>
                  <cbc:PaymentChannelCode>IBAN</cbc:PaymentChannelCode>
                  <cbc:InstructionNote>SIMPLE TEST TO FAKE CUSTOMER</cbc:InstructionNote>
                  <cac:PayeeFinancialAccount>
                     <cbc:ID schemeID="IBAN">BE86736009252450</cbc:ID>
                     <cac:FinancialInstitutionBranch>
                        <cac:FinancialInstitution>
                           <cbc:ID schemeID="BIC">KREDBEBB</cbc:ID>
                        </cac:FinancialInstitution>
                     </cac:FinancialInstitutionBranch>
                  </cac:PayeeFinancialAccount>
               </cac:PaymentMeans>
               <cac:TaxTotal>
                  <cbc:TaxAmount currencyID="EUR">21.00</cbc:TaxAmount>
                  <cac:TaxSubtotal>
                     <cbc:TaxableAmount currencyID="EUR">100.00</cbc:TaxableAmount>
                     <cbc:TaxAmount currencyID="EUR">21.00</cbc:TaxAmount>
                     <cac:TaxCategory>
                        <cbc:ID schemeID="UNCL5305">S</cbc:ID>
                        <cbc:Percent>21.00</cbc:Percent>
                        <cac:TaxScheme>
                           <cbc:ID>VAT</cbc:ID>
                        </cac:TaxScheme>
                     </cac:TaxCategory>
                  </cac:TaxSubtotal>
               </cac:TaxTotal>
               <cac:LegalMonetaryTotal>
                  <cbc:LineExtensionAmount currencyID="EUR">100.00</cbc:LineExtensionAmount>
                  <cbc:TaxExclusiveAmount currencyID="EUR">100.00</cbc:TaxExclusiveAmount>
                  <cbc:TaxInclusiveAmount currencyID="EUR">121.00</cbc:TaxInclusiveAmount>
                  <cbc:PayableAmount currencyID="EUR">121.00</cbc:PayableAmount>
               </cac:LegalMonetaryTotal>
               <cac:InvoiceLine>
                  <cbc:ID>1</cbc:ID>
                  <cbc:InvoicedQuantity unitCode="NAR" unitCodeListID="UNECERec20">1.00</cbc:InvoicedQuantity>
                  <cbc:LineExtensionAmount currencyID="EUR">100.00</cbc:LineExtensionAmount>
                  <cac:TaxTotal>
                     <cbc:TaxAmount currencyID="EUR">21.00</cbc:TaxAmount>
                  </cac:TaxTotal>
                  <cac:Item>
                     <cbc:Description>Line1 description - may be long</cbc:Description>
                     <cbc:Name>Line1max50char</cbc:Name>
                     <cac:ClassifiedTaxCategory>
                        <cbc:ID schemeID="UNCL5305">S</cbc:ID>
                        <cbc:Percent>21.00</cbc:Percent>
                        <cac:TaxScheme>
                           <cbc:ID>VAT</cbc:ID>
                        </cac:TaxScheme>
                     </cac:ClassifiedTaxCategory>
                  </cac:Item>
                  <cac:Price>
                     <cbc:PriceAmount currencyID="EUR">100.00</cbc:PriceAmount>
                     <cbc:BaseQuantity>1.00</cbc:BaseQuantity>
                  </cac:Price>
               </cac:InvoiceLine>
            </Invoice>
            </v12:document>
         </v2:request>
      </v2:submitDocumentRequest>
   </soapenv:Body>
</soapenv:Envelope>]]></con:request><con:assertion type="SOAP Fault Assertion" id="c1b9102a-ef6d-4324-9c62-052accfbbc35" name="Not SOAP Fault"/><con:assertion type="SOAP Response" id="4687c0ae-9468-489d-9632-471cd25ff2ba" name="SOAP Response"/><con:assertion type="Schema Compliance" id="5a1db92a-0bb2-40df-b75b-86ce03d4f15b" name="Schema Compliance"><con:configuration/></con:assertion><con:wsaConfig action="http://fidus.brussels/services/invoiceservice/submitDocument"/></con:request></con:config></con:testStep><con:testStep type="request" id="9269dd53-dec3-413a-a654-44d2c600480f" name="testcase3 - Test - Worker1 - Request"><con:settings/><con:config xsi:type="con:RequestStep" xmlns:xsi="http://www.w3.org/2001/XMLSchema-instance"><con:interface>InvoiceServiceHTTPBinding</con:interface><con:operation>submitDocument</con:operation><con:request name="testcase3 - Test - Worker1 - Request" id="746000f0-6e69-4730-aef8-98a2535cdc3e" outgoingWss="Outflow TEST"><con:settings/><con:encoding>UTF-8</con:encoding><con:endpoint>https://192.168.24.45:8443/services/InvoiceService_v2.0</con:endpoint><con:request><![CDATA[<soapenv:Envelope xmlns:soapenv="http://schemas.xmlsoap.org/soap/envelope/" xmlns:v2="http://fidus.brussels/service/invoiceservice/messages/v2.0" xmlns:v1="http://fidus.brussels/service/invoiceservice/messages/v1.2" xmlns:v11="http://fidus.brussels/type/common/messages/v1" xmlns:urn="urn:oasis:names:specification:ubl:schema:xsd:ApplicationResponse-2" xmlns:urn1="urn:oasis:names:specification:ubl:schema:xsd:CommonExtensionComponents-2" xmlns:urn2="urn:oasis:names:specification:ubl:schema:xsd:CommonBasicComponents-2" xmlns:urn3="urn:oasis:names:specification:ubl:schema:xsd:CommonAggregateComponents-2">
   <soapenv:Header/>
   <soapenv:Body>
      <v2:submitDocumentRequest>
         <v2:messageContext>
            <v11:messageId>?</v11:messageId>
         </v2:messageContext>
         <v2:legalContext>ServiceIntegrator</v2:legalContext>
         <v2:request>
            <v12:document xmlns:v12="http://fsb.belgium.be/einvoicing/simpleprior/v1_00">                
            <Invoice xmlns="urn:oasis:names:specification:ubl:schema:xsd:Invoice-2"
                    xmlns:cbc="urn:oasis:names:specification:ubl:schema:xsd:CommonBasicComponents-2"
                    xmlns:cac="urn:oasis:names:specification:ubl:schema:xsd:CommonAggregateComponents-2">
               <cbc:UBLVersionID>2.1</cbc:UBLVersionID>
               <cbc:CustomizationID>urn:www.cenbii.eu:transaction:biitrns010:ver2.0:extended:urn:www.peppol.eu:bis:peppol5a:ver2.0</cbc:CustomizationID>
               <cbc:ProfileID>urn:www.cenbii.eu:profile:bii05:ver2.0</cbc:ProfileID>
               <cbc:ID>118120479086FAKNOV-13-5B</cbc:ID>
               <cbc:IssueDate>2018-06-12</cbc:IssueDate>
               <cbc:InvoiceTypeCode listID="UNCL1001">380</cbc:InvoiceTypeCode>
               <cbc:DocumentCurrencyCode listID="ISO4217">EUR</cbc:DocumentCurrencyCode>
               <cac:AccountingSupplierParty>
                  <cac:Party>
                     <cac:PartyIdentification>
                        <cbc:ID schemeID="BE:CBE">0200013901</cbc:ID>
                     </cac:PartyIdentification>
                     <cac:PartyName>
                        <cbc:Name>ACME</cbc:Name>
                     </cac:PartyName>
                     <cac:PostalAddress>
                        <cbc:StreetName>Simon Bolivarlaan 30/9</cbc:StreetName>
                        <cbc:CityName>BRUSSEL</cbc:CityName>
                        <cbc:PostalZone>1000</cbc:PostalZone>
                        <cac:Country>
                           <cbc:IdentificationCode listID="ISO3166-1:Alpha2">BE</cbc:IdentificationCode>
                        </cac:Country>
                     </cac:PostalAddress>
                     <cac:PartyTaxScheme>
                        <cbc:CompanyID schemeID="BE:VAT">BE0200013901</cbc:CompanyID>
                        <cac:TaxScheme>
                           <cbc:ID>VAT</cbc:ID>
                        </cac:TaxScheme>
                     </cac:PartyTaxScheme>
                     <cac:PartyLegalEntity>
                        <cbc:RegistrationName>D.W. Soft bvba</cbc:RegistrationName>
                        <cbc:CompanyID schemeID="BE:CBE">0200013901</cbc:CompanyID>
                     </cac:PartyLegalEntity>
                     <cac:Contact>
                        <cbc:ElectronicMail>dirk.willekens@dwsoft.be</cbc:ElectronicMail>
                     </cac:Contact>
                  </cac:Party>
               </cac:AccountingSupplierParty>
               <cac:AccountingCustomerParty>
                  <cac:Party>
                     <cac:PartyIdentification>
                        <cbc:ID schemeID="BE:CBE">2222222222</cbc:ID>
                     </cac:PartyIdentification>
                     <cac:PartyName>
                        <cbc:Name>Fake customer</cbc:Name>
                     </cac:PartyName>
                     <cac:PostalAddress>
                        <cbc:StreetName>Simon Bolivarlaan 34</cbc:StreetName>
                        <cbc:CityName>ANTWERPEN</cbc:CityName>
                        <cbc:PostalZone>2000</cbc:PostalZone>
                        <cac:Country>
                           <cbc:IdentificationCode listID="ISO3166-1:Alpha2">BE</cbc:IdentificationCode>
                        </cac:Country>
                     </cac:PostalAddress>
                     <cac:PartyTaxScheme>
                        <cbc:CompanyID schemeID="BE:VAT">BE2222222222</cbc:CompanyID>
                        <cac:TaxScheme>
                           <cbc:ID>VAT</cbc:ID>
                        </cac:TaxScheme>
                     </cac:PartyTaxScheme>
                     <cac:PartyLegalEntity>
                        <cbc:RegistrationName>Fake Customer</cbc:RegistrationName>
                        <cbc:CompanyID schemeID="BE:CBE">2222222222</cbc:CompanyID>
                     </cac:PartyLegalEntity>
                  </cac:Party>
               </cac:AccountingCustomerParty>
               <cac:PaymentMeans>
                  <cbc:PaymentMeansCode listID="UNCL4461">1</cbc:PaymentMeansCode>
                  <cbc:PaymentDueDate>2018-05-31</cbc:PaymentDueDate>
                  <cbc:PaymentChannelCode>IBAN</cbc:PaymentChannelCode>
                  <cbc:InstructionNote>SIMPLE TEST TO FAKE CUSTOMER</cbc:InstructionNote>
                  <cac:PayeeFinancialAccount>
                     <cbc:ID schemeID="IBAN">BE86736009252450</cbc:ID>
                     <cac:FinancialInstitutionBranch>
                        <cac:FinancialInstitution>
                           <cbc:ID schemeID="BIC">KREDBEBB</cbc:ID>
                        </cac:FinancialInstitution>
                     </cac:FinancialInstitutionBranch>
                  </cac:PayeeFinancialAccount>
               </cac:PaymentMeans>
               <cac:TaxTotal>
                  <cbc:TaxAmount currencyID="EUR">21.00</cbc:TaxAmount>
                  <cac:TaxSubtotal>
                     <cbc:TaxableAmount currencyID="EUR">100.00</cbc:TaxableAmount>
                     <cbc:TaxAmount currencyID="EUR">21.00</cbc:TaxAmount>
                     <cac:TaxCategory>
                        <cbc:ID schemeID="UNCL5305">S</cbc:ID>
                        <cbc:Percent>21.00</cbc:Percent>
                        <cac:TaxScheme>
                           <cbc:ID>VAT</cbc:ID>
                        </cac:TaxScheme>
                     </cac:TaxCategory>
                  </cac:TaxSubtotal>
               </cac:TaxTotal>
               <cac:LegalMonetaryTotal>
                  <cbc:LineExtensionAmount currencyID="EUR">100.00</cbc:LineExtensionAmount>
                  <cbc:TaxExclusiveAmount currencyID="EUR">100.00</cbc:TaxExclusiveAmount>
                  <cbc:TaxInclusiveAmount currencyID="EUR">121.00</cbc:TaxInclusiveAmount>
                  <cbc:PayableAmount currencyID="EUR">121.00</cbc:PayableAmount>
               </cac:LegalMonetaryTotal>
               <cac:InvoiceLine>
                  <cbc:ID>1</cbc:ID>
                  <cbc:InvoicedQuantity unitCode="NAR" unitCodeListID="UNECERec20">1.00</cbc:InvoicedQuantity>
                  <cbc:LineExtensionAmount currencyID="EUR">100.00</cbc:LineExtensionAmount>
                  <cac:TaxTotal>
                     <cbc:TaxAmount currencyID="EUR">21.00</cbc:TaxAmount>
                  </cac:TaxTotal>
                  <cac:Item>
                     <cbc:Description>Line1 description - may be long</cbc:Description>
                     <cbc:Name>Line1max50char</cbc:Name>
                     <cac:ClassifiedTaxCategory>
                        <cbc:ID schemeID="UNCL5305">S</cbc:ID>
                        <cbc:Percent>21.00</cbc:Percent>
                        <cac:TaxScheme>
                           <cbc:ID>VAT</cbc:ID>
                        </cac:TaxScheme>
                     </cac:ClassifiedTaxCategory>
                  </cac:Item>
                  <cac:Price>
                     <cbc:PriceAmount currencyID="EUR">100.00</cbc:PriceAmount>
                     <cbc:BaseQuantity>1.00</cbc:BaseQuantity>
                  </cac:Price>
               </cac:InvoiceLine>
            </Invoice>
            </v12:document>
         </v2:request>
      </v2:submitDocumentRequest>
   </soapenv:Body>
</soapenv:Envelope>]]></con:request><con:assertion type="SOAP Fault Assertion" id="155f6a3b-1654-4e24-b5eb-8389d207f2bd" name="Not SOAP Fault"/><con:assertion type="SOAP Response" id="6d313675-2a36-471a-9cc4-150f0b0afbab" name="SOAP Response"/><con:assertion type="Schema Compliance" id="ac390a0e-c033-4846-99cc-c27c5e025ddb" name="Schema Compliance"><con:configuration/></con:assertion><con:wsaConfig action="http://fidus.brussels/services/invoiceservice/submitDocument"/></con:request></con:config></con:testStep><con:testStep type="request" id="7fbfe28c-9e9d-4815-86d7-79919e1480e2" name="testcase3 - Test - Worker2 - Request"><con:settings/><con:config xsi:type="con:RequestStep" xmlns:xsi="http://www.w3.org/2001/XMLSchema-instance"><con:interface>InvoiceServiceHTTPBinding</con:interface><con:operation>submitDocument</con:operation><con:request name="testcase3 - Test - Worker2 - Request" id="d4e90169-9a2b-4b23-8ea0-2e1ce2666dd2" outgoingWss="Outflow TEST"><con:settings/><con:encoding>UTF-8</con:encoding><con:endpoint>https://192.168.24.51:8443/services/InvoiceService_v2.0</con:endpoint><con:request><![CDATA[<soapenv:Envelope xmlns:soapenv="http://schemas.xmlsoap.org/soap/envelope/" xmlns:v2="http://fidus.brussels/service/invoiceservice/messages/v2.0" xmlns:v1="http://fidus.brussels/service/invoiceservice/messages/v1.2" xmlns:v11="http://fidus.brussels/type/common/messages/v1" xmlns:urn="urn:oasis:names:specification:ubl:schema:xsd:ApplicationResponse-2" xmlns:urn1="urn:oasis:names:specification:ubl:schema:xsd:CommonExtensionComponents-2" xmlns:urn2="urn:oasis:names:specification:ubl:schema:xsd:CommonBasicComponents-2" xmlns:urn3="urn:oasis:names:specification:ubl:schema:xsd:CommonAggregateComponents-2">
   <soapenv:Header/>
   <soapenv:Body>
      <v2:submitDocumentRequest>
         <v2:messageContext>
            <v11:messageId>?</v11:messageId>
         </v2:messageContext>
         <v2:legalContext>ServiceIntegrator</v2:legalContext>
         <v2:request>
            <v12:document xmlns:v12="http://fsb.belgium.be/einvoicing/simpleprior/v1_00">                
            <Invoice xmlns="urn:oasis:names:specification:ubl:schema:xsd:Invoice-2"
                    xmlns:cbc="urn:oasis:names:specification:ubl:schema:xsd:CommonBasicComponents-2"
                    xmlns:cac="urn:oasis:names:specification:ubl:schema:xsd:CommonAggregateComponents-2">
               <cbc:UBLVersionID>2.1</cbc:UBLVersionID>
               <cbc:CustomizationID>urn:www.cenbii.eu:transaction:biitrns010:ver2.0:extended:urn:www.peppol.eu:bis:peppol5a:ver2.0</cbc:CustomizationID>
               <cbc:ProfileID>urn:www.cenbii.eu:profile:bii05:ver2.0</cbc:ProfileID>
               <cbc:ID>118120479086FAKNOV-13-5B</cbc:ID>
               <cbc:IssueDate>2018-06-12</cbc:IssueDate>
               <cbc:InvoiceTypeCode listID="UNCL1001">380</cbc:InvoiceTypeCode>
               <cbc:DocumentCurrencyCode listID="ISO4217">EUR</cbc:DocumentCurrencyCode>
               <cac:AccountingSupplierParty>
                  <cac:Party>
                     <cac:PartyIdentification>
                        <cbc:ID schemeID="BE:CBE">0200013901</cbc:ID>
                     </cac:PartyIdentification>
                     <cac:PartyName>
                        <cbc:Name>ACME</cbc:Name>
                     </cac:PartyName>
                     <cac:PostalAddress>
                        <cbc:StreetName>Simon Bolivarlaan 30/9</cbc:StreetName>
                        <cbc:CityName>BRUSSEL</cbc:CityName>
                        <cbc:PostalZone>1000</cbc:PostalZone>
                        <cac:Country>
                           <cbc:IdentificationCode listID="ISO3166-1:Alpha2">BE</cbc:IdentificationCode>
                        </cac:Country>
                     </cac:PostalAddress>
                     <cac:PartyTaxScheme>
                        <cbc:CompanyID schemeID="BE:VAT">BE0200013901</cbc:CompanyID>
                        <cac:TaxScheme>
                           <cbc:ID>VAT</cbc:ID>
                        </cac:TaxScheme>
                     </cac:PartyTaxScheme>
                     <cac:PartyLegalEntity>
                        <cbc:RegistrationName>D.W. Soft bvba</cbc:RegistrationName>
                        <cbc:CompanyID schemeID="BE:CBE">0200013901</cbc:CompanyID>
                     </cac:PartyLegalEntity>
                     <cac:Contact>
                        <cbc:ElectronicMail>dirk.willekens@dwsoft.be</cbc:ElectronicMail>
                     </cac:Contact>
                  </cac:Party>
               </cac:AccountingSupplierParty>
               <cac:AccountingCustomerParty>
                  <cac:Party>
                     <cac:PartyIdentification>
                        <cbc:ID schemeID="BE:CBE">2222222222</cbc:ID>
                     </cac:PartyIdentification>
                     <cac:PartyName>
                        <cbc:Name>Fake customer</cbc:Name>
                     </cac:PartyName>
                     <cac:PostalAddress>
                        <cbc:StreetName>Simon Bolivarlaan 34</cbc:StreetName>
                        <cbc:CityName>ANTWERPEN</cbc:CityName>
                        <cbc:PostalZone>2000</cbc:PostalZone>
                        <cac:Country>
                           <cbc:IdentificationCode listID="ISO3166-1:Alpha2">BE</cbc:IdentificationCode>
                        </cac:Country>
                     </cac:PostalAddress>
                     <cac:PartyTaxScheme>
                        <cbc:CompanyID schemeID="BE:VAT">BE2222222222</cbc:CompanyID>
                        <cac:TaxScheme>
                           <cbc:ID>VAT</cbc:ID>
                        </cac:TaxScheme>
                     </cac:PartyTaxScheme>
                     <cac:PartyLegalEntity>
                        <cbc:RegistrationName>Fake Customer</cbc:RegistrationName>
                        <cbc:CompanyID schemeID="BE:CBE">2222222222</cbc:CompanyID>
                     </cac:PartyLegalEntity>
                  </cac:Party>
               </cac:AccountingCustomerParty>
               <cac:PaymentMeans>
                  <cbc:PaymentMeansCode listID="UNCL4461">1</cbc:PaymentMeansCode>
                  <cbc:PaymentDueDate>2018-05-31</cbc:PaymentDueDate>
                  <cbc:PaymentChannelCode>IBAN</cbc:PaymentChannelCode>
                  <cbc:InstructionNote>SIMPLE TEST TO FAKE CUSTOMER</cbc:InstructionNote>
                  <cac:PayeeFinancialAccount>
                     <cbc:ID schemeID="IBAN">BE86736009252450</cbc:ID>
                     <cac:FinancialInstitutionBranch>
                        <cac:FinancialInstitution>
                           <cbc:ID schemeID="BIC">KREDBEBB</cbc:ID>
                        </cac:FinancialInstitution>
                     </cac:FinancialInstitutionBranch>
                  </cac:PayeeFinancialAccount>
               </cac:PaymentMeans>
               <cac:TaxTotal>
                  <cbc:TaxAmount currencyID="EUR">21.00</cbc:TaxAmount>
                  <cac:TaxSubtotal>
                     <cbc:TaxableAmount currencyID="EUR">100.00</cbc:TaxableAmount>
                     <cbc:TaxAmount currencyID="EUR">21.00</cbc:TaxAmount>
                     <cac:TaxCategory>
                        <cbc:ID schemeID="UNCL5305">S</cbc:ID>
                        <cbc:Percent>21.00</cbc:Percent>
                        <cac:TaxScheme>
                           <cbc:ID>VAT</cbc:ID>
                        </cac:TaxScheme>
                     </cac:TaxCategory>
                  </cac:TaxSubtotal>
               </cac:TaxTotal>
               <cac:LegalMonetaryTotal>
                  <cbc:LineExtensionAmount currencyID="EUR">100.00</cbc:LineExtensionAmount>
                  <cbc:TaxExclusiveAmount currencyID="EUR">100.00</cbc:TaxExclusiveAmount>
                  <cbc:TaxInclusiveAmount currencyID="EUR">121.00</cbc:TaxInclusiveAmount>
                  <cbc:PayableAmount currencyID="EUR">121.00</cbc:PayableAmount>
               </cac:LegalMonetaryTotal>
               <cac:InvoiceLine>
                  <cbc:ID>1</cbc:ID>
                  <cbc:InvoicedQuantity unitCode="NAR" unitCodeListID="UNECERec20">1.00</cbc:InvoicedQuantity>
                  <cbc:LineExtensionAmount currencyID="EUR">100.00</cbc:LineExtensionAmount>
                  <cac:TaxTotal>
                     <cbc:TaxAmount currencyID="EUR">21.00</cbc:TaxAmount>
                  </cac:TaxTotal>
                  <cac:Item>
                     <cbc:Description>Line1 description - may be long</cbc:Description>
                     <cbc:Name>Line1max50char</cbc:Name>
                     <cac:ClassifiedTaxCategory>
                        <cbc:ID schemeID="UNCL5305">S</cbc:ID>
                        <cbc:Percent>21.00</cbc:Percent>
                        <cac:TaxScheme>
                           <cbc:ID>VAT</cbc:ID>
                        </cac:TaxScheme>
                     </cac:ClassifiedTaxCategory>
                  </cac:Item>
                  <cac:Price>
                     <cbc:PriceAmount currencyID="EUR">100.00</cbc:PriceAmount>
                     <cbc:BaseQuantity>1.00</cbc:BaseQuantity>
                  </cac:Price>
               </cac:InvoiceLine>
            </Invoice>
            </v12:document>
         </v2:request>
      </v2:submitDocumentRequest>
   </soapenv:Body>
</soapenv:Envelope>]]></con:request><con:assertion type="SOAP Fault Assertion" id="bbdbb443-c687-46a1-867b-a77e4bc1e25c" name="Not SOAP Fault"/><con:assertion type="SOAP Response" id="22a180ce-4774-4f6a-9f0a-050602b9c1a3" name="SOAP Response"/><con:assertion type="Schema Compliance" id="1a7a51ae-deff-4fbe-9ede-949dee3310c5" name="Schema Compliance"><con:configuration/></con:assertion><con:wsaConfig action="http://fidus.brussels/services/invoiceservice/submitDocument"/></con:request></con:config></con:testStep><con:properties/></con:testCase><con:testCase id="e84cd1b8-7651-471f-87dc-fd6bf920a2ba" failOnError="true" failTestCaseOnErrors="true" keepSession="false" maxResults="0" name="submitInboxRequest" searchProperties="true"><con:settings/><con:testStep type="request" id="1ad40dc6-6cc1-4198-b217-bc912f5105aa" name="testcase3 - Test - External - Request"><con:settings/><con:config xsi:type="con:RequestStep" xmlns:xsi="http://www.w3.org/2001/XMLSchema-instance"><con:interface>InvoiceServiceHTTPBinding</con:interface><con:operation>submitInboxRequest</con:operation><con:request name="testcase3 - Test - External - Request" id="701865c2-9d81-46a6-919e-5c04d871b131" outgoingWss="Outflow TEST"><con:settings/><con:encoding>UTF-8</con:encoding><con:endpoint>https://fidus-test.irisnetlab.be/services/InvoiceService_v2.0</con:endpoint><con:request><![CDATA[<soapenv:Envelope xmlns:soapenv="http://schemas.xmlsoap.org/soap/envelope/" xmlns:v2="http://fidus.brussels/service/invoiceservice/messages/v2.0" xmlns:v11="http://fidus.brussels/type/common/messages/v1">
   <soapenv:Header/>
   <soapenv:Body>
      <v2:submitInboxRequestRequest>
         <v2:messageContext>
            <v11:messageId>${=import static java.util.UUID.randomUUID; uuid = randomUUID() as String}</v11:messageId>
            <v11:timestamp>${=new java.text.SimpleDateFormat("yyyy-MM-dd'T'HH:mm:ss.SSS").format(new Date())}</v11:timestamp>
         </v2:messageContext>
         <v2:legalContext>ServiceIntegrator</v2:legalContext>
         <v2:request>
            <v12:receiverId xmlns:v12="http://fsb.belgium.be/einvoicing/simpleprior/v1_00">0463152333</v12:receiverId>
            <v12:senderId xmlns:v12="http://fsb.belgium.be/einvoicing/simpleprior/v1_00">0200013901</v12:senderId>        
         </v2:request>
      </v2:submitInboxRequestRequest>
   </soapenv:Body>
</soapenv:Envelope>]]></con:request><con:assertion type="SOAP Fault Assertion" id="6c2413d4-740f-4ba9-9068-73f853cb335a" name="Not SOAP Fault"/><con:assertion type="SOAP Response" id="30e2e47e-5a9a-4b0d-aef4-c79628a5cfc7" name="SOAP Response"/><con:assertion type="Schema Compliance" id="c87a7d16-e3da-4410-b594-873ab60a2d48" name="Schema Compliance"><con:configuration/></con:assertion><con:wsaConfig action="http://fidus.brussels/services/invoiceservice/submitInboxRequest"/></con:request></con:config></con:testStep><con:testStep type="request" id="e5897229-4d47-4875-be00-d499388f4011" name="testcase3 - Test - LB - Request"><con:settings/><con:config xsi:type="con:RequestStep" xmlns:xsi="http://www.w3.org/2001/XMLSchema-instance"><con:interface>InvoiceServiceHTTPBinding</con:interface><con:operation>submitInboxRequest</con:operation><con:request name="testcase3 - Test - LB - Request" id="b688b562-376f-43e5-a503-af7a87a8f587" outgoingWss="Outflow TEST"><con:settings/><con:encoding>UTF-8</con:encoding><con:endpoint>https://esb-security-gw.sta.srv.cirb.lan:8443/services/InvoiceService_v2.0</con:endpoint><con:request><![CDATA[<soapenv:Envelope xmlns:soapenv="http://schemas.xmlsoap.org/soap/envelope/" xmlns:v2="http://fidus.brussels/service/invoiceservice/messages/v2.0" xmlns:v11="http://fidus.brussels/type/common/messages/v1">
   <soapenv:Header/>
   <soapenv:Body>
      <v2:submitInboxRequestRequest>
         <v2:messageContext>
            <v11:messageId>?</v11:messageId>
         </v2:messageContext>
         <v2:legalContext>ServiceIntegrator</v2:legalContext>
         <v2:request>
            <v12:receiverId xmlns:v12="http://fsb.belgium.be/einvoicing/simpleprior/v1_00">2222222222</v12:receiverId>
            <v12:senderId xmlns:v12="http://fsb.belgium.be/einvoicing/simpleprior/v1_00">0200013901</v12:senderId>        
         </v2:request>
      </v2:submitInboxRequestRequest>
   </soapenv:Body>
</soapenv:Envelope>]]></con:request><con:assertion type="SOAP Fault Assertion" id="d5db72fe-57d0-41ac-aafa-3b52073be740" name="Not SOAP Fault"/><con:assertion type="SOAP Response" id="b49e9fb7-9c3e-4921-be19-fb1ccd1b1682" name="SOAP Response"/><con:assertion type="Schema Compliance" id="fd262a59-a859-4b61-b351-c859044baadf" name="Schema Compliance"><con:configuration/></con:assertion><con:wsaConfig action="http://fidus.brussels/services/invoiceservice/submitInboxRequest"/></con:request></con:config></con:testStep><con:testStep type="request" id="0cf59c5f-9ada-42b8-accf-6027aef03b7e" name="testcase3 - Test - Worker1 - Request"><con:settings/><con:config xsi:type="con:RequestStep" xmlns:xsi="http://www.w3.org/2001/XMLSchema-instance"><con:interface>InvoiceServiceHTTPBinding</con:interface><con:operation>submitInboxRequest</con:operation><con:request name="testcase3 - Test - Worker1 - Request" id="bbed645d-67f5-4291-a4b4-6b1790facff1" outgoingWss="Outflow TEST"><con:settings/><con:encoding>UTF-8</con:encoding><con:endpoint>https://192.168.24.45:8443/services/InvoiceService_v2.0</con:endpoint><con:request><![CDATA[<soapenv:Envelope xmlns:soapenv="http://schemas.xmlsoap.org/soap/envelope/" xmlns:v2="http://fidus.brussels/service/invoiceservice/messages/v2.0" xmlns:v11="http://fidus.brussels/type/common/messages/v1">
   <soapenv:Header/>
   <soapenv:Body>
      <v2:submitInboxRequestRequest>
         <v2:messageContext>
            <v11:messageId>?</v11:messageId>
         </v2:messageContext>
         <v2:legalContext>ServiceIntegrator</v2:legalContext>
         <v2:request>
            <v12:receiverId xmlns:v12="http://fsb.belgium.be/einvoicing/simpleprior/v1_00">2222222222</v12:receiverId>
            <v12:senderId xmlns:v12="http://fsb.belgium.be/einvoicing/simpleprior/v1_00">0200013901</v12:senderId>        
         </v2:request>
      </v2:submitInboxRequestRequest>
   </soapenv:Body>
</soapenv:Envelope>]]></con:request><con:assertion type="SOAP Fault Assertion" id="f21fb95b-db26-46b0-925d-470b275ef7bb" name="Not SOAP Fault"/><con:assertion type="SOAP Response" id="9a41dfd5-364c-446c-ab0c-7807666aff67" name="SOAP Response"/><con:assertion type="Schema Compliance" id="de00b029-e2c3-459f-9d47-af67a68cb2a9" name="Schema Compliance"><con:configuration/></con:assertion><con:wsaConfig action="http://fidus.brussels/services/invoiceservice/submitInboxRequest"/></con:request></con:config></con:testStep><con:testStep type="request" id="9cb07bf1-1f69-4c94-85dc-95c172a3117a" name="testcase3 - Test - Worker2 - Request"><con:settings/><con:config xsi:type="con:RequestStep" xmlns:xsi="http://www.w3.org/2001/XMLSchema-instance"><con:interface>InvoiceServiceHTTPBinding</con:interface><con:operation>submitInboxRequest</con:operation><con:request name="testcase3 - Test - Worker2 - Request" id="32a583dc-4bb0-4907-ae48-4cbf0b73e501" outgoingWss="Outflow TEST"><con:settings/><con:encoding>UTF-8</con:encoding><con:endpoint>https://192.168.24.51:8443/services/InvoiceService_v2.0</con:endpoint><con:request><![CDATA[<soapenv:Envelope xmlns:soapenv="http://schemas.xmlsoap.org/soap/envelope/" xmlns:v2="http://fidus.brussels/service/invoiceservice/messages/v2.0" xmlns:v11="http://fidus.brussels/type/common/messages/v1">
   <soapenv:Header/>
   <soapenv:Body>
      <v2:submitInboxRequestRequest>
         <v2:messageContext>
            <v11:messageId>?</v11:messageId>
         </v2:messageContext>
         <v2:legalContext>ServiceIntegrator</v2:legalContext>
         <v2:request>
            <v12:receiverId xmlns:v12="http://fsb.belgium.be/einvoicing/simpleprior/v1_00">2222222222</v12:receiverId>
            <v12:senderId xmlns:v12="http://fsb.belgium.be/einvoicing/simpleprior/v1_00">0200013901</v12:senderId>        
         </v2:request>
      </v2:submitInboxRequestRequest>
   </soapenv:Body>
</soapenv:Envelope>]]></con:request><con:assertion type="SOAP Fault Assertion" id="6a277861-925b-442c-a448-cdda4e23c5c7" name="Not SOAP Fault"/><con:assertion type="SOAP Response" id="cabfb82b-cc93-4d62-98ab-bbc312f08b31" name="SOAP Response"/><con:assertion type="Schema Compliance" id="d3e4ed86-17b3-4f63-8d49-b84f80b79758" name="Schema Compliance"><con:configuration/></con:assertion><con:wsaConfig action="http://fidus.brussels/services/invoiceservice/submitInboxRequest"/></con:request></con:config></con:testStep><con:properties/></con:testCase><con:properties/></con:testSuite><con:testSuite id="c6502989-3f84-4636-9935-f3d25b0ccc12" name="STAG"><con:settings/><con:runType>SEQUENTIAL</con:runType><con:testCase id="4183f4e0-822b-48f9-b2c6-a45bf4cbe06b" failOnError="true" failTestCaseOnErrors="true" keepSession="false" maxResults="0" name="markDocument" searchProperties="true"><con:settings/><con:testStep type="request" id="ce4d921f-4c5c-4969-bb73-c5d87ce20766" name="testcase4 - Staging - External - Request"><con:settings/><con:config xsi:type="con:RequestStep" xmlns:xsi="http://www.w3.org/2001/XMLSchema-instance"><con:interface>InvoiceServiceHTTPBinding</con:interface><con:operation>markDocument</con:operation><con:request name="testcase4 - Staging - External - Request" id="89a22d35-c958-4b87-a26f-bb43edb0ecf8" outgoingWss="Outflow STAG"><con:settings/><con:encoding>UTF-8</con:encoding><con:endpoint>https://fidus.irisnetlab.be/services/InvoiceService_v2.0</con:endpoint><con:request><![CDATA[<soapenv:Envelope xmlns:soapenv="http://schemas.xmlsoap.org/soap/envelope/" xmlns:v2="http://fidus.brussels/service/invoiceservice/messages/v2.0" xmlns:v11="http://fidus.brussels/type/common/messages/v1">
   <soapenv:Header/>
   <soapenv:Body>
      <v2:markDocumentRequest>
         <v2:messageContext>
            <v11:messageId>?</v11:messageId>
         </v2:messageContext>
         <v2:legalContext>ServiceIntegrator</v2:legalContext>
         <v2:request>
            <v12:receiverId xmlns:v12="http://fsb.belgium.be/einvoicing/simpleprior/v1_00">2222222222</v12:receiverId>
            <v12:senderId xmlns:v12="http://fsb.belgium.be/einvoicing/simpleprior/v1_00">0200013901</v12:senderId>
            <v12:documentType xmlns:v12="http://fsb.belgium.be/einvoicing/simpleprior/v1_00">380</v12:documentType>
            <v12:documentId xmlns:v12="http://fsb.belgium.be/einvoicing/simpleprior/v1_00">e878b54b-8a82-4bf3-8c8c-37eacdab2589</v12:documentId>         
         </v2:request>
      </v2:markDocumentRequest>
   </soapenv:Body>
</soapenv:Envelope>]]></con:request><con:assertion type="SOAP Fault Assertion" id="e7167d44-40dc-44c2-ae84-b809f374edf9" name="Not SOAP Fault"/><con:assertion type="SOAP Response" id="c6c4b2d3-8964-44d7-a83c-4fe5b0c0652e" name="SOAP Response"/><con:assertion type="Schema Compliance" id="e61d0d3d-e69b-40b6-99ea-34689be439e8" name="Schema Compliance"><con:configuration/></con:assertion><con:wsaConfig action="http://fidus.brussels/services/invoiceservice/markDocument"/></con:request></con:config></con:testStep><con:testStep type="request" id="1a98944c-e398-4454-befb-5d6ec2316008" name="testcase4 - Staging - LB - Request"><con:settings/><con:config xsi:type="con:RequestStep" xmlns:xsi="http://www.w3.org/2001/XMLSchema-instance"><con:interface>InvoiceServiceHTTPBinding</con:interface><con:operation>markDocument</con:operation><con:request name="testcase4 - Staging - LB - Request" id="6b612d15-403b-4c2d-83db-66efe3282368" outgoingWss="Outflow STAG"><con:settings/><con:encoding>UTF-8</con:encoding><con:endpoint>https://fidus-esb-sg.sta.srv.cirb.lan:8443/services/InvoiceService_v2.0</con:endpoint><con:request><![CDATA[<soapenv:Envelope xmlns:soapenv="http://schemas.xmlsoap.org/soap/envelope/" xmlns:v2="http://fidus.brussels/service/invoiceservice/messages/v2.0" xmlns:v11="http://fidus.brussels/type/common/messages/v1">
   <soapenv:Header/>
   <soapenv:Body>
      <v2:markDocumentRequest>
         <v2:messageContext>
            <v11:messageId>?</v11:messageId>
         </v2:messageContext>
         <v2:legalContext>ServiceIntegrator</v2:legalContext>
         <v2:request>
            <v12:receiverId xmlns:v12="http://fsb.belgium.be/einvoicing/simpleprior/v1_00">2222222222</v12:receiverId>
            <v12:senderId xmlns:v12="http://fsb.belgium.be/einvoicing/simpleprior/v1_00">0200013901</v12:senderId>
            <v12:documentType xmlns:v12="http://fsb.belgium.be/einvoicing/simpleprior/v1_00">380</v12:documentType>
            <v12:documentId xmlns:v12="http://fsb.belgium.be/einvoicing/simpleprior/v1_00">e878b54b-8a82-4bf3-8c8c-37eacdab2589</v12:documentId>         
         </v2:request>
      </v2:markDocumentRequest>
   </soapenv:Body>
</soapenv:Envelope>]]></con:request><con:assertion type="SOAP Fault Assertion" id="4c525e44-15a0-4271-92f6-3a1546b5551b" name="Not SOAP Fault"/><con:assertion type="SOAP Response" id="3855ac77-3e4b-4583-a7c7-7c1c28123b9e" name="SOAP Response"/><con:assertion type="Schema Compliance" id="ab0ff32d-117b-4bbf-b759-5a3066f1019f" name="Schema Compliance"><con:configuration/></con:assertion><con:wsaConfig action="http://fidus.brussels/services/invoiceservice/markDocument"/></con:request></con:config></con:testStep><con:testStep type="request" id="76af92cf-0fdc-4b93-924b-3fac82ca05fd" name="testcase4 - Staging - Worker1 - Request"><con:settings/><con:config xsi:type="con:RequestStep" xmlns:xsi="http://www.w3.org/2001/XMLSchema-instance"><con:interface>InvoiceServiceHTTPBinding</con:interface><con:operation>markDocument</con:operation><con:request name="testcase4 - Staging - Worker1 - Request" id="14436cc3-5897-4bc8-8871-93616994ffbb" outgoingWss="Outflow STAG"><con:settings/><con:encoding>UTF-8</con:encoding><con:endpoint>https://192.168.24.57:8443/services/InvoiceService_v2.0</con:endpoint><con:request><![CDATA[<soapenv:Envelope xmlns:soapenv="http://schemas.xmlsoap.org/soap/envelope/" xmlns:v2="http://fidus.brussels/service/invoiceservice/messages/v2.0" xmlns:v11="http://fidus.brussels/type/common/messages/v1">
   <soapenv:Header/>
   <soapenv:Body>
      <v2:markDocumentRequest>
         <v2:messageContext>
            <v11:messageId>?</v11:messageId>
         </v2:messageContext>
         <v2:legalContext>ServiceIntegrator</v2:legalContext>
         <v2:request>
            <v12:receiverId xmlns:v12="http://fsb.belgium.be/einvoicing/simpleprior/v1_00">2222222222</v12:receiverId>
            <v12:senderId xmlns:v12="http://fsb.belgium.be/einvoicing/simpleprior/v1_00">0200013901</v12:senderId>
            <v12:documentType xmlns:v12="http://fsb.belgium.be/einvoicing/simpleprior/v1_00">380</v12:documentType>
            <v12:documentId xmlns:v12="http://fsb.belgium.be/einvoicing/simpleprior/v1_00">e878b54b-8a82-4bf3-8c8c-37eacdab2589</v12:documentId>         
         </v2:request>
      </v2:markDocumentRequest>
   </soapenv:Body>
</soapenv:Envelope>]]></con:request><con:assertion type="SOAP Fault Assertion" id="49b0a8b1-4a27-40ac-9fee-75cb26440f62" name="Not SOAP Fault"/><con:assertion type="SOAP Response" id="cd5467cf-e990-4c9f-a41f-4232c46a6aa2" name="SOAP Response"/><con:assertion type="Schema Compliance" id="96fff818-2e36-4828-8679-eee40b107b62" name="Schema Compliance"><con:configuration/></con:assertion><con:wsaConfig action="http://fidus.brussels/services/invoiceservice/markDocument"/></con:request></con:config></con:testStep><con:testStep type="request" id="c0153a1f-c472-41c3-bfce-5f846233e964" name="testcase4 - Staging - Worker2 - Request"><con:settings/><con:config xsi:type="con:RequestStep" xmlns:xsi="http://www.w3.org/2001/XMLSchema-instance"><con:interface>InvoiceServiceHTTPBinding</con:interface><con:operation>markDocument</con:operation><con:request name="testcase4 - Staging - Worker2 - Request" id="4550787a-3702-4e75-b6b5-ab9fd899682c" outgoingWss="Outflow STAG"><con:settings/><con:encoding>UTF-8</con:encoding><con:endpoint>https://192.168.24.64:8443/services/InvoiceService_v2.0</con:endpoint><con:request><![CDATA[<soapenv:Envelope xmlns:soapenv="http://schemas.xmlsoap.org/soap/envelope/" xmlns:v2="http://fidus.brussels/service/invoiceservice/messages/v2.0" xmlns:v11="http://fidus.brussels/type/common/messages/v1">
   <soapenv:Header/>
   <soapenv:Body>
      <v2:markDocumentRequest>
         <v2:messageContext>
            <v11:messageId>?</v11:messageId>
         </v2:messageContext>
         <v2:legalContext>ServiceIntegrator</v2:legalContext>
         <v2:request>
            <v12:receiverId xmlns:v12="http://fsb.belgium.be/einvoicing/simpleprior/v1_00">2222222222</v12:receiverId>
            <v12:senderId xmlns:v12="http://fsb.belgium.be/einvoicing/simpleprior/v1_00">0200013901</v12:senderId>
            <v12:documentType xmlns:v12="http://fsb.belgium.be/einvoicing/simpleprior/v1_00">380</v12:documentType>
            <v12:documentId xmlns:v12="http://fsb.belgium.be/einvoicing/simpleprior/v1_00">e878b54b-8a82-4bf3-8c8c-37eacdab2589</v12:documentId>         
         </v2:request>
      </v2:markDocumentRequest>
   </soapenv:Body>
</soapenv:Envelope>]]></con:request><con:assertion type="SOAP Fault Assertion" id="700fb985-b243-468b-bc61-08827654b776" name="Not SOAP Fault"/><con:assertion type="SOAP Response" id="c4b19529-73f4-4707-9be6-98fce6dd8a93" name="SOAP Response"/><con:assertion type="Schema Compliance" id="7671d951-6163-43b6-92da-d5cb8f90f999" name="Schema Compliance"><con:configuration/></con:assertion><con:wsaConfig action="http://fidus.brussels/services/invoiceservice/markDocument"/></con:request></con:config></con:testStep><con:properties/></con:testCase><con:testCase id="5defce45-21e3-4e24-8417-6de542ae4fcf" failOnError="true" failTestCaseOnErrors="true" keepSession="false" maxResults="0" name="retrieveDocument" searchProperties="true"><con:settings/><con:testStep type="request" id="193b14c5-0a1c-4bb6-ad0a-b0e03fbfdec2" name="testcase4 - Staging - External - Request"><con:settings/><con:config xsi:type="con:RequestStep" xmlns:xsi="http://www.w3.org/2001/XMLSchema-instance"><con:interface>InvoiceServiceHTTPBinding</con:interface><con:operation>retrieveDocument</con:operation><con:request name="testcase4 - Staging - External - Request" id="c76b676c-0b53-4b6d-b0e3-102d45944f6a" outgoingWss="Outflow STAG"><con:settings/><con:encoding>UTF-8</con:encoding><con:endpoint>https://fidus.irisnetlab.be/services/InvoiceService_v2.0</con:endpoint><con:request><![CDATA[<soapenv:Envelope xmlns:soapenv="http://schemas.xmlsoap.org/soap/envelope/" xmlns:v2="http://fidus.brussels/service/invoiceservice/messages/v2.0" xmlns:v11="http://fidus.brussels/type/common/messages/v1">
   <soapenv:Header/>
   <soapenv:Body>
      <v2:retrieveDocumentRequest>
         <v2:messageContext>
            <v11:messageId>?</v11:messageId>
         </v2:messageContext>
         <v2:legalContext>ServiceIntegrator</v2:legalContext>
         <v2:request>
            <v12:receiverId xmlns:v12="http://fsb.belgium.be/einvoicing/simpleprior/v1_00">0463152333</v12:receiverId>
            <v12:senderId xmlns:v12="http://fsb.belgium.be/einvoicing/simpleprior/v1_00">0200013901</v12:senderId>
            <v12:documentType xmlns:v12="http://fsb.belgium.be/einvoicing/simpleprior/v1_00">380</v12:documentType>
            <v12:documentId xmlns:v12="http://fsb.belgium.be/einvoicing/simpleprior/v1_00">118120479086FAKDEC-20-5B</v12:documentId>         
         </v2:request>
      </v2:retrieveDocumentRequest>
   </soapenv:Body>
</soapenv:Envelope>]]></con:request><con:assertion type="SOAP Fault Assertion" id="f9a3903a-e728-4f4c-aed7-50d74b96d519" name="Not SOAP Fault"/><con:assertion type="SOAP Response" id="08e7eb85-7b1e-467b-ae62-a92a63716c93" name="SOAP Response"/><con:assertion type="Schema Compliance" id="b29f589d-2669-4c4b-a015-4316e7d23661" name="Schema Compliance"><con:configuration/></con:assertion><con:wsaConfig action="http://fidus.brussels/services/invoiceservice/retrieveDocument"/></con:request></con:config></con:testStep><con:testStep type="request" id="f9c2e245-0425-4e64-8a7a-00077ed94e76" name="testcase4 - Staging - LB - Request"><con:settings/><con:config xsi:type="con:RequestStep" xmlns:xsi="http://www.w3.org/2001/XMLSchema-instance"><con:interface>InvoiceServiceHTTPBinding</con:interface><con:operation>retrieveDocument</con:operation><con:request name="testcase4 - Staging - LB - Request" id="70e44385-d05b-4f93-9f54-61273bedbda3" outgoingWss="Outflow STAG"><con:settings/><con:encoding>UTF-8</con:encoding><con:endpoint>https://fidus-esb-sg.sta.srv.cirb.lan:8443/services/InvoiceService_v2.0</con:endpoint><con:request><![CDATA[<soapenv:Envelope xmlns:soapenv="http://schemas.xmlsoap.org/soap/envelope/" xmlns:v2="http://fidus.brussels/service/invoiceservice/messages/v2.0" xmlns:v11="http://fidus.brussels/type/common/messages/v1">
   <soapenv:Header/>
   <soapenv:Body>
      <v2:retrieveDocumentRequest>
         <v2:messageContext>
            <v11:messageId>?</v11:messageId>
         </v2:messageContext>
         <v2:legalContext>ServiceIntegrator</v2:legalContext>
         <v2:request>
            <v12:receiverId xmlns:v12="http://fsb.belgium.be/einvoicing/simpleprior/v1_00">0463152333</v12:receiverId>
            <v12:senderId xmlns:v12="http://fsb.belgium.be/einvoicing/simpleprior/v1_00">0200013901</v12:senderId>
            <v12:documentType xmlns:v12="http://fsb.belgium.be/einvoicing/simpleprior/v1_00">380</v12:documentType>
            <v12:documentId xmlns:v12="http://fsb.belgium.be/einvoicing/simpleprior/v1_00">118120479086FAKDEC-20-5B</v12:documentId>         
         </v2:request>
      </v2:retrieveDocumentRequest>
   </soapenv:Body>
</soapenv:Envelope>]]></con:request><con:assertion type="SOAP Fault Assertion" id="de764826-4b05-47ba-b517-b86442d6389f" name="Not SOAP Fault"/><con:assertion type="SOAP Response" id="035a6a9e-c36a-4de6-bd4c-aba32e62b9bc" name="SOAP Response"/><con:assertion type="Schema Compliance" id="2c86ab7a-16b4-46c0-9688-44c412f33bbe" name="Schema Compliance"><con:configuration/></con:assertion><con:wsaConfig action="http://fidus.brussels/services/invoiceservice/retrieveDocument"/></con:request></con:config></con:testStep><con:testStep type="request" id="a06ae62e-2dd7-4307-8013-54134701fbf1" name="testcase4 - Staging - Worker1 - Request"><con:settings/><con:config xsi:type="con:RequestStep" xmlns:xsi="http://www.w3.org/2001/XMLSchema-instance"><con:interface>InvoiceServiceHTTPBinding</con:interface><con:operation>retrieveDocument</con:operation><con:request name="testcase4 - Staging - Worker1 - Request" id="f8322d60-5ca0-4e4a-91b0-20716269ab2b" outgoingWss="Outflow STAG"><con:settings/><con:encoding>UTF-8</con:encoding><con:endpoint>https://192.168.24.57:8443/services/InvoiceService_v2.0</con:endpoint><con:request><![CDATA[<soapenv:Envelope xmlns:soapenv="http://schemas.xmlsoap.org/soap/envelope/" xmlns:v2="http://fidus.brussels/service/invoiceservice/messages/v2.0" xmlns:v11="http://fidus.brussels/type/common/messages/v1">
   <soapenv:Header/>
   <soapenv:Body>
      <v2:retrieveDocumentRequest>
         <v2:messageContext>
            <v11:messageId>?</v11:messageId>
         </v2:messageContext>
         <v2:legalContext>ServiceIntegrator</v2:legalContext>
         <v2:request>
            <v12:receiverId xmlns:v12="http://fsb.belgium.be/einvoicing/simpleprior/v1_00">0463152333</v12:receiverId>
            <v12:senderId xmlns:v12="http://fsb.belgium.be/einvoicing/simpleprior/v1_00">0200013901</v12:senderId>
            <v12:documentType xmlns:v12="http://fsb.belgium.be/einvoicing/simpleprior/v1_00">380</v12:documentType>
            <v12:documentId xmlns:v12="http://fsb.belgium.be/einvoicing/simpleprior/v1_00">118120479086FAKDEC-20-5B</v12:documentId>         
         </v2:request>
      </v2:retrieveDocumentRequest>
   </soapenv:Body>
</soapenv:Envelope>]]></con:request><con:assertion type="SOAP Fault Assertion" id="668f87a8-5405-4f1b-a889-c6b39e69a30d" name="Not SOAP Fault"/><con:assertion type="SOAP Response" id="87c5810b-fedc-42ef-af47-61528365d07f" name="SOAP Response"/><con:assertion type="Schema Compliance" id="6a5e0eaa-681b-4d15-a70d-e014b0341114" name="Schema Compliance"><con:configuration/></con:assertion><con:wsaConfig action="http://fidus.brussels/services/invoiceservice/retrieveDocument"/></con:request></con:config></con:testStep><con:testStep type="request" id="0044905c-55b9-4366-a36a-78f438a04995" name="testcase4 - Staging - Worker2 - Request"><con:settings/><con:config xsi:type="con:RequestStep" xmlns:xsi="http://www.w3.org/2001/XMLSchema-instance"><con:interface>InvoiceServiceHTTPBinding</con:interface><con:operation>retrieveDocument</con:operation><con:request name="testcase4 - Staging - Worker2 - Request" id="722ed9f7-2a9e-40c8-b27b-7f9c6450e34e" outgoingWss="Outflow STAG"><con:settings/><con:encoding>UTF-8</con:encoding><con:endpoint>https://192.168.24.64:8443/services/InvoiceService_v2.0</con:endpoint><con:request><![CDATA[<soapenv:Envelope xmlns:soapenv="http://schemas.xmlsoap.org/soap/envelope/" xmlns:v2="http://fidus.brussels/service/invoiceservice/messages/v2.0" xmlns:v11="http://fidus.brussels/type/common/messages/v1">
   <soapenv:Header/>
   <soapenv:Body>
      <v2:retrieveDocumentRequest>
         <v2:messageContext>
            <v11:messageId>?</v11:messageId>
         </v2:messageContext>
         <v2:legalContext>ServiceIntegrator</v2:legalContext>
         <v2:request>
            <v12:receiverId xmlns:v12="http://fsb.belgium.be/einvoicing/simpleprior/v1_00">0463152333</v12:receiverId>
            <v12:senderId xmlns:v12="http://fsb.belgium.be/einvoicing/simpleprior/v1_00">0200013901</v12:senderId>
            <v12:documentType xmlns:v12="http://fsb.belgium.be/einvoicing/simpleprior/v1_00">380</v12:documentType>
            <v12:documentId xmlns:v12="http://fsb.belgium.be/einvoicing/simpleprior/v1_00">118120479086FAKDEC-20-5B</v12:documentId>         
         </v2:request>
      </v2:retrieveDocumentRequest>
   </soapenv:Body>
</soapenv:Envelope>]]></con:request><con:assertion type="SOAP Fault Assertion" id="0d5ecce0-962b-4cce-bfd7-b6ccb5a4b8fd" name="Not SOAP Fault"/><con:assertion type="SOAP Response" id="51938b0d-c8af-49fe-97aa-2f87867025bf" name="SOAP Response"/><con:assertion type="Schema Compliance" id="b8ef0f1a-6dae-452c-aad5-072836dfec57" name="Schema Compliance"><con:configuration/></con:assertion><con:wsaConfig action="http://fidus.brussels/services/invoiceservice/retrieveDocument"/></con:request></con:config></con:testStep><con:properties/></con:testCase><con:testCase id="2de65213-a855-4059-9e22-81c9917d372c" failOnError="true" failTestCaseOnErrors="true" keepSession="false" maxResults="0" name="submitDocument" searchProperties="true"><con:settings/><con:testStep type="request" id="785cdd85-f891-4c5d-8bb4-a60dd1de0894" name="testcase4 - Staging - External - Request"><con:settings/><con:config xsi:type="con:RequestStep" xmlns:xsi="http://www.w3.org/2001/XMLSchema-instance"><con:interface>InvoiceServiceHTTPBinding</con:interface><con:operation>submitDocument</con:operation><con:request name="testcase4 - Staging - External - Request" id="a4e3ab77-61cc-4cca-8482-f150f2e31bc1" outgoingWss="Outflow STAG"><con:settings/><con:encoding>UTF-8</con:encoding><con:endpoint>https://fidus.irisnetlab.be/services/InvoiceService_v2.0</con:endpoint><con:request><![CDATA[<soapenv:Envelope xmlns:soapenv="http://schemas.xmlsoap.org/soap/envelope/" xmlns:v2="http://fidus.brussels/service/invoiceservice/messages/v2.0" xmlns:v1="http://fidus.brussels/service/invoiceservice/messages/v1.2" xmlns:v11="http://fidus.brussels/type/common/messages/v1" xmlns:urn="urn:oasis:names:specification:ubl:schema:xsd:ApplicationResponse-2" xmlns:urn1="urn:oasis:names:specification:ubl:schema:xsd:CommonExtensionComponents-2" xmlns:urn2="urn:oasis:names:specification:ubl:schema:xsd:CommonBasicComponents-2" xmlns:urn3="urn:oasis:names:specification:ubl:schema:xsd:CommonAggregateComponents-2">
   <soapenv:Header/>
   <soapenv:Body>
      <v2:submitDocumentRequest>
         <v2:messageContext>
            <v11:messageId>?</v11:messageId>
         </v2:messageContext>
         <v2:legalContext>ServiceIntegrator</v2:legalContext>
         <v2:request>
            <v12:document xmlns:v12="http://fsb.belgium.be/einvoicing/simpleprior/v1_00">                
            <Invoice xmlns="urn:oasis:names:specification:ubl:schema:xsd:Invoice-2"
                    xmlns:cbc="urn:oasis:names:specification:ubl:schema:xsd:CommonBasicComponents-2"
                    xmlns:cac="urn:oasis:names:specification:ubl:schema:xsd:CommonAggregateComponents-2">
               <cbc:UBLVersionID>2.1</cbc:UBLVersionID>
               <cbc:CustomizationID>urn:www.cenbii.eu:transaction:biitrns010:ver2.0:extended:urn:www.peppol.eu:bis:peppol5a:ver2.0</cbc:CustomizationID>
               <cbc:ProfileID>urn:www.cenbii.eu:profile:bii05:ver2.0</cbc:ProfileID>
               <cbc:ID>118120479086FAKNOV-13-5B</cbc:ID>
               <cbc:IssueDate>2018-06-12</cbc:IssueDate>
               <cbc:InvoiceTypeCode listID="UNCL1001">380</cbc:InvoiceTypeCode>
               <cbc:DocumentCurrencyCode listID="ISO4217">EUR</cbc:DocumentCurrencyCode>
               <cac:AccountingSupplierParty>
                  <cac:Party>
                     <cac:PartyIdentification>
                        <cbc:ID schemeID="BE:CBE">0200013901</cbc:ID>
                     </cac:PartyIdentification>
                     <cac:PartyName>
                        <cbc:Name>ACME</cbc:Name>
                     </cac:PartyName>
                     <cac:PostalAddress>
                        <cbc:StreetName>Simon Bolivarlaan 30/9</cbc:StreetName>
                        <cbc:CityName>BRUSSEL</cbc:CityName>
                        <cbc:PostalZone>1000</cbc:PostalZone>
                        <cac:Country>
                           <cbc:IdentificationCode listID="ISO3166-1:Alpha2">BE</cbc:IdentificationCode>
                        </cac:Country>
                     </cac:PostalAddress>
                     <cac:PartyTaxScheme>
                        <cbc:CompanyID schemeID="BE:VAT">BE0200013901</cbc:CompanyID>
                        <cac:TaxScheme>
                           <cbc:ID>VAT</cbc:ID>
                        </cac:TaxScheme>
                     </cac:PartyTaxScheme>
                     <cac:PartyLegalEntity>
                        <cbc:RegistrationName>D.W. Soft bvba</cbc:RegistrationName>
                        <cbc:CompanyID schemeID="BE:CBE">0200013901</cbc:CompanyID>
                     </cac:PartyLegalEntity>
                     <cac:Contact>
                        <cbc:ElectronicMail>dirk.willekens@dwsoft.be</cbc:ElectronicMail>
                     </cac:Contact>
                  </cac:Party>
               </cac:AccountingSupplierParty>
               <cac:AccountingCustomerParty>
                  <cac:Party>
                     <cac:PartyIdentification>
                        <cbc:ID schemeID="BE:CBE">2222222222</cbc:ID>
                     </cac:PartyIdentification>
                     <cac:PartyName>
                        <cbc:Name>Fake customer</cbc:Name>
                     </cac:PartyName>
                     <cac:PostalAddress>
                        <cbc:StreetName>Simon Bolivarlaan 34</cbc:StreetName>
                        <cbc:CityName>ANTWERPEN</cbc:CityName>
                        <cbc:PostalZone>2000</cbc:PostalZone>
                        <cac:Country>
                           <cbc:IdentificationCode listID="ISO3166-1:Alpha2">BE</cbc:IdentificationCode>
                        </cac:Country>
                     </cac:PostalAddress>
                     <cac:PartyTaxScheme>
                        <cbc:CompanyID schemeID="BE:VAT">BE2222222222</cbc:CompanyID>
                        <cac:TaxScheme>
                           <cbc:ID>VAT</cbc:ID>
                        </cac:TaxScheme>
                     </cac:PartyTaxScheme>
                     <cac:PartyLegalEntity>
                        <cbc:RegistrationName>Fake Customer</cbc:RegistrationName>
                        <cbc:CompanyID schemeID="BE:CBE">2222222222</cbc:CompanyID>
                     </cac:PartyLegalEntity>
                  </cac:Party>
               </cac:AccountingCustomerParty>
               <cac:PaymentMeans>
                  <cbc:PaymentMeansCode listID="UNCL4461">1</cbc:PaymentMeansCode>
                  <cbc:PaymentDueDate>2018-05-31</cbc:PaymentDueDate>
                  <cbc:PaymentChannelCode>IBAN</cbc:PaymentChannelCode>
                  <cbc:InstructionNote>SIMPLE TEST TO FAKE CUSTOMER</cbc:InstructionNote>
                  <cac:PayeeFinancialAccount>
                     <cbc:ID schemeID="IBAN">BE86736009252450</cbc:ID>
                     <cac:FinancialInstitutionBranch>
                        <cac:FinancialInstitution>
                           <cbc:ID schemeID="BIC">KREDBEBB</cbc:ID>
                        </cac:FinancialInstitution>
                     </cac:FinancialInstitutionBranch>
                  </cac:PayeeFinancialAccount>
               </cac:PaymentMeans>
               <cac:TaxTotal>
                  <cbc:TaxAmount currencyID="EUR">21.00</cbc:TaxAmount>
                  <cac:TaxSubtotal>
                     <cbc:TaxableAmount currencyID="EUR">100.00</cbc:TaxableAmount>
                     <cbc:TaxAmount currencyID="EUR">21.00</cbc:TaxAmount>
                     <cac:TaxCategory>
                        <cbc:ID schemeID="UNCL5305">S</cbc:ID>
                        <cbc:Percent>21.00</cbc:Percent>
                        <cac:TaxScheme>
                           <cbc:ID>VAT</cbc:ID>
                        </cac:TaxScheme>
                     </cac:TaxCategory>
                  </cac:TaxSubtotal>
               </cac:TaxTotal>
               <cac:LegalMonetaryTotal>
                  <cbc:LineExtensionAmount currencyID="EUR">100.00</cbc:LineExtensionAmount>
                  <cbc:TaxExclusiveAmount currencyID="EUR">100.00</cbc:TaxExclusiveAmount>
                  <cbc:TaxInclusiveAmount currencyID="EUR">121.00</cbc:TaxInclusiveAmount>
                  <cbc:PayableAmount currencyID="EUR">121.00</cbc:PayableAmount>
               </cac:LegalMonetaryTotal>
               <cac:InvoiceLine>
                  <cbc:ID>1</cbc:ID>
                  <cbc:InvoicedQuantity unitCode="NAR" unitCodeListID="UNECERec20">1.00</cbc:InvoicedQuantity>
                  <cbc:LineExtensionAmount currencyID="EUR">100.00</cbc:LineExtensionAmount>
                  <cac:TaxTotal>
                     <cbc:TaxAmount currencyID="EUR">21.00</cbc:TaxAmount>
                  </cac:TaxTotal>
                  <cac:Item>
                     <cbc:Description>Line1 description - may be long</cbc:Description>
                     <cbc:Name>Line1max50char</cbc:Name>
                     <cac:ClassifiedTaxCategory>
                        <cbc:ID schemeID="UNCL5305">S</cbc:ID>
                        <cbc:Percent>21.00</cbc:Percent>
                        <cac:TaxScheme>
                           <cbc:ID>VAT</cbc:ID>
                        </cac:TaxScheme>
                     </cac:ClassifiedTaxCategory>
                  </cac:Item>
                  <cac:Price>
                     <cbc:PriceAmount currencyID="EUR">100.00</cbc:PriceAmount>
                     <cbc:BaseQuantity>1.00</cbc:BaseQuantity>
                  </cac:Price>
               </cac:InvoiceLine>
            </Invoice>
            </v12:document>
         </v2:request>
      </v2:submitDocumentRequest>
   </soapenv:Body>
</soapenv:Envelope>]]></con:request><con:assertion type="SOAP Fault Assertion" id="10fba9d8-95af-45b5-ad2e-807afecb686f" name="Not SOAP Fault"/><con:assertion type="SOAP Response" id="3bffd142-af7f-4c7d-8257-aec3dc7dd4cc" name="SOAP Response"/><con:assertion type="Schema Compliance" id="6cdfe69b-c16f-4e62-98d8-4947e39a51c7" name="Schema Compliance"><con:configuration/></con:assertion><con:wsaConfig action="http://fidus.brussels/services/invoiceservice/submitDocument"/></con:request></con:config></con:testStep><con:testStep type="request" id="094699e4-161a-47a1-8729-d9a351b740fe" name="testcase4 - Staging - LB - Request"><con:settings/><con:config xsi:type="con:RequestStep" xmlns:xsi="http://www.w3.org/2001/XMLSchema-instance"><con:interface>InvoiceServiceHTTPBinding</con:interface><con:operation>submitDocument</con:operation><con:request name="testcase4 - Staging - LB - Request" id="5017d70f-f79d-4839-8648-bd42644872bd" outgoingWss="Outflow STAG"><con:settings/><con:encoding>UTF-8</con:encoding><con:endpoint>https://fidus-esb-sg.sta.srv.cirb.lan:8443/services/InvoiceService_v2.0</con:endpoint><con:request><![CDATA[<soapenv:Envelope xmlns:soapenv="http://schemas.xmlsoap.org/soap/envelope/" xmlns:v2="http://fidus.brussels/service/invoiceservice/messages/v2.0" xmlns:v1="http://fidus.brussels/service/invoiceservice/messages/v1.2" xmlns:v11="http://fidus.brussels/type/common/messages/v1" xmlns:urn="urn:oasis:names:specification:ubl:schema:xsd:ApplicationResponse-2" xmlns:urn1="urn:oasis:names:specification:ubl:schema:xsd:CommonExtensionComponents-2" xmlns:urn2="urn:oasis:names:specification:ubl:schema:xsd:CommonBasicComponents-2" xmlns:urn3="urn:oasis:names:specification:ubl:schema:xsd:CommonAggregateComponents-2">
   <soapenv:Header/>
   <soapenv:Body>
      <v2:submitDocumentRequest>
         <v2:messageContext>
            <v11:messageId>?</v11:messageId>
         </v2:messageContext>
         <v2:legalContext>ServiceIntegrator</v2:legalContext>
         <v2:request>
            <v12:document xmlns:v12="http://fsb.belgium.be/einvoicing/simpleprior/v1_00">                
            <Invoice xmlns="urn:oasis:names:specification:ubl:schema:xsd:Invoice-2"
                    xmlns:cbc="urn:oasis:names:specification:ubl:schema:xsd:CommonBasicComponents-2"
                    xmlns:cac="urn:oasis:names:specification:ubl:schema:xsd:CommonAggregateComponents-2">
               <cbc:UBLVersionID>2.1</cbc:UBLVersionID>
               <cbc:CustomizationID>urn:www.cenbii.eu:transaction:biitrns010:ver2.0:extended:urn:www.peppol.eu:bis:peppol5a:ver2.0</cbc:CustomizationID>
               <cbc:ProfileID>urn:www.cenbii.eu:profile:bii05:ver2.0</cbc:ProfileID>
               <cbc:ID>118120479086FAKNOV-13-5B</cbc:ID>
               <cbc:IssueDate>2018-06-12</cbc:IssueDate>
               <cbc:InvoiceTypeCode listID="UNCL1001">380</cbc:InvoiceTypeCode>
               <cbc:DocumentCurrencyCode listID="ISO4217">EUR</cbc:DocumentCurrencyCode>
               <cac:AccountingSupplierParty>
                  <cac:Party>
                     <cac:PartyIdentification>
                        <cbc:ID schemeID="BE:CBE">0200013901</cbc:ID>
                     </cac:PartyIdentification>
                     <cac:PartyName>
                        <cbc:Name>ACME</cbc:Name>
                     </cac:PartyName>
                     <cac:PostalAddress>
                        <cbc:StreetName>Simon Bolivarlaan 30/9</cbc:StreetName>
                        <cbc:CityName>BRUSSEL</cbc:CityName>
                        <cbc:PostalZone>1000</cbc:PostalZone>
                        <cac:Country>
                           <cbc:IdentificationCode listID="ISO3166-1:Alpha2">BE</cbc:IdentificationCode>
                        </cac:Country>
                     </cac:PostalAddress>
                     <cac:PartyTaxScheme>
                        <cbc:CompanyID schemeID="BE:VAT">BE0200013901</cbc:CompanyID>
                        <cac:TaxScheme>
                           <cbc:ID>VAT</cbc:ID>
                        </cac:TaxScheme>
                     </cac:PartyTaxScheme>
                     <cac:PartyLegalEntity>
                        <cbc:RegistrationName>D.W. Soft bvba</cbc:RegistrationName>
                        <cbc:CompanyID schemeID="BE:CBE">0200013901</cbc:CompanyID>
                     </cac:PartyLegalEntity>
                     <cac:Contact>
                        <cbc:ElectronicMail>dirk.willekens@dwsoft.be</cbc:ElectronicMail>
                     </cac:Contact>
                  </cac:Party>
               </cac:AccountingSupplierParty>
               <cac:AccountingCustomerParty>
                  <cac:Party>
                     <cac:PartyIdentification>
                        <cbc:ID schemeID="BE:CBE">2222222222</cbc:ID>
                     </cac:PartyIdentification>
                     <cac:PartyName>
                        <cbc:Name>Fake customer</cbc:Name>
                     </cac:PartyName>
                     <cac:PostalAddress>
                        <cbc:StreetName>Simon Bolivarlaan 34</cbc:StreetName>
                        <cbc:CityName>ANTWERPEN</cbc:CityName>
                        <cbc:PostalZone>2000</cbc:PostalZone>
                        <cac:Country>
                           <cbc:IdentificationCode listID="ISO3166-1:Alpha2">BE</cbc:IdentificationCode>
                        </cac:Country>
                     </cac:PostalAddress>
                     <cac:PartyTaxScheme>
                        <cbc:CompanyID schemeID="BE:VAT">BE2222222222</cbc:CompanyID>
                        <cac:TaxScheme>
                           <cbc:ID>VAT</cbc:ID>
                        </cac:TaxScheme>
                     </cac:PartyTaxScheme>
                     <cac:PartyLegalEntity>
                        <cbc:RegistrationName>Fake Customer</cbc:RegistrationName>
                        <cbc:CompanyID schemeID="BE:CBE">2222222222</cbc:CompanyID>
                     </cac:PartyLegalEntity>
                  </cac:Party>
               </cac:AccountingCustomerParty>
               <cac:PaymentMeans>
                  <cbc:PaymentMeansCode listID="UNCL4461">1</cbc:PaymentMeansCode>
                  <cbc:PaymentDueDate>2018-05-31</cbc:PaymentDueDate>
                  <cbc:PaymentChannelCode>IBAN</cbc:PaymentChannelCode>
                  <cbc:InstructionNote>SIMPLE TEST TO FAKE CUSTOMER</cbc:InstructionNote>
                  <cac:PayeeFinancialAccount>
                     <cbc:ID schemeID="IBAN">BE86736009252450</cbc:ID>
                     <cac:FinancialInstitutionBranch>
                        <cac:FinancialInstitution>
                           <cbc:ID schemeID="BIC">KREDBEBB</cbc:ID>
                        </cac:FinancialInstitution>
                     </cac:FinancialInstitutionBranch>
                  </cac:PayeeFinancialAccount>
               </cac:PaymentMeans>
               <cac:TaxTotal>
                  <cbc:TaxAmount currencyID="EUR">21.00</cbc:TaxAmount>
                  <cac:TaxSubtotal>
                     <cbc:TaxableAmount currencyID="EUR">100.00</cbc:TaxableAmount>
                     <cbc:TaxAmount currencyID="EUR">21.00</cbc:TaxAmount>
                     <cac:TaxCategory>
                        <cbc:ID schemeID="UNCL5305">S</cbc:ID>
                        <cbc:Percent>21.00</cbc:Percent>
                        <cac:TaxScheme>
                           <cbc:ID>VAT</cbc:ID>
                        </cac:TaxScheme>
                     </cac:TaxCategory>
                  </cac:TaxSubtotal>
               </cac:TaxTotal>
               <cac:LegalMonetaryTotal>
                  <cbc:LineExtensionAmount currencyID="EUR">100.00</cbc:LineExtensionAmount>
                  <cbc:TaxExclusiveAmount currencyID="EUR">100.00</cbc:TaxExclusiveAmount>
                  <cbc:TaxInclusiveAmount currencyID="EUR">121.00</cbc:TaxInclusiveAmount>
                  <cbc:PayableAmount currencyID="EUR">121.00</cbc:PayableAmount>
               </cac:LegalMonetaryTotal>
               <cac:InvoiceLine>
                  <cbc:ID>1</cbc:ID>
                  <cbc:InvoicedQuantity unitCode="NAR" unitCodeListID="UNECERec20">1.00</cbc:InvoicedQuantity>
                  <cbc:LineExtensionAmount currencyID="EUR">100.00</cbc:LineExtensionAmount>
                  <cac:TaxTotal>
                     <cbc:TaxAmount currencyID="EUR">21.00</cbc:TaxAmount>
                  </cac:TaxTotal>
                  <cac:Item>
                     <cbc:Description>Line1 description - may be long</cbc:Description>
                     <cbc:Name>Line1max50char</cbc:Name>
                     <cac:ClassifiedTaxCategory>
                        <cbc:ID schemeID="UNCL5305">S</cbc:ID>
                        <cbc:Percent>21.00</cbc:Percent>
                        <cac:TaxScheme>
                           <cbc:ID>VAT</cbc:ID>
                        </cac:TaxScheme>
                     </cac:ClassifiedTaxCategory>
                  </cac:Item>
                  <cac:Price>
                     <cbc:PriceAmount currencyID="EUR">100.00</cbc:PriceAmount>
                     <cbc:BaseQuantity>1.00</cbc:BaseQuantity>
                  </cac:Price>
               </cac:InvoiceLine>
            </Invoice>
            </v12:document>
         </v2:request>
      </v2:submitDocumentRequest>
   </soapenv:Body>
</soapenv:Envelope>]]></con:request><con:assertion type="SOAP Fault Assertion" id="53433d46-7d4f-41d3-825a-25f7c0393324" name="Not SOAP Fault"/><con:assertion type="SOAP Response" id="946cd5f7-35cb-4887-8811-c242be08f07e" name="SOAP Response"/><con:assertion type="Schema Compliance" id="a582d593-a3cb-4115-bcda-3bfc2799efe7" name="Schema Compliance"><con:configuration/></con:assertion><con:wsaConfig action="http://fidus.brussels/services/invoiceservice/submitDocument"/></con:request></con:config></con:testStep><con:testStep type="request" id="c27dc8ee-30ad-496a-a48c-b0af86a738c7" name="testcase4 - Staging - Worker1 - Request"><con:settings/><con:config xsi:type="con:RequestStep" xmlns:xsi="http://www.w3.org/2001/XMLSchema-instance"><con:interface>InvoiceServiceHTTPBinding</con:interface><con:operation>submitDocument</con:operation><con:request name="testcase4 - Staging - Worker1 - Request" id="a4342c51-b965-430d-bef1-46ad3de81562" outgoingWss="Outflow STAG"><con:settings/><con:encoding>UTF-8</con:encoding><con:endpoint>https://192.168.24.57:8443/services/InvoiceService_v2.0</con:endpoint><con:request><![CDATA[<soapenv:Envelope xmlns:soapenv="http://schemas.xmlsoap.org/soap/envelope/" xmlns:v2="http://fidus.brussels/service/invoiceservice/messages/v2.0" xmlns:v1="http://fidus.brussels/service/invoiceservice/messages/v1.2" xmlns:v11="http://fidus.brussels/type/common/messages/v1" xmlns:urn="urn:oasis:names:specification:ubl:schema:xsd:ApplicationResponse-2" xmlns:urn1="urn:oasis:names:specification:ubl:schema:xsd:CommonExtensionComponents-2" xmlns:urn2="urn:oasis:names:specification:ubl:schema:xsd:CommonBasicComponents-2" xmlns:urn3="urn:oasis:names:specification:ubl:schema:xsd:CommonAggregateComponents-2">
   <soapenv:Header/>
   <soapenv:Body>
      <v2:submitDocumentRequest>
         <v2:messageContext>
            <v11:messageId>?</v11:messageId>
         </v2:messageContext>
         <v2:legalContext>ServiceIntegrator</v2:legalContext>
         <v2:request>
            <v12:document xmlns:v12="http://fsb.belgium.be/einvoicing/simpleprior/v1_00">                
            <Invoice xmlns="urn:oasis:names:specification:ubl:schema:xsd:Invoice-2"
                    xmlns:cbc="urn:oasis:names:specification:ubl:schema:xsd:CommonBasicComponents-2"
                    xmlns:cac="urn:oasis:names:specification:ubl:schema:xsd:CommonAggregateComponents-2">
               <cbc:UBLVersionID>2.1</cbc:UBLVersionID>
               <cbc:CustomizationID>urn:www.cenbii.eu:transaction:biitrns010:ver2.0:extended:urn:www.peppol.eu:bis:peppol5a:ver2.0</cbc:CustomizationID>
               <cbc:ProfileID>urn:www.cenbii.eu:profile:bii05:ver2.0</cbc:ProfileID>
               <cbc:ID>118120479086FAKNOV-13-5B</cbc:ID>
               <cbc:IssueDate>2018-06-12</cbc:IssueDate>
               <cbc:InvoiceTypeCode listID="UNCL1001">380</cbc:InvoiceTypeCode>
               <cbc:DocumentCurrencyCode listID="ISO4217">EUR</cbc:DocumentCurrencyCode>
               <cac:AccountingSupplierParty>
                  <cac:Party>
                     <cac:PartyIdentification>
                        <cbc:ID schemeID="BE:CBE">0200013901</cbc:ID>
                     </cac:PartyIdentification>
                     <cac:PartyName>
                        <cbc:Name>ACME</cbc:Name>
                     </cac:PartyName>
                     <cac:PostalAddress>
                        <cbc:StreetName>Simon Bolivarlaan 30/9</cbc:StreetName>
                        <cbc:CityName>BRUSSEL</cbc:CityName>
                        <cbc:PostalZone>1000</cbc:PostalZone>
                        <cac:Country>
                           <cbc:IdentificationCode listID="ISO3166-1:Alpha2">BE</cbc:IdentificationCode>
                        </cac:Country>
                     </cac:PostalAddress>
                     <cac:PartyTaxScheme>
                        <cbc:CompanyID schemeID="BE:VAT">BE0200013901</cbc:CompanyID>
                        <cac:TaxScheme>
                           <cbc:ID>VAT</cbc:ID>
                        </cac:TaxScheme>
                     </cac:PartyTaxScheme>
                     <cac:PartyLegalEntity>
                        <cbc:RegistrationName>D.W. Soft bvba</cbc:RegistrationName>
                        <cbc:CompanyID schemeID="BE:CBE">0200013901</cbc:CompanyID>
                     </cac:PartyLegalEntity>
                     <cac:Contact>
                        <cbc:ElectronicMail>dirk.willekens@dwsoft.be</cbc:ElectronicMail>
                     </cac:Contact>
                  </cac:Party>
               </cac:AccountingSupplierParty>
               <cac:AccountingCustomerParty>
                  <cac:Party>
                     <cac:PartyIdentification>
                        <cbc:ID schemeID="BE:CBE">2222222222</cbc:ID>
                     </cac:PartyIdentification>
                     <cac:PartyName>
                        <cbc:Name>Fake customer</cbc:Name>
                     </cac:PartyName>
                     <cac:PostalAddress>
                        <cbc:StreetName>Simon Bolivarlaan 34</cbc:StreetName>
                        <cbc:CityName>ANTWERPEN</cbc:CityName>
                        <cbc:PostalZone>2000</cbc:PostalZone>
                        <cac:Country>
                           <cbc:IdentificationCode listID="ISO3166-1:Alpha2">BE</cbc:IdentificationCode>
                        </cac:Country>
                     </cac:PostalAddress>
                     <cac:PartyTaxScheme>
                        <cbc:CompanyID schemeID="BE:VAT">BE2222222222</cbc:CompanyID>
                        <cac:TaxScheme>
                           <cbc:ID>VAT</cbc:ID>
                        </cac:TaxScheme>
                     </cac:PartyTaxScheme>
                     <cac:PartyLegalEntity>
                        <cbc:RegistrationName>Fake Customer</cbc:RegistrationName>
                        <cbc:CompanyID schemeID="BE:CBE">2222222222</cbc:CompanyID>
                     </cac:PartyLegalEntity>
                  </cac:Party>
               </cac:AccountingCustomerParty>
               <cac:PaymentMeans>
                  <cbc:PaymentMeansCode listID="UNCL4461">1</cbc:PaymentMeansCode>
                  <cbc:PaymentDueDate>2018-05-31</cbc:PaymentDueDate>
                  <cbc:PaymentChannelCode>IBAN</cbc:PaymentChannelCode>
                  <cbc:InstructionNote>SIMPLE TEST TO FAKE CUSTOMER</cbc:InstructionNote>
                  <cac:PayeeFinancialAccount>
                     <cbc:ID schemeID="IBAN">BE86736009252450</cbc:ID>
                     <cac:FinancialInstitutionBranch>
                        <cac:FinancialInstitution>
                           <cbc:ID schemeID="BIC">KREDBEBB</cbc:ID>
                        </cac:FinancialInstitution>
                     </cac:FinancialInstitutionBranch>
                  </cac:PayeeFinancialAccount>
               </cac:PaymentMeans>
               <cac:TaxTotal>
                  <cbc:TaxAmount currencyID="EUR">21.00</cbc:TaxAmount>
                  <cac:TaxSubtotal>
                     <cbc:TaxableAmount currencyID="EUR">100.00</cbc:TaxableAmount>
                     <cbc:TaxAmount currencyID="EUR">21.00</cbc:TaxAmount>
                     <cac:TaxCategory>
                        <cbc:ID schemeID="UNCL5305">S</cbc:ID>
                        <cbc:Percent>21.00</cbc:Percent>
                        <cac:TaxScheme>
                           <cbc:ID>VAT</cbc:ID>
                        </cac:TaxScheme>
                     </cac:TaxCategory>
                  </cac:TaxSubtotal>
               </cac:TaxTotal>
               <cac:LegalMonetaryTotal>
                  <cbc:LineExtensionAmount currencyID="EUR">100.00</cbc:LineExtensionAmount>
                  <cbc:TaxExclusiveAmount currencyID="EUR">100.00</cbc:TaxExclusiveAmount>
                  <cbc:TaxInclusiveAmount currencyID="EUR">121.00</cbc:TaxInclusiveAmount>
                  <cbc:PayableAmount currencyID="EUR">121.00</cbc:PayableAmount>
               </cac:LegalMonetaryTotal>
               <cac:InvoiceLine>
                  <cbc:ID>1</cbc:ID>
                  <cbc:InvoicedQuantity unitCode="NAR" unitCodeListID="UNECERec20">1.00</cbc:InvoicedQuantity>
                  <cbc:LineExtensionAmount currencyID="EUR">100.00</cbc:LineExtensionAmount>
                  <cac:TaxTotal>
                     <cbc:TaxAmount currencyID="EUR">21.00</cbc:TaxAmount>
                  </cac:TaxTotal>
                  <cac:Item>
                     <cbc:Description>Line1 description - may be long</cbc:Description>
                     <cbc:Name>Line1max50char</cbc:Name>
                     <cac:ClassifiedTaxCategory>
                        <cbc:ID schemeID="UNCL5305">S</cbc:ID>
                        <cbc:Percent>21.00</cbc:Percent>
                        <cac:TaxScheme>
                           <cbc:ID>VAT</cbc:ID>
                        </cac:TaxScheme>
                     </cac:ClassifiedTaxCategory>
                  </cac:Item>
                  <cac:Price>
                     <cbc:PriceAmount currencyID="EUR">100.00</cbc:PriceAmount>
                     <cbc:BaseQuantity>1.00</cbc:BaseQuantity>
                  </cac:Price>
               </cac:InvoiceLine>
            </Invoice>
            </v12:document>
         </v2:request>
      </v2:submitDocumentRequest>
   </soapenv:Body>
</soapenv:Envelope>]]></con:request><con:assertion type="SOAP Fault Assertion" id="52489b25-8ca7-4c81-9018-26b10aad1303" name="Not SOAP Fault"/><con:assertion type="SOAP Response" id="fad7362a-2529-40c2-98c7-e30c48b28bb7" name="SOAP Response"/><con:assertion type="Schema Compliance" id="079f14ba-7c39-4e96-a2b3-c5e9eb455f34" name="Schema Compliance"><con:configuration/></con:assertion><con:wsaConfig action="http://fidus.brussels/services/invoiceservice/submitDocument"/></con:request></con:config></con:testStep><con:testStep type="request" id="9fc991e1-2fe4-4521-bb97-e8ea4641eb0a" name="testcase4 - Staging - Worker2 - Request"><con:settings/><con:config xsi:type="con:RequestStep" xmlns:xsi="http://www.w3.org/2001/XMLSchema-instance"><con:interface>InvoiceServiceHTTPBinding</con:interface><con:operation>submitDocument</con:operation><con:request name="testcase4 - Staging - Worker2 - Request" id="73949a5f-17c2-428b-9026-2e38e4321f62" outgoingWss="Outflow STAG"><con:settings/><con:encoding>UTF-8</con:encoding><con:endpoint>https://192.168.24.64:8443/services/InvoiceService_v2.0</con:endpoint><con:request><![CDATA[<soapenv:Envelope xmlns:soapenv="http://schemas.xmlsoap.org/soap/envelope/" xmlns:v2="http://fidus.brussels/service/invoiceservice/messages/v2.0" xmlns:v1="http://fidus.brussels/service/invoiceservice/messages/v1.2" xmlns:v11="http://fidus.brussels/type/common/messages/v1" xmlns:urn="urn:oasis:names:specification:ubl:schema:xsd:ApplicationResponse-2" xmlns:urn1="urn:oasis:names:specification:ubl:schema:xsd:CommonExtensionComponents-2" xmlns:urn2="urn:oasis:names:specification:ubl:schema:xsd:CommonBasicComponents-2" xmlns:urn3="urn:oasis:names:specification:ubl:schema:xsd:CommonAggregateComponents-2">
   <soapenv:Header/>
   <soapenv:Body>
      <v2:submitDocumentRequest>
         <v2:messageContext>
            <v11:messageId>?</v11:messageId>
         </v2:messageContext>
         <v2:legalContext>ServiceIntegrator</v2:legalContext>
         <v2:request>
            <v12:document xmlns:v12="http://fsb.belgium.be/einvoicing/simpleprior/v1_00">                
            <Invoice xmlns="urn:oasis:names:specification:ubl:schema:xsd:Invoice-2"
                    xmlns:cbc="urn:oasis:names:specification:ubl:schema:xsd:CommonBasicComponents-2"
                    xmlns:cac="urn:oasis:names:specification:ubl:schema:xsd:CommonAggregateComponents-2">
               <cbc:UBLVersionID>2.1</cbc:UBLVersionID>
               <cbc:CustomizationID>urn:www.cenbii.eu:transaction:biitrns010:ver2.0:extended:urn:www.peppol.eu:bis:peppol5a:ver2.0</cbc:CustomizationID>
               <cbc:ProfileID>urn:www.cenbii.eu:profile:bii05:ver2.0</cbc:ProfileID>
               <cbc:ID>118120479086FAKNOV-13-5B</cbc:ID>
               <cbc:IssueDate>2018-06-12</cbc:IssueDate>
               <cbc:InvoiceTypeCode listID="UNCL1001">380</cbc:InvoiceTypeCode>
               <cbc:DocumentCurrencyCode listID="ISO4217">EUR</cbc:DocumentCurrencyCode>
               <cac:AccountingSupplierParty>
                  <cac:Party>
                     <cac:PartyIdentification>
                        <cbc:ID schemeID="BE:CBE">0200013901</cbc:ID>
                     </cac:PartyIdentification>
                     <cac:PartyName>
                        <cbc:Name>ACME</cbc:Name>
                     </cac:PartyName>
                     <cac:PostalAddress>
                        <cbc:StreetName>Simon Bolivarlaan 30/9</cbc:StreetName>
                        <cbc:CityName>BRUSSEL</cbc:CityName>
                        <cbc:PostalZone>1000</cbc:PostalZone>
                        <cac:Country>
                           <cbc:IdentificationCode listID="ISO3166-1:Alpha2">BE</cbc:IdentificationCode>
                        </cac:Country>
                     </cac:PostalAddress>
                     <cac:PartyTaxScheme>
                        <cbc:CompanyID schemeID="BE:VAT">BE0200013901</cbc:CompanyID>
                        <cac:TaxScheme>
                           <cbc:ID>VAT</cbc:ID>
                        </cac:TaxScheme>
                     </cac:PartyTaxScheme>
                     <cac:PartyLegalEntity>
                        <cbc:RegistrationName>D.W. Soft bvba</cbc:RegistrationName>
                        <cbc:CompanyID schemeID="BE:CBE">0200013901</cbc:CompanyID>
                     </cac:PartyLegalEntity>
                     <cac:Contact>
                        <cbc:ElectronicMail>dirk.willekens@dwsoft.be</cbc:ElectronicMail>
                     </cac:Contact>
                  </cac:Party>
               </cac:AccountingSupplierParty>
               <cac:AccountingCustomerParty>
                  <cac:Party>
                     <cac:PartyIdentification>
                        <cbc:ID schemeID="BE:CBE">2222222222</cbc:ID>
                     </cac:PartyIdentification>
                     <cac:PartyName>
                        <cbc:Name>Fake customer</cbc:Name>
                     </cac:PartyName>
                     <cac:PostalAddress>
                        <cbc:StreetName>Simon Bolivarlaan 34</cbc:StreetName>
                        <cbc:CityName>ANTWERPEN</cbc:CityName>
                        <cbc:PostalZone>2000</cbc:PostalZone>
                        <cac:Country>
                           <cbc:IdentificationCode listID="ISO3166-1:Alpha2">BE</cbc:IdentificationCode>
                        </cac:Country>
                     </cac:PostalAddress>
                     <cac:PartyTaxScheme>
                        <cbc:CompanyID schemeID="BE:VAT">BE2222222222</cbc:CompanyID>
                        <cac:TaxScheme>
                           <cbc:ID>VAT</cbc:ID>
                        </cac:TaxScheme>
                     </cac:PartyTaxScheme>
                     <cac:PartyLegalEntity>
                        <cbc:RegistrationName>Fake Customer</cbc:RegistrationName>
                        <cbc:CompanyID schemeID="BE:CBE">2222222222</cbc:CompanyID>
                     </cac:PartyLegalEntity>
                  </cac:Party>
               </cac:AccountingCustomerParty>
               <cac:PaymentMeans>
                  <cbc:PaymentMeansCode listID="UNCL4461">1</cbc:PaymentMeansCode>
                  <cbc:PaymentDueDate>2018-05-31</cbc:PaymentDueDate>
                  <cbc:PaymentChannelCode>IBAN</cbc:PaymentChannelCode>
                  <cbc:InstructionNote>SIMPLE TEST TO FAKE CUSTOMER</cbc:InstructionNote>
                  <cac:PayeeFinancialAccount>
                     <cbc:ID schemeID="IBAN">BE86736009252450</cbc:ID>
                     <cac:FinancialInstitutionBranch>
                        <cac:FinancialInstitution>
                           <cbc:ID schemeID="BIC">KREDBEBB</cbc:ID>
                        </cac:FinancialInstitution>
                     </cac:FinancialInstitutionBranch>
                  </cac:PayeeFinancialAccount>
               </cac:PaymentMeans>
               <cac:TaxTotal>
                  <cbc:TaxAmount currencyID="EUR">21.00</cbc:TaxAmount>
                  <cac:TaxSubtotal>
                     <cbc:TaxableAmount currencyID="EUR">100.00</cbc:TaxableAmount>
                     <cbc:TaxAmount currencyID="EUR">21.00</cbc:TaxAmount>
                     <cac:TaxCategory>
                        <cbc:ID schemeID="UNCL5305">S</cbc:ID>
                        <cbc:Percent>21.00</cbc:Percent>
                        <cac:TaxScheme>
                           <cbc:ID>VAT</cbc:ID>
                        </cac:TaxScheme>
                     </cac:TaxCategory>
                  </cac:TaxSubtotal>
               </cac:TaxTotal>
               <cac:LegalMonetaryTotal>
                  <cbc:LineExtensionAmount currencyID="EUR">100.00</cbc:LineExtensionAmount>
                  <cbc:TaxExclusiveAmount currencyID="EUR">100.00</cbc:TaxExclusiveAmount>
                  <cbc:TaxInclusiveAmount currencyID="EUR">121.00</cbc:TaxInclusiveAmount>
                  <cbc:PayableAmount currencyID="EUR">121.00</cbc:PayableAmount>
               </cac:LegalMonetaryTotal>
               <cac:InvoiceLine>
                  <cbc:ID>1</cbc:ID>
                  <cbc:InvoicedQuantity unitCode="NAR" unitCodeListID="UNECERec20">1.00</cbc:InvoicedQuantity>
                  <cbc:LineExtensionAmount currencyID="EUR">100.00</cbc:LineExtensionAmount>
                  <cac:TaxTotal>
                     <cbc:TaxAmount currencyID="EUR">21.00</cbc:TaxAmount>
                  </cac:TaxTotal>
                  <cac:Item>
                     <cbc:Description>Line1 description - may be long</cbc:Description>
                     <cbc:Name>Line1max50char</cbc:Name>
                     <cac:ClassifiedTaxCategory>
                        <cbc:ID schemeID="UNCL5305">S</cbc:ID>
                        <cbc:Percent>21.00</cbc:Percent>
                        <cac:TaxScheme>
                           <cbc:ID>VAT</cbc:ID>
                        </cac:TaxScheme>
                     </cac:ClassifiedTaxCategory>
                  </cac:Item>
                  <cac:Price>
                     <cbc:PriceAmount currencyID="EUR">100.00</cbc:PriceAmount>
                     <cbc:BaseQuantity>1.00</cbc:BaseQuantity>
                  </cac:Price>
               </cac:InvoiceLine>
            </Invoice>
            </v12:document>
         </v2:request>
      </v2:submitDocumentRequest>
   </soapenv:Body>
</soapenv:Envelope>]]></con:request><con:assertion type="SOAP Fault Assertion" id="6e6d5291-9bc7-4794-b786-6c4374d6dc70" name="Not SOAP Fault"/><con:assertion type="SOAP Response" id="1b125723-4739-4f7b-be42-d033163b95ff" name="SOAP Response"/><con:assertion type="Schema Compliance" id="6c2ec185-e0cb-40b6-9402-f78148f20d75" name="Schema Compliance"><con:configuration/></con:assertion><con:wsaConfig action="http://fidus.brussels/services/invoiceservice/submitDocument"/></con:request></con:config></con:testStep><con:properties/></con:testCase><con:testCase id="868ff083-2a99-48cd-8dfb-7c2a566c73e8" failOnError="true" failTestCaseOnErrors="true" keepSession="false" maxResults="0" name="submitInboxRequest" searchProperties="true"><con:settings/><con:testStep type="request" id="93f9d01b-da7e-4d6d-b128-9ce9a0ea9456" name="testcase4 - Staging - External - Request"><con:settings/><con:config xsi:type="con:RequestStep" xmlns:xsi="http://www.w3.org/2001/XMLSchema-instance"><con:interface>InvoiceServiceHTTPBinding</con:interface><con:operation>submitInboxRequest</con:operation><con:request name="testcase4 - Staging - External - Request" id="945701bd-b2f1-4bb9-8329-bd59424301cd" outgoingWss="Outflow STAG"><con:settings/><con:encoding>UTF-8</con:encoding><con:endpoint>https://fidus.irisnetlab.be/services/InvoiceService_v2.0</con:endpoint><con:request><![CDATA[<soapenv:Envelope xmlns:soapenv="http://schemas.xmlsoap.org/soap/envelope/" xmlns:v2="http://fidus.brussels/service/invoiceservice/messages/v2.0" xmlns:v11="http://fidus.brussels/type/common/messages/v1">
   <soapenv:Header/>
   <soapenv:Body>
      <v2:submitInboxRequestRequest>
         <v2:messageContext>
            <v11:messageId>?</v11:messageId>
         </v2:messageContext>
         <v2:legalContext>ServiceIntegrator</v2:legalContext>
         <v2:request>
            <v12:receiverId xmlns:v12="http://fsb.belgium.be/einvoicing/simpleprior/v1_00">2222222222</v12:receiverId>
            <v12:senderId xmlns:v12="http://fsb.belgium.be/einvoicing/simpleprior/v1_00">0200013901</v12:senderId>        
         </v2:request>
      </v2:submitInboxRequestRequest>
   </soapenv:Body>
</soapenv:Envelope>]]></con:request><con:assertion type="SOAP Fault Assertion" id="5f61d1d2-5e71-4a06-843a-b2c51bc1ed63" name="Not SOAP Fault"/><con:assertion type="SOAP Response" id="8d827bf9-76ca-442b-ab46-016cc9d1b087" name="SOAP Response"/><con:assertion type="Schema Compliance" id="e32352f5-7c98-48a7-ba29-2de4769cb0b9" name="Schema Compliance"><con:configuration/></con:assertion><con:wsaConfig action="http://fidus.brussels/services/invoiceservice/submitInboxRequest"/></con:request></con:config></con:testStep><con:testStep type="request" id="9020327b-16ec-417f-894b-ca24a3bd615a" name="testcase4 - Staging - LB - Request"><con:settings/><con:config xsi:type="con:RequestStep" xmlns:xsi="http://www.w3.org/2001/XMLSchema-instance"><con:interface>InvoiceServiceHTTPBinding</con:interface><con:operation>submitInboxRequest</con:operation><con:request name="testcase4 - Staging - LB - Request" id="70e30222-5845-4c15-9819-8c3720b16ba5" outgoingWss="Outflow STAG"><con:settings/><con:encoding>UTF-8</con:encoding><con:endpoint>https://fidus-esb-sg.sta.srv.cirb.lan:8443/services/InvoiceService_v2.0</con:endpoint><con:request><![CDATA[<soapenv:Envelope xmlns:soapenv="http://schemas.xmlsoap.org/soap/envelope/" xmlns:v2="http://fidus.brussels/service/invoiceservice/messages/v2.0" xmlns:v11="http://fidus.brussels/type/common/messages/v1">
   <soapenv:Header/>
   <soapenv:Body>
      <v2:submitInboxRequestRequest>
         <v2:messageContext>
            <v11:messageId>?</v11:messageId>
         </v2:messageContext>
         <v2:legalContext>ServiceIntegrator</v2:legalContext>
         <v2:request>
            <v12:receiverId xmlns:v12="http://fsb.belgium.be/einvoicing/simpleprior/v1_00">2222222222</v12:receiverId>
            <v12:senderId xmlns:v12="http://fsb.belgium.be/einvoicing/simpleprior/v1_00">0200013901</v12:senderId>        
         </v2:request>
      </v2:submitInboxRequestRequest>
   </soapenv:Body>
</soapenv:Envelope>]]></con:request><con:assertion type="SOAP Fault Assertion" id="56533a68-83c2-47b0-940f-b87436d13bc5" name="Not SOAP Fault"/><con:assertion type="SOAP Response" id="24fdeab8-3ea6-4f8e-8704-d0269ede7281" name="SOAP Response"/><con:assertion type="Schema Compliance" id="d9f9e910-35a9-43d5-935f-6f53ad59775e" name="Schema Compliance"><con:configuration/></con:assertion><con:wsaConfig action="http://fidus.brussels/services/invoiceservice/submitInboxRequest"/></con:request></con:config></con:testStep><con:testStep type="request" id="173be654-4dfd-4bdb-b7de-c3985f7a4128" name="testcase4 - Staging - Worker1 - Request"><con:settings/><con:config xsi:type="con:RequestStep" xmlns:xsi="http://www.w3.org/2001/XMLSchema-instance"><con:interface>InvoiceServiceHTTPBinding</con:interface><con:operation>submitInboxRequest</con:operation><con:request name="testcase4 - Staging - Worker1 - Request" id="322189a5-fe58-46d9-a320-73b597bf8c46" outgoingWss="Outflow STAG"><con:settings/><con:encoding>UTF-8</con:encoding><con:endpoint>https://192.168.24.57:8443/services/InvoiceService_v2.0</con:endpoint><con:request><![CDATA[<soapenv:Envelope xmlns:soapenv="http://schemas.xmlsoap.org/soap/envelope/" xmlns:v2="http://fidus.brussels/service/invoiceservice/messages/v2.0" xmlns:v11="http://fidus.brussels/type/common/messages/v1">
   <soapenv:Header/>
   <soapenv:Body>
      <v2:submitInboxRequestRequest>
         <v2:messageContext>
            <v11:messageId>?</v11:messageId>
         </v2:messageContext>
         <v2:legalContext>ServiceIntegrator</v2:legalContext>
         <v2:request>
            <v12:receiverId xmlns:v12="http://fsb.belgium.be/einvoicing/simpleprior/v1_00">2222222222</v12:receiverId>
            <v12:senderId xmlns:v12="http://fsb.belgium.be/einvoicing/simpleprior/v1_00">0200013901</v12:senderId>        
         </v2:request>
      </v2:submitInboxRequestRequest>
   </soapenv:Body>
</soapenv:Envelope>]]></con:request><con:assertion type="SOAP Fault Assertion" id="b2a5e57d-38d2-4798-80f6-5d8fa7e87487" name="Not SOAP Fault"/><con:assertion type="SOAP Response" id="38258110-1143-4d62-9c9a-05d49366f249" name="SOAP Response"/><con:assertion type="Schema Compliance" id="dd42f64a-029e-4994-b409-7f09ccfe0e52" name="Schema Compliance"><con:configuration/></con:assertion><con:wsaConfig action="http://fidus.brussels/services/invoiceservice/submitInboxRequest"/></con:request></con:config></con:testStep><con:testStep type="request" id="79dd691f-634f-4c9d-a894-9728561cf79c" name="testcase4 - Staging - Worker2 - Request"><con:settings/><con:config xsi:type="con:RequestStep" xmlns:xsi="http://www.w3.org/2001/XMLSchema-instance"><con:interface>InvoiceServiceHTTPBinding</con:interface><con:operation>submitInboxRequest</con:operation><con:request name="testcase4 - Staging - Worker2 - Request" id="35a5e3ff-3d93-4a25-9ce5-b4e34749b881" outgoingWss="Outflow STAG"><con:settings/><con:encoding>UTF-8</con:encoding><con:endpoint>https://192.168.24.64:8443/services/InvoiceService_v2.0</con:endpoint><con:request><![CDATA[<soapenv:Envelope xmlns:soapenv="http://schemas.xmlsoap.org/soap/envelope/" xmlns:v2="http://fidus.brussels/service/invoiceservice/messages/v2.0" xmlns:v11="http://fidus.brussels/type/common/messages/v1">
   <soapenv:Header/>
   <soapenv:Body>
      <v2:submitInboxRequestRequest>
         <v2:messageContext>
            <v11:messageId>?</v11:messageId>
         </v2:messageContext>
         <v2:legalContext>ServiceIntegrator</v2:legalContext>
         <v2:request>
            <v12:receiverId xmlns:v12="http://fsb.belgium.be/einvoicing/simpleprior/v1_00">2222222222</v12:receiverId>
            <v12:senderId xmlns:v12="http://fsb.belgium.be/einvoicing/simpleprior/v1_00">0200013901</v12:senderId>        
         </v2:request>
      </v2:submitInboxRequestRequest>
   </soapenv:Body>
</soapenv:Envelope>]]></con:request><con:assertion type="SOAP Fault Assertion" id="9a05f512-7cd9-4ea6-a370-197a662ad832" name="Not SOAP Fault"/><con:assertion type="SOAP Response" id="9c14cafc-4da0-46f1-9f85-74dfdda58db7" name="SOAP Response"/><con:assertion type="Schema Compliance" id="369e6d66-dfe3-4622-b706-da4e1e7bf379" name="Schema Compliance"><con:configuration/></con:assertion><con:wsaConfig action="http://fidus.brussels/services/invoiceservice/submitInboxRequest"/></con:request></con:config></con:testStep><con:properties/></con:testCase><con:properties/></con:testSuite><con:testSuite id="fddcd24e-1024-4c03-a1d0-7425811daca0" name="PROD"><con:settings/><con:runType>SEQUENTIAL</con:runType><con:testCase id="a0023b34-155f-4a61-8e3e-91cc3a993c17" failOnError="true" failTestCaseOnErrors="true" keepSession="false" maxResults="0" name="markDocument" searchProperties="true"><con:settings/><con:testStep type="request" id="1fb46d8f-1ca2-43f0-a10d-490adcc0beb6" name="testcase5 - Prod - External - Request"><con:settings/><con:config xsi:type="con:RequestStep" xmlns:xsi="http://www.w3.org/2001/XMLSchema-instance"><con:interface>InvoiceServiceHTTPBinding</con:interface><con:operation>markDocument</con:operation><con:request name="testcase5 - Prod - External - Request" id="a8f94753-15a0-4251-bee3-39bc0f8cb9ed" outgoingWss="Outflow PROD"><con:settings/><con:encoding>UTF-8</con:encoding><con:endpoint>https://fidus.sec.brussels/services/InvoiceService_v2.0</con:endpoint><con:request><![CDATA[<soapenv:Envelope xmlns:soapenv="http://schemas.xmlsoap.org/soap/envelope/" xmlns:v2="http://fidus.brussels/service/invoiceservice/messages/v2.0" xmlns:v11="http://fidus.brussels/type/common/messages/v1">
   <soapenv:Header/>
   <soapenv:Body>
      <v2:markDocumentRequest>
         <v2:messageContext>
            <v11:messageId>?</v11:messageId>
         </v2:messageContext>
         <v2:legalContext>ServiceIntegrator</v2:legalContext>
         <v2:request>
            <v12:receiverId xmlns:v12="http://fsb.belgium.be/einvoicing/simpleprior/v1_00">2222222222</v12:receiverId>
            <v12:senderId xmlns:v12="http://fsb.belgium.be/einvoicing/simpleprior/v1_00">0200013901</v12:senderId>
            <v12:documentType xmlns:v12="http://fsb.belgium.be/einvoicing/simpleprior/v1_00">380</v12:documentType>
            <v12:documentId xmlns:v12="http://fsb.belgium.be/einvoicing/simpleprior/v1_00">e878b54b-8a82-4bf3-8c8c-37eacdab2589</v12:documentId>         
         </v2:request>
      </v2:markDocumentRequest>
   </soapenv:Body>
</soapenv:Envelope>]]></con:request><con:assertion type="SOAP Fault Assertion" id="a7924689-30df-4adc-b82e-d00e2f975ce6" name="Not SOAP Fault"/><con:assertion type="SOAP Response" id="41232cd8-72e2-4cf5-9cca-3ab738d2b60d" name="SOAP Response"/><con:assertion type="Schema Compliance" id="1e477dcf-7c63-48a9-b57f-8f92d3b9e580" name="Schema Compliance"><con:configuration/></con:assertion><con:wsaConfig action="http://fidus.brussels/services/invoiceservice/markDocument"/></con:request></con:config></con:testStep><con:testStep type="request" id="44f07af1-1ea6-47f2-ac64-fa97de6d26eb" name="testcase5 - Prod - LB - Request"><con:settings/><con:config xsi:type="con:RequestStep" xmlns:xsi="http://www.w3.org/2001/XMLSchema-instance"><con:interface>InvoiceServiceHTTPBinding</con:interface><con:operation>markDocument</con:operation><con:request name="testcase5 - Prod - LB - Request" id="382ce0e6-a480-405f-aaf6-91e0d0e14bea" outgoingWss="Outflow PROD"><con:settings/><con:encoding>UTF-8</con:encoding><con:endpoint>https://fidus-esb-sg.prd.srv.cirb.lan:8443/services/InvoiceService_v2.0</con:endpoint><con:request><![CDATA[<soapenv:Envelope xmlns:soapenv="http://schemas.xmlsoap.org/soap/envelope/" xmlns:v2="http://fidus.brussels/service/invoiceservice/messages/v2.0" xmlns:v11="http://fidus.brussels/type/common/messages/v1">
   <soapenv:Header/>
   <soapenv:Body>
      <v2:markDocumentRequest>
         <v2:messageContext>
            <v11:messageId>?</v11:messageId>
         </v2:messageContext>
         <v2:legalContext>ServiceIntegrator</v2:legalContext>
         <v2:request>
            <v12:receiverId xmlns:v12="http://fsb.belgium.be/einvoicing/simpleprior/v1_00">2222222222</v12:receiverId>
            <v12:senderId xmlns:v12="http://fsb.belgium.be/einvoicing/simpleprior/v1_00">0200013901</v12:senderId>
            <v12:documentType xmlns:v12="http://fsb.belgium.be/einvoicing/simpleprior/v1_00">380</v12:documentType>
            <v12:documentId xmlns:v12="http://fsb.belgium.be/einvoicing/simpleprior/v1_00">e878b54b-8a82-4bf3-8c8c-37eacdab2589</v12:documentId>         
         </v2:request>
      </v2:markDocumentRequest>
   </soapenv:Body>
</soapenv:Envelope>]]></con:request><con:assertion type="SOAP Fault Assertion" id="2b774599-bd48-4537-bc4f-8320e7cf8f5d" name="Not SOAP Fault"/><con:assertion type="SOAP Response" id="3328d0f6-c5b5-4949-b86b-4c391d1bbffe" name="SOAP Response"/><con:assertion type="Schema Compliance" id="a533e88a-c213-47f6-b27b-c76cbc2758b6" name="Schema Compliance"><con:configuration/></con:assertion><con:wsaConfig action="http://fidus.brussels/services/invoiceservice/markDocument"/></con:request></con:config></con:testStep><con:testStep type="request" id="40cf5382-97c7-4436-bc1a-b44a49f3ef44" name="testcase5 - Prod - Worker1 - Request"><con:settings/><con:config xsi:type="con:RequestStep" xmlns:xsi="http://www.w3.org/2001/XMLSchema-instance"><con:interface>InvoiceServiceHTTPBinding</con:interface><con:operation>markDocument</con:operation><con:request name="testcase5 - Prod - Worker1 - Request" id="01c4de6d-ae6a-4dd0-a0c5-e575e0940e8d" outgoingWss="Outflow PROD"><con:settings/><con:encoding>UTF-8</con:encoding><con:endpoint>https://192.168.26.22:8443/services/InvoiceService_v2.0</con:endpoint><con:request><![CDATA[<soapenv:Envelope xmlns:soapenv="http://schemas.xmlsoap.org/soap/envelope/" xmlns:v2="http://fidus.brussels/service/invoiceservice/messages/v2.0" xmlns:v1="http://fidus.brussels/service/invoiceservice/messages/v1.2" xmlns:v11="http://fidus.brussels/type/common/messages/v1" xmlns:urn="urn:oasis:names:specification:ubl:schema:xsd:CommonAggregateComponents-2" xmlns:urn1="urn:oasis:names:specification:ubl:schema:xsd:CommonBasicComponents-2">
   <soapenv:Header/>
   <soapenv:Body>
      <v2:markDocumentRequest>
         <v2:messageContext>
            <v11:messageId>?</v11:messageId>
         </v2:messageContext>
         <v2:legalContext>?</v2:legalContext>
         <v2:request>
            <v12:receiverId xmlns:v12="http://fsb.belgium.be/einvoicing/simpleprior/v1_00">?</v12:receiverId>
            <v12:senderId xmlns:v12="http://fsb.belgium.be/einvoicing/simpleprior/v1_00">?</v12:senderId>
            <v12:documentType xmlns:v12="http://fsb.belgium.be/einvoicing/simpleprior/v1_00">?</v12:documentType>
            <v12:documentId xmlns:v12="http://fsb.belgium.be/einvoicing/simpleprior/v1_00">?</v12:documentId>
         </v2:request>
      </v2:markDocumentRequest>
   </soapenv:Body>
</soapenv:Envelope>]]></con:request><con:assertion type="SOAP Fault Assertion" id="3e822a12-77e6-4f88-81b7-ecba4a935428" name="Not SOAP Fault"/><con:assertion type="SOAP Response" id="1adc131e-e288-4525-ba9c-6402848e61c4" name="SOAP Response"/><con:assertion type="Schema Compliance" id="0056ad81-a309-4023-8981-5b6d5bd46dc5" name="Schema Compliance"><con:configuration/></con:assertion><con:wsaConfig action="http://fidus.brussels/services/invoiceservice/markDocument"/></con:request></con:config></con:testStep><con:testStep type="request" id="3e971a19-f3f1-4b70-8563-38f735df130c" name="testcase5 - Prod - Worker2 - Request"><con:settings/><con:config xsi:type="con:RequestStep" xmlns:xsi="http://www.w3.org/2001/XMLSchema-instance"><con:interface>InvoiceServiceHTTPBinding</con:interface><con:operation>markDocument</con:operation><con:request name="testcase5 - Prod - Worker2 - Request" id="dfd5a6ef-3332-4974-ad45-c4b365fe6f7f" outgoingWss="Outflow PROD"><con:settings/><con:encoding>UTF-8</con:encoding><con:endpoint>https://192.168.26.19:8443/services/InvoiceService_v2.0</con:endpoint><con:request><![CDATA[<soapenv:Envelope xmlns:soapenv="http://schemas.xmlsoap.org/soap/envelope/" xmlns:v2="http://fidus.brussels/service/invoiceservice/messages/v2.0" xmlns:v1="http://fidus.brussels/service/invoiceservice/messages/v1.2" xmlns:v11="http://fidus.brussels/type/common/messages/v1" xmlns:urn="urn:oasis:names:specification:ubl:schema:xsd:CommonAggregateComponents-2" xmlns:urn1="urn:oasis:names:specification:ubl:schema:xsd:CommonBasicComponents-2">
   <soapenv:Header/>
   <soapenv:Body>
      <v2:markDocumentRequest>
         <v2:messageContext>
            <v11:messageId>?</v11:messageId>
         </v2:messageContext>
         <v2:legalContext>?</v2:legalContext>
         <v2:request>
            <v12:receiverId xmlns:v12="http://fsb.belgium.be/einvoicing/simpleprior/v1_00">?</v12:receiverId>
            <v12:senderId xmlns:v12="http://fsb.belgium.be/einvoicing/simpleprior/v1_00">?</v12:senderId>
            <v12:documentType xmlns:v12="http://fsb.belgium.be/einvoicing/simpleprior/v1_00">?</v12:documentType>
            <v12:documentId xmlns:v12="http://fsb.belgium.be/einvoicing/simpleprior/v1_00">?</v12:documentId>
         </v2:request>
      </v2:markDocumentRequest>
   </soapenv:Body>
</soapenv:Envelope>]]></con:request><con:assertion type="SOAP Fault Assertion" id="57c12c92-fe3e-422b-ba71-34a8936cd0ad" name="Not SOAP Fault"/><con:assertion type="SOAP Response" id="bf4c73fc-9338-44a6-be86-f25f17479557" name="SOAP Response"/><con:assertion type="Schema Compliance" id="cd3973de-b14f-4b37-8372-7cc4658c760d" name="Schema Compliance"><con:configuration/></con:assertion><con:wsaConfig action="http://fidus.brussels/services/invoiceservice/markDocument"/></con:request></con:config></con:testStep><con:properties/></con:testCase><con:testCase id="78c36b21-d821-4193-8490-4a5dfe52b8aa" failOnError="true" failTestCaseOnErrors="true" keepSession="false" maxResults="0" name="retrieveDocument" searchProperties="true"><con:settings/><con:testStep type="request" id="3d24ed50-4aa3-4678-a8e8-797325b1d1ac" name="testcase5 - Prod - External - Request"><con:settings/><con:config xsi:type="con:RequestStep" xmlns:xsi="http://www.w3.org/2001/XMLSchema-instance"><con:interface>InvoiceServiceHTTPBinding</con:interface><con:operation>retrieveDocument</con:operation><con:request name="testcase5 - Prod - External - Request" id="ddfd9c7c-d58a-41f9-a544-266089046b18" outgoingWss="Outflow PROD"><con:settings/><con:encoding>UTF-8</con:encoding><con:endpoint>https://fidus.sec.brussels/services/InvoiceService_v2.0</con:endpoint><con:request><![CDATA[<soapenv:Envelope xmlns:soapenv="http://schemas.xmlsoap.org/soap/envelope/" xmlns:v2="http://fidus.brussels/service/invoiceservice/messages/v2.0" xmlns:v11="http://fidus.brussels/type/common/messages/v1">
   <soapenv:Header/>
   <soapenv:Body>
      <v2:retrieveDocumentRequest>
         <v2:messageContext>
            <v11:messageId>?</v11:messageId>
         </v2:messageContext>
         <v2:legalContext>ServiceIntegrator</v2:legalContext>
         <v2:request>
            <v12:receiverId xmlns:v12="http://fsb.belgium.be/einvoicing/simpleprior/v1_00">0463152333</v12:receiverId>
            <v12:senderId xmlns:v12="http://fsb.belgium.be/einvoicing/simpleprior/v1_00">0200013901</v12:senderId>
            <v12:documentType xmlns:v12="http://fsb.belgium.be/einvoicing/simpleprior/v1_00">380</v12:documentType>
            <v12:documentId xmlns:v12="http://fsb.belgium.be/einvoicing/simpleprior/v1_00">118120479086FAKDEC-20-5B</v12:documentId>         
         </v2:request>
      </v2:retrieveDocumentRequest>
   </soapenv:Body>
</soapenv:Envelope>]]></con:request><con:assertion type="SOAP Fault Assertion" id="b806198d-ec00-4d71-9fae-532743eccdf9" name="Not SOAP Fault"/><con:assertion type="SOAP Response" id="59d0477f-fb2f-44ad-8d3b-82a073f3b40c" name="SOAP Response"/><con:assertion type="Schema Compliance" id="33613269-50ee-4c73-8153-42659508300b" name="Schema Compliance"><con:configuration/></con:assertion><con:wsaConfig action="http://fidus.brussels/services/invoiceservice/retrieveDocument"/></con:request></con:config></con:testStep><con:testStep type="request" id="1b0df7a4-7db5-4eae-bafd-83f90075243e" name="testcase5 - Prod - LB - Request"><con:settings/><con:config xsi:type="con:RequestStep" xmlns:xsi="http://www.w3.org/2001/XMLSchema-instance"><con:interface>InvoiceServiceHTTPBinding</con:interface><con:operation>retrieveDocument</con:operation><con:request name="testcase5 - Prod - LB - Request" id="777fee15-d58a-4cdb-9dde-2ae05495f7cf" outgoingWss="Outflow PROD"><con:settings/><con:encoding>UTF-8</con:encoding><con:endpoint>https://fidus-esb-sg.prd.srv.cirb.lan:8443/services/InvoiceService_v2.0</con:endpoint><con:request><![CDATA[<soapenv:Envelope xmlns:soapenv="http://schemas.xmlsoap.org/soap/envelope/" xmlns:v2="http://fidus.brussels/service/invoiceservice/messages/v2.0" xmlns:v11="http://fidus.brussels/type/common/messages/v1">
   <soapenv:Header/>
   <soapenv:Body>
      <v2:retrieveDocumentRequest>
         <v2:messageContext>
            <v11:messageId>?</v11:messageId>
         </v2:messageContext>
         <v2:legalContext>ServiceIntegrator</v2:legalContext>
         <v2:request>
            <v12:receiverId xmlns:v12="http://fsb.belgium.be/einvoicing/simpleprior/v1_00">0463152333</v12:receiverId>
            <v12:senderId xmlns:v12="http://fsb.belgium.be/einvoicing/simpleprior/v1_00">0200013901</v12:senderId>
            <v12:documentType xmlns:v12="http://fsb.belgium.be/einvoicing/simpleprior/v1_00">380</v12:documentType>
            <v12:documentId xmlns:v12="http://fsb.belgium.be/einvoicing/simpleprior/v1_00">118120479086FAKDEC-20-5B</v12:documentId>         
         </v2:request>
      </v2:retrieveDocumentRequest>
   </soapenv:Body>
</soapenv:Envelope>]]></con:request><con:assertion type="SOAP Fault Assertion" id="2a04401d-ce55-4796-b0ae-c11961828d13" name="Not SOAP Fault"/><con:assertion type="SOAP Response" id="3cb93610-f964-4bf9-bdd7-fded18894e98" name="SOAP Response"/><con:assertion type="Schema Compliance" id="c5a5efab-436c-4e0e-b403-80c769457c70" name="Schema Compliance"><con:configuration/></con:assertion><con:wsaConfig action="http://fidus.brussels/services/invoiceservice/retrieveDocument"/></con:request></con:config></con:testStep><con:testStep type="request" id="9034eadc-0f3a-43b0-ada2-5f9fbebb77c6" name="testcase5 - Prod - Worker1 - Request"><con:settings/><con:config xsi:type="con:RequestStep" xmlns:xsi="http://www.w3.org/2001/XMLSchema-instance"><con:interface>InvoiceServiceHTTPBinding</con:interface><con:operation>retrieveDocument</con:operation><con:request name="testcase5 - Prod - Worker1 - Request" id="eee7e30d-bfd7-41e5-b8e5-a88c6d2d8b9e" outgoingWss="Outflow PROD"><con:settings/><con:encoding>UTF-8</con:encoding><con:endpoint>https://192.168.26.22:8443/services/InvoiceService_v2.0</con:endpoint><con:request><![CDATA[<soapenv:Envelope xmlns:soapenv="http://schemas.xmlsoap.org/soap/envelope/" xmlns:v2="http://fidus.brussels/service/invoiceservice/messages/v2.0" xmlns:v11="http://fidus.brussels/type/common/messages/v1">
   <soapenv:Header/>
   <soapenv:Body>
      <v2:retrieveDocumentRequest>
         <v2:messageContext>
            <v11:messageId>?</v11:messageId>
         </v2:messageContext>
         <v2:legalContext>ServiceIntegrator</v2:legalContext>
         <v2:request>
            <v12:receiverId xmlns:v12="http://fsb.belgium.be/einvoicing/simpleprior/v1_00">0463152333</v12:receiverId>
            <v12:senderId xmlns:v12="http://fsb.belgium.be/einvoicing/simpleprior/v1_00">0200013901</v12:senderId>
            <v12:documentType xmlns:v12="http://fsb.belgium.be/einvoicing/simpleprior/v1_00">380</v12:documentType>
            <v12:documentId xmlns:v12="http://fsb.belgium.be/einvoicing/simpleprior/v1_00">118120479086FAKDEC-20-5B</v12:documentId>         
         </v2:request>
      </v2:retrieveDocumentRequest>
   </soapenv:Body>
</soapenv:Envelope>]]></con:request><con:assertion type="SOAP Fault Assertion" id="d0a33d81-d95e-4598-affd-b39049a0bc5f" name="Not SOAP Fault"/><con:assertion type="SOAP Response" id="8ace55f3-f283-4dab-9b97-ff365609b419" name="SOAP Response"/><con:assertion type="Schema Compliance" id="90c4bff1-b7f7-4103-b64b-659a4ebbce47" name="Schema Compliance"><con:configuration/></con:assertion><con:wsaConfig action="http://fidus.brussels/services/invoiceservice/retrieveDocument"/></con:request></con:config></con:testStep><con:testStep type="request" id="41749952-b612-4b8b-8323-1275bc85931f" name="testcase5 - Prod - Worker2 - Request"><con:settings/><con:config xsi:type="con:RequestStep" xmlns:xsi="http://www.w3.org/2001/XMLSchema-instance"><con:interface>InvoiceServiceHTTPBinding</con:interface><con:operation>retrieveDocument</con:operation><con:request name="testcase5 - Prod - Worker2 - Request" id="81d86f4e-9aac-4483-92a6-91db7fa40099" outgoingWss="Outflow PROD"><con:settings/><con:encoding>UTF-8</con:encoding><con:endpoint>https://192.168.26.19:8443/services/InvoiceService_v2.0</con:endpoint><con:request><![CDATA[<soapenv:Envelope xmlns:soapenv="http://schemas.xmlsoap.org/soap/envelope/" xmlns:v2="http://fidus.brussels/service/invoiceservice/messages/v2.0" xmlns:v11="http://fidus.brussels/type/common/messages/v1">
   <soapenv:Header/>
   <soapenv:Body>
      <v2:retrieveDocumentRequest>
         <v2:messageContext>
            <v11:messageId>?</v11:messageId>
         </v2:messageContext>
         <v2:legalContext>ServiceIntegrator</v2:legalContext>
         <v2:request>
            <v12:receiverId xmlns:v12="http://fsb.belgium.be/einvoicing/simpleprior/v1_00">0463152333</v12:receiverId>
            <v12:senderId xmlns:v12="http://fsb.belgium.be/einvoicing/simpleprior/v1_00">0200013901</v12:senderId>
            <v12:documentType xmlns:v12="http://fsb.belgium.be/einvoicing/simpleprior/v1_00">380</v12:documentType>
            <v12:documentId xmlns:v12="http://fsb.belgium.be/einvoicing/simpleprior/v1_00">118120479086FAKDEC-20-5B</v12:documentId>         
         </v2:request>
      </v2:retrieveDocumentRequest>
   </soapenv:Body>
</soapenv:Envelope>]]></con:request><con:assertion type="SOAP Fault Assertion" id="0de28cf2-a453-4b4e-bc1d-bf451247b9ca" name="Not SOAP Fault"/><con:assertion type="SOAP Response" id="db53641e-693a-47dc-9c68-b0083da1b5e2" name="SOAP Response"/><con:assertion type="Schema Compliance" id="c3d3c854-ab04-4642-a95e-011cabf53a56" name="Schema Compliance"><con:configuration/></con:assertion><con:wsaConfig action="http://fidus.brussels/services/invoiceservice/retrieveDocument"/></con:request></con:config></con:testStep><con:properties/></con:testCase><con:testCase id="2ed63958-7489-4542-a8cc-0f0914b28bd9" failOnError="true" failTestCaseOnErrors="true" keepSession="false" maxResults="0" name="submitDocument" searchProperties="true"><con:settings/><con:testStep type="request" id="39912320-0e3c-4afd-ba0d-5f2332b321ad" name="testcase5 - Prod - External - Request"><con:settings/><con:config xsi:type="con:RequestStep" xmlns:xsi="http://www.w3.org/2001/XMLSchema-instance"><con:interface>InvoiceServiceHTTPBinding</con:interface><con:operation>submitDocument</con:operation><con:request name="testcase5 - Prod - External - Request" id="141e0f4e-6a45-4516-b6e6-39b4988eb0ca" outgoingWss="Outflow PROD"><con:settings/><con:encoding>UTF-8</con:encoding><con:endpoint>https://fidus.sec.brussels/services/InvoiceService_v2.0</con:endpoint><con:request><![CDATA[<soapenv:Envelope xmlns:soapenv="http://schemas.xmlsoap.org/soap/envelope/" xmlns:v2="http://fidus.brussels/service/invoiceservice/messages/v2.0" xmlns:v1="http://fidus.brussels/service/invoiceservice/messages/v1.2" xmlns:v11="http://fidus.brussels/type/common/messages/v1" xmlns:urn="urn:oasis:names:specification:ubl:schema:xsd:ApplicationResponse-2" xmlns:urn1="urn:oasis:names:specification:ubl:schema:xsd:CommonExtensionComponents-2" xmlns:urn2="urn:oasis:names:specification:ubl:schema:xsd:CommonBasicComponents-2" xmlns:urn3="urn:oasis:names:specification:ubl:schema:xsd:CommonAggregateComponents-2">
   <soapenv:Header/>
   <soapenv:Body>
      <v2:submitDocumentRequest>
         <v2:messageContext>
            <v11:messageId>?</v11:messageId>
         </v2:messageContext>
         <v2:legalContext>ServiceIntegrator</v2:legalContext>
         <v2:request>
            <v12:document xmlns:v12="http://fsb.belgium.be/einvoicing/simpleprior/v1_00">                
            <Invoice xmlns="urn:oasis:names:specification:ubl:schema:xsd:Invoice-2"
                    xmlns:cbc="urn:oasis:names:specification:ubl:schema:xsd:CommonBasicComponents-2"
                    xmlns:cac="urn:oasis:names:specification:ubl:schema:xsd:CommonAggregateComponents-2">
               <cbc:UBLVersionID>2.1</cbc:UBLVersionID>
               <cbc:CustomizationID>urn:www.cenbii.eu:transaction:biitrns010:ver2.0:extended:urn:www.peppol.eu:bis:peppol5a:ver2.0</cbc:CustomizationID>
               <cbc:ProfileID>urn:www.cenbii.eu:profile:bii05:ver2.0</cbc:ProfileID>
               <cbc:ID>118120479086FAKNOV-13-5B</cbc:ID>
               <cbc:IssueDate>2018-06-12</cbc:IssueDate>
               <cbc:InvoiceTypeCode listID="UNCL1001">380</cbc:InvoiceTypeCode>
               <cbc:DocumentCurrencyCode listID="ISO4217">EUR</cbc:DocumentCurrencyCode>
               <cac:AccountingSupplierParty>
                  <cac:Party>
                     <cac:PartyIdentification>
                        <cbc:ID schemeID="BE:CBE">0200013901</cbc:ID>
                     </cac:PartyIdentification>
                     <cac:PartyName>
                        <cbc:Name>ACME</cbc:Name>
                     </cac:PartyName>
                     <cac:PostalAddress>
                        <cbc:StreetName>Simon Bolivarlaan 30/9</cbc:StreetName>
                        <cbc:CityName>BRUSSEL</cbc:CityName>
                        <cbc:PostalZone>1000</cbc:PostalZone>
                        <cac:Country>
                           <cbc:IdentificationCode listID="ISO3166-1:Alpha2">BE</cbc:IdentificationCode>
                        </cac:Country>
                     </cac:PostalAddress>
                     <cac:PartyTaxScheme>
                        <cbc:CompanyID schemeID="BE:VAT">BE0200013901</cbc:CompanyID>
                        <cac:TaxScheme>
                           <cbc:ID>VAT</cbc:ID>
                        </cac:TaxScheme>
                     </cac:PartyTaxScheme>
                     <cac:PartyLegalEntity>
                        <cbc:RegistrationName>D.W. Soft bvba</cbc:RegistrationName>
                        <cbc:CompanyID schemeID="BE:CBE">0200013901</cbc:CompanyID>
                     </cac:PartyLegalEntity>
                     <cac:Contact>
                        <cbc:ElectronicMail>dirk.willekens@dwsoft.be</cbc:ElectronicMail>
                     </cac:Contact>
                  </cac:Party>
               </cac:AccountingSupplierParty>
               <cac:AccountingCustomerParty>
                  <cac:Party>
                     <cac:PartyIdentification>
                        <cbc:ID schemeID="BE:CBE">2222222222</cbc:ID>
                     </cac:PartyIdentification>
                     <cac:PartyName>
                        <cbc:Name>Fake customer</cbc:Name>
                     </cac:PartyName>
                     <cac:PostalAddress>
                        <cbc:StreetName>Simon Bolivarlaan 34</cbc:StreetName>
                        <cbc:CityName>ANTWERPEN</cbc:CityName>
                        <cbc:PostalZone>2000</cbc:PostalZone>
                        <cac:Country>
                           <cbc:IdentificationCode listID="ISO3166-1:Alpha2">BE</cbc:IdentificationCode>
                        </cac:Country>
                     </cac:PostalAddress>
                     <cac:PartyTaxScheme>
                        <cbc:CompanyID schemeID="BE:VAT">BE2222222222</cbc:CompanyID>
                        <cac:TaxScheme>
                           <cbc:ID>VAT</cbc:ID>
                        </cac:TaxScheme>
                     </cac:PartyTaxScheme>
                     <cac:PartyLegalEntity>
                        <cbc:RegistrationName>Fake Customer</cbc:RegistrationName>
                        <cbc:CompanyID schemeID="BE:CBE">2222222222</cbc:CompanyID>
                     </cac:PartyLegalEntity>
                  </cac:Party>
               </cac:AccountingCustomerParty>
               <cac:PaymentMeans>
                  <cbc:PaymentMeansCode listID="UNCL4461">1</cbc:PaymentMeansCode>
                  <cbc:PaymentDueDate>2018-05-31</cbc:PaymentDueDate>
                  <cbc:PaymentChannelCode>IBAN</cbc:PaymentChannelCode>
                  <cbc:InstructionNote>SIMPLE TEST TO FAKE CUSTOMER</cbc:InstructionNote>
                  <cac:PayeeFinancialAccount>
                     <cbc:ID schemeID="IBAN">BE86736009252450</cbc:ID>
                     <cac:FinancialInstitutionBranch>
                        <cac:FinancialInstitution>
                           <cbc:ID schemeID="BIC">KREDBEBB</cbc:ID>
                        </cac:FinancialInstitution>
                     </cac:FinancialInstitutionBranch>
                  </cac:PayeeFinancialAccount>
               </cac:PaymentMeans>
               <cac:TaxTotal>
                  <cbc:TaxAmount currencyID="EUR">21.00</cbc:TaxAmount>
                  <cac:TaxSubtotal>
                     <cbc:TaxableAmount currencyID="EUR">100.00</cbc:TaxableAmount>
                     <cbc:TaxAmount currencyID="EUR">21.00</cbc:TaxAmount>
                     <cac:TaxCategory>
                        <cbc:ID schemeID="UNCL5305">S</cbc:ID>
                        <cbc:Percent>21.00</cbc:Percent>
                        <cac:TaxScheme>
                           <cbc:ID>VAT</cbc:ID>
                        </cac:TaxScheme>
                     </cac:TaxCategory>
                  </cac:TaxSubtotal>
               </cac:TaxTotal>
               <cac:LegalMonetaryTotal>
                  <cbc:LineExtensionAmount currencyID="EUR">100.00</cbc:LineExtensionAmount>
                  <cbc:TaxExclusiveAmount currencyID="EUR">100.00</cbc:TaxExclusiveAmount>
                  <cbc:TaxInclusiveAmount currencyID="EUR">121.00</cbc:TaxInclusiveAmount>
                  <cbc:PayableAmount currencyID="EUR">121.00</cbc:PayableAmount>
               </cac:LegalMonetaryTotal>
               <cac:InvoiceLine>
                  <cbc:ID>1</cbc:ID>
                  <cbc:InvoicedQuantity unitCode="NAR" unitCodeListID="UNECERec20">1.00</cbc:InvoicedQuantity>
                  <cbc:LineExtensionAmount currencyID="EUR">100.00</cbc:LineExtensionAmount>
                  <cac:TaxTotal>
                     <cbc:TaxAmount currencyID="EUR">21.00</cbc:TaxAmount>
                  </cac:TaxTotal>
                  <cac:Item>
                     <cbc:Description>Line1 description - may be long</cbc:Description>
                     <cbc:Name>Line1max50char</cbc:Name>
                     <cac:ClassifiedTaxCategory>
                        <cbc:ID schemeID="UNCL5305">S</cbc:ID>
                        <cbc:Percent>21.00</cbc:Percent>
                        <cac:TaxScheme>
                           <cbc:ID>VAT</cbc:ID>
                        </cac:TaxScheme>
                     </cac:ClassifiedTaxCategory>
                  </cac:Item>
                  <cac:Price>
                     <cbc:PriceAmount currencyID="EUR">100.00</cbc:PriceAmount>
                     <cbc:BaseQuantity>1.00</cbc:BaseQuantity>
                  </cac:Price>
               </cac:InvoiceLine>
            </Invoice>
            </v12:document>
         </v2:request>
      </v2:submitDocumentRequest>
   </soapenv:Body>
</soapenv:Envelope>]]></con:request><con:assertion type="SOAP Fault Assertion" id="1e73f508-2ab8-4f08-b868-22b8ca4543fc" name="Not SOAP Fault"/><con:assertion type="SOAP Response" id="952e6432-8f1b-4189-b50d-3b95e29baec0" name="SOAP Response"/><con:assertion type="Schema Compliance" id="1da8e7ca-c1b3-4f53-9ef6-de4bad8add71" name="Schema Compliance"><con:configuration/></con:assertion><con:wsaConfig action="http://fidus.brussels/services/invoiceservice/submitDocument"/></con:request></con:config></con:testStep><con:testStep type="request" id="8098ade9-1064-4747-99c8-189a9ce59a52" name="testcase5 - Prod - LB - Request"><con:settings/><con:config xsi:type="con:RequestStep" xmlns:xsi="http://www.w3.org/2001/XMLSchema-instance"><con:interface>InvoiceServiceHTTPBinding</con:interface><con:operation>submitDocument</con:operation><con:request name="testcase5 - Prod - LB - Request" id="52ac3323-da69-4faf-9313-bae2ee593a34" outgoingWss="Outflow PROD"><con:settings/><con:encoding>UTF-8</con:encoding><con:endpoint>https://fidus-esb-sg.prd.srv.cirb.lan:8443/services/InvoiceService_v2.0</con:endpoint><con:request><![CDATA[<soapenv:Envelope xmlns:soapenv="http://schemas.xmlsoap.org/soap/envelope/" xmlns:v2="http://fidus.brussels/service/invoiceservice/messages/v2.0" xmlns:v1="http://fidus.brussels/service/invoiceservice/messages/v1.2" xmlns:v11="http://fidus.brussels/type/common/messages/v1" xmlns:urn="urn:oasis:names:specification:ubl:schema:xsd:ApplicationResponse-2" xmlns:urn1="urn:oasis:names:specification:ubl:schema:xsd:CommonExtensionComponents-2" xmlns:urn2="urn:oasis:names:specification:ubl:schema:xsd:CommonBasicComponents-2" xmlns:urn3="urn:oasis:names:specification:ubl:schema:xsd:CommonAggregateComponents-2">
   <soapenv:Header/>
   <soapenv:Body>
      <v2:submitDocumentRequest>
         <v2:messageContext>
            <v11:messageId>?</v11:messageId>
         </v2:messageContext>
         <v2:legalContext>ServiceIntegrator</v2:legalContext>
         <v2:request>
            <v12:document xmlns:v12="http://fsb.belgium.be/einvoicing/simpleprior/v1_00">                
            <Invoice xmlns="urn:oasis:names:specification:ubl:schema:xsd:Invoice-2"
                    xmlns:cbc="urn:oasis:names:specification:ubl:schema:xsd:CommonBasicComponents-2"
                    xmlns:cac="urn:oasis:names:specification:ubl:schema:xsd:CommonAggregateComponents-2">
               <cbc:UBLVersionID>2.1</cbc:UBLVersionID>
               <cbc:CustomizationID>urn:www.cenbii.eu:transaction:biitrns010:ver2.0:extended:urn:www.peppol.eu:bis:peppol5a:ver2.0</cbc:CustomizationID>
               <cbc:ProfileID>urn:www.cenbii.eu:profile:bii05:ver2.0</cbc:ProfileID>
               <cbc:ID>118120479086FAKNOV-13-5B</cbc:ID>
               <cbc:IssueDate>2018-06-12</cbc:IssueDate>
               <cbc:InvoiceTypeCode listID="UNCL1001">380</cbc:InvoiceTypeCode>
               <cbc:DocumentCurrencyCode listID="ISO4217">EUR</cbc:DocumentCurrencyCode>
               <cac:AccountingSupplierParty>
                  <cac:Party>
                     <cac:PartyIdentification>
                        <cbc:ID schemeID="BE:CBE">0200013901</cbc:ID>
                     </cac:PartyIdentification>
                     <cac:PartyName>
                        <cbc:Name>ACME</cbc:Name>
                     </cac:PartyName>
                     <cac:PostalAddress>
                        <cbc:StreetName>Simon Bolivarlaan 30/9</cbc:StreetName>
                        <cbc:CityName>BRUSSEL</cbc:CityName>
                        <cbc:PostalZone>1000</cbc:PostalZone>
                        <cac:Country>
                           <cbc:IdentificationCode listID="ISO3166-1:Alpha2">BE</cbc:IdentificationCode>
                        </cac:Country>
                     </cac:PostalAddress>
                     <cac:PartyTaxScheme>
                        <cbc:CompanyID schemeID="BE:VAT">BE0200013901</cbc:CompanyID>
                        <cac:TaxScheme>
                           <cbc:ID>VAT</cbc:ID>
                        </cac:TaxScheme>
                     </cac:PartyTaxScheme>
                     <cac:PartyLegalEntity>
                        <cbc:RegistrationName>D.W. Soft bvba</cbc:RegistrationName>
                        <cbc:CompanyID schemeID="BE:CBE">0200013901</cbc:CompanyID>
                     </cac:PartyLegalEntity>
                     <cac:Contact>
                        <cbc:ElectronicMail>dirk.willekens@dwsoft.be</cbc:ElectronicMail>
                     </cac:Contact>
                  </cac:Party>
               </cac:AccountingSupplierParty>
               <cac:AccountingCustomerParty>
                  <cac:Party>
                     <cac:PartyIdentification>
                        <cbc:ID schemeID="BE:CBE">2222222222</cbc:ID>
                     </cac:PartyIdentification>
                     <cac:PartyName>
                        <cbc:Name>Fake customer</cbc:Name>
                     </cac:PartyName>
                     <cac:PostalAddress>
                        <cbc:StreetName>Simon Bolivarlaan 34</cbc:StreetName>
                        <cbc:CityName>ANTWERPEN</cbc:CityName>
                        <cbc:PostalZone>2000</cbc:PostalZone>
                        <cac:Country>
                           <cbc:IdentificationCode listID="ISO3166-1:Alpha2">BE</cbc:IdentificationCode>
                        </cac:Country>
                     </cac:PostalAddress>
                     <cac:PartyTaxScheme>
                        <cbc:CompanyID schemeID="BE:VAT">BE2222222222</cbc:CompanyID>
                        <cac:TaxScheme>
                           <cbc:ID>VAT</cbc:ID>
                        </cac:TaxScheme>
                     </cac:PartyTaxScheme>
                     <cac:PartyLegalEntity>
                        <cbc:RegistrationName>Fake Customer</cbc:RegistrationName>
                        <cbc:CompanyID schemeID="BE:CBE">2222222222</cbc:CompanyID>
                     </cac:PartyLegalEntity>
                  </cac:Party>
               </cac:AccountingCustomerParty>
               <cac:PaymentMeans>
                  <cbc:PaymentMeansCode listID="UNCL4461">1</cbc:PaymentMeansCode>
                  <cbc:PaymentDueDate>2018-05-31</cbc:PaymentDueDate>
                  <cbc:PaymentChannelCode>IBAN</cbc:PaymentChannelCode>
                  <cbc:InstructionNote>SIMPLE TEST TO FAKE CUSTOMER</cbc:InstructionNote>
                  <cac:PayeeFinancialAccount>
                     <cbc:ID schemeID="IBAN">BE86736009252450</cbc:ID>
                     <cac:FinancialInstitutionBranch>
                        <cac:FinancialInstitution>
                           <cbc:ID schemeID="BIC">KREDBEBB</cbc:ID>
                        </cac:FinancialInstitution>
                     </cac:FinancialInstitutionBranch>
                  </cac:PayeeFinancialAccount>
               </cac:PaymentMeans>
               <cac:TaxTotal>
                  <cbc:TaxAmount currencyID="EUR">21.00</cbc:TaxAmount>
                  <cac:TaxSubtotal>
                     <cbc:TaxableAmount currencyID="EUR">100.00</cbc:TaxableAmount>
                     <cbc:TaxAmount currencyID="EUR">21.00</cbc:TaxAmount>
                     <cac:TaxCategory>
                        <cbc:ID schemeID="UNCL5305">S</cbc:ID>
                        <cbc:Percent>21.00</cbc:Percent>
                        <cac:TaxScheme>
                           <cbc:ID>VAT</cbc:ID>
                        </cac:TaxScheme>
                     </cac:TaxCategory>
                  </cac:TaxSubtotal>
               </cac:TaxTotal>
               <cac:LegalMonetaryTotal>
                  <cbc:LineExtensionAmount currencyID="EUR">100.00</cbc:LineExtensionAmount>
                  <cbc:TaxExclusiveAmount currencyID="EUR">100.00</cbc:TaxExclusiveAmount>
                  <cbc:TaxInclusiveAmount currencyID="EUR">121.00</cbc:TaxInclusiveAmount>
                  <cbc:PayableAmount currencyID="EUR">121.00</cbc:PayableAmount>
               </cac:LegalMonetaryTotal>
               <cac:InvoiceLine>
                  <cbc:ID>1</cbc:ID>
                  <cbc:InvoicedQuantity unitCode="NAR" unitCodeListID="UNECERec20">1.00</cbc:InvoicedQuantity>
                  <cbc:LineExtensionAmount currencyID="EUR">100.00</cbc:LineExtensionAmount>
                  <cac:TaxTotal>
                     <cbc:TaxAmount currencyID="EUR">21.00</cbc:TaxAmount>
                  </cac:TaxTotal>
                  <cac:Item>
                     <cbc:Description>Line1 description - may be long</cbc:Description>
                     <cbc:Name>Line1max50char</cbc:Name>
                     <cac:ClassifiedTaxCategory>
                        <cbc:ID schemeID="UNCL5305">S</cbc:ID>
                        <cbc:Percent>21.00</cbc:Percent>
                        <cac:TaxScheme>
                           <cbc:ID>VAT</cbc:ID>
                        </cac:TaxScheme>
                     </cac:ClassifiedTaxCategory>
                  </cac:Item>
                  <cac:Price>
                     <cbc:PriceAmount currencyID="EUR">100.00</cbc:PriceAmount>
                     <cbc:BaseQuantity>1.00</cbc:BaseQuantity>
                  </cac:Price>
               </cac:InvoiceLine>
            </Invoice>
            </v12:document>
         </v2:request>
      </v2:submitDocumentRequest>
   </soapenv:Body>
</soapenv:Envelope>]]></con:request><con:assertion type="SOAP Fault Assertion" id="028a36d1-80a6-493e-a127-1a4b71b26c75" name="Not SOAP Fault"/><con:assertion type="SOAP Response" id="270f51de-e8c5-4fd6-b987-04b392a7704d" name="SOAP Response"/><con:assertion type="Schema Compliance" id="63eb4795-f95b-4849-a25c-6c740e560336" name="Schema Compliance"><con:configuration/></con:assertion><con:wsaConfig action="http://fidus.brussels/services/invoiceservice/submitDocument"/></con:request></con:config></con:testStep><con:testStep type="request" id="4a5e37e7-cbd5-4da2-8d0f-5ac2745fd28d" name="testcase5 - Prod - Worker1 - Request"><con:settings/><con:config xsi:type="con:RequestStep" xmlns:xsi="http://www.w3.org/2001/XMLSchema-instance"><con:interface>InvoiceServiceHTTPBinding</con:interface><con:operation>submitDocument</con:operation><con:request name="testcase5 - Prod - Worker1 - Request" id="d53ff8ac-44ef-4b2e-8bb0-0b72083d02bd" outgoingWss="Outflow PROD"><con:settings/><con:encoding>UTF-8</con:encoding><con:endpoint>https://192.168.26.22:8443/services/InvoiceService_v2.0</con:endpoint><con:request><![CDATA[<soapenv:Envelope xmlns:soapenv="http://schemas.xmlsoap.org/soap/envelope/" xmlns:v2="http://fidus.brussels/service/invoiceservice/messages/v2.0" xmlns:v1="http://fidus.brussels/service/invoiceservice/messages/v1.2" xmlns:v11="http://fidus.brussels/type/common/messages/v1" xmlns:urn="urn:oasis:names:specification:ubl:schema:xsd:ApplicationResponse-2" xmlns:urn1="urn:oasis:names:specification:ubl:schema:xsd:CommonExtensionComponents-2" xmlns:urn2="urn:oasis:names:specification:ubl:schema:xsd:CommonBasicComponents-2" xmlns:urn3="urn:oasis:names:specification:ubl:schema:xsd:CommonAggregateComponents-2">
   <soapenv:Header/>
   <soapenv:Body>
      <v2:submitDocumentRequest>
         <v2:messageContext>
            <v11:messageId>?</v11:messageId>
         </v2:messageContext>
         <v2:legalContext>ServiceIntegrator</v2:legalContext>
         <v2:request>
            <v12:document xmlns:v12="http://fsb.belgium.be/einvoicing/simpleprior/v1_00">                
            <Invoice xmlns="urn:oasis:names:specification:ubl:schema:xsd:Invoice-2"
                    xmlns:cbc="urn:oasis:names:specification:ubl:schema:xsd:CommonBasicComponents-2"
                    xmlns:cac="urn:oasis:names:specification:ubl:schema:xsd:CommonAggregateComponents-2">
               <cbc:UBLVersionID>2.1</cbc:UBLVersionID>
               <cbc:CustomizationID>urn:www.cenbii.eu:transaction:biitrns010:ver2.0:extended:urn:www.peppol.eu:bis:peppol5a:ver2.0</cbc:CustomizationID>
               <cbc:ProfileID>urn:www.cenbii.eu:profile:bii05:ver2.0</cbc:ProfileID>
               <cbc:ID>118120479086FAKNOV-13-5B</cbc:ID>
               <cbc:IssueDate>2018-06-12</cbc:IssueDate>
               <cbc:InvoiceTypeCode listID="UNCL1001">380</cbc:InvoiceTypeCode>
               <cbc:DocumentCurrencyCode listID="ISO4217">EUR</cbc:DocumentCurrencyCode>
               <cac:AccountingSupplierParty>
                  <cac:Party>
                     <cac:PartyIdentification>
                        <cbc:ID schemeID="BE:CBE">0200013901</cbc:ID>
                     </cac:PartyIdentification>
                     <cac:PartyName>
                        <cbc:Name>ACME</cbc:Name>
                     </cac:PartyName>
                     <cac:PostalAddress>
                        <cbc:StreetName>Simon Bolivarlaan 30/9</cbc:StreetName>
                        <cbc:CityName>BRUSSEL</cbc:CityName>
                        <cbc:PostalZone>1000</cbc:PostalZone>
                        <cac:Country>
                           <cbc:IdentificationCode listID="ISO3166-1:Alpha2">BE</cbc:IdentificationCode>
                        </cac:Country>
                     </cac:PostalAddress>
                     <cac:PartyTaxScheme>
                        <cbc:CompanyID schemeID="BE:VAT">BE0200013901</cbc:CompanyID>
                        <cac:TaxScheme>
                           <cbc:ID>VAT</cbc:ID>
                        </cac:TaxScheme>
                     </cac:PartyTaxScheme>
                     <cac:PartyLegalEntity>
                        <cbc:RegistrationName>D.W. Soft bvba</cbc:RegistrationName>
                        <cbc:CompanyID schemeID="BE:CBE">0200013901</cbc:CompanyID>
                     </cac:PartyLegalEntity>
                     <cac:Contact>
                        <cbc:ElectronicMail>dirk.willekens@dwsoft.be</cbc:ElectronicMail>
                     </cac:Contact>
                  </cac:Party>
               </cac:AccountingSupplierParty>
               <cac:AccountingCustomerParty>
                  <cac:Party>
                     <cac:PartyIdentification>
                        <cbc:ID schemeID="BE:CBE">2222222222</cbc:ID>
                     </cac:PartyIdentification>
                     <cac:PartyName>
                        <cbc:Name>Fake customer</cbc:Name>
                     </cac:PartyName>
                     <cac:PostalAddress>
                        <cbc:StreetName>Simon Bolivarlaan 34</cbc:StreetName>
                        <cbc:CityName>ANTWERPEN</cbc:CityName>
                        <cbc:PostalZone>2000</cbc:PostalZone>
                        <cac:Country>
                           <cbc:IdentificationCode listID="ISO3166-1:Alpha2">BE</cbc:IdentificationCode>
                        </cac:Country>
                     </cac:PostalAddress>
                     <cac:PartyTaxScheme>
                        <cbc:CompanyID schemeID="BE:VAT">BE2222222222</cbc:CompanyID>
                        <cac:TaxScheme>
                           <cbc:ID>VAT</cbc:ID>
                        </cac:TaxScheme>
                     </cac:PartyTaxScheme>
                     <cac:PartyLegalEntity>
                        <cbc:RegistrationName>Fake Customer</cbc:RegistrationName>
                        <cbc:CompanyID schemeID="BE:CBE">2222222222</cbc:CompanyID>
                     </cac:PartyLegalEntity>
                  </cac:Party>
               </cac:AccountingCustomerParty>
               <cac:PaymentMeans>
                  <cbc:PaymentMeansCode listID="UNCL4461">1</cbc:PaymentMeansCode>
                  <cbc:PaymentDueDate>2018-05-31</cbc:PaymentDueDate>
                  <cbc:PaymentChannelCode>IBAN</cbc:PaymentChannelCode>
                  <cbc:InstructionNote>SIMPLE TEST TO FAKE CUSTOMER</cbc:InstructionNote>
                  <cac:PayeeFinancialAccount>
                     <cbc:ID schemeID="IBAN">BE86736009252450</cbc:ID>
                     <cac:FinancialInstitutionBranch>
                        <cac:FinancialInstitution>
                           <cbc:ID schemeID="BIC">KREDBEBB</cbc:ID>
                        </cac:FinancialInstitution>
                     </cac:FinancialInstitutionBranch>
                  </cac:PayeeFinancialAccount>
               </cac:PaymentMeans>
               <cac:TaxTotal>
                  <cbc:TaxAmount currencyID="EUR">21.00</cbc:TaxAmount>
                  <cac:TaxSubtotal>
                     <cbc:TaxableAmount currencyID="EUR">100.00</cbc:TaxableAmount>
                     <cbc:TaxAmount currencyID="EUR">21.00</cbc:TaxAmount>
                     <cac:TaxCategory>
                        <cbc:ID schemeID="UNCL5305">S</cbc:ID>
                        <cbc:Percent>21.00</cbc:Percent>
                        <cac:TaxScheme>
                           <cbc:ID>VAT</cbc:ID>
                        </cac:TaxScheme>
                     </cac:TaxCategory>
                  </cac:TaxSubtotal>
               </cac:TaxTotal>
               <cac:LegalMonetaryTotal>
                  <cbc:LineExtensionAmount currencyID="EUR">100.00</cbc:LineExtensionAmount>
                  <cbc:TaxExclusiveAmount currencyID="EUR">100.00</cbc:TaxExclusiveAmount>
                  <cbc:TaxInclusiveAmount currencyID="EUR">121.00</cbc:TaxInclusiveAmount>
                  <cbc:PayableAmount currencyID="EUR">121.00</cbc:PayableAmount>
               </cac:LegalMonetaryTotal>
               <cac:InvoiceLine>
                  <cbc:ID>1</cbc:ID>
                  <cbc:InvoicedQuantity unitCode="NAR" unitCodeListID="UNECERec20">1.00</cbc:InvoicedQuantity>
                  <cbc:LineExtensionAmount currencyID="EUR">100.00</cbc:LineExtensionAmount>
                  <cac:TaxTotal>
                     <cbc:TaxAmount currencyID="EUR">21.00</cbc:TaxAmount>
                  </cac:TaxTotal>
                  <cac:Item>
                     <cbc:Description>Line1 description - may be long</cbc:Description>
                     <cbc:Name>Line1max50char</cbc:Name>
                     <cac:ClassifiedTaxCategory>
                        <cbc:ID schemeID="UNCL5305">S</cbc:ID>
                        <cbc:Percent>21.00</cbc:Percent>
                        <cac:TaxScheme>
                           <cbc:ID>VAT</cbc:ID>
                        </cac:TaxScheme>
                     </cac:ClassifiedTaxCategory>
                  </cac:Item>
                  <cac:Price>
                     <cbc:PriceAmount currencyID="EUR">100.00</cbc:PriceAmount>
                     <cbc:BaseQuantity>1.00</cbc:BaseQuantity>
                  </cac:Price>
               </cac:InvoiceLine>
            </Invoice>
            </v12:document>
         </v2:request>
      </v2:submitDocumentRequest>
   </soapenv:Body>
</soapenv:Envelope>]]></con:request><con:assertion type="SOAP Fault Assertion" id="d9ea6fa3-c254-45ca-9dc1-4dc3396c73b1" name="Not SOAP Fault"/><con:assertion type="SOAP Response" id="f404d55a-16f3-4d9b-b1c1-4346ce20d165" name="SOAP Response"/><con:assertion type="Schema Compliance" id="8d6a108f-20bf-4555-8f5e-4362dcb7c707" name="Schema Compliance"><con:configuration/></con:assertion><con:wsaConfig action="http://fidus.brussels/services/invoiceservice/submitDocument"/></con:request></con:config></con:testStep><con:testStep type="request" id="99a9a803-e7e3-476d-b913-5968adb18beb" name="testcase5 - Prod - Worker2 - Request"><con:settings/><con:config xsi:type="con:RequestStep" xmlns:xsi="http://www.w3.org/2001/XMLSchema-instance"><con:interface>InvoiceServiceHTTPBinding</con:interface><con:operation>submitDocument</con:operation><con:request name="testcase5 - Prod - Worker2 - Request" id="13fe804d-9a56-451e-b3d5-9d2740cd9f0d" outgoingWss="Outflow PROD"><con:settings/><con:encoding>UTF-8</con:encoding><con:endpoint>https://192.168.26.19:8443/services/InvoiceService_v2.0</con:endpoint><con:request><![CDATA[<soapenv:Envelope xmlns:soapenv="http://schemas.xmlsoap.org/soap/envelope/" xmlns:v2="http://fidus.brussels/service/invoiceservice/messages/v2.0" xmlns:v1="http://fidus.brussels/service/invoiceservice/messages/v1.2" xmlns:v11="http://fidus.brussels/type/common/messages/v1" xmlns:urn="urn:oasis:names:specification:ubl:schema:xsd:ApplicationResponse-2" xmlns:urn1="urn:oasis:names:specification:ubl:schema:xsd:CommonExtensionComponents-2" xmlns:urn2="urn:oasis:names:specification:ubl:schema:xsd:CommonBasicComponents-2" xmlns:urn3="urn:oasis:names:specification:ubl:schema:xsd:CommonAggregateComponents-2">
   <soapenv:Header/>
   <soapenv:Body>
      <v2:submitDocumentRequest>
         <v2:messageContext>
            <v11:messageId>?</v11:messageId>
         </v2:messageContext>
         <v2:legalContext>ServiceIntegrator</v2:legalContext>
         <v2:request>
            <v12:document xmlns:v12="http://fsb.belgium.be/einvoicing/simpleprior/v1_00">                
            <Invoice xmlns="urn:oasis:names:specification:ubl:schema:xsd:Invoice-2"
                    xmlns:cbc="urn:oasis:names:specification:ubl:schema:xsd:CommonBasicComponents-2"
                    xmlns:cac="urn:oasis:names:specification:ubl:schema:xsd:CommonAggregateComponents-2">
               <cbc:UBLVersionID>2.1</cbc:UBLVersionID>
               <cbc:CustomizationID>urn:www.cenbii.eu:transaction:biitrns010:ver2.0:extended:urn:www.peppol.eu:bis:peppol5a:ver2.0</cbc:CustomizationID>
               <cbc:ProfileID>urn:www.cenbii.eu:profile:bii05:ver2.0</cbc:ProfileID>
               <cbc:ID>118120479086FAKNOV-13-5B</cbc:ID>
               <cbc:IssueDate>2018-06-12</cbc:IssueDate>
               <cbc:InvoiceTypeCode listID="UNCL1001">380</cbc:InvoiceTypeCode>
               <cbc:DocumentCurrencyCode listID="ISO4217">EUR</cbc:DocumentCurrencyCode>
               <cac:AccountingSupplierParty>
                  <cac:Party>
                     <cac:PartyIdentification>
                        <cbc:ID schemeID="BE:CBE">0200013901</cbc:ID>
                     </cac:PartyIdentification>
                     <cac:PartyName>
                        <cbc:Name>ACME</cbc:Name>
                     </cac:PartyName>
                     <cac:PostalAddress>
                        <cbc:StreetName>Simon Bolivarlaan 30/9</cbc:StreetName>
                        <cbc:CityName>BRUSSEL</cbc:CityName>
                        <cbc:PostalZone>1000</cbc:PostalZone>
                        <cac:Country>
                           <cbc:IdentificationCode listID="ISO3166-1:Alpha2">BE</cbc:IdentificationCode>
                        </cac:Country>
                     </cac:PostalAddress>
                     <cac:PartyTaxScheme>
                        <cbc:CompanyID schemeID="BE:VAT">BE0200013901</cbc:CompanyID>
                        <cac:TaxScheme>
                           <cbc:ID>VAT</cbc:ID>
                        </cac:TaxScheme>
                     </cac:PartyTaxScheme>
                     <cac:PartyLegalEntity>
                        <cbc:RegistrationName>D.W. Soft bvba</cbc:RegistrationName>
                        <cbc:CompanyID schemeID="BE:CBE">0200013901</cbc:CompanyID>
                     </cac:PartyLegalEntity>
                     <cac:Contact>
                        <cbc:ElectronicMail>dirk.willekens@dwsoft.be</cbc:ElectronicMail>
                     </cac:Contact>
                  </cac:Party>
               </cac:AccountingSupplierParty>
               <cac:AccountingCustomerParty>
                  <cac:Party>
                     <cac:PartyIdentification>
                        <cbc:ID schemeID="BE:CBE">2222222222</cbc:ID>
                     </cac:PartyIdentification>
                     <cac:PartyName>
                        <cbc:Name>Fake customer</cbc:Name>
                     </cac:PartyName>
                     <cac:PostalAddress>
                        <cbc:StreetName>Simon Bolivarlaan 34</cbc:StreetName>
                        <cbc:CityName>ANTWERPEN</cbc:CityName>
                        <cbc:PostalZone>2000</cbc:PostalZone>
                        <cac:Country>
                           <cbc:IdentificationCode listID="ISO3166-1:Alpha2">BE</cbc:IdentificationCode>
                        </cac:Country>
                     </cac:PostalAddress>
                     <cac:PartyTaxScheme>
                        <cbc:CompanyID schemeID="BE:VAT">BE2222222222</cbc:CompanyID>
                        <cac:TaxScheme>
                           <cbc:ID>VAT</cbc:ID>
                        </cac:TaxScheme>
                     </cac:PartyTaxScheme>
                     <cac:PartyLegalEntity>
                        <cbc:RegistrationName>Fake Customer</cbc:RegistrationName>
                        <cbc:CompanyID schemeID="BE:CBE">2222222222</cbc:CompanyID>
                     </cac:PartyLegalEntity>
                  </cac:Party>
               </cac:AccountingCustomerParty>
               <cac:PaymentMeans>
                  <cbc:PaymentMeansCode listID="UNCL4461">1</cbc:PaymentMeansCode>
                  <cbc:PaymentDueDate>2018-05-31</cbc:PaymentDueDate>
                  <cbc:PaymentChannelCode>IBAN</cbc:PaymentChannelCode>
                  <cbc:InstructionNote>SIMPLE TEST TO FAKE CUSTOMER</cbc:InstructionNote>
                  <cac:PayeeFinancialAccount>
                     <cbc:ID schemeID="IBAN">BE86736009252450</cbc:ID>
                     <cac:FinancialInstitutionBranch>
                        <cac:FinancialInstitution>
                           <cbc:ID schemeID="BIC">KREDBEBB</cbc:ID>
                        </cac:FinancialInstitution>
                     </cac:FinancialInstitutionBranch>
                  </cac:PayeeFinancialAccount>
               </cac:PaymentMeans>
               <cac:TaxTotal>
                  <cbc:TaxAmount currencyID="EUR">21.00</cbc:TaxAmount>
                  <cac:TaxSubtotal>
                     <cbc:TaxableAmount currencyID="EUR">100.00</cbc:TaxableAmount>
                     <cbc:TaxAmount currencyID="EUR">21.00</cbc:TaxAmount>
                     <cac:TaxCategory>
                        <cbc:ID schemeID="UNCL5305">S</cbc:ID>
                        <cbc:Percent>21.00</cbc:Percent>
                        <cac:TaxScheme>
                           <cbc:ID>VAT</cbc:ID>
                        </cac:TaxScheme>
                     </cac:TaxCategory>
                  </cac:TaxSubtotal>
               </cac:TaxTotal>
               <cac:LegalMonetaryTotal>
                  <cbc:LineExtensionAmount currencyID="EUR">100.00</cbc:LineExtensionAmount>
                  <cbc:TaxExclusiveAmount currencyID="EUR">100.00</cbc:TaxExclusiveAmount>
                  <cbc:TaxInclusiveAmount currencyID="EUR">121.00</cbc:TaxInclusiveAmount>
                  <cbc:PayableAmount currencyID="EUR">121.00</cbc:PayableAmount>
               </cac:LegalMonetaryTotal>
               <cac:InvoiceLine>
                  <cbc:ID>1</cbc:ID>
                  <cbc:InvoicedQuantity unitCode="NAR" unitCodeListID="UNECERec20">1.00</cbc:InvoicedQuantity>
                  <cbc:LineExtensionAmount currencyID="EUR">100.00</cbc:LineExtensionAmount>
                  <cac:TaxTotal>
                     <cbc:TaxAmount currencyID="EUR">21.00</cbc:TaxAmount>
                  </cac:TaxTotal>
                  <cac:Item>
                     <cbc:Description>Line1 description - may be long</cbc:Description>
                     <cbc:Name>Line1max50char</cbc:Name>
                     <cac:ClassifiedTaxCategory>
                        <cbc:ID schemeID="UNCL5305">S</cbc:ID>
                        <cbc:Percent>21.00</cbc:Percent>
                        <cac:TaxScheme>
                           <cbc:ID>VAT</cbc:ID>
                        </cac:TaxScheme>
                     </cac:ClassifiedTaxCategory>
                  </cac:Item>
                  <cac:Price>
                     <cbc:PriceAmount currencyID="EUR">100.00</cbc:PriceAmount>
                     <cbc:BaseQuantity>1.00</cbc:BaseQuantity>
                  </cac:Price>
               </cac:InvoiceLine>
            </Invoice>
            </v12:document>
         </v2:request>
      </v2:submitDocumentRequest>
   </soapenv:Body>
</soapenv:Envelope>]]></con:request><con:assertion type="SOAP Fault Assertion" id="64c3e891-c152-46a3-9953-ae9fb0f7fb10" name="Not SOAP Fault"/><con:assertion type="SOAP Response" id="6d9bc37e-33c1-4866-bdb2-2ca6f4a96062" name="SOAP Response"/><con:assertion type="Schema Compliance" id="07268b9c-482c-4cf7-9866-3a45586c93e4" name="Schema Compliance"><con:configuration/></con:assertion><con:wsaConfig action="http://fidus.brussels/services/invoiceservice/submitDocument"/></con:request></con:config></con:testStep><con:properties/></con:testCase><con:testCase id="8a17378d-9980-4748-84f0-a35cdf5336b8" failOnError="true" failTestCaseOnErrors="true" keepSession="false" maxResults="0" name="submitInboxRequest" searchProperties="true"><con:settings/><con:testStep type="request" id="33e54c8e-f8fe-4303-9786-9d960140f33f" name="testcase5 - Prod - External - Request"><con:settings/><con:config xsi:type="con:RequestStep" xmlns:xsi="http://www.w3.org/2001/XMLSchema-instance"><con:interface>InvoiceServiceHTTPBinding</con:interface><con:operation>submitInboxRequest</con:operation><con:request name="testcase5 - Prod - External - Request" id="f335a90c-8332-452a-9604-27931b2d9332" outgoingWss="Outflow PROD"><con:settings/><con:encoding>UTF-8</con:encoding><con:endpoint>https://fidus.sec.brussels/services/InvoiceService_v2.0</con:endpoint><con:request><![CDATA[<soapenv:Envelope xmlns:soapenv="http://schemas.xmlsoap.org/soap/envelope/" xmlns:v2="http://fidus.brussels/service/invoiceservice/messages/v2.0" xmlns:v11="http://fidus.brussels/type/common/messages/v1">
   <soapenv:Header/>
   <soapenv:Body>
      <v2:submitInboxRequestRequest>
         <v2:messageContext>
            <v11:messageId>?</v11:messageId>
         </v2:messageContext>
         <v2:legalContext>ServiceIntegrator</v2:legalContext>
         <v2:request>
            <v12:receiverId xmlns:v12="http://fsb.belgium.be/einvoicing/simpleprior/v1_00">2222222222</v12:receiverId>
            <v12:senderId xmlns:v12="http://fsb.belgium.be/einvoicing/simpleprior/v1_00">0200013901</v12:senderId>        
         </v2:request>
      </v2:submitInboxRequestRequest>
   </soapenv:Body>
</soapenv:Envelope>]]></con:request><con:assertion type="SOAP Fault Assertion" id="27ef031d-e0e5-4511-8fa8-ec92e0f1074d" name="Not SOAP Fault"/><con:assertion type="SOAP Response" id="79f789c8-9c7e-42d2-8406-f40aa765085e" name="SOAP Response"/><con:assertion type="Schema Compliance" id="e4aec5a0-600f-404a-8097-ca38b04f6cdf" name="Schema Compliance"><con:configuration/></con:assertion><con:wsaConfig action="http://fidus.brussels/services/invoiceservice/submitInboxRequest"/></con:request></con:config></con:testStep><con:testStep type="request" id="a7e55e36-dc7a-44f2-8dcc-b080fbacf6cc" name="testcase5 - Prod - LB - Request"><con:settings/><con:config xsi:type="con:RequestStep" xmlns:xsi="http://www.w3.org/2001/XMLSchema-instance"><con:interface>InvoiceServiceHTTPBinding</con:interface><con:operation>submitInboxRequest</con:operation><con:request name="testcase5 - Prod - LB - Request" id="cf0a4cc8-ce6e-4f95-8db6-9fc379093a98" outgoingWss="Outflow PROD"><con:settings/><con:encoding>UTF-8</con:encoding><con:endpoint>https://fidus-esb-sg.prd.srv.cirb.lan:8443/services/InvoiceService_v2.0</con:endpoint><con:request><![CDATA[<soapenv:Envelope xmlns:soapenv="http://schemas.xmlsoap.org/soap/envelope/" xmlns:v2="http://fidus.brussels/service/invoiceservice/messages/v2.0" xmlns:v11="http://fidus.brussels/type/common/messages/v1">
   <soapenv:Header/>
   <soapenv:Body>
      <v2:submitInboxRequestRequest>
         <v2:messageContext>
            <v11:messageId>?</v11:messageId>
         </v2:messageContext>
         <v2:legalContext>ServiceIntegrator</v2:legalContext>
         <v2:request>
            <v12:receiverId xmlns:v12="http://fsb.belgium.be/einvoicing/simpleprior/v1_00">2222222222</v12:receiverId>
            <v12:senderId xmlns:v12="http://fsb.belgium.be/einvoicing/simpleprior/v1_00">0200013901</v12:senderId>        
         </v2:request>
      </v2:submitInboxRequestRequest>
   </soapenv:Body>
</soapenv:Envelope>]]></con:request><con:assertion type="SOAP Fault Assertion" id="2459555f-b432-4725-9ea7-0eaee7fe379f" name="Not SOAP Fault"/><con:assertion type="SOAP Response" id="d67ff8bd-6be8-48a3-abe8-e1c51c0d712e" name="SOAP Response"/><con:assertion type="Schema Compliance" id="2966f5cf-f579-441f-a9d9-c0ae6a31db4e" name="Schema Compliance"><con:configuration/></con:assertion><con:wsaConfig action="http://fidus.brussels/services/invoiceservice/submitInboxRequest"/></con:request></con:config></con:testStep><con:testStep type="request" id="e0b424d4-5dcd-466a-803d-418dc5644a54" name="testcase5 - Prod - Worker1 - Request"><con:settings/><con:config xsi:type="con:RequestStep" xmlns:xsi="http://www.w3.org/2001/XMLSchema-instance"><con:interface>InvoiceServiceHTTPBinding</con:interface><con:operation>submitInboxRequest</con:operation><con:request name="testcase5 - Prod - Worker1 - Request" id="f0f8c79e-915f-40a9-8e51-6e2b2e8cb5ba" outgoingWss="Outflow PROD"><con:settings/><con:encoding>UTF-8</con:encoding><con:endpoint>https://192.168.26.22:8443/services/InvoiceService_v2.0</con:endpoint><con:request><![CDATA[<soapenv:Envelope xmlns:soapenv="http://schemas.xmlsoap.org/soap/envelope/" xmlns:v2="http://fidus.brussels/service/invoiceservice/messages/v2.0" xmlns:v11="http://fidus.brussels/type/common/messages/v1">
   <soapenv:Header/>
   <soapenv:Body>
      <v2:submitInboxRequestRequest>
         <v2:messageContext>
            <v11:messageId>?</v11:messageId>
         </v2:messageContext>
         <v2:legalContext>ServiceIntegrator</v2:legalContext>
         <v2:request>
            <v12:receiverId xmlns:v12="http://fsb.belgium.be/einvoicing/simpleprior/v1_00">2222222222</v12:receiverId>
            <v12:senderId xmlns:v12="http://fsb.belgium.be/einvoicing/simpleprior/v1_00">0200013901</v12:senderId>        
         </v2:request>
      </v2:submitInboxRequestRequest>
   </soapenv:Body>
</soapenv:Envelope>]]></con:request><con:assertion type="SOAP Fault Assertion" id="cfd5a2f2-dfb0-4da3-8a08-050b4bf35275" name="Not SOAP Fault"/><con:assertion type="SOAP Response" id="70ea6262-a262-4358-916c-ae2819a7d8ca" name="SOAP Response"/><con:assertion type="Schema Compliance" id="cfbcbfd2-857a-4d81-8ae3-489cacb27b14" name="Schema Compliance"><con:configuration/></con:assertion><con:wsaConfig action="http://fidus.brussels/services/invoiceservice/submitInboxRequest"/></con:request></con:config></con:testStep><con:testStep type="request" id="5ee896e4-f9c6-4c8a-9352-27ac2e5272fa" name="testcase5 - Prod - Worker2 - Request"><con:settings/><con:config xsi:type="con:RequestStep" xmlns:xsi="http://www.w3.org/2001/XMLSchema-instance"><con:interface>InvoiceServiceHTTPBinding</con:interface><con:operation>submitInboxRequest</con:operation><con:request name="testcase5 - Prod - Worker2 - Request" id="ffbca251-a25a-4b0f-a2b7-bc077cfd5155" outgoingWss="Outflow PROD"><con:settings/><con:encoding>UTF-8</con:encoding><con:endpoint>https://192.168.26.19:8443/services/InvoiceService_v2.0</con:endpoint><con:request><![CDATA[<soapenv:Envelope xmlns:soapenv="http://schemas.xmlsoap.org/soap/envelope/" xmlns:v2="http://fidus.brussels/service/invoiceservice/messages/v2.0" xmlns:v11="http://fidus.brussels/type/common/messages/v1">
   <soapenv:Header/>
   <soapenv:Body>
      <v2:submitInboxRequestRequest>
         <v2:messageContext>
            <v11:messageId>?</v11:messageId>
         </v2:messageContext>
         <v2:legalContext>ServiceIntegrator</v2:legalContext>
         <v2:request>
            <v12:receiverId xmlns:v12="http://fsb.belgium.be/einvoicing/simpleprior/v1_00">2222222222</v12:receiverId>
            <v12:senderId xmlns:v12="http://fsb.belgium.be/einvoicing/simpleprior/v1_00">0200013901</v12:senderId>        
         </v2:request>
      </v2:submitInboxRequestRequest>
   </soapenv:Body>
</soapenv:Envelope>]]></con:request><con:assertion type="SOAP Fault Assertion" id="e735255d-5f6e-4f07-b450-460e4b4812b1" name="Not SOAP Fault"/><con:assertion type="SOAP Response" id="a8a0e891-356a-4bad-ab5b-7fb28d5b5c50" name="SOAP Response"/><con:assertion type="Schema Compliance" id="2d5e4b3e-77ff-4407-a760-cfcfb7a09d69" name="Schema Compliance"><con:configuration/></con:assertion><con:wsaConfig action="http://fidus.brussels/services/invoiceservice/submitInboxRequest"/></con:request></con:config></con:testStep><con:properties/></con:testCase><con:properties/></con:testSuite><con:properties/><con:wssContainer><con:crypto><con:source>data/wso2/keystores/user-rajarshi.jks</con:source><con:password>test@fidus01</con:password><con:type>KEYSTORE</con:type></con:crypto><con:outgoing><con:name>Outflow DEV</con:name></con:outgoing><con:outgoing><con:name>Outflow TEST</con:name><con:entry type="Signature" username="testuser-test.fidus.brussels" password="test@fidus01"><con:configuration><crypto>user-rajarshi.jks</crypto><keyIdentifierType>3</keyIdentifierType><signatureAlgorithm/><signatureCanonicalization/><useSingleCert>true</useSingleCert><digestAlgorithm/><customTokenValueType/><customTokenId/></con:configuration></con:entry><con:entry type="Timestamp"><con:configuration><timeToLive>300000</timeToLive><strictTimestamp>true</strictTimestamp></con:configuration></con:entry></con:outgoing><con:outgoing><con:name>Outflow STAG</con:name></con:outgoing><con:outgoing><con:name>Outflow PROD</con:name></con:outgoing></con:wssContainer><con:oAuth2ProfileContainer/><con:oAuth1ProfileContainer/><con:sensitiveInformation/></con:soapui-project>