<?xml version="1.0" encoding="UTF-8"?>
<con:soapui-project id="ba7b44a6-2b18-459d-bfbe-a9ebc7b3db5f" activeEnvironment="Default" name="Client-CivilStatusNotificationService-v1-soapui-project" resourceRoot="" soapui-version="5.1.3" abortOnError="false" runType="SEQUENTIAL" xmlns:con="http://eviware.com/soapui/config"><con:settings/><con:interface xsi:type="con:WsdlInterface" id="bbb5d869-0fce-4f51-8679-b822fd28ec51" wsaVersion="NONE" name="CivilStatusNotificationService_v1.0Soap11Binding" type="wsdl" bindingName="{http://fidus.brussels/service/civilstatusnotificationservice/v1}CivilStatusNotificationService_v1.0Soap11Binding" soapVersion="1_1" anonymous="optional" definition="https://localhost:9443/services/CivilStatusNotificationService_v1.0?wsdl" xmlns:xsi="http://www.w3.org/2001/XMLSchema-instance"><con:settings/><con:definitionCache type="TEXT" rootPart="https://localhost:9443/services/CivilStatusNotificationService_v1.0?wsdl"><con:part><con:url>https://localhost:9443/services/CivilStatusNotificationService_v1.0?wsdl</con:url><con:content><![CDATA[<wsdl:definitions targetNamespace="http://fidus.brussels/service/civilstatusnotificationservice/v1" xmlns:wsdl="http://schemas.xmlsoap.org/wsdl/" xmlns:wsaw="http://www.w3.org/2006/05/addressing/wsdl" xmlns:mime="http://schemas.xmlsoap.org/wsdl/mime/" xmlns:tns="http://fidus.brussels/service/civilstatusnotificationservice/v1" xmlns:xsd="http://www.w3.org/2001/XMLSchema" xmlns:http="http://schemas.xmlsoap.org/wsdl/http/" xmlns:mes="http://fidus.brussels/service/civilstatusnotificationservice/messages/v1" xmlns:soap12="http://schemas.xmlsoap.org/wsdl/soap12/" xmlns:soap="http://schemas.xmlsoap.org/wsdl/soap/">
  <wsp:Policy wsu:Id="SigOnly" xmlns:wsp="http://schemas.xmlsoap.org/ws/2004/09/policy" xmlns:wsu="http://docs.oasis-open.org/wss/2004/01/oasis-200401-wss-wssecurity-utility-1.0.xsd">
    <wsp:ExactlyOne>
      <wsp:All>
        <sp:AsymmetricBinding xmlns:sp="http://schemas.xmlsoap.org/ws/2005/07/securitypolicy">
          <wsp:Policy>
            <sp:InitiatorToken>
              <wsp:Policy>
                <sp:X509Token sp:IncludeToken="http://schemas.xmlsoap.org/ws/2005/07/securitypolicy/IncludeToken/AlwaysToRecipient">
                  <wsp:Policy>
                    <sp:RequireThumbprintReference/>
                    <sp:WssX509V3Token10/>
                  </wsp:Policy>
                </sp:X509Token>
              </wsp:Policy>
            </sp:InitiatorToken>
            <sp:RecipientToken>
              <wsp:Policy>
                <sp:X509Token sp:IncludeToken="http://schemas.xmlsoap.org/ws/2005/07/securitypolicy/IncludeToken/Never">
                  <wsp:Policy>
                    <sp:RequireThumbprintReference/>
                    <sp:WssX509V3Token10/>
                  </wsp:Policy>
                </sp:X509Token>
              </wsp:Policy>
            </sp:RecipientToken>
            <sp:AlgorithmSuite>
              <wsp:Policy>
                <sp:Basic256/>
              </wsp:Policy>
            </sp:AlgorithmSuite>
            <sp:Layout>
              <wsp:Policy>
                <sp:Strict/>
              </wsp:Policy>
            </sp:Layout>
            <sp:IncludeTimestamp/>
            <sp:OnlySignEntireHeadersAndBody/>
          </wsp:Policy>
        </sp:AsymmetricBinding>
        <sp:Wss10 xmlns:sp="http://schemas.xmlsoap.org/ws/2005/07/securitypolicy">
          <sp:Policy>
            <sp:MustSupportRefKeyIdentifier/>
            <sp:MustSupportRefIssuerSerial/>
          </sp:Policy>
        </sp:Wss10>
        <sp:SignedParts xmlns:sp="http://schemas.xmlsoap.org/ws/2005/07/securitypolicy">
          <sp:Body/>
        </sp:SignedParts>
      </wsp:All>
    </wsp:ExactlyOne>
  </wsp:Policy>
  <wsdl:types>
    <xsd:schema attributeFormDefault="unqualified" elementFormDefault="qualified" targetNamespace="http://fidus.brussels/service/civilstatusnotificationservice/v1">
      <xsd:import namespace="http://fidus.brussels/service/civilstatusnotificationservice/messages/v1" schemaLocation="CivilStatusNotificationService_v1.0?xsd=civilStatusNotificationServiceMessages_v1.xsd"/>
    </xsd:schema>
    <xsd:schema attributeFormDefault="unqualified" elementFormDefault="unqualified">
      <xsd:import namespace="http://fidus.brussels/service/civilstatusnotificationservice/messages/v1" schemaLocation="CivilStatusNotificationService_v1.0?xsd=civilStatusNotificationServiceMessages_v1.xsd"/>
    </xsd:schema>
  </wsdl:types>
  <wsdl:message name="createNotificationMessageRequest">
    <wsdl:part name="CreateNotificationRequest" element="mes:createNotificationRequest"/>
  </wsdl:message>
  <wsdl:message name="createNotificationMessageResponse">
    <wsdl:part name="CreateNotificationResponse" element="mes:createNotificationResponse"/>
  </wsdl:message>
  <wsdl:message name="getNotificationsMessageRequest">
    <wsdl:part name="GetNotificationsRequest" element="mes:getNotificationsRequest"/>
  </wsdl:message>
  <wsdl:message name="getNotificationsMessageResponse">
    <wsdl:part name="GetNotificationsResponse" element="mes:getNotificationsResponse"/>
  </wsdl:message>
  <wsdl:message name="modifyMessageStatusMessageRequest">
    <wsdl:part name="ModifyMessageStatusRequest" element="mes:modifyMessageStatusRequest"/>
  </wsdl:message>
  <wsdl:message name="modifyMessageStatusMessageResponse">
    <wsdl:part name="ModifyMessageStatusResponse" element="mes:modifyMessageStatusResponse"/>
  </wsdl:message>
  <wsdl:message name="getMyMessagesStatusMessageRequest">
    <wsdl:part name="GetMyMessagesStatusRequest" element="mes:getMyMessagesStatusRequest"/>
  </wsdl:message>
  <wsdl:message name="getMyMessagesStatusMessageResponse">
    <wsdl:part name="GetMyMessagesStatusResponse" element="mes:getMyMessagesStatusResponse"/>
  </wsdl:message>
  <wsdl:portType name="CivilStatusNotificationService_v1.0PortType" wsp:PolicyURIs="#SigOnly" xmlns:wsp="http://schemas.xmlsoap.org/ws/2004/09/policy">
    <wsdl:operation name="createNotification">
      <wsdl:input message="tns:createNotificationMessageRequest" wsaw:Action="http://fidus.brussels/service/civilstatusnotificationservice/createNotification"/>
      <wsdl:output message="tns:createNotificationMessageResponse" wsaw:Action="http://fidus.brussels/service/civilstatusnotificationservice/v1/CivilStatusNotificationEndpoint/createNotificationResponse"/>
    </wsdl:operation>
    <wsdl:operation name="getNotifications">
      <wsdl:input message="tns:getNotificationsMessageRequest" wsaw:Action="http://fidus.brussels/service/civilstatusnotificationservice/getNotifications"/>
      <wsdl:output message="tns:getNotificationsMessageResponse" wsaw:Action="http://fidus.brussels/service/civilstatusnotificationservice/v1/CivilStatusNotificationEndpoint/getNotificationsResponse"/>
    </wsdl:operation>
    <wsdl:operation name="modifyMessageStatus">
      <wsdl:input message="tns:modifyMessageStatusMessageRequest" wsaw:Action="http://fidus.brussels/service/civilstatusnotificationservice/modifyMessageStatus"/>
      <wsdl:output message="tns:modifyMessageStatusMessageResponse" wsaw:Action="http://fidus.brussels/service/civilstatusnotificationservice/v1/CivilStatusNotificationEndpoint/modifyMessageStatusResponse"/>
    </wsdl:operation>
    <wsdl:operation name="getMyMessagesStatus">
      <wsdl:input message="tns:getMyMessagesStatusMessageRequest" wsaw:Action="http://fidus.brussels/service/civilstatusnotificationservice/getMyMessagesStatus"/>
      <wsdl:output message="tns:getMyMessagesStatusMessageResponse" wsaw:Action="http://fidus.brussels/service/civilstatusnotificationservice/v1/CivilStatusNotificationEndpoint/getMyMessagesStatusResponse"/>
    </wsdl:operation>
  </wsdl:portType>
  <wsdl:binding name="CivilStatusNotificationService_v1.0Soap11Binding" type="tns:CivilStatusNotificationService_v1.0PortType">
    <soap:binding transport="http://schemas.xmlsoap.org/soap/http" style="document"/>
    <wsdl:operation name="createNotification">
      <soap:operation soapAction="http://fidus.brussels/service/civilstatusnotificationservice/createNotification" style="document"/>
      <wsdl:input>
        <soap:body use="literal"/>
      </wsdl:input>
      <wsdl:output>
        <soap:body use="literal"/>
      </wsdl:output>
    </wsdl:operation>
    <wsdl:operation name="getNotifications">
      <soap:operation soapAction="http://fidus.brussels/service/civilstatusnotificationservice/getNotifications" style="document"/>
      <wsdl:input>
        <soap:body use="literal"/>
      </wsdl:input>
      <wsdl:output>
        <soap:body use="literal"/>
      </wsdl:output>
    </wsdl:operation>
    <wsdl:operation name="modifyMessageStatus">
      <soap:operation soapAction="http://fidus.brussels/service/civilstatusnotificationservice/modifyMessageStatus" style="document"/>
      <wsdl:input>
        <soap:body use="literal"/>
      </wsdl:input>
      <wsdl:output>
        <soap:body use="literal"/>
      </wsdl:output>
    </wsdl:operation>
    <wsdl:operation name="getMyMessagesStatus">
      <soap:operation soapAction="http://fidus.brussels/service/civilstatusnotificationservice/getMyMessagesStatus" style="document"/>
      <wsdl:input>
        <soap:body use="literal"/>
      </wsdl:input>
      <wsdl:output>
        <soap:body use="literal"/>
      </wsdl:output>
    </wsdl:operation>
  </wsdl:binding>
  <wsdl:service name="CivilStatusNotificationService_v1.0">
    <wsdl:port name="CivilStatusNotificationService_v1.0HttpsSoap11Endpoint" binding="tns:CivilStatusNotificationService_v1.0Soap11Binding">
      <soap:address location="/services/CivilStatusNotificationService_v1.0.CivilStatusNotificationService_v1.0HttpsSoap11Endpoint"/>
    </wsdl:port>
  </wsdl:service>
</wsdl:definitions>]]></con:content><con:type>http://schemas.xmlsoap.org/wsdl/</con:type></con:part><con:part><con:url>https://localhost:9443/services/CivilStatusNotificationService_v1.0?xsd=civilStatusNotificationServiceMessages_v1.xsd</con:url><con:content><![CDATA[<xsd:schema attributeFormDefault="unqualified" elementFormDefault="qualified" targetNamespace="http://fidus.brussels/service/civilstatusnotificationservice/messages/v1" version="1.0" xmlns:xsd="http://www.w3.org/2001/XMLSchema" xmlns:core="http://www.fgov.be/dabs/core" xmlns:exc="http://fidus.brussels/type/common/exceptions/v1" xmlns:tns="http://fidus.brussels/service/civilstatusnotificationservice/messages/v1" xmlns:cme="http://fidus.brussels/type/common/messages/v1">
  <xsd:import namespace="http://fidus.brussels/type/common/messages/v1" schemaLocation="CivilStatusNotificationService_v1.0?xsd=baseMessageTypes_v1.xsd"/>
  <xsd:import namespace="http://fidus.brussels/type/common/exceptions/v1" schemaLocation="CivilStatusNotificationService_v1.0?xsd=exceptionTypes_v1.xsd"/>
  <xsd:import namespace="http://www.fgov.be/dabs/core" schemaLocation="CivilStatusNotificationService_v1.0?xsd=notificationserviceMessages.xsd"/>
  <xsd:complexType name="getNotificationsRequestType">
    <xsd:sequence>
      <xsd:element name="messageContext" type="cme:RequestMessageContextType"/>
      <xsd:element name="legalContext" type="cme:LegalContextType"/>
      <xsd:element name="language" type="tns:languageType"/>
      <xsd:element name="request" type="core:getNotifications"/>
    </xsd:sequence>
  </xsd:complexType>
  <xsd:complexType name="getNotificationsResponseType">
    <xsd:sequence>
      <xsd:element name="messageContext" type="cme:ResponseMessageContextType"/>
      <xsd:element minOccurs="0" name="responses" type="tns:getNotificationsLocalResponsesType"/>
      <xsd:element minOccurs="0" name="exceptions" type="exc:ExceptionsType">
        <xsd:annotation>
          <xsd:documentation>Technical errors that occur when processing the message context e.g. insufficient rights.</xsd:documentation>
        </xsd:annotation>
      </xsd:element>
    </xsd:sequence>
  </xsd:complexType>
  <xsd:complexType name="getNotificationsLocalResponsesType">
    <xsd:sequence>
      <xsd:element name="response" type="core:getNotificationsResponse"/>
      <xsd:element minOccurs="0" name="exceptions" type="exc:ExceptionsType">
        <xsd:annotation>
          <xsd:documentation>Business exceptions that occur when processing the request or response e.g. missing data for a single response element.
						Exceptions at this level may contain back-end specific codes and content.</xsd:documentation>
        </xsd:annotation>
      </xsd:element>
    </xsd:sequence>
  </xsd:complexType>
  <xsd:simpleType name="languageType">
    <xsd:restriction base="xsd:string">
      <xsd:enumeration value="fr"/>
      <xsd:enumeration value="nl"/>
      <xsd:enumeration value="en"/>
    </xsd:restriction>
  </xsd:simpleType>
  <xsd:complexType name="createNotificationRequestType">
    <xsd:sequence>
      <xsd:element name="messageContext" type="cme:RequestMessageContextType"/>
      <xsd:element name="legalContext" type="cme:LegalContextType"/>
      <xsd:element name="language" type="tns:languageType"/>
      <xsd:element name="request" type="core:createNotification"/>
    </xsd:sequence>
  </xsd:complexType>
  <xsd:complexType name="createNotificationResponseType">
    <xsd:sequence>
      <xsd:element name="messageContext" type="cme:ResponseMessageContextType"/>
      <xsd:element minOccurs="0" name="responses" type="tns:createNotificationsLocalResponsesType"/>
      <xsd:element minOccurs="0" name="exceptions" type="exc:ExceptionsType">
        <xsd:annotation>
          <xsd:documentation>Technical errors that occur when processing the message context e.g. insufficient rights.</xsd:documentation>
        </xsd:annotation>
      </xsd:element>
    </xsd:sequence>
  </xsd:complexType>
  <xsd:complexType name="createNotificationsLocalResponsesType">
    <xsd:sequence>
      <xsd:element name="response" type="core:createNotificationResponse"/>
      <xsd:element minOccurs="0" name="exceptions" type="exc:ExceptionsType">
        <xsd:annotation>
          <xsd:documentation>Business exceptions that occur when processing the request or response e.g. missing data for a single response element.
						Exceptions at this level may contain back-end specific codes and content.</xsd:documentation>
        </xsd:annotation>
      </xsd:element>
    </xsd:sequence>
  </xsd:complexType>
  <xsd:complexType name="getMyMessagesStatusRequestType">
    <xsd:sequence>
      <xsd:element name="messageContext" type="cme:RequestMessageContextType"/>
      <xsd:element name="legalContext" type="cme:LegalContextType"/>
      <xsd:element name="language" type="tns:languageType"/>
      <xsd:element name="request" type="core:getMyMessagesStatus"/>
    </xsd:sequence>
  </xsd:complexType>
  <xsd:complexType name="getMyMessagesStatusResponseType">
    <xsd:sequence>
      <xsd:element name="messageContext" type="cme:ResponseMessageContextType"/>
      <xsd:element minOccurs="0" name="responses" type="tns:getMyMessagesStatusLocalResponsesType"/>
      <xsd:element minOccurs="0" name="exceptions" type="exc:ExceptionsType">
        <xsd:annotation>
          <xsd:documentation>Technical errors that occur when processing the message context e.g. insufficient rights.</xsd:documentation>
        </xsd:annotation>
      </xsd:element>
    </xsd:sequence>
  </xsd:complexType>
  <xsd:complexType name="getMyMessagesStatusLocalResponsesType">
    <xsd:sequence>
      <xsd:element name="response" type="core:getMyMessagesStatusResponse"/>
      <xsd:element minOccurs="0" name="exceptions" type="exc:ExceptionsType">
        <xsd:annotation>
          <xsd:documentation>Business exceptions that occur when processing the request or response e.g. missing data for a single response element.
						Exceptions at this level may contain back-end specific codes and content.</xsd:documentation>
        </xsd:annotation>
      </xsd:element>
    </xsd:sequence>
  </xsd:complexType>
  <xsd:complexType name="modifyMessageStatusRequestType">
    <xsd:sequence>
      <xsd:element name="messageContext" type="cme:RequestMessageContextType"/>
      <xsd:element name="legalContext" type="cme:LegalContextType"/>
      <xsd:element name="language" type="tns:languageType"/>
      <xsd:element name="request" type="core:modifyMessageStatus"/>
    </xsd:sequence>
  </xsd:complexType>
  <xsd:complexType name="modifyMessageStatusResponseType">
    <xsd:sequence>
      <xsd:element name="messageContext" type="cme:ResponseMessageContextType"/>
      <xsd:element minOccurs="0" name="responses" type="tns:modifyMessageStatusLocalResponsesType"/>
      <xsd:element minOccurs="0" name="exceptions" type="exc:ExceptionsType">
        <xsd:annotation>
          <xsd:documentation>Technical errors that occur when processing the message context e.g. insufficient rights.</xsd:documentation>
        </xsd:annotation>
      </xsd:element>
    </xsd:sequence>
  </xsd:complexType>
  <xsd:complexType name="modifyMessageStatusLocalResponsesType">
    <xsd:sequence>
      <xsd:element name="response" type="core:modifyMessageStatusResponse"/>
      <xsd:element minOccurs="0" name="exceptions" type="exc:ExceptionsType">
        <xsd:annotation>
          <xsd:documentation>Business exceptions that occur when processing the request or response e.g. missing data for a single response element.
						Exceptions at this level may contain back-end specific codes and content.</xsd:documentation>
        </xsd:annotation>
      </xsd:element>
    </xsd:sequence>
  </xsd:complexType>
  <xsd:element name="getNotificationsRequest" type="tns:getNotificationsRequestType"/>
  <xsd:element name="getNotificationsResponse" type="tns:getNotificationsResponseType"/>
  <xsd:element name="createNotificationRequest" type="tns:createNotificationRequestType"/>
  <xsd:element name="createNotificationResponse" type="tns:createNotificationResponseType"/>
  <xsd:element name="getMyMessagesStatusRequest" type="tns:getMyMessagesStatusRequestType"/>
  <xsd:element name="getMyMessagesStatusResponse" type="tns:getMyMessagesStatusResponseType"/>
  <xsd:element name="modifyMessageStatusRequest" type="tns:modifyMessageStatusRequestType"/>
  <xsd:element name="modifyMessageStatusResponse" type="tns:modifyMessageStatusResponseType"/>
</xsd:schema>]]></con:content><con:type>http://www.w3.org/2001/XMLSchema</con:type></con:part><con:part><con:url>https://localhost:9443/services/CivilStatusNotificationService_v1.0?xsd=baseMessageTypes_v1.xsd</con:url><con:content><![CDATA[<xsd:schema attributeFormDefault="unqualified" elementFormDefault="qualified" targetNamespace="http://fidus.brussels/type/common/messages/v1" version="1.0" xmlns:xsd="http://www.w3.org/2001/XMLSchema" xmlns:cmn="http://fidus.brussels/type/common/v1" xmlns:tns="http://fidus.brussels/type/common/messages/v1">
  <xsd:simpleType name="MessageIdType">
    <xsd:restriction base="xsd:string">
      <xsd:minLength value="1"/>
      <xsd:maxLength value="64"/>
    </xsd:restriction>
  </xsd:simpleType>
  <xsd:simpleType name="PersonNumberType">
    <xsd:restriction base="xsd:string">
      <xsd:pattern value="[0-9][0-9](([0][0-9])|([1][0-2]))(([0-2][0-9])|([3][0-1]))(([0-9]{2}[1-9])|([0-9][1-9][0-9])|([1-9][0-9]{2}))(([0-8][0-9])|([9][0-7]))">
        <xsd:annotation>
          <xsd:documentation>National Register format</xsd:documentation>
        </xsd:annotation>
      </xsd:pattern>
      <xsd:pattern value="[0-9][0-9](([2][0-9])|([3][0-2]))(([0-2][0-9])|([3][0-1]))[0-9]{3}(([0-8][0-9])|([9][0-7]))">
        <xsd:annotation>
          <xsd:documentation>CBSS Register format: Bis Register</xsd:documentation>
        </xsd:annotation>
      </xsd:pattern>
      <xsd:pattern value="[0-9][0-9](([4][0-9])|([5][0-2]))(([0-2][0-9])|([3][0-1]))[0-9]{3}(([0-8][0-9])|([9][0-7]))">
        <xsd:annotation>
          <xsd:documentation>CBSS Register format: Ter Register</xsd:documentation>
        </xsd:annotation>
      </xsd:pattern>
    </xsd:restriction>
  </xsd:simpleType>
  <xsd:complexType name="RequestMessageContextType">
    <xsd:annotation>
      <xsd:documentation>Message context block generated by the consumer.</xsd:documentation>
    </xsd:annotation>
    <xsd:sequence>
      <xsd:element name="messageId" type="tns:MessageIdType">
        <xsd:annotation>
          <xsd:documentation>Consumer must assign their own MessageId reference for the request.</xsd:documentation>
        </xsd:annotation>
      </xsd:element>
      <xsd:element minOccurs="0" name="timestamp" type="xsd:dateTime">
        <xsd:annotation>
          <xsd:documentation>Timestamp when client sent request.</xsd:documentation>
        </xsd:annotation>
      </xsd:element>
    </xsd:sequence>
  </xsd:complexType>
  <xsd:complexType name="ResponseMessageContextType">
    <xsd:annotation>
      <xsd:documentation>MessageContext block generated by fidus.</xsd:documentation>
    </xsd:annotation>
    <xsd:sequence>
      <xsd:element name="messageId" type="tns:MessageIdType">
        <xsd:annotation>
          <xsd:documentation>A unique identifier generated by fidus.</xsd:documentation>
        </xsd:annotation>
      </xsd:element>
      <xsd:element name="transactionId" type="tns:MessageIdType">
        <xsd:annotation>
          <xsd:documentation>A unique ID returned to the client for tracing purposes.</xsd:documentation>
        </xsd:annotation>
      </xsd:element>
      <xsd:element minOccurs="0" name="relatesTo" type="tns:MessageIdType">
        <xsd:annotation>
          <xsd:documentation>Optional field. The unique id of a previous batch file in this exchange Only used for responses.</xsd:documentation>
        </xsd:annotation>
      </xsd:element>
      <xsd:element minOccurs="0" name="timestamp" type="xsd:dateTime">
        <xsd:annotation>
          <xsd:documentation>Time reply sent by fidus.</xsd:documentation>
        </xsd:annotation>
      </xsd:element>
    </xsd:sequence>
  </xsd:complexType>
  <xsd:simpleType name="LegalContextType">
    <xsd:restriction base="xsd:string">
      <xsd:minLength value="1"/>
      <xsd:maxLength value="64"/>
    </xsd:restriction>
  </xsd:simpleType>
  <xsd:complexType name="UserContextType">
    <xsd:annotation>
      <xsd:documentation>The user context defines information regarding the actual user performing a request.</xsd:documentation>
    </xsd:annotation>
    <xsd:sequence>
      <xsd:element name="language" nillable="true" type="xsd:language">
        <xsd:annotation>
          <xsd:documentation>The preferred language of the actual user performing the request.
						This influences the language in which response elements are cast.</xsd:documentation>
        </xsd:annotation>
      </xsd:element>
    </xsd:sequence>
  </xsd:complexType>
</xsd:schema>]]></con:content><con:type>http://www.w3.org/2001/XMLSchema</con:type></con:part><con:part><con:url>https://localhost:9443/services/CivilStatusNotificationService_v1.0?xsd=exceptionTypes_v1.xsd</con:url><con:content><![CDATA[<xsd:schema attributeFormDefault="unqualified" elementFormDefault="qualified" targetNamespace="http://fidus.brussels/type/common/exceptions/v1" version="1.0" xmlns:xsd="http://www.w3.org/2001/XMLSchema" xmlns:tns="http://fidus.brussels/type/common/exceptions/v1">
  <xsd:complexType name="ExceptionsType">
    <xsd:sequence>
      <xsd:element maxOccurs="unbounded" name="exception" type="tns:ExceptionType"/>
    </xsd:sequence>
  </xsd:complexType>
  <xsd:complexType name="ExceptionType">
    <xsd:sequence>
      <xsd:element name="type" type="tns:ExceptionClassType"/>
      <xsd:element name="code" type="tns:ExceptionCodeType"/>
      <xsd:element name="source" type="tns:ExceptionSourceType"/>
      <xsd:element name="description" type="tns:ExceptionDescriptionType"/>
    </xsd:sequence>
  </xsd:complexType>
  <xsd:simpleType name="ExceptionClassType">
    <xsd:restriction base="xsd:string">
      <xsd:enumeration value="ERROR"/>
      <xsd:enumeration value="WARNING"/>
      <xsd:enumeration value="INFO"/>
    </xsd:restriction>
  </xsd:simpleType>
  <xsd:simpleType name="ExceptionCodeType">
    <xsd:restriction base="xsd:string">
      <xsd:maxLength value="20"/>
    </xsd:restriction>
  </xsd:simpleType>
  <xsd:simpleType name="ExceptionSourceType">
    <xsd:restriction base="xsd:string">
      <xsd:maxLength value="20"/>
    </xsd:restriction>
  </xsd:simpleType>
  <xsd:simpleType name="ExceptionDescriptionType">
    <xsd:restriction base="xsd:string"/>
  </xsd:simpleType>
</xsd:schema>]]></con:content><con:type>http://www.w3.org/2001/XMLSchema</con:type></con:part><con:part><con:url>https://localhost:9443/services/CivilStatusNotificationService_v1.0?xsd=notificationserviceMessages.xsd</con:url><con:content><![CDATA[<xs:schema attributeFormDefault="unqualified" elementFormDefault="unqualified" targetNamespace="http://www.fgov.be/dabs/core" xmlns:xs="http://www.w3.org/2001/XMLSchema" xmlns:core="http://www.fgov.be/dabs/core">
  <xs:element name="createNotification" type="core:createNotification"/>
  <xs:element name="createNotificationResponse" type="core:createNotificationResponse"/>
  <xs:element name="getMyMessagesStatus" type="core:getMyMessagesStatus"/>
  <xs:element name="getMyMessagesStatusResponse" type="core:getMyMessagesStatusResponse"/>
  <xs:element name="getNotifications" type="core:getNotifications"/>
  <xs:element name="getNotificationsResponse" type="core:getNotificationsResponse"/>
  <xs:element name="modifyMessageStatus" type="core:modifyMessageStatus"/>
  <xs:element name="modifyMessageStatusResponse" type="core:modifyMessageStatusResponse"/>
  <xs:complexType name="getMyMessagesStatus">
    <xs:sequence>
      <xs:element minOccurs="0" name="from" type="xs:string"/>
      <xs:element minOccurs="0" name="to" type="xs:string"/>
      <xs:element minOccurs="0" name="withClosed" type="xs:boolean"/>
      <xs:element minOccurs="0" name="messageId" type="xs:long"/>
      <xs:element minOccurs="0" name="notificationId" type="xs:long"/>
    </xs:sequence>
  </xs:complexType>
  <xs:complexType name="getMyMessagesStatusResponse">
    <xs:sequence>
      <xs:element name="notifications">
        <xs:complexType>
          <xs:sequence>
            <xs:element maxOccurs="unbounded" minOccurs="0" name="notification" type="core:notification"/>
          </xs:sequence>
        </xs:complexType>
      </xs:element>
    </xs:sequence>
  </xs:complexType>
  <xs:complexType name="notification">
    <xs:sequence>
      <xs:element minOccurs="0" name="id" nillable="true" type="xs:long"/>
      <xs:element minOccurs="0" name="creationDate" nillable="true" type="xs:dateTime"/>
      <xs:element name="destination" type="xs:string"/>
      <xs:element minOccurs="0" name="generatedby" nillable="true" type="xs:string"/>
      <xs:element minOccurs="0" name="retrievalDate" nillable="true" type="xs:dateTime"/>
      <xs:element name="message" type="core:message"/>
    </xs:sequence>
  </xs:complexType>
  <xs:complexType abstract="true" name="message">
    <xs:sequence>
      <xs:element minOccurs="0" name="id" type="xs:long"/>
      <xs:element minOccurs="0" name="status" nillable="true" type="core:messageStatus"/>
      <xs:element minOccurs="0" name="statusDate" nillable="true" type="xs:dateTime"/>
      <xs:element minOccurs="0" name="externalId1" type="xs:string"/>
      <xs:element minOccurs="0" name="externalId2" type="xs:string"/>
      <xs:element minOccurs="0" name="externalId3" type="xs:string"/>
      <xs:element minOccurs="0" name="docReference" nillable="true" type="xs:string"/>
    </xs:sequence>
  </xs:complexType>
  <xs:complexType name="requestMigrationMessage">
    <xs:complexContent>
      <xs:extension base="core:message">
        <xs:sequence>
          <xs:element name="docType" type="core:docType"/>
          <xs:element name="factDate" type="core:dabsDate"/>
          <xs:element name="documentState" type="core:docState"/>
          <xs:element maxOccurs="unbounded" name="person" type="core:personInPrincipalRole"/>
        </xs:sequence>
      </xs:extension>
    </xs:complexContent>
  </xs:complexType>
  <xs:complexType name="dabsDate">
    <xs:sequence>
      <xs:element minOccurs="0" name="day" nillable="true" type="xs:int"/>
      <xs:element minOccurs="0" name="month" nillable="true" type="xs:int"/>
      <xs:element name="year" type="xs:int"/>
    </xs:sequence>
  </xs:complexType>
  <xs:complexType name="personInPrincipalRole">
    <xs:sequence>
      <xs:element name="nationalNumber" nillable="true" type="xs:string"/>
      <xs:element minOccurs="0" name="firstName" nillable="true" type="xs:string"/>
      <xs:element name="lastName" type="xs:string"/>
      <xs:element name="birthDate" type="core:dabsDate"/>
    </xs:sequence>
  </xs:complexType>
  <xs:complexType name="textMessage">
    <xs:complexContent>
      <xs:extension base="core:message">
        <xs:sequence>
          <xs:element name="messageTextType" type="core:messageTextType"/>
          <xs:element name="messageTextTitle" type="xs:string"/>
          <xs:element name="messageTextContent" type="xs:string"/>
        </xs:sequence>
      </xs:extension>
    </xs:complexContent>
  </xs:complexType>
  <xs:complexType name="authorityDecisionMessage">
    <xs:complexContent>
      <xs:extension base="core:message">
        <xs:sequence>
          <xs:element name="authorityDecisionDetail" type="core:authorityDecisionDetail"/>
          <xs:element name="file" type="xs:base64Binary"/>
        </xs:sequence>
      </xs:extension>
    </xs:complexContent>
  </xs:complexType>
  <xs:complexType name="authorityDecisionDetail">
    <xs:sequence>
      <xs:element name="decisionType" type="core:decisionType"/>
      <xs:element name="decisionCategory" type="core:decisionCategory"/>
      <xs:element minOccurs="0" name="decisionReference" type="xs:string"/>
      <xs:element minOccurs="0" name="decisionAuthorityCode" type="core:jurisdictionPlace"/>
      <xs:element minOccurs="0" name="decisionAuthorityFree" type="xs:string"/>
      <xs:element minOccurs="0" name="decisionDate" type="xs:date"/>
      <xs:element minOccurs="0" name="applicationDate" type="xs:date"/>
      <xs:element minOccurs="0" name="modifiedCertificateReference" type="xs:string"/>
      <xs:element minOccurs="0" name="sideNoteType" type="core:sideNoteType"/>
      <xs:element maxOccurs="unbounded" minOccurs="0" name="changedValues" type="core:update_value"/>
      <xs:element maxOccurs="unbounded" minOccurs="0" name="person" type="core:person"/>
    </xs:sequence>
  </xs:complexType>
  <xs:complexType name="update_value">
    <xs:sequence>
      <xs:element name="changedFieldCode" type="core:code"/>
      <xs:element name="changedFieldOldValue" nillable="true" type="xs:string"/>
      <xs:element name="changedFieldNewValue" nillable="true" type="xs:string"/>
    </xs:sequence>
  </xs:complexType>
  <xs:complexType name="person">
    <xs:sequence>
      <xs:element name="origin" type="core:personOrigin"/>
      <xs:element minOccurs="0" name="nobility" type="core:nobility"/>
      <xs:element minOccurs="0" name="nobilityFree" type="xs:string"/>
      <xs:element minOccurs="0" name="birthPlace" type="core:municipality"/>
      <xs:element minOccurs="0" name="birthDate" type="core:dabsDate"/>
      <xs:element minOccurs="0" name="firstname" type="xs:string"/>
      <xs:element minOccurs="0" name="lastname" type="xs:string"/>
      <xs:element minOccurs="0" name="nationality" type="xs:string"/>
      <xs:element minOccurs="0" name="gender" type="core:gender"/>
      <xs:element name="roles">
        <xs:complexType>
          <xs:sequence>
            <xs:element maxOccurs="unbounded" minOccurs="0" name="role" type="core:roleType"/>
          </xs:sequence>
        </xs:complexType>
      </xs:element>
      <xs:element name="personNumber" nillable="true" type="xs:string"/>
    </xs:sequence>
  </xs:complexType>
  <xs:complexType name="municipality">
    <xs:sequence>
      <xs:element minOccurs="0" name="municipalityCode" type="xs:string"/>
      <xs:element minOccurs="0" name="municipalityFreeText" type="xs:string"/>
      <xs:element minOccurs="0" name="countryCode" type="xs:string"/>
      <xs:element minOccurs="0" name="countryFreeText" type="xs:string"/>
    </xs:sequence>
  </xs:complexType>
  <xs:complexType name="roleRequirement">
    <xs:sequence/>
  </xs:complexType>
  <xs:complexType name="impactedRole">
    <xs:sequence>
      <xs:element minOccurs="0" name="actionType" type="core:actionType"/>
      <xs:element minOccurs="0" name="impactDocRole" type="core:roleType"/>
      <xs:element name="impactsDocType" type="xs:int"/>
      <xs:element minOccurs="0" name="role" type="core:roleType"/>
    </xs:sequence>
  </xs:complexType>
  <xs:complexType name="error">
    <xs:sequence>
      <xs:element minOccurs="0" name="errorCode" type="xs:int"/>
      <xs:element maxOccurs="unbounded" minOccurs="0" name="arguments" type="xs:string"/>
      <xs:element minOccurs="0" name="msg" type="xs:string"/>
    </xs:sequence>
  </xs:complexType>
  <xs:complexType name="getNotifications">
    <xs:sequence>
      <xs:element minOccurs="0" name="from" type="xs:string"/>
      <xs:element minOccurs="0" name="to" type="xs:string"/>
      <xs:element minOccurs="0" name="messageId" type="xs:long"/>
      <xs:element minOccurs="0" name="notificationId" type="xs:long"/>
      <xs:element minOccurs="0" name="niscode" type="xs:string"/>
    </xs:sequence>
  </xs:complexType>
  <xs:complexType name="getNotificationsResponse">
    <xs:sequence>
      <xs:element name="notifications">
        <xs:complexType>
          <xs:sequence>
            <xs:element maxOccurs="unbounded" minOccurs="0" name="notification" type="core:notification"/>
          </xs:sequence>
        </xs:complexType>
      </xs:element>
    </xs:sequence>
  </xs:complexType>
  <xs:complexType name="createNotification">
    <xs:sequence>
      <xs:element name="notification" type="core:notification"/>
    </xs:sequence>
  </xs:complexType>
  <xs:complexType name="createNotificationResponse">
    <xs:sequence>
      <xs:element minOccurs="0" name="notification" type="core:notification"/>
    </xs:sequence>
  </xs:complexType>
  <xs:complexType name="modifyMessageStatus">
    <xs:sequence>
      <xs:element minOccurs="0" name="notificationId" nillable="true" type="xs:long"/>
      <xs:element minOccurs="0" name="status" nillable="true" type="core:messageStatus"/>
    </xs:sequence>
  </xs:complexType>
  <xs:complexType name="modifyMessageStatusResponse">
    <xs:sequence>
      <xs:element minOccurs="0" name="notification" type="core:notification"/>
    </xs:sequence>
  </xs:complexType>
  <xs:simpleType name="messageStatus">
    <xs:restriction base="xs:string">
      <xs:enumeration value="CREATED"/>
      <xs:enumeration value="MIGRATED"/>
      <xs:enumeration value="RECEIVED"/>
      <xs:enumeration value="CLOSED"/>
      <xs:enumeration value="NOT_FOR_ME"/>
      <xs:enumeration value="ALREADY_DONE"/>
    </xs:restriction>
  </xs:simpleType>
  <xs:simpleType name="docType">
    <xs:restriction base="xs:string">
      <xs:enumeration value="BIRTH_CERTIFICATE"/>
      <xs:enumeration value="MARRIAGE_CERTIFICATE"/>
      <xs:enumeration value="DEATH_CERTIFICATE"/>
      <xs:enumeration value="NATIONALITY_CERTIFICATE"/>
      <xs:enumeration value="RECOGNITION_CERTIFICATE"/>
      <xs:enumeration value="PRENATAL_RECOGNITION_CERTIFICATE"/>
      <xs:enumeration value="NAME_CHANGE_CERTIFICATE"/>
      <xs:enumeration value="FIRSTNAME_CHANGE_CERTIFICATE"/>
      <xs:enumeration value="DECLARATION_OF_LIFELESS_CHILD_CERTIFICATE"/>
      <xs:enumeration value="SEX_CHANGE_CERTIFICATE"/>
      <xs:enumeration value="ABSENCE_CERTIFICATE"/>
      <xs:enumeration value="DIVORCE_CERTIFICATE"/>
      <xs:enumeration value="ADOPTION_CERTIFICATE"/>
      <xs:enumeration value="AUTHORITY_DECISION"/>
      <xs:enumeration value="ANNULMENT_CERTIFICATE"/>
      <xs:enumeration value="UPDATE_DOCUMENT"/>
    </xs:restriction>
  </xs:simpleType>
  <xs:simpleType name="docState">
    <xs:restriction base="xs:string">
      <xs:enumeration value="DRAFT"/>
      <xs:enumeration value="READY_FOR_VALIDATION"/>
      <xs:enumeration value="DELETED"/>
      <xs:enumeration value="VALIDATE_FOR_SIGNATURE"/>
      <xs:enumeration value="READY_FOR_SIGNATURE"/>
      <xs:enumeration value="TO_CHECK"/>
      <xs:enumeration value="REFUSED"/>
      <xs:enumeration value="PARTIALLY_MIGRATED"/>
      <xs:enumeration value="PARTIALLY_MIGR_COPY"/>
      <xs:enumeration value="PARTIALLY_MIGR_EXTRACT"/>
      <xs:enumeration value="FINAL"/>
      <xs:enumeration value="ERASED"/>
    </xs:restriction>
  </xs:simpleType>
  <xs:simpleType name="messageTextType">
    <xs:restriction base="xs:string">
      <xs:enumeration value="TEXT_COMMUNICATION"/>
      <xs:enumeration value="DOC_REFERENCE"/>
      <xs:enumeration value="MIGRATION_ACT"/>
    </xs:restriction>
  </xs:simpleType>
  <xs:simpleType name="decisionType">
    <xs:restriction base="xs:string">
      <xs:enumeration value="JUDGMENT"/>
      <xs:enumeration value="ARREST"/>
      <xs:enumeration value="FOREIGN_DECISION"/>
      <xs:enumeration value="FOREIGN_CERTIFICATE"/>
      <xs:enumeration value="KING_ARREST"/>
      <xs:enumeration value="OFFICER_CORRECTION"/>
      <xs:enumeration value="PV"/>
    </xs:restriction>
  </xs:simpleType>
  <xs:simpleType name="decisionCategory">
    <xs:restriction base="xs:string">
      <xs:enumeration value="DIVORCE"/>
      <xs:enumeration value="FOREIGN_DIVORCE_BELGIAN_MARRIAGE"/>
      <xs:enumeration value="MARRIAGE_ANNULATION"/>
      <xs:enumeration value="MIGRATED_TRANSCRIPTION"/>
      <xs:enumeration value="FOREIGN_MARRIAGE_RECOGNITION"/>
      <xs:enumeration value="RECOGNITION_ANNULATION"/>
      <xs:enumeration value="CERTIFICATE_CORRECTION"/>
      <xs:enumeration value="JUDICIAL_ABSENCE"/>
      <xs:enumeration value="JUDICIAL_DECEASE"/>
      <xs:enumeration value="BELGIAN_ADOPTION"/>
      <xs:enumeration value="FOREIGN_ADOPTION"/>
      <xs:enumeration value="ADOPTION_REVISION"/>
      <xs:enumeration value="ADOPTION_REVOCATION"/>
      <xs:enumeration value="BELGIAN_NATIONALITY_DEPRIVATION"/>
      <xs:enumeration value="NAME_CHANGE"/>
      <xs:enumeration value="FIRSTNAME_CHANGE"/>
      <xs:enumeration value="ESTABLISHING_PATERNITY"/>
      <xs:enumeration value="ESTABLISHING_MATERNITY"/>
      <xs:enumeration value="ESTABLISHING_COPARENT"/>
      <xs:enumeration value="CONTESTING_PATERNITY"/>
      <xs:enumeration value="CONTESTING_MATERNITY"/>
      <xs:enumeration value="CONTESTING_COPARENT"/>
      <xs:enumeration value="NEW_SEX_CHANGE"/>
      <xs:enumeration value="SEX_CHANGE_ANNULATION"/>
      <xs:enumeration value="CERTIFICATE_ANNULATION"/>
      <xs:enumeration value="CERTIFICATE_ANNULATION_ART463"/>
      <xs:enumeration value="CERTIFICATE_REPLACEMENT"/>
      <xs:enumeration value="PV_SYSTEM_UNAVAILABLE"/>
      <xs:enumeration value="PV_BIRTH_ON_BOARD"/>
      <xs:enumeration value="PV_DECEASE_ON_BOARD"/>
      <xs:enumeration value="PV_UNKNOWN_DECEASE"/>
      <xs:enumeration value="PV_NEWBORN_FOUND"/>
      <xs:enumeration value="BIRTH_CERTIFICATE"/>
      <xs:enumeration value="MARRIAGE_CERTIFICATE"/>
      <xs:enumeration value="DEATH_CERTIFICATE"/>
      <xs:enumeration value="RECOGNITION_CERTIFICATE"/>
      <xs:enumeration value="PRENATAL_RECOGNITION_CERTIFICATE"/>
      <xs:enumeration value="NAME_CHANGE_CERTIFICATE"/>
      <xs:enumeration value="FIRSTNAME_CHANGE_CERTIFICATE"/>
      <xs:enumeration value="SEX_CHANGE_CERTIFICATE"/>
      <xs:enumeration value="ABSENCE_CERTIFICATE"/>
      <xs:enumeration value="DIVORCE_CERTIFICATE"/>
      <xs:enumeration value="ADOPTION_CERTIFICATE"/>
      <xs:enumeration value="OTHER"/>
      <xs:enumeration value="SEPARATION"/>
    </xs:restriction>
  </xs:simpleType>
  <xs:simpleType name="jurisdictionPlace">
    <xs:restriction base="xs:string">
      <xs:enumeration value="111002"/>
      <xs:enumeration value="112025"/>
      <xs:enumeration value="113040"/>
      <xs:enumeration value="171022"/>
      <xs:enumeration value="173083"/>
      <xs:enumeration value="121004"/>
      <xs:enumeration value="124062"/>
      <xs:enumeration value="125072"/>
      <xs:enumeration value="142006"/>
      <xs:enumeration value="144021"/>
      <xs:enumeration value="145035"/>
      <xs:enumeration value="131005"/>
      <xs:enumeration value="133011"/>
      <xs:enumeration value="134022"/>
      <xs:enumeration value="138025"/>
      <xs:enumeration value="163023"/>
      <xs:enumeration value="161031"/>
      <xs:enumeration value="162063"/>
      <xs:enumeration value="163079"/>
      <xs:enumeration value="181001"/>
      <xs:enumeration value="183034"/>
      <xs:enumeration value="184043"/>
      <xs:enumeration value="191034"/>
      <xs:enumeration value="192094"/>
      <xs:enumeration value="152011"/>
      <xs:enumeration value="153053"/>
      <xs:enumeration value="157081"/>
      <xs:enumeration value="211002"/>
      <xs:enumeration value="253053"/>
      <xs:enumeration value="221004"/>
      <xs:enumeration value="244021"/>
      <xs:enumeration value="262063"/>
      <xs:enumeration value="230101"/>
      <xs:enumeration value="230102"/>
      <xs:enumeration value="230103"/>
      <xs:enumeration value="230201"/>
      <xs:enumeration value="230202"/>
      <xs:enumeration value="330100"/>
      <xs:enumeration value="330200"/>
      <xs:enumeration value="330500"/>
      <xs:enumeration value="330600"/>
      <xs:enumeration value="430101"/>
      <xs:enumeration value="430102"/>
      <xs:enumeration value="430103"/>
      <xs:enumeration value="430201"/>
      <xs:enumeration value="430202"/>
      <xs:enumeration value="430203"/>
      <xs:enumeration value="430204"/>
      <xs:enumeration value="530100"/>
      <xs:enumeration value="530201"/>
      <xs:enumeration value="530202"/>
      <xs:enumeration value="530203"/>
      <xs:enumeration value="530301"/>
      <xs:enumeration value="530302"/>
      <xs:enumeration value="530303"/>
      <xs:enumeration value="530401"/>
      <xs:enumeration value="530402"/>
      <xs:enumeration value="630101"/>
      <xs:enumeration value="630102"/>
      <xs:enumeration value="630103"/>
      <xs:enumeration value="210100"/>
      <xs:enumeration value="610100"/>
      <xs:enumeration value="310100"/>
      <xs:enumeration value="410100"/>
      <xs:enumeration value="510100"/>
    </xs:restriction>
  </xs:simpleType>
  <xs:simpleType name="sideNoteType">
    <xs:restriction base="xs:string">
      <xs:enumeration value="MIGRATION"/>
      <xs:enumeration value="CHANGE"/>
      <xs:enumeration value="BASIS_ACT"/>
    </xs:restriction>
  </xs:simpleType>
  <xs:simpleType name="code">
    <xs:restriction base="xs:string">
      <xs:enumeration value="PERSON_NOBILITY"/>
      <xs:enumeration value="PERSON_NOBILITYFREE"/>
      <xs:enumeration value="PERSON_FIRSTNAMES"/>
      <xs:enumeration value="PERSON_LASTNAME"/>
      <xs:enumeration value="PERSON_BIRTHDATE"/>
      <xs:enumeration value="PERSON_BIRTHPLACE_MUNICIPALITYCODE"/>
      <xs:enumeration value="PERSON_BIRTHPLACE_MUNICIPALITYFREETEXT"/>
      <xs:enumeration value="PERSON_BIRTHPLACE_COUNTRYCODE"/>
      <xs:enumeration value="PERSON_BIRTHPLACE_COUNTRYFREETEXT"/>
      <xs:enumeration value="DOCUMENT_DOCUMENTREFERENCE"/>
      <xs:enumeration value="DOCUMENT_ESTABLISHINGDATE"/>
      <xs:enumeration value="DOCUMENT_REDACTIONPLACE_MUNICIPALITYCODE"/>
      <xs:enumeration value="DOCUMENT_REDACTIONPLACE_MUNICIPALITYFREETEXT"/>
      <xs:enumeration value="DOCUMENT_REDACTIONPLACE_COUNTRYCODE"/>
      <xs:enumeration value="DOCUMENT_REDACTIONPLACE_COUNTRYFREETEXT"/>
      <xs:enumeration value="ROLE_ROLE"/>
      <xs:enumeration value="BIRTHCERTIFICATE_FACTDATE"/>
      <xs:enumeration value="BIRTHCERTIFICATE_BIRTHTIME"/>
      <xs:enumeration value="BIRTHCERTIFICATE_GENDER"/>
      <xs:enumeration value="BIRTHCERTIFICATE_NAME_DECLARATIONMADEBYTHEPARENTS"/>
      <xs:enumeration value="BIRTHCERTIFICATE_NAMEDECLARATION_NAME"/>
      <xs:enumeration value="BIRTHCERTIFICATE_NAMEDECLARATION_NAME1"/>
      <xs:enumeration value="BIRTHCERTIFICATE_NAMEDECLARATION_NAME2"/>
      <xs:enumeration value="BIRTHCERTIFICATE_PRENATALRECOGNITIONDOCUMENTREFERENCE"/>
      <xs:enumeration value="BIRTHCERTIFICATE_CONSENTROLE"/>
      <xs:enumeration value="BIRTHCERTIFICATE_CONSENTDATE"/>
      <xs:enumeration value="BIRTHCERTIFICATE_CONSENTPLACE_MUNICIPALITYCODE"/>
      <xs:enumeration value="BIRTHCERTIFICATE_CONSENTPLACE_MUNICIPALITYFREETEXT"/>
      <xs:enumeration value="BIRTHCERTIFICATE_CONSENTPLACE_COUNTRYCODE"/>
      <xs:enumeration value="BIRTHCERTIFICATE_CONSENTPLACE_COUNTRYFREETEXT"/>
      <xs:enumeration value="BIRTHCERTIFICATE_CONSENTAUTHORITY"/>
      <xs:enumeration value="BIRTHCERTIFICATE_JURIDICALAUTHORITY"/>
      <xs:enumeration value="BIRTHCERTIFICATE_JURIDICALREFERENCE"/>
      <xs:enumeration value="BIRTHCERTIFICATE_VERDICTDATE"/>
      <xs:enumeration value="PRENATALRECOGNITIONCERTIFICATE_FACTDATE"/>
      <xs:enumeration value="PRENATALRECOGNITIONCERTIFICATE_MOTHERCONSENTDATE"/>
      <xs:enumeration value="PRENATALRECOGNITIONCERTIFICATE_MOTHERCONSENTPLACE_MUNICIPALITYCODE"/>
      <xs:enumeration value="PRENATALRECOGNITIONCERTIFICATE_MOTHERCONSENTPLACE_MUNICIPALITYFREETEXT"/>
      <xs:enumeration value="PRENATALRECOGNITIONCERTIFICATE_MOTHERCONSENTPLACE_COUNTRYCODE"/>
      <xs:enumeration value="PRENATALRECOGNITIONCERTIFICATE_MOTHERCONSENTPLACE_COUNTRYFREETEXT"/>
      <xs:enumeration value="PRENATALRECOGNITIONCERTIFICATE_MOTHERCONSENTAUTHORITY"/>
      <xs:enumeration value="PRENATALRECOGNITIONCERTIFICATE_JURIDICALAUTHORITY"/>
      <xs:enumeration value="PRENATALRECOGNITIONCERTIFICATE_JURIDICALREFERENCE"/>
      <xs:enumeration value="PRENATALRECOGNITIONCERTIFICATE_VERDICTDATE"/>
      <xs:enumeration value="RECOGNITIONCERTIFICATE_FACTDATE"/>
      <xs:enumeration value="RECOGNITIONCERTIFICATE_FILIATIONCONSENTDATE"/>
      <xs:enumeration value="RECOGNITIONCERTIFICATE_FILIATIONCONSENTPLACE_MUNICIPALITYCODE"/>
      <xs:enumeration value="RECOGNITIONCERTIFICATE_FILIATIONCONSENTPLACE_MUNICIPALITYFREETEXT"/>
      <xs:enumeration value="RECOGNITIONCERTIFICATE_FILIATIONCONSENTPLACE_COUNTRYCODE"/>
      <xs:enumeration value="RECOGNITIONCERTIFICATE_FILIATIONCONSENTPLACE_COUNTRYFREETEXT"/>
      <xs:enumeration value="RECOGNITIONCERTIFICATE_FILIATIONCONSENTAUTHORITY"/>
      <xs:enumeration value="RECOGNITIONCERTIFICATE_CHILDCONSENTDATE"/>
      <xs:enumeration value="RECOGNITIONCERTIFICATE_CHILDCONSENTPLACE_MUNICIPALITYCODE"/>
      <xs:enumeration value="RECOGNITIONCERTIFICATE_CHILDCONSENTPLACE_MUNICIPALITYFREETEXT"/>
      <xs:enumeration value="RECOGNITIONCERTIFICATE_CHILDCONSENTPLACE_COUNTRYCODE"/>
      <xs:enumeration value="RECOGNITIONCERTIFICATE_CHILDCONSENTPLACE_COUNTRYFREETEXT"/>
      <xs:enumeration value="RECOGNITIONCERTIFICATE_CHILDCONSENTAUTHORITY"/>
      <xs:enumeration value="RECOGNITIONCERTIFICATE_LEGALREPRESENTATIVECONSENTDATE"/>
      <xs:enumeration value="RECOGNITIONCERTIFICATE_LEGALREPRESENTATIVECONSENTPLACE_MUNICIPALITYCODE"/>
      <xs:enumeration value="RECOGNITIONCERTIFICATE_LEGALREPRESENTATIVECONSENTPLACE_MUNICIPALITYFREETEXT"/>
      <xs:enumeration value="RECOGNITIONCERTIFICATE_LEGALREPRESENTATIVECONSENTPLACE_COUNTRYCODE"/>
      <xs:enumeration value="RECOGNITIONCERTIFICATE_LEGALREPRESENTATIVECONSENTPLACE_COUNTRYFREETEXT"/>
      <xs:enumeration value="RECOGNITIONCERTIFICATE_LEGALREPRESENTATIVECONSENTAUTHORITY"/>
      <xs:enumeration value="RECOGNITIONCERTIFICATE_COURTCONSENTJURISDICTION"/>
      <xs:enumeration value="RECOGNITIONCERTIFICATE_COURTCONSENTVERDICTDATE"/>
      <xs:enumeration value="RECOGNITIONCERTIFICATE_COURTCONSENTREFERENCE"/>
      <xs:enumeration value="RECOGNITIONCERTIFICATE_NAMEDECLARATIONMADEBYTHEPARENTS"/>
      <xs:enumeration value="RECOGNITIONCERTIFICATE_NEWFIRSTNAME"/>
      <xs:enumeration value="RECOGNITIONCERTIFICATE_NAMEDECLARATION"/>
      <xs:enumeration value="RECOGNITIONCERTIFICATE_NAMEDECLARATION_NAME1"/>
      <xs:enumeration value="RECOGNITIONCERTIFICATE_NAMEDECLARATION_NAME2"/>
      <xs:enumeration value="MARRIAGECERTIFICATE_FACTDATE"/>
      <xs:enumeration value="MARRIAGECERTIFICATE_NAMECHANGESPOUSE1"/>
      <xs:enumeration value="MARRIAGECERTIFICATE_NAMECHANGESPOUSE2"/>
      <xs:enumeration value="DEATHCERTIFICATE_FACTDATE"/>
      <xs:enumeration value="DEATHCERTIFICATE_DECEASETIME"/>
      <xs:enumeration value="DEATHCERTIFICATE_DECEASEPLACE_MUNICIPALITYCODE"/>
      <xs:enumeration value="DEATHCERTIFICATE_DECEASEPLACE_MUNICIPALITYFREETEXT"/>
      <xs:enumeration value="DEATHCERTIFICATE_DECEASEPLACE_COUNTRYCODE"/>
      <xs:enumeration value="DEATHCERTIFICATE_DECEASEPLACE_COUNTRYFREETEXT"/>
      <xs:enumeration value="DEATHCERTIFICATE_DECEASEPLACE_LIFELESSBODY"/>
      <xs:enumeration value="DECLARATION_OF_LIFELESS_CHILD_CERTIFICATE_FACTDATE"/>
      <xs:enumeration value="DECLARATION_OF_LIFELESS_CHILD_CERTIFICATE_BIRTHTIME"/>
      <xs:enumeration value="DECLARATION_OF_LIFELESS_CHILD_CERTIFICATE_BIRTHPLACE_MUNICIPALITYCODE"/>
      <xs:enumeration value="DECLARATION_OF_LIFELESS_CHILD_CERTIFICATE_BIRTHPLACE_MUNICIPALITYFREETEXT"/>
      <xs:enumeration value="DECLARATION_OF_LIFELESS_CHILD_CERTIFICATE_BIRTHPLACE_COUNTRYCODE"/>
      <xs:enumeration value="DECLARATION_OF_LIFELESS_CHILD_CERTIFICATE_BIRTHPLACE_COUNTRYFREETEXT"/>
      <xs:enumeration value="DECLARATION_OF_LIFELESS_CHILD_CERTIFICATE_FIRSTNAMES"/>
      <xs:enumeration value="DECLARATION_OF_LIFELESS_CHILD_CERTIFICATE_GENDER"/>
      <xs:enumeration value="DECLARATION_OF_LIFELESS_CHILD_CERTIFICATE_DURATION_OF_PREGNANCY"/>
      <xs:enumeration value="DECLARATION_OF_LIFELESS_CHILD_CERTIFICATE_NAME"/>
      <xs:enumeration value="NAMECHANGE_CERTIFICATE_FACTDATE"/>
      <xs:enumeration value="NAMECHANGE_CERTIFICATE_NAMEDECLARATION"/>
      <xs:enumeration value="NAMECHANGE_CERTIFICATE_NAMEDECLARATION_NAME1"/>
      <xs:enumeration value="NAMECHANGE_CERTIFICATE_NAMEDECLARATION_NAME2"/>
      <xs:enumeration value="NAMECHANGE_CERTIFICATE_REASONFORTHECERTIFICATE"/>
      <xs:enumeration value="NAMECHANGE_CERTIFICATE_REQUESTINGDATE"/>
      <xs:enumeration value="FIRSTNAMECHANGE_CERTIFICATE_FACTDATE"/>
      <xs:enumeration value="FIRSTNAMECHANGE_CERTIFICATE_FIRSTNAMES"/>
      <xs:enumeration value="NATIONALITY_CERTIFICATE_FACTDATE"/>
      <xs:enumeration value="NATIONALITY_CERTIFICATE_REASON_FOR_THE_CERTIFICATE"/>
      <xs:enumeration value="NATIONALITY_CERTIFICATE_OTHER_NATIONALITY_CODE"/>
      <xs:enumeration value="TRANSSEXUALITY_CERTIFICATE_FACTDATE"/>
      <xs:enumeration value="TRANSSEXUALITY_NEWGENDER"/>
      <xs:enumeration value="ABSENCE_CERTIFICATE_FACTDATE"/>
      <xs:enumeration value="ADOPTION_CERTIFICATE_FACTDATE"/>
      <xs:enumeration value="ADOPTION_CERTIFICATE_ADOPTIONTYPE"/>
      <xs:enumeration value="ADOPTION_CERTIFICATE_NEWNAME_NAME"/>
      <xs:enumeration value="ADOPTION_CERTIFICATE_NEWNAME_NAME1"/>
      <xs:enumeration value="ADOPTION_CERTIFICATE_NEWNAME_NAME2"/>
      <xs:enumeration value="ADOPTION_CERTIFICATE_NEWFIRSTNAMES"/>
      <xs:enumeration value="ADOPTION_CERTIFICATE_FCARECOGNITIONDATE"/>
      <xs:enumeration value="DIVORCE_CERTIFICATE_FACTDATE"/>
      <xs:enumeration value="DIVORCE_CERTIFICATE_MARRIAGECERTIFICATENUMBER"/>
      <xs:enumeration value="ANNULMENT_CERTIFICATE_FACTDATE"/>
      <xs:enumeration value="ANNULMENT_ANNULEDCERTIFICATENUMBER"/>
      <xs:enumeration value="ANNULMENT_ANNULATIONTYPE"/>
      <xs:enumeration value="MODIFICATIONCERTIFICATE_FACTDATE"/>
      <xs:enumeration value="MODIFICATIONCERTIFICATE_MODIFIEDCERTIFICATEREFERENCE"/>
      <xs:enumeration value="MODIFICATIONCERTIFICATE_DECISIONAUTHORITYCODE"/>
      <xs:enumeration value="MODIFICATIONCERTIFICATE_DECISIONAUTHORITYFREE"/>
      <xs:enumeration value="MODIFICATIONCERTIFICATE_DECISIONDATE"/>
      <xs:enumeration value="MODIFICATIONCERTIFICATE_APPLICATIONDATE"/>
      <xs:enumeration value="MODIFICATIONCERTIFICATE_DECISIONTYPE"/>
      <xs:enumeration value="MODIFICATIONCERTIFICATE_DECISIONCATEGORY"/>
      <xs:enumeration value="MODIFICATIONCERTIFICATE_DECISIONREFERENCE"/>
      <xs:enumeration value="MODIFICATIONCERTIFICATE_CHANGEDVALUES_CHANGEDFIELDCODE"/>
      <xs:enumeration value="MODIFICATIONCERTIFICATE_CHANGEDVALUES_CHANGEDFIELDOLDVALUE"/>
      <xs:enumeration value="MODIFICATIONCERTIFICATE_CHANGEDVALUES_CHANGEDFIELDNEWVALUE"/>
    </xs:restriction>
  </xs:simpleType>
  <xs:simpleType name="personOrigin">
    <xs:restriction base="xs:string">
      <xs:enumeration value="RR"/>
      <xs:enumeration value="BIS"/>
      <xs:enumeration value="BIS_TMP"/>
      <xs:enumeration value="BIS_DRAFT"/>
      <xs:enumeration value="RRN_NR"/>
    </xs:restriction>
  </xs:simpleType>
  <xs:simpleType name="nobility">
    <xs:restriction base="xs:string">
      <xs:enumeration value="PRINCE"/>
      <xs:enumeration value="PRINCESS"/>
      <xs:enumeration value="DUKE"/>
      <xs:enumeration value="DUCHESS"/>
      <xs:enumeration value="MARQUIS"/>
      <xs:enumeration value="MARQUISE"/>
      <xs:enumeration value="COUNT"/>
      <xs:enumeration value="COUNTESS"/>
      <xs:enumeration value="VISCOUNT"/>
      <xs:enumeration value="VISCOUNTESS"/>
      <xs:enumeration value="BARON"/>
      <xs:enumeration value="BARONESS"/>
      <xs:enumeration value="KNIGHT"/>
      <xs:enumeration value="NOBLE_WOMAN"/>
      <xs:enumeration value="NOBLE_MAN"/>
      <xs:enumeration value="ARCHDUKE"/>
      <xs:enumeration value="ARCHDUCHESS"/>
      <xs:enumeration value="GRAND_DUKE"/>
      <xs:enumeration value="GRAND_DUCHESS"/>
      <xs:enumeration value="KING_OF_BELGIUM"/>
      <xs:enumeration value="QUEEN_OF_BELGIUM"/>
      <xs:enumeration value="PRINCE_OF_BELGIUM"/>
      <xs:enumeration value="PRINCESS_OF_BELGIUM"/>
      <xs:enumeration value="DUKE_OF_BRABANT"/>
      <xs:enumeration value="DUCHESS_OF_BRABANT"/>
    </xs:restriction>
  </xs:simpleType>
  <xs:simpleType name="gender">
    <xs:restriction base="xs:string">
      <xs:enumeration value="MALE"/>
      <xs:enumeration value="FEMALE"/>
      <xs:enumeration value="UNKNOWN"/>
    </xs:restriction>
  </xs:simpleType>
  <xs:simpleType name="roleType">
    <xs:restriction base="xs:string">
      <xs:enumeration value="ABS"/>
      <xs:enumeration value="ADOPTIVE_MOTHER"/>
      <xs:enumeration value="ADOPTIVE_FATHER"/>
      <xs:enumeration value="ADOPTIVE_COPARENT"/>
      <xs:enumeration value="CHILD"/>
      <xs:enumeration value="CONCERNED_PERSON"/>
      <xs:enumeration value="COPARENT"/>
      <xs:enumeration value="DECEASED"/>
      <xs:enumeration value="DECLARANT"/>
      <xs:enumeration value="DECLARANT_1"/>
      <xs:enumeration value="DECLARANT_2"/>
      <xs:enumeration value="FATHER"/>
      <xs:enumeration value="LEGAL_REPRESENTATIVE"/>
      <xs:enumeration value="MISSING"/>
      <xs:enumeration value="NOT_RECOGNISING_FATHER"/>
      <xs:enumeration value="NOT_RECOGNISING_COPARENT"/>
      <xs:enumeration value="MOTHER"/>
      <xs:enumeration value="SPOUSE_1"/>
      <xs:enumeration value="SPOUSE_2"/>
      <xs:enumeration value="RECOGNIZER_FATHER"/>
      <xs:enumeration value="RECOGNIZER_MOTHER"/>
      <xs:enumeration value="RECOGNIZER_COPARENT"/>
      <xs:enumeration value="WITNESS"/>
      <xs:enumeration value="ADDED_FATHER"/>
      <xs:enumeration value="ADDED_MOTHER"/>
      <xs:enumeration value="ADDED_COPARENT"/>
      <xs:enumeration value="REMOVED_FATHER"/>
      <xs:enumeration value="REMOVED_MOTHER"/>
      <xs:enumeration value="REMOVED_COPARENT"/>
      <xs:enumeration value="FATHER_THAT_HAS_MADE_A_PRENATAL_RECOGNITION"/>
      <xs:enumeration value="COPARENT_THAT_HAS_MADE_A_PRENATAL_RECOGNITION"/>
    </xs:restriction>
  </xs:simpleType>
  <xs:simpleType name="actionType">
    <xs:restriction base="xs:string">
      <xs:enumeration value="ADD"/>
      <xs:enumeration value="REMOVE"/>
    </xs:restriction>
  </xs:simpleType>
  <xs:element name="DABSException" type="core:DABSException"/>
  <xs:complexType name="DABSException">
    <xs:sequence>
      <xs:element minOccurs="0" name="traceId" type="xs:string"/>
      <xs:element maxOccurs="unbounded" minOccurs="0" name="error" type="core:error"/>
    </xs:sequence>
  </xs:complexType>
</xs:schema>]]></con:content><con:type>http://www.w3.org/2001/XMLSchema</con:type></con:part></con:definitionCache><con:endpoints><con:endpoint>https://192.168.24.45:8443/services/CivilStatusNotificationService_v1.0</con:endpoint><con:endpoint>https://192.168.24.51:8443/services/CivilStatusNotificationService_v1.0</con:endpoint><con:endpoint>https://192.168.24.57:8443/services/CivilStatusNotificationService_v1.0</con:endpoint><con:endpoint>https://192.168.24.64:8443/services/CivilStatusNotificationService_v1.0</con:endpoint><con:endpoint>https://192.168.36.159:8243/services/CivilStatusNotificationService_v1.0</con:endpoint><con:endpoint>https://192.168.36.205:8443/services/CivilStatusNotificationService_v1.0</con:endpoint><con:endpoint>https://esb-security-gw.sta.srv.cirb.lan:8443/services/CivilStatusNotificationService_v1.0</con:endpoint><con:endpoint>https://fidus-esb-sg.sta.srv.cirb.lan:8443/services/CivilStatusNotificationService_v1.0</con:endpoint><con:endpoint>https://fidus-test.irisnetlab.be/services/CivilStatusNotificationService_v1.0</con:endpoint><con:endpoint>https://fidus.irisnetlab.be/services/CivilStatusNotificationService_v1.0</con:endpoint><con:endpoint>https://localhost:8243/services/CivilStatusNotificationService_v1.0</con:endpoint></con:endpoints><con:operation id="1324062f-7aaa-4e59-8a54-2db8b5bfbdc9" isOneWay="false" action="http://fidus.brussels/service/civilstatusnotificationservice/createNotification" name="createNotification" bindingOperationName="createNotification" type="Request-Response" inputName="" receivesAttachments="false" sendsAttachments="false" anonymous="optional"><con:settings/><con:call id="87b2b8dc-a264-4cab-9ec9-f1e5bda3d5db" name="1- Local  - Request" outgoingWss="outFlowDEV" incomingWss="inflowDEV"><con:settings><con:setting id="com.eviware.soapui.impl.wsdl.WsdlRequest@request-headers">&lt;xml-fragment/></con:setting></con:settings><con:encoding>UTF-8</con:encoding><con:endpoint>https://localhost:8243/services/CivilStatusNotificationService_v1.0</con:endpoint><con:request><![CDATA[<soapenv:Envelope xmlns:soapenv="http://schemas.xmlsoap.org/soap/envelope/" xmlns:core="http://www.fgov.be/dabs/core" xmlns:v1="http://fidus.brussels/service/civilstatusnotificationservice/messages/v1" xmlns:v11="http://fidus.brussels/type/common/messages/v1">
   <soapenv:Header/>
   <soapenv:Body>
      <v1:createNotificationRequest>
         <v1:messageContext>
            <v11:messageId>${=import static java.util.UUID.randomUUID; uuid = randomUUID() as String}</v11:messageId>
            <v11:timestamp>${=new java.text.SimpleDateFormat("yyyy-MM-dd'T'HH:mm:ss.SSS").format(new Date())}</v11:timestamp>
         </v1:messageContext>
         <v1:legalContext>ServiceIntegrator</v1:legalContext>
         <v1:language>fr</v1:language>
         <v1:request>
            <notification>
               <!--Optional:-->
               <id>2662</id>
            <!--Optional:-->
            <creationDate>${=new java.text.SimpleDateFormat("yyyy-MM-dd'T'HH:mm:ss.SSS").format(new Date())}</creationDate>
            <destination>01050</destination>
            <!--Optional:-->
            <generatedby>23025</generatedby>
               <!--Optional:-->
               <message xsi:type="core:textMessage" xmlns:xsi="http://www.w3.org/2001/XMLSchema-instance">
               <!--Optional:
                  <id>1111111</id>-->
               <!--Optional:-->
               <status>CREATED</status>
               <!--Optional:-->
               <statusDate>${=new java.text.SimpleDateFormat("yyyy-MM-dd'T'HH:mm:ss.SSS").format(new Date())}</statusDate>
               <!--Optional:
                  <docReference>123</docReference>-->
               <messageTextType>TEXT_COMMUNICATION</messageTextType>
               <messageTextTitle>bla bla</messageTextTitle>
               <messageTextContent>M bla bla bla</messageTextContent>
               </message>
            </notification>
         </v1:request>
      </v1:createNotificationRequest>
   </soapenv:Body>
</soapenv:Envelope>]]></con:request><con:credentials><con:selectedAuthProfile>Basic</con:selectedAuthProfile><con:addedBasicAuthenticationTypes>Basic</con:addedBasicAuthenticationTypes><con:authType>Global HTTP Settings</con:authType></con:credentials><con:jmsConfig JMSDeliveryMode="PERSISTENT"/><con:jmsPropertyConfig/><con:wsaConfig mustUnderstand="NONE" version="200508" action="http://fidus.brussels/service/civilstatusnotificationservice/createNotification"/><con:wsrmConfig version="1.2"/></con:call><con:call id="accff07f-cbc7-4360-8ea5-5b33128f2072" name="2- DEV  - Request" outgoingWss="outFlowDEV" incomingWss="inflowDEV"><con:settings><con:setting id="com.eviware.soapui.impl.wsdl.WsdlRequest@request-headers">&lt;xml-fragment/></con:setting></con:settings><con:encoding>UTF-8</con:encoding><con:endpoint>https://192.168.36.205:8443/services/CivilStatusNotificationService_v1.0</con:endpoint><con:request><![CDATA[<soapenv:Envelope xmlns:soapenv="http://schemas.xmlsoap.org/soap/envelope/" xmlns:core="http://www.fgov.be/dabs/core" xmlns:v1="http://fidus.brussels/service/civilstatusnotificationservice/messages/v1" xmlns:v11="http://fidus.brussels/type/common/messages/v1">
   <soapenv:Header/>
   <soapenv:Body>
      <v1:createNotificationRequest>
         <v1:messageContext>
            <v11:messageId>${=import static java.util.UUID.randomUUID; uuid = randomUUID() as String}</v11:messageId>
            <v11:timestamp>${=new java.text.SimpleDateFormat("yyyy-MM-dd'T'HH:mm:ss.SSS").format(new Date())}</v11:timestamp>
         </v1:messageContext>
         <v1:legalContext>ServiceIntegrator</v1:legalContext>
         <v1:language>fr</v1:language>
         <v1:request>
            <notification>
               <!--Optional:-->
               <id>2662</id>
            <!--Optional:-->
            <creationDate>${=new java.text.SimpleDateFormat("yyyy-MM-dd'T'HH:mm:ss.SSS").format(new Date())}</creationDate>
            <destination>01050</destination>
            <!--Optional:-->
            <generatedby>23025</generatedby>
               <!--Optional:-->
               <message xsi:type="core:textMessage" xmlns:xsi="http://www.w3.org/2001/XMLSchema-instance">
               <!--Optional:
                  <id>1111111</id>-->
               <!--Optional:-->
               <status>CREATED</status>
               <!--Optional:-->
               <statusDate>${=new java.text.SimpleDateFormat("yyyy-MM-dd'T'HH:mm:ss.SSS").format(new Date())}</statusDate>
               <!--Optional:
                  <docReference>123</docReference>-->
               <messageTextType>TEXT_COMMUNICATION</messageTextType>
               <messageTextTitle>bla bla</messageTextTitle>
               <messageTextContent>M bla bla bla</messageTextContent>
               </message>
            </notification>
         </v1:request>
      </v1:createNotificationRequest>
   </soapenv:Body>
</soapenv:Envelope>]]></con:request><con:credentials><con:selectedAuthProfile>Basic</con:selectedAuthProfile><con:addedBasicAuthenticationTypes>Basic</con:addedBasicAuthenticationTypes><con:authType>Global HTTP Settings</con:authType></con:credentials><con:jmsConfig JMSDeliveryMode="PERSISTENT"/><con:jmsPropertyConfig/><con:wsaConfig mustUnderstand="NONE" version="200508" action="http://fidus.brussels/service/civilstatusnotificationservice/createNotification"/><con:wsrmConfig version="1.2"/></con:call><con:call id="d511cf6c-9ad0-4c75-b036-94c762503771" name="3- TEST - External - Request"><con:settings><con:setting id="com.eviware.soapui.impl.wsdl.WsdlRequest@request-headers">&lt;xml-fragment/></con:setting></con:settings><con:encoding>UTF-8</con:encoding><con:endpoint>https://fidus-test.irisnetlab.be/services/CivilStatusNotificationService_v1.0</con:endpoint><con:request><![CDATA[<soapenv:Envelope xmlns:soapenv="http://schemas.xmlsoap.org/soap/envelope/" xmlns:core="http://www.fgov.be/dabs/core" xmlns:v1="http://fidus.brussels/service/civilstatusnotificationservice/messages/v1" xmlns:v11="http://fidus.brussels/type/common/messages/v1">
   <soapenv:Header/>
   <soapenv:Body>
      <v1:createNotificationRequest>
         <v1:messageContext>
            <v11:messageId>${=import static java.util.UUID.randomUUID; uuid = randomUUID() as String}</v11:messageId>
            <v11:timestamp>${=new java.text.SimpleDateFormat("yyyy-MM-dd'T'HH:mm:ss.SSS").format(new Date())}</v11:timestamp>
         </v1:messageContext>
         <v1:legalContext>None</v1:legalContext>
         <v1:language>fr</v1:language>
         <v1:request>
            <notification>
               <!--Optional:-->
               <id>2662</id>
            <!--Optional:-->
            <creationDate>${=new java.text.SimpleDateFormat("yyyy-MM-dd'T'HH:mm:ss.SSS").format(new Date())}</creationDate>
            <destination>01050</destination>
            <!--Optional:-->
            <generatedby>23025</generatedby>
               <!--Optional:-->
               <message xsi:type="core:textMessage" xmlns:xsi="http://www.w3.org/2001/XMLSchema-instance">
               <!--Optional:
                  <id>1111111</id>-->
               <!--Optional:-->
               <status>CREATED</status>
               <!--Optional:-->
               <statusDate>${=new java.text.SimpleDateFormat("yyyy-MM-dd'T'HH:mm:ss.SSS").format(new Date())}</statusDate>
               <!--Optional:
                  <docReference>123</docReference>-->
               <messageTextType>TEXT_COMMUNICATION</messageTextType>
               <messageTextTitle>bla bla</messageTextTitle>
               <messageTextContent>M bla bla bla</messageTextContent>
               </message>
            </notification>
         </v1:request>
      </v1:createNotificationRequest>
   </soapenv:Body>
</soapenv:Envelope>]]></con:request><con:credentials><con:selectedAuthProfile>Basic</con:selectedAuthProfile><con:addedBasicAuthenticationTypes>Basic</con:addedBasicAuthenticationTypes><con:authType>Global HTTP Settings</con:authType></con:credentials><con:jmsConfig JMSDeliveryMode="PERSISTENT"/><con:jmsPropertyConfig/><con:wsaConfig mustUnderstand="NONE" version="200508" action="http://fidus.brussels/service/civilstatusnotificationservice/createNotification"/><con:wsrmConfig version="1.2"/></con:call><con:call id="bee98d54-dcdc-4a7a-8910-436256c404c1" name="3- TEST - LB - Request" incomingWss="inflowTEST" outgoingWss="outflowTEST"><con:settings><con:setting id="com.eviware.soapui.impl.wsdl.WsdlRequest@request-headers">&lt;xml-fragment/></con:setting></con:settings><con:encoding>UTF-8</con:encoding><con:endpoint>https://esb-security-gw.sta.srv.cirb.lan:8443/services/CivilStatusNotificationService_v1.0</con:endpoint><con:request><![CDATA[<soapenv:Envelope xmlns:soapenv="http://schemas.xmlsoap.org/soap/envelope/" xmlns:core="http://www.fgov.be/dabs/core" xmlns:v1="http://fidus.brussels/service/civilstatusnotificationservice/messages/v1" xmlns:v11="http://fidus.brussels/type/common/messages/v1">
   <soapenv:Header/>
   <soapenv:Body>
      <v1:createNotificationRequest>
         <v1:messageContext>
            <v11:messageId>${=import static java.util.UUID.randomUUID; uuid = randomUUID() as String}</v11:messageId>
            <v11:timestamp>${=new java.text.SimpleDateFormat("yyyy-MM-dd'T'HH:mm:ss.SSS").format(new Date())}</v11:timestamp>
         </v1:messageContext>
         <v1:legalContext>None</v1:legalContext>
         <v1:language>fr</v1:language>
         <v1:request>
            <notification>
               <!--Optional:-->
               <id>2662</id>
            <!--Optional:-->
            <creationDate>${=new java.text.SimpleDateFormat("yyyy-MM-dd'T'HH:mm:ss.SSS").format(new Date())}</creationDate>
            <destination>01050</destination>
            <!--Optional:-->
            <generatedby>23025</generatedby>
               <!--Optional:-->
               <message xsi:type="core:textMessage" xmlns:xsi="http://www.w3.org/2001/XMLSchema-instance">
               <!--Optional:
                  <id>1111111</id>-->
               <!--Optional:-->
               <status>CREATED</status>
               <!--Optional:-->
               <statusDate>${=new java.text.SimpleDateFormat("yyyy-MM-dd'T'HH:mm:ss.SSS").format(new Date())}</statusDate>
               <!--Optional:
                  <docReference>123</docReference>-->
               <messageTextType>TEXT_COMMUNICATION</messageTextType>
               <messageTextTitle>bla bla</messageTextTitle>
               <messageTextContent>M bla bla bla</messageTextContent>
               </message>
            </notification>
         </v1:request>
      </v1:createNotificationRequest>
   </soapenv:Body>
</soapenv:Envelope>]]></con:request><con:credentials><con:selectedAuthProfile>Basic</con:selectedAuthProfile><con:addedBasicAuthenticationTypes>Basic</con:addedBasicAuthenticationTypes><con:authType>Global HTTP Settings</con:authType></con:credentials><con:jmsConfig JMSDeliveryMode="PERSISTENT"/><con:jmsPropertyConfig/><con:wsaConfig mustUnderstand="NONE" version="200508" action="http://fidus.brussels/service/civilstatusnotificationservice/createNotification"/><con:wsrmConfig version="1.2"/></con:call><con:call id="363b048b-c0d1-4c62-a6ae-a2e5e6fe99a1" name="3- TEST - Worker 1  - Request" outgoingWss="outflowTEST" incomingWss="inflowTEST"><con:settings><con:setting id="com.eviware.soapui.impl.wsdl.WsdlRequest@request-headers">&lt;xml-fragment/></con:setting></con:settings><con:encoding>UTF-8</con:encoding><con:endpoint>https://192.168.24.45:8443/services/CivilStatusNotificationService_v1.0</con:endpoint><con:request><![CDATA[<soapenv:Envelope xmlns:soapenv="http://schemas.xmlsoap.org/soap/envelope/" xmlns:core="http://www.fgov.be/dabs/core" xmlns:v1="http://fidus.brussels/service/civilstatusnotificationservice/messages/v1" xmlns:v11="http://fidus.brussels/type/common/messages/v1">
   <soapenv:Header/>
   <soapenv:Body>
      <v1:createNotificationRequest>
         <v1:messageContext>
            <v11:messageId>${=import static java.util.UUID.randomUUID; uuid = randomUUID() as String}</v11:messageId>
            <v11:timestamp>${=new java.text.SimpleDateFormat("yyyy-MM-dd'T'HH:mm:ss.SSS").format(new Date())}</v11:timestamp>
         </v1:messageContext>
         <v1:legalContext>ServiceIntegrator</v1:legalContext>
         <v1:language>fr</v1:language>
         <v1:request>
            <notification>
               <!--Optional:-->
            <!--Optional:-->
            <creationDate>${=new java.text.SimpleDateFormat("yyyy-MM-dd'T'HH:mm:ss.SSS").format(new Date())}</creationDate>
            <destination>01050</destination>
            <!--Optional:-->
            <generatedby>23025</generatedby>
               <!--Optional:-->
               <message xsi:type="core:textMessage" xmlns:xsi="http://www.w3.org/2001/XMLSchema-instance">
               <!--Optional:
                  <id>1111111</id>-->
               <!--Optional:-->
               <status>CREATED</status>
               <!--Optional:-->
               <statusDate>${=new java.text.SimpleDateFormat("yyyy-MM-dd'T'HH:mm:ss.SSS").format(new Date())}</statusDate>
               <!--Optional:
                  <docReference>123</docReference>-->
               <messageTextType>TEXT_COMMUNICATION</messageTextType>
               <messageTextTitle>bla bla</messageTextTitle>
               <messageTextContent>M bla bla bla</messageTextContent>
               </message>
            </notification>
         </v1:request>
      </v1:createNotificationRequest>
   </soapenv:Body>
</soapenv:Envelope>]]></con:request><con:credentials><con:selectedAuthProfile>Basic</con:selectedAuthProfile><con:addedBasicAuthenticationTypes>Basic</con:addedBasicAuthenticationTypes><con:authType>Global HTTP Settings</con:authType></con:credentials><con:jmsConfig JMSDeliveryMode="PERSISTENT"/><con:jmsPropertyConfig/><con:wsaConfig mustUnderstand="NONE" version="200508" action="http://fidus.brussels/service/civilstatusnotificationservice/createNotification"/><con:wsrmConfig version="1.2"/></con:call><con:call id="74e1439d-1ec0-4b71-888c-49d911006ca9" name="3- TEST - Worker 2  - Request" outgoingWss="outflowTEST" incomingWss="inflowTEST"><con:settings><con:setting id="com.eviware.soapui.impl.wsdl.WsdlRequest@request-headers">&lt;xml-fragment/></con:setting></con:settings><con:encoding>UTF-8</con:encoding><con:endpoint>https://192.168.24.51:8443/services/CivilStatusNotificationService_v1.0</con:endpoint><con:request><![CDATA[<soapenv:Envelope xmlns:soapenv="http://schemas.xmlsoap.org/soap/envelope/" xmlns:core="http://www.fgov.be/dabs/core" xmlns:v1="http://fidus.brussels/service/civilstatusnotificationservice/messages/v1" xmlns:v11="http://fidus.brussels/type/common/messages/v1">
   <soapenv:Header/>
   <soapenv:Body>
      <v1:createNotificationRequest>
         <v1:messageContext>
            <v11:messageId>${=import static java.util.UUID.randomUUID; uuid = randomUUID() as String}</v11:messageId>
            <v11:timestamp>${=new java.text.SimpleDateFormat("yyyy-MM-dd'T'HH:mm:ss.SSS").format(new Date())}</v11:timestamp>
         </v1:messageContext>
         <v1:legalContext>None</v1:legalContext>
         <v1:language>fr</v1:language>
         <v1:request>
            <notification>
               <!--Optional:-->
               <id>2662</id>
            <!--Optional:-->
            <creationDate>${=new java.text.SimpleDateFormat("yyyy-MM-dd'T'HH:mm:ss.SSS").format(new Date())}</creationDate>
            <destination>01050</destination>
            <!--Optional:-->
            <generatedby>23025</generatedby>
               <!--Optional:-->
               <message xsi:type="core:textMessage" xmlns:xsi="http://www.w3.org/2001/XMLSchema-instance">
               <!--Optional:
                  <id>1111111</id>-->
               <!--Optional:-->
               <status>CREATED</status>
               <!--Optional:-->
               <statusDate>${=new java.text.SimpleDateFormat("yyyy-MM-dd'T'HH:mm:ss.SSS").format(new Date())}</statusDate>
               <!--Optional:
                  <docReference>123</docReference>-->
               <messageTextType>TEXT_COMMUNICATION</messageTextType>
               <messageTextTitle>bla bla</messageTextTitle>
               <messageTextContent>M bla bla bla</messageTextContent>
               </message>
            </notification>
         </v1:request>
      </v1:createNotificationRequest>
   </soapenv:Body>
</soapenv:Envelope>]]></con:request><con:credentials><con:selectedAuthProfile>Basic</con:selectedAuthProfile><con:addedBasicAuthenticationTypes>Basic</con:addedBasicAuthenticationTypes><con:authType>Global HTTP Settings</con:authType></con:credentials><con:jmsConfig JMSDeliveryMode="PERSISTENT"/><con:jmsPropertyConfig/><con:wsaConfig mustUnderstand="NONE" version="200508" action="http://fidus.brussels/service/civilstatusnotificationservice/createNotification"/><con:wsrmConfig version="1.2"/></con:call><con:call id="060d8d7c-57f2-4cd7-bce9-a1fe2f5ac736" name="4- STAGING - External  - Request"><con:settings><con:setting id="com.eviware.soapui.impl.wsdl.WsdlRequest@request-headers">&lt;xml-fragment/></con:setting></con:settings><con:encoding>UTF-8</con:encoding><con:endpoint>https://fidus.irisnetlab.be/services/CivilStatusNotificationService_v1.0</con:endpoint><con:request><![CDATA[<soapenv:Envelope xmlns:soapenv="http://schemas.xmlsoap.org/soap/envelope/" xmlns:core="http://www.fgov.be/dabs/core" xmlns:v1="http://fidus.brussels/service/civilstatusnotificationservice/messages/v1" xmlns:v11="http://fidus.brussels/type/common/messages/v1">
   <soapenv:Header/>
   <soapenv:Body>
      <v1:createNotificationRequest>
         <v1:messageContext>
            <v11:messageId>${=import static java.util.UUID.randomUUID; uuid = randomUUID() as String}</v11:messageId>
            <v11:timestamp>${=new java.text.SimpleDateFormat("yyyy-MM-dd'T'HH:mm:ss.SSS").format(new Date())}</v11:timestamp>
         </v1:messageContext>
         <v1:legalContext>None</v1:legalContext>
         <v1:language>fr</v1:language>
         <v1:request>
            <notification>
               <!--Optional:-->
               <id>2662</id>
            <!--Optional:-->
            <creationDate>${=new java.text.SimpleDateFormat("yyyy-MM-dd'T'HH:mm:ss.SSS").format(new Date())}</creationDate>
            <destination>01050</destination>
            <!--Optional:-->
            <generatedby>23025</generatedby>
               <!--Optional:-->
               <message xsi:type="core:textMessage" xmlns:xsi="http://www.w3.org/2001/XMLSchema-instance">
               <!--Optional:
                  <id>1111111</id>-->
               <!--Optional:-->
               <status>CREATED</status>
               <!--Optional:-->
               <statusDate>${=new java.text.SimpleDateFormat("yyyy-MM-dd'T'HH:mm:ss.SSS").format(new Date())}</statusDate>
               <!--Optional:
                  <docReference>123</docReference>-->
               <messageTextType>TEXT_COMMUNICATION</messageTextType>
               <messageTextTitle>bla bla</messageTextTitle>
               <messageTextContent>M bla bla bla</messageTextContent>
               </message>
            </notification>
         </v1:request>
      </v1:createNotificationRequest>
   </soapenv:Body>
</soapenv:Envelope>]]></con:request><con:credentials><con:selectedAuthProfile>Basic</con:selectedAuthProfile><con:addedBasicAuthenticationTypes>Basic</con:addedBasicAuthenticationTypes><con:authType>Global HTTP Settings</con:authType></con:credentials><con:jmsConfig JMSDeliveryMode="PERSISTENT"/><con:jmsPropertyConfig/><con:wsaConfig mustUnderstand="NONE" version="200508" action="http://fidus.brussels/service/civilstatusnotificationservice/createNotification"/><con:wsrmConfig version="1.2"/></con:call><con:call id="0275379a-26bc-46c3-9189-7dc3bd2382b3" name="4- STAGING - LB - Request"><con:settings><con:setting id="com.eviware.soapui.impl.wsdl.WsdlRequest@request-headers">&lt;xml-fragment/></con:setting></con:settings><con:encoding>UTF-8</con:encoding><con:endpoint>https://fidus-esb-sg.sta.srv.cirb.lan:8443/services/CivilStatusNotificationService_v1.0</con:endpoint><con:request><![CDATA[<soapenv:Envelope xmlns:soapenv="http://schemas.xmlsoap.org/soap/envelope/" xmlns:core="http://www.fgov.be/dabs/core" xmlns:v1="http://fidus.brussels/service/civilstatusnotificationservice/messages/v1" xmlns:v11="http://fidus.brussels/type/common/messages/v1">
   <soapenv:Header/>
   <soapenv:Body>
      <v1:createNotificationRequest>
         <v1:messageContext>
            <v11:messageId>${=import static java.util.UUID.randomUUID; uuid = randomUUID() as String}</v11:messageId>
            <v11:timestamp>${=new java.text.SimpleDateFormat("yyyy-MM-dd'T'HH:mm:ss.SSS").format(new Date())}</v11:timestamp>
         </v1:messageContext>
         <v1:legalContext>None</v1:legalContext>
         <v1:language>fr</v1:language>
         <v1:request>
            <notification>
               <!--Optional:-->
               <id>2662</id>
            <!--Optional:-->
            <creationDate>${=new java.text.SimpleDateFormat("yyyy-MM-dd'T'HH:mm:ss.SSS").format(new Date())}</creationDate>
            <destination>01050</destination>
            <!--Optional:-->
            <generatedby>23025</generatedby>
               <!--Optional:-->
               <message xsi:type="core:textMessage" xmlns:xsi="http://www.w3.org/2001/XMLSchema-instance">
               <!--Optional:
                  <id>1111111</id>-->
               <!--Optional:-->
               <status>CREATED</status>
               <!--Optional:-->
               <statusDate>${=new java.text.SimpleDateFormat("yyyy-MM-dd'T'HH:mm:ss.SSS").format(new Date())}</statusDate>
               <!--Optional:
                  <docReference>123</docReference>-->
               <messageTextType>TEXT_COMMUNICATION</messageTextType>
               <messageTextTitle>bla bla</messageTextTitle>
               <messageTextContent>M bla bla bla</messageTextContent>
               </message>
            </notification>
         </v1:request>
      </v1:createNotificationRequest>
   </soapenv:Body>
</soapenv:Envelope>]]></con:request><con:credentials><con:selectedAuthProfile>Basic</con:selectedAuthProfile><con:addedBasicAuthenticationTypes>Basic</con:addedBasicAuthenticationTypes><con:authType>Global HTTP Settings</con:authType></con:credentials><con:jmsConfig JMSDeliveryMode="PERSISTENT"/><con:jmsPropertyConfig/><con:wsaConfig mustUnderstand="NONE" version="200508" action="http://fidus.brussels/service/civilstatusnotificationservice/createNotification"/><con:wsrmConfig version="1.2"/></con:call><con:call id="f9eb9b49-4a0a-4229-835b-f2e5a43bfd7b" name="4- STAGING - Worker 1 - Request" outgoingWss="outflowSTAGING" incomingWss="inflowSTAGING"><con:settings><con:setting id="com.eviware.soapui.impl.wsdl.WsdlRequest@request-headers">&lt;xml-fragment/></con:setting></con:settings><con:encoding>UTF-8</con:encoding><con:endpoint>https://192.168.24.57:8443/services/CivilStatusNotificationService_v1.0</con:endpoint><con:request><![CDATA[<soapenv:Envelope xmlns:soapenv="http://schemas.xmlsoap.org/soap/envelope/" xmlns:core="http://www.fgov.be/dabs/core" xmlns:v1="http://fidus.brussels/service/civilstatusnotificationservice/messages/v1" xmlns:v11="http://fidus.brussels/type/common/messages/v1">
   <soapenv:Header/>
   <soapenv:Body>
      <v1:createNotificationRequest>
         <v1:messageContext>
            <v11:messageId>${=import static java.util.UUID.randomUUID; uuid = randomUUID() as String}</v11:messageId>
            <v11:timestamp>${=new java.text.SimpleDateFormat("yyyy-MM-dd'T'HH:mm:ss.SSS").format(new Date())}</v11:timestamp>
         </v1:messageContext>
         <v1:legalContext>None</v1:legalContext>
         <v1:language>fr</v1:language>
         <v1:request>
            <notification>
               <!--Optional:-->
               <id>2662</id>
            <!--Optional:-->
            <creationDate>${=new java.text.SimpleDateFormat("yyyy-MM-dd'T'HH:mm:ss.SSS").format(new Date())}</creationDate>
            <destination>01050</destination>
            <!--Optional:-->
            <generatedby>23025</generatedby>
               <!--Optional:-->
               <message xsi:type="core:textMessage" xmlns:xsi="http://www.w3.org/2001/XMLSchema-instance">
               <!--Optional:
                  <id>1111111</id>-->
               <!--Optional:-->
               <status>CREATED</status>
               <!--Optional:-->
               <statusDate>${=new java.text.SimpleDateFormat("yyyy-MM-dd'T'HH:mm:ss.SSS").format(new Date())}</statusDate>
               <!--Optional:
                  <docReference>123</docReference>-->
               <messageTextType>TEXT_COMMUNICATION</messageTextType>
               <messageTextTitle>bla bla</messageTextTitle>
               <messageTextContent>M bla bla bla</messageTextContent>
               </message>
            </notification>
         </v1:request>
      </v1:createNotificationRequest>
   </soapenv:Body>
</soapenv:Envelope>]]></con:request><con:credentials><con:selectedAuthProfile>Basic</con:selectedAuthProfile><con:addedBasicAuthenticationTypes>Basic</con:addedBasicAuthenticationTypes><con:authType>Global HTTP Settings</con:authType></con:credentials><con:jmsConfig JMSDeliveryMode="PERSISTENT"/><con:jmsPropertyConfig/><con:wsaConfig mustUnderstand="NONE" version="200508" action="http://fidus.brussels/service/civilstatusnotificationservice/createNotification"/><con:wsrmConfig version="1.2"/></con:call><con:call id="39376df9-ddca-46ac-902a-7d1e35065821" name="4- STAGING - Worker 2 - Request"><con:settings><con:setting id="com.eviware.soapui.impl.wsdl.WsdlRequest@request-headers">&lt;xml-fragment/></con:setting></con:settings><con:encoding>UTF-8</con:encoding><con:endpoint>https://192.168.24.64:8443/services/CivilStatusNotificationService_v1.0</con:endpoint><con:request><![CDATA[<soapenv:Envelope xmlns:soapenv="http://schemas.xmlsoap.org/soap/envelope/" xmlns:core="http://www.fgov.be/dabs/core" xmlns:v1="http://fidus.brussels/service/civilstatusnotificationservice/messages/v1" xmlns:v11="http://fidus.brussels/type/common/messages/v1">
   <soapenv:Header/>
   <soapenv:Body>
      <v1:createNotificationRequest>
         <v1:messageContext>
            <v11:messageId>${=import static java.util.UUID.randomUUID; uuid = randomUUID() as String}</v11:messageId>
            <v11:timestamp>${=new java.text.SimpleDateFormat("yyyy-MM-dd'T'HH:mm:ss.SSS").format(new Date())}</v11:timestamp>
         </v1:messageContext>
         <v1:legalContext>None</v1:legalContext>
         <v1:language>fr</v1:language>
         <v1:request>
            <notification>
               <!--Optional:-->
               <id>2662</id>
            <!--Optional:-->
            <creationDate>${=new java.text.SimpleDateFormat("yyyy-MM-dd'T'HH:mm:ss.SSS").format(new Date())}</creationDate>
            <destination>01050</destination>
            <!--Optional:-->
            <generatedby>23025</generatedby>
               <!--Optional:-->
               <message xsi:type="core:textMessage" xmlns:xsi="http://www.w3.org/2001/XMLSchema-instance">
               <!--Optional:
                  <id>1111111</id>-->
               <!--Optional:-->
               <status>CREATED</status>
               <!--Optional:-->
               <statusDate>${=new java.text.SimpleDateFormat("yyyy-MM-dd'T'HH:mm:ss.SSS").format(new Date())}</statusDate>
               <!--Optional:
                  <docReference>123</docReference>-->
               <messageTextType>TEXT_COMMUNICATION</messageTextType>
               <messageTextTitle>bla bla</messageTextTitle>
               <messageTextContent>M bla bla bla</messageTextContent>
               </message>
            </notification>
         </v1:request>
      </v1:createNotificationRequest>
   </soapenv:Body>
</soapenv:Envelope>]]></con:request><con:credentials><con:selectedAuthProfile>Basic</con:selectedAuthProfile><con:addedBasicAuthenticationTypes>Basic</con:addedBasicAuthenticationTypes><con:authType>Global HTTP Settings</con:authType></con:credentials><con:jmsConfig JMSDeliveryMode="PERSISTENT"/><con:jmsPropertyConfig/><con:wsaConfig mustUnderstand="NONE" version="200508" action="http://fidus.brussels/service/civilstatusnotificationservice/createNotification"/><con:wsrmConfig version="1.2"/></con:call></con:operation><con:operation id="8f52e98f-6213-40b4-93da-6878a5c0fafe" isOneWay="false" action="http://fidus.brussels/service/civilstatusnotificationservice/getMyMessagesStatus" name="getMyMessagesStatus" bindingOperationName="getMyMessagesStatus" type="Request-Response" inputName="" receivesAttachments="false" sendsAttachments="false" anonymous="optional"><con:settings/><con:call id="8cb58681-8447-4b26-a9b6-12265313f14f" name="1- Local  - Request" outgoingWss="outFlowDEV" incomingWss="inflowDEV"><con:settings><con:setting id="com.eviware.soapui.impl.wsdl.WsdlRequest@request-headers">&lt;xml-fragment/></con:setting></con:settings><con:encoding>UTF-8</con:encoding><con:endpoint>https://localhost:8243/services/CivilStatusNotificationService_v1.0</con:endpoint><con:request><![CDATA[<soapenv:Envelope xmlns:soapenv="http://schemas.xmlsoap.org/soap/envelope/" xmlns:v1="http://fidus.brussels/service/civilstatusnotificationservice/messages/v1" xmlns:v11="http://fidus.brussels/type/common/messages/v1">
   <soapenv:Header/>
   <soapenv:Body>
      <v1:getMyMessagesStatusRequest>
         <v1:messageContext>
            <v11:messageId>${=import static java.util.UUID.randomUUID; uuid = randomUUID() as String}</v11:messageId>
            <v11:timestamp>${=new java.text.SimpleDateFormat("yyyy-MM-dd'T'HH:mm:ss.SSS").format(new Date())}</v11:timestamp>
         </v1:messageContext>
         <v1:legalContext>None</v1:legalContext>
         <v1:language>fr</v1:language>
         <v1:request>
            <!--Optional:-->
            <from>2016-06-18T17:20:14.449</from>
            <!--Optional:-->
            <to>2019-06-18T17:20:14.449</to>
            <!--Optional:-->
            <withClosed>true</withClosed>
            <!--Optional:-->
            <messageId>1273</messageId>
            <notificationId>2667</notificationId>
         </v1:request>
      </v1:getMyMessagesStatusRequest>
   </soapenv:Body>
</soapenv:Envelope>]]></con:request><con:credentials><con:selectedAuthProfile>Basic</con:selectedAuthProfile><con:addedBasicAuthenticationTypes>Basic</con:addedBasicAuthenticationTypes><con:authType>Global HTTP Settings</con:authType></con:credentials><con:jmsConfig JMSDeliveryMode="PERSISTENT"/><con:jmsPropertyConfig/><con:wsaConfig mustUnderstand="NONE" version="200508" action="http://fidus.brussels/service/civilstatusnotificationservice/getMyMessagesStatus"/><con:wsrmConfig version="1.2"/></con:call><con:call id="45f7e7ad-ac04-4fe9-9280-95405531f80a" name="2- DEV  - Request"><con:settings><con:setting id="com.eviware.soapui.impl.wsdl.WsdlRequest@request-headers">&lt;xml-fragment/></con:setting></con:settings><con:encoding>UTF-8</con:encoding><con:endpoint>https://192.168.36.205:8443/services/CivilStatusNotificationService_v1.0</con:endpoint><con:request><![CDATA[<soapenv:Envelope xmlns:soapenv="http://schemas.xmlsoap.org/soap/envelope/" xmlns:v1="http://fidus.brussels/service/civilstatusnotificationservice/messages/v1" xmlns:v11="http://fidus.brussels/type/common/messages/v1">
   <soapenv:Header/>
   <soapenv:Body>
      <v1:getMyMessagesStatusRequest>
         <v1:messageContext>
            <v11:messageId>${=import static java.util.UUID.randomUUID; uuid = randomUUID() as String}</v11:messageId>
            <v11:timestamp>${=new java.text.SimpleDateFormat("yyyy-MM-dd'T'HH:mm:ss.SSS").format(new Date())}</v11:timestamp>
         </v1:messageContext>
         <v1:legalContext>None</v1:legalContext>
         <v1:language>fr</v1:language>
         <v1:request>
            <!--Optional:-->
            <from>2016-06-18T17:20:14.449</from>
            <!--Optional:-->
            <to>2019-06-18T17:20:14.449</to>
            <!--Optional:-->
            <withClosed>true</withClosed>
            <!--Optional:-->
            <messageId>1273</messageId>
            <notificationId>2667</notificationId>
         </v1:request>
      </v1:getMyMessagesStatusRequest>
   </soapenv:Body>
</soapenv:Envelope>]]></con:request><con:credentials><con:selectedAuthProfile>Basic</con:selectedAuthProfile><con:addedBasicAuthenticationTypes>Basic</con:addedBasicAuthenticationTypes><con:authType>Global HTTP Settings</con:authType></con:credentials><con:jmsConfig JMSDeliveryMode="PERSISTENT"/><con:jmsPropertyConfig/><con:wsaConfig mustUnderstand="NONE" version="200508" action="http://fidus.brussels/service/civilstatusnotificationservice/getMyMessagesStatus"/><con:wsrmConfig version="1.2"/></con:call><con:call id="53365f7b-4053-4b48-808a-633f6845a9c0" name="3- TEST - External  - Request"><con:settings><con:setting id="com.eviware.soapui.impl.wsdl.WsdlRequest@request-headers">&lt;xml-fragment/></con:setting></con:settings><con:encoding>UTF-8</con:encoding><con:endpoint>https://fidus-test.irisnetlab.be/services/CivilStatusNotificationService_v1.0</con:endpoint><con:request><![CDATA[<soapenv:Envelope xmlns:soapenv="http://schemas.xmlsoap.org/soap/envelope/" xmlns:v1="http://fidus.brussels/service/civilstatusnotificationservice/messages/v1" xmlns:v11="http://fidus.brussels/type/common/messages/v1">
   <soapenv:Header/>
   <soapenv:Body>
      <v1:getMyMessagesStatusRequest>
         <v1:messageContext>
            <v11:messageId>${=import static java.util.UUID.randomUUID; uuid = randomUUID() as String}</v11:messageId>
            <v11:timestamp>${=new java.text.SimpleDateFormat("yyyy-MM-dd'T'HH:mm:ss.SSS").format(new Date())}</v11:timestamp>
         </v1:messageContext>
         <v1:legalContext>None</v1:legalContext>
         <v1:language>fr</v1:language>
         <v1:request>
            <!--Optional:-->
            <from>2016-06-18T17:20:14.449</from>
            <!--Optional:-->
            <to>2019-06-18T17:20:14.449</to>
            <!--Optional:-->
            <withClosed>true</withClosed>
            <!--Optional:-->
            <messageId>1273</messageId>
            <notificationId>2667</notificationId>
         </v1:request>
      </v1:getMyMessagesStatusRequest>
   </soapenv:Body>
</soapenv:Envelope>]]></con:request><con:credentials><con:selectedAuthProfile>Basic</con:selectedAuthProfile><con:addedBasicAuthenticationTypes>Basic</con:addedBasicAuthenticationTypes><con:authType>Global HTTP Settings</con:authType></con:credentials><con:jmsConfig JMSDeliveryMode="PERSISTENT"/><con:jmsPropertyConfig/><con:wsaConfig mustUnderstand="NONE" version="200508" action="http://fidus.brussels/service/civilstatusnotificationservice/getMyMessagesStatus"/><con:wsrmConfig version="1.2"/></con:call><con:call id="8641fba0-16d0-49c7-bad0-a72231f59629" name="3- TEST - LB  - Request"><con:settings><con:setting id="com.eviware.soapui.impl.wsdl.WsdlRequest@request-headers">&lt;xml-fragment/></con:setting></con:settings><con:encoding>UTF-8</con:encoding><con:endpoint>https://esb-security-gw.sta.srv.cirb.lan:8443/services/CivilStatusNotificationService_v1.0</con:endpoint><con:request><![CDATA[<soapenv:Envelope xmlns:soapenv="http://schemas.xmlsoap.org/soap/envelope/" xmlns:v1="http://fidus.brussels/service/civilstatusnotificationservice/messages/v1" xmlns:v11="http://fidus.brussels/type/common/messages/v1">
   <soapenv:Header/>
   <soapenv:Body>
      <v1:getMyMessagesStatusRequest>
         <v1:messageContext>
            <v11:messageId>${=import static java.util.UUID.randomUUID; uuid = randomUUID() as String}</v11:messageId>
            <v11:timestamp>${=new java.text.SimpleDateFormat("yyyy-MM-dd'T'HH:mm:ss.SSS").format(new Date())}</v11:timestamp>
         </v1:messageContext>
         <v1:legalContext>None</v1:legalContext>
         <v1:language>fr</v1:language>
         <v1:request>
            <!--Optional:-->
            <from>2016-06-18T17:20:14.449</from>
            <!--Optional:-->
            <to>2019-06-18T17:20:14.449</to>
            <!--Optional:-->
            <withClosed>true</withClosed>
            <!--Optional:-->
            <messageId>1273</messageId>
            <notificationId>2667</notificationId>
         </v1:request>
      </v1:getMyMessagesStatusRequest>
   </soapenv:Body>
</soapenv:Envelope>]]></con:request><con:credentials><con:selectedAuthProfile>Basic</con:selectedAuthProfile><con:addedBasicAuthenticationTypes>Basic</con:addedBasicAuthenticationTypes><con:authType>Global HTTP Settings</con:authType></con:credentials><con:jmsConfig JMSDeliveryMode="PERSISTENT"/><con:jmsPropertyConfig/><con:wsaConfig mustUnderstand="NONE" version="200508" action="http://fidus.brussels/service/civilstatusnotificationservice/getMyMessagesStatus"/><con:wsrmConfig version="1.2"/></con:call><con:call id="8f111d15-d8a9-463a-9b69-b86634ba5cc9" name="3- TEST - Worker 1 - Request" outgoingWss="outflowTEST" incomingWss="inflowTEST"><con:settings><con:setting id="com.eviware.soapui.impl.wsdl.WsdlRequest@request-headers">&lt;xml-fragment/></con:setting></con:settings><con:encoding>UTF-8</con:encoding><con:endpoint>https://192.168.24.45:8443/services/CivilStatusNotificationService_v1.0</con:endpoint><con:request><![CDATA[<soapenv:Envelope xmlns:soapenv="http://schemas.xmlsoap.org/soap/envelope/" xmlns:v1="http://fidus.brussels/service/civilstatusnotificationservice/messages/v1" xmlns:v11="http://fidus.brussels/type/common/messages/v1">
   <soapenv:Header/>
   <soapenv:Body>
      <v1:getMyMessagesStatusRequest>
         <v1:messageContext>
            <v11:messageId>${=import static java.util.UUID.randomUUID; uuid = randomUUID() as String}</v11:messageId>
            <v11:timestamp>${=new java.text.SimpleDateFormat("yyyy-MM-dd'T'HH:mm:ss.SSS").format(new Date())}</v11:timestamp>
         </v1:messageContext>
         <v1:legalContext>ServiceIntegrator</v1:legalContext>
         <v1:language>fr</v1:language>
         <v1:request>
            <from>2016-06-18T17:20:14.449</from>
            <to>2019-06-18T17:20:14.449</to>
         </v1:request>
      </v1:getMyMessagesStatusRequest>
   </soapenv:Body>
</soapenv:Envelope>]]></con:request><con:credentials><con:selectedAuthProfile>Basic</con:selectedAuthProfile><con:addedBasicAuthenticationTypes>Basic</con:addedBasicAuthenticationTypes><con:authType>Global HTTP Settings</con:authType></con:credentials><con:jmsConfig JMSDeliveryMode="PERSISTENT"/><con:jmsPropertyConfig/><con:wsaConfig mustUnderstand="NONE" version="200508" action="http://fidus.brussels/service/civilstatusnotificationservice/getMyMessagesStatus"/><con:wsrmConfig version="1.2"/></con:call><con:call id="bef675f1-e0c3-4fb9-b7f4-d91510a2c920" name="3- TEST - Worker 2 - Request"><con:settings><con:setting id="com.eviware.soapui.impl.wsdl.WsdlRequest@request-headers">&lt;xml-fragment/></con:setting></con:settings><con:encoding>UTF-8</con:encoding><con:endpoint>https://192.168.24.51:8443/services/CivilStatusNotificationService_v1.0</con:endpoint><con:request><![CDATA[<soapenv:Envelope xmlns:soapenv="http://schemas.xmlsoap.org/soap/envelope/" xmlns:v1="http://fidus.brussels/service/civilstatusnotificationservice/messages/v1" xmlns:v11="http://fidus.brussels/type/common/messages/v1">
   <soapenv:Header/>
   <soapenv:Body>
      <v1:getMyMessagesStatusRequest>
         <v1:messageContext>
            <v11:messageId>${=import static java.util.UUID.randomUUID; uuid = randomUUID() as String}</v11:messageId>
            <v11:timestamp>${=new java.text.SimpleDateFormat("yyyy-MM-dd'T'HH:mm:ss.SSS").format(new Date())}</v11:timestamp>
         </v1:messageContext>
         <v1:legalContext>None</v1:legalContext>
         <v1:language>fr</v1:language>
         <v1:request>
            <!--Optional:-->
            <from>2016-06-18T17:20:14.449</from>
            <!--Optional:-->
            <to>2019-06-18T17:20:14.449</to>
            <!--Optional:-->
            <withClosed>true</withClosed>
            <!--Optional:-->
            <messageId>1273</messageId>
            <notificationId>2667</notificationId>
         </v1:request>
      </v1:getMyMessagesStatusRequest>
   </soapenv:Body>
</soapenv:Envelope>]]></con:request><con:credentials><con:selectedAuthProfile>Basic</con:selectedAuthProfile><con:addedBasicAuthenticationTypes>Basic</con:addedBasicAuthenticationTypes><con:authType>Global HTTP Settings</con:authType></con:credentials><con:jmsConfig JMSDeliveryMode="PERSISTENT"/><con:jmsPropertyConfig/><con:wsaConfig mustUnderstand="NONE" version="200508" action="http://fidus.brussels/service/civilstatusnotificationservice/getMyMessagesStatus"/><con:wsrmConfig version="1.2"/></con:call><con:call id="4d3f88c2-288c-4cd2-9d15-e000066d2732" name="4- STAGING - External  - Request"><con:settings><con:setting id="com.eviware.soapui.impl.wsdl.WsdlRequest@request-headers">&lt;xml-fragment/></con:setting></con:settings><con:encoding>UTF-8</con:encoding><con:endpoint>https://fidus.irisnetlab.be/services/CivilStatusNotificationService_v1.0</con:endpoint><con:request><![CDATA[<soapenv:Envelope xmlns:soapenv="http://schemas.xmlsoap.org/soap/envelope/" xmlns:v1="http://fidus.brussels/service/civilstatusnotificationservice/messages/v1" xmlns:v11="http://fidus.brussels/type/common/messages/v1">
   <soapenv:Header/>
   <soapenv:Body>
      <v1:getMyMessagesStatusRequest>
         <v1:messageContext>
            <v11:messageId>${=import static java.util.UUID.randomUUID; uuid = randomUUID() as String}</v11:messageId>
            <v11:timestamp>${=new java.text.SimpleDateFormat("yyyy-MM-dd'T'HH:mm:ss.SSS").format(new Date())}</v11:timestamp>
         </v1:messageContext>
         <v1:legalContext>None</v1:legalContext>
         <v1:language>fr</v1:language>
         <v1:request>
            <!--Optional:-->
            <from>2016-06-18T17:20:14.449</from>
            <!--Optional:-->
            <to>2019-06-18T17:20:14.449</to>
            <!--Optional:-->
            <withClosed>true</withClosed>
            <!--Optional:-->
            <messageId>1273</messageId>
            <notificationId>2667</notificationId>
         </v1:request>
      </v1:getMyMessagesStatusRequest>
   </soapenv:Body>
</soapenv:Envelope>]]></con:request><con:credentials><con:selectedAuthProfile>Basic</con:selectedAuthProfile><con:addedBasicAuthenticationTypes>Basic</con:addedBasicAuthenticationTypes><con:authType>Global HTTP Settings</con:authType></con:credentials><con:jmsConfig JMSDeliveryMode="PERSISTENT"/><con:jmsPropertyConfig/><con:wsaConfig mustUnderstand="NONE" version="200508" action="http://fidus.brussels/service/civilstatusnotificationservice/getMyMessagesStatus"/><con:wsrmConfig version="1.2"/></con:call><con:call id="c5661229-8eb9-4b51-89dc-348e57f3042f" name="4- STAGING - LB  - Request"><con:settings><con:setting id="com.eviware.soapui.impl.wsdl.WsdlRequest@request-headers">&lt;xml-fragment/></con:setting></con:settings><con:encoding>UTF-8</con:encoding><con:endpoint>https://fidus-esb-sg.sta.srv.cirb.lan:8443/services/CivilStatusNotificationService_v1.0</con:endpoint><con:request><![CDATA[<soapenv:Envelope xmlns:soapenv="http://schemas.xmlsoap.org/soap/envelope/" xmlns:v1="http://fidus.brussels/service/civilstatusnotificationservice/messages/v1" xmlns:v11="http://fidus.brussels/type/common/messages/v1">
   <soapenv:Header/>
   <soapenv:Body>
      <v1:getMyMessagesStatusRequest>
         <v1:messageContext>
            <v11:messageId>${=import static java.util.UUID.randomUUID; uuid = randomUUID() as String}</v11:messageId>
            <v11:timestamp>${=new java.text.SimpleDateFormat("yyyy-MM-dd'T'HH:mm:ss.SSS").format(new Date())}</v11:timestamp>
         </v1:messageContext>
         <v1:legalContext>None</v1:legalContext>
         <v1:language>fr</v1:language>
         <v1:request>
            <!--Optional:-->
            <from>2016-06-18T17:20:14.449</from>
            <!--Optional:-->
            <to>2019-06-18T17:20:14.449</to>
            <!--Optional:-->
            <withClosed>true</withClosed>
            <!--Optional:-->
            <messageId>1273</messageId>
            <notificationId>2667</notificationId>
         </v1:request>
      </v1:getMyMessagesStatusRequest>
   </soapenv:Body>
</soapenv:Envelope>]]></con:request><con:credentials><con:selectedAuthProfile>Basic</con:selectedAuthProfile><con:addedBasicAuthenticationTypes>Basic</con:addedBasicAuthenticationTypes><con:authType>Global HTTP Settings</con:authType></con:credentials><con:jmsConfig JMSDeliveryMode="PERSISTENT"/><con:jmsPropertyConfig/><con:wsaConfig mustUnderstand="NONE" version="200508" action="http://fidus.brussels/service/civilstatusnotificationservice/getMyMessagesStatus"/><con:wsrmConfig version="1.2"/></con:call><con:call id="53cb4648-35c1-4d8c-970a-30a1d41edcb6" name="4- STAGING - Worker 1  - Request"><con:settings><con:setting id="com.eviware.soapui.impl.wsdl.WsdlRequest@request-headers">&lt;xml-fragment/></con:setting></con:settings><con:encoding>UTF-8</con:encoding><con:endpoint>https://192.168.24.57:8443/services/CivilStatusNotificationService_v1.0</con:endpoint><con:request><![CDATA[<soapenv:Envelope xmlns:soapenv="http://schemas.xmlsoap.org/soap/envelope/" xmlns:v1="http://fidus.brussels/service/civilstatusnotificationservice/messages/v1" xmlns:v11="http://fidus.brussels/type/common/messages/v1">
   <soapenv:Header/>
   <soapenv:Body>
      <v1:getMyMessagesStatusRequest>
         <v1:messageContext>
            <v11:messageId>${=import static java.util.UUID.randomUUID; uuid = randomUUID() as String}</v11:messageId>
            <v11:timestamp>${=new java.text.SimpleDateFormat("yyyy-MM-dd'T'HH:mm:ss.SSS").format(new Date())}</v11:timestamp>
         </v1:messageContext>
         <v1:legalContext>None</v1:legalContext>
         <v1:language>fr</v1:language>
         <v1:request>
            <!--Optional:-->
            <from>2016-06-18T17:20:14.449</from>
            <!--Optional:-->
            <to>2019-06-18T17:20:14.449</to>
            <!--Optional:-->
            <withClosed>true</withClosed>
            <!--Optional:-->
            <messageId>1273</messageId>
            <notificationId>2667</notificationId>
         </v1:request>
      </v1:getMyMessagesStatusRequest>
   </soapenv:Body>
</soapenv:Envelope>]]></con:request><con:credentials><con:selectedAuthProfile>Basic</con:selectedAuthProfile><con:addedBasicAuthenticationTypes>Basic</con:addedBasicAuthenticationTypes><con:authType>Global HTTP Settings</con:authType></con:credentials><con:jmsConfig JMSDeliveryMode="PERSISTENT"/><con:jmsPropertyConfig/><con:wsaConfig mustUnderstand="NONE" version="200508" action="http://fidus.brussels/service/civilstatusnotificationservice/getMyMessagesStatus"/><con:wsrmConfig version="1.2"/></con:call><con:call id="d450b0d7-0eb3-4877-bc13-a2fb4e646255" name="4- STAGING - Worker 2  - Request"><con:settings><con:setting id="com.eviware.soapui.impl.wsdl.WsdlRequest@request-headers">&lt;xml-fragment/></con:setting></con:settings><con:encoding>UTF-8</con:encoding><con:endpoint>https://192.168.24.64:8443/services/CivilStatusNotificationService_v1.0</con:endpoint><con:request><![CDATA[<soapenv:Envelope xmlns:soapenv="http://schemas.xmlsoap.org/soap/envelope/" xmlns:v1="http://fidus.brussels/service/civilstatusnotificationservice/messages/v1" xmlns:v11="http://fidus.brussels/type/common/messages/v1">
   <soapenv:Header/>
   <soapenv:Body>
      <v1:getMyMessagesStatusRequest>
         <v1:messageContext>
            <v11:messageId>${=import static java.util.UUID.randomUUID; uuid = randomUUID() as String}</v11:messageId>
            <v11:timestamp>${=new java.text.SimpleDateFormat("yyyy-MM-dd'T'HH:mm:ss.SSS").format(new Date())}</v11:timestamp>
         </v1:messageContext>
         <v1:legalContext>None</v1:legalContext>
         <v1:language>fr</v1:language>
         <v1:request>
            <!--Optional:-->
            <from>2016-06-18T17:20:14.449</from>
            <!--Optional:-->
            <to>2019-06-18T17:20:14.449</to>
            <!--Optional:-->
            <withClosed>true</withClosed>
            <!--Optional:-->
            <messageId>1273</messageId>
            <notificationId>2667</notificationId>
         </v1:request>
      </v1:getMyMessagesStatusRequest>
   </soapenv:Body>
</soapenv:Envelope>]]></con:request><con:credentials><con:selectedAuthProfile>Basic</con:selectedAuthProfile><con:addedBasicAuthenticationTypes>Basic</con:addedBasicAuthenticationTypes><con:authType>Global HTTP Settings</con:authType></con:credentials><con:jmsConfig JMSDeliveryMode="PERSISTENT"/><con:jmsPropertyConfig/><con:wsaConfig mustUnderstand="NONE" version="200508" action="http://fidus.brussels/service/civilstatusnotificationservice/getMyMessagesStatus"/><con:wsrmConfig version="1.2"/></con:call></con:operation><con:operation id="5f5f46a4-756e-4216-9e36-2f84fb0965c2" isOneWay="false" action="http://fidus.brussels/service/civilstatusnotificationservice/getNotifications" name="getNotifications" bindingOperationName="getNotifications" type="Request-Response" inputName="" receivesAttachments="false" sendsAttachments="false" anonymous="optional"><con:settings/><con:call id="6cd859e2-14f7-4e3b-9e03-8c037ea507cf" name="1- Local  - Request" outgoingWss="outFlowDEV" incomingWss="inflowDEV"><con:settings><con:setting id="com.eviware.soapui.impl.wsdl.WsdlRequest@request-headers">&lt;xml-fragment/></con:setting></con:settings><con:encoding>UTF-8</con:encoding><con:endpoint>https://localhost:8243/services/CivilStatusNotificationService_v1.0</con:endpoint><con:request><![CDATA[<soapenv:Envelope xmlns:soapenv="http://schemas.xmlsoap.org/soap/envelope/" xmlns:v1="http://fidus.brussels/service/civilstatusnotificationservice/messages/v1" xmlns:v11="http://fidus.brussels/type/common/messages/v1">
   <soapenv:Header/>
   <soapenv:Body>
      <v1:getNotificationsRequest>
         <v1:messageContext>
            <v11:messageId>${=import static java.util.UUID.randomUUID; uuid = randomUUID() as String}</v11:messageId>
            <!--Optional:-->
            <v11:timestamp>${=new java.text.SimpleDateFormat("yyyy-MM-dd'T'HH:mm:ss.SSS").format(new Date())}</v11:timestamp>
         </v1:messageContext>
         <v1:legalContext>None</v1:legalContext>
         <v1:language>fr</v1:language>
         <v1:request>
             <!--Optional:-->
            <from>2016-06-18T17:20:14.449</from>
            <!--Optional:-->
            <to>2019-06-18T17:20:14.449</to>
            <!--Optional:-->
            <messageId>1273</messageId>
            <!--Optional:-->
            <notificationId>2667</notificationId>
            <!--Optional:-->
            <niscode>10500</niscode>
         </v1:request>
      </v1:getNotificationsRequest>
   </soapenv:Body>
</soapenv:Envelope>]]></con:request><con:credentials><con:selectedAuthProfile>Basic</con:selectedAuthProfile><con:addedBasicAuthenticationTypes>Basic</con:addedBasicAuthenticationTypes><con:authType>Global HTTP Settings</con:authType></con:credentials><con:jmsConfig JMSDeliveryMode="PERSISTENT"/><con:jmsPropertyConfig/><con:wsaConfig mustUnderstand="NONE" version="200508" action="http://fidus.brussels/service/civilstatusnotificationservice/getNotifications"/><con:wsrmConfig version="1.2"/></con:call><con:call id="8f4f45bb-2736-477d-a17e-e0eade275054" name="2- DEV - Request2" outgoingWss="outFlowDEV" incomingWss="inflowDEV"><con:settings><con:setting id="com.eviware.soapui.impl.wsdl.WsdlRequest@request-headers">&lt;xml-fragment/></con:setting></con:settings><con:encoding>UTF-8</con:encoding><con:endpoint>https://192.168.24.45:8443/services/CivilStatusNotificationService_v1.0</con:endpoint><con:request><![CDATA[<soapenv:Envelope xmlns:soapenv="http://schemas.xmlsoap.org/soap/envelope/" xmlns:v1="http://fidus.brussels/service/civilstatusnotificationservice/messages/v1" xmlns:v11="http://fidus.brussels/type/common/messages/v1">
   <soapenv:Header/>
   <soapenv:Body>
      <v1:getNotificationsRequest>
         <v1:messageContext>
            <v11:messageId>${=import static java.util.UUID.randomUUID; uuid = randomUUID() as String}</v11:messageId>
            <!--Optional:-->
            <v11:timestamp>${=new java.text.SimpleDateFormat("yyyy-MM-dd'T'HH:mm:ss.SSS").format(new Date())}</v11:timestamp>
         </v1:messageContext>
         <v1:legalContext>None</v1:legalContext>
         <v1:language>fr</v1:language>
         <v1:request>
             <!--Optional:-->
            <from>2016-06-18T17:20:14.449</from>
            <!--Optional:-->
            <to>2019-06-18T17:20:14.449</to>
            <!--Optional:-->
            <messageId>1273</messageId>
            <!--Optional:-->
            <notificationId>2667</notificationId>
            <!--Optional:-->
            <niscode>10500</niscode>
         </v1:request>
      </v1:getNotificationsRequest>
   </soapenv:Body>
</soapenv:Envelope>]]></con:request><con:credentials><con:selectedAuthProfile>Basic</con:selectedAuthProfile><con:addedBasicAuthenticationTypes>Basic</con:addedBasicAuthenticationTypes><con:authType>Global HTTP Settings</con:authType></con:credentials><con:jmsConfig JMSDeliveryMode="PERSISTENT"/><con:jmsPropertyConfig/><con:wsaConfig mustUnderstand="NONE" version="200508" action="http://fidus.brussels/service/civilstatusnotificationservice/getNotifications"/><con:wsrmConfig version="1.2"/></con:call><con:call id="fa731cc9-a69f-4e08-a442-0cad85aacda3" name="3 - TEST - External  - Request"><con:settings><con:setting id="com.eviware.soapui.impl.wsdl.WsdlRequest@request-headers">&lt;xml-fragment/></con:setting></con:settings><con:encoding>UTF-8</con:encoding><con:endpoint>https://fidus-test.irisnetlab.be/services/CivilStatusNotificationService_v1.0</con:endpoint><con:request><![CDATA[<soapenv:Envelope xmlns:soapenv="http://schemas.xmlsoap.org/soap/envelope/" xmlns:v1="http://fidus.brussels/service/civilstatusnotificationservice/messages/v1" xmlns:v11="http://fidus.brussels/type/common/messages/v1">
   <soapenv:Header/>
   <soapenv:Body>
      <v1:getNotificationsRequest>
         <v1:messageContext>
            <v11:messageId>${=import static java.util.UUID.randomUUID; uuid = randomUUID() as String}</v11:messageId>
            <!--Optional:-->
            <v11:timestamp>${=new java.text.SimpleDateFormat("yyyy-MM-dd'T'HH:mm:ss.SSS").format(new Date())}</v11:timestamp>
         </v1:messageContext>
         <v1:legalContext>None</v1:legalContext>
         <v1:language>fr</v1:language>
         <v1:request>
             <!--Optional:-->
            <from>2016-06-18T17:20:14.449</from>
            <!--Optional:-->
            <to>2019-06-18T17:20:14.449</to>
            <!--Optional:-->
            <messageId>1273</messageId>
            <!--Optional:-->
            <notificationId>2667</notificationId>
            <!--Optional:-->
            <niscode>10500</niscode>
         </v1:request>
      </v1:getNotificationsRequest>
   </soapenv:Body>
</soapenv:Envelope>]]></con:request><con:credentials><con:selectedAuthProfile>Basic</con:selectedAuthProfile><con:addedBasicAuthenticationTypes>Basic</con:addedBasicAuthenticationTypes><con:authType>Global HTTP Settings</con:authType></con:credentials><con:jmsConfig JMSDeliveryMode="PERSISTENT"/><con:jmsPropertyConfig/><con:wsaConfig mustUnderstand="NONE" version="200508" action="http://fidus.brussels/service/civilstatusnotificationservice/getNotifications"/><con:wsrmConfig version="1.2"/></con:call><con:call id="4ca8f902-79f9-4903-81cc-8e20b4caac72" name="3- TEST - LB  - Request"><con:settings><con:setting id="com.eviware.soapui.impl.wsdl.WsdlRequest@request-headers">&lt;xml-fragment/></con:setting></con:settings><con:encoding>UTF-8</con:encoding><con:endpoint>https://esb-security-gw.sta.srv.cirb.lan:8443/services/CivilStatusNotificationService_v1.0</con:endpoint><con:request><![CDATA[<soapenv:Envelope xmlns:soapenv="http://schemas.xmlsoap.org/soap/envelope/" xmlns:v1="http://fidus.brussels/service/civilstatusnotificationservice/messages/v1" xmlns:v11="http://fidus.brussels/type/common/messages/v1">
   <soapenv:Header/>
   <soapenv:Body>
      <v1:getNotificationsRequest>
         <v1:messageContext>
            <v11:messageId>${=import static java.util.UUID.randomUUID; uuid = randomUUID() as String}</v11:messageId>
            <!--Optional:-->
            <v11:timestamp>${=new java.text.SimpleDateFormat("yyyy-MM-dd'T'HH:mm:ss.SSS").format(new Date())}</v11:timestamp>
         </v1:messageContext>
         <v1:legalContext>None</v1:legalContext>
         <v1:language>fr</v1:language>
         <v1:request>
             <!--Optional:-->
            <from>2016-06-18T17:20:14.449</from>
            <!--Optional:-->
            <to>2019-06-18T17:20:14.449</to>
            <!--Optional:-->
            <messageId>1273</messageId>
            <!--Optional:-->
            <notificationId>2667</notificationId>
            <!--Optional:-->
            <niscode>10500</niscode>
         </v1:request>
      </v1:getNotificationsRequest>
   </soapenv:Body>
</soapenv:Envelope>]]></con:request><con:credentials><con:selectedAuthProfile>Basic</con:selectedAuthProfile><con:addedBasicAuthenticationTypes>Basic</con:addedBasicAuthenticationTypes><con:authType>Global HTTP Settings</con:authType></con:credentials><con:jmsConfig JMSDeliveryMode="PERSISTENT"/><con:jmsPropertyConfig/><con:wsaConfig mustUnderstand="NONE" version="200508" action="http://fidus.brussels/service/civilstatusnotificationservice/getNotifications"/><con:wsrmConfig version="1.2"/></con:call><con:call id="0dfdc68a-a3b4-4aa1-b52f-26f35aa545dd" name="3- TEST - Worker 1  - Request"><con:settings><con:setting id="com.eviware.soapui.impl.wsdl.WsdlRequest@request-headers">&lt;xml-fragment/></con:setting></con:settings><con:encoding>UTF-8</con:encoding><con:endpoint>https://192.168.24.45:8443/services/CivilStatusNotificationService_v1.0</con:endpoint><con:request><![CDATA[<soapenv:Envelope xmlns:soapenv="http://schemas.xmlsoap.org/soap/envelope/" xmlns:v1="http://fidus.brussels/service/civilstatusnotificationservice/messages/v1" xmlns:v11="http://fidus.brussels/type/common/messages/v1">
   <soapenv:Header/>
   <soapenv:Body>
      <v1:getNotificationsRequest>
         <v1:messageContext>
            <v11:messageId>${=import static java.util.UUID.randomUUID; uuid = randomUUID() as String}</v11:messageId>
            <!--Optional:-->
            <v11:timestamp>${=new java.text.SimpleDateFormat("yyyy-MM-dd'T'HH:mm:ss.SSS").format(new Date())}</v11:timestamp>
         </v1:messageContext>
         <v1:legalContext>None</v1:legalContext>
         <v1:language>fr</v1:language>
         <v1:request>
             <!--Optional:-->
            <from>2016-06-18T17:20:14.449</from>
            <!--Optional:-->
            <to>2019-06-18T17:20:14.449</to>
            <!--Optional:-->
            <messageId>1273</messageId>
            <!--Optional:-->
            <notificationId>2667</notificationId>
            <!--Optional:-->
            <niscode>10500</niscode>
         </v1:request>
      </v1:getNotificationsRequest>
   </soapenv:Body>
</soapenv:Envelope>]]></con:request><con:credentials><con:selectedAuthProfile>Basic</con:selectedAuthProfile><con:addedBasicAuthenticationTypes>Basic</con:addedBasicAuthenticationTypes><con:authType>Global HTTP Settings</con:authType></con:credentials><con:jmsConfig JMSDeliveryMode="PERSISTENT"/><con:jmsPropertyConfig/><con:wsaConfig mustUnderstand="NONE" version="200508" action="http://fidus.brussels/service/civilstatusnotificationservice/getNotifications"/><con:wsrmConfig version="1.2"/></con:call><con:call id="c1e6ba34-7b99-48cd-bcd4-a8606fe2f3c2" name="3- TEST - Worker 2  - Request"><con:settings><con:setting id="com.eviware.soapui.impl.wsdl.WsdlRequest@request-headers">&lt;xml-fragment/></con:setting></con:settings><con:encoding>UTF-8</con:encoding><con:endpoint>https://192.168.24.51:8443/services/CivilStatusNotificationService_v1.0</con:endpoint><con:request><![CDATA[<soapenv:Envelope xmlns:soapenv="http://schemas.xmlsoap.org/soap/envelope/" xmlns:v1="http://fidus.brussels/service/civilstatusnotificationservice/messages/v1" xmlns:v11="http://fidus.brussels/type/common/messages/v1">
   <soapenv:Header/>
   <soapenv:Body>
      <v1:getNotificationsRequest>
         <v1:messageContext>
            <v11:messageId>${=import static java.util.UUID.randomUUID; uuid = randomUUID() as String}</v11:messageId>
            <!--Optional:-->
            <v11:timestamp>${=new java.text.SimpleDateFormat("yyyy-MM-dd'T'HH:mm:ss.SSS").format(new Date())}</v11:timestamp>
         </v1:messageContext>
         <v1:legalContext>None</v1:legalContext>
         <v1:language>fr</v1:language>
         <v1:request>
             <!--Optional:-->
            <from>2016-06-18T17:20:14.449</from>
            <!--Optional:-->
            <to>2019-06-18T17:20:14.449</to>
            <!--Optional:-->
            <messageId>1273</messageId>
            <!--Optional:-->
            <notificationId>2667</notificationId>
            <!--Optional:-->
            <niscode>10500</niscode>
         </v1:request>
      </v1:getNotificationsRequest>
   </soapenv:Body>
</soapenv:Envelope>]]></con:request><con:credentials><con:selectedAuthProfile>Basic</con:selectedAuthProfile><con:addedBasicAuthenticationTypes>Basic</con:addedBasicAuthenticationTypes><con:authType>Global HTTP Settings</con:authType></con:credentials><con:jmsConfig JMSDeliveryMode="PERSISTENT"/><con:jmsPropertyConfig/><con:wsaConfig mustUnderstand="NONE" version="200508" action="http://fidus.brussels/service/civilstatusnotificationservice/getNotifications"/><con:wsrmConfig version="1.2"/></con:call><con:call id="efdf3921-440d-4468-ac27-e2b44c7a7513" name="4- STAGING - External  - Request"><con:settings><con:setting id="com.eviware.soapui.impl.wsdl.WsdlRequest@request-headers">&lt;xml-fragment/></con:setting></con:settings><con:encoding>UTF-8</con:encoding><con:endpoint>https://fidus-esb-sg.sta.srv.cirb.lan:8443/services/CivilStatusNotificationService_v1.0</con:endpoint><con:request><![CDATA[<soapenv:Envelope xmlns:soapenv="http://schemas.xmlsoap.org/soap/envelope/" xmlns:v1="http://fidus.brussels/service/civilstatusnotificationservice/messages/v1" xmlns:v11="http://fidus.brussels/type/common/messages/v1">
   <soapenv:Header/>
   <soapenv:Body>
      <v1:getNotificationsRequest>
         <v1:messageContext>
            <v11:messageId>${=import static java.util.UUID.randomUUID; uuid = randomUUID() as String}</v11:messageId>
            <!--Optional:-->
            <v11:timestamp>${=new java.text.SimpleDateFormat("yyyy-MM-dd'T'HH:mm:ss.SSS").format(new Date())}</v11:timestamp>
         </v1:messageContext>
         <v1:legalContext>None</v1:legalContext>
         <v1:language>fr</v1:language>
         <v1:request>
             <!--Optional:-->
            <from>2016-06-18T17:20:14.449</from>
            <!--Optional:-->
            <to>2019-06-18T17:20:14.449</to>
            <!--Optional:-->
            <messageId>1273</messageId>
            <!--Optional:-->
            <notificationId>2667</notificationId>
            <!--Optional:-->
            <niscode>10500</niscode>
         </v1:request>
      </v1:getNotificationsRequest>
   </soapenv:Body>
</soapenv:Envelope>]]></con:request><con:credentials><con:selectedAuthProfile>Basic</con:selectedAuthProfile><con:addedBasicAuthenticationTypes>Basic</con:addedBasicAuthenticationTypes><con:authType>Global HTTP Settings</con:authType></con:credentials><con:jmsConfig JMSDeliveryMode="PERSISTENT"/><con:jmsPropertyConfig/><con:wsaConfig mustUnderstand="NONE" version="200508" action="http://fidus.brussels/service/civilstatusnotificationservice/getNotifications"/><con:wsrmConfig version="1.2"/></con:call><con:call id="e5d7ca9e-231d-4a55-b108-9ea14b9eede4" name="4- STAGING - LB  - Request"><con:settings><con:setting id="com.eviware.soapui.impl.wsdl.WsdlRequest@request-headers">&lt;xml-fragment/></con:setting></con:settings><con:encoding>UTF-8</con:encoding><con:endpoint>https://fidus-esb-sg.sta.srv.cirb.lan:8443/services/CivilStatusNotificationService_v1.0</con:endpoint><con:request><![CDATA[<soapenv:Envelope xmlns:soapenv="http://schemas.xmlsoap.org/soap/envelope/" xmlns:v1="http://fidus.brussels/service/civilstatusnotificationservice/messages/v1" xmlns:v11="http://fidus.brussels/type/common/messages/v1">
   <soapenv:Header/>
   <soapenv:Body>
      <v1:getNotificationsRequest>
         <v1:messageContext>
            <v11:messageId>${=import static java.util.UUID.randomUUID; uuid = randomUUID() as String}</v11:messageId>
            <!--Optional:-->
            <v11:timestamp>${=new java.text.SimpleDateFormat("yyyy-MM-dd'T'HH:mm:ss.SSS").format(new Date())}</v11:timestamp>
         </v1:messageContext>
         <v1:legalContext>None</v1:legalContext>
         <v1:language>fr</v1:language>
         <v1:request>
             <!--Optional:-->
            <from>2016-06-18T17:20:14.449</from>
            <!--Optional:-->
            <to>2019-06-18T17:20:14.449</to>
            <!--Optional:-->
            <messageId>1273</messageId>
            <!--Optional:-->
            <notificationId>2667</notificationId>
            <!--Optional:-->
            <niscode>10500</niscode>
         </v1:request>
      </v1:getNotificationsRequest>
   </soapenv:Body>
</soapenv:Envelope>]]></con:request><con:credentials><con:selectedAuthProfile>Basic</con:selectedAuthProfile><con:addedBasicAuthenticationTypes>Basic</con:addedBasicAuthenticationTypes><con:authType>Global HTTP Settings</con:authType></con:credentials><con:jmsConfig JMSDeliveryMode="PERSISTENT"/><con:jmsPropertyConfig/><con:wsaConfig mustUnderstand="NONE" version="200508" action="http://fidus.brussels/service/civilstatusnotificationservice/getNotifications"/><con:wsrmConfig version="1.2"/></con:call><con:call id="d9a4a287-e8cc-49bd-8b8b-a9c20e5c0cb8" name="4- STAGING - Worker 1  - Request"><con:settings><con:setting id="com.eviware.soapui.impl.wsdl.WsdlRequest@request-headers">&lt;xml-fragment/></con:setting></con:settings><con:encoding>UTF-8</con:encoding><con:endpoint>https://192.168.24.57:8443/services/CivilStatusNotificationService_v1.0</con:endpoint><con:request><![CDATA[<soapenv:Envelope xmlns:soapenv="http://schemas.xmlsoap.org/soap/envelope/" xmlns:v1="http://fidus.brussels/service/civilstatusnotificationservice/messages/v1" xmlns:v11="http://fidus.brussels/type/common/messages/v1">
   <soapenv:Header/>
   <soapenv:Body>
      <v1:getNotificationsRequest>
         <v1:messageContext>
            <v11:messageId>${=import static java.util.UUID.randomUUID; uuid = randomUUID() as String}</v11:messageId>
            <!--Optional:-->
            <v11:timestamp>${=new java.text.SimpleDateFormat("yyyy-MM-dd'T'HH:mm:ss.SSS").format(new Date())}</v11:timestamp>
         </v1:messageContext>
         <v1:legalContext>None</v1:legalContext>
         <v1:language>fr</v1:language>
         <v1:request>
             <!--Optional:-->
            <from>2016-06-18T17:20:14.449</from>
            <!--Optional:-->
            <to>2019-06-18T17:20:14.449</to>
            <!--Optional:-->
            <messageId>1273</messageId>
            <!--Optional:-->
            <notificationId>2667</notificationId>
            <!--Optional:-->
            <niscode>10500</niscode>
         </v1:request>
      </v1:getNotificationsRequest>
   </soapenv:Body>
</soapenv:Envelope>]]></con:request><con:credentials><con:selectedAuthProfile>Basic</con:selectedAuthProfile><con:addedBasicAuthenticationTypes>Basic</con:addedBasicAuthenticationTypes><con:authType>Global HTTP Settings</con:authType></con:credentials><con:jmsConfig JMSDeliveryMode="PERSISTENT"/><con:jmsPropertyConfig/><con:wsaConfig mustUnderstand="NONE" version="200508" action="http://fidus.brussels/service/civilstatusnotificationservice/getNotifications"/><con:wsrmConfig version="1.2"/></con:call><con:call id="339be1f9-4b5d-4d41-a124-179c957beced" name="4- STAGING - Worker 2  - Request"><con:settings><con:setting id="com.eviware.soapui.impl.wsdl.WsdlRequest@request-headers">&lt;xml-fragment/></con:setting></con:settings><con:encoding>UTF-8</con:encoding><con:endpoint>https://192.168.24.64:8443/services/CivilStatusNotificationService_v1.0</con:endpoint><con:request><![CDATA[<soapenv:Envelope xmlns:soapenv="http://schemas.xmlsoap.org/soap/envelope/" xmlns:v1="http://fidus.brussels/service/civilstatusnotificationservice/messages/v1" xmlns:v11="http://fidus.brussels/type/common/messages/v1">
   <soapenv:Header/>
   <soapenv:Body>
      <v1:getNotificationsRequest>
         <v1:messageContext>
            <v11:messageId>${=import static java.util.UUID.randomUUID; uuid = randomUUID() as String}</v11:messageId>
            <!--Optional:-->
            <v11:timestamp>${=new java.text.SimpleDateFormat("yyyy-MM-dd'T'HH:mm:ss.SSS").format(new Date())}</v11:timestamp>
         </v1:messageContext>
         <v1:legalContext>None</v1:legalContext>
         <v1:language>fr</v1:language>
         <v1:request>
             <!--Optional:-->
            <from>2016-06-18T17:20:14.449</from>
            <!--Optional:-->
            <to>2019-06-18T17:20:14.449</to>
            <!--Optional:-->
            <messageId>1273</messageId>
            <!--Optional:-->
            <notificationId>2667</notificationId>
            <!--Optional:-->
            <niscode>10500</niscode>
         </v1:request>
      </v1:getNotificationsRequest>
   </soapenv:Body>
</soapenv:Envelope>]]></con:request><con:credentials><con:selectedAuthProfile>Basic</con:selectedAuthProfile><con:addedBasicAuthenticationTypes>Basic</con:addedBasicAuthenticationTypes><con:authType>Global HTTP Settings</con:authType></con:credentials><con:jmsConfig JMSDeliveryMode="PERSISTENT"/><con:jmsPropertyConfig/><con:wsaConfig mustUnderstand="NONE" version="200508" action="http://fidus.brussels/service/civilstatusnotificationservice/getNotifications"/><con:wsrmConfig version="1.2"/></con:call></con:operation><con:operation id="2c06c10e-0a8d-412b-a44c-af5f91c547cf" isOneWay="false" action="http://fidus.brussels/service/civilstatusnotificationservice/modifyMessageStatus" name="modifyMessageStatus" bindingOperationName="modifyMessageStatus" type="Request-Response" inputName="" receivesAttachments="false" sendsAttachments="false" anonymous="optional"><con:settings/><con:call id="0b7ad953-3adc-488a-bd25-39cde5a53709" name="1- Local  - Request" outgoingWss="outFlowDEV" incomingWss="inflowDEV"><con:settings><con:setting id="com.eviware.soapui.impl.wsdl.WsdlRequest@request-headers">&lt;xml-fragment/></con:setting></con:settings><con:encoding>UTF-8</con:encoding><con:endpoint>https://localhost:8243/services/CivilStatusNotificationService_v1.0</con:endpoint><con:request><![CDATA[<soapenv:Envelope xmlns:soapenv="http://schemas.xmlsoap.org/soap/envelope/" xmlns:v1="http://fidus.brussels/service/civilstatusnotificationservice/messages/v1" xmlns:v11="http://fidus.brussels/type/common/messages/v1">
   <soapenv:Header/>
   <soapenv:Body>
      <v1:modifyMessageStatusRequest>
            <v1:messageContext>
            <v11:messageId>${=import static java.util.UUID.randomUUID; uuid = randomUUID() as String}</v11:messageId>
            <v11:timestamp>${=new java.text.SimpleDateFormat("yyyy-MM-dd'T'HH:mm:ss.SSS").format(new Date())}</v11:timestamp>
         </v1:messageContext>
          <v1:legalContext>None</v1:legalContext>
          <v1:language>fr</v1:language>
         <v1:request>
            <!--Optional:-->
            <notificationId>123</notificationId>
            <!--Optional:-->
            <status>CREATED</status>
         </v1:request>
      </v1:modifyMessageStatusRequest>
   </soapenv:Body>
</soapenv:Envelope>]]></con:request><con:credentials><con:selectedAuthProfile>Basic</con:selectedAuthProfile><con:addedBasicAuthenticationTypes>Basic</con:addedBasicAuthenticationTypes><con:authType>Global HTTP Settings</con:authType></con:credentials><con:jmsConfig JMSDeliveryMode="PERSISTENT"/><con:jmsPropertyConfig/><con:wsaConfig mustUnderstand="NONE" version="200508" action="http://fidus.brussels/service/civilstatusnotificationservice/modifyMessageStatus"/><con:wsrmConfig version="1.2"/></con:call><con:call id="b0b5a625-83d5-48d1-8f34-e512f9ea7c5e" name="2- DEV  - Request"><con:settings><con:setting id="com.eviware.soapui.impl.wsdl.WsdlRequest@request-headers">&lt;xml-fragment/></con:setting></con:settings><con:encoding>UTF-8</con:encoding><con:endpoint>https://192.168.36.205:8443/services/CivilStatusNotificationService_v1.0</con:endpoint><con:request><![CDATA[<soapenv:Envelope xmlns:soapenv="http://schemas.xmlsoap.org/soap/envelope/" xmlns:v1="http://fidus.brussels/service/civilstatusnotificationservice/messages/v1" xmlns:v11="http://fidus.brussels/type/common/messages/v1">
   <soapenv:Header/>
   <soapenv:Body>
      <v1:modifyMessageStatusRequest>
            <v1:messageContext>
            <v11:messageId>${=import static java.util.UUID.randomUUID; uuid = randomUUID() as String}</v11:messageId>
            <v11:timestamp>${=new java.text.SimpleDateFormat("yyyy-MM-dd'T'HH:mm:ss.SSS").format(new Date())}</v11:timestamp>
         </v1:messageContext>
          <v1:legalContext>None</v1:legalContext>
          <v1:language>fr</v1:language>
         <v1:request>
            <!--Optional:-->
            <notificationId>123</notificationId>
            <!--Optional:-->
            <status>CREATED</status>
         </v1:request>
      </v1:modifyMessageStatusRequest>
   </soapenv:Body>
</soapenv:Envelope>]]></con:request><con:credentials><con:selectedAuthProfile>Basic</con:selectedAuthProfile><con:addedBasicAuthenticationTypes>Basic</con:addedBasicAuthenticationTypes><con:authType>Global HTTP Settings</con:authType></con:credentials><con:jmsConfig JMSDeliveryMode="PERSISTENT"/><con:jmsPropertyConfig/><con:wsaConfig mustUnderstand="NONE" version="200508" action="http://fidus.brussels/service/civilstatusnotificationservice/modifyMessageStatus"/><con:wsrmConfig version="1.2"/></con:call><con:call id="f567ba2f-8531-4eb2-8b1c-7f6b13020e68" name="3- TEST - External  - Request"><con:settings><con:setting id="com.eviware.soapui.impl.wsdl.WsdlRequest@request-headers">&lt;xml-fragment/></con:setting></con:settings><con:encoding>UTF-8</con:encoding><con:endpoint>https://esb-security-gw.sta.srv.cirb.lan:8443/services/CivilStatusNotificationService_v1.0</con:endpoint><con:request><![CDATA[<soapenv:Envelope xmlns:soapenv="http://schemas.xmlsoap.org/soap/envelope/" xmlns:v1="http://fidus.brussels/service/civilstatusnotificationservice/messages/v1" xmlns:v11="http://fidus.brussels/type/common/messages/v1">
   <soapenv:Header/>
   <soapenv:Body>
      <v1:modifyMessageStatusRequest>
            <v1:messageContext>
            <v11:messageId>${=import static java.util.UUID.randomUUID; uuid = randomUUID() as String}</v11:messageId>
            <v11:timestamp>${=new java.text.SimpleDateFormat("yyyy-MM-dd'T'HH:mm:ss.SSS").format(new Date())}</v11:timestamp>
         </v1:messageContext>
          <v1:legalContext>None</v1:legalContext>
          <v1:language>fr</v1:language>
         <v1:request>
            <!--Optional:-->
            <notificationId>123</notificationId>
            <!--Optional:-->
            <status>CREATED</status>
         </v1:request>
      </v1:modifyMessageStatusRequest>
   </soapenv:Body>
</soapenv:Envelope>]]></con:request><con:credentials><con:selectedAuthProfile>Basic</con:selectedAuthProfile><con:addedBasicAuthenticationTypes>Basic</con:addedBasicAuthenticationTypes><con:authType>Global HTTP Settings</con:authType></con:credentials><con:jmsConfig JMSDeliveryMode="PERSISTENT"/><con:jmsPropertyConfig/><con:wsaConfig mustUnderstand="NONE" version="200508" action="http://fidus.brussels/service/civilstatusnotificationservice/modifyMessageStatus"/><con:wsrmConfig version="1.2"/></con:call><con:call id="9da98128-7852-4cfd-8eeb-9d3e7f965afc" name="3- TEST - LB  - Request"><con:settings><con:setting id="com.eviware.soapui.impl.wsdl.WsdlRequest@request-headers">&lt;xml-fragment/></con:setting></con:settings><con:encoding>UTF-8</con:encoding><con:endpoint>https://esb-security-gw.sta.srv.cirb.lan:8443/services/CivilStatusNotificationService_v1.0</con:endpoint><con:request><![CDATA[<soapenv:Envelope xmlns:soapenv="http://schemas.xmlsoap.org/soap/envelope/" xmlns:v1="http://fidus.brussels/service/civilstatusnotificationservice/messages/v1" xmlns:v11="http://fidus.brussels/type/common/messages/v1">
   <soapenv:Header/>
   <soapenv:Body>
      <v1:modifyMessageStatusRequest>
            <v1:messageContext>
            <v11:messageId>${=import static java.util.UUID.randomUUID; uuid = randomUUID() as String}</v11:messageId>
            <v11:timestamp>${=new java.text.SimpleDateFormat("yyyy-MM-dd'T'HH:mm:ss.SSS").format(new Date())}</v11:timestamp>
         </v1:messageContext>
          <v1:legalContext>None</v1:legalContext>
          <v1:language>fr</v1:language>
         <v1:request>
            <!--Optional:-->
            <notificationId>123</notificationId>
            <!--Optional:-->
            <status>CREATED</status>
         </v1:request>
      </v1:modifyMessageStatusRequest>
   </soapenv:Body>
</soapenv:Envelope>]]></con:request><con:credentials><con:selectedAuthProfile>Basic</con:selectedAuthProfile><con:addedBasicAuthenticationTypes>Basic</con:addedBasicAuthenticationTypes><con:authType>Global HTTP Settings</con:authType></con:credentials><con:jmsConfig JMSDeliveryMode="PERSISTENT"/><con:jmsPropertyConfig/><con:wsaConfig mustUnderstand="NONE" version="200508" action="http://fidus.brussels/service/civilstatusnotificationservice/modifyMessageStatus"/><con:wsrmConfig version="1.2"/></con:call><con:call id="d8898cf1-00c0-48dc-96f5-979489afa613" name="3- TEST - Worker 1  - Request"><con:settings><con:setting id="com.eviware.soapui.impl.wsdl.WsdlRequest@request-headers">&lt;xml-fragment/></con:setting></con:settings><con:encoding>UTF-8</con:encoding><con:endpoint>https://192.168.24.45:8443/services/CivilStatusNotificationService_v1.0</con:endpoint><con:request><![CDATA[<soapenv:Envelope xmlns:soapenv="http://schemas.xmlsoap.org/soap/envelope/" xmlns:v1="http://fidus.brussels/service/civilstatusnotificationservice/messages/v1" xmlns:v11="http://fidus.brussels/type/common/messages/v1">
   <soapenv:Header/>
   <soapenv:Body>
      <v1:modifyMessageStatusRequest>
            <v1:messageContext>
            <v11:messageId>${=import static java.util.UUID.randomUUID; uuid = randomUUID() as String}</v11:messageId>
            <v11:timestamp>${=new java.text.SimpleDateFormat("yyyy-MM-dd'T'HH:mm:ss.SSS").format(new Date())}</v11:timestamp>
         </v1:messageContext>
          <v1:legalContext>None</v1:legalContext>
          <v1:language>fr</v1:language>
         <v1:request>
            <!--Optional:-->
            <notificationId>123</notificationId>
            <!--Optional:-->
            <status>CREATED</status>
         </v1:request>
      </v1:modifyMessageStatusRequest>
   </soapenv:Body>
</soapenv:Envelope>]]></con:request><con:credentials><con:selectedAuthProfile>Basic</con:selectedAuthProfile><con:addedBasicAuthenticationTypes>Basic</con:addedBasicAuthenticationTypes><con:authType>Global HTTP Settings</con:authType></con:credentials><con:jmsConfig JMSDeliveryMode="PERSISTENT"/><con:jmsPropertyConfig/><con:wsaConfig mustUnderstand="NONE" version="200508" action="http://fidus.brussels/service/civilstatusnotificationservice/modifyMessageStatus"/><con:wsrmConfig version="1.2"/></con:call><con:call id="4cc0afc2-32d2-4a5d-a0e1-340c36f9f5f8" name="3- TEST - Worker 2  - Request"><con:settings><con:setting id="com.eviware.soapui.impl.wsdl.WsdlRequest@request-headers">&lt;xml-fragment/></con:setting></con:settings><con:encoding>UTF-8</con:encoding><con:endpoint>https://192.168.24.51:8443/services/CivilStatusNotificationService_v1.0</con:endpoint><con:request><![CDATA[<soapenv:Envelope xmlns:soapenv="http://schemas.xmlsoap.org/soap/envelope/" xmlns:v1="http://fidus.brussels/service/civilstatusnotificationservice/messages/v1" xmlns:v11="http://fidus.brussels/type/common/messages/v1">
   <soapenv:Header/>
   <soapenv:Body>
      <v1:modifyMessageStatusRequest>
            <v1:messageContext>
            <v11:messageId>${=import static java.util.UUID.randomUUID; uuid = randomUUID() as String}</v11:messageId>
            <v11:timestamp>${=new java.text.SimpleDateFormat("yyyy-MM-dd'T'HH:mm:ss.SSS").format(new Date())}</v11:timestamp>
         </v1:messageContext>
          <v1:legalContext>None</v1:legalContext>
          <v1:language>fr</v1:language>
         <v1:request>
            <!--Optional:-->
            <notificationId>123</notificationId>
            <!--Optional:-->
            <status>CREATED</status>
         </v1:request>
      </v1:modifyMessageStatusRequest>
   </soapenv:Body>
</soapenv:Envelope>]]></con:request><con:credentials><con:selectedAuthProfile>Basic</con:selectedAuthProfile><con:addedBasicAuthenticationTypes>Basic</con:addedBasicAuthenticationTypes><con:authType>Global HTTP Settings</con:authType></con:credentials><con:jmsConfig JMSDeliveryMode="PERSISTENT"/><con:jmsPropertyConfig/><con:wsaConfig mustUnderstand="NONE" version="200508" action="http://fidus.brussels/service/civilstatusnotificationservice/modifyMessageStatus"/><con:wsrmConfig version="1.2"/></con:call><con:call id="13a51c02-e778-417e-9aa3-28088f14f84c" name="4- STAGING - External  - Request"><con:settings><con:setting id="com.eviware.soapui.impl.wsdl.WsdlRequest@request-headers">&lt;xml-fragment/></con:setting></con:settings><con:encoding>UTF-8</con:encoding><con:endpoint>https://fidus.irisnetlab.be/services/CivilStatusNotificationService_v1.0</con:endpoint><con:request><![CDATA[<soapenv:Envelope xmlns:soapenv="http://schemas.xmlsoap.org/soap/envelope/" xmlns:v1="http://fidus.brussels/service/civilstatusnotificationservice/messages/v1" xmlns:v11="http://fidus.brussels/type/common/messages/v1">
   <soapenv:Header/>
   <soapenv:Body>
      <v1:modifyMessageStatusRequest>
            <v1:messageContext>
            <v11:messageId>${=import static java.util.UUID.randomUUID; uuid = randomUUID() as String}</v11:messageId>
            <v11:timestamp>${=new java.text.SimpleDateFormat("yyyy-MM-dd'T'HH:mm:ss.SSS").format(new Date())}</v11:timestamp>
         </v1:messageContext>
          <v1:legalContext>None</v1:legalContext>
          <v1:language>fr</v1:language>
         <v1:request>
            <!--Optional:-->
            <notificationId>123</notificationId>
            <!--Optional:-->
            <status>CREATED</status>
         </v1:request>
      </v1:modifyMessageStatusRequest>
   </soapenv:Body>
</soapenv:Envelope>]]></con:request><con:credentials><con:selectedAuthProfile>Basic</con:selectedAuthProfile><con:addedBasicAuthenticationTypes>Basic</con:addedBasicAuthenticationTypes><con:authType>Global HTTP Settings</con:authType></con:credentials><con:jmsConfig JMSDeliveryMode="PERSISTENT"/><con:jmsPropertyConfig/><con:wsaConfig mustUnderstand="NONE" version="200508" action="http://fidus.brussels/service/civilstatusnotificationservice/modifyMessageStatus"/><con:wsrmConfig version="1.2"/></con:call><con:call id="3c89e458-9f81-498e-9d69-3e35149c348b" name="4- STAGING - LB  - Request"><con:settings><con:setting id="com.eviware.soapui.impl.wsdl.WsdlRequest@request-headers">&lt;xml-fragment/></con:setting></con:settings><con:encoding>UTF-8</con:encoding><con:endpoint>https://fidus-esb-sg.sta.srv.cirb.lan:8443/services/CivilStatusNotificationService_v1.0</con:endpoint><con:request><![CDATA[<soapenv:Envelope xmlns:soapenv="http://schemas.xmlsoap.org/soap/envelope/" xmlns:v1="http://fidus.brussels/service/civilstatusnotificationservice/messages/v1" xmlns:v11="http://fidus.brussels/type/common/messages/v1">
   <soapenv:Header/>
   <soapenv:Body>
      <v1:modifyMessageStatusRequest>
            <v1:messageContext>
            <v11:messageId>${=import static java.util.UUID.randomUUID; uuid = randomUUID() as String}</v11:messageId>
            <v11:timestamp>${=new java.text.SimpleDateFormat("yyyy-MM-dd'T'HH:mm:ss.SSS").format(new Date())}</v11:timestamp>
         </v1:messageContext>
          <v1:legalContext>None</v1:legalContext>
          <v1:language>fr</v1:language>
         <v1:request>
            <!--Optional:-->
            <notificationId>123</notificationId>
            <!--Optional:-->
            <status>CREATED</status>
         </v1:request>
      </v1:modifyMessageStatusRequest>
   </soapenv:Body>
</soapenv:Envelope>]]></con:request><con:credentials><con:selectedAuthProfile>Basic</con:selectedAuthProfile><con:addedBasicAuthenticationTypes>Basic</con:addedBasicAuthenticationTypes><con:authType>Global HTTP Settings</con:authType></con:credentials><con:jmsConfig JMSDeliveryMode="PERSISTENT"/><con:jmsPropertyConfig/><con:wsaConfig mustUnderstand="NONE" version="200508" action="http://fidus.brussels/service/civilstatusnotificationservice/modifyMessageStatus"/><con:wsrmConfig version="1.2"/></con:call><con:call id="8532b9d9-746d-4dfe-864f-448e4c2a533a" name="4- STAGING - Worker 1  - Request"><con:settings><con:setting id="com.eviware.soapui.impl.wsdl.WsdlRequest@request-headers">&lt;xml-fragment/></con:setting></con:settings><con:encoding>UTF-8</con:encoding><con:endpoint>https://192.168.24.51:8443/services/CivilStatusNotificationService_v1.0</con:endpoint><con:request><![CDATA[<soapenv:Envelope xmlns:soapenv="http://schemas.xmlsoap.org/soap/envelope/" xmlns:v1="http://fidus.brussels/service/civilstatusnotificationservice/messages/v1" xmlns:v11="http://fidus.brussels/type/common/messages/v1">
   <soapenv:Header/>
   <soapenv:Body>
      <v1:modifyMessageStatusRequest>
            <v1:messageContext>
            <v11:messageId>${=import static java.util.UUID.randomUUID; uuid = randomUUID() as String}</v11:messageId>
            <v11:timestamp>${=new java.text.SimpleDateFormat("yyyy-MM-dd'T'HH:mm:ss.SSS").format(new Date())}</v11:timestamp>
         </v1:messageContext>
          <v1:legalContext>None</v1:legalContext>
          <v1:language>fr</v1:language>
         <v1:request>
            <!--Optional:-->
            <notificationId>123</notificationId>
            <!--Optional:-->
            <status>CREATED</status>
         </v1:request>
      </v1:modifyMessageStatusRequest>
   </soapenv:Body>
</soapenv:Envelope>]]></con:request><con:credentials><con:selectedAuthProfile>Basic</con:selectedAuthProfile><con:addedBasicAuthenticationTypes>Basic</con:addedBasicAuthenticationTypes><con:authType>Global HTTP Settings</con:authType></con:credentials><con:jmsConfig JMSDeliveryMode="PERSISTENT"/><con:jmsPropertyConfig/><con:wsaConfig mustUnderstand="NONE" version="200508" action="http://fidus.brussels/service/civilstatusnotificationservice/modifyMessageStatus"/><con:wsrmConfig version="1.2"/></con:call><con:call id="3064a1f7-5334-465f-a9cb-805fa7d6f5d3" name="4- STAGING - Worker 2  - Request"><con:settings><con:setting id="com.eviware.soapui.impl.wsdl.WsdlRequest@request-headers">&lt;xml-fragment/></con:setting></con:settings><con:encoding>UTF-8</con:encoding><con:endpoint>https://192.168.24.64:8443/services/CivilStatusNotificationService_v1.0</con:endpoint><con:request><![CDATA[<soapenv:Envelope xmlns:soapenv="http://schemas.xmlsoap.org/soap/envelope/" xmlns:v1="http://fidus.brussels/service/civilstatusnotificationservice/messages/v1" xmlns:v11="http://fidus.brussels/type/common/messages/v1">
   <soapenv:Header/>
   <soapenv:Body>
      <v1:modifyMessageStatusRequest>
            <v1:messageContext>
            <v11:messageId>${=import static java.util.UUID.randomUUID; uuid = randomUUID() as String}</v11:messageId>
            <v11:timestamp>${=new java.text.SimpleDateFormat("yyyy-MM-dd'T'HH:mm:ss.SSS").format(new Date())}</v11:timestamp>
         </v1:messageContext>
          <v1:legalContext>None</v1:legalContext>
          <v1:language>fr</v1:language>
         <v1:request>
            <!--Optional:-->
            <notificationId>123</notificationId>
            <!--Optional:-->
            <status>CREATED</status>
         </v1:request>
      </v1:modifyMessageStatusRequest>
   </soapenv:Body>
</soapenv:Envelope>]]></con:request><con:credentials><con:selectedAuthProfile>Basic</con:selectedAuthProfile><con:addedBasicAuthenticationTypes>Basic</con:addedBasicAuthenticationTypes><con:authType>Global HTTP Settings</con:authType></con:credentials><con:jmsConfig JMSDeliveryMode="PERSISTENT"/><con:jmsPropertyConfig/><con:wsaConfig mustUnderstand="NONE" version="200508" action="http://fidus.brussels/service/civilstatusnotificationservice/modifyMessageStatus"/><con:wsrmConfig version="1.2"/></con:call></con:operation></con:interface><con:testSuite id="ecf3d66d-43f0-4e2c-ba6b-f011056d2e9b" name="DEV"><con:settings/><con:runType>SEQUENTIAL</con:runType><con:testCase id="9d40194d-7bc7-44eb-b54f-bb9797852220" failOnError="true" failTestCaseOnErrors="true" keepSession="false" maxResults="0" name="createNotification" searchProperties="true"><con:settings/><con:testStep type="request" id="b3bb508a-c9bb-4890-bd52-ab2fcbc6a14f" name="testcase2- DEV  - Request"><con:settings/><con:config xsi:type="con:RequestStep" xmlns:xsi="http://www.w3.org/2001/XMLSchema-instance"><con:interface>CivilStatusNotificationService_v1.0Soap11Binding</con:interface><con:operation>createNotification</con:operation><con:request name="testcase2- DEV  - Request" id="2d906742-4f91-4a1b-9c86-e5abc8b17b03" outgoingWss="Outflow DEV"><con:settings/><con:encoding>UTF-8</con:encoding><con:endpoint>https://192.168.36.205:8443/services/CivilStatusNotificationService_v1.0</con:endpoint><con:request><![CDATA[<soapenv:Envelope xmlns:soapenv="http://schemas.xmlsoap.org/soap/envelope/" xmlns:core="http://www.fgov.be/dabs/core" xmlns:v1="http://fidus.brussels/service/civilstatusnotificationservice/messages/v1" xmlns:v11="http://fidus.brussels/type/common/messages/v1">
   <soapenv:Header/>
   <soapenv:Body>
      <v1:createNotificationRequest>
         <v1:messageContext>
            <v11:messageId>${=import static java.util.UUID.randomUUID; uuid = randomUUID() as String}</v11:messageId>
            <v11:timestamp>${=new java.text.SimpleDateFormat("yyyy-MM-dd'T'HH:mm:ss.SSS").format(new Date())}</v11:timestamp>
         </v1:messageContext>
         <v1:legalContext>ServiceIntegrator</v1:legalContext>
         <v1:language>fr</v1:language>
         <v1:request>
            <notification>
               <!--Optional:-->
               <id>2662</id>
            <!--Optional:-->
            <creationDate>${=new java.text.SimpleDateFormat("yyyy-MM-dd'T'HH:mm:ss.SSS").format(new Date())}</creationDate>
            <destination>01050</destination>
            <!--Optional:-->
            <generatedby>23025</generatedby>
               <!--Optional:-->
               <message xsi:type="core:textMessage" xmlns:xsi="http://www.w3.org/2001/XMLSchema-instance">
               <!--Optional:
                  <id>1111111</id>-->
               <!--Optional:-->
               <status>CREATED</status>
               <!--Optional:-->
               <statusDate>${=new java.text.SimpleDateFormat("yyyy-MM-dd'T'HH:mm:ss.SSS").format(new Date())}</statusDate>
               <!--Optional:
                  <docReference>123</docReference>-->
               <messageTextType>TEXT_COMMUNICATION</messageTextType>
               <messageTextTitle>bla bla</messageTextTitle>
               <messageTextContent>M bla bla bla</messageTextContent>
               </message>
            </notification>
         </v1:request>
      </v1:createNotificationRequest>
   </soapenv:Body>
</soapenv:Envelope>]]></con:request><con:assertion type="SOAP Fault Assertion" id="b0f461b2-d59d-4ece-9be7-18821f4f8338" name="Not SOAP Fault"/><con:assertion type="SOAP Response" id="a7223f52-33aa-4374-8acd-449c9c63173d" name="SOAP Response"/><con:assertion type="Schema Compliance" id="c09f8514-72df-40f4-b749-0055a2edf002" name="Schema Compliance"><con:configuration/></con:assertion><con:wsaConfig action="http://fidus.brussels/service/civilstatusnotificationservice/createNotification"/></con:request></con:config></con:testStep><con:properties/></con:testCase><con:testCase id="f07364ca-dfe7-437d-8dad-4f374df5e126" failOnError="true" failTestCaseOnErrors="true" keepSession="false" maxResults="0" name="getMyMessagesStatus" searchProperties="true"><con:settings/><con:testStep type="request" id="9f1376ee-67e8-4d9e-a593-40cd3a89bd01" name="testcase2- DEV  - Request"><con:settings/><con:config xsi:type="con:RequestStep" xmlns:xsi="http://www.w3.org/2001/XMLSchema-instance"><con:interface>CivilStatusNotificationService_v1.0Soap11Binding</con:interface><con:operation>getMyMessagesStatus</con:operation><con:request name="testcase2- DEV  - Request" id="a25cb77a-1ab2-4237-8994-cb4a38b8a311" outgoingWss="Outflow DEV"><con:settings/><con:encoding>UTF-8</con:encoding><con:endpoint>https://192.168.36.205:8443/services/CivilStatusNotificationService_v1.0</con:endpoint><con:request><![CDATA[<soapenv:Envelope xmlns:soapenv="http://schemas.xmlsoap.org/soap/envelope/" xmlns:v1="http://fidus.brussels/service/civilstatusnotificationservice/messages/v1" xmlns:v11="http://fidus.brussels/type/common/messages/v1">
   <soapenv:Header/>
   <soapenv:Body>
      <v1:getMyMessagesStatusRequest>
         <v1:messageContext>
            <v11:messageId>${=import static java.util.UUID.randomUUID; uuid = randomUUID() as String}</v11:messageId>
            <v11:timestamp>${=new java.text.SimpleDateFormat("yyyy-MM-dd'T'HH:mm:ss.SSS").format(new Date())}</v11:timestamp>
         </v1:messageContext>
         <v1:legalContext>None</v1:legalContext>
         <v1:language>fr</v1:language>
         <v1:request>
            <!--Optional:-->
            <from>2016-06-18T17:20:14.449</from>
            <!--Optional:-->
            <to>2019-06-18T17:20:14.449</to>
            <!--Optional:-->
            <withClosed>true</withClosed>
            <!--Optional:-->
            <messageId>1273</messageId>
            <notificationId>2667</notificationId>
         </v1:request>
      </v1:getMyMessagesStatusRequest>
   </soapenv:Body>
</soapenv:Envelope>]]></con:request><con:assertion type="SOAP Fault Assertion" id="3a468944-e430-411f-8b78-e6ecfd31b8e3" name="Not SOAP Fault"/><con:assertion type="SOAP Response" id="e70b36db-210d-4f8d-a88a-e909c45e52b6" name="SOAP Response"/><con:assertion type="Schema Compliance" id="046dec2e-f474-4e5e-bd2e-5958b6c17379" name="Schema Compliance"><con:configuration/></con:assertion><con:wsaConfig action="http://fidus.brussels/service/civilstatusnotificationservice/getMyMessagesStatus"/></con:request></con:config></con:testStep><con:properties/></con:testCase><con:testCase id="042ea3a3-b5a4-4f30-a9c2-a2de9a15daca" failOnError="true" failTestCaseOnErrors="true" keepSession="false" maxResults="0" name="getNotifications" searchProperties="true"><con:settings/><con:testStep type="request" id="7f8e0ed8-4c6c-4b6b-a9bb-ea080436e0e2" name="testcase2- DEV - Request2"><con:settings/><con:config xsi:type="con:RequestStep" xmlns:xsi="http://www.w3.org/2001/XMLSchema-instance"><con:interface>CivilStatusNotificationService_v1.0Soap11Binding</con:interface><con:operation>getNotifications</con:operation><con:request name="testcase2- DEV - Request2" id="fce29f6f-a367-4a7d-9737-2c44d488276e" outgoingWss="Outflow DEV"><con:settings/><con:encoding>UTF-8</con:encoding><con:endpoint>https://192.168.24.45:8443/services/CivilStatusNotificationService_v1.0</con:endpoint><con:request><![CDATA[<soapenv:Envelope xmlns:soapenv="http://schemas.xmlsoap.org/soap/envelope/" xmlns:v1="http://fidus.brussels/service/civilstatusnotificationservice/messages/v1" xmlns:v11="http://fidus.brussels/type/common/messages/v1">
   <soapenv:Header/>
   <soapenv:Body>
      <v1:getNotificationsRequest>
         <v1:messageContext>
            <v11:messageId>${=import static java.util.UUID.randomUUID; uuid = randomUUID() as String}</v11:messageId>
            <!--Optional:-->
            <v11:timestamp>${=new java.text.SimpleDateFormat("yyyy-MM-dd'T'HH:mm:ss.SSS").format(new Date())}</v11:timestamp>
         </v1:messageContext>
         <v1:legalContext>None</v1:legalContext>
         <v1:language>fr</v1:language>
         <v1:request>
             <!--Optional:-->
            <from>2016-06-18T17:20:14.449</from>
            <!--Optional:-->
            <to>2019-06-18T17:20:14.449</to>
            <!--Optional:-->
            <messageId>1273</messageId>
            <!--Optional:-->
            <notificationId>2667</notificationId>
            <!--Optional:-->
            <niscode>10500</niscode>
         </v1:request>
      </v1:getNotificationsRequest>
   </soapenv:Body>
</soapenv:Envelope>]]></con:request><con:assertion type="SOAP Fault Assertion" id="57f67d18-4dce-4500-8572-26c5177f6435" name="Not SOAP Fault"/><con:assertion type="SOAP Response" id="121ca701-4df9-4da4-a03e-549dd1cd409d" name="SOAP Response"/><con:assertion type="Schema Compliance" id="d95bb89a-a739-4a34-9ca8-401e825b2970" name="Schema Compliance"><con:configuration/></con:assertion><con:wsaConfig action="http://fidus.brussels/service/civilstatusnotificationservice/getNotifications"/></con:request></con:config></con:testStep><con:properties/></con:testCase><con:testCase id="bb7adbf7-fc87-47e6-85fa-f4b36f4ffce4" failOnError="true" failTestCaseOnErrors="true" keepSession="false" maxResults="0" name="modifyMessageStatus" searchProperties="true"><con:settings/><con:testStep type="request" id="6509da74-6423-4713-8fe4-cacea88e45b7" name="testcase2- DEV  - Request"><con:settings/><con:config xsi:type="con:RequestStep" xmlns:xsi="http://www.w3.org/2001/XMLSchema-instance"><con:interface>CivilStatusNotificationService_v1.0Soap11Binding</con:interface><con:operation>modifyMessageStatus</con:operation><con:request name="testcase2- DEV  - Request" id="1f697131-8b2d-40a0-8bcb-f2fe7bd92892" outgoingWss="Outflow DEV"><con:settings/><con:encoding>UTF-8</con:encoding><con:endpoint>https://192.168.36.205:8443/services/CivilStatusNotificationService_v1.0</con:endpoint><con:request><![CDATA[<soapenv:Envelope xmlns:soapenv="http://schemas.xmlsoap.org/soap/envelope/" xmlns:v1="http://fidus.brussels/service/civilstatusnotificationservice/messages/v1" xmlns:v11="http://fidus.brussels/type/common/messages/v1">
   <soapenv:Header/>
   <soapenv:Body>
      <v1:modifyMessageStatusRequest>
            <v1:messageContext>
            <v11:messageId>${=import static java.util.UUID.randomUUID; uuid = randomUUID() as String}</v11:messageId>
            <v11:timestamp>${=new java.text.SimpleDateFormat("yyyy-MM-dd'T'HH:mm:ss.SSS").format(new Date())}</v11:timestamp>
         </v1:messageContext>
          <v1:legalContext>None</v1:legalContext>
          <v1:language>fr</v1:language>
         <v1:request>
            <!--Optional:-->
            <notificationId>123</notificationId>
            <!--Optional:-->
            <status>CREATED</status>
         </v1:request>
      </v1:modifyMessageStatusRequest>
   </soapenv:Body>
</soapenv:Envelope>]]></con:request><con:assertion type="SOAP Fault Assertion" id="167fe0a0-a111-42b0-bab1-794267b3e90f" name="Not SOAP Fault"/><con:assertion type="SOAP Response" id="80ab3dc1-e598-41ad-bcd9-d8ce08827287" name="SOAP Response"/><con:assertion type="Schema Compliance" id="0b51f17c-0384-4944-9489-65a2db3a7885" name="Schema Compliance"><con:configuration/></con:assertion><con:wsaConfig action="http://fidus.brussels/service/civilstatusnotificationservice/modifyMessageStatus"/></con:request></con:config></con:testStep><con:properties/></con:testCase><con:properties/></con:testSuite><con:testSuite id="2414bff6-e017-486d-9194-09a86d1c8072" name="TEST"><con:settings/><con:runType>SEQUENTIAL</con:runType><con:testCase id="3b222d0e-21b8-4d70-b6d6-93715538bd08" failOnError="true" failTestCaseOnErrors="true" keepSession="false" maxResults="0" name="createNotification" searchProperties="true"><con:settings/><con:testStep type="request" id="b075b01a-10b6-4de1-881c-c3a99cb297c8" name="testcase3- TEST - External - Request"><con:settings/><con:config xsi:type="con:RequestStep" xmlns:xsi="http://www.w3.org/2001/XMLSchema-instance"><con:interface>CivilStatusNotificationService_v1.0Soap11Binding</con:interface><con:operation>createNotification</con:operation><con:request name="testcase3- TEST - External - Request" id="6e154927-2f35-4297-ac6a-09ce13e57847" outgoingWss="Outflow TEST"><con:settings/><con:encoding>UTF-8</con:encoding><con:endpoint>https://fidus-test.irisnetlab.be/services/CivilStatusNotificationService_v1.0</con:endpoint><con:request><![CDATA[<soapenv:Envelope xmlns:soapenv="http://schemas.xmlsoap.org/soap/envelope/" xmlns:core="http://www.fgov.be/dabs/core" xmlns:v1="http://fidus.brussels/service/civilstatusnotificationservice/messages/v1" xmlns:v11="http://fidus.brussels/type/common/messages/v1">
   <soapenv:Header/>
   <soapenv:Body>
      <v1:createNotificationRequest>
         <v1:messageContext>
            <v11:messageId>${=import static java.util.UUID.randomUUID; uuid = randomUUID() as String}</v11:messageId>
            <v11:timestamp>${=new java.text.SimpleDateFormat("yyyy-MM-dd'T'HH:mm:ss.SSS").format(new Date())}</v11:timestamp>
         </v1:messageContext>
         <v1:legalContext>None</v1:legalContext>
         <v1:language>fr</v1:language>
         <v1:request>
            <notification>
               <!--Optional:-->
               <id>2662</id>
            <!--Optional:-->
            <creationDate>${=new java.text.SimpleDateFormat("yyyy-MM-dd'T'HH:mm:ss.SSS").format(new Date())}</creationDate>
            <destination>01050</destination>
            <!--Optional:-->
            <generatedby>23025</generatedby>
               <!--Optional:-->
               <message xsi:type="core:textMessage" xmlns:xsi="http://www.w3.org/2001/XMLSchema-instance">
               <!--Optional:
                  <id>1111111</id>-->
               <!--Optional:-->
               <status>CREATED</status>
               <!--Optional:-->
               <statusDate>${=new java.text.SimpleDateFormat("yyyy-MM-dd'T'HH:mm:ss.SSS").format(new Date())}</statusDate>
               <!--Optional:
                  <docReference>123</docReference>-->
               <messageTextType>TEXT_COMMUNICATION</messageTextType>
               <messageTextTitle>bla bla</messageTextTitle>
               <messageTextContent>M bla bla bla</messageTextContent>
               </message>
            </notification>
         </v1:request>
      </v1:createNotificationRequest>
   </soapenv:Body>
</soapenv:Envelope>]]></con:request><con:assertion type="SOAP Fault Assertion" id="09d84ec7-51fa-4d8c-8f7f-5f7a856f5f2b" name="Not SOAP Fault"/><con:assertion type="SOAP Response" id="34bc2cc0-1490-47b4-9240-3ab472e06ddc" name="SOAP Response"/><con:assertion type="Schema Compliance" id="da903e5a-6698-45ea-983b-05f742ffcbd8" name="Schema Compliance"><con:configuration/></con:assertion><con:wsaConfig action="http://fidus.brussels/service/civilstatusnotificationservice/createNotification"/></con:request></con:config></con:testStep><con:testStep type="request" id="4a5abdb1-3265-4173-a844-46df258b5f6b" name="testcase3- TEST - LB - Request"><con:settings/><con:config xsi:type="con:RequestStep" xmlns:xsi="http://www.w3.org/2001/XMLSchema-instance"><con:interface>CivilStatusNotificationService_v1.0Soap11Binding</con:interface><con:operation>createNotification</con:operation><con:request name="testcase3- TEST - LB - Request" id="ff45555f-36a9-410c-b1c1-f8607088f91a" outgoingWss="Outflow TEST"><con:settings/><con:encoding>UTF-8</con:encoding><con:endpoint>https://esb-security-gw.sta.srv.cirb.lan:8443/services/CivilStatusNotificationService_v1.0</con:endpoint><con:request><![CDATA[<soapenv:Envelope xmlns:soapenv="http://schemas.xmlsoap.org/soap/envelope/" xmlns:core="http://www.fgov.be/dabs/core" xmlns:v1="http://fidus.brussels/service/civilstatusnotificationservice/messages/v1" xmlns:v11="http://fidus.brussels/type/common/messages/v1">
   <soapenv:Header/>
   <soapenv:Body>
      <v1:createNotificationRequest>
         <v1:messageContext>
            <v11:messageId>${=import static java.util.UUID.randomUUID; uuid = randomUUID() as String}</v11:messageId>
            <v11:timestamp>${=new java.text.SimpleDateFormat("yyyy-MM-dd'T'HH:mm:ss.SSS").format(new Date())}</v11:timestamp>
         </v1:messageContext>
         <v1:legalContext>None</v1:legalContext>
         <v1:language>fr</v1:language>
         <v1:request>
            <notification>
               <!--Optional:-->
               <id>2662</id>
            <!--Optional:-->
            <creationDate>${=new java.text.SimpleDateFormat("yyyy-MM-dd'T'HH:mm:ss.SSS").format(new Date())}</creationDate>
            <destination>01050</destination>
            <!--Optional:-->
            <generatedby>23025</generatedby>
               <!--Optional:-->
               <message xsi:type="core:textMessage" xmlns:xsi="http://www.w3.org/2001/XMLSchema-instance">
               <!--Optional:
                  <id>1111111</id>-->
               <!--Optional:-->
               <status>CREATED</status>
               <!--Optional:-->
               <statusDate>${=new java.text.SimpleDateFormat("yyyy-MM-dd'T'HH:mm:ss.SSS").format(new Date())}</statusDate>
               <!--Optional:
                  <docReference>123</docReference>-->
               <messageTextType>TEXT_COMMUNICATION</messageTextType>
               <messageTextTitle>bla bla</messageTextTitle>
               <messageTextContent>M bla bla bla</messageTextContent>
               </message>
            </notification>
         </v1:request>
      </v1:createNotificationRequest>
   </soapenv:Body>
</soapenv:Envelope>]]></con:request><con:assertion type="SOAP Fault Assertion" id="1455d57a-78c7-4f7f-a9c0-9cfa154221ad" name="Not SOAP Fault"/><con:assertion type="SOAP Response" id="accbfda3-547d-4b1c-9046-25e4b5875e48" name="SOAP Response"/><con:assertion type="Schema Compliance" id="f016a7b5-a060-41b5-9e0c-21d1bb603795" name="Schema Compliance"><con:configuration/></con:assertion><con:wsaConfig action="http://fidus.brussels/service/civilstatusnotificationservice/createNotification"/></con:request></con:config></con:testStep><con:testStep type="request" id="317d7e21-38a4-408c-a33a-e7903ebda3cb" name="testcase3- TEST - Worker 1  - Request"><con:settings/><con:config xsi:type="con:RequestStep" xmlns:xsi="http://www.w3.org/2001/XMLSchema-instance"><con:interface>CivilStatusNotificationService_v1.0Soap11Binding</con:interface><con:operation>createNotification</con:operation><con:request name="testcase3- TEST - Worker 1  - Request" id="725e4fb6-7438-481b-9c1f-a1742bb8f835" outgoingWss="Outflow TEST"><con:settings/><con:encoding>UTF-8</con:encoding><con:endpoint>https://192.168.24.45:8443/services/CivilStatusNotificationService_v1.0</con:endpoint><con:request><![CDATA[<soapenv:Envelope xmlns:soapenv="http://schemas.xmlsoap.org/soap/envelope/" xmlns:core="http://www.fgov.be/dabs/core" xmlns:v1="http://fidus.brussels/service/civilstatusnotificationservice/messages/v1" xmlns:v11="http://fidus.brussels/type/common/messages/v1">
   <soapenv:Header/>
   <soapenv:Body>
      <v1:createNotificationRequest>
         <v1:messageContext>
            <v11:messageId>${=import static java.util.UUID.randomUUID; uuid = randomUUID() as String}</v11:messageId>
            <v11:timestamp>${=new java.text.SimpleDateFormat("yyyy-MM-dd'T'HH:mm:ss.SSS").format(new Date())}</v11:timestamp>
         </v1:messageContext>
         <v1:legalContext>ServiceIntegrator</v1:legalContext>
         <v1:language>fr</v1:language>
         <v1:request>
            <notification>
               <!--Optional:-->
            <!--Optional:-->
            <creationDate>${=new java.text.SimpleDateFormat("yyyy-MM-dd'T'HH:mm:ss.SSS").format(new Date())}</creationDate>
            <destination>01050</destination>
            <!--Optional:-->
            <generatedby>23025</generatedby>
               <!--Optional:-->
               <message xsi:type="core:textMessage" xmlns:xsi="http://www.w3.org/2001/XMLSchema-instance">
               <!--Optional:
                  <id>1111111</id>-->
               <!--Optional:-->
               <status>CREATED</status>
               <!--Optional:-->
               <statusDate>${=new java.text.SimpleDateFormat("yyyy-MM-dd'T'HH:mm:ss.SSS").format(new Date())}</statusDate>
               <!--Optional:
                  <docReference>123</docReference>-->
               <messageTextType>TEXT_COMMUNICATION</messageTextType>
               <messageTextTitle>bla bla</messageTextTitle>
               <messageTextContent>M bla bla bla</messageTextContent>
               </message>
            </notification>
         </v1:request>
      </v1:createNotificationRequest>
   </soapenv:Body>
</soapenv:Envelope>]]></con:request><con:assertion type="SOAP Fault Assertion" id="6320a348-b196-4dfe-b232-4e33e35fb0dd" name="Not SOAP Fault"/><con:assertion type="SOAP Response" id="2c909fff-dea0-4a6d-8ae7-a52e78404a31" name="SOAP Response"/><con:assertion type="Schema Compliance" id="30359c26-4886-4c0c-a413-f2df0ec0faf7" name="Schema Compliance"><con:configuration/></con:assertion><con:wsaConfig action="http://fidus.brussels/service/civilstatusnotificationservice/createNotification"/></con:request></con:config></con:testStep><con:testStep type="request" id="7dee0e75-3160-4fb1-bbf8-dd6065f6222e" name="testcase3- TEST - Worker 2  - Request"><con:settings/><con:config xsi:type="con:RequestStep" xmlns:xsi="http://www.w3.org/2001/XMLSchema-instance"><con:interface>CivilStatusNotificationService_v1.0Soap11Binding</con:interface><con:operation>createNotification</con:operation><con:request name="testcase3- TEST - Worker 2  - Request" id="1041760d-c085-464c-9344-46974684e64c" outgoingWss="Outflow TEST"><con:settings/><con:encoding>UTF-8</con:encoding><con:endpoint>https://192.168.24.51:8443/services/CivilStatusNotificationService_v1.0</con:endpoint><con:request><![CDATA[<soapenv:Envelope xmlns:soapenv="http://schemas.xmlsoap.org/soap/envelope/" xmlns:core="http://www.fgov.be/dabs/core" xmlns:v1="http://fidus.brussels/service/civilstatusnotificationservice/messages/v1" xmlns:v11="http://fidus.brussels/type/common/messages/v1">
   <soapenv:Header/>
   <soapenv:Body>
      <v1:createNotificationRequest>
         <v1:messageContext>
            <v11:messageId>${=import static java.util.UUID.randomUUID; uuid = randomUUID() as String}</v11:messageId>
            <v11:timestamp>${=new java.text.SimpleDateFormat("yyyy-MM-dd'T'HH:mm:ss.SSS").format(new Date())}</v11:timestamp>
         </v1:messageContext>
         <v1:legalContext>None</v1:legalContext>
         <v1:language>fr</v1:language>
         <v1:request>
            <notification>
               <!--Optional:-->
               <id>2662</id>
            <!--Optional:-->
            <creationDate>${=new java.text.SimpleDateFormat("yyyy-MM-dd'T'HH:mm:ss.SSS").format(new Date())}</creationDate>
            <destination>01050</destination>
            <!--Optional:-->
            <generatedby>23025</generatedby>
               <!--Optional:-->
               <message xsi:type="core:textMessage" xmlns:xsi="http://www.w3.org/2001/XMLSchema-instance">
               <!--Optional:
                  <id>1111111</id>-->
               <!--Optional:-->
               <status>CREATED</status>
               <!--Optional:-->
               <statusDate>${=new java.text.SimpleDateFormat("yyyy-MM-dd'T'HH:mm:ss.SSS").format(new Date())}</statusDate>
               <!--Optional:
                  <docReference>123</docReference>-->
               <messageTextType>TEXT_COMMUNICATION</messageTextType>
               <messageTextTitle>bla bla</messageTextTitle>
               <messageTextContent>M bla bla bla</messageTextContent>
               </message>
            </notification>
         </v1:request>
      </v1:createNotificationRequest>
   </soapenv:Body>
</soapenv:Envelope>]]></con:request><con:assertion type="SOAP Fault Assertion" id="26238e8e-d997-4b28-a194-1f945e293200" name="Not SOAP Fault"/><con:assertion type="SOAP Response" id="09873d1c-40b9-47b3-b9e8-ff9c6010fedb" name="SOAP Response"/><con:assertion type="Schema Compliance" id="c5051d8e-82d4-459c-aece-d2dcb9182b18" name="Schema Compliance"><con:configuration/></con:assertion><con:wsaConfig action="http://fidus.brussels/service/civilstatusnotificationservice/createNotification"/></con:request></con:config></con:testStep><con:properties/></con:testCase><con:testCase id="c3f18dc2-66c4-4694-b056-645b9771e6a0" failOnError="true" failTestCaseOnErrors="true" keepSession="false" maxResults="0" name="getMyMessagesStatus" searchProperties="true"><con:settings/><con:testStep type="request" id="98cc486b-8494-4f0d-b0f3-105226051347" name="testcase3- TEST - External  - Request"><con:settings/><con:config xsi:type="con:RequestStep" xmlns:xsi="http://www.w3.org/2001/XMLSchema-instance"><con:interface>CivilStatusNotificationService_v1.0Soap11Binding</con:interface><con:operation>getMyMessagesStatus</con:operation><con:request name="testcase3- TEST - External  - Request" id="d20afee9-fae4-4fb4-848f-4c4c5e851a18" outgoingWss="Outflow TEST"><con:settings/><con:encoding>UTF-8</con:encoding><con:endpoint>https://fidus-test.irisnetlab.be/services/CivilStatusNotificationService_v1.0</con:endpoint><con:request><![CDATA[<soapenv:Envelope xmlns:soapenv="http://schemas.xmlsoap.org/soap/envelope/" xmlns:v1="http://fidus.brussels/service/civilstatusnotificationservice/messages/v1" xmlns:v11="http://fidus.brussels/type/common/messages/v1">
   <soapenv:Header/>
   <soapenv:Body>
      <v1:getMyMessagesStatusRequest>
         <v1:messageContext>
            <v11:messageId>${=import static java.util.UUID.randomUUID; uuid = randomUUID() as String}</v11:messageId>
            <v11:timestamp>${=new java.text.SimpleDateFormat("yyyy-MM-dd'T'HH:mm:ss.SSS").format(new Date())}</v11:timestamp>
         </v1:messageContext>
         <v1:legalContext>None</v1:legalContext>
         <v1:language>fr</v1:language>
         <v1:request>
            <!--Optional:-->
            <from>2016-06-18T17:20:14.449</from>
            <!--Optional:-->
            <to>2019-06-18T17:20:14.449</to>
            <!--Optional:-->
            <withClosed>true</withClosed>
            <!--Optional:-->
            <messageId>1273</messageId>
            <notificationId>2667</notificationId>
         </v1:request>
      </v1:getMyMessagesStatusRequest>
   </soapenv:Body>
</soapenv:Envelope>]]></con:request><con:assertion type="SOAP Fault Assertion" id="521e6022-fc2b-4c06-823b-4b3f3f792f1e" name="Not SOAP Fault"/><con:assertion type="SOAP Response" id="7925a7a2-740e-4cc3-a4f4-e5fcc25607df" name="SOAP Response"/><con:assertion type="Schema Compliance" id="f05c8b78-f33b-4b26-bf74-6ee0a86e5910" name="Schema Compliance"><con:configuration/></con:assertion><con:wsaConfig action="http://fidus.brussels/service/civilstatusnotificationservice/getMyMessagesStatus"/></con:request></con:config></con:testStep><con:testStep type="request" id="c8a39eee-2b65-4dc3-8c2f-5e1bd417c4c2" name="testcase3- TEST - LB  - Request"><con:settings/><con:config xsi:type="con:RequestStep" xmlns:xsi="http://www.w3.org/2001/XMLSchema-instance"><con:interface>CivilStatusNotificationService_v1.0Soap11Binding</con:interface><con:operation>getMyMessagesStatus</con:operation><con:request name="testcase3- TEST - LB  - Request" id="5c073754-48ba-4ce3-8a0a-cb4896c55254" outgoingWss="Outflow TEST"><con:settings/><con:encoding>UTF-8</con:encoding><con:endpoint>https://esb-security-gw.sta.srv.cirb.lan:8443/services/CivilStatusNotificationService_v1.0</con:endpoint><con:request><![CDATA[<soapenv:Envelope xmlns:soapenv="http://schemas.xmlsoap.org/soap/envelope/" xmlns:v1="http://fidus.brussels/service/civilstatusnotificationservice/messages/v1" xmlns:v11="http://fidus.brussels/type/common/messages/v1">
   <soapenv:Header/>
   <soapenv:Body>
      <v1:getMyMessagesStatusRequest>
         <v1:messageContext>
            <v11:messageId>${=import static java.util.UUID.randomUUID; uuid = randomUUID() as String}</v11:messageId>
            <v11:timestamp>${=new java.text.SimpleDateFormat("yyyy-MM-dd'T'HH:mm:ss.SSS").format(new Date())}</v11:timestamp>
         </v1:messageContext>
         <v1:legalContext>None</v1:legalContext>
         <v1:language>fr</v1:language>
         <v1:request>
            <!--Optional:-->
            <from>2016-06-18T17:20:14.449</from>
            <!--Optional:-->
            <to>2019-06-18T17:20:14.449</to>
            <!--Optional:-->
            <withClosed>true</withClosed>
            <!--Optional:-->
            <messageId>1273</messageId>
            <notificationId>2667</notificationId>
         </v1:request>
      </v1:getMyMessagesStatusRequest>
   </soapenv:Body>
</soapenv:Envelope>]]></con:request><con:assertion type="SOAP Fault Assertion" id="d4b16467-1263-44d8-9ebf-5057a7bbc8d3" name="Not SOAP Fault"/><con:assertion type="SOAP Response" id="fbca5ef9-cfff-4211-bb65-df94a2132f9b" name="SOAP Response"/><con:assertion type="Schema Compliance" id="7ab2adcc-d109-4dca-9e1a-aa6ca9a2a8ad" name="Schema Compliance"><con:configuration/></con:assertion><con:wsaConfig action="http://fidus.brussels/service/civilstatusnotificationservice/getMyMessagesStatus"/></con:request></con:config></con:testStep><con:testStep type="request" id="2a87fb59-cebf-4302-bedd-fbd7345a223b" name="testcase3- TEST - Worker 1 - Request"><con:settings/><con:config xsi:type="con:RequestStep" xmlns:xsi="http://www.w3.org/2001/XMLSchema-instance"><con:interface>CivilStatusNotificationService_v1.0Soap11Binding</con:interface><con:operation>getMyMessagesStatus</con:operation><con:request name="testcase3- TEST - Worker 1 - Request" id="2eaa4052-dab4-4d76-b61c-d2b8b50b9959" outgoingWss="Outflow TEST"><con:settings/><con:encoding>UTF-8</con:encoding><con:endpoint>https://192.168.24.45:8443/services/CivilStatusNotificationService_v1.0</con:endpoint><con:request><![CDATA[<soapenv:Envelope xmlns:soapenv="http://schemas.xmlsoap.org/soap/envelope/" xmlns:v1="http://fidus.brussels/service/civilstatusnotificationservice/messages/v1" xmlns:v11="http://fidus.brussels/type/common/messages/v1">
   <soapenv:Header/>
   <soapenv:Body>
      <v1:getMyMessagesStatusRequest>
         <v1:messageContext>
            <v11:messageId>${=import static java.util.UUID.randomUUID; uuid = randomUUID() as String}</v11:messageId>
            <v11:timestamp>${=new java.text.SimpleDateFormat("yyyy-MM-dd'T'HH:mm:ss.SSS").format(new Date())}</v11:timestamp>
         </v1:messageContext>
         <v1:legalContext>ServiceIntegrator</v1:legalContext>
         <v1:language>fr</v1:language>
         <v1:request>
            <from>2016-06-18T17:20:14.449</from>
            <to>2019-06-18T17:20:14.449</to>
         </v1:request>
      </v1:getMyMessagesStatusRequest>
   </soapenv:Body>
</soapenv:Envelope>]]></con:request><con:assertion type="SOAP Fault Assertion" id="c16d0b92-2a1a-44ee-80f9-ea4442244622" name="Not SOAP Fault"/><con:assertion type="SOAP Response" id="0a5d35ea-87ce-4627-8fdc-150eaf1dfcbc" name="SOAP Response"/><con:assertion type="Schema Compliance" id="ee53c842-46be-46e2-ab82-569ab0d2d395" name="Schema Compliance"><con:configuration/></con:assertion><con:wsaConfig action="http://fidus.brussels/service/civilstatusnotificationservice/getMyMessagesStatus"/></con:request></con:config></con:testStep><con:testStep type="request" id="05b5100c-9855-4b77-999f-4332bc8007b9" name="testcase3- TEST - Worker 2 - Request"><con:settings/><con:config xsi:type="con:RequestStep" xmlns:xsi="http://www.w3.org/2001/XMLSchema-instance"><con:interface>CivilStatusNotificationService_v1.0Soap11Binding</con:interface><con:operation>getMyMessagesStatus</con:operation><con:request name="testcase3- TEST - Worker 2 - Request" id="d3538504-1140-4667-8e7d-8ba80c81ee55" outgoingWss="Outflow TEST"><con:settings/><con:encoding>UTF-8</con:encoding><con:endpoint>https://192.168.24.51:8443/services/CivilStatusNotificationService_v1.0</con:endpoint><con:request><![CDATA[<soapenv:Envelope xmlns:soapenv="http://schemas.xmlsoap.org/soap/envelope/" xmlns:v1="http://fidus.brussels/service/civilstatusnotificationservice/messages/v1" xmlns:v11="http://fidus.brussels/type/common/messages/v1">
   <soapenv:Header/>
   <soapenv:Body>
      <v1:getMyMessagesStatusRequest>
         <v1:messageContext>
            <v11:messageId>${=import static java.util.UUID.randomUUID; uuid = randomUUID() as String}</v11:messageId>
            <v11:timestamp>${=new java.text.SimpleDateFormat("yyyy-MM-dd'T'HH:mm:ss.SSS").format(new Date())}</v11:timestamp>
         </v1:messageContext>
         <v1:legalContext>None</v1:legalContext>
         <v1:language>fr</v1:language>
         <v1:request>
            <!--Optional:-->
            <from>2016-06-18T17:20:14.449</from>
            <!--Optional:-->
            <to>2019-06-18T17:20:14.449</to>
            <!--Optional:-->
            <withClosed>true</withClosed>
            <!--Optional:-->
            <messageId>1273</messageId>
            <notificationId>2667</notificationId>
         </v1:request>
      </v1:getMyMessagesStatusRequest>
   </soapenv:Body>
</soapenv:Envelope>]]></con:request><con:assertion type="SOAP Fault Assertion" id="6f8d677a-124f-4078-973d-bc41842ca72a" name="Not SOAP Fault"/><con:assertion type="SOAP Response" id="fce4ff35-1e0c-4247-8cd8-d125c4a2560d" name="SOAP Response"/><con:assertion type="Schema Compliance" id="62893147-0066-40f5-8dad-0153c1ec349a" name="Schema Compliance"><con:configuration/></con:assertion><con:wsaConfig action="http://fidus.brussels/service/civilstatusnotificationservice/getMyMessagesStatus"/></con:request></con:config></con:testStep><con:properties/></con:testCase><con:testCase id="f7bb4169-53fb-4547-98f4-e29b623d0907" failOnError="true" failTestCaseOnErrors="true" keepSession="false" maxResults="0" name="getNotifications" searchProperties="true"><con:settings/><con:testStep type="request" id="b5169306-e3d5-4aef-a9f8-87437c65b060" name="testcase3 - TEST - External  - Request"><con:settings/><con:config xsi:type="con:RequestStep" xmlns:xsi="http://www.w3.org/2001/XMLSchema-instance"><con:interface>CivilStatusNotificationService_v1.0Soap11Binding</con:interface><con:operation>getNotifications</con:operation><con:request name="testcase3 - TEST - External  - Request" id="a79a56f2-fe6a-4dc9-9146-2f5c0f84a426" outgoingWss="Outflow TEST"><con:settings/><con:encoding>UTF-8</con:encoding><con:endpoint>https://fidus-test.irisnetlab.be/services/CivilStatusNotificationService_v1.0</con:endpoint><con:request><![CDATA[<soapenv:Envelope xmlns:soapenv="http://schemas.xmlsoap.org/soap/envelope/" xmlns:v1="http://fidus.brussels/service/civilstatusnotificationservice/messages/v1" xmlns:v11="http://fidus.brussels/type/common/messages/v1">
   <soapenv:Header/>
   <soapenv:Body>
      <v1:getNotificationsRequest>
         <v1:messageContext>
            <v11:messageId>${=import static java.util.UUID.randomUUID; uuid = randomUUID() as String}</v11:messageId>
            <!--Optional:-->
            <v11:timestamp>${=new java.text.SimpleDateFormat("yyyy-MM-dd'T'HH:mm:ss.SSS").format(new Date())}</v11:timestamp>
         </v1:messageContext>
         <v1:legalContext>None</v1:legalContext>
         <v1:language>fr</v1:language>
         <v1:request>
             <!--Optional:-->
            <from>2016-06-18T17:20:14.449</from>
            <!--Optional:-->
            <to>2019-06-18T17:20:14.449</to>
            <!--Optional:-->
            <messageId>1273</messageId>
            <!--Optional:-->
            <notificationId>2667</notificationId>
            <!--Optional:-->
            <niscode>10500</niscode>
         </v1:request>
      </v1:getNotificationsRequest>
   </soapenv:Body>
</soapenv:Envelope>]]></con:request><con:assertion type="SOAP Fault Assertion" id="587eca0a-3987-4355-992e-d85ab9acec85" name="Not SOAP Fault"/><con:assertion type="SOAP Response" id="4aa94e22-d3ed-4bed-8ebc-45f4fb003a8e" name="SOAP Response"/><con:assertion type="Schema Compliance" id="0cf67dd3-7b19-4e51-848d-9c2b82b06965" name="Schema Compliance"><con:configuration/></con:assertion><con:wsaConfig action="http://fidus.brussels/service/civilstatusnotificationservice/getNotifications"/></con:request></con:config></con:testStep><con:testStep type="request" id="f71b4169-ee88-456a-a20f-bbe68b5e55a7" name="testcase3- TEST - LB  - Request"><con:settings/><con:config xsi:type="con:RequestStep" xmlns:xsi="http://www.w3.org/2001/XMLSchema-instance"><con:interface>CivilStatusNotificationService_v1.0Soap11Binding</con:interface><con:operation>getNotifications</con:operation><con:request name="testcase3- TEST - LB  - Request" id="814dbd33-052f-47c3-bc9f-3ef6b8930adb" outgoingWss="Outflow TEST"><con:settings/><con:encoding>UTF-8</con:encoding><con:endpoint>https://esb-security-gw.sta.srv.cirb.lan:8443/services/CivilStatusNotificationService_v1.0</con:endpoint><con:request><![CDATA[<soapenv:Envelope xmlns:soapenv="http://schemas.xmlsoap.org/soap/envelope/" xmlns:v1="http://fidus.brussels/service/civilstatusnotificationservice/messages/v1" xmlns:v11="http://fidus.brussels/type/common/messages/v1">
   <soapenv:Header/>
   <soapenv:Body>
      <v1:getNotificationsRequest>
         <v1:messageContext>
            <v11:messageId>${=import static java.util.UUID.randomUUID; uuid = randomUUID() as String}</v11:messageId>
            <!--Optional:-->
            <v11:timestamp>${=new java.text.SimpleDateFormat("yyyy-MM-dd'T'HH:mm:ss.SSS").format(new Date())}</v11:timestamp>
         </v1:messageContext>
         <v1:legalContext>None</v1:legalContext>
         <v1:language>fr</v1:language>
         <v1:request>
             <!--Optional:-->
            <from>2016-06-18T17:20:14.449</from>
            <!--Optional:-->
            <to>2019-06-18T17:20:14.449</to>
            <!--Optional:-->
            <messageId>1273</messageId>
            <!--Optional:-->
            <notificationId>2667</notificationId>
            <!--Optional:-->
            <niscode>10500</niscode>
         </v1:request>
      </v1:getNotificationsRequest>
   </soapenv:Body>
</soapenv:Envelope>]]></con:request><con:assertion type="SOAP Fault Assertion" id="3dc2da8f-c9b8-4967-8654-166116de5e02" name="Not SOAP Fault"/><con:assertion type="SOAP Response" id="13f92dee-80f2-47e1-89ff-a6ef0dc98376" name="SOAP Response"/><con:assertion type="Schema Compliance" id="df995de7-8e1c-4212-b3c2-a074ec608447" name="Schema Compliance"><con:configuration/></con:assertion><con:wsaConfig action="http://fidus.brussels/service/civilstatusnotificationservice/getNotifications"/></con:request></con:config></con:testStep><con:testStep type="request" id="94a5911d-5c07-40fe-aae5-be769f346c3d" name="testcase3- TEST - Worker 1  - Request"><con:settings/><con:config xsi:type="con:RequestStep" xmlns:xsi="http://www.w3.org/2001/XMLSchema-instance"><con:interface>CivilStatusNotificationService_v1.0Soap11Binding</con:interface><con:operation>getNotifications</con:operation><con:request name="testcase3- TEST - Worker 1  - Request" id="a2fd3c33-b522-4964-a2c1-9bf2eb223de5" outgoingWss="Outflow TEST"><con:settings/><con:encoding>UTF-8</con:encoding><con:endpoint>https://192.168.24.45:8443/services/CivilStatusNotificationService_v1.0</con:endpoint><con:request><![CDATA[<soapenv:Envelope xmlns:soapenv="http://schemas.xmlsoap.org/soap/envelope/" xmlns:v1="http://fidus.brussels/service/civilstatusnotificationservice/messages/v1" xmlns:v11="http://fidus.brussels/type/common/messages/v1">
   <soapenv:Header/>
   <soapenv:Body>
      <v1:getNotificationsRequest>
         <v1:messageContext>
            <v11:messageId>${=import static java.util.UUID.randomUUID; uuid = randomUUID() as String}</v11:messageId>
            <!--Optional:-->
            <v11:timestamp>${=new java.text.SimpleDateFormat("yyyy-MM-dd'T'HH:mm:ss.SSS").format(new Date())}</v11:timestamp>
         </v1:messageContext>
         <v1:legalContext>None</v1:legalContext>
         <v1:language>fr</v1:language>
         <v1:request>
             <!--Optional:-->
            <from>2016-06-18T17:20:14.449</from>
            <!--Optional:-->
            <to>2019-06-18T17:20:14.449</to>
            <!--Optional:-->
            <messageId>1273</messageId>
            <!--Optional:-->
            <notificationId>2667</notificationId>
            <!--Optional:-->
            <niscode>10500</niscode>
         </v1:request>
      </v1:getNotificationsRequest>
   </soapenv:Body>
</soapenv:Envelope>]]></con:request><con:assertion type="SOAP Fault Assertion" id="aded2835-c8a1-4e96-aed8-d57b7346dabf" name="Not SOAP Fault"/><con:assertion type="SOAP Response" id="7988ccd7-4d5c-45d5-937f-863293d1f423" name="SOAP Response"/><con:assertion type="Schema Compliance" id="6c58dd43-8a99-4e31-9dfb-2f81b33dce19" name="Schema Compliance"><con:configuration/></con:assertion><con:wsaConfig action="http://fidus.brussels/service/civilstatusnotificationservice/getNotifications"/></con:request></con:config></con:testStep><con:testStep type="request" id="8feb5ef3-0bc8-43d6-a194-00273a1ab4ee" name="testcase3- TEST - Worker 2  - Request"><con:settings/><con:config xsi:type="con:RequestStep" xmlns:xsi="http://www.w3.org/2001/XMLSchema-instance"><con:interface>CivilStatusNotificationService_v1.0Soap11Binding</con:interface><con:operation>getNotifications</con:operation><con:request name="testcase3- TEST - Worker 2  - Request" id="4a6f9af7-3385-4886-b542-43e5a10ae27c" outgoingWss="Outflow TEST"><con:settings/><con:encoding>UTF-8</con:encoding><con:endpoint>https://192.168.24.51:8443/services/CivilStatusNotificationService_v1.0</con:endpoint><con:request><![CDATA[<soapenv:Envelope xmlns:soapenv="http://schemas.xmlsoap.org/soap/envelope/" xmlns:v1="http://fidus.brussels/service/civilstatusnotificationservice/messages/v1" xmlns:v11="http://fidus.brussels/type/common/messages/v1">
   <soapenv:Header/>
   <soapenv:Body>
      <v1:getNotificationsRequest>
         <v1:messageContext>
            <v11:messageId>${=import static java.util.UUID.randomUUID; uuid = randomUUID() as String}</v11:messageId>
            <!--Optional:-->
            <v11:timestamp>${=new java.text.SimpleDateFormat("yyyy-MM-dd'T'HH:mm:ss.SSS").format(new Date())}</v11:timestamp>
         </v1:messageContext>
         <v1:legalContext>None</v1:legalContext>
         <v1:language>fr</v1:language>
         <v1:request>
             <!--Optional:-->
            <from>2016-06-18T17:20:14.449</from>
            <!--Optional:-->
            <to>2019-06-18T17:20:14.449</to>
            <!--Optional:-->
            <messageId>1273</messageId>
            <!--Optional:-->
            <notificationId>2667</notificationId>
            <!--Optional:-->
            <niscode>10500</niscode>
         </v1:request>
      </v1:getNotificationsRequest>
   </soapenv:Body>
</soapenv:Envelope>]]></con:request><con:assertion type="SOAP Fault Assertion" id="380e5470-bafd-421e-83fb-1b94b2a56d44" name="Not SOAP Fault"/><con:assertion type="SOAP Response" id="a7fdfe71-b5e5-49eb-bbdf-16147d8b5744" name="SOAP Response"/><con:assertion type="Schema Compliance" id="15b06c18-71fb-4e25-85b7-93fd467b3bcd" name="Schema Compliance"><con:configuration/></con:assertion><con:wsaConfig action="http://fidus.brussels/service/civilstatusnotificationservice/getNotifications"/></con:request></con:config></con:testStep><con:properties/></con:testCase><con:testCase id="bfa5544d-0cd3-4f34-81b5-a08952975834" failOnError="true" failTestCaseOnErrors="true" keepSession="false" maxResults="0" name="modifyMessageStatus" searchProperties="true"><con:settings/><con:testStep type="request" id="39e0e279-ab42-477a-963e-91524d1b73ca" name="testcase3- TEST - External  - Request"><con:settings/><con:config xsi:type="con:RequestStep" xmlns:xsi="http://www.w3.org/2001/XMLSchema-instance"><con:interface>CivilStatusNotificationService_v1.0Soap11Binding</con:interface><con:operation>modifyMessageStatus</con:operation><con:request name="testcase3- TEST - External  - Request" id="80db7810-70a1-4d04-b4b5-cc79218d4987" outgoingWss="Outflow TEST"><con:settings/><con:encoding>UTF-8</con:encoding><con:endpoint>https://esb-security-gw.sta.srv.cirb.lan:8443/services/CivilStatusNotificationService_v1.0</con:endpoint><con:request><![CDATA[<soapenv:Envelope xmlns:soapenv="http://schemas.xmlsoap.org/soap/envelope/" xmlns:v1="http://fidus.brussels/service/civilstatusnotificationservice/messages/v1" xmlns:v11="http://fidus.brussels/type/common/messages/v1">
   <soapenv:Header/>
   <soapenv:Body>
      <v1:modifyMessageStatusRequest>
            <v1:messageContext>
            <v11:messageId>${=import static java.util.UUID.randomUUID; uuid = randomUUID() as String}</v11:messageId>
            <v11:timestamp>${=new java.text.SimpleDateFormat("yyyy-MM-dd'T'HH:mm:ss.SSS").format(new Date())}</v11:timestamp>
         </v1:messageContext>
          <v1:legalContext>None</v1:legalContext>
          <v1:language>fr</v1:language>
         <v1:request>
            <!--Optional:-->
            <notificationId>123</notificationId>
            <!--Optional:-->
            <status>CREATED</status>
         </v1:request>
      </v1:modifyMessageStatusRequest>
   </soapenv:Body>
</soapenv:Envelope>]]></con:request><con:assertion type="SOAP Fault Assertion" id="fd85a87f-7529-4103-a06e-716b55a10795" name="Not SOAP Fault"/><con:assertion type="SOAP Response" id="63a1badf-cea9-46f2-a8f2-8c4f3cfa8db7" name="SOAP Response"/><con:assertion type="Schema Compliance" id="6bbd5be2-dfb0-4100-bb37-e682d9110d90" name="Schema Compliance"><con:configuration/></con:assertion><con:wsaConfig action="http://fidus.brussels/service/civilstatusnotificationservice/modifyMessageStatus"/></con:request></con:config></con:testStep><con:testStep type="request" id="c0209b8f-1401-4ad3-b3fc-944190f20143" name="testcase3- TEST - LB  - Request"><con:settings/><con:config xsi:type="con:RequestStep" xmlns:xsi="http://www.w3.org/2001/XMLSchema-instance"><con:interface>CivilStatusNotificationService_v1.0Soap11Binding</con:interface><con:operation>modifyMessageStatus</con:operation><con:request name="testcase3- TEST - LB  - Request" id="ad0f96cc-b196-40cf-8498-9b17869b269e" outgoingWss="Outflow TEST"><con:settings/><con:encoding>UTF-8</con:encoding><con:endpoint>https://esb-security-gw.sta.srv.cirb.lan:8443/services/CivilStatusNotificationService_v1.0</con:endpoint><con:request><![CDATA[<soapenv:Envelope xmlns:soapenv="http://schemas.xmlsoap.org/soap/envelope/" xmlns:v1="http://fidus.brussels/service/civilstatusnotificationservice/messages/v1" xmlns:v11="http://fidus.brussels/type/common/messages/v1">
   <soapenv:Header/>
   <soapenv:Body>
      <v1:modifyMessageStatusRequest>
            <v1:messageContext>
            <v11:messageId>${=import static java.util.UUID.randomUUID; uuid = randomUUID() as String}</v11:messageId>
            <v11:timestamp>${=new java.text.SimpleDateFormat("yyyy-MM-dd'T'HH:mm:ss.SSS").format(new Date())}</v11:timestamp>
         </v1:messageContext>
          <v1:legalContext>None</v1:legalContext>
          <v1:language>fr</v1:language>
         <v1:request>
            <!--Optional:-->
            <notificationId>123</notificationId>
            <!--Optional:-->
            <status>CREATED</status>
         </v1:request>
      </v1:modifyMessageStatusRequest>
   </soapenv:Body>
</soapenv:Envelope>]]></con:request><con:assertion type="SOAP Fault Assertion" id="40c54b4e-628c-405b-bf41-289d2c5ccfd7" name="Not SOAP Fault"/><con:assertion type="SOAP Response" id="6770ab9f-3036-45f4-9052-f190516971e5" name="SOAP Response"/><con:assertion type="Schema Compliance" id="4ffa6fdd-78a4-434d-aeff-0c9b77716fa7" name="Schema Compliance"><con:configuration/></con:assertion><con:wsaConfig action="http://fidus.brussels/service/civilstatusnotificationservice/modifyMessageStatus"/></con:request></con:config></con:testStep><con:testStep type="request" id="8fca03e1-34c6-455e-8d3b-b2201010cbeb" name="testcase3- TEST - Worker 1  - Request"><con:settings/><con:config xsi:type="con:RequestStep" xmlns:xsi="http://www.w3.org/2001/XMLSchema-instance"><con:interface>CivilStatusNotificationService_v1.0Soap11Binding</con:interface><con:operation>modifyMessageStatus</con:operation><con:request name="testcase3- TEST - Worker 1  - Request" id="b08271cf-7114-451e-a583-921d9d29f347" outgoingWss="Outflow TEST"><con:settings/><con:encoding>UTF-8</con:encoding><con:endpoint>https://192.168.24.45:8443/services/CivilStatusNotificationService_v1.0</con:endpoint><con:request><![CDATA[<soapenv:Envelope xmlns:soapenv="http://schemas.xmlsoap.org/soap/envelope/" xmlns:v1="http://fidus.brussels/service/civilstatusnotificationservice/messages/v1" xmlns:v11="http://fidus.brussels/type/common/messages/v1">
   <soapenv:Header/>
   <soapenv:Body>
      <v1:modifyMessageStatusRequest>
            <v1:messageContext>
            <v11:messageId>${=import static java.util.UUID.randomUUID; uuid = randomUUID() as String}</v11:messageId>
            <v11:timestamp>${=new java.text.SimpleDateFormat("yyyy-MM-dd'T'HH:mm:ss.SSS").format(new Date())}</v11:timestamp>
         </v1:messageContext>
          <v1:legalContext>None</v1:legalContext>
          <v1:language>fr</v1:language>
         <v1:request>
            <!--Optional:-->
            <notificationId>123</notificationId>
            <!--Optional:-->
            <status>CREATED</status>
         </v1:request>
      </v1:modifyMessageStatusRequest>
   </soapenv:Body>
</soapenv:Envelope>]]></con:request><con:assertion type="SOAP Fault Assertion" id="c579fc77-fe0e-42da-a01c-6a6c3a07aee9" name="Not SOAP Fault"/><con:assertion type="SOAP Response" id="20fd069f-1422-4814-aa8f-21506b2ee3f8" name="SOAP Response"/><con:assertion type="Schema Compliance" id="26d8c738-ef1c-4a42-a879-aea783a89530" name="Schema Compliance"><con:configuration/></con:assertion><con:wsaConfig action="http://fidus.brussels/service/civilstatusnotificationservice/modifyMessageStatus"/></con:request></con:config></con:testStep><con:testStep type="request" id="99eb9b07-7c1c-47ed-b924-e72037f681f5" name="testcase3- TEST - Worker 2  - Request"><con:settings/><con:config xsi:type="con:RequestStep" xmlns:xsi="http://www.w3.org/2001/XMLSchema-instance"><con:interface>CivilStatusNotificationService_v1.0Soap11Binding</con:interface><con:operation>modifyMessageStatus</con:operation><con:request name="testcase3- TEST - Worker 2  - Request" id="e15990ce-968c-4f22-954a-9406b30e78ea" outgoingWss="Outflow TEST"><con:settings/><con:encoding>UTF-8</con:encoding><con:endpoint>https://192.168.24.51:8443/services/CivilStatusNotificationService_v1.0</con:endpoint><con:request><![CDATA[<soapenv:Envelope xmlns:soapenv="http://schemas.xmlsoap.org/soap/envelope/" xmlns:v1="http://fidus.brussels/service/civilstatusnotificationservice/messages/v1" xmlns:v11="http://fidus.brussels/type/common/messages/v1">
   <soapenv:Header/>
   <soapenv:Body>
      <v1:modifyMessageStatusRequest>
            <v1:messageContext>
            <v11:messageId>${=import static java.util.UUID.randomUUID; uuid = randomUUID() as String}</v11:messageId>
            <v11:timestamp>${=new java.text.SimpleDateFormat("yyyy-MM-dd'T'HH:mm:ss.SSS").format(new Date())}</v11:timestamp>
         </v1:messageContext>
          <v1:legalContext>None</v1:legalContext>
          <v1:language>fr</v1:language>
         <v1:request>
            <!--Optional:-->
            <notificationId>123</notificationId>
            <!--Optional:-->
            <status>CREATED</status>
         </v1:request>
      </v1:modifyMessageStatusRequest>
   </soapenv:Body>
</soapenv:Envelope>]]></con:request><con:assertion type="SOAP Fault Assertion" id="cbb24dbc-debb-4e4a-b25d-ae392ba9f563" name="Not SOAP Fault"/><con:assertion type="SOAP Response" id="845d596a-8fef-47c8-a949-9ea0d8938edf" name="SOAP Response"/><con:assertion type="Schema Compliance" id="884ccf88-6e4a-4fa9-8ddd-8748ae1a1e58" name="Schema Compliance"><con:configuration/></con:assertion><con:wsaConfig action="http://fidus.brussels/service/civilstatusnotificationservice/modifyMessageStatus"/></con:request></con:config></con:testStep><con:properties/></con:testCase><con:properties/></con:testSuite><con:testSuite id="3f1b6194-382e-480e-b084-470a6fb028a5" name="STAG"><con:settings/><con:runType>SEQUENTIAL</con:runType><con:testCase id="30dbf8a8-172c-4f17-a2f1-ee780a3eacee" failOnError="true" failTestCaseOnErrors="true" keepSession="false" maxResults="0" name="createNotification" searchProperties="true"><con:settings/><con:testStep type="request" id="3138f465-8e4a-4769-a56a-7bbc8ad0555c" name="testcase4- STAGING - External  - Request"><con:settings/><con:config xsi:type="con:RequestStep" xmlns:xsi="http://www.w3.org/2001/XMLSchema-instance"><con:interface>CivilStatusNotificationService_v1.0Soap11Binding</con:interface><con:operation>createNotification</con:operation><con:request name="testcase4- STAGING - External  - Request" id="4882fd45-e956-4007-b6e2-1aa73133e69e" outgoingWss="Outflow STAG"><con:settings/><con:encoding>UTF-8</con:encoding><con:endpoint>https://fidus.irisnetlab.be/services/CivilStatusNotificationService_v1.0</con:endpoint><con:request><![CDATA[<soapenv:Envelope xmlns:soapenv="http://schemas.xmlsoap.org/soap/envelope/" xmlns:core="http://www.fgov.be/dabs/core" xmlns:v1="http://fidus.brussels/service/civilstatusnotificationservice/messages/v1" xmlns:v11="http://fidus.brussels/type/common/messages/v1">
   <soapenv:Header/>
   <soapenv:Body>
      <v1:createNotificationRequest>
         <v1:messageContext>
            <v11:messageId>${=import static java.util.UUID.randomUUID; uuid = randomUUID() as String}</v11:messageId>
            <v11:timestamp>${=new java.text.SimpleDateFormat("yyyy-MM-dd'T'HH:mm:ss.SSS").format(new Date())}</v11:timestamp>
         </v1:messageContext>
         <v1:legalContext>None</v1:legalContext>
         <v1:language>fr</v1:language>
         <v1:request>
            <notification>
               <!--Optional:-->
               <id>2662</id>
            <!--Optional:-->
            <creationDate>${=new java.text.SimpleDateFormat("yyyy-MM-dd'T'HH:mm:ss.SSS").format(new Date())}</creationDate>
            <destination>01050</destination>
            <!--Optional:-->
            <generatedby>23025</generatedby>
               <!--Optional:-->
               <message xsi:type="core:textMessage" xmlns:xsi="http://www.w3.org/2001/XMLSchema-instance">
               <!--Optional:
                  <id>1111111</id>-->
               <!--Optional:-->
               <status>CREATED</status>
               <!--Optional:-->
               <statusDate>${=new java.text.SimpleDateFormat("yyyy-MM-dd'T'HH:mm:ss.SSS").format(new Date())}</statusDate>
               <!--Optional:
                  <docReference>123</docReference>-->
               <messageTextType>TEXT_COMMUNICATION</messageTextType>
               <messageTextTitle>bla bla</messageTextTitle>
               <messageTextContent>M bla bla bla</messageTextContent>
               </message>
            </notification>
         </v1:request>
      </v1:createNotificationRequest>
   </soapenv:Body>
</soapenv:Envelope>]]></con:request><con:assertion type="SOAP Fault Assertion" id="8d223015-b4de-4e91-929b-6e3927325adf" name="Not SOAP Fault"/><con:assertion type="SOAP Response" id="cfb2f607-3273-4efd-86af-3b58ed2026c7" name="SOAP Response"/><con:assertion type="Schema Compliance" id="6f18dbed-f5e7-49d7-a8ad-ccf4edab9beb" name="Schema Compliance"><con:configuration/></con:assertion><con:wsaConfig action="http://fidus.brussels/service/civilstatusnotificationservice/createNotification"/></con:request></con:config></con:testStep><con:testStep type="request" id="4b1fec80-8d27-4cc6-a2a4-1be6a8d53922" name="testcase4- STAGING - LB - Request"><con:settings/><con:config xsi:type="con:RequestStep" xmlns:xsi="http://www.w3.org/2001/XMLSchema-instance"><con:interface>CivilStatusNotificationService_v1.0Soap11Binding</con:interface><con:operation>createNotification</con:operation><con:request name="testcase4- STAGING - LB - Request" id="9b197b48-51d4-4e97-997f-8ae299eaa901" outgoingWss="Outflow STAG"><con:settings/><con:encoding>UTF-8</con:encoding><con:endpoint>https://fidus-esb-sg.sta.srv.cirb.lan:8443/services/CivilStatusNotificationService_v1.0</con:endpoint><con:request><![CDATA[<soapenv:Envelope xmlns:soapenv="http://schemas.xmlsoap.org/soap/envelope/" xmlns:core="http://www.fgov.be/dabs/core" xmlns:v1="http://fidus.brussels/service/civilstatusnotificationservice/messages/v1" xmlns:v11="http://fidus.brussels/type/common/messages/v1">
   <soapenv:Header/>
   <soapenv:Body>
      <v1:createNotificationRequest>
         <v1:messageContext>
            <v11:messageId>${=import static java.util.UUID.randomUUID; uuid = randomUUID() as String}</v11:messageId>
            <v11:timestamp>${=new java.text.SimpleDateFormat("yyyy-MM-dd'T'HH:mm:ss.SSS").format(new Date())}</v11:timestamp>
         </v1:messageContext>
         <v1:legalContext>None</v1:legalContext>
         <v1:language>fr</v1:language>
         <v1:request>
            <notification>
               <!--Optional:-->
               <id>2662</id>
            <!--Optional:-->
            <creationDate>${=new java.text.SimpleDateFormat("yyyy-MM-dd'T'HH:mm:ss.SSS").format(new Date())}</creationDate>
            <destination>01050</destination>
            <!--Optional:-->
            <generatedby>23025</generatedby>
               <!--Optional:-->
               <message xsi:type="core:textMessage" xmlns:xsi="http://www.w3.org/2001/XMLSchema-instance">
               <!--Optional:
                  <id>1111111</id>-->
               <!--Optional:-->
               <status>CREATED</status>
               <!--Optional:-->
               <statusDate>${=new java.text.SimpleDateFormat("yyyy-MM-dd'T'HH:mm:ss.SSS").format(new Date())}</statusDate>
               <!--Optional:
                  <docReference>123</docReference>-->
               <messageTextType>TEXT_COMMUNICATION</messageTextType>
               <messageTextTitle>bla bla</messageTextTitle>
               <messageTextContent>M bla bla bla</messageTextContent>
               </message>
            </notification>
         </v1:request>
      </v1:createNotificationRequest>
   </soapenv:Body>
</soapenv:Envelope>]]></con:request><con:assertion type="SOAP Fault Assertion" id="dd133e8c-3106-406a-8e13-5eb12f248ee0" name="Not SOAP Fault"/><con:assertion type="SOAP Response" id="fe98f9cd-d091-4da8-9517-19d9df2ed611" name="SOAP Response"/><con:assertion type="Schema Compliance" id="74638c0a-37c1-4156-a27f-a24764ab234b" name="Schema Compliance"><con:configuration/></con:assertion><con:wsaConfig action="http://fidus.brussels/service/civilstatusnotificationservice/createNotification"/></con:request></con:config></con:testStep><con:testStep type="request" id="4b286ece-8813-440f-a2e7-9dce00978000" name="testcase4- STAGING - Worker 1 - Request"><con:settings/><con:config xsi:type="con:RequestStep" xmlns:xsi="http://www.w3.org/2001/XMLSchema-instance"><con:interface>CivilStatusNotificationService_v1.0Soap11Binding</con:interface><con:operation>createNotification</con:operation><con:request name="testcase4- STAGING - Worker 1 - Request" id="9f038a94-17da-435c-a032-ba2faaa17ce8" outgoingWss="Outflow STAG"><con:settings/><con:encoding>UTF-8</con:encoding><con:endpoint>https://192.168.24.57:8443/services/CivilStatusNotificationService_v1.0</con:endpoint><con:request><![CDATA[<soapenv:Envelope xmlns:soapenv="http://schemas.xmlsoap.org/soap/envelope/" xmlns:core="http://www.fgov.be/dabs/core" xmlns:v1="http://fidus.brussels/service/civilstatusnotificationservice/messages/v1" xmlns:v11="http://fidus.brussels/type/common/messages/v1">
   <soapenv:Header/>
   <soapenv:Body>
      <v1:createNotificationRequest>
         <v1:messageContext>
            <v11:messageId>${=import static java.util.UUID.randomUUID; uuid = randomUUID() as String}</v11:messageId>
            <v11:timestamp>${=new java.text.SimpleDateFormat("yyyy-MM-dd'T'HH:mm:ss.SSS").format(new Date())}</v11:timestamp>
         </v1:messageContext>
         <v1:legalContext>None</v1:legalContext>
         <v1:language>fr</v1:language>
         <v1:request>
            <notification>
               <!--Optional:-->
               <id>2662</id>
            <!--Optional:-->
            <creationDate>${=new java.text.SimpleDateFormat("yyyy-MM-dd'T'HH:mm:ss.SSS").format(new Date())}</creationDate>
            <destination>01050</destination>
            <!--Optional:-->
            <generatedby>23025</generatedby>
               <!--Optional:-->
               <message xsi:type="core:textMessage" xmlns:xsi="http://www.w3.org/2001/XMLSchema-instance">
               <!--Optional:
                  <id>1111111</id>-->
               <!--Optional:-->
               <status>CREATED</status>
               <!--Optional:-->
               <statusDate>${=new java.text.SimpleDateFormat("yyyy-MM-dd'T'HH:mm:ss.SSS").format(new Date())}</statusDate>
               <!--Optional:
                  <docReference>123</docReference>-->
               <messageTextType>TEXT_COMMUNICATION</messageTextType>
               <messageTextTitle>bla bla</messageTextTitle>
               <messageTextContent>M bla bla bla</messageTextContent>
               </message>
            </notification>
         </v1:request>
      </v1:createNotificationRequest>
   </soapenv:Body>
</soapenv:Envelope>]]></con:request><con:assertion type="SOAP Fault Assertion" id="e9d51950-2ae1-4ed4-b3f1-967e6d795248" name="Not SOAP Fault"/><con:assertion type="SOAP Response" id="47716108-a30a-49aa-8e85-2f7c81d58b0f" name="SOAP Response"/><con:assertion type="Schema Compliance" id="f482c670-9985-400e-89c5-5ef567266a1d" name="Schema Compliance"><con:configuration/></con:assertion><con:wsaConfig action="http://fidus.brussels/service/civilstatusnotificationservice/createNotification"/></con:request></con:config></con:testStep><con:testStep type="request" id="5dd505b5-19c7-4285-81b6-b366cea0af0b" name="testcase4- STAGING - Worker 2 - Request"><con:settings/><con:config xsi:type="con:RequestStep" xmlns:xsi="http://www.w3.org/2001/XMLSchema-instance"><con:interface>CivilStatusNotificationService_v1.0Soap11Binding</con:interface><con:operation>createNotification</con:operation><con:request name="testcase4- STAGING - Worker 2 - Request" id="1fee9244-7148-456e-92f4-5bb37d8c2520" outgoingWss="Outflow STAG"><con:settings/><con:encoding>UTF-8</con:encoding><con:endpoint>https://192.168.24.64:8443/services/CivilStatusNotificationService_v1.0</con:endpoint><con:request><![CDATA[<soapenv:Envelope xmlns:soapenv="http://schemas.xmlsoap.org/soap/envelope/" xmlns:core="http://www.fgov.be/dabs/core" xmlns:v1="http://fidus.brussels/service/civilstatusnotificationservice/messages/v1" xmlns:v11="http://fidus.brussels/type/common/messages/v1">
   <soapenv:Header/>
   <soapenv:Body>
      <v1:createNotificationRequest>
         <v1:messageContext>
            <v11:messageId>${=import static java.util.UUID.randomUUID; uuid = randomUUID() as String}</v11:messageId>
            <v11:timestamp>${=new java.text.SimpleDateFormat("yyyy-MM-dd'T'HH:mm:ss.SSS").format(new Date())}</v11:timestamp>
         </v1:messageContext>
         <v1:legalContext>None</v1:legalContext>
         <v1:language>fr</v1:language>
         <v1:request>
            <notification>
               <!--Optional:-->
               <id>2662</id>
            <!--Optional:-->
            <creationDate>${=new java.text.SimpleDateFormat("yyyy-MM-dd'T'HH:mm:ss.SSS").format(new Date())}</creationDate>
            <destination>01050</destination>
            <!--Optional:-->
            <generatedby>23025</generatedby>
               <!--Optional:-->
               <message xsi:type="core:textMessage" xmlns:xsi="http://www.w3.org/2001/XMLSchema-instance">
               <!--Optional:
                  <id>1111111</id>-->
               <!--Optional:-->
               <status>CREATED</status>
               <!--Optional:-->
               <statusDate>${=new java.text.SimpleDateFormat("yyyy-MM-dd'T'HH:mm:ss.SSS").format(new Date())}</statusDate>
               <!--Optional:
                  <docReference>123</docReference>-->
               <messageTextType>TEXT_COMMUNICATION</messageTextType>
               <messageTextTitle>bla bla</messageTextTitle>
               <messageTextContent>M bla bla bla</messageTextContent>
               </message>
            </notification>
         </v1:request>
      </v1:createNotificationRequest>
   </soapenv:Body>
</soapenv:Envelope>]]></con:request><con:assertion type="SOAP Fault Assertion" id="727cd817-b41d-46ef-8c56-db5ea21fa17d" name="Not SOAP Fault"/><con:assertion type="SOAP Response" id="4bee0a92-d114-4f55-9f7f-faccda13a400" name="SOAP Response"/><con:assertion type="Schema Compliance" id="1cde8b3d-6fa3-4a94-ba34-7b5d775eb1dc" name="Schema Compliance"><con:configuration/></con:assertion><con:wsaConfig action="http://fidus.brussels/service/civilstatusnotificationservice/createNotification"/></con:request></con:config></con:testStep><con:properties/></con:testCase><con:testCase id="44f66b09-12c0-49e9-b152-4b385c52f46d" failOnError="true" failTestCaseOnErrors="true" keepSession="false" maxResults="0" name="getMyMessagesStatus" searchProperties="true"><con:settings/><con:testStep type="request" id="1402fdbe-6327-42ed-8964-805152ef07ed" name="testcase4- STAGING - External  - Request"><con:settings/><con:config xsi:type="con:RequestStep" xmlns:xsi="http://www.w3.org/2001/XMLSchema-instance"><con:interface>CivilStatusNotificationService_v1.0Soap11Binding</con:interface><con:operation>getMyMessagesStatus</con:operation><con:request name="testcase4- STAGING - External  - Request" id="107e0199-f41c-4a0d-8e6b-065705204bd3" outgoingWss="Outflow STAG"><con:settings/><con:encoding>UTF-8</con:encoding><con:endpoint>https://fidus.irisnetlab.be/services/CivilStatusNotificationService_v1.0</con:endpoint><con:request><![CDATA[<soapenv:Envelope xmlns:soapenv="http://schemas.xmlsoap.org/soap/envelope/" xmlns:v1="http://fidus.brussels/service/civilstatusnotificationservice/messages/v1" xmlns:v11="http://fidus.brussels/type/common/messages/v1">
   <soapenv:Header/>
   <soapenv:Body>
      <v1:getMyMessagesStatusRequest>
         <v1:messageContext>
            <v11:messageId>${=import static java.util.UUID.randomUUID; uuid = randomUUID() as String}</v11:messageId>
            <v11:timestamp>${=new java.text.SimpleDateFormat("yyyy-MM-dd'T'HH:mm:ss.SSS").format(new Date())}</v11:timestamp>
         </v1:messageContext>
         <v1:legalContext>None</v1:legalContext>
         <v1:language>fr</v1:language>
         <v1:request>
            <!--Optional:-->
            <from>2016-06-18T17:20:14.449</from>
            <!--Optional:-->
            <to>2019-06-18T17:20:14.449</to>
            <!--Optional:-->
            <withClosed>true</withClosed>
            <!--Optional:-->
            <messageId>1273</messageId>
            <notificationId>2667</notificationId>
         </v1:request>
      </v1:getMyMessagesStatusRequest>
   </soapenv:Body>
</soapenv:Envelope>]]></con:request><con:assertion type="SOAP Fault Assertion" id="714bd2ed-ac2c-4482-b7a3-c1a4ddfbbbb8" name="Not SOAP Fault"/><con:assertion type="SOAP Response" id="8a279674-50d6-414c-b1e2-a17bcea0b269" name="SOAP Response"/><con:assertion type="Schema Compliance" id="99a4a9cd-1583-4911-afd8-b19dd2aea068" name="Schema Compliance"><con:configuration/></con:assertion><con:wsaConfig action="http://fidus.brussels/service/civilstatusnotificationservice/getMyMessagesStatus"/></con:request></con:config></con:testStep><con:testStep type="request" id="f0920e1f-c7a1-44af-8a57-4ac2efe1ecf0" name="testcase4- STAGING - LB  - Request"><con:settings/><con:config xsi:type="con:RequestStep" xmlns:xsi="http://www.w3.org/2001/XMLSchema-instance"><con:interface>CivilStatusNotificationService_v1.0Soap11Binding</con:interface><con:operation>getMyMessagesStatus</con:operation><con:request name="testcase4- STAGING - LB  - Request" id="29d8a47b-e837-4514-bc3a-38ad94735841" outgoingWss="Outflow STAG"><con:settings/><con:encoding>UTF-8</con:encoding><con:endpoint>https://fidus-esb-sg.sta.srv.cirb.lan:8443/services/CivilStatusNotificationService_v1.0</con:endpoint><con:request><![CDATA[<soapenv:Envelope xmlns:soapenv="http://schemas.xmlsoap.org/soap/envelope/" xmlns:v1="http://fidus.brussels/service/civilstatusnotificationservice/messages/v1" xmlns:v11="http://fidus.brussels/type/common/messages/v1">
   <soapenv:Header/>
   <soapenv:Body>
      <v1:getMyMessagesStatusRequest>
         <v1:messageContext>
            <v11:messageId>${=import static java.util.UUID.randomUUID; uuid = randomUUID() as String}</v11:messageId>
            <v11:timestamp>${=new java.text.SimpleDateFormat("yyyy-MM-dd'T'HH:mm:ss.SSS").format(new Date())}</v11:timestamp>
         </v1:messageContext>
         <v1:legalContext>None</v1:legalContext>
         <v1:language>fr</v1:language>
         <v1:request>
            <!--Optional:-->
            <from>2016-06-18T17:20:14.449</from>
            <!--Optional:-->
            <to>2019-06-18T17:20:14.449</to>
            <!--Optional:-->
            <withClosed>true</withClosed>
            <!--Optional:-->
            <messageId>1273</messageId>
            <notificationId>2667</notificationId>
         </v1:request>
      </v1:getMyMessagesStatusRequest>
   </soapenv:Body>
</soapenv:Envelope>]]></con:request><con:assertion type="SOAP Fault Assertion" id="7629b6a2-6676-4ca6-bcbc-63c188292c33" name="Not SOAP Fault"/><con:assertion type="SOAP Response" id="0d89e4fa-1904-474f-94f7-1234f642a86b" name="SOAP Response"/><con:assertion type="Schema Compliance" id="3f9e6748-9a15-4f04-9960-6c0d7b4ca32b" name="Schema Compliance"><con:configuration/></con:assertion><con:wsaConfig action="http://fidus.brussels/service/civilstatusnotificationservice/getMyMessagesStatus"/></con:request></con:config></con:testStep><con:testStep type="request" id="c7b4bd12-e214-4726-bbc2-3e892c28fffd" name="testcase4- STAGING - Worker 1  - Request"><con:settings/><con:config xsi:type="con:RequestStep" xmlns:xsi="http://www.w3.org/2001/XMLSchema-instance"><con:interface>CivilStatusNotificationService_v1.0Soap11Binding</con:interface><con:operation>getMyMessagesStatus</con:operation><con:request name="testcase4- STAGING - Worker 1  - Request" id="91464124-f1a0-45e7-ba4a-e0af5b24729e" outgoingWss="Outflow STAG"><con:settings/><con:encoding>UTF-8</con:encoding><con:endpoint>https://192.168.24.57:8443/services/CivilStatusNotificationService_v1.0</con:endpoint><con:request><![CDATA[<soapenv:Envelope xmlns:soapenv="http://schemas.xmlsoap.org/soap/envelope/" xmlns:v1="http://fidus.brussels/service/civilstatusnotificationservice/messages/v1" xmlns:v11="http://fidus.brussels/type/common/messages/v1">
   <soapenv:Header/>
   <soapenv:Body>
      <v1:getMyMessagesStatusRequest>
         <v1:messageContext>
            <v11:messageId>${=import static java.util.UUID.randomUUID; uuid = randomUUID() as String}</v11:messageId>
            <v11:timestamp>${=new java.text.SimpleDateFormat("yyyy-MM-dd'T'HH:mm:ss.SSS").format(new Date())}</v11:timestamp>
         </v1:messageContext>
         <v1:legalContext>None</v1:legalContext>
         <v1:language>fr</v1:language>
         <v1:request>
            <!--Optional:-->
            <from>2016-06-18T17:20:14.449</from>
            <!--Optional:-->
            <to>2019-06-18T17:20:14.449</to>
            <!--Optional:-->
            <withClosed>true</withClosed>
            <!--Optional:-->
            <messageId>1273</messageId>
            <notificationId>2667</notificationId>
         </v1:request>
      </v1:getMyMessagesStatusRequest>
   </soapenv:Body>
</soapenv:Envelope>]]></con:request><con:assertion type="SOAP Fault Assertion" id="d9eba5f4-f23f-42c6-8a98-d7cb94c074a5" name="Not SOAP Fault"/><con:assertion type="SOAP Response" id="0cfa4f22-c808-427c-9e6c-ef096f8c3590" name="SOAP Response"/><con:assertion type="Schema Compliance" id="8eadfd92-4ab2-497b-ab00-bc2fe3ac96b5" name="Schema Compliance"><con:configuration/></con:assertion><con:wsaConfig action="http://fidus.brussels/service/civilstatusnotificationservice/getMyMessagesStatus"/></con:request></con:config></con:testStep><con:testStep type="request" id="315de887-6488-4a5d-9e9e-c63842816109" name="testcase4- STAGING - Worker 2  - Request"><con:settings/><con:config xsi:type="con:RequestStep" xmlns:xsi="http://www.w3.org/2001/XMLSchema-instance"><con:interface>CivilStatusNotificationService_v1.0Soap11Binding</con:interface><con:operation>getMyMessagesStatus</con:operation><con:request name="testcase4- STAGING - Worker 2  - Request" id="f98950a6-e9bb-49e1-813d-3c5dc62e6777" outgoingWss="Outflow STAG"><con:settings/><con:encoding>UTF-8</con:encoding><con:endpoint>https://192.168.24.64:8443/services/CivilStatusNotificationService_v1.0</con:endpoint><con:request><![CDATA[<soapenv:Envelope xmlns:soapenv="http://schemas.xmlsoap.org/soap/envelope/" xmlns:v1="http://fidus.brussels/service/civilstatusnotificationservice/messages/v1" xmlns:v11="http://fidus.brussels/type/common/messages/v1">
   <soapenv:Header/>
   <soapenv:Body>
      <v1:getMyMessagesStatusRequest>
         <v1:messageContext>
            <v11:messageId>${=import static java.util.UUID.randomUUID; uuid = randomUUID() as String}</v11:messageId>
            <v11:timestamp>${=new java.text.SimpleDateFormat("yyyy-MM-dd'T'HH:mm:ss.SSS").format(new Date())}</v11:timestamp>
         </v1:messageContext>
         <v1:legalContext>None</v1:legalContext>
         <v1:language>fr</v1:language>
         <v1:request>
            <!--Optional:-->
            <from>2016-06-18T17:20:14.449</from>
            <!--Optional:-->
            <to>2019-06-18T17:20:14.449</to>
            <!--Optional:-->
            <withClosed>true</withClosed>
            <!--Optional:-->
            <messageId>1273</messageId>
            <notificationId>2667</notificationId>
         </v1:request>
      </v1:getMyMessagesStatusRequest>
   </soapenv:Body>
</soapenv:Envelope>]]></con:request><con:assertion type="SOAP Fault Assertion" id="143a1e0f-1df1-4d21-b9a0-56114dd0733c" name="Not SOAP Fault"/><con:assertion type="SOAP Response" id="b86d127d-aca0-40c9-85a8-344ad7ec4ccd" name="SOAP Response"/><con:assertion type="Schema Compliance" id="c3753bc7-03de-432b-b1b6-b948e88eccb6" name="Schema Compliance"><con:configuration/></con:assertion><con:wsaConfig action="http://fidus.brussels/service/civilstatusnotificationservice/getMyMessagesStatus"/></con:request></con:config></con:testStep><con:properties/></con:testCase><con:testCase id="2f35c060-eb15-4d40-a4fb-a4f66e46e22c" failOnError="true" failTestCaseOnErrors="true" keepSession="false" maxResults="0" name="getNotifications" searchProperties="true"><con:settings/><con:testStep type="request" id="d3b64023-920f-42f3-b8ea-72d22d7772c4" name="testcase4- STAGING - External  - Request"><con:settings/><con:config xsi:type="con:RequestStep" xmlns:xsi="http://www.w3.org/2001/XMLSchema-instance"><con:interface>CivilStatusNotificationService_v1.0Soap11Binding</con:interface><con:operation>getNotifications</con:operation><con:request name="testcase4- STAGING - External  - Request" id="25a8f1f9-93a8-4350-b9f3-75942f3e13f9" outgoingWss="Outflow STAG"><con:settings/><con:encoding>UTF-8</con:encoding><con:endpoint>https://fidus-esb-sg.sta.srv.cirb.lan:8443/services/CivilStatusNotificationService_v1.0</con:endpoint><con:request><![CDATA[<soapenv:Envelope xmlns:soapenv="http://schemas.xmlsoap.org/soap/envelope/" xmlns:v1="http://fidus.brussels/service/civilstatusnotificationservice/messages/v1" xmlns:v11="http://fidus.brussels/type/common/messages/v1">
   <soapenv:Header/>
   <soapenv:Body>
      <v1:getNotificationsRequest>
         <v1:messageContext>
            <v11:messageId>${=import static java.util.UUID.randomUUID; uuid = randomUUID() as String}</v11:messageId>
            <!--Optional:-->
            <v11:timestamp>${=new java.text.SimpleDateFormat("yyyy-MM-dd'T'HH:mm:ss.SSS").format(new Date())}</v11:timestamp>
         </v1:messageContext>
         <v1:legalContext>None</v1:legalContext>
         <v1:language>fr</v1:language>
         <v1:request>
             <!--Optional:-->
            <from>2016-06-18T17:20:14.449</from>
            <!--Optional:-->
            <to>2019-06-18T17:20:14.449</to>
            <!--Optional:-->
            <messageId>1273</messageId>
            <!--Optional:-->
            <notificationId>2667</notificationId>
            <!--Optional:-->
            <niscode>10500</niscode>
         </v1:request>
      </v1:getNotificationsRequest>
   </soapenv:Body>
</soapenv:Envelope>]]></con:request><con:assertion type="SOAP Fault Assertion" id="b3682c3e-a13d-468a-8ac8-d154de47f473" name="Not SOAP Fault"/><con:assertion type="SOAP Response" id="5a1e2d88-1e38-409d-b061-d6d2e1c215c9" name="SOAP Response"/><con:assertion type="Schema Compliance" id="e078829e-5b1e-425e-a6bd-f6913ee644de" name="Schema Compliance"><con:configuration/></con:assertion><con:wsaConfig action="http://fidus.brussels/service/civilstatusnotificationservice/getNotifications"/></con:request></con:config></con:testStep><con:testStep type="request" id="be4d22cc-5459-43f0-a893-5742f510eb2d" name="testcase4- STAGING - LB  - Request"><con:settings/><con:config xsi:type="con:RequestStep" xmlns:xsi="http://www.w3.org/2001/XMLSchema-instance"><con:interface>CivilStatusNotificationService_v1.0Soap11Binding</con:interface><con:operation>getNotifications</con:operation><con:request name="testcase4- STAGING - LB  - Request" id="eaa5113b-1014-4e52-9a5a-af0ec85d6c9a" outgoingWss="Outflow STAG"><con:settings/><con:encoding>UTF-8</con:encoding><con:endpoint>https://fidus-esb-sg.sta.srv.cirb.lan:8443/services/CivilStatusNotificationService_v1.0</con:endpoint><con:request><![CDATA[<soapenv:Envelope xmlns:soapenv="http://schemas.xmlsoap.org/soap/envelope/" xmlns:v1="http://fidus.brussels/service/civilstatusnotificationservice/messages/v1" xmlns:v11="http://fidus.brussels/type/common/messages/v1">
   <soapenv:Header/>
   <soapenv:Body>
      <v1:getNotificationsRequest>
         <v1:messageContext>
            <v11:messageId>${=import static java.util.UUID.randomUUID; uuid = randomUUID() as String}</v11:messageId>
            <!--Optional:-->
            <v11:timestamp>${=new java.text.SimpleDateFormat("yyyy-MM-dd'T'HH:mm:ss.SSS").format(new Date())}</v11:timestamp>
         </v1:messageContext>
         <v1:legalContext>None</v1:legalContext>
         <v1:language>fr</v1:language>
         <v1:request>
             <!--Optional:-->
            <from>2016-06-18T17:20:14.449</from>
            <!--Optional:-->
            <to>2019-06-18T17:20:14.449</to>
            <!--Optional:-->
            <messageId>1273</messageId>
            <!--Optional:-->
            <notificationId>2667</notificationId>
            <!--Optional:-->
            <niscode>10500</niscode>
         </v1:request>
      </v1:getNotificationsRequest>
   </soapenv:Body>
</soapenv:Envelope>]]></con:request><con:assertion type="SOAP Fault Assertion" id="ea8b213f-bc37-49b1-a8f4-27148ccf89bf" name="Not SOAP Fault"/><con:assertion type="SOAP Response" id="3b6b051a-ad01-40ca-bb7e-18c80cb7f3db" name="SOAP Response"/><con:assertion type="Schema Compliance" id="5e0a5053-2597-4d49-8d86-482d0c24ff41" name="Schema Compliance"><con:configuration/></con:assertion><con:wsaConfig action="http://fidus.brussels/service/civilstatusnotificationservice/getNotifications"/></con:request></con:config></con:testStep><con:testStep type="request" id="3ea26d0e-ed3b-45b9-a698-71bfec9bd032" name="testcase4- STAGING - Worker 1  - Request"><con:settings/><con:config xsi:type="con:RequestStep" xmlns:xsi="http://www.w3.org/2001/XMLSchema-instance"><con:interface>CivilStatusNotificationService_v1.0Soap11Binding</con:interface><con:operation>getNotifications</con:operation><con:request name="testcase4- STAGING - Worker 1  - Request" id="950d4eaf-4014-4a05-a861-c0a4cdd7a961" outgoingWss="Outflow STAG"><con:settings/><con:encoding>UTF-8</con:encoding><con:endpoint>https://192.168.24.57:8443/services/CivilStatusNotificationService_v1.0</con:endpoint><con:request><![CDATA[<soapenv:Envelope xmlns:soapenv="http://schemas.xmlsoap.org/soap/envelope/" xmlns:v1="http://fidus.brussels/service/civilstatusnotificationservice/messages/v1" xmlns:v11="http://fidus.brussels/type/common/messages/v1">
   <soapenv:Header/>
   <soapenv:Body>
      <v1:getNotificationsRequest>
         <v1:messageContext>
            <v11:messageId>${=import static java.util.UUID.randomUUID; uuid = randomUUID() as String}</v11:messageId>
            <!--Optional:-->
            <v11:timestamp>${=new java.text.SimpleDateFormat("yyyy-MM-dd'T'HH:mm:ss.SSS").format(new Date())}</v11:timestamp>
         </v1:messageContext>
         <v1:legalContext>None</v1:legalContext>
         <v1:language>fr</v1:language>
         <v1:request>
             <!--Optional:-->
            <from>2016-06-18T17:20:14.449</from>
            <!--Optional:-->
            <to>2019-06-18T17:20:14.449</to>
            <!--Optional:-->
            <messageId>1273</messageId>
            <!--Optional:-->
            <notificationId>2667</notificationId>
            <!--Optional:-->
            <niscode>10500</niscode>
         </v1:request>
      </v1:getNotificationsRequest>
   </soapenv:Body>
</soapenv:Envelope>]]></con:request><con:assertion type="SOAP Fault Assertion" id="4fc47271-4e86-4776-93c7-7de871425c1f" name="Not SOAP Fault"/><con:assertion type="SOAP Response" id="fa81fa5a-e8f2-4d7e-a24b-05973512911e" name="SOAP Response"/><con:assertion type="Schema Compliance" id="ef218bb8-de00-444a-8f23-aa0b5b3570b8" name="Schema Compliance"><con:configuration/></con:assertion><con:wsaConfig action="http://fidus.brussels/service/civilstatusnotificationservice/getNotifications"/></con:request></con:config></con:testStep><con:testStep type="request" id="26cd304c-4c6e-4a8f-97cd-a6039ad06257" name="testcase4- STAGING - Worker 2  - Request"><con:settings/><con:config xsi:type="con:RequestStep" xmlns:xsi="http://www.w3.org/2001/XMLSchema-instance"><con:interface>CivilStatusNotificationService_v1.0Soap11Binding</con:interface><con:operation>getNotifications</con:operation><con:request name="testcase4- STAGING - Worker 2  - Request" id="726cf97e-f83a-4563-ad1a-98ae2a93dfb9" outgoingWss="Outflow STAG"><con:settings/><con:encoding>UTF-8</con:encoding><con:endpoint>https://192.168.24.64:8443/services/CivilStatusNotificationService_v1.0</con:endpoint><con:request><![CDATA[<soapenv:Envelope xmlns:soapenv="http://schemas.xmlsoap.org/soap/envelope/" xmlns:v1="http://fidus.brussels/service/civilstatusnotificationservice/messages/v1" xmlns:v11="http://fidus.brussels/type/common/messages/v1">
   <soapenv:Header/>
   <soapenv:Body>
      <v1:getNotificationsRequest>
         <v1:messageContext>
            <v11:messageId>${=import static java.util.UUID.randomUUID; uuid = randomUUID() as String}</v11:messageId>
            <!--Optional:-->
            <v11:timestamp>${=new java.text.SimpleDateFormat("yyyy-MM-dd'T'HH:mm:ss.SSS").format(new Date())}</v11:timestamp>
         </v1:messageContext>
         <v1:legalContext>None</v1:legalContext>
         <v1:language>fr</v1:language>
         <v1:request>
             <!--Optional:-->
            <from>2016-06-18T17:20:14.449</from>
            <!--Optional:-->
            <to>2019-06-18T17:20:14.449</to>
            <!--Optional:-->
            <messageId>1273</messageId>
            <!--Optional:-->
            <notificationId>2667</notificationId>
            <!--Optional:-->
            <niscode>10500</niscode>
         </v1:request>
      </v1:getNotificationsRequest>
   </soapenv:Body>
</soapenv:Envelope>]]></con:request><con:assertion type="SOAP Fault Assertion" id="ccb74394-c87e-49e5-80d9-ca206c96c3fd" name="Not SOAP Fault"/><con:assertion type="SOAP Response" id="37f7279f-4010-4ca9-b739-4898090d4cda" name="SOAP Response"/><con:assertion type="Schema Compliance" id="b2956ad8-cd64-47c7-ad7d-20d2bb3f4bfe" name="Schema Compliance"><con:configuration/></con:assertion><con:wsaConfig action="http://fidus.brussels/service/civilstatusnotificationservice/getNotifications"/></con:request></con:config></con:testStep><con:properties/></con:testCase><con:testCase id="e429643e-2be9-4840-9444-c325411282a8" failOnError="true" failTestCaseOnErrors="true" keepSession="false" maxResults="0" name="modifyMessageStatus" searchProperties="true"><con:settings/><con:testStep type="request" id="befbf8ca-b232-4303-9533-c6ae9f24c668" name="testcase4- STAGING - External  - Request"><con:settings/><con:config xsi:type="con:RequestStep" xmlns:xsi="http://www.w3.org/2001/XMLSchema-instance"><con:interface>CivilStatusNotificationService_v1.0Soap11Binding</con:interface><con:operation>modifyMessageStatus</con:operation><con:request name="testcase4- STAGING - External  - Request" id="a1dc9d43-189e-4517-98c7-2842b0b28d39" outgoingWss="Outflow STAG"><con:settings/><con:encoding>UTF-8</con:encoding><con:endpoint>https://fidus.irisnetlab.be/services/CivilStatusNotificationService_v1.0</con:endpoint><con:request><![CDATA[<soapenv:Envelope xmlns:soapenv="http://schemas.xmlsoap.org/soap/envelope/" xmlns:v1="http://fidus.brussels/service/civilstatusnotificationservice/messages/v1" xmlns:v11="http://fidus.brussels/type/common/messages/v1">
   <soapenv:Header/>
   <soapenv:Body>
      <v1:modifyMessageStatusRequest>
            <v1:messageContext>
            <v11:messageId>${=import static java.util.UUID.randomUUID; uuid = randomUUID() as String}</v11:messageId>
            <v11:timestamp>${=new java.text.SimpleDateFormat("yyyy-MM-dd'T'HH:mm:ss.SSS").format(new Date())}</v11:timestamp>
         </v1:messageContext>
          <v1:legalContext>None</v1:legalContext>
          <v1:language>fr</v1:language>
         <v1:request>
            <!--Optional:-->
            <notificationId>123</notificationId>
            <!--Optional:-->
            <status>CREATED</status>
         </v1:request>
      </v1:modifyMessageStatusRequest>
   </soapenv:Body>
</soapenv:Envelope>]]></con:request><con:assertion type="SOAP Fault Assertion" id="4e442ee5-6bcd-4729-9805-ba5e8dd6a73e" name="Not SOAP Fault"/><con:assertion type="SOAP Response" id="4dac1d7d-9727-4b32-a2b5-aa25fe433f36" name="SOAP Response"/><con:assertion type="Schema Compliance" id="25cea317-d6a2-4764-9e15-3f0d5441be3a" name="Schema Compliance"><con:configuration/></con:assertion><con:wsaConfig action="http://fidus.brussels/service/civilstatusnotificationservice/modifyMessageStatus"/></con:request></con:config></con:testStep><con:testStep type="request" id="b24d8207-d2e6-4f61-b529-45ea071757ae" name="testcase4- STAGING - LB  - Request"><con:settings/><con:config xsi:type="con:RequestStep" xmlns:xsi="http://www.w3.org/2001/XMLSchema-instance"><con:interface>CivilStatusNotificationService_v1.0Soap11Binding</con:interface><con:operation>modifyMessageStatus</con:operation><con:request name="testcase4- STAGING - LB  - Request" id="8da5a830-b2fe-455e-8baf-3be408a833a5" outgoingWss="Outflow STAG"><con:settings/><con:encoding>UTF-8</con:encoding><con:endpoint>https://fidus-esb-sg.sta.srv.cirb.lan:8443/services/CivilStatusNotificationService_v1.0</con:endpoint><con:request><![CDATA[<soapenv:Envelope xmlns:soapenv="http://schemas.xmlsoap.org/soap/envelope/" xmlns:v1="http://fidus.brussels/service/civilstatusnotificationservice/messages/v1" xmlns:v11="http://fidus.brussels/type/common/messages/v1">
   <soapenv:Header/>
   <soapenv:Body>
      <v1:modifyMessageStatusRequest>
            <v1:messageContext>
            <v11:messageId>${=import static java.util.UUID.randomUUID; uuid = randomUUID() as String}</v11:messageId>
            <v11:timestamp>${=new java.text.SimpleDateFormat("yyyy-MM-dd'T'HH:mm:ss.SSS").format(new Date())}</v11:timestamp>
         </v1:messageContext>
          <v1:legalContext>None</v1:legalContext>
          <v1:language>fr</v1:language>
         <v1:request>
            <!--Optional:-->
            <notificationId>123</notificationId>
            <!--Optional:-->
            <status>CREATED</status>
         </v1:request>
      </v1:modifyMessageStatusRequest>
   </soapenv:Body>
</soapenv:Envelope>]]></con:request><con:assertion type="SOAP Fault Assertion" id="e8618806-9579-4481-982c-0432b35903ee" name="Not SOAP Fault"/><con:assertion type="SOAP Response" id="ee6d880f-6b45-4548-b4a3-b0c3b58fccd0" name="SOAP Response"/><con:assertion type="Schema Compliance" id="3e8f289e-80d7-481f-9fb9-7b963c69fbe4" name="Schema Compliance"><con:configuration/></con:assertion><con:wsaConfig action="http://fidus.brussels/service/civilstatusnotificationservice/modifyMessageStatus"/></con:request></con:config></con:testStep><con:testStep type="request" id="ce81d19a-5d54-41c0-953a-3ab99e6c19b2" name="testcase4- STAGING - Worker 1  - Request"><con:settings/><con:config xsi:type="con:RequestStep" xmlns:xsi="http://www.w3.org/2001/XMLSchema-instance"><con:interface>CivilStatusNotificationService_v1.0Soap11Binding</con:interface><con:operation>modifyMessageStatus</con:operation><con:request name="testcase4- STAGING - Worker 1  - Request" id="abb333e7-545c-45c9-8aa4-eab05d19832c" outgoingWss="Outflow STAG"><con:settings/><con:encoding>UTF-8</con:encoding><con:endpoint>https://192.168.24.51:8443/services/CivilStatusNotificationService_v1.0</con:endpoint><con:request><![CDATA[<soapenv:Envelope xmlns:soapenv="http://schemas.xmlsoap.org/soap/envelope/" xmlns:v1="http://fidus.brussels/service/civilstatusnotificationservice/messages/v1" xmlns:v11="http://fidus.brussels/type/common/messages/v1">
   <soapenv:Header/>
   <soapenv:Body>
      <v1:modifyMessageStatusRequest>
            <v1:messageContext>
            <v11:messageId>${=import static java.util.UUID.randomUUID; uuid = randomUUID() as String}</v11:messageId>
            <v11:timestamp>${=new java.text.SimpleDateFormat("yyyy-MM-dd'T'HH:mm:ss.SSS").format(new Date())}</v11:timestamp>
         </v1:messageContext>
          <v1:legalContext>None</v1:legalContext>
          <v1:language>fr</v1:language>
         <v1:request>
            <!--Optional:-->
            <notificationId>123</notificationId>
            <!--Optional:-->
            <status>CREATED</status>
         </v1:request>
      </v1:modifyMessageStatusRequest>
   </soapenv:Body>
</soapenv:Envelope>]]></con:request><con:assertion type="SOAP Fault Assertion" id="1fac879f-fc0f-4d04-9b14-eebe0bb8bacd" name="Not SOAP Fault"/><con:assertion type="SOAP Response" id="eefc61ae-f5e9-4255-ac99-eacb5d71c472" name="SOAP Response"/><con:assertion type="Schema Compliance" id="c0e746ed-2150-4ad0-8e88-a4aee4627b66" name="Schema Compliance"><con:configuration/></con:assertion><con:wsaConfig action="http://fidus.brussels/service/civilstatusnotificationservice/modifyMessageStatus"/></con:request></con:config></con:testStep><con:testStep type="request" id="e9fd49e9-0a3c-4f01-8340-8c2886409ecf" name="testcase4- STAGING - Worker 2  - Request"><con:settings/><con:config xsi:type="con:RequestStep" xmlns:xsi="http://www.w3.org/2001/XMLSchema-instance"><con:interface>CivilStatusNotificationService_v1.0Soap11Binding</con:interface><con:operation>modifyMessageStatus</con:operation><con:request name="testcase4- STAGING - Worker 2  - Request" id="8fa25989-6df1-4c4a-8c5a-956b1df98454" outgoingWss="Outflow STAG"><con:settings/><con:encoding>UTF-8</con:encoding><con:endpoint>https://192.168.24.64:8443/services/CivilStatusNotificationService_v1.0</con:endpoint><con:request><![CDATA[<soapenv:Envelope xmlns:soapenv="http://schemas.xmlsoap.org/soap/envelope/" xmlns:v1="http://fidus.brussels/service/civilstatusnotificationservice/messages/v1" xmlns:v11="http://fidus.brussels/type/common/messages/v1">
   <soapenv:Header/>
   <soapenv:Body>
      <v1:modifyMessageStatusRequest>
            <v1:messageContext>
            <v11:messageId>${=import static java.util.UUID.randomUUID; uuid = randomUUID() as String}</v11:messageId>
            <v11:timestamp>${=new java.text.SimpleDateFormat("yyyy-MM-dd'T'HH:mm:ss.SSS").format(new Date())}</v11:timestamp>
         </v1:messageContext>
          <v1:legalContext>None</v1:legalContext>
          <v1:language>fr</v1:language>
         <v1:request>
            <!--Optional:-->
            <notificationId>123</notificationId>
            <!--Optional:-->
            <status>CREATED</status>
         </v1:request>
      </v1:modifyMessageStatusRequest>
   </soapenv:Body>
</soapenv:Envelope>]]></con:request><con:assertion type="SOAP Fault Assertion" id="85688f51-f4c0-4c8b-a9b7-fb04eb9075cf" name="Not SOAP Fault"/><con:assertion type="SOAP Response" id="145a92f2-415b-4b87-963b-3c5bdeef3b1e" name="SOAP Response"/><con:assertion type="Schema Compliance" id="8241babc-755b-419d-bd7a-ab46324158d3" name="Schema Compliance"><con:configuration/></con:assertion><con:wsaConfig action="http://fidus.brussels/service/civilstatusnotificationservice/modifyMessageStatus"/></con:request></con:config></con:testStep><con:properties/></con:testCase><con:properties/></con:testSuite><con:properties/><con:wssContainer><con:crypto><con:source>data/wso2/keystores/user-rajarshi.jks</con:source><con:password>test@fidus01</con:password><con:type>KEYSTORE</con:type></con:crypto><con:outgoing><con:name>Outflow DEV</con:name></con:outgoing><con:outgoing><con:name>Outflow TEST</con:name><con:entry type="Signature" username="testuser-test.fidus.brussels" password="test@fidus01"><con:configuration><crypto>user-rajarshi.jks</crypto><keyIdentifierType>3</keyIdentifierType><signatureAlgorithm/><signatureCanonicalization/><useSingleCert>true</useSingleCert><digestAlgorithm/><customTokenValueType/><customTokenId/></con:configuration></con:entry><con:entry type="Timestamp"><con:configuration><timeToLive>300000</timeToLive><strictTimestamp>true</strictTimestamp></con:configuration></con:entry></con:outgoing><con:outgoing><con:name>Outflow STAG</con:name></con:outgoing></con:wssContainer><con:oAuth2ProfileContainer/><con:oAuth1ProfileContainer/><con:sensitiveInformation/></con:soapui-project>