<?xml version="1.0" encoding="UTF-8"?>
<con:soapui-project activeEnvironment="Default" name="Client-ReferenceDirectoryService-1.0-soapui-project" resourceRoot="" soapui-version="5.1.3" abortOnError="false" runType="SEQUENTIAL" id="98984661-bd39-4456-8f56-8ac089d90739" xmlns:con="http://eviware.com/soapui/config">
  <con:settings/>
  <con:interface xsi:type="con:WsdlInterface" wsaVersion="NONE" name="ReferenceDirServiceHTTPBinding" type="wsdl" bindingName="{http://fidus.brussels/service/referencedir/v1}ReferenceDirServiceHTTPBinding" soapVersion="1_1" anonymous="optional" definition="/home/isr/git/parent/referencedirservice_1.0/ReferenceDirServiceGateway/src/main/resources/wsdl/referenceDir/1.0.0/ReferenceDirectoryService_v1.wsdl" id="e6e17364-8174-4d27-9813-68d451c1bab3" xmlns:xsi="http://www.w3.org/2001/XMLSchema-instance">
    <con:settings/>
    
    <con:definitionCache type="TEXT" rootPart="file:/home/isr/git/parent/referencedirservice_1.0/ReferenceDirServiceGateway/src/main/resources/wsdl/referenceDir/1.0.0/ReferenceDirectoryService_v1.wsdl"><con:part><con:url>file:/home/isr/git/parent/referencedirservice_1.0/ReferenceDirServiceGateway/src/main/resources/wsdl/referenceDir/1.0.0/ReferenceDirectoryService_v1.wsdl</con:url><con:content><![CDATA[<wsdl:definitions targetNamespace="http://fidus.brussels/service/referencedir/v1" xmlns:wsdl="http://schemas.xmlsoap.org/wsdl/" xmlns:soap="http://schemas.xmlsoap.org/wsdl/soap/" xmlns:http="http://schemas.xmlsoap.org/wsdl/http/" xmlns:xs="http://www.w3.org/2001/XMLSchema" xmlns:soapenc="http://schemas.xmlsoap.org/soap/encoding/" xmlns:mime="http://schemas.xmlsoap.org/wsdl/mime/" xmlns:xsi="http://www.w3.org/2001/XMLSchema-instance" xmlns:mes="http://fidus.brussels/service/referencedir/messages/v1" xmlns:tns="http://fidus.brussels/service/referencedir/v1">
  <wsdl:types>
    <xs:schema targetNamespace="http://fidus.brussels/service/referencedir/v1" elementFormDefault="qualified">
      <xs:import namespace="http://fidus.brussels/service/referencedir/messages/v1" schemaLocation="messages/referenceDirMessages_v1.xsd"/>
      <xs:import schemaLocation="messages/faultTypes_v1.xsd"/>
    </xs:schema>
  </wsdl:types>
  <wsdl:message name="SubscribeRequestMessage">
    <wsdl:part name="SubscribeRequest" element="mes:subscribeReferenceRequest"/>
  </wsdl:message>
  <wsdl:message name="SubscribeResponseMessage">
    <wsdl:part name="SubscribeResponse" element="mes:subscribeReferenceResponse"/>
  </wsdl:message>
  <wsdl:message name="UnsubscribeRequestMessage">
    <wsdl:part name="UnsubscribeRequest" element="mes:unsubscribeReferenceRequest"/>
  </wsdl:message>
  <wsdl:message name="UnsubscribeResponseMessage">
    <wsdl:part name="UnsubscribeResponse" element="mes:unsubscribeReferenceResponse"/>
  </wsdl:message>
  <wsdl:message name="FaultMessageMessageId">
    <wsdl:part name="messageId" element="messageId"/>
  </wsdl:message>
  <wsdl:message name="FaultMessageTransactionId">
    <wsdl:part name="transactionId" element="transactionId"/>
  </wsdl:message>
  <wsdl:message name="FaultMessageTimestamp">
    <wsdl:part name="timestamp" element="timestamp"/>
  </wsdl:message>
  <wsdl:message name="FaultMessageError">
    <wsdl:part name="error" element="error"/>
  </wsdl:message>
  <wsdl:message name="GetServicesRequestMessage">
    <wsdl:part name="GetServicesRequest" element="mes:getServicesReferenceRequest"/>
  </wsdl:message>
  <wsdl:message name="GetServicesResponseMessage">
    <wsdl:part name="GetServicesResponse" element="mes:getServicesReferenceResponse"/>
  </wsdl:message>
  <wsdl:portType name="ReferenceDirServicePortType">
    <wsdl:operation name="subscribeReference">
      <wsdl:input message="tns:SubscribeRequestMessage"/>
      <wsdl:output message="tns:SubscribeResponseMessage"/>
      <wsdl:fault name="FaultMessageMessageId" message="tns:FaultMessageMessageId"/>
      <wsdl:fault name="FaultMessageTransactionId" message="tns:FaultMessageTransactionId"/>
      <wsdl:fault name="FaultMessageTimestamp" message="tns:FaultMessageTimestamp"/>
      <wsdl:fault name="FaultMessageError" message="tns:FaultMessageError"/>
    </wsdl:operation>
    <wsdl:operation name="unsubscribeReference">
      <wsdl:input message="tns:UnsubscribeRequestMessage"/>
      <wsdl:output message="tns:UnsubscribeResponseMessage"/>
      <wsdl:fault name="FaultMessageMessageId" message="tns:FaultMessageMessageId"/>
      <wsdl:fault name="FaultMessageTransactionId" message="tns:FaultMessageTransactionId"/>
      <wsdl:fault name="FaultMessageTimestamp" message="tns:FaultMessageTimestamp"/>
      <wsdl:fault name="FaultMessageError" message="tns:FaultMessageError"/>
    </wsdl:operation>
    <wsdl:operation name="getServicesReference">
      <wsdl:input message="tns:GetServicesRequestMessage"/>
      <wsdl:output message="tns:GetServicesResponseMessage"/>
    </wsdl:operation>
  </wsdl:portType>
  <wsdl:binding name="ReferenceDirServiceHTTPBinding" type="tns:ReferenceDirServicePortType">
    <soap:binding style="document" transport="http://schemas.xmlsoap.org/soap/http"/>
    <wsdl:operation name="subscribeReference">
      <soap:operation soapAction="http://fidus.brussels/services/referencedir/subscribeReference"/>
      <wsdl:input>
        <soap:body use="literal"/>
      </wsdl:input>
      <wsdl:output>
        <soap:body use="literal"/>
      </wsdl:output>
      <wsdl:fault name="FaultMessageMessageId">
        <soap:fault name="FaultMessageMessageId" use="literal"/>
      </wsdl:fault>
      <wsdl:fault name="FaultMessageTransactionId">
        <soap:fault name="FaultMessageTransactionId" use="literal"/>
      </wsdl:fault>
      <wsdl:fault name="FaultMessageTimestamp">
        <soap:fault name="FaultMessageTimestamp" use="literal"/>
      </wsdl:fault>
      <wsdl:fault name="FaultMessageError">
        <soap:fault name="FaultMessageError" use="literal"/>
      </wsdl:fault>
    </wsdl:operation>
    <wsdl:operation name="unsubscribeReference">
      <soap:operation soapAction="http://fidus.brussels/services/referencedir/unsubscribeReference"/>
      <wsdl:input>
        <soap:body use="literal"/>
      </wsdl:input>
      <wsdl:output>
        <soap:body use="literal"/>
      </wsdl:output>
      <wsdl:fault name="FaultMessageMessageId">
        <soap:fault name="FaultMessageMessageId" use="literal"/>
      </wsdl:fault>
      <wsdl:fault name="FaultMessageTransactionId">
        <soap:fault name="FaultMessageTransactionId" use="literal"/>
      </wsdl:fault>
      <wsdl:fault name="FaultMessageTimestamp">
        <soap:fault name="FaultMessageTimestamp" use="literal"/>
      </wsdl:fault>
      <wsdl:fault name="FaultMessageError">
        <soap:fault name="FaultMessageError" use="literal"/>
      </wsdl:fault>
    </wsdl:operation>
    <wsdl:operation name="getServicesReference">
      <soap:operation soapAction="http://fidus.brussels/services/referencedir/getServicesReference"/>
      <wsdl:input>
        <soap:body use="literal"/>
      </wsdl:input>
      <wsdl:output>
        <soap:body use="literal"/>
      </wsdl:output>
    </wsdl:operation>
  </wsdl:binding>
  <wsdl:service name="ReferenceDirService_v1">
    <wsdl:port name="ReferenceDirService_v1" binding="tns:ReferenceDirServiceHTTPBinding">
      <soap:address location="http://fidus.brussels/services/referencedir/v1"/>
    </wsdl:port>
  </wsdl:service>
</wsdl:definitions>]]></con:content><con:type>http://schemas.xmlsoap.org/wsdl/</con:type></con:part><con:part><con:url>file:/home/isr/git/parent/referencedirservice_1.0/ReferenceDirServiceGateway/src/main/resources/wsdl/referenceDir/1.0.0/messages/referenceDirMessages_v1.xsd</con:url><con:content><![CDATA[<!--==========================================================================
* File Name          : ReferenceDirMessages.xsd
* Author             : Alexandre Carbenay
* Owner              : CIRB-CIBG
* Domain             : ISR
* Creation date      : 07/04/2015
* Last revision date : 27/05/2015
* Description        : WS ReferenceDir - Messages
* Status             : Draft
* Current Version    : v1
* Revision History	 : -
==========================================================================-->
<xs:schema targetNamespace="http://fidus.brussels/service/referencedir/messages/v1" elementFormDefault="qualified" attributeFormDefault="unqualified" version="1.0" xmlns:xs="http://www.w3.org/2001/XMLSchema" xmlns:sub="http://fidus.brussels/type/referencedir/requests/subscribe/v1" xmlns:uns="http://fidus.brussels/type/referencedir/requests/unsubscribe/v1" xmlns:ser="http://fidus.brussels/type/referencedir/requests/getservices/v1" xmlns:tns="http://fidus.brussels/service/referencedir/messages/v1">
  <xs:import namespace="http://fidus.brussels/type/referencedir/requests/subscribe/v1" schemaLocation="referenceDirSubscribeTypes_v1.xsd"/>
  <xs:import namespace="http://fidus.brussels/type/referencedir/requests/unsubscribe/v1" schemaLocation="referenceDirUnsubscribeTypes_v1.xsd"/>
  <xs:import namespace="http://fidus.brussels/type/referencedir/requests/getservices/v1" schemaLocation="referenceDirGetServicesTypes_v1.xsd"/>
  <xs:element name="subscribeReferenceRequest" type="sub:SubscribeReferenceRequestType"/>
  <xs:element name="subscribeReferenceResponse" type="sub:SubscribeReferenceResponseType"/>
  <xs:element name="unsubscribeReferenceRequest" type="uns:UnsubscribeReferenceRequestType"/>
  <xs:element name="unsubscribeReferenceResponse" type="uns:UnsubscribeReferenceResponseType"/>
  <xs:element name="getServicesReferenceRequest" type="ser:GetServicesReferenceRequestType"/>
  <xs:element name="getServicesReferenceResponse" type="ser:GetServicesReferenceResponseType"/>
</xs:schema>]]></con:content><con:type>http://www.w3.org/2001/XMLSchema</con:type></con:part><con:part><con:url>file:/home/isr/git/parent/referencedirservice_1.0/ReferenceDirServiceGateway/src/main/resources/wsdl/referenceDir/1.0.0/messages/referenceDirSubscribeTypes_v1.xsd</con:url><con:content><![CDATA[<!--==========================================================================
* File Name          : ReferenceDirSubscribeTypes.xsd
* Author             : Alexandre Carbenay
* Owner              : CIRB-CIBG
* Domain             : ISR
* Creation date      : 27/05/2015
* Last revision date : 27/05/2015
* Description        : WS ReferenceDir - Subscription Operation Types
* Status             : Draft
* Current Version    : v1
* Revision History	 : -
==========================================================================-->
<xs:schema targetNamespace="http://fidus.brussels/type/referencedir/requests/subscribe/v1" elementFormDefault="qualified" attributeFormDefault="unqualified" version="1.0" xmlns:xs="http://www.w3.org/2001/XMLSchema" xmlns:cme="http://fidus.brussels/type/common/messages/v1" xmlns:exc="http://fidus.brussels/type/common/exceptions/v1" xmlns:req="http://fidus.brussels/type/referencedir/requests/v1" xmlns:tns="http://fidus.brussels/type/referencedir/requests/subscribe/v1">
  <xs:import namespace="http://fidus.brussels/type/common/messages/v1" schemaLocation="baseMessageTypes_v1.xsd"/>
  <xs:import namespace="http://fidus.brussels/type/common/exceptions/v1" schemaLocation="exceptionTypes_v1.xsd"/>
  <xs:import namespace="http://fidus.brussels/type/referencedir/requests/v1" schemaLocation="referenceDirTypes_v1.xsd"/>
  <xs:complexType name="SubscribeReferenceRequestType">
    <xs:sequence>
      <xs:element name="messageContext" type="cme:RequestMessageContextType"/>
      <xs:element name="legalContext" type="cme:LegalContextType"/>
      <xs:element name="subscriptionRequest" type="req:SubscriptionRequestType"/>
    </xs:sequence>
  </xs:complexType>
  <xs:complexType name="SubscribeReferenceResponseType">
    <xs:sequence>
      <xs:element name="messageContext" type="cme:ResponseMessageContextType"/>
      <xs:element name="responses" type="tns:ResponsesType"/>
      <xs:element name="exceptions" type="exc:ExceptionsType" minOccurs="0">
        <xs:annotation>
          <xs:documentation>Technical errors that occur when processing the request e.g. xs validation errors.</xs:documentation>
        </xs:annotation>
      </xs:element>
    </xs:sequence>
  </xs:complexType>
  <xs:complexType name="ResponsesType">
    <xs:sequence>
      <xs:element name="response" type="tns:ResponseType" minOccurs="1" maxOccurs="1"/>
    </xs:sequence>
  </xs:complexType>
  <xs:complexType name="ResponseType">
    <xs:sequence>
      <xs:element name="subscriptionResponse" type="req:SubscriptionResponseType" minOccurs="0"/>
      <xs:element name="exceptions" type="exc:ExceptionsType" minOccurs="0">
        <xs:annotation>
          <xs:documentation>Business error that occur when processing the request e.g. missing data.</xs:documentation>
        </xs:annotation>
      </xs:element>
    </xs:sequence>
  </xs:complexType>
</xs:schema>]]></con:content><con:type>http://www.w3.org/2001/XMLSchema</con:type></con:part><con:part><con:url>file:/home/isr/git/parent/referencedirservice_1.0/ReferenceDirServiceGateway/src/main/resources/wsdl/referenceDir/1.0.0/messages/baseMessageTypes_v1.xsd</con:url><con:content><![CDATA[<xsd:schema targetNamespace="http://fidus.brussels/type/common/messages/v1" elementFormDefault="qualified" attributeFormDefault="unqualified" version="1.0" xmlns:xsd="http://www.w3.org/2001/XMLSchema" xmlns:cmn="http://fidus.brussels/type/common/v1" xmlns:nps="http://fidus.brussels/service/personservice/personservices/naturalPerson/v1" xmlns:tns="http://fidus.brussels/type/common/messages/v1">
  <!--Unformatted message Id-->
  <xsd:simpleType name="MessageIdType">
    <xsd:restriction base="xsd:string">
      <xsd:minLength value="1"/>
      <xsd:maxLength value="64"/>
    </xsd:restriction>
  </xsd:simpleType>
  <!--National Number of the person. Format depending on the Register-->
  <xsd:simpleType name="PersonNumberType">
    <xsd:restriction base="xsd:string">
      <xsd:pattern value="[0-9][0-9](([0][0-9])|([1][0-2]))(([0-2][0-9])|([3][0-1]))(([0-9]{2}[1-9])|([0-9][1-9][0-9])|([1-9][0-9]{2}))(([0-8][0-9])|([9][0-7]))">
        <xsd:annotation>
          <xsd:documentation>National Register format</xsd:documentation>
        </xsd:annotation>
      </xsd:pattern>
      <xsd:pattern value="[0-9][0-9](([2][0-9])|([3][0-2]))(([0-2][0-9])|([3][0-1]))[0-9]{3}(([0-8][0-9])|([9][0-7]))">
        <xsd:annotation>
          <xsd:documentation>CBSS Register format: Bis Register</xsd:documentation>
        </xsd:annotation>
      </xsd:pattern>
      <xsd:pattern value="[0-9][0-9](([4][0-9])|([5][0-2]))(([0-2][0-9])|([3][0-1]))[0-9]{3}(([0-8][0-9])|([9][0-7]))">
        <xsd:annotation>
          <xsd:documentation>CBSS Register format: Ter Register</xsd:documentation>
        </xsd:annotation>
      </xsd:pattern>
    </xsd:restriction>
  </xsd:simpleType>
  <!--Request message context-->
  <xsd:complexType name="RequestMessageContextType">
    <xsd:annotation>
      <xsd:documentation>Message context block generated by the consumer.</xsd:documentation>
    </xsd:annotation>
    <xsd:sequence>
      <xsd:element name="messageId" type="tns:MessageIdType">
        <xsd:annotation>
          <xsd:documentation>Consumer must assign their own MessageId reference for the request.</xsd:documentation>
        </xsd:annotation>
      </xsd:element>
      <xsd:element name="timestamp" type="xsd:dateTime" minOccurs="0">
        <xsd:annotation>
          <xsd:documentation>Timestamp when client sent request.</xsd:documentation>
        </xsd:annotation>
      </xsd:element>
    </xsd:sequence>
  </xsd:complexType>
  <!--Response message context-->
  <xsd:complexType name="ResponseMessageContextType">
    <xsd:annotation>
      <xsd:documentation>MessageContext block generated by Fidus.</xsd:documentation>
    </xsd:annotation>
    <xsd:sequence>
      <xsd:element name="messageId" type="tns:MessageIdType">
        <xsd:annotation>
          <xsd:documentation>A unique identifier generated by Fidus.</xsd:documentation>
        </xsd:annotation>
      </xsd:element>
      <xsd:element name="transactionId" type="tns:MessageIdType">
        <xsd:annotation>
          <xsd:documentation>A unique ID returned to the client for tracing purposes.</xsd:documentation>
        </xsd:annotation>
      </xsd:element>
      <xsd:element name="timestamp" type="xsd:dateTime" minOccurs="0">
        <xsd:annotation>
          <xsd:documentation>Time reply was sent by Fidus.</xsd:documentation>
        </xsd:annotation>
      </xsd:element>
    </xsd:sequence>
  </xsd:complexType>
  <!--Legal Context : the finality of the Privacy Commission-->
  <xsd:simpleType name="LegalContextType">
    <xsd:restriction base="xsd:string">
      <xsd:minLength value="1"/>
      <xsd:maxLength value="64"/>
    </xsd:restriction>
  </xsd:simpleType>
  <xsd:complexType name="UserContextType">
    <xsd:annotation>
      <xsd:documentation>The user context defines information regarding the actual user performing a request.</xsd:documentation>
    </xsd:annotation>
    <xsd:sequence>
      <xsd:element name="language" type="xsd:language" nillable="true">
        <xsd:annotation>
          <xsd:documentation>The preferred language of the actual user performing the request.
						This influences the language in which response elements are cast.</xsd:documentation>
        </xsd:annotation>
      </xsd:element>
    </xsd:sequence>
  </xsd:complexType>
</xsd:schema>]]></con:content><con:type>http://www.w3.org/2001/XMLSchema</con:type></con:part><con:part><con:url>file:/home/isr/git/parent/referencedirservice_1.0/ReferenceDirServiceGateway/src/main/resources/wsdl/referenceDir/1.0.0/messages/exceptionTypes_v1.xsd</con:url><con:content><![CDATA[<xsd:schema targetNamespace="http://fidus.brussels/type/common/exceptions/v1" elementFormDefault="qualified" attributeFormDefault="unqualified" version="1.0" xmlns:xsd="http://www.w3.org/2001/XMLSchema" xmlns:tns="http://fidus.brussels/type/common/exceptions/v1">
  <!--Basic error typed-->
  <xsd:complexType name="ExceptionsType">
    <xsd:sequence>
      <xsd:element name="exception" type="tns:ExceptionType" maxOccurs="unbounded"/>
    </xsd:sequence>
  </xsd:complexType>
  <xsd:complexType name="ExceptionType">
    <xsd:sequence>
      <xsd:element name="type" type="tns:ExceptionClassType"/>
      <xsd:element name="code" type="tns:ExceptionCodeType"/>
      <xsd:element name="source" type="tns:ExceptionSourceType"/>
      <xsd:element name="description" type="tns:ExceptionDescriptionType"/>
    </xsd:sequence>
  </xsd:complexType>
  <xsd:simpleType name="ExceptionClassType">
    <xsd:restriction base="xsd:string">
      <xsd:enumeration value="ERROR"/>
      <xsd:enumeration value="WARNING"/>
      <xsd:enumeration value="INFO"/>
    </xsd:restriction>
  </xsd:simpleType>
  <xsd:simpleType name="ExceptionCodeType">
    <xsd:restriction base="xsd:string">
      <xsd:maxLength value="20"/>
    </xsd:restriction>
  </xsd:simpleType>
  <xsd:simpleType name="ExceptionSourceType">
    <xsd:restriction base="xsd:string">
      <xsd:maxLength value="20"/>
    </xsd:restriction>
  </xsd:simpleType>
  <xsd:simpleType name="ExceptionDescriptionType">
    <xsd:restriction base="xsd:string"/>
  </xsd:simpleType>
</xsd:schema>]]></con:content><con:type>http://www.w3.org/2001/XMLSchema</con:type></con:part><con:part><con:url>file:/home/isr/git/parent/referencedirservice_1.0/ReferenceDirServiceGateway/src/main/resources/wsdl/referenceDir/1.0.0/messages/referenceDirTypes_v1.xsd</con:url><con:content><![CDATA[<!--==========================================================================
* File Name          : ReferenceDirTypes.xsd
* Author             : Alexandre Carbenay
* Owner              : CIRB-CIBG
* Domain             : ISR
* Creation date      : 07/04/2015
* Last revision date : 27/05/2015
* Description        : WS ReferenceDir - Types
* Status             : Draft
* Current Version    : v1
* Revision History	 : -
==========================================================================-->
<xs:schema targetNamespace="http://fidus.brussels/type/referencedir/requests/v1" elementFormDefault="qualified" attributeFormDefault="unqualified" version="1.0" xmlns:xs="http://www.w3.org/2001/XMLSchema" xmlns:cme="http://fidus.brussels/type/common/messages/v1" xmlns:tns="http://fidus.brussels/type/referencedir/requests/v1">
  <xs:import namespace="http://fidus.brussels/type/common/messages/v1" schemaLocation="baseMessageTypes_v1.xsd"/>
  <xs:complexType name="SubscriptionRequestType">
    <xs:sequence>
      <xs:element name="reference" type="tns:ReferenceType">
        <xs:annotation>
          <xs:documentation>Reference ; either a person or an enterprise number.</xs:documentation>
        </xs:annotation>
      </xs:element>
      <xs:element name="endDate" type="xs:date" minOccurs="0">
        <xs:annotation>
          <xs:documentation>End date for subscription period.</xs:documentation>
        </xs:annotation>
      </xs:element>
    </xs:sequence>
  </xs:complexType>
  <xs:complexType name="SubscriptionResponseType">
    <xs:sequence>
      <xs:element name="status" type="xs:string">
        <xs:annotation>
          <xs:documentation>Service execution status.</xs:documentation>
        </xs:annotation>
      </xs:element>
    </xs:sequence>
  </xs:complexType>
  <xs:complexType name="UnsubscriptionRequestType">
    <xs:sequence>
      <xs:element name="reference" type="tns:ReferenceType">
        <xs:annotation>
          <xs:documentation>Reference ; either a person or an enterprise number.</xs:documentation>
        </xs:annotation>
      </xs:element>
      <xs:element name="endDate" type="xs:date" minOccurs="0">
        <xs:annotation>
          <xs:documentation>End date for subscription period.</xs:documentation>
        </xs:annotation>
      </xs:element>
    </xs:sequence>
  </xs:complexType>
  <xs:complexType name="UnsubscriptionResponseType">
    <xs:sequence>
      <xs:element name="status" type="xs:string">
        <xs:annotation>
          <xs:documentation>Service execution status.</xs:documentation>
        </xs:annotation>
      </xs:element>
    </xs:sequence>
  </xs:complexType>
  <xs:complexType name="GetServicesResponseType">
    <xs:sequence>
      <xs:element name="name" type="xs:string" minOccurs="1"/>
      <xs:element name="operations" type="tns:Operations" minOccurs="1" maxOccurs="1"/>
    </xs:sequence>
  </xs:complexType>
  <xs:complexType name="Operations">
    <xs:sequence>
      <xs:element name="operation" type="xs:string" minOccurs="1" maxOccurs="unbounded"/>
    </xs:sequence>
  </xs:complexType>
  <xs:complexType name="ReferenceType">
    <xs:sequence>
      <xs:element name="personNumber" type="cme:PersonNumberType"/>
    </xs:sequence>
  </xs:complexType>
</xs:schema>]]></con:content><con:type>http://www.w3.org/2001/XMLSchema</con:type></con:part><con:part><con:url>file:/home/isr/git/parent/referencedirservice_1.0/ReferenceDirServiceGateway/src/main/resources/wsdl/referenceDir/1.0.0/messages/referenceDirUnsubscribeTypes_v1.xsd</con:url><con:content><![CDATA[<!--==========================================================================
* File Name          : ReferenceDirSubscribeTypes.xsd
* Author             : Alexandre Carbenay
* Owner              : CIRB-CIBG
* Domain             : ISR
* Creation date      : 27/05/2015
* Last revision date : 27/05/2015
* Description        : WS ReferenceDir - Unsubscription Operation Types
* Status             : Draft
* Current Version    : v1
* Revision History	 : -
==========================================================================-->
<xs:schema targetNamespace="http://fidus.brussels/type/referencedir/requests/unsubscribe/v1" elementFormDefault="qualified" attributeFormDefault="unqualified" version="1.0" xmlns:xs="http://www.w3.org/2001/XMLSchema" xmlns:cme="http://fidus.brussels/type/common/messages/v1" xmlns:exc="http://fidus.brussels/type/common/exceptions/v1" xmlns:req="http://fidus.brussels/type/referencedir/requests/v1" xmlns:tns="http://fidus.brussels/type/referencedir/requests/unsubscribe/v1">
  <xs:import namespace="http://fidus.brussels/type/common/messages/v1" schemaLocation="baseMessageTypes_v1.xsd"/>
  <xs:import namespace="http://fidus.brussels/type/common/exceptions/v1" schemaLocation="exceptionTypes_v1.xsd"/>
  <xs:import namespace="http://fidus.brussels/type/referencedir/requests/v1" schemaLocation="referenceDirTypes_v1.xsd"/>
  <xs:complexType name="UnsubscribeReferenceRequestType">
    <xs:sequence>
      <xs:element name="messageContext" type="cme:RequestMessageContextType"/>
      <xs:element name="legalContext" type="cme:LegalContextType"/>
      <xs:element name="unsubscriptionRequest" type="req:UnsubscriptionRequestType"/>
    </xs:sequence>
  </xs:complexType>
  <xs:complexType name="UnsubscribeReferenceResponseType">
    <xs:sequence>
      <xs:element name="messageContext" type="cme:ResponseMessageContextType"/>
      <xs:element name="responses" type="tns:ResponsesType"/>
      <xs:element name="exceptions" type="exc:ExceptionsType" minOccurs="0">
        <xs:annotation>
          <xs:documentation>Technical errors that occur when processing the request e.g. xs validation errors.</xs:documentation>
        </xs:annotation>
      </xs:element>
    </xs:sequence>
  </xs:complexType>
  <xs:complexType name="ResponsesType">
    <xs:sequence>
      <xs:element name="response" type="tns:ResponseType" minOccurs="1" maxOccurs="1"/>
    </xs:sequence>
  </xs:complexType>
  <xs:complexType name="ResponseType">
    <xs:sequence>
      <xs:element name="unsubscriptionResponse" type="req:UnsubscriptionResponseType" minOccurs="0"/>
      <xs:element name="exceptions" type="exc:ExceptionsType" minOccurs="0">
        <xs:annotation>
          <xs:documentation>Business error that occur when processing the request e.g. missing data.</xs:documentation>
        </xs:annotation>
      </xs:element>
    </xs:sequence>
  </xs:complexType>
</xs:schema>]]></con:content><con:type>http://www.w3.org/2001/XMLSchema</con:type></con:part><con:part><con:url>file:/home/isr/git/parent/referencedirservice_1.0/ReferenceDirServiceGateway/src/main/resources/wsdl/referenceDir/1.0.0/messages/referenceDirGetServicesTypes_v1.xsd</con:url><con:content><![CDATA[<!--==========================================================================
* File Name          : ReferenceDirSubscribeTypes.xsd
* Author             : Alexandre Carbenay
* Owner              : CIRB-CIBG
* Domain             : ISR
* Creation date      : 27/05/2015
* Last revision date : 27/05/2015
* Description        : WS ReferenceDir - Unsubscription Operation Types
* Status             : Draft
* Current Version    : v1
* Revision History	 : -
==========================================================================-->
<xs:schema targetNamespace="http://fidus.brussels/type/referencedir/requests/getservices/v1" elementFormDefault="qualified" attributeFormDefault="unqualified" version="1.0" xmlns:xs="http://www.w3.org/2001/XMLSchema" xmlns:cme="http://fidus.brussels/type/common/messages/v1" xmlns:exc="http://fidus.brussels/type/common/exceptions/v1" xmlns:req="http://fidus.brussels/type/referencedir/requests/v1" xmlns:tns="http://fidus.brussels/type/referencedir/requests/getservices/v1">
  <xs:import namespace="http://fidus.brussels/type/common/messages/v1" schemaLocation="baseMessageTypes_v1.xsd"/>
  <xs:import namespace="http://fidus.brussels/type/common/exceptions/v1" schemaLocation="exceptionTypes_v1.xsd"/>
  <xs:import namespace="http://fidus.brussels/type/referencedir/requests/v1" schemaLocation="referenceDirTypes_v1.xsd"/>
  <xs:complexType name="GetServicesReferenceRequestType">
    <xs:sequence>
      <xs:element name="messageContext" type="cme:RequestMessageContextType"/>
      <xs:element name="legalContext" type="cme:LegalContextType"/>
      <xs:element name="getServicesRequest" type="xs:string"/>
    </xs:sequence>
  </xs:complexType>
  <xs:complexType name="GetServicesReferenceResponseType">
    <xs:sequence>
      <xs:element name="messageContext" type="cme:ResponseMessageContextType"/>
      <xs:element name="responses" type="tns:ResponsesType"/>
      <xs:element name="exceptions" type="exc:ExceptionsType" minOccurs="0">
        <xs:annotation>
          <xs:documentation>Technical errors that occur when processing the request e.g. xs validation errors.</xs:documentation>
        </xs:annotation>
      </xs:element>
    </xs:sequence>
  </xs:complexType>
  <xs:complexType name="ResponsesType">
    <xs:sequence>
      <xs:element name="response" type="tns:ResponseType" minOccurs="1" maxOccurs="1"/>
    </xs:sequence>
  </xs:complexType>
  <xs:complexType name="ResponseType">
    <xs:sequence>
      <xs:element name="status" type="xs:string" minOccurs="1" maxOccurs="1"/>
      <xs:element name="getServicesReferenceResponse" type="req:GetServicesResponseType"/>
      <xs:element name="exceptions" type="exc:ExceptionsType" minOccurs="0">
        <xs:annotation>
          <xs:documentation>Business error that occur when processing the request e.g. missing data.</xs:documentation>
        </xs:annotation>
      </xs:element>
    </xs:sequence>
  </xs:complexType>
</xs:schema>]]></con:content><con:type>http://www.w3.org/2001/XMLSchema</con:type></con:part><con:part><con:url>file:/home/isr/git/parent/referencedirservice_1.0/ReferenceDirServiceGateway/src/main/resources/wsdl/referenceDir/1.0.0/messages/faultTypes_v1.xsd</con:url><con:content><![CDATA[<xsd:schema version="1.0" xmlns:xsd="http://www.w3.org/2001/XMLSchema" xmlns:cmn="http://fidus.brussels/type/common/messages/v1" xmlns:env="http://schemas.xmlsoap.org/soap/envelope/">
  <xsd:import namespace="http://fidus.brussels/type/common/messages/v1" schemaLocation="baseMessageTypes_v1.xsd"/>
  <!--fault elements-->
  <xsd:element name="messageId" type="cmn:MessageIdType"/>
  <xsd:element name="transactionId" type="cmn:MessageIdType"/>
  <xsd:element name="timestamp" type="xsd:dateTime"/>
  <xsd:element name="error" type="errorType"/>
  <xsd:complexType name="errorType">
    <xsd:sequence>
      <xsd:element name="code" type="cmn:MessageIdType"/>
      <xsd:element name="description" type="xsd:string" minOccurs="0"/>
      <xsd:any namespace="http://schemas.xmlsoap.org/soap/envelope/" processContents="skip" minOccurs="0" maxOccurs="1"/>
    </xsd:sequence>
  </xsd:complexType>
</xsd:schema>]]></con:content><con:type>http://www.w3.org/2001/XMLSchema</con:type></con:part></con:definitionCache><con:endpoints>
      <con:endpoint>http://fidus.brussels/services/referencedir/v1</con:endpoint>
    </con:endpoints>
    <con:operation isOneWay="false" action="http://fidus.brussels/services/referencedir/subscribeReference" name="subscribeReference" bindingOperationName="subscribeReference" type="Request-Response" inputName="" receivesAttachments="false" sendsAttachments="false" anonymous="optional" id="dc8c1559-df1b-4c29-97d5-cc91ab242393">
      <con:settings/>
      <con:call name="1 - Local - Request" incomingWss="Inflow DEV" outgoingWss="Outflow DEV" id="0bf52dd1-abdf-48b4-b9b9-ce1b3f711495">
        <con:settings>
          <con:setting id="com.eviware.soapui.impl.wsdl.WsdlRequest@request-headers">&lt;xml-fragment/></con:setting>
        </con:settings>
        <con:encoding>UTF-8</con:encoding>
        <con:endpoint>https://localhost:8243/services/ReferenceDirService_v1.0</con:endpoint>
        <con:request><![CDATA[<soapenv:Envelope xmlns:soapenv="http://schemas.xmlsoap.org/soap/envelope/" 
xmlns:v1="http://fidus.brussels/service/referencedir/messages/v1" 
xmlns:v11="http://fidus.brussels/type/referencedir/requests/subscribe/v1" 
xmlns:v12="http://fidus.brussels/type/common/messages/v1" 
xmlns:v13="http://fidus.brussels/type/referencedir/requests/v1">
   <soapenv:Header/>
   <soapenv:Body>
      <v1:subscribeReferenceRequest>
         <v11:messageContext>
            <v12:messageId>${=import static java.util.UUID.randomUUID; uuid = randomUUID() as String}</v12:messageId>
            <v12:timestamp>${=new java.text.SimpleDateFormat("yyyy-MM-dd'T'HH:mm:ss.SSS").format(new Date())}</v12:timestamp>
         </v11:messageContext>
         <v11:legalContext>ServiceIntegrator</v11:legalContext>
         <v11:subscriptionRequest>
            <v13:reference>
               <v13:personNumber>84072002128</v13:personNumber>
            </v13:reference>
            <v13:endDate>${=new java.text.SimpleDateFormat("yyyy-MM-dd").format(new Date() + 1)}</v13:endDate>
         </v11:subscriptionRequest>
      </v1:subscribeReferenceRequest>
   </soapenv:Body>
</soapenv:Envelope>]]></con:request>
        <con:credentials>
          <con:selectedAuthProfile>Basic</con:selectedAuthProfile>
          <con:addedBasicAuthenticationTypes>Basic</con:addedBasicAuthenticationTypes>
          <con:authType>Global HTTP Settings</con:authType>
        </con:credentials>
        <con:jmsConfig JMSDeliveryMode="PERSISTENT"/>
        <con:jmsPropertyConfig/>
        <con:wsaConfig mustUnderstand="NONE" version="200508" action="http://fidus.brussels/services/referencedir/subscribe"/>
        <con:wsrmConfig version="1.2"/>
      </con:call>
      <con:call name="2 - Dev - Request" outgoingWss="Outflow DEV" incomingWss="Inflow DEV" id="4016106e-7341-4c9f-9c8a-0d0e6487cddf">
        <con:settings>
          <con:setting id="com.eviware.soapui.impl.wsdl.WsdlRequest@request-headers">&lt;xml-fragment/></con:setting>
        </con:settings>
        <con:encoding>UTF-8</con:encoding>
        <con:endpoint>https://192.168.36.61:8243/services/ReferenceDirService_v1.0</con:endpoint>
        <con:request><![CDATA[<soapenv:Envelope xmlns:soapenv="http://schemas.xmlsoap.org/soap/envelope/" 
xmlns:v1="http://fidus.brussels/service/referencedir/messages/v1" 
xmlns:v11="http://fidus.brussels/type/referencedir/requests/subscribe/v1" 
xmlns:v12="http://fidus.brussels/type/common/messages/v1" 
xmlns:v13="http://fidus.brussels/type/referencedir/requests/v1">
   <soapenv:Header/>
   <soapenv:Body>
      <v1:subscribeReferenceRequest>
         <v11:messageContext>
            <v12:messageId>${=import static java.util.UUID.randomUUID; uuid = randomUUID() as String}</v12:messageId>
            <v12:timestamp>${=new java.text.SimpleDateFormat("yyyy-MM-dd'T'HH:mm:ss.SSS").format(new Date())}</v12:timestamp>
         </v11:messageContext>
         <v11:legalContext>ServiceIntegrator</v11:legalContext>
         <v11:subscriptionRequest>
            <v13:reference>
               <v13:personNumber>12003001507</v13:personNumber>
            </v13:reference>
            <!--Optional:-->
            <v13:endDate>${=new java.text.SimpleDateFormat("yyyy-MM-dd").format(new Date() + 1)}</v13:endDate>
         </v11:subscriptionRequest>
      </v1:subscribeReferenceRequest>
   </soapenv:Body>
</soapenv:Envelope>]]></con:request>
        <con:credentials>
          <con:selectedAuthProfile>Basic</con:selectedAuthProfile>
          <con:addedBasicAuthenticationTypes>Basic</con:addedBasicAuthenticationTypes>
          <con:authType>Global HTTP Settings</con:authType>
        </con:credentials>
        <con:jmsConfig JMSDeliveryMode="PERSISTENT"/>
        <con:jmsPropertyConfig/>
        <con:wsaConfig mustUnderstand="NONE" version="200508" action="http://fidus.brussels/services/referencedir/subscribe"/>
        <con:wsrmConfig version="1.2"/>
      </con:call>
      <con:call name="3 - Test - External - Request" outgoingWss="Outflow TEST" incomingWss="Inflow TEST" id="860c6031-1187-4214-b1f7-4ceca82570e5">
        <con:settings>
          <con:setting id="com.eviware.soapui.impl.wsdl.WsdlRequest@request-headers">&lt;xml-fragment/></con:setting>
        </con:settings>
        <con:encoding>UTF-8</con:encoding>
        <con:endpoint>https://fidus-test.irisnetlab.be/services/ReferenceDirService_v1.0</con:endpoint>
        <con:request><![CDATA[<soapenv:Envelope xmlns:soapenv="http://schemas.xmlsoap.org/soap/envelope/" 
xmlns:v1="http://fidus.brussels/service/referencedir/messages/v1" 
xmlns:v11="http://fidus.brussels/type/referencedir/requests/subscribe/v1" 
xmlns:v12="http://fidus.brussels/type/common/messages/v1" 
xmlns:v13="http://fidus.brussels/type/referencedir/requests/v1">
   <soapenv:Header/>
   <soapenv:Body>
      <v1:subscribeReferenceRequest>
         <v11:messageContext>
            <v12:messageId>${=import static java.util.UUID.randomUUID; uuid = randomUUID() as String}</v12:messageId>
            <v12:timestamp>${=new java.text.SimpleDateFormat("yyyy-MM-dd'T'HH:mm:ss.SSS").format(new Date())}</v12:timestamp>
         </v11:messageContext>
         <v11:legalContext>ServiceIntegrator</v11:legalContext>
         <v11:subscriptionRequest>
            <v13:reference>
               <v13:personNumber>91120406960</v13:personNumber>
            </v13:reference>
            <!--Optional:-->
            <v13:endDate>${=new java.text.SimpleDateFormat("yyyy-MM-dd").format(new Date() + 1)}</v13:endDate>
         </v11:subscriptionRequest>
      </v1:subscribeReferenceRequest>
   </soapenv:Body>
</soapenv:Envelope>]]></con:request>
        <con:credentials>
          <con:selectedAuthProfile>Basic</con:selectedAuthProfile>
          <con:addedBasicAuthenticationTypes>Basic</con:addedBasicAuthenticationTypes>
          <con:authType>Global HTTP Settings</con:authType>
        </con:credentials>
        <con:jmsConfig JMSDeliveryMode="PERSISTENT"/>
        <con:jmsPropertyConfig/>
        <con:wsaConfig mustUnderstand="NONE" version="200508" action="http://fidus.brussels/services/referencedir/subscribe"/>
        <con:wsrmConfig version="1.2"/>
      </con:call>
      <con:call name="3 - Test - LB - Request" outgoingWss="Outflow TEST" incomingWss="Inflow TEST" id="4eab1019-fcb1-4da8-abb4-039939f92a83">
        <con:settings>
          <con:setting id="com.eviware.soapui.impl.wsdl.WsdlRequest@request-headers">&lt;xml-fragment/></con:setting>
        </con:settings>
        <con:encoding>UTF-8</con:encoding>
        <con:endpoint>https://esb-security-gw.sta.srv.cirb.lan:8443/services/ReferenceDirService_v1.0</con:endpoint>
        <con:request><![CDATA[<soapenv:Envelope xmlns:soapenv="http://schemas.xmlsoap.org/soap/envelope/" 
xmlns:v1="http://fidus.brussels/service/referencedir/messages/v1" 
xmlns:v11="http://fidus.brussels/type/referencedir/requests/subscribe/v1" 
xmlns:v12="http://fidus.brussels/type/common/messages/v1" 
xmlns:v13="http://fidus.brussels/type/referencedir/requests/v1">
   <soapenv:Header/>
   <soapenv:Body>
      <v1:subscribeReferenceRequest>
         <v11:messageContext>
            <v12:messageId>${=import static java.util.UUID.randomUUID; uuid = randomUUID() as String}</v12:messageId>
            <v12:timestamp>${=new java.text.SimpleDateFormat("yyyy-MM-dd'T'HH:mm:ss.SSS").format(new Date())}</v12:timestamp>
         </v11:messageContext>
         <v11:legalContext>ServiceIntegrator</v11:legalContext>
         <v11:subscriptionRequest>
            <v13:reference>
               <v13:personNumber>89102413022</v13:personNumber>
            </v13:reference>
            <!--Optional:-->
            <v13:endDate>${=new java.text.SimpleDateFormat("yyyy-MM-dd").format(new Date() + 1)}</v13:endDate>
         </v11:subscriptionRequest>
      </v1:subscribeReferenceRequest>
   </soapenv:Body>
</soapenv:Envelope>]]></con:request>
        <con:credentials>
          <con:selectedAuthProfile>Basic</con:selectedAuthProfile>
          <con:addedBasicAuthenticationTypes>Basic</con:addedBasicAuthenticationTypes>
          <con:authType>Global HTTP Settings</con:authType>
        </con:credentials>
        <con:jmsConfig JMSDeliveryMode="PERSISTENT"/>
        <con:jmsPropertyConfig/>
        <con:wsaConfig mustUnderstand="NONE" version="200508" action="http://fidus.brussels/services/referencedir/subscribe"/>
        <con:wsrmConfig version="1.2"/>
      </con:call>
      <con:call name="3 - Test - Worker1 - Request" outgoingWss="Outflow TEST" incomingWss="Inflow TEST" id="1fc5b02b-3fe9-4660-a346-965a958df5cc">
        <con:settings>
          <con:setting id="com.eviware.soapui.impl.wsdl.WsdlRequest@request-headers">&lt;xml-fragment/></con:setting>
        </con:settings>
        <con:encoding>UTF-8</con:encoding>
        <con:endpoint>https://192.168.22.53:8443/services/ReferenceDirService_v1.0</con:endpoint>
        <con:request><![CDATA[<soapenv:Envelope xmlns:soapenv="http://schemas.xmlsoap.org/soap/envelope/" 
xmlns:v1="http://fidus.brussels/service/referencedir/messages/v1" 
xmlns:v11="http://fidus.brussels/type/referencedir/requests/subscribe/v1" 
xmlns:v12="http://fidus.brussels/type/common/messages/v1" 
xmlns:v13="http://fidus.brussels/type/referencedir/requests/v1">
   <soapenv:Header/>
   <soapenv:Body>
      <v1:subscribeReferenceRequest>
         <v11:messageContext>
            <v12:messageId>${=import static java.util.UUID.randomUUID; uuid = randomUUID() as String}</v12:messageId>
            <v12:timestamp>${=new java.text.SimpleDateFormat("yyyy-MM-dd'T'HH:mm:ss.SSS").format(new Date())}</v12:timestamp>
         </v11:messageContext>
         <v11:legalContext>ServiceIntegrator</v11:legalContext>
         <v11:subscriptionRequest>
            <v13:reference>
               <v13:personNumber>89102413022</v13:personNumber>
            </v13:reference>
            <!--Optional:-->
            <v13:endDate>${=new java.text.SimpleDateFormat("yyyy-MM-dd").format(new Date() + 1)}</v13:endDate>
         </v11:subscriptionRequest>
      </v1:subscribeReferenceRequest>
   </soapenv:Body>
</soapenv:Envelope>]]></con:request>
        <con:credentials>
          <con:selectedAuthProfile>Basic</con:selectedAuthProfile>
          <con:addedBasicAuthenticationTypes>Basic</con:addedBasicAuthenticationTypes>
          <con:authType>Global HTTP Settings</con:authType>
        </con:credentials>
        <con:jmsConfig JMSDeliveryMode="PERSISTENT"/>
        <con:jmsPropertyConfig/>
        <con:wsaConfig mustUnderstand="NONE" version="200508" action="http://fidus.brussels/services/referencedir/subscribe"/>
        <con:wsrmConfig version="1.2"/>
      </con:call>
      <con:call name="3 - Test - Worker2 - Request" outgoingWss="Outflow TEST" incomingWss="Inflow TEST" id="1f8b3a8d-19f2-47eb-aa5a-f514d6a4ddbe">
        <con:settings>
          <con:setting id="com.eviware.soapui.impl.wsdl.WsdlRequest@request-headers">&lt;xml-fragment/></con:setting>
        </con:settings>
        <con:encoding>UTF-8</con:encoding>
        <con:endpoint>https://192.168.22.54:8443/services/ReferenceDirService_v1.0</con:endpoint>
        <con:request><![CDATA[<soapenv:Envelope xmlns:soapenv="http://schemas.xmlsoap.org/soap/envelope/" 
xmlns:v1="http://fidus.brussels/service/referencedir/messages/v1" 
xmlns:v11="http://fidus.brussels/type/referencedir/requests/subscribe/v1" 
xmlns:v12="http://fidus.brussels/type/common/messages/v1" 
xmlns:v13="http://fidus.brussels/type/referencedir/requests/v1">
   <soapenv:Header/>
   <soapenv:Body>
      <v1:subscribeReferenceRequest>
         <v11:messageContext>
            <v12:messageId>${=import static java.util.UUID.randomUUID; uuid = randomUUID() as String}</v12:messageId>
            <v12:timestamp>${=new java.text.SimpleDateFormat("yyyy-MM-dd'T'HH:mm:ss.SSS").format(new Date())}</v12:timestamp>
         </v11:messageContext>
         <v11:legalContext>ServiceIntegrator</v11:legalContext>
         <v11:subscriptionRequest>
            <v13:reference>
               <v13:personNumber>89102413022</v13:personNumber>
            </v13:reference>
            <!--Optional:-->
            <v13:endDate>${=new java.text.SimpleDateFormat("yyyy-MM-dd").format(new Date() + 1)}</v13:endDate>
         </v11:subscriptionRequest>
      </v1:subscribeReferenceRequest>
   </soapenv:Body>
</soapenv:Envelope>]]></con:request>
        <con:credentials>
          <con:selectedAuthProfile>Basic</con:selectedAuthProfile>
          <con:addedBasicAuthenticationTypes>Basic</con:addedBasicAuthenticationTypes>
          <con:authType>Global HTTP Settings</con:authType>
        </con:credentials>
        <con:jmsConfig JMSDeliveryMode="PERSISTENT"/>
        <con:jmsPropertyConfig/>
        <con:wsaConfig mustUnderstand="NONE" version="200508" action="http://fidus.brussels/services/referencedir/subscribe"/>
        <con:wsrmConfig version="1.2"/>
      </con:call>
      <con:call name="4 - Staging - Worker1 - Request" outgoingWss="Outflow STAG" incomingWss="Inflow STAG" id="375fb6d1-f2de-4fb3-8b6e-4996957820c2">
        <con:settings>
          <con:setting id="com.eviware.soapui.impl.wsdl.WsdlRequest@request-headers">&lt;xml-fragment/></con:setting>
        </con:settings>
        <con:encoding>UTF-8</con:encoding>
        <con:endpoint>https://192.168.24.16:8443/services/ReferenceDirService_v1.0</con:endpoint>
        <con:request><![CDATA[<soapenv:Envelope xmlns:soapenv="http://schemas.xmlsoap.org/soap/envelope/" 
xmlns:v1="http://fidus.brussels/service/referencedir/messages/v1" 
xmlns:v11="http://fidus.brussels/type/referencedir/requests/subscribe/v1" 
xmlns:v12="http://fidus.brussels/type/common/messages/v1" 
xmlns:v13="http://fidus.brussels/type/referencedir/requests/v1">
   <soapenv:Header/>
   <soapenv:Body>
      <v1:subscribeReferenceRequest>
         <v11:messageContext>
            <v12:messageId>${=import static java.util.UUID.randomUUID; uuid = randomUUID() as String}</v12:messageId>
            <v12:timestamp>${=new java.text.SimpleDateFormat("yyyy-MM-dd'T'HH:mm:ss.SSS").format(new Date())}</v12:timestamp>
         </v11:messageContext>
         <v11:legalContext>ServiceIntegrator</v11:legalContext>
         <v11:subscriptionRequest>
            <v13:reference>
               <v13:personNumber>85081509931</v13:personNumber>
            </v13:reference>
            <!--Optional:-->
            <v13:endDate>${=new java.text.SimpleDateFormat("yyyy-MM-dd").format(new Date() + 1)}</v13:endDate>
         </v11:subscriptionRequest>
      </v1:subscribeReferenceRequest>
   </soapenv:Body>
</soapenv:Envelope>]]></con:request>
        <con:credentials>
          <con:selectedAuthProfile>Basic</con:selectedAuthProfile>
          <con:addedBasicAuthenticationTypes>Basic</con:addedBasicAuthenticationTypes>
          <con:authType>Global HTTP Settings</con:authType>
        </con:credentials>
        <con:jmsConfig JMSDeliveryMode="PERSISTENT"/>
        <con:jmsPropertyConfig/>
        <con:wsaConfig mustUnderstand="NONE" version="200508" action="http://fidus.brussels/services/referencedir/subscribe"/>
        <con:wsrmConfig version="1.2"/>
      </con:call>
      <con:call name="4 - Staging - Worker2 - Request" outgoingWss="Outflow STAG" incomingWss="Inflow STAG" id="d37a71b5-38ac-473e-877b-6a416f4b60b6">
        <con:settings>
          <con:setting id="com.eviware.soapui.impl.wsdl.WsdlRequest@request-headers">&lt;xml-fragment/></con:setting>
        </con:settings>
        <con:encoding>UTF-8</con:encoding>
        <con:endpoint>https://192.168.24.17:8443/services/ReferenceDirService_v1.0</con:endpoint>
        <con:request><![CDATA[<soapenv:Envelope xmlns:soapenv="http://schemas.xmlsoap.org/soap/envelope/" 
xmlns:v1="http://fidus.brussels/service/referencedir/messages/v1" 
xmlns:v11="http://fidus.brussels/type/referencedir/requests/subscribe/v1" 
xmlns:v12="http://fidus.brussels/type/common/messages/v1" 
xmlns:v13="http://fidus.brussels/type/referencedir/requests/v1">
   <soapenv:Header/>
   <soapenv:Body>
      <v1:subscribeReferenceRequest>
         <v11:messageContext>
            <v12:messageId>${=import static java.util.UUID.randomUUID; uuid = randomUUID() as String}</v12:messageId>
            <v12:timestamp>${=new java.text.SimpleDateFormat("yyyy-MM-dd'T'HH:mm:ss.SSS").format(new Date())}</v12:timestamp>
         </v11:messageContext>
         <v11:legalContext>ServiceIntegrator</v11:legalContext>
         <v11:subscriptionRequest>
            <v13:reference>
               <v13:personNumber>85081509931</v13:personNumber>
            </v13:reference>
            <!--Optional:-->
            <v13:endDate>${=new java.text.SimpleDateFormat("yyyy-MM-dd").format(new Date() + 1)}</v13:endDate>
         </v11:subscriptionRequest>
      </v1:subscribeReferenceRequest>
   </soapenv:Body>
</soapenv:Envelope>]]></con:request>
        <con:credentials>
          <con:selectedAuthProfile>Basic</con:selectedAuthProfile>
          <con:addedBasicAuthenticationTypes>Basic</con:addedBasicAuthenticationTypes>
          <con:authType>Global HTTP Settings</con:authType>
        </con:credentials>
        <con:jmsConfig JMSDeliveryMode="PERSISTENT"/>
        <con:jmsPropertyConfig/>
        <con:wsaConfig mustUnderstand="NONE" version="200508" action="http://fidus.brussels/services/referencedir/subscribe"/>
        <con:wsrmConfig version="1.2"/>
      </con:call>
      <con:call name="4 - Staging - LB - Request" outgoingWss="Outflow STAG" incomingWss="Inflow STAG" id="133b22fb-f479-4d65-82d3-e8d8dca8f95a">
        <con:settings>
          <con:setting id="com.eviware.soapui.impl.wsdl.WsdlRequest@request-headers">&lt;xml-fragment/></con:setting>
        </con:settings>
        <con:encoding>UTF-8</con:encoding>
        <con:endpoint>https://fidus-esb-sg.sta.srv.cirb.lan:8443/services/ReferenceDirService_v1.0</con:endpoint>
        <con:request><![CDATA[<soapenv:Envelope xmlns:soapenv="http://schemas.xmlsoap.org/soap/envelope/" 
xmlns:v1="http://fidus.brussels/service/referencedir/messages/v1" 
xmlns:v11="http://fidus.brussels/type/referencedir/requests/subscribe/v1" 
xmlns:v12="http://fidus.brussels/type/common/messages/v1" 
xmlns:v13="http://fidus.brussels/type/referencedir/requests/v1">
   <soapenv:Header/>
   <soapenv:Body>
      <v1:subscribeReferenceRequest>
         <v11:messageContext>
            <v12:messageId>${=import static java.util.UUID.randomUUID; uuid = randomUUID() as String}</v12:messageId>
            <v12:timestamp>${=new java.text.SimpleDateFormat("yyyy-MM-dd'T'HH:mm:ss.SSS").format(new Date())}</v12:timestamp>
         </v11:messageContext>
         <v11:legalContext>ServiceIntegrator</v11:legalContext>
         <v11:subscriptionRequest>
            <v13:reference>
               <v13:personNumber>89102413022</v13:personNumber>
            </v13:reference>
            <!--Optional:-->
            <v13:endDate>${=new java.text.SimpleDateFormat("yyyy-MM-dd").format(new Date() + 1)}</v13:endDate>
         </v11:subscriptionRequest>
      </v1:subscribeReferenceRequest>
   </soapenv:Body>
</soapenv:Envelope>]]></con:request>
        <con:credentials>
          <con:selectedAuthProfile>Basic</con:selectedAuthProfile>
          <con:addedBasicAuthenticationTypes>Basic</con:addedBasicAuthenticationTypes>
          <con:authType>Global HTTP Settings</con:authType>
        </con:credentials>
        <con:jmsConfig JMSDeliveryMode="PERSISTENT"/>
        <con:jmsPropertyConfig/>
        <con:wsaConfig mustUnderstand="NONE" version="200508" action="http://fidus.brussels/services/referencedir/subscribe"/>
        <con:wsrmConfig version="1.2"/>
      </con:call>
      <con:call name="4 - Staging - External - Request" outgoingWss="Outflow STAG" incomingWss="Inflow STAG" id="54ca9107-3f47-4bec-9689-b4f573d98374">
        <con:settings>
          <con:setting id="com.eviware.soapui.impl.wsdl.WsdlRequest@request-headers">&lt;xml-fragment/></con:setting>
        </con:settings>
        <con:encoding>UTF-8</con:encoding>
        <con:endpoint>https://fidus.irisnetlab.be/services/ReferenceDirService_v1.0</con:endpoint>
        <con:request><![CDATA[<soapenv:Envelope xmlns:soapenv="http://schemas.xmlsoap.org/soap/envelope/" 
xmlns:v1="http://fidus.brussels/service/referencedir/messages/v1" 
xmlns:v11="http://fidus.brussels/type/referencedir/requests/subscribe/v1" 
xmlns:v12="http://fidus.brussels/type/common/messages/v1" 
xmlns:v13="http://fidus.brussels/type/referencedir/requests/v1">
   <soapenv:Header/>
   <soapenv:Body>
      <v1:subscribeReferenceRequest>
         <v11:messageContext>
            <v12:messageId>${=import static java.util.UUID.randomUUID; uuid = randomUUID() as String}</v12:messageId>
            <v12:timestamp>${=new java.text.SimpleDateFormat("yyyy-MM-dd'T'HH:mm:ss.SSS").format(new Date())}</v12:timestamp>
         </v11:messageContext>
         <v11:legalContext>ServiceIntegrator</v11:legalContext>
         <v11:subscriptionRequest>
            <v13:reference>
               <v13:personNumber>89102413022</v13:personNumber>
            </v13:reference>
            <!--Optional:-->
            <v13:endDate>${=new java.text.SimpleDateFormat("yyyy-MM-dd").format(new Date() + 1)}</v13:endDate>
         </v11:subscriptionRequest>
      </v1:subscribeReferenceRequest>
   </soapenv:Body>
</soapenv:Envelope>]]></con:request>
        <con:credentials>
          <con:selectedAuthProfile>Basic</con:selectedAuthProfile>
          <con:addedBasicAuthenticationTypes>Basic</con:addedBasicAuthenticationTypes>
          <con:authType>Global HTTP Settings</con:authType>
        </con:credentials>
        <con:jmsConfig JMSDeliveryMode="PERSISTENT"/>
        <con:jmsPropertyConfig/>
        <con:wsaConfig mustUnderstand="NONE" version="200508" action="http://fidus.brussels/services/referencedir/subscribe"/>
        <con:wsrmConfig version="1.2"/>
      </con:call>
      <con:call name="5 - Prod - External - Request" outgoingWss="Outflow PROD" incomingWss="Inflow PROD" id="674d177e-f194-4130-9672-a98aacb3c5fd">
        <con:settings>
          <con:setting id="com.eviware.soapui.impl.wsdl.WsdlRequest@request-headers">&lt;xml-fragment/></con:setting>
        </con:settings>
        <con:encoding>UTF-8</con:encoding>
        <con:endpoint>https://fidus.sec.brussels/services/ReferenceDirService_v1.0</con:endpoint>
        <con:request><![CDATA[<soapenv:Envelope xmlns:soapenv="http://schemas.xmlsoap.org/soap/envelope/" 
xmlns:v1="http://fidus.brussels/service/referencedir/messages/v1" 
xmlns:v11="http://fidus.brussels/type/referencedir/requests/subscribe/v1" 
xmlns:v12="http://fidus.brussels/type/common/messages/v1" 
xmlns:v13="http://fidus.brussels/type/referencedir/requests/v1">
   <soapenv:Header/>
   <soapenv:Body>
      <v1:subscribeReferenceRequest>
         <v11:messageContext>
            <v12:messageId>${=import static java.util.UUID.randomUUID; uuid = randomUUID() as String}</v12:messageId>
            <v12:timestamp>${=new java.text.SimpleDateFormat("yyyy-MM-dd'T'HH:mm:ss.SSS").format(new Date())}</v12:timestamp>
         </v11:messageContext>
         <v11:legalContext>SocialTenantCandidate</v11:legalContext>
         <v11:subscriptionRequest>
            <v13:reference>
               <v13:personNumber>71011353588</v13:personNumber>
            </v13:reference>
            <!--Optional:-->
            <v13:endDate>${=new java.text.SimpleDateFormat("yyyy-MM-dd").format(new Date() + 1)}</v13:endDate>
         </v11:subscriptionRequest>
      </v1:subscribeReferenceRequest>
   </soapenv:Body>
</soapenv:Envelope>]]></con:request>
        <con:credentials>
          <con:selectedAuthProfile>Basic</con:selectedAuthProfile>
          <con:addedBasicAuthenticationTypes>Basic</con:addedBasicAuthenticationTypes>
          <con:authType>Global HTTP Settings</con:authType>
        </con:credentials>
        <con:jmsConfig JMSDeliveryMode="PERSISTENT"/>
        <con:jmsPropertyConfig/>
        <con:wsaConfig mustUnderstand="NONE" version="200508" action="http://fidus.brussels/services/referencedir/subscribeReference"/>
        <con:wsrmConfig version="1.2"/>
      </con:call>
      <con:call name="5 - Prod - LB - Request" outgoingWss="Outflow PROD" incomingWss="Inflow PROD" id="e68c9c91-a621-4466-a8a8-7794329df9fd">
        <con:settings>
          <con:setting id="com.eviware.soapui.impl.wsdl.WsdlRequest@request-headers">&lt;xml-fragment/></con:setting>
        </con:settings>
        <con:encoding>UTF-8</con:encoding>
        <con:endpoint>https://fidus-esb-sg.prd.srv.cirb.lan:8443/services/ReferenceDirService_v1.0</con:endpoint>
        <con:request><![CDATA[<soapenv:Envelope xmlns:soapenv="http://schemas.xmlsoap.org/soap/envelope/" 
xmlns:v1="http://fidus.brussels/service/referencedir/messages/v1" 
xmlns:v11="http://fidus.brussels/type/referencedir/requests/subscribe/v1" 
xmlns:v12="http://fidus.brussels/type/common/messages/v1" 
xmlns:v13="http://fidus.brussels/type/referencedir/requests/v1">
   <soapenv:Header/>
   <soapenv:Body>
      <v1:subscribeReferenceRequest>
         <v11:messageContext>
            <v12:messageId>${=import static java.util.UUID.randomUUID; uuid = randomUUID() as String}</v12:messageId>
            <v12:timestamp>${=new java.text.SimpleDateFormat("yyyy-MM-dd'T'HH:mm:ss.SSS").format(new Date())}</v12:timestamp>
         </v11:messageContext>
         <v11:legalContext>ServiceIntegrator</v11:legalContext>
         <v11:subscriptionRequest>
            <v13:reference>
               <v13:personNumber>89102413022</v13:personNumber>
            </v13:reference>
            <!--Optional:-->
            <v13:endDate>${=new java.text.SimpleDateFormat("yyyy-MM-dd").format(new Date() + 1)}</v13:endDate>
         </v11:subscriptionRequest>
      </v1:subscribeReferenceRequest>
   </soapenv:Body>
</soapenv:Envelope>]]></con:request>
        <con:credentials>
          <con:selectedAuthProfile>Basic</con:selectedAuthProfile>
          <con:addedBasicAuthenticationTypes>Basic</con:addedBasicAuthenticationTypes>
          <con:authType>Global HTTP Settings</con:authType>
        </con:credentials>
        <con:jmsConfig JMSDeliveryMode="PERSISTENT"/>
        <con:jmsPropertyConfig/>
        <con:wsaConfig mustUnderstand="NONE" version="200508" action="http://fidus.brussels/services/referencedir/subscribeReference"/>
        <con:wsrmConfig version="1.2"/>
      </con:call>
      <con:call name="5 - Prod - Worker1 - Request" incomingWss="Inflow PROD" outgoingWss="Outflow PROD" id="49a54d64-bec1-4acc-a4e9-f023494b1fb7">
        <con:settings>
          <con:setting id="com.eviware.soapui.impl.wsdl.WsdlRequest@request-headers">&lt;xml-fragment/></con:setting>
        </con:settings>
        <con:encoding>UTF-8</con:encoding>
        <con:endpoint>https://192.168.26.22:8443/services/ReferenceDirService_v1.0</con:endpoint>
        <con:request><![CDATA[<soapenv:Envelope xmlns:soapenv="http://schemas.xmlsoap.org/soap/envelope/" 
xmlns:v1="http://fidus.brussels/service/referencedir/messages/v1" 
xmlns:v11="http://fidus.brussels/type/referencedir/requests/subscribe/v1" 
xmlns:v12="http://fidus.brussels/type/common/messages/v1" 
xmlns:v13="http://fidus.brussels/type/referencedir/requests/v1">
   <soapenv:Header/>
   <soapenv:Body>
      <v1:subscribeReferenceRequest>
         <v11:messageContext>
            <v12:messageId>${=import static java.util.UUID.randomUUID; uuid = randomUUID() as String}</v12:messageId>
            <v12:timestamp>${=new java.text.SimpleDateFormat("yyyy-MM-dd'T'HH:mm:ss.SSS").format(new Date())}</v12:timestamp>
         </v11:messageContext>
         <v11:legalContext>ServiceIntegrator</v11:legalContext>
         <v11:subscriptionRequest>
            <v13:reference>
               <v13:personNumber>89102413022</v13:personNumber>
            </v13:reference>
            <!--Optional:-->
            <v13:endDate>${=new java.text.SimpleDateFormat("yyyy-MM-dd").format(new Date() + 1)}</v13:endDate>
         </v11:subscriptionRequest>
      </v1:subscribeReferenceRequest>
   </soapenv:Body>
</soapenv:Envelope>]]></con:request>
        <con:credentials>
          <con:selectedAuthProfile>Basic</con:selectedAuthProfile>
          <con:addedBasicAuthenticationTypes>Basic</con:addedBasicAuthenticationTypes>
          <con:authType>Global HTTP Settings</con:authType>
        </con:credentials>
        <con:jmsConfig JMSDeliveryMode="PERSISTENT"/>
        <con:jmsPropertyConfig/>
        <con:wsaConfig mustUnderstand="NONE" version="200508" action="http://fidus.brussels/services/referencedir/subscribeReference"/>
        <con:wsrmConfig version="1.2"/>
      </con:call>
      <con:call name="5 - Prod - Worker2 - Request" outgoingWss="Outflow PROD" incomingWss="Inflow PROD" id="466303cc-7d96-4899-b6c8-2656dc00c6e9">
        <con:settings>
          <con:setting id="com.eviware.soapui.impl.wsdl.WsdlRequest@request-headers">&lt;xml-fragment/></con:setting>
        </con:settings>
        <con:encoding>UTF-8</con:encoding>
        <con:endpoint>https://192.168.26.19:8443/services/ReferenceDirService_v1.0</con:endpoint>
        <con:request><![CDATA[<soapenv:Envelope xmlns:soapenv="http://schemas.xmlsoap.org/soap/envelope/" 
xmlns:v1="http://fidus.brussels/service/referencedir/messages/v1" 
xmlns:v11="http://fidus.brussels/type/referencedir/requests/subscribe/v1" 
xmlns:v12="http://fidus.brussels/type/common/messages/v1" 
xmlns:v13="http://fidus.brussels/type/referencedir/requests/v1">
   <soapenv:Header/>
   <soapenv:Body>
      <v1:subscribeReferenceRequest>
         <v11:messageContext>
            <v12:messageId>${=import static java.util.UUID.randomUUID; uuid = randomUUID() as String}</v12:messageId>
            <v12:timestamp>${=new java.text.SimpleDateFormat("yyyy-MM-dd'T'HH:mm:ss.SSS").format(new Date())}</v12:timestamp>
         </v11:messageContext>
         <v11:legalContext>ServiceIntegrator</v11:legalContext>
         <v11:subscriptionRequest>
            <v13:reference>
               <v13:personNumber>89102413022</v13:personNumber>
            </v13:reference>
            <!--Optional:-->
            <v13:endDate>${=new java.text.SimpleDateFormat("yyyy-MM-dd").format(new Date() + 1)}</v13:endDate>
         </v11:subscriptionRequest>
      </v1:subscribeReferenceRequest>
   </soapenv:Body>
</soapenv:Envelope>]]></con:request>
        <con:credentials>
          <con:selectedAuthProfile>Basic</con:selectedAuthProfile>
          <con:addedBasicAuthenticationTypes>Basic</con:addedBasicAuthenticationTypes>
          <con:authType>Global HTTP Settings</con:authType>
        </con:credentials>
        <con:jmsConfig JMSDeliveryMode="PERSISTENT"/>
        <con:jmsPropertyConfig/>
        <con:wsaConfig mustUnderstand="NONE" version="200508" action="http://fidus.brussels/services/referencedir/subscribeReference"/>
        <con:wsrmConfig version="1.2"/>
      </con:call>
    <con:call id="52521c24-4ffd-49f0-98e5-a12767fa7be4" name="2 - DevNew - Request" outgoingWss="Outflow DEV" incomingWss="Inflow DEV"><con:settings><con:setting id="com.eviware.soapui.impl.wsdl.WsdlRequest@request-headers">&lt;xml-fragment/></con:setting></con:settings><con:encoding>UTF-8</con:encoding><con:endpoint>https://192.168.36.205:8243/services/ReferenceDirService_v1.0</con:endpoint><con:request><![CDATA[<soapenv:Envelope xmlns:soapenv="http://schemas.xmlsoap.org/soap/envelope/" 
xmlns:v1="http://fidus.brussels/service/referencedir/messages/v1" 
xmlns:v11="http://fidus.brussels/type/referencedir/requests/subscribe/v1" 
xmlns:v12="http://fidus.brussels/type/common/messages/v1" 
xmlns:v13="http://fidus.brussels/type/referencedir/requests/v1">
   <soapenv:Header/>
   <soapenv:Body>
      <v1:subscribeReferenceRequest>
         <v11:messageContext>
            <v12:messageId>${=import static java.util.UUID.randomUUID; uuid = randomUUID() as String}</v12:messageId>
            <v12:timestamp>${=new java.text.SimpleDateFormat("yyyy-MM-dd'T'HH:mm:ss.SSS").format(new Date())}</v12:timestamp>
         </v11:messageContext>
         <v11:legalContext>ServiceIntegrator</v11:legalContext>
         <v11:subscriptionRequest>
            <v13:reference>
               <v13:personNumber>12003001507</v13:personNumber>
            </v13:reference>
            <!--Optional:-->
            <v13:endDate>${=new java.text.SimpleDateFormat("yyyy-MM-dd").format(new Date() + 1)}</v13:endDate>
         </v11:subscriptionRequest>
      </v1:subscribeReferenceRequest>
   </soapenv:Body>
</soapenv:Envelope>]]></con:request><con:credentials>
          <con:selectedAuthProfile>Basic</con:selectedAuthProfile>
          <con:addedBasicAuthenticationTypes>Basic</con:addedBasicAuthenticationTypes>
          <con:authType>Global HTTP Settings</con:authType>
        </con:credentials><con:jmsConfig JMSDeliveryMode="PERSISTENT"/><con:jmsPropertyConfig/><con:wsaConfig mustUnderstand="NONE" version="200508" action="http://fidus.brussels/services/referencedir/subscribeReference"/><con:wsrmConfig version="1.2"/></con:call><con:call id="bce2f8ff-5cc9-4714-88dc-5b9457af1030" name="3 - Test - Worker1New - Request" outgoingWss="Outflow TEST" incomingWss="Inflow TEST"><con:settings><con:setting id="com.eviware.soapui.impl.wsdl.WsdlRequest@request-headers">&lt;xml-fragment/></con:setting></con:settings><con:encoding>UTF-8</con:encoding><con:endpoint>https://192.168.22.73:8443/services/ReferenceDirService_v1.0</con:endpoint><con:request><![CDATA[<soapenv:Envelope xmlns:soapenv="http://schemas.xmlsoap.org/soap/envelope/" 
xmlns:v1="http://fidus.brussels/service/referencedir/messages/v1" 
xmlns:v11="http://fidus.brussels/type/referencedir/requests/subscribe/v1" 
xmlns:v12="http://fidus.brussels/type/common/messages/v1" 
xmlns:v13="http://fidus.brussels/type/referencedir/requests/v1">
   <soapenv:Header/>
   <soapenv:Body>
      <v1:subscribeReferenceRequest>
         <v11:messageContext>
            <v12:messageId>${=import static java.util.UUID.randomUUID; uuid = randomUUID() as String}</v12:messageId>
            <v12:timestamp>${=new java.text.SimpleDateFormat("yyyy-MM-dd'T'HH:mm:ss.SSS").format(new Date())}</v12:timestamp>
         </v11:messageContext>
         <v11:legalContext>ServiceIntegrator</v11:legalContext>
         <v11:subscriptionRequest>
            <v13:reference>
               <v13:personNumber>89102413022</v13:personNumber>
            </v13:reference>
            <!--Optional:-->
            <v13:endDate>${=new java.text.SimpleDateFormat("yyyy-MM-dd").format(new Date() + 1)}</v13:endDate>
         </v11:subscriptionRequest>
      </v1:subscribeReferenceRequest>
   </soapenv:Body>
</soapenv:Envelope>]]></con:request><con:credentials>
          <con:selectedAuthProfile>Basic</con:selectedAuthProfile>
          <con:addedBasicAuthenticationTypes>Basic</con:addedBasicAuthenticationTypes>
          <con:authType>Global HTTP Settings</con:authType>
        </con:credentials><con:jmsConfig JMSDeliveryMode="PERSISTENT"/><con:jmsPropertyConfig/><con:wsaConfig mustUnderstand="NONE" version="200508" action="http://fidus.brussels/services/referencedir/subscribeReference"/><con:wsrmConfig version="1.2"/></con:call><con:call id="5fd837ab-ad99-4bc8-a16d-a2d554a041c5" name="3 - Test - Worker2New - Request" outgoingWss="Outflow TEST" incomingWss="Inflow TEST"><con:settings><con:setting id="com.eviware.soapui.impl.wsdl.WsdlRequest@request-headers">&lt;xml-fragment/></con:setting></con:settings><con:encoding>UTF-8</con:encoding><con:endpoint>https://192.168.22.93:8443/services/ReferenceDirService_v1.0</con:endpoint><con:request><![CDATA[<soapenv:Envelope xmlns:soapenv="http://schemas.xmlsoap.org/soap/envelope/" 
xmlns:v1="http://fidus.brussels/service/referencedir/messages/v1" 
xmlns:v11="http://fidus.brussels/type/referencedir/requests/subscribe/v1" 
xmlns:v12="http://fidus.brussels/type/common/messages/v1" 
xmlns:v13="http://fidus.brussels/type/referencedir/requests/v1">
   <soapenv:Header/>
   <soapenv:Body>
      <v1:subscribeReferenceRequest>
         <v11:messageContext>
            <v12:messageId>${=import static java.util.UUID.randomUUID; uuid = randomUUID() as String}</v12:messageId>
            <v12:timestamp>${=new java.text.SimpleDateFormat("yyyy-MM-dd'T'HH:mm:ss.SSS").format(new Date())}</v12:timestamp>
         </v11:messageContext>
         <v11:legalContext>ServiceIntegrator</v11:legalContext>
         <v11:subscriptionRequest>
            <v13:reference>
               <v13:personNumber>89102413022</v13:personNumber>
            </v13:reference>
            <!--Optional:-->
            <v13:endDate>${=new java.text.SimpleDateFormat("yyyy-MM-dd").format(new Date() + 1)}</v13:endDate>
         </v11:subscriptionRequest>
      </v1:subscribeReferenceRequest>
   </soapenv:Body>
</soapenv:Envelope>]]></con:request><con:credentials>
          <con:selectedAuthProfile>Basic</con:selectedAuthProfile>
          <con:addedBasicAuthenticationTypes>Basic</con:addedBasicAuthenticationTypes>
          <con:authType>Global HTTP Settings</con:authType>
        </con:credentials><con:jmsConfig JMSDeliveryMode="PERSISTENT"/><con:jmsPropertyConfig/><con:wsaConfig mustUnderstand="NONE" version="200508" action="http://fidus.brussels/services/referencedir/subscribeReference"/><con:wsrmConfig version="1.2"/></con:call><con:call id="8680283a-3700-4baf-93a2-e6a3a960e14a" name="4 - Staging - Worker1New - Request"><con:settings><con:setting id="com.eviware.soapui.impl.wsdl.WsdlRequest@request-headers">&lt;xml-fragment/></con:setting></con:settings><con:encoding>UTF-8</con:encoding><con:endpoint>https://192.168.23.191:8443/services/ReferenceDirService_v1.0</con:endpoint><con:request><![CDATA[<soapenv:Envelope xmlns:soapenv="http://schemas.xmlsoap.org/soap/envelope/" 
xmlns:v1="http://fidus.brussels/service/referencedir/messages/v1" 
xmlns:v11="http://fidus.brussels/type/referencedir/requests/subscribe/v1" 
xmlns:v12="http://fidus.brussels/type/common/messages/v1" 
xmlns:v13="http://fidus.brussels/type/referencedir/requests/v1">
   <soapenv:Header/>
   <soapenv:Body>
      <v1:subscribeReferenceRequest>
         <v11:messageContext>
            <v12:messageId>${=import static java.util.UUID.randomUUID; uuid = randomUUID() as String}</v12:messageId>
            <v12:timestamp>${=new java.text.SimpleDateFormat("yyyy-MM-dd'T'HH:mm:ss.SSS").format(new Date())}</v12:timestamp>
         </v11:messageContext>
         <v11:legalContext>ServiceIntegrator</v11:legalContext>
         <v11:subscriptionRequest>
            <v13:reference>
               <v13:personNumber>85081509931</v13:personNumber>
            </v13:reference>
            <!--Optional:-->
            <v13:endDate>${=new java.text.SimpleDateFormat("yyyy-MM-dd").format(new Date() + 1)}</v13:endDate>
         </v11:subscriptionRequest>
      </v1:subscribeReferenceRequest>
   </soapenv:Body>
</soapenv:Envelope>]]></con:request><con:credentials>
          <con:selectedAuthProfile>Basic</con:selectedAuthProfile>
          <con:addedBasicAuthenticationTypes>Basic</con:addedBasicAuthenticationTypes>
          <con:authType>Global HTTP Settings</con:authType>
        </con:credentials><con:jmsConfig JMSDeliveryMode="PERSISTENT"/><con:jmsPropertyConfig/><con:wsaConfig mustUnderstand="NONE" version="200508" action="http://fidus.brussels/services/referencedir/subscribeReference"/><con:wsrmConfig version="1.2"/></con:call><con:call id="a4f626cc-4149-4d7a-9bee-ce45565f0172" name="4 - Staging - Worker2New - Request"><con:settings><con:setting id="com.eviware.soapui.impl.wsdl.WsdlRequest@request-headers">&lt;xml-fragment/></con:setting></con:settings><con:encoding>UTF-8</con:encoding><con:endpoint>https://192.168.23.198:8443/services/ReferenceDirService_v1.0</con:endpoint><con:request><![CDATA[<soapenv:Envelope xmlns:soapenv="http://schemas.xmlsoap.org/soap/envelope/" 
xmlns:v1="http://fidus.brussels/service/referencedir/messages/v1" 
xmlns:v11="http://fidus.brussels/type/referencedir/requests/subscribe/v1" 
xmlns:v12="http://fidus.brussels/type/common/messages/v1" 
xmlns:v13="http://fidus.brussels/type/referencedir/requests/v1">
   <soapenv:Header/>
   <soapenv:Body>
      <v1:subscribeReferenceRequest>
         <v11:messageContext>
            <v12:messageId>${=import static java.util.UUID.randomUUID; uuid = randomUUID() as String}</v12:messageId>
            <v12:timestamp>${=new java.text.SimpleDateFormat("yyyy-MM-dd'T'HH:mm:ss.SSS").format(new Date())}</v12:timestamp>
         </v11:messageContext>
         <v11:legalContext>ServiceIntegrator</v11:legalContext>
         <v11:subscriptionRequest>
            <v13:reference>
               <v13:personNumber>85081509931</v13:personNumber>
            </v13:reference>
            <!--Optional:-->
            <v13:endDate>${=new java.text.SimpleDateFormat("yyyy-MM-dd").format(new Date() + 1)}</v13:endDate>
         </v11:subscriptionRequest>
      </v1:subscribeReferenceRequest>
   </soapenv:Body>
</soapenv:Envelope>]]></con:request><con:credentials>
          <con:selectedAuthProfile>Basic</con:selectedAuthProfile>
          <con:addedBasicAuthenticationTypes>Basic</con:addedBasicAuthenticationTypes>
          <con:authType>Global HTTP Settings</con:authType>
        </con:credentials><con:jmsConfig JMSDeliveryMode="PERSISTENT"/><con:jmsPropertyConfig/><con:wsaConfig mustUnderstand="NONE" version="200508" action="http://fidus.brussels/services/referencedir/subscribeReference"/><con:wsrmConfig version="1.2"/></con:call></con:operation>
    <con:operation isOneWay="false" action="http://fidus.brussels/services/referencedir/unsubscribeReference" name="unsubscribeReference" bindingOperationName="unsubscribeReference" type="Request-Response" inputName="" receivesAttachments="false" sendsAttachments="false" anonymous="optional" id="a51d4d13-ee2a-4d6e-87c7-5d91e1d46e0a">
      <con:settings/>
      <con:call name="1 - Local - Request" outgoingWss="Outflow DEV" incomingWss="Inflow DEV" id="e86e7bc0-c69f-4462-abba-cea15385ca21">
        <con:settings>
          <con:setting id="com.eviware.soapui.impl.wsdl.WsdlRequest@request-headers">&lt;xml-fragment/></con:setting>
        </con:settings>
        <con:encoding>UTF-8</con:encoding>
        <con:endpoint>http://localhost.localdomain:8243/services/ReferenceDirService_v1.0</con:endpoint>
        <con:request><![CDATA[<soapenv:Envelope xmlns:soapenv="http://schemas.xmlsoap.org/soap/envelope/" xmlns:v1="http://fidus.brussels/service/referencedir/messages/v1" xmlns:v11="http://fidus.brussels/type/referencedir/requests/unsubscribe/v1" xmlns:v12="http://fidus.brussels/type/common/messages/v1" xmlns:v13="http://fidus.brussels/type/referencedir/requests/v1">
   <soapenv:Header/>
   <soapenv:Body>
      <v1:unsubscribeReferenceRequest>
         <v11:messageContext>
            <v12:messageId>${=import static java.util.UUID.randomUUID; uuid = randomUUID() as String}</v12:messageId>
            <v12:timestamp>${=new java.text.SimpleDateFormat("yyyy-MM-dd'T'HH:mm:ss.SSS").format(new Date())}</v12:timestamp>
         </v11:messageContext>
         <v11:legalContext>ServiceIntegrator</v11:legalContext>
         <v11:unsubscriptionRequest>
            <v13:reference>
               <v13:personNumber>89102413022</v13:personNumber>
            </v13:reference>
         </v11:unsubscriptionRequest>
      </v1:unsubscribeReferenceRequest>
   </soapenv:Body>
</soapenv:Envelope>]]></con:request>
        <con:credentials>
          <con:selectedAuthProfile>Basic</con:selectedAuthProfile><con:addedBasicAuthenticationTypes>Basic</con:addedBasicAuthenticationTypes><con:authType>Global HTTP Settings</con:authType>
        </con:credentials>
        <con:jmsConfig JMSDeliveryMode="PERSISTENT"/>
        <con:jmsPropertyConfig/>
        <con:wsaConfig mustUnderstand="NONE" version="200508" action="http://fidus.brussels/services/referencedir/unsubscribe"/>
        <con:wsrmConfig version="1.2"/>
      </con:call>
      <con:call name="2 - Dev - Request" outgoingWss="Outflow DEV" incomingWss="Inflow DEV" id="b8474674-dc27-4c0e-8f9f-548611ae23a2">
        <con:settings>
          <con:setting id="com.eviware.soapui.impl.wsdl.WsdlRequest@request-headers">&lt;xml-fragment/></con:setting>
        </con:settings>
        <con:encoding>UTF-8</con:encoding>
        <con:endpoint>https://192.168.36.61:8243/services/ReferenceDirService_v1.0</con:endpoint>
        <con:request><![CDATA[<soapenv:Envelope xmlns:soapenv="http://schemas.xmlsoap.org/soap/envelope/" xmlns:v1="http://fidus.brussels/service/referencedir/messages/v1" xmlns:v11="http://fidus.brussels/type/referencedir/requests/unsubscribe/v1" xmlns:v12="http://fidus.brussels/type/common/messages/v1" xmlns:v13="http://fidus.brussels/type/referencedir/requests/v1">
   <soapenv:Header/>
   <soapenv:Body>
      <v1:unsubscribeReferenceRequest>
         <v11:messageContext>
            <v12:messageId>${=import static java.util.UUID.randomUUID; uuid = randomUUID() as String}</v12:messageId>
            <v12:timestamp>${=new java.text.SimpleDateFormat("yyyy-MM-dd'T'HH:mm:ss.SSS").format(new Date())}</v12:timestamp>
         </v11:messageContext>
         <v11:legalContext>ServiceIntegrator</v11:legalContext>
         <v11:unsubscriptionRequest>
            <v13:reference>
               <v13:personNumber>89102413022</v13:personNumber>
            </v13:reference>
         </v11:unsubscriptionRequest>
      </v1:unsubscribeReferenceRequest>
   </soapenv:Body>
</soapenv:Envelope>]]></con:request>
        <con:credentials>
          <con:selectedAuthProfile>Basic</con:selectedAuthProfile><con:addedBasicAuthenticationTypes>Basic</con:addedBasicAuthenticationTypes><con:authType>Global HTTP Settings</con:authType>
        </con:credentials>
        <con:jmsConfig JMSDeliveryMode="PERSISTENT"/>
        <con:jmsPropertyConfig/>
        <con:wsaConfig mustUnderstand="NONE" version="200508" action="http://fidus.brussels/services/referencedir/unsubscribe"/>
        <con:wsrmConfig version="1.2"/>
      </con:call>
      <con:call name="3 - Test - External - Request" outgoingWss="Outflow TEST" incomingWss="Inflow TEST" id="767dd2a0-0941-48bb-aec1-91d370c20aef">
        <con:settings>
          <con:setting id="com.eviware.soapui.impl.wsdl.WsdlRequest@request-headers">&lt;xml-fragment/></con:setting>
        </con:settings>
        <con:encoding>UTF-8</con:encoding>
        <con:endpoint>https://fidus-test.irisnetlab.be/services/ReferenceDirService_v1.0</con:endpoint>
        <con:request><![CDATA[<soapenv:Envelope xmlns:soapenv="http://schemas.xmlsoap.org/soap/envelope/" xmlns:v1="http://fidus.brussels/service/referencedir/messages/v1" xmlns:v11="http://fidus.brussels/type/referencedir/requests/unsubscribe/v1" xmlns:v12="http://fidus.brussels/type/common/messages/v1" xmlns:v13="http://fidus.brussels/type/referencedir/requests/v1">
   <soapenv:Header/>
   <soapenv:Body>
      <v1:unsubscribeReferenceRequest>
         <v11:messageContext>
            <v12:messageId>${=import static java.util.UUID.randomUUID; uuid = randomUUID() as String}</v12:messageId>
            <v12:timestamp>${=new java.text.SimpleDateFormat("yyyy-MM-dd'T'HH:mm:ss.SSS").format(new Date())}</v12:timestamp>
         </v11:messageContext>
         <v11:legalContext>ServiceIntegrator</v11:legalContext>
         <v11:unsubscriptionRequest>
            <v13:reference>
               <v13:personNumber>89102413022</v13:personNumber>
            </v13:reference>
         </v11:unsubscriptionRequest>
      </v1:unsubscribeReferenceRequest>
   </soapenv:Body>
</soapenv:Envelope>]]></con:request>
        <con:credentials>
          <con:selectedAuthProfile>Basic</con:selectedAuthProfile><con:addedBasicAuthenticationTypes>Basic</con:addedBasicAuthenticationTypes><con:authType>Global HTTP Settings</con:authType>
        </con:credentials>
        <con:jmsConfig JMSDeliveryMode="PERSISTENT"/>
        <con:jmsPropertyConfig/>
        <con:wsaConfig mustUnderstand="NONE" version="200508" action="http://fidus.brussels/services/referencedir/unsubscribe"/>
        <con:wsrmConfig version="1.2"/>
      </con:call>
      <con:call name="3 - Test - LB - Request" outgoingWss="Outflow TEST" incomingWss="Inflow TEST" id="537ce3e6-80bd-4c31-bbf7-1187707f47c5">
        <con:settings>
          <con:setting id="com.eviware.soapui.impl.wsdl.WsdlRequest@request-headers">&lt;xml-fragment/></con:setting>
        </con:settings>
        <con:encoding>UTF-8</con:encoding>
        <con:endpoint>https://esb-security-gw.sta.srv.cirb.lan:8443/services/ReferenceDirService_v1.0</con:endpoint>
        <con:request><![CDATA[<soapenv:Envelope xmlns:soapenv="http://schemas.xmlsoap.org/soap/envelope/" xmlns:v1="http://fidus.brussels/service/referencedir/messages/v1" xmlns:v11="http://fidus.brussels/type/referencedir/requests/unsubscribe/v1" xmlns:v12="http://fidus.brussels/type/common/messages/v1" xmlns:v13="http://fidus.brussels/type/referencedir/requests/v1">
   <soapenv:Header/>
   <soapenv:Body>
      <v1:unsubscribeReferenceRequest>
         <v11:messageContext>
            <v12:messageId>${=import static java.util.UUID.randomUUID; uuid = randomUUID() as String}</v12:messageId>
            <v12:timestamp>${=new java.text.SimpleDateFormat("yyyy-MM-dd'T'HH:mm:ss.SSS").format(new Date())}</v12:timestamp>
         </v11:messageContext>
         <v11:legalContext>ServiceIntegrator</v11:legalContext>
         <v11:unsubscriptionRequest>
            <v13:reference>
               <v13:personNumber>89102413022</v13:personNumber>
            </v13:reference>
         </v11:unsubscriptionRequest>
      </v1:unsubscribeReferenceRequest>
   </soapenv:Body>
</soapenv:Envelope>]]></con:request>
        <con:credentials>
          <con:selectedAuthProfile>Basic</con:selectedAuthProfile><con:addedBasicAuthenticationTypes>Basic</con:addedBasicAuthenticationTypes><con:authType>Global HTTP Settings</con:authType>
        </con:credentials>
        <con:jmsConfig JMSDeliveryMode="PERSISTENT"/>
        <con:jmsPropertyConfig/>
        <con:wsaConfig mustUnderstand="NONE" version="200508" action="http://fidus.brussels/services/referencedir/unsubscribe"/>
        <con:wsrmConfig version="1.2"/>
      </con:call>
      <con:call name="3 - Test - Worker1 - Request" outgoingWss="Outflow TEST" incomingWss="Inflow TEST" id="99d1994f-493b-4f09-89d6-cc3bcd3f6542">
        <con:settings>
          <con:setting id="com.eviware.soapui.impl.wsdl.WsdlRequest@request-headers">&lt;xml-fragment/></con:setting>
        </con:settings>
        <con:encoding>UTF-8</con:encoding>
        <con:endpoint>https://192.168.22.53:8443/services/ReferenceDirService_v1.0</con:endpoint>
        <con:request><![CDATA[<soapenv:Envelope xmlns:soapenv="http://schemas.xmlsoap.org/soap/envelope/" xmlns:v1="http://fidus.brussels/service/referencedir/messages/v1" xmlns:v11="http://fidus.brussels/type/referencedir/requests/unsubscribe/v1" xmlns:v12="http://fidus.brussels/type/common/messages/v1" xmlns:v13="http://fidus.brussels/type/referencedir/requests/v1">
   <soapenv:Header/>
   <soapenv:Body>
      <v1:unsubscribeReferenceRequest>
         <v11:messageContext>
            <v12:messageId>${=import static java.util.UUID.randomUUID; uuid = randomUUID() as String}</v12:messageId>
            <v12:timestamp>${=new java.text.SimpleDateFormat("yyyy-MM-dd'T'HH:mm:ss.SSS").format(new Date())}</v12:timestamp>
         </v11:messageContext>
         <v11:legalContext>ServiceIntegrator</v11:legalContext>
         <v11:unsubscriptionRequest>
            <v13:reference>
               <v13:personNumber>89102413022</v13:personNumber>
            </v13:reference>
         </v11:unsubscriptionRequest>
      </v1:unsubscribeReferenceRequest>
   </soapenv:Body>
</soapenv:Envelope>]]></con:request>
        <con:credentials>
          <con:selectedAuthProfile>Basic</con:selectedAuthProfile><con:addedBasicAuthenticationTypes>Basic</con:addedBasicAuthenticationTypes><con:authType>Global HTTP Settings</con:authType>
        </con:credentials>
        <con:jmsConfig JMSDeliveryMode="PERSISTENT"/>
        <con:jmsPropertyConfig/>
        <con:wsaConfig mustUnderstand="NONE" version="200508" action="http://fidus.brussels/services/referencedir/unsubscribe"/>
        <con:wsrmConfig version="1.2"/>
      </con:call>
      <con:call name="3 - Test - Worker2 - Request" outgoingWss="Outflow TEST" incomingWss="Inflow TEST" id="abe5f53a-ef78-4316-859b-9a7f4f5af295">
        <con:settings>
          <con:setting id="com.eviware.soapui.impl.wsdl.WsdlRequest@request-headers">&lt;xml-fragment/></con:setting>
        </con:settings>
        <con:encoding>UTF-8</con:encoding>
        <con:endpoint>https://192.168.22.54:8443/services/ReferenceDirService_v1.0</con:endpoint>
        <con:request><![CDATA[<soapenv:Envelope xmlns:soapenv="http://schemas.xmlsoap.org/soap/envelope/" xmlns:v1="http://fidus.brussels/service/referencedir/messages/v1" xmlns:v11="http://fidus.brussels/type/referencedir/requests/unsubscribe/v1" xmlns:v12="http://fidus.brussels/type/common/messages/v1" xmlns:v13="http://fidus.brussels/type/referencedir/requests/v1">
   <soapenv:Header/>
   <soapenv:Body>
      <v1:unsubscribeReferenceRequest>
         <v11:messageContext>
            <v12:messageId>${=import static java.util.UUID.randomUUID; uuid = randomUUID() as String}</v12:messageId>
            <v12:timestamp>${=new java.text.SimpleDateFormat("yyyy-MM-dd'T'HH:mm:ss.SSS").format(new Date())}</v12:timestamp>
         </v11:messageContext>
         <v11:legalContext>ServiceIntegrator</v11:legalContext>
         <v11:unsubscriptionRequest>
            <v13:reference>
               <v13:personNumber>89102413022</v13:personNumber>
            </v13:reference>
         </v11:unsubscriptionRequest>
      </v1:unsubscribeReferenceRequest>
   </soapenv:Body>
</soapenv:Envelope>]]></con:request>
        <con:credentials>
          <con:selectedAuthProfile>Basic</con:selectedAuthProfile><con:addedBasicAuthenticationTypes>Basic</con:addedBasicAuthenticationTypes><con:authType>Global HTTP Settings</con:authType>
        </con:credentials>
        <con:jmsConfig JMSDeliveryMode="PERSISTENT"/>
        <con:jmsPropertyConfig/>
        <con:wsaConfig mustUnderstand="NONE" version="200508" action="http://fidus.brussels/services/referencedir/unsubscribe"/>
        <con:wsrmConfig version="1.2"/>
      </con:call>
      <con:call name="4 - Staging - External - Request" outgoingWss="Outflow STAG" incomingWss="Inflow STAG" id="1bb9c64a-59f8-4d6e-97f5-d300bcd1f4d3">
        <con:settings>
          <con:setting id="com.eviware.soapui.impl.wsdl.WsdlRequest@request-headers">&lt;xml-fragment/></con:setting>
        </con:settings>
        <con:encoding>UTF-8</con:encoding>
        <con:endpoint>https://fidus.irisnetlab.be/services/ReferenceDirService_v1.0</con:endpoint>
        <con:request><![CDATA[<soapenv:Envelope xmlns:soapenv="http://schemas.xmlsoap.org/soap/envelope/" xmlns:v1="http://fidus.brussels/service/referencedir/messages/v1" xmlns:v11="http://fidus.brussels/type/referencedir/requests/unsubscribe/v1" xmlns:v12="http://fidus.brussels/type/common/messages/v1" xmlns:v13="http://fidus.brussels/type/referencedir/requests/v1">
   <soapenv:Header/>
   <soapenv:Body>
      <v1:unsubscribeReferenceRequest>
         <v11:messageContext>
            <v12:messageId>${=import static java.util.UUID.randomUUID; uuid = randomUUID() as String}</v12:messageId>
            <v12:timestamp>${=new java.text.SimpleDateFormat("yyyy-MM-dd'T'HH:mm:ss.SSS").format(new Date())}</v12:timestamp>
         </v11:messageContext>
         <v11:legalContext>ServiceIntegrator</v11:legalContext>
         <v11:unsubscriptionRequest>
            <v13:reference>
               <v13:personNumber>89102413022</v13:personNumber>
            </v13:reference>
         </v11:unsubscriptionRequest>
      </v1:unsubscribeReferenceRequest>
   </soapenv:Body>
</soapenv:Envelope>]]></con:request>
        <con:credentials>
          <con:selectedAuthProfile>Basic</con:selectedAuthProfile><con:addedBasicAuthenticationTypes>Basic</con:addedBasicAuthenticationTypes><con:authType>Global HTTP Settings</con:authType>
        </con:credentials>
        <con:jmsConfig JMSDeliveryMode="PERSISTENT"/>
        <con:jmsPropertyConfig/>
        <con:wsaConfig mustUnderstand="NONE" version="200508" action="http://fidus.brussels/services/referencedir/unsubscribe"/>
        <con:wsrmConfig version="1.2"/>
      </con:call>
      <con:call name="4 - Staging - LB - Request" outgoingWss="Outflow STAG" incomingWss="Inflow STAG" id="2fe0c0c9-9f41-4d83-a78e-d2e420f6b62a">
        <con:settings>
          <con:setting id="com.eviware.soapui.impl.wsdl.WsdlRequest@request-headers">&lt;xml-fragment/></con:setting>
        </con:settings>
        <con:encoding>UTF-8</con:encoding>
        <con:endpoint>https://fidus-esb-sg.sta.srv.cirb.lan:8443/services/ReferenceDirService_v1.0</con:endpoint>
        <con:request><![CDATA[<soapenv:Envelope xmlns:soapenv="http://schemas.xmlsoap.org/soap/envelope/" xmlns:v1="http://fidus.brussels/service/referencedir/messages/v1" xmlns:v11="http://fidus.brussels/type/referencedir/requests/unsubscribe/v1" xmlns:v12="http://fidus.brussels/type/common/messages/v1" xmlns:v13="http://fidus.brussels/type/referencedir/requests/v1">
   <soapenv:Header/>
   <soapenv:Body>
      <v1:unsubscribeReferenceRequest>
         <v11:messageContext>
            <v12:messageId>${=import static java.util.UUID.randomUUID; uuid = randomUUID() as String}</v12:messageId>
            <v12:timestamp>${=new java.text.SimpleDateFormat("yyyy-MM-dd'T'HH:mm:ss.SSS").format(new Date())}</v12:timestamp>
         </v11:messageContext>
         <v11:legalContext>ServiceIntegrator</v11:legalContext>
         <v11:unsubscriptionRequest>
            <v13:reference>
               <v13:personNumber>89102413022</v13:personNumber>
            </v13:reference>
         </v11:unsubscriptionRequest>
      </v1:unsubscribeReferenceRequest>
   </soapenv:Body>
</soapenv:Envelope>]]></con:request>
        <con:credentials>
          <con:selectedAuthProfile>Basic</con:selectedAuthProfile><con:addedBasicAuthenticationTypes>Basic</con:addedBasicAuthenticationTypes><con:authType>Global HTTP Settings</con:authType>
        </con:credentials>
        <con:jmsConfig JMSDeliveryMode="PERSISTENT"/>
        <con:jmsPropertyConfig/>
        <con:wsaConfig mustUnderstand="NONE" version="200508" action="http://fidus.brussels/services/referencedir/unsubscribe"/>
        <con:wsrmConfig version="1.2"/>
      </con:call>
      <con:call name="4 - Staging - Worker1 - Request" outgoingWss="Outflow STAG" incomingWss="Inflow STAG" id="ba3d257a-444a-4f25-855b-fd9737170ed7">
        <con:settings>
          <con:setting id="com.eviware.soapui.impl.wsdl.WsdlRequest@request-headers">&lt;xml-fragment/></con:setting>
        </con:settings>
        <con:encoding>UTF-8</con:encoding>
        <con:endpoint>https://192.168.24.16:8443/services/ReferenceDirService_v1.0</con:endpoint>
        <con:request><![CDATA[<soapenv:Envelope xmlns:soapenv="http://schemas.xmlsoap.org/soap/envelope/" xmlns:v1="http://fidus.brussels/service/referencedir/messages/v1" xmlns:v11="http://fidus.brussels/type/referencedir/requests/unsubscribe/v1" xmlns:v12="http://fidus.brussels/type/common/messages/v1" xmlns:v13="http://fidus.brussels/type/referencedir/requests/v1">
   <soapenv:Header/>
   <soapenv:Body>
      <v1:unsubscribeReferenceRequest>
         <v11:messageContext>
            <v12:messageId>${=import static java.util.UUID.randomUUID; uuid = randomUUID() as String}</v12:messageId>
            <v12:timestamp>${=new java.text.SimpleDateFormat("yyyy-MM-dd'T'HH:mm:ss.SSS").format(new Date())}</v12:timestamp>
         </v11:messageContext>
         <v11:legalContext>ServiceIntegrator</v11:legalContext>
         <v11:unsubscriptionRequest>
            <v13:reference>
               <v13:personNumber>89102413022</v13:personNumber>
            </v13:reference>
         </v11:unsubscriptionRequest>
      </v1:unsubscribeReferenceRequest>
   </soapenv:Body>
</soapenv:Envelope>]]></con:request>
        <con:credentials>
          <con:selectedAuthProfile>Basic</con:selectedAuthProfile><con:addedBasicAuthenticationTypes>Basic</con:addedBasicAuthenticationTypes><con:authType>Global HTTP Settings</con:authType>
        </con:credentials>
        <con:jmsConfig JMSDeliveryMode="PERSISTENT"/>
        <con:jmsPropertyConfig/>
        <con:wsaConfig mustUnderstand="NONE" version="200508" action="http://fidus.brussels/services/referencedir/unsubscribe"/>
        <con:wsrmConfig version="1.2"/>
      </con:call>
      <con:call name="4 - Staging - Worker2 - Request" outgoingWss="Outflow STAG" incomingWss="Inflow STAG" id="c2d30537-25cc-4c32-8372-af9a42efdbca">
        <con:settings>
          <con:setting id="com.eviware.soapui.impl.wsdl.WsdlRequest@request-headers">&lt;xml-fragment/></con:setting>
        </con:settings>
        <con:encoding>UTF-8</con:encoding>
        <con:endpoint>https://192.168.24.17:8443/services/ReferenceDirService_v1.0</con:endpoint>
        <con:request><![CDATA[<soapenv:Envelope xmlns:soapenv="http://schemas.xmlsoap.org/soap/envelope/" xmlns:v1="http://fidus.brussels/service/referencedir/messages/v1" xmlns:v11="http://fidus.brussels/type/referencedir/requests/unsubscribe/v1" xmlns:v12="http://fidus.brussels/type/common/messages/v1" xmlns:v13="http://fidus.brussels/type/referencedir/requests/v1">
   <soapenv:Header/>
   <soapenv:Body>
      <v1:unsubscribeReferenceRequest>
         <v11:messageContext>
            <v12:messageId>${=import static java.util.UUID.randomUUID; uuid = randomUUID() as String}</v12:messageId>
            <v12:timestamp>${=new java.text.SimpleDateFormat("yyyy-MM-dd'T'HH:mm:ss.SSS").format(new Date())}</v12:timestamp>
         </v11:messageContext>
         <v11:legalContext>ServiceIntegrator</v11:legalContext>
         <v11:unsubscriptionRequest>
            <v13:reference>
               <v13:personNumber>89102413022</v13:personNumber>
            </v13:reference>
         </v11:unsubscriptionRequest>
      </v1:unsubscribeReferenceRequest>
   </soapenv:Body>
</soapenv:Envelope>]]></con:request>
        <con:credentials>
          <con:selectedAuthProfile>Basic</con:selectedAuthProfile><con:addedBasicAuthenticationTypes>Basic</con:addedBasicAuthenticationTypes><con:authType>Global HTTP Settings</con:authType>
        </con:credentials>
        <con:jmsConfig JMSDeliveryMode="PERSISTENT"/>
        <con:jmsPropertyConfig/>
        <con:wsaConfig mustUnderstand="NONE" version="200508" action="http://fidus.brussels/services/referencedir/unsubscribe"/>
        <con:wsrmConfig version="1.2"/>
      </con:call>
    <con:call id="3e7dd300-7f85-43da-88fb-f69c823c1254" name="2 - DevNew - Request" outgoingWss="Outflow DEV" incomingWss="Inflow DEV"><con:settings><con:setting id="com.eviware.soapui.impl.wsdl.WsdlRequest@request-headers">&lt;xml-fragment/></con:setting></con:settings><con:encoding>UTF-8</con:encoding><con:endpoint>https://192.168.36.205:8243/services/ReferenceDirService_v1.0</con:endpoint><con:request><![CDATA[<soapenv:Envelope xmlns:soapenv="http://schemas.xmlsoap.org/soap/envelope/" xmlns:v1="http://fidus.brussels/service/referencedir/messages/v1" xmlns:v11="http://fidus.brussels/type/referencedir/requests/unsubscribe/v1" xmlns:v12="http://fidus.brussels/type/common/messages/v1" xmlns:v13="http://fidus.brussels/type/referencedir/requests/v1">
   <soapenv:Header/>
   <soapenv:Body>
      <v1:unsubscribeReferenceRequest>
         <v11:messageContext>
            <v12:messageId>${=import static java.util.UUID.randomUUID; uuid = randomUUID() as String}</v12:messageId>
            <v12:timestamp>${=new java.text.SimpleDateFormat("yyyy-MM-dd'T'HH:mm:ss.SSS").format(new Date())}</v12:timestamp>
         </v11:messageContext>
         <v11:legalContext>ServiceIntegrator</v11:legalContext>
         <v11:unsubscriptionRequest>
            <v13:reference>
               <v13:personNumber>12003001507</v13:personNumber>
            </v13:reference>
         </v11:unsubscriptionRequest>
      </v1:unsubscribeReferenceRequest>
   </soapenv:Body>
</soapenv:Envelope>]]></con:request><con:credentials>
          <con:selectedAuthProfile>Basic</con:selectedAuthProfile><con:addedBasicAuthenticationTypes>Basic</con:addedBasicAuthenticationTypes><con:authType>Global HTTP Settings</con:authType>
        </con:credentials><con:jmsConfig JMSDeliveryMode="PERSISTENT"/><con:jmsPropertyConfig/><con:wsaConfig mustUnderstand="NONE" version="200508" action="http://fidus.brussels/services/referencedir/unsubscribeReference"/><con:wsrmConfig version="1.2"/></con:call><con:call id="171c8af1-4fc4-4985-a30d-3d20aca65976" name="3 - Test - Worker1New - Request"><con:settings><con:setting id="com.eviware.soapui.impl.wsdl.WsdlRequest@request-headers">&lt;xml-fragment/></con:setting></con:settings><con:encoding>UTF-8</con:encoding><con:endpoint>https://192.168.22.73:8443/services/ReferenceDirService_v1.0</con:endpoint><con:request><![CDATA[<soapenv:Envelope xmlns:soapenv="http://schemas.xmlsoap.org/soap/envelope/" xmlns:v1="http://fidus.brussels/service/referencedir/messages/v1" xmlns:v11="http://fidus.brussels/type/referencedir/requests/unsubscribe/v1" xmlns:v12="http://fidus.brussels/type/common/messages/v1" xmlns:v13="http://fidus.brussels/type/referencedir/requests/v1">
   <soapenv:Header/>
   <soapenv:Body>
      <v1:unsubscribeReferenceRequest>
         <v11:messageContext>
            <v12:messageId>${=import static java.util.UUID.randomUUID; uuid = randomUUID() as String}</v12:messageId>
            <v12:timestamp>${=new java.text.SimpleDateFormat("yyyy-MM-dd'T'HH:mm:ss.SSS").format(new Date())}</v12:timestamp>
         </v11:messageContext>
         <v11:legalContext>ServiceIntegrator</v11:legalContext>
         <v11:unsubscriptionRequest>
            <v13:reference>
               <v13:personNumber>89102413022</v13:personNumber>
            </v13:reference>
         </v11:unsubscriptionRequest>
      </v1:unsubscribeReferenceRequest>
   </soapenv:Body>
</soapenv:Envelope>]]></con:request><con:credentials>
          <con:selectedAuthProfile>Basic</con:selectedAuthProfile><con:addedBasicAuthenticationTypes>Basic</con:addedBasicAuthenticationTypes><con:authType>Global HTTP Settings</con:authType>
        </con:credentials><con:jmsConfig JMSDeliveryMode="PERSISTENT"/><con:jmsPropertyConfig/><con:wsaConfig mustUnderstand="NONE" version="200508" action="http://fidus.brussels/services/referencedir/unsubscribeReference"/><con:wsrmConfig version="1.2"/></con:call><con:call id="2cd2add0-38e9-4006-8738-86685aabf9f5" name="3 - Test - Worker2New - Request"><con:settings><con:setting id="com.eviware.soapui.impl.wsdl.WsdlRequest@request-headers">&lt;xml-fragment/></con:setting></con:settings><con:encoding>UTF-8</con:encoding><con:endpoint>https://192.168.22.93:8443/services/ReferenceDirService_v1.0</con:endpoint><con:request><![CDATA[<soapenv:Envelope xmlns:soapenv="http://schemas.xmlsoap.org/soap/envelope/" xmlns:v1="http://fidus.brussels/service/referencedir/messages/v1" xmlns:v11="http://fidus.brussels/type/referencedir/requests/unsubscribe/v1" xmlns:v12="http://fidus.brussels/type/common/messages/v1" xmlns:v13="http://fidus.brussels/type/referencedir/requests/v1">
   <soapenv:Header/>
   <soapenv:Body>
      <v1:unsubscribeReferenceRequest>
         <v11:messageContext>
            <v12:messageId>${=import static java.util.UUID.randomUUID; uuid = randomUUID() as String}</v12:messageId>
            <v12:timestamp>${=new java.text.SimpleDateFormat("yyyy-MM-dd'T'HH:mm:ss.SSS").format(new Date())}</v12:timestamp>
         </v11:messageContext>
         <v11:legalContext>ServiceIntegrator</v11:legalContext>
         <v11:unsubscriptionRequest>
            <v13:reference>
               <v13:personNumber>89102413022</v13:personNumber>
            </v13:reference>
         </v11:unsubscriptionRequest>
      </v1:unsubscribeReferenceRequest>
   </soapenv:Body>
</soapenv:Envelope>]]></con:request><con:credentials>
          <con:selectedAuthProfile>Basic</con:selectedAuthProfile><con:addedBasicAuthenticationTypes>Basic</con:addedBasicAuthenticationTypes><con:authType>Global HTTP Settings</con:authType>
        </con:credentials><con:jmsConfig JMSDeliveryMode="PERSISTENT"/><con:jmsPropertyConfig/><con:wsaConfig mustUnderstand="NONE" version="200508" action="http://fidus.brussels/services/referencedir/unsubscribeReference"/><con:wsrmConfig version="1.2"/></con:call><con:call id="28a9618b-cbbe-4495-9887-1d3d1e958568" name="4 - Staging - Worker1New - Request"><con:settings><con:setting id="com.eviware.soapui.impl.wsdl.WsdlRequest@request-headers">&lt;xml-fragment/></con:setting></con:settings><con:encoding>UTF-8</con:encoding><con:endpoint>https://192.168.23.191:8443/services/ReferenceDirService_v1.0</con:endpoint><con:request><![CDATA[<soapenv:Envelope xmlns:soapenv="http://schemas.xmlsoap.org/soap/envelope/" xmlns:v1="http://fidus.brussels/service/referencedir/messages/v1" xmlns:v11="http://fidus.brussels/type/referencedir/requests/unsubscribe/v1" xmlns:v12="http://fidus.brussels/type/common/messages/v1" xmlns:v13="http://fidus.brussels/type/referencedir/requests/v1">
   <soapenv:Header/>
   <soapenv:Body>
      <v1:unsubscribeReferenceRequest>
         <v11:messageContext>
            <v12:messageId>${=import static java.util.UUID.randomUUID; uuid = randomUUID() as String}</v12:messageId>
            <v12:timestamp>${=new java.text.SimpleDateFormat("yyyy-MM-dd'T'HH:mm:ss.SSS").format(new Date())}</v12:timestamp>
         </v11:messageContext>
         <v11:legalContext>ServiceIntegrator</v11:legalContext>
         <v11:unsubscriptionRequest>
            <v13:reference>
               <v13:personNumber>89102413022</v13:personNumber>
            </v13:reference>
         </v11:unsubscriptionRequest>
      </v1:unsubscribeReferenceRequest>
   </soapenv:Body>
</soapenv:Envelope>]]></con:request><con:credentials>
          <con:selectedAuthProfile>Basic</con:selectedAuthProfile><con:addedBasicAuthenticationTypes>Basic</con:addedBasicAuthenticationTypes><con:authType>Global HTTP Settings</con:authType>
        </con:credentials><con:jmsConfig JMSDeliveryMode="PERSISTENT"/><con:jmsPropertyConfig/><con:wsaConfig mustUnderstand="NONE" version="200508" action="http://fidus.brussels/services/referencedir/unsubscribeReference"/><con:wsrmConfig version="1.2"/></con:call><con:call id="e229dd53-81bd-4557-8f92-ba1ae37b9de1" name="4 - Staging - Worker2New - Request"><con:settings><con:setting id="com.eviware.soapui.impl.wsdl.WsdlRequest@request-headers">&lt;xml-fragment/></con:setting></con:settings><con:encoding>UTF-8</con:encoding><con:endpoint>https://192.168.23.198:8443/services/ReferenceDirService_v1.0</con:endpoint><con:request><![CDATA[<soapenv:Envelope xmlns:soapenv="http://schemas.xmlsoap.org/soap/envelope/" xmlns:v1="http://fidus.brussels/service/referencedir/messages/v1" xmlns:v11="http://fidus.brussels/type/referencedir/requests/unsubscribe/v1" xmlns:v12="http://fidus.brussels/type/common/messages/v1" xmlns:v13="http://fidus.brussels/type/referencedir/requests/v1">
   <soapenv:Header/>
   <soapenv:Body>
      <v1:unsubscribeReferenceRequest>
         <v11:messageContext>
            <v12:messageId>${=import static java.util.UUID.randomUUID; uuid = randomUUID() as String}</v12:messageId>
            <v12:timestamp>${=new java.text.SimpleDateFormat("yyyy-MM-dd'T'HH:mm:ss.SSS").format(new Date())}</v12:timestamp>
         </v11:messageContext>
         <v11:legalContext>ServiceIntegrator</v11:legalContext>
         <v11:unsubscriptionRequest>
            <v13:reference>
               <v13:personNumber>89102413022</v13:personNumber>
            </v13:reference>
         </v11:unsubscriptionRequest>
      </v1:unsubscribeReferenceRequest>
   </soapenv:Body>
</soapenv:Envelope>]]></con:request><con:credentials>
          <con:selectedAuthProfile>Basic</con:selectedAuthProfile><con:addedBasicAuthenticationTypes>Basic</con:addedBasicAuthenticationTypes><con:authType>Global HTTP Settings</con:authType>
        </con:credentials><con:jmsConfig JMSDeliveryMode="PERSISTENT"/><con:jmsPropertyConfig/><con:wsaConfig mustUnderstand="NONE" version="200508" action="http://fidus.brussels/services/referencedir/unsubscribeReference"/><con:wsrmConfig version="1.2"/></con:call></con:operation>
  <con:operation id="c8d711dc-978d-4cc3-bf3d-08e5ea1335ec" isOneWay="false" action="http://fidus.brussels/services/referencedir/getServicesReference" name="getServicesReference" bindingOperationName="getServicesReference" type="Request-Response" inputName="" receivesAttachments="false" sendsAttachments="false" anonymous="optional"><con:settings/><con:call id="f51be972-d232-46aa-8631-d0291f7f4cf6" name="1 - Local - Request" outgoingWss="Outflow DEV" incomingWss="Inflow DEV"><con:settings><con:setting id="com.eviware.soapui.impl.wsdl.WsdlRequest@request-headers">&lt;xml-fragment/></con:setting></con:settings><con:encoding>UTF-8</con:encoding><con:endpoint>https://localhost:8243/services/ReferenceDirService_v1.0</con:endpoint><con:request><![CDATA[<soapenv:Envelope xmlns:soapenv="http://schemas.xmlsoap.org/soap/envelope/" xmlns:v1="http://fidus.brussels/service/referencedir/messages/v1" xmlns:v11="http://fidus.brussels/type/referencedir/requests/getservices/v1" xmlns:v12="http://fidus.brussels/type/common/messages/v1" >
   <soapenv:Header/>
   <soapenv:Body>
      <v1:getServicesReferenceRequest>
         <v11:messageContext>
            <v12:messageId>${=import static java.util.UUID.randomUUID; uuid = randomUUID() as String}</v12:messageId>
            <v12:timestamp>${=new java.text.SimpleDateFormat("yyyy-MM-dd'T'HH:mm:ss.SSS").format(new Date())}</v12:timestamp>
         </v11:messageContext>
         <v11:legalContext>ServiceIntegrator</v11:legalContext>
         <v11:getServicesRequest></v11:getServicesRequest>
      </v1:getServicesReferenceRequest>
   </soapenv:Body>
</soapenv:Envelope>]]></con:request><con:credentials><con:selectedAuthProfile>Basic</con:selectedAuthProfile><con:addedBasicAuthenticationTypes>Basic</con:addedBasicAuthenticationTypes><con:authType>Global HTTP Settings</con:authType></con:credentials><con:jmsConfig JMSDeliveryMode="PERSISTENT"/><con:jmsPropertyConfig/><con:wsaConfig mustUnderstand="NONE" version="200508" action="http://fidus.brussels/services/referencedir/getServicesReference"/><con:wsrmConfig version="1.2"/></con:call><con:call id="f30fb22a-747e-4736-9278-964af093937c" name="2 - Dev - Request" outgoingWss="Outflow DEV" incomingWss="Inflow DEV"><con:settings><con:setting id="com.eviware.soapui.impl.wsdl.WsdlRequest@request-headers">&lt;xml-fragment/></con:setting></con:settings><con:encoding>UTF-8</con:encoding><con:endpoint>https://192.168.36.61:8243/services/ReferenceDirService_v1.0</con:endpoint><con:request><![CDATA[<soapenv:Envelope xmlns:soapenv="http://schemas.xmlsoap.org/soap/envelope/" xmlns:v1="http://fidus.brussels/service/referencedir/messages/v1" xmlns:v11="http://fidus.brussels/type/referencedir/requests/getservices/v1" xmlns:v12="http://fidus.brussels/type/common/messages/v1" >
   <soapenv:Header/>
   <soapenv:Body>
      <v1:getServicesReferenceRequest>
         <v11:messageContext>
            <v12:messageId>${=import static java.util.UUID.randomUUID; uuid = randomUUID() as String}</v12:messageId>
            <v12:timestamp>${=new java.text.SimpleDateFormat("yyyy-MM-dd'T'HH:mm:ss.SSS").format(new Date())}</v12:timestamp>
         </v11:messageContext>
         <v11:legalContext>ServiceIntegrator</v11:legalContext>
         <v11:getServicesRequest></v11:getServicesRequest>
      </v1:getServicesReferenceRequest>
   </soapenv:Body>
</soapenv:Envelope>]]></con:request><con:credentials><con:selectedAuthProfile>Basic</con:selectedAuthProfile><con:addedBasicAuthenticationTypes>Basic</con:addedBasicAuthenticationTypes><con:authType>Global HTTP Settings</con:authType></con:credentials><con:jmsConfig JMSDeliveryMode="PERSISTENT"/><con:jmsPropertyConfig/><con:wsaConfig mustUnderstand="NONE" version="200508" action="http://fidus.brussels/services/referencedir/getServicesReference"/><con:wsrmConfig version="1.2"/></con:call><con:call id="4a6801b9-da24-4ab2-b779-289565c83536" name="3 - Test - External - Request" outgoingWss="Outflow TEST" incomingWss="Inflow TEST"><con:settings><con:setting id="com.eviware.soapui.impl.wsdl.WsdlRequest@request-headers">&lt;xml-fragment/></con:setting></con:settings><con:encoding>UTF-8</con:encoding><con:endpoint>https://fidus-test.irisnetlab.be/services/ReferenceDirService_v1.0</con:endpoint><con:request><![CDATA[<soapenv:Envelope xmlns:soapenv="http://schemas.xmlsoap.org/soap/envelope/" xmlns:v1="http://fidus.brussels/service/referencedir/messages/v1" xmlns:v11="http://fidus.brussels/type/referencedir/requests/getservices/v1" xmlns:v12="http://fidus.brussels/type/common/messages/v1" >
   <soapenv:Header/>
   <soapenv:Body>
      <v1:getServicesReferenceRequest>
         <v11:messageContext>
            <v12:messageId>${=import static java.util.UUID.randomUUID; uuid = randomUUID() as String}</v12:messageId>
            <v12:timestamp>${=new java.text.SimpleDateFormat("yyyy-MM-dd'T'HH:mm:ss.SSS").format(new Date())}</v12:timestamp>
         </v11:messageContext>
         <v11:legalContext>ServiceIntegrator</v11:legalContext>
         <v11:getServicesRequest></v11:getServicesRequest>
      </v1:getServicesReferenceRequest>
   </soapenv:Body>
</soapenv:Envelope>]]></con:request><con:credentials><con:selectedAuthProfile>Basic</con:selectedAuthProfile><con:addedBasicAuthenticationTypes>Basic</con:addedBasicAuthenticationTypes><con:authType>Global HTTP Settings</con:authType></con:credentials><con:jmsConfig JMSDeliveryMode="PERSISTENT"/><con:jmsPropertyConfig/><con:wsaConfig mustUnderstand="NONE" version="200508" action="http://fidus.brussels/services/referencedir/getServicesReference"/><con:wsrmConfig version="1.2"/></con:call><con:call id="686c33bc-7558-4f83-b2ef-2d0e8a769497" name="4 - Staging - External - Request" outgoingWss="Outflow STAG" incomingWss="Inflow STAG"><con:settings><con:setting id="com.eviware.soapui.impl.wsdl.WsdlRequest@request-headers">&lt;xml-fragment/></con:setting></con:settings><con:encoding>UTF-8</con:encoding><con:endpoint>https://fidus.irisnetlab.be/services/ReferenceDirService_v1.0</con:endpoint><con:request><![CDATA[<soapenv:Envelope xmlns:soapenv="http://schemas.xmlsoap.org/soap/envelope/" xmlns:v1="http://fidus.brussels/service/referencedir/messages/v1" xmlns:v11="http://fidus.brussels/type/referencedir/requests/getservices/v1" xmlns:v12="http://fidus.brussels/type/common/messages/v1" >
   <soapenv:Header/>
   <soapenv:Body>
      <v1:getServicesReferenceRequest>
         <v11:messageContext>
            <v12:messageId>${=import static java.util.UUID.randomUUID; uuid = randomUUID() as String}</v12:messageId>
            <v12:timestamp>${=new java.text.SimpleDateFormat("yyyy-MM-dd'T'HH:mm:ss.SSS").format(new Date())}</v12:timestamp>
         </v11:messageContext>
         <v11:legalContext>ServiceIntegrator</v11:legalContext>
         <v11:getServicesRequest></v11:getServicesRequest>
      </v1:getServicesReferenceRequest>
   </soapenv:Body>
</soapenv:Envelope>]]></con:request><con:credentials><con:selectedAuthProfile>Basic</con:selectedAuthProfile><con:addedBasicAuthenticationTypes>Basic</con:addedBasicAuthenticationTypes><con:authType>Global HTTP Settings</con:authType></con:credentials><con:jmsConfig JMSDeliveryMode="PERSISTENT"/><con:jmsPropertyConfig/><con:wsaConfig mustUnderstand="NONE" version="200508" action="http://fidus.brussels/services/referencedir/getServicesReference"/><con:wsrmConfig version="1.2"/></con:call><con:call id="88c315cc-051d-48dd-8a29-5d6696adb933" name="5 - Prod - External - Request" outgoingWss="Outflow PROD" incomingWss="Inflow PROD"><con:settings><con:setting id="com.eviware.soapui.impl.wsdl.WsdlRequest@request-headers">&lt;xml-fragment/></con:setting></con:settings><con:encoding>UTF-8</con:encoding><con:endpoint>https://fidus.sec.brussels/services/ReferenceDirService_v1.0</con:endpoint><con:request><![CDATA[<soapenv:Envelope xmlns:soapenv="http://schemas.xmlsoap.org/soap/envelope/" xmlns:v1="http://fidus.brussels/service/referencedir/messages/v1" xmlns:v11="http://fidus.brussels/type/referencedir/requests/getservices/v1" xmlns:v12="http://fidus.brussels/type/common/messages/v1" >
   <soapenv:Header/>
   <soapenv:Body>
      <v1:getServicesReferenceRequest>
         <v11:messageContext>
            <v12:messageId>${=import static java.util.UUID.randomUUID; uuid = randomUUID() as String}</v12:messageId>
            <v12:timestamp>${=new java.text.SimpleDateFormat("yyyy-MM-dd'T'HH:mm:ss.SSS").format(new Date())}</v12:timestamp>
         </v11:messageContext>
         <v11:legalContext>ServiceIntegrator</v11:legalContext>
         <v11:getServicesRequest></v11:getServicesRequest>
      </v1:getServicesReferenceRequest>
   </soapenv:Body>
</soapenv:Envelope>]]></con:request><con:credentials><con:selectedAuthProfile>Basic</con:selectedAuthProfile><con:addedBasicAuthenticationTypes>Basic</con:addedBasicAuthenticationTypes><con:authType>Global HTTP Settings</con:authType></con:credentials><con:jmsConfig JMSDeliveryMode="PERSISTENT"/><con:jmsPropertyConfig/><con:wsaConfig mustUnderstand="NONE" version="200508" action="http://fidus.brussels/services/referencedir/getServicesReference"/><con:wsrmConfig version="1.2"/></con:call><con:call id="65944fc5-b698-454f-a035-228dc181e600" name="3 - Test - LB - Request"><con:settings><con:setting id="com.eviware.soapui.impl.wsdl.WsdlRequest@request-headers">&lt;xml-fragment/></con:setting></con:settings><con:encoding>UTF-8</con:encoding><con:endpoint>https://esb-security-gw.sta.srv.cirb.lan:8443/services/ReferenceDirService_v1.0</con:endpoint><con:request><![CDATA[<soapenv:Envelope xmlns:soapenv="http://schemas.xmlsoap.org/soap/envelope/" xmlns:v1="http://fidus.brussels/service/referencedir/messages/v1" xmlns:v11="http://fidus.brussels/type/referencedir/requests/getservices/v1" xmlns:v12="http://fidus.brussels/type/common/messages/v1" >
   <soapenv:Header/>
   <soapenv:Body>
      <v1:getServicesReferenceRequest>
         <v11:messageContext>
            <v12:messageId>${=import static java.util.UUID.randomUUID; uuid = randomUUID() as String}</v12:messageId>
            <v12:timestamp>${=new java.text.SimpleDateFormat("yyyy-MM-dd'T'HH:mm:ss.SSS").format(new Date())}</v12:timestamp>
         </v11:messageContext>
         <v11:legalContext>ServiceIntegrator</v11:legalContext>
         <v11:getServicesRequest></v11:getServicesRequest>
      </v1:getServicesReferenceRequest>
   </soapenv:Body>
</soapenv:Envelope>]]></con:request><con:credentials><con:selectedAuthProfile>Basic</con:selectedAuthProfile><con:addedBasicAuthenticationTypes>Basic</con:addedBasicAuthenticationTypes><con:authType>Global HTTP Settings</con:authType></con:credentials><con:jmsConfig JMSDeliveryMode="PERSISTENT"/><con:jmsPropertyConfig/><con:wsaConfig mustUnderstand="NONE" version="200508" action="http://fidus.brussels/services/referencedir/getServicesReference"/><con:wsrmConfig version="1.2"/></con:call><con:call id="fd871dcc-38c2-4c31-a467-fb66c9123170" name="3 - Test - Worker1 - Request"><con:settings><con:setting id="com.eviware.soapui.impl.wsdl.WsdlRequest@request-headers">&lt;xml-fragment/></con:setting></con:settings><con:encoding>UTF-8</con:encoding><con:endpoint>https://192.168.22.53:8443/services/ReferenceDirService_v1.0</con:endpoint><con:request><![CDATA[<soapenv:Envelope xmlns:soapenv="http://schemas.xmlsoap.org/soap/envelope/" xmlns:v1="http://fidus.brussels/service/referencedir/messages/v1" xmlns:v11="http://fidus.brussels/type/referencedir/requests/getservices/v1" xmlns:v12="http://fidus.brussels/type/common/messages/v1" >
   <soapenv:Header/>
   <soapenv:Body>
      <v1:getServicesReferenceRequest>
         <v11:messageContext>
            <v12:messageId>${=import static java.util.UUID.randomUUID; uuid = randomUUID() as String}</v12:messageId>
            <v12:timestamp>${=new java.text.SimpleDateFormat("yyyy-MM-dd'T'HH:mm:ss.SSS").format(new Date())}</v12:timestamp>
         </v11:messageContext>
         <v11:legalContext>ServiceIntegrator</v11:legalContext>
         <v11:getServicesRequest></v11:getServicesRequest>
      </v1:getServicesReferenceRequest>
   </soapenv:Body>
</soapenv:Envelope>]]></con:request><con:credentials><con:selectedAuthProfile>Basic</con:selectedAuthProfile><con:addedBasicAuthenticationTypes>Basic</con:addedBasicAuthenticationTypes><con:authType>Global HTTP Settings</con:authType></con:credentials><con:jmsConfig JMSDeliveryMode="PERSISTENT"/><con:jmsPropertyConfig/><con:wsaConfig mustUnderstand="NONE" version="200508" action="http://fidus.brussels/services/referencedir/getServicesReference"/><con:wsrmConfig version="1.2"/></con:call><con:call id="c448e322-0497-4334-a7bc-ec605780eef1" name="3 - Test - Worker2 - Request"><con:settings><con:setting id="com.eviware.soapui.impl.wsdl.WsdlRequest@request-headers">&lt;xml-fragment/></con:setting></con:settings><con:encoding>UTF-8</con:encoding><con:endpoint>https://192.168.22.54:8443/services/ReferenceDirService_v1.0</con:endpoint><con:request><![CDATA[<soapenv:Envelope xmlns:soapenv="http://schemas.xmlsoap.org/soap/envelope/" xmlns:v1="http://fidus.brussels/service/referencedir/messages/v1" xmlns:v11="http://fidus.brussels/type/referencedir/requests/getservices/v1" xmlns:v12="http://fidus.brussels/type/common/messages/v1" >
   <soapenv:Header/>
   <soapenv:Body>
      <v1:getServicesReferenceRequest>
         <v11:messageContext>
            <v12:messageId>${=import static java.util.UUID.randomUUID; uuid = randomUUID() as String}</v12:messageId>
            <v12:timestamp>${=new java.text.SimpleDateFormat("yyyy-MM-dd'T'HH:mm:ss.SSS").format(new Date())}</v12:timestamp>
         </v11:messageContext>
         <v11:legalContext>ServiceIntegrator</v11:legalContext>
         <v11:getServicesRequest></v11:getServicesRequest>
      </v1:getServicesReferenceRequest>
   </soapenv:Body>
</soapenv:Envelope>]]></con:request><con:credentials><con:selectedAuthProfile>Basic</con:selectedAuthProfile><con:addedBasicAuthenticationTypes>Basic</con:addedBasicAuthenticationTypes><con:authType>Global HTTP Settings</con:authType></con:credentials><con:jmsConfig JMSDeliveryMode="PERSISTENT"/><con:jmsPropertyConfig/><con:wsaConfig mustUnderstand="NONE" version="200508" action="http://fidus.brussels/services/referencedir/getServicesReference"/><con:wsrmConfig version="1.2"/></con:call><con:call id="b28e22d7-c03d-4198-908e-40551c851a39" name="4 - Staging - LB - Request"><con:settings><con:setting id="com.eviware.soapui.impl.wsdl.WsdlRequest@request-headers">&lt;xml-fragment/></con:setting></con:settings><con:encoding>UTF-8</con:encoding><con:endpoint>https://fidus-esb-sg.sta.srv.cirb.lan:8443/services/ReferenceDirService_v1.0</con:endpoint><con:request><![CDATA[<soapenv:Envelope xmlns:soapenv="http://schemas.xmlsoap.org/soap/envelope/" xmlns:v1="http://fidus.brussels/service/referencedir/messages/v1" xmlns:v11="http://fidus.brussels/type/referencedir/requests/getservices/v1" xmlns:v12="http://fidus.brussels/type/common/messages/v1" >
   <soapenv:Header/>
   <soapenv:Body>
      <v1:getServicesReferenceRequest>
         <v11:messageContext>
            <v12:messageId>${=import static java.util.UUID.randomUUID; uuid = randomUUID() as String}</v12:messageId>
            <v12:timestamp>${=new java.text.SimpleDateFormat("yyyy-MM-dd'T'HH:mm:ss.SSS").format(new Date())}</v12:timestamp>
         </v11:messageContext>
         <v11:legalContext>ServiceIntegrator</v11:legalContext>
         <v11:getServicesRequest></v11:getServicesRequest>
      </v1:getServicesReferenceRequest>
   </soapenv:Body>
</soapenv:Envelope>]]></con:request><con:credentials><con:selectedAuthProfile>Basic</con:selectedAuthProfile><con:addedBasicAuthenticationTypes>Basic</con:addedBasicAuthenticationTypes><con:authType>Global HTTP Settings</con:authType></con:credentials><con:jmsConfig JMSDeliveryMode="PERSISTENT"/><con:jmsPropertyConfig/><con:wsaConfig mustUnderstand="NONE" version="200508" action="http://fidus.brussels/services/referencedir/getServicesReference"/><con:wsrmConfig version="1.2"/></con:call><con:call id="d1e5c464-cba0-455f-8aad-ab44b3d9d3d0" name="4 - Staging - Worker1 - Request"><con:settings><con:setting id="com.eviware.soapui.impl.wsdl.WsdlRequest@request-headers">&lt;xml-fragment/></con:setting></con:settings><con:encoding>UTF-8</con:encoding><con:endpoint>https://192.168.24.16:8443/services/ReferenceDirService_v1.0</con:endpoint><con:request><![CDATA[<soapenv:Envelope xmlns:soapenv="http://schemas.xmlsoap.org/soap/envelope/" xmlns:v1="http://fidus.brussels/service/referencedir/messages/v1" xmlns:v11="http://fidus.brussels/type/referencedir/requests/getservices/v1" xmlns:v12="http://fidus.brussels/type/common/messages/v1" >
   <soapenv:Header/>
   <soapenv:Body>
      <v1:getServicesReferenceRequest>
         <v11:messageContext>
            <v12:messageId>${=import static java.util.UUID.randomUUID; uuid = randomUUID() as String}</v12:messageId>
            <v12:timestamp>${=new java.text.SimpleDateFormat("yyyy-MM-dd'T'HH:mm:ss.SSS").format(new Date())}</v12:timestamp>
         </v11:messageContext>
         <v11:legalContext>ServiceIntegrator</v11:legalContext>
         <v11:getServicesRequest></v11:getServicesRequest>
      </v1:getServicesReferenceRequest>
   </soapenv:Body>
</soapenv:Envelope>]]></con:request><con:credentials><con:selectedAuthProfile>Basic</con:selectedAuthProfile><con:addedBasicAuthenticationTypes>Basic</con:addedBasicAuthenticationTypes><con:authType>Global HTTP Settings</con:authType></con:credentials><con:jmsConfig JMSDeliveryMode="PERSISTENT"/><con:jmsPropertyConfig/><con:wsaConfig mustUnderstand="NONE" version="200508" action="http://fidus.brussels/services/referencedir/getServicesReference"/><con:wsrmConfig version="1.2"/></con:call><con:call id="76fb2fb8-e280-4e48-9eb1-0fcdb89dd157" name="4 - Staging - Worker2 - Request"><con:settings><con:setting id="com.eviware.soapui.impl.wsdl.WsdlRequest@request-headers">&lt;xml-fragment/></con:setting></con:settings><con:encoding>UTF-8</con:encoding><con:endpoint>https://192.168.24.17:8443/services/ReferenceDirService_v1.0</con:endpoint><con:request><![CDATA[<soapenv:Envelope xmlns:soapenv="http://schemas.xmlsoap.org/soap/envelope/" xmlns:v1="http://fidus.brussels/service/referencedir/messages/v1" xmlns:v11="http://fidus.brussels/type/referencedir/requests/getservices/v1" xmlns:v12="http://fidus.brussels/type/common/messages/v1" >
   <soapenv:Header/>
   <soapenv:Body>
      <v1:getServicesReferenceRequest>
         <v11:messageContext>
            <v12:messageId>${=import static java.util.UUID.randomUUID; uuid = randomUUID() as String}</v12:messageId>
            <v12:timestamp>${=new java.text.SimpleDateFormat("yyyy-MM-dd'T'HH:mm:ss.SSS").format(new Date())}</v12:timestamp>
         </v11:messageContext>
         <v11:legalContext>ServiceIntegrator</v11:legalContext>
         <v11:getServicesRequest></v11:getServicesRequest>
      </v1:getServicesReferenceRequest>
   </soapenv:Body>
</soapenv:Envelope>]]></con:request><con:credentials><con:selectedAuthProfile>Basic</con:selectedAuthProfile><con:addedBasicAuthenticationTypes>Basic</con:addedBasicAuthenticationTypes><con:authType>Global HTTP Settings</con:authType></con:credentials><con:jmsConfig JMSDeliveryMode="PERSISTENT"/><con:jmsPropertyConfig/><con:wsaConfig mustUnderstand="NONE" version="200508" action="http://fidus.brussels/services/referencedir/getServicesReference"/><con:wsrmConfig version="1.2"/></con:call><con:call id="a49901db-6077-43e9-a27c-bb1c8d03cc20" name="5 - Prod - LB - Request"><con:settings><con:setting id="com.eviware.soapui.impl.wsdl.WsdlRequest@request-headers">&lt;xml-fragment/></con:setting></con:settings><con:encoding>UTF-8</con:encoding><con:endpoint>https://fidus-esb-sg.prd.srv.cirb.lan:8443/services/ReferenceDirService_v1.0</con:endpoint><con:request><![CDATA[<soapenv:Envelope xmlns:soapenv="http://schemas.xmlsoap.org/soap/envelope/" xmlns:v1="http://fidus.brussels/service/referencedir/messages/v1" xmlns:v11="http://fidus.brussels/type/referencedir/requests/getservices/v1" xmlns:v12="http://fidus.brussels/type/common/messages/v1" >
   <soapenv:Header/>
   <soapenv:Body>
      <v1:getServicesReferenceRequest>
         <v11:messageContext>
            <v12:messageId>${=import static java.util.UUID.randomUUID; uuid = randomUUID() as String}</v12:messageId>
            <v12:timestamp>${=new java.text.SimpleDateFormat("yyyy-MM-dd'T'HH:mm:ss.SSS").format(new Date())}</v12:timestamp>
         </v11:messageContext>
         <v11:legalContext>ServiceIntegrator</v11:legalContext>
         <v11:getServicesRequest></v11:getServicesRequest>
      </v1:getServicesReferenceRequest>
   </soapenv:Body>
</soapenv:Envelope>]]></con:request><con:credentials><con:selectedAuthProfile>Basic</con:selectedAuthProfile><con:addedBasicAuthenticationTypes>Basic</con:addedBasicAuthenticationTypes><con:authType>Global HTTP Settings</con:authType></con:credentials><con:jmsConfig JMSDeliveryMode="PERSISTENT"/><con:jmsPropertyConfig/><con:wsaConfig mustUnderstand="NONE" version="200508" action="http://fidus.brussels/services/referencedir/getServicesReference"/><con:wsrmConfig version="1.2"/></con:call><con:call id="ac4a7568-1ddd-4d84-9d24-4037779ebc68" name="5 - Prod - Worker1 - Request"><con:settings><con:setting id="com.eviware.soapui.impl.wsdl.WsdlRequest@request-headers">&lt;xml-fragment/></con:setting></con:settings><con:encoding>UTF-8</con:encoding><con:endpoint>https://192.168.26.22:8443/services/ReferenceDirService_v1.0</con:endpoint><con:request><![CDATA[<soapenv:Envelope xmlns:soapenv="http://schemas.xmlsoap.org/soap/envelope/" xmlns:v1="http://fidus.brussels/service/referencedir/messages/v1" xmlns:v11="http://fidus.brussels/type/referencedir/requests/getservices/v1" xmlns:v12="http://fidus.brussels/type/common/messages/v1" >
   <soapenv:Header/>
   <soapenv:Body>
      <v1:getServicesReferenceRequest>
         <v11:messageContext>
            <v12:messageId>${=import static java.util.UUID.randomUUID; uuid = randomUUID() as String}</v12:messageId>
            <v12:timestamp>${=new java.text.SimpleDateFormat("yyyy-MM-dd'T'HH:mm:ss.SSS").format(new Date())}</v12:timestamp>
         </v11:messageContext>
         <v11:legalContext>ServiceIntegrator</v11:legalContext>
         <v11:getServicesRequest></v11:getServicesRequest>
      </v1:getServicesReferenceRequest>
   </soapenv:Body>
</soapenv:Envelope>]]></con:request><con:credentials><con:selectedAuthProfile>Basic</con:selectedAuthProfile><con:addedBasicAuthenticationTypes>Basic</con:addedBasicAuthenticationTypes><con:authType>Global HTTP Settings</con:authType></con:credentials><con:jmsConfig JMSDeliveryMode="PERSISTENT"/><con:jmsPropertyConfig/><con:wsaConfig mustUnderstand="NONE" version="200508" action="http://fidus.brussels/services/referencedir/getServicesReference"/><con:wsrmConfig version="1.2"/></con:call><con:call id="0a292235-9e9f-4581-af2b-028ff98d187d" name="5 - Prod - Worker2 - Request"><con:settings><con:setting id="com.eviware.soapui.impl.wsdl.WsdlRequest@request-headers">&lt;xml-fragment/></con:setting></con:settings><con:encoding>UTF-8</con:encoding><con:endpoint>https://192.168.26.19:8443/services/ReferenceDirService_v1.0</con:endpoint><con:request><![CDATA[<soapenv:Envelope xmlns:soapenv="http://schemas.xmlsoap.org/soap/envelope/" xmlns:v1="http://fidus.brussels/service/referencedir/messages/v1" xmlns:v11="http://fidus.brussels/type/referencedir/requests/getservices/v1" xmlns:v12="http://fidus.brussels/type/common/messages/v1" >
   <soapenv:Header/>
   <soapenv:Body>
      <v1:getServicesReferenceRequest>
         <v11:messageContext>
            <v12:messageId>${=import static java.util.UUID.randomUUID; uuid = randomUUID() as String}</v12:messageId>
            <v12:timestamp>${=new java.text.SimpleDateFormat("yyyy-MM-dd'T'HH:mm:ss.SSS").format(new Date())}</v12:timestamp>
         </v11:messageContext>
         <v11:legalContext>ServiceIntegrator</v11:legalContext>
         <v11:getServicesRequest></v11:getServicesRequest>
      </v1:getServicesReferenceRequest>
   </soapenv:Body>
</soapenv:Envelope>]]></con:request><con:credentials><con:selectedAuthProfile>Basic</con:selectedAuthProfile><con:addedBasicAuthenticationTypes>Basic</con:addedBasicAuthenticationTypes><con:authType>Global HTTP Settings</con:authType></con:credentials><con:jmsConfig JMSDeliveryMode="PERSISTENT"/><con:jmsPropertyConfig/><con:wsaConfig mustUnderstand="NONE" version="200508" action="http://fidus.brussels/services/referencedir/getServicesReference"/><con:wsrmConfig version="1.2"/></con:call></con:operation></con:interface>
  
  <con:testSuite id="8e133024-bbc8-40fe-9ea2-a81da5e913bf" name="DEV"><con:settings/><con:runType>SEQUENTIAL</con:runType><con:testCase id="1cb67b92-8775-467c-b30e-82c2221d2b07" failOnError="true" failTestCaseOnErrors="true" keepSession="false" maxResults="0" name="subscribeReference" searchProperties="true"><con:settings/><con:testStep type="request" id="be6980c0-ac04-4999-a879-f0c2dd621c77" name="testcase2 - Dev - Request"><con:settings/><con:config xsi:type="con:RequestStep" xmlns:xsi="http://www.w3.org/2001/XMLSchema-instance"><con:interface>ReferenceDirServiceHTTPBinding</con:interface><con:operation>subscribeReference</con:operation><con:request name="testcase2 - Dev - Request" id="689b5cd4-58ff-4c56-959f-d1ed49397f2b" outgoingWss="Outflow DEV"><con:settings/><con:encoding>UTF-8</con:encoding><con:endpoint>https://192.168.36.61:8243/services/ReferenceDirService_v1.0</con:endpoint><con:request><![CDATA[<soapenv:Envelope xmlns:soapenv="http://schemas.xmlsoap.org/soap/envelope/" 
xmlns:v1="http://fidus.brussels/service/referencedir/messages/v1" 
xmlns:v11="http://fidus.brussels/type/referencedir/requests/subscribe/v1" 
xmlns:v12="http://fidus.brussels/type/common/messages/v1" 
xmlns:v13="http://fidus.brussels/type/referencedir/requests/v1">
   <soapenv:Header/>
   <soapenv:Body>
      <v1:subscribeReferenceRequest>
         <v11:messageContext>
            <v12:messageId>${=import static java.util.UUID.randomUUID; uuid = randomUUID() as String}</v12:messageId>
            <v12:timestamp>${=new java.text.SimpleDateFormat("yyyy-MM-dd'T'HH:mm:ss.SSS").format(new Date())}</v12:timestamp>
         </v11:messageContext>
         <v11:legalContext>ServiceIntegrator</v11:legalContext>
         <v11:subscriptionRequest>
            <v13:reference>
               <v13:personNumber>12003001507</v13:personNumber>
            </v13:reference>
            <!--Optional:-->
            <v13:endDate>${=new java.text.SimpleDateFormat("yyyy-MM-dd").format(new Date() + 1)}</v13:endDate>
         </v11:subscriptionRequest>
      </v1:subscribeReferenceRequest>
   </soapenv:Body>
</soapenv:Envelope>]]></con:request><con:assertion type="SOAP Fault Assertion" id="75f0426d-c2b5-474d-95bb-3e5a84d2650b" name="Not SOAP Fault"/><con:assertion type="SOAP Response" id="076f098b-d6a2-4ca0-81a1-eb09a8e640b5" name="SOAP Response"/><con:assertion type="Schema Compliance" id="d35b3973-f384-4375-bde0-fd28a520ca4c" name="Schema Compliance"><con:configuration/></con:assertion><con:wsaConfig action="http://fidus.brussels/services/referencedir/subscribeReference"/></con:request></con:config></con:testStep><con:testStep type="request" id="ea3ebe1d-5936-41cd-bcd7-d67b877aaac6" name="testcase2 - DevNew - Request"><con:settings/><con:config xsi:type="con:RequestStep" xmlns:xsi="http://www.w3.org/2001/XMLSchema-instance"><con:interface>ReferenceDirServiceHTTPBinding</con:interface><con:operation>subscribeReference</con:operation><con:request name="testcase2 - DevNew - Request" id="a39c4e21-db9f-48a8-ac87-8b48c454098a" outgoingWss="Outflow DEV"><con:settings/><con:encoding>UTF-8</con:encoding><con:endpoint>https://192.168.36.205:8243/services/ReferenceDirService_v1.0</con:endpoint><con:request><![CDATA[<soapenv:Envelope xmlns:soapenv="http://schemas.xmlsoap.org/soap/envelope/" 
xmlns:v1="http://fidus.brussels/service/referencedir/messages/v1" 
xmlns:v11="http://fidus.brussels/type/referencedir/requests/subscribe/v1" 
xmlns:v12="http://fidus.brussels/type/common/messages/v1" 
xmlns:v13="http://fidus.brussels/type/referencedir/requests/v1">
   <soapenv:Header/>
   <soapenv:Body>
      <v1:subscribeReferenceRequest>
         <v11:messageContext>
            <v12:messageId>${=import static java.util.UUID.randomUUID; uuid = randomUUID() as String}</v12:messageId>
            <v12:timestamp>${=new java.text.SimpleDateFormat("yyyy-MM-dd'T'HH:mm:ss.SSS").format(new Date())}</v12:timestamp>
         </v11:messageContext>
         <v11:legalContext>ServiceIntegrator</v11:legalContext>
         <v11:subscriptionRequest>
            <v13:reference>
               <v13:personNumber>12003001507</v13:personNumber>
            </v13:reference>
            <!--Optional:-->
            <v13:endDate>${=new java.text.SimpleDateFormat("yyyy-MM-dd").format(new Date() + 1)}</v13:endDate>
         </v11:subscriptionRequest>
      </v1:subscribeReferenceRequest>
   </soapenv:Body>
</soapenv:Envelope>]]></con:request><con:assertion type="SOAP Fault Assertion" id="b43d257f-066b-4fc6-bf40-d01608519ca3" name="Not SOAP Fault"/><con:assertion type="SOAP Response" id="cb374df5-331a-4259-8e11-125e63850e92" name="SOAP Response"/><con:assertion type="Schema Compliance" id="ddf8426e-5f6d-4200-be7c-3bf0e58a972d" name="Schema Compliance"><con:configuration/></con:assertion><con:wsaConfig action="http://fidus.brussels/services/referencedir/subscribeReference"/></con:request></con:config></con:testStep><con:properties/></con:testCase><con:testCase id="0d842793-37b3-4613-a87e-9c5a72dc14b1" failOnError="true" failTestCaseOnErrors="true" keepSession="false" maxResults="0" name="unsubscribeReference" searchProperties="true"><con:settings/><con:testStep type="request" id="912cf6d8-b707-4ea4-aed4-7e0c3295137b" name="testcase2 - Dev - Request"><con:settings/><con:config xsi:type="con:RequestStep" xmlns:xsi="http://www.w3.org/2001/XMLSchema-instance"><con:interface>ReferenceDirServiceHTTPBinding</con:interface><con:operation>unsubscribeReference</con:operation><con:request name="testcase2 - Dev - Request" id="c9060eeb-e731-4392-8e29-36a77e5df01e" outgoingWss="Outflow DEV"><con:settings/><con:encoding>UTF-8</con:encoding><con:endpoint>https://192.168.36.61:8243/services/ReferenceDirService_v1.0</con:endpoint><con:request><![CDATA[<soapenv:Envelope xmlns:soapenv="http://schemas.xmlsoap.org/soap/envelope/" xmlns:v1="http://fidus.brussels/service/referencedir/messages/v1" xmlns:v11="http://fidus.brussels/type/referencedir/requests/unsubscribe/v1" xmlns:v12="http://fidus.brussels/type/common/messages/v1" xmlns:v13="http://fidus.brussels/type/referencedir/requests/v1">
   <soapenv:Header/>
   <soapenv:Body>
      <v1:unsubscribeReferenceRequest>
         <v11:messageContext>
            <v12:messageId>${=import static java.util.UUID.randomUUID; uuid = randomUUID() as String}</v12:messageId>
            <v12:timestamp>${=new java.text.SimpleDateFormat("yyyy-MM-dd'T'HH:mm:ss.SSS").format(new Date())}</v12:timestamp>
         </v11:messageContext>
         <v11:legalContext>ServiceIntegrator</v11:legalContext>
         <v11:unsubscriptionRequest>
            <v13:reference>
               <v13:personNumber>89102413022</v13:personNumber>
            </v13:reference>
         </v11:unsubscriptionRequest>
      </v1:unsubscribeReferenceRequest>
   </soapenv:Body>
</soapenv:Envelope>]]></con:request><con:assertion type="SOAP Fault Assertion" id="ea33d34c-1fba-4659-9993-2bc99c40ac28" name="Not SOAP Fault"/><con:assertion type="SOAP Response" id="312a9c44-9421-45ea-85ea-a428056faace" name="SOAP Response"/><con:assertion type="Schema Compliance" id="a34a7cfa-9971-465e-8860-3996dd86f2a5" name="Schema Compliance"><con:configuration/></con:assertion><con:wsaConfig action="http://fidus.brussels/services/referencedir/unsubscribeReference"/></con:request></con:config></con:testStep><con:testStep type="request" id="a546e4ac-d198-4e72-8f78-088234d80e8f" name="testcase2 - DevNew - Request"><con:settings/><con:config xsi:type="con:RequestStep" xmlns:xsi="http://www.w3.org/2001/XMLSchema-instance"><con:interface>ReferenceDirServiceHTTPBinding</con:interface><con:operation>unsubscribeReference</con:operation><con:request name="testcase2 - DevNew - Request" id="55ba128c-e248-4939-acce-ff3c4253b093" outgoingWss="Outflow DEV"><con:settings/><con:encoding>UTF-8</con:encoding><con:endpoint>https://192.168.36.205:8243/services/ReferenceDirService_v1.0</con:endpoint><con:request><![CDATA[<soapenv:Envelope xmlns:soapenv="http://schemas.xmlsoap.org/soap/envelope/" xmlns:v1="http://fidus.brussels/service/referencedir/messages/v1" xmlns:v11="http://fidus.brussels/type/referencedir/requests/unsubscribe/v1" xmlns:v12="http://fidus.brussels/type/common/messages/v1" xmlns:v13="http://fidus.brussels/type/referencedir/requests/v1">
   <soapenv:Header/>
   <soapenv:Body>
      <v1:unsubscribeReferenceRequest>
         <v11:messageContext>
            <v12:messageId>${=import static java.util.UUID.randomUUID; uuid = randomUUID() as String}</v12:messageId>
            <v12:timestamp>${=new java.text.SimpleDateFormat("yyyy-MM-dd'T'HH:mm:ss.SSS").format(new Date())}</v12:timestamp>
         </v11:messageContext>
         <v11:legalContext>ServiceIntegrator</v11:legalContext>
         <v11:unsubscriptionRequest>
            <v13:reference>
               <v13:personNumber>12003001507</v13:personNumber>
            </v13:reference>
         </v11:unsubscriptionRequest>
      </v1:unsubscribeReferenceRequest>
   </soapenv:Body>
</soapenv:Envelope>]]></con:request><con:assertion type="SOAP Fault Assertion" id="afe8fa17-cd73-4e8f-bee7-fc1d9abdeae5" name="Not SOAP Fault"/><con:assertion type="SOAP Response" id="9de45612-8331-4183-bc12-06901d9dd99d" name="SOAP Response"/><con:assertion type="Schema Compliance" id="b55d24ab-abc0-450b-9035-79397bf96529" name="Schema Compliance"><con:configuration/></con:assertion><con:wsaConfig action="http://fidus.brussels/services/referencedir/unsubscribeReference"/></con:request></con:config></con:testStep><con:properties/></con:testCase><con:testCase id="821a028a-53c2-4b5d-a5c1-9b97f5d1fe09" failOnError="true" failTestCaseOnErrors="true" keepSession="false" maxResults="0" name="getServicesReference" searchProperties="true"><con:settings/><con:testStep type="request" id="a16d75dd-82ee-4d47-af12-7ae6f4ad8968" name="testcase2 - Dev - Request"><con:settings/><con:config xsi:type="con:RequestStep" xmlns:xsi="http://www.w3.org/2001/XMLSchema-instance"><con:interface>ReferenceDirServiceHTTPBinding</con:interface><con:operation>getServicesReference</con:operation><con:request name="testcase2 - Dev - Request" id="c156b875-e097-4f99-b0aa-5883009fa761" outgoingWss="Outflow DEV"><con:settings/><con:encoding>UTF-8</con:encoding><con:endpoint>https://192.168.36.61:8243/services/ReferenceDirService_v1.0</con:endpoint><con:request><![CDATA[<soapenv:Envelope xmlns:soapenv="http://schemas.xmlsoap.org/soap/envelope/" xmlns:v1="http://fidus.brussels/service/referencedir/messages/v1" xmlns:v11="http://fidus.brussels/type/referencedir/requests/getservices/v1" xmlns:v12="http://fidus.brussels/type/common/messages/v1" >
   <soapenv:Header/>
   <soapenv:Body>
      <v1:getServicesReferenceRequest>
         <v11:messageContext>
            <v12:messageId>${=import static java.util.UUID.randomUUID; uuid = randomUUID() as String}</v12:messageId>
            <v12:timestamp>${=new java.text.SimpleDateFormat("yyyy-MM-dd'T'HH:mm:ss.SSS").format(new Date())}</v12:timestamp>
         </v11:messageContext>
         <v11:legalContext>ServiceIntegrator</v11:legalContext>
         <v11:getServicesRequest></v11:getServicesRequest>
      </v1:getServicesReferenceRequest>
   </soapenv:Body>
</soapenv:Envelope>]]></con:request><con:assertion type="SOAP Fault Assertion" id="26e843c9-78f4-4568-9886-23e7661379ad" name="Not SOAP Fault"/><con:assertion type="SOAP Response" id="b24ed1cc-9cf6-4d58-af88-29157e1e1b40" name="SOAP Response"/><con:assertion type="Schema Compliance" id="75c8946b-5e77-4b4d-bae8-66b3795adcf7" name="Schema Compliance"><con:configuration/></con:assertion><con:wsaConfig action="http://fidus.brussels/services/referencedir/getServicesReference"/></con:request></con:config></con:testStep><con:properties/></con:testCase><con:properties/></con:testSuite><con:testSuite id="0fd12326-699a-48af-8046-9833ee68718b" name="TEST"><con:settings/><con:runType>SEQUENTIAL</con:runType><con:testCase id="491ae298-c0f5-4fa2-a2e7-e229ae123492" failOnError="true" failTestCaseOnErrors="true" keepSession="false" maxResults="0" name="subscribeReference" searchProperties="true"><con:settings/><con:testStep type="request" id="5c7994c8-e68b-4b15-a6d9-7cfbc423f688" name="testcase3 - Test - External - Request"><con:settings/><con:config xsi:type="con:RequestStep" xmlns:xsi="http://www.w3.org/2001/XMLSchema-instance"><con:interface>ReferenceDirServiceHTTPBinding</con:interface><con:operation>subscribeReference</con:operation><con:request name="testcase3 - Test - External - Request" id="fbfc9931-88ee-42a9-be8c-39679e28dcda" outgoingWss="Outflow TEST"><con:settings/><con:encoding>UTF-8</con:encoding><con:endpoint>https://fidus-test.irisnetlab.be/services/ReferenceDirService_v1.0</con:endpoint><con:request><![CDATA[<soapenv:Envelope xmlns:soapenv="http://schemas.xmlsoap.org/soap/envelope/" 
xmlns:v1="http://fidus.brussels/service/referencedir/messages/v1" 
xmlns:v11="http://fidus.brussels/type/referencedir/requests/subscribe/v1" 
xmlns:v12="http://fidus.brussels/type/common/messages/v1" 
xmlns:v13="http://fidus.brussels/type/referencedir/requests/v1">
   <soapenv:Header/>
   <soapenv:Body>
      <v1:subscribeReferenceRequest>
         <v11:messageContext>
            <v12:messageId>${=import static java.util.UUID.randomUUID; uuid = randomUUID() as String}</v12:messageId>
            <v12:timestamp>${=new java.text.SimpleDateFormat("yyyy-MM-dd'T'HH:mm:ss.SSS").format(new Date())}</v12:timestamp>
         </v11:messageContext>
         <v11:legalContext>ServiceIntegrator</v11:legalContext>
         <v11:subscriptionRequest>
            <v13:reference>
               <v13:personNumber>91120406960</v13:personNumber>
            </v13:reference>
            <!--Optional:-->
            <v13:endDate>${=new java.text.SimpleDateFormat("yyyy-MM-dd").format(new Date() + 1)}</v13:endDate>
         </v11:subscriptionRequest>
      </v1:subscribeReferenceRequest>
   </soapenv:Body>
</soapenv:Envelope>]]></con:request><con:assertion type="SOAP Fault Assertion" id="4d7ea97f-a13d-485d-8634-b22c8dc125d6" name="Not SOAP Fault"/><con:assertion type="SOAP Response" id="d869c4ad-b3c9-4a46-b367-1ab0c7240d76" name="SOAP Response"/><con:assertion type="Schema Compliance" id="3ca97501-33b1-4808-b2af-099a8a159781" name="Schema Compliance"><con:configuration/></con:assertion><con:wsaConfig action="http://fidus.brussels/services/referencedir/subscribeReference"/></con:request></con:config></con:testStep><con:testStep type="request" id="8aaff78e-9aae-4417-aacf-2429d91402af" name="testcase3 - Test - LB - Request"><con:settings/><con:config xsi:type="con:RequestStep" xmlns:xsi="http://www.w3.org/2001/XMLSchema-instance"><con:interface>ReferenceDirServiceHTTPBinding</con:interface><con:operation>subscribeReference</con:operation><con:request name="testcase3 - Test - LB - Request" id="39a5f16f-b0e0-453a-97b8-db3f91f18233" outgoingWss="Outflow TEST"><con:settings/><con:encoding>UTF-8</con:encoding><con:endpoint>https://esb-security-gw.sta.srv.cirb.lan:8443/services/ReferenceDirService_v1.0</con:endpoint><con:request><![CDATA[<soapenv:Envelope xmlns:soapenv="http://schemas.xmlsoap.org/soap/envelope/" 
xmlns:v1="http://fidus.brussels/service/referencedir/messages/v1" 
xmlns:v11="http://fidus.brussels/type/referencedir/requests/subscribe/v1" 
xmlns:v12="http://fidus.brussels/type/common/messages/v1" 
xmlns:v13="http://fidus.brussels/type/referencedir/requests/v1">
   <soapenv:Header/>
   <soapenv:Body>
      <v1:subscribeReferenceRequest>
         <v11:messageContext>
            <v12:messageId>${=import static java.util.UUID.randomUUID; uuid = randomUUID() as String}</v12:messageId>
            <v12:timestamp>${=new java.text.SimpleDateFormat("yyyy-MM-dd'T'HH:mm:ss.SSS").format(new Date())}</v12:timestamp>
         </v11:messageContext>
         <v11:legalContext>ServiceIntegrator</v11:legalContext>
         <v11:subscriptionRequest>
            <v13:reference>
               <v13:personNumber>89102413022</v13:personNumber>
            </v13:reference>
            <!--Optional:-->
            <v13:endDate>${=new java.text.SimpleDateFormat("yyyy-MM-dd").format(new Date() + 1)}</v13:endDate>
         </v11:subscriptionRequest>
      </v1:subscribeReferenceRequest>
   </soapenv:Body>
</soapenv:Envelope>]]></con:request><con:assertion type="SOAP Fault Assertion" id="e035842d-90ca-496c-9ed0-52cf5426c3ee" name="Not SOAP Fault"/><con:assertion type="SOAP Response" id="100dc211-9957-48a6-b36c-154d5bf14f4d" name="SOAP Response"/><con:assertion type="Schema Compliance" id="38938820-7c95-4d74-8a83-99db1edf402f" name="Schema Compliance"><con:configuration/></con:assertion><con:wsaConfig action="http://fidus.brussels/services/referencedir/subscribeReference"/></con:request></con:config></con:testStep><con:testStep type="request" id="4ab9d59c-0b9a-42d5-bd14-4b75f78071a3" name="testcase3 - Test - Worker1 - Request"><con:settings/><con:config xsi:type="con:RequestStep" xmlns:xsi="http://www.w3.org/2001/XMLSchema-instance"><con:interface>ReferenceDirServiceHTTPBinding</con:interface><con:operation>subscribeReference</con:operation><con:request name="testcase3 - Test - Worker1 - Request" id="0c7bca0a-b1df-4dae-a1e4-129792394ca4" outgoingWss="Outflow TEST"><con:settings/><con:encoding>UTF-8</con:encoding><con:endpoint>https://192.168.22.53:8443/services/ReferenceDirService_v1.0</con:endpoint><con:request><![CDATA[<soapenv:Envelope xmlns:soapenv="http://schemas.xmlsoap.org/soap/envelope/" 
xmlns:v1="http://fidus.brussels/service/referencedir/messages/v1" 
xmlns:v11="http://fidus.brussels/type/referencedir/requests/subscribe/v1" 
xmlns:v12="http://fidus.brussels/type/common/messages/v1" 
xmlns:v13="http://fidus.brussels/type/referencedir/requests/v1">
   <soapenv:Header/>
   <soapenv:Body>
      <v1:subscribeReferenceRequest>
         <v11:messageContext>
            <v12:messageId>${=import static java.util.UUID.randomUUID; uuid = randomUUID() as String}</v12:messageId>
            <v12:timestamp>${=new java.text.SimpleDateFormat("yyyy-MM-dd'T'HH:mm:ss.SSS").format(new Date())}</v12:timestamp>
         </v11:messageContext>
         <v11:legalContext>ServiceIntegrator</v11:legalContext>
         <v11:subscriptionRequest>
            <v13:reference>
               <v13:personNumber>89102413022</v13:personNumber>
            </v13:reference>
            <!--Optional:-->
            <v13:endDate>${=new java.text.SimpleDateFormat("yyyy-MM-dd").format(new Date() + 1)}</v13:endDate>
         </v11:subscriptionRequest>
      </v1:subscribeReferenceRequest>
   </soapenv:Body>
</soapenv:Envelope>]]></con:request><con:assertion type="SOAP Fault Assertion" id="bd337144-54b0-4369-8e93-682e9c02c1ce" name="Not SOAP Fault"/><con:assertion type="SOAP Response" id="0e275168-411e-40bb-9e45-df6a462e9b77" name="SOAP Response"/><con:assertion type="Schema Compliance" id="0f701720-56ee-4882-bc74-b74366884f61" name="Schema Compliance"><con:configuration/></con:assertion><con:wsaConfig action="http://fidus.brussels/services/referencedir/subscribeReference"/></con:request></con:config></con:testStep><con:testStep type="request" id="7eeee14e-c098-4c91-87be-bf58a53a650d" name="testcase3 - Test - Worker2 - Request"><con:settings/><con:config xsi:type="con:RequestStep" xmlns:xsi="http://www.w3.org/2001/XMLSchema-instance"><con:interface>ReferenceDirServiceHTTPBinding</con:interface><con:operation>subscribeReference</con:operation><con:request name="testcase3 - Test - Worker2 - Request" id="ab19df5c-a410-4663-92c8-56cb5ff22442" outgoingWss="Outflow TEST"><con:settings/><con:encoding>UTF-8</con:encoding><con:endpoint>https://192.168.22.54:8443/services/ReferenceDirService_v1.0</con:endpoint><con:request><![CDATA[<soapenv:Envelope xmlns:soapenv="http://schemas.xmlsoap.org/soap/envelope/" 
xmlns:v1="http://fidus.brussels/service/referencedir/messages/v1" 
xmlns:v11="http://fidus.brussels/type/referencedir/requests/subscribe/v1" 
xmlns:v12="http://fidus.brussels/type/common/messages/v1" 
xmlns:v13="http://fidus.brussels/type/referencedir/requests/v1">
   <soapenv:Header/>
   <soapenv:Body>
      <v1:subscribeReferenceRequest>
         <v11:messageContext>
            <v12:messageId>${=import static java.util.UUID.randomUUID; uuid = randomUUID() as String}</v12:messageId>
            <v12:timestamp>${=new java.text.SimpleDateFormat("yyyy-MM-dd'T'HH:mm:ss.SSS").format(new Date())}</v12:timestamp>
         </v11:messageContext>
         <v11:legalContext>ServiceIntegrator</v11:legalContext>
         <v11:subscriptionRequest>
            <v13:reference>
               <v13:personNumber>89102413022</v13:personNumber>
            </v13:reference>
            <!--Optional:-->
            <v13:endDate>${=new java.text.SimpleDateFormat("yyyy-MM-dd").format(new Date() + 1)}</v13:endDate>
         </v11:subscriptionRequest>
      </v1:subscribeReferenceRequest>
   </soapenv:Body>
</soapenv:Envelope>]]></con:request><con:assertion type="SOAP Fault Assertion" id="12916d8e-032b-48ac-83b4-8e1bcc094df1" name="Not SOAP Fault"/><con:assertion type="SOAP Response" id="e54fc65b-32f9-4ede-9aae-7263152dc83a" name="SOAP Response"/><con:assertion type="Schema Compliance" id="494be3bd-ad1d-4f1e-b004-8a4377d1c660" name="Schema Compliance"><con:configuration/></con:assertion><con:wsaConfig action="http://fidus.brussels/services/referencedir/subscribeReference"/></con:request></con:config></con:testStep><con:testStep type="request" id="646829d7-1674-41a2-ae95-dea9c52ff63d" name="testcase3 - Test - Worker1New - Request"><con:settings/><con:config xsi:type="con:RequestStep" xmlns:xsi="http://www.w3.org/2001/XMLSchema-instance"><con:interface>ReferenceDirServiceHTTPBinding</con:interface><con:operation>subscribeReference</con:operation><con:request name="testcase3 - Test - Worker1New - Request" id="623c61ee-d0e4-4f11-95de-004233d1830e" outgoingWss="Outflow TEST"><con:settings/><con:encoding>UTF-8</con:encoding><con:endpoint>https://192.168.22.73:8443/services/ReferenceDirService_v1.0</con:endpoint><con:request><![CDATA[<soapenv:Envelope xmlns:soapenv="http://schemas.xmlsoap.org/soap/envelope/" 
xmlns:v1="http://fidus.brussels/service/referencedir/messages/v1" 
xmlns:v11="http://fidus.brussels/type/referencedir/requests/subscribe/v1" 
xmlns:v12="http://fidus.brussels/type/common/messages/v1" 
xmlns:v13="http://fidus.brussels/type/referencedir/requests/v1">
   <soapenv:Header/>
   <soapenv:Body>
      <v1:subscribeReferenceRequest>
         <v11:messageContext>
            <v12:messageId>${=import static java.util.UUID.randomUUID; uuid = randomUUID() as String}</v12:messageId>
            <v12:timestamp>${=new java.text.SimpleDateFormat("yyyy-MM-dd'T'HH:mm:ss.SSS").format(new Date())}</v12:timestamp>
         </v11:messageContext>
         <v11:legalContext>ServiceIntegrator</v11:legalContext>
         <v11:subscriptionRequest>
            <v13:reference>
               <v13:personNumber>89102413022</v13:personNumber>
            </v13:reference>
            <!--Optional:-->
            <v13:endDate>${=new java.text.SimpleDateFormat("yyyy-MM-dd").format(new Date() + 1)}</v13:endDate>
         </v11:subscriptionRequest>
      </v1:subscribeReferenceRequest>
   </soapenv:Body>
</soapenv:Envelope>]]></con:request><con:assertion type="SOAP Fault Assertion" id="793c7bcb-b86f-4807-9150-10bcb4dc39c0" name="Not SOAP Fault"/><con:assertion type="SOAP Response" id="8faaf329-fbc6-4917-b5b3-de59e681c342" name="SOAP Response"/><con:assertion type="Schema Compliance" id="aa7933a2-22b8-4d5c-b669-34145974b19b" name="Schema Compliance"><con:configuration/></con:assertion><con:wsaConfig action="http://fidus.brussels/services/referencedir/subscribeReference"/></con:request></con:config></con:testStep><con:testStep type="request" id="ea5e95e8-6dea-4824-8083-c084b688e362" name="testcase3 - Test - Worker2New - Request"><con:settings/><con:config xsi:type="con:RequestStep" xmlns:xsi="http://www.w3.org/2001/XMLSchema-instance"><con:interface>ReferenceDirServiceHTTPBinding</con:interface><con:operation>subscribeReference</con:operation><con:request name="testcase3 - Test - Worker2New - Request" id="42f94c72-6f38-4ae3-bc30-7bd1348c964f" outgoingWss="Outflow TEST"><con:settings/><con:encoding>UTF-8</con:encoding><con:endpoint>https://192.168.22.93:8443/services/ReferenceDirService_v1.0</con:endpoint><con:request><![CDATA[<soapenv:Envelope xmlns:soapenv="http://schemas.xmlsoap.org/soap/envelope/" 
xmlns:v1="http://fidus.brussels/service/referencedir/messages/v1" 
xmlns:v11="http://fidus.brussels/type/referencedir/requests/subscribe/v1" 
xmlns:v12="http://fidus.brussels/type/common/messages/v1" 
xmlns:v13="http://fidus.brussels/type/referencedir/requests/v1">
   <soapenv:Header/>
   <soapenv:Body>
      <v1:subscribeReferenceRequest>
         <v11:messageContext>
            <v12:messageId>${=import static java.util.UUID.randomUUID; uuid = randomUUID() as String}</v12:messageId>
            <v12:timestamp>${=new java.text.SimpleDateFormat("yyyy-MM-dd'T'HH:mm:ss.SSS").format(new Date())}</v12:timestamp>
         </v11:messageContext>
         <v11:legalContext>ServiceIntegrator</v11:legalContext>
         <v11:subscriptionRequest>
            <v13:reference>
               <v13:personNumber>89102413022</v13:personNumber>
            </v13:reference>
            <!--Optional:-->
            <v13:endDate>${=new java.text.SimpleDateFormat("yyyy-MM-dd").format(new Date() + 1)}</v13:endDate>
         </v11:subscriptionRequest>
      </v1:subscribeReferenceRequest>
   </soapenv:Body>
</soapenv:Envelope>]]></con:request><con:assertion type="SOAP Fault Assertion" id="49623ce0-19f4-44f5-b4ce-7d1afffcaf03" name="Not SOAP Fault"/><con:assertion type="SOAP Response" id="4289633c-82a0-44f7-8eb2-a7b4c0691052" name="SOAP Response"/><con:assertion type="Schema Compliance" id="aa9a468b-d1c8-4602-95ab-d37c21b2191e" name="Schema Compliance"><con:configuration/></con:assertion><con:wsaConfig action="http://fidus.brussels/services/referencedir/subscribeReference"/></con:request></con:config></con:testStep><con:properties/></con:testCase><con:testCase id="87c62389-1391-45a5-95ad-69e180c7a47a" failOnError="true" failTestCaseOnErrors="true" keepSession="false" maxResults="0" name="unsubscribeReference" searchProperties="true"><con:settings/><con:testStep type="request" id="ffb15a60-9bf0-40c5-9ffb-f3654b7fc9e5" name="testcase3 - Test - External - Request"><con:settings/><con:config xsi:type="con:RequestStep" xmlns:xsi="http://www.w3.org/2001/XMLSchema-instance"><con:interface>ReferenceDirServiceHTTPBinding</con:interface><con:operation>unsubscribeReference</con:operation><con:request name="testcase3 - Test - External - Request" id="69bfc14e-37aa-4f3c-bdf2-f26eea48a219" outgoingWss="Outflow TEST"><con:settings/><con:encoding>UTF-8</con:encoding><con:endpoint>https://fidus-test.irisnetlab.be/services/ReferenceDirService_v1.0</con:endpoint><con:request><![CDATA[<soapenv:Envelope xmlns:soapenv="http://schemas.xmlsoap.org/soap/envelope/" xmlns:v1="http://fidus.brussels/service/referencedir/messages/v1" xmlns:v11="http://fidus.brussels/type/referencedir/requests/unsubscribe/v1" xmlns:v12="http://fidus.brussels/type/common/messages/v1" xmlns:v13="http://fidus.brussels/type/referencedir/requests/v1">
   <soapenv:Header/>
   <soapenv:Body>
      <v1:unsubscribeReferenceRequest>
         <v11:messageContext>
            <v12:messageId>${=import static java.util.UUID.randomUUID; uuid = randomUUID() as String}</v12:messageId>
            <v12:timestamp>${=new java.text.SimpleDateFormat("yyyy-MM-dd'T'HH:mm:ss.SSS").format(new Date())}</v12:timestamp>
         </v11:messageContext>
         <v11:legalContext>ServiceIntegrator</v11:legalContext>
         <v11:unsubscriptionRequest>
            <v13:reference>
               <v13:personNumber>89102413022</v13:personNumber>
            </v13:reference>
         </v11:unsubscriptionRequest>
      </v1:unsubscribeReferenceRequest>
   </soapenv:Body>
</soapenv:Envelope>]]></con:request><con:assertion type="SOAP Fault Assertion" id="48af7395-7180-4f25-b27a-7783849e39cb" name="Not SOAP Fault"/><con:assertion type="SOAP Response" id="69c795e5-5f5d-4df3-b24d-845f1c9ffc78" name="SOAP Response"/><con:assertion type="Schema Compliance" id="c8969412-cbeb-4f27-828d-cb4907d55d15" name="Schema Compliance"><con:configuration/></con:assertion><con:wsaConfig action="http://fidus.brussels/services/referencedir/unsubscribeReference"/></con:request></con:config></con:testStep><con:testStep type="request" id="3c324160-1f5b-4134-9408-d2c4dc10ed4a" name="testcase3 - Test - LB - Request"><con:settings/><con:config xsi:type="con:RequestStep" xmlns:xsi="http://www.w3.org/2001/XMLSchema-instance"><con:interface>ReferenceDirServiceHTTPBinding</con:interface><con:operation>unsubscribeReference</con:operation><con:request name="testcase3 - Test - LB - Request" id="5ddf53ba-22f9-4b34-b96b-7f7568ef7a3d" outgoingWss="Outflow TEST"><con:settings/><con:encoding>UTF-8</con:encoding><con:endpoint>https://esb-security-gw.sta.srv.cirb.lan:8443/services/ReferenceDirService_v1.0</con:endpoint><con:request><![CDATA[<soapenv:Envelope xmlns:soapenv="http://schemas.xmlsoap.org/soap/envelope/" xmlns:v1="http://fidus.brussels/service/referencedir/messages/v1" xmlns:v11="http://fidus.brussels/type/referencedir/requests/unsubscribe/v1" xmlns:v12="http://fidus.brussels/type/common/messages/v1" xmlns:v13="http://fidus.brussels/type/referencedir/requests/v1">
   <soapenv:Header/>
   <soapenv:Body>
      <v1:unsubscribeReferenceRequest>
         <v11:messageContext>
            <v12:messageId>${=import static java.util.UUID.randomUUID; uuid = randomUUID() as String}</v12:messageId>
            <v12:timestamp>${=new java.text.SimpleDateFormat("yyyy-MM-dd'T'HH:mm:ss.SSS").format(new Date())}</v12:timestamp>
         </v11:messageContext>
         <v11:legalContext>ServiceIntegrator</v11:legalContext>
         <v11:unsubscriptionRequest>
            <v13:reference>
               <v13:personNumber>89102413022</v13:personNumber>
            </v13:reference>
         </v11:unsubscriptionRequest>
      </v1:unsubscribeReferenceRequest>
   </soapenv:Body>
</soapenv:Envelope>]]></con:request><con:assertion type="SOAP Fault Assertion" id="1cdaa0f4-8120-4da4-92aa-24628f55baf2" name="Not SOAP Fault"/><con:assertion type="SOAP Response" id="700debe7-7c06-4e96-950d-e25095b96eb7" name="SOAP Response"/><con:assertion type="Schema Compliance" id="7cfe64b1-b269-48da-a312-ccddd8ca824b" name="Schema Compliance"><con:configuration/></con:assertion><con:wsaConfig action="http://fidus.brussels/services/referencedir/unsubscribeReference"/></con:request></con:config></con:testStep><con:testStep type="request" id="e0396b7a-1d9c-445d-87ca-e4a951f3eb39" name="testcase3 - Test - Worker1 - Request"><con:settings/><con:config xsi:type="con:RequestStep" xmlns:xsi="http://www.w3.org/2001/XMLSchema-instance"><con:interface>ReferenceDirServiceHTTPBinding</con:interface><con:operation>unsubscribeReference</con:operation><con:request name="testcase3 - Test - Worker1 - Request" id="52cad802-859d-4fce-8762-c0ae0cd63759" outgoingWss="Outflow TEST"><con:settings/><con:encoding>UTF-8</con:encoding><con:endpoint>https://192.168.22.53:8443/services/ReferenceDirService_v1.0</con:endpoint><con:request><![CDATA[<soapenv:Envelope xmlns:soapenv="http://schemas.xmlsoap.org/soap/envelope/" xmlns:v1="http://fidus.brussels/service/referencedir/messages/v1" xmlns:v11="http://fidus.brussels/type/referencedir/requests/unsubscribe/v1" xmlns:v12="http://fidus.brussels/type/common/messages/v1" xmlns:v13="http://fidus.brussels/type/referencedir/requests/v1">
   <soapenv:Header/>
   <soapenv:Body>
      <v1:unsubscribeReferenceRequest>
         <v11:messageContext>
            <v12:messageId>${=import static java.util.UUID.randomUUID; uuid = randomUUID() as String}</v12:messageId>
            <v12:timestamp>${=new java.text.SimpleDateFormat("yyyy-MM-dd'T'HH:mm:ss.SSS").format(new Date())}</v12:timestamp>
         </v11:messageContext>
         <v11:legalContext>ServiceIntegrator</v11:legalContext>
         <v11:unsubscriptionRequest>
            <v13:reference>
               <v13:personNumber>89102413022</v13:personNumber>
            </v13:reference>
         </v11:unsubscriptionRequest>
      </v1:unsubscribeReferenceRequest>
   </soapenv:Body>
</soapenv:Envelope>]]></con:request><con:assertion type="SOAP Fault Assertion" id="b4000c98-563a-46a9-a7bd-9a6f51226d2c" name="Not SOAP Fault"/><con:assertion type="SOAP Response" id="5f5239a6-01af-4a94-9d0f-1041a3c531a8" name="SOAP Response"/><con:assertion type="Schema Compliance" id="bde5f315-aa60-4c08-a447-32a68a81c96b" name="Schema Compliance"><con:configuration/></con:assertion><con:wsaConfig action="http://fidus.brussels/services/referencedir/unsubscribeReference"/></con:request></con:config></con:testStep><con:testStep type="request" id="889cff6f-bbc8-495b-8eff-0acd46a6e420" name="testcase3 - Test - Worker2 - Request"><con:settings/><con:config xsi:type="con:RequestStep" xmlns:xsi="http://www.w3.org/2001/XMLSchema-instance"><con:interface>ReferenceDirServiceHTTPBinding</con:interface><con:operation>unsubscribeReference</con:operation><con:request name="testcase3 - Test - Worker2 - Request" id="ee1ba2cb-aba5-440e-8597-2918835163c5" outgoingWss="Outflow TEST"><con:settings/><con:encoding>UTF-8</con:encoding><con:endpoint>https://192.168.22.54:8443/services/ReferenceDirService_v1.0</con:endpoint><con:request><![CDATA[<soapenv:Envelope xmlns:soapenv="http://schemas.xmlsoap.org/soap/envelope/" xmlns:v1="http://fidus.brussels/service/referencedir/messages/v1" xmlns:v11="http://fidus.brussels/type/referencedir/requests/unsubscribe/v1" xmlns:v12="http://fidus.brussels/type/common/messages/v1" xmlns:v13="http://fidus.brussels/type/referencedir/requests/v1">
   <soapenv:Header/>
   <soapenv:Body>
      <v1:unsubscribeReferenceRequest>
         <v11:messageContext>
            <v12:messageId>${=import static java.util.UUID.randomUUID; uuid = randomUUID() as String}</v12:messageId>
            <v12:timestamp>${=new java.text.SimpleDateFormat("yyyy-MM-dd'T'HH:mm:ss.SSS").format(new Date())}</v12:timestamp>
         </v11:messageContext>
         <v11:legalContext>ServiceIntegrator</v11:legalContext>
         <v11:unsubscriptionRequest>
            <v13:reference>
               <v13:personNumber>89102413022</v13:personNumber>
            </v13:reference>
         </v11:unsubscriptionRequest>
      </v1:unsubscribeReferenceRequest>
   </soapenv:Body>
</soapenv:Envelope>]]></con:request><con:assertion type="SOAP Fault Assertion" id="c3683e72-4d50-4060-bf5a-365d460fb0c6" name="Not SOAP Fault"/><con:assertion type="SOAP Response" id="f927b27e-8e46-4b8f-9966-8ee5af807f31" name="SOAP Response"/><con:assertion type="Schema Compliance" id="d6c282f2-5cfb-4e20-832c-ef97e9846bfd" name="Schema Compliance"><con:configuration/></con:assertion><con:wsaConfig action="http://fidus.brussels/services/referencedir/unsubscribeReference"/></con:request></con:config></con:testStep><con:testStep type="request" id="953358f4-5a2d-48ba-a1cd-a40c9be2ed94" name="testcase3 - Test - Worker1New - Request"><con:settings/><con:config xsi:type="con:RequestStep" xmlns:xsi="http://www.w3.org/2001/XMLSchema-instance"><con:interface>ReferenceDirServiceHTTPBinding</con:interface><con:operation>unsubscribeReference</con:operation><con:request name="testcase3 - Test - Worker1New - Request" id="98704afd-3c77-4de4-8ba0-f6212f07894a" outgoingWss="Outflow TEST"><con:settings/><con:encoding>UTF-8</con:encoding><con:endpoint>https://192.168.22.73:8443/services/ReferenceDirService_v1.0</con:endpoint><con:request><![CDATA[<soapenv:Envelope xmlns:soapenv="http://schemas.xmlsoap.org/soap/envelope/" xmlns:v1="http://fidus.brussels/service/referencedir/messages/v1" xmlns:v11="http://fidus.brussels/type/referencedir/requests/unsubscribe/v1" xmlns:v12="http://fidus.brussels/type/common/messages/v1" xmlns:v13="http://fidus.brussels/type/referencedir/requests/v1">
   <soapenv:Header/>
   <soapenv:Body>
      <v1:unsubscribeReferenceRequest>
         <v11:messageContext>
            <v12:messageId>${=import static java.util.UUID.randomUUID; uuid = randomUUID() as String}</v12:messageId>
            <v12:timestamp>${=new java.text.SimpleDateFormat("yyyy-MM-dd'T'HH:mm:ss.SSS").format(new Date())}</v12:timestamp>
         </v11:messageContext>
         <v11:legalContext>ServiceIntegrator</v11:legalContext>
         <v11:unsubscriptionRequest>
            <v13:reference>
               <v13:personNumber>89102413022</v13:personNumber>
            </v13:reference>
         </v11:unsubscriptionRequest>
      </v1:unsubscribeReferenceRequest>
   </soapenv:Body>
</soapenv:Envelope>]]></con:request><con:assertion type="SOAP Fault Assertion" id="6013fef6-16ad-454d-8b1f-35f6c61ad792" name="Not SOAP Fault"/><con:assertion type="SOAP Response" id="71c7bbe0-eef8-4680-81bf-4bb532350e9b" name="SOAP Response"/><con:assertion type="Schema Compliance" id="15883493-fb63-41cd-a751-fe87efbee4d2" name="Schema Compliance"><con:configuration/></con:assertion><con:wsaConfig action="http://fidus.brussels/services/referencedir/unsubscribeReference"/></con:request></con:config></con:testStep><con:testStep type="request" id="231a1de0-da86-4ac2-91e1-bb0844404010" name="testcase3 - Test - Worker2New - Request"><con:settings/><con:config xsi:type="con:RequestStep" xmlns:xsi="http://www.w3.org/2001/XMLSchema-instance"><con:interface>ReferenceDirServiceHTTPBinding</con:interface><con:operation>unsubscribeReference</con:operation><con:request name="testcase3 - Test - Worker2New - Request" id="3bdf686e-4bef-4dcb-91a5-e92312995b3a" outgoingWss="Outflow TEST"><con:settings/><con:encoding>UTF-8</con:encoding><con:endpoint>https://192.168.22.93:8443/services/ReferenceDirService_v1.0</con:endpoint><con:request><![CDATA[<soapenv:Envelope xmlns:soapenv="http://schemas.xmlsoap.org/soap/envelope/" xmlns:v1="http://fidus.brussels/service/referencedir/messages/v1" xmlns:v11="http://fidus.brussels/type/referencedir/requests/unsubscribe/v1" xmlns:v12="http://fidus.brussels/type/common/messages/v1" xmlns:v13="http://fidus.brussels/type/referencedir/requests/v1">
   <soapenv:Header/>
   <soapenv:Body>
      <v1:unsubscribeReferenceRequest>
         <v11:messageContext>
            <v12:messageId>${=import static java.util.UUID.randomUUID; uuid = randomUUID() as String}</v12:messageId>
            <v12:timestamp>${=new java.text.SimpleDateFormat("yyyy-MM-dd'T'HH:mm:ss.SSS").format(new Date())}</v12:timestamp>
         </v11:messageContext>
         <v11:legalContext>ServiceIntegrator</v11:legalContext>
         <v11:unsubscriptionRequest>
            <v13:reference>
               <v13:personNumber>89102413022</v13:personNumber>
            </v13:reference>
         </v11:unsubscriptionRequest>
      </v1:unsubscribeReferenceRequest>
   </soapenv:Body>
</soapenv:Envelope>]]></con:request><con:assertion type="SOAP Fault Assertion" id="44bc8528-9811-4232-a6a0-0a36e9103a31" name="Not SOAP Fault"/><con:assertion type="SOAP Response" id="85e45d55-dfcc-4e7a-9f22-5f9e24e6bbc3" name="SOAP Response"/><con:assertion type="Schema Compliance" id="c1da74f0-4cf7-4b08-acd8-6496ed951734" name="Schema Compliance"><con:configuration/></con:assertion><con:wsaConfig action="http://fidus.brussels/services/referencedir/unsubscribeReference"/></con:request></con:config></con:testStep><con:properties/></con:testCase><con:testCase id="af187b8c-9702-4769-963f-be5cc1a598c1" failOnError="true" failTestCaseOnErrors="true" keepSession="false" maxResults="0" name="getServicesReference" searchProperties="true"><con:settings/><con:testStep type="request" id="e3cf1ad8-9ddb-4073-9b90-3fdb98112f88" name="testcase3 - Test - External - Request"><con:settings/><con:config xsi:type="con:RequestStep" xmlns:xsi="http://www.w3.org/2001/XMLSchema-instance"><con:interface>ReferenceDirServiceHTTPBinding</con:interface><con:operation>getServicesReference</con:operation><con:request name="testcase3 - Test - External - Request" id="a0649fef-841e-4ac4-9ce3-663bde04cdba" outgoingWss="Outflow TEST"><con:settings/><con:encoding>UTF-8</con:encoding><con:endpoint>https://fidus-test.irisnetlab.be/services/ReferenceDirService_v1.0</con:endpoint><con:request><![CDATA[<soapenv:Envelope xmlns:soapenv="http://schemas.xmlsoap.org/soap/envelope/" xmlns:v1="http://fidus.brussels/service/referencedir/messages/v1" xmlns:v11="http://fidus.brussels/type/referencedir/requests/getservices/v1" xmlns:v12="http://fidus.brussels/type/common/messages/v1" >
   <soapenv:Header/>
   <soapenv:Body>
      <v1:getServicesReferenceRequest>
         <v11:messageContext>
            <v12:messageId>${=import static java.util.UUID.randomUUID; uuid = randomUUID() as String}</v12:messageId>
            <v12:timestamp>${=new java.text.SimpleDateFormat("yyyy-MM-dd'T'HH:mm:ss.SSS").format(new Date())}</v12:timestamp>
         </v11:messageContext>
         <v11:legalContext>ServiceIntegrator</v11:legalContext>
         <v11:getServicesRequest></v11:getServicesRequest>
      </v1:getServicesReferenceRequest>
   </soapenv:Body>
</soapenv:Envelope>]]></con:request><con:assertion type="SOAP Fault Assertion" id="2d7d1f29-8996-4607-aab6-f8a8bd631add" name="Not SOAP Fault"/><con:assertion type="SOAP Response" id="bd0f07df-1407-4fe7-961d-c60dc4e833f4" name="SOAP Response"/><con:assertion type="Schema Compliance" id="f59d4482-97d6-4d39-a373-e7f93688ebc0" name="Schema Compliance"><con:configuration/></con:assertion><con:wsaConfig action="http://fidus.brussels/services/referencedir/getServicesReference"/></con:request></con:config></con:testStep><con:testStep type="request" id="caccedc8-0acd-483c-b0db-1da03c309645" name="testcase3 - Test - LB - Request"><con:settings/><con:config xsi:type="con:RequestStep" xmlns:xsi="http://www.w3.org/2001/XMLSchema-instance"><con:interface>ReferenceDirServiceHTTPBinding</con:interface><con:operation>getServicesReference</con:operation><con:request name="testcase3 - Test - LB - Request" id="813ccaa8-e3c1-4bc9-bb24-0f3e626b1fe6" outgoingWss="Outflow TEST"><con:settings/><con:encoding>UTF-8</con:encoding><con:endpoint>https://esb-security-gw.sta.srv.cirb.lan:8443/services/ReferenceDirService_v1.0</con:endpoint><con:request><![CDATA[<soapenv:Envelope xmlns:soapenv="http://schemas.xmlsoap.org/soap/envelope/" xmlns:v1="http://fidus.brussels/service/referencedir/messages/v1" xmlns:v11="http://fidus.brussels/type/referencedir/requests/getservices/v1" xmlns:v12="http://fidus.brussels/type/common/messages/v1" >
   <soapenv:Header/>
   <soapenv:Body>
      <v1:getServicesReferenceRequest>
         <v11:messageContext>
            <v12:messageId>${=import static java.util.UUID.randomUUID; uuid = randomUUID() as String}</v12:messageId>
            <v12:timestamp>${=new java.text.SimpleDateFormat("yyyy-MM-dd'T'HH:mm:ss.SSS").format(new Date())}</v12:timestamp>
         </v11:messageContext>
         <v11:legalContext>ServiceIntegrator</v11:legalContext>
         <v11:getServicesRequest></v11:getServicesRequest>
      </v1:getServicesReferenceRequest>
   </soapenv:Body>
</soapenv:Envelope>]]></con:request><con:assertion type="SOAP Fault Assertion" id="620ad48a-933c-458f-b0e5-09a1a9045aab" name="Not SOAP Fault"/><con:assertion type="SOAP Response" id="f3d743e2-b01d-4fde-ac9c-19e7f94002b2" name="SOAP Response"/><con:assertion type="Schema Compliance" id="39ca87ff-2953-4640-819e-169fcff0f87f" name="Schema Compliance"><con:configuration/></con:assertion><con:wsaConfig action="http://fidus.brussels/services/referencedir/getServicesReference"/></con:request></con:config></con:testStep><con:testStep type="request" id="c51f4a6c-b300-44f0-9448-0ce09a35acdc" name="testcase3 - Test - Worker1 - Request"><con:settings/><con:config xsi:type="con:RequestStep" xmlns:xsi="http://www.w3.org/2001/XMLSchema-instance"><con:interface>ReferenceDirServiceHTTPBinding</con:interface><con:operation>getServicesReference</con:operation><con:request name="testcase3 - Test - Worker1 - Request" id="2ed09654-f30c-4161-b5a2-7b5d9182dfd0" outgoingWss="Outflow TEST"><con:settings/><con:encoding>UTF-8</con:encoding><con:endpoint>https://192.168.22.53:8443/services/ReferenceDirService_v1.0</con:endpoint><con:request><![CDATA[<soapenv:Envelope xmlns:soapenv="http://schemas.xmlsoap.org/soap/envelope/" xmlns:v1="http://fidus.brussels/service/referencedir/messages/v1" xmlns:v11="http://fidus.brussels/type/referencedir/requests/getservices/v1" xmlns:v12="http://fidus.brussels/type/common/messages/v1" >
   <soapenv:Header/>
   <soapenv:Body>
      <v1:getServicesReferenceRequest>
         <v11:messageContext>
            <v12:messageId>${=import static java.util.UUID.randomUUID; uuid = randomUUID() as String}</v12:messageId>
            <v12:timestamp>${=new java.text.SimpleDateFormat("yyyy-MM-dd'T'HH:mm:ss.SSS").format(new Date())}</v12:timestamp>
         </v11:messageContext>
         <v11:legalContext>ServiceIntegrator</v11:legalContext>
         <v11:getServicesRequest></v11:getServicesRequest>
      </v1:getServicesReferenceRequest>
   </soapenv:Body>
</soapenv:Envelope>]]></con:request><con:assertion type="SOAP Fault Assertion" id="9f3a94b0-ec0c-4a4c-bd63-4fc0b2c07241" name="Not SOAP Fault"/><con:assertion type="SOAP Response" id="7bb1d5a2-906c-4736-911d-a1f94e5b2180" name="SOAP Response"/><con:assertion type="Schema Compliance" id="0aa06416-8da1-4d8e-9124-d59d14382a6b" name="Schema Compliance"><con:configuration/></con:assertion><con:wsaConfig action="http://fidus.brussels/services/referencedir/getServicesReference"/></con:request></con:config></con:testStep><con:testStep type="request" id="24a99c82-5551-4167-b9b4-821c9f4c4855" name="testcase3 - Test - Worker2 - Request"><con:settings/><con:config xsi:type="con:RequestStep" xmlns:xsi="http://www.w3.org/2001/XMLSchema-instance"><con:interface>ReferenceDirServiceHTTPBinding</con:interface><con:operation>getServicesReference</con:operation><con:request name="testcase3 - Test - Worker2 - Request" id="1632dfe9-0c39-4cb8-b118-e8ba959a7b73" outgoingWss="Outflow TEST"><con:settings/><con:encoding>UTF-8</con:encoding><con:endpoint>https://192.168.22.54:8443/services/ReferenceDirService_v1.0</con:endpoint><con:request><![CDATA[<soapenv:Envelope xmlns:soapenv="http://schemas.xmlsoap.org/soap/envelope/" xmlns:v1="http://fidus.brussels/service/referencedir/messages/v1" xmlns:v11="http://fidus.brussels/type/referencedir/requests/getservices/v1" xmlns:v12="http://fidus.brussels/type/common/messages/v1" >
   <soapenv:Header/>
   <soapenv:Body>
      <v1:getServicesReferenceRequest>
         <v11:messageContext>
            <v12:messageId>${=import static java.util.UUID.randomUUID; uuid = randomUUID() as String}</v12:messageId>
            <v12:timestamp>${=new java.text.SimpleDateFormat("yyyy-MM-dd'T'HH:mm:ss.SSS").format(new Date())}</v12:timestamp>
         </v11:messageContext>
         <v11:legalContext>ServiceIntegrator</v11:legalContext>
         <v11:getServicesRequest></v11:getServicesRequest>
      </v1:getServicesReferenceRequest>
   </soapenv:Body>
</soapenv:Envelope>]]></con:request><con:assertion type="SOAP Fault Assertion" id="17a280b9-943c-447e-b80e-8d72ce31b601" name="Not SOAP Fault"/><con:assertion type="SOAP Response" id="d8ba80bf-8019-40f3-9dd8-1ccfa816bb1d" name="SOAP Response"/><con:assertion type="Schema Compliance" id="e9ef3be9-19c4-4ad3-9214-b26ffc0f36db" name="Schema Compliance"><con:configuration/></con:assertion><con:wsaConfig action="http://fidus.brussels/services/referencedir/getServicesReference"/></con:request></con:config></con:testStep><con:properties/></con:testCase><con:properties/></con:testSuite><con:testSuite id="4dc7ca5e-1682-4a6d-899e-d820a306ea1c" name="STAG"><con:settings/><con:runType>SEQUENTIAL</con:runType><con:testCase id="e03cda7e-592e-4ae2-ab4f-f232a00fbb66" failOnError="true" failTestCaseOnErrors="true" keepSession="false" maxResults="0" name="subscribeReference" searchProperties="true"><con:settings/><con:testStep type="request" id="03db3f79-44fd-4b5f-9b8d-1cb36c72da03" name="testcase4 - Staging - Worker1 - Request"><con:settings/><con:config xsi:type="con:RequestStep" xmlns:xsi="http://www.w3.org/2001/XMLSchema-instance"><con:interface>ReferenceDirServiceHTTPBinding</con:interface><con:operation>subscribeReference</con:operation><con:request name="testcase4 - Staging - Worker1 - Request" id="399d30b2-bb3b-483b-a051-2c59cbd88e73" outgoingWss="Outflow STAG"><con:settings/><con:encoding>UTF-8</con:encoding><con:endpoint>https://192.168.24.16:8443/services/ReferenceDirService_v1.0</con:endpoint><con:request><![CDATA[<soapenv:Envelope xmlns:soapenv="http://schemas.xmlsoap.org/soap/envelope/" 
xmlns:v1="http://fidus.brussels/service/referencedir/messages/v1" 
xmlns:v11="http://fidus.brussels/type/referencedir/requests/subscribe/v1" 
xmlns:v12="http://fidus.brussels/type/common/messages/v1" 
xmlns:v13="http://fidus.brussels/type/referencedir/requests/v1">
   <soapenv:Header/>
   <soapenv:Body>
      <v1:subscribeReferenceRequest>
         <v11:messageContext>
            <v12:messageId>${=import static java.util.UUID.randomUUID; uuid = randomUUID() as String}</v12:messageId>
            <v12:timestamp>${=new java.text.SimpleDateFormat("yyyy-MM-dd'T'HH:mm:ss.SSS").format(new Date())}</v12:timestamp>
         </v11:messageContext>
         <v11:legalContext>ServiceIntegrator</v11:legalContext>
         <v11:subscriptionRequest>
            <v13:reference>
               <v13:personNumber>85081509931</v13:personNumber>
            </v13:reference>
            <!--Optional:-->
            <v13:endDate>${=new java.text.SimpleDateFormat("yyyy-MM-dd").format(new Date() + 1)}</v13:endDate>
         </v11:subscriptionRequest>
      </v1:subscribeReferenceRequest>
   </soapenv:Body>
</soapenv:Envelope>]]></con:request><con:assertion type="SOAP Fault Assertion" id="85dc8292-1947-4796-8f3d-aa0d83960499" name="Not SOAP Fault"/><con:assertion type="SOAP Response" id="1cbb3b06-1eb0-4ebe-9367-50ebb26b8d32" name="SOAP Response"/><con:assertion type="Schema Compliance" id="7be72594-408f-47dc-a939-592c69061cf5" name="Schema Compliance"><con:configuration/></con:assertion><con:wsaConfig action="http://fidus.brussels/services/referencedir/subscribeReference"/></con:request></con:config></con:testStep><con:testStep type="request" id="1be52ece-3e05-4243-b732-e4a7ab922e71" name="testcase4 - Staging - Worker2 - Request"><con:settings/><con:config xsi:type="con:RequestStep" xmlns:xsi="http://www.w3.org/2001/XMLSchema-instance"><con:interface>ReferenceDirServiceHTTPBinding</con:interface><con:operation>subscribeReference</con:operation><con:request name="testcase4 - Staging - Worker2 - Request" id="fbcd6f92-4390-4f3d-a8ca-5bab84a290c7" outgoingWss="Outflow STAG"><con:settings/><con:encoding>UTF-8</con:encoding><con:endpoint>https://192.168.24.17:8443/services/ReferenceDirService_v1.0</con:endpoint><con:request><![CDATA[<soapenv:Envelope xmlns:soapenv="http://schemas.xmlsoap.org/soap/envelope/" 
xmlns:v1="http://fidus.brussels/service/referencedir/messages/v1" 
xmlns:v11="http://fidus.brussels/type/referencedir/requests/subscribe/v1" 
xmlns:v12="http://fidus.brussels/type/common/messages/v1" 
xmlns:v13="http://fidus.brussels/type/referencedir/requests/v1">
   <soapenv:Header/>
   <soapenv:Body>
      <v1:subscribeReferenceRequest>
         <v11:messageContext>
            <v12:messageId>${=import static java.util.UUID.randomUUID; uuid = randomUUID() as String}</v12:messageId>
            <v12:timestamp>${=new java.text.SimpleDateFormat("yyyy-MM-dd'T'HH:mm:ss.SSS").format(new Date())}</v12:timestamp>
         </v11:messageContext>
         <v11:legalContext>ServiceIntegrator</v11:legalContext>
         <v11:subscriptionRequest>
            <v13:reference>
               <v13:personNumber>85081509931</v13:personNumber>
            </v13:reference>
            <!--Optional:-->
            <v13:endDate>${=new java.text.SimpleDateFormat("yyyy-MM-dd").format(new Date() + 1)}</v13:endDate>
         </v11:subscriptionRequest>
      </v1:subscribeReferenceRequest>
   </soapenv:Body>
</soapenv:Envelope>]]></con:request><con:assertion type="SOAP Fault Assertion" id="160e455c-ff9d-4dde-adde-0a14c789921a" name="Not SOAP Fault"/><con:assertion type="SOAP Response" id="7ada1214-ec27-4705-91f6-3548e54ba7c2" name="SOAP Response"/><con:assertion type="Schema Compliance" id="2acf2b3a-7a77-4f3f-b5d9-145918921cd0" name="Schema Compliance"><con:configuration/></con:assertion><con:wsaConfig action="http://fidus.brussels/services/referencedir/subscribeReference"/></con:request></con:config></con:testStep><con:testStep type="request" id="1966d7ac-ad11-48cc-a0a0-90520c2f2594" name="testcase4 - Staging - LB - Request"><con:settings/><con:config xsi:type="con:RequestStep" xmlns:xsi="http://www.w3.org/2001/XMLSchema-instance"><con:interface>ReferenceDirServiceHTTPBinding</con:interface><con:operation>subscribeReference</con:operation><con:request name="testcase4 - Staging - LB - Request" id="7c5c2352-74ea-44c3-984a-2d36543ef560" outgoingWss="Outflow STAG"><con:settings/><con:encoding>UTF-8</con:encoding><con:endpoint>https://fidus-esb-sg.sta.srv.cirb.lan:8443/services/ReferenceDirService_v1.0</con:endpoint><con:request><![CDATA[<soapenv:Envelope xmlns:soapenv="http://schemas.xmlsoap.org/soap/envelope/" 
xmlns:v1="http://fidus.brussels/service/referencedir/messages/v1" 
xmlns:v11="http://fidus.brussels/type/referencedir/requests/subscribe/v1" 
xmlns:v12="http://fidus.brussels/type/common/messages/v1" 
xmlns:v13="http://fidus.brussels/type/referencedir/requests/v1">
   <soapenv:Header/>
   <soapenv:Body>
      <v1:subscribeReferenceRequest>
         <v11:messageContext>
            <v12:messageId>${=import static java.util.UUID.randomUUID; uuid = randomUUID() as String}</v12:messageId>
            <v12:timestamp>${=new java.text.SimpleDateFormat("yyyy-MM-dd'T'HH:mm:ss.SSS").format(new Date())}</v12:timestamp>
         </v11:messageContext>
         <v11:legalContext>ServiceIntegrator</v11:legalContext>
         <v11:subscriptionRequest>
            <v13:reference>
               <v13:personNumber>89102413022</v13:personNumber>
            </v13:reference>
            <!--Optional:-->
            <v13:endDate>${=new java.text.SimpleDateFormat("yyyy-MM-dd").format(new Date() + 1)}</v13:endDate>
         </v11:subscriptionRequest>
      </v1:subscribeReferenceRequest>
   </soapenv:Body>
</soapenv:Envelope>]]></con:request><con:assertion type="SOAP Fault Assertion" id="2376c7c3-9d4c-4143-bb77-5a321d380268" name="Not SOAP Fault"/><con:assertion type="SOAP Response" id="f6df13f2-82a1-41b5-a412-472fb3eaa1e6" name="SOAP Response"/><con:assertion type="Schema Compliance" id="afd472d0-a551-484a-8355-18c3827fc086" name="Schema Compliance"><con:configuration/></con:assertion><con:wsaConfig action="http://fidus.brussels/services/referencedir/subscribeReference"/></con:request></con:config></con:testStep><con:testStep type="request" id="6ac6e453-18fd-418f-92e8-9b1e336b1d2e" name="testcase4 - Staging - External - Request"><con:settings/><con:config xsi:type="con:RequestStep" xmlns:xsi="http://www.w3.org/2001/XMLSchema-instance"><con:interface>ReferenceDirServiceHTTPBinding</con:interface><con:operation>subscribeReference</con:operation><con:request name="testcase4 - Staging - External - Request" id="fa598c38-bc8f-4196-a9e2-ea716acd805a" outgoingWss="Outflow STAG"><con:settings/><con:encoding>UTF-8</con:encoding><con:endpoint>https://fidus.irisnetlab.be/services/ReferenceDirService_v1.0</con:endpoint><con:request><![CDATA[<soapenv:Envelope xmlns:soapenv="http://schemas.xmlsoap.org/soap/envelope/" 
xmlns:v1="http://fidus.brussels/service/referencedir/messages/v1" 
xmlns:v11="http://fidus.brussels/type/referencedir/requests/subscribe/v1" 
xmlns:v12="http://fidus.brussels/type/common/messages/v1" 
xmlns:v13="http://fidus.brussels/type/referencedir/requests/v1">
   <soapenv:Header/>
   <soapenv:Body>
      <v1:subscribeReferenceRequest>
         <v11:messageContext>
            <v12:messageId>${=import static java.util.UUID.randomUUID; uuid = randomUUID() as String}</v12:messageId>
            <v12:timestamp>${=new java.text.SimpleDateFormat("yyyy-MM-dd'T'HH:mm:ss.SSS").format(new Date())}</v12:timestamp>
         </v11:messageContext>
         <v11:legalContext>ServiceIntegrator</v11:legalContext>
         <v11:subscriptionRequest>
            <v13:reference>
               <v13:personNumber>89102413022</v13:personNumber>
            </v13:reference>
            <!--Optional:-->
            <v13:endDate>${=new java.text.SimpleDateFormat("yyyy-MM-dd").format(new Date() + 1)}</v13:endDate>
         </v11:subscriptionRequest>
      </v1:subscribeReferenceRequest>
   </soapenv:Body>
</soapenv:Envelope>]]></con:request><con:assertion type="SOAP Fault Assertion" id="ebaa1bec-179c-4f0a-b82c-3d1dad055420" name="Not SOAP Fault"/><con:assertion type="SOAP Response" id="df88d389-4935-45ea-a4c4-5db6f62fb3d4" name="SOAP Response"/><con:assertion type="Schema Compliance" id="03c39688-bb8c-428d-ba49-7ede7373aa1b" name="Schema Compliance"><con:configuration/></con:assertion><con:wsaConfig action="http://fidus.brussels/services/referencedir/subscribeReference"/></con:request></con:config></con:testStep><con:testStep type="request" id="402d161c-6bce-4a90-8c0c-c96ae82f5fe8" name="testcase4 - Staging - Worker1New - Request"><con:settings/><con:config xsi:type="con:RequestStep" xmlns:xsi="http://www.w3.org/2001/XMLSchema-instance"><con:interface>ReferenceDirServiceHTTPBinding</con:interface><con:operation>subscribeReference</con:operation><con:request name="testcase4 - Staging - Worker1New - Request" id="f289818c-efa1-4a42-a7a1-060ae65d964f" outgoingWss="Outflow STAG"><con:settings/><con:encoding>UTF-8</con:encoding><con:endpoint>https://192.168.23.191:8443/services/ReferenceDirService_v1.0</con:endpoint><con:request><![CDATA[<soapenv:Envelope xmlns:soapenv="http://schemas.xmlsoap.org/soap/envelope/" 
xmlns:v1="http://fidus.brussels/service/referencedir/messages/v1" 
xmlns:v11="http://fidus.brussels/type/referencedir/requests/subscribe/v1" 
xmlns:v12="http://fidus.brussels/type/common/messages/v1" 
xmlns:v13="http://fidus.brussels/type/referencedir/requests/v1">
   <soapenv:Header/>
   <soapenv:Body>
      <v1:subscribeReferenceRequest>
         <v11:messageContext>
            <v12:messageId>${=import static java.util.UUID.randomUUID; uuid = randomUUID() as String}</v12:messageId>
            <v12:timestamp>${=new java.text.SimpleDateFormat("yyyy-MM-dd'T'HH:mm:ss.SSS").format(new Date())}</v12:timestamp>
         </v11:messageContext>
         <v11:legalContext>ServiceIntegrator</v11:legalContext>
         <v11:subscriptionRequest>
            <v13:reference>
               <v13:personNumber>85081509931</v13:personNumber>
            </v13:reference>
            <!--Optional:-->
            <v13:endDate>${=new java.text.SimpleDateFormat("yyyy-MM-dd").format(new Date() + 1)}</v13:endDate>
         </v11:subscriptionRequest>
      </v1:subscribeReferenceRequest>
   </soapenv:Body>
</soapenv:Envelope>]]></con:request><con:assertion type="SOAP Fault Assertion" id="9123a538-c26f-4927-ae06-0c86c7dc552d" name="Not SOAP Fault"/><con:assertion type="SOAP Response" id="23fae136-42ba-4ebd-9bf5-1ed7dc3736cf" name="SOAP Response"/><con:assertion type="Schema Compliance" id="36c36377-b4c6-4168-841b-40c1e9037fbe" name="Schema Compliance"><con:configuration/></con:assertion><con:wsaConfig action="http://fidus.brussels/services/referencedir/subscribeReference"/></con:request></con:config></con:testStep><con:testStep type="request" id="836f4728-03e9-46e1-9a58-2169d833ddeb" name="testcase4 - Staging - Worker2New - Request"><con:settings/><con:config xsi:type="con:RequestStep" xmlns:xsi="http://www.w3.org/2001/XMLSchema-instance"><con:interface>ReferenceDirServiceHTTPBinding</con:interface><con:operation>subscribeReference</con:operation><con:request name="testcase4 - Staging - Worker2New - Request" id="7aa788ad-7aa0-4a38-ae1b-f83898eb0092" outgoingWss="Outflow STAG"><con:settings/><con:encoding>UTF-8</con:encoding><con:endpoint>https://192.168.23.198:8443/services/ReferenceDirService_v1.0</con:endpoint><con:request><![CDATA[<soapenv:Envelope xmlns:soapenv="http://schemas.xmlsoap.org/soap/envelope/" 
xmlns:v1="http://fidus.brussels/service/referencedir/messages/v1" 
xmlns:v11="http://fidus.brussels/type/referencedir/requests/subscribe/v1" 
xmlns:v12="http://fidus.brussels/type/common/messages/v1" 
xmlns:v13="http://fidus.brussels/type/referencedir/requests/v1">
   <soapenv:Header/>
   <soapenv:Body>
      <v1:subscribeReferenceRequest>
         <v11:messageContext>
            <v12:messageId>${=import static java.util.UUID.randomUUID; uuid = randomUUID() as String}</v12:messageId>
            <v12:timestamp>${=new java.text.SimpleDateFormat("yyyy-MM-dd'T'HH:mm:ss.SSS").format(new Date())}</v12:timestamp>
         </v11:messageContext>
         <v11:legalContext>ServiceIntegrator</v11:legalContext>
         <v11:subscriptionRequest>
            <v13:reference>
               <v13:personNumber>85081509931</v13:personNumber>
            </v13:reference>
            <!--Optional:-->
            <v13:endDate>${=new java.text.SimpleDateFormat("yyyy-MM-dd").format(new Date() + 1)}</v13:endDate>
         </v11:subscriptionRequest>
      </v1:subscribeReferenceRequest>
   </soapenv:Body>
</soapenv:Envelope>]]></con:request><con:assertion type="SOAP Fault Assertion" id="c71e458c-69a2-4f8b-a342-788f4d9f1a2b" name="Not SOAP Fault"/><con:assertion type="SOAP Response" id="66fafb3a-b438-47f6-b363-0ab58b2f5172" name="SOAP Response"/><con:assertion type="Schema Compliance" id="9d00c028-4793-40b9-83bf-24900fc371c5" name="Schema Compliance"><con:configuration/></con:assertion><con:wsaConfig action="http://fidus.brussels/services/referencedir/subscribeReference"/></con:request></con:config></con:testStep><con:properties/></con:testCase><con:testCase id="a0938cb9-708b-40d6-96bb-87a42c99163d" failOnError="true" failTestCaseOnErrors="true" keepSession="false" maxResults="0" name="unsubscribeReference" searchProperties="true"><con:settings/><con:testStep type="request" id="efccac40-7037-4eb4-b58a-c21e0edaa1c6" name="testcase4 - Staging - External - Request"><con:settings/><con:config xsi:type="con:RequestStep" xmlns:xsi="http://www.w3.org/2001/XMLSchema-instance"><con:interface>ReferenceDirServiceHTTPBinding</con:interface><con:operation>unsubscribeReference</con:operation><con:request name="testcase4 - Staging - External - Request" id="44ea28b2-de63-4524-aac5-fbb95ec638ee" outgoingWss="Outflow STAG"><con:settings/><con:encoding>UTF-8</con:encoding><con:endpoint>https://fidus.irisnetlab.be/services/ReferenceDirService_v1.0</con:endpoint><con:request><![CDATA[<soapenv:Envelope xmlns:soapenv="http://schemas.xmlsoap.org/soap/envelope/" xmlns:v1="http://fidus.brussels/service/referencedir/messages/v1" xmlns:v11="http://fidus.brussels/type/referencedir/requests/unsubscribe/v1" xmlns:v12="http://fidus.brussels/type/common/messages/v1" xmlns:v13="http://fidus.brussels/type/referencedir/requests/v1">
   <soapenv:Header/>
   <soapenv:Body>
      <v1:unsubscribeReferenceRequest>
         <v11:messageContext>
            <v12:messageId>${=import static java.util.UUID.randomUUID; uuid = randomUUID() as String}</v12:messageId>
            <v12:timestamp>${=new java.text.SimpleDateFormat("yyyy-MM-dd'T'HH:mm:ss.SSS").format(new Date())}</v12:timestamp>
         </v11:messageContext>
         <v11:legalContext>ServiceIntegrator</v11:legalContext>
         <v11:unsubscriptionRequest>
            <v13:reference>
               <v13:personNumber>89102413022</v13:personNumber>
            </v13:reference>
         </v11:unsubscriptionRequest>
      </v1:unsubscribeReferenceRequest>
   </soapenv:Body>
</soapenv:Envelope>]]></con:request><con:assertion type="SOAP Fault Assertion" id="0611211b-690a-4b9c-8424-3a35b57c72f2" name="Not SOAP Fault"/><con:assertion type="SOAP Response" id="d7c123dd-6c5e-44c6-9cbe-8e447b9649c0" name="SOAP Response"/><con:assertion type="Schema Compliance" id="ba60202c-8b82-4e9a-bb01-dfc02eb8fd51" name="Schema Compliance"><con:configuration/></con:assertion><con:wsaConfig action="http://fidus.brussels/services/referencedir/unsubscribeReference"/></con:request></con:config></con:testStep><con:testStep type="request" id="22e8991c-4bdf-4831-96e2-80b8376fc9ef" name="testcase4 - Staging - LB - Request"><con:settings/><con:config xsi:type="con:RequestStep" xmlns:xsi="http://www.w3.org/2001/XMLSchema-instance"><con:interface>ReferenceDirServiceHTTPBinding</con:interface><con:operation>unsubscribeReference</con:operation><con:request name="testcase4 - Staging - LB - Request" id="5188e0a4-ec72-4d7e-8733-d1375f03297b" outgoingWss="Outflow STAG"><con:settings/><con:encoding>UTF-8</con:encoding><con:endpoint>https://fidus-esb-sg.sta.srv.cirb.lan:8443/services/ReferenceDirService_v1.0</con:endpoint><con:request><![CDATA[<soapenv:Envelope xmlns:soapenv="http://schemas.xmlsoap.org/soap/envelope/" xmlns:v1="http://fidus.brussels/service/referencedir/messages/v1" xmlns:v11="http://fidus.brussels/type/referencedir/requests/unsubscribe/v1" xmlns:v12="http://fidus.brussels/type/common/messages/v1" xmlns:v13="http://fidus.brussels/type/referencedir/requests/v1">
   <soapenv:Header/>
   <soapenv:Body>
      <v1:unsubscribeReferenceRequest>
         <v11:messageContext>
            <v12:messageId>${=import static java.util.UUID.randomUUID; uuid = randomUUID() as String}</v12:messageId>
            <v12:timestamp>${=new java.text.SimpleDateFormat("yyyy-MM-dd'T'HH:mm:ss.SSS").format(new Date())}</v12:timestamp>
         </v11:messageContext>
         <v11:legalContext>ServiceIntegrator</v11:legalContext>
         <v11:unsubscriptionRequest>
            <v13:reference>
               <v13:personNumber>89102413022</v13:personNumber>
            </v13:reference>
         </v11:unsubscriptionRequest>
      </v1:unsubscribeReferenceRequest>
   </soapenv:Body>
</soapenv:Envelope>]]></con:request><con:assertion type="SOAP Fault Assertion" id="6250e091-55c1-4caa-b4b4-8757305c30bd" name="Not SOAP Fault"/><con:assertion type="SOAP Response" id="9ee7faa7-ebef-4e98-acf8-9240593f892a" name="SOAP Response"/><con:assertion type="Schema Compliance" id="fa47189a-9b3f-4e6f-91d0-80b9dddfee5c" name="Schema Compliance"><con:configuration/></con:assertion><con:wsaConfig action="http://fidus.brussels/services/referencedir/unsubscribeReference"/></con:request></con:config></con:testStep><con:testStep type="request" id="ed3af0e0-4b14-46f6-aa43-c7ec7c01a95e" name="testcase4 - Staging - Worker1 - Request"><con:settings/><con:config xsi:type="con:RequestStep" xmlns:xsi="http://www.w3.org/2001/XMLSchema-instance"><con:interface>ReferenceDirServiceHTTPBinding</con:interface><con:operation>unsubscribeReference</con:operation><con:request name="testcase4 - Staging - Worker1 - Request" id="688f5634-51e5-46a7-8cc7-a2cedc07a0ff" outgoingWss="Outflow STAG"><con:settings/><con:encoding>UTF-8</con:encoding><con:endpoint>https://192.168.24.16:8443/services/ReferenceDirService_v1.0</con:endpoint><con:request><![CDATA[<soapenv:Envelope xmlns:soapenv="http://schemas.xmlsoap.org/soap/envelope/" xmlns:v1="http://fidus.brussels/service/referencedir/messages/v1" xmlns:v11="http://fidus.brussels/type/referencedir/requests/unsubscribe/v1" xmlns:v12="http://fidus.brussels/type/common/messages/v1" xmlns:v13="http://fidus.brussels/type/referencedir/requests/v1">
   <soapenv:Header/>
   <soapenv:Body>
      <v1:unsubscribeReferenceRequest>
         <v11:messageContext>
            <v12:messageId>${=import static java.util.UUID.randomUUID; uuid = randomUUID() as String}</v12:messageId>
            <v12:timestamp>${=new java.text.SimpleDateFormat("yyyy-MM-dd'T'HH:mm:ss.SSS").format(new Date())}</v12:timestamp>
         </v11:messageContext>
         <v11:legalContext>ServiceIntegrator</v11:legalContext>
         <v11:unsubscriptionRequest>
            <v13:reference>
               <v13:personNumber>89102413022</v13:personNumber>
            </v13:reference>
         </v11:unsubscriptionRequest>
      </v1:unsubscribeReferenceRequest>
   </soapenv:Body>
</soapenv:Envelope>]]></con:request><con:assertion type="SOAP Fault Assertion" id="2163ad92-0a7a-45dc-9706-70cb5657268c" name="Not SOAP Fault"/><con:assertion type="SOAP Response" id="bd0da57b-19b2-4d89-8a5b-2d8d80270281" name="SOAP Response"/><con:assertion type="Schema Compliance" id="0ca09ed3-de39-4044-b5fe-c7274c0766a6" name="Schema Compliance"><con:configuration/></con:assertion><con:wsaConfig action="http://fidus.brussels/services/referencedir/unsubscribeReference"/></con:request></con:config></con:testStep><con:testStep type="request" id="89ca2a25-e757-4f1a-98c0-5cf5d444e4ea" name="testcase4 - Staging - Worker2 - Request"><con:settings/><con:config xsi:type="con:RequestStep" xmlns:xsi="http://www.w3.org/2001/XMLSchema-instance"><con:interface>ReferenceDirServiceHTTPBinding</con:interface><con:operation>unsubscribeReference</con:operation><con:request name="testcase4 - Staging - Worker2 - Request" id="aff6b4f3-ebc9-4d37-a5b6-e453f40bc10f" outgoingWss="Outflow STAG"><con:settings/><con:encoding>UTF-8</con:encoding><con:endpoint>https://192.168.24.17:8443/services/ReferenceDirService_v1.0</con:endpoint><con:request><![CDATA[<soapenv:Envelope xmlns:soapenv="http://schemas.xmlsoap.org/soap/envelope/" xmlns:v1="http://fidus.brussels/service/referencedir/messages/v1" xmlns:v11="http://fidus.brussels/type/referencedir/requests/unsubscribe/v1" xmlns:v12="http://fidus.brussels/type/common/messages/v1" xmlns:v13="http://fidus.brussels/type/referencedir/requests/v1">
   <soapenv:Header/>
   <soapenv:Body>
      <v1:unsubscribeReferenceRequest>
         <v11:messageContext>
            <v12:messageId>${=import static java.util.UUID.randomUUID; uuid = randomUUID() as String}</v12:messageId>
            <v12:timestamp>${=new java.text.SimpleDateFormat("yyyy-MM-dd'T'HH:mm:ss.SSS").format(new Date())}</v12:timestamp>
         </v11:messageContext>
         <v11:legalContext>ServiceIntegrator</v11:legalContext>
         <v11:unsubscriptionRequest>
            <v13:reference>
               <v13:personNumber>89102413022</v13:personNumber>
            </v13:reference>
         </v11:unsubscriptionRequest>
      </v1:unsubscribeReferenceRequest>
   </soapenv:Body>
</soapenv:Envelope>]]></con:request><con:assertion type="SOAP Fault Assertion" id="e2b7cb0d-4ac1-4993-aed6-90c04aa55ec5" name="Not SOAP Fault"/><con:assertion type="SOAP Response" id="5b895cac-387c-4def-97a6-67e97d17335d" name="SOAP Response"/><con:assertion type="Schema Compliance" id="96e6c52a-7a24-400a-8ac3-d9563b86dc28" name="Schema Compliance"><con:configuration/></con:assertion><con:wsaConfig action="http://fidus.brussels/services/referencedir/unsubscribeReference"/></con:request></con:config></con:testStep><con:testStep type="request" id="144788a9-279c-4b59-81aa-4d8168c3abef" name="testcase4 - Staging - Worker1New - Request"><con:settings/><con:config xsi:type="con:RequestStep" xmlns:xsi="http://www.w3.org/2001/XMLSchema-instance"><con:interface>ReferenceDirServiceHTTPBinding</con:interface><con:operation>unsubscribeReference</con:operation><con:request name="testcase4 - Staging - Worker1New - Request" id="9bea9103-c671-4a6f-9c7b-4880f6bf7771" outgoingWss="Outflow STAG"><con:settings/><con:encoding>UTF-8</con:encoding><con:endpoint>https://192.168.23.191:8443/services/ReferenceDirService_v1.0</con:endpoint><con:request><![CDATA[<soapenv:Envelope xmlns:soapenv="http://schemas.xmlsoap.org/soap/envelope/" xmlns:v1="http://fidus.brussels/service/referencedir/messages/v1" xmlns:v11="http://fidus.brussels/type/referencedir/requests/unsubscribe/v1" xmlns:v12="http://fidus.brussels/type/common/messages/v1" xmlns:v13="http://fidus.brussels/type/referencedir/requests/v1">
   <soapenv:Header/>
   <soapenv:Body>
      <v1:unsubscribeReferenceRequest>
         <v11:messageContext>
            <v12:messageId>${=import static java.util.UUID.randomUUID; uuid = randomUUID() as String}</v12:messageId>
            <v12:timestamp>${=new java.text.SimpleDateFormat("yyyy-MM-dd'T'HH:mm:ss.SSS").format(new Date())}</v12:timestamp>
         </v11:messageContext>
         <v11:legalContext>ServiceIntegrator</v11:legalContext>
         <v11:unsubscriptionRequest>
            <v13:reference>
               <v13:personNumber>89102413022</v13:personNumber>
            </v13:reference>
         </v11:unsubscriptionRequest>
      </v1:unsubscribeReferenceRequest>
   </soapenv:Body>
</soapenv:Envelope>]]></con:request><con:assertion type="SOAP Fault Assertion" id="37b8f539-906b-48a2-bfe1-02749212f888" name="Not SOAP Fault"/><con:assertion type="SOAP Response" id="b8650eb9-b534-4522-9afb-5582f5b879bd" name="SOAP Response"/><con:assertion type="Schema Compliance" id="9c1f55f6-775e-4bdb-91b9-16d6b9ae05b1" name="Schema Compliance"><con:configuration/></con:assertion><con:wsaConfig action="http://fidus.brussels/services/referencedir/unsubscribeReference"/></con:request></con:config></con:testStep><con:testStep type="request" id="1e897031-f2d8-4d14-a742-61ab28f35bf9" name="testcase4 - Staging - Worker2New - Request"><con:settings/><con:config xsi:type="con:RequestStep" xmlns:xsi="http://www.w3.org/2001/XMLSchema-instance"><con:interface>ReferenceDirServiceHTTPBinding</con:interface><con:operation>unsubscribeReference</con:operation><con:request name="testcase4 - Staging - Worker2New - Request" id="0d604e45-46ab-4dad-9a46-2db5c534cdd8" outgoingWss="Outflow STAG"><con:settings/><con:encoding>UTF-8</con:encoding><con:endpoint>https://192.168.23.198:8443/services/ReferenceDirService_v1.0</con:endpoint><con:request><![CDATA[<soapenv:Envelope xmlns:soapenv="http://schemas.xmlsoap.org/soap/envelope/" xmlns:v1="http://fidus.brussels/service/referencedir/messages/v1" xmlns:v11="http://fidus.brussels/type/referencedir/requests/unsubscribe/v1" xmlns:v12="http://fidus.brussels/type/common/messages/v1" xmlns:v13="http://fidus.brussels/type/referencedir/requests/v1">
   <soapenv:Header/>
   <soapenv:Body>
      <v1:unsubscribeReferenceRequest>
         <v11:messageContext>
            <v12:messageId>${=import static java.util.UUID.randomUUID; uuid = randomUUID() as String}</v12:messageId>
            <v12:timestamp>${=new java.text.SimpleDateFormat("yyyy-MM-dd'T'HH:mm:ss.SSS").format(new Date())}</v12:timestamp>
         </v11:messageContext>
         <v11:legalContext>ServiceIntegrator</v11:legalContext>
         <v11:unsubscriptionRequest>
            <v13:reference>
               <v13:personNumber>89102413022</v13:personNumber>
            </v13:reference>
         </v11:unsubscriptionRequest>
      </v1:unsubscribeReferenceRequest>
   </soapenv:Body>
</soapenv:Envelope>]]></con:request><con:assertion type="SOAP Fault Assertion" id="6c100df6-0777-47e9-9d40-6c47ba5bc689" name="Not SOAP Fault"/><con:assertion type="SOAP Response" id="0ef0a405-46a1-4d5e-8a30-249de556c920" name="SOAP Response"/><con:assertion type="Schema Compliance" id="1014dff2-91b1-4fcb-9cf2-ac477d67a053" name="Schema Compliance"><con:configuration/></con:assertion><con:wsaConfig action="http://fidus.brussels/services/referencedir/unsubscribeReference"/></con:request></con:config></con:testStep><con:properties/></con:testCase><con:testCase id="3d5fc47a-c12f-458d-b5bb-6e2fc8c7992b" failOnError="true" failTestCaseOnErrors="true" keepSession="false" maxResults="0" name="getServicesReference" searchProperties="true"><con:settings/><con:testStep type="request" id="ba611900-f0df-4a11-8719-3725091b38d6" name="testcase4 - Staging - External - Request"><con:settings/><con:config xsi:type="con:RequestStep" xmlns:xsi="http://www.w3.org/2001/XMLSchema-instance"><con:interface>ReferenceDirServiceHTTPBinding</con:interface><con:operation>getServicesReference</con:operation><con:request name="testcase4 - Staging - External - Request" id="37e67f4e-eb43-4ad0-b12e-ae3a86cb54a1" outgoingWss="Outflow STAG"><con:settings/><con:encoding>UTF-8</con:encoding><con:endpoint>https://fidus.irisnetlab.be/services/ReferenceDirService_v1.0</con:endpoint><con:request><![CDATA[<soapenv:Envelope xmlns:soapenv="http://schemas.xmlsoap.org/soap/envelope/" xmlns:v1="http://fidus.brussels/service/referencedir/messages/v1" xmlns:v11="http://fidus.brussels/type/referencedir/requests/getservices/v1" xmlns:v12="http://fidus.brussels/type/common/messages/v1" >
   <soapenv:Header/>
   <soapenv:Body>
      <v1:getServicesReferenceRequest>
         <v11:messageContext>
            <v12:messageId>${=import static java.util.UUID.randomUUID; uuid = randomUUID() as String}</v12:messageId>
            <v12:timestamp>${=new java.text.SimpleDateFormat("yyyy-MM-dd'T'HH:mm:ss.SSS").format(new Date())}</v12:timestamp>
         </v11:messageContext>
         <v11:legalContext>ServiceIntegrator</v11:legalContext>
         <v11:getServicesRequest></v11:getServicesRequest>
      </v1:getServicesReferenceRequest>
   </soapenv:Body>
</soapenv:Envelope>]]></con:request><con:assertion type="SOAP Fault Assertion" id="92dbc85a-025f-4b30-ad55-facba5bc0d17" name="Not SOAP Fault"/><con:assertion type="SOAP Response" id="fa0ef7e8-d31b-4469-ba36-38185cf37156" name="SOAP Response"/><con:assertion type="Schema Compliance" id="df491863-7dd8-4e91-a7d3-8d77e1109938" name="Schema Compliance"><con:configuration/></con:assertion><con:wsaConfig action="http://fidus.brussels/services/referencedir/getServicesReference"/></con:request></con:config></con:testStep><con:testStep type="request" id="ae0c5156-3069-4958-86d9-649ca02b69c9" name="testcase4 - Staging - LB - Request"><con:settings/><con:config xsi:type="con:RequestStep" xmlns:xsi="http://www.w3.org/2001/XMLSchema-instance"><con:interface>ReferenceDirServiceHTTPBinding</con:interface><con:operation>getServicesReference</con:operation><con:request name="testcase4 - Staging - LB - Request" id="502d4743-49bb-4d2e-ae41-a0db6d248cde" outgoingWss="Outflow STAG"><con:settings/><con:encoding>UTF-8</con:encoding><con:endpoint>https://fidus-esb-sg.sta.srv.cirb.lan:8443/services/ReferenceDirService_v1.0</con:endpoint><con:request><![CDATA[<soapenv:Envelope xmlns:soapenv="http://schemas.xmlsoap.org/soap/envelope/" xmlns:v1="http://fidus.brussels/service/referencedir/messages/v1" xmlns:v11="http://fidus.brussels/type/referencedir/requests/getservices/v1" xmlns:v12="http://fidus.brussels/type/common/messages/v1" >
   <soapenv:Header/>
   <soapenv:Body>
      <v1:getServicesReferenceRequest>
         <v11:messageContext>
            <v12:messageId>${=import static java.util.UUID.randomUUID; uuid = randomUUID() as String}</v12:messageId>
            <v12:timestamp>${=new java.text.SimpleDateFormat("yyyy-MM-dd'T'HH:mm:ss.SSS").format(new Date())}</v12:timestamp>
         </v11:messageContext>
         <v11:legalContext>ServiceIntegrator</v11:legalContext>
         <v11:getServicesRequest></v11:getServicesRequest>
      </v1:getServicesReferenceRequest>
   </soapenv:Body>
</soapenv:Envelope>]]></con:request><con:assertion type="SOAP Fault Assertion" id="1bafaa33-50fb-4f0e-b901-546301688001" name="Not SOAP Fault"/><con:assertion type="SOAP Response" id="285f88a3-2701-4244-978a-e610ef1076b2" name="SOAP Response"/><con:assertion type="Schema Compliance" id="7d4d60f6-334d-433b-b331-64b92837d3c7" name="Schema Compliance"><con:configuration/></con:assertion><con:wsaConfig action="http://fidus.brussels/services/referencedir/getServicesReference"/></con:request></con:config></con:testStep><con:testStep type="request" id="66dae502-3fa3-4566-85fd-171893573b05" name="testcase4 - Staging - Worker1 - Request"><con:settings/><con:config xsi:type="con:RequestStep" xmlns:xsi="http://www.w3.org/2001/XMLSchema-instance"><con:interface>ReferenceDirServiceHTTPBinding</con:interface><con:operation>getServicesReference</con:operation><con:request name="testcase4 - Staging - Worker1 - Request" id="d7a75590-e296-4e7a-8898-a5788747a96f" outgoingWss="Outflow STAG"><con:settings/><con:encoding>UTF-8</con:encoding><con:endpoint>https://192.168.24.16:8443/services/ReferenceDirService_v1.0</con:endpoint><con:request><![CDATA[<soapenv:Envelope xmlns:soapenv="http://schemas.xmlsoap.org/soap/envelope/" xmlns:v1="http://fidus.brussels/service/referencedir/messages/v1" xmlns:v11="http://fidus.brussels/type/referencedir/requests/getservices/v1" xmlns:v12="http://fidus.brussels/type/common/messages/v1" >
   <soapenv:Header/>
   <soapenv:Body>
      <v1:getServicesReferenceRequest>
         <v11:messageContext>
            <v12:messageId>${=import static java.util.UUID.randomUUID; uuid = randomUUID() as String}</v12:messageId>
            <v12:timestamp>${=new java.text.SimpleDateFormat("yyyy-MM-dd'T'HH:mm:ss.SSS").format(new Date())}</v12:timestamp>
         </v11:messageContext>
         <v11:legalContext>ServiceIntegrator</v11:legalContext>
         <v11:getServicesRequest></v11:getServicesRequest>
      </v1:getServicesReferenceRequest>
   </soapenv:Body>
</soapenv:Envelope>]]></con:request><con:assertion type="SOAP Fault Assertion" id="a7961058-64e0-48a1-89e3-2fe096735779" name="Not SOAP Fault"/><con:assertion type="SOAP Response" id="394f73e1-21ba-4420-ab76-0c661b42e8eb" name="SOAP Response"/><con:assertion type="Schema Compliance" id="ca348337-7e7e-4154-9f9d-bf4127975fc4" name="Schema Compliance"><con:configuration/></con:assertion><con:wsaConfig action="http://fidus.brussels/services/referencedir/getServicesReference"/></con:request></con:config></con:testStep><con:testStep type="request" id="2e09d310-a732-4311-bf7b-660e46a881e9" name="testcase4 - Staging - Worker2 - Request"><con:settings/><con:config xsi:type="con:RequestStep" xmlns:xsi="http://www.w3.org/2001/XMLSchema-instance"><con:interface>ReferenceDirServiceHTTPBinding</con:interface><con:operation>getServicesReference</con:operation><con:request name="testcase4 - Staging - Worker2 - Request" id="5d1c6348-cd03-4799-9b36-bbdb11467d6b" outgoingWss="Outflow STAG"><con:settings/><con:encoding>UTF-8</con:encoding><con:endpoint>https://192.168.24.17:8443/services/ReferenceDirService_v1.0</con:endpoint><con:request><![CDATA[<soapenv:Envelope xmlns:soapenv="http://schemas.xmlsoap.org/soap/envelope/" xmlns:v1="http://fidus.brussels/service/referencedir/messages/v1" xmlns:v11="http://fidus.brussels/type/referencedir/requests/getservices/v1" xmlns:v12="http://fidus.brussels/type/common/messages/v1" >
   <soapenv:Header/>
   <soapenv:Body>
      <v1:getServicesReferenceRequest>
         <v11:messageContext>
            <v12:messageId>${=import static java.util.UUID.randomUUID; uuid = randomUUID() as String}</v12:messageId>
            <v12:timestamp>${=new java.text.SimpleDateFormat("yyyy-MM-dd'T'HH:mm:ss.SSS").format(new Date())}</v12:timestamp>
         </v11:messageContext>
         <v11:legalContext>ServiceIntegrator</v11:legalContext>
         <v11:getServicesRequest></v11:getServicesRequest>
      </v1:getServicesReferenceRequest>
   </soapenv:Body>
</soapenv:Envelope>]]></con:request><con:assertion type="SOAP Fault Assertion" id="1f1b9b0e-bee9-42d5-a5ff-acd9004ab597" name="Not SOAP Fault"/><con:assertion type="SOAP Response" id="c8283446-26c3-4529-be2b-3c80179747aa" name="SOAP Response"/><con:assertion type="Schema Compliance" id="0c3ed1c1-a522-410b-bedc-3eb59d2ff041" name="Schema Compliance"><con:configuration/></con:assertion><con:wsaConfig action="http://fidus.brussels/services/referencedir/getServicesReference"/></con:request></con:config></con:testStep><con:properties/></con:testCase><con:properties/></con:testSuite><con:testSuite id="372f1394-770c-493b-9875-088260beb65f" name="PROD"><con:settings/><con:runType>SEQUENTIAL</con:runType><con:testCase id="08a801f6-0091-4ce5-b54e-4ea6045ed1b0" failOnError="true" failTestCaseOnErrors="true" keepSession="false" maxResults="0" name="subscribeReference" searchProperties="true"><con:settings/><con:testStep type="request" id="c4e10384-2b58-4dae-9b0f-b90610616f3a" name="testcase5 - Prod - External - Request"><con:settings/><con:config xsi:type="con:RequestStep" xmlns:xsi="http://www.w3.org/2001/XMLSchema-instance"><con:interface>ReferenceDirServiceHTTPBinding</con:interface><con:operation>subscribeReference</con:operation><con:request name="testcase5 - Prod - External - Request" id="be439fa7-44ea-4579-b378-b4e8b9fa7f72" outgoingWss="Outflow PROD"><con:settings/><con:encoding>UTF-8</con:encoding><con:endpoint>https://fidus.sec.brussels/services/ReferenceDirService_v1.0</con:endpoint><con:request><![CDATA[<soapenv:Envelope xmlns:soapenv="http://schemas.xmlsoap.org/soap/envelope/" 
xmlns:v1="http://fidus.brussels/service/referencedir/messages/v1" 
xmlns:v11="http://fidus.brussels/type/referencedir/requests/subscribe/v1" 
xmlns:v12="http://fidus.brussels/type/common/messages/v1" 
xmlns:v13="http://fidus.brussels/type/referencedir/requests/v1">
   <soapenv:Header/>
   <soapenv:Body>
      <v1:subscribeReferenceRequest>
         <v11:messageContext>
            <v12:messageId>${=import static java.util.UUID.randomUUID; uuid = randomUUID() as String}</v12:messageId>
            <v12:timestamp>${=new java.text.SimpleDateFormat("yyyy-MM-dd'T'HH:mm:ss.SSS").format(new Date())}</v12:timestamp>
         </v11:messageContext>
         <v11:legalContext>SocialTenantCandidate</v11:legalContext>
         <v11:subscriptionRequest>
            <v13:reference>
               <v13:personNumber>71011353588</v13:personNumber>
            </v13:reference>
            <!--Optional:-->
            <v13:endDate>${=new java.text.SimpleDateFormat("yyyy-MM-dd").format(new Date() + 1)}</v13:endDate>
         </v11:subscriptionRequest>
      </v1:subscribeReferenceRequest>
   </soapenv:Body>
</soapenv:Envelope>]]></con:request><con:assertion type="SOAP Fault Assertion" id="2106ca51-d18d-45cc-9bbe-dc132c70c846" name="Not SOAP Fault"/><con:assertion type="SOAP Response" id="0d7565fc-2f52-4be4-a92e-018655cf7c56" name="SOAP Response"/><con:assertion type="Schema Compliance" id="d80dd351-5d81-4713-9058-d8590ca576fb" name="Schema Compliance"><con:configuration/></con:assertion><con:wsaConfig action="http://fidus.brussels/services/referencedir/subscribeReference"/></con:request></con:config></con:testStep><con:testStep type="request" id="6386f97c-a975-4c5c-825d-703b4316b18a" name="testcase5 - Prod - LB - Request"><con:settings/><con:config xsi:type="con:RequestStep" xmlns:xsi="http://www.w3.org/2001/XMLSchema-instance"><con:interface>ReferenceDirServiceHTTPBinding</con:interface><con:operation>subscribeReference</con:operation><con:request name="testcase5 - Prod - LB - Request" id="bbf1b220-5d29-4385-95a5-c52d33f37e51" outgoingWss="Outflow PROD"><con:settings/><con:encoding>UTF-8</con:encoding><con:endpoint>https://fidus-esb-sg.prd.srv.cirb.lan:8443/services/ReferenceDirService_v1.0</con:endpoint><con:request><![CDATA[<soapenv:Envelope xmlns:soapenv="http://schemas.xmlsoap.org/soap/envelope/" 
xmlns:v1="http://fidus.brussels/service/referencedir/messages/v1" 
xmlns:v11="http://fidus.brussels/type/referencedir/requests/subscribe/v1" 
xmlns:v12="http://fidus.brussels/type/common/messages/v1" 
xmlns:v13="http://fidus.brussels/type/referencedir/requests/v1">
   <soapenv:Header/>
   <soapenv:Body>
      <v1:subscribeReferenceRequest>
         <v11:messageContext>
            <v12:messageId>${=import static java.util.UUID.randomUUID; uuid = randomUUID() as String}</v12:messageId>
            <v12:timestamp>${=new java.text.SimpleDateFormat("yyyy-MM-dd'T'HH:mm:ss.SSS").format(new Date())}</v12:timestamp>
         </v11:messageContext>
         <v11:legalContext>ServiceIntegrator</v11:legalContext>
         <v11:subscriptionRequest>
            <v13:reference>
               <v13:personNumber>89102413022</v13:personNumber>
            </v13:reference>
            <!--Optional:-->
            <v13:endDate>${=new java.text.SimpleDateFormat("yyyy-MM-dd").format(new Date() + 1)}</v13:endDate>
         </v11:subscriptionRequest>
      </v1:subscribeReferenceRequest>
   </soapenv:Body>
</soapenv:Envelope>]]></con:request><con:assertion type="SOAP Fault Assertion" id="3a2621af-aca9-4148-b21f-b66b0621c1e8" name="Not SOAP Fault"/><con:assertion type="SOAP Response" id="830bc79d-85b8-4c55-9900-1e7084e383d4" name="SOAP Response"/><con:assertion type="Schema Compliance" id="d4d3a85d-4c58-4a2f-98f4-048b9590e96e" name="Schema Compliance"><con:configuration/></con:assertion><con:wsaConfig action="http://fidus.brussels/services/referencedir/subscribeReference"/></con:request></con:config></con:testStep><con:testStep type="request" id="cfe25888-0134-43c7-a35f-1245400f1161" name="testcase5 - Prod - Worker1 - Request"><con:settings/><con:config xsi:type="con:RequestStep" xmlns:xsi="http://www.w3.org/2001/XMLSchema-instance"><con:interface>ReferenceDirServiceHTTPBinding</con:interface><con:operation>subscribeReference</con:operation><con:request name="testcase5 - Prod - Worker1 - Request" id="1bc817a3-7b60-40bc-8ec3-5d25ab3ba5d1" outgoingWss="Outflow PROD"><con:settings/><con:encoding>UTF-8</con:encoding><con:endpoint>https://192.168.26.22:8443/services/ReferenceDirService_v1.0</con:endpoint><con:request><![CDATA[<soapenv:Envelope xmlns:soapenv="http://schemas.xmlsoap.org/soap/envelope/" 
xmlns:v1="http://fidus.brussels/service/referencedir/messages/v1" 
xmlns:v11="http://fidus.brussels/type/referencedir/requests/subscribe/v1" 
xmlns:v12="http://fidus.brussels/type/common/messages/v1" 
xmlns:v13="http://fidus.brussels/type/referencedir/requests/v1">
   <soapenv:Header/>
   <soapenv:Body>
      <v1:subscribeReferenceRequest>
         <v11:messageContext>
            <v12:messageId>${=import static java.util.UUID.randomUUID; uuid = randomUUID() as String}</v12:messageId>
            <v12:timestamp>${=new java.text.SimpleDateFormat("yyyy-MM-dd'T'HH:mm:ss.SSS").format(new Date())}</v12:timestamp>
         </v11:messageContext>
         <v11:legalContext>ServiceIntegrator</v11:legalContext>
         <v11:subscriptionRequest>
            <v13:reference>
               <v13:personNumber>89102413022</v13:personNumber>
            </v13:reference>
            <!--Optional:-->
            <v13:endDate>${=new java.text.SimpleDateFormat("yyyy-MM-dd").format(new Date() + 1)}</v13:endDate>
         </v11:subscriptionRequest>
      </v1:subscribeReferenceRequest>
   </soapenv:Body>
</soapenv:Envelope>]]></con:request><con:assertion type="SOAP Fault Assertion" id="165cbdd9-6e5d-420a-89af-41c385564d88" name="Not SOAP Fault"/><con:assertion type="SOAP Response" id="00fd12e6-e22b-4fe2-bab7-eba4a3d61363" name="SOAP Response"/><con:assertion type="Schema Compliance" id="bd55c962-43dd-4938-b3e5-9665f8e92f43" name="Schema Compliance"><con:configuration/></con:assertion><con:wsaConfig action="http://fidus.brussels/services/referencedir/subscribeReference"/></con:request></con:config></con:testStep><con:testStep type="request" id="7f089585-0f50-46a4-b01d-0474d93ee375" name="testcase5 - Prod - Worker2 - Request"><con:settings/><con:config xsi:type="con:RequestStep" xmlns:xsi="http://www.w3.org/2001/XMLSchema-instance"><con:interface>ReferenceDirServiceHTTPBinding</con:interface><con:operation>subscribeReference</con:operation><con:request name="testcase5 - Prod - Worker2 - Request" id="6efc94b2-2897-4628-9608-ce3f580bd1a9" outgoingWss="Outflow PROD"><con:settings/><con:encoding>UTF-8</con:encoding><con:endpoint>https://192.168.26.19:8443/services/ReferenceDirService_v1.0</con:endpoint><con:request><![CDATA[<soapenv:Envelope xmlns:soapenv="http://schemas.xmlsoap.org/soap/envelope/" 
xmlns:v1="http://fidus.brussels/service/referencedir/messages/v1" 
xmlns:v11="http://fidus.brussels/type/referencedir/requests/subscribe/v1" 
xmlns:v12="http://fidus.brussels/type/common/messages/v1" 
xmlns:v13="http://fidus.brussels/type/referencedir/requests/v1">
   <soapenv:Header/>
   <soapenv:Body>
      <v1:subscribeReferenceRequest>
         <v11:messageContext>
            <v12:messageId>${=import static java.util.UUID.randomUUID; uuid = randomUUID() as String}</v12:messageId>
            <v12:timestamp>${=new java.text.SimpleDateFormat("yyyy-MM-dd'T'HH:mm:ss.SSS").format(new Date())}</v12:timestamp>
         </v11:messageContext>
         <v11:legalContext>ServiceIntegrator</v11:legalContext>
         <v11:subscriptionRequest>
            <v13:reference>
               <v13:personNumber>89102413022</v13:personNumber>
            </v13:reference>
            <!--Optional:-->
            <v13:endDate>${=new java.text.SimpleDateFormat("yyyy-MM-dd").format(new Date() + 1)}</v13:endDate>
         </v11:subscriptionRequest>
      </v1:subscribeReferenceRequest>
   </soapenv:Body>
</soapenv:Envelope>]]></con:request><con:assertion type="SOAP Fault Assertion" id="9bbee3ed-5851-4ceb-ae46-7fdf06e904dd" name="Not SOAP Fault"/><con:assertion type="SOAP Response" id="4db7bc76-ccaa-4913-a462-c781187de1d0" name="SOAP Response"/><con:assertion type="Schema Compliance" id="2b774cf4-0e24-45c6-96bf-fce998e9528b" name="Schema Compliance"><con:configuration/></con:assertion><con:wsaConfig action="http://fidus.brussels/services/referencedir/subscribeReference"/></con:request></con:config></con:testStep><con:properties/></con:testCase><con:testCase id="c66e92e6-3470-43c3-995e-db2867900330" failOnError="true" failTestCaseOnErrors="true" keepSession="false" maxResults="0" name="getServicesReference" searchProperties="true"><con:settings/><con:testStep type="request" id="2c4d49d2-d92c-418a-86f8-818558a7a5cb" name="testcase5 - Prod - External - Request"><con:settings/><con:config xsi:type="con:RequestStep" xmlns:xsi="http://www.w3.org/2001/XMLSchema-instance"><con:interface>ReferenceDirServiceHTTPBinding</con:interface><con:operation>getServicesReference</con:operation><con:request name="testcase5 - Prod - External - Request" id="90e09c0f-9ab6-4f41-9f12-88c4e132b937" outgoingWss="Outflow PROD"><con:settings/><con:encoding>UTF-8</con:encoding><con:endpoint>https://fidus.sec.brussels/services/ReferenceDirService_v1.0</con:endpoint><con:request><![CDATA[<soapenv:Envelope xmlns:soapenv="http://schemas.xmlsoap.org/soap/envelope/" xmlns:v1="http://fidus.brussels/service/referencedir/messages/v1" xmlns:v11="http://fidus.brussels/type/referencedir/requests/getservices/v1" xmlns:v12="http://fidus.brussels/type/common/messages/v1" >
   <soapenv:Header/>
   <soapenv:Body>
      <v1:getServicesReferenceRequest>
         <v11:messageContext>
            <v12:messageId>${=import static java.util.UUID.randomUUID; uuid = randomUUID() as String}</v12:messageId>
            <v12:timestamp>${=new java.text.SimpleDateFormat("yyyy-MM-dd'T'HH:mm:ss.SSS").format(new Date())}</v12:timestamp>
         </v11:messageContext>
         <v11:legalContext>ServiceIntegrator</v11:legalContext>
         <v11:getServicesRequest></v11:getServicesRequest>
      </v1:getServicesReferenceRequest>
   </soapenv:Body>
</soapenv:Envelope>]]></con:request><con:assertion type="SOAP Fault Assertion" id="8a28a159-44e7-4895-ad53-53b740487302" name="Not SOAP Fault"/><con:assertion type="SOAP Response" id="2a4d445e-1361-4639-84d3-a3a5088b2a5b" name="SOAP Response"/><con:assertion type="Schema Compliance" id="abf080c1-e9aa-4b74-84ca-8cb6bfc54ebc" name="Schema Compliance"><con:configuration/></con:assertion><con:wsaConfig action="http://fidus.brussels/services/referencedir/getServicesReference"/></con:request></con:config></con:testStep><con:testStep type="request" id="60b6d865-2095-4b93-8f67-69422c07dfed" name="testcase5 - Prod - LB - Request"><con:settings/><con:config xsi:type="con:RequestStep" xmlns:xsi="http://www.w3.org/2001/XMLSchema-instance"><con:interface>ReferenceDirServiceHTTPBinding</con:interface><con:operation>getServicesReference</con:operation><con:request name="testcase5 - Prod - LB - Request" id="15afe019-132f-4a65-9655-88731231ec4e" outgoingWss="Outflow PROD"><con:settings/><con:encoding>UTF-8</con:encoding><con:endpoint>https://fidus-esb-sg.prd.srv.cirb.lan:8443/services/ReferenceDirService_v1.0</con:endpoint><con:request><![CDATA[<soapenv:Envelope xmlns:soapenv="http://schemas.xmlsoap.org/soap/envelope/" xmlns:v1="http://fidus.brussels/service/referencedir/messages/v1" xmlns:v11="http://fidus.brussels/type/referencedir/requests/getservices/v1" xmlns:v12="http://fidus.brussels/type/common/messages/v1" >
   <soapenv:Header/>
   <soapenv:Body>
      <v1:getServicesReferenceRequest>
         <v11:messageContext>
            <v12:messageId>${=import static java.util.UUID.randomUUID; uuid = randomUUID() as String}</v12:messageId>
            <v12:timestamp>${=new java.text.SimpleDateFormat("yyyy-MM-dd'T'HH:mm:ss.SSS").format(new Date())}</v12:timestamp>
         </v11:messageContext>
         <v11:legalContext>ServiceIntegrator</v11:legalContext>
         <v11:getServicesRequest></v11:getServicesRequest>
      </v1:getServicesReferenceRequest>
   </soapenv:Body>
</soapenv:Envelope>]]></con:request><con:assertion type="SOAP Fault Assertion" id="57821694-874e-496d-aa70-324acfc06f62" name="Not SOAP Fault"/><con:assertion type="SOAP Response" id="0ea752f2-9bad-4619-8004-61f0ce3661ae" name="SOAP Response"/><con:assertion type="Schema Compliance" id="48d5d66e-b123-4cef-8b3d-4bd04fe19e2d" name="Schema Compliance"><con:configuration/></con:assertion><con:wsaConfig action="http://fidus.brussels/services/referencedir/getServicesReference"/></con:request></con:config></con:testStep><con:testStep type="request" id="3bbac896-34e2-495e-900e-63b2056e9765" name="testcase5 - Prod - Worker1 - Request"><con:settings/><con:config xsi:type="con:RequestStep" xmlns:xsi="http://www.w3.org/2001/XMLSchema-instance"><con:interface>ReferenceDirServiceHTTPBinding</con:interface><con:operation>getServicesReference</con:operation><con:request name="testcase5 - Prod - Worker1 - Request" id="eaef8c84-bb1f-4b63-90d9-d2b22e632752" outgoingWss="Outflow PROD"><con:settings/><con:encoding>UTF-8</con:encoding><con:endpoint>https://192.168.26.22:8443/services/ReferenceDirService_v1.0</con:endpoint><con:request><![CDATA[<soapenv:Envelope xmlns:soapenv="http://schemas.xmlsoap.org/soap/envelope/" xmlns:v1="http://fidus.brussels/service/referencedir/messages/v1" xmlns:v11="http://fidus.brussels/type/referencedir/requests/getservices/v1" xmlns:v12="http://fidus.brussels/type/common/messages/v1" >
   <soapenv:Header/>
   <soapenv:Body>
      <v1:getServicesReferenceRequest>
         <v11:messageContext>
            <v12:messageId>${=import static java.util.UUID.randomUUID; uuid = randomUUID() as String}</v12:messageId>
            <v12:timestamp>${=new java.text.SimpleDateFormat("yyyy-MM-dd'T'HH:mm:ss.SSS").format(new Date())}</v12:timestamp>
         </v11:messageContext>
         <v11:legalContext>ServiceIntegrator</v11:legalContext>
         <v11:getServicesRequest></v11:getServicesRequest>
      </v1:getServicesReferenceRequest>
   </soapenv:Body>
</soapenv:Envelope>]]></con:request><con:assertion type="SOAP Fault Assertion" id="89a097c9-d1a4-4ab5-a16b-09a818a4960a" name="Not SOAP Fault"/><con:assertion type="SOAP Response" id="75013df0-4511-410c-b388-1e25e874784a" name="SOAP Response"/><con:assertion type="Schema Compliance" id="c3be706d-556f-4f49-967c-d01981765b01" name="Schema Compliance"><con:configuration/></con:assertion><con:wsaConfig action="http://fidus.brussels/services/referencedir/getServicesReference"/></con:request></con:config></con:testStep><con:testStep type="request" id="780e487c-754a-499c-b3ac-b9c12887a181" name="testcase5 - Prod - Worker2 - Request"><con:settings/><con:config xsi:type="con:RequestStep" xmlns:xsi="http://www.w3.org/2001/XMLSchema-instance"><con:interface>ReferenceDirServiceHTTPBinding</con:interface><con:operation>getServicesReference</con:operation><con:request name="testcase5 - Prod - Worker2 - Request" id="6d3efbc1-d8e6-4e03-903d-932f28f67e48" outgoingWss="Outflow PROD"><con:settings/><con:encoding>UTF-8</con:encoding><con:endpoint>https://192.168.26.19:8443/services/ReferenceDirService_v1.0</con:endpoint><con:request><![CDATA[<soapenv:Envelope xmlns:soapenv="http://schemas.xmlsoap.org/soap/envelope/" xmlns:v1="http://fidus.brussels/service/referencedir/messages/v1" xmlns:v11="http://fidus.brussels/type/referencedir/requests/getservices/v1" xmlns:v12="http://fidus.brussels/type/common/messages/v1" >
   <soapenv:Header/>
   <soapenv:Body>
      <v1:getServicesReferenceRequest>
         <v11:messageContext>
            <v12:messageId>${=import static java.util.UUID.randomUUID; uuid = randomUUID() as String}</v12:messageId>
            <v12:timestamp>${=new java.text.SimpleDateFormat("yyyy-MM-dd'T'HH:mm:ss.SSS").format(new Date())}</v12:timestamp>
         </v11:messageContext>
         <v11:legalContext>ServiceIntegrator</v11:legalContext>
         <v11:getServicesRequest></v11:getServicesRequest>
      </v1:getServicesReferenceRequest>
   </soapenv:Body>
</soapenv:Envelope>]]></con:request><con:assertion type="SOAP Fault Assertion" id="7c0daa2f-7c3c-4464-9359-2d27e595a062" name="Not SOAP Fault"/><con:assertion type="SOAP Response" id="e57190a5-98e5-4961-9472-33a7dc3cebd3" name="SOAP Response"/><con:assertion type="Schema Compliance" id="211079e6-2788-435f-b17f-9d51dc9f4d1f" name="Schema Compliance"><con:configuration/></con:assertion><con:wsaConfig action="http://fidus.brussels/services/referencedir/getServicesReference"/></con:request></con:config></con:testStep><con:properties/></con:testCase><con:properties/></con:testSuite><con:endpointStrategy xsi:type="con:DefaultEndpointStrategy" xmlns:xsi="http://www.w3.org/2001/XMLSchema-instance">
    <con:endpoint mode="OVERRIDE">http://fidus.brussels/services/referencedir/v1</con:endpoint>
  </con:endpointStrategy>
  <con:properties/>
  <con:wssContainer>
    
    
    
    
    
    
    
    
    
    
    
    
    
    
    
    
  <con:crypto><con:source>data/wso2/keystores/user-rajarshi.jks</con:source><con:password>test@fidus01</con:password><con:type>KEYSTORE</con:type></con:crypto><con:outgoing><con:name>Outflow DEV</con:name></con:outgoing><con:outgoing><con:name>Outflow TEST</con:name><con:entry type="Signature" username="testuser-test.fidus.brussels" password="test@fidus01"><con:configuration><crypto>user-rajarshi.jks</crypto><keyIdentifierType>3</keyIdentifierType><signatureAlgorithm/><signatureCanonicalization/><useSingleCert>true</useSingleCert><digestAlgorithm/><customTokenValueType/><customTokenId/></con:configuration></con:entry><con:entry type="Timestamp"><con:configuration><timeToLive>300000</timeToLive><strictTimestamp>true</strictTimestamp></con:configuration></con:entry></con:outgoing><con:outgoing><con:name>Outflow STAG</con:name></con:outgoing><con:outgoing><con:name>Outflow PROD</con:name></con:outgoing></con:wssContainer>
  <con:oAuth2ProfileContainer/>
  <con:oAuth1ProfileContainer/><con:sensitiveInformation/>
</con:soapui-project>