<?xml version="1.0" encoding="UTF-8"?>
<con:soapui-project id="2d65794a-e080-484f-a287-98c7e3b0cbb4" activeEnvironment="Default" name="Client-VehicleService-1.1-soapui-project" resourceRoot="" soapui-version="5.1.3" abortOnError="false" runType="SEQUENTIAL" xmlns:con="http://eviware.com/soapui/config">
  <con:settings/>
  <con:interface xsi:type="con:WsdlInterface" id="c7606967-424e-4242-afa5-5602719ce9a9" wsaVersion="NONE" name="VehicleServiceHTTPBinding" type="wsdl" bindingName="{http://fidus.brussels/service/vehicleservice/v1.1}VehicleServiceHTTPBinding" soapVersion="1_1" anonymous="optional" definition="/home/isr/git/parent/vehicleservice_1.1/VehicleServiceGateway/src/main/resources/wsdl/vehicleService/1.1.0/VehicleService_v1.1.wsdl" xmlns:xsi="http://www.w3.org/2001/XMLSchema-instance">
    <con:settings/>
    
    <con:definitionCache type="TEXT" rootPart="file:/home/isr/git/parent/vehicleservice_1.1/VehicleServiceGateway/src/main/resources/wsdl/vehicleService/1.1.0/VehicleService_v1.1.wsdl"><con:part><con:url>file:/home/isr/git/parent/vehicleservice_1.1/VehicleServiceGateway/src/main/resources/wsdl/vehicleService/1.1.0/VehicleService_v1.1.wsdl</con:url><con:content><![CDATA[<wsdl:definitions name="VehicleService" targetNamespace="http://fidus.brussels/service/vehicleservice/v1.1" xmlns:soap="http://schemas.xmlsoap.org/wsdl/soap/" xmlns:wsdl="http://schemas.xmlsoap.org/wsdl/" xmlns:xsd="http://www.w3.org/2001/XMLSchema" xmlns:mes="http://fidus.brussels/service/vehicleservice/messages/v1.1" xmlns:tns="http://fidus.brussels/service/vehicleservice/v1.1">
  <wsdl:types>
    <xsd:schema>
      <xsd:import namespace="http://fidus.brussels/service/vehicleservice/messages/v1.1" schemaLocation="messages/vehicleServiceMessages_v1.1.xsd"/>
    </xsd:schema>
  </wsdl:types>
  <wsdl:message name="getVehicleTitularRequestMessage">
    <wsdl:part name="GetVehicleTitularRequest" element="mes:getVehicleTitularRequest"/>
  </wsdl:message>
  <wsdl:message name="getVehicleTitularResponseMessage">
    <wsdl:part name="GetVehicleTitularResponse" element="mes:getVehicleTitularResponse"/>
  </wsdl:message>
  <wsdl:message name="getVehicleRegistrationRequestMessage">
    <wsdl:part name="GetVehicleRegistrationRequest" element="mes:getVehicleRegistrationRequest"/>
  </wsdl:message>
  <wsdl:message name="getVehicleRegistrationResponseMessage">
    <wsdl:part name="GetVehicleRegistrationResponse" element="mes:getVehicleRegistrationResponse"/>
  </wsdl:message>
  <wsdl:message name="getVehicleInformationRequestMessage">
    <wsdl:part name="GetVehicleInformationRequest" element="mes:getVehicleInformationRequest"/>
  </wsdl:message>
  <wsdl:message name="getVehicleInformationResponseMessage">
    <wsdl:part name="GetVehicleInformationResponse" element="mes:getVehicleInformationResponse"/>
  </wsdl:message>
  <wsdl:portType name="VehicleServicePortType">
    <wsdl:operation name="getVehicleTitular">
      <wsdl:input message="tns:getVehicleTitularRequestMessage"/>
      <wsdl:output message="tns:getVehicleTitularResponseMessage"/>
    </wsdl:operation>
    <wsdl:operation name="getVehicleRegistration">
      <wsdl:input message="tns:getVehicleRegistrationRequestMessage"/>
      <wsdl:output message="tns:getVehicleRegistrationResponseMessage"/>
    </wsdl:operation>
    <wsdl:operation name="getVehicleInformation">
      <wsdl:input message="tns:getVehicleInformationRequestMessage"/>
      <wsdl:output message="tns:getVehicleInformationResponseMessage"/>
    </wsdl:operation>
  </wsdl:portType>
  <wsdl:binding name="VehicleServiceHTTPBinding" type="tns:VehicleServicePortType">
    <soap:binding style="document" transport="http://schemas.xmlsoap.org/soap/http"/>
    <wsdl:operation name="getVehicleTitular">
      <soap:operation soapAction="http://fidus.brussels/services/vehicleservice/getVehicleTitular"/>
      <wsdl:input>
        <soap:body use="literal"/>
      </wsdl:input>
      <wsdl:output>
        <soap:body use="literal"/>
      </wsdl:output>
    </wsdl:operation>
    <wsdl:operation name="getVehicleRegistration">
      <soap:operation soapAction="http://fidus.brussels/services/vehicleservice/getVehicleRegistration"/>
      <wsdl:input>
        <soap:body use="literal"/>
      </wsdl:input>
      <wsdl:output>
        <soap:body use="literal"/>
      </wsdl:output>
    </wsdl:operation>
    <wsdl:operation name="getVehicleInformation">
      <soap:operation soapAction="http://fidus.brussels/services/vehicleservice/getVehicleInformation"/>
      <wsdl:input>
        <soap:body use="literal"/>
      </wsdl:input>
      <wsdl:output>
        <soap:body use="literal"/>
      </wsdl:output>
    </wsdl:operation>
  </wsdl:binding>
  <wsdl:service name="VehicleService_v1">
    <wsdl:port name="VehicleService_v1" binding="tns:VehicleServiceHTTPBinding">
      <soap:address location="http://fidus.brussels/services/vehicleservice/v1.1"/>
    </wsdl:port>
  </wsdl:service>
  <xsd:annotation>
    <xsd:documentation>Vehicle service WDSL v1.1</xsd:documentation>
  </xsd:annotation>
</wsdl:definitions>]]></con:content><con:type>http://schemas.xmlsoap.org/wsdl/</con:type></con:part><con:part><con:url>file:/home/isr/git/parent/vehicleservice_1.1/VehicleServiceGateway/src/main/resources/wsdl/vehicleService/1.1.0/messages/vehicleServiceMessages_v1.1.xsd</con:url><con:content><![CDATA[<xsd:schema targetNamespace="http://fidus.brussels/service/vehicleservice/messages/v1.1" elementFormDefault="qualified" attributeFormDefault="unqualified" version="1.0" xmlns:xsd="http://www.w3.org/2001/XMLSchema" xmlns:cme="http://fidus.brussels/type/common/messages/v1" xmlns:exc="http://fidus.brussels/type/common/exceptions/v1" xmlns:tns="http://fidus.brussels/service/vehicleservice/messages/v1.1">
  <xsd:import namespace="http://fidus.brussels/type/common/messages/v1" schemaLocation="baseMessageTypes_v1.xsd"/>
  <xsd:import namespace="http://fidus.brussels/type/common/exceptions/v1" schemaLocation="exceptionTypes_v1.xsd"/>
  <xsd:complexType name="vehicleTitularRequestType">
    <xsd:annotation>
      <xsd:documentation>The vehicle whose information is requested.</xsd:documentation>
    </xsd:annotation>
    <xsd:sequence>
      <xsd:element name="PlateNr" form="unqualified" minOccurs="0">
        <xsd:annotation>
          <xsd:documentation xml:lang="en">License plate number</xsd:documentation>
        </xsd:annotation>
        <xsd:simpleType>
          <xsd:restriction base="xsd:string">
            <xsd:maxLength value="10"/>
          </xsd:restriction>
        </xsd:simpleType>
      </xsd:element>
      <xsd:element name="Vin" form="unqualified" minOccurs="0">
        <xsd:annotation>
          <xsd:documentation xml:lang="en">Vehicle Identification Number or Chassisnumber</xsd:documentation>
        </xsd:annotation>
        <xsd:simpleType>
          <xsd:restriction base="xsd:string">
            <xsd:maxLength value="17"/>
          </xsd:restriction>
        </xsd:simpleType>
      </xsd:element>
      <xsd:element name="Unifier" form="unqualified" minOccurs="0">
        <xsd:annotation>
          <xsd:documentation xml:lang="en">A code to make a unique VIN number</xsd:documentation>
        </xsd:annotation>
        <xsd:simpleType>
          <xsd:restriction base="xsd:string">
            <xsd:maxLength value="2"/>
          </xsd:restriction>
        </xsd:simpleType>
      </xsd:element>
      <xsd:element name="LanguageCode" form="unqualified" minOccurs="0">
        <xsd:annotation>
          <xsd:documentation xml:lang="en">Language of the CIM: 1 (Francais), 2 (Nederlands) or 3 (Deutsch)</xsd:documentation>
        </xsd:annotation>
        <xsd:simpleType>
          <xsd:restriction base="xsd:integer">
            <xsd:totalDigits value="1"/>
          </xsd:restriction>
        </xsd:simpleType>
      </xsd:element>
      <xsd:element name="IncidentDate" form="unqualified" minOccurs="0">
        <xsd:simpleType>
          <xsd:restriction base="xsd:integer">
            <xsd:totalDigits value="8"/>
          </xsd:restriction>
        </xsd:simpleType>
      </xsd:element>
    </xsd:sequence>
  </xsd:complexType>
  <!--Request getIdentity definition-->
  <xsd:complexType name="GetVehicleTitularRequestType">
    <xsd:sequence>
      <xsd:element name="messageContext" type="cme:RequestMessageContextType"/>
      <xsd:element name="legalContext" type="cme:LegalContextType"/>
      <xsd:element name="consumerContext" type="cme:ConsumerContextType"/>
      <xsd:element name="request" type="tns:vehicleTitularRequestType"/>
    </xsd:sequence>
  </xsd:complexType>
  <!--Request getIdentity definition-->
  <xsd:complexType name="GetVehicleTitularResponseType">
    <xsd:sequence>
      <xsd:element name="messageContext" type="cme:ResponseMessageContextType"/>
      <xsd:element name="responses" type="tns:VehicleTitularResponsesType" minOccurs="0"/>
      <xsd:element name="exceptions" type="exc:ExceptionsType" minOccurs="0">
        <xsd:annotation>
          <xsd:documentation>Technical errors that occur when processing the message context e.g. insufficient rights.</xsd:documentation>
        </xsd:annotation>
      </xsd:element>
    </xsd:sequence>
  </xsd:complexType>
  <xsd:complexType name="VehicleTitularResponsesType">
    <xsd:sequence>
      <xsd:element name="response" type="tns:VehicleTitularResponseType" minOccurs="1" maxOccurs="1"/>
    </xsd:sequence>
  </xsd:complexType>
  <xsd:complexType name="VehicleTitularResponseType">
    <xsd:sequence>
      <xsd:element name="ExportIKeys" form="unqualified">
        <xsd:complexType>
          <xsd:sequence>
            <xsd:element name="PlateNr" form="unqualified">
              <xsd:annotation>
                <xsd:documentation xml:lang="en">License plate number</xsd:documentation>
              </xsd:annotation>
              <xsd:simpleType>
                <xsd:restriction base="xsd:string">
                  <xsd:maxLength value="10"/>
                </xsd:restriction>
              </xsd:simpleType>
            </xsd:element>
            <xsd:element name="Vin" form="unqualified">
              <xsd:annotation>
                <xsd:documentation xml:lang="en">Vehicle Identification Number or Chassisnumber</xsd:documentation>
              </xsd:annotation>
              <xsd:simpleType>
                <xsd:restriction base="xsd:string">
                  <xsd:maxLength value="17"/>
                </xsd:restriction>
              </xsd:simpleType>
            </xsd:element>
            <xsd:element name="Unifier" form="unqualified">
              <xsd:annotation>
                <xsd:documentation xml:lang="en">A code to make a unique VIN number</xsd:documentation>
              </xsd:annotation>
              <xsd:simpleType>
                <xsd:restriction base="xsd:string">
                  <xsd:maxLength value="2"/>
                </xsd:restriction>
              </xsd:simpleType>
            </xsd:element>
            <xsd:element name="LanguageCode" form="unqualified">
              <xsd:annotation>
                <xsd:documentation xml:lang="en">Language of the CIM: 1 (Francais), 2 (Nederlands) or 3 (Deutsch)</xsd:documentation>
              </xsd:annotation>
              <xsd:simpleType>
                <xsd:restriction base="xsd:integer">
                  <xsd:totalDigits value="1"/>
                </xsd:restriction>
              </xsd:simpleType>
            </xsd:element>
            <xsd:element name="IncidentDate" form="unqualified">
              <xsd:simpleType>
                <xsd:restriction base="xsd:integer">
                  <xsd:totalDigits value="8"/>
                </xsd:restriction>
              </xsd:simpleType>
            </xsd:element>
          </xsd:sequence>
        </xsd:complexType>
      </xsd:element>
      <xsd:element name="ExportIMessage" form="unqualified">
        <xsd:complexType>
          <xsd:sequence>
            <xsd:element name="Code" form="unqualified">
              <xsd:annotation>
                <xsd:documentation xml:lang="en">An error code</xsd:documentation>
              </xsd:annotation>
              <xsd:simpleType>
                <xsd:restriction base="xsd:string">
                  <xsd:maxLength value="7"/>
                </xsd:restriction>
              </xsd:simpleType>
            </xsd:element>
            <xsd:element name="Label" form="unqualified">
              <xsd:annotation>
                <xsd:documentation xml:lang="en">The error code description</xsd:documentation>
              </xsd:annotation>
              <xsd:simpleType>
                <xsd:restriction base="xsd:string">
                  <xsd:maxLength value="255"/>
                </xsd:restriction>
              </xsd:simpleType>
            </xsd:element>
          </xsd:sequence>
        </xsd:complexType>
      </xsd:element>
      <xsd:element name="ExportITitular" form="unqualified">
        <xsd:complexType>
          <xsd:sequence>
            <xsd:element name="NationalId" form="unqualified">
              <xsd:annotation>
                <xsd:documentation xml:lang="en">A person his/her national ID</xsd:documentation>
              </xsd:annotation>
              <xsd:simpleType>
                <xsd:restriction base="xsd:string">
                  <xsd:maxLength value="11"/>
                </xsd:restriction>
              </xsd:simpleType>
            </xsd:element>
            <xsd:element name="LastName" form="unqualified">
              <xsd:annotation>
                <xsd:documentation xml:lang="en">Lastname in case of a physical person or a companyname in case of a moral person</xsd:documentation>
              </xsd:annotation>
              <xsd:simpleType>
                <xsd:restriction base="xsd:string">
                  <xsd:maxLength value="160"/>
                </xsd:restriction>
              </xsd:simpleType>
            </xsd:element>
            <xsd:element name="FirstName1" form="unqualified">
              <xsd:annotation>
                <xsd:documentation xml:lang="en">First forename</xsd:documentation>
              </xsd:annotation>
              <xsd:simpleType>
                <xsd:restriction base="xsd:string">
                  <xsd:maxLength value="50"/>
                </xsd:restriction>
              </xsd:simpleType>
            </xsd:element>
            <xsd:element name="FirstName2" form="unqualified">
              <xsd:annotation>
                <xsd:documentation xml:lang="en">Second forename</xsd:documentation>
              </xsd:annotation>
              <xsd:simpleType>
                <xsd:restriction base="xsd:string">
                  <xsd:maxLength value="50"/>
                </xsd:restriction>
              </xsd:simpleType>
            </xsd:element>
            <xsd:element name="FirstName3" form="unqualified">
              <xsd:annotation>
                <xsd:documentation xml:lang="en">Third forename</xsd:documentation>
              </xsd:annotation>
              <xsd:simpleType>
                <xsd:restriction base="xsd:string">
                  <xsd:maxLength value="50"/>
                </xsd:restriction>
              </xsd:simpleType>
            </xsd:element>
            <xsd:element name="StreetName" form="unqualified">
              <xsd:annotation>
                <xsd:documentation xml:lang="en">Name of the street</xsd:documentation>
              </xsd:annotation>
              <xsd:simpleType>
                <xsd:restriction base="xsd:string">
                  <xsd:maxLength value="100"/>
                </xsd:restriction>
              </xsd:simpleType>
            </xsd:element>
            <xsd:element name="HouseNr" form="unqualified">
              <xsd:annotation>
                <xsd:documentation xml:lang="en">The house number in the street</xsd:documentation>
              </xsd:annotation>
              <xsd:simpleType>
                <xsd:restriction base="xsd:string">
                  <xsd:maxLength value="11"/>
                </xsd:restriction>
              </xsd:simpleType>
            </xsd:element>
            <xsd:element name="BoxNr" form="unqualified">
              <xsd:annotation>
                <xsd:documentation xml:lang="en">The box number at the specific streetname and house_nr</xsd:documentation>
              </xsd:annotation>
              <xsd:simpleType>
                <xsd:restriction base="xsd:string">
                  <xsd:maxLength value="11"/>
                </xsd:restriction>
              </xsd:simpleType>
            </xsd:element>
            <xsd:element name="PostalCode" form="unqualified">
              <xsd:simpleType>
                <xsd:restriction base="xsd:string">
                  <xsd:maxLength value="4"/>
                </xsd:restriction>
              </xsd:simpleType>
            </xsd:element>
            <xsd:element name="CityName" form="unqualified">
              <xsd:simpleType>
                <xsd:restriction base="xsd:string">
                  <xsd:maxLength value="100"/>
                </xsd:restriction>
              </xsd:simpleType>
            </xsd:element>
            <xsd:element name="NisNr" form="unqualified">
              <xsd:annotation>
                <xsd:documentation xml:lang="en">Nis number, code given by the National Institute of Statistics</xsd:documentation>
              </xsd:annotation>
              <xsd:simpleType>
                <xsd:restriction base="xsd:string">
                  <xsd:maxLength value="5"/>
                </xsd:restriction>
              </xsd:simpleType>
            </xsd:element>
            <xsd:element name="CompanyNr" form="unqualified">
              <xsd:annotation>
                <xsd:documentation xml:lang="en">The CBE number of the company</xsd:documentation>
              </xsd:annotation>
              <xsd:simpleType>
                <xsd:restriction base="xsd:string">
                  <xsd:maxLength value="10"/>
                </xsd:restriction>
              </xsd:simpleType>
            </xsd:element>
          </xsd:sequence>
        </xsd:complexType>
      </xsd:element>
      <xsd:element name="ExportIRegistration" form="unqualified" minOccurs="0">
        <xsd:complexType>
          <xsd:sequence>
            <xsd:element name="StatusCode" form="unqualified">
              <xsd:annotation>
                <xsd:documentation xml:lang="en">Status code of a registration</xsd:documentation>
              </xsd:annotation>
              <xsd:simpleType>
                <xsd:restriction base="xsd:string">
                  <xsd:maxLength value="3"/>
                </xsd:restriction>
              </xsd:simpleType>
            </xsd:element>
            <xsd:element name="StatusLabel" form="unqualified">
              <xsd:annotation>
                <xsd:documentation xml:lang="en">Omschrijving van de status</xsd:documentation>
              </xsd:annotation>
              <xsd:simpleType>
                <xsd:restriction base="xsd:string">
                  <xsd:maxLength value="30"/>
                </xsd:restriction>
              </xsd:simpleType>
            </xsd:element>
            <xsd:element name="StartSituationDate" form="unqualified">
              <xsd:annotation>
                <xsd:documentation xml:lang="en">The date when the status was accorded to this registration</xsd:documentation>
              </xsd:annotation>
              <xsd:simpleType>
                <xsd:restriction base="xsd:integer">
                  <xsd:totalDigits value="8"/>
                </xsd:restriction>
              </xsd:simpleType>
            </xsd:element>
            <xsd:element name="LanguageCode" form="unqualified">
              <xsd:annotation>
                <xsd:documentation xml:lang="en">Certificate language: 1 (Francais), 2 (Nederlands) or 3 (Deutsch)</xsd:documentation>
              </xsd:annotation>
              <xsd:simpleType>
                <xsd:restriction base="xsd:integer">
                  <xsd:totalDigits value="1"/>
                </xsd:restriction>
              </xsd:simpleType>
            </xsd:element>
          </xsd:sequence>
        </xsd:complexType>
      </xsd:element>
      <xsd:element name="ExportIVehicle" form="unqualified">
        <xsd:complexType>
          <xsd:sequence>
            <xsd:element name="Vin" form="unqualified">
              <xsd:annotation>
                <xsd:documentation xml:lang="en">Vehicle Identification Number or Chassisnumber</xsd:documentation>
              </xsd:annotation>
              <xsd:simpleType>
                <xsd:restriction base="xsd:string">
                  <xsd:maxLength value="17"/>
                </xsd:restriction>
              </xsd:simpleType>
            </xsd:element>
            <xsd:element name="Unifier" form="unqualified">
              <xsd:annotation>
                <xsd:documentation xml:lang="en">A code to make a unique VIN number</xsd:documentation>
              </xsd:annotation>
              <xsd:simpleType>
                <xsd:restriction base="xsd:string">
                  <xsd:maxLength value="2"/>
                </xsd:restriction>
              </xsd:simpleType>
            </xsd:element>
            <xsd:element name="CommercialName" form="unqualified">
              <xsd:annotation>
                <xsd:documentation xml:lang="en">Commercial name of vehicle (CoC 2.0.1)</xsd:documentation>
              </xsd:annotation>
              <xsd:simpleType>
                <xsd:restriction base="xsd:string">
                  <xsd:maxLength value="60"/>
                </xsd:restriction>
              </xsd:simpleType>
            </xsd:element>
          </xsd:sequence>
        </xsd:complexType>
      </xsd:element>
    </xsd:sequence>
  </xsd:complexType>
  <xsd:complexType name="vehicleRegistrationRequestType">
    <xsd:annotation>
      <xsd:documentation>The vehicle whose information is requested.</xsd:documentation>
    </xsd:annotation>
    <xsd:sequence>
      <xsd:element name="PlateNr" form="unqualified" minOccurs="0">
        <xsd:annotation>
          <xsd:documentation xml:lang="en">License plate number</xsd:documentation>
        </xsd:annotation>
        <xsd:simpleType>
          <xsd:restriction base="xsd:string">
            <xsd:maxLength value="10"/>
          </xsd:restriction>
        </xsd:simpleType>
      </xsd:element>
      <xsd:element name="Vin" form="unqualified" minOccurs="0">
        <xsd:annotation>
          <xsd:documentation xml:lang="en">Vehicle Identification Number or Chassisnumber</xsd:documentation>
        </xsd:annotation>
        <xsd:simpleType>
          <xsd:restriction base="xsd:string">
            <xsd:maxLength value="17"/>
          </xsd:restriction>
        </xsd:simpleType>
      </xsd:element>
      <xsd:element name="Unifier" form="unqualified" minOccurs="0">
        <xsd:annotation>
          <xsd:documentation xml:lang="en">A code to make a unique VIN number</xsd:documentation>
        </xsd:annotation>
        <xsd:simpleType>
          <xsd:restriction base="xsd:string">
            <xsd:maxLength value="2"/>
          </xsd:restriction>
        </xsd:simpleType>
      </xsd:element>
      <xsd:element name="NationalId" form="unqualified" minOccurs="0">
        <xsd:annotation>
          <xsd:documentation xml:lang="en">A person his/her national ID</xsd:documentation>
        </xsd:annotation>
        <xsd:simpleType>
          <xsd:restriction base="xsd:string">
            <xsd:maxLength value="11"/>
          </xsd:restriction>
        </xsd:simpleType>
      </xsd:element>
      <xsd:element name="CompanyNr" form="unqualified" minOccurs="0">
        <xsd:annotation>
          <xsd:documentation xml:lang="en">The CBE number of the company</xsd:documentation>
        </xsd:annotation>
        <xsd:simpleType>
          <xsd:restriction base="xsd:string">
            <xsd:maxLength value="10"/>
          </xsd:restriction>
        </xsd:simpleType>
      </xsd:element>
      <xsd:element name="LanguageCode" form="unqualified" minOccurs="0">
        <xsd:annotation>
          <xsd:documentation xml:lang="en">Language of the CIM: 1 (Francais), 2 (Nederlands) or 3 (Deutsch)</xsd:documentation>
        </xsd:annotation>
        <xsd:simpleType>
          <xsd:restriction base="xsd:integer">
            <xsd:totalDigits value="1"/>
          </xsd:restriction>
        </xsd:simpleType>
      </xsd:element>
    </xsd:sequence>
  </xsd:complexType>
  <!--Request getIdentity definition-->
  <xsd:complexType name="GetVehicleRegistrationRequestType">
    <xsd:sequence>
      <xsd:element name="messageContext" type="cme:RequestMessageContextType"/>
      <xsd:element name="legalContext" type="cme:LegalContextType"/>
      <xsd:element name="consumerContext" type="cme:ConsumerContextType"/>
      <xsd:element name="request" type="tns:vehicleRegistrationRequestType"/>
    </xsd:sequence>
  </xsd:complexType>
  <!--Request getIdentity definition-->
  <xsd:complexType name="GetVehicleRegistrationResponseType">
    <xsd:sequence>
      <xsd:element name="messageContext" type="cme:ResponseMessageContextType"/>
      <xsd:element name="responses" type="tns:VehicleRegistrationResponsesType" minOccurs="0"/>
      <xsd:element name="exceptions" type="exc:ExceptionsType" minOccurs="0">
        <xsd:annotation>
          <xsd:documentation>Technical errors that occur when processing the message context e.g. insufficient rights.</xsd:documentation>
        </xsd:annotation>
      </xsd:element>
    </xsd:sequence>
  </xsd:complexType>
  <xsd:complexType name="VehicleRegistrationResponsesType">
    <xsd:sequence>
      <xsd:element name="response" type="tns:VehicleRegistrationResponseType" minOccurs="1" maxOccurs="1"/>
    </xsd:sequence>
  </xsd:complexType>
  <xsd:complexType name="VehicleRegistrationResponseType">
    <xsd:sequence>
      <xsd:element name="ExportIKeys" form="unqualified">
        <xsd:complexType>
          <xsd:sequence>
            <xsd:element name="PlateNr" form="unqualified">
              <xsd:annotation>
                <xsd:documentation xml:lang="en">License plate number</xsd:documentation>
              </xsd:annotation>
              <xsd:simpleType>
                <xsd:restriction base="xsd:string">
                  <xsd:maxLength value="10"/>
                </xsd:restriction>
              </xsd:simpleType>
            </xsd:element>
            <xsd:element name="Vin" form="unqualified">
              <xsd:annotation>
                <xsd:documentation xml:lang="en">Vehicle Identification Number or Chassisnumber</xsd:documentation>
              </xsd:annotation>
              <xsd:simpleType>
                <xsd:restriction base="xsd:string">
                  <xsd:maxLength value="17"/>
                </xsd:restriction>
              </xsd:simpleType>
            </xsd:element>
            <xsd:element name="Unifier" form="unqualified">
              <xsd:annotation>
                <xsd:documentation xml:lang="en">A code to make a unique VIN number</xsd:documentation>
              </xsd:annotation>
              <xsd:simpleType>
                <xsd:restriction base="xsd:string">
                  <xsd:maxLength value="2"/>
                </xsd:restriction>
              </xsd:simpleType>
            </xsd:element>
            <xsd:element name="NationalId" form="unqualified">
              <xsd:annotation>
                <xsd:documentation xml:lang="en">A person his/her national ID</xsd:documentation>
              </xsd:annotation>
              <xsd:simpleType>
                <xsd:restriction base="xsd:string">
                  <xsd:maxLength value="11"/>
                </xsd:restriction>
              </xsd:simpleType>
            </xsd:element>
            <xsd:element name="CompanyNr" form="unqualified">
              <xsd:annotation>
                <xsd:documentation xml:lang="en">The CBE number of the company</xsd:documentation>
              </xsd:annotation>
              <xsd:simpleType>
                <xsd:restriction base="xsd:string">
                  <xsd:maxLength value="10"/>
                </xsd:restriction>
              </xsd:simpleType>
            </xsd:element>
            <xsd:element name="LanguageCode" form="unqualified">
              <xsd:annotation>
                <xsd:documentation xml:lang="en">Language of the CIM: 1 (Francais), 2 (Nederlands) or 3 (Deutsch)</xsd:documentation>
              </xsd:annotation>
              <xsd:simpleType>
                <xsd:restriction base="xsd:integer">
                  <xsd:totalDigits value="1"/>
                </xsd:restriction>
              </xsd:simpleType>
            </xsd:element>
          </xsd:sequence>
        </xsd:complexType>
      </xsd:element>
      <xsd:element name="ExportIMessage" form="unqualified">
        <xsd:complexType>
          <xsd:sequence>
            <xsd:element name="Code" form="unqualified">
              <xsd:annotation>
                <xsd:documentation xml:lang="en">An error code</xsd:documentation>
              </xsd:annotation>
              <xsd:simpleType>
                <xsd:restriction base="xsd:string">
                  <xsd:maxLength value="7"/>
                </xsd:restriction>
              </xsd:simpleType>
            </xsd:element>
            <xsd:element name="Label" form="unqualified">
              <xsd:annotation>
                <xsd:documentation xml:lang="en">The error code description</xsd:documentation>
              </xsd:annotation>
              <xsd:simpleType>
                <xsd:restriction base="xsd:string">
                  <xsd:maxLength value="255"/>
                </xsd:restriction>
              </xsd:simpleType>
            </xsd:element>
          </xsd:sequence>
        </xsd:complexType>
      </xsd:element>
      <xsd:element name="ExportGroup" form="unqualified">
        <xsd:complexType>
          <xsd:sequence>
            <xsd:element name="row" form="unqualified" minOccurs="0" maxOccurs="5">
              <xsd:complexType>
                <xsd:sequence>
                  <xsd:element name="ExportGrITitular" form="unqualified">
                    <xsd:complexType>
                      <xsd:sequence>
                        <xsd:element name="NationalId" form="unqualified">
                          <xsd:annotation>
                            <xsd:documentation xml:lang="en">A person his/her national ID</xsd:documentation>
                          </xsd:annotation>
                          <xsd:simpleType>
                            <xsd:restriction base="xsd:string">
                              <xsd:maxLength value="11"/>
                            </xsd:restriction>
                          </xsd:simpleType>
                        </xsd:element>
                        <xsd:element name="TitularId" form="unqualified">
                          <xsd:simpleType>
                            <xsd:restriction base="xsd:integer">
                              <xsd:totalDigits value="10"/>
                            </xsd:restriction>
                          </xsd:simpleType>
                        </xsd:element>
                        <xsd:element name="LastName" form="unqualified">
                          <xsd:annotation>
                            <xsd:documentation xml:lang="en">Lastname in case of a physical person or a companyname in case of a moral person</xsd:documentation>
                          </xsd:annotation>
                          <xsd:simpleType>
                            <xsd:restriction base="xsd:string">
                              <xsd:maxLength value="160"/>
                            </xsd:restriction>
                          </xsd:simpleType>
                        </xsd:element>
                        <xsd:element name="FirstName1" form="unqualified">
                          <xsd:annotation>
                            <xsd:documentation xml:lang="en">First forename</xsd:documentation>
                          </xsd:annotation>
                          <xsd:simpleType>
                            <xsd:restriction base="xsd:string">
                              <xsd:maxLength value="50"/>
                            </xsd:restriction>
                          </xsd:simpleType>
                        </xsd:element>
                        <xsd:element name="FirstName2" form="unqualified">
                          <xsd:annotation>
                            <xsd:documentation xml:lang="en">Second forename</xsd:documentation>
                          </xsd:annotation>
                          <xsd:simpleType>
                            <xsd:restriction base="xsd:string">
                              <xsd:maxLength value="50"/>
                            </xsd:restriction>
                          </xsd:simpleType>
                        </xsd:element>
                        <xsd:element name="FirstName3" form="unqualified">
                          <xsd:annotation>
                            <xsd:documentation xml:lang="en">Third forename</xsd:documentation>
                          </xsd:annotation>
                          <xsd:simpleType>
                            <xsd:restriction base="xsd:string">
                              <xsd:maxLength value="50"/>
                            </xsd:restriction>
                          </xsd:simpleType>
                        </xsd:element>
                        <xsd:element name="BirthDate" form="unqualified">
                          <xsd:annotation>
                            <xsd:documentation xml:lang="en">Date of birth</xsd:documentation>
                          </xsd:annotation>
                          <xsd:simpleType>
                            <xsd:restriction base="xsd:integer">
                              <xsd:totalDigits value="8"/>
                            </xsd:restriction>
                          </xsd:simpleType>
                        </xsd:element>
                        <xsd:element name="DeathDate" form="unqualified">
                          <xsd:annotation>
                            <xsd:documentation xml:lang="en">Date of death</xsd:documentation>
                          </xsd:annotation>
                          <xsd:simpleType>
                            <xsd:restriction base="xsd:integer">
                              <xsd:totalDigits value="8"/>
                            </xsd:restriction>
                          </xsd:simpleType>
                        </xsd:element>
                        <xsd:element name="StreetName" form="unqualified">
                          <xsd:annotation>
                            <xsd:documentation xml:lang="en">Name of the street</xsd:documentation>
                          </xsd:annotation>
                          <xsd:simpleType>
                            <xsd:restriction base="xsd:string">
                              <xsd:maxLength value="100"/>
                            </xsd:restriction>
                          </xsd:simpleType>
                        </xsd:element>
                        <xsd:element name="HouseNr" form="unqualified">
                          <xsd:annotation>
                            <xsd:documentation xml:lang="en">The house number in the street</xsd:documentation>
                          </xsd:annotation>
                          <xsd:simpleType>
                            <xsd:restriction base="xsd:string">
                              <xsd:maxLength value="11"/>
                            </xsd:restriction>
                          </xsd:simpleType>
                        </xsd:element>
                        <xsd:element name="BoxNr" form="unqualified">
                          <xsd:annotation>
                            <xsd:documentation xml:lang="en">The box number at the specific streetname and house_nr</xsd:documentation>
                          </xsd:annotation>
                          <xsd:simpleType>
                            <xsd:restriction base="xsd:string">
                              <xsd:maxLength value="11"/>
                            </xsd:restriction>
                          </xsd:simpleType>
                        </xsd:element>
                        <xsd:element name="PostalCode" form="unqualified">
                          <xsd:simpleType>
                            <xsd:restriction base="xsd:string">
                              <xsd:maxLength value="4"/>
                            </xsd:restriction>
                          </xsd:simpleType>
                        </xsd:element>
                        <xsd:element name="CityName" form="unqualified">
                          <xsd:simpleType>
                            <xsd:restriction base="xsd:string">
                              <xsd:maxLength value="100"/>
                            </xsd:restriction>
                          </xsd:simpleType>
                        </xsd:element>
                        <xsd:element name="NisNr" form="unqualified">
                          <xsd:annotation>
                            <xsd:documentation xml:lang="en">Nis number, code given by the National Institute of Statistics</xsd:documentation>
                          </xsd:annotation>
                          <xsd:simpleType>
                            <xsd:restriction base="xsd:string">
                              <xsd:maxLength value="5"/>
                            </xsd:restriction>
                          </xsd:simpleType>
                        </xsd:element>
                        <xsd:element name="NatRegStreetNr" form="unqualified">
                          <xsd:simpleType>
                            <xsd:restriction base="xsd:string">
                              <xsd:maxLength value="4"/>
                            </xsd:restriction>
                          </xsd:simpleType>
                        </xsd:element>
                        <xsd:element name="CompanyNr" form="unqualified">
                          <xsd:annotation>
                            <xsd:documentation xml:lang="en">The CBE number of the company</xsd:documentation>
                          </xsd:annotation>
                          <xsd:simpleType>
                            <xsd:restriction base="xsd:string">
                              <xsd:maxLength value="10"/>
                            </xsd:restriction>
                          </xsd:simpleType>
                        </xsd:element>
                        <xsd:element name="CompanyBeginDate" form="unqualified">
                          <xsd:annotation>
                            <xsd:documentation xml:lang="en">The begin date of the company</xsd:documentation>
                          </xsd:annotation>
                          <xsd:simpleType>
                            <xsd:restriction base="xsd:integer">
                              <xsd:totalDigits value="8"/>
                            </xsd:restriction>
                          </xsd:simpleType>
                        </xsd:element>
                        <xsd:element name="CompanyEndDate" form="unqualified">
                          <xsd:annotation>
                            <xsd:documentation xml:lang="en">The end date of a company</xsd:documentation>
                          </xsd:annotation>
                          <xsd:simpleType>
                            <xsd:restriction base="xsd:integer">
                              <xsd:totalDigits value="8"/>
                            </xsd:restriction>
                          </xsd:simpleType>
                        </xsd:element>
                        <xsd:element name="CompanyLegalStateCode" form="unqualified">
                          <xsd:simpleType>
                            <xsd:restriction base="xsd:string">
                              <xsd:maxLength value="3"/>
                            </xsd:restriction>
                          </xsd:simpleType>
                        </xsd:element>
                        <xsd:element name="CompanyLegalStateDesc" form="unqualified">
                          <xsd:simpleType>
                            <xsd:restriction base="xsd:string">
                              <xsd:maxLength value="60"/>
                            </xsd:restriction>
                          </xsd:simpleType>
                        </xsd:element>
                        <xsd:element name="CompanyLegalFormCode" form="unqualified">
                          <xsd:simpleType>
                            <xsd:restriction base="xsd:string">
                              <xsd:maxLength value="3"/>
                            </xsd:restriction>
                          </xsd:simpleType>
                        </xsd:element>
                        <xsd:element name="CompanyLegalFormDesc" form="unqualified">
                          <xsd:simpleType>
                            <xsd:restriction base="xsd:string">
                              <xsd:maxLength value="60"/>
                            </xsd:restriction>
                          </xsd:simpleType>
                        </xsd:element>
                      </xsd:sequence>
                    </xsd:complexType>
                  </xsd:element>
                  <xsd:element name="ExportGrIRegistration" form="unqualified">
                    <xsd:complexType>
                      <xsd:sequence>
                        <xsd:element name="PlateNr" form="unqualified">
                          <xsd:annotation>
                            <xsd:documentation xml:lang="en">Number as it appears on the plate without any edit characters</xsd:documentation>
                          </xsd:annotation>
                          <xsd:simpleType>
                            <xsd:restriction base="xsd:string">
                              <xsd:maxLength value="10"/>
                            </xsd:restriction>
                          </xsd:simpleType>
                        </xsd:element>
                        <xsd:element name="PlateType" form="unqualified">
                          <xsd:annotation>
                            <xsd:documentation xml:lang="en">License plate type</xsd:documentation>
                          </xsd:annotation>
                          <xsd:simpleType>
                            <xsd:restriction base="xsd:string">
                              <xsd:maxLength value="3"/>
                            </xsd:restriction>
                          </xsd:simpleType>
                        </xsd:element>
                        <xsd:element name="PlateTypeLabel" form="unqualified">
                          <xsd:simpleType>
                            <xsd:restriction base="xsd:string">
                              <xsd:maxLength value="30"/>
                            </xsd:restriction>
                          </xsd:simpleType>
                        </xsd:element>
                        <xsd:element name="TitularRegDate" form="unqualified" minOccurs="0">
                          <xsd:annotation>
                            <xsd:documentation xml:lang="en">Date when the titular is first assigned the plate</xsd:documentation>
                          </xsd:annotation>
                          <xsd:simpleType>
                            <xsd:restriction base="xsd:integer">
                              <xsd:totalDigits value="8"/>
                            </xsd:restriction>
                          </xsd:simpleType>
                        </xsd:element>
                        <xsd:element name="LastRegDate" form="unqualified" minOccurs="0">
                          <xsd:annotation>
                            <xsd:documentation xml:lang="en">Date when the vehicle was lat registered, when the vehicle was linked to the registration</xsd:documentation>
                          </xsd:annotation>
                          <xsd:simpleType>
                            <xsd:restriction base="xsd:integer">
                              <xsd:totalDigits value="8"/>
                            </xsd:restriction>
                          </xsd:simpleType>
                        </xsd:element>
                        <xsd:element name="EndDate" form="unqualified" minOccurs="0">
                          <xsd:annotation>
                            <xsd:documentation xml:lang="en">The planned end date for the validity of temporary and commercial plates.</xsd:documentation>
                          </xsd:annotation>
                          <xsd:simpleType>
                            <xsd:restriction base="xsd:integer">
                              <xsd:totalDigits value="8"/>
                            </xsd:restriction>
                          </xsd:simpleType>
                        </xsd:element>
                        <xsd:element name="StartSituationDate" form="unqualified" minOccurs="0">
                          <xsd:annotation>
                            <xsd:documentation xml:lang="en">The date when the status was accorded to this registration</xsd:documentation>
                          </xsd:annotation>
                          <xsd:simpleType>
                            <xsd:restriction base="xsd:integer">
                              <xsd:totalDigits value="8"/>
                            </xsd:restriction>
                          </xsd:simpleType>
                        </xsd:element>
                        <xsd:element name="LastUpdate" form="unqualified" minOccurs="0">
                          <xsd:annotation>
                            <xsd:documentation xml:lang="en">Date and time when the registration data was last changed</xsd:documentation>
                          </xsd:annotation>
                          <xsd:simpleType>
                            <xsd:restriction base="xsd:string">
                              <xsd:maxLength value="20"/>
                            </xsd:restriction>
                          </xsd:simpleType>
                        </xsd:element>
                        <xsd:element name="StatusCode" form="unqualified" minOccurs="0">
                          <xsd:annotation>
                            <xsd:documentation xml:lang="en">Status code of a registration</xsd:documentation>
                          </xsd:annotation>
                          <xsd:simpleType>
                            <xsd:restriction base="xsd:string">
                              <xsd:maxLength value="3"/>
                            </xsd:restriction>
                          </xsd:simpleType>
                        </xsd:element>
                        <xsd:element name="StatusLabel" form="unqualified" minOccurs="0">
                          <xsd:annotation>
                            <xsd:documentation xml:lang="en">Omschrijving van de status</xsd:documentation>
                          </xsd:annotation>
                          <xsd:simpleType>
                            <xsd:restriction base="xsd:string">
                              <xsd:maxLength value="30"/>
                            </xsd:restriction>
                          </xsd:simpleType>
                        </xsd:element>
                        <xsd:element name="LegalStatusCode" form="unqualified" minOccurs="0">
                          <xsd:simpleType>
                            <xsd:restriction base="xsd:string">
                              <xsd:maxLength value="3"/>
                            </xsd:restriction>
                          </xsd:simpleType>
                        </xsd:element>
                        <xsd:element name="LegalStatusLabel" form="unqualified" minOccurs="0">
                          <xsd:simpleType>
                            <xsd:restriction base="xsd:string">
                              <xsd:maxLength value="30"/>
                            </xsd:restriction>
                          </xsd:simpleType>
                        </xsd:element>
                        <xsd:element name="AdministrativeStatusCode" form="unqualified" minOccurs="0">
                          <xsd:simpleType>
                            <xsd:restriction base="xsd:string">
                              <xsd:maxLength value="3"/>
                            </xsd:restriction>
                          </xsd:simpleType>
                        </xsd:element>
                        <xsd:element name="AdministrativeStatusLabel" form="unqualified" minOccurs="0">
                          <xsd:simpleType>
                            <xsd:restriction base="xsd:string">
                              <xsd:maxLength value="30"/>
                            </xsd:restriction>
                          </xsd:simpleType>
                        </xsd:element>
                        <xsd:element name="LanguageCode" form="unqualified" minOccurs="0">
                          <xsd:annotation>
                            <xsd:documentation xml:lang="en">Certificate language: 1 (Francais), 2 (Nederlands) or 3 (Deutsch)</xsd:documentation>
                          </xsd:annotation>
                          <xsd:simpleType>
                            <xsd:restriction base="xsd:integer">
                              <xsd:totalDigits value="1"/>
                            </xsd:restriction>
                          </xsd:simpleType>
                        </xsd:element>
                      </xsd:sequence>
                    </xsd:complexType>
                  </xsd:element>
                  <xsd:element name="ExportGrIInsurance" form="unqualified" minOccurs="0">
                    <xsd:complexType>
                      <xsd:sequence>
                        <xsd:element name="Code" form="unqualified">
                          <xsd:annotation>
                            <xsd:documentation xml:lang="en">Insurance company number</xsd:documentation>
                          </xsd:annotation>
                          <xsd:simpleType>
                            <xsd:restriction base="xsd:string">
                              <xsd:maxLength value="10"/>
                            </xsd:restriction>
                          </xsd:simpleType>
                        </xsd:element>
                        <xsd:element name="CompanyName" form="unqualified">
                          <xsd:simpleType>
                            <xsd:restriction base="xsd:string">
                              <xsd:maxLength value="80"/>
                            </xsd:restriction>
                          </xsd:simpleType>
                        </xsd:element>
                      </xsd:sequence>
                    </xsd:complexType>
                  </xsd:element>
                  <xsd:element name="ExportGrIVehicle" form="unqualified">
                    <xsd:complexType>
                      <xsd:sequence>
                        <xsd:element name="Vin" form="unqualified">
                          <xsd:annotation>
                            <xsd:documentation xml:lang="en">Vehicle Identification Number or Chassisnumber</xsd:documentation>
                          </xsd:annotation>
                          <xsd:simpleType>
                            <xsd:restriction base="xsd:string">
                              <xsd:maxLength value="17"/>
                            </xsd:restriction>
                          </xsd:simpleType>
                        </xsd:element>
                        <xsd:element name="Unifier" form="unqualified">
                          <xsd:annotation>
                            <xsd:documentation xml:lang="en">A code to make a unique VIN number</xsd:documentation>
                          </xsd:annotation>
                          <xsd:simpleType>
                            <xsd:restriction base="xsd:string">
                              <xsd:maxLength value="2"/>
                            </xsd:restriction>
                          </xsd:simpleType>
                        </xsd:element>
                        <xsd:element name="CategoryCode" form="unqualified">
                          <xsd:annotation>
                            <xsd:documentation xml:lang="en">European category code</xsd:documentation>
                          </xsd:annotation>
                          <xsd:simpleType>
                            <xsd:restriction base="xsd:string">
                              <xsd:maxLength value="10"/>
                            </xsd:restriction>
                          </xsd:simpleType>
                        </xsd:element>
                        <xsd:element name="CategoryLabel" form="unqualified">
                          <xsd:annotation>
                            <xsd:documentation xml:lang="en">European category description</xsd:documentation>
                          </xsd:annotation>
                          <xsd:simpleType>
                            <xsd:restriction base="xsd:string">
                              <xsd:maxLength value="100"/>
                            </xsd:restriction>
                          </xsd:simpleType>
                        </xsd:element>
                        <xsd:element name="BodyworktypeCode" form="unqualified">
                          <xsd:annotation>
                            <xsd:documentation xml:lang="en">European code for bodywork type</xsd:documentation>
                          </xsd:annotation>
                          <xsd:simpleType>
                            <xsd:restriction base="xsd:string">
                              <xsd:maxLength value="2"/>
                            </xsd:restriction>
                          </xsd:simpleType>
                        </xsd:element>
                        <xsd:element name="BodyworktypeLabel" form="unqualified">
                          <xsd:annotation>
                            <xsd:documentation xml:lang="en">Description for the european code for bodywork type</xsd:documentation>
                          </xsd:annotation>
                          <xsd:simpleType>
                            <xsd:restriction base="xsd:string">
                              <xsd:maxLength value="30"/>
                            </xsd:restriction>
                          </xsd:simpleType>
                        </xsd:element>
                        <xsd:element name="CommercialName" form="unqualified">
                          <xsd:annotation>
                            <xsd:documentation xml:lang="en">Commercial name of vehicle (CoC 2.0.1)</xsd:documentation>
                          </xsd:annotation>
                          <xsd:simpleType>
                            <xsd:restriction base="xsd:string">
                              <xsd:maxLength value="60"/>
                            </xsd:restriction>
                          </xsd:simpleType>
                        </xsd:element>
                        <xsd:element name="MakeName" form="unqualified">
                          <xsd:annotation>
                            <xsd:documentation xml:lang="en">Make name</xsd:documentation>
                          </xsd:annotation>
                          <xsd:simpleType>
                            <xsd:restriction base="xsd:string">
                              <xsd:maxLength value="20"/>
                            </xsd:restriction>
                          </xsd:simpleType>
                        </xsd:element>
                        <xsd:element name="KindCode" form="unqualified">
                          <xsd:annotation>
                            <xsd:documentation xml:lang="en">Vehicle kind code</xsd:documentation>
                          </xsd:annotation>
                          <xsd:simpleType>
                            <xsd:restriction base="xsd:string">
                              <xsd:maxLength value="2"/>
                            </xsd:restriction>
                          </xsd:simpleType>
                        </xsd:element>
                        <xsd:element name="KindLabel" form="unqualified">
                          <xsd:annotation>
                            <xsd:documentation xml:lang="en">Vehicle kind description</xsd:documentation>
                          </xsd:annotation>
                          <xsd:simpleType>
                            <xsd:restriction base="xsd:string">
                              <xsd:maxLength value="30"/>
                            </xsd:restriction>
                          </xsd:simpleType>
                        </xsd:element>
                        <xsd:element name="FuelCode" form="unqualified">
                          <xsd:annotation>
                            <xsd:documentation xml:lang="en">Fuel code</xsd:documentation>
                          </xsd:annotation>
                          <xsd:simpleType>
                            <xsd:restriction base="xsd:string">
                              <xsd:maxLength value="2"/>
                            </xsd:restriction>
                          </xsd:simpleType>
                        </xsd:element>
                        <xsd:element name="FuelLabel" form="unqualified">
                          <xsd:annotation>
                            <xsd:documentation xml:lang="en">Fuel description</xsd:documentation>
                          </xsd:annotation>
                          <xsd:simpleType>
                            <xsd:restriction base="xsd:string">
                              <xsd:maxLength value="30"/>
                            </xsd:restriction>
                          </xsd:simpleType>
                        </xsd:element>
                        <xsd:element name="EuroNormCode" form="unqualified">
                          <xsd:annotation>
                            <xsd:documentation xml:lang="en">Euronorm</xsd:documentation>
                          </xsd:annotation>
                          <xsd:simpleType>
                            <xsd:restriction base="xsd:string">
                              <xsd:maxLength value="3"/>
                            </xsd:restriction>
                          </xsd:simpleType>
                        </xsd:element>
                        <xsd:element name="BuildDate" form="unqualified" minOccurs="0">
                          <xsd:annotation>
                            <xsd:documentation xml:lang="en">Vehicle build date</xsd:documentation>
                          </xsd:annotation>
                          <xsd:simpleType>
                            <xsd:restriction base="xsd:integer">
                              <xsd:totalDigits value="8"/>
                            </xsd:restriction>
                          </xsd:simpleType>
                        </xsd:element>
                        <xsd:element name="FirstRegistrationDate" form="unqualified">
                          <xsd:annotation>
                            <xsd:documentation xml:lang="en">Vehicle first registration date (the first time a plate was assigned to it)</xsd:documentation>
                          </xsd:annotation>
                          <xsd:simpleType>
                            <xsd:restriction base="xsd:integer">
                              <xsd:totalDigits value="8"/>
                            </xsd:restriction>
                          </xsd:simpleType>
                        </xsd:element>
                        <xsd:element name="TotalCylinderCapacity" form="unqualified" minOccurs="0">
                          <xsd:annotation>
                            <xsd:documentation xml:lang="en">Vehicle cylinder (cc)</xsd:documentation>
                          </xsd:annotation>
                          <xsd:simpleType>
                            <xsd:restriction base="xsd:integer">
                              <xsd:totalDigits value="5"/>
                            </xsd:restriction>
                          </xsd:simpleType>
                        </xsd:element>
                        <xsd:element name="StatusCode" form="unqualified" minOccurs="0">
                          <xsd:annotation>
                            <xsd:documentation xml:lang="en">Vehicle life cycle status</xsd:documentation>
                          </xsd:annotation>
                          <xsd:simpleType>
                            <xsd:restriction base="xsd:string">
                              <xsd:maxLength value="3"/>
                            </xsd:restriction>
                          </xsd:simpleType>
                        </xsd:element>
                        <xsd:element name="StatusLabel" form="unqualified" minOccurs="0">
                          <xsd:annotation>
                            <xsd:documentation xml:lang="en">Description of the vehicle life cycle status</xsd:documentation>
                          </xsd:annotation>
                          <xsd:simpleType>
                            <xsd:restriction base="xsd:string">
                              <xsd:maxLength value="30"/>
                            </xsd:restriction>
                          </xsd:simpleType>
                        </xsd:element>
                        <xsd:element name="LegalStatusCode" form="unqualified" minOccurs="0">
                          <xsd:annotation>
                            <xsd:documentation xml:lang="en">Vehicle legal status</xsd:documentation>
                          </xsd:annotation>
                          <xsd:simpleType>
                            <xsd:restriction base="xsd:string">
                              <xsd:maxLength value="3"/>
                            </xsd:restriction>
                          </xsd:simpleType>
                        </xsd:element>
                        <xsd:element name="LegalStatusLabel" form="unqualified" minOccurs="0">
                          <xsd:annotation>
                            <xsd:documentation xml:lang="en">Description of the vehicle legal status</xsd:documentation>
                          </xsd:annotation>
                          <xsd:simpleType>
                            <xsd:restriction base="xsd:string">
                              <xsd:maxLength value="30"/>
                            </xsd:restriction>
                          </xsd:simpleType>
                        </xsd:element>
                        <xsd:element name="AdministrativeStatusCode" form="unqualified" minOccurs="0">
                          <xsd:annotation>
                            <xsd:documentation xml:lang="en">Vehicle administrative status</xsd:documentation>
                          </xsd:annotation>
                          <xsd:simpleType>
                            <xsd:restriction base="xsd:string">
                              <xsd:maxLength value="3"/>
                            </xsd:restriction>
                          </xsd:simpleType>
                        </xsd:element>
                        <xsd:element name="AdministrativeStatusLabel" form="unqualified" minOccurs="0">
                          <xsd:annotation>
                            <xsd:documentation xml:lang="en">Description of the vehicle administrative status</xsd:documentation>
                          </xsd:annotation>
                          <xsd:simpleType>
                            <xsd:restriction base="xsd:string">
                              <xsd:maxLength value="30"/>
                            </xsd:restriction>
                          </xsd:simpleType>
                        </xsd:element>
                      </xsd:sequence>
                    </xsd:complexType>
                  </xsd:element>
                </xsd:sequence>
              </xsd:complexType>
            </xsd:element>
          </xsd:sequence>
        </xsd:complexType>
      </xsd:element>
    </xsd:sequence>
  </xsd:complexType>
  <xsd:complexType name="VehicleInformationRequestType">
    <xsd:annotation>
      <xsd:documentation>The vehicle whose information is requested.</xsd:documentation>
    </xsd:annotation>
    <xsd:sequence>
      <xsd:element name="Vin" form="unqualified" minOccurs="0">
        <xsd:annotation>
          <xsd:documentation xml:lang="en">Vehicle Identification Number or Chassisnumber</xsd:documentation>
        </xsd:annotation>
        <xsd:simpleType>
          <xsd:restriction base="xsd:string">
            <xsd:maxLength value="17"/>
          </xsd:restriction>
        </xsd:simpleType>
      </xsd:element>
      <xsd:element name="Unifier" form="unqualified" minOccurs="0">
        <xsd:annotation>
          <xsd:documentation xml:lang="en">A code to make a unique VIN number</xsd:documentation>
        </xsd:annotation>
        <xsd:simpleType>
          <xsd:restriction base="xsd:string">
            <xsd:maxLength value="2"/>
          </xsd:restriction>
        </xsd:simpleType>
      </xsd:element>
      <xsd:element name="LanguageCode" form="unqualified" minOccurs="0">
        <xsd:annotation>
          <xsd:documentation xml:lang="en">Language of the CIM: 1 (Francais), 2 (Nederlands) or 3 (Deutsch)</xsd:documentation>
        </xsd:annotation>
        <xsd:simpleType>
          <xsd:restriction base="xsd:integer">
            <xsd:totalDigits value="1"/>
          </xsd:restriction>
        </xsd:simpleType>
      </xsd:element>
    </xsd:sequence>
  </xsd:complexType>
  <xsd:complexType name="VehicleInformationResponseType">
    <xsd:sequence>
      <xsd:element name="ExportIKeys" form="unqualified">
        <xsd:complexType>
          <xsd:sequence>
            <xsd:element name="Vin" form="unqualified">
              <xsd:annotation>
                <xsd:documentation xml:lang="en">Vehicle Identification Number or Chassisnumber</xsd:documentation>
              </xsd:annotation>
              <xsd:simpleType>
                <xsd:restriction base="xsd:string">
                  <xsd:maxLength value="17"/>
                </xsd:restriction>
              </xsd:simpleType>
            </xsd:element>
            <xsd:element name="Unifier" form="unqualified">
              <xsd:annotation>
                <xsd:documentation xml:lang="en">A code to make a unique VIN number</xsd:documentation>
              </xsd:annotation>
              <xsd:simpleType>
                <xsd:restriction base="xsd:string">
                  <xsd:maxLength value="2"/>
                </xsd:restriction>
              </xsd:simpleType>
            </xsd:element>
            <xsd:element name="LanguageCode" form="unqualified">
              <xsd:annotation>
                <xsd:documentation xml:lang="en">Language of the CIM  
										1: Francais  
										2: Nederlands  
										3: Deutsch</xsd:documentation>
              </xsd:annotation>
              <xsd:simpleType>
                <xsd:restriction base="xsd:integer">
                  <xsd:totalDigits value="1"/>
                </xsd:restriction>
              </xsd:simpleType>
            </xsd:element>
          </xsd:sequence>
        </xsd:complexType>
      </xsd:element>
      <xsd:element name="ExportIMessage" form="unqualified">
        <xsd:complexType>
          <xsd:sequence>
            <xsd:element name="Code" form="unqualified">
              <xsd:annotation>
                <xsd:documentation xml:lang="en">An error code</xsd:documentation>
              </xsd:annotation>
              <xsd:simpleType>
                <xsd:restriction base="xsd:string">
                  <xsd:maxLength value="7"/>
                </xsd:restriction>
              </xsd:simpleType>
            </xsd:element>
            <xsd:element name="Label" form="unqualified">
              <xsd:annotation>
                <xsd:documentation xml:lang="en">The error code description</xsd:documentation>
              </xsd:annotation>
              <xsd:simpleType>
                <xsd:restriction base="xsd:string">
                  <xsd:maxLength value="255"/>
                </xsd:restriction>
              </xsd:simpleType>
            </xsd:element>
          </xsd:sequence>
        </xsd:complexType>
      </xsd:element>
      <xsd:element name="ExportIVehicle" form="unqualified">
        <xsd:complexType>
          <xsd:sequence>
            <xsd:element name="Vin" form="unqualified">
              <xsd:annotation>
                <xsd:documentation xml:lang="en">Vehicle Identification Number or Chassisnumber</xsd:documentation>
              </xsd:annotation>
              <xsd:simpleType>
                <xsd:restriction base="xsd:string">
                  <xsd:maxLength value="17"/>
                </xsd:restriction>
              </xsd:simpleType>
            </xsd:element>
            <xsd:element name="Unifier" form="unqualified">
              <xsd:annotation>
                <xsd:documentation xml:lang="en">A code to make a unique VIN number</xsd:documentation>
              </xsd:annotation>
              <xsd:simpleType>
                <xsd:restriction base="xsd:string">
                  <xsd:maxLength value="2"/>
                </xsd:restriction>
              </xsd:simpleType>
            </xsd:element>
            <xsd:element name="Wvta" form="unqualified">
              <xsd:annotation>
                <xsd:documentation xml:lang="en">European type approval</xsd:documentation>
              </xsd:annotation>
              <xsd:simpleType>
                <xsd:restriction base="xsd:string">
                  <xsd:maxLength value="40"/>
                </xsd:restriction>
              </xsd:simpleType>
            </xsd:element>
            <xsd:element name="Variant" form="unqualified">
              <xsd:annotation>
                <xsd:documentation xml:lang="en">Vehicle variant of the european approval</xsd:documentation>
              </xsd:annotation>
              <xsd:simpleType>
                <xsd:restriction base="xsd:string">
                  <xsd:maxLength value="25"/>
                </xsd:restriction>
              </xsd:simpleType>
            </xsd:element>
            <xsd:element name="Version" form="unqualified">
              <xsd:annotation>
                <xsd:documentation xml:lang="en">Vehicle version of the european approval</xsd:documentation>
              </xsd:annotation>
              <xsd:simpleType>
                <xsd:restriction base="xsd:string">
                  <xsd:maxLength value="35"/>
                </xsd:restriction>
              </xsd:simpleType>
            </xsd:element>
            <xsd:element name="Revision" form="unqualified">
              <xsd:annotation>
                <xsd:documentation xml:lang="en">Revision of the european approval</xsd:documentation>
              </xsd:annotation>
              <xsd:simpleType>
                <xsd:restriction base="xsd:integer">
                  <xsd:totalDigits value="2"/>
                </xsd:restriction>
              </xsd:simpleType>
            </xsd:element>
            <xsd:element name="Type" form="unqualified">
              <xsd:annotation>
                <xsd:documentation xml:lang="en">type of the european approval</xsd:documentation>
              </xsd:annotation>
              <xsd:simpleType>
                <xsd:restriction base="xsd:string">
                  <xsd:maxLength value="25"/>
                </xsd:restriction>
              </xsd:simpleType>
            </xsd:element>
            <xsd:element name="PvaBelgium" form="unqualified">
              <xsd:annotation>
                <xsd:documentation xml:lang="en">Belgian national approval</xsd:documentation>
              </xsd:annotation>
              <xsd:simpleType>
                <xsd:restriction base="xsd:string">
                  <xsd:maxLength value="6"/>
                </xsd:restriction>
              </xsd:simpleType>
            </xsd:element>
            <xsd:element name="FirstRegistrationDate" form="unqualified">
              <xsd:annotation>
                <xsd:documentation xml:lang="en">Vehicle first registration date (the first time a plate was assigned to it)</xsd:documentation>
              </xsd:annotation>
              <xsd:simpleType>
                <xsd:restriction base="xsd:integer">
                  <xsd:totalDigits value="8"/>
                </xsd:restriction>
              </xsd:simpleType>
            </xsd:element>
            <xsd:element name="BuildDate" form="unqualified">
              <xsd:annotation>
                <xsd:documentation xml:lang="en">Vehicle build date</xsd:documentation>
              </xsd:annotation>
              <xsd:simpleType>
                <xsd:restriction base="xsd:integer">
                  <xsd:totalDigits value="8"/>
                </xsd:restriction>
              </xsd:simpleType>
            </xsd:element>
            <xsd:element name="CategoryCode" form="unqualified">
              <xsd:annotation>
                <xsd:documentation xml:lang="en">European category code</xsd:documentation>
              </xsd:annotation>
              <xsd:simpleType>
                <xsd:restriction base="xsd:string">
                  <xsd:maxLength value="10"/>
                </xsd:restriction>
              </xsd:simpleType>
            </xsd:element>
            <xsd:element name="CategoryLabel" form="unqualified">
              <xsd:annotation>
                <xsd:documentation xml:lang="en">European category description</xsd:documentation>
              </xsd:annotation>
              <xsd:simpleType>
                <xsd:restriction base="xsd:string">
                  <xsd:maxLength value="100"/>
                </xsd:restriction>
              </xsd:simpleType>
            </xsd:element>
            <xsd:element name="BodyworktypeCode" form="unqualified">
              <xsd:annotation>
                <xsd:documentation xml:lang="en">European code for bodywork type</xsd:documentation>
              </xsd:annotation>
              <xsd:simpleType>
                <xsd:restriction base="xsd:string">
                  <xsd:maxLength value="2"/>
                </xsd:restriction>
              </xsd:simpleType>
            </xsd:element>
            <xsd:element name="BodyworktypeLabel" form="unqualified">
              <xsd:annotation/>
              <xsd:simpleType>
                <xsd:restriction base="xsd:string">
                  <xsd:maxLength value="30"/>
                </xsd:restriction>
              </xsd:simpleType>
            </xsd:element>
            <xsd:element name="KindCode" form="unqualified">
              <xsd:annotation>
                <xsd:documentation xml:lang="en">Vehicle kind code</xsd:documentation>
              </xsd:annotation>
              <xsd:simpleType>
                <xsd:restriction base="xsd:string">
                  <xsd:maxLength value="2"/>
                </xsd:restriction>
              </xsd:simpleType>
            </xsd:element>
            <xsd:element name="KindLabel" form="unqualified">
              <xsd:annotation>
                <xsd:documentation xml:lang="en">Vehicle kind description</xsd:documentation>
              </xsd:annotation>
              <xsd:simpleType>
                <xsd:restriction base="xsd:string">
                  <xsd:maxLength value="30"/>
                </xsd:restriction>
              </xsd:simpleType>
            </xsd:element>
            <xsd:element name="CommercialName" form="unqualified">
              <xsd:annotation>
                <xsd:documentation xml:lang="en">Commercial name of vehicle (CoC 2.0.1)</xsd:documentation>
              </xsd:annotation>
              <xsd:simpleType>
                <xsd:restriction base="xsd:string">
                  <xsd:maxLength value="60"/>
                </xsd:restriction>
              </xsd:simpleType>
            </xsd:element>
            <xsd:element name="MakeDivCode" form="unqualified">
              <xsd:annotation>
                <xsd:documentation xml:lang="en">Code of the make name</xsd:documentation>
              </xsd:annotation>
              <xsd:simpleType>
                <xsd:restriction base="xsd:string">
                  <xsd:maxLength value="4"/>
                </xsd:restriction>
              </xsd:simpleType>
            </xsd:element>
            <xsd:element name="MakeName" form="unqualified">
              <xsd:annotation>
                <xsd:documentation xml:lang="en">Make name</xsd:documentation>
              </xsd:annotation>
              <xsd:simpleType>
                <xsd:restriction base="xsd:string">
                  <xsd:maxLength value="20"/>
                </xsd:restriction>
              </xsd:simpleType>
            </xsd:element>
            <xsd:element name="TypeDivCode" form="unqualified">
              <xsd:annotation>
                <xsd:documentation xml:lang="en">Code of the national type</xsd:documentation>
              </xsd:annotation>
              <xsd:simpleType>
                <xsd:restriction base="xsd:string">
                  <xsd:maxLength value="5"/>
                </xsd:restriction>
              </xsd:simpleType>
            </xsd:element>
            <xsd:element name="MakeTypeDescr" form="unqualified">
              <xsd:annotation>
                <xsd:documentation xml:lang="en">National make and type of the vehicle</xsd:documentation>
              </xsd:annotation>
              <xsd:simpleType>
                <xsd:restriction base="xsd:string">
                  <xsd:maxLength value="60"/>
                </xsd:restriction>
              </xsd:simpleType>
            </xsd:element>
            <xsd:element name="EuroNormCode" form="unqualified">
              <xsd:annotation>
                <xsd:documentation xml:lang="en">Euronorm</xsd:documentation>
              </xsd:annotation>
              <xsd:simpleType>
                <xsd:restriction base="xsd:string">
                  <xsd:maxLength value="3"/>
                </xsd:restriction>
              </xsd:simpleType>
            </xsd:element>
            <xsd:element name="BuildupCode" form="unqualified">
              <xsd:annotation>
                <xsd:documentation xml:lang="en">Vehicle buildup code</xsd:documentation>
              </xsd:annotation>
              <xsd:simpleType>
                <xsd:restriction base="xsd:string">
                  <xsd:maxLength value="2"/>
                </xsd:restriction>
              </xsd:simpleType>
            </xsd:element>
            <xsd:element name="ColourCode" form="unqualified">
              <xsd:annotation>
                <xsd:documentation xml:lang="en">Colour code</xsd:documentation>
              </xsd:annotation>
              <xsd:simpleType>
                <xsd:restriction base="xsd:string">
                  <xsd:maxLength value="2"/>
                </xsd:restriction>
              </xsd:simpleType>
            </xsd:element>
            <xsd:element name="ColourLabel" form="unqualified">
              <xsd:annotation>
                <xsd:documentation xml:lang="en">Colour description</xsd:documentation>
              </xsd:annotation>
              <xsd:simpleType>
                <xsd:restriction base="xsd:string">
                  <xsd:maxLength value="30"/>
                </xsd:restriction>
              </xsd:simpleType>
            </xsd:element>
            <xsd:element name="StatusCode" form="unqualified">
              <xsd:annotation>
                <xsd:documentation xml:lang="en">Vehicle life cycle status</xsd:documentation>
              </xsd:annotation>
              <xsd:simpleType>
                <xsd:restriction base="xsd:string">
                  <xsd:maxLength value="3"/>
                </xsd:restriction>
              </xsd:simpleType>
            </xsd:element>
            <xsd:element name="StatusLabel" form="unqualified">
              <xsd:annotation>
                <xsd:documentation xml:lang="en">Description of the vehicle life cycle status</xsd:documentation>
              </xsd:annotation>
              <xsd:simpleType>
                <xsd:restriction base="xsd:string">
                  <xsd:maxLength value="30"/>
                </xsd:restriction>
              </xsd:simpleType>
            </xsd:element>
            <xsd:element name="LegalStatusCode" form="unqualified">
              <xsd:annotation>
                <xsd:documentation xml:lang="en">Vehicle legal status</xsd:documentation>
              </xsd:annotation>
              <xsd:simpleType>
                <xsd:restriction base="xsd:string">
                  <xsd:maxLength value="3"/>
                </xsd:restriction>
              </xsd:simpleType>
            </xsd:element>
            <xsd:element name="LegalStatusLabel" form="unqualified">
              <xsd:annotation>
                <xsd:documentation xml:lang="en">Description of the vehicle legal status</xsd:documentation>
              </xsd:annotation>
              <xsd:simpleType>
                <xsd:restriction base="xsd:string">
                  <xsd:maxLength value="30"/>
                </xsd:restriction>
              </xsd:simpleType>
            </xsd:element>
            <xsd:element name="AdministrativeStatusCode" form="unqualified">
              <xsd:annotation>
                <xsd:documentation xml:lang="en">Vehicle administrative status</xsd:documentation>
              </xsd:annotation>
              <xsd:simpleType>
                <xsd:restriction base="xsd:string">
                  <xsd:maxLength value="3"/>
                </xsd:restriction>
              </xsd:simpleType>
            </xsd:element>
            <xsd:element name="AdministrativeStatusLabel" form="unqualified">
              <xsd:annotation>
                <xsd:documentation xml:lang="en">Description of the vehicle administrative status</xsd:documentation>
              </xsd:annotation>
              <xsd:simpleType>
                <xsd:restriction base="xsd:string">
                  <xsd:maxLength value="30"/>
                </xsd:restriction>
              </xsd:simpleType>
            </xsd:element>
            <xsd:element name="OffRoad" form="unqualified">
              <xsd:annotation>
                <xsd:documentation xml:lang="en">'G' value if the vehicle is an 'off-road'; no values in other cases.</xsd:documentation>
              </xsd:annotation>
              <xsd:simpleType>
                <xsd:restriction base="xsd:string">
                  <xsd:maxLength value="1"/>
                </xsd:restriction>
              </xsd:simpleType>
            </xsd:element>
            <xsd:element name="Configuration" form="unqualified">
              <xsd:annotation>
                <xsd:documentation xml:lang="en">Configuration of the vehicle (Pick-up,...)</xsd:documentation>
              </xsd:annotation>
              <xsd:simpleType>
                <xsd:restriction base="xsd:string">
                  <xsd:maxLength value="2"/>
                </xsd:restriction>
              </xsd:simpleType>
            </xsd:element>
            <xsd:element name="TankContent" form="unqualified">
              <xsd:annotation>
                <xsd:documentation xml:lang="en">Tank content</xsd:documentation>
              </xsd:annotation>
              <xsd:simpleType>
                <xsd:restriction base="xsd:integer">
                  <xsd:totalDigits value="6"/>
                </xsd:restriction>
              </xsd:simpleType>
            </xsd:element>
            <xsd:element name="FuelCode" form="unqualified">
              <xsd:annotation>
                <xsd:documentation xml:lang="en">Fuel code</xsd:documentation>
              </xsd:annotation>
              <xsd:simpleType>
                <xsd:restriction base="xsd:string">
                  <xsd:maxLength value="2"/>
                </xsd:restriction>
              </xsd:simpleType>
            </xsd:element>
            <xsd:element name="FuelLabel" form="unqualified">
              <xsd:annotation>
                <xsd:documentation xml:lang="en">Fuel description</xsd:documentation>
              </xsd:annotation>
              <xsd:simpleType>
                <xsd:restriction base="xsd:string">
                  <xsd:maxLength value="30"/>
                </xsd:restriction>
              </xsd:simpleType>
            </xsd:element>
            <xsd:element name="TotalAxles" form="unqualified">
              <xsd:annotation>
                <xsd:documentation xml:lang="en">Number of the total axles</xsd:documentation>
              </xsd:annotation>
              <xsd:simpleType>
                <xsd:restriction base="xsd:integer">
                  <xsd:totalDigits value="2"/>
                </xsd:restriction>
              </xsd:simpleType>
            </xsd:element>
            <xsd:element name="PoweredAxles" form="unqualified">
              <xsd:annotation>
                <xsd:documentation xml:lang="en">Number of the powered axles</xsd:documentation>
              </xsd:annotation>
              <xsd:simpleType>
                <xsd:restriction base="xsd:integer">
                  <xsd:totalDigits value="1"/>
                </xsd:restriction>
              </xsd:simpleType>
            </xsd:element>
            <xsd:element name="NumberOfSeats" form="unqualified">
              <xsd:annotation>
                <xsd:documentation xml:lang="en">Number of seats</xsd:documentation>
              </xsd:annotation>
              <xsd:simpleType>
                <xsd:restriction base="xsd:integer">
                  <xsd:totalDigits value="3"/>
                </xsd:restriction>
              </xsd:simpleType>
            </xsd:element>
            <xsd:element name="NumberOfStandingPlaces" form="unqualified">
              <xsd:annotation>
                <xsd:documentation xml:lang="en">Number of standing places</xsd:documentation>
              </xsd:annotation>
              <xsd:simpleType>
                <xsd:restriction base="xsd:integer">
                  <xsd:totalDigits value="3"/>
                </xsd:restriction>
              </xsd:simpleType>
            </xsd:element>
            <xsd:element name="NumberOfFrontPlaces" form="unqualified">
              <xsd:annotation>
                <xsd:documentation xml:lang="en">Number of front places</xsd:documentation>
              </xsd:annotation>
              <xsd:simpleType>
                <xsd:restriction base="xsd:integer">
                  <xsd:totalDigits value="2"/>
                </xsd:restriction>
              </xsd:simpleType>
            </xsd:element>
            <xsd:element name="NumberOfRearPlaces" form="unqualified">
              <xsd:annotation>
                <xsd:documentation xml:lang="en">Number of read places</xsd:documentation>
              </xsd:annotation>
              <xsd:simpleType>
                <xsd:restriction base="xsd:integer">
                  <xsd:totalDigits value="2"/>
                </xsd:restriction>
              </xsd:simpleType>
            </xsd:element>
            <xsd:element name="NumberOfTotalPlaces" form="unqualified">
              <xsd:annotation>
                <xsd:documentation xml:lang="en">Number of total places</xsd:documentation>
              </xsd:annotation>
              <xsd:simpleType>
                <xsd:restriction base="xsd:integer">
                  <xsd:totalDigits value="3"/>
                </xsd:restriction>
              </xsd:simpleType>
            </xsd:element>
            <xsd:element name="Length" form="unqualified">
              <xsd:annotation>
                <xsd:documentation xml:lang="en">Vehicle length (cm)</xsd:documentation>
              </xsd:annotation>
              <xsd:simpleType>
                <xsd:restriction base="xsd:integer">
                  <xsd:totalDigits value="6"/>
                </xsd:restriction>
              </xsd:simpleType>
            </xsd:element>
            <xsd:element name="Width" form="unqualified">
              <xsd:annotation>
                <xsd:documentation xml:lang="en">Vehicle width(cm)</xsd:documentation>
              </xsd:annotation>
              <xsd:simpleType>
                <xsd:restriction base="xsd:integer">
                  <xsd:totalDigits value="6"/>
                </xsd:restriction>
              </xsd:simpleType>
            </xsd:element>
            <xsd:element name="Height" form="unqualified">
              <xsd:annotation>
                <xsd:documentation xml:lang="en">Vehicle height(cm)</xsd:documentation>
              </xsd:annotation>
              <xsd:simpleType>
                <xsd:restriction base="xsd:integer">
                  <xsd:totalDigits value="6"/>
                </xsd:restriction>
              </xsd:simpleType>
            </xsd:element>
            <xsd:element name="Tare" form="unqualified">
              <xsd:annotation>
                <xsd:documentation xml:lang="en">Vehicle tare (kg)</xsd:documentation>
              </xsd:annotation>
              <xsd:simpleType>
                <xsd:restriction base="xsd:integer">
                  <xsd:totalDigits value="6"/>
                </xsd:restriction>
              </xsd:simpleType>
            </xsd:element>
            <xsd:element name="MassOnCoupling" form="unqualified">
              <xsd:annotation>
                <xsd:documentation xml:lang="en">Mass on coupling (kg)</xsd:documentation>
              </xsd:annotation>
              <xsd:simpleType>
                <xsd:restriction base="xsd:integer">
                  <xsd:totalDigits value="6"/>
                </xsd:restriction>
              </xsd:simpleType>
            </xsd:element>
            <xsd:element name="MassInRunningOrder" form="unqualified">
              <xsd:annotation>
                <xsd:documentation xml:lang="en">Mass in running order (kg)</xsd:documentation>
              </xsd:annotation>
              <xsd:simpleType>
                <xsd:restriction base="xsd:integer">
                  <xsd:totalDigits value="6"/>
                </xsd:restriction>
              </xsd:simpleType>
            </xsd:element>
            <xsd:element name="MaxMassOnAxles" form="unqualified">
              <xsd:annotation>
                <xsd:documentation xml:lang="en">Mass on axles (kg)</xsd:documentation>
              </xsd:annotation>
              <xsd:simpleType>
                <xsd:restriction base="xsd:integer">
                  <xsd:totalDigits value="6"/>
                </xsd:restriction>
              </xsd:simpleType>
            </xsd:element>
            <xsd:element name="MaxMassTrailerCombination" form="unqualified">
              <xsd:annotation>
                <xsd:documentation xml:lang="en">Mass of the trailer combination (kg)</xsd:documentation>
              </xsd:annotation>
              <xsd:simpleType>
                <xsd:restriction base="xsd:integer">
                  <xsd:totalDigits value="6"/>
                </xsd:restriction>
              </xsd:simpleType>
            </xsd:element>
            <xsd:element name="TechnicPermissibleMaxMass" form="unqualified">
              <xsd:annotation>
                <xsd:documentation xml:lang="en">Maximal mass (kg)</xsd:documentation>
              </xsd:annotation>
              <xsd:simpleType>
                <xsd:restriction base="xsd:integer">
                  <xsd:totalDigits value="6"/>
                </xsd:restriction>
              </xsd:simpleType>
            </xsd:element>
            <xsd:element name="MmaNational" form="unqualified">
              <xsd:annotation>
                <xsd:documentation xml:lang="en">National maximal mass (kg) (the F2 mass)</xsd:documentation>
              </xsd:annotation>
              <xsd:simpleType>
                <xsd:restriction base="xsd:integer">
                  <xsd:totalDigits value="6"/>
                </xsd:restriction>
              </xsd:simpleType>
            </xsd:element>
            <xsd:element name="LoadWheelbaseRatio" form="unqualified">
              <xsd:annotation>
                <xsd:documentation xml:lang="en">Load wheelbase ratio</xsd:documentation>
              </xsd:annotation>
              <xsd:simpleType>
                <xsd:restriction base="xsd:string">
                  <xsd:maxLength value="2"/>
                </xsd:restriction>
              </xsd:simpleType>
            </xsd:element>
            <xsd:element name="SuspensionCode" form="unqualified">
              <xsd:annotation>
                <xsd:documentation xml:lang="en">Suspension code</xsd:documentation>
              </xsd:annotation>
              <xsd:simpleType>
                <xsd:restriction base="xsd:string">
                  <xsd:maxLength value="1"/>
                </xsd:restriction>
              </xsd:simpleType>
            </xsd:element>
            <xsd:element name="SuspensionLabel" form="unqualified">
              <xsd:annotation>
                <xsd:documentation xml:lang="en">DEF: this attribute represents the label of the parameter in one of the available languages.</xsd:documentation>
              </xsd:annotation>
              <xsd:simpleType>
                <xsd:restriction base="xsd:string">
                  <xsd:maxLength value="100"/>
                </xsd:restriction>
              </xsd:simpleType>
            </xsd:element>
            <xsd:element name="ConnectModeCode" form="unqualified">
              <xsd:annotation>
                <xsd:documentation xml:lang="en">Code of the connect mode</xsd:documentation>
              </xsd:annotation>
              <xsd:simpleType>
                <xsd:restriction base="xsd:string">
                  <xsd:maxLength value="2"/>
                </xsd:restriction>
              </xsd:simpleType>
            </xsd:element>
            <xsd:element name="ConnectModeLabel" form="unqualified">
              <xsd:annotation>
                <xsd:documentation xml:lang="en">DEF: this attribute represents the label of the parameter in one of the available languages.</xsd:documentation>
              </xsd:annotation>
              <xsd:simpleType>
                <xsd:restriction base="xsd:string">
                  <xsd:maxLength value="50"/>
                </xsd:restriction>
              </xsd:simpleType>
            </xsd:element>
            <xsd:element name="TotalCylinderCapacity" form="unqualified">
              <xsd:annotation>
                <xsd:documentation xml:lang="en">Vehicle cylinder (cc)</xsd:documentation>
              </xsd:annotation>
              <xsd:simpleType>
                <xsd:restriction base="xsd:integer">
                  <xsd:totalDigits value="5"/>
                </xsd:restriction>
              </xsd:simpleType>
            </xsd:element>
            <xsd:element name="MaximumNetPowerRpm" form="unqualified">
              <xsd:annotation>
                <xsd:documentation xml:lang="en">Engine speed when the power is maximum</xsd:documentation>
              </xsd:annotation>
              <xsd:simpleType>
                <xsd:restriction base="xsd:integer">
                  <xsd:totalDigits value="6"/>
                </xsd:restriction>
              </xsd:simpleType>
            </xsd:element>
            <xsd:element name="WeightPowerRatio" form="unqualified">
              <xsd:annotation>
                <xsd:documentation xml:lang="en">Weight power ratio</xsd:documentation>
              </xsd:annotation>
              <xsd:simpleType>
                <xsd:restriction base="xsd:decimal">
                  <xsd:totalDigits value="6"/>
                  <xsd:fractionDigits value="3"/>
                </xsd:restriction>
              </xsd:simpleType>
            </xsd:element>
            <xsd:element name="MaxNetPower" form="unqualified">
              <xsd:annotation>
                <xsd:documentation xml:lang="en">Maximum vehicle power (kW)</xsd:documentation>
              </xsd:annotation>
              <xsd:simpleType>
                <xsd:restriction base="xsd:decimal">
                  <xsd:totalDigits value="6"/>
                  <xsd:fractionDigits value="2"/>
                </xsd:restriction>
              </xsd:simpleType>
            </xsd:element>
            <xsd:element name="MaxSpeed" form="unqualified">
              <xsd:annotation>
                <xsd:documentation xml:lang="en">Vehicle max spedd (km/h or miles/h)</xsd:documentation>
              </xsd:annotation>
              <xsd:simpleType>
                <xsd:restriction base="xsd:integer">
                  <xsd:totalDigits value="6"/>
                </xsd:restriction>
              </xsd:simpleType>
            </xsd:element>
            <xsd:element name="HandicCarFlag" form="unqualified">
              <xsd:annotation>
                <xsd:documentation xml:lang="en">Indication if the vehicle is an handic car</xsd:documentation>
              </xsd:annotation>
              <xsd:simpleType>
                <xsd:restriction base="xsd:string">
                  <xsd:maxLength value="1"/>
                </xsd:restriction>
              </xsd:simpleType>
            </xsd:element>
            <xsd:element name="TachoFlag" default="Y" form="unqualified">
              <xsd:annotation>
                <xsd:documentation xml:lang="en">Indication if the vehicle has a tachograph</xsd:documentation>
              </xsd:annotation>
              <xsd:simpleType>
                <xsd:restriction base="xsd:string">
                  <xsd:maxLength value="1"/>
                </xsd:restriction>
              </xsd:simpleType>
            </xsd:element>
            <xsd:element name="EngineId" form="unqualified">
              <xsd:simpleType>
                <xsd:restriction base="xsd:string">
                  <xsd:maxLength value="15"/>
                </xsd:restriction>
              </xsd:simpleType>
            </xsd:element>
            <xsd:element name="CustomsStickerCode" form="unqualified">
              <xsd:annotation>
                <xsd:documentation xml:lang="en">Customs sticker code</xsd:documentation>
              </xsd:annotation>
              <xsd:simpleType>
                <xsd:restriction base="xsd:string">
                  <xsd:maxLength value="1"/>
                </xsd:restriction>
              </xsd:simpleType>
            </xsd:element>
            <xsd:element name="Co2Combined" form="unqualified">
              <xsd:annotation>
                <xsd:documentation xml:lang="en">CO2 combined</xsd:documentation>
              </xsd:annotation>
              <xsd:simpleType>
                <xsd:restriction base="xsd:integer">
                  <xsd:totalDigits value="4"/>
                </xsd:restriction>
              </xsd:simpleType>
            </xsd:element>
            <xsd:element name="FuelConsumptionCombined" form="unqualified">
              <xsd:annotation>
                <xsd:documentation xml:lang="en">DEF: Consommation de carburant dans les conditions mixtes (l/100km)</xsd:documentation>
              </xsd:annotation>
              <xsd:simpleType>
                <xsd:restriction base="xsd:integer">
                  <xsd:totalDigits value="4"/>
                </xsd:restriction>
              </xsd:simpleType>
            </xsd:element>
            <xsd:element name="CounterType" form="unqualified">
              <xsd:annotation>
                <xsd:documentation xml:lang="en">Number of digit on the counter (5 or 6)</xsd:documentation>
              </xsd:annotation>
              <xsd:simpleType>
                <xsd:restriction base="xsd:string">
                  <xsd:maxLength value="1"/>
                </xsd:restriction>
              </xsd:simpleType>
            </xsd:element>
            <xsd:element name="DistanceType" form="unqualified">
              <xsd:annotation>
                <xsd:documentation xml:lang="en">Distance using in the vehicle: K (km) or M (miles)</xsd:documentation>
              </xsd:annotation>
              <xsd:simpleType>
                <xsd:restriction base="xsd:string">
                  <xsd:maxLength value="1"/>
                </xsd:restriction>
              </xsd:simpleType>
            </xsd:element>
            <xsd:element name="PreviousDistance" form="unqualified">
              <xsd:annotation>
                <xsd:documentation xml:lang="en">Previous distance</xsd:documentation>
              </xsd:annotation>
              <xsd:simpleType>
                <xsd:restriction base="xsd:integer">
                  <xsd:totalDigits value="7"/>
                </xsd:restriction>
              </xsd:simpleType>
            </xsd:element>
            <xsd:element name="CurrentDistance" form="unqualified">
              <xsd:annotation>
                <xsd:documentation xml:lang="en">Vehicle current distance</xsd:documentation>
              </xsd:annotation>
              <xsd:simpleType>
                <xsd:restriction base="xsd:integer">
                  <xsd:totalDigits value="7"/>
                </xsd:restriction>
              </xsd:simpleType>
            </xsd:element>
            <xsd:element name="DemolishedCode" form="unqualified">
              <xsd:annotation>
                <xsd:documentation xml:lang="en">Vehicle demolished code:  
0: demolished by a non-approved center  
1: demolished by an approved center</xsd:documentation>
              </xsd:annotation>
              <xsd:simpleType>
                <xsd:restriction base="xsd:string">
                  <xsd:maxLength value="1"/>
                </xsd:restriction>
              </xsd:simpleType>
            </xsd:element>
            <xsd:element name="DemolishedLabel" form="unqualified">
              <xsd:annotation>
                <xsd:documentation xml:lang="en">DEF: this attribute represents the label of the parameter in one of the available languages.</xsd:documentation>
              </xsd:annotation>
              <xsd:simpleType>
                <xsd:restriction base="xsd:string">
                  <xsd:maxLength value="50"/>
                </xsd:restriction>
              </xsd:simpleType>
            </xsd:element>
          </xsd:sequence>
        </xsd:complexType>
      </xsd:element>
      <xsd:element name="ExportITechnicalControl" form="unqualified">
        <xsd:complexType>
          <xsd:sequence>
            <xsd:element name="ValidDate" form="unqualified">
              <xsd:annotation>
                <xsd:documentation xml:lang="en">Valid date of the technical control</xsd:documentation>
              </xsd:annotation>
              <xsd:simpleType>
                <xsd:restriction base="xsd:integer">
                  <xsd:totalDigits value="8"/>
                </xsd:restriction>
              </xsd:simpleType>
            </xsd:element>
          </xsd:sequence>
        </xsd:complexType>
      </xsd:element>
    </xsd:sequence>
  </xsd:complexType>
  <xsd:complexType name="GetVehicleInformationRequestType">
    <xsd:sequence>
      <xsd:element name="messageContext" type="cme:RequestMessageContextType"/>
      <xsd:element name="legalContext" type="cme:LegalContextType"/>
      <xsd:element name="consumerContext" type="cme:ConsumerContextType"/>
      <xsd:element name="request" type="tns:VehicleInformationRequestType"/>
    </xsd:sequence>
  </xsd:complexType>
  <!--Request getIdentity definition-->
  <xsd:complexType name="GetVehicleInformationResponseType">
    <xsd:sequence>
      <xsd:element name="messageContext" type="cme:ResponseMessageContextType"/>
      <xsd:element name="responses" type="tns:VehicleInformationResponsesType" minOccurs="0"/>
      <xsd:element name="exceptions" type="exc:ExceptionsType" minOccurs="0">
        <xsd:annotation>
          <xsd:documentation>Technical errors that occur when processing the message context e.g. insufficient rights.</xsd:documentation>
        </xsd:annotation>
      </xsd:element>
    </xsd:sequence>
  </xsd:complexType>
  <xsd:complexType name="VehicleInformationResponsesType">
    <xsd:sequence>
      <xsd:element name="response" type="tns:VehicleInformationResponseType" minOccurs="1" maxOccurs="1"/>
    </xsd:sequence>
  </xsd:complexType>
  <!--Element of the request and the response-->
  <xsd:element name="getVehicleTitularRequest" type="tns:GetVehicleTitularRequestType"/>
  <xsd:element name="getVehicleTitularResponse" type="tns:GetVehicleTitularResponseType"/>
  <xsd:element name="getVehicleRegistrationRequest" type="tns:GetVehicleRegistrationRequestType"/>
  <xsd:element name="getVehicleRegistrationResponse" type="tns:GetVehicleRegistrationResponseType"/>
  <xsd:element name="getVehicleInformationRequest" type="tns:GetVehicleInformationRequestType"/>
  <xsd:element name="getVehicleInformationResponse" type="tns:GetVehicleInformationResponseType"/>
</xsd:schema>]]></con:content><con:type>http://www.w3.org/2001/XMLSchema</con:type></con:part><con:part><con:url>file:/home/isr/git/parent/vehicleservice_1.1/VehicleServiceGateway/src/main/resources/wsdl/vehicleService/1.1.0/messages/baseMessageTypes_v1.xsd</con:url><con:content><![CDATA[<xsd:schema targetNamespace="http://fidus.brussels/type/common/messages/v1" elementFormDefault="qualified" attributeFormDefault="unqualified" version="1.0" xmlns:xsd="http://www.w3.org/2001/XMLSchema" xmlns:cmn="http://fidus.brussels/type/common/v1" xmlns:nps="http://fidus.brussels/service/personservice/personservices/naturalPerson/v1" xmlns:tns="http://fidus.brussels/type/common/messages/v1">
  <!--Unformatted message Id-->
  <xsd:simpleType name="MessageIdType">
    <xsd:restriction base="xsd:string">
      <xsd:minLength value="1"/>
      <xsd:maxLength value="64"/>
    </xsd:restriction>
  </xsd:simpleType>
  <xsd:simpleType name="CompanyNumberType">
    <xsd:restriction base="xsd:string">
      <xsd:maxLength value="20"/>
    </xsd:restriction>
  </xsd:simpleType>
  <xsd:simpleType name="CompanyIdType">
    <xsd:restriction base="xsd:string">
      <xsd:maxLength value="20"/>
    </xsd:restriction>
  </xsd:simpleType>
  <!--National Number of the person. Format depending on the Register-->
  <xsd:simpleType name="PersonNumberType">
    <xsd:restriction base="xsd:string">
      <xsd:pattern value="[0-9][0-9](([0][0-9])|([1][0-2]))(([0-2][0-9])|([3][0-1]))(([0-9]{2}[1-9])|([0-9][1-9][0-9])|([1-9][0-9]{2}))(([0-8][0-9])|([9][0-7]))">
        <xsd:annotation>
          <xsd:documentation>National Register format</xsd:documentation>
        </xsd:annotation>
      </xsd:pattern>
      <xsd:pattern value="[0-9][0-9](([2][0-9])|([3][0-2]))(([0-2][0-9])|([3][0-1]))[0-9]{3}(([0-8][0-9])|([9][0-7]))">
        <xsd:annotation>
          <xsd:documentation>CBSS Register format: Bis Register</xsd:documentation>
        </xsd:annotation>
      </xsd:pattern>
      <xsd:pattern value="[0-9][0-9](([4][0-9])|([5][0-2]))(([0-2][0-9])|([3][0-1]))[0-9]{3}(([0-8][0-9])|([9][0-7]))">
        <xsd:annotation>
          <xsd:documentation>CBSS Register format: Ter Register</xsd:documentation>
        </xsd:annotation>
      </xsd:pattern>
    </xsd:restriction>
  </xsd:simpleType>
  <!--Request message context-->
  <xsd:complexType name="RequestMessageContextType">
    <xsd:annotation>
      <xsd:documentation>Message context block generated by the consumer.</xsd:documentation>
    </xsd:annotation>
    <xsd:sequence>
      <xsd:element name="messageId" type="tns:MessageIdType">
        <xsd:annotation>
          <xsd:documentation>Consumer must assign their own MessageId reference for the request.</xsd:documentation>
        </xsd:annotation>
      </xsd:element>
      <xsd:element name="timestamp" type="xsd:dateTime" minOccurs="0">
        <xsd:annotation>
          <xsd:documentation>Timestamp when client sent request.</xsd:documentation>
        </xsd:annotation>
      </xsd:element>
    </xsd:sequence>
  </xsd:complexType>
  <!--Response message context-->
  <xsd:complexType name="ResponseMessageContextType">
    <xsd:annotation>
      <xsd:documentation>MessageContext block generated by Fidus.</xsd:documentation>
    </xsd:annotation>
    <xsd:sequence>
      <xsd:element name="messageId" type="tns:MessageIdType">
        <xsd:annotation>
          <xsd:documentation>A unique identifier generated by Fidus.</xsd:documentation>
        </xsd:annotation>
      </xsd:element>
      <xsd:element name="transactionId" type="tns:MessageIdType">
        <xsd:annotation>
          <xsd:documentation>A unique ID returned to the client for tracing purposes.</xsd:documentation>
        </xsd:annotation>
      </xsd:element>
      <xsd:element name="timestamp" type="xsd:dateTime" minOccurs="0">
        <xsd:annotation>
          <xsd:documentation>Time reply was sent by Fidus.</xsd:documentation>
        </xsd:annotation>
      </xsd:element>
    </xsd:sequence>
  </xsd:complexType>
  <!--Legal Context : the finality of the Privacy Commission-->
  <xsd:simpleType name="LegalContextType">
    <xsd:restriction base="xsd:string">
      <xsd:minLength value="1"/>
      <xsd:maxLength value="64"/>
    </xsd:restriction>
  </xsd:simpleType>
  <xsd:complexType name="ConsumerContextType">
    <xsd:annotation>
      <xsd:documentation>Message context block containing the Consumer's company information.</xsd:documentation>
    </xsd:annotation>
    <xsd:sequence>
      <xsd:element name="companyNumber" type="tns:CompanyNumberType">
        <xsd:annotation>
          <xsd:documentation>Consumer must assign the company KBO number.</xsd:documentation>
        </xsd:annotation>
      </xsd:element>
      <xsd:element name="companyId" type="tns:CompanyIdType">
        <xsd:annotation>
          <xsd:documentation>Consumer must assign the id of the company.</xsd:documentation>
        </xsd:annotation>
      </xsd:element>
    </xsd:sequence>
  </xsd:complexType>
  <xsd:complexType name="UserContextType">
    <xsd:annotation>
      <xsd:documentation>The user context defines information regarding the actual user performing a request.</xsd:documentation>
    </xsd:annotation>
    <xsd:sequence>
      <xsd:element name="language" type="xsd:language" nillable="true">
        <xsd:annotation>
          <xsd:documentation>The preferred language of the actual user performing the request.
						This influences the language in which response elements are cast.</xsd:documentation>
        </xsd:annotation>
      </xsd:element>
    </xsd:sequence>
  </xsd:complexType>
</xsd:schema>]]></con:content><con:type>http://www.w3.org/2001/XMLSchema</con:type></con:part><con:part><con:url>file:/home/isr/git/parent/vehicleservice_1.1/VehicleServiceGateway/src/main/resources/wsdl/vehicleService/1.1.0/messages/exceptionTypes_v1.xsd</con:url><con:content><![CDATA[<xsd:schema targetNamespace="http://fidus.brussels/type/common/exceptions/v1" elementFormDefault="qualified" attributeFormDefault="unqualified" version="1.0" xmlns:xsd="http://www.w3.org/2001/XMLSchema" xmlns:tns="http://fidus.brussels/type/common/exceptions/v1">
  <!--Basic error typed-->
  <xsd:complexType name="ExceptionsType">
    <xsd:sequence>
      <xsd:element name="exception" type="tns:ExceptionType" maxOccurs="unbounded"/>
    </xsd:sequence>
  </xsd:complexType>
  <xsd:complexType name="ExceptionType">
    <xsd:sequence>
      <xsd:element name="type" type="tns:ExceptionClassType"/>
      <xsd:element name="code" type="tns:ExceptionCodeType"/>
      <xsd:element name="source" type="tns:ExceptionSourceType"/>
      <xsd:element name="description" type="tns:ExceptionDescriptionType"/>
    </xsd:sequence>
  </xsd:complexType>
  <xsd:simpleType name="ExceptionClassType">
    <xsd:restriction base="xsd:string">
      <xsd:enumeration value="ERROR"/>
      <xsd:enumeration value="WARNING"/>
      <xsd:enumeration value="INFO"/>
    </xsd:restriction>
  </xsd:simpleType>
  <xsd:simpleType name="ExceptionCodeType">
    <xsd:restriction base="xsd:string">
      <xsd:maxLength value="20"/>
    </xsd:restriction>
  </xsd:simpleType>
  <xsd:simpleType name="ExceptionSourceType">
    <xsd:restriction base="xsd:string">
      <xsd:maxLength value="20"/>
    </xsd:restriction>
  </xsd:simpleType>
  <xsd:simpleType name="ExceptionDescriptionType">
    <xsd:restriction base="xsd:string"/>
  </xsd:simpleType>
</xsd:schema>]]></con:content><con:type>http://www.w3.org/2001/XMLSchema</con:type></con:part></con:definitionCache><con:endpoints>
      
      
      
      
    <con:endpoint>http://fidus.brussels/services/vehicleservice/v1.1</con:endpoint><con:endpoint>https://192.168.22.53:8443/services/VehicleService_v1.1</con:endpoint><con:endpoint>https://192.168.22.54:8443/services/VehicleService_v1.1</con:endpoint><con:endpoint>https://192.168.24.16:8443/services/VehicleService_v1.1</con:endpoint><con:endpoint>https://192.168.24.17:8443/services/VehicleService_v1.1</con:endpoint><con:endpoint>https://192.168.26.19:8443/services/VehicleService_v1.1</con:endpoint><con:endpoint>https://192.168.26.22:8443/services/VehicleService_v1.1</con:endpoint><con:endpoint>https://192.168.36.61:8243/services/VehicleService_v1.1</con:endpoint><con:endpoint>https://esb-security-gw.sta.srv.cirb.lan:8443/services/VehicleService_v1.1</con:endpoint><con:endpoint>https://fidus-esb-sg.prd.srv.cirb.lan:8443/services/VehicleService_v1.1</con:endpoint><con:endpoint>https://fidus-test.irisnetlab.be/services/VehicleService_v1.1</con:endpoint><con:endpoint>https://fidus.irisnetlab.be/services/VehicleService_v1.1</con:endpoint><con:endpoint>https://fidus.sec.brussels/services/VehicleService_v1.1</con:endpoint><con:endpoint>https://localhost:8243/services/VehicleService_v1.1</con:endpoint></con:endpoints>
    <con:operation id="144018a8-563c-4169-b91a-767d612ab2ef" isOneWay="false" action="http://fidus.brussels/services/vehicleservice/getVehicleTitular" name="getVehicleTitular" bindingOperationName="getVehicleTitular" type="Request-Response" inputName="" receivesAttachments="false" sendsAttachments="false" anonymous="optional">
      <con:settings/>
      <con:call id="863bffa9-7080-45be-b00a-e6e3cb94164e" name="01 - Local - Request" outgoingWss="Outflow DEV" incomingWss="Inflow DEV">
        <con:settings>
          <con:setting id="com.eviware.soapui.impl.wsdl.WsdlRequest@request-headers">&lt;xml-fragment/></con:setting>
        </con:settings>
        <con:encoding>UTF-8</con:encoding>
        <con:endpoint>https://localhost:8243/services/VehicleService_v1.1</con:endpoint>
        <con:request><![CDATA[<soapenv:Envelope xmlns:soapenv="http://schemas.xmlsoap.org/soap/envelope/" xmlns:v1="http://fidus.brussels/service/vehicleservice/messages/v1.1" xmlns:v11="http://fidus.brussels/type/common/messages/v1">
   <soapenv:Header/>
   <soapenv:Body>
      <v1:getVehicleTitularRequest>
         <v1:messageContext>
            <v11:messageId>${=import static java.util.UUID.randomUUID; uuid = randomUUID() as String}</v11:messageId>
            <v11:timestamp>${=new java.text.SimpleDateFormat("yyyy-MM-dd'T'HH:mm:ss.SSS").format(new Date())}</v11:timestamp>
         </v1:messageContext>
         <v1:legalContext>ServiceIntegrator</v1:legalContext>
         <v1:consumerContext>
            <v11:companyNumber>207541594</v11:companyNumber>
            <v11:companyId>21003</v11:companyId>
         </v1:consumerContext>
         <v1:request>
            <!--Optional:-->
            <PlateNr>ASK-050</PlateNr>
            <LanguageCode>2</LanguageCode>
         </v1:request>
      </v1:getVehicleTitularRequest>
   </soapenv:Body>
</soapenv:Envelope>]]></con:request>
        <con:credentials>
          <con:selectedAuthProfile>Basic</con:selectedAuthProfile>
          <con:addedBasicAuthenticationTypes>Basic</con:addedBasicAuthenticationTypes>
          <con:authType>Global HTTP Settings</con:authType>
        </con:credentials>
        <con:jmsConfig JMSDeliveryMode="PERSISTENT"/>
        <con:jmsPropertyConfig/>
        <con:wsaConfig mustUnderstand="NONE" version="200508" action="urn:mediate"/>
        <con:wsrmConfig version="1.2"/>
      </con:call>
      <con:call id="be8af23a-ef74-41cd-bef1-0cee588991e3" name="02 - Dev - Request" outgoingWss="Outflow DEV">
        <con:settings>
          <con:setting id="com.eviware.soapui.impl.wsdl.WsdlRequest@request-headers">&lt;xml-fragment/></con:setting>
        </con:settings>
        <con:encoding>UTF-8</con:encoding>
        <con:endpoint>https://192.168.36.61:8243/services/VehicleService_v1.1</con:endpoint>
        <con:request><![CDATA[<soapenv:Envelope xmlns:soapenv="http://schemas.xmlsoap.org/soap/envelope/" xmlns:v1="http://fidus.brussels/service/vehicleservice/messages/v1.1" xmlns:v11="http://fidus.brussels/type/common/messages/v1">
   <soapenv:Header/>
   <soapenv:Body>
      <v1:getVehicleTitularRequest>
         <v1:messageContext>
            <v11:messageId>${=import static java.util.UUID.randomUUID; uuid = randomUUID() as String}</v11:messageId>
            <v11:timestamp>${=new java.text.SimpleDateFormat("yyyy-MM-dd'T'HH:mm:ss.SSS").format(new Date())}</v11:timestamp>
         </v1:messageContext>
         <v1:legalContext>ServiceIntegrator</v1:legalContext>
         <v1:consumerContext>
            <v11:companyNumber>207541594</v11:companyNumber>
            <v11:companyId>21003</v11:companyId>
         </v1:consumerContext>
         <v1:request>
            <!--Optional:-->
            <PlateNr>ASK-050</PlateNr>
         </v1:request>
      </v1:getVehicleTitularRequest>
   </soapenv:Body>
</soapenv:Envelope>]]></con:request>
        <con:credentials>
          <con:selectedAuthProfile>Basic</con:selectedAuthProfile>
          <con:addedBasicAuthenticationTypes>Basic</con:addedBasicAuthenticationTypes>
          <con:authType>Global HTTP Settings</con:authType>
        </con:credentials>
        <con:jmsConfig JMSDeliveryMode="PERSISTENT"/>
        <con:jmsPropertyConfig/>
        <con:wsaConfig mustUnderstand="NONE" version="200508" action="urn:mediate"/>
        <con:wsrmConfig version="1.2"/>
      </con:call>
      <con:call id="4f8e77ce-413d-4446-abab-466c0adcad91" name="03 - Test - External Request" outgoingWss="Outflow STAGING" incomingWss="Inflow TEST">
        <con:settings>
          <con:setting id="com.eviware.soapui.impl.wsdl.WsdlRequest@request-headers">&lt;xml-fragment/></con:setting>
        </con:settings>
        <con:encoding>UTF-8</con:encoding>
        <con:endpoint>https://fidus-test.irisnetlab.be/services/VehicleService_v1.1</con:endpoint>
        <con:request><![CDATA[<soapenv:Envelope xmlns:soapenv="http://schemas.xmlsoap.org/soap/envelope/" xmlns:v1="http://fidus.brussels/service/vehicleservice/messages/v1.1" xmlns:v11="http://fidus.brussels/type/common/messages/v1">
   <soapenv:Header/>
   <soapenv:Body>
      <v1:getVehicleTitularRequest>
         <v1:messageContext>
            <v11:messageId>${=import static java.util.UUID.randomUUID; uuid = randomUUID() as String}</v11:messageId>
            <v11:timestamp>${=new java.text.SimpleDateFormat("yyyy-MM-dd'T'HH:mm:ss.SSS").format(new Date())}</v11:timestamp>
         </v1:messageContext>
         <v1:legalContext>ServiceIntegrator</v1:legalContext>
         <v1:consumerContext>
            <v11:companyNumber>207541594</v11:companyNumber>
            <v11:companyId>21003</v11:companyId>
         </v1:consumerContext>
         <v1:request>
            <!--Optional:-->
            <PlateNr>ASK050</PlateNr>
            <LanguageCode>1</LanguageCode>
         </v1:request>
      </v1:getVehicleTitularRequest>
   </soapenv:Body>
</soapenv:Envelope>]]></con:request>
        <con:credentials>
          <con:selectedAuthProfile>Basic</con:selectedAuthProfile>
          <con:addedBasicAuthenticationTypes>Basic</con:addedBasicAuthenticationTypes>
          <con:authType>Global HTTP Settings</con:authType>
        </con:credentials>
        <con:jmsConfig JMSDeliveryMode="PERSISTENT"/>
        <con:jmsPropertyConfig/>
        <con:wsaConfig mustUnderstand="NONE" version="200508" action="urn:mediate"/>
        <con:wsrmConfig version="1.2"/>
      </con:call>
      <con:call id="0978c929-5eff-47a7-a766-dab317119df3" name="03 - Test - LB Request" outgoingWss="Outflow TEST">
        <con:settings>
          <con:setting id="com.eviware.soapui.impl.wsdl.WsdlRequest@request-headers">&lt;xml-fragment/></con:setting>
        </con:settings>
        <con:encoding>UTF-8</con:encoding>
        <con:endpoint>https://esb-security-gw.sta.srv.cirb.lan:8443/services/VehicleService_v1.1</con:endpoint>
        <con:request><![CDATA[<soapenv:Envelope xmlns:soapenv="http://schemas.xmlsoap.org/soap/envelope/" xmlns:v1="http://fidus.brussels/service/vehicleservice/messages/v1.1" xmlns:v11="http://fidus.brussels/type/common/messages/v1">
   <soapenv:Header/>
   <soapenv:Body>
      <v1:getVehicleTitularRequest>
         <v1:messageContext>
            <v11:messageId>${=import static java.util.UUID.randomUUID; uuid = randomUUID() as String}</v11:messageId>
            <v11:timestamp>${=new java.text.SimpleDateFormat("yyyy-MM-dd'T'HH:mm:ss.SSS").format(new Date())}</v11:timestamp>
         </v1:messageContext>
         <v1:legalContext>ServiceIntegrator</v1:legalContext>
         <v1:consumerContext>
            <v11:companyNumber>207541594</v11:companyNumber>
            <v11:companyId>21003</v11:companyId>
         </v1:consumerContext>
         <v1:request>
            <!--Optional:-->
            <PlateNr>ASK050</PlateNr>
         </v1:request>
      </v1:getVehicleTitularRequest>
   </soapenv:Body>
</soapenv:Envelope>]]></con:request>
        <con:credentials>
          <con:selectedAuthProfile>Basic</con:selectedAuthProfile>
          <con:addedBasicAuthenticationTypes>Basic</con:addedBasicAuthenticationTypes>
          <con:authType>Global HTTP Settings</con:authType>
        </con:credentials>
        <con:jmsConfig JMSDeliveryMode="PERSISTENT"/>
        <con:jmsPropertyConfig/>
        <con:wsaConfig mustUnderstand="NONE" version="200508" action="http://fidus.brussels/services/vehicleservice/getVehicleTitular"/>
        <con:wsrmConfig version="1.2"/>
      </con:call>
      <con:call id="e8c6856c-efec-4796-9874-b3c6a7a99cfe" name="03 - Test - Worker1 - Request" outgoingWss="Outflow TEST">
        <con:settings>
          <con:setting id="com.eviware.soapui.impl.wsdl.WsdlRequest@request-headers">&lt;xml-fragment/></con:setting>
        </con:settings>
        <con:encoding>UTF-8</con:encoding>
        <con:endpoint>https://192.168.22.53:8443/services/VehicleService_v1.1</con:endpoint>
        <con:request><![CDATA[<soapenv:Envelope xmlns:soapenv="http://schemas.xmlsoap.org/soap/envelope/" xmlns:v1="http://fidus.brussels/service/vehicleservice/messages/v1.1" xmlns:v11="http://fidus.brussels/type/common/messages/v1">
   <soapenv:Header/>
   <soapenv:Body>
      <v1:getVehicleTitularRequest>
         <v1:messageContext>
            <v11:messageId>${=import static java.util.UUID.randomUUID; uuid = randomUUID() as String}</v11:messageId>
            <v11:timestamp>${=new java.text.SimpleDateFormat("yyyy-MM-dd'T'HH:mm:ss.SSS").format(new Date())}</v11:timestamp>
         </v1:messageContext>
         <v1:legalContext>ServiceIntegrator</v1:legalContext>
         <v1:consumerContext>
            <v11:companyNumber>207541594</v11:companyNumber>
            <v11:companyId>21003</v11:companyId>
         </v1:consumerContext>
         <v1:request>
            <!--Optional:-->
            <PlateNr>ASK050</PlateNr>
         </v1:request>
      </v1:getVehicleTitularRequest>
   </soapenv:Body>
</soapenv:Envelope>]]></con:request>
        <con:credentials>
          <con:selectedAuthProfile>Basic</con:selectedAuthProfile>
          <con:addedBasicAuthenticationTypes>Basic</con:addedBasicAuthenticationTypes>
          <con:authType>Global HTTP Settings</con:authType>
        </con:credentials>
        <con:jmsConfig JMSDeliveryMode="PERSISTENT"/>
        <con:jmsPropertyConfig/>
        <con:wsaConfig mustUnderstand="NONE" version="200508" action="http://fidus.brussels/services/vehicleservice/getVehicleTitular"/>
        <con:wsrmConfig version="1.2"/>
      </con:call>
      <con:call id="36fe1c11-b05e-4597-aa45-2dc507b0d9af" name="03 - Test - Worker2 - Request" outgoingWss="Outflow TEST">
        <con:settings>
          <con:setting id="com.eviware.soapui.impl.wsdl.WsdlRequest@request-headers">&lt;xml-fragment/></con:setting>
        </con:settings>
        <con:encoding>UTF-8</con:encoding>
        <con:endpoint>https://192.168.22.54:8443/services/VehicleService_v1.1</con:endpoint>
        <con:request><![CDATA[<soapenv:Envelope xmlns:soapenv="http://schemas.xmlsoap.org/soap/envelope/" xmlns:v1="http://fidus.brussels/service/vehicleservice/messages/v1.1" xmlns:v11="http://fidus.brussels/type/common/messages/v1">
   <soapenv:Header/>
   <soapenv:Body>
      <v1:getVehicleTitularRequest>
         <v1:messageContext>
            <v11:messageId>${=import static java.util.UUID.randomUUID; uuid = randomUUID() as String}</v11:messageId>
            <v11:timestamp>${=new java.text.SimpleDateFormat("yyyy-MM-dd'T'HH:mm:ss.SSS").format(new Date())}</v11:timestamp>
         </v1:messageContext>
         <v1:legalContext>ServiceIntegrator</v1:legalContext>
         <v1:consumerContext>
            <v11:companyNumber>207541594</v11:companyNumber>
            <v11:companyId>21003</v11:companyId>
         </v1:consumerContext>
         <v1:request>
            <!--Optional:-->
            <PlateNr>ASK050</PlateNr>
         </v1:request>
      </v1:getVehicleTitularRequest>
   </soapenv:Body>
</soapenv:Envelope>]]></con:request>
        <con:credentials>
          <con:selectedAuthProfile>Basic</con:selectedAuthProfile>
          <con:addedBasicAuthenticationTypes>Basic</con:addedBasicAuthenticationTypes>
          <con:authType>Global HTTP Settings</con:authType>
        </con:credentials>
        <con:jmsConfig JMSDeliveryMode="PERSISTENT"/>
        <con:jmsPropertyConfig/>
        <con:wsaConfig mustUnderstand="NONE" version="200508" action="http://fidus.brussels/services/vehicleservice/getVehicleTitular"/>
        <con:wsrmConfig version="1.2"/>
      </con:call>
      <con:call id="a049d3e9-9f0e-4663-a956-7aea7c79de45" name="04 - Staging - External Request" outgoingWss="Outflow STAGING" incomingWss="Inflow STAGING">
        <con:settings>
          <con:setting id="com.eviware.soapui.impl.wsdl.WsdlRequest@request-headers">&lt;xml-fragment/></con:setting>
        </con:settings>
        <con:encoding>UTF-8</con:encoding>
        <con:endpoint>https://fidus.irisnetlab.be/services/VehicleService_v1.1</con:endpoint>
        <con:request><![CDATA[<soapenv:Envelope xmlns:soapenv="http://schemas.xmlsoap.org/soap/envelope/" xmlns:v1="http://fidus.brussels/service/vehicleservice/messages/v1.1" xmlns:v11="http://fidus.brussels/type/common/messages/v1">
   <soapenv:Header/>
   <soapenv:Body>
      <v1:getVehicleTitularRequest>
         <v1:messageContext>
            <v11:messageId>${=import static java.util.UUID.randomUUID; uuid = randomUUID() as String}</v11:messageId>
            <v11:timestamp>${=new java.text.SimpleDateFormat("yyyy-MM-dd'T'HH:mm:ss.SSS").format(new Date())}</v11:timestamp>
         </v1:messageContext>
         <v1:legalContext>ServiceIntegrator</v1:legalContext>
         <v1:consumerContext>
            <v11:companyNumber>207541594</v11:companyNumber>
            <v11:companyId>21003</v11:companyId>
         </v1:consumerContext>
         <v1:request>
            <!--Optional:-->
            <PlateNr>ASK050</PlateNr>
            <LanguageCode>1</LanguageCode>
         </v1:request>
      </v1:getVehicleTitularRequest>
   </soapenv:Body>
</soapenv:Envelope>]]></con:request>
        <con:credentials>
          <con:selectedAuthProfile>Basic</con:selectedAuthProfile>
          <con:addedBasicAuthenticationTypes>Basic</con:addedBasicAuthenticationTypes>
          <con:authType>Global HTTP Settings</con:authType>
        </con:credentials>
        <con:jmsConfig JMSDeliveryMode="PERSISTENT"/>
        <con:jmsPropertyConfig/>
        <con:wsaConfig mustUnderstand="NONE" version="200508" action="http://fidus.brussels/services/vehicleservice/getVehicleTitular"/>
        <con:wsrmConfig version="1.2"/>
      </con:call>
      <con:call id="6378030d-a520-41e8-b6c0-1c456e7b3a99" name="04 - Staging - LB Request" outgoingWss="Outflow STAGING" incomingWss="Inflow STAGING">
        <con:settings>
          <con:setting id="com.eviware.soapui.impl.wsdl.WsdlRequest@request-headers">&lt;xml-fragment/></con:setting>
        </con:settings>
        <con:encoding>UTF-8</con:encoding>
        <con:endpoint>https://fidus-esb-sg.sta.srv.cirb.lan:8443/services/VehicleService_v1.1</con:endpoint>
        <con:request><![CDATA[<soapenv:Envelope xmlns:soapenv="http://schemas.xmlsoap.org/soap/envelope/" xmlns:v1="http://fidus.brussels/service/vehicleservice/messages/v1.1" xmlns:v11="http://fidus.brussels/type/common/messages/v1">
   <soapenv:Header/>
   <soapenv:Body>
      <v1:getVehicleTitularRequest>
         <v1:messageContext>
            <v11:messageId>${=import static java.util.UUID.randomUUID; uuid = randomUUID() as String}</v11:messageId>
            <v11:timestamp>${=new java.text.SimpleDateFormat("yyyy-MM-dd'T'HH:mm:ss.SSS").format(new Date())}</v11:timestamp>
         </v1:messageContext>
         <v1:legalContext>ServiceIntegrator</v1:legalContext>
         <v1:consumerContext>
            <v11:companyNumber>207541594</v11:companyNumber>
            <v11:companyId>21003</v11:companyId>
         </v1:consumerContext>
         <v1:request>
            <!--Optional:-->
            <PlateNr>ASK050</PlateNr>
            <LanguageCode>1</LanguageCode>
         </v1:request>
      </v1:getVehicleTitularRequest>
   </soapenv:Body>
</soapenv:Envelope>]]></con:request>
        <con:credentials>
          <con:selectedAuthProfile>Basic</con:selectedAuthProfile>
          <con:addedBasicAuthenticationTypes>Basic</con:addedBasicAuthenticationTypes>
          <con:authType>Global HTTP Settings</con:authType>
        </con:credentials>
        <con:jmsConfig JMSDeliveryMode="PERSISTENT"/>
        <con:jmsPropertyConfig/>
        <con:wsaConfig mustUnderstand="NONE" version="200508" action="http://fidus.brussels/services/vehicleservice/getVehicleTitular"/>
        <con:wsrmConfig version="1.2"/>
      </con:call>
      <con:call id="ef391d7e-df04-42a4-b3d9-19e4956f0bd6" name="04 - Staging - Worker 1" outgoingWss="Outflow STAGING" incomingWss="Inflow STAGING">
        <con:settings>
          <con:setting id="com.eviware.soapui.impl.wsdl.WsdlRequest@request-headers">&lt;xml-fragment/></con:setting>
        </con:settings>
        <con:encoding>UTF-8</con:encoding>
        <con:endpoint>https://192.168.24.16:8443/services/VehicleService_v1.1</con:endpoint>
        <con:request><![CDATA[<soapenv:Envelope xmlns:soapenv="http://schemas.xmlsoap.org/soap/envelope/" xmlns:v1="http://fidus.brussels/service/vehicleservice/messages/v1.1" xmlns:v11="http://fidus.brussels/type/common/messages/v1">
   <soapenv:Header/>
   <soapenv:Body>
      <v1:getVehicleTitularRequest>
         <v1:messageContext>
            <v11:messageId>${=import static java.util.UUID.randomUUID; uuid = randomUUID() as String}</v11:messageId>
            <v11:timestamp>${=new java.text.SimpleDateFormat("yyyy-MM-dd'T'HH:mm:ss.SSS").format(new Date())}</v11:timestamp>
         </v1:messageContext>
         <v1:legalContext>ServiceIntegrator</v1:legalContext>
         <v1:consumerContext>
            <v11:companyNumber>207541594</v11:companyNumber>
            <v11:companyId>21003</v11:companyId>
         </v1:consumerContext>
         <v1:request>
            <!--Optional:-->
            <PlateNr>ASK050</PlateNr>
            <LanguageCode>1</LanguageCode>
         </v1:request>
      </v1:getVehicleTitularRequest>
   </soapenv:Body>
</soapenv:Envelope>]]></con:request>
        <con:credentials>
          <con:selectedAuthProfile>Basic</con:selectedAuthProfile>
          <con:addedBasicAuthenticationTypes>Basic</con:addedBasicAuthenticationTypes>
          <con:authType>Global HTTP Settings</con:authType>
        </con:credentials>
        <con:jmsConfig JMSDeliveryMode="PERSISTENT"/>
        <con:jmsPropertyConfig/>
        <con:wsaConfig mustUnderstand="NONE" version="200508" action="http://fidus.brussels/services/vehicleservice/getVehicleTitular"/>
        <con:wsrmConfig version="1.2"/>
      </con:call>
      <con:call id="b0f92fda-a8b5-44c0-a54e-59628c6c5177" name="04 - Staging - Worker 2" outgoingWss="Outflow STAGING" incomingWss="Inflow STAGING">
        <con:settings>
          <con:setting id="com.eviware.soapui.impl.wsdl.WsdlRequest@request-headers">&lt;xml-fragment/></con:setting>
        </con:settings>
        <con:encoding>UTF-8</con:encoding>
        <con:endpoint>https://192.168.24.17:8443/services/VehicleService_v1.1</con:endpoint>
        <con:request><![CDATA[<soapenv:Envelope xmlns:soapenv="http://schemas.xmlsoap.org/soap/envelope/" xmlns:v1="http://fidus.brussels/service/vehicleservice/messages/v1.1" xmlns:v11="http://fidus.brussels/type/common/messages/v1">
   <soapenv:Header/>
   <soapenv:Body>
      <v1:getVehicleTitularRequest>
         <v1:messageContext>
            <v11:messageId>${=import static java.util.UUID.randomUUID; uuid = randomUUID() as String}</v11:messageId>
            <v11:timestamp>${=new java.text.SimpleDateFormat("yyyy-MM-dd'T'HH:mm:ss.SSS").format(new Date())}</v11:timestamp>
         </v1:messageContext>
         <v1:legalContext>ServiceIntegrator</v1:legalContext>
         <v1:consumerContext>
            <v11:companyNumber>207541594</v11:companyNumber>
            <v11:companyId>21003</v11:companyId>
         </v1:consumerContext>
         <v1:request>
            <!--Optional:-->
            <PlateNr>ASK050</PlateNr>
            <LanguageCode>1</LanguageCode>
         </v1:request>
      </v1:getVehicleTitularRequest>
   </soapenv:Body>
</soapenv:Envelope>]]></con:request>
        <con:credentials>
          <con:selectedAuthProfile>Basic</con:selectedAuthProfile>
          <con:addedBasicAuthenticationTypes>Basic</con:addedBasicAuthenticationTypes>
          <con:authType>Global HTTP Settings</con:authType>
        </con:credentials>
        <con:jmsConfig JMSDeliveryMode="PERSISTENT"/>
        <con:jmsPropertyConfig/>
        <con:wsaConfig mustUnderstand="NONE" version="200508" action="http://fidus.brussels/services/vehicleservice/getVehicleTitular"/>
        <con:wsrmConfig version="1.2"/>
      </con:call>
      <con:call id="f0bf12c4-cfda-4c2e-9605-2aecc57c1543" name="05 - Prod - External Request" outgoingWss="Outflow PROD" incomingWss="Inflow PROD">
        <con:settings>
          <con:setting id="com.eviware.soapui.impl.wsdl.WsdlRequest@request-headers">&lt;xml-fragment/></con:setting>
        </con:settings>
        <con:encoding>UTF-8</con:encoding>
        <con:endpoint>https://fidus.sec.brussels/services/VehicleService_v1.1</con:endpoint>
        <con:request><![CDATA[<soapenv:Envelope xmlns:soapenv="http://schemas.xmlsoap.org/soap/envelope/" xmlns:v1="http://fidus.brussels/service/vehicleservice/messages/v1.1" xmlns:v11="http://fidus.brussels/type/common/messages/v1">
   <soapenv:Header/>
   <soapenv:Body>
      <v1:getVehicleTitularRequest>
         <v1:messageContext>
            <v11:messageId>${=import static java.util.UUID.randomUUID; uuid = randomUUID() as String}</v11:messageId>
            <v11:timestamp>${=new java.text.SimpleDateFormat("yyyy-MM-dd'T'HH:mm:ss.SSS").format(new Date())}</v11:timestamp>
         </v1:messageContext>
         <v1:legalContext>ServiceIntegrator</v1:legalContext>
         <v1:consumerContext>
            <v11:companyNumber>0207541594</v11:companyNumber>
            <v11:companyId>21003</v11:companyId>
         </v1:consumerContext>
         <v1:request>
            <!--Optional:-->
            <PlateNr>ASK050</PlateNr>
            <LanguageCode>1</LanguageCode>
         </v1:request>
      </v1:getVehicleTitularRequest>
   </soapenv:Body>
</soapenv:Envelope>]]></con:request>
        <con:credentials>
          <con:selectedAuthProfile>Basic</con:selectedAuthProfile>
          <con:addedBasicAuthenticationTypes>Basic</con:addedBasicAuthenticationTypes>
          <con:authType>Global HTTP Settings</con:authType>
        </con:credentials>
        <con:jmsConfig JMSDeliveryMode="PERSISTENT"/>
        <con:jmsPropertyConfig/>
        <con:wsaConfig mustUnderstand="NONE" version="200508" action="http://fidus.brussels/services/vehicleservice/getVehicleTitular"/>
        <con:wsrmConfig version="1.2"/>
      </con:call>
      <con:call id="02891efb-0cc4-4082-b552-386b88c7c42a" name="05 - Prod - LB Request" outgoingWss="Outflow PROD" incomingWss="Inflow PROD">
        <con:settings>
          <con:setting id="com.eviware.soapui.impl.wsdl.WsdlRequest@request-headers">&lt;xml-fragment/></con:setting>
        </con:settings>
        <con:encoding>UTF-8</con:encoding>
        <con:endpoint>https://fidus-esb-sg.prd.srv.cirb.lan:8443/services/VehicleService_v1.1</con:endpoint>
        <con:request><![CDATA[<soapenv:Envelope xmlns:soapenv="http://schemas.xmlsoap.org/soap/envelope/" xmlns:v1="http://fidus.brussels/service/vehicleservice/messages/v1.1" xmlns:v11="http://fidus.brussels/type/common/messages/v1">
   <soapenv:Header/>
   <soapenv:Body>
      <v1:getVehicleTitularRequest>
         <v1:messageContext>
            <v11:messageId>${=import static java.util.UUID.randomUUID; uuid = randomUUID() as String}</v11:messageId>
            <v11:timestamp>${=new java.text.SimpleDateFormat("yyyy-MM-dd'T'HH:mm:ss.SSS").format(new Date())}</v11:timestamp>
         </v1:messageContext>
         <v1:legalContext>ServiceIntegrator</v1:legalContext>
         <v1:consumerContext>
            <v11:companyNumber>0207541594</v11:companyNumber>
            <v11:companyId>21003</v11:companyId>
         </v1:consumerContext>
         <v1:request>
            <!--Optional:-->
            <PlateNr>ASK050</PlateNr>
            <LanguageCode>1</LanguageCode>
         </v1:request>
      </v1:getVehicleTitularRequest>
   </soapenv:Body>
</soapenv:Envelope>]]></con:request>
        <con:credentials>
          <con:selectedAuthProfile>Basic</con:selectedAuthProfile>
          <con:addedBasicAuthenticationTypes>Basic</con:addedBasicAuthenticationTypes>
          <con:authType>Global HTTP Settings</con:authType>
        </con:credentials>
        <con:jmsConfig JMSDeliveryMode="PERSISTENT"/>
        <con:jmsPropertyConfig/>
        <con:wsaConfig mustUnderstand="NONE" version="200508" action="http://fidus.brussels/services/vehicleservice/getVehicleTitular"/>
        <con:wsrmConfig version="1.2"/>
      </con:call>
      <con:call id="7c23af29-8ab8-4079-aefc-63889db257f0" name="05 - Prod - Worker 1" outgoingWss="Outflow PROD" incomingWss="Inflow PROD">
        <con:settings>
          <con:setting id="com.eviware.soapui.impl.wsdl.WsdlRequest@request-headers">&lt;xml-fragment/></con:setting>
        </con:settings>
        <con:encoding>UTF-8</con:encoding>
        <con:endpoint>https://192.168.26.19:8443/services/VehicleService_v1.1</con:endpoint>
        <con:request><![CDATA[<soapenv:Envelope xmlns:soapenv="http://schemas.xmlsoap.org/soap/envelope/" xmlns:v1="http://fidus.brussels/service/vehicleservice/messages/v1.1" xmlns:v11="http://fidus.brussels/type/common/messages/v1">
   <soapenv:Header/>
   <soapenv:Body>
      <v1:getVehicleTitularRequest>
         <v1:messageContext>
            <v11:messageId>${=import static java.util.UUID.randomUUID; uuid = randomUUID() as String}</v11:messageId>
            <v11:timestamp>${=new java.text.SimpleDateFormat("yyyy-MM-dd'T'HH:mm:ss.SSS").format(new Date())}</v11:timestamp>
         </v1:messageContext>
         <v1:legalContext>ServiceIntegrator</v1:legalContext>
         <v1:consumerContext>
            <v11:companyNumber>0207541594</v11:companyNumber>
            <v11:companyId>21003</v11:companyId>
         </v1:consumerContext>
         <v1:request>
            <!--Optional:-->
            <PlateNr>ASK050</PlateNr>
            <LanguageCode>1</LanguageCode>
         </v1:request>
      </v1:getVehicleTitularRequest>
   </soapenv:Body>
</soapenv:Envelope>]]></con:request>
        <con:credentials>
          <con:selectedAuthProfile>Basic</con:selectedAuthProfile>
          <con:addedBasicAuthenticationTypes>Basic</con:addedBasicAuthenticationTypes>
          <con:authType>Global HTTP Settings</con:authType>
        </con:credentials>
        <con:jmsConfig JMSDeliveryMode="PERSISTENT"/>
        <con:jmsPropertyConfig/>
        <con:wsaConfig mustUnderstand="NONE" version="200508" action="http://fidus.brussels/services/vehicleservice/getVehicleTitular"/>
        <con:wsrmConfig version="1.2"/>
      </con:call>
      <con:call id="b45a3617-b613-46e9-aba0-7301fd5b386f" name="05 - Prod - Worker 2" outgoingWss="Outflow PROD" incomingWss="Inflow PROD">
        <con:settings>
          <con:setting id="com.eviware.soapui.impl.wsdl.WsdlRequest@request-headers">&lt;xml-fragment/></con:setting>
        </con:settings>
        <con:encoding>UTF-8</con:encoding>
        <con:endpoint>https://192.168.26.22:8443/services/VehicleService_v1.1</con:endpoint>
        <con:request><![CDATA[<soapenv:Envelope xmlns:soapenv="http://schemas.xmlsoap.org/soap/envelope/" xmlns:v1="http://fidus.brussels/service/vehicleservice/messages/v1.1" xmlns:v11="http://fidus.brussels/type/common/messages/v1">
   <soapenv:Header/>
   <soapenv:Body>
      <v1:getVehicleTitularRequest>
         <v1:messageContext>
            <v11:messageId>${=import static java.util.UUID.randomUUID; uuid = randomUUID() as String}</v11:messageId>
            <v11:timestamp>${=new java.text.SimpleDateFormat("yyyy-MM-dd'T'HH:mm:ss.SSS").format(new Date())}</v11:timestamp>
         </v1:messageContext>
         <v1:legalContext>ServiceIntegrator</v1:legalContext>
         <v1:consumerContext>
            <v11:companyNumber>0207541594</v11:companyNumber>
            <v11:companyId>21003</v11:companyId>
         </v1:consumerContext>
         <v1:request>
            <!--Optional:-->
            <PlateNr>ASK050</PlateNr>
            <LanguageCode>1</LanguageCode>
         </v1:request>
      </v1:getVehicleTitularRequest>
   </soapenv:Body>
</soapenv:Envelope>]]></con:request>
        <con:credentials>
          <con:selectedAuthProfile>Basic</con:selectedAuthProfile>
          <con:addedBasicAuthenticationTypes>Basic</con:addedBasicAuthenticationTypes>
          <con:authType>Global HTTP Settings</con:authType>
        </con:credentials>
        <con:jmsConfig JMSDeliveryMode="PERSISTENT"/>
        <con:jmsPropertyConfig/>
        <con:wsaConfig mustUnderstand="NONE" version="200508" action="http://fidus.brussels/services/vehicleservice/getVehicleTitular"/>
        <con:wsrmConfig version="1.2"/>
      </con:call>
    </con:operation>
    <con:operation id="32933821-8667-40df-ad8b-e1349d9e8848" isOneWay="false" action="http://fidus.brussels/services/vehicleservice/getVehicleRegistration" name="getVehicleRegistration" bindingOperationName="getVehicleRegistration" type="Request-Response" inputName="" receivesAttachments="false" sendsAttachments="false" anonymous="optional">
      <con:settings/>
      <con:call id="a4debd50-b691-4228-9512-0e157260ebfc" name="01 - Local - Request" outgoingWss="Outflow DEV" incomingWss="Inflow DEV">
        <con:settings>
          <con:setting id="com.eviware.soapui.impl.wsdl.WsdlRequest@request-headers">&lt;xml-fragment/></con:setting>
        </con:settings>
        <con:encoding>UTF-8</con:encoding>
        <con:endpoint>https://localhost:8243/services/VehicleService_v1.1</con:endpoint>
        <con:request><![CDATA[<soapenv:Envelope xmlns:soapenv="http://schemas.xmlsoap.org/soap/envelope/" xmlns:v1="http://fidus.brussels/service/vehicleservice/messages/v1.1" xmlns:v11="http://fidus.brussels/type/common/messages/v1">
   <soapenv:Header/>
   <soapenv:Body>
      <v1:getVehicleRegistrationRequest>
		<v1:messageContext>
            <v11:messageId>${=import static java.util.UUID.randomUUID; uuid = randomUUID() as String}</v11:messageId>
            <v11:timestamp>${=new java.text.SimpleDateFormat("yyyy-MM-dd'T'HH:mm:ss.SSS").format(new Date())}</v11:timestamp>
         </v1:messageContext>
         <v1:legalContext>ServiceIntegrator</v1:legalContext>
         <v1:consumerContext>
            <v11:companyNumber>0207541594</v11:companyNumber>
            <v11:companyId>21003</v11:companyId>
         </v1:consumerContext>
         <v1:request>
            <PlateNr>ASK050</PlateNr>
            <LanguageCode>2</LanguageCode>
         </v1:request>
      </v1:getVehicleRegistrationRequest>
   </soapenv:Body>
</soapenv:Envelope>]]></con:request>
        <con:credentials>
          <con:selectedAuthProfile>Basic</con:selectedAuthProfile>
          <con:addedBasicAuthenticationTypes>Basic</con:addedBasicAuthenticationTypes>
          <con:authType>Global HTTP Settings</con:authType>
        </con:credentials>
        <con:jmsConfig JMSDeliveryMode="PERSISTENT"/>
        <con:jmsPropertyConfig/>
        <con:wsaConfig mustUnderstand="NONE" version="200508" action="http://fidus.brussels/services/vehicleservice/getVehicleRegistration"/>
        <con:wsrmConfig version="1.2"/>
      </con:call>
      <con:call id="f6883eec-9b4b-4c80-9585-9510ce0d2794" name="02 - Dev - Request" outgoingWss="Outflow DEV" incomingWss="Inflow DEV">
        <con:settings>
          <con:setting id="com.eviware.soapui.impl.wsdl.WsdlRequest@request-headers">&lt;xml-fragment/></con:setting>
        </con:settings>
        <con:encoding>UTF-8</con:encoding>
        <con:endpoint>https://192.168.36.61:8243/services/VehicleService_v1.1</con:endpoint>
        <con:request><![CDATA[<soapenv:Envelope xmlns:soapenv="http://schemas.xmlsoap.org/soap/envelope/" xmlns:v1="http://fidus.brussels/service/vehicleservice/messages/v1.1" xmlns:v11="http://fidus.brussels/type/common/messages/v1">
   <soapenv:Header/>
   <soapenv:Body>
      <v1:getVehicleRegistrationRequest>
		<v1:messageContext>
            <v11:messageId>${=import static java.util.UUID.randomUUID; uuid = randomUUID() as String}</v11:messageId>            
            <v11:timestamp>${=new java.text.SimpleDateFormat("yyyy-MM-dd'T'HH:mm:ss.SSS").format(new Date())}</v11:timestamp>
         </v1:messageContext>
         <v1:legalContext>ServiceIntegrator</v1:legalContext>
         <v1:consumerContext>
            <v11:companyNumber>0207541594</v11:companyNumber>
            <v11:companyId>21003</v11:companyId>
         </v1:consumerContext>
         <v1:request>            
            <PlateNr>ASK-050</PlateNr>            
            <LanguageCode>2</LanguageCode>
         </v1:request>
      </v1:getVehicleRegistrationRequest>
   </soapenv:Body>
</soapenv:Envelope>]]></con:request>
        <con:credentials>
          <con:selectedAuthProfile>Basic</con:selectedAuthProfile>
          <con:addedBasicAuthenticationTypes>Basic</con:addedBasicAuthenticationTypes>
          <con:authType>Global HTTP Settings</con:authType>
        </con:credentials>
        <con:jmsConfig JMSDeliveryMode="PERSISTENT"/>
        <con:jmsPropertyConfig/>
        <con:wsaConfig mustUnderstand="NONE" version="200508" action="http://fidus.brussels/services/vehicleservice/getVehicleRegistration"/>
        <con:wsrmConfig version="1.2"/>
      </con:call>
      <con:call id="4ffb87cf-ddda-4815-86f1-49006afaf339" name="03 - Test - External Request" outgoingWss="Outflow TEST" incomingWss="Inflow TEST">
        <con:settings>
          <con:setting id="com.eviware.soapui.impl.wsdl.WsdlRequest@request-headers">&lt;xml-fragment/></con:setting>
        </con:settings>
        <con:encoding>UTF-8</con:encoding>
        <con:endpoint>https://fidus-test.irisnetlab.be/services/VehicleService_v1.1</con:endpoint>
        <con:request><![CDATA[<soapenv:Envelope xmlns:soapenv="http://schemas.xmlsoap.org/soap/envelope/" xmlns:v1="http://fidus.brussels/service/vehicleservice/messages/v1.1" xmlns:v11="http://fidus.brussels/type/common/messages/v1">
   <soapenv:Header/>
   <soapenv:Body>
      <v1:getVehicleRegistrationRequest>
		<v1:messageContext>
            <v11:messageId>${=import static java.util.UUID.randomUUID; uuid = randomUUID() as String}</v11:messageId>
            <v11:timestamp>${=new java.text.SimpleDateFormat("yyyy-MM-dd'T'HH:mm:ss.SSS").format(new Date())}</v11:timestamp>
         </v1:messageContext>
         <v1:legalContext>ServiceIntegrator</v1:legalContext>
         <v1:consumerContext>
            <v11:companyNumber>0316381039</v11:companyNumber>
            <v11:companyId>Brussel Fiscaliteit</v11:companyId>
         </v1:consumerContext>
         <v1:request>
            <PlateNr>YHN162</PlateNr>
            <LanguageCode>1</LanguageCode>
         </v1:request>
      </v1:getVehicleRegistrationRequest>
   </soapenv:Body>
</soapenv:Envelope>]]></con:request>
        <con:credentials>
          <con:selectedAuthProfile>Basic</con:selectedAuthProfile>
          <con:addedBasicAuthenticationTypes>Basic</con:addedBasicAuthenticationTypes>
          <con:authType>Global HTTP Settings</con:authType>
        </con:credentials>
        <con:jmsConfig JMSDeliveryMode="PERSISTENT"/>
        <con:jmsPropertyConfig/>
        <con:wsaConfig mustUnderstand="NONE" version="200508" action="http://fidus.brussels/services/vehicleservice/getVehicleRegistration"/>
        <con:wsrmConfig version="1.2"/>
      </con:call>
      <con:call id="efa727c9-01d5-42d9-b4f4-895cbabff9fa" name="03 - Test - LB Request" outgoingWss="Outflow TEST" incomingWss="Inflow TEST">
        <con:settings>
          <con:setting id="com.eviware.soapui.impl.wsdl.WsdlRequest@request-headers">&lt;xml-fragment/></con:setting>
        </con:settings>
        <con:encoding>UTF-8</con:encoding>
        <con:endpoint>https://esb-security-gw.sta.srv.cirb.lan:8443/services/VehicleService_v1.1</con:endpoint>
        <con:request><![CDATA[<soapenv:Envelope xmlns:soapenv="http://schemas.xmlsoap.org/soap/envelope/" xmlns:v1="http://fidus.brussels/service/vehicleservice/messages/v1.1" xmlns:v11="http://fidus.brussels/type/common/messages/v1">
   <soapenv:Header/>
   <soapenv:Body>
      <v1:getVehicleRegistrationRequest>
		<v1:messageContext>
            <v11:messageId>${=import static java.util.UUID.randomUUID; uuid = randomUUID() as String}</v11:messageId>
            <v11:timestamp>${=new java.text.SimpleDateFormat("yyyy-MM-dd'T'HH:mm:ss.SSS").format(new Date())}</v11:timestamp>
         </v1:messageContext>
         <v1:legalContext>ServiceIntegrator</v1:legalContext>
         <v1:consumerContext>
            <v11:companyNumber>0316381039</v11:companyNumber>
            <v11:companyId>Brussel Fiscaliteit</v11:companyId>
         </v1:consumerContext>
         <v1:request>
            <PlateNr>ASK-050</PlateNr>
            <LanguageCode>2</LanguageCode>
         </v1:request>
      </v1:getVehicleRegistrationRequest>
   </soapenv:Body>
</soapenv:Envelope>]]></con:request>
        <con:credentials>
          <con:selectedAuthProfile>Basic</con:selectedAuthProfile>
          <con:addedBasicAuthenticationTypes>Basic</con:addedBasicAuthenticationTypes>
          <con:authType>Global HTTP Settings</con:authType>
        </con:credentials>
        <con:jmsConfig JMSDeliveryMode="PERSISTENT"/>
        <con:jmsPropertyConfig/>
        <con:wsaConfig mustUnderstand="NONE" version="200508" action="http://fidus.brussels/services/vehicleservice/getVehicleRegistration"/>
        <con:wsrmConfig version="1.2"/>
      </con:call>
      <con:call id="9fc8a633-166f-4c28-8018-cc8b4657d361" name="03 - Test - Worker1 Request" outgoingWss="Outflow TEST" incomingWss="Inflow TEST">
        <con:settings>
          <con:setting id="com.eviware.soapui.impl.wsdl.WsdlRequest@request-headers">&lt;xml-fragment/></con:setting>
        </con:settings>
        <con:encoding>UTF-8</con:encoding>
        <con:endpoint>https://192.168.22.53:8443/services/VehicleService_v1.1</con:endpoint>
        <con:request><![CDATA[<soapenv:Envelope xmlns:soapenv="http://schemas.xmlsoap.org/soap/envelope/" xmlns:v1="http://fidus.brussels/service/vehicleservice/messages/v1.1" xmlns:v11="http://fidus.brussels/type/common/messages/v1">
   <soapenv:Header/>
   <soapenv:Body>
      <v1:getVehicleRegistrationRequest>
		<v1:messageContext>
            <v11:messageId>${=import static java.util.UUID.randomUUID; uuid = randomUUID() as String}</v11:messageId>
            <v11:timestamp>${=new java.text.SimpleDateFormat("yyyy-MM-dd'T'HH:mm:ss.SSS").format(new Date())}</v11:timestamp>
         </v1:messageContext>
         <v1:legalContext>ServiceIntegrator</v1:legalContext>
         <v1:consumerContext>
            <v11:companyNumber>0316381039</v11:companyNumber>
            <v11:companyId>Brussel Fiscaliteit</v11:companyId>
         </v1:consumerContext>
         <v1:request>
            <PlateNr>ASK-050</PlateNr>
            <LanguageCode>2</LanguageCode>
         </v1:request>
      </v1:getVehicleRegistrationRequest>
   </soapenv:Body>
</soapenv:Envelope>]]></con:request>
        <con:credentials>
          <con:selectedAuthProfile>Basic</con:selectedAuthProfile>
          <con:addedBasicAuthenticationTypes>Basic</con:addedBasicAuthenticationTypes>
          <con:authType>Global HTTP Settings</con:authType>
        </con:credentials>
        <con:jmsConfig JMSDeliveryMode="PERSISTENT"/>
        <con:jmsPropertyConfig/>
        <con:wsaConfig mustUnderstand="NONE" version="200508" action="http://fidus.brussels/services/vehicleservice/getVehicleRegistration"/>
        <con:wsrmConfig version="1.2"/>
      </con:call>
      <con:call id="70b7dc71-f0cb-46d4-8105-1ef20dc6ee85" name="03 - Test - Worker2 Request" outgoingWss="Outflow TEST" incomingWss="Inflow TEST">
        <con:settings>
          <con:setting id="com.eviware.soapui.impl.wsdl.WsdlRequest@request-headers">&lt;xml-fragment/></con:setting>
        </con:settings>
        <con:encoding>UTF-8</con:encoding>
        <con:endpoint>https://192.168.22.54:8443/services/VehicleService_v1.1</con:endpoint>
        <con:request><![CDATA[<soapenv:Envelope xmlns:soapenv="http://schemas.xmlsoap.org/soap/envelope/" xmlns:v1="http://fidus.brussels/service/vehicleservice/messages/v1.1" xmlns:v11="http://fidus.brussels/type/common/messages/v1">
   <soapenv:Header/>
   <soapenv:Body>
      <v1:getVehicleRegistrationRequest>
		<v1:messageContext>
            <v11:messageId>${=import static java.util.UUID.randomUUID; uuid = randomUUID() as String}</v11:messageId>
            <v11:timestamp>${=new java.text.SimpleDateFormat("yyyy-MM-dd'T'HH:mm:ss.SSS").format(new Date())}</v11:timestamp>
         </v1:messageContext>
         <v1:legalContext>ServiceIntegrator</v1:legalContext>
         <v1:consumerContext>
            <v11:companyNumber>0316381039</v11:companyNumber>
            <v11:companyId>Brussel Fiscaliteit</v11:companyId>
         </v1:consumerContext>
         <v1:request>
            <PlateNr>1GBL589</PlateNr>
            <LanguageCode>2</LanguageCode>
         </v1:request>
      </v1:getVehicleRegistrationRequest>
   </soapenv:Body>
</soapenv:Envelope>]]></con:request>
        <con:credentials>
          <con:selectedAuthProfile>Basic</con:selectedAuthProfile>
          <con:addedBasicAuthenticationTypes>Basic</con:addedBasicAuthenticationTypes>
          <con:authType>Global HTTP Settings</con:authType>
        </con:credentials>
        <con:jmsConfig JMSDeliveryMode="PERSISTENT"/>
        <con:jmsPropertyConfig/>
        <con:wsaConfig mustUnderstand="NONE" version="200508" action="http://fidus.brussels/services/vehicleservice/getVehicleRegistration"/>
        <con:wsrmConfig version="1.2"/>
      </con:call>
      <con:call id="85a8b7fe-8b8c-4e03-b5f3-ef6cdb2e3bf0" name="04 - Staging - External Request" outgoingWss="Outflow STAGING" incomingWss="Inflow STAGING">
        <con:settings>
          <con:setting id="com.eviware.soapui.impl.wsdl.WsdlRequest@request-headers">&lt;xml-fragment/></con:setting>
        </con:settings>
        <con:encoding>UTF-8</con:encoding>
        <con:endpoint>https://fidus.irisnetlab.be/services/VehicleService_v1.1</con:endpoint>
        <con:request><![CDATA[<soapenv:Envelope xmlns:soapenv="http://schemas.xmlsoap.org/soap/envelope/" xmlns:v1="http://fidus.brussels/service/vehicleservice/messages/v1.1" xmlns:v11="http://fidus.brussels/type/common/messages/v1">
   <soapenv:Header/>
   <soapenv:Body>
      <v1:getVehicleRegistrationRequest>
		<v1:messageContext>
            <v11:messageId>${=import static java.util.UUID.randomUUID; uuid = randomUUID() as String}</v11:messageId>
            <v11:timestamp>${=new java.text.SimpleDateFormat("yyyy-MM-dd'T'HH:mm:ss.SSS").format(new Date())}</v11:timestamp>
         </v1:messageContext>
         <v1:legalContext>ServiceIntegrator</v1:legalContext>
         <v1:consumerContext>
            <v11:companyNumber>0316381039</v11:companyNumber>
            <v11:companyId>Brussel Fiscaliteit</v11:companyId>
         </v1:consumerContext>
         <v1:request>
            <PlateNr>1PBN606</PlateNr>
            <LanguageCode>0</LanguageCode>
         </v1:request>
      </v1:getVehicleRegistrationRequest>
   </soapenv:Body>
</soapenv:Envelope>]]></con:request>
        <con:credentials>
          <con:selectedAuthProfile>Basic</con:selectedAuthProfile>
          <con:addedBasicAuthenticationTypes>Basic</con:addedBasicAuthenticationTypes>
          <con:authType>Global HTTP Settings</con:authType>
        </con:credentials>
        <con:jmsConfig JMSDeliveryMode="PERSISTENT"/>
        <con:jmsPropertyConfig/>
        <con:wsaConfig mustUnderstand="NONE" version="200508" action="http://fidus.brussels/services/vehicleservice/getVehicleRegistration"/>
        <con:wsrmConfig version="1.2"/>
      </con:call>
    <con:call id="679874a9-7bf6-4fbf-84fc-1b4115d032e6" name="05 - Prod - External Request" outgoingWss="Outflow PROD" incomingWss="Inflow PROD"><con:settings><con:setting id="com.eviware.soapui.impl.wsdl.WsdlRequest@request-headers">&lt;xml-fragment/></con:setting></con:settings><con:encoding>UTF-8</con:encoding><con:endpoint>https://fidus.sec.brussels/services/VehicleService_v1.1</con:endpoint><con:request><![CDATA[<soapenv:Envelope xmlns:soapenv="http://schemas.xmlsoap.org/soap/envelope/" xmlns:v1="http://fidus.brussels/service/vehicleservice/messages/v1.1" xmlns:v11="http://fidus.brussels/type/common/messages/v1">
   <soapenv:Header/>
   <soapenv:Body>
      <v1:getVehicleRegistrationRequest>
		<v1:messageContext>
            <v11:messageId>${=import static java.util.UUID.randomUUID; uuid = randomUUID() as String}</v11:messageId>
            <v11:timestamp>${=new java.text.SimpleDateFormat("yyyy-MM-dd'T'HH:mm:ss.SSS").format(new Date())}</v11:timestamp>
         </v1:messageContext>
         <v1:legalContext>ServiceIntegrator</v1:legalContext>
         <v1:consumerContext>
            <v11:companyNumber>0316381039</v11:companyNumber>
            <v11:companyId>Brussel Fiscaliteit</v11:companyId>
         </v1:consumerContext>
         <v1:request>
            <PlateNr>1PBN606</PlateNr>
            <LanguageCode>0</LanguageCode>
         </v1:request>
      </v1:getVehicleRegistrationRequest>
   </soapenv:Body>
</soapenv:Envelope>]]></con:request><con:credentials>
          <con:selectedAuthProfile>Basic</con:selectedAuthProfile>
          <con:addedBasicAuthenticationTypes>Basic</con:addedBasicAuthenticationTypes>
          <con:authType>Global HTTP Settings</con:authType>
        </con:credentials><con:jmsConfig JMSDeliveryMode="PERSISTENT"/><con:jmsPropertyConfig/><con:wsaConfig mustUnderstand="NONE" version="200508" action="http://fidus.brussels/services/vehicleservice/getVehicleRegistration"/><con:wsrmConfig version="1.2"/></con:call></con:operation>
  <con:operation id="b2d410a7-8425-4996-9d52-7d2bf38aeb1f" isOneWay="false" action="http://fidus.brussels/services/vehicleservice/getVehicleInformation" name="getVehicleInformation" bindingOperationName="getVehicleInformation" type="Request-Response" inputName="" receivesAttachments="false" sendsAttachments="false" anonymous="optional"><con:settings/><con:call id="7cf31c8c-2f70-4e4a-ac5a-f1dbf38b2be1" name="Request 1" outgoingWss="Outflow DEV" incomingWss="Inflow DEV"><con:settings><con:setting id="com.eviware.soapui.impl.wsdl.WsdlRequest@request-headers">&lt;xml-fragment/></con:setting></con:settings><con:encoding>UTF-8</con:encoding><con:endpoint>https://localhost:8243/services/VehicleService_v1.1</con:endpoint><con:request><![CDATA[<soapenv:Envelope xmlns:soapenv="http://schemas.xmlsoap.org/soap/envelope/" xmlns:v1="http://fidus.brussels/service/vehicleservice/messages/v1.1" xmlns:v11="http://fidus.brussels/type/common/messages/v1">
   <soapenv:Header/>
   <soapenv:Body>
      <v1:getVehicleInformationRequest>
		<v1:messageContext>
            <v11:messageId>${=import static java.util.UUID.randomUUID; uuid = randomUUID() as String}</v11:messageId>
            <v11:timestamp>${=new java.text.SimpleDateFormat("yyyy-MM-dd'T'HH:mm:ss.SSS").format(new Date())}</v11:timestamp>
         </v1:messageContext>
         <v1:legalContext>ServiceIntegrator</v1:legalContext>
         <v1:consumerContext>
            <v11:companyNumber>207541594</v11:companyNumber>
            <v11:companyId>21003</v11:companyId>
         </v1:consumerContext>
         <v1:request>
            <Vin>WAUZZZ8V8EA186015</Vin>
         </v1:request>
      </v1:getVehicleInformationRequest>
   </soapenv:Body>
</soapenv:Envelope>]]></con:request><con:credentials><con:selectedAuthProfile>Basic</con:selectedAuthProfile><con:addedBasicAuthenticationTypes>Basic</con:addedBasicAuthenticationTypes><con:authType>Global HTTP Settings</con:authType></con:credentials><con:jmsConfig JMSDeliveryMode="PERSISTENT"/><con:jmsPropertyConfig/><con:wsaConfig mustUnderstand="NONE" version="200508" action="http://fidus.brussels/services/vehicleservice/getVehicleInformation"/><con:wsrmConfig version="1.2"/></con:call></con:operation></con:interface>
  <con:testSuite id="dc8b163f-c392-4aa7-b75b-9439d7eea07d" name="DEV"><con:settings/><con:runType>SEQUENTIAL</con:runType><con:testCase id="1ac25067-6c00-48ed-8460-b691fa62a96d" failOnError="true" failTestCaseOnErrors="true" keepSession="false" maxResults="0" name="getVehicleTitular" searchProperties="true"><con:settings/><con:testStep type="request" id="6fae97f8-cf8c-4269-b4b5-300a0861b88a" name="testcase02 - Dev - Request"><con:settings/><con:config xsi:type="con:RequestStep" xmlns:xsi="http://www.w3.org/2001/XMLSchema-instance"><con:interface>VehicleServiceHTTPBinding</con:interface><con:operation>getVehicleTitular</con:operation><con:request name="testcase02 - Dev - Request" id="dc1e3440-218d-4a3d-bac2-99395aefd810" outgoingWss="Outflow DEV"><con:settings/><con:encoding>UTF-8</con:encoding><con:endpoint>https://192.168.36.61:8243/services/VehicleService_v1.1</con:endpoint><con:request><![CDATA[<soapenv:Envelope xmlns:soapenv="http://schemas.xmlsoap.org/soap/envelope/" xmlns:v1="http://fidus.brussels/service/vehicleservice/messages/v1.1" xmlns:v11="http://fidus.brussels/type/common/messages/v1">
   <soapenv:Header/>
   <soapenv:Body>
      <v1:getVehicleTitularRequest>
         <v1:messageContext>
            <v11:messageId>${=import static java.util.UUID.randomUUID; uuid = randomUUID() as String}</v11:messageId>
            <v11:timestamp>${=new java.text.SimpleDateFormat("yyyy-MM-dd'T'HH:mm:ss.SSS").format(new Date())}</v11:timestamp>
         </v1:messageContext>
         <v1:legalContext>ServiceIntegrator</v1:legalContext>
         <v1:consumerContext>
            <v11:companyNumber>207541594</v11:companyNumber>
            <v11:companyId>21003</v11:companyId>
         </v1:consumerContext>
         <v1:request>
            <!--Optional:-->
            <PlateNr>ASK-050</PlateNr>
         </v1:request>
      </v1:getVehicleTitularRequest>
   </soapenv:Body>
</soapenv:Envelope>]]></con:request><con:assertion type="SOAP Fault Assertion" id="c100d2ea-b675-46ad-a006-87d5ae694aca" name="Not SOAP Fault"/><con:assertion type="SOAP Response" id="9363e653-586d-4ef8-aa71-5695896ea1fa" name="SOAP Response"/><con:assertion type="Schema Compliance" id="c90995cc-536e-49f0-93dd-cee89545bf39" name="Schema Compliance"><con:configuration/></con:assertion><con:wsaConfig action="http://fidus.brussels/services/vehicleservice/getVehicleTitular"/></con:request></con:config></con:testStep><con:properties/></con:testCase><con:testCase id="327f1902-9665-4b9b-ae2f-1f12e0bf239a" failOnError="true" failTestCaseOnErrors="true" keepSession="false" maxResults="0" name="getVehicleRegistration" searchProperties="true"><con:settings/><con:testStep type="request" id="0299df14-1fa4-4de4-a371-9389b3ab6316" name="testcase02 - Dev - Request"><con:settings/><con:config xsi:type="con:RequestStep" xmlns:xsi="http://www.w3.org/2001/XMLSchema-instance"><con:interface>VehicleServiceHTTPBinding</con:interface><con:operation>getVehicleRegistration</con:operation><con:request name="testcase02 - Dev - Request" id="490cd08b-9081-4df5-b812-09ef9e74b7e1" outgoingWss="Outflow DEV"><con:settings/><con:encoding>UTF-8</con:encoding><con:endpoint>https://192.168.36.61:8243/services/VehicleService_v1.1</con:endpoint><con:request><![CDATA[<soapenv:Envelope xmlns:soapenv="http://schemas.xmlsoap.org/soap/envelope/" xmlns:v1="http://fidus.brussels/service/vehicleservice/messages/v1.1" xmlns:v11="http://fidus.brussels/type/common/messages/v1">
   <soapenv:Header/>
   <soapenv:Body>
      <v1:getVehicleRegistrationRequest>
		<v1:messageContext>
            <v11:messageId>${=import static java.util.UUID.randomUUID; uuid = randomUUID() as String}</v11:messageId>            
            <v11:timestamp>${=new java.text.SimpleDateFormat("yyyy-MM-dd'T'HH:mm:ss.SSS").format(new Date())}</v11:timestamp>
         </v1:messageContext>
         <v1:legalContext>ServiceIntegrator</v1:legalContext>
         <v1:consumerContext>
            <v11:companyNumber>0207541594</v11:companyNumber>
            <v11:companyId>21003</v11:companyId>
         </v1:consumerContext>
         <v1:request>            
            <PlateNr>ASK-050</PlateNr>            
            <LanguageCode>2</LanguageCode>
         </v1:request>
      </v1:getVehicleRegistrationRequest>
   </soapenv:Body>
</soapenv:Envelope>]]></con:request><con:assertion type="SOAP Fault Assertion" id="50f83589-6c00-470c-8644-7b95eeeb0e0a" name="Not SOAP Fault"/><con:assertion type="SOAP Response" id="aea331fe-8036-41c5-a0bb-118cbd41975f" name="SOAP Response"/><con:assertion type="Schema Compliance" id="03c22d48-c0b9-4d62-935c-b724b64ca40e" name="Schema Compliance"><con:configuration/></con:assertion><con:wsaConfig action="http://fidus.brussels/services/vehicleservice/getVehicleRegistration"/></con:request></con:config></con:testStep><con:properties/></con:testCase><con:properties/></con:testSuite><con:testSuite id="9e094564-b8e0-4217-aa6b-b7a6d8f71d34" name="TEST"><con:settings/><con:runType>SEQUENTIAL</con:runType><con:testCase id="ffe398e4-5f2c-499f-a682-221214a32e8b" failOnError="true" failTestCaseOnErrors="true" keepSession="false" maxResults="0" name="getVehicleTitular" searchProperties="true"><con:settings/><con:testStep type="request" id="03a96c60-3421-4790-ab1e-42c0626b4dc1" name="testcase03 - Test - External Request"><con:settings/><con:config xsi:type="con:RequestStep" xmlns:xsi="http://www.w3.org/2001/XMLSchema-instance"><con:interface>VehicleServiceHTTPBinding</con:interface><con:operation>getVehicleTitular</con:operation><con:request name="testcase03 - Test - External Request" id="c0a29ade-a93f-42b7-8936-ef308f1a5a12" outgoingWss="Outflow TEST"><con:settings/><con:encoding>UTF-8</con:encoding><con:endpoint>https://fidus-test.irisnetlab.be/services/VehicleService_v1.1</con:endpoint><con:request><![CDATA[<soapenv:Envelope xmlns:soapenv="http://schemas.xmlsoap.org/soap/envelope/" xmlns:v1="http://fidus.brussels/service/vehicleservice/messages/v1.1" xmlns:v11="http://fidus.brussels/type/common/messages/v1">
   <soapenv:Header/>
   <soapenv:Body>
      <v1:getVehicleTitularRequest>
         <v1:messageContext>
            <v11:messageId>${=import static java.util.UUID.randomUUID; uuid = randomUUID() as String}</v11:messageId>
            <v11:timestamp>${=new java.text.SimpleDateFormat("yyyy-MM-dd'T'HH:mm:ss.SSS").format(new Date())}</v11:timestamp>
         </v1:messageContext>
         <v1:legalContext>ServiceIntegrator</v1:legalContext>
         <v1:consumerContext>
            <v11:companyNumber>207541594</v11:companyNumber>
            <v11:companyId>21003</v11:companyId>
         </v1:consumerContext>
         <v1:request>
            <!--Optional:-->
            <PlateNr>ASK050</PlateNr>
            <LanguageCode>1</LanguageCode>
         </v1:request>
      </v1:getVehicleTitularRequest>
   </soapenv:Body>
</soapenv:Envelope>]]></con:request><con:assertion type="SOAP Fault Assertion" id="76a40f12-f9ad-41cd-a278-cae6eeceb172" name="Not SOAP Fault"/><con:assertion type="SOAP Response" id="101c843c-ac3f-470f-8f66-1be6842df3c2" name="SOAP Response"/><con:assertion type="Schema Compliance" id="0740e930-918e-4dd4-9455-30848bd2b1ab" name="Schema Compliance"><con:configuration/></con:assertion><con:wsaConfig action="http://fidus.brussels/services/vehicleservice/getVehicleTitular"/></con:request></con:config></con:testStep><con:testStep type="request" id="119b79b1-2270-4541-93a4-339bbc65b50d" name="testcase03 - Test - LB Request"><con:settings/><con:config xsi:type="con:RequestStep" xmlns:xsi="http://www.w3.org/2001/XMLSchema-instance"><con:interface>VehicleServiceHTTPBinding</con:interface><con:operation>getVehicleTitular</con:operation><con:request name="testcase03 - Test - LB Request" id="0143f89c-1e48-4c6f-be0b-cc5904b7560e" outgoingWss="Outflow TEST"><con:settings/><con:encoding>UTF-8</con:encoding><con:endpoint>https://esb-security-gw.sta.srv.cirb.lan:8443/services/VehicleService_v1.1</con:endpoint><con:request><![CDATA[<soapenv:Envelope xmlns:soapenv="http://schemas.xmlsoap.org/soap/envelope/" xmlns:v1="http://fidus.brussels/service/vehicleservice/messages/v1.1" xmlns:v11="http://fidus.brussels/type/common/messages/v1">
   <soapenv:Header/>
   <soapenv:Body>
      <v1:getVehicleTitularRequest>
         <v1:messageContext>
            <v11:messageId>${=import static java.util.UUID.randomUUID; uuid = randomUUID() as String}</v11:messageId>
            <v11:timestamp>${=new java.text.SimpleDateFormat("yyyy-MM-dd'T'HH:mm:ss.SSS").format(new Date())}</v11:timestamp>
         </v1:messageContext>
         <v1:legalContext>ServiceIntegrator</v1:legalContext>
         <v1:consumerContext>
            <v11:companyNumber>207541594</v11:companyNumber>
            <v11:companyId>21003</v11:companyId>
         </v1:consumerContext>
         <v1:request>
            <!--Optional:-->
            <PlateNr>ASK050</PlateNr>
         </v1:request>
      </v1:getVehicleTitularRequest>
   </soapenv:Body>
</soapenv:Envelope>]]></con:request><con:assertion type="SOAP Fault Assertion" id="bffb630a-5f82-4ddc-a243-7addf31c1ab6" name="Not SOAP Fault"/><con:assertion type="SOAP Response" id="f7d326d9-833a-432f-9496-7226c06f9b20" name="SOAP Response"/><con:assertion type="Schema Compliance" id="09767cdf-c7a0-4e0a-aac7-1f6fbcf41840" name="Schema Compliance"><con:configuration/></con:assertion><con:wsaConfig action="http://fidus.brussels/services/vehicleservice/getVehicleTitular"/></con:request></con:config></con:testStep><con:testStep type="request" id="2631bc08-ab0d-43dd-9daa-1f70640b8b36" name="testcase03 - Test - Worker1 - Request"><con:settings/><con:config xsi:type="con:RequestStep" xmlns:xsi="http://www.w3.org/2001/XMLSchema-instance"><con:interface>VehicleServiceHTTPBinding</con:interface><con:operation>getVehicleTitular</con:operation><con:request name="testcase03 - Test - Worker1 - Request" id="410ce4c8-6a70-4f23-abff-88d8c8c5ce2d" outgoingWss="Outflow TEST"><con:settings/><con:encoding>UTF-8</con:encoding><con:endpoint>https://192.168.22.53:8443/services/VehicleService_v1.1</con:endpoint><con:request><![CDATA[<soapenv:Envelope xmlns:soapenv="http://schemas.xmlsoap.org/soap/envelope/" xmlns:v1="http://fidus.brussels/service/vehicleservice/messages/v1.1" xmlns:v11="http://fidus.brussels/type/common/messages/v1">
   <soapenv:Header/>
   <soapenv:Body>
      <v1:getVehicleTitularRequest>
         <v1:messageContext>
            <v11:messageId>${=import static java.util.UUID.randomUUID; uuid = randomUUID() as String}</v11:messageId>
            <v11:timestamp>${=new java.text.SimpleDateFormat("yyyy-MM-dd'T'HH:mm:ss.SSS").format(new Date())}</v11:timestamp>
         </v1:messageContext>
         <v1:legalContext>ServiceIntegrator</v1:legalContext>
         <v1:consumerContext>
            <v11:companyNumber>207541594</v11:companyNumber>
            <v11:companyId>21003</v11:companyId>
         </v1:consumerContext>
         <v1:request>
            <!--Optional:-->
            <PlateNr>ASK050</PlateNr>
         </v1:request>
      </v1:getVehicleTitularRequest>
   </soapenv:Body>
</soapenv:Envelope>]]></con:request><con:assertion type="SOAP Fault Assertion" id="46288981-278b-4aa3-9af2-b41b2d8303b4" name="Not SOAP Fault"/><con:assertion type="SOAP Response" id="f8b4167a-0670-4e29-8f7f-07f242290135" name="SOAP Response"/><con:assertion type="Schema Compliance" id="7e82fd64-880a-450a-9a8c-8976b7a997a7" name="Schema Compliance"><con:configuration/></con:assertion><con:wsaConfig action="http://fidus.brussels/services/vehicleservice/getVehicleTitular"/></con:request></con:config></con:testStep><con:testStep type="request" id="61511e5f-200d-4bab-9f22-22b45806f856" name="testcase03 - Test - Worker2 - Request"><con:settings/><con:config xsi:type="con:RequestStep" xmlns:xsi="http://www.w3.org/2001/XMLSchema-instance"><con:interface>VehicleServiceHTTPBinding</con:interface><con:operation>getVehicleTitular</con:operation><con:request name="testcase03 - Test - Worker2 - Request" id="da087ff3-1c3b-43a4-aaa3-ef82a0f628d0" outgoingWss="Outflow TEST"><con:settings/><con:encoding>UTF-8</con:encoding><con:endpoint>https://192.168.22.54:8443/services/VehicleService_v1.1</con:endpoint><con:request><![CDATA[<soapenv:Envelope xmlns:soapenv="http://schemas.xmlsoap.org/soap/envelope/" xmlns:v1="http://fidus.brussels/service/vehicleservice/messages/v1.1" xmlns:v11="http://fidus.brussels/type/common/messages/v1">
   <soapenv:Header/>
   <soapenv:Body>
      <v1:getVehicleTitularRequest>
         <v1:messageContext>
            <v11:messageId>${=import static java.util.UUID.randomUUID; uuid = randomUUID() as String}</v11:messageId>
            <v11:timestamp>${=new java.text.SimpleDateFormat("yyyy-MM-dd'T'HH:mm:ss.SSS").format(new Date())}</v11:timestamp>
         </v1:messageContext>
         <v1:legalContext>ServiceIntegrator</v1:legalContext>
         <v1:consumerContext>
            <v11:companyNumber>207541594</v11:companyNumber>
            <v11:companyId>21003</v11:companyId>
         </v1:consumerContext>
         <v1:request>
            <!--Optional:-->
            <PlateNr>ASK050</PlateNr>
         </v1:request>
      </v1:getVehicleTitularRequest>
   </soapenv:Body>
</soapenv:Envelope>]]></con:request><con:assertion type="SOAP Fault Assertion" id="5f3c32ab-fa73-4f57-a5d5-403acc42a3f0" name="Not SOAP Fault"/><con:assertion type="SOAP Response" id="1832dc35-95b6-4eaa-bbbc-b78ed7bb4fdf" name="SOAP Response"/><con:assertion type="Schema Compliance" id="fcba3cca-05ea-4323-bca5-acb967b2a01d" name="Schema Compliance"><con:configuration/></con:assertion><con:wsaConfig action="http://fidus.brussels/services/vehicleservice/getVehicleTitular"/></con:request></con:config></con:testStep><con:properties/></con:testCase><con:testCase id="738d0a4a-a1a4-47e5-8062-b9b19340d18d" failOnError="true" failTestCaseOnErrors="true" keepSession="false" maxResults="0" name="getVehicleRegistration" searchProperties="true"><con:settings/><con:testStep type="request" id="6bd01961-80a6-41f5-8ef6-57ef76fa23cf" name="testcase03 - Test - External Request"><con:settings/><con:config xsi:type="con:RequestStep" xmlns:xsi="http://www.w3.org/2001/XMLSchema-instance"><con:interface>VehicleServiceHTTPBinding</con:interface><con:operation>getVehicleRegistration</con:operation><con:request name="testcase03 - Test - External Request" id="43d9ce18-6bcc-4971-9639-674f4ae498bf" outgoingWss="Outflow TEST"><con:settings/><con:encoding>UTF-8</con:encoding><con:endpoint>https://fidus-test.irisnetlab.be/services/VehicleService_v1.1</con:endpoint><con:request><![CDATA[<soapenv:Envelope xmlns:soapenv="http://schemas.xmlsoap.org/soap/envelope/" xmlns:v1="http://fidus.brussels/service/vehicleservice/messages/v1.1" xmlns:v11="http://fidus.brussels/type/common/messages/v1">
   <soapenv:Header/>
   <soapenv:Body>
      <v1:getVehicleRegistrationRequest>
		<v1:messageContext>
            <v11:messageId>${=import static java.util.UUID.randomUUID; uuid = randomUUID() as String}</v11:messageId>
            <v11:timestamp>${=new java.text.SimpleDateFormat("yyyy-MM-dd'T'HH:mm:ss.SSS").format(new Date())}</v11:timestamp>
         </v1:messageContext>
         <v1:legalContext>ServiceIntegrator</v1:legalContext>
         <v1:consumerContext>
            <v11:companyNumber>0316381039</v11:companyNumber>
            <v11:companyId>Brussel Fiscaliteit</v11:companyId>
         </v1:consumerContext>
         <v1:request>
            <PlateNr>YHN162</PlateNr>
            <LanguageCode>1</LanguageCode>
         </v1:request>
      </v1:getVehicleRegistrationRequest>
   </soapenv:Body>
</soapenv:Envelope>]]></con:request><con:assertion type="SOAP Fault Assertion" id="ea007cad-fdb1-49e2-bdc8-47c5510bbcd0" name="Not SOAP Fault"/><con:assertion type="SOAP Response" id="1f26fa5a-faaa-487c-bdfb-50c336b51c97" name="SOAP Response"/><con:assertion type="Schema Compliance" id="d18a449e-ae32-4203-b441-2a4c1b90d001" name="Schema Compliance"><con:configuration/></con:assertion><con:wsaConfig action="http://fidus.brussels/services/vehicleservice/getVehicleRegistration"/></con:request></con:config></con:testStep><con:testStep type="request" id="6c0f8353-9967-4a5f-8a94-045a416c00e1" name="testcase03 - Test - LB Request"><con:settings/><con:config xsi:type="con:RequestStep" xmlns:xsi="http://www.w3.org/2001/XMLSchema-instance"><con:interface>VehicleServiceHTTPBinding</con:interface><con:operation>getVehicleRegistration</con:operation><con:request name="testcase03 - Test - LB Request" id="423fae5f-26da-426d-9c41-d50e54246360" outgoingWss="Outflow TEST"><con:settings/><con:encoding>UTF-8</con:encoding><con:endpoint>https://esb-security-gw.sta.srv.cirb.lan:8443/services/VehicleService_v1.1</con:endpoint><con:request><![CDATA[<soapenv:Envelope xmlns:soapenv="http://schemas.xmlsoap.org/soap/envelope/" xmlns:v1="http://fidus.brussels/service/vehicleservice/messages/v1.1" xmlns:v11="http://fidus.brussels/type/common/messages/v1">
   <soapenv:Header/>
   <soapenv:Body>
      <v1:getVehicleRegistrationRequest>
		<v1:messageContext>
            <v11:messageId>${=import static java.util.UUID.randomUUID; uuid = randomUUID() as String}</v11:messageId>
            <v11:timestamp>${=new java.text.SimpleDateFormat("yyyy-MM-dd'T'HH:mm:ss.SSS").format(new Date())}</v11:timestamp>
         </v1:messageContext>
         <v1:legalContext>ServiceIntegrator</v1:legalContext>
         <v1:consumerContext>
            <v11:companyNumber>0316381039</v11:companyNumber>
            <v11:companyId>Brussel Fiscaliteit</v11:companyId>
         </v1:consumerContext>
         <v1:request>
            <PlateNr>ASK-050</PlateNr>
            <LanguageCode>2</LanguageCode>
         </v1:request>
      </v1:getVehicleRegistrationRequest>
   </soapenv:Body>
</soapenv:Envelope>]]></con:request><con:assertion type="SOAP Fault Assertion" id="54a68465-c054-468e-b2f6-60dcad49fab6" name="Not SOAP Fault"/><con:assertion type="SOAP Response" id="b1346844-5e44-4cd5-8c16-16a5d469a377" name="SOAP Response"/><con:assertion type="Schema Compliance" id="6f7383e3-671e-4f9c-8799-32d9e107d5b5" name="Schema Compliance"><con:configuration/></con:assertion><con:wsaConfig action="http://fidus.brussels/services/vehicleservice/getVehicleRegistration"/></con:request></con:config></con:testStep><con:testStep type="request" id="9d5faa42-d3f6-4ff4-bf0c-b3d885aebcb3" name="testcase03 - Test - Worker1 Request"><con:settings/><con:config xsi:type="con:RequestStep" xmlns:xsi="http://www.w3.org/2001/XMLSchema-instance"><con:interface>VehicleServiceHTTPBinding</con:interface><con:operation>getVehicleRegistration</con:operation><con:request name="testcase03 - Test - Worker1 Request" id="fcc7edc6-7aaa-4149-a047-39e340ba4b40" outgoingWss="Outflow TEST"><con:settings/><con:encoding>UTF-8</con:encoding><con:endpoint>https://192.168.22.53:8443/services/VehicleService_v1.1</con:endpoint><con:request><![CDATA[<soapenv:Envelope xmlns:soapenv="http://schemas.xmlsoap.org/soap/envelope/" xmlns:v1="http://fidus.brussels/service/vehicleservice/messages/v1.1" xmlns:v11="http://fidus.brussels/type/common/messages/v1">
   <soapenv:Header/>
   <soapenv:Body>
      <v1:getVehicleRegistrationRequest>
		<v1:messageContext>
            <v11:messageId>${=import static java.util.UUID.randomUUID; uuid = randomUUID() as String}</v11:messageId>
            <v11:timestamp>${=new java.text.SimpleDateFormat("yyyy-MM-dd'T'HH:mm:ss.SSS").format(new Date())}</v11:timestamp>
         </v1:messageContext>
         <v1:legalContext>ServiceIntegrator</v1:legalContext>
         <v1:consumerContext>
            <v11:companyNumber>0316381039</v11:companyNumber>
            <v11:companyId>Brussel Fiscaliteit</v11:companyId>
         </v1:consumerContext>
         <v1:request>
            <PlateNr>ASK-050</PlateNr>
            <LanguageCode>2</LanguageCode>
         </v1:request>
      </v1:getVehicleRegistrationRequest>
   </soapenv:Body>
</soapenv:Envelope>]]></con:request><con:assertion type="SOAP Fault Assertion" id="0b390f2d-762d-4349-abdb-d0386bebf271" name="Not SOAP Fault"/><con:assertion type="SOAP Response" id="ba3d2c9b-ad8c-4521-bccb-389fa66c7b2c" name="SOAP Response"/><con:assertion type="Schema Compliance" id="c4cb8e24-f928-4011-a4d0-299e63412cf3" name="Schema Compliance"><con:configuration/></con:assertion><con:wsaConfig action="http://fidus.brussels/services/vehicleservice/getVehicleRegistration"/></con:request></con:config></con:testStep><con:testStep type="request" id="c4814f7d-9d84-4134-986b-6c32a6b79ca7" name="testcase03 - Test - Worker2 Request"><con:settings/><con:config xsi:type="con:RequestStep" xmlns:xsi="http://www.w3.org/2001/XMLSchema-instance"><con:interface>VehicleServiceHTTPBinding</con:interface><con:operation>getVehicleRegistration</con:operation><con:request name="testcase03 - Test - Worker2 Request" id="96298878-8754-4bbc-9749-0787f6750f81" outgoingWss="Outflow TEST"><con:settings/><con:encoding>UTF-8</con:encoding><con:endpoint>https://192.168.22.54:8443/services/VehicleService_v1.1</con:endpoint><con:request><![CDATA[<soapenv:Envelope xmlns:soapenv="http://schemas.xmlsoap.org/soap/envelope/" xmlns:v1="http://fidus.brussels/service/vehicleservice/messages/v1.1" xmlns:v11="http://fidus.brussels/type/common/messages/v1">
   <soapenv:Header/>
   <soapenv:Body>
      <v1:getVehicleRegistrationRequest>
		<v1:messageContext>
            <v11:messageId>${=import static java.util.UUID.randomUUID; uuid = randomUUID() as String}</v11:messageId>
            <v11:timestamp>${=new java.text.SimpleDateFormat("yyyy-MM-dd'T'HH:mm:ss.SSS").format(new Date())}</v11:timestamp>
         </v1:messageContext>
         <v1:legalContext>ServiceIntegrator</v1:legalContext>
         <v1:consumerContext>
            <v11:companyNumber>0316381039</v11:companyNumber>
            <v11:companyId>Brussel Fiscaliteit</v11:companyId>
         </v1:consumerContext>
         <v1:request>
            <PlateNr>1GBL589</PlateNr>
            <LanguageCode>2</LanguageCode>
         </v1:request>
      </v1:getVehicleRegistrationRequest>
   </soapenv:Body>
</soapenv:Envelope>]]></con:request><con:assertion type="SOAP Fault Assertion" id="62b358ac-0df6-4ef3-9a27-4bf3053df2de" name="Not SOAP Fault"/><con:assertion type="SOAP Response" id="e69e99aa-6357-4525-a92f-4d0219d55158" name="SOAP Response"/><con:assertion type="Schema Compliance" id="b682fe60-f3cf-40fb-93f4-8cdcc64620d9" name="Schema Compliance"><con:configuration/></con:assertion><con:wsaConfig action="http://fidus.brussels/services/vehicleservice/getVehicleRegistration"/></con:request></con:config></con:testStep><con:properties/></con:testCase><con:properties/></con:testSuite><con:testSuite id="0d569416-5440-4d0c-b3a5-1caa449a2ad9" name="STAG"><con:settings/><con:runType>SEQUENTIAL</con:runType><con:testCase id="87623956-bad7-470f-b1db-6b7b73c02891" failOnError="true" failTestCaseOnErrors="true" keepSession="false" maxResults="0" name="getVehicleTitular" searchProperties="true"><con:settings/><con:testStep type="request" id="fb37dbb5-e30a-488c-88a3-301a74f337d4" name="testcase04 - Staging - External Request"><con:settings/><con:config xsi:type="con:RequestStep" xmlns:xsi="http://www.w3.org/2001/XMLSchema-instance"><con:interface>VehicleServiceHTTPBinding</con:interface><con:operation>getVehicleTitular</con:operation><con:request name="testcase04 - Staging - External Request" id="77f91136-1049-4dfa-b1b4-8e3fc7ca6ea3" outgoingWss="Outflow STAG"><con:settings/><con:encoding>UTF-8</con:encoding><con:endpoint>https://fidus.irisnetlab.be/services/VehicleService_v1.1</con:endpoint><con:request><![CDATA[<soapenv:Envelope xmlns:soapenv="http://schemas.xmlsoap.org/soap/envelope/" xmlns:v1="http://fidus.brussels/service/vehicleservice/messages/v1.1" xmlns:v11="http://fidus.brussels/type/common/messages/v1">
   <soapenv:Header/>
   <soapenv:Body>
      <v1:getVehicleTitularRequest>
         <v1:messageContext>
            <v11:messageId>${=import static java.util.UUID.randomUUID; uuid = randomUUID() as String}</v11:messageId>
            <v11:timestamp>${=new java.text.SimpleDateFormat("yyyy-MM-dd'T'HH:mm:ss.SSS").format(new Date())}</v11:timestamp>
         </v1:messageContext>
         <v1:legalContext>ServiceIntegrator</v1:legalContext>
         <v1:consumerContext>
            <v11:companyNumber>207541594</v11:companyNumber>
            <v11:companyId>21003</v11:companyId>
         </v1:consumerContext>
         <v1:request>
            <!--Optional:-->
            <PlateNr>ASK050</PlateNr>
            <LanguageCode>1</LanguageCode>
         </v1:request>
      </v1:getVehicleTitularRequest>
   </soapenv:Body>
</soapenv:Envelope>]]></con:request><con:assertion type="SOAP Fault Assertion" id="4a77346e-1438-455c-8495-ed4109838ddf" name="Not SOAP Fault"/><con:assertion type="SOAP Response" id="78a6d421-9ca1-4dde-8f48-27cf848ea956" name="SOAP Response"/><con:assertion type="Schema Compliance" id="5a66f249-afc9-49c3-827e-0ec893e54c0f" name="Schema Compliance"><con:configuration/></con:assertion><con:wsaConfig action="http://fidus.brussels/services/vehicleservice/getVehicleTitular"/></con:request></con:config></con:testStep><con:testStep type="request" id="a0a0f09c-f554-43c1-b570-3910f64239e8" name="testcase04 - Staging - LB Request"><con:settings/><con:config xsi:type="con:RequestStep" xmlns:xsi="http://www.w3.org/2001/XMLSchema-instance"><con:interface>VehicleServiceHTTPBinding</con:interface><con:operation>getVehicleTitular</con:operation><con:request name="testcase04 - Staging - LB Request" id="773838f4-b320-4ae6-9681-c6d61f98d068" outgoingWss="Outflow STAG"><con:settings/><con:encoding>UTF-8</con:encoding><con:endpoint>https://fidus-esb-sg.sta.srv.cirb.lan:8443/services/VehicleService_v1.1</con:endpoint><con:request><![CDATA[<soapenv:Envelope xmlns:soapenv="http://schemas.xmlsoap.org/soap/envelope/" xmlns:v1="http://fidus.brussels/service/vehicleservice/messages/v1.1" xmlns:v11="http://fidus.brussels/type/common/messages/v1">
   <soapenv:Header/>
   <soapenv:Body>
      <v1:getVehicleTitularRequest>
         <v1:messageContext>
            <v11:messageId>${=import static java.util.UUID.randomUUID; uuid = randomUUID() as String}</v11:messageId>
            <v11:timestamp>${=new java.text.SimpleDateFormat("yyyy-MM-dd'T'HH:mm:ss.SSS").format(new Date())}</v11:timestamp>
         </v1:messageContext>
         <v1:legalContext>ServiceIntegrator</v1:legalContext>
         <v1:consumerContext>
            <v11:companyNumber>207541594</v11:companyNumber>
            <v11:companyId>21003</v11:companyId>
         </v1:consumerContext>
         <v1:request>
            <!--Optional:-->
            <PlateNr>ASK050</PlateNr>
            <LanguageCode>1</LanguageCode>
         </v1:request>
      </v1:getVehicleTitularRequest>
   </soapenv:Body>
</soapenv:Envelope>]]></con:request><con:assertion type="SOAP Fault Assertion" id="be59cab7-8bb3-4a9b-954f-0ff7f4a6fe56" name="Not SOAP Fault"/><con:assertion type="SOAP Response" id="6ad1529a-b776-4aaf-985c-ee64e7edc4e6" name="SOAP Response"/><con:assertion type="Schema Compliance" id="5ea34a0c-b9b4-4e3e-98fd-b59829b33781" name="Schema Compliance"><con:configuration/></con:assertion><con:wsaConfig action="http://fidus.brussels/services/vehicleservice/getVehicleTitular"/></con:request></con:config></con:testStep><con:testStep type="request" id="1dc90010-6b12-4db7-ada4-75de0295f457" name="testcase04 - Staging - Worker 1"><con:settings/><con:config xsi:type="con:RequestStep" xmlns:xsi="http://www.w3.org/2001/XMLSchema-instance"><con:interface>VehicleServiceHTTPBinding</con:interface><con:operation>getVehicleTitular</con:operation><con:request name="testcase04 - Staging - Worker 1" id="779f0d48-a6c1-4320-8ffe-a7023dd0421b" outgoingWss="Outflow STAG"><con:settings/><con:encoding>UTF-8</con:encoding><con:endpoint>https://192.168.24.16:8443/services/VehicleService_v1.1</con:endpoint><con:request><![CDATA[<soapenv:Envelope xmlns:soapenv="http://schemas.xmlsoap.org/soap/envelope/" xmlns:v1="http://fidus.brussels/service/vehicleservice/messages/v1.1" xmlns:v11="http://fidus.brussels/type/common/messages/v1">
   <soapenv:Header/>
   <soapenv:Body>
      <v1:getVehicleTitularRequest>
         <v1:messageContext>
            <v11:messageId>${=import static java.util.UUID.randomUUID; uuid = randomUUID() as String}</v11:messageId>
            <v11:timestamp>${=new java.text.SimpleDateFormat("yyyy-MM-dd'T'HH:mm:ss.SSS").format(new Date())}</v11:timestamp>
         </v1:messageContext>
         <v1:legalContext>ServiceIntegrator</v1:legalContext>
         <v1:consumerContext>
            <v11:companyNumber>207541594</v11:companyNumber>
            <v11:companyId>21003</v11:companyId>
         </v1:consumerContext>
         <v1:request>
            <!--Optional:-->
            <PlateNr>ASK050</PlateNr>
            <LanguageCode>1</LanguageCode>
         </v1:request>
      </v1:getVehicleTitularRequest>
   </soapenv:Body>
</soapenv:Envelope>]]></con:request><con:assertion type="SOAP Fault Assertion" id="d807a46f-5442-4ba0-b5c3-a6126b9f15f5" name="Not SOAP Fault"/><con:assertion type="SOAP Response" id="cea166f6-53b1-484d-ab5e-e2a0038e5220" name="SOAP Response"/><con:assertion type="Schema Compliance" id="bfe7f3f9-47ce-448e-bc3f-333d51540907" name="Schema Compliance"><con:configuration/></con:assertion><con:wsaConfig action="http://fidus.brussels/services/vehicleservice/getVehicleTitular"/></con:request></con:config></con:testStep><con:testStep type="request" id="d67555ce-48dd-47d9-af4e-d256ee1ddb13" name="testcase04 - Staging - Worker 2"><con:settings/><con:config xsi:type="con:RequestStep" xmlns:xsi="http://www.w3.org/2001/XMLSchema-instance"><con:interface>VehicleServiceHTTPBinding</con:interface><con:operation>getVehicleTitular</con:operation><con:request name="testcase04 - Staging - Worker 2" id="1e6f5f26-b2b2-4d80-8c4e-d27e08e50d19" outgoingWss="Outflow STAG"><con:settings/><con:encoding>UTF-8</con:encoding><con:endpoint>https://192.168.24.17:8443/services/VehicleService_v1.1</con:endpoint><con:request><![CDATA[<soapenv:Envelope xmlns:soapenv="http://schemas.xmlsoap.org/soap/envelope/" xmlns:v1="http://fidus.brussels/service/vehicleservice/messages/v1.1" xmlns:v11="http://fidus.brussels/type/common/messages/v1">
   <soapenv:Header/>
   <soapenv:Body>
      <v1:getVehicleTitularRequest>
         <v1:messageContext>
            <v11:messageId>${=import static java.util.UUID.randomUUID; uuid = randomUUID() as String}</v11:messageId>
            <v11:timestamp>${=new java.text.SimpleDateFormat("yyyy-MM-dd'T'HH:mm:ss.SSS").format(new Date())}</v11:timestamp>
         </v1:messageContext>
         <v1:legalContext>ServiceIntegrator</v1:legalContext>
         <v1:consumerContext>
            <v11:companyNumber>207541594</v11:companyNumber>
            <v11:companyId>21003</v11:companyId>
         </v1:consumerContext>
         <v1:request>
            <!--Optional:-->
            <PlateNr>ASK050</PlateNr>
            <LanguageCode>1</LanguageCode>
         </v1:request>
      </v1:getVehicleTitularRequest>
   </soapenv:Body>
</soapenv:Envelope>]]></con:request><con:assertion type="SOAP Fault Assertion" id="c2a5070a-8062-4a08-977f-8d9d3d2f26cc" name="Not SOAP Fault"/><con:assertion type="SOAP Response" id="81f5462b-2f34-497c-8b95-8853a24654bb" name="SOAP Response"/><con:assertion type="Schema Compliance" id="bfe1d4e9-74df-45ca-b391-38fd48b88563" name="Schema Compliance"><con:configuration/></con:assertion><con:wsaConfig action="http://fidus.brussels/services/vehicleservice/getVehicleTitular"/></con:request></con:config></con:testStep><con:properties/></con:testCase><con:testCase id="483e5b49-7376-4b02-9518-93d943759b33" failOnError="true" failTestCaseOnErrors="true" keepSession="false" maxResults="0" name="getVehicleRegistration" searchProperties="true"><con:settings/><con:testStep type="request" id="7234a995-1dad-4891-aeb3-a0cf5643b4b6" name="testcase04 - Staging - External Request"><con:settings/><con:config xsi:type="con:RequestStep" xmlns:xsi="http://www.w3.org/2001/XMLSchema-instance"><con:interface>VehicleServiceHTTPBinding</con:interface><con:operation>getVehicleRegistration</con:operation><con:request name="testcase04 - Staging - External Request" id="97260ddc-30f2-46af-b02c-d2e77dc6622c" outgoingWss="Outflow STAG"><con:settings/><con:encoding>UTF-8</con:encoding><con:endpoint>https://fidus.irisnetlab.be/services/VehicleService_v1.1</con:endpoint><con:request><![CDATA[<soapenv:Envelope xmlns:soapenv="http://schemas.xmlsoap.org/soap/envelope/" xmlns:v1="http://fidus.brussels/service/vehicleservice/messages/v1.1" xmlns:v11="http://fidus.brussels/type/common/messages/v1">
   <soapenv:Header/>
   <soapenv:Body>
      <v1:getVehicleRegistrationRequest>
		<v1:messageContext>
            <v11:messageId>${=import static java.util.UUID.randomUUID; uuid = randomUUID() as String}</v11:messageId>
            <v11:timestamp>${=new java.text.SimpleDateFormat("yyyy-MM-dd'T'HH:mm:ss.SSS").format(new Date())}</v11:timestamp>
         </v1:messageContext>
         <v1:legalContext>ServiceIntegrator</v1:legalContext>
         <v1:consumerContext>
            <v11:companyNumber>0316381039</v11:companyNumber>
            <v11:companyId>Brussel Fiscaliteit</v11:companyId>
         </v1:consumerContext>
         <v1:request>
            <PlateNr>1PBN606</PlateNr>
            <LanguageCode>0</LanguageCode>
         </v1:request>
      </v1:getVehicleRegistrationRequest>
   </soapenv:Body>
</soapenv:Envelope>]]></con:request><con:assertion type="SOAP Fault Assertion" id="d4453310-ee8e-4f89-bad5-856a98a03e95" name="Not SOAP Fault"/><con:assertion type="SOAP Response" id="b1a68f0b-ec5e-48b9-ac83-4fbf592c2425" name="SOAP Response"/><con:assertion type="Schema Compliance" id="0fd2f36a-d94d-4590-a562-1386776ecaac" name="Schema Compliance"><con:configuration/></con:assertion><con:wsaConfig action="http://fidus.brussels/services/vehicleservice/getVehicleRegistration"/></con:request></con:config></con:testStep><con:properties/></con:testCase><con:properties/></con:testSuite><con:testSuite id="f96939fe-bc0e-490f-b91a-0ce7b74a2d12" name="PROD"><con:settings/><con:runType>SEQUENTIAL</con:runType><con:testCase id="e50ce623-5792-44c7-bcf9-31cbb0013249" failOnError="true" failTestCaseOnErrors="true" keepSession="false" maxResults="0" name="getVehicleTitular" searchProperties="true"><con:settings/><con:testStep type="request" id="ccdb6bcc-c9a7-4f2f-8545-4f8fec2834c1" name="testcase05 - Prod - External Request"><con:settings/><con:config xsi:type="con:RequestStep" xmlns:xsi="http://www.w3.org/2001/XMLSchema-instance"><con:interface>VehicleServiceHTTPBinding</con:interface><con:operation>getVehicleTitular</con:operation><con:request name="testcase05 - Prod - External Request" id="69d3b0d1-5ed7-4645-b261-0ecdefd834a6" outgoingWss="Outflow PROD"><con:settings/><con:encoding>UTF-8</con:encoding><con:endpoint>https://fidus.sec.brussels/services/VehicleService_v1.1</con:endpoint><con:request><![CDATA[<soapenv:Envelope xmlns:soapenv="http://schemas.xmlsoap.org/soap/envelope/" xmlns:v1="http://fidus.brussels/service/vehicleservice/messages/v1.1" xmlns:v11="http://fidus.brussels/type/common/messages/v1">
   <soapenv:Header/>
   <soapenv:Body>
      <v1:getVehicleTitularRequest>
         <v1:messageContext>
            <v11:messageId>${=import static java.util.UUID.randomUUID; uuid = randomUUID() as String}</v11:messageId>
            <v11:timestamp>${=new java.text.SimpleDateFormat("yyyy-MM-dd'T'HH:mm:ss.SSS").format(new Date())}</v11:timestamp>
         </v1:messageContext>
         <v1:legalContext>ServiceIntegrator</v1:legalContext>
         <v1:consumerContext>
            <v11:companyNumber>0207541594</v11:companyNumber>
            <v11:companyId>21003</v11:companyId>
         </v1:consumerContext>
         <v1:request>
            <!--Optional:-->
            <PlateNr>ASK050</PlateNr>
            <LanguageCode>1</LanguageCode>
         </v1:request>
      </v1:getVehicleTitularRequest>
   </soapenv:Body>
</soapenv:Envelope>]]></con:request><con:assertion type="SOAP Fault Assertion" id="791deafa-e983-41ab-abaa-165841ded68b" name="Not SOAP Fault"/><con:assertion type="SOAP Response" id="9b867e0a-ed77-4786-8d9e-94c237e751ef" name="SOAP Response"/><con:assertion type="Schema Compliance" id="9d787528-3fc2-462d-b4f8-f5b0f9d98085" name="Schema Compliance"><con:configuration/></con:assertion><con:wsaConfig action="http://fidus.brussels/services/vehicleservice/getVehicleTitular"/></con:request></con:config></con:testStep><con:testStep type="request" id="6c563ae4-b621-4486-8644-af4df5494730" name="testcase05 - Prod - LB Request"><con:settings/><con:config xsi:type="con:RequestStep" xmlns:xsi="http://www.w3.org/2001/XMLSchema-instance"><con:interface>VehicleServiceHTTPBinding</con:interface><con:operation>getVehicleTitular</con:operation><con:request name="testcase05 - Prod - LB Request" id="15ab4613-fdc6-4092-8c70-ecf12a3ebcd3" outgoingWss="Outflow PROD"><con:settings/><con:encoding>UTF-8</con:encoding><con:endpoint>https://fidus-esb-sg.prd.srv.cirb.lan:8443/services/VehicleService_v1.1</con:endpoint><con:request><![CDATA[<soapenv:Envelope xmlns:soapenv="http://schemas.xmlsoap.org/soap/envelope/" xmlns:v1="http://fidus.brussels/service/vehicleservice/messages/v1.1" xmlns:v11="http://fidus.brussels/type/common/messages/v1">
   <soapenv:Header/>
   <soapenv:Body>
      <v1:getVehicleTitularRequest>
         <v1:messageContext>
            <v11:messageId>${=import static java.util.UUID.randomUUID; uuid = randomUUID() as String}</v11:messageId>
            <v11:timestamp>${=new java.text.SimpleDateFormat("yyyy-MM-dd'T'HH:mm:ss.SSS").format(new Date())}</v11:timestamp>
         </v1:messageContext>
         <v1:legalContext>ServiceIntegrator</v1:legalContext>
         <v1:consumerContext>
            <v11:companyNumber>0207541594</v11:companyNumber>
            <v11:companyId>21003</v11:companyId>
         </v1:consumerContext>
         <v1:request>
            <!--Optional:-->
            <PlateNr>ASK050</PlateNr>
            <LanguageCode>1</LanguageCode>
         </v1:request>
      </v1:getVehicleTitularRequest>
   </soapenv:Body>
</soapenv:Envelope>]]></con:request><con:assertion type="SOAP Fault Assertion" id="7a0cdec1-c79d-42ee-b373-27dabefdd9a9" name="Not SOAP Fault"/><con:assertion type="SOAP Response" id="e0fcae05-08b6-4975-a309-f8e20aa6e0d9" name="SOAP Response"/><con:assertion type="Schema Compliance" id="c80aaeb1-1dcb-4302-946b-863747cde4f2" name="Schema Compliance"><con:configuration/></con:assertion><con:wsaConfig action="http://fidus.brussels/services/vehicleservice/getVehicleTitular"/></con:request></con:config></con:testStep><con:testStep type="request" id="0bfb3346-a806-4bf0-b781-7e707860d100" name="testcase05 - Prod - Worker 1"><con:settings/><con:config xsi:type="con:RequestStep" xmlns:xsi="http://www.w3.org/2001/XMLSchema-instance"><con:interface>VehicleServiceHTTPBinding</con:interface><con:operation>getVehicleTitular</con:operation><con:request name="testcase05 - Prod - Worker 1" id="3afc5156-335e-4843-956a-c512fa886045" outgoingWss="Outflow PROD"><con:settings/><con:encoding>UTF-8</con:encoding><con:endpoint>https://192.168.26.19:8443/services/VehicleService_v1.1</con:endpoint><con:request><![CDATA[<soapenv:Envelope xmlns:soapenv="http://schemas.xmlsoap.org/soap/envelope/" xmlns:v1="http://fidus.brussels/service/vehicleservice/messages/v1.1" xmlns:v11="http://fidus.brussels/type/common/messages/v1">
   <soapenv:Header/>
   <soapenv:Body>
      <v1:getVehicleTitularRequest>
         <v1:messageContext>
            <v11:messageId>${=import static java.util.UUID.randomUUID; uuid = randomUUID() as String}</v11:messageId>
            <v11:timestamp>${=new java.text.SimpleDateFormat("yyyy-MM-dd'T'HH:mm:ss.SSS").format(new Date())}</v11:timestamp>
         </v1:messageContext>
         <v1:legalContext>ServiceIntegrator</v1:legalContext>
         <v1:consumerContext>
            <v11:companyNumber>0207541594</v11:companyNumber>
            <v11:companyId>21003</v11:companyId>
         </v1:consumerContext>
         <v1:request>
            <!--Optional:-->
            <PlateNr>ASK050</PlateNr>
            <LanguageCode>1</LanguageCode>
         </v1:request>
      </v1:getVehicleTitularRequest>
   </soapenv:Body>
</soapenv:Envelope>]]></con:request><con:assertion type="SOAP Fault Assertion" id="3441ce7b-561d-4846-adff-6969a35d7f3e" name="Not SOAP Fault"/><con:assertion type="SOAP Response" id="1cbf82cb-a068-41f6-a355-48e46e4c04c1" name="SOAP Response"/><con:assertion type="Schema Compliance" id="d003fb4e-ec9a-44d2-a117-5e2a28909347" name="Schema Compliance"><con:configuration/></con:assertion><con:wsaConfig action="http://fidus.brussels/services/vehicleservice/getVehicleTitular"/></con:request></con:config></con:testStep><con:testStep type="request" id="1d3fc278-8f36-4422-9cbd-bd6f90a330d3" name="testcase05 - Prod - Worker 2"><con:settings/><con:config xsi:type="con:RequestStep" xmlns:xsi="http://www.w3.org/2001/XMLSchema-instance"><con:interface>VehicleServiceHTTPBinding</con:interface><con:operation>getVehicleTitular</con:operation><con:request name="testcase05 - Prod - Worker 2" id="31f41757-0a65-4060-8392-70e76188feb6" outgoingWss="Outflow PROD"><con:settings/><con:encoding>UTF-8</con:encoding><con:endpoint>https://192.168.26.22:8443/services/VehicleService_v1.1</con:endpoint><con:request><![CDATA[<soapenv:Envelope xmlns:soapenv="http://schemas.xmlsoap.org/soap/envelope/" xmlns:v1="http://fidus.brussels/service/vehicleservice/messages/v1.1" xmlns:v11="http://fidus.brussels/type/common/messages/v1">
   <soapenv:Header/>
   <soapenv:Body>
      <v1:getVehicleTitularRequest>
         <v1:messageContext>
            <v11:messageId>${=import static java.util.UUID.randomUUID; uuid = randomUUID() as String}</v11:messageId>
            <v11:timestamp>${=new java.text.SimpleDateFormat("yyyy-MM-dd'T'HH:mm:ss.SSS").format(new Date())}</v11:timestamp>
         </v1:messageContext>
         <v1:legalContext>ServiceIntegrator</v1:legalContext>
         <v1:consumerContext>
            <v11:companyNumber>0207541594</v11:companyNumber>
            <v11:companyId>21003</v11:companyId>
         </v1:consumerContext>
         <v1:request>
            <!--Optional:-->
            <PlateNr>ASK050</PlateNr>
            <LanguageCode>1</LanguageCode>
         </v1:request>
      </v1:getVehicleTitularRequest>
   </soapenv:Body>
</soapenv:Envelope>]]></con:request><con:assertion type="SOAP Fault Assertion" id="c5145a38-bbf7-4958-84f3-e0f1f35b1e23" name="Not SOAP Fault"/><con:assertion type="SOAP Response" id="5667bea1-dc3c-47e3-a83b-d98d5794da7c" name="SOAP Response"/><con:assertion type="Schema Compliance" id="6d296c17-fbf2-4f7a-978c-59a2dd10dcc5" name="Schema Compliance"><con:configuration/></con:assertion><con:wsaConfig action="http://fidus.brussels/services/vehicleservice/getVehicleTitular"/></con:request></con:config></con:testStep><con:properties/></con:testCase><con:testCase id="971f9bff-cadb-4c84-af9e-b91b1f31c6b5" failOnError="true" failTestCaseOnErrors="true" keepSession="false" maxResults="0" name="getVehicleRegistration" searchProperties="true"><con:settings/><con:testStep type="request" id="b821672d-9502-4365-a337-63e7a19b2c06" name="testcase05 - Prod - External Request"><con:settings/><con:config xsi:type="con:RequestStep" xmlns:xsi="http://www.w3.org/2001/XMLSchema-instance"><con:interface>VehicleServiceHTTPBinding</con:interface><con:operation>getVehicleRegistration</con:operation><con:request name="testcase05 - Prod - External Request" id="35a96aee-efb6-4130-98de-4ef8a7afd033" outgoingWss="Outflow PROD"><con:settings/><con:encoding>UTF-8</con:encoding><con:endpoint>https://fidus.sec.brussels/services/VehicleService_v1.1</con:endpoint><con:request><![CDATA[<soapenv:Envelope xmlns:soapenv="http://schemas.xmlsoap.org/soap/envelope/" xmlns:v1="http://fidus.brussels/service/vehicleservice/messages/v1.1" xmlns:v11="http://fidus.brussels/type/common/messages/v1">
   <soapenv:Header/>
   <soapenv:Body>
      <v1:getVehicleRegistrationRequest>
		<v1:messageContext>
            <v11:messageId>${=import static java.util.UUID.randomUUID; uuid = randomUUID() as String}</v11:messageId>
            <v11:timestamp>${=new java.text.SimpleDateFormat("yyyy-MM-dd'T'HH:mm:ss.SSS").format(new Date())}</v11:timestamp>
         </v1:messageContext>
         <v1:legalContext>ServiceIntegrator</v1:legalContext>
         <v1:consumerContext>
            <v11:companyNumber>0316381039</v11:companyNumber>
            <v11:companyId>Brussel Fiscaliteit</v11:companyId>
         </v1:consumerContext>
         <v1:request>
            <PlateNr>1PBN606</PlateNr>
            <LanguageCode>0</LanguageCode>
         </v1:request>
      </v1:getVehicleRegistrationRequest>
   </soapenv:Body>
</soapenv:Envelope>]]></con:request><con:assertion type="SOAP Fault Assertion" id="0552047e-a8f6-482d-8671-2b0e48496497" name="Not SOAP Fault"/><con:assertion type="SOAP Response" id="305edf29-f716-4154-bf08-5c3a25909fb0" name="SOAP Response"/><con:assertion type="Schema Compliance" id="b7c7da44-2003-407f-abb2-f5e3ab3b16bd" name="Schema Compliance"><con:configuration/></con:assertion><con:wsaConfig action="http://fidus.brussels/services/vehicleservice/getVehicleRegistration"/></con:request></con:config></con:testStep><con:properties/></con:testCase><con:properties/></con:testSuite><con:properties/>
  <con:wssContainer>
    
    
    
    
    
    
    
    
    
    
    
    
    
    
    
    
  <con:crypto><con:source>data/wso2/keystores/user-rajarshi.jks</con:source><con:password>test@fidus01</con:password><con:type>KEYSTORE</con:type></con:crypto><con:outgoing><con:name>Outflow DEV</con:name></con:outgoing><con:outgoing><con:name>Outflow TEST</con:name><con:entry type="Signature" username="testuser-test.fidus.brussels" password="test@fidus01"><con:configuration><crypto>user-rajarshi.jks</crypto><keyIdentifierType>3</keyIdentifierType><signatureAlgorithm/><signatureCanonicalization/><useSingleCert>true</useSingleCert><digestAlgorithm/><customTokenValueType/><customTokenId/></con:configuration></con:entry><con:entry type="Timestamp"><con:configuration><timeToLive>300000</timeToLive><strictTimestamp>true</strictTimestamp></con:configuration></con:entry></con:outgoing><con:outgoing><con:name>Outflow STAG</con:name></con:outgoing><con:outgoing><con:name>Outflow PROD</con:name></con:outgoing></con:wssContainer>
  <con:oAuth2ProfileContainer/>
  <con:oAuth1ProfileContainer/><con:sensitiveInformation/>
</con:soapui-project>