<?xml version="1.0" encoding="UTF-8"?>
<con:soapui-project id="11b404ed-5013-42b2-92a9-013432525abe" activeEnvironment="Default" name="Client-AccessManagerService-soapui-project" resourceRoot="" soapui-version="5.1.3" abortOnError="false" runType="SEQUENTIAL" xmlns:con="http://eviware.com/soapui/config"><con:settings/><con:interface xsi:type="con:WsdlInterface" id="548e423b-90e0-4e19-b45f-01f908a20276" wsaVersion="NONE" name="AccessManagerServiceHTTPBinding" type="wsdl" bindingName="{http://fidus.brussels/service/accessmanagerservice/v1}AccessManagerServiceHTTPBinding" soapVersion="1_1" anonymous="optional" definition="file:/home/fidus/Documents/cirb/fidus/parent/AccessManagerService/AccessManagerServiceGateway/src/main/resources/wsdl/accessManagerService/1.0.0/AccessManagerService_v1.wsdl" xmlns:xsi="http://www.w3.org/2001/XMLSchema-instance"><con:settings/><con:definitionCache type="TEXT" rootPart="file:/home/fidus/Documents/cirb/fidus/parent/AccessManagerService/AccessManagerServiceGateway/src/main/resources/wsdl/accessManagerService/1.0.0/AccessManagerService_v1.wsdl"><con:part><con:url>file:/home/fidus/Documents/cirb/fidus/parent/AccessManagerService/AccessManagerServiceGateway/src/main/resources/wsdl/accessManagerService/1.0.0/AccessManagerService_v1.wsdl</con:url><con:content><![CDATA[<wsdl:definitions targetNamespace="http://fidus.brussels/service/accessmanagerservice/v1" name="AccessManagerService" xmlns:soap="http://schemas.xmlsoap.org/wsdl/soap/" xmlns:wsdl="http://schemas.xmlsoap.org/wsdl/" xmlns:xsd="http://www.w3.org/2001/XMLSchema" xmlns:mes="http://fidus.brussels/service/accessmanagerservice/messages/v1" xmlns:tns="http://fidus.brussels/service/accessmanagerservice/v1">
  <xsd:annotation>
    <xsd:documentation>AccessManagerService WDSL v1.</xsd:documentation>
  </xsd:annotation>
  <wsdl:types>
    <xsd:schema targetNamespace="http://fidus.brussels/service/accessmanagerservice/v1" elementFormDefault="qualified">
      <xsd:import namespace="http://fidus.brussels/service/accessmanagerservice/messages/v1" schemaLocation="messages/accessManagerServiceMessages_v1.xsd"/>
    </xsd:schema>
  </wsdl:types>
  <wsdl:message name="getDomainRequest">
    <wsdl:part name="GetDomainRequest" element="mes:getDomainRequest"/>
  </wsdl:message>
  <wsdl:message name="getDomainResponse">
    <wsdl:part name="GetDomainResponse" element="mes:getDomainResponse"/>
  </wsdl:message>
  <wsdl:message name="getEntityRepresentativesRequest">
    <wsdl:part name="GetEntityRepresentativesRequest" element="mes:getEntityRepresentativesRequest"/>
  </wsdl:message>
  <wsdl:message name="GetEntityRepresentativesResponse">
    <wsdl:part name="getEntityRepresentativesResponse" element="mes:getEntityRepresentativesResponse"/>
  </wsdl:message>
  <wsdl:message name="findRepresentativeRolesByINSSRequest">
    <wsdl:part name="FindRepresentativeRolesByINSSRequest" element="mes:findRepresentativeRolesByINSSRequest"/>
  </wsdl:message>
  <wsdl:message name="findRepresentativeRolesByINSSResponse">
    <wsdl:part name="FindRepresentativeRolesByINSSResponse" element="mes:findRepresentativeRolesByINSSResponse"/>
  </wsdl:message>
  <wsdl:message name="getOrganisationParentNodesRequest">
    <wsdl:part name="GetOrganisationParentNodesRequest" element="mes:getOrganisationParentNodesRequest"/>
  </wsdl:message>
  <wsdl:message name="getOrganisationParentNodesResponse">
    <wsdl:part name="GetOrganisationParentNodesResponse" element="mes:getOrganisationParentNodesResponse"/>
  </wsdl:message>
  <wsdl:message name="getOrganisationChildNodesRequest">
    <wsdl:part name="GetOrganisationChildNodesRequest" element="mes:getOrganisationChildNodesRequest"/>
  </wsdl:message>
  <wsdl:message name="getOrganisationChildNodesResponse">
    <wsdl:part name="GetOrganisationChildNodesResponse" element="mes:getOrganisationChildNodesResponse"/>
  </wsdl:message>
  <wsdl:message name="getOrganisationDenominationRequest">
    <wsdl:part name="GetOrganisationNameRequest" element="mes:getOrganisationDenominationRequest"/>
  </wsdl:message>
  <wsdl:message name="getOrganisationDenominationResponse">
    <wsdl:part name="GetOrganisationNameResponse" element="mes:getOrganisationDenominationResponse"/>
  </wsdl:message>
  <wsdl:portType name="AccessManagerServicePortType">
    <wsdl:operation name="getDomain">
      <wsdl:input message="tns:getDomainRequest"/>
      <wsdl:output message="tns:getDomainResponse"/>
    </wsdl:operation>
    <wsdl:operation name="getEntityRepresentatives">
      <wsdl:input message="tns:getEntityRepresentativesRequest"/>
      <wsdl:output message="tns:getEntityRepresentativesResponse"/>
    </wsdl:operation>
    <wsdl:operation name="findRepresentativeRolesByINSS">
      <wsdl:input message="tns:findRepresentativeRolesByINSSRequest"/>
      <wsdl:output message="tns:findRepresentativeRolesByINSSResponse"/>
    </wsdl:operation>
    <wsdl:operation name="getOrganisationParentNodes">
      <wsdl:input message="tns:getOrganisationParentNodesRequest"/>
      <wsdl:output message="tns:getOrganisationParentNodesResponse"/>
    </wsdl:operation>
    <wsdl:operation name="getOrganisationChildNodes">
      <wsdl:input message="tns:getOrganisationChildNodesRequest"/>
      <wsdl:output message="tns:getOrganisationChildNodesResponse"/>
    </wsdl:operation>
    <wsdl:operation name="getOrganisationDenomination">
      <wsdl:input message="tns:getOrganisationDenominationRequest"/>
      <wsdl:output message="tns:getOrganisationDenominationResponse"/>
    </wsdl:operation>
  </wsdl:portType>
  <wsdl:binding name="AccessManagerServiceHTTPBinding" type="tns:AccessManagerServicePortType">
    <soap:binding transport="http://schemas.xmlsoap.org/soap/http" style="document"/>
    <wsdl:operation name="getDomain">
      <soap:operation soapAction="http://fidus.brussels/services/accessmanagerservice/getDomain"/>
      <wsdl:input>
        <soap:body use="literal"/>
      </wsdl:input>
      <wsdl:output>
        <soap:body use="literal"/>
      </wsdl:output>
    </wsdl:operation>
    <wsdl:operation name="getEntityRepresentatives">
      <soap:operation soapAction="http://fidus.brussels/services/accessmanagerservice/getEntityRepresentatives"/>
      <wsdl:input>
        <soap:body use="literal"/>
      </wsdl:input>
      <wsdl:output>
        <soap:body use="literal"/>
      </wsdl:output>
    </wsdl:operation>
    <wsdl:operation name="findRepresentativeRolesByINSS">
      <soap:operation soapAction="http://fidus.brussels/services/accessmanagerservice/findRepresentativeRolesByINSS"/>
      <wsdl:input>
        <soap:body use="literal"/>
      </wsdl:input>
      <wsdl:output>
        <soap:body use="literal"/>
      </wsdl:output>
    </wsdl:operation>
    <wsdl:operation name="getOrganisationParentNodes">
      <soap:operation soapAction="http://fidus.brussels/services/accessmanagerservice/getOrganisationParentNodes"/>
      <wsdl:input>
        <soap:body use="literal"/>
      </wsdl:input>
      <wsdl:output>
        <soap:body use="literal"/>
      </wsdl:output>
    </wsdl:operation>
    <wsdl:operation name="getOrganisationChildNodes">
      <soap:operation soapAction="http://fidus.brussels/services/accessmanagerservice/getOrganisationChildNodes"/>
      <wsdl:input>
        <soap:body use="literal"/>
      </wsdl:input>
      <wsdl:output>
        <soap:body use="literal"/>
      </wsdl:output>
    </wsdl:operation>
    <wsdl:operation name="getOrganisationDenomination">
      <soap:operation soapAction="http://fidus.brussels/services/accessmanagerservice/getOrganisationDenomination"/>
      <wsdl:input>
        <soap:body use="literal"/>
      </wsdl:input>
      <wsdl:output>
        <soap:body use="literal"/>
      </wsdl:output>
    </wsdl:operation>
  </wsdl:binding>
  <wsdl:service name="AccessManagerService_v1">
    <wsdl:port name="AccessManagerService_v1" binding="tns:AccessManagerServiceHTTPBinding">
      <soap:address location="http://fidus.brussels/services/accessmanagerservice/v1"/>
    </wsdl:port>
  </wsdl:service>
</wsdl:definitions>]]></con:content><con:type>http://schemas.xmlsoap.org/wsdl/</con:type></con:part><con:part><con:url>file:/home/fidus/Documents/cirb/fidus/parent/AccessManagerService/AccessManagerServiceGateway/src/main/resources/wsdl/accessManagerService/1.0.0/messages/accessManagerServiceMessages_v1.xsd</con:url><con:content><![CDATA[<xsd:schema targetNamespace="http://fidus.brussels/service/accessmanagerservice/messages/v1" elementFormDefault="qualified" attributeFormDefault="unqualified" version="1.0" xmlns:xsd="http://www.w3.org/2001/XMLSchema" xmlns:cme="http://fidus.brussels/type/common/messages/v1" xmlns:exc="http://fidus.brussels/type/common/exceptions/v1" xmlns:tns="http://fidus.brussels/service/accessmanagerservice/messages/v1" xmlns:types="http://socialsecurity.be/umanentityrepresentative/types/v3">
  <xsd:import namespace="http://fidus.brussels/type/common/messages/v1" schemaLocation="baseMessageTypes_v1.xsd"/>
  <xsd:import namespace="http://fidus.brussels/type/common/exceptions/v1" schemaLocation="exceptionTypes_v1.xsd"/>
  <xsd:import namespace="http://socialsecurity.be/umanentityrepresentative/types/v3" schemaLocation="../manager/UmanEntityRepresentativeTypesV3.xsd"/>
  <!--Request Type definition-->
  <xsd:complexType name="DomainType">
    <xsd:annotation>
      <xsd:documentation xml:lang="en">Request message to
				retrieve the allowed quality for a specified domain</xsd:documentation>
    </xsd:annotation>
    <xsd:sequence>
      <xsd:element name="domain" type="xsd:string"/>
      <xsd:element name="language" type="types:Language"/>
    </xsd:sequence>
  </xsd:complexType>
  <xsd:complexType name="OrganisationType">
    <xsd:annotation>
      <xsd:documentation xml:lang="en">Request message to
				retrieve the path of nodes, within an organisation, from the input
				organisation node to the top node of the organisation.</xsd:documentation>
    </xsd:annotation>
    <xsd:sequence>
      <xsd:element name="domain" type="xsd:string"/>
      <xsd:element name="organisationId" type="types:OrganisationId"/>
      <xsd:element name="language" type="types:Language"/>
    </xsd:sequence>
  </xsd:complexType>
  <xsd:complexType name="INSSType">
    <xsd:annotation>
      <xsd:documentation xml:lang="en">Request message to
				retrieve the list of organizations that are represented by the
				specified person and under whith representation role.</xsd:documentation>
    </xsd:annotation>
    <xsd:sequence>
      <xsd:element name="domain" type="xsd:string"/>
      <xsd:element name="inss" type="types:INSS"/>
      <xsd:element name="language" type="types:Language"/>
    </xsd:sequence>
  </xsd:complexType>
  <!--Request getAccessManagerService definition-->
  <xsd:complexType name="GetDomainRequestType">
    <xsd:sequence>
      <xsd:element name="messageContext" type="cme:RequestMessageContextType"/>
      <xsd:element name="legalContext" type="cme:LegalContextType"/>
      <xsd:element name="request" type="tns:DomainType"/>
    </xsd:sequence>
  </xsd:complexType>
  <xsd:complexType name="GetEntityRepresentativesRequestType">
    <xsd:sequence>
      <xsd:element name="messageContext" type="cme:RequestMessageContextType"/>
      <xsd:element name="legalContext" type="cme:LegalContextType"/>
      <xsd:element name="request" type="tns:OrganisationType"/>
    </xsd:sequence>
  </xsd:complexType>
  <xsd:complexType name="FindRepresentativeRolesByINSSRequestType">
    <xsd:sequence>
      <xsd:element name="messageContext" type="cme:RequestMessageContextType"/>
      <xsd:element name="legalContext" type="cme:LegalContextType"/>
      <xsd:element name="request" type="tns:INSSType"/>
    </xsd:sequence>
  </xsd:complexType>
  <xsd:complexType name="GetOrganisationParentNodesRequestType">
    <xsd:sequence>
      <xsd:element name="messageContext" type="cme:RequestMessageContextType"/>
      <xsd:element name="legalContext" type="cme:LegalContextType"/>
      <xsd:element name="request" type="tns:OrganisationType"/>
    </xsd:sequence>
  </xsd:complexType>
  <xsd:complexType name="GetOrganisationChildNodesRequestType">
    <xsd:sequence>
      <xsd:element name="messageContext" type="cme:RequestMessageContextType"/>
      <xsd:element name="legalContext" type="cme:LegalContextType"/>
      <xsd:element name="request" type="tns:OrganisationType"/>
    </xsd:sequence>
  </xsd:complexType>
  <xsd:complexType name="GetOrganisationDenominationRequestType">
    <xsd:sequence>
      <xsd:element name="messageContext" type="cme:RequestMessageContextType"/>
      <xsd:element name="legalContext" type="cme:LegalContextType"/>
      <xsd:element name="request" type="tns:OrganisationType"/>
    </xsd:sequence>
  </xsd:complexType>
  <!--Response getAccessManagerService definition-->
  <xsd:complexType name="GetDomainResponseType">
    <xsd:sequence>
      <xsd:element name="messageContext" type="cme:ResponseMessageContextType"/>
      <xsd:element name="responses" type="tns:DomainResponsesType" minOccurs="0"/>
      <xsd:element name="exceptions" type="exc:ExceptionsType" minOccurs="0">
        <xsd:annotation>
          <xsd:documentation>Technical errors that occur when processing the message context e.g. insufficient rights.</xsd:documentation>
        </xsd:annotation>
      </xsd:element>
    </xsd:sequence>
  </xsd:complexType>
  <xsd:complexType name="GetEntityRepresentativesResponseType">
    <xsd:sequence>
      <xsd:element name="messageContext" type="cme:ResponseMessageContextType"/>
      <xsd:element name="responses" type="tns:EntityRepresentativesResponsesType" minOccurs="0"/>
      <xsd:element name="exceptions" type="exc:ExceptionsType" minOccurs="0">
        <xsd:annotation>
          <xsd:documentation>Technical errors that occur when processing the message context e.g. insufficient rights.</xsd:documentation>
        </xsd:annotation>
      </xsd:element>
    </xsd:sequence>
  </xsd:complexType>
  <xsd:complexType name="FindRepresentativeRolesByINSSResponseType">
    <xsd:sequence>
      <xsd:element name="messageContext" type="cme:ResponseMessageContextType"/>
      <xsd:element name="responses" type="tns:INSSResponsesType" minOccurs="0"/>
      <xsd:element name="exceptions" type="exc:ExceptionsType" minOccurs="0">
        <xsd:annotation>
          <xsd:documentation>Technical errors that occur when processing the message context e.g. insufficient rights.</xsd:documentation>
        </xsd:annotation>
      </xsd:element>
    </xsd:sequence>
  </xsd:complexType>
  <xsd:complexType name="GetOrganisationParentNodesResponseType">
    <xsd:sequence>
      <xsd:element name="messageContext" type="cme:ResponseMessageContextType"/>
      <xsd:element name="responses" type="tns:NodeResponsesType" minOccurs="0"/>
      <xsd:element name="exceptions" type="exc:ExceptionsType" minOccurs="0">
        <xsd:annotation>
          <xsd:documentation>Technical errors that occur when processing the message context e.g. insufficient rights.</xsd:documentation>
        </xsd:annotation>
      </xsd:element>
    </xsd:sequence>
  </xsd:complexType>
  <xsd:complexType name="GetOrganisationChildNodesResponseType">
    <xsd:sequence>
      <xsd:element name="messageContext" type="cme:ResponseMessageContextType"/>
      <xsd:element name="responses" type="tns:NodeResponsesType" minOccurs="0"/>
      <xsd:element name="exceptions" type="exc:ExceptionsType" minOccurs="0">
        <xsd:annotation>
          <xsd:documentation>Technical errors that occur when processing the message context e.g. insufficient rights.</xsd:documentation>
        </xsd:annotation>
      </xsd:element>
    </xsd:sequence>
  </xsd:complexType>
  <xsd:complexType name="GetOrganisationDenominationResponseType">
    <xsd:sequence>
      <xsd:element name="messageContext" type="cme:ResponseMessageContextType"/>
      <xsd:element name="responses" type="tns:DenominationResponsesType" minOccurs="0"/>
      <xsd:element name="exceptions" type="exc:ExceptionsType" minOccurs="0">
        <xsd:annotation>
          <xsd:documentation>Technical errors that occur when processing the message context e.g. insufficient rights.</xsd:documentation>
        </xsd:annotation>
      </xsd:element>
    </xsd:sequence>
  </xsd:complexType>
  <!--Response Types definition-->
  <xsd:complexType name="DomainResponsesType">
    <xsd:sequence>
      <xsd:element name="response" type="tns:DomainResponseType" minOccurs="1" maxOccurs="1"/>
    </xsd:sequence>
  </xsd:complexType>
  <xsd:complexType name="NodeResponsesType">
    <xsd:sequence>
      <xsd:element name="response" type="tns:NodeResponseType" minOccurs="1" maxOccurs="1"/>
    </xsd:sequence>
  </xsd:complexType>
  <xsd:complexType name="DenominationResponsesType">
    <xsd:sequence>
      <xsd:element name="response" type="tns:DenominationResponseType" minOccurs="1" maxOccurs="1"/>
    </xsd:sequence>
  </xsd:complexType>
  <xsd:complexType name="EntityRepresentativesResponsesType">
    <xsd:sequence>
      <xsd:element name="response" type="tns:EntityRepresentativesResponseType" minOccurs="1" maxOccurs="1"/>
    </xsd:sequence>
  </xsd:complexType>
  <xsd:complexType name="INSSResponsesType">
    <xsd:sequence>
      <xsd:element name="response" type="tns:INSSResponseType" minOccurs="1" maxOccurs="1"/>
    </xsd:sequence>
  </xsd:complexType>
  <!--Response Type definition-->
  <xsd:complexType name="DomainResponseType">
    <xsd:annotation>
      <xsd:documentation xml:lang="en">Response message,
				echoing the message from the request</xsd:documentation>
    </xsd:annotation>
    <xsd:sequence>
      <xsd:element name="Status" type="types:StatusType"/>
      <xsd:sequence minOccurs="0" maxOccurs="unbounded">
        <xsd:element name="DomainData" type="types:DomainData"/>
      </xsd:sequence>
      <xsd:element name="exceptions" type="exc:ExceptionsType" minOccurs="0">
        <xsd:annotation>
          <xsd:documentation>Business exceptions that occur when processing the request or response e.g. missing data for a single response element.
						Exceptions at this level may contain back-end specific codes and content.</xsd:documentation>
        </xsd:annotation>
      </xsd:element>
    </xsd:sequence>
  </xsd:complexType>
  <xsd:complexType name="NodeResponseType">
    <xsd:annotation>
      <xsd:documentation xml:lang="en">Response message,
				echoing the message from the request</xsd:documentation>
    </xsd:annotation>
    <xsd:sequence>
      <xsd:element name="Status" type="types:StatusType"/>
      <xsd:element name="OrganisationNode" type="types:OrganisationNodeLinkParent" minOccurs="0" maxOccurs="unbounded"/>
      <xsd:element name="exceptions" type="exc:ExceptionsType" minOccurs="0">
        <xsd:annotation>
          <xsd:documentation>Business exceptions that occur when processing the request or response e.g. missing data for a single response element.
						Exceptions at this level may contain back-end specific codes and content.</xsd:documentation>
        </xsd:annotation>
      </xsd:element>
    </xsd:sequence>
  </xsd:complexType>
  <xsd:complexType name="DenominationResponseType">
    <xsd:annotation>
      <xsd:documentation xml:lang="en">Response message,
				echoing the message from the request</xsd:documentation>
    </xsd:annotation>
    <xsd:sequence>
      <xsd:element name="Status" type="types:StatusType"/>
      <xsd:sequence minOccurs="0" maxOccurs="unbounded">
        <xsd:element name="OrganisationDenominationData" type="types:OrganisationDenominationData"/>
      </xsd:sequence>
      <xsd:element name="exceptions" type="exc:ExceptionsType" minOccurs="0">
        <xsd:annotation>
          <xsd:documentation>Business exceptions that occur when processing the request or response e.g. missing data for a single response element.
						Exceptions at this level may contain back-end specific codes and content.</xsd:documentation>
        </xsd:annotation>
      </xsd:element>
    </xsd:sequence>
  </xsd:complexType>
  <xsd:complexType name="EntityRepresentativesResponseType">
    <xsd:annotation>
      <xsd:documentation xml:lang="en">Response message,
				echoing the message from the request</xsd:documentation>
    </xsd:annotation>
    <xsd:sequence>
      <xsd:element name="Status" type="types:StatusType"/>
      <xsd:sequence minOccurs="0">
        <xsd:element name="OrganisationId" type="types:OrganisationId"/>
        <xsd:element name="Representative" type="types:Person" minOccurs="0"/>
        <xsd:element name="CoRepresentative" type="types:Person" minOccurs="0" maxOccurs="unbounded"/>
        <xsd:element name="Quality" type="types:QualityRepresentatives" minOccurs="0" maxOccurs="unbounded"/>
      </xsd:sequence>
      <xsd:element name="exceptions" type="exc:ExceptionsType" minOccurs="0">
        <xsd:annotation>
          <xsd:documentation>Business exceptions that occur when processing the request or response e.g. missing data for a single response element.
						Exceptions at this level may contain back-end specific codes and content.</xsd:documentation>
        </xsd:annotation>
      </xsd:element>
    </xsd:sequence>
  </xsd:complexType>
  <xsd:complexType name="INSSResponseType">
    <xsd:annotation>
      <xsd:documentation xml:lang="en">Response message,
				echoing the message from the request</xsd:documentation>
    </xsd:annotation>
    <xsd:sequence>
      <xsd:element name="Status" type="types:StatusType"/>
      <xsd:sequence minOccurs="0">
        <xsd:element name="Entity" type="types:Entity" minOccurs="1" maxOccurs="unbounded"/>
      </xsd:sequence>
      <xsd:element name="exceptions" type="exc:ExceptionsType" minOccurs="0">
        <xsd:annotation>
          <xsd:documentation>Business exceptions that occur when processing the request or response e.g. missing data for a single response element.
						Exceptions at this level may contain back-end specific codes and content.</xsd:documentation>
        </xsd:annotation>
      </xsd:element>
    </xsd:sequence>
  </xsd:complexType>
  <!--Element of the request and the response-->
  <xsd:element name="getDomainRequest" type="tns:GetDomainRequestType"/>
  <xsd:element name="getDomainResponse" type="tns:GetDomainResponseType"/>
  <xsd:element name="getEntityRepresentativesRequest" type="tns:GetEntityRepresentativesRequestType"/>
  <xsd:element name="getEntityRepresentativesResponse" type="tns:GetEntityRepresentativesResponseType"/>
  <xsd:element name="findRepresentativeRolesByINSSRequest" type="tns:FindRepresentativeRolesByINSSRequestType"/>
  <xsd:element name="findRepresentativeRolesByINSSResponse" type="tns:FindRepresentativeRolesByINSSResponseType"/>
  <xsd:element name="getOrganisationParentNodesRequest" type="tns:GetOrganisationParentNodesRequestType"/>
  <xsd:element name="getOrganisationParentNodesResponse" type="tns:GetOrganisationParentNodesResponseType"/>
  <xsd:element name="getOrganisationChildNodesRequest" type="tns:GetOrganisationChildNodesRequestType"/>
  <xsd:element name="getOrganisationChildNodesResponse" type="tns:GetOrganisationChildNodesResponseType"/>
  <xsd:element name="getOrganisationDenominationRequest" type="tns:GetOrganisationDenominationRequestType"/>
  <xsd:element name="getOrganisationDenominationResponse" type="tns:GetOrganisationDenominationResponseType"/>
</xsd:schema>]]></con:content><con:type>http://www.w3.org/2001/XMLSchema</con:type></con:part><con:part><con:url>file:/home/fidus/Documents/cirb/fidus/parent/AccessManagerService/AccessManagerServiceGateway/src/main/resources/wsdl/accessManagerService/1.0.0/messages/baseMessageTypes_v1.xsd</con:url><con:content><![CDATA[<xsd:schema targetNamespace="http://fidus.brussels/type/common/messages/v1" elementFormDefault="qualified" attributeFormDefault="unqualified" version="1.0" xmlns:xsd="http://www.w3.org/2001/XMLSchema" xmlns:cmn="http://fidus.brussels/type/common/v1" xmlns:tns="http://fidus.brussels/type/common/messages/v1">
  <!--Unformatted message Id-->
  <xsd:simpleType name="MessageIdType">
    <xsd:restriction base="xsd:string">
      <xsd:minLength value="1"/>
      <xsd:maxLength value="64"/>
    </xsd:restriction>
  </xsd:simpleType>
  <!--National Number of the person. Format depending on the Register-->
  <xsd:simpleType name="PersonNumberType">
    <xsd:restriction base="xsd:string">
      <xsd:pattern value="[0-9][0-9](([0][0-9])|([1][0-2]))(([0-2][0-9])|([3][0-1]))(([0-9]{2}[1-9])|([0-9][1-9][0-9])|([1-9][0-9]{2}))(([0-8][0-9])|([9][0-7]))">
        <xsd:annotation>
          <xsd:documentation>National Register format</xsd:documentation>
        </xsd:annotation>
      </xsd:pattern>
      <xsd:pattern value="[0-9][0-9](([2][0-9])|([3][0-2]))(([0-2][0-9])|([3][0-1]))[0-9]{3}(([0-8][0-9])|([9][0-7]))">
        <xsd:annotation>
          <xsd:documentation>CBSS Register format: Bis Register</xsd:documentation>
        </xsd:annotation>
      </xsd:pattern>
      <xsd:pattern value="[0-9][0-9](([4][0-9])|([5][0-2]))(([0-2][0-9])|([3][0-1]))[0-9]{3}(([0-8][0-9])|([9][0-7]))">
        <xsd:annotation>
          <xsd:documentation>CBSS Register format: Ter Register</xsd:documentation>
        </xsd:annotation>
      </xsd:pattern>
    </xsd:restriction>
  </xsd:simpleType>
  <!--Request message context-->
  <xsd:complexType name="RequestMessageContextType">
    <xsd:annotation>
      <xsd:documentation>Message context block generated by the consumer.</xsd:documentation>
    </xsd:annotation>
    <xsd:sequence>
      <xsd:element name="messageId" type="tns:MessageIdType">
        <xsd:annotation>
          <xsd:documentation>Consumer must assign their own MessageId reference for the request.</xsd:documentation>
        </xsd:annotation>
      </xsd:element>
      <xsd:element name="timestamp" type="xsd:dateTime" minOccurs="0">
        <xsd:annotation>
          <xsd:documentation>Timestamp when client sent request.</xsd:documentation>
        </xsd:annotation>
      </xsd:element>
    </xsd:sequence>
  </xsd:complexType>
  <!--Response message context-->
  <xsd:complexType name="ResponseMessageContextType">
    <xsd:annotation>
      <xsd:documentation>MessageContext block generated by fidus.</xsd:documentation>
    </xsd:annotation>
    <xsd:sequence>
      <xsd:element name="messageId" type="tns:MessageIdType">
        <xsd:annotation>
          <xsd:documentation>A unique identifier generated by fidus.</xsd:documentation>
        </xsd:annotation>
      </xsd:element>
      <xsd:element name="transactionId" type="tns:MessageIdType">
        <xsd:annotation>
          <xsd:documentation>A unique ID returned to the client for tracing purposes.</xsd:documentation>
        </xsd:annotation>
      </xsd:element>
      <xsd:element name="relatesTo" type="tns:MessageIdType" minOccurs="0">
        <xsd:annotation>
          <xsd:documentation>Optional field. The unique id of a previous batch file in this exchange Only used for responses.</xsd:documentation>
        </xsd:annotation>
      </xsd:element>
      <xsd:element name="timestamp" type="xsd:dateTime" minOccurs="0">
        <xsd:annotation>
          <xsd:documentation>Time reply sent by fidus.</xsd:documentation>
        </xsd:annotation>
      </xsd:element>
    </xsd:sequence>
  </xsd:complexType>
  <!--Legal Context : the finality of the Privacy Commission-->
  <xsd:simpleType name="LegalContextType">
    <xsd:restriction base="xsd:string">
      <xsd:minLength value="1"/>
      <xsd:maxLength value="64"/>
    </xsd:restriction>
  </xsd:simpleType>
  <xsd:complexType name="UserContextType">
    <xsd:annotation>
      <xsd:documentation>The user context defines information regarding the actual user performing a request.</xsd:documentation>
    </xsd:annotation>
    <xsd:sequence>
      <xsd:element name="language" type="xsd:language" nillable="true">
        <xsd:annotation>
          <xsd:documentation>The preferred language of the actual user performing the request.
						This influences the language in which response elements are cast.</xsd:documentation>
        </xsd:annotation>
      </xsd:element>
    </xsd:sequence>
  </xsd:complexType>
</xsd:schema>]]></con:content><con:type>http://www.w3.org/2001/XMLSchema</con:type></con:part><con:part><con:url>file:/home/fidus/Documents/cirb/fidus/parent/AccessManagerService/AccessManagerServiceGateway/src/main/resources/wsdl/accessManagerService/1.0.0/messages/exceptionTypes_v1.xsd</con:url><con:content><![CDATA[<xsd:schema targetNamespace="http://fidus.brussels/type/common/exceptions/v1" elementFormDefault="qualified" attributeFormDefault="unqualified" version="1.0" xmlns:xsd="http://www.w3.org/2001/XMLSchema" xmlns:tns="http://fidus.brussels/type/common/exceptions/v1">
  <!--Basic error typed-->
  <xsd:complexType name="ExceptionsType">
    <xsd:sequence>
      <xsd:element name="exception" type="tns:ExceptionType" maxOccurs="unbounded"/>
    </xsd:sequence>
  </xsd:complexType>
  <xsd:complexType name="ExceptionType">
    <xsd:sequence>
      <xsd:element name="type" type="tns:ExceptionClassType"/>
      <xsd:element name="code" type="tns:ExceptionCodeType"/>
      <xsd:element name="source" type="tns:ExceptionSourceType"/>
      <xsd:element name="description" type="tns:ExceptionDescriptionType"/>
    </xsd:sequence>
  </xsd:complexType>
  <xsd:simpleType name="ExceptionClassType">
    <xsd:restriction base="xsd:string">
      <xsd:enumeration value="ERROR"/>
      <xsd:enumeration value="WARNING"/>
      <xsd:enumeration value="INFO"/>
    </xsd:restriction>
  </xsd:simpleType>
  <xsd:simpleType name="ExceptionCodeType">
    <xsd:restriction base="xsd:string">
      <xsd:maxLength value="20"/>
    </xsd:restriction>
  </xsd:simpleType>
  <xsd:simpleType name="ExceptionSourceType">
    <xsd:restriction base="xsd:string">
      <xsd:maxLength value="20"/>
    </xsd:restriction>
  </xsd:simpleType>
  <xsd:simpleType name="ExceptionDescriptionType">
    <xsd:restriction base="xsd:string"/>
  </xsd:simpleType>
</xsd:schema>]]></con:content><con:type>http://www.w3.org/2001/XMLSchema</con:type></con:part><con:part><con:url>file:/home/fidus/Documents/cirb/fidus/parent/AccessManagerService/AccessManagerServiceGateway/src/main/resources/wsdl/accessManagerService/1.0.0/manager/UmanEntityRepresentativeTypesV3.xsd</con:url><con:content><![CDATA[<xsd:schema targetNamespace="http://socialsecurity.be/umanentityrepresentative/types/v3" elementFormDefault="qualified" attributeFormDefault="unqualified" version="1.0" xmlns="http://socialsecurity.be/umanentityrepresentative/types/v3" xmlns:xsd="http://www.w3.org/2001/XMLSchema">
  <xsd:complexType name="QualityRepresentatives">
    <xsd:annotation>
      <xsd:documentation xml:lang="en">Complex type defining who is the representative of a user management quality.</xsd:documentation>
    </xsd:annotation>
    <xsd:sequence>
      <xsd:element name="QualityCode" type="OrganisationCode"/>
      <xsd:element name="Denomination" type="Denomination"/>
      <xsd:element name="Representative" type="Person" minOccurs="0"/>
      <xsd:element name="CoRepresentative" type="Person" minOccurs="0" maxOccurs="unbounded"/>
      <xsd:element name="Subdivision" type="SubdivisionRepresentative" minOccurs="0" maxOccurs="unbounded"/>
    </xsd:sequence>
  </xsd:complexType>
  <xsd:complexType name="SubdivisionRepresentative">
    <xsd:annotation>
      <xsd:documentation xml:lang="en">Complex type defining who is the representative of a user management subdivison.</xsd:documentation>
    </xsd:annotation>
    <xsd:sequence>
      <xsd:element name="OrganisationId" type="SubdivisionOrganisationId"/>
      <xsd:element name="Denomination" type="Denomination" minOccurs="0" maxOccurs="1"/>
      <xsd:element name="SubdivisionCode" type="OrganisationCode"/>
      <xsd:element name="Representative" type="Person" minOccurs="0"/>
      <xsd:element name="CoRepresentative" type="Person" minOccurs="0" maxOccurs="unbounded"/>
      <xsd:element name="Subdivision" type="SubdivisionRepresentative" minOccurs="0" maxOccurs="unbounded"/>
    </xsd:sequence>
  </xsd:complexType>
  <xsd:complexType name="Entity">
    <xsd:annotation>
      <xsd:documentation xml:lang="en">Complex type defining the access rights of a specific user in terms of BCE based entity, user management qualities, and representative roles.</xsd:documentation>
    </xsd:annotation>
    <xsd:sequence>
      <xsd:element name="OrganisationId" type="OrganisationId"/>
      <xsd:element name="Role" type="Role" minOccurs="0"/>
      <xsd:element name="Email" type="Email" minOccurs="0"/>
      <xsd:element name="Quality" type="QualityRole" minOccurs="0" maxOccurs="unbounded"/>
    </xsd:sequence>
  </xsd:complexType>
  <xsd:complexType name="QualityRole">
    <xsd:annotation>
      <xsd:documentation xml:lang="en">Complex type defining a user management quality and the related role the user is granted to.</xsd:documentation>
    </xsd:annotation>
    <xsd:sequence>
      <xsd:element name="QualityCode" type="OrganisationCode"/>
      <xsd:element name="Denomination" type="Denomination"/>
      <xsd:element name="Role" type="Role" minOccurs="0"/>
      <xsd:element name="Email" type="Email" minOccurs="0"/>
      <xsd:element name="Subdivision" type="SubdivisionRole" minOccurs="0" maxOccurs="unbounded"/>
    </xsd:sequence>
  </xsd:complexType>
  <xsd:complexType name="SubdivisionRole">
    <xsd:annotation>
      <xsd:documentation xml:lang="en">Complex type defining a user management subdivision and the related role the user is granted to.</xsd:documentation>
    </xsd:annotation>
    <xsd:sequence>
      <xsd:element name="OrganisationId" type="SubdivisionOrganisationId"/>
      <xsd:element name="SubdivisionCode" type="OrganisationCode"/>
      <xsd:element name="Denomination" type="Denomination" minOccurs="0"/>
      <xsd:element name="Role" type="Role" minOccurs="0"/>
      <xsd:element name="Email" type="Email" minOccurs="0"/>
      <xsd:element name="Subdivision" type="SubdivisionRole" minOccurs="0" maxOccurs="unbounded"/>
    </xsd:sequence>
  </xsd:complexType>
  <xsd:complexType name="SubdivisionOrganisationId">
    <xsd:annotation>
      <xsd:documentation>Complex type defining an organisation identifier (entity or subdivision).</xsd:documentation>
    </xsd:annotation>
    <xsd:sequence>
      <xsd:element name="Identifier" type="Identifier" minOccurs="0"/>
      <xsd:element name="IdentifierType" type="IdentifierType"/>
    </xsd:sequence>
  </xsd:complexType>
  <xsd:complexType name="Person">
    <xsd:annotation>
      <xsd:documentation xml:lang="en">Complex type defining an individual person.</xsd:documentation>
    </xsd:annotation>
    <xsd:sequence>
      <xsd:element name="INSS" type="INSS"/>
      <xsd:element name="Email" type="Email" minOccurs="0"/>
    </xsd:sequence>
  </xsd:complexType>
  <xsd:complexType name="StatusType">
    <xsd:annotation>
      <xsd:documentation>Status of the request</xsd:documentation>
    </xsd:annotation>
    <xsd:sequence>
      <xsd:element name="Code" type="StatusCode"/>
      <xsd:element name="Comment" type="xsd:string" minOccurs="0" maxOccurs="unbounded"/>
    </xsd:sequence>
  </xsd:complexType>
  <xsd:simpleType name="INSS">
    <xsd:annotation>
      <xsd:documentation xml:lang="en">Simple type defining a person identifier.</xsd:documentation>
    </xsd:annotation>
    <xsd:restriction base="xsd:string">
      <xsd:length value="11"/>
      <xsd:pattern value="\d{11}"/>
    </xsd:restriction>
  </xsd:simpleType>
  <xsd:simpleType name="Denomination">
    <xsd:annotation>
      <xsd:documentation xml:lang="en">Simple type defining a Denomination for the level that is returned.</xsd:documentation>
    </xsd:annotation>
    <xsd:restriction base="xsd:string">
      <xsd:maxLength value="200"/>
    </xsd:restriction>
  </xsd:simpleType>
  <xsd:simpleType name="OrganisationLevel">
    <xsd:annotation>
      <xsd:documentation xml:lang="en">Simple type defining an Level of an Organisation Node. Could be Entity , Quality or Subdivision</xsd:documentation>
    </xsd:annotation>
    <xsd:restriction base="xsd:string">
      <xsd:pattern value="Entity|Quality|Subdivision"/>
    </xsd:restriction>
  </xsd:simpleType>
  <xsd:simpleType name="Language">
    <xsd:annotation>
      <xsd:documentation xml:lang="en">Simple type defining a language for the name that are returned. 4 languages are supported: French, Dutch, German or English</xsd:documentation>
    </xsd:annotation>
    <xsd:restriction base="xsd:string">
      <xsd:pattern value="fr|nl|de|en"/>
    </xsd:restriction>
  </xsd:simpleType>
  <xsd:simpleType name="Email">
    <xsd:annotation>
      <xsd:documentation xml:lang="en">Simple type defining an email adress</xsd:documentation>
    </xsd:annotation>
    <xsd:restriction base="xsd:string">
      <xsd:maxLength value="200"/>
    </xsd:restriction>
  </xsd:simpleType>
  <xsd:complexType name="OrganisationId">
    <xsd:annotation>
      <xsd:documentation>Complex type defining an organisation identifier (entity or subdivision).</xsd:documentation>
    </xsd:annotation>
    <xsd:sequence>
      <xsd:element name="Identifier" type="Identifier"/>
      <xsd:element name="IdentifierType" type="IdentifierType"/>
    </xsd:sequence>
  </xsd:complexType>
  <xsd:simpleType name="Identifier">
    <xsd:annotation>
      <xsd:documentation>Simple type defining an identifier of an organisation (Entity, Quality or subdivision).</xsd:documentation>
    </xsd:annotation>
    <xsd:restriction base="xsd:string">
      <xsd:maxLength value="50"/>
    </xsd:restriction>
  </xsd:simpleType>
  <xsd:simpleType name="IdentifierType">
    <xsd:annotation>
      <xsd:documentation>Simple type defining a type of identifier (BECBE, ...)</xsd:documentation>
    </xsd:annotation>
    <xsd:restriction base="xsd:string">
      <xsd:maxLength value="20"/>
    </xsd:restriction>
  </xsd:simpleType>
  <xsd:simpleType name="OrganisationCode">
    <xsd:annotation>
      <xsd:documentation>Complex type defining a organisation node type code (Quality or subdivision) eg: QUAL_XXX, SUB_XXX.</xsd:documentation>
    </xsd:annotation>
    <xsd:restriction base="xsd:string">
      <xsd:maxLength value="20"/>
    </xsd:restriction>
  </xsd:simpleType>
  <xsd:simpleType name="Role">
    <xsd:annotation>
      <xsd:documentation xml:lang="en">Simple enumerated type defining user representative roles.</xsd:documentation>
    </xsd:annotation>
    <xsd:restriction base="xsd:string">
      <xsd:enumeration value="REPRESENTATIVE"/>
      <xsd:enumeration value="COREPRESENTATIVE"/>
    </xsd:restriction>
  </xsd:simpleType>
  <xsd:simpleType name="StatusCode">
    <xsd:annotation>
      <xsd:documentation xml:lang="en">Status of response.</xsd:documentation>
    </xsd:annotation>
    <xsd:restriction base="xsd:string">
      <xsd:enumeration value="SUCCESS"/>
      <xsd:enumeration value="NO_DATA_FOUND"/>
      <xsd:enumeration value="NO_DOMAIN_FOUND"/>
      <xsd:enumeration value="INVALID_ORG_IDENTIFIER"/>
      <xsd:enumeration value="INVALID_SSIN"/>
      <xsd:enumeration value="NOT_AUTHENTIC_SOURCE_FOR_ORG_NAME"/>
    </xsd:restriction>
  </xsd:simpleType>
  <xsd:complexType name="OrganisationNodeLinkParent">
    <xsd:annotation>
      <xsd:documentation>Set of informations concerning a Organisation node in uman + an optional link to the parent</xsd:documentation>
    </xsd:annotation>
    <xsd:sequence>
      <xsd:element name="OrganisationId" type="SubdivisionOrganisationId"/>
      <xsd:element name="Denomination" type="Denomination" minOccurs="0"/>
      <xsd:element name="OrganisationLevel" type="OrganisationLevel"/>
      <xsd:element name="OrganisationCode" type="OrganisationCode"/>
      <xsd:element name="OrganisationParentNode" type="OrganisationNodeLinkParent" minOccurs="0" maxOccurs="1"/>
    </xsd:sequence>
  </xsd:complexType>
  <xsd:complexType name="OrganisationNodeLinkChild">
    <xsd:annotation>
      <xsd:documentation>Set of informations concerning a Organisation node in uman + an optional link to the Child(s)</xsd:documentation>
    </xsd:annotation>
    <xsd:sequence>
      <xsd:element name="OrganisationId" type="SubdivisionOrganisationId"/>
      <xsd:element name="Denomination" type="Denomination" minOccurs="0"/>
      <xsd:element name="OrganisationLevel" type="OrganisationLevel"/>
      <xsd:element name="OrganisationCode" type="OrganisationCode"/>
      <xsd:element name="OrganisationChildNode" type="OrganisationNodeLinkChild" minOccurs="0" maxOccurs="unbounded"/>
    </xsd:sequence>
  </xsd:complexType>
  <xsd:complexType name="DomainData">
    <xsd:annotation>
      <xsd:documentation>Set of informations concerning a Domain</xsd:documentation>
    </xsd:annotation>
    <xsd:sequence>
      <xsd:element name="QualityCode" type="OrganisationCode"/>
      <xsd:element name="Denomination" type="Denomination"/>
    </xsd:sequence>
  </xsd:complexType>
  <xsd:complexType name="OrganisationDenominationData">
    <xsd:annotation>
      <xsd:documentation>Set of informations concerning a Organisation Denomination</xsd:documentation>
    </xsd:annotation>
    <xsd:sequence>
      <xsd:element name="OrganisationId" type="OrganisationId"/>
      <xsd:element name="Denomination" type="Denomination"/>
    </xsd:sequence>
  </xsd:complexType>
</xsd:schema>]]></con:content><con:type>http://www.w3.org/2001/XMLSchema</con:type></con:part></con:definitionCache><con:endpoints><con:endpoint>http://fidus.brussels/services/accessmanagerservice/v1</con:endpoint><con:endpoint>http://localhost.localdomain:8088/mockAccessManagerServiceHTTPBinding</con:endpoint></con:endpoints><con:operation id="64be46ff-1340-46c2-8c1a-d5dede6162b5" isOneWay="false" action="http://fidus.brussels/services/accessmanagerservice/findRepresentativeRolesByINSS" name="findRepresentativeRolesByINSS" bindingOperationName="findRepresentativeRolesByINSS" type="Request-Response" inputName="" receivesAttachments="false" sendsAttachments="false" anonymous="optional"><con:settings/><con:call id="31c29739-f4b7-4bc2-99d7-13447fa19f74" name="1 - Local - Request - OK" outgoingWss="Outflow DEV" incomingWss="Inflow DEV"><con:settings><con:setting id="com.eviware.soapui.impl.wsdl.WsdlRequest@request-headers">&lt;xml-fragment/></con:setting></con:settings><con:encoding>UTF-8</con:encoding><con:endpoint>https://localhost:8243/services/AccessManagerService_v1.0</con:endpoint><con:request><![CDATA[<soapenv:Envelope xmlns:soapenv="http://schemas.xmlsoap.org/soap/envelope/" xmlns:v1="http://fidus.brussels/service/accessmanagerservice/messages/v1" xmlns:v11="http://fidus.brussels/type/common/messages/v1" xmlns:v3="http://socialsecurity.be/umanentityrepresentative/types/v3">
   <soapenv:Header/>
   <soapenv:Body>
      <v1:findRepresentativeRolesByINSSRequest>
         <v1:messageContext>
         	  <v11:messageId>${=import static java.util.UUID.randomUUID; uuid = randomUUID() as String}</v11:messageId>
            <v11:timestamp>${=new java.text.SimpleDateFormat("yyyy-MM-dd'T'HH:mm:ss.SSS").format(new Date())}</v11:timestamp>
         </v1:messageContext>
         <v1:legalContext>ServiceIntegrator</v1:legalContext>
         <v1:request>
            <v1:Domain>QUAL_FED_HEALTHCARE</v1:Domain>
            <v1:INSS>86051933959</v1:INSS>
            <v1:Language>nl</v1:Language>
         </v1:request>
      </v1:findRepresentativeRolesByINSSRequest>
   </soapenv:Body>
</soapenv:Envelope>]]></con:request><con:credentials><con:selectedAuthProfile>Basic</con:selectedAuthProfile><con:addedBasicAuthenticationTypes>Basic</con:addedBasicAuthenticationTypes><con:authType>Global HTTP Settings</con:authType></con:credentials><con:jmsConfig JMSDeliveryMode="PERSISTENT"/><con:jmsPropertyConfig/><con:wsaConfig mustUnderstand="NONE" version="200508" action="http://fidus.brussels/services/accessmanagerservice/findRepresentativeRolesByINSS"/><con:wsrmConfig version="1.2"/></con:call><con:call id="e92039c4-a3f6-4ffc-a8df-68425c9ed50f" name="2 - Dev - Request - OK" outgoingWss="Outflow DEV" incomingWss="Inflow DEV"><con:settings><con:setting id="com.eviware.soapui.impl.wsdl.WsdlRequest@request-headers">&lt;xml-fragment/></con:setting></con:settings><con:encoding>UTF-8</con:encoding><con:endpoint>https://192.168.36.61:8243/services/AccessManagerService_v1.0</con:endpoint><con:request><![CDATA[<soapenv:Envelope xmlns:soapenv="http://schemas.xmlsoap.org/soap/envelope/" xmlns:v1="http://fidus.brussels/service/accessmanagerservice/messages/v1" xmlns:v11="http://fidus.brussels/type/common/messages/v1" xmlns:v3="http://socialsecurity.be/umanentityrepresentative/types/v3">
   <soapenv:Header/>
   <soapenv:Body>
      <v1:findRepresentativeRolesByINSSRequest>
         <v1:messageContext>
         	  <v11:messageId>${=import static java.util.UUID.randomUUID; uuid = randomUUID() as String}</v11:messageId>
            <v11:timestamp>${=new java.text.SimpleDateFormat("yyyy-MM-dd'T'HH:mm:ss.SSS").format(new Date())}</v11:timestamp>
         </v1:messageContext>
         <v1:legalContext>ServiceIntegrator</v1:legalContext>
         <v1:request>
            <v1:Domain>QUAL_FED_HEALTHCARE</v1:Domain>
            <v1:INSS>86051933959</v1:INSS>
            <v1:Language>nl</v1:Language>
         </v1:request>
      </v1:findRepresentativeRolesByINSSRequest>
   </soapenv:Body>
</soapenv:Envelope>]]></con:request><con:credentials><con:selectedAuthProfile>Basic</con:selectedAuthProfile><con:addedBasicAuthenticationTypes>Basic</con:addedBasicAuthenticationTypes><con:authType>Global HTTP Settings</con:authType></con:credentials><con:jmsConfig JMSDeliveryMode="PERSISTENT"/><con:jmsPropertyConfig/><con:wsaConfig mustUnderstand="NONE" version="200508" action="http://fidus.brussels/services/accessmanagerservice/findRepresentativeRolesByINSS"/><con:wsrmConfig version="1.2"/></con:call><con:call id="e08b488c-a3d5-4644-b660-6803d67f400c" name="3 - Test - LB - Request" outgoingWss="Outflow TEST" incomingWss="Inflow TEST"><con:settings><con:setting id="com.eviware.soapui.impl.wsdl.WsdlRequest@request-headers">&lt;xml-fragment/></con:setting></con:settings><con:encoding>UTF-8</con:encoding><con:endpoint>https://esb-security-gw.sta.srv.cirb.lan:8443/services/AccessManagerService_v1.0</con:endpoint><con:request><![CDATA[<soapenv:Envelope xmlns:soapenv="http://schemas.xmlsoap.org/soap/envelope/" xmlns:v1="http://fidus.brussels/service/accessmanagerservice/messages/v1" xmlns:v11="http://fidus.brussels/type/common/messages/v1" xmlns:v3="http://socialsecurity.be/umanentityrepresentative/types/v3">
   <soapenv:Header/>
   <soapenv:Body>
      <v1:findRepresentativeRolesByINSSRequest>
         <v1:messageContext>
         	  <v11:messageId>${=import static java.util.UUID.randomUUID; uuid = randomUUID() as String}</v11:messageId>
            <v11:timestamp>${=new java.text.SimpleDateFormat("yyyy-MM-dd'T'HH:mm:ss.SSS").format(new Date())}</v11:timestamp>
         </v1:messageContext>
         <v1:legalContext>ServiceIntegrator</v1:legalContext>
         <v1:request>
            <v1:Domain>QUAL_FED_HEALTHCARE</v1:Domain>
            <v1:INSS>86051933959</v1:INSS>
            <v1:Language>nl</v1:Language>
         </v1:request>
      </v1:findRepresentativeRolesByINSSRequest>
   </soapenv:Body>
</soapenv:Envelope>]]></con:request><con:credentials><con:selectedAuthProfile>Basic</con:selectedAuthProfile><con:addedBasicAuthenticationTypes>Basic</con:addedBasicAuthenticationTypes><con:authType>Global HTTP Settings</con:authType></con:credentials><con:jmsConfig JMSDeliveryMode="PERSISTENT"/><con:jmsPropertyConfig/><con:wsaConfig mustUnderstand="NONE" version="200508" action="http://fidus.brussels/services/accessmanagerservice/findRepresentativeRolesByINSS"/><con:wsrmConfig version="1.2"/></con:call><con:call id="fca0f525-9c1a-4dd8-87c8-96162553d100" name="4 - Staging - LB - Request" incomingWss="Inflow STAGING" outgoingWss="Outflow STAGING"><con:settings><con:setting id="com.eviware.soapui.impl.wsdl.WsdlRequest@request-headers">&lt;xml-fragment/></con:setting></con:settings><con:encoding>UTF-8</con:encoding><con:endpoint>https://fidus-esb-sg.sta.srv.cirb.lan:8443/services/AccessManagerService_v1.0</con:endpoint><con:request><![CDATA[<soapenv:Envelope xmlns:soapenv="http://schemas.xmlsoap.org/soap/envelope/" xmlns:v1="http://fidus.brussels/service/accessmanagerservice/messages/v1" xmlns:v11="http://fidus.brussels/type/common/messages/v1" xmlns:v3="http://socialsecurity.be/umanentityrepresentative/types/v3">
   <soapenv:Header/>
   <soapenv:Body>
      <v1:findRepresentativeRolesByINSSRequest>
         <v1:messageContext>
         	  <v11:messageId>${=import static java.util.UUID.randomUUID; uuid = randomUUID() as String}</v11:messageId>
            <v11:timestamp>${=new java.text.SimpleDateFormat("yyyy-MM-dd'T'HH:mm:ss.SSS").format(new Date())}</v11:timestamp>
         </v1:messageContext>
         <v1:legalContext>ServiceIntegrator</v1:legalContext>
         <v1:request>
            <v1:Domain>QUAL_FED_HEALTHCARE</v1:Domain>
            <v1:INSS>86051933959</v1:INSS>
            <v1:Language>nl</v1:Language>
         </v1:request>
      </v1:findRepresentativeRolesByINSSRequest>
   </soapenv:Body>
</soapenv:Envelope>]]></con:request><con:credentials><con:selectedAuthProfile>Basic</con:selectedAuthProfile><con:addedBasicAuthenticationTypes>Basic</con:addedBasicAuthenticationTypes><con:authType>Global HTTP Settings</con:authType></con:credentials><con:jmsConfig JMSDeliveryMode="PERSISTENT"/><con:jmsPropertyConfig/><con:wsaConfig mustUnderstand="NONE" version="200508" action="http://fidus.brussels/services/accessmanagerservice/findRepresentativeRolesByINSS"/><con:wsrmConfig version="1.2"/></con:call><con:call id="6041e4ee-0229-4fba-8560-6d5d50209060" name="5 - Prod - External - Request" incomingWss="Inflow PROD" outgoingWss="Outflow PROD"><con:settings><con:setting id="com.eviware.soapui.impl.wsdl.WsdlRequest@request-headers">&lt;xml-fragment/></con:setting></con:settings><con:encoding>UTF-8</con:encoding><con:endpoint>https://fidus.sec.brussels/services/AccessManagerService_v1.0</con:endpoint><con:request><![CDATA[<soapenv:Envelope xmlns:soapenv="http://schemas.xmlsoap.org/soap/envelope/" xmlns:v1="http://fidus.brussels/service/accessmanagerservice/messages/v1" xmlns:v11="http://fidus.brussels/type/common/messages/v1" xmlns:v3="http://socialsecurity.be/umanentityrepresentative/types/v3">
   <soapenv:Header/>
   <soapenv:Body>
      <v1:findRepresentativeRolesByINSSRequest>
         <v1:messageContext>
         	  <v11:messageId>${=import static java.util.UUID.randomUUID; uuid = randomUUID() as String}</v11:messageId>
            <v11:timestamp>${=new java.text.SimpleDateFormat("yyyy-MM-dd'T'HH:mm:ss.SSS").format(new Date())}</v11:timestamp>
         </v1:messageContext>
         <v1:legalContext>ServiceIntegrator</v1:legalContext>
         <v1:request>
            <v1:Domain>QUAL_FED_HEALTHCARE</v1:Domain>
            <v1:INSS>86051933959</v1:INSS>
            <v1:Language>nl</v1:Language>
         </v1:request>
      </v1:findRepresentativeRolesByINSSRequest>
   </soapenv:Body>
</soapenv:Envelope>]]></con:request><con:credentials><con:selectedAuthProfile>Basic</con:selectedAuthProfile><con:addedBasicAuthenticationTypes>Basic</con:addedBasicAuthenticationTypes><con:authType>Global HTTP Settings</con:authType></con:credentials><con:jmsConfig JMSDeliveryMode="PERSISTENT"/><con:jmsPropertyConfig/><con:wsaConfig mustUnderstand="NONE" version="200508" action="http://fidus.brussels/services/accessmanagerservice/findRepresentativeRolesByINSS"/><con:wsrmConfig version="1.2"/></con:call><con:call id="12552132-98c3-4e99-b356-b78587aabb2c" name="1 - Local - Request - Not Found" outgoingWss="Outflow DEV" incomingWss="Inflow DEV"><con:settings><con:setting id="com.eviware.soapui.impl.wsdl.WsdlRequest@request-headers">&lt;xml-fragment/></con:setting></con:settings><con:encoding>UTF-8</con:encoding><con:endpoint>https://localhost:8243/services/AccessManagerService_v1.0</con:endpoint><con:request><![CDATA[<soapenv:Envelope xmlns:soapenv="http://schemas.xmlsoap.org/soap/envelope/" xmlns:v1="http://fidus.brussels/service/accessmanagerservice/messages/v1" xmlns:v11="http://fidus.brussels/type/common/messages/v1" xmlns:v3="http://socialsecurity.be/umanentityrepresentative/types/v3">
   <soapenv:Header/>
   <soapenv:Body>
      <v1:findRepresentativeRolesByINSSRequest>
         <v1:messageContext>
         	  <v11:messageId>${=import static java.util.UUID.randomUUID; uuid = randomUUID() as String}</v11:messageId>
            <v11:timestamp>${=new java.text.SimpleDateFormat("yyyy-MM-dd'T'HH:mm:ss.SSS").format(new Date())}</v11:timestamp>
         </v1:messageContext>
         <v1:legalContext>ServiceIntegrator</v1:legalContext>
         <v1:request>
            <v1:Domain>ECONOMY</v1:Domain>
            <v1:INSS>86051933959</v1:INSS>
            <v1:Language>nl</v1:Language>
         </v1:request>
      </v1:findRepresentativeRolesByINSSRequest>
   </soapenv:Body>
</soapenv:Envelope>]]></con:request><con:credentials><con:selectedAuthProfile>Basic</con:selectedAuthProfile><con:addedBasicAuthenticationTypes>Basic</con:addedBasicAuthenticationTypes><con:authType>Global HTTP Settings</con:authType></con:credentials><con:jmsConfig JMSDeliveryMode="PERSISTENT"/><con:jmsPropertyConfig/><con:wsaConfig mustUnderstand="NONE" version="200508" action="http://fidus.brussels/services/accessmanagerservice/findRepresentativeRolesByINSS"/><con:wsrmConfig version="1.2"/></con:call><con:call id="d62c5dd8-e00b-4978-96b6-544a290ae86f" name="2 - Dev - Request - Not Found" incomingWss="Inflow DEV" outgoingWss="Outflow DEV"><con:settings><con:setting id="com.eviware.soapui.impl.wsdl.WsdlRequest@request-headers">&lt;xml-fragment/></con:setting></con:settings><con:encoding>UTF-8</con:encoding><con:endpoint>https://192.168.36.61:8243/services/AccessManagerService_v1.0</con:endpoint><con:request><![CDATA[<soapenv:Envelope xmlns:soapenv="http://schemas.xmlsoap.org/soap/envelope/" xmlns:v1="http://fidus.brussels/service/accessmanagerservice/messages/v1" xmlns:v11="http://fidus.brussels/type/common/messages/v1" xmlns:v3="http://socialsecurity.be/umanentityrepresentative/types/v3">
   <soapenv:Header/>
   <soapenv:Body>
      <v1:findRepresentativeRolesByINSSRequest>
         <v1:messageContext>
         	  <v11:messageId>${=import static java.util.UUID.randomUUID; uuid = randomUUID() as String}</v11:messageId>
            <v11:timestamp>${=new java.text.SimpleDateFormat("yyyy-MM-dd'T'HH:mm:ss.SSS").format(new Date())}</v11:timestamp>
         </v1:messageContext>
         <v1:legalContext>ServiceIntegrator</v1:legalContext>
         <v1:request>
            <v1:Domain>ECONOMY</v1:Domain>
            <v1:INSS>86051933959</v1:INSS>
            <v1:Language>nl</v1:Language>
         </v1:request>
      </v1:findRepresentativeRolesByINSSRequest>
   </soapenv:Body>
</soapenv:Envelope>]]></con:request><con:credentials><con:selectedAuthProfile>Basic</con:selectedAuthProfile><con:addedBasicAuthenticationTypes>Basic</con:addedBasicAuthenticationTypes><con:authType>Global HTTP Settings</con:authType></con:credentials><con:jmsConfig JMSDeliveryMode="PERSISTENT"/><con:jmsPropertyConfig/><con:wsaConfig mustUnderstand="NONE" version="200508" action="http://fidus.brussels/services/accessmanagerservice/findRepresentativeRolesByINSS"/><con:wsrmConfig version="1.2"/></con:call><con:call id="3b983f17-f4b6-4567-8bef-e26f0faf4a8e" name="3 - Test - Worker1 - Request" outgoingWss="Outflow TEST" incomingWss="Inflow TEST"><con:settings><con:setting id="com.eviware.soapui.impl.wsdl.WsdlRequest@request-headers">&lt;xml-fragment/></con:setting></con:settings><con:encoding>UTF-8</con:encoding><con:endpoint>https://192.168.22.53:8443/services/AccessManagerService_v1.0</con:endpoint><con:request><![CDATA[<soapenv:Envelope xmlns:soapenv="http://schemas.xmlsoap.org/soap/envelope/" xmlns:v1="http://fidus.brussels/service/accessmanagerservice/messages/v1" xmlns:v11="http://fidus.brussels/type/common/messages/v1" xmlns:v3="http://socialsecurity.be/umanentityrepresentative/types/v3">
   <soapenv:Header/>
   <soapenv:Body>
      <v1:findRepresentativeRolesByINSSRequest>
         <v1:messageContext>
         	  <v11:messageId>${=import static java.util.UUID.randomUUID; uuid = randomUUID() as String}</v11:messageId>
            <v11:timestamp>${=new java.text.SimpleDateFormat("yyyy-MM-dd'T'HH:mm:ss.SSS").format(new Date())}</v11:timestamp>
         </v1:messageContext>
         <v1:legalContext>ServiceIntegrator</v1:legalContext>
         <v1:request>
            <v1:Domain>QUAL_FED_HEALTHCARE</v1:Domain>
            <v1:INSS>86051933959</v1:INSS>
            <v1:Language>nl</v1:Language>
         </v1:request>
      </v1:findRepresentativeRolesByINSSRequest>
   </soapenv:Body>
</soapenv:Envelope>]]></con:request><con:credentials><con:selectedAuthProfile>Basic</con:selectedAuthProfile><con:addedBasicAuthenticationTypes>Basic</con:addedBasicAuthenticationTypes><con:authType>Global HTTP Settings</con:authType></con:credentials><con:jmsConfig JMSDeliveryMode="PERSISTENT"/><con:jmsPropertyConfig/><con:wsaConfig mustUnderstand="NONE" version="200508" action="http://fidus.brussels/services/accessmanagerservice/findRepresentativeRolesByINSS"/><con:wsrmConfig version="1.2"/></con:call><con:call id="cbe64a74-3187-478f-ba75-509c980e2030" name="3 - Test - Worker2 - Request" incomingWss="Inflow TEST" outgoingWss="Outflow TEST"><con:settings><con:setting id="com.eviware.soapui.impl.wsdl.WsdlRequest@request-headers">&lt;xml-fragment/></con:setting></con:settings><con:encoding>UTF-8</con:encoding><con:endpoint>https://192.168.22.54:8443/services/AccessManagerService_v1.0</con:endpoint><con:request><![CDATA[<soapenv:Envelope xmlns:soapenv="http://schemas.xmlsoap.org/soap/envelope/" xmlns:v1="http://fidus.brussels/service/accessmanagerservice/messages/v1" xmlns:v11="http://fidus.brussels/type/common/messages/v1" xmlns:v3="http://socialsecurity.be/umanentityrepresentative/types/v3">
   <soapenv:Header/>
   <soapenv:Body>
      <v1:findRepresentativeRolesByINSSRequest>
         <v1:messageContext>
         	  <v11:messageId>${=import static java.util.UUID.randomUUID; uuid = randomUUID() as String}</v11:messageId>
            <v11:timestamp>${=new java.text.SimpleDateFormat("yyyy-MM-dd'T'HH:mm:ss.SSS").format(new Date())}</v11:timestamp>
         </v1:messageContext>
         <v1:legalContext>ServiceIntegrator</v1:legalContext>
         <v1:request>
            <v1:Domain>QUAL_FED_HEALTHCARE</v1:Domain>
            <v1:INSS>86051933959</v1:INSS>
            <v1:Language>nl</v1:Language>
         </v1:request>
      </v1:findRepresentativeRolesByINSSRequest>
   </soapenv:Body>
</soapenv:Envelope>]]></con:request><con:credentials><con:selectedAuthProfile>Basic</con:selectedAuthProfile><con:addedBasicAuthenticationTypes>Basic</con:addedBasicAuthenticationTypes><con:authType>Global HTTP Settings</con:authType></con:credentials><con:jmsConfig JMSDeliveryMode="PERSISTENT"/><con:jmsPropertyConfig/><con:wsaConfig mustUnderstand="NONE" version="200508" action="http://fidus.brussels/services/accessmanagerservice/findRepresentativeRolesByINSS"/><con:wsrmConfig version="1.2"/></con:call><con:call id="35701cb0-2858-49ec-9dc7-09e9d2373d77" name="4 - Staging - Worker1 - Request" incomingWss="Inflow STAGING" outgoingWss="Outflow STAGING"><con:settings><con:setting id="com.eviware.soapui.impl.wsdl.WsdlRequest@request-headers">&lt;xml-fragment/></con:setting></con:settings><con:encoding>UTF-8</con:encoding><con:endpoint>https://192.168.24.16:8443/services/AccessManagerService_v1.0</con:endpoint><con:request><![CDATA[<soapenv:Envelope xmlns:soapenv="http://schemas.xmlsoap.org/soap/envelope/" xmlns:v1="http://fidus.brussels/service/accessmanagerservice/messages/v1" xmlns:v11="http://fidus.brussels/type/common/messages/v1" xmlns:v3="http://socialsecurity.be/umanentityrepresentative/types/v3">
   <soapenv:Header/>
   <soapenv:Body>
      <v1:findRepresentativeRolesByINSSRequest>
         <v1:messageContext>
         	  <v11:messageId>${=import static java.util.UUID.randomUUID; uuid = randomUUID() as String}</v11:messageId>
            <v11:timestamp>${=new java.text.SimpleDateFormat("yyyy-MM-dd'T'HH:mm:ss.SSS").format(new Date())}</v11:timestamp>
         </v1:messageContext>
         <v1:legalContext>ServiceIntegrator</v1:legalContext>
         <v1:request>
            <v1:Domain>QUAL_FED_HEALTHCARE</v1:Domain>
            <v1:INSS>86051933959</v1:INSS>
            <v1:Language>nl</v1:Language>
         </v1:request>
      </v1:findRepresentativeRolesByINSSRequest>
   </soapenv:Body>
</soapenv:Envelope>]]></con:request><con:credentials><con:selectedAuthProfile>Basic</con:selectedAuthProfile><con:addedBasicAuthenticationTypes>Basic</con:addedBasicAuthenticationTypes><con:authType>Global HTTP Settings</con:authType></con:credentials><con:jmsConfig JMSDeliveryMode="PERSISTENT"/><con:jmsPropertyConfig/><con:wsaConfig mustUnderstand="NONE" version="200508" action="http://fidus.brussels/services/accessmanagerservice/findRepresentativeRolesByINSS"/><con:wsrmConfig version="1.2"/></con:call><con:call id="39fb52d6-bec7-435d-a426-66383177f5d7" name="4 - Staging - Worker2 - Request" incomingWss="Inflow STAGING" outgoingWss="Outflow STAGING"><con:settings><con:setting id="com.eviware.soapui.impl.wsdl.WsdlRequest@request-headers">&lt;xml-fragment/></con:setting></con:settings><con:encoding>UTF-8</con:encoding><con:endpoint>https://192.168.24.17:8443/services/AccessManagerService_v1.0</con:endpoint><con:request><![CDATA[<soapenv:Envelope xmlns:soapenv="http://schemas.xmlsoap.org/soap/envelope/" xmlns:v1="http://fidus.brussels/service/accessmanagerservice/messages/v1" xmlns:v11="http://fidus.brussels/type/common/messages/v1" xmlns:v3="http://socialsecurity.be/umanentityrepresentative/types/v3">
   <soapenv:Header/>
   <soapenv:Body>
      <v1:findRepresentativeRolesByINSSRequest>
         <v1:messageContext>
         	  <v11:messageId>${=import static java.util.UUID.randomUUID; uuid = randomUUID() as String}</v11:messageId>
            <v11:timestamp>${=new java.text.SimpleDateFormat("yyyy-MM-dd'T'HH:mm:ss.SSS").format(new Date())}</v11:timestamp>
         </v1:messageContext>
         <v1:legalContext>ServiceIntegrator</v1:legalContext>
         <v1:request>
            <v1:Domain>QUAL_FED_HEALTHCARE</v1:Domain>
            <v1:INSS>86051933959</v1:INSS>
            <v1:Language>nl</v1:Language>
         </v1:request>
      </v1:findRepresentativeRolesByINSSRequest>
   </soapenv:Body>
</soapenv:Envelope>]]></con:request><con:credentials><con:selectedAuthProfile>Basic</con:selectedAuthProfile><con:addedBasicAuthenticationTypes>Basic</con:addedBasicAuthenticationTypes><con:authType>Global HTTP Settings</con:authType></con:credentials><con:jmsConfig JMSDeliveryMode="PERSISTENT"/><con:jmsPropertyConfig/><con:wsaConfig mustUnderstand="NONE" version="200508" action="http://fidus.brussels/services/accessmanagerservice/findRepresentativeRolesByINSS"/><con:wsrmConfig version="1.2"/></con:call><con:call id="ce74bc7a-cdf6-40cc-97b0-d3647c8acf0c" name="5 - Prod - LB - Request" incomingWss="Inflow PROD" outgoingWss="Outflow PROD"><con:settings><con:setting id="com.eviware.soapui.impl.wsdl.WsdlRequest@request-headers">&lt;xml-fragment/></con:setting></con:settings><con:encoding>UTF-8</con:encoding><con:endpoint>https://fidus-esb-sg.prd.srv.cirb.lan:8443/services/AccessManagerService_v1.0</con:endpoint><con:request><![CDATA[<soapenv:Envelope xmlns:soapenv="http://schemas.xmlsoap.org/soap/envelope/" xmlns:v1="http://fidus.brussels/service/accessmanagerservice/messages/v1" xmlns:v11="http://fidus.brussels/type/common/messages/v1" xmlns:v3="http://socialsecurity.be/umanentityrepresentative/types/v3">
   <soapenv:Header/>
   <soapenv:Body>
      <v1:findRepresentativeRolesByINSSRequest>
         <v1:messageContext>
         	  <v11:messageId>${=import static java.util.UUID.randomUUID; uuid = randomUUID() as String}</v11:messageId>
            <v11:timestamp>${=new java.text.SimpleDateFormat("yyyy-MM-dd'T'HH:mm:ss.SSS").format(new Date())}</v11:timestamp>
         </v1:messageContext>
         <v1:legalContext>ServiceIntegrator</v1:legalContext>
         <v1:request>
            <v1:Domain>QUAL_FED_HEALTHCARE</v1:Domain>
            <v1:INSS>86051933959</v1:INSS>
            <v1:Language>nl</v1:Language>
         </v1:request>
      </v1:findRepresentativeRolesByINSSRequest>
   </soapenv:Body>
</soapenv:Envelope>]]></con:request><con:credentials><con:selectedAuthProfile>Basic</con:selectedAuthProfile><con:addedBasicAuthenticationTypes>Basic</con:addedBasicAuthenticationTypes><con:authType>Global HTTP Settings</con:authType></con:credentials><con:jmsConfig JMSDeliveryMode="PERSISTENT"/><con:jmsPropertyConfig/><con:wsaConfig mustUnderstand="NONE" version="200508" action="http://fidus.brussels/services/accessmanagerservice/findRepresentativeRolesByINSS"/><con:wsrmConfig version="1.2"/></con:call><con:call id="c800e217-ef46-4e99-b9a8-b08a82e0550a" name="5 - Prod - Worker1 - Request" incomingWss="Inflow PROD" outgoingWss="Outflow PROD"><con:settings><con:setting id="com.eviware.soapui.impl.wsdl.WsdlRequest@request-headers">&lt;xml-fragment/></con:setting></con:settings><con:encoding>UTF-8</con:encoding><con:endpoint>https://192.168.26.22:8443/services/AccessManagerService_v1.0</con:endpoint><con:request><![CDATA[<soapenv:Envelope xmlns:soapenv="http://schemas.xmlsoap.org/soap/envelope/" xmlns:v1="http://fidus.brussels/service/accessmanagerservice/messages/v1" xmlns:v11="http://fidus.brussels/type/common/messages/v1" xmlns:v3="http://socialsecurity.be/umanentityrepresentative/types/v3">
   <soapenv:Header/>
   <soapenv:Body>
      <v1:findRepresentativeRolesByINSSRequest>
         <v1:messageContext>
         	  <v11:messageId>${=import static java.util.UUID.randomUUID; uuid = randomUUID() as String}</v11:messageId>
            <v11:timestamp>${=new java.text.SimpleDateFormat("yyyy-MM-dd'T'HH:mm:ss.SSS").format(new Date())}</v11:timestamp>
         </v1:messageContext>
         <v1:legalContext>ServiceIntegrator</v1:legalContext>
         <v1:request>
            <v1:Domain>QUAL_FED_HEALTHCARE</v1:Domain>
            <v1:INSS>86051933959</v1:INSS>
            <v1:Language>nl</v1:Language>
         </v1:request>
      </v1:findRepresentativeRolesByINSSRequest>
   </soapenv:Body>
</soapenv:Envelope>]]></con:request><con:credentials><con:selectedAuthProfile>Basic</con:selectedAuthProfile><con:addedBasicAuthenticationTypes>Basic</con:addedBasicAuthenticationTypes><con:authType>Global HTTP Settings</con:authType></con:credentials><con:jmsConfig JMSDeliveryMode="PERSISTENT"/><con:jmsPropertyConfig/><con:wsaConfig mustUnderstand="NONE" version="200508" action="http://fidus.brussels/services/accessmanagerservice/findRepresentativeRolesByINSS"/><con:wsrmConfig version="1.2"/></con:call><con:call id="2965a5fb-6bf7-4e9e-bd07-25fc6b201db3" name="5 - Prod - Worker2 - Request" incomingWss="Inflow PROD" outgoingWss="Outflow PROD"><con:settings><con:setting id="com.eviware.soapui.impl.wsdl.WsdlRequest@request-headers">&lt;xml-fragment/></con:setting></con:settings><con:encoding>UTF-8</con:encoding><con:endpoint>https://192.168.26.19:8443/services/AccessManagerService_v1.0</con:endpoint><con:request><![CDATA[<soapenv:Envelope xmlns:soapenv="http://schemas.xmlsoap.org/soap/envelope/" xmlns:v1="http://fidus.brussels/service/accessmanagerservice/messages/v1" xmlns:v11="http://fidus.brussels/type/common/messages/v1" xmlns:v3="http://socialsecurity.be/umanentityrepresentative/types/v3">
   <soapenv:Header/>
   <soapenv:Body>
      <v1:findRepresentativeRolesByINSSRequest>
         <v1:messageContext>
         	  <v11:messageId>${=import static java.util.UUID.randomUUID; uuid = randomUUID() as String}</v11:messageId>
            <v11:timestamp>${=new java.text.SimpleDateFormat("yyyy-MM-dd'T'HH:mm:ss.SSS").format(new Date())}</v11:timestamp>
         </v1:messageContext>
         <v1:legalContext>ServiceIntegrator</v1:legalContext>
         <v1:request>
            <v1:Domain>QUAL_FED_HEALTHCARE</v1:Domain>
            <v1:INSS>86051933959</v1:INSS>
            <v1:Language>nl</v1:Language>
         </v1:request>
      </v1:findRepresentativeRolesByINSSRequest>
   </soapenv:Body>
</soapenv:Envelope>]]></con:request><con:credentials><con:selectedAuthProfile>Basic</con:selectedAuthProfile><con:addedBasicAuthenticationTypes>Basic</con:addedBasicAuthenticationTypes><con:authType>Global HTTP Settings</con:authType></con:credentials><con:jmsConfig JMSDeliveryMode="PERSISTENT"/><con:jmsPropertyConfig/><con:wsaConfig mustUnderstand="NONE" version="200508" action="http://fidus.brussels/services/accessmanagerservice/findRepresentativeRolesByINSS"/><con:wsrmConfig version="1.2"/></con:call><con:call id="0739bda9-614c-459a-ac26-384b83515e11" name="3 - Test - Worker1New - Request" outgoingWss="Outflow TEST" incomingWss="Inflow TEST"><con:settings><con:setting id="com.eviware.soapui.impl.wsdl.WsdlRequest@request-headers">&lt;xml-fragment/></con:setting></con:settings><con:encoding>UTF-8</con:encoding><con:endpoint>https://192.168.22.73:8443/services/AccessManagerService_v1.0</con:endpoint><con:request><![CDATA[<soapenv:Envelope xmlns:soapenv="http://schemas.xmlsoap.org/soap/envelope/" xmlns:v1="http://fidus.brussels/service/accessmanagerservice/messages/v1" xmlns:v11="http://fidus.brussels/type/common/messages/v1" xmlns:v3="http://socialsecurity.be/umanentityrepresentative/types/v3">
   <soapenv:Header/>
   <soapenv:Body>
      <v1:findRepresentativeRolesByINSSRequest>
         <v1:messageContext>
         	  <v11:messageId>${=import static java.util.UUID.randomUUID; uuid = randomUUID() as String}</v11:messageId>
            <v11:timestamp>${=new java.text.SimpleDateFormat("yyyy-MM-dd'T'HH:mm:ss.SSS").format(new Date())}</v11:timestamp>
         </v1:messageContext>
         <v1:legalContext>ServiceIntegrator</v1:legalContext>
         <v1:request>
            <v1:Domain>QUAL_FED_HEALTHCARE</v1:Domain>
            <v1:INSS>86051933959</v1:INSS>
            <v1:Language>nl</v1:Language>
         </v1:request>
      </v1:findRepresentativeRolesByINSSRequest>
   </soapenv:Body>
</soapenv:Envelope>]]></con:request><con:credentials><con:selectedAuthProfile>Basic</con:selectedAuthProfile><con:addedBasicAuthenticationTypes>Basic</con:addedBasicAuthenticationTypes><con:authType>Global HTTP Settings</con:authType></con:credentials><con:jmsConfig JMSDeliveryMode="PERSISTENT"/><con:jmsPropertyConfig/><con:wsaConfig mustUnderstand="NONE" version="200508" action="http://fidus.brussels/services/accessmanagerservice/findRepresentativeRolesByINSS"/><con:wsrmConfig version="1.2"/></con:call><con:call id="fb79d755-fb23-4db8-9d5c-109fd81f9975" name="3 - Test - Worker2New - Request" outgoingWss="Outflow TEST" incomingWss="Inflow TEST"><con:settings><con:setting id="com.eviware.soapui.impl.wsdl.WsdlRequest@request-headers">&lt;xml-fragment/></con:setting></con:settings><con:encoding>UTF-8</con:encoding><con:endpoint>https://192.168.22.93:8443/services/AccessManagerService_v1.0</con:endpoint><con:request><![CDATA[<soapenv:Envelope xmlns:soapenv="http://schemas.xmlsoap.org/soap/envelope/" xmlns:v1="http://fidus.brussels/service/accessmanagerservice/messages/v1" xmlns:v11="http://fidus.brussels/type/common/messages/v1" xmlns:v3="http://socialsecurity.be/umanentityrepresentative/types/v3">
   <soapenv:Header/>
   <soapenv:Body>
      <v1:findRepresentativeRolesByINSSRequest>
         <v1:messageContext>
         	  <v11:messageId>${=import static java.util.UUID.randomUUID; uuid = randomUUID() as String}</v11:messageId>
            <v11:timestamp>${=new java.text.SimpleDateFormat("yyyy-MM-dd'T'HH:mm:ss.SSS").format(new Date())}</v11:timestamp>
         </v1:messageContext>
         <v1:legalContext>ServiceIntegrator</v1:legalContext>
         <v1:request>
            <v1:Domain>QUAL_FED_HEALTHCARE</v1:Domain>
            <v1:INSS>86051933959</v1:INSS>
            <v1:Language>nl</v1:Language>
         </v1:request>
      </v1:findRepresentativeRolesByINSSRequest>
   </soapenv:Body>
</soapenv:Envelope>]]></con:request><con:credentials><con:selectedAuthProfile>Basic</con:selectedAuthProfile><con:addedBasicAuthenticationTypes>Basic</con:addedBasicAuthenticationTypes><con:authType>Global HTTP Settings</con:authType></con:credentials><con:jmsConfig JMSDeliveryMode="PERSISTENT"/><con:jmsPropertyConfig/><con:wsaConfig mustUnderstand="NONE" version="200508" action="http://fidus.brussels/services/accessmanagerservice/findRepresentativeRolesByINSS"/><con:wsrmConfig version="1.2"/></con:call><con:call id="eaf3c3a8-f884-4a21-9610-bcaf844374c1" name="4 - Staging - Worker1New - Request" outgoingWss="Outflow STAGING" incomingWss="Inflow STAGING"><con:settings><con:setting id="com.eviware.soapui.impl.wsdl.WsdlRequest@request-headers">&lt;xml-fragment/></con:setting></con:settings><con:encoding>UTF-8</con:encoding><con:endpoint>https://192.168.23.191:8443/services/AccessManagerService_v1.0</con:endpoint><con:request><![CDATA[<soapenv:Envelope xmlns:soapenv="http://schemas.xmlsoap.org/soap/envelope/" xmlns:v1="http://fidus.brussels/service/accessmanagerservice/messages/v1" xmlns:v11="http://fidus.brussels/type/common/messages/v1" xmlns:v3="http://socialsecurity.be/umanentityrepresentative/types/v3">
   <soapenv:Header/>
   <soapenv:Body>
      <v1:findRepresentativeRolesByINSSRequest>
         <v1:messageContext>
         	  <v11:messageId>${=import static java.util.UUID.randomUUID; uuid = randomUUID() as String}</v11:messageId>
            <v11:timestamp>${=new java.text.SimpleDateFormat("yyyy-MM-dd'T'HH:mm:ss.SSS").format(new Date())}</v11:timestamp>
         </v1:messageContext>
         <v1:legalContext>ServiceIntegrator</v1:legalContext>
         <v1:request>
            <v1:Domain>QUAL_FED_HEALTHCARE</v1:Domain>
            <v1:INSS>86051933959</v1:INSS>
            <v1:Language>nl</v1:Language>
         </v1:request>
      </v1:findRepresentativeRolesByINSSRequest>
   </soapenv:Body>
</soapenv:Envelope>]]></con:request><con:credentials><con:selectedAuthProfile>Basic</con:selectedAuthProfile><con:addedBasicAuthenticationTypes>Basic</con:addedBasicAuthenticationTypes><con:authType>Global HTTP Settings</con:authType></con:credentials><con:jmsConfig JMSDeliveryMode="PERSISTENT"/><con:jmsPropertyConfig/><con:wsaConfig mustUnderstand="NONE" version="200508" action="http://fidus.brussels/services/accessmanagerservice/findRepresentativeRolesByINSS"/><con:wsrmConfig version="1.2"/></con:call><con:call id="cec5cce0-b0d7-4d3e-ae61-4fd4da60abe2" name="4 - Staging - Worker2New - Request" outgoingWss="Outflow STAGING" incomingWss="Inflow STAGING"><con:settings><con:setting id="com.eviware.soapui.impl.wsdl.WsdlRequest@request-headers">&lt;xml-fragment/></con:setting></con:settings><con:encoding>UTF-8</con:encoding><con:endpoint>https://192.168.23.198:8443/services/AccessManagerService_v1.0</con:endpoint><con:request><![CDATA[<soapenv:Envelope xmlns:soapenv="http://schemas.xmlsoap.org/soap/envelope/" xmlns:v1="http://fidus.brussels/service/accessmanagerservice/messages/v1" xmlns:v11="http://fidus.brussels/type/common/messages/v1" xmlns:v3="http://socialsecurity.be/umanentityrepresentative/types/v3">
   <soapenv:Header/>
   <soapenv:Body>
      <v1:findRepresentativeRolesByINSSRequest>
         <v1:messageContext>
         	  <v11:messageId>${=import static java.util.UUID.randomUUID; uuid = randomUUID() as String}</v11:messageId>
            <v11:timestamp>${=new java.text.SimpleDateFormat("yyyy-MM-dd'T'HH:mm:ss.SSS").format(new Date())}</v11:timestamp>
         </v1:messageContext>
         <v1:legalContext>ServiceIntegrator</v1:legalContext>
         <v1:request>
            <v1:Domain>QUAL_FED_HEALTHCARE</v1:Domain>
            <v1:INSS>86051933959</v1:INSS>
            <v1:Language>nl</v1:Language>
         </v1:request>
      </v1:findRepresentativeRolesByINSSRequest>
   </soapenv:Body>
</soapenv:Envelope>]]></con:request><con:credentials><con:selectedAuthProfile>Basic</con:selectedAuthProfile><con:addedBasicAuthenticationTypes>Basic</con:addedBasicAuthenticationTypes><con:authType>Global HTTP Settings</con:authType></con:credentials><con:jmsConfig JMSDeliveryMode="PERSISTENT"/><con:jmsPropertyConfig/><con:wsaConfig mustUnderstand="NONE" version="200508" action="http://fidus.brussels/services/accessmanagerservice/findRepresentativeRolesByINSS"/><con:wsrmConfig version="1.2"/></con:call></con:operation><con:operation id="afcad64e-a1e0-482a-969f-892b627e7b0c" isOneWay="false" action="http://fidus.brussels/services/accessmanagerservice/getDomain" name="getDomain" bindingOperationName="getDomain" type="Request-Response" inputName="" receivesAttachments="false" sendsAttachments="false" anonymous="optional"><con:settings/><con:call id="0f12defc-3948-46ab-a16f-44f66b4a715c" name="1 - Local - Request - OK" outgoingWss="Outflow DEV" incomingWss="Inflow DEV"><con:settings><con:setting id="com.eviware.soapui.impl.wsdl.WsdlRequest@request-headers">&lt;xml-fragment/></con:setting></con:settings><con:encoding>UTF-8</con:encoding><con:endpoint>https://localhost:8243/services/AccessManagerService_v1.0</con:endpoint><con:request><![CDATA[<soapenv:Envelope xmlns:soapenv="http://schemas.xmlsoap.org/soap/envelope/" xmlns:v1="http://fidus.brussels/service/accessmanagerservice/messages/v1" xmlns:v11="http://fidus.brussels/type/common/messages/v1" >
   <soapenv:Header/>
   <soapenv:Body>
      <v1:getDomainRequest>
         <v1:messageContext>
         	  <v11:messageId>${=import static java.util.UUID.randomUUID; uuid = randomUUID() as String}</v11:messageId>
            <v11:timestamp>${=new java.text.SimpleDateFormat("yyyy-MM-dd'T'HH:mm:ss.SSS").format(new Date())}</v11:timestamp>
         </v1:messageContext>
         <v1:legalContext>ServiceIntegrator</v1:legalContext>
         <v1:request>
         	  <v1:Domain>FINANCE</v1:Domain>
            <v1:Language>fr</v1:Language>
         </v1:request>
      </v1:getDomainRequest>
   </soapenv:Body>
</soapenv:Envelope>]]></con:request><con:credentials><con:selectedAuthProfile>Basic</con:selectedAuthProfile><con:addedBasicAuthenticationTypes>Basic</con:addedBasicAuthenticationTypes><con:authType>Global HTTP Settings</con:authType></con:credentials><con:jmsConfig JMSDeliveryMode="PERSISTENT"/><con:jmsPropertyConfig/><con:wsaConfig mustUnderstand="NONE" version="200508" action="http://fidus.brussels/services/accessmanagerservice/getDomain"/><con:wsrmConfig version="1.2"/></con:call><con:call id="162a7cfc-6c78-4326-bf6e-2d5603ead13f" name="3 - Test - LB - Request"><con:settings><con:setting id="com.eviware.soapui.impl.wsdl.WsdlRequest@request-headers">&lt;xml-fragment/></con:setting></con:settings><con:encoding>UTF-8</con:encoding><con:endpoint>https://esb-security-gw.sta.srv.cirb.lan:8443/services/AccessManagerService_v1.0</con:endpoint><con:request><![CDATA[<soapenv:Envelope xmlns:soapenv="http://schemas.xmlsoap.org/soap/envelope/" xmlns:v1="http://fidus.brussels/service/accessmanagerservice/messages/v1" xmlns:v11="http://fidus.brussels/type/common/messages/v1" >
   <soapenv:Header/>
   <soapenv:Body>
      <v1:getDomainRequest>
         <v1:messageContext>
         	  <v11:messageId>${=import static java.util.UUID.randomUUID; uuid = randomUUID() as String}</v11:messageId>
            <v11:timestamp>${=new java.text.SimpleDateFormat("yyyy-MM-dd'T'HH:mm:ss.SSS").format(new Date())}</v11:timestamp>
         </v1:messageContext>
         <v1:legalContext>ServiceIntegrator</v1:legalContext>
         <v1:request>
         	  <v1:Domain>FINANCE</v1:Domain>
            <v1:Language>fr</v1:Language>
         </v1:request>
      </v1:getDomainRequest>
   </soapenv:Body>
</soapenv:Envelope>]]></con:request><con:credentials><con:authType>No Authorization</con:authType></con:credentials><con:jmsConfig JMSDeliveryMode="PERSISTENT"/><con:jmsPropertyConfig/><con:wsaConfig mustUnderstand="NONE" version="200508" action="http://fidus.brussels/services/accessmanagerservice/getDomain"/><con:wsrmConfig version="1.2"/></con:call><con:call id="dceea48e-a87f-4e17-9363-a428664cf44e" name="4 - Staging - LB - Request" incomingWss="Inflow STAGING" outgoingWss="Outflow STAGING"><con:settings><con:setting id="com.eviware.soapui.impl.wsdl.WsdlRequest@request-headers">&lt;xml-fragment/></con:setting></con:settings><con:encoding>UTF-8</con:encoding><con:endpoint>https://fidus-esb-sg.sta.srv.cirb.lan:8443/services/AccessManagerService_v1.0</con:endpoint><con:request><![CDATA[<soapenv:Envelope xmlns:soapenv="http://schemas.xmlsoap.org/soap/envelope/" xmlns:v1="http://fidus.brussels/service/accessmanagerservice/messages/v1" xmlns:v11="http://fidus.brussels/type/common/messages/v1" >
   <soapenv:Header/>
   <soapenv:Body>
      <v1:getDomainRequest>
         <v1:messageContext>
         	  <v11:messageId>${=import static java.util.UUID.randomUUID; uuid = randomUUID() as String}</v11:messageId>
            <v11:timestamp>${=new java.text.SimpleDateFormat("yyyy-MM-dd'T'HH:mm:ss.SSS").format(new Date())}</v11:timestamp>
         </v1:messageContext>
         <v1:legalContext>ServiceIntegrator</v1:legalContext>
         <v1:request>
         	  <v1:Domain>FINANCE</v1:Domain>
            <v1:Language>fr</v1:Language>
         </v1:request>
      </v1:getDomainRequest>
   </soapenv:Body>
</soapenv:Envelope>]]></con:request><con:credentials><con:selectedAuthProfile>Basic</con:selectedAuthProfile><con:addedBasicAuthenticationTypes>Basic</con:addedBasicAuthenticationTypes><con:authType>Global HTTP Settings</con:authType></con:credentials><con:jmsConfig JMSDeliveryMode="PERSISTENT"/><con:jmsPropertyConfig/><con:wsaConfig mustUnderstand="NONE" version="200508" action="http://fidus.brussels/services/accessmanagerservice/getDomain"/><con:wsrmConfig version="1.2"/></con:call><con:call id="001cf2dc-2ec2-4409-a5db-4ef90200d5d6" name="2 - Dev - Request - OK" outgoingWss="Outflow DEV" incomingWss="Inflow DEV"><con:settings><con:setting id="com.eviware.soapui.impl.wsdl.WsdlRequest@request-headers">&lt;xml-fragment/></con:setting></con:settings><con:encoding>UTF-8</con:encoding><con:endpoint>https://192.168.36.61:8243/services/AccessManagerService_v1.0</con:endpoint><con:request><![CDATA[<soapenv:Envelope xmlns:soapenv="http://schemas.xmlsoap.org/soap/envelope/" xmlns:v1="http://fidus.brussels/service/accessmanagerservice/messages/v1" xmlns:v11="http://fidus.brussels/type/common/messages/v1" >
   <soapenv:Header/>
   <soapenv:Body>
      <v1:getDomainRequest>
         <v1:messageContext>
         	  <v11:messageId>${=import static java.util.UUID.randomUUID; uuid = randomUUID() as String}</v11:messageId>
            <v11:timestamp>${=new java.text.SimpleDateFormat("yyyy-MM-dd'T'HH:mm:ss.SSS").format(new Date())}</v11:timestamp>
         </v1:messageContext>
         <v1:legalContext>ServiceIntegrator</v1:legalContext>
         <v1:request>
         	  <v1:Domain>FINANCE</v1:Domain>
            <v1:Language>fr</v1:Language>
         </v1:request>
      </v1:getDomainRequest>
   </soapenv:Body>
</soapenv:Envelope>]]></con:request><con:credentials><con:selectedAuthProfile>Basic</con:selectedAuthProfile><con:addedBasicAuthenticationTypes>Basic</con:addedBasicAuthenticationTypes><con:authType>Global HTTP Settings</con:authType></con:credentials><con:jmsConfig JMSDeliveryMode="PERSISTENT"/><con:jmsPropertyConfig/><con:wsaConfig mustUnderstand="NONE" version="200508" action="http://fidus.brussels/services/accessmanagerservice/getDomain"/><con:wsrmConfig version="1.2"/></con:call><con:call id="fd82976b-792d-4ca5-a0aa-3b38caa69e8e" name="5 - Prod - External - Request" incomingWss="Inflow PROD" outgoingWss="Outflow PROD"><con:settings><con:setting id="com.eviware.soapui.impl.wsdl.WsdlRequest@request-headers">&lt;xml-fragment/></con:setting></con:settings><con:encoding>UTF-8</con:encoding><con:endpoint>https://fidus.sec.brussels/services/AccessManagerService_v1.0</con:endpoint><con:request><![CDATA[<soapenv:Envelope xmlns:soapenv="http://schemas.xmlsoap.org/soap/envelope/" xmlns:v1="http://fidus.brussels/service/accessmanagerservice/messages/v1" xmlns:v11="http://fidus.brussels/type/common/messages/v1" >
   <soapenv:Header/>
   <soapenv:Body>
      <v1:getDomainRequest>
         <v1:messageContext>
         	  <v11:messageId>${=import static java.util.UUID.randomUUID; uuid = randomUUID() as String}</v11:messageId>
            <v11:timestamp>${=new java.text.SimpleDateFormat("yyyy-MM-dd'T'HH:mm:ss.SSS").format(new Date())}</v11:timestamp>
         </v1:messageContext>
         <v1:legalContext>ServiceIntegrator</v1:legalContext>
         <v1:request>
         	  <v1:Domain>FINANCE</v1:Domain>
            <v1:Language>fr</v1:Language>
         </v1:request>
      </v1:getDomainRequest>
   </soapenv:Body>
</soapenv:Envelope>]]></con:request><con:credentials><con:selectedAuthProfile>Basic</con:selectedAuthProfile><con:addedBasicAuthenticationTypes>Basic</con:addedBasicAuthenticationTypes><con:authType>Global HTTP Settings</con:authType></con:credentials><con:jmsConfig JMSDeliveryMode="PERSISTENT"/><con:jmsPropertyConfig/><con:wsaConfig mustUnderstand="NONE" version="200508" action="http://fidus.brussels/services/accessmanagerservice/getDomain"/><con:wsrmConfig version="1.2"/></con:call><con:call id="ab1a65e5-cfb5-45fd-bfe7-2973f0b1b54a" name="1 - Local - Request - Not Found" incomingWss="Inflow DEV" outgoingWss="Outflow DEV"><con:settings><con:setting id="com.eviware.soapui.impl.wsdl.WsdlRequest@request-headers">&lt;xml-fragment/></con:setting></con:settings><con:encoding>UTF-8</con:encoding><con:endpoint>https://localhost:8243/services/AccessManagerService_v1.0</con:endpoint><con:request><![CDATA[<soapenv:Envelope xmlns:soapenv="http://schemas.xmlsoap.org/soap/envelope/" xmlns:v1="http://fidus.brussels/service/accessmanagerservice/messages/v1" xmlns:v11="http://fidus.brussels/type/common/messages/v1" >
   <soapenv:Header/>
   <soapenv:Body>
      <v1:getDomainRequest>
         <v1:messageContext>
         	  <v11:messageId>${=import static java.util.UUID.randomUUID; uuid = randomUUID() as String}</v11:messageId>
            <v11:timestamp>${=new java.text.SimpleDateFormat("yyyy-MM-dd'T'HH:mm:ss.SSS").format(new Date())}</v11:timestamp>
         </v1:messageContext>
         <v1:legalContext>ServiceIntegrator</v1:legalContext>
         <v1:request>
         	  <v1:Domain>ECOLOGY</v1:Domain>
            <v1:Language>fr</v1:Language>
         </v1:request>
      </v1:getDomainRequest>
   </soapenv:Body>
</soapenv:Envelope>]]></con:request><con:credentials><con:selectedAuthProfile>Basic</con:selectedAuthProfile><con:addedBasicAuthenticationTypes>Basic</con:addedBasicAuthenticationTypes><con:authType>Global HTTP Settings</con:authType></con:credentials><con:jmsConfig JMSDeliveryMode="PERSISTENT"/><con:jmsPropertyConfig/><con:wsaConfig mustUnderstand="NONE" version="200508" action="http://fidus.brussels/services/accessmanagerservice/getDomain"/><con:wsrmConfig version="1.2"/></con:call><con:call id="21579883-94a8-40eb-92c3-c51dc907e1c5" name="2 - Dev - Request - Not Found" incomingWss="Inflow DEV" outgoingWss="Outflow DEV"><con:settings><con:setting id="com.eviware.soapui.impl.wsdl.WsdlRequest@request-headers">&lt;xml-fragment/></con:setting></con:settings><con:encoding>UTF-8</con:encoding><con:endpoint>https://192.168.36.61:8243/services/AccessManagerService_v1.0</con:endpoint><con:request><![CDATA[<soapenv:Envelope xmlns:soapenv="http://schemas.xmlsoap.org/soap/envelope/" xmlns:v1="http://fidus.brussels/service/accessmanagerservice/messages/v1" xmlns:v11="http://fidus.brussels/type/common/messages/v1" >
   <soapenv:Header/>
   <soapenv:Body>
      <v1:getDomainRequest>
         <v1:messageContext>
         	  <v11:messageId>${=import static java.util.UUID.randomUUID; uuid = randomUUID() as String}</v11:messageId>
            <v11:timestamp>${=new java.text.SimpleDateFormat("yyyy-MM-dd'T'HH:mm:ss.SSS").format(new Date())}</v11:timestamp>
         </v1:messageContext>
         <v1:legalContext>ServiceIntegrator</v1:legalContext>
         <v1:request>
         	  <v1:Domain>ECOLOGY</v1:Domain>
            <v1:Language>fr</v1:Language>
         </v1:request>
      </v1:getDomainRequest>
   </soapenv:Body>
</soapenv:Envelope>]]></con:request><con:credentials><con:selectedAuthProfile>Basic</con:selectedAuthProfile><con:addedBasicAuthenticationTypes>Basic</con:addedBasicAuthenticationTypes><con:authType>Global HTTP Settings</con:authType></con:credentials><con:jmsConfig JMSDeliveryMode="PERSISTENT"/><con:jmsPropertyConfig/><con:wsaConfig mustUnderstand="NONE" version="200508" action="http://fidus.brussels/services/accessmanagerservice/getDomain"/><con:wsrmConfig version="1.2"/></con:call><con:call id="89f2e7a2-5b2c-42f0-b173-5923c915539a" name="3 - Test - Worker1 - Request" outgoingWss="Outflow TEST" incomingWss="Inflow TEST"><con:settings><con:setting id="com.eviware.soapui.impl.wsdl.WsdlRequest@request-headers">&lt;xml-fragment/></con:setting></con:settings><con:encoding>UTF-8</con:encoding><con:endpoint>https://192.168.22.53:8443/services/AccessManagerService_v1.0</con:endpoint><con:request><![CDATA[<soapenv:Envelope xmlns:soapenv="http://schemas.xmlsoap.org/soap/envelope/" xmlns:v1="http://fidus.brussels/service/accessmanagerservice/messages/v1" xmlns:v11="http://fidus.brussels/type/common/messages/v1" >
   <soapenv:Header/>
   <soapenv:Body>
      <v1:getDomainRequest>
         <v1:messageContext>
         	  <v11:messageId>${=import static java.util.UUID.randomUUID; uuid = randomUUID() as String}</v11:messageId>
            <v11:timestamp>${=new java.text.SimpleDateFormat("yyyy-MM-dd'T'HH:mm:ss.SSS").format(new Date())}</v11:timestamp>
         </v1:messageContext>
         <v1:legalContext>ServiceIntegrator</v1:legalContext>
         <v1:request>
         	  <v1:Domain>FINANCE</v1:Domain>
            <v1:Language>fr</v1:Language>
         </v1:request>
      </v1:getDomainRequest>
   </soapenv:Body>
</soapenv:Envelope>]]></con:request><con:credentials><con:selectedAuthProfile>Basic</con:selectedAuthProfile><con:addedBasicAuthenticationTypes>Basic</con:addedBasicAuthenticationTypes><con:authType>Global HTTP Settings</con:authType></con:credentials><con:jmsConfig JMSDeliveryMode="PERSISTENT"/><con:jmsPropertyConfig/><con:wsaConfig mustUnderstand="NONE" version="200508" action="http://fidus.brussels/services/accessmanagerservice/getDomain"/><con:wsrmConfig version="1.2"/></con:call><con:call id="7bd6e7e5-47a9-430b-91c1-0a22d40e70d4" name="3 - Test - Worker2 - Request" outgoingWss="Outflow TEST" incomingWss="Inflow TEST"><con:settings><con:setting id="com.eviware.soapui.impl.wsdl.WsdlRequest@request-headers">&lt;xml-fragment/></con:setting></con:settings><con:encoding>UTF-8</con:encoding><con:endpoint>https://192.168.22.54:8443/services/AccessManagerService_v1.0</con:endpoint><con:request><![CDATA[<soapenv:Envelope xmlns:soapenv="http://schemas.xmlsoap.org/soap/envelope/" xmlns:v1="http://fidus.brussels/service/accessmanagerservice/messages/v1" xmlns:v11="http://fidus.brussels/type/common/messages/v1" >
   <soapenv:Header/>
   <soapenv:Body>
      <v1:getDomainRequest>
         <v1:messageContext>
         	  <v11:messageId>${=import static java.util.UUID.randomUUID; uuid = randomUUID() as String}</v11:messageId>
            <v11:timestamp>${=new java.text.SimpleDateFormat("yyyy-MM-dd'T'HH:mm:ss.SSS").format(new Date())}</v11:timestamp>
         </v1:messageContext>
         <v1:legalContext>ServiceIntegrator</v1:legalContext>
         <v1:request>
         	  <v1:Domain>FINANCE</v1:Domain>
            <v1:Language>fr</v1:Language>
         </v1:request>
      </v1:getDomainRequest>
   </soapenv:Body>
</soapenv:Envelope>]]></con:request><con:credentials><con:selectedAuthProfile>Basic</con:selectedAuthProfile><con:addedBasicAuthenticationTypes>Basic</con:addedBasicAuthenticationTypes><con:authType>Global HTTP Settings</con:authType></con:credentials><con:jmsConfig JMSDeliveryMode="PERSISTENT"/><con:jmsPropertyConfig/><con:wsaConfig mustUnderstand="NONE" version="200508" action="http://fidus.brussels/services/accessmanagerservice/getDomain"/><con:wsrmConfig version="1.2"/></con:call><con:call id="35eb26a3-7ca2-4f97-87cc-27f111258f46" name="4 - Staging - Worker1 - Request" incomingWss="Inflow STAGING" outgoingWss="Outflow STAGING"><con:settings><con:setting id="com.eviware.soapui.impl.wsdl.WsdlRequest@request-headers">&lt;xml-fragment/></con:setting></con:settings><con:encoding>UTF-8</con:encoding><con:endpoint>https://192.168.24.16:8443/services/AccessManagerService_v1.0</con:endpoint><con:request><![CDATA[<soapenv:Envelope xmlns:soapenv="http://schemas.xmlsoap.org/soap/envelope/" xmlns:v1="http://fidus.brussels/service/accessmanagerservice/messages/v1" xmlns:v11="http://fidus.brussels/type/common/messages/v1" >
   <soapenv:Header/>
   <soapenv:Body>
      <v1:getDomainRequest>
         <v1:messageContext>
         	  <v11:messageId>${=import static java.util.UUID.randomUUID; uuid = randomUUID() as String}</v11:messageId>
            <v11:timestamp>${=new java.text.SimpleDateFormat("yyyy-MM-dd'T'HH:mm:ss.SSS").format(new Date())}</v11:timestamp>
         </v1:messageContext>
         <v1:legalContext>ServiceIntegrator</v1:legalContext>
         <v1:request>
         	  <v1:Domain>FINANCE</v1:Domain>
            <v1:Language>fr</v1:Language>
         </v1:request>
      </v1:getDomainRequest>
   </soapenv:Body>
</soapenv:Envelope>]]></con:request><con:credentials><con:selectedAuthProfile>Basic</con:selectedAuthProfile><con:addedBasicAuthenticationTypes>Basic</con:addedBasicAuthenticationTypes><con:authType>Global HTTP Settings</con:authType></con:credentials><con:jmsConfig JMSDeliveryMode="PERSISTENT"/><con:jmsPropertyConfig/><con:wsaConfig mustUnderstand="NONE" version="200508" action="http://fidus.brussels/services/accessmanagerservice/getDomain"/><con:wsrmConfig version="1.2"/></con:call><con:call id="1c96a159-0bf2-410e-8c4c-dcb643dc02ba" name="4 - Staging - Worker2 - Request" incomingWss="Inflow STAGING" outgoingWss="Outflow STAGING"><con:settings><con:setting id="com.eviware.soapui.impl.wsdl.WsdlRequest@request-headers">&lt;xml-fragment/></con:setting></con:settings><con:encoding>UTF-8</con:encoding><con:endpoint>https://192.168.24.17:8443/services/AccessManagerService_v1.0</con:endpoint><con:request><![CDATA[<soapenv:Envelope xmlns:soapenv="http://schemas.xmlsoap.org/soap/envelope/" xmlns:v1="http://fidus.brussels/service/accessmanagerservice/messages/v1" xmlns:v11="http://fidus.brussels/type/common/messages/v1" >
   <soapenv:Header/>
   <soapenv:Body>
      <v1:getDomainRequest>
         <v1:messageContext>
         	  <v11:messageId>${=import static java.util.UUID.randomUUID; uuid = randomUUID() as String}</v11:messageId>
            <v11:timestamp>${=new java.text.SimpleDateFormat("yyyy-MM-dd'T'HH:mm:ss.SSS").format(new Date())}</v11:timestamp>
         </v1:messageContext>
         <v1:legalContext>ServiceIntegrator</v1:legalContext>
         <v1:request>
         	  <v1:Domain>FINANCE</v1:Domain>
            <v1:Language>fr</v1:Language>
         </v1:request>
      </v1:getDomainRequest>
   </soapenv:Body>
</soapenv:Envelope>]]></con:request><con:credentials><con:selectedAuthProfile>Basic</con:selectedAuthProfile><con:addedBasicAuthenticationTypes>Basic</con:addedBasicAuthenticationTypes><con:authType>Global HTTP Settings</con:authType></con:credentials><con:jmsConfig JMSDeliveryMode="PERSISTENT"/><con:jmsPropertyConfig/><con:wsaConfig mustUnderstand="NONE" version="200508" action="http://fidus.brussels/services/accessmanagerservice/getDomain"/><con:wsrmConfig version="1.2"/></con:call><con:call id="37e20322-b450-4958-bbaa-24de1819f51f" name="5 - Prod - LB - Request" incomingWss="Inflow PROD" outgoingWss="Outflow PROD"><con:settings><con:setting id="com.eviware.soapui.impl.wsdl.WsdlRequest@request-headers">&lt;xml-fragment/></con:setting></con:settings><con:encoding>UTF-8</con:encoding><con:endpoint>https://fidus-esb-sg.prd.srv.cirb.lan:8443/services/AccessManagerService_v1.0</con:endpoint><con:request><![CDATA[<soapenv:Envelope xmlns:soapenv="http://schemas.xmlsoap.org/soap/envelope/" xmlns:v1="http://fidus.brussels/service/accessmanagerservice/messages/v1" xmlns:v11="http://fidus.brussels/type/common/messages/v1" >
   <soapenv:Header/>
   <soapenv:Body>
      <v1:getDomainRequest>
         <v1:messageContext>
         	  <v11:messageId>${=import static java.util.UUID.randomUUID; uuid = randomUUID() as String}</v11:messageId>
            <v11:timestamp>${=new java.text.SimpleDateFormat("yyyy-MM-dd'T'HH:mm:ss.SSS").format(new Date())}</v11:timestamp>
         </v1:messageContext>
         <v1:legalContext>ServiceIntegrator</v1:legalContext>
         <v1:request>
         	  <v1:Domain>FINANCE</v1:Domain>
            <v1:Language>fr</v1:Language>
         </v1:request>
      </v1:getDomainRequest>
   </soapenv:Body>
</soapenv:Envelope>]]></con:request><con:credentials><con:selectedAuthProfile>Basic</con:selectedAuthProfile><con:addedBasicAuthenticationTypes>Basic</con:addedBasicAuthenticationTypes><con:authType>Global HTTP Settings</con:authType></con:credentials><con:jmsConfig JMSDeliveryMode="PERSISTENT"/><con:jmsPropertyConfig/><con:wsaConfig mustUnderstand="NONE" version="200508" action="http://fidus.brussels/services/accessmanagerservice/getDomain"/><con:wsrmConfig version="1.2"/></con:call><con:call id="35c05f2f-71c9-42ab-9302-0293ddf7dcc1" name="5 - Prod - Worker1 - Request" incomingWss="Inflow PROD" outgoingWss="Outflow PROD"><con:settings><con:setting id="com.eviware.soapui.impl.wsdl.WsdlRequest@request-headers">&lt;xml-fragment/></con:setting></con:settings><con:encoding>UTF-8</con:encoding><con:endpoint>https://192.168.26.22:8443/services/AccessManagerService_v1.0</con:endpoint><con:request><![CDATA[<soapenv:Envelope xmlns:soapenv="http://schemas.xmlsoap.org/soap/envelope/" xmlns:v1="http://fidus.brussels/service/accessmanagerservice/messages/v1" xmlns:v11="http://fidus.brussels/type/common/messages/v1" >
   <soapenv:Header/>
   <soapenv:Body>
      <v1:getDomainRequest>
         <v1:messageContext>
         	  <v11:messageId>${=import static java.util.UUID.randomUUID; uuid = randomUUID() as String}</v11:messageId>
            <v11:timestamp>${=new java.text.SimpleDateFormat("yyyy-MM-dd'T'HH:mm:ss.SSS").format(new Date())}</v11:timestamp>
         </v1:messageContext>
         <v1:legalContext>ServiceIntegrator</v1:legalContext>
         <v1:request>
         	  <v1:Domain>FINANCE</v1:Domain>
            <v1:Language>fr</v1:Language>
         </v1:request>
      </v1:getDomainRequest>
   </soapenv:Body>
</soapenv:Envelope>]]></con:request><con:credentials><con:selectedAuthProfile>Basic</con:selectedAuthProfile><con:addedBasicAuthenticationTypes>Basic</con:addedBasicAuthenticationTypes><con:authType>Global HTTP Settings</con:authType></con:credentials><con:jmsConfig JMSDeliveryMode="PERSISTENT"/><con:jmsPropertyConfig/><con:wsaConfig mustUnderstand="NONE" version="200508" action="http://fidus.brussels/services/accessmanagerservice/getDomain"/><con:wsrmConfig version="1.2"/></con:call><con:call id="49868844-6257-4d3e-bf80-b9ebd1d42fd8" name="5 - Prod - Worker2 - Request" incomingWss="Inflow PROD" outgoingWss="Outflow PROD"><con:settings><con:setting id="com.eviware.soapui.impl.wsdl.WsdlRequest@request-headers">&lt;xml-fragment/></con:setting></con:settings><con:encoding>UTF-8</con:encoding><con:endpoint>https://192.168.26.19:8443/services/AccessManagerService_v1.0</con:endpoint><con:request><![CDATA[<soapenv:Envelope xmlns:soapenv="http://schemas.xmlsoap.org/soap/envelope/" xmlns:v1="http://fidus.brussels/service/accessmanagerservice/messages/v1" xmlns:v11="http://fidus.brussels/type/common/messages/v1" >
   <soapenv:Header/>
   <soapenv:Body>
      <v1:getDomainRequest>
         <v1:messageContext>
         	  <v11:messageId>${=import static java.util.UUID.randomUUID; uuid = randomUUID() as String}</v11:messageId>
            <v11:timestamp>${=new java.text.SimpleDateFormat("yyyy-MM-dd'T'HH:mm:ss.SSS").format(new Date())}</v11:timestamp>
         </v1:messageContext>
         <v1:legalContext>ServiceIntegrator</v1:legalContext>
         <v1:request>
         	  <v1:Domain>FINANCE</v1:Domain>
            <v1:Language>fr</v1:Language>
         </v1:request>
      </v1:getDomainRequest>
   </soapenv:Body>
</soapenv:Envelope>]]></con:request><con:credentials><con:selectedAuthProfile>Basic</con:selectedAuthProfile><con:addedBasicAuthenticationTypes>Basic</con:addedBasicAuthenticationTypes><con:authType>Global HTTP Settings</con:authType></con:credentials><con:jmsConfig JMSDeliveryMode="PERSISTENT"/><con:jmsPropertyConfig/><con:wsaConfig mustUnderstand="NONE" version="200508" action="http://fidus.brussels/services/accessmanagerservice/getDomain"/><con:wsrmConfig version="1.2"/></con:call><con:call id="dd1e2fd3-1cae-4404-89e1-d602663a7f5f" name="3 - Test - Worker1New - Request" outgoingWss="Outflow TEST" incomingWss="Inflow TEST"><con:settings><con:setting id="com.eviware.soapui.impl.wsdl.WsdlRequest@request-headers">&lt;xml-fragment/></con:setting></con:settings><con:encoding>UTF-8</con:encoding><con:endpoint>https://192.168.22.73:8443/services/AccessManagerService_v1.0</con:endpoint><con:request><![CDATA[<soapenv:Envelope xmlns:soapenv="http://schemas.xmlsoap.org/soap/envelope/" xmlns:v1="http://fidus.brussels/service/accessmanagerservice/messages/v1" xmlns:v11="http://fidus.brussels/type/common/messages/v1" >
   <soapenv:Header/>
   <soapenv:Body>
      <v1:getDomainRequest>
         <v1:messageContext>
         	  <v11:messageId>${=import static java.util.UUID.randomUUID; uuid = randomUUID() as String}</v11:messageId>
            <v11:timestamp>${=new java.text.SimpleDateFormat("yyyy-MM-dd'T'HH:mm:ss.SSS").format(new Date())}</v11:timestamp>
         </v1:messageContext>
         <v1:legalContext>ServiceIntegrator</v1:legalContext>
         <v1:request>
         	  <v1:Domain>FINANCE</v1:Domain>
            <v1:Language>fr</v1:Language>
         </v1:request>
      </v1:getDomainRequest>
   </soapenv:Body>
</soapenv:Envelope>]]></con:request><con:credentials><con:selectedAuthProfile>Basic</con:selectedAuthProfile><con:addedBasicAuthenticationTypes>Basic</con:addedBasicAuthenticationTypes><con:authType>Global HTTP Settings</con:authType></con:credentials><con:jmsConfig JMSDeliveryMode="PERSISTENT"/><con:jmsPropertyConfig/><con:wsaConfig mustUnderstand="NONE" version="200508" action="http://fidus.brussels/services/accessmanagerservice/getDomain"/><con:wsrmConfig version="1.2"/></con:call><con:call id="27ff139d-6434-4b12-b564-63186b0f77d2" name="3 - Test - Worker2New - Request" outgoingWss="Outflow TEST" incomingWss="Inflow TEST"><con:settings><con:setting id="com.eviware.soapui.impl.wsdl.WsdlRequest@request-headers">&lt;xml-fragment/></con:setting></con:settings><con:encoding>UTF-8</con:encoding><con:endpoint>https://192.168.22.93:8443/services/AccessManagerService_v1.0</con:endpoint><con:request><![CDATA[<soapenv:Envelope xmlns:soapenv="http://schemas.xmlsoap.org/soap/envelope/" xmlns:v1="http://fidus.brussels/service/accessmanagerservice/messages/v1" xmlns:v11="http://fidus.brussels/type/common/messages/v1" >
   <soapenv:Header/>
   <soapenv:Body>
      <v1:getDomainRequest>
         <v1:messageContext>
         	  <v11:messageId>${=import static java.util.UUID.randomUUID; uuid = randomUUID() as String}</v11:messageId>
            <v11:timestamp>${=new java.text.SimpleDateFormat("yyyy-MM-dd'T'HH:mm:ss.SSS").format(new Date())}</v11:timestamp>
         </v1:messageContext>
         <v1:legalContext>ServiceIntegrator</v1:legalContext>
         <v1:request>
         	  <v1:Domain>FINANCE</v1:Domain>
            <v1:Language>fr</v1:Language>
         </v1:request>
      </v1:getDomainRequest>
   </soapenv:Body>
</soapenv:Envelope>]]></con:request><con:credentials><con:selectedAuthProfile>Basic</con:selectedAuthProfile><con:addedBasicAuthenticationTypes>Basic</con:addedBasicAuthenticationTypes><con:authType>Global HTTP Settings</con:authType></con:credentials><con:jmsConfig JMSDeliveryMode="PERSISTENT"/><con:jmsPropertyConfig/><con:wsaConfig mustUnderstand="NONE" version="200508" action="http://fidus.brussels/services/accessmanagerservice/getDomain"/><con:wsrmConfig version="1.2"/></con:call><con:call id="96c33d01-7af2-4c8c-970d-89a586937ceb" name="4 - Staging - Worker1New - Request" outgoingWss="Outflow STAGING" incomingWss="Inflow STAGING"><con:settings><con:setting id="com.eviware.soapui.impl.wsdl.WsdlRequest@request-headers">&lt;xml-fragment/></con:setting></con:settings><con:encoding>UTF-8</con:encoding><con:endpoint>https://192.168.23.191:8443/services/AccessManagerService_v1.0</con:endpoint><con:request><![CDATA[<soapenv:Envelope xmlns:soapenv="http://schemas.xmlsoap.org/soap/envelope/" xmlns:v1="http://fidus.brussels/service/accessmanagerservice/messages/v1" xmlns:v11="http://fidus.brussels/type/common/messages/v1" >
   <soapenv:Header/>
   <soapenv:Body>
      <v1:getDomainRequest>
         <v1:messageContext>
         	  <v11:messageId>${=import static java.util.UUID.randomUUID; uuid = randomUUID() as String}</v11:messageId>
            <v11:timestamp>${=new java.text.SimpleDateFormat("yyyy-MM-dd'T'HH:mm:ss.SSS").format(new Date())}</v11:timestamp>
         </v1:messageContext>
         <v1:legalContext>ServiceIntegrator</v1:legalContext>
         <v1:request>
         	  <v1:Domain>FINANCE</v1:Domain>
            <v1:Language>fr</v1:Language>
         </v1:request>
      </v1:getDomainRequest>
   </soapenv:Body>
</soapenv:Envelope>]]></con:request><con:credentials><con:selectedAuthProfile>Basic</con:selectedAuthProfile><con:addedBasicAuthenticationTypes>Basic</con:addedBasicAuthenticationTypes><con:authType>Global HTTP Settings</con:authType></con:credentials><con:jmsConfig JMSDeliveryMode="PERSISTENT"/><con:jmsPropertyConfig/><con:wsaConfig mustUnderstand="NONE" version="200508" action="http://fidus.brussels/services/accessmanagerservice/getDomain"/><con:wsrmConfig version="1.2"/></con:call><con:call id="dc07157e-fa20-4e10-a4f0-f6553ce4110c" name="4 - Staging - Worker2New - Request" outgoingWss="Outflow STAGING" incomingWss="Inflow STAGING"><con:settings><con:setting id="com.eviware.soapui.impl.wsdl.WsdlRequest@request-headers">&lt;xml-fragment/></con:setting></con:settings><con:encoding>UTF-8</con:encoding><con:endpoint>https://192.168.23.198:8443/services/AccessManagerService_v1.0</con:endpoint><con:request><![CDATA[<soapenv:Envelope xmlns:soapenv="http://schemas.xmlsoap.org/soap/envelope/" xmlns:v1="http://fidus.brussels/service/accessmanagerservice/messages/v1" xmlns:v11="http://fidus.brussels/type/common/messages/v1" >
   <soapenv:Header/>
   <soapenv:Body>
      <v1:getDomainRequest>
         <v1:messageContext>
         	  <v11:messageId>${=import static java.util.UUID.randomUUID; uuid = randomUUID() as String}</v11:messageId>
            <v11:timestamp>${=new java.text.SimpleDateFormat("yyyy-MM-dd'T'HH:mm:ss.SSS").format(new Date())}</v11:timestamp>
         </v1:messageContext>
         <v1:legalContext>ServiceIntegrator</v1:legalContext>
         <v1:request>
         	  <v1:Domain>FINANCE</v1:Domain>
            <v1:Language>fr</v1:Language>
         </v1:request>
      </v1:getDomainRequest>
   </soapenv:Body>
</soapenv:Envelope>]]></con:request><con:credentials><con:selectedAuthProfile>Basic</con:selectedAuthProfile><con:addedBasicAuthenticationTypes>Basic</con:addedBasicAuthenticationTypes><con:authType>Global HTTP Settings</con:authType></con:credentials><con:jmsConfig JMSDeliveryMode="PERSISTENT"/><con:jmsPropertyConfig/><con:wsaConfig mustUnderstand="NONE" version="200508" action="http://fidus.brussels/services/accessmanagerservice/getDomain"/><con:wsrmConfig version="1.2"/></con:call></con:operation><con:operation id="1838c1b4-29f9-47e7-a3a8-d16338611a30" isOneWay="false" action="http://fidus.brussels/services/accessmanagerservice/getEntityRepresentatives" name="getEntityRepresentatives" bindingOperationName="getEntityRepresentatives" type="Request-Response" inputName="" receivesAttachments="false" sendsAttachments="false" anonymous="optional"><con:settings/><con:call id="0c71561a-5d0d-42a9-a8df-b42356423404" name="1 - Local - Request - OK" incomingWss="Inflow DEV" outgoingWss="Outflow DEV"><con:settings><con:setting id="com.eviware.soapui.impl.wsdl.WsdlRequest@request-headers">&lt;xml-fragment/></con:setting></con:settings><con:encoding>UTF-8</con:encoding><con:endpoint>https://localhost:8243/services/AccessManagerService_v1.0</con:endpoint><con:request><![CDATA[<soapenv:Envelope xmlns:soapenv="http://schemas.xmlsoap.org/soap/envelope/" xmlns:v1="http://fidus.brussels/service/accessmanagerservice/messages/v1" xmlns:v11="http://fidus.brussels/type/common/messages/v1" xmlns:v31="http://socialsecurity.be/umanentityrepresentative/types/v3" >
   <soapenv:Header/>
   <soapenv:Body>
      <v1:getEntityRepresentativesRequest>
         <v1:messageContext>
         	  <v11:messageId>${=import static java.util.UUID.randomUUID; uuid = randomUUID() as String}</v11:messageId>
            <v11:timestamp>${=new java.text.SimpleDateFormat("yyyy-MM-dd'T'HH:mm:ss.SSS").format(new Date())}</v11:timestamp>
         </v1:messageContext>
         <v1:legalContext>ServiceIntegrator</v1:legalContext>
         <v1:request>
            <v1:Domain>QUAL_FED_HEALTHCARE</v1:Domain>
            <v1:OrganisationId>
               <v31:Identifier>1990000431</v31:Identifier>
               <v31:IdentifierType>BEEHP</v31:IdentifierType>
            </v1:OrganisationId>
            <v1:Language>nl</v1:Language>
         </v1:request>
      </v1:getEntityRepresentativesRequest>
   </soapenv:Body>
</soapenv:Envelope>]]></con:request><con:credentials><con:selectedAuthProfile>Basic</con:selectedAuthProfile><con:addedBasicAuthenticationTypes>Basic</con:addedBasicAuthenticationTypes><con:authType>Global HTTP Settings</con:authType></con:credentials><con:jmsConfig JMSDeliveryMode="PERSISTENT"/><con:jmsPropertyConfig/><con:wsaConfig mustUnderstand="NONE" version="200508" action="http://fidus.brussels/services/accessmanagerservice/getEntityRepresentatives"/><con:wsrmConfig version="1.2"/></con:call><con:call id="5f54e628-153c-477b-a043-ad6559eb7a37" name="2 - Dev - Request - OK" outgoingWss="Outflow DEV" incomingWss="Inflow DEV"><con:settings><con:setting id="com.eviware.soapui.impl.wsdl.WsdlRequest@request-headers">&lt;xml-fragment/></con:setting></con:settings><con:encoding>UTF-8</con:encoding><con:endpoint>https://192.168.36.61:8243/services/AccessManagerService_v1.0</con:endpoint><con:request><![CDATA[<soapenv:Envelope xmlns:soapenv="http://schemas.xmlsoap.org/soap/envelope/" xmlns:v1="http://fidus.brussels/service/accessmanagerservice/messages/v1" xmlns:v11="http://fidus.brussels/type/common/messages/v1" xmlns:v31="http://socialsecurity.be/umanentityrepresentative/types/v3" >
   <soapenv:Header/>
   <soapenv:Body>
      <v1:getEntityRepresentativesRequest>
         <v1:messageContext>
         	  <v11:messageId>${=import static java.util.UUID.randomUUID; uuid = randomUUID() as String}</v11:messageId>
            <v11:timestamp>${=new java.text.SimpleDateFormat("yyyy-MM-dd'T'HH:mm:ss.SSS").format(new Date())}</v11:timestamp>
         </v1:messageContext>
         <v1:legalContext>ServiceIntegrator</v1:legalContext>
         <v1:request>
            <v1:Domain>QUAL_FED_HEALTHCARE</v1:Domain>
            <v1:OrganisationId>
               <v31:Identifier>1990000431</v31:Identifier>
               <v31:IdentifierType>BEEHP</v31:IdentifierType>
            </v1:OrganisationId>
            <v1:Language>nl</v1:Language>
         </v1:request>
      </v1:getEntityRepresentativesRequest>
   </soapenv:Body>
</soapenv:Envelope>]]></con:request><con:credentials><con:selectedAuthProfile>Basic</con:selectedAuthProfile><con:addedBasicAuthenticationTypes>Basic</con:addedBasicAuthenticationTypes><con:authType>Global HTTP Settings</con:authType></con:credentials><con:jmsConfig JMSDeliveryMode="PERSISTENT"/><con:jmsPropertyConfig/><con:wsaConfig mustUnderstand="NONE" version="200508" action="http://fidus.brussels/services/accessmanagerservice/getEntityRepresentatives"/><con:wsrmConfig version="1.2"/></con:call><con:call id="a29c6ba5-101e-4b4f-b3c0-17ca7de235fb" name="3 - Test - LB - Request" outgoingWss="Outflow TEST" incomingWss="Inflow TEST"><con:settings><con:setting id="com.eviware.soapui.impl.wsdl.WsdlRequest@request-headers">&lt;xml-fragment/></con:setting></con:settings><con:encoding>UTF-8</con:encoding><con:endpoint>https://esb-security-gw.sta.srv.cirb.lan:8443/services/AccessManagerService_v1.0</con:endpoint><con:request><![CDATA[<soapenv:Envelope xmlns:soapenv="http://schemas.xmlsoap.org/soap/envelope/" xmlns:v1="http://fidus.brussels/service/accessmanagerservice/messages/v1" xmlns:v11="http://fidus.brussels/type/common/messages/v1" xmlns:v31="http://socialsecurity.be/umanentityrepresentative/types/v3" >
   <soapenv:Header/>
   <soapenv:Body>
      <v1:getEntityRepresentativesRequest>
         <v1:messageContext>
         	  <v11:messageId>${=import static java.util.UUID.randomUUID; uuid = randomUUID() as String}</v11:messageId>
            <v11:timestamp>${=new java.text.SimpleDateFormat("yyyy-MM-dd'T'HH:mm:ss.SSS").format(new Date())}</v11:timestamp>
         </v1:messageContext>
         <v1:legalContext>ServiceIntegrator</v1:legalContext>
         <v1:request>
            <v1:Domain>QUAL_FED_HEALTHCARE</v1:Domain>
            <v1:OrganisationId>
               <v31:Identifier>1990000431</v31:Identifier>
               <v31:IdentifierType>BEEHP</v31:IdentifierType>
            </v1:OrganisationId>
            <v1:Language>nl</v1:Language>
         </v1:request>
      </v1:getEntityRepresentativesRequest>
   </soapenv:Body>
</soapenv:Envelope>]]></con:request><con:credentials><con:selectedAuthProfile>Basic</con:selectedAuthProfile><con:addedBasicAuthenticationTypes>Basic</con:addedBasicAuthenticationTypes><con:authType>Global HTTP Settings</con:authType></con:credentials><con:jmsConfig JMSDeliveryMode="PERSISTENT"/><con:jmsPropertyConfig/><con:wsaConfig mustUnderstand="NONE" version="200508" action="http://fidus.brussels/services/accessmanagerservice/getEntityRepresentatives"/><con:wsrmConfig version="1.2"/></con:call><con:call id="cb750499-4046-4ae9-99f6-235cf31a1200" name="4 - Staging - LB - Request" incomingWss="Inflow STAGING" outgoingWss="Outflow STAGING"><con:settings><con:setting id="com.eviware.soapui.impl.wsdl.WsdlRequest@request-headers">&lt;xml-fragment/></con:setting></con:settings><con:encoding>UTF-8</con:encoding><con:endpoint>https://fidus-esb-sg.sta.srv.cirb.lan:8443/services/AccessManagerService_v1.0</con:endpoint><con:request><![CDATA[<soapenv:Envelope xmlns:soapenv="http://schemas.xmlsoap.org/soap/envelope/" xmlns:v1="http://fidus.brussels/service/accessmanagerservice/messages/v1" xmlns:v11="http://fidus.brussels/type/common/messages/v1" xmlns:v31="http://socialsecurity.be/umanentityrepresentative/types/v3" >
   <soapenv:Header/>
   <soapenv:Body>
      <v1:getEntityRepresentativesRequest>
         <v1:messageContext>
         	  <v11:messageId>${=import static java.util.UUID.randomUUID; uuid = randomUUID() as String}</v11:messageId>
            <v11:timestamp>${=new java.text.SimpleDateFormat("yyyy-MM-dd'T'HH:mm:ss.SSS").format(new Date())}</v11:timestamp>
         </v1:messageContext>
         <v1:legalContext>ServiceIntegrator</v1:legalContext>
         <v1:request>
            <v1:Domain>QUAL_FED_HEALTHCARE</v1:Domain>
            <v1:OrganisationId>
               <v31:Identifier>1990000431</v31:Identifier>
               <v31:IdentifierType>BEEHP</v31:IdentifierType>
            </v1:OrganisationId>
            <v1:Language>nl</v1:Language>
         </v1:request>
      </v1:getEntityRepresentativesRequest>
   </soapenv:Body>
</soapenv:Envelope>]]></con:request><con:credentials><con:selectedAuthProfile>Basic</con:selectedAuthProfile><con:addedBasicAuthenticationTypes>Basic</con:addedBasicAuthenticationTypes><con:authType>Global HTTP Settings</con:authType></con:credentials><con:jmsConfig JMSDeliveryMode="PERSISTENT"/><con:jmsPropertyConfig/><con:wsaConfig mustUnderstand="NONE" version="200508" action="http://fidus.brussels/services/accessmanagerservice/getEntityRepresentatives"/><con:wsrmConfig version="1.2"/></con:call><con:call id="368de139-1ac5-4207-a633-816004980465" name="5 - Prod - External - Request" incomingWss="Inflow PROD" outgoingWss="Outflow PROD"><con:settings><con:setting id="com.eviware.soapui.impl.wsdl.WsdlRequest@request-headers">&lt;xml-fragment/></con:setting></con:settings><con:encoding>UTF-8</con:encoding><con:endpoint>https://fidus.sec.brussels/services/AccessManagerService_v1.0</con:endpoint><con:request><![CDATA[<soapenv:Envelope xmlns:soapenv="http://schemas.xmlsoap.org/soap/envelope/" xmlns:v1="http://fidus.brussels/service/accessmanagerservice/messages/v1" xmlns:v11="http://fidus.brussels/type/common/messages/v1" xmlns:v31="http://socialsecurity.be/umanentityrepresentative/types/v3" >
   <soapenv:Header/>
   <soapenv:Body>
      <v1:getEntityRepresentativesRequest>
         <v1:messageContext>
         	  <v11:messageId>${=import static java.util.UUID.randomUUID; uuid = randomUUID() as String}</v11:messageId>
            <v11:timestamp>${=new java.text.SimpleDateFormat("yyyy-MM-dd'T'HH:mm:ss.SSS").format(new Date())}</v11:timestamp>
         </v1:messageContext>
         <v1:legalContext>ServiceIntegrator</v1:legalContext>
         <v1:request>
            <v1:Domain>QUAL_FED_HEALTHCARE</v1:Domain>
            <v1:OrganisationId>
               <v31:Identifier>1990000431</v31:Identifier>
               <v31:IdentifierType>BEEHP</v31:IdentifierType>
            </v1:OrganisationId>
            <v1:Language>nl</v1:Language>
         </v1:request>
      </v1:getEntityRepresentativesRequest>
   </soapenv:Body>
</soapenv:Envelope>]]></con:request><con:credentials><con:selectedAuthProfile>Basic</con:selectedAuthProfile><con:addedBasicAuthenticationTypes>Basic</con:addedBasicAuthenticationTypes><con:authType>Global HTTP Settings</con:authType></con:credentials><con:jmsConfig JMSDeliveryMode="PERSISTENT"/><con:jmsPropertyConfig/><con:wsaConfig mustUnderstand="NONE" version="200508" action="http://fidus.brussels/services/accessmanagerservice/getEntityRepresentatives"/><con:wsrmConfig version="1.2"/></con:call><con:call id="c03df354-b09c-4c50-9791-bb459072cdb7" name="1 - Local - Request - Not Found" incomingWss="Inflow DEV" outgoingWss="Outflow DEV"><con:settings><con:setting id="com.eviware.soapui.impl.wsdl.WsdlRequest@request-headers">&lt;xml-fragment/></con:setting></con:settings><con:encoding>UTF-8</con:encoding><con:endpoint>https://localhost:8243/services/AccessManagerService_v1.0</con:endpoint><con:request><![CDATA[<soapenv:Envelope xmlns:soapenv="http://schemas.xmlsoap.org/soap/envelope/" xmlns:v1="http://fidus.brussels/service/accessmanagerservice/messages/v1" xmlns:v11="http://fidus.brussels/type/common/messages/v1" xmlns:v31="http://socialsecurity.be/umanentityrepresentative/types/v3" >
   <soapenv:Header/>
   <soapenv:Body>
      <v1:getEntityRepresentativesRequest>
         <v1:messageContext>
         	  <v11:messageId>${=import static java.util.UUID.randomUUID; uuid = randomUUID() as String}</v11:messageId>
            <v11:timestamp>${=new java.text.SimpleDateFormat("yyyy-MM-dd'T'HH:mm:ss.SSS").format(new Date())}</v11:timestamp>
         </v1:messageContext>
         <v1:legalContext>ServiceIntegrator</v1:legalContext>
         <v1:request>
            <v1:Domain>INDUSTRY</v1:Domain>
            <v1:OrganisationId>
               <v31:Identifier>1990000431</v31:Identifier>
               <v31:IdentifierType>BEEHP</v31:IdentifierType>
            </v1:OrganisationId>
            <v1:Language>nl</v1:Language>
         </v1:request>
      </v1:getEntityRepresentativesRequest>
   </soapenv:Body>
</soapenv:Envelope>]]></con:request><con:credentials><con:selectedAuthProfile>Basic</con:selectedAuthProfile><con:addedBasicAuthenticationTypes>Basic</con:addedBasicAuthenticationTypes><con:authType>Global HTTP Settings</con:authType></con:credentials><con:jmsConfig JMSDeliveryMode="PERSISTENT"/><con:jmsPropertyConfig/><con:wsaConfig mustUnderstand="NONE" version="200508" action="http://fidus.brussels/services/accessmanagerservice/getEntityRepresentatives"/><con:wsrmConfig version="1.2"/></con:call><con:call id="bd5e57ea-464d-45c6-a228-81df70014c4c" name="2 - Dev - Request - Not Found" incomingWss="Inflow DEV" outgoingWss="Outflow DEV"><con:settings><con:setting id="com.eviware.soapui.impl.wsdl.WsdlRequest@request-headers">&lt;xml-fragment/></con:setting></con:settings><con:encoding>UTF-8</con:encoding><con:endpoint>https://192.168.36.61:8243/services/AccessManagerService_v1.0</con:endpoint><con:request><![CDATA[<soapenv:Envelope xmlns:soapenv="http://schemas.xmlsoap.org/soap/envelope/" xmlns:v1="http://fidus.brussels/service/accessmanagerservice/messages/v1" xmlns:v11="http://fidus.brussels/type/common/messages/v1" xmlns:v31="http://socialsecurity.be/umanentityrepresentative/types/v3" >
   <soapenv:Header/>
   <soapenv:Body>
      <v1:getEntityRepresentativesRequest>
         <v1:messageContext>
         	  <v11:messageId>${=import static java.util.UUID.randomUUID; uuid = randomUUID() as String}</v11:messageId>
            <v11:timestamp>${=new java.text.SimpleDateFormat("yyyy-MM-dd'T'HH:mm:ss.SSS").format(new Date())}</v11:timestamp>
         </v1:messageContext>
         <v1:legalContext>ServiceIntegrator</v1:legalContext>
         <v1:request>
            <v1:Domain>INDUSTRY</v1:Domain>
            <v1:OrganisationId>
               <v31:Identifier>1990000431</v31:Identifier>
               <v31:IdentifierType>BEEHP</v31:IdentifierType>
            </v1:OrganisationId>
            <v1:Language>nl</v1:Language>
         </v1:request>
      </v1:getEntityRepresentativesRequest>
   </soapenv:Body>
</soapenv:Envelope>]]></con:request><con:credentials><con:selectedAuthProfile>Basic</con:selectedAuthProfile><con:addedBasicAuthenticationTypes>Basic</con:addedBasicAuthenticationTypes><con:authType>Global HTTP Settings</con:authType></con:credentials><con:jmsConfig JMSDeliveryMode="PERSISTENT"/><con:jmsPropertyConfig/><con:wsaConfig mustUnderstand="NONE" version="200508" action="http://fidus.brussels/services/accessmanagerservice/getEntityRepresentatives"/><con:wsrmConfig version="1.2"/></con:call><con:call id="bba2ba5f-8faa-4bd0-a183-e0108423f862" name="3 - Test - Worker1 - Request" incomingWss="Inflow TEST" outgoingWss="Outflow TEST"><con:settings><con:setting id="com.eviware.soapui.impl.wsdl.WsdlRequest@request-headers">&lt;xml-fragment/></con:setting></con:settings><con:encoding>UTF-8</con:encoding><con:endpoint>https://192.168.22.53:8443/services/AccessManagerService_v1.0</con:endpoint><con:request><![CDATA[<soapenv:Envelope xmlns:soapenv="http://schemas.xmlsoap.org/soap/envelope/" xmlns:v1="http://fidus.brussels/service/accessmanagerservice/messages/v1" xmlns:v11="http://fidus.brussels/type/common/messages/v1" xmlns:v31="http://socialsecurity.be/umanentityrepresentative/types/v3" >
   <soapenv:Header/>
   <soapenv:Body>
      <v1:getEntityRepresentativesRequest>
         <v1:messageContext>
         	  <v11:messageId>${=import static java.util.UUID.randomUUID; uuid = randomUUID() as String}</v11:messageId>
            <v11:timestamp>${=new java.text.SimpleDateFormat("yyyy-MM-dd'T'HH:mm:ss.SSS").format(new Date())}</v11:timestamp>
         </v1:messageContext>
         <v1:legalContext>ServiceIntegrator</v1:legalContext>
         <v1:request>
            <v1:Domain>QUAL_FED_HEALTHCARE</v1:Domain>
            <v1:OrganisationId>
               <v31:Identifier>1990000431</v31:Identifier>
               <v31:IdentifierType>BEEHP</v31:IdentifierType>
            </v1:OrganisationId>
            <v1:Language>nl</v1:Language>
         </v1:request>
      </v1:getEntityRepresentativesRequest>
   </soapenv:Body>
</soapenv:Envelope>]]></con:request><con:credentials><con:selectedAuthProfile>Basic</con:selectedAuthProfile><con:addedBasicAuthenticationTypes>Basic</con:addedBasicAuthenticationTypes><con:authType>Global HTTP Settings</con:authType></con:credentials><con:jmsConfig JMSDeliveryMode="PERSISTENT"/><con:jmsPropertyConfig/><con:wsaConfig mustUnderstand="NONE" version="200508" action="http://fidus.brussels/services/accessmanagerservice/getEntityRepresentatives"/><con:wsrmConfig version="1.2"/></con:call><con:call id="f69b30ef-6e33-4d9b-a1e7-747ba4678772" name="3 - Test - Worker2 - Request" outgoingWss="Outflow TEST" incomingWss="Inflow TEST"><con:settings><con:setting id="com.eviware.soapui.impl.wsdl.WsdlRequest@request-headers">&lt;xml-fragment/></con:setting></con:settings><con:encoding>UTF-8</con:encoding><con:endpoint>https://192.168.22.54:8443/services/AccessManagerService_v1.0</con:endpoint><con:request><![CDATA[<soapenv:Envelope xmlns:soapenv="http://schemas.xmlsoap.org/soap/envelope/" xmlns:v1="http://fidus.brussels/service/accessmanagerservice/messages/v1" xmlns:v11="http://fidus.brussels/type/common/messages/v1" xmlns:v31="http://socialsecurity.be/umanentityrepresentative/types/v3" >
   <soapenv:Header/>
   <soapenv:Body>
      <v1:getEntityRepresentativesRequest>
         <v1:messageContext>
         	  <v11:messageId>${=import static java.util.UUID.randomUUID; uuid = randomUUID() as String}</v11:messageId>
            <v11:timestamp>${=new java.text.SimpleDateFormat("yyyy-MM-dd'T'HH:mm:ss.SSS").format(new Date())}</v11:timestamp>
         </v1:messageContext>
         <v1:legalContext>ServiceIntegrator</v1:legalContext>
         <v1:request>
            <v1:Domain>QUAL_FED_HEALTHCARE</v1:Domain>
            <v1:OrganisationId>
               <v31:Identifier>1990000431</v31:Identifier>
               <v31:IdentifierType>BEEHP</v31:IdentifierType>
            </v1:OrganisationId>
            <v1:Language>nl</v1:Language>
         </v1:request>
      </v1:getEntityRepresentativesRequest>
   </soapenv:Body>
</soapenv:Envelope>]]></con:request><con:credentials><con:selectedAuthProfile>Basic</con:selectedAuthProfile><con:addedBasicAuthenticationTypes>Basic</con:addedBasicAuthenticationTypes><con:authType>Global HTTP Settings</con:authType></con:credentials><con:jmsConfig JMSDeliveryMode="PERSISTENT"/><con:jmsPropertyConfig/><con:wsaConfig mustUnderstand="NONE" version="200508" action="http://fidus.brussels/services/accessmanagerservice/getEntityRepresentatives"/><con:wsrmConfig version="1.2"/></con:call><con:call id="e277303b-ae3e-4f43-aa8b-d39c8495bda4" name="4 - Staging - Worker1 - Request" incomingWss="Inflow STAGING" outgoingWss="Outflow STAGING"><con:settings><con:setting id="com.eviware.soapui.impl.wsdl.WsdlRequest@request-headers">&lt;xml-fragment/></con:setting></con:settings><con:encoding>UTF-8</con:encoding><con:endpoint>https://192.168.24.16:8443/services/AccessManagerService_v1.0</con:endpoint><con:request><![CDATA[<soapenv:Envelope xmlns:soapenv="http://schemas.xmlsoap.org/soap/envelope/" xmlns:v1="http://fidus.brussels/service/accessmanagerservice/messages/v1" xmlns:v11="http://fidus.brussels/type/common/messages/v1" xmlns:v31="http://socialsecurity.be/umanentityrepresentative/types/v3" >
   <soapenv:Header/>
   <soapenv:Body>
      <v1:getEntityRepresentativesRequest>
         <v1:messageContext>
         	  <v11:messageId>${=import static java.util.UUID.randomUUID; uuid = randomUUID() as String}</v11:messageId>
            <v11:timestamp>${=new java.text.SimpleDateFormat("yyyy-MM-dd'T'HH:mm:ss.SSS").format(new Date())}</v11:timestamp>
         </v1:messageContext>
         <v1:legalContext>ServiceIntegrator</v1:legalContext>
         <v1:request>
            <v1:Domain>QUAL_FED_HEALTHCARE</v1:Domain>
            <v1:OrganisationId>
               <v31:Identifier>1990000431</v31:Identifier>
               <v31:IdentifierType>BEEHP</v31:IdentifierType>
            </v1:OrganisationId>
            <v1:Language>nl</v1:Language>
         </v1:request>
      </v1:getEntityRepresentativesRequest>
   </soapenv:Body>
</soapenv:Envelope>]]></con:request><con:credentials><con:selectedAuthProfile>Basic</con:selectedAuthProfile><con:addedBasicAuthenticationTypes>Basic</con:addedBasicAuthenticationTypes><con:authType>Global HTTP Settings</con:authType></con:credentials><con:jmsConfig JMSDeliveryMode="PERSISTENT"/><con:jmsPropertyConfig/><con:wsaConfig mustUnderstand="NONE" version="200508" action="http://fidus.brussels/services/accessmanagerservice/getEntityRepresentatives"/><con:wsrmConfig version="1.2"/></con:call><con:call id="ba65129a-b9af-4e56-9fbf-c3cbd8c9b59b" name="4 - Staging - Worker2 - Request" incomingWss="Inflow STAGING" outgoingWss="Outflow STAGING"><con:settings><con:setting id="com.eviware.soapui.impl.wsdl.WsdlRequest@request-headers">&lt;xml-fragment/></con:setting></con:settings><con:encoding>UTF-8</con:encoding><con:endpoint>https://192.168.24.17:8443/services/AccessManagerService_v1.0</con:endpoint><con:request><![CDATA[<soapenv:Envelope xmlns:soapenv="http://schemas.xmlsoap.org/soap/envelope/" xmlns:v1="http://fidus.brussels/service/accessmanagerservice/messages/v1" xmlns:v11="http://fidus.brussels/type/common/messages/v1" xmlns:v31="http://socialsecurity.be/umanentityrepresentative/types/v3" >
   <soapenv:Header/>
   <soapenv:Body>
      <v1:getEntityRepresentativesRequest>
         <v1:messageContext>
         	  <v11:messageId>${=import static java.util.UUID.randomUUID; uuid = randomUUID() as String}</v11:messageId>
            <v11:timestamp>${=new java.text.SimpleDateFormat("yyyy-MM-dd'T'HH:mm:ss.SSS").format(new Date())}</v11:timestamp>
         </v1:messageContext>
         <v1:legalContext>ServiceIntegrator</v1:legalContext>
         <v1:request>
            <v1:Domain>QUAL_FED_HEALTHCARE</v1:Domain>
            <v1:OrganisationId>
               <v31:Identifier>1990000431</v31:Identifier>
               <v31:IdentifierType>BEEHP</v31:IdentifierType>
            </v1:OrganisationId>
            <v1:Language>nl</v1:Language>
         </v1:request>
      </v1:getEntityRepresentativesRequest>
   </soapenv:Body>
</soapenv:Envelope>]]></con:request><con:credentials><con:selectedAuthProfile>Basic</con:selectedAuthProfile><con:addedBasicAuthenticationTypes>Basic</con:addedBasicAuthenticationTypes><con:authType>Global HTTP Settings</con:authType></con:credentials><con:jmsConfig JMSDeliveryMode="PERSISTENT"/><con:jmsPropertyConfig/><con:wsaConfig mustUnderstand="NONE" version="200508" action="http://fidus.brussels/services/accessmanagerservice/getEntityRepresentatives"/><con:wsrmConfig version="1.2"/></con:call><con:call id="8f0bb239-c1cb-4059-a04d-307e47e92e03" name="5 - Prod - LB - Request" incomingWss="Inflow PROD" outgoingWss="Outflow PROD"><con:settings><con:setting id="com.eviware.soapui.impl.wsdl.WsdlRequest@request-headers">&lt;xml-fragment/></con:setting></con:settings><con:encoding>UTF-8</con:encoding><con:endpoint>https://fidus-esb-sg.prd.srv.cirb.lan:8443/services/AccessManagerService_v1.0</con:endpoint><con:request><![CDATA[<soapenv:Envelope xmlns:soapenv="http://schemas.xmlsoap.org/soap/envelope/" xmlns:v1="http://fidus.brussels/service/accessmanagerservice/messages/v1" xmlns:v11="http://fidus.brussels/type/common/messages/v1" xmlns:v31="http://socialsecurity.be/umanentityrepresentative/types/v3" >
   <soapenv:Header/>
   <soapenv:Body>
      <v1:getEntityRepresentativesRequest>
         <v1:messageContext>
         	  <v11:messageId>${=import static java.util.UUID.randomUUID; uuid = randomUUID() as String}</v11:messageId>
            <v11:timestamp>${=new java.text.SimpleDateFormat("yyyy-MM-dd'T'HH:mm:ss.SSS").format(new Date())}</v11:timestamp>
         </v1:messageContext>
         <v1:legalContext>ServiceIntegrator</v1:legalContext>
         <v1:request>
            <v1:Domain>QUAL_FED_HEALTHCARE</v1:Domain>
            <v1:OrganisationId>
               <v31:Identifier>1990000431</v31:Identifier>
               <v31:IdentifierType>BEEHP</v31:IdentifierType>
            </v1:OrganisationId>
            <v1:Language>nl</v1:Language>
         </v1:request>
      </v1:getEntityRepresentativesRequest>
   </soapenv:Body>
</soapenv:Envelope>]]></con:request><con:credentials><con:selectedAuthProfile>Basic</con:selectedAuthProfile><con:addedBasicAuthenticationTypes>Basic</con:addedBasicAuthenticationTypes><con:authType>Global HTTP Settings</con:authType></con:credentials><con:jmsConfig JMSDeliveryMode="PERSISTENT"/><con:jmsPropertyConfig/><con:wsaConfig mustUnderstand="NONE" version="200508" action="http://fidus.brussels/services/accessmanagerservice/getEntityRepresentatives"/><con:wsrmConfig version="1.2"/></con:call><con:call id="342c92c0-2545-4f46-8bb0-134199282dd6" name="5 - Prod - Worker1 - Request" incomingWss="Inflow PROD" outgoingWss="Outflow PROD"><con:settings><con:setting id="com.eviware.soapui.impl.wsdl.WsdlRequest@request-headers">&lt;xml-fragment/></con:setting></con:settings><con:encoding>UTF-8</con:encoding><con:endpoint>https://192.168.26.22:8443/services/AccessManagerService_v1.0</con:endpoint><con:request><![CDATA[<soapenv:Envelope xmlns:soapenv="http://schemas.xmlsoap.org/soap/envelope/" xmlns:v1="http://fidus.brussels/service/accessmanagerservice/messages/v1" xmlns:v11="http://fidus.brussels/type/common/messages/v1" xmlns:v31="http://socialsecurity.be/umanentityrepresentative/types/v3" >
   <soapenv:Header/>
   <soapenv:Body>
      <v1:getEntityRepresentativesRequest>
         <v1:messageContext>
         	  <v11:messageId>${=import static java.util.UUID.randomUUID; uuid = randomUUID() as String}</v11:messageId>
            <v11:timestamp>${=new java.text.SimpleDateFormat("yyyy-MM-dd'T'HH:mm:ss.SSS").format(new Date())}</v11:timestamp>
         </v1:messageContext>
         <v1:legalContext>ServiceIntegrator</v1:legalContext>
         <v1:request>
            <v1:Domain>QUAL_FED_HEALTHCARE</v1:Domain>
            <v1:OrganisationId>
               <v31:Identifier>1990000431</v31:Identifier>
               <v31:IdentifierType>BEEHP</v31:IdentifierType>
            </v1:OrganisationId>
            <v1:Language>nl</v1:Language>
         </v1:request>
      </v1:getEntityRepresentativesRequest>
   </soapenv:Body>
</soapenv:Envelope>]]></con:request><con:credentials><con:selectedAuthProfile>Basic</con:selectedAuthProfile><con:addedBasicAuthenticationTypes>Basic</con:addedBasicAuthenticationTypes><con:authType>Global HTTP Settings</con:authType></con:credentials><con:jmsConfig JMSDeliveryMode="PERSISTENT"/><con:jmsPropertyConfig/><con:wsaConfig mustUnderstand="NONE" version="200508" action="http://fidus.brussels/services/accessmanagerservice/getEntityRepresentatives"/><con:wsrmConfig version="1.2"/></con:call><con:call id="bdacaa4d-ede6-4ee6-bfb3-9369ee91c030" name="5 - Prod - Worker2 - Request" incomingWss="Inflow PROD" outgoingWss="Outflow PROD"><con:settings><con:setting id="com.eviware.soapui.impl.wsdl.WsdlRequest@request-headers">&lt;xml-fragment/></con:setting></con:settings><con:encoding>UTF-8</con:encoding><con:endpoint>https://192.168.26.19:8443/services/AccessManagerService_v1.0</con:endpoint><con:request><![CDATA[<soapenv:Envelope xmlns:soapenv="http://schemas.xmlsoap.org/soap/envelope/" xmlns:v1="http://fidus.brussels/service/accessmanagerservice/messages/v1" xmlns:v11="http://fidus.brussels/type/common/messages/v1" xmlns:v31="http://socialsecurity.be/umanentityrepresentative/types/v3" >
   <soapenv:Header/>
   <soapenv:Body>
      <v1:getEntityRepresentativesRequest>
         <v1:messageContext>
         	  <v11:messageId>${=import static java.util.UUID.randomUUID; uuid = randomUUID() as String}</v11:messageId>
            <v11:timestamp>${=new java.text.SimpleDateFormat("yyyy-MM-dd'T'HH:mm:ss.SSS").format(new Date())}</v11:timestamp>
         </v1:messageContext>
         <v1:legalContext>ServiceIntegrator</v1:legalContext>
         <v1:request>
            <v1:Domain>QUAL_FED_HEALTHCARE</v1:Domain>
            <v1:OrganisationId>
               <v31:Identifier>1990000431</v31:Identifier>
               <v31:IdentifierType>BEEHP</v31:IdentifierType>
            </v1:OrganisationId>
            <v1:Language>nl</v1:Language>
         </v1:request>
      </v1:getEntityRepresentativesRequest>
   </soapenv:Body>
</soapenv:Envelope>]]></con:request><con:credentials><con:selectedAuthProfile>Basic</con:selectedAuthProfile><con:addedBasicAuthenticationTypes>Basic</con:addedBasicAuthenticationTypes><con:authType>Global HTTP Settings</con:authType></con:credentials><con:jmsConfig JMSDeliveryMode="PERSISTENT"/><con:jmsPropertyConfig/><con:wsaConfig mustUnderstand="NONE" version="200508" action="http://fidus.brussels/services/accessmanagerservice/getEntityRepresentatives"/><con:wsrmConfig version="1.2"/></con:call><con:call id="624f8721-6abf-468f-8039-69827497d79a" name="3 - Test - Worker1New - Request" outgoingWss="Outflow TEST" incomingWss="Inflow TEST"><con:settings><con:setting id="com.eviware.soapui.impl.wsdl.WsdlRequest@request-headers">&lt;xml-fragment/></con:setting></con:settings><con:encoding>UTF-8</con:encoding><con:endpoint>https://192.168.22.73:8443/services/AccessManagerService_v1.0</con:endpoint><con:request><![CDATA[<soapenv:Envelope xmlns:soapenv="http://schemas.xmlsoap.org/soap/envelope/" xmlns:v1="http://fidus.brussels/service/accessmanagerservice/messages/v1" xmlns:v11="http://fidus.brussels/type/common/messages/v1" xmlns:v31="http://socialsecurity.be/umanentityrepresentative/types/v3" >
   <soapenv:Header/>
   <soapenv:Body>
      <v1:getEntityRepresentativesRequest>
         <v1:messageContext>
         	  <v11:messageId>${=import static java.util.UUID.randomUUID; uuid = randomUUID() as String}</v11:messageId>
            <v11:timestamp>${=new java.text.SimpleDateFormat("yyyy-MM-dd'T'HH:mm:ss.SSS").format(new Date())}</v11:timestamp>
         </v1:messageContext>
         <v1:legalContext>ServiceIntegrator</v1:legalContext>
         <v1:request>
            <v1:Domain>QUAL_FED_HEALTHCARE</v1:Domain>
            <v1:OrganisationId>
               <v31:Identifier>1990000431</v31:Identifier>
               <v31:IdentifierType>BEEHP</v31:IdentifierType>
            </v1:OrganisationId>
            <v1:Language>nl</v1:Language>
         </v1:request>
      </v1:getEntityRepresentativesRequest>
   </soapenv:Body>
</soapenv:Envelope>]]></con:request><con:credentials><con:selectedAuthProfile>Basic</con:selectedAuthProfile><con:addedBasicAuthenticationTypes>Basic</con:addedBasicAuthenticationTypes><con:authType>Global HTTP Settings</con:authType></con:credentials><con:jmsConfig JMSDeliveryMode="PERSISTENT"/><con:jmsPropertyConfig/><con:wsaConfig mustUnderstand="NONE" version="200508" action="http://fidus.brussels/services/accessmanagerservice/getEntityRepresentatives"/><con:wsrmConfig version="1.2"/></con:call><con:call id="b5f06d80-b545-4020-9964-52d58383a123" name="3 - Test - Worker2New - Request" outgoingWss="Outflow TEST" incomingWss="Inflow TEST"><con:settings><con:setting id="com.eviware.soapui.impl.wsdl.WsdlRequest@request-headers">&lt;xml-fragment/></con:setting></con:settings><con:encoding>UTF-8</con:encoding><con:endpoint>https://192.168.22.93:8443/services/AccessManagerService_v1.0</con:endpoint><con:request><![CDATA[<soapenv:Envelope xmlns:soapenv="http://schemas.xmlsoap.org/soap/envelope/" xmlns:v1="http://fidus.brussels/service/accessmanagerservice/messages/v1" xmlns:v11="http://fidus.brussels/type/common/messages/v1" xmlns:v31="http://socialsecurity.be/umanentityrepresentative/types/v3" >
   <soapenv:Header/>
   <soapenv:Body>
      <v1:getEntityRepresentativesRequest>
         <v1:messageContext>
         	  <v11:messageId>${=import static java.util.UUID.randomUUID; uuid = randomUUID() as String}</v11:messageId>
            <v11:timestamp>${=new java.text.SimpleDateFormat("yyyy-MM-dd'T'HH:mm:ss.SSS").format(new Date())}</v11:timestamp>
         </v1:messageContext>
         <v1:legalContext>ServiceIntegrator</v1:legalContext>
         <v1:request>
            <v1:Domain>QUAL_FED_HEALTHCARE</v1:Domain>
            <v1:OrganisationId>
               <v31:Identifier>1990000431</v31:Identifier>
               <v31:IdentifierType>BEEHP</v31:IdentifierType>
            </v1:OrganisationId>
            <v1:Language>nl</v1:Language>
         </v1:request>
      </v1:getEntityRepresentativesRequest>
   </soapenv:Body>
</soapenv:Envelope>]]></con:request><con:credentials><con:selectedAuthProfile>Basic</con:selectedAuthProfile><con:addedBasicAuthenticationTypes>Basic</con:addedBasicAuthenticationTypes><con:authType>Global HTTP Settings</con:authType></con:credentials><con:jmsConfig JMSDeliveryMode="PERSISTENT"/><con:jmsPropertyConfig/><con:wsaConfig mustUnderstand="NONE" version="200508" action="http://fidus.brussels/services/accessmanagerservice/getEntityRepresentatives"/><con:wsrmConfig version="1.2"/></con:call><con:call id="5160a3e6-a6d5-4f03-aa4f-e21624104ca8" name="4 - Staging - Worker1New - Request" outgoingWss="Outflow STAGING" incomingWss="Inflow STAGING"><con:settings><con:setting id="com.eviware.soapui.impl.wsdl.WsdlRequest@request-headers">&lt;xml-fragment/></con:setting></con:settings><con:encoding>UTF-8</con:encoding><con:endpoint>https://192.168.23.191:8443/services/AccessManagerService_v1.0</con:endpoint><con:request><![CDATA[<soapenv:Envelope xmlns:soapenv="http://schemas.xmlsoap.org/soap/envelope/" xmlns:v1="http://fidus.brussels/service/accessmanagerservice/messages/v1" xmlns:v11="http://fidus.brussels/type/common/messages/v1" xmlns:v31="http://socialsecurity.be/umanentityrepresentative/types/v3" >
   <soapenv:Header/>
   <soapenv:Body>
      <v1:getEntityRepresentativesRequest>
         <v1:messageContext>
         	  <v11:messageId>${=import static java.util.UUID.randomUUID; uuid = randomUUID() as String}</v11:messageId>
            <v11:timestamp>${=new java.text.SimpleDateFormat("yyyy-MM-dd'T'HH:mm:ss.SSS").format(new Date())}</v11:timestamp>
         </v1:messageContext>
         <v1:legalContext>ServiceIntegrator</v1:legalContext>
         <v1:request>
            <v1:Domain>QUAL_FED_HEALTHCARE</v1:Domain>
            <v1:OrganisationId>
               <v31:Identifier>1990000431</v31:Identifier>
               <v31:IdentifierType>BEEHP</v31:IdentifierType>
            </v1:OrganisationId>
            <v1:Language>nl</v1:Language>
         </v1:request>
      </v1:getEntityRepresentativesRequest>
   </soapenv:Body>
</soapenv:Envelope>]]></con:request><con:credentials><con:selectedAuthProfile>Basic</con:selectedAuthProfile><con:addedBasicAuthenticationTypes>Basic</con:addedBasicAuthenticationTypes><con:authType>Global HTTP Settings</con:authType></con:credentials><con:jmsConfig JMSDeliveryMode="PERSISTENT"/><con:jmsPropertyConfig/><con:wsaConfig mustUnderstand="NONE" version="200508" action="http://fidus.brussels/services/accessmanagerservice/getEntityRepresentatives"/><con:wsrmConfig version="1.2"/></con:call><con:call id="df52665c-df45-4001-8eb5-c0dd3489c08b" name="4 - Staging - Worker2New - Request" outgoingWss="Outflow STAGING" incomingWss="Inflow STAGING"><con:settings><con:setting id="com.eviware.soapui.impl.wsdl.WsdlRequest@request-headers">&lt;xml-fragment/></con:setting></con:settings><con:encoding>UTF-8</con:encoding><con:endpoint>https://192.168.23.198:8443/services/AccessManagerService_v1.0</con:endpoint><con:request><![CDATA[<soapenv:Envelope xmlns:soapenv="http://schemas.xmlsoap.org/soap/envelope/" xmlns:v1="http://fidus.brussels/service/accessmanagerservice/messages/v1" xmlns:v11="http://fidus.brussels/type/common/messages/v1" xmlns:v31="http://socialsecurity.be/umanentityrepresentative/types/v3" >
   <soapenv:Header/>
   <soapenv:Body>
      <v1:getEntityRepresentativesRequest>
         <v1:messageContext>
         	  <v11:messageId>${=import static java.util.UUID.randomUUID; uuid = randomUUID() as String}</v11:messageId>
            <v11:timestamp>${=new java.text.SimpleDateFormat("yyyy-MM-dd'T'HH:mm:ss.SSS").format(new Date())}</v11:timestamp>
         </v1:messageContext>
         <v1:legalContext>ServiceIntegrator</v1:legalContext>
         <v1:request>
            <v1:Domain>QUAL_FED_HEALTHCARE</v1:Domain>
            <v1:OrganisationId>
               <v31:Identifier>1990000431</v31:Identifier>
               <v31:IdentifierType>BEEHP</v31:IdentifierType>
            </v1:OrganisationId>
            <v1:Language>nl</v1:Language>
         </v1:request>
      </v1:getEntityRepresentativesRequest>
   </soapenv:Body>
</soapenv:Envelope>]]></con:request><con:credentials><con:selectedAuthProfile>Basic</con:selectedAuthProfile><con:addedBasicAuthenticationTypes>Basic</con:addedBasicAuthenticationTypes><con:authType>Global HTTP Settings</con:authType></con:credentials><con:jmsConfig JMSDeliveryMode="PERSISTENT"/><con:jmsPropertyConfig/><con:wsaConfig mustUnderstand="NONE" version="200508" action="http://fidus.brussels/services/accessmanagerservice/getEntityRepresentatives"/><con:wsrmConfig version="1.2"/></con:call></con:operation><con:operation id="1ada035c-f750-459e-a201-428e5fb2b469" isOneWay="false" action="http://fidus.brussels/services/accessmanagerservice/getOrganisationChildNodes" name="getOrganisationChildNodes" bindingOperationName="getOrganisationChildNodes" type="Request-Response" inputName="" receivesAttachments="false" sendsAttachments="false" anonymous="optional"><con:settings/><con:call id="0bde390e-f55b-4b7f-aedb-4f7b85f196c9" name="1 - Local - Request - OK" outgoingWss="Outflow DEV" incomingWss="Inflow DEV"><con:settings><con:setting id="com.eviware.soapui.impl.wsdl.WsdlRequest@request-headers">&lt;xml-fragment/></con:setting></con:settings><con:encoding>UTF-8</con:encoding><con:endpoint>https://localhost:8243/services/AccessManagerService_v1.0</con:endpoint><con:request><![CDATA[<soapenv:Envelope xmlns:soapenv="http://schemas.xmlsoap.org/soap/envelope/" xmlns:v1="http://fidus.brussels/service/accessmanagerservice/messages/v1" xmlns:v11="http://fidus.brussels/type/common/messages/v1" xmlns:v31="http://socialsecurity.be/umanentityrepresentative/types/v3">
   <soapenv:Header/>
   <soapenv:Body>
      <v1:getOrganisationChildNodesRequest>
         <v1:messageContext>
         	  <v11:messageId>${=import static java.util.UUID.randomUUID; uuid = randomUUID() as String}</v11:messageId>
            <v11:timestamp>${=new java.text.SimpleDateFormat("yyyy-MM-dd'T'HH:mm:ss.SSS").format(new Date())}</v11:timestamp>
         </v1:messageContext>
         <v1:legalContext>ServiceIntegrator</v1:legalContext>
         <v1:request>
            <v1:Domain>QUAL_FED_HEALTHCARE</v1:Domain>
            <v1:OrganisationId>
               <v31:Identifier>1990000431</v31:Identifier>
               <v31:IdentifierType>BEEHP</v31:IdentifierType>
            </v1:OrganisationId>
            <v1:Language>nl</v1:Language>
         </v1:request>
      </v1:getOrganisationChildNodesRequest>
   </soapenv:Body>
</soapenv:Envelope>]]></con:request><con:credentials><con:selectedAuthProfile>Basic</con:selectedAuthProfile><con:addedBasicAuthenticationTypes>Basic</con:addedBasicAuthenticationTypes><con:authType>Global HTTP Settings</con:authType></con:credentials><con:jmsConfig JMSDeliveryMode="PERSISTENT"/><con:jmsPropertyConfig/><con:wsaConfig mustUnderstand="NONE" version="200508" action="http://fidus.brussels/services/accessmanagerservice/getOrganisationChildNodes"/><con:wsrmConfig version="1.2"/></con:call><con:call id="eba2e52f-9b3e-43c5-b703-ebcc56afdb97" name="2 - Dev - Request - OK" incomingWss="Inflow DEV" outgoingWss="Outflow DEV"><con:settings><con:setting id="com.eviware.soapui.impl.wsdl.WsdlRequest@request-headers">&lt;xml-fragment/></con:setting></con:settings><con:encoding>UTF-8</con:encoding><con:endpoint>https://192.168.36.61:8243/services/AccessManagerService_v1.0</con:endpoint><con:request><![CDATA[<soapenv:Envelope xmlns:soapenv="http://schemas.xmlsoap.org/soap/envelope/" xmlns:v1="http://fidus.brussels/service/accessmanagerservice/messages/v1" xmlns:v11="http://fidus.brussels/type/common/messages/v1" xmlns:v31="http://socialsecurity.be/umanentityrepresentative/types/v3">
   <soapenv:Header/>
   <soapenv:Body>
      <v1:getOrganisationChildNodesRequest>
         <v1:messageContext>
         	  <v11:messageId>${=import static java.util.UUID.randomUUID; uuid = randomUUID() as String}</v11:messageId>
            <v11:timestamp>${=new java.text.SimpleDateFormat("yyyy-MM-dd'T'HH:mm:ss.SSS").format(new Date())}</v11:timestamp>
         </v1:messageContext>
         <v1:legalContext>ServiceIntegrator</v1:legalContext>
         <v1:request>
            <v1:Domain>QUAL_FED_HEALTHCARE</v1:Domain>
            <v1:OrganisationId>
               <v31:Identifier>1990000431</v31:Identifier>
               <v31:IdentifierType>BEEHP</v31:IdentifierType>
            </v1:OrganisationId>
            <v1:Language>nl</v1:Language>
         </v1:request>
      </v1:getOrganisationChildNodesRequest>
   </soapenv:Body>
</soapenv:Envelope>]]></con:request><con:credentials><con:selectedAuthProfile>Basic</con:selectedAuthProfile><con:addedBasicAuthenticationTypes>Basic</con:addedBasicAuthenticationTypes><con:authType>Global HTTP Settings</con:authType></con:credentials><con:jmsConfig JMSDeliveryMode="PERSISTENT"/><con:jmsPropertyConfig/><con:wsaConfig mustUnderstand="NONE" version="200508" action="http://fidus.brussels/services/accessmanagerservice/getOrganisationChildNodes"/><con:wsrmConfig version="1.2"/></con:call><con:call id="d7988042-f538-4a25-b99b-e9c5ecfab90c" name="3 - Test - LB - Request" outgoingWss="Outflow TEST" incomingWss="Inflow TEST"><con:settings><con:setting id="com.eviware.soapui.impl.wsdl.WsdlRequest@request-headers">&lt;xml-fragment/></con:setting></con:settings><con:encoding>UTF-8</con:encoding><con:endpoint>https://esb-security-gw.sta.srv.cirb.lan:8443/services/AccessManagerService_v1.0</con:endpoint><con:request><![CDATA[<soapenv:Envelope xmlns:soapenv="http://schemas.xmlsoap.org/soap/envelope/" xmlns:v1="http://fidus.brussels/service/accessmanagerservice/messages/v1" xmlns:v11="http://fidus.brussels/type/common/messages/v1" xmlns:v31="http://socialsecurity.be/umanentityrepresentative/types/v3">
   <soapenv:Header/>
   <soapenv:Body>
      <v1:getOrganisationChildNodesRequest>
         <v1:messageContext>
         	  <v11:messageId>${=import static java.util.UUID.randomUUID; uuid = randomUUID() as String}</v11:messageId>
            <v11:timestamp>${=new java.text.SimpleDateFormat("yyyy-MM-dd'T'HH:mm:ss.SSS").format(new Date())}</v11:timestamp>
         </v1:messageContext>
         <v1:legalContext>ServiceIntegrator</v1:legalContext>
         <v1:request>
            <v1:Domain>QUAL_FED_HEALTHCARE</v1:Domain>
            <v1:OrganisationId>
               <v31:Identifier>1990000431</v31:Identifier>
               <v31:IdentifierType>BEEHP</v31:IdentifierType>
            </v1:OrganisationId>
            <v1:Language>nl</v1:Language>
         </v1:request>
      </v1:getOrganisationChildNodesRequest>
   </soapenv:Body>
</soapenv:Envelope>]]></con:request><con:credentials><con:selectedAuthProfile>Basic</con:selectedAuthProfile><con:addedBasicAuthenticationTypes>Basic</con:addedBasicAuthenticationTypes><con:authType>Global HTTP Settings</con:authType></con:credentials><con:jmsConfig JMSDeliveryMode="PERSISTENT"/><con:jmsPropertyConfig/><con:wsaConfig mustUnderstand="NONE" version="200508" action="http://fidus.brussels/services/accessmanagerservice/getOrganisationChildNodes"/><con:wsrmConfig version="1.2"/></con:call><con:call id="361adb88-ddeb-431b-804d-9d0b67ea18ba" name="4 - Staging - LB - Request" incomingWss="Inflow STAGING" outgoingWss="Outflow STAGING"><con:settings><con:setting id="com.eviware.soapui.impl.wsdl.WsdlRequest@request-headers">&lt;xml-fragment/></con:setting></con:settings><con:encoding>UTF-8</con:encoding><con:endpoint>https://fidus-esb-sg.sta.srv.cirb.lan:8443/services/AccessManagerService_v1.0</con:endpoint><con:request><![CDATA[<soapenv:Envelope xmlns:soapenv="http://schemas.xmlsoap.org/soap/envelope/" xmlns:v1="http://fidus.brussels/service/accessmanagerservice/messages/v1" xmlns:v11="http://fidus.brussels/type/common/messages/v1" xmlns:v31="http://socialsecurity.be/umanentityrepresentative/types/v3">
   <soapenv:Header/>
   <soapenv:Body>
      <v1:getOrganisationChildNodesRequest>
         <v1:messageContext>
         	  <v11:messageId>${=import static java.util.UUID.randomUUID; uuid = randomUUID() as String}</v11:messageId>
            <v11:timestamp>${=new java.text.SimpleDateFormat("yyyy-MM-dd'T'HH:mm:ss.SSS").format(new Date())}</v11:timestamp>
         </v1:messageContext>
         <v1:legalContext>ServiceIntegrator</v1:legalContext>
         <v1:request>
            <v1:Domain>QUAL_FED_HEALTHCARE</v1:Domain>
            <v1:OrganisationId>
               <v31:Identifier>1990000431</v31:Identifier>
               <v31:IdentifierType>BEEHP</v31:IdentifierType>
            </v1:OrganisationId>
            <v1:Language>nl</v1:Language>
         </v1:request>
      </v1:getOrganisationChildNodesRequest>
   </soapenv:Body>
</soapenv:Envelope>]]></con:request><con:credentials><con:selectedAuthProfile>Basic</con:selectedAuthProfile><con:addedBasicAuthenticationTypes>Basic</con:addedBasicAuthenticationTypes><con:authType>Global HTTP Settings</con:authType></con:credentials><con:jmsConfig JMSDeliveryMode="PERSISTENT"/><con:jmsPropertyConfig/><con:wsaConfig mustUnderstand="NONE" version="200508" action="http://fidus.brussels/services/accessmanagerservice/getOrganisationChildNodes"/><con:wsrmConfig version="1.2"/></con:call><con:call id="3653606e-ac74-4d28-9f57-25a537e0d142" name="5 - Prod - External - Request" incomingWss="Inflow PROD" outgoingWss="Outflow PROD"><con:settings><con:setting id="com.eviware.soapui.impl.wsdl.WsdlRequest@request-headers">&lt;xml-fragment/></con:setting></con:settings><con:encoding>UTF-8</con:encoding><con:endpoint>https://fidus.sec.brussels/services/AccessManagerService_v1.0</con:endpoint><con:request><![CDATA[<soapenv:Envelope xmlns:soapenv="http://schemas.xmlsoap.org/soap/envelope/" xmlns:v1="http://fidus.brussels/service/accessmanagerservice/messages/v1" xmlns:v11="http://fidus.brussels/type/common/messages/v1" xmlns:v31="http://socialsecurity.be/umanentityrepresentative/types/v3">
   <soapenv:Header/>
   <soapenv:Body>
      <v1:getOrganisationChildNodesRequest>
         <v1:messageContext>
         	  <v11:messageId>${=import static java.util.UUID.randomUUID; uuid = randomUUID() as String}</v11:messageId>
            <v11:timestamp>${=new java.text.SimpleDateFormat("yyyy-MM-dd'T'HH:mm:ss.SSS").format(new Date())}</v11:timestamp>
         </v1:messageContext>
         <v1:legalContext>ServiceIntegrator</v1:legalContext>
         <v1:request>
            <v1:Domain>QUAL_FED_HEALTHCARE</v1:Domain>
            <v1:OrganisationId>
               <v31:Identifier>1990000431</v31:Identifier>
               <v31:IdentifierType>BEEHP</v31:IdentifierType>
            </v1:OrganisationId>
            <v1:Language>nl</v1:Language>
         </v1:request>
      </v1:getOrganisationChildNodesRequest>
   </soapenv:Body>
</soapenv:Envelope>]]></con:request><con:credentials><con:selectedAuthProfile>Basic</con:selectedAuthProfile><con:addedBasicAuthenticationTypes>Basic</con:addedBasicAuthenticationTypes><con:authType>Global HTTP Settings</con:authType></con:credentials><con:jmsConfig JMSDeliveryMode="PERSISTENT"/><con:jmsPropertyConfig/><con:wsaConfig mustUnderstand="NONE" version="200508" action="http://fidus.brussels/services/accessmanagerservice/getOrganisationChildNodes"/><con:wsrmConfig version="1.2"/></con:call><con:call id="f805c554-4c9b-426e-bb71-e399f475bde7" name="1 - Local - Request - Not Found" incomingWss="Inflow DEV" outgoingWss="Outflow DEV"><con:settings><con:setting id="com.eviware.soapui.impl.wsdl.WsdlRequest@request-headers">&lt;xml-fragment/></con:setting></con:settings><con:encoding>UTF-8</con:encoding><con:endpoint>https://localhost:8243/services/AccessManagerService_v1.0</con:endpoint><con:request><![CDATA[<soapenv:Envelope xmlns:soapenv="http://schemas.xmlsoap.org/soap/envelope/" xmlns:v1="http://fidus.brussels/service/accessmanagerservice/messages/v1" xmlns:v11="http://fidus.brussels/type/common/messages/v1" xmlns:v31="http://socialsecurity.be/umanentityrepresentative/types/v3">
   <soapenv:Header/>
   <soapenv:Body>
      <v1:getOrganisationChildNodesRequest>
         <v1:messageContext>
         	  <v11:messageId>${=import static java.util.UUID.randomUUID; uuid = randomUUID() as String}</v11:messageId>
            <v11:timestamp>${=new java.text.SimpleDateFormat("yyyy-MM-dd'T'HH:mm:ss.SSS").format(new Date())}</v11:timestamp>
         </v1:messageContext>
         <v1:legalContext>ServiceIntegrator</v1:legalContext>
         <v1:request>
            <v1:Domain>FREELANCE</v1:Domain>
            <v1:OrganisationId>
               <v31:Identifier>1990000431</v31:Identifier>
               <v31:IdentifierType>BEEHP</v31:IdentifierType>
            </v1:OrganisationId>
            <v1:Language>nl</v1:Language>
         </v1:request>
      </v1:getOrganisationChildNodesRequest>
   </soapenv:Body>
</soapenv:Envelope>]]></con:request><con:credentials><con:selectedAuthProfile>Basic</con:selectedAuthProfile><con:addedBasicAuthenticationTypes>Basic</con:addedBasicAuthenticationTypes><con:authType>Global HTTP Settings</con:authType></con:credentials><con:jmsConfig JMSDeliveryMode="PERSISTENT"/><con:jmsPropertyConfig/><con:wsaConfig mustUnderstand="NONE" version="200508" action="http://fidus.brussels/services/accessmanagerservice/getOrganisationChildNodes"/><con:wsrmConfig version="1.2"/></con:call><con:call id="be34b6cf-a08f-432c-a635-5768c8b5e8e9" name="2 - Dev - Request - Not Found" outgoingWss="Outflow DEV" incomingWss="Inflow DEV"><con:settings><con:setting id="com.eviware.soapui.impl.wsdl.WsdlRequest@request-headers">&lt;xml-fragment/></con:setting></con:settings><con:encoding>UTF-8</con:encoding><con:endpoint>https://192.168.36.61:8243/services/AccessManagerService_v1.0</con:endpoint><con:request><![CDATA[<soapenv:Envelope xmlns:soapenv="http://schemas.xmlsoap.org/soap/envelope/" xmlns:v1="http://fidus.brussels/service/accessmanagerservice/messages/v1" xmlns:v11="http://fidus.brussels/type/common/messages/v1" xmlns:v31="http://socialsecurity.be/umanentityrepresentative/types/v3">
   <soapenv:Header/>
   <soapenv:Body>
      <v1:getOrganisationChildNodesRequest>
         <v1:messageContext>
         	  <v11:messageId>${=import static java.util.UUID.randomUUID; uuid = randomUUID() as String}</v11:messageId>
            <v11:timestamp>${=new java.text.SimpleDateFormat("yyyy-MM-dd'T'HH:mm:ss.SSS").format(new Date())}</v11:timestamp>
         </v1:messageContext>
         <v1:legalContext>ServiceIntegrator</v1:legalContext>
         <v1:request>
            <v1:Domain>FREELANCE</v1:Domain>
            <v1:OrganisationId>
               <v31:Identifier>1990000431</v31:Identifier>
               <v31:IdentifierType>BEEHP</v31:IdentifierType>
            </v1:OrganisationId>
            <v1:Language>nl</v1:Language>
         </v1:request>
      </v1:getOrganisationChildNodesRequest>
   </soapenv:Body>
</soapenv:Envelope>]]></con:request><con:credentials><con:selectedAuthProfile>Basic</con:selectedAuthProfile><con:addedBasicAuthenticationTypes>Basic</con:addedBasicAuthenticationTypes><con:authType>Global HTTP Settings</con:authType></con:credentials><con:jmsConfig JMSDeliveryMode="PERSISTENT"/><con:jmsPropertyConfig/><con:wsaConfig mustUnderstand="NONE" version="200508" action="http://fidus.brussels/services/accessmanagerservice/getOrganisationChildNodes"/><con:wsrmConfig version="1.2"/></con:call><con:call id="71a75f70-b66d-43a5-8c0f-a9b2b996efd6" name="3 - Test - Worker1 - Request" incomingWss="Inflow TEST" outgoingWss="Outflow TEST"><con:settings><con:setting id="com.eviware.soapui.impl.wsdl.WsdlRequest@request-headers">&lt;xml-fragment/></con:setting></con:settings><con:encoding>UTF-8</con:encoding><con:endpoint>https://192.168.22.53:8443/services/AccessManagerService_v1.0</con:endpoint><con:request><![CDATA[<soapenv:Envelope xmlns:soapenv="http://schemas.xmlsoap.org/soap/envelope/" xmlns:v1="http://fidus.brussels/service/accessmanagerservice/messages/v1" xmlns:v11="http://fidus.brussels/type/common/messages/v1" xmlns:v31="http://socialsecurity.be/umanentityrepresentative/types/v3">
   <soapenv:Header/>
   <soapenv:Body>
      <v1:getOrganisationChildNodesRequest>
         <v1:messageContext>
         	  <v11:messageId>${=import static java.util.UUID.randomUUID; uuid = randomUUID() as String}</v11:messageId>
            <v11:timestamp>${=new java.text.SimpleDateFormat("yyyy-MM-dd'T'HH:mm:ss.SSS").format(new Date())}</v11:timestamp>
         </v1:messageContext>
         <v1:legalContext>ServiceIntegrator</v1:legalContext>
         <v1:request>
            <v1:Domain>QUAL_FED_HEALTHCARE</v1:Domain>
            <v1:OrganisationId>
               <v31:Identifier>1990000431</v31:Identifier>
               <v31:IdentifierType>BEEHP</v31:IdentifierType>
            </v1:OrganisationId>
            <v1:Language>nl</v1:Language>
         </v1:request>
      </v1:getOrganisationChildNodesRequest>
   </soapenv:Body>
</soapenv:Envelope>]]></con:request><con:credentials><con:selectedAuthProfile>Basic</con:selectedAuthProfile><con:addedBasicAuthenticationTypes>Basic</con:addedBasicAuthenticationTypes><con:authType>Global HTTP Settings</con:authType></con:credentials><con:jmsConfig JMSDeliveryMode="PERSISTENT"/><con:jmsPropertyConfig/><con:wsaConfig mustUnderstand="NONE" version="200508" action="http://fidus.brussels/services/accessmanagerservice/getOrganisationChildNodes"/><con:wsrmConfig version="1.2"/></con:call><con:call id="481b251d-b566-4b08-aea6-d4f44e773461" name="3 - Test - Worker2 - Request" incomingWss="Inflow TEST" outgoingWss="Outflow TEST"><con:settings><con:setting id="com.eviware.soapui.impl.wsdl.WsdlRequest@request-headers">&lt;xml-fragment/></con:setting></con:settings><con:encoding>UTF-8</con:encoding><con:endpoint>https://192.168.22.54:8443/services/AccessManagerService_v1.0</con:endpoint><con:request><![CDATA[<soapenv:Envelope xmlns:soapenv="http://schemas.xmlsoap.org/soap/envelope/" xmlns:v1="http://fidus.brussels/service/accessmanagerservice/messages/v1" xmlns:v11="http://fidus.brussels/type/common/messages/v1" xmlns:v31="http://socialsecurity.be/umanentityrepresentative/types/v3">
   <soapenv:Header/>
   <soapenv:Body>
      <v1:getOrganisationChildNodesRequest>
         <v1:messageContext>
         	  <v11:messageId>${=import static java.util.UUID.randomUUID; uuid = randomUUID() as String}</v11:messageId>
            <v11:timestamp>${=new java.text.SimpleDateFormat("yyyy-MM-dd'T'HH:mm:ss.SSS").format(new Date())}</v11:timestamp>
         </v1:messageContext>
         <v1:legalContext>ServiceIntegrator</v1:legalContext>
         <v1:request>
            <v1:Domain>QUAL_FED_HEALTHCARE</v1:Domain>
            <v1:OrganisationId>
               <v31:Identifier>1990000431</v31:Identifier>
               <v31:IdentifierType>BEEHP</v31:IdentifierType>
            </v1:OrganisationId>
            <v1:Language>nl</v1:Language>
         </v1:request>
      </v1:getOrganisationChildNodesRequest>
   </soapenv:Body>
</soapenv:Envelope>]]></con:request><con:credentials><con:selectedAuthProfile>Basic</con:selectedAuthProfile><con:addedBasicAuthenticationTypes>Basic</con:addedBasicAuthenticationTypes><con:authType>Global HTTP Settings</con:authType></con:credentials><con:jmsConfig JMSDeliveryMode="PERSISTENT"/><con:jmsPropertyConfig/><con:wsaConfig mustUnderstand="NONE" version="200508" action="http://fidus.brussels/services/accessmanagerservice/getOrganisationChildNodes"/><con:wsrmConfig version="1.2"/></con:call><con:call id="0921d4fe-5316-41a3-90d9-4c1e442ef5ea" name="4 - Staging - Worker1 - Request" incomingWss="Inflow STAGING" outgoingWss="Outflow STAGING"><con:settings><con:setting id="com.eviware.soapui.impl.wsdl.WsdlRequest@request-headers">&lt;xml-fragment/></con:setting></con:settings><con:encoding>UTF-8</con:encoding><con:endpoint>https://192.168.24.16:8443/services/AccessManagerService_v1.0</con:endpoint><con:request><![CDATA[<soapenv:Envelope xmlns:soapenv="http://schemas.xmlsoap.org/soap/envelope/" xmlns:v1="http://fidus.brussels/service/accessmanagerservice/messages/v1" xmlns:v11="http://fidus.brussels/type/common/messages/v1" xmlns:v31="http://socialsecurity.be/umanentityrepresentative/types/v3">
   <soapenv:Header/>
   <soapenv:Body>
      <v1:getOrganisationChildNodesRequest>
         <v1:messageContext>
         	  <v11:messageId>${=import static java.util.UUID.randomUUID; uuid = randomUUID() as String}</v11:messageId>
            <v11:timestamp>${=new java.text.SimpleDateFormat("yyyy-MM-dd'T'HH:mm:ss.SSS").format(new Date())}</v11:timestamp>
         </v1:messageContext>
         <v1:legalContext>ServiceIntegrator</v1:legalContext>
         <v1:request>
            <v1:Domain>QUAL_FED_HEALTHCARE</v1:Domain>
            <v1:OrganisationId>
               <v31:Identifier>1990000431</v31:Identifier>
               <v31:IdentifierType>BEEHP</v31:IdentifierType>
            </v1:OrganisationId>
            <v1:Language>nl</v1:Language>
         </v1:request>
      </v1:getOrganisationChildNodesRequest>
   </soapenv:Body>
</soapenv:Envelope>]]></con:request><con:credentials><con:selectedAuthProfile>Basic</con:selectedAuthProfile><con:addedBasicAuthenticationTypes>Basic</con:addedBasicAuthenticationTypes><con:authType>Global HTTP Settings</con:authType></con:credentials><con:jmsConfig JMSDeliveryMode="PERSISTENT"/><con:jmsPropertyConfig/><con:wsaConfig mustUnderstand="NONE" version="200508" action="http://fidus.brussels/services/accessmanagerservice/getOrganisationChildNodes"/><con:wsrmConfig version="1.2"/></con:call><con:call id="6062bc62-0548-479c-8ca8-47164dad11fb" name="4 - Staging - Worker2 - Request" incomingWss="Inflow STAGING" outgoingWss="Outflow STAGING"><con:settings><con:setting id="com.eviware.soapui.impl.wsdl.WsdlRequest@request-headers">&lt;xml-fragment/></con:setting></con:settings><con:encoding>UTF-8</con:encoding><con:endpoint>https://192.168.24.17:8443/services/AccessManagerService_v1.0</con:endpoint><con:request><![CDATA[<soapenv:Envelope xmlns:soapenv="http://schemas.xmlsoap.org/soap/envelope/" xmlns:v1="http://fidus.brussels/service/accessmanagerservice/messages/v1" xmlns:v11="http://fidus.brussels/type/common/messages/v1" xmlns:v31="http://socialsecurity.be/umanentityrepresentative/types/v3">
   <soapenv:Header/>
   <soapenv:Body>
      <v1:getOrganisationChildNodesRequest>
         <v1:messageContext>
         	  <v11:messageId>${=import static java.util.UUID.randomUUID; uuid = randomUUID() as String}</v11:messageId>
            <v11:timestamp>${=new java.text.SimpleDateFormat("yyyy-MM-dd'T'HH:mm:ss.SSS").format(new Date())}</v11:timestamp>
         </v1:messageContext>
         <v1:legalContext>ServiceIntegrator</v1:legalContext>
         <v1:request>
            <v1:Domain>QUAL_FED_HEALTHCARE</v1:Domain>
            <v1:OrganisationId>
               <v31:Identifier>1990000431</v31:Identifier>
               <v31:IdentifierType>BEEHP</v31:IdentifierType>
            </v1:OrganisationId>
            <v1:Language>nl</v1:Language>
         </v1:request>
      </v1:getOrganisationChildNodesRequest>
   </soapenv:Body>
</soapenv:Envelope>]]></con:request><con:credentials><con:selectedAuthProfile>Basic</con:selectedAuthProfile><con:addedBasicAuthenticationTypes>Basic</con:addedBasicAuthenticationTypes><con:authType>Global HTTP Settings</con:authType></con:credentials><con:jmsConfig JMSDeliveryMode="PERSISTENT"/><con:jmsPropertyConfig/><con:wsaConfig mustUnderstand="NONE" version="200508" action="http://fidus.brussels/services/accessmanagerservice/getOrganisationChildNodes"/><con:wsrmConfig version="1.2"/></con:call><con:call id="4582e159-15cd-4905-a4e9-339b9c4ac4d0" name="5 - Prod - LB - Request" incomingWss="Inflow PROD" outgoingWss="Outflow PROD"><con:settings><con:setting id="com.eviware.soapui.impl.wsdl.WsdlRequest@request-headers">&lt;xml-fragment/></con:setting></con:settings><con:encoding>UTF-8</con:encoding><con:endpoint>https://fidus-esb-sg.prd.srv.cirb.lan:8443/services/AccessManagerService_v1.0</con:endpoint><con:request><![CDATA[<soapenv:Envelope xmlns:soapenv="http://schemas.xmlsoap.org/soap/envelope/" xmlns:v1="http://fidus.brussels/service/accessmanagerservice/messages/v1" xmlns:v11="http://fidus.brussels/type/common/messages/v1" xmlns:v31="http://socialsecurity.be/umanentityrepresentative/types/v3">
   <soapenv:Header/>
   <soapenv:Body>
      <v1:getOrganisationChildNodesRequest>
         <v1:messageContext>
         	  <v11:messageId>${=import static java.util.UUID.randomUUID; uuid = randomUUID() as String}</v11:messageId>
            <v11:timestamp>${=new java.text.SimpleDateFormat("yyyy-MM-dd'T'HH:mm:ss.SSS").format(new Date())}</v11:timestamp>
         </v1:messageContext>
         <v1:legalContext>ServiceIntegrator</v1:legalContext>
         <v1:request>
            <v1:Domain>QUAL_FED_HEALTHCARE</v1:Domain>
            <v1:OrganisationId>
               <v31:Identifier>1990000431</v31:Identifier>
               <v31:IdentifierType>BEEHP</v31:IdentifierType>
            </v1:OrganisationId>
            <v1:Language>nl</v1:Language>
         </v1:request>
      </v1:getOrganisationChildNodesRequest>
   </soapenv:Body>
</soapenv:Envelope>]]></con:request><con:credentials><con:selectedAuthProfile>Basic</con:selectedAuthProfile><con:addedBasicAuthenticationTypes>Basic</con:addedBasicAuthenticationTypes><con:authType>Global HTTP Settings</con:authType></con:credentials><con:jmsConfig JMSDeliveryMode="PERSISTENT"/><con:jmsPropertyConfig/><con:wsaConfig mustUnderstand="NONE" version="200508" action="http://fidus.brussels/services/accessmanagerservice/getOrganisationChildNodes"/><con:wsrmConfig version="1.2"/></con:call><con:call id="515addc6-997a-4a6a-aa8c-449cbc184e2c" name="5 - Prod - Worker1 - Request" incomingWss="Inflow PROD" outgoingWss="Outflow PROD"><con:settings><con:setting id="com.eviware.soapui.impl.wsdl.WsdlRequest@request-headers">&lt;xml-fragment/></con:setting></con:settings><con:encoding>UTF-8</con:encoding><con:endpoint>https://192.168.26.22:8443/services/AccessManagerService_v1.0</con:endpoint><con:request><![CDATA[<soapenv:Envelope xmlns:soapenv="http://schemas.xmlsoap.org/soap/envelope/" xmlns:v1="http://fidus.brussels/service/accessmanagerservice/messages/v1" xmlns:v11="http://fidus.brussels/type/common/messages/v1" xmlns:v31="http://socialsecurity.be/umanentityrepresentative/types/v3">
   <soapenv:Header/>
   <soapenv:Body>
      <v1:getOrganisationChildNodesRequest>
         <v1:messageContext>
         	  <v11:messageId>${=import static java.util.UUID.randomUUID; uuid = randomUUID() as String}</v11:messageId>
            <v11:timestamp>${=new java.text.SimpleDateFormat("yyyy-MM-dd'T'HH:mm:ss.SSS").format(new Date())}</v11:timestamp>
         </v1:messageContext>
         <v1:legalContext>ServiceIntegrator</v1:legalContext>
         <v1:request>
            <v1:Domain>QUAL_FED_HEALTHCARE</v1:Domain>
            <v1:OrganisationId>
               <v31:Identifier>1990000431</v31:Identifier>
               <v31:IdentifierType>BEEHP</v31:IdentifierType>
            </v1:OrganisationId>
            <v1:Language>nl</v1:Language>
         </v1:request>
      </v1:getOrganisationChildNodesRequest>
   </soapenv:Body>
</soapenv:Envelope>]]></con:request><con:credentials><con:selectedAuthProfile>Basic</con:selectedAuthProfile><con:addedBasicAuthenticationTypes>Basic</con:addedBasicAuthenticationTypes><con:authType>Global HTTP Settings</con:authType></con:credentials><con:jmsConfig JMSDeliveryMode="PERSISTENT"/><con:jmsPropertyConfig/><con:wsaConfig mustUnderstand="NONE" version="200508" action="http://fidus.brussels/services/accessmanagerservice/getOrganisationChildNodes"/><con:wsrmConfig version="1.2"/></con:call><con:call id="18a8a466-7266-4883-9a71-2c9e8b94b94a" name="5 - Prod - Worker2 - Request" incomingWss="Inflow PROD" outgoingWss="Outflow PROD"><con:settings><con:setting id="com.eviware.soapui.impl.wsdl.WsdlRequest@request-headers">&lt;xml-fragment/></con:setting></con:settings><con:encoding>UTF-8</con:encoding><con:endpoint>https://192.168.26.19:8443/services/AccessManagerService_v1.0</con:endpoint><con:request><![CDATA[<soapenv:Envelope xmlns:soapenv="http://schemas.xmlsoap.org/soap/envelope/" xmlns:v1="http://fidus.brussels/service/accessmanagerservice/messages/v1" xmlns:v11="http://fidus.brussels/type/common/messages/v1" xmlns:v31="http://socialsecurity.be/umanentityrepresentative/types/v3">
   <soapenv:Header/>
   <soapenv:Body>
      <v1:getOrganisationChildNodesRequest>
         <v1:messageContext>
         	  <v11:messageId>${=import static java.util.UUID.randomUUID; uuid = randomUUID() as String}</v11:messageId>
            <v11:timestamp>${=new java.text.SimpleDateFormat("yyyy-MM-dd'T'HH:mm:ss.SSS").format(new Date())}</v11:timestamp>
         </v1:messageContext>
         <v1:legalContext>ServiceIntegrator</v1:legalContext>
         <v1:request>
            <v1:Domain>QUAL_FED_HEALTHCARE</v1:Domain>
            <v1:OrganisationId>
               <v31:Identifier>1990000431</v31:Identifier>
               <v31:IdentifierType>BEEHP</v31:IdentifierType>
            </v1:OrganisationId>
            <v1:Language>nl</v1:Language>
         </v1:request>
      </v1:getOrganisationChildNodesRequest>
   </soapenv:Body>
</soapenv:Envelope>]]></con:request><con:credentials><con:selectedAuthProfile>Basic</con:selectedAuthProfile><con:addedBasicAuthenticationTypes>Basic</con:addedBasicAuthenticationTypes><con:authType>Global HTTP Settings</con:authType></con:credentials><con:jmsConfig JMSDeliveryMode="PERSISTENT"/><con:jmsPropertyConfig/><con:wsaConfig mustUnderstand="NONE" version="200508" action="http://fidus.brussels/services/accessmanagerservice/getOrganisationChildNodes"/><con:wsrmConfig version="1.2"/></con:call><con:call id="2be96f5a-0675-4575-86f6-7a94a23ba173" name="3 - Test - Worker1New - Request" outgoingWss="Outflow TEST" incomingWss="Inflow TEST"><con:settings><con:setting id="com.eviware.soapui.impl.wsdl.WsdlRequest@request-headers">&lt;xml-fragment/></con:setting></con:settings><con:encoding>UTF-8</con:encoding><con:endpoint>https://192.168.22.73:8443/services/AccessManagerService_v1.0</con:endpoint><con:request><![CDATA[<soapenv:Envelope xmlns:soapenv="http://schemas.xmlsoap.org/soap/envelope/" xmlns:v1="http://fidus.brussels/service/accessmanagerservice/messages/v1" xmlns:v11="http://fidus.brussels/type/common/messages/v1" xmlns:v31="http://socialsecurity.be/umanentityrepresentative/types/v3">
   <soapenv:Header/>
   <soapenv:Body>
      <v1:getOrganisationChildNodesRequest>
         <v1:messageContext>
         	  <v11:messageId>${=import static java.util.UUID.randomUUID; uuid = randomUUID() as String}</v11:messageId>
            <v11:timestamp>${=new java.text.SimpleDateFormat("yyyy-MM-dd'T'HH:mm:ss.SSS").format(new Date())}</v11:timestamp>
         </v1:messageContext>
         <v1:legalContext>ServiceIntegrator</v1:legalContext>
         <v1:request>
            <v1:Domain>QUAL_FED_HEALTHCARE</v1:Domain>
            <v1:OrganisationId>
               <v31:Identifier>1990000431</v31:Identifier>
               <v31:IdentifierType>BEEHP</v31:IdentifierType>
            </v1:OrganisationId>
            <v1:Language>nl</v1:Language>
         </v1:request>
      </v1:getOrganisationChildNodesRequest>
   </soapenv:Body>
</soapenv:Envelope>]]></con:request><con:credentials><con:selectedAuthProfile>Basic</con:selectedAuthProfile><con:addedBasicAuthenticationTypes>Basic</con:addedBasicAuthenticationTypes><con:authType>Global HTTP Settings</con:authType></con:credentials><con:jmsConfig JMSDeliveryMode="PERSISTENT"/><con:jmsPropertyConfig/><con:wsaConfig mustUnderstand="NONE" version="200508" action="http://fidus.brussels/services/accessmanagerservice/getOrganisationChildNodes"/><con:wsrmConfig version="1.2"/></con:call><con:call id="d8ca8bec-fbad-4caf-8049-84ee0cd6264a" name="3 - Test - Worker2New - Request" outgoingWss="Outflow TEST" incomingWss="Inflow TEST"><con:settings><con:setting id="com.eviware.soapui.impl.wsdl.WsdlRequest@request-headers">&lt;xml-fragment/></con:setting></con:settings><con:encoding>UTF-8</con:encoding><con:endpoint>https://192.168.22.93:8443/services/AccessManagerService_v1.0</con:endpoint><con:request><![CDATA[<soapenv:Envelope xmlns:soapenv="http://schemas.xmlsoap.org/soap/envelope/" xmlns:v1="http://fidus.brussels/service/accessmanagerservice/messages/v1" xmlns:v11="http://fidus.brussels/type/common/messages/v1" xmlns:v31="http://socialsecurity.be/umanentityrepresentative/types/v3">
   <soapenv:Header/>
   <soapenv:Body>
      <v1:getOrganisationChildNodesRequest>
         <v1:messageContext>
         	  <v11:messageId>${=import static java.util.UUID.randomUUID; uuid = randomUUID() as String}</v11:messageId>
            <v11:timestamp>${=new java.text.SimpleDateFormat("yyyy-MM-dd'T'HH:mm:ss.SSS").format(new Date())}</v11:timestamp>
         </v1:messageContext>
         <v1:legalContext>ServiceIntegrator</v1:legalContext>
         <v1:request>
            <v1:Domain>QUAL_FED_HEALTHCARE</v1:Domain>
            <v1:OrganisationId>
               <v31:Identifier>1990000431</v31:Identifier>
               <v31:IdentifierType>BEEHP</v31:IdentifierType>
            </v1:OrganisationId>
            <v1:Language>nl</v1:Language>
         </v1:request>
      </v1:getOrganisationChildNodesRequest>
   </soapenv:Body>
</soapenv:Envelope>]]></con:request><con:credentials><con:selectedAuthProfile>Basic</con:selectedAuthProfile><con:addedBasicAuthenticationTypes>Basic</con:addedBasicAuthenticationTypes><con:authType>Global HTTP Settings</con:authType></con:credentials><con:jmsConfig JMSDeliveryMode="PERSISTENT"/><con:jmsPropertyConfig/><con:wsaConfig mustUnderstand="NONE" version="200508" action="http://fidus.brussels/services/accessmanagerservice/getOrganisationChildNodes"/><con:wsrmConfig version="1.2"/></con:call><con:call id="e65b6270-9a46-4151-91f2-ae0911b63308" name="4 - Staging - Worker1New - Request"><con:settings><con:setting id="com.eviware.soapui.impl.wsdl.WsdlRequest@request-headers">&lt;xml-fragment/></con:setting></con:settings><con:encoding>UTF-8</con:encoding><con:endpoint>https://192.168.23.191:8443/services/AccessManagerService_v1.0</con:endpoint><con:request><![CDATA[<soapenv:Envelope xmlns:soapenv="http://schemas.xmlsoap.org/soap/envelope/" xmlns:v1="http://fidus.brussels/service/accessmanagerservice/messages/v1" xmlns:v11="http://fidus.brussels/type/common/messages/v1" xmlns:v31="http://socialsecurity.be/umanentityrepresentative/types/v3">
   <soapenv:Header/>
   <soapenv:Body>
      <v1:getOrganisationChildNodesRequest>
         <v1:messageContext>
         	  <v11:messageId>${=import static java.util.UUID.randomUUID; uuid = randomUUID() as String}</v11:messageId>
            <v11:timestamp>${=new java.text.SimpleDateFormat("yyyy-MM-dd'T'HH:mm:ss.SSS").format(new Date())}</v11:timestamp>
         </v1:messageContext>
         <v1:legalContext>ServiceIntegrator</v1:legalContext>
         <v1:request>
            <v1:Domain>QUAL_FED_HEALTHCARE</v1:Domain>
            <v1:OrganisationId>
               <v31:Identifier>1990000431</v31:Identifier>
               <v31:IdentifierType>BEEHP</v31:IdentifierType>
            </v1:OrganisationId>
            <v1:Language>nl</v1:Language>
         </v1:request>
      </v1:getOrganisationChildNodesRequest>
   </soapenv:Body>
</soapenv:Envelope>]]></con:request><con:credentials><con:selectedAuthProfile>Basic</con:selectedAuthProfile><con:addedBasicAuthenticationTypes>Basic</con:addedBasicAuthenticationTypes><con:authType>Global HTTP Settings</con:authType></con:credentials><con:jmsConfig JMSDeliveryMode="PERSISTENT"/><con:jmsPropertyConfig/><con:wsaConfig mustUnderstand="NONE" version="200508" action="http://fidus.brussels/services/accessmanagerservice/getOrganisationChildNodes"/><con:wsrmConfig version="1.2"/></con:call><con:call id="4d8e496c-2914-4d31-8939-cc2b2cc0a070" name="4 - Staging - Worker2New - Request"><con:settings><con:setting id="com.eviware.soapui.impl.wsdl.WsdlRequest@request-headers">&lt;xml-fragment/></con:setting></con:settings><con:encoding>UTF-8</con:encoding><con:endpoint>https://192.168.23.198:8443/services/AccessManagerService_v1.0</con:endpoint><con:request><![CDATA[<soapenv:Envelope xmlns:soapenv="http://schemas.xmlsoap.org/soap/envelope/" xmlns:v1="http://fidus.brussels/service/accessmanagerservice/messages/v1" xmlns:v11="http://fidus.brussels/type/common/messages/v1" xmlns:v31="http://socialsecurity.be/umanentityrepresentative/types/v3">
   <soapenv:Header/>
   <soapenv:Body>
      <v1:getOrganisationChildNodesRequest>
         <v1:messageContext>
         	  <v11:messageId>${=import static java.util.UUID.randomUUID; uuid = randomUUID() as String}</v11:messageId>
            <v11:timestamp>${=new java.text.SimpleDateFormat("yyyy-MM-dd'T'HH:mm:ss.SSS").format(new Date())}</v11:timestamp>
         </v1:messageContext>
         <v1:legalContext>ServiceIntegrator</v1:legalContext>
         <v1:request>
            <v1:Domain>QUAL_FED_HEALTHCARE</v1:Domain>
            <v1:OrganisationId>
               <v31:Identifier>1990000431</v31:Identifier>
               <v31:IdentifierType>BEEHP</v31:IdentifierType>
            </v1:OrganisationId>
            <v1:Language>nl</v1:Language>
         </v1:request>
      </v1:getOrganisationChildNodesRequest>
   </soapenv:Body>
</soapenv:Envelope>]]></con:request><con:credentials><con:selectedAuthProfile>Basic</con:selectedAuthProfile><con:addedBasicAuthenticationTypes>Basic</con:addedBasicAuthenticationTypes><con:authType>Global HTTP Settings</con:authType></con:credentials><con:jmsConfig JMSDeliveryMode="PERSISTENT"/><con:jmsPropertyConfig/><con:wsaConfig mustUnderstand="NONE" version="200508" action="http://fidus.brussels/services/accessmanagerservice/getOrganisationChildNodes"/><con:wsrmConfig version="1.2"/></con:call></con:operation><con:operation id="2299d7af-38c9-440a-987d-b2347fcfe1fe" isOneWay="false" action="http://fidus.brussels/services/accessmanagerservice/getOrganisationDenomination" name="getOrganisationDenomination" bindingOperationName="getOrganisationDenomination" type="Request-Response" inputName="" receivesAttachments="false" sendsAttachments="false" anonymous="optional"><con:settings/><con:call id="07310649-f415-4efc-964e-39193d4241ac" name="1 - Local - Request - OK" outgoingWss="Outflow DEV" incomingWss="Inflow DEV"><con:settings><con:setting id="com.eviware.soapui.impl.wsdl.WsdlRequest@request-headers">&lt;xml-fragment/></con:setting></con:settings><con:encoding>UTF-8</con:encoding><con:endpoint>https://localhost:8243/services/AccessManagerService_v1.0</con:endpoint><con:request><![CDATA[<soapenv:Envelope xmlns:soapenv="http://schemas.xmlsoap.org/soap/envelope/" xmlns:v1="http://fidus.brussels/service/accessmanagerservice/messages/v1" xmlns:v11="http://fidus.brussels/type/common/messages/v1" xmlns:v31="http://socialsecurity.be/umanentityrepresentative/types/v3">
   <soapenv:Header/>
   <soapenv:Body>
      <v1:getOrganisationDenominationRequest>
         <v1:messageContext>
         	  <v11:messageId>${=import static java.util.UUID.randomUUID; uuid = randomUUID() as String}</v11:messageId>
            <v11:timestamp>${=new java.text.SimpleDateFormat("yyyy-MM-dd'T'HH:mm:ss.SSS").format(new Date())}</v11:timestamp>
         </v1:messageContext>
         <v1:legalContext>ServiceIntegrator</v1:legalContext>
         <v1:request>
            <v1:Domain>QUAL_FED_HEALTHCARE</v1:Domain>
            <v1:OrganisationId>
               <v31:Identifier>1990000431</v31:Identifier>
               <v31:IdentifierType>BEEHP</v31:IdentifierType>
            </v1:OrganisationId>
            <v1:Language>nl</v1:Language>
         </v1:request>
      </v1:getOrganisationDenominationRequest>
   </soapenv:Body>
</soapenv:Envelope>]]></con:request><con:credentials><con:selectedAuthProfile>Basic</con:selectedAuthProfile><con:addedBasicAuthenticationTypes>Basic</con:addedBasicAuthenticationTypes><con:authType>Global HTTP Settings</con:authType></con:credentials><con:jmsConfig JMSDeliveryMode="PERSISTENT"/><con:jmsPropertyConfig/><con:wsaConfig mustUnderstand="NONE" version="200508" action="http://fidus.brussels/services/accessmanagerservice/getOrganisationDenomination"/><con:wsrmConfig version="1.2"/></con:call><con:call id="306f1b38-bf9b-4ba8-8fb6-5deee3d0420c" name="2 - Dev - Request - OK" outgoingWss="Outflow DEV" incomingWss="Inflow DEV"><con:settings><con:setting id="com.eviware.soapui.impl.wsdl.WsdlRequest@request-headers">&lt;xml-fragment/></con:setting></con:settings><con:encoding>UTF-8</con:encoding><con:endpoint>https://192.168.36.61:8243/services/AccessManagerService_v1.0</con:endpoint><con:request><![CDATA[<soapenv:Envelope xmlns:soapenv="http://schemas.xmlsoap.org/soap/envelope/" xmlns:v1="http://fidus.brussels/service/accessmanagerservice/messages/v1" xmlns:v11="http://fidus.brussels/type/common/messages/v1" xmlns:v31="http://socialsecurity.be/umanentityrepresentative/types/v3">
   <soapenv:Header/>
   <soapenv:Body>
      <v1:getOrganisationDenominationRequest>
         <v1:messageContext>
         	  <v11:messageId>${=import static java.util.UUID.randomUUID; uuid = randomUUID() as String}</v11:messageId>
            <v11:timestamp>${=new java.text.SimpleDateFormat("yyyy-MM-dd'T'HH:mm:ss.SSS").format(new Date())}</v11:timestamp>
         </v1:messageContext>
         <v1:legalContext>ServiceIntegrator</v1:legalContext>
         <v1:request>
            <v1:Domain>QUAL_FED_HEALTHCARE</v1:Domain>
            <v1:OrganisationId>
               <v31:Identifier>1990000431</v31:Identifier>
               <v31:IdentifierType>BEEHP</v31:IdentifierType>
            </v1:OrganisationId>
            <v1:Language>nl</v1:Language>
         </v1:request>
      </v1:getOrganisationDenominationRequest>
   </soapenv:Body>
</soapenv:Envelope>]]></con:request><con:credentials><con:selectedAuthProfile>Basic</con:selectedAuthProfile><con:addedBasicAuthenticationTypes>Basic</con:addedBasicAuthenticationTypes><con:authType>Global HTTP Settings</con:authType></con:credentials><con:jmsConfig JMSDeliveryMode="PERSISTENT"/><con:jmsPropertyConfig/><con:wsaConfig mustUnderstand="NONE" version="200508" action="http://fidus.brussels/services/accessmanagerservice/getOrganisationDenomination"/><con:wsrmConfig version="1.2"/></con:call><con:call id="5a5844cd-94f3-4f5d-ad4b-fd12a15ee986" name="3 - Test - LB - Request" incomingWss="Inflow TEST" outgoingWss="Outflow TEST"><con:settings><con:setting id="com.eviware.soapui.impl.wsdl.WsdlRequest@request-headers">&lt;xml-fragment/></con:setting></con:settings><con:encoding>UTF-8</con:encoding><con:endpoint>https://esb-security-gw.sta.srv.cirb.lan:8443/services/AccessManagerService_v1.0</con:endpoint><con:request><![CDATA[<soapenv:Envelope xmlns:soapenv="http://schemas.xmlsoap.org/soap/envelope/" xmlns:v1="http://fidus.brussels/service/accessmanagerservice/messages/v1" xmlns:v11="http://fidus.brussels/type/common/messages/v1" xmlns:v31="http://socialsecurity.be/umanentityrepresentative/types/v3">
   <soapenv:Header/>
   <soapenv:Body>
      <v1:getOrganisationDenominationRequest>
         <v1:messageContext>
         	  <v11:messageId>${=import static java.util.UUID.randomUUID; uuid = randomUUID() as String}</v11:messageId>
            <v11:timestamp>${=new java.text.SimpleDateFormat("yyyy-MM-dd'T'HH:mm:ss.SSS").format(new Date())}</v11:timestamp>
         </v1:messageContext>
         <v1:legalContext>ServiceIntegrator</v1:legalContext>
         <v1:request>
            <v1:Domain>QUAL_FED_HEALTHCARE</v1:Domain>
            <v1:OrganisationId>
               <v31:Identifier>1990000431</v31:Identifier>
               <v31:IdentifierType>BEEHP</v31:IdentifierType>
            </v1:OrganisationId>
            <v1:Language>nl</v1:Language>
         </v1:request>
      </v1:getOrganisationDenominationRequest>
   </soapenv:Body>
</soapenv:Envelope>]]></con:request><con:credentials><con:selectedAuthProfile>Basic</con:selectedAuthProfile><con:addedBasicAuthenticationTypes>Basic</con:addedBasicAuthenticationTypes><con:authType>Global HTTP Settings</con:authType></con:credentials><con:jmsConfig JMSDeliveryMode="PERSISTENT"/><con:jmsPropertyConfig/><con:wsaConfig mustUnderstand="NONE" version="200508" action="http://fidus.brussels/services/accessmanagerservice/getOrganisationDenomination"/><con:wsrmConfig version="1.2"/></con:call><con:call id="426eae98-574e-46c2-ba86-2db8aac9f6b9" name="4 - Staging - LB - Request" incomingWss="Inflow STAGING" outgoingWss="Outflow STAGING"><con:settings><con:setting id="com.eviware.soapui.impl.wsdl.WsdlRequest@request-headers">&lt;xml-fragment/></con:setting></con:settings><con:encoding>UTF-8</con:encoding><con:endpoint>https://fidus-esb-sg.sta.srv.cirb.lan:8443/services/AccessManagerService_v1.0</con:endpoint><con:request><![CDATA[<soapenv:Envelope xmlns:soapenv="http://schemas.xmlsoap.org/soap/envelope/" xmlns:v1="http://fidus.brussels/service/accessmanagerservice/messages/v1" xmlns:v11="http://fidus.brussels/type/common/messages/v1" xmlns:v31="http://socialsecurity.be/umanentityrepresentative/types/v3">
   <soapenv:Header/>
   <soapenv:Body>
      <v1:getOrganisationDenominationRequest>
         <v1:messageContext>
         	  <v11:messageId>${=import static java.util.UUID.randomUUID; uuid = randomUUID() as String}</v11:messageId>
            <v11:timestamp>${=new java.text.SimpleDateFormat("yyyy-MM-dd'T'HH:mm:ss.SSS").format(new Date())}</v11:timestamp>
         </v1:messageContext>
         <v1:legalContext>ServiceIntegrator</v1:legalContext>
         <v1:request>
            <v1:Domain>QUAL_FED_HEALTHCARE</v1:Domain>
            <v1:OrganisationId>
               <v31:Identifier>1990000431</v31:Identifier>
               <v31:IdentifierType>BEEHP</v31:IdentifierType>
            </v1:OrganisationId>
            <v1:Language>nl</v1:Language>
         </v1:request>
      </v1:getOrganisationDenominationRequest>
   </soapenv:Body>
</soapenv:Envelope>]]></con:request><con:credentials><con:selectedAuthProfile>Basic</con:selectedAuthProfile><con:addedBasicAuthenticationTypes>Basic</con:addedBasicAuthenticationTypes><con:authType>Global HTTP Settings</con:authType></con:credentials><con:jmsConfig JMSDeliveryMode="PERSISTENT"/><con:jmsPropertyConfig/><con:wsaConfig mustUnderstand="NONE" version="200508" action="http://fidus.brussels/services/accessmanagerservice/getOrganisationDenomination"/><con:wsrmConfig version="1.2"/></con:call><con:call id="03b77a72-3943-4e07-b958-93fb770ad897" name="5 - Prod - External - Request" incomingWss="Inflow PROD" outgoingWss="Outflow PROD"><con:settings><con:setting id="com.eviware.soapui.impl.wsdl.WsdlRequest@request-headers">&lt;xml-fragment/></con:setting></con:settings><con:encoding>UTF-8</con:encoding><con:endpoint>https://fidus-esb-sg.prd.srv.cirb.lan:8443/services/AccessManagerService_v1.0</con:endpoint><con:request><![CDATA[<soapenv:Envelope xmlns:soapenv="http://schemas.xmlsoap.org/soap/envelope/" xmlns:v1="http://fidus.brussels/service/accessmanagerservice/messages/v1" xmlns:v11="http://fidus.brussels/type/common/messages/v1" xmlns:v31="http://socialsecurity.be/umanentityrepresentative/types/v3">
   <soapenv:Header/>
   <soapenv:Body>
      <v1:getOrganisationDenominationRequest>
         <v1:messageContext>
         	  <v11:messageId>${=import static java.util.UUID.randomUUID; uuid = randomUUID() as String}</v11:messageId>
            <v11:timestamp>${=new java.text.SimpleDateFormat("yyyy-MM-dd'T'HH:mm:ss.SSS").format(new Date())}</v11:timestamp>
         </v1:messageContext>
         <v1:legalContext>ServiceIntegrator</v1:legalContext>
         <v1:request>
            <v1:Domain>QUAL_FED_HEALTHCARE</v1:Domain>
            <v1:OrganisationId>
               <v31:Identifier>1990000431</v31:Identifier>
               <v31:IdentifierType>BEEHP</v31:IdentifierType>
            </v1:OrganisationId>
            <v1:Language>nl</v1:Language>
         </v1:request>
      </v1:getOrganisationDenominationRequest>
   </soapenv:Body>
</soapenv:Envelope>]]></con:request><con:credentials><con:selectedAuthProfile>Basic</con:selectedAuthProfile><con:addedBasicAuthenticationTypes>Basic</con:addedBasicAuthenticationTypes><con:authType>Global HTTP Settings</con:authType></con:credentials><con:jmsConfig JMSDeliveryMode="PERSISTENT"/><con:jmsPropertyConfig/><con:wsaConfig mustUnderstand="NONE" version="200508" action="http://fidus.brussels/services/accessmanagerservice/getOrganisationDenomination"/><con:wsrmConfig version="1.2"/></con:call><con:call id="f9998c34-238b-4c06-8461-d9328df42a32" name="1 - Local - Request - Not Found" outgoingWss="Outflow DEV" incomingWss="Inflow DEV"><con:settings><con:setting id="com.eviware.soapui.impl.wsdl.WsdlRequest@request-headers">&lt;xml-fragment/></con:setting></con:settings><con:encoding>UTF-8</con:encoding><con:endpoint>https://localhost:8243/services/AccessManagerService_v1.0</con:endpoint><con:request><![CDATA[<soapenv:Envelope xmlns:soapenv="http://schemas.xmlsoap.org/soap/envelope/" xmlns:v1="http://fidus.brussels/service/accessmanagerservice/messages/v1" xmlns:v11="http://fidus.brussels/type/common/messages/v1" xmlns:v31="http://socialsecurity.be/umanentityrepresentative/types/v3">
   <soapenv:Header/>
   <soapenv:Body>
      <v1:getOrganisationDenominationRequest>
         <v1:messageContext>
         	  <v11:messageId>${=import static java.util.UUID.randomUUID; uuid = randomUUID() as String}</v11:messageId>
            <v11:timestamp>${=new java.text.SimpleDateFormat("yyyy-MM-dd'T'HH:mm:ss.SSS").format(new Date())}</v11:timestamp>
         </v1:messageContext>
         <v1:legalContext>ServiceIntegrator</v1:legalContext>
         <v1:request>
            <v1:Domain>EDUCATION</v1:Domain>
            <v1:OrganisationId>
               <v31:Identifier>1990000431</v31:Identifier>
               <v31:IdentifierType>BEEHP</v31:IdentifierType>
            </v1:OrganisationId>
            <v1:Language>nl</v1:Language>
         </v1:request>
      </v1:getOrganisationDenominationRequest>
   </soapenv:Body>
</soapenv:Envelope>]]></con:request><con:credentials><con:selectedAuthProfile>Basic</con:selectedAuthProfile><con:addedBasicAuthenticationTypes>Basic</con:addedBasicAuthenticationTypes><con:authType>Global HTTP Settings</con:authType></con:credentials><con:jmsConfig JMSDeliveryMode="PERSISTENT"/><con:jmsPropertyConfig/><con:wsaConfig mustUnderstand="NONE" version="200508" action="http://fidus.brussels/services/accessmanagerservice/getOrganisationDenomination"/><con:wsrmConfig version="1.2"/></con:call><con:call id="83646303-ee5f-4396-9454-027fd2bf8d1c" name="2 - Dev - Request - Not Found" incomingWss="Inflow DEV" outgoingWss="Outflow DEV"><con:settings><con:setting id="com.eviware.soapui.impl.wsdl.WsdlRequest@request-headers">&lt;xml-fragment/></con:setting></con:settings><con:encoding>UTF-8</con:encoding><con:endpoint>https://192.168.36.61:8243/services/AccessManagerService_v1.0</con:endpoint><con:request><![CDATA[<soapenv:Envelope xmlns:soapenv="http://schemas.xmlsoap.org/soap/envelope/" xmlns:v1="http://fidus.brussels/service/accessmanagerservice/messages/v1" xmlns:v11="http://fidus.brussels/type/common/messages/v1" xmlns:v31="http://socialsecurity.be/umanentityrepresentative/types/v3">
   <soapenv:Header/>
   <soapenv:Body>
      <v1:getOrganisationDenominationRequest>
         <v1:messageContext>
         	  <v11:messageId>${=import static java.util.UUID.randomUUID; uuid = randomUUID() as String}</v11:messageId>
            <v11:timestamp>${=new java.text.SimpleDateFormat("yyyy-MM-dd'T'HH:mm:ss.SSS").format(new Date())}</v11:timestamp>
         </v1:messageContext>
         <v1:legalContext>ServiceIntegrator</v1:legalContext>
         <v1:request>
            <v1:Domain>EDUCATION</v1:Domain>
            <v1:OrganisationId>
               <v31:Identifier>1990000431</v31:Identifier>
               <v31:IdentifierType>BEEHP</v31:IdentifierType>
            </v1:OrganisationId>
            <v1:Language>nl</v1:Language>
         </v1:request>
      </v1:getOrganisationDenominationRequest>
   </soapenv:Body>
</soapenv:Envelope>]]></con:request><con:credentials><con:selectedAuthProfile>Basic</con:selectedAuthProfile><con:addedBasicAuthenticationTypes>Basic</con:addedBasicAuthenticationTypes><con:authType>Global HTTP Settings</con:authType></con:credentials><con:jmsConfig JMSDeliveryMode="PERSISTENT"/><con:jmsPropertyConfig/><con:wsaConfig mustUnderstand="NONE" version="200508" action="http://fidus.brussels/services/accessmanagerservice/getOrganisationDenomination"/><con:wsrmConfig version="1.2"/></con:call><con:call id="87df3c37-784a-4f98-93c2-7f42369ac057" name="3 - Test - Worker1 - Request" incomingWss="Inflow TEST" outgoingWss="Outflow TEST"><con:settings><con:setting id="com.eviware.soapui.impl.wsdl.WsdlRequest@request-headers">&lt;xml-fragment/></con:setting></con:settings><con:encoding>UTF-8</con:encoding><con:endpoint>https://192.168.22.53:8443/services/AccessManagerService_v1.0</con:endpoint><con:request><![CDATA[<soapenv:Envelope xmlns:soapenv="http://schemas.xmlsoap.org/soap/envelope/" xmlns:v1="http://fidus.brussels/service/accessmanagerservice/messages/v1" xmlns:v11="http://fidus.brussels/type/common/messages/v1" xmlns:v31="http://socialsecurity.be/umanentityrepresentative/types/v3">
   <soapenv:Header/>
   <soapenv:Body>
      <v1:getOrganisationDenominationRequest>
         <v1:messageContext>
         	  <v11:messageId>${=import static java.util.UUID.randomUUID; uuid = randomUUID() as String}</v11:messageId>
            <v11:timestamp>${=new java.text.SimpleDateFormat("yyyy-MM-dd'T'HH:mm:ss.SSS").format(new Date())}</v11:timestamp>
         </v1:messageContext>
         <v1:legalContext>ServiceIntegrator</v1:legalContext>
         <v1:request>
            <v1:Domain>QUAL_FED_HEALTHCARE</v1:Domain>
            <v1:OrganisationId>
               <v31:Identifier>1990000431</v31:Identifier>
               <v31:IdentifierType>BEEHP</v31:IdentifierType>
            </v1:OrganisationId>
            <v1:Language>nl</v1:Language>
         </v1:request>
      </v1:getOrganisationDenominationRequest>
   </soapenv:Body>
</soapenv:Envelope>]]></con:request><con:credentials><con:selectedAuthProfile>Basic</con:selectedAuthProfile><con:addedBasicAuthenticationTypes>Basic</con:addedBasicAuthenticationTypes><con:authType>Global HTTP Settings</con:authType></con:credentials><con:jmsConfig JMSDeliveryMode="PERSISTENT"/><con:jmsPropertyConfig/><con:wsaConfig mustUnderstand="NONE" version="200508" action="http://fidus.brussels/services/accessmanagerservice/getOrganisationDenomination"/><con:wsrmConfig version="1.2"/></con:call><con:call id="eab9387f-40ed-4e7f-be8f-3dec758f787e" name="3 - Test - Worker2 - Request" outgoingWss="Outflow TEST" incomingWss="Inflow TEST"><con:settings><con:setting id="com.eviware.soapui.impl.wsdl.WsdlRequest@request-headers">&lt;xml-fragment/></con:setting></con:settings><con:encoding>UTF-8</con:encoding><con:endpoint>https://192.168.22.54:8443/services/AccessManagerService_v1.0</con:endpoint><con:request><![CDATA[<soapenv:Envelope xmlns:soapenv="http://schemas.xmlsoap.org/soap/envelope/" xmlns:v1="http://fidus.brussels/service/accessmanagerservice/messages/v1" xmlns:v11="http://fidus.brussels/type/common/messages/v1" xmlns:v31="http://socialsecurity.be/umanentityrepresentative/types/v3">
   <soapenv:Header/>
   <soapenv:Body>
      <v1:getOrganisationDenominationRequest>
         <v1:messageContext>
         	  <v11:messageId>${=import static java.util.UUID.randomUUID; uuid = randomUUID() as String}</v11:messageId>
            <v11:timestamp>${=new java.text.SimpleDateFormat("yyyy-MM-dd'T'HH:mm:ss.SSS").format(new Date())}</v11:timestamp>
         </v1:messageContext>
         <v1:legalContext>ServiceIntegrator</v1:legalContext>
         <v1:request>
            <v1:Domain>QUAL_FED_HEALTHCARE</v1:Domain>
            <v1:OrganisationId>
               <v31:Identifier>1990000431</v31:Identifier>
               <v31:IdentifierType>BEEHP</v31:IdentifierType>
            </v1:OrganisationId>
            <v1:Language>nl</v1:Language>
         </v1:request>
      </v1:getOrganisationDenominationRequest>
   </soapenv:Body>
</soapenv:Envelope>]]></con:request><con:credentials><con:selectedAuthProfile>Basic</con:selectedAuthProfile><con:addedBasicAuthenticationTypes>Basic</con:addedBasicAuthenticationTypes><con:authType>Global HTTP Settings</con:authType></con:credentials><con:jmsConfig JMSDeliveryMode="PERSISTENT"/><con:jmsPropertyConfig/><con:wsaConfig mustUnderstand="NONE" version="200508" action="http://fidus.brussels/services/accessmanagerservice/getOrganisationDenomination"/><con:wsrmConfig version="1.2"/></con:call><con:call id="5eaa34e2-a766-420f-9e1d-6ad2649c22d8" name="4 - Staging - Worker1 - Request" incomingWss="Inflow STAGING" outgoingWss="Outflow STAGING"><con:settings><con:setting id="com.eviware.soapui.impl.wsdl.WsdlRequest@request-headers">&lt;xml-fragment/></con:setting></con:settings><con:encoding>UTF-8</con:encoding><con:endpoint>https://192.168.24.16:8443/services/AccessManagerService_v1.0</con:endpoint><con:request><![CDATA[<soapenv:Envelope xmlns:soapenv="http://schemas.xmlsoap.org/soap/envelope/" xmlns:v1="http://fidus.brussels/service/accessmanagerservice/messages/v1" xmlns:v11="http://fidus.brussels/type/common/messages/v1" xmlns:v31="http://socialsecurity.be/umanentityrepresentative/types/v3">
   <soapenv:Header/>
   <soapenv:Body>
      <v1:getOrganisationDenominationRequest>
         <v1:messageContext>
         	  <v11:messageId>${=import static java.util.UUID.randomUUID; uuid = randomUUID() as String}</v11:messageId>
            <v11:timestamp>${=new java.text.SimpleDateFormat("yyyy-MM-dd'T'HH:mm:ss.SSS").format(new Date())}</v11:timestamp>
         </v1:messageContext>
         <v1:legalContext>ServiceIntegrator</v1:legalContext>
         <v1:request>
            <v1:Domain>QUAL_FED_HEALTHCARE</v1:Domain>
            <v1:OrganisationId>
               <v31:Identifier>1990000431</v31:Identifier>
               <v31:IdentifierType>BEEHP</v31:IdentifierType>
            </v1:OrganisationId>
            <v1:Language>nl</v1:Language>
         </v1:request>
      </v1:getOrganisationDenominationRequest>
   </soapenv:Body>
</soapenv:Envelope>]]></con:request><con:credentials><con:selectedAuthProfile>Basic</con:selectedAuthProfile><con:addedBasicAuthenticationTypes>Basic</con:addedBasicAuthenticationTypes><con:authType>Global HTTP Settings</con:authType></con:credentials><con:jmsConfig JMSDeliveryMode="PERSISTENT"/><con:jmsPropertyConfig/><con:wsaConfig mustUnderstand="NONE" version="200508" action="http://fidus.brussels/services/accessmanagerservice/getOrganisationDenomination"/><con:wsrmConfig version="1.2"/></con:call><con:call id="6abcf779-07e4-47d2-af30-fae7c6945fd0" name="4 - Staging - Worker2 - Request" incomingWss="Inflow STAGING" outgoingWss="Outflow STAGING"><con:settings><con:setting id="com.eviware.soapui.impl.wsdl.WsdlRequest@request-headers">&lt;xml-fragment/></con:setting></con:settings><con:encoding>UTF-8</con:encoding><con:endpoint>https://192.168.24.17:8443/services/AccessManagerService_v1.0</con:endpoint><con:request><![CDATA[<soapenv:Envelope xmlns:soapenv="http://schemas.xmlsoap.org/soap/envelope/" xmlns:v1="http://fidus.brussels/service/accessmanagerservice/messages/v1" xmlns:v11="http://fidus.brussels/type/common/messages/v1" xmlns:v31="http://socialsecurity.be/umanentityrepresentative/types/v3">
   <soapenv:Header/>
   <soapenv:Body>
      <v1:getOrganisationDenominationRequest>
         <v1:messageContext>
         	  <v11:messageId>${=import static java.util.UUID.randomUUID; uuid = randomUUID() as String}</v11:messageId>
            <v11:timestamp>${=new java.text.SimpleDateFormat("yyyy-MM-dd'T'HH:mm:ss.SSS").format(new Date())}</v11:timestamp>
         </v1:messageContext>
         <v1:legalContext>ServiceIntegrator</v1:legalContext>
         <v1:request>
            <v1:Domain>QUAL_FED_HEALTHCARE</v1:Domain>
            <v1:OrganisationId>
               <v31:Identifier>1990000431</v31:Identifier>
               <v31:IdentifierType>BEEHP</v31:IdentifierType>
            </v1:OrganisationId>
            <v1:Language>nl</v1:Language>
         </v1:request>
      </v1:getOrganisationDenominationRequest>
   </soapenv:Body>
</soapenv:Envelope>]]></con:request><con:credentials><con:selectedAuthProfile>Basic</con:selectedAuthProfile><con:addedBasicAuthenticationTypes>Basic</con:addedBasicAuthenticationTypes><con:authType>Global HTTP Settings</con:authType></con:credentials><con:jmsConfig JMSDeliveryMode="PERSISTENT"/><con:jmsPropertyConfig/><con:wsaConfig mustUnderstand="NONE" version="200508" action="http://fidus.brussels/services/accessmanagerservice/getOrganisationDenomination"/><con:wsrmConfig version="1.2"/></con:call><con:call id="bdd3acb6-01cb-4f22-8476-89f5e6f1a4a8" name="5 - Prod - LB - Request" incomingWss="Inflow PROD" outgoingWss="Outflow PROD"><con:settings><con:setting id="com.eviware.soapui.impl.wsdl.WsdlRequest@request-headers">&lt;xml-fragment/></con:setting></con:settings><con:encoding>UTF-8</con:encoding><con:endpoint>https://fidus-esb-sg.prd.srv.cirb.lan:8443/services/AccessManagerService_v1.0</con:endpoint><con:request><![CDATA[<soapenv:Envelope xmlns:soapenv="http://schemas.xmlsoap.org/soap/envelope/" xmlns:v1="http://fidus.brussels/service/accessmanagerservice/messages/v1" xmlns:v11="http://fidus.brussels/type/common/messages/v1" xmlns:v31="http://socialsecurity.be/umanentityrepresentative/types/v3">
   <soapenv:Header/>
   <soapenv:Body>
      <v1:getOrganisationDenominationRequest>
         <v1:messageContext>
         	  <v11:messageId>${=import static java.util.UUID.randomUUID; uuid = randomUUID() as String}</v11:messageId>
            <v11:timestamp>${=new java.text.SimpleDateFormat("yyyy-MM-dd'T'HH:mm:ss.SSS").format(new Date())}</v11:timestamp>
         </v1:messageContext>
         <v1:legalContext>ServiceIntegrator</v1:legalContext>
         <v1:request>
            <v1:Domain>QUAL_FED_HEALTHCARE</v1:Domain>
            <v1:OrganisationId>
               <v31:Identifier>1990000431</v31:Identifier>
               <v31:IdentifierType>BEEHP</v31:IdentifierType>
            </v1:OrganisationId>
            <v1:Language>nl</v1:Language>
         </v1:request>
      </v1:getOrganisationDenominationRequest>
   </soapenv:Body>
</soapenv:Envelope>]]></con:request><con:credentials><con:selectedAuthProfile>Basic</con:selectedAuthProfile><con:addedBasicAuthenticationTypes>Basic</con:addedBasicAuthenticationTypes><con:authType>Global HTTP Settings</con:authType></con:credentials><con:jmsConfig JMSDeliveryMode="PERSISTENT"/><con:jmsPropertyConfig/><con:wsaConfig mustUnderstand="NONE" version="200508" action="http://fidus.brussels/services/accessmanagerservice/getOrganisationDenomination"/><con:wsrmConfig version="1.2"/></con:call><con:call id="96aacf74-969e-4769-912a-465113a21574" name="5 - Prod - Worker1 - Request" incomingWss="Inflow PROD" outgoingWss="Outflow PROD"><con:settings><con:setting id="com.eviware.soapui.impl.wsdl.WsdlRequest@request-headers">&lt;xml-fragment/></con:setting></con:settings><con:encoding>UTF-8</con:encoding><con:endpoint>https://192.168.26.22:8443/services/AccessManagerService_v1.0</con:endpoint><con:request><![CDATA[<soapenv:Envelope xmlns:soapenv="http://schemas.xmlsoap.org/soap/envelope/" xmlns:v1="http://fidus.brussels/service/accessmanagerservice/messages/v1" xmlns:v11="http://fidus.brussels/type/common/messages/v1" xmlns:v31="http://socialsecurity.be/umanentityrepresentative/types/v3">
   <soapenv:Header/>
   <soapenv:Body>
      <v1:getOrganisationDenominationRequest>
         <v1:messageContext>
         	  <v11:messageId>${=import static java.util.UUID.randomUUID; uuid = randomUUID() as String}</v11:messageId>
            <v11:timestamp>${=new java.text.SimpleDateFormat("yyyy-MM-dd'T'HH:mm:ss.SSS").format(new Date())}</v11:timestamp>
         </v1:messageContext>
         <v1:legalContext>ServiceIntegrator</v1:legalContext>
         <v1:request>
            <v1:Domain>QUAL_FED_HEALTHCARE</v1:Domain>
            <v1:OrganisationId>
               <v31:Identifier>1990000431</v31:Identifier>
               <v31:IdentifierType>BEEHP</v31:IdentifierType>
            </v1:OrganisationId>
            <v1:Language>nl</v1:Language>
         </v1:request>
      </v1:getOrganisationDenominationRequest>
   </soapenv:Body>
</soapenv:Envelope>]]></con:request><con:credentials><con:selectedAuthProfile>Basic</con:selectedAuthProfile><con:addedBasicAuthenticationTypes>Basic</con:addedBasicAuthenticationTypes><con:authType>Global HTTP Settings</con:authType></con:credentials><con:jmsConfig JMSDeliveryMode="PERSISTENT"/><con:jmsPropertyConfig/><con:wsaConfig mustUnderstand="NONE" version="200508" action="http://fidus.brussels/services/accessmanagerservice/getOrganisationDenomination"/><con:wsrmConfig version="1.2"/></con:call><con:call id="4579b72a-0ac0-4c08-8f17-e9c91e6ce790" name="5 - Prod - Worker2 - Request" incomingWss="Inflow PROD" outgoingWss="Outflow PROD"><con:settings><con:setting id="com.eviware.soapui.impl.wsdl.WsdlRequest@request-headers">&lt;xml-fragment/></con:setting></con:settings><con:encoding>UTF-8</con:encoding><con:endpoint>https://192.168.26.19:8443/services/AccessManagerService_v1.0</con:endpoint><con:request><![CDATA[<soapenv:Envelope xmlns:soapenv="http://schemas.xmlsoap.org/soap/envelope/" xmlns:v1="http://fidus.brussels/service/accessmanagerservice/messages/v1" xmlns:v11="http://fidus.brussels/type/common/messages/v1" xmlns:v31="http://socialsecurity.be/umanentityrepresentative/types/v3">
   <soapenv:Header/>
   <soapenv:Body>
      <v1:getOrganisationDenominationRequest>
         <v1:messageContext>
         	  <v11:messageId>${=import static java.util.UUID.randomUUID; uuid = randomUUID() as String}</v11:messageId>
            <v11:timestamp>${=new java.text.SimpleDateFormat("yyyy-MM-dd'T'HH:mm:ss.SSS").format(new Date())}</v11:timestamp>
         </v1:messageContext>
         <v1:legalContext>ServiceIntegrator</v1:legalContext>
         <v1:request>
            <v1:Domain>QUAL_FED_HEALTHCARE</v1:Domain>
            <v1:OrganisationId>
               <v31:Identifier>1990000431</v31:Identifier>
               <v31:IdentifierType>BEEHP</v31:IdentifierType>
            </v1:OrganisationId>
            <v1:Language>nl</v1:Language>
         </v1:request>
      </v1:getOrganisationDenominationRequest>
   </soapenv:Body>
</soapenv:Envelope>]]></con:request><con:credentials><con:selectedAuthProfile>Basic</con:selectedAuthProfile><con:addedBasicAuthenticationTypes>Basic</con:addedBasicAuthenticationTypes><con:authType>Global HTTP Settings</con:authType></con:credentials><con:jmsConfig JMSDeliveryMode="PERSISTENT"/><con:jmsPropertyConfig/><con:wsaConfig mustUnderstand="NONE" version="200508" action="http://fidus.brussels/services/accessmanagerservice/getOrganisationDenomination"/><con:wsrmConfig version="1.2"/></con:call><con:call id="aaf6b797-2993-4f7e-a9d2-8205a308b424" name="3 - Test - Worker1New - Request"><con:settings><con:setting id="com.eviware.soapui.impl.wsdl.WsdlRequest@request-headers">&lt;xml-fragment/></con:setting></con:settings><con:encoding>UTF-8</con:encoding><con:endpoint>https://192.168.22.73:8443/services/AccessManagerService_v1.0</con:endpoint><con:request><![CDATA[<soapenv:Envelope xmlns:soapenv="http://schemas.xmlsoap.org/soap/envelope/" xmlns:v1="http://fidus.brussels/service/accessmanagerservice/messages/v1" xmlns:v11="http://fidus.brussels/type/common/messages/v1" xmlns:v31="http://socialsecurity.be/umanentityrepresentative/types/v3">
   <soapenv:Header/>
   <soapenv:Body>
      <v1:getOrganisationDenominationRequest>
         <v1:messageContext>
         	  <v11:messageId>${=import static java.util.UUID.randomUUID; uuid = randomUUID() as String}</v11:messageId>
            <v11:timestamp>${=new java.text.SimpleDateFormat("yyyy-MM-dd'T'HH:mm:ss.SSS").format(new Date())}</v11:timestamp>
         </v1:messageContext>
         <v1:legalContext>ServiceIntegrator</v1:legalContext>
         <v1:request>
            <v1:Domain>QUAL_FED_HEALTHCARE</v1:Domain>
            <v1:OrganisationId>
               <v31:Identifier>1990000431</v31:Identifier>
               <v31:IdentifierType>BEEHP</v31:IdentifierType>
            </v1:OrganisationId>
            <v1:Language>nl</v1:Language>
         </v1:request>
      </v1:getOrganisationDenominationRequest>
   </soapenv:Body>
</soapenv:Envelope>]]></con:request><con:credentials><con:selectedAuthProfile>Basic</con:selectedAuthProfile><con:addedBasicAuthenticationTypes>Basic</con:addedBasicAuthenticationTypes><con:authType>Global HTTP Settings</con:authType></con:credentials><con:jmsConfig JMSDeliveryMode="PERSISTENT"/><con:jmsPropertyConfig/><con:wsaConfig mustUnderstand="NONE" version="200508" action="http://fidus.brussels/services/accessmanagerservice/getOrganisationDenomination"/><con:wsrmConfig version="1.2"/></con:call><con:call id="207929f8-6392-4c07-af07-bbf96af9d8b3" name="3 - Test - Worker2New - Request" outgoingWss="Outflow TEST" incomingWss="Inflow TEST"><con:settings><con:setting id="com.eviware.soapui.impl.wsdl.WsdlRequest@request-headers">&lt;xml-fragment/></con:setting></con:settings><con:encoding>UTF-8</con:encoding><con:endpoint>https://192.168.22.93:8443/services/AccessManagerService_v1.0</con:endpoint><con:request><![CDATA[<soapenv:Envelope xmlns:soapenv="http://schemas.xmlsoap.org/soap/envelope/" xmlns:v1="http://fidus.brussels/service/accessmanagerservice/messages/v1" xmlns:v11="http://fidus.brussels/type/common/messages/v1" xmlns:v31="http://socialsecurity.be/umanentityrepresentative/types/v3">
   <soapenv:Header/>
   <soapenv:Body>
      <v1:getOrganisationDenominationRequest>
         <v1:messageContext>
         	  <v11:messageId>${=import static java.util.UUID.randomUUID; uuid = randomUUID() as String}</v11:messageId>
            <v11:timestamp>${=new java.text.SimpleDateFormat("yyyy-MM-dd'T'HH:mm:ss.SSS").format(new Date())}</v11:timestamp>
         </v1:messageContext>
         <v1:legalContext>ServiceIntegrator</v1:legalContext>
         <v1:request>
            <v1:Domain>QUAL_FED_HEALTHCARE</v1:Domain>
            <v1:OrganisationId>
               <v31:Identifier>1990000431</v31:Identifier>
               <v31:IdentifierType>BEEHP</v31:IdentifierType>
            </v1:OrganisationId>
            <v1:Language>nl</v1:Language>
         </v1:request>
      </v1:getOrganisationDenominationRequest>
   </soapenv:Body>
</soapenv:Envelope>]]></con:request><con:credentials><con:selectedAuthProfile>Basic</con:selectedAuthProfile><con:addedBasicAuthenticationTypes>Basic</con:addedBasicAuthenticationTypes><con:authType>Global HTTP Settings</con:authType></con:credentials><con:jmsConfig JMSDeliveryMode="PERSISTENT"/><con:jmsPropertyConfig/><con:wsaConfig mustUnderstand="NONE" version="200508" action="http://fidus.brussels/services/accessmanagerservice/getOrganisationDenomination"/><con:wsrmConfig version="1.2"/></con:call><con:call id="97e2748a-7e87-4a77-9b0c-b43fb2faea8d" name="4 - Staging - Worker1New - Request" outgoingWss="Outflow STAGING" incomingWss="Inflow STAGING"><con:settings><con:setting id="com.eviware.soapui.impl.wsdl.WsdlRequest@request-headers">&lt;xml-fragment/></con:setting></con:settings><con:encoding>UTF-8</con:encoding><con:endpoint>https://192.168.23.191:8443/services/AccessManagerService_v1.0</con:endpoint><con:request><![CDATA[<soapenv:Envelope xmlns:soapenv="http://schemas.xmlsoap.org/soap/envelope/" xmlns:v1="http://fidus.brussels/service/accessmanagerservice/messages/v1" xmlns:v11="http://fidus.brussels/type/common/messages/v1" xmlns:v31="http://socialsecurity.be/umanentityrepresentative/types/v3">
   <soapenv:Header/>
   <soapenv:Body>
      <v1:getOrganisationDenominationRequest>
         <v1:messageContext>
         	  <v11:messageId>${=import static java.util.UUID.randomUUID; uuid = randomUUID() as String}</v11:messageId>
            <v11:timestamp>${=new java.text.SimpleDateFormat("yyyy-MM-dd'T'HH:mm:ss.SSS").format(new Date())}</v11:timestamp>
         </v1:messageContext>
         <v1:legalContext>ServiceIntegrator</v1:legalContext>
         <v1:request>
            <v1:Domain>QUAL_FED_HEALTHCARE</v1:Domain>
            <v1:OrganisationId>
               <v31:Identifier>1990000431</v31:Identifier>
               <v31:IdentifierType>BEEHP</v31:IdentifierType>
            </v1:OrganisationId>
            <v1:Language>nl</v1:Language>
         </v1:request>
      </v1:getOrganisationDenominationRequest>
   </soapenv:Body>
</soapenv:Envelope>]]></con:request><con:credentials><con:selectedAuthProfile>Basic</con:selectedAuthProfile><con:addedBasicAuthenticationTypes>Basic</con:addedBasicAuthenticationTypes><con:authType>Global HTTP Settings</con:authType></con:credentials><con:jmsConfig JMSDeliveryMode="PERSISTENT"/><con:jmsPropertyConfig/><con:wsaConfig mustUnderstand="NONE" version="200508" action="http://fidus.brussels/services/accessmanagerservice/getOrganisationDenomination"/><con:wsrmConfig version="1.2"/></con:call><con:call id="20e216dc-08dc-4f3e-8c07-15e9984ea928" name="4 - Staging - Worker2New - Request" outgoingWss="Outflow STAGING" incomingWss="Inflow STAGING"><con:settings><con:setting id="com.eviware.soapui.impl.wsdl.WsdlRequest@request-headers">&lt;xml-fragment/></con:setting></con:settings><con:encoding>UTF-8</con:encoding><con:endpoint>https://192.168.23.198:8443/services/AccessManagerService_v1.0</con:endpoint><con:request><![CDATA[<soapenv:Envelope xmlns:soapenv="http://schemas.xmlsoap.org/soap/envelope/" xmlns:v1="http://fidus.brussels/service/accessmanagerservice/messages/v1" xmlns:v11="http://fidus.brussels/type/common/messages/v1" xmlns:v31="http://socialsecurity.be/umanentityrepresentative/types/v3">
   <soapenv:Header/>
   <soapenv:Body>
      <v1:getOrganisationDenominationRequest>
         <v1:messageContext>
         	  <v11:messageId>${=import static java.util.UUID.randomUUID; uuid = randomUUID() as String}</v11:messageId>
            <v11:timestamp>${=new java.text.SimpleDateFormat("yyyy-MM-dd'T'HH:mm:ss.SSS").format(new Date())}</v11:timestamp>
         </v1:messageContext>
         <v1:legalContext>ServiceIntegrator</v1:legalContext>
         <v1:request>
            <v1:Domain>QUAL_FED_HEALTHCARE</v1:Domain>
            <v1:OrganisationId>
               <v31:Identifier>1990000431</v31:Identifier>
               <v31:IdentifierType>BEEHP</v31:IdentifierType>
            </v1:OrganisationId>
            <v1:Language>nl</v1:Language>
         </v1:request>
      </v1:getOrganisationDenominationRequest>
   </soapenv:Body>
</soapenv:Envelope>]]></con:request><con:credentials><con:selectedAuthProfile>Basic</con:selectedAuthProfile><con:addedBasicAuthenticationTypes>Basic</con:addedBasicAuthenticationTypes><con:authType>Global HTTP Settings</con:authType></con:credentials><con:jmsConfig JMSDeliveryMode="PERSISTENT"/><con:jmsPropertyConfig/><con:wsaConfig mustUnderstand="NONE" version="200508" action="http://fidus.brussels/services/accessmanagerservice/getOrganisationDenomination"/><con:wsrmConfig version="1.2"/></con:call></con:operation><con:operation id="e1866b8c-dca5-4e06-9350-a0f094f4ecc3" isOneWay="false" action="http://fidus.brussels/services/accessmanagerservice/getOrganisationParentNodes" name="getOrganisationParentNodes" bindingOperationName="getOrganisationParentNodes" type="Request-Response" inputName="" receivesAttachments="false" sendsAttachments="false" anonymous="optional"><con:settings/><con:call id="e28ff8d5-fbd8-41a8-8f84-68148c6fcfb7" name="1 - Local - Request - OK" outgoingWss="Outflow DEV" incomingWss="Inflow DEV"><con:settings><con:setting id="com.eviware.soapui.impl.wsdl.WsdlRequest@request-headers">&lt;xml-fragment/></con:setting></con:settings><con:encoding>UTF-8</con:encoding><con:endpoint>https://localhost:8243/services/AccessManagerService_v1.0</con:endpoint><con:request><![CDATA[<soapenv:Envelope xmlns:soapenv="http://schemas.xmlsoap.org/soap/envelope/" xmlns:v1="http://fidus.brussels/service/accessmanagerservice/messages/v1" xmlns:v11="http://fidus.brussels/type/common/messages/v1" xmlns:v31="http://socialsecurity.be/umanentityrepresentative/types/v3">
   <soapenv:Header/>
   <soapenv:Body>
      <v1:getOrganisationParentNodesRequest>
         <v1:messageContext>
         	  <v11:messageId>${=import static java.util.UUID.randomUUID; uuid = randomUUID() as String}</v11:messageId>
            <v11:timestamp>${=new java.text.SimpleDateFormat("yyyy-MM-dd'T'HH:mm:ss.SSS").format(new Date())}</v11:timestamp>
         </v1:messageContext>
         <v1:legalContext>ServiceIntegrator</v1:legalContext>
         <v1:request>
            <v1:Domain>QUAL_FED_HEALTHCARE</v1:Domain>
            <v1:OrganisationId>
               <v31:Identifier>1990000431</v31:Identifier>
               <v31:IdentifierType>BEEHP</v31:IdentifierType>
            </v1:OrganisationId>
            <v1:Language>nl</v1:Language>
         </v1:request>
      </v1:getOrganisationParentNodesRequest>
   </soapenv:Body>
</soapenv:Envelope>]]></con:request><con:credentials><con:selectedAuthProfile>Basic</con:selectedAuthProfile><con:addedBasicAuthenticationTypes>Basic</con:addedBasicAuthenticationTypes><con:authType>Global HTTP Settings</con:authType></con:credentials><con:jmsConfig JMSDeliveryMode="PERSISTENT"/><con:jmsPropertyConfig/><con:wsaConfig mustUnderstand="NONE" version="200508" action="http://fidus.brussels/services/accessmanagerservice/getOrganisationParentNodes"/><con:wsrmConfig version="1.2"/></con:call><con:call id="26e7385f-7455-463b-82d5-f08309a00b91" name="2 - Dev - Request - OK" incomingWss="Inflow DEV" outgoingWss="Outflow DEV"><con:settings><con:setting id="com.eviware.soapui.impl.wsdl.WsdlRequest@request-headers">&lt;xml-fragment/></con:setting></con:settings><con:encoding>UTF-8</con:encoding><con:endpoint>https://192.168.36.61:8243/services/AccessManagerService_v1.0</con:endpoint><con:request><![CDATA[<soapenv:Envelope xmlns:soapenv="http://schemas.xmlsoap.org/soap/envelope/" xmlns:v1="http://fidus.brussels/service/accessmanagerservice/messages/v1" xmlns:v11="http://fidus.brussels/type/common/messages/v1" xmlns:v31="http://socialsecurity.be/umanentityrepresentative/types/v3">
   <soapenv:Header/>
   <soapenv:Body>
      <v1:getOrganisationParentNodesRequest>
         <v1:messageContext>
         	  <v11:messageId>${=import static java.util.UUID.randomUUID; uuid = randomUUID() as String}</v11:messageId>
            <v11:timestamp>${=new java.text.SimpleDateFormat("yyyy-MM-dd'T'HH:mm:ss.SSS").format(new Date())}</v11:timestamp>
         </v1:messageContext>
         <v1:legalContext>ServiceIntegrator</v1:legalContext>
         <v1:request>
            <v1:Domain>QUAL_FED_HEALTHCARE</v1:Domain>
            <v1:OrganisationId>
               <v31:Identifier>1990000431</v31:Identifier>
               <v31:IdentifierType>BEEHP</v31:IdentifierType>
            </v1:OrganisationId>
            <v1:Language>nl</v1:Language>
         </v1:request>
      </v1:getOrganisationParentNodesRequest>
   </soapenv:Body>
</soapenv:Envelope>]]></con:request><con:credentials><con:selectedAuthProfile>Basic</con:selectedAuthProfile><con:addedBasicAuthenticationTypes>Basic</con:addedBasicAuthenticationTypes><con:authType>Global HTTP Settings</con:authType></con:credentials><con:jmsConfig JMSDeliveryMode="PERSISTENT"/><con:jmsPropertyConfig/><con:wsaConfig mustUnderstand="NONE" version="200508" action="http://fidus.brussels/services/accessmanagerservice/getOrganisationParentNodes"/><con:wsrmConfig version="1.2"/></con:call><con:call id="5b54fcb3-632b-4f86-90bf-49e4f5c5b0cf" name="3 - Test - LB - Request" outgoingWss="Outflow TEST" incomingWss="Inflow TEST"><con:settings><con:setting id="com.eviware.soapui.impl.wsdl.WsdlRequest@request-headers">&lt;xml-fragment/></con:setting></con:settings><con:encoding>UTF-8</con:encoding><con:endpoint>https://esb-security-gw.sta.srv.cirb.lan:8443/services/AccessManagerService_v1.0</con:endpoint><con:request><![CDATA[<soapenv:Envelope xmlns:soapenv="http://schemas.xmlsoap.org/soap/envelope/" xmlns:v1="http://fidus.brussels/service/accessmanagerservice/messages/v1" xmlns:v11="http://fidus.brussels/type/common/messages/v1" xmlns:v31="http://socialsecurity.be/umanentityrepresentative/types/v3">
   <soapenv:Header/>
   <soapenv:Body>
      <v1:getOrganisationParentNodesRequest>
         <v1:messageContext>
         	  <v11:messageId>${=import static java.util.UUID.randomUUID; uuid = randomUUID() as String}</v11:messageId>
            <v11:timestamp>${=new java.text.SimpleDateFormat("yyyy-MM-dd'T'HH:mm:ss.SSS").format(new Date())}</v11:timestamp>
         </v1:messageContext>
         <v1:legalContext>ServiceIntegrator</v1:legalContext>
         <v1:request>
            <v1:Domain>QUAL_FED_HEALTHCARE</v1:Domain>
            <v1:OrganisationId>
               <v31:Identifier>1990000431</v31:Identifier>
               <v31:IdentifierType>BEEHP</v31:IdentifierType>
            </v1:OrganisationId>
            <v1:Language>nl</v1:Language>
         </v1:request>
      </v1:getOrganisationParentNodesRequest>
   </soapenv:Body>
</soapenv:Envelope>]]></con:request><con:credentials><con:selectedAuthProfile>Basic</con:selectedAuthProfile><con:addedBasicAuthenticationTypes>Basic</con:addedBasicAuthenticationTypes><con:authType>Global HTTP Settings</con:authType></con:credentials><con:jmsConfig JMSDeliveryMode="PERSISTENT"/><con:jmsPropertyConfig/><con:wsaConfig mustUnderstand="NONE" version="200508" action="http://fidus.brussels/services/accessmanagerservice/getOrganisationParentNodes"/><con:wsrmConfig version="1.2"/></con:call><con:call id="52c647c2-0da2-484a-af9f-413cfd3a3fbe" name="4 - Staging - LB - Request" incomingWss="Inflow STAGING" outgoingWss="Outflow STAGING"><con:settings><con:setting id="com.eviware.soapui.impl.wsdl.WsdlRequest@request-headers">&lt;xml-fragment/></con:setting></con:settings><con:encoding>UTF-8</con:encoding><con:endpoint>https://fidus-esb-sg.sta.srv.cirb.lan:8443/services/AccessManagerService_v1.0</con:endpoint><con:request><![CDATA[<soapenv:Envelope xmlns:soapenv="http://schemas.xmlsoap.org/soap/envelope/" xmlns:v1="http://fidus.brussels/service/accessmanagerservice/messages/v1" xmlns:v11="http://fidus.brussels/type/common/messages/v1" xmlns:v31="http://socialsecurity.be/umanentityrepresentative/types/v3">
   <soapenv:Header/>
   <soapenv:Body>
      <v1:getOrganisationParentNodesRequest>
         <v1:messageContext>
         	  <v11:messageId>${=import static java.util.UUID.randomUUID; uuid = randomUUID() as String}</v11:messageId>
            <v11:timestamp>${=new java.text.SimpleDateFormat("yyyy-MM-dd'T'HH:mm:ss.SSS").format(new Date())}</v11:timestamp>
         </v1:messageContext>
         <v1:legalContext>ServiceIntegrator</v1:legalContext>
         <v1:request>
            <v1:Domain>QUAL_FED_HEALTHCARE</v1:Domain>
            <v1:OrganisationId>
               <v31:Identifier>1990000431</v31:Identifier>
               <v31:IdentifierType>BEEHP</v31:IdentifierType>
            </v1:OrganisationId>
            <v1:Language>nl</v1:Language>
         </v1:request>
      </v1:getOrganisationParentNodesRequest>
   </soapenv:Body>
</soapenv:Envelope>]]></con:request><con:credentials><con:selectedAuthProfile>Basic</con:selectedAuthProfile><con:addedBasicAuthenticationTypes>Basic</con:addedBasicAuthenticationTypes><con:authType>Global HTTP Settings</con:authType></con:credentials><con:jmsConfig JMSDeliveryMode="PERSISTENT"/><con:jmsPropertyConfig/><con:wsaConfig mustUnderstand="NONE" version="200508" action="http://fidus.brussels/services/accessmanagerservice/getOrganisationParentNodes"/><con:wsrmConfig version="1.2"/></con:call><con:call id="8e9307a6-6c44-4809-bfb5-409c5394e29b" name="5 - Prod - External - Request" incomingWss="Inflow PROD" outgoingWss="Outflow PROD"><con:settings><con:setting id="com.eviware.soapui.impl.wsdl.WsdlRequest@request-headers">&lt;xml-fragment/></con:setting></con:settings><con:encoding>UTF-8</con:encoding><con:endpoint>https://fidus-esb-sg.prd.srv.cirb.lan:8443/services/AccessManagerService_v1.0</con:endpoint><con:request><![CDATA[<soapenv:Envelope xmlns:soapenv="http://schemas.xmlsoap.org/soap/envelope/" xmlns:v1="http://fidus.brussels/service/accessmanagerservice/messages/v1" xmlns:v11="http://fidus.brussels/type/common/messages/v1" xmlns:v31="http://socialsecurity.be/umanentityrepresentative/types/v3">
   <soapenv:Header/>
   <soapenv:Body>
      <v1:getOrganisationParentNodesRequest>
         <v1:messageContext>
         	  <v11:messageId>${=import static java.util.UUID.randomUUID; uuid = randomUUID() as String}</v11:messageId>
            <v11:timestamp>${=new java.text.SimpleDateFormat("yyyy-MM-dd'T'HH:mm:ss.SSS").format(new Date())}</v11:timestamp>
         </v1:messageContext>
         <v1:legalContext>ServiceIntegrator</v1:legalContext>
         <v1:request>
            <v1:Domain>QUAL_FED_HEALTHCARE</v1:Domain>
            <v1:OrganisationId>
               <v31:Identifier>1990000431</v31:Identifier>
               <v31:IdentifierType>BEEHP</v31:IdentifierType>
            </v1:OrganisationId>
            <v1:Language>nl</v1:Language>
         </v1:request>
      </v1:getOrganisationParentNodesRequest>
   </soapenv:Body>
</soapenv:Envelope>]]></con:request><con:credentials><con:selectedAuthProfile>Basic</con:selectedAuthProfile><con:addedBasicAuthenticationTypes>Basic</con:addedBasicAuthenticationTypes><con:authType>Global HTTP Settings</con:authType></con:credentials><con:jmsConfig JMSDeliveryMode="PERSISTENT"/><con:jmsPropertyConfig/><con:wsaConfig mustUnderstand="NONE" version="200508" action="http://fidus.brussels/services/accessmanagerservice/getOrganisationParentNodes"/><con:wsrmConfig version="1.2"/></con:call><con:call id="808892cc-8f1e-49a4-a9dd-1f1a85417b8b" name="1 - Local - Request - Not Found" incomingWss="Inflow DEV" outgoingWss="Outflow DEV"><con:settings><con:setting id="com.eviware.soapui.impl.wsdl.WsdlRequest@request-headers">&lt;xml-fragment/></con:setting></con:settings><con:encoding>UTF-8</con:encoding><con:endpoint>https://localhost:8243/services/AccessManagerService_v1.0</con:endpoint><con:request><![CDATA[<soapenv:Envelope xmlns:soapenv="http://schemas.xmlsoap.org/soap/envelope/" xmlns:v1="http://fidus.brussels/service/accessmanagerservice/messages/v1" xmlns:v11="http://fidus.brussels/type/common/messages/v1" xmlns:v31="http://socialsecurity.be/umanentityrepresentative/types/v3">
   <soapenv:Header/>
   <soapenv:Body>
      <v1:getOrganisationParentNodesRequest>
         <v1:messageContext>
         	  <v11:messageId>${=import static java.util.UUID.randomUUID; uuid = randomUUID() as String}</v11:messageId>
            <v11:timestamp>${=new java.text.SimpleDateFormat("yyyy-MM-dd'T'HH:mm:ss.SSS").format(new Date())}</v11:timestamp>
         </v1:messageContext>
         <v1:legalContext>ServiceIntegrator</v1:legalContext>
         <v1:request>
            <v1:Domain>CHEMISTRY</v1:Domain>
            <v1:OrganisationId>
               <v31:Identifier>1990000431</v31:Identifier>
               <v31:IdentifierType>BEEHP</v31:IdentifierType>
            </v1:OrganisationId>
            <v1:Language>nl</v1:Language>
         </v1:request>
      </v1:getOrganisationParentNodesRequest>
   </soapenv:Body>
</soapenv:Envelope>]]></con:request><con:credentials><con:selectedAuthProfile>Basic</con:selectedAuthProfile><con:addedBasicAuthenticationTypes>Basic</con:addedBasicAuthenticationTypes><con:authType>Global HTTP Settings</con:authType></con:credentials><con:jmsConfig JMSDeliveryMode="PERSISTENT"/><con:jmsPropertyConfig/><con:wsaConfig mustUnderstand="NONE" version="200508" action="http://fidus.brussels/services/accessmanagerservice/getOrganisationParentNodes"/><con:wsrmConfig version="1.2"/></con:call><con:call id="13c53e7f-65c6-4f13-a1a2-99b04a861c84" name="2 - Dev - Request - Not Found" incomingWss="Inflow DEV" outgoingWss="Outflow DEV"><con:settings><con:setting id="com.eviware.soapui.impl.wsdl.WsdlRequest@request-headers">&lt;xml-fragment/></con:setting></con:settings><con:encoding>UTF-8</con:encoding><con:endpoint>https://192.168.36.61:8243/services/AccessManagerService_v1.0</con:endpoint><con:request><![CDATA[<soapenv:Envelope xmlns:soapenv="http://schemas.xmlsoap.org/soap/envelope/" xmlns:v1="http://fidus.brussels/service/accessmanagerservice/messages/v1" xmlns:v11="http://fidus.brussels/type/common/messages/v1" xmlns:v31="http://socialsecurity.be/umanentityrepresentative/types/v3">
   <soapenv:Header/>
   <soapenv:Body>
      <v1:getOrganisationParentNodesRequest>
         <v1:messageContext>
         	  <v11:messageId>${=import static java.util.UUID.randomUUID; uuid = randomUUID() as String}</v11:messageId>
            <v11:timestamp>${=new java.text.SimpleDateFormat("yyyy-MM-dd'T'HH:mm:ss.SSS").format(new Date())}</v11:timestamp>
         </v1:messageContext>
         <v1:legalContext>ServiceIntegrator</v1:legalContext>
         <v1:request>
            <v1:Domain>CHEMISTRY</v1:Domain>
            <v1:OrganisationId>
               <v31:Identifier>1990000431</v31:Identifier>
               <v31:IdentifierType>BEEHP</v31:IdentifierType>
            </v1:OrganisationId>
            <v1:Language>nl</v1:Language>
         </v1:request>
      </v1:getOrganisationParentNodesRequest>
   </soapenv:Body>
</soapenv:Envelope>]]></con:request><con:credentials><con:selectedAuthProfile>Basic</con:selectedAuthProfile><con:addedBasicAuthenticationTypes>Basic</con:addedBasicAuthenticationTypes><con:authType>Global HTTP Settings</con:authType></con:credentials><con:jmsConfig JMSDeliveryMode="PERSISTENT"/><con:jmsPropertyConfig/><con:wsaConfig mustUnderstand="NONE" version="200508" action="http://fidus.brussels/services/accessmanagerservice/getOrganisationParentNodes"/><con:wsrmConfig version="1.2"/></con:call><con:call id="bbd26555-c193-423b-99af-27e31472216c" name="3 - Test - Worker1 - Request" outgoingWss="Outflow TEST" incomingWss="Inflow TEST"><con:settings><con:setting id="com.eviware.soapui.impl.wsdl.WsdlRequest@request-headers">&lt;xml-fragment/></con:setting></con:settings><con:encoding>UTF-8</con:encoding><con:endpoint>https://192.168.22.53:8443/services/AccessManagerService_v1.0</con:endpoint><con:request><![CDATA[<soapenv:Envelope xmlns:soapenv="http://schemas.xmlsoap.org/soap/envelope/" xmlns:v1="http://fidus.brussels/service/accessmanagerservice/messages/v1" xmlns:v11="http://fidus.brussels/type/common/messages/v1" xmlns:v31="http://socialsecurity.be/umanentityrepresentative/types/v3">
   <soapenv:Header/>
   <soapenv:Body>
      <v1:getOrganisationParentNodesRequest>
         <v1:messageContext>
         	  <v11:messageId>${=import static java.util.UUID.randomUUID; uuid = randomUUID() as String}</v11:messageId>
            <v11:timestamp>${=new java.text.SimpleDateFormat("yyyy-MM-dd'T'HH:mm:ss.SSS").format(new Date())}</v11:timestamp>
         </v1:messageContext>
         <v1:legalContext>ServiceIntegrator</v1:legalContext>
         <v1:request>
            <v1:Domain>QUAL_FED_HEALTHCARE</v1:Domain>
            <v1:OrganisationId>
               <v31:Identifier>1990000431</v31:Identifier>
               <v31:IdentifierType>BEEHP</v31:IdentifierType>
            </v1:OrganisationId>
            <v1:Language>nl</v1:Language>
         </v1:request>
      </v1:getOrganisationParentNodesRequest>
   </soapenv:Body>
</soapenv:Envelope>]]></con:request><con:credentials><con:selectedAuthProfile>Basic</con:selectedAuthProfile><con:addedBasicAuthenticationTypes>Basic</con:addedBasicAuthenticationTypes><con:authType>Global HTTP Settings</con:authType></con:credentials><con:jmsConfig JMSDeliveryMode="PERSISTENT"/><con:jmsPropertyConfig/><con:wsaConfig mustUnderstand="NONE" version="200508" action="http://fidus.brussels/services/accessmanagerservice/getOrganisationParentNodes"/><con:wsrmConfig version="1.2"/></con:call><con:call id="34f363e1-f424-47ab-8ba5-3c4e36cf2412" name="3 - Test - Worker2 - Request" outgoingWss="Outflow TEST" incomingWss="Inflow TEST"><con:settings><con:setting id="com.eviware.soapui.impl.wsdl.WsdlRequest@request-headers">&lt;xml-fragment/></con:setting></con:settings><con:encoding>UTF-8</con:encoding><con:endpoint>https://192.168.22.54:8443/services/AccessManagerService_v1.0</con:endpoint><con:request><![CDATA[<soapenv:Envelope xmlns:soapenv="http://schemas.xmlsoap.org/soap/envelope/" xmlns:v1="http://fidus.brussels/service/accessmanagerservice/messages/v1" xmlns:v11="http://fidus.brussels/type/common/messages/v1" xmlns:v31="http://socialsecurity.be/umanentityrepresentative/types/v3">
   <soapenv:Header/>
   <soapenv:Body>
      <v1:getOrganisationParentNodesRequest>
         <v1:messageContext>
         	  <v11:messageId>${=import static java.util.UUID.randomUUID; uuid = randomUUID() as String}</v11:messageId>
            <v11:timestamp>${=new java.text.SimpleDateFormat("yyyy-MM-dd'T'HH:mm:ss.SSS").format(new Date())}</v11:timestamp>
         </v1:messageContext>
         <v1:legalContext>ServiceIntegrator</v1:legalContext>
         <v1:request>
            <v1:Domain>QUAL_FED_HEALTHCARE</v1:Domain>
            <v1:OrganisationId>
               <v31:Identifier>1990000431</v31:Identifier>
               <v31:IdentifierType>BEEHP</v31:IdentifierType>
            </v1:OrganisationId>
            <v1:Language>nl</v1:Language>
         </v1:request>
      </v1:getOrganisationParentNodesRequest>
   </soapenv:Body>
</soapenv:Envelope>]]></con:request><con:credentials><con:selectedAuthProfile>Basic</con:selectedAuthProfile><con:addedBasicAuthenticationTypes>Basic</con:addedBasicAuthenticationTypes><con:authType>Global HTTP Settings</con:authType></con:credentials><con:jmsConfig JMSDeliveryMode="PERSISTENT"/><con:jmsPropertyConfig/><con:wsaConfig mustUnderstand="NONE" version="200508" action="http://fidus.brussels/services/accessmanagerservice/getOrganisationParentNodes"/><con:wsrmConfig version="1.2"/></con:call><con:call id="22b13242-19e0-43c0-ba42-2d64bb8c1fce" name="4 - Staging - Worker1 - Request" incomingWss="Inflow STAGING" outgoingWss="Outflow STAGING"><con:settings><con:setting id="com.eviware.soapui.impl.wsdl.WsdlRequest@request-headers">&lt;xml-fragment/></con:setting></con:settings><con:encoding>UTF-8</con:encoding><con:endpoint>https://192.168.24.16:8443/services/AccessManagerService_v1.0</con:endpoint><con:request><![CDATA[<soapenv:Envelope xmlns:soapenv="http://schemas.xmlsoap.org/soap/envelope/" xmlns:v1="http://fidus.brussels/service/accessmanagerservice/messages/v1" xmlns:v11="http://fidus.brussels/type/common/messages/v1" xmlns:v31="http://socialsecurity.be/umanentityrepresentative/types/v3">
   <soapenv:Header/>
   <soapenv:Body>
      <v1:getOrganisationParentNodesRequest>
         <v1:messageContext>
         	  <v11:messageId>${=import static java.util.UUID.randomUUID; uuid = randomUUID() as String}</v11:messageId>
            <v11:timestamp>${=new java.text.SimpleDateFormat("yyyy-MM-dd'T'HH:mm:ss.SSS").format(new Date())}</v11:timestamp>
         </v1:messageContext>
         <v1:legalContext>ServiceIntegrator</v1:legalContext>
         <v1:request>
            <v1:Domain>QUAL_FED_HEALTHCARE</v1:Domain>
            <v1:OrganisationId>
               <v31:Identifier>1990000431</v31:Identifier>
               <v31:IdentifierType>BEEHP</v31:IdentifierType>
            </v1:OrganisationId>
            <v1:Language>nl</v1:Language>
         </v1:request>
      </v1:getOrganisationParentNodesRequest>
   </soapenv:Body>
</soapenv:Envelope>]]></con:request><con:credentials><con:selectedAuthProfile>Basic</con:selectedAuthProfile><con:addedBasicAuthenticationTypes>Basic</con:addedBasicAuthenticationTypes><con:authType>Global HTTP Settings</con:authType></con:credentials><con:jmsConfig JMSDeliveryMode="PERSISTENT"/><con:jmsPropertyConfig/><con:wsaConfig mustUnderstand="NONE" version="200508" action="http://fidus.brussels/services/accessmanagerservice/getOrganisationParentNodes"/><con:wsrmConfig version="1.2"/></con:call><con:call id="ecdad1d7-a620-4f85-baea-cbd4648019fe" name="4 - Staging - Worker2 - Request" incomingWss="Inflow STAGING" outgoingWss="Outflow STAGING"><con:settings><con:setting id="com.eviware.soapui.impl.wsdl.WsdlRequest@request-headers">&lt;xml-fragment/></con:setting></con:settings><con:encoding>UTF-8</con:encoding><con:endpoint>https://192.168.24.17:8443/services/AccessManagerService_v1.0</con:endpoint><con:request><![CDATA[<soapenv:Envelope xmlns:soapenv="http://schemas.xmlsoap.org/soap/envelope/" xmlns:v1="http://fidus.brussels/service/accessmanagerservice/messages/v1" xmlns:v11="http://fidus.brussels/type/common/messages/v1" xmlns:v31="http://socialsecurity.be/umanentityrepresentative/types/v3">
   <soapenv:Header/>
   <soapenv:Body>
      <v1:getOrganisationParentNodesRequest>
         <v1:messageContext>
         	  <v11:messageId>${=import static java.util.UUID.randomUUID; uuid = randomUUID() as String}</v11:messageId>
            <v11:timestamp>${=new java.text.SimpleDateFormat("yyyy-MM-dd'T'HH:mm:ss.SSS").format(new Date())}</v11:timestamp>
         </v1:messageContext>
         <v1:legalContext>ServiceIntegrator</v1:legalContext>
         <v1:request>
            <v1:Domain>QUAL_FED_HEALTHCARE</v1:Domain>
            <v1:OrganisationId>
               <v31:Identifier>1990000431</v31:Identifier>
               <v31:IdentifierType>BEEHP</v31:IdentifierType>
            </v1:OrganisationId>
            <v1:Language>nl</v1:Language>
         </v1:request>
      </v1:getOrganisationParentNodesRequest>
   </soapenv:Body>
</soapenv:Envelope>]]></con:request><con:credentials><con:selectedAuthProfile>Basic</con:selectedAuthProfile><con:addedBasicAuthenticationTypes>Basic</con:addedBasicAuthenticationTypes><con:authType>Global HTTP Settings</con:authType></con:credentials><con:jmsConfig JMSDeliveryMode="PERSISTENT"/><con:jmsPropertyConfig/><con:wsaConfig mustUnderstand="NONE" version="200508" action="http://fidus.brussels/services/accessmanagerservice/getOrganisationParentNodes"/><con:wsrmConfig version="1.2"/></con:call><con:call id="f44ce7cc-4ab6-44f6-ba07-c67facdd5f96" name="5 - Prod - LB - Request" incomingWss="Inflow PROD" outgoingWss="Outflow PROD"><con:settings><con:setting id="com.eviware.soapui.impl.wsdl.WsdlRequest@request-headers">&lt;xml-fragment/></con:setting></con:settings><con:encoding>UTF-8</con:encoding><con:endpoint>https://fidus-esb-sg.prd.srv.cirb.lan:8443/services/AccessManagerService_v1.0</con:endpoint><con:request><![CDATA[<soapenv:Envelope xmlns:soapenv="http://schemas.xmlsoap.org/soap/envelope/" xmlns:v1="http://fidus.brussels/service/accessmanagerservice/messages/v1" xmlns:v11="http://fidus.brussels/type/common/messages/v1" xmlns:v31="http://socialsecurity.be/umanentityrepresentative/types/v3">
   <soapenv:Header/>
   <soapenv:Body>
      <v1:getOrganisationParentNodesRequest>
         <v1:messageContext>
         	  <v11:messageId>${=import static java.util.UUID.randomUUID; uuid = randomUUID() as String}</v11:messageId>
            <v11:timestamp>${=new java.text.SimpleDateFormat("yyyy-MM-dd'T'HH:mm:ss.SSS").format(new Date())}</v11:timestamp>
         </v1:messageContext>
         <v1:legalContext>ServiceIntegrator</v1:legalContext>
         <v1:request>
            <v1:Domain>QUAL_FED_HEALTHCARE</v1:Domain>
            <v1:OrganisationId>
               <v31:Identifier>1990000431</v31:Identifier>
               <v31:IdentifierType>BEEHP</v31:IdentifierType>
            </v1:OrganisationId>
            <v1:Language>nl</v1:Language>
         </v1:request>
      </v1:getOrganisationParentNodesRequest>
   </soapenv:Body>
</soapenv:Envelope>]]></con:request><con:credentials><con:selectedAuthProfile>Basic</con:selectedAuthProfile><con:addedBasicAuthenticationTypes>Basic</con:addedBasicAuthenticationTypes><con:authType>Global HTTP Settings</con:authType></con:credentials><con:jmsConfig JMSDeliveryMode="PERSISTENT"/><con:jmsPropertyConfig/><con:wsaConfig mustUnderstand="NONE" version="200508" action="http://fidus.brussels/services/accessmanagerservice/getOrganisationParentNodes"/><con:wsrmConfig version="1.2"/></con:call><con:call id="45e75470-6021-4ee3-b243-87bc1de6f55c" name="5 - Prod - Worker1 - Request" incomingWss="Inflow PROD" outgoingWss="Outflow PROD"><con:settings><con:setting id="com.eviware.soapui.impl.wsdl.WsdlRequest@request-headers">&lt;xml-fragment/></con:setting></con:settings><con:encoding>UTF-8</con:encoding><con:endpoint>https://192.168.26.22:8443/services/AccessManagerService_v1.0</con:endpoint><con:request><![CDATA[<soapenv:Envelope xmlns:soapenv="http://schemas.xmlsoap.org/soap/envelope/" xmlns:v1="http://fidus.brussels/service/accessmanagerservice/messages/v1" xmlns:v11="http://fidus.brussels/type/common/messages/v1" xmlns:v31="http://socialsecurity.be/umanentityrepresentative/types/v3">
   <soapenv:Header/>
   <soapenv:Body>
      <v1:getOrganisationParentNodesRequest>
         <v1:messageContext>
         	  <v11:messageId>${=import static java.util.UUID.randomUUID; uuid = randomUUID() as String}</v11:messageId>
            <v11:timestamp>${=new java.text.SimpleDateFormat("yyyy-MM-dd'T'HH:mm:ss.SSS").format(new Date())}</v11:timestamp>
         </v1:messageContext>
         <v1:legalContext>ServiceIntegrator</v1:legalContext>
         <v1:request>
            <v1:Domain>QUAL_FED_HEALTHCARE</v1:Domain>
            <v1:OrganisationId>
               <v31:Identifier>1990000431</v31:Identifier>
               <v31:IdentifierType>BEEHP</v31:IdentifierType>
            </v1:OrganisationId>
            <v1:Language>nl</v1:Language>
         </v1:request>
      </v1:getOrganisationParentNodesRequest>
   </soapenv:Body>
</soapenv:Envelope>]]></con:request><con:credentials><con:selectedAuthProfile>Basic</con:selectedAuthProfile><con:addedBasicAuthenticationTypes>Basic</con:addedBasicAuthenticationTypes><con:authType>Global HTTP Settings</con:authType></con:credentials><con:jmsConfig JMSDeliveryMode="PERSISTENT"/><con:jmsPropertyConfig/><con:wsaConfig mustUnderstand="NONE" version="200508" action="http://fidus.brussels/services/accessmanagerservice/getOrganisationParentNodes"/><con:wsrmConfig version="1.2"/></con:call><con:call id="e72117d7-a6e2-4550-85b9-95ccbd5de9e0" name="5 - Prod - Worker2 - Request" incomingWss="Inflow PROD" outgoingWss="Outflow PROD"><con:settings><con:setting id="com.eviware.soapui.impl.wsdl.WsdlRequest@request-headers">&lt;xml-fragment/></con:setting></con:settings><con:encoding>UTF-8</con:encoding><con:endpoint>https://192.168.26.19:8443/services/AccessManagerService_v1.0</con:endpoint><con:request><![CDATA[<soapenv:Envelope xmlns:soapenv="http://schemas.xmlsoap.org/soap/envelope/" xmlns:v1="http://fidus.brussels/service/accessmanagerservice/messages/v1" xmlns:v11="http://fidus.brussels/type/common/messages/v1" xmlns:v31="http://socialsecurity.be/umanentityrepresentative/types/v3">
   <soapenv:Header/>
   <soapenv:Body>
      <v1:getOrganisationParentNodesRequest>
         <v1:messageContext>
         	  <v11:messageId>${=import static java.util.UUID.randomUUID; uuid = randomUUID() as String}</v11:messageId>
            <v11:timestamp>${=new java.text.SimpleDateFormat("yyyy-MM-dd'T'HH:mm:ss.SSS").format(new Date())}</v11:timestamp>
         </v1:messageContext>
         <v1:legalContext>ServiceIntegrator</v1:legalContext>
         <v1:request>
            <v1:Domain>QUAL_FED_HEALTHCARE</v1:Domain>
            <v1:OrganisationId>
               <v31:Identifier>1990000431</v31:Identifier>
               <v31:IdentifierType>BEEHP</v31:IdentifierType>
            </v1:OrganisationId>
            <v1:Language>nl</v1:Language>
         </v1:request>
      </v1:getOrganisationParentNodesRequest>
   </soapenv:Body>
</soapenv:Envelope>]]></con:request><con:credentials><con:selectedAuthProfile>Basic</con:selectedAuthProfile><con:addedBasicAuthenticationTypes>Basic</con:addedBasicAuthenticationTypes><con:authType>Global HTTP Settings</con:authType></con:credentials><con:jmsConfig JMSDeliveryMode="PERSISTENT"/><con:jmsPropertyConfig/><con:wsaConfig mustUnderstand="NONE" version="200508" action="http://fidus.brussels/services/accessmanagerservice/getOrganisationParentNodes"/><con:wsrmConfig version="1.2"/></con:call><con:call id="5c476206-cd68-42bf-9e5b-1e24cb62ec49" name="3 - Test - Worker1New - Request" outgoingWss="Outflow TEST" incomingWss="Inflow TEST"><con:settings><con:setting id="com.eviware.soapui.impl.wsdl.WsdlRequest@request-headers">&lt;xml-fragment/></con:setting></con:settings><con:encoding>UTF-8</con:encoding><con:endpoint>https://192.168.22.73:8443/services/AccessManagerService_v1.0</con:endpoint><con:request><![CDATA[<soapenv:Envelope xmlns:soapenv="http://schemas.xmlsoap.org/soap/envelope/" xmlns:v1="http://fidus.brussels/service/accessmanagerservice/messages/v1" xmlns:v11="http://fidus.brussels/type/common/messages/v1" xmlns:v31="http://socialsecurity.be/umanentityrepresentative/types/v3">
   <soapenv:Header/>
   <soapenv:Body>
      <v1:getOrganisationParentNodesRequest>
         <v1:messageContext>
         	  <v11:messageId>${=import static java.util.UUID.randomUUID; uuid = randomUUID() as String}</v11:messageId>
            <v11:timestamp>${=new java.text.SimpleDateFormat("yyyy-MM-dd'T'HH:mm:ss.SSS").format(new Date())}</v11:timestamp>
         </v1:messageContext>
         <v1:legalContext>ServiceIntegrator</v1:legalContext>
         <v1:request>
            <v1:Domain>QUAL_FED_HEALTHCARE</v1:Domain>
            <v1:OrganisationId>
               <v31:Identifier>1990000431</v31:Identifier>
               <v31:IdentifierType>BEEHP</v31:IdentifierType>
            </v1:OrganisationId>
            <v1:Language>nl</v1:Language>
         </v1:request>
      </v1:getOrganisationParentNodesRequest>
   </soapenv:Body>
</soapenv:Envelope>]]></con:request><con:credentials><con:selectedAuthProfile>Basic</con:selectedAuthProfile><con:addedBasicAuthenticationTypes>Basic</con:addedBasicAuthenticationTypes><con:authType>Global HTTP Settings</con:authType></con:credentials><con:jmsConfig JMSDeliveryMode="PERSISTENT"/><con:jmsPropertyConfig/><con:wsaConfig mustUnderstand="NONE" version="200508" action="http://fidus.brussels/services/accessmanagerservice/getOrganisationParentNodes"/><con:wsrmConfig version="1.2"/></con:call><con:call id="18ae9fdc-2b0f-4b2e-ad47-986f1fb373ea" name="3 - Test - Worker2New - Request" outgoingWss="Outflow TEST" incomingWss="Inflow TEST"><con:settings><con:setting id="com.eviware.soapui.impl.wsdl.WsdlRequest@request-headers">&lt;xml-fragment/></con:setting></con:settings><con:encoding>UTF-8</con:encoding><con:endpoint>https://192.168.22.93:8443/services/AccessManagerService_v1.0</con:endpoint><con:request><![CDATA[<soapenv:Envelope xmlns:soapenv="http://schemas.xmlsoap.org/soap/envelope/" xmlns:v1="http://fidus.brussels/service/accessmanagerservice/messages/v1" xmlns:v11="http://fidus.brussels/type/common/messages/v1" xmlns:v31="http://socialsecurity.be/umanentityrepresentative/types/v3">
   <soapenv:Header/>
   <soapenv:Body>
      <v1:getOrganisationParentNodesRequest>
         <v1:messageContext>
         	  <v11:messageId>${=import static java.util.UUID.randomUUID; uuid = randomUUID() as String}</v11:messageId>
            <v11:timestamp>${=new java.text.SimpleDateFormat("yyyy-MM-dd'T'HH:mm:ss.SSS").format(new Date())}</v11:timestamp>
         </v1:messageContext>
         <v1:legalContext>ServiceIntegrator</v1:legalContext>
         <v1:request>
            <v1:Domain>QUAL_FED_HEALTHCARE</v1:Domain>
            <v1:OrganisationId>
               <v31:Identifier>1990000431</v31:Identifier>
               <v31:IdentifierType>BEEHP</v31:IdentifierType>
            </v1:OrganisationId>
            <v1:Language>nl</v1:Language>
         </v1:request>
      </v1:getOrganisationParentNodesRequest>
   </soapenv:Body>
</soapenv:Envelope>]]></con:request><con:credentials><con:selectedAuthProfile>Basic</con:selectedAuthProfile><con:addedBasicAuthenticationTypes>Basic</con:addedBasicAuthenticationTypes><con:authType>Global HTTP Settings</con:authType></con:credentials><con:jmsConfig JMSDeliveryMode="PERSISTENT"/><con:jmsPropertyConfig/><con:wsaConfig mustUnderstand="NONE" version="200508" action="http://fidus.brussels/services/accessmanagerservice/getOrganisationParentNodes"/><con:wsrmConfig version="1.2"/></con:call><con:call id="6221ac88-20b9-4124-b685-86bd022335f4" name="4 - Staging - Worker1New - Request" outgoingWss="Outflow STAGING" incomingWss="Inflow STAGING"><con:settings><con:setting id="com.eviware.soapui.impl.wsdl.WsdlRequest@request-headers">&lt;xml-fragment/></con:setting></con:settings><con:encoding>UTF-8</con:encoding><con:endpoint>https://192.168.23.191:8443/services/AccessManagerService_v1.0</con:endpoint><con:request><![CDATA[<soapenv:Envelope xmlns:soapenv="http://schemas.xmlsoap.org/soap/envelope/" xmlns:v1="http://fidus.brussels/service/accessmanagerservice/messages/v1" xmlns:v11="http://fidus.brussels/type/common/messages/v1" xmlns:v31="http://socialsecurity.be/umanentityrepresentative/types/v3">
   <soapenv:Header/>
   <soapenv:Body>
      <v1:getOrganisationParentNodesRequest>
         <v1:messageContext>
         	  <v11:messageId>${=import static java.util.UUID.randomUUID; uuid = randomUUID() as String}</v11:messageId>
            <v11:timestamp>${=new java.text.SimpleDateFormat("yyyy-MM-dd'T'HH:mm:ss.SSS").format(new Date())}</v11:timestamp>
         </v1:messageContext>
         <v1:legalContext>ServiceIntegrator</v1:legalContext>
         <v1:request>
            <v1:Domain>QUAL_FED_HEALTHCARE</v1:Domain>
            <v1:OrganisationId>
               <v31:Identifier>1990000431</v31:Identifier>
               <v31:IdentifierType>BEEHP</v31:IdentifierType>
            </v1:OrganisationId>
            <v1:Language>nl</v1:Language>
         </v1:request>
      </v1:getOrganisationParentNodesRequest>
   </soapenv:Body>
</soapenv:Envelope>]]></con:request><con:credentials><con:selectedAuthProfile>Basic</con:selectedAuthProfile><con:addedBasicAuthenticationTypes>Basic</con:addedBasicAuthenticationTypes><con:authType>Global HTTP Settings</con:authType></con:credentials><con:jmsConfig JMSDeliveryMode="PERSISTENT"/><con:jmsPropertyConfig/><con:wsaConfig mustUnderstand="NONE" version="200508" action="http://fidus.brussels/services/accessmanagerservice/getOrganisationParentNodes"/><con:wsrmConfig version="1.2"/></con:call><con:call id="99346537-3484-4b55-b501-1cc0cfef2872" name="4 - Staging - Worker2New - Request" outgoingWss="Outflow STAGING" incomingWss="Inflow STAGING"><con:settings><con:setting id="com.eviware.soapui.impl.wsdl.WsdlRequest@request-headers">&lt;xml-fragment/></con:setting></con:settings><con:encoding>UTF-8</con:encoding><con:endpoint>https://192.168.23.198:8443/services/AccessManagerService_v1.0</con:endpoint><con:request><![CDATA[<soapenv:Envelope xmlns:soapenv="http://schemas.xmlsoap.org/soap/envelope/" xmlns:v1="http://fidus.brussels/service/accessmanagerservice/messages/v1" xmlns:v11="http://fidus.brussels/type/common/messages/v1" xmlns:v31="http://socialsecurity.be/umanentityrepresentative/types/v3">
   <soapenv:Header/>
   <soapenv:Body>
      <v1:getOrganisationParentNodesRequest>
         <v1:messageContext>
         	  <v11:messageId>${=import static java.util.UUID.randomUUID; uuid = randomUUID() as String}</v11:messageId>
            <v11:timestamp>${=new java.text.SimpleDateFormat("yyyy-MM-dd'T'HH:mm:ss.SSS").format(new Date())}</v11:timestamp>
         </v1:messageContext>
         <v1:legalContext>ServiceIntegrator</v1:legalContext>
         <v1:request>
            <v1:Domain>QUAL_FED_HEALTHCARE</v1:Domain>
            <v1:OrganisationId>
               <v31:Identifier>1990000431</v31:Identifier>
               <v31:IdentifierType>BEEHP</v31:IdentifierType>
            </v1:OrganisationId>
            <v1:Language>nl</v1:Language>
         </v1:request>
      </v1:getOrganisationParentNodesRequest>
   </soapenv:Body>
</soapenv:Envelope>]]></con:request><con:credentials><con:selectedAuthProfile>Basic</con:selectedAuthProfile><con:addedBasicAuthenticationTypes>Basic</con:addedBasicAuthenticationTypes><con:authType>Global HTTP Settings</con:authType></con:credentials><con:jmsConfig JMSDeliveryMode="PERSISTENT"/><con:jmsPropertyConfig/><con:wsaConfig mustUnderstand="NONE" version="200508" action="http://fidus.brussels/services/accessmanagerservice/getOrganisationParentNodes"/><con:wsrmConfig version="1.2"/></con:call></con:operation></con:interface><con:testSuite id="ea82ed74-778c-4392-b4f7-03b54fefa233" name="DEV"><con:settings/><con:runType>SEQUENTIAL</con:runType><con:testCase id="d91fac5b-180d-42d4-bcf3-06910dd5dfe1" failOnError="true" failTestCaseOnErrors="true" keepSession="false" maxResults="0" name="findRepresentativeRolesByINSS" searchProperties="true"><con:settings/><con:testStep type="request" id="a918c546-f85a-42e6-9286-1d4aebaecaaf" name="testcase2 - Dev - Request - OK"><con:settings/><con:config xsi:type="con:RequestStep" xmlns:xsi="http://www.w3.org/2001/XMLSchema-instance"><con:interface>AccessManagerServiceHTTPBinding</con:interface><con:operation>findRepresentativeRolesByINSS</con:operation><con:request name="testcase2 - Dev - Request - OK" id="5a8abccd-cb6d-4855-ae52-822562c870e9" outgoingWss="Outflow DEV"><con:settings/><con:encoding>UTF-8</con:encoding><con:endpoint>https://192.168.36.61:8243/services/AccessManagerService_v1.0</con:endpoint><con:request><![CDATA[<soapenv:Envelope xmlns:soapenv="http://schemas.xmlsoap.org/soap/envelope/" xmlns:v1="http://fidus.brussels/service/accessmanagerservice/messages/v1" xmlns:v11="http://fidus.brussels/type/common/messages/v1" xmlns:v3="http://socialsecurity.be/umanentityrepresentative/types/v3">
   <soapenv:Header/>
   <soapenv:Body>
      <v1:findRepresentativeRolesByINSSRequest>
         <v1:messageContext>
         	  <v11:messageId>${=import static java.util.UUID.randomUUID; uuid = randomUUID() as String}</v11:messageId>
            <v11:timestamp>${=new java.text.SimpleDateFormat("yyyy-MM-dd'T'HH:mm:ss.SSS").format(new Date())}</v11:timestamp>
         </v1:messageContext>
         <v1:legalContext>ServiceIntegrator</v1:legalContext>
         <v1:request>
            <v1:Domain>QUAL_FED_HEALTHCARE</v1:Domain>
            <v1:INSS>86051933959</v1:INSS>
            <v1:Language>nl</v1:Language>
         </v1:request>
      </v1:findRepresentativeRolesByINSSRequest>
   </soapenv:Body>
</soapenv:Envelope>]]></con:request><con:assertion type="SOAP Fault Assertion" id="e2cebc42-4eb0-41df-898c-19d2d547a5bd" name="Not SOAP Fault"/><con:assertion type="SOAP Response" id="2d6233ed-dd76-4a4a-81f2-2c124bd4ea80" name="SOAP Response"/><con:assertion type="Schema Compliance" id="e1bb017c-7155-448e-8640-a7e54f90d307" name="Schema Compliance"><con:configuration/></con:assertion><con:wsaConfig action="http://fidus.brussels/services/accessmanagerservice/findRepresentativeRolesByINSS"/></con:request></con:config></con:testStep><con:testStep type="request" id="88e566c3-03f9-4284-9ce4-a55620d27d5c" name="testcase2 - Dev - Request - Not Found"><con:settings/><con:config xsi:type="con:RequestStep" xmlns:xsi="http://www.w3.org/2001/XMLSchema-instance"><con:interface>AccessManagerServiceHTTPBinding</con:interface><con:operation>findRepresentativeRolesByINSS</con:operation><con:request name="testcase2 - Dev - Request - Not Found" id="020274c8-da6d-4354-824c-a59fc5fddaec" outgoingWss="Outflow DEV"><con:settings/><con:encoding>UTF-8</con:encoding><con:endpoint>https://192.168.36.61:8243/services/AccessManagerService_v1.0</con:endpoint><con:request><![CDATA[<soapenv:Envelope xmlns:soapenv="http://schemas.xmlsoap.org/soap/envelope/" xmlns:v1="http://fidus.brussels/service/accessmanagerservice/messages/v1" xmlns:v11="http://fidus.brussels/type/common/messages/v1" xmlns:v3="http://socialsecurity.be/umanentityrepresentative/types/v3">
   <soapenv:Header/>
   <soapenv:Body>
      <v1:findRepresentativeRolesByINSSRequest>
         <v1:messageContext>
         	  <v11:messageId>${=import static java.util.UUID.randomUUID; uuid = randomUUID() as String}</v11:messageId>
            <v11:timestamp>${=new java.text.SimpleDateFormat("yyyy-MM-dd'T'HH:mm:ss.SSS").format(new Date())}</v11:timestamp>
         </v1:messageContext>
         <v1:legalContext>ServiceIntegrator</v1:legalContext>
         <v1:request>
            <v1:Domain>ECONOMY</v1:Domain>
            <v1:INSS>86051933959</v1:INSS>
            <v1:Language>nl</v1:Language>
         </v1:request>
      </v1:findRepresentativeRolesByINSSRequest>
   </soapenv:Body>
</soapenv:Envelope>]]></con:request><con:assertion type="SOAP Fault Assertion" id="d0b6d355-57b9-4331-ac14-d1ad1ff24c8b" name="Not SOAP Fault"/><con:assertion type="SOAP Response" id="cd19ec73-39ed-4121-868f-f8b2239033f1" name="SOAP Response"/><con:assertion type="Schema Compliance" id="ae4e8f11-42a7-46c5-8706-acd198c564b4" name="Schema Compliance"><con:configuration/></con:assertion><con:wsaConfig action="http://fidus.brussels/services/accessmanagerservice/findRepresentativeRolesByINSS"/></con:request></con:config></con:testStep><con:properties/></con:testCase><con:testCase id="fca7c0f4-2de6-4942-b70c-c5c0ade9d159" failOnError="true" failTestCaseOnErrors="true" keepSession="false" maxResults="0" name="getDomain" searchProperties="true"><con:settings/><con:testStep type="request" id="68541acf-65e3-4fe3-83bc-48109914f02c" name="testcase2 - Dev - Request - OK"><con:settings/><con:config xsi:type="con:RequestStep" xmlns:xsi="http://www.w3.org/2001/XMLSchema-instance"><con:interface>AccessManagerServiceHTTPBinding</con:interface><con:operation>getDomain</con:operation><con:request name="testcase2 - Dev - Request - OK" id="02382679-dc1e-4956-af38-f301f6257957" outgoingWss="Outflow DEV"><con:settings/><con:encoding>UTF-8</con:encoding><con:endpoint>https://192.168.36.61:8243/services/AccessManagerService_v1.0</con:endpoint><con:request><![CDATA[<soapenv:Envelope xmlns:soapenv="http://schemas.xmlsoap.org/soap/envelope/" xmlns:v1="http://fidus.brussels/service/accessmanagerservice/messages/v1" xmlns:v11="http://fidus.brussels/type/common/messages/v1" >
   <soapenv:Header/>
   <soapenv:Body>
      <v1:getDomainRequest>
         <v1:messageContext>
         	  <v11:messageId>${=import static java.util.UUID.randomUUID; uuid = randomUUID() as String}</v11:messageId>
            <v11:timestamp>${=new java.text.SimpleDateFormat("yyyy-MM-dd'T'HH:mm:ss.SSS").format(new Date())}</v11:timestamp>
         </v1:messageContext>
         <v1:legalContext>ServiceIntegrator</v1:legalContext>
         <v1:request>
         	  <v1:Domain>FINANCE</v1:Domain>
            <v1:Language>fr</v1:Language>
         </v1:request>
      </v1:getDomainRequest>
   </soapenv:Body>
</soapenv:Envelope>]]></con:request><con:assertion type="SOAP Fault Assertion" id="45307780-ecb5-4f29-bf89-1ac44cb34824" name="Not SOAP Fault"/><con:assertion type="SOAP Response" id="4b821b37-6ec3-49ab-9c90-3bc8906bb1fa" name="SOAP Response"/><con:assertion type="Schema Compliance" id="9de5650a-ac99-4c4c-a74f-74d4369eb276" name="Schema Compliance"><con:configuration/></con:assertion><con:wsaConfig action="http://fidus.brussels/services/accessmanagerservice/getDomain"/></con:request></con:config></con:testStep><con:testStep type="request" id="a0b560f3-d2c4-4971-92a6-9c4e21bfd450" name="testcase2 - Dev - Request - Not Found"><con:settings/><con:config xsi:type="con:RequestStep" xmlns:xsi="http://www.w3.org/2001/XMLSchema-instance"><con:interface>AccessManagerServiceHTTPBinding</con:interface><con:operation>getDomain</con:operation><con:request name="testcase2 - Dev - Request - Not Found" id="8c8794e9-123d-4b9f-95fd-7906a8618969" outgoingWss="Outflow DEV"><con:settings/><con:encoding>UTF-8</con:encoding><con:endpoint>https://192.168.36.61:8243/services/AccessManagerService_v1.0</con:endpoint><con:request><![CDATA[<soapenv:Envelope xmlns:soapenv="http://schemas.xmlsoap.org/soap/envelope/" xmlns:v1="http://fidus.brussels/service/accessmanagerservice/messages/v1" xmlns:v11="http://fidus.brussels/type/common/messages/v1" >
   <soapenv:Header/>
   <soapenv:Body>
      <v1:getDomainRequest>
         <v1:messageContext>
         	  <v11:messageId>${=import static java.util.UUID.randomUUID; uuid = randomUUID() as String}</v11:messageId>
            <v11:timestamp>${=new java.text.SimpleDateFormat("yyyy-MM-dd'T'HH:mm:ss.SSS").format(new Date())}</v11:timestamp>
         </v1:messageContext>
         <v1:legalContext>ServiceIntegrator</v1:legalContext>
         <v1:request>
         	  <v1:Domain>ECOLOGY</v1:Domain>
            <v1:Language>fr</v1:Language>
         </v1:request>
      </v1:getDomainRequest>
   </soapenv:Body>
</soapenv:Envelope>]]></con:request><con:assertion type="SOAP Fault Assertion" id="b858db4d-8512-4888-81f3-fceaa8b060a9" name="Not SOAP Fault"/><con:assertion type="SOAP Response" id="e577d170-b7de-4e66-8be8-b0478eaa9119" name="SOAP Response"/><con:assertion type="Schema Compliance" id="d08225aa-0494-4531-9191-15adec9f3cec" name="Schema Compliance"><con:configuration/></con:assertion><con:wsaConfig action="http://fidus.brussels/services/accessmanagerservice/getDomain"/></con:request></con:config></con:testStep><con:properties/></con:testCase><con:testCase id="bf1f90e4-beff-4e55-971e-56d2a3dada8f" failOnError="true" failTestCaseOnErrors="true" keepSession="false" maxResults="0" name="getEntityRepresentatives" searchProperties="true"><con:settings/><con:testStep type="request" id="64c43899-eb78-4b82-aedc-0e0a016e8492" name="testcase2 - Dev - Request - OK"><con:settings/><con:config xsi:type="con:RequestStep" xmlns:xsi="http://www.w3.org/2001/XMLSchema-instance"><con:interface>AccessManagerServiceHTTPBinding</con:interface><con:operation>getEntityRepresentatives</con:operation><con:request name="testcase2 - Dev - Request - OK" id="fdfbd738-0754-498e-9e36-3e6b04b4eac3" outgoingWss="Outflow DEV"><con:settings/><con:encoding>UTF-8</con:encoding><con:endpoint>https://192.168.36.61:8243/services/AccessManagerService_v1.0</con:endpoint><con:request><![CDATA[<soapenv:Envelope xmlns:soapenv="http://schemas.xmlsoap.org/soap/envelope/" xmlns:v1="http://fidus.brussels/service/accessmanagerservice/messages/v1" xmlns:v11="http://fidus.brussels/type/common/messages/v1" xmlns:v31="http://socialsecurity.be/umanentityrepresentative/types/v3" >
   <soapenv:Header/>
   <soapenv:Body>
      <v1:getEntityRepresentativesRequest>
         <v1:messageContext>
         	  <v11:messageId>${=import static java.util.UUID.randomUUID; uuid = randomUUID() as String}</v11:messageId>
            <v11:timestamp>${=new java.text.SimpleDateFormat("yyyy-MM-dd'T'HH:mm:ss.SSS").format(new Date())}</v11:timestamp>
         </v1:messageContext>
         <v1:legalContext>ServiceIntegrator</v1:legalContext>
         <v1:request>
            <v1:Domain>QUAL_FED_HEALTHCARE</v1:Domain>
            <v1:OrganisationId>
               <v31:Identifier>1990000431</v31:Identifier>
               <v31:IdentifierType>BEEHP</v31:IdentifierType>
            </v1:OrganisationId>
            <v1:Language>nl</v1:Language>
         </v1:request>
      </v1:getEntityRepresentativesRequest>
   </soapenv:Body>
</soapenv:Envelope>]]></con:request><con:assertion type="SOAP Fault Assertion" id="621785d2-a748-4881-a334-b79d6fa02326" name="Not SOAP Fault"/><con:assertion type="SOAP Response" id="25989a6e-8832-4aae-b838-4440932e32e1" name="SOAP Response"/><con:assertion type="Schema Compliance" id="a5fbe142-3474-4605-8bfa-2185dde7c833" name="Schema Compliance"><con:configuration/></con:assertion><con:wsaConfig action="http://fidus.brussels/services/accessmanagerservice/getEntityRepresentatives"/></con:request></con:config></con:testStep><con:testStep type="request" id="30ff155a-7a93-4983-915f-6e940ab2197e" name="testcase2 - Dev - Request - Not Found"><con:settings/><con:config xsi:type="con:RequestStep" xmlns:xsi="http://www.w3.org/2001/XMLSchema-instance"><con:interface>AccessManagerServiceHTTPBinding</con:interface><con:operation>getEntityRepresentatives</con:operation><con:request name="testcase2 - Dev - Request - Not Found" id="148f064e-c637-454c-b478-5b20506da72d" outgoingWss="Outflow DEV"><con:settings/><con:encoding>UTF-8</con:encoding><con:endpoint>https://192.168.36.61:8243/services/AccessManagerService_v1.0</con:endpoint><con:request><![CDATA[<soapenv:Envelope xmlns:soapenv="http://schemas.xmlsoap.org/soap/envelope/" xmlns:v1="http://fidus.brussels/service/accessmanagerservice/messages/v1" xmlns:v11="http://fidus.brussels/type/common/messages/v1" xmlns:v31="http://socialsecurity.be/umanentityrepresentative/types/v3" >
   <soapenv:Header/>
   <soapenv:Body>
      <v1:getEntityRepresentativesRequest>
         <v1:messageContext>
         	  <v11:messageId>${=import static java.util.UUID.randomUUID; uuid = randomUUID() as String}</v11:messageId>
            <v11:timestamp>${=new java.text.SimpleDateFormat("yyyy-MM-dd'T'HH:mm:ss.SSS").format(new Date())}</v11:timestamp>
         </v1:messageContext>
         <v1:legalContext>ServiceIntegrator</v1:legalContext>
         <v1:request>
            <v1:Domain>INDUSTRY</v1:Domain>
            <v1:OrganisationId>
               <v31:Identifier>1990000431</v31:Identifier>
               <v31:IdentifierType>BEEHP</v31:IdentifierType>
            </v1:OrganisationId>
            <v1:Language>nl</v1:Language>
         </v1:request>
      </v1:getEntityRepresentativesRequest>
   </soapenv:Body>
</soapenv:Envelope>]]></con:request><con:assertion type="SOAP Fault Assertion" id="593051d4-2b86-4745-9acb-6218d669117e" name="Not SOAP Fault"/><con:assertion type="SOAP Response" id="54e0ce53-30bc-43a4-9ff2-71d072b47af7" name="SOAP Response"/><con:assertion type="Schema Compliance" id="bf3ed332-52f5-4077-9253-a345cc211417" name="Schema Compliance"><con:configuration/></con:assertion><con:wsaConfig action="http://fidus.brussels/services/accessmanagerservice/getEntityRepresentatives"/></con:request></con:config></con:testStep><con:properties/></con:testCase><con:testCase id="c0b0ce9a-63dd-4ad2-8366-ecf2418a2a64" failOnError="true" failTestCaseOnErrors="true" keepSession="false" maxResults="0" name="getOrganisationChildNodes" searchProperties="true"><con:settings/><con:testStep type="request" id="02613a72-b41e-4d8d-b5de-4c75a08de7e2" name="testcase2 - Dev - Request - OK"><con:settings/><con:config xsi:type="con:RequestStep" xmlns:xsi="http://www.w3.org/2001/XMLSchema-instance"><con:interface>AccessManagerServiceHTTPBinding</con:interface><con:operation>getOrganisationChildNodes</con:operation><con:request name="testcase2 - Dev - Request - OK" id="583d9907-9aa4-4ed2-a4e9-1da016ff2f8f" outgoingWss="Outflow DEV"><con:settings/><con:encoding>UTF-8</con:encoding><con:endpoint>https://192.168.36.61:8243/services/AccessManagerService_v1.0</con:endpoint><con:request><![CDATA[<soapenv:Envelope xmlns:soapenv="http://schemas.xmlsoap.org/soap/envelope/" xmlns:v1="http://fidus.brussels/service/accessmanagerservice/messages/v1" xmlns:v11="http://fidus.brussels/type/common/messages/v1" xmlns:v31="http://socialsecurity.be/umanentityrepresentative/types/v3">
   <soapenv:Header/>
   <soapenv:Body>
      <v1:getOrganisationChildNodesRequest>
         <v1:messageContext>
         	  <v11:messageId>${=import static java.util.UUID.randomUUID; uuid = randomUUID() as String}</v11:messageId>
            <v11:timestamp>${=new java.text.SimpleDateFormat("yyyy-MM-dd'T'HH:mm:ss.SSS").format(new Date())}</v11:timestamp>
         </v1:messageContext>
         <v1:legalContext>ServiceIntegrator</v1:legalContext>
         <v1:request>
            <v1:Domain>QUAL_FED_HEALTHCARE</v1:Domain>
            <v1:OrganisationId>
               <v31:Identifier>1990000431</v31:Identifier>
               <v31:IdentifierType>BEEHP</v31:IdentifierType>
            </v1:OrganisationId>
            <v1:Language>nl</v1:Language>
         </v1:request>
      </v1:getOrganisationChildNodesRequest>
   </soapenv:Body>
</soapenv:Envelope>]]></con:request><con:assertion type="SOAP Fault Assertion" id="a193b8f7-5361-4591-a30c-27d7f758fcb8" name="Not SOAP Fault"/><con:assertion type="SOAP Response" id="c1f05ea0-605b-4dd9-a5c0-6396cd73b60d" name="SOAP Response"/><con:assertion type="Schema Compliance" id="e5e9c946-7705-429e-94bd-9fd926d57b54" name="Schema Compliance"><con:configuration/></con:assertion><con:wsaConfig action="http://fidus.brussels/services/accessmanagerservice/getOrganisationChildNodes"/></con:request></con:config></con:testStep><con:testStep type="request" id="b28a6b48-18ec-4884-8268-b1ee3c7b4506" name="testcase2 - Dev - Request - Not Found"><con:settings/><con:config xsi:type="con:RequestStep" xmlns:xsi="http://www.w3.org/2001/XMLSchema-instance"><con:interface>AccessManagerServiceHTTPBinding</con:interface><con:operation>getOrganisationChildNodes</con:operation><con:request name="testcase2 - Dev - Request - Not Found" id="eb8ed298-0a2c-4ec0-ac50-09c28867c12e" outgoingWss="Outflow DEV"><con:settings/><con:encoding>UTF-8</con:encoding><con:endpoint>https://192.168.36.61:8243/services/AccessManagerService_v1.0</con:endpoint><con:request><![CDATA[<soapenv:Envelope xmlns:soapenv="http://schemas.xmlsoap.org/soap/envelope/" xmlns:v1="http://fidus.brussels/service/accessmanagerservice/messages/v1" xmlns:v11="http://fidus.brussels/type/common/messages/v1" xmlns:v31="http://socialsecurity.be/umanentityrepresentative/types/v3">
   <soapenv:Header/>
   <soapenv:Body>
      <v1:getOrganisationChildNodesRequest>
         <v1:messageContext>
         	  <v11:messageId>${=import static java.util.UUID.randomUUID; uuid = randomUUID() as String}</v11:messageId>
            <v11:timestamp>${=new java.text.SimpleDateFormat("yyyy-MM-dd'T'HH:mm:ss.SSS").format(new Date())}</v11:timestamp>
         </v1:messageContext>
         <v1:legalContext>ServiceIntegrator</v1:legalContext>
         <v1:request>
            <v1:Domain>FREELANCE</v1:Domain>
            <v1:OrganisationId>
               <v31:Identifier>1990000431</v31:Identifier>
               <v31:IdentifierType>BEEHP</v31:IdentifierType>
            </v1:OrganisationId>
            <v1:Language>nl</v1:Language>
         </v1:request>
      </v1:getOrganisationChildNodesRequest>
   </soapenv:Body>
</soapenv:Envelope>]]></con:request><con:assertion type="SOAP Fault Assertion" id="a2f475d0-22df-4616-8902-2a7d00b6bbe2" name="Not SOAP Fault"/><con:assertion type="SOAP Response" id="d529078f-d296-470b-9871-87b0bd1dd2a3" name="SOAP Response"/><con:assertion type="Schema Compliance" id="9af3b2a6-0b6b-4a98-9f9b-72fc52eef9a8" name="Schema Compliance"><con:configuration/></con:assertion><con:wsaConfig action="http://fidus.brussels/services/accessmanagerservice/getOrganisationChildNodes"/></con:request></con:config></con:testStep><con:properties/></con:testCase><con:testCase id="4ebfbfe1-945c-44ec-bf0f-c872a89c219f" failOnError="true" failTestCaseOnErrors="true" keepSession="false" maxResults="0" name="getOrganisationDenomination" searchProperties="true"><con:settings/><con:testStep type="request" id="868f16ec-3259-401c-b195-497a5bee2af4" name="testcase2 - Dev - Request - OK"><con:settings/><con:config xsi:type="con:RequestStep" xmlns:xsi="http://www.w3.org/2001/XMLSchema-instance"><con:interface>AccessManagerServiceHTTPBinding</con:interface><con:operation>getOrganisationDenomination</con:operation><con:request name="testcase2 - Dev - Request - OK" id="99089485-b0b4-4d93-a9de-f9096adbcafa" outgoingWss="Outflow DEV"><con:settings/><con:encoding>UTF-8</con:encoding><con:endpoint>https://192.168.36.61:8243/services/AccessManagerService_v1.0</con:endpoint><con:request><![CDATA[<soapenv:Envelope xmlns:soapenv="http://schemas.xmlsoap.org/soap/envelope/" xmlns:v1="http://fidus.brussels/service/accessmanagerservice/messages/v1" xmlns:v11="http://fidus.brussels/type/common/messages/v1" xmlns:v31="http://socialsecurity.be/umanentityrepresentative/types/v3">
   <soapenv:Header/>
   <soapenv:Body>
      <v1:getOrganisationDenominationRequest>
         <v1:messageContext>
         	  <v11:messageId>${=import static java.util.UUID.randomUUID; uuid = randomUUID() as String}</v11:messageId>
            <v11:timestamp>${=new java.text.SimpleDateFormat("yyyy-MM-dd'T'HH:mm:ss.SSS").format(new Date())}</v11:timestamp>
         </v1:messageContext>
         <v1:legalContext>ServiceIntegrator</v1:legalContext>
         <v1:request>
            <v1:Domain>QUAL_FED_HEALTHCARE</v1:Domain>
            <v1:OrganisationId>
               <v31:Identifier>1990000431</v31:Identifier>
               <v31:IdentifierType>BEEHP</v31:IdentifierType>
            </v1:OrganisationId>
            <v1:Language>nl</v1:Language>
         </v1:request>
      </v1:getOrganisationDenominationRequest>
   </soapenv:Body>
</soapenv:Envelope>]]></con:request><con:assertion type="SOAP Fault Assertion" id="957b1156-6b11-42b3-a576-9e2d2cd42737" name="Not SOAP Fault"/><con:assertion type="SOAP Response" id="3abeaf17-a9af-41f4-8e7c-17bff073a74f" name="SOAP Response"/><con:assertion type="Schema Compliance" id="1533c38d-da70-4502-a285-c5f8b61d64f4" name="Schema Compliance"><con:configuration/></con:assertion><con:wsaConfig action="http://fidus.brussels/services/accessmanagerservice/getOrganisationDenomination"/></con:request></con:config></con:testStep><con:testStep type="request" id="724d17f6-71bb-4a0b-a1b5-b7ab35ef2982" name="testcase2 - Dev - Request - Not Found"><con:settings/><con:config xsi:type="con:RequestStep" xmlns:xsi="http://www.w3.org/2001/XMLSchema-instance"><con:interface>AccessManagerServiceHTTPBinding</con:interface><con:operation>getOrganisationDenomination</con:operation><con:request name="testcase2 - Dev - Request - Not Found" id="c3643157-1155-41e0-b679-e8aad1b2a14d" outgoingWss="Outflow DEV"><con:settings/><con:encoding>UTF-8</con:encoding><con:endpoint>https://192.168.36.61:8243/services/AccessManagerService_v1.0</con:endpoint><con:request><![CDATA[<soapenv:Envelope xmlns:soapenv="http://schemas.xmlsoap.org/soap/envelope/" xmlns:v1="http://fidus.brussels/service/accessmanagerservice/messages/v1" xmlns:v11="http://fidus.brussels/type/common/messages/v1" xmlns:v31="http://socialsecurity.be/umanentityrepresentative/types/v3">
   <soapenv:Header/>
   <soapenv:Body>
      <v1:getOrganisationDenominationRequest>
         <v1:messageContext>
         	  <v11:messageId>${=import static java.util.UUID.randomUUID; uuid = randomUUID() as String}</v11:messageId>
            <v11:timestamp>${=new java.text.SimpleDateFormat("yyyy-MM-dd'T'HH:mm:ss.SSS").format(new Date())}</v11:timestamp>
         </v1:messageContext>
         <v1:legalContext>ServiceIntegrator</v1:legalContext>
         <v1:request>
            <v1:Domain>EDUCATION</v1:Domain>
            <v1:OrganisationId>
               <v31:Identifier>1990000431</v31:Identifier>
               <v31:IdentifierType>BEEHP</v31:IdentifierType>
            </v1:OrganisationId>
            <v1:Language>nl</v1:Language>
         </v1:request>
      </v1:getOrganisationDenominationRequest>
   </soapenv:Body>
</soapenv:Envelope>]]></con:request><con:assertion type="SOAP Fault Assertion" id="9e84998d-6861-4549-a1cf-f3f99d7748b4" name="Not SOAP Fault"/><con:assertion type="SOAP Response" id="e16903c7-841a-432c-901e-4a4bd0ab30d0" name="SOAP Response"/><con:assertion type="Schema Compliance" id="8f65c441-8a01-4cec-a25b-5c8e5cfd6e12" name="Schema Compliance"><con:configuration/></con:assertion><con:wsaConfig action="http://fidus.brussels/services/accessmanagerservice/getOrganisationDenomination"/></con:request></con:config></con:testStep><con:properties/></con:testCase><con:testCase id="7e8aad7d-158b-4221-9b3f-8e3869a0290a" failOnError="true" failTestCaseOnErrors="true" keepSession="false" maxResults="0" name="getOrganisationParentNodes" searchProperties="true"><con:settings/><con:testStep type="request" id="f0acb657-d5b5-49d2-933c-84e5d89ae1af" name="testcase2 - Dev - Request - OK"><con:settings/><con:config xsi:type="con:RequestStep" xmlns:xsi="http://www.w3.org/2001/XMLSchema-instance"><con:interface>AccessManagerServiceHTTPBinding</con:interface><con:operation>getOrganisationParentNodes</con:operation><con:request name="testcase2 - Dev - Request - OK" id="4fee0257-3d33-4ddd-a93f-c443172876fc" outgoingWss="Outflow DEV"><con:settings/><con:encoding>UTF-8</con:encoding><con:endpoint>https://192.168.36.61:8243/services/AccessManagerService_v1.0</con:endpoint><con:request><![CDATA[<soapenv:Envelope xmlns:soapenv="http://schemas.xmlsoap.org/soap/envelope/" xmlns:v1="http://fidus.brussels/service/accessmanagerservice/messages/v1" xmlns:v11="http://fidus.brussels/type/common/messages/v1" xmlns:v31="http://socialsecurity.be/umanentityrepresentative/types/v3">
   <soapenv:Header/>
   <soapenv:Body>
      <v1:getOrganisationParentNodesRequest>
         <v1:messageContext>
         	  <v11:messageId>${=import static java.util.UUID.randomUUID; uuid = randomUUID() as String}</v11:messageId>
            <v11:timestamp>${=new java.text.SimpleDateFormat("yyyy-MM-dd'T'HH:mm:ss.SSS").format(new Date())}</v11:timestamp>
         </v1:messageContext>
         <v1:legalContext>ServiceIntegrator</v1:legalContext>
         <v1:request>
            <v1:Domain>QUAL_FED_HEALTHCARE</v1:Domain>
            <v1:OrganisationId>
               <v31:Identifier>1990000431</v31:Identifier>
               <v31:IdentifierType>BEEHP</v31:IdentifierType>
            </v1:OrganisationId>
            <v1:Language>nl</v1:Language>
         </v1:request>
      </v1:getOrganisationParentNodesRequest>
   </soapenv:Body>
</soapenv:Envelope>]]></con:request><con:assertion type="SOAP Fault Assertion" id="81ca3f40-ba4a-4a93-aed6-758a18965be4" name="Not SOAP Fault"/><con:assertion type="SOAP Response" id="67eaf487-1728-4beb-861a-bafad566d879" name="SOAP Response"/><con:assertion type="Schema Compliance" id="6013f96d-d832-4173-be26-0391a6c05319" name="Schema Compliance"><con:configuration/></con:assertion><con:wsaConfig action="http://fidus.brussels/services/accessmanagerservice/getOrganisationParentNodes"/></con:request></con:config></con:testStep><con:testStep type="request" id="66ef930d-65f6-4897-bf5e-dedf82b510fe" name="testcase2 - Dev - Request - Not Found"><con:settings/><con:config xsi:type="con:RequestStep" xmlns:xsi="http://www.w3.org/2001/XMLSchema-instance"><con:interface>AccessManagerServiceHTTPBinding</con:interface><con:operation>getOrganisationParentNodes</con:operation><con:request name="testcase2 - Dev - Request - Not Found" id="1c570e16-6a82-49b4-9e10-a1dab532ea05" outgoingWss="Outflow DEV"><con:settings/><con:encoding>UTF-8</con:encoding><con:endpoint>https://192.168.36.61:8243/services/AccessManagerService_v1.0</con:endpoint><con:request><![CDATA[<soapenv:Envelope xmlns:soapenv="http://schemas.xmlsoap.org/soap/envelope/" xmlns:v1="http://fidus.brussels/service/accessmanagerservice/messages/v1" xmlns:v11="http://fidus.brussels/type/common/messages/v1" xmlns:v31="http://socialsecurity.be/umanentityrepresentative/types/v3">
   <soapenv:Header/>
   <soapenv:Body>
      <v1:getOrganisationParentNodesRequest>
         <v1:messageContext>
         	  <v11:messageId>${=import static java.util.UUID.randomUUID; uuid = randomUUID() as String}</v11:messageId>
            <v11:timestamp>${=new java.text.SimpleDateFormat("yyyy-MM-dd'T'HH:mm:ss.SSS").format(new Date())}</v11:timestamp>
         </v1:messageContext>
         <v1:legalContext>ServiceIntegrator</v1:legalContext>
         <v1:request>
            <v1:Domain>CHEMISTRY</v1:Domain>
            <v1:OrganisationId>
               <v31:Identifier>1990000431</v31:Identifier>
               <v31:IdentifierType>BEEHP</v31:IdentifierType>
            </v1:OrganisationId>
            <v1:Language>nl</v1:Language>
         </v1:request>
      </v1:getOrganisationParentNodesRequest>
   </soapenv:Body>
</soapenv:Envelope>]]></con:request><con:assertion type="SOAP Fault Assertion" id="18241c21-4676-4036-b3a1-0ab33778d9e5" name="Not SOAP Fault"/><con:assertion type="SOAP Response" id="598b0b95-e695-4600-9629-4273126b0695" name="SOAP Response"/><con:assertion type="Schema Compliance" id="784525a8-46e5-4b69-8622-d6d184dd46d0" name="Schema Compliance"><con:configuration/></con:assertion><con:wsaConfig action="http://fidus.brussels/services/accessmanagerservice/getOrganisationParentNodes"/></con:request></con:config></con:testStep><con:properties/></con:testCase><con:properties/></con:testSuite><con:testSuite id="f6b756e7-8c2a-4375-9c1f-c78ba0e1fedc" name="TEST"><con:settings/><con:runType>SEQUENTIAL</con:runType><con:testCase id="bc15149b-6ff9-45e2-9ca0-87de662fa87c" failOnError="true" failTestCaseOnErrors="true" keepSession="false" maxResults="0" name="findRepresentativeRolesByINSS" searchProperties="true"><con:settings/><con:testStep type="request" id="083cf485-1c62-410b-ba02-787815849520" name="testcase3 - Test - LB - Request"><con:settings/><con:config xsi:type="con:RequestStep" xmlns:xsi="http://www.w3.org/2001/XMLSchema-instance"><con:interface>AccessManagerServiceHTTPBinding</con:interface><con:operation>findRepresentativeRolesByINSS</con:operation><con:request name="testcase3 - Test - LB - Request" id="56a6616a-792c-4a11-9631-92e1dce6ae18" outgoingWss="Outflow TEST"><con:settings/><con:encoding>UTF-8</con:encoding><con:endpoint>https://esb-security-gw.sta.srv.cirb.lan:8443/services/AccessManagerService_v1.0</con:endpoint><con:request><![CDATA[<soapenv:Envelope xmlns:soapenv="http://schemas.xmlsoap.org/soap/envelope/" xmlns:v1="http://fidus.brussels/service/accessmanagerservice/messages/v1" xmlns:v11="http://fidus.brussels/type/common/messages/v1" xmlns:v3="http://socialsecurity.be/umanentityrepresentative/types/v3">
   <soapenv:Header/>
   <soapenv:Body>
      <v1:findRepresentativeRolesByINSSRequest>
         <v1:messageContext>
         	  <v11:messageId>${=import static java.util.UUID.randomUUID; uuid = randomUUID() as String}</v11:messageId>
            <v11:timestamp>${=new java.text.SimpleDateFormat("yyyy-MM-dd'T'HH:mm:ss.SSS").format(new Date())}</v11:timestamp>
         </v1:messageContext>
         <v1:legalContext>ServiceIntegrator</v1:legalContext>
         <v1:request>
            <v1:Domain>QUAL_FED_HEALTHCARE</v1:Domain>
            <v1:INSS>86051933959</v1:INSS>
            <v1:Language>nl</v1:Language>
         </v1:request>
      </v1:findRepresentativeRolesByINSSRequest>
   </soapenv:Body>
</soapenv:Envelope>]]></con:request><con:assertion type="SOAP Fault Assertion" id="7e62ec2f-c4a7-4a69-8511-74932c0932a5" name="Not SOAP Fault"/><con:assertion type="SOAP Response" id="89af2c9d-a0ed-4753-b1f8-7fdc5ff07b6a" name="SOAP Response"/><con:assertion type="Schema Compliance" id="5e8bbb0a-7044-4d28-a1e3-7e1934892f9b" name="Schema Compliance"><con:configuration/></con:assertion><con:wsaConfig action="http://fidus.brussels/services/accessmanagerservice/findRepresentativeRolesByINSS"/></con:request></con:config></con:testStep><con:testStep type="request" id="002b6e63-b17d-4889-bb8a-ff3f32ad2ec7" name="testcase3 - Test - Worker1 - Request"><con:settings/><con:config xsi:type="con:RequestStep" xmlns:xsi="http://www.w3.org/2001/XMLSchema-instance"><con:interface>AccessManagerServiceHTTPBinding</con:interface><con:operation>findRepresentativeRolesByINSS</con:operation><con:request name="testcase3 - Test - Worker1 - Request" id="5d125b9d-c6fb-4ee0-a3f7-0e7cc3f33891" outgoingWss="Outflow TEST"><con:settings/><con:encoding>UTF-8</con:encoding><con:endpoint>https://192.168.22.53:8443/services/AccessManagerService_v1.0</con:endpoint><con:request><![CDATA[<soapenv:Envelope xmlns:soapenv="http://schemas.xmlsoap.org/soap/envelope/" xmlns:v1="http://fidus.brussels/service/accessmanagerservice/messages/v1" xmlns:v11="http://fidus.brussels/type/common/messages/v1" xmlns:v3="http://socialsecurity.be/umanentityrepresentative/types/v3">
   <soapenv:Header/>
   <soapenv:Body>
      <v1:findRepresentativeRolesByINSSRequest>
         <v1:messageContext>
         	  <v11:messageId>${=import static java.util.UUID.randomUUID; uuid = randomUUID() as String}</v11:messageId>
            <v11:timestamp>${=new java.text.SimpleDateFormat("yyyy-MM-dd'T'HH:mm:ss.SSS").format(new Date())}</v11:timestamp>
         </v1:messageContext>
         <v1:legalContext>ServiceIntegrator</v1:legalContext>
         <v1:request>
            <v1:Domain>QUAL_FED_HEALTHCARE</v1:Domain>
            <v1:INSS>86051933959</v1:INSS>
            <v1:Language>nl</v1:Language>
         </v1:request>
      </v1:findRepresentativeRolesByINSSRequest>
   </soapenv:Body>
</soapenv:Envelope>]]></con:request><con:assertion type="SOAP Fault Assertion" id="11e33f72-a764-44d4-ba7a-ffac752fb79f" name="Not SOAP Fault"/><con:assertion type="SOAP Response" id="1c3d6c41-f91b-4ceb-bcf4-ecb6a92497de" name="SOAP Response"/><con:assertion type="Schema Compliance" id="c63d1e56-e89c-42f9-b201-9c78bd989eec" name="Schema Compliance"><con:configuration/></con:assertion><con:wsaConfig action="http://fidus.brussels/services/accessmanagerservice/findRepresentativeRolesByINSS"/></con:request></con:config></con:testStep><con:testStep type="request" id="21d938dd-abce-4d37-8de7-def15195529b" name="testcase3 - Test - Worker2 - Request"><con:settings/><con:config xsi:type="con:RequestStep" xmlns:xsi="http://www.w3.org/2001/XMLSchema-instance"><con:interface>AccessManagerServiceHTTPBinding</con:interface><con:operation>findRepresentativeRolesByINSS</con:operation><con:request name="testcase3 - Test - Worker2 - Request" id="5c3afb15-2e96-4ae7-b11c-fd05b147b671" outgoingWss="Outflow TEST"><con:settings/><con:encoding>UTF-8</con:encoding><con:endpoint>https://192.168.22.54:8443/services/AccessManagerService_v1.0</con:endpoint><con:request><![CDATA[<soapenv:Envelope xmlns:soapenv="http://schemas.xmlsoap.org/soap/envelope/" xmlns:v1="http://fidus.brussels/service/accessmanagerservice/messages/v1" xmlns:v11="http://fidus.brussels/type/common/messages/v1" xmlns:v3="http://socialsecurity.be/umanentityrepresentative/types/v3">
   <soapenv:Header/>
   <soapenv:Body>
      <v1:findRepresentativeRolesByINSSRequest>
         <v1:messageContext>
         	  <v11:messageId>${=import static java.util.UUID.randomUUID; uuid = randomUUID() as String}</v11:messageId>
            <v11:timestamp>${=new java.text.SimpleDateFormat("yyyy-MM-dd'T'HH:mm:ss.SSS").format(new Date())}</v11:timestamp>
         </v1:messageContext>
         <v1:legalContext>ServiceIntegrator</v1:legalContext>
         <v1:request>
            <v1:Domain>QUAL_FED_HEALTHCARE</v1:Domain>
            <v1:INSS>86051933959</v1:INSS>
            <v1:Language>nl</v1:Language>
         </v1:request>
      </v1:findRepresentativeRolesByINSSRequest>
   </soapenv:Body>
</soapenv:Envelope>]]></con:request><con:assertion type="SOAP Fault Assertion" id="45ae659c-8042-4201-8408-27dc1dce417b" name="Not SOAP Fault"/><con:assertion type="SOAP Response" id="71d58367-f4e3-405e-9f18-4a54486a718c" name="SOAP Response"/><con:assertion type="Schema Compliance" id="0b90bd6c-cd35-4ad6-aafa-16142c3443d6" name="Schema Compliance"><con:configuration/></con:assertion><con:wsaConfig action="http://fidus.brussels/services/accessmanagerservice/findRepresentativeRolesByINSS"/></con:request></con:config></con:testStep><con:testStep type="request" id="be96e192-2222-401d-9aff-89064bb6d9bd" name="testcase3 - Test - Worker1New - Request"><con:settings/><con:config xsi:type="con:RequestStep" xmlns:xsi="http://www.w3.org/2001/XMLSchema-instance"><con:interface>AccessManagerServiceHTTPBinding</con:interface><con:operation>findRepresentativeRolesByINSS</con:operation><con:request name="testcase3 - Test - Worker1New - Request" id="a64e9e8d-b080-4322-abd6-bd5b38e40a4c" outgoingWss="Outflow TEST"><con:settings/><con:encoding>UTF-8</con:encoding><con:endpoint>https://192.168.22.73:8443/services/AccessManagerService_v1.0</con:endpoint><con:request><![CDATA[<soapenv:Envelope xmlns:soapenv="http://schemas.xmlsoap.org/soap/envelope/" xmlns:v1="http://fidus.brussels/service/accessmanagerservice/messages/v1" xmlns:v11="http://fidus.brussels/type/common/messages/v1" xmlns:v3="http://socialsecurity.be/umanentityrepresentative/types/v3">
   <soapenv:Header/>
   <soapenv:Body>
      <v1:findRepresentativeRolesByINSSRequest>
         <v1:messageContext>
         	  <v11:messageId>${=import static java.util.UUID.randomUUID; uuid = randomUUID() as String}</v11:messageId>
            <v11:timestamp>${=new java.text.SimpleDateFormat("yyyy-MM-dd'T'HH:mm:ss.SSS").format(new Date())}</v11:timestamp>
         </v1:messageContext>
         <v1:legalContext>ServiceIntegrator</v1:legalContext>
         <v1:request>
            <v1:Domain>QUAL_FED_HEALTHCARE</v1:Domain>
            <v1:INSS>86051933959</v1:INSS>
            <v1:Language>nl</v1:Language>
         </v1:request>
      </v1:findRepresentativeRolesByINSSRequest>
   </soapenv:Body>
</soapenv:Envelope>]]></con:request><con:assertion type="SOAP Fault Assertion" id="e132c05e-ecc0-4d89-ac83-2137080f1f64" name="Not SOAP Fault"/><con:assertion type="SOAP Response" id="16fb5118-14b1-4169-ad13-52a00dede71f" name="SOAP Response"/><con:assertion type="Schema Compliance" id="5d82466d-4c0d-440e-9f28-2a7f404909e9" name="Schema Compliance"><con:configuration/></con:assertion><con:wsaConfig action="http://fidus.brussels/services/accessmanagerservice/findRepresentativeRolesByINSS"/></con:request></con:config></con:testStep><con:testStep type="request" id="451d8f85-c546-49ee-b49b-1e404c3c66dc" name="testcase3 - Test - Worker2New - Request"><con:settings/><con:config xsi:type="con:RequestStep" xmlns:xsi="http://www.w3.org/2001/XMLSchema-instance"><con:interface>AccessManagerServiceHTTPBinding</con:interface><con:operation>findRepresentativeRolesByINSS</con:operation><con:request name="testcase3 - Test - Worker2New - Request" id="b0226063-5db3-4089-bddc-2c4358fa4ada" outgoingWss="Outflow TEST"><con:settings/><con:encoding>UTF-8</con:encoding><con:endpoint>https://192.168.22.93:8443/services/AccessManagerService_v1.0</con:endpoint><con:request><![CDATA[<soapenv:Envelope xmlns:soapenv="http://schemas.xmlsoap.org/soap/envelope/" xmlns:v1="http://fidus.brussels/service/accessmanagerservice/messages/v1" xmlns:v11="http://fidus.brussels/type/common/messages/v1" xmlns:v3="http://socialsecurity.be/umanentityrepresentative/types/v3">
   <soapenv:Header/>
   <soapenv:Body>
      <v1:findRepresentativeRolesByINSSRequest>
         <v1:messageContext>
         	  <v11:messageId>${=import static java.util.UUID.randomUUID; uuid = randomUUID() as String}</v11:messageId>
            <v11:timestamp>${=new java.text.SimpleDateFormat("yyyy-MM-dd'T'HH:mm:ss.SSS").format(new Date())}</v11:timestamp>
         </v1:messageContext>
         <v1:legalContext>ServiceIntegrator</v1:legalContext>
         <v1:request>
            <v1:Domain>QUAL_FED_HEALTHCARE</v1:Domain>
            <v1:INSS>86051933959</v1:INSS>
            <v1:Language>nl</v1:Language>
         </v1:request>
      </v1:findRepresentativeRolesByINSSRequest>
   </soapenv:Body>
</soapenv:Envelope>]]></con:request><con:assertion type="SOAP Fault Assertion" id="64c06d7f-6ac5-4838-b86e-2076197829b7" name="Not SOAP Fault"/><con:assertion type="SOAP Response" id="a8937bdf-1a4f-4403-86c1-f0369b80579d" name="SOAP Response"/><con:assertion type="Schema Compliance" id="04b50bb9-3cab-43b4-a8dc-2f8b0b987b91" name="Schema Compliance"><con:configuration/></con:assertion><con:wsaConfig action="http://fidus.brussels/services/accessmanagerservice/findRepresentativeRolesByINSS"/></con:request></con:config></con:testStep><con:properties/></con:testCase><con:testCase id="3e9d87e3-5b8a-4d88-a27b-42fcbc4b39d1" failOnError="true" failTestCaseOnErrors="true" keepSession="false" maxResults="0" name="getDomain" searchProperties="true"><con:settings/><con:testStep type="request" id="c287db84-27f3-4a34-bdc4-de06a7c09678" name="testcase3 - Test - LB - Request"><con:settings/><con:config xsi:type="con:RequestStep" xmlns:xsi="http://www.w3.org/2001/XMLSchema-instance"><con:interface>AccessManagerServiceHTTPBinding</con:interface><con:operation>getDomain</con:operation><con:request name="testcase3 - Test - LB - Request" id="7777e71f-7bf1-4a2a-a5ac-0c634ea6ae57" outgoingWss="Outflow TEST"><con:settings/><con:encoding>UTF-8</con:encoding><con:endpoint>https://esb-security-gw.sta.srv.cirb.lan:8443/services/AccessManagerService_v1.0</con:endpoint><con:request><![CDATA[<soapenv:Envelope xmlns:soapenv="http://schemas.xmlsoap.org/soap/envelope/" xmlns:v1="http://fidus.brussels/service/accessmanagerservice/messages/v1" xmlns:v11="http://fidus.brussels/type/common/messages/v1" >
   <soapenv:Header/>
   <soapenv:Body>
      <v1:getDomainRequest>
         <v1:messageContext>
         	  <v11:messageId>${=import static java.util.UUID.randomUUID; uuid = randomUUID() as String}</v11:messageId>
            <v11:timestamp>${=new java.text.SimpleDateFormat("yyyy-MM-dd'T'HH:mm:ss.SSS").format(new Date())}</v11:timestamp>
         </v1:messageContext>
         <v1:legalContext>ServiceIntegrator</v1:legalContext>
         <v1:request>
         	  <v1:Domain>FINANCE</v1:Domain>
            <v1:Language>fr</v1:Language>
         </v1:request>
      </v1:getDomainRequest>
   </soapenv:Body>
</soapenv:Envelope>]]></con:request><con:assertion type="SOAP Fault Assertion" id="df02eae9-8f03-446c-b81b-2781890f7a98" name="Not SOAP Fault"/><con:assertion type="SOAP Response" id="5ecf83eb-aeb0-4089-a826-cbdb7c70db23" name="SOAP Response"/><con:assertion type="Schema Compliance" id="2314db40-53ad-4903-9342-f863c721006d" name="Schema Compliance"><con:configuration/></con:assertion><con:wsaConfig action="http://fidus.brussels/services/accessmanagerservice/getDomain"/></con:request></con:config></con:testStep><con:testStep type="request" id="0c2e3489-a310-4e43-94e5-25de38884f57" name="testcase3 - Test - Worker1 - Request"><con:settings/><con:config xsi:type="con:RequestStep" xmlns:xsi="http://www.w3.org/2001/XMLSchema-instance"><con:interface>AccessManagerServiceHTTPBinding</con:interface><con:operation>getDomain</con:operation><con:request name="testcase3 - Test - Worker1 - Request" id="4e1903b8-86f3-4bd8-bae3-07af6d672b43" outgoingWss="Outflow TEST"><con:settings/><con:encoding>UTF-8</con:encoding><con:endpoint>https://192.168.22.53:8443/services/AccessManagerService_v1.0</con:endpoint><con:request><![CDATA[<soapenv:Envelope xmlns:soapenv="http://schemas.xmlsoap.org/soap/envelope/" xmlns:v1="http://fidus.brussels/service/accessmanagerservice/messages/v1" xmlns:v11="http://fidus.brussels/type/common/messages/v1" >
   <soapenv:Header/>
   <soapenv:Body>
      <v1:getDomainRequest>
         <v1:messageContext>
         	  <v11:messageId>${=import static java.util.UUID.randomUUID; uuid = randomUUID() as String}</v11:messageId>
            <v11:timestamp>${=new java.text.SimpleDateFormat("yyyy-MM-dd'T'HH:mm:ss.SSS").format(new Date())}</v11:timestamp>
         </v1:messageContext>
         <v1:legalContext>ServiceIntegrator</v1:legalContext>
         <v1:request>
         	  <v1:Domain>FINANCE</v1:Domain>
            <v1:Language>fr</v1:Language>
         </v1:request>
      </v1:getDomainRequest>
   </soapenv:Body>
</soapenv:Envelope>]]></con:request><con:assertion type="SOAP Fault Assertion" id="d2fb1a55-7124-41ba-a331-3313fb083e5a" name="Not SOAP Fault"/><con:assertion type="SOAP Response" id="01af819e-2acf-40ac-b45c-9dcff8205002" name="SOAP Response"/><con:assertion type="Schema Compliance" id="e8f2c8dc-9d41-43cc-a078-f113c264a1d4" name="Schema Compliance"><con:configuration/></con:assertion><con:wsaConfig action="http://fidus.brussels/services/accessmanagerservice/getDomain"/></con:request></con:config></con:testStep><con:testStep type="request" id="fea834da-339b-4282-b4ee-61f5158acccd" name="testcase3 - Test - Worker2 - Request"><con:settings/><con:config xsi:type="con:RequestStep" xmlns:xsi="http://www.w3.org/2001/XMLSchema-instance"><con:interface>AccessManagerServiceHTTPBinding</con:interface><con:operation>getDomain</con:operation><con:request name="testcase3 - Test - Worker2 - Request" id="22c0b65e-c7db-4121-b35c-2eaaf2070e82" outgoingWss="Outflow TEST"><con:settings/><con:encoding>UTF-8</con:encoding><con:endpoint>https://192.168.22.54:8443/services/AccessManagerService_v1.0</con:endpoint><con:request><![CDATA[<soapenv:Envelope xmlns:soapenv="http://schemas.xmlsoap.org/soap/envelope/" xmlns:v1="http://fidus.brussels/service/accessmanagerservice/messages/v1" xmlns:v11="http://fidus.brussels/type/common/messages/v1" >
   <soapenv:Header/>
   <soapenv:Body>
      <v1:getDomainRequest>
         <v1:messageContext>
         	  <v11:messageId>${=import static java.util.UUID.randomUUID; uuid = randomUUID() as String}</v11:messageId>
            <v11:timestamp>${=new java.text.SimpleDateFormat("yyyy-MM-dd'T'HH:mm:ss.SSS").format(new Date())}</v11:timestamp>
         </v1:messageContext>
         <v1:legalContext>ServiceIntegrator</v1:legalContext>
         <v1:request>
         	  <v1:Domain>FINANCE</v1:Domain>
            <v1:Language>fr</v1:Language>
         </v1:request>
      </v1:getDomainRequest>
   </soapenv:Body>
</soapenv:Envelope>]]></con:request><con:assertion type="SOAP Fault Assertion" id="73f146b6-77fb-4d4d-a60a-4ebceea48feb" name="Not SOAP Fault"/><con:assertion type="SOAP Response" id="12359696-69de-4d62-b3a3-83602c45ee21" name="SOAP Response"/><con:assertion type="Schema Compliance" id="075c0c27-9029-4f89-99f6-a559082bfad2" name="Schema Compliance"><con:configuration/></con:assertion><con:wsaConfig action="http://fidus.brussels/services/accessmanagerservice/getDomain"/></con:request></con:config></con:testStep><con:testStep type="request" id="96d63be9-f894-42ee-b0b3-9a3a99d263cc" name="testcase3 - Test - Worker1New - Request"><con:settings/><con:config xsi:type="con:RequestStep" xmlns:xsi="http://www.w3.org/2001/XMLSchema-instance"><con:interface>AccessManagerServiceHTTPBinding</con:interface><con:operation>getDomain</con:operation><con:request name="testcase3 - Test - Worker1New - Request" id="e298f589-679f-4b9c-b346-49d73be946bf" outgoingWss="Outflow TEST"><con:settings/><con:encoding>UTF-8</con:encoding><con:endpoint>https://192.168.22.73:8443/services/AccessManagerService_v1.0</con:endpoint><con:request><![CDATA[<soapenv:Envelope xmlns:soapenv="http://schemas.xmlsoap.org/soap/envelope/" xmlns:v1="http://fidus.brussels/service/accessmanagerservice/messages/v1" xmlns:v11="http://fidus.brussels/type/common/messages/v1" >
   <soapenv:Header/>
   <soapenv:Body>
      <v1:getDomainRequest>
         <v1:messageContext>
         	  <v11:messageId>${=import static java.util.UUID.randomUUID; uuid = randomUUID() as String}</v11:messageId>
            <v11:timestamp>${=new java.text.SimpleDateFormat("yyyy-MM-dd'T'HH:mm:ss.SSS").format(new Date())}</v11:timestamp>
         </v1:messageContext>
         <v1:legalContext>ServiceIntegrator</v1:legalContext>
         <v1:request>
         	  <v1:Domain>FINANCE</v1:Domain>
            <v1:Language>fr</v1:Language>
         </v1:request>
      </v1:getDomainRequest>
   </soapenv:Body>
</soapenv:Envelope>]]></con:request><con:assertion type="SOAP Fault Assertion" id="3d1682bf-55d5-4edb-9147-ccf55ae45260" name="Not SOAP Fault"/><con:assertion type="SOAP Response" id="33a33e29-2870-4cae-8b26-e90ef7394170" name="SOAP Response"/><con:assertion type="Schema Compliance" id="06bb8657-4a97-404f-bf0d-6c90a39329b0" name="Schema Compliance"><con:configuration/></con:assertion><con:wsaConfig action="http://fidus.brussels/services/accessmanagerservice/getDomain"/></con:request></con:config></con:testStep><con:testStep type="request" id="b6a7d5d5-3c50-49c1-9b40-1806ce84542f" name="testcase3 - Test - Worker2New - Request"><con:settings/><con:config xsi:type="con:RequestStep" xmlns:xsi="http://www.w3.org/2001/XMLSchema-instance"><con:interface>AccessManagerServiceHTTPBinding</con:interface><con:operation>getDomain</con:operation><con:request name="testcase3 - Test - Worker2New - Request" id="20e5be5d-b640-4c70-90e5-ec0871f49c20" outgoingWss="Outflow TEST"><con:settings/><con:encoding>UTF-8</con:encoding><con:endpoint>https://192.168.22.93:8443/services/AccessManagerService_v1.0</con:endpoint><con:request><![CDATA[<soapenv:Envelope xmlns:soapenv="http://schemas.xmlsoap.org/soap/envelope/" xmlns:v1="http://fidus.brussels/service/accessmanagerservice/messages/v1" xmlns:v11="http://fidus.brussels/type/common/messages/v1" >
   <soapenv:Header/>
   <soapenv:Body>
      <v1:getDomainRequest>
         <v1:messageContext>
         	  <v11:messageId>${=import static java.util.UUID.randomUUID; uuid = randomUUID() as String}</v11:messageId>
            <v11:timestamp>${=new java.text.SimpleDateFormat("yyyy-MM-dd'T'HH:mm:ss.SSS").format(new Date())}</v11:timestamp>
         </v1:messageContext>
         <v1:legalContext>ServiceIntegrator</v1:legalContext>
         <v1:request>
         	  <v1:Domain>FINANCE</v1:Domain>
            <v1:Language>fr</v1:Language>
         </v1:request>
      </v1:getDomainRequest>
   </soapenv:Body>
</soapenv:Envelope>]]></con:request><con:assertion type="SOAP Fault Assertion" id="2a1458dc-5bcd-40d5-a017-af2497da5268" name="Not SOAP Fault"/><con:assertion type="SOAP Response" id="33533ba1-fa55-4628-a506-b206c011b517" name="SOAP Response"/><con:assertion type="Schema Compliance" id="86eaae19-775b-491b-9c08-6bf733799b6b" name="Schema Compliance"><con:configuration/></con:assertion><con:wsaConfig action="http://fidus.brussels/services/accessmanagerservice/getDomain"/></con:request></con:config></con:testStep><con:properties/></con:testCase><con:testCase id="306596cc-fca7-43b7-b5a9-4de2a1f69710" failOnError="true" failTestCaseOnErrors="true" keepSession="false" maxResults="0" name="getEntityRepresentatives" searchProperties="true"><con:settings/><con:testStep type="request" id="77396b9a-7270-4fcd-8b29-477ff435df93" name="testcase3 - Test - LB - Request"><con:settings/><con:config xsi:type="con:RequestStep" xmlns:xsi="http://www.w3.org/2001/XMLSchema-instance"><con:interface>AccessManagerServiceHTTPBinding</con:interface><con:operation>getEntityRepresentatives</con:operation><con:request name="testcase3 - Test - LB - Request" id="1e0bdf89-53ae-4779-8b85-928f7f42ef25" outgoingWss="Outflow TEST"><con:settings/><con:encoding>UTF-8</con:encoding><con:endpoint>https://esb-security-gw.sta.srv.cirb.lan:8443/services/AccessManagerService_v1.0</con:endpoint><con:request><![CDATA[<soapenv:Envelope xmlns:soapenv="http://schemas.xmlsoap.org/soap/envelope/" xmlns:v1="http://fidus.brussels/service/accessmanagerservice/messages/v1" xmlns:v11="http://fidus.brussels/type/common/messages/v1" xmlns:v31="http://socialsecurity.be/umanentityrepresentative/types/v3" >
   <soapenv:Header/>
   <soapenv:Body>
      <v1:getEntityRepresentativesRequest>
         <v1:messageContext>
         	  <v11:messageId>${=import static java.util.UUID.randomUUID; uuid = randomUUID() as String}</v11:messageId>
            <v11:timestamp>${=new java.text.SimpleDateFormat("yyyy-MM-dd'T'HH:mm:ss.SSS").format(new Date())}</v11:timestamp>
         </v1:messageContext>
         <v1:legalContext>ServiceIntegrator</v1:legalContext>
         <v1:request>
            <v1:Domain>QUAL_FED_HEALTHCARE</v1:Domain>
            <v1:OrganisationId>
               <v31:Identifier>1990000431</v31:Identifier>
               <v31:IdentifierType>BEEHP</v31:IdentifierType>
            </v1:OrganisationId>
            <v1:Language>nl</v1:Language>
         </v1:request>
      </v1:getEntityRepresentativesRequest>
   </soapenv:Body>
</soapenv:Envelope>]]></con:request><con:assertion type="SOAP Fault Assertion" id="a7b01ffe-4752-4230-9090-e088a2059580" name="Not SOAP Fault"/><con:assertion type="SOAP Response" id="de1422bf-e34a-424a-b095-f6bdc3dc9ae1" name="SOAP Response"/><con:assertion type="Schema Compliance" id="66837a94-998b-4717-8a01-f69edda1843c" name="Schema Compliance"><con:configuration/></con:assertion><con:wsaConfig action="http://fidus.brussels/services/accessmanagerservice/getEntityRepresentatives"/></con:request></con:config></con:testStep><con:testStep type="request" id="3ba56ae9-bd21-49e3-84b6-c2ce3864c73f" name="testcase3 - Test - Worker1 - Request"><con:settings/><con:config xsi:type="con:RequestStep" xmlns:xsi="http://www.w3.org/2001/XMLSchema-instance"><con:interface>AccessManagerServiceHTTPBinding</con:interface><con:operation>getEntityRepresentatives</con:operation><con:request name="testcase3 - Test - Worker1 - Request" id="9768ab08-cdf8-4d78-9d02-4987652d881a" outgoingWss="Outflow TEST"><con:settings/><con:encoding>UTF-8</con:encoding><con:endpoint>https://192.168.22.53:8443/services/AccessManagerService_v1.0</con:endpoint><con:request><![CDATA[<soapenv:Envelope xmlns:soapenv="http://schemas.xmlsoap.org/soap/envelope/" xmlns:v1="http://fidus.brussels/service/accessmanagerservice/messages/v1" xmlns:v11="http://fidus.brussels/type/common/messages/v1" xmlns:v31="http://socialsecurity.be/umanentityrepresentative/types/v3" >
   <soapenv:Header/>
   <soapenv:Body>
      <v1:getEntityRepresentativesRequest>
         <v1:messageContext>
         	  <v11:messageId>${=import static java.util.UUID.randomUUID; uuid = randomUUID() as String}</v11:messageId>
            <v11:timestamp>${=new java.text.SimpleDateFormat("yyyy-MM-dd'T'HH:mm:ss.SSS").format(new Date())}</v11:timestamp>
         </v1:messageContext>
         <v1:legalContext>ServiceIntegrator</v1:legalContext>
         <v1:request>
            <v1:Domain>QUAL_FED_HEALTHCARE</v1:Domain>
            <v1:OrganisationId>
               <v31:Identifier>1990000431</v31:Identifier>
               <v31:IdentifierType>BEEHP</v31:IdentifierType>
            </v1:OrganisationId>
            <v1:Language>nl</v1:Language>
         </v1:request>
      </v1:getEntityRepresentativesRequest>
   </soapenv:Body>
</soapenv:Envelope>]]></con:request><con:assertion type="SOAP Fault Assertion" id="52389ce9-6a76-4f75-ab35-845605175bcd" name="Not SOAP Fault"/><con:assertion type="SOAP Response" id="3cf60321-3543-4ea5-9fe5-f6ed41d69af1" name="SOAP Response"/><con:assertion type="Schema Compliance" id="8e2dab05-8189-4732-a07b-5434ddeac428" name="Schema Compliance"><con:configuration/></con:assertion><con:wsaConfig action="http://fidus.brussels/services/accessmanagerservice/getEntityRepresentatives"/></con:request></con:config></con:testStep><con:testStep type="request" id="6aff6e69-60e6-48f9-ad2d-4075359fe76e" name="testcase3 - Test - Worker2 - Request"><con:settings/><con:config xsi:type="con:RequestStep" xmlns:xsi="http://www.w3.org/2001/XMLSchema-instance"><con:interface>AccessManagerServiceHTTPBinding</con:interface><con:operation>getEntityRepresentatives</con:operation><con:request name="testcase3 - Test - Worker2 - Request" id="6439e9a2-dbec-41eb-8a7f-9eeddad3bbc0" outgoingWss="Outflow TEST"><con:settings/><con:encoding>UTF-8</con:encoding><con:endpoint>https://192.168.22.54:8443/services/AccessManagerService_v1.0</con:endpoint><con:request><![CDATA[<soapenv:Envelope xmlns:soapenv="http://schemas.xmlsoap.org/soap/envelope/" xmlns:v1="http://fidus.brussels/service/accessmanagerservice/messages/v1" xmlns:v11="http://fidus.brussels/type/common/messages/v1" xmlns:v31="http://socialsecurity.be/umanentityrepresentative/types/v3" >
   <soapenv:Header/>
   <soapenv:Body>
      <v1:getEntityRepresentativesRequest>
         <v1:messageContext>
         	  <v11:messageId>${=import static java.util.UUID.randomUUID; uuid = randomUUID() as String}</v11:messageId>
            <v11:timestamp>${=new java.text.SimpleDateFormat("yyyy-MM-dd'T'HH:mm:ss.SSS").format(new Date())}</v11:timestamp>
         </v1:messageContext>
         <v1:legalContext>ServiceIntegrator</v1:legalContext>
         <v1:request>
            <v1:Domain>QUAL_FED_HEALTHCARE</v1:Domain>
            <v1:OrganisationId>
               <v31:Identifier>1990000431</v31:Identifier>
               <v31:IdentifierType>BEEHP</v31:IdentifierType>
            </v1:OrganisationId>
            <v1:Language>nl</v1:Language>
         </v1:request>
      </v1:getEntityRepresentativesRequest>
   </soapenv:Body>
</soapenv:Envelope>]]></con:request><con:assertion type="SOAP Fault Assertion" id="d477e982-f372-4858-ab65-dc51d4c36acc" name="Not SOAP Fault"/><con:assertion type="SOAP Response" id="f0247520-1b7a-43df-8774-b44f09fb3ba3" name="SOAP Response"/><con:assertion type="Schema Compliance" id="5a28ffac-1f62-4b31-a5ac-05080b0ffdce" name="Schema Compliance"><con:configuration/></con:assertion><con:wsaConfig action="http://fidus.brussels/services/accessmanagerservice/getEntityRepresentatives"/></con:request></con:config></con:testStep><con:testStep type="request" id="e9829ad0-0593-4d25-a447-6b6b9c40b116" name="testcase3 - Test - Worker1New - Request"><con:settings/><con:config xsi:type="con:RequestStep" xmlns:xsi="http://www.w3.org/2001/XMLSchema-instance"><con:interface>AccessManagerServiceHTTPBinding</con:interface><con:operation>getEntityRepresentatives</con:operation><con:request name="testcase3 - Test - Worker1New - Request" id="9d08ebf7-e75c-4a24-bb49-98773a429ba5" outgoingWss="Outflow TEST"><con:settings/><con:encoding>UTF-8</con:encoding><con:endpoint>https://192.168.22.73:8443/services/AccessManagerService_v1.0</con:endpoint><con:request><![CDATA[<soapenv:Envelope xmlns:soapenv="http://schemas.xmlsoap.org/soap/envelope/" xmlns:v1="http://fidus.brussels/service/accessmanagerservice/messages/v1" xmlns:v11="http://fidus.brussels/type/common/messages/v1" xmlns:v31="http://socialsecurity.be/umanentityrepresentative/types/v3" >
   <soapenv:Header/>
   <soapenv:Body>
      <v1:getEntityRepresentativesRequest>
         <v1:messageContext>
         	  <v11:messageId>${=import static java.util.UUID.randomUUID; uuid = randomUUID() as String}</v11:messageId>
            <v11:timestamp>${=new java.text.SimpleDateFormat("yyyy-MM-dd'T'HH:mm:ss.SSS").format(new Date())}</v11:timestamp>
         </v1:messageContext>
         <v1:legalContext>ServiceIntegrator</v1:legalContext>
         <v1:request>
            <v1:Domain>QUAL_FED_HEALTHCARE</v1:Domain>
            <v1:OrganisationId>
               <v31:Identifier>1990000431</v31:Identifier>
               <v31:IdentifierType>BEEHP</v31:IdentifierType>
            </v1:OrganisationId>
            <v1:Language>nl</v1:Language>
         </v1:request>
      </v1:getEntityRepresentativesRequest>
   </soapenv:Body>
</soapenv:Envelope>]]></con:request><con:assertion type="SOAP Fault Assertion" id="50058cf3-a0cb-4e6b-9ca9-cc83df93c67b" name="Not SOAP Fault"/><con:assertion type="SOAP Response" id="33f8c12f-d6a8-46c4-90a1-1a093bd91885" name="SOAP Response"/><con:assertion type="Schema Compliance" id="35e55c15-1b99-4299-8e32-35955cc25c42" name="Schema Compliance"><con:configuration/></con:assertion><con:wsaConfig action="http://fidus.brussels/services/accessmanagerservice/getEntityRepresentatives"/></con:request></con:config></con:testStep><con:testStep type="request" id="9cf31632-4e23-4f6e-aec6-cc037ce5c11e" name="testcase3 - Test - Worker2New - Request"><con:settings/><con:config xsi:type="con:RequestStep" xmlns:xsi="http://www.w3.org/2001/XMLSchema-instance"><con:interface>AccessManagerServiceHTTPBinding</con:interface><con:operation>getEntityRepresentatives</con:operation><con:request name="testcase3 - Test - Worker2New - Request" id="f3164e53-b57b-4c46-8077-ef36d93ca242" outgoingWss="Outflow TEST"><con:settings/><con:encoding>UTF-8</con:encoding><con:endpoint>https://192.168.22.93:8443/services/AccessManagerService_v1.0</con:endpoint><con:request><![CDATA[<soapenv:Envelope xmlns:soapenv="http://schemas.xmlsoap.org/soap/envelope/" xmlns:v1="http://fidus.brussels/service/accessmanagerservice/messages/v1" xmlns:v11="http://fidus.brussels/type/common/messages/v1" xmlns:v31="http://socialsecurity.be/umanentityrepresentative/types/v3" >
   <soapenv:Header/>
   <soapenv:Body>
      <v1:getEntityRepresentativesRequest>
         <v1:messageContext>
         	  <v11:messageId>${=import static java.util.UUID.randomUUID; uuid = randomUUID() as String}</v11:messageId>
            <v11:timestamp>${=new java.text.SimpleDateFormat("yyyy-MM-dd'T'HH:mm:ss.SSS").format(new Date())}</v11:timestamp>
         </v1:messageContext>
         <v1:legalContext>ServiceIntegrator</v1:legalContext>
         <v1:request>
            <v1:Domain>QUAL_FED_HEALTHCARE</v1:Domain>
            <v1:OrganisationId>
               <v31:Identifier>1990000431</v31:Identifier>
               <v31:IdentifierType>BEEHP</v31:IdentifierType>
            </v1:OrganisationId>
            <v1:Language>nl</v1:Language>
         </v1:request>
      </v1:getEntityRepresentativesRequest>
   </soapenv:Body>
</soapenv:Envelope>]]></con:request><con:assertion type="SOAP Fault Assertion" id="3817f228-a228-461c-a051-48f13db5dd4d" name="Not SOAP Fault"/><con:assertion type="SOAP Response" id="5b3a6077-9c03-4aa2-b01e-b54c2755b6e6" name="SOAP Response"/><con:assertion type="Schema Compliance" id="e589d6f4-a402-429b-b037-a5be6406e128" name="Schema Compliance"><con:configuration/></con:assertion><con:wsaConfig action="http://fidus.brussels/services/accessmanagerservice/getEntityRepresentatives"/></con:request></con:config></con:testStep><con:properties/></con:testCase><con:testCase id="8022f4df-8723-4dc2-85c0-b1908ce9c075" failOnError="true" failTestCaseOnErrors="true" keepSession="false" maxResults="0" name="getOrganisationChildNodes" searchProperties="true"><con:settings/><con:testStep type="request" id="b7567477-f81b-47d2-82a9-55f1d976d33d" name="testcase3 - Test - LB - Request"><con:settings/><con:config xsi:type="con:RequestStep" xmlns:xsi="http://www.w3.org/2001/XMLSchema-instance"><con:interface>AccessManagerServiceHTTPBinding</con:interface><con:operation>getOrganisationChildNodes</con:operation><con:request name="testcase3 - Test - LB - Request" id="aee68af2-5e48-47b2-bee3-8bbfb59e71ae" outgoingWss="Outflow TEST"><con:settings/><con:encoding>UTF-8</con:encoding><con:endpoint>https://esb-security-gw.sta.srv.cirb.lan:8443/services/AccessManagerService_v1.0</con:endpoint><con:request><![CDATA[<soapenv:Envelope xmlns:soapenv="http://schemas.xmlsoap.org/soap/envelope/" xmlns:v1="http://fidus.brussels/service/accessmanagerservice/messages/v1" xmlns:v11="http://fidus.brussels/type/common/messages/v1" xmlns:v31="http://socialsecurity.be/umanentityrepresentative/types/v3">
   <soapenv:Header/>
   <soapenv:Body>
      <v1:getOrganisationChildNodesRequest>
         <v1:messageContext>
         	  <v11:messageId>${=import static java.util.UUID.randomUUID; uuid = randomUUID() as String}</v11:messageId>
            <v11:timestamp>${=new java.text.SimpleDateFormat("yyyy-MM-dd'T'HH:mm:ss.SSS").format(new Date())}</v11:timestamp>
         </v1:messageContext>
         <v1:legalContext>ServiceIntegrator</v1:legalContext>
         <v1:request>
            <v1:Domain>QUAL_FED_HEALTHCARE</v1:Domain>
            <v1:OrganisationId>
               <v31:Identifier>1990000431</v31:Identifier>
               <v31:IdentifierType>BEEHP</v31:IdentifierType>
            </v1:OrganisationId>
            <v1:Language>nl</v1:Language>
         </v1:request>
      </v1:getOrganisationChildNodesRequest>
   </soapenv:Body>
</soapenv:Envelope>]]></con:request><con:assertion type="SOAP Fault Assertion" id="80f15518-d77c-49fa-8060-bad268919201" name="Not SOAP Fault"/><con:assertion type="SOAP Response" id="50a4d92f-5305-416f-adfc-d8297fc4b737" name="SOAP Response"/><con:assertion type="Schema Compliance" id="1b6a4f20-9260-413b-8a0d-d7eed7b2237a" name="Schema Compliance"><con:configuration/></con:assertion><con:wsaConfig action="http://fidus.brussels/services/accessmanagerservice/getOrganisationChildNodes"/></con:request></con:config></con:testStep><con:testStep type="request" id="0dd092f8-3fcc-4d8a-83c4-3f09f8692c53" name="testcase3 - Test - Worker1 - Request"><con:settings/><con:config xsi:type="con:RequestStep" xmlns:xsi="http://www.w3.org/2001/XMLSchema-instance"><con:interface>AccessManagerServiceHTTPBinding</con:interface><con:operation>getOrganisationChildNodes</con:operation><con:request name="testcase3 - Test - Worker1 - Request" id="b9b20db9-abbb-4c28-8949-53b6b809b007" outgoingWss="Outflow TEST"><con:settings/><con:encoding>UTF-8</con:encoding><con:endpoint>https://192.168.22.53:8443/services/AccessManagerService_v1.0</con:endpoint><con:request><![CDATA[<soapenv:Envelope xmlns:soapenv="http://schemas.xmlsoap.org/soap/envelope/" xmlns:v1="http://fidus.brussels/service/accessmanagerservice/messages/v1" xmlns:v11="http://fidus.brussels/type/common/messages/v1" xmlns:v31="http://socialsecurity.be/umanentityrepresentative/types/v3">
   <soapenv:Header/>
   <soapenv:Body>
      <v1:getOrganisationChildNodesRequest>
         <v1:messageContext>
         	  <v11:messageId>${=import static java.util.UUID.randomUUID; uuid = randomUUID() as String}</v11:messageId>
            <v11:timestamp>${=new java.text.SimpleDateFormat("yyyy-MM-dd'T'HH:mm:ss.SSS").format(new Date())}</v11:timestamp>
         </v1:messageContext>
         <v1:legalContext>ServiceIntegrator</v1:legalContext>
         <v1:request>
            <v1:Domain>QUAL_FED_HEALTHCARE</v1:Domain>
            <v1:OrganisationId>
               <v31:Identifier>1990000431</v31:Identifier>
               <v31:IdentifierType>BEEHP</v31:IdentifierType>
            </v1:OrganisationId>
            <v1:Language>nl</v1:Language>
         </v1:request>
      </v1:getOrganisationChildNodesRequest>
   </soapenv:Body>
</soapenv:Envelope>]]></con:request><con:assertion type="SOAP Fault Assertion" id="20a14ac3-b62e-4b03-825c-ac24669f099f" name="Not SOAP Fault"/><con:assertion type="SOAP Response" id="a41e5ec6-0381-4b47-abb5-0fd74dcb48b9" name="SOAP Response"/><con:assertion type="Schema Compliance" id="55b177fb-146c-4fec-9ad3-3c265ad9fe27" name="Schema Compliance"><con:configuration/></con:assertion><con:wsaConfig action="http://fidus.brussels/services/accessmanagerservice/getOrganisationChildNodes"/></con:request></con:config></con:testStep><con:testStep type="request" id="4a5331e8-31b7-4e7b-a162-ccb1881a5ed5" name="testcase3 - Test - Worker2 - Request"><con:settings/><con:config xsi:type="con:RequestStep" xmlns:xsi="http://www.w3.org/2001/XMLSchema-instance"><con:interface>AccessManagerServiceHTTPBinding</con:interface><con:operation>getOrganisationChildNodes</con:operation><con:request name="testcase3 - Test - Worker2 - Request" id="47dc6eef-22dd-4d89-8205-08b869322140" outgoingWss="Outflow TEST"><con:settings/><con:encoding>UTF-8</con:encoding><con:endpoint>https://192.168.22.54:8443/services/AccessManagerService_v1.0</con:endpoint><con:request><![CDATA[<soapenv:Envelope xmlns:soapenv="http://schemas.xmlsoap.org/soap/envelope/" xmlns:v1="http://fidus.brussels/service/accessmanagerservice/messages/v1" xmlns:v11="http://fidus.brussels/type/common/messages/v1" xmlns:v31="http://socialsecurity.be/umanentityrepresentative/types/v3">
   <soapenv:Header/>
   <soapenv:Body>
      <v1:getOrganisationChildNodesRequest>
         <v1:messageContext>
         	  <v11:messageId>${=import static java.util.UUID.randomUUID; uuid = randomUUID() as String}</v11:messageId>
            <v11:timestamp>${=new java.text.SimpleDateFormat("yyyy-MM-dd'T'HH:mm:ss.SSS").format(new Date())}</v11:timestamp>
         </v1:messageContext>
         <v1:legalContext>ServiceIntegrator</v1:legalContext>
         <v1:request>
            <v1:Domain>QUAL_FED_HEALTHCARE</v1:Domain>
            <v1:OrganisationId>
               <v31:Identifier>1990000431</v31:Identifier>
               <v31:IdentifierType>BEEHP</v31:IdentifierType>
            </v1:OrganisationId>
            <v1:Language>nl</v1:Language>
         </v1:request>
      </v1:getOrganisationChildNodesRequest>
   </soapenv:Body>
</soapenv:Envelope>]]></con:request><con:assertion type="SOAP Fault Assertion" id="12aca098-2057-40a7-adda-b66ed4af0182" name="Not SOAP Fault"/><con:assertion type="SOAP Response" id="bece91ed-8b4a-44e4-b6b2-14fc31e6f9b7" name="SOAP Response"/><con:assertion type="Schema Compliance" id="d6ee95ea-7184-49f5-93b9-5dc6409b6f63" name="Schema Compliance"><con:configuration/></con:assertion><con:wsaConfig action="http://fidus.brussels/services/accessmanagerservice/getOrganisationChildNodes"/></con:request></con:config></con:testStep><con:testStep type="request" id="53fcdb71-6ba8-4b23-accc-480021958943" name="testcase3 - Test - Worker1New - Request"><con:settings/><con:config xsi:type="con:RequestStep" xmlns:xsi="http://www.w3.org/2001/XMLSchema-instance"><con:interface>AccessManagerServiceHTTPBinding</con:interface><con:operation>getOrganisationChildNodes</con:operation><con:request name="testcase3 - Test - Worker1New - Request" id="78ed75bd-10d8-4174-a9f1-9b1919ffee8c" outgoingWss="Outflow TEST"><con:settings/><con:encoding>UTF-8</con:encoding><con:endpoint>https://192.168.22.73:8443/services/AccessManagerService_v1.0</con:endpoint><con:request><![CDATA[<soapenv:Envelope xmlns:soapenv="http://schemas.xmlsoap.org/soap/envelope/" xmlns:v1="http://fidus.brussels/service/accessmanagerservice/messages/v1" xmlns:v11="http://fidus.brussels/type/common/messages/v1" xmlns:v31="http://socialsecurity.be/umanentityrepresentative/types/v3">
   <soapenv:Header/>
   <soapenv:Body>
      <v1:getOrganisationChildNodesRequest>
         <v1:messageContext>
         	  <v11:messageId>${=import static java.util.UUID.randomUUID; uuid = randomUUID() as String}</v11:messageId>
            <v11:timestamp>${=new java.text.SimpleDateFormat("yyyy-MM-dd'T'HH:mm:ss.SSS").format(new Date())}</v11:timestamp>
         </v1:messageContext>
         <v1:legalContext>ServiceIntegrator</v1:legalContext>
         <v1:request>
            <v1:Domain>QUAL_FED_HEALTHCARE</v1:Domain>
            <v1:OrganisationId>
               <v31:Identifier>1990000431</v31:Identifier>
               <v31:IdentifierType>BEEHP</v31:IdentifierType>
            </v1:OrganisationId>
            <v1:Language>nl</v1:Language>
         </v1:request>
      </v1:getOrganisationChildNodesRequest>
   </soapenv:Body>
</soapenv:Envelope>]]></con:request><con:assertion type="SOAP Fault Assertion" id="93781f3b-9121-49c3-8fe6-de6a10c145fb" name="Not SOAP Fault"/><con:assertion type="SOAP Response" id="0fe2146c-20be-494f-bc6a-3279aefa54df" name="SOAP Response"/><con:assertion type="Schema Compliance" id="d7aac103-3b0f-4c2d-92bd-af8ce5c12081" name="Schema Compliance"><con:configuration/></con:assertion><con:wsaConfig action="http://fidus.brussels/services/accessmanagerservice/getOrganisationChildNodes"/></con:request></con:config></con:testStep><con:testStep type="request" id="4ba1ac2a-ea8b-41f3-99a5-0df6c06db935" name="testcase3 - Test - Worker2New - Request"><con:settings/><con:config xsi:type="con:RequestStep" xmlns:xsi="http://www.w3.org/2001/XMLSchema-instance"><con:interface>AccessManagerServiceHTTPBinding</con:interface><con:operation>getOrganisationChildNodes</con:operation><con:request name="testcase3 - Test - Worker2New - Request" id="ada382c2-0b2f-4500-afed-96b550d3c024" outgoingWss="Outflow TEST"><con:settings/><con:encoding>UTF-8</con:encoding><con:endpoint>https://192.168.22.93:8443/services/AccessManagerService_v1.0</con:endpoint><con:request><![CDATA[<soapenv:Envelope xmlns:soapenv="http://schemas.xmlsoap.org/soap/envelope/" xmlns:v1="http://fidus.brussels/service/accessmanagerservice/messages/v1" xmlns:v11="http://fidus.brussels/type/common/messages/v1" xmlns:v31="http://socialsecurity.be/umanentityrepresentative/types/v3">
   <soapenv:Header/>
   <soapenv:Body>
      <v1:getOrganisationChildNodesRequest>
         <v1:messageContext>
         	  <v11:messageId>${=import static java.util.UUID.randomUUID; uuid = randomUUID() as String}</v11:messageId>
            <v11:timestamp>${=new java.text.SimpleDateFormat("yyyy-MM-dd'T'HH:mm:ss.SSS").format(new Date())}</v11:timestamp>
         </v1:messageContext>
         <v1:legalContext>ServiceIntegrator</v1:legalContext>
         <v1:request>
            <v1:Domain>QUAL_FED_HEALTHCARE</v1:Domain>
            <v1:OrganisationId>
               <v31:Identifier>1990000431</v31:Identifier>
               <v31:IdentifierType>BEEHP</v31:IdentifierType>
            </v1:OrganisationId>
            <v1:Language>nl</v1:Language>
         </v1:request>
      </v1:getOrganisationChildNodesRequest>
   </soapenv:Body>
</soapenv:Envelope>]]></con:request><con:assertion type="SOAP Fault Assertion" id="504dd823-a5d3-4149-a780-f436309fe996" name="Not SOAP Fault"/><con:assertion type="SOAP Response" id="31e52e07-4d20-44d5-87cc-a3052d04e76a" name="SOAP Response"/><con:assertion type="Schema Compliance" id="edea6a23-2be1-4bbf-88e5-608ac15ea6d6" name="Schema Compliance"><con:configuration/></con:assertion><con:wsaConfig action="http://fidus.brussels/services/accessmanagerservice/getOrganisationChildNodes"/></con:request></con:config></con:testStep><con:properties/></con:testCase><con:testCase id="795c25dc-bc63-4133-87ac-ba1c8bcb1b30" failOnError="true" failTestCaseOnErrors="true" keepSession="false" maxResults="0" name="getOrganisationDenomination" searchProperties="true"><con:settings/><con:testStep type="request" id="dd7d7bfa-3938-4474-9c58-86f745fe7b00" name="testcase3 - Test - LB - Request"><con:settings/><con:config xsi:type="con:RequestStep" xmlns:xsi="http://www.w3.org/2001/XMLSchema-instance"><con:interface>AccessManagerServiceHTTPBinding</con:interface><con:operation>getOrganisationDenomination</con:operation><con:request name="testcase3 - Test - LB - Request" id="aa48bc6b-7ae7-43c2-b4c8-bc356dc3a015" outgoingWss="Outflow TEST"><con:settings/><con:encoding>UTF-8</con:encoding><con:endpoint>https://esb-security-gw.sta.srv.cirb.lan:8443/services/AccessManagerService_v1.0</con:endpoint><con:request><![CDATA[<soapenv:Envelope xmlns:soapenv="http://schemas.xmlsoap.org/soap/envelope/" xmlns:v1="http://fidus.brussels/service/accessmanagerservice/messages/v1" xmlns:v11="http://fidus.brussels/type/common/messages/v1" xmlns:v31="http://socialsecurity.be/umanentityrepresentative/types/v3">
   <soapenv:Header/>
   <soapenv:Body>
      <v1:getOrganisationDenominationRequest>
         <v1:messageContext>
         	  <v11:messageId>${=import static java.util.UUID.randomUUID; uuid = randomUUID() as String}</v11:messageId>
            <v11:timestamp>${=new java.text.SimpleDateFormat("yyyy-MM-dd'T'HH:mm:ss.SSS").format(new Date())}</v11:timestamp>
         </v1:messageContext>
         <v1:legalContext>ServiceIntegrator</v1:legalContext>
         <v1:request>
            <v1:Domain>QUAL_FED_HEALTHCARE</v1:Domain>
            <v1:OrganisationId>
               <v31:Identifier>1990000431</v31:Identifier>
               <v31:IdentifierType>BEEHP</v31:IdentifierType>
            </v1:OrganisationId>
            <v1:Language>nl</v1:Language>
         </v1:request>
      </v1:getOrganisationDenominationRequest>
   </soapenv:Body>
</soapenv:Envelope>]]></con:request><con:assertion type="SOAP Fault Assertion" id="97c1bdcf-d3a1-4b76-b59f-d8a340fc3576" name="Not SOAP Fault"/><con:assertion type="SOAP Response" id="ec157820-5492-435e-9ccc-fc5d0ef2ac14" name="SOAP Response"/><con:assertion type="Schema Compliance" id="c01b0bd4-546e-40ca-86b2-f9fac0690528" name="Schema Compliance"><con:configuration/></con:assertion><con:wsaConfig action="http://fidus.brussels/services/accessmanagerservice/getOrganisationDenomination"/></con:request></con:config></con:testStep><con:testStep type="request" id="c53a8c5f-e5f5-44ca-ad34-ff280a31093f" name="testcase3 - Test - Worker1 - Request"><con:settings/><con:config xsi:type="con:RequestStep" xmlns:xsi="http://www.w3.org/2001/XMLSchema-instance"><con:interface>AccessManagerServiceHTTPBinding</con:interface><con:operation>getOrganisationDenomination</con:operation><con:request name="testcase3 - Test - Worker1 - Request" id="f00f9e8d-23dd-4a9d-bfcd-0a06ac19bdb5" outgoingWss="Outflow TEST"><con:settings/><con:encoding>UTF-8</con:encoding><con:endpoint>https://192.168.22.53:8443/services/AccessManagerService_v1.0</con:endpoint><con:request><![CDATA[<soapenv:Envelope xmlns:soapenv="http://schemas.xmlsoap.org/soap/envelope/" xmlns:v1="http://fidus.brussels/service/accessmanagerservice/messages/v1" xmlns:v11="http://fidus.brussels/type/common/messages/v1" xmlns:v31="http://socialsecurity.be/umanentityrepresentative/types/v3">
   <soapenv:Header/>
   <soapenv:Body>
      <v1:getOrganisationDenominationRequest>
         <v1:messageContext>
         	  <v11:messageId>${=import static java.util.UUID.randomUUID; uuid = randomUUID() as String}</v11:messageId>
            <v11:timestamp>${=new java.text.SimpleDateFormat("yyyy-MM-dd'T'HH:mm:ss.SSS").format(new Date())}</v11:timestamp>
         </v1:messageContext>
         <v1:legalContext>ServiceIntegrator</v1:legalContext>
         <v1:request>
            <v1:Domain>QUAL_FED_HEALTHCARE</v1:Domain>
            <v1:OrganisationId>
               <v31:Identifier>1990000431</v31:Identifier>
               <v31:IdentifierType>BEEHP</v31:IdentifierType>
            </v1:OrganisationId>
            <v1:Language>nl</v1:Language>
         </v1:request>
      </v1:getOrganisationDenominationRequest>
   </soapenv:Body>
</soapenv:Envelope>]]></con:request><con:assertion type="SOAP Fault Assertion" id="05f3f138-3c92-4a75-a0b4-c172d1277070" name="Not SOAP Fault"/><con:assertion type="SOAP Response" id="0051cf30-47c4-42a9-b198-fd7f6ec138ea" name="SOAP Response"/><con:assertion type="Schema Compliance" id="452dc787-5788-43cf-91d9-783a9dde9704" name="Schema Compliance"><con:configuration/></con:assertion><con:wsaConfig action="http://fidus.brussels/services/accessmanagerservice/getOrganisationDenomination"/></con:request></con:config></con:testStep><con:testStep type="request" id="1272eb12-0c8a-4aec-a10a-3317709f3784" name="testcase3 - Test - Worker2 - Request"><con:settings/><con:config xsi:type="con:RequestStep" xmlns:xsi="http://www.w3.org/2001/XMLSchema-instance"><con:interface>AccessManagerServiceHTTPBinding</con:interface><con:operation>getOrganisationDenomination</con:operation><con:request name="testcase3 - Test - Worker2 - Request" id="5a976374-7704-4f0f-9546-824cae579c9e" outgoingWss="Outflow TEST"><con:settings/><con:encoding>UTF-8</con:encoding><con:endpoint>https://192.168.22.54:8443/services/AccessManagerService_v1.0</con:endpoint><con:request><![CDATA[<soapenv:Envelope xmlns:soapenv="http://schemas.xmlsoap.org/soap/envelope/" xmlns:v1="http://fidus.brussels/service/accessmanagerservice/messages/v1" xmlns:v11="http://fidus.brussels/type/common/messages/v1" xmlns:v31="http://socialsecurity.be/umanentityrepresentative/types/v3">
   <soapenv:Header/>
   <soapenv:Body>
      <v1:getOrganisationDenominationRequest>
         <v1:messageContext>
         	  <v11:messageId>${=import static java.util.UUID.randomUUID; uuid = randomUUID() as String}</v11:messageId>
            <v11:timestamp>${=new java.text.SimpleDateFormat("yyyy-MM-dd'T'HH:mm:ss.SSS").format(new Date())}</v11:timestamp>
         </v1:messageContext>
         <v1:legalContext>ServiceIntegrator</v1:legalContext>
         <v1:request>
            <v1:Domain>QUAL_FED_HEALTHCARE</v1:Domain>
            <v1:OrganisationId>
               <v31:Identifier>1990000431</v31:Identifier>
               <v31:IdentifierType>BEEHP</v31:IdentifierType>
            </v1:OrganisationId>
            <v1:Language>nl</v1:Language>
         </v1:request>
      </v1:getOrganisationDenominationRequest>
   </soapenv:Body>
</soapenv:Envelope>]]></con:request><con:assertion type="SOAP Fault Assertion" id="5da9e167-b650-4cb2-a808-9b4f3585335c" name="Not SOAP Fault"/><con:assertion type="SOAP Response" id="87ebe5d6-b248-45e1-9741-13477f54b7c0" name="SOAP Response"/><con:assertion type="Schema Compliance" id="0ae9ce7b-7c8d-4ff6-8f7f-c2bd6763bfa1" name="Schema Compliance"><con:configuration/></con:assertion><con:wsaConfig action="http://fidus.brussels/services/accessmanagerservice/getOrganisationDenomination"/></con:request></con:config></con:testStep><con:testStep type="request" id="828c4f8a-3bc9-43b4-923f-6e255c65af55" name="testcase3 - Test - Worker1New - Request"><con:settings/><con:config xsi:type="con:RequestStep" xmlns:xsi="http://www.w3.org/2001/XMLSchema-instance"><con:interface>AccessManagerServiceHTTPBinding</con:interface><con:operation>getOrganisationDenomination</con:operation><con:request name="testcase3 - Test - Worker1New - Request" id="da7ef0c2-90f0-4fc6-a348-9575279ea041" outgoingWss="Outflow TEST"><con:settings/><con:encoding>UTF-8</con:encoding><con:endpoint>https://192.168.22.73:8443/services/AccessManagerService_v1.0</con:endpoint><con:request><![CDATA[<soapenv:Envelope xmlns:soapenv="http://schemas.xmlsoap.org/soap/envelope/" xmlns:v1="http://fidus.brussels/service/accessmanagerservice/messages/v1" xmlns:v11="http://fidus.brussels/type/common/messages/v1" xmlns:v31="http://socialsecurity.be/umanentityrepresentative/types/v3">
   <soapenv:Header/>
   <soapenv:Body>
      <v1:getOrganisationDenominationRequest>
         <v1:messageContext>
         	  <v11:messageId>${=import static java.util.UUID.randomUUID; uuid = randomUUID() as String}</v11:messageId>
            <v11:timestamp>${=new java.text.SimpleDateFormat("yyyy-MM-dd'T'HH:mm:ss.SSS").format(new Date())}</v11:timestamp>
         </v1:messageContext>
         <v1:legalContext>ServiceIntegrator</v1:legalContext>
         <v1:request>
            <v1:Domain>QUAL_FED_HEALTHCARE</v1:Domain>
            <v1:OrganisationId>
               <v31:Identifier>1990000431</v31:Identifier>
               <v31:IdentifierType>BEEHP</v31:IdentifierType>
            </v1:OrganisationId>
            <v1:Language>nl</v1:Language>
         </v1:request>
      </v1:getOrganisationDenominationRequest>
   </soapenv:Body>
</soapenv:Envelope>]]></con:request><con:assertion type="SOAP Fault Assertion" id="c2cf279f-dded-4015-b399-06cdce6e5fe4" name="Not SOAP Fault"/><con:assertion type="SOAP Response" id="141d4632-1fde-416a-bc97-a7ac4fafdcad" name="SOAP Response"/><con:assertion type="Schema Compliance" id="b8f69d95-fa6b-4e75-9c7d-540dee7885dc" name="Schema Compliance"><con:configuration/></con:assertion><con:wsaConfig action="http://fidus.brussels/services/accessmanagerservice/getOrganisationDenomination"/></con:request></con:config></con:testStep><con:testStep type="request" id="25d4acf7-3847-4a9e-85d9-1750e0168028" name="testcase3 - Test - Worker2New - Request"><con:settings/><con:config xsi:type="con:RequestStep" xmlns:xsi="http://www.w3.org/2001/XMLSchema-instance"><con:interface>AccessManagerServiceHTTPBinding</con:interface><con:operation>getOrganisationDenomination</con:operation><con:request name="testcase3 - Test - Worker2New - Request" id="9e4cfa07-ae53-4946-9cf2-6a9e1b9f7831" outgoingWss="Outflow TEST"><con:settings/><con:encoding>UTF-8</con:encoding><con:endpoint>https://192.168.22.93:8443/services/AccessManagerService_v1.0</con:endpoint><con:request><![CDATA[<soapenv:Envelope xmlns:soapenv="http://schemas.xmlsoap.org/soap/envelope/" xmlns:v1="http://fidus.brussels/service/accessmanagerservice/messages/v1" xmlns:v11="http://fidus.brussels/type/common/messages/v1" xmlns:v31="http://socialsecurity.be/umanentityrepresentative/types/v3">
   <soapenv:Header/>
   <soapenv:Body>
      <v1:getOrganisationDenominationRequest>
         <v1:messageContext>
         	  <v11:messageId>${=import static java.util.UUID.randomUUID; uuid = randomUUID() as String}</v11:messageId>
            <v11:timestamp>${=new java.text.SimpleDateFormat("yyyy-MM-dd'T'HH:mm:ss.SSS").format(new Date())}</v11:timestamp>
         </v1:messageContext>
         <v1:legalContext>ServiceIntegrator</v1:legalContext>
         <v1:request>
            <v1:Domain>QUAL_FED_HEALTHCARE</v1:Domain>
            <v1:OrganisationId>
               <v31:Identifier>1990000431</v31:Identifier>
               <v31:IdentifierType>BEEHP</v31:IdentifierType>
            </v1:OrganisationId>
            <v1:Language>nl</v1:Language>
         </v1:request>
      </v1:getOrganisationDenominationRequest>
   </soapenv:Body>
</soapenv:Envelope>]]></con:request><con:assertion type="SOAP Fault Assertion" id="24aa7aba-2924-4523-a94a-86e3439374c8" name="Not SOAP Fault"/><con:assertion type="SOAP Response" id="79c9acab-8dac-45ec-8d14-6fc758bf39ca" name="SOAP Response"/><con:assertion type="Schema Compliance" id="cc4170d3-a9af-42a7-a94c-0b8e51d37474" name="Schema Compliance"><con:configuration/></con:assertion><con:wsaConfig action="http://fidus.brussels/services/accessmanagerservice/getOrganisationDenomination"/></con:request></con:config></con:testStep><con:properties/></con:testCase><con:testCase id="ef4bb372-599b-4744-a3b1-dc43790e2c6f" failOnError="true" failTestCaseOnErrors="true" keepSession="false" maxResults="0" name="getOrganisationParentNodes" searchProperties="true"><con:settings/><con:testStep type="request" id="fbe04ab6-09b8-4d9b-a643-195017a8745b" name="testcase3 - Test - LB - Request"><con:settings/><con:config xsi:type="con:RequestStep" xmlns:xsi="http://www.w3.org/2001/XMLSchema-instance"><con:interface>AccessManagerServiceHTTPBinding</con:interface><con:operation>getOrganisationParentNodes</con:operation><con:request name="testcase3 - Test - LB - Request" id="319de401-2ab8-4646-95fb-b5a5a546b0d5" outgoingWss="Outflow TEST"><con:settings/><con:encoding>UTF-8</con:encoding><con:endpoint>https://esb-security-gw.sta.srv.cirb.lan:8443/services/AccessManagerService_v1.0</con:endpoint><con:request><![CDATA[<soapenv:Envelope xmlns:soapenv="http://schemas.xmlsoap.org/soap/envelope/" xmlns:v1="http://fidus.brussels/service/accessmanagerservice/messages/v1" xmlns:v11="http://fidus.brussels/type/common/messages/v1" xmlns:v31="http://socialsecurity.be/umanentityrepresentative/types/v3">
   <soapenv:Header/>
   <soapenv:Body>
      <v1:getOrganisationParentNodesRequest>
         <v1:messageContext>
         	  <v11:messageId>${=import static java.util.UUID.randomUUID; uuid = randomUUID() as String}</v11:messageId>
            <v11:timestamp>${=new java.text.SimpleDateFormat("yyyy-MM-dd'T'HH:mm:ss.SSS").format(new Date())}</v11:timestamp>
         </v1:messageContext>
         <v1:legalContext>ServiceIntegrator</v1:legalContext>
         <v1:request>
            <v1:Domain>QUAL_FED_HEALTHCARE</v1:Domain>
            <v1:OrganisationId>
               <v31:Identifier>1990000431</v31:Identifier>
               <v31:IdentifierType>BEEHP</v31:IdentifierType>
            </v1:OrganisationId>
            <v1:Language>nl</v1:Language>
         </v1:request>
      </v1:getOrganisationParentNodesRequest>
   </soapenv:Body>
</soapenv:Envelope>]]></con:request><con:assertion type="SOAP Fault Assertion" id="c42179fe-5ddf-4bff-ba43-cc2d24d20a36" name="Not SOAP Fault"/><con:assertion type="SOAP Response" id="d60e4261-f1cc-4862-b77d-cf9f37c1775e" name="SOAP Response"/><con:assertion type="Schema Compliance" id="a586a79f-3a02-44a8-a27e-a807743e9c1e" name="Schema Compliance"><con:configuration/></con:assertion><con:wsaConfig action="http://fidus.brussels/services/accessmanagerservice/getOrganisationParentNodes"/></con:request></con:config></con:testStep><con:testStep type="request" id="27c74c00-11f9-4a97-a4c4-ed60e86c980b" name="testcase3 - Test - Worker1 - Request"><con:settings/><con:config xsi:type="con:RequestStep" xmlns:xsi="http://www.w3.org/2001/XMLSchema-instance"><con:interface>AccessManagerServiceHTTPBinding</con:interface><con:operation>getOrganisationParentNodes</con:operation><con:request name="testcase3 - Test - Worker1 - Request" id="92326122-32fa-4dda-b5de-fb69e4b2c915" outgoingWss="Outflow TEST"><con:settings/><con:encoding>UTF-8</con:encoding><con:endpoint>https://192.168.22.53:8443/services/AccessManagerService_v1.0</con:endpoint><con:request><![CDATA[<soapenv:Envelope xmlns:soapenv="http://schemas.xmlsoap.org/soap/envelope/" xmlns:v1="http://fidus.brussels/service/accessmanagerservice/messages/v1" xmlns:v11="http://fidus.brussels/type/common/messages/v1" xmlns:v31="http://socialsecurity.be/umanentityrepresentative/types/v3">
   <soapenv:Header/>
   <soapenv:Body>
      <v1:getOrganisationParentNodesRequest>
         <v1:messageContext>
         	  <v11:messageId>${=import static java.util.UUID.randomUUID; uuid = randomUUID() as String}</v11:messageId>
            <v11:timestamp>${=new java.text.SimpleDateFormat("yyyy-MM-dd'T'HH:mm:ss.SSS").format(new Date())}</v11:timestamp>
         </v1:messageContext>
         <v1:legalContext>ServiceIntegrator</v1:legalContext>
         <v1:request>
            <v1:Domain>QUAL_FED_HEALTHCARE</v1:Domain>
            <v1:OrganisationId>
               <v31:Identifier>1990000431</v31:Identifier>
               <v31:IdentifierType>BEEHP</v31:IdentifierType>
            </v1:OrganisationId>
            <v1:Language>nl</v1:Language>
         </v1:request>
      </v1:getOrganisationParentNodesRequest>
   </soapenv:Body>
</soapenv:Envelope>]]></con:request><con:assertion type="SOAP Fault Assertion" id="28a21882-b557-42dd-9832-d60b0f9e9cd4" name="Not SOAP Fault"/><con:assertion type="SOAP Response" id="e9656a47-b914-4694-a7ba-583fd58af462" name="SOAP Response"/><con:assertion type="Schema Compliance" id="ff4e9d3b-a60f-413c-90d6-d6d71d0c5b8a" name="Schema Compliance"><con:configuration/></con:assertion><con:wsaConfig action="http://fidus.brussels/services/accessmanagerservice/getOrganisationParentNodes"/></con:request></con:config></con:testStep><con:testStep type="request" id="bab08b46-ed7f-43e1-9f9a-2813e0383c02" name="testcase3 - Test - Worker2 - Request"><con:settings/><con:config xsi:type="con:RequestStep" xmlns:xsi="http://www.w3.org/2001/XMLSchema-instance"><con:interface>AccessManagerServiceHTTPBinding</con:interface><con:operation>getOrganisationParentNodes</con:operation><con:request name="testcase3 - Test - Worker2 - Request" id="2ff4c549-5d5b-4d18-93fd-35673b8db99c" outgoingWss="Outflow TEST"><con:settings/><con:encoding>UTF-8</con:encoding><con:endpoint>https://192.168.22.54:8443/services/AccessManagerService_v1.0</con:endpoint><con:request><![CDATA[<soapenv:Envelope xmlns:soapenv="http://schemas.xmlsoap.org/soap/envelope/" xmlns:v1="http://fidus.brussels/service/accessmanagerservice/messages/v1" xmlns:v11="http://fidus.brussels/type/common/messages/v1" xmlns:v31="http://socialsecurity.be/umanentityrepresentative/types/v3">
   <soapenv:Header/>
   <soapenv:Body>
      <v1:getOrganisationParentNodesRequest>
         <v1:messageContext>
         	  <v11:messageId>${=import static java.util.UUID.randomUUID; uuid = randomUUID() as String}</v11:messageId>
            <v11:timestamp>${=new java.text.SimpleDateFormat("yyyy-MM-dd'T'HH:mm:ss.SSS").format(new Date())}</v11:timestamp>
         </v1:messageContext>
         <v1:legalContext>ServiceIntegrator</v1:legalContext>
         <v1:request>
            <v1:Domain>QUAL_FED_HEALTHCARE</v1:Domain>
            <v1:OrganisationId>
               <v31:Identifier>1990000431</v31:Identifier>
               <v31:IdentifierType>BEEHP</v31:IdentifierType>
            </v1:OrganisationId>
            <v1:Language>nl</v1:Language>
         </v1:request>
      </v1:getOrganisationParentNodesRequest>
   </soapenv:Body>
</soapenv:Envelope>]]></con:request><con:assertion type="SOAP Fault Assertion" id="9815cde0-b85c-4a2d-81a9-1f3f2080a733" name="Not SOAP Fault"/><con:assertion type="SOAP Response" id="beb479ba-7586-4657-a1c0-21593b3d6020" name="SOAP Response"/><con:assertion type="Schema Compliance" id="a7b19701-3678-4945-934d-72ece10c194d" name="Schema Compliance"><con:configuration/></con:assertion><con:wsaConfig action="http://fidus.brussels/services/accessmanagerservice/getOrganisationParentNodes"/></con:request></con:config></con:testStep><con:testStep type="request" id="8c33ef6c-670f-49e9-a55e-4862a7666ee4" name="testcase3 - Test - Worker1New - Request"><con:settings/><con:config xsi:type="con:RequestStep" xmlns:xsi="http://www.w3.org/2001/XMLSchema-instance"><con:interface>AccessManagerServiceHTTPBinding</con:interface><con:operation>getOrganisationParentNodes</con:operation><con:request name="testcase3 - Test - Worker1New - Request" id="4a09164c-4689-4870-8b47-9f04d5e2f00a" outgoingWss="Outflow TEST"><con:settings/><con:encoding>UTF-8</con:encoding><con:endpoint>https://192.168.22.73:8443/services/AccessManagerService_v1.0</con:endpoint><con:request><![CDATA[<soapenv:Envelope xmlns:soapenv="http://schemas.xmlsoap.org/soap/envelope/" xmlns:v1="http://fidus.brussels/service/accessmanagerservice/messages/v1" xmlns:v11="http://fidus.brussels/type/common/messages/v1" xmlns:v31="http://socialsecurity.be/umanentityrepresentative/types/v3">
   <soapenv:Header/>
   <soapenv:Body>
      <v1:getOrganisationParentNodesRequest>
         <v1:messageContext>
         	  <v11:messageId>${=import static java.util.UUID.randomUUID; uuid = randomUUID() as String}</v11:messageId>
            <v11:timestamp>${=new java.text.SimpleDateFormat("yyyy-MM-dd'T'HH:mm:ss.SSS").format(new Date())}</v11:timestamp>
         </v1:messageContext>
         <v1:legalContext>ServiceIntegrator</v1:legalContext>
         <v1:request>
            <v1:Domain>QUAL_FED_HEALTHCARE</v1:Domain>
            <v1:OrganisationId>
               <v31:Identifier>1990000431</v31:Identifier>
               <v31:IdentifierType>BEEHP</v31:IdentifierType>
            </v1:OrganisationId>
            <v1:Language>nl</v1:Language>
         </v1:request>
      </v1:getOrganisationParentNodesRequest>
   </soapenv:Body>
</soapenv:Envelope>]]></con:request><con:assertion type="SOAP Fault Assertion" id="1ad5ab49-914d-4758-8ea7-9be158aeb651" name="Not SOAP Fault"/><con:assertion type="SOAP Response" id="a5a5e423-70c4-4868-bc86-66ae53f09c19" name="SOAP Response"/><con:assertion type="Schema Compliance" id="8050380e-b60d-44b9-8289-10b9c2643832" name="Schema Compliance"><con:configuration/></con:assertion><con:wsaConfig action="http://fidus.brussels/services/accessmanagerservice/getOrganisationParentNodes"/></con:request></con:config></con:testStep><con:testStep type="request" id="47fd6482-130d-43b6-ae7c-b3189baf4ad6" name="testcase3 - Test - Worker2New - Request"><con:settings/><con:config xsi:type="con:RequestStep" xmlns:xsi="http://www.w3.org/2001/XMLSchema-instance"><con:interface>AccessManagerServiceHTTPBinding</con:interface><con:operation>getOrganisationParentNodes</con:operation><con:request name="testcase3 - Test - Worker2New - Request" id="093402f7-c9e1-40d0-8489-545c587c3ab2" outgoingWss="Outflow TEST"><con:settings/><con:encoding>UTF-8</con:encoding><con:endpoint>https://192.168.22.93:8443/services/AccessManagerService_v1.0</con:endpoint><con:request><![CDATA[<soapenv:Envelope xmlns:soapenv="http://schemas.xmlsoap.org/soap/envelope/" xmlns:v1="http://fidus.brussels/service/accessmanagerservice/messages/v1" xmlns:v11="http://fidus.brussels/type/common/messages/v1" xmlns:v31="http://socialsecurity.be/umanentityrepresentative/types/v3">
   <soapenv:Header/>
   <soapenv:Body>
      <v1:getOrganisationParentNodesRequest>
         <v1:messageContext>
         	  <v11:messageId>${=import static java.util.UUID.randomUUID; uuid = randomUUID() as String}</v11:messageId>
            <v11:timestamp>${=new java.text.SimpleDateFormat("yyyy-MM-dd'T'HH:mm:ss.SSS").format(new Date())}</v11:timestamp>
         </v1:messageContext>
         <v1:legalContext>ServiceIntegrator</v1:legalContext>
         <v1:request>
            <v1:Domain>QUAL_FED_HEALTHCARE</v1:Domain>
            <v1:OrganisationId>
               <v31:Identifier>1990000431</v31:Identifier>
               <v31:IdentifierType>BEEHP</v31:IdentifierType>
            </v1:OrganisationId>
            <v1:Language>nl</v1:Language>
         </v1:request>
      </v1:getOrganisationParentNodesRequest>
   </soapenv:Body>
</soapenv:Envelope>]]></con:request><con:assertion type="SOAP Fault Assertion" id="3221624b-698e-45f4-883f-130c64287c3d" name="Not SOAP Fault"/><con:assertion type="SOAP Response" id="8e341ec8-3de9-48f6-876c-27076e59467a" name="SOAP Response"/><con:assertion type="Schema Compliance" id="b90c5fdf-a64a-4640-ba2b-34652df61b28" name="Schema Compliance"><con:configuration/></con:assertion><con:wsaConfig action="http://fidus.brussels/services/accessmanagerservice/getOrganisationParentNodes"/></con:request></con:config></con:testStep><con:properties/></con:testCase><con:properties/></con:testSuite><con:testSuite id="819181ca-d625-4401-a45c-32a4df6ca885" name="STAG"><con:settings/><con:runType>SEQUENTIAL</con:runType><con:testCase id="646b131c-3be2-4915-b5f4-1d5b659a3bb2" failOnError="true" failTestCaseOnErrors="true" keepSession="false" maxResults="0" name="findRepresentativeRolesByINSS" searchProperties="true"><con:settings/><con:testStep type="request" id="857eb68d-bc81-4c7e-bdf4-d2b9ba988190" name="testcase4 - Staging - LB - Request"><con:settings/><con:config xsi:type="con:RequestStep" xmlns:xsi="http://www.w3.org/2001/XMLSchema-instance"><con:interface>AccessManagerServiceHTTPBinding</con:interface><con:operation>findRepresentativeRolesByINSS</con:operation><con:request name="testcase4 - Staging - LB - Request" id="efbfa1dc-46dc-4f64-aead-d4e2a4a042dc" outgoingWss="Outflow STAG"><con:settings/><con:encoding>UTF-8</con:encoding><con:endpoint>https://fidus-esb-sg.sta.srv.cirb.lan:8443/services/AccessManagerService_v1.0</con:endpoint><con:request><![CDATA[<soapenv:Envelope xmlns:soapenv="http://schemas.xmlsoap.org/soap/envelope/" xmlns:v1="http://fidus.brussels/service/accessmanagerservice/messages/v1" xmlns:v11="http://fidus.brussels/type/common/messages/v1" xmlns:v3="http://socialsecurity.be/umanentityrepresentative/types/v3">
   <soapenv:Header/>
   <soapenv:Body>
      <v1:findRepresentativeRolesByINSSRequest>
         <v1:messageContext>
         	  <v11:messageId>${=import static java.util.UUID.randomUUID; uuid = randomUUID() as String}</v11:messageId>
            <v11:timestamp>${=new java.text.SimpleDateFormat("yyyy-MM-dd'T'HH:mm:ss.SSS").format(new Date())}</v11:timestamp>
         </v1:messageContext>
         <v1:legalContext>ServiceIntegrator</v1:legalContext>
         <v1:request>
            <v1:Domain>QUAL_FED_HEALTHCARE</v1:Domain>
            <v1:INSS>86051933959</v1:INSS>
            <v1:Language>nl</v1:Language>
         </v1:request>
      </v1:findRepresentativeRolesByINSSRequest>
   </soapenv:Body>
</soapenv:Envelope>]]></con:request><con:assertion type="SOAP Fault Assertion" id="dac8ac43-afa7-4355-8648-61de1effab4d" name="Not SOAP Fault"/><con:assertion type="SOAP Response" id="4e3af0d0-052c-4e1a-87b1-c721ca37c71a" name="SOAP Response"/><con:assertion type="Schema Compliance" id="700273ff-96f6-4b57-b0b9-c06e4542b612" name="Schema Compliance"><con:configuration/></con:assertion><con:wsaConfig action="http://fidus.brussels/services/accessmanagerservice/findRepresentativeRolesByINSS"/></con:request></con:config></con:testStep><con:testStep type="request" id="348e0a0a-a2ca-4752-b1e9-af3590df0e89" name="testcase4 - Staging - Worker1 - Request"><con:settings/><con:config xsi:type="con:RequestStep" xmlns:xsi="http://www.w3.org/2001/XMLSchema-instance"><con:interface>AccessManagerServiceHTTPBinding</con:interface><con:operation>findRepresentativeRolesByINSS</con:operation><con:request name="testcase4 - Staging - Worker1 - Request" id="9e5a4a20-34c5-407e-a56c-83afab4abf3a" outgoingWss="Outflow STAG"><con:settings/><con:encoding>UTF-8</con:encoding><con:endpoint>https://192.168.24.16:8443/services/AccessManagerService_v1.0</con:endpoint><con:request><![CDATA[<soapenv:Envelope xmlns:soapenv="http://schemas.xmlsoap.org/soap/envelope/" xmlns:v1="http://fidus.brussels/service/accessmanagerservice/messages/v1" xmlns:v11="http://fidus.brussels/type/common/messages/v1" xmlns:v3="http://socialsecurity.be/umanentityrepresentative/types/v3">
   <soapenv:Header/>
   <soapenv:Body>
      <v1:findRepresentativeRolesByINSSRequest>
         <v1:messageContext>
         	  <v11:messageId>${=import static java.util.UUID.randomUUID; uuid = randomUUID() as String}</v11:messageId>
            <v11:timestamp>${=new java.text.SimpleDateFormat("yyyy-MM-dd'T'HH:mm:ss.SSS").format(new Date())}</v11:timestamp>
         </v1:messageContext>
         <v1:legalContext>ServiceIntegrator</v1:legalContext>
         <v1:request>
            <v1:Domain>QUAL_FED_HEALTHCARE</v1:Domain>
            <v1:INSS>86051933959</v1:INSS>
            <v1:Language>nl</v1:Language>
         </v1:request>
      </v1:findRepresentativeRolesByINSSRequest>
   </soapenv:Body>
</soapenv:Envelope>]]></con:request><con:assertion type="SOAP Fault Assertion" id="1b61c6ad-ff21-4047-9a7c-1607505b5ebd" name="Not SOAP Fault"/><con:assertion type="SOAP Response" id="09b167e3-ce84-406b-b1f7-96bcb7247350" name="SOAP Response"/><con:assertion type="Schema Compliance" id="661d6173-0578-4709-b041-c9a13640698b" name="Schema Compliance"><con:configuration/></con:assertion><con:wsaConfig action="http://fidus.brussels/services/accessmanagerservice/findRepresentativeRolesByINSS"/></con:request></con:config></con:testStep><con:testStep type="request" id="8c244e8c-94df-46db-9b20-af77815e0445" name="testcase4 - Staging - Worker2 - Request"><con:settings/><con:config xsi:type="con:RequestStep" xmlns:xsi="http://www.w3.org/2001/XMLSchema-instance"><con:interface>AccessManagerServiceHTTPBinding</con:interface><con:operation>findRepresentativeRolesByINSS</con:operation><con:request name="testcase4 - Staging - Worker2 - Request" id="b981ffb0-d52c-44b8-848e-ee4ba929801e" outgoingWss="Outflow STAG"><con:settings/><con:encoding>UTF-8</con:encoding><con:endpoint>https://192.168.24.17:8443/services/AccessManagerService_v1.0</con:endpoint><con:request><![CDATA[<soapenv:Envelope xmlns:soapenv="http://schemas.xmlsoap.org/soap/envelope/" xmlns:v1="http://fidus.brussels/service/accessmanagerservice/messages/v1" xmlns:v11="http://fidus.brussels/type/common/messages/v1" xmlns:v3="http://socialsecurity.be/umanentityrepresentative/types/v3">
   <soapenv:Header/>
   <soapenv:Body>
      <v1:findRepresentativeRolesByINSSRequest>
         <v1:messageContext>
         	  <v11:messageId>${=import static java.util.UUID.randomUUID; uuid = randomUUID() as String}</v11:messageId>
            <v11:timestamp>${=new java.text.SimpleDateFormat("yyyy-MM-dd'T'HH:mm:ss.SSS").format(new Date())}</v11:timestamp>
         </v1:messageContext>
         <v1:legalContext>ServiceIntegrator</v1:legalContext>
         <v1:request>
            <v1:Domain>QUAL_FED_HEALTHCARE</v1:Domain>
            <v1:INSS>86051933959</v1:INSS>
            <v1:Language>nl</v1:Language>
         </v1:request>
      </v1:findRepresentativeRolesByINSSRequest>
   </soapenv:Body>
</soapenv:Envelope>]]></con:request><con:assertion type="SOAP Fault Assertion" id="063b528b-27cc-4d6b-a7c9-cfeeb178189c" name="Not SOAP Fault"/><con:assertion type="SOAP Response" id="13dde4ff-b178-4e7e-9c7e-9bc8bb3ed016" name="SOAP Response"/><con:assertion type="Schema Compliance" id="5f0b75a2-1cd7-4ff5-8193-e81ad30da6aa" name="Schema Compliance"><con:configuration/></con:assertion><con:wsaConfig action="http://fidus.brussels/services/accessmanagerservice/findRepresentativeRolesByINSS"/></con:request></con:config></con:testStep><con:testStep type="request" id="009f3084-1096-4de8-80e1-090149f41f4b" name="testcase4 - Staging - Worker1New - Request"><con:settings/><con:config xsi:type="con:RequestStep" xmlns:xsi="http://www.w3.org/2001/XMLSchema-instance"><con:interface>AccessManagerServiceHTTPBinding</con:interface><con:operation>findRepresentativeRolesByINSS</con:operation><con:request name="testcase4 - Staging - Worker1New - Request" id="ace9b07e-2813-43a8-b77a-1b75e01ca707" outgoingWss="Outflow STAG"><con:settings/><con:encoding>UTF-8</con:encoding><con:endpoint>https://192.168.23.191:8443/services/AccessManagerService_v1.0</con:endpoint><con:request><![CDATA[<soapenv:Envelope xmlns:soapenv="http://schemas.xmlsoap.org/soap/envelope/" xmlns:v1="http://fidus.brussels/service/accessmanagerservice/messages/v1" xmlns:v11="http://fidus.brussels/type/common/messages/v1" xmlns:v3="http://socialsecurity.be/umanentityrepresentative/types/v3">
   <soapenv:Header/>
   <soapenv:Body>
      <v1:findRepresentativeRolesByINSSRequest>
         <v1:messageContext>
         	  <v11:messageId>${=import static java.util.UUID.randomUUID; uuid = randomUUID() as String}</v11:messageId>
            <v11:timestamp>${=new java.text.SimpleDateFormat("yyyy-MM-dd'T'HH:mm:ss.SSS").format(new Date())}</v11:timestamp>
         </v1:messageContext>
         <v1:legalContext>ServiceIntegrator</v1:legalContext>
         <v1:request>
            <v1:Domain>QUAL_FED_HEALTHCARE</v1:Domain>
            <v1:INSS>86051933959</v1:INSS>
            <v1:Language>nl</v1:Language>
         </v1:request>
      </v1:findRepresentativeRolesByINSSRequest>
   </soapenv:Body>
</soapenv:Envelope>]]></con:request><con:assertion type="SOAP Fault Assertion" id="1b923371-1010-4b74-9989-92b629f11bff" name="Not SOAP Fault"/><con:assertion type="SOAP Response" id="98546b37-bbc6-431c-98a1-cd9fa4778c08" name="SOAP Response"/><con:assertion type="Schema Compliance" id="c638e678-da70-48a8-9fd7-29341982dcfd" name="Schema Compliance"><con:configuration/></con:assertion><con:wsaConfig action="http://fidus.brussels/services/accessmanagerservice/findRepresentativeRolesByINSS"/></con:request></con:config></con:testStep><con:testStep type="request" id="0f2a342a-e037-4cf6-bcba-5da18c36693e" name="testcase4 - Staging - Worker2New - Request"><con:settings/><con:config xsi:type="con:RequestStep" xmlns:xsi="http://www.w3.org/2001/XMLSchema-instance"><con:interface>AccessManagerServiceHTTPBinding</con:interface><con:operation>findRepresentativeRolesByINSS</con:operation><con:request name="testcase4 - Staging - Worker2New - Request" id="74d230be-0f5e-4af1-9d57-86efb54ac289" outgoingWss="Outflow STAG"><con:settings/><con:encoding>UTF-8</con:encoding><con:endpoint>https://192.168.23.198:8443/services/AccessManagerService_v1.0</con:endpoint><con:request><![CDATA[<soapenv:Envelope xmlns:soapenv="http://schemas.xmlsoap.org/soap/envelope/" xmlns:v1="http://fidus.brussels/service/accessmanagerservice/messages/v1" xmlns:v11="http://fidus.brussels/type/common/messages/v1" xmlns:v3="http://socialsecurity.be/umanentityrepresentative/types/v3">
   <soapenv:Header/>
   <soapenv:Body>
      <v1:findRepresentativeRolesByINSSRequest>
         <v1:messageContext>
         	  <v11:messageId>${=import static java.util.UUID.randomUUID; uuid = randomUUID() as String}</v11:messageId>
            <v11:timestamp>${=new java.text.SimpleDateFormat("yyyy-MM-dd'T'HH:mm:ss.SSS").format(new Date())}</v11:timestamp>
         </v1:messageContext>
         <v1:legalContext>ServiceIntegrator</v1:legalContext>
         <v1:request>
            <v1:Domain>QUAL_FED_HEALTHCARE</v1:Domain>
            <v1:INSS>86051933959</v1:INSS>
            <v1:Language>nl</v1:Language>
         </v1:request>
      </v1:findRepresentativeRolesByINSSRequest>
   </soapenv:Body>
</soapenv:Envelope>]]></con:request><con:assertion type="SOAP Fault Assertion" id="40e2c70c-aecd-4f5c-9f5c-c7d0bd10f98a" name="Not SOAP Fault"/><con:assertion type="SOAP Response" id="014b97b4-e4f8-4c09-9e87-29fc4a6ee854" name="SOAP Response"/><con:assertion type="Schema Compliance" id="00bf1ba0-fa5a-4021-b096-da3869681650" name="Schema Compliance"><con:configuration/></con:assertion><con:wsaConfig action="http://fidus.brussels/services/accessmanagerservice/findRepresentativeRolesByINSS"/></con:request></con:config></con:testStep><con:properties/></con:testCase><con:testCase id="19491b71-5de8-4c85-9c3c-a90fb9b28584" failOnError="true" failTestCaseOnErrors="true" keepSession="false" maxResults="0" name="getDomain" searchProperties="true"><con:settings/><con:testStep type="request" id="224d4096-5d9f-4ac7-a697-092cc56d2c11" name="testcase4 - Staging - LB - Request"><con:settings/><con:config xsi:type="con:RequestStep" xmlns:xsi="http://www.w3.org/2001/XMLSchema-instance"><con:interface>AccessManagerServiceHTTPBinding</con:interface><con:operation>getDomain</con:operation><con:request name="testcase4 - Staging - LB - Request" id="fd17659a-748a-48c0-b511-ff3591e50322" outgoingWss="Outflow STAG"><con:settings/><con:encoding>UTF-8</con:encoding><con:endpoint>https://fidus-esb-sg.sta.srv.cirb.lan:8443/services/AccessManagerService_v1.0</con:endpoint><con:request><![CDATA[<soapenv:Envelope xmlns:soapenv="http://schemas.xmlsoap.org/soap/envelope/" xmlns:v1="http://fidus.brussels/service/accessmanagerservice/messages/v1" xmlns:v11="http://fidus.brussels/type/common/messages/v1" >
   <soapenv:Header/>
   <soapenv:Body>
      <v1:getDomainRequest>
         <v1:messageContext>
         	  <v11:messageId>${=import static java.util.UUID.randomUUID; uuid = randomUUID() as String}</v11:messageId>
            <v11:timestamp>${=new java.text.SimpleDateFormat("yyyy-MM-dd'T'HH:mm:ss.SSS").format(new Date())}</v11:timestamp>
         </v1:messageContext>
         <v1:legalContext>ServiceIntegrator</v1:legalContext>
         <v1:request>
         	  <v1:Domain>FINANCE</v1:Domain>
            <v1:Language>fr</v1:Language>
         </v1:request>
      </v1:getDomainRequest>
   </soapenv:Body>
</soapenv:Envelope>]]></con:request><con:assertion type="SOAP Fault Assertion" id="e3dc5c3a-79e3-4815-a401-2a8f6c2f018b" name="Not SOAP Fault"/><con:assertion type="SOAP Response" id="fefa42a3-1a92-4cbc-9a53-4b2552e98ef7" name="SOAP Response"/><con:assertion type="Schema Compliance" id="8d3c1ca7-6b24-49d5-b7d3-ec6f40c8fe2b" name="Schema Compliance"><con:configuration/></con:assertion><con:wsaConfig action="http://fidus.brussels/services/accessmanagerservice/getDomain"/></con:request></con:config></con:testStep><con:testStep type="request" id="74ac1b01-a9f2-48e5-8f8c-71e61b149563" name="testcase4 - Staging - Worker1 - Request"><con:settings/><con:config xsi:type="con:RequestStep" xmlns:xsi="http://www.w3.org/2001/XMLSchema-instance"><con:interface>AccessManagerServiceHTTPBinding</con:interface><con:operation>getDomain</con:operation><con:request name="testcase4 - Staging - Worker1 - Request" id="b9406208-e6f0-427b-8dae-27711902cbbf" outgoingWss="Outflow STAG"><con:settings/><con:encoding>UTF-8</con:encoding><con:endpoint>https://192.168.24.16:8443/services/AccessManagerService_v1.0</con:endpoint><con:request><![CDATA[<soapenv:Envelope xmlns:soapenv="http://schemas.xmlsoap.org/soap/envelope/" xmlns:v1="http://fidus.brussels/service/accessmanagerservice/messages/v1" xmlns:v11="http://fidus.brussels/type/common/messages/v1" >
   <soapenv:Header/>
   <soapenv:Body>
      <v1:getDomainRequest>
         <v1:messageContext>
         	  <v11:messageId>${=import static java.util.UUID.randomUUID; uuid = randomUUID() as String}</v11:messageId>
            <v11:timestamp>${=new java.text.SimpleDateFormat("yyyy-MM-dd'T'HH:mm:ss.SSS").format(new Date())}</v11:timestamp>
         </v1:messageContext>
         <v1:legalContext>ServiceIntegrator</v1:legalContext>
         <v1:request>
         	  <v1:Domain>FINANCE</v1:Domain>
            <v1:Language>fr</v1:Language>
         </v1:request>
      </v1:getDomainRequest>
   </soapenv:Body>
</soapenv:Envelope>]]></con:request><con:assertion type="SOAP Fault Assertion" id="a1668d88-33d0-455f-8be0-e29b7e7968a1" name="Not SOAP Fault"/><con:assertion type="SOAP Response" id="6701b3a1-a31a-4fbd-8b05-42a374cbab58" name="SOAP Response"/><con:assertion type="Schema Compliance" id="9198c764-51f0-4274-aae2-255f608e5364" name="Schema Compliance"><con:configuration/></con:assertion><con:wsaConfig action="http://fidus.brussels/services/accessmanagerservice/getDomain"/></con:request></con:config></con:testStep><con:testStep type="request" id="5d93cf26-936a-416a-aa56-f4ffa5256426" name="testcase4 - Staging - Worker2 - Request"><con:settings/><con:config xsi:type="con:RequestStep" xmlns:xsi="http://www.w3.org/2001/XMLSchema-instance"><con:interface>AccessManagerServiceHTTPBinding</con:interface><con:operation>getDomain</con:operation><con:request name="testcase4 - Staging - Worker2 - Request" id="a94b225c-00bf-4455-8626-43cbf11ff516" outgoingWss="Outflow STAG"><con:settings/><con:encoding>UTF-8</con:encoding><con:endpoint>https://192.168.24.17:8443/services/AccessManagerService_v1.0</con:endpoint><con:request><![CDATA[<soapenv:Envelope xmlns:soapenv="http://schemas.xmlsoap.org/soap/envelope/" xmlns:v1="http://fidus.brussels/service/accessmanagerservice/messages/v1" xmlns:v11="http://fidus.brussels/type/common/messages/v1" >
   <soapenv:Header/>
   <soapenv:Body>
      <v1:getDomainRequest>
         <v1:messageContext>
         	  <v11:messageId>${=import static java.util.UUID.randomUUID; uuid = randomUUID() as String}</v11:messageId>
            <v11:timestamp>${=new java.text.SimpleDateFormat("yyyy-MM-dd'T'HH:mm:ss.SSS").format(new Date())}</v11:timestamp>
         </v1:messageContext>
         <v1:legalContext>ServiceIntegrator</v1:legalContext>
         <v1:request>
         	  <v1:Domain>FINANCE</v1:Domain>
            <v1:Language>fr</v1:Language>
         </v1:request>
      </v1:getDomainRequest>
   </soapenv:Body>
</soapenv:Envelope>]]></con:request><con:assertion type="SOAP Fault Assertion" id="32a71293-1e2b-4979-83ca-8455f15e71e7" name="Not SOAP Fault"/><con:assertion type="SOAP Response" id="fa1bf294-77da-4096-8b03-31c2abc5d7d2" name="SOAP Response"/><con:assertion type="Schema Compliance" id="a90be789-eef5-4f53-a749-18e618e8a1fc" name="Schema Compliance"><con:configuration/></con:assertion><con:wsaConfig action="http://fidus.brussels/services/accessmanagerservice/getDomain"/></con:request></con:config></con:testStep><con:testStep type="request" id="d7d46c3a-f54f-4859-844d-90434843625f" name="testcase4 - Staging - Worker1New - Request"><con:settings/><con:config xsi:type="con:RequestStep" xmlns:xsi="http://www.w3.org/2001/XMLSchema-instance"><con:interface>AccessManagerServiceHTTPBinding</con:interface><con:operation>getDomain</con:operation><con:request name="testcase4 - Staging - Worker1New - Request" id="23dbc0eb-a741-434f-accf-c88a9dad0432" outgoingWss="Outflow STAG"><con:settings/><con:encoding>UTF-8</con:encoding><con:endpoint>https://192.168.23.191:8443/services/AccessManagerService_v1.0</con:endpoint><con:request><![CDATA[<soapenv:Envelope xmlns:soapenv="http://schemas.xmlsoap.org/soap/envelope/" xmlns:v1="http://fidus.brussels/service/accessmanagerservice/messages/v1" xmlns:v11="http://fidus.brussels/type/common/messages/v1" >
   <soapenv:Header/>
   <soapenv:Body>
      <v1:getDomainRequest>
         <v1:messageContext>
         	  <v11:messageId>${=import static java.util.UUID.randomUUID; uuid = randomUUID() as String}</v11:messageId>
            <v11:timestamp>${=new java.text.SimpleDateFormat("yyyy-MM-dd'T'HH:mm:ss.SSS").format(new Date())}</v11:timestamp>
         </v1:messageContext>
         <v1:legalContext>ServiceIntegrator</v1:legalContext>
         <v1:request>
         	  <v1:Domain>FINANCE</v1:Domain>
            <v1:Language>fr</v1:Language>
         </v1:request>
      </v1:getDomainRequest>
   </soapenv:Body>
</soapenv:Envelope>]]></con:request><con:assertion type="SOAP Fault Assertion" id="f1b0bcab-1f0d-4623-a64e-bc3f5fa31e70" name="Not SOAP Fault"/><con:assertion type="SOAP Response" id="59a5b94b-ccaa-4034-8d57-8e073dc13a66" name="SOAP Response"/><con:assertion type="Schema Compliance" id="cc7d7f0b-999d-433c-93b8-b0957aebf846" name="Schema Compliance"><con:configuration/></con:assertion><con:wsaConfig action="http://fidus.brussels/services/accessmanagerservice/getDomain"/></con:request></con:config></con:testStep><con:testStep type="request" id="44b42035-391f-46ee-9211-908b6b64d179" name="testcase4 - Staging - Worker2New - Request"><con:settings/><con:config xsi:type="con:RequestStep" xmlns:xsi="http://www.w3.org/2001/XMLSchema-instance"><con:interface>AccessManagerServiceHTTPBinding</con:interface><con:operation>getDomain</con:operation><con:request name="testcase4 - Staging - Worker2New - Request" id="d60cd64b-68a8-4ad3-a1b1-2ce20b661700" outgoingWss="Outflow STAG"><con:settings/><con:encoding>UTF-8</con:encoding><con:endpoint>https://192.168.23.198:8443/services/AccessManagerService_v1.0</con:endpoint><con:request><![CDATA[<soapenv:Envelope xmlns:soapenv="http://schemas.xmlsoap.org/soap/envelope/" xmlns:v1="http://fidus.brussels/service/accessmanagerservice/messages/v1" xmlns:v11="http://fidus.brussels/type/common/messages/v1" >
   <soapenv:Header/>
   <soapenv:Body>
      <v1:getDomainRequest>
         <v1:messageContext>
         	  <v11:messageId>${=import static java.util.UUID.randomUUID; uuid = randomUUID() as String}</v11:messageId>
            <v11:timestamp>${=new java.text.SimpleDateFormat("yyyy-MM-dd'T'HH:mm:ss.SSS").format(new Date())}</v11:timestamp>
         </v1:messageContext>
         <v1:legalContext>ServiceIntegrator</v1:legalContext>
         <v1:request>
         	  <v1:Domain>FINANCE</v1:Domain>
            <v1:Language>fr</v1:Language>
         </v1:request>
      </v1:getDomainRequest>
   </soapenv:Body>
</soapenv:Envelope>]]></con:request><con:assertion type="SOAP Fault Assertion" id="9568d853-38a9-49ee-9d6b-8a9455ceec95" name="Not SOAP Fault"/><con:assertion type="SOAP Response" id="0cbc14ae-6c69-4fde-be88-01683bfee7d0" name="SOAP Response"/><con:assertion type="Schema Compliance" id="232fc92c-ed85-4f0a-9ccd-1e9196249088" name="Schema Compliance"><con:configuration/></con:assertion><con:wsaConfig action="http://fidus.brussels/services/accessmanagerservice/getDomain"/></con:request></con:config></con:testStep><con:properties/></con:testCase><con:testCase id="9aae796b-b80f-4f26-a4e7-89acdf769637" failOnError="true" failTestCaseOnErrors="true" keepSession="false" maxResults="0" name="getEntityRepresentatives" searchProperties="true"><con:settings/><con:testStep type="request" id="874f5a13-ca3b-43b0-9e41-40603d52b352" name="testcase4 - Staging - LB - Request"><con:settings/><con:config xsi:type="con:RequestStep" xmlns:xsi="http://www.w3.org/2001/XMLSchema-instance"><con:interface>AccessManagerServiceHTTPBinding</con:interface><con:operation>getEntityRepresentatives</con:operation><con:request name="testcase4 - Staging - LB - Request" id="dbc425c9-d519-4626-b3eb-4db502bc267e" outgoingWss="Outflow STAG"><con:settings/><con:encoding>UTF-8</con:encoding><con:endpoint>https://fidus-esb-sg.sta.srv.cirb.lan:8443/services/AccessManagerService_v1.0</con:endpoint><con:request><![CDATA[<soapenv:Envelope xmlns:soapenv="http://schemas.xmlsoap.org/soap/envelope/" xmlns:v1="http://fidus.brussels/service/accessmanagerservice/messages/v1" xmlns:v11="http://fidus.brussels/type/common/messages/v1" xmlns:v31="http://socialsecurity.be/umanentityrepresentative/types/v3" >
   <soapenv:Header/>
   <soapenv:Body>
      <v1:getEntityRepresentativesRequest>
         <v1:messageContext>
         	  <v11:messageId>${=import static java.util.UUID.randomUUID; uuid = randomUUID() as String}</v11:messageId>
            <v11:timestamp>${=new java.text.SimpleDateFormat("yyyy-MM-dd'T'HH:mm:ss.SSS").format(new Date())}</v11:timestamp>
         </v1:messageContext>
         <v1:legalContext>ServiceIntegrator</v1:legalContext>
         <v1:request>
            <v1:Domain>QUAL_FED_HEALTHCARE</v1:Domain>
            <v1:OrganisationId>
               <v31:Identifier>1990000431</v31:Identifier>
               <v31:IdentifierType>BEEHP</v31:IdentifierType>
            </v1:OrganisationId>
            <v1:Language>nl</v1:Language>
         </v1:request>
      </v1:getEntityRepresentativesRequest>
   </soapenv:Body>
</soapenv:Envelope>]]></con:request><con:assertion type="SOAP Fault Assertion" id="d10ebc9b-9db4-4474-accc-8fc35acaed68" name="Not SOAP Fault"/><con:assertion type="SOAP Response" id="0a84f538-bcf2-4ce5-9269-cda92947636f" name="SOAP Response"/><con:assertion type="Schema Compliance" id="40d04850-46fb-4604-a01c-59968c8e31c3" name="Schema Compliance"><con:configuration/></con:assertion><con:wsaConfig action="http://fidus.brussels/services/accessmanagerservice/getEntityRepresentatives"/></con:request></con:config></con:testStep><con:testStep type="request" id="e2276950-a97d-4a2a-a68b-712049577c83" name="testcase4 - Staging - Worker1 - Request"><con:settings/><con:config xsi:type="con:RequestStep" xmlns:xsi="http://www.w3.org/2001/XMLSchema-instance"><con:interface>AccessManagerServiceHTTPBinding</con:interface><con:operation>getEntityRepresentatives</con:operation><con:request name="testcase4 - Staging - Worker1 - Request" id="49857c64-2414-4cbb-be87-56710fa43b60" outgoingWss="Outflow STAG"><con:settings/><con:encoding>UTF-8</con:encoding><con:endpoint>https://192.168.24.16:8443/services/AccessManagerService_v1.0</con:endpoint><con:request><![CDATA[<soapenv:Envelope xmlns:soapenv="http://schemas.xmlsoap.org/soap/envelope/" xmlns:v1="http://fidus.brussels/service/accessmanagerservice/messages/v1" xmlns:v11="http://fidus.brussels/type/common/messages/v1" xmlns:v31="http://socialsecurity.be/umanentityrepresentative/types/v3" >
   <soapenv:Header/>
   <soapenv:Body>
      <v1:getEntityRepresentativesRequest>
         <v1:messageContext>
         	  <v11:messageId>${=import static java.util.UUID.randomUUID; uuid = randomUUID() as String}</v11:messageId>
            <v11:timestamp>${=new java.text.SimpleDateFormat("yyyy-MM-dd'T'HH:mm:ss.SSS").format(new Date())}</v11:timestamp>
         </v1:messageContext>
         <v1:legalContext>ServiceIntegrator</v1:legalContext>
         <v1:request>
            <v1:Domain>QUAL_FED_HEALTHCARE</v1:Domain>
            <v1:OrganisationId>
               <v31:Identifier>1990000431</v31:Identifier>
               <v31:IdentifierType>BEEHP</v31:IdentifierType>
            </v1:OrganisationId>
            <v1:Language>nl</v1:Language>
         </v1:request>
      </v1:getEntityRepresentativesRequest>
   </soapenv:Body>
</soapenv:Envelope>]]></con:request><con:assertion type="SOAP Fault Assertion" id="e5e887b7-1473-45b5-a40a-9370f5b0cdfb" name="Not SOAP Fault"/><con:assertion type="SOAP Response" id="e702e73a-edf2-4342-a1f4-dfd6b9f238bd" name="SOAP Response"/><con:assertion type="Schema Compliance" id="3e780d65-be18-4800-aeab-012794244059" name="Schema Compliance"><con:configuration/></con:assertion><con:wsaConfig action="http://fidus.brussels/services/accessmanagerservice/getEntityRepresentatives"/></con:request></con:config></con:testStep><con:testStep type="request" id="b782d22b-cd33-4359-bd97-3d505af9238f" name="testcase4 - Staging - Worker2 - Request"><con:settings/><con:config xsi:type="con:RequestStep" xmlns:xsi="http://www.w3.org/2001/XMLSchema-instance"><con:interface>AccessManagerServiceHTTPBinding</con:interface><con:operation>getEntityRepresentatives</con:operation><con:request name="testcase4 - Staging - Worker2 - Request" id="7f63c808-2558-42fa-96b3-62b7a0cd006e" outgoingWss="Outflow STAG"><con:settings/><con:encoding>UTF-8</con:encoding><con:endpoint>https://192.168.24.17:8443/services/AccessManagerService_v1.0</con:endpoint><con:request><![CDATA[<soapenv:Envelope xmlns:soapenv="http://schemas.xmlsoap.org/soap/envelope/" xmlns:v1="http://fidus.brussels/service/accessmanagerservice/messages/v1" xmlns:v11="http://fidus.brussels/type/common/messages/v1" xmlns:v31="http://socialsecurity.be/umanentityrepresentative/types/v3" >
   <soapenv:Header/>
   <soapenv:Body>
      <v1:getEntityRepresentativesRequest>
         <v1:messageContext>
         	  <v11:messageId>${=import static java.util.UUID.randomUUID; uuid = randomUUID() as String}</v11:messageId>
            <v11:timestamp>${=new java.text.SimpleDateFormat("yyyy-MM-dd'T'HH:mm:ss.SSS").format(new Date())}</v11:timestamp>
         </v1:messageContext>
         <v1:legalContext>ServiceIntegrator</v1:legalContext>
         <v1:request>
            <v1:Domain>QUAL_FED_HEALTHCARE</v1:Domain>
            <v1:OrganisationId>
               <v31:Identifier>1990000431</v31:Identifier>
               <v31:IdentifierType>BEEHP</v31:IdentifierType>
            </v1:OrganisationId>
            <v1:Language>nl</v1:Language>
         </v1:request>
      </v1:getEntityRepresentativesRequest>
   </soapenv:Body>
</soapenv:Envelope>]]></con:request><con:assertion type="SOAP Fault Assertion" id="c4501780-243d-4005-9def-689839f32b86" name="Not SOAP Fault"/><con:assertion type="SOAP Response" id="85cf3d00-fcbb-404e-a531-8f5950e82844" name="SOAP Response"/><con:assertion type="Schema Compliance" id="55b1870c-6028-419c-b4f0-195ce00861dd" name="Schema Compliance"><con:configuration/></con:assertion><con:wsaConfig action="http://fidus.brussels/services/accessmanagerservice/getEntityRepresentatives"/></con:request></con:config></con:testStep><con:testStep type="request" id="3d371a2a-773b-429b-a338-2c1c49535ee1" name="testcase4 - Staging - Worker1New - Request"><con:settings/><con:config xsi:type="con:RequestStep" xmlns:xsi="http://www.w3.org/2001/XMLSchema-instance"><con:interface>AccessManagerServiceHTTPBinding</con:interface><con:operation>getEntityRepresentatives</con:operation><con:request name="testcase4 - Staging - Worker1New - Request" id="16b5f999-851a-407a-a3a4-d313d2790f5d" outgoingWss="Outflow STAG"><con:settings/><con:encoding>UTF-8</con:encoding><con:endpoint>https://192.168.23.191:8443/services/AccessManagerService_v1.0</con:endpoint><con:request><![CDATA[<soapenv:Envelope xmlns:soapenv="http://schemas.xmlsoap.org/soap/envelope/" xmlns:v1="http://fidus.brussels/service/accessmanagerservice/messages/v1" xmlns:v11="http://fidus.brussels/type/common/messages/v1" xmlns:v31="http://socialsecurity.be/umanentityrepresentative/types/v3" >
   <soapenv:Header/>
   <soapenv:Body>
      <v1:getEntityRepresentativesRequest>
         <v1:messageContext>
         	  <v11:messageId>${=import static java.util.UUID.randomUUID; uuid = randomUUID() as String}</v11:messageId>
            <v11:timestamp>${=new java.text.SimpleDateFormat("yyyy-MM-dd'T'HH:mm:ss.SSS").format(new Date())}</v11:timestamp>
         </v1:messageContext>
         <v1:legalContext>ServiceIntegrator</v1:legalContext>
         <v1:request>
            <v1:Domain>QUAL_FED_HEALTHCARE</v1:Domain>
            <v1:OrganisationId>
               <v31:Identifier>1990000431</v31:Identifier>
               <v31:IdentifierType>BEEHP</v31:IdentifierType>
            </v1:OrganisationId>
            <v1:Language>nl</v1:Language>
         </v1:request>
      </v1:getEntityRepresentativesRequest>
   </soapenv:Body>
</soapenv:Envelope>]]></con:request><con:assertion type="SOAP Fault Assertion" id="a155c404-d510-4f72-bebb-b6cce7395725" name="Not SOAP Fault"/><con:assertion type="SOAP Response" id="81186408-c039-452b-928a-d60e41a619ba" name="SOAP Response"/><con:assertion type="Schema Compliance" id="12beb313-341e-4cc1-ae5e-1ae31eb8d1ab" name="Schema Compliance"><con:configuration/></con:assertion><con:wsaConfig action="http://fidus.brussels/services/accessmanagerservice/getEntityRepresentatives"/></con:request></con:config></con:testStep><con:testStep type="request" id="dec06258-8276-4b09-9ce1-c47fded618e9" name="testcase4 - Staging - Worker2New - Request"><con:settings/><con:config xsi:type="con:RequestStep" xmlns:xsi="http://www.w3.org/2001/XMLSchema-instance"><con:interface>AccessManagerServiceHTTPBinding</con:interface><con:operation>getEntityRepresentatives</con:operation><con:request name="testcase4 - Staging - Worker2New - Request" id="c3be15fd-bbc0-4bba-8a9f-c780de0d3c53" outgoingWss="Outflow STAG"><con:settings/><con:encoding>UTF-8</con:encoding><con:endpoint>https://192.168.23.198:8443/services/AccessManagerService_v1.0</con:endpoint><con:request><![CDATA[<soapenv:Envelope xmlns:soapenv="http://schemas.xmlsoap.org/soap/envelope/" xmlns:v1="http://fidus.brussels/service/accessmanagerservice/messages/v1" xmlns:v11="http://fidus.brussels/type/common/messages/v1" xmlns:v31="http://socialsecurity.be/umanentityrepresentative/types/v3" >
   <soapenv:Header/>
   <soapenv:Body>
      <v1:getEntityRepresentativesRequest>
         <v1:messageContext>
         	  <v11:messageId>${=import static java.util.UUID.randomUUID; uuid = randomUUID() as String}</v11:messageId>
            <v11:timestamp>${=new java.text.SimpleDateFormat("yyyy-MM-dd'T'HH:mm:ss.SSS").format(new Date())}</v11:timestamp>
         </v1:messageContext>
         <v1:legalContext>ServiceIntegrator</v1:legalContext>
         <v1:request>
            <v1:Domain>QUAL_FED_HEALTHCARE</v1:Domain>
            <v1:OrganisationId>
               <v31:Identifier>1990000431</v31:Identifier>
               <v31:IdentifierType>BEEHP</v31:IdentifierType>
            </v1:OrganisationId>
            <v1:Language>nl</v1:Language>
         </v1:request>
      </v1:getEntityRepresentativesRequest>
   </soapenv:Body>
</soapenv:Envelope>]]></con:request><con:assertion type="SOAP Fault Assertion" id="c3af5d6f-dfca-4c33-ad69-d29223bbd950" name="Not SOAP Fault"/><con:assertion type="SOAP Response" id="8bb96ce0-0d44-4359-8bfa-3623de472295" name="SOAP Response"/><con:assertion type="Schema Compliance" id="8ded6b68-e2a5-4f21-b8b5-87acfc670047" name="Schema Compliance"><con:configuration/></con:assertion><con:wsaConfig action="http://fidus.brussels/services/accessmanagerservice/getEntityRepresentatives"/></con:request></con:config></con:testStep><con:properties/></con:testCase><con:testCase id="5512f183-3362-4728-9285-77f1d594ba79" failOnError="true" failTestCaseOnErrors="true" keepSession="false" maxResults="0" name="getOrganisationChildNodes" searchProperties="true"><con:settings/><con:testStep type="request" id="0bb8e54b-3653-4222-9923-9487b747cbb1" name="testcase4 - Staging - LB - Request"><con:settings/><con:config xsi:type="con:RequestStep" xmlns:xsi="http://www.w3.org/2001/XMLSchema-instance"><con:interface>AccessManagerServiceHTTPBinding</con:interface><con:operation>getOrganisationChildNodes</con:operation><con:request name="testcase4 - Staging - LB - Request" id="a886bb1b-6611-429a-a515-698d08351e55" outgoingWss="Outflow STAG"><con:settings/><con:encoding>UTF-8</con:encoding><con:endpoint>https://fidus-esb-sg.sta.srv.cirb.lan:8443/services/AccessManagerService_v1.0</con:endpoint><con:request><![CDATA[<soapenv:Envelope xmlns:soapenv="http://schemas.xmlsoap.org/soap/envelope/" xmlns:v1="http://fidus.brussels/service/accessmanagerservice/messages/v1" xmlns:v11="http://fidus.brussels/type/common/messages/v1" xmlns:v31="http://socialsecurity.be/umanentityrepresentative/types/v3">
   <soapenv:Header/>
   <soapenv:Body>
      <v1:getOrganisationChildNodesRequest>
         <v1:messageContext>
         	  <v11:messageId>${=import static java.util.UUID.randomUUID; uuid = randomUUID() as String}</v11:messageId>
            <v11:timestamp>${=new java.text.SimpleDateFormat("yyyy-MM-dd'T'HH:mm:ss.SSS").format(new Date())}</v11:timestamp>
         </v1:messageContext>
         <v1:legalContext>ServiceIntegrator</v1:legalContext>
         <v1:request>
            <v1:Domain>QUAL_FED_HEALTHCARE</v1:Domain>
            <v1:OrganisationId>
               <v31:Identifier>1990000431</v31:Identifier>
               <v31:IdentifierType>BEEHP</v31:IdentifierType>
            </v1:OrganisationId>
            <v1:Language>nl</v1:Language>
         </v1:request>
      </v1:getOrganisationChildNodesRequest>
   </soapenv:Body>
</soapenv:Envelope>]]></con:request><con:assertion type="SOAP Fault Assertion" id="c3184088-cc47-488c-bf35-460f8ed270a3" name="Not SOAP Fault"/><con:assertion type="SOAP Response" id="6f43c1ba-e5f0-4cff-b41a-c70b1a86b445" name="SOAP Response"/><con:assertion type="Schema Compliance" id="1a76fda5-441e-489e-b24c-0a2fbcf31edc" name="Schema Compliance"><con:configuration/></con:assertion><con:wsaConfig action="http://fidus.brussels/services/accessmanagerservice/getOrganisationChildNodes"/></con:request></con:config></con:testStep><con:testStep type="request" id="b93ee112-47f0-4df6-9cb7-cfa86abb780d" name="testcase4 - Staging - Worker1 - Request"><con:settings/><con:config xsi:type="con:RequestStep" xmlns:xsi="http://www.w3.org/2001/XMLSchema-instance"><con:interface>AccessManagerServiceHTTPBinding</con:interface><con:operation>getOrganisationChildNodes</con:operation><con:request name="testcase4 - Staging - Worker1 - Request" id="43adc552-b449-4633-a852-c9fffcf70837" outgoingWss="Outflow STAG"><con:settings/><con:encoding>UTF-8</con:encoding><con:endpoint>https://192.168.24.16:8443/services/AccessManagerService_v1.0</con:endpoint><con:request><![CDATA[<soapenv:Envelope xmlns:soapenv="http://schemas.xmlsoap.org/soap/envelope/" xmlns:v1="http://fidus.brussels/service/accessmanagerservice/messages/v1" xmlns:v11="http://fidus.brussels/type/common/messages/v1" xmlns:v31="http://socialsecurity.be/umanentityrepresentative/types/v3">
   <soapenv:Header/>
   <soapenv:Body>
      <v1:getOrganisationChildNodesRequest>
         <v1:messageContext>
         	  <v11:messageId>${=import static java.util.UUID.randomUUID; uuid = randomUUID() as String}</v11:messageId>
            <v11:timestamp>${=new java.text.SimpleDateFormat("yyyy-MM-dd'T'HH:mm:ss.SSS").format(new Date())}</v11:timestamp>
         </v1:messageContext>
         <v1:legalContext>ServiceIntegrator</v1:legalContext>
         <v1:request>
            <v1:Domain>QUAL_FED_HEALTHCARE</v1:Domain>
            <v1:OrganisationId>
               <v31:Identifier>1990000431</v31:Identifier>
               <v31:IdentifierType>BEEHP</v31:IdentifierType>
            </v1:OrganisationId>
            <v1:Language>nl</v1:Language>
         </v1:request>
      </v1:getOrganisationChildNodesRequest>
   </soapenv:Body>
</soapenv:Envelope>]]></con:request><con:assertion type="SOAP Fault Assertion" id="d33e619e-b83b-4b14-8a36-f5d3b38d4e04" name="Not SOAP Fault"/><con:assertion type="SOAP Response" id="f26b4d9e-a4fa-4de3-b206-34d6cee7b7fa" name="SOAP Response"/><con:assertion type="Schema Compliance" id="ef40c459-3744-4fc6-9491-96838674dbc2" name="Schema Compliance"><con:configuration/></con:assertion><con:wsaConfig action="http://fidus.brussels/services/accessmanagerservice/getOrganisationChildNodes"/></con:request></con:config></con:testStep><con:testStep type="request" id="d6ac0e27-0988-42d4-bb87-412b759d720a" name="testcase4 - Staging - Worker2 - Request"><con:settings/><con:config xsi:type="con:RequestStep" xmlns:xsi="http://www.w3.org/2001/XMLSchema-instance"><con:interface>AccessManagerServiceHTTPBinding</con:interface><con:operation>getOrganisationChildNodes</con:operation><con:request name="testcase4 - Staging - Worker2 - Request" id="44caa88c-893d-4707-b36d-b5bb0a32c03e" outgoingWss="Outflow STAG"><con:settings/><con:encoding>UTF-8</con:encoding><con:endpoint>https://192.168.24.17:8443/services/AccessManagerService_v1.0</con:endpoint><con:request><![CDATA[<soapenv:Envelope xmlns:soapenv="http://schemas.xmlsoap.org/soap/envelope/" xmlns:v1="http://fidus.brussels/service/accessmanagerservice/messages/v1" xmlns:v11="http://fidus.brussels/type/common/messages/v1" xmlns:v31="http://socialsecurity.be/umanentityrepresentative/types/v3">
   <soapenv:Header/>
   <soapenv:Body>
      <v1:getOrganisationChildNodesRequest>
         <v1:messageContext>
         	  <v11:messageId>${=import static java.util.UUID.randomUUID; uuid = randomUUID() as String}</v11:messageId>
            <v11:timestamp>${=new java.text.SimpleDateFormat("yyyy-MM-dd'T'HH:mm:ss.SSS").format(new Date())}</v11:timestamp>
         </v1:messageContext>
         <v1:legalContext>ServiceIntegrator</v1:legalContext>
         <v1:request>
            <v1:Domain>QUAL_FED_HEALTHCARE</v1:Domain>
            <v1:OrganisationId>
               <v31:Identifier>1990000431</v31:Identifier>
               <v31:IdentifierType>BEEHP</v31:IdentifierType>
            </v1:OrganisationId>
            <v1:Language>nl</v1:Language>
         </v1:request>
      </v1:getOrganisationChildNodesRequest>
   </soapenv:Body>
</soapenv:Envelope>]]></con:request><con:assertion type="SOAP Fault Assertion" id="07909eb1-7f50-4b7d-beb9-045a9fba637a" name="Not SOAP Fault"/><con:assertion type="SOAP Response" id="e0e0777b-1faf-4433-9e5c-3f19e3eeee4b" name="SOAP Response"/><con:assertion type="Schema Compliance" id="0753a309-dc88-48af-8af1-e91cf299471c" name="Schema Compliance"><con:configuration/></con:assertion><con:wsaConfig action="http://fidus.brussels/services/accessmanagerservice/getOrganisationChildNodes"/></con:request></con:config></con:testStep><con:testStep type="request" id="c76e242d-206a-4b17-b40a-bc26bda86856" name="testcase4 - Staging - Worker1New - Request"><con:settings/><con:config xsi:type="con:RequestStep" xmlns:xsi="http://www.w3.org/2001/XMLSchema-instance"><con:interface>AccessManagerServiceHTTPBinding</con:interface><con:operation>getOrganisationChildNodes</con:operation><con:request name="testcase4 - Staging - Worker1New - Request" id="c56a68f5-394b-485e-bfcb-6ae20717e37b" outgoingWss="Outflow STAG"><con:settings/><con:encoding>UTF-8</con:encoding><con:endpoint>https://192.168.23.191:8443/services/AccessManagerService_v1.0</con:endpoint><con:request><![CDATA[<soapenv:Envelope xmlns:soapenv="http://schemas.xmlsoap.org/soap/envelope/" xmlns:v1="http://fidus.brussels/service/accessmanagerservice/messages/v1" xmlns:v11="http://fidus.brussels/type/common/messages/v1" xmlns:v31="http://socialsecurity.be/umanentityrepresentative/types/v3">
   <soapenv:Header/>
   <soapenv:Body>
      <v1:getOrganisationChildNodesRequest>
         <v1:messageContext>
         	  <v11:messageId>${=import static java.util.UUID.randomUUID; uuid = randomUUID() as String}</v11:messageId>
            <v11:timestamp>${=new java.text.SimpleDateFormat("yyyy-MM-dd'T'HH:mm:ss.SSS").format(new Date())}</v11:timestamp>
         </v1:messageContext>
         <v1:legalContext>ServiceIntegrator</v1:legalContext>
         <v1:request>
            <v1:Domain>QUAL_FED_HEALTHCARE</v1:Domain>
            <v1:OrganisationId>
               <v31:Identifier>1990000431</v31:Identifier>
               <v31:IdentifierType>BEEHP</v31:IdentifierType>
            </v1:OrganisationId>
            <v1:Language>nl</v1:Language>
         </v1:request>
      </v1:getOrganisationChildNodesRequest>
   </soapenv:Body>
</soapenv:Envelope>]]></con:request><con:assertion type="SOAP Fault Assertion" id="b07c37a4-55cd-4baa-a5d4-f81bdde37204" name="Not SOAP Fault"/><con:assertion type="SOAP Response" id="804a6fa6-6b94-4b5a-ae64-f15845829935" name="SOAP Response"/><con:assertion type="Schema Compliance" id="616e6522-507e-44a4-ab99-41ec244cf657" name="Schema Compliance"><con:configuration/></con:assertion><con:wsaConfig action="http://fidus.brussels/services/accessmanagerservice/getOrganisationChildNodes"/></con:request></con:config></con:testStep><con:testStep type="request" id="2c2d52e3-f671-4b83-80d8-852a8752712e" name="testcase4 - Staging - Worker2New - Request"><con:settings/><con:config xsi:type="con:RequestStep" xmlns:xsi="http://www.w3.org/2001/XMLSchema-instance"><con:interface>AccessManagerServiceHTTPBinding</con:interface><con:operation>getOrganisationChildNodes</con:operation><con:request name="testcase4 - Staging - Worker2New - Request" id="ea3be974-141e-479b-b9fa-ea6bdc450e74" outgoingWss="Outflow STAG"><con:settings/><con:encoding>UTF-8</con:encoding><con:endpoint>https://192.168.23.198:8443/services/AccessManagerService_v1.0</con:endpoint><con:request><![CDATA[<soapenv:Envelope xmlns:soapenv="http://schemas.xmlsoap.org/soap/envelope/" xmlns:v1="http://fidus.brussels/service/accessmanagerservice/messages/v1" xmlns:v11="http://fidus.brussels/type/common/messages/v1" xmlns:v31="http://socialsecurity.be/umanentityrepresentative/types/v3">
   <soapenv:Header/>
   <soapenv:Body>
      <v1:getOrganisationChildNodesRequest>
         <v1:messageContext>
         	  <v11:messageId>${=import static java.util.UUID.randomUUID; uuid = randomUUID() as String}</v11:messageId>
            <v11:timestamp>${=new java.text.SimpleDateFormat("yyyy-MM-dd'T'HH:mm:ss.SSS").format(new Date())}</v11:timestamp>
         </v1:messageContext>
         <v1:legalContext>ServiceIntegrator</v1:legalContext>
         <v1:request>
            <v1:Domain>QUAL_FED_HEALTHCARE</v1:Domain>
            <v1:OrganisationId>
               <v31:Identifier>1990000431</v31:Identifier>
               <v31:IdentifierType>BEEHP</v31:IdentifierType>
            </v1:OrganisationId>
            <v1:Language>nl</v1:Language>
         </v1:request>
      </v1:getOrganisationChildNodesRequest>
   </soapenv:Body>
</soapenv:Envelope>]]></con:request><con:assertion type="SOAP Fault Assertion" id="b79819ba-e52f-4ad9-9cf3-34b4aabdc9b4" name="Not SOAP Fault"/><con:assertion type="SOAP Response" id="f28f30a3-6546-46b3-8cb3-09f0902060d7" name="SOAP Response"/><con:assertion type="Schema Compliance" id="d10fa9aa-d0ff-464a-8b57-5167f2053fb0" name="Schema Compliance"><con:configuration/></con:assertion><con:wsaConfig action="http://fidus.brussels/services/accessmanagerservice/getOrganisationChildNodes"/></con:request></con:config></con:testStep><con:properties/></con:testCase><con:testCase id="365794b0-34bf-462d-aeb6-306f7044c1dc" failOnError="true" failTestCaseOnErrors="true" keepSession="false" maxResults="0" name="getOrganisationDenomination" searchProperties="true"><con:settings/><con:testStep type="request" id="334994bb-ac87-40da-8aef-578bb392cd2b" name="testcase4 - Staging - LB - Request"><con:settings/><con:config xsi:type="con:RequestStep" xmlns:xsi="http://www.w3.org/2001/XMLSchema-instance"><con:interface>AccessManagerServiceHTTPBinding</con:interface><con:operation>getOrganisationDenomination</con:operation><con:request name="testcase4 - Staging - LB - Request" id="7dda5362-0f6d-481b-a4ed-995ed146da1d" outgoingWss="Outflow STAG"><con:settings/><con:encoding>UTF-8</con:encoding><con:endpoint>https://fidus-esb-sg.sta.srv.cirb.lan:8443/services/AccessManagerService_v1.0</con:endpoint><con:request><![CDATA[<soapenv:Envelope xmlns:soapenv="http://schemas.xmlsoap.org/soap/envelope/" xmlns:v1="http://fidus.brussels/service/accessmanagerservice/messages/v1" xmlns:v11="http://fidus.brussels/type/common/messages/v1" xmlns:v31="http://socialsecurity.be/umanentityrepresentative/types/v3">
   <soapenv:Header/>
   <soapenv:Body>
      <v1:getOrganisationDenominationRequest>
         <v1:messageContext>
         	  <v11:messageId>${=import static java.util.UUID.randomUUID; uuid = randomUUID() as String}</v11:messageId>
            <v11:timestamp>${=new java.text.SimpleDateFormat("yyyy-MM-dd'T'HH:mm:ss.SSS").format(new Date())}</v11:timestamp>
         </v1:messageContext>
         <v1:legalContext>ServiceIntegrator</v1:legalContext>
         <v1:request>
            <v1:Domain>QUAL_FED_HEALTHCARE</v1:Domain>
            <v1:OrganisationId>
               <v31:Identifier>1990000431</v31:Identifier>
               <v31:IdentifierType>BEEHP</v31:IdentifierType>
            </v1:OrganisationId>
            <v1:Language>nl</v1:Language>
         </v1:request>
      </v1:getOrganisationDenominationRequest>
   </soapenv:Body>
</soapenv:Envelope>]]></con:request><con:assertion type="SOAP Fault Assertion" id="fa3b530f-382c-49a5-87c7-b07e0f0742a2" name="Not SOAP Fault"/><con:assertion type="SOAP Response" id="f33bbb52-1b91-45af-92cc-32bad88bfd66" name="SOAP Response"/><con:assertion type="Schema Compliance" id="a3a7bc95-b5a0-4758-8f77-511330ab9cc7" name="Schema Compliance"><con:configuration/></con:assertion><con:wsaConfig action="http://fidus.brussels/services/accessmanagerservice/getOrganisationDenomination"/></con:request></con:config></con:testStep><con:testStep type="request" id="cf22c8f1-7096-4c12-8607-6f0474a7e095" name="testcase4 - Staging - Worker1 - Request"><con:settings/><con:config xsi:type="con:RequestStep" xmlns:xsi="http://www.w3.org/2001/XMLSchema-instance"><con:interface>AccessManagerServiceHTTPBinding</con:interface><con:operation>getOrganisationDenomination</con:operation><con:request name="testcase4 - Staging - Worker1 - Request" id="c0b6bbe3-5592-4263-9f8e-33838d8f868d" outgoingWss="Outflow STAG"><con:settings/><con:encoding>UTF-8</con:encoding><con:endpoint>https://192.168.24.16:8443/services/AccessManagerService_v1.0</con:endpoint><con:request><![CDATA[<soapenv:Envelope xmlns:soapenv="http://schemas.xmlsoap.org/soap/envelope/" xmlns:v1="http://fidus.brussels/service/accessmanagerservice/messages/v1" xmlns:v11="http://fidus.brussels/type/common/messages/v1" xmlns:v31="http://socialsecurity.be/umanentityrepresentative/types/v3">
   <soapenv:Header/>
   <soapenv:Body>
      <v1:getOrganisationDenominationRequest>
         <v1:messageContext>
         	  <v11:messageId>${=import static java.util.UUID.randomUUID; uuid = randomUUID() as String}</v11:messageId>
            <v11:timestamp>${=new java.text.SimpleDateFormat("yyyy-MM-dd'T'HH:mm:ss.SSS").format(new Date())}</v11:timestamp>
         </v1:messageContext>
         <v1:legalContext>ServiceIntegrator</v1:legalContext>
         <v1:request>
            <v1:Domain>QUAL_FED_HEALTHCARE</v1:Domain>
            <v1:OrganisationId>
               <v31:Identifier>1990000431</v31:Identifier>
               <v31:IdentifierType>BEEHP</v31:IdentifierType>
            </v1:OrganisationId>
            <v1:Language>nl</v1:Language>
         </v1:request>
      </v1:getOrganisationDenominationRequest>
   </soapenv:Body>
</soapenv:Envelope>]]></con:request><con:assertion type="SOAP Fault Assertion" id="624b5996-16c3-4bd5-9d13-38da97bf4874" name="Not SOAP Fault"/><con:assertion type="SOAP Response" id="ceb0f3d8-3baf-409f-8bd2-16d1af306f27" name="SOAP Response"/><con:assertion type="Schema Compliance" id="4c163de6-348a-4768-bd30-1180a8dbdb3c" name="Schema Compliance"><con:configuration/></con:assertion><con:wsaConfig action="http://fidus.brussels/services/accessmanagerservice/getOrganisationDenomination"/></con:request></con:config></con:testStep><con:testStep type="request" id="10165467-9896-415c-9556-b0591fc49c3c" name="testcase4 - Staging - Worker2 - Request"><con:settings/><con:config xsi:type="con:RequestStep" xmlns:xsi="http://www.w3.org/2001/XMLSchema-instance"><con:interface>AccessManagerServiceHTTPBinding</con:interface><con:operation>getOrganisationDenomination</con:operation><con:request name="testcase4 - Staging - Worker2 - Request" id="1679cf6c-3c02-47c9-a11c-ae0d32e40fd9" outgoingWss="Outflow STAG"><con:settings/><con:encoding>UTF-8</con:encoding><con:endpoint>https://192.168.24.17:8443/services/AccessManagerService_v1.0</con:endpoint><con:request><![CDATA[<soapenv:Envelope xmlns:soapenv="http://schemas.xmlsoap.org/soap/envelope/" xmlns:v1="http://fidus.brussels/service/accessmanagerservice/messages/v1" xmlns:v11="http://fidus.brussels/type/common/messages/v1" xmlns:v31="http://socialsecurity.be/umanentityrepresentative/types/v3">
   <soapenv:Header/>
   <soapenv:Body>
      <v1:getOrganisationDenominationRequest>
         <v1:messageContext>
         	  <v11:messageId>${=import static java.util.UUID.randomUUID; uuid = randomUUID() as String}</v11:messageId>
            <v11:timestamp>${=new java.text.SimpleDateFormat("yyyy-MM-dd'T'HH:mm:ss.SSS").format(new Date())}</v11:timestamp>
         </v1:messageContext>
         <v1:legalContext>ServiceIntegrator</v1:legalContext>
         <v1:request>
            <v1:Domain>QUAL_FED_HEALTHCARE</v1:Domain>
            <v1:OrganisationId>
               <v31:Identifier>1990000431</v31:Identifier>
               <v31:IdentifierType>BEEHP</v31:IdentifierType>
            </v1:OrganisationId>
            <v1:Language>nl</v1:Language>
         </v1:request>
      </v1:getOrganisationDenominationRequest>
   </soapenv:Body>
</soapenv:Envelope>]]></con:request><con:assertion type="SOAP Fault Assertion" id="6dacde1c-06f5-4ed5-8b75-d80847d9b567" name="Not SOAP Fault"/><con:assertion type="SOAP Response" id="93908c76-afa8-447e-b31c-846f4addb1df" name="SOAP Response"/><con:assertion type="Schema Compliance" id="9fa6929e-1af4-461f-979b-95f37382643a" name="Schema Compliance"><con:configuration/></con:assertion><con:wsaConfig action="http://fidus.brussels/services/accessmanagerservice/getOrganisationDenomination"/></con:request></con:config></con:testStep><con:testStep type="request" id="630a2529-c88e-4b7a-9e2d-fc13ffc14e6c" name="testcase4 - Staging - Worker1New - Request"><con:settings/><con:config xsi:type="con:RequestStep" xmlns:xsi="http://www.w3.org/2001/XMLSchema-instance"><con:interface>AccessManagerServiceHTTPBinding</con:interface><con:operation>getOrganisationDenomination</con:operation><con:request name="testcase4 - Staging - Worker1New - Request" id="0e6a90bf-ec5e-4e1d-b181-57e7fe7da7d8" outgoingWss="Outflow STAG"><con:settings/><con:encoding>UTF-8</con:encoding><con:endpoint>https://192.168.23.191:8443/services/AccessManagerService_v1.0</con:endpoint><con:request><![CDATA[<soapenv:Envelope xmlns:soapenv="http://schemas.xmlsoap.org/soap/envelope/" xmlns:v1="http://fidus.brussels/service/accessmanagerservice/messages/v1" xmlns:v11="http://fidus.brussels/type/common/messages/v1" xmlns:v31="http://socialsecurity.be/umanentityrepresentative/types/v3">
   <soapenv:Header/>
   <soapenv:Body>
      <v1:getOrganisationDenominationRequest>
         <v1:messageContext>
         	  <v11:messageId>${=import static java.util.UUID.randomUUID; uuid = randomUUID() as String}</v11:messageId>
            <v11:timestamp>${=new java.text.SimpleDateFormat("yyyy-MM-dd'T'HH:mm:ss.SSS").format(new Date())}</v11:timestamp>
         </v1:messageContext>
         <v1:legalContext>ServiceIntegrator</v1:legalContext>
         <v1:request>
            <v1:Domain>QUAL_FED_HEALTHCARE</v1:Domain>
            <v1:OrganisationId>
               <v31:Identifier>1990000431</v31:Identifier>
               <v31:IdentifierType>BEEHP</v31:IdentifierType>
            </v1:OrganisationId>
            <v1:Language>nl</v1:Language>
         </v1:request>
      </v1:getOrganisationDenominationRequest>
   </soapenv:Body>
</soapenv:Envelope>]]></con:request><con:assertion type="SOAP Fault Assertion" id="f04752b8-d3bc-42b7-979d-7591fc7906a8" name="Not SOAP Fault"/><con:assertion type="SOAP Response" id="19aeb421-6352-44a9-b18a-94a67fe20d40" name="SOAP Response"/><con:assertion type="Schema Compliance" id="b9194027-d81a-4cd7-a095-da315e5be441" name="Schema Compliance"><con:configuration/></con:assertion><con:wsaConfig action="http://fidus.brussels/services/accessmanagerservice/getOrganisationDenomination"/></con:request></con:config></con:testStep><con:testStep type="request" id="402436dd-2594-499a-bcec-78b48a06246f" name="testcase4 - Staging - Worker2New - Request"><con:settings/><con:config xsi:type="con:RequestStep" xmlns:xsi="http://www.w3.org/2001/XMLSchema-instance"><con:interface>AccessManagerServiceHTTPBinding</con:interface><con:operation>getOrganisationDenomination</con:operation><con:request name="testcase4 - Staging - Worker2New - Request" id="51850e70-ea62-4630-90ff-584bf09adfbc" outgoingWss="Outflow STAG"><con:settings/><con:encoding>UTF-8</con:encoding><con:endpoint>https://192.168.23.198:8443/services/AccessManagerService_v1.0</con:endpoint><con:request><![CDATA[<soapenv:Envelope xmlns:soapenv="http://schemas.xmlsoap.org/soap/envelope/" xmlns:v1="http://fidus.brussels/service/accessmanagerservice/messages/v1" xmlns:v11="http://fidus.brussels/type/common/messages/v1" xmlns:v31="http://socialsecurity.be/umanentityrepresentative/types/v3">
   <soapenv:Header/>
   <soapenv:Body>
      <v1:getOrganisationDenominationRequest>
         <v1:messageContext>
         	  <v11:messageId>${=import static java.util.UUID.randomUUID; uuid = randomUUID() as String}</v11:messageId>
            <v11:timestamp>${=new java.text.SimpleDateFormat("yyyy-MM-dd'T'HH:mm:ss.SSS").format(new Date())}</v11:timestamp>
         </v1:messageContext>
         <v1:legalContext>ServiceIntegrator</v1:legalContext>
         <v1:request>
            <v1:Domain>QUAL_FED_HEALTHCARE</v1:Domain>
            <v1:OrganisationId>
               <v31:Identifier>1990000431</v31:Identifier>
               <v31:IdentifierType>BEEHP</v31:IdentifierType>
            </v1:OrganisationId>
            <v1:Language>nl</v1:Language>
         </v1:request>
      </v1:getOrganisationDenominationRequest>
   </soapenv:Body>
</soapenv:Envelope>]]></con:request><con:assertion type="SOAP Fault Assertion" id="cea700e3-3a5b-44fb-866d-ccf6dc4a17eb" name="Not SOAP Fault"/><con:assertion type="SOAP Response" id="d06e7fd6-5869-4cd8-a94c-60c0d08a02cb" name="SOAP Response"/><con:assertion type="Schema Compliance" id="557e87d1-6d6c-4918-aeca-fe5d4f1cba18" name="Schema Compliance"><con:configuration/></con:assertion><con:wsaConfig action="http://fidus.brussels/services/accessmanagerservice/getOrganisationDenomination"/></con:request></con:config></con:testStep><con:properties/></con:testCase><con:testCase id="72bf19ac-a4e4-4afb-bc65-7c80597b5ad1" failOnError="true" failTestCaseOnErrors="true" keepSession="false" maxResults="0" name="getOrganisationParentNodes" searchProperties="true"><con:settings/><con:testStep type="request" id="af378297-3d79-45c0-b017-224180f6af7d" name="testcase4 - Staging - LB - Request"><con:settings/><con:config xsi:type="con:RequestStep" xmlns:xsi="http://www.w3.org/2001/XMLSchema-instance"><con:interface>AccessManagerServiceHTTPBinding</con:interface><con:operation>getOrganisationParentNodes</con:operation><con:request name="testcase4 - Staging - LB - Request" id="0f530fb4-f4fa-459c-9897-880b3aa7247a" outgoingWss="Outflow STAG"><con:settings/><con:encoding>UTF-8</con:encoding><con:endpoint>https://fidus-esb-sg.sta.srv.cirb.lan:8443/services/AccessManagerService_v1.0</con:endpoint><con:request><![CDATA[<soapenv:Envelope xmlns:soapenv="http://schemas.xmlsoap.org/soap/envelope/" xmlns:v1="http://fidus.brussels/service/accessmanagerservice/messages/v1" xmlns:v11="http://fidus.brussels/type/common/messages/v1" xmlns:v31="http://socialsecurity.be/umanentityrepresentative/types/v3">
   <soapenv:Header/>
   <soapenv:Body>
      <v1:getOrganisationParentNodesRequest>
         <v1:messageContext>
         	  <v11:messageId>${=import static java.util.UUID.randomUUID; uuid = randomUUID() as String}</v11:messageId>
            <v11:timestamp>${=new java.text.SimpleDateFormat("yyyy-MM-dd'T'HH:mm:ss.SSS").format(new Date())}</v11:timestamp>
         </v1:messageContext>
         <v1:legalContext>ServiceIntegrator</v1:legalContext>
         <v1:request>
            <v1:Domain>QUAL_FED_HEALTHCARE</v1:Domain>
            <v1:OrganisationId>
               <v31:Identifier>1990000431</v31:Identifier>
               <v31:IdentifierType>BEEHP</v31:IdentifierType>
            </v1:OrganisationId>
            <v1:Language>nl</v1:Language>
         </v1:request>
      </v1:getOrganisationParentNodesRequest>
   </soapenv:Body>
</soapenv:Envelope>]]></con:request><con:assertion type="SOAP Fault Assertion" id="e668f1d9-ed5c-4908-9857-25f124804dda" name="Not SOAP Fault"/><con:assertion type="SOAP Response" id="fe497009-db14-4dc4-8857-349fc20ce64f" name="SOAP Response"/><con:assertion type="Schema Compliance" id="a72ba674-18c1-4c82-a37a-b26ea0e90027" name="Schema Compliance"><con:configuration/></con:assertion><con:wsaConfig action="http://fidus.brussels/services/accessmanagerservice/getOrganisationParentNodes"/></con:request></con:config></con:testStep><con:testStep type="request" id="0f32bccf-dd28-48a1-bd71-0cea25f3c9a4" name="testcase4 - Staging - Worker1 - Request"><con:settings/><con:config xsi:type="con:RequestStep" xmlns:xsi="http://www.w3.org/2001/XMLSchema-instance"><con:interface>AccessManagerServiceHTTPBinding</con:interface><con:operation>getOrganisationParentNodes</con:operation><con:request name="testcase4 - Staging - Worker1 - Request" id="7d377120-28b4-421f-84df-47a239cb0f90" outgoingWss="Outflow STAG"><con:settings/><con:encoding>UTF-8</con:encoding><con:endpoint>https://192.168.24.16:8443/services/AccessManagerService_v1.0</con:endpoint><con:request><![CDATA[<soapenv:Envelope xmlns:soapenv="http://schemas.xmlsoap.org/soap/envelope/" xmlns:v1="http://fidus.brussels/service/accessmanagerservice/messages/v1" xmlns:v11="http://fidus.brussels/type/common/messages/v1" xmlns:v31="http://socialsecurity.be/umanentityrepresentative/types/v3">
   <soapenv:Header/>
   <soapenv:Body>
      <v1:getOrganisationParentNodesRequest>
         <v1:messageContext>
         	  <v11:messageId>${=import static java.util.UUID.randomUUID; uuid = randomUUID() as String}</v11:messageId>
            <v11:timestamp>${=new java.text.SimpleDateFormat("yyyy-MM-dd'T'HH:mm:ss.SSS").format(new Date())}</v11:timestamp>
         </v1:messageContext>
         <v1:legalContext>ServiceIntegrator</v1:legalContext>
         <v1:request>
            <v1:Domain>QUAL_FED_HEALTHCARE</v1:Domain>
            <v1:OrganisationId>
               <v31:Identifier>1990000431</v31:Identifier>
               <v31:IdentifierType>BEEHP</v31:IdentifierType>
            </v1:OrganisationId>
            <v1:Language>nl</v1:Language>
         </v1:request>
      </v1:getOrganisationParentNodesRequest>
   </soapenv:Body>
</soapenv:Envelope>]]></con:request><con:assertion type="SOAP Fault Assertion" id="153d8ae7-778e-4d2a-a222-fa4c816e6a70" name="Not SOAP Fault"/><con:assertion type="SOAP Response" id="d357189f-67ce-40cf-9e9b-7979d44c6e36" name="SOAP Response"/><con:assertion type="Schema Compliance" id="d6128511-fe0a-4162-a92f-85ca7fccbe0a" name="Schema Compliance"><con:configuration/></con:assertion><con:wsaConfig action="http://fidus.brussels/services/accessmanagerservice/getOrganisationParentNodes"/></con:request></con:config></con:testStep><con:testStep type="request" id="c7b71ca3-697b-4f3e-aa49-b2ae788bd677" name="testcase4 - Staging - Worker2 - Request"><con:settings/><con:config xsi:type="con:RequestStep" xmlns:xsi="http://www.w3.org/2001/XMLSchema-instance"><con:interface>AccessManagerServiceHTTPBinding</con:interface><con:operation>getOrganisationParentNodes</con:operation><con:request name="testcase4 - Staging - Worker2 - Request" id="74de9400-8e7c-461b-b27f-9015a95ba70e" outgoingWss="Outflow STAG"><con:settings/><con:encoding>UTF-8</con:encoding><con:endpoint>https://192.168.24.17:8443/services/AccessManagerService_v1.0</con:endpoint><con:request><![CDATA[<soapenv:Envelope xmlns:soapenv="http://schemas.xmlsoap.org/soap/envelope/" xmlns:v1="http://fidus.brussels/service/accessmanagerservice/messages/v1" xmlns:v11="http://fidus.brussels/type/common/messages/v1" xmlns:v31="http://socialsecurity.be/umanentityrepresentative/types/v3">
   <soapenv:Header/>
   <soapenv:Body>
      <v1:getOrganisationParentNodesRequest>
         <v1:messageContext>
         	  <v11:messageId>${=import static java.util.UUID.randomUUID; uuid = randomUUID() as String}</v11:messageId>
            <v11:timestamp>${=new java.text.SimpleDateFormat("yyyy-MM-dd'T'HH:mm:ss.SSS").format(new Date())}</v11:timestamp>
         </v1:messageContext>
         <v1:legalContext>ServiceIntegrator</v1:legalContext>
         <v1:request>
            <v1:Domain>QUAL_FED_HEALTHCARE</v1:Domain>
            <v1:OrganisationId>
               <v31:Identifier>1990000431</v31:Identifier>
               <v31:IdentifierType>BEEHP</v31:IdentifierType>
            </v1:OrganisationId>
            <v1:Language>nl</v1:Language>
         </v1:request>
      </v1:getOrganisationParentNodesRequest>
   </soapenv:Body>
</soapenv:Envelope>]]></con:request><con:assertion type="SOAP Fault Assertion" id="5eb542da-201b-455c-99a2-ce2a8f28ff62" name="Not SOAP Fault"/><con:assertion type="SOAP Response" id="de955e9a-94d3-457a-a513-4506d86e687a" name="SOAP Response"/><con:assertion type="Schema Compliance" id="6b1a2001-4e3d-47ac-a14a-3fa7edc65be0" name="Schema Compliance"><con:configuration/></con:assertion><con:wsaConfig action="http://fidus.brussels/services/accessmanagerservice/getOrganisationParentNodes"/></con:request></con:config></con:testStep><con:testStep type="request" id="bcff0341-5e66-4607-bdb0-b5be20fe2fb8" name="testcase4 - Staging - Worker1New - Request"><con:settings/><con:config xsi:type="con:RequestStep" xmlns:xsi="http://www.w3.org/2001/XMLSchema-instance"><con:interface>AccessManagerServiceHTTPBinding</con:interface><con:operation>getOrganisationParentNodes</con:operation><con:request name="testcase4 - Staging - Worker1New - Request" id="1bef0cd9-f882-4449-b36b-d6b174b17ad0" outgoingWss="Outflow STAG"><con:settings/><con:encoding>UTF-8</con:encoding><con:endpoint>https://192.168.23.191:8443/services/AccessManagerService_v1.0</con:endpoint><con:request><![CDATA[<soapenv:Envelope xmlns:soapenv="http://schemas.xmlsoap.org/soap/envelope/" xmlns:v1="http://fidus.brussels/service/accessmanagerservice/messages/v1" xmlns:v11="http://fidus.brussels/type/common/messages/v1" xmlns:v31="http://socialsecurity.be/umanentityrepresentative/types/v3">
   <soapenv:Header/>
   <soapenv:Body>
      <v1:getOrganisationParentNodesRequest>
         <v1:messageContext>
         	  <v11:messageId>${=import static java.util.UUID.randomUUID; uuid = randomUUID() as String}</v11:messageId>
            <v11:timestamp>${=new java.text.SimpleDateFormat("yyyy-MM-dd'T'HH:mm:ss.SSS").format(new Date())}</v11:timestamp>
         </v1:messageContext>
         <v1:legalContext>ServiceIntegrator</v1:legalContext>
         <v1:request>
            <v1:Domain>QUAL_FED_HEALTHCARE</v1:Domain>
            <v1:OrganisationId>
               <v31:Identifier>1990000431</v31:Identifier>
               <v31:IdentifierType>BEEHP</v31:IdentifierType>
            </v1:OrganisationId>
            <v1:Language>nl</v1:Language>
         </v1:request>
      </v1:getOrganisationParentNodesRequest>
   </soapenv:Body>
</soapenv:Envelope>]]></con:request><con:assertion type="SOAP Fault Assertion" id="364629fa-df39-494c-8a87-022dfb1f6db9" name="Not SOAP Fault"/><con:assertion type="SOAP Response" id="9ef6b061-230b-476e-a42e-bee251644c05" name="SOAP Response"/><con:assertion type="Schema Compliance" id="c43eee35-d4ec-407d-9fa3-0e59fa171561" name="Schema Compliance"><con:configuration/></con:assertion><con:wsaConfig action="http://fidus.brussels/services/accessmanagerservice/getOrganisationParentNodes"/></con:request></con:config></con:testStep><con:testStep type="request" id="af46003e-2761-4e2a-9c32-5ae6a791cfb1" name="testcase4 - Staging - Worker2New - Request"><con:settings/><con:config xsi:type="con:RequestStep" xmlns:xsi="http://www.w3.org/2001/XMLSchema-instance"><con:interface>AccessManagerServiceHTTPBinding</con:interface><con:operation>getOrganisationParentNodes</con:operation><con:request name="testcase4 - Staging - Worker2New - Request" id="46f0caba-629f-4cd6-b299-39f24e521ded" outgoingWss="Outflow STAG"><con:settings/><con:encoding>UTF-8</con:encoding><con:endpoint>https://192.168.23.198:8443/services/AccessManagerService_v1.0</con:endpoint><con:request><![CDATA[<soapenv:Envelope xmlns:soapenv="http://schemas.xmlsoap.org/soap/envelope/" xmlns:v1="http://fidus.brussels/service/accessmanagerservice/messages/v1" xmlns:v11="http://fidus.brussels/type/common/messages/v1" xmlns:v31="http://socialsecurity.be/umanentityrepresentative/types/v3">
   <soapenv:Header/>
   <soapenv:Body>
      <v1:getOrganisationParentNodesRequest>
         <v1:messageContext>
         	  <v11:messageId>${=import static java.util.UUID.randomUUID; uuid = randomUUID() as String}</v11:messageId>
            <v11:timestamp>${=new java.text.SimpleDateFormat("yyyy-MM-dd'T'HH:mm:ss.SSS").format(new Date())}</v11:timestamp>
         </v1:messageContext>
         <v1:legalContext>ServiceIntegrator</v1:legalContext>
         <v1:request>
            <v1:Domain>QUAL_FED_HEALTHCARE</v1:Domain>
            <v1:OrganisationId>
               <v31:Identifier>1990000431</v31:Identifier>
               <v31:IdentifierType>BEEHP</v31:IdentifierType>
            </v1:OrganisationId>
            <v1:Language>nl</v1:Language>
         </v1:request>
      </v1:getOrganisationParentNodesRequest>
   </soapenv:Body>
</soapenv:Envelope>]]></con:request><con:assertion type="SOAP Fault Assertion" id="2980d324-ae8a-49f8-9d00-29edb5fdceb7" name="Not SOAP Fault"/><con:assertion type="SOAP Response" id="e002736e-fdd6-41b5-b157-963cdcd603a8" name="SOAP Response"/><con:assertion type="Schema Compliance" id="52ae6ecd-cb43-405d-a014-d47a9691ae5c" name="Schema Compliance"><con:configuration/></con:assertion><con:wsaConfig action="http://fidus.brussels/services/accessmanagerservice/getOrganisationParentNodes"/></con:request></con:config></con:testStep><con:properties/></con:testCase><con:properties/></con:testSuite><con:testSuite id="aa1193e4-dccf-4e09-b2db-6652348e8dc6" name="PROD"><con:settings/><con:runType>SEQUENTIAL</con:runType><con:testCase id="59a866bd-be38-426a-bd9e-6a8e7e315bab" failOnError="true" failTestCaseOnErrors="true" keepSession="false" maxResults="0" name="findRepresentativeRolesByINSS" searchProperties="true"><con:settings/><con:testStep type="request" id="01d2df9b-1abc-48b2-b3b3-7e961ab48555" name="testcase5 - Prod - External - Request"><con:settings/><con:config xsi:type="con:RequestStep" xmlns:xsi="http://www.w3.org/2001/XMLSchema-instance"><con:interface>AccessManagerServiceHTTPBinding</con:interface><con:operation>findRepresentativeRolesByINSS</con:operation><con:request name="testcase5 - Prod - External - Request" id="497e7dd0-2647-4b57-8be5-326b1d71c9ef" outgoingWss="Outflow PROD"><con:settings/><con:encoding>UTF-8</con:encoding><con:endpoint>https://fidus.sec.brussels/services/AccessManagerService_v1.0</con:endpoint><con:request><![CDATA[<soapenv:Envelope xmlns:soapenv="http://schemas.xmlsoap.org/soap/envelope/" xmlns:v1="http://fidus.brussels/service/accessmanagerservice/messages/v1" xmlns:v11="http://fidus.brussels/type/common/messages/v1" xmlns:v3="http://socialsecurity.be/umanentityrepresentative/types/v3">
   <soapenv:Header/>
   <soapenv:Body>
      <v1:findRepresentativeRolesByINSSRequest>
         <v1:messageContext>
         	  <v11:messageId>${=import static java.util.UUID.randomUUID; uuid = randomUUID() as String}</v11:messageId>
            <v11:timestamp>${=new java.text.SimpleDateFormat("yyyy-MM-dd'T'HH:mm:ss.SSS").format(new Date())}</v11:timestamp>
         </v1:messageContext>
         <v1:legalContext>ServiceIntegrator</v1:legalContext>
         <v1:request>
            <v1:Domain>QUAL_FED_HEALTHCARE</v1:Domain>
            <v1:INSS>86051933959</v1:INSS>
            <v1:Language>nl</v1:Language>
         </v1:request>
      </v1:findRepresentativeRolesByINSSRequest>
   </soapenv:Body>
</soapenv:Envelope>]]></con:request><con:assertion type="SOAP Fault Assertion" id="03184467-d682-46d6-a716-eba9ed81982d" name="Not SOAP Fault"/><con:assertion type="SOAP Response" id="4331db18-cafb-4c9b-b380-701545db6d91" name="SOAP Response"/><con:assertion type="Schema Compliance" id="44e7257c-fb66-4b49-b88b-166f6f5c5cff" name="Schema Compliance"><con:configuration/></con:assertion><con:wsaConfig action="http://fidus.brussels/services/accessmanagerservice/findRepresentativeRolesByINSS"/></con:request></con:config></con:testStep><con:testStep type="request" id="98959f4c-0be4-4bf9-92e5-d903c6e30acd" name="testcase5 - Prod - LB - Request"><con:settings/><con:config xsi:type="con:RequestStep" xmlns:xsi="http://www.w3.org/2001/XMLSchema-instance"><con:interface>AccessManagerServiceHTTPBinding</con:interface><con:operation>findRepresentativeRolesByINSS</con:operation><con:request name="testcase5 - Prod - LB - Request" id="2f6793e7-5868-4b2e-afcb-06ed635ee615" outgoingWss="Outflow PROD"><con:settings/><con:encoding>UTF-8</con:encoding><con:endpoint>https://fidus-esb-sg.prd.srv.cirb.lan:8443/services/AccessManagerService_v1.0</con:endpoint><con:request><![CDATA[<soapenv:Envelope xmlns:soapenv="http://schemas.xmlsoap.org/soap/envelope/" xmlns:v1="http://fidus.brussels/service/accessmanagerservice/messages/v1" xmlns:v11="http://fidus.brussels/type/common/messages/v1" xmlns:v3="http://socialsecurity.be/umanentityrepresentative/types/v3">
   <soapenv:Header/>
   <soapenv:Body>
      <v1:findRepresentativeRolesByINSSRequest>
         <v1:messageContext>
         	  <v11:messageId>${=import static java.util.UUID.randomUUID; uuid = randomUUID() as String}</v11:messageId>
            <v11:timestamp>${=new java.text.SimpleDateFormat("yyyy-MM-dd'T'HH:mm:ss.SSS").format(new Date())}</v11:timestamp>
         </v1:messageContext>
         <v1:legalContext>ServiceIntegrator</v1:legalContext>
         <v1:request>
            <v1:Domain>QUAL_FED_HEALTHCARE</v1:Domain>
            <v1:INSS>86051933959</v1:INSS>
            <v1:Language>nl</v1:Language>
         </v1:request>
      </v1:findRepresentativeRolesByINSSRequest>
   </soapenv:Body>
</soapenv:Envelope>]]></con:request><con:assertion type="SOAP Fault Assertion" id="08acf486-f8de-4bab-8c1a-0237b482e75a" name="Not SOAP Fault"/><con:assertion type="SOAP Response" id="cf358a66-ca39-4905-9240-fc5de18cbd9f" name="SOAP Response"/><con:assertion type="Schema Compliance" id="9bb987a6-7da8-450d-bf1d-ee1f4bb612bf" name="Schema Compliance"><con:configuration/></con:assertion><con:wsaConfig action="http://fidus.brussels/services/accessmanagerservice/findRepresentativeRolesByINSS"/></con:request></con:config></con:testStep><con:testStep type="request" id="570ca155-ffc0-452c-9b08-eab3cdd4b031" name="testcase5 - Prod - Worker1 - Request"><con:settings/><con:config xsi:type="con:RequestStep" xmlns:xsi="http://www.w3.org/2001/XMLSchema-instance"><con:interface>AccessManagerServiceHTTPBinding</con:interface><con:operation>findRepresentativeRolesByINSS</con:operation><con:request name="testcase5 - Prod - Worker1 - Request" id="e61de5a3-0b1c-4c61-b469-65aa89bb38b1" outgoingWss="Outflow PROD"><con:settings/><con:encoding>UTF-8</con:encoding><con:endpoint>https://192.168.26.22:8443/services/AccessManagerService_v1.0</con:endpoint><con:request><![CDATA[<soapenv:Envelope xmlns:soapenv="http://schemas.xmlsoap.org/soap/envelope/" xmlns:v1="http://fidus.brussels/service/accessmanagerservice/messages/v1" xmlns:v11="http://fidus.brussels/type/common/messages/v1" xmlns:v3="http://socialsecurity.be/umanentityrepresentative/types/v3">
   <soapenv:Header/>
   <soapenv:Body>
      <v1:findRepresentativeRolesByINSSRequest>
         <v1:messageContext>
         	  <v11:messageId>${=import static java.util.UUID.randomUUID; uuid = randomUUID() as String}</v11:messageId>
            <v11:timestamp>${=new java.text.SimpleDateFormat("yyyy-MM-dd'T'HH:mm:ss.SSS").format(new Date())}</v11:timestamp>
         </v1:messageContext>
         <v1:legalContext>ServiceIntegrator</v1:legalContext>
         <v1:request>
            <v1:Domain>QUAL_FED_HEALTHCARE</v1:Domain>
            <v1:INSS>86051933959</v1:INSS>
            <v1:Language>nl</v1:Language>
         </v1:request>
      </v1:findRepresentativeRolesByINSSRequest>
   </soapenv:Body>
</soapenv:Envelope>]]></con:request><con:assertion type="SOAP Fault Assertion" id="608ea94e-fd19-49e8-af7a-ed610c44fb10" name="Not SOAP Fault"/><con:assertion type="SOAP Response" id="2b9d82db-24be-4c16-a397-3810ed02cf3f" name="SOAP Response"/><con:assertion type="Schema Compliance" id="c0a9be11-6620-474b-b80d-349cde52d1a5" name="Schema Compliance"><con:configuration/></con:assertion><con:wsaConfig action="http://fidus.brussels/services/accessmanagerservice/findRepresentativeRolesByINSS"/></con:request></con:config></con:testStep><con:testStep type="request" id="e4aec4ae-5714-409c-bd60-ce4196daef0b" name="testcase5 - Prod - Worker2 - Request"><con:settings/><con:config xsi:type="con:RequestStep" xmlns:xsi="http://www.w3.org/2001/XMLSchema-instance"><con:interface>AccessManagerServiceHTTPBinding</con:interface><con:operation>findRepresentativeRolesByINSS</con:operation><con:request name="testcase5 - Prod - Worker2 - Request" id="7a29d9c4-90b1-4232-aa09-303aaf03a38d" outgoingWss="Outflow PROD"><con:settings/><con:encoding>UTF-8</con:encoding><con:endpoint>https://192.168.26.19:8443/services/AccessManagerService_v1.0</con:endpoint><con:request><![CDATA[<soapenv:Envelope xmlns:soapenv="http://schemas.xmlsoap.org/soap/envelope/" xmlns:v1="http://fidus.brussels/service/accessmanagerservice/messages/v1" xmlns:v11="http://fidus.brussels/type/common/messages/v1" xmlns:v3="http://socialsecurity.be/umanentityrepresentative/types/v3">
   <soapenv:Header/>
   <soapenv:Body>
      <v1:findRepresentativeRolesByINSSRequest>
         <v1:messageContext>
         	  <v11:messageId>${=import static java.util.UUID.randomUUID; uuid = randomUUID() as String}</v11:messageId>
            <v11:timestamp>${=new java.text.SimpleDateFormat("yyyy-MM-dd'T'HH:mm:ss.SSS").format(new Date())}</v11:timestamp>
         </v1:messageContext>
         <v1:legalContext>ServiceIntegrator</v1:legalContext>
         <v1:request>
            <v1:Domain>QUAL_FED_HEALTHCARE</v1:Domain>
            <v1:INSS>86051933959</v1:INSS>
            <v1:Language>nl</v1:Language>
         </v1:request>
      </v1:findRepresentativeRolesByINSSRequest>
   </soapenv:Body>
</soapenv:Envelope>]]></con:request><con:assertion type="SOAP Fault Assertion" id="3f7f89a7-8c42-4fb1-a0be-47d0bf5c07e0" name="Not SOAP Fault"/><con:assertion type="SOAP Response" id="faa3ba8d-06e8-4c4f-ad27-367b861137a1" name="SOAP Response"/><con:assertion type="Schema Compliance" id="3b1ee1af-25ea-43db-ba12-62956f89689b" name="Schema Compliance"><con:configuration/></con:assertion><con:wsaConfig action="http://fidus.brussels/services/accessmanagerservice/findRepresentativeRolesByINSS"/></con:request></con:config></con:testStep><con:properties/></con:testCase><con:testCase id="238a6130-8174-4a72-9893-58313f14ea8b" failOnError="true" failTestCaseOnErrors="true" keepSession="false" maxResults="0" name="getDomain" searchProperties="true"><con:settings/><con:testStep type="request" id="0dc460d1-b817-45c3-8197-2283af9f0b42" name="testcase5 - Prod - External - Request"><con:settings/><con:config xsi:type="con:RequestStep" xmlns:xsi="http://www.w3.org/2001/XMLSchema-instance"><con:interface>AccessManagerServiceHTTPBinding</con:interface><con:operation>getDomain</con:operation><con:request name="testcase5 - Prod - External - Request" id="39962e5f-58fc-4151-ae0a-e880cf857d23" outgoingWss="Outflow PROD"><con:settings/><con:encoding>UTF-8</con:encoding><con:endpoint>https://fidus.sec.brussels/services/AccessManagerService_v1.0</con:endpoint><con:request><![CDATA[<soapenv:Envelope xmlns:soapenv="http://schemas.xmlsoap.org/soap/envelope/" xmlns:v1="http://fidus.brussels/service/accessmanagerservice/messages/v1" xmlns:v11="http://fidus.brussels/type/common/messages/v1" >
   <soapenv:Header/>
   <soapenv:Body>
      <v1:getDomainRequest>
         <v1:messageContext>
         	  <v11:messageId>${=import static java.util.UUID.randomUUID; uuid = randomUUID() as String}</v11:messageId>
            <v11:timestamp>${=new java.text.SimpleDateFormat("yyyy-MM-dd'T'HH:mm:ss.SSS").format(new Date())}</v11:timestamp>
         </v1:messageContext>
         <v1:legalContext>ServiceIntegrator</v1:legalContext>
         <v1:request>
         	  <v1:Domain>FINANCE</v1:Domain>
            <v1:Language>fr</v1:Language>
         </v1:request>
      </v1:getDomainRequest>
   </soapenv:Body>
</soapenv:Envelope>]]></con:request><con:assertion type="SOAP Fault Assertion" id="103803c8-9028-4279-9017-cc7e73cae254" name="Not SOAP Fault"/><con:assertion type="SOAP Response" id="556db215-82d5-499a-9726-713e79bf887f" name="SOAP Response"/><con:assertion type="Schema Compliance" id="f28b092a-fe47-4535-95fb-da15bae5b968" name="Schema Compliance"><con:configuration/></con:assertion><con:wsaConfig action="http://fidus.brussels/services/accessmanagerservice/getDomain"/></con:request></con:config></con:testStep><con:testStep type="request" id="f00a3b03-124c-4fc1-8dc5-6397422f89dd" name="testcase5 - Prod - LB - Request"><con:settings/><con:config xsi:type="con:RequestStep" xmlns:xsi="http://www.w3.org/2001/XMLSchema-instance"><con:interface>AccessManagerServiceHTTPBinding</con:interface><con:operation>getDomain</con:operation><con:request name="testcase5 - Prod - LB - Request" id="615a4d56-9105-4683-8a15-6adbb4b222ab" outgoingWss="Outflow PROD"><con:settings/><con:encoding>UTF-8</con:encoding><con:endpoint>https://fidus-esb-sg.prd.srv.cirb.lan:8443/services/AccessManagerService_v1.0</con:endpoint><con:request><![CDATA[<soapenv:Envelope xmlns:soapenv="http://schemas.xmlsoap.org/soap/envelope/" xmlns:v1="http://fidus.brussels/service/accessmanagerservice/messages/v1" xmlns:v11="http://fidus.brussels/type/common/messages/v1" >
   <soapenv:Header/>
   <soapenv:Body>
      <v1:getDomainRequest>
         <v1:messageContext>
         	  <v11:messageId>${=import static java.util.UUID.randomUUID; uuid = randomUUID() as String}</v11:messageId>
            <v11:timestamp>${=new java.text.SimpleDateFormat("yyyy-MM-dd'T'HH:mm:ss.SSS").format(new Date())}</v11:timestamp>
         </v1:messageContext>
         <v1:legalContext>ServiceIntegrator</v1:legalContext>
         <v1:request>
         	  <v1:Domain>FINANCE</v1:Domain>
            <v1:Language>fr</v1:Language>
         </v1:request>
      </v1:getDomainRequest>
   </soapenv:Body>
</soapenv:Envelope>]]></con:request><con:assertion type="SOAP Fault Assertion" id="ef8ad4fd-49ba-48cf-8504-196892cd1b91" name="Not SOAP Fault"/><con:assertion type="SOAP Response" id="d876994c-3f4d-4f52-8adf-720d5f8a531b" name="SOAP Response"/><con:assertion type="Schema Compliance" id="8ea48ba8-01fb-465a-9009-ef31074289c5" name="Schema Compliance"><con:configuration/></con:assertion><con:wsaConfig action="http://fidus.brussels/services/accessmanagerservice/getDomain"/></con:request></con:config></con:testStep><con:testStep type="request" id="05c488ce-1cbd-4ace-b823-fc7133fde450" name="testcase5 - Prod - Worker1 - Request"><con:settings/><con:config xsi:type="con:RequestStep" xmlns:xsi="http://www.w3.org/2001/XMLSchema-instance"><con:interface>AccessManagerServiceHTTPBinding</con:interface><con:operation>getDomain</con:operation><con:request name="testcase5 - Prod - Worker1 - Request" id="a3622077-0da8-4a61-bfd7-4bf315378ac9" outgoingWss="Outflow PROD"><con:settings/><con:encoding>UTF-8</con:encoding><con:endpoint>https://192.168.26.22:8443/services/AccessManagerService_v1.0</con:endpoint><con:request><![CDATA[<soapenv:Envelope xmlns:soapenv="http://schemas.xmlsoap.org/soap/envelope/" xmlns:v1="http://fidus.brussels/service/accessmanagerservice/messages/v1" xmlns:v11="http://fidus.brussels/type/common/messages/v1" >
   <soapenv:Header/>
   <soapenv:Body>
      <v1:getDomainRequest>
         <v1:messageContext>
         	  <v11:messageId>${=import static java.util.UUID.randomUUID; uuid = randomUUID() as String}</v11:messageId>
            <v11:timestamp>${=new java.text.SimpleDateFormat("yyyy-MM-dd'T'HH:mm:ss.SSS").format(new Date())}</v11:timestamp>
         </v1:messageContext>
         <v1:legalContext>ServiceIntegrator</v1:legalContext>
         <v1:request>
         	  <v1:Domain>FINANCE</v1:Domain>
            <v1:Language>fr</v1:Language>
         </v1:request>
      </v1:getDomainRequest>
   </soapenv:Body>
</soapenv:Envelope>]]></con:request><con:assertion type="SOAP Fault Assertion" id="89b86f09-ab54-4c9e-8662-95096490b261" name="Not SOAP Fault"/><con:assertion type="SOAP Response" id="96f240f1-2b69-4cad-a8f2-3043dd13dbfb" name="SOAP Response"/><con:assertion type="Schema Compliance" id="e3a12928-5fcd-48cb-b855-52ea308c1583" name="Schema Compliance"><con:configuration/></con:assertion><con:wsaConfig action="http://fidus.brussels/services/accessmanagerservice/getDomain"/></con:request></con:config></con:testStep><con:testStep type="request" id="c2bf6e85-0447-4381-b2d2-88228bbf1a51" name="testcase5 - Prod - Worker2 - Request"><con:settings/><con:config xsi:type="con:RequestStep" xmlns:xsi="http://www.w3.org/2001/XMLSchema-instance"><con:interface>AccessManagerServiceHTTPBinding</con:interface><con:operation>getDomain</con:operation><con:request name="testcase5 - Prod - Worker2 - Request" id="48ea46b7-6e8e-4ce3-b818-29d03893c0f3" outgoingWss="Outflow PROD"><con:settings/><con:encoding>UTF-8</con:encoding><con:endpoint>https://192.168.26.19:8443/services/AccessManagerService_v1.0</con:endpoint><con:request><![CDATA[<soapenv:Envelope xmlns:soapenv="http://schemas.xmlsoap.org/soap/envelope/" xmlns:v1="http://fidus.brussels/service/accessmanagerservice/messages/v1" xmlns:v11="http://fidus.brussels/type/common/messages/v1" >
   <soapenv:Header/>
   <soapenv:Body>
      <v1:getDomainRequest>
         <v1:messageContext>
         	  <v11:messageId>${=import static java.util.UUID.randomUUID; uuid = randomUUID() as String}</v11:messageId>
            <v11:timestamp>${=new java.text.SimpleDateFormat("yyyy-MM-dd'T'HH:mm:ss.SSS").format(new Date())}</v11:timestamp>
         </v1:messageContext>
         <v1:legalContext>ServiceIntegrator</v1:legalContext>
         <v1:request>
         	  <v1:Domain>FINANCE</v1:Domain>
            <v1:Language>fr</v1:Language>
         </v1:request>
      </v1:getDomainRequest>
   </soapenv:Body>
</soapenv:Envelope>]]></con:request><con:assertion type="SOAP Fault Assertion" id="4c17090d-21db-4e95-8b14-a581d0bb2997" name="Not SOAP Fault"/><con:assertion type="SOAP Response" id="090f5655-a398-4e25-92dc-820f62155d4d" name="SOAP Response"/><con:assertion type="Schema Compliance" id="f8967517-cc3f-48d5-bcd7-5c5319efd958" name="Schema Compliance"><con:configuration/></con:assertion><con:wsaConfig action="http://fidus.brussels/services/accessmanagerservice/getDomain"/></con:request></con:config></con:testStep><con:properties/></con:testCase><con:testCase id="00338873-4d9f-4195-828c-1164ecc8e54c" failOnError="true" failTestCaseOnErrors="true" keepSession="false" maxResults="0" name="getEntityRepresentatives" searchProperties="true"><con:settings/><con:testStep type="request" id="3d764c5b-cb0f-4cfc-9020-857469635356" name="testcase5 - Prod - External - Request"><con:settings/><con:config xsi:type="con:RequestStep" xmlns:xsi="http://www.w3.org/2001/XMLSchema-instance"><con:interface>AccessManagerServiceHTTPBinding</con:interface><con:operation>getEntityRepresentatives</con:operation><con:request name="testcase5 - Prod - External - Request" id="f596db0c-492f-4b64-9a79-530ba26a5a6a" outgoingWss="Outflow PROD"><con:settings/><con:encoding>UTF-8</con:encoding><con:endpoint>https://fidus.sec.brussels/services/AccessManagerService_v1.0</con:endpoint><con:request><![CDATA[<soapenv:Envelope xmlns:soapenv="http://schemas.xmlsoap.org/soap/envelope/" xmlns:v1="http://fidus.brussels/service/accessmanagerservice/messages/v1" xmlns:v11="http://fidus.brussels/type/common/messages/v1" xmlns:v31="http://socialsecurity.be/umanentityrepresentative/types/v3" >
   <soapenv:Header/>
   <soapenv:Body>
      <v1:getEntityRepresentativesRequest>
         <v1:messageContext>
         	  <v11:messageId>${=import static java.util.UUID.randomUUID; uuid = randomUUID() as String}</v11:messageId>
            <v11:timestamp>${=new java.text.SimpleDateFormat("yyyy-MM-dd'T'HH:mm:ss.SSS").format(new Date())}</v11:timestamp>
         </v1:messageContext>
         <v1:legalContext>ServiceIntegrator</v1:legalContext>
         <v1:request>
            <v1:Domain>QUAL_FED_HEALTHCARE</v1:Domain>
            <v1:OrganisationId>
               <v31:Identifier>1990000431</v31:Identifier>
               <v31:IdentifierType>BEEHP</v31:IdentifierType>
            </v1:OrganisationId>
            <v1:Language>nl</v1:Language>
         </v1:request>
      </v1:getEntityRepresentativesRequest>
   </soapenv:Body>
</soapenv:Envelope>]]></con:request><con:assertion type="SOAP Fault Assertion" id="a6c24028-5dda-424a-a91b-6fb5c2596b44" name="Not SOAP Fault"/><con:assertion type="SOAP Response" id="793e42f4-0fd3-489e-8984-5ae49d678847" name="SOAP Response"/><con:assertion type="Schema Compliance" id="0d5f9a37-a122-4abc-b32d-76ede9b634ab" name="Schema Compliance"><con:configuration/></con:assertion><con:wsaConfig action="http://fidus.brussels/services/accessmanagerservice/getEntityRepresentatives"/></con:request></con:config></con:testStep><con:testStep type="request" id="784f9e52-5995-4e78-bb2d-a4a6a09452eb" name="testcase5 - Prod - LB - Request"><con:settings/><con:config xsi:type="con:RequestStep" xmlns:xsi="http://www.w3.org/2001/XMLSchema-instance"><con:interface>AccessManagerServiceHTTPBinding</con:interface><con:operation>getEntityRepresentatives</con:operation><con:request name="testcase5 - Prod - LB - Request" id="d58cb2d4-337b-4535-abbc-7d6b42e9b632" outgoingWss="Outflow PROD"><con:settings/><con:encoding>UTF-8</con:encoding><con:endpoint>https://fidus-esb-sg.prd.srv.cirb.lan:8443/services/AccessManagerService_v1.0</con:endpoint><con:request><![CDATA[<soapenv:Envelope xmlns:soapenv="http://schemas.xmlsoap.org/soap/envelope/" xmlns:v1="http://fidus.brussels/service/accessmanagerservice/messages/v1" xmlns:v11="http://fidus.brussels/type/common/messages/v1" xmlns:v31="http://socialsecurity.be/umanentityrepresentative/types/v3" >
   <soapenv:Header/>
   <soapenv:Body>
      <v1:getEntityRepresentativesRequest>
         <v1:messageContext>
         	  <v11:messageId>${=import static java.util.UUID.randomUUID; uuid = randomUUID() as String}</v11:messageId>
            <v11:timestamp>${=new java.text.SimpleDateFormat("yyyy-MM-dd'T'HH:mm:ss.SSS").format(new Date())}</v11:timestamp>
         </v1:messageContext>
         <v1:legalContext>ServiceIntegrator</v1:legalContext>
         <v1:request>
            <v1:Domain>QUAL_FED_HEALTHCARE</v1:Domain>
            <v1:OrganisationId>
               <v31:Identifier>1990000431</v31:Identifier>
               <v31:IdentifierType>BEEHP</v31:IdentifierType>
            </v1:OrganisationId>
            <v1:Language>nl</v1:Language>
         </v1:request>
      </v1:getEntityRepresentativesRequest>
   </soapenv:Body>
</soapenv:Envelope>]]></con:request><con:assertion type="SOAP Fault Assertion" id="b68593b8-f1f2-49f8-8a91-e02c65e6c592" name="Not SOAP Fault"/><con:assertion type="SOAP Response" id="46584866-e32e-4a06-b575-40dc97506a27" name="SOAP Response"/><con:assertion type="Schema Compliance" id="5cb4aa37-9c29-474e-8fc9-b9773e08f51b" name="Schema Compliance"><con:configuration/></con:assertion><con:wsaConfig action="http://fidus.brussels/services/accessmanagerservice/getEntityRepresentatives"/></con:request></con:config></con:testStep><con:testStep type="request" id="52f5dd89-31fc-4691-965a-f7c9cd4725b0" name="testcase5 - Prod - Worker1 - Request"><con:settings/><con:config xsi:type="con:RequestStep" xmlns:xsi="http://www.w3.org/2001/XMLSchema-instance"><con:interface>AccessManagerServiceHTTPBinding</con:interface><con:operation>getEntityRepresentatives</con:operation><con:request name="testcase5 - Prod - Worker1 - Request" id="d477d346-d7a7-407e-83e0-28f0778c87a9" outgoingWss="Outflow PROD"><con:settings/><con:encoding>UTF-8</con:encoding><con:endpoint>https://192.168.26.22:8443/services/AccessManagerService_v1.0</con:endpoint><con:request><![CDATA[<soapenv:Envelope xmlns:soapenv="http://schemas.xmlsoap.org/soap/envelope/" xmlns:v1="http://fidus.brussels/service/accessmanagerservice/messages/v1" xmlns:v11="http://fidus.brussels/type/common/messages/v1" xmlns:v31="http://socialsecurity.be/umanentityrepresentative/types/v3" >
   <soapenv:Header/>
   <soapenv:Body>
      <v1:getEntityRepresentativesRequest>
         <v1:messageContext>
         	  <v11:messageId>${=import static java.util.UUID.randomUUID; uuid = randomUUID() as String}</v11:messageId>
            <v11:timestamp>${=new java.text.SimpleDateFormat("yyyy-MM-dd'T'HH:mm:ss.SSS").format(new Date())}</v11:timestamp>
         </v1:messageContext>
         <v1:legalContext>ServiceIntegrator</v1:legalContext>
         <v1:request>
            <v1:Domain>QUAL_FED_HEALTHCARE</v1:Domain>
            <v1:OrganisationId>
               <v31:Identifier>1990000431</v31:Identifier>
               <v31:IdentifierType>BEEHP</v31:IdentifierType>
            </v1:OrganisationId>
            <v1:Language>nl</v1:Language>
         </v1:request>
      </v1:getEntityRepresentativesRequest>
   </soapenv:Body>
</soapenv:Envelope>]]></con:request><con:assertion type="SOAP Fault Assertion" id="2bb839f1-5241-4b7a-a74b-f7ed2d583f79" name="Not SOAP Fault"/><con:assertion type="SOAP Response" id="0d0bac46-3f5b-4b0e-a2cc-6a77a9b3344a" name="SOAP Response"/><con:assertion type="Schema Compliance" id="e7a55b01-21c5-4ce6-aab5-aa9519144aab" name="Schema Compliance"><con:configuration/></con:assertion><con:wsaConfig action="http://fidus.brussels/services/accessmanagerservice/getEntityRepresentatives"/></con:request></con:config></con:testStep><con:testStep type="request" id="2d4ade93-8228-4431-b39b-a81b9d14b392" name="testcase5 - Prod - Worker2 - Request"><con:settings/><con:config xsi:type="con:RequestStep" xmlns:xsi="http://www.w3.org/2001/XMLSchema-instance"><con:interface>AccessManagerServiceHTTPBinding</con:interface><con:operation>getEntityRepresentatives</con:operation><con:request name="testcase5 - Prod - Worker2 - Request" id="d9f901a5-e8f9-4188-816c-b379308f2ad1" outgoingWss="Outflow PROD"><con:settings/><con:encoding>UTF-8</con:encoding><con:endpoint>https://192.168.26.19:8443/services/AccessManagerService_v1.0</con:endpoint><con:request><![CDATA[<soapenv:Envelope xmlns:soapenv="http://schemas.xmlsoap.org/soap/envelope/" xmlns:v1="http://fidus.brussels/service/accessmanagerservice/messages/v1" xmlns:v11="http://fidus.brussels/type/common/messages/v1" xmlns:v31="http://socialsecurity.be/umanentityrepresentative/types/v3" >
   <soapenv:Header/>
   <soapenv:Body>
      <v1:getEntityRepresentativesRequest>
         <v1:messageContext>
         	  <v11:messageId>${=import static java.util.UUID.randomUUID; uuid = randomUUID() as String}</v11:messageId>
            <v11:timestamp>${=new java.text.SimpleDateFormat("yyyy-MM-dd'T'HH:mm:ss.SSS").format(new Date())}</v11:timestamp>
         </v1:messageContext>
         <v1:legalContext>ServiceIntegrator</v1:legalContext>
         <v1:request>
            <v1:Domain>QUAL_FED_HEALTHCARE</v1:Domain>
            <v1:OrganisationId>
               <v31:Identifier>1990000431</v31:Identifier>
               <v31:IdentifierType>BEEHP</v31:IdentifierType>
            </v1:OrganisationId>
            <v1:Language>nl</v1:Language>
         </v1:request>
      </v1:getEntityRepresentativesRequest>
   </soapenv:Body>
</soapenv:Envelope>]]></con:request><con:assertion type="SOAP Fault Assertion" id="70856f09-ae62-416f-a0bc-ee7e532ecb77" name="Not SOAP Fault"/><con:assertion type="SOAP Response" id="50ac50b4-c10b-4a5e-9ace-56a15d5664ac" name="SOAP Response"/><con:assertion type="Schema Compliance" id="1ba038e1-937a-4366-956d-3ad1cc071b05" name="Schema Compliance"><con:configuration/></con:assertion><con:wsaConfig action="http://fidus.brussels/services/accessmanagerservice/getEntityRepresentatives"/></con:request></con:config></con:testStep><con:properties/></con:testCase><con:testCase id="33f7d61c-82f5-4235-a6a6-775ef6779d47" failOnError="true" failTestCaseOnErrors="true" keepSession="false" maxResults="0" name="getOrganisationChildNodes" searchProperties="true"><con:settings/><con:testStep type="request" id="7f35b52c-4f55-4dd0-b258-c29df533c9e0" name="testcase5 - Prod - External - Request"><con:settings/><con:config xsi:type="con:RequestStep" xmlns:xsi="http://www.w3.org/2001/XMLSchema-instance"><con:interface>AccessManagerServiceHTTPBinding</con:interface><con:operation>getOrganisationChildNodes</con:operation><con:request name="testcase5 - Prod - External - Request" id="3ea44900-e30f-4a96-a72a-e6be634f5a39" outgoingWss="Outflow PROD"><con:settings/><con:encoding>UTF-8</con:encoding><con:endpoint>https://fidus.sec.brussels/services/AccessManagerService_v1.0</con:endpoint><con:request><![CDATA[<soapenv:Envelope xmlns:soapenv="http://schemas.xmlsoap.org/soap/envelope/" xmlns:v1="http://fidus.brussels/service/accessmanagerservice/messages/v1" xmlns:v11="http://fidus.brussels/type/common/messages/v1" xmlns:v31="http://socialsecurity.be/umanentityrepresentative/types/v3">
   <soapenv:Header/>
   <soapenv:Body>
      <v1:getOrganisationChildNodesRequest>
         <v1:messageContext>
         	  <v11:messageId>${=import static java.util.UUID.randomUUID; uuid = randomUUID() as String}</v11:messageId>
            <v11:timestamp>${=new java.text.SimpleDateFormat("yyyy-MM-dd'T'HH:mm:ss.SSS").format(new Date())}</v11:timestamp>
         </v1:messageContext>
         <v1:legalContext>ServiceIntegrator</v1:legalContext>
         <v1:request>
            <v1:Domain>QUAL_FED_HEALTHCARE</v1:Domain>
            <v1:OrganisationId>
               <v31:Identifier>1990000431</v31:Identifier>
               <v31:IdentifierType>BEEHP</v31:IdentifierType>
            </v1:OrganisationId>
            <v1:Language>nl</v1:Language>
         </v1:request>
      </v1:getOrganisationChildNodesRequest>
   </soapenv:Body>
</soapenv:Envelope>]]></con:request><con:assertion type="SOAP Fault Assertion" id="d44d2f3c-e2b4-4261-92ab-c069524175e0" name="Not SOAP Fault"/><con:assertion type="SOAP Response" id="a95ef97d-bd64-4005-b00e-77b9aea4b61f" name="SOAP Response"/><con:assertion type="Schema Compliance" id="9e8f7246-2051-4cf2-986f-b171532d0717" name="Schema Compliance"><con:configuration/></con:assertion><con:wsaConfig action="http://fidus.brussels/services/accessmanagerservice/getOrganisationChildNodes"/></con:request></con:config></con:testStep><con:testStep type="request" id="1316f02d-57ce-41a2-a174-00ff279d2588" name="testcase5 - Prod - LB - Request"><con:settings/><con:config xsi:type="con:RequestStep" xmlns:xsi="http://www.w3.org/2001/XMLSchema-instance"><con:interface>AccessManagerServiceHTTPBinding</con:interface><con:operation>getOrganisationChildNodes</con:operation><con:request name="testcase5 - Prod - LB - Request" id="0314fbba-4a93-441d-867c-5caeecd6c25e" outgoingWss="Outflow PROD"><con:settings/><con:encoding>UTF-8</con:encoding><con:endpoint>https://fidus-esb-sg.prd.srv.cirb.lan:8443/services/AccessManagerService_v1.0</con:endpoint><con:request><![CDATA[<soapenv:Envelope xmlns:soapenv="http://schemas.xmlsoap.org/soap/envelope/" xmlns:v1="http://fidus.brussels/service/accessmanagerservice/messages/v1" xmlns:v11="http://fidus.brussels/type/common/messages/v1" xmlns:v31="http://socialsecurity.be/umanentityrepresentative/types/v3">
   <soapenv:Header/>
   <soapenv:Body>
      <v1:getOrganisationChildNodesRequest>
         <v1:messageContext>
         	  <v11:messageId>${=import static java.util.UUID.randomUUID; uuid = randomUUID() as String}</v11:messageId>
            <v11:timestamp>${=new java.text.SimpleDateFormat("yyyy-MM-dd'T'HH:mm:ss.SSS").format(new Date())}</v11:timestamp>
         </v1:messageContext>
         <v1:legalContext>ServiceIntegrator</v1:legalContext>
         <v1:request>
            <v1:Domain>QUAL_FED_HEALTHCARE</v1:Domain>
            <v1:OrganisationId>
               <v31:Identifier>1990000431</v31:Identifier>
               <v31:IdentifierType>BEEHP</v31:IdentifierType>
            </v1:OrganisationId>
            <v1:Language>nl</v1:Language>
         </v1:request>
      </v1:getOrganisationChildNodesRequest>
   </soapenv:Body>
</soapenv:Envelope>]]></con:request><con:assertion type="SOAP Fault Assertion" id="7fc61097-4525-49ed-8978-e3acdae38162" name="Not SOAP Fault"/><con:assertion type="SOAP Response" id="bf4623e4-a8c8-49d7-b81a-2fdacece5e1e" name="SOAP Response"/><con:assertion type="Schema Compliance" id="174d30f9-4489-4506-a287-7c12b45fbb48" name="Schema Compliance"><con:configuration/></con:assertion><con:wsaConfig action="http://fidus.brussels/services/accessmanagerservice/getOrganisationChildNodes"/></con:request></con:config></con:testStep><con:testStep type="request" id="30a7e4a1-fa24-4308-a233-8b50a24a654f" name="testcase5 - Prod - Worker1 - Request"><con:settings/><con:config xsi:type="con:RequestStep" xmlns:xsi="http://www.w3.org/2001/XMLSchema-instance"><con:interface>AccessManagerServiceHTTPBinding</con:interface><con:operation>getOrganisationChildNodes</con:operation><con:request name="testcase5 - Prod - Worker1 - Request" id="1089a62c-9a08-412c-ab66-2d719d30d65d" outgoingWss="Outflow PROD"><con:settings/><con:encoding>UTF-8</con:encoding><con:endpoint>https://192.168.26.22:8443/services/AccessManagerService_v1.0</con:endpoint><con:request><![CDATA[<soapenv:Envelope xmlns:soapenv="http://schemas.xmlsoap.org/soap/envelope/" xmlns:v1="http://fidus.brussels/service/accessmanagerservice/messages/v1" xmlns:v11="http://fidus.brussels/type/common/messages/v1" xmlns:v31="http://socialsecurity.be/umanentityrepresentative/types/v3">
   <soapenv:Header/>
   <soapenv:Body>
      <v1:getOrganisationChildNodesRequest>
         <v1:messageContext>
         	  <v11:messageId>${=import static java.util.UUID.randomUUID; uuid = randomUUID() as String}</v11:messageId>
            <v11:timestamp>${=new java.text.SimpleDateFormat("yyyy-MM-dd'T'HH:mm:ss.SSS").format(new Date())}</v11:timestamp>
         </v1:messageContext>
         <v1:legalContext>ServiceIntegrator</v1:legalContext>
         <v1:request>
            <v1:Domain>QUAL_FED_HEALTHCARE</v1:Domain>
            <v1:OrganisationId>
               <v31:Identifier>1990000431</v31:Identifier>
               <v31:IdentifierType>BEEHP</v31:IdentifierType>
            </v1:OrganisationId>
            <v1:Language>nl</v1:Language>
         </v1:request>
      </v1:getOrganisationChildNodesRequest>
   </soapenv:Body>
</soapenv:Envelope>]]></con:request><con:assertion type="SOAP Fault Assertion" id="26f2637e-8185-48eb-86a7-b8685a46a019" name="Not SOAP Fault"/><con:assertion type="SOAP Response" id="72012e39-4ece-402e-8b4c-78640e908b5c" name="SOAP Response"/><con:assertion type="Schema Compliance" id="f5efbac5-5dc3-48e4-b465-70a956cbea8c" name="Schema Compliance"><con:configuration/></con:assertion><con:wsaConfig action="http://fidus.brussels/services/accessmanagerservice/getOrganisationChildNodes"/></con:request></con:config></con:testStep><con:testStep type="request" id="4bcd550e-7f66-456c-ae1f-ac886a834e87" name="testcase5 - Prod - Worker2 - Request"><con:settings/><con:config xsi:type="con:RequestStep" xmlns:xsi="http://www.w3.org/2001/XMLSchema-instance"><con:interface>AccessManagerServiceHTTPBinding</con:interface><con:operation>getOrganisationChildNodes</con:operation><con:request name="testcase5 - Prod - Worker2 - Request" id="40143a2f-86cd-405d-9e95-5e4813371bc2" outgoingWss="Outflow PROD"><con:settings/><con:encoding>UTF-8</con:encoding><con:endpoint>https://192.168.26.19:8443/services/AccessManagerService_v1.0</con:endpoint><con:request><![CDATA[<soapenv:Envelope xmlns:soapenv="http://schemas.xmlsoap.org/soap/envelope/" xmlns:v1="http://fidus.brussels/service/accessmanagerservice/messages/v1" xmlns:v11="http://fidus.brussels/type/common/messages/v1" xmlns:v31="http://socialsecurity.be/umanentityrepresentative/types/v3">
   <soapenv:Header/>
   <soapenv:Body>
      <v1:getOrganisationChildNodesRequest>
         <v1:messageContext>
         	  <v11:messageId>${=import static java.util.UUID.randomUUID; uuid = randomUUID() as String}</v11:messageId>
            <v11:timestamp>${=new java.text.SimpleDateFormat("yyyy-MM-dd'T'HH:mm:ss.SSS").format(new Date())}</v11:timestamp>
         </v1:messageContext>
         <v1:legalContext>ServiceIntegrator</v1:legalContext>
         <v1:request>
            <v1:Domain>QUAL_FED_HEALTHCARE</v1:Domain>
            <v1:OrganisationId>
               <v31:Identifier>1990000431</v31:Identifier>
               <v31:IdentifierType>BEEHP</v31:IdentifierType>
            </v1:OrganisationId>
            <v1:Language>nl</v1:Language>
         </v1:request>
      </v1:getOrganisationChildNodesRequest>
   </soapenv:Body>
</soapenv:Envelope>]]></con:request><con:assertion type="SOAP Fault Assertion" id="cba77191-34c1-43a0-87c4-9f58be4c59c4" name="Not SOAP Fault"/><con:assertion type="SOAP Response" id="33684b0a-3532-4c1d-8e11-c8a07c28e6cd" name="SOAP Response"/><con:assertion type="Schema Compliance" id="30a75244-850b-485d-a426-5de8604de7c4" name="Schema Compliance"><con:configuration/></con:assertion><con:wsaConfig action="http://fidus.brussels/services/accessmanagerservice/getOrganisationChildNodes"/></con:request></con:config></con:testStep><con:properties/></con:testCase><con:testCase id="85f47910-b0d4-4c6e-83e5-ce3b6ef4948e" failOnError="true" failTestCaseOnErrors="true" keepSession="false" maxResults="0" name="getOrganisationDenomination" searchProperties="true"><con:settings/><con:testStep type="request" id="cd009af3-5014-4d55-b566-a732e5064e87" name="testcase5 - Prod - External - Request"><con:settings/><con:config xsi:type="con:RequestStep" xmlns:xsi="http://www.w3.org/2001/XMLSchema-instance"><con:interface>AccessManagerServiceHTTPBinding</con:interface><con:operation>getOrganisationDenomination</con:operation><con:request name="testcase5 - Prod - External - Request" id="4a477544-940f-467d-9723-bf2ce269e968" outgoingWss="Outflow PROD"><con:settings/><con:encoding>UTF-8</con:encoding><con:endpoint>https://fidus-esb-sg.prd.srv.cirb.lan:8443/services/AccessManagerService_v1.0</con:endpoint><con:request><![CDATA[<soapenv:Envelope xmlns:soapenv="http://schemas.xmlsoap.org/soap/envelope/" xmlns:v1="http://fidus.brussels/service/accessmanagerservice/messages/v1" xmlns:v11="http://fidus.brussels/type/common/messages/v1" xmlns:v31="http://socialsecurity.be/umanentityrepresentative/types/v3">
   <soapenv:Header/>
   <soapenv:Body>
      <v1:getOrganisationDenominationRequest>
         <v1:messageContext>
         	  <v11:messageId>${=import static java.util.UUID.randomUUID; uuid = randomUUID() as String}</v11:messageId>
            <v11:timestamp>${=new java.text.SimpleDateFormat("yyyy-MM-dd'T'HH:mm:ss.SSS").format(new Date())}</v11:timestamp>
         </v1:messageContext>
         <v1:legalContext>ServiceIntegrator</v1:legalContext>
         <v1:request>
            <v1:Domain>QUAL_FED_HEALTHCARE</v1:Domain>
            <v1:OrganisationId>
               <v31:Identifier>1990000431</v31:Identifier>
               <v31:IdentifierType>BEEHP</v31:IdentifierType>
            </v1:OrganisationId>
            <v1:Language>nl</v1:Language>
         </v1:request>
      </v1:getOrganisationDenominationRequest>
   </soapenv:Body>
</soapenv:Envelope>]]></con:request><con:assertion type="SOAP Fault Assertion" id="292c339a-26fe-4993-8c02-e1c6f9c28233" name="Not SOAP Fault"/><con:assertion type="SOAP Response" id="1511e43c-1317-4941-9d19-d399692cffcc" name="SOAP Response"/><con:assertion type="Schema Compliance" id="8b80db21-8b3c-4646-b3fc-5c245e7df1b8" name="Schema Compliance"><con:configuration/></con:assertion><con:wsaConfig action="http://fidus.brussels/services/accessmanagerservice/getOrganisationDenomination"/></con:request></con:config></con:testStep><con:testStep type="request" id="cd7ea062-d643-44ef-87a6-9fcbbf063c2e" name="testcase5 - Prod - LB - Request"><con:settings/><con:config xsi:type="con:RequestStep" xmlns:xsi="http://www.w3.org/2001/XMLSchema-instance"><con:interface>AccessManagerServiceHTTPBinding</con:interface><con:operation>getOrganisationDenomination</con:operation><con:request name="testcase5 - Prod - LB - Request" id="bd571570-c2dc-40e1-b588-d4d5f1dcbe28" outgoingWss="Outflow PROD"><con:settings/><con:encoding>UTF-8</con:encoding><con:endpoint>https://fidus-esb-sg.prd.srv.cirb.lan:8443/services/AccessManagerService_v1.0</con:endpoint><con:request><![CDATA[<soapenv:Envelope xmlns:soapenv="http://schemas.xmlsoap.org/soap/envelope/" xmlns:v1="http://fidus.brussels/service/accessmanagerservice/messages/v1" xmlns:v11="http://fidus.brussels/type/common/messages/v1" xmlns:v31="http://socialsecurity.be/umanentityrepresentative/types/v3">
   <soapenv:Header/>
   <soapenv:Body>
      <v1:getOrganisationDenominationRequest>
         <v1:messageContext>
         	  <v11:messageId>${=import static java.util.UUID.randomUUID; uuid = randomUUID() as String}</v11:messageId>
            <v11:timestamp>${=new java.text.SimpleDateFormat("yyyy-MM-dd'T'HH:mm:ss.SSS").format(new Date())}</v11:timestamp>
         </v1:messageContext>
         <v1:legalContext>ServiceIntegrator</v1:legalContext>
         <v1:request>
            <v1:Domain>QUAL_FED_HEALTHCARE</v1:Domain>
            <v1:OrganisationId>
               <v31:Identifier>1990000431</v31:Identifier>
               <v31:IdentifierType>BEEHP</v31:IdentifierType>
            </v1:OrganisationId>
            <v1:Language>nl</v1:Language>
         </v1:request>
      </v1:getOrganisationDenominationRequest>
   </soapenv:Body>
</soapenv:Envelope>]]></con:request><con:assertion type="SOAP Fault Assertion" id="2f7154c5-9292-42c7-bbdf-5621f12cefce" name="Not SOAP Fault"/><con:assertion type="SOAP Response" id="f17d4f71-e9be-49d1-9370-ad8611da2e90" name="SOAP Response"/><con:assertion type="Schema Compliance" id="1c08c518-d053-4805-bc63-9ef350129e3d" name="Schema Compliance"><con:configuration/></con:assertion><con:wsaConfig action="http://fidus.brussels/services/accessmanagerservice/getOrganisationDenomination"/></con:request></con:config></con:testStep><con:testStep type="request" id="ea6bdbda-1fbc-4557-8cd3-02bcc285b5d3" name="testcase5 - Prod - Worker1 - Request"><con:settings/><con:config xsi:type="con:RequestStep" xmlns:xsi="http://www.w3.org/2001/XMLSchema-instance"><con:interface>AccessManagerServiceHTTPBinding</con:interface><con:operation>getOrganisationDenomination</con:operation><con:request name="testcase5 - Prod - Worker1 - Request" id="f8d00b27-a905-47c6-a6ec-ad6e64e9eb1f" outgoingWss="Outflow PROD"><con:settings/><con:encoding>UTF-8</con:encoding><con:endpoint>https://192.168.26.22:8443/services/AccessManagerService_v1.0</con:endpoint><con:request><![CDATA[<soapenv:Envelope xmlns:soapenv="http://schemas.xmlsoap.org/soap/envelope/" xmlns:v1="http://fidus.brussels/service/accessmanagerservice/messages/v1" xmlns:v11="http://fidus.brussels/type/common/messages/v1" xmlns:v31="http://socialsecurity.be/umanentityrepresentative/types/v3">
   <soapenv:Header/>
   <soapenv:Body>
      <v1:getOrganisationDenominationRequest>
         <v1:messageContext>
         	  <v11:messageId>${=import static java.util.UUID.randomUUID; uuid = randomUUID() as String}</v11:messageId>
            <v11:timestamp>${=new java.text.SimpleDateFormat("yyyy-MM-dd'T'HH:mm:ss.SSS").format(new Date())}</v11:timestamp>
         </v1:messageContext>
         <v1:legalContext>ServiceIntegrator</v1:legalContext>
         <v1:request>
            <v1:Domain>QUAL_FED_HEALTHCARE</v1:Domain>
            <v1:OrganisationId>
               <v31:Identifier>1990000431</v31:Identifier>
               <v31:IdentifierType>BEEHP</v31:IdentifierType>
            </v1:OrganisationId>
            <v1:Language>nl</v1:Language>
         </v1:request>
      </v1:getOrganisationDenominationRequest>
   </soapenv:Body>
</soapenv:Envelope>]]></con:request><con:assertion type="SOAP Fault Assertion" id="32cc35c0-e0ef-4d40-b0c0-f6228580bad5" name="Not SOAP Fault"/><con:assertion type="SOAP Response" id="98a1bb4e-3710-463f-afec-3d27443def7d" name="SOAP Response"/><con:assertion type="Schema Compliance" id="55fb2677-462f-454d-adb2-b824dcb50cca" name="Schema Compliance"><con:configuration/></con:assertion><con:wsaConfig action="http://fidus.brussels/services/accessmanagerservice/getOrganisationDenomination"/></con:request></con:config></con:testStep><con:testStep type="request" id="5127ee63-18b6-4861-ab2d-52d62f60858b" name="testcase5 - Prod - Worker2 - Request"><con:settings/><con:config xsi:type="con:RequestStep" xmlns:xsi="http://www.w3.org/2001/XMLSchema-instance"><con:interface>AccessManagerServiceHTTPBinding</con:interface><con:operation>getOrganisationDenomination</con:operation><con:request name="testcase5 - Prod - Worker2 - Request" id="7e6269b1-403b-4225-bbe1-c48fd9e58510" outgoingWss="Outflow PROD"><con:settings/><con:encoding>UTF-8</con:encoding><con:endpoint>https://192.168.26.19:8443/services/AccessManagerService_v1.0</con:endpoint><con:request><![CDATA[<soapenv:Envelope xmlns:soapenv="http://schemas.xmlsoap.org/soap/envelope/" xmlns:v1="http://fidus.brussels/service/accessmanagerservice/messages/v1" xmlns:v11="http://fidus.brussels/type/common/messages/v1" xmlns:v31="http://socialsecurity.be/umanentityrepresentative/types/v3">
   <soapenv:Header/>
   <soapenv:Body>
      <v1:getOrganisationDenominationRequest>
         <v1:messageContext>
         	  <v11:messageId>${=import static java.util.UUID.randomUUID; uuid = randomUUID() as String}</v11:messageId>
            <v11:timestamp>${=new java.text.SimpleDateFormat("yyyy-MM-dd'T'HH:mm:ss.SSS").format(new Date())}</v11:timestamp>
         </v1:messageContext>
         <v1:legalContext>ServiceIntegrator</v1:legalContext>
         <v1:request>
            <v1:Domain>QUAL_FED_HEALTHCARE</v1:Domain>
            <v1:OrganisationId>
               <v31:Identifier>1990000431</v31:Identifier>
               <v31:IdentifierType>BEEHP</v31:IdentifierType>
            </v1:OrganisationId>
            <v1:Language>nl</v1:Language>
         </v1:request>
      </v1:getOrganisationDenominationRequest>
   </soapenv:Body>
</soapenv:Envelope>]]></con:request><con:assertion type="SOAP Fault Assertion" id="e9edf34b-72fe-43f0-8373-3d2069eb310e" name="Not SOAP Fault"/><con:assertion type="SOAP Response" id="1e7ae416-7167-4e7e-b1a8-18072c2300b8" name="SOAP Response"/><con:assertion type="Schema Compliance" id="f0a4b80f-f01a-40b3-9ad2-955900522975" name="Schema Compliance"><con:configuration/></con:assertion><con:wsaConfig action="http://fidus.brussels/services/accessmanagerservice/getOrganisationDenomination"/></con:request></con:config></con:testStep><con:properties/></con:testCase><con:testCase id="fa41ab67-25cc-471b-a236-3d17c596b3f3" failOnError="true" failTestCaseOnErrors="true" keepSession="false" maxResults="0" name="getOrganisationParentNodes" searchProperties="true"><con:settings/><con:testStep type="request" id="149c10e8-2f83-4ebf-9f09-2c6dacc91821" name="testcase5 - Prod - External - Request"><con:settings/><con:config xsi:type="con:RequestStep" xmlns:xsi="http://www.w3.org/2001/XMLSchema-instance"><con:interface>AccessManagerServiceHTTPBinding</con:interface><con:operation>getOrganisationParentNodes</con:operation><con:request name="testcase5 - Prod - External - Request" id="3e4db3b0-f44b-4329-b87b-8acb4bf61a58" outgoingWss="Outflow PROD"><con:settings/><con:encoding>UTF-8</con:encoding><con:endpoint>https://fidus-esb-sg.prd.srv.cirb.lan:8443/services/AccessManagerService_v1.0</con:endpoint><con:request><![CDATA[<soapenv:Envelope xmlns:soapenv="http://schemas.xmlsoap.org/soap/envelope/" xmlns:v1="http://fidus.brussels/service/accessmanagerservice/messages/v1" xmlns:v11="http://fidus.brussels/type/common/messages/v1" xmlns:v31="http://socialsecurity.be/umanentityrepresentative/types/v3">
   <soapenv:Header/>
   <soapenv:Body>
      <v1:getOrganisationParentNodesRequest>
         <v1:messageContext>
         	  <v11:messageId>${=import static java.util.UUID.randomUUID; uuid = randomUUID() as String}</v11:messageId>
            <v11:timestamp>${=new java.text.SimpleDateFormat("yyyy-MM-dd'T'HH:mm:ss.SSS").format(new Date())}</v11:timestamp>
         </v1:messageContext>
         <v1:legalContext>ServiceIntegrator</v1:legalContext>
         <v1:request>
            <v1:Domain>QUAL_FED_HEALTHCARE</v1:Domain>
            <v1:OrganisationId>
               <v31:Identifier>1990000431</v31:Identifier>
               <v31:IdentifierType>BEEHP</v31:IdentifierType>
            </v1:OrganisationId>
            <v1:Language>nl</v1:Language>
         </v1:request>
      </v1:getOrganisationParentNodesRequest>
   </soapenv:Body>
</soapenv:Envelope>]]></con:request><con:assertion type="SOAP Fault Assertion" id="0c88615d-8862-4a6b-acfc-6db0a1089fbc" name="Not SOAP Fault"/><con:assertion type="SOAP Response" id="e21575ee-b7cd-48e7-a4e8-3b5e07cf531e" name="SOAP Response"/><con:assertion type="Schema Compliance" id="0c793012-378d-4ff9-99cb-020913c483fe" name="Schema Compliance"><con:configuration/></con:assertion><con:wsaConfig action="http://fidus.brussels/services/accessmanagerservice/getOrganisationParentNodes"/></con:request></con:config></con:testStep><con:testStep type="request" id="82ce1bf3-af79-4d5a-8e50-7c04ceae4fa1" name="testcase5 - Prod - LB - Request"><con:settings/><con:config xsi:type="con:RequestStep" xmlns:xsi="http://www.w3.org/2001/XMLSchema-instance"><con:interface>AccessManagerServiceHTTPBinding</con:interface><con:operation>getOrganisationParentNodes</con:operation><con:request name="testcase5 - Prod - LB - Request" id="e5435dd1-d9dd-4a9c-a6a7-cdfe38ff762f" outgoingWss="Outflow PROD"><con:settings/><con:encoding>UTF-8</con:encoding><con:endpoint>https://fidus-esb-sg.prd.srv.cirb.lan:8443/services/AccessManagerService_v1.0</con:endpoint><con:request><![CDATA[<soapenv:Envelope xmlns:soapenv="http://schemas.xmlsoap.org/soap/envelope/" xmlns:v1="http://fidus.brussels/service/accessmanagerservice/messages/v1" xmlns:v11="http://fidus.brussels/type/common/messages/v1" xmlns:v31="http://socialsecurity.be/umanentityrepresentative/types/v3">
   <soapenv:Header/>
   <soapenv:Body>
      <v1:getOrganisationParentNodesRequest>
         <v1:messageContext>
         	  <v11:messageId>${=import static java.util.UUID.randomUUID; uuid = randomUUID() as String}</v11:messageId>
            <v11:timestamp>${=new java.text.SimpleDateFormat("yyyy-MM-dd'T'HH:mm:ss.SSS").format(new Date())}</v11:timestamp>
         </v1:messageContext>
         <v1:legalContext>ServiceIntegrator</v1:legalContext>
         <v1:request>
            <v1:Domain>QUAL_FED_HEALTHCARE</v1:Domain>
            <v1:OrganisationId>
               <v31:Identifier>1990000431</v31:Identifier>
               <v31:IdentifierType>BEEHP</v31:IdentifierType>
            </v1:OrganisationId>
            <v1:Language>nl</v1:Language>
         </v1:request>
      </v1:getOrganisationParentNodesRequest>
   </soapenv:Body>
</soapenv:Envelope>]]></con:request><con:assertion type="SOAP Fault Assertion" id="fb3f07eb-b995-4033-b6cb-8fa8b9eae145" name="Not SOAP Fault"/><con:assertion type="SOAP Response" id="6c3c3b0f-97df-4b4e-bad6-660903025aaf" name="SOAP Response"/><con:assertion type="Schema Compliance" id="2527dbac-c1a2-4db5-ba90-8fd52cce8616" name="Schema Compliance"><con:configuration/></con:assertion><con:wsaConfig action="http://fidus.brussels/services/accessmanagerservice/getOrganisationParentNodes"/></con:request></con:config></con:testStep><con:testStep type="request" id="8d6f0b6c-105c-4c5a-b2ca-083ee67bb62b" name="testcase5 - Prod - Worker1 - Request"><con:settings/><con:config xsi:type="con:RequestStep" xmlns:xsi="http://www.w3.org/2001/XMLSchema-instance"><con:interface>AccessManagerServiceHTTPBinding</con:interface><con:operation>getOrganisationParentNodes</con:operation><con:request name="testcase5 - Prod - Worker1 - Request" id="6c325f99-2f3c-41dc-a279-903cc9859bc5" outgoingWss="Outflow PROD"><con:settings/><con:encoding>UTF-8</con:encoding><con:endpoint>https://192.168.26.22:8443/services/AccessManagerService_v1.0</con:endpoint><con:request><![CDATA[<soapenv:Envelope xmlns:soapenv="http://schemas.xmlsoap.org/soap/envelope/" xmlns:v1="http://fidus.brussels/service/accessmanagerservice/messages/v1" xmlns:v11="http://fidus.brussels/type/common/messages/v1" xmlns:v31="http://socialsecurity.be/umanentityrepresentative/types/v3">
   <soapenv:Header/>
   <soapenv:Body>
      <v1:getOrganisationParentNodesRequest>
         <v1:messageContext>
         	  <v11:messageId>${=import static java.util.UUID.randomUUID; uuid = randomUUID() as String}</v11:messageId>
            <v11:timestamp>${=new java.text.SimpleDateFormat("yyyy-MM-dd'T'HH:mm:ss.SSS").format(new Date())}</v11:timestamp>
         </v1:messageContext>
         <v1:legalContext>ServiceIntegrator</v1:legalContext>
         <v1:request>
            <v1:Domain>QUAL_FED_HEALTHCARE</v1:Domain>
            <v1:OrganisationId>
               <v31:Identifier>1990000431</v31:Identifier>
               <v31:IdentifierType>BEEHP</v31:IdentifierType>
            </v1:OrganisationId>
            <v1:Language>nl</v1:Language>
         </v1:request>
      </v1:getOrganisationParentNodesRequest>
   </soapenv:Body>
</soapenv:Envelope>]]></con:request><con:assertion type="SOAP Fault Assertion" id="25e6be8e-291c-4440-a29f-e90e12f14635" name="Not SOAP Fault"/><con:assertion type="SOAP Response" id="6d62803e-e40b-4179-b191-6b7c5ca8d96c" name="SOAP Response"/><con:assertion type="Schema Compliance" id="9fba8694-d70a-433e-baa4-cef78663e11d" name="Schema Compliance"><con:configuration/></con:assertion><con:wsaConfig action="http://fidus.brussels/services/accessmanagerservice/getOrganisationParentNodes"/></con:request></con:config></con:testStep><con:testStep type="request" id="3cf95546-c02a-41c6-94d8-57c4e4e300f1" name="testcase5 - Prod - Worker2 - Request"><con:settings/><con:config xsi:type="con:RequestStep" xmlns:xsi="http://www.w3.org/2001/XMLSchema-instance"><con:interface>AccessManagerServiceHTTPBinding</con:interface><con:operation>getOrganisationParentNodes</con:operation><con:request name="testcase5 - Prod - Worker2 - Request" id="fd2ac436-b674-4db3-9aa5-dd0add103dc4" outgoingWss="Outflow PROD"><con:settings/><con:encoding>UTF-8</con:encoding><con:endpoint>https://192.168.26.19:8443/services/AccessManagerService_v1.0</con:endpoint><con:request><![CDATA[<soapenv:Envelope xmlns:soapenv="http://schemas.xmlsoap.org/soap/envelope/" xmlns:v1="http://fidus.brussels/service/accessmanagerservice/messages/v1" xmlns:v11="http://fidus.brussels/type/common/messages/v1" xmlns:v31="http://socialsecurity.be/umanentityrepresentative/types/v3">
   <soapenv:Header/>
   <soapenv:Body>
      <v1:getOrganisationParentNodesRequest>
         <v1:messageContext>
         	  <v11:messageId>${=import static java.util.UUID.randomUUID; uuid = randomUUID() as String}</v11:messageId>
            <v11:timestamp>${=new java.text.SimpleDateFormat("yyyy-MM-dd'T'HH:mm:ss.SSS").format(new Date())}</v11:timestamp>
         </v1:messageContext>
         <v1:legalContext>ServiceIntegrator</v1:legalContext>
         <v1:request>
            <v1:Domain>QUAL_FED_HEALTHCARE</v1:Domain>
            <v1:OrganisationId>
               <v31:Identifier>1990000431</v31:Identifier>
               <v31:IdentifierType>BEEHP</v31:IdentifierType>
            </v1:OrganisationId>
            <v1:Language>nl</v1:Language>
         </v1:request>
      </v1:getOrganisationParentNodesRequest>
   </soapenv:Body>
</soapenv:Envelope>]]></con:request><con:assertion type="SOAP Fault Assertion" id="e976bc39-2ec5-4118-b216-986885c3e4cc" name="Not SOAP Fault"/><con:assertion type="SOAP Response" id="21dc3800-7f55-44ee-bd78-bf3601f4b9df" name="SOAP Response"/><con:assertion type="Schema Compliance" id="ff94504c-91b4-4cc8-a786-c946420da449" name="Schema Compliance"><con:configuration/></con:assertion><con:wsaConfig action="http://fidus.brussels/services/accessmanagerservice/getOrganisationParentNodes"/></con:request></con:config></con:testStep><con:properties/></con:testCase><con:properties/></con:testSuite><con:properties/><con:wssContainer><con:crypto><con:source>data/wso2/keystores/user-rajarshi.jks</con:source><con:password>test@fidus01</con:password><con:type>KEYSTORE</con:type></con:crypto><con:outgoing><con:name>Outflow DEV</con:name></con:outgoing><con:outgoing><con:name>Outflow TEST</con:name><con:entry type="Signature" username="testuser-test.fidus.brussels" password="test@fidus01"><con:configuration><crypto>user-rajarshi.jks</crypto><keyIdentifierType>3</keyIdentifierType><signatureAlgorithm/><signatureCanonicalization/><useSingleCert>true</useSingleCert><digestAlgorithm/><customTokenValueType/><customTokenId/></con:configuration></con:entry><con:entry type="Timestamp"><con:configuration><timeToLive>300000</timeToLive><strictTimestamp>true</strictTimestamp></con:configuration></con:entry></con:outgoing><con:outgoing><con:name>Outflow STAG</con:name></con:outgoing><con:outgoing><con:name>Outflow PROD</con:name></con:outgoing></con:wssContainer><con:oAuth2ProfileContainer/><con:oAuth1ProfileContainer/><con:sensitiveInformation/></con:soapui-project>